<?xml version="1.0" encoding="utf-8"?>
<TestRun id="5d99d25c-a20c-4cae-aa3d-1ca346f71fa7" name="@DESKTOP-TJ9D65N 2022-11-03 09:56:31" xmlns="http://microsoft.com/schemas/VisualStudio/TeamTest/2010">
  <Times creation="2022-11-03T09:56:31.1211649+03:00" queuing="2022-11-03T09:56:31.1211649+03:00" start="2022-11-03T09:56:28.8639327+03:00" finish="2022-11-03T09:56:31.3259678+03:00" />
  <TestSettings name="default" id="e6edbce6-d50a-44ce-87c7-b6503bb58efe">
    <Deployment runDeploymentRoot="_DESKTOP-TJ9D65N_2022-11-03_09_56_31" />
  </TestSettings>
  <Results>
    <UnitTestResult executionId="eb02635e-a771-4f34-b416-5c9c2f70947c" testId="2602613f-c8e2-a6d9-fcf7-5b27d4a770a6" testName="BL.Tests.CheckPermissionsServiceTests.AuthorizedHasNoAccessToAdminSkiPatrolFunctions(functionName: &quot;GetMessagesAsync&quot;)" computerName="DESKTOP-TJ9D65N" duration="00:00:00.0024506" startTime="2022-11-03T09:56:31.1627924+03:00" endTime="2022-11-03T09:56:31.1627925+03:00" testType="13cdc9d9-ddb5-4fa4-a97d-d965ccfc6d4b" outcome="Passed" testListId="8c84fa94-04c1-424b-9868-57a2d4851a1d" relativeResultsDirectory="eb02635e-a771-4f34-b416-5c9c2f70947c" />
    <UnitTestResult executionId="95a98f09-6db9-4a10-ab0b-7d56522fac08" testId="a19a5fcf-c5d2-7d44-5d7d-84403042f4e0" testName="BL.Tests.CheckPermissionsServiceTests.UnauthorizedHasNoAccessToAdminSkiPatrolFunctions(functionName: &quot;MarkMessageReadByUserAsync&quot;)" computerName="DESKTOP-TJ9D65N" duration="00:00:00.0376077" startTime="2022-11-03T09:56:30.9887549+03:00" endTime="2022-11-03T09:56:30.9887549+03:00" testType="13cdc9d9-ddb5-4fa4-a97d-d965ccfc6d4b" outcome="Passed" testListId="8c84fa94-04c1-424b-9868-57a2d4851a1d" relativeResultsDirectory="95a98f09-6db9-4a10-ab0b-7d56522fac08" />
    <UnitTestResult executionId="9c219238-b51e-4ca7-a7fd-4d83feb920fb" testId="d7e913ce-7480-b013-ed8a-ca02e8e65054" testName="BL.Tests.TurnstilesServiceTest.TestAdminGetTurnstilesAsync(userID: 249, initialTurnstiles: [Turnstile { TurnstileID = 63, LiftID = 1, IsOpen = True }, Turnstile { TurnstileID = 218, LiftID = 6, IsOpen = False }, Turnstile { TurnstileID = 78, LiftID = 195, IsOpen = True }], checkPermissionServiceMock: Mock&lt;ICheckPermissionService:13&gt;, turnstilesRepositoryStub: Mock&lt;ITurnstilesRepository:7&gt;, sut: TurnstilesService { })" computerName="DESKTOP-TJ9D65N" duration="00:00:00.0094837" startTime="2022-11-03T09:56:31.0772815+03:00" endTime="2022-11-03T09:56:31.0772815+03:00" testType="13cdc9d9-ddb5-4fa4-a97d-d965ccfc6d4b" outcome="Passed" testListId="8c84fa94-04c1-424b-9868-57a2d4851a1d" relativeResultsDirectory="9c219238-b51e-4ca7-a7fd-4d83feb920fb" />
    <UnitTestResult executionId="0408d253-8c4e-4024-a920-065af52f9c3e" testId="20ad8570-0170-85de-dcd7-2f109dd7bcd6" testName="BL.Tests.UsersServiceTests.TestAdminGetUsers" computerName="DESKTOP-TJ9D65N" duration="00:00:00.0434507" startTime="2022-11-03T09:56:30.9888669+03:00" endTime="2022-11-03T09:56:30.9888669+03:00" testType="13cdc9d9-ddb5-4fa4-a97d-d965ccfc6d4b" outcome="Passed" testListId="8c84fa94-04c1-424b-9868-57a2d4851a1d" relativeResultsDirectory="0408d253-8c4e-4024-a920-065af52f9c3e" />
    <UnitTestResult executionId="0b10f609-7913-499e-a8af-e1f3f487a0f0" testId="a2e59116-cb53-1d70-9cb8-21c286516866" testName="BL.Tests.CheckPermissionsServiceTests.AuthorizedHasNoAccessToAdminFunctions" computerName="DESKTOP-TJ9D65N" duration="00:00:00.0028092" startTime="2022-11-03T09:56:31.1479424+03:00" endTime="2022-11-03T09:56:31.1479424+03:00" testType="13cdc9d9-ddb5-4fa4-a97d-d965ccfc6d4b" outcome="Passed" testListId="8c84fa94-04c1-424b-9868-57a2d4851a1d" relativeResultsDirectory="0b10f609-7913-499e-a8af-e1f3f487a0f0" />
    <UnitTestResult executionId="bd8935ed-b16f-43e7-a9ae-d70241c36c56" testId="839f26a2-5f8d-5abc-07a1-c6bc4ae59d50" testName="BL.Tests.TurnstilesServiceTest.TestAdminAddAutoIncrementTurnstileAsync(userID: 207, turnstile: Turnstile { TurnstileID = 197, LiftID = 212, IsOpen = True }, checkPermissionServiceMock: Mock&lt;ICheckPermissionService:16&gt;, turnstilesRepositoryStub: Mock&lt;ITurnstilesRepository:10&gt;, sut: TurnstilesService { })" computerName="DESKTOP-TJ9D65N" duration="00:00:00.0065885" startTime="2022-11-03T09:56:31.0786742+03:00" endTime="2022-11-03T09:56:31.0786743+03:00" testType="13cdc9d9-ddb5-4fa4-a97d-d965ccfc6d4b" outcome="Passed" testListId="8c84fa94-04c1-424b-9868-57a2d4851a1d" relativeResultsDirectory="bd8935ed-b16f-43e7-a9ae-d70241c36c56" />
    <UnitTestResult executionId="2702cabc-958f-4d2e-8f71-7f9ba4481c82" testId="69340bb6-3645-f9dd-971e-29d8b2a009bb" testName="BL.Tests.UsersServiceTests.TestLogInWithWrongPassword" computerName="DESKTOP-TJ9D65N" duration="00:00:00.0023738" startTime="2022-11-03T09:56:31.1502506+03:00" endTime="2022-11-03T09:56:31.1502507+03:00" testType="13cdc9d9-ddb5-4fa4-a97d-d965ccfc6d4b" outcome="Passed" testListId="8c84fa94-04c1-424b-9868-57a2d4851a1d" relativeResultsDirectory="2702cabc-958f-4d2e-8f71-7f9ba4481c82" />
    <UnitTestResult executionId="84b1c758-cfdf-4287-b906-bbdcdcf7fdbb" testId="2f13ff30-120c-1025-25ec-7e8a2bf5de9d" testName="BL.Tests.LiftsServiceTest.TestAdminAddAutoIncrementLiftAsync(userID: 119, lift: Lift { LiftID = 115, LiftName = liftName3def6b83-2751-4a05-84ae-df9630502762, IsOpen = True, SeatsAmount = 7, LiftingTime = 224, QueueTime = 64, ConnectedSlopes =  }, checkPermissionServiceMock: Mock&lt;ICheckPermissionService:5&gt;, liftsRepositoryStub: Mock&lt;ILiftsRepository:5&gt;, sut: LiftsService { })" computerName="DESKTOP-TJ9D65N" duration="00:00:00.0066807" startTime="2022-11-03T09:56:31.1460868+03:00" endTime="2022-11-03T09:56:31.1460869+03:00" testType="13cdc9d9-ddb5-4fa4-a97d-d965ccfc6d4b" outcome="Passed" testListId="8c84fa94-04c1-424b-9868-57a2d4851a1d" relativeResultsDirectory="84b1c758-cfdf-4287-b906-bbdcdcf7fdbb" />
    <UnitTestResult executionId="79e79ce9-29a5-4891-bc5d-dbb69a43b7f2" testId="e2d7e5be-3dae-33ae-fb17-c704b6fd58d6" testName="BL.Tests.CheckPermissionsServiceTests.UnauthorizedHasNoAccessToAdminFunctions" computerName="DESKTOP-TJ9D65N" duration="00:00:00.0021590" startTime="2022-11-03T09:56:31.2136724+03:00" endTime="2022-11-03T09:56:31.2136725+03:00" testType="13cdc9d9-ddb5-4fa4-a97d-d965ccfc6d4b" outcome="Passed" testListId="8c84fa94-04c1-424b-9868-57a2d4851a1d" relativeResultsDirectory="79e79ce9-29a5-4891-bc5d-dbb69a43b7f2" />
    <UnitTestResult executionId="42a2ecc8-b79c-4968-9f5f-0f49ce7bb8f3" testId="aa28a6b3-21d3-aa45-24d3-bef2facbc899" testName="BL.Tests.CheckPermissionsServiceTests.AuthorizedHasAccessToAuthorizedFunctions(functionName: &quot;LogOutAsync&quot;)" computerName="DESKTOP-TJ9D65N" duration="00:00:00.0009189" startTime="2022-11-03T09:56:31.2008142+03:00" endTime="2022-11-03T09:56:31.2008142+03:00" testType="13cdc9d9-ddb5-4fa4-a97d-d965ccfc6d4b" outcome="Passed" testListId="8c84fa94-04c1-424b-9868-57a2d4851a1d" relativeResultsDirectory="42a2ecc8-b79c-4968-9f5f-0f49ce7bb8f3" />
    <UnitTestResult executionId="74af0333-7d8a-49a6-9288-8d37f448b1ee" testId="ff18f67c-7823-f668-cb58-66d66f0affef" testName="BL.Tests.LiftsServiceTest.TestUpdateLiftInfoAsync(userID: 175, lift: Lift { LiftID = 15, LiftName = liftName8ef18148-167b-4b3d-80c5-4ea3e90737c0, IsOpen = True, SeatsAmount = 54, LiftingTime = 183, QueueTime = 249, ConnectedSlopes =  }, checkPermissionServiceMock: Mock&lt;ICheckPermissionService:3&gt;, liftsRepositoryStub: Mock&lt;ILiftsRepository:3&gt;, sut: LiftsService { })" computerName="DESKTOP-TJ9D65N" duration="00:00:00.0384118" startTime="2022-11-03T09:56:30.9887950+03:00" endTime="2022-11-03T09:56:30.9887951+03:00" testType="13cdc9d9-ddb5-4fa4-a97d-d965ccfc6d4b" outcome="Passed" testListId="8c84fa94-04c1-424b-9868-57a2d4851a1d" relativeResultsDirectory="74af0333-7d8a-49a6-9288-8d37f448b1ee" />
    <UnitTestResult executionId="a47b7114-44e1-4969-a75f-0a5c7826f952" testId="559b5817-a948-25c7-59d5-4df4fc1ecb5c" testName="BL.Tests.SlopesServiceTest.TestAdminAddSlopeAsync(userID: 55, slope: Slope { SlopeID = 102, SlopeName = slopeName9d0a19f1-bfea-4b3e-99cb-eb4a53ddb50c, IsOpen = True, DifficultyLevel = 252, ConnectedLifts =  }, checkPermissionServiceMock: Mock&lt;ICheckPermissionService:11&gt;, slopesRepositoryStub: Mock&lt;ISlopesRepository:9&gt;, sut: SlopesService { })" computerName="DESKTOP-TJ9D65N" duration="00:00:00.0056869" startTime="2022-11-03T09:56:31.1373666+03:00" endTime="2022-11-03T09:56:31.1373667+03:00" testType="13cdc9d9-ddb5-4fa4-a97d-d965ccfc6d4b" outcome="Passed" testListId="8c84fa94-04c1-424b-9868-57a2d4851a1d" relativeResultsDirectory="a47b7114-44e1-4969-a75f-0a5c7826f952" />
    <UnitTestResult executionId="4955b3dc-a795-40ca-b020-acadd29ccbfa" testId="4f297306-d4f3-8d63-e7f4-1ac0b8c58c74" testName="BL.Tests.CheckPermissionsServiceTests.AuthorizedHasNoAccessToAdminSkiPatrolFunctions(functionName: &quot;GetLiftsSlopesInfoAsync&quot;)" computerName="DESKTOP-TJ9D65N" duration="00:00:00.0009510" startTime="2022-11-03T09:56:31.1788248+03:00" endTime="2022-11-03T09:56:31.1788249+03:00" testType="13cdc9d9-ddb5-4fa4-a97d-d965ccfc6d4b" outcome="Passed" testListId="8c84fa94-04c1-424b-9868-57a2d4851a1d" relativeResultsDirectory="4955b3dc-a795-40ca-b020-acadd29ccbfa" />
    <UnitTestResult executionId="c9f30bc4-2f5d-4a0b-88d4-09e461f62634" testId="7e0b2cae-0c68-787f-8e35-692be46c3c62" testName="BL.Tests.LiftsSlopesServiceTests.TestAdminAddAutoIncrementLiftSlopeAsync(lift: Lift { LiftID = 42, LiftName = liftName6f375e9c-00cb-4a66-86b1-075f8efcd70a, IsOpen = True, SeatsAmount = 254, LiftingTime = 33, QueueTime = 5, ConnectedSlopes =  }, slope: Slope { SlopeID = 244, SlopeName = slopeNamefdd9be59-90fa-4aa8-99d3-c0710ce486e0, IsOpen = False, DifficultyLevel = 237, ConnectedLifts =  }, slopesRepositoryStub: Mock&lt;ISlopesRepository:3&gt;, liftsRepositoryStub: Mock&lt;ILiftsRepository:8&gt;, liftsSlopesRepositoryStub: Mock&lt;ILiftsSlopesRepository:8&gt;)" computerName="DESKTOP-TJ9D65N" duration="00:00:00.0082598" startTime="2022-11-03T09:56:31.0786029+03:00" endTime="2022-11-03T09:56:31.0786030+03:00" testType="13cdc9d9-ddb5-4fa4-a97d-d965ccfc6d4b" outcome="Passed" testListId="8c84fa94-04c1-424b-9868-57a2d4851a1d" relativeResultsDirectory="c9f30bc4-2f5d-4a0b-88d4-09e461f62634" />
    <UnitTestResult executionId="11d25176-9998-4d57-984c-2179391d2152" testId="0eeef75f-6e38-7893-a8fe-cff3e0a970a7" testName="BL.Tests.UsersServiceTests.TestRegisterOk" computerName="DESKTOP-TJ9D65N" duration="00:00:00.0094687" startTime="2022-11-03T09:56:31.1244050+03:00" endTime="2022-11-03T09:56:31.1244050+03:00" testType="13cdc9d9-ddb5-4fa4-a97d-d965ccfc6d4b" outcome="Passed" testListId="8c84fa94-04c1-424b-9868-57a2d4851a1d" relativeResultsDirectory="11d25176-9998-4d57-984c-2179391d2152" />
    <UnitTestResult executionId="c996b0ce-4461-44e1-834c-4f5305214546" testId="1047f779-facf-1f8f-d15b-9ce1b35724bf" testName="BL.Tests.LiftsServiceTest.TestGetLiftsInfoAsync(userID: 57, initialLifts: [Lift { LiftID = 218, LiftName = liftName6efac802-d550-4d6d-a452-64e751bc2ba7, IsOpen = True, SeatsAmount = 205, LiftingTime = 219, QueueTime = 107, ConnectedSlopes =  }, Lift { LiftID = 79, LiftName = liftName8ecac370-631f-4f6c-9926-6205b9d34712, IsOpen = False, SeatsAmount = 130, LiftingTime = 133, QueueTime = 59, ConnectedSlopes =  }, Lift { LiftID = 146, LiftName = liftNamee4e0d32b-7065-4a23-b238-5f92e745e069, IsOpen = True, SeatsAmount = 60, LiftingTime = 203, QueueTime = 98, ConnectedSlopes =  }], checkPermissionServiceMock: Mock&lt;ICheckPermissionService:2&gt;, liftsRepositoryStub: Mock&lt;ILiftsRepository:2&gt;, liftsSlopesRepositoryStub: Mock&lt;ILiftsSlopesRepository:2&gt;, sut: LiftsService { })" computerName="DESKTOP-TJ9D65N" duration="00:00:00.0460228" startTime="2022-11-03T09:56:31.0787464+03:00" endTime="2022-11-03T09:56:31.0787465+03:00" testType="13cdc9d9-ddb5-4fa4-a97d-d965ccfc6d4b" outcome="Passed" testListId="8c84fa94-04c1-424b-9868-57a2d4851a1d" relativeResultsDirectory="c996b0ce-4461-44e1-834c-4f5305214546" />
    <UnitTestResult executionId="4c996c83-ffac-4e3b-a1d9-07031347ea2b" testId="51155205-945e-eab1-0a7e-42af97bec43a" testName="BL.Tests.LiftsServiceTest.TestGetLiftInfoAsync(userID: 230, lift: Lift { LiftID = 89, LiftName = liftNamed16aa3e4-9b28-41f9-96ea-516b36def515, IsOpen = True, SeatsAmount = 28, LiftingTime = 19, QueueTime = 172, ConnectedSlopes =  }, checkPermissionServiceMock: Mock&lt;ICheckPermissionService:1&gt;, liftsRepositoryStub: Mock&lt;ILiftsRepository:1&gt;, liftsSlopesRepositoryStub: Mock&lt;ILiftsSlopesRepository:1&gt;, sut: LiftsService { })" computerName="DESKTOP-TJ9D65N" duration="00:00:00.0071352" startTime="2022-11-03T09:56:31.1041372+03:00" endTime="2022-11-03T09:56:31.1041373+03:00" testType="13cdc9d9-ddb5-4fa4-a97d-d965ccfc6d4b" outcome="Passed" testListId="8c84fa94-04c1-424b-9868-57a2d4851a1d" relativeResultsDirectory="4c996c83-ffac-4e3b-a1d9-07031347ea2b" />
    <UnitTestResult executionId="bfe36947-bd20-4727-82d0-d2c692b76cd0" testId="894941c1-bfa7-d8f9-c047-1e1ceefe2c2f" testName="BL.Tests.UsersServiceTests.TestRegisterUserWithRepeatedEmail" computerName="DESKTOP-TJ9D65N" duration="00:00:00.0044608" startTime="2022-11-03T09:56:31.0787359+03:00" endTime="2022-11-03T09:56:31.0787359+03:00" testType="13cdc9d9-ddb5-4fa4-a97d-d965ccfc6d4b" outcome="Passed" testListId="8c84fa94-04c1-424b-9868-57a2d4851a1d" relativeResultsDirectory="bfe36947-bd20-4727-82d0-d2c692b76cd0" />
    <UnitTestResult executionId="df4dc75a-5d86-4bb2-b97d-7bc4d8984472" testId="9c7df5e2-1b23-ebea-889f-b78ca86b60ab" testName="BL.Tests.CheckPermissionsServiceTests.AuthorizedHasNoAccessToAdminSkiPatrolFunctions(functionName: &quot;MarkMessageReadByUserAsync&quot;)" computerName="DESKTOP-TJ9D65N" duration="00:00:00.0011645" startTime="2022-11-03T09:56:31.1709482+03:00" endTime="2022-11-03T09:56:31.1709482+03:00" testType="13cdc9d9-ddb5-4fa4-a97d-d965ccfc6d4b" outcome="Passed" testListId="8c84fa94-04c1-424b-9868-57a2d4851a1d" relativeResultsDirectory="df4dc75a-5d86-4bb2-b97d-7bc4d8984472" />
    <UnitTestResult executionId="e1bedf2e-801f-437d-a460-77191f5815ef" testId="60bd668f-04df-da5e-b79b-5d9aedb5234d" testName="BL.Tests.CheckPermissionsServiceTests.SkiPatrolHasAccessToAdminSkiPatrolFunctions(functionName: &quot;MarkMessageReadByUserAsync&quot;)" computerName="DESKTOP-TJ9D65N" duration="00:00:00.0011879" startTime="2022-11-03T09:56:31.1212902+03:00" endTime="2022-11-03T09:56:31.1212903+03:00" testType="13cdc9d9-ddb5-4fa4-a97d-d965ccfc6d4b" outcome="Passed" testListId="8c84fa94-04c1-424b-9868-57a2d4851a1d" relativeResultsDirectory="e1bedf2e-801f-437d-a460-77191f5815ef" />
    <UnitTestResult executionId="b2f70bf6-cf2d-4f12-8405-37efc0f3cd20" testId="3060ffa3-f6e3-e31a-7924-f2e82241c768" testName="BL.Tests.SlopesServiceTest.TestUpdateSlopeInfoAsync(userID: 165, slope: Slope { SlopeID = 185, SlopeName = slopeName3db78fb9-a5b3-44c8-96dc-edc8c76232bd, IsOpen = True, DifficultyLevel = 223, ConnectedLifts =  }, checkPermissionServiceMock: Mock&lt;ICheckPermissionService:8&gt;, slopesRepositoryStub: Mock&lt;ISlopesRepository:6&gt;, sut: SlopesService { })" computerName="DESKTOP-TJ9D65N" duration="00:00:00.0380852" startTime="2022-11-03T09:56:30.9850059+03:00" endTime="2022-11-03T09:56:30.9850464+03:00" testType="13cdc9d9-ddb5-4fa4-a97d-d965ccfc6d4b" outcome="Passed" testListId="8c84fa94-04c1-424b-9868-57a2d4851a1d" relativeResultsDirectory="b2f70bf6-cf2d-4f12-8405-37efc0f3cd20" />
    <UnitTestResult executionId="eba2fb21-f297-4410-b778-f56ad05df02d" testId="229812f5-9a73-5335-11f5-31330d1348a5" testName="BL.Tests.CheckPermissionsServiceTests.UnauthorizedHasNoAccessToAdminSkiPatrolFunctions(functionName: &quot;GetMessagesAsync&quot;)" computerName="DESKTOP-TJ9D65N" duration="00:00:00.0020514" startTime="2022-11-03T09:56:31.0773618+03:00" endTime="2022-11-03T09:56:31.0773619+03:00" testType="13cdc9d9-ddb5-4fa4-a97d-d965ccfc6d4b" outcome="Passed" testListId="8c84fa94-04c1-424b-9868-57a2d4851a1d" relativeResultsDirectory="eba2fb21-f297-4410-b778-f56ad05df02d" />
    <UnitTestResult executionId="3d75f7b2-50e8-47a2-98d0-5f6389d8a598" testId="510aba4b-2416-9ac1-f9c5-297d088deea0" testName="BL.Tests.TurnstilesServiceTest.TestAdminGetTurnstileAsync(userID: 10, turnstile: Turnstile { TurnstileID = 29, LiftID = 93, IsOpen = True }, checkPermissionServiceMock: Mock&lt;ICheckPermissionService:12&gt;, turnstilesRepositoryStub: Mock&lt;ITurnstilesRepository:6&gt;, sut: TurnstilesService { })" computerName="DESKTOP-TJ9D65N" duration="00:00:00.0393371" startTime="2022-11-03T09:56:30.9888061+03:00" endTime="2022-11-03T09:56:30.9888062+03:00" testType="13cdc9d9-ddb5-4fa4-a97d-d965ccfc6d4b" outcome="Passed" testListId="8c84fa94-04c1-424b-9868-57a2d4851a1d" relativeResultsDirectory="3d75f7b2-50e8-47a2-98d0-5f6389d8a598" />
    <UnitTestResult executionId="96891d12-17fe-48a4-93a1-870d8ac3465f" testId="15de6b22-2236-e8aa-485b-737fd5c4f379" testName="BL.Tests.SlopesServiceTest.TestAdminDeleteSlopeAsync(userID: 50, slope: Slope { SlopeID = 146, SlopeName = slopeName1bcd8a23-28d3-4eef-b4b0-57b7695c6a53, IsOpen = True, DifficultyLevel = 137, ConnectedLifts =  }, checkPermissionServiceMock: Mock&lt;ICheckPermissionService:9&gt;, slopesRepositoryStub: Mock&lt;ISlopesRepository:7&gt;, liftsSlopesRepositoryStub: Mock&lt;ILiftsSlopesRepository:12&gt;, sut: SlopesService { })" computerName="DESKTOP-TJ9D65N" duration="00:00:00.0059391" startTime="2022-11-03T09:56:31.0969661+03:00" endTime="2022-11-03T09:56:31.0969662+03:00" testType="13cdc9d9-ddb5-4fa4-a97d-d965ccfc6d4b" outcome="Passed" testListId="8c84fa94-04c1-424b-9868-57a2d4851a1d" relativeResultsDirectory="96891d12-17fe-48a4-93a1-870d8ac3465f" />
    <UnitTestResult executionId="1880adab-ed11-42c0-8109-56e8ab51ee3c" testId="f44a1b21-8efc-bfac-63b4-d534442def31" testName="BL.Tests.UsersServiceTests.TestRegisterUserWithNoPassword" computerName="DESKTOP-TJ9D65N" duration="00:00:00.0019892" startTime="2022-11-03T09:56:31.0774181+03:00" endTime="2022-11-03T09:56:31.0774181+03:00" testType="13cdc9d9-ddb5-4fa4-a97d-d965ccfc6d4b" outcome="Passed" testListId="8c84fa94-04c1-424b-9868-57a2d4851a1d" relativeResultsDirectory="1880adab-ed11-42c0-8109-56e8ab51ee3c" />
    <UnitTestResult executionId="6c3bf3b3-723f-4d67-a278-d067633a29c5" testId="098391ff-9aba-432a-ed23-7b85eadad0dd" testName="BL.Tests.LiftsServiceTest.TestAdminDeleteLiftAsync(userID: 182, lift: Lift { LiftID = 244, LiftName = liftName4275b9fd-23de-4f88-b54b-9f24a9406a49, IsOpen = True, SeatsAmount = 53, LiftingTime = 31, QueueTime = 24, ConnectedSlopes =  }, checkPermissionServiceMock: Mock&lt;ICheckPermissionService:4&gt;, liftsRepositoryStub: Mock&lt;ILiftsRepository:4&gt;, liftsSlopesRepositoryStub: Mock&lt;ILiftsSlopesRepository:4&gt;, sut: LiftsService { })" computerName="DESKTOP-TJ9D65N" duration="00:00:00.0095262" startTime="2022-11-03T09:56:31.1278937+03:00" endTime="2022-11-03T09:56:31.1278943+03:00" testType="13cdc9d9-ddb5-4fa4-a97d-d965ccfc6d4b" outcome="Passed" testListId="8c84fa94-04c1-424b-9868-57a2d4851a1d" relativeResultsDirectory="6c3bf3b3-723f-4d67-a278-d067633a29c5" />
    <UnitTestResult executionId="9639b1d5-1c3f-4f0a-b1b6-3feae6377859" testId="18fa8c62-e27d-e1fc-8182-4d7db62b008d" testName="BL.Tests.UsersServiceTests.TestAdminDeleteUser" computerName="DESKTOP-TJ9D65N" duration="00:00:00.0025346" startTime="2022-11-03T09:56:31.1883753+03:00" endTime="2022-11-03T09:56:31.1883753+03:00" testType="13cdc9d9-ddb5-4fa4-a97d-d965ccfc6d4b" outcome="Passed" testListId="8c84fa94-04c1-424b-9868-57a2d4851a1d" relativeResultsDirectory="9639b1d5-1c3f-4f0a-b1b6-3feae6377859" />
    <UnitTestResult executionId="0d7793f5-54cd-4d3a-9a8e-45cca06cd8ff" testId="644ec43e-70cd-c82d-42e7-0d990be1414d" testName="BL.Tests.CheckPermissionsServiceTests.AuthorizedHasAccessToAuthorizedFunctions(functionName: &quot;SendMessageAsync&quot;)" computerName="DESKTOP-TJ9D65N" duration="00:00:00.0016577" startTime="2022-11-03T09:56:31.1887823+03:00" endTime="2022-11-03T09:56:31.1887823+03:00" testType="13cdc9d9-ddb5-4fa4-a97d-d965ccfc6d4b" outcome="Passed" testListId="8c84fa94-04c1-424b-9868-57a2d4851a1d" relativeResultsDirectory="0d7793f5-54cd-4d3a-9a8e-45cca06cd8ff" />
    <UnitTestResult executionId="1156fee1-822c-4d30-8c62-f004c4896924" testId="834c739b-eca4-b36d-6a66-5a1bd75377b8" testName="BL.Tests.UsersServiceTests.TestAdminAddAutoIncrementUser" computerName="DESKTOP-TJ9D65N" duration="00:00:00.0054300" startTime="2022-11-03T09:56:31.1689930+03:00" endTime="2022-11-03T09:56:31.1689930+03:00" testType="13cdc9d9-ddb5-4fa4-a97d-d965ccfc6d4b" outcome="Passed" testListId="8c84fa94-04c1-424b-9868-57a2d4851a1d" relativeResultsDirectory="1156fee1-822c-4d30-8c62-f004c4896924" />
    <UnitTestResult executionId="be9506b9-ec2f-4351-b0c8-d6ae1105bac3" testId="fa960c5e-f989-2880-784e-8efe538c5231" testName="BL.Tests.CheckPermissionsServiceTests.UnauthorizedHasNoAccessToAuthorizedFunctions(functionName: &quot;LogOutAsync&quot;)" computerName="DESKTOP-TJ9D65N" duration="00:00:00.0016278" startTime="2022-11-03T09:56:31.0884427+03:00" endTime="2022-11-03T09:56:31.0884427+03:00" testType="13cdc9d9-ddb5-4fa4-a97d-d965ccfc6d4b" outcome="Passed" testListId="8c84fa94-04c1-424b-9868-57a2d4851a1d" relativeResultsDirectory="be9506b9-ec2f-4351-b0c8-d6ae1105bac3" />
    <UnitTestResult executionId="be0751b7-8ae7-44fc-b0ce-34a98da8a3eb" testId="387c9729-48c1-486e-5e67-f5d11a9f0db8" testName="BL.Tests.CheckPermissionsServiceTests.UnauthorizedHasNoAccessToAdminSkiPatrolFunctions(functionName: &quot;GetLiftsSlopesInfoAsync&quot;)" computerName="DESKTOP-TJ9D65N" duration="00:00:00.0015648" startTime="2022-11-03T09:56:31.0767890+03:00" endTime="2022-11-03T09:56:31.0767891+03:00" testType="13cdc9d9-ddb5-4fa4-a97d-d965ccfc6d4b" outcome="Passed" testListId="8c84fa94-04c1-424b-9868-57a2d4851a1d" relativeResultsDirectory="be0751b7-8ae7-44fc-b0ce-34a98da8a3eb" />
    <UnitTestResult executionId="0a45bdd7-2b8e-468b-bd73-60bf2d74141a" testId="55e5873c-f83e-dcf4-17f4-227eb5d1db8e" testName="BL.Tests.TurnstilesServiceTest.TestAdminDeleteTurnstileAsync(userID: 82, turnstile: Turnstile { TurnstileID = 222, LiftID = 146, IsOpen = True }, checkPermissionServiceMock: Mock&lt;ICheckPermissionService:15&gt;, turnstilesRepositoryStub: Mock&lt;ITurnstilesRepository:9&gt;, sut: TurnstilesService { })" computerName="DESKTOP-TJ9D65N" duration="00:00:00.0046670" startTime="2022-11-03T09:56:31.1100777+03:00" endTime="2022-11-03T09:56:31.1100778+03:00" testType="13cdc9d9-ddb5-4fa4-a97d-d965ccfc6d4b" outcome="Passed" testListId="8c84fa94-04c1-424b-9868-57a2d4851a1d" relativeResultsDirectory="0a45bdd7-2b8e-468b-bd73-60bf2d74141a" />
    <UnitTestResult executionId="e9e2ee8d-0537-42e1-b16e-1971660a7c11" testId="7951eab8-16b3-307e-011d-5a4f15bd4d56" testName="BL.Tests.LiftsSlopesServiceTests.TestAdminDeleteLiftSlopeAsync(lift: Lift { LiftID = 117, LiftName = liftName5f320485-a41d-454f-ae5a-bd88f2299b8a, IsOpen = True, SeatsAmount = 52, LiftingTime = 220, QueueTime = 87, ConnectedSlopes =  }, slope: Slope { SlopeID = 249, SlopeName = slopeName89e687b0-f3b7-4f06-94bd-d70d843c9043, IsOpen = False, DifficultyLevel = 85, ConnectedLifts =  }, slopesRepositoryStub: Mock&lt;ISlopesRepository:2&gt;, liftsRepositoryStub: Mock&lt;ILiftsRepository:7&gt;, liftsSlopesRepositoryStub: Mock&lt;ILiftsSlopesRepository:7&gt;)" computerName="DESKTOP-TJ9D65N" duration="00:00:00.0066734" startTime="2022-11-03T09:56:31.0772627+03:00" endTime="2022-11-03T09:56:31.0772628+03:00" testType="13cdc9d9-ddb5-4fa4-a97d-d965ccfc6d4b" outcome="Passed" testListId="8c84fa94-04c1-424b-9868-57a2d4851a1d" relativeResultsDirectory="e9e2ee8d-0537-42e1-b16e-1971660a7c11" />
    <UnitTestResult executionId="a615a648-2930-429f-9be2-e39f05da2892" testId="f3efc418-a8a6-c7b7-9bac-90b33aa8472f" testName="BL.Tests.CheckPermissionsServiceTests.AdminHasAccessToAllFunctions" computerName="DESKTOP-TJ9D65N" duration="00:00:00.0016543" startTime="2022-11-03T09:56:31.2373022+03:00" endTime="2022-11-03T09:56:31.2373023+03:00" testType="13cdc9d9-ddb5-4fa4-a97d-d965ccfc6d4b" outcome="Passed" testListId="8c84fa94-04c1-424b-9868-57a2d4851a1d" relativeResultsDirectory="a615a648-2930-429f-9be2-e39f05da2892" />
    <UnitTestResult executionId="1b84e244-169c-4d54-8ae1-5e6b70399cc7" testId="8d6c9ba1-ae7a-0da4-fc9f-dd7ae5479a7c" testName="BL.Tests.SlopesServiceTest.TestGetSlopesInfoAsync(userID: 206, initialSlopes: [Slope { SlopeID = 228, SlopeName = slopeNameac72ed95-e558-4faf-ad98-e86fe50ab961, IsOpen = True, DifficultyLevel = 171, ConnectedLifts =  }, Slope { SlopeID = 253, SlopeName = slopeName72734d58-4d15-44c7-9a13-f04a26200dce, IsOpen = False, DifficultyLevel = 44, ConnectedLifts =  }, Slope { SlopeID = 113, SlopeName = slopeName341aafbd-0f44-41f7-985a-9a9007cd5042, IsOpen = True, DifficultyLevel = 231, ConnectedLifts =  }], checkPermissionServiceMock: Mock&lt;ICheckPermissionService:7&gt;, slopesRepositoryStub: Mock&lt;ISlopesRepository:5&gt;, liftsSlopesRepositoryStub: Mock&lt;ILiftsSlopesRepository:10&gt;, sut: SlopesService { })" computerName="DESKTOP-TJ9D65N" duration="00:00:00.0101887" startTime="2022-11-03T09:56:31.1197501+03:00" endTime="2022-11-03T09:56:31.1197502+03:00" testType="13cdc9d9-ddb5-4fa4-a97d-d965ccfc6d4b" outcome="Passed" testListId="8c84fa94-04c1-424b-9868-57a2d4851a1d" relativeResultsDirectory="1b84e244-169c-4d54-8ae1-5e6b70399cc7" />
    <UnitTestResult executionId="8339717b-ec50-496a-891a-36da367266c5" testId="2d706594-f2b3-b3c8-21d4-86c9798c3306" testName="BL.Tests.CheckPermissionsServiceTests.SkiPatrolHasAccessToAdminSkiPatrolFunctions(functionName: &quot;GetLiftsSlopesInfoAsync&quot;)" computerName="DESKTOP-TJ9D65N" duration="00:00:00.0051120" startTime="2022-11-03T09:56:31.1065797+03:00" endTime="2022-11-03T09:56:31.1065798+03:00" testType="13cdc9d9-ddb5-4fa4-a97d-d965ccfc6d4b" outcome="Passed" testListId="8c84fa94-04c1-424b-9868-57a2d4851a1d" relativeResultsDirectory="8339717b-ec50-496a-891a-36da367266c5" />
    <UnitTestResult executionId="e08b5b32-4758-4750-a3f1-9531519bb218" testId="06d0bc3a-24a0-fb7f-4277-e9ae6d21c7dd" testName="BL.Tests.UsersServiceTests.TestAdminUpdateUser" computerName="DESKTOP-TJ9D65N" duration="00:00:00.0071815" startTime="2022-11-03T09:56:31.0998390+03:00" endTime="2022-11-03T09:56:31.0998391+03:00" testType="13cdc9d9-ddb5-4fa4-a97d-d965ccfc6d4b" outcome="Passed" testListId="8c84fa94-04c1-424b-9868-57a2d4851a1d" relativeResultsDirectory="e08b5b32-4758-4750-a3f1-9531519bb218" />
    <UnitTestResult executionId="622a3223-9ecf-4bd5-9178-a304a7407e95" testId="eaabd2fc-2f4b-5689-59c8-c7ad34a8f634" testName="BL.Tests.CheckPermissionsServiceTests.UnauthorizedHasNoAccessToAuthorizedFunctions(functionName: &quot;SendMessageAsync&quot;)" computerName="DESKTOP-TJ9D65N" duration="00:00:00.0032008" startTime="2022-11-03T09:56:31.0786914+03:00" endTime="2022-11-03T09:56:31.0786914+03:00" testType="13cdc9d9-ddb5-4fa4-a97d-d965ccfc6d4b" outcome="Passed" testListId="8c84fa94-04c1-424b-9868-57a2d4851a1d" relativeResultsDirectory="622a3223-9ecf-4bd5-9178-a304a7407e95" />
    <UnitTestResult executionId="87f14405-bf2a-46c0-b34a-6310125cd7e5" testId="e5497347-2721-b7a6-0bd4-69a9921f6947" testName="BL.Tests.UsersServiceTests.TestAdminGetUserByIDAsync" computerName="DESKTOP-TJ9D65N" duration="00:00:00.0031529" startTime="2022-11-03T09:56:31.1787205+03:00" endTime="2022-11-03T09:56:31.1787206+03:00" testType="13cdc9d9-ddb5-4fa4-a97d-d965ccfc6d4b" outcome="Passed" testListId="8c84fa94-04c1-424b-9868-57a2d4851a1d" relativeResultsDirectory="87f14405-bf2a-46c0-b34a-6310125cd7e5" />
    <UnitTestResult executionId="855cbb7f-5207-4ada-8d89-bcd108578454" testId="1ca07ad8-f799-c5d4-e7cc-34fd950198a2" testName="BL.Tests.UsersServiceTests.TestLogInOk" computerName="DESKTOP-TJ9D65N" duration="00:00:00.0031470" startTime="2022-11-03T09:56:31.1393440+03:00" endTime="2022-11-03T09:56:31.1393441+03:00" testType="13cdc9d9-ddb5-4fa4-a97d-d965ccfc6d4b" outcome="Passed" testListId="8c84fa94-04c1-424b-9868-57a2d4851a1d" relativeResultsDirectory="855cbb7f-5207-4ada-8d89-bcd108578454" />
    <UnitTestResult executionId="80eecc21-3607-4454-809e-a679fcb986eb" testId="e429852d-a6ed-7c2a-25fd-cd839b159d56" testName="BL.Tests.LiftsSlopesServiceTests.TestGetLiftsSlopesInfoAsync(liftsSlopes: [LiftSlope { RecordID = 182, LiftID = 14, SlopeID = 114 }, LiftSlope { RecordID = 178, LiftID = 39, SlopeID = 107 }, LiftSlope { RecordID = 225, LiftID = 118, SlopeID = 104 }], slopesRepositoryStub: Mock&lt;ISlopesRepository:1&gt;, liftsRepositoryStub: Mock&lt;ILiftsRepository:6&gt;, liftsSlopesRepositoryStub: Mock&lt;ILiftsSlopesRepository:6&gt;)" computerName="DESKTOP-TJ9D65N" duration="00:00:00.0435081" startTime="2022-11-03T09:56:30.9888548+03:00" endTime="2022-11-03T09:56:30.9888548+03:00" testType="13cdc9d9-ddb5-4fa4-a97d-d965ccfc6d4b" outcome="Passed" testListId="8c84fa94-04c1-424b-9868-57a2d4851a1d" relativeResultsDirectory="80eecc21-3607-4454-809e-a679fcb986eb" />
    <UnitTestResult executionId="d239f0af-53c2-4aa8-bf93-56c1eb51fa75" testId="c36970dc-93f7-753e-fa47-157133b01644" testName="BL.Tests.CheckPermissionsServiceTests.SkiPatrolHasAccessToAdminSkiPatrolFunctions(functionName: &quot;GetMessagesAsync&quot;)" computerName="DESKTOP-TJ9D65N" duration="00:00:00.0013991" startTime="2022-11-03T09:56:31.1349416+03:00" endTime="2022-11-03T09:56:31.1349417+03:00" testType="13cdc9d9-ddb5-4fa4-a97d-d965ccfc6d4b" outcome="Passed" testListId="8c84fa94-04c1-424b-9868-57a2d4851a1d" relativeResultsDirectory="d239f0af-53c2-4aa8-bf93-56c1eb51fa75" />
    <UnitTestResult executionId="a02ac401-0d7c-472f-9318-0736a5be6710" testId="8184bd30-991c-b78d-b4ec-99a485eac0dd" testName="BL.Tests.UsersServiceTests.TestRegisterUserWithNoEmail" computerName="DESKTOP-TJ9D65N" duration="00:00:00.0037787" startTime="2022-11-03T09:56:31.0772258+03:00" endTime="2022-11-03T09:56:31.0772258+03:00" testType="13cdc9d9-ddb5-4fa4-a97d-d965ccfc6d4b" outcome="Passed" testListId="8c84fa94-04c1-424b-9868-57a2d4851a1d" relativeResultsDirectory="a02ac401-0d7c-472f-9318-0736a5be6710" />
    <UnitTestResult executionId="b09994e9-6098-4c64-94d9-12c1cca72951" testId="8b7dcb73-65bc-8c78-ff40-7d7c42604ee3" testName="BL.Tests.TurnstilesServiceTest.TestAdminUpdateTurnstileAsync(userID: 178, turnstile: Turnstile { TurnstileID = 127, LiftID = 195, IsOpen = True }, checkPermissionServiceMock: Mock&lt;ICheckPermissionService:14&gt;, turnstilesRepositoryStub: Mock&lt;ITurnstilesRepository:8&gt;, sut: TurnstilesService { })" computerName="DESKTOP-TJ9D65N" duration="00:00:00.0060481" startTime="2022-11-03T09:56:31.0908128+03:00" endTime="2022-11-03T09:56:31.0908129+03:00" testType="13cdc9d9-ddb5-4fa4-a97d-d965ccfc6d4b" outcome="Passed" testListId="8c84fa94-04c1-424b-9868-57a2d4851a1d" relativeResultsDirectory="b09994e9-6098-4c64-94d9-12c1cca72951" />
    <UnitTestResult executionId="07f27afe-5871-42ba-8dd9-b8f32c6109f7" testId="46cff29a-8e33-66ff-4a64-fca5dbe3db1f" testName="BL.Tests.SlopesServiceTest.TestGetSlopeInfoAsync(userID: 252, slope: Slope { SlopeID = 128, SlopeName = slopeNamee3025d92-5d93-4d71-a112-364be5959add, IsOpen = True, DifficultyLevel = 107, ConnectedLifts =  }, checkPermissionServiceMock: Mock&lt;ICheckPermissionService:6&gt;, slopesRepositoryStub: Mock&lt;ISlopesRepository:4&gt;, liftsSlopesRepositoryStub: Mock&lt;ILiftsSlopesRepository:9&gt;, sut: SlopesService { })" computerName="DESKTOP-TJ9D65N" duration="00:00:00.0078042" startTime="2022-11-03T09:56:31.0787256+03:00" endTime="2022-11-03T09:56:31.0787256+03:00" testType="13cdc9d9-ddb5-4fa4-a97d-d965ccfc6d4b" outcome="Passed" testListId="8c84fa94-04c1-424b-9868-57a2d4851a1d" relativeResultsDirectory="07f27afe-5871-42ba-8dd9-b8f32c6109f7" />
    <UnitTestResult executionId="9a4d7ae0-a7fd-435f-8a13-2fdf8008cd2e" testId="f969bb74-9aaf-73bc-d4e1-2048bc1284ef" testName="BL.Tests.SlopesServiceTest.TestAdminAddAutoIncrementSlopeAsync(userID: 76, slope: Slope { SlopeID = 28, SlopeName = slopeName48ded7f4-ef72-4b88-a5db-1f3567b5690f, IsOpen = True, DifficultyLevel = 208, ConnectedLifts =  }, checkPermissionServiceMock: Mock&lt;ICheckPermissionService:10&gt;, slopesRepositoryStub: Mock&lt;ISlopesRepository:8&gt;, sut: SlopesService { })" computerName="DESKTOP-TJ9D65N" duration="00:00:00.0137531" startTime="2022-11-03T09:56:31.0773269+03:00" endTime="2022-11-03T09:56:31.0773269+03:00" testType="13cdc9d9-ddb5-4fa4-a97d-d965ccfc6d4b" outcome="Passed" testListId="8c84fa94-04c1-424b-9868-57a2d4851a1d" relativeResultsDirectory="9a4d7ae0-a7fd-435f-8a13-2fdf8008cd2e" />
    <UnitTestResult executionId="7f18e8a3-5215-4fd5-97e6-94d33508c9f2" testId="492c0393-35b4-df26-a537-21ca08302f3c" testName="BL.Tests.CheckPermissionsServiceTests.SkiPatrolHasNoAccessToAdminFunctions" computerName="DESKTOP-TJ9D65N" duration="00:00:00.0022081" startTime="2022-11-03T09:56:31.2255454+03:00" endTime="2022-11-03T09:56:31.2255455+03:00" testType="13cdc9d9-ddb5-4fa4-a97d-d965ccfc6d4b" outcome="Passed" testListId="8c84fa94-04c1-424b-9868-57a2d4851a1d" relativeResultsDirectory="7f18e8a3-5215-4fd5-97e6-94d33508c9f2" />
  </Results>
  <TestDefinitions>
    <UnitTest name="BL.Tests.SlopesServiceTest.TestAdminDeleteSlopeAsync(userID: 50, slope: Slope { SlopeID = 146, SlopeName = slopeName1bcd8a23-28d3-4eef-b4b0-57b7695c6a53, IsOpen = True, DifficultyLevel = 137, ConnectedLifts =  }, checkPermissionServiceMock: Mock&lt;ICheckPermissionService:9&gt;, slopesRepositoryStub: Mock&lt;ISlopesRepository:7&gt;, liftsSlopesRepositoryStub: Mock&lt;ILiftsSlopesRepository:12&gt;, sut: SlopesService { })" storage="/mnt/c/users/alena/desktop/7_sem/testing_and_debugging/skiresort/bl.tests/bin/debug/net6.0/bl.tests.dll" id="15de6b22-2236-e8aa-485b-737fd5c4f379">
      <Execution id="96891d12-17fe-48a4-93a1-870d8ac3465f" />
      <TestMethod codeBase="/mnt/c/Users/alena/Desktop/7_sem/testing_and_debugging/SkiResort/BL.Tests/bin/Debug/net6.0/BL.Tests.dll" adapterTypeName="executor://xunit/VsTestRunner2/netcoreapp" className="BL.Tests.SlopesServiceTest" name="TestAdminDeleteSlopeAsync" />
    </UnitTest>
    <UnitTest name="BL.Tests.LiftsSlopesServiceTests.TestAdminDeleteLiftSlopeAsync(lift: Lift { LiftID = 117, LiftName = liftName5f320485-a41d-454f-ae5a-bd88f2299b8a, IsOpen = True, SeatsAmount = 52, LiftingTime = 220, QueueTime = 87, ConnectedSlopes =  }, slope: Slope { SlopeID = 249, SlopeName = slopeName89e687b0-f3b7-4f06-94bd-d70d843c9043, IsOpen = False, DifficultyLevel = 85, ConnectedLifts =  }, slopesRepositoryStub: Mock&lt;ISlopesRepository:2&gt;, liftsRepos..." storage="/mnt/c/users/alena/desktop/7_sem/testing_and_debugging/skiresort/bl.tests/bin/debug/net6.0/bl.tests.dll" id="7951eab8-16b3-307e-011d-5a4f15bd4d56">
      <Execution id="e9e2ee8d-0537-42e1-b16e-1971660a7c11" />
      <TestMethod codeBase="/mnt/c/Users/alena/Desktop/7_sem/testing_and_debugging/SkiResort/BL.Tests/bin/Debug/net6.0/BL.Tests.dll" adapterTypeName="executor://xunit/VsTestRunner2/netcoreapp" className="BL.Tests.LiftsSlopesServiceTests" name="TestAdminDeleteLiftSlopeAsync" />
    </UnitTest>
    <UnitTest name="BL.Tests.CheckPermissionsServiceTests.AuthorizedHasNoAccessToAdminSkiPatrolFunctions(functionName: &quot;MarkMessageReadByUserAsync&quot;)" storage="/mnt/c/users/alena/desktop/7_sem/testing_and_debugging/skiresort/bl.tests/bin/debug/net6.0/bl.tests.dll" id="9c7df5e2-1b23-ebea-889f-b78ca86b60ab">
      <Execution id="df4dc75a-5d86-4bb2-b97d-7bc4d8984472" />
      <TestMethod codeBase="/mnt/c/Users/alena/Desktop/7_sem/testing_and_debugging/SkiResort/BL.Tests/bin/Debug/net6.0/BL.Tests.dll" adapterTypeName="executor://xunit/VsTestRunner2/netcoreapp" className="BL.Tests.CheckPermissionsServiceTests" name="AuthorizedHasNoAccessToAdminSkiPatrolFunctions" />
    </UnitTest>
    <UnitTest name="BL.Tests.CheckPermissionsServiceTests.UnauthorizedHasNoAccessToAdminSkiPatrolFunctions(functionName: &quot;MarkMessageReadByUserAsync&quot;)" storage="/mnt/c/users/alena/desktop/7_sem/testing_and_debugging/skiresort/bl.tests/bin/debug/net6.0/bl.tests.dll" id="a19a5fcf-c5d2-7d44-5d7d-84403042f4e0">
      <Execution id="95a98f09-6db9-4a10-ab0b-7d56522fac08" />
      <TestMethod codeBase="/mnt/c/Users/alena/Desktop/7_sem/testing_and_debugging/SkiResort/BL.Tests/bin/Debug/net6.0/BL.Tests.dll" adapterTypeName="executor://xunit/VsTestRunner2/netcoreapp" className="BL.Tests.CheckPermissionsServiceTests" name="UnauthorizedHasNoAccessToAdminSkiPatrolFunctions" />
    </UnitTest>
    <UnitTest name="BL.Tests.CheckPermissionsServiceTests.AuthorizedHasNoAccessToAdminSkiPatrolFunctions(functionName: &quot;GetMessagesAsync&quot;)" storage="/mnt/c/users/alena/desktop/7_sem/testing_and_debugging/skiresort/bl.tests/bin/debug/net6.0/bl.tests.dll" id="2602613f-c8e2-a6d9-fcf7-5b27d4a770a6">
      <Execution id="eb02635e-a771-4f34-b416-5c9c2f70947c" />
      <TestMethod codeBase="/mnt/c/Users/alena/Desktop/7_sem/testing_and_debugging/SkiResort/BL.Tests/bin/Debug/net6.0/BL.Tests.dll" adapterTypeName="executor://xunit/VsTestRunner2/netcoreapp" className="BL.Tests.CheckPermissionsServiceTests" name="AuthorizedHasNoAccessToAdminSkiPatrolFunctions" />
    </UnitTest>
    <UnitTest name="BL.Tests.CheckPermissionsServiceTests.AuthorizedHasNoAccessToAdminFunctions" storage="/mnt/c/users/alena/desktop/7_sem/testing_and_debugging/skiresort/bl.tests/bin/debug/net6.0/bl.tests.dll" id="a2e59116-cb53-1d70-9cb8-21c286516866">
      <Execution id="0b10f609-7913-499e-a8af-e1f3f487a0f0" />
      <TestMethod codeBase="/mnt/c/Users/alena/Desktop/7_sem/testing_and_debugging/SkiResort/BL.Tests/bin/Debug/net6.0/BL.Tests.dll" adapterTypeName="executor://xunit/VsTestRunner2/netcoreapp" className="BL.Tests.CheckPermissionsServiceTests" name="AuthorizedHasNoAccessToAdminFunctions" />
    </UnitTest>
    <UnitTest name="BL.Tests.CheckPermissionsServiceTests.SkiPatrolHasAccessToAdminSkiPatrolFunctions(functionName: &quot;GetMessagesAsync&quot;)" storage="/mnt/c/users/alena/desktop/7_sem/testing_and_debugging/skiresort/bl.tests/bin/debug/net6.0/bl.tests.dll" id="c36970dc-93f7-753e-fa47-157133b01644">
      <Execution id="d239f0af-53c2-4aa8-bf93-56c1eb51fa75" />
      <TestMethod codeBase="/mnt/c/Users/alena/Desktop/7_sem/testing_and_debugging/SkiResort/BL.Tests/bin/Debug/net6.0/BL.Tests.dll" adapterTypeName="executor://xunit/VsTestRunner2/netcoreapp" className="BL.Tests.CheckPermissionsServiceTests" name="SkiPatrolHasAccessToAdminSkiPatrolFunctions" />
    </UnitTest>
    <UnitTest name="BL.Tests.CheckPermissionsServiceTests.AdminHasAccessToAllFunctions" storage="/mnt/c/users/alena/desktop/7_sem/testing_and_debugging/skiresort/bl.tests/bin/debug/net6.0/bl.tests.dll" id="f3efc418-a8a6-c7b7-9bac-90b33aa8472f">
      <Execution id="a615a648-2930-429f-9be2-e39f05da2892" />
      <TestMethod codeBase="/mnt/c/Users/alena/Desktop/7_sem/testing_and_debugging/SkiResort/BL.Tests/bin/Debug/net6.0/BL.Tests.dll" adapterTypeName="executor://xunit/VsTestRunner2/netcoreapp" className="BL.Tests.CheckPermissionsServiceTests" name="AdminHasAccessToAllFunctions" />
    </UnitTest>
    <UnitTest name="BL.Tests.TurnstilesServiceTest.TestAdminDeleteTurnstileAsync(userID: 82, turnstile: Turnstile { TurnstileID = 222, LiftID = 146, IsOpen = True }, checkPermissionServiceMock: Mock&lt;ICheckPermissionService:15&gt;, turnstilesRepositoryStub: Mock&lt;ITurnstilesRepository:9&gt;, sut: TurnstilesService { })" storage="/mnt/c/users/alena/desktop/7_sem/testing_and_debugging/skiresort/bl.tests/bin/debug/net6.0/bl.tests.dll" id="55e5873c-f83e-dcf4-17f4-227eb5d1db8e">
      <Execution id="0a45bdd7-2b8e-468b-bd73-60bf2d74141a" />
      <TestMethod codeBase="/mnt/c/Users/alena/Desktop/7_sem/testing_and_debugging/SkiResort/BL.Tests/bin/Debug/net6.0/BL.Tests.dll" adapterTypeName="executor://xunit/VsTestRunner2/netcoreapp" className="BL.Tests.TurnstilesServiceTest" name="TestAdminDeleteTurnstileAsync" />
    </UnitTest>
    <UnitTest name="BL.Tests.UsersServiceTests.TestRegisterUserWithNoPassword" storage="/mnt/c/users/alena/desktop/7_sem/testing_and_debugging/skiresort/bl.tests/bin/debug/net6.0/bl.tests.dll" id="f44a1b21-8efc-bfac-63b4-d534442def31">
      <Execution id="1880adab-ed11-42c0-8109-56e8ab51ee3c" />
      <TestMethod codeBase="/mnt/c/Users/alena/Desktop/7_sem/testing_and_debugging/SkiResort/BL.Tests/bin/Debug/net6.0/BL.Tests.dll" adapterTypeName="executor://xunit/VsTestRunner2/netcoreapp" className="BL.Tests.UsersServiceTests" name="TestRegisterUserWithNoPassword" />
    </UnitTest>
    <UnitTest name="BL.Tests.SlopesServiceTest.TestGetSlopeInfoAsync(userID: 252, slope: Slope { SlopeID = 128, SlopeName = slopeNamee3025d92-5d93-4d71-a112-364be5959add, IsOpen = True, DifficultyLevel = 107, ConnectedLifts =  }, checkPermissionServiceMock: Mock&lt;ICheckPermissionService:6&gt;, slopesRepositoryStub: Mock&lt;ISlopesRepository:4&gt;, liftsSlopesRepositoryStub: Mock&lt;ILiftsSlopesRepository:9&gt;, sut: SlopesService { })" storage="/mnt/c/users/alena/desktop/7_sem/testing_and_debugging/skiresort/bl.tests/bin/debug/net6.0/bl.tests.dll" id="46cff29a-8e33-66ff-4a64-fca5dbe3db1f">
      <Execution id="07f27afe-5871-42ba-8dd9-b8f32c6109f7" />
      <TestMethod codeBase="/mnt/c/Users/alena/Desktop/7_sem/testing_and_debugging/SkiResort/BL.Tests/bin/Debug/net6.0/BL.Tests.dll" adapterTypeName="executor://xunit/VsTestRunner2/netcoreapp" className="BL.Tests.SlopesServiceTest" name="TestGetSlopeInfoAsync" />
    </UnitTest>
    <UnitTest name="BL.Tests.UsersServiceTests.TestAdminGetUserByIDAsync" storage="/mnt/c/users/alena/desktop/7_sem/testing_and_debugging/skiresort/bl.tests/bin/debug/net6.0/bl.tests.dll" id="e5497347-2721-b7a6-0bd4-69a9921f6947">
      <Execution id="87f14405-bf2a-46c0-b34a-6310125cd7e5" />
      <TestMethod codeBase="/mnt/c/Users/alena/Desktop/7_sem/testing_and_debugging/SkiResort/BL.Tests/bin/Debug/net6.0/BL.Tests.dll" adapterTypeName="executor://xunit/VsTestRunner2/netcoreapp" className="BL.Tests.UsersServiceTests" name="TestAdminGetUserByIDAsync" />
    </UnitTest>
    <UnitTest name="BL.Tests.LiftsServiceTest.TestAdminDeleteLiftAsync(userID: 182, lift: Lift { LiftID = 244, LiftName = liftName4275b9fd-23de-4f88-b54b-9f24a9406a49, IsOpen = True, SeatsAmount = 53, LiftingTime = 31, QueueTime = 24, ConnectedSlopes =  }, checkPermissionServiceMock: Mock&lt;ICheckPermissionService:4&gt;, liftsRepositoryStub: Mock&lt;ILiftsRepository:4&gt;, liftsSlopesRepositoryStub: Mock&lt;ILiftsSlopesRepository:4&gt;, sut: LiftsService { })" storage="/mnt/c/users/alena/desktop/7_sem/testing_and_debugging/skiresort/bl.tests/bin/debug/net6.0/bl.tests.dll" id="098391ff-9aba-432a-ed23-7b85eadad0dd">
      <Execution id="6c3bf3b3-723f-4d67-a278-d067633a29c5" />
      <TestMethod codeBase="/mnt/c/Users/alena/Desktop/7_sem/testing_and_debugging/SkiResort/BL.Tests/bin/Debug/net6.0/BL.Tests.dll" adapterTypeName="executor://xunit/VsTestRunner2/netcoreapp" className="BL.Tests.LiftsServiceTest" name="TestAdminDeleteLiftAsync" />
    </UnitTest>
    <UnitTest name="BL.Tests.SlopesServiceTest.TestGetSlopesInfoAsync(userID: 206, initialSlopes: [Slope { SlopeID = 228, SlopeName = slopeNameac72ed95-e558-4faf-ad98-e86fe50ab961, IsOpen = True, DifficultyLevel = 171, ConnectedLifts =  }, Slope { SlopeID = 253, SlopeName = slopeName72734d58-4d15-44c7-9a13-f04a26200dce, IsOpen = False, DifficultyLevel = 44, ConnectedLifts =  }, Slope { SlopeID = 113, SlopeName = slopeName341aafbd-0f44-41f7-985a-9a9007cd5042, I..." storage="/mnt/c/users/alena/desktop/7_sem/testing_and_debugging/skiresort/bl.tests/bin/debug/net6.0/bl.tests.dll" id="8d6c9ba1-ae7a-0da4-fc9f-dd7ae5479a7c">
      <Execution id="1b84e244-169c-4d54-8ae1-5e6b70399cc7" />
      <TestMethod codeBase="/mnt/c/Users/alena/Desktop/7_sem/testing_and_debugging/SkiResort/BL.Tests/bin/Debug/net6.0/BL.Tests.dll" adapterTypeName="executor://xunit/VsTestRunner2/netcoreapp" className="BL.Tests.SlopesServiceTest" name="TestGetSlopesInfoAsync" />
    </UnitTest>
    <UnitTest name="BL.Tests.LiftsServiceTest.TestGetLiftsInfoAsync(userID: 57, initialLifts: [Lift { LiftID = 218, LiftName = liftName6efac802-d550-4d6d-a452-64e751bc2ba7, IsOpen = True, SeatsAmount = 205, LiftingTime = 219, QueueTime = 107, ConnectedSlopes =  }, Lift { LiftID = 79, LiftName = liftName8ecac370-631f-4f6c-9926-6205b9d34712, IsOpen = False, SeatsAmount = 130, LiftingTime = 133, QueueTime = 59, ConnectedSlopes =  }, Lift { LiftID = 146, LiftName ..." storage="/mnt/c/users/alena/desktop/7_sem/testing_and_debugging/skiresort/bl.tests/bin/debug/net6.0/bl.tests.dll" id="1047f779-facf-1f8f-d15b-9ce1b35724bf">
      <Execution id="c996b0ce-4461-44e1-834c-4f5305214546" />
      <TestMethod codeBase="/mnt/c/Users/alena/Desktop/7_sem/testing_and_debugging/SkiResort/BL.Tests/bin/Debug/net6.0/BL.Tests.dll" adapterTypeName="executor://xunit/VsTestRunner2/netcoreapp" className="BL.Tests.LiftsServiceTest" name="TestGetLiftsInfoAsync" />
    </UnitTest>
    <UnitTest name="BL.Tests.TurnstilesServiceTest.TestAdminGetTurnstilesAsync(userID: 249, initialTurnstiles: [Turnstile { TurnstileID = 63, LiftID = 1, IsOpen = True }, Turnstile { TurnstileID = 218, LiftID = 6, IsOpen = False }, Turnstile { TurnstileID = 78, LiftID = 195, IsOpen = True }], checkPermissionServiceMock: Mock&lt;ICheckPermissionService:13&gt;, turnstilesRepositoryStub: Mock&lt;ITurnstilesRepository:7&gt;, sut: TurnstilesService { })" storage="/mnt/c/users/alena/desktop/7_sem/testing_and_debugging/skiresort/bl.tests/bin/debug/net6.0/bl.tests.dll" id="d7e913ce-7480-b013-ed8a-ca02e8e65054">
      <Execution id="9c219238-b51e-4ca7-a7fd-4d83feb920fb" />
      <TestMethod codeBase="/mnt/c/Users/alena/Desktop/7_sem/testing_and_debugging/SkiResort/BL.Tests/bin/Debug/net6.0/BL.Tests.dll" adapterTypeName="executor://xunit/VsTestRunner2/netcoreapp" className="BL.Tests.TurnstilesServiceTest" name="TestAdminGetTurnstilesAsync" />
    </UnitTest>
    <UnitTest name="BL.Tests.LiftsServiceTest.TestAdminAddAutoIncrementLiftAsync(userID: 119, lift: Lift { LiftID = 115, LiftName = liftName3def6b83-2751-4a05-84ae-df9630502762, IsOpen = True, SeatsAmount = 7, LiftingTime = 224, QueueTime = 64, ConnectedSlopes =  }, checkPermissionServiceMock: Mock&lt;ICheckPermissionService:5&gt;, liftsRepositoryStub: Mock&lt;ILiftsRepository:5&gt;, sut: LiftsService { })" storage="/mnt/c/users/alena/desktop/7_sem/testing_and_debugging/skiresort/bl.tests/bin/debug/net6.0/bl.tests.dll" id="2f13ff30-120c-1025-25ec-7e8a2bf5de9d">
      <Execution id="84b1c758-cfdf-4287-b906-bbdcdcf7fdbb" />
      <TestMethod codeBase="/mnt/c/Users/alena/Desktop/7_sem/testing_and_debugging/SkiResort/BL.Tests/bin/Debug/net6.0/BL.Tests.dll" adapterTypeName="executor://xunit/VsTestRunner2/netcoreapp" className="BL.Tests.LiftsServiceTest" name="TestAdminAddAutoIncrementLiftAsync" />
    </UnitTest>
    <UnitTest name="BL.Tests.UsersServiceTests.TestAdminAddAutoIncrementUser" storage="/mnt/c/users/alena/desktop/7_sem/testing_and_debugging/skiresort/bl.tests/bin/debug/net6.0/bl.tests.dll" id="834c739b-eca4-b36d-6a66-5a1bd75377b8">
      <Execution id="1156fee1-822c-4d30-8c62-f004c4896924" />
      <TestMethod codeBase="/mnt/c/Users/alena/Desktop/7_sem/testing_and_debugging/SkiResort/BL.Tests/bin/Debug/net6.0/BL.Tests.dll" adapterTypeName="executor://xunit/VsTestRunner2/netcoreapp" className="BL.Tests.UsersServiceTests" name="TestAdminAddAutoIncrementUser" />
    </UnitTest>
    <UnitTest name="BL.Tests.CheckPermissionsServiceTests.UnauthorizedHasNoAccessToAdminSkiPatrolFunctions(functionName: &quot;GetLiftsSlopesInfoAsync&quot;)" storage="/mnt/c/users/alena/desktop/7_sem/testing_and_debugging/skiresort/bl.tests/bin/debug/net6.0/bl.tests.dll" id="387c9729-48c1-486e-5e67-f5d11a9f0db8">
      <Execution id="be0751b7-8ae7-44fc-b0ce-34a98da8a3eb" />
      <TestMethod codeBase="/mnt/c/Users/alena/Desktop/7_sem/testing_and_debugging/SkiResort/BL.Tests/bin/Debug/net6.0/BL.Tests.dll" adapterTypeName="executor://xunit/VsTestRunner2/netcoreapp" className="BL.Tests.CheckPermissionsServiceTests" name="UnauthorizedHasNoAccessToAdminSkiPatrolFunctions" />
    </UnitTest>
    <UnitTest name="BL.Tests.TurnstilesServiceTest.TestAdminAddAutoIncrementTurnstileAsync(userID: 207, turnstile: Turnstile { TurnstileID = 197, LiftID = 212, IsOpen = True }, checkPermissionServiceMock: Mock&lt;ICheckPermissionService:16&gt;, turnstilesRepositoryStub: Mock&lt;ITurnstilesRepository:10&gt;, sut: TurnstilesService { })" storage="/mnt/c/users/alena/desktop/7_sem/testing_and_debugging/skiresort/bl.tests/bin/debug/net6.0/bl.tests.dll" id="839f26a2-5f8d-5abc-07a1-c6bc4ae59d50">
      <Execution id="bd8935ed-b16f-43e7-a9ae-d70241c36c56" />
      <TestMethod codeBase="/mnt/c/Users/alena/Desktop/7_sem/testing_and_debugging/SkiResort/BL.Tests/bin/Debug/net6.0/BL.Tests.dll" adapterTypeName="executor://xunit/VsTestRunner2/netcoreapp" className="BL.Tests.TurnstilesServiceTest" name="TestAdminAddAutoIncrementTurnstileAsync" />
    </UnitTest>
    <UnitTest name="BL.Tests.CheckPermissionsServiceTests.SkiPatrolHasAccessToAdminSkiPatrolFunctions(functionName: &quot;MarkMessageReadByUserAsync&quot;)" storage="/mnt/c/users/alena/desktop/7_sem/testing_and_debugging/skiresort/bl.tests/bin/debug/net6.0/bl.tests.dll" id="60bd668f-04df-da5e-b79b-5d9aedb5234d">
      <Execution id="e1bedf2e-801f-437d-a460-77191f5815ef" />
      <TestMethod codeBase="/mnt/c/Users/alena/Desktop/7_sem/testing_and_debugging/SkiResort/BL.Tests/bin/Debug/net6.0/BL.Tests.dll" adapterTypeName="executor://xunit/VsTestRunner2/netcoreapp" className="BL.Tests.CheckPermissionsServiceTests" name="SkiPatrolHasAccessToAdminSkiPatrolFunctions" />
    </UnitTest>
    <UnitTest name="BL.Tests.SlopesServiceTest.TestAdminAddAutoIncrementSlopeAsync(userID: 76, slope: Slope { SlopeID = 28, SlopeName = slopeName48ded7f4-ef72-4b88-a5db-1f3567b5690f, IsOpen = True, DifficultyLevel = 208, ConnectedLifts =  }, checkPermissionServiceMock: Mock&lt;ICheckPermissionService:10&gt;, slopesRepositoryStub: Mock&lt;ISlopesRepository:8&gt;, sut: SlopesService { })" storage="/mnt/c/users/alena/desktop/7_sem/testing_and_debugging/skiresort/bl.tests/bin/debug/net6.0/bl.tests.dll" id="f969bb74-9aaf-73bc-d4e1-2048bc1284ef">
      <Execution id="9a4d7ae0-a7fd-435f-8a13-2fdf8008cd2e" />
      <TestMethod codeBase="/mnt/c/Users/alena/Desktop/7_sem/testing_and_debugging/SkiResort/BL.Tests/bin/Debug/net6.0/BL.Tests.dll" adapterTypeName="executor://xunit/VsTestRunner2/netcoreapp" className="BL.Tests.SlopesServiceTest" name="TestAdminAddAutoIncrementSlopeAsync" />
    </UnitTest>
    <UnitTest name="BL.Tests.CheckPermissionsServiceTests.UnauthorizedHasNoAccessToAdminFunctions" storage="/mnt/c/users/alena/desktop/7_sem/testing_and_debugging/skiresort/bl.tests/bin/debug/net6.0/bl.tests.dll" id="e2d7e5be-3dae-33ae-fb17-c704b6fd58d6">
      <Execution id="79e79ce9-29a5-4891-bc5d-dbb69a43b7f2" />
      <TestMethod codeBase="/mnt/c/Users/alena/Desktop/7_sem/testing_and_debugging/SkiResort/BL.Tests/bin/Debug/net6.0/BL.Tests.dll" adapterTypeName="executor://xunit/VsTestRunner2/netcoreapp" className="BL.Tests.CheckPermissionsServiceTests" name="UnauthorizedHasNoAccessToAdminFunctions" />
    </UnitTest>
    <UnitTest name="BL.Tests.TurnstilesServiceTest.TestAdminUpdateTurnstileAsync(userID: 178, turnstile: Turnstile { TurnstileID = 127, LiftID = 195, IsOpen = True }, checkPermissionServiceMock: Mock&lt;ICheckPermissionService:14&gt;, turnstilesRepositoryStub: Mock&lt;ITurnstilesRepository:8&gt;, sut: TurnstilesService { })" storage="/mnt/c/users/alena/desktop/7_sem/testing_and_debugging/skiresort/bl.tests/bin/debug/net6.0/bl.tests.dll" id="8b7dcb73-65bc-8c78-ff40-7d7c42604ee3">
      <Execution id="b09994e9-6098-4c64-94d9-12c1cca72951" />
      <TestMethod codeBase="/mnt/c/Users/alena/Desktop/7_sem/testing_and_debugging/SkiResort/BL.Tests/bin/Debug/net6.0/BL.Tests.dll" adapterTypeName="executor://xunit/VsTestRunner2/netcoreapp" className="BL.Tests.TurnstilesServiceTest" name="TestAdminUpdateTurnstileAsync" />
    </UnitTest>
    <UnitTest name="BL.Tests.UsersServiceTests.TestLogInWithWrongPassword" storage="/mnt/c/users/alena/desktop/7_sem/testing_and_debugging/skiresort/bl.tests/bin/debug/net6.0/bl.tests.dll" id="69340bb6-3645-f9dd-971e-29d8b2a009bb">
      <Execution id="2702cabc-958f-4d2e-8f71-7f9ba4481c82" />
      <TestMethod codeBase="/mnt/c/Users/alena/Desktop/7_sem/testing_and_debugging/SkiResort/BL.Tests/bin/Debug/net6.0/BL.Tests.dll" adapterTypeName="executor://xunit/VsTestRunner2/netcoreapp" className="BL.Tests.UsersServiceTests" name="TestLogInWithWrongPassword" />
    </UnitTest>
    <UnitTest name="BL.Tests.CheckPermissionsServiceTests.SkiPatrolHasAccessToAdminSkiPatrolFunctions(functionName: &quot;GetLiftsSlopesInfoAsync&quot;)" storage="/mnt/c/users/alena/desktop/7_sem/testing_and_debugging/skiresort/bl.tests/bin/debug/net6.0/bl.tests.dll" id="2d706594-f2b3-b3c8-21d4-86c9798c3306">
      <Execution id="8339717b-ec50-496a-891a-36da367266c5" />
      <TestMethod codeBase="/mnt/c/Users/alena/Desktop/7_sem/testing_and_debugging/SkiResort/BL.Tests/bin/Debug/net6.0/BL.Tests.dll" adapterTypeName="executor://xunit/VsTestRunner2/netcoreapp" className="BL.Tests.CheckPermissionsServiceTests" name="SkiPatrolHasAccessToAdminSkiPatrolFunctions" />
    </UnitTest>
    <UnitTest name="BL.Tests.CheckPermissionsServiceTests.SkiPatrolHasNoAccessToAdminFunctions" storage="/mnt/c/users/alena/desktop/7_sem/testing_and_debugging/skiresort/bl.tests/bin/debug/net6.0/bl.tests.dll" id="492c0393-35b4-df26-a537-21ca08302f3c">
      <Execution id="7f18e8a3-5215-4fd5-97e6-94d33508c9f2" />
      <TestMethod codeBase="/mnt/c/Users/alena/Desktop/7_sem/testing_and_debugging/SkiResort/BL.Tests/bin/Debug/net6.0/BL.Tests.dll" adapterTypeName="executor://xunit/VsTestRunner2/netcoreapp" className="BL.Tests.CheckPermissionsServiceTests" name="SkiPatrolHasNoAccessToAdminFunctions" />
    </UnitTest>
    <UnitTest name="BL.Tests.UsersServiceTests.TestAdminDeleteUser" storage="/mnt/c/users/alena/desktop/7_sem/testing_and_debugging/skiresort/bl.tests/bin/debug/net6.0/bl.tests.dll" id="18fa8c62-e27d-e1fc-8182-4d7db62b008d">
      <Execution id="9639b1d5-1c3f-4f0a-b1b6-3feae6377859" />
      <TestMethod codeBase="/mnt/c/Users/alena/Desktop/7_sem/testing_and_debugging/SkiResort/BL.Tests/bin/Debug/net6.0/BL.Tests.dll" adapterTypeName="executor://xunit/VsTestRunner2/netcoreapp" className="BL.Tests.UsersServiceTests" name="TestAdminDeleteUser" />
    </UnitTest>
    <UnitTest name="BL.Tests.LiftsSlopesServiceTests.TestAdminAddAutoIncrementLiftSlopeAsync(lift: Lift { LiftID = 42, LiftName = liftName6f375e9c-00cb-4a66-86b1-075f8efcd70a, IsOpen = True, SeatsAmount = 254, LiftingTime = 33, QueueTime = 5, ConnectedSlopes =  }, slope: Slope { SlopeID = 244, SlopeName = slopeNamefdd9be59-90fa-4aa8-99d3-c0710ce486e0, IsOpen = False, DifficultyLevel = 237, ConnectedLifts =  }, slopesRepositoryStub: Mock&lt;ISlopesRepository:3&gt;, l..." storage="/mnt/c/users/alena/desktop/7_sem/testing_and_debugging/skiresort/bl.tests/bin/debug/net6.0/bl.tests.dll" id="7e0b2cae-0c68-787f-8e35-692be46c3c62">
      <Execution id="c9f30bc4-2f5d-4a0b-88d4-09e461f62634" />
      <TestMethod codeBase="/mnt/c/Users/alena/Desktop/7_sem/testing_and_debugging/SkiResort/BL.Tests/bin/Debug/net6.0/BL.Tests.dll" adapterTypeName="executor://xunit/VsTestRunner2/netcoreapp" className="BL.Tests.LiftsSlopesServiceTests" name="TestAdminAddAutoIncrementLiftSlopeAsync" />
    </UnitTest>
    <UnitTest name="BL.Tests.CheckPermissionsServiceTests.AuthorizedHasAccessToAuthorizedFunctions(functionName: &quot;LogOutAsync&quot;)" storage="/mnt/c/users/alena/desktop/7_sem/testing_and_debugging/skiresort/bl.tests/bin/debug/net6.0/bl.tests.dll" id="aa28a6b3-21d3-aa45-24d3-bef2facbc899">
      <Execution id="42a2ecc8-b79c-4968-9f5f-0f49ce7bb8f3" />
      <TestMethod codeBase="/mnt/c/Users/alena/Desktop/7_sem/testing_and_debugging/SkiResort/BL.Tests/bin/Debug/net6.0/BL.Tests.dll" adapterTypeName="executor://xunit/VsTestRunner2/netcoreapp" className="BL.Tests.CheckPermissionsServiceTests" name="AuthorizedHasAccessToAuthorizedFunctions" />
    </UnitTest>
    <UnitTest name="BL.Tests.UsersServiceTests.TestAdminUpdateUser" storage="/mnt/c/users/alena/desktop/7_sem/testing_and_debugging/skiresort/bl.tests/bin/debug/net6.0/bl.tests.dll" id="06d0bc3a-24a0-fb7f-4277-e9ae6d21c7dd">
      <Execution id="e08b5b32-4758-4750-a3f1-9531519bb218" />
      <TestMethod codeBase="/mnt/c/Users/alena/Desktop/7_sem/testing_and_debugging/SkiResort/BL.Tests/bin/Debug/net6.0/BL.Tests.dll" adapterTypeName="executor://xunit/VsTestRunner2/netcoreapp" className="BL.Tests.UsersServiceTests" name="TestAdminUpdateUser" />
    </UnitTest>
    <UnitTest name="BL.Tests.UsersServiceTests.TestLogInOk" storage="/mnt/c/users/alena/desktop/7_sem/testing_and_debugging/skiresort/bl.tests/bin/debug/net6.0/bl.tests.dll" id="1ca07ad8-f799-c5d4-e7cc-34fd950198a2">
      <Execution id="855cbb7f-5207-4ada-8d89-bcd108578454" />
      <TestMethod codeBase="/mnt/c/Users/alena/Desktop/7_sem/testing_and_debugging/SkiResort/BL.Tests/bin/Debug/net6.0/BL.Tests.dll" adapterTypeName="executor://xunit/VsTestRunner2/netcoreapp" className="BL.Tests.UsersServiceTests" name="TestLogInOk" />
    </UnitTest>
    <UnitTest name="BL.Tests.UsersServiceTests.TestAdminGetUsers" storage="/mnt/c/users/alena/desktop/7_sem/testing_and_debugging/skiresort/bl.tests/bin/debug/net6.0/bl.tests.dll" id="20ad8570-0170-85de-dcd7-2f109dd7bcd6">
      <Execution id="0408d253-8c4e-4024-a920-065af52f9c3e" />
      <TestMethod codeBase="/mnt/c/Users/alena/Desktop/7_sem/testing_and_debugging/SkiResort/BL.Tests/bin/Debug/net6.0/BL.Tests.dll" adapterTypeName="executor://xunit/VsTestRunner2/netcoreapp" className="BL.Tests.UsersServiceTests" name="TestAdminGetUsers" />
    </UnitTest>
    <UnitTest name="BL.Tests.CheckPermissionsServiceTests.UnauthorizedHasNoAccessToAdminSkiPatrolFunctions(functionName: &quot;GetMessagesAsync&quot;)" storage="/mnt/c/users/alena/desktop/7_sem/testing_and_debugging/skiresort/bl.tests/bin/debug/net6.0/bl.tests.dll" id="229812f5-9a73-5335-11f5-31330d1348a5">
      <Execution id="eba2fb21-f297-4410-b778-f56ad05df02d" />
      <TestMethod codeBase="/mnt/c/Users/alena/Desktop/7_sem/testing_and_debugging/SkiResort/BL.Tests/bin/Debug/net6.0/BL.Tests.dll" adapterTypeName="executor://xunit/VsTestRunner2/netcoreapp" className="BL.Tests.CheckPermissionsServiceTests" name="UnauthorizedHasNoAccessToAdminSkiPatrolFunctions" />
    </UnitTest>
    <UnitTest name="BL.Tests.SlopesServiceTest.TestUpdateSlopeInfoAsync(userID: 165, slope: Slope { SlopeID = 185, SlopeName = slopeName3db78fb9-a5b3-44c8-96dc-edc8c76232bd, IsOpen = True, DifficultyLevel = 223, ConnectedLifts =  }, checkPermissionServiceMock: Mock&lt;ICheckPermissionService:8&gt;, slopesRepositoryStub: Mock&lt;ISlopesRepository:6&gt;, sut: SlopesService { })" storage="/mnt/c/users/alena/desktop/7_sem/testing_and_debugging/skiresort/bl.tests/bin/debug/net6.0/bl.tests.dll" id="3060ffa3-f6e3-e31a-7924-f2e82241c768">
      <Execution id="b2f70bf6-cf2d-4f12-8405-37efc0f3cd20" />
      <TestMethod codeBase="/mnt/c/Users/alena/Desktop/7_sem/testing_and_debugging/SkiResort/BL.Tests/bin/Debug/net6.0/BL.Tests.dll" adapterTypeName="executor://xunit/VsTestRunner2/netcoreapp" className="BL.Tests.SlopesServiceTest" name="TestUpdateSlopeInfoAsync" />
    </UnitTest>
    <UnitTest name="BL.Tests.LiftsServiceTest.TestUpdateLiftInfoAsync(userID: 175, lift: Lift { LiftID = 15, LiftName = liftName8ef18148-167b-4b3d-80c5-4ea3e90737c0, IsOpen = True, SeatsAmount = 54, LiftingTime = 183, QueueTime = 249, ConnectedSlopes =  }, checkPermissionServiceMock: Mock&lt;ICheckPermissionService:3&gt;, liftsRepositoryStub: Mock&lt;ILiftsRepository:3&gt;, sut: LiftsService { })" storage="/mnt/c/users/alena/desktop/7_sem/testing_and_debugging/skiresort/bl.tests/bin/debug/net6.0/bl.tests.dll" id="ff18f67c-7823-f668-cb58-66d66f0affef">
      <Execution id="74af0333-7d8a-49a6-9288-8d37f448b1ee" />
      <TestMethod codeBase="/mnt/c/Users/alena/Desktop/7_sem/testing_and_debugging/SkiResort/BL.Tests/bin/Debug/net6.0/BL.Tests.dll" adapterTypeName="executor://xunit/VsTestRunner2/netcoreapp" className="BL.Tests.LiftsServiceTest" name="TestUpdateLiftInfoAsync" />
    </UnitTest>
    <UnitTest name="BL.Tests.CheckPermissionsServiceTests.AuthorizedHasNoAccessToAdminSkiPatrolFunctions(functionName: &quot;GetLiftsSlopesInfoAsync&quot;)" storage="/mnt/c/users/alena/desktop/7_sem/testing_and_debugging/skiresort/bl.tests/bin/debug/net6.0/bl.tests.dll" id="4f297306-d4f3-8d63-e7f4-1ac0b8c58c74">
      <Execution id="4955b3dc-a795-40ca-b020-acadd29ccbfa" />
      <TestMethod codeBase="/mnt/c/Users/alena/Desktop/7_sem/testing_and_debugging/SkiResort/BL.Tests/bin/Debug/net6.0/BL.Tests.dll" adapterTypeName="executor://xunit/VsTestRunner2/netcoreapp" className="BL.Tests.CheckPermissionsServiceTests" name="AuthorizedHasNoAccessToAdminSkiPatrolFunctions" />
    </UnitTest>
    <UnitTest name="BL.Tests.LiftsSlopesServiceTests.TestGetLiftsSlopesInfoAsync(liftsSlopes: [LiftSlope { RecordID = 182, LiftID = 14, SlopeID = 114 }, LiftSlope { RecordID = 178, LiftID = 39, SlopeID = 107 }, LiftSlope { RecordID = 225, LiftID = 118, SlopeID = 104 }], slopesRepositoryStub: Mock&lt;ISlopesRepository:1&gt;, liftsRepositoryStub: Mock&lt;ILiftsRepository:6&gt;, liftsSlopesRepositoryStub: Mock&lt;ILiftsSlopesRepository:6&gt;)" storage="/mnt/c/users/alena/desktop/7_sem/testing_and_debugging/skiresort/bl.tests/bin/debug/net6.0/bl.tests.dll" id="e429852d-a6ed-7c2a-25fd-cd839b159d56">
      <Execution id="80eecc21-3607-4454-809e-a679fcb986eb" />
      <TestMethod codeBase="/mnt/c/Users/alena/Desktop/7_sem/testing_and_debugging/SkiResort/BL.Tests/bin/Debug/net6.0/BL.Tests.dll" adapterTypeName="executor://xunit/VsTestRunner2/netcoreapp" className="BL.Tests.LiftsSlopesServiceTests" name="TestGetLiftsSlopesInfoAsync" />
    </UnitTest>
    <UnitTest name="BL.Tests.UsersServiceTests.TestRegisterOk" storage="/mnt/c/users/alena/desktop/7_sem/testing_and_debugging/skiresort/bl.tests/bin/debug/net6.0/bl.tests.dll" id="0eeef75f-6e38-7893-a8fe-cff3e0a970a7">
      <Execution id="11d25176-9998-4d57-984c-2179391d2152" />
      <TestMethod codeBase="/mnt/c/Users/alena/Desktop/7_sem/testing_and_debugging/SkiResort/BL.Tests/bin/Debug/net6.0/BL.Tests.dll" adapterTypeName="executor://xunit/VsTestRunner2/netcoreapp" className="BL.Tests.UsersServiceTests" name="TestRegisterOk" />
    </UnitTest>
    <UnitTest name="BL.Tests.SlopesServiceTest.TestAdminAddSlopeAsync(userID: 55, slope: Slope { SlopeID = 102, SlopeName = slopeName9d0a19f1-bfea-4b3e-99cb-eb4a53ddb50c, IsOpen = True, DifficultyLevel = 252, ConnectedLifts =  }, checkPermissionServiceMock: Mock&lt;ICheckPermissionService:11&gt;, slopesRepositoryStub: Mock&lt;ISlopesRepository:9&gt;, sut: SlopesService { })" storage="/mnt/c/users/alena/desktop/7_sem/testing_and_debugging/skiresort/bl.tests/bin/debug/net6.0/bl.tests.dll" id="559b5817-a948-25c7-59d5-4df4fc1ecb5c">
      <Execution id="a47b7114-44e1-4969-a75f-0a5c7826f952" />
      <TestMethod codeBase="/mnt/c/Users/alena/Desktop/7_sem/testing_and_debugging/SkiResort/BL.Tests/bin/Debug/net6.0/BL.Tests.dll" adapterTypeName="executor://xunit/VsTestRunner2/netcoreapp" className="BL.Tests.SlopesServiceTest" name="TestAdminAddSlopeAsync" />
    </UnitTest>
    <UnitTest name="BL.Tests.CheckPermissionsServiceTests.AuthorizedHasAccessToAuthorizedFunctions(functionName: &quot;SendMessageAsync&quot;)" storage="/mnt/c/users/alena/desktop/7_sem/testing_and_debugging/skiresort/bl.tests/bin/debug/net6.0/bl.tests.dll" id="644ec43e-70cd-c82d-42e7-0d990be1414d">
      <Execution id="0d7793f5-54cd-4d3a-9a8e-45cca06cd8ff" />
      <TestMethod codeBase="/mnt/c/Users/alena/Desktop/7_sem/testing_and_debugging/SkiResort/BL.Tests/bin/Debug/net6.0/BL.Tests.dll" adapterTypeName="executor://xunit/VsTestRunner2/netcoreapp" className="BL.Tests.CheckPermissionsServiceTests" name="AuthorizedHasAccessToAuthorizedFunctions" />
    </UnitTest>
    <UnitTest name="BL.Tests.CheckPermissionsServiceTests.UnauthorizedHasNoAccessToAuthorizedFunctions(functionName: &quot;LogOutAsync&quot;)" storage="/mnt/c/users/alena/desktop/7_sem/testing_and_debugging/skiresort/bl.tests/bin/debug/net6.0/bl.tests.dll" id="fa960c5e-f989-2880-784e-8efe538c5231">
      <Execution id="be9506b9-ec2f-4351-b0c8-d6ae1105bac3" />
      <TestMethod codeBase="/mnt/c/Users/alena/Desktop/7_sem/testing_and_debugging/SkiResort/BL.Tests/bin/Debug/net6.0/BL.Tests.dll" adapterTypeName="executor://xunit/VsTestRunner2/netcoreapp" className="BL.Tests.CheckPermissionsServiceTests" name="UnauthorizedHasNoAccessToAuthorizedFunctions" />
    </UnitTest>
    <UnitTest name="BL.Tests.CheckPermissionsServiceTests.UnauthorizedHasNoAccessToAuthorizedFunctions(functionName: &quot;SendMessageAsync&quot;)" storage="/mnt/c/users/alena/desktop/7_sem/testing_and_debugging/skiresort/bl.tests/bin/debug/net6.0/bl.tests.dll" id="eaabd2fc-2f4b-5689-59c8-c7ad34a8f634">
      <Execution id="622a3223-9ecf-4bd5-9178-a304a7407e95" />
      <TestMethod codeBase="/mnt/c/Users/alena/Desktop/7_sem/testing_and_debugging/SkiResort/BL.Tests/bin/Debug/net6.0/BL.Tests.dll" adapterTypeName="executor://xunit/VsTestRunner2/netcoreapp" className="BL.Tests.CheckPermissionsServiceTests" name="UnauthorizedHasNoAccessToAuthorizedFunctions" />
    </UnitTest>
    <UnitTest name="BL.Tests.UsersServiceTests.TestRegisterUserWithRepeatedEmail" storage="/mnt/c/users/alena/desktop/7_sem/testing_and_debugging/skiresort/bl.tests/bin/debug/net6.0/bl.tests.dll" id="894941c1-bfa7-d8f9-c047-1e1ceefe2c2f">
      <Execution id="bfe36947-bd20-4727-82d0-d2c692b76cd0" />
      <TestMethod codeBase="/mnt/c/Users/alena/Desktop/7_sem/testing_and_debugging/SkiResort/BL.Tests/bin/Debug/net6.0/BL.Tests.dll" adapterTypeName="executor://xunit/VsTestRunner2/netcoreapp" className="BL.Tests.UsersServiceTests" name="TestRegisterUserWithRepeatedEmail" />
    </UnitTest>
    <UnitTest name="BL.Tests.LiftsServiceTest.TestGetLiftInfoAsync(userID: 230, lift: Lift { LiftID = 89, LiftName = liftNamed16aa3e4-9b28-41f9-96ea-516b36def515, IsOpen = True, SeatsAmount = 28, LiftingTime = 19, QueueTime = 172, ConnectedSlopes =  }, checkPermissionServiceMock: Mock&lt;ICheckPermissionService:1&gt;, liftsRepositoryStub: Mock&lt;ILiftsRepository:1&gt;, liftsSlopesRepositoryStub: Mock&lt;ILiftsSlopesRepository:1&gt;, sut: LiftsService { })" storage="/mnt/c/users/alena/desktop/7_sem/testing_and_debugging/skiresort/bl.tests/bin/debug/net6.0/bl.tests.dll" id="51155205-945e-eab1-0a7e-42af97bec43a">
      <Execution id="4c996c83-ffac-4e3b-a1d9-07031347ea2b" />
      <TestMethod codeBase="/mnt/c/Users/alena/Desktop/7_sem/testing_and_debugging/SkiResort/BL.Tests/bin/Debug/net6.0/BL.Tests.dll" adapterTypeName="executor://xunit/VsTestRunner2/netcoreapp" className="BL.Tests.LiftsServiceTest" name="TestGetLiftInfoAsync" />
    </UnitTest>
    <UnitTest name="BL.Tests.UsersServiceTests.TestRegisterUserWithNoEmail" storage="/mnt/c/users/alena/desktop/7_sem/testing_and_debugging/skiresort/bl.tests/bin/debug/net6.0/bl.tests.dll" id="8184bd30-991c-b78d-b4ec-99a485eac0dd">
      <Execution id="a02ac401-0d7c-472f-9318-0736a5be6710" />
      <TestMethod codeBase="/mnt/c/Users/alena/Desktop/7_sem/testing_and_debugging/SkiResort/BL.Tests/bin/Debug/net6.0/BL.Tests.dll" adapterTypeName="executor://xunit/VsTestRunner2/netcoreapp" className="BL.Tests.UsersServiceTests" name="TestRegisterUserWithNoEmail" />
    </UnitTest>
    <UnitTest name="BL.Tests.TurnstilesServiceTest.TestAdminGetTurnstileAsync(userID: 10, turnstile: Turnstile { TurnstileID = 29, LiftID = 93, IsOpen = True }, checkPermissionServiceMock: Mock&lt;ICheckPermissionService:12&gt;, turnstilesRepositoryStub: Mock&lt;ITurnstilesRepository:6&gt;, sut: TurnstilesService { })" storage="/mnt/c/users/alena/desktop/7_sem/testing_and_debugging/skiresort/bl.tests/bin/debug/net6.0/bl.tests.dll" id="510aba4b-2416-9ac1-f9c5-297d088deea0">
      <Execution id="3d75f7b2-50e8-47a2-98d0-5f6389d8a598" />
      <TestMethod codeBase="/mnt/c/Users/alena/Desktop/7_sem/testing_and_debugging/SkiResort/BL.Tests/bin/Debug/net6.0/BL.Tests.dll" adapterTypeName="executor://xunit/VsTestRunner2/netcoreapp" className="BL.Tests.TurnstilesServiceTest" name="TestAdminGetTurnstileAsync" />
    </UnitTest>
  </TestDefinitions>
  <TestEntries>
    <TestEntry testId="2602613f-c8e2-a6d9-fcf7-5b27d4a770a6" executionId="eb02635e-a771-4f34-b416-5c9c2f70947c" testListId="8c84fa94-04c1-424b-9868-57a2d4851a1d" />
    <TestEntry testId="a19a5fcf-c5d2-7d44-5d7d-84403042f4e0" executionId="95a98f09-6db9-4a10-ab0b-7d56522fac08" testListId="8c84fa94-04c1-424b-9868-57a2d4851a1d" />
    <TestEntry testId="d7e913ce-7480-b013-ed8a-ca02e8e65054" executionId="9c219238-b51e-4ca7-a7fd-4d83feb920fb" testListId="8c84fa94-04c1-424b-9868-57a2d4851a1d" />
    <TestEntry testId="20ad8570-0170-85de-dcd7-2f109dd7bcd6" executionId="0408d253-8c4e-4024-a920-065af52f9c3e" testListId="8c84fa94-04c1-424b-9868-57a2d4851a1d" />
    <TestEntry testId="a2e59116-cb53-1d70-9cb8-21c286516866" executionId="0b10f609-7913-499e-a8af-e1f3f487a0f0" testListId="8c84fa94-04c1-424b-9868-57a2d4851a1d" />
    <TestEntry testId="839f26a2-5f8d-5abc-07a1-c6bc4ae59d50" executionId="bd8935ed-b16f-43e7-a9ae-d70241c36c56" testListId="8c84fa94-04c1-424b-9868-57a2d4851a1d" />
    <TestEntry testId="69340bb6-3645-f9dd-971e-29d8b2a009bb" executionId="2702cabc-958f-4d2e-8f71-7f9ba4481c82" testListId="8c84fa94-04c1-424b-9868-57a2d4851a1d" />
    <TestEntry testId="2f13ff30-120c-1025-25ec-7e8a2bf5de9d" executionId="84b1c758-cfdf-4287-b906-bbdcdcf7fdbb" testListId="8c84fa94-04c1-424b-9868-57a2d4851a1d" />
    <TestEntry testId="e2d7e5be-3dae-33ae-fb17-c704b6fd58d6" executionId="79e79ce9-29a5-4891-bc5d-dbb69a43b7f2" testListId="8c84fa94-04c1-424b-9868-57a2d4851a1d" />
    <TestEntry testId="aa28a6b3-21d3-aa45-24d3-bef2facbc899" executionId="42a2ecc8-b79c-4968-9f5f-0f49ce7bb8f3" testListId="8c84fa94-04c1-424b-9868-57a2d4851a1d" />
    <TestEntry testId="ff18f67c-7823-f668-cb58-66d66f0affef" executionId="74af0333-7d8a-49a6-9288-8d37f448b1ee" testListId="8c84fa94-04c1-424b-9868-57a2d4851a1d" />
    <TestEntry testId="559b5817-a948-25c7-59d5-4df4fc1ecb5c" executionId="a47b7114-44e1-4969-a75f-0a5c7826f952" testListId="8c84fa94-04c1-424b-9868-57a2d4851a1d" />
    <TestEntry testId="4f297306-d4f3-8d63-e7f4-1ac0b8c58c74" executionId="4955b3dc-a795-40ca-b020-acadd29ccbfa" testListId="8c84fa94-04c1-424b-9868-57a2d4851a1d" />
    <TestEntry testId="7e0b2cae-0c68-787f-8e35-692be46c3c62" executionId="c9f30bc4-2f5d-4a0b-88d4-09e461f62634" testListId="8c84fa94-04c1-424b-9868-57a2d4851a1d" />
    <TestEntry testId="0eeef75f-6e38-7893-a8fe-cff3e0a970a7" executionId="11d25176-9998-4d57-984c-2179391d2152" testListId="8c84fa94-04c1-424b-9868-57a2d4851a1d" />
    <TestEntry testId="1047f779-facf-1f8f-d15b-9ce1b35724bf" executionId="c996b0ce-4461-44e1-834c-4f5305214546" testListId="8c84fa94-04c1-424b-9868-57a2d4851a1d" />
    <TestEntry testId="51155205-945e-eab1-0a7e-42af97bec43a" executionId="4c996c83-ffac-4e3b-a1d9-07031347ea2b" testListId="8c84fa94-04c1-424b-9868-57a2d4851a1d" />
    <TestEntry testId="894941c1-bfa7-d8f9-c047-1e1ceefe2c2f" executionId="bfe36947-bd20-4727-82d0-d2c692b76cd0" testListId="8c84fa94-04c1-424b-9868-57a2d4851a1d" />
    <TestEntry testId="9c7df5e2-1b23-ebea-889f-b78ca86b60ab" executionId="df4dc75a-5d86-4bb2-b97d-7bc4d8984472" testListId="8c84fa94-04c1-424b-9868-57a2d4851a1d" />
    <TestEntry testId="60bd668f-04df-da5e-b79b-5d9aedb5234d" executionId="e1bedf2e-801f-437d-a460-77191f5815ef" testListId="8c84fa94-04c1-424b-9868-57a2d4851a1d" />
    <TestEntry testId="3060ffa3-f6e3-e31a-7924-f2e82241c768" executionId="b2f70bf6-cf2d-4f12-8405-37efc0f3cd20" testListId="8c84fa94-04c1-424b-9868-57a2d4851a1d" />
    <TestEntry testId="229812f5-9a73-5335-11f5-31330d1348a5" executionId="eba2fb21-f297-4410-b778-f56ad05df02d" testListId="8c84fa94-04c1-424b-9868-57a2d4851a1d" />
    <TestEntry testId="510aba4b-2416-9ac1-f9c5-297d088deea0" executionId="3d75f7b2-50e8-47a2-98d0-5f6389d8a598" testListId="8c84fa94-04c1-424b-9868-57a2d4851a1d" />
    <TestEntry testId="15de6b22-2236-e8aa-485b-737fd5c4f379" executionId="96891d12-17fe-48a4-93a1-870d8ac3465f" testListId="8c84fa94-04c1-424b-9868-57a2d4851a1d" />
    <TestEntry testId="f44a1b21-8efc-bfac-63b4-d534442def31" executionId="1880adab-ed11-42c0-8109-56e8ab51ee3c" testListId="8c84fa94-04c1-424b-9868-57a2d4851a1d" />
    <TestEntry testId="098391ff-9aba-432a-ed23-7b85eadad0dd" executionId="6c3bf3b3-723f-4d67-a278-d067633a29c5" testListId="8c84fa94-04c1-424b-9868-57a2d4851a1d" />
    <TestEntry testId="18fa8c62-e27d-e1fc-8182-4d7db62b008d" executionId="9639b1d5-1c3f-4f0a-b1b6-3feae6377859" testListId="8c84fa94-04c1-424b-9868-57a2d4851a1d" />
    <TestEntry testId="644ec43e-70cd-c82d-42e7-0d990be1414d" executionId="0d7793f5-54cd-4d3a-9a8e-45cca06cd8ff" testListId="8c84fa94-04c1-424b-9868-57a2d4851a1d" />
    <TestEntry testId="834c739b-eca4-b36d-6a66-5a1bd75377b8" executionId="1156fee1-822c-4d30-8c62-f004c4896924" testListId="8c84fa94-04c1-424b-9868-57a2d4851a1d" />
    <TestEntry testId="fa960c5e-f989-2880-784e-8efe538c5231" executionId="be9506b9-ec2f-4351-b0c8-d6ae1105bac3" testListId="8c84fa94-04c1-424b-9868-57a2d4851a1d" />
    <TestEntry testId="387c9729-48c1-486e-5e67-f5d11a9f0db8" executionId="be0751b7-8ae7-44fc-b0ce-34a98da8a3eb" testListId="8c84fa94-04c1-424b-9868-57a2d4851a1d" />
    <TestEntry testId="55e5873c-f83e-dcf4-17f4-227eb5d1db8e" executionId="0a45bdd7-2b8e-468b-bd73-60bf2d74141a" testListId="8c84fa94-04c1-424b-9868-57a2d4851a1d" />
    <TestEntry testId="7951eab8-16b3-307e-011d-5a4f15bd4d56" executionId="e9e2ee8d-0537-42e1-b16e-1971660a7c11" testListId="8c84fa94-04c1-424b-9868-57a2d4851a1d" />
    <TestEntry testId="f3efc418-a8a6-c7b7-9bac-90b33aa8472f" executionId="a615a648-2930-429f-9be2-e39f05da2892" testListId="8c84fa94-04c1-424b-9868-57a2d4851a1d" />
    <TestEntry testId="8d6c9ba1-ae7a-0da4-fc9f-dd7ae5479a7c" executionId="1b84e244-169c-4d54-8ae1-5e6b70399cc7" testListId="8c84fa94-04c1-424b-9868-57a2d4851a1d" />
    <TestEntry testId="2d706594-f2b3-b3c8-21d4-86c9798c3306" executionId="8339717b-ec50-496a-891a-36da367266c5" testListId="8c84fa94-04c1-424b-9868-57a2d4851a1d" />
    <TestEntry testId="06d0bc3a-24a0-fb7f-4277-e9ae6d21c7dd" executionId="e08b5b32-4758-4750-a3f1-9531519bb218" testListId="8c84fa94-04c1-424b-9868-57a2d4851a1d" />
    <TestEntry testId="eaabd2fc-2f4b-5689-59c8-c7ad34a8f634" executionId="622a3223-9ecf-4bd5-9178-a304a7407e95" testListId="8c84fa94-04c1-424b-9868-57a2d4851a1d" />
    <TestEntry testId="e5497347-2721-b7a6-0bd4-69a9921f6947" executionId="87f14405-bf2a-46c0-b34a-6310125cd7e5" testListId="8c84fa94-04c1-424b-9868-57a2d4851a1d" />
    <TestEntry testId="1ca07ad8-f799-c5d4-e7cc-34fd950198a2" executionId="855cbb7f-5207-4ada-8d89-bcd108578454" testListId="8c84fa94-04c1-424b-9868-57a2d4851a1d" />
    <TestEntry testId="e429852d-a6ed-7c2a-25fd-cd839b159d56" executionId="80eecc21-3607-4454-809e-a679fcb986eb" testListId="8c84fa94-04c1-424b-9868-57a2d4851a1d" />
    <TestEntry testId="c36970dc-93f7-753e-fa47-157133b01644" executionId="d239f0af-53c2-4aa8-bf93-56c1eb51fa75" testListId="8c84fa94-04c1-424b-9868-57a2d4851a1d" />
    <TestEntry testId="8184bd30-991c-b78d-b4ec-99a485eac0dd" executionId="a02ac401-0d7c-472f-9318-0736a5be6710" testListId="8c84fa94-04c1-424b-9868-57a2d4851a1d" />
    <TestEntry testId="8b7dcb73-65bc-8c78-ff40-7d7c42604ee3" executionId="b09994e9-6098-4c64-94d9-12c1cca72951" testListId="8c84fa94-04c1-424b-9868-57a2d4851a1d" />
    <TestEntry testId="46cff29a-8e33-66ff-4a64-fca5dbe3db1f" executionId="07f27afe-5871-42ba-8dd9-b8f32c6109f7" testListId="8c84fa94-04c1-424b-9868-57a2d4851a1d" />
    <TestEntry testId="f969bb74-9aaf-73bc-d4e1-2048bc1284ef" executionId="9a4d7ae0-a7fd-435f-8a13-2fdf8008cd2e" testListId="8c84fa94-04c1-424b-9868-57a2d4851a1d" />
    <TestEntry testId="492c0393-35b4-df26-a537-21ca08302f3c" executionId="7f18e8a3-5215-4fd5-97e6-94d33508c9f2" testListId="8c84fa94-04c1-424b-9868-57a2d4851a1d" />
  </TestEntries>
  <TestLists>
    <TestList name="Results Not in a List" id="8c84fa94-04c1-424b-9868-57a2d4851a1d" />
    <TestList name="All Loaded Results" id="19431567-8539-422a-85d7-44ee4e166bda" />
  </TestLists>
  <ResultSummary outcome="Completed">
    <Counters total="47" executed="47" passed="47" failed="0" error="0" timeout="0" aborted="0" inconclusive="0" passedButRunAborted="0" notRunnable="0" notExecuted="0" disconnected="0" warning="0" completed="0" inProgress="0" pending="0" />
    <Output>
      <StdOut>[xUnit.net 00:00:00.00] xUnit.net VSTest Adapter v2.4.5+1caef2f33e (64-bit .NET 6.0.10)
[xUnit.net 00:00:00.87]   Discovering: BL.Tests
[xUnit.net 00:00:01.07]   Discovered:  BL.Tests
[xUnit.net 00:00:01.07]   Starting:    BL.Tests
[xUnit.net 00:00:01.48]   Finished:    BL.Tests
</StdOut>
    </Output>
  </ResultSummary>
</TestRun>