<?xml version="1.0" encoding="utf-8"?>
<TestRun id="40832458-19ca-491f-8c5a-33848a8217da" name="@DESKTOP-TJ9D65N 2022-10-21 17:03:06" xmlns="http://microsoft.com/schemas/VisualStudio/TeamTest/2010">
  <Times creation="2022-10-21T17:03:06.2376902+03:00" queuing="2022-10-21T17:03:06.2376904+03:00" start="2022-10-21T17:03:03.6119295+03:00" finish="2022-10-21T17:03:06.5126372+03:00" />
  <TestSettings name="default" id="ed004ef3-563d-466b-94d9-ba1386239911">
    <Deployment runDeploymentRoot="_DESKTOP-TJ9D65N_2022-10-21_17_03_06" />
  </TestSettings>
  <Results>
    <UnitTestResult executionId="62a3993d-de36-4007-b82f-96293420bd98" testId="68e01923-fcac-9fe8-aa8b-eb10e056e88a" testName="BL.Tests.LiftsServiceTest.TestGetLiftInfoAsync(userID: 240, lift: Lift { LiftID = 14, LiftName = liftName3a0bd6d4-ae00-4147-93b6-53ecab4b5af9, IsOpen = True, SeatsAmount = 234, LiftingTime = 163, QueueTime = 122, ConnectedSlopes =  }, checkPermissionServiceMock: Mock&lt;ICheckPermissionService:1&gt;, liftsRepositoryStub: Mock&lt;ILiftsRepository:1&gt;, liftsSlopesRepositoryStub: Mock&lt;ILiftsSlopesRepository:1&gt;, sut: LiftsService { })" computerName="DESKTOP-TJ9D65N" duration="00:00:00.0092488" startTime="2022-10-21T17:03:06.3257210+03:00" endTime="2022-10-21T17:03:06.3257211+03:00" testType="13cdc9d9-ddb5-4fa4-a97d-d965ccfc6d4b" outcome="Passed" testListId="8c84fa94-04c1-424b-9868-57a2d4851a1d" relativeResultsDirectory="62a3993d-de36-4007-b82f-96293420bd98" />
    <UnitTestResult executionId="ac34dc64-33c8-4dcc-a039-aac8a3d94570" testId="20ad8570-0170-85de-dcd7-2f109dd7bcd6" testName="BL.Tests.UsersServiceTests.TestAdminGetUsers" computerName="DESKTOP-TJ9D65N" duration="00:00:00.0502948" startTime="2022-10-21T17:03:06.1315252+03:00" endTime="2022-10-21T17:03:06.1315252+03:00" testType="13cdc9d9-ddb5-4fa4-a97d-d965ccfc6d4b" outcome="Passed" testListId="8c84fa94-04c1-424b-9868-57a2d4851a1d" relativeResultsDirectory="ac34dc64-33c8-4dcc-a039-aac8a3d94570" />
    <UnitTestResult executionId="3fe85398-32ba-4b7c-aee0-fff50ec95f9a" testId="a01635cc-471d-aa93-5434-e540c132f8ca" testName="BL.Tests.TurnstilesServiceTest.TestAdminGetTurnstilesAsync(userID: 28, initialTurnstiles: [Turnstile { TurnstileID = 43, LiftID = 168, IsOpen = True }, Turnstile { TurnstileID = 184, LiftID = 198, IsOpen = False }, Turnstile { TurnstileID = 136, LiftID = 3, IsOpen = True }], checkPermissionServiceMock: Mock&lt;ICheckPermissionService:13&gt;, turnstilesRepositoryStub: Mock&lt;ITurnstilesRepository:7&gt;, sut: TurnstilesService { })" computerName="DESKTOP-TJ9D65N" duration="00:00:00.0070489" startTime="2022-10-21T17:03:06.2142399+03:00" endTime="2022-10-21T17:03:06.2142400+03:00" testType="13cdc9d9-ddb5-4fa4-a97d-d965ccfc6d4b" outcome="Passed" testListId="8c84fa94-04c1-424b-9868-57a2d4851a1d" relativeResultsDirectory="3fe85398-32ba-4b7c-aee0-fff50ec95f9a" />
    <UnitTestResult executionId="9df48041-7b29-4709-b717-2fb9cde60e2b" testId="18fa8c62-e27d-e1fc-8182-4d7db62b008d" testName="BL.Tests.UsersServiceTests.TestAdminDeleteUser" computerName="DESKTOP-TJ9D65N" duration="00:00:00.0029450" startTime="2022-10-21T17:03:06.3827036+03:00" endTime="2022-10-21T17:03:06.3827037+03:00" testType="13cdc9d9-ddb5-4fa4-a97d-d965ccfc6d4b" outcome="Passed" testListId="8c84fa94-04c1-424b-9868-57a2d4851a1d" relativeResultsDirectory="9df48041-7b29-4709-b717-2fb9cde60e2b" />
    <UnitTestResult executionId="5b0198e1-49c4-4146-9778-1ef0228df371" testId="8184bd30-991c-b78d-b4ec-99a485eac0dd" testName="BL.Tests.UsersServiceTests.TestRegisterUserWithNoEmail" computerName="DESKTOP-TJ9D65N" duration="00:00:00.0046723" startTime="2022-10-21T17:03:06.1947047+03:00" endTime="2022-10-21T17:03:06.1947047+03:00" testType="13cdc9d9-ddb5-4fa4-a97d-d965ccfc6d4b" outcome="Passed" testListId="8c84fa94-04c1-424b-9868-57a2d4851a1d" relativeResultsDirectory="5b0198e1-49c4-4146-9778-1ef0228df371" />
    <UnitTestResult executionId="30d68bd4-e739-4577-ab05-8b74466c5548" testId="092d4457-ee76-9827-b61f-96301f0b1407" testName="BL.Tests.SlopesServiceTest.TestGetSlopeInfoAsync(userID: 27, slope: Slope { SlopeID = 223, SlopeName = slopeName2d698744-b162-4f45-b98a-5156dfcbebb2, IsOpen = True, DifficultyLevel = 23, ConnectedLifts =  }, checkPermissionServiceMock: Mock&lt;ICheckPermissionService:6&gt;, slopesRepositoryStub: Mock&lt;ISlopesRepository:4&gt;, liftsSlopesRepositoryStub: Mock&lt;ILiftsSlopesRepository:9&gt;, sut: SlopesService { })" computerName="DESKTOP-TJ9D65N" duration="00:00:00.0464011" startTime="2022-10-21T17:03:06.1314217+03:00" endTime="2022-10-21T17:03:06.1314218+03:00" testType="13cdc9d9-ddb5-4fa4-a97d-d965ccfc6d4b" outcome="Passed" testListId="8c84fa94-04c1-424b-9868-57a2d4851a1d" relativeResultsDirectory="30d68bd4-e739-4577-ab05-8b74466c5548" />
    <UnitTestResult executionId="dde09558-3eb8-4772-947b-2e40cd7ab3b0" testId="f44a1b21-8efc-bfac-63b4-d534442def31" testName="BL.Tests.UsersServiceTests.TestRegisterUserWithNoPassword" computerName="DESKTOP-TJ9D65N" duration="00:00:00.0018231" startTime="2022-10-21T17:03:06.2000952+03:00" endTime="2022-10-21T17:03:06.2000953+03:00" testType="13cdc9d9-ddb5-4fa4-a97d-d965ccfc6d4b" outcome="Passed" testListId="8c84fa94-04c1-424b-9868-57a2d4851a1d" relativeResultsDirectory="dde09558-3eb8-4772-947b-2e40cd7ab3b0" />
    <UnitTestResult executionId="5ae246c6-0864-4780-8ee8-d73038b59fc9" testId="38f7a7c3-be88-777e-148d-e39f2077f7ba" testName="BL.Tests.SlopesServiceTest.TestGetSlopesInfoAsync(userID: 31, initialSlopes: [Slope { SlopeID = 54, SlopeName = slopeName434fe8f8-ac48-4ecf-9620-a68bc3adbdf5, IsOpen = True, DifficultyLevel = 144, ConnectedLifts =  }, Slope { SlopeID = 32, SlopeName = slopeName3e121b66-ba45-4bae-a2c2-9607710423d6, IsOpen = False, DifficultyLevel = 11, ConnectedLifts =  }, Slope { SlopeID = 29, SlopeName = slopeName59540ad4-d46b-41cb-a896-14b17af8d3f1, IsOpen = True, DifficultyLevel = 74, ConnectedLifts =  }], checkPermissionServiceMock: Mock&lt;ICheckPermissionService:7&gt;, slopesRepositoryStub: Mock&lt;ISlopesRepository:5&gt;, liftsSlopesRepositoryStub: Mock&lt;ILiftsSlopesRepository:10&gt;, sut: SlopesService { })" computerName="DESKTOP-TJ9D65N" duration="00:00:00.0148051" startTime="2022-10-21T17:03:06.2966701+03:00" endTime="2022-10-21T17:03:06.2966702+03:00" testType="13cdc9d9-ddb5-4fa4-a97d-d965ccfc6d4b" outcome="Passed" testListId="8c84fa94-04c1-424b-9868-57a2d4851a1d" relativeResultsDirectory="5ae246c6-0864-4780-8ee8-d73038b59fc9" />
    <UnitTestResult executionId="ea4dfdf8-c879-46e9-ac9a-3cdc58690c92" testId="60bd668f-04df-da5e-b79b-5d9aedb5234d" testName="BL.Tests.CheckPermissionsServiceTests.SkiPatrolHasAccessToAdminSkiPatrolFunctions(functionName: &quot;MarkMessageReadByUserAsync&quot;)" computerName="DESKTOP-TJ9D65N" duration="00:00:00.0012768" startTime="2022-10-21T17:03:06.3146853+03:00" endTime="2022-10-21T17:03:06.3146854+03:00" testType="13cdc9d9-ddb5-4fa4-a97d-d965ccfc6d4b" outcome="Passed" testListId="8c84fa94-04c1-424b-9868-57a2d4851a1d" relativeResultsDirectory="ea4dfdf8-c879-46e9-ac9a-3cdc58690c92" />
    <UnitTestResult executionId="0c5923ee-e5a6-495b-8b84-4e9d057de9a5" testId="d6d9c39d-52b7-aed6-2147-4459579f0004" testName="BL.Tests.TurnstilesServiceTest.TestAdminDeleteTurnstileAsync(userID: 65, turnstile: Turnstile { TurnstileID = 128, LiftID = 173, IsOpen = True }, checkPermissionServiceMock: Mock&lt;ICheckPermissionService:15&gt;, turnstilesRepositoryStub: Mock&lt;ITurnstilesRepository:9&gt;, sut: TurnstilesService { })" computerName="DESKTOP-TJ9D65N" duration="00:00:00.0048229" startTime="2022-10-21T17:03:06.2622288+03:00" endTime="2022-10-21T17:03:06.2622289+03:00" testType="13cdc9d9-ddb5-4fa4-a97d-d965ccfc6d4b" outcome="Passed" testListId="8c84fa94-04c1-424b-9868-57a2d4851a1d" relativeResultsDirectory="0c5923ee-e5a6-495b-8b84-4e9d057de9a5" />
    <UnitTestResult executionId="30bc385a-4af9-4ee6-a6ca-7b7f80b3ab2c" testId="a2e59116-cb53-1d70-9cb8-21c286516866" testName="BL.Tests.CheckPermissionsServiceTests.AuthorizedHasNoAccessToAdminFunctions" computerName="DESKTOP-TJ9D65N" duration="00:00:00.0033440" startTime="2022-10-21T17:03:06.3411965+03:00" endTime="2022-10-21T17:03:06.3411966+03:00" testType="13cdc9d9-ddb5-4fa4-a97d-d965ccfc6d4b" outcome="Passed" testListId="8c84fa94-04c1-424b-9868-57a2d4851a1d" relativeResultsDirectory="30bc385a-4af9-4ee6-a6ca-7b7f80b3ab2c" />
    <UnitTestResult executionId="dbd8271f-f9c8-4a90-98cd-39020d9903ca" testId="e2d7e5be-3dae-33ae-fb17-c704b6fd58d6" testName="BL.Tests.CheckPermissionsServiceTests.UnauthorizedHasNoAccessToAdminFunctions" computerName="DESKTOP-TJ9D65N" duration="00:00:00.0030105" startTime="2022-10-21T17:03:06.4105102+03:00" endTime="2022-10-21T17:03:06.4105102+03:00" testType="13cdc9d9-ddb5-4fa4-a97d-d965ccfc6d4b" outcome="Passed" testListId="8c84fa94-04c1-424b-9868-57a2d4851a1d" relativeResultsDirectory="dbd8271f-f9c8-4a90-98cd-39020d9903ca" />
    <UnitTestResult executionId="185e63a5-8d54-4965-8ded-0f53cf6e0eca" testId="e5497347-2721-b7a6-0bd4-69a9921f6947" testName="BL.Tests.UsersServiceTests.TestAdminGetUserByIDAsync" computerName="DESKTOP-TJ9D65N" duration="00:00:00.0031470" startTime="2022-10-21T17:03:06.3709632+03:00" endTime="2022-10-21T17:03:06.3709633+03:00" testType="13cdc9d9-ddb5-4fa4-a97d-d965ccfc6d4b" outcome="Passed" testListId="8c84fa94-04c1-424b-9868-57a2d4851a1d" relativeResultsDirectory="185e63a5-8d54-4965-8ded-0f53cf6e0eca" />
    <UnitTestResult executionId="3e357155-b57d-4ff7-a546-db87fe30c90b" testId="0eeef75f-6e38-7893-a8fe-cff3e0a970a7" testName="BL.Tests.UsersServiceTests.TestRegisterOk" computerName="DESKTOP-TJ9D65N" duration="00:00:00.0121251" startTime="2022-10-21T17:03:06.3079832+03:00" endTime="2022-10-21T17:03:06.3079833+03:00" testType="13cdc9d9-ddb5-4fa4-a97d-d965ccfc6d4b" outcome="Passed" testListId="8c84fa94-04c1-424b-9868-57a2d4851a1d" relativeResultsDirectory="3e357155-b57d-4ff7-a546-db87fe30c90b" />
    <UnitTestResult executionId="34aa9a1d-7bc3-4925-ab3c-7595afacf5d7" testId="69340bb6-3645-f9dd-971e-29d8b2a009bb" testName="BL.Tests.UsersServiceTests.TestLogInWithWrongPassword" computerName="DESKTOP-TJ9D65N" duration="00:00:00.0028425" startTime="2022-10-21T17:03:06.3377147+03:00" endTime="2022-10-21T17:03:06.3377148+03:00" testType="13cdc9d9-ddb5-4fa4-a97d-d965ccfc6d4b" outcome="Passed" testListId="8c84fa94-04c1-424b-9868-57a2d4851a1d" relativeResultsDirectory="34aa9a1d-7bc3-4925-ab3c-7595afacf5d7" />
    <UnitTestResult executionId="5781f313-6d86-4944-85b2-3ea7bb4037e1" testId="2602613f-c8e2-a6d9-fcf7-5b27d4a770a6" testName="BL.Tests.CheckPermissionsServiceTests.AuthorizedHasNoAccessToAdminSkiPatrolFunctions(functionName: &quot;GetMessagesAsync&quot;)" computerName="DESKTOP-TJ9D65N" duration="00:00:00.0077744" startTime="2022-10-21T17:03:06.3575204+03:00" endTime="2022-10-21T17:03:06.3575205+03:00" testType="13cdc9d9-ddb5-4fa4-a97d-d965ccfc6d4b" outcome="Passed" testListId="8c84fa94-04c1-424b-9868-57a2d4851a1d" relativeResultsDirectory="5781f313-6d86-4944-85b2-3ea7bb4037e1" />
    <UnitTestResult executionId="02ca8098-a16f-458f-8def-d0d40495fd8e" testId="fa960c5e-f989-2880-784e-8efe538c5231" testName="BL.Tests.CheckPermissionsServiceTests.UnauthorizedHasNoAccessToAuthorizedFunctions(functionName: &quot;LogOutAsync&quot;)" computerName="DESKTOP-TJ9D65N" duration="00:00:00.0018740" startTime="2022-10-21T17:03:06.2753291+03:00" endTime="2022-10-21T17:03:06.2753292+03:00" testType="13cdc9d9-ddb5-4fa4-a97d-d965ccfc6d4b" outcome="Passed" testListId="8c84fa94-04c1-424b-9868-57a2d4851a1d" relativeResultsDirectory="02ca8098-a16f-458f-8def-d0d40495fd8e" />
    <UnitTestResult executionId="fa5fd925-e706-47e6-b5a1-5210d2934a39" testId="eaabd2fc-2f4b-5689-59c8-c7ad34a8f634" testName="BL.Tests.CheckPermissionsServiceTests.UnauthorizedHasNoAccessToAuthorizedFunctions(functionName: &quot;SendMessageAsync&quot;)" computerName="DESKTOP-TJ9D65N" duration="00:00:00.0061646" startTime="2022-10-21T17:03:06.2555971+03:00" endTime="2022-10-21T17:03:06.2555973+03:00" testType="13cdc9d9-ddb5-4fa4-a97d-d965ccfc6d4b" outcome="Passed" testListId="8c84fa94-04c1-424b-9868-57a2d4851a1d" relativeResultsDirectory="fa5fd925-e706-47e6-b5a1-5210d2934a39" />
    <UnitTestResult executionId="4e4845af-d9dd-4135-a752-08f633de8460" testId="9c7df5e2-1b23-ebea-889f-b78ca86b60ab" testName="BL.Tests.CheckPermissionsServiceTests.AuthorizedHasNoAccessToAdminSkiPatrolFunctions(functionName: &quot;MarkMessageReadByUserAsync&quot;)" computerName="DESKTOP-TJ9D65N" duration="00:00:00.0015640" startTime="2022-10-21T17:03:06.3682980+03:00" endTime="2022-10-21T17:03:06.3682981+03:00" testType="13cdc9d9-ddb5-4fa4-a97d-d965ccfc6d4b" outcome="Passed" testListId="8c84fa94-04c1-424b-9868-57a2d4851a1d" relativeResultsDirectory="4e4845af-d9dd-4135-a752-08f633de8460" />
    <UnitTestResult executionId="09d15416-a23c-4cdc-ab59-62dfafd4ab0e" testId="e49f4244-5843-9f6a-7b92-e8d93ed9da33" testName="BL.Tests.SlopesServiceTest.TestAdminAddAutoIncrementSlopeAsync(userID: 213, slope: Slope { SlopeID = 175, SlopeName = slopeNamec3520d75-d66a-4298-a46d-dc3e10a7c55a, IsOpen = True, DifficultyLevel = 61, ConnectedLifts =  }, checkPermissionServiceMock: Mock&lt;ICheckPermissionService:10&gt;, slopesRepositoryStub: Mock&lt;ISlopesRepository:8&gt;, sut: SlopesService { })" computerName="DESKTOP-TJ9D65N" duration="00:00:00.0078083" startTime="2022-10-21T17:03:06.3161758+03:00" endTime="2022-10-21T17:03:06.3161760+03:00" testType="13cdc9d9-ddb5-4fa4-a97d-d965ccfc6d4b" outcome="Passed" testListId="8c84fa94-04c1-424b-9868-57a2d4851a1d" relativeResultsDirectory="09d15416-a23c-4cdc-ab59-62dfafd4ab0e" />
    <UnitTestResult executionId="83cb63ae-1294-4e5e-a71f-22922916e524" testId="06d0bc3a-24a0-fb7f-4277-e9ae6d21c7dd" testName="BL.Tests.UsersServiceTests.TestAdminUpdateUser" computerName="DESKTOP-TJ9D65N" duration="00:00:00.0066771" startTime="2022-10-21T17:03:06.2783504+03:00" endTime="2022-10-21T17:03:06.2783505+03:00" testType="13cdc9d9-ddb5-4fa4-a97d-d965ccfc6d4b" outcome="Passed" testListId="8c84fa94-04c1-424b-9868-57a2d4851a1d" relativeResultsDirectory="83cb63ae-1294-4e5e-a71f-22922916e524" />
    <UnitTestResult executionId="ab2fdd85-b41f-48db-9056-6769e355a16d" testId="4f297306-d4f3-8d63-e7f4-1ac0b8c58c74" testName="BL.Tests.CheckPermissionsServiceTests.AuthorizedHasNoAccessToAdminSkiPatrolFunctions(functionName: &quot;GetLiftsSlopesInfoAsync&quot;)" computerName="DESKTOP-TJ9D65N" duration="00:00:00.0013331" startTime="2022-10-21T17:03:06.3775975+03:00" endTime="2022-10-21T17:03:06.3775976+03:00" testType="13cdc9d9-ddb5-4fa4-a97d-d965ccfc6d4b" outcome="Passed" testListId="8c84fa94-04c1-424b-9868-57a2d4851a1d" relativeResultsDirectory="ab2fdd85-b41f-48db-9056-6769e355a16d" />
    <UnitTestResult executionId="255a9afa-1036-49c4-bd9b-8ccf2ed9c9af" testId="8524292e-4de9-5921-2a23-7fffcb73d8cf" testName="BL.Tests.SlopesServiceTest.TestUpdateSlopeInfoAsync(userID: 146, slope: Slope { SlopeID = 255, SlopeName = slopeNamea99941e4-edb8-4848-a4f7-c7258fa31609, IsOpen = True, DifficultyLevel = 135, ConnectedLifts =  }, checkPermissionServiceMock: Mock&lt;ICheckPermissionService:8&gt;, slopesRepositoryStub: Mock&lt;ISlopesRepository:6&gt;, sut: SlopesService { })" computerName="DESKTOP-TJ9D65N" duration="00:00:00.0093997" startTime="2022-10-21T17:03:06.1947794+03:00" endTime="2022-10-21T17:03:06.1947795+03:00" testType="13cdc9d9-ddb5-4fa4-a97d-d965ccfc6d4b" outcome="Passed" testListId="8c84fa94-04c1-424b-9868-57a2d4851a1d" relativeResultsDirectory="255a9afa-1036-49c4-bd9b-8ccf2ed9c9af" />
    <UnitTestResult executionId="6e91784f-1247-4546-8c0d-fd45929db5fb" testId="969c615a-71c4-d626-257f-078fa5e9c6d3" testName="BL.Tests.TurnstilesServiceTest.TestAdminUpdateTurnstileAsync(userID: 130, turnstile: Turnstile { TurnstileID = 165, LiftID = 177, IsOpen = True }, checkPermissionServiceMock: Mock&lt;ICheckPermissionService:14&gt;, turnstilesRepositoryStub: Mock&lt;ITurnstilesRepository:8&gt;, sut: TurnstilesService { })" computerName="DESKTOP-TJ9D65N" duration="00:00:00.0072277" startTime="2022-10-21T17:03:06.1947579+03:00" endTime="2022-10-21T17:03:06.1947579+03:00" testType="13cdc9d9-ddb5-4fa4-a97d-d965ccfc6d4b" outcome="Passed" testListId="8c84fa94-04c1-424b-9868-57a2d4851a1d" relativeResultsDirectory="6e91784f-1247-4546-8c0d-fd45929db5fb" />
    <UnitTestResult executionId="d717e9c7-3e5d-4b09-b05a-3f6a46601646" testId="bfbb02fb-9970-8f0e-5346-3f6fe8f87cec" testName="BL.Tests.LiftsServiceTest.TestGetLiftsInfoAsync(userID: 117, initialLifts: [Lift { LiftID = 148, LiftName = liftName8ebbedfd-acba-465b-9ca8-c0d4cd980263, IsOpen = True, SeatsAmount = 89, LiftingTime = 33, QueueTime = 125, ConnectedSlopes =  }, Lift { LiftID = 26, LiftName = liftName37dbd141-3154-4105-9020-53a2e652ec98, IsOpen = False, SeatsAmount = 65, LiftingTime = 190, QueueTime = 53, ConnectedSlopes =  }, Lift { LiftID = 32, LiftName = liftNamebaf8f0e7-3c8b-45f3-b35c-4c3987705e45, IsOpen = True, SeatsAmount = 166, LiftingTime = 94, QueueTime = 215, ConnectedSlopes =  }], checkPermissionServiceMock: Mock&lt;ICheckPermissionService:2&gt;, liftsRepositoryStub: Mock&lt;ILiftsRepository:2&gt;, liftsSlopesRepositoryStub: Mock&lt;ILiftsSlopesRepository:2&gt;, sut: LiftsService { })" computerName="DESKTOP-TJ9D65N" duration="00:00:00.0621738" startTime="2022-10-21T17:03:06.2390911+03:00" endTime="2022-10-21T17:03:06.2390912+03:00" testType="13cdc9d9-ddb5-4fa4-a97d-d965ccfc6d4b" outcome="Passed" testListId="8c84fa94-04c1-424b-9868-57a2d4851a1d" relativeResultsDirectory="d717e9c7-3e5d-4b09-b05a-3f6a46601646" />
    <UnitTestResult executionId="46538fbf-0269-4f8c-b06e-f5e363ed65ce" testId="0bbb59f6-3fb0-0193-bcea-d3ea3cdb07f6" testName="BL.Tests.TurnstilesServiceTest.TestAdminGetTurnstileAsync(userID: 113, turnstile: Turnstile { TurnstileID = 27, LiftID = 173, IsOpen = True }, checkPermissionServiceMock: Mock&lt;ICheckPermissionService:12&gt;, turnstilesRepositoryStub: Mock&lt;ITurnstilesRepository:6&gt;, sut: TurnstilesService { })" computerName="DESKTOP-TJ9D65N" duration="00:00:00.0049350" startTime="2022-10-21T17:03:06.2814962+03:00" endTime="2022-10-21T17:03:06.2814962+03:00" testType="13cdc9d9-ddb5-4fa4-a97d-d965ccfc6d4b" outcome="Passed" testListId="8c84fa94-04c1-424b-9868-57a2d4851a1d" relativeResultsDirectory="46538fbf-0269-4f8c-b06e-f5e363ed65ce" />
    <UnitTestResult executionId="f1f711c6-3b4d-4bf3-bd3f-487f454d1be1" testId="bce69335-cfd5-4ce8-c6d4-150aa9913ee6" testName="BL.Tests.LiftsServiceTest.TestAdminDeleteLiftAsync(userID: 231, lift: Lift { LiftID = 212, LiftName = liftNamea282feb8-2aa2-4e27-a293-1b8fc9b0d33f, IsOpen = True, SeatsAmount = 252, LiftingTime = 118, QueueTime = 60, ConnectedSlopes =  }, checkPermissionServiceMock: Mock&lt;ICheckPermissionService:4&gt;, liftsRepositoryStub: Mock&lt;ILiftsRepository:4&gt;, liftsSlopesRepositoryStub: Mock&lt;ILiftsSlopesRepository:4&gt;, sut: LiftsService { })" computerName="DESKTOP-TJ9D65N" duration="00:00:00.0122184" startTime="2022-10-21T17:03:06.2742145+03:00" endTime="2022-10-21T17:03:06.2742146+03:00" testType="13cdc9d9-ddb5-4fa4-a97d-d965ccfc6d4b" outcome="Passed" testListId="8c84fa94-04c1-424b-9868-57a2d4851a1d" relativeResultsDirectory="f1f711c6-3b4d-4bf3-bd3f-487f454d1be1" />
    <UnitTestResult executionId="2a49c13b-94a3-445f-9ca6-ff2331ecbeeb" testId="e429852d-a6ed-7c2a-25fd-cd839b159d56" testName="BL.Tests.LiftsSlopesServiceTests.TestGetLiftsSlopesInfoAsync(liftsSlopes: [LiftSlope { RecordID = 93, LiftID = 247, SlopeID = 59 }, LiftSlope { RecordID = 130, LiftID = 68, SlopeID = 84 }, LiftSlope { RecordID = 248, LiftID = 120, SlopeID = 10 }], slopesRepositoryStub: Mock&lt;ISlopesRepository:1&gt;, liftsRepositoryStub: Mock&lt;ILiftsRepository:6&gt;, liftsSlopesRepositoryStub: Mock&lt;ILiftsSlopesRepository:6&gt;)" computerName="DESKTOP-TJ9D65N" duration="00:00:00.0105927" startTime="2022-10-21T17:03:06.2442343+03:00" endTime="2022-10-21T17:03:06.2442344+03:00" testType="13cdc9d9-ddb5-4fa4-a97d-d965ccfc6d4b" outcome="Passed" testListId="8c84fa94-04c1-424b-9868-57a2d4851a1d" relativeResultsDirectory="2a49c13b-94a3-445f-9ca6-ff2331ecbeeb" />
    <UnitTestResult executionId="2d25c4e3-9078-4508-bb83-ba9abe2c5018" testId="c134963d-54ec-af23-87c7-21e511e3f8fb" testName="BL.Tests.LiftsSlopesServiceTests.TestAdminDeleteLiftSlopeAsync(lift: Lift { LiftID = 131, LiftName = liftName9883b222-c26a-4995-9736-54df453fab24, IsOpen = True, SeatsAmount = 163, LiftingTime = 183, QueueTime = 134, ConnectedSlopes =  }, slope: Slope { SlopeID = 73, SlopeName = slopeNamefa6fd05f-9f19-4e0a-94bf-d553989d6ee2, IsOpen = False, DifficultyLevel = 179, ConnectedLifts =  }, slopesRepositoryStub: Mock&lt;ISlopesRepository:2&gt;, liftsRepositoryStub: Mock&lt;ILiftsRepository:7&gt;, liftsSlopesRepositoryStub: Mock&lt;ILiftsSlopesRepository:7&gt;)" computerName="DESKTOP-TJ9D65N" duration="00:00:00.0436028" startTime="2022-10-21T17:03:06.1275367+03:00" endTime="2022-10-21T17:03:06.1275630+03:00" testType="13cdc9d9-ddb5-4fa4-a97d-d965ccfc6d4b" outcome="Passed" testListId="8c84fa94-04c1-424b-9868-57a2d4851a1d" relativeResultsDirectory="2d25c4e3-9078-4508-bb83-ba9abe2c5018" />
    <UnitTestResult executionId="d99d7fed-6862-4174-9837-d4bf65a55657" testId="a19a5fcf-c5d2-7d44-5d7d-84403042f4e0" testName="BL.Tests.CheckPermissionsServiceTests.UnauthorizedHasNoAccessToAdminSkiPatrolFunctions(functionName: &quot;MarkMessageReadByUserAsync&quot;)" computerName="DESKTOP-TJ9D65N" duration="00:00:00.0433331" startTime="2022-10-21T17:03:06.1314658+03:00" endTime="2022-10-21T17:03:06.1314658+03:00" testType="13cdc9d9-ddb5-4fa4-a97d-d965ccfc6d4b" outcome="Passed" testListId="8c84fa94-04c1-424b-9868-57a2d4851a1d" relativeResultsDirectory="d99d7fed-6862-4174-9837-d4bf65a55657" />
    <UnitTestResult executionId="76f31585-9bfc-42c0-b1d5-508276e1fde0" testId="2d706594-f2b3-b3c8-21d4-86c9798c3306" testName="BL.Tests.CheckPermissionsServiceTests.SkiPatrolHasAccessToAdminSkiPatrolFunctions(functionName: &quot;GetLiftsSlopesInfoAsync&quot;)" computerName="DESKTOP-TJ9D65N" duration="00:00:00.0079322" startTime="2022-10-21T17:03:06.3011320+03:00" endTime="2022-10-21T17:03:06.3011321+03:00" testType="13cdc9d9-ddb5-4fa4-a97d-d965ccfc6d4b" outcome="Passed" testListId="8c84fa94-04c1-424b-9868-57a2d4851a1d" relativeResultsDirectory="76f31585-9bfc-42c0-b1d5-508276e1fde0" />
    <UnitTestResult executionId="86762ade-d134-4cf1-8be2-a84f268c70ee" testId="229812f5-9a73-5335-11f5-31330d1348a5" testName="BL.Tests.CheckPermissionsServiceTests.UnauthorizedHasNoAccessToAdminSkiPatrolFunctions(functionName: &quot;GetMessagesAsync&quot;)" computerName="DESKTOP-TJ9D65N" duration="00:00:00.0021102" startTime="2022-10-21T17:03:06.2030326+03:00" endTime="2022-10-21T17:03:06.2030326+03:00" testType="13cdc9d9-ddb5-4fa4-a97d-d965ccfc6d4b" outcome="Passed" testListId="8c84fa94-04c1-424b-9868-57a2d4851a1d" relativeResultsDirectory="86762ade-d134-4cf1-8be2-a84f268c70ee" />
    <UnitTestResult executionId="fd1a5d73-1bdb-40c2-953e-959b9373f3ef" testId="492c0393-35b4-df26-a537-21ca08302f3c" testName="BL.Tests.CheckPermissionsServiceTests.SkiPatrolHasNoAccessToAdminFunctions" computerName="DESKTOP-TJ9D65N" duration="00:00:00.0020970" startTime="2022-10-21T17:03:06.4213291+03:00" endTime="2022-10-21T17:03:06.4213292+03:00" testType="13cdc9d9-ddb5-4fa4-a97d-d965ccfc6d4b" outcome="Passed" testListId="8c84fa94-04c1-424b-9868-57a2d4851a1d" relativeResultsDirectory="fd1a5d73-1bdb-40c2-953e-959b9373f3ef" />
    <UnitTestResult executionId="4763db34-bd91-4061-b042-09aa7d7b02be" testId="894941c1-bfa7-d8f9-c047-1e1ceefe2c2f" testName="BL.Tests.UsersServiceTests.TestRegisterUserWithRepeatedEmail" computerName="DESKTOP-TJ9D65N" duration="00:00:00.0043859" startTime="2022-10-21T17:03:06.2538790+03:00" endTime="2022-10-21T17:03:06.2538791+03:00" testType="13cdc9d9-ddb5-4fa4-a97d-d965ccfc6d4b" outcome="Passed" testListId="8c84fa94-04c1-424b-9868-57a2d4851a1d" relativeResultsDirectory="4763db34-bd91-4061-b042-09aa7d7b02be" />
    <UnitTestResult executionId="82c4734d-46a6-47c0-aac0-a2899308fd81" testId="adc6ab8e-abae-4a96-2f53-4ab895386586" testName="BL.Tests.TurnstilesServiceTest.TestAdminAddAutoIncrementTurnstileAsync(userID: 239, turnstile: Turnstile { TurnstileID = 122, LiftID = 145, IsOpen = True }, checkPermissionServiceMock: Mock&lt;ICheckPermissionService:16&gt;, turnstilesRepositoryStub: Mock&lt;ITurnstilesRepository:10&gt;, sut: TurnstilesService { })" computerName="DESKTOP-TJ9D65N" duration="00:00:00.0446471" startTime="2022-10-21T17:03:06.1314579+03:00" endTime="2022-10-21T17:03:06.1314579+03:00" testType="13cdc9d9-ddb5-4fa4-a97d-d965ccfc6d4b" outcome="Passed" testListId="8c84fa94-04c1-424b-9868-57a2d4851a1d" relativeResultsDirectory="82c4734d-46a6-47c0-aac0-a2899308fd81" />
    <UnitTestResult executionId="918141f2-6261-4db6-a78d-4b5760ca0556" testId="f3efc418-a8a6-c7b7-9bac-90b33aa8472f" testName="BL.Tests.CheckPermissionsServiceTests.AdminHasAccessToAllFunctions" computerName="DESKTOP-TJ9D65N" duration="00:00:00.0022328" startTime="2022-10-21T17:03:06.4323344+03:00" endTime="2022-10-21T17:03:06.4323344+03:00" testType="13cdc9d9-ddb5-4fa4-a97d-d965ccfc6d4b" outcome="Passed" testListId="8c84fa94-04c1-424b-9868-57a2d4851a1d" relativeResultsDirectory="918141f2-6261-4db6-a78d-4b5760ca0556" />
    <UnitTestResult executionId="aef17511-5fdb-4800-8386-b88748830ada" testId="387c9729-48c1-486e-5e67-f5d11a9f0db8" testName="BL.Tests.CheckPermissionsServiceTests.UnauthorizedHasNoAccessToAdminSkiPatrolFunctions(functionName: &quot;GetLiftsSlopesInfoAsync&quot;)" computerName="DESKTOP-TJ9D65N" duration="00:00:00.0013772" startTime="2022-10-21T17:03:06.1947438+03:00" endTime="2022-10-21T17:03:06.1947438+03:00" testType="13cdc9d9-ddb5-4fa4-a97d-d965ccfc6d4b" outcome="Passed" testListId="8c84fa94-04c1-424b-9868-57a2d4851a1d" relativeResultsDirectory="aef17511-5fdb-4800-8386-b88748830ada" />
    <UnitTestResult executionId="e0c37e93-f79f-45b3-9e67-756caeb05d95" testId="834c739b-eca4-b36d-6a66-5a1bd75377b8" testName="BL.Tests.UsersServiceTests.TestAdminAddAutoIncrementUser" computerName="DESKTOP-TJ9D65N" duration="00:00:00.0120706" startTime="2022-10-21T17:03:06.3588032+03:00" endTime="2022-10-21T17:03:06.3588033+03:00" testType="13cdc9d9-ddb5-4fa4-a97d-d965ccfc6d4b" outcome="Passed" testListId="8c84fa94-04c1-424b-9868-57a2d4851a1d" relativeResultsDirectory="e0c37e93-f79f-45b3-9e67-756caeb05d95" />
    <UnitTestResult executionId="3bb1c832-bc99-4463-8073-0d3cabcfe748" testId="644ec43e-70cd-c82d-42e7-0d990be1414d" testName="BL.Tests.CheckPermissionsServiceTests.AuthorizedHasAccessToAuthorizedFunctions(functionName: &quot;SendMessageAsync&quot;)" computerName="DESKTOP-TJ9D65N" duration="00:00:00.0021235" startTime="2022-10-21T17:03:06.3888963+03:00" endTime="2022-10-21T17:03:06.3888963+03:00" testType="13cdc9d9-ddb5-4fa4-a97d-d965ccfc6d4b" outcome="Passed" testListId="8c84fa94-04c1-424b-9868-57a2d4851a1d" relativeResultsDirectory="3bb1c832-bc99-4463-8073-0d3cabcfe748" />
    <UnitTestResult executionId="f2b7639b-8090-46e4-a99c-304499d4c04d" testId="1ca07ad8-f799-c5d4-e7cc-34fd950198a2" testName="BL.Tests.UsersServiceTests.TestLogInOk" computerName="DESKTOP-TJ9D65N" duration="00:00:00.0041221" startTime="2022-10-21T17:03:06.3255702+03:00" endTime="2022-10-21T17:03:06.3255703+03:00" testType="13cdc9d9-ddb5-4fa4-a97d-d965ccfc6d4b" outcome="Passed" testListId="8c84fa94-04c1-424b-9868-57a2d4851a1d" relativeResultsDirectory="f2b7639b-8090-46e4-a99c-304499d4c04d" />
    <UnitTestResult executionId="f0253bd3-aba3-42f8-b0ff-871d2411a794" testId="c36970dc-93f7-753e-fa47-157133b01644" testName="BL.Tests.CheckPermissionsServiceTests.SkiPatrolHasAccessToAdminSkiPatrolFunctions(functionName: &quot;GetMessagesAsync&quot;)" computerName="DESKTOP-TJ9D65N" duration="00:00:00.0013534" startTime="2022-10-21T17:03:06.3265392+03:00" endTime="2022-10-21T17:03:06.3265392+03:00" testType="13cdc9d9-ddb5-4fa4-a97d-d965ccfc6d4b" outcome="Passed" testListId="8c84fa94-04c1-424b-9868-57a2d4851a1d" relativeResultsDirectory="f0253bd3-aba3-42f8-b0ff-871d2411a794" />
    <UnitTestResult executionId="bdb82293-f406-4247-91c5-6a3af8ea884b" testId="aa28a6b3-21d3-aa45-24d3-bef2facbc899" testName="BL.Tests.CheckPermissionsServiceTests.AuthorizedHasAccessToAuthorizedFunctions(functionName: &quot;LogOutAsync&quot;)" computerName="DESKTOP-TJ9D65N" duration="00:00:00.0009832" startTime="2022-10-21T17:03:06.3990940+03:00" endTime="2022-10-21T17:03:06.3990941+03:00" testType="13cdc9d9-ddb5-4fa4-a97d-d965ccfc6d4b" outcome="Passed" testListId="8c84fa94-04c1-424b-9868-57a2d4851a1d" relativeResultsDirectory="bdb82293-f406-4247-91c5-6a3af8ea884b" />
    <UnitTestResult executionId="3718f7a2-ea5d-4973-80de-a678555f3b83" testId="34f91f0e-32e7-ca40-16b4-e82cba8ce0d9" testName="BL.Tests.LiftsServiceTest.TestAdminAddAutoIncrementLiftAsync(userID: 133, lift: Lift { LiftID = 248, LiftName = liftName7890a6ab-6c8f-41a4-b17f-67f09998e45d, IsOpen = True, SeatsAmount = 230, LiftingTime = 69, QueueTime = 114, ConnectedSlopes =  }, checkPermissionServiceMock: Mock&lt;ICheckPermissionService:5&gt;, liftsRepositoryStub: Mock&lt;ILiftsRepository:5&gt;, sut: LiftsService { })" computerName="DESKTOP-TJ9D65N" duration="00:00:00.0446832" startTime="2022-10-21T17:03:06.1314719+03:00" endTime="2022-10-21T17:03:06.1314720+03:00" testType="13cdc9d9-ddb5-4fa4-a97d-d965ccfc6d4b" outcome="Passed" testListId="8c84fa94-04c1-424b-9868-57a2d4851a1d" relativeResultsDirectory="3718f7a2-ea5d-4973-80de-a678555f3b83" />
    <UnitTestResult executionId="09ad3c2b-f3a7-45a8-ae95-3a17d53ef06c" testId="77f3a816-dbb0-dc20-439c-4487e653898a" testName="BL.Tests.LiftsSlopesServiceTests.TestAdminAddAutoIncrementLiftSlopeAsync(lift: Lift { LiftID = 9, LiftName = liftName01464a0c-0771-4d8c-8bfb-6d61b16ea505, IsOpen = True, SeatsAmount = 61, LiftingTime = 206, QueueTime = 229, ConnectedSlopes =  }, slope: Slope { SlopeID = 254, SlopeName = slopeNameccdc064e-c0a6-41e8-987d-6ac921d049e8, IsOpen = False, DifficultyLevel = 234, ConnectedLifts =  }, slopesRepositoryStub: Mock&lt;ISlopesRepository:3&gt;, liftsRepositoryStub: Mock&lt;ILiftsRepository:8&gt;, liftsSlopesRepositoryStub: Mock&lt;ILiftsSlopesRepository:8&gt;)" computerName="DESKTOP-TJ9D65N" duration="00:00:00.0093370" startTime="2022-10-21T17:03:06.1948122+03:00" endTime="2022-10-21T17:03:06.1948123+03:00" testType="13cdc9d9-ddb5-4fa4-a97d-d965ccfc6d4b" outcome="Passed" testListId="8c84fa94-04c1-424b-9868-57a2d4851a1d" relativeResultsDirectory="09ad3c2b-f3a7-45a8-ae95-3a17d53ef06c" />
    <UnitTestResult executionId="952b5164-8520-4fc2-97cb-b70e4a585711" testId="df77cdc4-bc69-b974-49d3-eeac95650faa" testName="BL.Tests.SlopesServiceTest.TestAdminDeleteSlopeAsync(userID: 188, slope: Slope { SlopeID = 169, SlopeName = slopeNamefb314143-259a-45de-8e92-39781a6771bd, IsOpen = True, DifficultyLevel = 234, ConnectedLifts =  }, checkPermissionServiceMock: Mock&lt;ICheckPermissionService:9&gt;, slopesRepositoryStub: Mock&lt;ISlopesRepository:7&gt;, liftsSlopesRepositoryStub: Mock&lt;ILiftsSlopesRepository:12&gt;, sut: SlopesService { })" computerName="DESKTOP-TJ9D65N" duration="00:00:00.0077430" startTime="2022-10-21T17:03:06.2668276+03:00" endTime="2022-10-21T17:03:06.2668277+03:00" testType="13cdc9d9-ddb5-4fa4-a97d-d965ccfc6d4b" outcome="Passed" testListId="8c84fa94-04c1-424b-9868-57a2d4851a1d" relativeResultsDirectory="952b5164-8520-4fc2-97cb-b70e4a585711" />
    <UnitTestResult executionId="137d2d85-1153-4d5b-82bf-4a98779fff8a" testId="7cfbce6e-6c51-4fef-1a0c-ae10969e2405" testName="BL.Tests.SlopesServiceTest.TestAdminAddSlopeAsync(userID: 164, slope: Slope { SlopeID = 129, SlopeName = slopeName6b673a43-2a53-4bec-8682-49a25343f39b, IsOpen = True, DifficultyLevel = 135, ConnectedLifts =  }, checkPermissionServiceMock: Mock&lt;ICheckPermissionService:11&gt;, slopesRepositoryStub: Mock&lt;ISlopesRepository:9&gt;, sut: SlopesService { })" computerName="DESKTOP-TJ9D65N" duration="00:00:00.0049043" startTime="2022-10-21T17:03:06.2094610+03:00" endTime="2022-10-21T17:03:06.2094611+03:00" testType="13cdc9d9-ddb5-4fa4-a97d-d965ccfc6d4b" outcome="Passed" testListId="8c84fa94-04c1-424b-9868-57a2d4851a1d" relativeResultsDirectory="137d2d85-1153-4d5b-82bf-4a98779fff8a" />
    <UnitTestResult executionId="71fac0ed-fa5b-45ea-b5de-f50db6086d76" testId="10b495a0-e16d-55b6-569f-cbcb7784fb4e" testName="BL.Tests.LiftsServiceTest.TestUpdateLiftInfoAsync(userID: 16, lift: Lift { LiftID = 222, LiftName = liftName56ba9c1e-803a-428a-b3ea-e559db5f5d9c, IsOpen = True, SeatsAmount = 126, LiftingTime = 104, QueueTime = 83, ConnectedSlopes =  }, checkPermissionServiceMock: Mock&lt;ICheckPermissionService:3&gt;, liftsRepositoryStub: Mock&lt;ILiftsRepository:3&gt;, sut: LiftsService { })" computerName="DESKTOP-TJ9D65N" duration="00:00:00.0143654" startTime="2022-10-21T17:03:06.3027460+03:00" endTime="2022-10-21T17:03:06.3027461+03:00" testType="13cdc9d9-ddb5-4fa4-a97d-d965ccfc6d4b" outcome="Passed" testListId="8c84fa94-04c1-424b-9868-57a2d4851a1d" relativeResultsDirectory="71fac0ed-fa5b-45ea-b5de-f50db6086d76" />
  </Results>
  <TestDefinitions>
    <UnitTest name="BL.Tests.UsersServiceTests.TestAdminAddAutoIncrementUser" storage="/mnt/c/users/alena/desktop/7_sem/testing_and_debugging/skiresort/bl.tests/bin/debug/net6.0/bl.tests.dll" id="834c739b-eca4-b36d-6a66-5a1bd75377b8">
      <Execution id="e0c37e93-f79f-45b3-9e67-756caeb05d95" />
      <TestMethod codeBase="/mnt/c/Users/alena/Desktop/7_sem/testing_and_debugging/SkiResort/BL.Tests/bin/Debug/net6.0/BL.Tests.dll" adapterTypeName="executor://xunit/VsTestRunner2/netcoreapp" className="BL.Tests.UsersServiceTests" name="TestAdminAddAutoIncrementUser" />
    </UnitTest>
    <UnitTest name="BL.Tests.CheckPermissionsServiceTests.SkiPatrolHasAccessToAdminSkiPatrolFunctions(functionName: &quot;MarkMessageReadByUserAsync&quot;)" storage="/mnt/c/users/alena/desktop/7_sem/testing_and_debugging/skiresort/bl.tests/bin/debug/net6.0/bl.tests.dll" id="60bd668f-04df-da5e-b79b-5d9aedb5234d">
      <Execution id="ea4dfdf8-c879-46e9-ac9a-3cdc58690c92" />
      <TestMethod codeBase="/mnt/c/Users/alena/Desktop/7_sem/testing_and_debugging/SkiResort/BL.Tests/bin/Debug/net6.0/BL.Tests.dll" adapterTypeName="executor://xunit/VsTestRunner2/netcoreapp" className="BL.Tests.CheckPermissionsServiceTests" name="SkiPatrolHasAccessToAdminSkiPatrolFunctions" />
    </UnitTest>
    <UnitTest name="BL.Tests.CheckPermissionsServiceTests.AuthorizedHasAccessToAuthorizedFunctions(functionName: &quot;SendMessageAsync&quot;)" storage="/mnt/c/users/alena/desktop/7_sem/testing_and_debugging/skiresort/bl.tests/bin/debug/net6.0/bl.tests.dll" id="644ec43e-70cd-c82d-42e7-0d990be1414d">
      <Execution id="3bb1c832-bc99-4463-8073-0d3cabcfe748" />
      <TestMethod codeBase="/mnt/c/Users/alena/Desktop/7_sem/testing_and_debugging/SkiResort/BL.Tests/bin/Debug/net6.0/BL.Tests.dll" adapterTypeName="executor://xunit/VsTestRunner2/netcoreapp" className="BL.Tests.CheckPermissionsServiceTests" name="AuthorizedHasAccessToAuthorizedFunctions" />
    </UnitTest>
    <UnitTest name="BL.Tests.CheckPermissionsServiceTests.AuthorizedHasNoAccessToAdminSkiPatrolFunctions(functionName: &quot;MarkMessageReadByUserAsync&quot;)" storage="/mnt/c/users/alena/desktop/7_sem/testing_and_debugging/skiresort/bl.tests/bin/debug/net6.0/bl.tests.dll" id="9c7df5e2-1b23-ebea-889f-b78ca86b60ab">
      <Execution id="4e4845af-d9dd-4135-a752-08f633de8460" />
      <TestMethod codeBase="/mnt/c/Users/alena/Desktop/7_sem/testing_and_debugging/SkiResort/BL.Tests/bin/Debug/net6.0/BL.Tests.dll" adapterTypeName="executor://xunit/VsTestRunner2/netcoreapp" className="BL.Tests.CheckPermissionsServiceTests" name="AuthorizedHasNoAccessToAdminSkiPatrolFunctions" />
    </UnitTest>
    <UnitTest name="BL.Tests.SlopesServiceTest.TestAdminAddSlopeAsync(userID: 164, slope: Slope { SlopeID = 129, SlopeName = slopeName6b673a43-2a53-4bec-8682-49a25343f39b, IsOpen = True, DifficultyLevel = 135, ConnectedLifts =  }, checkPermissionServiceMock: Mock&lt;ICheckPermissionService:11&gt;, slopesRepositoryStub: Mock&lt;ISlopesRepository:9&gt;, sut: SlopesService { })" storage="/mnt/c/users/alena/desktop/7_sem/testing_and_debugging/skiresort/bl.tests/bin/debug/net6.0/bl.tests.dll" id="7cfbce6e-6c51-4fef-1a0c-ae10969e2405">
      <Execution id="137d2d85-1153-4d5b-82bf-4a98779fff8a" />
      <TestMethod codeBase="/mnt/c/Users/alena/Desktop/7_sem/testing_and_debugging/SkiResort/BL.Tests/bin/Debug/net6.0/BL.Tests.dll" adapterTypeName="executor://xunit/VsTestRunner2/netcoreapp" className="BL.Tests.SlopesServiceTest" name="TestAdminAddSlopeAsync" />
    </UnitTest>
    <UnitTest name="BL.Tests.SlopesServiceTest.TestAdminAddAutoIncrementSlopeAsync(userID: 213, slope: Slope { SlopeID = 175, SlopeName = slopeNamec3520d75-d66a-4298-a46d-dc3e10a7c55a, IsOpen = True, DifficultyLevel = 61, ConnectedLifts =  }, checkPermissionServiceMock: Mock&lt;ICheckPermissionService:10&gt;, slopesRepositoryStub: Mock&lt;ISlopesRepository:8&gt;, sut: SlopesService { })" storage="/mnt/c/users/alena/desktop/7_sem/testing_and_debugging/skiresort/bl.tests/bin/debug/net6.0/bl.tests.dll" id="e49f4244-5843-9f6a-7b92-e8d93ed9da33">
      <Execution id="09d15416-a23c-4cdc-ab59-62dfafd4ab0e" />
      <TestMethod codeBase="/mnt/c/Users/alena/Desktop/7_sem/testing_and_debugging/SkiResort/BL.Tests/bin/Debug/net6.0/BL.Tests.dll" adapterTypeName="executor://xunit/VsTestRunner2/netcoreapp" className="BL.Tests.SlopesServiceTest" name="TestAdminAddAutoIncrementSlopeAsync" />
    </UnitTest>
    <UnitTest name="BL.Tests.CheckPermissionsServiceTests.UnauthorizedHasNoAccessToAuthorizedFunctions(functionName: &quot;SendMessageAsync&quot;)" storage="/mnt/c/users/alena/desktop/7_sem/testing_and_debugging/skiresort/bl.tests/bin/debug/net6.0/bl.tests.dll" id="eaabd2fc-2f4b-5689-59c8-c7ad34a8f634">
      <Execution id="fa5fd925-e706-47e6-b5a1-5210d2934a39" />
      <TestMethod codeBase="/mnt/c/Users/alena/Desktop/7_sem/testing_and_debugging/SkiResort/BL.Tests/bin/Debug/net6.0/BL.Tests.dll" adapterTypeName="executor://xunit/VsTestRunner2/netcoreapp" className="BL.Tests.CheckPermissionsServiceTests" name="UnauthorizedHasNoAccessToAuthorizedFunctions" />
    </UnitTest>
    <UnitTest name="BL.Tests.CheckPermissionsServiceTests.AdminHasAccessToAllFunctions" storage="/mnt/c/users/alena/desktop/7_sem/testing_and_debugging/skiresort/bl.tests/bin/debug/net6.0/bl.tests.dll" id="f3efc418-a8a6-c7b7-9bac-90b33aa8472f">
      <Execution id="918141f2-6261-4db6-a78d-4b5760ca0556" />
      <TestMethod codeBase="/mnt/c/Users/alena/Desktop/7_sem/testing_and_debugging/SkiResort/BL.Tests/bin/Debug/net6.0/BL.Tests.dll" adapterTypeName="executor://xunit/VsTestRunner2/netcoreapp" className="BL.Tests.CheckPermissionsServiceTests" name="AdminHasAccessToAllFunctions" />
    </UnitTest>
    <UnitTest name="BL.Tests.UsersServiceTests.TestLogInOk" storage="/mnt/c/users/alena/desktop/7_sem/testing_and_debugging/skiresort/bl.tests/bin/debug/net6.0/bl.tests.dll" id="1ca07ad8-f799-c5d4-e7cc-34fd950198a2">
      <Execution id="f2b7639b-8090-46e4-a99c-304499d4c04d" />
      <TestMethod codeBase="/mnt/c/Users/alena/Desktop/7_sem/testing_and_debugging/SkiResort/BL.Tests/bin/Debug/net6.0/BL.Tests.dll" adapterTypeName="executor://xunit/VsTestRunner2/netcoreapp" className="BL.Tests.UsersServiceTests" name="TestLogInOk" />
    </UnitTest>
    <UnitTest name="BL.Tests.TurnstilesServiceTest.TestAdminDeleteTurnstileAsync(userID: 65, turnstile: Turnstile { TurnstileID = 128, LiftID = 173, IsOpen = True }, checkPermissionServiceMock: Mock&lt;ICheckPermissionService:15&gt;, turnstilesRepositoryStub: Mock&lt;ITurnstilesRepository:9&gt;, sut: TurnstilesService { })" storage="/mnt/c/users/alena/desktop/7_sem/testing_and_debugging/skiresort/bl.tests/bin/debug/net6.0/bl.tests.dll" id="d6d9c39d-52b7-aed6-2147-4459579f0004">
      <Execution id="0c5923ee-e5a6-495b-8b84-4e9d057de9a5" />
      <TestMethod codeBase="/mnt/c/Users/alena/Desktop/7_sem/testing_and_debugging/SkiResort/BL.Tests/bin/Debug/net6.0/BL.Tests.dll" adapterTypeName="executor://xunit/VsTestRunner2/netcoreapp" className="BL.Tests.TurnstilesServiceTest" name="TestAdminDeleteTurnstileAsync" />
    </UnitTest>
    <UnitTest name="BL.Tests.CheckPermissionsServiceTests.UnauthorizedHasNoAccessToAdminSkiPatrolFunctions(functionName: &quot;MarkMessageReadByUserAsync&quot;)" storage="/mnt/c/users/alena/desktop/7_sem/testing_and_debugging/skiresort/bl.tests/bin/debug/net6.0/bl.tests.dll" id="a19a5fcf-c5d2-7d44-5d7d-84403042f4e0">
      <Execution id="d99d7fed-6862-4174-9837-d4bf65a55657" />
      <TestMethod codeBase="/mnt/c/Users/alena/Desktop/7_sem/testing_and_debugging/SkiResort/BL.Tests/bin/Debug/net6.0/BL.Tests.dll" adapterTypeName="executor://xunit/VsTestRunner2/netcoreapp" className="BL.Tests.CheckPermissionsServiceTests" name="UnauthorizedHasNoAccessToAdminSkiPatrolFunctions" />
    </UnitTest>
    <UnitTest name="BL.Tests.CheckPermissionsServiceTests.AuthorizedHasAccessToAuthorizedFunctions(functionName: &quot;LogOutAsync&quot;)" storage="/mnt/c/users/alena/desktop/7_sem/testing_and_debugging/skiresort/bl.tests/bin/debug/net6.0/bl.tests.dll" id="aa28a6b3-21d3-aa45-24d3-bef2facbc899">
      <Execution id="bdb82293-f406-4247-91c5-6a3af8ea884b" />
      <TestMethod codeBase="/mnt/c/Users/alena/Desktop/7_sem/testing_and_debugging/SkiResort/BL.Tests/bin/Debug/net6.0/BL.Tests.dll" adapterTypeName="executor://xunit/VsTestRunner2/netcoreapp" className="BL.Tests.CheckPermissionsServiceTests" name="AuthorizedHasAccessToAuthorizedFunctions" />
    </UnitTest>
    <UnitTest name="BL.Tests.LiftsSlopesServiceTests.TestAdminDeleteLiftSlopeAsync(lift: Lift { LiftID = 131, LiftName = liftName9883b222-c26a-4995-9736-54df453fab24, IsOpen = True, SeatsAmount = 163, LiftingTime = 183, QueueTime = 134, ConnectedSlopes =  }, slope: Slope { SlopeID = 73, SlopeName = slopeNamefa6fd05f-9f19-4e0a-94bf-d553989d6ee2, IsOpen = False, DifficultyLevel = 179, ConnectedLifts =  }, slopesRepositoryStub: Mock&lt;ISlopesRepository:2&gt;, liftsRep..." storage="/mnt/c/users/alena/desktop/7_sem/testing_and_debugging/skiresort/bl.tests/bin/debug/net6.0/bl.tests.dll" id="c134963d-54ec-af23-87c7-21e511e3f8fb">
      <Execution id="2d25c4e3-9078-4508-bb83-ba9abe2c5018" />
      <TestMethod codeBase="/mnt/c/Users/alena/Desktop/7_sem/testing_and_debugging/SkiResort/BL.Tests/bin/Debug/net6.0/BL.Tests.dll" adapterTypeName="executor://xunit/VsTestRunner2/netcoreapp" className="BL.Tests.LiftsSlopesServiceTests" name="TestAdminDeleteLiftSlopeAsync" />
    </UnitTest>
    <UnitTest name="BL.Tests.CheckPermissionsServiceTests.SkiPatrolHasAccessToAdminSkiPatrolFunctions(functionName: &quot;GetMessagesAsync&quot;)" storage="/mnt/c/users/alena/desktop/7_sem/testing_and_debugging/skiresort/bl.tests/bin/debug/net6.0/bl.tests.dll" id="c36970dc-93f7-753e-fa47-157133b01644">
      <Execution id="f0253bd3-aba3-42f8-b0ff-871d2411a794" />
      <TestMethod codeBase="/mnt/c/Users/alena/Desktop/7_sem/testing_and_debugging/SkiResort/BL.Tests/bin/Debug/net6.0/BL.Tests.dll" adapterTypeName="executor://xunit/VsTestRunner2/netcoreapp" className="BL.Tests.CheckPermissionsServiceTests" name="SkiPatrolHasAccessToAdminSkiPatrolFunctions" />
    </UnitTest>
    <UnitTest name="BL.Tests.SlopesServiceTest.TestGetSlopesInfoAsync(userID: 31, initialSlopes: [Slope { SlopeID = 54, SlopeName = slopeName434fe8f8-ac48-4ecf-9620-a68bc3adbdf5, IsOpen = True, DifficultyLevel = 144, ConnectedLifts =  }, Slope { SlopeID = 32, SlopeName = slopeName3e121b66-ba45-4bae-a2c2-9607710423d6, IsOpen = False, DifficultyLevel = 11, ConnectedLifts =  }, Slope { SlopeID = 29, SlopeName = slopeName59540ad4-d46b-41cb-a896-14b17af8d3f1, IsOpe..." storage="/mnt/c/users/alena/desktop/7_sem/testing_and_debugging/skiresort/bl.tests/bin/debug/net6.0/bl.tests.dll" id="38f7a7c3-be88-777e-148d-e39f2077f7ba">
      <Execution id="5ae246c6-0864-4780-8ee8-d73038b59fc9" />
      <TestMethod codeBase="/mnt/c/Users/alena/Desktop/7_sem/testing_and_debugging/SkiResort/BL.Tests/bin/Debug/net6.0/BL.Tests.dll" adapterTypeName="executor://xunit/VsTestRunner2/netcoreapp" className="BL.Tests.SlopesServiceTest" name="TestGetSlopesInfoAsync" />
    </UnitTest>
    <UnitTest name="BL.Tests.CheckPermissionsServiceTests.AuthorizedHasNoAccessToAdminFunctions" storage="/mnt/c/users/alena/desktop/7_sem/testing_and_debugging/skiresort/bl.tests/bin/debug/net6.0/bl.tests.dll" id="a2e59116-cb53-1d70-9cb8-21c286516866">
      <Execution id="30bc385a-4af9-4ee6-a6ca-7b7f80b3ab2c" />
      <TestMethod codeBase="/mnt/c/Users/alena/Desktop/7_sem/testing_and_debugging/SkiResort/BL.Tests/bin/Debug/net6.0/BL.Tests.dll" adapterTypeName="executor://xunit/VsTestRunner2/netcoreapp" className="BL.Tests.CheckPermissionsServiceTests" name="AuthorizedHasNoAccessToAdminFunctions" />
    </UnitTest>
    <UnitTest name="BL.Tests.CheckPermissionsServiceTests.SkiPatrolHasAccessToAdminSkiPatrolFunctions(functionName: &quot;GetLiftsSlopesInfoAsync&quot;)" storage="/mnt/c/users/alena/desktop/7_sem/testing_and_debugging/skiresort/bl.tests/bin/debug/net6.0/bl.tests.dll" id="2d706594-f2b3-b3c8-21d4-86c9798c3306">
      <Execution id="76f31585-9bfc-42c0-b1d5-508276e1fde0" />
      <TestMethod codeBase="/mnt/c/Users/alena/Desktop/7_sem/testing_and_debugging/SkiResort/BL.Tests/bin/Debug/net6.0/BL.Tests.dll" adapterTypeName="executor://xunit/VsTestRunner2/netcoreapp" className="BL.Tests.CheckPermissionsServiceTests" name="SkiPatrolHasAccessToAdminSkiPatrolFunctions" />
    </UnitTest>
    <UnitTest name="BL.Tests.CheckPermissionsServiceTests.AuthorizedHasNoAccessToAdminSkiPatrolFunctions(functionName: &quot;GetLiftsSlopesInfoAsync&quot;)" storage="/mnt/c/users/alena/desktop/7_sem/testing_and_debugging/skiresort/bl.tests/bin/debug/net6.0/bl.tests.dll" id="4f297306-d4f3-8d63-e7f4-1ac0b8c58c74">
      <Execution id="ab2fdd85-b41f-48db-9056-6769e355a16d" />
      <TestMethod codeBase="/mnt/c/Users/alena/Desktop/7_sem/testing_and_debugging/SkiResort/BL.Tests/bin/Debug/net6.0/BL.Tests.dll" adapterTypeName="executor://xunit/VsTestRunner2/netcoreapp" className="BL.Tests.CheckPermissionsServiceTests" name="AuthorizedHasNoAccessToAdminSkiPatrolFunctions" />
    </UnitTest>
    <UnitTest name="BL.Tests.CheckPermissionsServiceTests.UnauthorizedHasNoAccessToAdminSkiPatrolFunctions(functionName: &quot;GetLiftsSlopesInfoAsync&quot;)" storage="/mnt/c/users/alena/desktop/7_sem/testing_and_debugging/skiresort/bl.tests/bin/debug/net6.0/bl.tests.dll" id="387c9729-48c1-486e-5e67-f5d11a9f0db8">
      <Execution id="aef17511-5fdb-4800-8386-b88748830ada" />
      <TestMethod codeBase="/mnt/c/Users/alena/Desktop/7_sem/testing_and_debugging/SkiResort/BL.Tests/bin/Debug/net6.0/BL.Tests.dll" adapterTypeName="executor://xunit/VsTestRunner2/netcoreapp" className="BL.Tests.CheckPermissionsServiceTests" name="UnauthorizedHasNoAccessToAdminSkiPatrolFunctions" />
    </UnitTest>
    <UnitTest name="BL.Tests.UsersServiceTests.TestRegisterUserWithRepeatedEmail" storage="/mnt/c/users/alena/desktop/7_sem/testing_and_debugging/skiresort/bl.tests/bin/debug/net6.0/bl.tests.dll" id="894941c1-bfa7-d8f9-c047-1e1ceefe2c2f">
      <Execution id="4763db34-bd91-4061-b042-09aa7d7b02be" />
      <TestMethod codeBase="/mnt/c/Users/alena/Desktop/7_sem/testing_and_debugging/SkiResort/BL.Tests/bin/Debug/net6.0/BL.Tests.dll" adapterTypeName="executor://xunit/VsTestRunner2/netcoreapp" className="BL.Tests.UsersServiceTests" name="TestRegisterUserWithRepeatedEmail" />
    </UnitTest>
    <UnitTest name="BL.Tests.LiftsServiceTest.TestAdminDeleteLiftAsync(userID: 231, lift: Lift { LiftID = 212, LiftName = liftNamea282feb8-2aa2-4e27-a293-1b8fc9b0d33f, IsOpen = True, SeatsAmount = 252, LiftingTime = 118, QueueTime = 60, ConnectedSlopes =  }, checkPermissionServiceMock: Mock&lt;ICheckPermissionService:4&gt;, liftsRepositoryStub: Mock&lt;ILiftsRepository:4&gt;, liftsSlopesRepositoryStub: Mock&lt;ILiftsSlopesRepository:4&gt;, sut: LiftsService { })" storage="/mnt/c/users/alena/desktop/7_sem/testing_and_debugging/skiresort/bl.tests/bin/debug/net6.0/bl.tests.dll" id="bce69335-cfd5-4ce8-c6d4-150aa9913ee6">
      <Execution id="f1f711c6-3b4d-4bf3-bd3f-487f454d1be1" />
      <TestMethod codeBase="/mnt/c/Users/alena/Desktop/7_sem/testing_and_debugging/SkiResort/BL.Tests/bin/Debug/net6.0/BL.Tests.dll" adapterTypeName="executor://xunit/VsTestRunner2/netcoreapp" className="BL.Tests.LiftsServiceTest" name="TestAdminDeleteLiftAsync" />
    </UnitTest>
    <UnitTest name="BL.Tests.CheckPermissionsServiceTests.UnauthorizedHasNoAccessToAdminFunctions" storage="/mnt/c/users/alena/desktop/7_sem/testing_and_debugging/skiresort/bl.tests/bin/debug/net6.0/bl.tests.dll" id="e2d7e5be-3dae-33ae-fb17-c704b6fd58d6">
      <Execution id="dbd8271f-f9c8-4a90-98cd-39020d9903ca" />
      <TestMethod codeBase="/mnt/c/Users/alena/Desktop/7_sem/testing_and_debugging/SkiResort/BL.Tests/bin/Debug/net6.0/BL.Tests.dll" adapterTypeName="executor://xunit/VsTestRunner2/netcoreapp" className="BL.Tests.CheckPermissionsServiceTests" name="UnauthorizedHasNoAccessToAdminFunctions" />
    </UnitTest>
    <UnitTest name="BL.Tests.UsersServiceTests.TestRegisterUserWithNoPassword" storage="/mnt/c/users/alena/desktop/7_sem/testing_and_debugging/skiresort/bl.tests/bin/debug/net6.0/bl.tests.dll" id="f44a1b21-8efc-bfac-63b4-d534442def31">
      <Execution id="dde09558-3eb8-4772-947b-2e40cd7ab3b0" />
      <TestMethod codeBase="/mnt/c/Users/alena/Desktop/7_sem/testing_and_debugging/SkiResort/BL.Tests/bin/Debug/net6.0/BL.Tests.dll" adapterTypeName="executor://xunit/VsTestRunner2/netcoreapp" className="BL.Tests.UsersServiceTests" name="TestRegisterUserWithNoPassword" />
    </UnitTest>
    <UnitTest name="BL.Tests.LiftsServiceTest.TestGetLiftsInfoAsync(userID: 117, initialLifts: [Lift { LiftID = 148, LiftName = liftName8ebbedfd-acba-465b-9ca8-c0d4cd980263, IsOpen = True, SeatsAmount = 89, LiftingTime = 33, QueueTime = 125, ConnectedSlopes =  }, Lift { LiftID = 26, LiftName = liftName37dbd141-3154-4105-9020-53a2e652ec98, IsOpen = False, SeatsAmount = 65, LiftingTime = 190, QueueTime = 53, ConnectedSlopes =  }, Lift { LiftID = 32, LiftName = l..." storage="/mnt/c/users/alena/desktop/7_sem/testing_and_debugging/skiresort/bl.tests/bin/debug/net6.0/bl.tests.dll" id="bfbb02fb-9970-8f0e-5346-3f6fe8f87cec">
      <Execution id="d717e9c7-3e5d-4b09-b05a-3f6a46601646" />
      <TestMethod codeBase="/mnt/c/Users/alena/Desktop/7_sem/testing_and_debugging/SkiResort/BL.Tests/bin/Debug/net6.0/BL.Tests.dll" adapterTypeName="executor://xunit/VsTestRunner2/netcoreapp" className="BL.Tests.LiftsServiceTest" name="TestGetLiftsInfoAsync" />
    </UnitTest>
    <UnitTest name="BL.Tests.SlopesServiceTest.TestAdminDeleteSlopeAsync(userID: 188, slope: Slope { SlopeID = 169, SlopeName = slopeNamefb314143-259a-45de-8e92-39781a6771bd, IsOpen = True, DifficultyLevel = 234, ConnectedLifts =  }, checkPermissionServiceMock: Mock&lt;ICheckPermissionService:9&gt;, slopesRepositoryStub: Mock&lt;ISlopesRepository:7&gt;, liftsSlopesRepositoryStub: Mock&lt;ILiftsSlopesRepository:12&gt;, sut: SlopesService { })" storage="/mnt/c/users/alena/desktop/7_sem/testing_and_debugging/skiresort/bl.tests/bin/debug/net6.0/bl.tests.dll" id="df77cdc4-bc69-b974-49d3-eeac95650faa">
      <Execution id="952b5164-8520-4fc2-97cb-b70e4a585711" />
      <TestMethod codeBase="/mnt/c/Users/alena/Desktop/7_sem/testing_and_debugging/SkiResort/BL.Tests/bin/Debug/net6.0/BL.Tests.dll" adapterTypeName="executor://xunit/VsTestRunner2/netcoreapp" className="BL.Tests.SlopesServiceTest" name="TestAdminDeleteSlopeAsync" />
    </UnitTest>
    <UnitTest name="BL.Tests.CheckPermissionsServiceTests.SkiPatrolHasNoAccessToAdminFunctions" storage="/mnt/c/users/alena/desktop/7_sem/testing_and_debugging/skiresort/bl.tests/bin/debug/net6.0/bl.tests.dll" id="492c0393-35b4-df26-a537-21ca08302f3c">
      <Execution id="fd1a5d73-1bdb-40c2-953e-959b9373f3ef" />
      <TestMethod codeBase="/mnt/c/Users/alena/Desktop/7_sem/testing_and_debugging/SkiResort/BL.Tests/bin/Debug/net6.0/BL.Tests.dll" adapterTypeName="executor://xunit/VsTestRunner2/netcoreapp" className="BL.Tests.CheckPermissionsServiceTests" name="SkiPatrolHasNoAccessToAdminFunctions" />
    </UnitTest>
    <UnitTest name="BL.Tests.UsersServiceTests.TestAdminDeleteUser" storage="/mnt/c/users/alena/desktop/7_sem/testing_and_debugging/skiresort/bl.tests/bin/debug/net6.0/bl.tests.dll" id="18fa8c62-e27d-e1fc-8182-4d7db62b008d">
      <Execution id="9df48041-7b29-4709-b717-2fb9cde60e2b" />
      <TestMethod codeBase="/mnt/c/Users/alena/Desktop/7_sem/testing_and_debugging/SkiResort/BL.Tests/bin/Debug/net6.0/BL.Tests.dll" adapterTypeName="executor://xunit/VsTestRunner2/netcoreapp" className="BL.Tests.UsersServiceTests" name="TestAdminDeleteUser" />
    </UnitTest>
    <UnitTest name="BL.Tests.UsersServiceTests.TestLogInWithWrongPassword" storage="/mnt/c/users/alena/desktop/7_sem/testing_and_debugging/skiresort/bl.tests/bin/debug/net6.0/bl.tests.dll" id="69340bb6-3645-f9dd-971e-29d8b2a009bb">
      <Execution id="34aa9a1d-7bc3-4925-ab3c-7595afacf5d7" />
      <TestMethod codeBase="/mnt/c/Users/alena/Desktop/7_sem/testing_and_debugging/SkiResort/BL.Tests/bin/Debug/net6.0/BL.Tests.dll" adapterTypeName="executor://xunit/VsTestRunner2/netcoreapp" className="BL.Tests.UsersServiceTests" name="TestLogInWithWrongPassword" />
    </UnitTest>
    <UnitTest name="BL.Tests.LiftsSlopesServiceTests.TestAdminAddAutoIncrementLiftSlopeAsync(lift: Lift { LiftID = 9, LiftName = liftName01464a0c-0771-4d8c-8bfb-6d61b16ea505, IsOpen = True, SeatsAmount = 61, LiftingTime = 206, QueueTime = 229, ConnectedSlopes =  }, slope: Slope { SlopeID = 254, SlopeName = slopeNameccdc064e-c0a6-41e8-987d-6ac921d049e8, IsOpen = False, DifficultyLevel = 234, ConnectedLifts =  }, slopesRepositoryStub: Mock&lt;ISlopesRepository:3&gt;, ..." storage="/mnt/c/users/alena/desktop/7_sem/testing_and_debugging/skiresort/bl.tests/bin/debug/net6.0/bl.tests.dll" id="77f3a816-dbb0-dc20-439c-4487e653898a">
      <Execution id="09ad3c2b-f3a7-45a8-ae95-3a17d53ef06c" />
      <TestMethod codeBase="/mnt/c/Users/alena/Desktop/7_sem/testing_and_debugging/SkiResort/BL.Tests/bin/Debug/net6.0/BL.Tests.dll" adapterTypeName="executor://xunit/VsTestRunner2/netcoreapp" className="BL.Tests.LiftsSlopesServiceTests" name="TestAdminAddAutoIncrementLiftSlopeAsync" />
    </UnitTest>
    <UnitTest name="BL.Tests.TurnstilesServiceTest.TestAdminAddAutoIncrementTurnstileAsync(userID: 239, turnstile: Turnstile { TurnstileID = 122, LiftID = 145, IsOpen = True }, checkPermissionServiceMock: Mock&lt;ICheckPermissionService:16&gt;, turnstilesRepositoryStub: Mock&lt;ITurnstilesRepository:10&gt;, sut: TurnstilesService { })" storage="/mnt/c/users/alena/desktop/7_sem/testing_and_debugging/skiresort/bl.tests/bin/debug/net6.0/bl.tests.dll" id="adc6ab8e-abae-4a96-2f53-4ab895386586">
      <Execution id="82c4734d-46a6-47c0-aac0-a2899308fd81" />
      <TestMethod codeBase="/mnt/c/Users/alena/Desktop/7_sem/testing_and_debugging/SkiResort/BL.Tests/bin/Debug/net6.0/BL.Tests.dll" adapterTypeName="executor://xunit/VsTestRunner2/netcoreapp" className="BL.Tests.TurnstilesServiceTest" name="TestAdminAddAutoIncrementTurnstileAsync" />
    </UnitTest>
    <UnitTest name="BL.Tests.TurnstilesServiceTest.TestAdminUpdateTurnstileAsync(userID: 130, turnstile: Turnstile { TurnstileID = 165, LiftID = 177, IsOpen = True }, checkPermissionServiceMock: Mock&lt;ICheckPermissionService:14&gt;, turnstilesRepositoryStub: Mock&lt;ITurnstilesRepository:8&gt;, sut: TurnstilesService { })" storage="/mnt/c/users/alena/desktop/7_sem/testing_and_debugging/skiresort/bl.tests/bin/debug/net6.0/bl.tests.dll" id="969c615a-71c4-d626-257f-078fa5e9c6d3">
      <Execution id="6e91784f-1247-4546-8c0d-fd45929db5fb" />
      <TestMethod codeBase="/mnt/c/Users/alena/Desktop/7_sem/testing_and_debugging/SkiResort/BL.Tests/bin/Debug/net6.0/BL.Tests.dll" adapterTypeName="executor://xunit/VsTestRunner2/netcoreapp" className="BL.Tests.TurnstilesServiceTest" name="TestAdminUpdateTurnstileAsync" />
    </UnitTest>
    <UnitTest name="BL.Tests.CheckPermissionsServiceTests.UnauthorizedHasNoAccessToAdminSkiPatrolFunctions(functionName: &quot;GetMessagesAsync&quot;)" storage="/mnt/c/users/alena/desktop/7_sem/testing_and_debugging/skiresort/bl.tests/bin/debug/net6.0/bl.tests.dll" id="229812f5-9a73-5335-11f5-31330d1348a5">
      <Execution id="86762ade-d134-4cf1-8be2-a84f268c70ee" />
      <TestMethod codeBase="/mnt/c/Users/alena/Desktop/7_sem/testing_and_debugging/SkiResort/BL.Tests/bin/Debug/net6.0/BL.Tests.dll" adapterTypeName="executor://xunit/VsTestRunner2/netcoreapp" className="BL.Tests.CheckPermissionsServiceTests" name="UnauthorizedHasNoAccessToAdminSkiPatrolFunctions" />
    </UnitTest>
    <UnitTest name="BL.Tests.UsersServiceTests.TestRegisterUserWithNoEmail" storage="/mnt/c/users/alena/desktop/7_sem/testing_and_debugging/skiresort/bl.tests/bin/debug/net6.0/bl.tests.dll" id="8184bd30-991c-b78d-b4ec-99a485eac0dd">
      <Execution id="5b0198e1-49c4-4146-9778-1ef0228df371" />
      <TestMethod codeBase="/mnt/c/Users/alena/Desktop/7_sem/testing_and_debugging/SkiResort/BL.Tests/bin/Debug/net6.0/BL.Tests.dll" adapterTypeName="executor://xunit/VsTestRunner2/netcoreapp" className="BL.Tests.UsersServiceTests" name="TestRegisterUserWithNoEmail" />
    </UnitTest>
    <UnitTest name="BL.Tests.CheckPermissionsServiceTests.AuthorizedHasNoAccessToAdminSkiPatrolFunctions(functionName: &quot;GetMessagesAsync&quot;)" storage="/mnt/c/users/alena/desktop/7_sem/testing_and_debugging/skiresort/bl.tests/bin/debug/net6.0/bl.tests.dll" id="2602613f-c8e2-a6d9-fcf7-5b27d4a770a6">
      <Execution id="5781f313-6d86-4944-85b2-3ea7bb4037e1" />
      <TestMethod codeBase="/mnt/c/Users/alena/Desktop/7_sem/testing_and_debugging/SkiResort/BL.Tests/bin/Debug/net6.0/BL.Tests.dll" adapterTypeName="executor://xunit/VsTestRunner2/netcoreapp" className="BL.Tests.CheckPermissionsServiceTests" name="AuthorizedHasNoAccessToAdminSkiPatrolFunctions" />
    </UnitTest>
    <UnitTest name="BL.Tests.UsersServiceTests.TestRegisterOk" storage="/mnt/c/users/alena/desktop/7_sem/testing_and_debugging/skiresort/bl.tests/bin/debug/net6.0/bl.tests.dll" id="0eeef75f-6e38-7893-a8fe-cff3e0a970a7">
      <Execution id="3e357155-b57d-4ff7-a546-db87fe30c90b" />
      <TestMethod codeBase="/mnt/c/Users/alena/Desktop/7_sem/testing_and_debugging/SkiResort/BL.Tests/bin/Debug/net6.0/BL.Tests.dll" adapterTypeName="executor://xunit/VsTestRunner2/netcoreapp" className="BL.Tests.UsersServiceTests" name="TestRegisterOk" />
    </UnitTest>
    <UnitTest name="BL.Tests.LiftsServiceTest.TestAdminAddAutoIncrementLiftAsync(userID: 133, lift: Lift { LiftID = 248, LiftName = liftName7890a6ab-6c8f-41a4-b17f-67f09998e45d, IsOpen = True, SeatsAmount = 230, LiftingTime = 69, QueueTime = 114, ConnectedSlopes =  }, checkPermissionServiceMock: Mock&lt;ICheckPermissionService:5&gt;, liftsRepositoryStub: Mock&lt;ILiftsRepository:5&gt;, sut: LiftsService { })" storage="/mnt/c/users/alena/desktop/7_sem/testing_and_debugging/skiresort/bl.tests/bin/debug/net6.0/bl.tests.dll" id="34f91f0e-32e7-ca40-16b4-e82cba8ce0d9">
      <Execution id="3718f7a2-ea5d-4973-80de-a678555f3b83" />
      <TestMethod codeBase="/mnt/c/Users/alena/Desktop/7_sem/testing_and_debugging/SkiResort/BL.Tests/bin/Debug/net6.0/BL.Tests.dll" adapterTypeName="executor://xunit/VsTestRunner2/netcoreapp" className="BL.Tests.LiftsServiceTest" name="TestAdminAddAutoIncrementLiftAsync" />
    </UnitTest>
    <UnitTest name="BL.Tests.SlopesServiceTest.TestGetSlopeInfoAsync(userID: 27, slope: Slope { SlopeID = 223, SlopeName = slopeName2d698744-b162-4f45-b98a-5156dfcbebb2, IsOpen = True, DifficultyLevel = 23, ConnectedLifts =  }, checkPermissionServiceMock: Mock&lt;ICheckPermissionService:6&gt;, slopesRepositoryStub: Mock&lt;ISlopesRepository:4&gt;, liftsSlopesRepositoryStub: Mock&lt;ILiftsSlopesRepository:9&gt;, sut: SlopesService { })" storage="/mnt/c/users/alena/desktop/7_sem/testing_and_debugging/skiresort/bl.tests/bin/debug/net6.0/bl.tests.dll" id="092d4457-ee76-9827-b61f-96301f0b1407">
      <Execution id="30d68bd4-e739-4577-ab05-8b74466c5548" />
      <TestMethod codeBase="/mnt/c/Users/alena/Desktop/7_sem/testing_and_debugging/SkiResort/BL.Tests/bin/Debug/net6.0/BL.Tests.dll" adapterTypeName="executor://xunit/VsTestRunner2/netcoreapp" className="BL.Tests.SlopesServiceTest" name="TestGetSlopeInfoAsync" />
    </UnitTest>
    <UnitTest name="BL.Tests.LiftsServiceTest.TestGetLiftInfoAsync(userID: 240, lift: Lift { LiftID = 14, LiftName = liftName3a0bd6d4-ae00-4147-93b6-53ecab4b5af9, IsOpen = True, SeatsAmount = 234, LiftingTime = 163, QueueTime = 122, ConnectedSlopes =  }, checkPermissionServiceMock: Mock&lt;ICheckPermissionService:1&gt;, liftsRepositoryStub: Mock&lt;ILiftsRepository:1&gt;, liftsSlopesRepositoryStub: Mock&lt;ILiftsSlopesRepository:1&gt;, sut: LiftsService { })" storage="/mnt/c/users/alena/desktop/7_sem/testing_and_debugging/skiresort/bl.tests/bin/debug/net6.0/bl.tests.dll" id="68e01923-fcac-9fe8-aa8b-eb10e056e88a">
      <Execution id="62a3993d-de36-4007-b82f-96293420bd98" />
      <TestMethod codeBase="/mnt/c/Users/alena/Desktop/7_sem/testing_and_debugging/SkiResort/BL.Tests/bin/Debug/net6.0/BL.Tests.dll" adapterTypeName="executor://xunit/VsTestRunner2/netcoreapp" className="BL.Tests.LiftsServiceTest" name="TestGetLiftInfoAsync" />
    </UnitTest>
    <UnitTest name="BL.Tests.CheckPermissionsServiceTests.UnauthorizedHasNoAccessToAuthorizedFunctions(functionName: &quot;LogOutAsync&quot;)" storage="/mnt/c/users/alena/desktop/7_sem/testing_and_debugging/skiresort/bl.tests/bin/debug/net6.0/bl.tests.dll" id="fa960c5e-f989-2880-784e-8efe538c5231">
      <Execution id="02ca8098-a16f-458f-8def-d0d40495fd8e" />
      <TestMethod codeBase="/mnt/c/Users/alena/Desktop/7_sem/testing_and_debugging/SkiResort/BL.Tests/bin/Debug/net6.0/BL.Tests.dll" adapterTypeName="executor://xunit/VsTestRunner2/netcoreapp" className="BL.Tests.CheckPermissionsServiceTests" name="UnauthorizedHasNoAccessToAuthorizedFunctions" />
    </UnitTest>
    <UnitTest name="BL.Tests.TurnstilesServiceTest.TestAdminGetTurnstileAsync(userID: 113, turnstile: Turnstile { TurnstileID = 27, LiftID = 173, IsOpen = True }, checkPermissionServiceMock: Mock&lt;ICheckPermissionService:12&gt;, turnstilesRepositoryStub: Mock&lt;ITurnstilesRepository:6&gt;, sut: TurnstilesService { })" storage="/mnt/c/users/alena/desktop/7_sem/testing_and_debugging/skiresort/bl.tests/bin/debug/net6.0/bl.tests.dll" id="0bbb59f6-3fb0-0193-bcea-d3ea3cdb07f6">
      <Execution id="46538fbf-0269-4f8c-b06e-f5e363ed65ce" />
      <TestMethod codeBase="/mnt/c/Users/alena/Desktop/7_sem/testing_and_debugging/SkiResort/BL.Tests/bin/Debug/net6.0/BL.Tests.dll" adapterTypeName="executor://xunit/VsTestRunner2/netcoreapp" className="BL.Tests.TurnstilesServiceTest" name="TestAdminGetTurnstileAsync" />
    </UnitTest>
    <UnitTest name="BL.Tests.LiftsSlopesServiceTests.TestGetLiftsSlopesInfoAsync(liftsSlopes: [LiftSlope { RecordID = 93, LiftID = 247, SlopeID = 59 }, LiftSlope { RecordID = 130, LiftID = 68, SlopeID = 84 }, LiftSlope { RecordID = 248, LiftID = 120, SlopeID = 10 }], slopesRepositoryStub: Mock&lt;ISlopesRepository:1&gt;, liftsRepositoryStub: Mock&lt;ILiftsRepository:6&gt;, liftsSlopesRepositoryStub: Mock&lt;ILiftsSlopesRepository:6&gt;)" storage="/mnt/c/users/alena/desktop/7_sem/testing_and_debugging/skiresort/bl.tests/bin/debug/net6.0/bl.tests.dll" id="e429852d-a6ed-7c2a-25fd-cd839b159d56">
      <Execution id="2a49c13b-94a3-445f-9ca6-ff2331ecbeeb" />
      <TestMethod codeBase="/mnt/c/Users/alena/Desktop/7_sem/testing_and_debugging/SkiResort/BL.Tests/bin/Debug/net6.0/BL.Tests.dll" adapterTypeName="executor://xunit/VsTestRunner2/netcoreapp" className="BL.Tests.LiftsSlopesServiceTests" name="TestGetLiftsSlopesInfoAsync" />
    </UnitTest>
    <UnitTest name="BL.Tests.LiftsServiceTest.TestUpdateLiftInfoAsync(userID: 16, lift: Lift { LiftID = 222, LiftName = liftName56ba9c1e-803a-428a-b3ea-e559db5f5d9c, IsOpen = True, SeatsAmount = 126, LiftingTime = 104, QueueTime = 83, ConnectedSlopes =  }, checkPermissionServiceMock: Mock&lt;ICheckPermissionService:3&gt;, liftsRepositoryStub: Mock&lt;ILiftsRepository:3&gt;, sut: LiftsService { })" storage="/mnt/c/users/alena/desktop/7_sem/testing_and_debugging/skiresort/bl.tests/bin/debug/net6.0/bl.tests.dll" id="10b495a0-e16d-55b6-569f-cbcb7784fb4e">
      <Execution id="71fac0ed-fa5b-45ea-b5de-f50db6086d76" />
      <TestMethod codeBase="/mnt/c/Users/alena/Desktop/7_sem/testing_and_debugging/SkiResort/BL.Tests/bin/Debug/net6.0/BL.Tests.dll" adapterTypeName="executor://xunit/VsTestRunner2/netcoreapp" className="BL.Tests.LiftsServiceTest" name="TestUpdateLiftInfoAsync" />
    </UnitTest>
    <UnitTest name="BL.Tests.SlopesServiceTest.TestUpdateSlopeInfoAsync(userID: 146, slope: Slope { SlopeID = 255, SlopeName = slopeNamea99941e4-edb8-4848-a4f7-c7258fa31609, IsOpen = True, DifficultyLevel = 135, ConnectedLifts =  }, checkPermissionServiceMock: Mock&lt;ICheckPermissionService:8&gt;, slopesRepositoryStub: Mock&lt;ISlopesRepository:6&gt;, sut: SlopesService { })" storage="/mnt/c/users/alena/desktop/7_sem/testing_and_debugging/skiresort/bl.tests/bin/debug/net6.0/bl.tests.dll" id="8524292e-4de9-5921-2a23-7fffcb73d8cf">
      <Execution id="255a9afa-1036-49c4-bd9b-8ccf2ed9c9af" />
      <TestMethod codeBase="/mnt/c/Users/alena/Desktop/7_sem/testing_and_debugging/SkiResort/BL.Tests/bin/Debug/net6.0/BL.Tests.dll" adapterTypeName="executor://xunit/VsTestRunner2/netcoreapp" className="BL.Tests.SlopesServiceTest" name="TestUpdateSlopeInfoAsync" />
    </UnitTest>
    <UnitTest name="BL.Tests.UsersServiceTests.TestAdminUpdateUser" storage="/mnt/c/users/alena/desktop/7_sem/testing_and_debugging/skiresort/bl.tests/bin/debug/net6.0/bl.tests.dll" id="06d0bc3a-24a0-fb7f-4277-e9ae6d21c7dd">
      <Execution id="83cb63ae-1294-4e5e-a71f-22922916e524" />
      <TestMethod codeBase="/mnt/c/Users/alena/Desktop/7_sem/testing_and_debugging/SkiResort/BL.Tests/bin/Debug/net6.0/BL.Tests.dll" adapterTypeName="executor://xunit/VsTestRunner2/netcoreapp" className="BL.Tests.UsersServiceTests" name="TestAdminUpdateUser" />
    </UnitTest>
    <UnitTest name="BL.Tests.UsersServiceTests.TestAdminGetUserByIDAsync" storage="/mnt/c/users/alena/desktop/7_sem/testing_and_debugging/skiresort/bl.tests/bin/debug/net6.0/bl.tests.dll" id="e5497347-2721-b7a6-0bd4-69a9921f6947">
      <Execution id="185e63a5-8d54-4965-8ded-0f53cf6e0eca" />
      <TestMethod codeBase="/mnt/c/Users/alena/Desktop/7_sem/testing_and_debugging/SkiResort/BL.Tests/bin/Debug/net6.0/BL.Tests.dll" adapterTypeName="executor://xunit/VsTestRunner2/netcoreapp" className="BL.Tests.UsersServiceTests" name="TestAdminGetUserByIDAsync" />
    </UnitTest>
    <UnitTest name="BL.Tests.UsersServiceTests.TestAdminGetUsers" storage="/mnt/c/users/alena/desktop/7_sem/testing_and_debugging/skiresort/bl.tests/bin/debug/net6.0/bl.tests.dll" id="20ad8570-0170-85de-dcd7-2f109dd7bcd6">
      <Execution id="ac34dc64-33c8-4dcc-a039-aac8a3d94570" />
      <TestMethod codeBase="/mnt/c/Users/alena/Desktop/7_sem/testing_and_debugging/SkiResort/BL.Tests/bin/Debug/net6.0/BL.Tests.dll" adapterTypeName="executor://xunit/VsTestRunner2/netcoreapp" className="BL.Tests.UsersServiceTests" name="TestAdminGetUsers" />
    </UnitTest>
    <UnitTest name="BL.Tests.TurnstilesServiceTest.TestAdminGetTurnstilesAsync(userID: 28, initialTurnstiles: [Turnstile { TurnstileID = 43, LiftID = 168, IsOpen = True }, Turnstile { TurnstileID = 184, LiftID = 198, IsOpen = False }, Turnstile { TurnstileID = 136, LiftID = 3, IsOpen = True }], checkPermissionServiceMock: Mock&lt;ICheckPermissionService:13&gt;, turnstilesRepositoryStub: Mock&lt;ITurnstilesRepository:7&gt;, sut: TurnstilesService { })" storage="/mnt/c/users/alena/desktop/7_sem/testing_and_debugging/skiresort/bl.tests/bin/debug/net6.0/bl.tests.dll" id="a01635cc-471d-aa93-5434-e540c132f8ca">
      <Execution id="3fe85398-32ba-4b7c-aee0-fff50ec95f9a" />
      <TestMethod codeBase="/mnt/c/Users/alena/Desktop/7_sem/testing_and_debugging/SkiResort/BL.Tests/bin/Debug/net6.0/BL.Tests.dll" adapterTypeName="executor://xunit/VsTestRunner2/netcoreapp" className="BL.Tests.TurnstilesServiceTest" name="TestAdminGetTurnstilesAsync" />
    </UnitTest>
  </TestDefinitions>
  <TestEntries>
    <TestEntry testId="68e01923-fcac-9fe8-aa8b-eb10e056e88a" executionId="62a3993d-de36-4007-b82f-96293420bd98" testListId="8c84fa94-04c1-424b-9868-57a2d4851a1d" />
    <TestEntry testId="20ad8570-0170-85de-dcd7-2f109dd7bcd6" executionId="ac34dc64-33c8-4dcc-a039-aac8a3d94570" testListId="8c84fa94-04c1-424b-9868-57a2d4851a1d" />
    <TestEntry testId="a01635cc-471d-aa93-5434-e540c132f8ca" executionId="3fe85398-32ba-4b7c-aee0-fff50ec95f9a" testListId="8c84fa94-04c1-424b-9868-57a2d4851a1d" />
    <TestEntry testId="18fa8c62-e27d-e1fc-8182-4d7db62b008d" executionId="9df48041-7b29-4709-b717-2fb9cde60e2b" testListId="8c84fa94-04c1-424b-9868-57a2d4851a1d" />
    <TestEntry testId="8184bd30-991c-b78d-b4ec-99a485eac0dd" executionId="5b0198e1-49c4-4146-9778-1ef0228df371" testListId="8c84fa94-04c1-424b-9868-57a2d4851a1d" />
    <TestEntry testId="092d4457-ee76-9827-b61f-96301f0b1407" executionId="30d68bd4-e739-4577-ab05-8b74466c5548" testListId="8c84fa94-04c1-424b-9868-57a2d4851a1d" />
    <TestEntry testId="f44a1b21-8efc-bfac-63b4-d534442def31" executionId="dde09558-3eb8-4772-947b-2e40cd7ab3b0" testListId="8c84fa94-04c1-424b-9868-57a2d4851a1d" />
    <TestEntry testId="38f7a7c3-be88-777e-148d-e39f2077f7ba" executionId="5ae246c6-0864-4780-8ee8-d73038b59fc9" testListId="8c84fa94-04c1-424b-9868-57a2d4851a1d" />
    <TestEntry testId="60bd668f-04df-da5e-b79b-5d9aedb5234d" executionId="ea4dfdf8-c879-46e9-ac9a-3cdc58690c92" testListId="8c84fa94-04c1-424b-9868-57a2d4851a1d" />
    <TestEntry testId="d6d9c39d-52b7-aed6-2147-4459579f0004" executionId="0c5923ee-e5a6-495b-8b84-4e9d057de9a5" testListId="8c84fa94-04c1-424b-9868-57a2d4851a1d" />
    <TestEntry testId="a2e59116-cb53-1d70-9cb8-21c286516866" executionId="30bc385a-4af9-4ee6-a6ca-7b7f80b3ab2c" testListId="8c84fa94-04c1-424b-9868-57a2d4851a1d" />
    <TestEntry testId="e2d7e5be-3dae-33ae-fb17-c704b6fd58d6" executionId="dbd8271f-f9c8-4a90-98cd-39020d9903ca" testListId="8c84fa94-04c1-424b-9868-57a2d4851a1d" />
    <TestEntry testId="e5497347-2721-b7a6-0bd4-69a9921f6947" executionId="185e63a5-8d54-4965-8ded-0f53cf6e0eca" testListId="8c84fa94-04c1-424b-9868-57a2d4851a1d" />
    <TestEntry testId="0eeef75f-6e38-7893-a8fe-cff3e0a970a7" executionId="3e357155-b57d-4ff7-a546-db87fe30c90b" testListId="8c84fa94-04c1-424b-9868-57a2d4851a1d" />
    <TestEntry testId="69340bb6-3645-f9dd-971e-29d8b2a009bb" executionId="34aa9a1d-7bc3-4925-ab3c-7595afacf5d7" testListId="8c84fa94-04c1-424b-9868-57a2d4851a1d" />
    <TestEntry testId="2602613f-c8e2-a6d9-fcf7-5b27d4a770a6" executionId="5781f313-6d86-4944-85b2-3ea7bb4037e1" testListId="8c84fa94-04c1-424b-9868-57a2d4851a1d" />
    <TestEntry testId="fa960c5e-f989-2880-784e-8efe538c5231" executionId="02ca8098-a16f-458f-8def-d0d40495fd8e" testListId="8c84fa94-04c1-424b-9868-57a2d4851a1d" />
    <TestEntry testId="eaabd2fc-2f4b-5689-59c8-c7ad34a8f634" executionId="fa5fd925-e706-47e6-b5a1-5210d2934a39" testListId="8c84fa94-04c1-424b-9868-57a2d4851a1d" />
    <TestEntry testId="9c7df5e2-1b23-ebea-889f-b78ca86b60ab" executionId="4e4845af-d9dd-4135-a752-08f633de8460" testListId="8c84fa94-04c1-424b-9868-57a2d4851a1d" />
    <TestEntry testId="e49f4244-5843-9f6a-7b92-e8d93ed9da33" executionId="09d15416-a23c-4cdc-ab59-62dfafd4ab0e" testListId="8c84fa94-04c1-424b-9868-57a2d4851a1d" />
    <TestEntry testId="06d0bc3a-24a0-fb7f-4277-e9ae6d21c7dd" executionId="83cb63ae-1294-4e5e-a71f-22922916e524" testListId="8c84fa94-04c1-424b-9868-57a2d4851a1d" />
    <TestEntry testId="4f297306-d4f3-8d63-e7f4-1ac0b8c58c74" executionId="ab2fdd85-b41f-48db-9056-6769e355a16d" testListId="8c84fa94-04c1-424b-9868-57a2d4851a1d" />
    <TestEntry testId="8524292e-4de9-5921-2a23-7fffcb73d8cf" executionId="255a9afa-1036-49c4-bd9b-8ccf2ed9c9af" testListId="8c84fa94-04c1-424b-9868-57a2d4851a1d" />
    <TestEntry testId="969c615a-71c4-d626-257f-078fa5e9c6d3" executionId="6e91784f-1247-4546-8c0d-fd45929db5fb" testListId="8c84fa94-04c1-424b-9868-57a2d4851a1d" />
    <TestEntry testId="bfbb02fb-9970-8f0e-5346-3f6fe8f87cec" executionId="d717e9c7-3e5d-4b09-b05a-3f6a46601646" testListId="8c84fa94-04c1-424b-9868-57a2d4851a1d" />
    <TestEntry testId="0bbb59f6-3fb0-0193-bcea-d3ea3cdb07f6" executionId="46538fbf-0269-4f8c-b06e-f5e363ed65ce" testListId="8c84fa94-04c1-424b-9868-57a2d4851a1d" />
    <TestEntry testId="bce69335-cfd5-4ce8-c6d4-150aa9913ee6" executionId="f1f711c6-3b4d-4bf3-bd3f-487f454d1be1" testListId="8c84fa94-04c1-424b-9868-57a2d4851a1d" />
    <TestEntry testId="e429852d-a6ed-7c2a-25fd-cd839b159d56" executionId="2a49c13b-94a3-445f-9ca6-ff2331ecbeeb" testListId="8c84fa94-04c1-424b-9868-57a2d4851a1d" />
    <TestEntry testId="c134963d-54ec-af23-87c7-21e511e3f8fb" executionId="2d25c4e3-9078-4508-bb83-ba9abe2c5018" testListId="8c84fa94-04c1-424b-9868-57a2d4851a1d" />
    <TestEntry testId="a19a5fcf-c5d2-7d44-5d7d-84403042f4e0" executionId="d99d7fed-6862-4174-9837-d4bf65a55657" testListId="8c84fa94-04c1-424b-9868-57a2d4851a1d" />
    <TestEntry testId="2d706594-f2b3-b3c8-21d4-86c9798c3306" executionId="76f31585-9bfc-42c0-b1d5-508276e1fde0" testListId="8c84fa94-04c1-424b-9868-57a2d4851a1d" />
    <TestEntry testId="229812f5-9a73-5335-11f5-31330d1348a5" executionId="86762ade-d134-4cf1-8be2-a84f268c70ee" testListId="8c84fa94-04c1-424b-9868-57a2d4851a1d" />
    <TestEntry testId="492c0393-35b4-df26-a537-21ca08302f3c" executionId="fd1a5d73-1bdb-40c2-953e-959b9373f3ef" testListId="8c84fa94-04c1-424b-9868-57a2d4851a1d" />
    <TestEntry testId="894941c1-bfa7-d8f9-c047-1e1ceefe2c2f" executionId="4763db34-bd91-4061-b042-09aa7d7b02be" testListId="8c84fa94-04c1-424b-9868-57a2d4851a1d" />
    <TestEntry testId="adc6ab8e-abae-4a96-2f53-4ab895386586" executionId="82c4734d-46a6-47c0-aac0-a2899308fd81" testListId="8c84fa94-04c1-424b-9868-57a2d4851a1d" />
    <TestEntry testId="f3efc418-a8a6-c7b7-9bac-90b33aa8472f" executionId="918141f2-6261-4db6-a78d-4b5760ca0556" testListId="8c84fa94-04c1-424b-9868-57a2d4851a1d" />
    <TestEntry testId="387c9729-48c1-486e-5e67-f5d11a9f0db8" executionId="aef17511-5fdb-4800-8386-b88748830ada" testListId="8c84fa94-04c1-424b-9868-57a2d4851a1d" />
    <TestEntry testId="834c739b-eca4-b36d-6a66-5a1bd75377b8" executionId="e0c37e93-f79f-45b3-9e67-756caeb05d95" testListId="8c84fa94-04c1-424b-9868-57a2d4851a1d" />
    <TestEntry testId="644ec43e-70cd-c82d-42e7-0d990be1414d" executionId="3bb1c832-bc99-4463-8073-0d3cabcfe748" testListId="8c84fa94-04c1-424b-9868-57a2d4851a1d" />
    <TestEntry testId="1ca07ad8-f799-c5d4-e7cc-34fd950198a2" executionId="f2b7639b-8090-46e4-a99c-304499d4c04d" testListId="8c84fa94-04c1-424b-9868-57a2d4851a1d" />
    <TestEntry testId="c36970dc-93f7-753e-fa47-157133b01644" executionId="f0253bd3-aba3-42f8-b0ff-871d2411a794" testListId="8c84fa94-04c1-424b-9868-57a2d4851a1d" />
    <TestEntry testId="aa28a6b3-21d3-aa45-24d3-bef2facbc899" executionId="bdb82293-f406-4247-91c5-6a3af8ea884b" testListId="8c84fa94-04c1-424b-9868-57a2d4851a1d" />
    <TestEntry testId="34f91f0e-32e7-ca40-16b4-e82cba8ce0d9" executionId="3718f7a2-ea5d-4973-80de-a678555f3b83" testListId="8c84fa94-04c1-424b-9868-57a2d4851a1d" />
    <TestEntry testId="77f3a816-dbb0-dc20-439c-4487e653898a" executionId="09ad3c2b-f3a7-45a8-ae95-3a17d53ef06c" testListId="8c84fa94-04c1-424b-9868-57a2d4851a1d" />
    <TestEntry testId="df77cdc4-bc69-b974-49d3-eeac95650faa" executionId="952b5164-8520-4fc2-97cb-b70e4a585711" testListId="8c84fa94-04c1-424b-9868-57a2d4851a1d" />
    <TestEntry testId="7cfbce6e-6c51-4fef-1a0c-ae10969e2405" executionId="137d2d85-1153-4d5b-82bf-4a98779fff8a" testListId="8c84fa94-04c1-424b-9868-57a2d4851a1d" />
    <TestEntry testId="10b495a0-e16d-55b6-569f-cbcb7784fb4e" executionId="71fac0ed-fa5b-45ea-b5de-f50db6086d76" testListId="8c84fa94-04c1-424b-9868-57a2d4851a1d" />
  </TestEntries>
  <TestLists>
    <TestList name="Results Not in a List" id="8c84fa94-04c1-424b-9868-57a2d4851a1d" />
    <TestList name="All Loaded Results" id="19431567-8539-422a-85d7-44ee4e166bda" />
  </TestLists>
  <ResultSummary outcome="Completed">
    <Counters total="47" executed="47" passed="47" failed="0" error="0" timeout="0" aborted="0" inconclusive="0" passedButRunAborted="0" notRunnable="0" notExecuted="0" disconnected="0" warning="0" completed="0" inProgress="0" pending="0" />
    <Output>
      <StdOut>[xUnit.net 00:00:00.00] xUnit.net VSTest Adapter v2.4.5+1caef2f33e (64-bit .NET 6.0.10)
[xUnit.net 00:00:01.18]   Discovering: BL.Tests
[xUnit.net 00:00:01.40]   Discovered:  BL.Tests
[xUnit.net 00:00:01.41]   Starting:    BL.Tests
[xUnit.net 00:00:01.88]   Finished:    BL.Tests
</StdOut>
    </Output>
  </ResultSummary>
</TestRun>