<?xml version="1.0" encoding="utf-8"?>
<TestRun id="600d79be-e0f0-4983-8474-0c573cab93ea" name="@DESKTOP-TJ9D65N 2022-11-03 20:22:45" xmlns="http://microsoft.com/schemas/VisualStudio/TeamTest/2010">
  <Times creation="2022-11-03T20:22:45.4753543+03:00" queuing="2022-11-03T20:22:45.4753543+03:00" start="2022-11-03T20:22:42.8088671+03:00" finish="2022-11-03T20:22:45.7457158+03:00" />
  <TestSettings name="default" id="81ce9ea9-5699-43a7-a5dd-414a661f64af">
    <Deployment runDeploymentRoot="_DESKTOP-TJ9D65N_2022-11-03_20_22_45" />
  </TestSettings>
  <Results>
    <UnitTestResult executionId="5de404a4-5d8f-4909-8f07-d61256851d20" testId="69340bb6-3645-f9dd-971e-29d8b2a009bb" testName="BL.Tests.UsersServiceTests.TestLogInWithWrongPassword" computerName="DESKTOP-TJ9D65N" duration="00:00:00.0028584" startTime="2022-11-03T20:22:45.5759243+03:00" endTime="2022-11-03T20:22:45.5759243+03:00" testType="13cdc9d9-ddb5-4fa4-a97d-d965ccfc6d4b" outcome="Passed" testListId="8c84fa94-04c1-424b-9868-57a2d4851a1d" relativeResultsDirectory="5de404a4-5d8f-4909-8f07-d61256851d20" />
    <UnitTestResult executionId="02406efc-b293-42e9-b359-f7e63b397b83" testId="34d9d50c-28b9-f278-dbd5-88ddfcef869b" testName="BL.Tests.TurnstilesServiceTest.TestAdminUpdateTurnstileAsync(userID: 171, turnstile: Turnstile { TurnstileID = 73, LiftID = 134, IsOpen = True }, checkPermissionServiceMock: Mock&lt;ICheckPermissionService:14&gt;, turnstilesRepositoryStub: Mock&lt;ITurnstilesRepository:8&gt;, sut: TurnstilesService { })" computerName="DESKTOP-TJ9D65N" duration="00:00:00.0067939" startTime="2022-11-03T20:22:45.5013495+03:00" endTime="2022-11-03T20:22:45.5013496+03:00" testType="13cdc9d9-ddb5-4fa4-a97d-d965ccfc6d4b" outcome="Passed" testListId="8c84fa94-04c1-424b-9868-57a2d4851a1d" relativeResultsDirectory="02406efc-b293-42e9-b359-f7e63b397b83" />
    <UnitTestResult executionId="265aa06d-38f7-4a97-8c25-4561bc6bb528" testId="e5497347-2721-b7a6-0bd4-69a9921f6947" testName="BL.Tests.UsersServiceTests.TestAdminGetUserByIDAsync" computerName="DESKTOP-TJ9D65N" duration="00:00:00.0036684" startTime="2022-11-03T20:22:45.6072414+03:00" endTime="2022-11-03T20:22:45.6072415+03:00" testType="13cdc9d9-ddb5-4fa4-a97d-d965ccfc6d4b" outcome="Passed" testListId="8c84fa94-04c1-424b-9868-57a2d4851a1d" relativeResultsDirectory="265aa06d-38f7-4a97-8c25-4561bc6bb528" />
    <UnitTestResult executionId="9a695b07-63eb-4824-8076-b722f78544d5" testId="834c739b-eca4-b36d-6a66-5a1bd75377b8" testName="BL.Tests.UsersServiceTests.TestAdminAddAutoIncrementUser" computerName="DESKTOP-TJ9D65N" duration="00:00:00.0112182" startTime="2022-11-03T20:22:45.5953777+03:00" endTime="2022-11-03T20:22:45.5953778+03:00" testType="13cdc9d9-ddb5-4fa4-a97d-d965ccfc6d4b" outcome="Passed" testListId="8c84fa94-04c1-424b-9868-57a2d4851a1d" relativeResultsDirectory="9a695b07-63eb-4824-8076-b722f78544d5" />
    <UnitTestResult executionId="a7c5eab4-40fc-40b5-bdca-99f4782c15a2" testId="8d8ae273-5991-5f94-6dfb-f1d04e9d3a25" testName="BL.Tests.TurnstilesServiceTest.TestAdminGetTurnstilesAsync(userID: 254, initialTurnstiles: [Turnstile { TurnstileID = 121, LiftID = 182, IsOpen = True }, Turnstile { TurnstileID = 66, LiftID = 186, IsOpen = False }, Turnstile { TurnstileID = 146, LiftID = 247, IsOpen = True }], checkPermissionServiceMock: Mock&lt;ICheckPermissionService:13&gt;, turnstilesRepositoryStub: Mock&lt;ITurnstilesRepository:7&gt;, sut: TurnstilesService { })" computerName="DESKTOP-TJ9D65N" duration="00:00:00.0062251" startTime="2022-11-03T20:22:45.4700483+03:00" endTime="2022-11-03T20:22:45.4700484+03:00" testType="13cdc9d9-ddb5-4fa4-a97d-d965ccfc6d4b" outcome="Passed" testListId="8c84fa94-04c1-424b-9868-57a2d4851a1d" relativeResultsDirectory="a7c5eab4-40fc-40b5-bdca-99f4782c15a2" />
    <UnitTestResult executionId="baada66e-441c-4b79-8797-71f642db5909" testId="387c9729-48c1-486e-5e67-f5d11a9f0db8" testName="BL.Tests.CheckPermissionsServiceTests.UnauthorizedHasNoAccessToAdminSkiPatrolFunctions(functionName: &quot;GetLiftsSlopesInfoAsync&quot;)" computerName="DESKTOP-TJ9D65N" duration="00:00:00.0015865" startTime="2022-11-03T20:22:45.4467535+03:00" endTime="2022-11-03T20:22:45.4467536+03:00" testType="13cdc9d9-ddb5-4fa4-a97d-d965ccfc6d4b" outcome="Passed" testListId="8c84fa94-04c1-424b-9868-57a2d4851a1d" relativeResultsDirectory="baada66e-441c-4b79-8797-71f642db5909" />
    <UnitTestResult executionId="d8f01b89-732e-42f9-b2bf-aa1c63d99a77" testId="fdb24925-6eb4-708b-eeb8-044eb7207a73" testName="BL.Tests.LiftsSlopesServiceTests.TestAdminDeleteLiftSlopeAsync(lift: Lift { LiftID = 57, LiftName = liftName7a93cf0b-11a9-4be5-a9d6-266d49441bbe, IsOpen = True, SeatsAmount = 17, LiftingTime = 224, QueueTime = 35, ConnectedSlopes =  }, slope: Slope { SlopeID = 206, SlopeName = slopeName7c67c9cc-71e7-4b71-b71d-029cea4b37a3, IsOpen = False, DifficultyLevel = 34, ConnectedLifts =  }, slopesRepositoryStub: Mock&lt;ISlopesRepository:2&gt;, liftsRepositoryStub: Mock&lt;ILiftsRepository:7&gt;, liftsSlopesRepositoryStub: Mock&lt;ILiftsSlopesRepository:7&gt;)" computerName="DESKTOP-TJ9D65N" duration="00:00:00.0438730" startTime="2022-11-03T20:22:45.3856306+03:00" endTime="2022-11-03T20:22:45.3856306+03:00" testType="13cdc9d9-ddb5-4fa4-a97d-d965ccfc6d4b" outcome="Passed" testListId="8c84fa94-04c1-424b-9868-57a2d4851a1d" relativeResultsDirectory="d8f01b89-732e-42f9-b2bf-aa1c63d99a77" />
    <UnitTestResult executionId="706efbfa-948e-4ad2-b9d4-d6bb77998842" testId="894941c1-bfa7-d8f9-c047-1e1ceefe2c2f" testName="BL.Tests.UsersServiceTests.TestRegisterUserWithRepeatedEmail" computerName="DESKTOP-TJ9D65N" duration="00:00:00.0047476" startTime="2022-11-03T20:22:45.4906457+03:00" endTime="2022-11-03T20:22:45.4906459+03:00" testType="13cdc9d9-ddb5-4fa4-a97d-d965ccfc6d4b" outcome="Passed" testListId="8c84fa94-04c1-424b-9868-57a2d4851a1d" relativeResultsDirectory="706efbfa-948e-4ad2-b9d4-d6bb77998842" />
    <UnitTestResult executionId="da317252-c7f1-4f9d-b061-a3210deca9f7" testId="e2d7e5be-3dae-33ae-fb17-c704b6fd58d6" testName="BL.Tests.CheckPermissionsServiceTests.UnauthorizedHasNoAccessToAdminFunctions" computerName="DESKTOP-TJ9D65N" duration="00:00:00.0022434" startTime="2022-11-03T20:22:45.6330137+03:00" endTime="2022-11-03T20:22:45.6330137+03:00" testType="13cdc9d9-ddb5-4fa4-a97d-d965ccfc6d4b" outcome="Passed" testListId="8c84fa94-04c1-424b-9868-57a2d4851a1d" relativeResultsDirectory="da317252-c7f1-4f9d-b061-a3210deca9f7" />
    <UnitTestResult executionId="2c8bc917-9911-4b3d-ae6a-9d2c596dd555" testId="d065743e-63b1-4ec1-f7d7-0b7f87b9deb7" testName="BL.Tests.SlopesServiceTest.TestAdminAddAutoIncrementSlopeAsync(userID: 181, slope: Slope { SlopeID = 223, SlopeName = slopeName1825a5f0-3e8b-4fbd-bf57-3c302ebcd6cd, IsOpen = True, DifficultyLevel = 219, ConnectedLifts =  }, checkPermissionServiceMock: Mock&lt;ICheckPermissionService:10&gt;, slopesRepositoryStub: Mock&lt;ISlopesRepository:8&gt;, sut: SlopesService { })" computerName="DESKTOP-TJ9D65N" duration="00:00:00.0076050" startTime="2022-11-03T20:22:45.5343924+03:00" endTime="2022-11-03T20:22:45.5343925+03:00" testType="13cdc9d9-ddb5-4fa4-a97d-d965ccfc6d4b" outcome="Passed" testListId="8c84fa94-04c1-424b-9868-57a2d4851a1d" relativeResultsDirectory="2c8bc917-9911-4b3d-ae6a-9d2c596dd555" />
    <UnitTestResult executionId="24f2c9d6-accc-4f89-a377-699567857883" testId="fa960c5e-f989-2880-784e-8efe538c5231" testName="BL.Tests.CheckPermissionsServiceTests.UnauthorizedHasNoAccessToAuthorizedFunctions(functionName: &quot;LogOutAsync&quot;)" computerName="DESKTOP-TJ9D65N" duration="00:00:00.0017988" startTime="2022-11-03T20:22:45.5034125+03:00" endTime="2022-11-03T20:22:45.5034126+03:00" testType="13cdc9d9-ddb5-4fa4-a97d-d965ccfc6d4b" outcome="Passed" testListId="8c84fa94-04c1-424b-9868-57a2d4851a1d" relativeResultsDirectory="24f2c9d6-accc-4f89-a377-699567857883" />
    <UnitTestResult executionId="fabaa9a9-f118-47bb-9cee-4edf929ca812" testId="5348c52a-749e-8cf3-9412-6fa1a15e407b" testName="BL.Tests.TurnstilesServiceTest.TestAdminGetTurnstileAsync(userID: 205, turnstile: Turnstile { TurnstileID = 71, LiftID = 46, IsOpen = True }, checkPermissionServiceMock: Mock&lt;ICheckPermissionService:12&gt;, turnstilesRepositoryStub: Mock&lt;ITurnstilesRepository:6&gt;, sut: TurnstilesService { })" computerName="DESKTOP-TJ9D65N" duration="00:00:00.0053131" startTime="2022-11-03T20:22:45.4468163+03:00" endTime="2022-11-03T20:22:45.4468164+03:00" testType="13cdc9d9-ddb5-4fa4-a97d-d965ccfc6d4b" outcome="Passed" testListId="8c84fa94-04c1-424b-9868-57a2d4851a1d" relativeResultsDirectory="fabaa9a9-f118-47bb-9cee-4edf929ca812" />
    <UnitTestResult executionId="a633559c-b7f3-41b8-9331-d4f5b7470008" testId="aa28a6b3-21d3-aa45-24d3-bef2facbc899" testName="BL.Tests.CheckPermissionsServiceTests.AuthorizedHasAccessToAuthorizedFunctions(functionName: &quot;LogOutAsync&quot;)" computerName="DESKTOP-TJ9D65N" duration="00:00:00.0010743" startTime="2022-11-03T20:22:45.6227655+03:00" endTime="2022-11-03T20:22:45.6227656+03:00" testType="13cdc9d9-ddb5-4fa4-a97d-d965ccfc6d4b" outcome="Passed" testListId="8c84fa94-04c1-424b-9868-57a2d4851a1d" relativeResultsDirectory="a633559c-b7f3-41b8-9331-d4f5b7470008" />
    <UnitTestResult executionId="1f4e5fa5-440c-490f-ae72-36aaf6f70bb9" testId="2d706594-f2b3-b3c8-21d4-86c9798c3306" testName="BL.Tests.CheckPermissionsServiceTests.SkiPatrolHasAccessToAdminSkiPatrolFunctions(functionName: &quot;GetLiftsSlopesInfoAsync&quot;)" computerName="DESKTOP-TJ9D65N" duration="00:00:00.0056531" startTime="2022-11-03T20:22:45.5245010+03:00" endTime="2022-11-03T20:22:45.5245011+03:00" testType="13cdc9d9-ddb5-4fa4-a97d-d965ccfc6d4b" outcome="Passed" testListId="8c84fa94-04c1-424b-9868-57a2d4851a1d" relativeResultsDirectory="1f4e5fa5-440c-490f-ae72-36aaf6f70bb9" />
    <UnitTestResult executionId="58340ee4-feb6-4b77-b7fe-f5d084c09cc1" testId="c001fa92-ce5c-4709-4b48-de6de89b53d6" testName="BL.Tests.LiftsServiceTest.TestGetLiftsInfoAsync(userID: 196, initialLifts: [Lift { LiftID = 12, LiftName = liftName5ae64a6c-547d-4be6-b6d5-fd7fc1f4a7ab, IsOpen = True, SeatsAmount = 161, LiftingTime = 147, QueueTime = 179, ConnectedSlopes =  }, Lift { LiftID = 148, LiftName = liftNamee9d5b94a-8581-4c9f-b899-7f12bf86a593, IsOpen = False, SeatsAmount = 58, LiftingTime = 81, QueueTime = 107, ConnectedSlopes =  }, Lift { LiftID = 100, LiftName = liftName8bad61c5-5086-413d-a984-5051e91d1764, IsOpen = True, SeatsAmount = 183, LiftingTime = 128, QueueTime = 23, ConnectedSlopes =  }], checkPermissionServiceMock: Mock&lt;ICheckPermissionService:2&gt;, liftsRepositoryStub: Mock&lt;ILiftsRepository:2&gt;, liftsSlopesRepositoryStub: Mock&lt;ILiftsSlopesRepository:2&gt;, sut: LiftsService { })" computerName="DESKTOP-TJ9D65N" duration="00:00:00.0092875" startTime="2022-11-03T20:22:45.5459282+03:00" endTime="2022-11-03T20:22:45.5459283+03:00" testType="13cdc9d9-ddb5-4fa4-a97d-d965ccfc6d4b" outcome="Passed" testListId="8c84fa94-04c1-424b-9868-57a2d4851a1d" relativeResultsDirectory="58340ee4-feb6-4b77-b7fe-f5d084c09cc1" />
    <UnitTestResult executionId="6759eb53-5056-4b9a-8973-eb328bf126f9" testId="20ad8570-0170-85de-dcd7-2f109dd7bcd6" testName="BL.Tests.UsersServiceTests.TestAdminGetUsers" computerName="DESKTOP-TJ9D65N" duration="00:00:00.0516601" startTime="2022-11-03T20:22:45.3857009+03:00" endTime="2022-11-03T20:22:45.3857010+03:00" testType="13cdc9d9-ddb5-4fa4-a97d-d965ccfc6d4b" outcome="Passed" testListId="8c84fa94-04c1-424b-9868-57a2d4851a1d" relativeResultsDirectory="6759eb53-5056-4b9a-8973-eb328bf126f9" />
    <UnitTestResult executionId="fa4673b6-567d-4c8a-856c-a23dcc603c2b" testId="fd745643-4d25-c2fd-7e80-f6f39b85c9b8" testName="BL.Tests.SlopesServiceTest.TestGetSlopesInfoAsync(userID: 65, initialSlopes: [Slope { SlopeID = 154, SlopeName = slopeNamea48c0a5d-8563-49b6-8217-bcea96660789, IsOpen = True, DifficultyLevel = 17, ConnectedLifts =  }, Slope { SlopeID = 148, SlopeName = slopeNamebedbb177-b915-403d-b944-04250c42291a, IsOpen = False, DifficultyLevel = 201, ConnectedLifts =  }, Slope { SlopeID = 135, SlopeName = slopeName6230effd-955d-46df-a674-b1b7a5827a37, IsOpen = True, DifficultyLevel = 184, ConnectedLifts =  }], checkPermissionServiceMock: Mock&lt;ICheckPermissionService:7&gt;, slopesRepositoryStub: Mock&lt;ISlopesRepository:5&gt;, liftsSlopesRepositoryStub: Mock&lt;ILiftsSlopesRepository:10&gt;, sut: SlopesService { })" computerName="DESKTOP-TJ9D65N" duration="00:00:00.0198914" startTime="2022-11-03T20:22:45.4506313+03:00" endTime="2022-11-03T20:22:45.4506314+03:00" testType="13cdc9d9-ddb5-4fa4-a97d-d965ccfc6d4b" outcome="Passed" testListId="8c84fa94-04c1-424b-9868-57a2d4851a1d" relativeResultsDirectory="fa4673b6-567d-4c8a-856c-a23dcc603c2b" />
    <UnitTestResult executionId="c5686aa8-e5ab-4878-92cf-28fac34c5ec6" testId="a19a5fcf-c5d2-7d44-5d7d-84403042f4e0" testName="BL.Tests.CheckPermissionsServiceTests.UnauthorizedHasNoAccessToAdminSkiPatrolFunctions(functionName: &quot;MarkMessageReadByUserAsync&quot;)" computerName="DESKTOP-TJ9D65N" duration="00:00:00.0436671" startTime="2022-11-03T20:22:45.3803547+03:00" endTime="2022-11-03T20:22:45.3803868+03:00" testType="13cdc9d9-ddb5-4fa4-a97d-d965ccfc6d4b" outcome="Passed" testListId="8c84fa94-04c1-424b-9868-57a2d4851a1d" relativeResultsDirectory="c5686aa8-e5ab-4878-92cf-28fac34c5ec6" />
    <UnitTestResult executionId="cb7c5768-6895-4156-839d-d8c24a4634d5" testId="0eeef75f-6e38-7893-a8fe-cff3e0a970a7" testName="BL.Tests.UsersServiceTests.TestRegisterOk" computerName="DESKTOP-TJ9D65N" duration="00:00:00.0116141" startTime="2022-11-03T20:22:45.5465632+03:00" endTime="2022-11-03T20:22:45.5465632+03:00" testType="13cdc9d9-ddb5-4fa4-a97d-d965ccfc6d4b" outcome="Passed" testListId="8c84fa94-04c1-424b-9868-57a2d4851a1d" relativeResultsDirectory="cb7c5768-6895-4156-839d-d8c24a4634d5" />
    <UnitTestResult executionId="7b718c95-ee42-4cc2-8398-f88d2117d93d" testId="ca81b1ae-bdcc-4ca3-f3a9-ba889623a7bb" testName="BL.Tests.SlopesServiceTest.TestUpdateSlopeInfoAsync(userID: 253, slope: Slope { SlopeID = 55, SlopeName = slopeName8d120f5d-7f28-4d03-aa78-a83009784503, IsOpen = True, DifficultyLevel = 52, ConnectedLifts =  }, checkPermissionServiceMock: Mock&lt;ICheckPermissionService:8&gt;, slopesRepositoryStub: Mock&lt;ISlopesRepository:6&gt;, sut: SlopesService { })" computerName="DESKTOP-TJ9D65N" duration="00:00:00.0108487" startTime="2022-11-03T20:22:45.4873334+03:00" endTime="2022-11-03T20:22:45.4873335+03:00" testType="13cdc9d9-ddb5-4fa4-a97d-d965ccfc6d4b" outcome="Passed" testListId="8c84fa94-04c1-424b-9868-57a2d4851a1d" relativeResultsDirectory="7b718c95-ee42-4cc2-8398-f88d2117d93d" />
    <UnitTestResult executionId="3ac90877-06f0-4aa6-8455-4391cf512894" testId="f44a1b21-8efc-bfac-63b4-d534442def31" testName="BL.Tests.UsersServiceTests.TestRegisterUserWithNoPassword" computerName="DESKTOP-TJ9D65N" duration="00:00:00.0019440" startTime="2022-11-03T20:22:45.4645594+03:00" endTime="2022-11-03T20:22:45.4645595+03:00" testType="13cdc9d9-ddb5-4fa4-a97d-d965ccfc6d4b" outcome="Passed" testListId="8c84fa94-04c1-424b-9868-57a2d4851a1d" relativeResultsDirectory="3ac90877-06f0-4aa6-8455-4391cf512894" />
    <UnitTestResult executionId="01e116b5-9054-496b-bc86-58281df11269" testId="f3efc418-a8a6-c7b7-9bac-90b33aa8472f" testName="BL.Tests.CheckPermissionsServiceTests.AdminHasAccessToAllFunctions" computerName="DESKTOP-TJ9D65N" duration="00:00:00.0017191" startTime="2022-11-03T20:22:45.6539004+03:00" endTime="2022-11-03T20:22:45.6539005+03:00" testType="13cdc9d9-ddb5-4fa4-a97d-d965ccfc6d4b" outcome="Passed" testListId="8c84fa94-04c1-424b-9868-57a2d4851a1d" relativeResultsDirectory="01e116b5-9054-496b-bc86-58281df11269" />
    <UnitTestResult executionId="6b6e9062-574f-44d4-bdb2-81af232373fe" testId="644ec43e-70cd-c82d-42e7-0d990be1414d" testName="BL.Tests.CheckPermissionsServiceTests.AuthorizedHasAccessToAuthorizedFunctions(functionName: &quot;SendMessageAsync&quot;)" computerName="DESKTOP-TJ9D65N" duration="00:00:00.0018581" startTime="2022-11-03T20:22:45.6125441+03:00" endTime="2022-11-03T20:22:45.6125442+03:00" testType="13cdc9d9-ddb5-4fa4-a97d-d965ccfc6d4b" outcome="Passed" testListId="8c84fa94-04c1-424b-9868-57a2d4851a1d" relativeResultsDirectory="6b6e9062-574f-44d4-bdb2-81af232373fe" />
    <UnitTestResult executionId="1af0d3c0-28c3-4266-ba56-29a47af7bc24" testId="0c9ef554-e3df-47a9-92d8-a3c2e530e6ca" testName="BL.Tests.LiftsSlopesServiceTests.TestAdminAddAutoIncrementLiftSlopeAsync(lift: Lift { LiftID = 243, LiftName = liftNamedfc89d4a-5a90-43fc-9869-1f7f9e0e1836, IsOpen = True, SeatsAmount = 210, LiftingTime = 202, QueueTime = 73, ConnectedSlopes =  }, slope: Slope { SlopeID = 53, SlopeName = slopeNamebdbf52eb-19c1-48a7-96ad-09ea2cb720ec, IsOpen = False, DifficultyLevel = 119, ConnectedLifts =  }, slopesRepositoryStub: Mock&lt;ISlopesRepository:3&gt;, liftsRepositoryStub: Mock&lt;ILiftsRepository:8&gt;, liftsSlopesRepositoryStub: Mock&lt;ILiftsSlopesRepository:8&gt;)" computerName="DESKTOP-TJ9D65N" duration="00:00:00.0143776" startTime="2022-11-03T20:22:45.4806340+03:00" endTime="2022-11-03T20:22:45.4806341+03:00" testType="13cdc9d9-ddb5-4fa4-a97d-d965ccfc6d4b" outcome="Passed" testListId="8c84fa94-04c1-424b-9868-57a2d4851a1d" relativeResultsDirectory="1af0d3c0-28c3-4266-ba56-29a47af7bc24" />
    <UnitTestResult executionId="0c1e60bc-90f6-4266-9f8d-c88fa3809c42" testId="18fa8c62-e27d-e1fc-8182-4d7db62b008d" testName="BL.Tests.UsersServiceTests.TestAdminDeleteUser" computerName="DESKTOP-TJ9D65N" duration="00:00:00.0025886" startTime="2022-11-03T20:22:45.6185832+03:00" endTime="2022-11-03T20:22:45.6185835+03:00" testType="13cdc9d9-ddb5-4fa4-a97d-d965ccfc6d4b" outcome="Passed" testListId="8c84fa94-04c1-424b-9868-57a2d4851a1d" relativeResultsDirectory="0c1e60bc-90f6-4266-9f8d-c88fa3809c42" />
    <UnitTestResult executionId="baffd50b-c591-4191-a776-f52fdb6d2617" testId="a2e59116-cb53-1d70-9cb8-21c286516866" testName="BL.Tests.CheckPermissionsServiceTests.AuthorizedHasNoAccessToAdminFunctions" computerName="DESKTOP-TJ9D65N" duration="00:00:00.0026442" startTime="2022-11-03T20:22:45.5667412+03:00" endTime="2022-11-03T20:22:45.5667413+03:00" testType="13cdc9d9-ddb5-4fa4-a97d-d965ccfc6d4b" outcome="Passed" testListId="8c84fa94-04c1-424b-9868-57a2d4851a1d" relativeResultsDirectory="baffd50b-c591-4191-a776-f52fdb6d2617" />
    <UnitTestResult executionId="6c81c0b6-1536-4bd8-9954-c119f00efa92" testId="9c7df5e2-1b23-ebea-889f-b78ca86b60ab" testName="BL.Tests.CheckPermissionsServiceTests.AuthorizedHasNoAccessToAdminSkiPatrolFunctions(functionName: &quot;MarkMessageReadByUserAsync&quot;)" computerName="DESKTOP-TJ9D65N" duration="00:00:00.0011004" startTime="2022-11-03T20:22:45.5920796+03:00" endTime="2022-11-03T20:22:45.5920797+03:00" testType="13cdc9d9-ddb5-4fa4-a97d-d965ccfc6d4b" outcome="Passed" testListId="8c84fa94-04c1-424b-9868-57a2d4851a1d" relativeResultsDirectory="6c81c0b6-1536-4bd8-9954-c119f00efa92" />
    <UnitTestResult executionId="55b80ad6-7b6b-453d-8884-0e68ea92c69e" testId="1164f3f5-9a01-da5b-eb12-51ea24468b2b" testName="BL.Tests.LiftsServiceTest.TestAdminDeleteLiftAsync(userID: 187, lift: Lift { LiftID = 108, LiftName = liftNamec2d523c2-8ee0-4853-af06-6a62c1264cb2, IsOpen = True, SeatsAmount = 200, LiftingTime = 50, QueueTime = 203, ConnectedSlopes =  }, checkPermissionServiceMock: Mock&lt;ICheckPermissionService:4&gt;, liftsRepositoryStub: Mock&lt;ILiftsRepository:4&gt;, liftsSlopesRepositoryStub: Mock&lt;ILiftsSlopesRepository:4&gt;, sut: LiftsService { })" computerName="DESKTOP-TJ9D65N" duration="00:00:00.0758176" startTime="2022-11-03T20:22:45.4060669+03:00" endTime="2022-11-03T20:22:45.4060669+03:00" testType="13cdc9d9-ddb5-4fa4-a97d-d965ccfc6d4b" outcome="Passed" testListId="8c84fa94-04c1-424b-9868-57a2d4851a1d" relativeResultsDirectory="55b80ad6-7b6b-453d-8884-0e68ea92c69e" />
    <UnitTestResult executionId="4e644559-d277-47aa-a457-5193f289a130" testId="46662035-fd3e-d125-3ef8-b96f6fda8fbb" testName="BL.Tests.LiftsServiceTest.TestGetLiftInfoAsync(userID: 244, lift: Lift { LiftID = 211, LiftName = liftNameb126fcd8-6604-4d81-b898-1c9485fdee9d, IsOpen = True, SeatsAmount = 32, LiftingTime = 162, QueueTime = 234, ConnectedSlopes =  }, checkPermissionServiceMock: Mock&lt;ICheckPermissionService:1&gt;, liftsRepositoryStub: Mock&lt;ILiftsRepository:1&gt;, liftsSlopesRepositoryStub: Mock&lt;ILiftsSlopesRepository:1&gt;, sut: LiftsService { })" computerName="DESKTOP-TJ9D65N" duration="00:00:00.0122173" startTime="2022-11-03T20:22:45.4840350+03:00" endTime="2022-11-03T20:22:45.4840351+03:00" testType="13cdc9d9-ddb5-4fa4-a97d-d965ccfc6d4b" outcome="Passed" testListId="8c84fa94-04c1-424b-9868-57a2d4851a1d" relativeResultsDirectory="4e644559-d277-47aa-a457-5193f289a130" />
    <UnitTestResult executionId="4be71f39-bcd4-4ce2-911b-bdaa350de88c" testId="40ebc16a-15e8-f6ff-f413-c1580b9d626e" testName="BL.Tests.LiftsServiceTest.TestAdminAddAutoIncrementLiftAsync(userID: 61, lift: Lift { LiftID = 73, LiftName = liftName4c342187-5cc6-4502-9725-04abbc7f536e, IsOpen = True, SeatsAmount = 62, LiftingTime = 92, QueueTime = 196, ConnectedSlopes =  }, checkPermissionServiceMock: Mock&lt;ICheckPermissionService:5&gt;, liftsRepositoryStub: Mock&lt;ILiftsRepository:5&gt;, sut: LiftsService { })" computerName="DESKTOP-TJ9D65N" duration="00:00:00.0154774" startTime="2022-11-03T20:22:45.5222715+03:00" endTime="2022-11-03T20:22:45.5222715+03:00" testType="13cdc9d9-ddb5-4fa4-a97d-d965ccfc6d4b" outcome="Passed" testListId="8c84fa94-04c1-424b-9868-57a2d4851a1d" relativeResultsDirectory="4be71f39-bcd4-4ce2-911b-bdaa350de88c" />
    <UnitTestResult executionId="403c1294-c454-4667-89d7-9c9fdbab73e5" testId="eaabd2fc-2f4b-5689-59c8-c7ad34a8f634" testName="BL.Tests.CheckPermissionsServiceTests.UnauthorizedHasNoAccessToAuthorizedFunctions(functionName: &quot;SendMessageAsync&quot;)" computerName="DESKTOP-TJ9D65N" duration="00:00:00.0038477" startTime="2022-11-03T20:22:45.4839292+03:00" endTime="2022-11-03T20:22:45.4839293+03:00" testType="13cdc9d9-ddb5-4fa4-a97d-d965ccfc6d4b" outcome="Passed" testListId="8c84fa94-04c1-424b-9868-57a2d4851a1d" relativeResultsDirectory="403c1294-c454-4667-89d7-9c9fdbab73e5" />
    <UnitTestResult executionId="4fdc65d4-c9f7-42a3-8393-86b03036da0d" testId="4f297306-d4f3-8d63-e7f4-1ac0b8c58c74" testName="BL.Tests.CheckPermissionsServiceTests.AuthorizedHasNoAccessToAdminSkiPatrolFunctions(functionName: &quot;GetLiftsSlopesInfoAsync&quot;)" computerName="DESKTOP-TJ9D65N" duration="00:00:00.0011734" startTime="2022-11-03T20:22:45.6019307+03:00" endTime="2022-11-03T20:22:45.6019308+03:00" testType="13cdc9d9-ddb5-4fa4-a97d-d965ccfc6d4b" outcome="Passed" testListId="8c84fa94-04c1-424b-9868-57a2d4851a1d" relativeResultsDirectory="4fdc65d4-c9f7-42a3-8393-86b03036da0d" />
    <UnitTestResult executionId="7e2a2a00-e521-47b6-8d92-6629670bee91" testId="229812f5-9a73-5335-11f5-31330d1348a5" testName="BL.Tests.CheckPermissionsServiceTests.UnauthorizedHasNoAccessToAdminSkiPatrolFunctions(functionName: &quot;GetMessagesAsync&quot;)" computerName="DESKTOP-TJ9D65N" duration="00:00:00.0016348" startTime="2022-11-03T20:22:45.4604367+03:00" endTime="2022-11-03T20:22:45.4604368+03:00" testType="13cdc9d9-ddb5-4fa4-a97d-d965ccfc6d4b" outcome="Passed" testListId="8c84fa94-04c1-424b-9868-57a2d4851a1d" relativeResultsDirectory="7e2a2a00-e521-47b6-8d92-6629670bee91" />
    <UnitTestResult executionId="7201383e-1eed-4268-a0ec-be08e2b666f2" testId="f73d49ef-3943-3a07-7923-077308de7440" testName="BL.Tests.SlopesServiceTest.TestAdminDeleteSlopeAsync(userID: 136, slope: Slope { SlopeID = 49, SlopeName = slopeName23e904d3-209b-477e-b29e-f767b90ae29c, IsOpen = True, DifficultyLevel = 32, ConnectedLifts =  }, checkPermissionServiceMock: Mock&lt;ICheckPermissionService:9&gt;, slopesRepositoryStub: Mock&lt;ISlopesRepository:7&gt;, liftsSlopesRepositoryStub: Mock&lt;ILiftsSlopesRepository:12&gt;, sut: SlopesService { })" computerName="DESKTOP-TJ9D65N" duration="00:00:00.0082189" startTime="2022-11-03T20:22:45.5163186+03:00" endTime="2022-11-03T20:22:45.5163186+03:00" testType="13cdc9d9-ddb5-4fa4-a97d-d965ccfc6d4b" outcome="Passed" testListId="8c84fa94-04c1-424b-9868-57a2d4851a1d" relativeResultsDirectory="7201383e-1eed-4268-a0ec-be08e2b666f2" />
    <UnitTestResult executionId="01a5ddb9-eef1-4d6a-83fd-a2340089ab10" testId="1bfd3a77-0a15-c448-9798-dfa46f1f9ff3" testName="BL.Tests.TurnstilesServiceTest.TestAdminDeleteTurnstileAsync(userID: 55, turnstile: Turnstile { TurnstileID = 1, LiftID = 84, IsOpen = True }, checkPermissionServiceMock: Mock&lt;ICheckPermissionService:15&gt;, turnstilesRepositoryStub: Mock&lt;ITurnstilesRepository:9&gt;, sut: TurnstilesService { })" computerName="DESKTOP-TJ9D65N" duration="00:00:00.0439419" startTime="2022-11-03T20:22:45.3856428+03:00" endTime="2022-11-03T20:22:45.3856428+03:00" testType="13cdc9d9-ddb5-4fa4-a97d-d965ccfc6d4b" outcome="Passed" testListId="8c84fa94-04c1-424b-9868-57a2d4851a1d" relativeResultsDirectory="01a5ddb9-eef1-4d6a-83fd-a2340089ab10" />
    <UnitTestResult executionId="f4a2ab3b-9606-43cb-aa82-f1acaa4a4d91" testId="492c0393-35b4-df26-a537-21ca08302f3c" testName="BL.Tests.CheckPermissionsServiceTests.SkiPatrolHasNoAccessToAdminFunctions" computerName="DESKTOP-TJ9D65N" duration="00:00:00.0021903" startTime="2022-11-03T20:22:45.6437248+03:00" endTime="2022-11-03T20:22:45.6437248+03:00" testType="13cdc9d9-ddb5-4fa4-a97d-d965ccfc6d4b" outcome="Passed" testListId="8c84fa94-04c1-424b-9868-57a2d4851a1d" relativeResultsDirectory="f4a2ab3b-9606-43cb-aa82-f1acaa4a4d91" />
    <UnitTestResult executionId="17a5264a-e7a7-4bff-9a66-ca3c33a5e82d" testId="fd7d81a3-740b-f155-ea1f-db9dd70b5310" testName="BL.Tests.SlopesServiceTest.TestGetSlopeInfoAsync(userID: 31, slope: Slope { SlopeID = 86, SlopeName = slopeName4bdc7f5d-8ac6-496b-a2e6-1bf855e1093d, IsOpen = True, DifficultyLevel = 154, ConnectedLifts =  }, checkPermissionServiceMock: Mock&lt;ICheckPermissionService:6&gt;, slopesRepositoryStub: Mock&lt;ISlopesRepository:4&gt;, liftsSlopesRepositoryStub: Mock&lt;ILiftsSlopesRepository:9&gt;, sut: SlopesService { })" computerName="DESKTOP-TJ9D65N" duration="00:00:00.0471978" startTime="2022-11-03T20:22:45.3855281+03:00" endTime="2022-11-03T20:22:45.3855282+03:00" testType="13cdc9d9-ddb5-4fa4-a97d-d965ccfc6d4b" outcome="Passed" testListId="8c84fa94-04c1-424b-9868-57a2d4851a1d" relativeResultsDirectory="17a5264a-e7a7-4bff-9a66-ca3c33a5e82d" />
    <UnitTestResult executionId="90b15212-3def-419a-83b2-e4e72f685caf" testId="8184bd30-991c-b78d-b4ec-99a485eac0dd" testName="BL.Tests.UsersServiceTests.TestRegisterUserWithNoEmail" computerName="DESKTOP-TJ9D65N" duration="00:00:00.0039214" startTime="2022-11-03T20:22:45.4467946+03:00" endTime="2022-11-03T20:22:45.4467946+03:00" testType="13cdc9d9-ddb5-4fa4-a97d-d965ccfc6d4b" outcome="Passed" testListId="8c84fa94-04c1-424b-9868-57a2d4851a1d" relativeResultsDirectory="90b15212-3def-419a-83b2-e4e72f685caf" />
    <UnitTestResult executionId="76896b81-8d52-4bb2-8727-2d6559f64b01" testId="805b2092-fa6f-3874-f183-651e379b49d9" testName="BL.Tests.TurnstilesServiceTest.TestAdminAddAutoIncrementTurnstileAsync(userID: 223, turnstile: Turnstile { TurnstileID = 57, LiftID = 180, IsOpen = True }, checkPermissionServiceMock: Mock&lt;ICheckPermissionService:16&gt;, turnstilesRepositoryStub: Mock&lt;ITurnstilesRepository:10&gt;, sut: TurnstilesService { })" computerName="DESKTOP-TJ9D65N" duration="00:00:00.0061241" startTime="2022-11-03T20:22:45.5231038+03:00" endTime="2022-11-03T20:22:45.5231039+03:00" testType="13cdc9d9-ddb5-4fa4-a97d-d965ccfc6d4b" outcome="Passed" testListId="8c84fa94-04c1-424b-9868-57a2d4851a1d" relativeResultsDirectory="76896b81-8d52-4bb2-8727-2d6559f64b01" />
    <UnitTestResult executionId="dc43027b-f832-4ade-88e3-8ff9c71e7ff7" testId="1ca07ad8-f799-c5d4-e7cc-34fd950198a2" testName="BL.Tests.UsersServiceTests.TestLogInOk" computerName="DESKTOP-TJ9D65N" duration="00:00:00.0032537" startTime="2022-11-03T20:22:45.5648131+03:00" endTime="2022-11-03T20:22:45.5648132+03:00" testType="13cdc9d9-ddb5-4fa4-a97d-d965ccfc6d4b" outcome="Passed" testListId="8c84fa94-04c1-424b-9868-57a2d4851a1d" relativeResultsDirectory="dc43027b-f832-4ade-88e3-8ff9c71e7ff7" />
    <UnitTestResult executionId="9aee1ba6-8a47-4948-8372-ae9c0714daa8" testId="2602613f-c8e2-a6d9-fcf7-5b27d4a770a6" testName="BL.Tests.CheckPermissionsServiceTests.AuthorizedHasNoAccessToAdminSkiPatrolFunctions(functionName: &quot;GetMessagesAsync&quot;)" computerName="DESKTOP-TJ9D65N" duration="00:00:00.0022609" startTime="2022-11-03T20:22:45.5770398+03:00" endTime="2022-11-03T20:22:45.5770399+03:00" testType="13cdc9d9-ddb5-4fa4-a97d-d965ccfc6d4b" outcome="Passed" testListId="8c84fa94-04c1-424b-9868-57a2d4851a1d" relativeResultsDirectory="9aee1ba6-8a47-4948-8372-ae9c0714daa8" />
    <UnitTestResult executionId="26bf980d-aa5b-4398-ae72-6ba5f77a3fa4" testId="c36970dc-93f7-753e-fa47-157133b01644" testName="BL.Tests.CheckPermissionsServiceTests.SkiPatrolHasAccessToAdminSkiPatrolFunctions(functionName: &quot;GetMessagesAsync&quot;)" computerName="DESKTOP-TJ9D65N" duration="00:00:00.0012982" startTime="2022-11-03T20:22:45.5538858+03:00" endTime="2022-11-03T20:22:45.5538860+03:00" testType="13cdc9d9-ddb5-4fa4-a97d-d965ccfc6d4b" outcome="Passed" testListId="8c84fa94-04c1-424b-9868-57a2d4851a1d" relativeResultsDirectory="26bf980d-aa5b-4398-ae72-6ba5f77a3fa4" />
    <UnitTestResult executionId="a6c28f76-8a65-4c34-9e41-1fe2dd838cdc" testId="60bd668f-04df-da5e-b79b-5d9aedb5234d" testName="BL.Tests.CheckPermissionsServiceTests.SkiPatrolHasAccessToAdminSkiPatrolFunctions(functionName: &quot;MarkMessageReadByUserAsync&quot;)" computerName="DESKTOP-TJ9D65N" duration="00:00:00.0009984" startTime="2022-11-03T20:22:45.5411277+03:00" endTime="2022-11-03T20:22:45.5411277+03:00" testType="13cdc9d9-ddb5-4fa4-a97d-d965ccfc6d4b" outcome="Passed" testListId="8c84fa94-04c1-424b-9868-57a2d4851a1d" relativeResultsDirectory="a6c28f76-8a65-4c34-9e41-1fe2dd838cdc" />
    <UnitTestResult executionId="f0f830db-64a5-433a-9426-af81b1a7c08d" testId="7500e5cd-ea89-0635-8217-3dd5d482f990" testName="BL.Tests.SlopesServiceTest.TestAdminAddSlopeAsync(userID: 105, slope: Slope { SlopeID = 172, SlopeName = slopeName095bdc23-ab69-4535-b812-9493ce0f405c, IsOpen = True, DifficultyLevel = 72, ConnectedLifts =  }, checkPermissionServiceMock: Mock&lt;ICheckPermissionService:11&gt;, slopesRepositoryStub: Mock&lt;ISlopesRepository:9&gt;, sut: SlopesService { })" computerName="DESKTOP-TJ9D65N" duration="00:00:00.0059690" startTime="2022-11-03T20:22:45.5534038+03:00" endTime="2022-11-03T20:22:45.5534039+03:00" testType="13cdc9d9-ddb5-4fa4-a97d-d965ccfc6d4b" outcome="Passed" testListId="8c84fa94-04c1-424b-9868-57a2d4851a1d" relativeResultsDirectory="f0f830db-64a5-433a-9426-af81b1a7c08d" />
    <UnitTestResult executionId="ba5f37d2-d725-4992-91e4-708eed944e50" testId="06d0bc3a-24a0-fb7f-4277-e9ae6d21c7dd" testName="BL.Tests.UsersServiceTests.TestAdminUpdateUser" computerName="DESKTOP-TJ9D65N" duration="00:00:00.0071661" startTime="2022-11-03T20:22:45.5214335+03:00" endTime="2022-11-03T20:22:45.5214336+03:00" testType="13cdc9d9-ddb5-4fa4-a97d-d965ccfc6d4b" outcome="Passed" testListId="8c84fa94-04c1-424b-9868-57a2d4851a1d" relativeResultsDirectory="ba5f37d2-d725-4992-91e4-708eed944e50" />
    <UnitTestResult executionId="997c00eb-7fea-4e48-a3bd-7f126e349b69" testId="0ffd73ac-4608-be5b-fdef-2e12d7771f29" testName="BL.Tests.LiftsServiceTest.TestUpdateLiftInfoAsync(userID: 102, lift: Lift { LiftID = 54, LiftName = liftNameadc0f60b-465e-4eca-ba94-a3987218bc87, IsOpen = True, SeatsAmount = 229, LiftingTime = 251, QueueTime = 76, ConnectedSlopes =  }, checkPermissionServiceMock: Mock&lt;ICheckPermissionService:3&gt;, liftsRepositoryStub: Mock&lt;ILiftsRepository:3&gt;, sut: LiftsService { })" computerName="DESKTOP-TJ9D65N" duration="00:00:00.0091009" startTime="2022-11-03T20:22:45.4468919+03:00" endTime="2022-11-03T20:22:45.4468919+03:00" testType="13cdc9d9-ddb5-4fa4-a97d-d965ccfc6d4b" outcome="Passed" testListId="8c84fa94-04c1-424b-9868-57a2d4851a1d" relativeResultsDirectory="997c00eb-7fea-4e48-a3bd-7f126e349b69" />
    <UnitTestResult executionId="96eb61ba-6a1c-46b2-993e-0f2531c79f1e" testId="e429852d-a6ed-7c2a-25fd-cd839b159d56" testName="BL.Tests.LiftsSlopesServiceTests.TestGetLiftsSlopesInfoAsync(liftsSlopes: [LiftSlope { RecordID = 165, LiftID = 41, SlopeID = 153 }, LiftSlope { RecordID = 212, LiftID = 47, SlopeID = 150 }, LiftSlope { RecordID = 244, LiftID = 75, SlopeID = 71 }], slopesRepositoryStub: Mock&lt;ISlopesRepository:1&gt;, liftsRepositoryStub: Mock&lt;ILiftsRepository:6&gt;, liftsSlopesRepositoryStub: Mock&lt;ILiftsSlopesRepository:6&gt;)" computerName="DESKTOP-TJ9D65N" duration="00:00:00.0045966" startTime="2022-11-03T20:22:45.4468439+03:00" endTime="2022-11-03T20:22:45.4468440+03:00" testType="13cdc9d9-ddb5-4fa4-a97d-d965ccfc6d4b" outcome="Passed" testListId="8c84fa94-04c1-424b-9868-57a2d4851a1d" relativeResultsDirectory="96eb61ba-6a1c-46b2-993e-0f2531c79f1e" />
  </Results>
  <TestDefinitions>
    <UnitTest name="BL.Tests.LiftsServiceTest.TestAdminAddAutoIncrementLiftAsync(userID: 61, lift: Lift { LiftID = 73, LiftName = liftName4c342187-5cc6-4502-9725-04abbc7f536e, IsOpen = True, SeatsAmount = 62, LiftingTime = 92, QueueTime = 196, ConnectedSlopes =  }, checkPermissionServiceMock: Mock&lt;ICheckPermissionService:5&gt;, liftsRepositoryStub: Mock&lt;ILiftsRepository:5&gt;, sut: LiftsService { })" storage="/mnt/c/users/alena/desktop/7_sem/testing_and_debugging/skiresort/bl.tests/bin/debug/net6.0/bl.tests.dll" id="40ebc16a-15e8-f6ff-f413-c1580b9d626e">
      <Execution id="4be71f39-bcd4-4ce2-911b-bdaa350de88c" />
      <TestMethod codeBase="/mnt/c/Users/alena/Desktop/7_sem/testing_and_debugging/SkiResort/BL.Tests/bin/Debug/net6.0/BL.Tests.dll" adapterTypeName="executor://xunit/VsTestRunner2/netcoreapp" className="BL.Tests.LiftsServiceTest" name="TestAdminAddAutoIncrementLiftAsync" />
    </UnitTest>
    <UnitTest name="BL.Tests.CheckPermissionsServiceTests.AuthorizedHasNoAccessToAdminSkiPatrolFunctions(functionName: &quot;MarkMessageReadByUserAsync&quot;)" storage="/mnt/c/users/alena/desktop/7_sem/testing_and_debugging/skiresort/bl.tests/bin/debug/net6.0/bl.tests.dll" id="9c7df5e2-1b23-ebea-889f-b78ca86b60ab">
      <Execution id="6c81c0b6-1536-4bd8-9954-c119f00efa92" />
      <TestMethod codeBase="/mnt/c/Users/alena/Desktop/7_sem/testing_and_debugging/SkiResort/BL.Tests/bin/Debug/net6.0/BL.Tests.dll" adapterTypeName="executor://xunit/VsTestRunner2/netcoreapp" className="BL.Tests.CheckPermissionsServiceTests" name="AuthorizedHasNoAccessToAdminSkiPatrolFunctions" />
    </UnitTest>
    <UnitTest name="BL.Tests.CheckPermissionsServiceTests.UnauthorizedHasNoAccessToAdminSkiPatrolFunctions(functionName: &quot;MarkMessageReadByUserAsync&quot;)" storage="/mnt/c/users/alena/desktop/7_sem/testing_and_debugging/skiresort/bl.tests/bin/debug/net6.0/bl.tests.dll" id="a19a5fcf-c5d2-7d44-5d7d-84403042f4e0">
      <Execution id="c5686aa8-e5ab-4878-92cf-28fac34c5ec6" />
      <TestMethod codeBase="/mnt/c/Users/alena/Desktop/7_sem/testing_and_debugging/SkiResort/BL.Tests/bin/Debug/net6.0/BL.Tests.dll" adapterTypeName="executor://xunit/VsTestRunner2/netcoreapp" className="BL.Tests.CheckPermissionsServiceTests" name="UnauthorizedHasNoAccessToAdminSkiPatrolFunctions" />
    </UnitTest>
    <UnitTest name="BL.Tests.TurnstilesServiceTest.TestAdminDeleteTurnstileAsync(userID: 55, turnstile: Turnstile { TurnstileID = 1, LiftID = 84, IsOpen = True }, checkPermissionServiceMock: Mock&lt;ICheckPermissionService:15&gt;, turnstilesRepositoryStub: Mock&lt;ITurnstilesRepository:9&gt;, sut: TurnstilesService { })" storage="/mnt/c/users/alena/desktop/7_sem/testing_and_debugging/skiresort/bl.tests/bin/debug/net6.0/bl.tests.dll" id="1bfd3a77-0a15-c448-9798-dfa46f1f9ff3">
      <Execution id="01a5ddb9-eef1-4d6a-83fd-a2340089ab10" />
      <TestMethod codeBase="/mnt/c/Users/alena/Desktop/7_sem/testing_and_debugging/SkiResort/BL.Tests/bin/Debug/net6.0/BL.Tests.dll" adapterTypeName="executor://xunit/VsTestRunner2/netcoreapp" className="BL.Tests.TurnstilesServiceTest" name="TestAdminDeleteTurnstileAsync" />
    </UnitTest>
    <UnitTest name="BL.Tests.LiftsSlopesServiceTests.TestAdminDeleteLiftSlopeAsync(lift: Lift { LiftID = 57, LiftName = liftName7a93cf0b-11a9-4be5-a9d6-266d49441bbe, IsOpen = True, SeatsAmount = 17, LiftingTime = 224, QueueTime = 35, ConnectedSlopes =  }, slope: Slope { SlopeID = 206, SlopeName = slopeName7c67c9cc-71e7-4b71-b71d-029cea4b37a3, IsOpen = False, DifficultyLevel = 34, ConnectedLifts =  }, slopesRepositoryStub: Mock&lt;ISlopesRepository:2&gt;, liftsReposi..." storage="/mnt/c/users/alena/desktop/7_sem/testing_and_debugging/skiresort/bl.tests/bin/debug/net6.0/bl.tests.dll" id="fdb24925-6eb4-708b-eeb8-044eb7207a73">
      <Execution id="d8f01b89-732e-42f9-b2bf-aa1c63d99a77" />
      <TestMethod codeBase="/mnt/c/Users/alena/Desktop/7_sem/testing_and_debugging/SkiResort/BL.Tests/bin/Debug/net6.0/BL.Tests.dll" adapterTypeName="executor://xunit/VsTestRunner2/netcoreapp" className="BL.Tests.LiftsSlopesServiceTests" name="TestAdminDeleteLiftSlopeAsync" />
    </UnitTest>
    <UnitTest name="BL.Tests.CheckPermissionsServiceTests.AuthorizedHasNoAccessToAdminSkiPatrolFunctions(functionName: &quot;GetMessagesAsync&quot;)" storage="/mnt/c/users/alena/desktop/7_sem/testing_and_debugging/skiresort/bl.tests/bin/debug/net6.0/bl.tests.dll" id="2602613f-c8e2-a6d9-fcf7-5b27d4a770a6">
      <Execution id="9aee1ba6-8a47-4948-8372-ae9c0714daa8" />
      <TestMethod codeBase="/mnt/c/Users/alena/Desktop/7_sem/testing_and_debugging/SkiResort/BL.Tests/bin/Debug/net6.0/BL.Tests.dll" adapterTypeName="executor://xunit/VsTestRunner2/netcoreapp" className="BL.Tests.CheckPermissionsServiceTests" name="AuthorizedHasNoAccessToAdminSkiPatrolFunctions" />
    </UnitTest>
    <UnitTest name="BL.Tests.CheckPermissionsServiceTests.AuthorizedHasNoAccessToAdminFunctions" storage="/mnt/c/users/alena/desktop/7_sem/testing_and_debugging/skiresort/bl.tests/bin/debug/net6.0/bl.tests.dll" id="a2e59116-cb53-1d70-9cb8-21c286516866">
      <Execution id="baffd50b-c591-4191-a776-f52fdb6d2617" />
      <TestMethod codeBase="/mnt/c/Users/alena/Desktop/7_sem/testing_and_debugging/SkiResort/BL.Tests/bin/Debug/net6.0/BL.Tests.dll" adapterTypeName="executor://xunit/VsTestRunner2/netcoreapp" className="BL.Tests.CheckPermissionsServiceTests" name="AuthorizedHasNoAccessToAdminFunctions" />
    </UnitTest>
    <UnitTest name="BL.Tests.CheckPermissionsServiceTests.SkiPatrolHasAccessToAdminSkiPatrolFunctions(functionName: &quot;GetMessagesAsync&quot;)" storage="/mnt/c/users/alena/desktop/7_sem/testing_and_debugging/skiresort/bl.tests/bin/debug/net6.0/bl.tests.dll" id="c36970dc-93f7-753e-fa47-157133b01644">
      <Execution id="26bf980d-aa5b-4398-ae72-6ba5f77a3fa4" />
      <TestMethod codeBase="/mnt/c/Users/alena/Desktop/7_sem/testing_and_debugging/SkiResort/BL.Tests/bin/Debug/net6.0/BL.Tests.dll" adapterTypeName="executor://xunit/VsTestRunner2/netcoreapp" className="BL.Tests.CheckPermissionsServiceTests" name="SkiPatrolHasAccessToAdminSkiPatrolFunctions" />
    </UnitTest>
    <UnitTest name="BL.Tests.CheckPermissionsServiceTests.AdminHasAccessToAllFunctions" storage="/mnt/c/users/alena/desktop/7_sem/testing_and_debugging/skiresort/bl.tests/bin/debug/net6.0/bl.tests.dll" id="f3efc418-a8a6-c7b7-9bac-90b33aa8472f">
      <Execution id="01e116b5-9054-496b-bc86-58281df11269" />
      <TestMethod codeBase="/mnt/c/Users/alena/Desktop/7_sem/testing_and_debugging/SkiResort/BL.Tests/bin/Debug/net6.0/BL.Tests.dll" adapterTypeName="executor://xunit/VsTestRunner2/netcoreapp" className="BL.Tests.CheckPermissionsServiceTests" name="AdminHasAccessToAllFunctions" />
    </UnitTest>
    <UnitTest name="BL.Tests.SlopesServiceTest.TestAdminAddSlopeAsync(userID: 105, slope: Slope { SlopeID = 172, SlopeName = slopeName095bdc23-ab69-4535-b812-9493ce0f405c, IsOpen = True, DifficultyLevel = 72, ConnectedLifts =  }, checkPermissionServiceMock: Mock&lt;ICheckPermissionService:11&gt;, slopesRepositoryStub: Mock&lt;ISlopesRepository:9&gt;, sut: SlopesService { })" storage="/mnt/c/users/alena/desktop/7_sem/testing_and_debugging/skiresort/bl.tests/bin/debug/net6.0/bl.tests.dll" id="7500e5cd-ea89-0635-8217-3dd5d482f990">
      <Execution id="f0f830db-64a5-433a-9426-af81b1a7c08d" />
      <TestMethod codeBase="/mnt/c/Users/alena/Desktop/7_sem/testing_and_debugging/SkiResort/BL.Tests/bin/Debug/net6.0/BL.Tests.dll" adapterTypeName="executor://xunit/VsTestRunner2/netcoreapp" className="BL.Tests.SlopesServiceTest" name="TestAdminAddSlopeAsync" />
    </UnitTest>
    <UnitTest name="BL.Tests.SlopesServiceTest.TestAdminDeleteSlopeAsync(userID: 136, slope: Slope { SlopeID = 49, SlopeName = slopeName23e904d3-209b-477e-b29e-f767b90ae29c, IsOpen = True, DifficultyLevel = 32, ConnectedLifts =  }, checkPermissionServiceMock: Mock&lt;ICheckPermissionService:9&gt;, slopesRepositoryStub: Mock&lt;ISlopesRepository:7&gt;, liftsSlopesRepositoryStub: Mock&lt;ILiftsSlopesRepository:12&gt;, sut: SlopesService { })" storage="/mnt/c/users/alena/desktop/7_sem/testing_and_debugging/skiresort/bl.tests/bin/debug/net6.0/bl.tests.dll" id="f73d49ef-3943-3a07-7923-077308de7440">
      <Execution id="7201383e-1eed-4268-a0ec-be08e2b666f2" />
      <TestMethod codeBase="/mnt/c/Users/alena/Desktop/7_sem/testing_and_debugging/SkiResort/BL.Tests/bin/Debug/net6.0/BL.Tests.dll" adapterTypeName="executor://xunit/VsTestRunner2/netcoreapp" className="BL.Tests.SlopesServiceTest" name="TestAdminDeleteSlopeAsync" />
    </UnitTest>
    <UnitTest name="BL.Tests.UsersServiceTests.TestRegisterUserWithNoPassword" storage="/mnt/c/users/alena/desktop/7_sem/testing_and_debugging/skiresort/bl.tests/bin/debug/net6.0/bl.tests.dll" id="f44a1b21-8efc-bfac-63b4-d534442def31">
      <Execution id="3ac90877-06f0-4aa6-8455-4391cf512894" />
      <TestMethod codeBase="/mnt/c/Users/alena/Desktop/7_sem/testing_and_debugging/SkiResort/BL.Tests/bin/Debug/net6.0/BL.Tests.dll" adapterTypeName="executor://xunit/VsTestRunner2/netcoreapp" className="BL.Tests.UsersServiceTests" name="TestRegisterUserWithNoPassword" />
    </UnitTest>
    <UnitTest name="BL.Tests.UsersServiceTests.TestAdminGetUserByIDAsync" storage="/mnt/c/users/alena/desktop/7_sem/testing_and_debugging/skiresort/bl.tests/bin/debug/net6.0/bl.tests.dll" id="e5497347-2721-b7a6-0bd4-69a9921f6947">
      <Execution id="265aa06d-38f7-4a97-8c25-4561bc6bb528" />
      <TestMethod codeBase="/mnt/c/Users/alena/Desktop/7_sem/testing_and_debugging/SkiResort/BL.Tests/bin/Debug/net6.0/BL.Tests.dll" adapterTypeName="executor://xunit/VsTestRunner2/netcoreapp" className="BL.Tests.UsersServiceTests" name="TestAdminGetUserByIDAsync" />
    </UnitTest>
    <UnitTest name="BL.Tests.SlopesServiceTest.TestAdminAddAutoIncrementSlopeAsync(userID: 181, slope: Slope { SlopeID = 223, SlopeName = slopeName1825a5f0-3e8b-4fbd-bf57-3c302ebcd6cd, IsOpen = True, DifficultyLevel = 219, ConnectedLifts =  }, checkPermissionServiceMock: Mock&lt;ICheckPermissionService:10&gt;, slopesRepositoryStub: Mock&lt;ISlopesRepository:8&gt;, sut: SlopesService { })" storage="/mnt/c/users/alena/desktop/7_sem/testing_and_debugging/skiresort/bl.tests/bin/debug/net6.0/bl.tests.dll" id="d065743e-63b1-4ec1-f7d7-0b7f87b9deb7">
      <Execution id="2c8bc917-9911-4b3d-ae6a-9d2c596dd555" />
      <TestMethod codeBase="/mnt/c/Users/alena/Desktop/7_sem/testing_and_debugging/SkiResort/BL.Tests/bin/Debug/net6.0/BL.Tests.dll" adapterTypeName="executor://xunit/VsTestRunner2/netcoreapp" className="BL.Tests.SlopesServiceTest" name="TestAdminAddAutoIncrementSlopeAsync" />
    </UnitTest>
    <UnitTest name="BL.Tests.UsersServiceTests.TestAdminAddAutoIncrementUser" storage="/mnt/c/users/alena/desktop/7_sem/testing_and_debugging/skiresort/bl.tests/bin/debug/net6.0/bl.tests.dll" id="834c739b-eca4-b36d-6a66-5a1bd75377b8">
      <Execution id="9a695b07-63eb-4824-8076-b722f78544d5" />
      <TestMethod codeBase="/mnt/c/Users/alena/Desktop/7_sem/testing_and_debugging/SkiResort/BL.Tests/bin/Debug/net6.0/BL.Tests.dll" adapterTypeName="executor://xunit/VsTestRunner2/netcoreapp" className="BL.Tests.UsersServiceTests" name="TestAdminAddAutoIncrementUser" />
    </UnitTest>
    <UnitTest name="BL.Tests.CheckPermissionsServiceTests.UnauthorizedHasNoAccessToAdminSkiPatrolFunctions(functionName: &quot;GetLiftsSlopesInfoAsync&quot;)" storage="/mnt/c/users/alena/desktop/7_sem/testing_and_debugging/skiresort/bl.tests/bin/debug/net6.0/bl.tests.dll" id="387c9729-48c1-486e-5e67-f5d11a9f0db8">
      <Execution id="baada66e-441c-4b79-8797-71f642db5909" />
      <TestMethod codeBase="/mnt/c/Users/alena/Desktop/7_sem/testing_and_debugging/SkiResort/BL.Tests/bin/Debug/net6.0/BL.Tests.dll" adapterTypeName="executor://xunit/VsTestRunner2/netcoreapp" className="BL.Tests.CheckPermissionsServiceTests" name="UnauthorizedHasNoAccessToAdminSkiPatrolFunctions" />
    </UnitTest>
    <UnitTest name="BL.Tests.LiftsServiceTest.TestAdminDeleteLiftAsync(userID: 187, lift: Lift { LiftID = 108, LiftName = liftNamec2d523c2-8ee0-4853-af06-6a62c1264cb2, IsOpen = True, SeatsAmount = 200, LiftingTime = 50, QueueTime = 203, ConnectedSlopes =  }, checkPermissionServiceMock: Mock&lt;ICheckPermissionService:4&gt;, liftsRepositoryStub: Mock&lt;ILiftsRepository:4&gt;, liftsSlopesRepositoryStub: Mock&lt;ILiftsSlopesRepository:4&gt;, sut: LiftsService { })" storage="/mnt/c/users/alena/desktop/7_sem/testing_and_debugging/skiresort/bl.tests/bin/debug/net6.0/bl.tests.dll" id="1164f3f5-9a01-da5b-eb12-51ea24468b2b">
      <Execution id="55b80ad6-7b6b-453d-8884-0e68ea92c69e" />
      <TestMethod codeBase="/mnt/c/Users/alena/Desktop/7_sem/testing_and_debugging/SkiResort/BL.Tests/bin/Debug/net6.0/BL.Tests.dll" adapterTypeName="executor://xunit/VsTestRunner2/netcoreapp" className="BL.Tests.LiftsServiceTest" name="TestAdminDeleteLiftAsync" />
    </UnitTest>
    <UnitTest name="BL.Tests.CheckPermissionsServiceTests.SkiPatrolHasAccessToAdminSkiPatrolFunctions(functionName: &quot;MarkMessageReadByUserAsync&quot;)" storage="/mnt/c/users/alena/desktop/7_sem/testing_and_debugging/skiresort/bl.tests/bin/debug/net6.0/bl.tests.dll" id="60bd668f-04df-da5e-b79b-5d9aedb5234d">
      <Execution id="a6c28f76-8a65-4c34-9e41-1fe2dd838cdc" />
      <TestMethod codeBase="/mnt/c/Users/alena/Desktop/7_sem/testing_and_debugging/SkiResort/BL.Tests/bin/Debug/net6.0/BL.Tests.dll" adapterTypeName="executor://xunit/VsTestRunner2/netcoreapp" className="BL.Tests.CheckPermissionsServiceTests" name="SkiPatrolHasAccessToAdminSkiPatrolFunctions" />
    </UnitTest>
    <UnitTest name="BL.Tests.CheckPermissionsServiceTests.UnauthorizedHasNoAccessToAdminFunctions" storage="/mnt/c/users/alena/desktop/7_sem/testing_and_debugging/skiresort/bl.tests/bin/debug/net6.0/bl.tests.dll" id="e2d7e5be-3dae-33ae-fb17-c704b6fd58d6">
      <Execution id="da317252-c7f1-4f9d-b061-a3210deca9f7" />
      <TestMethod codeBase="/mnt/c/Users/alena/Desktop/7_sem/testing_and_debugging/SkiResort/BL.Tests/bin/Debug/net6.0/BL.Tests.dll" adapterTypeName="executor://xunit/VsTestRunner2/netcoreapp" className="BL.Tests.CheckPermissionsServiceTests" name="UnauthorizedHasNoAccessToAdminFunctions" />
    </UnitTest>
    <UnitTest name="BL.Tests.UsersServiceTests.TestLogInWithWrongPassword" storage="/mnt/c/users/alena/desktop/7_sem/testing_and_debugging/skiresort/bl.tests/bin/debug/net6.0/bl.tests.dll" id="69340bb6-3645-f9dd-971e-29d8b2a009bb">
      <Execution id="5de404a4-5d8f-4909-8f07-d61256851d20" />
      <TestMethod codeBase="/mnt/c/Users/alena/Desktop/7_sem/testing_and_debugging/SkiResort/BL.Tests/bin/Debug/net6.0/BL.Tests.dll" adapterTypeName="executor://xunit/VsTestRunner2/netcoreapp" className="BL.Tests.UsersServiceTests" name="TestLogInWithWrongPassword" />
    </UnitTest>
    <UnitTest name="BL.Tests.CheckPermissionsServiceTests.SkiPatrolHasAccessToAdminSkiPatrolFunctions(functionName: &quot;GetLiftsSlopesInfoAsync&quot;)" storage="/mnt/c/users/alena/desktop/7_sem/testing_and_debugging/skiresort/bl.tests/bin/debug/net6.0/bl.tests.dll" id="2d706594-f2b3-b3c8-21d4-86c9798c3306">
      <Execution id="1f4e5fa5-440c-490f-ae72-36aaf6f70bb9" />
      <TestMethod codeBase="/mnt/c/Users/alena/Desktop/7_sem/testing_and_debugging/SkiResort/BL.Tests/bin/Debug/net6.0/BL.Tests.dll" adapterTypeName="executor://xunit/VsTestRunner2/netcoreapp" className="BL.Tests.CheckPermissionsServiceTests" name="SkiPatrolHasAccessToAdminSkiPatrolFunctions" />
    </UnitTest>
    <UnitTest name="BL.Tests.CheckPermissionsServiceTests.SkiPatrolHasNoAccessToAdminFunctions" storage="/mnt/c/users/alena/desktop/7_sem/testing_and_debugging/skiresort/bl.tests/bin/debug/net6.0/bl.tests.dll" id="492c0393-35b4-df26-a537-21ca08302f3c">
      <Execution id="f4a2ab3b-9606-43cb-aa82-f1acaa4a4d91" />
      <TestMethod codeBase="/mnt/c/Users/alena/Desktop/7_sem/testing_and_debugging/SkiResort/BL.Tests/bin/Debug/net6.0/BL.Tests.dll" adapterTypeName="executor://xunit/VsTestRunner2/netcoreapp" className="BL.Tests.CheckPermissionsServiceTests" name="SkiPatrolHasNoAccessToAdminFunctions" />
    </UnitTest>
    <UnitTest name="BL.Tests.SlopesServiceTest.TestUpdateSlopeInfoAsync(userID: 253, slope: Slope { SlopeID = 55, SlopeName = slopeName8d120f5d-7f28-4d03-aa78-a83009784503, IsOpen = True, DifficultyLevel = 52, ConnectedLifts =  }, checkPermissionServiceMock: Mock&lt;ICheckPermissionService:8&gt;, slopesRepositoryStub: Mock&lt;ISlopesRepository:6&gt;, sut: SlopesService { })" storage="/mnt/c/users/alena/desktop/7_sem/testing_and_debugging/skiresort/bl.tests/bin/debug/net6.0/bl.tests.dll" id="ca81b1ae-bdcc-4ca3-f3a9-ba889623a7bb">
      <Execution id="7b718c95-ee42-4cc2-8398-f88d2117d93d" />
      <TestMethod codeBase="/mnt/c/Users/alena/Desktop/7_sem/testing_and_debugging/SkiResort/BL.Tests/bin/Debug/net6.0/BL.Tests.dll" adapterTypeName="executor://xunit/VsTestRunner2/netcoreapp" className="BL.Tests.SlopesServiceTest" name="TestUpdateSlopeInfoAsync" />
    </UnitTest>
    <UnitTest name="BL.Tests.UsersServiceTests.TestAdminDeleteUser" storage="/mnt/c/users/alena/desktop/7_sem/testing_and_debugging/skiresort/bl.tests/bin/debug/net6.0/bl.tests.dll" id="18fa8c62-e27d-e1fc-8182-4d7db62b008d">
      <Execution id="0c1e60bc-90f6-4266-9f8d-c88fa3809c42" />
      <TestMethod codeBase="/mnt/c/Users/alena/Desktop/7_sem/testing_and_debugging/SkiResort/BL.Tests/bin/Debug/net6.0/BL.Tests.dll" adapterTypeName="executor://xunit/VsTestRunner2/netcoreapp" className="BL.Tests.UsersServiceTests" name="TestAdminDeleteUser" />
    </UnitTest>
    <UnitTest name="BL.Tests.SlopesServiceTest.TestGetSlopesInfoAsync(userID: 65, initialSlopes: [Slope { SlopeID = 154, SlopeName = slopeNamea48c0a5d-8563-49b6-8217-bcea96660789, IsOpen = True, DifficultyLevel = 17, ConnectedLifts =  }, Slope { SlopeID = 148, SlopeName = slopeNamebedbb177-b915-403d-b944-04250c42291a, IsOpen = False, DifficultyLevel = 201, ConnectedLifts =  }, Slope { SlopeID = 135, SlopeName = slopeName6230effd-955d-46df-a674-b1b7a5827a37, Is..." storage="/mnt/c/users/alena/desktop/7_sem/testing_and_debugging/skiresort/bl.tests/bin/debug/net6.0/bl.tests.dll" id="fd745643-4d25-c2fd-7e80-f6f39b85c9b8">
      <Execution id="fa4673b6-567d-4c8a-856c-a23dcc603c2b" />
      <TestMethod codeBase="/mnt/c/Users/alena/Desktop/7_sem/testing_and_debugging/SkiResort/BL.Tests/bin/Debug/net6.0/BL.Tests.dll" adapterTypeName="executor://xunit/VsTestRunner2/netcoreapp" className="BL.Tests.SlopesServiceTest" name="TestGetSlopesInfoAsync" />
    </UnitTest>
    <UnitTest name="BL.Tests.CheckPermissionsServiceTests.AuthorizedHasAccessToAuthorizedFunctions(functionName: &quot;LogOutAsync&quot;)" storage="/mnt/c/users/alena/desktop/7_sem/testing_and_debugging/skiresort/bl.tests/bin/debug/net6.0/bl.tests.dll" id="aa28a6b3-21d3-aa45-24d3-bef2facbc899">
      <Execution id="a633559c-b7f3-41b8-9331-d4f5b7470008" />
      <TestMethod codeBase="/mnt/c/Users/alena/Desktop/7_sem/testing_and_debugging/SkiResort/BL.Tests/bin/Debug/net6.0/BL.Tests.dll" adapterTypeName="executor://xunit/VsTestRunner2/netcoreapp" className="BL.Tests.CheckPermissionsServiceTests" name="AuthorizedHasAccessToAuthorizedFunctions" />
    </UnitTest>
    <UnitTest name="BL.Tests.SlopesServiceTest.TestGetSlopeInfoAsync(userID: 31, slope: Slope { SlopeID = 86, SlopeName = slopeName4bdc7f5d-8ac6-496b-a2e6-1bf855e1093d, IsOpen = True, DifficultyLevel = 154, ConnectedLifts =  }, checkPermissionServiceMock: Mock&lt;ICheckPermissionService:6&gt;, slopesRepositoryStub: Mock&lt;ISlopesRepository:4&gt;, liftsSlopesRepositoryStub: Mock&lt;ILiftsSlopesRepository:9&gt;, sut: SlopesService { })" storage="/mnt/c/users/alena/desktop/7_sem/testing_and_debugging/skiresort/bl.tests/bin/debug/net6.0/bl.tests.dll" id="fd7d81a3-740b-f155-ea1f-db9dd70b5310">
      <Execution id="17a5264a-e7a7-4bff-9a66-ca3c33a5e82d" />
      <TestMethod codeBase="/mnt/c/Users/alena/Desktop/7_sem/testing_and_debugging/SkiResort/BL.Tests/bin/Debug/net6.0/BL.Tests.dll" adapterTypeName="executor://xunit/VsTestRunner2/netcoreapp" className="BL.Tests.SlopesServiceTest" name="TestGetSlopeInfoAsync" />
    </UnitTest>
    <UnitTest name="BL.Tests.UsersServiceTests.TestAdminUpdateUser" storage="/mnt/c/users/alena/desktop/7_sem/testing_and_debugging/skiresort/bl.tests/bin/debug/net6.0/bl.tests.dll" id="06d0bc3a-24a0-fb7f-4277-e9ae6d21c7dd">
      <Execution id="ba5f37d2-d725-4992-91e4-708eed944e50" />
      <TestMethod codeBase="/mnt/c/Users/alena/Desktop/7_sem/testing_and_debugging/SkiResort/BL.Tests/bin/Debug/net6.0/BL.Tests.dll" adapterTypeName="executor://xunit/VsTestRunner2/netcoreapp" className="BL.Tests.UsersServiceTests" name="TestAdminUpdateUser" />
    </UnitTest>
    <UnitTest name="BL.Tests.UsersServiceTests.TestLogInOk" storage="/mnt/c/users/alena/desktop/7_sem/testing_and_debugging/skiresort/bl.tests/bin/debug/net6.0/bl.tests.dll" id="1ca07ad8-f799-c5d4-e7cc-34fd950198a2">
      <Execution id="dc43027b-f832-4ade-88e3-8ff9c71e7ff7" />
      <TestMethod codeBase="/mnt/c/Users/alena/Desktop/7_sem/testing_and_debugging/SkiResort/BL.Tests/bin/Debug/net6.0/BL.Tests.dll" adapterTypeName="executor://xunit/VsTestRunner2/netcoreapp" className="BL.Tests.UsersServiceTests" name="TestLogInOk" />
    </UnitTest>
    <UnitTest name="BL.Tests.UsersServiceTests.TestAdminGetUsers" storage="/mnt/c/users/alena/desktop/7_sem/testing_and_debugging/skiresort/bl.tests/bin/debug/net6.0/bl.tests.dll" id="20ad8570-0170-85de-dcd7-2f109dd7bcd6">
      <Execution id="6759eb53-5056-4b9a-8973-eb328bf126f9" />
      <TestMethod codeBase="/mnt/c/Users/alena/Desktop/7_sem/testing_and_debugging/SkiResort/BL.Tests/bin/Debug/net6.0/BL.Tests.dll" adapterTypeName="executor://xunit/VsTestRunner2/netcoreapp" className="BL.Tests.UsersServiceTests" name="TestAdminGetUsers" />
    </UnitTest>
    <UnitTest name="BL.Tests.CheckPermissionsServiceTests.UnauthorizedHasNoAccessToAdminSkiPatrolFunctions(functionName: &quot;GetMessagesAsync&quot;)" storage="/mnt/c/users/alena/desktop/7_sem/testing_and_debugging/skiresort/bl.tests/bin/debug/net6.0/bl.tests.dll" id="229812f5-9a73-5335-11f5-31330d1348a5">
      <Execution id="7e2a2a00-e521-47b6-8d92-6629670bee91" />
      <TestMethod codeBase="/mnt/c/Users/alena/Desktop/7_sem/testing_and_debugging/SkiResort/BL.Tests/bin/Debug/net6.0/BL.Tests.dll" adapterTypeName="executor://xunit/VsTestRunner2/netcoreapp" className="BL.Tests.CheckPermissionsServiceTests" name="UnauthorizedHasNoAccessToAdminSkiPatrolFunctions" />
    </UnitTest>
    <UnitTest name="BL.Tests.CheckPermissionsServiceTests.AuthorizedHasNoAccessToAdminSkiPatrolFunctions(functionName: &quot;GetLiftsSlopesInfoAsync&quot;)" storage="/mnt/c/users/alena/desktop/7_sem/testing_and_debugging/skiresort/bl.tests/bin/debug/net6.0/bl.tests.dll" id="4f297306-d4f3-8d63-e7f4-1ac0b8c58c74">
      <Execution id="4fdc65d4-c9f7-42a3-8393-86b03036da0d" />
      <TestMethod codeBase="/mnt/c/Users/alena/Desktop/7_sem/testing_and_debugging/SkiResort/BL.Tests/bin/Debug/net6.0/BL.Tests.dll" adapterTypeName="executor://xunit/VsTestRunner2/netcoreapp" className="BL.Tests.CheckPermissionsServiceTests" name="AuthorizedHasNoAccessToAdminSkiPatrolFunctions" />
    </UnitTest>
    <UnitTest name="BL.Tests.LiftsSlopesServiceTests.TestGetLiftsSlopesInfoAsync(liftsSlopes: [LiftSlope { RecordID = 165, LiftID = 41, SlopeID = 153 }, LiftSlope { RecordID = 212, LiftID = 47, SlopeID = 150 }, LiftSlope { RecordID = 244, LiftID = 75, SlopeID = 71 }], slopesRepositoryStub: Mock&lt;ISlopesRepository:1&gt;, liftsRepositoryStub: Mock&lt;ILiftsRepository:6&gt;, liftsSlopesRepositoryStub: Mock&lt;ILiftsSlopesRepository:6&gt;)" storage="/mnt/c/users/alena/desktop/7_sem/testing_and_debugging/skiresort/bl.tests/bin/debug/net6.0/bl.tests.dll" id="e429852d-a6ed-7c2a-25fd-cd839b159d56">
      <Execution id="96eb61ba-6a1c-46b2-993e-0f2531c79f1e" />
      <TestMethod codeBase="/mnt/c/Users/alena/Desktop/7_sem/testing_and_debugging/SkiResort/BL.Tests/bin/Debug/net6.0/BL.Tests.dll" adapterTypeName="executor://xunit/VsTestRunner2/netcoreapp" className="BL.Tests.LiftsSlopesServiceTests" name="TestGetLiftsSlopesInfoAsync" />
    </UnitTest>
    <UnitTest name="BL.Tests.LiftsServiceTest.TestGetLiftInfoAsync(userID: 244, lift: Lift { LiftID = 211, LiftName = liftNameb126fcd8-6604-4d81-b898-1c9485fdee9d, IsOpen = True, SeatsAmount = 32, LiftingTime = 162, QueueTime = 234, ConnectedSlopes =  }, checkPermissionServiceMock: Mock&lt;ICheckPermissionService:1&gt;, liftsRepositoryStub: Mock&lt;ILiftsRepository:1&gt;, liftsSlopesRepositoryStub: Mock&lt;ILiftsSlopesRepository:1&gt;, sut: LiftsService { })" storage="/mnt/c/users/alena/desktop/7_sem/testing_and_debugging/skiresort/bl.tests/bin/debug/net6.0/bl.tests.dll" id="46662035-fd3e-d125-3ef8-b96f6fda8fbb">
      <Execution id="4e644559-d277-47aa-a457-5193f289a130" />
      <TestMethod codeBase="/mnt/c/Users/alena/Desktop/7_sem/testing_and_debugging/SkiResort/BL.Tests/bin/Debug/net6.0/BL.Tests.dll" adapterTypeName="executor://xunit/VsTestRunner2/netcoreapp" className="BL.Tests.LiftsServiceTest" name="TestGetLiftInfoAsync" />
    </UnitTest>
    <UnitTest name="BL.Tests.UsersServiceTests.TestRegisterOk" storage="/mnt/c/users/alena/desktop/7_sem/testing_and_debugging/skiresort/bl.tests/bin/debug/net6.0/bl.tests.dll" id="0eeef75f-6e38-7893-a8fe-cff3e0a970a7">
      <Execution id="cb7c5768-6895-4156-839d-d8c24a4634d5" />
      <TestMethod codeBase="/mnt/c/Users/alena/Desktop/7_sem/testing_and_debugging/SkiResort/BL.Tests/bin/Debug/net6.0/BL.Tests.dll" adapterTypeName="executor://xunit/VsTestRunner2/netcoreapp" className="BL.Tests.UsersServiceTests" name="TestRegisterOk" />
    </UnitTest>
    <UnitTest name="BL.Tests.TurnstilesServiceTest.TestAdminAddAutoIncrementTurnstileAsync(userID: 223, turnstile: Turnstile { TurnstileID = 57, LiftID = 180, IsOpen = True }, checkPermissionServiceMock: Mock&lt;ICheckPermissionService:16&gt;, turnstilesRepositoryStub: Mock&lt;ITurnstilesRepository:10&gt;, sut: TurnstilesService { })" storage="/mnt/c/users/alena/desktop/7_sem/testing_and_debugging/skiresort/bl.tests/bin/debug/net6.0/bl.tests.dll" id="805b2092-fa6f-3874-f183-651e379b49d9">
      <Execution id="76896b81-8d52-4bb2-8727-2d6559f64b01" />
      <TestMethod codeBase="/mnt/c/Users/alena/Desktop/7_sem/testing_and_debugging/SkiResort/BL.Tests/bin/Debug/net6.0/BL.Tests.dll" adapterTypeName="executor://xunit/VsTestRunner2/netcoreapp" className="BL.Tests.TurnstilesServiceTest" name="TestAdminAddAutoIncrementTurnstileAsync" />
    </UnitTest>
    <UnitTest name="BL.Tests.CheckPermissionsServiceTests.AuthorizedHasAccessToAuthorizedFunctions(functionName: &quot;SendMessageAsync&quot;)" storage="/mnt/c/users/alena/desktop/7_sem/testing_and_debugging/skiresort/bl.tests/bin/debug/net6.0/bl.tests.dll" id="644ec43e-70cd-c82d-42e7-0d990be1414d">
      <Execution id="6b6e9062-574f-44d4-bdb2-81af232373fe" />
      <TestMethod codeBase="/mnt/c/Users/alena/Desktop/7_sem/testing_and_debugging/SkiResort/BL.Tests/bin/Debug/net6.0/BL.Tests.dll" adapterTypeName="executor://xunit/VsTestRunner2/netcoreapp" className="BL.Tests.CheckPermissionsServiceTests" name="AuthorizedHasAccessToAuthorizedFunctions" />
    </UnitTest>
    <UnitTest name="BL.Tests.LiftsServiceTest.TestGetLiftsInfoAsync(userID: 196, initialLifts: [Lift { LiftID = 12, LiftName = liftName5ae64a6c-547d-4be6-b6d5-fd7fc1f4a7ab, IsOpen = True, SeatsAmount = 161, LiftingTime = 147, QueueTime = 179, ConnectedSlopes =  }, Lift { LiftID = 148, LiftName = liftNamee9d5b94a-8581-4c9f-b899-7f12bf86a593, IsOpen = False, SeatsAmount = 58, LiftingTime = 81, QueueTime = 107, ConnectedSlopes =  }, Lift { LiftID = 100, LiftName ..." storage="/mnt/c/users/alena/desktop/7_sem/testing_and_debugging/skiresort/bl.tests/bin/debug/net6.0/bl.tests.dll" id="c001fa92-ce5c-4709-4b48-de6de89b53d6">
      <Execution id="58340ee4-feb6-4b77-b7fe-f5d084c09cc1" />
      <TestMethod codeBase="/mnt/c/Users/alena/Desktop/7_sem/testing_and_debugging/SkiResort/BL.Tests/bin/Debug/net6.0/BL.Tests.dll" adapterTypeName="executor://xunit/VsTestRunner2/netcoreapp" className="BL.Tests.LiftsServiceTest" name="TestGetLiftsInfoAsync" />
    </UnitTest>
    <UnitTest name="BL.Tests.CheckPermissionsServiceTests.UnauthorizedHasNoAccessToAuthorizedFunctions(functionName: &quot;LogOutAsync&quot;)" storage="/mnt/c/users/alena/desktop/7_sem/testing_and_debugging/skiresort/bl.tests/bin/debug/net6.0/bl.tests.dll" id="fa960c5e-f989-2880-784e-8efe538c5231">
      <Execution id="24f2c9d6-accc-4f89-a377-699567857883" />
      <TestMethod codeBase="/mnt/c/Users/alena/Desktop/7_sem/testing_and_debugging/SkiResort/BL.Tests/bin/Debug/net6.0/BL.Tests.dll" adapterTypeName="executor://xunit/VsTestRunner2/netcoreapp" className="BL.Tests.CheckPermissionsServiceTests" name="UnauthorizedHasNoAccessToAuthorizedFunctions" />
    </UnitTest>
    <UnitTest name="BL.Tests.CheckPermissionsServiceTests.UnauthorizedHasNoAccessToAuthorizedFunctions(functionName: &quot;SendMessageAsync&quot;)" storage="/mnt/c/users/alena/desktop/7_sem/testing_and_debugging/skiresort/bl.tests/bin/debug/net6.0/bl.tests.dll" id="eaabd2fc-2f4b-5689-59c8-c7ad34a8f634">
      <Execution id="403c1294-c454-4667-89d7-9c9fdbab73e5" />
      <TestMethod codeBase="/mnt/c/Users/alena/Desktop/7_sem/testing_and_debugging/SkiResort/BL.Tests/bin/Debug/net6.0/BL.Tests.dll" adapterTypeName="executor://xunit/VsTestRunner2/netcoreapp" className="BL.Tests.CheckPermissionsServiceTests" name="UnauthorizedHasNoAccessToAuthorizedFunctions" />
    </UnitTest>
    <UnitTest name="BL.Tests.LiftsServiceTest.TestUpdateLiftInfoAsync(userID: 102, lift: Lift { LiftID = 54, LiftName = liftNameadc0f60b-465e-4eca-ba94-a3987218bc87, IsOpen = True, SeatsAmount = 229, LiftingTime = 251, QueueTime = 76, ConnectedSlopes =  }, checkPermissionServiceMock: Mock&lt;ICheckPermissionService:3&gt;, liftsRepositoryStub: Mock&lt;ILiftsRepository:3&gt;, sut: LiftsService { })" storage="/mnt/c/users/alena/desktop/7_sem/testing_and_debugging/skiresort/bl.tests/bin/debug/net6.0/bl.tests.dll" id="0ffd73ac-4608-be5b-fdef-2e12d7771f29">
      <Execution id="997c00eb-7fea-4e48-a3bd-7f126e349b69" />
      <TestMethod codeBase="/mnt/c/Users/alena/Desktop/7_sem/testing_and_debugging/SkiResort/BL.Tests/bin/Debug/net6.0/BL.Tests.dll" adapterTypeName="executor://xunit/VsTestRunner2/netcoreapp" className="BL.Tests.LiftsServiceTest" name="TestUpdateLiftInfoAsync" />
    </UnitTest>
    <UnitTest name="BL.Tests.UsersServiceTests.TestRegisterUserWithRepeatedEmail" storage="/mnt/c/users/alena/desktop/7_sem/testing_and_debugging/skiresort/bl.tests/bin/debug/net6.0/bl.tests.dll" id="894941c1-bfa7-d8f9-c047-1e1ceefe2c2f">
      <Execution id="706efbfa-948e-4ad2-b9d4-d6bb77998842" />
      <TestMethod codeBase="/mnt/c/Users/alena/Desktop/7_sem/testing_and_debugging/SkiResort/BL.Tests/bin/Debug/net6.0/BL.Tests.dll" adapterTypeName="executor://xunit/VsTestRunner2/netcoreapp" className="BL.Tests.UsersServiceTests" name="TestRegisterUserWithRepeatedEmail" />
    </UnitTest>
    <UnitTest name="BL.Tests.TurnstilesServiceTest.TestAdminGetTurnstileAsync(userID: 205, turnstile: Turnstile { TurnstileID = 71, LiftID = 46, IsOpen = True }, checkPermissionServiceMock: Mock&lt;ICheckPermissionService:12&gt;, turnstilesRepositoryStub: Mock&lt;ITurnstilesRepository:6&gt;, sut: TurnstilesService { })" storage="/mnt/c/users/alena/desktop/7_sem/testing_and_debugging/skiresort/bl.tests/bin/debug/net6.0/bl.tests.dll" id="5348c52a-749e-8cf3-9412-6fa1a15e407b">
      <Execution id="fabaa9a9-f118-47bb-9cee-4edf929ca812" />
      <TestMethod codeBase="/mnt/c/Users/alena/Desktop/7_sem/testing_and_debugging/SkiResort/BL.Tests/bin/Debug/net6.0/BL.Tests.dll" adapterTypeName="executor://xunit/VsTestRunner2/netcoreapp" className="BL.Tests.TurnstilesServiceTest" name="TestAdminGetTurnstileAsync" />
    </UnitTest>
    <UnitTest name="BL.Tests.TurnstilesServiceTest.TestAdminGetTurnstilesAsync(userID: 254, initialTurnstiles: [Turnstile { TurnstileID = 121, LiftID = 182, IsOpen = True }, Turnstile { TurnstileID = 66, LiftID = 186, IsOpen = False }, Turnstile { TurnstileID = 146, LiftID = 247, IsOpen = True }], checkPermissionServiceMock: Mock&lt;ICheckPermissionService:13&gt;, turnstilesRepositoryStub: Mock&lt;ITurnstilesRepository:7&gt;, sut: TurnstilesService { })" storage="/mnt/c/users/alena/desktop/7_sem/testing_and_debugging/skiresort/bl.tests/bin/debug/net6.0/bl.tests.dll" id="8d8ae273-5991-5f94-6dfb-f1d04e9d3a25">
      <Execution id="a7c5eab4-40fc-40b5-bdca-99f4782c15a2" />
      <TestMethod codeBase="/mnt/c/Users/alena/Desktop/7_sem/testing_and_debugging/SkiResort/BL.Tests/bin/Debug/net6.0/BL.Tests.dll" adapterTypeName="executor://xunit/VsTestRunner2/netcoreapp" className="BL.Tests.TurnstilesServiceTest" name="TestAdminGetTurnstilesAsync" />
    </UnitTest>
    <UnitTest name="BL.Tests.TurnstilesServiceTest.TestAdminUpdateTurnstileAsync(userID: 171, turnstile: Turnstile { TurnstileID = 73, LiftID = 134, IsOpen = True }, checkPermissionServiceMock: Mock&lt;ICheckPermissionService:14&gt;, turnstilesRepositoryStub: Mock&lt;ITurnstilesRepository:8&gt;, sut: TurnstilesService { })" storage="/mnt/c/users/alena/desktop/7_sem/testing_and_debugging/skiresort/bl.tests/bin/debug/net6.0/bl.tests.dll" id="34d9d50c-28b9-f278-dbd5-88ddfcef869b">
      <Execution id="02406efc-b293-42e9-b359-f7e63b397b83" />
      <TestMethod codeBase="/mnt/c/Users/alena/Desktop/7_sem/testing_and_debugging/SkiResort/BL.Tests/bin/Debug/net6.0/BL.Tests.dll" adapterTypeName="executor://xunit/VsTestRunner2/netcoreapp" className="BL.Tests.TurnstilesServiceTest" name="TestAdminUpdateTurnstileAsync" />
    </UnitTest>
    <UnitTest name="BL.Tests.LiftsSlopesServiceTests.TestAdminAddAutoIncrementLiftSlopeAsync(lift: Lift { LiftID = 243, LiftName = liftNamedfc89d4a-5a90-43fc-9869-1f7f9e0e1836, IsOpen = True, SeatsAmount = 210, LiftingTime = 202, QueueTime = 73, ConnectedSlopes =  }, slope: Slope { SlopeID = 53, SlopeName = slopeNamebdbf52eb-19c1-48a7-96ad-09ea2cb720ec, IsOpen = False, DifficultyLevel = 119, ConnectedLifts =  }, slopesRepositoryStub: Mock&lt;ISlopesRepository:3&gt;,..." storage="/mnt/c/users/alena/desktop/7_sem/testing_and_debugging/skiresort/bl.tests/bin/debug/net6.0/bl.tests.dll" id="0c9ef554-e3df-47a9-92d8-a3c2e530e6ca">
      <Execution id="1af0d3c0-28c3-4266-ba56-29a47af7bc24" />
      <TestMethod codeBase="/mnt/c/Users/alena/Desktop/7_sem/testing_and_debugging/SkiResort/BL.Tests/bin/Debug/net6.0/BL.Tests.dll" adapterTypeName="executor://xunit/VsTestRunner2/netcoreapp" className="BL.Tests.LiftsSlopesServiceTests" name="TestAdminAddAutoIncrementLiftSlopeAsync" />
    </UnitTest>
    <UnitTest name="BL.Tests.UsersServiceTests.TestRegisterUserWithNoEmail" storage="/mnt/c/users/alena/desktop/7_sem/testing_and_debugging/skiresort/bl.tests/bin/debug/net6.0/bl.tests.dll" id="8184bd30-991c-b78d-b4ec-99a485eac0dd">
      <Execution id="90b15212-3def-419a-83b2-e4e72f685caf" />
      <TestMethod codeBase="/mnt/c/Users/alena/Desktop/7_sem/testing_and_debugging/SkiResort/BL.Tests/bin/Debug/net6.0/BL.Tests.dll" adapterTypeName="executor://xunit/VsTestRunner2/netcoreapp" className="BL.Tests.UsersServiceTests" name="TestRegisterUserWithNoEmail" />
    </UnitTest>
  </TestDefinitions>
  <TestEntries>
    <TestEntry testId="69340bb6-3645-f9dd-971e-29d8b2a009bb" executionId="5de404a4-5d8f-4909-8f07-d61256851d20" testListId="8c84fa94-04c1-424b-9868-57a2d4851a1d" />
    <TestEntry testId="34d9d50c-28b9-f278-dbd5-88ddfcef869b" executionId="02406efc-b293-42e9-b359-f7e63b397b83" testListId="8c84fa94-04c1-424b-9868-57a2d4851a1d" />
    <TestEntry testId="e5497347-2721-b7a6-0bd4-69a9921f6947" executionId="265aa06d-38f7-4a97-8c25-4561bc6bb528" testListId="8c84fa94-04c1-424b-9868-57a2d4851a1d" />
    <TestEntry testId="834c739b-eca4-b36d-6a66-5a1bd75377b8" executionId="9a695b07-63eb-4824-8076-b722f78544d5" testListId="8c84fa94-04c1-424b-9868-57a2d4851a1d" />
    <TestEntry testId="8d8ae273-5991-5f94-6dfb-f1d04e9d3a25" executionId="a7c5eab4-40fc-40b5-bdca-99f4782c15a2" testListId="8c84fa94-04c1-424b-9868-57a2d4851a1d" />
    <TestEntry testId="387c9729-48c1-486e-5e67-f5d11a9f0db8" executionId="baada66e-441c-4b79-8797-71f642db5909" testListId="8c84fa94-04c1-424b-9868-57a2d4851a1d" />
    <TestEntry testId="fdb24925-6eb4-708b-eeb8-044eb7207a73" executionId="d8f01b89-732e-42f9-b2bf-aa1c63d99a77" testListId="8c84fa94-04c1-424b-9868-57a2d4851a1d" />
    <TestEntry testId="894941c1-bfa7-d8f9-c047-1e1ceefe2c2f" executionId="706efbfa-948e-4ad2-b9d4-d6bb77998842" testListId="8c84fa94-04c1-424b-9868-57a2d4851a1d" />
    <TestEntry testId="e2d7e5be-3dae-33ae-fb17-c704b6fd58d6" executionId="da317252-c7f1-4f9d-b061-a3210deca9f7" testListId="8c84fa94-04c1-424b-9868-57a2d4851a1d" />
    <TestEntry testId="d065743e-63b1-4ec1-f7d7-0b7f87b9deb7" executionId="2c8bc917-9911-4b3d-ae6a-9d2c596dd555" testListId="8c84fa94-04c1-424b-9868-57a2d4851a1d" />
    <TestEntry testId="fa960c5e-f989-2880-784e-8efe538c5231" executionId="24f2c9d6-accc-4f89-a377-699567857883" testListId="8c84fa94-04c1-424b-9868-57a2d4851a1d" />
    <TestEntry testId="5348c52a-749e-8cf3-9412-6fa1a15e407b" executionId="fabaa9a9-f118-47bb-9cee-4edf929ca812" testListId="8c84fa94-04c1-424b-9868-57a2d4851a1d" />
    <TestEntry testId="aa28a6b3-21d3-aa45-24d3-bef2facbc899" executionId="a633559c-b7f3-41b8-9331-d4f5b7470008" testListId="8c84fa94-04c1-424b-9868-57a2d4851a1d" />
    <TestEntry testId="2d706594-f2b3-b3c8-21d4-86c9798c3306" executionId="1f4e5fa5-440c-490f-ae72-36aaf6f70bb9" testListId="8c84fa94-04c1-424b-9868-57a2d4851a1d" />
    <TestEntry testId="c001fa92-ce5c-4709-4b48-de6de89b53d6" executionId="58340ee4-feb6-4b77-b7fe-f5d084c09cc1" testListId="8c84fa94-04c1-424b-9868-57a2d4851a1d" />
    <TestEntry testId="20ad8570-0170-85de-dcd7-2f109dd7bcd6" executionId="6759eb53-5056-4b9a-8973-eb328bf126f9" testListId="8c84fa94-04c1-424b-9868-57a2d4851a1d" />
    <TestEntry testId="fd745643-4d25-c2fd-7e80-f6f39b85c9b8" executionId="fa4673b6-567d-4c8a-856c-a23dcc603c2b" testListId="8c84fa94-04c1-424b-9868-57a2d4851a1d" />
    <TestEntry testId="a19a5fcf-c5d2-7d44-5d7d-84403042f4e0" executionId="c5686aa8-e5ab-4878-92cf-28fac34c5ec6" testListId="8c84fa94-04c1-424b-9868-57a2d4851a1d" />
    <TestEntry testId="0eeef75f-6e38-7893-a8fe-cff3e0a970a7" executionId="cb7c5768-6895-4156-839d-d8c24a4634d5" testListId="8c84fa94-04c1-424b-9868-57a2d4851a1d" />
    <TestEntry testId="ca81b1ae-bdcc-4ca3-f3a9-ba889623a7bb" executionId="7b718c95-ee42-4cc2-8398-f88d2117d93d" testListId="8c84fa94-04c1-424b-9868-57a2d4851a1d" />
    <TestEntry testId="f44a1b21-8efc-bfac-63b4-d534442def31" executionId="3ac90877-06f0-4aa6-8455-4391cf512894" testListId="8c84fa94-04c1-424b-9868-57a2d4851a1d" />
    <TestEntry testId="f3efc418-a8a6-c7b7-9bac-90b33aa8472f" executionId="01e116b5-9054-496b-bc86-58281df11269" testListId="8c84fa94-04c1-424b-9868-57a2d4851a1d" />
    <TestEntry testId="644ec43e-70cd-c82d-42e7-0d990be1414d" executionId="6b6e9062-574f-44d4-bdb2-81af232373fe" testListId="8c84fa94-04c1-424b-9868-57a2d4851a1d" />
    <TestEntry testId="0c9ef554-e3df-47a9-92d8-a3c2e530e6ca" executionId="1af0d3c0-28c3-4266-ba56-29a47af7bc24" testListId="8c84fa94-04c1-424b-9868-57a2d4851a1d" />
    <TestEntry testId="18fa8c62-e27d-e1fc-8182-4d7db62b008d" executionId="0c1e60bc-90f6-4266-9f8d-c88fa3809c42" testListId="8c84fa94-04c1-424b-9868-57a2d4851a1d" />
    <TestEntry testId="a2e59116-cb53-1d70-9cb8-21c286516866" executionId="baffd50b-c591-4191-a776-f52fdb6d2617" testListId="8c84fa94-04c1-424b-9868-57a2d4851a1d" />
    <TestEntry testId="9c7df5e2-1b23-ebea-889f-b78ca86b60ab" executionId="6c81c0b6-1536-4bd8-9954-c119f00efa92" testListId="8c84fa94-04c1-424b-9868-57a2d4851a1d" />
    <TestEntry testId="1164f3f5-9a01-da5b-eb12-51ea24468b2b" executionId="55b80ad6-7b6b-453d-8884-0e68ea92c69e" testListId="8c84fa94-04c1-424b-9868-57a2d4851a1d" />
    <TestEntry testId="46662035-fd3e-d125-3ef8-b96f6fda8fbb" executionId="4e644559-d277-47aa-a457-5193f289a130" testListId="8c84fa94-04c1-424b-9868-57a2d4851a1d" />
    <TestEntry testId="40ebc16a-15e8-f6ff-f413-c1580b9d626e" executionId="4be71f39-bcd4-4ce2-911b-bdaa350de88c" testListId="8c84fa94-04c1-424b-9868-57a2d4851a1d" />
    <TestEntry testId="eaabd2fc-2f4b-5689-59c8-c7ad34a8f634" executionId="403c1294-c454-4667-89d7-9c9fdbab73e5" testListId="8c84fa94-04c1-424b-9868-57a2d4851a1d" />
    <TestEntry testId="4f297306-d4f3-8d63-e7f4-1ac0b8c58c74" executionId="4fdc65d4-c9f7-42a3-8393-86b03036da0d" testListId="8c84fa94-04c1-424b-9868-57a2d4851a1d" />
    <TestEntry testId="229812f5-9a73-5335-11f5-31330d1348a5" executionId="7e2a2a00-e521-47b6-8d92-6629670bee91" testListId="8c84fa94-04c1-424b-9868-57a2d4851a1d" />
    <TestEntry testId="f73d49ef-3943-3a07-7923-077308de7440" executionId="7201383e-1eed-4268-a0ec-be08e2b666f2" testListId="8c84fa94-04c1-424b-9868-57a2d4851a1d" />
    <TestEntry testId="1bfd3a77-0a15-c448-9798-dfa46f1f9ff3" executionId="01a5ddb9-eef1-4d6a-83fd-a2340089ab10" testListId="8c84fa94-04c1-424b-9868-57a2d4851a1d" />
    <TestEntry testId="492c0393-35b4-df26-a537-21ca08302f3c" executionId="f4a2ab3b-9606-43cb-aa82-f1acaa4a4d91" testListId="8c84fa94-04c1-424b-9868-57a2d4851a1d" />
    <TestEntry testId="fd7d81a3-740b-f155-ea1f-db9dd70b5310" executionId="17a5264a-e7a7-4bff-9a66-ca3c33a5e82d" testListId="8c84fa94-04c1-424b-9868-57a2d4851a1d" />
    <TestEntry testId="8184bd30-991c-b78d-b4ec-99a485eac0dd" executionId="90b15212-3def-419a-83b2-e4e72f685caf" testListId="8c84fa94-04c1-424b-9868-57a2d4851a1d" />
    <TestEntry testId="805b2092-fa6f-3874-f183-651e379b49d9" executionId="76896b81-8d52-4bb2-8727-2d6559f64b01" testListId="8c84fa94-04c1-424b-9868-57a2d4851a1d" />
    <TestEntry testId="1ca07ad8-f799-c5d4-e7cc-34fd950198a2" executionId="dc43027b-f832-4ade-88e3-8ff9c71e7ff7" testListId="8c84fa94-04c1-424b-9868-57a2d4851a1d" />
    <TestEntry testId="2602613f-c8e2-a6d9-fcf7-5b27d4a770a6" executionId="9aee1ba6-8a47-4948-8372-ae9c0714daa8" testListId="8c84fa94-04c1-424b-9868-57a2d4851a1d" />
    <TestEntry testId="c36970dc-93f7-753e-fa47-157133b01644" executionId="26bf980d-aa5b-4398-ae72-6ba5f77a3fa4" testListId="8c84fa94-04c1-424b-9868-57a2d4851a1d" />
    <TestEntry testId="60bd668f-04df-da5e-b79b-5d9aedb5234d" executionId="a6c28f76-8a65-4c34-9e41-1fe2dd838cdc" testListId="8c84fa94-04c1-424b-9868-57a2d4851a1d" />
    <TestEntry testId="7500e5cd-ea89-0635-8217-3dd5d482f990" executionId="f0f830db-64a5-433a-9426-af81b1a7c08d" testListId="8c84fa94-04c1-424b-9868-57a2d4851a1d" />
    <TestEntry testId="06d0bc3a-24a0-fb7f-4277-e9ae6d21c7dd" executionId="ba5f37d2-d725-4992-91e4-708eed944e50" testListId="8c84fa94-04c1-424b-9868-57a2d4851a1d" />
    <TestEntry testId="0ffd73ac-4608-be5b-fdef-2e12d7771f29" executionId="997c00eb-7fea-4e48-a3bd-7f126e349b69" testListId="8c84fa94-04c1-424b-9868-57a2d4851a1d" />
    <TestEntry testId="e429852d-a6ed-7c2a-25fd-cd839b159d56" executionId="96eb61ba-6a1c-46b2-993e-0f2531c79f1e" testListId="8c84fa94-04c1-424b-9868-57a2d4851a1d" />
  </TestEntries>
  <TestLists>
    <TestList name="Results Not in a List" id="8c84fa94-04c1-424b-9868-57a2d4851a1d" />
    <TestList name="All Loaded Results" id="19431567-8539-422a-85d7-44ee4e166bda" />
  </TestLists>
  <ResultSummary outcome="Completed">
    <Counters total="47" executed="47" passed="47" failed="0" error="0" timeout="0" aborted="0" inconclusive="0" passedButRunAborted="0" notRunnable="0" notExecuted="0" disconnected="0" warning="0" completed="0" inProgress="0" pending="0" />
    <Output>
      <StdOut>[xUnit.net 00:00:00.00] xUnit.net VSTest Adapter v2.4.5+1caef2f33e (64-bit .NET 6.0.10)
[xUnit.net 00:00:01.19]   Discovering: BL.Tests
[xUnit.net 00:00:01.43]   Discovered:  BL.Tests
[xUnit.net 00:00:01.44]   Starting:    BL.Tests
[xUnit.net 00:00:01.88]   Finished:    BL.Tests
</StdOut>
    </Output>
  </ResultSummary>
</TestRun>