<?xml version="1.0" encoding="utf-8"?>
<TestRun id="b3a4a55a-2f3d-4b9e-a867-0e88b56abbed" name="@DESKTOP-TJ9D65N 2022-11-03 20:42:56" xmlns="http://microsoft.com/schemas/VisualStudio/TeamTest/2010">
  <Times creation="2022-11-03T20:42:56.7412782+03:00" queuing="2022-11-03T20:42:56.7412783+03:00" start="2022-11-03T20:42:54.3425673+03:00" finish="2022-11-03T20:42:56.9605600+03:00" />
  <TestSettings name="default" id="06d757c9-546a-47dd-9ec1-683fa1b96282">
    <Deployment runDeploymentRoot="_DESKTOP-TJ9D65N_2022-11-03_20_42_56" />
  </TestSettings>
  <Results>
    <UnitTestResult executionId="a34762dd-921d-40d2-bd91-d06896356f2b" testId="23bbb185-277f-cc59-92c9-864d588a5238" testName="BL.Tests.TurnstilesServiceTest.TestAdminDeleteTurnstileAsync(userID: 243, turnstile: Turnstile { TurnstileID = 87, LiftID = 12, IsOpen = True }, checkPermissionServiceMock: Mock&lt;ICheckPermissionService:15&gt;, turnstilesRepositoryStub: Mock&lt;ITurnstilesRepository:9&gt;, sut: TurnstilesService { })" computerName="DESKTOP-TJ9D65N" duration="00:00:00.0044490" startTime="2022-11-03T20:42:56.7116122+03:00" endTime="2022-11-03T20:42:56.7116124+03:00" testType="13cdc9d9-ddb5-4fa4-a97d-d965ccfc6d4b" outcome="Passed" testListId="8c84fa94-04c1-424b-9868-57a2d4851a1d" relativeResultsDirectory="a34762dd-921d-40d2-bd91-d06896356f2b" />
    <UnitTestResult executionId="bca502d6-53fe-4f4f-8175-bd8cc5dd11a4" testId="b2745f5d-b5cd-ac8b-fbb7-f63c782af72d" testName="BL.Tests.LiftsServiceTest.TestAdminAddAutoIncrementLiftAsync(userID: 69, lift: Lift { LiftID = 152, LiftName = liftNamebb3ee4a3-96cb-410f-84c3-e08142e0277a, IsOpen = True, SeatsAmount = 65, LiftingTime = 216, QueueTime = 241, ConnectedSlopes =  }, checkPermissionServiceMock: Mock&lt;ICheckPermissionService:5&gt;, liftsRepositoryStub: Mock&lt;ILiftsRepository:5&gt;, sut: LiftsService { })" computerName="DESKTOP-TJ9D65N" duration="00:00:00.0087405" startTime="2022-11-03T20:42:56.6937642+03:00" endTime="2022-11-03T20:42:56.6937643+03:00" testType="13cdc9d9-ddb5-4fa4-a97d-d965ccfc6d4b" outcome="Passed" testListId="8c84fa94-04c1-424b-9868-57a2d4851a1d" relativeResultsDirectory="bca502d6-53fe-4f4f-8175-bd8cc5dd11a4" />
    <UnitTestResult executionId="0192da7e-6f30-4424-a6d1-f8f0e6b39da8" testId="644ec43e-70cd-c82d-42e7-0d990be1414d" testName="BL.Tests.CheckPermissionsServiceTests.AuthorizedHasAccessToAuthorizedFunctions(functionName: &quot;SendMessageAsync&quot;)" computerName="DESKTOP-TJ9D65N" duration="00:00:00.0017330" startTime="2022-11-03T20:42:56.8288725+03:00" endTime="2022-11-03T20:42:56.8288725+03:00" testType="13cdc9d9-ddb5-4fa4-a97d-d965ccfc6d4b" outcome="Passed" testListId="8c84fa94-04c1-424b-9868-57a2d4851a1d" relativeResultsDirectory="0192da7e-6f30-4424-a6d1-f8f0e6b39da8" />
    <UnitTestResult executionId="360b0757-2be5-40c2-b73a-5b6c11dcae39" testId="60bd668f-04df-da5e-b79b-5d9aedb5234d" testName="BL.Tests.CheckPermissionsServiceTests.SkiPatrolHasAccessToAdminSkiPatrolFunctions(functionName: &quot;MarkMessageReadByUserAsync&quot;)" computerName="DESKTOP-TJ9D65N" duration="00:00:00.0012897" startTime="2022-11-03T20:42:56.7335206+03:00" endTime="2022-11-03T20:42:56.7335207+03:00" testType="13cdc9d9-ddb5-4fa4-a97d-d965ccfc6d4b" outcome="Passed" testListId="8c84fa94-04c1-424b-9868-57a2d4851a1d" relativeResultsDirectory="360b0757-2be5-40c2-b73a-5b6c11dcae39" />
    <UnitTestResult executionId="1219ff5d-9681-4827-a6a0-ef06520cd288" testId="eaabd2fc-2f4b-5689-59c8-c7ad34a8f634" testName="BL.Tests.CheckPermissionsServiceTests.UnauthorizedHasNoAccessToAuthorizedFunctions(functionName: &quot;SendMessageAsync&quot;)" computerName="DESKTOP-TJ9D65N" duration="00:00:00.0034161" startTime="2022-11-03T20:42:56.6953909+03:00" endTime="2022-11-03T20:42:56.6953909+03:00" testType="13cdc9d9-ddb5-4fa4-a97d-d965ccfc6d4b" outcome="Passed" testListId="8c84fa94-04c1-424b-9868-57a2d4851a1d" relativeResultsDirectory="1219ff5d-9681-4827-a6a0-ef06520cd288" />
    <UnitTestResult executionId="073d0242-d646-4ae9-b66d-52b989e88051" testId="229812f5-9a73-5335-11f5-31330d1348a5" testName="BL.Tests.CheckPermissionsServiceTests.UnauthorizedHasNoAccessToAdminSkiPatrolFunctions(functionName: &quot;GetMessagesAsync&quot;)" computerName="DESKTOP-TJ9D65N" duration="00:00:00.0018050" startTime="2022-11-03T20:42:56.6938346+03:00" endTime="2022-11-03T20:42:56.6938346+03:00" testType="13cdc9d9-ddb5-4fa4-a97d-d965ccfc6d4b" outcome="Passed" testListId="8c84fa94-04c1-424b-9868-57a2d4851a1d" relativeResultsDirectory="073d0242-d646-4ae9-b66d-52b989e88051" />
    <UnitTestResult executionId="4fb85e51-07cb-43a0-84ff-6b5ebe629ed3" testId="c36970dc-93f7-753e-fa47-157133b01644" testName="BL.Tests.CheckPermissionsServiceTests.SkiPatrolHasAccessToAdminSkiPatrolFunctions(functionName: &quot;GetMessagesAsync&quot;)" computerName="DESKTOP-TJ9D65N" duration="00:00:00.0014645" startTime="2022-11-03T20:42:56.7668568+03:00" endTime="2022-11-03T20:42:56.7668569+03:00" testType="13cdc9d9-ddb5-4fa4-a97d-d965ccfc6d4b" outcome="Passed" testListId="8c84fa94-04c1-424b-9868-57a2d4851a1d" relativeResultsDirectory="4fb85e51-07cb-43a0-84ff-6b5ebe629ed3" />
    <UnitTestResult executionId="6b63bae0-4381-448a-95c9-52d4c39ea14b" testId="0eeef75f-6e38-7893-a8fe-cff3e0a970a7" testName="BL.Tests.UsersServiceTests.TestRegisterOk" computerName="DESKTOP-TJ9D65N" duration="00:00:00.0099047" startTime="2022-11-03T20:42:56.7352569+03:00" endTime="2022-11-03T20:42:56.7352569+03:00" testType="13cdc9d9-ddb5-4fa4-a97d-d965ccfc6d4b" outcome="Passed" testListId="8c84fa94-04c1-424b-9868-57a2d4851a1d" relativeResultsDirectory="6b63bae0-4381-448a-95c9-52d4c39ea14b" />
    <UnitTestResult executionId="b1603bc7-d6e4-49fd-905a-a3a756a0a54b" testId="834c739b-eca4-b36d-6a66-5a1bd75377b8" testName="BL.Tests.UsersServiceTests.TestAdminAddAutoIncrementUser" computerName="DESKTOP-TJ9D65N" duration="00:00:00.0055692" startTime="2022-11-03T20:42:56.8028300+03:00" endTime="2022-11-03T20:42:56.8028301+03:00" testType="13cdc9d9-ddb5-4fa4-a97d-d965ccfc6d4b" outcome="Passed" testListId="8c84fa94-04c1-424b-9868-57a2d4851a1d" relativeResultsDirectory="b1603bc7-d6e4-49fd-905a-a3a756a0a54b" />
    <UnitTestResult executionId="e6afa58e-8032-44eb-95ad-6e45d23cdde4" testId="cbe8bb64-fdb5-d65b-775b-2e23ebd773ab" testName="BL.Tests.TurnstilesServiceTest.TestAdminAddAutoIncrementTurnstileAsync(userID: 194, turnstile: Turnstile { TurnstileID = 175, LiftID = 242, IsOpen = True }, checkPermissionServiceMock: Mock&lt;ICheckPermissionService:16&gt;, turnstilesRepositoryStub: Mock&lt;ITurnstilesRepository:10&gt;, sut: TurnstilesService { })" computerName="DESKTOP-TJ9D65N" duration="00:00:00.0414989" startTime="2022-11-03T20:42:56.5873558+03:00" endTime="2022-11-03T20:42:56.5874053+03:00" testType="13cdc9d9-ddb5-4fa4-a97d-d965ccfc6d4b" outcome="Passed" testListId="8c84fa94-04c1-424b-9868-57a2d4851a1d" relativeResultsDirectory="e6afa58e-8032-44eb-95ad-6e45d23cdde4" />
    <UnitTestResult executionId="48180696-89d6-43d0-8a2f-5fc26328793e" testId="18fa8c62-e27d-e1fc-8182-4d7db62b008d" testName="BL.Tests.UsersServiceTests.TestAdminDeleteUser" computerName="DESKTOP-TJ9D65N" duration="00:00:00.0032201" startTime="2022-11-03T20:42:56.8274328+03:00" endTime="2022-11-03T20:42:56.8274329+03:00" testType="13cdc9d9-ddb5-4fa4-a97d-d965ccfc6d4b" outcome="Passed" testListId="8c84fa94-04c1-424b-9868-57a2d4851a1d" relativeResultsDirectory="48180696-89d6-43d0-8a2f-5fc26328793e" />
    <UnitTestResult executionId="335b13d7-9c90-409a-8a14-6e269ef5281c" testId="85851c81-a6c9-7158-38f3-3fe7c791aa55" testName="BL.Tests.LiftsServiceTest.TestUpdateLiftInfoAsync(userID: 27, lift: Lift { LiftID = 203, LiftName = liftNameeacd362b-319e-4d08-84c3-f0d4dd3c5a5c, IsOpen = True, SeatsAmount = 213, LiftingTime = 130, QueueTime = 108, ConnectedSlopes =  }, checkPermissionServiceMock: Mock&lt;ICheckPermissionService:3&gt;, liftsRepositoryStub: Mock&lt;ILiftsRepository:3&gt;, sut: LiftsService { })" computerName="DESKTOP-TJ9D65N" duration="00:00:00.0404548" startTime="2022-11-03T20:42:56.5916692+03:00" endTime="2022-11-03T20:42:56.5916692+03:00" testType="13cdc9d9-ddb5-4fa4-a97d-d965ccfc6d4b" outcome="Passed" testListId="8c84fa94-04c1-424b-9868-57a2d4851a1d" relativeResultsDirectory="335b13d7-9c90-409a-8a14-6e269ef5281c" />
    <UnitTestResult executionId="b87161d8-9281-4c35-92b3-18f0e8fccdde" testId="a19a5fcf-c5d2-7d44-5d7d-84403042f4e0" testName="BL.Tests.CheckPermissionsServiceTests.UnauthorizedHasNoAccessToAdminSkiPatrolFunctions(functionName: &quot;MarkMessageReadByUserAsync&quot;)" computerName="DESKTOP-TJ9D65N" duration="00:00:00.0384808" startTime="2022-11-03T20:42:56.5916532+03:00" endTime="2022-11-03T20:42:56.5916533+03:00" testType="13cdc9d9-ddb5-4fa4-a97d-d965ccfc6d4b" outcome="Passed" testListId="8c84fa94-04c1-424b-9868-57a2d4851a1d" relativeResultsDirectory="b87161d8-9281-4c35-92b3-18f0e8fccdde" />
    <UnitTestResult executionId="0ca740f5-0094-4f4c-a7bd-c593ca7009e3" testId="f44a1b21-8efc-bfac-63b4-d534442def31" testName="BL.Tests.UsersServiceTests.TestRegisterUserWithNoPassword" computerName="DESKTOP-TJ9D65N" duration="00:00:00.0018583" startTime="2022-11-03T20:42:56.6938939+03:00" endTime="2022-11-03T20:42:56.6938939+03:00" testType="13cdc9d9-ddb5-4fa4-a97d-d965ccfc6d4b" outcome="Passed" testListId="8c84fa94-04c1-424b-9868-57a2d4851a1d" relativeResultsDirectory="0ca740f5-0094-4f4c-a7bd-c593ca7009e3" />
    <UnitTestResult executionId="23cb1a1c-7cc0-4c2c-85c6-f9aa90970e49" testId="959a09d7-cc3d-65b6-b3c2-6c50628ce97a" testName="BL.Tests.SlopesServiceTest.TestAdminDeleteSlopeAsync(userID: 33, slope: Slope { SlopeID = 98, SlopeName = slopeName066b9ff6-2849-4a53-975b-fb34df1e3c29, IsOpen = True, DifficultyLevel = 112, ConnectedLifts =  }, checkPermissionServiceMock: Mock&lt;ICheckPermissionService:9&gt;, slopesRepositoryStub: Mock&lt;ISlopesRepository:7&gt;, liftsSlopesRepositoryStub: Mock&lt;ILiftsSlopesRepository:12&gt;, sut: SlopesService { })" computerName="DESKTOP-TJ9D65N" duration="00:00:00.0067646" startTime="2022-11-03T20:42:56.6952095+03:00" endTime="2022-11-03T20:42:56.6952096+03:00" testType="13cdc9d9-ddb5-4fa4-a97d-d965ccfc6d4b" outcome="Passed" testListId="8c84fa94-04c1-424b-9868-57a2d4851a1d" relativeResultsDirectory="23cb1a1c-7cc0-4c2c-85c6-f9aa90970e49" />
    <UnitTestResult executionId="63a8c85d-4074-4f46-8674-d430095eabda" testId="d9f8dc1d-604d-0af8-ac7f-4e66724c67bd" testName="BL.Tests.TurnstilesServiceTest.TestAdminUpdateTurnstileAsync(userID: 147, turnstile: Turnstile { TurnstileID = 128, LiftID = 112, IsOpen = True }, checkPermissionServiceMock: Mock&lt;ICheckPermissionService:14&gt;, turnstilesRepositoryStub: Mock&lt;ITurnstilesRepository:8&gt;, sut: TurnstilesService { })" computerName="DESKTOP-TJ9D65N" duration="00:00:00.0063387" startTime="2022-11-03T20:42:56.6954073+03:00" endTime="2022-11-03T20:42:56.6954073+03:00" testType="13cdc9d9-ddb5-4fa4-a97d-d965ccfc6d4b" outcome="Passed" testListId="8c84fa94-04c1-424b-9868-57a2d4851a1d" relativeResultsDirectory="63a8c85d-4074-4f46-8674-d430095eabda" />
    <UnitTestResult executionId="288fa0bb-e1b5-41ee-8e98-65b218b34268" testId="2d706594-f2b3-b3c8-21d4-86c9798c3306" testName="BL.Tests.CheckPermissionsServiceTests.SkiPatrolHasAccessToAdminSkiPatrolFunctions(functionName: &quot;GetLiftsSlopesInfoAsync&quot;)" computerName="DESKTOP-TJ9D65N" duration="00:00:00.0050044" startTime="2022-11-03T20:42:56.7217650+03:00" endTime="2022-11-03T20:42:56.7217651+03:00" testType="13cdc9d9-ddb5-4fa4-a97d-d965ccfc6d4b" outcome="Passed" testListId="8c84fa94-04c1-424b-9868-57a2d4851a1d" relativeResultsDirectory="288fa0bb-e1b5-41ee-8e98-65b218b34268" />
    <UnitTestResult executionId="c4c0d650-0a51-4b5e-924b-d1578791487f" testId="9c7df5e2-1b23-ebea-889f-b78ca86b60ab" testName="BL.Tests.CheckPermissionsServiceTests.AuthorizedHasNoAccessToAdminSkiPatrolFunctions(functionName: &quot;MarkMessageReadByUserAsync&quot;)" computerName="DESKTOP-TJ9D65N" duration="00:00:00.0012153" startTime="2022-11-03T20:42:56.8081113+03:00" endTime="2022-11-03T20:42:56.8081113+03:00" testType="13cdc9d9-ddb5-4fa4-a97d-d965ccfc6d4b" outcome="Passed" testListId="8c84fa94-04c1-424b-9868-57a2d4851a1d" relativeResultsDirectory="c4c0d650-0a51-4b5e-924b-d1578791487f" />
    <UnitTestResult executionId="a411ca8c-d634-47c4-a828-7b230a7ec8a2" testId="9c7271f8-1a81-3e40-55f7-7e31238b2fd3" testName="BL.Tests.LiftsServiceTest.TestAdminDeleteLiftAsync(userID: 33, lift: Lift { LiftID = 222, LiftName = liftNamec7a65390-119b-4bc9-b8a3-86998408aa93, IsOpen = True, SeatsAmount = 159, LiftingTime = 60, QueueTime = 141, ConnectedSlopes =  }, checkPermissionServiceMock: Mock&lt;ICheckPermissionService:4&gt;, liftsRepositoryStub: Mock&lt;ILiftsRepository:4&gt;, liftsSlopesRepositoryStub: Mock&lt;ILiftsSlopesRepository:4&gt;, sut: LiftsService { })" computerName="DESKTOP-TJ9D65N" duration="00:00:00.0104575" startTime="2022-11-03T20:42:56.7796662+03:00" endTime="2022-11-03T20:42:56.7796663+03:00" testType="13cdc9d9-ddb5-4fa4-a97d-d965ccfc6d4b" outcome="Passed" testListId="8c84fa94-04c1-424b-9868-57a2d4851a1d" relativeResultsDirectory="a411ca8c-d634-47c4-a828-7b230a7ec8a2" />
    <UnitTestResult executionId="87305f5e-dbc7-4945-8ca5-f3e732de1fe2" testId="aa28a6b3-21d3-aa45-24d3-bef2facbc899" testName="BL.Tests.CheckPermissionsServiceTests.AuthorizedHasAccessToAuthorizedFunctions(functionName: &quot;LogOutAsync&quot;)" computerName="DESKTOP-TJ9D65N" duration="00:00:00.0009652" startTime="2022-11-03T20:42:56.8374159+03:00" endTime="2022-11-03T20:42:56.8374160+03:00" testType="13cdc9d9-ddb5-4fa4-a97d-d965ccfc6d4b" outcome="Passed" testListId="8c84fa94-04c1-424b-9868-57a2d4851a1d" relativeResultsDirectory="87305f5e-dbc7-4945-8ca5-f3e732de1fe2" />
    <UnitTestResult executionId="8ea5c2a4-4d1f-436e-8fe6-fc3266b86616" testId="a2e59116-cb53-1d70-9cb8-21c286516866" testName="BL.Tests.CheckPermissionsServiceTests.AuthorizedHasNoAccessToAdminFunctions" computerName="DESKTOP-TJ9D65N" duration="00:00:00.0038535" startTime="2022-11-03T20:42:56.7799320+03:00" endTime="2022-11-03T20:42:56.7799322+03:00" testType="13cdc9d9-ddb5-4fa4-a97d-d965ccfc6d4b" outcome="Passed" testListId="8c84fa94-04c1-424b-9868-57a2d4851a1d" relativeResultsDirectory="8ea5c2a4-4d1f-436e-8fe6-fc3266b86616" />
    <UnitTestResult executionId="d601f149-409b-42d3-8952-c3b69438ebb1" testId="1ca07ad8-f799-c5d4-e7cc-34fd950198a2" testName="BL.Tests.UsersServiceTests.TestLogInOk" computerName="DESKTOP-TJ9D65N" duration="00:00:00.0036057" startTime="2022-11-03T20:42:56.7697269+03:00" endTime="2022-11-03T20:42:56.7697270+03:00" testType="13cdc9d9-ddb5-4fa4-a97d-d965ccfc6d4b" outcome="Passed" testListId="8c84fa94-04c1-424b-9868-57a2d4851a1d" relativeResultsDirectory="d601f149-409b-42d3-8952-c3b69438ebb1" />
    <UnitTestResult executionId="c67b6556-3209-4da7-9ccf-ccba04b7e677" testId="bf019804-ce51-1641-8a01-347ce4daa5ea" testName="BL.Tests.SlopesServiceTest.TestAdminAddAutoIncrementSlopeAsync(userID: 245, slope: Slope { SlopeID = 1, SlopeName = slopeNamef239a046-40cc-405b-99a9-cdb1a9e79e9a, IsOpen = True, DifficultyLevel = 211, ConnectedLifts =  }, checkPermissionServiceMock: Mock&lt;ICheckPermissionService:10&gt;, slopesRepositoryStub: Mock&lt;ISlopesRepository:8&gt;, sut: SlopesService { })" computerName="DESKTOP-TJ9D65N" duration="00:00:00.0081199" startTime="2022-11-03T20:42:56.6937466+03:00" endTime="2022-11-03T20:42:56.6937467+03:00" testType="13cdc9d9-ddb5-4fa4-a97d-d965ccfc6d4b" outcome="Passed" testListId="8c84fa94-04c1-424b-9868-57a2d4851a1d" relativeResultsDirectory="c67b6556-3209-4da7-9ccf-ccba04b7e677" />
    <UnitTestResult executionId="6fbcd6a0-d77e-4f21-8660-e9f5c85b228c" testId="69340bb6-3645-f9dd-971e-29d8b2a009bb" testName="BL.Tests.UsersServiceTests.TestLogInWithWrongPassword" computerName="DESKTOP-TJ9D65N" duration="00:00:00.0026730" startTime="2022-11-03T20:42:56.7813942+03:00" endTime="2022-11-03T20:42:56.7813943+03:00" testType="13cdc9d9-ddb5-4fa4-a97d-d965ccfc6d4b" outcome="Passed" testListId="8c84fa94-04c1-424b-9868-57a2d4851a1d" relativeResultsDirectory="6fbcd6a0-d77e-4f21-8660-e9f5c85b228c" />
    <UnitTestResult executionId="c7ad2e7f-3f47-4b94-a381-358e2a64f078" testId="492c0393-35b4-df26-a537-21ca08302f3c" testName="BL.Tests.CheckPermissionsServiceTests.SkiPatrolHasNoAccessToAdminFunctions" computerName="DESKTOP-TJ9D65N" duration="00:00:00.0022759" startTime="2022-11-03T20:42:56.8572306+03:00" endTime="2022-11-03T20:42:56.8572306+03:00" testType="13cdc9d9-ddb5-4fa4-a97d-d965ccfc6d4b" outcome="Passed" testListId="8c84fa94-04c1-424b-9868-57a2d4851a1d" relativeResultsDirectory="c7ad2e7f-3f47-4b94-a381-358e2a64f078" />
    <UnitTestResult executionId="f7d548b3-7a35-4dba-a3d7-1c99c3cafb1c" testId="e429852d-a6ed-7c2a-25fd-cd839b159d56" testName="BL.Tests.LiftsSlopesServiceTests.TestGetLiftsSlopesInfoAsync(liftsSlopes: [LiftSlope { RecordID = 174, LiftID = 12, SlopeID = 73 }, LiftSlope { RecordID = 247, LiftID = 1, SlopeID = 218 }, LiftSlope { RecordID = 180, LiftID = 243, SlopeID = 59 }], slopesRepositoryStub: Mock&lt;ISlopesRepository:1&gt;, liftsRepositoryStub: Mock&lt;ILiftsRepository:6&gt;, liftsSlopesRepositoryStub: Mock&lt;ILiftsSlopesRepository:6&gt;)" computerName="DESKTOP-TJ9D65N" duration="00:00:00.0460035" startTime="2022-11-03T20:42:56.5917192+03:00" endTime="2022-11-03T20:42:56.5917192+03:00" testType="13cdc9d9-ddb5-4fa4-a97d-d965ccfc6d4b" outcome="Passed" testListId="8c84fa94-04c1-424b-9868-57a2d4851a1d" relativeResultsDirectory="f7d548b3-7a35-4dba-a3d7-1c99c3cafb1c" />
    <UnitTestResult executionId="1576a95b-0397-4314-8d84-09f530b53cea" testId="d8a0f4c5-40fc-9241-79e8-35b7000a8f9f" testName="BL.Tests.LiftsServiceTest.TestGetLiftInfoAsync(userID: 175, lift: Lift { LiftID = 28, LiftName = liftName0a95f545-e628-4c51-8690-13c2dcdc7e67, IsOpen = True, SeatsAmount = 86, LiftingTime = 220, QueueTime = 56, ConnectedSlopes =  }, checkPermissionServiceMock: Mock&lt;ICheckPermissionService:1&gt;, liftsRepositoryStub: Mock&lt;ILiftsRepository:1&gt;, liftsSlopesRepositoryStub: Mock&lt;ILiftsSlopesRepository:1&gt;, sut: LiftsService { })" computerName="DESKTOP-TJ9D65N" duration="00:00:00.0088489" startTime="2022-11-03T20:42:56.6953681+03:00" endTime="2022-11-03T20:42:56.6953682+03:00" testType="13cdc9d9-ddb5-4fa4-a97d-d965ccfc6d4b" outcome="Passed" testListId="8c84fa94-04c1-424b-9868-57a2d4851a1d" relativeResultsDirectory="1576a95b-0397-4314-8d84-09f530b53cea" />
    <UnitTestResult executionId="778181f4-fadd-47eb-937b-8764cef406f8" testId="2cdf9ef2-adfd-654a-a399-a5f61b68b303" testName="BL.Tests.SlopesServiceTest.TestGetSlopesInfoAsync(userID: 186, initialSlopes: [Slope { SlopeID = 82, SlopeName = slopeNameb98f3f6f-b71a-47ca-9f7f-d376c0a3bc2a, IsOpen = True, DifficultyLevel = 77, ConnectedLifts =  }, Slope { SlopeID = 75, SlopeName = slopeNamefe2c4eda-d0c4-4c69-b27d-c304c47de724, IsOpen = False, DifficultyLevel = 244, ConnectedLifts =  }, Slope { SlopeID = 24, SlopeName = slopeNamef16f1895-d45f-4aa5-a174-0911ed85414c, IsOpen = True, DifficultyLevel = 2, ConnectedLifts =  }], checkPermissionServiceMock: Mock&lt;ICheckPermissionService:7&gt;, slopesRepositoryStub: Mock&lt;ISlopesRepository:5&gt;, liftsSlopesRepositoryStub: Mock&lt;ILiftsSlopesRepository:10&gt;, sut: SlopesService { })" computerName="DESKTOP-TJ9D65N" duration="00:00:00.0282116" startTime="2022-11-03T20:42:56.7422978+03:00" endTime="2022-11-03T20:42:56.7422978+03:00" testType="13cdc9d9-ddb5-4fa4-a97d-d965ccfc6d4b" outcome="Passed" testListId="8c84fa94-04c1-424b-9868-57a2d4851a1d" relativeResultsDirectory="778181f4-fadd-47eb-937b-8764cef406f8" />
    <UnitTestResult executionId="2cbe342f-9065-4915-9805-03de1dbd4b78" testId="f3efc418-a8a6-c7b7-9bac-90b33aa8472f" testName="BL.Tests.CheckPermissionsServiceTests.AdminHasAccessToAllFunctions" computerName="DESKTOP-TJ9D65N" duration="00:00:00.0018720" startTime="2022-11-03T20:42:56.8733519+03:00" endTime="2022-11-03T20:42:56.8733520+03:00" testType="13cdc9d9-ddb5-4fa4-a97d-d965ccfc6d4b" outcome="Passed" testListId="8c84fa94-04c1-424b-9868-57a2d4851a1d" relativeResultsDirectory="2cbe342f-9065-4915-9805-03de1dbd4b78" />
    <UnitTestResult executionId="8064a90e-05de-47a5-988a-420fb7e0adce" testId="e812dc4b-ddea-5692-754f-f3e8472646f0" testName="BL.Tests.SlopesServiceTest.TestGetSlopeInfoAsync(userID: 151, slope: Slope { SlopeID = 192, SlopeName = slopeNamef5a1b962-5b39-4ccc-8555-089c9ead3895, IsOpen = True, DifficultyLevel = 113, ConnectedLifts =  }, checkPermissionServiceMock: Mock&lt;ICheckPermissionService:6&gt;, slopesRepositoryStub: Mock&lt;ISlopesRepository:4&gt;, liftsSlopesRepositoryStub: Mock&lt;ILiftsSlopesRepository:9&gt;, sut: SlopesService { })" computerName="DESKTOP-TJ9D65N" duration="00:00:00.0105463" startTime="2022-11-03T20:42:56.7011817+03:00" endTime="2022-11-03T20:42:56.7011818+03:00" testType="13cdc9d9-ddb5-4fa4-a97d-d965ccfc6d4b" outcome="Passed" testListId="8c84fa94-04c1-424b-9868-57a2d4851a1d" relativeResultsDirectory="8064a90e-05de-47a5-988a-420fb7e0adce" />
    <UnitTestResult executionId="33f6e2d7-fb1b-436b-a17e-a1c50dca56ee" testId="e2d7e5be-3dae-33ae-fb17-c704b6fd58d6" testName="BL.Tests.CheckPermissionsServiceTests.UnauthorizedHasNoAccessToAdminFunctions" computerName="DESKTOP-TJ9D65N" duration="00:00:00.0021862" startTime="2022-11-03T20:42:56.8472360+03:00" endTime="2022-11-03T20:42:56.8472361+03:00" testType="13cdc9d9-ddb5-4fa4-a97d-d965ccfc6d4b" outcome="Passed" testListId="8c84fa94-04c1-424b-9868-57a2d4851a1d" relativeResultsDirectory="33f6e2d7-fb1b-436b-a17e-a1c50dca56ee" />
    <UnitTestResult executionId="cc44cd49-30f2-4869-bf84-e00da500cc63" testId="35beacf6-8e3d-4c65-f48b-6269a24bb162" testName="BL.Tests.TurnstilesServiceTest.TestAdminGetTurnstileAsync(userID: 155, turnstile: Turnstile { TurnstileID = 158, LiftID = 1, IsOpen = True }, checkPermissionServiceMock: Mock&lt;ICheckPermissionService:12&gt;, turnstilesRepositoryStub: Mock&lt;ITurnstilesRepository:6&gt;, sut: TurnstilesService { })" computerName="DESKTOP-TJ9D65N" duration="00:00:00.0052739" startTime="2022-11-03T20:42:56.7283787+03:00" endTime="2022-11-03T20:42:56.7283789+03:00" testType="13cdc9d9-ddb5-4fa4-a97d-d965ccfc6d4b" outcome="Passed" testListId="8c84fa94-04c1-424b-9868-57a2d4851a1d" relativeResultsDirectory="cc44cd49-30f2-4869-bf84-e00da500cc63" />
    <UnitTestResult executionId="2a212b87-1031-454e-82f5-7358369b9959" testId="2d802d06-7a5b-3f62-0765-abed66ec3087" testName="BL.Tests.LiftsServiceTest.TestGetLiftsInfoAsync(userID: 70, initialLifts: [Lift { LiftID = 194, LiftName = liftNamec4e9185c-818f-40d7-b89a-43f5af0d59ba, IsOpen = True, SeatsAmount = 20, LiftingTime = 27, QueueTime = 104, ConnectedSlopes =  }, Lift { LiftID = 254, LiftName = liftName56bd05a3-e580-4e2d-9fd5-3138e09dff7d, IsOpen = False, SeatsAmount = 225, LiftingTime = 132, QueueTime = 94, ConnectedSlopes =  }, Lift { LiftID = 66, LiftName = liftName9ab7352e-e556-4196-b3cf-3a37fcb32128, IsOpen = True, SeatsAmount = 57, LiftingTime = 187, QueueTime = 123, ConnectedSlopes =  }], checkPermissionServiceMock: Mock&lt;ICheckPermissionService:2&gt;, liftsRepositoryStub: Mock&lt;ILiftsRepository:2&gt;, liftsSlopesRepositoryStub: Mock&lt;ILiftsSlopesRepository:2&gt;, sut: LiftsService { })" computerName="DESKTOP-TJ9D65N" duration="00:00:00.0415135" startTime="2022-11-03T20:42:56.7423192+03:00" endTime="2022-11-03T20:42:56.7423193+03:00" testType="13cdc9d9-ddb5-4fa4-a97d-d965ccfc6d4b" outcome="Passed" testListId="8c84fa94-04c1-424b-9868-57a2d4851a1d" relativeResultsDirectory="2a212b87-1031-454e-82f5-7358369b9959" />
    <UnitTestResult executionId="b254e5d2-f386-45dc-868a-76e037f0f6d8" testId="20ad8570-0170-85de-dcd7-2f109dd7bcd6" testName="BL.Tests.UsersServiceTests.TestAdminGetUsers" computerName="DESKTOP-TJ9D65N" duration="00:00:00.0461005" startTime="2022-11-03T20:42:56.5917319+03:00" endTime="2022-11-03T20:42:56.5917319+03:00" testType="13cdc9d9-ddb5-4fa4-a97d-d965ccfc6d4b" outcome="Passed" testListId="8c84fa94-04c1-424b-9868-57a2d4851a1d" relativeResultsDirectory="b254e5d2-f386-45dc-868a-76e037f0f6d8" />
    <UnitTestResult executionId="8066bff5-5fe0-4ebc-8a2b-155df60b381a" testId="ee11d5e8-3e9f-14a0-3539-e54c39bb91f8" testName="BL.Tests.SlopesServiceTest.TestUpdateSlopeInfoAsync(userID: 59, slope: Slope { SlopeID = 97, SlopeName = slopeNamef5ea9d01-de20-4ee6-ba50-d662814a3eef, IsOpen = True, DifficultyLevel = 239, ConnectedLifts =  }, checkPermissionServiceMock: Mock&lt;ICheckPermissionService:8&gt;, slopesRepositoryStub: Mock&lt;ISlopesRepository:6&gt;, sut: SlopesService { })" computerName="DESKTOP-TJ9D65N" duration="00:00:00.0396284" startTime="2022-11-03T20:42:56.5915770+03:00" endTime="2022-11-03T20:42:56.5915771+03:00" testType="13cdc9d9-ddb5-4fa4-a97d-d965ccfc6d4b" outcome="Passed" testListId="8c84fa94-04c1-424b-9868-57a2d4851a1d" relativeResultsDirectory="8066bff5-5fe0-4ebc-8a2b-155df60b381a" />
    <UnitTestResult executionId="d123887c-0956-4eb1-801f-9f5ac1e04a5e" testId="e5497347-2721-b7a6-0bd4-69a9921f6947" testName="BL.Tests.UsersServiceTests.TestAdminGetUserByIDAsync" computerName="DESKTOP-TJ9D65N" duration="00:00:00.0037189" startTime="2022-11-03T20:42:56.8158388+03:00" endTime="2022-11-03T20:42:56.8158389+03:00" testType="13cdc9d9-ddb5-4fa4-a97d-d965ccfc6d4b" outcome="Passed" testListId="8c84fa94-04c1-424b-9868-57a2d4851a1d" relativeResultsDirectory="d123887c-0956-4eb1-801f-9f5ac1e04a5e" />
    <UnitTestResult executionId="d3dee82f-61d4-4460-a369-9db778e42c15" testId="2602613f-c8e2-a6d9-fcf7-5b27d4a770a6" testName="BL.Tests.CheckPermissionsServiceTests.AuthorizedHasNoAccessToAdminSkiPatrolFunctions(functionName: &quot;GetMessagesAsync&quot;)" computerName="DESKTOP-TJ9D65N" duration="00:00:00.0024852" startTime="2022-11-03T20:42:56.7983425+03:00" endTime="2022-11-03T20:42:56.7983426+03:00" testType="13cdc9d9-ddb5-4fa4-a97d-d965ccfc6d4b" outcome="Passed" testListId="8c84fa94-04c1-424b-9868-57a2d4851a1d" relativeResultsDirectory="d3dee82f-61d4-4460-a369-9db778e42c15" />
    <UnitTestResult executionId="c5115d96-1f2f-4610-8a44-539b21cf4dc2" testId="fa960c5e-f989-2880-784e-8efe538c5231" testName="BL.Tests.CheckPermissionsServiceTests.UnauthorizedHasNoAccessToAuthorizedFunctions(functionName: &quot;LogOutAsync&quot;)" computerName="DESKTOP-TJ9D65N" duration="00:00:00.0015672" startTime="2022-11-03T20:42:56.7039621+03:00" endTime="2022-11-03T20:42:56.7039622+03:00" testType="13cdc9d9-ddb5-4fa4-a97d-d965ccfc6d4b" outcome="Passed" testListId="8c84fa94-04c1-424b-9868-57a2d4851a1d" relativeResultsDirectory="c5115d96-1f2f-4610-8a44-539b21cf4dc2" />
    <UnitTestResult executionId="4e051e1f-7a5e-4f07-ab56-9e167cb9155a" testId="387c9729-48c1-486e-5e67-f5d11a9f0db8" testName="BL.Tests.CheckPermissionsServiceTests.UnauthorizedHasNoAccessToAdminSkiPatrolFunctions(functionName: &quot;GetLiftsSlopesInfoAsync&quot;)" computerName="DESKTOP-TJ9D65N" duration="00:00:00.0016091" startTime="2022-11-03T20:42:56.6931370+03:00" endTime="2022-11-03T20:42:56.6931370+03:00" testType="13cdc9d9-ddb5-4fa4-a97d-d965ccfc6d4b" outcome="Passed" testListId="8c84fa94-04c1-424b-9868-57a2d4851a1d" relativeResultsDirectory="4e051e1f-7a5e-4f07-ab56-9e167cb9155a" />
    <UnitTestResult executionId="8240c734-74b5-4031-8359-46d543ca2d65" testId="894941c1-bfa7-d8f9-c047-1e1ceefe2c2f" testName="BL.Tests.UsersServiceTests.TestRegisterUserWithRepeatedEmail" computerName="DESKTOP-TJ9D65N" duration="00:00:00.0041932" startTime="2022-11-03T20:42:56.6954625+03:00" endTime="2022-11-03T20:42:56.6954625+03:00" testType="13cdc9d9-ddb5-4fa4-a97d-d965ccfc6d4b" outcome="Passed" testListId="8c84fa94-04c1-424b-9868-57a2d4851a1d" relativeResultsDirectory="8240c734-74b5-4031-8359-46d543ca2d65" />
    <UnitTestResult executionId="faac9e6b-8523-40cc-ba67-85e351c503d1" testId="50935e0e-1fa9-75c2-df8b-0aa20ecfacf9" testName="BL.Tests.LiftsSlopesServiceTests.TestAdminAddAutoIncrementLiftSlopeAsync(lift: Lift { LiftID = 104, LiftName = liftName4e81a71a-5bd1-4233-ad24-9d20bc5c5174, IsOpen = True, SeatsAmount = 113, LiftingTime = 209, QueueTime = 86, ConnectedSlopes =  }, slope: Slope { SlopeID = 177, SlopeName = slopeNamefacf0d4c-7a27-4996-b8f9-8dda1c2bcfa9, IsOpen = False, DifficultyLevel = 203, ConnectedLifts =  }, slopesRepositoryStub: Mock&lt;ISlopesRepository:3&gt;, liftsRepositoryStub: Mock&lt;ILiftsRepository:8&gt;, liftsSlopesRepositoryStub: Mock&lt;ILiftsSlopesRepository:8&gt;)" computerName="DESKTOP-TJ9D65N" duration="00:00:00.0114279" startTime="2022-11-03T20:42:56.6952825+03:00" endTime="2022-11-03T20:42:56.6952825+03:00" testType="13cdc9d9-ddb5-4fa4-a97d-d965ccfc6d4b" outcome="Passed" testListId="8c84fa94-04c1-424b-9868-57a2d4851a1d" relativeResultsDirectory="faac9e6b-8523-40cc-ba67-85e351c503d1" />
    <UnitTestResult executionId="0295f649-2605-463f-8236-e52ba414cd93" testId="4f297306-d4f3-8d63-e7f4-1ac0b8c58c74" testName="BL.Tests.CheckPermissionsServiceTests.AuthorizedHasNoAccessToAdminSkiPatrolFunctions(functionName: &quot;GetLiftsSlopesInfoAsync&quot;)" computerName="DESKTOP-TJ9D65N" duration="00:00:00.0013914" startTime="2022-11-03T20:42:56.8191811+03:00" endTime="2022-11-03T20:42:56.8191812+03:00" testType="13cdc9d9-ddb5-4fa4-a97d-d965ccfc6d4b" outcome="Passed" testListId="8c84fa94-04c1-424b-9868-57a2d4851a1d" relativeResultsDirectory="0295f649-2605-463f-8236-e52ba414cd93" />
    <UnitTestResult executionId="08b568ec-130e-487e-a9fc-34f3129224e1" testId="b64de93b-0503-05a1-983e-5bd15e409ee6" testName="BL.Tests.SlopesServiceTest.TestAdminAddSlopeAsync(userID: 64, slope: Slope { SlopeID = 255, SlopeName = slopeNamebb31107c-740a-4eb9-adac-6db07b03d96c, IsOpen = True, DifficultyLevel = 73, ConnectedLifts =  }, checkPermissionServiceMock: Mock&lt;ICheckPermissionService:11&gt;, slopesRepositoryStub: Mock&lt;ISlopesRepository:9&gt;, sut: SlopesService { })" computerName="DESKTOP-TJ9D65N" duration="00:00:00.0046846" startTime="2022-11-03T20:42:56.7726423+03:00" endTime="2022-11-03T20:42:56.7726424+03:00" testType="13cdc9d9-ddb5-4fa4-a97d-d965ccfc6d4b" outcome="Passed" testListId="8c84fa94-04c1-424b-9868-57a2d4851a1d" relativeResultsDirectory="08b568ec-130e-487e-a9fc-34f3129224e1" />
    <UnitTestResult executionId="38a6c90d-9390-48b0-b817-34ac4b192dbd" testId="8184bd30-991c-b78d-b4ec-99a485eac0dd" testName="BL.Tests.UsersServiceTests.TestRegisterUserWithNoEmail" computerName="DESKTOP-TJ9D65N" duration="00:00:00.0034563" startTime="2022-11-03T20:42:56.6936536+03:00" endTime="2022-11-03T20:42:56.6936537+03:00" testType="13cdc9d9-ddb5-4fa4-a97d-d965ccfc6d4b" outcome="Passed" testListId="8c84fa94-04c1-424b-9868-57a2d4851a1d" relativeResultsDirectory="38a6c90d-9390-48b0-b817-34ac4b192dbd" />
    <UnitTestResult executionId="499639d0-ad75-4d90-8538-759498a31691" testId="130d7d83-4a75-5daa-688c-a6082a68185c" testName="BL.Tests.TurnstilesServiceTest.TestAdminGetTurnstilesAsync(userID: 102, initialTurnstiles: [Turnstile { TurnstileID = 194, LiftID = 113, IsOpen = True }, Turnstile { TurnstileID = 165, LiftID = 241, IsOpen = False }, Turnstile { TurnstileID = 6, LiftID = 223, IsOpen = True }], checkPermissionServiceMock: Mock&lt;ICheckPermissionService:13&gt;, turnstilesRepositoryStub: Mock&lt;ITurnstilesRepository:7&gt;, sut: TurnstilesService { })" computerName="DESKTOP-TJ9D65N" duration="00:00:00.0072754" startTime="2022-11-03T20:42:56.6937808+03:00" endTime="2022-11-03T20:42:56.6937809+03:00" testType="13cdc9d9-ddb5-4fa4-a97d-d965ccfc6d4b" outcome="Passed" testListId="8c84fa94-04c1-424b-9868-57a2d4851a1d" relativeResultsDirectory="499639d0-ad75-4d90-8538-759498a31691" />
    <UnitTestResult executionId="34c27bd7-a93f-45bf-8ff0-e75fcb3a942b" testId="f96b8942-2840-e556-765a-fa0893c7773f" testName="BL.Tests.LiftsSlopesServiceTests.TestAdminDeleteLiftSlopeAsync(lift: Lift { LiftID = 208, LiftName = liftName3b2b6af7-477e-4c57-87a9-1a38e07f5942, IsOpen = True, SeatsAmount = 109, LiftingTime = 214, QueueTime = 152, ConnectedSlopes =  }, slope: Slope { SlopeID = 87, SlopeName = slopeName56a62987-78df-4241-9990-f91041fa439a, IsOpen = False, DifficultyLevel = 249, ConnectedLifts =  }, slopesRepositoryStub: Mock&lt;ISlopesRepository:2&gt;, liftsRepositoryStub: Mock&lt;ILiftsRepository:7&gt;, liftsSlopesRepositoryStub: Mock&lt;ILiftsSlopesRepository:7&gt;)" computerName="DESKTOP-TJ9D65N" duration="00:00:00.0070817" startTime="2022-11-03T20:42:56.6937101+03:00" endTime="2022-11-03T20:42:56.6937102+03:00" testType="13cdc9d9-ddb5-4fa4-a97d-d965ccfc6d4b" outcome="Passed" testListId="8c84fa94-04c1-424b-9868-57a2d4851a1d" relativeResultsDirectory="34c27bd7-a93f-45bf-8ff0-e75fcb3a942b" />
    <UnitTestResult executionId="6aa84c3d-98eb-472a-a5c2-8fb7728690f5" testId="06d0bc3a-24a0-fb7f-4277-e9ae6d21c7dd" testName="BL.Tests.UsersServiceTests.TestAdminUpdateUser" computerName="DESKTOP-TJ9D65N" duration="00:00:00.0076151" startTime="2022-11-03T20:42:56.7123538+03:00" endTime="2022-11-03T20:42:56.7123539+03:00" testType="13cdc9d9-ddb5-4fa4-a97d-d965ccfc6d4b" outcome="Passed" testListId="8c84fa94-04c1-424b-9868-57a2d4851a1d" relativeResultsDirectory="6aa84c3d-98eb-472a-a5c2-8fb7728690f5" />
  </Results>
  <TestDefinitions>
    <UnitTest name="BL.Tests.CheckPermissionsServiceTests.AuthorizedHasNoAccessToAdminSkiPatrolFunctions(functionName: &quot;MarkMessageReadByUserAsync&quot;)" storage="/mnt/c/users/alena/desktop/7_sem/testing_and_debugging/skiresort/bl.tests/bin/debug/net6.0/bl.tests.dll" id="9c7df5e2-1b23-ebea-889f-b78ca86b60ab">
      <Execution id="c4c0d650-0a51-4b5e-924b-d1578791487f" />
      <TestMethod codeBase="/mnt/c/Users/alena/Desktop/7_sem/testing_and_debugging/SkiResort/BL.Tests/bin/Debug/net6.0/BL.Tests.dll" adapterTypeName="executor://xunit/VsTestRunner2/netcoreapp" className="BL.Tests.CheckPermissionsServiceTests" name="AuthorizedHasNoAccessToAdminSkiPatrolFunctions" />
    </UnitTest>
    <UnitTest name="BL.Tests.CheckPermissionsServiceTests.UnauthorizedHasNoAccessToAdminSkiPatrolFunctions(functionName: &quot;MarkMessageReadByUserAsync&quot;)" storage="/mnt/c/users/alena/desktop/7_sem/testing_and_debugging/skiresort/bl.tests/bin/debug/net6.0/bl.tests.dll" id="a19a5fcf-c5d2-7d44-5d7d-84403042f4e0">
      <Execution id="b87161d8-9281-4c35-92b3-18f0e8fccdde" />
      <TestMethod codeBase="/mnt/c/Users/alena/Desktop/7_sem/testing_and_debugging/SkiResort/BL.Tests/bin/Debug/net6.0/BL.Tests.dll" adapterTypeName="executor://xunit/VsTestRunner2/netcoreapp" className="BL.Tests.CheckPermissionsServiceTests" name="UnauthorizedHasNoAccessToAdminSkiPatrolFunctions" />
    </UnitTest>
    <UnitTest name="BL.Tests.TurnstilesServiceTest.TestAdminAddAutoIncrementTurnstileAsync(userID: 194, turnstile: Turnstile { TurnstileID = 175, LiftID = 242, IsOpen = True }, checkPermissionServiceMock: Mock&lt;ICheckPermissionService:16&gt;, turnstilesRepositoryStub: Mock&lt;ITurnstilesRepository:10&gt;, sut: TurnstilesService { })" storage="/mnt/c/users/alena/desktop/7_sem/testing_and_debugging/skiresort/bl.tests/bin/debug/net6.0/bl.tests.dll" id="cbe8bb64-fdb5-d65b-775b-2e23ebd773ab">
      <Execution id="e6afa58e-8032-44eb-95ad-6e45d23cdde4" />
      <TestMethod codeBase="/mnt/c/Users/alena/Desktop/7_sem/testing_and_debugging/SkiResort/BL.Tests/bin/Debug/net6.0/BL.Tests.dll" adapterTypeName="executor://xunit/VsTestRunner2/netcoreapp" className="BL.Tests.TurnstilesServiceTest" name="TestAdminAddAutoIncrementTurnstileAsync" />
    </UnitTest>
    <UnitTest name="BL.Tests.CheckPermissionsServiceTests.AuthorizedHasNoAccessToAdminSkiPatrolFunctions(functionName: &quot;GetMessagesAsync&quot;)" storage="/mnt/c/users/alena/desktop/7_sem/testing_and_debugging/skiresort/bl.tests/bin/debug/net6.0/bl.tests.dll" id="2602613f-c8e2-a6d9-fcf7-5b27d4a770a6">
      <Execution id="d3dee82f-61d4-4460-a369-9db778e42c15" />
      <TestMethod codeBase="/mnt/c/Users/alena/Desktop/7_sem/testing_and_debugging/SkiResort/BL.Tests/bin/Debug/net6.0/BL.Tests.dll" adapterTypeName="executor://xunit/VsTestRunner2/netcoreapp" className="BL.Tests.CheckPermissionsServiceTests" name="AuthorizedHasNoAccessToAdminSkiPatrolFunctions" />
    </UnitTest>
    <UnitTest name="BL.Tests.CheckPermissionsServiceTests.AuthorizedHasNoAccessToAdminFunctions" storage="/mnt/c/users/alena/desktop/7_sem/testing_and_debugging/skiresort/bl.tests/bin/debug/net6.0/bl.tests.dll" id="a2e59116-cb53-1d70-9cb8-21c286516866">
      <Execution id="8ea5c2a4-4d1f-436e-8fe6-fc3266b86616" />
      <TestMethod codeBase="/mnt/c/Users/alena/Desktop/7_sem/testing_and_debugging/SkiResort/BL.Tests/bin/Debug/net6.0/BL.Tests.dll" adapterTypeName="executor://xunit/VsTestRunner2/netcoreapp" className="BL.Tests.CheckPermissionsServiceTests" name="AuthorizedHasNoAccessToAdminFunctions" />
    </UnitTest>
    <UnitTest name="BL.Tests.CheckPermissionsServiceTests.SkiPatrolHasAccessToAdminSkiPatrolFunctions(functionName: &quot;GetMessagesAsync&quot;)" storage="/mnt/c/users/alena/desktop/7_sem/testing_and_debugging/skiresort/bl.tests/bin/debug/net6.0/bl.tests.dll" id="c36970dc-93f7-753e-fa47-157133b01644">
      <Execution id="4fb85e51-07cb-43a0-84ff-6b5ebe629ed3" />
      <TestMethod codeBase="/mnt/c/Users/alena/Desktop/7_sem/testing_and_debugging/SkiResort/BL.Tests/bin/Debug/net6.0/BL.Tests.dll" adapterTypeName="executor://xunit/VsTestRunner2/netcoreapp" className="BL.Tests.CheckPermissionsServiceTests" name="SkiPatrolHasAccessToAdminSkiPatrolFunctions" />
    </UnitTest>
    <UnitTest name="BL.Tests.CheckPermissionsServiceTests.AdminHasAccessToAllFunctions" storage="/mnt/c/users/alena/desktop/7_sem/testing_and_debugging/skiresort/bl.tests/bin/debug/net6.0/bl.tests.dll" id="f3efc418-a8a6-c7b7-9bac-90b33aa8472f">
      <Execution id="2cbe342f-9065-4915-9805-03de1dbd4b78" />
      <TestMethod codeBase="/mnt/c/Users/alena/Desktop/7_sem/testing_and_debugging/SkiResort/BL.Tests/bin/Debug/net6.0/BL.Tests.dll" adapterTypeName="executor://xunit/VsTestRunner2/netcoreapp" className="BL.Tests.CheckPermissionsServiceTests" name="AdminHasAccessToAllFunctions" />
    </UnitTest>
    <UnitTest name="BL.Tests.LiftsServiceTest.TestGetLiftsInfoAsync(userID: 70, initialLifts: [Lift { LiftID = 194, LiftName = liftNamec4e9185c-818f-40d7-b89a-43f5af0d59ba, IsOpen = True, SeatsAmount = 20, LiftingTime = 27, QueueTime = 104, ConnectedSlopes =  }, Lift { LiftID = 254, LiftName = liftName56bd05a3-e580-4e2d-9fd5-3138e09dff7d, IsOpen = False, SeatsAmount = 225, LiftingTime = 132, QueueTime = 94, ConnectedSlopes =  }, Lift { LiftID = 66, LiftName = ..." storage="/mnt/c/users/alena/desktop/7_sem/testing_and_debugging/skiresort/bl.tests/bin/debug/net6.0/bl.tests.dll" id="2d802d06-7a5b-3f62-0765-abed66ec3087">
      <Execution id="2a212b87-1031-454e-82f5-7358369b9959" />
      <TestMethod codeBase="/mnt/c/Users/alena/Desktop/7_sem/testing_and_debugging/SkiResort/BL.Tests/bin/Debug/net6.0/BL.Tests.dll" adapterTypeName="executor://xunit/VsTestRunner2/netcoreapp" className="BL.Tests.LiftsServiceTest" name="TestGetLiftsInfoAsync" />
    </UnitTest>
    <UnitTest name="BL.Tests.UsersServiceTests.TestRegisterUserWithNoPassword" storage="/mnt/c/users/alena/desktop/7_sem/testing_and_debugging/skiresort/bl.tests/bin/debug/net6.0/bl.tests.dll" id="f44a1b21-8efc-bfac-63b4-d534442def31">
      <Execution id="0ca740f5-0094-4f4c-a7bd-c593ca7009e3" />
      <TestMethod codeBase="/mnt/c/Users/alena/Desktop/7_sem/testing_and_debugging/SkiResort/BL.Tests/bin/Debug/net6.0/BL.Tests.dll" adapterTypeName="executor://xunit/VsTestRunner2/netcoreapp" className="BL.Tests.UsersServiceTests" name="TestRegisterUserWithNoPassword" />
    </UnitTest>
    <UnitTest name="BL.Tests.UsersServiceTests.TestAdminGetUserByIDAsync" storage="/mnt/c/users/alena/desktop/7_sem/testing_and_debugging/skiresort/bl.tests/bin/debug/net6.0/bl.tests.dll" id="e5497347-2721-b7a6-0bd4-69a9921f6947">
      <Execution id="d123887c-0956-4eb1-801f-9f5ac1e04a5e" />
      <TestMethod codeBase="/mnt/c/Users/alena/Desktop/7_sem/testing_and_debugging/SkiResort/BL.Tests/bin/Debug/net6.0/BL.Tests.dll" adapterTypeName="executor://xunit/VsTestRunner2/netcoreapp" className="BL.Tests.UsersServiceTests" name="TestAdminGetUserByIDAsync" />
    </UnitTest>
    <UnitTest name="BL.Tests.SlopesServiceTest.TestGetSlopeInfoAsync(userID: 151, slope: Slope { SlopeID = 192, SlopeName = slopeNamef5a1b962-5b39-4ccc-8555-089c9ead3895, IsOpen = True, DifficultyLevel = 113, ConnectedLifts =  }, checkPermissionServiceMock: Mock&lt;ICheckPermissionService:6&gt;, slopesRepositoryStub: Mock&lt;ISlopesRepository:4&gt;, liftsSlopesRepositoryStub: Mock&lt;ILiftsSlopesRepository:9&gt;, sut: SlopesService { })" storage="/mnt/c/users/alena/desktop/7_sem/testing_and_debugging/skiresort/bl.tests/bin/debug/net6.0/bl.tests.dll" id="e812dc4b-ddea-5692-754f-f3e8472646f0">
      <Execution id="8064a90e-05de-47a5-988a-420fb7e0adce" />
      <TestMethod codeBase="/mnt/c/Users/alena/Desktop/7_sem/testing_and_debugging/SkiResort/BL.Tests/bin/Debug/net6.0/BL.Tests.dll" adapterTypeName="executor://xunit/VsTestRunner2/netcoreapp" className="BL.Tests.SlopesServiceTest" name="TestGetSlopeInfoAsync" />
    </UnitTest>
    <UnitTest name="BL.Tests.UsersServiceTests.TestAdminAddAutoIncrementUser" storage="/mnt/c/users/alena/desktop/7_sem/testing_and_debugging/skiresort/bl.tests/bin/debug/net6.0/bl.tests.dll" id="834c739b-eca4-b36d-6a66-5a1bd75377b8">
      <Execution id="b1603bc7-d6e4-49fd-905a-a3a756a0a54b" />
      <TestMethod codeBase="/mnt/c/Users/alena/Desktop/7_sem/testing_and_debugging/SkiResort/BL.Tests/bin/Debug/net6.0/BL.Tests.dll" adapterTypeName="executor://xunit/VsTestRunner2/netcoreapp" className="BL.Tests.UsersServiceTests" name="TestAdminAddAutoIncrementUser" />
    </UnitTest>
    <UnitTest name="BL.Tests.CheckPermissionsServiceTests.UnauthorizedHasNoAccessToAdminSkiPatrolFunctions(functionName: &quot;GetLiftsSlopesInfoAsync&quot;)" storage="/mnt/c/users/alena/desktop/7_sem/testing_and_debugging/skiresort/bl.tests/bin/debug/net6.0/bl.tests.dll" id="387c9729-48c1-486e-5e67-f5d11a9f0db8">
      <Execution id="4e051e1f-7a5e-4f07-ab56-9e167cb9155a" />
      <TestMethod codeBase="/mnt/c/Users/alena/Desktop/7_sem/testing_and_debugging/SkiResort/BL.Tests/bin/Debug/net6.0/BL.Tests.dll" adapterTypeName="executor://xunit/VsTestRunner2/netcoreapp" className="BL.Tests.CheckPermissionsServiceTests" name="UnauthorizedHasNoAccessToAdminSkiPatrolFunctions" />
    </UnitTest>
    <UnitTest name="BL.Tests.SlopesServiceTest.TestAdminAddAutoIncrementSlopeAsync(userID: 245, slope: Slope { SlopeID = 1, SlopeName = slopeNamef239a046-40cc-405b-99a9-cdb1a9e79e9a, IsOpen = True, DifficultyLevel = 211, ConnectedLifts =  }, checkPermissionServiceMock: Mock&lt;ICheckPermissionService:10&gt;, slopesRepositoryStub: Mock&lt;ISlopesRepository:8&gt;, sut: SlopesService { })" storage="/mnt/c/users/alena/desktop/7_sem/testing_and_debugging/skiresort/bl.tests/bin/debug/net6.0/bl.tests.dll" id="bf019804-ce51-1641-8a01-347ce4daa5ea">
      <Execution id="c67b6556-3209-4da7-9ccf-ccba04b7e677" />
      <TestMethod codeBase="/mnt/c/Users/alena/Desktop/7_sem/testing_and_debugging/SkiResort/BL.Tests/bin/Debug/net6.0/BL.Tests.dll" adapterTypeName="executor://xunit/VsTestRunner2/netcoreapp" className="BL.Tests.SlopesServiceTest" name="TestAdminAddAutoIncrementSlopeAsync" />
    </UnitTest>
    <UnitTest name="BL.Tests.CheckPermissionsServiceTests.SkiPatrolHasAccessToAdminSkiPatrolFunctions(functionName: &quot;MarkMessageReadByUserAsync&quot;)" storage="/mnt/c/users/alena/desktop/7_sem/testing_and_debugging/skiresort/bl.tests/bin/debug/net6.0/bl.tests.dll" id="60bd668f-04df-da5e-b79b-5d9aedb5234d">
      <Execution id="360b0757-2be5-40c2-b73a-5b6c11dcae39" />
      <TestMethod codeBase="/mnt/c/Users/alena/Desktop/7_sem/testing_and_debugging/SkiResort/BL.Tests/bin/Debug/net6.0/BL.Tests.dll" adapterTypeName="executor://xunit/VsTestRunner2/netcoreapp" className="BL.Tests.CheckPermissionsServiceTests" name="SkiPatrolHasAccessToAdminSkiPatrolFunctions" />
    </UnitTest>
    <UnitTest name="BL.Tests.CheckPermissionsServiceTests.UnauthorizedHasNoAccessToAdminFunctions" storage="/mnt/c/users/alena/desktop/7_sem/testing_and_debugging/skiresort/bl.tests/bin/debug/net6.0/bl.tests.dll" id="e2d7e5be-3dae-33ae-fb17-c704b6fd58d6">
      <Execution id="33f6e2d7-fb1b-436b-a17e-a1c50dca56ee" />
      <TestMethod codeBase="/mnt/c/Users/alena/Desktop/7_sem/testing_and_debugging/SkiResort/BL.Tests/bin/Debug/net6.0/BL.Tests.dll" adapterTypeName="executor://xunit/VsTestRunner2/netcoreapp" className="BL.Tests.CheckPermissionsServiceTests" name="UnauthorizedHasNoAccessToAdminFunctions" />
    </UnitTest>
    <UnitTest name="BL.Tests.UsersServiceTests.TestLogInWithWrongPassword" storage="/mnt/c/users/alena/desktop/7_sem/testing_and_debugging/skiresort/bl.tests/bin/debug/net6.0/bl.tests.dll" id="69340bb6-3645-f9dd-971e-29d8b2a009bb">
      <Execution id="6fbcd6a0-d77e-4f21-8660-e9f5c85b228c" />
      <TestMethod codeBase="/mnt/c/Users/alena/Desktop/7_sem/testing_and_debugging/SkiResort/BL.Tests/bin/Debug/net6.0/BL.Tests.dll" adapterTypeName="executor://xunit/VsTestRunner2/netcoreapp" className="BL.Tests.UsersServiceTests" name="TestLogInWithWrongPassword" />
    </UnitTest>
    <UnitTest name="BL.Tests.CheckPermissionsServiceTests.SkiPatrolHasAccessToAdminSkiPatrolFunctions(functionName: &quot;GetLiftsSlopesInfoAsync&quot;)" storage="/mnt/c/users/alena/desktop/7_sem/testing_and_debugging/skiresort/bl.tests/bin/debug/net6.0/bl.tests.dll" id="2d706594-f2b3-b3c8-21d4-86c9798c3306">
      <Execution id="288fa0bb-e1b5-41ee-8e98-65b218b34268" />
      <TestMethod codeBase="/mnt/c/Users/alena/Desktop/7_sem/testing_and_debugging/SkiResort/BL.Tests/bin/Debug/net6.0/BL.Tests.dll" adapterTypeName="executor://xunit/VsTestRunner2/netcoreapp" className="BL.Tests.CheckPermissionsServiceTests" name="SkiPatrolHasAccessToAdminSkiPatrolFunctions" />
    </UnitTest>
    <UnitTest name="BL.Tests.CheckPermissionsServiceTests.SkiPatrolHasNoAccessToAdminFunctions" storage="/mnt/c/users/alena/desktop/7_sem/testing_and_debugging/skiresort/bl.tests/bin/debug/net6.0/bl.tests.dll" id="492c0393-35b4-df26-a537-21ca08302f3c">
      <Execution id="c7ad2e7f-3f47-4b94-a381-358e2a64f078" />
      <TestMethod codeBase="/mnt/c/Users/alena/Desktop/7_sem/testing_and_debugging/SkiResort/BL.Tests/bin/Debug/net6.0/BL.Tests.dll" adapterTypeName="executor://xunit/VsTestRunner2/netcoreapp" className="BL.Tests.CheckPermissionsServiceTests" name="SkiPatrolHasNoAccessToAdminFunctions" />
    </UnitTest>
    <UnitTest name="BL.Tests.LiftsServiceTest.TestUpdateLiftInfoAsync(userID: 27, lift: Lift { LiftID = 203, LiftName = liftNameeacd362b-319e-4d08-84c3-f0d4dd3c5a5c, IsOpen = True, SeatsAmount = 213, LiftingTime = 130, QueueTime = 108, ConnectedSlopes =  }, checkPermissionServiceMock: Mock&lt;ICheckPermissionService:3&gt;, liftsRepositoryStub: Mock&lt;ILiftsRepository:3&gt;, sut: LiftsService { })" storage="/mnt/c/users/alena/desktop/7_sem/testing_and_debugging/skiresort/bl.tests/bin/debug/net6.0/bl.tests.dll" id="85851c81-a6c9-7158-38f3-3fe7c791aa55">
      <Execution id="335b13d7-9c90-409a-8a14-6e269ef5281c" />
      <TestMethod codeBase="/mnt/c/Users/alena/Desktop/7_sem/testing_and_debugging/SkiResort/BL.Tests/bin/Debug/net6.0/BL.Tests.dll" adapterTypeName="executor://xunit/VsTestRunner2/netcoreapp" className="BL.Tests.LiftsServiceTest" name="TestUpdateLiftInfoAsync" />
    </UnitTest>
    <UnitTest name="BL.Tests.UsersServiceTests.TestAdminDeleteUser" storage="/mnt/c/users/alena/desktop/7_sem/testing_and_debugging/skiresort/bl.tests/bin/debug/net6.0/bl.tests.dll" id="18fa8c62-e27d-e1fc-8182-4d7db62b008d">
      <Execution id="48180696-89d6-43d0-8a2f-5fc26328793e" />
      <TestMethod codeBase="/mnt/c/Users/alena/Desktop/7_sem/testing_and_debugging/SkiResort/BL.Tests/bin/Debug/net6.0/BL.Tests.dll" adapterTypeName="executor://xunit/VsTestRunner2/netcoreapp" className="BL.Tests.UsersServiceTests" name="TestAdminDeleteUser" />
    </UnitTest>
    <UnitTest name="BL.Tests.TurnstilesServiceTest.TestAdminDeleteTurnstileAsync(userID: 243, turnstile: Turnstile { TurnstileID = 87, LiftID = 12, IsOpen = True }, checkPermissionServiceMock: Mock&lt;ICheckPermissionService:15&gt;, turnstilesRepositoryStub: Mock&lt;ITurnstilesRepository:9&gt;, sut: TurnstilesService { })" storage="/mnt/c/users/alena/desktop/7_sem/testing_and_debugging/skiresort/bl.tests/bin/debug/net6.0/bl.tests.dll" id="23bbb185-277f-cc59-92c9-864d588a5238">
      <Execution id="a34762dd-921d-40d2-bd91-d06896356f2b" />
      <TestMethod codeBase="/mnt/c/Users/alena/Desktop/7_sem/testing_and_debugging/SkiResort/BL.Tests/bin/Debug/net6.0/BL.Tests.dll" adapterTypeName="executor://xunit/VsTestRunner2/netcoreapp" className="BL.Tests.TurnstilesServiceTest" name="TestAdminDeleteTurnstileAsync" />
    </UnitTest>
    <UnitTest name="BL.Tests.CheckPermissionsServiceTests.AuthorizedHasAccessToAuthorizedFunctions(functionName: &quot;LogOutAsync&quot;)" storage="/mnt/c/users/alena/desktop/7_sem/testing_and_debugging/skiresort/bl.tests/bin/debug/net6.0/bl.tests.dll" id="aa28a6b3-21d3-aa45-24d3-bef2facbc899">
      <Execution id="87305f5e-dbc7-4945-8ca5-f3e732de1fe2" />
      <TestMethod codeBase="/mnt/c/Users/alena/Desktop/7_sem/testing_and_debugging/SkiResort/BL.Tests/bin/Debug/net6.0/BL.Tests.dll" adapterTypeName="executor://xunit/VsTestRunner2/netcoreapp" className="BL.Tests.CheckPermissionsServiceTests" name="AuthorizedHasAccessToAuthorizedFunctions" />
    </UnitTest>
    <UnitTest name="BL.Tests.TurnstilesServiceTest.TestAdminGetTurnstileAsync(userID: 155, turnstile: Turnstile { TurnstileID = 158, LiftID = 1, IsOpen = True }, checkPermissionServiceMock: Mock&lt;ICheckPermissionService:12&gt;, turnstilesRepositoryStub: Mock&lt;ITurnstilesRepository:6&gt;, sut: TurnstilesService { })" storage="/mnt/c/users/alena/desktop/7_sem/testing_and_debugging/skiresort/bl.tests/bin/debug/net6.0/bl.tests.dll" id="35beacf6-8e3d-4c65-f48b-6269a24bb162">
      <Execution id="cc44cd49-30f2-4869-bf84-e00da500cc63" />
      <TestMethod codeBase="/mnt/c/Users/alena/Desktop/7_sem/testing_and_debugging/SkiResort/BL.Tests/bin/Debug/net6.0/BL.Tests.dll" adapterTypeName="executor://xunit/VsTestRunner2/netcoreapp" className="BL.Tests.TurnstilesServiceTest" name="TestAdminGetTurnstileAsync" />
    </UnitTest>
    <UnitTest name="BL.Tests.SlopesServiceTest.TestAdminAddSlopeAsync(userID: 64, slope: Slope { SlopeID = 255, SlopeName = slopeNamebb31107c-740a-4eb9-adac-6db07b03d96c, IsOpen = True, DifficultyLevel = 73, ConnectedLifts =  }, checkPermissionServiceMock: Mock&lt;ICheckPermissionService:11&gt;, slopesRepositoryStub: Mock&lt;ISlopesRepository:9&gt;, sut: SlopesService { })" storage="/mnt/c/users/alena/desktop/7_sem/testing_and_debugging/skiresort/bl.tests/bin/debug/net6.0/bl.tests.dll" id="b64de93b-0503-05a1-983e-5bd15e409ee6">
      <Execution id="08b568ec-130e-487e-a9fc-34f3129224e1" />
      <TestMethod codeBase="/mnt/c/Users/alena/Desktop/7_sem/testing_and_debugging/SkiResort/BL.Tests/bin/Debug/net6.0/BL.Tests.dll" adapterTypeName="executor://xunit/VsTestRunner2/netcoreapp" className="BL.Tests.SlopesServiceTest" name="TestAdminAddSlopeAsync" />
    </UnitTest>
    <UnitTest name="BL.Tests.UsersServiceTests.TestAdminUpdateUser" storage="/mnt/c/users/alena/desktop/7_sem/testing_and_debugging/skiresort/bl.tests/bin/debug/net6.0/bl.tests.dll" id="06d0bc3a-24a0-fb7f-4277-e9ae6d21c7dd">
      <Execution id="6aa84c3d-98eb-472a-a5c2-8fb7728690f5" />
      <TestMethod codeBase="/mnt/c/Users/alena/Desktop/7_sem/testing_and_debugging/SkiResort/BL.Tests/bin/Debug/net6.0/BL.Tests.dll" adapterTypeName="executor://xunit/VsTestRunner2/netcoreapp" className="BL.Tests.UsersServiceTests" name="TestAdminUpdateUser" />
    </UnitTest>
    <UnitTest name="BL.Tests.UsersServiceTests.TestLogInOk" storage="/mnt/c/users/alena/desktop/7_sem/testing_and_debugging/skiresort/bl.tests/bin/debug/net6.0/bl.tests.dll" id="1ca07ad8-f799-c5d4-e7cc-34fd950198a2">
      <Execution id="d601f149-409b-42d3-8952-c3b69438ebb1" />
      <TestMethod codeBase="/mnt/c/Users/alena/Desktop/7_sem/testing_and_debugging/SkiResort/BL.Tests/bin/Debug/net6.0/BL.Tests.dll" adapterTypeName="executor://xunit/VsTestRunner2/netcoreapp" className="BL.Tests.UsersServiceTests" name="TestLogInOk" />
    </UnitTest>
    <UnitTest name="BL.Tests.UsersServiceTests.TestAdminGetUsers" storage="/mnt/c/users/alena/desktop/7_sem/testing_and_debugging/skiresort/bl.tests/bin/debug/net6.0/bl.tests.dll" id="20ad8570-0170-85de-dcd7-2f109dd7bcd6">
      <Execution id="b254e5d2-f386-45dc-868a-76e037f0f6d8" />
      <TestMethod codeBase="/mnt/c/Users/alena/Desktop/7_sem/testing_and_debugging/SkiResort/BL.Tests/bin/Debug/net6.0/BL.Tests.dll" adapterTypeName="executor://xunit/VsTestRunner2/netcoreapp" className="BL.Tests.UsersServiceTests" name="TestAdminGetUsers" />
    </UnitTest>
    <UnitTest name="BL.Tests.CheckPermissionsServiceTests.UnauthorizedHasNoAccessToAdminSkiPatrolFunctions(functionName: &quot;GetMessagesAsync&quot;)" storage="/mnt/c/users/alena/desktop/7_sem/testing_and_debugging/skiresort/bl.tests/bin/debug/net6.0/bl.tests.dll" id="229812f5-9a73-5335-11f5-31330d1348a5">
      <Execution id="073d0242-d646-4ae9-b66d-52b989e88051" />
      <TestMethod codeBase="/mnt/c/Users/alena/Desktop/7_sem/testing_and_debugging/SkiResort/BL.Tests/bin/Debug/net6.0/BL.Tests.dll" adapterTypeName="executor://xunit/VsTestRunner2/netcoreapp" className="BL.Tests.CheckPermissionsServiceTests" name="UnauthorizedHasNoAccessToAdminSkiPatrolFunctions" />
    </UnitTest>
    <UnitTest name="BL.Tests.LiftsSlopesServiceTests.TestAdminDeleteLiftSlopeAsync(lift: Lift { LiftID = 208, LiftName = liftName3b2b6af7-477e-4c57-87a9-1a38e07f5942, IsOpen = True, SeatsAmount = 109, LiftingTime = 214, QueueTime = 152, ConnectedSlopes =  }, slope: Slope { SlopeID = 87, SlopeName = slopeName56a62987-78df-4241-9990-f91041fa439a, IsOpen = False, DifficultyLevel = 249, ConnectedLifts =  }, slopesRepositoryStub: Mock&lt;ISlopesRepository:2&gt;, liftsRep..." storage="/mnt/c/users/alena/desktop/7_sem/testing_and_debugging/skiresort/bl.tests/bin/debug/net6.0/bl.tests.dll" id="f96b8942-2840-e556-765a-fa0893c7773f">
      <Execution id="34c27bd7-a93f-45bf-8ff0-e75fcb3a942b" />
      <TestMethod codeBase="/mnt/c/Users/alena/Desktop/7_sem/testing_and_debugging/SkiResort/BL.Tests/bin/Debug/net6.0/BL.Tests.dll" adapterTypeName="executor://xunit/VsTestRunner2/netcoreapp" className="BL.Tests.LiftsSlopesServiceTests" name="TestAdminDeleteLiftSlopeAsync" />
    </UnitTest>
    <UnitTest name="BL.Tests.LiftsServiceTest.TestGetLiftInfoAsync(userID: 175, lift: Lift { LiftID = 28, LiftName = liftName0a95f545-e628-4c51-8690-13c2dcdc7e67, IsOpen = True, SeatsAmount = 86, LiftingTime = 220, QueueTime = 56, ConnectedSlopes =  }, checkPermissionServiceMock: Mock&lt;ICheckPermissionService:1&gt;, liftsRepositoryStub: Mock&lt;ILiftsRepository:1&gt;, liftsSlopesRepositoryStub: Mock&lt;ILiftsSlopesRepository:1&gt;, sut: LiftsService { })" storage="/mnt/c/users/alena/desktop/7_sem/testing_and_debugging/skiresort/bl.tests/bin/debug/net6.0/bl.tests.dll" id="d8a0f4c5-40fc-9241-79e8-35b7000a8f9f">
      <Execution id="1576a95b-0397-4314-8d84-09f530b53cea" />
      <TestMethod codeBase="/mnt/c/Users/alena/Desktop/7_sem/testing_and_debugging/SkiResort/BL.Tests/bin/Debug/net6.0/BL.Tests.dll" adapterTypeName="executor://xunit/VsTestRunner2/netcoreapp" className="BL.Tests.LiftsServiceTest" name="TestGetLiftInfoAsync" />
    </UnitTest>
    <UnitTest name="BL.Tests.SlopesServiceTest.TestUpdateSlopeInfoAsync(userID: 59, slope: Slope { SlopeID = 97, SlopeName = slopeNamef5ea9d01-de20-4ee6-ba50-d662814a3eef, IsOpen = True, DifficultyLevel = 239, ConnectedLifts =  }, checkPermissionServiceMock: Mock&lt;ICheckPermissionService:8&gt;, slopesRepositoryStub: Mock&lt;ISlopesRepository:6&gt;, sut: SlopesService { })" storage="/mnt/c/users/alena/desktop/7_sem/testing_and_debugging/skiresort/bl.tests/bin/debug/net6.0/bl.tests.dll" id="ee11d5e8-3e9f-14a0-3539-e54c39bb91f8">
      <Execution id="8066bff5-5fe0-4ebc-8a2b-155df60b381a" />
      <TestMethod codeBase="/mnt/c/Users/alena/Desktop/7_sem/testing_and_debugging/SkiResort/BL.Tests/bin/Debug/net6.0/BL.Tests.dll" adapterTypeName="executor://xunit/VsTestRunner2/netcoreapp" className="BL.Tests.SlopesServiceTest" name="TestUpdateSlopeInfoAsync" />
    </UnitTest>
    <UnitTest name="BL.Tests.LiftsSlopesServiceTests.TestAdminAddAutoIncrementLiftSlopeAsync(lift: Lift { LiftID = 104, LiftName = liftName4e81a71a-5bd1-4233-ad24-9d20bc5c5174, IsOpen = True, SeatsAmount = 113, LiftingTime = 209, QueueTime = 86, ConnectedSlopes =  }, slope: Slope { SlopeID = 177, SlopeName = slopeNamefacf0d4c-7a27-4996-b8f9-8dda1c2bcfa9, IsOpen = False, DifficultyLevel = 203, ConnectedLifts =  }, slopesRepositoryStub: Mock&lt;ISlopesRepository:3&gt;..." storage="/mnt/c/users/alena/desktop/7_sem/testing_and_debugging/skiresort/bl.tests/bin/debug/net6.0/bl.tests.dll" id="50935e0e-1fa9-75c2-df8b-0aa20ecfacf9">
      <Execution id="faac9e6b-8523-40cc-ba67-85e351c503d1" />
      <TestMethod codeBase="/mnt/c/Users/alena/Desktop/7_sem/testing_and_debugging/SkiResort/BL.Tests/bin/Debug/net6.0/BL.Tests.dll" adapterTypeName="executor://xunit/VsTestRunner2/netcoreapp" className="BL.Tests.LiftsSlopesServiceTests" name="TestAdminAddAutoIncrementLiftSlopeAsync" />
    </UnitTest>
    <UnitTest name="BL.Tests.SlopesServiceTest.TestGetSlopesInfoAsync(userID: 186, initialSlopes: [Slope { SlopeID = 82, SlopeName = slopeNameb98f3f6f-b71a-47ca-9f7f-d376c0a3bc2a, IsOpen = True, DifficultyLevel = 77, ConnectedLifts =  }, Slope { SlopeID = 75, SlopeName = slopeNamefe2c4eda-d0c4-4c69-b27d-c304c47de724, IsOpen = False, DifficultyLevel = 244, ConnectedLifts =  }, Slope { SlopeID = 24, SlopeName = slopeNamef16f1895-d45f-4aa5-a174-0911ed85414c, IsOp..." storage="/mnt/c/users/alena/desktop/7_sem/testing_and_debugging/skiresort/bl.tests/bin/debug/net6.0/bl.tests.dll" id="2cdf9ef2-adfd-654a-a399-a5f61b68b303">
      <Execution id="778181f4-fadd-47eb-937b-8764cef406f8" />
      <TestMethod codeBase="/mnt/c/Users/alena/Desktop/7_sem/testing_and_debugging/SkiResort/BL.Tests/bin/Debug/net6.0/BL.Tests.dll" adapterTypeName="executor://xunit/VsTestRunner2/netcoreapp" className="BL.Tests.SlopesServiceTest" name="TestGetSlopesInfoAsync" />
    </UnitTest>
    <UnitTest name="BL.Tests.CheckPermissionsServiceTests.AuthorizedHasNoAccessToAdminSkiPatrolFunctions(functionName: &quot;GetLiftsSlopesInfoAsync&quot;)" storage="/mnt/c/users/alena/desktop/7_sem/testing_and_debugging/skiresort/bl.tests/bin/debug/net6.0/bl.tests.dll" id="4f297306-d4f3-8d63-e7f4-1ac0b8c58c74">
      <Execution id="0295f649-2605-463f-8236-e52ba414cd93" />
      <TestMethod codeBase="/mnt/c/Users/alena/Desktop/7_sem/testing_and_debugging/SkiResort/BL.Tests/bin/Debug/net6.0/BL.Tests.dll" adapterTypeName="executor://xunit/VsTestRunner2/netcoreapp" className="BL.Tests.CheckPermissionsServiceTests" name="AuthorizedHasNoAccessToAdminSkiPatrolFunctions" />
    </UnitTest>
    <UnitTest name="BL.Tests.TurnstilesServiceTest.TestAdminUpdateTurnstileAsync(userID: 147, turnstile: Turnstile { TurnstileID = 128, LiftID = 112, IsOpen = True }, checkPermissionServiceMock: Mock&lt;ICheckPermissionService:14&gt;, turnstilesRepositoryStub: Mock&lt;ITurnstilesRepository:8&gt;, sut: TurnstilesService { })" storage="/mnt/c/users/alena/desktop/7_sem/testing_and_debugging/skiresort/bl.tests/bin/debug/net6.0/bl.tests.dll" id="d9f8dc1d-604d-0af8-ac7f-4e66724c67bd">
      <Execution id="63a8c85d-4074-4f46-8674-d430095eabda" />
      <TestMethod codeBase="/mnt/c/Users/alena/Desktop/7_sem/testing_and_debugging/SkiResort/BL.Tests/bin/Debug/net6.0/BL.Tests.dll" adapterTypeName="executor://xunit/VsTestRunner2/netcoreapp" className="BL.Tests.TurnstilesServiceTest" name="TestAdminUpdateTurnstileAsync" />
    </UnitTest>
    <UnitTest name="BL.Tests.LiftsServiceTest.TestAdminAddAutoIncrementLiftAsync(userID: 69, lift: Lift { LiftID = 152, LiftName = liftNamebb3ee4a3-96cb-410f-84c3-e08142e0277a, IsOpen = True, SeatsAmount = 65, LiftingTime = 216, QueueTime = 241, ConnectedSlopes =  }, checkPermissionServiceMock: Mock&lt;ICheckPermissionService:5&gt;, liftsRepositoryStub: Mock&lt;ILiftsRepository:5&gt;, sut: LiftsService { })" storage="/mnt/c/users/alena/desktop/7_sem/testing_and_debugging/skiresort/bl.tests/bin/debug/net6.0/bl.tests.dll" id="b2745f5d-b5cd-ac8b-fbb7-f63c782af72d">
      <Execution id="bca502d6-53fe-4f4f-8175-bd8cc5dd11a4" />
      <TestMethod codeBase="/mnt/c/Users/alena/Desktop/7_sem/testing_and_debugging/SkiResort/BL.Tests/bin/Debug/net6.0/BL.Tests.dll" adapterTypeName="executor://xunit/VsTestRunner2/netcoreapp" className="BL.Tests.LiftsServiceTest" name="TestAdminAddAutoIncrementLiftAsync" />
    </UnitTest>
    <UnitTest name="BL.Tests.LiftsSlopesServiceTests.TestGetLiftsSlopesInfoAsync(liftsSlopes: [LiftSlope { RecordID = 174, LiftID = 12, SlopeID = 73 }, LiftSlope { RecordID = 247, LiftID = 1, SlopeID = 218 }, LiftSlope { RecordID = 180, LiftID = 243, SlopeID = 59 }], slopesRepositoryStub: Mock&lt;ISlopesRepository:1&gt;, liftsRepositoryStub: Mock&lt;ILiftsRepository:6&gt;, liftsSlopesRepositoryStub: Mock&lt;ILiftsSlopesRepository:6&gt;)" storage="/mnt/c/users/alena/desktop/7_sem/testing_and_debugging/skiresort/bl.tests/bin/debug/net6.0/bl.tests.dll" id="e429852d-a6ed-7c2a-25fd-cd839b159d56">
      <Execution id="f7d548b3-7a35-4dba-a3d7-1c99c3cafb1c" />
      <TestMethod codeBase="/mnt/c/Users/alena/Desktop/7_sem/testing_and_debugging/SkiResort/BL.Tests/bin/Debug/net6.0/BL.Tests.dll" adapterTypeName="executor://xunit/VsTestRunner2/netcoreapp" className="BL.Tests.LiftsSlopesServiceTests" name="TestGetLiftsSlopesInfoAsync" />
    </UnitTest>
    <UnitTest name="BL.Tests.UsersServiceTests.TestRegisterOk" storage="/mnt/c/users/alena/desktop/7_sem/testing_and_debugging/skiresort/bl.tests/bin/debug/net6.0/bl.tests.dll" id="0eeef75f-6e38-7893-a8fe-cff3e0a970a7">
      <Execution id="6b63bae0-4381-448a-95c9-52d4c39ea14b" />
      <TestMethod codeBase="/mnt/c/Users/alena/Desktop/7_sem/testing_and_debugging/SkiResort/BL.Tests/bin/Debug/net6.0/BL.Tests.dll" adapterTypeName="executor://xunit/VsTestRunner2/netcoreapp" className="BL.Tests.UsersServiceTests" name="TestRegisterOk" />
    </UnitTest>
    <UnitTest name="BL.Tests.SlopesServiceTest.TestAdminDeleteSlopeAsync(userID: 33, slope: Slope { SlopeID = 98, SlopeName = slopeName066b9ff6-2849-4a53-975b-fb34df1e3c29, IsOpen = True, DifficultyLevel = 112, ConnectedLifts =  }, checkPermissionServiceMock: Mock&lt;ICheckPermissionService:9&gt;, slopesRepositoryStub: Mock&lt;ISlopesRepository:7&gt;, liftsSlopesRepositoryStub: Mock&lt;ILiftsSlopesRepository:12&gt;, sut: SlopesService { })" storage="/mnt/c/users/alena/desktop/7_sem/testing_and_debugging/skiresort/bl.tests/bin/debug/net6.0/bl.tests.dll" id="959a09d7-cc3d-65b6-b3c2-6c50628ce97a">
      <Execution id="23cb1a1c-7cc0-4c2c-85c6-f9aa90970e49" />
      <TestMethod codeBase="/mnt/c/Users/alena/Desktop/7_sem/testing_and_debugging/SkiResort/BL.Tests/bin/Debug/net6.0/BL.Tests.dll" adapterTypeName="executor://xunit/VsTestRunner2/netcoreapp" className="BL.Tests.SlopesServiceTest" name="TestAdminDeleteSlopeAsync" />
    </UnitTest>
    <UnitTest name="BL.Tests.LiftsServiceTest.TestAdminDeleteLiftAsync(userID: 33, lift: Lift { LiftID = 222, LiftName = liftNamec7a65390-119b-4bc9-b8a3-86998408aa93, IsOpen = True, SeatsAmount = 159, LiftingTime = 60, QueueTime = 141, ConnectedSlopes =  }, checkPermissionServiceMock: Mock&lt;ICheckPermissionService:4&gt;, liftsRepositoryStub: Mock&lt;ILiftsRepository:4&gt;, liftsSlopesRepositoryStub: Mock&lt;ILiftsSlopesRepository:4&gt;, sut: LiftsService { })" storage="/mnt/c/users/alena/desktop/7_sem/testing_and_debugging/skiresort/bl.tests/bin/debug/net6.0/bl.tests.dll" id="9c7271f8-1a81-3e40-55f7-7e31238b2fd3">
      <Execution id="a411ca8c-d634-47c4-a828-7b230a7ec8a2" />
      <TestMethod codeBase="/mnt/c/Users/alena/Desktop/7_sem/testing_and_debugging/SkiResort/BL.Tests/bin/Debug/net6.0/BL.Tests.dll" adapterTypeName="executor://xunit/VsTestRunner2/netcoreapp" className="BL.Tests.LiftsServiceTest" name="TestAdminDeleteLiftAsync" />
    </UnitTest>
    <UnitTest name="BL.Tests.CheckPermissionsServiceTests.AuthorizedHasAccessToAuthorizedFunctions(functionName: &quot;SendMessageAsync&quot;)" storage="/mnt/c/users/alena/desktop/7_sem/testing_and_debugging/skiresort/bl.tests/bin/debug/net6.0/bl.tests.dll" id="644ec43e-70cd-c82d-42e7-0d990be1414d">
      <Execution id="0192da7e-6f30-4424-a6d1-f8f0e6b39da8" />
      <TestMethod codeBase="/mnt/c/Users/alena/Desktop/7_sem/testing_and_debugging/SkiResort/BL.Tests/bin/Debug/net6.0/BL.Tests.dll" adapterTypeName="executor://xunit/VsTestRunner2/netcoreapp" className="BL.Tests.CheckPermissionsServiceTests" name="AuthorizedHasAccessToAuthorizedFunctions" />
    </UnitTest>
    <UnitTest name="BL.Tests.CheckPermissionsServiceTests.UnauthorizedHasNoAccessToAuthorizedFunctions(functionName: &quot;LogOutAsync&quot;)" storage="/mnt/c/users/alena/desktop/7_sem/testing_and_debugging/skiresort/bl.tests/bin/debug/net6.0/bl.tests.dll" id="fa960c5e-f989-2880-784e-8efe538c5231">
      <Execution id="c5115d96-1f2f-4610-8a44-539b21cf4dc2" />
      <TestMethod codeBase="/mnt/c/Users/alena/Desktop/7_sem/testing_and_debugging/SkiResort/BL.Tests/bin/Debug/net6.0/BL.Tests.dll" adapterTypeName="executor://xunit/VsTestRunner2/netcoreapp" className="BL.Tests.CheckPermissionsServiceTests" name="UnauthorizedHasNoAccessToAuthorizedFunctions" />
    </UnitTest>
    <UnitTest name="BL.Tests.CheckPermissionsServiceTests.UnauthorizedHasNoAccessToAuthorizedFunctions(functionName: &quot;SendMessageAsync&quot;)" storage="/mnt/c/users/alena/desktop/7_sem/testing_and_debugging/skiresort/bl.tests/bin/debug/net6.0/bl.tests.dll" id="eaabd2fc-2f4b-5689-59c8-c7ad34a8f634">
      <Execution id="1219ff5d-9681-4827-a6a0-ef06520cd288" />
      <TestMethod codeBase="/mnt/c/Users/alena/Desktop/7_sem/testing_and_debugging/SkiResort/BL.Tests/bin/Debug/net6.0/BL.Tests.dll" adapterTypeName="executor://xunit/VsTestRunner2/netcoreapp" className="BL.Tests.CheckPermissionsServiceTests" name="UnauthorizedHasNoAccessToAuthorizedFunctions" />
    </UnitTest>
    <UnitTest name="BL.Tests.UsersServiceTests.TestRegisterUserWithRepeatedEmail" storage="/mnt/c/users/alena/desktop/7_sem/testing_and_debugging/skiresort/bl.tests/bin/debug/net6.0/bl.tests.dll" id="894941c1-bfa7-d8f9-c047-1e1ceefe2c2f">
      <Execution id="8240c734-74b5-4031-8359-46d543ca2d65" />
      <TestMethod codeBase="/mnt/c/Users/alena/Desktop/7_sem/testing_and_debugging/SkiResort/BL.Tests/bin/Debug/net6.0/BL.Tests.dll" adapterTypeName="executor://xunit/VsTestRunner2/netcoreapp" className="BL.Tests.UsersServiceTests" name="TestRegisterUserWithRepeatedEmail" />
    </UnitTest>
    <UnitTest name="BL.Tests.TurnstilesServiceTest.TestAdminGetTurnstilesAsync(userID: 102, initialTurnstiles: [Turnstile { TurnstileID = 194, LiftID = 113, IsOpen = True }, Turnstile { TurnstileID = 165, LiftID = 241, IsOpen = False }, Turnstile { TurnstileID = 6, LiftID = 223, IsOpen = True }], checkPermissionServiceMock: Mock&lt;ICheckPermissionService:13&gt;, turnstilesRepositoryStub: Mock&lt;ITurnstilesRepository:7&gt;, sut: TurnstilesService { })" storage="/mnt/c/users/alena/desktop/7_sem/testing_and_debugging/skiresort/bl.tests/bin/debug/net6.0/bl.tests.dll" id="130d7d83-4a75-5daa-688c-a6082a68185c">
      <Execution id="499639d0-ad75-4d90-8538-759498a31691" />
      <TestMethod codeBase="/mnt/c/Users/alena/Desktop/7_sem/testing_and_debugging/SkiResort/BL.Tests/bin/Debug/net6.0/BL.Tests.dll" adapterTypeName="executor://xunit/VsTestRunner2/netcoreapp" className="BL.Tests.TurnstilesServiceTest" name="TestAdminGetTurnstilesAsync" />
    </UnitTest>
    <UnitTest name="BL.Tests.UsersServiceTests.TestRegisterUserWithNoEmail" storage="/mnt/c/users/alena/desktop/7_sem/testing_and_debugging/skiresort/bl.tests/bin/debug/net6.0/bl.tests.dll" id="8184bd30-991c-b78d-b4ec-99a485eac0dd">
      <Execution id="38a6c90d-9390-48b0-b817-34ac4b192dbd" />
      <TestMethod codeBase="/mnt/c/Users/alena/Desktop/7_sem/testing_and_debugging/SkiResort/BL.Tests/bin/Debug/net6.0/BL.Tests.dll" adapterTypeName="executor://xunit/VsTestRunner2/netcoreapp" className="BL.Tests.UsersServiceTests" name="TestRegisterUserWithNoEmail" />
    </UnitTest>
  </TestDefinitions>
  <TestEntries>
    <TestEntry testId="23bbb185-277f-cc59-92c9-864d588a5238" executionId="a34762dd-921d-40d2-bd91-d06896356f2b" testListId="8c84fa94-04c1-424b-9868-57a2d4851a1d" />
    <TestEntry testId="b2745f5d-b5cd-ac8b-fbb7-f63c782af72d" executionId="bca502d6-53fe-4f4f-8175-bd8cc5dd11a4" testListId="8c84fa94-04c1-424b-9868-57a2d4851a1d" />
    <TestEntry testId="644ec43e-70cd-c82d-42e7-0d990be1414d" executionId="0192da7e-6f30-4424-a6d1-f8f0e6b39da8" testListId="8c84fa94-04c1-424b-9868-57a2d4851a1d" />
    <TestEntry testId="60bd668f-04df-da5e-b79b-5d9aedb5234d" executionId="360b0757-2be5-40c2-b73a-5b6c11dcae39" testListId="8c84fa94-04c1-424b-9868-57a2d4851a1d" />
    <TestEntry testId="eaabd2fc-2f4b-5689-59c8-c7ad34a8f634" executionId="1219ff5d-9681-4827-a6a0-ef06520cd288" testListId="8c84fa94-04c1-424b-9868-57a2d4851a1d" />
    <TestEntry testId="229812f5-9a73-5335-11f5-31330d1348a5" executionId="073d0242-d646-4ae9-b66d-52b989e88051" testListId="8c84fa94-04c1-424b-9868-57a2d4851a1d" />
    <TestEntry testId="c36970dc-93f7-753e-fa47-157133b01644" executionId="4fb85e51-07cb-43a0-84ff-6b5ebe629ed3" testListId="8c84fa94-04c1-424b-9868-57a2d4851a1d" />
    <TestEntry testId="0eeef75f-6e38-7893-a8fe-cff3e0a970a7" executionId="6b63bae0-4381-448a-95c9-52d4c39ea14b" testListId="8c84fa94-04c1-424b-9868-57a2d4851a1d" />
    <TestEntry testId="834c739b-eca4-b36d-6a66-5a1bd75377b8" executionId="b1603bc7-d6e4-49fd-905a-a3a756a0a54b" testListId="8c84fa94-04c1-424b-9868-57a2d4851a1d" />
    <TestEntry testId="cbe8bb64-fdb5-d65b-775b-2e23ebd773ab" executionId="e6afa58e-8032-44eb-95ad-6e45d23cdde4" testListId="8c84fa94-04c1-424b-9868-57a2d4851a1d" />
    <TestEntry testId="18fa8c62-e27d-e1fc-8182-4d7db62b008d" executionId="48180696-89d6-43d0-8a2f-5fc26328793e" testListId="8c84fa94-04c1-424b-9868-57a2d4851a1d" />
    <TestEntry testId="85851c81-a6c9-7158-38f3-3fe7c791aa55" executionId="335b13d7-9c90-409a-8a14-6e269ef5281c" testListId="8c84fa94-04c1-424b-9868-57a2d4851a1d" />
    <TestEntry testId="a19a5fcf-c5d2-7d44-5d7d-84403042f4e0" executionId="b87161d8-9281-4c35-92b3-18f0e8fccdde" testListId="8c84fa94-04c1-424b-9868-57a2d4851a1d" />
    <TestEntry testId="f44a1b21-8efc-bfac-63b4-d534442def31" executionId="0ca740f5-0094-4f4c-a7bd-c593ca7009e3" testListId="8c84fa94-04c1-424b-9868-57a2d4851a1d" />
    <TestEntry testId="959a09d7-cc3d-65b6-b3c2-6c50628ce97a" executionId="23cb1a1c-7cc0-4c2c-85c6-f9aa90970e49" testListId="8c84fa94-04c1-424b-9868-57a2d4851a1d" />
    <TestEntry testId="d9f8dc1d-604d-0af8-ac7f-4e66724c67bd" executionId="63a8c85d-4074-4f46-8674-d430095eabda" testListId="8c84fa94-04c1-424b-9868-57a2d4851a1d" />
    <TestEntry testId="2d706594-f2b3-b3c8-21d4-86c9798c3306" executionId="288fa0bb-e1b5-41ee-8e98-65b218b34268" testListId="8c84fa94-04c1-424b-9868-57a2d4851a1d" />
    <TestEntry testId="9c7df5e2-1b23-ebea-889f-b78ca86b60ab" executionId="c4c0d650-0a51-4b5e-924b-d1578791487f" testListId="8c84fa94-04c1-424b-9868-57a2d4851a1d" />
    <TestEntry testId="9c7271f8-1a81-3e40-55f7-7e31238b2fd3" executionId="a411ca8c-d634-47c4-a828-7b230a7ec8a2" testListId="8c84fa94-04c1-424b-9868-57a2d4851a1d" />
    <TestEntry testId="aa28a6b3-21d3-aa45-24d3-bef2facbc899" executionId="87305f5e-dbc7-4945-8ca5-f3e732de1fe2" testListId="8c84fa94-04c1-424b-9868-57a2d4851a1d" />
    <TestEntry testId="a2e59116-cb53-1d70-9cb8-21c286516866" executionId="8ea5c2a4-4d1f-436e-8fe6-fc3266b86616" testListId="8c84fa94-04c1-424b-9868-57a2d4851a1d" />
    <TestEntry testId="1ca07ad8-f799-c5d4-e7cc-34fd950198a2" executionId="d601f149-409b-42d3-8952-c3b69438ebb1" testListId="8c84fa94-04c1-424b-9868-57a2d4851a1d" />
    <TestEntry testId="bf019804-ce51-1641-8a01-347ce4daa5ea" executionId="c67b6556-3209-4da7-9ccf-ccba04b7e677" testListId="8c84fa94-04c1-424b-9868-57a2d4851a1d" />
    <TestEntry testId="69340bb6-3645-f9dd-971e-29d8b2a009bb" executionId="6fbcd6a0-d77e-4f21-8660-e9f5c85b228c" testListId="8c84fa94-04c1-424b-9868-57a2d4851a1d" />
    <TestEntry testId="492c0393-35b4-df26-a537-21ca08302f3c" executionId="c7ad2e7f-3f47-4b94-a381-358e2a64f078" testListId="8c84fa94-04c1-424b-9868-57a2d4851a1d" />
    <TestEntry testId="e429852d-a6ed-7c2a-25fd-cd839b159d56" executionId="f7d548b3-7a35-4dba-a3d7-1c99c3cafb1c" testListId="8c84fa94-04c1-424b-9868-57a2d4851a1d" />
    <TestEntry testId="d8a0f4c5-40fc-9241-79e8-35b7000a8f9f" executionId="1576a95b-0397-4314-8d84-09f530b53cea" testListId="8c84fa94-04c1-424b-9868-57a2d4851a1d" />
    <TestEntry testId="2cdf9ef2-adfd-654a-a399-a5f61b68b303" executionId="778181f4-fadd-47eb-937b-8764cef406f8" testListId="8c84fa94-04c1-424b-9868-57a2d4851a1d" />
    <TestEntry testId="f3efc418-a8a6-c7b7-9bac-90b33aa8472f" executionId="2cbe342f-9065-4915-9805-03de1dbd4b78" testListId="8c84fa94-04c1-424b-9868-57a2d4851a1d" />
    <TestEntry testId="e812dc4b-ddea-5692-754f-f3e8472646f0" executionId="8064a90e-05de-47a5-988a-420fb7e0adce" testListId="8c84fa94-04c1-424b-9868-57a2d4851a1d" />
    <TestEntry testId="e2d7e5be-3dae-33ae-fb17-c704b6fd58d6" executionId="33f6e2d7-fb1b-436b-a17e-a1c50dca56ee" testListId="8c84fa94-04c1-424b-9868-57a2d4851a1d" />
    <TestEntry testId="35beacf6-8e3d-4c65-f48b-6269a24bb162" executionId="cc44cd49-30f2-4869-bf84-e00da500cc63" testListId="8c84fa94-04c1-424b-9868-57a2d4851a1d" />
    <TestEntry testId="2d802d06-7a5b-3f62-0765-abed66ec3087" executionId="2a212b87-1031-454e-82f5-7358369b9959" testListId="8c84fa94-04c1-424b-9868-57a2d4851a1d" />
    <TestEntry testId="20ad8570-0170-85de-dcd7-2f109dd7bcd6" executionId="b254e5d2-f386-45dc-868a-76e037f0f6d8" testListId="8c84fa94-04c1-424b-9868-57a2d4851a1d" />
    <TestEntry testId="ee11d5e8-3e9f-14a0-3539-e54c39bb91f8" executionId="8066bff5-5fe0-4ebc-8a2b-155df60b381a" testListId="8c84fa94-04c1-424b-9868-57a2d4851a1d" />
    <TestEntry testId="e5497347-2721-b7a6-0bd4-69a9921f6947" executionId="d123887c-0956-4eb1-801f-9f5ac1e04a5e" testListId="8c84fa94-04c1-424b-9868-57a2d4851a1d" />
    <TestEntry testId="2602613f-c8e2-a6d9-fcf7-5b27d4a770a6" executionId="d3dee82f-61d4-4460-a369-9db778e42c15" testListId="8c84fa94-04c1-424b-9868-57a2d4851a1d" />
    <TestEntry testId="fa960c5e-f989-2880-784e-8efe538c5231" executionId="c5115d96-1f2f-4610-8a44-539b21cf4dc2" testListId="8c84fa94-04c1-424b-9868-57a2d4851a1d" />
    <TestEntry testId="387c9729-48c1-486e-5e67-f5d11a9f0db8" executionId="4e051e1f-7a5e-4f07-ab56-9e167cb9155a" testListId="8c84fa94-04c1-424b-9868-57a2d4851a1d" />
    <TestEntry testId="894941c1-bfa7-d8f9-c047-1e1ceefe2c2f" executionId="8240c734-74b5-4031-8359-46d543ca2d65" testListId="8c84fa94-04c1-424b-9868-57a2d4851a1d" />
    <TestEntry testId="50935e0e-1fa9-75c2-df8b-0aa20ecfacf9" executionId="faac9e6b-8523-40cc-ba67-85e351c503d1" testListId="8c84fa94-04c1-424b-9868-57a2d4851a1d" />
    <TestEntry testId="4f297306-d4f3-8d63-e7f4-1ac0b8c58c74" executionId="0295f649-2605-463f-8236-e52ba414cd93" testListId="8c84fa94-04c1-424b-9868-57a2d4851a1d" />
    <TestEntry testId="b64de93b-0503-05a1-983e-5bd15e409ee6" executionId="08b568ec-130e-487e-a9fc-34f3129224e1" testListId="8c84fa94-04c1-424b-9868-57a2d4851a1d" />
    <TestEntry testId="8184bd30-991c-b78d-b4ec-99a485eac0dd" executionId="38a6c90d-9390-48b0-b817-34ac4b192dbd" testListId="8c84fa94-04c1-424b-9868-57a2d4851a1d" />
    <TestEntry testId="130d7d83-4a75-5daa-688c-a6082a68185c" executionId="499639d0-ad75-4d90-8538-759498a31691" testListId="8c84fa94-04c1-424b-9868-57a2d4851a1d" />
    <TestEntry testId="f96b8942-2840-e556-765a-fa0893c7773f" executionId="34c27bd7-a93f-45bf-8ff0-e75fcb3a942b" testListId="8c84fa94-04c1-424b-9868-57a2d4851a1d" />
    <TestEntry testId="06d0bc3a-24a0-fb7f-4277-e9ae6d21c7dd" executionId="6aa84c3d-98eb-472a-a5c2-8fb7728690f5" testListId="8c84fa94-04c1-424b-9868-57a2d4851a1d" />
  </TestEntries>
  <TestLists>
    <TestList name="Results Not in a List" id="8c84fa94-04c1-424b-9868-57a2d4851a1d" />
    <TestList name="All Loaded Results" id="19431567-8539-422a-85d7-44ee4e166bda" />
  </TestLists>
  <ResultSummary outcome="Completed">
    <Counters total="47" executed="47" passed="47" failed="0" error="0" timeout="0" aborted="0" inconclusive="0" passedButRunAborted="0" notRunnable="0" notExecuted="0" disconnected="0" warning="0" completed="0" inProgress="0" pending="0" />
    <Output>
      <StdOut>[xUnit.net 00:00:00.00] xUnit.net VSTest Adapter v2.4.5+1caef2f33e (64-bit .NET 6.0.10)
[xUnit.net 00:00:00.88]   Discovering: BL.Tests
[xUnit.net 00:00:01.10]   Discovered:  BL.Tests
[xUnit.net 00:00:01.10]   Starting:    BL.Tests
[xUnit.net 00:00:01.55]   Finished:    BL.Tests
</StdOut>
    </Output>
  </ResultSummary>
</TestRun>