<?xml version="1.0" encoding="utf-8"?>
<TestRun id="19a05f20-1ec5-4e88-acb3-563714ccf147" name="@DESKTOP-TJ9D65N 2022-11-03 11:12:45" xmlns="http://microsoft.com/schemas/VisualStudio/TeamTest/2010">
  <Times creation="2022-11-03T11:12:45.4301873+03:00" queuing="2022-11-03T11:12:45.4301874+03:00" start="2022-11-03T11:12:43.0809220+03:00" finish="2022-11-03T11:12:45.6127370+03:00" />
  <TestSettings name="default" id="502ef0d4-6c61-4bd4-8f0a-cb1ff6cd055d">
    <Deployment runDeploymentRoot="_DESKTOP-TJ9D65N_2022-11-03_11_12_45" />
  </TestSettings>
  <Results>
    <UnitTestResult executionId="52c348fb-21a6-4f8e-b1a3-ae61b57fb8d2" testId="20ad8570-0170-85de-dcd7-2f109dd7bcd6" testName="BL.Tests.UsersServiceTests.TestAdminGetUsers" computerName="DESKTOP-TJ9D65N" duration="00:00:00.0444907" startTime="2022-11-03T11:12:45.2761439+03:00" endTime="2022-11-03T11:12:45.2761440+03:00" testType="13cdc9d9-ddb5-4fa4-a97d-d965ccfc6d4b" outcome="Passed" testListId="8c84fa94-04c1-424b-9868-57a2d4851a1d" relativeResultsDirectory="52c348fb-21a6-4f8e-b1a3-ae61b57fb8d2" />
    <UnitTestResult executionId="a1dc6fb5-0889-44ca-8af3-001164325a24" testId="e429852d-a6ed-7c2a-25fd-cd839b159d56" testName="BL.Tests.LiftsSlopesServiceTests.TestGetLiftsSlopesInfoAsync(liftsSlopes: [LiftSlope { RecordID = 175, LiftID = 234, SlopeID = 39 }, LiftSlope { RecordID = 36, LiftID = 169, SlopeID = 3 }, LiftSlope { RecordID = 139, LiftID = 118, SlopeID = 75 }], slopesRepositoryStub: Mock&lt;ISlopesRepository:1&gt;, liftsRepositoryStub: Mock&lt;ILiftsRepository:6&gt;, liftsSlopesRepositoryStub: Mock&lt;ILiftsSlopesRepository:6&gt;)" computerName="DESKTOP-TJ9D65N" duration="00:00:00.0062965" startTime="2022-11-03T11:12:45.3757852+03:00" endTime="2022-11-03T11:12:45.3757853+03:00" testType="13cdc9d9-ddb5-4fa4-a97d-d965ccfc6d4b" outcome="Passed" testListId="8c84fa94-04c1-424b-9868-57a2d4851a1d" relativeResultsDirectory="a1dc6fb5-0889-44ca-8af3-001164325a24" />
    <UnitTestResult executionId="1f200d46-b22c-46c3-9c73-c5502ccb9401" testId="69340bb6-3645-f9dd-971e-29d8b2a009bb" testName="BL.Tests.UsersServiceTests.TestLogInWithWrongPassword" computerName="DESKTOP-TJ9D65N" duration="00:00:00.0032238" startTime="2022-11-03T11:12:45.4565415+03:00" endTime="2022-11-03T11:12:45.4565416+03:00" testType="13cdc9d9-ddb5-4fa4-a97d-d965ccfc6d4b" outcome="Passed" testListId="8c84fa94-04c1-424b-9868-57a2d4851a1d" relativeResultsDirectory="1f200d46-b22c-46c3-9c73-c5502ccb9401" />
    <UnitTestResult executionId="b94ad2f0-211a-43cc-8df5-01752f02ea85" testId="7619e31c-fc9c-4ae1-bb26-086c186b5e59" testName="BL.Tests.TurnstilesServiceTest.TestAdminGetTurnstilesAsync(userID: 76, initialTurnstiles: [Turnstile { TurnstileID = 87, LiftID = 172, IsOpen = True }, Turnstile { TurnstileID = 27, LiftID = 169, IsOpen = False }, Turnstile { TurnstileID = 228, LiftID = 198, IsOpen = True }], checkPermissionServiceMock: Mock&lt;ICheckPermissionService:13&gt;, turnstilesRepositoryStub: Mock&lt;ITurnstilesRepository:7&gt;, sut: TurnstilesService { })" computerName="DESKTOP-TJ9D65N" duration="00:00:00.0059731" startTime="2022-11-03T11:12:45.3772804+03:00" endTime="2022-11-03T11:12:45.3772807+03:00" testType="13cdc9d9-ddb5-4fa4-a97d-d965ccfc6d4b" outcome="Passed" testListId="8c84fa94-04c1-424b-9868-57a2d4851a1d" relativeResultsDirectory="b94ad2f0-211a-43cc-8df5-01752f02ea85" />
    <UnitTestResult executionId="5c1d86e3-2b20-4b8f-b6ed-6d05c5df7e4e" testId="f817e5ea-93ee-2829-be87-3ed6659456fb" testName="BL.Tests.TurnstilesServiceTest.TestAdminUpdateTurnstileAsync(userID: 88, turnstile: Turnstile { TurnstileID = 168, LiftID = 217, IsOpen = True }, checkPermissionServiceMock: Mock&lt;ICheckPermissionService:14&gt;, turnstilesRepositoryStub: Mock&lt;ITurnstilesRepository:8&gt;, sut: TurnstilesService { })" computerName="DESKTOP-TJ9D65N" duration="00:00:00.0383980" startTime="2022-11-03T11:12:45.2760103+03:00" endTime="2022-11-03T11:12:45.2760104+03:00" testType="13cdc9d9-ddb5-4fa4-a97d-d965ccfc6d4b" outcome="Passed" testListId="8c84fa94-04c1-424b-9868-57a2d4851a1d" relativeResultsDirectory="5c1d86e3-2b20-4b8f-b6ed-6d05c5df7e4e" />
    <UnitTestResult executionId="ca472ad2-c22e-4ed1-9b88-2955bf6a4348" testId="a2e59116-cb53-1d70-9cb8-21c286516866" testName="BL.Tests.CheckPermissionsServiceTests.AuthorizedHasNoAccessToAdminFunctions" computerName="DESKTOP-TJ9D65N" duration="00:00:00.0098247" startTime="2022-11-03T11:12:45.4543415+03:00" endTime="2022-11-03T11:12:45.4543416+03:00" testType="13cdc9d9-ddb5-4fa4-a97d-d965ccfc6d4b" outcome="Passed" testListId="8c84fa94-04c1-424b-9868-57a2d4851a1d" relativeResultsDirectory="ca472ad2-c22e-4ed1-9b88-2955bf6a4348" />
    <UnitTestResult executionId="d0d17305-5a26-4ada-851b-ab668cf4c86e" testId="1d00515c-d771-634b-5b84-ca41bf8fc73b" testName="BL.Tests.LiftsSlopesServiceTests.TestAdminAddAutoIncrementLiftSlopeAsync(lift: Lift { LiftID = 164, LiftName = liftName5eeaba82-c7d5-4106-834b-cd354ab3b56c, IsOpen = True, SeatsAmount = 154, LiftingTime = 216, QueueTime = 66, ConnectedSlopes =  }, slope: Slope { SlopeID = 54, SlopeName = slopeNamee64fa7c0-83e4-4fd7-a2e3-b62ae90f5873, IsOpen = False, DifficultyLevel = 189, ConnectedLifts =  }, slopesRepositoryStub: Mock&lt;ISlopesRepository:3&gt;, liftsRepositoryStub: Mock&lt;ILiftsRepository:8&gt;, liftsSlopesRepositoryStub: Mock&lt;ILiftsSlopesRepository:8&gt;)" computerName="DESKTOP-TJ9D65N" duration="00:00:00.0129667" startTime="2022-11-03T11:12:45.3773573+03:00" endTime="2022-11-03T11:12:45.3773573+03:00" testType="13cdc9d9-ddb5-4fa4-a97d-d965ccfc6d4b" outcome="Passed" testListId="8c84fa94-04c1-424b-9868-57a2d4851a1d" relativeResultsDirectory="d0d17305-5a26-4ada-851b-ab668cf4c86e" />
    <UnitTestResult executionId="e15d5a73-7543-4890-b6cd-144fa5f04ea0" testId="06d0bc3a-24a0-fb7f-4277-e9ae6d21c7dd" testName="BL.Tests.UsersServiceTests.TestAdminUpdateUser" computerName="DESKTOP-TJ9D65N" duration="00:00:00.0084517" startTime="2022-11-03T11:12:45.3998053+03:00" endTime="2022-11-03T11:12:45.3998054+03:00" testType="13cdc9d9-ddb5-4fa4-a97d-d965ccfc6d4b" outcome="Passed" testListId="8c84fa94-04c1-424b-9868-57a2d4851a1d" relativeResultsDirectory="e15d5a73-7543-4890-b6cd-144fa5f04ea0" />
    <UnitTestResult executionId="c3c3dab4-74de-4bee-9015-49af837b1be8" testId="18fa8c62-e27d-e1fc-8182-4d7db62b008d" testName="BL.Tests.UsersServiceTests.TestAdminDeleteUser" computerName="DESKTOP-TJ9D65N" duration="00:00:00.0036668" startTime="2022-11-03T11:12:45.4970978+03:00" endTime="2022-11-03T11:12:45.4970979+03:00" testType="13cdc9d9-ddb5-4fa4-a97d-d965ccfc6d4b" outcome="Passed" testListId="8c84fa94-04c1-424b-9868-57a2d4851a1d" relativeResultsDirectory="c3c3dab4-74de-4bee-9015-49af837b1be8" />
    <UnitTestResult executionId="649c3b64-16a9-4b2c-b01c-3911f61b8946" testId="8184bd30-991c-b78d-b4ec-99a485eac0dd" testName="BL.Tests.UsersServiceTests.TestRegisterUserWithNoEmail" computerName="DESKTOP-TJ9D65N" duration="00:00:00.0041423" startTime="2022-11-03T11:12:45.3755899+03:00" endTime="2022-11-03T11:12:45.3755900+03:00" testType="13cdc9d9-ddb5-4fa4-a97d-d965ccfc6d4b" outcome="Passed" testListId="8c84fa94-04c1-424b-9868-57a2d4851a1d" relativeResultsDirectory="649c3b64-16a9-4b2c-b01c-3911f61b8946" />
    <UnitTestResult executionId="9cf34478-1a8c-4d91-9d76-0711ec37ba75" testId="2d706594-f2b3-b3c8-21d4-86c9798c3306" testName="BL.Tests.CheckPermissionsServiceTests.SkiPatrolHasAccessToAdminSkiPatrolFunctions(functionName: &quot;GetLiftsSlopesInfoAsync&quot;)" computerName="DESKTOP-TJ9D65N" duration="00:00:00.0060682" startTime="2022-11-03T11:12:45.4063079+03:00" endTime="2022-11-03T11:12:45.4063081+03:00" testType="13cdc9d9-ddb5-4fa4-a97d-d965ccfc6d4b" outcome="Passed" testListId="8c84fa94-04c1-424b-9868-57a2d4851a1d" relativeResultsDirectory="9cf34478-1a8c-4d91-9d76-0711ec37ba75" />
    <UnitTestResult executionId="8ee207e2-f809-4f80-ae77-5e461ee8758a" testId="a19a5fcf-c5d2-7d44-5d7d-84403042f4e0" testName="BL.Tests.CheckPermissionsServiceTests.UnauthorizedHasNoAccessToAdminSkiPatrolFunctions(functionName: &quot;MarkMessageReadByUserAsync&quot;)" computerName="DESKTOP-TJ9D65N" duration="00:00:00.0375025" startTime="2022-11-03T11:12:45.2760806+03:00" endTime="2022-11-03T11:12:45.2760807+03:00" testType="13cdc9d9-ddb5-4fa4-a97d-d965ccfc6d4b" outcome="Passed" testListId="8c84fa94-04c1-424b-9868-57a2d4851a1d" relativeResultsDirectory="8ee207e2-f809-4f80-ae77-5e461ee8758a" />
    <UnitTestResult executionId="53253719-8bbe-4966-9d8d-b508a3e4c6e1" testId="81eb6e49-152b-9047-f061-f86facde6ade" testName="BL.Tests.TurnstilesServiceTest.TestAdminDeleteTurnstileAsync(userID: 208, turnstile: Turnstile { TurnstileID = 231, LiftID = 103, IsOpen = True }, checkPermissionServiceMock: Mock&lt;ICheckPermissionService:15&gt;, turnstilesRepositoryStub: Mock&lt;ITurnstilesRepository:9&gt;, sut: TurnstilesService { })" computerName="DESKTOP-TJ9D65N" duration="00:00:00.0050199" startTime="2022-11-03T11:12:45.4030474+03:00" endTime="2022-11-03T11:12:45.4030474+03:00" testType="13cdc9d9-ddb5-4fa4-a97d-d965ccfc6d4b" outcome="Passed" testListId="8c84fa94-04c1-424b-9868-57a2d4851a1d" relativeResultsDirectory="53253719-8bbe-4966-9d8d-b508a3e4c6e1" />
    <UnitTestResult executionId="12b4bc65-afb2-4f82-b6a7-8e90249ee93c" testId="387c9729-48c1-486e-5e67-f5d11a9f0db8" testName="BL.Tests.CheckPermissionsServiceTests.UnauthorizedHasNoAccessToAdminSkiPatrolFunctions(functionName: &quot;GetLiftsSlopesInfoAsync&quot;)" computerName="DESKTOP-TJ9D65N" duration="00:00:00.0013576" startTime="2022-11-03T11:12:45.3757564+03:00" endTime="2022-11-03T11:12:45.3757565+03:00" testType="13cdc9d9-ddb5-4fa4-a97d-d965ccfc6d4b" outcome="Passed" testListId="8c84fa94-04c1-424b-9868-57a2d4851a1d" relativeResultsDirectory="12b4bc65-afb2-4f82-b6a7-8e90249ee93c" />
    <UnitTestResult executionId="22f9a32e-999f-479d-be10-d36fd1c02b4d" testId="fa960c5e-f989-2880-784e-8efe538c5231" testName="BL.Tests.CheckPermissionsServiceTests.UnauthorizedHasNoAccessToAuthorizedFunctions(functionName: &quot;LogOutAsync&quot;)" computerName="DESKTOP-TJ9D65N" duration="00:00:00.0018480" startTime="2022-11-03T11:12:45.3958967+03:00" endTime="2022-11-03T11:12:45.3958968+03:00" testType="13cdc9d9-ddb5-4fa4-a97d-d965ccfc6d4b" outcome="Passed" testListId="8c84fa94-04c1-424b-9868-57a2d4851a1d" relativeResultsDirectory="22f9a32e-999f-479d-be10-d36fd1c02b4d" />
    <UnitTestResult executionId="638c9d7d-2ead-4a17-9862-43cbdaeca25c" testId="fd6eed8d-285c-010f-0114-b777d5dd37a2" testName="BL.Tests.SlopesServiceTest.TestGetSlopesInfoAsync(userID: 147, initialSlopes: [Slope { SlopeID = 63, SlopeName = slopeNamee173c3b6-c8d2-46fb-a889-2a28a971f935, IsOpen = True, DifficultyLevel = 111, ConnectedLifts =  }, Slope { SlopeID = 67, SlopeName = slopeName3c77df0e-d921-46f6-8549-feaf190833bf, IsOpen = False, DifficultyLevel = 132, ConnectedLifts =  }, Slope { SlopeID = 228, SlopeName = slopeName034ea16d-9d21-4834-aa8b-d92c59ba2c5a, IsOpen = True, DifficultyLevel = 214, ConnectedLifts =  }], checkPermissionServiceMock: Mock&lt;ICheckPermissionService:7&gt;, slopesRepositoryStub: Mock&lt;ISlopesRepository:5&gt;, liftsSlopesRepositoryStub: Mock&lt;ILiftsSlopesRepository:10&gt;, sut: SlopesService { })" computerName="DESKTOP-TJ9D65N" duration="00:00:00.0095839" startTime="2022-11-03T11:12:45.3758324+03:00" endTime="2022-11-03T11:12:45.3758325+03:00" testType="13cdc9d9-ddb5-4fa4-a97d-d965ccfc6d4b" outcome="Passed" testListId="8c84fa94-04c1-424b-9868-57a2d4851a1d" relativeResultsDirectory="638c9d7d-2ead-4a17-9862-43cbdaeca25c" />
    <UnitTestResult executionId="a1bf7481-45e2-4c79-b4b0-ab36b8071a72" testId="f3efc418-a8a6-c7b7-9bac-90b33aa8472f" testName="BL.Tests.CheckPermissionsServiceTests.AdminHasAccessToAllFunctions" computerName="DESKTOP-TJ9D65N" duration="00:00:00.0017895" startTime="2022-11-03T11:12:45.5329575+03:00" endTime="2022-11-03T11:12:45.5329577+03:00" testType="13cdc9d9-ddb5-4fa4-a97d-d965ccfc6d4b" outcome="Passed" testListId="8c84fa94-04c1-424b-9868-57a2d4851a1d" relativeResultsDirectory="a1bf7481-45e2-4c79-b4b0-ab36b8071a72" />
    <UnitTestResult executionId="146d1164-041e-444a-8176-e80c266616d9" testId="4f297306-d4f3-8d63-e7f4-1ac0b8c58c74" testName="BL.Tests.CheckPermissionsServiceTests.AuthorizedHasNoAccessToAdminSkiPatrolFunctions(functionName: &quot;GetLiftsSlopesInfoAsync&quot;)" computerName="DESKTOP-TJ9D65N" duration="00:00:00.0009755" startTime="2022-11-03T11:12:45.4834659+03:00" endTime="2022-11-03T11:12:45.4834660+03:00" testType="13cdc9d9-ddb5-4fa4-a97d-d965ccfc6d4b" outcome="Passed" testListId="8c84fa94-04c1-424b-9868-57a2d4851a1d" relativeResultsDirectory="146d1164-041e-444a-8176-e80c266616d9" />
    <UnitTestResult executionId="e05ce59c-b496-4f7a-9648-1eee3fc21df5" testId="eaabd2fc-2f4b-5689-59c8-c7ad34a8f634" testName="BL.Tests.CheckPermissionsServiceTests.UnauthorizedHasNoAccessToAuthorizedFunctions(functionName: &quot;SendMessageAsync&quot;)" computerName="DESKTOP-TJ9D65N" duration="00:00:00.0033540" startTime="2022-11-03T11:12:45.3954428+03:00" endTime="2022-11-03T11:12:45.3954429+03:00" testType="13cdc9d9-ddb5-4fa4-a97d-d965ccfc6d4b" outcome="Passed" testListId="8c84fa94-04c1-424b-9868-57a2d4851a1d" relativeResultsDirectory="e05ce59c-b496-4f7a-9648-1eee3fc21df5" />
    <UnitTestResult executionId="c173a118-f71b-45b8-9a45-2da079dcbf57" testId="1ca07ad8-f799-c5d4-e7cc-34fd950198a2" testName="BL.Tests.UsersServiceTests.TestLogInOk" computerName="DESKTOP-TJ9D65N" duration="00:00:00.0033660" startTime="2022-11-03T11:12:45.4384802+03:00" endTime="2022-11-03T11:12:45.4384804+03:00" testType="13cdc9d9-ddb5-4fa4-a97d-d965ccfc6d4b" outcome="Passed" testListId="8c84fa94-04c1-424b-9868-57a2d4851a1d" relativeResultsDirectory="c173a118-f71b-45b8-9a45-2da079dcbf57" />
    <UnitTestResult executionId="aa680671-6629-482f-a683-1f7e5133b59b" testId="2602613f-c8e2-a6d9-fcf7-5b27d4a770a6" testName="BL.Tests.CheckPermissionsServiceTests.AuthorizedHasNoAccessToAdminSkiPatrolFunctions(functionName: &quot;GetMessagesAsync&quot;)" computerName="DESKTOP-TJ9D65N" duration="00:00:00.0024163" startTime="2022-11-03T11:12:45.4653572+03:00" endTime="2022-11-03T11:12:45.4653574+03:00" testType="13cdc9d9-ddb5-4fa4-a97d-d965ccfc6d4b" outcome="Passed" testListId="8c84fa94-04c1-424b-9868-57a2d4851a1d" relativeResultsDirectory="aa680671-6629-482f-a683-1f7e5133b59b" />
    <UnitTestResult executionId="581440a2-a6ef-4689-b752-50e690954584" testId="229812f5-9a73-5335-11f5-31330d1348a5" testName="BL.Tests.CheckPermissionsServiceTests.UnauthorizedHasNoAccessToAdminSkiPatrolFunctions(functionName: &quot;GetMessagesAsync&quot;)" computerName="DESKTOP-TJ9D65N" duration="00:00:00.0015219" startTime="2022-11-03T11:12:45.3759543+03:00" endTime="2022-11-03T11:12:45.3759543+03:00" testType="13cdc9d9-ddb5-4fa4-a97d-d965ccfc6d4b" outcome="Passed" testListId="8c84fa94-04c1-424b-9868-57a2d4851a1d" relativeResultsDirectory="581440a2-a6ef-4689-b752-50e690954584" />
    <UnitTestResult executionId="b4b10b45-b0e9-401d-b1ac-9e5cf0571948" testId="61f89462-4168-eab3-539e-5f7ced753d87" testName="BL.Tests.LiftsSlopesServiceTests.TestAdminDeleteLiftSlopeAsync(lift: Lift { LiftID = 136, LiftName = liftName3cb8932f-4d0f-4f56-9f7e-0d3ee868e9de, IsOpen = True, SeatsAmount = 151, LiftingTime = 89, QueueTime = 223, ConnectedSlopes =  }, slope: Slope { SlopeID = 14, SlopeName = slopeName98e616fe-cd25-483e-8b5c-857ce6d7cb85, IsOpen = False, DifficultyLevel = 52, ConnectedLifts =  }, slopesRepositoryStub: Mock&lt;ISlopesRepository:2&gt;, liftsRepositoryStub: Mock&lt;ILiftsRepository:7&gt;, liftsSlopesRepositoryStub: Mock&lt;ILiftsSlopesRepository:7&gt;)" computerName="DESKTOP-TJ9D65N" duration="00:00:00.0375392" startTime="2022-11-03T11:12:45.2760632+03:00" endTime="2022-11-03T11:12:45.2760633+03:00" testType="13cdc9d9-ddb5-4fa4-a97d-d965ccfc6d4b" outcome="Passed" testListId="8c84fa94-04c1-424b-9868-57a2d4851a1d" relativeResultsDirectory="b4b10b45-b0e9-401d-b1ac-9e5cf0571948" />
    <UnitTestResult executionId="d746d177-1550-4c01-a873-7b7a2e394670" testId="9c7df5e2-1b23-ebea-889f-b78ca86b60ab" testName="BL.Tests.CheckPermissionsServiceTests.AuthorizedHasNoAccessToAdminSkiPatrolFunctions(functionName: &quot;MarkMessageReadByUserAsync&quot;)" computerName="DESKTOP-TJ9D65N" duration="00:00:00.0015481" startTime="2022-11-03T11:12:45.4749662+03:00" endTime="2022-11-03T11:12:45.4749663+03:00" testType="13cdc9d9-ddb5-4fa4-a97d-d965ccfc6d4b" outcome="Passed" testListId="8c84fa94-04c1-424b-9868-57a2d4851a1d" relativeResultsDirectory="d746d177-1550-4c01-a873-7b7a2e394670" />
    <UnitTestResult executionId="dae7ef95-d3f8-465d-bff2-b09f34a29a0b" testId="f44a1b21-8efc-bfac-63b4-d534442def31" testName="BL.Tests.UsersServiceTests.TestRegisterUserWithNoPassword" computerName="DESKTOP-TJ9D65N" duration="00:00:00.0018514" startTime="2022-11-03T11:12:45.3759087+03:00" endTime="2022-11-03T11:12:45.3759088+03:00" testType="13cdc9d9-ddb5-4fa4-a97d-d965ccfc6d4b" outcome="Passed" testListId="8c84fa94-04c1-424b-9868-57a2d4851a1d" relativeResultsDirectory="dae7ef95-d3f8-465d-bff2-b09f34a29a0b" />
    <UnitTestResult executionId="fde1e551-481c-4c35-a7bb-452c7541f196" testId="5b5a5e1f-1657-54e7-6243-2429b65910b0" testName="BL.Tests.TurnstilesServiceTest.TestAdminGetTurnstileAsync(userID: 110, turnstile: Turnstile { TurnstileID = 112, LiftID = 144, IsOpen = True }, checkPermissionServiceMock: Mock&lt;ICheckPermissionService:12&gt;, turnstilesRepositoryStub: Mock&lt;ITurnstilesRepository:6&gt;, sut: TurnstilesService { })" computerName="DESKTOP-TJ9D65N" duration="00:00:00.0051571" startTime="2022-11-03T11:12:45.3758059+03:00" endTime="2022-11-03T11:12:45.3758059+03:00" testType="13cdc9d9-ddb5-4fa4-a97d-d965ccfc6d4b" outcome="Passed" testListId="8c84fa94-04c1-424b-9868-57a2d4851a1d" relativeResultsDirectory="fde1e551-481c-4c35-a7bb-452c7541f196" />
    <UnitTestResult executionId="80e1aced-dcc5-43e2-9ba5-fd054f0abf12" testId="83d837b0-32d3-f422-e305-8da648d67fb5" testName="BL.Tests.LiftsServiceTest.TestUpdateLiftInfoAsync(userID: 195, lift: Lift { LiftID = 78, LiftName = liftName478e9d5b-c2f1-4c17-a3a7-53fae308a770, IsOpen = True, SeatsAmount = 1, LiftingTime = 243, QueueTime = 3, ConnectedSlopes =  }, checkPermissionServiceMock: Mock&lt;ICheckPermissionService:3&gt;, liftsRepositoryStub: Mock&lt;ILiftsRepository:3&gt;, sut: LiftsService { })" computerName="DESKTOP-TJ9D65N" duration="00:00:00.0091757" startTime="2022-11-03T11:12:45.3969468+03:00" endTime="2022-11-03T11:12:45.3969470+03:00" testType="13cdc9d9-ddb5-4fa4-a97d-d965ccfc6d4b" outcome="Passed" testListId="8c84fa94-04c1-424b-9868-57a2d4851a1d" relativeResultsDirectory="80e1aced-dcc5-43e2-9ba5-fd054f0abf12" />
    <UnitTestResult executionId="c7dbc5a0-10a8-4f66-8513-2f005dbe5ceb" testId="79bcd1d9-75f6-10d7-4782-bb7df3c78d01" testName="BL.Tests.LiftsServiceTest.TestAdminAddAutoIncrementLiftAsync(userID: 240, lift: Lift { LiftID = 183, LiftName = liftNamea5a26de3-ebda-461b-a6d0-9ee7e31ed00f, IsOpen = True, SeatsAmount = 77, LiftingTime = 37, QueueTime = 15, ConnectedSlopes =  }, checkPermissionServiceMock: Mock&lt;ICheckPermissionService:5&gt;, liftsRepositoryStub: Mock&lt;ILiftsRepository:5&gt;, sut: LiftsService { })" computerName="DESKTOP-TJ9D65N" duration="00:00:00.0114164" startTime="2022-11-03T11:12:45.4191056+03:00" endTime="2022-11-03T11:12:45.4191057+03:00" testType="13cdc9d9-ddb5-4fa4-a97d-d965ccfc6d4b" outcome="Passed" testListId="8c84fa94-04c1-424b-9868-57a2d4851a1d" relativeResultsDirectory="c7dbc5a0-10a8-4f66-8513-2f005dbe5ceb" />
    <UnitTestResult executionId="e76a972b-1f50-418b-94d2-2e32b5731da3" testId="e5497347-2721-b7a6-0bd4-69a9921f6947" testName="BL.Tests.UsersServiceTests.TestAdminGetUserByIDAsync" computerName="DESKTOP-TJ9D65N" duration="00:00:00.0035529" startTime="2022-11-03T11:12:45.4834235+03:00" endTime="2022-11-03T11:12:45.4834236+03:00" testType="13cdc9d9-ddb5-4fa4-a97d-d965ccfc6d4b" outcome="Passed" testListId="8c84fa94-04c1-424b-9868-57a2d4851a1d" relativeResultsDirectory="e76a972b-1f50-418b-94d2-2e32b5731da3" />
    <UnitTestResult executionId="b4c0a809-29fd-4cec-8f00-fecf63c054ff" testId="08ac1db6-b1fc-9e77-0707-dd30c79f887b" testName="BL.Tests.SlopesServiceTest.TestGetSlopeInfoAsync(userID: 166, slope: Slope { SlopeID = 25, SlopeName = slopeName4262edf7-840a-41eb-87b7-30a1f32396e1, IsOpen = True, DifficultyLevel = 30, ConnectedLifts =  }, checkPermissionServiceMock: Mock&lt;ICheckPermissionService:6&gt;, slopesRepositoryStub: Mock&lt;ISlopesRepository:4&gt;, liftsSlopesRepositoryStub: Mock&lt;ILiftsSlopesRepository:9&gt;, sut: SlopesService { })" computerName="DESKTOP-TJ9D65N" duration="00:00:00.0401378" startTime="2022-11-03T11:12:45.2711602+03:00" endTime="2022-11-03T11:12:45.2712004+03:00" testType="13cdc9d9-ddb5-4fa4-a97d-d965ccfc6d4b" outcome="Passed" testListId="8c84fa94-04c1-424b-9868-57a2d4851a1d" relativeResultsDirectory="b4c0a809-29fd-4cec-8f00-fecf63c054ff" />
    <UnitTestResult executionId="0b77c68a-00dc-4f11-a86c-de863c16560a" testId="60bd668f-04df-da5e-b79b-5d9aedb5234d" testName="BL.Tests.CheckPermissionsServiceTests.SkiPatrolHasAccessToAdminSkiPatrolFunctions(functionName: &quot;MarkMessageReadByUserAsync&quot;)" computerName="DESKTOP-TJ9D65N" duration="00:00:00.0011264" startTime="2022-11-03T11:12:45.4211800+03:00" endTime="2022-11-03T11:12:45.4211801+03:00" testType="13cdc9d9-ddb5-4fa4-a97d-d965ccfc6d4b" outcome="Passed" testListId="8c84fa94-04c1-424b-9868-57a2d4851a1d" relativeResultsDirectory="0b77c68a-00dc-4f11-a86c-de863c16560a" />
    <UnitTestResult executionId="5cef5104-26f4-46fa-b140-7c426df9c9f4" testId="37461ed7-3d69-5dd5-0361-b86e07fc2679" testName="BL.Tests.TurnstilesServiceTest.TestAdminAddAutoIncrementTurnstileAsync(userID: 236, turnstile: Turnstile { TurnstileID = 37, LiftID = 153, IsOpen = True }, checkPermissionServiceMock: Mock&lt;ICheckPermissionService:16&gt;, turnstilesRepositoryStub: Mock&lt;ITurnstilesRepository:10&gt;, sut: TurnstilesService { })" computerName="DESKTOP-TJ9D65N" duration="00:00:00.0120563" startTime="2022-11-03T11:12:45.3958735+03:00" endTime="2022-11-03T11:12:45.3958736+03:00" testType="13cdc9d9-ddb5-4fa4-a97d-d965ccfc6d4b" outcome="Passed" testListId="8c84fa94-04c1-424b-9868-57a2d4851a1d" relativeResultsDirectory="5cef5104-26f4-46fa-b140-7c426df9c9f4" />
    <UnitTestResult executionId="0e9d0e3d-d66c-4ac1-8540-f6c53caecbd2" testId="aa28a6b3-21d3-aa45-24d3-bef2facbc899" testName="BL.Tests.CheckPermissionsServiceTests.AuthorizedHasAccessToAuthorizedFunctions(functionName: &quot;LogOutAsync&quot;)" computerName="DESKTOP-TJ9D65N" duration="00:00:00.0012206" startTime="2022-11-03T11:12:45.5045724+03:00" endTime="2022-11-03T11:12:45.5045725+03:00" testType="13cdc9d9-ddb5-4fa4-a97d-d965ccfc6d4b" outcome="Passed" testListId="8c84fa94-04c1-424b-9868-57a2d4851a1d" relativeResultsDirectory="0e9d0e3d-d66c-4ac1-8540-f6c53caecbd2" />
    <UnitTestResult executionId="f10a4445-b6f9-40f9-bb0a-e94fff4ed0f2" testId="834c739b-eca4-b36d-6a66-5a1bd75377b8" testName="BL.Tests.UsersServiceTests.TestAdminAddAutoIncrementUser" computerName="DESKTOP-TJ9D65N" duration="00:00:00.0071020" startTime="2022-11-03T11:12:45.4717679+03:00" endTime="2022-11-03T11:12:45.4717680+03:00" testType="13cdc9d9-ddb5-4fa4-a97d-d965ccfc6d4b" outcome="Passed" testListId="8c84fa94-04c1-424b-9868-57a2d4851a1d" relativeResultsDirectory="f10a4445-b6f9-40f9-bb0a-e94fff4ed0f2" />
    <UnitTestResult executionId="9d63c8d8-6c8b-47e1-94ee-957247ac0359" testId="d1fb8881-104b-9363-f5bc-afc154b5b1cd" testName="BL.Tests.LiftsServiceTest.TestGetLiftInfoAsync(userID: 199, lift: Lift { LiftID = 184, LiftName = liftName7ad9db90-4c91-4d06-be94-b8d23cbf2695, IsOpen = True, SeatsAmount = 202, LiftingTime = 26, QueueTime = 99, ConnectedSlopes =  }, checkPermissionServiceMock: Mock&lt;ICheckPermissionService:1&gt;, liftsRepositoryStub: Mock&lt;ILiftsRepository:1&gt;, liftsSlopesRepositoryStub: Mock&lt;ILiftsSlopesRepository:1&gt;, sut: LiftsService { })" computerName="DESKTOP-TJ9D65N" duration="00:00:00.0159812" startTime="2022-11-03T11:12:45.3951144+03:00" endTime="2022-11-03T11:12:45.3951146+03:00" testType="13cdc9d9-ddb5-4fa4-a97d-d965ccfc6d4b" outcome="Failed" testListId="8c84fa94-04c1-424b-9868-57a2d4851a1d" relativeResultsDirectory="9d63c8d8-6c8b-47e1-94ee-957247ac0359">
      <Output>
        <ErrorInfo>
          <Message>Assert.NotEqual() Failure
Expected: Not Lift { LiftID = 184, LiftName = liftName7ad9db90-4c91-4d06-be94-b8d23cbf2695, IsOpen = True, SeatsAmount = 202, LiftingTime = 26, QueueTime = 99, ConnectedSlopes =  }
Actual:   Lift { LiftID = 184, LiftName = liftName7ad9db90-4c91-4d06-be94-b8d23cbf2695, IsOpen = True, SeatsAmount = 202, LiftingTime = 26, QueueTime = 99, ConnectedSlopes =  }</Message>
          <StackTrace>   at BL.Tests.LiftsServiceTest.TestGetLiftInfoAsync(UInt32 userID, Lift lift, Mock`1 checkPermissionServiceMock, Mock`1 liftsRepositoryStub, Mock`1 liftsSlopesRepositoryStub, LiftsService sut) in /mnt/c/Users/alena/Desktop/7_sem/testing_and_debugging/SkiResort/BL.Tests/LiftsServiceTest.cs:line 42
   at System.Threading.Tasks.Task.&lt;&gt;c.&lt;ThrowAsync&gt;b__128_0(Object state)</StackTrace>
        </ErrorInfo>
      </Output>
    </UnitTestResult>
    <UnitTestResult executionId="598c805c-7828-4b76-9c7e-0b923a8372c6" testId="5a472301-e684-4432-ce1a-2666a78c9195" testName="BL.Tests.SlopesServiceTest.TestUpdateSlopeInfoAsync(userID: 253, slope: Slope { SlopeID = 183, SlopeName = slopeName3a7d2b0e-cdc0-4164-958b-4b6f5f11de4b, IsOpen = True, DifficultyLevel = 255, ConnectedLifts =  }, checkPermissionServiceMock: Mock&lt;ICheckPermissionService:8&gt;, slopesRepositoryStub: Mock&lt;ISlopesRepository:6&gt;, sut: SlopesService { })" computerName="DESKTOP-TJ9D65N" duration="00:00:00.0073900" startTime="2022-11-03T11:12:45.3773292+03:00" endTime="2022-11-03T11:12:45.3773293+03:00" testType="13cdc9d9-ddb5-4fa4-a97d-d965ccfc6d4b" outcome="Passed" testListId="8c84fa94-04c1-424b-9868-57a2d4851a1d" relativeResultsDirectory="598c805c-7828-4b76-9c7e-0b923a8372c6" />
    <UnitTestResult executionId="da1bf488-8be0-4f1d-9d1e-72f574255801" testId="644ec43e-70cd-c82d-42e7-0d990be1414d" testName="BL.Tests.CheckPermissionsServiceTests.AuthorizedHasAccessToAuthorizedFunctions(functionName: &quot;SendMessageAsync&quot;)" computerName="DESKTOP-TJ9D65N" duration="00:00:00.0020287" startTime="2022-11-03T11:12:45.4944316+03:00" endTime="2022-11-03T11:12:45.4944318+03:00" testType="13cdc9d9-ddb5-4fa4-a97d-d965ccfc6d4b" outcome="Passed" testListId="8c84fa94-04c1-424b-9868-57a2d4851a1d" relativeResultsDirectory="da1bf488-8be0-4f1d-9d1e-72f574255801" />
    <UnitTestResult executionId="10e1704d-79e9-49b8-8099-88a7e65b8aaf" testId="c36970dc-93f7-753e-fa47-157133b01644" testName="BL.Tests.CheckPermissionsServiceTests.SkiPatrolHasAccessToAdminSkiPatrolFunctions(functionName: &quot;GetMessagesAsync&quot;)" computerName="DESKTOP-TJ9D65N" duration="00:00:00.0014334" startTime="2022-11-03T11:12:45.4348020+03:00" endTime="2022-11-03T11:12:45.4348021+03:00" testType="13cdc9d9-ddb5-4fa4-a97d-d965ccfc6d4b" outcome="Passed" testListId="8c84fa94-04c1-424b-9868-57a2d4851a1d" relativeResultsDirectory="10e1704d-79e9-49b8-8099-88a7e65b8aaf" />
    <UnitTestResult executionId="f5d30b73-afc0-4dba-a864-2d50eca2974f" testId="492c0393-35b4-df26-a537-21ca08302f3c" testName="BL.Tests.CheckPermissionsServiceTests.SkiPatrolHasNoAccessToAdminFunctions" computerName="DESKTOP-TJ9D65N" duration="00:00:00.0022618" startTime="2022-11-03T11:12:45.5237975+03:00" endTime="2022-11-03T11:12:45.5237976+03:00" testType="13cdc9d9-ddb5-4fa4-a97d-d965ccfc6d4b" outcome="Passed" testListId="8c84fa94-04c1-424b-9868-57a2d4851a1d" relativeResultsDirectory="f5d30b73-afc0-4dba-a864-2d50eca2974f" />
    <UnitTestResult executionId="398a42a3-7f39-43f8-a0bb-2482422b622d" testId="cc6bebfa-c3f2-7d1e-63d7-cd6a152bba99" testName="BL.Tests.SlopesServiceTest.TestAdminAddAutoIncrementSlopeAsync(userID: 150, slope: Slope { SlopeID = 122, SlopeName = slopeNamee0c4027c-741d-41cb-b3e0-097886640370, IsOpen = True, DifficultyLevel = 71, ConnectedLifts =  }, checkPermissionServiceMock: Mock&lt;ICheckPermissionService:10&gt;, slopesRepositoryStub: Mock&lt;ISlopesRepository:8&gt;, sut: SlopesService { })" computerName="DESKTOP-TJ9D65N" duration="00:00:00.0076260" startTime="2022-11-03T11:12:45.4242526+03:00" endTime="2022-11-03T11:12:45.4242527+03:00" testType="13cdc9d9-ddb5-4fa4-a97d-d965ccfc6d4b" outcome="Passed" testListId="8c84fa94-04c1-424b-9868-57a2d4851a1d" relativeResultsDirectory="398a42a3-7f39-43f8-a0bb-2482422b622d" />
    <UnitTestResult executionId="54dae55d-8ef2-4bdd-a9cf-98ffc606b3de" testId="e2d7e5be-3dae-33ae-fb17-c704b6fd58d6" testName="BL.Tests.CheckPermissionsServiceTests.UnauthorizedHasNoAccessToAdminFunctions" computerName="DESKTOP-TJ9D65N" duration="00:00:00.0021827" startTime="2022-11-03T11:12:45.5139526+03:00" endTime="2022-11-03T11:12:45.5139527+03:00" testType="13cdc9d9-ddb5-4fa4-a97d-d965ccfc6d4b" outcome="Passed" testListId="8c84fa94-04c1-424b-9868-57a2d4851a1d" relativeResultsDirectory="54dae55d-8ef2-4bdd-a9cf-98ffc606b3de" />
    <UnitTestResult executionId="bb8320d0-a030-4c1b-8bd5-5f588f305830" testId="813507ae-3e65-40ab-dfbc-609ebce5c674" testName="BL.Tests.SlopesServiceTest.TestAdminAddSlopeAsync(userID: 37, slope: Slope { SlopeID = 10, SlopeName = slopeNamef204479b-ae30-408f-ae9b-76d987f502da, IsOpen = True, DifficultyLevel = 200, ConnectedLifts =  }, checkPermissionServiceMock: Mock&lt;ICheckPermissionService:11&gt;, slopesRepositoryStub: Mock&lt;ISlopesRepository:9&gt;, sut: SlopesService { })" computerName="DESKTOP-TJ9D65N" duration="00:00:00.0071077" startTime="2022-11-03T11:12:45.4030132+03:00" endTime="2022-11-03T11:12:45.4030134+03:00" testType="13cdc9d9-ddb5-4fa4-a97d-d965ccfc6d4b" outcome="Passed" testListId="8c84fa94-04c1-424b-9868-57a2d4851a1d" relativeResultsDirectory="bb8320d0-a030-4c1b-8bd5-5f588f305830" />
    <UnitTestResult executionId="81a2cc50-5e32-4c6f-959d-c8d0b0090d6a" testId="aea228f1-2dd8-3081-164d-85e193e9f9e7" testName="BL.Tests.LiftsServiceTest.TestGetLiftsInfoAsync(userID: 188, initialLifts: [Lift { LiftID = 51, LiftName = liftName4863b8eb-64c1-47f2-b5f1-d6df0c4ddc2c, IsOpen = True, SeatsAmount = 129, LiftingTime = 113, QueueTime = 253, ConnectedSlopes =  }, Lift { LiftID = 201, LiftName = liftNameb100ad8d-2568-40f1-8979-9b88e3aa5996, IsOpen = False, SeatsAmount = 14, LiftingTime = 205, QueueTime = 181, ConnectedSlopes =  }, Lift { LiftID = 124, LiftName = liftName45af963d-6cfe-4f1b-a2da-c0552a61c947, IsOpen = True, SeatsAmount = 49, LiftingTime = 153, QueueTime = 225, ConnectedSlopes =  }], checkPermissionServiceMock: Mock&lt;ICheckPermissionService:2&gt;, liftsRepositoryStub: Mock&lt;ILiftsRepository:2&gt;, liftsSlopesRepositoryStub: Mock&lt;ILiftsSlopesRepository:2&gt;, sut: LiftsService { })" computerName="DESKTOP-TJ9D65N" duration="00:00:00.0696807" startTime="2022-11-03T11:12:45.2975177+03:00" endTime="2022-11-03T11:12:45.2975178+03:00" testType="13cdc9d9-ddb5-4fa4-a97d-d965ccfc6d4b" outcome="Passed" testListId="8c84fa94-04c1-424b-9868-57a2d4851a1d" relativeResultsDirectory="81a2cc50-5e32-4c6f-959d-c8d0b0090d6a" />
    <UnitTestResult executionId="8747fbd5-c048-4984-84e9-99e8fdac08fc" testId="894941c1-bfa7-d8f9-c047-1e1ceefe2c2f" testName="BL.Tests.UsersServiceTests.TestRegisterUserWithRepeatedEmail" computerName="DESKTOP-TJ9D65N" duration="00:00:00.0050417" startTime="2022-11-03T11:12:45.3957741+03:00" endTime="2022-11-03T11:12:45.3957742+03:00" testType="13cdc9d9-ddb5-4fa4-a97d-d965ccfc6d4b" outcome="Passed" testListId="8c84fa94-04c1-424b-9868-57a2d4851a1d" relativeResultsDirectory="8747fbd5-c048-4984-84e9-99e8fdac08fc" />
    <UnitTestResult executionId="dc11e33a-788b-4384-beb0-9a17aa25a6d9" testId="63571be0-8f26-a34f-5a9f-7cef4dfc4ae0" testName="BL.Tests.LiftsServiceTest.TestAdminDeleteLiftAsync(userID: 176, lift: Lift { LiftID = 71, LiftName = liftNamef1defa60-3688-4f93-a416-53c30719d8fa, IsOpen = True, SeatsAmount = 43, LiftingTime = 137, QueueTime = 34, ConnectedSlopes =  }, checkPermissionServiceMock: Mock&lt;ICheckPermissionService:4&gt;, liftsRepositoryStub: Mock&lt;ILiftsRepository:4&gt;, liftsSlopesRepositoryStub: Mock&lt;ILiftsSlopesRepository:4&gt;, sut: LiftsService { })" computerName="DESKTOP-TJ9D65N" duration="00:00:00.0110886" startTime="2022-11-03T11:12:45.4393261+03:00" endTime="2022-11-03T11:12:45.4393263+03:00" testType="13cdc9d9-ddb5-4fa4-a97d-d965ccfc6d4b" outcome="Passed" testListId="8c84fa94-04c1-424b-9868-57a2d4851a1d" relativeResultsDirectory="dc11e33a-788b-4384-beb0-9a17aa25a6d9" />
    <UnitTestResult executionId="467b004f-4720-4332-88cd-c82228747f55" testId="0eeef75f-6e38-7893-a8fe-cff3e0a970a7" testName="BL.Tests.UsersServiceTests.TestRegisterOk" computerName="DESKTOP-TJ9D65N" duration="00:00:00.0109107" startTime="2022-11-03T11:12:45.4240671+03:00" endTime="2022-11-03T11:12:45.4240672+03:00" testType="13cdc9d9-ddb5-4fa4-a97d-d965ccfc6d4b" outcome="Passed" testListId="8c84fa94-04c1-424b-9868-57a2d4851a1d" relativeResultsDirectory="467b004f-4720-4332-88cd-c82228747f55" />
    <UnitTestResult executionId="a67ea956-f3b9-4531-a2c5-2cf6250a3a1f" testId="c7042a52-f196-afcc-2843-46ecb3b13cf6" testName="BL.Tests.SlopesServiceTest.TestAdminDeleteSlopeAsync(userID: 13, slope: Slope { SlopeID = 153, SlopeName = slopeNamedfd560d6-dfad-475f-834b-1814dc9992b3, IsOpen = True, DifficultyLevel = 210, ConnectedLifts =  }, checkPermissionServiceMock: Mock&lt;ICheckPermissionService:9&gt;, slopesRepositoryStub: Mock&lt;ISlopesRepository:7&gt;, liftsSlopesRepositoryStub: Mock&lt;ILiftsSlopesRepository:12&gt;, sut: SlopesService { })" computerName="DESKTOP-TJ9D65N" duration="00:00:00.0058843" startTime="2022-11-03T11:12:45.3958012+03:00" endTime="2022-11-03T11:12:45.3958012+03:00" testType="13cdc9d9-ddb5-4fa4-a97d-d965ccfc6d4b" outcome="Passed" testListId="8c84fa94-04c1-424b-9868-57a2d4851a1d" relativeResultsDirectory="a67ea956-f3b9-4531-a2c5-2cf6250a3a1f" />
  </Results>
  <TestDefinitions>
    <UnitTest name="BL.Tests.UsersServiceTests.TestAdminAddAutoIncrementUser" storage="/mnt/c/users/alena/desktop/7_sem/testing_and_debugging/skiresort/bl.tests/bin/debug/net6.0/bl.tests.dll" id="834c739b-eca4-b36d-6a66-5a1bd75377b8">
      <Execution id="f10a4445-b6f9-40f9-bb0a-e94fff4ed0f2" />
      <TestMethod codeBase="/mnt/c/Users/alena/Desktop/7_sem/testing_and_debugging/SkiResort/BL.Tests/bin/Debug/net6.0/BL.Tests.dll" adapterTypeName="executor://xunit/VsTestRunner2/netcoreapp" className="BL.Tests.UsersServiceTests" name="TestAdminAddAutoIncrementUser" />
    </UnitTest>
    <UnitTest name="BL.Tests.CheckPermissionsServiceTests.SkiPatrolHasAccessToAdminSkiPatrolFunctions(functionName: &quot;MarkMessageReadByUserAsync&quot;)" storage="/mnt/c/users/alena/desktop/7_sem/testing_and_debugging/skiresort/bl.tests/bin/debug/net6.0/bl.tests.dll" id="60bd668f-04df-da5e-b79b-5d9aedb5234d">
      <Execution id="0b77c68a-00dc-4f11-a86c-de863c16560a" />
      <TestMethod codeBase="/mnt/c/Users/alena/Desktop/7_sem/testing_and_debugging/SkiResort/BL.Tests/bin/Debug/net6.0/BL.Tests.dll" adapterTypeName="executor://xunit/VsTestRunner2/netcoreapp" className="BL.Tests.CheckPermissionsServiceTests" name="SkiPatrolHasAccessToAdminSkiPatrolFunctions" />
    </UnitTest>
    <UnitTest name="BL.Tests.CheckPermissionsServiceTests.AuthorizedHasAccessToAuthorizedFunctions(functionName: &quot;SendMessageAsync&quot;)" storage="/mnt/c/users/alena/desktop/7_sem/testing_and_debugging/skiresort/bl.tests/bin/debug/net6.0/bl.tests.dll" id="644ec43e-70cd-c82d-42e7-0d990be1414d">
      <Execution id="da1bf488-8be0-4f1d-9d1e-72f574255801" />
      <TestMethod codeBase="/mnt/c/Users/alena/Desktop/7_sem/testing_and_debugging/SkiResort/BL.Tests/bin/Debug/net6.0/BL.Tests.dll" adapterTypeName="executor://xunit/VsTestRunner2/netcoreapp" className="BL.Tests.CheckPermissionsServiceTests" name="AuthorizedHasAccessToAuthorizedFunctions" />
    </UnitTest>
    <UnitTest name="BL.Tests.TurnstilesServiceTest.TestAdminGetTurnstilesAsync(userID: 76, initialTurnstiles: [Turnstile { TurnstileID = 87, LiftID = 172, IsOpen = True }, Turnstile { TurnstileID = 27, LiftID = 169, IsOpen = False }, Turnstile { TurnstileID = 228, LiftID = 198, IsOpen = True }], checkPermissionServiceMock: Mock&lt;ICheckPermissionService:13&gt;, turnstilesRepositoryStub: Mock&lt;ITurnstilesRepository:7&gt;, sut: TurnstilesService { })" storage="/mnt/c/users/alena/desktop/7_sem/testing_and_debugging/skiresort/bl.tests/bin/debug/net6.0/bl.tests.dll" id="7619e31c-fc9c-4ae1-bb26-086c186b5e59">
      <Execution id="b94ad2f0-211a-43cc-8df5-01752f02ea85" />
      <TestMethod codeBase="/mnt/c/Users/alena/Desktop/7_sem/testing_and_debugging/SkiResort/BL.Tests/bin/Debug/net6.0/BL.Tests.dll" adapterTypeName="executor://xunit/VsTestRunner2/netcoreapp" className="BL.Tests.TurnstilesServiceTest" name="TestAdminGetTurnstilesAsync" />
    </UnitTest>
    <UnitTest name="BL.Tests.CheckPermissionsServiceTests.AuthorizedHasNoAccessToAdminSkiPatrolFunctions(functionName: &quot;MarkMessageReadByUserAsync&quot;)" storage="/mnt/c/users/alena/desktop/7_sem/testing_and_debugging/skiresort/bl.tests/bin/debug/net6.0/bl.tests.dll" id="9c7df5e2-1b23-ebea-889f-b78ca86b60ab">
      <Execution id="d746d177-1550-4c01-a873-7b7a2e394670" />
      <TestMethod codeBase="/mnt/c/Users/alena/Desktop/7_sem/testing_and_debugging/SkiResort/BL.Tests/bin/Debug/net6.0/BL.Tests.dll" adapterTypeName="executor://xunit/VsTestRunner2/netcoreapp" className="BL.Tests.CheckPermissionsServiceTests" name="AuthorizedHasNoAccessToAdminSkiPatrolFunctions" />
    </UnitTest>
    <UnitTest name="BL.Tests.CheckPermissionsServiceTests.UnauthorizedHasNoAccessToAuthorizedFunctions(functionName: &quot;SendMessageAsync&quot;)" storage="/mnt/c/users/alena/desktop/7_sem/testing_and_debugging/skiresort/bl.tests/bin/debug/net6.0/bl.tests.dll" id="eaabd2fc-2f4b-5689-59c8-c7ad34a8f634">
      <Execution id="e05ce59c-b496-4f7a-9648-1eee3fc21df5" />
      <TestMethod codeBase="/mnt/c/Users/alena/Desktop/7_sem/testing_and_debugging/SkiResort/BL.Tests/bin/Debug/net6.0/BL.Tests.dll" adapterTypeName="executor://xunit/VsTestRunner2/netcoreapp" className="BL.Tests.CheckPermissionsServiceTests" name="UnauthorizedHasNoAccessToAuthorizedFunctions" />
    </UnitTest>
    <UnitTest name="BL.Tests.CheckPermissionsServiceTests.AdminHasAccessToAllFunctions" storage="/mnt/c/users/alena/desktop/7_sem/testing_and_debugging/skiresort/bl.tests/bin/debug/net6.0/bl.tests.dll" id="f3efc418-a8a6-c7b7-9bac-90b33aa8472f">
      <Execution id="a1bf7481-45e2-4c79-b4b0-ab36b8071a72" />
      <TestMethod codeBase="/mnt/c/Users/alena/Desktop/7_sem/testing_and_debugging/SkiResort/BL.Tests/bin/Debug/net6.0/BL.Tests.dll" adapterTypeName="executor://xunit/VsTestRunner2/netcoreapp" className="BL.Tests.CheckPermissionsServiceTests" name="AdminHasAccessToAllFunctions" />
    </UnitTest>
    <UnitTest name="BL.Tests.UsersServiceTests.TestLogInOk" storage="/mnt/c/users/alena/desktop/7_sem/testing_and_debugging/skiresort/bl.tests/bin/debug/net6.0/bl.tests.dll" id="1ca07ad8-f799-c5d4-e7cc-34fd950198a2">
      <Execution id="c173a118-f71b-45b8-9a45-2da079dcbf57" />
      <TestMethod codeBase="/mnt/c/Users/alena/Desktop/7_sem/testing_and_debugging/SkiResort/BL.Tests/bin/Debug/net6.0/BL.Tests.dll" adapterTypeName="executor://xunit/VsTestRunner2/netcoreapp" className="BL.Tests.UsersServiceTests" name="TestLogInOk" />
    </UnitTest>
    <UnitTest name="BL.Tests.CheckPermissionsServiceTests.UnauthorizedHasNoAccessToAdminSkiPatrolFunctions(functionName: &quot;MarkMessageReadByUserAsync&quot;)" storage="/mnt/c/users/alena/desktop/7_sem/testing_and_debugging/skiresort/bl.tests/bin/debug/net6.0/bl.tests.dll" id="a19a5fcf-c5d2-7d44-5d7d-84403042f4e0">
      <Execution id="8ee207e2-f809-4f80-ae77-5e461ee8758a" />
      <TestMethod codeBase="/mnt/c/Users/alena/Desktop/7_sem/testing_and_debugging/SkiResort/BL.Tests/bin/Debug/net6.0/BL.Tests.dll" adapterTypeName="executor://xunit/VsTestRunner2/netcoreapp" className="BL.Tests.CheckPermissionsServiceTests" name="UnauthorizedHasNoAccessToAdminSkiPatrolFunctions" />
    </UnitTest>
    <UnitTest name="BL.Tests.SlopesServiceTest.TestAdminDeleteSlopeAsync(userID: 13, slope: Slope { SlopeID = 153, SlopeName = slopeNamedfd560d6-dfad-475f-834b-1814dc9992b3, IsOpen = True, DifficultyLevel = 210, ConnectedLifts =  }, checkPermissionServiceMock: Mock&lt;ICheckPermissionService:9&gt;, slopesRepositoryStub: Mock&lt;ISlopesRepository:7&gt;, liftsSlopesRepositoryStub: Mock&lt;ILiftsSlopesRepository:12&gt;, sut: SlopesService { })" storage="/mnt/c/users/alena/desktop/7_sem/testing_and_debugging/skiresort/bl.tests/bin/debug/net6.0/bl.tests.dll" id="c7042a52-f196-afcc-2843-46ecb3b13cf6">
      <Execution id="a67ea956-f3b9-4531-a2c5-2cf6250a3a1f" />
      <TestMethod codeBase="/mnt/c/Users/alena/Desktop/7_sem/testing_and_debugging/SkiResort/BL.Tests/bin/Debug/net6.0/BL.Tests.dll" adapterTypeName="executor://xunit/VsTestRunner2/netcoreapp" className="BL.Tests.SlopesServiceTest" name="TestAdminDeleteSlopeAsync" />
    </UnitTest>
    <UnitTest name="BL.Tests.CheckPermissionsServiceTests.AuthorizedHasAccessToAuthorizedFunctions(functionName: &quot;LogOutAsync&quot;)" storage="/mnt/c/users/alena/desktop/7_sem/testing_and_debugging/skiresort/bl.tests/bin/debug/net6.0/bl.tests.dll" id="aa28a6b3-21d3-aa45-24d3-bef2facbc899">
      <Execution id="0e9d0e3d-d66c-4ac1-8540-f6c53caecbd2" />
      <TestMethod codeBase="/mnt/c/Users/alena/Desktop/7_sem/testing_and_debugging/SkiResort/BL.Tests/bin/Debug/net6.0/BL.Tests.dll" adapterTypeName="executor://xunit/VsTestRunner2/netcoreapp" className="BL.Tests.CheckPermissionsServiceTests" name="AuthorizedHasAccessToAuthorizedFunctions" />
    </UnitTest>
    <UnitTest name="BL.Tests.CheckPermissionsServiceTests.SkiPatrolHasAccessToAdminSkiPatrolFunctions(functionName: &quot;GetMessagesAsync&quot;)" storage="/mnt/c/users/alena/desktop/7_sem/testing_and_debugging/skiresort/bl.tests/bin/debug/net6.0/bl.tests.dll" id="c36970dc-93f7-753e-fa47-157133b01644">
      <Execution id="10e1704d-79e9-49b8-8099-88a7e65b8aaf" />
      <TestMethod codeBase="/mnt/c/Users/alena/Desktop/7_sem/testing_and_debugging/SkiResort/BL.Tests/bin/Debug/net6.0/BL.Tests.dll" adapterTypeName="executor://xunit/VsTestRunner2/netcoreapp" className="BL.Tests.CheckPermissionsServiceTests" name="SkiPatrolHasAccessToAdminSkiPatrolFunctions" />
    </UnitTest>
    <UnitTest name="BL.Tests.CheckPermissionsServiceTests.AuthorizedHasNoAccessToAdminFunctions" storage="/mnt/c/users/alena/desktop/7_sem/testing_and_debugging/skiresort/bl.tests/bin/debug/net6.0/bl.tests.dll" id="a2e59116-cb53-1d70-9cb8-21c286516866">
      <Execution id="ca472ad2-c22e-4ed1-9b88-2955bf6a4348" />
      <TestMethod codeBase="/mnt/c/Users/alena/Desktop/7_sem/testing_and_debugging/SkiResort/BL.Tests/bin/Debug/net6.0/BL.Tests.dll" adapterTypeName="executor://xunit/VsTestRunner2/netcoreapp" className="BL.Tests.CheckPermissionsServiceTests" name="AuthorizedHasNoAccessToAdminFunctions" />
    </UnitTest>
    <UnitTest name="BL.Tests.CheckPermissionsServiceTests.SkiPatrolHasAccessToAdminSkiPatrolFunctions(functionName: &quot;GetLiftsSlopesInfoAsync&quot;)" storage="/mnt/c/users/alena/desktop/7_sem/testing_and_debugging/skiresort/bl.tests/bin/debug/net6.0/bl.tests.dll" id="2d706594-f2b3-b3c8-21d4-86c9798c3306">
      <Execution id="9cf34478-1a8c-4d91-9d76-0711ec37ba75" />
      <TestMethod codeBase="/mnt/c/Users/alena/Desktop/7_sem/testing_and_debugging/SkiResort/BL.Tests/bin/Debug/net6.0/BL.Tests.dll" adapterTypeName="executor://xunit/VsTestRunner2/netcoreapp" className="BL.Tests.CheckPermissionsServiceTests" name="SkiPatrolHasAccessToAdminSkiPatrolFunctions" />
    </UnitTest>
    <UnitTest name="BL.Tests.CheckPermissionsServiceTests.AuthorizedHasNoAccessToAdminSkiPatrolFunctions(functionName: &quot;GetLiftsSlopesInfoAsync&quot;)" storage="/mnt/c/users/alena/desktop/7_sem/testing_and_debugging/skiresort/bl.tests/bin/debug/net6.0/bl.tests.dll" id="4f297306-d4f3-8d63-e7f4-1ac0b8c58c74">
      <Execution id="146d1164-041e-444a-8176-e80c266616d9" />
      <TestMethod codeBase="/mnt/c/Users/alena/Desktop/7_sem/testing_and_debugging/SkiResort/BL.Tests/bin/Debug/net6.0/BL.Tests.dll" adapterTypeName="executor://xunit/VsTestRunner2/netcoreapp" className="BL.Tests.CheckPermissionsServiceTests" name="AuthorizedHasNoAccessToAdminSkiPatrolFunctions" />
    </UnitTest>
    <UnitTest name="BL.Tests.CheckPermissionsServiceTests.UnauthorizedHasNoAccessToAdminSkiPatrolFunctions(functionName: &quot;GetLiftsSlopesInfoAsync&quot;)" storage="/mnt/c/users/alena/desktop/7_sem/testing_and_debugging/skiresort/bl.tests/bin/debug/net6.0/bl.tests.dll" id="387c9729-48c1-486e-5e67-f5d11a9f0db8">
      <Execution id="12b4bc65-afb2-4f82-b6a7-8e90249ee93c" />
      <TestMethod codeBase="/mnt/c/Users/alena/Desktop/7_sem/testing_and_debugging/SkiResort/BL.Tests/bin/Debug/net6.0/BL.Tests.dll" adapterTypeName="executor://xunit/VsTestRunner2/netcoreapp" className="BL.Tests.CheckPermissionsServiceTests" name="UnauthorizedHasNoAccessToAdminSkiPatrolFunctions" />
    </UnitTest>
    <UnitTest name="BL.Tests.UsersServiceTests.TestRegisterUserWithRepeatedEmail" storage="/mnt/c/users/alena/desktop/7_sem/testing_and_debugging/skiresort/bl.tests/bin/debug/net6.0/bl.tests.dll" id="894941c1-bfa7-d8f9-c047-1e1ceefe2c2f">
      <Execution id="8747fbd5-c048-4984-84e9-99e8fdac08fc" />
      <TestMethod codeBase="/mnt/c/Users/alena/Desktop/7_sem/testing_and_debugging/SkiResort/BL.Tests/bin/Debug/net6.0/BL.Tests.dll" adapterTypeName="executor://xunit/VsTestRunner2/netcoreapp" className="BL.Tests.UsersServiceTests" name="TestRegisterUserWithRepeatedEmail" />
    </UnitTest>
    <UnitTest name="BL.Tests.CheckPermissionsServiceTests.UnauthorizedHasNoAccessToAdminFunctions" storage="/mnt/c/users/alena/desktop/7_sem/testing_and_debugging/skiresort/bl.tests/bin/debug/net6.0/bl.tests.dll" id="e2d7e5be-3dae-33ae-fb17-c704b6fd58d6">
      <Execution id="54dae55d-8ef2-4bdd-a9cf-98ffc606b3de" />
      <TestMethod codeBase="/mnt/c/Users/alena/Desktop/7_sem/testing_and_debugging/SkiResort/BL.Tests/bin/Debug/net6.0/BL.Tests.dll" adapterTypeName="executor://xunit/VsTestRunner2/netcoreapp" className="BL.Tests.CheckPermissionsServiceTests" name="UnauthorizedHasNoAccessToAdminFunctions" />
    </UnitTest>
    <UnitTest name="BL.Tests.UsersServiceTests.TestRegisterUserWithNoPassword" storage="/mnt/c/users/alena/desktop/7_sem/testing_and_debugging/skiresort/bl.tests/bin/debug/net6.0/bl.tests.dll" id="f44a1b21-8efc-bfac-63b4-d534442def31">
      <Execution id="dae7ef95-d3f8-465d-bff2-b09f34a29a0b" />
      <TestMethod codeBase="/mnt/c/Users/alena/Desktop/7_sem/testing_and_debugging/SkiResort/BL.Tests/bin/Debug/net6.0/BL.Tests.dll" adapterTypeName="executor://xunit/VsTestRunner2/netcoreapp" className="BL.Tests.UsersServiceTests" name="TestRegisterUserWithNoPassword" />
    </UnitTest>
    <UnitTest name="BL.Tests.TurnstilesServiceTest.TestAdminUpdateTurnstileAsync(userID: 88, turnstile: Turnstile { TurnstileID = 168, LiftID = 217, IsOpen = True }, checkPermissionServiceMock: Mock&lt;ICheckPermissionService:14&gt;, turnstilesRepositoryStub: Mock&lt;ITurnstilesRepository:8&gt;, sut: TurnstilesService { })" storage="/mnt/c/users/alena/desktop/7_sem/testing_and_debugging/skiresort/bl.tests/bin/debug/net6.0/bl.tests.dll" id="f817e5ea-93ee-2829-be87-3ed6659456fb">
      <Execution id="5c1d86e3-2b20-4b8f-b6ed-6d05c5df7e4e" />
      <TestMethod codeBase="/mnt/c/Users/alena/Desktop/7_sem/testing_and_debugging/SkiResort/BL.Tests/bin/Debug/net6.0/BL.Tests.dll" adapterTypeName="executor://xunit/VsTestRunner2/netcoreapp" className="BL.Tests.TurnstilesServiceTest" name="TestAdminUpdateTurnstileAsync" />
    </UnitTest>
    <UnitTest name="BL.Tests.LiftsServiceTest.TestAdminAddAutoIncrementLiftAsync(userID: 240, lift: Lift { LiftID = 183, LiftName = liftNamea5a26de3-ebda-461b-a6d0-9ee7e31ed00f, IsOpen = True, SeatsAmount = 77, LiftingTime = 37, QueueTime = 15, ConnectedSlopes =  }, checkPermissionServiceMock: Mock&lt;ICheckPermissionService:5&gt;, liftsRepositoryStub: Mock&lt;ILiftsRepository:5&gt;, sut: LiftsService { })" storage="/mnt/c/users/alena/desktop/7_sem/testing_and_debugging/skiresort/bl.tests/bin/debug/net6.0/bl.tests.dll" id="79bcd1d9-75f6-10d7-4782-bb7df3c78d01">
      <Execution id="c7dbc5a0-10a8-4f66-8513-2f005dbe5ceb" />
      <TestMethod codeBase="/mnt/c/Users/alena/Desktop/7_sem/testing_and_debugging/SkiResort/BL.Tests/bin/Debug/net6.0/BL.Tests.dll" adapterTypeName="executor://xunit/VsTestRunner2/netcoreapp" className="BL.Tests.LiftsServiceTest" name="TestAdminAddAutoIncrementLiftAsync" />
    </UnitTest>
    <UnitTest name="BL.Tests.TurnstilesServiceTest.TestAdminGetTurnstileAsync(userID: 110, turnstile: Turnstile { TurnstileID = 112, LiftID = 144, IsOpen = True }, checkPermissionServiceMock: Mock&lt;ICheckPermissionService:12&gt;, turnstilesRepositoryStub: Mock&lt;ITurnstilesRepository:6&gt;, sut: TurnstilesService { })" storage="/mnt/c/users/alena/desktop/7_sem/testing_and_debugging/skiresort/bl.tests/bin/debug/net6.0/bl.tests.dll" id="5b5a5e1f-1657-54e7-6243-2429b65910b0">
      <Execution id="fde1e551-481c-4c35-a7bb-452c7541f196" />
      <TestMethod codeBase="/mnt/c/Users/alena/Desktop/7_sem/testing_and_debugging/SkiResort/BL.Tests/bin/Debug/net6.0/BL.Tests.dll" adapterTypeName="executor://xunit/VsTestRunner2/netcoreapp" className="BL.Tests.TurnstilesServiceTest" name="TestAdminGetTurnstileAsync" />
    </UnitTest>
    <UnitTest name="BL.Tests.SlopesServiceTest.TestGetSlopesInfoAsync(userID: 147, initialSlopes: [Slope { SlopeID = 63, SlopeName = slopeNamee173c3b6-c8d2-46fb-a889-2a28a971f935, IsOpen = True, DifficultyLevel = 111, ConnectedLifts =  }, Slope { SlopeID = 67, SlopeName = slopeName3c77df0e-d921-46f6-8549-feaf190833bf, IsOpen = False, DifficultyLevel = 132, ConnectedLifts =  }, Slope { SlopeID = 228, SlopeName = slopeName034ea16d-9d21-4834-aa8b-d92c59ba2c5a, Is..." storage="/mnt/c/users/alena/desktop/7_sem/testing_and_debugging/skiresort/bl.tests/bin/debug/net6.0/bl.tests.dll" id="fd6eed8d-285c-010f-0114-b777d5dd37a2">
      <Execution id="638c9d7d-2ead-4a17-9862-43cbdaeca25c" />
      <TestMethod codeBase="/mnt/c/Users/alena/Desktop/7_sem/testing_and_debugging/SkiResort/BL.Tests/bin/Debug/net6.0/BL.Tests.dll" adapterTypeName="executor://xunit/VsTestRunner2/netcoreapp" className="BL.Tests.SlopesServiceTest" name="TestGetSlopesInfoAsync" />
    </UnitTest>
    <UnitTest name="BL.Tests.CheckPermissionsServiceTests.SkiPatrolHasNoAccessToAdminFunctions" storage="/mnt/c/users/alena/desktop/7_sem/testing_and_debugging/skiresort/bl.tests/bin/debug/net6.0/bl.tests.dll" id="492c0393-35b4-df26-a537-21ca08302f3c">
      <Execution id="f5d30b73-afc0-4dba-a864-2d50eca2974f" />
      <TestMethod codeBase="/mnt/c/Users/alena/Desktop/7_sem/testing_and_debugging/SkiResort/BL.Tests/bin/Debug/net6.0/BL.Tests.dll" adapterTypeName="executor://xunit/VsTestRunner2/netcoreapp" className="BL.Tests.CheckPermissionsServiceTests" name="SkiPatrolHasNoAccessToAdminFunctions" />
    </UnitTest>
    <UnitTest name="BL.Tests.UsersServiceTests.TestAdminDeleteUser" storage="/mnt/c/users/alena/desktop/7_sem/testing_and_debugging/skiresort/bl.tests/bin/debug/net6.0/bl.tests.dll" id="18fa8c62-e27d-e1fc-8182-4d7db62b008d">
      <Execution id="c3c3dab4-74de-4bee-9015-49af837b1be8" />
      <TestMethod codeBase="/mnt/c/Users/alena/Desktop/7_sem/testing_and_debugging/SkiResort/BL.Tests/bin/Debug/net6.0/BL.Tests.dll" adapterTypeName="executor://xunit/VsTestRunner2/netcoreapp" className="BL.Tests.UsersServiceTests" name="TestAdminDeleteUser" />
    </UnitTest>
    <UnitTest name="BL.Tests.UsersServiceTests.TestLogInWithWrongPassword" storage="/mnt/c/users/alena/desktop/7_sem/testing_and_debugging/skiresort/bl.tests/bin/debug/net6.0/bl.tests.dll" id="69340bb6-3645-f9dd-971e-29d8b2a009bb">
      <Execution id="1f200d46-b22c-46c3-9c73-c5502ccb9401" />
      <TestMethod codeBase="/mnt/c/Users/alena/Desktop/7_sem/testing_and_debugging/SkiResort/BL.Tests/bin/Debug/net6.0/BL.Tests.dll" adapterTypeName="executor://xunit/VsTestRunner2/netcoreapp" className="BL.Tests.UsersServiceTests" name="TestLogInWithWrongPassword" />
    </UnitTest>
    <UnitTest name="BL.Tests.LiftsServiceTest.TestAdminDeleteLiftAsync(userID: 176, lift: Lift { LiftID = 71, LiftName = liftNamef1defa60-3688-4f93-a416-53c30719d8fa, IsOpen = True, SeatsAmount = 43, LiftingTime = 137, QueueTime = 34, ConnectedSlopes =  }, checkPermissionServiceMock: Mock&lt;ICheckPermissionService:4&gt;, liftsRepositoryStub: Mock&lt;ILiftsRepository:4&gt;, liftsSlopesRepositoryStub: Mock&lt;ILiftsSlopesRepository:4&gt;, sut: LiftsService { })" storage="/mnt/c/users/alena/desktop/7_sem/testing_and_debugging/skiresort/bl.tests/bin/debug/net6.0/bl.tests.dll" id="63571be0-8f26-a34f-5a9f-7cef4dfc4ae0">
      <Execution id="dc11e33a-788b-4384-beb0-9a17aa25a6d9" />
      <TestMethod codeBase="/mnt/c/Users/alena/Desktop/7_sem/testing_and_debugging/SkiResort/BL.Tests/bin/Debug/net6.0/BL.Tests.dll" adapterTypeName="executor://xunit/VsTestRunner2/netcoreapp" className="BL.Tests.LiftsServiceTest" name="TestAdminDeleteLiftAsync" />
    </UnitTest>
    <UnitTest name="BL.Tests.CheckPermissionsServiceTests.UnauthorizedHasNoAccessToAdminSkiPatrolFunctions(functionName: &quot;GetMessagesAsync&quot;)" storage="/mnt/c/users/alena/desktop/7_sem/testing_and_debugging/skiresort/bl.tests/bin/debug/net6.0/bl.tests.dll" id="229812f5-9a73-5335-11f5-31330d1348a5">
      <Execution id="581440a2-a6ef-4689-b752-50e690954584" />
      <TestMethod codeBase="/mnt/c/Users/alena/Desktop/7_sem/testing_and_debugging/SkiResort/BL.Tests/bin/Debug/net6.0/BL.Tests.dll" adapterTypeName="executor://xunit/VsTestRunner2/netcoreapp" className="BL.Tests.CheckPermissionsServiceTests" name="UnauthorizedHasNoAccessToAdminSkiPatrolFunctions" />
    </UnitTest>
    <UnitTest name="BL.Tests.UsersServiceTests.TestRegisterUserWithNoEmail" storage="/mnt/c/users/alena/desktop/7_sem/testing_and_debugging/skiresort/bl.tests/bin/debug/net6.0/bl.tests.dll" id="8184bd30-991c-b78d-b4ec-99a485eac0dd">
      <Execution id="649c3b64-16a9-4b2c-b01c-3911f61b8946" />
      <TestMethod codeBase="/mnt/c/Users/alena/Desktop/7_sem/testing_and_debugging/SkiResort/BL.Tests/bin/Debug/net6.0/BL.Tests.dll" adapterTypeName="executor://xunit/VsTestRunner2/netcoreapp" className="BL.Tests.UsersServiceTests" name="TestRegisterUserWithNoEmail" />
    </UnitTest>
    <UnitTest name="BL.Tests.CheckPermissionsServiceTests.AuthorizedHasNoAccessToAdminSkiPatrolFunctions(functionName: &quot;GetMessagesAsync&quot;)" storage="/mnt/c/users/alena/desktop/7_sem/testing_and_debugging/skiresort/bl.tests/bin/debug/net6.0/bl.tests.dll" id="2602613f-c8e2-a6d9-fcf7-5b27d4a770a6">
      <Execution id="aa680671-6629-482f-a683-1f7e5133b59b" />
      <TestMethod codeBase="/mnt/c/Users/alena/Desktop/7_sem/testing_and_debugging/SkiResort/BL.Tests/bin/Debug/net6.0/BL.Tests.dll" adapterTypeName="executor://xunit/VsTestRunner2/netcoreapp" className="BL.Tests.CheckPermissionsServiceTests" name="AuthorizedHasNoAccessToAdminSkiPatrolFunctions" />
    </UnitTest>
    <UnitTest name="BL.Tests.UsersServiceTests.TestRegisterOk" storage="/mnt/c/users/alena/desktop/7_sem/testing_and_debugging/skiresort/bl.tests/bin/debug/net6.0/bl.tests.dll" id="0eeef75f-6e38-7893-a8fe-cff3e0a970a7">
      <Execution id="467b004f-4720-4332-88cd-c82228747f55" />
      <TestMethod codeBase="/mnt/c/Users/alena/Desktop/7_sem/testing_and_debugging/SkiResort/BL.Tests/bin/Debug/net6.0/BL.Tests.dll" adapterTypeName="executor://xunit/VsTestRunner2/netcoreapp" className="BL.Tests.UsersServiceTests" name="TestRegisterOk" />
    </UnitTest>
    <UnitTest name="BL.Tests.LiftsSlopesServiceTests.TestAdminDeleteLiftSlopeAsync(lift: Lift { LiftID = 136, LiftName = liftName3cb8932f-4d0f-4f56-9f7e-0d3ee868e9de, IsOpen = True, SeatsAmount = 151, LiftingTime = 89, QueueTime = 223, ConnectedSlopes =  }, slope: Slope { SlopeID = 14, SlopeName = slopeName98e616fe-cd25-483e-8b5c-857ce6d7cb85, IsOpen = False, DifficultyLevel = 52, ConnectedLifts =  }, slopesRepositoryStub: Mock&lt;ISlopesRepository:2&gt;, liftsRepos..." storage="/mnt/c/users/alena/desktop/7_sem/testing_and_debugging/skiresort/bl.tests/bin/debug/net6.0/bl.tests.dll" id="61f89462-4168-eab3-539e-5f7ced753d87">
      <Execution id="b4b10b45-b0e9-401d-b1ac-9e5cf0571948" />
      <TestMethod codeBase="/mnt/c/Users/alena/Desktop/7_sem/testing_and_debugging/SkiResort/BL.Tests/bin/Debug/net6.0/BL.Tests.dll" adapterTypeName="executor://xunit/VsTestRunner2/netcoreapp" className="BL.Tests.LiftsSlopesServiceTests" name="TestAdminDeleteLiftSlopeAsync" />
    </UnitTest>
    <UnitTest name="BL.Tests.SlopesServiceTest.TestUpdateSlopeInfoAsync(userID: 253, slope: Slope { SlopeID = 183, SlopeName = slopeName3a7d2b0e-cdc0-4164-958b-4b6f5f11de4b, IsOpen = True, DifficultyLevel = 255, ConnectedLifts =  }, checkPermissionServiceMock: Mock&lt;ICheckPermissionService:8&gt;, slopesRepositoryStub: Mock&lt;ISlopesRepository:6&gt;, sut: SlopesService { })" storage="/mnt/c/users/alena/desktop/7_sem/testing_and_debugging/skiresort/bl.tests/bin/debug/net6.0/bl.tests.dll" id="5a472301-e684-4432-ce1a-2666a78c9195">
      <Execution id="598c805c-7828-4b76-9c7e-0b923a8372c6" />
      <TestMethod codeBase="/mnt/c/Users/alena/Desktop/7_sem/testing_and_debugging/SkiResort/BL.Tests/bin/Debug/net6.0/BL.Tests.dll" adapterTypeName="executor://xunit/VsTestRunner2/netcoreapp" className="BL.Tests.SlopesServiceTest" name="TestUpdateSlopeInfoAsync" />
    </UnitTest>
    <UnitTest name="BL.Tests.LiftsSlopesServiceTests.TestAdminAddAutoIncrementLiftSlopeAsync(lift: Lift { LiftID = 164, LiftName = liftName5eeaba82-c7d5-4106-834b-cd354ab3b56c, IsOpen = True, SeatsAmount = 154, LiftingTime = 216, QueueTime = 66, ConnectedSlopes =  }, slope: Slope { SlopeID = 54, SlopeName = slopeNamee64fa7c0-83e4-4fd7-a2e3-b62ae90f5873, IsOpen = False, DifficultyLevel = 189, ConnectedLifts =  }, slopesRepositoryStub: Mock&lt;ISlopesRepository:3&gt;,..." storage="/mnt/c/users/alena/desktop/7_sem/testing_and_debugging/skiresort/bl.tests/bin/debug/net6.0/bl.tests.dll" id="1d00515c-d771-634b-5b84-ca41bf8fc73b">
      <Execution id="d0d17305-5a26-4ada-851b-ab668cf4c86e" />
      <TestMethod codeBase="/mnt/c/Users/alena/Desktop/7_sem/testing_and_debugging/SkiResort/BL.Tests/bin/Debug/net6.0/BL.Tests.dll" adapterTypeName="executor://xunit/VsTestRunner2/netcoreapp" className="BL.Tests.LiftsSlopesServiceTests" name="TestAdminAddAutoIncrementLiftSlopeAsync" />
    </UnitTest>
    <UnitTest name="BL.Tests.TurnstilesServiceTest.TestAdminDeleteTurnstileAsync(userID: 208, turnstile: Turnstile { TurnstileID = 231, LiftID = 103, IsOpen = True }, checkPermissionServiceMock: Mock&lt;ICheckPermissionService:15&gt;, turnstilesRepositoryStub: Mock&lt;ITurnstilesRepository:9&gt;, sut: TurnstilesService { })" storage="/mnt/c/users/alena/desktop/7_sem/testing_and_debugging/skiresort/bl.tests/bin/debug/net6.0/bl.tests.dll" id="81eb6e49-152b-9047-f061-f86facde6ade">
      <Execution id="53253719-8bbe-4966-9d8d-b508a3e4c6e1" />
      <TestMethod codeBase="/mnt/c/Users/alena/Desktop/7_sem/testing_and_debugging/SkiResort/BL.Tests/bin/Debug/net6.0/BL.Tests.dll" adapterTypeName="executor://xunit/VsTestRunner2/netcoreapp" className="BL.Tests.TurnstilesServiceTest" name="TestAdminDeleteTurnstileAsync" />
    </UnitTest>
    <UnitTest name="BL.Tests.CheckPermissionsServiceTests.UnauthorizedHasNoAccessToAuthorizedFunctions(functionName: &quot;LogOutAsync&quot;)" storage="/mnt/c/users/alena/desktop/7_sem/testing_and_debugging/skiresort/bl.tests/bin/debug/net6.0/bl.tests.dll" id="fa960c5e-f989-2880-784e-8efe538c5231">
      <Execution id="22f9a32e-999f-479d-be10-d36fd1c02b4d" />
      <TestMethod codeBase="/mnt/c/Users/alena/Desktop/7_sem/testing_and_debugging/SkiResort/BL.Tests/bin/Debug/net6.0/BL.Tests.dll" adapterTypeName="executor://xunit/VsTestRunner2/netcoreapp" className="BL.Tests.CheckPermissionsServiceTests" name="UnauthorizedHasNoAccessToAuthorizedFunctions" />
    </UnitTest>
    <UnitTest name="BL.Tests.TurnstilesServiceTest.TestAdminAddAutoIncrementTurnstileAsync(userID: 236, turnstile: Turnstile { TurnstileID = 37, LiftID = 153, IsOpen = True }, checkPermissionServiceMock: Mock&lt;ICheckPermissionService:16&gt;, turnstilesRepositoryStub: Mock&lt;ITurnstilesRepository:10&gt;, sut: TurnstilesService { })" storage="/mnt/c/users/alena/desktop/7_sem/testing_and_debugging/skiresort/bl.tests/bin/debug/net6.0/bl.tests.dll" id="37461ed7-3d69-5dd5-0361-b86e07fc2679">
      <Execution id="5cef5104-26f4-46fa-b140-7c426df9c9f4" />
      <TestMethod codeBase="/mnt/c/Users/alena/Desktop/7_sem/testing_and_debugging/SkiResort/BL.Tests/bin/Debug/net6.0/BL.Tests.dll" adapterTypeName="executor://xunit/VsTestRunner2/netcoreapp" className="BL.Tests.TurnstilesServiceTest" name="TestAdminAddAutoIncrementTurnstileAsync" />
    </UnitTest>
    <UnitTest name="BL.Tests.LiftsServiceTest.TestGetLiftsInfoAsync(userID: 188, initialLifts: [Lift { LiftID = 51, LiftName = liftName4863b8eb-64c1-47f2-b5f1-d6df0c4ddc2c, IsOpen = True, SeatsAmount = 129, LiftingTime = 113, QueueTime = 253, ConnectedSlopes =  }, Lift { LiftID = 201, LiftName = liftNameb100ad8d-2568-40f1-8979-9b88e3aa5996, IsOpen = False, SeatsAmount = 14, LiftingTime = 205, QueueTime = 181, ConnectedSlopes =  }, Lift { LiftID = 124, LiftName..." storage="/mnt/c/users/alena/desktop/7_sem/testing_and_debugging/skiresort/bl.tests/bin/debug/net6.0/bl.tests.dll" id="aea228f1-2dd8-3081-164d-85e193e9f9e7">
      <Execution id="81a2cc50-5e32-4c6f-959d-c8d0b0090d6a" />
      <TestMethod codeBase="/mnt/c/Users/alena/Desktop/7_sem/testing_and_debugging/SkiResort/BL.Tests/bin/Debug/net6.0/BL.Tests.dll" adapterTypeName="executor://xunit/VsTestRunner2/netcoreapp" className="BL.Tests.LiftsServiceTest" name="TestGetLiftsInfoAsync" />
    </UnitTest>
    <UnitTest name="BL.Tests.LiftsSlopesServiceTests.TestGetLiftsSlopesInfoAsync(liftsSlopes: [LiftSlope { RecordID = 175, LiftID = 234, SlopeID = 39 }, LiftSlope { RecordID = 36, LiftID = 169, SlopeID = 3 }, LiftSlope { RecordID = 139, LiftID = 118, SlopeID = 75 }], slopesRepositoryStub: Mock&lt;ISlopesRepository:1&gt;, liftsRepositoryStub: Mock&lt;ILiftsRepository:6&gt;, liftsSlopesRepositoryStub: Mock&lt;ILiftsSlopesRepository:6&gt;)" storage="/mnt/c/users/alena/desktop/7_sem/testing_and_debugging/skiresort/bl.tests/bin/debug/net6.0/bl.tests.dll" id="e429852d-a6ed-7c2a-25fd-cd839b159d56">
      <Execution id="a1dc6fb5-0889-44ca-8af3-001164325a24" />
      <TestMethod codeBase="/mnt/c/Users/alena/Desktop/7_sem/testing_and_debugging/SkiResort/BL.Tests/bin/Debug/net6.0/BL.Tests.dll" adapterTypeName="executor://xunit/VsTestRunner2/netcoreapp" className="BL.Tests.LiftsSlopesServiceTests" name="TestGetLiftsSlopesInfoAsync" />
    </UnitTest>
    <UnitTest name="BL.Tests.SlopesServiceTest.TestAdminAddSlopeAsync(userID: 37, slope: Slope { SlopeID = 10, SlopeName = slopeNamef204479b-ae30-408f-ae9b-76d987f502da, IsOpen = True, DifficultyLevel = 200, ConnectedLifts =  }, checkPermissionServiceMock: Mock&lt;ICheckPermissionService:11&gt;, slopesRepositoryStub: Mock&lt;ISlopesRepository:9&gt;, sut: SlopesService { })" storage="/mnt/c/users/alena/desktop/7_sem/testing_and_debugging/skiresort/bl.tests/bin/debug/net6.0/bl.tests.dll" id="813507ae-3e65-40ab-dfbc-609ebce5c674">
      <Execution id="bb8320d0-a030-4c1b-8bd5-5f588f305830" />
      <TestMethod codeBase="/mnt/c/Users/alena/Desktop/7_sem/testing_and_debugging/SkiResort/BL.Tests/bin/Debug/net6.0/BL.Tests.dll" adapterTypeName="executor://xunit/VsTestRunner2/netcoreapp" className="BL.Tests.SlopesServiceTest" name="TestAdminAddSlopeAsync" />
    </UnitTest>
    <UnitTest name="BL.Tests.SlopesServiceTest.TestGetSlopeInfoAsync(userID: 166, slope: Slope { SlopeID = 25, SlopeName = slopeName4262edf7-840a-41eb-87b7-30a1f32396e1, IsOpen = True, DifficultyLevel = 30, ConnectedLifts =  }, checkPermissionServiceMock: Mock&lt;ICheckPermissionService:6&gt;, slopesRepositoryStub: Mock&lt;ISlopesRepository:4&gt;, liftsSlopesRepositoryStub: Mock&lt;ILiftsSlopesRepository:9&gt;, sut: SlopesService { })" storage="/mnt/c/users/alena/desktop/7_sem/testing_and_debugging/skiresort/bl.tests/bin/debug/net6.0/bl.tests.dll" id="08ac1db6-b1fc-9e77-0707-dd30c79f887b">
      <Execution id="b4c0a809-29fd-4cec-8f00-fecf63c054ff" />
      <TestMethod codeBase="/mnt/c/Users/alena/Desktop/7_sem/testing_and_debugging/SkiResort/BL.Tests/bin/Debug/net6.0/BL.Tests.dll" adapterTypeName="executor://xunit/VsTestRunner2/netcoreapp" className="BL.Tests.SlopesServiceTest" name="TestGetSlopeInfoAsync" />
    </UnitTest>
    <UnitTest name="BL.Tests.UsersServiceTests.TestAdminUpdateUser" storage="/mnt/c/users/alena/desktop/7_sem/testing_and_debugging/skiresort/bl.tests/bin/debug/net6.0/bl.tests.dll" id="06d0bc3a-24a0-fb7f-4277-e9ae6d21c7dd">
      <Execution id="e15d5a73-7543-4890-b6cd-144fa5f04ea0" />
      <TestMethod codeBase="/mnt/c/Users/alena/Desktop/7_sem/testing_and_debugging/SkiResort/BL.Tests/bin/Debug/net6.0/BL.Tests.dll" adapterTypeName="executor://xunit/VsTestRunner2/netcoreapp" className="BL.Tests.UsersServiceTests" name="TestAdminUpdateUser" />
    </UnitTest>
    <UnitTest name="BL.Tests.LiftsServiceTest.TestUpdateLiftInfoAsync(userID: 195, lift: Lift { LiftID = 78, LiftName = liftName478e9d5b-c2f1-4c17-a3a7-53fae308a770, IsOpen = True, SeatsAmount = 1, LiftingTime = 243, QueueTime = 3, ConnectedSlopes =  }, checkPermissionServiceMock: Mock&lt;ICheckPermissionService:3&gt;, liftsRepositoryStub: Mock&lt;ILiftsRepository:3&gt;, sut: LiftsService { })" storage="/mnt/c/users/alena/desktop/7_sem/testing_and_debugging/skiresort/bl.tests/bin/debug/net6.0/bl.tests.dll" id="83d837b0-32d3-f422-e305-8da648d67fb5">
      <Execution id="80e1aced-dcc5-43e2-9ba5-fd054f0abf12" />
      <TestMethod codeBase="/mnt/c/Users/alena/Desktop/7_sem/testing_and_debugging/SkiResort/BL.Tests/bin/Debug/net6.0/BL.Tests.dll" adapterTypeName="executor://xunit/VsTestRunner2/netcoreapp" className="BL.Tests.LiftsServiceTest" name="TestUpdateLiftInfoAsync" />
    </UnitTest>
    <UnitTest name="BL.Tests.UsersServiceTests.TestAdminGetUserByIDAsync" storage="/mnt/c/users/alena/desktop/7_sem/testing_and_debugging/skiresort/bl.tests/bin/debug/net6.0/bl.tests.dll" id="e5497347-2721-b7a6-0bd4-69a9921f6947">
      <Execution id="e76a972b-1f50-418b-94d2-2e32b5731da3" />
      <TestMethod codeBase="/mnt/c/Users/alena/Desktop/7_sem/testing_and_debugging/SkiResort/BL.Tests/bin/Debug/net6.0/BL.Tests.dll" adapterTypeName="executor://xunit/VsTestRunner2/netcoreapp" className="BL.Tests.UsersServiceTests" name="TestAdminGetUserByIDAsync" />
    </UnitTest>
    <UnitTest name="BL.Tests.LiftsServiceTest.TestGetLiftInfoAsync(userID: 199, lift: Lift { LiftID = 184, LiftName = liftName7ad9db90-4c91-4d06-be94-b8d23cbf2695, IsOpen = True, SeatsAmount = 202, LiftingTime = 26, QueueTime = 99, ConnectedSlopes =  }, checkPermissionServiceMock: Mock&lt;ICheckPermissionService:1&gt;, liftsRepositoryStub: Mock&lt;ILiftsRepository:1&gt;, liftsSlopesRepositoryStub: Mock&lt;ILiftsSlopesRepository:1&gt;, sut: LiftsService { })" storage="/mnt/c/users/alena/desktop/7_sem/testing_and_debugging/skiresort/bl.tests/bin/debug/net6.0/bl.tests.dll" id="d1fb8881-104b-9363-f5bc-afc154b5b1cd">
      <Execution id="9d63c8d8-6c8b-47e1-94ee-957247ac0359" />
      <TestMethod codeBase="/mnt/c/Users/alena/Desktop/7_sem/testing_and_debugging/SkiResort/BL.Tests/bin/Debug/net6.0/BL.Tests.dll" adapterTypeName="executor://xunit/VsTestRunner2/netcoreapp" className="BL.Tests.LiftsServiceTest" name="TestGetLiftInfoAsync" />
    </UnitTest>
    <UnitTest name="BL.Tests.UsersServiceTests.TestAdminGetUsers" storage="/mnt/c/users/alena/desktop/7_sem/testing_and_debugging/skiresort/bl.tests/bin/debug/net6.0/bl.tests.dll" id="20ad8570-0170-85de-dcd7-2f109dd7bcd6">
      <Execution id="52c348fb-21a6-4f8e-b1a3-ae61b57fb8d2" />
      <TestMethod codeBase="/mnt/c/Users/alena/Desktop/7_sem/testing_and_debugging/SkiResort/BL.Tests/bin/Debug/net6.0/BL.Tests.dll" adapterTypeName="executor://xunit/VsTestRunner2/netcoreapp" className="BL.Tests.UsersServiceTests" name="TestAdminGetUsers" />
    </UnitTest>
    <UnitTest name="BL.Tests.SlopesServiceTest.TestAdminAddAutoIncrementSlopeAsync(userID: 150, slope: Slope { SlopeID = 122, SlopeName = slopeNamee0c4027c-741d-41cb-b3e0-097886640370, IsOpen = True, DifficultyLevel = 71, ConnectedLifts =  }, checkPermissionServiceMock: Mock&lt;ICheckPermissionService:10&gt;, slopesRepositoryStub: Mock&lt;ISlopesRepository:8&gt;, sut: SlopesService { })" storage="/mnt/c/users/alena/desktop/7_sem/testing_and_debugging/skiresort/bl.tests/bin/debug/net6.0/bl.tests.dll" id="cc6bebfa-c3f2-7d1e-63d7-cd6a152bba99">
      <Execution id="398a42a3-7f39-43f8-a0bb-2482422b622d" />
      <TestMethod codeBase="/mnt/c/Users/alena/Desktop/7_sem/testing_and_debugging/SkiResort/BL.Tests/bin/Debug/net6.0/BL.Tests.dll" adapterTypeName="executor://xunit/VsTestRunner2/netcoreapp" className="BL.Tests.SlopesServiceTest" name="TestAdminAddAutoIncrementSlopeAsync" />
    </UnitTest>
  </TestDefinitions>
  <TestEntries>
    <TestEntry testId="20ad8570-0170-85de-dcd7-2f109dd7bcd6" executionId="52c348fb-21a6-4f8e-b1a3-ae61b57fb8d2" testListId="8c84fa94-04c1-424b-9868-57a2d4851a1d" />
    <TestEntry testId="e429852d-a6ed-7c2a-25fd-cd839b159d56" executionId="a1dc6fb5-0889-44ca-8af3-001164325a24" testListId="8c84fa94-04c1-424b-9868-57a2d4851a1d" />
    <TestEntry testId="69340bb6-3645-f9dd-971e-29d8b2a009bb" executionId="1f200d46-b22c-46c3-9c73-c5502ccb9401" testListId="8c84fa94-04c1-424b-9868-57a2d4851a1d" />
    <TestEntry testId="7619e31c-fc9c-4ae1-bb26-086c186b5e59" executionId="b94ad2f0-211a-43cc-8df5-01752f02ea85" testListId="8c84fa94-04c1-424b-9868-57a2d4851a1d" />
    <TestEntry testId="f817e5ea-93ee-2829-be87-3ed6659456fb" executionId="5c1d86e3-2b20-4b8f-b6ed-6d05c5df7e4e" testListId="8c84fa94-04c1-424b-9868-57a2d4851a1d" />
    <TestEntry testId="a2e59116-cb53-1d70-9cb8-21c286516866" executionId="ca472ad2-c22e-4ed1-9b88-2955bf6a4348" testListId="8c84fa94-04c1-424b-9868-57a2d4851a1d" />
    <TestEntry testId="1d00515c-d771-634b-5b84-ca41bf8fc73b" executionId="d0d17305-5a26-4ada-851b-ab668cf4c86e" testListId="8c84fa94-04c1-424b-9868-57a2d4851a1d" />
    <TestEntry testId="06d0bc3a-24a0-fb7f-4277-e9ae6d21c7dd" executionId="e15d5a73-7543-4890-b6cd-144fa5f04ea0" testListId="8c84fa94-04c1-424b-9868-57a2d4851a1d" />
    <TestEntry testId="18fa8c62-e27d-e1fc-8182-4d7db62b008d" executionId="c3c3dab4-74de-4bee-9015-49af837b1be8" testListId="8c84fa94-04c1-424b-9868-57a2d4851a1d" />
    <TestEntry testId="8184bd30-991c-b78d-b4ec-99a485eac0dd" executionId="649c3b64-16a9-4b2c-b01c-3911f61b8946" testListId="8c84fa94-04c1-424b-9868-57a2d4851a1d" />
    <TestEntry testId="2d706594-f2b3-b3c8-21d4-86c9798c3306" executionId="9cf34478-1a8c-4d91-9d76-0711ec37ba75" testListId="8c84fa94-04c1-424b-9868-57a2d4851a1d" />
    <TestEntry testId="a19a5fcf-c5d2-7d44-5d7d-84403042f4e0" executionId="8ee207e2-f809-4f80-ae77-5e461ee8758a" testListId="8c84fa94-04c1-424b-9868-57a2d4851a1d" />
    <TestEntry testId="81eb6e49-152b-9047-f061-f86facde6ade" executionId="53253719-8bbe-4966-9d8d-b508a3e4c6e1" testListId="8c84fa94-04c1-424b-9868-57a2d4851a1d" />
    <TestEntry testId="387c9729-48c1-486e-5e67-f5d11a9f0db8" executionId="12b4bc65-afb2-4f82-b6a7-8e90249ee93c" testListId="8c84fa94-04c1-424b-9868-57a2d4851a1d" />
    <TestEntry testId="fa960c5e-f989-2880-784e-8efe538c5231" executionId="22f9a32e-999f-479d-be10-d36fd1c02b4d" testListId="8c84fa94-04c1-424b-9868-57a2d4851a1d" />
    <TestEntry testId="fd6eed8d-285c-010f-0114-b777d5dd37a2" executionId="638c9d7d-2ead-4a17-9862-43cbdaeca25c" testListId="8c84fa94-04c1-424b-9868-57a2d4851a1d" />
    <TestEntry testId="f3efc418-a8a6-c7b7-9bac-90b33aa8472f" executionId="a1bf7481-45e2-4c79-b4b0-ab36b8071a72" testListId="8c84fa94-04c1-424b-9868-57a2d4851a1d" />
    <TestEntry testId="4f297306-d4f3-8d63-e7f4-1ac0b8c58c74" executionId="146d1164-041e-444a-8176-e80c266616d9" testListId="8c84fa94-04c1-424b-9868-57a2d4851a1d" />
    <TestEntry testId="eaabd2fc-2f4b-5689-59c8-c7ad34a8f634" executionId="e05ce59c-b496-4f7a-9648-1eee3fc21df5" testListId="8c84fa94-04c1-424b-9868-57a2d4851a1d" />
    <TestEntry testId="1ca07ad8-f799-c5d4-e7cc-34fd950198a2" executionId="c173a118-f71b-45b8-9a45-2da079dcbf57" testListId="8c84fa94-04c1-424b-9868-57a2d4851a1d" />
    <TestEntry testId="2602613f-c8e2-a6d9-fcf7-5b27d4a770a6" executionId="aa680671-6629-482f-a683-1f7e5133b59b" testListId="8c84fa94-04c1-424b-9868-57a2d4851a1d" />
    <TestEntry testId="229812f5-9a73-5335-11f5-31330d1348a5" executionId="581440a2-a6ef-4689-b752-50e690954584" testListId="8c84fa94-04c1-424b-9868-57a2d4851a1d" />
    <TestEntry testId="61f89462-4168-eab3-539e-5f7ced753d87" executionId="b4b10b45-b0e9-401d-b1ac-9e5cf0571948" testListId="8c84fa94-04c1-424b-9868-57a2d4851a1d" />
    <TestEntry testId="9c7df5e2-1b23-ebea-889f-b78ca86b60ab" executionId="d746d177-1550-4c01-a873-7b7a2e394670" testListId="8c84fa94-04c1-424b-9868-57a2d4851a1d" />
    <TestEntry testId="f44a1b21-8efc-bfac-63b4-d534442def31" executionId="dae7ef95-d3f8-465d-bff2-b09f34a29a0b" testListId="8c84fa94-04c1-424b-9868-57a2d4851a1d" />
    <TestEntry testId="5b5a5e1f-1657-54e7-6243-2429b65910b0" executionId="fde1e551-481c-4c35-a7bb-452c7541f196" testListId="8c84fa94-04c1-424b-9868-57a2d4851a1d" />
    <TestEntry testId="83d837b0-32d3-f422-e305-8da648d67fb5" executionId="80e1aced-dcc5-43e2-9ba5-fd054f0abf12" testListId="8c84fa94-04c1-424b-9868-57a2d4851a1d" />
    <TestEntry testId="79bcd1d9-75f6-10d7-4782-bb7df3c78d01" executionId="c7dbc5a0-10a8-4f66-8513-2f005dbe5ceb" testListId="8c84fa94-04c1-424b-9868-57a2d4851a1d" />
    <TestEntry testId="e5497347-2721-b7a6-0bd4-69a9921f6947" executionId="e76a972b-1f50-418b-94d2-2e32b5731da3" testListId="8c84fa94-04c1-424b-9868-57a2d4851a1d" />
    <TestEntry testId="08ac1db6-b1fc-9e77-0707-dd30c79f887b" executionId="b4c0a809-29fd-4cec-8f00-fecf63c054ff" testListId="8c84fa94-04c1-424b-9868-57a2d4851a1d" />
    <TestEntry testId="60bd668f-04df-da5e-b79b-5d9aedb5234d" executionId="0b77c68a-00dc-4f11-a86c-de863c16560a" testListId="8c84fa94-04c1-424b-9868-57a2d4851a1d" />
    <TestEntry testId="37461ed7-3d69-5dd5-0361-b86e07fc2679" executionId="5cef5104-26f4-46fa-b140-7c426df9c9f4" testListId="8c84fa94-04c1-424b-9868-57a2d4851a1d" />
    <TestEntry testId="aa28a6b3-21d3-aa45-24d3-bef2facbc899" executionId="0e9d0e3d-d66c-4ac1-8540-f6c53caecbd2" testListId="8c84fa94-04c1-424b-9868-57a2d4851a1d" />
    <TestEntry testId="834c739b-eca4-b36d-6a66-5a1bd75377b8" executionId="f10a4445-b6f9-40f9-bb0a-e94fff4ed0f2" testListId="8c84fa94-04c1-424b-9868-57a2d4851a1d" />
    <TestEntry testId="d1fb8881-104b-9363-f5bc-afc154b5b1cd" executionId="9d63c8d8-6c8b-47e1-94ee-957247ac0359" testListId="8c84fa94-04c1-424b-9868-57a2d4851a1d" />
    <TestEntry testId="5a472301-e684-4432-ce1a-2666a78c9195" executionId="598c805c-7828-4b76-9c7e-0b923a8372c6" testListId="8c84fa94-04c1-424b-9868-57a2d4851a1d" />
    <TestEntry testId="644ec43e-70cd-c82d-42e7-0d990be1414d" executionId="da1bf488-8be0-4f1d-9d1e-72f574255801" testListId="8c84fa94-04c1-424b-9868-57a2d4851a1d" />
    <TestEntry testId="c36970dc-93f7-753e-fa47-157133b01644" executionId="10e1704d-79e9-49b8-8099-88a7e65b8aaf" testListId="8c84fa94-04c1-424b-9868-57a2d4851a1d" />
    <TestEntry testId="492c0393-35b4-df26-a537-21ca08302f3c" executionId="f5d30b73-afc0-4dba-a864-2d50eca2974f" testListId="8c84fa94-04c1-424b-9868-57a2d4851a1d" />
    <TestEntry testId="cc6bebfa-c3f2-7d1e-63d7-cd6a152bba99" executionId="398a42a3-7f39-43f8-a0bb-2482422b622d" testListId="8c84fa94-04c1-424b-9868-57a2d4851a1d" />
    <TestEntry testId="e2d7e5be-3dae-33ae-fb17-c704b6fd58d6" executionId="54dae55d-8ef2-4bdd-a9cf-98ffc606b3de" testListId="8c84fa94-04c1-424b-9868-57a2d4851a1d" />
    <TestEntry testId="813507ae-3e65-40ab-dfbc-609ebce5c674" executionId="bb8320d0-a030-4c1b-8bd5-5f588f305830" testListId="8c84fa94-04c1-424b-9868-57a2d4851a1d" />
    <TestEntry testId="aea228f1-2dd8-3081-164d-85e193e9f9e7" executionId="81a2cc50-5e32-4c6f-959d-c8d0b0090d6a" testListId="8c84fa94-04c1-424b-9868-57a2d4851a1d" />
    <TestEntry testId="894941c1-bfa7-d8f9-c047-1e1ceefe2c2f" executionId="8747fbd5-c048-4984-84e9-99e8fdac08fc" testListId="8c84fa94-04c1-424b-9868-57a2d4851a1d" />
    <TestEntry testId="63571be0-8f26-a34f-5a9f-7cef4dfc4ae0" executionId="dc11e33a-788b-4384-beb0-9a17aa25a6d9" testListId="8c84fa94-04c1-424b-9868-57a2d4851a1d" />
    <TestEntry testId="0eeef75f-6e38-7893-a8fe-cff3e0a970a7" executionId="467b004f-4720-4332-88cd-c82228747f55" testListId="8c84fa94-04c1-424b-9868-57a2d4851a1d" />
    <TestEntry testId="c7042a52-f196-afcc-2843-46ecb3b13cf6" executionId="a67ea956-f3b9-4531-a2c5-2cf6250a3a1f" testListId="8c84fa94-04c1-424b-9868-57a2d4851a1d" />
  </TestEntries>
  <TestLists>
    <TestList name="Results Not in a List" id="8c84fa94-04c1-424b-9868-57a2d4851a1d" />
    <TestList name="All Loaded Results" id="19431567-8539-422a-85d7-44ee4e166bda" />
  </TestLists>
  <ResultSummary outcome="Failed">
    <Counters total="47" executed="47" passed="46" failed="1" error="0" timeout="0" aborted="0" inconclusive="0" passedButRunAborted="0" notRunnable="0" notExecuted="0" disconnected="0" warning="0" completed="0" inProgress="0" pending="0" />
    <Output>
      <StdOut>[xUnit.net 00:00:00.00] xUnit.net VSTest Adapter v2.4.5+1caef2f33e (64-bit .NET 6.0.10)
[xUnit.net 00:00:00.81]   Discovering: BL.Tests
[xUnit.net 00:00:01.10]   Discovered:  BL.Tests
[xUnit.net 00:00:01.10]   Starting:    BL.Tests
[xUnit.net 00:00:01.37]       Assert.NotEqual() Failure
[xUnit.net 00:00:01.37]       Expected: Not Lift { LiftID = 184, LiftName = liftName7ad9db90-4c91-4d06-be94-b8d23cbf2695, IsOpen = True, SeatsAmount = 202, LiftingTime = 26, QueueTime = 99, ConnectedSlopes =  }
[xUnit.net 00:00:01.37]       Actual:   Lift { LiftID = 184, LiftName = liftName7ad9db90-4c91-4d06-be94-b8d23cbf2695, IsOpen = True, SeatsAmount = 202, LiftingTime = 26, QueueTime = 99, ConnectedSlopes =  }
[xUnit.net 00:00:01.37]       Stack Trace:
[xUnit.net 00:00:01.37]         /mnt/c/Users/alena/Desktop/7_sem/testing_and_debugging/SkiResort/BL.Tests/LiftsServiceTest.cs(42,0): at BL.Tests.LiftsServiceTest.TestGetLiftInfoAsync(UInt32 userID, Lift lift, Mock`1 checkPermissionServiceMock, Mock`1 liftsRepositoryStub, Mock`1 liftsSlopesRepositoryStub, LiftsService sut)
[xUnit.net 00:00:01.37]            at System.Threading.Tasks.Task.&lt;&gt;c.&lt;ThrowAsync&gt;b__128_0(Object state)
[xUnit.net 00:00:01.52]   Finished:    BL.Tests
</StdOut>
    </Output>
    <RunInfos>
      <RunInfo computerName="DESKTOP-TJ9D65N" outcome="Error" timestamp="2022-11-03T11:12:45.4478612+03:00">
        <Text>[xUnit.net 00:00:01.36]     BL.Tests.LiftsServiceTest.TestGetLiftInfoAsync(userID: 199, lift: Lift { LiftID = 184, LiftName = liftName7ad9db90-4c91-4d06-be94-b8d23cbf2695, IsOpen = True, SeatsAmount = 202, LiftingTime = 26, QueueTime = 99, ConnectedSlopes =  }, checkPermissionServiceMock: Mock&lt;ICheckPermissionService:1&gt;, liftsRepositoryStub: Mock&lt;ILiftsRepository:1&gt;, liftsSlopesRepositoryStub: Mock&lt;ILiftsSlopesRepository:1&gt;, sut: LiftsService { }) [FAIL]</Text>
      </RunInfo>
    </RunInfos>
  </ResultSummary>
</TestRun>