<?xml version="1.0" encoding="utf-8"?>
<TestRun id="794c7fbb-e86e-455d-ad7e-45e517e14bc9" name="@DESKTOP-TJ9D65N 2022-10-16 16:03:35" xmlns="http://microsoft.com/schemas/VisualStudio/TeamTest/2010">
  <Times creation="2022-10-16T16:03:35.9720719+03:00" queuing="2022-10-16T16:03:35.9720724+03:00" start="2022-10-16T16:03:33.4814513+03:00" finish="2022-10-16T16:03:36.3198281+03:00" />
  <TestSettings name="default" id="9dd548bb-8009-424b-8c19-e5187a24a570">
    <Deployment runDeploymentRoot="_DESKTOP-TJ9D65N_2022-10-16_16_03_35" />
  </TestSettings>
  <Results>
    <UnitTestResult executionId="ddd798b9-0799-4de7-a101-a957b4de8a0f" testId="2d706594-f2b3-b3c8-21d4-86c9798c3306" testName="BL.Tests.CheckPermissionsServiceTests.SkiPatrolHasAccessToAdminSkiPatrolFunctions(functionName: &quot;GetLiftsSlopesInfoAsync&quot;)" computerName="DESKTOP-TJ9D65N" duration="00:00:00.0036617" startTime="2022-10-16T16:03:36.0361863+03:00" endTime="2022-10-16T16:03:36.0361863+03:00" testType="13cdc9d9-ddb5-4fa4-a97d-d965ccfc6d4b" outcome="Passed" testListId="8c84fa94-04c1-424b-9868-57a2d4851a1d" relativeResultsDirectory="ddd798b9-0799-4de7-a101-a957b4de8a0f" />
    <UnitTestResult executionId="40a73dd7-ba1b-454a-a05a-7684382a65e3" testId="ab66baf2-5cec-8f21-6fbc-948b74fa6a01" testName="BL.Tests.SlopesServiceTest.TestGetSlopesInfoAsync(userID: 208, initialSlopes: [Slope { SlopeID = 59, SlopeName = slopeName87c048db-ed21-43b5-9fa2-835c066aba23, IsOpen = True, DifficultyLevel = 44, ConnectedLifts =  }, Slope { SlopeID = 255, SlopeName = slopeNamece554622-69bb-44f4-8d51-75eb8feca6b9, IsOpen = False, DifficultyLevel = 38, ConnectedLifts =  }, Slope { SlopeID = 241, SlopeName = slopeName3469a685-df5d-467f-b196-05612dcd2c50, IsOpen = True, DifficultyLevel = 138, ConnectedLifts =  }], checkPermissionServiceMock: Mock&lt;ICheckPermissionService:7&gt;, slopesRepositoryStub: Mock&lt;ISlopesRepository:5&gt;, liftsSlopesRepositoryStub: Mock&lt;ILiftsSlopesRepository:10&gt;, sut: SlopesService { })" computerName="DESKTOP-TJ9D65N" duration="00:00:00.0105492" startTime="2022-10-16T16:03:36.0417561+03:00" endTime="2022-10-16T16:03:36.0417562+03:00" testType="13cdc9d9-ddb5-4fa4-a97d-d965ccfc6d4b" outcome="Passed" testListId="8c84fa94-04c1-424b-9868-57a2d4851a1d" relativeResultsDirectory="40a73dd7-ba1b-454a-a05a-7684382a65e3" />
    <UnitTestResult executionId="bb37ad0a-bc9c-4b9c-9de1-244192901c94" testId="e429852d-a6ed-7c2a-25fd-cd839b159d56" testName="BL.Tests.LiftsSlopesServiceTests.TestGetLiftsSlopesInfoAsync(liftsSlopes: [LiftSlope { RecordID = 193, LiftID = 185, SlopeID = 88 }, LiftSlope { RecordID = 123, LiftID = 147, SlopeID = 207 }, LiftSlope { RecordID = 221, LiftID = 161, SlopeID = 154 }], slopesRepositoryStub: Mock&lt;ISlopesRepository:1&gt;, liftsRepositoryStub: Mock&lt;ILiftsRepository:6&gt;, liftsSlopesRepositoryStub: Mock&lt;ILiftsSlopesRepository:6&gt;)" computerName="DESKTOP-TJ9D65N" duration="00:00:00.0439684" startTime="2022-10-16T16:03:35.8426007+03:00" endTime="2022-10-16T16:03:35.8426008+03:00" testType="13cdc9d9-ddb5-4fa4-a97d-d965ccfc6d4b" outcome="Passed" testListId="8c84fa94-04c1-424b-9868-57a2d4851a1d" relativeResultsDirectory="bb37ad0a-bc9c-4b9c-9de1-244192901c94" />
    <UnitTestResult executionId="1749dc09-4dfa-4fa3-98aa-840fcfee5b9e" testId="834c739b-eca4-b36d-6a66-5a1bd75377b8" testName="BL.Tests.UsersServiceTests.TestAdminAddAutoIncrementUser" computerName="DESKTOP-TJ9D65N" duration="00:00:00.0078857" startTime="2022-10-16T16:03:36.1548137+03:00" endTime="2022-10-16T16:03:36.1548138+03:00" testType="13cdc9d9-ddb5-4fa4-a97d-d965ccfc6d4b" outcome="Passed" testListId="8c84fa94-04c1-424b-9868-57a2d4851a1d" relativeResultsDirectory="1749dc09-4dfa-4fa3-98aa-840fcfee5b9e" />
    <UnitTestResult executionId="fd50ce78-76c5-4b07-9fbb-4204943cdc7c" testId="cbe262f8-b79e-3dff-afb4-6798f8734603" testName="BL.Tests.TurnstilesServiceTest.TestAdminAddAutoIncrementTurnstileAsync(userID: 35, turnstile: Turnstile { TurnstileID = 120, LiftID = 42, IsOpen = True }, checkPermissionServiceMock: Mock&lt;ICheckPermissionService:16&gt;, turnstilesRepositoryStub: Mock&lt;ITurnstilesRepository:10&gt;, sut: TurnstilesService { })" computerName="DESKTOP-TJ9D65N" duration="00:00:00.0078815" startTime="2022-10-16T16:03:35.9440889+03:00" endTime="2022-10-16T16:03:35.9440889+03:00" testType="13cdc9d9-ddb5-4fa4-a97d-d965ccfc6d4b" outcome="Passed" testListId="8c84fa94-04c1-424b-9868-57a2d4851a1d" relativeResultsDirectory="fd50ce78-76c5-4b07-9fbb-4204943cdc7c" />
    <UnitTestResult executionId="cbf5f67d-bb69-4817-a894-f419ebc31a15" testId="8184bd30-991c-b78d-b4ec-99a485eac0dd" testName="BL.Tests.UsersServiceTests.TestRegisterUserWithNoEmail" computerName="DESKTOP-TJ9D65N" duration="00:00:00.0042739" startTime="2022-10-16T16:03:35.9440690+03:00" endTime="2022-10-16T16:03:35.9440691+03:00" testType="13cdc9d9-ddb5-4fa4-a97d-d965ccfc6d4b" outcome="Passed" testListId="8c84fa94-04c1-424b-9868-57a2d4851a1d" relativeResultsDirectory="cbf5f67d-bb69-4817-a894-f419ebc31a15" />
    <UnitTestResult executionId="fcf4e079-fbb2-46be-a505-ac980880552b" testId="69340bb6-3645-f9dd-971e-29d8b2a009bb" testName="BL.Tests.UsersServiceTests.TestLogInWithWrongPassword" computerName="DESKTOP-TJ9D65N" duration="00:00:00.0031475" startTime="2022-10-16T16:03:36.1169479+03:00" endTime="2022-10-16T16:03:36.1169480+03:00" testType="13cdc9d9-ddb5-4fa4-a97d-d965ccfc6d4b" outcome="Passed" testListId="8c84fa94-04c1-424b-9868-57a2d4851a1d" relativeResultsDirectory="fcf4e079-fbb2-46be-a505-ac980880552b" />
    <UnitTestResult executionId="ad14d6cd-a329-4858-affb-01fd930f0b88" testId="20ad8570-0170-85de-dcd7-2f109dd7bcd6" testName="BL.Tests.UsersServiceTests.TestAdminGetUsers" computerName="DESKTOP-TJ9D65N" duration="00:00:00.0441448" startTime="2022-10-16T16:03:35.8426126+03:00" endTime="2022-10-16T16:03:35.8426127+03:00" testType="13cdc9d9-ddb5-4fa4-a97d-d965ccfc6d4b" outcome="Passed" testListId="8c84fa94-04c1-424b-9868-57a2d4851a1d" relativeResultsDirectory="ad14d6cd-a329-4858-affb-01fd930f0b88" />
    <UnitTestResult executionId="bc6cce28-cf7d-4f58-9789-76350f72be81" testId="4102e131-d6f4-76b2-5067-17a5f9907929" testName="BL.Tests.SlopesServiceTest.TestUpdateSlopeInfoAsync(userID: 71, slope: Slope { SlopeID = 49, SlopeName = slopeNamee01490ea-2660-4523-a01c-322c77e78671, IsOpen = True, DifficultyLevel = 85, ConnectedLifts =  }, checkPermissionServiceMock: Mock&lt;ICheckPermissionService:8&gt;, slopesRepositoryStub: Mock&lt;ISlopesRepository:6&gt;, sut: SlopesService { })" computerName="DESKTOP-TJ9D65N" duration="00:00:00.0086659" startTime="2022-10-16T16:03:35.9457306+03:00" endTime="2022-10-16T16:03:35.9457307+03:00" testType="13cdc9d9-ddb5-4fa4-a97d-d965ccfc6d4b" outcome="Passed" testListId="8c84fa94-04c1-424b-9868-57a2d4851a1d" relativeResultsDirectory="bc6cce28-cf7d-4f58-9789-76350f72be81" />
    <UnitTestResult executionId="ce201a43-a4cd-4717-bde8-df070d4ee704" testId="013fb126-02d9-086c-31f0-8855209ae58a" testName="BL.Tests.LiftsServiceTest.TestGetLiftInfoAsync(userID: 157, lift: Lift { LiftID = 16, LiftName = liftName3808e4a3-fe2c-403f-9b0b-1538953db320, IsOpen = True, SeatsAmount = 61, LiftingTime = 163, QueueTime = 3, ConnectedSlopes =  }, checkPermissionServiceMock: Mock&lt;ICheckPermissionService:1&gt;, liftsRepositoryStub: Mock&lt;ILiftsRepository:1&gt;, liftsSlopesRepositoryStub: Mock&lt;ILiftsSlopesRepository:1&gt;, sut: LiftsService { })" computerName="DESKTOP-TJ9D65N" duration="00:00:00.0395782" startTime="2022-10-16T16:03:35.8425401+03:00" endTime="2022-10-16T16:03:35.8425401+03:00" testType="13cdc9d9-ddb5-4fa4-a97d-d965ccfc6d4b" outcome="Passed" testListId="8c84fa94-04c1-424b-9868-57a2d4851a1d" relativeResultsDirectory="ce201a43-a4cd-4717-bde8-df070d4ee704" />
    <UnitTestResult executionId="d6444f59-6a88-47db-9ca3-3c7050f43677" testId="44e24c35-f0fb-cbcc-7480-536d8e58ed08" testName="BL.Tests.SlopesServiceTest.TestAdminDeleteSlopeAsync(userID: 22, slope: Slope { SlopeID = 247, SlopeName = slopeName5f946ff0-9b30-4fa7-8ccc-44b56ba22815, IsOpen = True, DifficultyLevel = 225, ConnectedLifts =  }, checkPermissionServiceMock: Mock&lt;ICheckPermissionService:9&gt;, slopesRepositoryStub: Mock&lt;ISlopesRepository:7&gt;, liftsSlopesRepositoryStub: Mock&lt;ILiftsSlopesRepository:12&gt;, sut: SlopesService { })" computerName="DESKTOP-TJ9D65N" duration="00:00:00.0094815" startTime="2022-10-16T16:03:36.0624971+03:00" endTime="2022-10-16T16:03:36.0624972+03:00" testType="13cdc9d9-ddb5-4fa4-a97d-d965ccfc6d4b" outcome="Passed" testListId="8c84fa94-04c1-424b-9868-57a2d4851a1d" relativeResultsDirectory="d6444f59-6a88-47db-9ca3-3c7050f43677" />
    <UnitTestResult executionId="4b2f959d-0364-4525-858d-748191432014" testId="aa28a6b3-21d3-aa45-24d3-bef2facbc899" testName="BL.Tests.CheckPermissionsServiceTests.AuthorizedHasAccessToAuthorizedFunctions(functionName: &quot;LogOutAsync&quot;)" computerName="DESKTOP-TJ9D65N" duration="00:00:00.0012837" startTime="2022-10-16T16:03:36.1922597+03:00" endTime="2022-10-16T16:03:36.1922599+03:00" testType="13cdc9d9-ddb5-4fa4-a97d-d965ccfc6d4b" outcome="Passed" testListId="8c84fa94-04c1-424b-9868-57a2d4851a1d" relativeResultsDirectory="4b2f959d-0364-4525-858d-748191432014" />
    <UnitTestResult executionId="3c7f3768-f9d6-48e2-ab8a-ca4a156ee868" testId="387c9729-48c1-486e-5e67-f5d11a9f0db8" testName="BL.Tests.CheckPermissionsServiceTests.UnauthorizedHasNoAccessToAdminSkiPatrolFunctions(functionName: &quot;GetLiftsSlopesInfoAsync&quot;)" computerName="DESKTOP-TJ9D65N" duration="00:00:00.0018841" startTime="2022-10-16T16:03:35.9439884+03:00" endTime="2022-10-16T16:03:35.9439885+03:00" testType="13cdc9d9-ddb5-4fa4-a97d-d965ccfc6d4b" outcome="Passed" testListId="8c84fa94-04c1-424b-9868-57a2d4851a1d" relativeResultsDirectory="3c7f3768-f9d6-48e2-ab8a-ca4a156ee868" />
    <UnitTestResult executionId="10e6e034-4732-41ff-b4d4-c9276eed5ae6" testId="baa4ec8b-d544-2f9a-4698-ab3595caf0f3" testName="BL.Tests.LiftsServiceTest.TestGetLiftsInfoAsync(userID: 106, initialLifts: [Lift { LiftID = 196, LiftName = liftName46d04df7-9866-4e4f-9846-3d3e2e3ccf0f, IsOpen = True, SeatsAmount = 132, LiftingTime = 242, QueueTime = 225, ConnectedSlopes =  }, Lift { LiftID = 59, LiftName = liftName142db281-6048-44d2-82e3-409975f98b6a, IsOpen = False, SeatsAmount = 194, LiftingTime = 247, QueueTime = 154, ConnectedSlopes =  }, Lift { LiftID = 234, LiftName = liftName6291c153-3571-4115-945b-2613e971f099, IsOpen = True, SeatsAmount = 98, LiftingTime = 163, QueueTime = 63, ConnectedSlopes =  }], checkPermissionServiceMock: Mock&lt;ICheckPermissionService:2&gt;, liftsRepositoryStub: Mock&lt;ILiftsRepository:2&gt;, liftsSlopesRepositoryStub: Mock&lt;ILiftsSlopesRepository:2&gt;, sut: LiftsService { })" computerName="DESKTOP-TJ9D65N" duration="00:00:00.0552493" startTime="2022-10-16T16:03:35.9458760+03:00" endTime="2022-10-16T16:03:35.9458760+03:00" testType="13cdc9d9-ddb5-4fa4-a97d-d965ccfc6d4b" outcome="Passed" testListId="8c84fa94-04c1-424b-9868-57a2d4851a1d" relativeResultsDirectory="10e6e034-4732-41ff-b4d4-c9276eed5ae6" />
    <UnitTestResult executionId="fabce277-e3ed-4cea-88d9-b2d0dd7ff614" testId="721b5731-9f53-b8b6-9429-d8ac134acdb9" testName="BL.Tests.LiftsServiceTest.TestAdminDeleteLiftAsync(userID: 105, lift: Lift { LiftID = 244, LiftName = liftName3a5c8f5b-cbe6-4a1b-b0a9-776fa8d4e27f, IsOpen = True, SeatsAmount = 163, LiftingTime = 50, QueueTime = 70, ConnectedSlopes =  }, checkPermissionServiceMock: Mock&lt;ICheckPermissionService:4&gt;, liftsRepositoryStub: Mock&lt;ILiftsRepository:4&gt;, liftsSlopesRepositoryStub: Mock&lt;ILiftsSlopesRepository:4&gt;, sut: LiftsService { })" computerName="DESKTOP-TJ9D65N" duration="00:00:00.0119008" startTime="2022-10-16T16:03:36.0498867+03:00" endTime="2022-10-16T16:03:36.0498868+03:00" testType="13cdc9d9-ddb5-4fa4-a97d-d965ccfc6d4b" outcome="Passed" testListId="8c84fa94-04c1-424b-9868-57a2d4851a1d" relativeResultsDirectory="fabce277-e3ed-4cea-88d9-b2d0dd7ff614" />
    <UnitTestResult executionId="3e5ab537-fa2c-4092-9da6-27ffbc764862" testId="1ca07ad8-f799-c5d4-e7cc-34fd950198a2" testName="BL.Tests.UsersServiceTests.TestLogInOk" computerName="DESKTOP-TJ9D65N" duration="00:00:00.0050257" startTime="2022-10-16T16:03:36.0877595+03:00" endTime="2022-10-16T16:03:36.0877596+03:00" testType="13cdc9d9-ddb5-4fa4-a97d-d965ccfc6d4b" outcome="Passed" testListId="8c84fa94-04c1-424b-9868-57a2d4851a1d" relativeResultsDirectory="3e5ab537-fa2c-4092-9da6-27ffbc764862" />
    <UnitTestResult executionId="41827501-42ce-4a92-9acb-166f52f36c01" testId="b6fee6f0-4f6a-f2a8-b855-5fabf343a6c2" testName="BL.Tests.LiftsSlopesServiceTests.TestAdminAddAutoIncrementLiftSlopeAsync(lift: Lift { LiftID = 243, LiftName = liftName3ff7afd7-6462-4053-82de-559bc84a677b, IsOpen = True, SeatsAmount = 15, LiftingTime = 138, QueueTime = 166, ConnectedSlopes =  }, slope: Slope { SlopeID = 157, SlopeName = slopeName6abcd5e7-3a77-4ce8-992b-34332580319b, IsOpen = False, DifficultyLevel = 3, ConnectedLifts =  }, slopesRepositoryStub: Mock&lt;ISlopesRepository:3&gt;, liftsRepositoryStub: Mock&lt;ILiftsRepository:8&gt;, liftsSlopesRepositoryStub: Mock&lt;ILiftsSlopesRepository:8&gt;)" computerName="DESKTOP-TJ9D65N" duration="00:00:00.0114781" startTime="2022-10-16T16:03:35.9457027+03:00" endTime="2022-10-16T16:03:35.9457027+03:00" testType="13cdc9d9-ddb5-4fa4-a97d-d965ccfc6d4b" outcome="Passed" testListId="8c84fa94-04c1-424b-9868-57a2d4851a1d" relativeResultsDirectory="41827501-42ce-4a92-9acb-166f52f36c01" />
    <UnitTestResult executionId="6ac27f2b-b414-43f3-bd71-0eca0f967e70" testId="1118e175-b06c-8f30-d488-4af4ee7b93dd" testName="BL.Tests.TurnstilesServiceTest.TestAdminUpdateTurnstileAsync(userID: 15, turnstile: Turnstile { TurnstileID = 243, LiftID = 47, IsOpen = True }, checkPermissionServiceMock: Mock&lt;ICheckPermissionService:14&gt;, turnstilesRepositoryStub: Mock&lt;ITurnstilesRepository:8&gt;, sut: TurnstilesService { })" computerName="DESKTOP-TJ9D65N" duration="00:00:00.0072277" startTime="2022-10-16T16:03:35.9458583+03:00" endTime="2022-10-16T16:03:35.9458583+03:00" testType="13cdc9d9-ddb5-4fa4-a97d-d965ccfc6d4b" outcome="Passed" testListId="8c84fa94-04c1-424b-9868-57a2d4851a1d" relativeResultsDirectory="6ac27f2b-b414-43f3-bd71-0eca0f967e70" />
    <UnitTestResult executionId="e7eb01fe-a4f4-4aff-b696-37aee5bdcefc" testId="f7eafa7f-68ba-9653-0fa0-99f68b0eabfa" testName="BL.Tests.LiftsSlopesServiceTests.TestAdminDeleteLiftSlopeAsync(lift: Lift { LiftID = 75, LiftName = liftName23f23926-6058-4ffe-a526-d99b2a16b09a, IsOpen = True, SeatsAmount = 9, LiftingTime = 159, QueueTime = 169, ConnectedSlopes =  }, slope: Slope { SlopeID = 113, SlopeName = slopeName58ae494d-8ab2-456f-8b23-478d51c47a9e, IsOpen = False, DifficultyLevel = 36, ConnectedLifts =  }, slopesRepositoryStub: Mock&lt;ISlopesRepository:2&gt;, liftsRepositoryStub: Mock&lt;ILiftsRepository:7&gt;, liftsSlopesRepositoryStub: Mock&lt;ILiftsSlopesRepository:7&gt;)" computerName="DESKTOP-TJ9D65N" duration="00:00:00.0078695" startTime="2022-10-16T16:03:35.9440994+03:00" endTime="2022-10-16T16:03:35.9440995+03:00" testType="13cdc9d9-ddb5-4fa4-a97d-d965ccfc6d4b" outcome="Passed" testListId="8c84fa94-04c1-424b-9868-57a2d4851a1d" relativeResultsDirectory="e7eb01fe-a4f4-4aff-b696-37aee5bdcefc" />
    <UnitTestResult executionId="fcafa770-66dd-4693-b477-fd01d0c497b3" testId="0eeef75f-6e38-7893-a8fe-cff3e0a970a7" testName="BL.Tests.UsersServiceTests.TestRegisterOk" computerName="DESKTOP-TJ9D65N" duration="00:00:00.0130715" startTime="2022-10-16T16:03:36.0543633+03:00" endTime="2022-10-16T16:03:36.0543634+03:00" testType="13cdc9d9-ddb5-4fa4-a97d-d965ccfc6d4b" outcome="Passed" testListId="8c84fa94-04c1-424b-9868-57a2d4851a1d" relativeResultsDirectory="fcafa770-66dd-4693-b477-fd01d0c497b3" />
    <UnitTestResult executionId="92643aa0-fa44-4db2-b8a7-16813046f9f2" testId="ccee79ff-07c6-b281-6754-80b5f14056a3" testName="BL.Tests.LiftsServiceTest.TestUpdateLiftInfoAsync(userID: 65, lift: Lift { LiftID = 227, LiftName = liftNameb8d1f0e4-edc4-4659-b4c8-6ad15ebeb48e, IsOpen = True, SeatsAmount = 48, LiftingTime = 168, QueueTime = 160, ConnectedSlopes =  }, checkPermissionServiceMock: Mock&lt;ICheckPermissionService:3&gt;, liftsRepositoryStub: Mock&lt;ILiftsRepository:3&gt;, sut: LiftsService { })" computerName="DESKTOP-TJ9D65N" duration="00:00:00.0126753" startTime="2022-10-16T16:03:36.1253804+03:00" endTime="2022-10-16T16:03:36.1253805+03:00" testType="13cdc9d9-ddb5-4fa4-a97d-d965ccfc6d4b" outcome="Passed" testListId="8c84fa94-04c1-424b-9868-57a2d4851a1d" relativeResultsDirectory="92643aa0-fa44-4db2-b8a7-16813046f9f2" />
    <UnitTestResult executionId="de8ecf52-accb-4b80-911f-0bceac057a1e" testId="fa960c5e-f989-2880-784e-8efe538c5231" testName="BL.Tests.CheckPermissionsServiceTests.UnauthorizedHasNoAccessToAuthorizedFunctions(functionName: &quot;LogOutAsync&quot;)" computerName="DESKTOP-TJ9D65N" duration="00:00:00.0023891" startTime="2022-10-16T16:03:35.9881794+03:00" endTime="2022-10-16T16:03:35.9881795+03:00" testType="13cdc9d9-ddb5-4fa4-a97d-d965ccfc6d4b" outcome="Passed" testListId="8c84fa94-04c1-424b-9868-57a2d4851a1d" relativeResultsDirectory="de8ecf52-accb-4b80-911f-0bceac057a1e" />
    <UnitTestResult executionId="c41b940c-1b0b-43ef-bf5c-3cfffd028702" testId="54d007ca-de3c-e131-248f-932375f32a6f" testName="BL.Tests.SlopesServiceTest.TestAdminAddSlopeAsync(userID: 101, slope: Slope { SlopeID = 65, SlopeName = slopeName1986dc90-cbf7-4851-8405-8a00c699e69f, IsOpen = True, DifficultyLevel = 172, ConnectedLifts =  }, checkPermissionServiceMock: Mock&lt;ICheckPermissionService:11&gt;, slopesRepositoryStub: Mock&lt;ISlopesRepository:9&gt;, sut: SlopesService { })" computerName="DESKTOP-TJ9D65N" duration="00:00:00.0074655" startTime="2022-10-16T16:03:35.9441191+03:00" endTime="2022-10-16T16:03:35.9441192+03:00" testType="13cdc9d9-ddb5-4fa4-a97d-d965ccfc6d4b" outcome="Passed" testListId="8c84fa94-04c1-424b-9868-57a2d4851a1d" relativeResultsDirectory="c41b940c-1b0b-43ef-bf5c-3cfffd028702" />
    <UnitTestResult executionId="209082e3-eb2f-41a9-a141-7ceaed22236e" testId="60bd668f-04df-da5e-b79b-5d9aedb5234d" testName="BL.Tests.CheckPermissionsServiceTests.SkiPatrolHasAccessToAdminSkiPatrolFunctions(functionName: &quot;MarkMessageReadByUserAsync&quot;)" computerName="DESKTOP-TJ9D65N" duration="00:00:00.0012169" startTime="2022-10-16T16:03:36.0498277+03:00" endTime="2022-10-16T16:03:36.0498277+03:00" testType="13cdc9d9-ddb5-4fa4-a97d-d965ccfc6d4b" outcome="Passed" testListId="8c84fa94-04c1-424b-9868-57a2d4851a1d" relativeResultsDirectory="209082e3-eb2f-41a9-a141-7ceaed22236e" />
    <UnitTestResult executionId="c0f3970a-c2f7-4881-b09b-354351a5d2f1" testId="644ec43e-70cd-c82d-42e7-0d990be1414d" testName="BL.Tests.CheckPermissionsServiceTests.AuthorizedHasAccessToAuthorizedFunctions(functionName: &quot;SendMessageAsync&quot;)" computerName="DESKTOP-TJ9D65N" duration="00:00:00.0022119" startTime="2022-10-16T16:03:36.1805426+03:00" endTime="2022-10-16T16:03:36.1805427+03:00" testType="13cdc9d9-ddb5-4fa4-a97d-d965ccfc6d4b" outcome="Passed" testListId="8c84fa94-04c1-424b-9868-57a2d4851a1d" relativeResultsDirectory="c0f3970a-c2f7-4881-b09b-354351a5d2f1" />
    <UnitTestResult executionId="84183717-207e-4145-8023-66775a0ae143" testId="cd2dd55e-a368-80f6-972b-480153032ef0" testName="BL.Tests.SlopesServiceTest.TestAdminAddAutoIncrementSlopeAsync(userID: 77, slope: Slope { SlopeID = 198, SlopeName = slopeNamec5ea716e-85f0-4539-a7b4-cdca43525544, IsOpen = True, DifficultyLevel = 9, ConnectedLifts =  }, checkPermissionServiceMock: Mock&lt;ICheckPermissionService:10&gt;, slopesRepositoryStub: Mock&lt;ISlopesRepository:8&gt;, sut: SlopesService { })" computerName="DESKTOP-TJ9D65N" duration="00:00:00.0396323" startTime="2022-10-16T16:03:35.8424977+03:00" endTime="2022-10-16T16:03:35.8424978+03:00" testType="13cdc9d9-ddb5-4fa4-a97d-d965ccfc6d4b" outcome="Passed" testListId="8c84fa94-04c1-424b-9868-57a2d4851a1d" relativeResultsDirectory="84183717-207e-4145-8023-66775a0ae143" />
    <UnitTestResult executionId="4bc4d0a2-6958-4563-853b-2569eef763ea" testId="f3efc418-a8a6-c7b7-9bac-90b33aa8472f" testName="BL.Tests.CheckPermissionsServiceTests.AdminHasAccessToAllFunctions" computerName="DESKTOP-TJ9D65N" duration="00:00:00.0017522" startTime="2022-10-16T16:03:36.2336952+03:00" endTime="2022-10-16T16:03:36.2336953+03:00" testType="13cdc9d9-ddb5-4fa4-a97d-d965ccfc6d4b" outcome="Passed" testListId="8c84fa94-04c1-424b-9868-57a2d4851a1d" relativeResultsDirectory="4bc4d0a2-6958-4563-853b-2569eef763ea" />
    <UnitTestResult executionId="20b09521-073c-4ad2-a132-c011fc737796" testId="2602613f-c8e2-a6d9-fcf7-5b27d4a770a6" testName="BL.Tests.CheckPermissionsServiceTests.AuthorizedHasNoAccessToAdminSkiPatrolFunctions(functionName: &quot;GetMessagesAsync&quot;)" computerName="DESKTOP-TJ9D65N" duration="00:00:00.0024401" startTime="2022-10-16T16:03:36.1349416+03:00" endTime="2022-10-16T16:03:36.1349417+03:00" testType="13cdc9d9-ddb5-4fa4-a97d-d965ccfc6d4b" outcome="Passed" testListId="8c84fa94-04c1-424b-9868-57a2d4851a1d" relativeResultsDirectory="20b09521-073c-4ad2-a132-c011fc737796" />
    <UnitTestResult executionId="65e3cab2-c727-4c83-9760-8444d89a121c" testId="229812f5-9a73-5335-11f5-31330d1348a5" testName="BL.Tests.CheckPermissionsServiceTests.UnauthorizedHasNoAccessToAdminSkiPatrolFunctions(functionName: &quot;GetMessagesAsync&quot;)" computerName="DESKTOP-TJ9D65N" duration="00:00:00.0018815" startTime="2022-10-16T16:03:35.9441655+03:00" endTime="2022-10-16T16:03:35.9441656+03:00" testType="13cdc9d9-ddb5-4fa4-a97d-d965ccfc6d4b" outcome="Passed" testListId="8c84fa94-04c1-424b-9868-57a2d4851a1d" relativeResultsDirectory="65e3cab2-c727-4c83-9760-8444d89a121c" />
    <UnitTestResult executionId="1c415248-8059-447c-a179-79c18ce3d4ba" testId="66b1479d-4f3a-63b4-c5a9-960d4f4277a9" testName="BL.Tests.TurnstilesServiceTest.TestAdminGetTurnstileAsync(userID: 253, turnstile: Turnstile { TurnstileID = 82, LiftID = 139, IsOpen = True }, checkPermissionServiceMock: Mock&lt;ICheckPermissionService:12&gt;, turnstilesRepositoryStub: Mock&lt;ITurnstilesRepository:6&gt;, sut: TurnstilesService { })" computerName="DESKTOP-TJ9D65N" duration="00:00:00.0392534" startTime="2022-10-16T16:03:35.8425519+03:00" endTime="2022-10-16T16:03:35.8425519+03:00" testType="13cdc9d9-ddb5-4fa4-a97d-d965ccfc6d4b" outcome="Passed" testListId="8c84fa94-04c1-424b-9868-57a2d4851a1d" relativeResultsDirectory="1c415248-8059-447c-a179-79c18ce3d4ba" />
    <UnitTestResult executionId="e59f3975-d393-4154-8367-a288c56c756f" testId="db160036-c9ed-8f05-7d78-1573d93902a0" testName="BL.Tests.TurnstilesServiceTest.TestAdminGetTurnstilesAsync(userID: 19, initialTurnstiles: [Turnstile { TurnstileID = 162, LiftID = 43, IsOpen = True }, Turnstile { TurnstileID = 13, LiftID = 149, IsOpen = False }, Turnstile { TurnstileID = 168, LiftID = 16, IsOpen = True }], checkPermissionServiceMock: Mock&lt;ICheckPermissionService:13&gt;, turnstilesRepositoryStub: Mock&lt;ITurnstilesRepository:7&gt;, sut: TurnstilesService { })" computerName="DESKTOP-TJ9D65N" duration="00:00:00.0033156" startTime="2022-10-16T16:03:36.0016803+03:00" endTime="2022-10-16T16:03:36.0016804+03:00" testType="13cdc9d9-ddb5-4fa4-a97d-d965ccfc6d4b" outcome="Passed" testListId="8c84fa94-04c1-424b-9868-57a2d4851a1d" relativeResultsDirectory="e59f3975-d393-4154-8367-a288c56c756f" />
    <UnitTestResult executionId="96054f73-bd15-404c-b50d-943e21ff8d73" testId="8edf0600-4e9a-32ec-7482-e163b34d48ff" testName="BL.Tests.SlopesServiceTest.TestGetSlopeInfoAsync(userID: 161, slope: Slope { SlopeID = 162, SlopeName = slopeNameeac68453-4286-481f-bed3-762d1a69e9db, IsOpen = True, DifficultyLevel = 192, ConnectedLifts =  }, checkPermissionServiceMock: Mock&lt;ICheckPermissionService:6&gt;, slopesRepositoryStub: Mock&lt;ISlopesRepository:4&gt;, liftsSlopesRepositoryStub: Mock&lt;ILiftsSlopesRepository:9&gt;, sut: SlopesService { })" computerName="DESKTOP-TJ9D65N" duration="00:00:00.0074217" startTime="2022-10-16T16:03:35.9920491+03:00" endTime="2022-10-16T16:03:35.9920492+03:00" testType="13cdc9d9-ddb5-4fa4-a97d-d965ccfc6d4b" outcome="Passed" testListId="8c84fa94-04c1-424b-9868-57a2d4851a1d" relativeResultsDirectory="96054f73-bd15-404c-b50d-943e21ff8d73" />
    <UnitTestResult executionId="c1e2e416-3b8e-4181-8664-70bee0d63b70" testId="e5497347-2721-b7a6-0bd4-69a9921f6947" testName="BL.Tests.UsersServiceTests.TestAdminGetUserByIDAsync" computerName="DESKTOP-TJ9D65N" duration="00:00:00.0033614" startTime="2022-10-16T16:03:36.1689896+03:00" endTime="2022-10-16T16:03:36.1689897+03:00" testType="13cdc9d9-ddb5-4fa4-a97d-d965ccfc6d4b" outcome="Passed" testListId="8c84fa94-04c1-424b-9868-57a2d4851a1d" relativeResultsDirectory="c1e2e416-3b8e-4181-8664-70bee0d63b70" />
    <UnitTestResult executionId="82508bf7-2a4a-4444-bead-9ad5a47c2e2f" testId="a2e59116-cb53-1d70-9cb8-21c286516866" testName="BL.Tests.CheckPermissionsServiceTests.AuthorizedHasNoAccessToAdminFunctions" computerName="DESKTOP-TJ9D65N" duration="00:00:00.0036291" startTime="2022-10-16T16:03:36.1143855+03:00" endTime="2022-10-16T16:03:36.1143856+03:00" testType="13cdc9d9-ddb5-4fa4-a97d-d965ccfc6d4b" outcome="Passed" testListId="8c84fa94-04c1-424b-9868-57a2d4851a1d" relativeResultsDirectory="82508bf7-2a4a-4444-bead-9ad5a47c2e2f" />
    <UnitTestResult executionId="874dfd80-5389-4dc6-b197-28036b74b95b" testId="c7b48aa0-ef11-01b2-1baa-3be873919b00" testName="BL.Tests.LiftsServiceTest.TestAdminAddAutoIncrementLiftAsync(userID: 182, lift: Lift { LiftID = 110, LiftName = liftName43cedb5e-dc7c-45f4-bb1e-d71ddfda0a02, IsOpen = True, SeatsAmount = 88, LiftingTime = 237, QueueTime = 130, ConnectedSlopes =  }, checkPermissionServiceMock: Mock&lt;ICheckPermissionService:5&gt;, liftsRepositoryStub: Mock&lt;ILiftsRepository:5&gt;, sut: LiftsService { })" computerName="DESKTOP-TJ9D65N" duration="00:00:00.0062208" startTime="2022-10-16T16:03:36.0696433+03:00" endTime="2022-10-16T16:03:36.0696434+03:00" testType="13cdc9d9-ddb5-4fa4-a97d-d965ccfc6d4b" outcome="Passed" testListId="8c84fa94-04c1-424b-9868-57a2d4851a1d" relativeResultsDirectory="874dfd80-5389-4dc6-b197-28036b74b95b" />
    <UnitTestResult executionId="415afe20-4bd7-4c2a-858b-8cd73dd8bf95" testId="4f297306-d4f3-8d63-e7f4-1ac0b8c58c74" testName="BL.Tests.CheckPermissionsServiceTests.AuthorizedHasNoAccessToAdminSkiPatrolFunctions(functionName: &quot;GetLiftsSlopesInfoAsync&quot;)" computerName="DESKTOP-TJ9D65N" duration="00:00:00.0010582" startTime="2022-10-16T16:03:36.1680270+03:00" endTime="2022-10-16T16:03:36.1680271+03:00" testType="13cdc9d9-ddb5-4fa4-a97d-d965ccfc6d4b" outcome="Passed" testListId="8c84fa94-04c1-424b-9868-57a2d4851a1d" relativeResultsDirectory="415afe20-4bd7-4c2a-858b-8cd73dd8bf95" />
    <UnitTestResult executionId="9d3a0df6-fbe5-4467-a2af-19558cef075f" testId="c36970dc-93f7-753e-fa47-157133b01644" testName="BL.Tests.CheckPermissionsServiceTests.SkiPatrolHasAccessToAdminSkiPatrolFunctions(functionName: &quot;GetMessagesAsync&quot;)" computerName="DESKTOP-TJ9D65N" duration="00:00:00.0017518" startTime="2022-10-16T16:03:36.0637447+03:00" endTime="2022-10-16T16:03:36.0637449+03:00" testType="13cdc9d9-ddb5-4fa4-a97d-d965ccfc6d4b" outcome="Passed" testListId="8c84fa94-04c1-424b-9868-57a2d4851a1d" relativeResultsDirectory="9d3a0df6-fbe5-4467-a2af-19558cef075f" />
    <UnitTestResult executionId="4405da59-fc88-45b5-93a6-22bff697f942" testId="9c7df5e2-1b23-ebea-889f-b78ca86b60ab" testName="BL.Tests.CheckPermissionsServiceTests.AuthorizedHasNoAccessToAdminSkiPatrolFunctions(functionName: &quot;MarkMessageReadByUserAsync&quot;)" computerName="DESKTOP-TJ9D65N" duration="00:00:00.0017575" startTime="2022-10-16T16:03:36.1568963+03:00" endTime="2022-10-16T16:03:36.1568964+03:00" testType="13cdc9d9-ddb5-4fa4-a97d-d965ccfc6d4b" outcome="Passed" testListId="8c84fa94-04c1-424b-9868-57a2d4851a1d" relativeResultsDirectory="4405da59-fc88-45b5-93a6-22bff697f942" />
    <UnitTestResult executionId="f6a31708-9bee-4057-8bec-19677fb2a457" testId="894941c1-bfa7-d8f9-c047-1e1ceefe2c2f" testName="BL.Tests.UsersServiceTests.TestRegisterUserWithRepeatedEmail" computerName="DESKTOP-TJ9D65N" duration="00:00:00.0051372" startTime="2022-10-16T16:03:35.9458394+03:00" endTime="2022-10-16T16:03:35.9458394+03:00" testType="13cdc9d9-ddb5-4fa4-a97d-d965ccfc6d4b" outcome="Passed" testListId="8c84fa94-04c1-424b-9868-57a2d4851a1d" relativeResultsDirectory="f6a31708-9bee-4057-8bec-19677fb2a457" />
    <UnitTestResult executionId="fd50016b-fdb2-4c93-9e4a-ba0b79c09ff5" testId="3967fe6e-5f2e-568e-5329-7c0b16ab3a54" testName="BL.Tests.TurnstilesServiceTest.TestAdminDeleteTurnstileAsync(userID: 211, turnstile: Turnstile { TurnstileID = 52, LiftID = 182, IsOpen = True }, checkPermissionServiceMock: Mock&lt;ICheckPermissionService:15&gt;, turnstilesRepositoryStub: Mock&lt;ITurnstilesRepository:9&gt;, sut: TurnstilesService { })" computerName="DESKTOP-TJ9D65N" duration="00:00:00.0059869" startTime="2022-10-16T16:03:35.9454065+03:00" endTime="2022-10-16T16:03:35.9454066+03:00" testType="13cdc9d9-ddb5-4fa4-a97d-d965ccfc6d4b" outcome="Passed" testListId="8c84fa94-04c1-424b-9868-57a2d4851a1d" relativeResultsDirectory="fd50016b-fdb2-4c93-9e4a-ba0b79c09ff5" />
    <UnitTestResult executionId="cd86dc9b-f724-4e60-8b80-248dcd0674c5" testId="18fa8c62-e27d-e1fc-8182-4d7db62b008d" testName="BL.Tests.UsersServiceTests.TestAdminDeleteUser" computerName="DESKTOP-TJ9D65N" duration="00:00:00.0030240" startTime="2022-10-16T16:03:36.1839381+03:00" endTime="2022-10-16T16:03:36.1839382+03:00" testType="13cdc9d9-ddb5-4fa4-a97d-d965ccfc6d4b" outcome="Passed" testListId="8c84fa94-04c1-424b-9868-57a2d4851a1d" relativeResultsDirectory="cd86dc9b-f724-4e60-8b80-248dcd0674c5" />
    <UnitTestResult executionId="5ef7fa00-7708-4c4c-8d3c-528a96acdf70" testId="f44a1b21-8efc-bfac-63b4-d534442def31" testName="BL.Tests.UsersServiceTests.TestRegisterUserWithNoPassword" computerName="DESKTOP-TJ9D65N" duration="00:00:00.0018740" startTime="2022-10-16T16:03:35.9442630+03:00" endTime="2022-10-16T16:03:35.9442631+03:00" testType="13cdc9d9-ddb5-4fa4-a97d-d965ccfc6d4b" outcome="Passed" testListId="8c84fa94-04c1-424b-9868-57a2d4851a1d" relativeResultsDirectory="5ef7fa00-7708-4c4c-8d3c-528a96acdf70" />
    <UnitTestResult executionId="5e18be42-b24e-444e-bd4a-1384b7bfc106" testId="e2d7e5be-3dae-33ae-fb17-c704b6fd58d6" testName="BL.Tests.CheckPermissionsServiceTests.UnauthorizedHasNoAccessToAdminFunctions" computerName="DESKTOP-TJ9D65N" duration="00:00:00.0022432" startTime="2022-10-16T16:03:36.2057231+03:00" endTime="2022-10-16T16:03:36.2057232+03:00" testType="13cdc9d9-ddb5-4fa4-a97d-d965ccfc6d4b" outcome="Passed" testListId="8c84fa94-04c1-424b-9868-57a2d4851a1d" relativeResultsDirectory="5e18be42-b24e-444e-bd4a-1384b7bfc106" />
    <UnitTestResult executionId="cf53d7c4-8130-4ddd-bd8a-53b756e46c11" testId="492c0393-35b4-df26-a537-21ca08302f3c" testName="BL.Tests.CheckPermissionsServiceTests.SkiPatrolHasNoAccessToAdminFunctions" computerName="DESKTOP-TJ9D65N" duration="00:00:00.0033318" startTime="2022-10-16T16:03:36.2204923+03:00" endTime="2022-10-16T16:03:36.2204924+03:00" testType="13cdc9d9-ddb5-4fa4-a97d-d965ccfc6d4b" outcome="Passed" testListId="8c84fa94-04c1-424b-9868-57a2d4851a1d" relativeResultsDirectory="cf53d7c4-8130-4ddd-bd8a-53b756e46c11" />
    <UnitTestResult executionId="327eac0b-dd0c-42f4-b064-e2bdb28b6c34" testId="eaabd2fc-2f4b-5689-59c8-c7ad34a8f634" testName="BL.Tests.CheckPermissionsServiceTests.UnauthorizedHasNoAccessToAuthorizedFunctions(functionName: &quot;SendMessageAsync&quot;)" computerName="DESKTOP-TJ9D65N" duration="00:00:00.0032599" startTime="2022-10-16T16:03:35.9457468+03:00" endTime="2022-10-16T16:03:35.9457468+03:00" testType="13cdc9d9-ddb5-4fa4-a97d-d965ccfc6d4b" outcome="Passed" testListId="8c84fa94-04c1-424b-9868-57a2d4851a1d" relativeResultsDirectory="327eac0b-dd0c-42f4-b064-e2bdb28b6c34" />
    <UnitTestResult executionId="3cf2de85-4da2-4374-b1ea-7a4298586901" testId="06d0bc3a-24a0-fb7f-4277-e9ae6d21c7dd" testName="BL.Tests.UsersServiceTests.TestAdminUpdateUser" computerName="DESKTOP-TJ9D65N" duration="00:00:00.0056421" startTime="2022-10-16T16:03:35.9953249+03:00" endTime="2022-10-16T16:03:35.9953250+03:00" testType="13cdc9d9-ddb5-4fa4-a97d-d965ccfc6d4b" outcome="Passed" testListId="8c84fa94-04c1-424b-9868-57a2d4851a1d" relativeResultsDirectory="3cf2de85-4da2-4374-b1ea-7a4298586901" />
    <UnitTestResult executionId="09268f47-0134-418e-accb-a950947d83e8" testId="a19a5fcf-c5d2-7d44-5d7d-84403042f4e0" testName="BL.Tests.CheckPermissionsServiceTests.UnauthorizedHasNoAccessToAdminSkiPatrolFunctions(functionName: &quot;MarkMessageReadByUserAsync&quot;)" computerName="DESKTOP-TJ9D65N" duration="00:00:00.0375281" startTime="2022-10-16T16:03:35.8378730+03:00" endTime="2022-10-16T16:03:35.8379193+03:00" testType="13cdc9d9-ddb5-4fa4-a97d-d965ccfc6d4b" outcome="Passed" testListId="8c84fa94-04c1-424b-9868-57a2d4851a1d" relativeResultsDirectory="09268f47-0134-418e-accb-a950947d83e8" />
  </Results>
  <TestDefinitions>
    <UnitTest name="BL.Tests.LiftsServiceTest.TestGetLiftInfoAsync(userID: 157, lift: Lift { LiftID = 16, LiftName = liftName3808e4a3-fe2c-403f-9b0b-1538953db320, IsOpen = True, SeatsAmount = 61, LiftingTime = 163, QueueTime = 3, ConnectedSlopes =  }, checkPermissionServiceMock: Mock&lt;ICheckPermissionService:1&gt;, liftsRepositoryStub: Mock&lt;ILiftsRepository:1&gt;, liftsSlopesRepositoryStub: Mock&lt;ILiftsSlopesRepository:1&gt;, sut: LiftsService { })" storage="/mnt/c/users/alena/desktop/7_sem/testing_and_debugging/skiresort/bl.tests/bin/debug/net6.0/bl.tests.dll" id="013fb126-02d9-086c-31f0-8855209ae58a">
      <Execution id="ce201a43-a4cd-4717-bde8-df070d4ee704" />
      <TestMethod codeBase="/mnt/c/Users/alena/Desktop/7_sem/testing_and_debugging/SkiResort/BL.Tests/bin/Debug/net6.0/BL.Tests.dll" adapterTypeName="executor://xunit/VsTestRunner2/netcoreapp" className="BL.Tests.LiftsServiceTest" name="TestGetLiftInfoAsync" />
    </UnitTest>
    <UnitTest name="BL.Tests.CheckPermissionsServiceTests.AuthorizedHasNoAccessToAdminSkiPatrolFunctions(functionName: &quot;MarkMessageReadByUserAsync&quot;)" storage="/mnt/c/users/alena/desktop/7_sem/testing_and_debugging/skiresort/bl.tests/bin/debug/net6.0/bl.tests.dll" id="9c7df5e2-1b23-ebea-889f-b78ca86b60ab">
      <Execution id="4405da59-fc88-45b5-93a6-22bff697f942" />
      <TestMethod codeBase="/mnt/c/Users/alena/Desktop/7_sem/testing_and_debugging/SkiResort/BL.Tests/bin/Debug/net6.0/BL.Tests.dll" adapterTypeName="executor://xunit/VsTestRunner2/netcoreapp" className="BL.Tests.CheckPermissionsServiceTests" name="AuthorizedHasNoAccessToAdminSkiPatrolFunctions" />
    </UnitTest>
    <UnitTest name="BL.Tests.CheckPermissionsServiceTests.UnauthorizedHasNoAccessToAdminSkiPatrolFunctions(functionName: &quot;MarkMessageReadByUserAsync&quot;)" storage="/mnt/c/users/alena/desktop/7_sem/testing_and_debugging/skiresort/bl.tests/bin/debug/net6.0/bl.tests.dll" id="a19a5fcf-c5d2-7d44-5d7d-84403042f4e0">
      <Execution id="09268f47-0134-418e-accb-a950947d83e8" />
      <TestMethod codeBase="/mnt/c/Users/alena/Desktop/7_sem/testing_and_debugging/SkiResort/BL.Tests/bin/Debug/net6.0/BL.Tests.dll" adapterTypeName="executor://xunit/VsTestRunner2/netcoreapp" className="BL.Tests.CheckPermissionsServiceTests" name="UnauthorizedHasNoAccessToAdminSkiPatrolFunctions" />
    </UnitTest>
    <UnitTest name="BL.Tests.TurnstilesServiceTest.TestAdminGetTurnstileAsync(userID: 253, turnstile: Turnstile { TurnstileID = 82, LiftID = 139, IsOpen = True }, checkPermissionServiceMock: Mock&lt;ICheckPermissionService:12&gt;, turnstilesRepositoryStub: Mock&lt;ITurnstilesRepository:6&gt;, sut: TurnstilesService { })" storage="/mnt/c/users/alena/desktop/7_sem/testing_and_debugging/skiresort/bl.tests/bin/debug/net6.0/bl.tests.dll" id="66b1479d-4f3a-63b4-c5a9-960d4f4277a9">
      <Execution id="1c415248-8059-447c-a179-79c18ce3d4ba" />
      <TestMethod codeBase="/mnt/c/Users/alena/Desktop/7_sem/testing_and_debugging/SkiResort/BL.Tests/bin/Debug/net6.0/BL.Tests.dll" adapterTypeName="executor://xunit/VsTestRunner2/netcoreapp" className="BL.Tests.TurnstilesServiceTest" name="TestAdminGetTurnstileAsync" />
    </UnitTest>
    <UnitTest name="BL.Tests.CheckPermissionsServiceTests.AuthorizedHasNoAccessToAdminSkiPatrolFunctions(functionName: &quot;GetMessagesAsync&quot;)" storage="/mnt/c/users/alena/desktop/7_sem/testing_and_debugging/skiresort/bl.tests/bin/debug/net6.0/bl.tests.dll" id="2602613f-c8e2-a6d9-fcf7-5b27d4a770a6">
      <Execution id="20b09521-073c-4ad2-a132-c011fc737796" />
      <TestMethod codeBase="/mnt/c/Users/alena/Desktop/7_sem/testing_and_debugging/SkiResort/BL.Tests/bin/Debug/net6.0/BL.Tests.dll" adapterTypeName="executor://xunit/VsTestRunner2/netcoreapp" className="BL.Tests.CheckPermissionsServiceTests" name="AuthorizedHasNoAccessToAdminSkiPatrolFunctions" />
    </UnitTest>
    <UnitTest name="BL.Tests.CheckPermissionsServiceTests.AuthorizedHasNoAccessToAdminFunctions" storage="/mnt/c/users/alena/desktop/7_sem/testing_and_debugging/skiresort/bl.tests/bin/debug/net6.0/bl.tests.dll" id="a2e59116-cb53-1d70-9cb8-21c286516866">
      <Execution id="82508bf7-2a4a-4444-bead-9ad5a47c2e2f" />
      <TestMethod codeBase="/mnt/c/Users/alena/Desktop/7_sem/testing_and_debugging/SkiResort/BL.Tests/bin/Debug/net6.0/BL.Tests.dll" adapterTypeName="executor://xunit/VsTestRunner2/netcoreapp" className="BL.Tests.CheckPermissionsServiceTests" name="AuthorizedHasNoAccessToAdminFunctions" />
    </UnitTest>
    <UnitTest name="BL.Tests.CheckPermissionsServiceTests.SkiPatrolHasAccessToAdminSkiPatrolFunctions(functionName: &quot;GetMessagesAsync&quot;)" storage="/mnt/c/users/alena/desktop/7_sem/testing_and_debugging/skiresort/bl.tests/bin/debug/net6.0/bl.tests.dll" id="c36970dc-93f7-753e-fa47-157133b01644">
      <Execution id="9d3a0df6-fbe5-4467-a2af-19558cef075f" />
      <TestMethod codeBase="/mnt/c/Users/alena/Desktop/7_sem/testing_and_debugging/SkiResort/BL.Tests/bin/Debug/net6.0/BL.Tests.dll" adapterTypeName="executor://xunit/VsTestRunner2/netcoreapp" className="BL.Tests.CheckPermissionsServiceTests" name="SkiPatrolHasAccessToAdminSkiPatrolFunctions" />
    </UnitTest>
    <UnitTest name="BL.Tests.CheckPermissionsServiceTests.AdminHasAccessToAllFunctions" storage="/mnt/c/users/alena/desktop/7_sem/testing_and_debugging/skiresort/bl.tests/bin/debug/net6.0/bl.tests.dll" id="f3efc418-a8a6-c7b7-9bac-90b33aa8472f">
      <Execution id="4bc4d0a2-6958-4563-853b-2569eef763ea" />
      <TestMethod codeBase="/mnt/c/Users/alena/Desktop/7_sem/testing_and_debugging/SkiResort/BL.Tests/bin/Debug/net6.0/BL.Tests.dll" adapterTypeName="executor://xunit/VsTestRunner2/netcoreapp" className="BL.Tests.CheckPermissionsServiceTests" name="AdminHasAccessToAllFunctions" />
    </UnitTest>
    <UnitTest name="BL.Tests.SlopesServiceTest.TestUpdateSlopeInfoAsync(userID: 71, slope: Slope { SlopeID = 49, SlopeName = slopeNamee01490ea-2660-4523-a01c-322c77e78671, IsOpen = True, DifficultyLevel = 85, ConnectedLifts =  }, checkPermissionServiceMock: Mock&lt;ICheckPermissionService:8&gt;, slopesRepositoryStub: Mock&lt;ISlopesRepository:6&gt;, sut: SlopesService { })" storage="/mnt/c/users/alena/desktop/7_sem/testing_and_debugging/skiresort/bl.tests/bin/debug/net6.0/bl.tests.dll" id="4102e131-d6f4-76b2-5067-17a5f9907929">
      <Execution id="bc6cce28-cf7d-4f58-9789-76350f72be81" />
      <TestMethod codeBase="/mnt/c/Users/alena/Desktop/7_sem/testing_and_debugging/SkiResort/BL.Tests/bin/Debug/net6.0/BL.Tests.dll" adapterTypeName="executor://xunit/VsTestRunner2/netcoreapp" className="BL.Tests.SlopesServiceTest" name="TestUpdateSlopeInfoAsync" />
    </UnitTest>
    <UnitTest name="BL.Tests.UsersServiceTests.TestRegisterUserWithNoPassword" storage="/mnt/c/users/alena/desktop/7_sem/testing_and_debugging/skiresort/bl.tests/bin/debug/net6.0/bl.tests.dll" id="f44a1b21-8efc-bfac-63b4-d534442def31">
      <Execution id="5ef7fa00-7708-4c4c-8d3c-528a96acdf70" />
      <TestMethod codeBase="/mnt/c/Users/alena/Desktop/7_sem/testing_and_debugging/SkiResort/BL.Tests/bin/Debug/net6.0/BL.Tests.dll" adapterTypeName="executor://xunit/VsTestRunner2/netcoreapp" className="BL.Tests.UsersServiceTests" name="TestRegisterUserWithNoPassword" />
    </UnitTest>
    <UnitTest name="BL.Tests.UsersServiceTests.TestAdminGetUserByIDAsync" storage="/mnt/c/users/alena/desktop/7_sem/testing_and_debugging/skiresort/bl.tests/bin/debug/net6.0/bl.tests.dll" id="e5497347-2721-b7a6-0bd4-69a9921f6947">
      <Execution id="c1e2e416-3b8e-4181-8664-70bee0d63b70" />
      <TestMethod codeBase="/mnt/c/Users/alena/Desktop/7_sem/testing_and_debugging/SkiResort/BL.Tests/bin/Debug/net6.0/BL.Tests.dll" adapterTypeName="executor://xunit/VsTestRunner2/netcoreapp" className="BL.Tests.UsersServiceTests" name="TestAdminGetUserByIDAsync" />
    </UnitTest>
    <UnitTest name="BL.Tests.LiftsSlopesServiceTests.TestAdminDeleteLiftSlopeAsync(lift: Lift { LiftID = 75, LiftName = liftName23f23926-6058-4ffe-a526-d99b2a16b09a, IsOpen = True, SeatsAmount = 9, LiftingTime = 159, QueueTime = 169, ConnectedSlopes =  }, slope: Slope { SlopeID = 113, SlopeName = slopeName58ae494d-8ab2-456f-8b23-478d51c47a9e, IsOpen = False, DifficultyLevel = 36, ConnectedLifts =  }, slopesRepositoryStub: Mock&lt;ISlopesRepository:2&gt;, liftsReposi..." storage="/mnt/c/users/alena/desktop/7_sem/testing_and_debugging/skiresort/bl.tests/bin/debug/net6.0/bl.tests.dll" id="f7eafa7f-68ba-9653-0fa0-99f68b0eabfa">
      <Execution id="e7eb01fe-a4f4-4aff-b696-37aee5bdcefc" />
      <TestMethod codeBase="/mnt/c/Users/alena/Desktop/7_sem/testing_and_debugging/SkiResort/BL.Tests/bin/Debug/net6.0/BL.Tests.dll" adapterTypeName="executor://xunit/VsTestRunner2/netcoreapp" className="BL.Tests.LiftsSlopesServiceTests" name="TestAdminDeleteLiftSlopeAsync" />
    </UnitTest>
    <UnitTest name="BL.Tests.UsersServiceTests.TestAdminAddAutoIncrementUser" storage="/mnt/c/users/alena/desktop/7_sem/testing_and_debugging/skiresort/bl.tests/bin/debug/net6.0/bl.tests.dll" id="834c739b-eca4-b36d-6a66-5a1bd75377b8">
      <Execution id="1749dc09-4dfa-4fa3-98aa-840fcfee5b9e" />
      <TestMethod codeBase="/mnt/c/Users/alena/Desktop/7_sem/testing_and_debugging/SkiResort/BL.Tests/bin/Debug/net6.0/BL.Tests.dll" adapterTypeName="executor://xunit/VsTestRunner2/netcoreapp" className="BL.Tests.UsersServiceTests" name="TestAdminAddAutoIncrementUser" />
    </UnitTest>
    <UnitTest name="BL.Tests.CheckPermissionsServiceTests.UnauthorizedHasNoAccessToAdminSkiPatrolFunctions(functionName: &quot;GetLiftsSlopesInfoAsync&quot;)" storage="/mnt/c/users/alena/desktop/7_sem/testing_and_debugging/skiresort/bl.tests/bin/debug/net6.0/bl.tests.dll" id="387c9729-48c1-486e-5e67-f5d11a9f0db8">
      <Execution id="3c7f3768-f9d6-48e2-ab8a-ca4a156ee868" />
      <TestMethod codeBase="/mnt/c/Users/alena/Desktop/7_sem/testing_and_debugging/SkiResort/BL.Tests/bin/Debug/net6.0/BL.Tests.dll" adapterTypeName="executor://xunit/VsTestRunner2/netcoreapp" className="BL.Tests.CheckPermissionsServiceTests" name="UnauthorizedHasNoAccessToAdminSkiPatrolFunctions" />
    </UnitTest>
    <UnitTest name="BL.Tests.CheckPermissionsServiceTests.SkiPatrolHasAccessToAdminSkiPatrolFunctions(functionName: &quot;MarkMessageReadByUserAsync&quot;)" storage="/mnt/c/users/alena/desktop/7_sem/testing_and_debugging/skiresort/bl.tests/bin/debug/net6.0/bl.tests.dll" id="60bd668f-04df-da5e-b79b-5d9aedb5234d">
      <Execution id="209082e3-eb2f-41a9-a141-7ceaed22236e" />
      <TestMethod codeBase="/mnt/c/Users/alena/Desktop/7_sem/testing_and_debugging/SkiResort/BL.Tests/bin/Debug/net6.0/BL.Tests.dll" adapterTypeName="executor://xunit/VsTestRunner2/netcoreapp" className="BL.Tests.CheckPermissionsServiceTests" name="SkiPatrolHasAccessToAdminSkiPatrolFunctions" />
    </UnitTest>
    <UnitTest name="BL.Tests.CheckPermissionsServiceTests.UnauthorizedHasNoAccessToAdminFunctions" storage="/mnt/c/users/alena/desktop/7_sem/testing_and_debugging/skiresort/bl.tests/bin/debug/net6.0/bl.tests.dll" id="e2d7e5be-3dae-33ae-fb17-c704b6fd58d6">
      <Execution id="5e18be42-b24e-444e-bd4a-1384b7bfc106" />
      <TestMethod codeBase="/mnt/c/Users/alena/Desktop/7_sem/testing_and_debugging/SkiResort/BL.Tests/bin/Debug/net6.0/BL.Tests.dll" adapterTypeName="executor://xunit/VsTestRunner2/netcoreapp" className="BL.Tests.CheckPermissionsServiceTests" name="UnauthorizedHasNoAccessToAdminFunctions" />
    </UnitTest>
    <UnitTest name="BL.Tests.UsersServiceTests.TestLogInWithWrongPassword" storage="/mnt/c/users/alena/desktop/7_sem/testing_and_debugging/skiresort/bl.tests/bin/debug/net6.0/bl.tests.dll" id="69340bb6-3645-f9dd-971e-29d8b2a009bb">
      <Execution id="fcf4e079-fbb2-46be-a505-ac980880552b" />
      <TestMethod codeBase="/mnt/c/Users/alena/Desktop/7_sem/testing_and_debugging/SkiResort/BL.Tests/bin/Debug/net6.0/BL.Tests.dll" adapterTypeName="executor://xunit/VsTestRunner2/netcoreapp" className="BL.Tests.UsersServiceTests" name="TestLogInWithWrongPassword" />
    </UnitTest>
    <UnitTest name="BL.Tests.CheckPermissionsServiceTests.SkiPatrolHasAccessToAdminSkiPatrolFunctions(functionName: &quot;GetLiftsSlopesInfoAsync&quot;)" storage="/mnt/c/users/alena/desktop/7_sem/testing_and_debugging/skiresort/bl.tests/bin/debug/net6.0/bl.tests.dll" id="2d706594-f2b3-b3c8-21d4-86c9798c3306">
      <Execution id="ddd798b9-0799-4de7-a101-a957b4de8a0f" />
      <TestMethod codeBase="/mnt/c/Users/alena/Desktop/7_sem/testing_and_debugging/SkiResort/BL.Tests/bin/Debug/net6.0/BL.Tests.dll" adapterTypeName="executor://xunit/VsTestRunner2/netcoreapp" className="BL.Tests.CheckPermissionsServiceTests" name="SkiPatrolHasAccessToAdminSkiPatrolFunctions" />
    </UnitTest>
    <UnitTest name="BL.Tests.SlopesServiceTest.TestAdminAddAutoIncrementSlopeAsync(userID: 77, slope: Slope { SlopeID = 198, SlopeName = slopeNamec5ea716e-85f0-4539-a7b4-cdca43525544, IsOpen = True, DifficultyLevel = 9, ConnectedLifts =  }, checkPermissionServiceMock: Mock&lt;ICheckPermissionService:10&gt;, slopesRepositoryStub: Mock&lt;ISlopesRepository:8&gt;, sut: SlopesService { })" storage="/mnt/c/users/alena/desktop/7_sem/testing_and_debugging/skiresort/bl.tests/bin/debug/net6.0/bl.tests.dll" id="cd2dd55e-a368-80f6-972b-480153032ef0">
      <Execution id="84183717-207e-4145-8023-66775a0ae143" />
      <TestMethod codeBase="/mnt/c/Users/alena/Desktop/7_sem/testing_and_debugging/SkiResort/BL.Tests/bin/Debug/net6.0/BL.Tests.dll" adapterTypeName="executor://xunit/VsTestRunner2/netcoreapp" className="BL.Tests.SlopesServiceTest" name="TestAdminAddAutoIncrementSlopeAsync" />
    </UnitTest>
    <UnitTest name="BL.Tests.CheckPermissionsServiceTests.SkiPatrolHasNoAccessToAdminFunctions" storage="/mnt/c/users/alena/desktop/7_sem/testing_and_debugging/skiresort/bl.tests/bin/debug/net6.0/bl.tests.dll" id="492c0393-35b4-df26-a537-21ca08302f3c">
      <Execution id="cf53d7c4-8130-4ddd-bd8a-53b756e46c11" />
      <TestMethod codeBase="/mnt/c/Users/alena/Desktop/7_sem/testing_and_debugging/SkiResort/BL.Tests/bin/Debug/net6.0/BL.Tests.dll" adapterTypeName="executor://xunit/VsTestRunner2/netcoreapp" className="BL.Tests.CheckPermissionsServiceTests" name="SkiPatrolHasNoAccessToAdminFunctions" />
    </UnitTest>
    <UnitTest name="BL.Tests.UsersServiceTests.TestAdminDeleteUser" storage="/mnt/c/users/alena/desktop/7_sem/testing_and_debugging/skiresort/bl.tests/bin/debug/net6.0/bl.tests.dll" id="18fa8c62-e27d-e1fc-8182-4d7db62b008d">
      <Execution id="cd86dc9b-f724-4e60-8b80-248dcd0674c5" />
      <TestMethod codeBase="/mnt/c/Users/alena/Desktop/7_sem/testing_and_debugging/SkiResort/BL.Tests/bin/Debug/net6.0/BL.Tests.dll" adapterTypeName="executor://xunit/VsTestRunner2/netcoreapp" className="BL.Tests.UsersServiceTests" name="TestAdminDeleteUser" />
    </UnitTest>
    <UnitTest name="BL.Tests.LiftsServiceTest.TestAdminDeleteLiftAsync(userID: 105, lift: Lift { LiftID = 244, LiftName = liftName3a5c8f5b-cbe6-4a1b-b0a9-776fa8d4e27f, IsOpen = True, SeatsAmount = 163, LiftingTime = 50, QueueTime = 70, ConnectedSlopes =  }, checkPermissionServiceMock: Mock&lt;ICheckPermissionService:4&gt;, liftsRepositoryStub: Mock&lt;ILiftsRepository:4&gt;, liftsSlopesRepositoryStub: Mock&lt;ILiftsSlopesRepository:4&gt;, sut: LiftsService { })" storage="/mnt/c/users/alena/desktop/7_sem/testing_and_debugging/skiresort/bl.tests/bin/debug/net6.0/bl.tests.dll" id="721b5731-9f53-b8b6-9429-d8ac134acdb9">
      <Execution id="fabce277-e3ed-4cea-88d9-b2d0dd7ff614" />
      <TestMethod codeBase="/mnt/c/Users/alena/Desktop/7_sem/testing_and_debugging/SkiResort/BL.Tests/bin/Debug/net6.0/BL.Tests.dll" adapterTypeName="executor://xunit/VsTestRunner2/netcoreapp" className="BL.Tests.LiftsServiceTest" name="TestAdminDeleteLiftAsync" />
    </UnitTest>
    <UnitTest name="BL.Tests.CheckPermissionsServiceTests.AuthorizedHasAccessToAuthorizedFunctions(functionName: &quot;LogOutAsync&quot;)" storage="/mnt/c/users/alena/desktop/7_sem/testing_and_debugging/skiresort/bl.tests/bin/debug/net6.0/bl.tests.dll" id="aa28a6b3-21d3-aa45-24d3-bef2facbc899">
      <Execution id="4b2f959d-0364-4525-858d-748191432014" />
      <TestMethod codeBase="/mnt/c/Users/alena/Desktop/7_sem/testing_and_debugging/SkiResort/BL.Tests/bin/Debug/net6.0/BL.Tests.dll" adapterTypeName="executor://xunit/VsTestRunner2/netcoreapp" className="BL.Tests.CheckPermissionsServiceTests" name="AuthorizedHasAccessToAuthorizedFunctions" />
    </UnitTest>
    <UnitTest name="BL.Tests.SlopesServiceTest.TestGetSlopesInfoAsync(userID: 208, initialSlopes: [Slope { SlopeID = 59, SlopeName = slopeName87c048db-ed21-43b5-9fa2-835c066aba23, IsOpen = True, DifficultyLevel = 44, ConnectedLifts =  }, Slope { SlopeID = 255, SlopeName = slopeNamece554622-69bb-44f4-8d51-75eb8feca6b9, IsOpen = False, DifficultyLevel = 38, ConnectedLifts =  }, Slope { SlopeID = 241, SlopeName = slopeName3469a685-df5d-467f-b196-05612dcd2c50, IsO..." storage="/mnt/c/users/alena/desktop/7_sem/testing_and_debugging/skiresort/bl.tests/bin/debug/net6.0/bl.tests.dll" id="ab66baf2-5cec-8f21-6fbc-948b74fa6a01">
      <Execution id="40a73dd7-ba1b-454a-a05a-7684382a65e3" />
      <TestMethod codeBase="/mnt/c/Users/alena/Desktop/7_sem/testing_and_debugging/SkiResort/BL.Tests/bin/Debug/net6.0/BL.Tests.dll" adapterTypeName="executor://xunit/VsTestRunner2/netcoreapp" className="BL.Tests.SlopesServiceTest" name="TestGetSlopesInfoAsync" />
    </UnitTest>
    <UnitTest name="BL.Tests.UsersServiceTests.TestAdminUpdateUser" storage="/mnt/c/users/alena/desktop/7_sem/testing_and_debugging/skiresort/bl.tests/bin/debug/net6.0/bl.tests.dll" id="06d0bc3a-24a0-fb7f-4277-e9ae6d21c7dd">
      <Execution id="3cf2de85-4da2-4374-b1ea-7a4298586901" />
      <TestMethod codeBase="/mnt/c/Users/alena/Desktop/7_sem/testing_and_debugging/SkiResort/BL.Tests/bin/Debug/net6.0/BL.Tests.dll" adapterTypeName="executor://xunit/VsTestRunner2/netcoreapp" className="BL.Tests.UsersServiceTests" name="TestAdminUpdateUser" />
    </UnitTest>
    <UnitTest name="BL.Tests.UsersServiceTests.TestLogInOk" storage="/mnt/c/users/alena/desktop/7_sem/testing_and_debugging/skiresort/bl.tests/bin/debug/net6.0/bl.tests.dll" id="1ca07ad8-f799-c5d4-e7cc-34fd950198a2">
      <Execution id="3e5ab537-fa2c-4092-9da6-27ffbc764862" />
      <TestMethod codeBase="/mnt/c/Users/alena/Desktop/7_sem/testing_and_debugging/SkiResort/BL.Tests/bin/Debug/net6.0/BL.Tests.dll" adapterTypeName="executor://xunit/VsTestRunner2/netcoreapp" className="BL.Tests.UsersServiceTests" name="TestLogInOk" />
    </UnitTest>
    <UnitTest name="BL.Tests.UsersServiceTests.TestAdminGetUsers" storage="/mnt/c/users/alena/desktop/7_sem/testing_and_debugging/skiresort/bl.tests/bin/debug/net6.0/bl.tests.dll" id="20ad8570-0170-85de-dcd7-2f109dd7bcd6">
      <Execution id="ad14d6cd-a329-4858-affb-01fd930f0b88" />
      <TestMethod codeBase="/mnt/c/Users/alena/Desktop/7_sem/testing_and_debugging/SkiResort/BL.Tests/bin/Debug/net6.0/BL.Tests.dll" adapterTypeName="executor://xunit/VsTestRunner2/netcoreapp" className="BL.Tests.UsersServiceTests" name="TestAdminGetUsers" />
    </UnitTest>
    <UnitTest name="BL.Tests.CheckPermissionsServiceTests.UnauthorizedHasNoAccessToAdminSkiPatrolFunctions(functionName: &quot;GetMessagesAsync&quot;)" storage="/mnt/c/users/alena/desktop/7_sem/testing_and_debugging/skiresort/bl.tests/bin/debug/net6.0/bl.tests.dll" id="229812f5-9a73-5335-11f5-31330d1348a5">
      <Execution id="65e3cab2-c727-4c83-9760-8444d89a121c" />
      <TestMethod codeBase="/mnt/c/Users/alena/Desktop/7_sem/testing_and_debugging/SkiResort/BL.Tests/bin/Debug/net6.0/BL.Tests.dll" adapterTypeName="executor://xunit/VsTestRunner2/netcoreapp" className="BL.Tests.CheckPermissionsServiceTests" name="UnauthorizedHasNoAccessToAdminSkiPatrolFunctions" />
    </UnitTest>
    <UnitTest name="BL.Tests.SlopesServiceTest.TestAdminDeleteSlopeAsync(userID: 22, slope: Slope { SlopeID = 247, SlopeName = slopeName5f946ff0-9b30-4fa7-8ccc-44b56ba22815, IsOpen = True, DifficultyLevel = 225, ConnectedLifts =  }, checkPermissionServiceMock: Mock&lt;ICheckPermissionService:9&gt;, slopesRepositoryStub: Mock&lt;ISlopesRepository:7&gt;, liftsSlopesRepositoryStub: Mock&lt;ILiftsSlopesRepository:12&gt;, sut: SlopesService { })" storage="/mnt/c/users/alena/desktop/7_sem/testing_and_debugging/skiresort/bl.tests/bin/debug/net6.0/bl.tests.dll" id="44e24c35-f0fb-cbcc-7480-536d8e58ed08">
      <Execution id="d6444f59-6a88-47db-9ca3-3c7050f43677" />
      <TestMethod codeBase="/mnt/c/Users/alena/Desktop/7_sem/testing_and_debugging/SkiResort/BL.Tests/bin/Debug/net6.0/BL.Tests.dll" adapterTypeName="executor://xunit/VsTestRunner2/netcoreapp" className="BL.Tests.SlopesServiceTest" name="TestAdminDeleteSlopeAsync" />
    </UnitTest>
    <UnitTest name="BL.Tests.LiftsServiceTest.TestAdminAddAutoIncrementLiftAsync(userID: 182, lift: Lift { LiftID = 110, LiftName = liftName43cedb5e-dc7c-45f4-bb1e-d71ddfda0a02, IsOpen = True, SeatsAmount = 88, LiftingTime = 237, QueueTime = 130, ConnectedSlopes =  }, checkPermissionServiceMock: Mock&lt;ICheckPermissionService:5&gt;, liftsRepositoryStub: Mock&lt;ILiftsRepository:5&gt;, sut: LiftsService { })" storage="/mnt/c/users/alena/desktop/7_sem/testing_and_debugging/skiresort/bl.tests/bin/debug/net6.0/bl.tests.dll" id="c7b48aa0-ef11-01b2-1baa-3be873919b00">
      <Execution id="874dfd80-5389-4dc6-b197-28036b74b95b" />
      <TestMethod codeBase="/mnt/c/Users/alena/Desktop/7_sem/testing_and_debugging/SkiResort/BL.Tests/bin/Debug/net6.0/BL.Tests.dll" adapterTypeName="executor://xunit/VsTestRunner2/netcoreapp" className="BL.Tests.LiftsServiceTest" name="TestAdminAddAutoIncrementLiftAsync" />
    </UnitTest>
    <UnitTest name="BL.Tests.CheckPermissionsServiceTests.AuthorizedHasNoAccessToAdminSkiPatrolFunctions(functionName: &quot;GetLiftsSlopesInfoAsync&quot;)" storage="/mnt/c/users/alena/desktop/7_sem/testing_and_debugging/skiresort/bl.tests/bin/debug/net6.0/bl.tests.dll" id="4f297306-d4f3-8d63-e7f4-1ac0b8c58c74">
      <Execution id="415afe20-4bd7-4c2a-858b-8cd73dd8bf95" />
      <TestMethod codeBase="/mnt/c/Users/alena/Desktop/7_sem/testing_and_debugging/SkiResort/BL.Tests/bin/Debug/net6.0/BL.Tests.dll" adapterTypeName="executor://xunit/VsTestRunner2/netcoreapp" className="BL.Tests.CheckPermissionsServiceTests" name="AuthorizedHasNoAccessToAdminSkiPatrolFunctions" />
    </UnitTest>
    <UnitTest name="BL.Tests.LiftsServiceTest.TestUpdateLiftInfoAsync(userID: 65, lift: Lift { LiftID = 227, LiftName = liftNameb8d1f0e4-edc4-4659-b4c8-6ad15ebeb48e, IsOpen = True, SeatsAmount = 48, LiftingTime = 168, QueueTime = 160, ConnectedSlopes =  }, checkPermissionServiceMock: Mock&lt;ICheckPermissionService:3&gt;, liftsRepositoryStub: Mock&lt;ILiftsRepository:3&gt;, sut: LiftsService { })" storage="/mnt/c/users/alena/desktop/7_sem/testing_and_debugging/skiresort/bl.tests/bin/debug/net6.0/bl.tests.dll" id="ccee79ff-07c6-b281-6754-80b5f14056a3">
      <Execution id="92643aa0-fa44-4db2-b8a7-16813046f9f2" />
      <TestMethod codeBase="/mnt/c/Users/alena/Desktop/7_sem/testing_and_debugging/SkiResort/BL.Tests/bin/Debug/net6.0/BL.Tests.dll" adapterTypeName="executor://xunit/VsTestRunner2/netcoreapp" className="BL.Tests.LiftsServiceTest" name="TestUpdateLiftInfoAsync" />
    </UnitTest>
    <UnitTest name="BL.Tests.TurnstilesServiceTest.TestAdminGetTurnstilesAsync(userID: 19, initialTurnstiles: [Turnstile { TurnstileID = 162, LiftID = 43, IsOpen = True }, Turnstile { TurnstileID = 13, LiftID = 149, IsOpen = False }, Turnstile { TurnstileID = 168, LiftID = 16, IsOpen = True }], checkPermissionServiceMock: Mock&lt;ICheckPermissionService:13&gt;, turnstilesRepositoryStub: Mock&lt;ITurnstilesRepository:7&gt;, sut: TurnstilesService { })" storage="/mnt/c/users/alena/desktop/7_sem/testing_and_debugging/skiresort/bl.tests/bin/debug/net6.0/bl.tests.dll" id="db160036-c9ed-8f05-7d78-1573d93902a0">
      <Execution id="e59f3975-d393-4154-8367-a288c56c756f" />
      <TestMethod codeBase="/mnt/c/Users/alena/Desktop/7_sem/testing_and_debugging/SkiResort/BL.Tests/bin/Debug/net6.0/BL.Tests.dll" adapterTypeName="executor://xunit/VsTestRunner2/netcoreapp" className="BL.Tests.TurnstilesServiceTest" name="TestAdminGetTurnstilesAsync" />
    </UnitTest>
    <UnitTest name="BL.Tests.LiftsSlopesServiceTests.TestAdminAddAutoIncrementLiftSlopeAsync(lift: Lift { LiftID = 243, LiftName = liftName3ff7afd7-6462-4053-82de-559bc84a677b, IsOpen = True, SeatsAmount = 15, LiftingTime = 138, QueueTime = 166, ConnectedSlopes =  }, slope: Slope { SlopeID = 157, SlopeName = slopeName6abcd5e7-3a77-4ce8-992b-34332580319b, IsOpen = False, DifficultyLevel = 3, ConnectedLifts =  }, slopesRepositoryStub: Mock&lt;ISlopesRepository:3&gt;, ..." storage="/mnt/c/users/alena/desktop/7_sem/testing_and_debugging/skiresort/bl.tests/bin/debug/net6.0/bl.tests.dll" id="b6fee6f0-4f6a-f2a8-b855-5fabf343a6c2">
      <Execution id="41827501-42ce-4a92-9acb-166f52f36c01" />
      <TestMethod codeBase="/mnt/c/Users/alena/Desktop/7_sem/testing_and_debugging/SkiResort/BL.Tests/bin/Debug/net6.0/BL.Tests.dll" adapterTypeName="executor://xunit/VsTestRunner2/netcoreapp" className="BL.Tests.LiftsSlopesServiceTests" name="TestAdminAddAutoIncrementLiftSlopeAsync" />
    </UnitTest>
    <UnitTest name="BL.Tests.LiftsSlopesServiceTests.TestGetLiftsSlopesInfoAsync(liftsSlopes: [LiftSlope { RecordID = 193, LiftID = 185, SlopeID = 88 }, LiftSlope { RecordID = 123, LiftID = 147, SlopeID = 207 }, LiftSlope { RecordID = 221, LiftID = 161, SlopeID = 154 }], slopesRepositoryStub: Mock&lt;ISlopesRepository:1&gt;, liftsRepositoryStub: Mock&lt;ILiftsRepository:6&gt;, liftsSlopesRepositoryStub: Mock&lt;ILiftsSlopesRepository:6&gt;)" storage="/mnt/c/users/alena/desktop/7_sem/testing_and_debugging/skiresort/bl.tests/bin/debug/net6.0/bl.tests.dll" id="e429852d-a6ed-7c2a-25fd-cd839b159d56">
      <Execution id="bb37ad0a-bc9c-4b9c-9de1-244192901c94" />
      <TestMethod codeBase="/mnt/c/Users/alena/Desktop/7_sem/testing_and_debugging/SkiResort/BL.Tests/bin/Debug/net6.0/BL.Tests.dll" adapterTypeName="executor://xunit/VsTestRunner2/netcoreapp" className="BL.Tests.LiftsSlopesServiceTests" name="TestGetLiftsSlopesInfoAsync" />
    </UnitTest>
    <UnitTest name="BL.Tests.UsersServiceTests.TestRegisterOk" storage="/mnt/c/users/alena/desktop/7_sem/testing_and_debugging/skiresort/bl.tests/bin/debug/net6.0/bl.tests.dll" id="0eeef75f-6e38-7893-a8fe-cff3e0a970a7">
      <Execution id="fcafa770-66dd-4693-b477-fd01d0c497b3" />
      <TestMethod codeBase="/mnt/c/Users/alena/Desktop/7_sem/testing_and_debugging/SkiResort/BL.Tests/bin/Debug/net6.0/BL.Tests.dll" adapterTypeName="executor://xunit/VsTestRunner2/netcoreapp" className="BL.Tests.UsersServiceTests" name="TestRegisterOk" />
    </UnitTest>
    <UnitTest name="BL.Tests.TurnstilesServiceTest.TestAdminUpdateTurnstileAsync(userID: 15, turnstile: Turnstile { TurnstileID = 243, LiftID = 47, IsOpen = True }, checkPermissionServiceMock: Mock&lt;ICheckPermissionService:14&gt;, turnstilesRepositoryStub: Mock&lt;ITurnstilesRepository:8&gt;, sut: TurnstilesService { })" storage="/mnt/c/users/alena/desktop/7_sem/testing_and_debugging/skiresort/bl.tests/bin/debug/net6.0/bl.tests.dll" id="1118e175-b06c-8f30-d488-4af4ee7b93dd">
      <Execution id="6ac27f2b-b414-43f3-bd71-0eca0f967e70" />
      <TestMethod codeBase="/mnt/c/Users/alena/Desktop/7_sem/testing_and_debugging/SkiResort/BL.Tests/bin/Debug/net6.0/BL.Tests.dll" adapterTypeName="executor://xunit/VsTestRunner2/netcoreapp" className="BL.Tests.TurnstilesServiceTest" name="TestAdminUpdateTurnstileAsync" />
    </UnitTest>
    <UnitTest name="BL.Tests.LiftsServiceTest.TestGetLiftsInfoAsync(userID: 106, initialLifts: [Lift { LiftID = 196, LiftName = liftName46d04df7-9866-4e4f-9846-3d3e2e3ccf0f, IsOpen = True, SeatsAmount = 132, LiftingTime = 242, QueueTime = 225, ConnectedSlopes =  }, Lift { LiftID = 59, LiftName = liftName142db281-6048-44d2-82e3-409975f98b6a, IsOpen = False, SeatsAmount = 194, LiftingTime = 247, QueueTime = 154, ConnectedSlopes =  }, Lift { LiftID = 234, LiftNam..." storage="/mnt/c/users/alena/desktop/7_sem/testing_and_debugging/skiresort/bl.tests/bin/debug/net6.0/bl.tests.dll" id="baa4ec8b-d544-2f9a-4698-ab3595caf0f3">
      <Execution id="10e6e034-4732-41ff-b4d4-c9276eed5ae6" />
      <TestMethod codeBase="/mnt/c/Users/alena/Desktop/7_sem/testing_and_debugging/SkiResort/BL.Tests/bin/Debug/net6.0/BL.Tests.dll" adapterTypeName="executor://xunit/VsTestRunner2/netcoreapp" className="BL.Tests.LiftsServiceTest" name="TestGetLiftsInfoAsync" />
    </UnitTest>
    <UnitTest name="BL.Tests.CheckPermissionsServiceTests.AuthorizedHasAccessToAuthorizedFunctions(functionName: &quot;SendMessageAsync&quot;)" storage="/mnt/c/users/alena/desktop/7_sem/testing_and_debugging/skiresort/bl.tests/bin/debug/net6.0/bl.tests.dll" id="644ec43e-70cd-c82d-42e7-0d990be1414d">
      <Execution id="c0f3970a-c2f7-4881-b09b-354351a5d2f1" />
      <TestMethod codeBase="/mnt/c/Users/alena/Desktop/7_sem/testing_and_debugging/SkiResort/BL.Tests/bin/Debug/net6.0/BL.Tests.dll" adapterTypeName="executor://xunit/VsTestRunner2/netcoreapp" className="BL.Tests.CheckPermissionsServiceTests" name="AuthorizedHasAccessToAuthorizedFunctions" />
    </UnitTest>
    <UnitTest name="BL.Tests.CheckPermissionsServiceTests.UnauthorizedHasNoAccessToAuthorizedFunctions(functionName: &quot;LogOutAsync&quot;)" storage="/mnt/c/users/alena/desktop/7_sem/testing_and_debugging/skiresort/bl.tests/bin/debug/net6.0/bl.tests.dll" id="fa960c5e-f989-2880-784e-8efe538c5231">
      <Execution id="de8ecf52-accb-4b80-911f-0bceac057a1e" />
      <TestMethod codeBase="/mnt/c/Users/alena/Desktop/7_sem/testing_and_debugging/SkiResort/BL.Tests/bin/Debug/net6.0/BL.Tests.dll" adapterTypeName="executor://xunit/VsTestRunner2/netcoreapp" className="BL.Tests.CheckPermissionsServiceTests" name="UnauthorizedHasNoAccessToAuthorizedFunctions" />
    </UnitTest>
    <UnitTest name="BL.Tests.CheckPermissionsServiceTests.UnauthorizedHasNoAccessToAuthorizedFunctions(functionName: &quot;SendMessageAsync&quot;)" storage="/mnt/c/users/alena/desktop/7_sem/testing_and_debugging/skiresort/bl.tests/bin/debug/net6.0/bl.tests.dll" id="eaabd2fc-2f4b-5689-59c8-c7ad34a8f634">
      <Execution id="327eac0b-dd0c-42f4-b064-e2bdb28b6c34" />
      <TestMethod codeBase="/mnt/c/Users/alena/Desktop/7_sem/testing_and_debugging/SkiResort/BL.Tests/bin/Debug/net6.0/BL.Tests.dll" adapterTypeName="executor://xunit/VsTestRunner2/netcoreapp" className="BL.Tests.CheckPermissionsServiceTests" name="UnauthorizedHasNoAccessToAuthorizedFunctions" />
    </UnitTest>
    <UnitTest name="BL.Tests.TurnstilesServiceTest.TestAdminAddAutoIncrementTurnstileAsync(userID: 35, turnstile: Turnstile { TurnstileID = 120, LiftID = 42, IsOpen = True }, checkPermissionServiceMock: Mock&lt;ICheckPermissionService:16&gt;, turnstilesRepositoryStub: Mock&lt;ITurnstilesRepository:10&gt;, sut: TurnstilesService { })" storage="/mnt/c/users/alena/desktop/7_sem/testing_and_debugging/skiresort/bl.tests/bin/debug/net6.0/bl.tests.dll" id="cbe262f8-b79e-3dff-afb4-6798f8734603">
      <Execution id="fd50ce78-76c5-4b07-9fbb-4204943cdc7c" />
      <TestMethod codeBase="/mnt/c/Users/alena/Desktop/7_sem/testing_and_debugging/SkiResort/BL.Tests/bin/Debug/net6.0/BL.Tests.dll" adapterTypeName="executor://xunit/VsTestRunner2/netcoreapp" className="BL.Tests.TurnstilesServiceTest" name="TestAdminAddAutoIncrementTurnstileAsync" />
    </UnitTest>
    <UnitTest name="BL.Tests.UsersServiceTests.TestRegisterUserWithRepeatedEmail" storage="/mnt/c/users/alena/desktop/7_sem/testing_and_debugging/skiresort/bl.tests/bin/debug/net6.0/bl.tests.dll" id="894941c1-bfa7-d8f9-c047-1e1ceefe2c2f">
      <Execution id="f6a31708-9bee-4057-8bec-19677fb2a457" />
      <TestMethod codeBase="/mnt/c/Users/alena/Desktop/7_sem/testing_and_debugging/SkiResort/BL.Tests/bin/Debug/net6.0/BL.Tests.dll" adapterTypeName="executor://xunit/VsTestRunner2/netcoreapp" className="BL.Tests.UsersServiceTests" name="TestRegisterUserWithRepeatedEmail" />
    </UnitTest>
    <UnitTest name="BL.Tests.SlopesServiceTest.TestAdminAddSlopeAsync(userID: 101, slope: Slope { SlopeID = 65, SlopeName = slopeName1986dc90-cbf7-4851-8405-8a00c699e69f, IsOpen = True, DifficultyLevel = 172, ConnectedLifts =  }, checkPermissionServiceMock: Mock&lt;ICheckPermissionService:11&gt;, slopesRepositoryStub: Mock&lt;ISlopesRepository:9&gt;, sut: SlopesService { })" storage="/mnt/c/users/alena/desktop/7_sem/testing_and_debugging/skiresort/bl.tests/bin/debug/net6.0/bl.tests.dll" id="54d007ca-de3c-e131-248f-932375f32a6f">
      <Execution id="c41b940c-1b0b-43ef-bf5c-3cfffd028702" />
      <TestMethod codeBase="/mnt/c/Users/alena/Desktop/7_sem/testing_and_debugging/SkiResort/BL.Tests/bin/Debug/net6.0/BL.Tests.dll" adapterTypeName="executor://xunit/VsTestRunner2/netcoreapp" className="BL.Tests.SlopesServiceTest" name="TestAdminAddSlopeAsync" />
    </UnitTest>
    <UnitTest name="BL.Tests.SlopesServiceTest.TestGetSlopeInfoAsync(userID: 161, slope: Slope { SlopeID = 162, SlopeName = slopeNameeac68453-4286-481f-bed3-762d1a69e9db, IsOpen = True, DifficultyLevel = 192, ConnectedLifts =  }, checkPermissionServiceMock: Mock&lt;ICheckPermissionService:6&gt;, slopesRepositoryStub: Mock&lt;ISlopesRepository:4&gt;, liftsSlopesRepositoryStub: Mock&lt;ILiftsSlopesRepository:9&gt;, sut: SlopesService { })" storage="/mnt/c/users/alena/desktop/7_sem/testing_and_debugging/skiresort/bl.tests/bin/debug/net6.0/bl.tests.dll" id="8edf0600-4e9a-32ec-7482-e163b34d48ff">
      <Execution id="96054f73-bd15-404c-b50d-943e21ff8d73" />
      <TestMethod codeBase="/mnt/c/Users/alena/Desktop/7_sem/testing_and_debugging/SkiResort/BL.Tests/bin/Debug/net6.0/BL.Tests.dll" adapterTypeName="executor://xunit/VsTestRunner2/netcoreapp" className="BL.Tests.SlopesServiceTest" name="TestGetSlopeInfoAsync" />
    </UnitTest>
    <UnitTest name="BL.Tests.UsersServiceTests.TestRegisterUserWithNoEmail" storage="/mnt/c/users/alena/desktop/7_sem/testing_and_debugging/skiresort/bl.tests/bin/debug/net6.0/bl.tests.dll" id="8184bd30-991c-b78d-b4ec-99a485eac0dd">
      <Execution id="cbf5f67d-bb69-4817-a894-f419ebc31a15" />
      <TestMethod codeBase="/mnt/c/Users/alena/Desktop/7_sem/testing_and_debugging/SkiResort/BL.Tests/bin/Debug/net6.0/BL.Tests.dll" adapterTypeName="executor://xunit/VsTestRunner2/netcoreapp" className="BL.Tests.UsersServiceTests" name="TestRegisterUserWithNoEmail" />
    </UnitTest>
    <UnitTest name="BL.Tests.TurnstilesServiceTest.TestAdminDeleteTurnstileAsync(userID: 211, turnstile: Turnstile { TurnstileID = 52, LiftID = 182, IsOpen = True }, checkPermissionServiceMock: Mock&lt;ICheckPermissionService:15&gt;, turnstilesRepositoryStub: Mock&lt;ITurnstilesRepository:9&gt;, sut: TurnstilesService { })" storage="/mnt/c/users/alena/desktop/7_sem/testing_and_debugging/skiresort/bl.tests/bin/debug/net6.0/bl.tests.dll" id="3967fe6e-5f2e-568e-5329-7c0b16ab3a54">
      <Execution id="fd50016b-fdb2-4c93-9e4a-ba0b79c09ff5" />
      <TestMethod codeBase="/mnt/c/Users/alena/Desktop/7_sem/testing_and_debugging/SkiResort/BL.Tests/bin/Debug/net6.0/BL.Tests.dll" adapterTypeName="executor://xunit/VsTestRunner2/netcoreapp" className="BL.Tests.TurnstilesServiceTest" name="TestAdminDeleteTurnstileAsync" />
    </UnitTest>
  </TestDefinitions>
  <TestEntries>
    <TestEntry testId="2d706594-f2b3-b3c8-21d4-86c9798c3306" executionId="ddd798b9-0799-4de7-a101-a957b4de8a0f" testListId="8c84fa94-04c1-424b-9868-57a2d4851a1d" />
    <TestEntry testId="ab66baf2-5cec-8f21-6fbc-948b74fa6a01" executionId="40a73dd7-ba1b-454a-a05a-7684382a65e3" testListId="8c84fa94-04c1-424b-9868-57a2d4851a1d" />
    <TestEntry testId="e429852d-a6ed-7c2a-25fd-cd839b159d56" executionId="bb37ad0a-bc9c-4b9c-9de1-244192901c94" testListId="8c84fa94-04c1-424b-9868-57a2d4851a1d" />
    <TestEntry testId="834c739b-eca4-b36d-6a66-5a1bd75377b8" executionId="1749dc09-4dfa-4fa3-98aa-840fcfee5b9e" testListId="8c84fa94-04c1-424b-9868-57a2d4851a1d" />
    <TestEntry testId="cbe262f8-b79e-3dff-afb4-6798f8734603" executionId="fd50ce78-76c5-4b07-9fbb-4204943cdc7c" testListId="8c84fa94-04c1-424b-9868-57a2d4851a1d" />
    <TestEntry testId="8184bd30-991c-b78d-b4ec-99a485eac0dd" executionId="cbf5f67d-bb69-4817-a894-f419ebc31a15" testListId="8c84fa94-04c1-424b-9868-57a2d4851a1d" />
    <TestEntry testId="69340bb6-3645-f9dd-971e-29d8b2a009bb" executionId="fcf4e079-fbb2-46be-a505-ac980880552b" testListId="8c84fa94-04c1-424b-9868-57a2d4851a1d" />
    <TestEntry testId="20ad8570-0170-85de-dcd7-2f109dd7bcd6" executionId="ad14d6cd-a329-4858-affb-01fd930f0b88" testListId="8c84fa94-04c1-424b-9868-57a2d4851a1d" />
    <TestEntry testId="4102e131-d6f4-76b2-5067-17a5f9907929" executionId="bc6cce28-cf7d-4f58-9789-76350f72be81" testListId="8c84fa94-04c1-424b-9868-57a2d4851a1d" />
    <TestEntry testId="013fb126-02d9-086c-31f0-8855209ae58a" executionId="ce201a43-a4cd-4717-bde8-df070d4ee704" testListId="8c84fa94-04c1-424b-9868-57a2d4851a1d" />
    <TestEntry testId="44e24c35-f0fb-cbcc-7480-536d8e58ed08" executionId="d6444f59-6a88-47db-9ca3-3c7050f43677" testListId="8c84fa94-04c1-424b-9868-57a2d4851a1d" />
    <TestEntry testId="aa28a6b3-21d3-aa45-24d3-bef2facbc899" executionId="4b2f959d-0364-4525-858d-748191432014" testListId="8c84fa94-04c1-424b-9868-57a2d4851a1d" />
    <TestEntry testId="387c9729-48c1-486e-5e67-f5d11a9f0db8" executionId="3c7f3768-f9d6-48e2-ab8a-ca4a156ee868" testListId="8c84fa94-04c1-424b-9868-57a2d4851a1d" />
    <TestEntry testId="baa4ec8b-d544-2f9a-4698-ab3595caf0f3" executionId="10e6e034-4732-41ff-b4d4-c9276eed5ae6" testListId="8c84fa94-04c1-424b-9868-57a2d4851a1d" />
    <TestEntry testId="721b5731-9f53-b8b6-9429-d8ac134acdb9" executionId="fabce277-e3ed-4cea-88d9-b2d0dd7ff614" testListId="8c84fa94-04c1-424b-9868-57a2d4851a1d" />
    <TestEntry testId="1ca07ad8-f799-c5d4-e7cc-34fd950198a2" executionId="3e5ab537-fa2c-4092-9da6-27ffbc764862" testListId="8c84fa94-04c1-424b-9868-57a2d4851a1d" />
    <TestEntry testId="b6fee6f0-4f6a-f2a8-b855-5fabf343a6c2" executionId="41827501-42ce-4a92-9acb-166f52f36c01" testListId="8c84fa94-04c1-424b-9868-57a2d4851a1d" />
    <TestEntry testId="1118e175-b06c-8f30-d488-4af4ee7b93dd" executionId="6ac27f2b-b414-43f3-bd71-0eca0f967e70" testListId="8c84fa94-04c1-424b-9868-57a2d4851a1d" />
    <TestEntry testId="f7eafa7f-68ba-9653-0fa0-99f68b0eabfa" executionId="e7eb01fe-a4f4-4aff-b696-37aee5bdcefc" testListId="8c84fa94-04c1-424b-9868-57a2d4851a1d" />
    <TestEntry testId="0eeef75f-6e38-7893-a8fe-cff3e0a970a7" executionId="fcafa770-66dd-4693-b477-fd01d0c497b3" testListId="8c84fa94-04c1-424b-9868-57a2d4851a1d" />
    <TestEntry testId="ccee79ff-07c6-b281-6754-80b5f14056a3" executionId="92643aa0-fa44-4db2-b8a7-16813046f9f2" testListId="8c84fa94-04c1-424b-9868-57a2d4851a1d" />
    <TestEntry testId="fa960c5e-f989-2880-784e-8efe538c5231" executionId="de8ecf52-accb-4b80-911f-0bceac057a1e" testListId="8c84fa94-04c1-424b-9868-57a2d4851a1d" />
    <TestEntry testId="54d007ca-de3c-e131-248f-932375f32a6f" executionId="c41b940c-1b0b-43ef-bf5c-3cfffd028702" testListId="8c84fa94-04c1-424b-9868-57a2d4851a1d" />
    <TestEntry testId="60bd668f-04df-da5e-b79b-5d9aedb5234d" executionId="209082e3-eb2f-41a9-a141-7ceaed22236e" testListId="8c84fa94-04c1-424b-9868-57a2d4851a1d" />
    <TestEntry testId="644ec43e-70cd-c82d-42e7-0d990be1414d" executionId="c0f3970a-c2f7-4881-b09b-354351a5d2f1" testListId="8c84fa94-04c1-424b-9868-57a2d4851a1d" />
    <TestEntry testId="cd2dd55e-a368-80f6-972b-480153032ef0" executionId="84183717-207e-4145-8023-66775a0ae143" testListId="8c84fa94-04c1-424b-9868-57a2d4851a1d" />
    <TestEntry testId="f3efc418-a8a6-c7b7-9bac-90b33aa8472f" executionId="4bc4d0a2-6958-4563-853b-2569eef763ea" testListId="8c84fa94-04c1-424b-9868-57a2d4851a1d" />
    <TestEntry testId="2602613f-c8e2-a6d9-fcf7-5b27d4a770a6" executionId="20b09521-073c-4ad2-a132-c011fc737796" testListId="8c84fa94-04c1-424b-9868-57a2d4851a1d" />
    <TestEntry testId="229812f5-9a73-5335-11f5-31330d1348a5" executionId="65e3cab2-c727-4c83-9760-8444d89a121c" testListId="8c84fa94-04c1-424b-9868-57a2d4851a1d" />
    <TestEntry testId="66b1479d-4f3a-63b4-c5a9-960d4f4277a9" executionId="1c415248-8059-447c-a179-79c18ce3d4ba" testListId="8c84fa94-04c1-424b-9868-57a2d4851a1d" />
    <TestEntry testId="db160036-c9ed-8f05-7d78-1573d93902a0" executionId="e59f3975-d393-4154-8367-a288c56c756f" testListId="8c84fa94-04c1-424b-9868-57a2d4851a1d" />
    <TestEntry testId="8edf0600-4e9a-32ec-7482-e163b34d48ff" executionId="96054f73-bd15-404c-b50d-943e21ff8d73" testListId="8c84fa94-04c1-424b-9868-57a2d4851a1d" />
    <TestEntry testId="e5497347-2721-b7a6-0bd4-69a9921f6947" executionId="c1e2e416-3b8e-4181-8664-70bee0d63b70" testListId="8c84fa94-04c1-424b-9868-57a2d4851a1d" />
    <TestEntry testId="a2e59116-cb53-1d70-9cb8-21c286516866" executionId="82508bf7-2a4a-4444-bead-9ad5a47c2e2f" testListId="8c84fa94-04c1-424b-9868-57a2d4851a1d" />
    <TestEntry testId="c7b48aa0-ef11-01b2-1baa-3be873919b00" executionId="874dfd80-5389-4dc6-b197-28036b74b95b" testListId="8c84fa94-04c1-424b-9868-57a2d4851a1d" />
    <TestEntry testId="4f297306-d4f3-8d63-e7f4-1ac0b8c58c74" executionId="415afe20-4bd7-4c2a-858b-8cd73dd8bf95" testListId="8c84fa94-04c1-424b-9868-57a2d4851a1d" />
    <TestEntry testId="c36970dc-93f7-753e-fa47-157133b01644" executionId="9d3a0df6-fbe5-4467-a2af-19558cef075f" testListId="8c84fa94-04c1-424b-9868-57a2d4851a1d" />
    <TestEntry testId="9c7df5e2-1b23-ebea-889f-b78ca86b60ab" executionId="4405da59-fc88-45b5-93a6-22bff697f942" testListId="8c84fa94-04c1-424b-9868-57a2d4851a1d" />
    <TestEntry testId="894941c1-bfa7-d8f9-c047-1e1ceefe2c2f" executionId="f6a31708-9bee-4057-8bec-19677fb2a457" testListId="8c84fa94-04c1-424b-9868-57a2d4851a1d" />
    <TestEntry testId="3967fe6e-5f2e-568e-5329-7c0b16ab3a54" executionId="fd50016b-fdb2-4c93-9e4a-ba0b79c09ff5" testListId="8c84fa94-04c1-424b-9868-57a2d4851a1d" />
    <TestEntry testId="18fa8c62-e27d-e1fc-8182-4d7db62b008d" executionId="cd86dc9b-f724-4e60-8b80-248dcd0674c5" testListId="8c84fa94-04c1-424b-9868-57a2d4851a1d" />
    <TestEntry testId="f44a1b21-8efc-bfac-63b4-d534442def31" executionId="5ef7fa00-7708-4c4c-8d3c-528a96acdf70" testListId="8c84fa94-04c1-424b-9868-57a2d4851a1d" />
    <TestEntry testId="e2d7e5be-3dae-33ae-fb17-c704b6fd58d6" executionId="5e18be42-b24e-444e-bd4a-1384b7bfc106" testListId="8c84fa94-04c1-424b-9868-57a2d4851a1d" />
    <TestEntry testId="492c0393-35b4-df26-a537-21ca08302f3c" executionId="cf53d7c4-8130-4ddd-bd8a-53b756e46c11" testListId="8c84fa94-04c1-424b-9868-57a2d4851a1d" />
    <TestEntry testId="eaabd2fc-2f4b-5689-59c8-c7ad34a8f634" executionId="327eac0b-dd0c-42f4-b064-e2bdb28b6c34" testListId="8c84fa94-04c1-424b-9868-57a2d4851a1d" />
    <TestEntry testId="06d0bc3a-24a0-fb7f-4277-e9ae6d21c7dd" executionId="3cf2de85-4da2-4374-b1ea-7a4298586901" testListId="8c84fa94-04c1-424b-9868-57a2d4851a1d" />
    <TestEntry testId="a19a5fcf-c5d2-7d44-5d7d-84403042f4e0" executionId="09268f47-0134-418e-accb-a950947d83e8" testListId="8c84fa94-04c1-424b-9868-57a2d4851a1d" />
  </TestEntries>
  <TestLists>
    <TestList name="Results Not in a List" id="8c84fa94-04c1-424b-9868-57a2d4851a1d" />
    <TestList name="All Loaded Results" id="19431567-8539-422a-85d7-44ee4e166bda" />
  </TestLists>
  <ResultSummary outcome="Completed">
    <Counters total="47" executed="47" passed="47" failed="0" error="0" timeout="0" aborted="0" inconclusive="0" passedButRunAborted="0" notRunnable="0" notExecuted="0" disconnected="0" warning="0" completed="0" inProgress="0" pending="0" />
    <Output>
      <StdOut>[xUnit.net 00:00:00.00] xUnit.net VSTest Adapter v2.4.5+1caef2f33e (64-bit .NET 6.0.10)
[xUnit.net 00:00:00.97]   Discovering: BL.Tests
[xUnit.net 00:00:01.18]   Discovered:  BL.Tests
[xUnit.net 00:00:01.19]   Starting:    BL.Tests
[xUnit.net 00:00:01.74]   Finished:    BL.Tests
</StdOut>
    </Output>
  </ResultSummary>
</TestRun>