<?xml version="1.0" encoding="utf-8"?>
<TestRun id="6c667eaf-6f88-4457-92ba-c08303f391a4" name="@DESKTOP-TJ9D65N 2022-11-03 20:47:15" xmlns="http://microsoft.com/schemas/VisualStudio/TeamTest/2010">
  <Times creation="2022-11-03T20:47:15.2992681+03:00" queuing="2022-11-03T20:47:15.2992683+03:00" start="2022-11-03T20:47:12.8080075+03:00" finish="2022-11-03T20:47:15.6356371+03:00" />
  <TestSettings name="default" id="1c4bcc18-0f27-4f58-b16a-fcc14b8f6c8d">
    <Deployment runDeploymentRoot="_DESKTOP-TJ9D65N_2022-11-03_20_47_15" />
  </TestSettings>
  <Results>
    <UnitTestResult executionId="d79b6b96-ccd2-4057-bf87-f85e2d06fbd9" testId="894941c1-bfa7-d8f9-c047-1e1ceefe2c2f" testName="BL.Tests.UsersServiceTests.TestRegisterUserWithRepeatedEmail" computerName="DESKTOP-TJ9D65N" duration="00:00:00.0048267" startTime="2022-11-03T20:47:15.3276025+03:00" endTime="2022-11-03T20:47:15.3276026+03:00" testType="13cdc9d9-ddb5-4fa4-a97d-d965ccfc6d4b" outcome="Passed" testListId="8c84fa94-04c1-424b-9868-57a2d4851a1d" relativeResultsDirectory="d79b6b96-ccd2-4057-bf87-f85e2d06fbd9" />
    <UnitTestResult executionId="04dc07b2-4566-4618-8e1d-13fcd21511db" testId="034f726e-01ac-8028-17db-a10155ce551d" testName="BL.Tests.SlopesServiceTest.TestAdminAddSlopeAsync(userID: 123, slope: Slope { SlopeID = 2, SlopeName = slopeName6bf6e490-f359-4fb9-b49b-b39697935103, IsOpen = True, DifficultyLevel = 108, ConnectedLifts =  }, checkPermissionServiceMock: Mock&lt;ICheckPermissionService:11&gt;, slopesRepositoryStub: Mock&lt;ISlopesRepository:9&gt;, sut: SlopesService { })" computerName="DESKTOP-TJ9D65N" duration="00:00:00.0063058" startTime="2022-11-03T20:47:15.4337396+03:00" endTime="2022-11-03T20:47:15.4337397+03:00" testType="13cdc9d9-ddb5-4fa4-a97d-d965ccfc6d4b" outcome="Passed" testListId="8c84fa94-04c1-424b-9868-57a2d4851a1d" relativeResultsDirectory="04dc07b2-4566-4618-8e1d-13fcd21511db" />
    <UnitTestResult executionId="54e6309b-27b7-4e6d-8975-282fbb02e8fd" testId="18fa8c62-e27d-e1fc-8182-4d7db62b008d" testName="BL.Tests.UsersServiceTests.TestAdminDeleteUser" computerName="DESKTOP-TJ9D65N" duration="00:00:00.0030296" startTime="2022-11-03T20:47:15.5219482+03:00" endTime="2022-11-03T20:47:15.5219484+03:00" testType="13cdc9d9-ddb5-4fa4-a97d-d965ccfc6d4b" outcome="Passed" testListId="8c84fa94-04c1-424b-9868-57a2d4851a1d" relativeResultsDirectory="54e6309b-27b7-4e6d-8975-282fbb02e8fd" />
    <UnitTestResult executionId="20f245c7-1b36-44c7-bdd5-9756bbf35830" testId="229812f5-9a73-5335-11f5-31330d1348a5" testName="BL.Tests.CheckPermissionsServiceTests.UnauthorizedHasNoAccessToAdminSkiPatrolFunctions(functionName: &quot;GetMessagesAsync&quot;)" computerName="DESKTOP-TJ9D65N" duration="00:00:00.0017589" startTime="2022-11-03T20:47:15.2519712+03:00" endTime="2022-11-03T20:47:15.2519713+03:00" testType="13cdc9d9-ddb5-4fa4-a97d-d965ccfc6d4b" outcome="Passed" testListId="8c84fa94-04c1-424b-9868-57a2d4851a1d" relativeResultsDirectory="20f245c7-1b36-44c7-bdd5-9756bbf35830" />
    <UnitTestResult executionId="be738b5d-323d-43c1-9aa2-84508d3ed242" testId="492c0393-35b4-df26-a537-21ca08302f3c" testName="BL.Tests.CheckPermissionsServiceTests.SkiPatrolHasNoAccessToAdminFunctions" computerName="DESKTOP-TJ9D65N" duration="00:00:00.0023323" startTime="2022-11-03T20:47:15.5473230+03:00" endTime="2022-11-03T20:47:15.5473231+03:00" testType="13cdc9d9-ddb5-4fa4-a97d-d965ccfc6d4b" outcome="Passed" testListId="8c84fa94-04c1-424b-9868-57a2d4851a1d" relativeResultsDirectory="be738b5d-323d-43c1-9aa2-84508d3ed242" />
    <UnitTestResult executionId="7c56a00d-419e-4e1d-911d-f5a4d1c63887" testId="9c7df5e2-1b23-ebea-889f-b78ca86b60ab" testName="BL.Tests.CheckPermissionsServiceTests.AuthorizedHasNoAccessToAdminSkiPatrolFunctions(functionName: &quot;MarkMessageReadByUserAsync&quot;)" computerName="DESKTOP-TJ9D65N" duration="00:00:00.0018340" startTime="2022-11-03T20:47:15.4813687+03:00" endTime="2022-11-03T20:47:15.4813688+03:00" testType="13cdc9d9-ddb5-4fa4-a97d-d965ccfc6d4b" outcome="Passed" testListId="8c84fa94-04c1-424b-9868-57a2d4851a1d" relativeResultsDirectory="7c56a00d-419e-4e1d-911d-f5a4d1c63887" />
    <UnitTestResult executionId="faaa9e98-0771-41aa-a0ca-ab2935aa753c" testId="e429852d-a6ed-7c2a-25fd-cd839b159d56" testName="BL.Tests.LiftsSlopesServiceTests.TestGetLiftsSlopesInfoAsync(liftsSlopes: [LiftSlope { RecordID = 146, LiftID = 57, SlopeID = 154 }, LiftSlope { RecordID = 77, LiftID = 70, SlopeID = 40 }, LiftSlope { RecordID = 217, LiftID = 41, SlopeID = 91 }], slopesRepositoryStub: Mock&lt;ISlopesRepository:1&gt;, liftsRepositoryStub: Mock&lt;ILiftsRepository:6&gt;, liftsSlopesRepositoryStub: Mock&lt;ILiftsSlopesRepository:6&gt;)" computerName="DESKTOP-TJ9D65N" duration="00:00:00.0076815" startTime="2022-11-03T20:47:15.2517689+03:00" endTime="2022-11-03T20:47:15.2517689+03:00" testType="13cdc9d9-ddb5-4fa4-a97d-d965ccfc6d4b" outcome="Passed" testListId="8c84fa94-04c1-424b-9868-57a2d4851a1d" relativeResultsDirectory="faaa9e98-0771-41aa-a0ca-ab2935aa753c" />
    <UnitTestResult executionId="0dc2efb8-2ea8-4d6c-82be-4e65d2aafd0f" testId="92fd1e5a-0ad9-126c-c226-6d95e6d7fe39" testName="BL.Tests.TurnstilesServiceTest.TestAdminGetTurnstileAsync(userID: 157, turnstile: Turnstile { TurnstileID = 179, LiftID = 83, IsOpen = True }, checkPermissionServiceMock: Mock&lt;ICheckPermissionService:12&gt;, turnstilesRepositoryStub: Mock&lt;ITurnstilesRepository:6&gt;, sut: TurnstilesService { })" computerName="DESKTOP-TJ9D65N" duration="00:00:00.0060995" startTime="2022-11-03T20:47:15.2816510+03:00" endTime="2022-11-03T20:47:15.2816512+03:00" testType="13cdc9d9-ddb5-4fa4-a97d-d965ccfc6d4b" outcome="Passed" testListId="8c84fa94-04c1-424b-9868-57a2d4851a1d" relativeResultsDirectory="0dc2efb8-2ea8-4d6c-82be-4e65d2aafd0f" />
    <UnitTestResult executionId="3c42b269-0dfa-48af-a429-0a98b9af8d4b" testId="eaabd2fc-2f4b-5689-59c8-c7ad34a8f634" testName="BL.Tests.CheckPermissionsServiceTests.UnauthorizedHasNoAccessToAuthorizedFunctions(functionName: &quot;SendMessageAsync&quot;)" computerName="DESKTOP-TJ9D65N" duration="00:00:00.0114459" startTime="2022-11-03T20:47:15.2991447+03:00" endTime="2022-11-03T20:47:15.2991449+03:00" testType="13cdc9d9-ddb5-4fa4-a97d-d965ccfc6d4b" outcome="Passed" testListId="8c84fa94-04c1-424b-9868-57a2d4851a1d" relativeResultsDirectory="3c42b269-0dfa-48af-a429-0a98b9af8d4b" />
    <UnitTestResult executionId="c8ec5404-83bc-47a5-8821-eb0ff3917697" testId="644ec43e-70cd-c82d-42e7-0d990be1414d" testName="BL.Tests.CheckPermissionsServiceTests.AuthorizedHasAccessToAuthorizedFunctions(functionName: &quot;SendMessageAsync&quot;)" computerName="DESKTOP-TJ9D65N" duration="00:00:00.0022628" startTime="2022-11-03T20:47:15.5122015+03:00" endTime="2022-11-03T20:47:15.5122017+03:00" testType="13cdc9d9-ddb5-4fa4-a97d-d965ccfc6d4b" outcome="Passed" testListId="8c84fa94-04c1-424b-9868-57a2d4851a1d" relativeResultsDirectory="c8ec5404-83bc-47a5-8821-eb0ff3917697" />
    <UnitTestResult executionId="3e2459cf-dcde-4eb3-91c8-cd97362ce148" testId="53627248-87ce-65c3-f960-7559d5cfb57f" testName="BL.Tests.TurnstilesServiceTest.TestAdminDeleteTurnstileAsync(userID: 58, turnstile: Turnstile { TurnstileID = 187, LiftID = 29, IsOpen = True }, checkPermissionServiceMock: Mock&lt;ICheckPermissionService:15&gt;, turnstilesRepositoryStub: Mock&lt;ITurnstilesRepository:9&gt;, sut: TurnstilesService { })" computerName="DESKTOP-TJ9D65N" duration="00:00:00.0157693" startTime="2022-11-03T20:47:15.3664606+03:00" endTime="2022-11-03T20:47:15.3664608+03:00" testType="13cdc9d9-ddb5-4fa4-a97d-d965ccfc6d4b" outcome="Passed" testListId="8c84fa94-04c1-424b-9868-57a2d4851a1d" relativeResultsDirectory="3e2459cf-dcde-4eb3-91c8-cd97362ce148" />
    <UnitTestResult executionId="34d1adab-5718-4da5-9af4-c2ec83058326" testId="2602613f-c8e2-a6d9-fcf7-5b27d4a770a6" testName="BL.Tests.CheckPermissionsServiceTests.AuthorizedHasNoAccessToAdminSkiPatrolFunctions(functionName: &quot;GetMessagesAsync&quot;)" computerName="DESKTOP-TJ9D65N" duration="00:00:00.0036108" startTime="2022-11-03T20:47:15.4658775+03:00" endTime="2022-11-03T20:47:15.4658776+03:00" testType="13cdc9d9-ddb5-4fa4-a97d-d965ccfc6d4b" outcome="Passed" testListId="8c84fa94-04c1-424b-9868-57a2d4851a1d" relativeResultsDirectory="34d1adab-5718-4da5-9af4-c2ec83058326" />
    <UnitTestResult executionId="64f186bb-1f2e-4421-a44e-127332bdea29" testId="675645df-fc69-de2a-fbf6-12d5c118812b" testName="BL.Tests.SlopesServiceTest.TestGetSlopesInfoAsync(userID: 93, initialSlopes: [Slope { SlopeID = 222, SlopeName = slopeName9b634c4d-270b-46c7-b96e-8be555f5d445, IsOpen = True, DifficultyLevel = 38, ConnectedLifts =  }, Slope { SlopeID = 4, SlopeName = slopeNamed689c232-b68b-482c-8cf0-cfdeac06f8e0, IsOpen = False, DifficultyLevel = 152, ConnectedLifts =  }, Slope { SlopeID = 43, SlopeName = slopeName61a9de94-390a-4869-a787-defce77ff409, IsOpen = True, DifficultyLevel = 125, ConnectedLifts =  }], checkPermissionServiceMock: Mock&lt;ICheckPermissionService:7&gt;, slopesRepositoryStub: Mock&lt;ISlopesRepository:5&gt;, liftsSlopesRepositoryStub: Mock&lt;ILiftsSlopesRepository:10&gt;, sut: SlopesService { })" computerName="DESKTOP-TJ9D65N" duration="00:00:00.0698310" startTime="2022-11-03T20:47:15.4057768+03:00" endTime="2022-11-03T20:47:15.4057770+03:00" testType="13cdc9d9-ddb5-4fa4-a97d-d965ccfc6d4b" outcome="Passed" testListId="8c84fa94-04c1-424b-9868-57a2d4851a1d" relativeResultsDirectory="64f186bb-1f2e-4421-a44e-127332bdea29" />
    <UnitTestResult executionId="786d3e5a-c133-40c7-93f1-ce3bd9d6646d" testId="e2d7e5be-3dae-33ae-fb17-c704b6fd58d6" testName="BL.Tests.CheckPermissionsServiceTests.UnauthorizedHasNoAccessToAdminFunctions" computerName="DESKTOP-TJ9D65N" duration="00:00:00.0029472" startTime="2022-11-03T20:47:15.5365748+03:00" endTime="2022-11-03T20:47:15.5365749+03:00" testType="13cdc9d9-ddb5-4fa4-a97d-d965ccfc6d4b" outcome="Passed" testListId="8c84fa94-04c1-424b-9868-57a2d4851a1d" relativeResultsDirectory="786d3e5a-c133-40c7-93f1-ce3bd9d6646d" />
    <UnitTestResult executionId="ba4d987a-2acf-446e-8847-b324c4f9ec78" testId="e5497347-2721-b7a6-0bd4-69a9921f6947" testName="BL.Tests.UsersServiceTests.TestAdminGetUserByIDAsync" computerName="DESKTOP-TJ9D65N" duration="00:00:00.0109572" startTime="2022-11-03T20:47:15.5084890+03:00" endTime="2022-11-03T20:47:15.5084892+03:00" testType="13cdc9d9-ddb5-4fa4-a97d-d965ccfc6d4b" outcome="Passed" testListId="8c84fa94-04c1-424b-9868-57a2d4851a1d" relativeResultsDirectory="ba4d987a-2acf-446e-8847-b324c4f9ec78" />
    <UnitTestResult executionId="ce29cd88-c9be-42da-8f0e-d78b82fbba44" testId="23a1ba61-7633-92bd-d2eb-1bed7f5327b5" testName="BL.Tests.SlopesServiceTest.TestGetSlopeInfoAsync(userID: 220, slope: Slope { SlopeID = 22, SlopeName = slopeNamecc5df472-af0d-42fb-b0f4-c97b5b21bad2, IsOpen = True, DifficultyLevel = 40, ConnectedLifts =  }, checkPermissionServiceMock: Mock&lt;ICheckPermissionService:6&gt;, slopesRepositoryStub: Mock&lt;ISlopesRepository:4&gt;, liftsSlopesRepositoryStub: Mock&lt;ILiftsSlopesRepository:9&gt;, sut: SlopesService { })" computerName="DESKTOP-TJ9D65N" duration="00:00:00.0105260" startTime="2022-11-03T20:47:15.4606974+03:00" endTime="2022-11-03T20:47:15.4606976+03:00" testType="13cdc9d9-ddb5-4fa4-a97d-d965ccfc6d4b" outcome="Passed" testListId="8c84fa94-04c1-424b-9868-57a2d4851a1d" relativeResultsDirectory="ce29cd88-c9be-42da-8f0e-d78b82fbba44" />
    <UnitTestResult executionId="a6e4ddaf-8d6d-4006-9c98-d0857376e57e" testId="ece59ae1-a2dc-d0ef-d332-73734d110201" testName="BL.Tests.LiftsServiceTest.TestAdminAddAutoIncrementLiftAsync(userID: 177, lift: Lift { LiftID = 125, LiftName = liftNameee3fec17-b599-4579-b733-cfe02ec12262, IsOpen = True, SeatsAmount = 215, LiftingTime = 168, QueueTime = 222, ConnectedSlopes =  }, checkPermissionServiceMock: Mock&lt;ICheckPermissionService:5&gt;, liftsRepositoryStub: Mock&lt;ILiftsRepository:5&gt;, sut: LiftsService { })" computerName="DESKTOP-TJ9D65N" duration="00:00:00.0119947" startTime="2022-11-03T20:47:15.4350170+03:00" endTime="2022-11-03T20:47:15.4350171+03:00" testType="13cdc9d9-ddb5-4fa4-a97d-d965ccfc6d4b" outcome="Passed" testListId="8c84fa94-04c1-424b-9868-57a2d4851a1d" relativeResultsDirectory="a6e4ddaf-8d6d-4006-9c98-d0857376e57e" />
    <UnitTestResult executionId="4c99b8aa-90c7-4515-a48a-7ed52fa53ddb" testId="20ad8570-0170-85de-dcd7-2f109dd7bcd6" testName="BL.Tests.UsersServiceTests.TestAdminGetUsers" computerName="DESKTOP-TJ9D65N" duration="00:00:00.0632620" startTime="2022-11-03T20:47:15.1673887+03:00" endTime="2022-11-03T20:47:15.1673888+03:00" testType="13cdc9d9-ddb5-4fa4-a97d-d965ccfc6d4b" outcome="Passed" testListId="8c84fa94-04c1-424b-9868-57a2d4851a1d" relativeResultsDirectory="4c99b8aa-90c7-4515-a48a-7ed52fa53ddb" />
    <UnitTestResult executionId="85b336b8-2a04-46a9-9ff1-1eadc273048e" testId="2d706594-f2b3-b3c8-21d4-86c9798c3306" testName="BL.Tests.CheckPermissionsServiceTests.SkiPatrolHasAccessToAdminSkiPatrolFunctions(functionName: &quot;GetLiftsSlopesInfoAsync&quot;)" computerName="DESKTOP-TJ9D65N" duration="00:00:00.0060046" startTime="2022-11-03T20:47:15.3931343+03:00" endTime="2022-11-03T20:47:15.3931344+03:00" testType="13cdc9d9-ddb5-4fa4-a97d-d965ccfc6d4b" outcome="Passed" testListId="8c84fa94-04c1-424b-9868-57a2d4851a1d" relativeResultsDirectory="85b336b8-2a04-46a9-9ff1-1eadc273048e" />
    <UnitTestResult executionId="2e005784-494b-4c7e-80d4-ee6b3f715ee6" testId="69340bb6-3645-f9dd-971e-29d8b2a009bb" testName="BL.Tests.UsersServiceTests.TestLogInWithWrongPassword" computerName="DESKTOP-TJ9D65N" duration="00:00:00.0032387" startTime="2022-11-03T20:47:15.4632545+03:00" endTime="2022-11-03T20:47:15.4632546+03:00" testType="13cdc9d9-ddb5-4fa4-a97d-d965ccfc6d4b" outcome="Passed" testListId="8c84fa94-04c1-424b-9868-57a2d4851a1d" relativeResultsDirectory="2e005784-494b-4c7e-80d4-ee6b3f715ee6" />
    <UnitTestResult executionId="431bd37f-7544-4f24-9172-449ac4415fd9" testId="648817d0-cabb-d63f-bd71-499cc846901f" testName="BL.Tests.LiftsServiceTest.TestGetLiftsInfoAsync(userID: 31, initialLifts: [Lift { LiftID = 63, LiftName = liftNamed76731fe-d611-4719-a57b-267f9f82d2d4, IsOpen = True, SeatsAmount = 197, LiftingTime = 71, QueueTime = 100, ConnectedSlopes =  }, Lift { LiftID = 168, LiftName = liftNamefe800d7a-5675-4628-8a77-c29576d2ccae, IsOpen = False, SeatsAmount = 151, LiftingTime = 85, QueueTime = 180, ConnectedSlopes =  }, Lift { LiftID = 102, LiftName = liftName674998ee-9a2d-4b6c-91d8-d3db5e1b4256, IsOpen = True, SeatsAmount = 167, LiftingTime = 33, QueueTime = 220, ConnectedSlopes =  }], checkPermissionServiceMock: Mock&lt;ICheckPermissionService:2&gt;, liftsRepositoryStub: Mock&lt;ILiftsRepository:2&gt;, liftsSlopesRepositoryStub: Mock&lt;ILiftsSlopesRepository:2&gt;, sut: LiftsService { })" computerName="DESKTOP-TJ9D65N" duration="00:00:00.0177902" startTime="2022-11-03T20:47:15.4691201+03:00" endTime="2022-11-03T20:47:15.4691203+03:00" testType="13cdc9d9-ddb5-4fa4-a97d-d965ccfc6d4b" outcome="Passed" testListId="8c84fa94-04c1-424b-9868-57a2d4851a1d" relativeResultsDirectory="431bd37f-7544-4f24-9172-449ac4415fd9" />
    <UnitTestResult executionId="32de359d-7420-4f24-833c-2d91b981761d" testId="8bd14f81-7c4c-c283-a373-36ba9555ac6a" testName="BL.Tests.LiftsServiceTest.TestUpdateLiftInfoAsync(userID: 146, lift: Lift { LiftID = 173, LiftName = liftNamecf4a0d7c-0ed3-4094-9e77-35c8bfa24846, IsOpen = True, SeatsAmount = 193, LiftingTime = 67, QueueTime = 157, ConnectedSlopes =  }, checkPermissionServiceMock: Mock&lt;ICheckPermissionService:3&gt;, liftsRepositoryStub: Mock&lt;ILiftsRepository:3&gt;, sut: LiftsService { })" computerName="DESKTOP-TJ9D65N" duration="00:00:00.0561270" startTime="2022-11-03T20:47:15.1672412+03:00" endTime="2022-11-03T20:47:15.1672412+03:00" testType="13cdc9d9-ddb5-4fa4-a97d-d965ccfc6d4b" outcome="Passed" testListId="8c84fa94-04c1-424b-9868-57a2d4851a1d" relativeResultsDirectory="32de359d-7420-4f24-833c-2d91b981761d" />
    <UnitTestResult executionId="8adfe595-e372-40e0-801c-6b1add8322a9" testId="f3efc418-a8a6-c7b7-9bac-90b33aa8472f" testName="BL.Tests.CheckPermissionsServiceTests.AdminHasAccessToAllFunctions" computerName="DESKTOP-TJ9D65N" duration="00:00:00.0019231" startTime="2022-11-03T20:47:15.5579350+03:00" endTime="2022-11-03T20:47:15.5579351+03:00" testType="13cdc9d9-ddb5-4fa4-a97d-d965ccfc6d4b" outcome="Passed" testListId="8c84fa94-04c1-424b-9868-57a2d4851a1d" relativeResultsDirectory="8adfe595-e372-40e0-801c-6b1add8322a9" />
    <UnitTestResult executionId="f0fef5da-fb2a-419f-b748-24296d4a34b3" testId="834c739b-eca4-b36d-6a66-5a1bd75377b8" testName="BL.Tests.UsersServiceTests.TestAdminAddAutoIncrementUser" computerName="DESKTOP-TJ9D65N" duration="00:00:00.0089277" startTime="2022-11-03T20:47:15.4872153+03:00" endTime="2022-11-03T20:47:15.4872155+03:00" testType="13cdc9d9-ddb5-4fa4-a97d-d965ccfc6d4b" outcome="Passed" testListId="8c84fa94-04c1-424b-9868-57a2d4851a1d" relativeResultsDirectory="f0fef5da-fb2a-419f-b748-24296d4a34b3" />
    <UnitTestResult executionId="f30997c4-88e0-4ede-9061-cb188aed4429" testId="8184bd30-991c-b78d-b4ec-99a485eac0dd" testName="BL.Tests.UsersServiceTests.TestRegisterUserWithNoEmail" computerName="DESKTOP-TJ9D65N" duration="00:00:00.0045885" startTime="2022-11-03T20:47:15.2516181+03:00" endTime="2022-11-03T20:47:15.2516182+03:00" testType="13cdc9d9-ddb5-4fa4-a97d-d965ccfc6d4b" outcome="Passed" testListId="8c84fa94-04c1-424b-9868-57a2d4851a1d" relativeResultsDirectory="f30997c4-88e0-4ede-9061-cb188aed4429" />
    <UnitTestResult executionId="ce72cd94-5b77-422b-b422-e1d771ebf572" testId="60bd668f-04df-da5e-b79b-5d9aedb5234d" testName="BL.Tests.CheckPermissionsServiceTests.SkiPatrolHasAccessToAdminSkiPatrolFunctions(functionName: &quot;MarkMessageReadByUserAsync&quot;)" computerName="DESKTOP-TJ9D65N" duration="00:00:00.0014367" startTime="2022-11-03T20:47:15.4085991+03:00" endTime="2022-11-03T20:47:15.4085994+03:00" testType="13cdc9d9-ddb5-4fa4-a97d-d965ccfc6d4b" outcome="Passed" testListId="8c84fa94-04c1-424b-9868-57a2d4851a1d" relativeResultsDirectory="ce72cd94-5b77-422b-b422-e1d771ebf572" />
    <UnitTestResult executionId="0592a946-9ff4-4b47-8461-68c5715660f8" testId="8e95cc84-ff01-a76c-7845-95c55159210c" testName="BL.Tests.LiftsServiceTest.TestGetLiftInfoAsync(userID: 239, lift: Lift { LiftID = 191, LiftName = liftName55b3c437-595d-4ed0-8037-f236c6b9bdfc, IsOpen = True, SeatsAmount = 199, LiftingTime = 246, QueueTime = 162, ConnectedSlopes =  }, checkPermissionServiceMock: Mock&lt;ICheckPermissionService:1&gt;, liftsRepositoryStub: Mock&lt;ILiftsRepository:1&gt;, liftsSlopesRepositoryStub: Mock&lt;ILiftsSlopesRepository:1&gt;, sut: LiftsService { })" computerName="DESKTOP-TJ9D65N" duration="00:00:00.0152084" startTime="2022-11-03T20:47:15.2518001+03:00" endTime="2022-11-03T20:47:15.2518002+03:00" testType="13cdc9d9-ddb5-4fa4-a97d-d965ccfc6d4b" outcome="Passed" testListId="8c84fa94-04c1-424b-9868-57a2d4851a1d" relativeResultsDirectory="0592a946-9ff4-4b47-8461-68c5715660f8" />
    <UnitTestResult executionId="cc3a5a36-63a2-44e7-93b9-c6084823ac65" testId="f880fb96-9ba1-016c-3424-20e9166e53aa" testName="BL.Tests.TurnstilesServiceTest.TestAdminUpdateTurnstileAsync(userID: 194, turnstile: Turnstile { TurnstileID = 143, LiftID = 120, IsOpen = True }, checkPermissionServiceMock: Mock&lt;ICheckPermissionService:14&gt;, turnstilesRepositoryStub: Mock&lt;ITurnstilesRepository:8&gt;, sut: TurnstilesService { })" computerName="DESKTOP-TJ9D65N" duration="00:00:00.0074490" startTime="2022-11-03T20:47:15.3963206+03:00" endTime="2022-11-03T20:47:15.3963207+03:00" testType="13cdc9d9-ddb5-4fa4-a97d-d965ccfc6d4b" outcome="Passed" testListId="8c84fa94-04c1-424b-9868-57a2d4851a1d" relativeResultsDirectory="cc3a5a36-63a2-44e7-93b9-c6084823ac65" />
    <UnitTestResult executionId="6798864c-ebb9-4cdd-87bf-1d8daaabeacb" testId="c36970dc-93f7-753e-fa47-157133b01644" testName="BL.Tests.CheckPermissionsServiceTests.SkiPatrolHasAccessToAdminSkiPatrolFunctions(functionName: &quot;GetMessagesAsync&quot;)" computerName="DESKTOP-TJ9D65N" duration="00:00:00.0016716" startTime="2022-11-03T20:47:15.4336420+03:00" endTime="2022-11-03T20:47:15.4336421+03:00" testType="13cdc9d9-ddb5-4fa4-a97d-d965ccfc6d4b" outcome="Passed" testListId="8c84fa94-04c1-424b-9868-57a2d4851a1d" relativeResultsDirectory="6798864c-ebb9-4cdd-87bf-1d8daaabeacb" />
    <UnitTestResult executionId="70b6837f-1a70-4fd1-b562-57347ca415ca" testId="fa960c5e-f989-2880-784e-8efe538c5231" testName="BL.Tests.CheckPermissionsServiceTests.UnauthorizedHasNoAccessToAuthorizedFunctions(functionName: &quot;LogOutAsync&quot;)" computerName="DESKTOP-TJ9D65N" duration="00:00:00.0018879" startTime="2022-11-03T20:47:15.3595382+03:00" endTime="2022-11-03T20:47:15.3595383+03:00" testType="13cdc9d9-ddb5-4fa4-a97d-d965ccfc6d4b" outcome="Passed" testListId="8c84fa94-04c1-424b-9868-57a2d4851a1d" relativeResultsDirectory="70b6837f-1a70-4fd1-b562-57347ca415ca" />
    <UnitTestResult executionId="cbcc4ca3-fda6-48f1-8928-5b93a4a33f59" testId="387c9729-48c1-486e-5e67-f5d11a9f0db8" testName="BL.Tests.CheckPermissionsServiceTests.UnauthorizedHasNoAccessToAdminSkiPatrolFunctions(functionName: &quot;GetLiftsSlopesInfoAsync&quot;)" computerName="DESKTOP-TJ9D65N" duration="00:00:00.0017329" startTime="2022-11-03T20:47:15.2514679+03:00" endTime="2022-11-03T20:47:15.2514680+03:00" testType="13cdc9d9-ddb5-4fa4-a97d-d965ccfc6d4b" outcome="Passed" testListId="8c84fa94-04c1-424b-9868-57a2d4851a1d" relativeResultsDirectory="cbcc4ca3-fda6-48f1-8928-5b93a4a33f59" />
    <UnitTestResult executionId="2b7481d9-7e1e-4191-b458-c4a76db71dcb" testId="07f7a15f-97d5-7c3b-f85c-baaa26e21089" testName="BL.Tests.SlopesServiceTest.TestAdminDeleteSlopeAsync(userID: 108, slope: Slope { SlopeID = 115, SlopeName = slopeName119132de-5af4-4ef4-a892-4591f67e2a8a, IsOpen = True, DifficultyLevel = 203, ConnectedLifts =  }, checkPermissionServiceMock: Mock&lt;ICheckPermissionService:9&gt;, slopesRepositoryStub: Mock&lt;ISlopesRepository:7&gt;, liftsSlopesRepositoryStub: Mock&lt;ILiftsSlopesRepository:12&gt;, sut: SlopesService { })" computerName="DESKTOP-TJ9D65N" duration="00:00:00.0068110" startTime="2022-11-03T20:47:15.2517347+03:00" endTime="2022-11-03T20:47:15.2517348+03:00" testType="13cdc9d9-ddb5-4fa4-a97d-d965ccfc6d4b" outcome="Passed" testListId="8c84fa94-04c1-424b-9868-57a2d4851a1d" relativeResultsDirectory="2b7481d9-7e1e-4191-b458-c4a76db71dcb" />
    <UnitTestResult executionId="1cf87a2a-94fe-4868-86d5-40518db22e38" testId="06d0bc3a-24a0-fb7f-4277-e9ae6d21c7dd" testName="BL.Tests.UsersServiceTests.TestAdminUpdateUser" computerName="DESKTOP-TJ9D65N" duration="00:00:00.0074763" startTime="2022-11-03T20:47:15.3762308+03:00" endTime="2022-11-03T20:47:15.3762309+03:00" testType="13cdc9d9-ddb5-4fa4-a97d-d965ccfc6d4b" outcome="Passed" testListId="8c84fa94-04c1-424b-9868-57a2d4851a1d" relativeResultsDirectory="1cf87a2a-94fe-4868-86d5-40518db22e38" />
    <UnitTestResult executionId="5a6ba616-0e13-4651-9382-ba149320a57d" testId="aa28a6b3-21d3-aa45-24d3-bef2facbc899" testName="BL.Tests.CheckPermissionsServiceTests.AuthorizedHasAccessToAuthorizedFunctions(functionName: &quot;LogOutAsync&quot;)" computerName="DESKTOP-TJ9D65N" duration="00:00:00.0010022" startTime="2022-11-03T20:47:15.5225502+03:00" endTime="2022-11-03T20:47:15.5225503+03:00" testType="13cdc9d9-ddb5-4fa4-a97d-d965ccfc6d4b" outcome="Passed" testListId="8c84fa94-04c1-424b-9868-57a2d4851a1d" relativeResultsDirectory="5a6ba616-0e13-4651-9382-ba149320a57d" />
    <UnitTestResult executionId="15c22a1f-bd9b-4dd1-804a-2c86d1d668c7" testId="4f297306-d4f3-8d63-e7f4-1ac0b8c58c74" testName="BL.Tests.CheckPermissionsServiceTests.AuthorizedHasNoAccessToAdminSkiPatrolFunctions(functionName: &quot;GetLiftsSlopesInfoAsync&quot;)" computerName="DESKTOP-TJ9D65N" duration="00:00:00.0015179" startTime="2022-11-03T20:47:15.4930064+03:00" endTime="2022-11-03T20:47:15.4930065+03:00" testType="13cdc9d9-ddb5-4fa4-a97d-d965ccfc6d4b" outcome="Passed" testListId="8c84fa94-04c1-424b-9868-57a2d4851a1d" relativeResultsDirectory="15c22a1f-bd9b-4dd1-804a-2c86d1d668c7" />
    <UnitTestResult executionId="e5b7a726-dfde-4a51-be80-b205433d5e66" testId="a19a5fcf-c5d2-7d44-5d7d-84403042f4e0" testName="BL.Tests.CheckPermissionsServiceTests.UnauthorizedHasNoAccessToAdminSkiPatrolFunctions(functionName: &quot;MarkMessageReadByUserAsync&quot;)" computerName="DESKTOP-TJ9D65N" duration="00:00:00.0551016" startTime="2022-11-03T20:47:15.1671677+03:00" endTime="2022-11-03T20:47:15.1671679+03:00" testType="13cdc9d9-ddb5-4fa4-a97d-d965ccfc6d4b" outcome="Passed" testListId="8c84fa94-04c1-424b-9868-57a2d4851a1d" relativeResultsDirectory="e5b7a726-dfde-4a51-be80-b205433d5e66" />
    <UnitTestResult executionId="c1d4be83-64fd-4e6b-86f2-56163d6ca513" testId="02bea060-50d3-b557-91af-95f9dce5c05e" testName="BL.Tests.TurnstilesServiceTest.TestAdminAddAutoIncrementTurnstileAsync(userID: 150, turnstile: Turnstile { TurnstileID = 227, LiftID = 69, IsOpen = True }, checkPermissionServiceMock: Mock&lt;ICheckPermissionService:16&gt;, turnstilesRepositoryStub: Mock&lt;ITurnstilesRepository:10&gt;, sut: TurnstilesService { })" computerName="DESKTOP-TJ9D65N" duration="00:00:00.0572945" startTime="2022-11-03T20:47:15.1602011+03:00" endTime="2022-11-03T20:47:15.1602413+03:00" testType="13cdc9d9-ddb5-4fa4-a97d-d965ccfc6d4b" outcome="Passed" testListId="8c84fa94-04c1-424b-9868-57a2d4851a1d" relativeResultsDirectory="c1d4be83-64fd-4e6b-86f2-56163d6ca513" />
    <UnitTestResult executionId="bbf1a75c-b104-4dcc-84d1-e08dff3db682" testId="a42782c1-ef1d-12df-e1b3-e4b0d8012ce5" testName="BL.Tests.LiftsSlopesServiceTests.TestAdminAddAutoIncrementLiftSlopeAsync(lift: Lift { LiftID = 37, LiftName = liftName8e6b3ab0-ee47-4b77-b8e5-3ee133f823b2, IsOpen = True, SeatsAmount = 185, LiftingTime = 233, QueueTime = 196, ConnectedSlopes =  }, slope: Slope { SlopeID = 114, SlopeName = slopeNamee0cadeae-b2db-4f0f-88c7-cad18070b95f, IsOpen = False, DifficultyLevel = 120, ConnectedLifts =  }, slopesRepositoryStub: Mock&lt;ISlopesRepository:3&gt;, liftsRepositoryStub: Mock&lt;ILiftsRepository:8&gt;, liftsSlopesRepositoryStub: Mock&lt;ILiftsSlopesRepository:8&gt;)" computerName="DESKTOP-TJ9D65N" duration="00:00:00.0551365" startTime="2022-11-03T20:47:15.1672556+03:00" endTime="2022-11-03T20:47:15.1672556+03:00" testType="13cdc9d9-ddb5-4fa4-a97d-d965ccfc6d4b" outcome="Passed" testListId="8c84fa94-04c1-424b-9868-57a2d4851a1d" relativeResultsDirectory="bbf1a75c-b104-4dcc-84d1-e08dff3db682" />
    <UnitTestResult executionId="9a496dee-d162-4252-b884-ffa5008b8c74" testId="f44a1b21-8efc-bfac-63b4-d534442def31" testName="BL.Tests.UsersServiceTests.TestRegisterUserWithNoPassword" computerName="DESKTOP-TJ9D65N" duration="00:00:00.0068311" startTime="2022-11-03T20:47:15.2666858+03:00" endTime="2022-11-03T20:47:15.2666860+03:00" testType="13cdc9d9-ddb5-4fa4-a97d-d965ccfc6d4b" outcome="Passed" testListId="8c84fa94-04c1-424b-9868-57a2d4851a1d" relativeResultsDirectory="9a496dee-d162-4252-b884-ffa5008b8c74" />
    <UnitTestResult executionId="4acace1d-ef6f-401e-b13f-46ab6ddba82f" testId="a2e59116-cb53-1d70-9cb8-21c286516866" testName="BL.Tests.CheckPermissionsServiceTests.AuthorizedHasNoAccessToAdminFunctions" computerName="DESKTOP-TJ9D65N" duration="00:00:00.0041398" startTime="2022-11-03T20:47:15.4491386+03:00" endTime="2022-11-03T20:47:15.4491391+03:00" testType="13cdc9d9-ddb5-4fa4-a97d-d965ccfc6d4b" outcome="Passed" testListId="8c84fa94-04c1-424b-9868-57a2d4851a1d" relativeResultsDirectory="4acace1d-ef6f-401e-b13f-46ab6ddba82f" />
    <UnitTestResult executionId="9604b3b6-dcce-4d31-b6c3-f0ff45a4934a" testId="5ee7799e-44fc-ff74-a13a-e40c25c65628" testName="BL.Tests.LiftsSlopesServiceTests.TestAdminDeleteLiftSlopeAsync(lift: Lift { LiftID = 2, LiftName = liftName4d446df0-d91e-445c-a771-7c789c9fe2c2, IsOpen = True, SeatsAmount = 165, LiftingTime = 95, QueueTime = 163, ConnectedSlopes =  }, slope: Slope { SlopeID = 69, SlopeName = slopeNameed77600e-c189-41f9-b9ed-a3d4c813b5d3, IsOpen = False, DifficultyLevel = 223, ConnectedLifts =  }, slopesRepositoryStub: Mock&lt;ISlopesRepository:2&gt;, liftsRepositoryStub: Mock&lt;ILiftsRepository:7&gt;, liftsSlopesRepositoryStub: Mock&lt;ILiftsSlopesRepository:7&gt;)" computerName="DESKTOP-TJ9D65N" duration="00:00:00.0110271" startTime="2022-11-03T20:47:15.2807837+03:00" endTime="2022-11-03T20:47:15.2807839+03:00" testType="13cdc9d9-ddb5-4fa4-a97d-d965ccfc6d4b" outcome="Passed" testListId="8c84fa94-04c1-424b-9868-57a2d4851a1d" relativeResultsDirectory="9604b3b6-dcce-4d31-b6c3-f0ff45a4934a" />
    <UnitTestResult executionId="1721b5e4-879a-4edd-be20-61af1189d915" testId="4c660704-3674-1391-d69f-a34bb58228a4" testName="BL.Tests.TurnstilesServiceTest.TestAdminGetTurnstilesAsync(userID: 216, initialTurnstiles: [Turnstile { TurnstileID = 161, LiftID = 61, IsOpen = True }, Turnstile { TurnstileID = 106, LiftID = 113, IsOpen = False }, Turnstile { TurnstileID = 201, LiftID = 23, IsOpen = True }], checkPermissionServiceMock: Mock&lt;ICheckPermissionService:13&gt;, turnstilesRepositoryStub: Mock&lt;ITurnstilesRepository:7&gt;, sut: TurnstilesService { })" computerName="DESKTOP-TJ9D65N" duration="00:00:00.0199619" startTime="2022-11-03T20:47:15.2518776+03:00" endTime="2022-11-03T20:47:15.2518777+03:00" testType="13cdc9d9-ddb5-4fa4-a97d-d965ccfc6d4b" outcome="Passed" testListId="8c84fa94-04c1-424b-9868-57a2d4851a1d" relativeResultsDirectory="1721b5e4-879a-4edd-be20-61af1189d915" />
    <UnitTestResult executionId="4f72f0d7-8c49-4b73-a8b3-06bb3d73a41f" testId="0eeef75f-6e38-7893-a8fe-cff3e0a970a7" testName="BL.Tests.UsersServiceTests.TestRegisterOk" computerName="DESKTOP-TJ9D65N" duration="00:00:00.0188575" startTime="2022-11-03T20:47:15.4167458+03:00" endTime="2022-11-03T20:47:15.4167459+03:00" testType="13cdc9d9-ddb5-4fa4-a97d-d965ccfc6d4b" outcome="Passed" testListId="8c84fa94-04c1-424b-9868-57a2d4851a1d" relativeResultsDirectory="4f72f0d7-8c49-4b73-a8b3-06bb3d73a41f" />
    <UnitTestResult executionId="82517696-0b3f-4645-9287-e56363814eb3" testId="1ca07ad8-f799-c5d4-e7cc-34fd950198a2" testName="BL.Tests.UsersServiceTests.TestLogInOk" computerName="DESKTOP-TJ9D65N" duration="00:00:00.0103218" startTime="2022-11-03T20:47:15.4435436+03:00" endTime="2022-11-03T20:47:15.4435438+03:00" testType="13cdc9d9-ddb5-4fa4-a97d-d965ccfc6d4b" outcome="Passed" testListId="8c84fa94-04c1-424b-9868-57a2d4851a1d" relativeResultsDirectory="82517696-0b3f-4645-9287-e56363814eb3" />
    <UnitTestResult executionId="1876a421-3762-4fd4-83b2-3f088132a557" testId="710c557f-c4df-c66e-7b2d-0cd2cef04344" testName="BL.Tests.LiftsServiceTest.TestAdminDeleteLiftAsync(userID: 100, lift: Lift { LiftID = 129, LiftName = liftName131a1278-2d94-4327-84d8-182b14a7ac11, IsOpen = True, SeatsAmount = 229, LiftingTime = 57, QueueTime = 49, ConnectedSlopes =  }, checkPermissionServiceMock: Mock&lt;ICheckPermissionService:4&gt;, liftsRepositoryStub: Mock&lt;ILiftsRepository:4&gt;, liftsSlopesRepositoryStub: Mock&lt;ILiftsSlopesRepository:4&gt;, sut: LiftsService { })" computerName="DESKTOP-TJ9D65N" duration="00:00:00.1178765" startTime="2022-11-03T20:47:15.4023392+03:00" endTime="2022-11-03T20:47:15.4023394+03:00" testType="13cdc9d9-ddb5-4fa4-a97d-d965ccfc6d4b" outcome="Passed" testListId="8c84fa94-04c1-424b-9868-57a2d4851a1d" relativeResultsDirectory="1876a421-3762-4fd4-83b2-3f088132a557" />
    <UnitTestResult executionId="da3f82de-a789-427e-83cc-e9d27f34e301" testId="a17222b6-f850-646b-d29e-45eec80815ae" testName="BL.Tests.SlopesServiceTest.TestUpdateSlopeInfoAsync(userID: 124, slope: Slope { SlopeID = 106, SlopeName = slopeName6e121c6f-d4c0-401f-b81b-c6ec8a4944c5, IsOpen = True, DifficultyLevel = 253, ConnectedLifts =  }, checkPermissionServiceMock: Mock&lt;ICheckPermissionService:8&gt;, slopesRepositoryStub: Mock&lt;ISlopesRepository:6&gt;, sut: SlopesService { })" computerName="DESKTOP-TJ9D65N" duration="00:00:00.0563003" startTime="2022-11-03T20:47:15.1672224+03:00" endTime="2022-11-03T20:47:15.1672225+03:00" testType="13cdc9d9-ddb5-4fa4-a97d-d965ccfc6d4b" outcome="Passed" testListId="8c84fa94-04c1-424b-9868-57a2d4851a1d" relativeResultsDirectory="da3f82de-a789-427e-83cc-e9d27f34e301" />
    <UnitTestResult executionId="9baf22fb-3ec4-4207-96f2-3706f6777a61" testId="1f26525b-646f-08f7-5f7b-bd7846472391" testName="BL.Tests.SlopesServiceTest.TestAdminAddAutoIncrementSlopeAsync(userID: 28, slope: Slope { SlopeID = 221, SlopeName = slopeNamee290f26f-e401-4df4-bf59-47aec7a900f9, IsOpen = True, DifficultyLevel = 53, ConnectedLifts =  }, checkPermissionServiceMock: Mock&lt;ICheckPermissionService:10&gt;, slopesRepositoryStub: Mock&lt;ISlopesRepository:8&gt;, sut: SlopesService { })" computerName="DESKTOP-TJ9D65N" duration="00:00:00.0175747" startTime="2022-11-03T20:47:15.2808224+03:00" endTime="2022-11-03T20:47:15.2808225+03:00" testType="13cdc9d9-ddb5-4fa4-a97d-d965ccfc6d4b" outcome="Passed" testListId="8c84fa94-04c1-424b-9868-57a2d4851a1d" relativeResultsDirectory="9baf22fb-3ec4-4207-96f2-3706f6777a61" />
  </Results>
  <TestDefinitions>
    <UnitTest name="BL.Tests.CheckPermissionsServiceTests.AuthorizedHasNoAccessToAdminSkiPatrolFunctions(functionName: &quot;MarkMessageReadByUserAsync&quot;)" storage="/mnt/c/users/alena/desktop/7_sem/testing_and_debugging/skiresort/bl.tests/bin/debug/net6.0/bl.tests.dll" id="9c7df5e2-1b23-ebea-889f-b78ca86b60ab">
      <Execution id="7c56a00d-419e-4e1d-911d-f5a4d1c63887" />
      <TestMethod codeBase="/mnt/c/Users/alena/Desktop/7_sem/testing_and_debugging/SkiResort/BL.Tests/bin/Debug/net6.0/BL.Tests.dll" adapterTypeName="executor://xunit/VsTestRunner2/netcoreapp" className="BL.Tests.CheckPermissionsServiceTests" name="AuthorizedHasNoAccessToAdminSkiPatrolFunctions" />
    </UnitTest>
    <UnitTest name="BL.Tests.CheckPermissionsServiceTests.UnauthorizedHasNoAccessToAdminSkiPatrolFunctions(functionName: &quot;MarkMessageReadByUserAsync&quot;)" storage="/mnt/c/users/alena/desktop/7_sem/testing_and_debugging/skiresort/bl.tests/bin/debug/net6.0/bl.tests.dll" id="a19a5fcf-c5d2-7d44-5d7d-84403042f4e0">
      <Execution id="e5b7a726-dfde-4a51-be80-b205433d5e66" />
      <TestMethod codeBase="/mnt/c/Users/alena/Desktop/7_sem/testing_and_debugging/SkiResort/BL.Tests/bin/Debug/net6.0/BL.Tests.dll" adapterTypeName="executor://xunit/VsTestRunner2/netcoreapp" className="BL.Tests.CheckPermissionsServiceTests" name="UnauthorizedHasNoAccessToAdminSkiPatrolFunctions" />
    </UnitTest>
    <UnitTest name="BL.Tests.CheckPermissionsServiceTests.AuthorizedHasNoAccessToAdminSkiPatrolFunctions(functionName: &quot;GetMessagesAsync&quot;)" storage="/mnt/c/users/alena/desktop/7_sem/testing_and_debugging/skiresort/bl.tests/bin/debug/net6.0/bl.tests.dll" id="2602613f-c8e2-a6d9-fcf7-5b27d4a770a6">
      <Execution id="34d1adab-5718-4da5-9af4-c2ec83058326" />
      <TestMethod codeBase="/mnt/c/Users/alena/Desktop/7_sem/testing_and_debugging/SkiResort/BL.Tests/bin/Debug/net6.0/BL.Tests.dll" adapterTypeName="executor://xunit/VsTestRunner2/netcoreapp" className="BL.Tests.CheckPermissionsServiceTests" name="AuthorizedHasNoAccessToAdminSkiPatrolFunctions" />
    </UnitTest>
    <UnitTest name="BL.Tests.CheckPermissionsServiceTests.AuthorizedHasNoAccessToAdminFunctions" storage="/mnt/c/users/alena/desktop/7_sem/testing_and_debugging/skiresort/bl.tests/bin/debug/net6.0/bl.tests.dll" id="a2e59116-cb53-1d70-9cb8-21c286516866">
      <Execution id="4acace1d-ef6f-401e-b13f-46ab6ddba82f" />
      <TestMethod codeBase="/mnt/c/Users/alena/Desktop/7_sem/testing_and_debugging/SkiResort/BL.Tests/bin/Debug/net6.0/BL.Tests.dll" adapterTypeName="executor://xunit/VsTestRunner2/netcoreapp" className="BL.Tests.CheckPermissionsServiceTests" name="AuthorizedHasNoAccessToAdminFunctions" />
    </UnitTest>
    <UnitTest name="BL.Tests.CheckPermissionsServiceTests.SkiPatrolHasAccessToAdminSkiPatrolFunctions(functionName: &quot;GetMessagesAsync&quot;)" storage="/mnt/c/users/alena/desktop/7_sem/testing_and_debugging/skiresort/bl.tests/bin/debug/net6.0/bl.tests.dll" id="c36970dc-93f7-753e-fa47-157133b01644">
      <Execution id="6798864c-ebb9-4cdd-87bf-1d8daaabeacb" />
      <TestMethod codeBase="/mnt/c/Users/alena/Desktop/7_sem/testing_and_debugging/SkiResort/BL.Tests/bin/Debug/net6.0/BL.Tests.dll" adapterTypeName="executor://xunit/VsTestRunner2/netcoreapp" className="BL.Tests.CheckPermissionsServiceTests" name="SkiPatrolHasAccessToAdminSkiPatrolFunctions" />
    </UnitTest>
    <UnitTest name="BL.Tests.CheckPermissionsServiceTests.AdminHasAccessToAllFunctions" storage="/mnt/c/users/alena/desktop/7_sem/testing_and_debugging/skiresort/bl.tests/bin/debug/net6.0/bl.tests.dll" id="f3efc418-a8a6-c7b7-9bac-90b33aa8472f">
      <Execution id="8adfe595-e372-40e0-801c-6b1add8322a9" />
      <TestMethod codeBase="/mnt/c/Users/alena/Desktop/7_sem/testing_and_debugging/SkiResort/BL.Tests/bin/Debug/net6.0/BL.Tests.dll" adapterTypeName="executor://xunit/VsTestRunner2/netcoreapp" className="BL.Tests.CheckPermissionsServiceTests" name="AdminHasAccessToAllFunctions" />
    </UnitTest>
    <UnitTest name="BL.Tests.LiftsServiceTest.TestAdminAddAutoIncrementLiftAsync(userID: 177, lift: Lift { LiftID = 125, LiftName = liftNameee3fec17-b599-4579-b733-cfe02ec12262, IsOpen = True, SeatsAmount = 215, LiftingTime = 168, QueueTime = 222, ConnectedSlopes =  }, checkPermissionServiceMock: Mock&lt;ICheckPermissionService:5&gt;, liftsRepositoryStub: Mock&lt;ILiftsRepository:5&gt;, sut: LiftsService { })" storage="/mnt/c/users/alena/desktop/7_sem/testing_and_debugging/skiresort/bl.tests/bin/debug/net6.0/bl.tests.dll" id="ece59ae1-a2dc-d0ef-d332-73734d110201">
      <Execution id="a6e4ddaf-8d6d-4006-9c98-d0857376e57e" />
      <TestMethod codeBase="/mnt/c/Users/alena/Desktop/7_sem/testing_and_debugging/SkiResort/BL.Tests/bin/Debug/net6.0/BL.Tests.dll" adapterTypeName="executor://xunit/VsTestRunner2/netcoreapp" className="BL.Tests.LiftsServiceTest" name="TestAdminAddAutoIncrementLiftAsync" />
    </UnitTest>
    <UnitTest name="BL.Tests.UsersServiceTests.TestRegisterUserWithNoPassword" storage="/mnt/c/users/alena/desktop/7_sem/testing_and_debugging/skiresort/bl.tests/bin/debug/net6.0/bl.tests.dll" id="f44a1b21-8efc-bfac-63b4-d534442def31">
      <Execution id="9a496dee-d162-4252-b884-ffa5008b8c74" />
      <TestMethod codeBase="/mnt/c/Users/alena/Desktop/7_sem/testing_and_debugging/SkiResort/BL.Tests/bin/Debug/net6.0/BL.Tests.dll" adapterTypeName="executor://xunit/VsTestRunner2/netcoreapp" className="BL.Tests.UsersServiceTests" name="TestRegisterUserWithNoPassword" />
    </UnitTest>
    <UnitTest name="BL.Tests.UsersServiceTests.TestAdminGetUserByIDAsync" storage="/mnt/c/users/alena/desktop/7_sem/testing_and_debugging/skiresort/bl.tests/bin/debug/net6.0/bl.tests.dll" id="e5497347-2721-b7a6-0bd4-69a9921f6947">
      <Execution id="ba4d987a-2acf-446e-8847-b324c4f9ec78" />
      <TestMethod codeBase="/mnt/c/Users/alena/Desktop/7_sem/testing_and_debugging/SkiResort/BL.Tests/bin/Debug/net6.0/BL.Tests.dll" adapterTypeName="executor://xunit/VsTestRunner2/netcoreapp" className="BL.Tests.UsersServiceTests" name="TestAdminGetUserByIDAsync" />
    </UnitTest>
    <UnitTest name="BL.Tests.SlopesServiceTest.TestAdminAddAutoIncrementSlopeAsync(userID: 28, slope: Slope { SlopeID = 221, SlopeName = slopeNamee290f26f-e401-4df4-bf59-47aec7a900f9, IsOpen = True, DifficultyLevel = 53, ConnectedLifts =  }, checkPermissionServiceMock: Mock&lt;ICheckPermissionService:10&gt;, slopesRepositoryStub: Mock&lt;ISlopesRepository:8&gt;, sut: SlopesService { })" storage="/mnt/c/users/alena/desktop/7_sem/testing_and_debugging/skiresort/bl.tests/bin/debug/net6.0/bl.tests.dll" id="1f26525b-646f-08f7-5f7b-bd7846472391">
      <Execution id="9baf22fb-3ec4-4207-96f2-3706f6777a61" />
      <TestMethod codeBase="/mnt/c/Users/alena/Desktop/7_sem/testing_and_debugging/SkiResort/BL.Tests/bin/Debug/net6.0/BL.Tests.dll" adapterTypeName="executor://xunit/VsTestRunner2/netcoreapp" className="BL.Tests.SlopesServiceTest" name="TestAdminAddAutoIncrementSlopeAsync" />
    </UnitTest>
    <UnitTest name="BL.Tests.UsersServiceTests.TestAdminAddAutoIncrementUser" storage="/mnt/c/users/alena/desktop/7_sem/testing_and_debugging/skiresort/bl.tests/bin/debug/net6.0/bl.tests.dll" id="834c739b-eca4-b36d-6a66-5a1bd75377b8">
      <Execution id="f0fef5da-fb2a-419f-b748-24296d4a34b3" />
      <TestMethod codeBase="/mnt/c/Users/alena/Desktop/7_sem/testing_and_debugging/SkiResort/BL.Tests/bin/Debug/net6.0/BL.Tests.dll" adapterTypeName="executor://xunit/VsTestRunner2/netcoreapp" className="BL.Tests.UsersServiceTests" name="TestAdminAddAutoIncrementUser" />
    </UnitTest>
    <UnitTest name="BL.Tests.CheckPermissionsServiceTests.UnauthorizedHasNoAccessToAdminSkiPatrolFunctions(functionName: &quot;GetLiftsSlopesInfoAsync&quot;)" storage="/mnt/c/users/alena/desktop/7_sem/testing_and_debugging/skiresort/bl.tests/bin/debug/net6.0/bl.tests.dll" id="387c9729-48c1-486e-5e67-f5d11a9f0db8">
      <Execution id="cbcc4ca3-fda6-48f1-8928-5b93a4a33f59" />
      <TestMethod codeBase="/mnt/c/Users/alena/Desktop/7_sem/testing_and_debugging/SkiResort/BL.Tests/bin/Debug/net6.0/BL.Tests.dll" adapterTypeName="executor://xunit/VsTestRunner2/netcoreapp" className="BL.Tests.CheckPermissionsServiceTests" name="UnauthorizedHasNoAccessToAdminSkiPatrolFunctions" />
    </UnitTest>
    <UnitTest name="BL.Tests.CheckPermissionsServiceTests.SkiPatrolHasAccessToAdminSkiPatrolFunctions(functionName: &quot;MarkMessageReadByUserAsync&quot;)" storage="/mnt/c/users/alena/desktop/7_sem/testing_and_debugging/skiresort/bl.tests/bin/debug/net6.0/bl.tests.dll" id="60bd668f-04df-da5e-b79b-5d9aedb5234d">
      <Execution id="ce72cd94-5b77-422b-b422-e1d771ebf572" />
      <TestMethod codeBase="/mnt/c/Users/alena/Desktop/7_sem/testing_and_debugging/SkiResort/BL.Tests/bin/Debug/net6.0/BL.Tests.dll" adapterTypeName="executor://xunit/VsTestRunner2/netcoreapp" className="BL.Tests.CheckPermissionsServiceTests" name="SkiPatrolHasAccessToAdminSkiPatrolFunctions" />
    </UnitTest>
    <UnitTest name="BL.Tests.CheckPermissionsServiceTests.UnauthorizedHasNoAccessToAdminFunctions" storage="/mnt/c/users/alena/desktop/7_sem/testing_and_debugging/skiresort/bl.tests/bin/debug/net6.0/bl.tests.dll" id="e2d7e5be-3dae-33ae-fb17-c704b6fd58d6">
      <Execution id="786d3e5a-c133-40c7-93f1-ce3bd9d6646d" />
      <TestMethod codeBase="/mnt/c/Users/alena/Desktop/7_sem/testing_and_debugging/SkiResort/BL.Tests/bin/Debug/net6.0/BL.Tests.dll" adapterTypeName="executor://xunit/VsTestRunner2/netcoreapp" className="BL.Tests.CheckPermissionsServiceTests" name="UnauthorizedHasNoAccessToAdminFunctions" />
    </UnitTest>
    <UnitTest name="BL.Tests.UsersServiceTests.TestLogInWithWrongPassword" storage="/mnt/c/users/alena/desktop/7_sem/testing_and_debugging/skiresort/bl.tests/bin/debug/net6.0/bl.tests.dll" id="69340bb6-3645-f9dd-971e-29d8b2a009bb">
      <Execution id="2e005784-494b-4c7e-80d4-ee6b3f715ee6" />
      <TestMethod codeBase="/mnt/c/Users/alena/Desktop/7_sem/testing_and_debugging/SkiResort/BL.Tests/bin/Debug/net6.0/BL.Tests.dll" adapterTypeName="executor://xunit/VsTestRunner2/netcoreapp" className="BL.Tests.UsersServiceTests" name="TestLogInWithWrongPassword" />
    </UnitTest>
    <UnitTest name="BL.Tests.CheckPermissionsServiceTests.SkiPatrolHasAccessToAdminSkiPatrolFunctions(functionName: &quot;GetLiftsSlopesInfoAsync&quot;)" storage="/mnt/c/users/alena/desktop/7_sem/testing_and_debugging/skiresort/bl.tests/bin/debug/net6.0/bl.tests.dll" id="2d706594-f2b3-b3c8-21d4-86c9798c3306">
      <Execution id="85b336b8-2a04-46a9-9ff1-1eadc273048e" />
      <TestMethod codeBase="/mnt/c/Users/alena/Desktop/7_sem/testing_and_debugging/SkiResort/BL.Tests/bin/Debug/net6.0/BL.Tests.dll" adapterTypeName="executor://xunit/VsTestRunner2/netcoreapp" className="BL.Tests.CheckPermissionsServiceTests" name="SkiPatrolHasAccessToAdminSkiPatrolFunctions" />
    </UnitTest>
    <UnitTest name="BL.Tests.CheckPermissionsServiceTests.SkiPatrolHasNoAccessToAdminFunctions" storage="/mnt/c/users/alena/desktop/7_sem/testing_and_debugging/skiresort/bl.tests/bin/debug/net6.0/bl.tests.dll" id="492c0393-35b4-df26-a537-21ca08302f3c">
      <Execution id="be738b5d-323d-43c1-9aa2-84508d3ed242" />
      <TestMethod codeBase="/mnt/c/Users/alena/Desktop/7_sem/testing_and_debugging/SkiResort/BL.Tests/bin/Debug/net6.0/BL.Tests.dll" adapterTypeName="executor://xunit/VsTestRunner2/netcoreapp" className="BL.Tests.CheckPermissionsServiceTests" name="SkiPatrolHasNoAccessToAdminFunctions" />
    </UnitTest>
    <UnitTest name="BL.Tests.UsersServiceTests.TestAdminDeleteUser" storage="/mnt/c/users/alena/desktop/7_sem/testing_and_debugging/skiresort/bl.tests/bin/debug/net6.0/bl.tests.dll" id="18fa8c62-e27d-e1fc-8182-4d7db62b008d">
      <Execution id="54e6309b-27b7-4e6d-8975-282fbb02e8fd" />
      <TestMethod codeBase="/mnt/c/Users/alena/Desktop/7_sem/testing_and_debugging/SkiResort/BL.Tests/bin/Debug/net6.0/BL.Tests.dll" adapterTypeName="executor://xunit/VsTestRunner2/netcoreapp" className="BL.Tests.UsersServiceTests" name="TestAdminDeleteUser" />
    </UnitTest>
    <UnitTest name="BL.Tests.SlopesServiceTest.TestGetSlopesInfoAsync(userID: 93, initialSlopes: [Slope { SlopeID = 222, SlopeName = slopeName9b634c4d-270b-46c7-b96e-8be555f5d445, IsOpen = True, DifficultyLevel = 38, ConnectedLifts =  }, Slope { SlopeID = 4, SlopeName = slopeNamed689c232-b68b-482c-8cf0-cfdeac06f8e0, IsOpen = False, DifficultyLevel = 152, ConnectedLifts =  }, Slope { SlopeID = 43, SlopeName = slopeName61a9de94-390a-4869-a787-defce77ff409, IsOpe..." storage="/mnt/c/users/alena/desktop/7_sem/testing_and_debugging/skiresort/bl.tests/bin/debug/net6.0/bl.tests.dll" id="675645df-fc69-de2a-fbf6-12d5c118812b">
      <Execution id="64f186bb-1f2e-4421-a44e-127332bdea29" />
      <TestMethod codeBase="/mnt/c/Users/alena/Desktop/7_sem/testing_and_debugging/SkiResort/BL.Tests/bin/Debug/net6.0/BL.Tests.dll" adapterTypeName="executor://xunit/VsTestRunner2/netcoreapp" className="BL.Tests.SlopesServiceTest" name="TestGetSlopesInfoAsync" />
    </UnitTest>
    <UnitTest name="BL.Tests.TurnstilesServiceTest.TestAdminGetTurnstilesAsync(userID: 216, initialTurnstiles: [Turnstile { TurnstileID = 161, LiftID = 61, IsOpen = True }, Turnstile { TurnstileID = 106, LiftID = 113, IsOpen = False }, Turnstile { TurnstileID = 201, LiftID = 23, IsOpen = True }], checkPermissionServiceMock: Mock&lt;ICheckPermissionService:13&gt;, turnstilesRepositoryStub: Mock&lt;ITurnstilesRepository:7&gt;, sut: TurnstilesService { })" storage="/mnt/c/users/alena/desktop/7_sem/testing_and_debugging/skiresort/bl.tests/bin/debug/net6.0/bl.tests.dll" id="4c660704-3674-1391-d69f-a34bb58228a4">
      <Execution id="1721b5e4-879a-4edd-be20-61af1189d915" />
      <TestMethod codeBase="/mnt/c/Users/alena/Desktop/7_sem/testing_and_debugging/SkiResort/BL.Tests/bin/Debug/net6.0/BL.Tests.dll" adapterTypeName="executor://xunit/VsTestRunner2/netcoreapp" className="BL.Tests.TurnstilesServiceTest" name="TestAdminGetTurnstilesAsync" />
    </UnitTest>
    <UnitTest name="BL.Tests.CheckPermissionsServiceTests.AuthorizedHasAccessToAuthorizedFunctions(functionName: &quot;LogOutAsync&quot;)" storage="/mnt/c/users/alena/desktop/7_sem/testing_and_debugging/skiresort/bl.tests/bin/debug/net6.0/bl.tests.dll" id="aa28a6b3-21d3-aa45-24d3-bef2facbc899">
      <Execution id="5a6ba616-0e13-4651-9382-ba149320a57d" />
      <TestMethod codeBase="/mnt/c/Users/alena/Desktop/7_sem/testing_and_debugging/SkiResort/BL.Tests/bin/Debug/net6.0/BL.Tests.dll" adapterTypeName="executor://xunit/VsTestRunner2/netcoreapp" className="BL.Tests.CheckPermissionsServiceTests" name="AuthorizedHasAccessToAuthorizedFunctions" />
    </UnitTest>
    <UnitTest name="BL.Tests.UsersServiceTests.TestAdminUpdateUser" storage="/mnt/c/users/alena/desktop/7_sem/testing_and_debugging/skiresort/bl.tests/bin/debug/net6.0/bl.tests.dll" id="06d0bc3a-24a0-fb7f-4277-e9ae6d21c7dd">
      <Execution id="1cf87a2a-94fe-4868-86d5-40518db22e38" />
      <TestMethod codeBase="/mnt/c/Users/alena/Desktop/7_sem/testing_and_debugging/SkiResort/BL.Tests/bin/Debug/net6.0/BL.Tests.dll" adapterTypeName="executor://xunit/VsTestRunner2/netcoreapp" className="BL.Tests.UsersServiceTests" name="TestAdminUpdateUser" />
    </UnitTest>
    <UnitTest name="BL.Tests.UsersServiceTests.TestLogInOk" storage="/mnt/c/users/alena/desktop/7_sem/testing_and_debugging/skiresort/bl.tests/bin/debug/net6.0/bl.tests.dll" id="1ca07ad8-f799-c5d4-e7cc-34fd950198a2">
      <Execution id="82517696-0b3f-4645-9287-e56363814eb3" />
      <TestMethod codeBase="/mnt/c/Users/alena/Desktop/7_sem/testing_and_debugging/SkiResort/BL.Tests/bin/Debug/net6.0/BL.Tests.dll" adapterTypeName="executor://xunit/VsTestRunner2/netcoreapp" className="BL.Tests.UsersServiceTests" name="TestLogInOk" />
    </UnitTest>
    <UnitTest name="BL.Tests.UsersServiceTests.TestAdminGetUsers" storage="/mnt/c/users/alena/desktop/7_sem/testing_and_debugging/skiresort/bl.tests/bin/debug/net6.0/bl.tests.dll" id="20ad8570-0170-85de-dcd7-2f109dd7bcd6">
      <Execution id="4c99b8aa-90c7-4515-a48a-7ed52fa53ddb" />
      <TestMethod codeBase="/mnt/c/Users/alena/Desktop/7_sem/testing_and_debugging/SkiResort/BL.Tests/bin/Debug/net6.0/BL.Tests.dll" adapterTypeName="executor://xunit/VsTestRunner2/netcoreapp" className="BL.Tests.UsersServiceTests" name="TestAdminGetUsers" />
    </UnitTest>
    <UnitTest name="BL.Tests.CheckPermissionsServiceTests.UnauthorizedHasNoAccessToAdminSkiPatrolFunctions(functionName: &quot;GetMessagesAsync&quot;)" storage="/mnt/c/users/alena/desktop/7_sem/testing_and_debugging/skiresort/bl.tests/bin/debug/net6.0/bl.tests.dll" id="229812f5-9a73-5335-11f5-31330d1348a5">
      <Execution id="20f245c7-1b36-44c7-bdd5-9756bbf35830" />
      <TestMethod codeBase="/mnt/c/Users/alena/Desktop/7_sem/testing_and_debugging/SkiResort/BL.Tests/bin/Debug/net6.0/BL.Tests.dll" adapterTypeName="executor://xunit/VsTestRunner2/netcoreapp" className="BL.Tests.CheckPermissionsServiceTests" name="UnauthorizedHasNoAccessToAdminSkiPatrolFunctions" />
    </UnitTest>
    <UnitTest name="BL.Tests.CheckPermissionsServiceTests.AuthorizedHasNoAccessToAdminSkiPatrolFunctions(functionName: &quot;GetLiftsSlopesInfoAsync&quot;)" storage="/mnt/c/users/alena/desktop/7_sem/testing_and_debugging/skiresort/bl.tests/bin/debug/net6.0/bl.tests.dll" id="4f297306-d4f3-8d63-e7f4-1ac0b8c58c74">
      <Execution id="15c22a1f-bd9b-4dd1-804a-2c86d1d668c7" />
      <TestMethod codeBase="/mnt/c/Users/alena/Desktop/7_sem/testing_and_debugging/SkiResort/BL.Tests/bin/Debug/net6.0/BL.Tests.dll" adapterTypeName="executor://xunit/VsTestRunner2/netcoreapp" className="BL.Tests.CheckPermissionsServiceTests" name="AuthorizedHasNoAccessToAdminSkiPatrolFunctions" />
    </UnitTest>
    <UnitTest name="BL.Tests.SlopesServiceTest.TestGetSlopeInfoAsync(userID: 220, slope: Slope { SlopeID = 22, SlopeName = slopeNamecc5df472-af0d-42fb-b0f4-c97b5b21bad2, IsOpen = True, DifficultyLevel = 40, ConnectedLifts =  }, checkPermissionServiceMock: Mock&lt;ICheckPermissionService:6&gt;, slopesRepositoryStub: Mock&lt;ISlopesRepository:4&gt;, liftsSlopesRepositoryStub: Mock&lt;ILiftsSlopesRepository:9&gt;, sut: SlopesService { })" storage="/mnt/c/users/alena/desktop/7_sem/testing_and_debugging/skiresort/bl.tests/bin/debug/net6.0/bl.tests.dll" id="23a1ba61-7633-92bd-d2eb-1bed7f5327b5">
      <Execution id="ce29cd88-c9be-42da-8f0e-d78b82fbba44" />
      <TestMethod codeBase="/mnt/c/Users/alena/Desktop/7_sem/testing_and_debugging/SkiResort/BL.Tests/bin/Debug/net6.0/BL.Tests.dll" adapterTypeName="executor://xunit/VsTestRunner2/netcoreapp" className="BL.Tests.SlopesServiceTest" name="TestGetSlopeInfoAsync" />
    </UnitTest>
    <UnitTest name="BL.Tests.LiftsSlopesServiceTests.TestAdminDeleteLiftSlopeAsync(lift: Lift { LiftID = 2, LiftName = liftName4d446df0-d91e-445c-a771-7c789c9fe2c2, IsOpen = True, SeatsAmount = 165, LiftingTime = 95, QueueTime = 163, ConnectedSlopes =  }, slope: Slope { SlopeID = 69, SlopeName = slopeNameed77600e-c189-41f9-b9ed-a3d4c813b5d3, IsOpen = False, DifficultyLevel = 223, ConnectedLifts =  }, slopesRepositoryStub: Mock&lt;ISlopesRepository:2&gt;, liftsReposi..." storage="/mnt/c/users/alena/desktop/7_sem/testing_and_debugging/skiresort/bl.tests/bin/debug/net6.0/bl.tests.dll" id="5ee7799e-44fc-ff74-a13a-e40c25c65628">
      <Execution id="9604b3b6-dcce-4d31-b6c3-f0ff45a4934a" />
      <TestMethod codeBase="/mnt/c/Users/alena/Desktop/7_sem/testing_and_debugging/SkiResort/BL.Tests/bin/Debug/net6.0/BL.Tests.dll" adapterTypeName="executor://xunit/VsTestRunner2/netcoreapp" className="BL.Tests.LiftsSlopesServiceTests" name="TestAdminDeleteLiftSlopeAsync" />
    </UnitTest>
    <UnitTest name="BL.Tests.LiftsServiceTest.TestGetLiftInfoAsync(userID: 239, lift: Lift { LiftID = 191, LiftName = liftName55b3c437-595d-4ed0-8037-f236c6b9bdfc, IsOpen = True, SeatsAmount = 199, LiftingTime = 246, QueueTime = 162, ConnectedSlopes =  }, checkPermissionServiceMock: Mock&lt;ICheckPermissionService:1&gt;, liftsRepositoryStub: Mock&lt;ILiftsRepository:1&gt;, liftsSlopesRepositoryStub: Mock&lt;ILiftsSlopesRepository:1&gt;, sut: LiftsService { })" storage="/mnt/c/users/alena/desktop/7_sem/testing_and_debugging/skiresort/bl.tests/bin/debug/net6.0/bl.tests.dll" id="8e95cc84-ff01-a76c-7845-95c55159210c">
      <Execution id="0592a946-9ff4-4b47-8461-68c5715660f8" />
      <TestMethod codeBase="/mnt/c/Users/alena/Desktop/7_sem/testing_and_debugging/SkiResort/BL.Tests/bin/Debug/net6.0/BL.Tests.dll" adapterTypeName="executor://xunit/VsTestRunner2/netcoreapp" className="BL.Tests.LiftsServiceTest" name="TestGetLiftInfoAsync" />
    </UnitTest>
    <UnitTest name="BL.Tests.LiftsSlopesServiceTests.TestAdminAddAutoIncrementLiftSlopeAsync(lift: Lift { LiftID = 37, LiftName = liftName8e6b3ab0-ee47-4b77-b8e5-3ee133f823b2, IsOpen = True, SeatsAmount = 185, LiftingTime = 233, QueueTime = 196, ConnectedSlopes =  }, slope: Slope { SlopeID = 114, SlopeName = slopeNamee0cadeae-b2db-4f0f-88c7-cad18070b95f, IsOpen = False, DifficultyLevel = 120, ConnectedLifts =  }, slopesRepositoryStub: Mock&lt;ISlopesRepository:3&gt;..." storage="/mnt/c/users/alena/desktop/7_sem/testing_and_debugging/skiresort/bl.tests/bin/debug/net6.0/bl.tests.dll" id="a42782c1-ef1d-12df-e1b3-e4b0d8012ce5">
      <Execution id="bbf1a75c-b104-4dcc-84d1-e08dff3db682" />
      <TestMethod codeBase="/mnt/c/Users/alena/Desktop/7_sem/testing_and_debugging/SkiResort/BL.Tests/bin/Debug/net6.0/BL.Tests.dll" adapterTypeName="executor://xunit/VsTestRunner2/netcoreapp" className="BL.Tests.LiftsSlopesServiceTests" name="TestAdminAddAutoIncrementLiftSlopeAsync" />
    </UnitTest>
    <UnitTest name="BL.Tests.SlopesServiceTest.TestAdminAddSlopeAsync(userID: 123, slope: Slope { SlopeID = 2, SlopeName = slopeName6bf6e490-f359-4fb9-b49b-b39697935103, IsOpen = True, DifficultyLevel = 108, ConnectedLifts =  }, checkPermissionServiceMock: Mock&lt;ICheckPermissionService:11&gt;, slopesRepositoryStub: Mock&lt;ISlopesRepository:9&gt;, sut: SlopesService { })" storage="/mnt/c/users/alena/desktop/7_sem/testing_and_debugging/skiresort/bl.tests/bin/debug/net6.0/bl.tests.dll" id="034f726e-01ac-8028-17db-a10155ce551d">
      <Execution id="04dc07b2-4566-4618-8e1d-13fcd21511db" />
      <TestMethod codeBase="/mnt/c/Users/alena/Desktop/7_sem/testing_and_debugging/SkiResort/BL.Tests/bin/Debug/net6.0/BL.Tests.dll" adapterTypeName="executor://xunit/VsTestRunner2/netcoreapp" className="BL.Tests.SlopesServiceTest" name="TestAdminAddSlopeAsync" />
    </UnitTest>
    <UnitTest name="BL.Tests.LiftsSlopesServiceTests.TestGetLiftsSlopesInfoAsync(liftsSlopes: [LiftSlope { RecordID = 146, LiftID = 57, SlopeID = 154 }, LiftSlope { RecordID = 77, LiftID = 70, SlopeID = 40 }, LiftSlope { RecordID = 217, LiftID = 41, SlopeID = 91 }], slopesRepositoryStub: Mock&lt;ISlopesRepository:1&gt;, liftsRepositoryStub: Mock&lt;ILiftsRepository:6&gt;, liftsSlopesRepositoryStub: Mock&lt;ILiftsSlopesRepository:6&gt;)" storage="/mnt/c/users/alena/desktop/7_sem/testing_and_debugging/skiresort/bl.tests/bin/debug/net6.0/bl.tests.dll" id="e429852d-a6ed-7c2a-25fd-cd839b159d56">
      <Execution id="faaa9e98-0771-41aa-a0ca-ab2935aa753c" />
      <TestMethod codeBase="/mnt/c/Users/alena/Desktop/7_sem/testing_and_debugging/SkiResort/BL.Tests/bin/Debug/net6.0/BL.Tests.dll" adapterTypeName="executor://xunit/VsTestRunner2/netcoreapp" className="BL.Tests.LiftsSlopesServiceTests" name="TestGetLiftsSlopesInfoAsync" />
    </UnitTest>
    <UnitTest name="BL.Tests.TurnstilesServiceTest.TestAdminDeleteTurnstileAsync(userID: 58, turnstile: Turnstile { TurnstileID = 187, LiftID = 29, IsOpen = True }, checkPermissionServiceMock: Mock&lt;ICheckPermissionService:15&gt;, turnstilesRepositoryStub: Mock&lt;ITurnstilesRepository:9&gt;, sut: TurnstilesService { })" storage="/mnt/c/users/alena/desktop/7_sem/testing_and_debugging/skiresort/bl.tests/bin/debug/net6.0/bl.tests.dll" id="53627248-87ce-65c3-f960-7559d5cfb57f">
      <Execution id="3e2459cf-dcde-4eb3-91c8-cd97362ce148" />
      <TestMethod codeBase="/mnt/c/Users/alena/Desktop/7_sem/testing_and_debugging/SkiResort/BL.Tests/bin/Debug/net6.0/BL.Tests.dll" adapterTypeName="executor://xunit/VsTestRunner2/netcoreapp" className="BL.Tests.TurnstilesServiceTest" name="TestAdminDeleteTurnstileAsync" />
    </UnitTest>
    <UnitTest name="BL.Tests.LiftsServiceTest.TestGetLiftsInfoAsync(userID: 31, initialLifts: [Lift { LiftID = 63, LiftName = liftNamed76731fe-d611-4719-a57b-267f9f82d2d4, IsOpen = True, SeatsAmount = 197, LiftingTime = 71, QueueTime = 100, ConnectedSlopes =  }, Lift { LiftID = 168, LiftName = liftNamefe800d7a-5675-4628-8a77-c29576d2ccae, IsOpen = False, SeatsAmount = 151, LiftingTime = 85, QueueTime = 180, ConnectedSlopes =  }, Lift { LiftID = 102, LiftName =..." storage="/mnt/c/users/alena/desktop/7_sem/testing_and_debugging/skiresort/bl.tests/bin/debug/net6.0/bl.tests.dll" id="648817d0-cabb-d63f-bd71-499cc846901f">
      <Execution id="431bd37f-7544-4f24-9172-449ac4415fd9" />
      <TestMethod codeBase="/mnt/c/Users/alena/Desktop/7_sem/testing_and_debugging/SkiResort/BL.Tests/bin/Debug/net6.0/BL.Tests.dll" adapterTypeName="executor://xunit/VsTestRunner2/netcoreapp" className="BL.Tests.LiftsServiceTest" name="TestGetLiftsInfoAsync" />
    </UnitTest>
    <UnitTest name="BL.Tests.UsersServiceTests.TestRegisterOk" storage="/mnt/c/users/alena/desktop/7_sem/testing_and_debugging/skiresort/bl.tests/bin/debug/net6.0/bl.tests.dll" id="0eeef75f-6e38-7893-a8fe-cff3e0a970a7">
      <Execution id="4f72f0d7-8c49-4b73-a8b3-06bb3d73a41f" />
      <TestMethod codeBase="/mnt/c/Users/alena/Desktop/7_sem/testing_and_debugging/SkiResort/BL.Tests/bin/Debug/net6.0/BL.Tests.dll" adapterTypeName="executor://xunit/VsTestRunner2/netcoreapp" className="BL.Tests.UsersServiceTests" name="TestRegisterOk" />
    </UnitTest>
    <UnitTest name="BL.Tests.TurnstilesServiceTest.TestAdminUpdateTurnstileAsync(userID: 194, turnstile: Turnstile { TurnstileID = 143, LiftID = 120, IsOpen = True }, checkPermissionServiceMock: Mock&lt;ICheckPermissionService:14&gt;, turnstilesRepositoryStub: Mock&lt;ITurnstilesRepository:8&gt;, sut: TurnstilesService { })" storage="/mnt/c/users/alena/desktop/7_sem/testing_and_debugging/skiresort/bl.tests/bin/debug/net6.0/bl.tests.dll" id="f880fb96-9ba1-016c-3424-20e9166e53aa">
      <Execution id="cc3a5a36-63a2-44e7-93b9-c6084823ac65" />
      <TestMethod codeBase="/mnt/c/Users/alena/Desktop/7_sem/testing_and_debugging/SkiResort/BL.Tests/bin/Debug/net6.0/BL.Tests.dll" adapterTypeName="executor://xunit/VsTestRunner2/netcoreapp" className="BL.Tests.TurnstilesServiceTest" name="TestAdminUpdateTurnstileAsync" />
    </UnitTest>
    <UnitTest name="BL.Tests.SlopesServiceTest.TestUpdateSlopeInfoAsync(userID: 124, slope: Slope { SlopeID = 106, SlopeName = slopeName6e121c6f-d4c0-401f-b81b-c6ec8a4944c5, IsOpen = True, DifficultyLevel = 253, ConnectedLifts =  }, checkPermissionServiceMock: Mock&lt;ICheckPermissionService:8&gt;, slopesRepositoryStub: Mock&lt;ISlopesRepository:6&gt;, sut: SlopesService { })" storage="/mnt/c/users/alena/desktop/7_sem/testing_and_debugging/skiresort/bl.tests/bin/debug/net6.0/bl.tests.dll" id="a17222b6-f850-646b-d29e-45eec80815ae">
      <Execution id="da3f82de-a789-427e-83cc-e9d27f34e301" />
      <TestMethod codeBase="/mnt/c/Users/alena/Desktop/7_sem/testing_and_debugging/SkiResort/BL.Tests/bin/Debug/net6.0/BL.Tests.dll" adapterTypeName="executor://xunit/VsTestRunner2/netcoreapp" className="BL.Tests.SlopesServiceTest" name="TestUpdateSlopeInfoAsync" />
    </UnitTest>
    <UnitTest name="BL.Tests.CheckPermissionsServiceTests.AuthorizedHasAccessToAuthorizedFunctions(functionName: &quot;SendMessageAsync&quot;)" storage="/mnt/c/users/alena/desktop/7_sem/testing_and_debugging/skiresort/bl.tests/bin/debug/net6.0/bl.tests.dll" id="644ec43e-70cd-c82d-42e7-0d990be1414d">
      <Execution id="c8ec5404-83bc-47a5-8821-eb0ff3917697" />
      <TestMethod codeBase="/mnt/c/Users/alena/Desktop/7_sem/testing_and_debugging/SkiResort/BL.Tests/bin/Debug/net6.0/BL.Tests.dll" adapterTypeName="executor://xunit/VsTestRunner2/netcoreapp" className="BL.Tests.CheckPermissionsServiceTests" name="AuthorizedHasAccessToAuthorizedFunctions" />
    </UnitTest>
    <UnitTest name="BL.Tests.LiftsServiceTest.TestAdminDeleteLiftAsync(userID: 100, lift: Lift { LiftID = 129, LiftName = liftName131a1278-2d94-4327-84d8-182b14a7ac11, IsOpen = True, SeatsAmount = 229, LiftingTime = 57, QueueTime = 49, ConnectedSlopes =  }, checkPermissionServiceMock: Mock&lt;ICheckPermissionService:4&gt;, liftsRepositoryStub: Mock&lt;ILiftsRepository:4&gt;, liftsSlopesRepositoryStub: Mock&lt;ILiftsSlopesRepository:4&gt;, sut: LiftsService { })" storage="/mnt/c/users/alena/desktop/7_sem/testing_and_debugging/skiresort/bl.tests/bin/debug/net6.0/bl.tests.dll" id="710c557f-c4df-c66e-7b2d-0cd2cef04344">
      <Execution id="1876a421-3762-4fd4-83b2-3f088132a557" />
      <TestMethod codeBase="/mnt/c/Users/alena/Desktop/7_sem/testing_and_debugging/SkiResort/BL.Tests/bin/Debug/net6.0/BL.Tests.dll" adapterTypeName="executor://xunit/VsTestRunner2/netcoreapp" className="BL.Tests.LiftsServiceTest" name="TestAdminDeleteLiftAsync" />
    </UnitTest>
    <UnitTest name="BL.Tests.TurnstilesServiceTest.TestAdminGetTurnstileAsync(userID: 157, turnstile: Turnstile { TurnstileID = 179, LiftID = 83, IsOpen = True }, checkPermissionServiceMock: Mock&lt;ICheckPermissionService:12&gt;, turnstilesRepositoryStub: Mock&lt;ITurnstilesRepository:6&gt;, sut: TurnstilesService { })" storage="/mnt/c/users/alena/desktop/7_sem/testing_and_debugging/skiresort/bl.tests/bin/debug/net6.0/bl.tests.dll" id="92fd1e5a-0ad9-126c-c226-6d95e6d7fe39">
      <Execution id="0dc2efb8-2ea8-4d6c-82be-4e65d2aafd0f" />
      <TestMethod codeBase="/mnt/c/Users/alena/Desktop/7_sem/testing_and_debugging/SkiResort/BL.Tests/bin/Debug/net6.0/BL.Tests.dll" adapterTypeName="executor://xunit/VsTestRunner2/netcoreapp" className="BL.Tests.TurnstilesServiceTest" name="TestAdminGetTurnstileAsync" />
    </UnitTest>
    <UnitTest name="BL.Tests.CheckPermissionsServiceTests.UnauthorizedHasNoAccessToAuthorizedFunctions(functionName: &quot;LogOutAsync&quot;)" storage="/mnt/c/users/alena/desktop/7_sem/testing_and_debugging/skiresort/bl.tests/bin/debug/net6.0/bl.tests.dll" id="fa960c5e-f989-2880-784e-8efe538c5231">
      <Execution id="70b6837f-1a70-4fd1-b562-57347ca415ca" />
      <TestMethod codeBase="/mnt/c/Users/alena/Desktop/7_sem/testing_and_debugging/SkiResort/BL.Tests/bin/Debug/net6.0/BL.Tests.dll" adapterTypeName="executor://xunit/VsTestRunner2/netcoreapp" className="BL.Tests.CheckPermissionsServiceTests" name="UnauthorizedHasNoAccessToAuthorizedFunctions" />
    </UnitTest>
    <UnitTest name="BL.Tests.CheckPermissionsServiceTests.UnauthorizedHasNoAccessToAuthorizedFunctions(functionName: &quot;SendMessageAsync&quot;)" storage="/mnt/c/users/alena/desktop/7_sem/testing_and_debugging/skiresort/bl.tests/bin/debug/net6.0/bl.tests.dll" id="eaabd2fc-2f4b-5689-59c8-c7ad34a8f634">
      <Execution id="3c42b269-0dfa-48af-a429-0a98b9af8d4b" />
      <TestMethod codeBase="/mnt/c/Users/alena/Desktop/7_sem/testing_and_debugging/SkiResort/BL.Tests/bin/Debug/net6.0/BL.Tests.dll" adapterTypeName="executor://xunit/VsTestRunner2/netcoreapp" className="BL.Tests.CheckPermissionsServiceTests" name="UnauthorizedHasNoAccessToAuthorizedFunctions" />
    </UnitTest>
    <UnitTest name="BL.Tests.UsersServiceTests.TestRegisterUserWithRepeatedEmail" storage="/mnt/c/users/alena/desktop/7_sem/testing_and_debugging/skiresort/bl.tests/bin/debug/net6.0/bl.tests.dll" id="894941c1-bfa7-d8f9-c047-1e1ceefe2c2f">
      <Execution id="d79b6b96-ccd2-4057-bf87-f85e2d06fbd9" />
      <TestMethod codeBase="/mnt/c/Users/alena/Desktop/7_sem/testing_and_debugging/SkiResort/BL.Tests/bin/Debug/net6.0/BL.Tests.dll" adapterTypeName="executor://xunit/VsTestRunner2/netcoreapp" className="BL.Tests.UsersServiceTests" name="TestRegisterUserWithRepeatedEmail" />
    </UnitTest>
    <UnitTest name="BL.Tests.SlopesServiceTest.TestAdminDeleteSlopeAsync(userID: 108, slope: Slope { SlopeID = 115, SlopeName = slopeName119132de-5af4-4ef4-a892-4591f67e2a8a, IsOpen = True, DifficultyLevel = 203, ConnectedLifts =  }, checkPermissionServiceMock: Mock&lt;ICheckPermissionService:9&gt;, slopesRepositoryStub: Mock&lt;ISlopesRepository:7&gt;, liftsSlopesRepositoryStub: Mock&lt;ILiftsSlopesRepository:12&gt;, sut: SlopesService { })" storage="/mnt/c/users/alena/desktop/7_sem/testing_and_debugging/skiresort/bl.tests/bin/debug/net6.0/bl.tests.dll" id="07f7a15f-97d5-7c3b-f85c-baaa26e21089">
      <Execution id="2b7481d9-7e1e-4191-b458-c4a76db71dcb" />
      <TestMethod codeBase="/mnt/c/Users/alena/Desktop/7_sem/testing_and_debugging/SkiResort/BL.Tests/bin/Debug/net6.0/BL.Tests.dll" adapterTypeName="executor://xunit/VsTestRunner2/netcoreapp" className="BL.Tests.SlopesServiceTest" name="TestAdminDeleteSlopeAsync" />
    </UnitTest>
    <UnitTest name="BL.Tests.TurnstilesServiceTest.TestAdminAddAutoIncrementTurnstileAsync(userID: 150, turnstile: Turnstile { TurnstileID = 227, LiftID = 69, IsOpen = True }, checkPermissionServiceMock: Mock&lt;ICheckPermissionService:16&gt;, turnstilesRepositoryStub: Mock&lt;ITurnstilesRepository:10&gt;, sut: TurnstilesService { })" storage="/mnt/c/users/alena/desktop/7_sem/testing_and_debugging/skiresort/bl.tests/bin/debug/net6.0/bl.tests.dll" id="02bea060-50d3-b557-91af-95f9dce5c05e">
      <Execution id="c1d4be83-64fd-4e6b-86f2-56163d6ca513" />
      <TestMethod codeBase="/mnt/c/Users/alena/Desktop/7_sem/testing_and_debugging/SkiResort/BL.Tests/bin/Debug/net6.0/BL.Tests.dll" adapterTypeName="executor://xunit/VsTestRunner2/netcoreapp" className="BL.Tests.TurnstilesServiceTest" name="TestAdminAddAutoIncrementTurnstileAsync" />
    </UnitTest>
    <UnitTest name="BL.Tests.LiftsServiceTest.TestUpdateLiftInfoAsync(userID: 146, lift: Lift { LiftID = 173, LiftName = liftNamecf4a0d7c-0ed3-4094-9e77-35c8bfa24846, IsOpen = True, SeatsAmount = 193, LiftingTime = 67, QueueTime = 157, ConnectedSlopes =  }, checkPermissionServiceMock: Mock&lt;ICheckPermissionService:3&gt;, liftsRepositoryStub: Mock&lt;ILiftsRepository:3&gt;, sut: LiftsService { })" storage="/mnt/c/users/alena/desktop/7_sem/testing_and_debugging/skiresort/bl.tests/bin/debug/net6.0/bl.tests.dll" id="8bd14f81-7c4c-c283-a373-36ba9555ac6a">
      <Execution id="32de359d-7420-4f24-833c-2d91b981761d" />
      <TestMethod codeBase="/mnt/c/Users/alena/Desktop/7_sem/testing_and_debugging/SkiResort/BL.Tests/bin/Debug/net6.0/BL.Tests.dll" adapterTypeName="executor://xunit/VsTestRunner2/netcoreapp" className="BL.Tests.LiftsServiceTest" name="TestUpdateLiftInfoAsync" />
    </UnitTest>
    <UnitTest name="BL.Tests.UsersServiceTests.TestRegisterUserWithNoEmail" storage="/mnt/c/users/alena/desktop/7_sem/testing_and_debugging/skiresort/bl.tests/bin/debug/net6.0/bl.tests.dll" id="8184bd30-991c-b78d-b4ec-99a485eac0dd">
      <Execution id="f30997c4-88e0-4ede-9061-cb188aed4429" />
      <TestMethod codeBase="/mnt/c/Users/alena/Desktop/7_sem/testing_and_debugging/SkiResort/BL.Tests/bin/Debug/net6.0/BL.Tests.dll" adapterTypeName="executor://xunit/VsTestRunner2/netcoreapp" className="BL.Tests.UsersServiceTests" name="TestRegisterUserWithNoEmail" />
    </UnitTest>
  </TestDefinitions>
  <TestEntries>
    <TestEntry testId="894941c1-bfa7-d8f9-c047-1e1ceefe2c2f" executionId="d79b6b96-ccd2-4057-bf87-f85e2d06fbd9" testListId="8c84fa94-04c1-424b-9868-57a2d4851a1d" />
    <TestEntry testId="034f726e-01ac-8028-17db-a10155ce551d" executionId="04dc07b2-4566-4618-8e1d-13fcd21511db" testListId="8c84fa94-04c1-424b-9868-57a2d4851a1d" />
    <TestEntry testId="18fa8c62-e27d-e1fc-8182-4d7db62b008d" executionId="54e6309b-27b7-4e6d-8975-282fbb02e8fd" testListId="8c84fa94-04c1-424b-9868-57a2d4851a1d" />
    <TestEntry testId="229812f5-9a73-5335-11f5-31330d1348a5" executionId="20f245c7-1b36-44c7-bdd5-9756bbf35830" testListId="8c84fa94-04c1-424b-9868-57a2d4851a1d" />
    <TestEntry testId="492c0393-35b4-df26-a537-21ca08302f3c" executionId="be738b5d-323d-43c1-9aa2-84508d3ed242" testListId="8c84fa94-04c1-424b-9868-57a2d4851a1d" />
    <TestEntry testId="9c7df5e2-1b23-ebea-889f-b78ca86b60ab" executionId="7c56a00d-419e-4e1d-911d-f5a4d1c63887" testListId="8c84fa94-04c1-424b-9868-57a2d4851a1d" />
    <TestEntry testId="e429852d-a6ed-7c2a-25fd-cd839b159d56" executionId="faaa9e98-0771-41aa-a0ca-ab2935aa753c" testListId="8c84fa94-04c1-424b-9868-57a2d4851a1d" />
    <TestEntry testId="92fd1e5a-0ad9-126c-c226-6d95e6d7fe39" executionId="0dc2efb8-2ea8-4d6c-82be-4e65d2aafd0f" testListId="8c84fa94-04c1-424b-9868-57a2d4851a1d" />
    <TestEntry testId="eaabd2fc-2f4b-5689-59c8-c7ad34a8f634" executionId="3c42b269-0dfa-48af-a429-0a98b9af8d4b" testListId="8c84fa94-04c1-424b-9868-57a2d4851a1d" />
    <TestEntry testId="644ec43e-70cd-c82d-42e7-0d990be1414d" executionId="c8ec5404-83bc-47a5-8821-eb0ff3917697" testListId="8c84fa94-04c1-424b-9868-57a2d4851a1d" />
    <TestEntry testId="53627248-87ce-65c3-f960-7559d5cfb57f" executionId="3e2459cf-dcde-4eb3-91c8-cd97362ce148" testListId="8c84fa94-04c1-424b-9868-57a2d4851a1d" />
    <TestEntry testId="2602613f-c8e2-a6d9-fcf7-5b27d4a770a6" executionId="34d1adab-5718-4da5-9af4-c2ec83058326" testListId="8c84fa94-04c1-424b-9868-57a2d4851a1d" />
    <TestEntry testId="675645df-fc69-de2a-fbf6-12d5c118812b" executionId="64f186bb-1f2e-4421-a44e-127332bdea29" testListId="8c84fa94-04c1-424b-9868-57a2d4851a1d" />
    <TestEntry testId="e2d7e5be-3dae-33ae-fb17-c704b6fd58d6" executionId="786d3e5a-c133-40c7-93f1-ce3bd9d6646d" testListId="8c84fa94-04c1-424b-9868-57a2d4851a1d" />
    <TestEntry testId="e5497347-2721-b7a6-0bd4-69a9921f6947" executionId="ba4d987a-2acf-446e-8847-b324c4f9ec78" testListId="8c84fa94-04c1-424b-9868-57a2d4851a1d" />
    <TestEntry testId="23a1ba61-7633-92bd-d2eb-1bed7f5327b5" executionId="ce29cd88-c9be-42da-8f0e-d78b82fbba44" testListId="8c84fa94-04c1-424b-9868-57a2d4851a1d" />
    <TestEntry testId="ece59ae1-a2dc-d0ef-d332-73734d110201" executionId="a6e4ddaf-8d6d-4006-9c98-d0857376e57e" testListId="8c84fa94-04c1-424b-9868-57a2d4851a1d" />
    <TestEntry testId="20ad8570-0170-85de-dcd7-2f109dd7bcd6" executionId="4c99b8aa-90c7-4515-a48a-7ed52fa53ddb" testListId="8c84fa94-04c1-424b-9868-57a2d4851a1d" />
    <TestEntry testId="2d706594-f2b3-b3c8-21d4-86c9798c3306" executionId="85b336b8-2a04-46a9-9ff1-1eadc273048e" testListId="8c84fa94-04c1-424b-9868-57a2d4851a1d" />
    <TestEntry testId="69340bb6-3645-f9dd-971e-29d8b2a009bb" executionId="2e005784-494b-4c7e-80d4-ee6b3f715ee6" testListId="8c84fa94-04c1-424b-9868-57a2d4851a1d" />
    <TestEntry testId="648817d0-cabb-d63f-bd71-499cc846901f" executionId="431bd37f-7544-4f24-9172-449ac4415fd9" testListId="8c84fa94-04c1-424b-9868-57a2d4851a1d" />
    <TestEntry testId="8bd14f81-7c4c-c283-a373-36ba9555ac6a" executionId="32de359d-7420-4f24-833c-2d91b981761d" testListId="8c84fa94-04c1-424b-9868-57a2d4851a1d" />
    <TestEntry testId="f3efc418-a8a6-c7b7-9bac-90b33aa8472f" executionId="8adfe595-e372-40e0-801c-6b1add8322a9" testListId="8c84fa94-04c1-424b-9868-57a2d4851a1d" />
    <TestEntry testId="834c739b-eca4-b36d-6a66-5a1bd75377b8" executionId="f0fef5da-fb2a-419f-b748-24296d4a34b3" testListId="8c84fa94-04c1-424b-9868-57a2d4851a1d" />
    <TestEntry testId="8184bd30-991c-b78d-b4ec-99a485eac0dd" executionId="f30997c4-88e0-4ede-9061-cb188aed4429" testListId="8c84fa94-04c1-424b-9868-57a2d4851a1d" />
    <TestEntry testId="60bd668f-04df-da5e-b79b-5d9aedb5234d" executionId="ce72cd94-5b77-422b-b422-e1d771ebf572" testListId="8c84fa94-04c1-424b-9868-57a2d4851a1d" />
    <TestEntry testId="8e95cc84-ff01-a76c-7845-95c55159210c" executionId="0592a946-9ff4-4b47-8461-68c5715660f8" testListId="8c84fa94-04c1-424b-9868-57a2d4851a1d" />
    <TestEntry testId="f880fb96-9ba1-016c-3424-20e9166e53aa" executionId="cc3a5a36-63a2-44e7-93b9-c6084823ac65" testListId="8c84fa94-04c1-424b-9868-57a2d4851a1d" />
    <TestEntry testId="c36970dc-93f7-753e-fa47-157133b01644" executionId="6798864c-ebb9-4cdd-87bf-1d8daaabeacb" testListId="8c84fa94-04c1-424b-9868-57a2d4851a1d" />
    <TestEntry testId="fa960c5e-f989-2880-784e-8efe538c5231" executionId="70b6837f-1a70-4fd1-b562-57347ca415ca" testListId="8c84fa94-04c1-424b-9868-57a2d4851a1d" />
    <TestEntry testId="387c9729-48c1-486e-5e67-f5d11a9f0db8" executionId="cbcc4ca3-fda6-48f1-8928-5b93a4a33f59" testListId="8c84fa94-04c1-424b-9868-57a2d4851a1d" />
    <TestEntry testId="07f7a15f-97d5-7c3b-f85c-baaa26e21089" executionId="2b7481d9-7e1e-4191-b458-c4a76db71dcb" testListId="8c84fa94-04c1-424b-9868-57a2d4851a1d" />
    <TestEntry testId="06d0bc3a-24a0-fb7f-4277-e9ae6d21c7dd" executionId="1cf87a2a-94fe-4868-86d5-40518db22e38" testListId="8c84fa94-04c1-424b-9868-57a2d4851a1d" />
    <TestEntry testId="aa28a6b3-21d3-aa45-24d3-bef2facbc899" executionId="5a6ba616-0e13-4651-9382-ba149320a57d" testListId="8c84fa94-04c1-424b-9868-57a2d4851a1d" />
    <TestEntry testId="4f297306-d4f3-8d63-e7f4-1ac0b8c58c74" executionId="15c22a1f-bd9b-4dd1-804a-2c86d1d668c7" testListId="8c84fa94-04c1-424b-9868-57a2d4851a1d" />
    <TestEntry testId="a19a5fcf-c5d2-7d44-5d7d-84403042f4e0" executionId="e5b7a726-dfde-4a51-be80-b205433d5e66" testListId="8c84fa94-04c1-424b-9868-57a2d4851a1d" />
    <TestEntry testId="02bea060-50d3-b557-91af-95f9dce5c05e" executionId="c1d4be83-64fd-4e6b-86f2-56163d6ca513" testListId="8c84fa94-04c1-424b-9868-57a2d4851a1d" />
    <TestEntry testId="a42782c1-ef1d-12df-e1b3-e4b0d8012ce5" executionId="bbf1a75c-b104-4dcc-84d1-e08dff3db682" testListId="8c84fa94-04c1-424b-9868-57a2d4851a1d" />
    <TestEntry testId="f44a1b21-8efc-bfac-63b4-d534442def31" executionId="9a496dee-d162-4252-b884-ffa5008b8c74" testListId="8c84fa94-04c1-424b-9868-57a2d4851a1d" />
    <TestEntry testId="a2e59116-cb53-1d70-9cb8-21c286516866" executionId="4acace1d-ef6f-401e-b13f-46ab6ddba82f" testListId="8c84fa94-04c1-424b-9868-57a2d4851a1d" />
    <TestEntry testId="5ee7799e-44fc-ff74-a13a-e40c25c65628" executionId="9604b3b6-dcce-4d31-b6c3-f0ff45a4934a" testListId="8c84fa94-04c1-424b-9868-57a2d4851a1d" />
    <TestEntry testId="4c660704-3674-1391-d69f-a34bb58228a4" executionId="1721b5e4-879a-4edd-be20-61af1189d915" testListId="8c84fa94-04c1-424b-9868-57a2d4851a1d" />
    <TestEntry testId="0eeef75f-6e38-7893-a8fe-cff3e0a970a7" executionId="4f72f0d7-8c49-4b73-a8b3-06bb3d73a41f" testListId="8c84fa94-04c1-424b-9868-57a2d4851a1d" />
    <TestEntry testId="1ca07ad8-f799-c5d4-e7cc-34fd950198a2" executionId="82517696-0b3f-4645-9287-e56363814eb3" testListId="8c84fa94-04c1-424b-9868-57a2d4851a1d" />
    <TestEntry testId="710c557f-c4df-c66e-7b2d-0cd2cef04344" executionId="1876a421-3762-4fd4-83b2-3f088132a557" testListId="8c84fa94-04c1-424b-9868-57a2d4851a1d" />
    <TestEntry testId="a17222b6-f850-646b-d29e-45eec80815ae" executionId="da3f82de-a789-427e-83cc-e9d27f34e301" testListId="8c84fa94-04c1-424b-9868-57a2d4851a1d" />
    <TestEntry testId="1f26525b-646f-08f7-5f7b-bd7846472391" executionId="9baf22fb-3ec4-4207-96f2-3706f6777a61" testListId="8c84fa94-04c1-424b-9868-57a2d4851a1d" />
  </TestEntries>
  <TestLists>
    <TestList name="Results Not in a List" id="8c84fa94-04c1-424b-9868-57a2d4851a1d" />
    <TestList name="All Loaded Results" id="19431567-8539-422a-85d7-44ee4e166bda" />
  </TestLists>
  <ResultSummary outcome="Completed">
    <Counters total="47" executed="47" passed="47" failed="0" error="0" timeout="0" aborted="0" inconclusive="0" passedButRunAborted="0" notRunnable="0" notExecuted="0" disconnected="0" warning="0" completed="0" inProgress="0" pending="0" />
    <Output>
      <StdOut>[xUnit.net 00:00:00.00] xUnit.net VSTest Adapter v2.4.5+1caef2f33e (64-bit .NET 6.0.10)
[xUnit.net 00:00:00.98]   Discovering: BL.Tests
[xUnit.net 00:00:01.22]   Discovered:  BL.Tests
[xUnit.net 00:00:01.22]   Starting:    BL.Tests
[xUnit.net 00:00:01.83]   Finished:    BL.Tests
</StdOut>
    </Output>
  </ResultSummary>
</TestRun>