<?xml version="1.0" encoding="utf-8"?>
<TestRun id="975f9a3d-1a74-452e-8f2d-676ef0d4eeda" name="@DESKTOP-TJ9D65N 2022-10-15 23:34:57" xmlns="http://microsoft.com/schemas/VisualStudio/TeamTest/2010">
  <Times creation="2022-10-15T23:34:57.9370787+03:00" queuing="2022-10-15T23:34:57.9370788+03:00" start="2022-10-15T23:34:55.5459787+03:00" finish="2022-10-15T23:34:58.1672393+03:00" />
  <TestSettings name="default" id="07c7c3e1-6dd8-4f1e-8069-50950bef6bff">
    <Deployment runDeploymentRoot="_DESKTOP-TJ9D65N_2022-10-15_23_34_57" />
  </TestSettings>
  <Results>
    <UnitTestResult executionId="537c00cd-6e1a-4375-881c-b5ce893ecfed" testId="8184bd30-991c-b78d-b4ec-99a485eac0dd" testName="BL.Tests.UsersServiceTests.TestRegisterUserWithNoEmail" computerName="DESKTOP-TJ9D65N" duration="00:00:00.0033791" startTime="2022-10-15T23:34:57.8641355+03:00" endTime="2022-10-15T23:34:57.8641355+03:00" testType="13cdc9d9-ddb5-4fa4-a97d-d965ccfc6d4b" outcome="Passed" testListId="8c84fa94-04c1-424b-9868-57a2d4851a1d" relativeResultsDirectory="537c00cd-6e1a-4375-881c-b5ce893ecfed" />
    <UnitTestResult executionId="2ecf0c94-7de2-4f8c-8ad0-5870a0b97bf2" testId="eaabd2fc-2f4b-5689-59c8-c7ad34a8f634" testName="BL.Tests.CheckPermissionsServiceTests.UnauthorizedHasNoAccessToAuthorizedFunctions(functionName: &quot;SendMessageAsync&quot;)" computerName="DESKTOP-TJ9D65N" duration="00:00:00.0040945" startTime="2022-10-15T23:34:57.8937048+03:00" endTime="2022-10-15T23:34:57.8937050+03:00" testType="13cdc9d9-ddb5-4fa4-a97d-d965ccfc6d4b" outcome="Passed" testListId="8c84fa94-04c1-424b-9868-57a2d4851a1d" relativeResultsDirectory="2ecf0c94-7de2-4f8c-8ad0-5870a0b97bf2" />
    <UnitTestResult executionId="d268beef-ee8e-43e3-8197-763bf0555cf7" testId="d601d729-08b0-5bcc-504c-2ef57a78547b" testName="BL.Tests.SlopesServiceTest.TestAdminDeleteSlopeAsync(userID: 58, slope: Slope { SlopeID = 143, SlopeName = slopeNamea4f3f03e-8432-4764-b33e-b1bb2047fcd7, IsOpen = True, DifficultyLevel = 101, ConnectedLifts =  }, checkPermissionServiceMock: Mock&lt;ICheckPermissionService:9&gt;, slopesRepositoryStub: Mock&lt;ISlopesRepository:7&gt;, liftsSlopesRepositoryStub: Mock&lt;ILiftsSlopesRepository:12&gt;, sut: SlopesService { })" computerName="DESKTOP-TJ9D65N" duration="00:00:00.0092331" startTime="2022-10-15T23:34:57.9098913+03:00" endTime="2022-10-15T23:34:57.9098914+03:00" testType="13cdc9d9-ddb5-4fa4-a97d-d965ccfc6d4b" outcome="Passed" testListId="8c84fa94-04c1-424b-9868-57a2d4851a1d" relativeResultsDirectory="d268beef-ee8e-43e3-8197-763bf0555cf7" />
    <UnitTestResult executionId="5072fb05-10db-4957-882d-bbdc4760f184" testId="834c739b-eca4-b36d-6a66-5a1bd75377b8" testName="BL.Tests.UsersServiceTests.TestAdminAddAutoIncrementUser" computerName="DESKTOP-TJ9D65N" duration="00:00:00.0074274" startTime="2022-10-15T23:34:58.0237590+03:00" endTime="2022-10-15T23:34:58.0237590+03:00" testType="13cdc9d9-ddb5-4fa4-a97d-d965ccfc6d4b" outcome="Passed" testListId="8c84fa94-04c1-424b-9868-57a2d4851a1d" relativeResultsDirectory="5072fb05-10db-4957-882d-bbdc4760f184" />
    <UnitTestResult executionId="7f983693-9f04-424e-b986-0490679f073b" testId="1cf22a38-b3fd-f377-2cd4-dbbbb72256e1" testName="BL.Tests.LiftsServiceTest.TestGetLiftsInfoAsync(userID: 13, initialLifts: [Lift { LiftID = 205, LiftName = liftName9358e245-0a05-4123-b2bb-a9b98e345f7a, IsOpen = True, SeatsAmount = 65, LiftingTime = 228, QueueTime = 115, ConnectedSlopes =  }, Lift { LiftID = 206, LiftName = liftName9eb1dc79-7dfb-4f89-8d57-ddc7a64d074f, IsOpen = False, SeatsAmount = 9, LiftingTime = 88, QueueTime = 187, ConnectedSlopes =  }, Lift { LiftID = 234, LiftName = liftNamecc501e0b-9fa0-468f-bfaa-d93cdf30a51f, IsOpen = True, SeatsAmount = 171, LiftingTime = 167, QueueTime = 81, ConnectedSlopes =  }], checkPermissionServiceMock: Mock&lt;ICheckPermissionService:2&gt;, liftsRepositoryStub: Mock&lt;ILiftsRepository:2&gt;, liftsSlopesRepositoryStub: Mock&lt;ILiftsSlopesRepository:2&gt;, sut: LiftsService { })" computerName="DESKTOP-TJ9D65N" duration="00:00:00.0162183" startTime="2022-10-15T23:34:57.9288564+03:00" endTime="2022-10-15T23:34:57.9288565+03:00" testType="13cdc9d9-ddb5-4fa4-a97d-d965ccfc6d4b" outcome="Passed" testListId="8c84fa94-04c1-424b-9868-57a2d4851a1d" relativeResultsDirectory="7f983693-9f04-424e-b986-0490679f073b" />
    <UnitTestResult executionId="bf09dcf8-cc40-432e-984d-a0e360709d47" testId="8a64f9d5-b7b5-c466-e965-fb7de7fda950" testName="BL.Tests.SlopesServiceTest.TestAdminAddSlopeAsync(userID: 117, slope: Slope { SlopeID = 58, SlopeName = slopeNamecb6c95ed-d41d-4522-9162-78d1f607c8de, IsOpen = True, DifficultyLevel = 150, ConnectedLifts =  }, checkPermissionServiceMock: Mock&lt;ICheckPermissionService:11&gt;, slopesRepositoryStub: Mock&lt;ISlopesRepository:9&gt;, sut: SlopesService { })" computerName="DESKTOP-TJ9D65N" duration="00:00:00.0059932" startTime="2022-10-15T23:34:57.9300140+03:00" endTime="2022-10-15T23:34:57.9300141+03:00" testType="13cdc9d9-ddb5-4fa4-a97d-d965ccfc6d4b" outcome="Passed" testListId="8c84fa94-04c1-424b-9868-57a2d4851a1d" relativeResultsDirectory="bf09dcf8-cc40-432e-984d-a0e360709d47" />
    <UnitTestResult executionId="2e43f170-8e48-4fac-8f7e-9bff31162faa" testId="aa28a6b3-21d3-aa45-24d3-bef2facbc899" testName="BL.Tests.CheckPermissionsServiceTests.AuthorizedHasAccessToAuthorizedFunctions(functionName: &quot;LogOutAsync&quot;)" computerName="DESKTOP-TJ9D65N" duration="00:00:00.0012255" startTime="2022-10-15T23:34:58.0420242+03:00" endTime="2022-10-15T23:34:58.0420243+03:00" testType="13cdc9d9-ddb5-4fa4-a97d-d965ccfc6d4b" outcome="Passed" testListId="8c84fa94-04c1-424b-9868-57a2d4851a1d" relativeResultsDirectory="2e43f170-8e48-4fac-8f7e-9bff31162faa" />
    <UnitTestResult executionId="7ee8f276-16fa-47b6-b150-ad5608201489" testId="18fa8c62-e27d-e1fc-8182-4d7db62b008d" testName="BL.Tests.UsersServiceTests.TestAdminDeleteUser" computerName="DESKTOP-TJ9D65N" duration="00:00:00.0027320" startTime="2022-10-15T23:34:58.0457131+03:00" endTime="2022-10-15T23:34:58.0457132+03:00" testType="13cdc9d9-ddb5-4fa4-a97d-d965ccfc6d4b" outcome="Passed" testListId="8c84fa94-04c1-424b-9868-57a2d4851a1d" relativeResultsDirectory="7ee8f276-16fa-47b6-b150-ad5608201489" />
    <UnitTestResult executionId="b80486a1-4edf-40bd-9dd3-480c249899e7" testId="3dd0947f-7d43-f0df-3c94-cff777a961e0" testName="BL.Tests.LiftsServiceTest.TestGetLiftInfoAsync(userID: 182, lift: Lift { LiftID = 174, LiftName = liftName55aad3f9-407a-45a2-8be8-b7c9baff220a, IsOpen = True, SeatsAmount = 73, LiftingTime = 10, QueueTime = 100, ConnectedSlopes =  }, checkPermissionServiceMock: Mock&lt;ICheckPermissionService:1&gt;, liftsRepositoryStub: Mock&lt;ILiftsRepository:1&gt;, liftsSlopesRepositoryStub: Mock&lt;ILiftsSlopesRepository:1&gt;, sut: LiftsService { })" computerName="DESKTOP-TJ9D65N" duration="00:00:00.0070274" startTime="2022-10-15T23:34:57.8641967+03:00" endTime="2022-10-15T23:34:57.8641967+03:00" testType="13cdc9d9-ddb5-4fa4-a97d-d965ccfc6d4b" outcome="Passed" testListId="8c84fa94-04c1-424b-9868-57a2d4851a1d" relativeResultsDirectory="b80486a1-4edf-40bd-9dd3-480c249899e7" />
    <UnitTestResult executionId="ddaf2a14-26ee-4134-b911-87f58e730be8" testId="06d0bc3a-24a0-fb7f-4277-e9ae6d21c7dd" testName="BL.Tests.UsersServiceTests.TestAdminUpdateUser" computerName="DESKTOP-TJ9D65N" duration="00:00:00.0108418" startTime="2022-10-15T23:34:57.9273491+03:00" endTime="2022-10-15T23:34:57.9273491+03:00" testType="13cdc9d9-ddb5-4fa4-a97d-d965ccfc6d4b" outcome="Passed" testListId="8c84fa94-04c1-424b-9868-57a2d4851a1d" relativeResultsDirectory="ddaf2a14-26ee-4134-b911-87f58e730be8" />
    <UnitTestResult executionId="da6d6dd6-39b4-41ae-b0be-9707635bbd01" testId="c36970dc-93f7-753e-fa47-157133b01644" testName="BL.Tests.CheckPermissionsServiceTests.SkiPatrolHasAccessToAdminSkiPatrolFunctions(functionName: &quot;GetMessagesAsync&quot;)" computerName="DESKTOP-TJ9D65N" duration="00:00:00.0012489" startTime="2022-10-15T23:34:57.9735145+03:00" endTime="2022-10-15T23:34:57.9735146+03:00" testType="13cdc9d9-ddb5-4fa4-a97d-d965ccfc6d4b" outcome="Passed" testListId="8c84fa94-04c1-424b-9868-57a2d4851a1d" relativeResultsDirectory="da6d6dd6-39b4-41ae-b0be-9707635bbd01" />
    <UnitTestResult executionId="6233309a-5c18-4830-a552-a635c5ad0f84" testId="fa960c5e-f989-2880-784e-8efe538c5231" testName="BL.Tests.CheckPermissionsServiceTests.UnauthorizedHasNoAccessToAuthorizedFunctions(functionName: &quot;LogOutAsync&quot;)" computerName="DESKTOP-TJ9D65N" duration="00:00:00.0018740" startTime="2022-10-15T23:34:57.9121920+03:00" endTime="2022-10-15T23:34:57.9121922+03:00" testType="13cdc9d9-ddb5-4fa4-a97d-d965ccfc6d4b" outcome="Passed" testListId="8c84fa94-04c1-424b-9868-57a2d4851a1d" relativeResultsDirectory="6233309a-5c18-4830-a552-a635c5ad0f84" />
    <UnitTestResult executionId="de238778-5289-409e-8b2d-4a5bade4211b" testId="0eeef75f-6e38-7893-a8fe-cff3e0a970a7" testName="BL.Tests.UsersServiceTests.TestRegisterOk" computerName="DESKTOP-TJ9D65N" duration="00:00:00.0123184" startTime="2022-10-15T23:34:57.9769463+03:00" endTime="2022-10-15T23:34:57.9769464+03:00" testType="13cdc9d9-ddb5-4fa4-a97d-d965ccfc6d4b" outcome="Passed" testListId="8c84fa94-04c1-424b-9868-57a2d4851a1d" relativeResultsDirectory="de238778-5289-409e-8b2d-4a5bade4211b" />
    <UnitTestResult executionId="7fc84eac-d2a2-4cc1-aca1-9fa81c085841" testId="9c7df5e2-1b23-ebea-889f-b78ca86b60ab" testName="BL.Tests.CheckPermissionsServiceTests.AuthorizedHasNoAccessToAdminSkiPatrolFunctions(functionName: &quot;MarkMessageReadByUserAsync&quot;)" computerName="DESKTOP-TJ9D65N" duration="00:00:00.0013194" startTime="2022-10-15T23:34:58.0127070+03:00" endTime="2022-10-15T23:34:58.0127071+03:00" testType="13cdc9d9-ddb5-4fa4-a97d-d965ccfc6d4b" outcome="Passed" testListId="8c84fa94-04c1-424b-9868-57a2d4851a1d" relativeResultsDirectory="7fc84eac-d2a2-4cc1-aca1-9fa81c085841" />
    <UnitTestResult executionId="5e09d209-e694-4bc9-9565-323f0862114e" testId="f44a1b21-8efc-bfac-63b4-d534442def31" testName="BL.Tests.UsersServiceTests.TestRegisterUserWithNoPassword" computerName="DESKTOP-TJ9D65N" duration="00:00:00.0020781" startTime="2022-10-15T23:34:57.8715145+03:00" endTime="2022-10-15T23:34:57.8715146+03:00" testType="13cdc9d9-ddb5-4fa4-a97d-d965ccfc6d4b" outcome="Passed" testListId="8c84fa94-04c1-424b-9868-57a2d4851a1d" relativeResultsDirectory="5e09d209-e694-4bc9-9565-323f0862114e" />
    <UnitTestResult executionId="1d78e565-1d67-41ac-926b-c007a18ced5c" testId="852d377f-8e9a-9f8e-7e3f-e090cbdcac2c" testName="BL.Tests.SlopesServiceTest.TestUpdateSlopeInfoAsync(userID: 91, slope: Slope { SlopeID = 111, SlopeName = slopeName9129a193-b76d-4cb8-8f36-e388b6d8acef, IsOpen = True, DifficultyLevel = 10, ConnectedLifts =  }, checkPermissionServiceMock: Mock&lt;ICheckPermissionService:8&gt;, slopesRepositoryStub: Mock&lt;ISlopesRepository:6&gt;, sut: SlopesService { })" computerName="DESKTOP-TJ9D65N" duration="00:00:00.0071395" startTime="2022-10-15T23:34:57.9686606+03:00" endTime="2022-10-15T23:34:57.9686607+03:00" testType="13cdc9d9-ddb5-4fa4-a97d-d965ccfc6d4b" outcome="Passed" testListId="8c84fa94-04c1-424b-9868-57a2d4851a1d" relativeResultsDirectory="1d78e565-1d67-41ac-926b-c007a18ced5c" />
    <UnitTestResult executionId="b1aa849f-444d-4b7a-93bf-025020316af5" testId="938a3700-ed40-6bf2-a5d2-205824a82984" testName="BL.Tests.LiftsServiceTest.TestAdminDeleteLiftAsync(userID: 159, lift: Lift { LiftID = 252, LiftName = liftNamec6f8c5ac-88b7-4cff-acf3-e5f7075135b0, IsOpen = True, SeatsAmount = 122, LiftingTime = 82, QueueTime = 121, ConnectedSlopes =  }, checkPermissionServiceMock: Mock&lt;ICheckPermissionService:4&gt;, liftsRepositoryStub: Mock&lt;ILiftsRepository:4&gt;, liftsSlopesRepositoryStub: Mock&lt;ILiftsSlopesRepository:4&gt;, sut: LiftsService { })" computerName="DESKTOP-TJ9D65N" duration="00:00:00.0223376" startTime="2022-10-15T23:34:57.8964782+03:00" endTime="2022-10-15T23:34:57.8964782+03:00" testType="13cdc9d9-ddb5-4fa4-a97d-d965ccfc6d4b" outcome="Passed" testListId="8c84fa94-04c1-424b-9868-57a2d4851a1d" relativeResultsDirectory="b1aa849f-444d-4b7a-93bf-025020316af5" />
    <UnitTestResult executionId="3f583cdc-31a2-44bc-b67a-cdda9686c1ad" testId="80c1b203-5f45-56dc-4fde-d3fd1690ef3c" testName="BL.Tests.SlopesServiceTest.TestAdminAddAutoIncrementSlopeAsync(userID: 133, slope: Slope { SlopeID = 217, SlopeName = slopeName45918df8-19f1-4563-b92b-b959428a22ff, IsOpen = True, DifficultyLevel = 182, ConnectedLifts =  }, checkPermissionServiceMock: Mock&lt;ICheckPermissionService:10&gt;, slopesRepositoryStub: Mock&lt;ISlopesRepository:8&gt;, sut: SlopesService { })" computerName="DESKTOP-TJ9D65N" duration="00:00:00.0086310" startTime="2022-10-15T23:34:57.8642139+03:00" endTime="2022-10-15T23:34:57.8642140+03:00" testType="13cdc9d9-ddb5-4fa4-a97d-d965ccfc6d4b" outcome="Passed" testListId="8c84fa94-04c1-424b-9868-57a2d4851a1d" relativeResultsDirectory="3f583cdc-31a2-44bc-b67a-cdda9686c1ad" />
    <UnitTestResult executionId="f9b34d11-d91c-4fe4-9c31-81c33869fba4" testId="94b34e1b-3328-6b5c-40ef-1e11bedbf99c" testName="BL.Tests.LiftsServiceTest.TestAdminAddAutoIncrementLiftAsync(userID: 59, lift: Lift { LiftID = 53, LiftName = liftNameca91ad36-14ba-44d3-ac5e-e8c41015fa5b, IsOpen = True, SeatsAmount = 6, LiftingTime = 41, QueueTime = 88, ConnectedSlopes =  }, checkPermissionServiceMock: Mock&lt;ICheckPermissionService:5&gt;, liftsRepositoryStub: Mock&lt;ILiftsRepository:5&gt;, sut: LiftsService { })" computerName="DESKTOP-TJ9D65N" duration="00:00:00.0078516" startTime="2022-10-15T23:34:57.9740871+03:00" endTime="2022-10-15T23:34:57.9740872+03:00" testType="13cdc9d9-ddb5-4fa4-a97d-d965ccfc6d4b" outcome="Passed" testListId="8c84fa94-04c1-424b-9868-57a2d4851a1d" relativeResultsDirectory="f9b34d11-d91c-4fe4-9c31-81c33869fba4" />
    <UnitTestResult executionId="bd9b48f5-5b63-4816-9120-f5345e2126a5" testId="1690ab55-d7ec-7dba-956a-eba2e0d52c1d" testName="BL.Tests.LiftsServiceTest.TestUpdateLiftInfoAsync(userID: 193, lift: Lift { LiftID = 75, LiftName = liftName5b5e83c3-6ddb-44c6-bcf9-0848cc1f0f2b, IsOpen = True, SeatsAmount = 101, LiftingTime = 203, QueueTime = 164, ConnectedSlopes =  }, checkPermissionServiceMock: Mock&lt;ICheckPermissionService:3&gt;, liftsRepositoryStub: Mock&lt;ILiftsRepository:3&gt;, sut: LiftsService { })" computerName="DESKTOP-TJ9D65N" duration="00:00:00.0435245" startTime="2022-10-15T23:34:57.7520416+03:00" endTime="2022-10-15T23:34:57.7520417+03:00" testType="13cdc9d9-ddb5-4fa4-a97d-d965ccfc6d4b" outcome="Passed" testListId="8c84fa94-04c1-424b-9868-57a2d4851a1d" relativeResultsDirectory="bd9b48f5-5b63-4816-9120-f5345e2126a5" />
    <UnitTestResult executionId="52834d73-0492-4588-9b32-a4449cf5ea34" testId="1ca07ad8-f799-c5d4-e7cc-34fd950198a2" testName="BL.Tests.UsersServiceTests.TestLogInOk" computerName="DESKTOP-TJ9D65N" duration="00:00:00.0030028" startTime="2022-10-15T23:34:57.9957999+03:00" endTime="2022-10-15T23:34:57.9957999+03:00" testType="13cdc9d9-ddb5-4fa4-a97d-d965ccfc6d4b" outcome="Passed" testListId="8c84fa94-04c1-424b-9868-57a2d4851a1d" relativeResultsDirectory="52834d73-0492-4588-9b32-a4449cf5ea34" />
    <UnitTestResult executionId="ab23f9ca-817b-4db6-8da9-02b5a9125f0f" testId="01ddb969-a2cf-17c3-2a4a-64bcb9f6f4c0" testName="BL.Tests.TurnstilesServiceTest.TestAdminGetTurnstileAsync(userID: 100, turnstile: Turnstile { TurnstileID = 71, LiftID = 235, IsOpen = True }, checkPermissionServiceMock: Mock&lt;ICheckPermissionService:12&gt;, turnstilesRepositoryStub: Mock&lt;ITurnstilesRepository:6&gt;, sut: TurnstilesService { })" computerName="DESKTOP-TJ9D65N" duration="00:00:00.0060148" startTime="2022-10-15T23:34:57.9042472+03:00" endTime="2022-10-15T23:34:57.9042473+03:00" testType="13cdc9d9-ddb5-4fa4-a97d-d965ccfc6d4b" outcome="Passed" testListId="8c84fa94-04c1-424b-9868-57a2d4851a1d" relativeResultsDirectory="ab23f9ca-817b-4db6-8da9-02b5a9125f0f" />
    <UnitTestResult executionId="9d8fae3e-30b9-4a66-a2ac-f186b91c8da1" testId="20ad8570-0170-85de-dcd7-2f109dd7bcd6" testName="BL.Tests.UsersServiceTests.TestAdminGetUsers" computerName="DESKTOP-TJ9D65N" duration="00:00:00.0505746" startTime="2022-10-15T23:34:57.7522443+03:00" endTime="2022-10-15T23:34:57.7522443+03:00" testType="13cdc9d9-ddb5-4fa4-a97d-d965ccfc6d4b" outcome="Passed" testListId="8c84fa94-04c1-424b-9868-57a2d4851a1d" relativeResultsDirectory="9d8fae3e-30b9-4a66-a2ac-f186b91c8da1" />
    <UnitTestResult executionId="6bcf250e-def9-47ee-8854-c87ce68ca9ce" testId="894941c1-bfa7-d8f9-c047-1e1ceefe2c2f" testName="BL.Tests.UsersServiceTests.TestRegisterUserWithRepeatedEmail" computerName="DESKTOP-TJ9D65N" duration="00:00:00.0059066" startTime="2022-10-15T23:34:57.8991272+03:00" endTime="2022-10-15T23:34:57.8991273+03:00" testType="13cdc9d9-ddb5-4fa4-a97d-d965ccfc6d4b" outcome="Passed" testListId="8c84fa94-04c1-424b-9868-57a2d4851a1d" relativeResultsDirectory="6bcf250e-def9-47ee-8854-c87ce68ca9ce" />
    <UnitTestResult executionId="160760d5-8023-482a-a598-f6816d2b6a4f" testId="229812f5-9a73-5335-11f5-31330d1348a5" testName="BL.Tests.CheckPermissionsServiceTests.UnauthorizedHasNoAccessToAdminSkiPatrolFunctions(functionName: &quot;GetMessagesAsync&quot;)" computerName="DESKTOP-TJ9D65N" duration="00:00:00.0018968" startTime="2022-10-15T23:34:57.8693987+03:00" endTime="2022-10-15T23:34:57.8693988+03:00" testType="13cdc9d9-ddb5-4fa4-a97d-d965ccfc6d4b" outcome="Passed" testListId="8c84fa94-04c1-424b-9868-57a2d4851a1d" relativeResultsDirectory="160760d5-8023-482a-a598-f6816d2b6a4f" />
    <UnitTestResult executionId="c87ebe0d-08a7-493a-ae58-8989e4536e0e" testId="e2d7e5be-3dae-33ae-fb17-c704b6fd58d6" testName="BL.Tests.CheckPermissionsServiceTests.UnauthorizedHasNoAccessToAdminFunctions" computerName="DESKTOP-TJ9D65N" duration="00:00:00.0026444" startTime="2022-10-15T23:34:58.0523635+03:00" endTime="2022-10-15T23:34:58.0523636+03:00" testType="13cdc9d9-ddb5-4fa4-a97d-d965ccfc6d4b" outcome="Passed" testListId="8c84fa94-04c1-424b-9868-57a2d4851a1d" relativeResultsDirectory="c87ebe0d-08a7-493a-ae58-8989e4536e0e" />
    <UnitTestResult executionId="6f3c9339-26fb-4eb0-9435-4570f5ca97da" testId="2d706594-f2b3-b3c8-21d4-86c9798c3306" testName="BL.Tests.CheckPermissionsServiceTests.SkiPatrolHasAccessToAdminSkiPatrolFunctions(functionName: &quot;GetLiftsSlopesInfoAsync&quot;)" computerName="DESKTOP-TJ9D65N" duration="00:00:00.0051082" startTime="2022-10-15T23:34:57.9308866+03:00" endTime="2022-10-15T23:34:57.9308867+03:00" testType="13cdc9d9-ddb5-4fa4-a97d-d965ccfc6d4b" outcome="Passed" testListId="8c84fa94-04c1-424b-9868-57a2d4851a1d" relativeResultsDirectory="6f3c9339-26fb-4eb0-9435-4570f5ca97da" />
    <UnitTestResult executionId="b1950b54-e6ac-414f-943e-9e5387454d49" testId="1bbd7ea1-4ed8-7f14-9c51-50fac6f5ebd2" testName="BL.Tests.SlopesServiceTest.TestGetSlopeInfoAsync(userID: 1, slope: Slope { SlopeID = 145, SlopeName = slopeName2830f3f1-e8f7-4791-b10f-1ddbea73380c, IsOpen = True, DifficultyLevel = 20, ConnectedLifts =  }, checkPermissionServiceMock: Mock&lt;ICheckPermissionService:6&gt;, slopesRepositoryStub: Mock&lt;ISlopesRepository:4&gt;, liftsSlopesRepositoryStub: Mock&lt;ILiftsSlopesRepository:9&gt;, sut: SlopesService { })" computerName="DESKTOP-TJ9D65N" duration="00:00:00.0074900" startTime="2022-10-15T23:34:57.8826985+03:00" endTime="2022-10-15T23:34:57.8826986+03:00" testType="13cdc9d9-ddb5-4fa4-a97d-d965ccfc6d4b" outcome="Passed" testListId="8c84fa94-04c1-424b-9868-57a2d4851a1d" relativeResultsDirectory="b1950b54-e6ac-414f-943e-9e5387454d49" />
    <UnitTestResult executionId="230acff3-c6df-444d-8da5-84f0225ebc2a" testId="2176b6bf-1d65-ee6a-f47a-1c9d2584f565" testName="BL.Tests.TurnstilesServiceTest.TestAdminDeleteTurnstileAsync(userID: 127, turnstile: Turnstile { TurnstileID = 193, LiftID = 194, IsOpen = True }, checkPermissionServiceMock: Mock&lt;ICheckPermissionService:15&gt;, turnstilesRepositoryStub: Mock&lt;ITurnstilesRepository:9&gt;, sut: TurnstilesService { })" computerName="DESKTOP-TJ9D65N" duration="00:00:00.0072970" startTime="2022-10-15T23:34:57.8799104+03:00" endTime="2022-10-15T23:34:57.8799105+03:00" testType="13cdc9d9-ddb5-4fa4-a97d-d965ccfc6d4b" outcome="Passed" testListId="8c84fa94-04c1-424b-9868-57a2d4851a1d" relativeResultsDirectory="230acff3-c6df-444d-8da5-84f0225ebc2a" />
    <UnitTestResult executionId="b0a08e5b-91c3-41f6-a2da-3913226d326d" testId="f3efc418-a8a6-c7b7-9bac-90b33aa8472f" testName="BL.Tests.CheckPermissionsServiceTests.AdminHasAccessToAllFunctions" computerName="DESKTOP-TJ9D65N" duration="00:00:00.0016896" startTime="2022-10-15T23:34:58.0893728+03:00" endTime="2022-10-15T23:34:58.0893728+03:00" testType="13cdc9d9-ddb5-4fa4-a97d-d965ccfc6d4b" outcome="Passed" testListId="8c84fa94-04c1-424b-9868-57a2d4851a1d" relativeResultsDirectory="b0a08e5b-91c3-41f6-a2da-3913226d326d" />
    <UnitTestResult executionId="e4ab1ba9-c9e5-4de3-a104-c980e57b832f" testId="69340bb6-3645-f9dd-971e-29d8b2a009bb" testName="BL.Tests.UsersServiceTests.TestLogInWithWrongPassword" computerName="DESKTOP-TJ9D65N" duration="00:00:00.0027063" startTime="2022-10-15T23:34:58.0074722+03:00" endTime="2022-10-15T23:34:58.0074723+03:00" testType="13cdc9d9-ddb5-4fa4-a97d-d965ccfc6d4b" outcome="Passed" testListId="8c84fa94-04c1-424b-9868-57a2d4851a1d" relativeResultsDirectory="e4ab1ba9-c9e5-4de3-a104-c980e57b832f" />
    <UnitTestResult executionId="7c911b1e-d6e9-4399-9e0d-94f42b4695c2" testId="e5497347-2721-b7a6-0bd4-69a9921f6947" testName="BL.Tests.UsersServiceTests.TestAdminGetUserByIDAsync" computerName="DESKTOP-TJ9D65N" duration="00:00:00.0033567" startTime="2022-10-15T23:34:58.0352228+03:00" endTime="2022-10-15T23:34:58.0352228+03:00" testType="13cdc9d9-ddb5-4fa4-a97d-d965ccfc6d4b" outcome="Passed" testListId="8c84fa94-04c1-424b-9868-57a2d4851a1d" relativeResultsDirectory="7c911b1e-d6e9-4399-9e0d-94f42b4695c2" />
    <UnitTestResult executionId="d6798be7-6d44-4ec4-ab5e-2a3f06175905" testId="2602613f-c8e2-a6d9-fcf7-5b27d4a770a6" testName="BL.Tests.CheckPermissionsServiceTests.AuthorizedHasNoAccessToAdminSkiPatrolFunctions(functionName: &quot;GetMessagesAsync&quot;)" computerName="DESKTOP-TJ9D65N" duration="00:00:00.0026561" startTime="2022-10-15T23:34:58.0022055+03:00" endTime="2022-10-15T23:34:58.0022056+03:00" testType="13cdc9d9-ddb5-4fa4-a97d-d965ccfc6d4b" outcome="Passed" testListId="8c84fa94-04c1-424b-9868-57a2d4851a1d" relativeResultsDirectory="d6798be7-6d44-4ec4-ab5e-2a3f06175905" />
    <UnitTestResult executionId="2f5229d5-bec2-4add-9807-c80db75c1b2a" testId="a29015a7-2341-b2cb-b586-2c20d1118cb3" testName="BL.Tests.LiftsSlopesServiceTests.TestAdminDeleteLiftSlopeAsync(lift: Lift { LiftID = 151, LiftName = liftName3fe66f4c-086f-4659-bd29-77ab146bbb4e, IsOpen = True, SeatsAmount = 123, LiftingTime = 79, QueueTime = 137, ConnectedSlopes =  }, slope: Slope { SlopeID = 67, SlopeName = slopeName6f6a8790-45e9-402c-8c3f-b0764fa7aea8, IsOpen = False, DifficultyLevel = 119, ConnectedLifts =  }, slopesRepositoryStub: Mock&lt;ISlopesRepository:2&gt;, liftsRepositoryStub: Mock&lt;ILiftsRepository:7&gt;, liftsSlopesRepositoryStub: Mock&lt;ILiftsSlopesRepository:7&gt;)" computerName="DESKTOP-TJ9D65N" duration="00:00:00.0083649" startTime="2022-10-15T23:34:57.8873056+03:00" endTime="2022-10-15T23:34:57.8873057+03:00" testType="13cdc9d9-ddb5-4fa4-a97d-d965ccfc6d4b" outcome="Passed" testListId="8c84fa94-04c1-424b-9868-57a2d4851a1d" relativeResultsDirectory="2f5229d5-bec2-4add-9807-c80db75c1b2a" />
    <UnitTestResult executionId="ff5b50e2-51c4-4f11-9758-0e97e2dd8328" testId="492c0393-35b4-df26-a537-21ca08302f3c" testName="BL.Tests.CheckPermissionsServiceTests.SkiPatrolHasNoAccessToAdminFunctions" computerName="DESKTOP-TJ9D65N" duration="00:00:00.0022998" startTime="2022-10-15T23:34:58.0625959+03:00" endTime="2022-10-15T23:34:58.0625959+03:00" testType="13cdc9d9-ddb5-4fa4-a97d-d965ccfc6d4b" outcome="Passed" testListId="8c84fa94-04c1-424b-9868-57a2d4851a1d" relativeResultsDirectory="ff5b50e2-51c4-4f11-9758-0e97e2dd8328" />
    <UnitTestResult executionId="67e83d8d-d074-42fd-9a8f-2e65600c40ef" testId="644ec43e-70cd-c82d-42e7-0d990be1414d" testName="BL.Tests.CheckPermissionsServiceTests.AuthorizedHasAccessToAuthorizedFunctions(functionName: &quot;SendMessageAsync&quot;)" computerName="DESKTOP-TJ9D65N" duration="00:00:00.0018528" startTime="2022-10-15T23:34:58.0325255+03:00" endTime="2022-10-15T23:34:58.0325255+03:00" testType="13cdc9d9-ddb5-4fa4-a97d-d965ccfc6d4b" outcome="Passed" testListId="8c84fa94-04c1-424b-9868-57a2d4851a1d" relativeResultsDirectory="67e83d8d-d074-42fd-9a8f-2e65600c40ef" />
    <UnitTestResult executionId="ed799ae2-6a5e-4447-a392-994fc6d61e34" testId="4f297306-d4f3-8d63-e7f4-1ac0b8c58c74" testName="BL.Tests.CheckPermissionsServiceTests.AuthorizedHasNoAccessToAdminSkiPatrolFunctions(functionName: &quot;GetLiftsSlopesInfoAsync&quot;)" computerName="DESKTOP-TJ9D65N" duration="00:00:00.0009999" startTime="2022-10-15T23:34:58.0223021+03:00" endTime="2022-10-15T23:34:58.0223022+03:00" testType="13cdc9d9-ddb5-4fa4-a97d-d965ccfc6d4b" outcome="Passed" testListId="8c84fa94-04c1-424b-9868-57a2d4851a1d" relativeResultsDirectory="ed799ae2-6a5e-4447-a392-994fc6d61e34" />
    <UnitTestResult executionId="465049bd-1985-4a75-9063-8d368f642f92" testId="43642355-4a7d-174b-cd2f-3f0da30b3732" testName="BL.Tests.TurnstilesServiceTest.TestAdminGetTurnstilesAsync(userID: 219, initialTurnstiles: [Turnstile { TurnstileID = 135, LiftID = 235, IsOpen = True }, Turnstile { TurnstileID = 54, LiftID = 160, IsOpen = False }, Turnstile { TurnstileID = 65, LiftID = 76, IsOpen = True }], checkPermissionServiceMock: Mock&lt;ICheckPermissionService:13&gt;, turnstilesRepositoryStub: Mock&lt;ITurnstilesRepository:7&gt;, sut: TurnstilesService { })" computerName="DESKTOP-TJ9D65N" duration="00:00:00.0036601" startTime="2022-10-15T23:34:57.8641690+03:00" endTime="2022-10-15T23:34:57.8641691+03:00" testType="13cdc9d9-ddb5-4fa4-a97d-d965ccfc6d4b" outcome="Passed" testListId="8c84fa94-04c1-424b-9868-57a2d4851a1d" relativeResultsDirectory="465049bd-1985-4a75-9063-8d368f642f92" />
    <UnitTestResult executionId="a17c32f4-7910-469f-83d0-7ab17e1030c9" testId="60bd668f-04df-da5e-b79b-5d9aedb5234d" testName="BL.Tests.CheckPermissionsServiceTests.SkiPatrolHasAccessToAdminSkiPatrolFunctions(functionName: &quot;MarkMessageReadByUserAsync&quot;)" computerName="DESKTOP-TJ9D65N" duration="00:00:00.0017064" startTime="2022-10-15T23:34:57.9614255+03:00" endTime="2022-10-15T23:34:57.9614256+03:00" testType="13cdc9d9-ddb5-4fa4-a97d-d965ccfc6d4b" outcome="Passed" testListId="8c84fa94-04c1-424b-9868-57a2d4851a1d" relativeResultsDirectory="a17c32f4-7910-469f-83d0-7ab17e1030c9" />
    <UnitTestResult executionId="666a8792-0f39-413f-a549-201f5ea30b01" testId="387c9729-48c1-486e-5e67-f5d11a9f0db8" testName="BL.Tests.CheckPermissionsServiceTests.UnauthorizedHasNoAccessToAdminSkiPatrolFunctions(functionName: &quot;GetLiftsSlopesInfoAsync&quot;)" computerName="DESKTOP-TJ9D65N" duration="00:00:00.0017646" startTime="2022-10-15T23:34:57.8635301+03:00" endTime="2022-10-15T23:34:57.8635302+03:00" testType="13cdc9d9-ddb5-4fa4-a97d-d965ccfc6d4b" outcome="Passed" testListId="8c84fa94-04c1-424b-9868-57a2d4851a1d" relativeResultsDirectory="666a8792-0f39-413f-a549-201f5ea30b01" />
    <UnitTestResult executionId="147d3369-a3ce-47a1-8741-6ffbe0d52148" testId="75cd70da-4c1b-5543-1aeb-6855b184b8a5" testName="BL.Tests.LiftsSlopesServiceTests.TestAdminAddAutoIncrementLiftSlopeAsync(lift: Lift { LiftID = 82, LiftName = liftName519c4b82-4e4d-46cb-bdd9-f622c0fc8565, IsOpen = True, SeatsAmount = 71, LiftingTime = 202, QueueTime = 63, ConnectedSlopes =  }, slope: Slope { SlopeID = 232, SlopeName = slopeNamed15ac08a-d187-4034-adc1-bc55422ec3d8, IsOpen = False, DifficultyLevel = 237, ConnectedLifts =  }, slopesRepositoryStub: Mock&lt;ISlopesRepository:3&gt;, liftsRepositoryStub: Mock&lt;ILiftsRepository:8&gt;, liftsSlopesRepositoryStub: Mock&lt;ILiftsSlopesRepository:8&gt;)" computerName="DESKTOP-TJ9D65N" duration="00:00:00.0082292" startTime="2022-10-15T23:34:57.8642326+03:00" endTime="2022-10-15T23:34:57.8642326+03:00" testType="13cdc9d9-ddb5-4fa4-a97d-d965ccfc6d4b" outcome="Passed" testListId="8c84fa94-04c1-424b-9868-57a2d4851a1d" relativeResultsDirectory="147d3369-a3ce-47a1-8741-6ffbe0d52148" />
    <UnitTestResult executionId="9e9ce635-fcc0-4878-8f15-2addad60498c" testId="a2e59116-cb53-1d70-9cb8-21c286516866" testName="BL.Tests.CheckPermissionsServiceTests.AuthorizedHasNoAccessToAdminFunctions" computerName="DESKTOP-TJ9D65N" duration="00:00:00.0038260" startTime="2022-10-15T23:34:57.9914476+03:00" endTime="2022-10-15T23:34:57.9914477+03:00" testType="13cdc9d9-ddb5-4fa4-a97d-d965ccfc6d4b" outcome="Passed" testListId="8c84fa94-04c1-424b-9868-57a2d4851a1d" relativeResultsDirectory="9e9ce635-fcc0-4878-8f15-2addad60498c" />
    <UnitTestResult executionId="aaa38cbf-32b5-435a-9cda-9d31165301cb" testId="bdbedf87-9a48-098f-f35a-95a4e14f7955" testName="BL.Tests.TurnstilesServiceTest.TestAdminUpdateTurnstileAsync(userID: 154, turnstile: Turnstile { TurnstileID = 211, LiftID = 103, IsOpen = True }, checkPermissionServiceMock: Mock&lt;ICheckPermissionService:14&gt;, turnstilesRepositoryStub: Mock&lt;ITurnstilesRepository:8&gt;, sut: TurnstilesService { })" computerName="DESKTOP-TJ9D65N" duration="00:00:00.0084238" startTime="2022-10-15T23:34:57.9301394+03:00" endTime="2022-10-15T23:34:57.9301394+03:00" testType="13cdc9d9-ddb5-4fa4-a97d-d965ccfc6d4b" outcome="Passed" testListId="8c84fa94-04c1-424b-9868-57a2d4851a1d" relativeResultsDirectory="aaa38cbf-32b5-435a-9cda-9d31165301cb" />
    <UnitTestResult executionId="5dd0fcf3-7634-4368-99b0-2b5e14418135" testId="a19a5fcf-c5d2-7d44-5d7d-84403042f4e0" testName="BL.Tests.CheckPermissionsServiceTests.UnauthorizedHasNoAccessToAdminSkiPatrolFunctions(functionName: &quot;MarkMessageReadByUserAsync&quot;)" computerName="DESKTOP-TJ9D65N" duration="00:00:00.0424079" startTime="2022-10-15T23:34:57.7474401+03:00" endTime="2022-10-15T23:34:57.7474894+03:00" testType="13cdc9d9-ddb5-4fa4-a97d-d965ccfc6d4b" outcome="Passed" testListId="8c84fa94-04c1-424b-9868-57a2d4851a1d" relativeResultsDirectory="5dd0fcf3-7634-4368-99b0-2b5e14418135" />
    <UnitTestResult executionId="f84e8d05-6fc9-45d5-9187-c3191e26240e" testId="130ee026-0b67-c193-5cc7-67acdb6bcc0f" testName="BL.Tests.TurnstilesServiceTest.TestAdminAddAutoIncrementTurnstileAsync(userID: 127, turnstile: Turnstile { TurnstileID = 56, LiftID = 44, IsOpen = True }, checkPermissionServiceMock: Mock&lt;ICheckPermissionService:16&gt;, turnstilesRepositoryStub: Mock&lt;ITurnstilesRepository:10&gt;, sut: TurnstilesService { })" computerName="DESKTOP-TJ9D65N" duration="00:00:00.0448330" startTime="2022-10-15T23:34:57.7521253+03:00" endTime="2022-10-15T23:34:57.7521253+03:00" testType="13cdc9d9-ddb5-4fa4-a97d-d965ccfc6d4b" outcome="Passed" testListId="8c84fa94-04c1-424b-9868-57a2d4851a1d" relativeResultsDirectory="f84e8d05-6fc9-45d5-9187-c3191e26240e" />
    <UnitTestResult executionId="06bf467e-7fd4-4fdd-82c7-ac0b2ffb723d" testId="e429852d-a6ed-7c2a-25fd-cd839b159d56" testName="BL.Tests.LiftsSlopesServiceTests.TestGetLiftsSlopesInfoAsync(liftsSlopes: [LiftSlope { RecordID = 220, LiftID = 194, SlopeID = 221 }, LiftSlope { RecordID = 78, LiftID = 237, SlopeID = 154 }, LiftSlope { RecordID = 59, LiftID = 246, SlopeID = 53 }], slopesRepositoryStub: Mock&lt;ISlopesRepository:1&gt;, liftsRepositoryStub: Mock&lt;ILiftsRepository:6&gt;, liftsSlopesRepositoryStub: Mock&lt;ILiftsSlopesRepository:6&gt;)" computerName="DESKTOP-TJ9D65N" duration="00:00:00.0504630" startTime="2022-10-15T23:34:57.7522117+03:00" endTime="2022-10-15T23:34:57.7522118+03:00" testType="13cdc9d9-ddb5-4fa4-a97d-d965ccfc6d4b" outcome="Passed" testListId="8c84fa94-04c1-424b-9868-57a2d4851a1d" relativeResultsDirectory="06bf467e-7fd4-4fdd-82c7-ac0b2ffb723d" />
    <UnitTestResult executionId="5b969733-7b3d-4740-a75b-99a8213dd58c" testId="f097fea3-2cd2-e18d-8395-cbea25c2096a" testName="BL.Tests.SlopesServiceTest.TestGetSlopesInfoAsync(userID: 78, initialSlopes: [Slope { SlopeID = 52, SlopeName = slopeNamef9a6797a-1bb6-4934-8072-f49258ac63bc, IsOpen = True, DifficultyLevel = 18, ConnectedLifts =  }, Slope { SlopeID = 63, SlopeName = slopeNamea06e013a-8579-4d14-a178-0e457c0b3a43, IsOpen = False, DifficultyLevel = 182, ConnectedLifts =  }, Slope { SlopeID = 130, SlopeName = slopeName72cd5871-ba21-4e4c-a861-d380cf19e6cf, IsOpen = True, DifficultyLevel = 57, ConnectedLifts =  }], checkPermissionServiceMock: Mock&lt;ICheckPermissionService:7&gt;, slopesRepositoryStub: Mock&lt;ISlopesRepository:5&gt;, liftsSlopesRepositoryStub: Mock&lt;ILiftsSlopesRepository:10&gt;, sut: SlopesService { })" computerName="DESKTOP-TJ9D65N" duration="00:00:00.0859220" startTime="2022-10-15T23:34:57.7842120+03:00" endTime="2022-10-15T23:34:57.7842121+03:00" testType="13cdc9d9-ddb5-4fa4-a97d-d965ccfc6d4b" outcome="Passed" testListId="8c84fa94-04c1-424b-9868-57a2d4851a1d" relativeResultsDirectory="5b969733-7b3d-4740-a75b-99a8213dd58c" />
  </Results>
  <TestDefinitions>
    <UnitTest name="BL.Tests.UsersServiceTests.TestAdminAddAutoIncrementUser" storage="/mnt/c/users/alena/desktop/7_sem/testing_and_debugging/skiresort/bl.tests/bin/debug/net6.0/bl.tests.dll" id="834c739b-eca4-b36d-6a66-5a1bd75377b8">
      <Execution id="5072fb05-10db-4957-882d-bbdc4760f184" />
      <TestMethod codeBase="/mnt/c/Users/alena/Desktop/7_sem/testing_and_debugging/SkiResort/BL.Tests/bin/Debug/net6.0/BL.Tests.dll" adapterTypeName="executor://xunit/VsTestRunner2/netcoreapp" className="BL.Tests.UsersServiceTests" name="TestAdminAddAutoIncrementUser" />
    </UnitTest>
    <UnitTest name="BL.Tests.LiftsServiceTest.TestAdminAddAutoIncrementLiftAsync(userID: 59, lift: Lift { LiftID = 53, LiftName = liftNameca91ad36-14ba-44d3-ac5e-e8c41015fa5b, IsOpen = True, SeatsAmount = 6, LiftingTime = 41, QueueTime = 88, ConnectedSlopes =  }, checkPermissionServiceMock: Mock&lt;ICheckPermissionService:5&gt;, liftsRepositoryStub: Mock&lt;ILiftsRepository:5&gt;, sut: LiftsService { })" storage="/mnt/c/users/alena/desktop/7_sem/testing_and_debugging/skiresort/bl.tests/bin/debug/net6.0/bl.tests.dll" id="94b34e1b-3328-6b5c-40ef-1e11bedbf99c">
      <Execution id="f9b34d11-d91c-4fe4-9c31-81c33869fba4" />
      <TestMethod codeBase="/mnt/c/Users/alena/Desktop/7_sem/testing_and_debugging/SkiResort/BL.Tests/bin/Debug/net6.0/BL.Tests.dll" adapterTypeName="executor://xunit/VsTestRunner2/netcoreapp" className="BL.Tests.LiftsServiceTest" name="TestAdminAddAutoIncrementLiftAsync" />
    </UnitTest>
    <UnitTest name="BL.Tests.TurnstilesServiceTest.TestAdminDeleteTurnstileAsync(userID: 127, turnstile: Turnstile { TurnstileID = 193, LiftID = 194, IsOpen = True }, checkPermissionServiceMock: Mock&lt;ICheckPermissionService:15&gt;, turnstilesRepositoryStub: Mock&lt;ITurnstilesRepository:9&gt;, sut: TurnstilesService { })" storage="/mnt/c/users/alena/desktop/7_sem/testing_and_debugging/skiresort/bl.tests/bin/debug/net6.0/bl.tests.dll" id="2176b6bf-1d65-ee6a-f47a-1c9d2584f565">
      <Execution id="230acff3-c6df-444d-8da5-84f0225ebc2a" />
      <TestMethod codeBase="/mnt/c/Users/alena/Desktop/7_sem/testing_and_debugging/SkiResort/BL.Tests/bin/Debug/net6.0/BL.Tests.dll" adapterTypeName="executor://xunit/VsTestRunner2/netcoreapp" className="BL.Tests.TurnstilesServiceTest" name="TestAdminDeleteTurnstileAsync" />
    </UnitTest>
    <UnitTest name="BL.Tests.LiftsSlopesServiceTests.TestGetLiftsSlopesInfoAsync(liftsSlopes: [LiftSlope { RecordID = 220, LiftID = 194, SlopeID = 221 }, LiftSlope { RecordID = 78, LiftID = 237, SlopeID = 154 }, LiftSlope { RecordID = 59, LiftID = 246, SlopeID = 53 }], slopesRepositoryStub: Mock&lt;ISlopesRepository:1&gt;, liftsRepositoryStub: Mock&lt;ILiftsRepository:6&gt;, liftsSlopesRepositoryStub: Mock&lt;ILiftsSlopesRepository:6&gt;)" storage="/mnt/c/users/alena/desktop/7_sem/testing_and_debugging/skiresort/bl.tests/bin/debug/net6.0/bl.tests.dll" id="e429852d-a6ed-7c2a-25fd-cd839b159d56">
      <Execution id="06bf467e-7fd4-4fdd-82c7-ac0b2ffb723d" />
      <TestMethod codeBase="/mnt/c/Users/alena/Desktop/7_sem/testing_and_debugging/SkiResort/BL.Tests/bin/Debug/net6.0/BL.Tests.dll" adapterTypeName="executor://xunit/VsTestRunner2/netcoreapp" className="BL.Tests.LiftsSlopesServiceTests" name="TestGetLiftsSlopesInfoAsync" />
    </UnitTest>
    <UnitTest name="BL.Tests.CheckPermissionsServiceTests.UnauthorizedHasNoAccessToAdminSkiPatrolFunctions(functionName: &quot;MarkMessageReadByUserAsync&quot;)" storage="/mnt/c/users/alena/desktop/7_sem/testing_and_debugging/skiresort/bl.tests/bin/debug/net6.0/bl.tests.dll" id="a19a5fcf-c5d2-7d44-5d7d-84403042f4e0">
      <Execution id="5dd0fcf3-7634-4368-99b0-2b5e14418135" />
      <TestMethod codeBase="/mnt/c/Users/alena/Desktop/7_sem/testing_and_debugging/SkiResort/BL.Tests/bin/Debug/net6.0/BL.Tests.dll" adapterTypeName="executor://xunit/VsTestRunner2/netcoreapp" className="BL.Tests.CheckPermissionsServiceTests" name="UnauthorizedHasNoAccessToAdminSkiPatrolFunctions" />
    </UnitTest>
    <UnitTest name="BL.Tests.SlopesServiceTest.TestAdminAddAutoIncrementSlopeAsync(userID: 133, slope: Slope { SlopeID = 217, SlopeName = slopeName45918df8-19f1-4563-b92b-b959428a22ff, IsOpen = True, DifficultyLevel = 182, ConnectedLifts =  }, checkPermissionServiceMock: Mock&lt;ICheckPermissionService:10&gt;, slopesRepositoryStub: Mock&lt;ISlopesRepository:8&gt;, sut: SlopesService { })" storage="/mnt/c/users/alena/desktop/7_sem/testing_and_debugging/skiresort/bl.tests/bin/debug/net6.0/bl.tests.dll" id="80c1b203-5f45-56dc-4fde-d3fd1690ef3c">
      <Execution id="3f583cdc-31a2-44bc-b67a-cdda9686c1ad" />
      <TestMethod codeBase="/mnt/c/Users/alena/Desktop/7_sem/testing_and_debugging/SkiResort/BL.Tests/bin/Debug/net6.0/BL.Tests.dll" adapterTypeName="executor://xunit/VsTestRunner2/netcoreapp" className="BL.Tests.SlopesServiceTest" name="TestAdminAddAutoIncrementSlopeAsync" />
    </UnitTest>
    <UnitTest name="BL.Tests.UsersServiceTests.TestAdminDeleteUser" storage="/mnt/c/users/alena/desktop/7_sem/testing_and_debugging/skiresort/bl.tests/bin/debug/net6.0/bl.tests.dll" id="18fa8c62-e27d-e1fc-8182-4d7db62b008d">
      <Execution id="7ee8f276-16fa-47b6-b150-ad5608201489" />
      <TestMethod codeBase="/mnt/c/Users/alena/Desktop/7_sem/testing_and_debugging/SkiResort/BL.Tests/bin/Debug/net6.0/BL.Tests.dll" adapterTypeName="executor://xunit/VsTestRunner2/netcoreapp" className="BL.Tests.UsersServiceTests" name="TestAdminDeleteUser" />
    </UnitTest>
    <UnitTest name="BL.Tests.CheckPermissionsServiceTests.AuthorizedHasNoAccessToAdminSkiPatrolFunctions(functionName: &quot;GetMessagesAsync&quot;)" storage="/mnt/c/users/alena/desktop/7_sem/testing_and_debugging/skiresort/bl.tests/bin/debug/net6.0/bl.tests.dll" id="2602613f-c8e2-a6d9-fcf7-5b27d4a770a6">
      <Execution id="d6798be7-6d44-4ec4-ab5e-2a3f06175905" />
      <TestMethod codeBase="/mnt/c/Users/alena/Desktop/7_sem/testing_and_debugging/SkiResort/BL.Tests/bin/Debug/net6.0/BL.Tests.dll" adapterTypeName="executor://xunit/VsTestRunner2/netcoreapp" className="BL.Tests.CheckPermissionsServiceTests" name="AuthorizedHasNoAccessToAdminSkiPatrolFunctions" />
    </UnitTest>
    <UnitTest name="BL.Tests.CheckPermissionsServiceTests.UnauthorizedHasNoAccessToAuthorizedFunctions(functionName: &quot;LogOutAsync&quot;)" storage="/mnt/c/users/alena/desktop/7_sem/testing_and_debugging/skiresort/bl.tests/bin/debug/net6.0/bl.tests.dll" id="fa960c5e-f989-2880-784e-8efe538c5231">
      <Execution id="6233309a-5c18-4830-a552-a635c5ad0f84" />
      <TestMethod codeBase="/mnt/c/Users/alena/Desktop/7_sem/testing_and_debugging/SkiResort/BL.Tests/bin/Debug/net6.0/BL.Tests.dll" adapterTypeName="executor://xunit/VsTestRunner2/netcoreapp" className="BL.Tests.CheckPermissionsServiceTests" name="UnauthorizedHasNoAccessToAuthorizedFunctions" />
    </UnitTest>
    <UnitTest name="BL.Tests.CheckPermissionsServiceTests.AuthorizedHasNoAccessToAdminSkiPatrolFunctions(functionName: &quot;GetLiftsSlopesInfoAsync&quot;)" storage="/mnt/c/users/alena/desktop/7_sem/testing_and_debugging/skiresort/bl.tests/bin/debug/net6.0/bl.tests.dll" id="4f297306-d4f3-8d63-e7f4-1ac0b8c58c74">
      <Execution id="ed799ae2-6a5e-4447-a392-994fc6d61e34" />
      <TestMethod codeBase="/mnt/c/Users/alena/Desktop/7_sem/testing_and_debugging/SkiResort/BL.Tests/bin/Debug/net6.0/BL.Tests.dll" adapterTypeName="executor://xunit/VsTestRunner2/netcoreapp" className="BL.Tests.CheckPermissionsServiceTests" name="AuthorizedHasNoAccessToAdminSkiPatrolFunctions" />
    </UnitTest>
    <UnitTest name="BL.Tests.LiftsSlopesServiceTests.TestAdminAddAutoIncrementLiftSlopeAsync(lift: Lift { LiftID = 82, LiftName = liftName519c4b82-4e4d-46cb-bdd9-f622c0fc8565, IsOpen = True, SeatsAmount = 71, LiftingTime = 202, QueueTime = 63, ConnectedSlopes =  }, slope: Slope { SlopeID = 232, SlopeName = slopeNamed15ac08a-d187-4034-adc1-bc55422ec3d8, IsOpen = False, DifficultyLevel = 237, ConnectedLifts =  }, slopesRepositoryStub: Mock&lt;ISlopesRepository:3&gt;, ..." storage="/mnt/c/users/alena/desktop/7_sem/testing_and_debugging/skiresort/bl.tests/bin/debug/net6.0/bl.tests.dll" id="75cd70da-4c1b-5543-1aeb-6855b184b8a5">
      <Execution id="147d3369-a3ce-47a1-8741-6ffbe0d52148" />
      <TestMethod codeBase="/mnt/c/Users/alena/Desktop/7_sem/testing_and_debugging/SkiResort/BL.Tests/bin/Debug/net6.0/BL.Tests.dll" adapterTypeName="executor://xunit/VsTestRunner2/netcoreapp" className="BL.Tests.LiftsSlopesServiceTests" name="TestAdminAddAutoIncrementLiftSlopeAsync" />
    </UnitTest>
    <UnitTest name="BL.Tests.TurnstilesServiceTest.TestAdminGetTurnstileAsync(userID: 100, turnstile: Turnstile { TurnstileID = 71, LiftID = 235, IsOpen = True }, checkPermissionServiceMock: Mock&lt;ICheckPermissionService:12&gt;, turnstilesRepositoryStub: Mock&lt;ITurnstilesRepository:6&gt;, sut: TurnstilesService { })" storage="/mnt/c/users/alena/desktop/7_sem/testing_and_debugging/skiresort/bl.tests/bin/debug/net6.0/bl.tests.dll" id="01ddb969-a2cf-17c3-2a4a-64bcb9f6f4c0">
      <Execution id="ab23f9ca-817b-4db6-8da9-02b5a9125f0f" />
      <TestMethod codeBase="/mnt/c/Users/alena/Desktop/7_sem/testing_and_debugging/SkiResort/BL.Tests/bin/Debug/net6.0/BL.Tests.dll" adapterTypeName="executor://xunit/VsTestRunner2/netcoreapp" className="BL.Tests.TurnstilesServiceTest" name="TestAdminGetTurnstileAsync" />
    </UnitTest>
    <UnitTest name="BL.Tests.UsersServiceTests.TestRegisterUserWithRepeatedEmail" storage="/mnt/c/users/alena/desktop/7_sem/testing_and_debugging/skiresort/bl.tests/bin/debug/net6.0/bl.tests.dll" id="894941c1-bfa7-d8f9-c047-1e1ceefe2c2f">
      <Execution id="6bcf250e-def9-47ee-8854-c87ce68ca9ce" />
      <TestMethod codeBase="/mnt/c/Users/alena/Desktop/7_sem/testing_and_debugging/SkiResort/BL.Tests/bin/Debug/net6.0/BL.Tests.dll" adapterTypeName="executor://xunit/VsTestRunner2/netcoreapp" className="BL.Tests.UsersServiceTests" name="TestRegisterUserWithRepeatedEmail" />
    </UnitTest>
    <UnitTest name="BL.Tests.CheckPermissionsServiceTests.AdminHasAccessToAllFunctions" storage="/mnt/c/users/alena/desktop/7_sem/testing_and_debugging/skiresort/bl.tests/bin/debug/net6.0/bl.tests.dll" id="f3efc418-a8a6-c7b7-9bac-90b33aa8472f">
      <Execution id="b0a08e5b-91c3-41f6-a2da-3913226d326d" />
      <TestMethod codeBase="/mnt/c/Users/alena/Desktop/7_sem/testing_and_debugging/SkiResort/BL.Tests/bin/Debug/net6.0/BL.Tests.dll" adapterTypeName="executor://xunit/VsTestRunner2/netcoreapp" className="BL.Tests.CheckPermissionsServiceTests" name="AdminHasAccessToAllFunctions" />
    </UnitTest>
    <UnitTest name="BL.Tests.UsersServiceTests.TestAdminGetUserByIDAsync" storage="/mnt/c/users/alena/desktop/7_sem/testing_and_debugging/skiresort/bl.tests/bin/debug/net6.0/bl.tests.dll" id="e5497347-2721-b7a6-0bd4-69a9921f6947">
      <Execution id="7c911b1e-d6e9-4399-9e0d-94f42b4695c2" />
      <TestMethod codeBase="/mnt/c/Users/alena/Desktop/7_sem/testing_and_debugging/SkiResort/BL.Tests/bin/Debug/net6.0/BL.Tests.dll" adapterTypeName="executor://xunit/VsTestRunner2/netcoreapp" className="BL.Tests.UsersServiceTests" name="TestAdminGetUserByIDAsync" />
    </UnitTest>
    <UnitTest name="BL.Tests.TurnstilesServiceTest.TestAdminUpdateTurnstileAsync(userID: 154, turnstile: Turnstile { TurnstileID = 211, LiftID = 103, IsOpen = True }, checkPermissionServiceMock: Mock&lt;ICheckPermissionService:14&gt;, turnstilesRepositoryStub: Mock&lt;ITurnstilesRepository:8&gt;, sut: TurnstilesService { })" storage="/mnt/c/users/alena/desktop/7_sem/testing_and_debugging/skiresort/bl.tests/bin/debug/net6.0/bl.tests.dll" id="bdbedf87-9a48-098f-f35a-95a4e14f7955">
      <Execution id="aaa38cbf-32b5-435a-9cda-9d31165301cb" />
      <TestMethod codeBase="/mnt/c/Users/alena/Desktop/7_sem/testing_and_debugging/SkiResort/BL.Tests/bin/Debug/net6.0/BL.Tests.dll" adapterTypeName="executor://xunit/VsTestRunner2/netcoreapp" className="BL.Tests.TurnstilesServiceTest" name="TestAdminUpdateTurnstileAsync" />
    </UnitTest>
    <UnitTest name="BL.Tests.CheckPermissionsServiceTests.UnauthorizedHasNoAccessToAdminFunctions" storage="/mnt/c/users/alena/desktop/7_sem/testing_and_debugging/skiresort/bl.tests/bin/debug/net6.0/bl.tests.dll" id="e2d7e5be-3dae-33ae-fb17-c704b6fd58d6">
      <Execution id="c87ebe0d-08a7-493a-ae58-8989e4536e0e" />
      <TestMethod codeBase="/mnt/c/Users/alena/Desktop/7_sem/testing_and_debugging/SkiResort/BL.Tests/bin/Debug/net6.0/BL.Tests.dll" adapterTypeName="executor://xunit/VsTestRunner2/netcoreapp" className="BL.Tests.CheckPermissionsServiceTests" name="UnauthorizedHasNoAccessToAdminFunctions" />
    </UnitTest>
    <UnitTest name="BL.Tests.LiftsServiceTest.TestGetLiftInfoAsync(userID: 182, lift: Lift { LiftID = 174, LiftName = liftName55aad3f9-407a-45a2-8be8-b7c9baff220a, IsOpen = True, SeatsAmount = 73, LiftingTime = 10, QueueTime = 100, ConnectedSlopes =  }, checkPermissionServiceMock: Mock&lt;ICheckPermissionService:1&gt;, liftsRepositoryStub: Mock&lt;ILiftsRepository:1&gt;, liftsSlopesRepositoryStub: Mock&lt;ILiftsSlopesRepository:1&gt;, sut: LiftsService { })" storage="/mnt/c/users/alena/desktop/7_sem/testing_and_debugging/skiresort/bl.tests/bin/debug/net6.0/bl.tests.dll" id="3dd0947f-7d43-f0df-3c94-cff777a961e0">
      <Execution id="b80486a1-4edf-40bd-9dd3-480c249899e7" />
      <TestMethod codeBase="/mnt/c/Users/alena/Desktop/7_sem/testing_and_debugging/SkiResort/BL.Tests/bin/Debug/net6.0/BL.Tests.dll" adapterTypeName="executor://xunit/VsTestRunner2/netcoreapp" className="BL.Tests.LiftsServiceTest" name="TestGetLiftInfoAsync" />
    </UnitTest>
    <UnitTest name="BL.Tests.SlopesServiceTest.TestUpdateSlopeInfoAsync(userID: 91, slope: Slope { SlopeID = 111, SlopeName = slopeName9129a193-b76d-4cb8-8f36-e388b6d8acef, IsOpen = True, DifficultyLevel = 10, ConnectedLifts =  }, checkPermissionServiceMock: Mock&lt;ICheckPermissionService:8&gt;, slopesRepositoryStub: Mock&lt;ISlopesRepository:6&gt;, sut: SlopesService { })" storage="/mnt/c/users/alena/desktop/7_sem/testing_and_debugging/skiresort/bl.tests/bin/debug/net6.0/bl.tests.dll" id="852d377f-8e9a-9f8e-7e3f-e090cbdcac2c">
      <Execution id="1d78e565-1d67-41ac-926b-c007a18ced5c" />
      <TestMethod codeBase="/mnt/c/Users/alena/Desktop/7_sem/testing_and_debugging/SkiResort/BL.Tests/bin/Debug/net6.0/BL.Tests.dll" adapterTypeName="executor://xunit/VsTestRunner2/netcoreapp" className="BL.Tests.SlopesServiceTest" name="TestUpdateSlopeInfoAsync" />
    </UnitTest>
    <UnitTest name="BL.Tests.TurnstilesServiceTest.TestAdminGetTurnstilesAsync(userID: 219, initialTurnstiles: [Turnstile { TurnstileID = 135, LiftID = 235, IsOpen = True }, Turnstile { TurnstileID = 54, LiftID = 160, IsOpen = False }, Turnstile { TurnstileID = 65, LiftID = 76, IsOpen = True }], checkPermissionServiceMock: Mock&lt;ICheckPermissionService:13&gt;, turnstilesRepositoryStub: Mock&lt;ITurnstilesRepository:7&gt;, sut: TurnstilesService { })" storage="/mnt/c/users/alena/desktop/7_sem/testing_and_debugging/skiresort/bl.tests/bin/debug/net6.0/bl.tests.dll" id="43642355-4a7d-174b-cd2f-3f0da30b3732">
      <Execution id="465049bd-1985-4a75-9063-8d368f642f92" />
      <TestMethod codeBase="/mnt/c/Users/alena/Desktop/7_sem/testing_and_debugging/SkiResort/BL.Tests/bin/Debug/net6.0/BL.Tests.dll" adapterTypeName="executor://xunit/VsTestRunner2/netcoreapp" className="BL.Tests.TurnstilesServiceTest" name="TestAdminGetTurnstilesAsync" />
    </UnitTest>
    <UnitTest name="BL.Tests.UsersServiceTests.TestAdminGetUsers" storage="/mnt/c/users/alena/desktop/7_sem/testing_and_debugging/skiresort/bl.tests/bin/debug/net6.0/bl.tests.dll" id="20ad8570-0170-85de-dcd7-2f109dd7bcd6">
      <Execution id="9d8fae3e-30b9-4a66-a2ac-f186b91c8da1" />
      <TestMethod codeBase="/mnt/c/Users/alena/Desktop/7_sem/testing_and_debugging/SkiResort/BL.Tests/bin/Debug/net6.0/BL.Tests.dll" adapterTypeName="executor://xunit/VsTestRunner2/netcoreapp" className="BL.Tests.UsersServiceTests" name="TestAdminGetUsers" />
    </UnitTest>
    <UnitTest name="BL.Tests.UsersServiceTests.TestLogInWithWrongPassword" storage="/mnt/c/users/alena/desktop/7_sem/testing_and_debugging/skiresort/bl.tests/bin/debug/net6.0/bl.tests.dll" id="69340bb6-3645-f9dd-971e-29d8b2a009bb">
      <Execution id="e4ab1ba9-c9e5-4de3-a104-c980e57b832f" />
      <TestMethod codeBase="/mnt/c/Users/alena/Desktop/7_sem/testing_and_debugging/SkiResort/BL.Tests/bin/Debug/net6.0/BL.Tests.dll" adapterTypeName="executor://xunit/VsTestRunner2/netcoreapp" className="BL.Tests.UsersServiceTests" name="TestLogInWithWrongPassword" />
    </UnitTest>
    <UnitTest name="BL.Tests.CheckPermissionsServiceTests.UnauthorizedHasNoAccessToAdminSkiPatrolFunctions(functionName: &quot;GetMessagesAsync&quot;)" storage="/mnt/c/users/alena/desktop/7_sem/testing_and_debugging/skiresort/bl.tests/bin/debug/net6.0/bl.tests.dll" id="229812f5-9a73-5335-11f5-31330d1348a5">
      <Execution id="160760d5-8023-482a-a598-f6816d2b6a4f" />
      <TestMethod codeBase="/mnt/c/Users/alena/Desktop/7_sem/testing_and_debugging/SkiResort/BL.Tests/bin/Debug/net6.0/BL.Tests.dll" adapterTypeName="executor://xunit/VsTestRunner2/netcoreapp" className="BL.Tests.CheckPermissionsServiceTests" name="UnauthorizedHasNoAccessToAdminSkiPatrolFunctions" />
    </UnitTest>
    <UnitTest name="BL.Tests.SlopesServiceTest.TestAdminDeleteSlopeAsync(userID: 58, slope: Slope { SlopeID = 143, SlopeName = slopeNamea4f3f03e-8432-4764-b33e-b1bb2047fcd7, IsOpen = True, DifficultyLevel = 101, ConnectedLifts =  }, checkPermissionServiceMock: Mock&lt;ICheckPermissionService:9&gt;, slopesRepositoryStub: Mock&lt;ISlopesRepository:7&gt;, liftsSlopesRepositoryStub: Mock&lt;ILiftsSlopesRepository:12&gt;, sut: SlopesService { })" storage="/mnt/c/users/alena/desktop/7_sem/testing_and_debugging/skiresort/bl.tests/bin/debug/net6.0/bl.tests.dll" id="d601d729-08b0-5bcc-504c-2ef57a78547b">
      <Execution id="d268beef-ee8e-43e3-8197-763bf0555cf7" />
      <TestMethod codeBase="/mnt/c/Users/alena/Desktop/7_sem/testing_and_debugging/SkiResort/BL.Tests/bin/Debug/net6.0/BL.Tests.dll" adapterTypeName="executor://xunit/VsTestRunner2/netcoreapp" className="BL.Tests.SlopesServiceTest" name="TestAdminDeleteSlopeAsync" />
    </UnitTest>
    <UnitTest name="BL.Tests.UsersServiceTests.TestLogInOk" storage="/mnt/c/users/alena/desktop/7_sem/testing_and_debugging/skiresort/bl.tests/bin/debug/net6.0/bl.tests.dll" id="1ca07ad8-f799-c5d4-e7cc-34fd950198a2">
      <Execution id="52834d73-0492-4588-9b32-a4449cf5ea34" />
      <TestMethod codeBase="/mnt/c/Users/alena/Desktop/7_sem/testing_and_debugging/SkiResort/BL.Tests/bin/Debug/net6.0/BL.Tests.dll" adapterTypeName="executor://xunit/VsTestRunner2/netcoreapp" className="BL.Tests.UsersServiceTests" name="TestLogInOk" />
    </UnitTest>
    <UnitTest name="BL.Tests.LiftsServiceTest.TestGetLiftsInfoAsync(userID: 13, initialLifts: [Lift { LiftID = 205, LiftName = liftName9358e245-0a05-4123-b2bb-a9b98e345f7a, IsOpen = True, SeatsAmount = 65, LiftingTime = 228, QueueTime = 115, ConnectedSlopes =  }, Lift { LiftID = 206, LiftName = liftName9eb1dc79-7dfb-4f89-8d57-ddc7a64d074f, IsOpen = False, SeatsAmount = 9, LiftingTime = 88, QueueTime = 187, ConnectedSlopes =  }, Lift { LiftID = 234, LiftName = ..." storage="/mnt/c/users/alena/desktop/7_sem/testing_and_debugging/skiresort/bl.tests/bin/debug/net6.0/bl.tests.dll" id="1cf22a38-b3fd-f377-2cd4-dbbbb72256e1">
      <Execution id="7f983693-9f04-424e-b986-0490679f073b" />
      <TestMethod codeBase="/mnt/c/Users/alena/Desktop/7_sem/testing_and_debugging/SkiResort/BL.Tests/bin/Debug/net6.0/BL.Tests.dll" adapterTypeName="executor://xunit/VsTestRunner2/netcoreapp" className="BL.Tests.LiftsServiceTest" name="TestGetLiftsInfoAsync" />
    </UnitTest>
    <UnitTest name="BL.Tests.SlopesServiceTest.TestGetSlopeInfoAsync(userID: 1, slope: Slope { SlopeID = 145, SlopeName = slopeName2830f3f1-e8f7-4791-b10f-1ddbea73380c, IsOpen = True, DifficultyLevel = 20, ConnectedLifts =  }, checkPermissionServiceMock: Mock&lt;ICheckPermissionService:6&gt;, slopesRepositoryStub: Mock&lt;ISlopesRepository:4&gt;, liftsSlopesRepositoryStub: Mock&lt;ILiftsSlopesRepository:9&gt;, sut: SlopesService { })" storage="/mnt/c/users/alena/desktop/7_sem/testing_and_debugging/skiresort/bl.tests/bin/debug/net6.0/bl.tests.dll" id="1bbd7ea1-4ed8-7f14-9c51-50fac6f5ebd2">
      <Execution id="b1950b54-e6ac-414f-943e-9e5387454d49" />
      <TestMethod codeBase="/mnt/c/Users/alena/Desktop/7_sem/testing_and_debugging/SkiResort/BL.Tests/bin/Debug/net6.0/BL.Tests.dll" adapterTypeName="executor://xunit/VsTestRunner2/netcoreapp" className="BL.Tests.SlopesServiceTest" name="TestGetSlopeInfoAsync" />
    </UnitTest>
    <UnitTest name="BL.Tests.LiftsServiceTest.TestAdminDeleteLiftAsync(userID: 159, lift: Lift { LiftID = 252, LiftName = liftNamec6f8c5ac-88b7-4cff-acf3-e5f7075135b0, IsOpen = True, SeatsAmount = 122, LiftingTime = 82, QueueTime = 121, ConnectedSlopes =  }, checkPermissionServiceMock: Mock&lt;ICheckPermissionService:4&gt;, liftsRepositoryStub: Mock&lt;ILiftsRepository:4&gt;, liftsSlopesRepositoryStub: Mock&lt;ILiftsSlopesRepository:4&gt;, sut: LiftsService { })" storage="/mnt/c/users/alena/desktop/7_sem/testing_and_debugging/skiresort/bl.tests/bin/debug/net6.0/bl.tests.dll" id="938a3700-ed40-6bf2-a5d2-205824a82984">
      <Execution id="b1aa849f-444d-4b7a-93bf-025020316af5" />
      <TestMethod codeBase="/mnt/c/Users/alena/Desktop/7_sem/testing_and_debugging/SkiResort/BL.Tests/bin/Debug/net6.0/BL.Tests.dll" adapterTypeName="executor://xunit/VsTestRunner2/netcoreapp" className="BL.Tests.LiftsServiceTest" name="TestAdminDeleteLiftAsync" />
    </UnitTest>
    <UnitTest name="BL.Tests.CheckPermissionsServiceTests.SkiPatrolHasAccessToAdminSkiPatrolFunctions(functionName: &quot;GetLiftsSlopesInfoAsync&quot;)" storage="/mnt/c/users/alena/desktop/7_sem/testing_and_debugging/skiresort/bl.tests/bin/debug/net6.0/bl.tests.dll" id="2d706594-f2b3-b3c8-21d4-86c9798c3306">
      <Execution id="6f3c9339-26fb-4eb0-9435-4570f5ca97da" />
      <TestMethod codeBase="/mnt/c/Users/alena/Desktop/7_sem/testing_and_debugging/SkiResort/BL.Tests/bin/Debug/net6.0/BL.Tests.dll" adapterTypeName="executor://xunit/VsTestRunner2/netcoreapp" className="BL.Tests.CheckPermissionsServiceTests" name="SkiPatrolHasAccessToAdminSkiPatrolFunctions" />
    </UnitTest>
    <UnitTest name="BL.Tests.CheckPermissionsServiceTests.SkiPatrolHasAccessToAdminSkiPatrolFunctions(functionName: &quot;GetMessagesAsync&quot;)" storage="/mnt/c/users/alena/desktop/7_sem/testing_and_debugging/skiresort/bl.tests/bin/debug/net6.0/bl.tests.dll" id="c36970dc-93f7-753e-fa47-157133b01644">
      <Execution id="da6d6dd6-39b4-41ae-b0be-9707635bbd01" />
      <TestMethod codeBase="/mnt/c/Users/alena/Desktop/7_sem/testing_and_debugging/SkiResort/BL.Tests/bin/Debug/net6.0/BL.Tests.dll" adapterTypeName="executor://xunit/VsTestRunner2/netcoreapp" className="BL.Tests.CheckPermissionsServiceTests" name="SkiPatrolHasAccessToAdminSkiPatrolFunctions" />
    </UnitTest>
    <UnitTest name="BL.Tests.CheckPermissionsServiceTests.UnauthorizedHasNoAccessToAuthorizedFunctions(functionName: &quot;SendMessageAsync&quot;)" storage="/mnt/c/users/alena/desktop/7_sem/testing_and_debugging/skiresort/bl.tests/bin/debug/net6.0/bl.tests.dll" id="eaabd2fc-2f4b-5689-59c8-c7ad34a8f634">
      <Execution id="2ecf0c94-7de2-4f8c-8ad0-5870a0b97bf2" />
      <TestMethod codeBase="/mnt/c/Users/alena/Desktop/7_sem/testing_and_debugging/SkiResort/BL.Tests/bin/Debug/net6.0/BL.Tests.dll" adapterTypeName="executor://xunit/VsTestRunner2/netcoreapp" className="BL.Tests.CheckPermissionsServiceTests" name="UnauthorizedHasNoAccessToAuthorizedFunctions" />
    </UnitTest>
    <UnitTest name="BL.Tests.UsersServiceTests.TestRegisterUserWithNoPassword" storage="/mnt/c/users/alena/desktop/7_sem/testing_and_debugging/skiresort/bl.tests/bin/debug/net6.0/bl.tests.dll" id="f44a1b21-8efc-bfac-63b4-d534442def31">
      <Execution id="5e09d209-e694-4bc9-9565-323f0862114e" />
      <TestMethod codeBase="/mnt/c/Users/alena/Desktop/7_sem/testing_and_debugging/SkiResort/BL.Tests/bin/Debug/net6.0/BL.Tests.dll" adapterTypeName="executor://xunit/VsTestRunner2/netcoreapp" className="BL.Tests.UsersServiceTests" name="TestRegisterUserWithNoPassword" />
    </UnitTest>
    <UnitTest name="BL.Tests.UsersServiceTests.TestAdminUpdateUser" storage="/mnt/c/users/alena/desktop/7_sem/testing_and_debugging/skiresort/bl.tests/bin/debug/net6.0/bl.tests.dll" id="06d0bc3a-24a0-fb7f-4277-e9ae6d21c7dd">
      <Execution id="ddaf2a14-26ee-4134-b911-87f58e730be8" />
      <TestMethod codeBase="/mnt/c/Users/alena/Desktop/7_sem/testing_and_debugging/SkiResort/BL.Tests/bin/Debug/net6.0/BL.Tests.dll" adapterTypeName="executor://xunit/VsTestRunner2/netcoreapp" className="BL.Tests.UsersServiceTests" name="TestAdminUpdateUser" />
    </UnitTest>
    <UnitTest name="BL.Tests.CheckPermissionsServiceTests.UnauthorizedHasNoAccessToAdminSkiPatrolFunctions(functionName: &quot;GetLiftsSlopesInfoAsync&quot;)" storage="/mnt/c/users/alena/desktop/7_sem/testing_and_debugging/skiresort/bl.tests/bin/debug/net6.0/bl.tests.dll" id="387c9729-48c1-486e-5e67-f5d11a9f0db8">
      <Execution id="666a8792-0f39-413f-a549-201f5ea30b01" />
      <TestMethod codeBase="/mnt/c/Users/alena/Desktop/7_sem/testing_and_debugging/SkiResort/BL.Tests/bin/Debug/net6.0/BL.Tests.dll" adapterTypeName="executor://xunit/VsTestRunner2/netcoreapp" className="BL.Tests.CheckPermissionsServiceTests" name="UnauthorizedHasNoAccessToAdminSkiPatrolFunctions" />
    </UnitTest>
    <UnitTest name="BL.Tests.CheckPermissionsServiceTests.AuthorizedHasAccessToAuthorizedFunctions(functionName: &quot;LogOutAsync&quot;)" storage="/mnt/c/users/alena/desktop/7_sem/testing_and_debugging/skiresort/bl.tests/bin/debug/net6.0/bl.tests.dll" id="aa28a6b3-21d3-aa45-24d3-bef2facbc899">
      <Execution id="2e43f170-8e48-4fac-8f7e-9bff31162faa" />
      <TestMethod codeBase="/mnt/c/Users/alena/Desktop/7_sem/testing_and_debugging/SkiResort/BL.Tests/bin/Debug/net6.0/BL.Tests.dll" adapterTypeName="executor://xunit/VsTestRunner2/netcoreapp" className="BL.Tests.CheckPermissionsServiceTests" name="AuthorizedHasAccessToAuthorizedFunctions" />
    </UnitTest>
    <UnitTest name="BL.Tests.CheckPermissionsServiceTests.SkiPatrolHasAccessToAdminSkiPatrolFunctions(functionName: &quot;MarkMessageReadByUserAsync&quot;)" storage="/mnt/c/users/alena/desktop/7_sem/testing_and_debugging/skiresort/bl.tests/bin/debug/net6.0/bl.tests.dll" id="60bd668f-04df-da5e-b79b-5d9aedb5234d">
      <Execution id="a17c32f4-7910-469f-83d0-7ab17e1030c9" />
      <TestMethod codeBase="/mnt/c/Users/alena/Desktop/7_sem/testing_and_debugging/SkiResort/BL.Tests/bin/Debug/net6.0/BL.Tests.dll" adapterTypeName="executor://xunit/VsTestRunner2/netcoreapp" className="BL.Tests.CheckPermissionsServiceTests" name="SkiPatrolHasAccessToAdminSkiPatrolFunctions" />
    </UnitTest>
    <UnitTest name="BL.Tests.UsersServiceTests.TestRegisterUserWithNoEmail" storage="/mnt/c/users/alena/desktop/7_sem/testing_and_debugging/skiresort/bl.tests/bin/debug/net6.0/bl.tests.dll" id="8184bd30-991c-b78d-b4ec-99a485eac0dd">
      <Execution id="537c00cd-6e1a-4375-881c-b5ce893ecfed" />
      <TestMethod codeBase="/mnt/c/Users/alena/Desktop/7_sem/testing_and_debugging/SkiResort/BL.Tests/bin/Debug/net6.0/BL.Tests.dll" adapterTypeName="executor://xunit/VsTestRunner2/netcoreapp" className="BL.Tests.UsersServiceTests" name="TestRegisterUserWithNoEmail" />
    </UnitTest>
    <UnitTest name="BL.Tests.LiftsServiceTest.TestUpdateLiftInfoAsync(userID: 193, lift: Lift { LiftID = 75, LiftName = liftName5b5e83c3-6ddb-44c6-bcf9-0848cc1f0f2b, IsOpen = True, SeatsAmount = 101, LiftingTime = 203, QueueTime = 164, ConnectedSlopes =  }, checkPermissionServiceMock: Mock&lt;ICheckPermissionService:3&gt;, liftsRepositoryStub: Mock&lt;ILiftsRepository:3&gt;, sut: LiftsService { })" storage="/mnt/c/users/alena/desktop/7_sem/testing_and_debugging/skiresort/bl.tests/bin/debug/net6.0/bl.tests.dll" id="1690ab55-d7ec-7dba-956a-eba2e0d52c1d">
      <Execution id="bd9b48f5-5b63-4816-9120-f5345e2126a5" />
      <TestMethod codeBase="/mnt/c/Users/alena/Desktop/7_sem/testing_and_debugging/SkiResort/BL.Tests/bin/Debug/net6.0/BL.Tests.dll" adapterTypeName="executor://xunit/VsTestRunner2/netcoreapp" className="BL.Tests.LiftsServiceTest" name="TestUpdateLiftInfoAsync" />
    </UnitTest>
    <UnitTest name="BL.Tests.CheckPermissionsServiceTests.AuthorizedHasNoAccessToAdminFunctions" storage="/mnt/c/users/alena/desktop/7_sem/testing_and_debugging/skiresort/bl.tests/bin/debug/net6.0/bl.tests.dll" id="a2e59116-cb53-1d70-9cb8-21c286516866">
      <Execution id="9e9ce635-fcc0-4878-8f15-2addad60498c" />
      <TestMethod codeBase="/mnt/c/Users/alena/Desktop/7_sem/testing_and_debugging/SkiResort/BL.Tests/bin/Debug/net6.0/BL.Tests.dll" adapterTypeName="executor://xunit/VsTestRunner2/netcoreapp" className="BL.Tests.CheckPermissionsServiceTests" name="AuthorizedHasNoAccessToAdminFunctions" />
    </UnitTest>
    <UnitTest name="BL.Tests.UsersServiceTests.TestRegisterOk" storage="/mnt/c/users/alena/desktop/7_sem/testing_and_debugging/skiresort/bl.tests/bin/debug/net6.0/bl.tests.dll" id="0eeef75f-6e38-7893-a8fe-cff3e0a970a7">
      <Execution id="de238778-5289-409e-8b2d-4a5bade4211b" />
      <TestMethod codeBase="/mnt/c/Users/alena/Desktop/7_sem/testing_and_debugging/SkiResort/BL.Tests/bin/Debug/net6.0/BL.Tests.dll" adapterTypeName="executor://xunit/VsTestRunner2/netcoreapp" className="BL.Tests.UsersServiceTests" name="TestRegisterOk" />
    </UnitTest>
    <UnitTest name="BL.Tests.TurnstilesServiceTest.TestAdminAddAutoIncrementTurnstileAsync(userID: 127, turnstile: Turnstile { TurnstileID = 56, LiftID = 44, IsOpen = True }, checkPermissionServiceMock: Mock&lt;ICheckPermissionService:16&gt;, turnstilesRepositoryStub: Mock&lt;ITurnstilesRepository:10&gt;, sut: TurnstilesService { })" storage="/mnt/c/users/alena/desktop/7_sem/testing_and_debugging/skiresort/bl.tests/bin/debug/net6.0/bl.tests.dll" id="130ee026-0b67-c193-5cc7-67acdb6bcc0f">
      <Execution id="f84e8d05-6fc9-45d5-9187-c3191e26240e" />
      <TestMethod codeBase="/mnt/c/Users/alena/Desktop/7_sem/testing_and_debugging/SkiResort/BL.Tests/bin/Debug/net6.0/BL.Tests.dll" adapterTypeName="executor://xunit/VsTestRunner2/netcoreapp" className="BL.Tests.TurnstilesServiceTest" name="TestAdminAddAutoIncrementTurnstileAsync" />
    </UnitTest>
    <UnitTest name="BL.Tests.SlopesServiceTest.TestGetSlopesInfoAsync(userID: 78, initialSlopes: [Slope { SlopeID = 52, SlopeName = slopeNamef9a6797a-1bb6-4934-8072-f49258ac63bc, IsOpen = True, DifficultyLevel = 18, ConnectedLifts =  }, Slope { SlopeID = 63, SlopeName = slopeNamea06e013a-8579-4d14-a178-0e457c0b3a43, IsOpen = False, DifficultyLevel = 182, ConnectedLifts =  }, Slope { SlopeID = 130, SlopeName = slopeName72cd5871-ba21-4e4c-a861-d380cf19e6cf, IsOp..." storage="/mnt/c/users/alena/desktop/7_sem/testing_and_debugging/skiresort/bl.tests/bin/debug/net6.0/bl.tests.dll" id="f097fea3-2cd2-e18d-8395-cbea25c2096a">
      <Execution id="5b969733-7b3d-4740-a75b-99a8213dd58c" />
      <TestMethod codeBase="/mnt/c/Users/alena/Desktop/7_sem/testing_and_debugging/SkiResort/BL.Tests/bin/Debug/net6.0/BL.Tests.dll" adapterTypeName="executor://xunit/VsTestRunner2/netcoreapp" className="BL.Tests.SlopesServiceTest" name="TestGetSlopesInfoAsync" />
    </UnitTest>
    <UnitTest name="BL.Tests.CheckPermissionsServiceTests.SkiPatrolHasNoAccessToAdminFunctions" storage="/mnt/c/users/alena/desktop/7_sem/testing_and_debugging/skiresort/bl.tests/bin/debug/net6.0/bl.tests.dll" id="492c0393-35b4-df26-a537-21ca08302f3c">
      <Execution id="ff5b50e2-51c4-4f11-9758-0e97e2dd8328" />
      <TestMethod codeBase="/mnt/c/Users/alena/Desktop/7_sem/testing_and_debugging/SkiResort/BL.Tests/bin/Debug/net6.0/BL.Tests.dll" adapterTypeName="executor://xunit/VsTestRunner2/netcoreapp" className="BL.Tests.CheckPermissionsServiceTests" name="SkiPatrolHasNoAccessToAdminFunctions" />
    </UnitTest>
    <UnitTest name="BL.Tests.SlopesServiceTest.TestAdminAddSlopeAsync(userID: 117, slope: Slope { SlopeID = 58, SlopeName = slopeNamecb6c95ed-d41d-4522-9162-78d1f607c8de, IsOpen = True, DifficultyLevel = 150, ConnectedLifts =  }, checkPermissionServiceMock: Mock&lt;ICheckPermissionService:11&gt;, slopesRepositoryStub: Mock&lt;ISlopesRepository:9&gt;, sut: SlopesService { })" storage="/mnt/c/users/alena/desktop/7_sem/testing_and_debugging/skiresort/bl.tests/bin/debug/net6.0/bl.tests.dll" id="8a64f9d5-b7b5-c466-e965-fb7de7fda950">
      <Execution id="bf09dcf8-cc40-432e-984d-a0e360709d47" />
      <TestMethod codeBase="/mnt/c/Users/alena/Desktop/7_sem/testing_and_debugging/SkiResort/BL.Tests/bin/Debug/net6.0/BL.Tests.dll" adapterTypeName="executor://xunit/VsTestRunner2/netcoreapp" className="BL.Tests.SlopesServiceTest" name="TestAdminAddSlopeAsync" />
    </UnitTest>
    <UnitTest name="BL.Tests.LiftsSlopesServiceTests.TestAdminDeleteLiftSlopeAsync(lift: Lift { LiftID = 151, LiftName = liftName3fe66f4c-086f-4659-bd29-77ab146bbb4e, IsOpen = True, SeatsAmount = 123, LiftingTime = 79, QueueTime = 137, ConnectedSlopes =  }, slope: Slope { SlopeID = 67, SlopeName = slopeName6f6a8790-45e9-402c-8c3f-b0764fa7aea8, IsOpen = False, DifficultyLevel = 119, ConnectedLifts =  }, slopesRepositoryStub: Mock&lt;ISlopesRepository:2&gt;, liftsRepo..." storage="/mnt/c/users/alena/desktop/7_sem/testing_and_debugging/skiresort/bl.tests/bin/debug/net6.0/bl.tests.dll" id="a29015a7-2341-b2cb-b586-2c20d1118cb3">
      <Execution id="2f5229d5-bec2-4add-9807-c80db75c1b2a" />
      <TestMethod codeBase="/mnt/c/Users/alena/Desktop/7_sem/testing_and_debugging/SkiResort/BL.Tests/bin/Debug/net6.0/BL.Tests.dll" adapterTypeName="executor://xunit/VsTestRunner2/netcoreapp" className="BL.Tests.LiftsSlopesServiceTests" name="TestAdminDeleteLiftSlopeAsync" />
    </UnitTest>
    <UnitTest name="BL.Tests.CheckPermissionsServiceTests.AuthorizedHasNoAccessToAdminSkiPatrolFunctions(functionName: &quot;MarkMessageReadByUserAsync&quot;)" storage="/mnt/c/users/alena/desktop/7_sem/testing_and_debugging/skiresort/bl.tests/bin/debug/net6.0/bl.tests.dll" id="9c7df5e2-1b23-ebea-889f-b78ca86b60ab">
      <Execution id="7fc84eac-d2a2-4cc1-aca1-9fa81c085841" />
      <TestMethod codeBase="/mnt/c/Users/alena/Desktop/7_sem/testing_and_debugging/SkiResort/BL.Tests/bin/Debug/net6.0/BL.Tests.dll" adapterTypeName="executor://xunit/VsTestRunner2/netcoreapp" className="BL.Tests.CheckPermissionsServiceTests" name="AuthorizedHasNoAccessToAdminSkiPatrolFunctions" />
    </UnitTest>
    <UnitTest name="BL.Tests.CheckPermissionsServiceTests.AuthorizedHasAccessToAuthorizedFunctions(functionName: &quot;SendMessageAsync&quot;)" storage="/mnt/c/users/alena/desktop/7_sem/testing_and_debugging/skiresort/bl.tests/bin/debug/net6.0/bl.tests.dll" id="644ec43e-70cd-c82d-42e7-0d990be1414d">
      <Execution id="67e83d8d-d074-42fd-9a8f-2e65600c40ef" />
      <TestMethod codeBase="/mnt/c/Users/alena/Desktop/7_sem/testing_and_debugging/SkiResort/BL.Tests/bin/Debug/net6.0/BL.Tests.dll" adapterTypeName="executor://xunit/VsTestRunner2/netcoreapp" className="BL.Tests.CheckPermissionsServiceTests" name="AuthorizedHasAccessToAuthorizedFunctions" />
    </UnitTest>
  </TestDefinitions>
  <TestEntries>
    <TestEntry testId="8184bd30-991c-b78d-b4ec-99a485eac0dd" executionId="537c00cd-6e1a-4375-881c-b5ce893ecfed" testListId="8c84fa94-04c1-424b-9868-57a2d4851a1d" />
    <TestEntry testId="eaabd2fc-2f4b-5689-59c8-c7ad34a8f634" executionId="2ecf0c94-7de2-4f8c-8ad0-5870a0b97bf2" testListId="8c84fa94-04c1-424b-9868-57a2d4851a1d" />
    <TestEntry testId="d601d729-08b0-5bcc-504c-2ef57a78547b" executionId="d268beef-ee8e-43e3-8197-763bf0555cf7" testListId="8c84fa94-04c1-424b-9868-57a2d4851a1d" />
    <TestEntry testId="834c739b-eca4-b36d-6a66-5a1bd75377b8" executionId="5072fb05-10db-4957-882d-bbdc4760f184" testListId="8c84fa94-04c1-424b-9868-57a2d4851a1d" />
    <TestEntry testId="1cf22a38-b3fd-f377-2cd4-dbbbb72256e1" executionId="7f983693-9f04-424e-b986-0490679f073b" testListId="8c84fa94-04c1-424b-9868-57a2d4851a1d" />
    <TestEntry testId="8a64f9d5-b7b5-c466-e965-fb7de7fda950" executionId="bf09dcf8-cc40-432e-984d-a0e360709d47" testListId="8c84fa94-04c1-424b-9868-57a2d4851a1d" />
    <TestEntry testId="aa28a6b3-21d3-aa45-24d3-bef2facbc899" executionId="2e43f170-8e48-4fac-8f7e-9bff31162faa" testListId="8c84fa94-04c1-424b-9868-57a2d4851a1d" />
    <TestEntry testId="18fa8c62-e27d-e1fc-8182-4d7db62b008d" executionId="7ee8f276-16fa-47b6-b150-ad5608201489" testListId="8c84fa94-04c1-424b-9868-57a2d4851a1d" />
    <TestEntry testId="3dd0947f-7d43-f0df-3c94-cff777a961e0" executionId="b80486a1-4edf-40bd-9dd3-480c249899e7" testListId="8c84fa94-04c1-424b-9868-57a2d4851a1d" />
    <TestEntry testId="06d0bc3a-24a0-fb7f-4277-e9ae6d21c7dd" executionId="ddaf2a14-26ee-4134-b911-87f58e730be8" testListId="8c84fa94-04c1-424b-9868-57a2d4851a1d" />
    <TestEntry testId="c36970dc-93f7-753e-fa47-157133b01644" executionId="da6d6dd6-39b4-41ae-b0be-9707635bbd01" testListId="8c84fa94-04c1-424b-9868-57a2d4851a1d" />
    <TestEntry testId="fa960c5e-f989-2880-784e-8efe538c5231" executionId="6233309a-5c18-4830-a552-a635c5ad0f84" testListId="8c84fa94-04c1-424b-9868-57a2d4851a1d" />
    <TestEntry testId="0eeef75f-6e38-7893-a8fe-cff3e0a970a7" executionId="de238778-5289-409e-8b2d-4a5bade4211b" testListId="8c84fa94-04c1-424b-9868-57a2d4851a1d" />
    <TestEntry testId="9c7df5e2-1b23-ebea-889f-b78ca86b60ab" executionId="7fc84eac-d2a2-4cc1-aca1-9fa81c085841" testListId="8c84fa94-04c1-424b-9868-57a2d4851a1d" />
    <TestEntry testId="f44a1b21-8efc-bfac-63b4-d534442def31" executionId="5e09d209-e694-4bc9-9565-323f0862114e" testListId="8c84fa94-04c1-424b-9868-57a2d4851a1d" />
    <TestEntry testId="852d377f-8e9a-9f8e-7e3f-e090cbdcac2c" executionId="1d78e565-1d67-41ac-926b-c007a18ced5c" testListId="8c84fa94-04c1-424b-9868-57a2d4851a1d" />
    <TestEntry testId="938a3700-ed40-6bf2-a5d2-205824a82984" executionId="b1aa849f-444d-4b7a-93bf-025020316af5" testListId="8c84fa94-04c1-424b-9868-57a2d4851a1d" />
    <TestEntry testId="80c1b203-5f45-56dc-4fde-d3fd1690ef3c" executionId="3f583cdc-31a2-44bc-b67a-cdda9686c1ad" testListId="8c84fa94-04c1-424b-9868-57a2d4851a1d" />
    <TestEntry testId="94b34e1b-3328-6b5c-40ef-1e11bedbf99c" executionId="f9b34d11-d91c-4fe4-9c31-81c33869fba4" testListId="8c84fa94-04c1-424b-9868-57a2d4851a1d" />
    <TestEntry testId="1690ab55-d7ec-7dba-956a-eba2e0d52c1d" executionId="bd9b48f5-5b63-4816-9120-f5345e2126a5" testListId="8c84fa94-04c1-424b-9868-57a2d4851a1d" />
    <TestEntry testId="1ca07ad8-f799-c5d4-e7cc-34fd950198a2" executionId="52834d73-0492-4588-9b32-a4449cf5ea34" testListId="8c84fa94-04c1-424b-9868-57a2d4851a1d" />
    <TestEntry testId="01ddb969-a2cf-17c3-2a4a-64bcb9f6f4c0" executionId="ab23f9ca-817b-4db6-8da9-02b5a9125f0f" testListId="8c84fa94-04c1-424b-9868-57a2d4851a1d" />
    <TestEntry testId="20ad8570-0170-85de-dcd7-2f109dd7bcd6" executionId="9d8fae3e-30b9-4a66-a2ac-f186b91c8da1" testListId="8c84fa94-04c1-424b-9868-57a2d4851a1d" />
    <TestEntry testId="894941c1-bfa7-d8f9-c047-1e1ceefe2c2f" executionId="6bcf250e-def9-47ee-8854-c87ce68ca9ce" testListId="8c84fa94-04c1-424b-9868-57a2d4851a1d" />
    <TestEntry testId="229812f5-9a73-5335-11f5-31330d1348a5" executionId="160760d5-8023-482a-a598-f6816d2b6a4f" testListId="8c84fa94-04c1-424b-9868-57a2d4851a1d" />
    <TestEntry testId="e2d7e5be-3dae-33ae-fb17-c704b6fd58d6" executionId="c87ebe0d-08a7-493a-ae58-8989e4536e0e" testListId="8c84fa94-04c1-424b-9868-57a2d4851a1d" />
    <TestEntry testId="2d706594-f2b3-b3c8-21d4-86c9798c3306" executionId="6f3c9339-26fb-4eb0-9435-4570f5ca97da" testListId="8c84fa94-04c1-424b-9868-57a2d4851a1d" />
    <TestEntry testId="1bbd7ea1-4ed8-7f14-9c51-50fac6f5ebd2" executionId="b1950b54-e6ac-414f-943e-9e5387454d49" testListId="8c84fa94-04c1-424b-9868-57a2d4851a1d" />
    <TestEntry testId="2176b6bf-1d65-ee6a-f47a-1c9d2584f565" executionId="230acff3-c6df-444d-8da5-84f0225ebc2a" testListId="8c84fa94-04c1-424b-9868-57a2d4851a1d" />
    <TestEntry testId="f3efc418-a8a6-c7b7-9bac-90b33aa8472f" executionId="b0a08e5b-91c3-41f6-a2da-3913226d326d" testListId="8c84fa94-04c1-424b-9868-57a2d4851a1d" />
    <TestEntry testId="69340bb6-3645-f9dd-971e-29d8b2a009bb" executionId="e4ab1ba9-c9e5-4de3-a104-c980e57b832f" testListId="8c84fa94-04c1-424b-9868-57a2d4851a1d" />
    <TestEntry testId="e5497347-2721-b7a6-0bd4-69a9921f6947" executionId="7c911b1e-d6e9-4399-9e0d-94f42b4695c2" testListId="8c84fa94-04c1-424b-9868-57a2d4851a1d" />
    <TestEntry testId="2602613f-c8e2-a6d9-fcf7-5b27d4a770a6" executionId="d6798be7-6d44-4ec4-ab5e-2a3f06175905" testListId="8c84fa94-04c1-424b-9868-57a2d4851a1d" />
    <TestEntry testId="a29015a7-2341-b2cb-b586-2c20d1118cb3" executionId="2f5229d5-bec2-4add-9807-c80db75c1b2a" testListId="8c84fa94-04c1-424b-9868-57a2d4851a1d" />
    <TestEntry testId="492c0393-35b4-df26-a537-21ca08302f3c" executionId="ff5b50e2-51c4-4f11-9758-0e97e2dd8328" testListId="8c84fa94-04c1-424b-9868-57a2d4851a1d" />
    <TestEntry testId="644ec43e-70cd-c82d-42e7-0d990be1414d" executionId="67e83d8d-d074-42fd-9a8f-2e65600c40ef" testListId="8c84fa94-04c1-424b-9868-57a2d4851a1d" />
    <TestEntry testId="4f297306-d4f3-8d63-e7f4-1ac0b8c58c74" executionId="ed799ae2-6a5e-4447-a392-994fc6d61e34" testListId="8c84fa94-04c1-424b-9868-57a2d4851a1d" />
    <TestEntry testId="43642355-4a7d-174b-cd2f-3f0da30b3732" executionId="465049bd-1985-4a75-9063-8d368f642f92" testListId="8c84fa94-04c1-424b-9868-57a2d4851a1d" />
    <TestEntry testId="60bd668f-04df-da5e-b79b-5d9aedb5234d" executionId="a17c32f4-7910-469f-83d0-7ab17e1030c9" testListId="8c84fa94-04c1-424b-9868-57a2d4851a1d" />
    <TestEntry testId="387c9729-48c1-486e-5e67-f5d11a9f0db8" executionId="666a8792-0f39-413f-a549-201f5ea30b01" testListId="8c84fa94-04c1-424b-9868-57a2d4851a1d" />
    <TestEntry testId="75cd70da-4c1b-5543-1aeb-6855b184b8a5" executionId="147d3369-a3ce-47a1-8741-6ffbe0d52148" testListId="8c84fa94-04c1-424b-9868-57a2d4851a1d" />
    <TestEntry testId="a2e59116-cb53-1d70-9cb8-21c286516866" executionId="9e9ce635-fcc0-4878-8f15-2addad60498c" testListId="8c84fa94-04c1-424b-9868-57a2d4851a1d" />
    <TestEntry testId="bdbedf87-9a48-098f-f35a-95a4e14f7955" executionId="aaa38cbf-32b5-435a-9cda-9d31165301cb" testListId="8c84fa94-04c1-424b-9868-57a2d4851a1d" />
    <TestEntry testId="a19a5fcf-c5d2-7d44-5d7d-84403042f4e0" executionId="5dd0fcf3-7634-4368-99b0-2b5e14418135" testListId="8c84fa94-04c1-424b-9868-57a2d4851a1d" />
    <TestEntry testId="130ee026-0b67-c193-5cc7-67acdb6bcc0f" executionId="f84e8d05-6fc9-45d5-9187-c3191e26240e" testListId="8c84fa94-04c1-424b-9868-57a2d4851a1d" />
    <TestEntry testId="e429852d-a6ed-7c2a-25fd-cd839b159d56" executionId="06bf467e-7fd4-4fdd-82c7-ac0b2ffb723d" testListId="8c84fa94-04c1-424b-9868-57a2d4851a1d" />
    <TestEntry testId="f097fea3-2cd2-e18d-8395-cbea25c2096a" executionId="5b969733-7b3d-4740-a75b-99a8213dd58c" testListId="8c84fa94-04c1-424b-9868-57a2d4851a1d" />
  </TestEntries>
  <TestLists>
    <TestList name="Results Not in a List" id="8c84fa94-04c1-424b-9868-57a2d4851a1d" />
    <TestList name="All Loaded Results" id="19431567-8539-422a-85d7-44ee4e166bda" />
  </TestLists>
  <ResultSummary outcome="Completed">
    <Counters total="47" executed="47" passed="47" failed="0" error="0" timeout="0" aborted="0" inconclusive="0" passedButRunAborted="0" notRunnable="0" notExecuted="0" disconnected="0" warning="0" completed="0" inProgress="0" pending="0" />
    <Output>
      <StdOut>[xUnit.net 00:00:00.00] xUnit.net VSTest Adapter v2.4.5+1caef2f33e (64-bit .NET 6.0.10)
[xUnit.net 00:00:00.83]   Discovering: BL.Tests
[xUnit.net 00:00:01.06]   Discovered:  BL.Tests
[xUnit.net 00:00:01.06]   Starting:    BL.Tests
[xUnit.net 00:00:01.58]   Finished:    BL.Tests
</StdOut>
    </Output>
  </ResultSummary>
</TestRun>