<?xml version="1.0" encoding="utf-8"?>
<TestRun id="c021dc66-d900-441d-b5d4-eb1db48da76c" name="@DESKTOP-TJ9D65N 2022-11-03 14:04:40" xmlns="http://microsoft.com/schemas/VisualStudio/TeamTest/2010">
  <Times creation="2022-11-03T14:04:40.4017696+03:00" queuing="2022-11-03T14:04:40.4017698+03:00" start="2022-11-03T14:04:38.3042576+03:00" finish="2022-11-03T14:04:40.6120804+03:00" />
  <TestSettings name="default" id="5a0c4b67-d904-41c8-934b-c6c884f2669b">
    <Deployment runDeploymentRoot="_DESKTOP-TJ9D65N_2022-11-03_14_04_40" />
  </TestSettings>
  <Results>
    <UnitTestResult executionId="b8457c09-f368-428c-b00d-31c0cadfd491" testId="67a45259-d15a-3b37-414e-939766ccfedf" testName="BL.Tests.SlopesServiceTest.TestAdminDeleteSlopeAsync(userID: 131, slope: Slope { SlopeID = 155, SlopeName = slopeName33a8b623-20dd-49b1-a74c-967be9235b7d, IsOpen = True, DifficultyLevel = 103, ConnectedLifts =  }, checkPermissionServiceMock: Mock&lt;ICheckPermissionService:9&gt;, slopesRepositoryStub: Mock&lt;ISlopesRepository:7&gt;, liftsSlopesRepositoryStub: Mock&lt;ILiftsSlopesRepository:12&gt;, sut: SlopesService { })" computerName="DESKTOP-TJ9D65N" duration="00:00:00.0422081" startTime="2022-11-03T14:04:40.1987706+03:00" endTime="2022-11-03T14:04:40.1987706+03:00" testType="13cdc9d9-ddb5-4fa4-a97d-d965ccfc6d4b" outcome="Passed" testListId="8c84fa94-04c1-424b-9868-57a2d4851a1d" relativeResultsDirectory="b8457c09-f368-428c-b00d-31c0cadfd491" />
    <UnitTestResult executionId="26e11911-b190-4c33-abcf-902358f9ca05" testId="a61d7bba-74ce-19b0-b6c0-61a4b340ee70" testName="BL.Tests.LiftsServiceTest.TestGetLiftInfoAsync(userID: 170, lift: Lift { LiftID = 80, LiftName = liftName45992b15-4ac7-4c8d-aab9-b54962d7e33b, IsOpen = True, SeatsAmount = 165, LiftingTime = 22, QueueTime = 202, ConnectedSlopes =  }, checkPermissionServiceMock: Mock&lt;ICheckPermissionService:1&gt;, liftsRepositoryStub: Mock&lt;ILiftsRepository:1&gt;, liftsSlopesRepositoryStub: Mock&lt;ILiftsSlopesRepository:1&gt;, sut: LiftsService { })" computerName="DESKTOP-TJ9D65N" duration="00:00:00.0067403" startTime="2022-11-03T14:04:40.3287594+03:00" endTime="2022-11-03T14:04:40.3287594+03:00" testType="13cdc9d9-ddb5-4fa4-a97d-d965ccfc6d4b" outcome="Passed" testListId="8c84fa94-04c1-424b-9868-57a2d4851a1d" relativeResultsDirectory="26e11911-b190-4c33-abcf-902358f9ca05" />
    <UnitTestResult executionId="b23995b7-8ed8-4475-8c10-fae7d7dacb93" testId="492c0393-35b4-df26-a537-21ca08302f3c" testName="BL.Tests.CheckPermissionsServiceTests.SkiPatrolHasNoAccessToAdminFunctions" computerName="DESKTOP-TJ9D65N" duration="00:00:00.0021100" startTime="2022-11-03T14:04:40.5211320+03:00" endTime="2022-11-03T14:04:40.5211321+03:00" testType="13cdc9d9-ddb5-4fa4-a97d-d965ccfc6d4b" outcome="Passed" testListId="8c84fa94-04c1-424b-9868-57a2d4851a1d" relativeResultsDirectory="b23995b7-8ed8-4475-8c10-fae7d7dacb93" />
    <UnitTestResult executionId="af49662a-5c62-4549-a555-9cfe3254b655" testId="dc4b6d72-1572-a428-d4b8-3b7d9324df3c" testName="BL.Tests.SlopesServiceTest.TestGetSlopesInfoAsync(userID: 49, initialSlopes: [Slope { SlopeID = 253, SlopeName = slopeName6c53b5fb-f8ab-433c-8b5a-7d972da2ccfe, IsOpen = True, DifficultyLevel = 198, ConnectedLifts =  }, Slope { SlopeID = 90, SlopeName = slopeNameeed6a445-c7a2-4350-8402-e7806ba34fc5, IsOpen = False, DifficultyLevel = 130, ConnectedLifts =  }, Slope { SlopeID = 176, SlopeName = slopeName642919f0-52c7-4755-8966-88557f96bcef, IsOpen = True, DifficultyLevel = 132, ConnectedLifts =  }], checkPermissionServiceMock: Mock&lt;ICheckPermissionService:7&gt;, slopesRepositoryStub: Mock&lt;ISlopesRepository:5&gt;, liftsSlopesRepositoryStub: Mock&lt;ILiftsSlopesRepository:10&gt;, sut: SlopesService { })" computerName="DESKTOP-TJ9D65N" duration="00:00:00.0117802" startTime="2022-11-03T14:04:40.3279211+03:00" endTime="2022-11-03T14:04:40.3279212+03:00" testType="13cdc9d9-ddb5-4fa4-a97d-d965ccfc6d4b" outcome="Passed" testListId="8c84fa94-04c1-424b-9868-57a2d4851a1d" relativeResultsDirectory="af49662a-5c62-4549-a555-9cfe3254b655" />
    <UnitTestResult executionId="2788daf0-f6e0-4d02-8a96-14c052dd89c3" testId="c36970dc-93f7-753e-fa47-157133b01644" testName="BL.Tests.CheckPermissionsServiceTests.SkiPatrolHasAccessToAdminSkiPatrolFunctions(functionName: &quot;GetMessagesAsync&quot;)" computerName="DESKTOP-TJ9D65N" duration="00:00:00.0014022" startTime="2022-11-03T14:04:40.4205357+03:00" endTime="2022-11-03T14:04:40.4205358+03:00" testType="13cdc9d9-ddb5-4fa4-a97d-d965ccfc6d4b" outcome="Passed" testListId="8c84fa94-04c1-424b-9868-57a2d4851a1d" relativeResultsDirectory="2788daf0-f6e0-4d02-8a96-14c052dd89c3" />
    <UnitTestResult executionId="43d9ecee-a5c7-4b91-b6ab-e587b0b15916" testId="9d20547a-9ed9-227c-cf07-e2e73dda9662" testName="BL.Tests.SlopesServiceTest.TestUpdateSlopeInfoAsync(userID: 7, slope: Slope { SlopeID = 191, SlopeName = slopeName1f85ebd8-5cb8-4513-a25d-9adad55fd0d6, IsOpen = True, DifficultyLevel = 56, ConnectedLifts =  }, checkPermissionServiceMock: Mock&lt;ICheckPermissionService:8&gt;, slopesRepositoryStub: Mock&lt;ISlopesRepository:6&gt;, sut: SlopesService { })" computerName="DESKTOP-TJ9D65N" duration="00:00:00.0070496" startTime="2022-11-03T14:04:40.3162418+03:00" endTime="2022-11-03T14:04:40.3162418+03:00" testType="13cdc9d9-ddb5-4fa4-a97d-d965ccfc6d4b" outcome="Passed" testListId="8c84fa94-04c1-424b-9868-57a2d4851a1d" relativeResultsDirectory="43d9ecee-a5c7-4b91-b6ab-e587b0b15916" />
    <UnitTestResult executionId="1ccaf7b6-965d-4665-8083-cffef20c8236" testId="1a47511c-cf9e-d6ed-2d9e-0855380c2e9d" testName="BL.Tests.LiftsServiceTest.TestUpdateLiftInfoAsync(userID: 200, lift: Lift { LiftID = 223, LiftName = liftNamed65626e9-fb43-45b8-9c9b-c2aff2a54921, IsOpen = True, SeatsAmount = 65, LiftingTime = 235, QueueTime = 251, ConnectedSlopes =  }, checkPermissionServiceMock: Mock&lt;ICheckPermissionService:3&gt;, liftsRepositoryStub: Mock&lt;ILiftsRepository:3&gt;, sut: LiftsService { })" computerName="DESKTOP-TJ9D65N" duration="00:00:00.0076010" startTime="2022-11-03T14:04:40.3276023+03:00" endTime="2022-11-03T14:04:40.3276024+03:00" testType="13cdc9d9-ddb5-4fa4-a97d-d965ccfc6d4b" outcome="Passed" testListId="8c84fa94-04c1-424b-9868-57a2d4851a1d" relativeResultsDirectory="1ccaf7b6-965d-4665-8083-cffef20c8236" />
    <UnitTestResult executionId="488e7f46-3524-41f6-9e52-63b60f7be7d6" testId="aa28a6b3-21d3-aa45-24d3-bef2facbc899" testName="BL.Tests.CheckPermissionsServiceTests.AuthorizedHasAccessToAuthorizedFunctions(functionName: &quot;LogOutAsync&quot;)" computerName="DESKTOP-TJ9D65N" duration="00:00:00.0015080" startTime="2022-11-03T14:04:40.4994284+03:00" endTime="2022-11-03T14:04:40.4994286+03:00" testType="13cdc9d9-ddb5-4fa4-a97d-d965ccfc6d4b" outcome="Passed" testListId="8c84fa94-04c1-424b-9868-57a2d4851a1d" relativeResultsDirectory="488e7f46-3524-41f6-9e52-63b60f7be7d6" />
    <UnitTestResult executionId="b8f2b222-9168-4475-bf0c-c7a2e85d6685" testId="2d706594-f2b3-b3c8-21d4-86c9798c3306" testName="BL.Tests.CheckPermissionsServiceTests.SkiPatrolHasAccessToAdminSkiPatrolFunctions(functionName: &quot;GetLiftsSlopesInfoAsync&quot;)" computerName="DESKTOP-TJ9D65N" duration="00:00:00.0053290" startTime="2022-11-03T14:04:40.3494260+03:00" endTime="2022-11-03T14:04:40.3494261+03:00" testType="13cdc9d9-ddb5-4fa4-a97d-d965ccfc6d4b" outcome="Passed" testListId="8c84fa94-04c1-424b-9868-57a2d4851a1d" relativeResultsDirectory="b8f2b222-9168-4475-bf0c-c7a2e85d6685" />
    <UnitTestResult executionId="82e1e874-ec09-4f3c-8426-48bed43bb1d6" testId="fa960c5e-f989-2880-784e-8efe538c5231" testName="BL.Tests.CheckPermissionsServiceTests.UnauthorizedHasNoAccessToAuthorizedFunctions(functionName: &quot;LogOutAsync&quot;)" computerName="DESKTOP-TJ9D65N" duration="00:00:00.0022355" startTime="2022-11-03T14:04:40.3287224+03:00" endTime="2022-11-03T14:04:40.3287225+03:00" testType="13cdc9d9-ddb5-4fa4-a97d-d965ccfc6d4b" outcome="Passed" testListId="8c84fa94-04c1-424b-9868-57a2d4851a1d" relativeResultsDirectory="82e1e874-ec09-4f3c-8426-48bed43bb1d6" />
    <UnitTestResult executionId="6bd3be35-e53a-42b0-8eae-8c7b6173c09e" testId="a19a5fcf-c5d2-7d44-5d7d-84403042f4e0" testName="BL.Tests.CheckPermissionsServiceTests.UnauthorizedHasNoAccessToAdminSkiPatrolFunctions(functionName: &quot;MarkMessageReadByUserAsync&quot;)" computerName="DESKTOP-TJ9D65N" duration="00:00:00.0422538" startTime="2022-11-03T14:04:40.1939169+03:00" endTime="2022-11-03T14:04:40.1939804+03:00" testType="13cdc9d9-ddb5-4fa4-a97d-d965ccfc6d4b" outcome="Passed" testListId="8c84fa94-04c1-424b-9868-57a2d4851a1d" relativeResultsDirectory="6bd3be35-e53a-42b0-8eae-8c7b6173c09e" />
    <UnitTestResult executionId="38181d50-4084-4a70-8afd-8d2f1efe7ee2" testId="31b70533-c599-8813-53e8-bf1e5b4aa7d0" testName="BL.Tests.SlopesServiceTest.TestAdminAddAutoIncrementSlopeAsync(userID: 224, slope: Slope { SlopeID = 53, SlopeName = slopeName06f3cacb-aaa6-490b-846c-661e9e69107c, IsOpen = True, DifficultyLevel = 115, ConnectedLifts =  }, checkPermissionServiceMock: Mock&lt;ICheckPermissionService:10&gt;, slopesRepositoryStub: Mock&lt;ISlopesRepository:8&gt;, sut: SlopesService { })" computerName="DESKTOP-TJ9D65N" duration="00:00:00.0097141" startTime="2022-11-03T14:04:40.3493591+03:00" endTime="2022-11-03T14:04:40.3493592+03:00" testType="13cdc9d9-ddb5-4fa4-a97d-d965ccfc6d4b" outcome="Passed" testListId="8c84fa94-04c1-424b-9868-57a2d4851a1d" relativeResultsDirectory="38181d50-4084-4a70-8afd-8d2f1efe7ee2" />
    <UnitTestResult executionId="e88ece4b-fb39-41e4-b3e3-8a2b0ce19079" testId="4f297306-d4f3-8d63-e7f4-1ac0b8c58c74" testName="BL.Tests.CheckPermissionsServiceTests.AuthorizedHasNoAccessToAdminSkiPatrolFunctions(functionName: &quot;GetLiftsSlopesInfoAsync&quot;)" computerName="DESKTOP-TJ9D65N" duration="00:00:00.0011585" startTime="2022-11-03T14:04:40.4752231+03:00" endTime="2022-11-03T14:04:40.4752232+03:00" testType="13cdc9d9-ddb5-4fa4-a97d-d965ccfc6d4b" outcome="Passed" testListId="8c84fa94-04c1-424b-9868-57a2d4851a1d" relativeResultsDirectory="e88ece4b-fb39-41e4-b3e3-8a2b0ce19079" />
    <UnitTestResult executionId="5042ad73-a0d3-4c0a-9698-c01bbae0d0e8" testId="eaabd2fc-2f4b-5689-59c8-c7ad34a8f634" testName="BL.Tests.CheckPermissionsServiceTests.UnauthorizedHasNoAccessToAuthorizedFunctions(functionName: &quot;SendMessageAsync&quot;)" computerName="DESKTOP-TJ9D65N" duration="00:00:00.0033806" startTime="2022-11-03T14:04:40.3275736+03:00" endTime="2022-11-03T14:04:40.3275737+03:00" testType="13cdc9d9-ddb5-4fa4-a97d-d965ccfc6d4b" outcome="Passed" testListId="8c84fa94-04c1-424b-9868-57a2d4851a1d" relativeResultsDirectory="5042ad73-a0d3-4c0a-9698-c01bbae0d0e8" />
    <UnitTestResult executionId="b35a0a31-a9fd-4959-b367-a40a40382ed5" testId="06d0bc3a-24a0-fb7f-4277-e9ae6d21c7dd" testName="BL.Tests.UsersServiceTests.TestAdminUpdateUser" computerName="DESKTOP-TJ9D65N" duration="00:00:00.0075145" startTime="2022-11-03T14:04:40.3400956+03:00" endTime="2022-11-03T14:04:40.3400958+03:00" testType="13cdc9d9-ddb5-4fa4-a97d-d965ccfc6d4b" outcome="Passed" testListId="8c84fa94-04c1-424b-9868-57a2d4851a1d" relativeResultsDirectory="b35a0a31-a9fd-4959-b367-a40a40382ed5" />
    <UnitTestResult executionId="51d39d34-c61a-4446-9425-31b1e830edf0" testId="60bd668f-04df-da5e-b79b-5d9aedb5234d" testName="BL.Tests.CheckPermissionsServiceTests.SkiPatrolHasAccessToAdminSkiPatrolFunctions(functionName: &quot;MarkMessageReadByUserAsync&quot;)" computerName="DESKTOP-TJ9D65N" duration="00:00:00.0016174" startTime="2022-11-03T14:04:40.4051165+03:00" endTime="2022-11-03T14:04:40.4051167+03:00" testType="13cdc9d9-ddb5-4fa4-a97d-d965ccfc6d4b" outcome="Passed" testListId="8c84fa94-04c1-424b-9868-57a2d4851a1d" relativeResultsDirectory="51d39d34-c61a-4446-9425-31b1e830edf0" />
    <UnitTestResult executionId="f07dee40-b13e-42a9-901d-efc1eee87a90" testId="0eeef75f-6e38-7893-a8fe-cff3e0a970a7" testName="BL.Tests.UsersServiceTests.TestRegisterOk" computerName="DESKTOP-TJ9D65N" duration="00:00:00.0117376" startTime="2022-11-03T14:04:40.3974668+03:00" endTime="2022-11-03T14:04:40.3974669+03:00" testType="13cdc9d9-ddb5-4fa4-a97d-d965ccfc6d4b" outcome="Passed" testListId="8c84fa94-04c1-424b-9868-57a2d4851a1d" relativeResultsDirectory="f07dee40-b13e-42a9-901d-efc1eee87a90" />
    <UnitTestResult executionId="3c245ae3-e725-4e5d-954a-0b55ff4e59dc" testId="1ca07ad8-f799-c5d4-e7cc-34fd950198a2" testName="BL.Tests.UsersServiceTests.TestLogInOk" computerName="DESKTOP-TJ9D65N" duration="00:00:00.0040142" startTime="2022-11-03T14:04:40.4214329+03:00" endTime="2022-11-03T14:04:40.4214331+03:00" testType="13cdc9d9-ddb5-4fa4-a97d-d965ccfc6d4b" outcome="Passed" testListId="8c84fa94-04c1-424b-9868-57a2d4851a1d" relativeResultsDirectory="3c245ae3-e725-4e5d-954a-0b55ff4e59dc" />
    <UnitTestResult executionId="b2c056a8-245e-4575-9e1f-0d24d1617c76" testId="2669af72-d471-1054-db18-90f748058499" testName="BL.Tests.SlopesServiceTest.TestAdminAddSlopeAsync(userID: 147, slope: Slope { SlopeID = 23, SlopeName = slopeName9216404e-87b4-43b1-aa64-30fdd1c271be, IsOpen = True, DifficultyLevel = 41, ConnectedLifts =  }, checkPermissionServiceMock: Mock&lt;ICheckPermissionService:11&gt;, slopesRepositoryStub: Mock&lt;ISlopesRepository:9&gt;, sut: SlopesService { })" computerName="DESKTOP-TJ9D65N" duration="00:00:00.0065565" startTime="2022-11-03T14:04:40.4005812+03:00" endTime="2022-11-03T14:04:40.4005813+03:00" testType="13cdc9d9-ddb5-4fa4-a97d-d965ccfc6d4b" outcome="Passed" testListId="8c84fa94-04c1-424b-9868-57a2d4851a1d" relativeResultsDirectory="b2c056a8-245e-4575-9e1f-0d24d1617c76" />
    <UnitTestResult executionId="c6a0be05-bf98-430a-a02b-c8cfd2afd5c9" testId="e8ce64ac-2943-f062-4094-9741e11331c0" testName="BL.Tests.TurnstilesServiceTest.TestAdminUpdateTurnstileAsync(userID: 58, turnstile: Turnstile { TurnstileID = 249, LiftID = 36, IsOpen = True }, checkPermissionServiceMock: Mock&lt;ICheckPermissionService:14&gt;, turnstilesRepositoryStub: Mock&lt;ITurnstilesRepository:8&gt;, sut: TurnstilesService { })" computerName="DESKTOP-TJ9D65N" duration="00:00:00.0129630" startTime="2022-11-03T14:04:40.3277161+03:00" endTime="2022-11-03T14:04:40.3277162+03:00" testType="13cdc9d9-ddb5-4fa4-a97d-d965ccfc6d4b" outcome="Passed" testListId="8c84fa94-04c1-424b-9868-57a2d4851a1d" relativeResultsDirectory="c6a0be05-bf98-430a-a02b-c8cfd2afd5c9" />
    <UnitTestResult executionId="f7f2f86e-84d3-4c9c-a513-05e89c5c19c9" testId="e5497347-2721-b7a6-0bd4-69a9921f6947" testName="BL.Tests.UsersServiceTests.TestAdminGetUserByIDAsync" computerName="DESKTOP-TJ9D65N" duration="00:00:00.0044692" startTime="2022-11-03T14:04:40.4763541+03:00" endTime="2022-11-03T14:04:40.4763542+03:00" testType="13cdc9d9-ddb5-4fa4-a97d-d965ccfc6d4b" outcome="Passed" testListId="8c84fa94-04c1-424b-9868-57a2d4851a1d" relativeResultsDirectory="f7f2f86e-84d3-4c9c-a513-05e89c5c19c9" />
    <UnitTestResult executionId="960f8a04-7618-465d-94af-3cb7e89a1e24" testId="f5d22f79-d531-8fc0-1931-07f65a8bc37c" testName="BL.Tests.LiftsServiceTest.TestAdminDeleteLiftAsync(userID: 252, lift: Lift { LiftID = 16, LiftName = liftName3a2e7902-2389-43c8-ae77-10e6755c023a, IsOpen = True, SeatsAmount = 186, LiftingTime = 86, QueueTime = 238, ConnectedSlopes =  }, checkPermissionServiceMock: Mock&lt;ICheckPermissionService:4&gt;, liftsRepositoryStub: Mock&lt;ILiftsRepository:4&gt;, liftsSlopesRepositoryStub: Mock&lt;ILiftsSlopesRepository:4&gt;, sut: LiftsService { })" computerName="DESKTOP-TJ9D65N" duration="00:00:00.0131820" startTime="2022-11-03T14:04:40.3162909+03:00" endTime="2022-11-03T14:04:40.3162910+03:00" testType="13cdc9d9-ddb5-4fa4-a97d-d965ccfc6d4b" outcome="Passed" testListId="8c84fa94-04c1-424b-9868-57a2d4851a1d" relativeResultsDirectory="960f8a04-7618-465d-94af-3cb7e89a1e24" />
    <UnitTestResult executionId="e9a0de38-5e9e-4838-a01c-a0c3537375eb" testId="69340bb6-3645-f9dd-971e-29d8b2a009bb" testName="BL.Tests.UsersServiceTests.TestLogInWithWrongPassword" computerName="DESKTOP-TJ9D65N" duration="00:00:00.0031946" startTime="2022-11-03T14:04:40.4356038+03:00" endTime="2022-11-03T14:04:40.4356039+03:00" testType="13cdc9d9-ddb5-4fa4-a97d-d965ccfc6d4b" outcome="Passed" testListId="8c84fa94-04c1-424b-9868-57a2d4851a1d" relativeResultsDirectory="e9a0de38-5e9e-4838-a01c-a0c3537375eb" />
    <UnitTestResult executionId="8c9330b9-0cc9-4d58-a26a-0d34e7b7760c" testId="18fa8c62-e27d-e1fc-8182-4d7db62b008d" testName="BL.Tests.UsersServiceTests.TestAdminDeleteUser" computerName="DESKTOP-TJ9D65N" duration="00:00:00.0038342" startTime="2022-11-03T14:04:40.4912549+03:00" endTime="2022-11-03T14:04:40.4912550+03:00" testType="13cdc9d9-ddb5-4fa4-a97d-d965ccfc6d4b" outcome="Passed" testListId="8c84fa94-04c1-424b-9868-57a2d4851a1d" relativeResultsDirectory="8c9330b9-0cc9-4d58-a26a-0d34e7b7760c" />
    <UnitTestResult executionId="98040d57-1cda-4d3f-8751-2b3c45e9a8f9" testId="e429852d-a6ed-7c2a-25fd-cd839b159d56" testName="BL.Tests.LiftsSlopesServiceTests.TestGetLiftsSlopesInfoAsync(liftsSlopes: [LiftSlope { RecordID = 148, LiftID = 72, SlopeID = 203 }, LiftSlope { RecordID = 63, LiftID = 8, SlopeID = 100 }, LiftSlope { RecordID = 201, LiftID = 238, SlopeID = 47 }], slopesRepositoryStub: Mock&lt;ISlopesRepository:1&gt;, liftsRepositoryStub: Mock&lt;ILiftsRepository:6&gt;, liftsSlopesRepositoryStub: Mock&lt;ILiftsSlopesRepository:6&gt;)" computerName="DESKTOP-TJ9D65N" duration="00:00:00.0053895" startTime="2022-11-03T14:04:40.3275410+03:00" endTime="2022-11-03T14:04:40.3275411+03:00" testType="13cdc9d9-ddb5-4fa4-a97d-d965ccfc6d4b" outcome="Passed" testListId="8c84fa94-04c1-424b-9868-57a2d4851a1d" relativeResultsDirectory="98040d57-1cda-4d3f-8751-2b3c45e9a8f9" />
    <UnitTestResult executionId="5fbe3b75-448b-4adc-9387-b6a4ced88dfc" testId="8184bd30-991c-b78d-b4ec-99a485eac0dd" testName="BL.Tests.UsersServiceTests.TestRegisterUserWithNoEmail" computerName="DESKTOP-TJ9D65N" duration="00:00:00.0032616" startTime="2022-11-03T14:04:40.3162025+03:00" endTime="2022-11-03T14:04:40.3162026+03:00" testType="13cdc9d9-ddb5-4fa4-a97d-d965ccfc6d4b" outcome="Passed" testListId="8c84fa94-04c1-424b-9868-57a2d4851a1d" relativeResultsDirectory="5fbe3b75-448b-4adc-9387-b6a4ced88dfc" />
    <UnitTestResult executionId="f308f0dc-c82e-486e-af6f-46c2cdc99a26" testId="24a23201-b73e-362d-1ac6-04eee761aa5e" testName="BL.Tests.SlopesServiceTest.TestGetSlopeInfoAsync(userID: 174, slope: Slope { SlopeID = 243, SlopeName = slopeName3cc64b74-e738-4bcf-a155-b897683f6e10, IsOpen = True, DifficultyLevel = 160, ConnectedLifts =  }, checkPermissionServiceMock: Mock&lt;ICheckPermissionService:6&gt;, slopesRepositoryStub: Mock&lt;ISlopesRepository:4&gt;, liftsSlopesRepositoryStub: Mock&lt;ILiftsSlopesRepository:9&gt;, sut: SlopesService { })" computerName="DESKTOP-TJ9D65N" duration="00:00:00.0095967" startTime="2022-11-03T14:04:40.3273366+03:00" endTime="2022-11-03T14:04:40.3273367+03:00" testType="13cdc9d9-ddb5-4fa4-a97d-d965ccfc6d4b" outcome="Passed" testListId="8c84fa94-04c1-424b-9868-57a2d4851a1d" relativeResultsDirectory="f308f0dc-c82e-486e-af6f-46c2cdc99a26" />
    <UnitTestResult executionId="8be5f8fe-5283-4b7a-90c2-14ebbecfc550" testId="9c7df5e2-1b23-ebea-889f-b78ca86b60ab" testName="BL.Tests.CheckPermissionsServiceTests.AuthorizedHasNoAccessToAdminSkiPatrolFunctions(functionName: &quot;MarkMessageReadByUserAsync&quot;)" computerName="DESKTOP-TJ9D65N" duration="00:00:00.0018053" startTime="2022-11-03T14:04:40.4651991+03:00" endTime="2022-11-03T14:04:40.4651992+03:00" testType="13cdc9d9-ddb5-4fa4-a97d-d965ccfc6d4b" outcome="Passed" testListId="8c84fa94-04c1-424b-9868-57a2d4851a1d" relativeResultsDirectory="8be5f8fe-5283-4b7a-90c2-14ebbecfc550" />
    <UnitTestResult executionId="531f488f-1d95-4452-a9ba-d48fa0d4a522" testId="6e1b31bf-25f7-686f-a321-9d47d2b01210" testName="BL.Tests.LiftsServiceTest.TestGetLiftsInfoAsync(userID: 72, initialLifts: [Lift { LiftID = 98, LiftName = liftNamef5c0c680-b87b-490b-aad4-08f32e661131, IsOpen = True, SeatsAmount = 48, LiftingTime = 88, QueueTime = 121, ConnectedSlopes =  }, Lift { LiftID = 178, LiftName = liftName8b9b8372-c6c7-4cfb-b0d5-5fa3a22bf689, IsOpen = False, SeatsAmount = 63, LiftingTime = 243, QueueTime = 82, ConnectedSlopes =  }, Lift { LiftID = 224, LiftName = liftName4d324fe4-0dde-4c2d-850a-9992ed50fcf8, IsOpen = True, SeatsAmount = 206, LiftingTime = 126, QueueTime = 21, ConnectedSlopes =  }], checkPermissionServiceMock: Mock&lt;ICheckPermissionService:2&gt;, liftsRepositoryStub: Mock&lt;ILiftsRepository:2&gt;, liftsSlopesRepositoryStub: Mock&lt;ILiftsSlopesRepository:2&gt;, sut: LiftsService { })" computerName="DESKTOP-TJ9D65N" duration="00:00:00.0712695" startTime="2022-11-03T14:04:40.2178750+03:00" endTime="2022-11-03T14:04:40.2178750+03:00" testType="13cdc9d9-ddb5-4fa4-a97d-d965ccfc6d4b" outcome="Passed" testListId="8c84fa94-04c1-424b-9868-57a2d4851a1d" relativeResultsDirectory="531f488f-1d95-4452-a9ba-d48fa0d4a522" />
    <UnitTestResult executionId="25f24a6b-3429-42e4-83fb-a72dbc6e768e" testId="834c739b-eca4-b36d-6a66-5a1bd75377b8" testName="BL.Tests.UsersServiceTests.TestAdminAddAutoIncrementUser" computerName="DESKTOP-TJ9D65N" duration="00:00:00.0162244" startTime="2022-11-03T14:04:40.4622634+03:00" endTime="2022-11-03T14:04:40.4622635+03:00" testType="13cdc9d9-ddb5-4fa4-a97d-d965ccfc6d4b" outcome="Passed" testListId="8c84fa94-04c1-424b-9868-57a2d4851a1d" relativeResultsDirectory="25f24a6b-3429-42e4-83fb-a72dbc6e768e" />
    <UnitTestResult executionId="be37e7a3-2790-439a-8b16-1c656aa9ea2d" testId="d5458c8d-711c-80f4-82ab-d122aa300341" testName="BL.Tests.TurnstilesServiceTest.TestAdminDeleteTurnstileAsync(userID: 89, turnstile: Turnstile { TurnstileID = 240, LiftID = 235, IsOpen = True }, checkPermissionServiceMock: Mock&lt;ICheckPermissionService:15&gt;, turnstilesRepositoryStub: Mock&lt;ITurnstilesRepository:9&gt;, sut: TurnstilesService { })" computerName="DESKTOP-TJ9D65N" duration="00:00:00.0083202" startTime="2022-11-03T14:04:40.3323315+03:00" endTime="2022-11-03T14:04:40.3323316+03:00" testType="13cdc9d9-ddb5-4fa4-a97d-d965ccfc6d4b" outcome="Passed" testListId="8c84fa94-04c1-424b-9868-57a2d4851a1d" relativeResultsDirectory="be37e7a3-2790-439a-8b16-1c656aa9ea2d" />
    <UnitTestResult executionId="5d5a80f2-3910-4290-bd3a-e71380658e9e" testId="e2d7e5be-3dae-33ae-fb17-c704b6fd58d6" testName="BL.Tests.CheckPermissionsServiceTests.UnauthorizedHasNoAccessToAdminFunctions" computerName="DESKTOP-TJ9D65N" duration="00:00:00.0021641" startTime="2022-11-03T14:04:40.5110850+03:00" endTime="2022-11-03T14:04:40.5110851+03:00" testType="13cdc9d9-ddb5-4fa4-a97d-d965ccfc6d4b" outcome="Passed" testListId="8c84fa94-04c1-424b-9868-57a2d4851a1d" relativeResultsDirectory="5d5a80f2-3910-4290-bd3a-e71380658e9e" />
    <UnitTestResult executionId="5b35938e-b673-4605-8c68-5ca7859a4dd8" testId="229812f5-9a73-5335-11f5-31330d1348a5" testName="BL.Tests.CheckPermissionsServiceTests.UnauthorizedHasNoAccessToAdminSkiPatrolFunctions(functionName: &quot;GetMessagesAsync&quot;)" computerName="DESKTOP-TJ9D65N" duration="00:00:00.0017163" startTime="2022-11-03T14:04:40.3164681+03:00" endTime="2022-11-03T14:04:40.3164682+03:00" testType="13cdc9d9-ddb5-4fa4-a97d-d965ccfc6d4b" outcome="Passed" testListId="8c84fa94-04c1-424b-9868-57a2d4851a1d" relativeResultsDirectory="5b35938e-b673-4605-8c68-5ca7859a4dd8" />
    <UnitTestResult executionId="b70dfa33-df11-43a5-ad11-f7e2193d966b" testId="33604104-6921-f895-dd82-d208b7d6314f" testName="BL.Tests.TurnstilesServiceTest.TestAdminGetTurnstileAsync(userID: 209, turnstile: Turnstile { TurnstileID = 19, LiftID = 30, IsOpen = True }, checkPermissionServiceMock: Mock&lt;ICheckPermissionService:12&gt;, turnstilesRepositoryStub: Mock&lt;ITurnstilesRepository:6&gt;, sut: TurnstilesService { })" computerName="DESKTOP-TJ9D65N" duration="00:00:00.0056364" startTime="2022-11-03T14:04:40.3583481+03:00" endTime="2022-11-03T14:04:40.3583483+03:00" testType="13cdc9d9-ddb5-4fa4-a97d-d965ccfc6d4b" outcome="Passed" testListId="8c84fa94-04c1-424b-9868-57a2d4851a1d" relativeResultsDirectory="b70dfa33-df11-43a5-ad11-f7e2193d966b" />
    <UnitTestResult executionId="8ba076ee-0bce-42b2-a274-03e97cd21068" testId="f3efc418-a8a6-c7b7-9bac-90b33aa8472f" testName="BL.Tests.CheckPermissionsServiceTests.AdminHasAccessToAllFunctions" computerName="DESKTOP-TJ9D65N" duration="00:00:00.0016696" startTime="2022-11-03T14:04:40.5302539+03:00" endTime="2022-11-03T14:04:40.5302540+03:00" testType="13cdc9d9-ddb5-4fa4-a97d-d965ccfc6d4b" outcome="Passed" testListId="8c84fa94-04c1-424b-9868-57a2d4851a1d" relativeResultsDirectory="8ba076ee-0bce-42b2-a274-03e97cd21068" />
    <UnitTestResult executionId="b9e27d82-b104-4644-be26-cbb51d04e442" testId="20ad8570-0170-85de-dcd7-2f109dd7bcd6" testName="BL.Tests.UsersServiceTests.TestAdminGetUsers" computerName="DESKTOP-TJ9D65N" duration="00:00:00.0490608" startTime="2022-11-03T14:04:40.1988123+03:00" endTime="2022-11-03T14:04:40.1988123+03:00" testType="13cdc9d9-ddb5-4fa4-a97d-d965ccfc6d4b" outcome="Passed" testListId="8c84fa94-04c1-424b-9868-57a2d4851a1d" relativeResultsDirectory="b9e27d82-b104-4644-be26-cbb51d04e442" />
    <UnitTestResult executionId="37962353-6934-4ad4-a631-4048ef9511c8" testId="6e0aa730-77e4-a163-522e-dcbc8532d2dd" testName="BL.Tests.LiftsServiceTest.TestAdminAddAutoIncrementLiftAsync(userID: 25, lift: Lift { LiftID = 169, LiftName = liftNamea5fd4b3c-61c5-4d40-baa7-319923f06b20, IsOpen = True, SeatsAmount = 91, LiftingTime = 248, QueueTime = 29, ConnectedSlopes =  }, checkPermissionServiceMock: Mock&lt;ICheckPermissionService:5&gt;, liftsRepositoryStub: Mock&lt;ILiftsRepository:5&gt;, sut: LiftsService { })" computerName="DESKTOP-TJ9D65N" duration="00:00:00.0236216" startTime="2022-11-03T14:04:40.3722252+03:00" endTime="2022-11-03T14:04:40.3722253+03:00" testType="13cdc9d9-ddb5-4fa4-a97d-d965ccfc6d4b" outcome="Passed" testListId="8c84fa94-04c1-424b-9868-57a2d4851a1d" relativeResultsDirectory="37962353-6934-4ad4-a631-4048ef9511c8" />
    <UnitTestResult executionId="b13723ed-fb60-4a2a-9a9b-2c841b26de91" testId="644ec43e-70cd-c82d-42e7-0d990be1414d" testName="BL.Tests.CheckPermissionsServiceTests.AuthorizedHasAccessToAuthorizedFunctions(functionName: &quot;SendMessageAsync&quot;)" computerName="DESKTOP-TJ9D65N" duration="00:00:00.0026510" startTime="2022-11-03T14:04:40.4877856+03:00" endTime="2022-11-03T14:04:40.4877858+03:00" testType="13cdc9d9-ddb5-4fa4-a97d-d965ccfc6d4b" outcome="Passed" testListId="8c84fa94-04c1-424b-9868-57a2d4851a1d" relativeResultsDirectory="b13723ed-fb60-4a2a-9a9b-2c841b26de91" />
    <UnitTestResult executionId="77c75a38-4865-4bc1-b05e-770ba34039f0" testId="387c9729-48c1-486e-5e67-f5d11a9f0db8" testName="BL.Tests.CheckPermissionsServiceTests.UnauthorizedHasNoAccessToAdminSkiPatrolFunctions(functionName: &quot;GetLiftsSlopesInfoAsync&quot;)" computerName="DESKTOP-TJ9D65N" duration="00:00:00.0015393" startTime="2022-11-03T14:04:40.3159092+03:00" endTime="2022-11-03T14:04:40.3159094+03:00" testType="13cdc9d9-ddb5-4fa4-a97d-d965ccfc6d4b" outcome="Passed" testListId="8c84fa94-04c1-424b-9868-57a2d4851a1d" relativeResultsDirectory="77c75a38-4865-4bc1-b05e-770ba34039f0" />
    <UnitTestResult executionId="dc209f78-27f0-442e-babf-84185f4c2e80" testId="f9af9364-30b8-e969-94a6-90cd5dcb103f" testName="BL.Tests.LiftsSlopesServiceTests.TestAdminDeleteLiftSlopeAsync(lift: Lift { LiftID = 159, LiftName = liftNamed49db316-74d0-42e3-8449-73259730cb00, IsOpen = True, SeatsAmount = 97, LiftingTime = 148, QueueTime = 182, ConnectedSlopes =  }, slope: Slope { SlopeID = 41, SlopeName = slopeName09e652aa-d4c4-496a-8f41-0e665e7086c2, IsOpen = False, DifficultyLevel = 222, ConnectedLifts =  }, slopesRepositoryStub: Mock&lt;ISlopesRepository:2&gt;, liftsRepositoryStub: Mock&lt;ILiftsRepository:7&gt;, liftsSlopesRepositoryStub: Mock&lt;ILiftsSlopesRepository:7&gt;)" computerName="DESKTOP-TJ9D65N" duration="00:00:00.0421492" startTime="2022-11-03T14:04:40.1987603+03:00" endTime="2022-11-03T14:04:40.1987604+03:00" testType="13cdc9d9-ddb5-4fa4-a97d-d965ccfc6d4b" outcome="Passed" testListId="8c84fa94-04c1-424b-9868-57a2d4851a1d" relativeResultsDirectory="dc209f78-27f0-442e-babf-84185f4c2e80" />
    <UnitTestResult executionId="10ce0d32-fd34-4699-801a-85e5d3244a68" testId="84fda93f-52ba-edc4-f501-532ece676691" testName="BL.Tests.TurnstilesServiceTest.TestAdminAddAutoIncrementTurnstileAsync(userID: 168, turnstile: Turnstile { TurnstileID = 30, LiftID = 207, IsOpen = True }, checkPermissionServiceMock: Mock&lt;ICheckPermissionService:16&gt;, turnstilesRepositoryStub: Mock&lt;ITurnstilesRepository:10&gt;, sut: TurnstilesService { })" computerName="DESKTOP-TJ9D65N" duration="00:00:00.0152233" startTime="2022-11-03T14:04:40.3163113+03:00" endTime="2022-11-03T14:04:40.3163114+03:00" testType="13cdc9d9-ddb5-4fa4-a97d-d965ccfc6d4b" outcome="Passed" testListId="8c84fa94-04c1-424b-9868-57a2d4851a1d" relativeResultsDirectory="10ce0d32-fd34-4699-801a-85e5d3244a68" />
    <UnitTestResult executionId="22f1fe96-8121-4a9a-923e-a5910585acf1" testId="a2e59116-cb53-1d70-9cb8-21c286516866" testName="BL.Tests.CheckPermissionsServiceTests.AuthorizedHasNoAccessToAdminFunctions" computerName="DESKTOP-TJ9D65N" duration="00:00:00.0041740" startTime="2022-11-03T14:04:40.4341906+03:00" endTime="2022-11-03T14:04:40.4341906+03:00" testType="13cdc9d9-ddb5-4fa4-a97d-d965ccfc6d4b" outcome="Passed" testListId="8c84fa94-04c1-424b-9868-57a2d4851a1d" relativeResultsDirectory="22f1fe96-8121-4a9a-923e-a5910585acf1" />
    <UnitTestResult executionId="0a34f144-312a-44e5-b73e-591da73ad92f" testId="894941c1-bfa7-d8f9-c047-1e1ceefe2c2f" testName="BL.Tests.UsersServiceTests.TestRegisterUserWithRepeatedEmail" computerName="DESKTOP-TJ9D65N" duration="00:00:00.0065434" startTime="2022-11-03T14:04:40.3277492+03:00" endTime="2022-11-03T14:04:40.3277493+03:00" testType="13cdc9d9-ddb5-4fa4-a97d-d965ccfc6d4b" outcome="Passed" testListId="8c84fa94-04c1-424b-9868-57a2d4851a1d" relativeResultsDirectory="0a34f144-312a-44e5-b73e-591da73ad92f" />
    <UnitTestResult executionId="3dff73b4-5748-4f94-b0f2-7569674c6cfc" testId="4b73c25d-e6cf-4bc0-5a51-ef78d69872a9" testName="BL.Tests.LiftsSlopesServiceTests.TestAdminAddAutoIncrementLiftSlopeAsync(lift: Lift { LiftID = 92, LiftName = liftName00c9d71f-b052-436e-8067-060e9719a866, IsOpen = True, SeatsAmount = 122, LiftingTime = 69, QueueTime = 80, ConnectedSlopes =  }, slope: Slope { SlopeID = 178, SlopeName = slopeNamedf1ec077-5d71-4b2d-a152-756dc8ac4d7f, IsOpen = False, DifficultyLevel = 60, ConnectedLifts =  }, slopesRepositoryStub: Mock&lt;ISlopesRepository:3&gt;, liftsRepositoryStub: Mock&lt;ILiftsRepository:8&gt;, liftsSlopesRepositoryStub: Mock&lt;ILiftsSlopesRepository:8&gt;)" computerName="DESKTOP-TJ9D65N" duration="00:00:00.0097973" startTime="2022-11-03T14:04:40.3162623+03:00" endTime="2022-11-03T14:04:40.3162624+03:00" testType="13cdc9d9-ddb5-4fa4-a97d-d965ccfc6d4b" outcome="Passed" testListId="8c84fa94-04c1-424b-9868-57a2d4851a1d" relativeResultsDirectory="3dff73b4-5748-4f94-b0f2-7569674c6cfc" />
    <UnitTestResult executionId="131fb546-0da2-4c79-a5de-3e468feb84be" testId="2602613f-c8e2-a6d9-fcf7-5b27d4a770a6" testName="BL.Tests.CheckPermissionsServiceTests.AuthorizedHasNoAccessToAdminSkiPatrolFunctions(functionName: &quot;GetMessagesAsync&quot;)" computerName="DESKTOP-TJ9D65N" duration="00:00:00.0033572" startTime="2022-11-03T14:04:40.4464308+03:00" endTime="2022-11-03T14:04:40.4464308+03:00" testType="13cdc9d9-ddb5-4fa4-a97d-d965ccfc6d4b" outcome="Passed" testListId="8c84fa94-04c1-424b-9868-57a2d4851a1d" relativeResultsDirectory="131fb546-0da2-4c79-a5de-3e468feb84be" />
    <UnitTestResult executionId="79dcb025-5afc-4add-9010-374a6b412644" testId="f44a1b21-8efc-bfac-63b4-d534442def31" testName="BL.Tests.UsersServiceTests.TestRegisterUserWithNoPassword" computerName="DESKTOP-TJ9D65N" duration="00:00:00.0016689" startTime="2022-11-03T14:04:40.3165050+03:00" endTime="2022-11-03T14:04:40.3165051+03:00" testType="13cdc9d9-ddb5-4fa4-a97d-d965ccfc6d4b" outcome="Passed" testListId="8c84fa94-04c1-424b-9868-57a2d4851a1d" relativeResultsDirectory="79dcb025-5afc-4add-9010-374a6b412644" />
    <UnitTestResult executionId="0390b3a6-26c3-4f2b-914c-72cb24ad22b4" testId="d4841404-ac24-d65f-a545-2c64d80205ea" testName="BL.Tests.TurnstilesServiceTest.TestAdminGetTurnstilesAsync(userID: 71, initialTurnstiles: [Turnstile { TurnstileID = 93, LiftID = 218, IsOpen = True }, Turnstile { TurnstileID = 19, LiftID = 141, IsOpen = False }, Turnstile { TurnstileID = 69, LiftID = 145, IsOpen = True }], checkPermissionServiceMock: Mock&lt;ICheckPermissionService:13&gt;, turnstilesRepositoryStub: Mock&lt;ITurnstilesRepository:7&gt;, sut: TurnstilesService { })" computerName="DESKTOP-TJ9D65N" duration="00:00:00.0434666" startTime="2022-11-03T14:04:40.1987239+03:00" endTime="2022-11-03T14:04:40.1987240+03:00" testType="13cdc9d9-ddb5-4fa4-a97d-d965ccfc6d4b" outcome="Passed" testListId="8c84fa94-04c1-424b-9868-57a2d4851a1d" relativeResultsDirectory="0390b3a6-26c3-4f2b-914c-72cb24ad22b4" />
  </Results>
  <TestDefinitions>
    <UnitTest name="BL.Tests.CheckPermissionsServiceTests.AuthorizedHasNoAccessToAdminSkiPatrolFunctions(functionName: &quot;MarkMessageReadByUserAsync&quot;)" storage="/mnt/c/users/alena/desktop/7_sem/testing_and_debugging/skiresort/bl.tests/bin/debug/net6.0/bl.tests.dll" id="9c7df5e2-1b23-ebea-889f-b78ca86b60ab">
      <Execution id="8be5f8fe-5283-4b7a-90c2-14ebbecfc550" />
      <TestMethod codeBase="/mnt/c/Users/alena/Desktop/7_sem/testing_and_debugging/SkiResort/BL.Tests/bin/Debug/net6.0/BL.Tests.dll" adapterTypeName="executor://xunit/VsTestRunner2/netcoreapp" className="BL.Tests.CheckPermissionsServiceTests" name="AuthorizedHasNoAccessToAdminSkiPatrolFunctions" />
    </UnitTest>
    <UnitTest name="BL.Tests.CheckPermissionsServiceTests.UnauthorizedHasNoAccessToAdminSkiPatrolFunctions(functionName: &quot;MarkMessageReadByUserAsync&quot;)" storage="/mnt/c/users/alena/desktop/7_sem/testing_and_debugging/skiresort/bl.tests/bin/debug/net6.0/bl.tests.dll" id="a19a5fcf-c5d2-7d44-5d7d-84403042f4e0">
      <Execution id="6bd3be35-e53a-42b0-8eae-8c7b6173c09e" />
      <TestMethod codeBase="/mnt/c/Users/alena/Desktop/7_sem/testing_and_debugging/SkiResort/BL.Tests/bin/Debug/net6.0/BL.Tests.dll" adapterTypeName="executor://xunit/VsTestRunner2/netcoreapp" className="BL.Tests.CheckPermissionsServiceTests" name="UnauthorizedHasNoAccessToAdminSkiPatrolFunctions" />
    </UnitTest>
    <UnitTest name="BL.Tests.CheckPermissionsServiceTests.AuthorizedHasNoAccessToAdminSkiPatrolFunctions(functionName: &quot;GetMessagesAsync&quot;)" storage="/mnt/c/users/alena/desktop/7_sem/testing_and_debugging/skiresort/bl.tests/bin/debug/net6.0/bl.tests.dll" id="2602613f-c8e2-a6d9-fcf7-5b27d4a770a6">
      <Execution id="131fb546-0da2-4c79-a5de-3e468feb84be" />
      <TestMethod codeBase="/mnt/c/Users/alena/Desktop/7_sem/testing_and_debugging/SkiResort/BL.Tests/bin/Debug/net6.0/BL.Tests.dll" adapterTypeName="executor://xunit/VsTestRunner2/netcoreapp" className="BL.Tests.CheckPermissionsServiceTests" name="AuthorizedHasNoAccessToAdminSkiPatrolFunctions" />
    </UnitTest>
    <UnitTest name="BL.Tests.CheckPermissionsServiceTests.AuthorizedHasNoAccessToAdminFunctions" storage="/mnt/c/users/alena/desktop/7_sem/testing_and_debugging/skiresort/bl.tests/bin/debug/net6.0/bl.tests.dll" id="a2e59116-cb53-1d70-9cb8-21c286516866">
      <Execution id="22f1fe96-8121-4a9a-923e-a5910585acf1" />
      <TestMethod codeBase="/mnt/c/Users/alena/Desktop/7_sem/testing_and_debugging/SkiResort/BL.Tests/bin/Debug/net6.0/BL.Tests.dll" adapterTypeName="executor://xunit/VsTestRunner2/netcoreapp" className="BL.Tests.CheckPermissionsServiceTests" name="AuthorizedHasNoAccessToAdminFunctions" />
    </UnitTest>
    <UnitTest name="BL.Tests.CheckPermissionsServiceTests.SkiPatrolHasAccessToAdminSkiPatrolFunctions(functionName: &quot;GetMessagesAsync&quot;)" storage="/mnt/c/users/alena/desktop/7_sem/testing_and_debugging/skiresort/bl.tests/bin/debug/net6.0/bl.tests.dll" id="c36970dc-93f7-753e-fa47-157133b01644">
      <Execution id="2788daf0-f6e0-4d02-8a96-14c052dd89c3" />
      <TestMethod codeBase="/mnt/c/Users/alena/Desktop/7_sem/testing_and_debugging/SkiResort/BL.Tests/bin/Debug/net6.0/BL.Tests.dll" adapterTypeName="executor://xunit/VsTestRunner2/netcoreapp" className="BL.Tests.CheckPermissionsServiceTests" name="SkiPatrolHasAccessToAdminSkiPatrolFunctions" />
    </UnitTest>
    <UnitTest name="BL.Tests.CheckPermissionsServiceTests.AdminHasAccessToAllFunctions" storage="/mnt/c/users/alena/desktop/7_sem/testing_and_debugging/skiresort/bl.tests/bin/debug/net6.0/bl.tests.dll" id="f3efc418-a8a6-c7b7-9bac-90b33aa8472f">
      <Execution id="8ba076ee-0bce-42b2-a274-03e97cd21068" />
      <TestMethod codeBase="/mnt/c/Users/alena/Desktop/7_sem/testing_and_debugging/SkiResort/BL.Tests/bin/Debug/net6.0/BL.Tests.dll" adapterTypeName="executor://xunit/VsTestRunner2/netcoreapp" className="BL.Tests.CheckPermissionsServiceTests" name="AdminHasAccessToAllFunctions" />
    </UnitTest>
    <UnitTest name="BL.Tests.LiftsServiceTest.TestAdminDeleteLiftAsync(userID: 252, lift: Lift { LiftID = 16, LiftName = liftName3a2e7902-2389-43c8-ae77-10e6755c023a, IsOpen = True, SeatsAmount = 186, LiftingTime = 86, QueueTime = 238, ConnectedSlopes =  }, checkPermissionServiceMock: Mock&lt;ICheckPermissionService:4&gt;, liftsRepositoryStub: Mock&lt;ILiftsRepository:4&gt;, liftsSlopesRepositoryStub: Mock&lt;ILiftsSlopesRepository:4&gt;, sut: LiftsService { })" storage="/mnt/c/users/alena/desktop/7_sem/testing_and_debugging/skiresort/bl.tests/bin/debug/net6.0/bl.tests.dll" id="f5d22f79-d531-8fc0-1931-07f65a8bc37c">
      <Execution id="960f8a04-7618-465d-94af-3cb7e89a1e24" />
      <TestMethod codeBase="/mnt/c/Users/alena/Desktop/7_sem/testing_and_debugging/SkiResort/BL.Tests/bin/Debug/net6.0/BL.Tests.dll" adapterTypeName="executor://xunit/VsTestRunner2/netcoreapp" className="BL.Tests.LiftsServiceTest" name="TestAdminDeleteLiftAsync" />
    </UnitTest>
    <UnitTest name="BL.Tests.UsersServiceTests.TestRegisterUserWithNoPassword" storage="/mnt/c/users/alena/desktop/7_sem/testing_and_debugging/skiresort/bl.tests/bin/debug/net6.0/bl.tests.dll" id="f44a1b21-8efc-bfac-63b4-d534442def31">
      <Execution id="79dcb025-5afc-4add-9010-374a6b412644" />
      <TestMethod codeBase="/mnt/c/Users/alena/Desktop/7_sem/testing_and_debugging/SkiResort/BL.Tests/bin/Debug/net6.0/BL.Tests.dll" adapterTypeName="executor://xunit/VsTestRunner2/netcoreapp" className="BL.Tests.UsersServiceTests" name="TestRegisterUserWithNoPassword" />
    </UnitTest>
    <UnitTest name="BL.Tests.SlopesServiceTest.TestUpdateSlopeInfoAsync(userID: 7, slope: Slope { SlopeID = 191, SlopeName = slopeName1f85ebd8-5cb8-4513-a25d-9adad55fd0d6, IsOpen = True, DifficultyLevel = 56, ConnectedLifts =  }, checkPermissionServiceMock: Mock&lt;ICheckPermissionService:8&gt;, slopesRepositoryStub: Mock&lt;ISlopesRepository:6&gt;, sut: SlopesService { })" storage="/mnt/c/users/alena/desktop/7_sem/testing_and_debugging/skiresort/bl.tests/bin/debug/net6.0/bl.tests.dll" id="9d20547a-9ed9-227c-cf07-e2e73dda9662">
      <Execution id="43d9ecee-a5c7-4b91-b6ab-e587b0b15916" />
      <TestMethod codeBase="/mnt/c/Users/alena/Desktop/7_sem/testing_and_debugging/SkiResort/BL.Tests/bin/Debug/net6.0/BL.Tests.dll" adapterTypeName="executor://xunit/VsTestRunner2/netcoreapp" className="BL.Tests.SlopesServiceTest" name="TestUpdateSlopeInfoAsync" />
    </UnitTest>
    <UnitTest name="BL.Tests.UsersServiceTests.TestAdminGetUserByIDAsync" storage="/mnt/c/users/alena/desktop/7_sem/testing_and_debugging/skiresort/bl.tests/bin/debug/net6.0/bl.tests.dll" id="e5497347-2721-b7a6-0bd4-69a9921f6947">
      <Execution id="f7f2f86e-84d3-4c9c-a513-05e89c5c19c9" />
      <TestMethod codeBase="/mnt/c/Users/alena/Desktop/7_sem/testing_and_debugging/SkiResort/BL.Tests/bin/Debug/net6.0/BL.Tests.dll" adapterTypeName="executor://xunit/VsTestRunner2/netcoreapp" className="BL.Tests.UsersServiceTests" name="TestAdminGetUserByIDAsync" />
    </UnitTest>
    <UnitTest name="BL.Tests.SlopesServiceTest.TestAdminAddAutoIncrementSlopeAsync(userID: 224, slope: Slope { SlopeID = 53, SlopeName = slopeName06f3cacb-aaa6-490b-846c-661e9e69107c, IsOpen = True, DifficultyLevel = 115, ConnectedLifts =  }, checkPermissionServiceMock: Mock&lt;ICheckPermissionService:10&gt;, slopesRepositoryStub: Mock&lt;ISlopesRepository:8&gt;, sut: SlopesService { })" storage="/mnt/c/users/alena/desktop/7_sem/testing_and_debugging/skiresort/bl.tests/bin/debug/net6.0/bl.tests.dll" id="31b70533-c599-8813-53e8-bf1e5b4aa7d0">
      <Execution id="38181d50-4084-4a70-8afd-8d2f1efe7ee2" />
      <TestMethod codeBase="/mnt/c/Users/alena/Desktop/7_sem/testing_and_debugging/SkiResort/BL.Tests/bin/Debug/net6.0/BL.Tests.dll" adapterTypeName="executor://xunit/VsTestRunner2/netcoreapp" className="BL.Tests.SlopesServiceTest" name="TestAdminAddAutoIncrementSlopeAsync" />
    </UnitTest>
    <UnitTest name="BL.Tests.UsersServiceTests.TestAdminAddAutoIncrementUser" storage="/mnt/c/users/alena/desktop/7_sem/testing_and_debugging/skiresort/bl.tests/bin/debug/net6.0/bl.tests.dll" id="834c739b-eca4-b36d-6a66-5a1bd75377b8">
      <Execution id="25f24a6b-3429-42e4-83fb-a72dbc6e768e" />
      <TestMethod codeBase="/mnt/c/Users/alena/Desktop/7_sem/testing_and_debugging/SkiResort/BL.Tests/bin/Debug/net6.0/BL.Tests.dll" adapterTypeName="executor://xunit/VsTestRunner2/netcoreapp" className="BL.Tests.UsersServiceTests" name="TestAdminAddAutoIncrementUser" />
    </UnitTest>
    <UnitTest name="BL.Tests.CheckPermissionsServiceTests.UnauthorizedHasNoAccessToAdminSkiPatrolFunctions(functionName: &quot;GetLiftsSlopesInfoAsync&quot;)" storage="/mnt/c/users/alena/desktop/7_sem/testing_and_debugging/skiresort/bl.tests/bin/debug/net6.0/bl.tests.dll" id="387c9729-48c1-486e-5e67-f5d11a9f0db8">
      <Execution id="77c75a38-4865-4bc1-b05e-770ba34039f0" />
      <TestMethod codeBase="/mnt/c/Users/alena/Desktop/7_sem/testing_and_debugging/SkiResort/BL.Tests/bin/Debug/net6.0/BL.Tests.dll" adapterTypeName="executor://xunit/VsTestRunner2/netcoreapp" className="BL.Tests.CheckPermissionsServiceTests" name="UnauthorizedHasNoAccessToAdminSkiPatrolFunctions" />
    </UnitTest>
    <UnitTest name="BL.Tests.TurnstilesServiceTest.TestAdminAddAutoIncrementTurnstileAsync(userID: 168, turnstile: Turnstile { TurnstileID = 30, LiftID = 207, IsOpen = True }, checkPermissionServiceMock: Mock&lt;ICheckPermissionService:16&gt;, turnstilesRepositoryStub: Mock&lt;ITurnstilesRepository:10&gt;, sut: TurnstilesService { })" storage="/mnt/c/users/alena/desktop/7_sem/testing_and_debugging/skiresort/bl.tests/bin/debug/net6.0/bl.tests.dll" id="84fda93f-52ba-edc4-f501-532ece676691">
      <Execution id="10ce0d32-fd34-4699-801a-85e5d3244a68" />
      <TestMethod codeBase="/mnt/c/Users/alena/Desktop/7_sem/testing_and_debugging/SkiResort/BL.Tests/bin/Debug/net6.0/BL.Tests.dll" adapterTypeName="executor://xunit/VsTestRunner2/netcoreapp" className="BL.Tests.TurnstilesServiceTest" name="TestAdminAddAutoIncrementTurnstileAsync" />
    </UnitTest>
    <UnitTest name="BL.Tests.CheckPermissionsServiceTests.SkiPatrolHasAccessToAdminSkiPatrolFunctions(functionName: &quot;MarkMessageReadByUserAsync&quot;)" storage="/mnt/c/users/alena/desktop/7_sem/testing_and_debugging/skiresort/bl.tests/bin/debug/net6.0/bl.tests.dll" id="60bd668f-04df-da5e-b79b-5d9aedb5234d">
      <Execution id="51d39d34-c61a-4446-9425-31b1e830edf0" />
      <TestMethod codeBase="/mnt/c/Users/alena/Desktop/7_sem/testing_and_debugging/SkiResort/BL.Tests/bin/Debug/net6.0/BL.Tests.dll" adapterTypeName="executor://xunit/VsTestRunner2/netcoreapp" className="BL.Tests.CheckPermissionsServiceTests" name="SkiPatrolHasAccessToAdminSkiPatrolFunctions" />
    </UnitTest>
    <UnitTest name="BL.Tests.TurnstilesServiceTest.TestAdminDeleteTurnstileAsync(userID: 89, turnstile: Turnstile { TurnstileID = 240, LiftID = 235, IsOpen = True }, checkPermissionServiceMock: Mock&lt;ICheckPermissionService:15&gt;, turnstilesRepositoryStub: Mock&lt;ITurnstilesRepository:9&gt;, sut: TurnstilesService { })" storage="/mnt/c/users/alena/desktop/7_sem/testing_and_debugging/skiresort/bl.tests/bin/debug/net6.0/bl.tests.dll" id="d5458c8d-711c-80f4-82ab-d122aa300341">
      <Execution id="be37e7a3-2790-439a-8b16-1c656aa9ea2d" />
      <TestMethod codeBase="/mnt/c/Users/alena/Desktop/7_sem/testing_and_debugging/SkiResort/BL.Tests/bin/Debug/net6.0/BL.Tests.dll" adapterTypeName="executor://xunit/VsTestRunner2/netcoreapp" className="BL.Tests.TurnstilesServiceTest" name="TestAdminDeleteTurnstileAsync" />
    </UnitTest>
    <UnitTest name="BL.Tests.CheckPermissionsServiceTests.UnauthorizedHasNoAccessToAdminFunctions" storage="/mnt/c/users/alena/desktop/7_sem/testing_and_debugging/skiresort/bl.tests/bin/debug/net6.0/bl.tests.dll" id="e2d7e5be-3dae-33ae-fb17-c704b6fd58d6">
      <Execution id="5d5a80f2-3910-4290-bd3a-e71380658e9e" />
      <TestMethod codeBase="/mnt/c/Users/alena/Desktop/7_sem/testing_and_debugging/SkiResort/BL.Tests/bin/Debug/net6.0/BL.Tests.dll" adapterTypeName="executor://xunit/VsTestRunner2/netcoreapp" className="BL.Tests.CheckPermissionsServiceTests" name="UnauthorizedHasNoAccessToAdminFunctions" />
    </UnitTest>
    <UnitTest name="BL.Tests.LiftsServiceTest.TestUpdateLiftInfoAsync(userID: 200, lift: Lift { LiftID = 223, LiftName = liftNamed65626e9-fb43-45b8-9c9b-c2aff2a54921, IsOpen = True, SeatsAmount = 65, LiftingTime = 235, QueueTime = 251, ConnectedSlopes =  }, checkPermissionServiceMock: Mock&lt;ICheckPermissionService:3&gt;, liftsRepositoryStub: Mock&lt;ILiftsRepository:3&gt;, sut: LiftsService { })" storage="/mnt/c/users/alena/desktop/7_sem/testing_and_debugging/skiresort/bl.tests/bin/debug/net6.0/bl.tests.dll" id="1a47511c-cf9e-d6ed-2d9e-0855380c2e9d">
      <Execution id="1ccaf7b6-965d-4665-8083-cffef20c8236" />
      <TestMethod codeBase="/mnt/c/Users/alena/Desktop/7_sem/testing_and_debugging/SkiResort/BL.Tests/bin/Debug/net6.0/BL.Tests.dll" adapterTypeName="executor://xunit/VsTestRunner2/netcoreapp" className="BL.Tests.LiftsServiceTest" name="TestUpdateLiftInfoAsync" />
    </UnitTest>
    <UnitTest name="BL.Tests.UsersServiceTests.TestLogInWithWrongPassword" storage="/mnt/c/users/alena/desktop/7_sem/testing_and_debugging/skiresort/bl.tests/bin/debug/net6.0/bl.tests.dll" id="69340bb6-3645-f9dd-971e-29d8b2a009bb">
      <Execution id="e9a0de38-5e9e-4838-a01c-a0c3537375eb" />
      <TestMethod codeBase="/mnt/c/Users/alena/Desktop/7_sem/testing_and_debugging/SkiResort/BL.Tests/bin/Debug/net6.0/BL.Tests.dll" adapterTypeName="executor://xunit/VsTestRunner2/netcoreapp" className="BL.Tests.UsersServiceTests" name="TestLogInWithWrongPassword" />
    </UnitTest>
    <UnitTest name="BL.Tests.CheckPermissionsServiceTests.SkiPatrolHasAccessToAdminSkiPatrolFunctions(functionName: &quot;GetLiftsSlopesInfoAsync&quot;)" storage="/mnt/c/users/alena/desktop/7_sem/testing_and_debugging/skiresort/bl.tests/bin/debug/net6.0/bl.tests.dll" id="2d706594-f2b3-b3c8-21d4-86c9798c3306">
      <Execution id="b8f2b222-9168-4475-bf0c-c7a2e85d6685" />
      <TestMethod codeBase="/mnt/c/Users/alena/Desktop/7_sem/testing_and_debugging/SkiResort/BL.Tests/bin/Debug/net6.0/BL.Tests.dll" adapterTypeName="executor://xunit/VsTestRunner2/netcoreapp" className="BL.Tests.CheckPermissionsServiceTests" name="SkiPatrolHasAccessToAdminSkiPatrolFunctions" />
    </UnitTest>
    <UnitTest name="BL.Tests.CheckPermissionsServiceTests.SkiPatrolHasNoAccessToAdminFunctions" storage="/mnt/c/users/alena/desktop/7_sem/testing_and_debugging/skiresort/bl.tests/bin/debug/net6.0/bl.tests.dll" id="492c0393-35b4-df26-a537-21ca08302f3c">
      <Execution id="b23995b7-8ed8-4475-8c10-fae7d7dacb93" />
      <TestMethod codeBase="/mnt/c/Users/alena/Desktop/7_sem/testing_and_debugging/SkiResort/BL.Tests/bin/Debug/net6.0/BL.Tests.dll" adapterTypeName="executor://xunit/VsTestRunner2/netcoreapp" className="BL.Tests.CheckPermissionsServiceTests" name="SkiPatrolHasNoAccessToAdminFunctions" />
    </UnitTest>
    <UnitTest name="BL.Tests.SlopesServiceTest.TestGetSlopesInfoAsync(userID: 49, initialSlopes: [Slope { SlopeID = 253, SlopeName = slopeName6c53b5fb-f8ab-433c-8b5a-7d972da2ccfe, IsOpen = True, DifficultyLevel = 198, ConnectedLifts =  }, Slope { SlopeID = 90, SlopeName = slopeNameeed6a445-c7a2-4350-8402-e7806ba34fc5, IsOpen = False, DifficultyLevel = 130, ConnectedLifts =  }, Slope { SlopeID = 176, SlopeName = slopeName642919f0-52c7-4755-8966-88557f96bcef, Is..." storage="/mnt/c/users/alena/desktop/7_sem/testing_and_debugging/skiresort/bl.tests/bin/debug/net6.0/bl.tests.dll" id="dc4b6d72-1572-a428-d4b8-3b7d9324df3c">
      <Execution id="af49662a-5c62-4549-a555-9cfe3254b655" />
      <TestMethod codeBase="/mnt/c/Users/alena/Desktop/7_sem/testing_and_debugging/SkiResort/BL.Tests/bin/Debug/net6.0/BL.Tests.dll" adapterTypeName="executor://xunit/VsTestRunner2/netcoreapp" className="BL.Tests.SlopesServiceTest" name="TestGetSlopesInfoAsync" />
    </UnitTest>
    <UnitTest name="BL.Tests.UsersServiceTests.TestAdminDeleteUser" storage="/mnt/c/users/alena/desktop/7_sem/testing_and_debugging/skiresort/bl.tests/bin/debug/net6.0/bl.tests.dll" id="18fa8c62-e27d-e1fc-8182-4d7db62b008d">
      <Execution id="8c9330b9-0cc9-4d58-a26a-0d34e7b7760c" />
      <TestMethod codeBase="/mnt/c/Users/alena/Desktop/7_sem/testing_and_debugging/SkiResort/BL.Tests/bin/Debug/net6.0/BL.Tests.dll" adapterTypeName="executor://xunit/VsTestRunner2/netcoreapp" className="BL.Tests.UsersServiceTests" name="TestAdminDeleteUser" />
    </UnitTest>
    <UnitTest name="BL.Tests.CheckPermissionsServiceTests.AuthorizedHasAccessToAuthorizedFunctions(functionName: &quot;LogOutAsync&quot;)" storage="/mnt/c/users/alena/desktop/7_sem/testing_and_debugging/skiresort/bl.tests/bin/debug/net6.0/bl.tests.dll" id="aa28a6b3-21d3-aa45-24d3-bef2facbc899">
      <Execution id="488e7f46-3524-41f6-9e52-63b60f7be7d6" />
      <TestMethod codeBase="/mnt/c/Users/alena/Desktop/7_sem/testing_and_debugging/SkiResort/BL.Tests/bin/Debug/net6.0/BL.Tests.dll" adapterTypeName="executor://xunit/VsTestRunner2/netcoreapp" className="BL.Tests.CheckPermissionsServiceTests" name="AuthorizedHasAccessToAuthorizedFunctions" />
    </UnitTest>
    <UnitTest name="BL.Tests.LiftsServiceTest.TestGetLiftsInfoAsync(userID: 72, initialLifts: [Lift { LiftID = 98, LiftName = liftNamef5c0c680-b87b-490b-aad4-08f32e661131, IsOpen = True, SeatsAmount = 48, LiftingTime = 88, QueueTime = 121, ConnectedSlopes =  }, Lift { LiftID = 178, LiftName = liftName8b9b8372-c6c7-4cfb-b0d5-5fa3a22bf689, IsOpen = False, SeatsAmount = 63, LiftingTime = 243, QueueTime = 82, ConnectedSlopes =  }, Lift { LiftID = 224, LiftName = l..." storage="/mnt/c/users/alena/desktop/7_sem/testing_and_debugging/skiresort/bl.tests/bin/debug/net6.0/bl.tests.dll" id="6e1b31bf-25f7-686f-a321-9d47d2b01210">
      <Execution id="531f488f-1d95-4452-a9ba-d48fa0d4a522" />
      <TestMethod codeBase="/mnt/c/Users/alena/Desktop/7_sem/testing_and_debugging/SkiResort/BL.Tests/bin/Debug/net6.0/BL.Tests.dll" adapterTypeName="executor://xunit/VsTestRunner2/netcoreapp" className="BL.Tests.LiftsServiceTest" name="TestGetLiftsInfoAsync" />
    </UnitTest>
    <UnitTest name="BL.Tests.SlopesServiceTest.TestAdminDeleteSlopeAsync(userID: 131, slope: Slope { SlopeID = 155, SlopeName = slopeName33a8b623-20dd-49b1-a74c-967be9235b7d, IsOpen = True, DifficultyLevel = 103, ConnectedLifts =  }, checkPermissionServiceMock: Mock&lt;ICheckPermissionService:9&gt;, slopesRepositoryStub: Mock&lt;ISlopesRepository:7&gt;, liftsSlopesRepositoryStub: Mock&lt;ILiftsSlopesRepository:12&gt;, sut: SlopesService { })" storage="/mnt/c/users/alena/desktop/7_sem/testing_and_debugging/skiresort/bl.tests/bin/debug/net6.0/bl.tests.dll" id="67a45259-d15a-3b37-414e-939766ccfedf">
      <Execution id="b8457c09-f368-428c-b00d-31c0cadfd491" />
      <TestMethod codeBase="/mnt/c/Users/alena/Desktop/7_sem/testing_and_debugging/SkiResort/BL.Tests/bin/Debug/net6.0/BL.Tests.dll" adapterTypeName="executor://xunit/VsTestRunner2/netcoreapp" className="BL.Tests.SlopesServiceTest" name="TestAdminDeleteSlopeAsync" />
    </UnitTest>
    <UnitTest name="BL.Tests.UsersServiceTests.TestAdminUpdateUser" storage="/mnt/c/users/alena/desktop/7_sem/testing_and_debugging/skiresort/bl.tests/bin/debug/net6.0/bl.tests.dll" id="06d0bc3a-24a0-fb7f-4277-e9ae6d21c7dd">
      <Execution id="b35a0a31-a9fd-4959-b367-a40a40382ed5" />
      <TestMethod codeBase="/mnt/c/Users/alena/Desktop/7_sem/testing_and_debugging/SkiResort/BL.Tests/bin/Debug/net6.0/BL.Tests.dll" adapterTypeName="executor://xunit/VsTestRunner2/netcoreapp" className="BL.Tests.UsersServiceTests" name="TestAdminUpdateUser" />
    </UnitTest>
    <UnitTest name="BL.Tests.UsersServiceTests.TestLogInOk" storage="/mnt/c/users/alena/desktop/7_sem/testing_and_debugging/skiresort/bl.tests/bin/debug/net6.0/bl.tests.dll" id="1ca07ad8-f799-c5d4-e7cc-34fd950198a2">
      <Execution id="3c245ae3-e725-4e5d-954a-0b55ff4e59dc" />
      <TestMethod codeBase="/mnt/c/Users/alena/Desktop/7_sem/testing_and_debugging/SkiResort/BL.Tests/bin/Debug/net6.0/BL.Tests.dll" adapterTypeName="executor://xunit/VsTestRunner2/netcoreapp" className="BL.Tests.UsersServiceTests" name="TestLogInOk" />
    </UnitTest>
    <UnitTest name="BL.Tests.SlopesServiceTest.TestAdminAddSlopeAsync(userID: 147, slope: Slope { SlopeID = 23, SlopeName = slopeName9216404e-87b4-43b1-aa64-30fdd1c271be, IsOpen = True, DifficultyLevel = 41, ConnectedLifts =  }, checkPermissionServiceMock: Mock&lt;ICheckPermissionService:11&gt;, slopesRepositoryStub: Mock&lt;ISlopesRepository:9&gt;, sut: SlopesService { })" storage="/mnt/c/users/alena/desktop/7_sem/testing_and_debugging/skiresort/bl.tests/bin/debug/net6.0/bl.tests.dll" id="2669af72-d471-1054-db18-90f748058499">
      <Execution id="b2c056a8-245e-4575-9e1f-0d24d1617c76" />
      <TestMethod codeBase="/mnt/c/Users/alena/Desktop/7_sem/testing_and_debugging/SkiResort/BL.Tests/bin/Debug/net6.0/BL.Tests.dll" adapterTypeName="executor://xunit/VsTestRunner2/netcoreapp" className="BL.Tests.SlopesServiceTest" name="TestAdminAddSlopeAsync" />
    </UnitTest>
    <UnitTest name="BL.Tests.UsersServiceTests.TestAdminGetUsers" storage="/mnt/c/users/alena/desktop/7_sem/testing_and_debugging/skiresort/bl.tests/bin/debug/net6.0/bl.tests.dll" id="20ad8570-0170-85de-dcd7-2f109dd7bcd6">
      <Execution id="b9e27d82-b104-4644-be26-cbb51d04e442" />
      <TestMethod codeBase="/mnt/c/Users/alena/Desktop/7_sem/testing_and_debugging/SkiResort/BL.Tests/bin/Debug/net6.0/BL.Tests.dll" adapterTypeName="executor://xunit/VsTestRunner2/netcoreapp" className="BL.Tests.UsersServiceTests" name="TestAdminGetUsers" />
    </UnitTest>
    <UnitTest name="BL.Tests.CheckPermissionsServiceTests.UnauthorizedHasNoAccessToAdminSkiPatrolFunctions(functionName: &quot;GetMessagesAsync&quot;)" storage="/mnt/c/users/alena/desktop/7_sem/testing_and_debugging/skiresort/bl.tests/bin/debug/net6.0/bl.tests.dll" id="229812f5-9a73-5335-11f5-31330d1348a5">
      <Execution id="5b35938e-b673-4605-8c68-5ca7859a4dd8" />
      <TestMethod codeBase="/mnt/c/Users/alena/Desktop/7_sem/testing_and_debugging/SkiResort/BL.Tests/bin/Debug/net6.0/BL.Tests.dll" adapterTypeName="executor://xunit/VsTestRunner2/netcoreapp" className="BL.Tests.CheckPermissionsServiceTests" name="UnauthorizedHasNoAccessToAdminSkiPatrolFunctions" />
    </UnitTest>
    <UnitTest name="BL.Tests.LiftsServiceTest.TestGetLiftInfoAsync(userID: 170, lift: Lift { LiftID = 80, LiftName = liftName45992b15-4ac7-4c8d-aab9-b54962d7e33b, IsOpen = True, SeatsAmount = 165, LiftingTime = 22, QueueTime = 202, ConnectedSlopes =  }, checkPermissionServiceMock: Mock&lt;ICheckPermissionService:1&gt;, liftsRepositoryStub: Mock&lt;ILiftsRepository:1&gt;, liftsSlopesRepositoryStub: Mock&lt;ILiftsSlopesRepository:1&gt;, sut: LiftsService { })" storage="/mnt/c/users/alena/desktop/7_sem/testing_and_debugging/skiresort/bl.tests/bin/debug/net6.0/bl.tests.dll" id="a61d7bba-74ce-19b0-b6c0-61a4b340ee70">
      <Execution id="26e11911-b190-4c33-abcf-902358f9ca05" />
      <TestMethod codeBase="/mnt/c/Users/alena/Desktop/7_sem/testing_and_debugging/SkiResort/BL.Tests/bin/Debug/net6.0/BL.Tests.dll" adapterTypeName="executor://xunit/VsTestRunner2/netcoreapp" className="BL.Tests.LiftsServiceTest" name="TestGetLiftInfoAsync" />
    </UnitTest>
    <UnitTest name="BL.Tests.TurnstilesServiceTest.TestAdminUpdateTurnstileAsync(userID: 58, turnstile: Turnstile { TurnstileID = 249, LiftID = 36, IsOpen = True }, checkPermissionServiceMock: Mock&lt;ICheckPermissionService:14&gt;, turnstilesRepositoryStub: Mock&lt;ITurnstilesRepository:8&gt;, sut: TurnstilesService { })" storage="/mnt/c/users/alena/desktop/7_sem/testing_and_debugging/skiresort/bl.tests/bin/debug/net6.0/bl.tests.dll" id="e8ce64ac-2943-f062-4094-9741e11331c0">
      <Execution id="c6a0be05-bf98-430a-a02b-c8cfd2afd5c9" />
      <TestMethod codeBase="/mnt/c/Users/alena/Desktop/7_sem/testing_and_debugging/SkiResort/BL.Tests/bin/Debug/net6.0/BL.Tests.dll" adapterTypeName="executor://xunit/VsTestRunner2/netcoreapp" className="BL.Tests.TurnstilesServiceTest" name="TestAdminUpdateTurnstileAsync" />
    </UnitTest>
    <UnitTest name="BL.Tests.TurnstilesServiceTest.TestAdminGetTurnstileAsync(userID: 209, turnstile: Turnstile { TurnstileID = 19, LiftID = 30, IsOpen = True }, checkPermissionServiceMock: Mock&lt;ICheckPermissionService:12&gt;, turnstilesRepositoryStub: Mock&lt;ITurnstilesRepository:6&gt;, sut: TurnstilesService { })" storage="/mnt/c/users/alena/desktop/7_sem/testing_and_debugging/skiresort/bl.tests/bin/debug/net6.0/bl.tests.dll" id="33604104-6921-f895-dd82-d208b7d6314f">
      <Execution id="b70dfa33-df11-43a5-ad11-f7e2193d966b" />
      <TestMethod codeBase="/mnt/c/Users/alena/Desktop/7_sem/testing_and_debugging/SkiResort/BL.Tests/bin/Debug/net6.0/BL.Tests.dll" adapterTypeName="executor://xunit/VsTestRunner2/netcoreapp" className="BL.Tests.TurnstilesServiceTest" name="TestAdminGetTurnstileAsync" />
    </UnitTest>
    <UnitTest name="BL.Tests.CheckPermissionsServiceTests.AuthorizedHasNoAccessToAdminSkiPatrolFunctions(functionName: &quot;GetLiftsSlopesInfoAsync&quot;)" storage="/mnt/c/users/alena/desktop/7_sem/testing_and_debugging/skiresort/bl.tests/bin/debug/net6.0/bl.tests.dll" id="4f297306-d4f3-8d63-e7f4-1ac0b8c58c74">
      <Execution id="e88ece4b-fb39-41e4-b3e3-8a2b0ce19079" />
      <TestMethod codeBase="/mnt/c/Users/alena/Desktop/7_sem/testing_and_debugging/SkiResort/BL.Tests/bin/Debug/net6.0/BL.Tests.dll" adapterTypeName="executor://xunit/VsTestRunner2/netcoreapp" className="BL.Tests.CheckPermissionsServiceTests" name="AuthorizedHasNoAccessToAdminSkiPatrolFunctions" />
    </UnitTest>
    <UnitTest name="BL.Tests.LiftsSlopesServiceTests.TestGetLiftsSlopesInfoAsync(liftsSlopes: [LiftSlope { RecordID = 148, LiftID = 72, SlopeID = 203 }, LiftSlope { RecordID = 63, LiftID = 8, SlopeID = 100 }, LiftSlope { RecordID = 201, LiftID = 238, SlopeID = 47 }], slopesRepositoryStub: Mock&lt;ISlopesRepository:1&gt;, liftsRepositoryStub: Mock&lt;ILiftsRepository:6&gt;, liftsSlopesRepositoryStub: Mock&lt;ILiftsSlopesRepository:6&gt;)" storage="/mnt/c/users/alena/desktop/7_sem/testing_and_debugging/skiresort/bl.tests/bin/debug/net6.0/bl.tests.dll" id="e429852d-a6ed-7c2a-25fd-cd839b159d56">
      <Execution id="98040d57-1cda-4d3f-8751-2b3c45e9a8f9" />
      <TestMethod codeBase="/mnt/c/Users/alena/Desktop/7_sem/testing_and_debugging/SkiResort/BL.Tests/bin/Debug/net6.0/BL.Tests.dll" adapterTypeName="executor://xunit/VsTestRunner2/netcoreapp" className="BL.Tests.LiftsSlopesServiceTests" name="TestGetLiftsSlopesInfoAsync" />
    </UnitTest>
    <UnitTest name="BL.Tests.UsersServiceTests.TestRegisterOk" storage="/mnt/c/users/alena/desktop/7_sem/testing_and_debugging/skiresort/bl.tests/bin/debug/net6.0/bl.tests.dll" id="0eeef75f-6e38-7893-a8fe-cff3e0a970a7">
      <Execution id="f07dee40-b13e-42a9-901d-efc1eee87a90" />
      <TestMethod codeBase="/mnt/c/Users/alena/Desktop/7_sem/testing_and_debugging/SkiResort/BL.Tests/bin/Debug/net6.0/BL.Tests.dll" adapterTypeName="executor://xunit/VsTestRunner2/netcoreapp" className="BL.Tests.UsersServiceTests" name="TestRegisterOk" />
    </UnitTest>
    <UnitTest name="BL.Tests.LiftsServiceTest.TestAdminAddAutoIncrementLiftAsync(userID: 25, lift: Lift { LiftID = 169, LiftName = liftNamea5fd4b3c-61c5-4d40-baa7-319923f06b20, IsOpen = True, SeatsAmount = 91, LiftingTime = 248, QueueTime = 29, ConnectedSlopes =  }, checkPermissionServiceMock: Mock&lt;ICheckPermissionService:5&gt;, liftsRepositoryStub: Mock&lt;ILiftsRepository:5&gt;, sut: LiftsService { })" storage="/mnt/c/users/alena/desktop/7_sem/testing_and_debugging/skiresort/bl.tests/bin/debug/net6.0/bl.tests.dll" id="6e0aa730-77e4-a163-522e-dcbc8532d2dd">
      <Execution id="37962353-6934-4ad4-a631-4048ef9511c8" />
      <TestMethod codeBase="/mnt/c/Users/alena/Desktop/7_sem/testing_and_debugging/SkiResort/BL.Tests/bin/Debug/net6.0/BL.Tests.dll" adapterTypeName="executor://xunit/VsTestRunner2/netcoreapp" className="BL.Tests.LiftsServiceTest" name="TestAdminAddAutoIncrementLiftAsync" />
    </UnitTest>
    <UnitTest name="BL.Tests.SlopesServiceTest.TestGetSlopeInfoAsync(userID: 174, slope: Slope { SlopeID = 243, SlopeName = slopeName3cc64b74-e738-4bcf-a155-b897683f6e10, IsOpen = True, DifficultyLevel = 160, ConnectedLifts =  }, checkPermissionServiceMock: Mock&lt;ICheckPermissionService:6&gt;, slopesRepositoryStub: Mock&lt;ISlopesRepository:4&gt;, liftsSlopesRepositoryStub: Mock&lt;ILiftsSlopesRepository:9&gt;, sut: SlopesService { })" storage="/mnt/c/users/alena/desktop/7_sem/testing_and_debugging/skiresort/bl.tests/bin/debug/net6.0/bl.tests.dll" id="24a23201-b73e-362d-1ac6-04eee761aa5e">
      <Execution id="f308f0dc-c82e-486e-af6f-46c2cdc99a26" />
      <TestMethod codeBase="/mnt/c/Users/alena/Desktop/7_sem/testing_and_debugging/SkiResort/BL.Tests/bin/Debug/net6.0/BL.Tests.dll" adapterTypeName="executor://xunit/VsTestRunner2/netcoreapp" className="BL.Tests.SlopesServiceTest" name="TestGetSlopeInfoAsync" />
    </UnitTest>
    <UnitTest name="BL.Tests.TurnstilesServiceTest.TestAdminGetTurnstilesAsync(userID: 71, initialTurnstiles: [Turnstile { TurnstileID = 93, LiftID = 218, IsOpen = True }, Turnstile { TurnstileID = 19, LiftID = 141, IsOpen = False }, Turnstile { TurnstileID = 69, LiftID = 145, IsOpen = True }], checkPermissionServiceMock: Mock&lt;ICheckPermissionService:13&gt;, turnstilesRepositoryStub: Mock&lt;ITurnstilesRepository:7&gt;, sut: TurnstilesService { })" storage="/mnt/c/users/alena/desktop/7_sem/testing_and_debugging/skiresort/bl.tests/bin/debug/net6.0/bl.tests.dll" id="d4841404-ac24-d65f-a545-2c64d80205ea">
      <Execution id="0390b3a6-26c3-4f2b-914c-72cb24ad22b4" />
      <TestMethod codeBase="/mnt/c/Users/alena/Desktop/7_sem/testing_and_debugging/SkiResort/BL.Tests/bin/Debug/net6.0/BL.Tests.dll" adapterTypeName="executor://xunit/VsTestRunner2/netcoreapp" className="BL.Tests.TurnstilesServiceTest" name="TestAdminGetTurnstilesAsync" />
    </UnitTest>
    <UnitTest name="BL.Tests.CheckPermissionsServiceTests.AuthorizedHasAccessToAuthorizedFunctions(functionName: &quot;SendMessageAsync&quot;)" storage="/mnt/c/users/alena/desktop/7_sem/testing_and_debugging/skiresort/bl.tests/bin/debug/net6.0/bl.tests.dll" id="644ec43e-70cd-c82d-42e7-0d990be1414d">
      <Execution id="b13723ed-fb60-4a2a-9a9b-2c841b26de91" />
      <TestMethod codeBase="/mnt/c/Users/alena/Desktop/7_sem/testing_and_debugging/SkiResort/BL.Tests/bin/Debug/net6.0/BL.Tests.dll" adapterTypeName="executor://xunit/VsTestRunner2/netcoreapp" className="BL.Tests.CheckPermissionsServiceTests" name="AuthorizedHasAccessToAuthorizedFunctions" />
    </UnitTest>
    <UnitTest name="BL.Tests.CheckPermissionsServiceTests.UnauthorizedHasNoAccessToAuthorizedFunctions(functionName: &quot;LogOutAsync&quot;)" storage="/mnt/c/users/alena/desktop/7_sem/testing_and_debugging/skiresort/bl.tests/bin/debug/net6.0/bl.tests.dll" id="fa960c5e-f989-2880-784e-8efe538c5231">
      <Execution id="82e1e874-ec09-4f3c-8426-48bed43bb1d6" />
      <TestMethod codeBase="/mnt/c/Users/alena/Desktop/7_sem/testing_and_debugging/SkiResort/BL.Tests/bin/Debug/net6.0/BL.Tests.dll" adapterTypeName="executor://xunit/VsTestRunner2/netcoreapp" className="BL.Tests.CheckPermissionsServiceTests" name="UnauthorizedHasNoAccessToAuthorizedFunctions" />
    </UnitTest>
    <UnitTest name="BL.Tests.CheckPermissionsServiceTests.UnauthorizedHasNoAccessToAuthorizedFunctions(functionName: &quot;SendMessageAsync&quot;)" storage="/mnt/c/users/alena/desktop/7_sem/testing_and_debugging/skiresort/bl.tests/bin/debug/net6.0/bl.tests.dll" id="eaabd2fc-2f4b-5689-59c8-c7ad34a8f634">
      <Execution id="5042ad73-a0d3-4c0a-9698-c01bbae0d0e8" />
      <TestMethod codeBase="/mnt/c/Users/alena/Desktop/7_sem/testing_and_debugging/SkiResort/BL.Tests/bin/Debug/net6.0/BL.Tests.dll" adapterTypeName="executor://xunit/VsTestRunner2/netcoreapp" className="BL.Tests.CheckPermissionsServiceTests" name="UnauthorizedHasNoAccessToAuthorizedFunctions" />
    </UnitTest>
    <UnitTest name="BL.Tests.UsersServiceTests.TestRegisterUserWithRepeatedEmail" storage="/mnt/c/users/alena/desktop/7_sem/testing_and_debugging/skiresort/bl.tests/bin/debug/net6.0/bl.tests.dll" id="894941c1-bfa7-d8f9-c047-1e1ceefe2c2f">
      <Execution id="0a34f144-312a-44e5-b73e-591da73ad92f" />
      <TestMethod codeBase="/mnt/c/Users/alena/Desktop/7_sem/testing_and_debugging/SkiResort/BL.Tests/bin/Debug/net6.0/BL.Tests.dll" adapterTypeName="executor://xunit/VsTestRunner2/netcoreapp" className="BL.Tests.UsersServiceTests" name="TestRegisterUserWithRepeatedEmail" />
    </UnitTest>
    <UnitTest name="BL.Tests.LiftsSlopesServiceTests.TestAdminAddAutoIncrementLiftSlopeAsync(lift: Lift { LiftID = 92, LiftName = liftName00c9d71f-b052-436e-8067-060e9719a866, IsOpen = True, SeatsAmount = 122, LiftingTime = 69, QueueTime = 80, ConnectedSlopes =  }, slope: Slope { SlopeID = 178, SlopeName = slopeNamedf1ec077-5d71-4b2d-a152-756dc8ac4d7f, IsOpen = False, DifficultyLevel = 60, ConnectedLifts =  }, slopesRepositoryStub: Mock&lt;ISlopesRepository:3&gt;, l..." storage="/mnt/c/users/alena/desktop/7_sem/testing_and_debugging/skiresort/bl.tests/bin/debug/net6.0/bl.tests.dll" id="4b73c25d-e6cf-4bc0-5a51-ef78d69872a9">
      <Execution id="3dff73b4-5748-4f94-b0f2-7569674c6cfc" />
      <TestMethod codeBase="/mnt/c/Users/alena/Desktop/7_sem/testing_and_debugging/SkiResort/BL.Tests/bin/Debug/net6.0/BL.Tests.dll" adapterTypeName="executor://xunit/VsTestRunner2/netcoreapp" className="BL.Tests.LiftsSlopesServiceTests" name="TestAdminAddAutoIncrementLiftSlopeAsync" />
    </UnitTest>
    <UnitTest name="BL.Tests.UsersServiceTests.TestRegisterUserWithNoEmail" storage="/mnt/c/users/alena/desktop/7_sem/testing_and_debugging/skiresort/bl.tests/bin/debug/net6.0/bl.tests.dll" id="8184bd30-991c-b78d-b4ec-99a485eac0dd">
      <Execution id="5fbe3b75-448b-4adc-9387-b6a4ced88dfc" />
      <TestMethod codeBase="/mnt/c/Users/alena/Desktop/7_sem/testing_and_debugging/SkiResort/BL.Tests/bin/Debug/net6.0/BL.Tests.dll" adapterTypeName="executor://xunit/VsTestRunner2/netcoreapp" className="BL.Tests.UsersServiceTests" name="TestRegisterUserWithNoEmail" />
    </UnitTest>
    <UnitTest name="BL.Tests.LiftsSlopesServiceTests.TestAdminDeleteLiftSlopeAsync(lift: Lift { LiftID = 159, LiftName = liftNamed49db316-74d0-42e3-8449-73259730cb00, IsOpen = True, SeatsAmount = 97, LiftingTime = 148, QueueTime = 182, ConnectedSlopes =  }, slope: Slope { SlopeID = 41, SlopeName = slopeName09e652aa-d4c4-496a-8f41-0e665e7086c2, IsOpen = False, DifficultyLevel = 222, ConnectedLifts =  }, slopesRepositoryStub: Mock&lt;ISlopesRepository:2&gt;, liftsRepo..." storage="/mnt/c/users/alena/desktop/7_sem/testing_and_debugging/skiresort/bl.tests/bin/debug/net6.0/bl.tests.dll" id="f9af9364-30b8-e969-94a6-90cd5dcb103f">
      <Execution id="dc209f78-27f0-442e-babf-84185f4c2e80" />
      <TestMethod codeBase="/mnt/c/Users/alena/Desktop/7_sem/testing_and_debugging/SkiResort/BL.Tests/bin/Debug/net6.0/BL.Tests.dll" adapterTypeName="executor://xunit/VsTestRunner2/netcoreapp" className="BL.Tests.LiftsSlopesServiceTests" name="TestAdminDeleteLiftSlopeAsync" />
    </UnitTest>
  </TestDefinitions>
  <TestEntries>
    <TestEntry testId="67a45259-d15a-3b37-414e-939766ccfedf" executionId="b8457c09-f368-428c-b00d-31c0cadfd491" testListId="8c84fa94-04c1-424b-9868-57a2d4851a1d" />
    <TestEntry testId="a61d7bba-74ce-19b0-b6c0-61a4b340ee70" executionId="26e11911-b190-4c33-abcf-902358f9ca05" testListId="8c84fa94-04c1-424b-9868-57a2d4851a1d" />
    <TestEntry testId="492c0393-35b4-df26-a537-21ca08302f3c" executionId="b23995b7-8ed8-4475-8c10-fae7d7dacb93" testListId="8c84fa94-04c1-424b-9868-57a2d4851a1d" />
    <TestEntry testId="dc4b6d72-1572-a428-d4b8-3b7d9324df3c" executionId="af49662a-5c62-4549-a555-9cfe3254b655" testListId="8c84fa94-04c1-424b-9868-57a2d4851a1d" />
    <TestEntry testId="c36970dc-93f7-753e-fa47-157133b01644" executionId="2788daf0-f6e0-4d02-8a96-14c052dd89c3" testListId="8c84fa94-04c1-424b-9868-57a2d4851a1d" />
    <TestEntry testId="9d20547a-9ed9-227c-cf07-e2e73dda9662" executionId="43d9ecee-a5c7-4b91-b6ab-e587b0b15916" testListId="8c84fa94-04c1-424b-9868-57a2d4851a1d" />
    <TestEntry testId="1a47511c-cf9e-d6ed-2d9e-0855380c2e9d" executionId="1ccaf7b6-965d-4665-8083-cffef20c8236" testListId="8c84fa94-04c1-424b-9868-57a2d4851a1d" />
    <TestEntry testId="aa28a6b3-21d3-aa45-24d3-bef2facbc899" executionId="488e7f46-3524-41f6-9e52-63b60f7be7d6" testListId="8c84fa94-04c1-424b-9868-57a2d4851a1d" />
    <TestEntry testId="2d706594-f2b3-b3c8-21d4-86c9798c3306" executionId="b8f2b222-9168-4475-bf0c-c7a2e85d6685" testListId="8c84fa94-04c1-424b-9868-57a2d4851a1d" />
    <TestEntry testId="fa960c5e-f989-2880-784e-8efe538c5231" executionId="82e1e874-ec09-4f3c-8426-48bed43bb1d6" testListId="8c84fa94-04c1-424b-9868-57a2d4851a1d" />
    <TestEntry testId="a19a5fcf-c5d2-7d44-5d7d-84403042f4e0" executionId="6bd3be35-e53a-42b0-8eae-8c7b6173c09e" testListId="8c84fa94-04c1-424b-9868-57a2d4851a1d" />
    <TestEntry testId="31b70533-c599-8813-53e8-bf1e5b4aa7d0" executionId="38181d50-4084-4a70-8afd-8d2f1efe7ee2" testListId="8c84fa94-04c1-424b-9868-57a2d4851a1d" />
    <TestEntry testId="4f297306-d4f3-8d63-e7f4-1ac0b8c58c74" executionId="e88ece4b-fb39-41e4-b3e3-8a2b0ce19079" testListId="8c84fa94-04c1-424b-9868-57a2d4851a1d" />
    <TestEntry testId="eaabd2fc-2f4b-5689-59c8-c7ad34a8f634" executionId="5042ad73-a0d3-4c0a-9698-c01bbae0d0e8" testListId="8c84fa94-04c1-424b-9868-57a2d4851a1d" />
    <TestEntry testId="06d0bc3a-24a0-fb7f-4277-e9ae6d21c7dd" executionId="b35a0a31-a9fd-4959-b367-a40a40382ed5" testListId="8c84fa94-04c1-424b-9868-57a2d4851a1d" />
    <TestEntry testId="60bd668f-04df-da5e-b79b-5d9aedb5234d" executionId="51d39d34-c61a-4446-9425-31b1e830edf0" testListId="8c84fa94-04c1-424b-9868-57a2d4851a1d" />
    <TestEntry testId="0eeef75f-6e38-7893-a8fe-cff3e0a970a7" executionId="f07dee40-b13e-42a9-901d-efc1eee87a90" testListId="8c84fa94-04c1-424b-9868-57a2d4851a1d" />
    <TestEntry testId="1ca07ad8-f799-c5d4-e7cc-34fd950198a2" executionId="3c245ae3-e725-4e5d-954a-0b55ff4e59dc" testListId="8c84fa94-04c1-424b-9868-57a2d4851a1d" />
    <TestEntry testId="2669af72-d471-1054-db18-90f748058499" executionId="b2c056a8-245e-4575-9e1f-0d24d1617c76" testListId="8c84fa94-04c1-424b-9868-57a2d4851a1d" />
    <TestEntry testId="e8ce64ac-2943-f062-4094-9741e11331c0" executionId="c6a0be05-bf98-430a-a02b-c8cfd2afd5c9" testListId="8c84fa94-04c1-424b-9868-57a2d4851a1d" />
    <TestEntry testId="e5497347-2721-b7a6-0bd4-69a9921f6947" executionId="f7f2f86e-84d3-4c9c-a513-05e89c5c19c9" testListId="8c84fa94-04c1-424b-9868-57a2d4851a1d" />
    <TestEntry testId="f5d22f79-d531-8fc0-1931-07f65a8bc37c" executionId="960f8a04-7618-465d-94af-3cb7e89a1e24" testListId="8c84fa94-04c1-424b-9868-57a2d4851a1d" />
    <TestEntry testId="69340bb6-3645-f9dd-971e-29d8b2a009bb" executionId="e9a0de38-5e9e-4838-a01c-a0c3537375eb" testListId="8c84fa94-04c1-424b-9868-57a2d4851a1d" />
    <TestEntry testId="18fa8c62-e27d-e1fc-8182-4d7db62b008d" executionId="8c9330b9-0cc9-4d58-a26a-0d34e7b7760c" testListId="8c84fa94-04c1-424b-9868-57a2d4851a1d" />
    <TestEntry testId="e429852d-a6ed-7c2a-25fd-cd839b159d56" executionId="98040d57-1cda-4d3f-8751-2b3c45e9a8f9" testListId="8c84fa94-04c1-424b-9868-57a2d4851a1d" />
    <TestEntry testId="8184bd30-991c-b78d-b4ec-99a485eac0dd" executionId="5fbe3b75-448b-4adc-9387-b6a4ced88dfc" testListId="8c84fa94-04c1-424b-9868-57a2d4851a1d" />
    <TestEntry testId="24a23201-b73e-362d-1ac6-04eee761aa5e" executionId="f308f0dc-c82e-486e-af6f-46c2cdc99a26" testListId="8c84fa94-04c1-424b-9868-57a2d4851a1d" />
    <TestEntry testId="9c7df5e2-1b23-ebea-889f-b78ca86b60ab" executionId="8be5f8fe-5283-4b7a-90c2-14ebbecfc550" testListId="8c84fa94-04c1-424b-9868-57a2d4851a1d" />
    <TestEntry testId="6e1b31bf-25f7-686f-a321-9d47d2b01210" executionId="531f488f-1d95-4452-a9ba-d48fa0d4a522" testListId="8c84fa94-04c1-424b-9868-57a2d4851a1d" />
    <TestEntry testId="834c739b-eca4-b36d-6a66-5a1bd75377b8" executionId="25f24a6b-3429-42e4-83fb-a72dbc6e768e" testListId="8c84fa94-04c1-424b-9868-57a2d4851a1d" />
    <TestEntry testId="d5458c8d-711c-80f4-82ab-d122aa300341" executionId="be37e7a3-2790-439a-8b16-1c656aa9ea2d" testListId="8c84fa94-04c1-424b-9868-57a2d4851a1d" />
    <TestEntry testId="e2d7e5be-3dae-33ae-fb17-c704b6fd58d6" executionId="5d5a80f2-3910-4290-bd3a-e71380658e9e" testListId="8c84fa94-04c1-424b-9868-57a2d4851a1d" />
    <TestEntry testId="229812f5-9a73-5335-11f5-31330d1348a5" executionId="5b35938e-b673-4605-8c68-5ca7859a4dd8" testListId="8c84fa94-04c1-424b-9868-57a2d4851a1d" />
    <TestEntry testId="33604104-6921-f895-dd82-d208b7d6314f" executionId="b70dfa33-df11-43a5-ad11-f7e2193d966b" testListId="8c84fa94-04c1-424b-9868-57a2d4851a1d" />
    <TestEntry testId="f3efc418-a8a6-c7b7-9bac-90b33aa8472f" executionId="8ba076ee-0bce-42b2-a274-03e97cd21068" testListId="8c84fa94-04c1-424b-9868-57a2d4851a1d" />
    <TestEntry testId="20ad8570-0170-85de-dcd7-2f109dd7bcd6" executionId="b9e27d82-b104-4644-be26-cbb51d04e442" testListId="8c84fa94-04c1-424b-9868-57a2d4851a1d" />
    <TestEntry testId="6e0aa730-77e4-a163-522e-dcbc8532d2dd" executionId="37962353-6934-4ad4-a631-4048ef9511c8" testListId="8c84fa94-04c1-424b-9868-57a2d4851a1d" />
    <TestEntry testId="644ec43e-70cd-c82d-42e7-0d990be1414d" executionId="b13723ed-fb60-4a2a-9a9b-2c841b26de91" testListId="8c84fa94-04c1-424b-9868-57a2d4851a1d" />
    <TestEntry testId="387c9729-48c1-486e-5e67-f5d11a9f0db8" executionId="77c75a38-4865-4bc1-b05e-770ba34039f0" testListId="8c84fa94-04c1-424b-9868-57a2d4851a1d" />
    <TestEntry testId="f9af9364-30b8-e969-94a6-90cd5dcb103f" executionId="dc209f78-27f0-442e-babf-84185f4c2e80" testListId="8c84fa94-04c1-424b-9868-57a2d4851a1d" />
    <TestEntry testId="84fda93f-52ba-edc4-f501-532ece676691" executionId="10ce0d32-fd34-4699-801a-85e5d3244a68" testListId="8c84fa94-04c1-424b-9868-57a2d4851a1d" />
    <TestEntry testId="a2e59116-cb53-1d70-9cb8-21c286516866" executionId="22f1fe96-8121-4a9a-923e-a5910585acf1" testListId="8c84fa94-04c1-424b-9868-57a2d4851a1d" />
    <TestEntry testId="894941c1-bfa7-d8f9-c047-1e1ceefe2c2f" executionId="0a34f144-312a-44e5-b73e-591da73ad92f" testListId="8c84fa94-04c1-424b-9868-57a2d4851a1d" />
    <TestEntry testId="4b73c25d-e6cf-4bc0-5a51-ef78d69872a9" executionId="3dff73b4-5748-4f94-b0f2-7569674c6cfc" testListId="8c84fa94-04c1-424b-9868-57a2d4851a1d" />
    <TestEntry testId="2602613f-c8e2-a6d9-fcf7-5b27d4a770a6" executionId="131fb546-0da2-4c79-a5de-3e468feb84be" testListId="8c84fa94-04c1-424b-9868-57a2d4851a1d" />
    <TestEntry testId="f44a1b21-8efc-bfac-63b4-d534442def31" executionId="79dcb025-5afc-4add-9010-374a6b412644" testListId="8c84fa94-04c1-424b-9868-57a2d4851a1d" />
    <TestEntry testId="d4841404-ac24-d65f-a545-2c64d80205ea" executionId="0390b3a6-26c3-4f2b-914c-72cb24ad22b4" testListId="8c84fa94-04c1-424b-9868-57a2d4851a1d" />
  </TestEntries>
  <TestLists>
    <TestList name="Results Not in a List" id="8c84fa94-04c1-424b-9868-57a2d4851a1d" />
    <TestList name="All Loaded Results" id="19431567-8539-422a-85d7-44ee4e166bda" />
  </TestLists>
  <ResultSummary outcome="Completed">
    <Counters total="47" executed="47" passed="47" failed="0" error="0" timeout="0" aborted="0" inconclusive="0" passedButRunAborted="0" notRunnable="0" notExecuted="0" disconnected="0" warning="0" completed="0" inProgress="0" pending="0" />
    <Output>
      <StdOut>[xUnit.net 00:00:00.00] xUnit.net VSTest Adapter v2.4.5+1caef2f33e (64-bit .NET 6.0.10)
[xUnit.net 00:00:00.73]   Discovering: BL.Tests
[xUnit.net 00:00:00.96]   Discovered:  BL.Tests
[xUnit.net 00:00:00.97]   Starting:    BL.Tests
[xUnit.net 00:00:01.46]   Finished:    BL.Tests
</StdOut>
    </Output>
  </ResultSummary>
</TestRun>