<?xml version="1.0" encoding="utf-8"?>
<TestRun id="05516bd5-0c94-4f3f-810c-eec1292886e8" name="@DESKTOP-TJ9D65N 2022-11-03 10:04:11" xmlns="http://microsoft.com/schemas/VisualStudio/TeamTest/2010">
  <Times creation="2022-11-03T10:04:11.9532483+03:00" queuing="2022-11-03T10:04:11.9532485+03:00" start="2022-11-03T10:04:09.6891279+03:00" finish="2022-11-03T10:04:12.1696024+03:00" />
  <TestSettings name="default" id="7640b60d-f159-430e-bbc1-bbb291eb933e">
    <Deployment runDeploymentRoot="_DESKTOP-TJ9D65N_2022-11-03_10_04_11" />
  </TestSettings>
  <Results>
    <UnitTestResult executionId="6f0973af-4938-482d-ae0e-6a4e8cafc16b" testId="644ec43e-70cd-c82d-42e7-0d990be1414d" testName="BL.Tests.CheckPermissionsServiceTests.AuthorizedHasAccessToAuthorizedFunctions(functionName: &quot;SendMessageAsync&quot;)" computerName="DESKTOP-TJ9D65N" duration="00:00:00.0020791" startTime="2022-11-03T10:04:12.0444158+03:00" endTime="2022-11-03T10:04:12.0444158+03:00" testType="13cdc9d9-ddb5-4fa4-a97d-d965ccfc6d4b" outcome="Passed" testListId="8c84fa94-04c1-424b-9868-57a2d4851a1d" relativeResultsDirectory="6f0973af-4938-482d-ae0e-6a4e8cafc16b" />
    <UnitTestResult executionId="a5bfe1e9-4c86-4590-abaf-04e1ec7fa9c6" testId="bdcbe887-a382-db33-31bf-3f02add3e12f" testName="BL.Tests.TurnstilesServiceTest.TestAdminGetTurnstilesAsync(userID: 30, initialTurnstiles: [Turnstile { TurnstileID = 44, LiftID = 107, IsOpen = True }, Turnstile { TurnstileID = 94, LiftID = 117, IsOpen = False }, Turnstile { TurnstileID = 226, LiftID = 180, IsOpen = True }], checkPermissionServiceMock: Mock&lt;ICheckPermissionService:13&gt;, turnstilesRepositoryStub: Mock&lt;ITurnstilesRepository:7&gt;, sut: TurnstilesService { })" computerName="DESKTOP-TJ9D65N" duration="00:00:00.0103621" startTime="2022-11-03T10:04:11.9539551+03:00" endTime="2022-11-03T10:04:11.9539552+03:00" testType="13cdc9d9-ddb5-4fa4-a97d-d965ccfc6d4b" outcome="Passed" testListId="8c84fa94-04c1-424b-9868-57a2d4851a1d" relativeResultsDirectory="a5bfe1e9-4c86-4590-abaf-04e1ec7fa9c6" />
    <UnitTestResult executionId="3e2ebfaf-bc2e-4785-a16c-b4e8d7805c9d" testId="834c739b-eca4-b36d-6a66-5a1bd75377b8" testName="BL.Tests.UsersServiceTests.TestAdminAddAutoIncrementUser" computerName="DESKTOP-TJ9D65N" duration="00:00:00.0062865" startTime="2022-11-03T10:04:12.0245562+03:00" endTime="2022-11-03T10:04:12.0245563+03:00" testType="13cdc9d9-ddb5-4fa4-a97d-d965ccfc6d4b" outcome="Passed" testListId="8c84fa94-04c1-424b-9868-57a2d4851a1d" relativeResultsDirectory="3e2ebfaf-bc2e-4785-a16c-b4e8d7805c9d" />
    <UnitTestResult executionId="871544e5-5173-44d2-b754-0e2fc4645d8e" testId="e5497347-2721-b7a6-0bd4-69a9921f6947" testName="BL.Tests.UsersServiceTests.TestAdminGetUserByIDAsync" computerName="DESKTOP-TJ9D65N" duration="00:00:00.0049028" startTime="2022-11-03T10:04:12.0369851+03:00" endTime="2022-11-03T10:04:12.0369855+03:00" testType="13cdc9d9-ddb5-4fa4-a97d-d965ccfc6d4b" outcome="Passed" testListId="8c84fa94-04c1-424b-9868-57a2d4851a1d" relativeResultsDirectory="871544e5-5173-44d2-b754-0e2fc4645d8e" />
    <UnitTestResult executionId="2715c842-5e1b-495b-ba5a-d62a79377658" testId="fa960c5e-f989-2880-784e-8efe538c5231" testName="BL.Tests.CheckPermissionsServiceTests.UnauthorizedHasNoAccessToAuthorizedFunctions(functionName: &quot;LogOutAsync&quot;)" computerName="DESKTOP-TJ9D65N" duration="00:00:00.0025701" startTime="2022-11-03T10:04:11.9368056+03:00" endTime="2022-11-03T10:04:11.9368057+03:00" testType="13cdc9d9-ddb5-4fa4-a97d-d965ccfc6d4b" outcome="Passed" testListId="8c84fa94-04c1-424b-9868-57a2d4851a1d" relativeResultsDirectory="2715c842-5e1b-495b-ba5a-d62a79377658" />
    <UnitTestResult executionId="a3b08fe0-36a7-400f-87de-f5edc721429d" testId="2602613f-c8e2-a6d9-fcf7-5b27d4a770a6" testName="BL.Tests.CheckPermissionsServiceTests.AuthorizedHasNoAccessToAdminSkiPatrolFunctions(functionName: &quot;GetMessagesAsync&quot;)" computerName="DESKTOP-TJ9D65N" duration="00:00:00.0027053" startTime="2022-11-03T10:04:12.0155737+03:00" endTime="2022-11-03T10:04:12.0155738+03:00" testType="13cdc9d9-ddb5-4fa4-a97d-d965ccfc6d4b" outcome="Passed" testListId="8c84fa94-04c1-424b-9868-57a2d4851a1d" relativeResultsDirectory="a3b08fe0-36a7-400f-87de-f5edc721429d" />
    <UnitTestResult executionId="5661ca72-0840-4ae0-9dbe-8de7936cfd4b" testId="d49aa3b4-ed1d-86f7-2c1d-953874b80a22" testName="BL.Tests.SlopesServiceTest.TestUpdateSlopeInfoAsync(userID: 122, slope: Slope { SlopeID = 172, SlopeName = slopeNameb3492dbb-2a9b-41e1-b2c8-0b0797ff07a1, IsOpen = True, DifficultyLevel = 36, ConnectedLifts =  }, checkPermissionServiceMock: Mock&lt;ICheckPermissionService:8&gt;, slopesRepositoryStub: Mock&lt;ISlopesRepository:6&gt;, sut: SlopesService { })" computerName="DESKTOP-TJ9D65N" duration="00:00:00.0367495" startTime="2022-11-03T10:04:11.8157890+03:00" endTime="2022-11-03T10:04:11.8157891+03:00" testType="13cdc9d9-ddb5-4fa4-a97d-d965ccfc6d4b" outcome="Passed" testListId="8c84fa94-04c1-424b-9868-57a2d4851a1d" relativeResultsDirectory="5661ca72-0840-4ae0-9dbe-8de7936cfd4b" />
    <UnitTestResult executionId="9333418e-c3f9-468a-8274-480d93652e9c" testId="9c7df5e2-1b23-ebea-889f-b78ca86b60ab" testName="BL.Tests.CheckPermissionsServiceTests.AuthorizedHasNoAccessToAdminSkiPatrolFunctions(functionName: &quot;MarkMessageReadByUserAsync&quot;)" computerName="DESKTOP-TJ9D65N" duration="00:00:00.0011385" startTime="2022-11-03T10:04:12.0247971+03:00" endTime="2022-11-03T10:04:12.0247971+03:00" testType="13cdc9d9-ddb5-4fa4-a97d-d965ccfc6d4b" outcome="Passed" testListId="8c84fa94-04c1-424b-9868-57a2d4851a1d" relativeResultsDirectory="9333418e-c3f9-468a-8274-480d93652e9c" />
    <UnitTestResult executionId="14a598db-c2cd-4cf9-afbc-f5aafb7eab21" testId="1fb058c0-25b0-8145-4758-1b4675ce2807" testName="BL.Tests.TurnstilesServiceTest.TestAdminGetTurnstileAsync(userID: 103, turnstile: Turnstile { TurnstileID = 67, LiftID = 122, IsOpen = True }, checkPermissionServiceMock: Mock&lt;ICheckPermissionService:12&gt;, turnstilesRepositoryStub: Mock&lt;ITurnstilesRepository:6&gt;, sut: TurnstilesService { })" computerName="DESKTOP-TJ9D65N" duration="00:00:00.0062065" startTime="2022-11-03T10:04:11.9042548+03:00" endTime="2022-11-03T10:04:11.9042549+03:00" testType="13cdc9d9-ddb5-4fa4-a97d-d965ccfc6d4b" outcome="Passed" testListId="8c84fa94-04c1-424b-9868-57a2d4851a1d" relativeResultsDirectory="14a598db-c2cd-4cf9-afbc-f5aafb7eab21" />
    <UnitTestResult executionId="b4bbda0a-0cce-4867-8e5e-4a7f085dda6c" testId="06d0bc3a-24a0-fb7f-4277-e9ae6d21c7dd" testName="BL.Tests.UsersServiceTests.TestAdminUpdateUser" computerName="DESKTOP-TJ9D65N" duration="00:00:00.0083645" startTime="2022-11-03T10:04:11.9474422+03:00" endTime="2022-11-03T10:04:11.9474423+03:00" testType="13cdc9d9-ddb5-4fa4-a97d-d965ccfc6d4b" outcome="Passed" testListId="8c84fa94-04c1-424b-9868-57a2d4851a1d" relativeResultsDirectory="b4bbda0a-0cce-4867-8e5e-4a7f085dda6c" />
    <UnitTestResult executionId="1501f785-7f95-4e24-a525-23e46bf3aece" testId="936fe612-c2ac-c4ab-7170-0b1a0893db9b" testName="BL.Tests.LiftsServiceTest.TestAdminDeleteLiftAsync(userID: 160, lift: Lift { LiftID = 228, LiftName = liftName58a70b8e-db9c-49e2-9758-bb564cb9c3fe, IsOpen = True, SeatsAmount = 100, LiftingTime = 99, QueueTime = 82, ConnectedSlopes =  }, checkPermissionServiceMock: Mock&lt;ICheckPermissionService:4&gt;, liftsRepositoryStub: Mock&lt;ILiftsRepository:4&gt;, liftsSlopesRepositoryStub: Mock&lt;ILiftsSlopesRepository:4&gt;, sut: LiftsService { })" computerName="DESKTOP-TJ9D65N" duration="00:00:00.0144804" startTime="2022-11-03T10:04:11.9697386+03:00" endTime="2022-11-03T10:04:11.9697388+03:00" testType="13cdc9d9-ddb5-4fa4-a97d-d965ccfc6d4b" outcome="Passed" testListId="8c84fa94-04c1-424b-9868-57a2d4851a1d" relativeResultsDirectory="1501f785-7f95-4e24-a525-23e46bf3aece" />
    <UnitTestResult executionId="eb2fecdd-9246-4ef7-94b3-c177d18d621d" testId="2a5b0474-1e59-c18a-38d6-cdabd7b81e9f" testName="BL.Tests.TurnstilesServiceTest.TestAdminAddAutoIncrementTurnstileAsync(userID: 200, turnstile: Turnstile { TurnstileID = 107, LiftID = 23, IsOpen = True }, checkPermissionServiceMock: Mock&lt;ICheckPermissionService:16&gt;, turnstilesRepositoryStub: Mock&lt;ITurnstilesRepository:10&gt;, sut: TurnstilesService { })" computerName="DESKTOP-TJ9D65N" duration="00:00:00.0384595" startTime="2022-11-03T10:04:11.8158293+03:00" endTime="2022-11-03T10:04:11.8158294+03:00" testType="13cdc9d9-ddb5-4fa4-a97d-d965ccfc6d4b" outcome="Passed" testListId="8c84fa94-04c1-424b-9868-57a2d4851a1d" relativeResultsDirectory="eb2fecdd-9246-4ef7-94b3-c177d18d621d" />
    <UnitTestResult executionId="9d829189-c088-4f53-b817-8ca97f3c99e8" testId="c36970dc-93f7-753e-fa47-157133b01644" testName="BL.Tests.CheckPermissionsServiceTests.SkiPatrolHasAccessToAdminSkiPatrolFunctions(functionName: &quot;GetMessagesAsync&quot;)" computerName="DESKTOP-TJ9D65N" duration="00:00:00.0013094" startTime="2022-11-03T10:04:11.9850175+03:00" endTime="2022-11-03T10:04:11.9850176+03:00" testType="13cdc9d9-ddb5-4fa4-a97d-d965ccfc6d4b" outcome="Passed" testListId="8c84fa94-04c1-424b-9868-57a2d4851a1d" relativeResultsDirectory="9d829189-c088-4f53-b817-8ca97f3c99e8" />
    <UnitTestResult executionId="239a8719-046b-460e-8950-373631f8d6c8" testId="227ac6ef-abd4-cef2-5a29-817e2ac8afd7" testName="BL.Tests.LiftsServiceTest.TestGetLiftInfoAsync(userID: 4, lift: Lift { LiftID = 103, LiftName = liftNamea0dbd9f9-5b6c-44df-b5f5-82be508b9e13, IsOpen = True, SeatsAmount = 111, LiftingTime = 180, QueueTime = 54, ConnectedSlopes =  }, checkPermissionServiceMock: Mock&lt;ICheckPermissionService:1&gt;, liftsRepositoryStub: Mock&lt;ILiftsRepository:1&gt;, liftsSlopesRepositoryStub: Mock&lt;ILiftsSlopesRepository:1&gt;, sut: LiftsService { })" computerName="DESKTOP-TJ9D65N" duration="00:00:00.0092038" startTime="2022-11-03T10:04:11.9043017+03:00" endTime="2022-11-03T10:04:11.9043018+03:00" testType="13cdc9d9-ddb5-4fa4-a97d-d965ccfc6d4b" outcome="Passed" testListId="8c84fa94-04c1-424b-9868-57a2d4851a1d" relativeResultsDirectory="239a8719-046b-460e-8950-373631f8d6c8" />
    <UnitTestResult executionId="069a79cc-82ba-4e4d-b48e-3282be37f4c3" testId="229812f5-9a73-5335-11f5-31330d1348a5" testName="BL.Tests.CheckPermissionsServiceTests.UnauthorizedHasNoAccessToAdminSkiPatrolFunctions(functionName: &quot;GetMessagesAsync&quot;)" computerName="DESKTOP-TJ9D65N" duration="00:00:00.0016927" startTime="2022-11-03T10:04:11.9043299+03:00" endTime="2022-11-03T10:04:11.9043299+03:00" testType="13cdc9d9-ddb5-4fa4-a97d-d965ccfc6d4b" outcome="Passed" testListId="8c84fa94-04c1-424b-9868-57a2d4851a1d" relativeResultsDirectory="069a79cc-82ba-4e4d-b48e-3282be37f4c3" />
    <UnitTestResult executionId="a584ff7a-2713-48d3-848d-a6909bce7a04" testId="8605a120-2a9f-7f20-9e31-1ff3f36e07cb" testName="BL.Tests.LiftsServiceTest.TestGetLiftsInfoAsync(userID: 64, initialLifts: [Lift { LiftID = 251, LiftName = liftName2754e8c1-cf83-430d-9eb8-8b3046fa96b2, IsOpen = True, SeatsAmount = 105, LiftingTime = 53, QueueTime = 33, ConnectedSlopes =  }, Lift { LiftID = 149, LiftName = liftName69314c87-a7c1-4256-bbf9-a8e60c7c3f31, IsOpen = False, SeatsAmount = 135, LiftingTime = 126, QueueTime = 212, ConnectedSlopes =  }, Lift { LiftID = 20, LiftName = liftName6bd2ca4b-120e-4078-852a-1879f8d7e2f4, IsOpen = True, SeatsAmount = 216, LiftingTime = 224, QueueTime = 186, ConnectedSlopes =  }], checkPermissionServiceMock: Mock&lt;ICheckPermissionService:2&gt;, liftsRepositoryStub: Mock&lt;ILiftsRepository:2&gt;, liftsSlopesRepositoryStub: Mock&lt;ILiftsSlopesRepository:2&gt;, sut: LiftsService { })" computerName="DESKTOP-TJ9D65N" duration="00:00:00.0522493" startTime="2022-11-03T10:04:11.9423787+03:00" endTime="2022-11-03T10:04:11.9423789+03:00" testType="13cdc9d9-ddb5-4fa4-a97d-d965ccfc6d4b" outcome="Passed" testListId="8c84fa94-04c1-424b-9868-57a2d4851a1d" relativeResultsDirectory="a584ff7a-2713-48d3-848d-a6909bce7a04" />
    <UnitTestResult executionId="478841a9-5274-410d-8663-c0ff2f08f521" testId="a19a5fcf-c5d2-7d44-5d7d-84403042f4e0" testName="BL.Tests.CheckPermissionsServiceTests.UnauthorizedHasNoAccessToAdminSkiPatrolFunctions(functionName: &quot;MarkMessageReadByUserAsync&quot;)" computerName="DESKTOP-TJ9D65N" duration="00:00:00.0359968" startTime="2022-11-03T10:04:11.8121471+03:00" endTime="2022-11-03T10:04:11.8121743+03:00" testType="13cdc9d9-ddb5-4fa4-a97d-d965ccfc6d4b" outcome="Passed" testListId="8c84fa94-04c1-424b-9868-57a2d4851a1d" relativeResultsDirectory="478841a9-5274-410d-8663-c0ff2f08f521" />
    <UnitTestResult executionId="7f250e45-e8a1-49f5-af35-0ca2604ca140" testId="387c9729-48c1-486e-5e67-f5d11a9f0db8" testName="BL.Tests.CheckPermissionsServiceTests.UnauthorizedHasNoAccessToAdminSkiPatrolFunctions(functionName: &quot;GetLiftsSlopesInfoAsync&quot;)" computerName="DESKTOP-TJ9D65N" duration="00:00:00.0017955" startTime="2022-11-03T10:04:11.9036784+03:00" endTime="2022-11-03T10:04:11.9036785+03:00" testType="13cdc9d9-ddb5-4fa4-a97d-d965ccfc6d4b" outcome="Passed" testListId="8c84fa94-04c1-424b-9868-57a2d4851a1d" relativeResultsDirectory="7f250e45-e8a1-49f5-af35-0ca2604ca140" />
    <UnitTestResult executionId="b1e6978a-b47c-4ed1-8c45-3beb0413dbbc" testId="894941c1-bfa7-d8f9-c047-1e1ceefe2c2f" testName="BL.Tests.UsersServiceTests.TestRegisterUserWithRepeatedEmail" computerName="DESKTOP-TJ9D65N" duration="00:00:00.0053730" startTime="2022-11-03T10:04:11.9227930+03:00" endTime="2022-11-03T10:04:11.9227931+03:00" testType="13cdc9d9-ddb5-4fa4-a97d-d965ccfc6d4b" outcome="Passed" testListId="8c84fa94-04c1-424b-9868-57a2d4851a1d" relativeResultsDirectory="b1e6978a-b47c-4ed1-8c45-3beb0413dbbc" />
    <UnitTestResult executionId="0dc43a22-d922-4056-a414-6995bb5f4c40" testId="492c0393-35b4-df26-a537-21ca08302f3c" testName="BL.Tests.CheckPermissionsServiceTests.SkiPatrolHasNoAccessToAdminFunctions" computerName="DESKTOP-TJ9D65N" duration="00:00:00.0023448" startTime="2022-11-03T10:04:12.0756413+03:00" endTime="2022-11-03T10:04:12.0756414+03:00" testType="13cdc9d9-ddb5-4fa4-a97d-d965ccfc6d4b" outcome="Passed" testListId="8c84fa94-04c1-424b-9868-57a2d4851a1d" relativeResultsDirectory="0dc43a22-d922-4056-a414-6995bb5f4c40" />
    <UnitTestResult executionId="4e377e23-ceee-4c91-8ac0-0fe567d3dbaf" testId="e2d7e5be-3dae-33ae-fb17-c704b6fd58d6" testName="BL.Tests.CheckPermissionsServiceTests.UnauthorizedHasNoAccessToAdminFunctions" computerName="DESKTOP-TJ9D65N" duration="00:00:00.0025094" startTime="2022-11-03T10:04:12.0654560+03:00" endTime="2022-11-03T10:04:12.0654561+03:00" testType="13cdc9d9-ddb5-4fa4-a97d-d965ccfc6d4b" outcome="Passed" testListId="8c84fa94-04c1-424b-9868-57a2d4851a1d" relativeResultsDirectory="4e377e23-ceee-4c91-8ac0-0fe567d3dbaf" />
    <UnitTestResult executionId="8edaae11-f7c7-4de3-9c85-5e4a7b0558c7" testId="f44a1b21-8efc-bfac-63b4-d534442def31" testName="BL.Tests.UsersServiceTests.TestRegisterUserWithNoPassword" computerName="DESKTOP-TJ9D65N" duration="00:00:00.0013628" startTime="2022-11-03T10:04:11.9043631+03:00" endTime="2022-11-03T10:04:11.9043631+03:00" testType="13cdc9d9-ddb5-4fa4-a97d-d965ccfc6d4b" outcome="Passed" testListId="8c84fa94-04c1-424b-9868-57a2d4851a1d" relativeResultsDirectory="8edaae11-f7c7-4de3-9c85-5e4a7b0558c7" />
    <UnitTestResult executionId="5bbee415-fe57-4120-be36-d0518264cfe5" testId="69340bb6-3645-f9dd-971e-29d8b2a009bb" testName="BL.Tests.UsersServiceTests.TestLogInWithWrongPassword" computerName="DESKTOP-TJ9D65N" duration="00:00:00.0091504" startTime="2022-11-03T10:04:12.0091550+03:00" endTime="2022-11-03T10:04:12.0091551+03:00" testType="13cdc9d9-ddb5-4fa4-a97d-d965ccfc6d4b" outcome="Passed" testListId="8c84fa94-04c1-424b-9868-57a2d4851a1d" relativeResultsDirectory="5bbee415-fe57-4120-be36-d0518264cfe5" />
    <UnitTestResult executionId="3f0bd77f-7eff-4721-a2d6-453299e4502f" testId="3a27d68d-58aa-98ee-e030-3e318c24fade" testName="BL.Tests.SlopesServiceTest.TestAdminAddSlopeAsync(userID: 171, slope: Slope { SlopeID = 16, SlopeName = slopeName16842898-cc7a-45bc-b7b2-610b2713d695, IsOpen = True, DifficultyLevel = 17, ConnectedLifts =  }, checkPermissionServiceMock: Mock&lt;ICheckPermissionService:11&gt;, slopesRepositoryStub: Mock&lt;ISlopesRepository:9&gt;, sut: SlopesService { })" computerName="DESKTOP-TJ9D65N" duration="00:00:00.0067005" startTime="2022-11-03T10:04:11.9590277+03:00" endTime="2022-11-03T10:04:11.9590277+03:00" testType="13cdc9d9-ddb5-4fa4-a97d-d965ccfc6d4b" outcome="Passed" testListId="8c84fa94-04c1-424b-9868-57a2d4851a1d" relativeResultsDirectory="3f0bd77f-7eff-4721-a2d6-453299e4502f" />
    <UnitTestResult executionId="dda54a03-aac6-4631-98ba-e0e5d85baff3" testId="88afef1f-b446-9fb9-8065-0535da545020" testName="BL.Tests.TurnstilesServiceTest.TestAdminUpdateTurnstileAsync(userID: 153, turnstile: Turnstile { TurnstileID = 169, LiftID = 113, IsOpen = True }, checkPermissionServiceMock: Mock&lt;ICheckPermissionService:14&gt;, turnstilesRepositoryStub: Mock&lt;ITurnstilesRepository:8&gt;, sut: TurnstilesService { })" computerName="DESKTOP-TJ9D65N" duration="00:00:00.0081107" startTime="2022-11-03T10:04:11.9280738+03:00" endTime="2022-11-03T10:04:11.9280739+03:00" testType="13cdc9d9-ddb5-4fa4-a97d-d965ccfc6d4b" outcome="Passed" testListId="8c84fa94-04c1-424b-9868-57a2d4851a1d" relativeResultsDirectory="dda54a03-aac6-4631-98ba-e0e5d85baff3" />
    <UnitTestResult executionId="e9becb38-5dac-48fe-9016-55a89d09d786" testId="18fa8c62-e27d-e1fc-8182-4d7db62b008d" testName="BL.Tests.UsersServiceTests.TestAdminDeleteUser" computerName="DESKTOP-TJ9D65N" duration="00:00:00.0032555" startTime="2022-11-03T10:04:12.0477717+03:00" endTime="2022-11-03T10:04:12.0477718+03:00" testType="13cdc9d9-ddb5-4fa4-a97d-d965ccfc6d4b" outcome="Passed" testListId="8c84fa94-04c1-424b-9868-57a2d4851a1d" relativeResultsDirectory="e9becb38-5dac-48fe-9016-55a89d09d786" />
    <UnitTestResult executionId="add11c43-8b5e-4f17-a669-88d6633d2c08" testId="38f7a7c3-be88-777e-148d-e39f2077f7ba" testName="BL.Tests.SlopesServiceTest.TestGetSlopesInfoAsync(userID: 31, initialSlopes: [Slope { SlopeID = 172, SlopeName = slopeNameba089e6b-e8ed-4631-b589-39ea941fc7d0, IsOpen = True, DifficultyLevel = 17, ConnectedLifts =  }, Slope { SlopeID = 140, SlopeName = slopeName5f94ad60-59d9-4cce-bca2-38094db01714, IsOpen = False, DifficultyLevel = 141, ConnectedLifts =  }, Slope { SlopeID = 156, SlopeName = slopeNamef32db57c-3ce2-4145-a778-b8a23e8da832, IsOpen = True, DifficultyLevel = 116, ConnectedLifts =  }], checkPermissionServiceMock: Mock&lt;ICheckPermissionService:7&gt;, slopesRepositoryStub: Mock&lt;ISlopesRepository:5&gt;, liftsSlopesRepositoryStub: Mock&lt;ILiftsSlopesRepository:10&gt;, sut: SlopesService { })" computerName="DESKTOP-TJ9D65N" duration="00:00:00.0121666" startTime="2022-11-03T10:04:11.9851184+03:00" endTime="2022-11-03T10:04:11.9851185+03:00" testType="13cdc9d9-ddb5-4fa4-a97d-d965ccfc6d4b" outcome="Passed" testListId="8c84fa94-04c1-424b-9868-57a2d4851a1d" relativeResultsDirectory="add11c43-8b5e-4f17-a669-88d6633d2c08" />
    <UnitTestResult executionId="1753b919-3c6f-4aeb-a340-f0654639c002" testId="1fb9fbba-96bb-610e-abe5-9b612ca11c1a" testName="BL.Tests.SlopesServiceTest.TestGetSlopeInfoAsync(userID: 230, slope: Slope { SlopeID = 81, SlopeName = slopeName1928e328-9317-4289-9b54-8dd834f973f1, IsOpen = True, DifficultyLevel = 221, ConnectedLifts =  }, checkPermissionServiceMock: Mock&lt;ICheckPermissionService:6&gt;, slopesRepositoryStub: Mock&lt;ISlopesRepository:4&gt;, liftsSlopesRepositoryStub: Mock&lt;ILiftsSlopesRepository:9&gt;, sut: SlopesService { })" computerName="DESKTOP-TJ9D65N" duration="00:00:00.0109196" startTime="2022-11-03T10:04:11.9406973+03:00" endTime="2022-11-03T10:04:11.9406974+03:00" testType="13cdc9d9-ddb5-4fa4-a97d-d965ccfc6d4b" outcome="Passed" testListId="8c84fa94-04c1-424b-9868-57a2d4851a1d" relativeResultsDirectory="1753b919-3c6f-4aeb-a340-f0654639c002" />
    <UnitTestResult executionId="57d96736-03e0-46cd-b0ff-bf42b7bdb52a" testId="f3efc418-a8a6-c7b7-9bac-90b33aa8472f" testName="BL.Tests.CheckPermissionsServiceTests.AdminHasAccessToAllFunctions" computerName="DESKTOP-TJ9D65N" duration="00:00:00.0022901" startTime="2022-11-03T10:04:12.0854829+03:00" endTime="2022-11-03T10:04:12.0854830+03:00" testType="13cdc9d9-ddb5-4fa4-a97d-d965ccfc6d4b" outcome="Passed" testListId="8c84fa94-04c1-424b-9868-57a2d4851a1d" relativeResultsDirectory="57d96736-03e0-46cd-b0ff-bf42b7bdb52a" />
    <UnitTestResult executionId="dfa7aafa-6c9c-4d83-b8de-9ec69e37a6af" testId="60bd668f-04df-da5e-b79b-5d9aedb5234d" testName="BL.Tests.CheckPermissionsServiceTests.SkiPatrolHasAccessToAdminSkiPatrolFunctions(functionName: &quot;MarkMessageReadByUserAsync&quot;)" computerName="DESKTOP-TJ9D65N" duration="00:00:00.0012747" startTime="2022-11-03T10:04:11.9710353+03:00" endTime="2022-11-03T10:04:11.9710354+03:00" testType="13cdc9d9-ddb5-4fa4-a97d-d965ccfc6d4b" outcome="Passed" testListId="8c84fa94-04c1-424b-9868-57a2d4851a1d" relativeResultsDirectory="dfa7aafa-6c9c-4d83-b8de-9ec69e37a6af" />
    <UnitTestResult executionId="dff76bd4-be96-4198-bc5b-b6c6ec3e0e97" testId="b4f6a825-4204-1d78-e6b1-1e4eb6661a9b" testName="BL.Tests.LiftsServiceTest.TestUpdateLiftInfoAsync(userID: 223, lift: Lift { LiftID = 15, LiftName = liftName8095a96b-fe86-4505-ae9d-8864ac457658, IsOpen = True, SeatsAmount = 88, LiftingTime = 99, QueueTime = 94, ConnectedSlopes =  }, checkPermissionServiceMock: Mock&lt;ICheckPermissionService:3&gt;, liftsRepositoryStub: Mock&lt;ILiftsRepository:3&gt;, sut: LiftsService { })" computerName="DESKTOP-TJ9D65N" duration="00:00:00.0371232" startTime="2022-11-03T10:04:11.8158395+03:00" endTime="2022-11-03T10:04:11.8158395+03:00" testType="13cdc9d9-ddb5-4fa4-a97d-d965ccfc6d4b" outcome="Passed" testListId="8c84fa94-04c1-424b-9868-57a2d4851a1d" relativeResultsDirectory="dff76bd4-be96-4198-bc5b-b6c6ec3e0e97" />
    <UnitTestResult executionId="d7e3f9b3-1e58-485c-b902-2056b38344ed" testId="eb586db7-06a9-0431-b60f-15ab62311859" testName="BL.Tests.LiftsServiceTest.TestAdminAddAutoIncrementLiftAsync(userID: 161, lift: Lift { LiftID = 52, LiftName = liftName8985cce1-8f59-46ff-a025-8e27048a58c9, IsOpen = True, SeatsAmount = 122, LiftingTime = 211, QueueTime = 222, ConnectedSlopes =  }, checkPermissionServiceMock: Mock&lt;ICheckPermissionService:5&gt;, liftsRepositoryStub: Mock&lt;ILiftsRepository:5&gt;, sut: LiftsService { })" computerName="DESKTOP-TJ9D65N" duration="00:00:00.0097109" startTime="2022-11-03T10:04:11.9920508+03:00" endTime="2022-11-03T10:04:11.9920509+03:00" testType="13cdc9d9-ddb5-4fa4-a97d-d965ccfc6d4b" outcome="Passed" testListId="8c84fa94-04c1-424b-9868-57a2d4851a1d" relativeResultsDirectory="d7e3f9b3-1e58-485c-b902-2056b38344ed" />
    <UnitTestResult executionId="69dab45b-f879-43b3-8e01-90b8a01fe879" testId="2ce85b42-a174-8422-f5f7-738ed2af157e" testName="BL.Tests.LiftsSlopesServiceTests.TestAdminAddAutoIncrementLiftSlopeAsync(lift: Lift { LiftID = 155, LiftName = liftName7bdfd03f-0198-458a-8580-439f00fdff9e, IsOpen = True, SeatsAmount = 105, LiftingTime = 167, QueueTime = 228, ConnectedSlopes =  }, slope: Slope { SlopeID = 199, SlopeName = slopeName6933f6b2-2d51-461d-a913-50b5811218e8, IsOpen = False, DifficultyLevel = 207, ConnectedLifts =  }, slopesRepositoryStub: Mock&lt;ISlopesRepository:3&gt;, liftsRepositoryStub: Mock&lt;ILiftsRepository:8&gt;, liftsSlopesRepositoryStub: Mock&lt;ILiftsSlopesRepository:8&gt;)" computerName="DESKTOP-TJ9D65N" duration="00:00:00.0146818" startTime="2022-11-03T10:04:11.9056997+03:00" endTime="2022-11-03T10:04:11.9056998+03:00" testType="13cdc9d9-ddb5-4fa4-a97d-d965ccfc6d4b" outcome="Passed" testListId="8c84fa94-04c1-424b-9868-57a2d4851a1d" relativeResultsDirectory="69dab45b-f879-43b3-8e01-90b8a01fe879" />
    <UnitTestResult executionId="25165800-13c1-487b-85f0-05701a69532c" testId="eaabd2fc-2f4b-5689-59c8-c7ad34a8f634" testName="BL.Tests.CheckPermissionsServiceTests.UnauthorizedHasNoAccessToAuthorizedFunctions(functionName: &quot;SendMessageAsync&quot;)" computerName="DESKTOP-TJ9D65N" duration="00:00:00.0034465" startTime="2022-11-03T10:04:11.9056899+03:00" endTime="2022-11-03T10:04:11.9056900+03:00" testType="13cdc9d9-ddb5-4fa4-a97d-d965ccfc6d4b" outcome="Passed" testListId="8c84fa94-04c1-424b-9868-57a2d4851a1d" relativeResultsDirectory="25165800-13c1-487b-85f0-05701a69532c" />
    <UnitTestResult executionId="d3623677-6358-4bd4-b018-7926ca154e23" testId="4f297306-d4f3-8d63-e7f4-1ac0b8c58c74" testName="BL.Tests.CheckPermissionsServiceTests.AuthorizedHasNoAccessToAdminSkiPatrolFunctions(functionName: &quot;GetLiftsSlopesInfoAsync&quot;)" computerName="DESKTOP-TJ9D65N" duration="00:00:00.0011871" startTime="2022-11-03T10:04:12.0346886+03:00" endTime="2022-11-03T10:04:12.0346887+03:00" testType="13cdc9d9-ddb5-4fa4-a97d-d965ccfc6d4b" outcome="Passed" testListId="8c84fa94-04c1-424b-9868-57a2d4851a1d" relativeResultsDirectory="d3623677-6358-4bd4-b018-7926ca154e23" />
    <UnitTestResult executionId="ee9949ab-178c-495a-b6f9-a79a14bd77b8" testId="e2a79930-6f68-a5d2-75e1-140f721203fa" testName="BL.Tests.TurnstilesServiceTest.TestAdminDeleteTurnstileAsync(userID: 214, turnstile: Turnstile { TurnstileID = 223, LiftID = 200, IsOpen = True }, checkPermissionServiceMock: Mock&lt;ICheckPermissionService:15&gt;, turnstilesRepositoryStub: Mock&lt;ITurnstilesRepository:9&gt;, sut: TurnstilesService { })" computerName="DESKTOP-TJ9D65N" duration="00:00:00.0050063" startTime="2022-11-03T10:04:11.9056038+03:00" endTime="2022-11-03T10:04:11.9056039+03:00" testType="13cdc9d9-ddb5-4fa4-a97d-d965ccfc6d4b" outcome="Passed" testListId="8c84fa94-04c1-424b-9868-57a2d4851a1d" relativeResultsDirectory="ee9949ab-178c-495a-b6f9-a79a14bd77b8" />
    <UnitTestResult executionId="9379659c-9d15-4c76-b68c-364ff4c972ca" testId="0eeef75f-6e38-7893-a8fe-cff3e0a970a7" testName="BL.Tests.UsersServiceTests.TestRegisterOk" computerName="DESKTOP-TJ9D65N" duration="00:00:00.0144764" startTime="2022-11-03T10:04:11.9724575+03:00" endTime="2022-11-03T10:04:11.9724576+03:00" testType="13cdc9d9-ddb5-4fa4-a97d-d965ccfc6d4b" outcome="Passed" testListId="8c84fa94-04c1-424b-9868-57a2d4851a1d" relativeResultsDirectory="9379659c-9d15-4c76-b68c-364ff4c972ca" />
    <UnitTestResult executionId="3dee9f54-55bf-4cfd-bb6f-58522a5179ae" testId="2d706594-f2b3-b3c8-21d4-86c9798c3306" testName="BL.Tests.CheckPermissionsServiceTests.SkiPatrolHasAccessToAdminSkiPatrolFunctions(functionName: &quot;GetLiftsSlopesInfoAsync&quot;)" computerName="DESKTOP-TJ9D65N" duration="00:00:00.0066935" startTime="2022-11-03T10:04:11.9546983+03:00" endTime="2022-11-03T10:04:11.9546984+03:00" testType="13cdc9d9-ddb5-4fa4-a97d-d965ccfc6d4b" outcome="Passed" testListId="8c84fa94-04c1-424b-9868-57a2d4851a1d" relativeResultsDirectory="3dee9f54-55bf-4cfd-bb6f-58522a5179ae" />
    <UnitTestResult executionId="01804d8c-5896-45e1-a0e5-058c9526e909" testId="e1b53f46-ba9f-a2dd-b0c5-1ec3293f16f9" testName="BL.Tests.LiftsSlopesServiceTests.TestAdminDeleteLiftSlopeAsync(lift: Lift { LiftID = 110, LiftName = liftNamed361de62-c431-4909-8402-99a08283bb1d, IsOpen = True, SeatsAmount = 22, LiftingTime = 199, QueueTime = 236, ConnectedSlopes =  }, slope: Slope { SlopeID = 56, SlopeName = slopeNamee432b46b-7287-4c66-bee5-8cde2ae9017a, IsOpen = False, DifficultyLevel = 75, ConnectedLifts =  }, slopesRepositoryStub: Mock&lt;ISlopesRepository:2&gt;, liftsRepositoryStub: Mock&lt;ILiftsRepository:7&gt;, liftsSlopesRepositoryStub: Mock&lt;ILiftsSlopesRepository:7&gt;)" computerName="DESKTOP-TJ9D65N" duration="00:00:00.0075680" startTime="2022-11-03T10:04:11.9042818+03:00" endTime="2022-11-03T10:04:11.9042819+03:00" testType="13cdc9d9-ddb5-4fa4-a97d-d965ccfc6d4b" outcome="Passed" testListId="8c84fa94-04c1-424b-9868-57a2d4851a1d" relativeResultsDirectory="01804d8c-5896-45e1-a0e5-058c9526e909" />
    <UnitTestResult executionId="785bee95-3774-437f-8d11-a02a7ccf52ed" testId="1ca07ad8-f799-c5d4-e7cc-34fd950198a2" testName="BL.Tests.UsersServiceTests.TestLogInOk" computerName="DESKTOP-TJ9D65N" duration="00:00:00.0038226" startTime="2022-11-03T10:04:11.9893729+03:00" endTime="2022-11-03T10:04:11.9893730+03:00" testType="13cdc9d9-ddb5-4fa4-a97d-d965ccfc6d4b" outcome="Passed" testListId="8c84fa94-04c1-424b-9868-57a2d4851a1d" relativeResultsDirectory="785bee95-3774-437f-8d11-a02a7ccf52ed" />
    <UnitTestResult executionId="4125f42f-4a76-4ada-8c96-149a6eccfa20" testId="e429852d-a6ed-7c2a-25fd-cd839b159d56" testName="BL.Tests.LiftsSlopesServiceTests.TestGetLiftsSlopesInfoAsync(liftsSlopes: [LiftSlope { RecordID = 204, LiftID = 36, SlopeID = 207 }, LiftSlope { RecordID = 189, LiftID = 203, SlopeID = 10 }, LiftSlope { RecordID = 12, LiftID = 178, SlopeID = 113 }], slopesRepositoryStub: Mock&lt;ISlopesRepository:1&gt;, liftsRepositoryStub: Mock&lt;ILiftsRepository:6&gt;, liftsSlopesRepositoryStub: Mock&lt;ILiftsSlopesRepository:6&gt;)" computerName="DESKTOP-TJ9D65N" duration="00:00:00.0439153" startTime="2022-11-03T10:04:11.8158891+03:00" endTime="2022-11-03T10:04:11.8158891+03:00" testType="13cdc9d9-ddb5-4fa4-a97d-d965ccfc6d4b" outcome="Passed" testListId="8c84fa94-04c1-424b-9868-57a2d4851a1d" relativeResultsDirectory="4125f42f-4a76-4ada-8c96-149a6eccfa20" />
    <UnitTestResult executionId="12931533-af2a-47f7-80fd-5b9850085e1f" testId="aa28a6b3-21d3-aa45-24d3-bef2facbc899" testName="BL.Tests.CheckPermissionsServiceTests.AuthorizedHasAccessToAuthorizedFunctions(functionName: &quot;LogOutAsync&quot;)" computerName="DESKTOP-TJ9D65N" duration="00:00:00.0015627" startTime="2022-11-03T10:04:12.0549851+03:00" endTime="2022-11-03T10:04:12.0549852+03:00" testType="13cdc9d9-ddb5-4fa4-a97d-d965ccfc6d4b" outcome="Passed" testListId="8c84fa94-04c1-424b-9868-57a2d4851a1d" relativeResultsDirectory="12931533-af2a-47f7-80fd-5b9850085e1f" />
    <UnitTestResult executionId="5ba99103-8495-477e-8c2a-2a0cf4917601" testId="a2e59116-cb53-1d70-9cb8-21c286516866" testName="BL.Tests.CheckPermissionsServiceTests.AuthorizedHasNoAccessToAdminFunctions" computerName="DESKTOP-TJ9D65N" duration="00:00:00.0042408" startTime="2022-11-03T10:04:11.9982097+03:00" endTime="2022-11-03T10:04:11.9982098+03:00" testType="13cdc9d9-ddb5-4fa4-a97d-d965ccfc6d4b" outcome="Passed" testListId="8c84fa94-04c1-424b-9868-57a2d4851a1d" relativeResultsDirectory="5ba99103-8495-477e-8c2a-2a0cf4917601" />
    <UnitTestResult executionId="cdee97ad-4025-4870-a8ef-97fe4b8f078f" testId="20ad8570-0170-85de-dcd7-2f109dd7bcd6" testName="BL.Tests.UsersServiceTests.TestAdminGetUsers" computerName="DESKTOP-TJ9D65N" duration="00:00:00.0437409" startTime="2022-11-03T10:04:11.8158982+03:00" endTime="2022-11-03T10:04:11.8158982+03:00" testType="13cdc9d9-ddb5-4fa4-a97d-d965ccfc6d4b" outcome="Passed" testListId="8c84fa94-04c1-424b-9868-57a2d4851a1d" relativeResultsDirectory="cdee97ad-4025-4870-a8ef-97fe4b8f078f" />
    <UnitTestResult executionId="4dfbb8a3-802c-405b-947d-07450c03cc6d" testId="57007638-1077-3e9c-2b6e-4fa33da34f0b" testName="BL.Tests.SlopesServiceTest.TestAdminAddAutoIncrementSlopeAsync(userID: 110, slope: Slope { SlopeID = 213, SlopeName = slopeNamee81aebea-81d3-4089-85b1-744130ab4296, IsOpen = True, DifficultyLevel = 64, ConnectedLifts =  }, checkPermissionServiceMock: Mock&lt;ICheckPermissionService:10&gt;, slopesRepositoryStub: Mock&lt;ISlopesRepository:8&gt;, sut: SlopesService { })" computerName="DESKTOP-TJ9D65N" duration="00:00:00.0125805" startTime="2022-11-03T10:04:11.9056790+03:00" endTime="2022-11-03T10:04:11.9056791+03:00" testType="13cdc9d9-ddb5-4fa4-a97d-d965ccfc6d4b" outcome="Passed" testListId="8c84fa94-04c1-424b-9868-57a2d4851a1d" relativeResultsDirectory="4dfbb8a3-802c-405b-947d-07450c03cc6d" />
    <UnitTestResult executionId="81a978a3-c1cd-49e1-81eb-70b39d1f31c7" testId="11f650e6-0886-de9c-3676-5ff16c40de48" testName="BL.Tests.SlopesServiceTest.TestAdminDeleteSlopeAsync(userID: 93, slope: Slope { SlopeID = 158, SlopeName = slopeName4ba1e206-5ba7-4a96-8b09-9f9beb8ee6b4, IsOpen = True, DifficultyLevel = 183, ConnectedLifts =  }, checkPermissionServiceMock: Mock&lt;ICheckPermissionService:9&gt;, slopesRepositoryStub: Mock&lt;ISlopesRepository:7&gt;, liftsSlopesRepositoryStub: Mock&lt;ILiftsSlopesRepository:12&gt;, sut: SlopesService { })" computerName="DESKTOP-TJ9D65N" duration="00:00:00.0052309" startTime="2022-11-03T10:04:11.9042714+03:00" endTime="2022-11-03T10:04:11.9042715+03:00" testType="13cdc9d9-ddb5-4fa4-a97d-d965ccfc6d4b" outcome="Passed" testListId="8c84fa94-04c1-424b-9868-57a2d4851a1d" relativeResultsDirectory="81a978a3-c1cd-49e1-81eb-70b39d1f31c7" />
    <UnitTestResult executionId="a5feb3e4-c2de-46c8-b224-c4e1f78dd909" testId="8184bd30-991c-b78d-b4ec-99a485eac0dd" testName="BL.Tests.UsersServiceTests.TestRegisterUserWithNoEmail" computerName="DESKTOP-TJ9D65N" duration="00:00:00.0030219" startTime="2022-11-03T10:04:11.9042271+03:00" endTime="2022-11-03T10:04:11.9042271+03:00" testType="13cdc9d9-ddb5-4fa4-a97d-d965ccfc6d4b" outcome="Passed" testListId="8c84fa94-04c1-424b-9868-57a2d4851a1d" relativeResultsDirectory="a5feb3e4-c2de-46c8-b224-c4e1f78dd909" />
  </Results>
  <TestDefinitions>
    <UnitTest name="BL.Tests.CheckPermissionsServiceTests.AuthorizedHasNoAccessToAdminSkiPatrolFunctions(functionName: &quot;MarkMessageReadByUserAsync&quot;)" storage="/mnt/c/users/alena/desktop/7_sem/testing_and_debugging/skiresort/bl.tests/bin/debug/net6.0/bl.tests.dll" id="9c7df5e2-1b23-ebea-889f-b78ca86b60ab">
      <Execution id="9333418e-c3f9-468a-8274-480d93652e9c" />
      <TestMethod codeBase="/mnt/c/Users/alena/Desktop/7_sem/testing_and_debugging/SkiResort/BL.Tests/bin/Debug/net6.0/BL.Tests.dll" adapterTypeName="executor://xunit/VsTestRunner2/netcoreapp" className="BL.Tests.CheckPermissionsServiceTests" name="AuthorizedHasNoAccessToAdminSkiPatrolFunctions" />
    </UnitTest>
    <UnitTest name="BL.Tests.CheckPermissionsServiceTests.UnauthorizedHasNoAccessToAdminSkiPatrolFunctions(functionName: &quot;MarkMessageReadByUserAsync&quot;)" storage="/mnt/c/users/alena/desktop/7_sem/testing_and_debugging/skiresort/bl.tests/bin/debug/net6.0/bl.tests.dll" id="a19a5fcf-c5d2-7d44-5d7d-84403042f4e0">
      <Execution id="478841a9-5274-410d-8663-c0ff2f08f521" />
      <TestMethod codeBase="/mnt/c/Users/alena/Desktop/7_sem/testing_and_debugging/SkiResort/BL.Tests/bin/Debug/net6.0/BL.Tests.dll" adapterTypeName="executor://xunit/VsTestRunner2/netcoreapp" className="BL.Tests.CheckPermissionsServiceTests" name="UnauthorizedHasNoAccessToAdminSkiPatrolFunctions" />
    </UnitTest>
    <UnitTest name="BL.Tests.SlopesServiceTest.TestGetSlopesInfoAsync(userID: 31, initialSlopes: [Slope { SlopeID = 172, SlopeName = slopeNameba089e6b-e8ed-4631-b589-39ea941fc7d0, IsOpen = True, DifficultyLevel = 17, ConnectedLifts =  }, Slope { SlopeID = 140, SlopeName = slopeName5f94ad60-59d9-4cce-bca2-38094db01714, IsOpen = False, DifficultyLevel = 141, ConnectedLifts =  }, Slope { SlopeID = 156, SlopeName = slopeNamef32db57c-3ce2-4145-a778-b8a23e8da832, Is..." storage="/mnt/c/users/alena/desktop/7_sem/testing_and_debugging/skiresort/bl.tests/bin/debug/net6.0/bl.tests.dll" id="38f7a7c3-be88-777e-148d-e39f2077f7ba">
      <Execution id="add11c43-8b5e-4f17-a669-88d6633d2c08" />
      <TestMethod codeBase="/mnt/c/Users/alena/Desktop/7_sem/testing_and_debugging/SkiResort/BL.Tests/bin/Debug/net6.0/BL.Tests.dll" adapterTypeName="executor://xunit/VsTestRunner2/netcoreapp" className="BL.Tests.SlopesServiceTest" name="TestGetSlopesInfoAsync" />
    </UnitTest>
    <UnitTest name="BL.Tests.LiftsServiceTest.TestGetLiftsInfoAsync(userID: 64, initialLifts: [Lift { LiftID = 251, LiftName = liftName2754e8c1-cf83-430d-9eb8-8b3046fa96b2, IsOpen = True, SeatsAmount = 105, LiftingTime = 53, QueueTime = 33, ConnectedSlopes =  }, Lift { LiftID = 149, LiftName = liftName69314c87-a7c1-4256-bbf9-a8e60c7c3f31, IsOpen = False, SeatsAmount = 135, LiftingTime = 126, QueueTime = 212, ConnectedSlopes =  }, Lift { LiftID = 20, LiftName =..." storage="/mnt/c/users/alena/desktop/7_sem/testing_and_debugging/skiresort/bl.tests/bin/debug/net6.0/bl.tests.dll" id="8605a120-2a9f-7f20-9e31-1ff3f36e07cb">
      <Execution id="a584ff7a-2713-48d3-848d-a6909bce7a04" />
      <TestMethod codeBase="/mnt/c/Users/alena/Desktop/7_sem/testing_and_debugging/SkiResort/BL.Tests/bin/Debug/net6.0/BL.Tests.dll" adapterTypeName="executor://xunit/VsTestRunner2/netcoreapp" className="BL.Tests.LiftsServiceTest" name="TestGetLiftsInfoAsync" />
    </UnitTest>
    <UnitTest name="BL.Tests.CheckPermissionsServiceTests.AuthorizedHasNoAccessToAdminSkiPatrolFunctions(functionName: &quot;GetMessagesAsync&quot;)" storage="/mnt/c/users/alena/desktop/7_sem/testing_and_debugging/skiresort/bl.tests/bin/debug/net6.0/bl.tests.dll" id="2602613f-c8e2-a6d9-fcf7-5b27d4a770a6">
      <Execution id="a3b08fe0-36a7-400f-87de-f5edc721429d" />
      <TestMethod codeBase="/mnt/c/Users/alena/Desktop/7_sem/testing_and_debugging/SkiResort/BL.Tests/bin/Debug/net6.0/BL.Tests.dll" adapterTypeName="executor://xunit/VsTestRunner2/netcoreapp" className="BL.Tests.CheckPermissionsServiceTests" name="AuthorizedHasNoAccessToAdminSkiPatrolFunctions" />
    </UnitTest>
    <UnitTest name="BL.Tests.CheckPermissionsServiceTests.AuthorizedHasNoAccessToAdminFunctions" storage="/mnt/c/users/alena/desktop/7_sem/testing_and_debugging/skiresort/bl.tests/bin/debug/net6.0/bl.tests.dll" id="a2e59116-cb53-1d70-9cb8-21c286516866">
      <Execution id="5ba99103-8495-477e-8c2a-2a0cf4917601" />
      <TestMethod codeBase="/mnt/c/Users/alena/Desktop/7_sem/testing_and_debugging/SkiResort/BL.Tests/bin/Debug/net6.0/BL.Tests.dll" adapterTypeName="executor://xunit/VsTestRunner2/netcoreapp" className="BL.Tests.CheckPermissionsServiceTests" name="AuthorizedHasNoAccessToAdminFunctions" />
    </UnitTest>
    <UnitTest name="BL.Tests.CheckPermissionsServiceTests.SkiPatrolHasAccessToAdminSkiPatrolFunctions(functionName: &quot;GetMessagesAsync&quot;)" storage="/mnt/c/users/alena/desktop/7_sem/testing_and_debugging/skiresort/bl.tests/bin/debug/net6.0/bl.tests.dll" id="c36970dc-93f7-753e-fa47-157133b01644">
      <Execution id="9d829189-c088-4f53-b817-8ca97f3c99e8" />
      <TestMethod codeBase="/mnt/c/Users/alena/Desktop/7_sem/testing_and_debugging/SkiResort/BL.Tests/bin/Debug/net6.0/BL.Tests.dll" adapterTypeName="executor://xunit/VsTestRunner2/netcoreapp" className="BL.Tests.CheckPermissionsServiceTests" name="SkiPatrolHasAccessToAdminSkiPatrolFunctions" />
    </UnitTest>
    <UnitTest name="BL.Tests.CheckPermissionsServiceTests.AdminHasAccessToAllFunctions" storage="/mnt/c/users/alena/desktop/7_sem/testing_and_debugging/skiresort/bl.tests/bin/debug/net6.0/bl.tests.dll" id="f3efc418-a8a6-c7b7-9bac-90b33aa8472f">
      <Execution id="57d96736-03e0-46cd-b0ff-bf42b7bdb52a" />
      <TestMethod codeBase="/mnt/c/Users/alena/Desktop/7_sem/testing_and_debugging/SkiResort/BL.Tests/bin/Debug/net6.0/BL.Tests.dll" adapterTypeName="executor://xunit/VsTestRunner2/netcoreapp" className="BL.Tests.CheckPermissionsServiceTests" name="AdminHasAccessToAllFunctions" />
    </UnitTest>
    <UnitTest name="BL.Tests.UsersServiceTests.TestRegisterUserWithNoPassword" storage="/mnt/c/users/alena/desktop/7_sem/testing_and_debugging/skiresort/bl.tests/bin/debug/net6.0/bl.tests.dll" id="f44a1b21-8efc-bfac-63b4-d534442def31">
      <Execution id="8edaae11-f7c7-4de3-9c85-5e4a7b0558c7" />
      <TestMethod codeBase="/mnt/c/Users/alena/Desktop/7_sem/testing_and_debugging/SkiResort/BL.Tests/bin/Debug/net6.0/BL.Tests.dll" adapterTypeName="executor://xunit/VsTestRunner2/netcoreapp" className="BL.Tests.UsersServiceTests" name="TestRegisterUserWithNoPassword" />
    </UnitTest>
    <UnitTest name="BL.Tests.UsersServiceTests.TestAdminGetUserByIDAsync" storage="/mnt/c/users/alena/desktop/7_sem/testing_and_debugging/skiresort/bl.tests/bin/debug/net6.0/bl.tests.dll" id="e5497347-2721-b7a6-0bd4-69a9921f6947">
      <Execution id="871544e5-5173-44d2-b754-0e2fc4645d8e" />
      <TestMethod codeBase="/mnt/c/Users/alena/Desktop/7_sem/testing_and_debugging/SkiResort/BL.Tests/bin/Debug/net6.0/BL.Tests.dll" adapterTypeName="executor://xunit/VsTestRunner2/netcoreapp" className="BL.Tests.UsersServiceTests" name="TestAdminGetUserByIDAsync" />
    </UnitTest>
    <UnitTest name="BL.Tests.TurnstilesServiceTest.TestAdminGetTurnstilesAsync(userID: 30, initialTurnstiles: [Turnstile { TurnstileID = 44, LiftID = 107, IsOpen = True }, Turnstile { TurnstileID = 94, LiftID = 117, IsOpen = False }, Turnstile { TurnstileID = 226, LiftID = 180, IsOpen = True }], checkPermissionServiceMock: Mock&lt;ICheckPermissionService:13&gt;, turnstilesRepositoryStub: Mock&lt;ITurnstilesRepository:7&gt;, sut: TurnstilesService { })" storage="/mnt/c/users/alena/desktop/7_sem/testing_and_debugging/skiresort/bl.tests/bin/debug/net6.0/bl.tests.dll" id="bdcbe887-a382-db33-31bf-3f02add3e12f">
      <Execution id="a5bfe1e9-4c86-4590-abaf-04e1ec7fa9c6" />
      <TestMethod codeBase="/mnt/c/Users/alena/Desktop/7_sem/testing_and_debugging/SkiResort/BL.Tests/bin/Debug/net6.0/BL.Tests.dll" adapterTypeName="executor://xunit/VsTestRunner2/netcoreapp" className="BL.Tests.TurnstilesServiceTest" name="TestAdminGetTurnstilesAsync" />
    </UnitTest>
    <UnitTest name="BL.Tests.SlopesServiceTest.TestUpdateSlopeInfoAsync(userID: 122, slope: Slope { SlopeID = 172, SlopeName = slopeNameb3492dbb-2a9b-41e1-b2c8-0b0797ff07a1, IsOpen = True, DifficultyLevel = 36, ConnectedLifts =  }, checkPermissionServiceMock: Mock&lt;ICheckPermissionService:8&gt;, slopesRepositoryStub: Mock&lt;ISlopesRepository:6&gt;, sut: SlopesService { })" storage="/mnt/c/users/alena/desktop/7_sem/testing_and_debugging/skiresort/bl.tests/bin/debug/net6.0/bl.tests.dll" id="d49aa3b4-ed1d-86f7-2c1d-953874b80a22">
      <Execution id="5661ca72-0840-4ae0-9dbe-8de7936cfd4b" />
      <TestMethod codeBase="/mnt/c/Users/alena/Desktop/7_sem/testing_and_debugging/SkiResort/BL.Tests/bin/Debug/net6.0/BL.Tests.dll" adapterTypeName="executor://xunit/VsTestRunner2/netcoreapp" className="BL.Tests.SlopesServiceTest" name="TestUpdateSlopeInfoAsync" />
    </UnitTest>
    <UnitTest name="BL.Tests.SlopesServiceTest.TestAdminAddSlopeAsync(userID: 171, slope: Slope { SlopeID = 16, SlopeName = slopeName16842898-cc7a-45bc-b7b2-610b2713d695, IsOpen = True, DifficultyLevel = 17, ConnectedLifts =  }, checkPermissionServiceMock: Mock&lt;ICheckPermissionService:11&gt;, slopesRepositoryStub: Mock&lt;ISlopesRepository:9&gt;, sut: SlopesService { })" storage="/mnt/c/users/alena/desktop/7_sem/testing_and_debugging/skiresort/bl.tests/bin/debug/net6.0/bl.tests.dll" id="3a27d68d-58aa-98ee-e030-3e318c24fade">
      <Execution id="3f0bd77f-7eff-4721-a2d6-453299e4502f" />
      <TestMethod codeBase="/mnt/c/Users/alena/Desktop/7_sem/testing_and_debugging/SkiResort/BL.Tests/bin/Debug/net6.0/BL.Tests.dll" adapterTypeName="executor://xunit/VsTestRunner2/netcoreapp" className="BL.Tests.SlopesServiceTest" name="TestAdminAddSlopeAsync" />
    </UnitTest>
    <UnitTest name="BL.Tests.SlopesServiceTest.TestAdminAddAutoIncrementSlopeAsync(userID: 110, slope: Slope { SlopeID = 213, SlopeName = slopeNamee81aebea-81d3-4089-85b1-744130ab4296, IsOpen = True, DifficultyLevel = 64, ConnectedLifts =  }, checkPermissionServiceMock: Mock&lt;ICheckPermissionService:10&gt;, slopesRepositoryStub: Mock&lt;ISlopesRepository:8&gt;, sut: SlopesService { })" storage="/mnt/c/users/alena/desktop/7_sem/testing_and_debugging/skiresort/bl.tests/bin/debug/net6.0/bl.tests.dll" id="57007638-1077-3e9c-2b6e-4fa33da34f0b">
      <Execution id="4dfbb8a3-802c-405b-947d-07450c03cc6d" />
      <TestMethod codeBase="/mnt/c/Users/alena/Desktop/7_sem/testing_and_debugging/SkiResort/BL.Tests/bin/Debug/net6.0/BL.Tests.dll" adapterTypeName="executor://xunit/VsTestRunner2/netcoreapp" className="BL.Tests.SlopesServiceTest" name="TestAdminAddAutoIncrementSlopeAsync" />
    </UnitTest>
    <UnitTest name="BL.Tests.SlopesServiceTest.TestGetSlopeInfoAsync(userID: 230, slope: Slope { SlopeID = 81, SlopeName = slopeName1928e328-9317-4289-9b54-8dd834f973f1, IsOpen = True, DifficultyLevel = 221, ConnectedLifts =  }, checkPermissionServiceMock: Mock&lt;ICheckPermissionService:6&gt;, slopesRepositoryStub: Mock&lt;ISlopesRepository:4&gt;, liftsSlopesRepositoryStub: Mock&lt;ILiftsSlopesRepository:9&gt;, sut: SlopesService { })" storage="/mnt/c/users/alena/desktop/7_sem/testing_and_debugging/skiresort/bl.tests/bin/debug/net6.0/bl.tests.dll" id="1fb9fbba-96bb-610e-abe5-9b612ca11c1a">
      <Execution id="1753b919-3c6f-4aeb-a340-f0654639c002" />
      <TestMethod codeBase="/mnt/c/Users/alena/Desktop/7_sem/testing_and_debugging/SkiResort/BL.Tests/bin/Debug/net6.0/BL.Tests.dll" adapterTypeName="executor://xunit/VsTestRunner2/netcoreapp" className="BL.Tests.SlopesServiceTest" name="TestGetSlopeInfoAsync" />
    </UnitTest>
    <UnitTest name="BL.Tests.LiftsServiceTest.TestAdminAddAutoIncrementLiftAsync(userID: 161, lift: Lift { LiftID = 52, LiftName = liftName8985cce1-8f59-46ff-a025-8e27048a58c9, IsOpen = True, SeatsAmount = 122, LiftingTime = 211, QueueTime = 222, ConnectedSlopes =  }, checkPermissionServiceMock: Mock&lt;ICheckPermissionService:5&gt;, liftsRepositoryStub: Mock&lt;ILiftsRepository:5&gt;, sut: LiftsService { })" storage="/mnt/c/users/alena/desktop/7_sem/testing_and_debugging/skiresort/bl.tests/bin/debug/net6.0/bl.tests.dll" id="eb586db7-06a9-0431-b60f-15ab62311859">
      <Execution id="d7e3f9b3-1e58-485c-b902-2056b38344ed" />
      <TestMethod codeBase="/mnt/c/Users/alena/Desktop/7_sem/testing_and_debugging/SkiResort/BL.Tests/bin/Debug/net6.0/BL.Tests.dll" adapterTypeName="executor://xunit/VsTestRunner2/netcoreapp" className="BL.Tests.LiftsServiceTest" name="TestAdminAddAutoIncrementLiftAsync" />
    </UnitTest>
    <UnitTest name="BL.Tests.UsersServiceTests.TestAdminAddAutoIncrementUser" storage="/mnt/c/users/alena/desktop/7_sem/testing_and_debugging/skiresort/bl.tests/bin/debug/net6.0/bl.tests.dll" id="834c739b-eca4-b36d-6a66-5a1bd75377b8">
      <Execution id="3e2ebfaf-bc2e-4785-a16c-b4e8d7805c9d" />
      <TestMethod codeBase="/mnt/c/Users/alena/Desktop/7_sem/testing_and_debugging/SkiResort/BL.Tests/bin/Debug/net6.0/BL.Tests.dll" adapterTypeName="executor://xunit/VsTestRunner2/netcoreapp" className="BL.Tests.UsersServiceTests" name="TestAdminAddAutoIncrementUser" />
    </UnitTest>
    <UnitTest name="BL.Tests.CheckPermissionsServiceTests.UnauthorizedHasNoAccessToAdminSkiPatrolFunctions(functionName: &quot;GetLiftsSlopesInfoAsync&quot;)" storage="/mnt/c/users/alena/desktop/7_sem/testing_and_debugging/skiresort/bl.tests/bin/debug/net6.0/bl.tests.dll" id="387c9729-48c1-486e-5e67-f5d11a9f0db8">
      <Execution id="7f250e45-e8a1-49f5-af35-0ca2604ca140" />
      <TestMethod codeBase="/mnt/c/Users/alena/Desktop/7_sem/testing_and_debugging/SkiResort/BL.Tests/bin/Debug/net6.0/BL.Tests.dll" adapterTypeName="executor://xunit/VsTestRunner2/netcoreapp" className="BL.Tests.CheckPermissionsServiceTests" name="UnauthorizedHasNoAccessToAdminSkiPatrolFunctions" />
    </UnitTest>
    <UnitTest name="BL.Tests.CheckPermissionsServiceTests.SkiPatrolHasAccessToAdminSkiPatrolFunctions(functionName: &quot;MarkMessageReadByUserAsync&quot;)" storage="/mnt/c/users/alena/desktop/7_sem/testing_and_debugging/skiresort/bl.tests/bin/debug/net6.0/bl.tests.dll" id="60bd668f-04df-da5e-b79b-5d9aedb5234d">
      <Execution id="dfa7aafa-6c9c-4d83-b8de-9ec69e37a6af" />
      <TestMethod codeBase="/mnt/c/Users/alena/Desktop/7_sem/testing_and_debugging/SkiResort/BL.Tests/bin/Debug/net6.0/BL.Tests.dll" adapterTypeName="executor://xunit/VsTestRunner2/netcoreapp" className="BL.Tests.CheckPermissionsServiceTests" name="SkiPatrolHasAccessToAdminSkiPatrolFunctions" />
    </UnitTest>
    <UnitTest name="BL.Tests.CheckPermissionsServiceTests.UnauthorizedHasNoAccessToAdminFunctions" storage="/mnt/c/users/alena/desktop/7_sem/testing_and_debugging/skiresort/bl.tests/bin/debug/net6.0/bl.tests.dll" id="e2d7e5be-3dae-33ae-fb17-c704b6fd58d6">
      <Execution id="4e377e23-ceee-4c91-8ac0-0fe567d3dbaf" />
      <TestMethod codeBase="/mnt/c/Users/alena/Desktop/7_sem/testing_and_debugging/SkiResort/BL.Tests/bin/Debug/net6.0/BL.Tests.dll" adapterTypeName="executor://xunit/VsTestRunner2/netcoreapp" className="BL.Tests.CheckPermissionsServiceTests" name="UnauthorizedHasNoAccessToAdminFunctions" />
    </UnitTest>
    <UnitTest name="BL.Tests.UsersServiceTests.TestLogInWithWrongPassword" storage="/mnt/c/users/alena/desktop/7_sem/testing_and_debugging/skiresort/bl.tests/bin/debug/net6.0/bl.tests.dll" id="69340bb6-3645-f9dd-971e-29d8b2a009bb">
      <Execution id="5bbee415-fe57-4120-be36-d0518264cfe5" />
      <TestMethod codeBase="/mnt/c/Users/alena/Desktop/7_sem/testing_and_debugging/SkiResort/BL.Tests/bin/Debug/net6.0/BL.Tests.dll" adapterTypeName="executor://xunit/VsTestRunner2/netcoreapp" className="BL.Tests.UsersServiceTests" name="TestLogInWithWrongPassword" />
    </UnitTest>
    <UnitTest name="BL.Tests.CheckPermissionsServiceTests.SkiPatrolHasAccessToAdminSkiPatrolFunctions(functionName: &quot;GetLiftsSlopesInfoAsync&quot;)" storage="/mnt/c/users/alena/desktop/7_sem/testing_and_debugging/skiresort/bl.tests/bin/debug/net6.0/bl.tests.dll" id="2d706594-f2b3-b3c8-21d4-86c9798c3306">
      <Execution id="3dee9f54-55bf-4cfd-bb6f-58522a5179ae" />
      <TestMethod codeBase="/mnt/c/Users/alena/Desktop/7_sem/testing_and_debugging/SkiResort/BL.Tests/bin/Debug/net6.0/BL.Tests.dll" adapterTypeName="executor://xunit/VsTestRunner2/netcoreapp" className="BL.Tests.CheckPermissionsServiceTests" name="SkiPatrolHasAccessToAdminSkiPatrolFunctions" />
    </UnitTest>
    <UnitTest name="BL.Tests.CheckPermissionsServiceTests.SkiPatrolHasNoAccessToAdminFunctions" storage="/mnt/c/users/alena/desktop/7_sem/testing_and_debugging/skiresort/bl.tests/bin/debug/net6.0/bl.tests.dll" id="492c0393-35b4-df26-a537-21ca08302f3c">
      <Execution id="0dc43a22-d922-4056-a414-6995bb5f4c40" />
      <TestMethod codeBase="/mnt/c/Users/alena/Desktop/7_sem/testing_and_debugging/SkiResort/BL.Tests/bin/Debug/net6.0/BL.Tests.dll" adapterTypeName="executor://xunit/VsTestRunner2/netcoreapp" className="BL.Tests.CheckPermissionsServiceTests" name="SkiPatrolHasNoAccessToAdminFunctions" />
    </UnitTest>
    <UnitTest name="BL.Tests.UsersServiceTests.TestAdminDeleteUser" storage="/mnt/c/users/alena/desktop/7_sem/testing_and_debugging/skiresort/bl.tests/bin/debug/net6.0/bl.tests.dll" id="18fa8c62-e27d-e1fc-8182-4d7db62b008d">
      <Execution id="e9becb38-5dac-48fe-9016-55a89d09d786" />
      <TestMethod codeBase="/mnt/c/Users/alena/Desktop/7_sem/testing_and_debugging/SkiResort/BL.Tests/bin/Debug/net6.0/BL.Tests.dll" adapterTypeName="executor://xunit/VsTestRunner2/netcoreapp" className="BL.Tests.UsersServiceTests" name="TestAdminDeleteUser" />
    </UnitTest>
    <UnitTest name="BL.Tests.TurnstilesServiceTest.TestAdminUpdateTurnstileAsync(userID: 153, turnstile: Turnstile { TurnstileID = 169, LiftID = 113, IsOpen = True }, checkPermissionServiceMock: Mock&lt;ICheckPermissionService:14&gt;, turnstilesRepositoryStub: Mock&lt;ITurnstilesRepository:8&gt;, sut: TurnstilesService { })" storage="/mnt/c/users/alena/desktop/7_sem/testing_and_debugging/skiresort/bl.tests/bin/debug/net6.0/bl.tests.dll" id="88afef1f-b446-9fb9-8065-0535da545020">
      <Execution id="dda54a03-aac6-4631-98ba-e0e5d85baff3" />
      <TestMethod codeBase="/mnt/c/Users/alena/Desktop/7_sem/testing_and_debugging/SkiResort/BL.Tests/bin/Debug/net6.0/BL.Tests.dll" adapterTypeName="executor://xunit/VsTestRunner2/netcoreapp" className="BL.Tests.TurnstilesServiceTest" name="TestAdminUpdateTurnstileAsync" />
    </UnitTest>
    <UnitTest name="BL.Tests.CheckPermissionsServiceTests.AuthorizedHasAccessToAuthorizedFunctions(functionName: &quot;LogOutAsync&quot;)" storage="/mnt/c/users/alena/desktop/7_sem/testing_and_debugging/skiresort/bl.tests/bin/debug/net6.0/bl.tests.dll" id="aa28a6b3-21d3-aa45-24d3-bef2facbc899">
      <Execution id="12931533-af2a-47f7-80fd-5b9850085e1f" />
      <TestMethod codeBase="/mnt/c/Users/alena/Desktop/7_sem/testing_and_debugging/SkiResort/BL.Tests/bin/Debug/net6.0/BL.Tests.dll" adapterTypeName="executor://xunit/VsTestRunner2/netcoreapp" className="BL.Tests.CheckPermissionsServiceTests" name="AuthorizedHasAccessToAuthorizedFunctions" />
    </UnitTest>
    <UnitTest name="BL.Tests.LiftsServiceTest.TestGetLiftInfoAsync(userID: 4, lift: Lift { LiftID = 103, LiftName = liftNamea0dbd9f9-5b6c-44df-b5f5-82be508b9e13, IsOpen = True, SeatsAmount = 111, LiftingTime = 180, QueueTime = 54, ConnectedSlopes =  }, checkPermissionServiceMock: Mock&lt;ICheckPermissionService:1&gt;, liftsRepositoryStub: Mock&lt;ILiftsRepository:1&gt;, liftsSlopesRepositoryStub: Mock&lt;ILiftsSlopesRepository:1&gt;, sut: LiftsService { })" storage="/mnt/c/users/alena/desktop/7_sem/testing_and_debugging/skiresort/bl.tests/bin/debug/net6.0/bl.tests.dll" id="227ac6ef-abd4-cef2-5a29-817e2ac8afd7">
      <Execution id="239a8719-046b-460e-8950-373631f8d6c8" />
      <TestMethod codeBase="/mnt/c/Users/alena/Desktop/7_sem/testing_and_debugging/SkiResort/BL.Tests/bin/Debug/net6.0/BL.Tests.dll" adapterTypeName="executor://xunit/VsTestRunner2/netcoreapp" className="BL.Tests.LiftsServiceTest" name="TestGetLiftInfoAsync" />
    </UnitTest>
    <UnitTest name="BL.Tests.TurnstilesServiceTest.TestAdminDeleteTurnstileAsync(userID: 214, turnstile: Turnstile { TurnstileID = 223, LiftID = 200, IsOpen = True }, checkPermissionServiceMock: Mock&lt;ICheckPermissionService:15&gt;, turnstilesRepositoryStub: Mock&lt;ITurnstilesRepository:9&gt;, sut: TurnstilesService { })" storage="/mnt/c/users/alena/desktop/7_sem/testing_and_debugging/skiresort/bl.tests/bin/debug/net6.0/bl.tests.dll" id="e2a79930-6f68-a5d2-75e1-140f721203fa">
      <Execution id="ee9949ab-178c-495a-b6f9-a79a14bd77b8" />
      <TestMethod codeBase="/mnt/c/Users/alena/Desktop/7_sem/testing_and_debugging/SkiResort/BL.Tests/bin/Debug/net6.0/BL.Tests.dll" adapterTypeName="executor://xunit/VsTestRunner2/netcoreapp" className="BL.Tests.TurnstilesServiceTest" name="TestAdminDeleteTurnstileAsync" />
    </UnitTest>
    <UnitTest name="BL.Tests.UsersServiceTests.TestAdminUpdateUser" storage="/mnt/c/users/alena/desktop/7_sem/testing_and_debugging/skiresort/bl.tests/bin/debug/net6.0/bl.tests.dll" id="06d0bc3a-24a0-fb7f-4277-e9ae6d21c7dd">
      <Execution id="b4bbda0a-0cce-4867-8e5e-4a7f085dda6c" />
      <TestMethod codeBase="/mnt/c/Users/alena/Desktop/7_sem/testing_and_debugging/SkiResort/BL.Tests/bin/Debug/net6.0/BL.Tests.dll" adapterTypeName="executor://xunit/VsTestRunner2/netcoreapp" className="BL.Tests.UsersServiceTests" name="TestAdminUpdateUser" />
    </UnitTest>
    <UnitTest name="BL.Tests.UsersServiceTests.TestLogInOk" storage="/mnt/c/users/alena/desktop/7_sem/testing_and_debugging/skiresort/bl.tests/bin/debug/net6.0/bl.tests.dll" id="1ca07ad8-f799-c5d4-e7cc-34fd950198a2">
      <Execution id="785bee95-3774-437f-8d11-a02a7ccf52ed" />
      <TestMethod codeBase="/mnt/c/Users/alena/Desktop/7_sem/testing_and_debugging/SkiResort/BL.Tests/bin/Debug/net6.0/BL.Tests.dll" adapterTypeName="executor://xunit/VsTestRunner2/netcoreapp" className="BL.Tests.UsersServiceTests" name="TestLogInOk" />
    </UnitTest>
    <UnitTest name="BL.Tests.LiftsSlopesServiceTests.TestAdminAddAutoIncrementLiftSlopeAsync(lift: Lift { LiftID = 155, LiftName = liftName7bdfd03f-0198-458a-8580-439f00fdff9e, IsOpen = True, SeatsAmount = 105, LiftingTime = 167, QueueTime = 228, ConnectedSlopes =  }, slope: Slope { SlopeID = 199, SlopeName = slopeName6933f6b2-2d51-461d-a913-50b5811218e8, IsOpen = False, DifficultyLevel = 207, ConnectedLifts =  }, slopesRepositoryStub: Mock&lt;ISlopesRepository:3..." storage="/mnt/c/users/alena/desktop/7_sem/testing_and_debugging/skiresort/bl.tests/bin/debug/net6.0/bl.tests.dll" id="2ce85b42-a174-8422-f5f7-738ed2af157e">
      <Execution id="69dab45b-f879-43b3-8e01-90b8a01fe879" />
      <TestMethod codeBase="/mnt/c/Users/alena/Desktop/7_sem/testing_and_debugging/SkiResort/BL.Tests/bin/Debug/net6.0/BL.Tests.dll" adapterTypeName="executor://xunit/VsTestRunner2/netcoreapp" className="BL.Tests.LiftsSlopesServiceTests" name="TestAdminAddAutoIncrementLiftSlopeAsync" />
    </UnitTest>
    <UnitTest name="BL.Tests.UsersServiceTests.TestAdminGetUsers" storage="/mnt/c/users/alena/desktop/7_sem/testing_and_debugging/skiresort/bl.tests/bin/debug/net6.0/bl.tests.dll" id="20ad8570-0170-85de-dcd7-2f109dd7bcd6">
      <Execution id="cdee97ad-4025-4870-a8ef-97fe4b8f078f" />
      <TestMethod codeBase="/mnt/c/Users/alena/Desktop/7_sem/testing_and_debugging/SkiResort/BL.Tests/bin/Debug/net6.0/BL.Tests.dll" adapterTypeName="executor://xunit/VsTestRunner2/netcoreapp" className="BL.Tests.UsersServiceTests" name="TestAdminGetUsers" />
    </UnitTest>
    <UnitTest name="BL.Tests.CheckPermissionsServiceTests.UnauthorizedHasNoAccessToAdminSkiPatrolFunctions(functionName: &quot;GetMessagesAsync&quot;)" storage="/mnt/c/users/alena/desktop/7_sem/testing_and_debugging/skiresort/bl.tests/bin/debug/net6.0/bl.tests.dll" id="229812f5-9a73-5335-11f5-31330d1348a5">
      <Execution id="069a79cc-82ba-4e4d-b48e-3282be37f4c3" />
      <TestMethod codeBase="/mnt/c/Users/alena/Desktop/7_sem/testing_and_debugging/SkiResort/BL.Tests/bin/Debug/net6.0/BL.Tests.dll" adapterTypeName="executor://xunit/VsTestRunner2/netcoreapp" className="BL.Tests.CheckPermissionsServiceTests" name="UnauthorizedHasNoAccessToAdminSkiPatrolFunctions" />
    </UnitTest>
    <UnitTest name="BL.Tests.SlopesServiceTest.TestAdminDeleteSlopeAsync(userID: 93, slope: Slope { SlopeID = 158, SlopeName = slopeName4ba1e206-5ba7-4a96-8b09-9f9beb8ee6b4, IsOpen = True, DifficultyLevel = 183, ConnectedLifts =  }, checkPermissionServiceMock: Mock&lt;ICheckPermissionService:9&gt;, slopesRepositoryStub: Mock&lt;ISlopesRepository:7&gt;, liftsSlopesRepositoryStub: Mock&lt;ILiftsSlopesRepository:12&gt;, sut: SlopesService { })" storage="/mnt/c/users/alena/desktop/7_sem/testing_and_debugging/skiresort/bl.tests/bin/debug/net6.0/bl.tests.dll" id="11f650e6-0886-de9c-3676-5ff16c40de48">
      <Execution id="81a978a3-c1cd-49e1-81eb-70b39d1f31c7" />
      <TestMethod codeBase="/mnt/c/Users/alena/Desktop/7_sem/testing_and_debugging/SkiResort/BL.Tests/bin/Debug/net6.0/BL.Tests.dll" adapterTypeName="executor://xunit/VsTestRunner2/netcoreapp" className="BL.Tests.SlopesServiceTest" name="TestAdminDeleteSlopeAsync" />
    </UnitTest>
    <UnitTest name="BL.Tests.LiftsServiceTest.TestUpdateLiftInfoAsync(userID: 223, lift: Lift { LiftID = 15, LiftName = liftName8095a96b-fe86-4505-ae9d-8864ac457658, IsOpen = True, SeatsAmount = 88, LiftingTime = 99, QueueTime = 94, ConnectedSlopes =  }, checkPermissionServiceMock: Mock&lt;ICheckPermissionService:3&gt;, liftsRepositoryStub: Mock&lt;ILiftsRepository:3&gt;, sut: LiftsService { })" storage="/mnt/c/users/alena/desktop/7_sem/testing_and_debugging/skiresort/bl.tests/bin/debug/net6.0/bl.tests.dll" id="b4f6a825-4204-1d78-e6b1-1e4eb6661a9b">
      <Execution id="dff76bd4-be96-4198-bc5b-b6c6ec3e0e97" />
      <TestMethod codeBase="/mnt/c/Users/alena/Desktop/7_sem/testing_and_debugging/SkiResort/BL.Tests/bin/Debug/net6.0/BL.Tests.dll" adapterTypeName="executor://xunit/VsTestRunner2/netcoreapp" className="BL.Tests.LiftsServiceTest" name="TestUpdateLiftInfoAsync" />
    </UnitTest>
    <UnitTest name="BL.Tests.CheckPermissionsServiceTests.AuthorizedHasNoAccessToAdminSkiPatrolFunctions(functionName: &quot;GetLiftsSlopesInfoAsync&quot;)" storage="/mnt/c/users/alena/desktop/7_sem/testing_and_debugging/skiresort/bl.tests/bin/debug/net6.0/bl.tests.dll" id="4f297306-d4f3-8d63-e7f4-1ac0b8c58c74">
      <Execution id="d3623677-6358-4bd4-b018-7926ca154e23" />
      <TestMethod codeBase="/mnt/c/Users/alena/Desktop/7_sem/testing_and_debugging/SkiResort/BL.Tests/bin/Debug/net6.0/BL.Tests.dll" adapterTypeName="executor://xunit/VsTestRunner2/netcoreapp" className="BL.Tests.CheckPermissionsServiceTests" name="AuthorizedHasNoAccessToAdminSkiPatrolFunctions" />
    </UnitTest>
    <UnitTest name="BL.Tests.LiftsSlopesServiceTests.TestGetLiftsSlopesInfoAsync(liftsSlopes: [LiftSlope { RecordID = 204, LiftID = 36, SlopeID = 207 }, LiftSlope { RecordID = 189, LiftID = 203, SlopeID = 10 }, LiftSlope { RecordID = 12, LiftID = 178, SlopeID = 113 }], slopesRepositoryStub: Mock&lt;ISlopesRepository:1&gt;, liftsRepositoryStub: Mock&lt;ILiftsRepository:6&gt;, liftsSlopesRepositoryStub: Mock&lt;ILiftsSlopesRepository:6&gt;)" storage="/mnt/c/users/alena/desktop/7_sem/testing_and_debugging/skiresort/bl.tests/bin/debug/net6.0/bl.tests.dll" id="e429852d-a6ed-7c2a-25fd-cd839b159d56">
      <Execution id="4125f42f-4a76-4ada-8c96-149a6eccfa20" />
      <TestMethod codeBase="/mnt/c/Users/alena/Desktop/7_sem/testing_and_debugging/SkiResort/BL.Tests/bin/Debug/net6.0/BL.Tests.dll" adapterTypeName="executor://xunit/VsTestRunner2/netcoreapp" className="BL.Tests.LiftsSlopesServiceTests" name="TestGetLiftsSlopesInfoAsync" />
    </UnitTest>
    <UnitTest name="BL.Tests.UsersServiceTests.TestRegisterOk" storage="/mnt/c/users/alena/desktop/7_sem/testing_and_debugging/skiresort/bl.tests/bin/debug/net6.0/bl.tests.dll" id="0eeef75f-6e38-7893-a8fe-cff3e0a970a7">
      <Execution id="9379659c-9d15-4c76-b68c-364ff4c972ca" />
      <TestMethod codeBase="/mnt/c/Users/alena/Desktop/7_sem/testing_and_debugging/SkiResort/BL.Tests/bin/Debug/net6.0/BL.Tests.dll" adapterTypeName="executor://xunit/VsTestRunner2/netcoreapp" className="BL.Tests.UsersServiceTests" name="TestRegisterOk" />
    </UnitTest>
    <UnitTest name="BL.Tests.LiftsServiceTest.TestAdminDeleteLiftAsync(userID: 160, lift: Lift { LiftID = 228, LiftName = liftName58a70b8e-db9c-49e2-9758-bb564cb9c3fe, IsOpen = True, SeatsAmount = 100, LiftingTime = 99, QueueTime = 82, ConnectedSlopes =  }, checkPermissionServiceMock: Mock&lt;ICheckPermissionService:4&gt;, liftsRepositoryStub: Mock&lt;ILiftsRepository:4&gt;, liftsSlopesRepositoryStub: Mock&lt;ILiftsSlopesRepository:4&gt;, sut: LiftsService { })" storage="/mnt/c/users/alena/desktop/7_sem/testing_and_debugging/skiresort/bl.tests/bin/debug/net6.0/bl.tests.dll" id="936fe612-c2ac-c4ab-7170-0b1a0893db9b">
      <Execution id="1501f785-7f95-4e24-a525-23e46bf3aece" />
      <TestMethod codeBase="/mnt/c/Users/alena/Desktop/7_sem/testing_and_debugging/SkiResort/BL.Tests/bin/Debug/net6.0/BL.Tests.dll" adapterTypeName="executor://xunit/VsTestRunner2/netcoreapp" className="BL.Tests.LiftsServiceTest" name="TestAdminDeleteLiftAsync" />
    </UnitTest>
    <UnitTest name="BL.Tests.CheckPermissionsServiceTests.AuthorizedHasAccessToAuthorizedFunctions(functionName: &quot;SendMessageAsync&quot;)" storage="/mnt/c/users/alena/desktop/7_sem/testing_and_debugging/skiresort/bl.tests/bin/debug/net6.0/bl.tests.dll" id="644ec43e-70cd-c82d-42e7-0d990be1414d">
      <Execution id="6f0973af-4938-482d-ae0e-6a4e8cafc16b" />
      <TestMethod codeBase="/mnt/c/Users/alena/Desktop/7_sem/testing_and_debugging/SkiResort/BL.Tests/bin/Debug/net6.0/BL.Tests.dll" adapterTypeName="executor://xunit/VsTestRunner2/netcoreapp" className="BL.Tests.CheckPermissionsServiceTests" name="AuthorizedHasAccessToAuthorizedFunctions" />
    </UnitTest>
    <UnitTest name="BL.Tests.CheckPermissionsServiceTests.UnauthorizedHasNoAccessToAuthorizedFunctions(functionName: &quot;LogOutAsync&quot;)" storage="/mnt/c/users/alena/desktop/7_sem/testing_and_debugging/skiresort/bl.tests/bin/debug/net6.0/bl.tests.dll" id="fa960c5e-f989-2880-784e-8efe538c5231">
      <Execution id="2715c842-5e1b-495b-ba5a-d62a79377658" />
      <TestMethod codeBase="/mnt/c/Users/alena/Desktop/7_sem/testing_and_debugging/SkiResort/BL.Tests/bin/Debug/net6.0/BL.Tests.dll" adapterTypeName="executor://xunit/VsTestRunner2/netcoreapp" className="BL.Tests.CheckPermissionsServiceTests" name="UnauthorizedHasNoAccessToAuthorizedFunctions" />
    </UnitTest>
    <UnitTest name="BL.Tests.CheckPermissionsServiceTests.UnauthorizedHasNoAccessToAuthorizedFunctions(functionName: &quot;SendMessageAsync&quot;)" storage="/mnt/c/users/alena/desktop/7_sem/testing_and_debugging/skiresort/bl.tests/bin/debug/net6.0/bl.tests.dll" id="eaabd2fc-2f4b-5689-59c8-c7ad34a8f634">
      <Execution id="25165800-13c1-487b-85f0-05701a69532c" />
      <TestMethod codeBase="/mnt/c/Users/alena/Desktop/7_sem/testing_and_debugging/SkiResort/BL.Tests/bin/Debug/net6.0/BL.Tests.dll" adapterTypeName="executor://xunit/VsTestRunner2/netcoreapp" className="BL.Tests.CheckPermissionsServiceTests" name="UnauthorizedHasNoAccessToAuthorizedFunctions" />
    </UnitTest>
    <UnitTest name="BL.Tests.UsersServiceTests.TestRegisterUserWithRepeatedEmail" storage="/mnt/c/users/alena/desktop/7_sem/testing_and_debugging/skiresort/bl.tests/bin/debug/net6.0/bl.tests.dll" id="894941c1-bfa7-d8f9-c047-1e1ceefe2c2f">
      <Execution id="b1e6978a-b47c-4ed1-8c45-3beb0413dbbc" />
      <TestMethod codeBase="/mnt/c/Users/alena/Desktop/7_sem/testing_and_debugging/SkiResort/BL.Tests/bin/Debug/net6.0/BL.Tests.dll" adapterTypeName="executor://xunit/VsTestRunner2/netcoreapp" className="BL.Tests.UsersServiceTests" name="TestRegisterUserWithRepeatedEmail" />
    </UnitTest>
    <UnitTest name="BL.Tests.TurnstilesServiceTest.TestAdminGetTurnstileAsync(userID: 103, turnstile: Turnstile { TurnstileID = 67, LiftID = 122, IsOpen = True }, checkPermissionServiceMock: Mock&lt;ICheckPermissionService:12&gt;, turnstilesRepositoryStub: Mock&lt;ITurnstilesRepository:6&gt;, sut: TurnstilesService { })" storage="/mnt/c/users/alena/desktop/7_sem/testing_and_debugging/skiresort/bl.tests/bin/debug/net6.0/bl.tests.dll" id="1fb058c0-25b0-8145-4758-1b4675ce2807">
      <Execution id="14a598db-c2cd-4cf9-afbc-f5aafb7eab21" />
      <TestMethod codeBase="/mnt/c/Users/alena/Desktop/7_sem/testing_and_debugging/SkiResort/BL.Tests/bin/Debug/net6.0/BL.Tests.dll" adapterTypeName="executor://xunit/VsTestRunner2/netcoreapp" className="BL.Tests.TurnstilesServiceTest" name="TestAdminGetTurnstileAsync" />
    </UnitTest>
    <UnitTest name="BL.Tests.LiftsSlopesServiceTests.TestAdminDeleteLiftSlopeAsync(lift: Lift { LiftID = 110, LiftName = liftNamed361de62-c431-4909-8402-99a08283bb1d, IsOpen = True, SeatsAmount = 22, LiftingTime = 199, QueueTime = 236, ConnectedSlopes =  }, slope: Slope { SlopeID = 56, SlopeName = slopeNamee432b46b-7287-4c66-bee5-8cde2ae9017a, IsOpen = False, DifficultyLevel = 75, ConnectedLifts =  }, slopesRepositoryStub: Mock&lt;ISlopesRepository:2&gt;, liftsRepos..." storage="/mnt/c/users/alena/desktop/7_sem/testing_and_debugging/skiresort/bl.tests/bin/debug/net6.0/bl.tests.dll" id="e1b53f46-ba9f-a2dd-b0c5-1ec3293f16f9">
      <Execution id="01804d8c-5896-45e1-a0e5-058c9526e909" />
      <TestMethod codeBase="/mnt/c/Users/alena/Desktop/7_sem/testing_and_debugging/SkiResort/BL.Tests/bin/Debug/net6.0/BL.Tests.dll" adapterTypeName="executor://xunit/VsTestRunner2/netcoreapp" className="BL.Tests.LiftsSlopesServiceTests" name="TestAdminDeleteLiftSlopeAsync" />
    </UnitTest>
    <UnitTest name="BL.Tests.TurnstilesServiceTest.TestAdminAddAutoIncrementTurnstileAsync(userID: 200, turnstile: Turnstile { TurnstileID = 107, LiftID = 23, IsOpen = True }, checkPermissionServiceMock: Mock&lt;ICheckPermissionService:16&gt;, turnstilesRepositoryStub: Mock&lt;ITurnstilesRepository:10&gt;, sut: TurnstilesService { })" storage="/mnt/c/users/alena/desktop/7_sem/testing_and_debugging/skiresort/bl.tests/bin/debug/net6.0/bl.tests.dll" id="2a5b0474-1e59-c18a-38d6-cdabd7b81e9f">
      <Execution id="eb2fecdd-9246-4ef7-94b3-c177d18d621d" />
      <TestMethod codeBase="/mnt/c/Users/alena/Desktop/7_sem/testing_and_debugging/SkiResort/BL.Tests/bin/Debug/net6.0/BL.Tests.dll" adapterTypeName="executor://xunit/VsTestRunner2/netcoreapp" className="BL.Tests.TurnstilesServiceTest" name="TestAdminAddAutoIncrementTurnstileAsync" />
    </UnitTest>
    <UnitTest name="BL.Tests.UsersServiceTests.TestRegisterUserWithNoEmail" storage="/mnt/c/users/alena/desktop/7_sem/testing_and_debugging/skiresort/bl.tests/bin/debug/net6.0/bl.tests.dll" id="8184bd30-991c-b78d-b4ec-99a485eac0dd">
      <Execution id="a5feb3e4-c2de-46c8-b224-c4e1f78dd909" />
      <TestMethod codeBase="/mnt/c/Users/alena/Desktop/7_sem/testing_and_debugging/SkiResort/BL.Tests/bin/Debug/net6.0/BL.Tests.dll" adapterTypeName="executor://xunit/VsTestRunner2/netcoreapp" className="BL.Tests.UsersServiceTests" name="TestRegisterUserWithNoEmail" />
    </UnitTest>
  </TestDefinitions>
  <TestEntries>
    <TestEntry testId="644ec43e-70cd-c82d-42e7-0d990be1414d" executionId="6f0973af-4938-482d-ae0e-6a4e8cafc16b" testListId="8c84fa94-04c1-424b-9868-57a2d4851a1d" />
    <TestEntry testId="bdcbe887-a382-db33-31bf-3f02add3e12f" executionId="a5bfe1e9-4c86-4590-abaf-04e1ec7fa9c6" testListId="8c84fa94-04c1-424b-9868-57a2d4851a1d" />
    <TestEntry testId="834c739b-eca4-b36d-6a66-5a1bd75377b8" executionId="3e2ebfaf-bc2e-4785-a16c-b4e8d7805c9d" testListId="8c84fa94-04c1-424b-9868-57a2d4851a1d" />
    <TestEntry testId="e5497347-2721-b7a6-0bd4-69a9921f6947" executionId="871544e5-5173-44d2-b754-0e2fc4645d8e" testListId="8c84fa94-04c1-424b-9868-57a2d4851a1d" />
    <TestEntry testId="fa960c5e-f989-2880-784e-8efe538c5231" executionId="2715c842-5e1b-495b-ba5a-d62a79377658" testListId="8c84fa94-04c1-424b-9868-57a2d4851a1d" />
    <TestEntry testId="2602613f-c8e2-a6d9-fcf7-5b27d4a770a6" executionId="a3b08fe0-36a7-400f-87de-f5edc721429d" testListId="8c84fa94-04c1-424b-9868-57a2d4851a1d" />
    <TestEntry testId="d49aa3b4-ed1d-86f7-2c1d-953874b80a22" executionId="5661ca72-0840-4ae0-9dbe-8de7936cfd4b" testListId="8c84fa94-04c1-424b-9868-57a2d4851a1d" />
    <TestEntry testId="9c7df5e2-1b23-ebea-889f-b78ca86b60ab" executionId="9333418e-c3f9-468a-8274-480d93652e9c" testListId="8c84fa94-04c1-424b-9868-57a2d4851a1d" />
    <TestEntry testId="1fb058c0-25b0-8145-4758-1b4675ce2807" executionId="14a598db-c2cd-4cf9-afbc-f5aafb7eab21" testListId="8c84fa94-04c1-424b-9868-57a2d4851a1d" />
    <TestEntry testId="06d0bc3a-24a0-fb7f-4277-e9ae6d21c7dd" executionId="b4bbda0a-0cce-4867-8e5e-4a7f085dda6c" testListId="8c84fa94-04c1-424b-9868-57a2d4851a1d" />
    <TestEntry testId="936fe612-c2ac-c4ab-7170-0b1a0893db9b" executionId="1501f785-7f95-4e24-a525-23e46bf3aece" testListId="8c84fa94-04c1-424b-9868-57a2d4851a1d" />
    <TestEntry testId="2a5b0474-1e59-c18a-38d6-cdabd7b81e9f" executionId="eb2fecdd-9246-4ef7-94b3-c177d18d621d" testListId="8c84fa94-04c1-424b-9868-57a2d4851a1d" />
    <TestEntry testId="c36970dc-93f7-753e-fa47-157133b01644" executionId="9d829189-c088-4f53-b817-8ca97f3c99e8" testListId="8c84fa94-04c1-424b-9868-57a2d4851a1d" />
    <TestEntry testId="227ac6ef-abd4-cef2-5a29-817e2ac8afd7" executionId="239a8719-046b-460e-8950-373631f8d6c8" testListId="8c84fa94-04c1-424b-9868-57a2d4851a1d" />
    <TestEntry testId="229812f5-9a73-5335-11f5-31330d1348a5" executionId="069a79cc-82ba-4e4d-b48e-3282be37f4c3" testListId="8c84fa94-04c1-424b-9868-57a2d4851a1d" />
    <TestEntry testId="8605a120-2a9f-7f20-9e31-1ff3f36e07cb" executionId="a584ff7a-2713-48d3-848d-a6909bce7a04" testListId="8c84fa94-04c1-424b-9868-57a2d4851a1d" />
    <TestEntry testId="a19a5fcf-c5d2-7d44-5d7d-84403042f4e0" executionId="478841a9-5274-410d-8663-c0ff2f08f521" testListId="8c84fa94-04c1-424b-9868-57a2d4851a1d" />
    <TestEntry testId="387c9729-48c1-486e-5e67-f5d11a9f0db8" executionId="7f250e45-e8a1-49f5-af35-0ca2604ca140" testListId="8c84fa94-04c1-424b-9868-57a2d4851a1d" />
    <TestEntry testId="894941c1-bfa7-d8f9-c047-1e1ceefe2c2f" executionId="b1e6978a-b47c-4ed1-8c45-3beb0413dbbc" testListId="8c84fa94-04c1-424b-9868-57a2d4851a1d" />
    <TestEntry testId="492c0393-35b4-df26-a537-21ca08302f3c" executionId="0dc43a22-d922-4056-a414-6995bb5f4c40" testListId="8c84fa94-04c1-424b-9868-57a2d4851a1d" />
    <TestEntry testId="e2d7e5be-3dae-33ae-fb17-c704b6fd58d6" executionId="4e377e23-ceee-4c91-8ac0-0fe567d3dbaf" testListId="8c84fa94-04c1-424b-9868-57a2d4851a1d" />
    <TestEntry testId="f44a1b21-8efc-bfac-63b4-d534442def31" executionId="8edaae11-f7c7-4de3-9c85-5e4a7b0558c7" testListId="8c84fa94-04c1-424b-9868-57a2d4851a1d" />
    <TestEntry testId="69340bb6-3645-f9dd-971e-29d8b2a009bb" executionId="5bbee415-fe57-4120-be36-d0518264cfe5" testListId="8c84fa94-04c1-424b-9868-57a2d4851a1d" />
    <TestEntry testId="3a27d68d-58aa-98ee-e030-3e318c24fade" executionId="3f0bd77f-7eff-4721-a2d6-453299e4502f" testListId="8c84fa94-04c1-424b-9868-57a2d4851a1d" />
    <TestEntry testId="88afef1f-b446-9fb9-8065-0535da545020" executionId="dda54a03-aac6-4631-98ba-e0e5d85baff3" testListId="8c84fa94-04c1-424b-9868-57a2d4851a1d" />
    <TestEntry testId="18fa8c62-e27d-e1fc-8182-4d7db62b008d" executionId="e9becb38-5dac-48fe-9016-55a89d09d786" testListId="8c84fa94-04c1-424b-9868-57a2d4851a1d" />
    <TestEntry testId="38f7a7c3-be88-777e-148d-e39f2077f7ba" executionId="add11c43-8b5e-4f17-a669-88d6633d2c08" testListId="8c84fa94-04c1-424b-9868-57a2d4851a1d" />
    <TestEntry testId="1fb9fbba-96bb-610e-abe5-9b612ca11c1a" executionId="1753b919-3c6f-4aeb-a340-f0654639c002" testListId="8c84fa94-04c1-424b-9868-57a2d4851a1d" />
    <TestEntry testId="f3efc418-a8a6-c7b7-9bac-90b33aa8472f" executionId="57d96736-03e0-46cd-b0ff-bf42b7bdb52a" testListId="8c84fa94-04c1-424b-9868-57a2d4851a1d" />
    <TestEntry testId="60bd668f-04df-da5e-b79b-5d9aedb5234d" executionId="dfa7aafa-6c9c-4d83-b8de-9ec69e37a6af" testListId="8c84fa94-04c1-424b-9868-57a2d4851a1d" />
    <TestEntry testId="b4f6a825-4204-1d78-e6b1-1e4eb6661a9b" executionId="dff76bd4-be96-4198-bc5b-b6c6ec3e0e97" testListId="8c84fa94-04c1-424b-9868-57a2d4851a1d" />
    <TestEntry testId="eb586db7-06a9-0431-b60f-15ab62311859" executionId="d7e3f9b3-1e58-485c-b902-2056b38344ed" testListId="8c84fa94-04c1-424b-9868-57a2d4851a1d" />
    <TestEntry testId="2ce85b42-a174-8422-f5f7-738ed2af157e" executionId="69dab45b-f879-43b3-8e01-90b8a01fe879" testListId="8c84fa94-04c1-424b-9868-57a2d4851a1d" />
    <TestEntry testId="eaabd2fc-2f4b-5689-59c8-c7ad34a8f634" executionId="25165800-13c1-487b-85f0-05701a69532c" testListId="8c84fa94-04c1-424b-9868-57a2d4851a1d" />
    <TestEntry testId="4f297306-d4f3-8d63-e7f4-1ac0b8c58c74" executionId="d3623677-6358-4bd4-b018-7926ca154e23" testListId="8c84fa94-04c1-424b-9868-57a2d4851a1d" />
    <TestEntry testId="e2a79930-6f68-a5d2-75e1-140f721203fa" executionId="ee9949ab-178c-495a-b6f9-a79a14bd77b8" testListId="8c84fa94-04c1-424b-9868-57a2d4851a1d" />
    <TestEntry testId="0eeef75f-6e38-7893-a8fe-cff3e0a970a7" executionId="9379659c-9d15-4c76-b68c-364ff4c972ca" testListId="8c84fa94-04c1-424b-9868-57a2d4851a1d" />
    <TestEntry testId="2d706594-f2b3-b3c8-21d4-86c9798c3306" executionId="3dee9f54-55bf-4cfd-bb6f-58522a5179ae" testListId="8c84fa94-04c1-424b-9868-57a2d4851a1d" />
    <TestEntry testId="e1b53f46-ba9f-a2dd-b0c5-1ec3293f16f9" executionId="01804d8c-5896-45e1-a0e5-058c9526e909" testListId="8c84fa94-04c1-424b-9868-57a2d4851a1d" />
    <TestEntry testId="1ca07ad8-f799-c5d4-e7cc-34fd950198a2" executionId="785bee95-3774-437f-8d11-a02a7ccf52ed" testListId="8c84fa94-04c1-424b-9868-57a2d4851a1d" />
    <TestEntry testId="e429852d-a6ed-7c2a-25fd-cd839b159d56" executionId="4125f42f-4a76-4ada-8c96-149a6eccfa20" testListId="8c84fa94-04c1-424b-9868-57a2d4851a1d" />
    <TestEntry testId="aa28a6b3-21d3-aa45-24d3-bef2facbc899" executionId="12931533-af2a-47f7-80fd-5b9850085e1f" testListId="8c84fa94-04c1-424b-9868-57a2d4851a1d" />
    <TestEntry testId="a2e59116-cb53-1d70-9cb8-21c286516866" executionId="5ba99103-8495-477e-8c2a-2a0cf4917601" testListId="8c84fa94-04c1-424b-9868-57a2d4851a1d" />
    <TestEntry testId="20ad8570-0170-85de-dcd7-2f109dd7bcd6" executionId="cdee97ad-4025-4870-a8ef-97fe4b8f078f" testListId="8c84fa94-04c1-424b-9868-57a2d4851a1d" />
    <TestEntry testId="57007638-1077-3e9c-2b6e-4fa33da34f0b" executionId="4dfbb8a3-802c-405b-947d-07450c03cc6d" testListId="8c84fa94-04c1-424b-9868-57a2d4851a1d" />
    <TestEntry testId="11f650e6-0886-de9c-3676-5ff16c40de48" executionId="81a978a3-c1cd-49e1-81eb-70b39d1f31c7" testListId="8c84fa94-04c1-424b-9868-57a2d4851a1d" />
    <TestEntry testId="8184bd30-991c-b78d-b4ec-99a485eac0dd" executionId="a5feb3e4-c2de-46c8-b224-c4e1f78dd909" testListId="8c84fa94-04c1-424b-9868-57a2d4851a1d" />
  </TestEntries>
  <TestLists>
    <TestList name="Results Not in a List" id="8c84fa94-04c1-424b-9868-57a2d4851a1d" />
    <TestList name="All Loaded Results" id="19431567-8539-422a-85d7-44ee4e166bda" />
  </TestLists>
  <ResultSummary outcome="Completed">
    <Counters total="47" executed="47" passed="47" failed="0" error="0" timeout="0" aborted="0" inconclusive="0" passedButRunAborted="0" notRunnable="0" notExecuted="0" disconnected="0" warning="0" completed="0" inProgress="0" pending="0" />
    <Output>
      <StdOut>[xUnit.net 00:00:00.00] xUnit.net VSTest Adapter v2.4.5+1caef2f33e (64-bit .NET 6.0.10)
[xUnit.net 00:00:00.80]   Discovering: BL.Tests
[xUnit.net 00:00:01.01]   Discovered:  BL.Tests
[xUnit.net 00:00:01.01]   Starting:    BL.Tests
[xUnit.net 00:00:01.44]   Finished:    BL.Tests
</StdOut>
    </Output>
  </ResultSummary>
</TestRun>