<?xml version="1.0" encoding="utf-8"?>
<TestRun id="b0784cd0-d523-40e4-9e04-6214dfc670b4" name="@DESKTOP-TJ9D65N 2022-10-16 16:05:58" xmlns="http://microsoft.com/schemas/VisualStudio/TeamTest/2010">
  <Times creation="2022-10-16T16:05:58.7996894+03:00" queuing="2022-10-16T16:05:58.7996895+03:00" start="2022-10-16T16:05:56.4119152+03:00" finish="2022-10-16T16:05:59.0590922+03:00" />
  <TestSettings name="default" id="99070c1f-f449-4d31-aefe-67067ddd38a9">
    <Deployment runDeploymentRoot="_DESKTOP-TJ9D65N_2022-10-16_16_05_58" />
  </TestSettings>
  <Results>
    <UnitTestResult executionId="b562253e-02b6-40ab-b500-6d84198233eb" testId="0eeef75f-6e38-7893-a8fe-cff3e0a970a7" testName="BL.Tests.UsersServiceTests.TestRegisterOk" computerName="DESKTOP-TJ9D65N" duration="00:00:00.0104238" startTime="2022-10-16T16:05:58.8537691+03:00" endTime="2022-10-16T16:05:58.8537692+03:00" testType="13cdc9d9-ddb5-4fa4-a97d-d965ccfc6d4b" outcome="Passed" testListId="8c84fa94-04c1-424b-9868-57a2d4851a1d" relativeResultsDirectory="b562253e-02b6-40ab-b500-6d84198233eb" />
    <UnitTestResult executionId="7324ca2c-32ec-41af-adc2-a9299b7eb6cd" testId="69340bb6-3645-f9dd-971e-29d8b2a009bb" testName="BL.Tests.UsersServiceTests.TestLogInWithWrongPassword" computerName="DESKTOP-TJ9D65N" duration="00:00:00.0020655" startTime="2022-10-16T16:05:58.8780476+03:00" endTime="2022-10-16T16:05:58.8780477+03:00" testType="13cdc9d9-ddb5-4fa4-a97d-d965ccfc6d4b" outcome="Passed" testListId="8c84fa94-04c1-424b-9868-57a2d4851a1d" relativeResultsDirectory="7324ca2c-32ec-41af-adc2-a9299b7eb6cd" />
    <UnitTestResult executionId="c89732c6-a913-4343-b813-15bd703e8dee" testId="06d0bc3a-24a0-fb7f-4277-e9ae6d21c7dd" testName="BL.Tests.UsersServiceTests.TestAdminUpdateUser" computerName="DESKTOP-TJ9D65N" duration="00:00:00.0082288" startTime="2022-10-16T16:05:58.8324974+03:00" endTime="2022-10-16T16:05:58.8324974+03:00" testType="13cdc9d9-ddb5-4fa4-a97d-d965ccfc6d4b" outcome="Passed" testListId="8c84fa94-04c1-424b-9868-57a2d4851a1d" relativeResultsDirectory="c89732c6-a913-4343-b813-15bd703e8dee" />
    <UnitTestResult executionId="732a891c-e976-4d56-8d8e-547e9ebce628" testId="c36970dc-93f7-753e-fa47-157133b01644" testName="BL.Tests.CheckPermissionsServiceTests.SkiPatrolHasAccessToAdminSkiPatrolFunctions(functionName: &quot;GetMessagesAsync&quot;)" computerName="DESKTOP-TJ9D65N" duration="00:00:00.0012207" startTime="2022-10-16T16:05:58.8687295+03:00" endTime="2022-10-16T16:05:58.8687295+03:00" testType="13cdc9d9-ddb5-4fa4-a97d-d965ccfc6d4b" outcome="Passed" testListId="8c84fa94-04c1-424b-9868-57a2d4851a1d" relativeResultsDirectory="732a891c-e976-4d56-8d8e-547e9ebce628" />
    <UnitTestResult executionId="5c6060fc-f856-4361-851b-4f81bcf5cf4c" testId="e09e4acf-581f-dfce-93ce-f449a21c3396" testName="BL.Tests.LiftsServiceTest.TestUpdateLiftInfoAsync(userID: 104, lift: Lift { LiftID = 9, LiftName = liftName82ff64b7-ea56-4f84-be8a-6a903ec5061c, IsOpen = True, SeatsAmount = 241, LiftingTime = 116, QueueTime = 253, ConnectedSlopes =  }, checkPermissionServiceMock: Mock&lt;ICheckPermissionService:3&gt;, liftsRepositoryStub: Mock&lt;ILiftsRepository:3&gt;, sut: LiftsService { })" computerName="DESKTOP-TJ9D65N" duration="00:00:00.0065489" startTime="2022-10-16T16:05:58.8540602+03:00" endTime="2022-10-16T16:05:58.8540603+03:00" testType="13cdc9d9-ddb5-4fa4-a97d-d965ccfc6d4b" outcome="Passed" testListId="8c84fa94-04c1-424b-9868-57a2d4851a1d" relativeResultsDirectory="5c6060fc-f856-4361-851b-4f81bcf5cf4c" />
    <UnitTestResult executionId="871f17e5-3151-4734-a53c-55c3d1d86c18" testId="f22176a6-b5ef-ec9b-b0d2-11ff4d1ac97f" testName="BL.Tests.LiftsSlopesServiceTests.TestAdminAddAutoIncrementLiftSlopeAsync(lift: Lift { LiftID = 246, LiftName = liftName9727dca8-a3d2-4cfb-a403-2ac7aeba1028, IsOpen = True, SeatsAmount = 199, LiftingTime = 88, QueueTime = 245, ConnectedSlopes =  }, slope: Slope { SlopeID = 157, SlopeName = slopeNamef040df1d-d22c-40e8-8f17-d5605a4f273d, IsOpen = False, DifficultyLevel = 71, ConnectedLifts =  }, slopesRepositoryStub: Mock&lt;ISlopesRepository:3&gt;, liftsRepositoryStub: Mock&lt;ILiftsRepository:8&gt;, liftsSlopesRepositoryStub: Mock&lt;ILiftsSlopesRepository:8&gt;)" computerName="DESKTOP-TJ9D65N" duration="00:00:00.0127393" startTime="2022-10-16T16:05:58.7793779+03:00" endTime="2022-10-16T16:05:58.7793780+03:00" testType="13cdc9d9-ddb5-4fa4-a97d-d965ccfc6d4b" outcome="Passed" testListId="8c84fa94-04c1-424b-9868-57a2d4851a1d" relativeResultsDirectory="871f17e5-3151-4734-a53c-55c3d1d86c18" />
    <UnitTestResult executionId="9612cbca-fb31-42d4-b0c0-75a9f1c2227c" testId="a2e59116-cb53-1d70-9cb8-21c286516866" testName="BL.Tests.CheckPermissionsServiceTests.AuthorizedHasNoAccessToAdminFunctions" computerName="DESKTOP-TJ9D65N" duration="00:00:00.0024179" startTime="2022-10-16T16:05:58.8795303+03:00" endTime="2022-10-16T16:05:58.8795304+03:00" testType="13cdc9d9-ddb5-4fa4-a97d-d965ccfc6d4b" outcome="Passed" testListId="8c84fa94-04c1-424b-9868-57a2d4851a1d" relativeResultsDirectory="9612cbca-fb31-42d4-b0c0-75a9f1c2227c" />
    <UnitTestResult executionId="f94ac584-44d7-453b-b447-939733d2ad5e" testId="7e52cea9-101b-ad9b-a2b4-d033be9b156f" testName="BL.Tests.TurnstilesServiceTest.TestAdminDeleteTurnstileAsync(userID: 62, turnstile: Turnstile { TurnstileID = 52, LiftID = 3, IsOpen = True }, checkPermissionServiceMock: Mock&lt;ICheckPermissionService:15&gt;, turnstilesRepositoryStub: Mock&lt;ITurnstilesRepository:9&gt;, sut: TurnstilesService { })" computerName="DESKTOP-TJ9D65N" duration="00:00:00.0048052" startTime="2022-10-16T16:05:58.8378264+03:00" endTime="2022-10-16T16:05:58.8378265+03:00" testType="13cdc9d9-ddb5-4fa4-a97d-d965ccfc6d4b" outcome="Passed" testListId="8c84fa94-04c1-424b-9868-57a2d4851a1d" relativeResultsDirectory="f94ac584-44d7-453b-b447-939733d2ad5e" />
    <UnitTestResult executionId="b841471f-9f77-4968-a1b4-58c64791cc59" testId="a6b00723-743f-e3c3-469e-16018686ff61" testName="BL.Tests.SlopesServiceTest.TestGetSlopeInfoAsync(userID: 202, slope: Slope { SlopeID = 250, SlopeName = slopeNamec2ab6f01-4ce4-40e8-83d3-2264d2f01cce, IsOpen = True, DifficultyLevel = 119, ConnectedLifts =  }, checkPermissionServiceMock: Mock&lt;ICheckPermissionService:6&gt;, slopesRepositoryStub: Mock&lt;ISlopesRepository:4&gt;, liftsSlopesRepositoryStub: Mock&lt;ILiftsSlopesRepository:9&gt;, sut: SlopesService { })" computerName="DESKTOP-TJ9D65N" duration="00:00:00.0088293" startTime="2022-10-16T16:05:58.8207883+03:00" endTime="2022-10-16T16:05:58.8207883+03:00" testType="13cdc9d9-ddb5-4fa4-a97d-d965ccfc6d4b" outcome="Passed" testListId="8c84fa94-04c1-424b-9868-57a2d4851a1d" relativeResultsDirectory="b841471f-9f77-4968-a1b4-58c64791cc59" />
    <UnitTestResult executionId="29ebcd0a-1d50-4b0b-b820-f2179435acfe" testId="c96f4fb3-e040-fbfb-6516-77ac3f96128c" testName="BL.Tests.LiftsServiceTest.TestAdminDeleteLiftAsync(userID: 60, lift: Lift { LiftID = 101, LiftName = liftNamec3fedbcb-b06b-48c8-9c18-5f81369b7f1d, IsOpen = True, SeatsAmount = 231, LiftingTime = 143, QueueTime = 57, ConnectedSlopes =  }, checkPermissionServiceMock: Mock&lt;ICheckPermissionService:4&gt;, liftsRepositoryStub: Mock&lt;ILiftsRepository:4&gt;, liftsSlopesRepositoryStub: Mock&lt;ILiftsSlopesRepository:4&gt;, sut: LiftsService { })" computerName="DESKTOP-TJ9D65N" duration="00:00:00.0665820" startTime="2022-10-16T16:05:58.6860626+03:00" endTime="2022-10-16T16:05:58.6860627+03:00" testType="13cdc9d9-ddb5-4fa4-a97d-d965ccfc6d4b" outcome="Passed" testListId="8c84fa94-04c1-424b-9868-57a2d4851a1d" relativeResultsDirectory="29ebcd0a-1d50-4b0b-b820-f2179435acfe" />
    <UnitTestResult executionId="0f63b8ed-f203-408d-b6fd-7d106c6bc72d" testId="aa28a6b3-21d3-aa45-24d3-bef2facbc899" testName="BL.Tests.CheckPermissionsServiceTests.AuthorizedHasAccessToAuthorizedFunctions(functionName: &quot;LogOutAsync&quot;)" computerName="DESKTOP-TJ9D65N" duration="00:00:00.0009593" startTime="2022-10-16T16:05:58.9399596+03:00" endTime="2022-10-16T16:05:58.9399597+03:00" testType="13cdc9d9-ddb5-4fa4-a97d-d965ccfc6d4b" outcome="Passed" testListId="8c84fa94-04c1-424b-9868-57a2d4851a1d" relativeResultsDirectory="0f63b8ed-f203-408d-b6fd-7d106c6bc72d" />
    <UnitTestResult executionId="faf8a7e3-3d9a-459b-9d80-a8d9bd12568f" testId="eaabd2fc-2f4b-5689-59c8-c7ad34a8f634" testName="BL.Tests.CheckPermissionsServiceTests.UnauthorizedHasNoAccessToAuthorizedFunctions(functionName: &quot;SendMessageAsync&quot;)" computerName="DESKTOP-TJ9D65N" duration="00:00:00.0033112" startTime="2022-10-16T16:05:58.7842665+03:00" endTime="2022-10-16T16:05:58.7842666+03:00" testType="13cdc9d9-ddb5-4fa4-a97d-d965ccfc6d4b" outcome="Passed" testListId="8c84fa94-04c1-424b-9868-57a2d4851a1d" relativeResultsDirectory="faf8a7e3-3d9a-459b-9d80-a8d9bd12568f" />
    <UnitTestResult executionId="f43f8c7c-ad3c-45dc-bc89-f85657380565" testId="b6f72858-0d87-d9b0-93d4-7aa27b23787f" testName="BL.Tests.LiftsServiceTest.TestGetLiftsInfoAsync(userID: 99, initialLifts: [Lift { LiftID = 220, LiftName = liftNamefdda6cda-a63a-4bde-9992-1b95b279b79c, IsOpen = True, SeatsAmount = 163, LiftingTime = 212, QueueTime = 2, ConnectedSlopes =  }, Lift { LiftID = 49, LiftName = liftName461b6730-a0d3-463a-9fe3-9c7ef614bafa, IsOpen = False, SeatsAmount = 229, LiftingTime = 125, QueueTime = 80, ConnectedSlopes =  }, Lift { LiftID = 242, LiftName = liftNamee11f4615-32d7-4f34-a2e6-164e715f6d24, IsOpen = True, SeatsAmount = 104, LiftingTime = 210, QueueTime = 165, ConnectedSlopes =  }], checkPermissionServiceMock: Mock&lt;ICheckPermissionService:2&gt;, liftsRepositoryStub: Mock&lt;ILiftsRepository:2&gt;, liftsSlopesRepositoryStub: Mock&lt;ILiftsSlopesRepository:2&gt;, sut: LiftsService { })" computerName="DESKTOP-TJ9D65N" duration="00:00:00.0201468" startTime="2022-10-16T16:05:58.7887784+03:00" endTime="2022-10-16T16:05:58.7887785+03:00" testType="13cdc9d9-ddb5-4fa4-a97d-d965ccfc6d4b" outcome="Passed" testListId="8c84fa94-04c1-424b-9868-57a2d4851a1d" relativeResultsDirectory="f43f8c7c-ad3c-45dc-bc89-f85657380565" />
    <UnitTestResult executionId="4e19b8a0-b3a2-4c58-94e4-707f5f42bd7c" testId="592527fd-d0ad-61ee-00e6-cd1e06389abf" testName="BL.Tests.TurnstilesServiceTest.TestAdminGetTurnstileAsync(userID: 242, turnstile: Turnstile { TurnstileID = 15, LiftID = 205, IsOpen = True }, checkPermissionServiceMock: Mock&lt;ICheckPermissionService:12&gt;, turnstilesRepositoryStub: Mock&lt;ITurnstilesRepository:6&gt;, sut: TurnstilesService { })" computerName="DESKTOP-TJ9D65N" duration="00:00:00.0332316" startTime="2022-10-16T16:05:58.6613472+03:00" endTime="2022-10-16T16:05:58.6613472+03:00" testType="13cdc9d9-ddb5-4fa4-a97d-d965ccfc6d4b" outcome="Passed" testListId="8c84fa94-04c1-424b-9868-57a2d4851a1d" relativeResultsDirectory="4e19b8a0-b3a2-4c58-94e4-707f5f42bd7c" />
    <UnitTestResult executionId="332dc7f6-63ce-4654-a101-6b15c44a0adf" testId="d2b75162-100f-fbe7-49f3-34ad0f057482" testName="BL.Tests.TurnstilesServiceTest.TestAdminAddAutoIncrementTurnstileAsync(userID: 49, turnstile: Turnstile { TurnstileID = 116, LiftID = 12, IsOpen = True }, checkPermissionServiceMock: Mock&lt;ICheckPermissionService:16&gt;, turnstilesRepositoryStub: Mock&lt;ITurnstilesRepository:10&gt;, sut: TurnstilesService { })" computerName="DESKTOP-TJ9D65N" duration="00:00:00.0076994" startTime="2022-10-16T16:05:58.7929028+03:00" endTime="2022-10-16T16:05:58.7929029+03:00" testType="13cdc9d9-ddb5-4fa4-a97d-d965ccfc6d4b" outcome="Passed" testListId="8c84fa94-04c1-424b-9868-57a2d4851a1d" relativeResultsDirectory="332dc7f6-63ce-4654-a101-6b15c44a0adf" />
    <UnitTestResult executionId="494cc53d-300b-4547-b26b-786847e7a8e0" testId="4f297306-d4f3-8d63-e7f4-1ac0b8c58c74" testName="BL.Tests.CheckPermissionsServiceTests.AuthorizedHasNoAccessToAdminSkiPatrolFunctions(functionName: &quot;GetLiftsSlopesInfoAsync&quot;)" computerName="DESKTOP-TJ9D65N" duration="00:00:00.0015322" startTime="2022-10-16T16:05:58.9160323+03:00" endTime="2022-10-16T16:05:58.9160324+03:00" testType="13cdc9d9-ddb5-4fa4-a97d-d965ccfc6d4b" outcome="Passed" testListId="8c84fa94-04c1-424b-9868-57a2d4851a1d" relativeResultsDirectory="494cc53d-300b-4547-b26b-786847e7a8e0" />
    <UnitTestResult executionId="3785a78d-068d-4b5a-969b-df65f9fcf97a" testId="f3efc418-a8a6-c7b7-9bac-90b33aa8472f" testName="BL.Tests.CheckPermissionsServiceTests.AdminHasAccessToAllFunctions" computerName="DESKTOP-TJ9D65N" duration="00:00:00.0016446" startTime="2022-10-16T16:05:58.9769675+03:00" endTime="2022-10-16T16:05:58.9769676+03:00" testType="13cdc9d9-ddb5-4fa4-a97d-d965ccfc6d4b" outcome="Passed" testListId="8c84fa94-04c1-424b-9868-57a2d4851a1d" relativeResultsDirectory="3785a78d-068d-4b5a-969b-df65f9fcf97a" />
    <UnitTestResult executionId="0409326e-3a33-4ba0-81da-2f2bbd5aa4c1" testId="e429852d-a6ed-7c2a-25fd-cd839b159d56" testName="BL.Tests.LiftsSlopesServiceTests.TestGetLiftsSlopesInfoAsync(liftsSlopes: [LiftSlope { RecordID = 220, LiftID = 91, SlopeID = 195 }, LiftSlope { RecordID = 209, LiftID = 34, SlopeID = 92 }, LiftSlope { RecordID = 251, LiftID = 106, SlopeID = 239 }], slopesRepositoryStub: Mock&lt;ISlopesRepository:1&gt;, liftsRepositoryStub: Mock&lt;ILiftsRepository:6&gt;, liftsSlopesRepositoryStub: Mock&lt;ILiftsSlopesRepository:6&gt;)" computerName="DESKTOP-TJ9D65N" duration="00:00:00.0377712" startTime="2022-10-16T16:05:58.6614798+03:00" endTime="2022-10-16T16:05:58.6614799+03:00" testType="13cdc9d9-ddb5-4fa4-a97d-d965ccfc6d4b" outcome="Passed" testListId="8c84fa94-04c1-424b-9868-57a2d4851a1d" relativeResultsDirectory="0409326e-3a33-4ba0-81da-2f2bbd5aa4c1" />
    <UnitTestResult executionId="a616ec85-2503-46a7-9616-a364f8c879d1" testId="e05cfcc0-69a4-02c3-ccd2-78deca56ed73" testName="BL.Tests.TurnstilesServiceTest.TestAdminGetTurnstilesAsync(userID: 255, initialTurnstiles: [Turnstile { TurnstileID = 50, LiftID = 204, IsOpen = True }, Turnstile { TurnstileID = 169, LiftID = 134, IsOpen = False }, Turnstile { TurnstileID = 219, LiftID = 76, IsOpen = True }], checkPermissionServiceMock: Mock&lt;ICheckPermissionService:13&gt;, turnstilesRepositoryStub: Mock&lt;ITurnstilesRepository:7&gt;, sut: TurnstilesService { })" computerName="DESKTOP-TJ9D65N" duration="00:00:00.0076664" startTime="2022-10-16T16:05:58.7723380+03:00" endTime="2022-10-16T16:05:58.7723381+03:00" testType="13cdc9d9-ddb5-4fa4-a97d-d965ccfc6d4b" outcome="Passed" testListId="8c84fa94-04c1-424b-9868-57a2d4851a1d" relativeResultsDirectory="a616ec85-2503-46a7-9616-a364f8c879d1" />
    <UnitTestResult executionId="d9987c8e-436f-4512-8601-a3c1a1d04dc9" testId="834c739b-eca4-b36d-6a66-5a1bd75377b8" testName="BL.Tests.UsersServiceTests.TestAdminAddAutoIncrementUser" computerName="DESKTOP-TJ9D65N" duration="00:00:00.0109484" startTime="2022-10-16T16:05:58.8968193+03:00" endTime="2022-10-16T16:05:58.8968193+03:00" testType="13cdc9d9-ddb5-4fa4-a97d-d965ccfc6d4b" outcome="Passed" testListId="8c84fa94-04c1-424b-9868-57a2d4851a1d" relativeResultsDirectory="d9987c8e-436f-4512-8601-a3c1a1d04dc9" />
    <UnitTestResult executionId="4a222e50-e0f5-4c63-afb0-786aefdd863c" testId="2602613f-c8e2-a6d9-fcf7-5b27d4a770a6" testName="BL.Tests.CheckPermissionsServiceTests.AuthorizedHasNoAccessToAdminSkiPatrolFunctions(functionName: &quot;GetMessagesAsync&quot;)" computerName="DESKTOP-TJ9D65N" duration="00:00:00.0075792" startTime="2022-10-16T16:05:58.8948516+03:00" endTime="2022-10-16T16:05:58.8948517+03:00" testType="13cdc9d9-ddb5-4fa4-a97d-d965ccfc6d4b" outcome="Passed" testListId="8c84fa94-04c1-424b-9868-57a2d4851a1d" relativeResultsDirectory="4a222e50-e0f5-4c63-afb0-786aefdd863c" />
    <UnitTestResult executionId="6cc259d2-b91d-4b9e-90a2-33fbd6d6c248" testId="7f64c1b3-e24f-7990-39ea-2a71e9e09e9d" testName="BL.Tests.SlopesServiceTest.TestGetSlopesInfoAsync(userID: 52, initialSlopes: [Slope { SlopeID = 164, SlopeName = slopeName55f8801f-5bd5-42f7-b36b-1f182cd03b05, IsOpen = True, DifficultyLevel = 47, ConnectedLifts =  }, Slope { SlopeID = 138, SlopeName = slopeName3544610b-c089-4ac9-9692-8ec1540c5e1a, IsOpen = False, DifficultyLevel = 80, ConnectedLifts =  }, Slope { SlopeID = 60, SlopeName = slopeName7afa7624-63f6-48f2-9cdd-a829ec7fb98e, IsOpen = True, DifficultyLevel = 184, ConnectedLifts =  }], checkPermissionServiceMock: Mock&lt;ICheckPermissionService:7&gt;, slopesRepositoryStub: Mock&lt;ISlopesRepository:5&gt;, liftsSlopesRepositoryStub: Mock&lt;ILiftsSlopesRepository:10&gt;, sut: SlopesService { })" computerName="DESKTOP-TJ9D65N" duration="00:00:00.0116668" startTime="2022-10-16T16:05:58.8479142+03:00" endTime="2022-10-16T16:05:58.8479143+03:00" testType="13cdc9d9-ddb5-4fa4-a97d-d965ccfc6d4b" outcome="Passed" testListId="8c84fa94-04c1-424b-9868-57a2d4851a1d" relativeResultsDirectory="6cc259d2-b91d-4b9e-90a2-33fbd6d6c248" />
    <UnitTestResult executionId="3a2a565c-7b9b-4484-90ec-4f21c01c863e" testId="f44a1b21-8efc-bfac-63b4-d534442def31" testName="BL.Tests.UsersServiceTests.TestRegisterUserWithNoPassword" computerName="DESKTOP-TJ9D65N" duration="00:00:00.0018399" startTime="2022-10-16T16:05:58.7650226+03:00" endTime="2022-10-16T16:05:58.7650227+03:00" testType="13cdc9d9-ddb5-4fa4-a97d-d965ccfc6d4b" outcome="Passed" testListId="8c84fa94-04c1-424b-9868-57a2d4851a1d" relativeResultsDirectory="3a2a565c-7b9b-4484-90ec-4f21c01c863e" />
    <UnitTestResult executionId="31fdfadb-3b66-4a56-b624-23c23556f35c" testId="60bd668f-04df-da5e-b79b-5d9aedb5234d" testName="BL.Tests.CheckPermissionsServiceTests.SkiPatrolHasAccessToAdminSkiPatrolFunctions(functionName: &quot;MarkMessageReadByUserAsync&quot;)" computerName="DESKTOP-TJ9D65N" duration="00:00:00.0009697" startTime="2022-10-16T16:05:58.8550765+03:00" endTime="2022-10-16T16:05:58.8550766+03:00" testType="13cdc9d9-ddb5-4fa4-a97d-d965ccfc6d4b" outcome="Passed" testListId="8c84fa94-04c1-424b-9868-57a2d4851a1d" relativeResultsDirectory="31fdfadb-3b66-4a56-b624-23c23556f35c" />
    <UnitTestResult executionId="6a693428-7ecd-4304-bc66-24a81f5975ba" testId="fa960c5e-f989-2880-784e-8efe538c5231" testName="BL.Tests.CheckPermissionsServiceTests.UnauthorizedHasNoAccessToAuthorizedFunctions(functionName: &quot;LogOutAsync&quot;)" computerName="DESKTOP-TJ9D65N" duration="00:00:00.0011507" startTime="2022-10-16T16:05:58.8206098+03:00" endTime="2022-10-16T16:05:58.8206098+03:00" testType="13cdc9d9-ddb5-4fa4-a97d-d965ccfc6d4b" outcome="Passed" testListId="8c84fa94-04c1-424b-9868-57a2d4851a1d" relativeResultsDirectory="6a693428-7ecd-4304-bc66-24a81f5975ba" />
    <UnitTestResult executionId="0832c001-7e5d-404c-a0f6-5838c1cb38f5" testId="ad35dd57-72ab-5b00-9e68-9781a69bde12" testName="BL.Tests.TurnstilesServiceTest.TestAdminUpdateTurnstileAsync(userID: 6, turnstile: Turnstile { TurnstileID = 83, LiftID = 220, IsOpen = True }, checkPermissionServiceMock: Mock&lt;ICheckPermissionService:14&gt;, turnstilesRepositoryStub: Mock&lt;ITurnstilesRepository:8&gt;, sut: TurnstilesService { })" computerName="DESKTOP-TJ9D65N" duration="00:00:00.0068946" startTime="2022-10-16T16:05:58.7518763+03:00" endTime="2022-10-16T16:05:58.7518763+03:00" testType="13cdc9d9-ddb5-4fa4-a97d-d965ccfc6d4b" outcome="Passed" testListId="8c84fa94-04c1-424b-9868-57a2d4851a1d" relativeResultsDirectory="0832c001-7e5d-404c-a0f6-5838c1cb38f5" />
    <UnitTestResult executionId="4ae4adcc-256e-4a85-8487-9cedc1e23aa6" testId="894941c1-bfa7-d8f9-c047-1e1ceefe2c2f" testName="BL.Tests.UsersServiceTests.TestRegisterUserWithRepeatedEmail" computerName="DESKTOP-TJ9D65N" duration="00:00:00.0043404" startTime="2022-10-16T16:05:58.7871478+03:00" endTime="2022-10-16T16:05:58.7871479+03:00" testType="13cdc9d9-ddb5-4fa4-a97d-d965ccfc6d4b" outcome="Passed" testListId="8c84fa94-04c1-424b-9868-57a2d4851a1d" relativeResultsDirectory="4ae4adcc-256e-4a85-8487-9cedc1e23aa6" />
    <UnitTestResult executionId="27b3031d-493d-491d-a2a4-a8c4ed8ab544" testId="644ec43e-70cd-c82d-42e7-0d990be1414d" testName="BL.Tests.CheckPermissionsServiceTests.AuthorizedHasAccessToAuthorizedFunctions(functionName: &quot;SendMessageAsync&quot;)" computerName="DESKTOP-TJ9D65N" duration="00:00:00.0022561" startTime="2022-10-16T16:05:58.9297411+03:00" endTime="2022-10-16T16:05:58.9297412+03:00" testType="13cdc9d9-ddb5-4fa4-a97d-d965ccfc6d4b" outcome="Passed" testListId="8c84fa94-04c1-424b-9868-57a2d4851a1d" relativeResultsDirectory="27b3031d-493d-491d-a2a4-a8c4ed8ab544" />
    <UnitTestResult executionId="90e0b1fa-3720-4541-b71b-a9da74a967fc" testId="387c9729-48c1-486e-5e67-f5d11a9f0db8" testName="BL.Tests.CheckPermissionsServiceTests.UnauthorizedHasNoAccessToAdminSkiPatrolFunctions(functionName: &quot;GetLiftsSlopesInfoAsync&quot;)" computerName="DESKTOP-TJ9D65N" duration="00:00:00.0024685" startTime="2022-10-16T16:05:58.7513226+03:00" endTime="2022-10-16T16:05:58.7513227+03:00" testType="13cdc9d9-ddb5-4fa4-a97d-d965ccfc6d4b" outcome="Passed" testListId="8c84fa94-04c1-424b-9868-57a2d4851a1d" relativeResultsDirectory="90e0b1fa-3720-4541-b71b-a9da74a967fc" />
    <UnitTestResult executionId="83d70991-1559-4e88-98a8-fd36bf897111" testId="229812f5-9a73-5335-11f5-31330d1348a5" testName="BL.Tests.CheckPermissionsServiceTests.UnauthorizedHasNoAccessToAdminSkiPatrolFunctions(functionName: &quot;GetMessagesAsync&quot;)" computerName="DESKTOP-TJ9D65N" duration="00:00:00.0016631" startTime="2022-10-16T16:05:58.7604433+03:00" endTime="2022-10-16T16:05:58.7604433+03:00" testType="13cdc9d9-ddb5-4fa4-a97d-d965ccfc6d4b" outcome="Passed" testListId="8c84fa94-04c1-424b-9868-57a2d4851a1d" relativeResultsDirectory="83d70991-1559-4e88-98a8-fd36bf897111" />
    <UnitTestResult executionId="f4824e19-f201-478b-afb1-f06bf8ce2854" testId="e2d7e5be-3dae-33ae-fb17-c704b6fd58d6" testName="BL.Tests.CheckPermissionsServiceTests.UnauthorizedHasNoAccessToAdminFunctions" computerName="DESKTOP-TJ9D65N" duration="00:00:00.0022441" startTime="2022-10-16T16:05:58.9514632+03:00" endTime="2022-10-16T16:05:58.9514633+03:00" testType="13cdc9d9-ddb5-4fa4-a97d-d965ccfc6d4b" outcome="Passed" testListId="8c84fa94-04c1-424b-9868-57a2d4851a1d" relativeResultsDirectory="f4824e19-f201-478b-afb1-f06bf8ce2854" />
    <UnitTestResult executionId="60162af5-2ac1-4622-a41f-01ef4be28eaf" testId="939d63a2-710b-8b59-db43-71d17361254f" testName="BL.Tests.SlopesServiceTest.TestUpdateSlopeInfoAsync(userID: 109, slope: Slope { SlopeID = 143, SlopeName = slopeName18c3840c-d15d-4ee1-b5d2-157f75b844e0, IsOpen = True, DifficultyLevel = 146, ConnectedLifts =  }, checkPermissionServiceMock: Mock&lt;ICheckPermissionService:8&gt;, slopesRepositoryStub: Mock&lt;ISlopesRepository:6&gt;, sut: SlopesService { })" computerName="DESKTOP-TJ9D65N" duration="00:00:00.0085913" startTime="2022-10-16T16:05:58.7794111+03:00" endTime="2022-10-16T16:05:58.7794111+03:00" testType="13cdc9d9-ddb5-4fa4-a97d-d965ccfc6d4b" outcome="Passed" testListId="8c84fa94-04c1-424b-9868-57a2d4851a1d" relativeResultsDirectory="60162af5-2ac1-4622-a41f-01ef4be28eaf" />
    <UnitTestResult executionId="dd72cf1f-78de-4aa2-9a0a-18d46bb08535" testId="492c0393-35b4-df26-a537-21ca08302f3c" testName="BL.Tests.CheckPermissionsServiceTests.SkiPatrolHasNoAccessToAdminFunctions" computerName="DESKTOP-TJ9D65N" duration="00:00:00.0022294" startTime="2022-10-16T16:05:58.9634354+03:00" endTime="2022-10-16T16:05:58.9634354+03:00" testType="13cdc9d9-ddb5-4fa4-a97d-d965ccfc6d4b" outcome="Passed" testListId="8c84fa94-04c1-424b-9868-57a2d4851a1d" relativeResultsDirectory="dd72cf1f-78de-4aa2-9a0a-18d46bb08535" />
    <UnitTestResult executionId="6caa643c-c1d2-464d-944f-e6e5bb982aaa" testId="18fa8c62-e27d-e1fc-8182-4d7db62b008d" testName="BL.Tests.UsersServiceTests.TestAdminDeleteUser" computerName="DESKTOP-TJ9D65N" duration="00:00:00.0033265" startTime="2022-10-16T16:05:58.9206771+03:00" endTime="2022-10-16T16:05:58.9206771+03:00" testType="13cdc9d9-ddb5-4fa4-a97d-d965ccfc6d4b" outcome="Passed" testListId="8c84fa94-04c1-424b-9868-57a2d4851a1d" relativeResultsDirectory="6caa643c-c1d2-464d-944f-e6e5bb982aaa" />
    <UnitTestResult executionId="5aa12a79-b7b4-4c88-8866-741d86cd3eef" testId="1ca07ad8-f799-c5d4-e7cc-34fd950198a2" testName="BL.Tests.UsersServiceTests.TestLogInOk" computerName="DESKTOP-TJ9D65N" duration="00:00:00.0031013" startTime="2022-10-16T16:05:58.8672220+03:00" endTime="2022-10-16T16:05:58.8672221+03:00" testType="13cdc9d9-ddb5-4fa4-a97d-d965ccfc6d4b" outcome="Passed" testListId="8c84fa94-04c1-424b-9868-57a2d4851a1d" relativeResultsDirectory="5aa12a79-b7b4-4c88-8866-741d86cd3eef" />
    <UnitTestResult executionId="801a8bad-0e5f-4715-8d73-4cce09d2093b" testId="43e084fb-12f1-61ab-cf30-2a4785ee2ca8" testName="BL.Tests.SlopesServiceTest.TestAdminAddAutoIncrementSlopeAsync(userID: 70, slope: Slope { SlopeID = 168, SlopeName = slopeName3c62beb4-0346-4319-9e26-52368fc3517d, IsOpen = True, DifficultyLevel = 133, ConnectedLifts =  }, checkPermissionServiceMock: Mock&lt;ICheckPermissionService:10&gt;, slopesRepositoryStub: Mock&lt;ISlopesRepository:8&gt;, sut: SlopesService { })" computerName="DESKTOP-TJ9D65N" duration="00:00:00.0119295" startTime="2022-10-16T16:05:58.7519164+03:00" endTime="2022-10-16T16:05:58.7519164+03:00" testType="13cdc9d9-ddb5-4fa4-a97d-d965ccfc6d4b" outcome="Passed" testListId="8c84fa94-04c1-424b-9868-57a2d4851a1d" relativeResultsDirectory="801a8bad-0e5f-4715-8d73-4cce09d2093b" />
    <UnitTestResult executionId="a244b96a-26df-4b3a-815b-24a2b43c17f4" testId="cc27aa13-284b-7ef1-14a4-1158989f4d5f" testName="BL.Tests.LiftsSlopesServiceTests.TestAdminDeleteLiftSlopeAsync(lift: Lift { LiftID = 96, LiftName = liftName6e043710-23ab-4309-93dd-c12784b20336, IsOpen = True, SeatsAmount = 49, LiftingTime = 144, QueueTime = 252, ConnectedSlopes =  }, slope: Slope { SlopeID = 241, SlopeName = slopeNamef944aab8-7c4f-4052-8d04-381a26a5d916, IsOpen = False, DifficultyLevel = 13, ConnectedLifts =  }, slopesRepositoryStub: Mock&lt;ISlopesRepository:2&gt;, liftsRepositoryStub: Mock&lt;ILiftsRepository:7&gt;, liftsSlopesRepositoryStub: Mock&lt;ILiftsSlopesRepository:7&gt;)" computerName="DESKTOP-TJ9D65N" duration="00:00:00.0074289" startTime="2022-10-16T16:05:58.7518944+03:00" endTime="2022-10-16T16:05:58.7518945+03:00" testType="13cdc9d9-ddb5-4fa4-a97d-d965ccfc6d4b" outcome="Passed" testListId="8c84fa94-04c1-424b-9868-57a2d4851a1d" relativeResultsDirectory="a244b96a-26df-4b3a-815b-24a2b43c17f4" />
    <UnitTestResult executionId="5d700989-fdc5-4f4b-a75e-c7599d03d41c" testId="c3a14857-859a-b2b4-f5ce-f02370bf9657" testName="BL.Tests.SlopesServiceTest.TestAdminAddSlopeAsync(userID: 20, slope: Slope { SlopeID = 66, SlopeName = slopeNamebfe9cd09-76e1-4905-a25c-b28cd2e23866, IsOpen = True, DifficultyLevel = 139, ConnectedLifts =  }, checkPermissionServiceMock: Mock&lt;ICheckPermissionService:11&gt;, slopesRepositoryStub: Mock&lt;ISlopesRepository:9&gt;, sut: SlopesService { })" computerName="DESKTOP-TJ9D65N" duration="00:00:00.0298247" startTime="2022-10-16T16:05:58.6558464+03:00" endTime="2022-10-16T16:05:58.6558888+03:00" testType="13cdc9d9-ddb5-4fa4-a97d-d965ccfc6d4b" outcome="Passed" testListId="8c84fa94-04c1-424b-9868-57a2d4851a1d" relativeResultsDirectory="5d700989-fdc5-4f4b-a75e-c7599d03d41c" />
    <UnitTestResult executionId="cee584d1-3e38-4efa-9140-b2c98515d0eb" testId="e5497347-2721-b7a6-0bd4-69a9921f6947" testName="BL.Tests.UsersServiceTests.TestAdminGetUserByIDAsync" computerName="DESKTOP-TJ9D65N" duration="00:00:00.0034667" startTime="2022-10-16T16:05:58.9077962+03:00" endTime="2022-10-16T16:05:58.9077963+03:00" testType="13cdc9d9-ddb5-4fa4-a97d-d965ccfc6d4b" outcome="Passed" testListId="8c84fa94-04c1-424b-9868-57a2d4851a1d" relativeResultsDirectory="cee584d1-3e38-4efa-9140-b2c98515d0eb" />
    <UnitTestResult executionId="30b77c5b-bcdb-485b-b72c-eb6b44c6479d" testId="8184bd30-991c-b78d-b4ec-99a485eac0dd" testName="BL.Tests.UsersServiceTests.TestRegisterUserWithNoEmail" computerName="DESKTOP-TJ9D65N" duration="00:00:00.0037612" startTime="2022-10-16T16:05:58.7518295+03:00" endTime="2022-10-16T16:05:58.7518295+03:00" testType="13cdc9d9-ddb5-4fa4-a97d-d965ccfc6d4b" outcome="Passed" testListId="8c84fa94-04c1-424b-9868-57a2d4851a1d" relativeResultsDirectory="30b77c5b-bcdb-485b-b72c-eb6b44c6479d" />
    <UnitTestResult executionId="322e01b9-5eec-4ad9-b0ab-08de0522dce6" testId="9c7df5e2-1b23-ebea-889f-b78ca86b60ab" testName="BL.Tests.CheckPermissionsServiceTests.AuthorizedHasNoAccessToAdminSkiPatrolFunctions(functionName: &quot;MarkMessageReadByUserAsync&quot;)" computerName="DESKTOP-TJ9D65N" duration="00:00:00.0013829" startTime="2022-10-16T16:05:58.9040235+03:00" endTime="2022-10-16T16:05:58.9040236+03:00" testType="13cdc9d9-ddb5-4fa4-a97d-d965ccfc6d4b" outcome="Passed" testListId="8c84fa94-04c1-424b-9868-57a2d4851a1d" relativeResultsDirectory="322e01b9-5eec-4ad9-b0ab-08de0522dce6" />
    <UnitTestResult executionId="ff23c2b2-b75f-47b4-a1e2-d6a2dd285432" testId="2d706594-f2b3-b3c8-21d4-86c9798c3306" testName="BL.Tests.CheckPermissionsServiceTests.SkiPatrolHasAccessToAdminSkiPatrolFunctions(functionName: &quot;GetLiftsSlopesInfoAsync&quot;)" computerName="DESKTOP-TJ9D65N" duration="00:00:00.0058933" startTime="2022-10-16T16:05:58.8404914+03:00" endTime="2022-10-16T16:05:58.8404915+03:00" testType="13cdc9d9-ddb5-4fa4-a97d-d965ccfc6d4b" outcome="Passed" testListId="8c84fa94-04c1-424b-9868-57a2d4851a1d" relativeResultsDirectory="ff23c2b2-b75f-47b4-a1e2-d6a2dd285432" />
    <UnitTestResult executionId="b1aca64b-c2b8-4ac6-97ee-67a06d2487d7" testId="a19a5fcf-c5d2-7d44-5d7d-84403042f4e0" testName="BL.Tests.CheckPermissionsServiceTests.UnauthorizedHasNoAccessToAdminSkiPatrolFunctions(functionName: &quot;MarkMessageReadByUserAsync&quot;)" computerName="DESKTOP-TJ9D65N" duration="00:00:00.0306639" startTime="2022-10-16T16:05:58.6613955+03:00" endTime="2022-10-16T16:05:58.6613955+03:00" testType="13cdc9d9-ddb5-4fa4-a97d-d965ccfc6d4b" outcome="Passed" testListId="8c84fa94-04c1-424b-9868-57a2d4851a1d" relativeResultsDirectory="b1aca64b-c2b8-4ac6-97ee-67a06d2487d7" />
    <UnitTestResult executionId="88b25564-e96e-4525-8d2a-56b056ced301" testId="d09d8f64-19e2-16c1-6d89-953158ec5409" testName="BL.Tests.LiftsServiceTest.TestGetLiftInfoAsync(userID: 43, lift: Lift { LiftID = 23, LiftName = liftNamed7500876-6962-441c-a7aa-af9151dd9f7f, IsOpen = True, SeatsAmount = 218, LiftingTime = 217, QueueTime = 141, ConnectedSlopes =  }, checkPermissionServiceMock: Mock&lt;ICheckPermissionService:1&gt;, liftsRepositoryStub: Mock&lt;ILiftsRepository:1&gt;, liftsSlopesRepositoryStub: Mock&lt;ILiftsSlopesRepository:1&gt;, sut: LiftsService { })" computerName="DESKTOP-TJ9D65N" duration="00:00:00.0071798" startTime="2022-10-16T16:05:58.8338975+03:00" endTime="2022-10-16T16:05:58.8338976+03:00" testType="13cdc9d9-ddb5-4fa4-a97d-d965ccfc6d4b" outcome="Passed" testListId="8c84fa94-04c1-424b-9868-57a2d4851a1d" relativeResultsDirectory="88b25564-e96e-4525-8d2a-56b056ced301" />
    <UnitTestResult executionId="bff7efc3-b18d-4fc5-8771-545d636143a2" testId="cb8fa653-01cb-09f3-af00-1d4f4f4d1e6d" testName="BL.Tests.SlopesServiceTest.TestAdminDeleteSlopeAsync(userID: 204, slope: Slope { SlopeID = 26, SlopeName = slopeName694429de-8a5f-4443-a6eb-faa14939c2e1, IsOpen = True, DifficultyLevel = 175, ConnectedLifts =  }, checkPermissionServiceMock: Mock&lt;ICheckPermissionService:9&gt;, slopesRepositoryStub: Mock&lt;ISlopesRepository:7&gt;, liftsSlopesRepositoryStub: Mock&lt;ILiftsSlopesRepository:12&gt;, sut: SlopesService { })" computerName="DESKTOP-TJ9D65N" duration="00:00:00.0060798" startTime="2022-10-16T16:05:58.8644870+03:00" endTime="2022-10-16T16:05:58.8644870+03:00" testType="13cdc9d9-ddb5-4fa4-a97d-d965ccfc6d4b" outcome="Passed" testListId="8c84fa94-04c1-424b-9868-57a2d4851a1d" relativeResultsDirectory="bff7efc3-b18d-4fc5-8771-545d636143a2" />
    <UnitTestResult executionId="f123eaf1-2040-490f-ba4f-3eaeb08eb2bd" testId="c322b5b0-1b60-5962-27da-1adde01070f9" testName="BL.Tests.LiftsServiceTest.TestAdminAddAutoIncrementLiftAsync(userID: 165, lift: Lift { LiftID = 98, LiftName = liftName1d9e7630-223c-4d76-b4f3-a975a12c626a, IsOpen = True, SeatsAmount = 190, LiftingTime = 230, QueueTime = 240, ConnectedSlopes =  }, checkPermissionServiceMock: Mock&lt;ICheckPermissionService:5&gt;, liftsRepositoryStub: Mock&lt;ILiftsRepository:5&gt;, sut: LiftsService { })" computerName="DESKTOP-TJ9D65N" duration="00:00:00.0119783" startTime="2022-10-16T16:05:58.7519416+03:00" endTime="2022-10-16T16:05:58.7519416+03:00" testType="13cdc9d9-ddb5-4fa4-a97d-d965ccfc6d4b" outcome="Passed" testListId="8c84fa94-04c1-424b-9868-57a2d4851a1d" relativeResultsDirectory="f123eaf1-2040-490f-ba4f-3eaeb08eb2bd" />
    <UnitTestResult executionId="14fe7d4e-a799-4e15-a386-c7521e37a772" testId="20ad8570-0170-85de-dcd7-2f109dd7bcd6" testName="BL.Tests.UsersServiceTests.TestAdminGetUsers" computerName="DESKTOP-TJ9D65N" duration="00:00:00.0384150" startTime="2022-10-16T16:05:58.6614988+03:00" endTime="2022-10-16T16:05:58.6614989+03:00" testType="13cdc9d9-ddb5-4fa4-a97d-d965ccfc6d4b" outcome="Passed" testListId="8c84fa94-04c1-424b-9868-57a2d4851a1d" relativeResultsDirectory="14fe7d4e-a799-4e15-a386-c7521e37a772" />
  </Results>
  <TestDefinitions>
    <UnitTest name="BL.Tests.UsersServiceTests.TestAdminAddAutoIncrementUser" storage="/mnt/c/users/alena/desktop/7_sem/testing_and_debugging/skiresort/bl.tests/bin/debug/net6.0/bl.tests.dll" id="834c739b-eca4-b36d-6a66-5a1bd75377b8">
      <Execution id="d9987c8e-436f-4512-8601-a3c1a1d04dc9" />
      <TestMethod codeBase="/mnt/c/Users/alena/Desktop/7_sem/testing_and_debugging/SkiResort/BL.Tests/bin/Debug/net6.0/BL.Tests.dll" adapterTypeName="executor://xunit/VsTestRunner2/netcoreapp" className="BL.Tests.UsersServiceTests" name="TestAdminAddAutoIncrementUser" />
    </UnitTest>
    <UnitTest name="BL.Tests.CheckPermissionsServiceTests.SkiPatrolHasAccessToAdminSkiPatrolFunctions(functionName: &quot;MarkMessageReadByUserAsync&quot;)" storage="/mnt/c/users/alena/desktop/7_sem/testing_and_debugging/skiresort/bl.tests/bin/debug/net6.0/bl.tests.dll" id="60bd668f-04df-da5e-b79b-5d9aedb5234d">
      <Execution id="31fdfadb-3b66-4a56-b624-23c23556f35c" />
      <TestMethod codeBase="/mnt/c/Users/alena/Desktop/7_sem/testing_and_debugging/SkiResort/BL.Tests/bin/Debug/net6.0/BL.Tests.dll" adapterTypeName="executor://xunit/VsTestRunner2/netcoreapp" className="BL.Tests.CheckPermissionsServiceTests" name="SkiPatrolHasAccessToAdminSkiPatrolFunctions" />
    </UnitTest>
    <UnitTest name="BL.Tests.CheckPermissionsServiceTests.AuthorizedHasAccessToAuthorizedFunctions(functionName: &quot;SendMessageAsync&quot;)" storage="/mnt/c/users/alena/desktop/7_sem/testing_and_debugging/skiresort/bl.tests/bin/debug/net6.0/bl.tests.dll" id="644ec43e-70cd-c82d-42e7-0d990be1414d">
      <Execution id="27b3031d-493d-491d-a2a4-a8c4ed8ab544" />
      <TestMethod codeBase="/mnt/c/Users/alena/Desktop/7_sem/testing_and_debugging/SkiResort/BL.Tests/bin/Debug/net6.0/BL.Tests.dll" adapterTypeName="executor://xunit/VsTestRunner2/netcoreapp" className="BL.Tests.CheckPermissionsServiceTests" name="AuthorizedHasAccessToAuthorizedFunctions" />
    </UnitTest>
    <UnitTest name="BL.Tests.LiftsServiceTest.TestGetLiftsInfoAsync(userID: 99, initialLifts: [Lift { LiftID = 220, LiftName = liftNamefdda6cda-a63a-4bde-9992-1b95b279b79c, IsOpen = True, SeatsAmount = 163, LiftingTime = 212, QueueTime = 2, ConnectedSlopes =  }, Lift { LiftID = 49, LiftName = liftName461b6730-a0d3-463a-9fe3-9c7ef614bafa, IsOpen = False, SeatsAmount = 229, LiftingTime = 125, QueueTime = 80, ConnectedSlopes =  }, Lift { LiftID = 242, LiftName = ..." storage="/mnt/c/users/alena/desktop/7_sem/testing_and_debugging/skiresort/bl.tests/bin/debug/net6.0/bl.tests.dll" id="b6f72858-0d87-d9b0-93d4-7aa27b23787f">
      <Execution id="f43f8c7c-ad3c-45dc-bc89-f85657380565" />
      <TestMethod codeBase="/mnt/c/Users/alena/Desktop/7_sem/testing_and_debugging/SkiResort/BL.Tests/bin/Debug/net6.0/BL.Tests.dll" adapterTypeName="executor://xunit/VsTestRunner2/netcoreapp" className="BL.Tests.LiftsServiceTest" name="TestGetLiftsInfoAsync" />
    </UnitTest>
    <UnitTest name="BL.Tests.LiftsSlopesServiceTests.TestAdminDeleteLiftSlopeAsync(lift: Lift { LiftID = 96, LiftName = liftName6e043710-23ab-4309-93dd-c12784b20336, IsOpen = True, SeatsAmount = 49, LiftingTime = 144, QueueTime = 252, ConnectedSlopes =  }, slope: Slope { SlopeID = 241, SlopeName = slopeNamef944aab8-7c4f-4052-8d04-381a26a5d916, IsOpen = False, DifficultyLevel = 13, ConnectedLifts =  }, slopesRepositoryStub: Mock&lt;ISlopesRepository:2&gt;, liftsRepos..." storage="/mnt/c/users/alena/desktop/7_sem/testing_and_debugging/skiresort/bl.tests/bin/debug/net6.0/bl.tests.dll" id="cc27aa13-284b-7ef1-14a4-1158989f4d5f">
      <Execution id="a244b96a-26df-4b3a-815b-24a2b43c17f4" />
      <TestMethod codeBase="/mnt/c/Users/alena/Desktop/7_sem/testing_and_debugging/SkiResort/BL.Tests/bin/Debug/net6.0/BL.Tests.dll" adapterTypeName="executor://xunit/VsTestRunner2/netcoreapp" className="BL.Tests.LiftsSlopesServiceTests" name="TestAdminDeleteLiftSlopeAsync" />
    </UnitTest>
    <UnitTest name="BL.Tests.LiftsServiceTest.TestAdminAddAutoIncrementLiftAsync(userID: 165, lift: Lift { LiftID = 98, LiftName = liftName1d9e7630-223c-4d76-b4f3-a975a12c626a, IsOpen = True, SeatsAmount = 190, LiftingTime = 230, QueueTime = 240, ConnectedSlopes =  }, checkPermissionServiceMock: Mock&lt;ICheckPermissionService:5&gt;, liftsRepositoryStub: Mock&lt;ILiftsRepository:5&gt;, sut: LiftsService { })" storage="/mnt/c/users/alena/desktop/7_sem/testing_and_debugging/skiresort/bl.tests/bin/debug/net6.0/bl.tests.dll" id="c322b5b0-1b60-5962-27da-1adde01070f9">
      <Execution id="f123eaf1-2040-490f-ba4f-3eaeb08eb2bd" />
      <TestMethod codeBase="/mnt/c/Users/alena/Desktop/7_sem/testing_and_debugging/SkiResort/BL.Tests/bin/Debug/net6.0/BL.Tests.dll" adapterTypeName="executor://xunit/VsTestRunner2/netcoreapp" className="BL.Tests.LiftsServiceTest" name="TestAdminAddAutoIncrementLiftAsync" />
    </UnitTest>
    <UnitTest name="BL.Tests.CheckPermissionsServiceTests.AuthorizedHasNoAccessToAdminSkiPatrolFunctions(functionName: &quot;MarkMessageReadByUserAsync&quot;)" storage="/mnt/c/users/alena/desktop/7_sem/testing_and_debugging/skiresort/bl.tests/bin/debug/net6.0/bl.tests.dll" id="9c7df5e2-1b23-ebea-889f-b78ca86b60ab">
      <Execution id="322e01b9-5eec-4ad9-b0ab-08de0522dce6" />
      <TestMethod codeBase="/mnt/c/Users/alena/Desktop/7_sem/testing_and_debugging/SkiResort/BL.Tests/bin/Debug/net6.0/BL.Tests.dll" adapterTypeName="executor://xunit/VsTestRunner2/netcoreapp" className="BL.Tests.CheckPermissionsServiceTests" name="AuthorizedHasNoAccessToAdminSkiPatrolFunctions" />
    </UnitTest>
    <UnitTest name="BL.Tests.CheckPermissionsServiceTests.UnauthorizedHasNoAccessToAuthorizedFunctions(functionName: &quot;SendMessageAsync&quot;)" storage="/mnt/c/users/alena/desktop/7_sem/testing_and_debugging/skiresort/bl.tests/bin/debug/net6.0/bl.tests.dll" id="eaabd2fc-2f4b-5689-59c8-c7ad34a8f634">
      <Execution id="faf8a7e3-3d9a-459b-9d80-a8d9bd12568f" />
      <TestMethod codeBase="/mnt/c/Users/alena/Desktop/7_sem/testing_and_debugging/SkiResort/BL.Tests/bin/Debug/net6.0/BL.Tests.dll" adapterTypeName="executor://xunit/VsTestRunner2/netcoreapp" className="BL.Tests.CheckPermissionsServiceTests" name="UnauthorizedHasNoAccessToAuthorizedFunctions" />
    </UnitTest>
    <UnitTest name="BL.Tests.CheckPermissionsServiceTests.AdminHasAccessToAllFunctions" storage="/mnt/c/users/alena/desktop/7_sem/testing_and_debugging/skiresort/bl.tests/bin/debug/net6.0/bl.tests.dll" id="f3efc418-a8a6-c7b7-9bac-90b33aa8472f">
      <Execution id="3785a78d-068d-4b5a-969b-df65f9fcf97a" />
      <TestMethod codeBase="/mnt/c/Users/alena/Desktop/7_sem/testing_and_debugging/SkiResort/BL.Tests/bin/Debug/net6.0/BL.Tests.dll" adapterTypeName="executor://xunit/VsTestRunner2/netcoreapp" className="BL.Tests.CheckPermissionsServiceTests" name="AdminHasAccessToAllFunctions" />
    </UnitTest>
    <UnitTest name="BL.Tests.LiftsServiceTest.TestGetLiftInfoAsync(userID: 43, lift: Lift { LiftID = 23, LiftName = liftNamed7500876-6962-441c-a7aa-af9151dd9f7f, IsOpen = True, SeatsAmount = 218, LiftingTime = 217, QueueTime = 141, ConnectedSlopes =  }, checkPermissionServiceMock: Mock&lt;ICheckPermissionService:1&gt;, liftsRepositoryStub: Mock&lt;ILiftsRepository:1&gt;, liftsSlopesRepositoryStub: Mock&lt;ILiftsSlopesRepository:1&gt;, sut: LiftsService { })" storage="/mnt/c/users/alena/desktop/7_sem/testing_and_debugging/skiresort/bl.tests/bin/debug/net6.0/bl.tests.dll" id="d09d8f64-19e2-16c1-6d89-953158ec5409">
      <Execution id="88b25564-e96e-4525-8d2a-56b056ced301" />
      <TestMethod codeBase="/mnt/c/Users/alena/Desktop/7_sem/testing_and_debugging/SkiResort/BL.Tests/bin/Debug/net6.0/BL.Tests.dll" adapterTypeName="executor://xunit/VsTestRunner2/netcoreapp" className="BL.Tests.LiftsServiceTest" name="TestGetLiftInfoAsync" />
    </UnitTest>
    <UnitTest name="BL.Tests.TurnstilesServiceTest.TestAdminAddAutoIncrementTurnstileAsync(userID: 49, turnstile: Turnstile { TurnstileID = 116, LiftID = 12, IsOpen = True }, checkPermissionServiceMock: Mock&lt;ICheckPermissionService:16&gt;, turnstilesRepositoryStub: Mock&lt;ITurnstilesRepository:10&gt;, sut: TurnstilesService { })" storage="/mnt/c/users/alena/desktop/7_sem/testing_and_debugging/skiresort/bl.tests/bin/debug/net6.0/bl.tests.dll" id="d2b75162-100f-fbe7-49f3-34ad0f057482">
      <Execution id="332dc7f6-63ce-4654-a101-6b15c44a0adf" />
      <TestMethod codeBase="/mnt/c/Users/alena/Desktop/7_sem/testing_and_debugging/SkiResort/BL.Tests/bin/Debug/net6.0/BL.Tests.dll" adapterTypeName="executor://xunit/VsTestRunner2/netcoreapp" className="BL.Tests.TurnstilesServiceTest" name="TestAdminAddAutoIncrementTurnstileAsync" />
    </UnitTest>
    <UnitTest name="BL.Tests.UsersServiceTests.TestLogInOk" storage="/mnt/c/users/alena/desktop/7_sem/testing_and_debugging/skiresort/bl.tests/bin/debug/net6.0/bl.tests.dll" id="1ca07ad8-f799-c5d4-e7cc-34fd950198a2">
      <Execution id="5aa12a79-b7b4-4c88-8866-741d86cd3eef" />
      <TestMethod codeBase="/mnt/c/Users/alena/Desktop/7_sem/testing_and_debugging/SkiResort/BL.Tests/bin/Debug/net6.0/BL.Tests.dll" adapterTypeName="executor://xunit/VsTestRunner2/netcoreapp" className="BL.Tests.UsersServiceTests" name="TestLogInOk" />
    </UnitTest>
    <UnitTest name="BL.Tests.CheckPermissionsServiceTests.UnauthorizedHasNoAccessToAdminSkiPatrolFunctions(functionName: &quot;MarkMessageReadByUserAsync&quot;)" storage="/mnt/c/users/alena/desktop/7_sem/testing_and_debugging/skiresort/bl.tests/bin/debug/net6.0/bl.tests.dll" id="a19a5fcf-c5d2-7d44-5d7d-84403042f4e0">
      <Execution id="b1aca64b-c2b8-4ac6-97ee-67a06d2487d7" />
      <TestMethod codeBase="/mnt/c/Users/alena/Desktop/7_sem/testing_and_debugging/SkiResort/BL.Tests/bin/Debug/net6.0/BL.Tests.dll" adapterTypeName="executor://xunit/VsTestRunner2/netcoreapp" className="BL.Tests.CheckPermissionsServiceTests" name="UnauthorizedHasNoAccessToAdminSkiPatrolFunctions" />
    </UnitTest>
    <UnitTest name="BL.Tests.CheckPermissionsServiceTests.AuthorizedHasAccessToAuthorizedFunctions(functionName: &quot;LogOutAsync&quot;)" storage="/mnt/c/users/alena/desktop/7_sem/testing_and_debugging/skiresort/bl.tests/bin/debug/net6.0/bl.tests.dll" id="aa28a6b3-21d3-aa45-24d3-bef2facbc899">
      <Execution id="0f63b8ed-f203-408d-b6fd-7d106c6bc72d" />
      <TestMethod codeBase="/mnt/c/Users/alena/Desktop/7_sem/testing_and_debugging/SkiResort/BL.Tests/bin/Debug/net6.0/BL.Tests.dll" adapterTypeName="executor://xunit/VsTestRunner2/netcoreapp" className="BL.Tests.CheckPermissionsServiceTests" name="AuthorizedHasAccessToAuthorizedFunctions" />
    </UnitTest>
    <UnitTest name="BL.Tests.CheckPermissionsServiceTests.SkiPatrolHasAccessToAdminSkiPatrolFunctions(functionName: &quot;GetMessagesAsync&quot;)" storage="/mnt/c/users/alena/desktop/7_sem/testing_and_debugging/skiresort/bl.tests/bin/debug/net6.0/bl.tests.dll" id="c36970dc-93f7-753e-fa47-157133b01644">
      <Execution id="732a891c-e976-4d56-8d8e-547e9ebce628" />
      <TestMethod codeBase="/mnt/c/Users/alena/Desktop/7_sem/testing_and_debugging/SkiResort/BL.Tests/bin/Debug/net6.0/BL.Tests.dll" adapterTypeName="executor://xunit/VsTestRunner2/netcoreapp" className="BL.Tests.CheckPermissionsServiceTests" name="SkiPatrolHasAccessToAdminSkiPatrolFunctions" />
    </UnitTest>
    <UnitTest name="BL.Tests.TurnstilesServiceTest.TestAdminGetTurnstileAsync(userID: 242, turnstile: Turnstile { TurnstileID = 15, LiftID = 205, IsOpen = True }, checkPermissionServiceMock: Mock&lt;ICheckPermissionService:12&gt;, turnstilesRepositoryStub: Mock&lt;ITurnstilesRepository:6&gt;, sut: TurnstilesService { })" storage="/mnt/c/users/alena/desktop/7_sem/testing_and_debugging/skiresort/bl.tests/bin/debug/net6.0/bl.tests.dll" id="592527fd-d0ad-61ee-00e6-cd1e06389abf">
      <Execution id="4e19b8a0-b3a2-4c58-94e4-707f5f42bd7c" />
      <TestMethod codeBase="/mnt/c/Users/alena/Desktop/7_sem/testing_and_debugging/SkiResort/BL.Tests/bin/Debug/net6.0/BL.Tests.dll" adapterTypeName="executor://xunit/VsTestRunner2/netcoreapp" className="BL.Tests.TurnstilesServiceTest" name="TestAdminGetTurnstileAsync" />
    </UnitTest>
    <UnitTest name="BL.Tests.CheckPermissionsServiceTests.AuthorizedHasNoAccessToAdminFunctions" storage="/mnt/c/users/alena/desktop/7_sem/testing_and_debugging/skiresort/bl.tests/bin/debug/net6.0/bl.tests.dll" id="a2e59116-cb53-1d70-9cb8-21c286516866">
      <Execution id="9612cbca-fb31-42d4-b0c0-75a9f1c2227c" />
      <TestMethod codeBase="/mnt/c/Users/alena/Desktop/7_sem/testing_and_debugging/SkiResort/BL.Tests/bin/Debug/net6.0/BL.Tests.dll" adapterTypeName="executor://xunit/VsTestRunner2/netcoreapp" className="BL.Tests.CheckPermissionsServiceTests" name="AuthorizedHasNoAccessToAdminFunctions" />
    </UnitTest>
    <UnitTest name="BL.Tests.CheckPermissionsServiceTests.SkiPatrolHasAccessToAdminSkiPatrolFunctions(functionName: &quot;GetLiftsSlopesInfoAsync&quot;)" storage="/mnt/c/users/alena/desktop/7_sem/testing_and_debugging/skiresort/bl.tests/bin/debug/net6.0/bl.tests.dll" id="2d706594-f2b3-b3c8-21d4-86c9798c3306">
      <Execution id="ff23c2b2-b75f-47b4-a1e2-d6a2dd285432" />
      <TestMethod codeBase="/mnt/c/Users/alena/Desktop/7_sem/testing_and_debugging/SkiResort/BL.Tests/bin/Debug/net6.0/BL.Tests.dll" adapterTypeName="executor://xunit/VsTestRunner2/netcoreapp" className="BL.Tests.CheckPermissionsServiceTests" name="SkiPatrolHasAccessToAdminSkiPatrolFunctions" />
    </UnitTest>
    <UnitTest name="BL.Tests.CheckPermissionsServiceTests.AuthorizedHasNoAccessToAdminSkiPatrolFunctions(functionName: &quot;GetLiftsSlopesInfoAsync&quot;)" storage="/mnt/c/users/alena/desktop/7_sem/testing_and_debugging/skiresort/bl.tests/bin/debug/net6.0/bl.tests.dll" id="4f297306-d4f3-8d63-e7f4-1ac0b8c58c74">
      <Execution id="494cc53d-300b-4547-b26b-786847e7a8e0" />
      <TestMethod codeBase="/mnt/c/Users/alena/Desktop/7_sem/testing_and_debugging/SkiResort/BL.Tests/bin/Debug/net6.0/BL.Tests.dll" adapterTypeName="executor://xunit/VsTestRunner2/netcoreapp" className="BL.Tests.CheckPermissionsServiceTests" name="AuthorizedHasNoAccessToAdminSkiPatrolFunctions" />
    </UnitTest>
    <UnitTest name="BL.Tests.CheckPermissionsServiceTests.UnauthorizedHasNoAccessToAdminSkiPatrolFunctions(functionName: &quot;GetLiftsSlopesInfoAsync&quot;)" storage="/mnt/c/users/alena/desktop/7_sem/testing_and_debugging/skiresort/bl.tests/bin/debug/net6.0/bl.tests.dll" id="387c9729-48c1-486e-5e67-f5d11a9f0db8">
      <Execution id="90e0b1fa-3720-4541-b71b-a9da74a967fc" />
      <TestMethod codeBase="/mnt/c/Users/alena/Desktop/7_sem/testing_and_debugging/SkiResort/BL.Tests/bin/Debug/net6.0/BL.Tests.dll" adapterTypeName="executor://xunit/VsTestRunner2/netcoreapp" className="BL.Tests.CheckPermissionsServiceTests" name="UnauthorizedHasNoAccessToAdminSkiPatrolFunctions" />
    </UnitTest>
    <UnitTest name="BL.Tests.UsersServiceTests.TestRegisterUserWithRepeatedEmail" storage="/mnt/c/users/alena/desktop/7_sem/testing_and_debugging/skiresort/bl.tests/bin/debug/net6.0/bl.tests.dll" id="894941c1-bfa7-d8f9-c047-1e1ceefe2c2f">
      <Execution id="4ae4adcc-256e-4a85-8487-9cedc1e23aa6" />
      <TestMethod codeBase="/mnt/c/Users/alena/Desktop/7_sem/testing_and_debugging/SkiResort/BL.Tests/bin/Debug/net6.0/BL.Tests.dll" adapterTypeName="executor://xunit/VsTestRunner2/netcoreapp" className="BL.Tests.UsersServiceTests" name="TestRegisterUserWithRepeatedEmail" />
    </UnitTest>
    <UnitTest name="BL.Tests.LiftsSlopesServiceTests.TestAdminAddAutoIncrementLiftSlopeAsync(lift: Lift { LiftID = 246, LiftName = liftName9727dca8-a3d2-4cfb-a403-2ac7aeba1028, IsOpen = True, SeatsAmount = 199, LiftingTime = 88, QueueTime = 245, ConnectedSlopes =  }, slope: Slope { SlopeID = 157, SlopeName = slopeNamef040df1d-d22c-40e8-8f17-d5605a4f273d, IsOpen = False, DifficultyLevel = 71, ConnectedLifts =  }, slopesRepositoryStub: Mock&lt;ISlopesRepository:3&gt;,..." storage="/mnt/c/users/alena/desktop/7_sem/testing_and_debugging/skiresort/bl.tests/bin/debug/net6.0/bl.tests.dll" id="f22176a6-b5ef-ec9b-b0d2-11ff4d1ac97f">
      <Execution id="871f17e5-3151-4734-a53c-55c3d1d86c18" />
      <TestMethod codeBase="/mnt/c/Users/alena/Desktop/7_sem/testing_and_debugging/SkiResort/BL.Tests/bin/Debug/net6.0/BL.Tests.dll" adapterTypeName="executor://xunit/VsTestRunner2/netcoreapp" className="BL.Tests.LiftsSlopesServiceTests" name="TestAdminAddAutoIncrementLiftSlopeAsync" />
    </UnitTest>
    <UnitTest name="BL.Tests.TurnstilesServiceTest.TestAdminUpdateTurnstileAsync(userID: 6, turnstile: Turnstile { TurnstileID = 83, LiftID = 220, IsOpen = True }, checkPermissionServiceMock: Mock&lt;ICheckPermissionService:14&gt;, turnstilesRepositoryStub: Mock&lt;ITurnstilesRepository:8&gt;, sut: TurnstilesService { })" storage="/mnt/c/users/alena/desktop/7_sem/testing_and_debugging/skiresort/bl.tests/bin/debug/net6.0/bl.tests.dll" id="ad35dd57-72ab-5b00-9e68-9781a69bde12">
      <Execution id="0832c001-7e5d-404c-a0f6-5838c1cb38f5" />
      <TestMethod codeBase="/mnt/c/Users/alena/Desktop/7_sem/testing_and_debugging/SkiResort/BL.Tests/bin/Debug/net6.0/BL.Tests.dll" adapterTypeName="executor://xunit/VsTestRunner2/netcoreapp" className="BL.Tests.TurnstilesServiceTest" name="TestAdminUpdateTurnstileAsync" />
    </UnitTest>
    <UnitTest name="BL.Tests.CheckPermissionsServiceTests.UnauthorizedHasNoAccessToAdminFunctions" storage="/mnt/c/users/alena/desktop/7_sem/testing_and_debugging/skiresort/bl.tests/bin/debug/net6.0/bl.tests.dll" id="e2d7e5be-3dae-33ae-fb17-c704b6fd58d6">
      <Execution id="f4824e19-f201-478b-afb1-f06bf8ce2854" />
      <TestMethod codeBase="/mnt/c/Users/alena/Desktop/7_sem/testing_and_debugging/SkiResort/BL.Tests/bin/Debug/net6.0/BL.Tests.dll" adapterTypeName="executor://xunit/VsTestRunner2/netcoreapp" className="BL.Tests.CheckPermissionsServiceTests" name="UnauthorizedHasNoAccessToAdminFunctions" />
    </UnitTest>
    <UnitTest name="BL.Tests.UsersServiceTests.TestRegisterUserWithNoPassword" storage="/mnt/c/users/alena/desktop/7_sem/testing_and_debugging/skiresort/bl.tests/bin/debug/net6.0/bl.tests.dll" id="f44a1b21-8efc-bfac-63b4-d534442def31">
      <Execution id="3a2a565c-7b9b-4484-90ec-4f21c01c863e" />
      <TestMethod codeBase="/mnt/c/Users/alena/Desktop/7_sem/testing_and_debugging/SkiResort/BL.Tests/bin/Debug/net6.0/BL.Tests.dll" adapterTypeName="executor://xunit/VsTestRunner2/netcoreapp" className="BL.Tests.UsersServiceTests" name="TestRegisterUserWithNoPassword" />
    </UnitTest>
    <UnitTest name="BL.Tests.TurnstilesServiceTest.TestAdminDeleteTurnstileAsync(userID: 62, turnstile: Turnstile { TurnstileID = 52, LiftID = 3, IsOpen = True }, checkPermissionServiceMock: Mock&lt;ICheckPermissionService:15&gt;, turnstilesRepositoryStub: Mock&lt;ITurnstilesRepository:9&gt;, sut: TurnstilesService { })" storage="/mnt/c/users/alena/desktop/7_sem/testing_and_debugging/skiresort/bl.tests/bin/debug/net6.0/bl.tests.dll" id="7e52cea9-101b-ad9b-a2b4-d033be9b156f">
      <Execution id="f94ac584-44d7-453b-b447-939733d2ad5e" />
      <TestMethod codeBase="/mnt/c/Users/alena/Desktop/7_sem/testing_and_debugging/SkiResort/BL.Tests/bin/Debug/net6.0/BL.Tests.dll" adapterTypeName="executor://xunit/VsTestRunner2/netcoreapp" className="BL.Tests.TurnstilesServiceTest" name="TestAdminDeleteTurnstileAsync" />
    </UnitTest>
    <UnitTest name="BL.Tests.SlopesServiceTest.TestAdminAddAutoIncrementSlopeAsync(userID: 70, slope: Slope { SlopeID = 168, SlopeName = slopeName3c62beb4-0346-4319-9e26-52368fc3517d, IsOpen = True, DifficultyLevel = 133, ConnectedLifts =  }, checkPermissionServiceMock: Mock&lt;ICheckPermissionService:10&gt;, slopesRepositoryStub: Mock&lt;ISlopesRepository:8&gt;, sut: SlopesService { })" storage="/mnt/c/users/alena/desktop/7_sem/testing_and_debugging/skiresort/bl.tests/bin/debug/net6.0/bl.tests.dll" id="43e084fb-12f1-61ab-cf30-2a4785ee2ca8">
      <Execution id="801a8bad-0e5f-4715-8d73-4cce09d2093b" />
      <TestMethod codeBase="/mnt/c/Users/alena/Desktop/7_sem/testing_and_debugging/SkiResort/BL.Tests/bin/Debug/net6.0/BL.Tests.dll" adapterTypeName="executor://xunit/VsTestRunner2/netcoreapp" className="BL.Tests.SlopesServiceTest" name="TestAdminAddAutoIncrementSlopeAsync" />
    </UnitTest>
    <UnitTest name="BL.Tests.CheckPermissionsServiceTests.SkiPatrolHasNoAccessToAdminFunctions" storage="/mnt/c/users/alena/desktop/7_sem/testing_and_debugging/skiresort/bl.tests/bin/debug/net6.0/bl.tests.dll" id="492c0393-35b4-df26-a537-21ca08302f3c">
      <Execution id="dd72cf1f-78de-4aa2-9a0a-18d46bb08535" />
      <TestMethod codeBase="/mnt/c/Users/alena/Desktop/7_sem/testing_and_debugging/SkiResort/BL.Tests/bin/Debug/net6.0/BL.Tests.dll" adapterTypeName="executor://xunit/VsTestRunner2/netcoreapp" className="BL.Tests.CheckPermissionsServiceTests" name="SkiPatrolHasNoAccessToAdminFunctions" />
    </UnitTest>
    <UnitTest name="BL.Tests.UsersServiceTests.TestAdminDeleteUser" storage="/mnt/c/users/alena/desktop/7_sem/testing_and_debugging/skiresort/bl.tests/bin/debug/net6.0/bl.tests.dll" id="18fa8c62-e27d-e1fc-8182-4d7db62b008d">
      <Execution id="6caa643c-c1d2-464d-944f-e6e5bb982aaa" />
      <TestMethod codeBase="/mnt/c/Users/alena/Desktop/7_sem/testing_and_debugging/SkiResort/BL.Tests/bin/Debug/net6.0/BL.Tests.dll" adapterTypeName="executor://xunit/VsTestRunner2/netcoreapp" className="BL.Tests.UsersServiceTests" name="TestAdminDeleteUser" />
    </UnitTest>
    <UnitTest name="BL.Tests.SlopesServiceTest.TestUpdateSlopeInfoAsync(userID: 109, slope: Slope { SlopeID = 143, SlopeName = slopeName18c3840c-d15d-4ee1-b5d2-157f75b844e0, IsOpen = True, DifficultyLevel = 146, ConnectedLifts =  }, checkPermissionServiceMock: Mock&lt;ICheckPermissionService:8&gt;, slopesRepositoryStub: Mock&lt;ISlopesRepository:6&gt;, sut: SlopesService { })" storage="/mnt/c/users/alena/desktop/7_sem/testing_and_debugging/skiresort/bl.tests/bin/debug/net6.0/bl.tests.dll" id="939d63a2-710b-8b59-db43-71d17361254f">
      <Execution id="60162af5-2ac1-4622-a41f-01ef4be28eaf" />
      <TestMethod codeBase="/mnt/c/Users/alena/Desktop/7_sem/testing_and_debugging/SkiResort/BL.Tests/bin/Debug/net6.0/BL.Tests.dll" adapterTypeName="executor://xunit/VsTestRunner2/netcoreapp" className="BL.Tests.SlopesServiceTest" name="TestUpdateSlopeInfoAsync" />
    </UnitTest>
    <UnitTest name="BL.Tests.SlopesServiceTest.TestGetSlopesInfoAsync(userID: 52, initialSlopes: [Slope { SlopeID = 164, SlopeName = slopeName55f8801f-5bd5-42f7-b36b-1f182cd03b05, IsOpen = True, DifficultyLevel = 47, ConnectedLifts =  }, Slope { SlopeID = 138, SlopeName = slopeName3544610b-c089-4ac9-9692-8ec1540c5e1a, IsOpen = False, DifficultyLevel = 80, ConnectedLifts =  }, Slope { SlopeID = 60, SlopeName = slopeName7afa7624-63f6-48f2-9cdd-a829ec7fb98e, IsOp..." storage="/mnt/c/users/alena/desktop/7_sem/testing_and_debugging/skiresort/bl.tests/bin/debug/net6.0/bl.tests.dll" id="7f64c1b3-e24f-7990-39ea-2a71e9e09e9d">
      <Execution id="6cc259d2-b91d-4b9e-90a2-33fbd6d6c248" />
      <TestMethod codeBase="/mnt/c/Users/alena/Desktop/7_sem/testing_and_debugging/SkiResort/BL.Tests/bin/Debug/net6.0/BL.Tests.dll" adapterTypeName="executor://xunit/VsTestRunner2/netcoreapp" className="BL.Tests.SlopesServiceTest" name="TestGetSlopesInfoAsync" />
    </UnitTest>
    <UnitTest name="BL.Tests.UsersServiceTests.TestLogInWithWrongPassword" storage="/mnt/c/users/alena/desktop/7_sem/testing_and_debugging/skiresort/bl.tests/bin/debug/net6.0/bl.tests.dll" id="69340bb6-3645-f9dd-971e-29d8b2a009bb">
      <Execution id="7324ca2c-32ec-41af-adc2-a9299b7eb6cd" />
      <TestMethod codeBase="/mnt/c/Users/alena/Desktop/7_sem/testing_and_debugging/SkiResort/BL.Tests/bin/Debug/net6.0/BL.Tests.dll" adapterTypeName="executor://xunit/VsTestRunner2/netcoreapp" className="BL.Tests.UsersServiceTests" name="TestLogInWithWrongPassword" />
    </UnitTest>
    <UnitTest name="BL.Tests.LiftsServiceTest.TestUpdateLiftInfoAsync(userID: 104, lift: Lift { LiftID = 9, LiftName = liftName82ff64b7-ea56-4f84-be8a-6a903ec5061c, IsOpen = True, SeatsAmount = 241, LiftingTime = 116, QueueTime = 253, ConnectedSlopes =  }, checkPermissionServiceMock: Mock&lt;ICheckPermissionService:3&gt;, liftsRepositoryStub: Mock&lt;ILiftsRepository:3&gt;, sut: LiftsService { })" storage="/mnt/c/users/alena/desktop/7_sem/testing_and_debugging/skiresort/bl.tests/bin/debug/net6.0/bl.tests.dll" id="e09e4acf-581f-dfce-93ce-f449a21c3396">
      <Execution id="5c6060fc-f856-4361-851b-4f81bcf5cf4c" />
      <TestMethod codeBase="/mnt/c/Users/alena/Desktop/7_sem/testing_and_debugging/SkiResort/BL.Tests/bin/Debug/net6.0/BL.Tests.dll" adapterTypeName="executor://xunit/VsTestRunner2/netcoreapp" className="BL.Tests.LiftsServiceTest" name="TestUpdateLiftInfoAsync" />
    </UnitTest>
    <UnitTest name="BL.Tests.CheckPermissionsServiceTests.UnauthorizedHasNoAccessToAdminSkiPatrolFunctions(functionName: &quot;GetMessagesAsync&quot;)" storage="/mnt/c/users/alena/desktop/7_sem/testing_and_debugging/skiresort/bl.tests/bin/debug/net6.0/bl.tests.dll" id="229812f5-9a73-5335-11f5-31330d1348a5">
      <Execution id="83d70991-1559-4e88-98a8-fd36bf897111" />
      <TestMethod codeBase="/mnt/c/Users/alena/Desktop/7_sem/testing_and_debugging/SkiResort/BL.Tests/bin/Debug/net6.0/BL.Tests.dll" adapterTypeName="executor://xunit/VsTestRunner2/netcoreapp" className="BL.Tests.CheckPermissionsServiceTests" name="UnauthorizedHasNoAccessToAdminSkiPatrolFunctions" />
    </UnitTest>
    <UnitTest name="BL.Tests.UsersServiceTests.TestRegisterUserWithNoEmail" storage="/mnt/c/users/alena/desktop/7_sem/testing_and_debugging/skiresort/bl.tests/bin/debug/net6.0/bl.tests.dll" id="8184bd30-991c-b78d-b4ec-99a485eac0dd">
      <Execution id="30b77c5b-bcdb-485b-b72c-eb6b44c6479d" />
      <TestMethod codeBase="/mnt/c/Users/alena/Desktop/7_sem/testing_and_debugging/SkiResort/BL.Tests/bin/Debug/net6.0/BL.Tests.dll" adapterTypeName="executor://xunit/VsTestRunner2/netcoreapp" className="BL.Tests.UsersServiceTests" name="TestRegisterUserWithNoEmail" />
    </UnitTest>
    <UnitTest name="BL.Tests.CheckPermissionsServiceTests.AuthorizedHasNoAccessToAdminSkiPatrolFunctions(functionName: &quot;GetMessagesAsync&quot;)" storage="/mnt/c/users/alena/desktop/7_sem/testing_and_debugging/skiresort/bl.tests/bin/debug/net6.0/bl.tests.dll" id="2602613f-c8e2-a6d9-fcf7-5b27d4a770a6">
      <Execution id="4a222e50-e0f5-4c63-afb0-786aefdd863c" />
      <TestMethod codeBase="/mnt/c/Users/alena/Desktop/7_sem/testing_and_debugging/SkiResort/BL.Tests/bin/Debug/net6.0/BL.Tests.dll" adapterTypeName="executor://xunit/VsTestRunner2/netcoreapp" className="BL.Tests.CheckPermissionsServiceTests" name="AuthorizedHasNoAccessToAdminSkiPatrolFunctions" />
    </UnitTest>
    <UnitTest name="BL.Tests.UsersServiceTests.TestRegisterOk" storage="/mnt/c/users/alena/desktop/7_sem/testing_and_debugging/skiresort/bl.tests/bin/debug/net6.0/bl.tests.dll" id="0eeef75f-6e38-7893-a8fe-cff3e0a970a7">
      <Execution id="b562253e-02b6-40ab-b500-6d84198233eb" />
      <TestMethod codeBase="/mnt/c/Users/alena/Desktop/7_sem/testing_and_debugging/SkiResort/BL.Tests/bin/Debug/net6.0/BL.Tests.dll" adapterTypeName="executor://xunit/VsTestRunner2/netcoreapp" className="BL.Tests.UsersServiceTests" name="TestRegisterOk" />
    </UnitTest>
    <UnitTest name="BL.Tests.TurnstilesServiceTest.TestAdminGetTurnstilesAsync(userID: 255, initialTurnstiles: [Turnstile { TurnstileID = 50, LiftID = 204, IsOpen = True }, Turnstile { TurnstileID = 169, LiftID = 134, IsOpen = False }, Turnstile { TurnstileID = 219, LiftID = 76, IsOpen = True }], checkPermissionServiceMock: Mock&lt;ICheckPermissionService:13&gt;, turnstilesRepositoryStub: Mock&lt;ITurnstilesRepository:7&gt;, sut: TurnstilesService { })" storage="/mnt/c/users/alena/desktop/7_sem/testing_and_debugging/skiresort/bl.tests/bin/debug/net6.0/bl.tests.dll" id="e05cfcc0-69a4-02c3-ccd2-78deca56ed73">
      <Execution id="a616ec85-2503-46a7-9616-a364f8c879d1" />
      <TestMethod codeBase="/mnt/c/Users/alena/Desktop/7_sem/testing_and_debugging/SkiResort/BL.Tests/bin/Debug/net6.0/BL.Tests.dll" adapterTypeName="executor://xunit/VsTestRunner2/netcoreapp" className="BL.Tests.TurnstilesServiceTest" name="TestAdminGetTurnstilesAsync" />
    </UnitTest>
    <UnitTest name="BL.Tests.CheckPermissionsServiceTests.UnauthorizedHasNoAccessToAuthorizedFunctions(functionName: &quot;LogOutAsync&quot;)" storage="/mnt/c/users/alena/desktop/7_sem/testing_and_debugging/skiresort/bl.tests/bin/debug/net6.0/bl.tests.dll" id="fa960c5e-f989-2880-784e-8efe538c5231">
      <Execution id="6a693428-7ecd-4304-bc66-24a81f5975ba" />
      <TestMethod codeBase="/mnt/c/Users/alena/Desktop/7_sem/testing_and_debugging/SkiResort/BL.Tests/bin/Debug/net6.0/BL.Tests.dll" adapterTypeName="executor://xunit/VsTestRunner2/netcoreapp" className="BL.Tests.CheckPermissionsServiceTests" name="UnauthorizedHasNoAccessToAuthorizedFunctions" />
    </UnitTest>
    <UnitTest name="BL.Tests.SlopesServiceTest.TestGetSlopeInfoAsync(userID: 202, slope: Slope { SlopeID = 250, SlopeName = slopeNamec2ab6f01-4ce4-40e8-83d3-2264d2f01cce, IsOpen = True, DifficultyLevel = 119, ConnectedLifts =  }, checkPermissionServiceMock: Mock&lt;ICheckPermissionService:6&gt;, slopesRepositoryStub: Mock&lt;ISlopesRepository:4&gt;, liftsSlopesRepositoryStub: Mock&lt;ILiftsSlopesRepository:9&gt;, sut: SlopesService { })" storage="/mnt/c/users/alena/desktop/7_sem/testing_and_debugging/skiresort/bl.tests/bin/debug/net6.0/bl.tests.dll" id="a6b00723-743f-e3c3-469e-16018686ff61">
      <Execution id="b841471f-9f77-4968-a1b4-58c64791cc59" />
      <TestMethod codeBase="/mnt/c/Users/alena/Desktop/7_sem/testing_and_debugging/SkiResort/BL.Tests/bin/Debug/net6.0/BL.Tests.dll" adapterTypeName="executor://xunit/VsTestRunner2/netcoreapp" className="BL.Tests.SlopesServiceTest" name="TestGetSlopeInfoAsync" />
    </UnitTest>
    <UnitTest name="BL.Tests.SlopesServiceTest.TestAdminDeleteSlopeAsync(userID: 204, slope: Slope { SlopeID = 26, SlopeName = slopeName694429de-8a5f-4443-a6eb-faa14939c2e1, IsOpen = True, DifficultyLevel = 175, ConnectedLifts =  }, checkPermissionServiceMock: Mock&lt;ICheckPermissionService:9&gt;, slopesRepositoryStub: Mock&lt;ISlopesRepository:7&gt;, liftsSlopesRepositoryStub: Mock&lt;ILiftsSlopesRepository:12&gt;, sut: SlopesService { })" storage="/mnt/c/users/alena/desktop/7_sem/testing_and_debugging/skiresort/bl.tests/bin/debug/net6.0/bl.tests.dll" id="cb8fa653-01cb-09f3-af00-1d4f4f4d1e6d">
      <Execution id="bff7efc3-b18d-4fc5-8771-545d636143a2" />
      <TestMethod codeBase="/mnt/c/Users/alena/Desktop/7_sem/testing_and_debugging/SkiResort/BL.Tests/bin/Debug/net6.0/BL.Tests.dll" adapterTypeName="executor://xunit/VsTestRunner2/netcoreapp" className="BL.Tests.SlopesServiceTest" name="TestAdminDeleteSlopeAsync" />
    </UnitTest>
    <UnitTest name="BL.Tests.LiftsSlopesServiceTests.TestGetLiftsSlopesInfoAsync(liftsSlopes: [LiftSlope { RecordID = 220, LiftID = 91, SlopeID = 195 }, LiftSlope { RecordID = 209, LiftID = 34, SlopeID = 92 }, LiftSlope { RecordID = 251, LiftID = 106, SlopeID = 239 }], slopesRepositoryStub: Mock&lt;ISlopesRepository:1&gt;, liftsRepositoryStub: Mock&lt;ILiftsRepository:6&gt;, liftsSlopesRepositoryStub: Mock&lt;ILiftsSlopesRepository:6&gt;)" storage="/mnt/c/users/alena/desktop/7_sem/testing_and_debugging/skiresort/bl.tests/bin/debug/net6.0/bl.tests.dll" id="e429852d-a6ed-7c2a-25fd-cd839b159d56">
      <Execution id="0409326e-3a33-4ba0-81da-2f2bbd5aa4c1" />
      <TestMethod codeBase="/mnt/c/Users/alena/Desktop/7_sem/testing_and_debugging/SkiResort/BL.Tests/bin/Debug/net6.0/BL.Tests.dll" adapterTypeName="executor://xunit/VsTestRunner2/netcoreapp" className="BL.Tests.LiftsSlopesServiceTests" name="TestGetLiftsSlopesInfoAsync" />
    </UnitTest>
    <UnitTest name="BL.Tests.UsersServiceTests.TestAdminUpdateUser" storage="/mnt/c/users/alena/desktop/7_sem/testing_and_debugging/skiresort/bl.tests/bin/debug/net6.0/bl.tests.dll" id="06d0bc3a-24a0-fb7f-4277-e9ae6d21c7dd">
      <Execution id="c89732c6-a913-4343-b813-15bd703e8dee" />
      <TestMethod codeBase="/mnt/c/Users/alena/Desktop/7_sem/testing_and_debugging/SkiResort/BL.Tests/bin/Debug/net6.0/BL.Tests.dll" adapterTypeName="executor://xunit/VsTestRunner2/netcoreapp" className="BL.Tests.UsersServiceTests" name="TestAdminUpdateUser" />
    </UnitTest>
    <UnitTest name="BL.Tests.UsersServiceTests.TestAdminGetUserByIDAsync" storage="/mnt/c/users/alena/desktop/7_sem/testing_and_debugging/skiresort/bl.tests/bin/debug/net6.0/bl.tests.dll" id="e5497347-2721-b7a6-0bd4-69a9921f6947">
      <Execution id="cee584d1-3e38-4efa-9140-b2c98515d0eb" />
      <TestMethod codeBase="/mnt/c/Users/alena/Desktop/7_sem/testing_and_debugging/SkiResort/BL.Tests/bin/Debug/net6.0/BL.Tests.dll" adapterTypeName="executor://xunit/VsTestRunner2/netcoreapp" className="BL.Tests.UsersServiceTests" name="TestAdminGetUserByIDAsync" />
    </UnitTest>
    <UnitTest name="BL.Tests.SlopesServiceTest.TestAdminAddSlopeAsync(userID: 20, slope: Slope { SlopeID = 66, SlopeName = slopeNamebfe9cd09-76e1-4905-a25c-b28cd2e23866, IsOpen = True, DifficultyLevel = 139, ConnectedLifts =  }, checkPermissionServiceMock: Mock&lt;ICheckPermissionService:11&gt;, slopesRepositoryStub: Mock&lt;ISlopesRepository:9&gt;, sut: SlopesService { })" storage="/mnt/c/users/alena/desktop/7_sem/testing_and_debugging/skiresort/bl.tests/bin/debug/net6.0/bl.tests.dll" id="c3a14857-859a-b2b4-f5ce-f02370bf9657">
      <Execution id="5d700989-fdc5-4f4b-a75e-c7599d03d41c" />
      <TestMethod codeBase="/mnt/c/Users/alena/Desktop/7_sem/testing_and_debugging/SkiResort/BL.Tests/bin/Debug/net6.0/BL.Tests.dll" adapterTypeName="executor://xunit/VsTestRunner2/netcoreapp" className="BL.Tests.SlopesServiceTest" name="TestAdminAddSlopeAsync" />
    </UnitTest>
    <UnitTest name="BL.Tests.LiftsServiceTest.TestAdminDeleteLiftAsync(userID: 60, lift: Lift { LiftID = 101, LiftName = liftNamec3fedbcb-b06b-48c8-9c18-5f81369b7f1d, IsOpen = True, SeatsAmount = 231, LiftingTime = 143, QueueTime = 57, ConnectedSlopes =  }, checkPermissionServiceMock: Mock&lt;ICheckPermissionService:4&gt;, liftsRepositoryStub: Mock&lt;ILiftsRepository:4&gt;, liftsSlopesRepositoryStub: Mock&lt;ILiftsSlopesRepository:4&gt;, sut: LiftsService { })" storage="/mnt/c/users/alena/desktop/7_sem/testing_and_debugging/skiresort/bl.tests/bin/debug/net6.0/bl.tests.dll" id="c96f4fb3-e040-fbfb-6516-77ac3f96128c">
      <Execution id="29ebcd0a-1d50-4b0b-b820-f2179435acfe" />
      <TestMethod codeBase="/mnt/c/Users/alena/Desktop/7_sem/testing_and_debugging/SkiResort/BL.Tests/bin/Debug/net6.0/BL.Tests.dll" adapterTypeName="executor://xunit/VsTestRunner2/netcoreapp" className="BL.Tests.LiftsServiceTest" name="TestAdminDeleteLiftAsync" />
    </UnitTest>
    <UnitTest name="BL.Tests.UsersServiceTests.TestAdminGetUsers" storage="/mnt/c/users/alena/desktop/7_sem/testing_and_debugging/skiresort/bl.tests/bin/debug/net6.0/bl.tests.dll" id="20ad8570-0170-85de-dcd7-2f109dd7bcd6">
      <Execution id="14fe7d4e-a799-4e15-a386-c7521e37a772" />
      <TestMethod codeBase="/mnt/c/Users/alena/Desktop/7_sem/testing_and_debugging/SkiResort/BL.Tests/bin/Debug/net6.0/BL.Tests.dll" adapterTypeName="executor://xunit/VsTestRunner2/netcoreapp" className="BL.Tests.UsersServiceTests" name="TestAdminGetUsers" />
    </UnitTest>
  </TestDefinitions>
  <TestEntries>
    <TestEntry testId="0eeef75f-6e38-7893-a8fe-cff3e0a970a7" executionId="b562253e-02b6-40ab-b500-6d84198233eb" testListId="8c84fa94-04c1-424b-9868-57a2d4851a1d" />
    <TestEntry testId="69340bb6-3645-f9dd-971e-29d8b2a009bb" executionId="7324ca2c-32ec-41af-adc2-a9299b7eb6cd" testListId="8c84fa94-04c1-424b-9868-57a2d4851a1d" />
    <TestEntry testId="06d0bc3a-24a0-fb7f-4277-e9ae6d21c7dd" executionId="c89732c6-a913-4343-b813-15bd703e8dee" testListId="8c84fa94-04c1-424b-9868-57a2d4851a1d" />
    <TestEntry testId="c36970dc-93f7-753e-fa47-157133b01644" executionId="732a891c-e976-4d56-8d8e-547e9ebce628" testListId="8c84fa94-04c1-424b-9868-57a2d4851a1d" />
    <TestEntry testId="e09e4acf-581f-dfce-93ce-f449a21c3396" executionId="5c6060fc-f856-4361-851b-4f81bcf5cf4c" testListId="8c84fa94-04c1-424b-9868-57a2d4851a1d" />
    <TestEntry testId="f22176a6-b5ef-ec9b-b0d2-11ff4d1ac97f" executionId="871f17e5-3151-4734-a53c-55c3d1d86c18" testListId="8c84fa94-04c1-424b-9868-57a2d4851a1d" />
    <TestEntry testId="a2e59116-cb53-1d70-9cb8-21c286516866" executionId="9612cbca-fb31-42d4-b0c0-75a9f1c2227c" testListId="8c84fa94-04c1-424b-9868-57a2d4851a1d" />
    <TestEntry testId="7e52cea9-101b-ad9b-a2b4-d033be9b156f" executionId="f94ac584-44d7-453b-b447-939733d2ad5e" testListId="8c84fa94-04c1-424b-9868-57a2d4851a1d" />
    <TestEntry testId="a6b00723-743f-e3c3-469e-16018686ff61" executionId="b841471f-9f77-4968-a1b4-58c64791cc59" testListId="8c84fa94-04c1-424b-9868-57a2d4851a1d" />
    <TestEntry testId="c96f4fb3-e040-fbfb-6516-77ac3f96128c" executionId="29ebcd0a-1d50-4b0b-b820-f2179435acfe" testListId="8c84fa94-04c1-424b-9868-57a2d4851a1d" />
    <TestEntry testId="aa28a6b3-21d3-aa45-24d3-bef2facbc899" executionId="0f63b8ed-f203-408d-b6fd-7d106c6bc72d" testListId="8c84fa94-04c1-424b-9868-57a2d4851a1d" />
    <TestEntry testId="eaabd2fc-2f4b-5689-59c8-c7ad34a8f634" executionId="faf8a7e3-3d9a-459b-9d80-a8d9bd12568f" testListId="8c84fa94-04c1-424b-9868-57a2d4851a1d" />
    <TestEntry testId="b6f72858-0d87-d9b0-93d4-7aa27b23787f" executionId="f43f8c7c-ad3c-45dc-bc89-f85657380565" testListId="8c84fa94-04c1-424b-9868-57a2d4851a1d" />
    <TestEntry testId="592527fd-d0ad-61ee-00e6-cd1e06389abf" executionId="4e19b8a0-b3a2-4c58-94e4-707f5f42bd7c" testListId="8c84fa94-04c1-424b-9868-57a2d4851a1d" />
    <TestEntry testId="d2b75162-100f-fbe7-49f3-34ad0f057482" executionId="332dc7f6-63ce-4654-a101-6b15c44a0adf" testListId="8c84fa94-04c1-424b-9868-57a2d4851a1d" />
    <TestEntry testId="4f297306-d4f3-8d63-e7f4-1ac0b8c58c74" executionId="494cc53d-300b-4547-b26b-786847e7a8e0" testListId="8c84fa94-04c1-424b-9868-57a2d4851a1d" />
    <TestEntry testId="f3efc418-a8a6-c7b7-9bac-90b33aa8472f" executionId="3785a78d-068d-4b5a-969b-df65f9fcf97a" testListId="8c84fa94-04c1-424b-9868-57a2d4851a1d" />
    <TestEntry testId="e429852d-a6ed-7c2a-25fd-cd839b159d56" executionId="0409326e-3a33-4ba0-81da-2f2bbd5aa4c1" testListId="8c84fa94-04c1-424b-9868-57a2d4851a1d" />
    <TestEntry testId="e05cfcc0-69a4-02c3-ccd2-78deca56ed73" executionId="a616ec85-2503-46a7-9616-a364f8c879d1" testListId="8c84fa94-04c1-424b-9868-57a2d4851a1d" />
    <TestEntry testId="834c739b-eca4-b36d-6a66-5a1bd75377b8" executionId="d9987c8e-436f-4512-8601-a3c1a1d04dc9" testListId="8c84fa94-04c1-424b-9868-57a2d4851a1d" />
    <TestEntry testId="2602613f-c8e2-a6d9-fcf7-5b27d4a770a6" executionId="4a222e50-e0f5-4c63-afb0-786aefdd863c" testListId="8c84fa94-04c1-424b-9868-57a2d4851a1d" />
    <TestEntry testId="7f64c1b3-e24f-7990-39ea-2a71e9e09e9d" executionId="6cc259d2-b91d-4b9e-90a2-33fbd6d6c248" testListId="8c84fa94-04c1-424b-9868-57a2d4851a1d" />
    <TestEntry testId="f44a1b21-8efc-bfac-63b4-d534442def31" executionId="3a2a565c-7b9b-4484-90ec-4f21c01c863e" testListId="8c84fa94-04c1-424b-9868-57a2d4851a1d" />
    <TestEntry testId="60bd668f-04df-da5e-b79b-5d9aedb5234d" executionId="31fdfadb-3b66-4a56-b624-23c23556f35c" testListId="8c84fa94-04c1-424b-9868-57a2d4851a1d" />
    <TestEntry testId="fa960c5e-f989-2880-784e-8efe538c5231" executionId="6a693428-7ecd-4304-bc66-24a81f5975ba" testListId="8c84fa94-04c1-424b-9868-57a2d4851a1d" />
    <TestEntry testId="ad35dd57-72ab-5b00-9e68-9781a69bde12" executionId="0832c001-7e5d-404c-a0f6-5838c1cb38f5" testListId="8c84fa94-04c1-424b-9868-57a2d4851a1d" />
    <TestEntry testId="894941c1-bfa7-d8f9-c047-1e1ceefe2c2f" executionId="4ae4adcc-256e-4a85-8487-9cedc1e23aa6" testListId="8c84fa94-04c1-424b-9868-57a2d4851a1d" />
    <TestEntry testId="644ec43e-70cd-c82d-42e7-0d990be1414d" executionId="27b3031d-493d-491d-a2a4-a8c4ed8ab544" testListId="8c84fa94-04c1-424b-9868-57a2d4851a1d" />
    <TestEntry testId="387c9729-48c1-486e-5e67-f5d11a9f0db8" executionId="90e0b1fa-3720-4541-b71b-a9da74a967fc" testListId="8c84fa94-04c1-424b-9868-57a2d4851a1d" />
    <TestEntry testId="229812f5-9a73-5335-11f5-31330d1348a5" executionId="83d70991-1559-4e88-98a8-fd36bf897111" testListId="8c84fa94-04c1-424b-9868-57a2d4851a1d" />
    <TestEntry testId="e2d7e5be-3dae-33ae-fb17-c704b6fd58d6" executionId="f4824e19-f201-478b-afb1-f06bf8ce2854" testListId="8c84fa94-04c1-424b-9868-57a2d4851a1d" />
    <TestEntry testId="939d63a2-710b-8b59-db43-71d17361254f" executionId="60162af5-2ac1-4622-a41f-01ef4be28eaf" testListId="8c84fa94-04c1-424b-9868-57a2d4851a1d" />
    <TestEntry testId="492c0393-35b4-df26-a537-21ca08302f3c" executionId="dd72cf1f-78de-4aa2-9a0a-18d46bb08535" testListId="8c84fa94-04c1-424b-9868-57a2d4851a1d" />
    <TestEntry testId="18fa8c62-e27d-e1fc-8182-4d7db62b008d" executionId="6caa643c-c1d2-464d-944f-e6e5bb982aaa" testListId="8c84fa94-04c1-424b-9868-57a2d4851a1d" />
    <TestEntry testId="1ca07ad8-f799-c5d4-e7cc-34fd950198a2" executionId="5aa12a79-b7b4-4c88-8866-741d86cd3eef" testListId="8c84fa94-04c1-424b-9868-57a2d4851a1d" />
    <TestEntry testId="43e084fb-12f1-61ab-cf30-2a4785ee2ca8" executionId="801a8bad-0e5f-4715-8d73-4cce09d2093b" testListId="8c84fa94-04c1-424b-9868-57a2d4851a1d" />
    <TestEntry testId="cc27aa13-284b-7ef1-14a4-1158989f4d5f" executionId="a244b96a-26df-4b3a-815b-24a2b43c17f4" testListId="8c84fa94-04c1-424b-9868-57a2d4851a1d" />
    <TestEntry testId="c3a14857-859a-b2b4-f5ce-f02370bf9657" executionId="5d700989-fdc5-4f4b-a75e-c7599d03d41c" testListId="8c84fa94-04c1-424b-9868-57a2d4851a1d" />
    <TestEntry testId="e5497347-2721-b7a6-0bd4-69a9921f6947" executionId="cee584d1-3e38-4efa-9140-b2c98515d0eb" testListId="8c84fa94-04c1-424b-9868-57a2d4851a1d" />
    <TestEntry testId="8184bd30-991c-b78d-b4ec-99a485eac0dd" executionId="30b77c5b-bcdb-485b-b72c-eb6b44c6479d" testListId="8c84fa94-04c1-424b-9868-57a2d4851a1d" />
    <TestEntry testId="9c7df5e2-1b23-ebea-889f-b78ca86b60ab" executionId="322e01b9-5eec-4ad9-b0ab-08de0522dce6" testListId="8c84fa94-04c1-424b-9868-57a2d4851a1d" />
    <TestEntry testId="2d706594-f2b3-b3c8-21d4-86c9798c3306" executionId="ff23c2b2-b75f-47b4-a1e2-d6a2dd285432" testListId="8c84fa94-04c1-424b-9868-57a2d4851a1d" />
    <TestEntry testId="a19a5fcf-c5d2-7d44-5d7d-84403042f4e0" executionId="b1aca64b-c2b8-4ac6-97ee-67a06d2487d7" testListId="8c84fa94-04c1-424b-9868-57a2d4851a1d" />
    <TestEntry testId="d09d8f64-19e2-16c1-6d89-953158ec5409" executionId="88b25564-e96e-4525-8d2a-56b056ced301" testListId="8c84fa94-04c1-424b-9868-57a2d4851a1d" />
    <TestEntry testId="cb8fa653-01cb-09f3-af00-1d4f4f4d1e6d" executionId="bff7efc3-b18d-4fc5-8771-545d636143a2" testListId="8c84fa94-04c1-424b-9868-57a2d4851a1d" />
    <TestEntry testId="c322b5b0-1b60-5962-27da-1adde01070f9" executionId="f123eaf1-2040-490f-ba4f-3eaeb08eb2bd" testListId="8c84fa94-04c1-424b-9868-57a2d4851a1d" />
    <TestEntry testId="20ad8570-0170-85de-dcd7-2f109dd7bcd6" executionId="14fe7d4e-a799-4e15-a386-c7521e37a772" testListId="8c84fa94-04c1-424b-9868-57a2d4851a1d" />
  </TestEntries>
  <TestLists>
    <TestList name="Results Not in a List" id="8c84fa94-04c1-424b-9868-57a2d4851a1d" />
    <TestList name="All Loaded Results" id="19431567-8539-422a-85d7-44ee4e166bda" />
  </TestLists>
  <ResultSummary outcome="Completed">
    <Counters total="47" executed="47" passed="47" failed="0" error="0" timeout="0" aborted="0" inconclusive="0" passedButRunAborted="0" notRunnable="0" notExecuted="0" disconnected="0" warning="0" completed="0" inProgress="0" pending="0" />
    <Output>
      <StdOut>[xUnit.net 00:00:00.00] xUnit.net VSTest Adapter v2.4.5+1caef2f33e (64-bit .NET 6.0.10)
[xUnit.net 00:00:00.96]   Discovering: BL.Tests
[xUnit.net 00:00:01.17]   Discovered:  BL.Tests
[xUnit.net 00:00:01.18]   Starting:    BL.Tests
[xUnit.net 00:00:01.65]   Finished:    BL.Tests
</StdOut>
    </Output>
  </ResultSummary>
</TestRun>