<?xml version="1.0" encoding="utf-8"?>
<TestRun id="d2da82f7-1bcb-45d1-9945-a2952fdf0f3f" name="@DESKTOP-TJ9D65N 2022-10-15 23:16:00" xmlns="http://microsoft.com/schemas/VisualStudio/TeamTest/2010">
  <Times creation="2022-10-15T23:16:00.5513909+03:00" queuing="2022-10-15T23:16:00.5513910+03:00" start="2022-10-15T23:15:58.2427764+03:00" finish="2022-10-15T23:16:00.7447500+03:00" />
  <TestSettings name="default" id="54f0c0df-9e7c-4571-aad1-020936fea040">
    <Deployment runDeploymentRoot="_DESKTOP-TJ9D65N_2022-10-15_23_16_00" />
  </TestSettings>
  <Results>
    <UnitTestResult executionId="9bf1deae-3264-4315-9d18-5564f09daec2" testId="387c9729-48c1-486e-5e67-f5d11a9f0db8" testName="BL.Tests.CheckPermissionsServiceTests.UnauthorizedHasNoAccessToAdminSkiPatrolFunctions(functionName: &quot;GetLiftsSlopesInfoAsync&quot;)" computerName="DESKTOP-TJ9D65N" duration="00:00:00.0020255" startTime="2022-10-15T23:16:00.5001899+03:00" endTime="2022-10-15T23:16:00.5001900+03:00" testType="13cdc9d9-ddb5-4fa4-a97d-d965ccfc6d4b" outcome="Passed" testListId="8c84fa94-04c1-424b-9868-57a2d4851a1d" relativeResultsDirectory="9bf1deae-3264-4315-9d18-5564f09daec2" />
    <UnitTestResult executionId="5ee53a28-9418-4ceb-9525-a250f30ecb74" testId="c36970dc-93f7-753e-fa47-157133b01644" testName="BL.Tests.CheckPermissionsServiceTests.SkiPatrolHasAccessToAdminSkiPatrolFunctions(functionName: &quot;GetMessagesAsync&quot;)" computerName="DESKTOP-TJ9D65N" duration="00:00:00.0019688" startTime="2022-10-15T23:16:00.5444186+03:00" endTime="2022-10-15T23:16:00.5444186+03:00" testType="13cdc9d9-ddb5-4fa4-a97d-d965ccfc6d4b" outcome="Passed" testListId="8c84fa94-04c1-424b-9868-57a2d4851a1d" relativeResultsDirectory="5ee53a28-9418-4ceb-9525-a250f30ecb74" />
    <UnitTestResult executionId="6e67620b-90e1-4316-b549-eb2af6216a84" testId="229812f5-9a73-5335-11f5-31330d1348a5" testName="BL.Tests.CheckPermissionsServiceTests.UnauthorizedHasNoAccessToAdminSkiPatrolFunctions(functionName: &quot;GetMessagesAsync&quot;)" computerName="DESKTOP-TJ9D65N" duration="00:00:00.0021214" startTime="2022-10-15T23:16:00.5008782+03:00" endTime="2022-10-15T23:16:00.5008783+03:00" testType="13cdc9d9-ddb5-4fa4-a97d-d965ccfc6d4b" outcome="Passed" testListId="8c84fa94-04c1-424b-9868-57a2d4851a1d" relativeResultsDirectory="6e67620b-90e1-4316-b549-eb2af6216a84" />
    <UnitTestResult executionId="1bbc7462-5c6f-4e28-a9db-4f79b327e50f" testId="e5497347-2721-b7a6-0bd4-69a9921f6947" testName="BL.Tests.UsersServiceTests.TestAdminGetUserByIDAsync" computerName="DESKTOP-TJ9D65N" duration="00:00:00.0035920" startTime="2022-10-15T23:16:00.6175169+03:00" endTime="2022-10-15T23:16:00.6175170+03:00" testType="13cdc9d9-ddb5-4fa4-a97d-d965ccfc6d4b" outcome="Passed" testListId="8c84fa94-04c1-424b-9868-57a2d4851a1d" relativeResultsDirectory="1bbc7462-5c6f-4e28-a9db-4f79b327e50f" />
    <UnitTestResult executionId="f4c456c5-e998-4001-92ea-e2f674019d6c" testId="8184bd30-991c-b78d-b4ec-99a485eac0dd" testName="BL.Tests.UsersServiceTests.TestRegisterUserWithNoEmail" computerName="DESKTOP-TJ9D65N" duration="00:00:00.0038719" startTime="2022-10-15T23:16:00.5006187+03:00" endTime="2022-10-15T23:16:00.5006188+03:00" testType="13cdc9d9-ddb5-4fa4-a97d-d965ccfc6d4b" outcome="Passed" testListId="8c84fa94-04c1-424b-9868-57a2d4851a1d" relativeResultsDirectory="f4c456c5-e998-4001-92ea-e2f674019d6c" />
    <UnitTestResult executionId="56ed0293-c8a8-431c-903a-0d41397abcfd" testId="18fa8c62-e27d-e1fc-8182-4d7db62b008d" testName="BL.Tests.UsersServiceTests.TestAdminDeleteUser" computerName="DESKTOP-TJ9D65N" duration="00:00:00.0027385" startTime="2022-10-15T23:16:00.6281908+03:00" endTime="2022-10-15T23:16:00.6281909+03:00" testType="13cdc9d9-ddb5-4fa4-a97d-d965ccfc6d4b" outcome="Passed" testListId="8c84fa94-04c1-424b-9868-57a2d4851a1d" relativeResultsDirectory="56ed0293-c8a8-431c-903a-0d41397abcfd" />
    <UnitTestResult executionId="a69fe425-5c31-454f-a695-fc2c4c26648d" testId="aa28a6b3-21d3-aa45-24d3-bef2facbc899" testName="BL.Tests.CheckPermissionsServiceTests.AuthorizedHasAccessToAuthorizedFunctions(functionName: &quot;LogOutAsync&quot;)" computerName="DESKTOP-TJ9D65N" duration="00:00:00.0010376" startTime="2022-10-15T23:16:00.6312807+03:00" endTime="2022-10-15T23:16:00.6312808+03:00" testType="13cdc9d9-ddb5-4fa4-a97d-d965ccfc6d4b" outcome="Passed" testListId="8c84fa94-04c1-424b-9868-57a2d4851a1d" relativeResultsDirectory="a69fe425-5c31-454f-a695-fc2c4c26648d" />
    <UnitTestResult executionId="b5c0c3b4-dfe3-4923-b5c8-6816480bc646" testId="785bc21f-cbb5-d293-31ec-c489c6dba43a" testName="BL.Tests.SlopesServiceTest.TestAdminAddSlopeAsync(userID: 198, slope: Slope { SlopeID = 23, SlopeName = slopeNamea796d5b7-e3f6-4abc-8c88-baacbaad9b02, IsOpen = True, DifficultyLevel = 183, ConnectedLifts =  }, checkPermissionServiceMock: Mock&lt;ICheckPermissionService:11&gt;, slopesRepositoryStub: Mock&lt;ISlopesRepository:9&gt;, sut: SlopesService { })" computerName="DESKTOP-TJ9D65N" duration="00:00:00.0062214" startTime="2022-10-15T23:16:00.5326621+03:00" endTime="2022-10-15T23:16:00.5326622+03:00" testType="13cdc9d9-ddb5-4fa4-a97d-d965ccfc6d4b" outcome="Passed" testListId="8c84fa94-04c1-424b-9868-57a2d4851a1d" relativeResultsDirectory="b5c0c3b4-dfe3-4923-b5c8-6816480bc646" />
    <UnitTestResult executionId="59b5de54-aef5-4a43-833b-05a28c37b7a9" testId="fa960c5e-f989-2880-784e-8efe538c5231" testName="BL.Tests.CheckPermissionsServiceTests.UnauthorizedHasNoAccessToAuthorizedFunctions(functionName: &quot;LogOutAsync&quot;)" computerName="DESKTOP-TJ9D65N" duration="00:00:00.0013064" startTime="2022-10-15T23:16:00.5033865+03:00" endTime="2022-10-15T23:16:00.5033866+03:00" testType="13cdc9d9-ddb5-4fa4-a97d-d965ccfc6d4b" outcome="Passed" testListId="8c84fa94-04c1-424b-9868-57a2d4851a1d" relativeResultsDirectory="59b5de54-aef5-4a43-833b-05a28c37b7a9" />
    <UnitTestResult executionId="4089770f-1b92-4871-9c40-d9a3acf08ad7" testId="2602613f-c8e2-a6d9-fcf7-5b27d4a770a6" testName="BL.Tests.CheckPermissionsServiceTests.AuthorizedHasNoAccessToAdminSkiPatrolFunctions(functionName: &quot;GetMessagesAsync&quot;)" computerName="DESKTOP-TJ9D65N" duration="00:00:00.0023573" startTime="2022-10-15T23:16:00.5858978+03:00" endTime="2022-10-15T23:16:00.5858979+03:00" testType="13cdc9d9-ddb5-4fa4-a97d-d965ccfc6d4b" outcome="Passed" testListId="8c84fa94-04c1-424b-9868-57a2d4851a1d" relativeResultsDirectory="4089770f-1b92-4871-9c40-d9a3acf08ad7" />
    <UnitTestResult executionId="fd757722-a1fe-49eb-9b05-b41165f732b5" testId="eaabd2fc-2f4b-5689-59c8-c7ad34a8f634" testName="BL.Tests.CheckPermissionsServiceTests.UnauthorizedHasNoAccessToAuthorizedFunctions(functionName: &quot;SendMessageAsync&quot;)" computerName="DESKTOP-TJ9D65N" duration="00:00:00.0034776" startTime="2022-10-15T23:16:00.5030914+03:00" endTime="2022-10-15T23:16:00.5030915+03:00" testType="13cdc9d9-ddb5-4fa4-a97d-d965ccfc6d4b" outcome="Passed" testListId="8c84fa94-04c1-424b-9868-57a2d4851a1d" relativeResultsDirectory="fd757722-a1fe-49eb-9b05-b41165f732b5" />
    <UnitTestResult executionId="6545347a-d9d8-434e-a6d6-ff2e76dd071f" testId="8bb57e6f-1bc7-f43f-3a40-27906ca96c1a" testName="BL.Tests.LiftsServiceTest.TestGetLiftsInfoAsync(userID: 220, initialLifts: [Lift { LiftID = 64, LiftName = liftName66b6dfd4-3575-4323-b8bc-668c8a0e451f, IsOpen = True, SeatsAmount = 246, LiftingTime = 189, QueueTime = 30, ConnectedSlopes =  }, Lift { LiftID = 45, LiftName = liftNamea9b6d61b-5dc7-42a3-9019-9aa83523cebb, IsOpen = False, SeatsAmount = 60, LiftingTime = 104, QueueTime = 178, ConnectedSlopes =  }, Lift { LiftID = 255, LiftName = liftName445f6605-2893-4caa-9590-182197002119, IsOpen = True, SeatsAmount = 90, LiftingTime = 53, QueueTime = 55, ConnectedSlopes =  }], checkPermissionServiceMock: Mock&lt;ICheckPermissionService:2&gt;, liftsRepositoryStub: Mock&lt;ILiftsRepository:2&gt;, liftsSlopesRepositoryStub: Mock&lt;ILiftsSlopesRepository:2&gt;, sut: LiftsService { })" computerName="DESKTOP-TJ9D65N" duration="00:00:00.0134914" startTime="2022-10-15T23:16:00.5338961+03:00" endTime="2022-10-15T23:16:00.5338961+03:00" testType="13cdc9d9-ddb5-4fa4-a97d-d965ccfc6d4b" outcome="Passed" testListId="8c84fa94-04c1-424b-9868-57a2d4851a1d" relativeResultsDirectory="6545347a-d9d8-434e-a6d6-ff2e76dd071f" />
    <UnitTestResult executionId="ccb2a068-79d0-41a9-b140-ad8fe65af19e" testId="5e502bbf-e0fa-f3c0-3382-abc2eb61aed6" testName="BL.Tests.LiftsServiceTest.TestAdminDeleteLiftAsync(userID: 214, lift: Lift { LiftID = 49, LiftName = liftName5d66246c-ed61-4cfb-ba13-aabab0b807ce, IsOpen = True, SeatsAmount = 234, LiftingTime = 56, QueueTime = 55, ConnectedSlopes =  }, checkPermissionServiceMock: Mock&lt;ICheckPermissionService:4&gt;, liftsRepositoryStub: Mock&lt;ILiftsRepository:4&gt;, liftsSlopesRepositoryStub: Mock&lt;ILiftsSlopesRepository:4&gt;, sut: LiftsService { })" computerName="DESKTOP-TJ9D65N" duration="00:00:00.0128527" startTime="2022-10-15T23:16:00.5074555+03:00" endTime="2022-10-15T23:16:00.5074556+03:00" testType="13cdc9d9-ddb5-4fa4-a97d-d965ccfc6d4b" outcome="Passed" testListId="8c84fa94-04c1-424b-9868-57a2d4851a1d" relativeResultsDirectory="ccb2a068-79d0-41a9-b140-ad8fe65af19e" />
    <UnitTestResult executionId="0338bd52-af86-4022-b3b2-924e236b6e5d" testId="a1ecce67-e896-01d9-8ece-355e0373efa8" testName="BL.Tests.LiftsSlopesServiceTests.TestAdminDeleteLiftSlopeAsync(lift: Lift { LiftID = 172, LiftName = liftName4723a36c-6246-4a99-bd83-b40256bcd721, IsOpen = True, SeatsAmount = 117, LiftingTime = 135, QueueTime = 153, ConnectedSlopes =  }, slope: Slope { SlopeID = 112, SlopeName = slopeName0651b14a-6f7d-48fe-915c-da086544f71f, IsOpen = False, DifficultyLevel = 170, ConnectedLifts =  }, slopesRepositoryStub: Mock&lt;ISlopesRepository:2&gt;, liftsRepositoryStub: Mock&lt;ILiftsRepository:7&gt;, liftsSlopesRepositoryStub: Mock&lt;ILiftsSlopesRepository:7&gt;)" computerName="DESKTOP-TJ9D65N" duration="00:00:00.0073475" startTime="2022-10-15T23:16:00.5031766+03:00" endTime="2022-10-15T23:16:00.5031767+03:00" testType="13cdc9d9-ddb5-4fa4-a97d-d965ccfc6d4b" outcome="Passed" testListId="8c84fa94-04c1-424b-9868-57a2d4851a1d" relativeResultsDirectory="0338bd52-af86-4022-b3b2-924e236b6e5d" />
    <UnitTestResult executionId="52252dac-cdee-4db5-9352-42e4783427af" testId="894941c1-bfa7-d8f9-c047-1e1ceefe2c2f" testName="BL.Tests.UsersServiceTests.TestRegisterUserWithRepeatedEmail" computerName="DESKTOP-TJ9D65N" duration="00:00:00.0044360" startTime="2022-10-15T23:16:00.5032218+03:00" endTime="2022-10-15T23:16:00.5032218+03:00" testType="13cdc9d9-ddb5-4fa4-a97d-d965ccfc6d4b" outcome="Passed" testListId="8c84fa94-04c1-424b-9868-57a2d4851a1d" relativeResultsDirectory="52252dac-cdee-4db5-9352-42e4783427af" />
    <UnitTestResult executionId="47163d91-dea4-49b2-ac82-4dd68e0b4cf8" testId="0c73d5b3-5717-2291-328e-200ded7e5855" testName="BL.Tests.SlopesServiceTest.TestGetSlopesInfoAsync(userID: 77, initialSlopes: [Slope { SlopeID = 4, SlopeName = slopeName3141af87-3b34-41f8-bf5c-a20caea2c741, IsOpen = True, DifficultyLevel = 226, ConnectedLifts =  }, Slope { SlopeID = 101, SlopeName = slopeName7d369f1b-32ba-4778-b38e-f35eca4f5ddf, IsOpen = False, DifficultyLevel = 63, ConnectedLifts =  }, Slope { SlopeID = 234, SlopeName = slopeNameac37b31f-82e6-4acc-ab23-897b65452659, IsOpen = True, DifficultyLevel = 218, ConnectedLifts =  }], checkPermissionServiceMock: Mock&lt;ICheckPermissionService:7&gt;, slopesRepositoryStub: Mock&lt;ISlopesRepository:5&gt;, liftsSlopesRepositoryStub: Mock&lt;ILiftsSlopesRepository:10&gt;, sut: SlopesService { })" computerName="DESKTOP-TJ9D65N" duration="00:00:00.0721822" startTime="2022-10-15T23:16:00.4220866+03:00" endTime="2022-10-15T23:16:00.4220867+03:00" testType="13cdc9d9-ddb5-4fa4-a97d-d965ccfc6d4b" outcome="Passed" testListId="8c84fa94-04c1-424b-9868-57a2d4851a1d" relativeResultsDirectory="47163d91-dea4-49b2-ac82-4dd68e0b4cf8" />
    <UnitTestResult executionId="273b30ff-2f2e-4a13-8a60-43635348642b" testId="06d0bc3a-24a0-fb7f-4277-e9ae6d21c7dd" testName="BL.Tests.UsersServiceTests.TestAdminUpdateUser" computerName="DESKTOP-TJ9D65N" duration="00:00:00.0076530" startTime="2022-10-15T23:16:00.5174641+03:00" endTime="2022-10-15T23:16:00.5174641+03:00" testType="13cdc9d9-ddb5-4fa4-a97d-d965ccfc6d4b" outcome="Passed" testListId="8c84fa94-04c1-424b-9868-57a2d4851a1d" relativeResultsDirectory="273b30ff-2f2e-4a13-8a60-43635348642b" />
    <UnitTestResult executionId="f4a2229e-d69c-44e8-a03d-1315ad9eea68" testId="567e15c6-ea63-ab6e-a56d-0fe0f9775660" testName="BL.Tests.TurnstilesServiceTest.TestAdminUpdateTurnstileAsync(userID: 160, turnstile: Turnstile { TurnstileID = 231, LiftID = 58, IsOpen = True }, checkPermissionServiceMock: Mock&lt;ICheckPermissionService:14&gt;, turnstilesRepositoryStub: Mock&lt;ITurnstilesRepository:8&gt;, sut: TurnstilesService { })" computerName="DESKTOP-TJ9D65N" duration="00:00:00.0081013" startTime="2022-10-15T23:16:00.5034186+03:00" endTime="2022-10-15T23:16:00.5034186+03:00" testType="13cdc9d9-ddb5-4fa4-a97d-d965ccfc6d4b" outcome="Passed" testListId="8c84fa94-04c1-424b-9868-57a2d4851a1d" relativeResultsDirectory="f4a2229e-d69c-44e8-a03d-1315ad9eea68" />
    <UnitTestResult executionId="86ace739-dc73-4654-a2d8-476e7eaceae0" testId="d23be667-ab6e-74d9-e4dd-200a7bf4e72e" testName="BL.Tests.LiftsServiceTest.TestGetLiftInfoAsync(userID: 216, lift: Lift { LiftID = 89, LiftName = liftNameeb38a556-591b-409a-b993-b715d0d76872, IsOpen = True, SeatsAmount = 205, LiftingTime = 63, QueueTime = 37, ConnectedSlopes =  }, checkPermissionServiceMock: Mock&lt;ICheckPermissionService:1&gt;, liftsRepositoryStub: Mock&lt;ILiftsRepository:1&gt;, liftsSlopesRepositoryStub: Mock&lt;ILiftsSlopesRepository:1&gt;, sut: LiftsService { })" computerName="DESKTOP-TJ9D65N" duration="00:00:00.0086215" startTime="2022-10-15T23:16:00.5006773+03:00" endTime="2022-10-15T23:16:00.5006775+03:00" testType="13cdc9d9-ddb5-4fa4-a97d-d965ccfc6d4b" outcome="Passed" testListId="8c84fa94-04c1-424b-9868-57a2d4851a1d" relativeResultsDirectory="86ace739-dc73-4654-a2d8-476e7eaceae0" />
    <UnitTestResult executionId="959cbfa8-5544-4a5c-8843-469fd3c68163" testId="ea1ad2c3-b75e-87df-2d70-d1619221d0f0" testName="BL.Tests.TurnstilesServiceTest.TestAdminGetTurnstilesAsync(userID: 172, initialTurnstiles: [Turnstile { TurnstileID = 34, LiftID = 79, IsOpen = True }, Turnstile { TurnstileID = 69, LiftID = 228, IsOpen = False }, Turnstile { TurnstileID = 75, LiftID = 151, IsOpen = True }], checkPermissionServiceMock: Mock&lt;ICheckPermissionService:13&gt;, turnstilesRepositoryStub: Mock&lt;ITurnstilesRepository:7&gt;, sut: TurnstilesService { })" computerName="DESKTOP-TJ9D65N" duration="00:00:00.0050006" startTime="2022-10-15T23:16:00.5201554+03:00" endTime="2022-10-15T23:16:00.5201555+03:00" testType="13cdc9d9-ddb5-4fa4-a97d-d965ccfc6d4b" outcome="Passed" testListId="8c84fa94-04c1-424b-9868-57a2d4851a1d" relativeResultsDirectory="959cbfa8-5544-4a5c-8843-469fd3c68163" />
    <UnitTestResult executionId="2528d050-84b8-472b-8813-83e1cbd7a49d" testId="ed1f0b75-967b-1b98-2f29-cc10bab70a1c" testName="BL.Tests.SlopesServiceTest.TestGetSlopeInfoAsync(userID: 48, slope: Slope { SlopeID = 60, SlopeName = slopeName8f39a40f-e424-4526-a4a2-bdb7756610f2, IsOpen = True, DifficultyLevel = 154, ConnectedLifts =  }, checkPermissionServiceMock: Mock&lt;ICheckPermissionService:6&gt;, slopesRepositoryStub: Mock&lt;ISlopesRepository:4&gt;, liftsSlopesRepositoryStub: Mock&lt;ILiftsSlopesRepository:9&gt;, sut: SlopesService { })" computerName="DESKTOP-TJ9D65N" duration="00:00:00.0049074" startTime="2022-10-15T23:16:00.5489876+03:00" endTime="2022-10-15T23:16:00.5489876+03:00" testType="13cdc9d9-ddb5-4fa4-a97d-d965ccfc6d4b" outcome="Passed" testListId="8c84fa94-04c1-424b-9868-57a2d4851a1d" relativeResultsDirectory="2528d050-84b8-472b-8813-83e1cbd7a49d" />
    <UnitTestResult executionId="c1bcbf94-9104-4b97-8745-abf4ffae7a61" testId="59f040a4-46ce-16fd-43c4-74c97e3bade6" testName="BL.Tests.LiftsServiceTest.TestAdminAddAutoIncrementLiftAsync(userID: 16, lift: Lift { LiftID = 145, LiftName = liftNameeb9dad8a-dbcb-4d79-9c76-cf04259fdd76, IsOpen = True, SeatsAmount = 140, LiftingTime = 74, QueueTime = 109, ConnectedSlopes =  }, checkPermissionServiceMock: Mock&lt;ICheckPermissionService:5&gt;, liftsRepositoryStub: Mock&lt;ILiftsRepository:5&gt;, sut: LiftsService { })" computerName="DESKTOP-TJ9D65N" duration="00:00:00.0120451" startTime="2022-10-15T23:16:00.5030198+03:00" endTime="2022-10-15T23:16:00.5030199+03:00" testType="13cdc9d9-ddb5-4fa4-a97d-d965ccfc6d4b" outcome="Passed" testListId="8c84fa94-04c1-424b-9868-57a2d4851a1d" relativeResultsDirectory="c1bcbf94-9104-4b97-8745-abf4ffae7a61" />
    <UnitTestResult executionId="01a6dd7c-ce43-4f49-9047-754e834deea5" testId="834c739b-eca4-b36d-6a66-5a1bd75377b8" testName="BL.Tests.UsersServiceTests.TestAdminAddAutoIncrementUser" computerName="DESKTOP-TJ9D65N" duration="00:00:00.0057612" startTime="2022-10-15T23:16:00.6059903+03:00" endTime="2022-10-15T23:16:00.6059904+03:00" testType="13cdc9d9-ddb5-4fa4-a97d-d965ccfc6d4b" outcome="Passed" testListId="8c84fa94-04c1-424b-9868-57a2d4851a1d" relativeResultsDirectory="01a6dd7c-ce43-4f49-9047-754e834deea5" />
    <UnitTestResult executionId="e8c646fc-af58-4088-9f8e-3209e5e3687b" testId="e429852d-a6ed-7c2a-25fd-cd839b159d56" testName="BL.Tests.LiftsSlopesServiceTests.TestGetLiftsSlopesInfoAsync(liftsSlopes: [LiftSlope { RecordID = 71, LiftID = 97, SlopeID = 152 }, LiftSlope { RecordID = 133, LiftID = 9, SlopeID = 47 }, LiftSlope { RecordID = 153, LiftID = 70, SlopeID = 35 }], slopesRepositoryStub: Mock&lt;ISlopesRepository:1&gt;, liftsRepositoryStub: Mock&lt;ILiftsRepository:6&gt;, liftsSlopesRepositoryStub: Mock&lt;ILiftsSlopesRepository:6&gt;)" computerName="DESKTOP-TJ9D65N" duration="00:00:00.0441642" startTime="2022-10-15T23:16:00.3969063+03:00" endTime="2022-10-15T23:16:00.3969063+03:00" testType="13cdc9d9-ddb5-4fa4-a97d-d965ccfc6d4b" outcome="Passed" testListId="8c84fa94-04c1-424b-9868-57a2d4851a1d" relativeResultsDirectory="e8c646fc-af58-4088-9f8e-3209e5e3687b" />
    <UnitTestResult executionId="1ecacd54-b50c-4efe-a33e-bbf0e7f273cd" testId="97ebc75e-c866-ff0c-1e62-bb5d38a7fed5" testName="BL.Tests.SlopesServiceTest.TestAdminDeleteSlopeAsync(userID: 220, slope: Slope { SlopeID = 143, SlopeName = slopeNamebc8e63b1-cd33-4d50-b589-c780ab3b6b56, IsOpen = True, DifficultyLevel = 8, ConnectedLifts =  }, checkPermissionServiceMock: Mock&lt;ICheckPermissionService:9&gt;, slopesRepositoryStub: Mock&lt;ISlopesRepository:7&gt;, liftsSlopesRepositoryStub: Mock&lt;ILiftsSlopesRepository:12&gt;, sut: SlopesService { })" computerName="DESKTOP-TJ9D65N" duration="00:00:00.0063902" startTime="2022-10-15T23:16:00.5032011+03:00" endTime="2022-10-15T23:16:00.5032012+03:00" testType="13cdc9d9-ddb5-4fa4-a97d-d965ccfc6d4b" outcome="Passed" testListId="8c84fa94-04c1-424b-9868-57a2d4851a1d" relativeResultsDirectory="1ecacd54-b50c-4efe-a33e-bbf0e7f273cd" />
    <UnitTestResult executionId="9a7baadc-9ce6-41fa-88cb-3be4d141cc7d" testId="20ad8570-0170-85de-dcd7-2f109dd7bcd6" testName="BL.Tests.UsersServiceTests.TestAdminGetUsers" computerName="DESKTOP-TJ9D65N" duration="00:00:00.0440389" startTime="2022-10-15T23:16:00.3969211+03:00" endTime="2022-10-15T23:16:00.3969212+03:00" testType="13cdc9d9-ddb5-4fa4-a97d-d965ccfc6d4b" outcome="Passed" testListId="8c84fa94-04c1-424b-9868-57a2d4851a1d" relativeResultsDirectory="9a7baadc-9ce6-41fa-88cb-3be4d141cc7d" />
    <UnitTestResult executionId="2aca7ec1-1c86-437f-8951-db680c73d6f6" testId="69340bb6-3645-f9dd-971e-29d8b2a009bb" testName="BL.Tests.UsersServiceTests.TestLogInWithWrongPassword" computerName="DESKTOP-TJ9D65N" duration="00:00:00.0019085" startTime="2022-10-15T23:16:00.5868116+03:00" endTime="2022-10-15T23:16:00.5868116+03:00" testType="13cdc9d9-ddb5-4fa4-a97d-d965ccfc6d4b" outcome="Passed" testListId="8c84fa94-04c1-424b-9868-57a2d4851a1d" relativeResultsDirectory="2aca7ec1-1c86-437f-8951-db680c73d6f6" />
    <UnitTestResult executionId="76aa886b-97bf-484b-b5b8-c9a5bbe32e5b" testId="f44a1b21-8efc-bfac-63b4-d534442def31" testName="BL.Tests.UsersServiceTests.TestRegisterUserWithNoPassword" computerName="DESKTOP-TJ9D65N" duration="00:00:00.0019416" startTime="2022-10-15T23:16:00.5012255+03:00" endTime="2022-10-15T23:16:00.5012256+03:00" testType="13cdc9d9-ddb5-4fa4-a97d-d965ccfc6d4b" outcome="Passed" testListId="8c84fa94-04c1-424b-9868-57a2d4851a1d" relativeResultsDirectory="76aa886b-97bf-484b-b5b8-c9a5bbe32e5b" />
    <UnitTestResult executionId="10aac4c3-26fd-4e69-9f5b-dff50c4afe26" testId="de8818ef-004a-8195-eaf4-332330a5ea62" testName="BL.Tests.LiftsSlopesServiceTests.TestAdminAddAutoIncrementLiftSlopeAsync(lift: Lift { LiftID = 39, LiftName = liftNamee28b278f-2f37-4113-8d37-098edf6ace52, IsOpen = True, SeatsAmount = 73, LiftingTime = 13, QueueTime = 180, ConnectedSlopes =  }, slope: Slope { SlopeID = 33, SlopeName = slopeName654703d7-aa2c-42ce-b866-e3a6bc2ab51a, IsOpen = False, DifficultyLevel = 113, ConnectedLifts =  }, slopesRepositoryStub: Mock&lt;ISlopesRepository:3&gt;, liftsRepositoryStub: Mock&lt;ILiftsRepository:8&gt;, liftsSlopesRepositoryStub: Mock&lt;ILiftsSlopesRepository:8&gt;)" computerName="DESKTOP-TJ9D65N" duration="00:00:00.0131829" startTime="2022-10-15T23:16:00.5007031+03:00" endTime="2022-10-15T23:16:00.5007032+03:00" testType="13cdc9d9-ddb5-4fa4-a97d-d965ccfc6d4b" outcome="Passed" testListId="8c84fa94-04c1-424b-9868-57a2d4851a1d" relativeResultsDirectory="10aac4c3-26fd-4e69-9f5b-dff50c4afe26" />
    <UnitTestResult executionId="bd4cc5fa-5b93-40a3-8402-1b93108c66da" testId="a2e59116-cb53-1d70-9cb8-21c286516866" testName="BL.Tests.CheckPermissionsServiceTests.AuthorizedHasNoAccessToAdminFunctions" computerName="DESKTOP-TJ9D65N" duration="00:00:00.0032093" startTime="2022-10-15T23:16:00.5762235+03:00" endTime="2022-10-15T23:16:00.5762236+03:00" testType="13cdc9d9-ddb5-4fa4-a97d-d965ccfc6d4b" outcome="Passed" testListId="8c84fa94-04c1-424b-9868-57a2d4851a1d" relativeResultsDirectory="bd4cc5fa-5b93-40a3-8402-1b93108c66da" />
    <UnitTestResult executionId="0ac257c7-2f68-4935-86ae-0436b9dddafc" testId="60bd668f-04df-da5e-b79b-5d9aedb5234d" testName="BL.Tests.CheckPermissionsServiceTests.SkiPatrolHasAccessToAdminSkiPatrolFunctions(functionName: &quot;MarkMessageReadByUserAsync&quot;)" computerName="DESKTOP-TJ9D65N" duration="00:00:00.0013117" startTime="2022-10-15T23:16:00.5319579+03:00" endTime="2022-10-15T23:16:00.5319580+03:00" testType="13cdc9d9-ddb5-4fa4-a97d-d965ccfc6d4b" outcome="Passed" testListId="8c84fa94-04c1-424b-9868-57a2d4851a1d" relativeResultsDirectory="0ac257c7-2f68-4935-86ae-0436b9dddafc" />
    <UnitTestResult executionId="affd67be-f211-45f6-b432-c48f207f0958" testId="91f390b9-39a6-1f4c-f93f-9abb14537e15" testName="BL.Tests.SlopesServiceTest.TestAdminAddAutoIncrementSlopeAsync(userID: 77, slope: Slope { SlopeID = 222, SlopeName = slopeNamecac8758d-838e-4b09-ad23-6946c83f880f, IsOpen = True, DifficultyLevel = 18, ConnectedLifts =  }, checkPermissionServiceMock: Mock&lt;ICheckPermissionService:10&gt;, slopesRepositoryStub: Mock&lt;ISlopesRepository:8&gt;, sut: SlopesService { })" computerName="DESKTOP-TJ9D65N" duration="00:00:00.0160847" startTime="2022-10-15T23:16:00.5009463+03:00" endTime="2022-10-15T23:16:00.5009463+03:00" testType="13cdc9d9-ddb5-4fa4-a97d-d965ccfc6d4b" outcome="Passed" testListId="8c84fa94-04c1-424b-9868-57a2d4851a1d" relativeResultsDirectory="affd67be-f211-45f6-b432-c48f207f0958" />
    <UnitTestResult executionId="c32a85b8-8cd5-43d4-b934-45825fe60a58" testId="4f297306-d4f3-8d63-e7f4-1ac0b8c58c74" testName="BL.Tests.CheckPermissionsServiceTests.AuthorizedHasNoAccessToAdminSkiPatrolFunctions(functionName: &quot;GetLiftsSlopesInfoAsync&quot;)" computerName="DESKTOP-TJ9D65N" duration="00:00:00.0014443" startTime="2022-10-15T23:16:00.6098784+03:00" endTime="2022-10-15T23:16:00.6098785+03:00" testType="13cdc9d9-ddb5-4fa4-a97d-d965ccfc6d4b" outcome="Passed" testListId="8c84fa94-04c1-424b-9868-57a2d4851a1d" relativeResultsDirectory="c32a85b8-8cd5-43d4-b934-45825fe60a58" />
    <UnitTestResult executionId="6e8bcfc0-2057-4402-88a6-22f122f2f2a5" testId="1ca07ad8-f799-c5d4-e7cc-34fd950198a2" testName="BL.Tests.UsersServiceTests.TestLogInOk" computerName="DESKTOP-TJ9D65N" duration="00:00:00.0030327" startTime="2022-10-15T23:16:00.5769405+03:00" endTime="2022-10-15T23:16:00.5769405+03:00" testType="13cdc9d9-ddb5-4fa4-a97d-d965ccfc6d4b" outcome="Passed" testListId="8c84fa94-04c1-424b-9868-57a2d4851a1d" relativeResultsDirectory="6e8bcfc0-2057-4402-88a6-22f122f2f2a5" />
    <UnitTestResult executionId="1f2b564b-abb2-4fd6-8402-37a35ad34cdb" testId="f3efc418-a8a6-c7b7-9bac-90b33aa8472f" testName="BL.Tests.CheckPermissionsServiceTests.AdminHasAccessToAllFunctions" computerName="DESKTOP-TJ9D65N" duration="00:00:00.0018073" startTime="2022-10-15T23:16:00.6624603+03:00" endTime="2022-10-15T23:16:00.6624604+03:00" testType="13cdc9d9-ddb5-4fa4-a97d-d965ccfc6d4b" outcome="Passed" testListId="8c84fa94-04c1-424b-9868-57a2d4851a1d" relativeResultsDirectory="1f2b564b-abb2-4fd6-8402-37a35ad34cdb" />
    <UnitTestResult executionId="159dd596-5bc0-4dc8-a772-383200f006e0" testId="0eeef75f-6e38-7893-a8fe-cff3e0a970a7" testName="BL.Tests.UsersServiceTests.TestRegisterOk" computerName="DESKTOP-TJ9D65N" duration="00:00:00.0135963" startTime="2022-10-15T23:16:00.5456574+03:00" endTime="2022-10-15T23:16:00.5456575+03:00" testType="13cdc9d9-ddb5-4fa4-a97d-d965ccfc6d4b" outcome="Passed" testListId="8c84fa94-04c1-424b-9868-57a2d4851a1d" relativeResultsDirectory="159dd596-5bc0-4dc8-a772-383200f006e0" />
    <UnitTestResult executionId="cee88b7f-46b9-4029-88b6-727f9a316f2f" testId="9a5fbe09-6ced-6cb0-fd24-062de4a54f37" testName="BL.Tests.TurnstilesServiceTest.TestAdminDeleteTurnstileAsync(userID: 237, turnstile: Turnstile { TurnstileID = 175, LiftID = 209, IsOpen = True }, checkPermissionServiceMock: Mock&lt;ICheckPermissionService:15&gt;, turnstilesRepositoryStub: Mock&lt;ITurnstilesRepository:9&gt;, sut: TurnstilesService { })" computerName="DESKTOP-TJ9D65N" duration="00:00:00.0048377" startTime="2022-10-15T23:16:00.5006529+03:00" endTime="2022-10-15T23:16:00.5006530+03:00" testType="13cdc9d9-ddb5-4fa4-a97d-d965ccfc6d4b" outcome="Passed" testListId="8c84fa94-04c1-424b-9868-57a2d4851a1d" relativeResultsDirectory="cee88b7f-46b9-4029-88b6-727f9a316f2f" />
    <UnitTestResult executionId="6d04a425-0cb8-464b-a968-de50f2921bfd" testId="10e02680-6d37-7e33-08c6-397372f81f65" testName="BL.Tests.SlopesServiceTest.TestUpdateSlopeInfoAsync(userID: 154, slope: Slope { SlopeID = 168, SlopeName = slopeName7c405a1c-8653-4337-95fc-d244fb5a30b3, IsOpen = True, DifficultyLevel = 212, ConnectedLifts =  }, checkPermissionServiceMock: Mock&lt;ICheckPermissionService:8&gt;, slopesRepositoryStub: Mock&lt;ISlopesRepository:6&gt;, sut: SlopesService { })" computerName="DESKTOP-TJ9D65N" duration="00:00:00.0086144" startTime="2022-10-15T23:16:00.5126738+03:00" endTime="2022-10-15T23:16:00.5126739+03:00" testType="13cdc9d9-ddb5-4fa4-a97d-d965ccfc6d4b" outcome="Passed" testListId="8c84fa94-04c1-424b-9868-57a2d4851a1d" relativeResultsDirectory="6d04a425-0cb8-464b-a968-de50f2921bfd" />
    <UnitTestResult executionId="4eefb0c7-323a-4ef6-9c93-f8c37f92e755" testId="2d706594-f2b3-b3c8-21d4-86c9798c3306" testName="BL.Tests.CheckPermissionsServiceTests.SkiPatrolHasAccessToAdminSkiPatrolFunctions(functionName: &quot;GetLiftsSlopesInfoAsync&quot;)" computerName="DESKTOP-TJ9D65N" duration="00:00:00.0052647" startTime="2022-10-15T23:16:00.5168800+03:00" endTime="2022-10-15T23:16:00.5168801+03:00" testType="13cdc9d9-ddb5-4fa4-a97d-d965ccfc6d4b" outcome="Passed" testListId="8c84fa94-04c1-424b-9868-57a2d4851a1d" relativeResultsDirectory="4eefb0c7-323a-4ef6-9c93-f8c37f92e755" />
    <UnitTestResult executionId="0276382a-6c29-4eda-a0e1-38d5cfac73d1" testId="bd7c1b0d-618c-8785-1ba3-de344071b3a3" testName="BL.Tests.TurnstilesServiceTest.TestAdminGetTurnstileAsync(userID: 61, turnstile: Turnstile { TurnstileID = 14, LiftID = 197, IsOpen = True }, checkPermissionServiceMock: Mock&lt;ICheckPermissionService:12&gt;, turnstilesRepositoryStub: Mock&lt;ITurnstilesRepository:6&gt;, sut: TurnstilesService { })" computerName="DESKTOP-TJ9D65N" duration="00:00:00.0400642" startTime="2022-10-15T23:16:00.3968529+03:00" endTime="2022-10-15T23:16:00.3968530+03:00" testType="13cdc9d9-ddb5-4fa4-a97d-d965ccfc6d4b" outcome="Passed" testListId="8c84fa94-04c1-424b-9868-57a2d4851a1d" relativeResultsDirectory="0276382a-6c29-4eda-a0e1-38d5cfac73d1" />
    <UnitTestResult executionId="c236bdf6-3d25-4558-b9fa-8f5068010ab5" testId="644ec43e-70cd-c82d-42e7-0d990be1414d" testName="BL.Tests.CheckPermissionsServiceTests.AuthorizedHasAccessToAuthorizedFunctions(functionName: &quot;SendMessageAsync&quot;)" computerName="DESKTOP-TJ9D65N" duration="00:00:00.0021115" startTime="2022-10-15T23:16:00.6211799+03:00" endTime="2022-10-15T23:16:00.6211800+03:00" testType="13cdc9d9-ddb5-4fa4-a97d-d965ccfc6d4b" outcome="Passed" testListId="8c84fa94-04c1-424b-9868-57a2d4851a1d" relativeResultsDirectory="c236bdf6-3d25-4558-b9fa-8f5068010ab5" />
    <UnitTestResult executionId="762b1eb7-57f5-450d-baf2-d5a723b8d075" testId="04713152-a0e1-a47c-ca85-3504855b1241" testName="BL.Tests.LiftsServiceTest.TestUpdateLiftInfoAsync(userID: 204, lift: Lift { LiftID = 54, LiftName = liftName24c8111e-2464-49e8-b26d-b1921f28be00, IsOpen = True, SeatsAmount = 23, LiftingTime = 163, QueueTime = 156, ConnectedSlopes =  }, checkPermissionServiceMock: Mock&lt;ICheckPermissionService:3&gt;, liftsRepositoryStub: Mock&lt;ILiftsRepository:3&gt;, sut: LiftsService { })" computerName="DESKTOP-TJ9D65N" duration="00:00:00.0392592" startTime="2022-10-15T23:16:00.3968074+03:00" endTime="2022-10-15T23:16:00.3968075+03:00" testType="13cdc9d9-ddb5-4fa4-a97d-d965ccfc6d4b" outcome="Passed" testListId="8c84fa94-04c1-424b-9868-57a2d4851a1d" relativeResultsDirectory="762b1eb7-57f5-450d-baf2-d5a723b8d075" />
    <UnitTestResult executionId="b8ef1e8c-5297-4cc2-a4e0-e9387328d6c0" testId="9c7df5e2-1b23-ebea-889f-b78ca86b60ab" testName="BL.Tests.CheckPermissionsServiceTests.AuthorizedHasNoAccessToAdminSkiPatrolFunctions(functionName: &quot;MarkMessageReadByUserAsync&quot;)" computerName="DESKTOP-TJ9D65N" duration="00:00:00.0011972" startTime="2022-10-15T23:16:00.6004322+03:00" endTime="2022-10-15T23:16:00.6004323+03:00" testType="13cdc9d9-ddb5-4fa4-a97d-d965ccfc6d4b" outcome="Passed" testListId="8c84fa94-04c1-424b-9868-57a2d4851a1d" relativeResultsDirectory="b8ef1e8c-5297-4cc2-a4e0-e9387328d6c0" />
    <UnitTestResult executionId="f4fa6bdf-dd39-4e79-bf33-672b4e08920d" testId="a19a5fcf-c5d2-7d44-5d7d-84403042f4e0" testName="BL.Tests.CheckPermissionsServiceTests.UnauthorizedHasNoAccessToAdminSkiPatrolFunctions(functionName: &quot;MarkMessageReadByUserAsync&quot;)" computerName="DESKTOP-TJ9D65N" duration="00:00:00.0377792" startTime="2022-10-15T23:16:00.3929568+03:00" endTime="2022-10-15T23:16:00.3929868+03:00" testType="13cdc9d9-ddb5-4fa4-a97d-d965ccfc6d4b" outcome="Passed" testListId="8c84fa94-04c1-424b-9868-57a2d4851a1d" relativeResultsDirectory="f4fa6bdf-dd39-4e79-bf33-672b4e08920d" />
    <UnitTestResult executionId="e53b2b0b-c551-4bd8-a65e-0dd099628933" testId="492c0393-35b4-df26-a537-21ca08302f3c" testName="BL.Tests.CheckPermissionsServiceTests.SkiPatrolHasNoAccessToAdminFunctions" computerName="DESKTOP-TJ9D65N" duration="00:00:00.0022505" startTime="2022-10-15T23:16:00.6517889+03:00" endTime="2022-10-15T23:16:00.6517889+03:00" testType="13cdc9d9-ddb5-4fa4-a97d-d965ccfc6d4b" outcome="Passed" testListId="8c84fa94-04c1-424b-9868-57a2d4851a1d" relativeResultsDirectory="e53b2b0b-c551-4bd8-a65e-0dd099628933" />
    <UnitTestResult executionId="77b6bb91-228a-4b60-bd9d-a6cc9e94668c" testId="e2d7e5be-3dae-33ae-fb17-c704b6fd58d6" testName="BL.Tests.CheckPermissionsServiceTests.UnauthorizedHasNoAccessToAdminFunctions" computerName="DESKTOP-TJ9D65N" duration="00:00:00.0023108" startTime="2022-10-15T23:16:00.6409098+03:00" endTime="2022-10-15T23:16:00.6409098+03:00" testType="13cdc9d9-ddb5-4fa4-a97d-d965ccfc6d4b" outcome="Passed" testListId="8c84fa94-04c1-424b-9868-57a2d4851a1d" relativeResultsDirectory="77b6bb91-228a-4b60-bd9d-a6cc9e94668c" />
    <UnitTestResult executionId="3517ff60-7829-4b21-9b02-dd582b8606f7" testId="bbdb758d-d047-f86f-a025-3782aa869758" testName="BL.Tests.TurnstilesServiceTest.TestAdminAddAutoIncrementTurnstileAsync(userID: 20, turnstile: Turnstile { TurnstileID = 222, LiftID = 17, IsOpen = True }, checkPermissionServiceMock: Mock&lt;ICheckPermissionService:16&gt;, turnstilesRepositoryStub: Mock&lt;ITurnstilesRepository:10&gt;, sut: TurnstilesService { })" computerName="DESKTOP-TJ9D65N" duration="00:00:00.0095300" startTime="2022-10-15T23:16:00.5028362+03:00" endTime="2022-10-15T23:16:00.5028363+03:00" testType="13cdc9d9-ddb5-4fa4-a97d-d965ccfc6d4b" outcome="Passed" testListId="8c84fa94-04c1-424b-9868-57a2d4851a1d" relativeResultsDirectory="3517ff60-7829-4b21-9b02-dd582b8606f7" />
  </Results>
  <TestDefinitions>
    <UnitTest name="BL.Tests.CheckPermissionsServiceTests.AuthorizedHasNoAccessToAdminSkiPatrolFunctions(functionName: &quot;MarkMessageReadByUserAsync&quot;)" storage="/mnt/c/users/alena/desktop/7_sem/testing_and_debugging/skiresort/bl.tests/bin/debug/net6.0/bl.tests.dll" id="9c7df5e2-1b23-ebea-889f-b78ca86b60ab">
      <Execution id="b8ef1e8c-5297-4cc2-a4e0-e9387328d6c0" />
      <TestMethod codeBase="/mnt/c/Users/alena/Desktop/7_sem/testing_and_debugging/SkiResort/BL.Tests/bin/Debug/net6.0/BL.Tests.dll" adapterTypeName="executor://xunit/VsTestRunner2/netcoreapp" className="BL.Tests.CheckPermissionsServiceTests" name="AuthorizedHasNoAccessToAdminSkiPatrolFunctions" />
    </UnitTest>
    <UnitTest name="BL.Tests.TurnstilesServiceTest.TestAdminGetTurnstileAsync(userID: 61, turnstile: Turnstile { TurnstileID = 14, LiftID = 197, IsOpen = True }, checkPermissionServiceMock: Mock&lt;ICheckPermissionService:12&gt;, turnstilesRepositoryStub: Mock&lt;ITurnstilesRepository:6&gt;, sut: TurnstilesService { })" storage="/mnt/c/users/alena/desktop/7_sem/testing_and_debugging/skiresort/bl.tests/bin/debug/net6.0/bl.tests.dll" id="bd7c1b0d-618c-8785-1ba3-de344071b3a3">
      <Execution id="0276382a-6c29-4eda-a0e1-38d5cfac73d1" />
      <TestMethod codeBase="/mnt/c/Users/alena/Desktop/7_sem/testing_and_debugging/SkiResort/BL.Tests/bin/Debug/net6.0/BL.Tests.dll" adapterTypeName="executor://xunit/VsTestRunner2/netcoreapp" className="BL.Tests.TurnstilesServiceTest" name="TestAdminGetTurnstileAsync" />
    </UnitTest>
    <UnitTest name="BL.Tests.CheckPermissionsServiceTests.UnauthorizedHasNoAccessToAdminSkiPatrolFunctions(functionName: &quot;MarkMessageReadByUserAsync&quot;)" storage="/mnt/c/users/alena/desktop/7_sem/testing_and_debugging/skiresort/bl.tests/bin/debug/net6.0/bl.tests.dll" id="a19a5fcf-c5d2-7d44-5d7d-84403042f4e0">
      <Execution id="f4fa6bdf-dd39-4e79-bf33-672b4e08920d" />
      <TestMethod codeBase="/mnt/c/Users/alena/Desktop/7_sem/testing_and_debugging/SkiResort/BL.Tests/bin/Debug/net6.0/BL.Tests.dll" adapterTypeName="executor://xunit/VsTestRunner2/netcoreapp" className="BL.Tests.CheckPermissionsServiceTests" name="UnauthorizedHasNoAccessToAdminSkiPatrolFunctions" />
    </UnitTest>
    <UnitTest name="BL.Tests.CheckPermissionsServiceTests.AuthorizedHasNoAccessToAdminSkiPatrolFunctions(functionName: &quot;GetMessagesAsync&quot;)" storage="/mnt/c/users/alena/desktop/7_sem/testing_and_debugging/skiresort/bl.tests/bin/debug/net6.0/bl.tests.dll" id="2602613f-c8e2-a6d9-fcf7-5b27d4a770a6">
      <Execution id="4089770f-1b92-4871-9c40-d9a3acf08ad7" />
      <TestMethod codeBase="/mnt/c/Users/alena/Desktop/7_sem/testing_and_debugging/SkiResort/BL.Tests/bin/Debug/net6.0/BL.Tests.dll" adapterTypeName="executor://xunit/VsTestRunner2/netcoreapp" className="BL.Tests.CheckPermissionsServiceTests" name="AuthorizedHasNoAccessToAdminSkiPatrolFunctions" />
    </UnitTest>
    <UnitTest name="BL.Tests.CheckPermissionsServiceTests.AuthorizedHasNoAccessToAdminFunctions" storage="/mnt/c/users/alena/desktop/7_sem/testing_and_debugging/skiresort/bl.tests/bin/debug/net6.0/bl.tests.dll" id="a2e59116-cb53-1d70-9cb8-21c286516866">
      <Execution id="bd4cc5fa-5b93-40a3-8402-1b93108c66da" />
      <TestMethod codeBase="/mnt/c/Users/alena/Desktop/7_sem/testing_and_debugging/SkiResort/BL.Tests/bin/Debug/net6.0/BL.Tests.dll" adapterTypeName="executor://xunit/VsTestRunner2/netcoreapp" className="BL.Tests.CheckPermissionsServiceTests" name="AuthorizedHasNoAccessToAdminFunctions" />
    </UnitTest>
    <UnitTest name="BL.Tests.CheckPermissionsServiceTests.SkiPatrolHasAccessToAdminSkiPatrolFunctions(functionName: &quot;GetMessagesAsync&quot;)" storage="/mnt/c/users/alena/desktop/7_sem/testing_and_debugging/skiresort/bl.tests/bin/debug/net6.0/bl.tests.dll" id="c36970dc-93f7-753e-fa47-157133b01644">
      <Execution id="5ee53a28-9418-4ceb-9525-a250f30ecb74" />
      <TestMethod codeBase="/mnt/c/Users/alena/Desktop/7_sem/testing_and_debugging/SkiResort/BL.Tests/bin/Debug/net6.0/BL.Tests.dll" adapterTypeName="executor://xunit/VsTestRunner2/netcoreapp" className="BL.Tests.CheckPermissionsServiceTests" name="SkiPatrolHasAccessToAdminSkiPatrolFunctions" />
    </UnitTest>
    <UnitTest name="BL.Tests.CheckPermissionsServiceTests.AdminHasAccessToAllFunctions" storage="/mnt/c/users/alena/desktop/7_sem/testing_and_debugging/skiresort/bl.tests/bin/debug/net6.0/bl.tests.dll" id="f3efc418-a8a6-c7b7-9bac-90b33aa8472f">
      <Execution id="1f2b564b-abb2-4fd6-8402-37a35ad34cdb" />
      <TestMethod codeBase="/mnt/c/Users/alena/Desktop/7_sem/testing_and_debugging/SkiResort/BL.Tests/bin/Debug/net6.0/BL.Tests.dll" adapterTypeName="executor://xunit/VsTestRunner2/netcoreapp" className="BL.Tests.CheckPermissionsServiceTests" name="AdminHasAccessToAllFunctions" />
    </UnitTest>
    <UnitTest name="BL.Tests.SlopesServiceTest.TestGetSlopeInfoAsync(userID: 48, slope: Slope { SlopeID = 60, SlopeName = slopeName8f39a40f-e424-4526-a4a2-bdb7756610f2, IsOpen = True, DifficultyLevel = 154, ConnectedLifts =  }, checkPermissionServiceMock: Mock&lt;ICheckPermissionService:6&gt;, slopesRepositoryStub: Mock&lt;ISlopesRepository:4&gt;, liftsSlopesRepositoryStub: Mock&lt;ILiftsSlopesRepository:9&gt;, sut: SlopesService { })" storage="/mnt/c/users/alena/desktop/7_sem/testing_and_debugging/skiresort/bl.tests/bin/debug/net6.0/bl.tests.dll" id="ed1f0b75-967b-1b98-2f29-cc10bab70a1c">
      <Execution id="2528d050-84b8-472b-8813-83e1cbd7a49d" />
      <TestMethod codeBase="/mnt/c/Users/alena/Desktop/7_sem/testing_and_debugging/SkiResort/BL.Tests/bin/Debug/net6.0/BL.Tests.dll" adapterTypeName="executor://xunit/VsTestRunner2/netcoreapp" className="BL.Tests.SlopesServiceTest" name="TestGetSlopeInfoAsync" />
    </UnitTest>
    <UnitTest name="BL.Tests.UsersServiceTests.TestRegisterUserWithNoPassword" storage="/mnt/c/users/alena/desktop/7_sem/testing_and_debugging/skiresort/bl.tests/bin/debug/net6.0/bl.tests.dll" id="f44a1b21-8efc-bfac-63b4-d534442def31">
      <Execution id="76aa886b-97bf-484b-b5b8-c9a5bbe32e5b" />
      <TestMethod codeBase="/mnt/c/Users/alena/Desktop/7_sem/testing_and_debugging/SkiResort/BL.Tests/bin/Debug/net6.0/BL.Tests.dll" adapterTypeName="executor://xunit/VsTestRunner2/netcoreapp" className="BL.Tests.UsersServiceTests" name="TestRegisterUserWithNoPassword" />
    </UnitTest>
    <UnitTest name="BL.Tests.UsersServiceTests.TestAdminGetUserByIDAsync" storage="/mnt/c/users/alena/desktop/7_sem/testing_and_debugging/skiresort/bl.tests/bin/debug/net6.0/bl.tests.dll" id="e5497347-2721-b7a6-0bd4-69a9921f6947">
      <Execution id="1bbc7462-5c6f-4e28-a9db-4f79b327e50f" />
      <TestMethod codeBase="/mnt/c/Users/alena/Desktop/7_sem/testing_and_debugging/SkiResort/BL.Tests/bin/Debug/net6.0/BL.Tests.dll" adapterTypeName="executor://xunit/VsTestRunner2/netcoreapp" className="BL.Tests.UsersServiceTests" name="TestAdminGetUserByIDAsync" />
    </UnitTest>
    <UnitTest name="BL.Tests.TurnstilesServiceTest.TestAdminDeleteTurnstileAsync(userID: 237, turnstile: Turnstile { TurnstileID = 175, LiftID = 209, IsOpen = True }, checkPermissionServiceMock: Mock&lt;ICheckPermissionService:15&gt;, turnstilesRepositoryStub: Mock&lt;ITurnstilesRepository:9&gt;, sut: TurnstilesService { })" storage="/mnt/c/users/alena/desktop/7_sem/testing_and_debugging/skiresort/bl.tests/bin/debug/net6.0/bl.tests.dll" id="9a5fbe09-6ced-6cb0-fd24-062de4a54f37">
      <Execution id="cee88b7f-46b9-4029-88b6-727f9a316f2f" />
      <TestMethod codeBase="/mnt/c/Users/alena/Desktop/7_sem/testing_and_debugging/SkiResort/BL.Tests/bin/Debug/net6.0/BL.Tests.dll" adapterTypeName="executor://xunit/VsTestRunner2/netcoreapp" className="BL.Tests.TurnstilesServiceTest" name="TestAdminDeleteTurnstileAsync" />
    </UnitTest>
    <UnitTest name="BL.Tests.TurnstilesServiceTest.TestAdminUpdateTurnstileAsync(userID: 160, turnstile: Turnstile { TurnstileID = 231, LiftID = 58, IsOpen = True }, checkPermissionServiceMock: Mock&lt;ICheckPermissionService:14&gt;, turnstilesRepositoryStub: Mock&lt;ITurnstilesRepository:8&gt;, sut: TurnstilesService { })" storage="/mnt/c/users/alena/desktop/7_sem/testing_and_debugging/skiresort/bl.tests/bin/debug/net6.0/bl.tests.dll" id="567e15c6-ea63-ab6e-a56d-0fe0f9775660">
      <Execution id="f4a2229e-d69c-44e8-a03d-1315ad9eea68" />
      <TestMethod codeBase="/mnt/c/Users/alena/Desktop/7_sem/testing_and_debugging/SkiResort/BL.Tests/bin/Debug/net6.0/BL.Tests.dll" adapterTypeName="executor://xunit/VsTestRunner2/netcoreapp" className="BL.Tests.TurnstilesServiceTest" name="TestAdminUpdateTurnstileAsync" />
    </UnitTest>
    <UnitTest name="BL.Tests.SlopesServiceTest.TestUpdateSlopeInfoAsync(userID: 154, slope: Slope { SlopeID = 168, SlopeName = slopeName7c405a1c-8653-4337-95fc-d244fb5a30b3, IsOpen = True, DifficultyLevel = 212, ConnectedLifts =  }, checkPermissionServiceMock: Mock&lt;ICheckPermissionService:8&gt;, slopesRepositoryStub: Mock&lt;ISlopesRepository:6&gt;, sut: SlopesService { })" storage="/mnt/c/users/alena/desktop/7_sem/testing_and_debugging/skiresort/bl.tests/bin/debug/net6.0/bl.tests.dll" id="10e02680-6d37-7e33-08c6-397372f81f65">
      <Execution id="6d04a425-0cb8-464b-a968-de50f2921bfd" />
      <TestMethod codeBase="/mnt/c/Users/alena/Desktop/7_sem/testing_and_debugging/SkiResort/BL.Tests/bin/Debug/net6.0/BL.Tests.dll" adapterTypeName="executor://xunit/VsTestRunner2/netcoreapp" className="BL.Tests.SlopesServiceTest" name="TestUpdateSlopeInfoAsync" />
    </UnitTest>
    <UnitTest name="BL.Tests.SlopesServiceTest.TestAdminDeleteSlopeAsync(userID: 220, slope: Slope { SlopeID = 143, SlopeName = slopeNamebc8e63b1-cd33-4d50-b589-c780ab3b6b56, IsOpen = True, DifficultyLevel = 8, ConnectedLifts =  }, checkPermissionServiceMock: Mock&lt;ICheckPermissionService:9&gt;, slopesRepositoryStub: Mock&lt;ISlopesRepository:7&gt;, liftsSlopesRepositoryStub: Mock&lt;ILiftsSlopesRepository:12&gt;, sut: SlopesService { })" storage="/mnt/c/users/alena/desktop/7_sem/testing_and_debugging/skiresort/bl.tests/bin/debug/net6.0/bl.tests.dll" id="97ebc75e-c866-ff0c-1e62-bb5d38a7fed5">
      <Execution id="1ecacd54-b50c-4efe-a33e-bbf0e7f273cd" />
      <TestMethod codeBase="/mnt/c/Users/alena/Desktop/7_sem/testing_and_debugging/SkiResort/BL.Tests/bin/Debug/net6.0/BL.Tests.dll" adapterTypeName="executor://xunit/VsTestRunner2/netcoreapp" className="BL.Tests.SlopesServiceTest" name="TestAdminDeleteSlopeAsync" />
    </UnitTest>
    <UnitTest name="BL.Tests.UsersServiceTests.TestAdminAddAutoIncrementUser" storage="/mnt/c/users/alena/desktop/7_sem/testing_and_debugging/skiresort/bl.tests/bin/debug/net6.0/bl.tests.dll" id="834c739b-eca4-b36d-6a66-5a1bd75377b8">
      <Execution id="01a6dd7c-ce43-4f49-9047-754e834deea5" />
      <TestMethod codeBase="/mnt/c/Users/alena/Desktop/7_sem/testing_and_debugging/SkiResort/BL.Tests/bin/Debug/net6.0/BL.Tests.dll" adapterTypeName="executor://xunit/VsTestRunner2/netcoreapp" className="BL.Tests.UsersServiceTests" name="TestAdminAddAutoIncrementUser" />
    </UnitTest>
    <UnitTest name="BL.Tests.CheckPermissionsServiceTests.UnauthorizedHasNoAccessToAdminSkiPatrolFunctions(functionName: &quot;GetLiftsSlopesInfoAsync&quot;)" storage="/mnt/c/users/alena/desktop/7_sem/testing_and_debugging/skiresort/bl.tests/bin/debug/net6.0/bl.tests.dll" id="387c9729-48c1-486e-5e67-f5d11a9f0db8">
      <Execution id="9bf1deae-3264-4315-9d18-5564f09daec2" />
      <TestMethod codeBase="/mnt/c/Users/alena/Desktop/7_sem/testing_and_debugging/SkiResort/BL.Tests/bin/Debug/net6.0/BL.Tests.dll" adapterTypeName="executor://xunit/VsTestRunner2/netcoreapp" className="BL.Tests.CheckPermissionsServiceTests" name="UnauthorizedHasNoAccessToAdminSkiPatrolFunctions" />
    </UnitTest>
    <UnitTest name="BL.Tests.CheckPermissionsServiceTests.SkiPatrolHasAccessToAdminSkiPatrolFunctions(functionName: &quot;MarkMessageReadByUserAsync&quot;)" storage="/mnt/c/users/alena/desktop/7_sem/testing_and_debugging/skiresort/bl.tests/bin/debug/net6.0/bl.tests.dll" id="60bd668f-04df-da5e-b79b-5d9aedb5234d">
      <Execution id="0ac257c7-2f68-4935-86ae-0436b9dddafc" />
      <TestMethod codeBase="/mnt/c/Users/alena/Desktop/7_sem/testing_and_debugging/SkiResort/BL.Tests/bin/Debug/net6.0/BL.Tests.dll" adapterTypeName="executor://xunit/VsTestRunner2/netcoreapp" className="BL.Tests.CheckPermissionsServiceTests" name="SkiPatrolHasAccessToAdminSkiPatrolFunctions" />
    </UnitTest>
    <UnitTest name="BL.Tests.CheckPermissionsServiceTests.UnauthorizedHasNoAccessToAdminFunctions" storage="/mnt/c/users/alena/desktop/7_sem/testing_and_debugging/skiresort/bl.tests/bin/debug/net6.0/bl.tests.dll" id="e2d7e5be-3dae-33ae-fb17-c704b6fd58d6">
      <Execution id="77b6bb91-228a-4b60-bd9d-a6cc9e94668c" />
      <TestMethod codeBase="/mnt/c/Users/alena/Desktop/7_sem/testing_and_debugging/SkiResort/BL.Tests/bin/Debug/net6.0/BL.Tests.dll" adapterTypeName="executor://xunit/VsTestRunner2/netcoreapp" className="BL.Tests.CheckPermissionsServiceTests" name="UnauthorizedHasNoAccessToAdminFunctions" />
    </UnitTest>
    <UnitTest name="BL.Tests.UsersServiceTests.TestLogInWithWrongPassword" storage="/mnt/c/users/alena/desktop/7_sem/testing_and_debugging/skiresort/bl.tests/bin/debug/net6.0/bl.tests.dll" id="69340bb6-3645-f9dd-971e-29d8b2a009bb">
      <Execution id="2aca7ec1-1c86-437f-8951-db680c73d6f6" />
      <TestMethod codeBase="/mnt/c/Users/alena/Desktop/7_sem/testing_and_debugging/SkiResort/BL.Tests/bin/Debug/net6.0/BL.Tests.dll" adapterTypeName="executor://xunit/VsTestRunner2/netcoreapp" className="BL.Tests.UsersServiceTests" name="TestLogInWithWrongPassword" />
    </UnitTest>
    <UnitTest name="BL.Tests.CheckPermissionsServiceTests.SkiPatrolHasAccessToAdminSkiPatrolFunctions(functionName: &quot;GetLiftsSlopesInfoAsync&quot;)" storage="/mnt/c/users/alena/desktop/7_sem/testing_and_debugging/skiresort/bl.tests/bin/debug/net6.0/bl.tests.dll" id="2d706594-f2b3-b3c8-21d4-86c9798c3306">
      <Execution id="4eefb0c7-323a-4ef6-9c93-f8c37f92e755" />
      <TestMethod codeBase="/mnt/c/Users/alena/Desktop/7_sem/testing_and_debugging/SkiResort/BL.Tests/bin/Debug/net6.0/BL.Tests.dll" adapterTypeName="executor://xunit/VsTestRunner2/netcoreapp" className="BL.Tests.CheckPermissionsServiceTests" name="SkiPatrolHasAccessToAdminSkiPatrolFunctions" />
    </UnitTest>
    <UnitTest name="BL.Tests.CheckPermissionsServiceTests.SkiPatrolHasNoAccessToAdminFunctions" storage="/mnt/c/users/alena/desktop/7_sem/testing_and_debugging/skiresort/bl.tests/bin/debug/net6.0/bl.tests.dll" id="492c0393-35b4-df26-a537-21ca08302f3c">
      <Execution id="e53b2b0b-c551-4bd8-a65e-0dd099628933" />
      <TestMethod codeBase="/mnt/c/Users/alena/Desktop/7_sem/testing_and_debugging/SkiResort/BL.Tests/bin/Debug/net6.0/BL.Tests.dll" adapterTypeName="executor://xunit/VsTestRunner2/netcoreapp" className="BL.Tests.CheckPermissionsServiceTests" name="SkiPatrolHasNoAccessToAdminFunctions" />
    </UnitTest>
    <UnitTest name="BL.Tests.UsersServiceTests.TestAdminDeleteUser" storage="/mnt/c/users/alena/desktop/7_sem/testing_and_debugging/skiresort/bl.tests/bin/debug/net6.0/bl.tests.dll" id="18fa8c62-e27d-e1fc-8182-4d7db62b008d">
      <Execution id="56ed0293-c8a8-431c-903a-0d41397abcfd" />
      <TestMethod codeBase="/mnt/c/Users/alena/Desktop/7_sem/testing_and_debugging/SkiResort/BL.Tests/bin/Debug/net6.0/BL.Tests.dll" adapterTypeName="executor://xunit/VsTestRunner2/netcoreapp" className="BL.Tests.UsersServiceTests" name="TestAdminDeleteUser" />
    </UnitTest>
    <UnitTest name="BL.Tests.LiftsServiceTest.TestGetLiftsInfoAsync(userID: 220, initialLifts: [Lift { LiftID = 64, LiftName = liftName66b6dfd4-3575-4323-b8bc-668c8a0e451f, IsOpen = True, SeatsAmount = 246, LiftingTime = 189, QueueTime = 30, ConnectedSlopes =  }, Lift { LiftID = 45, LiftName = liftNamea9b6d61b-5dc7-42a3-9019-9aa83523cebb, IsOpen = False, SeatsAmount = 60, LiftingTime = 104, QueueTime = 178, ConnectedSlopes =  }, Lift { LiftID = 255, LiftName =..." storage="/mnt/c/users/alena/desktop/7_sem/testing_and_debugging/skiresort/bl.tests/bin/debug/net6.0/bl.tests.dll" id="8bb57e6f-1bc7-f43f-3a40-27906ca96c1a">
      <Execution id="6545347a-d9d8-434e-a6d6-ff2e76dd071f" />
      <TestMethod codeBase="/mnt/c/Users/alena/Desktop/7_sem/testing_and_debugging/SkiResort/BL.Tests/bin/Debug/net6.0/BL.Tests.dll" adapterTypeName="executor://xunit/VsTestRunner2/netcoreapp" className="BL.Tests.LiftsServiceTest" name="TestGetLiftsInfoAsync" />
    </UnitTest>
    <UnitTest name="BL.Tests.LiftsServiceTest.TestUpdateLiftInfoAsync(userID: 204, lift: Lift { LiftID = 54, LiftName = liftName24c8111e-2464-49e8-b26d-b1921f28be00, IsOpen = True, SeatsAmount = 23, LiftingTime = 163, QueueTime = 156, ConnectedSlopes =  }, checkPermissionServiceMock: Mock&lt;ICheckPermissionService:3&gt;, liftsRepositoryStub: Mock&lt;ILiftsRepository:3&gt;, sut: LiftsService { })" storage="/mnt/c/users/alena/desktop/7_sem/testing_and_debugging/skiresort/bl.tests/bin/debug/net6.0/bl.tests.dll" id="04713152-a0e1-a47c-ca85-3504855b1241">
      <Execution id="762b1eb7-57f5-450d-baf2-d5a723b8d075" />
      <TestMethod codeBase="/mnt/c/Users/alena/Desktop/7_sem/testing_and_debugging/SkiResort/BL.Tests/bin/Debug/net6.0/BL.Tests.dll" adapterTypeName="executor://xunit/VsTestRunner2/netcoreapp" className="BL.Tests.LiftsServiceTest" name="TestUpdateLiftInfoAsync" />
    </UnitTest>
    <UnitTest name="BL.Tests.CheckPermissionsServiceTests.AuthorizedHasAccessToAuthorizedFunctions(functionName: &quot;LogOutAsync&quot;)" storage="/mnt/c/users/alena/desktop/7_sem/testing_and_debugging/skiresort/bl.tests/bin/debug/net6.0/bl.tests.dll" id="aa28a6b3-21d3-aa45-24d3-bef2facbc899">
      <Execution id="a69fe425-5c31-454f-a695-fc2c4c26648d" />
      <TestMethod codeBase="/mnt/c/Users/alena/Desktop/7_sem/testing_and_debugging/SkiResort/BL.Tests/bin/Debug/net6.0/BL.Tests.dll" adapterTypeName="executor://xunit/VsTestRunner2/netcoreapp" className="BL.Tests.CheckPermissionsServiceTests" name="AuthorizedHasAccessToAuthorizedFunctions" />
    </UnitTest>
    <UnitTest name="BL.Tests.LiftsServiceTest.TestGetLiftInfoAsync(userID: 216, lift: Lift { LiftID = 89, LiftName = liftNameeb38a556-591b-409a-b993-b715d0d76872, IsOpen = True, SeatsAmount = 205, LiftingTime = 63, QueueTime = 37, ConnectedSlopes =  }, checkPermissionServiceMock: Mock&lt;ICheckPermissionService:1&gt;, liftsRepositoryStub: Mock&lt;ILiftsRepository:1&gt;, liftsSlopesRepositoryStub: Mock&lt;ILiftsSlopesRepository:1&gt;, sut: LiftsService { })" storage="/mnt/c/users/alena/desktop/7_sem/testing_and_debugging/skiresort/bl.tests/bin/debug/net6.0/bl.tests.dll" id="d23be667-ab6e-74d9-e4dd-200a7bf4e72e">
      <Execution id="86ace739-dc73-4654-a2d8-476e7eaceae0" />
      <TestMethod codeBase="/mnt/c/Users/alena/Desktop/7_sem/testing_and_debugging/SkiResort/BL.Tests/bin/Debug/net6.0/BL.Tests.dll" adapterTypeName="executor://xunit/VsTestRunner2/netcoreapp" className="BL.Tests.LiftsServiceTest" name="TestGetLiftInfoAsync" />
    </UnitTest>
    <UnitTest name="BL.Tests.TurnstilesServiceTest.TestAdminGetTurnstilesAsync(userID: 172, initialTurnstiles: [Turnstile { TurnstileID = 34, LiftID = 79, IsOpen = True }, Turnstile { TurnstileID = 69, LiftID = 228, IsOpen = False }, Turnstile { TurnstileID = 75, LiftID = 151, IsOpen = True }], checkPermissionServiceMock: Mock&lt;ICheckPermissionService:13&gt;, turnstilesRepositoryStub: Mock&lt;ITurnstilesRepository:7&gt;, sut: TurnstilesService { })" storage="/mnt/c/users/alena/desktop/7_sem/testing_and_debugging/skiresort/bl.tests/bin/debug/net6.0/bl.tests.dll" id="ea1ad2c3-b75e-87df-2d70-d1619221d0f0">
      <Execution id="959cbfa8-5544-4a5c-8843-469fd3c68163" />
      <TestMethod codeBase="/mnt/c/Users/alena/Desktop/7_sem/testing_and_debugging/SkiResort/BL.Tests/bin/Debug/net6.0/BL.Tests.dll" adapterTypeName="executor://xunit/VsTestRunner2/netcoreapp" className="BL.Tests.TurnstilesServiceTest" name="TestAdminGetTurnstilesAsync" />
    </UnitTest>
    <UnitTest name="BL.Tests.UsersServiceTests.TestAdminUpdateUser" storage="/mnt/c/users/alena/desktop/7_sem/testing_and_debugging/skiresort/bl.tests/bin/debug/net6.0/bl.tests.dll" id="06d0bc3a-24a0-fb7f-4277-e9ae6d21c7dd">
      <Execution id="273b30ff-2f2e-4a13-8a60-43635348642b" />
      <TestMethod codeBase="/mnt/c/Users/alena/Desktop/7_sem/testing_and_debugging/SkiResort/BL.Tests/bin/Debug/net6.0/BL.Tests.dll" adapterTypeName="executor://xunit/VsTestRunner2/netcoreapp" className="BL.Tests.UsersServiceTests" name="TestAdminUpdateUser" />
    </UnitTest>
    <UnitTest name="BL.Tests.UsersServiceTests.TestLogInOk" storage="/mnt/c/users/alena/desktop/7_sem/testing_and_debugging/skiresort/bl.tests/bin/debug/net6.0/bl.tests.dll" id="1ca07ad8-f799-c5d4-e7cc-34fd950198a2">
      <Execution id="6e8bcfc0-2057-4402-88a6-22f122f2f2a5" />
      <TestMethod codeBase="/mnt/c/Users/alena/Desktop/7_sem/testing_and_debugging/SkiResort/BL.Tests/bin/Debug/net6.0/BL.Tests.dll" adapterTypeName="executor://xunit/VsTestRunner2/netcoreapp" className="BL.Tests.UsersServiceTests" name="TestLogInOk" />
    </UnitTest>
    <UnitTest name="BL.Tests.UsersServiceTests.TestAdminGetUsers" storage="/mnt/c/users/alena/desktop/7_sem/testing_and_debugging/skiresort/bl.tests/bin/debug/net6.0/bl.tests.dll" id="20ad8570-0170-85de-dcd7-2f109dd7bcd6">
      <Execution id="9a7baadc-9ce6-41fa-88cb-3be4d141cc7d" />
      <TestMethod codeBase="/mnt/c/Users/alena/Desktop/7_sem/testing_and_debugging/SkiResort/BL.Tests/bin/Debug/net6.0/BL.Tests.dll" adapterTypeName="executor://xunit/VsTestRunner2/netcoreapp" className="BL.Tests.UsersServiceTests" name="TestAdminGetUsers" />
    </UnitTest>
    <UnitTest name="BL.Tests.CheckPermissionsServiceTests.UnauthorizedHasNoAccessToAdminSkiPatrolFunctions(functionName: &quot;GetMessagesAsync&quot;)" storage="/mnt/c/users/alena/desktop/7_sem/testing_and_debugging/skiresort/bl.tests/bin/debug/net6.0/bl.tests.dll" id="229812f5-9a73-5335-11f5-31330d1348a5">
      <Execution id="6e67620b-90e1-4316-b549-eb2af6216a84" />
      <TestMethod codeBase="/mnt/c/Users/alena/Desktop/7_sem/testing_and_debugging/SkiResort/BL.Tests/bin/Debug/net6.0/BL.Tests.dll" adapterTypeName="executor://xunit/VsTestRunner2/netcoreapp" className="BL.Tests.CheckPermissionsServiceTests" name="UnauthorizedHasNoAccessToAdminSkiPatrolFunctions" />
    </UnitTest>
    <UnitTest name="BL.Tests.SlopesServiceTest.TestAdminAddSlopeAsync(userID: 198, slope: Slope { SlopeID = 23, SlopeName = slopeNamea796d5b7-e3f6-4abc-8c88-baacbaad9b02, IsOpen = True, DifficultyLevel = 183, ConnectedLifts =  }, checkPermissionServiceMock: Mock&lt;ICheckPermissionService:11&gt;, slopesRepositoryStub: Mock&lt;ISlopesRepository:9&gt;, sut: SlopesService { })" storage="/mnt/c/users/alena/desktop/7_sem/testing_and_debugging/skiresort/bl.tests/bin/debug/net6.0/bl.tests.dll" id="785bc21f-cbb5-d293-31ec-c489c6dba43a">
      <Execution id="b5c0c3b4-dfe3-4923-b5c8-6816480bc646" />
      <TestMethod codeBase="/mnt/c/Users/alena/Desktop/7_sem/testing_and_debugging/SkiResort/BL.Tests/bin/Debug/net6.0/BL.Tests.dll" adapterTypeName="executor://xunit/VsTestRunner2/netcoreapp" className="BL.Tests.SlopesServiceTest" name="TestAdminAddSlopeAsync" />
    </UnitTest>
    <UnitTest name="BL.Tests.LiftsServiceTest.TestAdminAddAutoIncrementLiftAsync(userID: 16, lift: Lift { LiftID = 145, LiftName = liftNameeb9dad8a-dbcb-4d79-9c76-cf04259fdd76, IsOpen = True, SeatsAmount = 140, LiftingTime = 74, QueueTime = 109, ConnectedSlopes =  }, checkPermissionServiceMock: Mock&lt;ICheckPermissionService:5&gt;, liftsRepositoryStub: Mock&lt;ILiftsRepository:5&gt;, sut: LiftsService { })" storage="/mnt/c/users/alena/desktop/7_sem/testing_and_debugging/skiresort/bl.tests/bin/debug/net6.0/bl.tests.dll" id="59f040a4-46ce-16fd-43c4-74c97e3bade6">
      <Execution id="c1bcbf94-9104-4b97-8745-abf4ffae7a61" />
      <TestMethod codeBase="/mnt/c/Users/alena/Desktop/7_sem/testing_and_debugging/SkiResort/BL.Tests/bin/Debug/net6.0/BL.Tests.dll" adapterTypeName="executor://xunit/VsTestRunner2/netcoreapp" className="BL.Tests.LiftsServiceTest" name="TestAdminAddAutoIncrementLiftAsync" />
    </UnitTest>
    <UnitTest name="BL.Tests.CheckPermissionsServiceTests.AuthorizedHasNoAccessToAdminSkiPatrolFunctions(functionName: &quot;GetLiftsSlopesInfoAsync&quot;)" storage="/mnt/c/users/alena/desktop/7_sem/testing_and_debugging/skiresort/bl.tests/bin/debug/net6.0/bl.tests.dll" id="4f297306-d4f3-8d63-e7f4-1ac0b8c58c74">
      <Execution id="c32a85b8-8cd5-43d4-b934-45825fe60a58" />
      <TestMethod codeBase="/mnt/c/Users/alena/Desktop/7_sem/testing_and_debugging/SkiResort/BL.Tests/bin/Debug/net6.0/BL.Tests.dll" adapterTypeName="executor://xunit/VsTestRunner2/netcoreapp" className="BL.Tests.CheckPermissionsServiceTests" name="AuthorizedHasNoAccessToAdminSkiPatrolFunctions" />
    </UnitTest>
    <UnitTest name="BL.Tests.LiftsSlopesServiceTests.TestGetLiftsSlopesInfoAsync(liftsSlopes: [LiftSlope { RecordID = 71, LiftID = 97, SlopeID = 152 }, LiftSlope { RecordID = 133, LiftID = 9, SlopeID = 47 }, LiftSlope { RecordID = 153, LiftID = 70, SlopeID = 35 }], slopesRepositoryStub: Mock&lt;ISlopesRepository:1&gt;, liftsRepositoryStub: Mock&lt;ILiftsRepository:6&gt;, liftsSlopesRepositoryStub: Mock&lt;ILiftsSlopesRepository:6&gt;)" storage="/mnt/c/users/alena/desktop/7_sem/testing_and_debugging/skiresort/bl.tests/bin/debug/net6.0/bl.tests.dll" id="e429852d-a6ed-7c2a-25fd-cd839b159d56">
      <Execution id="e8c646fc-af58-4088-9f8e-3209e5e3687b" />
      <TestMethod codeBase="/mnt/c/Users/alena/Desktop/7_sem/testing_and_debugging/SkiResort/BL.Tests/bin/Debug/net6.0/BL.Tests.dll" adapterTypeName="executor://xunit/VsTestRunner2/netcoreapp" className="BL.Tests.LiftsSlopesServiceTests" name="TestGetLiftsSlopesInfoAsync" />
    </UnitTest>
    <UnitTest name="BL.Tests.UsersServiceTests.TestRegisterOk" storage="/mnt/c/users/alena/desktop/7_sem/testing_and_debugging/skiresort/bl.tests/bin/debug/net6.0/bl.tests.dll" id="0eeef75f-6e38-7893-a8fe-cff3e0a970a7">
      <Execution id="159dd596-5bc0-4dc8-a772-383200f006e0" />
      <TestMethod codeBase="/mnt/c/Users/alena/Desktop/7_sem/testing_and_debugging/SkiResort/BL.Tests/bin/Debug/net6.0/BL.Tests.dll" adapterTypeName="executor://xunit/VsTestRunner2/netcoreapp" className="BL.Tests.UsersServiceTests" name="TestRegisterOk" />
    </UnitTest>
    <UnitTest name="BL.Tests.LiftsSlopesServiceTests.TestAdminAddAutoIncrementLiftSlopeAsync(lift: Lift { LiftID = 39, LiftName = liftNamee28b278f-2f37-4113-8d37-098edf6ace52, IsOpen = True, SeatsAmount = 73, LiftingTime = 13, QueueTime = 180, ConnectedSlopes =  }, slope: Slope { SlopeID = 33, SlopeName = slopeName654703d7-aa2c-42ce-b866-e3a6bc2ab51a, IsOpen = False, DifficultyLevel = 113, ConnectedLifts =  }, slopesRepositoryStub: Mock&lt;ISlopesRepository:3&gt;, l..." storage="/mnt/c/users/alena/desktop/7_sem/testing_and_debugging/skiresort/bl.tests/bin/debug/net6.0/bl.tests.dll" id="de8818ef-004a-8195-eaf4-332330a5ea62">
      <Execution id="10aac4c3-26fd-4e69-9f5b-dff50c4afe26" />
      <TestMethod codeBase="/mnt/c/Users/alena/Desktop/7_sem/testing_and_debugging/SkiResort/BL.Tests/bin/Debug/net6.0/BL.Tests.dll" adapterTypeName="executor://xunit/VsTestRunner2/netcoreapp" className="BL.Tests.LiftsSlopesServiceTests" name="TestAdminAddAutoIncrementLiftSlopeAsync" />
    </UnitTest>
    <UnitTest name="BL.Tests.CheckPermissionsServiceTests.AuthorizedHasAccessToAuthorizedFunctions(functionName: &quot;SendMessageAsync&quot;)" storage="/mnt/c/users/alena/desktop/7_sem/testing_and_debugging/skiresort/bl.tests/bin/debug/net6.0/bl.tests.dll" id="644ec43e-70cd-c82d-42e7-0d990be1414d">
      <Execution id="c236bdf6-3d25-4558-b9fa-8f5068010ab5" />
      <TestMethod codeBase="/mnt/c/Users/alena/Desktop/7_sem/testing_and_debugging/SkiResort/BL.Tests/bin/Debug/net6.0/BL.Tests.dll" adapterTypeName="executor://xunit/VsTestRunner2/netcoreapp" className="BL.Tests.CheckPermissionsServiceTests" name="AuthorizedHasAccessToAuthorizedFunctions" />
    </UnitTest>
    <UnitTest name="BL.Tests.TurnstilesServiceTest.TestAdminAddAutoIncrementTurnstileAsync(userID: 20, turnstile: Turnstile { TurnstileID = 222, LiftID = 17, IsOpen = True }, checkPermissionServiceMock: Mock&lt;ICheckPermissionService:16&gt;, turnstilesRepositoryStub: Mock&lt;ITurnstilesRepository:10&gt;, sut: TurnstilesService { })" storage="/mnt/c/users/alena/desktop/7_sem/testing_and_debugging/skiresort/bl.tests/bin/debug/net6.0/bl.tests.dll" id="bbdb758d-d047-f86f-a025-3782aa869758">
      <Execution id="3517ff60-7829-4b21-9b02-dd582b8606f7" />
      <TestMethod codeBase="/mnt/c/Users/alena/Desktop/7_sem/testing_and_debugging/SkiResort/BL.Tests/bin/Debug/net6.0/BL.Tests.dll" adapterTypeName="executor://xunit/VsTestRunner2/netcoreapp" className="BL.Tests.TurnstilesServiceTest" name="TestAdminAddAutoIncrementTurnstileAsync" />
    </UnitTest>
    <UnitTest name="BL.Tests.LiftsSlopesServiceTests.TestAdminDeleteLiftSlopeAsync(lift: Lift { LiftID = 172, LiftName = liftName4723a36c-6246-4a99-bd83-b40256bcd721, IsOpen = True, SeatsAmount = 117, LiftingTime = 135, QueueTime = 153, ConnectedSlopes =  }, slope: Slope { SlopeID = 112, SlopeName = slopeName0651b14a-6f7d-48fe-915c-da086544f71f, IsOpen = False, DifficultyLevel = 170, ConnectedLifts =  }, slopesRepositoryStub: Mock&lt;ISlopesRepository:2&gt;, liftsRe..." storage="/mnt/c/users/alena/desktop/7_sem/testing_and_debugging/skiresort/bl.tests/bin/debug/net6.0/bl.tests.dll" id="a1ecce67-e896-01d9-8ece-355e0373efa8">
      <Execution id="0338bd52-af86-4022-b3b2-924e236b6e5d" />
      <TestMethod codeBase="/mnt/c/Users/alena/Desktop/7_sem/testing_and_debugging/SkiResort/BL.Tests/bin/Debug/net6.0/BL.Tests.dll" adapterTypeName="executor://xunit/VsTestRunner2/netcoreapp" className="BL.Tests.LiftsSlopesServiceTests" name="TestAdminDeleteLiftSlopeAsync" />
    </UnitTest>
    <UnitTest name="BL.Tests.CheckPermissionsServiceTests.UnauthorizedHasNoAccessToAuthorizedFunctions(functionName: &quot;LogOutAsync&quot;)" storage="/mnt/c/users/alena/desktop/7_sem/testing_and_debugging/skiresort/bl.tests/bin/debug/net6.0/bl.tests.dll" id="fa960c5e-f989-2880-784e-8efe538c5231">
      <Execution id="59b5de54-aef5-4a43-833b-05a28c37b7a9" />
      <TestMethod codeBase="/mnt/c/Users/alena/Desktop/7_sem/testing_and_debugging/SkiResort/BL.Tests/bin/Debug/net6.0/BL.Tests.dll" adapterTypeName="executor://xunit/VsTestRunner2/netcoreapp" className="BL.Tests.CheckPermissionsServiceTests" name="UnauthorizedHasNoAccessToAuthorizedFunctions" />
    </UnitTest>
    <UnitTest name="BL.Tests.CheckPermissionsServiceTests.UnauthorizedHasNoAccessToAuthorizedFunctions(functionName: &quot;SendMessageAsync&quot;)" storage="/mnt/c/users/alena/desktop/7_sem/testing_and_debugging/skiresort/bl.tests/bin/debug/net6.0/bl.tests.dll" id="eaabd2fc-2f4b-5689-59c8-c7ad34a8f634">
      <Execution id="fd757722-a1fe-49eb-9b05-b41165f732b5" />
      <TestMethod codeBase="/mnt/c/Users/alena/Desktop/7_sem/testing_and_debugging/SkiResort/BL.Tests/bin/Debug/net6.0/BL.Tests.dll" adapterTypeName="executor://xunit/VsTestRunner2/netcoreapp" className="BL.Tests.CheckPermissionsServiceTests" name="UnauthorizedHasNoAccessToAuthorizedFunctions" />
    </UnitTest>
    <UnitTest name="BL.Tests.UsersServiceTests.TestRegisterUserWithRepeatedEmail" storage="/mnt/c/users/alena/desktop/7_sem/testing_and_debugging/skiresort/bl.tests/bin/debug/net6.0/bl.tests.dll" id="894941c1-bfa7-d8f9-c047-1e1ceefe2c2f">
      <Execution id="52252dac-cdee-4db5-9352-42e4783427af" />
      <TestMethod codeBase="/mnt/c/Users/alena/Desktop/7_sem/testing_and_debugging/SkiResort/BL.Tests/bin/Debug/net6.0/BL.Tests.dll" adapterTypeName="executor://xunit/VsTestRunner2/netcoreapp" className="BL.Tests.UsersServiceTests" name="TestRegisterUserWithRepeatedEmail" />
    </UnitTest>
    <UnitTest name="BL.Tests.SlopesServiceTest.TestAdminAddAutoIncrementSlopeAsync(userID: 77, slope: Slope { SlopeID = 222, SlopeName = slopeNamecac8758d-838e-4b09-ad23-6946c83f880f, IsOpen = True, DifficultyLevel = 18, ConnectedLifts =  }, checkPermissionServiceMock: Mock&lt;ICheckPermissionService:10&gt;, slopesRepositoryStub: Mock&lt;ISlopesRepository:8&gt;, sut: SlopesService { })" storage="/mnt/c/users/alena/desktop/7_sem/testing_and_debugging/skiresort/bl.tests/bin/debug/net6.0/bl.tests.dll" id="91f390b9-39a6-1f4c-f93f-9abb14537e15">
      <Execution id="affd67be-f211-45f6-b432-c48f207f0958" />
      <TestMethod codeBase="/mnt/c/Users/alena/Desktop/7_sem/testing_and_debugging/SkiResort/BL.Tests/bin/Debug/net6.0/BL.Tests.dll" adapterTypeName="executor://xunit/VsTestRunner2/netcoreapp" className="BL.Tests.SlopesServiceTest" name="TestAdminAddAutoIncrementSlopeAsync" />
    </UnitTest>
    <UnitTest name="BL.Tests.LiftsServiceTest.TestAdminDeleteLiftAsync(userID: 214, lift: Lift { LiftID = 49, LiftName = liftName5d66246c-ed61-4cfb-ba13-aabab0b807ce, IsOpen = True, SeatsAmount = 234, LiftingTime = 56, QueueTime = 55, ConnectedSlopes =  }, checkPermissionServiceMock: Mock&lt;ICheckPermissionService:4&gt;, liftsRepositoryStub: Mock&lt;ILiftsRepository:4&gt;, liftsSlopesRepositoryStub: Mock&lt;ILiftsSlopesRepository:4&gt;, sut: LiftsService { })" storage="/mnt/c/users/alena/desktop/7_sem/testing_and_debugging/skiresort/bl.tests/bin/debug/net6.0/bl.tests.dll" id="5e502bbf-e0fa-f3c0-3382-abc2eb61aed6">
      <Execution id="ccb2a068-79d0-41a9-b140-ad8fe65af19e" />
      <TestMethod codeBase="/mnt/c/Users/alena/Desktop/7_sem/testing_and_debugging/SkiResort/BL.Tests/bin/Debug/net6.0/BL.Tests.dll" adapterTypeName="executor://xunit/VsTestRunner2/netcoreapp" className="BL.Tests.LiftsServiceTest" name="TestAdminDeleteLiftAsync" />
    </UnitTest>
    <UnitTest name="BL.Tests.SlopesServiceTest.TestGetSlopesInfoAsync(userID: 77, initialSlopes: [Slope { SlopeID = 4, SlopeName = slopeName3141af87-3b34-41f8-bf5c-a20caea2c741, IsOpen = True, DifficultyLevel = 226, ConnectedLifts =  }, Slope { SlopeID = 101, SlopeName = slopeName7d369f1b-32ba-4778-b38e-f35eca4f5ddf, IsOpen = False, DifficultyLevel = 63, ConnectedLifts =  }, Slope { SlopeID = 234, SlopeName = slopeNameac37b31f-82e6-4acc-ab23-897b65452659, IsOp..." storage="/mnt/c/users/alena/desktop/7_sem/testing_and_debugging/skiresort/bl.tests/bin/debug/net6.0/bl.tests.dll" id="0c73d5b3-5717-2291-328e-200ded7e5855">
      <Execution id="47163d91-dea4-49b2-ac82-4dd68e0b4cf8" />
      <TestMethod codeBase="/mnt/c/Users/alena/Desktop/7_sem/testing_and_debugging/SkiResort/BL.Tests/bin/Debug/net6.0/BL.Tests.dll" adapterTypeName="executor://xunit/VsTestRunner2/netcoreapp" className="BL.Tests.SlopesServiceTest" name="TestGetSlopesInfoAsync" />
    </UnitTest>
    <UnitTest name="BL.Tests.UsersServiceTests.TestRegisterUserWithNoEmail" storage="/mnt/c/users/alena/desktop/7_sem/testing_and_debugging/skiresort/bl.tests/bin/debug/net6.0/bl.tests.dll" id="8184bd30-991c-b78d-b4ec-99a485eac0dd">
      <Execution id="f4c456c5-e998-4001-92ea-e2f674019d6c" />
      <TestMethod codeBase="/mnt/c/Users/alena/Desktop/7_sem/testing_and_debugging/SkiResort/BL.Tests/bin/Debug/net6.0/BL.Tests.dll" adapterTypeName="executor://xunit/VsTestRunner2/netcoreapp" className="BL.Tests.UsersServiceTests" name="TestRegisterUserWithNoEmail" />
    </UnitTest>
  </TestDefinitions>
  <TestEntries>
    <TestEntry testId="387c9729-48c1-486e-5e67-f5d11a9f0db8" executionId="9bf1deae-3264-4315-9d18-5564f09daec2" testListId="8c84fa94-04c1-424b-9868-57a2d4851a1d" />
    <TestEntry testId="c36970dc-93f7-753e-fa47-157133b01644" executionId="5ee53a28-9418-4ceb-9525-a250f30ecb74" testListId="8c84fa94-04c1-424b-9868-57a2d4851a1d" />
    <TestEntry testId="229812f5-9a73-5335-11f5-31330d1348a5" executionId="6e67620b-90e1-4316-b549-eb2af6216a84" testListId="8c84fa94-04c1-424b-9868-57a2d4851a1d" />
    <TestEntry testId="e5497347-2721-b7a6-0bd4-69a9921f6947" executionId="1bbc7462-5c6f-4e28-a9db-4f79b327e50f" testListId="8c84fa94-04c1-424b-9868-57a2d4851a1d" />
    <TestEntry testId="8184bd30-991c-b78d-b4ec-99a485eac0dd" executionId="f4c456c5-e998-4001-92ea-e2f674019d6c" testListId="8c84fa94-04c1-424b-9868-57a2d4851a1d" />
    <TestEntry testId="18fa8c62-e27d-e1fc-8182-4d7db62b008d" executionId="56ed0293-c8a8-431c-903a-0d41397abcfd" testListId="8c84fa94-04c1-424b-9868-57a2d4851a1d" />
    <TestEntry testId="aa28a6b3-21d3-aa45-24d3-bef2facbc899" executionId="a69fe425-5c31-454f-a695-fc2c4c26648d" testListId="8c84fa94-04c1-424b-9868-57a2d4851a1d" />
    <TestEntry testId="785bc21f-cbb5-d293-31ec-c489c6dba43a" executionId="b5c0c3b4-dfe3-4923-b5c8-6816480bc646" testListId="8c84fa94-04c1-424b-9868-57a2d4851a1d" />
    <TestEntry testId="fa960c5e-f989-2880-784e-8efe538c5231" executionId="59b5de54-aef5-4a43-833b-05a28c37b7a9" testListId="8c84fa94-04c1-424b-9868-57a2d4851a1d" />
    <TestEntry testId="2602613f-c8e2-a6d9-fcf7-5b27d4a770a6" executionId="4089770f-1b92-4871-9c40-d9a3acf08ad7" testListId="8c84fa94-04c1-424b-9868-57a2d4851a1d" />
    <TestEntry testId="eaabd2fc-2f4b-5689-59c8-c7ad34a8f634" executionId="fd757722-a1fe-49eb-9b05-b41165f732b5" testListId="8c84fa94-04c1-424b-9868-57a2d4851a1d" />
    <TestEntry testId="8bb57e6f-1bc7-f43f-3a40-27906ca96c1a" executionId="6545347a-d9d8-434e-a6d6-ff2e76dd071f" testListId="8c84fa94-04c1-424b-9868-57a2d4851a1d" />
    <TestEntry testId="5e502bbf-e0fa-f3c0-3382-abc2eb61aed6" executionId="ccb2a068-79d0-41a9-b140-ad8fe65af19e" testListId="8c84fa94-04c1-424b-9868-57a2d4851a1d" />
    <TestEntry testId="a1ecce67-e896-01d9-8ece-355e0373efa8" executionId="0338bd52-af86-4022-b3b2-924e236b6e5d" testListId="8c84fa94-04c1-424b-9868-57a2d4851a1d" />
    <TestEntry testId="894941c1-bfa7-d8f9-c047-1e1ceefe2c2f" executionId="52252dac-cdee-4db5-9352-42e4783427af" testListId="8c84fa94-04c1-424b-9868-57a2d4851a1d" />
    <TestEntry testId="0c73d5b3-5717-2291-328e-200ded7e5855" executionId="47163d91-dea4-49b2-ac82-4dd68e0b4cf8" testListId="8c84fa94-04c1-424b-9868-57a2d4851a1d" />
    <TestEntry testId="06d0bc3a-24a0-fb7f-4277-e9ae6d21c7dd" executionId="273b30ff-2f2e-4a13-8a60-43635348642b" testListId="8c84fa94-04c1-424b-9868-57a2d4851a1d" />
    <TestEntry testId="567e15c6-ea63-ab6e-a56d-0fe0f9775660" executionId="f4a2229e-d69c-44e8-a03d-1315ad9eea68" testListId="8c84fa94-04c1-424b-9868-57a2d4851a1d" />
    <TestEntry testId="d23be667-ab6e-74d9-e4dd-200a7bf4e72e" executionId="86ace739-dc73-4654-a2d8-476e7eaceae0" testListId="8c84fa94-04c1-424b-9868-57a2d4851a1d" />
    <TestEntry testId="ea1ad2c3-b75e-87df-2d70-d1619221d0f0" executionId="959cbfa8-5544-4a5c-8843-469fd3c68163" testListId="8c84fa94-04c1-424b-9868-57a2d4851a1d" />
    <TestEntry testId="ed1f0b75-967b-1b98-2f29-cc10bab70a1c" executionId="2528d050-84b8-472b-8813-83e1cbd7a49d" testListId="8c84fa94-04c1-424b-9868-57a2d4851a1d" />
    <TestEntry testId="59f040a4-46ce-16fd-43c4-74c97e3bade6" executionId="c1bcbf94-9104-4b97-8745-abf4ffae7a61" testListId="8c84fa94-04c1-424b-9868-57a2d4851a1d" />
    <TestEntry testId="834c739b-eca4-b36d-6a66-5a1bd75377b8" executionId="01a6dd7c-ce43-4f49-9047-754e834deea5" testListId="8c84fa94-04c1-424b-9868-57a2d4851a1d" />
    <TestEntry testId="e429852d-a6ed-7c2a-25fd-cd839b159d56" executionId="e8c646fc-af58-4088-9f8e-3209e5e3687b" testListId="8c84fa94-04c1-424b-9868-57a2d4851a1d" />
    <TestEntry testId="97ebc75e-c866-ff0c-1e62-bb5d38a7fed5" executionId="1ecacd54-b50c-4efe-a33e-bbf0e7f273cd" testListId="8c84fa94-04c1-424b-9868-57a2d4851a1d" />
    <TestEntry testId="20ad8570-0170-85de-dcd7-2f109dd7bcd6" executionId="9a7baadc-9ce6-41fa-88cb-3be4d141cc7d" testListId="8c84fa94-04c1-424b-9868-57a2d4851a1d" />
    <TestEntry testId="69340bb6-3645-f9dd-971e-29d8b2a009bb" executionId="2aca7ec1-1c86-437f-8951-db680c73d6f6" testListId="8c84fa94-04c1-424b-9868-57a2d4851a1d" />
    <TestEntry testId="f44a1b21-8efc-bfac-63b4-d534442def31" executionId="76aa886b-97bf-484b-b5b8-c9a5bbe32e5b" testListId="8c84fa94-04c1-424b-9868-57a2d4851a1d" />
    <TestEntry testId="de8818ef-004a-8195-eaf4-332330a5ea62" executionId="10aac4c3-26fd-4e69-9f5b-dff50c4afe26" testListId="8c84fa94-04c1-424b-9868-57a2d4851a1d" />
    <TestEntry testId="a2e59116-cb53-1d70-9cb8-21c286516866" executionId="bd4cc5fa-5b93-40a3-8402-1b93108c66da" testListId="8c84fa94-04c1-424b-9868-57a2d4851a1d" />
    <TestEntry testId="60bd668f-04df-da5e-b79b-5d9aedb5234d" executionId="0ac257c7-2f68-4935-86ae-0436b9dddafc" testListId="8c84fa94-04c1-424b-9868-57a2d4851a1d" />
    <TestEntry testId="91f390b9-39a6-1f4c-f93f-9abb14537e15" executionId="affd67be-f211-45f6-b432-c48f207f0958" testListId="8c84fa94-04c1-424b-9868-57a2d4851a1d" />
    <TestEntry testId="4f297306-d4f3-8d63-e7f4-1ac0b8c58c74" executionId="c32a85b8-8cd5-43d4-b934-45825fe60a58" testListId="8c84fa94-04c1-424b-9868-57a2d4851a1d" />
    <TestEntry testId="1ca07ad8-f799-c5d4-e7cc-34fd950198a2" executionId="6e8bcfc0-2057-4402-88a6-22f122f2f2a5" testListId="8c84fa94-04c1-424b-9868-57a2d4851a1d" />
    <TestEntry testId="f3efc418-a8a6-c7b7-9bac-90b33aa8472f" executionId="1f2b564b-abb2-4fd6-8402-37a35ad34cdb" testListId="8c84fa94-04c1-424b-9868-57a2d4851a1d" />
    <TestEntry testId="0eeef75f-6e38-7893-a8fe-cff3e0a970a7" executionId="159dd596-5bc0-4dc8-a772-383200f006e0" testListId="8c84fa94-04c1-424b-9868-57a2d4851a1d" />
    <TestEntry testId="9a5fbe09-6ced-6cb0-fd24-062de4a54f37" executionId="cee88b7f-46b9-4029-88b6-727f9a316f2f" testListId="8c84fa94-04c1-424b-9868-57a2d4851a1d" />
    <TestEntry testId="10e02680-6d37-7e33-08c6-397372f81f65" executionId="6d04a425-0cb8-464b-a968-de50f2921bfd" testListId="8c84fa94-04c1-424b-9868-57a2d4851a1d" />
    <TestEntry testId="2d706594-f2b3-b3c8-21d4-86c9798c3306" executionId="4eefb0c7-323a-4ef6-9c93-f8c37f92e755" testListId="8c84fa94-04c1-424b-9868-57a2d4851a1d" />
    <TestEntry testId="bd7c1b0d-618c-8785-1ba3-de344071b3a3" executionId="0276382a-6c29-4eda-a0e1-38d5cfac73d1" testListId="8c84fa94-04c1-424b-9868-57a2d4851a1d" />
    <TestEntry testId="644ec43e-70cd-c82d-42e7-0d990be1414d" executionId="c236bdf6-3d25-4558-b9fa-8f5068010ab5" testListId="8c84fa94-04c1-424b-9868-57a2d4851a1d" />
    <TestEntry testId="04713152-a0e1-a47c-ca85-3504855b1241" executionId="762b1eb7-57f5-450d-baf2-d5a723b8d075" testListId="8c84fa94-04c1-424b-9868-57a2d4851a1d" />
    <TestEntry testId="9c7df5e2-1b23-ebea-889f-b78ca86b60ab" executionId="b8ef1e8c-5297-4cc2-a4e0-e9387328d6c0" testListId="8c84fa94-04c1-424b-9868-57a2d4851a1d" />
    <TestEntry testId="a19a5fcf-c5d2-7d44-5d7d-84403042f4e0" executionId="f4fa6bdf-dd39-4e79-bf33-672b4e08920d" testListId="8c84fa94-04c1-424b-9868-57a2d4851a1d" />
    <TestEntry testId="492c0393-35b4-df26-a537-21ca08302f3c" executionId="e53b2b0b-c551-4bd8-a65e-0dd099628933" testListId="8c84fa94-04c1-424b-9868-57a2d4851a1d" />
    <TestEntry testId="e2d7e5be-3dae-33ae-fb17-c704b6fd58d6" executionId="77b6bb91-228a-4b60-bd9d-a6cc9e94668c" testListId="8c84fa94-04c1-424b-9868-57a2d4851a1d" />
    <TestEntry testId="bbdb758d-d047-f86f-a025-3782aa869758" executionId="3517ff60-7829-4b21-9b02-dd582b8606f7" testListId="8c84fa94-04c1-424b-9868-57a2d4851a1d" />
  </TestEntries>
  <TestLists>
    <TestList name="Results Not in a List" id="8c84fa94-04c1-424b-9868-57a2d4851a1d" />
    <TestList name="All Loaded Results" id="19431567-8539-422a-85d7-44ee4e166bda" />
  </TestLists>
  <ResultSummary outcome="Completed">
    <Counters total="47" executed="47" passed="47" failed="0" error="0" timeout="0" aborted="0" inconclusive="0" passedButRunAborted="0" notRunnable="0" notExecuted="0" disconnected="0" warning="0" completed="0" inProgress="0" pending="0" />
    <Output>
      <StdOut>[xUnit.net 00:00:00.00] xUnit.net VSTest Adapter v2.4.5+1caef2f33e (64-bit .NET 6.0.10)
[xUnit.net 00:00:00.89]   Discovering: BL.Tests
[xUnit.net 00:00:01.10]   Discovered:  BL.Tests
[xUnit.net 00:00:01.10]   Starting:    BL.Tests
[xUnit.net 00:00:01.53]   Finished:    BL.Tests
</StdOut>
    </Output>
  </ResultSummary>
</TestRun>