<?xml version="1.0" encoding="utf-8"?>
<TestRun id="bc2658a9-86ce-48bd-b52d-06dd1e557ba5" name="@DESKTOP-TJ9D65N 2022-11-03 20:25:38" xmlns="http://microsoft.com/schemas/VisualStudio/TeamTest/2010">
  <Times creation="2022-11-03T20:25:38.2966364+03:00" queuing="2022-11-03T20:25:38.2966367+03:00" start="2022-11-03T20:25:35.9634557+03:00" finish="2022-11-03T20:25:38.4965215+03:00" />
  <TestSettings name="default" id="78717425-cad0-447e-9d45-a4f27f0f5819">
    <Deployment runDeploymentRoot="_DESKTOP-TJ9D65N_2022-11-03_20_25_38" />
  </TestSettings>
  <Results>
    <UnitTestResult executionId="076fd5c6-9d06-4a68-a3b8-592e4faf223c" testId="e5497347-2721-b7a6-0bd4-69a9921f6947" testName="BL.Tests.UsersServiceTests.TestAdminGetUserByIDAsync" computerName="DESKTOP-TJ9D65N" duration="00:00:00.0036008" startTime="2022-11-03T20:25:38.3533657+03:00" endTime="2022-11-03T20:25:38.3533657+03:00" testType="13cdc9d9-ddb5-4fa4-a97d-d965ccfc6d4b" outcome="Passed" testListId="8c84fa94-04c1-424b-9868-57a2d4851a1d" relativeResultsDirectory="076fd5c6-9d06-4a68-a3b8-592e4faf223c" />
    <UnitTestResult executionId="a05017c9-8b4f-4a80-a241-f0ad20782d18" testId="9c7df5e2-1b23-ebea-889f-b78ca86b60ab" testName="BL.Tests.CheckPermissionsServiceTests.AuthorizedHasNoAccessToAdminSkiPatrolFunctions(functionName: &quot;MarkMessageReadByUserAsync&quot;)" computerName="DESKTOP-TJ9D65N" duration="00:00:00.0012493" startTime="2022-11-03T20:25:38.3457511+03:00" endTime="2022-11-03T20:25:38.3457511+03:00" testType="13cdc9d9-ddb5-4fa4-a97d-d965ccfc6d4b" outcome="Passed" testListId="8c84fa94-04c1-424b-9868-57a2d4851a1d" relativeResultsDirectory="a05017c9-8b4f-4a80-a241-f0ad20782d18" />
    <UnitTestResult executionId="afdb97ec-5fef-4508-bd12-8b93ad521479" testId="8184bd30-991c-b78d-b4ec-99a485eac0dd" testName="BL.Tests.UsersServiceTests.TestRegisterUserWithNoEmail" computerName="DESKTOP-TJ9D65N" duration="00:00:00.0049994" startTime="2022-11-03T20:25:38.2464352+03:00" endTime="2022-11-03T20:25:38.2464353+03:00" testType="13cdc9d9-ddb5-4fa4-a97d-d965ccfc6d4b" outcome="Passed" testListId="8c84fa94-04c1-424b-9868-57a2d4851a1d" relativeResultsDirectory="afdb97ec-5fef-4508-bd12-8b93ad521479" />
    <UnitTestResult executionId="fdb4c311-d895-444c-8c89-366cabecb727" testId="c36970dc-93f7-753e-fa47-157133b01644" testName="BL.Tests.CheckPermissionsServiceTests.SkiPatrolHasAccessToAdminSkiPatrolFunctions(functionName: &quot;GetMessagesAsync&quot;)" computerName="DESKTOP-TJ9D65N" duration="00:00:00.0009872" startTime="2022-11-03T20:25:38.3060817+03:00" endTime="2022-11-03T20:25:38.3060818+03:00" testType="13cdc9d9-ddb5-4fa4-a97d-d965ccfc6d4b" outcome="Passed" testListId="8c84fa94-04c1-424b-9868-57a2d4851a1d" relativeResultsDirectory="fdb4c311-d895-444c-8c89-366cabecb727" />
    <UnitTestResult executionId="d4597aa7-a1a1-49e9-a032-78814dff2355" testId="2602613f-c8e2-a6d9-fcf7-5b27d4a770a6" testName="BL.Tests.CheckPermissionsServiceTests.AuthorizedHasNoAccessToAdminSkiPatrolFunctions(functionName: &quot;GetMessagesAsync&quot;)" computerName="DESKTOP-TJ9D65N" duration="00:00:00.0026598" startTime="2022-11-03T20:25:38.3364859+03:00" endTime="2022-11-03T20:25:38.3364860+03:00" testType="13cdc9d9-ddb5-4fa4-a97d-d965ccfc6d4b" outcome="Passed" testListId="8c84fa94-04c1-424b-9868-57a2d4851a1d" relativeResultsDirectory="d4597aa7-a1a1-49e9-a032-78814dff2355" />
    <UnitTestResult executionId="0c538935-3da6-4772-b671-9954b8b72b76" testId="1ca07ad8-f799-c5d4-e7cc-34fd950198a2" testName="BL.Tests.UsersServiceTests.TestLogInOk" computerName="DESKTOP-TJ9D65N" duration="00:00:00.0035347" startTime="2022-11-03T20:25:38.3117476+03:00" endTime="2022-11-03T20:25:38.3117477+03:00" testType="13cdc9d9-ddb5-4fa4-a97d-d965ccfc6d4b" outcome="Passed" testListId="8c84fa94-04c1-424b-9868-57a2d4851a1d" relativeResultsDirectory="0c538935-3da6-4772-b671-9954b8b72b76" />
    <UnitTestResult executionId="5fef9cd5-f694-430d-a1e8-a95949555e81" testId="ebccd46f-6f28-d149-7813-6f10f3eb196e" testName="BL.Tests.TurnstilesServiceTest.TestAdminUpdateTurnstileAsync(userID: 222, turnstile: Turnstile { TurnstileID = 252, LiftID = 73, IsOpen = True }, checkPermissionServiceMock: Mock&lt;ICheckPermissionService:14&gt;, turnstilesRepositoryStub: Mock&lt;ITurnstilesRepository:8&gt;, sut: TurnstilesService { })" computerName="DESKTOP-TJ9D65N" duration="00:00:00.0071591" startTime="2022-11-03T20:25:38.2484740+03:00" endTime="2022-11-03T20:25:38.2484741+03:00" testType="13cdc9d9-ddb5-4fa4-a97d-d965ccfc6d4b" outcome="Passed" testListId="8c84fa94-04c1-424b-9868-57a2d4851a1d" relativeResultsDirectory="5fef9cd5-f694-430d-a1e8-a95949555e81" />
    <UnitTestResult executionId="2f3469fd-a764-4960-8f8d-6de9562a98b8" testId="11652b96-6c37-2c8b-eda6-08a41c83d8a5" testName="BL.Tests.SlopesServiceTest.TestGetSlopesInfoAsync(userID: 168, initialSlopes: [Slope { SlopeID = 196, SlopeName = slopeName03974e4b-1168-478b-afe5-3733162604ea, IsOpen = True, DifficultyLevel = 237, ConnectedLifts =  }, Slope { SlopeID = 69, SlopeName = slopeNameaf2ad8d7-42ae-4cd2-a55a-4f20e53c075f, IsOpen = False, DifficultyLevel = 185, ConnectedLifts =  }, Slope { SlopeID = 77, SlopeName = slopeNameed766d05-9e2d-4192-b842-cf82b1d01bcd, IsOpen = True, DifficultyLevel = 159, ConnectedLifts =  }], checkPermissionServiceMock: Mock&lt;ICheckPermissionService:7&gt;, slopesRepositoryStub: Mock&lt;ISlopesRepository:5&gt;, liftsSlopesRepositoryStub: Mock&lt;ILiftsSlopesRepository:10&gt;, sut: SlopesService { })" computerName="DESKTOP-TJ9D65N" duration="00:00:00.0146032" startTime="2022-11-03T20:25:38.2842890+03:00" endTime="2022-11-03T20:25:38.2842891+03:00" testType="13cdc9d9-ddb5-4fa4-a97d-d965ccfc6d4b" outcome="Passed" testListId="8c84fa94-04c1-424b-9868-57a2d4851a1d" relativeResultsDirectory="2f3469fd-a764-4960-8f8d-6de9562a98b8" />
    <UnitTestResult executionId="c1d86610-0292-4f28-877c-55f0958ead6e" testId="aa28a6b3-21d3-aa45-24d3-bef2facbc899" testName="BL.Tests.CheckPermissionsServiceTests.AuthorizedHasAccessToAuthorizedFunctions(functionName: &quot;LogOutAsync&quot;)" computerName="DESKTOP-TJ9D65N" duration="00:00:00.0009529" startTime="2022-11-03T20:25:38.3760413+03:00" endTime="2022-11-03T20:25:38.3760414+03:00" testType="13cdc9d9-ddb5-4fa4-a97d-d965ccfc6d4b" outcome="Passed" testListId="8c84fa94-04c1-424b-9868-57a2d4851a1d" relativeResultsDirectory="c1d86610-0292-4f28-877c-55f0958ead6e" />
    <UnitTestResult executionId="2c48d959-f640-41be-8db8-5f8163e1f72e" testId="a19a5fcf-c5d2-7d44-5d7d-84403042f4e0" testName="BL.Tests.CheckPermissionsServiceTests.UnauthorizedHasNoAccessToAdminSkiPatrolFunctions(functionName: &quot;MarkMessageReadByUserAsync&quot;)" computerName="DESKTOP-TJ9D65N" duration="00:00:00.0371659" startTime="2022-11-03T20:25:38.1411573+03:00" endTime="2022-11-03T20:25:38.1411573+03:00" testType="13cdc9d9-ddb5-4fa4-a97d-d965ccfc6d4b" outcome="Passed" testListId="8c84fa94-04c1-424b-9868-57a2d4851a1d" relativeResultsDirectory="2c48d959-f640-41be-8db8-5f8163e1f72e" />
    <UnitTestResult executionId="58f3b5cd-c000-47ae-80fb-b6627ce74b14" testId="69340bb6-3645-f9dd-971e-29d8b2a009bb" testName="BL.Tests.UsersServiceTests.TestLogInWithWrongPassword" computerName="DESKTOP-TJ9D65N" duration="00:00:00.0023815" startTime="2022-11-03T20:25:38.3287617+03:00" endTime="2022-11-03T20:25:38.3287617+03:00" testType="13cdc9d9-ddb5-4fa4-a97d-d965ccfc6d4b" outcome="Passed" testListId="8c84fa94-04c1-424b-9868-57a2d4851a1d" relativeResultsDirectory="58f3b5cd-c000-47ae-80fb-b6627ce74b14" />
    <UnitTestResult executionId="3f8a379b-28df-42cc-99f0-c2f2a80796b9" testId="b9c5945f-aed5-035f-8001-797427a063e4" testName="BL.Tests.LiftsSlopesServiceTests.TestAdminAddAutoIncrementLiftSlopeAsync(lift: Lift { LiftID = 47, LiftName = liftName7fa7f266-73ac-4e01-9459-e759b6ba5583, IsOpen = True, SeatsAmount = 225, LiftingTime = 110, QueueTime = 136, ConnectedSlopes =  }, slope: Slope { SlopeID = 17, SlopeName = slopeName15ba07db-44fe-4463-8a73-244ba94fcfb4, IsOpen = False, DifficultyLevel = 226, ConnectedLifts =  }, slopesRepositoryStub: Mock&lt;ISlopesRepository:3&gt;, liftsRepositoryStub: Mock&lt;ILiftsRepository:8&gt;, liftsSlopesRepositoryStub: Mock&lt;ILiftsSlopesRepository:8&gt;)" computerName="DESKTOP-TJ9D65N" duration="00:00:00.0100532" startTime="2022-11-03T20:25:38.2482730+03:00" endTime="2022-11-03T20:25:38.2482730+03:00" testType="13cdc9d9-ddb5-4fa4-a97d-d965ccfc6d4b" outcome="Passed" testListId="8c84fa94-04c1-424b-9868-57a2d4851a1d" relativeResultsDirectory="3f8a379b-28df-42cc-99f0-c2f2a80796b9" />
    <UnitTestResult executionId="b4fffedc-e50c-42c3-9456-e926746b11c8" testId="e2d7e5be-3dae-33ae-fb17-c704b6fd58d6" testName="BL.Tests.CheckPermissionsServiceTests.UnauthorizedHasNoAccessToAdminFunctions" computerName="DESKTOP-TJ9D65N" duration="00:00:00.0022509" startTime="2022-11-03T20:25:38.3859876+03:00" endTime="2022-11-03T20:25:38.3859877+03:00" testType="13cdc9d9-ddb5-4fa4-a97d-d965ccfc6d4b" outcome="Passed" testListId="8c84fa94-04c1-424b-9868-57a2d4851a1d" relativeResultsDirectory="b4fffedc-e50c-42c3-9456-e926746b11c8" />
    <UnitTestResult executionId="c5867f12-ce19-4368-9a28-ac0c2516a8c1" testId="dd375f47-90b8-ab14-ed56-ae1951721b22" testName="BL.Tests.SlopesServiceTest.TestAdminAddSlopeAsync(userID: 51, slope: Slope { SlopeID = 84, SlopeName = slopeName0e600cef-c8d9-49c0-adb2-378bcdfd1d7f, IsOpen = True, DifficultyLevel = 48, ConnectedLifts =  }, checkPermissionServiceMock: Mock&lt;ICheckPermissionService:11&gt;, slopesRepositoryStub: Mock&lt;ISlopesRepository:9&gt;, sut: SlopesService { })" computerName="DESKTOP-TJ9D65N" duration="00:00:00.0057025" startTime="2022-11-03T20:25:38.2501444+03:00" endTime="2022-11-03T20:25:38.2501445+03:00" testType="13cdc9d9-ddb5-4fa4-a97d-d965ccfc6d4b" outcome="Passed" testListId="8c84fa94-04c1-424b-9868-57a2d4851a1d" relativeResultsDirectory="c5867f12-ce19-4368-9a28-ac0c2516a8c1" />
    <UnitTestResult executionId="da935342-a0ee-485f-a8fc-15f5d9becfa2" testId="229812f5-9a73-5335-11f5-31330d1348a5" testName="BL.Tests.CheckPermissionsServiceTests.UnauthorizedHasNoAccessToAdminSkiPatrolFunctions(functionName: &quot;GetMessagesAsync&quot;)" computerName="DESKTOP-TJ9D65N" duration="00:00:00.0020106" startTime="2022-11-03T20:25:38.2469941+03:00" endTime="2022-11-03T20:25:38.2469942+03:00" testType="13cdc9d9-ddb5-4fa4-a97d-d965ccfc6d4b" outcome="Passed" testListId="8c84fa94-04c1-424b-9868-57a2d4851a1d" relativeResultsDirectory="da935342-a0ee-485f-a8fc-15f5d9becfa2" />
    <UnitTestResult executionId="6ccd7c58-732f-45d1-b706-4f10396b196b" testId="644ec43e-70cd-c82d-42e7-0d990be1414d" testName="BL.Tests.CheckPermissionsServiceTests.AuthorizedHasAccessToAuthorizedFunctions(functionName: &quot;SendMessageAsync&quot;)" computerName="DESKTOP-TJ9D65N" duration="00:00:00.0018934" startTime="2022-11-03T20:25:38.3673294+03:00" endTime="2022-11-03T20:25:38.3673295+03:00" testType="13cdc9d9-ddb5-4fa4-a97d-d965ccfc6d4b" outcome="Passed" testListId="8c84fa94-04c1-424b-9868-57a2d4851a1d" relativeResultsDirectory="6ccd7c58-732f-45d1-b706-4f10396b196b" />
    <UnitTestResult executionId="1cc79c89-8122-4017-871d-5448e979c16e" testId="18fa8c62-e27d-e1fc-8182-4d7db62b008d" testName="BL.Tests.UsersServiceTests.TestAdminDeleteUser" computerName="DESKTOP-TJ9D65N" duration="00:00:00.0028943" startTime="2022-11-03T20:25:38.3657810+03:00" endTime="2022-11-03T20:25:38.3657811+03:00" testType="13cdc9d9-ddb5-4fa4-a97d-d965ccfc6d4b" outcome="Passed" testListId="8c84fa94-04c1-424b-9868-57a2d4851a1d" relativeResultsDirectory="1cc79c89-8122-4017-871d-5448e979c16e" />
    <UnitTestResult executionId="52e17786-ba61-4bb5-87b5-5620abe65589" testId="f3efc418-a8a6-c7b7-9bac-90b33aa8472f" testName="BL.Tests.CheckPermissionsServiceTests.AdminHasAccessToAllFunctions" computerName="DESKTOP-TJ9D65N" duration="00:00:00.0019339" startTime="2022-11-03T20:25:38.4081733+03:00" endTime="2022-11-03T20:25:38.4081734+03:00" testType="13cdc9d9-ddb5-4fa4-a97d-d965ccfc6d4b" outcome="Passed" testListId="8c84fa94-04c1-424b-9868-57a2d4851a1d" relativeResultsDirectory="52e17786-ba61-4bb5-87b5-5620abe65589" />
    <UnitTestResult executionId="bf080ab9-45d5-401e-a753-3051ff71d8c2" testId="fa960c5e-f989-2880-784e-8efe538c5231" testName="BL.Tests.CheckPermissionsServiceTests.UnauthorizedHasNoAccessToAuthorizedFunctions(functionName: &quot;LogOutAsync&quot;)" computerName="DESKTOP-TJ9D65N" duration="00:00:00.0018756" startTime="2022-11-03T20:25:38.2533880+03:00" endTime="2022-11-03T20:25:38.2533881+03:00" testType="13cdc9d9-ddb5-4fa4-a97d-d965ccfc6d4b" outcome="Passed" testListId="8c84fa94-04c1-424b-9868-57a2d4851a1d" relativeResultsDirectory="bf080ab9-45d5-401e-a753-3051ff71d8c2" />
    <UnitTestResult executionId="99bf99b6-bf69-4bdf-9ae4-d995df292dd7" testId="06d0bc3a-24a0-fb7f-4277-e9ae6d21c7dd" testName="BL.Tests.UsersServiceTests.TestAdminUpdateUser" computerName="DESKTOP-TJ9D65N" duration="00:00:00.0095201" startTime="2022-11-03T20:25:38.2722311+03:00" endTime="2022-11-03T20:25:38.2722311+03:00" testType="13cdc9d9-ddb5-4fa4-a97d-d965ccfc6d4b" outcome="Passed" testListId="8c84fa94-04c1-424b-9868-57a2d4851a1d" relativeResultsDirectory="99bf99b6-bf69-4bdf-9ae4-d995df292dd7" />
    <UnitTestResult executionId="6d3e5c13-95a7-4096-a88a-44ea1392d2c9" testId="0eeef75f-6e38-7893-a8fe-cff3e0a970a7" testName="BL.Tests.UsersServiceTests.TestRegisterOk" computerName="DESKTOP-TJ9D65N" duration="00:00:00.0104128" startTime="2022-11-03T20:25:38.2969365+03:00" endTime="2022-11-03T20:25:38.2969366+03:00" testType="13cdc9d9-ddb5-4fa4-a97d-d965ccfc6d4b" outcome="Passed" testListId="8c84fa94-04c1-424b-9868-57a2d4851a1d" relativeResultsDirectory="6d3e5c13-95a7-4096-a88a-44ea1392d2c9" />
    <UnitTestResult executionId="329156f1-78a4-4c4d-b10a-bc9a8b83dcd8" testId="28d95762-262c-f142-d31f-4e7f6174e378" testName="BL.Tests.TurnstilesServiceTest.TestAdminGetTurnstilesAsync(userID: 45, initialTurnstiles: [Turnstile { TurnstileID = 138, LiftID = 173, IsOpen = True }, Turnstile { TurnstileID = 51, LiftID = 58, IsOpen = False }, Turnstile { TurnstileID = 112, LiftID = 24, IsOpen = True }], checkPermissionServiceMock: Mock&lt;ICheckPermissionService:13&gt;, turnstilesRepositoryStub: Mock&lt;ITurnstilesRepository:7&gt;, sut: TurnstilesService { })" computerName="DESKTOP-TJ9D65N" duration="00:00:00.0083575" startTime="2022-11-03T20:25:38.2818456+03:00" endTime="2022-11-03T20:25:38.2818457+03:00" testType="13cdc9d9-ddb5-4fa4-a97d-d965ccfc6d4b" outcome="Passed" testListId="8c84fa94-04c1-424b-9868-57a2d4851a1d" relativeResultsDirectory="329156f1-78a4-4c4d-b10a-bc9a8b83dcd8" />
    <UnitTestResult executionId="6dccb2b8-d53e-4cff-832d-7c57f3efba43" testId="609bebb1-aa7c-e99e-3c95-31786c9ade7d" testName="BL.Tests.LiftsSlopesServiceTests.TestAdminDeleteLiftSlopeAsync(lift: Lift { LiftID = 85, LiftName = liftNamebedbf926-3558-4363-a94d-8ed4bd96a781, IsOpen = True, SeatsAmount = 141, LiftingTime = 250, QueueTime = 39, ConnectedSlopes =  }, slope: Slope { SlopeID = 129, SlopeName = slopeName76af2706-18bc-4e1f-b780-43efe48a59aa, IsOpen = False, DifficultyLevel = 97, ConnectedLifts =  }, slopesRepositoryStub: Mock&lt;ISlopesRepository:2&gt;, liftsRepositoryStub: Mock&lt;ILiftsRepository:7&gt;, liftsSlopesRepositoryStub: Mock&lt;ILiftsSlopesRepository:7&gt;)" computerName="DESKTOP-TJ9D65N" duration="00:00:00.0106215" startTime="2022-11-03T20:25:38.2468697+03:00" endTime="2022-11-03T20:25:38.2468698+03:00" testType="13cdc9d9-ddb5-4fa4-a97d-d965ccfc6d4b" outcome="Passed" testListId="8c84fa94-04c1-424b-9868-57a2d4851a1d" relativeResultsDirectory="6dccb2b8-d53e-4cff-832d-7c57f3efba43" />
    <UnitTestResult executionId="86a7e624-46dd-497c-8b3f-a6e806ff367d" testId="ed30cc6c-6b7c-96bc-8912-6d5fd93e3cbd" testName="BL.Tests.SlopesServiceTest.TestAdminDeleteSlopeAsync(userID: 87, slope: Slope { SlopeID = 115, SlopeName = slopeName2efce969-39ca-4b5b-9c88-ba9e584e8837, IsOpen = True, DifficultyLevel = 213, ConnectedLifts =  }, checkPermissionServiceMock: Mock&lt;ICheckPermissionService:9&gt;, slopesRepositoryStub: Mock&lt;ISlopesRepository:7&gt;, liftsSlopesRepositoryStub: Mock&lt;ILiftsSlopesRepository:12&gt;, sut: SlopesService { })" computerName="DESKTOP-TJ9D65N" duration="00:00:00.0372855" startTime="2022-11-03T20:25:38.1412367+03:00" endTime="2022-11-03T20:25:38.1412368+03:00" testType="13cdc9d9-ddb5-4fa4-a97d-d965ccfc6d4b" outcome="Passed" testListId="8c84fa94-04c1-424b-9868-57a2d4851a1d" relativeResultsDirectory="86a7e624-46dd-497c-8b3f-a6e806ff367d" />
    <UnitTestResult executionId="e61ee1dd-06a3-4b99-bb78-d0543fdb00b5" testId="d591421e-8b68-5365-46a4-1af6f93af4d1" testName="BL.Tests.SlopesServiceTest.TestGetSlopeInfoAsync(userID: 8, slope: Slope { SlopeID = 10, SlopeName = slopeName59a16fee-0b83-4765-b93b-fabe225896f4, IsOpen = True, DifficultyLevel = 39, ConnectedLifts =  }, checkPermissionServiceMock: Mock&lt;ICheckPermissionService:6&gt;, slopesRepositoryStub: Mock&lt;ISlopesRepository:4&gt;, liftsSlopesRepositoryStub: Mock&lt;ILiftsSlopesRepository:9&gt;, sut: SlopesService { })" computerName="DESKTOP-TJ9D65N" duration="00:00:00.0113367" startTime="2022-11-03T20:25:38.2469082+03:00" endTime="2022-11-03T20:25:38.2469082+03:00" testType="13cdc9d9-ddb5-4fa4-a97d-d965ccfc6d4b" outcome="Passed" testListId="8c84fa94-04c1-424b-9868-57a2d4851a1d" relativeResultsDirectory="e61ee1dd-06a3-4b99-bb78-d0543fdb00b5" />
    <UnitTestResult executionId="bdf8067b-48f1-47c6-9350-07bce76b57dd" testId="f0fcb58f-fe47-a8a1-445e-88aec4ad1b1c" testName="BL.Tests.TurnstilesServiceTest.TestAdminDeleteTurnstileAsync(userID: 120, turnstile: Turnstile { TurnstileID = 111, LiftID = 250, IsOpen = True }, checkPermissionServiceMock: Mock&lt;ICheckPermissionService:15&gt;, turnstilesRepositoryStub: Mock&lt;ITurnstilesRepository:9&gt;, sut: TurnstilesService { })" computerName="DESKTOP-TJ9D65N" duration="00:00:00.0371776" startTime="2022-11-03T20:25:38.1373685+03:00" endTime="2022-11-03T20:25:38.1374010+03:00" testType="13cdc9d9-ddb5-4fa4-a97d-d965ccfc6d4b" outcome="Passed" testListId="8c84fa94-04c1-424b-9868-57a2d4851a1d" relativeResultsDirectory="bdf8067b-48f1-47c6-9350-07bce76b57dd" />
    <UnitTestResult executionId="defb6168-64b1-4257-9625-857cbb2fd356" testId="9a3d48e6-13ea-e826-3c3a-92d04426f1fc" testName="BL.Tests.LiftsServiceTest.TestAdminDeleteLiftAsync(userID: 103, lift: Lift { LiftID = 168, LiftName = liftName6680ab6d-7928-4a07-95ff-57567da7a95c, IsOpen = True, SeatsAmount = 4, LiftingTime = 45, QueueTime = 33, ConnectedSlopes =  }, checkPermissionServiceMock: Mock&lt;ICheckPermissionService:4&gt;, liftsRepositoryStub: Mock&lt;ILiftsRepository:4&gt;, liftsSlopesRepositoryStub: Mock&lt;ILiftsSlopesRepository:4&gt;, sut: LiftsService { })" computerName="DESKTOP-TJ9D65N" duration="00:00:00.0478832" startTime="2022-11-03T20:25:38.2714649+03:00" endTime="2022-11-03T20:25:38.2714649+03:00" testType="13cdc9d9-ddb5-4fa4-a97d-d965ccfc6d4b" outcome="Passed" testListId="8c84fa94-04c1-424b-9868-57a2d4851a1d" relativeResultsDirectory="defb6168-64b1-4257-9625-857cbb2fd356" />
    <UnitTestResult executionId="146f5be1-1b50-48ff-9239-568e3d61fb55" testId="32981e2e-fbdf-8f12-a71d-c9abe398f31b" testName="BL.Tests.LiftsServiceTest.TestUpdateLiftInfoAsync(userID: 137, lift: Lift { LiftID = 36, LiftName = liftName50591f12-9a03-4d0c-b68c-e578de05339c, IsOpen = True, SeatsAmount = 205, LiftingTime = 181, QueueTime = 204, ConnectedSlopes =  }, checkPermissionServiceMock: Mock&lt;ICheckPermissionService:3&gt;, liftsRepositoryStub: Mock&lt;ILiftsRepository:3&gt;, sut: LiftsService { })" computerName="DESKTOP-TJ9D65N" duration="00:00:00.0391213" startTime="2022-11-03T20:25:38.1412266+03:00" endTime="2022-11-03T20:25:38.1412266+03:00" testType="13cdc9d9-ddb5-4fa4-a97d-d965ccfc6d4b" outcome="Passed" testListId="8c84fa94-04c1-424b-9868-57a2d4851a1d" relativeResultsDirectory="146f5be1-1b50-48ff-9239-568e3d61fb55" />
    <UnitTestResult executionId="de1412ab-cf07-4488-90fa-9a1ee3ca56aa" testId="834c739b-eca4-b36d-6a66-5a1bd75377b8" testName="BL.Tests.UsersServiceTests.TestAdminAddAutoIncrementUser" computerName="DESKTOP-TJ9D65N" duration="00:00:00.0056536" startTime="2022-11-03T20:25:38.3419410+03:00" endTime="2022-11-03T20:25:38.3419411+03:00" testType="13cdc9d9-ddb5-4fa4-a97d-d965ccfc6d4b" outcome="Passed" testListId="8c84fa94-04c1-424b-9868-57a2d4851a1d" relativeResultsDirectory="de1412ab-cf07-4488-90fa-9a1ee3ca56aa" />
    <UnitTestResult executionId="78e319de-1cd7-4553-9112-277096d9207a" testId="60bd668f-04df-da5e-b79b-5d9aedb5234d" testName="BL.Tests.CheckPermissionsServiceTests.SkiPatrolHasAccessToAdminSkiPatrolFunctions(functionName: &quot;MarkMessageReadByUserAsync&quot;)" computerName="DESKTOP-TJ9D65N" duration="00:00:00.0013175" startTime="2022-11-03T20:25:38.2914191+03:00" endTime="2022-11-03T20:25:38.2914192+03:00" testType="13cdc9d9-ddb5-4fa4-a97d-d965ccfc6d4b" outcome="Passed" testListId="8c84fa94-04c1-424b-9868-57a2d4851a1d" relativeResultsDirectory="78e319de-1cd7-4553-9112-277096d9207a" />
    <UnitTestResult executionId="a8634475-fdbe-4a35-90af-4355765ab5ca" testId="a2e59116-cb53-1d70-9cb8-21c286516866" testName="BL.Tests.CheckPermissionsServiceTests.AuthorizedHasNoAccessToAdminFunctions" computerName="DESKTOP-TJ9D65N" duration="00:00:00.0035628" startTime="2022-11-03T20:25:38.3248986+03:00" endTime="2022-11-03T20:25:38.3248987+03:00" testType="13cdc9d9-ddb5-4fa4-a97d-d965ccfc6d4b" outcome="Passed" testListId="8c84fa94-04c1-424b-9868-57a2d4851a1d" relativeResultsDirectory="a8634475-fdbe-4a35-90af-4355765ab5ca" />
    <UnitTestResult executionId="3d5f53bb-8dbc-4f02-8f9b-48ae94e197ca" testId="b97b748b-306a-70cf-7303-155dd011f5b5" testName="BL.Tests.LiftsServiceTest.TestAdminAddAutoIncrementLiftAsync(userID: 43, lift: Lift { LiftID = 189, LiftName = liftName1227cba4-ae99-4fdf-95bd-3bf3f8ab8210, IsOpen = True, SeatsAmount = 229, LiftingTime = 96, QueueTime = 219, ConnectedSlopes =  }, checkPermissionServiceMock: Mock&lt;ICheckPermissionService:5&gt;, liftsRepositoryStub: Mock&lt;ILiftsRepository:5&gt;, sut: LiftsService { })" computerName="DESKTOP-TJ9D65N" duration="00:00:00.0091208" startTime="2022-11-03T20:25:38.2914588+03:00" endTime="2022-11-03T20:25:38.2914588+03:00" testType="13cdc9d9-ddb5-4fa4-a97d-d965ccfc6d4b" outcome="Passed" testListId="8c84fa94-04c1-424b-9868-57a2d4851a1d" relativeResultsDirectory="3d5f53bb-8dbc-4f02-8f9b-48ae94e197ca" />
    <UnitTestResult executionId="3aa6bdc1-d1bd-4a32-b411-1b10c851aa2a" testId="492c0393-35b4-df26-a537-21ca08302f3c" testName="BL.Tests.CheckPermissionsServiceTests.SkiPatrolHasNoAccessToAdminFunctions" computerName="DESKTOP-TJ9D65N" duration="00:00:00.0023151" startTime="2022-11-03T20:25:38.3962315+03:00" endTime="2022-11-03T20:25:38.3962316+03:00" testType="13cdc9d9-ddb5-4fa4-a97d-d965ccfc6d4b" outcome="Passed" testListId="8c84fa94-04c1-424b-9868-57a2d4851a1d" relativeResultsDirectory="3aa6bdc1-d1bd-4a32-b411-1b10c851aa2a" />
    <UnitTestResult executionId="a2ffba09-7e30-4972-8f19-3fe3bebfaf3d" testId="e429852d-a6ed-7c2a-25fd-cd839b159d56" testName="BL.Tests.LiftsSlopesServiceTests.TestGetLiftsSlopesInfoAsync(liftsSlopes: [LiftSlope { RecordID = 148, LiftID = 177, SlopeID = 4 }, LiftSlope { RecordID = 29, LiftID = 203, SlopeID = 62 }, LiftSlope { RecordID = 9, LiftID = 101, SlopeID = 141 }], slopesRepositoryStub: Mock&lt;ISlopesRepository:1&gt;, liftsRepositoryStub: Mock&lt;ILiftsRepository:6&gt;, liftsSlopesRepositoryStub: Mock&lt;ILiftsSlopesRepository:6&gt;)" computerName="DESKTOP-TJ9D65N" duration="00:00:00.0441892" startTime="2022-11-03T20:25:38.1412857+03:00" endTime="2022-11-03T20:25:38.1412857+03:00" testType="13cdc9d9-ddb5-4fa4-a97d-d965ccfc6d4b" outcome="Passed" testListId="8c84fa94-04c1-424b-9868-57a2d4851a1d" relativeResultsDirectory="a2ffba09-7e30-4972-8f19-3fe3bebfaf3d" />
    <UnitTestResult executionId="e2daa960-cdba-4a1b-ab01-70d4b9aae0d5" testId="e6bcbb62-e0cc-ced6-431d-d00c73df84a8" testName="BL.Tests.LiftsServiceTest.TestGetLiftInfoAsync(userID: 103, lift: Lift { LiftID = 248, LiftName = liftName6d8e3ecd-e99d-44ce-b1fd-c43c9ad7a0d5, IsOpen = True, SeatsAmount = 25, LiftingTime = 152, QueueTime = 34, ConnectedSlopes =  }, checkPermissionServiceMock: Mock&lt;ICheckPermissionService:1&gt;, liftsRepositoryStub: Mock&lt;ILiftsRepository:1&gt;, liftsSlopesRepositoryStub: Mock&lt;ILiftsSlopesRepository:1&gt;, sut: LiftsService { })" computerName="DESKTOP-TJ9D65N" duration="00:00:00.0113376" startTime="2022-11-03T20:25:38.2469226+03:00" endTime="2022-11-03T20:25:38.2469226+03:00" testType="13cdc9d9-ddb5-4fa4-a97d-d965ccfc6d4b" outcome="Passed" testListId="8c84fa94-04c1-424b-9868-57a2d4851a1d" relativeResultsDirectory="e2daa960-cdba-4a1b-ab01-70d4b9aae0d5" />
    <UnitTestResult executionId="b7c4604a-6378-48a4-bfff-b69bc5f19c95" testId="20ad8570-0170-85de-dcd7-2f109dd7bcd6" testName="BL.Tests.UsersServiceTests.TestAdminGetUsers" computerName="DESKTOP-TJ9D65N" duration="00:00:00.0443135" startTime="2022-11-03T20:25:38.1412983+03:00" endTime="2022-11-03T20:25:38.1412984+03:00" testType="13cdc9d9-ddb5-4fa4-a97d-d965ccfc6d4b" outcome="Passed" testListId="8c84fa94-04c1-424b-9868-57a2d4851a1d" relativeResultsDirectory="b7c4604a-6378-48a4-bfff-b69bc5f19c95" />
    <UnitTestResult executionId="ba10923f-5394-42ac-85d4-13a89c1df41d" testId="387c9729-48c1-486e-5e67-f5d11a9f0db8" testName="BL.Tests.CheckPermissionsServiceTests.UnauthorizedHasNoAccessToAdminSkiPatrolFunctions(functionName: &quot;GetLiftsSlopesInfoAsync&quot;)" computerName="DESKTOP-TJ9D65N" duration="00:00:00.0020076" startTime="2022-11-03T20:25:38.2463555+03:00" endTime="2022-11-03T20:25:38.2463556+03:00" testType="13cdc9d9-ddb5-4fa4-a97d-d965ccfc6d4b" outcome="Passed" testListId="8c84fa94-04c1-424b-9868-57a2d4851a1d" relativeResultsDirectory="ba10923f-5394-42ac-85d4-13a89c1df41d" />
    <UnitTestResult executionId="36ba1b1d-047c-40b6-891e-5f0e9e81dc0d" testId="894941c1-bfa7-d8f9-c047-1e1ceefe2c2f" testName="BL.Tests.UsersServiceTests.TestRegisterUserWithRepeatedEmail" computerName="DESKTOP-TJ9D65N" duration="00:00:00.0046660" startTime="2022-11-03T20:25:38.2484933+03:00" endTime="2022-11-03T20:25:38.2484934+03:00" testType="13cdc9d9-ddb5-4fa4-a97d-d965ccfc6d4b" outcome="Passed" testListId="8c84fa94-04c1-424b-9868-57a2d4851a1d" relativeResultsDirectory="36ba1b1d-047c-40b6-891e-5f0e9e81dc0d" />
    <UnitTestResult executionId="e0f72d1f-32d4-4b95-94a1-50f7902564e6" testId="eaabd2fc-2f4b-5689-59c8-c7ad34a8f634" testName="BL.Tests.CheckPermissionsServiceTests.UnauthorizedHasNoAccessToAuthorizedFunctions(functionName: &quot;SendMessageAsync&quot;)" computerName="DESKTOP-TJ9D65N" duration="00:00:00.0041507" startTime="2022-11-03T20:25:38.2484135+03:00" endTime="2022-11-03T20:25:38.2484136+03:00" testType="13cdc9d9-ddb5-4fa4-a97d-d965ccfc6d4b" outcome="Passed" testListId="8c84fa94-04c1-424b-9868-57a2d4851a1d" relativeResultsDirectory="e0f72d1f-32d4-4b95-94a1-50f7902564e6" />
    <UnitTestResult executionId="11302bcc-7d45-419e-b30b-46843571cd46" testId="4f297306-d4f3-8d63-e7f4-1ac0b8c58c74" testName="BL.Tests.CheckPermissionsServiceTests.AuthorizedHasNoAccessToAdminSkiPatrolFunctions(functionName: &quot;GetLiftsSlopesInfoAsync&quot;)" computerName="DESKTOP-TJ9D65N" duration="00:00:00.0012613" startTime="2022-11-03T20:25:38.3562185+03:00" endTime="2022-11-03T20:25:38.3562185+03:00" testType="13cdc9d9-ddb5-4fa4-a97d-d965ccfc6d4b" outcome="Passed" testListId="8c84fa94-04c1-424b-9868-57a2d4851a1d" relativeResultsDirectory="11302bcc-7d45-419e-b30b-46843571cd46" />
    <UnitTestResult executionId="9c5b7db2-7411-49a6-ae1e-314ed4b503c4" testId="1a6683e1-51ea-c5e5-75c9-73707d4ce963" testName="BL.Tests.TurnstilesServiceTest.TestAdminAddAutoIncrementTurnstileAsync(userID: 112, turnstile: Turnstile { TurnstileID = 123, LiftID = 145, IsOpen = True }, checkPermissionServiceMock: Mock&lt;ICheckPermissionService:16&gt;, turnstilesRepositoryStub: Mock&lt;ITurnstilesRepository:10&gt;, sut: TurnstilesService { })" computerName="DESKTOP-TJ9D65N" duration="00:00:00.0161738" startTime="2022-11-03T20:25:38.2470146+03:00" endTime="2022-11-03T20:25:38.2470146+03:00" testType="13cdc9d9-ddb5-4fa4-a97d-d965ccfc6d4b" outcome="Passed" testListId="8c84fa94-04c1-424b-9868-57a2d4851a1d" relativeResultsDirectory="9c5b7db2-7411-49a6-ae1e-314ed4b503c4" />
    <UnitTestResult executionId="9eedfdcb-0bce-4a25-bbe1-55da64ea6106" testId="f44a1b21-8efc-bfac-63b4-d534442def31" testName="BL.Tests.UsersServiceTests.TestRegisterUserWithNoPassword" computerName="DESKTOP-TJ9D65N" duration="00:00:00.0015992" startTime="2022-11-03T20:25:38.2471016+03:00" endTime="2022-11-03T20:25:38.2471017+03:00" testType="13cdc9d9-ddb5-4fa4-a97d-d965ccfc6d4b" outcome="Passed" testListId="8c84fa94-04c1-424b-9868-57a2d4851a1d" relativeResultsDirectory="9eedfdcb-0bce-4a25-bbe1-55da64ea6106" />
    <UnitTestResult executionId="246e0a49-37c4-452e-90ce-705cc4192d1b" testId="f55e35dc-3fde-a152-0640-5eb446652519" testName="BL.Tests.LiftsServiceTest.TestGetLiftsInfoAsync(userID: 255, initialLifts: [Lift { LiftID = 7, LiftName = liftName85f31826-5c1c-4712-a53a-97cd1466fc9a, IsOpen = True, SeatsAmount = 189, LiftingTime = 216, QueueTime = 39, ConnectedSlopes =  }, Lift { LiftID = 197, LiftName = liftName7b6f6d9f-aef6-402c-ae7a-7340be448f94, IsOpen = False, SeatsAmount = 9, LiftingTime = 32, QueueTime = 8, ConnectedSlopes =  }, Lift { LiftID = 144, LiftName = liftName0fcc1979-6ac7-4f69-8cb7-96a00f2a6b87, IsOpen = True, SeatsAmount = 164, LiftingTime = 46, QueueTime = 220, ConnectedSlopes =  }], checkPermissionServiceMock: Mock&lt;ICheckPermissionService:2&gt;, liftsRepositoryStub: Mock&lt;ILiftsRepository:2&gt;, liftsSlopesRepositoryStub: Mock&lt;ILiftsSlopesRepository:2&gt;, sut: LiftsService { })" computerName="DESKTOP-TJ9D65N" duration="00:00:00.0115933" startTime="2022-11-03T20:25:38.3128157+03:00" endTime="2022-11-03T20:25:38.3128158+03:00" testType="13cdc9d9-ddb5-4fa4-a97d-d965ccfc6d4b" outcome="Passed" testListId="8c84fa94-04c1-424b-9868-57a2d4851a1d" relativeResultsDirectory="246e0a49-37c4-452e-90ce-705cc4192d1b" />
    <UnitTestResult executionId="feca6351-bcd3-4473-957b-e8e7e281945d" testId="9bd9618c-f839-ea42-fa3b-795c4ea4fadf" testName="BL.Tests.TurnstilesServiceTest.TestAdminGetTurnstileAsync(userID: 121, turnstile: Turnstile { TurnstileID = 164, LiftID = 92, IsOpen = True }, checkPermissionServiceMock: Mock&lt;ICheckPermissionService:12&gt;, turnstilesRepositoryStub: Mock&lt;ITurnstilesRepository:6&gt;, sut: TurnstilesService { })" computerName="DESKTOP-TJ9D65N" duration="00:00:00.0034051" startTime="2022-11-03T20:25:38.2578973+03:00" endTime="2022-11-03T20:25:38.2578974+03:00" testType="13cdc9d9-ddb5-4fa4-a97d-d965ccfc6d4b" outcome="Passed" testListId="8c84fa94-04c1-424b-9868-57a2d4851a1d" relativeResultsDirectory="feca6351-bcd3-4473-957b-e8e7e281945d" />
    <UnitTestResult executionId="c4ff9bfe-5d81-4b9c-9f5a-7ff24fa3e13d" testId="bc5976bc-f75a-0bf4-fac2-051b2c4a1bd5" testName="BL.Tests.SlopesServiceTest.TestAdminAddAutoIncrementSlopeAsync(userID: 37, slope: Slope { SlopeID = 223, SlopeName = slopeNamec6ec8a92-0fca-482c-897b-c7c0d29f4661, IsOpen = True, DifficultyLevel = 41, ConnectedLifts =  }, checkPermissionServiceMock: Mock&lt;ICheckPermissionService:10&gt;, slopesRepositoryStub: Mock&lt;ISlopesRepository:8&gt;, sut: SlopesService { })" computerName="DESKTOP-TJ9D65N" duration="00:00:00.0074203" startTime="2022-11-03T20:25:38.3071586+03:00" endTime="2022-11-03T20:25:38.3071586+03:00" testType="13cdc9d9-ddb5-4fa4-a97d-d965ccfc6d4b" outcome="Passed" testListId="8c84fa94-04c1-424b-9868-57a2d4851a1d" relativeResultsDirectory="c4ff9bfe-5d81-4b9c-9f5a-7ff24fa3e13d" />
    <UnitTestResult executionId="000065f8-6367-41be-b3b5-49de7a8ff507" testId="2d706594-f2b3-b3c8-21d4-86c9798c3306" testName="BL.Tests.CheckPermissionsServiceTests.SkiPatrolHasAccessToAdminSkiPatrolFunctions(functionName: &quot;GetLiftsSlopesInfoAsync&quot;)" computerName="DESKTOP-TJ9D65N" duration="00:00:00.0059347" startTime="2022-11-03T20:25:38.2774152+03:00" endTime="2022-11-03T20:25:38.2774153+03:00" testType="13cdc9d9-ddb5-4fa4-a97d-d965ccfc6d4b" outcome="Passed" testListId="8c84fa94-04c1-424b-9868-57a2d4851a1d" relativeResultsDirectory="000065f8-6367-41be-b3b5-49de7a8ff507" />
    <UnitTestResult executionId="8bf9e600-3175-426b-bd3a-0a75cc2ed5eb" testId="cd3e9bcc-f2ab-4ba8-7a82-bb8bf16fdfff" testName="BL.Tests.SlopesServiceTest.TestUpdateSlopeInfoAsync(userID: 78, slope: Slope { SlopeID = 128, SlopeName = slopeNamec96b3644-d0e2-4d7d-b882-33eb1a794e68, IsOpen = True, DifficultyLevel = 146, ConnectedLifts =  }, checkPermissionServiceMock: Mock&lt;ICheckPermissionService:8&gt;, slopesRepositoryStub: Mock&lt;ISlopesRepository:6&gt;, sut: SlopesService { })" computerName="DESKTOP-TJ9D65N" duration="00:00:00.0066368" startTime="2022-11-03T20:25:38.2483477+03:00" endTime="2022-11-03T20:25:38.2483477+03:00" testType="13cdc9d9-ddb5-4fa4-a97d-d965ccfc6d4b" outcome="Passed" testListId="8c84fa94-04c1-424b-9868-57a2d4851a1d" relativeResultsDirectory="8bf9e600-3175-426b-bd3a-0a75cc2ed5eb" />
  </Results>
  <TestDefinitions>
    <UnitTest name="BL.Tests.LiftsSlopesServiceTests.TestAdminAddAutoIncrementLiftSlopeAsync(lift: Lift { LiftID = 47, LiftName = liftName7fa7f266-73ac-4e01-9459-e759b6ba5583, IsOpen = True, SeatsAmount = 225, LiftingTime = 110, QueueTime = 136, ConnectedSlopes =  }, slope: Slope { SlopeID = 17, SlopeName = slopeName15ba07db-44fe-4463-8a73-244ba94fcfb4, IsOpen = False, DifficultyLevel = 226, ConnectedLifts =  }, slopesRepositoryStub: Mock&lt;ISlopesRepository:3&gt;,..." storage="/mnt/c/users/alena/desktop/7_sem/testing_and_debugging/skiresort/bl.tests/bin/debug/net6.0/bl.tests.dll" id="b9c5945f-aed5-035f-8001-797427a063e4">
      <Execution id="3f8a379b-28df-42cc-99f0-c2f2a80796b9" />
      <TestMethod codeBase="/mnt/c/Users/alena/Desktop/7_sem/testing_and_debugging/SkiResort/BL.Tests/bin/Debug/net6.0/BL.Tests.dll" adapterTypeName="executor://xunit/VsTestRunner2/netcoreapp" className="BL.Tests.LiftsSlopesServiceTests" name="TestAdminAddAutoIncrementLiftSlopeAsync" />
    </UnitTest>
    <UnitTest name="BL.Tests.UsersServiceTests.TestAdminAddAutoIncrementUser" storage="/mnt/c/users/alena/desktop/7_sem/testing_and_debugging/skiresort/bl.tests/bin/debug/net6.0/bl.tests.dll" id="834c739b-eca4-b36d-6a66-5a1bd75377b8">
      <Execution id="de1412ab-cf07-4488-90fa-9a1ee3ca56aa" />
      <TestMethod codeBase="/mnt/c/Users/alena/Desktop/7_sem/testing_and_debugging/SkiResort/BL.Tests/bin/Debug/net6.0/BL.Tests.dll" adapterTypeName="executor://xunit/VsTestRunner2/netcoreapp" className="BL.Tests.UsersServiceTests" name="TestAdminAddAutoIncrementUser" />
    </UnitTest>
    <UnitTest name="BL.Tests.CheckPermissionsServiceTests.SkiPatrolHasAccessToAdminSkiPatrolFunctions(functionName: &quot;MarkMessageReadByUserAsync&quot;)" storage="/mnt/c/users/alena/desktop/7_sem/testing_and_debugging/skiresort/bl.tests/bin/debug/net6.0/bl.tests.dll" id="60bd668f-04df-da5e-b79b-5d9aedb5234d">
      <Execution id="78e319de-1cd7-4553-9112-277096d9207a" />
      <TestMethod codeBase="/mnt/c/Users/alena/Desktop/7_sem/testing_and_debugging/SkiResort/BL.Tests/bin/Debug/net6.0/BL.Tests.dll" adapterTypeName="executor://xunit/VsTestRunner2/netcoreapp" className="BL.Tests.CheckPermissionsServiceTests" name="SkiPatrolHasAccessToAdminSkiPatrolFunctions" />
    </UnitTest>
    <UnitTest name="BL.Tests.CheckPermissionsServiceTests.AuthorizedHasAccessToAuthorizedFunctions(functionName: &quot;SendMessageAsync&quot;)" storage="/mnt/c/users/alena/desktop/7_sem/testing_and_debugging/skiresort/bl.tests/bin/debug/net6.0/bl.tests.dll" id="644ec43e-70cd-c82d-42e7-0d990be1414d">
      <Execution id="6ccd7c58-732f-45d1-b706-4f10396b196b" />
      <TestMethod codeBase="/mnt/c/Users/alena/Desktop/7_sem/testing_and_debugging/SkiResort/BL.Tests/bin/Debug/net6.0/BL.Tests.dll" adapterTypeName="executor://xunit/VsTestRunner2/netcoreapp" className="BL.Tests.CheckPermissionsServiceTests" name="AuthorizedHasAccessToAuthorizedFunctions" />
    </UnitTest>
    <UnitTest name="BL.Tests.LiftsServiceTest.TestGetLiftInfoAsync(userID: 103, lift: Lift { LiftID = 248, LiftName = liftName6d8e3ecd-e99d-44ce-b1fd-c43c9ad7a0d5, IsOpen = True, SeatsAmount = 25, LiftingTime = 152, QueueTime = 34, ConnectedSlopes =  }, checkPermissionServiceMock: Mock&lt;ICheckPermissionService:1&gt;, liftsRepositoryStub: Mock&lt;ILiftsRepository:1&gt;, liftsSlopesRepositoryStub: Mock&lt;ILiftsSlopesRepository:1&gt;, sut: LiftsService { })" storage="/mnt/c/users/alena/desktop/7_sem/testing_and_debugging/skiresort/bl.tests/bin/debug/net6.0/bl.tests.dll" id="e6bcbb62-e0cc-ced6-431d-d00c73df84a8">
      <Execution id="e2daa960-cdba-4a1b-ab01-70d4b9aae0d5" />
      <TestMethod codeBase="/mnt/c/Users/alena/Desktop/7_sem/testing_and_debugging/SkiResort/BL.Tests/bin/Debug/net6.0/BL.Tests.dll" adapterTypeName="executor://xunit/VsTestRunner2/netcoreapp" className="BL.Tests.LiftsServiceTest" name="TestGetLiftInfoAsync" />
    </UnitTest>
    <UnitTest name="BL.Tests.SlopesServiceTest.TestAdminAddAutoIncrementSlopeAsync(userID: 37, slope: Slope { SlopeID = 223, SlopeName = slopeNamec6ec8a92-0fca-482c-897b-c7c0d29f4661, IsOpen = True, DifficultyLevel = 41, ConnectedLifts =  }, checkPermissionServiceMock: Mock&lt;ICheckPermissionService:10&gt;, slopesRepositoryStub: Mock&lt;ISlopesRepository:8&gt;, sut: SlopesService { })" storage="/mnt/c/users/alena/desktop/7_sem/testing_and_debugging/skiresort/bl.tests/bin/debug/net6.0/bl.tests.dll" id="bc5976bc-f75a-0bf4-fac2-051b2c4a1bd5">
      <Execution id="c4ff9bfe-5d81-4b9c-9f5a-7ff24fa3e13d" />
      <TestMethod codeBase="/mnt/c/Users/alena/Desktop/7_sem/testing_and_debugging/SkiResort/BL.Tests/bin/Debug/net6.0/BL.Tests.dll" adapterTypeName="executor://xunit/VsTestRunner2/netcoreapp" className="BL.Tests.SlopesServiceTest" name="TestAdminAddAutoIncrementSlopeAsync" />
    </UnitTest>
    <UnitTest name="BL.Tests.TurnstilesServiceTest.TestAdminUpdateTurnstileAsync(userID: 222, turnstile: Turnstile { TurnstileID = 252, LiftID = 73, IsOpen = True }, checkPermissionServiceMock: Mock&lt;ICheckPermissionService:14&gt;, turnstilesRepositoryStub: Mock&lt;ITurnstilesRepository:8&gt;, sut: TurnstilesService { })" storage="/mnt/c/users/alena/desktop/7_sem/testing_and_debugging/skiresort/bl.tests/bin/debug/net6.0/bl.tests.dll" id="ebccd46f-6f28-d149-7813-6f10f3eb196e">
      <Execution id="5fef9cd5-f694-430d-a1e8-a95949555e81" />
      <TestMethod codeBase="/mnt/c/Users/alena/Desktop/7_sem/testing_and_debugging/SkiResort/BL.Tests/bin/Debug/net6.0/BL.Tests.dll" adapterTypeName="executor://xunit/VsTestRunner2/netcoreapp" className="BL.Tests.TurnstilesServiceTest" name="TestAdminUpdateTurnstileAsync" />
    </UnitTest>
    <UnitTest name="BL.Tests.CheckPermissionsServiceTests.AuthorizedHasNoAccessToAdminSkiPatrolFunctions(functionName: &quot;MarkMessageReadByUserAsync&quot;)" storage="/mnt/c/users/alena/desktop/7_sem/testing_and_debugging/skiresort/bl.tests/bin/debug/net6.0/bl.tests.dll" id="9c7df5e2-1b23-ebea-889f-b78ca86b60ab">
      <Execution id="a05017c9-8b4f-4a80-a241-f0ad20782d18" />
      <TestMethod codeBase="/mnt/c/Users/alena/Desktop/7_sem/testing_and_debugging/SkiResort/BL.Tests/bin/Debug/net6.0/BL.Tests.dll" adapterTypeName="executor://xunit/VsTestRunner2/netcoreapp" className="BL.Tests.CheckPermissionsServiceTests" name="AuthorizedHasNoAccessToAdminSkiPatrolFunctions" />
    </UnitTest>
    <UnitTest name="BL.Tests.CheckPermissionsServiceTests.UnauthorizedHasNoAccessToAuthorizedFunctions(functionName: &quot;SendMessageAsync&quot;)" storage="/mnt/c/users/alena/desktop/7_sem/testing_and_debugging/skiresort/bl.tests/bin/debug/net6.0/bl.tests.dll" id="eaabd2fc-2f4b-5689-59c8-c7ad34a8f634">
      <Execution id="e0f72d1f-32d4-4b95-94a1-50f7902564e6" />
      <TestMethod codeBase="/mnt/c/Users/alena/Desktop/7_sem/testing_and_debugging/SkiResort/BL.Tests/bin/Debug/net6.0/BL.Tests.dll" adapterTypeName="executor://xunit/VsTestRunner2/netcoreapp" className="BL.Tests.CheckPermissionsServiceTests" name="UnauthorizedHasNoAccessToAuthorizedFunctions" />
    </UnitTest>
    <UnitTest name="BL.Tests.CheckPermissionsServiceTests.AdminHasAccessToAllFunctions" storage="/mnt/c/users/alena/desktop/7_sem/testing_and_debugging/skiresort/bl.tests/bin/debug/net6.0/bl.tests.dll" id="f3efc418-a8a6-c7b7-9bac-90b33aa8472f">
      <Execution id="52e17786-ba61-4bb5-87b5-5620abe65589" />
      <TestMethod codeBase="/mnt/c/Users/alena/Desktop/7_sem/testing_and_debugging/SkiResort/BL.Tests/bin/Debug/net6.0/BL.Tests.dll" adapterTypeName="executor://xunit/VsTestRunner2/netcoreapp" className="BL.Tests.CheckPermissionsServiceTests" name="AdminHasAccessToAllFunctions" />
    </UnitTest>
    <UnitTest name="BL.Tests.LiftsServiceTest.TestAdminAddAutoIncrementLiftAsync(userID: 43, lift: Lift { LiftID = 189, LiftName = liftName1227cba4-ae99-4fdf-95bd-3bf3f8ab8210, IsOpen = True, SeatsAmount = 229, LiftingTime = 96, QueueTime = 219, ConnectedSlopes =  }, checkPermissionServiceMock: Mock&lt;ICheckPermissionService:5&gt;, liftsRepositoryStub: Mock&lt;ILiftsRepository:5&gt;, sut: LiftsService { })" storage="/mnt/c/users/alena/desktop/7_sem/testing_and_debugging/skiresort/bl.tests/bin/debug/net6.0/bl.tests.dll" id="b97b748b-306a-70cf-7303-155dd011f5b5">
      <Execution id="3d5f53bb-8dbc-4f02-8f9b-48ae94e197ca" />
      <TestMethod codeBase="/mnt/c/Users/alena/Desktop/7_sem/testing_and_debugging/SkiResort/BL.Tests/bin/Debug/net6.0/BL.Tests.dll" adapterTypeName="executor://xunit/VsTestRunner2/netcoreapp" className="BL.Tests.LiftsServiceTest" name="TestAdminAddAutoIncrementLiftAsync" />
    </UnitTest>
    <UnitTest name="BL.Tests.UsersServiceTests.TestLogInOk" storage="/mnt/c/users/alena/desktop/7_sem/testing_and_debugging/skiresort/bl.tests/bin/debug/net6.0/bl.tests.dll" id="1ca07ad8-f799-c5d4-e7cc-34fd950198a2">
      <Execution id="0c538935-3da6-4772-b671-9954b8b72b76" />
      <TestMethod codeBase="/mnt/c/Users/alena/Desktop/7_sem/testing_and_debugging/SkiResort/BL.Tests/bin/Debug/net6.0/BL.Tests.dll" adapterTypeName="executor://xunit/VsTestRunner2/netcoreapp" className="BL.Tests.UsersServiceTests" name="TestLogInOk" />
    </UnitTest>
    <UnitTest name="BL.Tests.CheckPermissionsServiceTests.UnauthorizedHasNoAccessToAdminSkiPatrolFunctions(functionName: &quot;MarkMessageReadByUserAsync&quot;)" storage="/mnt/c/users/alena/desktop/7_sem/testing_and_debugging/skiresort/bl.tests/bin/debug/net6.0/bl.tests.dll" id="a19a5fcf-c5d2-7d44-5d7d-84403042f4e0">
      <Execution id="2c48d959-f640-41be-8db8-5f8163e1f72e" />
      <TestMethod codeBase="/mnt/c/Users/alena/Desktop/7_sem/testing_and_debugging/SkiResort/BL.Tests/bin/Debug/net6.0/BL.Tests.dll" adapterTypeName="executor://xunit/VsTestRunner2/netcoreapp" className="BL.Tests.CheckPermissionsServiceTests" name="UnauthorizedHasNoAccessToAdminSkiPatrolFunctions" />
    </UnitTest>
    <UnitTest name="BL.Tests.SlopesServiceTest.TestAdminDeleteSlopeAsync(userID: 87, slope: Slope { SlopeID = 115, SlopeName = slopeName2efce969-39ca-4b5b-9c88-ba9e584e8837, IsOpen = True, DifficultyLevel = 213, ConnectedLifts =  }, checkPermissionServiceMock: Mock&lt;ICheckPermissionService:9&gt;, slopesRepositoryStub: Mock&lt;ISlopesRepository:7&gt;, liftsSlopesRepositoryStub: Mock&lt;ILiftsSlopesRepository:12&gt;, sut: SlopesService { })" storage="/mnt/c/users/alena/desktop/7_sem/testing_and_debugging/skiresort/bl.tests/bin/debug/net6.0/bl.tests.dll" id="ed30cc6c-6b7c-96bc-8912-6d5fd93e3cbd">
      <Execution id="86a7e624-46dd-497c-8b3f-a6e806ff367d" />
      <TestMethod codeBase="/mnt/c/Users/alena/Desktop/7_sem/testing_and_debugging/SkiResort/BL.Tests/bin/Debug/net6.0/BL.Tests.dll" adapterTypeName="executor://xunit/VsTestRunner2/netcoreapp" className="BL.Tests.SlopesServiceTest" name="TestAdminDeleteSlopeAsync" />
    </UnitTest>
    <UnitTest name="BL.Tests.LiftsServiceTest.TestGetLiftsInfoAsync(userID: 255, initialLifts: [Lift { LiftID = 7, LiftName = liftName85f31826-5c1c-4712-a53a-97cd1466fc9a, IsOpen = True, SeatsAmount = 189, LiftingTime = 216, QueueTime = 39, ConnectedSlopes =  }, Lift { LiftID = 197, LiftName = liftName7b6f6d9f-aef6-402c-ae7a-7340be448f94, IsOpen = False, SeatsAmount = 9, LiftingTime = 32, QueueTime = 8, ConnectedSlopes =  }, Lift { LiftID = 144, LiftName = lif..." storage="/mnt/c/users/alena/desktop/7_sem/testing_and_debugging/skiresort/bl.tests/bin/debug/net6.0/bl.tests.dll" id="f55e35dc-3fde-a152-0640-5eb446652519">
      <Execution id="246e0a49-37c4-452e-90ce-705cc4192d1b" />
      <TestMethod codeBase="/mnt/c/Users/alena/Desktop/7_sem/testing_and_debugging/SkiResort/BL.Tests/bin/Debug/net6.0/BL.Tests.dll" adapterTypeName="executor://xunit/VsTestRunner2/netcoreapp" className="BL.Tests.LiftsServiceTest" name="TestGetLiftsInfoAsync" />
    </UnitTest>
    <UnitTest name="BL.Tests.CheckPermissionsServiceTests.AuthorizedHasAccessToAuthorizedFunctions(functionName: &quot;LogOutAsync&quot;)" storage="/mnt/c/users/alena/desktop/7_sem/testing_and_debugging/skiresort/bl.tests/bin/debug/net6.0/bl.tests.dll" id="aa28a6b3-21d3-aa45-24d3-bef2facbc899">
      <Execution id="c1d86610-0292-4f28-877c-55f0958ead6e" />
      <TestMethod codeBase="/mnt/c/Users/alena/Desktop/7_sem/testing_and_debugging/SkiResort/BL.Tests/bin/Debug/net6.0/BL.Tests.dll" adapterTypeName="executor://xunit/VsTestRunner2/netcoreapp" className="BL.Tests.CheckPermissionsServiceTests" name="AuthorizedHasAccessToAuthorizedFunctions" />
    </UnitTest>
    <UnitTest name="BL.Tests.CheckPermissionsServiceTests.SkiPatrolHasAccessToAdminSkiPatrolFunctions(functionName: &quot;GetMessagesAsync&quot;)" storage="/mnt/c/users/alena/desktop/7_sem/testing_and_debugging/skiresort/bl.tests/bin/debug/net6.0/bl.tests.dll" id="c36970dc-93f7-753e-fa47-157133b01644">
      <Execution id="fdb4c311-d895-444c-8c89-366cabecb727" />
      <TestMethod codeBase="/mnt/c/Users/alena/Desktop/7_sem/testing_and_debugging/SkiResort/BL.Tests/bin/Debug/net6.0/BL.Tests.dll" adapterTypeName="executor://xunit/VsTestRunner2/netcoreapp" className="BL.Tests.CheckPermissionsServiceTests" name="SkiPatrolHasAccessToAdminSkiPatrolFunctions" />
    </UnitTest>
    <UnitTest name="BL.Tests.SlopesServiceTest.TestUpdateSlopeInfoAsync(userID: 78, slope: Slope { SlopeID = 128, SlopeName = slopeNamec96b3644-d0e2-4d7d-b882-33eb1a794e68, IsOpen = True, DifficultyLevel = 146, ConnectedLifts =  }, checkPermissionServiceMock: Mock&lt;ICheckPermissionService:8&gt;, slopesRepositoryStub: Mock&lt;ISlopesRepository:6&gt;, sut: SlopesService { })" storage="/mnt/c/users/alena/desktop/7_sem/testing_and_debugging/skiresort/bl.tests/bin/debug/net6.0/bl.tests.dll" id="cd3e9bcc-f2ab-4ba8-7a82-bb8bf16fdfff">
      <Execution id="8bf9e600-3175-426b-bd3a-0a75cc2ed5eb" />
      <TestMethod codeBase="/mnt/c/Users/alena/Desktop/7_sem/testing_and_debugging/SkiResort/BL.Tests/bin/Debug/net6.0/BL.Tests.dll" adapterTypeName="executor://xunit/VsTestRunner2/netcoreapp" className="BL.Tests.SlopesServiceTest" name="TestUpdateSlopeInfoAsync" />
    </UnitTest>
    <UnitTest name="BL.Tests.CheckPermissionsServiceTests.AuthorizedHasNoAccessToAdminFunctions" storage="/mnt/c/users/alena/desktop/7_sem/testing_and_debugging/skiresort/bl.tests/bin/debug/net6.0/bl.tests.dll" id="a2e59116-cb53-1d70-9cb8-21c286516866">
      <Execution id="a8634475-fdbe-4a35-90af-4355765ab5ca" />
      <TestMethod codeBase="/mnt/c/Users/alena/Desktop/7_sem/testing_and_debugging/SkiResort/BL.Tests/bin/Debug/net6.0/BL.Tests.dll" adapterTypeName="executor://xunit/VsTestRunner2/netcoreapp" className="BL.Tests.CheckPermissionsServiceTests" name="AuthorizedHasNoAccessToAdminFunctions" />
    </UnitTest>
    <UnitTest name="BL.Tests.LiftsServiceTest.TestAdminDeleteLiftAsync(userID: 103, lift: Lift { LiftID = 168, LiftName = liftName6680ab6d-7928-4a07-95ff-57567da7a95c, IsOpen = True, SeatsAmount = 4, LiftingTime = 45, QueueTime = 33, ConnectedSlopes =  }, checkPermissionServiceMock: Mock&lt;ICheckPermissionService:4&gt;, liftsRepositoryStub: Mock&lt;ILiftsRepository:4&gt;, liftsSlopesRepositoryStub: Mock&lt;ILiftsSlopesRepository:4&gt;, sut: LiftsService { })" storage="/mnt/c/users/alena/desktop/7_sem/testing_and_debugging/skiresort/bl.tests/bin/debug/net6.0/bl.tests.dll" id="9a3d48e6-13ea-e826-3c3a-92d04426f1fc">
      <Execution id="defb6168-64b1-4257-9625-857cbb2fd356" />
      <TestMethod codeBase="/mnt/c/Users/alena/Desktop/7_sem/testing_and_debugging/SkiResort/BL.Tests/bin/Debug/net6.0/BL.Tests.dll" adapterTypeName="executor://xunit/VsTestRunner2/netcoreapp" className="BL.Tests.LiftsServiceTest" name="TestAdminDeleteLiftAsync" />
    </UnitTest>
    <UnitTest name="BL.Tests.CheckPermissionsServiceTests.SkiPatrolHasAccessToAdminSkiPatrolFunctions(functionName: &quot;GetLiftsSlopesInfoAsync&quot;)" storage="/mnt/c/users/alena/desktop/7_sem/testing_and_debugging/skiresort/bl.tests/bin/debug/net6.0/bl.tests.dll" id="2d706594-f2b3-b3c8-21d4-86c9798c3306">
      <Execution id="000065f8-6367-41be-b3b5-49de7a8ff507" />
      <TestMethod codeBase="/mnt/c/Users/alena/Desktop/7_sem/testing_and_debugging/SkiResort/BL.Tests/bin/Debug/net6.0/BL.Tests.dll" adapterTypeName="executor://xunit/VsTestRunner2/netcoreapp" className="BL.Tests.CheckPermissionsServiceTests" name="SkiPatrolHasAccessToAdminSkiPatrolFunctions" />
    </UnitTest>
    <UnitTest name="BL.Tests.CheckPermissionsServiceTests.AuthorizedHasNoAccessToAdminSkiPatrolFunctions(functionName: &quot;GetLiftsSlopesInfoAsync&quot;)" storage="/mnt/c/users/alena/desktop/7_sem/testing_and_debugging/skiresort/bl.tests/bin/debug/net6.0/bl.tests.dll" id="4f297306-d4f3-8d63-e7f4-1ac0b8c58c74">
      <Execution id="11302bcc-7d45-419e-b30b-46843571cd46" />
      <TestMethod codeBase="/mnt/c/Users/alena/Desktop/7_sem/testing_and_debugging/SkiResort/BL.Tests/bin/Debug/net6.0/BL.Tests.dll" adapterTypeName="executor://xunit/VsTestRunner2/netcoreapp" className="BL.Tests.CheckPermissionsServiceTests" name="AuthorizedHasNoAccessToAdminSkiPatrolFunctions" />
    </UnitTest>
    <UnitTest name="BL.Tests.CheckPermissionsServiceTests.UnauthorizedHasNoAccessToAdminSkiPatrolFunctions(functionName: &quot;GetLiftsSlopesInfoAsync&quot;)" storage="/mnt/c/users/alena/desktop/7_sem/testing_and_debugging/skiresort/bl.tests/bin/debug/net6.0/bl.tests.dll" id="387c9729-48c1-486e-5e67-f5d11a9f0db8">
      <Execution id="ba10923f-5394-42ac-85d4-13a89c1df41d" />
      <TestMethod codeBase="/mnt/c/Users/alena/Desktop/7_sem/testing_and_debugging/SkiResort/BL.Tests/bin/Debug/net6.0/BL.Tests.dll" adapterTypeName="executor://xunit/VsTestRunner2/netcoreapp" className="BL.Tests.CheckPermissionsServiceTests" name="UnauthorizedHasNoAccessToAdminSkiPatrolFunctions" />
    </UnitTest>
    <UnitTest name="BL.Tests.UsersServiceTests.TestRegisterUserWithRepeatedEmail" storage="/mnt/c/users/alena/desktop/7_sem/testing_and_debugging/skiresort/bl.tests/bin/debug/net6.0/bl.tests.dll" id="894941c1-bfa7-d8f9-c047-1e1ceefe2c2f">
      <Execution id="36ba1b1d-047c-40b6-891e-5f0e9e81dc0d" />
      <TestMethod codeBase="/mnt/c/Users/alena/Desktop/7_sem/testing_and_debugging/SkiResort/BL.Tests/bin/Debug/net6.0/BL.Tests.dll" adapterTypeName="executor://xunit/VsTestRunner2/netcoreapp" className="BL.Tests.UsersServiceTests" name="TestRegisterUserWithRepeatedEmail" />
    </UnitTest>
    <UnitTest name="BL.Tests.CheckPermissionsServiceTests.UnauthorizedHasNoAccessToAdminFunctions" storage="/mnt/c/users/alena/desktop/7_sem/testing_and_debugging/skiresort/bl.tests/bin/debug/net6.0/bl.tests.dll" id="e2d7e5be-3dae-33ae-fb17-c704b6fd58d6">
      <Execution id="b4fffedc-e50c-42c3-9456-e926746b11c8" />
      <TestMethod codeBase="/mnt/c/Users/alena/Desktop/7_sem/testing_and_debugging/SkiResort/BL.Tests/bin/Debug/net6.0/BL.Tests.dll" adapterTypeName="executor://xunit/VsTestRunner2/netcoreapp" className="BL.Tests.CheckPermissionsServiceTests" name="UnauthorizedHasNoAccessToAdminFunctions" />
    </UnitTest>
    <UnitTest name="BL.Tests.UsersServiceTests.TestRegisterUserWithNoPassword" storage="/mnt/c/users/alena/desktop/7_sem/testing_and_debugging/skiresort/bl.tests/bin/debug/net6.0/bl.tests.dll" id="f44a1b21-8efc-bfac-63b4-d534442def31">
      <Execution id="9eedfdcb-0bce-4a25-bbe1-55da64ea6106" />
      <TestMethod codeBase="/mnt/c/Users/alena/Desktop/7_sem/testing_and_debugging/SkiResort/BL.Tests/bin/Debug/net6.0/BL.Tests.dll" adapterTypeName="executor://xunit/VsTestRunner2/netcoreapp" className="BL.Tests.UsersServiceTests" name="TestRegisterUserWithNoPassword" />
    </UnitTest>
    <UnitTest name="BL.Tests.LiftsSlopesServiceTests.TestAdminDeleteLiftSlopeAsync(lift: Lift { LiftID = 85, LiftName = liftNamebedbf926-3558-4363-a94d-8ed4bd96a781, IsOpen = True, SeatsAmount = 141, LiftingTime = 250, QueueTime = 39, ConnectedSlopes =  }, slope: Slope { SlopeID = 129, SlopeName = slopeName76af2706-18bc-4e1f-b780-43efe48a59aa, IsOpen = False, DifficultyLevel = 97, ConnectedLifts =  }, slopesRepositoryStub: Mock&lt;ISlopesRepository:2&gt;, liftsRepos..." storage="/mnt/c/users/alena/desktop/7_sem/testing_and_debugging/skiresort/bl.tests/bin/debug/net6.0/bl.tests.dll" id="609bebb1-aa7c-e99e-3c95-31786c9ade7d">
      <Execution id="6dccb2b8-d53e-4cff-832d-7c57f3efba43" />
      <TestMethod codeBase="/mnt/c/Users/alena/Desktop/7_sem/testing_and_debugging/SkiResort/BL.Tests/bin/Debug/net6.0/BL.Tests.dll" adapterTypeName="executor://xunit/VsTestRunner2/netcoreapp" className="BL.Tests.LiftsSlopesServiceTests" name="TestAdminDeleteLiftSlopeAsync" />
    </UnitTest>
    <UnitTest name="BL.Tests.CheckPermissionsServiceTests.SkiPatrolHasNoAccessToAdminFunctions" storage="/mnt/c/users/alena/desktop/7_sem/testing_and_debugging/skiresort/bl.tests/bin/debug/net6.0/bl.tests.dll" id="492c0393-35b4-df26-a537-21ca08302f3c">
      <Execution id="3aa6bdc1-d1bd-4a32-b411-1b10c851aa2a" />
      <TestMethod codeBase="/mnt/c/Users/alena/Desktop/7_sem/testing_and_debugging/SkiResort/BL.Tests/bin/Debug/net6.0/BL.Tests.dll" adapterTypeName="executor://xunit/VsTestRunner2/netcoreapp" className="BL.Tests.CheckPermissionsServiceTests" name="SkiPatrolHasNoAccessToAdminFunctions" />
    </UnitTest>
    <UnitTest name="BL.Tests.UsersServiceTests.TestAdminDeleteUser" storage="/mnt/c/users/alena/desktop/7_sem/testing_and_debugging/skiresort/bl.tests/bin/debug/net6.0/bl.tests.dll" id="18fa8c62-e27d-e1fc-8182-4d7db62b008d">
      <Execution id="1cc79c89-8122-4017-871d-5448e979c16e" />
      <TestMethod codeBase="/mnt/c/Users/alena/Desktop/7_sem/testing_and_debugging/SkiResort/BL.Tests/bin/Debug/net6.0/BL.Tests.dll" adapterTypeName="executor://xunit/VsTestRunner2/netcoreapp" className="BL.Tests.UsersServiceTests" name="TestAdminDeleteUser" />
    </UnitTest>
    <UnitTest name="BL.Tests.UsersServiceTests.TestLogInWithWrongPassword" storage="/mnt/c/users/alena/desktop/7_sem/testing_and_debugging/skiresort/bl.tests/bin/debug/net6.0/bl.tests.dll" id="69340bb6-3645-f9dd-971e-29d8b2a009bb">
      <Execution id="58f3b5cd-c000-47ae-80fb-b6627ce74b14" />
      <TestMethod codeBase="/mnt/c/Users/alena/Desktop/7_sem/testing_and_debugging/SkiResort/BL.Tests/bin/Debug/net6.0/BL.Tests.dll" adapterTypeName="executor://xunit/VsTestRunner2/netcoreapp" className="BL.Tests.UsersServiceTests" name="TestLogInWithWrongPassword" />
    </UnitTest>
    <UnitTest name="BL.Tests.SlopesServiceTest.TestGetSlopesInfoAsync(userID: 168, initialSlopes: [Slope { SlopeID = 196, SlopeName = slopeName03974e4b-1168-478b-afe5-3733162604ea, IsOpen = True, DifficultyLevel = 237, ConnectedLifts =  }, Slope { SlopeID = 69, SlopeName = slopeNameaf2ad8d7-42ae-4cd2-a55a-4f20e53c075f, IsOpen = False, DifficultyLevel = 185, ConnectedLifts =  }, Slope { SlopeID = 77, SlopeName = slopeNameed766d05-9e2d-4192-b842-cf82b1d01bcd, Is..." storage="/mnt/c/users/alena/desktop/7_sem/testing_and_debugging/skiresort/bl.tests/bin/debug/net6.0/bl.tests.dll" id="11652b96-6c37-2c8b-eda6-08a41c83d8a5">
      <Execution id="2f3469fd-a764-4960-8f8d-6de9562a98b8" />
      <TestMethod codeBase="/mnt/c/Users/alena/Desktop/7_sem/testing_and_debugging/SkiResort/BL.Tests/bin/Debug/net6.0/BL.Tests.dll" adapterTypeName="executor://xunit/VsTestRunner2/netcoreapp" className="BL.Tests.SlopesServiceTest" name="TestGetSlopesInfoAsync" />
    </UnitTest>
    <UnitTest name="BL.Tests.CheckPermissionsServiceTests.UnauthorizedHasNoAccessToAdminSkiPatrolFunctions(functionName: &quot;GetMessagesAsync&quot;)" storage="/mnt/c/users/alena/desktop/7_sem/testing_and_debugging/skiresort/bl.tests/bin/debug/net6.0/bl.tests.dll" id="229812f5-9a73-5335-11f5-31330d1348a5">
      <Execution id="da935342-a0ee-485f-a8fc-15f5d9becfa2" />
      <TestMethod codeBase="/mnt/c/Users/alena/Desktop/7_sem/testing_and_debugging/SkiResort/BL.Tests/bin/Debug/net6.0/BL.Tests.dll" adapterTypeName="executor://xunit/VsTestRunner2/netcoreapp" className="BL.Tests.CheckPermissionsServiceTests" name="UnauthorizedHasNoAccessToAdminSkiPatrolFunctions" />
    </UnitTest>
    <UnitTest name="BL.Tests.UsersServiceTests.TestRegisterUserWithNoEmail" storage="/mnt/c/users/alena/desktop/7_sem/testing_and_debugging/skiresort/bl.tests/bin/debug/net6.0/bl.tests.dll" id="8184bd30-991c-b78d-b4ec-99a485eac0dd">
      <Execution id="afdb97ec-5fef-4508-bd12-8b93ad521479" />
      <TestMethod codeBase="/mnt/c/Users/alena/Desktop/7_sem/testing_and_debugging/SkiResort/BL.Tests/bin/Debug/net6.0/BL.Tests.dll" adapterTypeName="executor://xunit/VsTestRunner2/netcoreapp" className="BL.Tests.UsersServiceTests" name="TestRegisterUserWithNoEmail" />
    </UnitTest>
    <UnitTest name="BL.Tests.CheckPermissionsServiceTests.AuthorizedHasNoAccessToAdminSkiPatrolFunctions(functionName: &quot;GetMessagesAsync&quot;)" storage="/mnt/c/users/alena/desktop/7_sem/testing_and_debugging/skiresort/bl.tests/bin/debug/net6.0/bl.tests.dll" id="2602613f-c8e2-a6d9-fcf7-5b27d4a770a6">
      <Execution id="d4597aa7-a1a1-49e9-a032-78814dff2355" />
      <TestMethod codeBase="/mnt/c/Users/alena/Desktop/7_sem/testing_and_debugging/SkiResort/BL.Tests/bin/Debug/net6.0/BL.Tests.dll" adapterTypeName="executor://xunit/VsTestRunner2/netcoreapp" className="BL.Tests.CheckPermissionsServiceTests" name="AuthorizedHasNoAccessToAdminSkiPatrolFunctions" />
    </UnitTest>
    <UnitTest name="BL.Tests.UsersServiceTests.TestRegisterOk" storage="/mnt/c/users/alena/desktop/7_sem/testing_and_debugging/skiresort/bl.tests/bin/debug/net6.0/bl.tests.dll" id="0eeef75f-6e38-7893-a8fe-cff3e0a970a7">
      <Execution id="6d3e5c13-95a7-4096-a88a-44ea1392d2c9" />
      <TestMethod codeBase="/mnt/c/Users/alena/Desktop/7_sem/testing_and_debugging/SkiResort/BL.Tests/bin/Debug/net6.0/BL.Tests.dll" adapterTypeName="executor://xunit/VsTestRunner2/netcoreapp" className="BL.Tests.UsersServiceTests" name="TestRegisterOk" />
    </UnitTest>
    <UnitTest name="BL.Tests.TurnstilesServiceTest.TestAdminGetTurnstilesAsync(userID: 45, initialTurnstiles: [Turnstile { TurnstileID = 138, LiftID = 173, IsOpen = True }, Turnstile { TurnstileID = 51, LiftID = 58, IsOpen = False }, Turnstile { TurnstileID = 112, LiftID = 24, IsOpen = True }], checkPermissionServiceMock: Mock&lt;ICheckPermissionService:13&gt;, turnstilesRepositoryStub: Mock&lt;ITurnstilesRepository:7&gt;, sut: TurnstilesService { })" storage="/mnt/c/users/alena/desktop/7_sem/testing_and_debugging/skiresort/bl.tests/bin/debug/net6.0/bl.tests.dll" id="28d95762-262c-f142-d31f-4e7f6174e378">
      <Execution id="329156f1-78a4-4c4d-b10a-bc9a8b83dcd8" />
      <TestMethod codeBase="/mnt/c/Users/alena/Desktop/7_sem/testing_and_debugging/SkiResort/BL.Tests/bin/Debug/net6.0/BL.Tests.dll" adapterTypeName="executor://xunit/VsTestRunner2/netcoreapp" className="BL.Tests.TurnstilesServiceTest" name="TestAdminGetTurnstilesAsync" />
    </UnitTest>
    <UnitTest name="BL.Tests.CheckPermissionsServiceTests.UnauthorizedHasNoAccessToAuthorizedFunctions(functionName: &quot;LogOutAsync&quot;)" storage="/mnt/c/users/alena/desktop/7_sem/testing_and_debugging/skiresort/bl.tests/bin/debug/net6.0/bl.tests.dll" id="fa960c5e-f989-2880-784e-8efe538c5231">
      <Execution id="bf080ab9-45d5-401e-a753-3051ff71d8c2" />
      <TestMethod codeBase="/mnt/c/Users/alena/Desktop/7_sem/testing_and_debugging/SkiResort/BL.Tests/bin/Debug/net6.0/BL.Tests.dll" adapterTypeName="executor://xunit/VsTestRunner2/netcoreapp" className="BL.Tests.CheckPermissionsServiceTests" name="UnauthorizedHasNoAccessToAuthorizedFunctions" />
    </UnitTest>
    <UnitTest name="BL.Tests.SlopesServiceTest.TestGetSlopeInfoAsync(userID: 8, slope: Slope { SlopeID = 10, SlopeName = slopeName59a16fee-0b83-4765-b93b-fabe225896f4, IsOpen = True, DifficultyLevel = 39, ConnectedLifts =  }, checkPermissionServiceMock: Mock&lt;ICheckPermissionService:6&gt;, slopesRepositoryStub: Mock&lt;ISlopesRepository:4&gt;, liftsSlopesRepositoryStub: Mock&lt;ILiftsSlopesRepository:9&gt;, sut: SlopesService { })" storage="/mnt/c/users/alena/desktop/7_sem/testing_and_debugging/skiresort/bl.tests/bin/debug/net6.0/bl.tests.dll" id="d591421e-8b68-5365-46a4-1af6f93af4d1">
      <Execution id="e61ee1dd-06a3-4b99-bb78-d0543fdb00b5" />
      <TestMethod codeBase="/mnt/c/Users/alena/Desktop/7_sem/testing_and_debugging/SkiResort/BL.Tests/bin/Debug/net6.0/BL.Tests.dll" adapterTypeName="executor://xunit/VsTestRunner2/netcoreapp" className="BL.Tests.SlopesServiceTest" name="TestGetSlopeInfoAsync" />
    </UnitTest>
    <UnitTest name="BL.Tests.TurnstilesServiceTest.TestAdminAddAutoIncrementTurnstileAsync(userID: 112, turnstile: Turnstile { TurnstileID = 123, LiftID = 145, IsOpen = True }, checkPermissionServiceMock: Mock&lt;ICheckPermissionService:16&gt;, turnstilesRepositoryStub: Mock&lt;ITurnstilesRepository:10&gt;, sut: TurnstilesService { })" storage="/mnt/c/users/alena/desktop/7_sem/testing_and_debugging/skiresort/bl.tests/bin/debug/net6.0/bl.tests.dll" id="1a6683e1-51ea-c5e5-75c9-73707d4ce963">
      <Execution id="9c5b7db2-7411-49a6-ae1e-314ed4b503c4" />
      <TestMethod codeBase="/mnt/c/Users/alena/Desktop/7_sem/testing_and_debugging/SkiResort/BL.Tests/bin/Debug/net6.0/BL.Tests.dll" adapterTypeName="executor://xunit/VsTestRunner2/netcoreapp" className="BL.Tests.TurnstilesServiceTest" name="TestAdminAddAutoIncrementTurnstileAsync" />
    </UnitTest>
    <UnitTest name="BL.Tests.LiftsSlopesServiceTests.TestGetLiftsSlopesInfoAsync(liftsSlopes: [LiftSlope { RecordID = 148, LiftID = 177, SlopeID = 4 }, LiftSlope { RecordID = 29, LiftID = 203, SlopeID = 62 }, LiftSlope { RecordID = 9, LiftID = 101, SlopeID = 141 }], slopesRepositoryStub: Mock&lt;ISlopesRepository:1&gt;, liftsRepositoryStub: Mock&lt;ILiftsRepository:6&gt;, liftsSlopesRepositoryStub: Mock&lt;ILiftsSlopesRepository:6&gt;)" storage="/mnt/c/users/alena/desktop/7_sem/testing_and_debugging/skiresort/bl.tests/bin/debug/net6.0/bl.tests.dll" id="e429852d-a6ed-7c2a-25fd-cd839b159d56">
      <Execution id="a2ffba09-7e30-4972-8f19-3fe3bebfaf3d" />
      <TestMethod codeBase="/mnt/c/Users/alena/Desktop/7_sem/testing_and_debugging/SkiResort/BL.Tests/bin/Debug/net6.0/BL.Tests.dll" adapterTypeName="executor://xunit/VsTestRunner2/netcoreapp" className="BL.Tests.LiftsSlopesServiceTests" name="TestGetLiftsSlopesInfoAsync" />
    </UnitTest>
    <UnitTest name="BL.Tests.SlopesServiceTest.TestAdminAddSlopeAsync(userID: 51, slope: Slope { SlopeID = 84, SlopeName = slopeName0e600cef-c8d9-49c0-adb2-378bcdfd1d7f, IsOpen = True, DifficultyLevel = 48, ConnectedLifts =  }, checkPermissionServiceMock: Mock&lt;ICheckPermissionService:11&gt;, slopesRepositoryStub: Mock&lt;ISlopesRepository:9&gt;, sut: SlopesService { })" storage="/mnt/c/users/alena/desktop/7_sem/testing_and_debugging/skiresort/bl.tests/bin/debug/net6.0/bl.tests.dll" id="dd375f47-90b8-ab14-ed56-ae1951721b22">
      <Execution id="c5867f12-ce19-4368-9a28-ac0c2516a8c1" />
      <TestMethod codeBase="/mnt/c/Users/alena/Desktop/7_sem/testing_and_debugging/SkiResort/BL.Tests/bin/Debug/net6.0/BL.Tests.dll" adapterTypeName="executor://xunit/VsTestRunner2/netcoreapp" className="BL.Tests.SlopesServiceTest" name="TestAdminAddSlopeAsync" />
    </UnitTest>
    <UnitTest name="BL.Tests.UsersServiceTests.TestAdminUpdateUser" storage="/mnt/c/users/alena/desktop/7_sem/testing_and_debugging/skiresort/bl.tests/bin/debug/net6.0/bl.tests.dll" id="06d0bc3a-24a0-fb7f-4277-e9ae6d21c7dd">
      <Execution id="99bf99b6-bf69-4bdf-9ae4-d995df292dd7" />
      <TestMethod codeBase="/mnt/c/Users/alena/Desktop/7_sem/testing_and_debugging/SkiResort/BL.Tests/bin/Debug/net6.0/BL.Tests.dll" adapterTypeName="executor://xunit/VsTestRunner2/netcoreapp" className="BL.Tests.UsersServiceTests" name="TestAdminUpdateUser" />
    </UnitTest>
    <UnitTest name="BL.Tests.TurnstilesServiceTest.TestAdminDeleteTurnstileAsync(userID: 120, turnstile: Turnstile { TurnstileID = 111, LiftID = 250, IsOpen = True }, checkPermissionServiceMock: Mock&lt;ICheckPermissionService:15&gt;, turnstilesRepositoryStub: Mock&lt;ITurnstilesRepository:9&gt;, sut: TurnstilesService { })" storage="/mnt/c/users/alena/desktop/7_sem/testing_and_debugging/skiresort/bl.tests/bin/debug/net6.0/bl.tests.dll" id="f0fcb58f-fe47-a8a1-445e-88aec4ad1b1c">
      <Execution id="bdf8067b-48f1-47c6-9350-07bce76b57dd" />
      <TestMethod codeBase="/mnt/c/Users/alena/Desktop/7_sem/testing_and_debugging/SkiResort/BL.Tests/bin/Debug/net6.0/BL.Tests.dll" adapterTypeName="executor://xunit/VsTestRunner2/netcoreapp" className="BL.Tests.TurnstilesServiceTest" name="TestAdminDeleteTurnstileAsync" />
    </UnitTest>
    <UnitTest name="BL.Tests.TurnstilesServiceTest.TestAdminGetTurnstileAsync(userID: 121, turnstile: Turnstile { TurnstileID = 164, LiftID = 92, IsOpen = True }, checkPermissionServiceMock: Mock&lt;ICheckPermissionService:12&gt;, turnstilesRepositoryStub: Mock&lt;ITurnstilesRepository:6&gt;, sut: TurnstilesService { })" storage="/mnt/c/users/alena/desktop/7_sem/testing_and_debugging/skiresort/bl.tests/bin/debug/net6.0/bl.tests.dll" id="9bd9618c-f839-ea42-fa3b-795c4ea4fadf">
      <Execution id="feca6351-bcd3-4473-957b-e8e7e281945d" />
      <TestMethod codeBase="/mnt/c/Users/alena/Desktop/7_sem/testing_and_debugging/SkiResort/BL.Tests/bin/Debug/net6.0/BL.Tests.dll" adapterTypeName="executor://xunit/VsTestRunner2/netcoreapp" className="BL.Tests.TurnstilesServiceTest" name="TestAdminGetTurnstileAsync" />
    </UnitTest>
    <UnitTest name="BL.Tests.UsersServiceTests.TestAdminGetUserByIDAsync" storage="/mnt/c/users/alena/desktop/7_sem/testing_and_debugging/skiresort/bl.tests/bin/debug/net6.0/bl.tests.dll" id="e5497347-2721-b7a6-0bd4-69a9921f6947">
      <Execution id="076fd5c6-9d06-4a68-a3b8-592e4faf223c" />
      <TestMethod codeBase="/mnt/c/Users/alena/Desktop/7_sem/testing_and_debugging/SkiResort/BL.Tests/bin/Debug/net6.0/BL.Tests.dll" adapterTypeName="executor://xunit/VsTestRunner2/netcoreapp" className="BL.Tests.UsersServiceTests" name="TestAdminGetUserByIDAsync" />
    </UnitTest>
    <UnitTest name="BL.Tests.LiftsServiceTest.TestUpdateLiftInfoAsync(userID: 137, lift: Lift { LiftID = 36, LiftName = liftName50591f12-9a03-4d0c-b68c-e578de05339c, IsOpen = True, SeatsAmount = 205, LiftingTime = 181, QueueTime = 204, ConnectedSlopes =  }, checkPermissionServiceMock: Mock&lt;ICheckPermissionService:3&gt;, liftsRepositoryStub: Mock&lt;ILiftsRepository:3&gt;, sut: LiftsService { })" storage="/mnt/c/users/alena/desktop/7_sem/testing_and_debugging/skiresort/bl.tests/bin/debug/net6.0/bl.tests.dll" id="32981e2e-fbdf-8f12-a71d-c9abe398f31b">
      <Execution id="146f5be1-1b50-48ff-9239-568e3d61fb55" />
      <TestMethod codeBase="/mnt/c/Users/alena/Desktop/7_sem/testing_and_debugging/SkiResort/BL.Tests/bin/Debug/net6.0/BL.Tests.dll" adapterTypeName="executor://xunit/VsTestRunner2/netcoreapp" className="BL.Tests.LiftsServiceTest" name="TestUpdateLiftInfoAsync" />
    </UnitTest>
    <UnitTest name="BL.Tests.UsersServiceTests.TestAdminGetUsers" storage="/mnt/c/users/alena/desktop/7_sem/testing_and_debugging/skiresort/bl.tests/bin/debug/net6.0/bl.tests.dll" id="20ad8570-0170-85de-dcd7-2f109dd7bcd6">
      <Execution id="b7c4604a-6378-48a4-bfff-b69bc5f19c95" />
      <TestMethod codeBase="/mnt/c/Users/alena/Desktop/7_sem/testing_and_debugging/SkiResort/BL.Tests/bin/Debug/net6.0/BL.Tests.dll" adapterTypeName="executor://xunit/VsTestRunner2/netcoreapp" className="BL.Tests.UsersServiceTests" name="TestAdminGetUsers" />
    </UnitTest>
  </TestDefinitions>
  <TestEntries>
    <TestEntry testId="e5497347-2721-b7a6-0bd4-69a9921f6947" executionId="076fd5c6-9d06-4a68-a3b8-592e4faf223c" testListId="8c84fa94-04c1-424b-9868-57a2d4851a1d" />
    <TestEntry testId="9c7df5e2-1b23-ebea-889f-b78ca86b60ab" executionId="a05017c9-8b4f-4a80-a241-f0ad20782d18" testListId="8c84fa94-04c1-424b-9868-57a2d4851a1d" />
    <TestEntry testId="8184bd30-991c-b78d-b4ec-99a485eac0dd" executionId="afdb97ec-5fef-4508-bd12-8b93ad521479" testListId="8c84fa94-04c1-424b-9868-57a2d4851a1d" />
    <TestEntry testId="c36970dc-93f7-753e-fa47-157133b01644" executionId="fdb4c311-d895-444c-8c89-366cabecb727" testListId="8c84fa94-04c1-424b-9868-57a2d4851a1d" />
    <TestEntry testId="2602613f-c8e2-a6d9-fcf7-5b27d4a770a6" executionId="d4597aa7-a1a1-49e9-a032-78814dff2355" testListId="8c84fa94-04c1-424b-9868-57a2d4851a1d" />
    <TestEntry testId="1ca07ad8-f799-c5d4-e7cc-34fd950198a2" executionId="0c538935-3da6-4772-b671-9954b8b72b76" testListId="8c84fa94-04c1-424b-9868-57a2d4851a1d" />
    <TestEntry testId="ebccd46f-6f28-d149-7813-6f10f3eb196e" executionId="5fef9cd5-f694-430d-a1e8-a95949555e81" testListId="8c84fa94-04c1-424b-9868-57a2d4851a1d" />
    <TestEntry testId="11652b96-6c37-2c8b-eda6-08a41c83d8a5" executionId="2f3469fd-a764-4960-8f8d-6de9562a98b8" testListId="8c84fa94-04c1-424b-9868-57a2d4851a1d" />
    <TestEntry testId="aa28a6b3-21d3-aa45-24d3-bef2facbc899" executionId="c1d86610-0292-4f28-877c-55f0958ead6e" testListId="8c84fa94-04c1-424b-9868-57a2d4851a1d" />
    <TestEntry testId="a19a5fcf-c5d2-7d44-5d7d-84403042f4e0" executionId="2c48d959-f640-41be-8db8-5f8163e1f72e" testListId="8c84fa94-04c1-424b-9868-57a2d4851a1d" />
    <TestEntry testId="69340bb6-3645-f9dd-971e-29d8b2a009bb" executionId="58f3b5cd-c000-47ae-80fb-b6627ce74b14" testListId="8c84fa94-04c1-424b-9868-57a2d4851a1d" />
    <TestEntry testId="b9c5945f-aed5-035f-8001-797427a063e4" executionId="3f8a379b-28df-42cc-99f0-c2f2a80796b9" testListId="8c84fa94-04c1-424b-9868-57a2d4851a1d" />
    <TestEntry testId="e2d7e5be-3dae-33ae-fb17-c704b6fd58d6" executionId="b4fffedc-e50c-42c3-9456-e926746b11c8" testListId="8c84fa94-04c1-424b-9868-57a2d4851a1d" />
    <TestEntry testId="dd375f47-90b8-ab14-ed56-ae1951721b22" executionId="c5867f12-ce19-4368-9a28-ac0c2516a8c1" testListId="8c84fa94-04c1-424b-9868-57a2d4851a1d" />
    <TestEntry testId="229812f5-9a73-5335-11f5-31330d1348a5" executionId="da935342-a0ee-485f-a8fc-15f5d9becfa2" testListId="8c84fa94-04c1-424b-9868-57a2d4851a1d" />
    <TestEntry testId="644ec43e-70cd-c82d-42e7-0d990be1414d" executionId="6ccd7c58-732f-45d1-b706-4f10396b196b" testListId="8c84fa94-04c1-424b-9868-57a2d4851a1d" />
    <TestEntry testId="18fa8c62-e27d-e1fc-8182-4d7db62b008d" executionId="1cc79c89-8122-4017-871d-5448e979c16e" testListId="8c84fa94-04c1-424b-9868-57a2d4851a1d" />
    <TestEntry testId="f3efc418-a8a6-c7b7-9bac-90b33aa8472f" executionId="52e17786-ba61-4bb5-87b5-5620abe65589" testListId="8c84fa94-04c1-424b-9868-57a2d4851a1d" />
    <TestEntry testId="fa960c5e-f989-2880-784e-8efe538c5231" executionId="bf080ab9-45d5-401e-a753-3051ff71d8c2" testListId="8c84fa94-04c1-424b-9868-57a2d4851a1d" />
    <TestEntry testId="06d0bc3a-24a0-fb7f-4277-e9ae6d21c7dd" executionId="99bf99b6-bf69-4bdf-9ae4-d995df292dd7" testListId="8c84fa94-04c1-424b-9868-57a2d4851a1d" />
    <TestEntry testId="0eeef75f-6e38-7893-a8fe-cff3e0a970a7" executionId="6d3e5c13-95a7-4096-a88a-44ea1392d2c9" testListId="8c84fa94-04c1-424b-9868-57a2d4851a1d" />
    <TestEntry testId="28d95762-262c-f142-d31f-4e7f6174e378" executionId="329156f1-78a4-4c4d-b10a-bc9a8b83dcd8" testListId="8c84fa94-04c1-424b-9868-57a2d4851a1d" />
    <TestEntry testId="609bebb1-aa7c-e99e-3c95-31786c9ade7d" executionId="6dccb2b8-d53e-4cff-832d-7c57f3efba43" testListId="8c84fa94-04c1-424b-9868-57a2d4851a1d" />
    <TestEntry testId="ed30cc6c-6b7c-96bc-8912-6d5fd93e3cbd" executionId="86a7e624-46dd-497c-8b3f-a6e806ff367d" testListId="8c84fa94-04c1-424b-9868-57a2d4851a1d" />
    <TestEntry testId="d591421e-8b68-5365-46a4-1af6f93af4d1" executionId="e61ee1dd-06a3-4b99-bb78-d0543fdb00b5" testListId="8c84fa94-04c1-424b-9868-57a2d4851a1d" />
    <TestEntry testId="f0fcb58f-fe47-a8a1-445e-88aec4ad1b1c" executionId="bdf8067b-48f1-47c6-9350-07bce76b57dd" testListId="8c84fa94-04c1-424b-9868-57a2d4851a1d" />
    <TestEntry testId="9a3d48e6-13ea-e826-3c3a-92d04426f1fc" executionId="defb6168-64b1-4257-9625-857cbb2fd356" testListId="8c84fa94-04c1-424b-9868-57a2d4851a1d" />
    <TestEntry testId="32981e2e-fbdf-8f12-a71d-c9abe398f31b" executionId="146f5be1-1b50-48ff-9239-568e3d61fb55" testListId="8c84fa94-04c1-424b-9868-57a2d4851a1d" />
    <TestEntry testId="834c739b-eca4-b36d-6a66-5a1bd75377b8" executionId="de1412ab-cf07-4488-90fa-9a1ee3ca56aa" testListId="8c84fa94-04c1-424b-9868-57a2d4851a1d" />
    <TestEntry testId="60bd668f-04df-da5e-b79b-5d9aedb5234d" executionId="78e319de-1cd7-4553-9112-277096d9207a" testListId="8c84fa94-04c1-424b-9868-57a2d4851a1d" />
    <TestEntry testId="a2e59116-cb53-1d70-9cb8-21c286516866" executionId="a8634475-fdbe-4a35-90af-4355765ab5ca" testListId="8c84fa94-04c1-424b-9868-57a2d4851a1d" />
    <TestEntry testId="b97b748b-306a-70cf-7303-155dd011f5b5" executionId="3d5f53bb-8dbc-4f02-8f9b-48ae94e197ca" testListId="8c84fa94-04c1-424b-9868-57a2d4851a1d" />
    <TestEntry testId="492c0393-35b4-df26-a537-21ca08302f3c" executionId="3aa6bdc1-d1bd-4a32-b411-1b10c851aa2a" testListId="8c84fa94-04c1-424b-9868-57a2d4851a1d" />
    <TestEntry testId="e429852d-a6ed-7c2a-25fd-cd839b159d56" executionId="a2ffba09-7e30-4972-8f19-3fe3bebfaf3d" testListId="8c84fa94-04c1-424b-9868-57a2d4851a1d" />
    <TestEntry testId="e6bcbb62-e0cc-ced6-431d-d00c73df84a8" executionId="e2daa960-cdba-4a1b-ab01-70d4b9aae0d5" testListId="8c84fa94-04c1-424b-9868-57a2d4851a1d" />
    <TestEntry testId="20ad8570-0170-85de-dcd7-2f109dd7bcd6" executionId="b7c4604a-6378-48a4-bfff-b69bc5f19c95" testListId="8c84fa94-04c1-424b-9868-57a2d4851a1d" />
    <TestEntry testId="387c9729-48c1-486e-5e67-f5d11a9f0db8" executionId="ba10923f-5394-42ac-85d4-13a89c1df41d" testListId="8c84fa94-04c1-424b-9868-57a2d4851a1d" />
    <TestEntry testId="894941c1-bfa7-d8f9-c047-1e1ceefe2c2f" executionId="36ba1b1d-047c-40b6-891e-5f0e9e81dc0d" testListId="8c84fa94-04c1-424b-9868-57a2d4851a1d" />
    <TestEntry testId="eaabd2fc-2f4b-5689-59c8-c7ad34a8f634" executionId="e0f72d1f-32d4-4b95-94a1-50f7902564e6" testListId="8c84fa94-04c1-424b-9868-57a2d4851a1d" />
    <TestEntry testId="4f297306-d4f3-8d63-e7f4-1ac0b8c58c74" executionId="11302bcc-7d45-419e-b30b-46843571cd46" testListId="8c84fa94-04c1-424b-9868-57a2d4851a1d" />
    <TestEntry testId="1a6683e1-51ea-c5e5-75c9-73707d4ce963" executionId="9c5b7db2-7411-49a6-ae1e-314ed4b503c4" testListId="8c84fa94-04c1-424b-9868-57a2d4851a1d" />
    <TestEntry testId="f44a1b21-8efc-bfac-63b4-d534442def31" executionId="9eedfdcb-0bce-4a25-bbe1-55da64ea6106" testListId="8c84fa94-04c1-424b-9868-57a2d4851a1d" />
    <TestEntry testId="f55e35dc-3fde-a152-0640-5eb446652519" executionId="246e0a49-37c4-452e-90ce-705cc4192d1b" testListId="8c84fa94-04c1-424b-9868-57a2d4851a1d" />
    <TestEntry testId="9bd9618c-f839-ea42-fa3b-795c4ea4fadf" executionId="feca6351-bcd3-4473-957b-e8e7e281945d" testListId="8c84fa94-04c1-424b-9868-57a2d4851a1d" />
    <TestEntry testId="bc5976bc-f75a-0bf4-fac2-051b2c4a1bd5" executionId="c4ff9bfe-5d81-4b9c-9f5a-7ff24fa3e13d" testListId="8c84fa94-04c1-424b-9868-57a2d4851a1d" />
    <TestEntry testId="2d706594-f2b3-b3c8-21d4-86c9798c3306" executionId="000065f8-6367-41be-b3b5-49de7a8ff507" testListId="8c84fa94-04c1-424b-9868-57a2d4851a1d" />
    <TestEntry testId="cd3e9bcc-f2ab-4ba8-7a82-bb8bf16fdfff" executionId="8bf9e600-3175-426b-bd3a-0a75cc2ed5eb" testListId="8c84fa94-04c1-424b-9868-57a2d4851a1d" />
  </TestEntries>
  <TestLists>
    <TestList name="Results Not in a List" id="8c84fa94-04c1-424b-9868-57a2d4851a1d" />
    <TestList name="All Loaded Results" id="19431567-8539-422a-85d7-44ee4e166bda" />
  </TestLists>
  <ResultSummary outcome="Completed">
    <Counters total="47" executed="47" passed="47" failed="0" error="0" timeout="0" aborted="0" inconclusive="0" passedButRunAborted="0" notRunnable="0" notExecuted="0" disconnected="0" warning="0" completed="0" inProgress="0" pending="0" />
    <Output>
      <StdOut>[xUnit.net 00:00:00.00] xUnit.net VSTest Adapter v2.4.5+1caef2f33e (64-bit .NET 6.0.10)
[xUnit.net 00:00:00.88]   Discovering: BL.Tests
[xUnit.net 00:00:01.09]   Discovered:  BL.Tests
[xUnit.net 00:00:01.09]   Starting:    BL.Tests
[xUnit.net 00:00:01.53]   Finished:    BL.Tests
</StdOut>
    </Output>
  </ResultSummary>
</TestRun>