<?xml version="1.0" encoding="utf-8"?>
<TestRun id="57d26bf0-f8df-475b-bf53-40cc9065955d" name="@DESKTOP-TJ9D65N 2022-11-03 11:18:17" xmlns="http://microsoft.com/schemas/VisualStudio/TeamTest/2010">
  <Times creation="2022-11-03T11:18:17.5029903+03:00" queuing="2022-11-03T11:18:17.5029905+03:00" start="2022-11-03T11:18:15.1350501+03:00" finish="2022-11-03T11:18:17.6980345+03:00" />
  <TestSettings name="default" id="62e85963-41dd-49dc-8f7f-759852a22387">
    <Deployment runDeploymentRoot="_DESKTOP-TJ9D65N_2022-11-03_11_18_17" />
  </TestSettings>
  <Results>
    <UnitTestResult executionId="7dce6a5a-fbce-468c-b4b0-34da9dfdbb24" testId="894941c1-bfa7-d8f9-c047-1e1ceefe2c2f" testName="BL.Tests.UsersServiceTests.TestRegisterUserWithRepeatedEmail" computerName="DESKTOP-TJ9D65N" duration="00:00:00.0043426" startTime="2022-11-03T11:18:17.4757189+03:00" endTime="2022-11-03T11:18:17.4757190+03:00" testType="13cdc9d9-ddb5-4fa4-a97d-d965ccfc6d4b" outcome="Passed" testListId="8c84fa94-04c1-424b-9868-57a2d4851a1d" relativeResultsDirectory="7dce6a5a-fbce-468c-b4b0-34da9dfdbb24" />
    <UnitTestResult executionId="15a625c0-31e1-4188-9f0e-d381e0719e18" testId="2d706594-f2b3-b3c8-21d4-86c9798c3306" testName="BL.Tests.CheckPermissionsServiceTests.SkiPatrolHasAccessToAdminSkiPatrolFunctions(functionName: &quot;GetLiftsSlopesInfoAsync&quot;)" computerName="DESKTOP-TJ9D65N" duration="00:00:00.0050376" startTime="2022-11-03T11:18:17.4942625+03:00" endTime="2022-11-03T11:18:17.4942625+03:00" testType="13cdc9d9-ddb5-4fa4-a97d-d965ccfc6d4b" outcome="Passed" testListId="8c84fa94-04c1-424b-9868-57a2d4851a1d" relativeResultsDirectory="15a625c0-31e1-4188-9f0e-d381e0719e18" />
    <UnitTestResult executionId="3fbd9a13-7683-442e-ae84-69bee4dedb06" testId="aa28a6b3-21d3-aa45-24d3-bef2facbc899" testName="BL.Tests.CheckPermissionsServiceTests.AuthorizedHasAccessToAuthorizedFunctions(functionName: &quot;LogOutAsync&quot;)" computerName="DESKTOP-TJ9D65N" duration="00:00:00.0010374" startTime="2022-11-03T11:18:17.5941416+03:00" endTime="2022-11-03T11:18:17.5941417+03:00" testType="13cdc9d9-ddb5-4fa4-a97d-d965ccfc6d4b" outcome="Passed" testListId="8c84fa94-04c1-424b-9868-57a2d4851a1d" relativeResultsDirectory="3fbd9a13-7683-442e-ae84-69bee4dedb06" />
    <UnitTestResult executionId="03783bdf-3379-45a9-b355-129acb086ec8" testId="f44a1b21-8efc-bfac-63b4-d534442def31" testName="BL.Tests.UsersServiceTests.TestRegisterUserWithNoPassword" computerName="DESKTOP-TJ9D65N" duration="00:00:00.0020965" startTime="2022-11-03T11:18:17.4583539+03:00" endTime="2022-11-03T11:18:17.4583540+03:00" testType="13cdc9d9-ddb5-4fa4-a97d-d965ccfc6d4b" outcome="Passed" testListId="8c84fa94-04c1-424b-9868-57a2d4851a1d" relativeResultsDirectory="03783bdf-3379-45a9-b355-129acb086ec8" />
    <UnitTestResult executionId="fba6444a-6a3e-4e1e-a14b-8680f0150291" testId="ff71bcc0-9dfe-bb8a-905c-6bf0cdf3ee34" testName="BL.Tests.LiftsSlopesServiceTests.TestAdminDeleteLiftSlopeAsync(lift: Lift { LiftID = 194, LiftName = liftName63a248b9-3d77-465e-b0a6-c850b49b8208, IsOpen = True, SeatsAmount = 105, LiftingTime = 102, QueueTime = 111, ConnectedSlopes =  }, slope: Slope { SlopeID = 73, SlopeName = slopeNamebf618885-239c-49f6-8d05-bd5c367b8b34, IsOpen = False, DifficultyLevel = 254, ConnectedLifts =  }, slopesRepositoryStub: Mock&lt;ISlopesRepository:2&gt;, liftsRepositoryStub: Mock&lt;ILiftsRepository:7&gt;, liftsSlopesRepositoryStub: Mock&lt;ILiftsSlopesRepository:7&gt;)" computerName="DESKTOP-TJ9D65N" duration="00:00:00.0091007" startTime="2022-11-03T11:18:17.4598300+03:00" endTime="2022-11-03T11:18:17.4598300+03:00" testType="13cdc9d9-ddb5-4fa4-a97d-d965ccfc6d4b" outcome="Passed" testListId="8c84fa94-04c1-424b-9868-57a2d4851a1d" relativeResultsDirectory="fba6444a-6a3e-4e1e-a14b-8680f0150291" />
    <UnitTestResult executionId="79b2f201-7adf-499a-b729-bd282223ace6" testId="644ec43e-70cd-c82d-42e7-0d990be1414d" testName="BL.Tests.CheckPermissionsServiceTests.AuthorizedHasAccessToAuthorizedFunctions(functionName: &quot;SendMessageAsync&quot;)" computerName="DESKTOP-TJ9D65N" duration="00:00:00.0020199" startTime="2022-11-03T11:18:17.5852253+03:00" endTime="2022-11-03T11:18:17.5852253+03:00" testType="13cdc9d9-ddb5-4fa4-a97d-d965ccfc6d4b" outcome="Passed" testListId="8c84fa94-04c1-424b-9868-57a2d4851a1d" relativeResultsDirectory="79b2f201-7adf-499a-b729-bd282223ace6" />
    <UnitTestResult executionId="2d0b31cc-f45e-43c0-b014-2610f9a1ec20" testId="387c9729-48c1-486e-5e67-f5d11a9f0db8" testName="BL.Tests.CheckPermissionsServiceTests.UnauthorizedHasNoAccessToAdminSkiPatrolFunctions(functionName: &quot;GetLiftsSlopesInfoAsync&quot;)" computerName="DESKTOP-TJ9D65N" duration="00:00:00.0015184" startTime="2022-11-03T11:18:17.4576805+03:00" endTime="2022-11-03T11:18:17.4576806+03:00" testType="13cdc9d9-ddb5-4fa4-a97d-d965ccfc6d4b" outcome="Passed" testListId="8c84fa94-04c1-424b-9868-57a2d4851a1d" relativeResultsDirectory="2d0b31cc-f45e-43c0-b014-2610f9a1ec20" />
    <UnitTestResult executionId="cf9e7d3f-1122-437d-b752-c7e4c19d5f43" testId="2602613f-c8e2-a6d9-fcf7-5b27d4a770a6" testName="BL.Tests.CheckPermissionsServiceTests.AuthorizedHasNoAccessToAdminSkiPatrolFunctions(functionName: &quot;GetMessagesAsync&quot;)" computerName="DESKTOP-TJ9D65N" duration="00:00:00.0023272" startTime="2022-11-03T11:18:17.5532183+03:00" endTime="2022-11-03T11:18:17.5532184+03:00" testType="13cdc9d9-ddb5-4fa4-a97d-d965ccfc6d4b" outcome="Passed" testListId="8c84fa94-04c1-424b-9868-57a2d4851a1d" relativeResultsDirectory="cf9e7d3f-1122-437d-b752-c7e4c19d5f43" />
    <UnitTestResult executionId="fa45b006-4c4e-490e-9b8f-32461e4edb7f" testId="5014b193-7ed8-1c41-307d-b1f166622ccf" testName="BL.Tests.LiftsServiceTest.TestAdminDeleteLiftAsync(userID: 221, lift: Lift { LiftID = 144, LiftName = liftNamed8acbea0-920f-4ecf-8d4d-f68ea1fd67af, IsOpen = True, SeatsAmount = 14, LiftingTime = 176, QueueTime = 206, ConnectedSlopes =  }, checkPermissionServiceMock: Mock&lt;ICheckPermissionService:4&gt;, liftsRepositoryStub: Mock&lt;ILiftsRepository:4&gt;, liftsSlopesRepositoryStub: Mock&lt;ILiftsSlopesRepository:4&gt;, sut: LiftsService { })" computerName="DESKTOP-TJ9D65N" duration="00:00:00.0381764" startTime="2022-11-03T11:18:17.5112929+03:00" endTime="2022-11-03T11:18:17.5112930+03:00" testType="13cdc9d9-ddb5-4fa4-a97d-d965ccfc6d4b" outcome="Passed" testListId="8c84fa94-04c1-424b-9868-57a2d4851a1d" relativeResultsDirectory="fa45b006-4c4e-490e-9b8f-32461e4edb7f" />
    <UnitTestResult executionId="ee35e83e-7b3c-4337-8687-bd6e39b926ca" testId="2677c003-2025-62a1-0c9f-a791165ad053" testName="BL.Tests.SlopesServiceTest.TestGetSlopeInfoAsync(userID: 149, slope: Slope { SlopeID = 93, SlopeName = slopeNamec0b6a781-1f30-4d24-879c-cd4a6e8901f9, IsOpen = True, DifficultyLevel = 176, ConnectedLifts =  }, checkPermissionServiceMock: Mock&lt;ICheckPermissionService:6&gt;, slopesRepositoryStub: Mock&lt;ISlopesRepository:4&gt;, liftsSlopesRepositoryStub: Mock&lt;ILiftsSlopesRepository:9&gt;, sut: SlopesService { })" computerName="DESKTOP-TJ9D65N" duration="00:00:00.0086563" startTime="2022-11-03T11:18:17.4758302+03:00" endTime="2022-11-03T11:18:17.4758303+03:00" testType="13cdc9d9-ddb5-4fa4-a97d-d965ccfc6d4b" outcome="Passed" testListId="8c84fa94-04c1-424b-9868-57a2d4851a1d" relativeResultsDirectory="ee35e83e-7b3c-4337-8687-bd6e39b926ca" />
    <UnitTestResult executionId="d84120be-4194-4ecb-aca6-7ba7ea7b84aa" testId="72122386-ef25-6e92-a091-0cc2282a9479" testName="BL.Tests.TurnstilesServiceTest.TestAdminGetTurnstilesAsync(userID: 127, initialTurnstiles: [Turnstile { TurnstileID = 192, LiftID = 98, IsOpen = True }, Turnstile { TurnstileID = 122, LiftID = 82, IsOpen = False }, Turnstile { TurnstileID = 53, LiftID = 36, IsOpen = True }], checkPermissionServiceMock: Mock&lt;ICheckPermissionService:13&gt;, turnstilesRepositoryStub: Mock&lt;ITurnstilesRepository:7&gt;, sut: TurnstilesService { })" computerName="DESKTOP-TJ9D65N" duration="00:00:00.0080928" startTime="2022-11-03T11:18:17.4597434+03:00" endTime="2022-11-03T11:18:17.4597434+03:00" testType="13cdc9d9-ddb5-4fa4-a97d-d965ccfc6d4b" outcome="Passed" testListId="8c84fa94-04c1-424b-9868-57a2d4851a1d" relativeResultsDirectory="d84120be-4194-4ecb-aca6-7ba7ea7b84aa" />
    <UnitTestResult executionId="d0b3f486-e728-415b-9375-c8b10fdda62e" testId="0eeef75f-6e38-7893-a8fe-cff3e0a970a7" testName="BL.Tests.UsersServiceTests.TestRegisterOk" computerName="DESKTOP-TJ9D65N" duration="00:00:00.0099300" startTime="2022-11-03T11:18:17.5006714+03:00" endTime="2022-11-03T11:18:17.5006715+03:00" testType="13cdc9d9-ddb5-4fa4-a97d-d965ccfc6d4b" outcome="Passed" testListId="8c84fa94-04c1-424b-9868-57a2d4851a1d" relativeResultsDirectory="d0b3f486-e728-415b-9375-c8b10fdda62e" />
    <UnitTestResult executionId="55318adc-5c2c-4acb-80bb-fc65113422d9" testId="e0c3ce15-915a-264e-bc81-a46dddb888a3" testName="BL.Tests.TurnstilesServiceTest.TestAdminAddAutoIncrementTurnstileAsync(userID: 121, turnstile: Turnstile { TurnstileID = 87, LiftID = 203, IsOpen = True }, checkPermissionServiceMock: Mock&lt;ICheckPermissionService:16&gt;, turnstilesRepositoryStub: Mock&lt;ITurnstilesRepository:10&gt;, sut: TurnstilesService { })" computerName="DESKTOP-TJ9D65N" duration="00:00:00.0067830" startTime="2022-11-03T11:18:17.4758082+03:00" endTime="2022-11-03T11:18:17.4758083+03:00" testType="13cdc9d9-ddb5-4fa4-a97d-d965ccfc6d4b" outcome="Passed" testListId="8c84fa94-04c1-424b-9868-57a2d4851a1d" relativeResultsDirectory="55318adc-5c2c-4acb-80bb-fc65113422d9" />
    <UnitTestResult executionId="9e2764be-ffed-466c-b442-bc85cd62864b" testId="7f64c1b3-e24f-7990-39ea-2a71e9e09e9d" testName="BL.Tests.SlopesServiceTest.TestGetSlopesInfoAsync(userID: 52, initialSlopes: [Slope { SlopeID = 44, SlopeName = slopeNamed51e5e2b-d428-4e0a-909e-b0a02abd3e34, IsOpen = True, DifficultyLevel = 242, ConnectedLifts =  }, Slope { SlopeID = 189, SlopeName = slopeName23b95bd0-53f5-479e-b7e2-9f2d76585025, IsOpen = False, DifficultyLevel = 158, ConnectedLifts =  }, Slope { SlopeID = 218, SlopeName = slopeName2bd08162-dc2e-4cd3-8b96-7adbb5326d04, IsOpen = True, DifficultyLevel = 17, ConnectedLifts =  }], checkPermissionServiceMock: Mock&lt;ICheckPermissionService:7&gt;, slopesRepositoryStub: Mock&lt;ISlopesRepository:5&gt;, liftsSlopesRepositoryStub: Mock&lt;ILiftsSlopesRepository:10&gt;, sut: SlopesService { })" computerName="DESKTOP-TJ9D65N" duration="00:00:00.0334908" startTime="2022-11-03T11:18:17.5149469+03:00" endTime="2022-11-03T11:18:17.5149470+03:00" testType="13cdc9d9-ddb5-4fa4-a97d-d965ccfc6d4b" outcome="Passed" testListId="8c84fa94-04c1-424b-9868-57a2d4851a1d" relativeResultsDirectory="9e2764be-ffed-466c-b442-bc85cd62864b" />
    <UnitTestResult executionId="5f93ac9a-dcb5-486f-93ca-52a1024e8722" testId="c71cc53e-2ac4-9873-3100-99b06b390ddc" testName="BL.Tests.TurnstilesServiceTest.TestAdminDeleteTurnstileAsync(userID: 215, turnstile: Turnstile { TurnstileID = 191, LiftID = 237, IsOpen = True }, checkPermissionServiceMock: Mock&lt;ICheckPermissionService:15&gt;, turnstilesRepositoryStub: Mock&lt;ITurnstilesRepository:9&gt;, sut: TurnstilesService { })" computerName="DESKTOP-TJ9D65N" duration="00:00:00.0374564" startTime="2022-11-03T11:18:17.3668450+03:00" endTime="2022-11-03T11:18:17.3668451+03:00" testType="13cdc9d9-ddb5-4fa4-a97d-d965ccfc6d4b" outcome="Passed" testListId="8c84fa94-04c1-424b-9868-57a2d4851a1d" relativeResultsDirectory="5f93ac9a-dcb5-486f-93ca-52a1024e8722" />
    <UnitTestResult executionId="328e8c6c-6f31-4cfe-bf5d-826c61f296f3" testId="834c739b-eca4-b36d-6a66-5a1bd75377b8" testName="BL.Tests.UsersServiceTests.TestAdminAddAutoIncrementUser" computerName="DESKTOP-TJ9D65N" duration="00:00:00.0142225" startTime="2022-11-03T11:18:17.5556625+03:00" endTime="2022-11-03T11:18:17.5556625+03:00" testType="13cdc9d9-ddb5-4fa4-a97d-d965ccfc6d4b" outcome="Passed" testListId="8c84fa94-04c1-424b-9868-57a2d4851a1d" relativeResultsDirectory="328e8c6c-6f31-4cfe-bf5d-826c61f296f3" />
    <UnitTestResult executionId="aa558c77-d500-403b-b768-bb0912cae4be" testId="e429852d-a6ed-7c2a-25fd-cd839b159d56" testName="BL.Tests.LiftsSlopesServiceTests.TestGetLiftsSlopesInfoAsync(liftsSlopes: [LiftSlope { RecordID = 59, LiftID = 70, SlopeID = 141 }, LiftSlope { RecordID = 231, LiftID = 19, SlopeID = 153 }, LiftSlope { RecordID = 53, LiftID = 86, SlopeID = 15 }], slopesRepositoryStub: Mock&lt;ISlopesRepository:1&gt;, liftsRepositoryStub: Mock&lt;ILiftsRepository:6&gt;, liftsSlopesRepositoryStub: Mock&lt;ILiftsSlopesRepository:6&gt;)" computerName="DESKTOP-TJ9D65N" duration="00:00:00.0428822" startTime="2022-11-03T11:18:17.3669080+03:00" endTime="2022-11-03T11:18:17.3669080+03:00" testType="13cdc9d9-ddb5-4fa4-a97d-d965ccfc6d4b" outcome="Passed" testListId="8c84fa94-04c1-424b-9868-57a2d4851a1d" relativeResultsDirectory="aa558c77-d500-403b-b768-bb0912cae4be" />
    <UnitTestResult executionId="f4783bba-c2a6-40c6-9a17-155e0c304e2c" testId="f3efc418-a8a6-c7b7-9bac-90b33aa8472f" testName="BL.Tests.CheckPermissionsServiceTests.AdminHasAccessToAllFunctions" computerName="DESKTOP-TJ9D65N" duration="00:00:00.0017121" startTime="2022-11-03T11:18:17.6249018+03:00" endTime="2022-11-03T11:18:17.6249019+03:00" testType="13cdc9d9-ddb5-4fa4-a97d-d965ccfc6d4b" outcome="Passed" testListId="8c84fa94-04c1-424b-9868-57a2d4851a1d" relativeResultsDirectory="f4783bba-c2a6-40c6-9a17-155e0c304e2c" />
    <UnitTestResult executionId="9445aa1f-1e9f-46c9-ac58-0c1cae319331" testId="4f297306-d4f3-8d63-e7f4-1ac0b8c58c74" testName="BL.Tests.CheckPermissionsServiceTests.AuthorizedHasNoAccessToAdminSkiPatrolFunctions(functionName: &quot;GetLiftsSlopesInfoAsync&quot;)" computerName="DESKTOP-TJ9D65N" duration="00:00:00.0017081" startTime="2022-11-03T11:18:17.5753529+03:00" endTime="2022-11-03T11:18:17.5753530+03:00" testType="13cdc9d9-ddb5-4fa4-a97d-d965ccfc6d4b" outcome="Passed" testListId="8c84fa94-04c1-424b-9868-57a2d4851a1d" relativeResultsDirectory="9445aa1f-1e9f-46c9-ac58-0c1cae319331" />
    <UnitTestResult executionId="aa56c543-c22e-4f8a-a701-927dc0b0a85c" testId="ba56def0-d682-d29d-bcea-0f036f68f2b3" testName="BL.Tests.LiftsSlopesServiceTests.TestAdminAddAutoIncrementLiftSlopeAsync(lift: Lift { LiftID = 150, LiftName = liftName241ea76d-c1c9-432d-ac8d-a0641819398c, IsOpen = True, SeatsAmount = 168, LiftingTime = 127, QueueTime = 6, ConnectedSlopes =  }, slope: Slope { SlopeID = 193, SlopeName = slopeNameda782b65-0ccd-4abb-a09c-400f66fd2675, IsOpen = False, DifficultyLevel = 172, ConnectedLifts =  }, slopesRepositoryStub: Mock&lt;ISlopesRepository:3&gt;, liftsRepositoryStub: Mock&lt;ILiftsRepository:8&gt;, liftsSlopesRepositoryStub: Mock&lt;ILiftsSlopesRepository:8&gt;)" computerName="DESKTOP-TJ9D65N" duration="00:00:00.0089087" startTime="2022-11-03T11:18:17.4581293+03:00" endTime="2022-11-03T11:18:17.4581293+03:00" testType="13cdc9d9-ddb5-4fa4-a97d-d965ccfc6d4b" outcome="Passed" testListId="8c84fa94-04c1-424b-9868-57a2d4851a1d" relativeResultsDirectory="aa56c543-c22e-4f8a-a701-927dc0b0a85c" />
    <UnitTestResult executionId="9b561c35-7690-4cec-8120-28df6aeae148" testId="8184bd30-991c-b78d-b4ec-99a485eac0dd" testName="BL.Tests.UsersServiceTests.TestRegisterUserWithNoEmail" computerName="DESKTOP-TJ9D65N" duration="00:00:00.0031776" startTime="2022-11-03T11:18:17.4580839+03:00" endTime="2022-11-03T11:18:17.4580839+03:00" testType="13cdc9d9-ddb5-4fa4-a97d-d965ccfc6d4b" outcome="Passed" testListId="8c84fa94-04c1-424b-9868-57a2d4851a1d" relativeResultsDirectory="9b561c35-7690-4cec-8120-28df6aeae148" />
    <UnitTestResult executionId="2d8811f4-e13d-4ba6-b8d9-d43f2fc6e47f" testId="9c7df5e2-1b23-ebea-889f-b78ca86b60ab" testName="BL.Tests.CheckPermissionsServiceTests.AuthorizedHasNoAccessToAdminSkiPatrolFunctions(functionName: &quot;MarkMessageReadByUserAsync&quot;)" computerName="DESKTOP-TJ9D65N" duration="00:00:00.0014693" startTime="2022-11-03T11:18:17.5650214+03:00" endTime="2022-11-03T11:18:17.5650215+03:00" testType="13cdc9d9-ddb5-4fa4-a97d-d965ccfc6d4b" outcome="Passed" testListId="8c84fa94-04c1-424b-9868-57a2d4851a1d" relativeResultsDirectory="2d8811f4-e13d-4ba6-b8d9-d43f2fc6e47f" />
    <UnitTestResult executionId="103fd3ec-638f-476f-96ce-4a1e36597e56" testId="826fe52b-5cf8-da78-a4cd-7dec6252e1c8" testName="BL.Tests.SlopesServiceTest.TestUpdateSlopeInfoAsync(userID: 134, slope: Slope { SlopeID = 31, SlopeName = slopeName6634a46a-ff99-419b-8e11-14ffad560879, IsOpen = True, DifficultyLevel = 194, ConnectedLifts =  }, checkPermissionServiceMock: Mock&lt;ICheckPermissionService:8&gt;, slopesRepositoryStub: Mock&lt;ISlopesRepository:6&gt;, sut: SlopesService { })" computerName="DESKTOP-TJ9D65N" duration="00:00:00.0074505" startTime="2022-11-03T11:18:17.4581126+03:00" endTime="2022-11-03T11:18:17.4581126+03:00" testType="13cdc9d9-ddb5-4fa4-a97d-d965ccfc6d4b" outcome="Passed" testListId="8c84fa94-04c1-424b-9868-57a2d4851a1d" relativeResultsDirectory="103fd3ec-638f-476f-96ce-4a1e36597e56" />
    <UnitTestResult executionId="bab0aefe-9960-4e98-815a-dd701be5bedd" testId="96be2f02-3dc8-856a-3bba-af884866df90" testName="BL.Tests.LiftsServiceTest.TestGetLiftsInfoAsync(userID: 236, initialLifts: [Lift { LiftID = 228, LiftName = liftName84822680-5db1-4a3e-8861-c52b635b6d4a, IsOpen = True, SeatsAmount = 231, LiftingTime = 125, QueueTime = 205, ConnectedSlopes =  }, Lift { LiftID = 60, LiftName = liftNameb039c9b8-48ad-45ec-aef8-28d04cb1abf1, IsOpen = False, SeatsAmount = 233, LiftingTime = 127, QueueTime = 251, ConnectedSlopes =  }, Lift { LiftID = 173, LiftName = liftName2fc2e963-0200-4dc1-84b6-775e29e98fc6, IsOpen = True, SeatsAmount = 8, LiftingTime = 110, QueueTime = 99, ConnectedSlopes =  }], checkPermissionServiceMock: Mock&lt;ICheckPermissionService:2&gt;, liftsRepositoryStub: Mock&lt;ILiftsRepository:2&gt;, liftsSlopesRepositoryStub: Mock&lt;ILiftsSlopesRepository:2&gt;, sut: LiftsService { })" computerName="DESKTOP-TJ9D65N" duration="00:00:00.0069645" startTime="2022-11-03T11:18:17.5568841+03:00" endTime="2022-11-03T11:18:17.5568844+03:00" testType="13cdc9d9-ddb5-4fa4-a97d-d965ccfc6d4b" outcome="Passed" testListId="8c84fa94-04c1-424b-9868-57a2d4851a1d" relativeResultsDirectory="bab0aefe-9960-4e98-815a-dd701be5bedd" />
    <UnitTestResult executionId="50b36136-1db5-46ec-9c82-cf8b15f1430f" testId="60bd668f-04df-da5e-b79b-5d9aedb5234d" testName="BL.Tests.CheckPermissionsServiceTests.SkiPatrolHasAccessToAdminSkiPatrolFunctions(functionName: &quot;MarkMessageReadByUserAsync&quot;)" computerName="DESKTOP-TJ9D65N" duration="00:00:00.0011956" startTime="2022-11-03T11:18:17.5052141+03:00" endTime="2022-11-03T11:18:17.5052142+03:00" testType="13cdc9d9-ddb5-4fa4-a97d-d965ccfc6d4b" outcome="Passed" testListId="8c84fa94-04c1-424b-9868-57a2d4851a1d" relativeResultsDirectory="50b36136-1db5-46ec-9c82-cf8b15f1430f" />
    <UnitTestResult executionId="bd629552-76b4-4a11-86b8-aa91c8fe99f1" testId="9c475eac-c68e-d7d7-aecd-73ba186b8137" testName="BL.Tests.LiftsServiceTest.TestGetLiftInfoAsync(userID: 7, lift: Lift { LiftID = 178, LiftName = liftNameeeabeb42-b069-4947-be9e-3f5059d69999, IsOpen = True, SeatsAmount = 148, LiftingTime = 86, QueueTime = 45, ConnectedSlopes =  }, checkPermissionServiceMock: Mock&lt;ICheckPermissionService:1&gt;, liftsRepositoryStub: Mock&lt;ILiftsRepository:1&gt;, liftsSlopesRepositoryStub: Mock&lt;ILiftsSlopesRepository:1&gt;, sut: LiftsService { })" computerName="DESKTOP-TJ9D65N" duration="00:00:00.0155276" startTime="2022-11-03T11:18:17.4752849+03:00" endTime="2022-11-03T11:18:17.4752850+03:00" testType="13cdc9d9-ddb5-4fa4-a97d-d965ccfc6d4b" outcome="Failed" testListId="8c84fa94-04c1-424b-9868-57a2d4851a1d" relativeResultsDirectory="bd629552-76b4-4a11-86b8-aa91c8fe99f1">
      <Output>
        <ErrorInfo>
          <Message>Assert.NotEqual() Failure
Expected: Not Lift { LiftID = 178, LiftName = liftNameeeabeb42-b069-4947-be9e-3f5059d69999, IsOpen = True, SeatsAmount = 148, LiftingTime = 86, QueueTime = 45, ConnectedSlopes =  }
Actual:   Lift { LiftID = 178, LiftName = liftNameeeabeb42-b069-4947-be9e-3f5059d69999, IsOpen = True, SeatsAmount = 148, LiftingTime = 86, QueueTime = 45, ConnectedSlopes =  }</Message>
          <StackTrace>   at BL.Tests.LiftsServiceTest.TestGetLiftInfoAsync(UInt32 userID, Lift lift, Mock`1 checkPermissionServiceMock, Mock`1 liftsRepositoryStub, Mock`1 liftsSlopesRepositoryStub, LiftsService sut) in /mnt/c/Users/alena/Desktop/7_sem/testing_and_debugging/SkiResort/BL.Tests/LiftsServiceTest.cs:line 42
   at System.Threading.Tasks.Task.&lt;&gt;c.&lt;ThrowAsync&gt;b__128_0(Object state)</StackTrace>
        </ErrorInfo>
      </Output>
    </UnitTestResult>
    <UnitTestResult executionId="7771d8ee-6d6d-4ad5-b701-0df7a8b7e549" testId="06d0bc3a-24a0-fb7f-4277-e9ae6d21c7dd" testName="BL.Tests.UsersServiceTests.TestAdminUpdateUser" computerName="DESKTOP-TJ9D65N" duration="00:00:00.0066235" startTime="2022-11-03T11:18:17.4790327+03:00" endTime="2022-11-03T11:18:17.4790328+03:00" testType="13cdc9d9-ddb5-4fa4-a97d-d965ccfc6d4b" outcome="Passed" testListId="8c84fa94-04c1-424b-9868-57a2d4851a1d" relativeResultsDirectory="7771d8ee-6d6d-4ad5-b701-0df7a8b7e549" />
    <UnitTestResult executionId="25de3cfa-fe49-48bb-97a6-1a69615ede5d" testId="3968cec8-005b-9309-bb34-32da191efeaa" testName="BL.Tests.SlopesServiceTest.TestAdminDeleteSlopeAsync(userID: 8, slope: Slope { SlopeID = 204, SlopeName = slopeName663dd6b7-3ba4-4402-b4e8-d29e2dcc4449, IsOpen = True, DifficultyLevel = 221, ConnectedLifts =  }, checkPermissionServiceMock: Mock&lt;ICheckPermissionService:9&gt;, slopesRepositoryStub: Mock&lt;ISlopesRepository:7&gt;, liftsSlopesRepositoryStub: Mock&lt;ILiftsSlopesRepository:12&gt;, sut: SlopesService { })" computerName="DESKTOP-TJ9D65N" duration="00:00:00.0054212" startTime="2022-11-03T11:18:17.5322772+03:00" endTime="2022-11-03T11:18:17.5322773+03:00" testType="13cdc9d9-ddb5-4fa4-a97d-d965ccfc6d4b" outcome="Passed" testListId="8c84fa94-04c1-424b-9868-57a2d4851a1d" relativeResultsDirectory="25de3cfa-fe49-48bb-97a6-1a69615ede5d" />
    <UnitTestResult executionId="8ea7eec9-4778-4610-a30d-2684bd86b9fe" testId="0e3fbd32-319e-6769-6124-c25547448da6" testName="BL.Tests.SlopesServiceTest.TestAdminAddSlopeAsync(userID: 78, slope: Slope { SlopeID = 115, SlopeName = slopeNameafea0cfe-8e40-4278-96cf-3b8c1eef188b, IsOpen = True, DifficultyLevel = 213, ConnectedLifts =  }, checkPermissionServiceMock: Mock&lt;ICheckPermissionService:11&gt;, slopesRepositoryStub: Mock&lt;ISlopesRepository:9&gt;, sut: SlopesService { })" computerName="DESKTOP-TJ9D65N" duration="00:00:00.0059612" startTime="2022-11-03T11:18:17.4598072+03:00" endTime="2022-11-03T11:18:17.4598073+03:00" testType="13cdc9d9-ddb5-4fa4-a97d-d965ccfc6d4b" outcome="Passed" testListId="8c84fa94-04c1-424b-9868-57a2d4851a1d" relativeResultsDirectory="8ea7eec9-4778-4610-a30d-2684bd86b9fe" />
    <UnitTestResult executionId="a7566909-8e89-4c9b-8aad-1d173181864e" testId="fd142d9e-9a8c-a754-2394-0c15e0675e67" testName="BL.Tests.TurnstilesServiceTest.TestAdminGetTurnstileAsync(userID: 2, turnstile: Turnstile { TurnstileID = 147, LiftID = 29, IsOpen = True }, checkPermissionServiceMock: Mock&lt;ICheckPermissionService:12&gt;, turnstilesRepositoryStub: Mock&lt;ITurnstilesRepository:6&gt;, sut: TurnstilesService { })" computerName="DESKTOP-TJ9D65N" duration="00:00:00.0049634" startTime="2022-11-03T11:18:17.4821366+03:00" endTime="2022-11-03T11:18:17.4821367+03:00" testType="13cdc9d9-ddb5-4fa4-a97d-d965ccfc6d4b" outcome="Passed" testListId="8c84fa94-04c1-424b-9868-57a2d4851a1d" relativeResultsDirectory="a7566909-8e89-4c9b-8aad-1d173181864e" />
    <UnitTestResult executionId="b364fee7-7238-4eb2-94f9-4f4cc5adfc8e" testId="492c0393-35b4-df26-a537-21ca08302f3c" testName="BL.Tests.CheckPermissionsServiceTests.SkiPatrolHasNoAccessToAdminFunctions" computerName="DESKTOP-TJ9D65N" duration="00:00:00.0022888" startTime="2022-11-03T11:18:17.6155926+03:00" endTime="2022-11-03T11:18:17.6155927+03:00" testType="13cdc9d9-ddb5-4fa4-a97d-d965ccfc6d4b" outcome="Passed" testListId="8c84fa94-04c1-424b-9868-57a2d4851a1d" relativeResultsDirectory="b364fee7-7238-4eb2-94f9-4f4cc5adfc8e" />
    <UnitTestResult executionId="b61470d1-d9ca-40eb-ac0d-6a9f596fea55" testId="a19a5fcf-c5d2-7d44-5d7d-84403042f4e0" testName="BL.Tests.CheckPermissionsServiceTests.UnauthorizedHasNoAccessToAdminSkiPatrolFunctions(functionName: &quot;MarkMessageReadByUserAsync&quot;)" computerName="DESKTOP-TJ9D65N" duration="00:00:00.0375122" startTime="2022-11-03T11:18:17.3668083+03:00" endTime="2022-11-03T11:18:17.3668084+03:00" testType="13cdc9d9-ddb5-4fa4-a97d-d965ccfc6d4b" outcome="Passed" testListId="8c84fa94-04c1-424b-9868-57a2d4851a1d" relativeResultsDirectory="b61470d1-d9ca-40eb-ac0d-6a9f596fea55" />
    <UnitTestResult executionId="923b5d26-c90e-45e6-98a2-fa46f1461676" testId="fa960c5e-f989-2880-784e-8efe538c5231" testName="BL.Tests.CheckPermissionsServiceTests.UnauthorizedHasNoAccessToAuthorizedFunctions(functionName: &quot;LogOutAsync&quot;)" computerName="DESKTOP-TJ9D65N" duration="00:00:00.0019539" startTime="2022-11-03T11:18:17.4768978+03:00" endTime="2022-11-03T11:18:17.4768978+03:00" testType="13cdc9d9-ddb5-4fa4-a97d-d965ccfc6d4b" outcome="Passed" testListId="8c84fa94-04c1-424b-9868-57a2d4851a1d" relativeResultsDirectory="923b5d26-c90e-45e6-98a2-fa46f1461676" />
    <UnitTestResult executionId="4657edbb-e0a3-4cf8-bb2e-d93ba8786898" testId="1ca07ad8-f799-c5d4-e7cc-34fd950198a2" testName="BL.Tests.UsersServiceTests.TestLogInOk" computerName="DESKTOP-TJ9D65N" duration="00:00:00.0032399" startTime="2022-11-03T11:18:17.5149154+03:00" endTime="2022-11-03T11:18:17.5149154+03:00" testType="13cdc9d9-ddb5-4fa4-a97d-d965ccfc6d4b" outcome="Passed" testListId="8c84fa94-04c1-424b-9868-57a2d4851a1d" relativeResultsDirectory="4657edbb-e0a3-4cf8-bb2e-d93ba8786898" />
    <UnitTestResult executionId="df802291-3502-454a-a3c7-519c00a4f001" testId="bf772666-b0bf-e04a-bf21-d1f07692e8cd" testName="BL.Tests.LiftsServiceTest.TestAdminAddAutoIncrementLiftAsync(userID: 167, lift: Lift { LiftID = 153, LiftName = liftNamea01e61ec-059c-44f5-9799-9935dc576b7d, IsOpen = True, SeatsAmount = 163, LiftingTime = 147, QueueTime = 245, ConnectedSlopes =  }, checkPermissionServiceMock: Mock&lt;ICheckPermissionService:5&gt;, liftsRepositoryStub: Mock&lt;ILiftsRepository:5&gt;, sut: LiftsService { })" computerName="DESKTOP-TJ9D65N" duration="00:00:00.0100211" startTime="2022-11-03T11:18:17.5325724+03:00" endTime="2022-11-03T11:18:17.5325724+03:00" testType="13cdc9d9-ddb5-4fa4-a97d-d965ccfc6d4b" outcome="Passed" testListId="8c84fa94-04c1-424b-9868-57a2d4851a1d" relativeResultsDirectory="df802291-3502-454a-a3c7-519c00a4f001" />
    <UnitTestResult executionId="fae3d334-4057-4700-8968-c860e8b8be4a" testId="69340bb6-3645-f9dd-971e-29d8b2a009bb" testName="BL.Tests.UsersServiceTests.TestLogInWithWrongPassword" computerName="DESKTOP-TJ9D65N" duration="00:00:00.0024580" startTime="2022-11-03T11:18:17.5308065+03:00" endTime="2022-11-03T11:18:17.5308066+03:00" testType="13cdc9d9-ddb5-4fa4-a97d-d965ccfc6d4b" outcome="Passed" testListId="8c84fa94-04c1-424b-9868-57a2d4851a1d" relativeResultsDirectory="fae3d334-4057-4700-8968-c860e8b8be4a" />
    <UnitTestResult executionId="36a206a6-4592-4b7c-93ac-d8f18829279b" testId="e5497347-2721-b7a6-0bd4-69a9921f6947" testName="BL.Tests.UsersServiceTests.TestAdminGetUserByIDAsync" computerName="DESKTOP-TJ9D65N" duration="00:00:00.0035878" startTime="2022-11-03T11:18:17.5684510+03:00" endTime="2022-11-03T11:18:17.5684510+03:00" testType="13cdc9d9-ddb5-4fa4-a97d-d965ccfc6d4b" outcome="Passed" testListId="8c84fa94-04c1-424b-9868-57a2d4851a1d" relativeResultsDirectory="36a206a6-4592-4b7c-93ac-d8f18829279b" />
    <UnitTestResult executionId="57fbce98-a415-4dff-be53-33396978f8c6" testId="dca19ae1-c6c7-e55f-a421-88d5def845f5" testName="BL.Tests.TurnstilesServiceTest.TestAdminUpdateTurnstileAsync(userID: 229, turnstile: Turnstile { TurnstileID = 29, LiftID = 133, IsOpen = True }, checkPermissionServiceMock: Mock&lt;ICheckPermissionService:14&gt;, turnstilesRepositoryStub: Mock&lt;ITurnstilesRepository:8&gt;, sut: TurnstilesService { })" computerName="DESKTOP-TJ9D65N" duration="00:00:00.0060169" startTime="2022-11-03T11:18:17.4578144+03:00" endTime="2022-11-03T11:18:17.4578145+03:00" testType="13cdc9d9-ddb5-4fa4-a97d-d965ccfc6d4b" outcome="Passed" testListId="8c84fa94-04c1-424b-9868-57a2d4851a1d" relativeResultsDirectory="57fbce98-a415-4dff-be53-33396978f8c6" />
    <UnitTestResult executionId="daf56fd1-bf3e-49cb-9c22-bb088a79a7b9" testId="e2d7e5be-3dae-33ae-fb17-c704b6fd58d6" testName="BL.Tests.CheckPermissionsServiceTests.UnauthorizedHasNoAccessToAdminFunctions" computerName="DESKTOP-TJ9D65N" duration="00:00:00.0032799" startTime="2022-11-03T11:18:17.6053677+03:00" endTime="2022-11-03T11:18:17.6053678+03:00" testType="13cdc9d9-ddb5-4fa4-a97d-d965ccfc6d4b" outcome="Passed" testListId="8c84fa94-04c1-424b-9868-57a2d4851a1d" relativeResultsDirectory="daf56fd1-bf3e-49cb-9c22-bb088a79a7b9" />
    <UnitTestResult executionId="513f0131-3a1c-4fc7-ad87-995f99d3eaa4" testId="c36970dc-93f7-753e-fa47-157133b01644" testName="BL.Tests.CheckPermissionsServiceTests.SkiPatrolHasAccessToAdminSkiPatrolFunctions(functionName: &quot;GetMessagesAsync&quot;)" computerName="DESKTOP-TJ9D65N" duration="00:00:00.0013939" startTime="2022-11-03T11:18:17.5158920+03:00" endTime="2022-11-03T11:18:17.5158920+03:00" testType="13cdc9d9-ddb5-4fa4-a97d-d965ccfc6d4b" outcome="Passed" testListId="8c84fa94-04c1-424b-9868-57a2d4851a1d" relativeResultsDirectory="513f0131-3a1c-4fc7-ad87-995f99d3eaa4" />
    <UnitTestResult executionId="16d99f61-e23f-4db6-a0b5-a386ed0ec674" testId="634f5ae2-6253-2c96-49e8-7db2e9d0bb99" testName="BL.Tests.SlopesServiceTest.TestAdminAddAutoIncrementSlopeAsync(userID: 22, slope: Slope { SlopeID = 161, SlopeName = slopeNamef9eb4707-8af5-48ed-9cd8-9d7090fb824e, IsOpen = True, DifficultyLevel = 175, ConnectedLifts =  }, checkPermissionServiceMock: Mock&lt;ICheckPermissionService:10&gt;, slopesRepositoryStub: Mock&lt;ISlopesRepository:8&gt;, sut: SlopesService { })" computerName="DESKTOP-TJ9D65N" duration="00:00:00.0395185" startTime="2022-11-03T11:18:17.3628633+03:00" endTime="2022-11-03T11:18:17.3629341+03:00" testType="13cdc9d9-ddb5-4fa4-a97d-d965ccfc6d4b" outcome="Passed" testListId="8c84fa94-04c1-424b-9868-57a2d4851a1d" relativeResultsDirectory="16d99f61-e23f-4db6-a0b5-a386ed0ec674" />
    <UnitTestResult executionId="07ea8b3f-8b58-4a0e-9194-c94e8b72efe4" testId="18ae2824-e035-a759-6055-8ac3b88871ad" testName="BL.Tests.LiftsServiceTest.TestUpdateLiftInfoAsync(userID: 240, lift: Lift { LiftID = 40, LiftName = liftName7e52e175-f0f7-4443-9c0e-28cf10c19cd8, IsOpen = True, SeatsAmount = 29, LiftingTime = 1, QueueTime = 98, ConnectedSlopes =  }, checkPermissionServiceMock: Mock&lt;ICheckPermissionService:3&gt;, liftsRepositoryStub: Mock&lt;ILiftsRepository:3&gt;, sut: LiftsService { })" computerName="DESKTOP-TJ9D65N" duration="00:00:00.0382607" startTime="2022-11-03T11:18:17.3668557+03:00" endTime="2022-11-03T11:18:17.3668557+03:00" testType="13cdc9d9-ddb5-4fa4-a97d-d965ccfc6d4b" outcome="Passed" testListId="8c84fa94-04c1-424b-9868-57a2d4851a1d" relativeResultsDirectory="07ea8b3f-8b58-4a0e-9194-c94e8b72efe4" />
    <UnitTestResult executionId="dbcd4cfd-7d6c-48fa-93ab-37895893b998" testId="229812f5-9a73-5335-11f5-31330d1348a5" testName="BL.Tests.CheckPermissionsServiceTests.UnauthorizedHasNoAccessToAdminSkiPatrolFunctions(functionName: &quot;GetMessagesAsync&quot;)" computerName="DESKTOP-TJ9D65N" duration="00:00:00.0016833" startTime="2022-11-03T11:18:17.4582355+03:00" endTime="2022-11-03T11:18:17.4582355+03:00" testType="13cdc9d9-ddb5-4fa4-a97d-d965ccfc6d4b" outcome="Passed" testListId="8c84fa94-04c1-424b-9868-57a2d4851a1d" relativeResultsDirectory="dbcd4cfd-7d6c-48fa-93ab-37895893b998" />
    <UnitTestResult executionId="ff6771e4-a7a4-4647-a11d-d910e24322a1" testId="18fa8c62-e27d-e1fc-8182-4d7db62b008d" testName="BL.Tests.UsersServiceTests.TestAdminDeleteUser" computerName="DESKTOP-TJ9D65N" duration="00:00:00.0027617" startTime="2022-11-03T11:18:17.5789814+03:00" endTime="2022-11-03T11:18:17.5789815+03:00" testType="13cdc9d9-ddb5-4fa4-a97d-d965ccfc6d4b" outcome="Passed" testListId="8c84fa94-04c1-424b-9868-57a2d4851a1d" relativeResultsDirectory="ff6771e4-a7a4-4647-a11d-d910e24322a1" />
    <UnitTestResult executionId="747e6d7e-aa48-452a-b6ef-9a83e2bf9441" testId="a2e59116-cb53-1d70-9cb8-21c286516866" testName="BL.Tests.CheckPermissionsServiceTests.AuthorizedHasNoAccessToAdminFunctions" computerName="DESKTOP-TJ9D65N" duration="00:00:00.0025629" startTime="2022-11-03T11:18:17.5326604+03:00" endTime="2022-11-03T11:18:17.5326605+03:00" testType="13cdc9d9-ddb5-4fa4-a97d-d965ccfc6d4b" outcome="Passed" testListId="8c84fa94-04c1-424b-9868-57a2d4851a1d" relativeResultsDirectory="747e6d7e-aa48-452a-b6ef-9a83e2bf9441" />
    <UnitTestResult executionId="1a3d9c0b-b77c-48df-ace4-e905905bb596" testId="eaabd2fc-2f4b-5689-59c8-c7ad34a8f634" testName="BL.Tests.CheckPermissionsServiceTests.UnauthorizedHasNoAccessToAuthorizedFunctions(functionName: &quot;SendMessageAsync&quot;)" computerName="DESKTOP-TJ9D65N" duration="00:00:00.0054174" startTime="2022-11-03T11:18:17.4757480+03:00" endTime="2022-11-03T11:18:17.4757480+03:00" testType="13cdc9d9-ddb5-4fa4-a97d-d965ccfc6d4b" outcome="Passed" testListId="8c84fa94-04c1-424b-9868-57a2d4851a1d" relativeResultsDirectory="1a3d9c0b-b77c-48df-ace4-e905905bb596" />
    <UnitTestResult executionId="9afdd348-9c2b-484f-9af5-3a62fb08be25" testId="20ad8570-0170-85de-dcd7-2f109dd7bcd6" testName="BL.Tests.UsersServiceTests.TestAdminGetUsers" computerName="DESKTOP-TJ9D65N" duration="00:00:00.0428951" startTime="2022-11-03T11:18:17.3668991+03:00" endTime="2022-11-03T11:18:17.3668991+03:00" testType="13cdc9d9-ddb5-4fa4-a97d-d965ccfc6d4b" outcome="Passed" testListId="8c84fa94-04c1-424b-9868-57a2d4851a1d" relativeResultsDirectory="9afdd348-9c2b-484f-9af5-3a62fb08be25" />
  </Results>
  <TestDefinitions>
    <UnitTest name="BL.Tests.UsersServiceTests.TestAdminAddAutoIncrementUser" storage="/mnt/c/users/alena/desktop/7_sem/testing_and_debugging/skiresort/bl.tests/bin/debug/net6.0/bl.tests.dll" id="834c739b-eca4-b36d-6a66-5a1bd75377b8">
      <Execution id="328e8c6c-6f31-4cfe-bf5d-826c61f296f3" />
      <TestMethod codeBase="/mnt/c/Users/alena/Desktop/7_sem/testing_and_debugging/SkiResort/BL.Tests/bin/Debug/net6.0/BL.Tests.dll" adapterTypeName="executor://xunit/VsTestRunner2/netcoreapp" className="BL.Tests.UsersServiceTests" name="TestAdminAddAutoIncrementUser" />
    </UnitTest>
    <UnitTest name="BL.Tests.CheckPermissionsServiceTests.SkiPatrolHasAccessToAdminSkiPatrolFunctions(functionName: &quot;MarkMessageReadByUserAsync&quot;)" storage="/mnt/c/users/alena/desktop/7_sem/testing_and_debugging/skiresort/bl.tests/bin/debug/net6.0/bl.tests.dll" id="60bd668f-04df-da5e-b79b-5d9aedb5234d">
      <Execution id="50b36136-1db5-46ec-9c82-cf8b15f1430f" />
      <TestMethod codeBase="/mnt/c/Users/alena/Desktop/7_sem/testing_and_debugging/SkiResort/BL.Tests/bin/Debug/net6.0/BL.Tests.dll" adapterTypeName="executor://xunit/VsTestRunner2/netcoreapp" className="BL.Tests.CheckPermissionsServiceTests" name="SkiPatrolHasAccessToAdminSkiPatrolFunctions" />
    </UnitTest>
    <UnitTest name="BL.Tests.CheckPermissionsServiceTests.AuthorizedHasAccessToAuthorizedFunctions(functionName: &quot;SendMessageAsync&quot;)" storage="/mnt/c/users/alena/desktop/7_sem/testing_and_debugging/skiresort/bl.tests/bin/debug/net6.0/bl.tests.dll" id="644ec43e-70cd-c82d-42e7-0d990be1414d">
      <Execution id="79b2f201-7adf-499a-b729-bd282223ace6" />
      <TestMethod codeBase="/mnt/c/Users/alena/Desktop/7_sem/testing_and_debugging/SkiResort/BL.Tests/bin/Debug/net6.0/BL.Tests.dll" adapterTypeName="executor://xunit/VsTestRunner2/netcoreapp" className="BL.Tests.CheckPermissionsServiceTests" name="AuthorizedHasAccessToAuthorizedFunctions" />
    </UnitTest>
    <UnitTest name="BL.Tests.CheckPermissionsServiceTests.AuthorizedHasNoAccessToAdminSkiPatrolFunctions(functionName: &quot;MarkMessageReadByUserAsync&quot;)" storage="/mnt/c/users/alena/desktop/7_sem/testing_and_debugging/skiresort/bl.tests/bin/debug/net6.0/bl.tests.dll" id="9c7df5e2-1b23-ebea-889f-b78ca86b60ab">
      <Execution id="2d8811f4-e13d-4ba6-b8d9-d43f2fc6e47f" />
      <TestMethod codeBase="/mnt/c/Users/alena/Desktop/7_sem/testing_and_debugging/SkiResort/BL.Tests/bin/Debug/net6.0/BL.Tests.dll" adapterTypeName="executor://xunit/VsTestRunner2/netcoreapp" className="BL.Tests.CheckPermissionsServiceTests" name="AuthorizedHasNoAccessToAdminSkiPatrolFunctions" />
    </UnitTest>
    <UnitTest name="BL.Tests.LiftsServiceTest.TestGetLiftInfoAsync(userID: 7, lift: Lift { LiftID = 178, LiftName = liftNameeeabeb42-b069-4947-be9e-3f5059d69999, IsOpen = True, SeatsAmount = 148, LiftingTime = 86, QueueTime = 45, ConnectedSlopes =  }, checkPermissionServiceMock: Mock&lt;ICheckPermissionService:1&gt;, liftsRepositoryStub: Mock&lt;ILiftsRepository:1&gt;, liftsSlopesRepositoryStub: Mock&lt;ILiftsSlopesRepository:1&gt;, sut: LiftsService { })" storage="/mnt/c/users/alena/desktop/7_sem/testing_and_debugging/skiresort/bl.tests/bin/debug/net6.0/bl.tests.dll" id="9c475eac-c68e-d7d7-aecd-73ba186b8137">
      <Execution id="bd629552-76b4-4a11-86b8-aa91c8fe99f1" />
      <TestMethod codeBase="/mnt/c/Users/alena/Desktop/7_sem/testing_and_debugging/SkiResort/BL.Tests/bin/Debug/net6.0/BL.Tests.dll" adapterTypeName="executor://xunit/VsTestRunner2/netcoreapp" className="BL.Tests.LiftsServiceTest" name="TestGetLiftInfoAsync" />
    </UnitTest>
    <UnitTest name="BL.Tests.SlopesServiceTest.TestAdminAddAutoIncrementSlopeAsync(userID: 22, slope: Slope { SlopeID = 161, SlopeName = slopeNamef9eb4707-8af5-48ed-9cd8-9d7090fb824e, IsOpen = True, DifficultyLevel = 175, ConnectedLifts =  }, checkPermissionServiceMock: Mock&lt;ICheckPermissionService:10&gt;, slopesRepositoryStub: Mock&lt;ISlopesRepository:8&gt;, sut: SlopesService { })" storage="/mnt/c/users/alena/desktop/7_sem/testing_and_debugging/skiresort/bl.tests/bin/debug/net6.0/bl.tests.dll" id="634f5ae2-6253-2c96-49e8-7db2e9d0bb99">
      <Execution id="16d99f61-e23f-4db6-a0b5-a386ed0ec674" />
      <TestMethod codeBase="/mnt/c/Users/alena/Desktop/7_sem/testing_and_debugging/SkiResort/BL.Tests/bin/Debug/net6.0/BL.Tests.dll" adapterTypeName="executor://xunit/VsTestRunner2/netcoreapp" className="BL.Tests.SlopesServiceTest" name="TestAdminAddAutoIncrementSlopeAsync" />
    </UnitTest>
    <UnitTest name="BL.Tests.CheckPermissionsServiceTests.UnauthorizedHasNoAccessToAuthorizedFunctions(functionName: &quot;SendMessageAsync&quot;)" storage="/mnt/c/users/alena/desktop/7_sem/testing_and_debugging/skiresort/bl.tests/bin/debug/net6.0/bl.tests.dll" id="eaabd2fc-2f4b-5689-59c8-c7ad34a8f634">
      <Execution id="1a3d9c0b-b77c-48df-ace4-e905905bb596" />
      <TestMethod codeBase="/mnt/c/Users/alena/Desktop/7_sem/testing_and_debugging/SkiResort/BL.Tests/bin/Debug/net6.0/BL.Tests.dll" adapterTypeName="executor://xunit/VsTestRunner2/netcoreapp" className="BL.Tests.CheckPermissionsServiceTests" name="UnauthorizedHasNoAccessToAuthorizedFunctions" />
    </UnitTest>
    <UnitTest name="BL.Tests.CheckPermissionsServiceTests.AdminHasAccessToAllFunctions" storage="/mnt/c/users/alena/desktop/7_sem/testing_and_debugging/skiresort/bl.tests/bin/debug/net6.0/bl.tests.dll" id="f3efc418-a8a6-c7b7-9bac-90b33aa8472f">
      <Execution id="f4783bba-c2a6-40c6-9a17-155e0c304e2c" />
      <TestMethod codeBase="/mnt/c/Users/alena/Desktop/7_sem/testing_and_debugging/SkiResort/BL.Tests/bin/Debug/net6.0/BL.Tests.dll" adapterTypeName="executor://xunit/VsTestRunner2/netcoreapp" className="BL.Tests.CheckPermissionsServiceTests" name="AdminHasAccessToAllFunctions" />
    </UnitTest>
    <UnitTest name="BL.Tests.LiftsServiceTest.TestAdminAddAutoIncrementLiftAsync(userID: 167, lift: Lift { LiftID = 153, LiftName = liftNamea01e61ec-059c-44f5-9799-9935dc576b7d, IsOpen = True, SeatsAmount = 163, LiftingTime = 147, QueueTime = 245, ConnectedSlopes =  }, checkPermissionServiceMock: Mock&lt;ICheckPermissionService:5&gt;, liftsRepositoryStub: Mock&lt;ILiftsRepository:5&gt;, sut: LiftsService { })" storage="/mnt/c/users/alena/desktop/7_sem/testing_and_debugging/skiresort/bl.tests/bin/debug/net6.0/bl.tests.dll" id="bf772666-b0bf-e04a-bf21-d1f07692e8cd">
      <Execution id="df802291-3502-454a-a3c7-519c00a4f001" />
      <TestMethod codeBase="/mnt/c/Users/alena/Desktop/7_sem/testing_and_debugging/SkiResort/BL.Tests/bin/Debug/net6.0/BL.Tests.dll" adapterTypeName="executor://xunit/VsTestRunner2/netcoreapp" className="BL.Tests.LiftsServiceTest" name="TestAdminAddAutoIncrementLiftAsync" />
    </UnitTest>
    <UnitTest name="BL.Tests.UsersServiceTests.TestLogInOk" storage="/mnt/c/users/alena/desktop/7_sem/testing_and_debugging/skiresort/bl.tests/bin/debug/net6.0/bl.tests.dll" id="1ca07ad8-f799-c5d4-e7cc-34fd950198a2">
      <Execution id="4657edbb-e0a3-4cf8-bb2e-d93ba8786898" />
      <TestMethod codeBase="/mnt/c/Users/alena/Desktop/7_sem/testing_and_debugging/SkiResort/BL.Tests/bin/Debug/net6.0/BL.Tests.dll" adapterTypeName="executor://xunit/VsTestRunner2/netcoreapp" className="BL.Tests.UsersServiceTests" name="TestLogInOk" />
    </UnitTest>
    <UnitTest name="BL.Tests.CheckPermissionsServiceTests.UnauthorizedHasNoAccessToAdminSkiPatrolFunctions(functionName: &quot;MarkMessageReadByUserAsync&quot;)" storage="/mnt/c/users/alena/desktop/7_sem/testing_and_debugging/skiresort/bl.tests/bin/debug/net6.0/bl.tests.dll" id="a19a5fcf-c5d2-7d44-5d7d-84403042f4e0">
      <Execution id="b61470d1-d9ca-40eb-ac0d-6a9f596fea55" />
      <TestMethod codeBase="/mnt/c/Users/alena/Desktop/7_sem/testing_and_debugging/SkiResort/BL.Tests/bin/Debug/net6.0/BL.Tests.dll" adapterTypeName="executor://xunit/VsTestRunner2/netcoreapp" className="BL.Tests.CheckPermissionsServiceTests" name="UnauthorizedHasNoAccessToAdminSkiPatrolFunctions" />
    </UnitTest>
    <UnitTest name="BL.Tests.CheckPermissionsServiceTests.AuthorizedHasAccessToAuthorizedFunctions(functionName: &quot;LogOutAsync&quot;)" storage="/mnt/c/users/alena/desktop/7_sem/testing_and_debugging/skiresort/bl.tests/bin/debug/net6.0/bl.tests.dll" id="aa28a6b3-21d3-aa45-24d3-bef2facbc899">
      <Execution id="3fbd9a13-7683-442e-ae84-69bee4dedb06" />
      <TestMethod codeBase="/mnt/c/Users/alena/Desktop/7_sem/testing_and_debugging/SkiResort/BL.Tests/bin/Debug/net6.0/BL.Tests.dll" adapterTypeName="executor://xunit/VsTestRunner2/netcoreapp" className="BL.Tests.CheckPermissionsServiceTests" name="AuthorizedHasAccessToAuthorizedFunctions" />
    </UnitTest>
    <UnitTest name="BL.Tests.CheckPermissionsServiceTests.SkiPatrolHasAccessToAdminSkiPatrolFunctions(functionName: &quot;GetMessagesAsync&quot;)" storage="/mnt/c/users/alena/desktop/7_sem/testing_and_debugging/skiresort/bl.tests/bin/debug/net6.0/bl.tests.dll" id="c36970dc-93f7-753e-fa47-157133b01644">
      <Execution id="513f0131-3a1c-4fc7-ad87-995f99d3eaa4" />
      <TestMethod codeBase="/mnt/c/Users/alena/Desktop/7_sem/testing_and_debugging/SkiResort/BL.Tests/bin/Debug/net6.0/BL.Tests.dll" adapterTypeName="executor://xunit/VsTestRunner2/netcoreapp" className="BL.Tests.CheckPermissionsServiceTests" name="SkiPatrolHasAccessToAdminSkiPatrolFunctions" />
    </UnitTest>
    <UnitTest name="BL.Tests.TurnstilesServiceTest.TestAdminAddAutoIncrementTurnstileAsync(userID: 121, turnstile: Turnstile { TurnstileID = 87, LiftID = 203, IsOpen = True }, checkPermissionServiceMock: Mock&lt;ICheckPermissionService:16&gt;, turnstilesRepositoryStub: Mock&lt;ITurnstilesRepository:10&gt;, sut: TurnstilesService { })" storage="/mnt/c/users/alena/desktop/7_sem/testing_and_debugging/skiresort/bl.tests/bin/debug/net6.0/bl.tests.dll" id="e0c3ce15-915a-264e-bc81-a46dddb888a3">
      <Execution id="55318adc-5c2c-4acb-80bb-fc65113422d9" />
      <TestMethod codeBase="/mnt/c/Users/alena/Desktop/7_sem/testing_and_debugging/SkiResort/BL.Tests/bin/Debug/net6.0/BL.Tests.dll" adapterTypeName="executor://xunit/VsTestRunner2/netcoreapp" className="BL.Tests.TurnstilesServiceTest" name="TestAdminAddAutoIncrementTurnstileAsync" />
    </UnitTest>
    <UnitTest name="BL.Tests.CheckPermissionsServiceTests.AuthorizedHasNoAccessToAdminFunctions" storage="/mnt/c/users/alena/desktop/7_sem/testing_and_debugging/skiresort/bl.tests/bin/debug/net6.0/bl.tests.dll" id="a2e59116-cb53-1d70-9cb8-21c286516866">
      <Execution id="747e6d7e-aa48-452a-b6ef-9a83e2bf9441" />
      <TestMethod codeBase="/mnt/c/Users/alena/Desktop/7_sem/testing_and_debugging/SkiResort/BL.Tests/bin/Debug/net6.0/BL.Tests.dll" adapterTypeName="executor://xunit/VsTestRunner2/netcoreapp" className="BL.Tests.CheckPermissionsServiceTests" name="AuthorizedHasNoAccessToAdminFunctions" />
    </UnitTest>
    <UnitTest name="BL.Tests.LiftsServiceTest.TestAdminDeleteLiftAsync(userID: 221, lift: Lift { LiftID = 144, LiftName = liftNamed8acbea0-920f-4ecf-8d4d-f68ea1fd67af, IsOpen = True, SeatsAmount = 14, LiftingTime = 176, QueueTime = 206, ConnectedSlopes =  }, checkPermissionServiceMock: Mock&lt;ICheckPermissionService:4&gt;, liftsRepositoryStub: Mock&lt;ILiftsRepository:4&gt;, liftsSlopesRepositoryStub: Mock&lt;ILiftsSlopesRepository:4&gt;, sut: LiftsService { })" storage="/mnt/c/users/alena/desktop/7_sem/testing_and_debugging/skiresort/bl.tests/bin/debug/net6.0/bl.tests.dll" id="5014b193-7ed8-1c41-307d-b1f166622ccf">
      <Execution id="fa45b006-4c4e-490e-9b8f-32461e4edb7f" />
      <TestMethod codeBase="/mnt/c/Users/alena/Desktop/7_sem/testing_and_debugging/SkiResort/BL.Tests/bin/Debug/net6.0/BL.Tests.dll" adapterTypeName="executor://xunit/VsTestRunner2/netcoreapp" className="BL.Tests.LiftsServiceTest" name="TestAdminDeleteLiftAsync" />
    </UnitTest>
    <UnitTest name="BL.Tests.CheckPermissionsServiceTests.SkiPatrolHasAccessToAdminSkiPatrolFunctions(functionName: &quot;GetLiftsSlopesInfoAsync&quot;)" storage="/mnt/c/users/alena/desktop/7_sem/testing_and_debugging/skiresort/bl.tests/bin/debug/net6.0/bl.tests.dll" id="2d706594-f2b3-b3c8-21d4-86c9798c3306">
      <Execution id="15a625c0-31e1-4188-9f0e-d381e0719e18" />
      <TestMethod codeBase="/mnt/c/Users/alena/Desktop/7_sem/testing_and_debugging/SkiResort/BL.Tests/bin/Debug/net6.0/BL.Tests.dll" adapterTypeName="executor://xunit/VsTestRunner2/netcoreapp" className="BL.Tests.CheckPermissionsServiceTests" name="SkiPatrolHasAccessToAdminSkiPatrolFunctions" />
    </UnitTest>
    <UnitTest name="BL.Tests.CheckPermissionsServiceTests.AuthorizedHasNoAccessToAdminSkiPatrolFunctions(functionName: &quot;GetLiftsSlopesInfoAsync&quot;)" storage="/mnt/c/users/alena/desktop/7_sem/testing_and_debugging/skiresort/bl.tests/bin/debug/net6.0/bl.tests.dll" id="4f297306-d4f3-8d63-e7f4-1ac0b8c58c74">
      <Execution id="9445aa1f-1e9f-46c9-ac58-0c1cae319331" />
      <TestMethod codeBase="/mnt/c/Users/alena/Desktop/7_sem/testing_and_debugging/SkiResort/BL.Tests/bin/Debug/net6.0/BL.Tests.dll" adapterTypeName="executor://xunit/VsTestRunner2/netcoreapp" className="BL.Tests.CheckPermissionsServiceTests" name="AuthorizedHasNoAccessToAdminSkiPatrolFunctions" />
    </UnitTest>
    <UnitTest name="BL.Tests.CheckPermissionsServiceTests.UnauthorizedHasNoAccessToAdminSkiPatrolFunctions(functionName: &quot;GetLiftsSlopesInfoAsync&quot;)" storage="/mnt/c/users/alena/desktop/7_sem/testing_and_debugging/skiresort/bl.tests/bin/debug/net6.0/bl.tests.dll" id="387c9729-48c1-486e-5e67-f5d11a9f0db8">
      <Execution id="2d0b31cc-f45e-43c0-b014-2610f9a1ec20" />
      <TestMethod codeBase="/mnt/c/Users/alena/Desktop/7_sem/testing_and_debugging/SkiResort/BL.Tests/bin/Debug/net6.0/BL.Tests.dll" adapterTypeName="executor://xunit/VsTestRunner2/netcoreapp" className="BL.Tests.CheckPermissionsServiceTests" name="UnauthorizedHasNoAccessToAdminSkiPatrolFunctions" />
    </UnitTest>
    <UnitTest name="BL.Tests.LiftsServiceTest.TestGetLiftsInfoAsync(userID: 236, initialLifts: [Lift { LiftID = 228, LiftName = liftName84822680-5db1-4a3e-8861-c52b635b6d4a, IsOpen = True, SeatsAmount = 231, LiftingTime = 125, QueueTime = 205, ConnectedSlopes =  }, Lift { LiftID = 60, LiftName = liftNameb039c9b8-48ad-45ec-aef8-28d04cb1abf1, IsOpen = False, SeatsAmount = 233, LiftingTime = 127, QueueTime = 251, ConnectedSlopes =  }, Lift { LiftID = 173, LiftNam..." storage="/mnt/c/users/alena/desktop/7_sem/testing_and_debugging/skiresort/bl.tests/bin/debug/net6.0/bl.tests.dll" id="96be2f02-3dc8-856a-3bba-af884866df90">
      <Execution id="bab0aefe-9960-4e98-815a-dd701be5bedd" />
      <TestMethod codeBase="/mnt/c/Users/alena/Desktop/7_sem/testing_and_debugging/SkiResort/BL.Tests/bin/Debug/net6.0/BL.Tests.dll" adapterTypeName="executor://xunit/VsTestRunner2/netcoreapp" className="BL.Tests.LiftsServiceTest" name="TestGetLiftsInfoAsync" />
    </UnitTest>
    <UnitTest name="BL.Tests.UsersServiceTests.TestRegisterUserWithRepeatedEmail" storage="/mnt/c/users/alena/desktop/7_sem/testing_and_debugging/skiresort/bl.tests/bin/debug/net6.0/bl.tests.dll" id="894941c1-bfa7-d8f9-c047-1e1ceefe2c2f">
      <Execution id="7dce6a5a-fbce-468c-b4b0-34da9dfdbb24" />
      <TestMethod codeBase="/mnt/c/Users/alena/Desktop/7_sem/testing_and_debugging/SkiResort/BL.Tests/bin/Debug/net6.0/BL.Tests.dll" adapterTypeName="executor://xunit/VsTestRunner2/netcoreapp" className="BL.Tests.UsersServiceTests" name="TestRegisterUserWithRepeatedEmail" />
    </UnitTest>
    <UnitTest name="BL.Tests.CheckPermissionsServiceTests.UnauthorizedHasNoAccessToAdminFunctions" storage="/mnt/c/users/alena/desktop/7_sem/testing_and_debugging/skiresort/bl.tests/bin/debug/net6.0/bl.tests.dll" id="e2d7e5be-3dae-33ae-fb17-c704b6fd58d6">
      <Execution id="daf56fd1-bf3e-49cb-9c22-bb088a79a7b9" />
      <TestMethod codeBase="/mnt/c/Users/alena/Desktop/7_sem/testing_and_debugging/SkiResort/BL.Tests/bin/Debug/net6.0/BL.Tests.dll" adapterTypeName="executor://xunit/VsTestRunner2/netcoreapp" className="BL.Tests.CheckPermissionsServiceTests" name="UnauthorizedHasNoAccessToAdminFunctions" />
    </UnitTest>
    <UnitTest name="BL.Tests.UsersServiceTests.TestRegisterUserWithNoPassword" storage="/mnt/c/users/alena/desktop/7_sem/testing_and_debugging/skiresort/bl.tests/bin/debug/net6.0/bl.tests.dll" id="f44a1b21-8efc-bfac-63b4-d534442def31">
      <Execution id="03783bdf-3379-45a9-b355-129acb086ec8" />
      <TestMethod codeBase="/mnt/c/Users/alena/Desktop/7_sem/testing_and_debugging/SkiResort/BL.Tests/bin/Debug/net6.0/BL.Tests.dll" adapterTypeName="executor://xunit/VsTestRunner2/netcoreapp" className="BL.Tests.UsersServiceTests" name="TestRegisterUserWithNoPassword" />
    </UnitTest>
    <UnitTest name="BL.Tests.LiftsSlopesServiceTests.TestAdminAddAutoIncrementLiftSlopeAsync(lift: Lift { LiftID = 150, LiftName = liftName241ea76d-c1c9-432d-ac8d-a0641819398c, IsOpen = True, SeatsAmount = 168, LiftingTime = 127, QueueTime = 6, ConnectedSlopes =  }, slope: Slope { SlopeID = 193, SlopeName = slopeNameda782b65-0ccd-4abb-a09c-400f66fd2675, IsOpen = False, DifficultyLevel = 172, ConnectedLifts =  }, slopesRepositoryStub: Mock&lt;ISlopesRepository:3&gt;,..." storage="/mnt/c/users/alena/desktop/7_sem/testing_and_debugging/skiresort/bl.tests/bin/debug/net6.0/bl.tests.dll" id="ba56def0-d682-d29d-bcea-0f036f68f2b3">
      <Execution id="aa56c543-c22e-4f8a-a701-927dc0b0a85c" />
      <TestMethod codeBase="/mnt/c/Users/alena/Desktop/7_sem/testing_and_debugging/SkiResort/BL.Tests/bin/Debug/net6.0/BL.Tests.dll" adapterTypeName="executor://xunit/VsTestRunner2/netcoreapp" className="BL.Tests.LiftsSlopesServiceTests" name="TestAdminAddAutoIncrementLiftSlopeAsync" />
    </UnitTest>
    <UnitTest name="BL.Tests.CheckPermissionsServiceTests.SkiPatrolHasNoAccessToAdminFunctions" storage="/mnt/c/users/alena/desktop/7_sem/testing_and_debugging/skiresort/bl.tests/bin/debug/net6.0/bl.tests.dll" id="492c0393-35b4-df26-a537-21ca08302f3c">
      <Execution id="b364fee7-7238-4eb2-94f9-4f4cc5adfc8e" />
      <TestMethod codeBase="/mnt/c/Users/alena/Desktop/7_sem/testing_and_debugging/SkiResort/BL.Tests/bin/Debug/net6.0/BL.Tests.dll" adapterTypeName="executor://xunit/VsTestRunner2/netcoreapp" className="BL.Tests.CheckPermissionsServiceTests" name="SkiPatrolHasNoAccessToAdminFunctions" />
    </UnitTest>
    <UnitTest name="BL.Tests.UsersServiceTests.TestAdminDeleteUser" storage="/mnt/c/users/alena/desktop/7_sem/testing_and_debugging/skiresort/bl.tests/bin/debug/net6.0/bl.tests.dll" id="18fa8c62-e27d-e1fc-8182-4d7db62b008d">
      <Execution id="ff6771e4-a7a4-4647-a11d-d910e24322a1" />
      <TestMethod codeBase="/mnt/c/Users/alena/Desktop/7_sem/testing_and_debugging/SkiResort/BL.Tests/bin/Debug/net6.0/BL.Tests.dll" adapterTypeName="executor://xunit/VsTestRunner2/netcoreapp" className="BL.Tests.UsersServiceTests" name="TestAdminDeleteUser" />
    </UnitTest>
    <UnitTest name="BL.Tests.SlopesServiceTest.TestGetSlopesInfoAsync(userID: 52, initialSlopes: [Slope { SlopeID = 44, SlopeName = slopeNamed51e5e2b-d428-4e0a-909e-b0a02abd3e34, IsOpen = True, DifficultyLevel = 242, ConnectedLifts =  }, Slope { SlopeID = 189, SlopeName = slopeName23b95bd0-53f5-479e-b7e2-9f2d76585025, IsOpen = False, DifficultyLevel = 158, ConnectedLifts =  }, Slope { SlopeID = 218, SlopeName = slopeName2bd08162-dc2e-4cd3-8b96-7adbb5326d04, Is..." storage="/mnt/c/users/alena/desktop/7_sem/testing_and_debugging/skiresort/bl.tests/bin/debug/net6.0/bl.tests.dll" id="7f64c1b3-e24f-7990-39ea-2a71e9e09e9d">
      <Execution id="9e2764be-ffed-466c-b442-bc85cd62864b" />
      <TestMethod codeBase="/mnt/c/Users/alena/Desktop/7_sem/testing_and_debugging/SkiResort/BL.Tests/bin/Debug/net6.0/BL.Tests.dll" adapterTypeName="executor://xunit/VsTestRunner2/netcoreapp" className="BL.Tests.SlopesServiceTest" name="TestGetSlopesInfoAsync" />
    </UnitTest>
    <UnitTest name="BL.Tests.UsersServiceTests.TestLogInWithWrongPassword" storage="/mnt/c/users/alena/desktop/7_sem/testing_and_debugging/skiresort/bl.tests/bin/debug/net6.0/bl.tests.dll" id="69340bb6-3645-f9dd-971e-29d8b2a009bb">
      <Execution id="fae3d334-4057-4700-8968-c860e8b8be4a" />
      <TestMethod codeBase="/mnt/c/Users/alena/Desktop/7_sem/testing_and_debugging/SkiResort/BL.Tests/bin/Debug/net6.0/BL.Tests.dll" adapterTypeName="executor://xunit/VsTestRunner2/netcoreapp" className="BL.Tests.UsersServiceTests" name="TestLogInWithWrongPassword" />
    </UnitTest>
    <UnitTest name="BL.Tests.TurnstilesServiceTest.TestAdminUpdateTurnstileAsync(userID: 229, turnstile: Turnstile { TurnstileID = 29, LiftID = 133, IsOpen = True }, checkPermissionServiceMock: Mock&lt;ICheckPermissionService:14&gt;, turnstilesRepositoryStub: Mock&lt;ITurnstilesRepository:8&gt;, sut: TurnstilesService { })" storage="/mnt/c/users/alena/desktop/7_sem/testing_and_debugging/skiresort/bl.tests/bin/debug/net6.0/bl.tests.dll" id="dca19ae1-c6c7-e55f-a421-88d5def845f5">
      <Execution id="57fbce98-a415-4dff-be53-33396978f8c6" />
      <TestMethod codeBase="/mnt/c/Users/alena/Desktop/7_sem/testing_and_debugging/SkiResort/BL.Tests/bin/Debug/net6.0/BL.Tests.dll" adapterTypeName="executor://xunit/VsTestRunner2/netcoreapp" className="BL.Tests.TurnstilesServiceTest" name="TestAdminUpdateTurnstileAsync" />
    </UnitTest>
    <UnitTest name="BL.Tests.CheckPermissionsServiceTests.UnauthorizedHasNoAccessToAdminSkiPatrolFunctions(functionName: &quot;GetMessagesAsync&quot;)" storage="/mnt/c/users/alena/desktop/7_sem/testing_and_debugging/skiresort/bl.tests/bin/debug/net6.0/bl.tests.dll" id="229812f5-9a73-5335-11f5-31330d1348a5">
      <Execution id="dbcd4cfd-7d6c-48fa-93ab-37895893b998" />
      <TestMethod codeBase="/mnt/c/Users/alena/Desktop/7_sem/testing_and_debugging/SkiResort/BL.Tests/bin/Debug/net6.0/BL.Tests.dll" adapterTypeName="executor://xunit/VsTestRunner2/netcoreapp" className="BL.Tests.CheckPermissionsServiceTests" name="UnauthorizedHasNoAccessToAdminSkiPatrolFunctions" />
    </UnitTest>
    <UnitTest name="BL.Tests.UsersServiceTests.TestRegisterUserWithNoEmail" storage="/mnt/c/users/alena/desktop/7_sem/testing_and_debugging/skiresort/bl.tests/bin/debug/net6.0/bl.tests.dll" id="8184bd30-991c-b78d-b4ec-99a485eac0dd">
      <Execution id="9b561c35-7690-4cec-8120-28df6aeae148" />
      <TestMethod codeBase="/mnt/c/Users/alena/Desktop/7_sem/testing_and_debugging/SkiResort/BL.Tests/bin/Debug/net6.0/BL.Tests.dll" adapterTypeName="executor://xunit/VsTestRunner2/netcoreapp" className="BL.Tests.UsersServiceTests" name="TestRegisterUserWithNoEmail" />
    </UnitTest>
    <UnitTest name="BL.Tests.CheckPermissionsServiceTests.AuthorizedHasNoAccessToAdminSkiPatrolFunctions(functionName: &quot;GetMessagesAsync&quot;)" storage="/mnt/c/users/alena/desktop/7_sem/testing_and_debugging/skiresort/bl.tests/bin/debug/net6.0/bl.tests.dll" id="2602613f-c8e2-a6d9-fcf7-5b27d4a770a6">
      <Execution id="cf9e7d3f-1122-437d-b752-c7e4c19d5f43" />
      <TestMethod codeBase="/mnt/c/Users/alena/Desktop/7_sem/testing_and_debugging/SkiResort/BL.Tests/bin/Debug/net6.0/BL.Tests.dll" adapterTypeName="executor://xunit/VsTestRunner2/netcoreapp" className="BL.Tests.CheckPermissionsServiceTests" name="AuthorizedHasNoAccessToAdminSkiPatrolFunctions" />
    </UnitTest>
    <UnitTest name="BL.Tests.UsersServiceTests.TestRegisterOk" storage="/mnt/c/users/alena/desktop/7_sem/testing_and_debugging/skiresort/bl.tests/bin/debug/net6.0/bl.tests.dll" id="0eeef75f-6e38-7893-a8fe-cff3e0a970a7">
      <Execution id="d0b3f486-e728-415b-9375-c8b10fdda62e" />
      <TestMethod codeBase="/mnt/c/Users/alena/Desktop/7_sem/testing_and_debugging/SkiResort/BL.Tests/bin/Debug/net6.0/BL.Tests.dll" adapterTypeName="executor://xunit/VsTestRunner2/netcoreapp" className="BL.Tests.UsersServiceTests" name="TestRegisterOk" />
    </UnitTest>
    <UnitTest name="BL.Tests.SlopesServiceTest.TestGetSlopeInfoAsync(userID: 149, slope: Slope { SlopeID = 93, SlopeName = slopeNamec0b6a781-1f30-4d24-879c-cd4a6e8901f9, IsOpen = True, DifficultyLevel = 176, ConnectedLifts =  }, checkPermissionServiceMock: Mock&lt;ICheckPermissionService:6&gt;, slopesRepositoryStub: Mock&lt;ISlopesRepository:4&gt;, liftsSlopesRepositoryStub: Mock&lt;ILiftsSlopesRepository:9&gt;, sut: SlopesService { })" storage="/mnt/c/users/alena/desktop/7_sem/testing_and_debugging/skiresort/bl.tests/bin/debug/net6.0/bl.tests.dll" id="2677c003-2025-62a1-0c9f-a791165ad053">
      <Execution id="ee35e83e-7b3c-4337-8687-bd6e39b926ca" />
      <TestMethod codeBase="/mnt/c/Users/alena/Desktop/7_sem/testing_and_debugging/SkiResort/BL.Tests/bin/Debug/net6.0/BL.Tests.dll" adapterTypeName="executor://xunit/VsTestRunner2/netcoreapp" className="BL.Tests.SlopesServiceTest" name="TestGetSlopeInfoAsync" />
    </UnitTest>
    <UnitTest name="BL.Tests.SlopesServiceTest.TestAdminAddSlopeAsync(userID: 78, slope: Slope { SlopeID = 115, SlopeName = slopeNameafea0cfe-8e40-4278-96cf-3b8c1eef188b, IsOpen = True, DifficultyLevel = 213, ConnectedLifts =  }, checkPermissionServiceMock: Mock&lt;ICheckPermissionService:11&gt;, slopesRepositoryStub: Mock&lt;ISlopesRepository:9&gt;, sut: SlopesService { })" storage="/mnt/c/users/alena/desktop/7_sem/testing_and_debugging/skiresort/bl.tests/bin/debug/net6.0/bl.tests.dll" id="0e3fbd32-319e-6769-6124-c25547448da6">
      <Execution id="8ea7eec9-4778-4610-a30d-2684bd86b9fe" />
      <TestMethod codeBase="/mnt/c/Users/alena/Desktop/7_sem/testing_and_debugging/SkiResort/BL.Tests/bin/Debug/net6.0/BL.Tests.dll" adapterTypeName="executor://xunit/VsTestRunner2/netcoreapp" className="BL.Tests.SlopesServiceTest" name="TestAdminAddSlopeAsync" />
    </UnitTest>
    <UnitTest name="BL.Tests.LiftsServiceTest.TestUpdateLiftInfoAsync(userID: 240, lift: Lift { LiftID = 40, LiftName = liftName7e52e175-f0f7-4443-9c0e-28cf10c19cd8, IsOpen = True, SeatsAmount = 29, LiftingTime = 1, QueueTime = 98, ConnectedSlopes =  }, checkPermissionServiceMock: Mock&lt;ICheckPermissionService:3&gt;, liftsRepositoryStub: Mock&lt;ILiftsRepository:3&gt;, sut: LiftsService { })" storage="/mnt/c/users/alena/desktop/7_sem/testing_and_debugging/skiresort/bl.tests/bin/debug/net6.0/bl.tests.dll" id="18ae2824-e035-a759-6055-8ac3b88871ad">
      <Execution id="07ea8b3f-8b58-4a0e-9194-c94e8b72efe4" />
      <TestMethod codeBase="/mnt/c/Users/alena/Desktop/7_sem/testing_and_debugging/SkiResort/BL.Tests/bin/Debug/net6.0/BL.Tests.dll" adapterTypeName="executor://xunit/VsTestRunner2/netcoreapp" className="BL.Tests.LiftsServiceTest" name="TestUpdateLiftInfoAsync" />
    </UnitTest>
    <UnitTest name="BL.Tests.LiftsSlopesServiceTests.TestAdminDeleteLiftSlopeAsync(lift: Lift { LiftID = 194, LiftName = liftName63a248b9-3d77-465e-b0a6-c850b49b8208, IsOpen = True, SeatsAmount = 105, LiftingTime = 102, QueueTime = 111, ConnectedSlopes =  }, slope: Slope { SlopeID = 73, SlopeName = slopeNamebf618885-239c-49f6-8d05-bd5c367b8b34, IsOpen = False, DifficultyLevel = 254, ConnectedLifts =  }, slopesRepositoryStub: Mock&lt;ISlopesRepository:2&gt;, liftsRep..." storage="/mnt/c/users/alena/desktop/7_sem/testing_and_debugging/skiresort/bl.tests/bin/debug/net6.0/bl.tests.dll" id="ff71bcc0-9dfe-bb8a-905c-6bf0cdf3ee34">
      <Execution id="fba6444a-6a3e-4e1e-a14b-8680f0150291" />
      <TestMethod codeBase="/mnt/c/Users/alena/Desktop/7_sem/testing_and_debugging/SkiResort/BL.Tests/bin/Debug/net6.0/BL.Tests.dll" adapterTypeName="executor://xunit/VsTestRunner2/netcoreapp" className="BL.Tests.LiftsSlopesServiceTests" name="TestAdminDeleteLiftSlopeAsync" />
    </UnitTest>
    <UnitTest name="BL.Tests.CheckPermissionsServiceTests.UnauthorizedHasNoAccessToAuthorizedFunctions(functionName: &quot;LogOutAsync&quot;)" storage="/mnt/c/users/alena/desktop/7_sem/testing_and_debugging/skiresort/bl.tests/bin/debug/net6.0/bl.tests.dll" id="fa960c5e-f989-2880-784e-8efe538c5231">
      <Execution id="923b5d26-c90e-45e6-98a2-fa46f1461676" />
      <TestMethod codeBase="/mnt/c/Users/alena/Desktop/7_sem/testing_and_debugging/SkiResort/BL.Tests/bin/Debug/net6.0/BL.Tests.dll" adapterTypeName="executor://xunit/VsTestRunner2/netcoreapp" className="BL.Tests.CheckPermissionsServiceTests" name="UnauthorizedHasNoAccessToAuthorizedFunctions" />
    </UnitTest>
    <UnitTest name="BL.Tests.SlopesServiceTest.TestUpdateSlopeInfoAsync(userID: 134, slope: Slope { SlopeID = 31, SlopeName = slopeName6634a46a-ff99-419b-8e11-14ffad560879, IsOpen = True, DifficultyLevel = 194, ConnectedLifts =  }, checkPermissionServiceMock: Mock&lt;ICheckPermissionService:8&gt;, slopesRepositoryStub: Mock&lt;ISlopesRepository:6&gt;, sut: SlopesService { })" storage="/mnt/c/users/alena/desktop/7_sem/testing_and_debugging/skiresort/bl.tests/bin/debug/net6.0/bl.tests.dll" id="826fe52b-5cf8-da78-a4cd-7dec6252e1c8">
      <Execution id="103fd3ec-638f-476f-96ce-4a1e36597e56" />
      <TestMethod codeBase="/mnt/c/Users/alena/Desktop/7_sem/testing_and_debugging/SkiResort/BL.Tests/bin/Debug/net6.0/BL.Tests.dll" adapterTypeName="executor://xunit/VsTestRunner2/netcoreapp" className="BL.Tests.SlopesServiceTest" name="TestUpdateSlopeInfoAsync" />
    </UnitTest>
    <UnitTest name="BL.Tests.LiftsSlopesServiceTests.TestGetLiftsSlopesInfoAsync(liftsSlopes: [LiftSlope { RecordID = 59, LiftID = 70, SlopeID = 141 }, LiftSlope { RecordID = 231, LiftID = 19, SlopeID = 153 }, LiftSlope { RecordID = 53, LiftID = 86, SlopeID = 15 }], slopesRepositoryStub: Mock&lt;ISlopesRepository:1&gt;, liftsRepositoryStub: Mock&lt;ILiftsRepository:6&gt;, liftsSlopesRepositoryStub: Mock&lt;ILiftsSlopesRepository:6&gt;)" storage="/mnt/c/users/alena/desktop/7_sem/testing_and_debugging/skiresort/bl.tests/bin/debug/net6.0/bl.tests.dll" id="e429852d-a6ed-7c2a-25fd-cd839b159d56">
      <Execution id="aa558c77-d500-403b-b768-bb0912cae4be" />
      <TestMethod codeBase="/mnt/c/Users/alena/Desktop/7_sem/testing_and_debugging/SkiResort/BL.Tests/bin/Debug/net6.0/BL.Tests.dll" adapterTypeName="executor://xunit/VsTestRunner2/netcoreapp" className="BL.Tests.LiftsSlopesServiceTests" name="TestGetLiftsSlopesInfoAsync" />
    </UnitTest>
    <UnitTest name="BL.Tests.TurnstilesServiceTest.TestAdminDeleteTurnstileAsync(userID: 215, turnstile: Turnstile { TurnstileID = 191, LiftID = 237, IsOpen = True }, checkPermissionServiceMock: Mock&lt;ICheckPermissionService:15&gt;, turnstilesRepositoryStub: Mock&lt;ITurnstilesRepository:9&gt;, sut: TurnstilesService { })" storage="/mnt/c/users/alena/desktop/7_sem/testing_and_debugging/skiresort/bl.tests/bin/debug/net6.0/bl.tests.dll" id="c71cc53e-2ac4-9873-3100-99b06b390ddc">
      <Execution id="5f93ac9a-dcb5-486f-93ca-52a1024e8722" />
      <TestMethod codeBase="/mnt/c/Users/alena/Desktop/7_sem/testing_and_debugging/SkiResort/BL.Tests/bin/Debug/net6.0/BL.Tests.dll" adapterTypeName="executor://xunit/VsTestRunner2/netcoreapp" className="BL.Tests.TurnstilesServiceTest" name="TestAdminDeleteTurnstileAsync" />
    </UnitTest>
    <UnitTest name="BL.Tests.SlopesServiceTest.TestAdminDeleteSlopeAsync(userID: 8, slope: Slope { SlopeID = 204, SlopeName = slopeName663dd6b7-3ba4-4402-b4e8-d29e2dcc4449, IsOpen = True, DifficultyLevel = 221, ConnectedLifts =  }, checkPermissionServiceMock: Mock&lt;ICheckPermissionService:9&gt;, slopesRepositoryStub: Mock&lt;ISlopesRepository:7&gt;, liftsSlopesRepositoryStub: Mock&lt;ILiftsSlopesRepository:12&gt;, sut: SlopesService { })" storage="/mnt/c/users/alena/desktop/7_sem/testing_and_debugging/skiresort/bl.tests/bin/debug/net6.0/bl.tests.dll" id="3968cec8-005b-9309-bb34-32da191efeaa">
      <Execution id="25de3cfa-fe49-48bb-97a6-1a69615ede5d" />
      <TestMethod codeBase="/mnt/c/Users/alena/Desktop/7_sem/testing_and_debugging/SkiResort/BL.Tests/bin/Debug/net6.0/BL.Tests.dll" adapterTypeName="executor://xunit/VsTestRunner2/netcoreapp" className="BL.Tests.SlopesServiceTest" name="TestAdminDeleteSlopeAsync" />
    </UnitTest>
    <UnitTest name="BL.Tests.UsersServiceTests.TestAdminUpdateUser" storage="/mnt/c/users/alena/desktop/7_sem/testing_and_debugging/skiresort/bl.tests/bin/debug/net6.0/bl.tests.dll" id="06d0bc3a-24a0-fb7f-4277-e9ae6d21c7dd">
      <Execution id="7771d8ee-6d6d-4ad5-b701-0df7a8b7e549" />
      <TestMethod codeBase="/mnt/c/Users/alena/Desktop/7_sem/testing_and_debugging/SkiResort/BL.Tests/bin/Debug/net6.0/BL.Tests.dll" adapterTypeName="executor://xunit/VsTestRunner2/netcoreapp" className="BL.Tests.UsersServiceTests" name="TestAdminUpdateUser" />
    </UnitTest>
    <UnitTest name="BL.Tests.UsersServiceTests.TestAdminGetUserByIDAsync" storage="/mnt/c/users/alena/desktop/7_sem/testing_and_debugging/skiresort/bl.tests/bin/debug/net6.0/bl.tests.dll" id="e5497347-2721-b7a6-0bd4-69a9921f6947">
      <Execution id="36a206a6-4592-4b7c-93ac-d8f18829279b" />
      <TestMethod codeBase="/mnt/c/Users/alena/Desktop/7_sem/testing_and_debugging/SkiResort/BL.Tests/bin/Debug/net6.0/BL.Tests.dll" adapterTypeName="executor://xunit/VsTestRunner2/netcoreapp" className="BL.Tests.UsersServiceTests" name="TestAdminGetUserByIDAsync" />
    </UnitTest>
    <UnitTest name="BL.Tests.TurnstilesServiceTest.TestAdminGetTurnstileAsync(userID: 2, turnstile: Turnstile { TurnstileID = 147, LiftID = 29, IsOpen = True }, checkPermissionServiceMock: Mock&lt;ICheckPermissionService:12&gt;, turnstilesRepositoryStub: Mock&lt;ITurnstilesRepository:6&gt;, sut: TurnstilesService { })" storage="/mnt/c/users/alena/desktop/7_sem/testing_and_debugging/skiresort/bl.tests/bin/debug/net6.0/bl.tests.dll" id="fd142d9e-9a8c-a754-2394-0c15e0675e67">
      <Execution id="a7566909-8e89-4c9b-8aad-1d173181864e" />
      <TestMethod codeBase="/mnt/c/Users/alena/Desktop/7_sem/testing_and_debugging/SkiResort/BL.Tests/bin/Debug/net6.0/BL.Tests.dll" adapterTypeName="executor://xunit/VsTestRunner2/netcoreapp" className="BL.Tests.TurnstilesServiceTest" name="TestAdminGetTurnstileAsync" />
    </UnitTest>
    <UnitTest name="BL.Tests.UsersServiceTests.TestAdminGetUsers" storage="/mnt/c/users/alena/desktop/7_sem/testing_and_debugging/skiresort/bl.tests/bin/debug/net6.0/bl.tests.dll" id="20ad8570-0170-85de-dcd7-2f109dd7bcd6">
      <Execution id="9afdd348-9c2b-484f-9af5-3a62fb08be25" />
      <TestMethod codeBase="/mnt/c/Users/alena/Desktop/7_sem/testing_and_debugging/SkiResort/BL.Tests/bin/Debug/net6.0/BL.Tests.dll" adapterTypeName="executor://xunit/VsTestRunner2/netcoreapp" className="BL.Tests.UsersServiceTests" name="TestAdminGetUsers" />
    </UnitTest>
    <UnitTest name="BL.Tests.TurnstilesServiceTest.TestAdminGetTurnstilesAsync(userID: 127, initialTurnstiles: [Turnstile { TurnstileID = 192, LiftID = 98, IsOpen = True }, Turnstile { TurnstileID = 122, LiftID = 82, IsOpen = False }, Turnstile { TurnstileID = 53, LiftID = 36, IsOpen = True }], checkPermissionServiceMock: Mock&lt;ICheckPermissionService:13&gt;, turnstilesRepositoryStub: Mock&lt;ITurnstilesRepository:7&gt;, sut: TurnstilesService { })" storage="/mnt/c/users/alena/desktop/7_sem/testing_and_debugging/skiresort/bl.tests/bin/debug/net6.0/bl.tests.dll" id="72122386-ef25-6e92-a091-0cc2282a9479">
      <Execution id="d84120be-4194-4ecb-aca6-7ba7ea7b84aa" />
      <TestMethod codeBase="/mnt/c/Users/alena/Desktop/7_sem/testing_and_debugging/SkiResort/BL.Tests/bin/Debug/net6.0/BL.Tests.dll" adapterTypeName="executor://xunit/VsTestRunner2/netcoreapp" className="BL.Tests.TurnstilesServiceTest" name="TestAdminGetTurnstilesAsync" />
    </UnitTest>
  </TestDefinitions>
  <TestEntries>
    <TestEntry testId="894941c1-bfa7-d8f9-c047-1e1ceefe2c2f" executionId="7dce6a5a-fbce-468c-b4b0-34da9dfdbb24" testListId="8c84fa94-04c1-424b-9868-57a2d4851a1d" />
    <TestEntry testId="2d706594-f2b3-b3c8-21d4-86c9798c3306" executionId="15a625c0-31e1-4188-9f0e-d381e0719e18" testListId="8c84fa94-04c1-424b-9868-57a2d4851a1d" />
    <TestEntry testId="aa28a6b3-21d3-aa45-24d3-bef2facbc899" executionId="3fbd9a13-7683-442e-ae84-69bee4dedb06" testListId="8c84fa94-04c1-424b-9868-57a2d4851a1d" />
    <TestEntry testId="f44a1b21-8efc-bfac-63b4-d534442def31" executionId="03783bdf-3379-45a9-b355-129acb086ec8" testListId="8c84fa94-04c1-424b-9868-57a2d4851a1d" />
    <TestEntry testId="ff71bcc0-9dfe-bb8a-905c-6bf0cdf3ee34" executionId="fba6444a-6a3e-4e1e-a14b-8680f0150291" testListId="8c84fa94-04c1-424b-9868-57a2d4851a1d" />
    <TestEntry testId="644ec43e-70cd-c82d-42e7-0d990be1414d" executionId="79b2f201-7adf-499a-b729-bd282223ace6" testListId="8c84fa94-04c1-424b-9868-57a2d4851a1d" />
    <TestEntry testId="387c9729-48c1-486e-5e67-f5d11a9f0db8" executionId="2d0b31cc-f45e-43c0-b014-2610f9a1ec20" testListId="8c84fa94-04c1-424b-9868-57a2d4851a1d" />
    <TestEntry testId="2602613f-c8e2-a6d9-fcf7-5b27d4a770a6" executionId="cf9e7d3f-1122-437d-b752-c7e4c19d5f43" testListId="8c84fa94-04c1-424b-9868-57a2d4851a1d" />
    <TestEntry testId="5014b193-7ed8-1c41-307d-b1f166622ccf" executionId="fa45b006-4c4e-490e-9b8f-32461e4edb7f" testListId="8c84fa94-04c1-424b-9868-57a2d4851a1d" />
    <TestEntry testId="2677c003-2025-62a1-0c9f-a791165ad053" executionId="ee35e83e-7b3c-4337-8687-bd6e39b926ca" testListId="8c84fa94-04c1-424b-9868-57a2d4851a1d" />
    <TestEntry testId="72122386-ef25-6e92-a091-0cc2282a9479" executionId="d84120be-4194-4ecb-aca6-7ba7ea7b84aa" testListId="8c84fa94-04c1-424b-9868-57a2d4851a1d" />
    <TestEntry testId="0eeef75f-6e38-7893-a8fe-cff3e0a970a7" executionId="d0b3f486-e728-415b-9375-c8b10fdda62e" testListId="8c84fa94-04c1-424b-9868-57a2d4851a1d" />
    <TestEntry testId="e0c3ce15-915a-264e-bc81-a46dddb888a3" executionId="55318adc-5c2c-4acb-80bb-fc65113422d9" testListId="8c84fa94-04c1-424b-9868-57a2d4851a1d" />
    <TestEntry testId="7f64c1b3-e24f-7990-39ea-2a71e9e09e9d" executionId="9e2764be-ffed-466c-b442-bc85cd62864b" testListId="8c84fa94-04c1-424b-9868-57a2d4851a1d" />
    <TestEntry testId="c71cc53e-2ac4-9873-3100-99b06b390ddc" executionId="5f93ac9a-dcb5-486f-93ca-52a1024e8722" testListId="8c84fa94-04c1-424b-9868-57a2d4851a1d" />
    <TestEntry testId="834c739b-eca4-b36d-6a66-5a1bd75377b8" executionId="328e8c6c-6f31-4cfe-bf5d-826c61f296f3" testListId="8c84fa94-04c1-424b-9868-57a2d4851a1d" />
    <TestEntry testId="e429852d-a6ed-7c2a-25fd-cd839b159d56" executionId="aa558c77-d500-403b-b768-bb0912cae4be" testListId="8c84fa94-04c1-424b-9868-57a2d4851a1d" />
    <TestEntry testId="f3efc418-a8a6-c7b7-9bac-90b33aa8472f" executionId="f4783bba-c2a6-40c6-9a17-155e0c304e2c" testListId="8c84fa94-04c1-424b-9868-57a2d4851a1d" />
    <TestEntry testId="4f297306-d4f3-8d63-e7f4-1ac0b8c58c74" executionId="9445aa1f-1e9f-46c9-ac58-0c1cae319331" testListId="8c84fa94-04c1-424b-9868-57a2d4851a1d" />
    <TestEntry testId="ba56def0-d682-d29d-bcea-0f036f68f2b3" executionId="aa56c543-c22e-4f8a-a701-927dc0b0a85c" testListId="8c84fa94-04c1-424b-9868-57a2d4851a1d" />
    <TestEntry testId="8184bd30-991c-b78d-b4ec-99a485eac0dd" executionId="9b561c35-7690-4cec-8120-28df6aeae148" testListId="8c84fa94-04c1-424b-9868-57a2d4851a1d" />
    <TestEntry testId="9c7df5e2-1b23-ebea-889f-b78ca86b60ab" executionId="2d8811f4-e13d-4ba6-b8d9-d43f2fc6e47f" testListId="8c84fa94-04c1-424b-9868-57a2d4851a1d" />
    <TestEntry testId="826fe52b-5cf8-da78-a4cd-7dec6252e1c8" executionId="103fd3ec-638f-476f-96ce-4a1e36597e56" testListId="8c84fa94-04c1-424b-9868-57a2d4851a1d" />
    <TestEntry testId="96be2f02-3dc8-856a-3bba-af884866df90" executionId="bab0aefe-9960-4e98-815a-dd701be5bedd" testListId="8c84fa94-04c1-424b-9868-57a2d4851a1d" />
    <TestEntry testId="60bd668f-04df-da5e-b79b-5d9aedb5234d" executionId="50b36136-1db5-46ec-9c82-cf8b15f1430f" testListId="8c84fa94-04c1-424b-9868-57a2d4851a1d" />
    <TestEntry testId="9c475eac-c68e-d7d7-aecd-73ba186b8137" executionId="bd629552-76b4-4a11-86b8-aa91c8fe99f1" testListId="8c84fa94-04c1-424b-9868-57a2d4851a1d" />
    <TestEntry testId="06d0bc3a-24a0-fb7f-4277-e9ae6d21c7dd" executionId="7771d8ee-6d6d-4ad5-b701-0df7a8b7e549" testListId="8c84fa94-04c1-424b-9868-57a2d4851a1d" />
    <TestEntry testId="3968cec8-005b-9309-bb34-32da191efeaa" executionId="25de3cfa-fe49-48bb-97a6-1a69615ede5d" testListId="8c84fa94-04c1-424b-9868-57a2d4851a1d" />
    <TestEntry testId="0e3fbd32-319e-6769-6124-c25547448da6" executionId="8ea7eec9-4778-4610-a30d-2684bd86b9fe" testListId="8c84fa94-04c1-424b-9868-57a2d4851a1d" />
    <TestEntry testId="fd142d9e-9a8c-a754-2394-0c15e0675e67" executionId="a7566909-8e89-4c9b-8aad-1d173181864e" testListId="8c84fa94-04c1-424b-9868-57a2d4851a1d" />
    <TestEntry testId="492c0393-35b4-df26-a537-21ca08302f3c" executionId="b364fee7-7238-4eb2-94f9-4f4cc5adfc8e" testListId="8c84fa94-04c1-424b-9868-57a2d4851a1d" />
    <TestEntry testId="a19a5fcf-c5d2-7d44-5d7d-84403042f4e0" executionId="b61470d1-d9ca-40eb-ac0d-6a9f596fea55" testListId="8c84fa94-04c1-424b-9868-57a2d4851a1d" />
    <TestEntry testId="fa960c5e-f989-2880-784e-8efe538c5231" executionId="923b5d26-c90e-45e6-98a2-fa46f1461676" testListId="8c84fa94-04c1-424b-9868-57a2d4851a1d" />
    <TestEntry testId="1ca07ad8-f799-c5d4-e7cc-34fd950198a2" executionId="4657edbb-e0a3-4cf8-bb2e-d93ba8786898" testListId="8c84fa94-04c1-424b-9868-57a2d4851a1d" />
    <TestEntry testId="bf772666-b0bf-e04a-bf21-d1f07692e8cd" executionId="df802291-3502-454a-a3c7-519c00a4f001" testListId="8c84fa94-04c1-424b-9868-57a2d4851a1d" />
    <TestEntry testId="69340bb6-3645-f9dd-971e-29d8b2a009bb" executionId="fae3d334-4057-4700-8968-c860e8b8be4a" testListId="8c84fa94-04c1-424b-9868-57a2d4851a1d" />
    <TestEntry testId="e5497347-2721-b7a6-0bd4-69a9921f6947" executionId="36a206a6-4592-4b7c-93ac-d8f18829279b" testListId="8c84fa94-04c1-424b-9868-57a2d4851a1d" />
    <TestEntry testId="dca19ae1-c6c7-e55f-a421-88d5def845f5" executionId="57fbce98-a415-4dff-be53-33396978f8c6" testListId="8c84fa94-04c1-424b-9868-57a2d4851a1d" />
    <TestEntry testId="e2d7e5be-3dae-33ae-fb17-c704b6fd58d6" executionId="daf56fd1-bf3e-49cb-9c22-bb088a79a7b9" testListId="8c84fa94-04c1-424b-9868-57a2d4851a1d" />
    <TestEntry testId="c36970dc-93f7-753e-fa47-157133b01644" executionId="513f0131-3a1c-4fc7-ad87-995f99d3eaa4" testListId="8c84fa94-04c1-424b-9868-57a2d4851a1d" />
    <TestEntry testId="634f5ae2-6253-2c96-49e8-7db2e9d0bb99" executionId="16d99f61-e23f-4db6-a0b5-a386ed0ec674" testListId="8c84fa94-04c1-424b-9868-57a2d4851a1d" />
    <TestEntry testId="18ae2824-e035-a759-6055-8ac3b88871ad" executionId="07ea8b3f-8b58-4a0e-9194-c94e8b72efe4" testListId="8c84fa94-04c1-424b-9868-57a2d4851a1d" />
    <TestEntry testId="229812f5-9a73-5335-11f5-31330d1348a5" executionId="dbcd4cfd-7d6c-48fa-93ab-37895893b998" testListId="8c84fa94-04c1-424b-9868-57a2d4851a1d" />
    <TestEntry testId="18fa8c62-e27d-e1fc-8182-4d7db62b008d" executionId="ff6771e4-a7a4-4647-a11d-d910e24322a1" testListId="8c84fa94-04c1-424b-9868-57a2d4851a1d" />
    <TestEntry testId="a2e59116-cb53-1d70-9cb8-21c286516866" executionId="747e6d7e-aa48-452a-b6ef-9a83e2bf9441" testListId="8c84fa94-04c1-424b-9868-57a2d4851a1d" />
    <TestEntry testId="eaabd2fc-2f4b-5689-59c8-c7ad34a8f634" executionId="1a3d9c0b-b77c-48df-ace4-e905905bb596" testListId="8c84fa94-04c1-424b-9868-57a2d4851a1d" />
    <TestEntry testId="20ad8570-0170-85de-dcd7-2f109dd7bcd6" executionId="9afdd348-9c2b-484f-9af5-3a62fb08be25" testListId="8c84fa94-04c1-424b-9868-57a2d4851a1d" />
  </TestEntries>
  <TestLists>
    <TestList name="Results Not in a List" id="8c84fa94-04c1-424b-9868-57a2d4851a1d" />
    <TestList name="All Loaded Results" id="19431567-8539-422a-85d7-44ee4e166bda" />
  </TestLists>
  <ResultSummary outcome="Failed">
    <Counters total="47" executed="47" passed="46" failed="1" error="0" timeout="0" aborted="0" inconclusive="0" passedButRunAborted="0" notRunnable="0" notExecuted="0" disconnected="0" warning="0" completed="0" inProgress="0" pending="0" />
    <Output>
      <StdOut>[xUnit.net 00:00:00.00] xUnit.net VSTest Adapter v2.4.5+1caef2f33e (64-bit .NET 6.0.10)
[xUnit.net 00:00:00.82]   Discovering: BL.Tests
[xUnit.net 00:00:01.09]   Discovered:  BL.Tests
[xUnit.net 00:00:01.09]   Starting:    BL.Tests
[xUnit.net 00:00:01.34]       Assert.NotEqual() Failure
[xUnit.net 00:00:01.34]       Expected: Not Lift { LiftID = 178, LiftName = liftNameeeabeb42-b069-4947-be9e-3f5059d69999, IsOpen = True, SeatsAmount = 148, LiftingTime = 86, QueueTime = 45, ConnectedSlopes =  }
[xUnit.net 00:00:01.34]       Actual:   Lift { LiftID = 178, LiftName = liftNameeeabeb42-b069-4947-be9e-3f5059d69999, IsOpen = True, SeatsAmount = 148, LiftingTime = 86, QueueTime = 45, ConnectedSlopes =  }
[xUnit.net 00:00:01.34]       Stack Trace:
[xUnit.net 00:00:01.35]         /mnt/c/Users/alena/Desktop/7_sem/testing_and_debugging/SkiResort/BL.Tests/LiftsServiceTest.cs(42,0): at BL.Tests.LiftsServiceTest.TestGetLiftInfoAsync(UInt32 userID, Lift lift, Mock`1 checkPermissionServiceMock, Mock`1 liftsRepositoryStub, Mock`1 liftsSlopesRepositoryStub, LiftsService sut)
[xUnit.net 00:00:01.35]            at System.Threading.Tasks.Task.&lt;&gt;c.&lt;ThrowAsync&gt;b__128_0(Object state)
[xUnit.net 00:00:01.51]   Finished:    BL.Tests
</StdOut>
    </Output>
    <RunInfos>
      <RunInfo computerName="DESKTOP-TJ9D65N" outcome="Error" timestamp="2022-11-03T11:18:17.5182233+03:00">
        <Text>[xUnit.net 00:00:01.34]     BL.Tests.LiftsServiceTest.TestGetLiftInfoAsync(userID: 7, lift: Lift { LiftID = 178, LiftName = liftNameeeabeb42-b069-4947-be9e-3f5059d69999, IsOpen = True, SeatsAmount = 148, LiftingTime = 86, QueueTime = 45, ConnectedSlopes =  }, checkPermissionServiceMock: Mock&lt;ICheckPermissionService:1&gt;, liftsRepositoryStub: Mock&lt;ILiftsRepository:1&gt;, liftsSlopesRepositoryStub: Mock&lt;ILiftsSlopesRepository:1&gt;, sut: LiftsService { }) [FAIL]</Text>
      </RunInfo>
    </RunInfos>
  </ResultSummary>
</TestRun>