<?xml version="1.0" encoding="utf-8"?>
<TestRun id="bcb1690f-23e5-4d02-8001-48b1c450b5d9" name="@DESKTOP-TJ9D65N 2022-11-03 20:45:11" xmlns="http://microsoft.com/schemas/VisualStudio/TeamTest/2010">
  <Times creation="2022-11-03T20:45:11.7075528+03:00" queuing="2022-11-03T20:45:11.7075529+03:00" start="2022-11-03T20:45:09.3225623+03:00" finish="2022-11-03T20:45:11.9107194+03:00" />
  <TestSettings name="default" id="0128ec58-d7b0-4220-93c0-c1c931bfc35c">
    <Deployment runDeploymentRoot="_DESKTOP-TJ9D65N_2022-11-03_20_45_11" />
  </TestSettings>
  <Results>
    <UnitTestResult executionId="f478bb2c-c6fd-4475-944c-788a6712364c" testId="f3efc418-a8a6-c7b7-9bac-90b33aa8472f" testName="BL.Tests.CheckPermissionsServiceTests.AdminHasAccessToAllFunctions" computerName="DESKTOP-TJ9D65N" duration="00:00:00.0018061" startTime="2022-11-03T20:45:11.8246745+03:00" endTime="2022-11-03T20:45:11.8246745+03:00" testType="13cdc9d9-ddb5-4fa4-a97d-d965ccfc6d4b" outcome="Passed" testListId="8c84fa94-04c1-424b-9868-57a2d4851a1d" relativeResultsDirectory="f478bb2c-c6fd-4475-944c-788a6712364c" />
    <UnitTestResult executionId="d819dcec-73f9-4fbd-b4cb-8918688d6f1b" testId="387c9729-48c1-486e-5e67-f5d11a9f0db8" testName="BL.Tests.CheckPermissionsServiceTests.UnauthorizedHasNoAccessToAdminSkiPatrolFunctions(functionName: &quot;GetLiftsSlopesInfoAsync&quot;)" computerName="DESKTOP-TJ9D65N" duration="00:00:00.0017508" startTime="2022-11-03T20:45:11.6611996+03:00" endTime="2022-11-03T20:45:11.6611997+03:00" testType="13cdc9d9-ddb5-4fa4-a97d-d965ccfc6d4b" outcome="Passed" testListId="8c84fa94-04c1-424b-9868-57a2d4851a1d" relativeResultsDirectory="d819dcec-73f9-4fbd-b4cb-8918688d6f1b" />
    <UnitTestResult executionId="c3670049-6689-4291-8cd7-e6cf779ac8e1" testId="a9822d52-5f04-9913-297a-b01139036890" testName="BL.Tests.LiftsServiceTest.TestGetLiftInfoAsync(userID: 41, lift: Lift { LiftID = 89, LiftName = liftName124e4d3e-5e09-47a2-99d7-a64e4d91d436, IsOpen = True, SeatsAmount = 136, LiftingTime = 218, QueueTime = 170, ConnectedSlopes =  }, checkPermissionServiceMock: Mock&lt;ICheckPermissionService:1&gt;, liftsRepositoryStub: Mock&lt;ILiftsRepository:1&gt;, liftsSlopesRepositoryStub: Mock&lt;ILiftsSlopesRepository:1&gt;, sut: LiftsService { })" computerName="DESKTOP-TJ9D65N" duration="00:00:00.0074829" startTime="2022-11-03T20:45:11.7000513+03:00" endTime="2022-11-03T20:45:11.7000514+03:00" testType="13cdc9d9-ddb5-4fa4-a97d-d965ccfc6d4b" outcome="Passed" testListId="8c84fa94-04c1-424b-9868-57a2d4851a1d" relativeResultsDirectory="c3670049-6689-4291-8cd7-e6cf779ac8e1" />
    <UnitTestResult executionId="9a784b27-e93f-4316-8700-8cb7c85f0809" testId="492c0393-35b4-df26-a537-21ca08302f3c" testName="BL.Tests.CheckPermissionsServiceTests.SkiPatrolHasNoAccessToAdminFunctions" computerName="DESKTOP-TJ9D65N" duration="00:00:00.0024177" startTime="2022-11-03T20:45:11.8139672+03:00" endTime="2022-11-03T20:45:11.8139673+03:00" testType="13cdc9d9-ddb5-4fa4-a97d-d965ccfc6d4b" outcome="Passed" testListId="8c84fa94-04c1-424b-9868-57a2d4851a1d" relativeResultsDirectory="9a784b27-e93f-4316-8700-8cb7c85f0809" />
    <UnitTestResult executionId="b34dc34d-3c0f-48bd-a500-9e8e04a3ba76" testId="52e1e4f4-d920-fd5f-1d5b-498f29af5c70" testName="BL.Tests.LiftsServiceTest.TestAdminAddAutoIncrementLiftAsync(userID: 34, lift: Lift { LiftID = 61, LiftName = liftName6d3a3599-4c64-47c0-aeaa-9176cb912c38, IsOpen = True, SeatsAmount = 214, LiftingTime = 138, QueueTime = 52, ConnectedSlopes =  }, checkPermissionServiceMock: Mock&lt;ICheckPermissionService:5&gt;, liftsRepositoryStub: Mock&lt;ILiftsRepository:5&gt;, sut: LiftsService { })" computerName="DESKTOP-TJ9D65N" duration="00:00:00.0090552" startTime="2022-11-03T20:45:11.6755739+03:00" endTime="2022-11-03T20:45:11.6755740+03:00" testType="13cdc9d9-ddb5-4fa4-a97d-d965ccfc6d4b" outcome="Passed" testListId="8c84fa94-04c1-424b-9868-57a2d4851a1d" relativeResultsDirectory="b34dc34d-3c0f-48bd-a500-9e8e04a3ba76" />
    <UnitTestResult executionId="31fac57c-caaa-4b5a-98ae-a4d032dc8f2e" testId="3333daf2-f7ee-6796-4300-e7e4557fd575" testName="BL.Tests.SlopesServiceTest.TestUpdateSlopeInfoAsync(userID: 92, slope: Slope { SlopeID = 16, SlopeName = slopeName13625a88-caf9-43c7-a1ce-4cccca63d386, IsOpen = True, DifficultyLevel = 1, ConnectedLifts =  }, checkPermissionServiceMock: Mock&lt;ICheckPermissionService:8&gt;, slopesRepositoryStub: Mock&lt;ISlopesRepository:6&gt;, sut: SlopesService { })" computerName="DESKTOP-TJ9D65N" duration="00:00:00.0060427" startTime="2022-11-03T20:45:11.6781802+03:00" endTime="2022-11-03T20:45:11.6781803+03:00" testType="13cdc9d9-ddb5-4fa4-a97d-d965ccfc6d4b" outcome="Passed" testListId="8c84fa94-04c1-424b-9868-57a2d4851a1d" relativeResultsDirectory="31fac57c-caaa-4b5a-98ae-a4d032dc8f2e" />
    <UnitTestResult executionId="5548465e-d38b-4dff-aabe-70928c83bfe5" testId="c36970dc-93f7-753e-fa47-157133b01644" testName="BL.Tests.CheckPermissionsServiceTests.SkiPatrolHasAccessToAdminSkiPatrolFunctions(functionName: &quot;GetMessagesAsync&quot;)" computerName="DESKTOP-TJ9D65N" duration="00:00:00.0012336" startTime="2022-11-03T20:45:11.7302389+03:00" endTime="2022-11-03T20:45:11.7302390+03:00" testType="13cdc9d9-ddb5-4fa4-a97d-d965ccfc6d4b" outcome="Passed" testListId="8c84fa94-04c1-424b-9868-57a2d4851a1d" relativeResultsDirectory="5548465e-d38b-4dff-aabe-70928c83bfe5" />
    <UnitTestResult executionId="d37a10d9-3064-4747-9313-6aa843b18b0e" testId="dbc25040-61a5-4ef8-c04a-59330076a21e" testName="BL.Tests.LiftsServiceTest.TestAdminDeleteLiftAsync(userID: 102, lift: Lift { LiftID = 235, LiftName = liftName514ebf37-07d5-4a4b-95ca-27395042d21a, IsOpen = True, SeatsAmount = 197, LiftingTime = 24, QueueTime = 99, ConnectedSlopes =  }, checkPermissionServiceMock: Mock&lt;ICheckPermissionService:4&gt;, liftsRepositoryStub: Mock&lt;ILiftsRepository:4&gt;, liftsSlopesRepositoryStub: Mock&lt;ILiftsSlopesRepository:4&gt;, sut: LiftsService { })" computerName="DESKTOP-TJ9D65N" duration="00:00:00.0617598" startTime="2022-11-03T20:45:11.5684995+03:00" endTime="2022-11-03T20:45:11.5684996+03:00" testType="13cdc9d9-ddb5-4fa4-a97d-d965ccfc6d4b" outcome="Passed" testListId="8c84fa94-04c1-424b-9868-57a2d4851a1d" relativeResultsDirectory="d37a10d9-3064-4747-9313-6aa843b18b0e" />
    <UnitTestResult executionId="ba929295-5381-42af-b7b7-f675ab7f0166" testId="894941c1-bfa7-d8f9-c047-1e1ceefe2c2f" testName="BL.Tests.UsersServiceTests.TestRegisterUserWithRepeatedEmail" computerName="DESKTOP-TJ9D65N" duration="00:00:00.0044843" startTime="2022-11-03T20:45:11.6650341+03:00" endTime="2022-11-03T20:45:11.6650342+03:00" testType="13cdc9d9-ddb5-4fa4-a97d-d965ccfc6d4b" outcome="Passed" testListId="8c84fa94-04c1-424b-9868-57a2d4851a1d" relativeResultsDirectory="ba929295-5381-42af-b7b7-f675ab7f0166" />
    <UnitTestResult executionId="c0d0bb1a-950d-4d14-ab5b-674202fc1791" testId="fa960c5e-f989-2880-784e-8efe538c5231" testName="BL.Tests.CheckPermissionsServiceTests.UnauthorizedHasNoAccessToAuthorizedFunctions(functionName: &quot;LogOutAsync&quot;)" computerName="DESKTOP-TJ9D65N" duration="00:00:00.0015326" startTime="2022-11-03T20:45:11.6756182+03:00" endTime="2022-11-03T20:45:11.6756183+03:00" testType="13cdc9d9-ddb5-4fa4-a97d-d965ccfc6d4b" outcome="Passed" testListId="8c84fa94-04c1-424b-9868-57a2d4851a1d" relativeResultsDirectory="c0d0bb1a-950d-4d14-ab5b-674202fc1791" />
    <UnitTestResult executionId="4084d2c2-e23e-4171-8677-0f30edce5ffe" testId="f44a1b21-8efc-bfac-63b4-d534442def31" testName="BL.Tests.UsersServiceTests.TestRegisterUserWithNoPassword" computerName="DESKTOP-TJ9D65N" duration="00:00:00.0020402" startTime="2022-11-03T20:45:11.6623112+03:00" endTime="2022-11-03T20:45:11.6623113+03:00" testType="13cdc9d9-ddb5-4fa4-a97d-d965ccfc6d4b" outcome="Passed" testListId="8c84fa94-04c1-424b-9868-57a2d4851a1d" relativeResultsDirectory="4084d2c2-e23e-4171-8677-0f30edce5ffe" />
    <UnitTestResult executionId="5d8ed71c-76ad-4904-b1b0-ef0999cf47b7" testId="2602613f-c8e2-a6d9-fcf7-5b27d4a770a6" testName="BL.Tests.CheckPermissionsServiceTests.AuthorizedHasNoAccessToAdminSkiPatrolFunctions(functionName: &quot;GetMessagesAsync&quot;)" computerName="DESKTOP-TJ9D65N" duration="00:00:00.0026139" startTime="2022-11-03T20:45:11.7569485+03:00" endTime="2022-11-03T20:45:11.7569486+03:00" testType="13cdc9d9-ddb5-4fa4-a97d-d965ccfc6d4b" outcome="Passed" testListId="8c84fa94-04c1-424b-9868-57a2d4851a1d" relativeResultsDirectory="5d8ed71c-76ad-4904-b1b0-ef0999cf47b7" />
    <UnitTestResult executionId="959728e3-af0b-4ce8-9273-f3e7b4161e4d" testId="9f531016-aba2-ed43-8d05-910eeeb8854b" testName="BL.Tests.TurnstilesServiceTest.TestAdminGetTurnstilesAsync(userID: 125, initialTurnstiles: [Turnstile { TurnstileID = 251, LiftID = 47, IsOpen = True }, Turnstile { TurnstileID = 218, LiftID = 148, IsOpen = False }, Turnstile { TurnstileID = 184, LiftID = 108, IsOpen = True }], checkPermissionServiceMock: Mock&lt;ICheckPermissionService:13&gt;, turnstilesRepositoryStub: Mock&lt;ITurnstilesRepository:7&gt;, sut: TurnstilesService { })" computerName="DESKTOP-TJ9D65N" duration="00:00:00.0042537" startTime="2022-11-03T20:45:11.6799163+03:00" endTime="2022-11-03T20:45:11.6799164+03:00" testType="13cdc9d9-ddb5-4fa4-a97d-d965ccfc6d4b" outcome="Passed" testListId="8c84fa94-04c1-424b-9868-57a2d4851a1d" relativeResultsDirectory="959728e3-af0b-4ce8-9273-f3e7b4161e4d" />
    <UnitTestResult executionId="080aba16-f760-4bc9-af50-c9ae17b34363" testId="553758e1-7ac3-f969-de59-772840bcd1a4" testName="BL.Tests.LiftsServiceTest.TestGetLiftsInfoAsync(userID: 230, initialLifts: [Lift { LiftID = 30, LiftName = liftName43737cf9-cb30-49cd-ac1a-3a98dc431d1b, IsOpen = True, SeatsAmount = 171, LiftingTime = 211, QueueTime = 46, ConnectedSlopes =  }, Lift { LiftID = 92, LiftName = liftName50b6148e-a638-4f0a-b74c-a71cfa2b3c05, IsOpen = False, SeatsAmount = 223, LiftingTime = 201, QueueTime = 75, ConnectedSlopes =  }, Lift { LiftID = 135, LiftName = liftNamef7f0b7f4-58e2-4da6-8cd0-a079198b544a, IsOpen = True, SeatsAmount = 156, LiftingTime = 208, QueueTime = 160, ConnectedSlopes =  }], checkPermissionServiceMock: Mock&lt;ICheckPermissionService:2&gt;, liftsRepositoryStub: Mock&lt;ILiftsRepository:2&gt;, liftsSlopesRepositoryStub: Mock&lt;ILiftsSlopesRepository:2&gt;, sut: LiftsService { })" computerName="DESKTOP-TJ9D65N" duration="00:00:00.0204738" startTime="2022-11-03T20:45:11.6616331+03:00" endTime="2022-11-03T20:45:11.6616332+03:00" testType="13cdc9d9-ddb5-4fa4-a97d-d965ccfc6d4b" outcome="Passed" testListId="8c84fa94-04c1-424b-9868-57a2d4851a1d" relativeResultsDirectory="080aba16-f760-4bc9-af50-c9ae17b34363" />
    <UnitTestResult executionId="0748214c-a9b7-4f6c-b650-8ce561d6f7e7" testId="229812f5-9a73-5335-11f5-31330d1348a5" testName="BL.Tests.CheckPermissionsServiceTests.UnauthorizedHasNoAccessToAdminSkiPatrolFunctions(functionName: &quot;GetMessagesAsync&quot;)" computerName="DESKTOP-TJ9D65N" duration="00:00:00.0018318" startTime="2022-11-03T20:45:11.6616142+03:00" endTime="2022-11-03T20:45:11.6616143+03:00" testType="13cdc9d9-ddb5-4fa4-a97d-d965ccfc6d4b" outcome="Passed" testListId="8c84fa94-04c1-424b-9868-57a2d4851a1d" relativeResultsDirectory="0748214c-a9b7-4f6c-b650-8ce561d6f7e7" />
    <UnitTestResult executionId="be67f5c8-4c6b-4e17-b0e0-fe51d7f24c1f" testId="8184bd30-991c-b78d-b4ec-99a485eac0dd" testName="BL.Tests.UsersServiceTests.TestRegisterUserWithNoEmail" computerName="DESKTOP-TJ9D65N" duration="00:00:00.0030641" startTime="2022-11-03T20:45:11.6614937+03:00" endTime="2022-11-03T20:45:11.6614937+03:00" testType="13cdc9d9-ddb5-4fa4-a97d-d965ccfc6d4b" outcome="Passed" testListId="8c84fa94-04c1-424b-9868-57a2d4851a1d" relativeResultsDirectory="be67f5c8-4c6b-4e17-b0e0-fe51d7f24c1f" />
    <UnitTestResult executionId="90233389-a20c-46ec-a3b6-5c12daf29fb3" testId="c1a90d8c-1a69-ee15-19a8-b3785ef80794" testName="BL.Tests.TurnstilesServiceTest.TestAdminAddAutoIncrementTurnstileAsync(userID: 94, turnstile: Turnstile { TurnstileID = 189, LiftID = 15, IsOpen = True }, checkPermissionServiceMock: Mock&lt;ICheckPermissionService:16&gt;, turnstilesRepositoryStub: Mock&lt;ITurnstilesRepository:10&gt;, sut: TurnstilesService { })" computerName="DESKTOP-TJ9D65N" duration="00:00:00.0091500" startTime="2022-11-03T20:45:11.6646750+03:00" endTime="2022-11-03T20:45:11.6646750+03:00" testType="13cdc9d9-ddb5-4fa4-a97d-d965ccfc6d4b" outcome="Passed" testListId="8c84fa94-04c1-424b-9868-57a2d4851a1d" relativeResultsDirectory="90233389-a20c-46ec-a3b6-5c12daf29fb3" />
    <UnitTestResult executionId="a160665b-3f34-402a-904b-59fd94cfb929" testId="00b19fa1-19bb-3b2e-747c-00dafe3c1e1f" testName="BL.Tests.SlopesServiceTest.TestGetSlopesInfoAsync(userID: 94, initialSlopes: [Slope { SlopeID = 100, SlopeName = slopeName9f3fb07e-a557-40c2-8e8b-f2e3d4224acf, IsOpen = True, DifficultyLevel = 187, ConnectedLifts =  }, Slope { SlopeID = 234, SlopeName = slopeName3ee1802b-4405-4a76-bbf7-9f825e51c1ad, IsOpen = False, DifficultyLevel = 6, ConnectedLifts =  }, Slope { SlopeID = 99, SlopeName = slopeName29527516-f7de-4632-86da-6082fe5ff663, IsOpen = True, DifficultyLevel = 51, ConnectedLifts =  }], checkPermissionServiceMock: Mock&lt;ICheckPermissionService:7&gt;, slopesRepositoryStub: Mock&lt;ISlopesRepository:5&gt;, liftsSlopesRepositoryStub: Mock&lt;ILiftsSlopesRepository:10&gt;, sut: SlopesService { })" computerName="DESKTOP-TJ9D65N" duration="00:00:00.0130692" startTime="2022-11-03T20:45:11.6650656+03:00" endTime="2022-11-03T20:45:11.6650657+03:00" testType="13cdc9d9-ddb5-4fa4-a97d-d965ccfc6d4b" outcome="Passed" testListId="8c84fa94-04c1-424b-9868-57a2d4851a1d" relativeResultsDirectory="a160665b-3f34-402a-904b-59fd94cfb929" />
    <UnitTestResult executionId="1f4a5b2f-6dca-4b65-8008-70e247f73534" testId="2310fc52-3a37-3fc8-0499-77791b260afa" testName="BL.Tests.SlopesServiceTest.TestGetSlopeInfoAsync(userID: 232, slope: Slope { SlopeID = 21, SlopeName = slopeName8cd54480-8748-4d5a-9dfb-35badd5b5165, IsOpen = True, DifficultyLevel = 134, ConnectedLifts =  }, checkPermissionServiceMock: Mock&lt;ICheckPermissionService:6&gt;, slopesRepositoryStub: Mock&lt;ISlopesRepository:4&gt;, liftsSlopesRepositoryStub: Mock&lt;ILiftsSlopesRepository:9&gt;, sut: SlopesService { })" computerName="DESKTOP-TJ9D65N" duration="00:00:00.0424314" startTime="2022-11-03T20:45:11.5569824+03:00" endTime="2022-11-03T20:45:11.5569825+03:00" testType="13cdc9d9-ddb5-4fa4-a97d-d965ccfc6d4b" outcome="Passed" testListId="8c84fa94-04c1-424b-9868-57a2d4851a1d" relativeResultsDirectory="1f4a5b2f-6dca-4b65-8008-70e247f73534" />
    <UnitTestResult executionId="9cf713bc-ea9c-4765-9171-97615d555c9c" testId="06d0bc3a-24a0-fb7f-4277-e9ae6d21c7dd" testName="BL.Tests.UsersServiceTests.TestAdminUpdateUser" computerName="DESKTOP-TJ9D65N" duration="00:00:00.0069929" startTime="2022-11-03T20:45:11.6770728+03:00" endTime="2022-11-03T20:45:11.6770729+03:00" testType="13cdc9d9-ddb5-4fa4-a97d-d965ccfc6d4b" outcome="Passed" testListId="8c84fa94-04c1-424b-9868-57a2d4851a1d" relativeResultsDirectory="9cf713bc-ea9c-4765-9171-97615d555c9c" />
    <UnitTestResult executionId="d9b3da01-20b4-422e-97bf-81132523b367" testId="a19a5fcf-c5d2-7d44-5d7d-84403042f4e0" testName="BL.Tests.CheckPermissionsServiceTests.UnauthorizedHasNoAccessToAdminSkiPatrolFunctions(functionName: &quot;MarkMessageReadByUserAsync&quot;)" computerName="DESKTOP-TJ9D65N" duration="00:00:00.0400286" startTime="2022-11-03T20:45:11.5569275+03:00" endTime="2022-11-03T20:45:11.5569275+03:00" testType="13cdc9d9-ddb5-4fa4-a97d-d965ccfc6d4b" outcome="Passed" testListId="8c84fa94-04c1-424b-9868-57a2d4851a1d" relativeResultsDirectory="d9b3da01-20b4-422e-97bf-81132523b367" />
    <UnitTestResult executionId="f093da9c-74a3-4eb3-bc91-924ff9e8421a" testId="89704827-404d-05a7-e93a-a0af609333af" testName="BL.Tests.LiftsSlopesServiceTests.TestAdminDeleteLiftSlopeAsync(lift: Lift { LiftID = 19, LiftName = liftName5b38bf0c-3b8c-4282-a5ef-26baa6433c09, IsOpen = True, SeatsAmount = 157, LiftingTime = 218, QueueTime = 226, ConnectedSlopes =  }, slope: Slope { SlopeID = 27, SlopeName = slopeName7d1c3ff4-8aa2-44d6-80ee-794401cee8aa, IsOpen = False, DifficultyLevel = 220, ConnectedLifts =  }, slopesRepositoryStub: Mock&lt;ISlopesRepository:2&gt;, liftsRepositoryStub: Mock&lt;ILiftsRepository:7&gt;, liftsSlopesRepositoryStub: Mock&lt;ILiftsSlopesRepository:7&gt;)" computerName="DESKTOP-TJ9D65N" duration="00:00:00.0398900" startTime="2022-11-03T20:45:11.5522721+03:00" endTime="2022-11-03T20:45:11.5523154+03:00" testType="13cdc9d9-ddb5-4fa4-a97d-d965ccfc6d4b" outcome="Passed" testListId="8c84fa94-04c1-424b-9868-57a2d4851a1d" relativeResultsDirectory="f093da9c-74a3-4eb3-bc91-924ff9e8421a" />
    <UnitTestResult executionId="96a21736-7516-4120-9b00-f20eba70b72e" testId="1ca07ad8-f799-c5d4-e7cc-34fd950198a2" testName="BL.Tests.UsersServiceTests.TestLogInOk" computerName="DESKTOP-TJ9D65N" duration="00:00:00.0035686" startTime="2022-11-03T20:45:11.7225708+03:00" endTime="2022-11-03T20:45:11.7225710+03:00" testType="13cdc9d9-ddb5-4fa4-a97d-d965ccfc6d4b" outcome="Passed" testListId="8c84fa94-04c1-424b-9868-57a2d4851a1d" relativeResultsDirectory="96a21736-7516-4120-9b00-f20eba70b72e" />
    <UnitTestResult executionId="1d8d2654-cbe0-4d12-b0bb-6813a0d5003a" testId="e429852d-a6ed-7c2a-25fd-cd839b159d56" testName="BL.Tests.LiftsSlopesServiceTests.TestGetLiftsSlopesInfoAsync(liftsSlopes: [LiftSlope { RecordID = 108, LiftID = 229, SlopeID = 13 }, LiftSlope { RecordID = 170, LiftID = 144, SlopeID = 148 }, LiftSlope { RecordID = 78, LiftID = 121, SlopeID = 89 }], slopesRepositoryStub: Mock&lt;ISlopesRepository:1&gt;, liftsRepositoryStub: Mock&lt;ILiftsRepository:6&gt;, liftsSlopesRepositoryStub: Mock&lt;ILiftsSlopesRepository:6&gt;)" computerName="DESKTOP-TJ9D65N" duration="00:00:00.0049642" startTime="2022-11-03T20:45:11.6615486+03:00" endTime="2022-11-03T20:45:11.6615486+03:00" testType="13cdc9d9-ddb5-4fa4-a97d-d965ccfc6d4b" outcome="Passed" testListId="8c84fa94-04c1-424b-9868-57a2d4851a1d" relativeResultsDirectory="1d8d2654-cbe0-4d12-b0bb-6813a0d5003a" />
    <UnitTestResult executionId="a270bedd-5ffb-4104-8f96-1e45ec8569c0" testId="eaabd2fc-2f4b-5689-59c8-c7ad34a8f634" testName="BL.Tests.CheckPermissionsServiceTests.UnauthorizedHasNoAccessToAuthorizedFunctions(functionName: &quot;SendMessageAsync&quot;)" computerName="DESKTOP-TJ9D65N" duration="00:00:00.0034254" startTime="2022-11-03T20:45:11.6651042+03:00" endTime="2022-11-03T20:45:11.6651044+03:00" testType="13cdc9d9-ddb5-4fa4-a97d-d965ccfc6d4b" outcome="Passed" testListId="8c84fa94-04c1-424b-9868-57a2d4851a1d" relativeResultsDirectory="a270bedd-5ffb-4104-8f96-1e45ec8569c0" />
    <UnitTestResult executionId="21bcff28-4e82-490a-bb9e-d0273c4b2e3a" testId="2d706594-f2b3-b3c8-21d4-86c9798c3306" testName="BL.Tests.CheckPermissionsServiceTests.SkiPatrolHasAccessToAdminSkiPatrolFunctions(functionName: &quot;GetLiftsSlopesInfoAsync&quot;)" computerName="DESKTOP-TJ9D65N" duration="00:00:00.0049707" startTime="2022-11-03T20:45:11.7051061+03:00" endTime="2022-11-03T20:45:11.7051062+03:00" testType="13cdc9d9-ddb5-4fa4-a97d-d965ccfc6d4b" outcome="Passed" testListId="8c84fa94-04c1-424b-9868-57a2d4851a1d" relativeResultsDirectory="21bcff28-4e82-490a-bb9e-d0273c4b2e3a" />
    <UnitTestResult executionId="ab9abdd9-df30-4e79-86ee-4e59e1414b4a" testId="834c739b-eca4-b36d-6a66-5a1bd75377b8" testName="BL.Tests.UsersServiceTests.TestAdminAddAutoIncrementUser" computerName="DESKTOP-TJ9D65N" duration="00:00:00.0062788" startTime="2022-11-03T20:45:11.7547756+03:00" endTime="2022-11-03T20:45:11.7547757+03:00" testType="13cdc9d9-ddb5-4fa4-a97d-d965ccfc6d4b" outcome="Passed" testListId="8c84fa94-04c1-424b-9868-57a2d4851a1d" relativeResultsDirectory="ab9abdd9-df30-4e79-86ee-4e59e1414b4a" />
    <UnitTestResult executionId="76c0c1a8-afa0-4733-b43e-2c253d50ebdb" testId="18fa8c62-e27d-e1fc-8182-4d7db62b008d" testName="BL.Tests.UsersServiceTests.TestAdminDeleteUser" computerName="DESKTOP-TJ9D65N" duration="00:00:00.0026479" startTime="2022-11-03T20:45:11.7777736+03:00" endTime="2022-11-03T20:45:11.7777737+03:00" testType="13cdc9d9-ddb5-4fa4-a97d-d965ccfc6d4b" outcome="Passed" testListId="8c84fa94-04c1-424b-9868-57a2d4851a1d" relativeResultsDirectory="76c0c1a8-afa0-4733-b43e-2c253d50ebdb" />
    <UnitTestResult executionId="6f34ed7e-b918-4d93-8ac1-083367f91ca9" testId="54d43541-da72-59e5-ca74-bc72640ab2d3" testName="BL.Tests.LiftsServiceTest.TestUpdateLiftInfoAsync(userID: 2, lift: Lift { LiftID = 161, LiftName = liftNamecc6c3988-48a6-4bc4-ad95-4ab106efea06, IsOpen = True, SeatsAmount = 170, LiftingTime = 129, QueueTime = 3, ConnectedSlopes =  }, checkPermissionServiceMock: Mock&lt;ICheckPermissionService:3&gt;, liftsRepositoryStub: Mock&lt;ILiftsRepository:3&gt;, sut: LiftsService { })" computerName="DESKTOP-TJ9D65N" duration="00:00:00.0075932" startTime="2022-11-03T20:45:11.6650118+03:00" endTime="2022-11-03T20:45:11.6650119+03:00" testType="13cdc9d9-ddb5-4fa4-a97d-d965ccfc6d4b" outcome="Passed" testListId="8c84fa94-04c1-424b-9868-57a2d4851a1d" relativeResultsDirectory="6f34ed7e-b918-4d93-8ac1-083367f91ca9" />
    <UnitTestResult executionId="3618cc03-a2cc-44e1-90b3-c7e60f9f41b3" testId="aa28a6b3-21d3-aa45-24d3-bef2facbc899" testName="BL.Tests.CheckPermissionsServiceTests.AuthorizedHasAccessToAuthorizedFunctions(functionName: &quot;LogOutAsync&quot;)" computerName="DESKTOP-TJ9D65N" duration="00:00:00.0010074" startTime="2022-11-03T20:45:11.7937849+03:00" endTime="2022-11-03T20:45:11.7937850+03:00" testType="13cdc9d9-ddb5-4fa4-a97d-d965ccfc6d4b" outcome="Passed" testListId="8c84fa94-04c1-424b-9868-57a2d4851a1d" relativeResultsDirectory="3618cc03-a2cc-44e1-90b3-c7e60f9f41b3" />
    <UnitTestResult executionId="742c69b1-678c-4be0-8559-4da87e2a0257" testId="89725d2e-2104-dc59-6a39-c4824e3c2bf7" testName="BL.Tests.LiftsSlopesServiceTests.TestAdminAddAutoIncrementLiftSlopeAsync(lift: Lift { LiftID = 23, LiftName = liftNamede088ed0-3ea6-4e8a-9340-42b64b62472f, IsOpen = True, SeatsAmount = 213, LiftingTime = 51, QueueTime = 35, ConnectedSlopes =  }, slope: Slope { SlopeID = 18, SlopeName = slopeNamee78875fd-e7f0-4e1a-81c8-59ce082da4b7, IsOpen = False, DifficultyLevel = 150, ConnectedLifts =  }, slopesRepositoryStub: Mock&lt;ISlopesRepository:3&gt;, liftsRepositoryStub: Mock&lt;ILiftsRepository:8&gt;, liftsSlopesRepositoryStub: Mock&lt;ILiftsSlopesRepository:8&gt;)" computerName="DESKTOP-TJ9D65N" duration="00:00:00.0099011" startTime="2022-11-03T20:45:11.6648459+03:00" endTime="2022-11-03T20:45:11.6648460+03:00" testType="13cdc9d9-ddb5-4fa4-a97d-d965ccfc6d4b" outcome="Passed" testListId="8c84fa94-04c1-424b-9868-57a2d4851a1d" relativeResultsDirectory="742c69b1-678c-4be0-8559-4da87e2a0257" />
    <UnitTestResult executionId="6b156889-a873-4f29-aad0-26968000a240" testId="4eb053ea-0eb5-1e26-799b-53d67c64c904" testName="BL.Tests.TurnstilesServiceTest.TestAdminUpdateTurnstileAsync(userID: 255, turnstile: Turnstile { TurnstileID = 38, LiftID = 213, IsOpen = True }, checkPermissionServiceMock: Mock&lt;ICheckPermissionService:14&gt;, turnstilesRepositoryStub: Mock&lt;ITurnstilesRepository:8&gt;, sut: TurnstilesService { })" computerName="DESKTOP-TJ9D65N" duration="00:00:00.0065227" startTime="2022-11-03T20:45:11.6651738+03:00" endTime="2022-11-03T20:45:11.6651738+03:00" testType="13cdc9d9-ddb5-4fa4-a97d-d965ccfc6d4b" outcome="Passed" testListId="8c84fa94-04c1-424b-9868-57a2d4851a1d" relativeResultsDirectory="6b156889-a873-4f29-aad0-26968000a240" />
    <UnitTestResult executionId="d879b92e-7766-4e6d-b2b9-b5dc10439ae8" testId="6a0678db-8c83-b11f-51bf-faa1856df48f" testName="BL.Tests.SlopesServiceTest.TestAdminDeleteSlopeAsync(userID: 75, slope: Slope { SlopeID = 249, SlopeName = slopeNamec9d166fb-0b3e-4740-877e-23809c777573, IsOpen = True, DifficultyLevel = 101, ConnectedLifts =  }, checkPermissionServiceMock: Mock&lt;ICheckPermissionService:9&gt;, slopesRepositoryStub: Mock&lt;ISlopesRepository:7&gt;, liftsSlopesRepositoryStub: Mock&lt;ILiftsSlopesRepository:12&gt;, sut: SlopesService { })" computerName="DESKTOP-TJ9D65N" duration="00:00:00.0055817" startTime="2022-11-03T20:45:11.6996264+03:00" endTime="2022-11-03T20:45:11.6996265+03:00" testType="13cdc9d9-ddb5-4fa4-a97d-d965ccfc6d4b" outcome="Passed" testListId="8c84fa94-04c1-424b-9868-57a2d4851a1d" relativeResultsDirectory="d879b92e-7766-4e6d-b2b9-b5dc10439ae8" />
    <UnitTestResult executionId="b9a6a953-cb1b-4bc4-b16f-b510c8db6e73" testId="e2d7e5be-3dae-33ae-fb17-c704b6fd58d6" testName="BL.Tests.CheckPermissionsServiceTests.UnauthorizedHasNoAccessToAdminFunctions" computerName="DESKTOP-TJ9D65N" duration="00:00:00.0022190" startTime="2022-11-03T20:45:11.8036243+03:00" endTime="2022-11-03T20:45:11.8036245+03:00" testType="13cdc9d9-ddb5-4fa4-a97d-d965ccfc6d4b" outcome="Passed" testListId="8c84fa94-04c1-424b-9868-57a2d4851a1d" relativeResultsDirectory="b9a6a953-cb1b-4bc4-b16f-b510c8db6e73" />
    <UnitTestResult executionId="04e12d86-b7c7-472b-9bec-f1c9c3459e4d" testId="9c7df5e2-1b23-ebea-889f-b78ca86b60ab" testName="BL.Tests.CheckPermissionsServiceTests.AuthorizedHasNoAccessToAdminSkiPatrolFunctions(functionName: &quot;MarkMessageReadByUserAsync&quot;)" computerName="DESKTOP-TJ9D65N" duration="00:00:00.0013020" startTime="2022-11-03T20:45:11.7659299+03:00" endTime="2022-11-03T20:45:11.7659300+03:00" testType="13cdc9d9-ddb5-4fa4-a97d-d965ccfc6d4b" outcome="Passed" testListId="8c84fa94-04c1-424b-9868-57a2d4851a1d" relativeResultsDirectory="04e12d86-b7c7-472b-9bec-f1c9c3459e4d" />
    <UnitTestResult executionId="77816570-2553-478f-86a9-213391c682e0" testId="d6a3ccfe-a46d-ce72-dffe-13501a5bfd91" testName="BL.Tests.SlopesServiceTest.TestAdminAddAutoIncrementSlopeAsync(userID: 72, slope: Slope { SlopeID = 128, SlopeName = slopeName74a100ce-b8f0-42fb-a767-14125c150e58, IsOpen = True, DifficultyLevel = 60, ConnectedLifts =  }, checkPermissionServiceMock: Mock&lt;ICheckPermissionService:10&gt;, slopesRepositoryStub: Mock&lt;ISlopesRepository:8&gt;, sut: SlopesService { })" computerName="DESKTOP-TJ9D65N" duration="00:00:00.0145429" startTime="2022-11-03T20:45:11.6615659+03:00" endTime="2022-11-03T20:45:11.6615660+03:00" testType="13cdc9d9-ddb5-4fa4-a97d-d965ccfc6d4b" outcome="Passed" testListId="8c84fa94-04c1-424b-9868-57a2d4851a1d" relativeResultsDirectory="77816570-2553-478f-86a9-213391c682e0" />
    <UnitTestResult executionId="860b35fa-a432-49a4-970c-d0452c2972dd" testId="69340bb6-3645-f9dd-971e-29d8b2a009bb" testName="BL.Tests.UsersServiceTests.TestLogInWithWrongPassword" computerName="DESKTOP-TJ9D65N" duration="00:00:00.0027578" startTime="2022-11-03T20:45:11.7397069+03:00" endTime="2022-11-03T20:45:11.7397070+03:00" testType="13cdc9d9-ddb5-4fa4-a97d-d965ccfc6d4b" outcome="Passed" testListId="8c84fa94-04c1-424b-9868-57a2d4851a1d" relativeResultsDirectory="860b35fa-a432-49a4-970c-d0452c2972dd" />
    <UnitTestResult executionId="b0fb0c5f-cc82-4f35-bf5f-3d946b274737" testId="644ec43e-70cd-c82d-42e7-0d990be1414d" testName="BL.Tests.CheckPermissionsServiceTests.AuthorizedHasAccessToAuthorizedFunctions(functionName: &quot;SendMessageAsync&quot;)" computerName="DESKTOP-TJ9D65N" duration="00:00:00.0022103" startTime="2022-11-03T20:45:11.7853198+03:00" endTime="2022-11-03T20:45:11.7853199+03:00" testType="13cdc9d9-ddb5-4fa4-a97d-d965ccfc6d4b" outcome="Passed" testListId="8c84fa94-04c1-424b-9868-57a2d4851a1d" relativeResultsDirectory="b0fb0c5f-cc82-4f35-bf5f-3d946b274737" />
    <UnitTestResult executionId="cdb60091-9435-4294-a8e7-e1b16c0e803a" testId="924bbeb9-29e2-fb53-c91f-54d25a43b78c" testName="BL.Tests.SlopesServiceTest.TestAdminAddSlopeAsync(userID: 53, slope: Slope { SlopeID = 22, SlopeName = slopeName7a93334d-8ec2-4e1c-9928-641ea9adf04e, IsOpen = True, DifficultyLevel = 187, ConnectedLifts =  }, checkPermissionServiceMock: Mock&lt;ICheckPermissionService:11&gt;, slopesRepositoryStub: Mock&lt;ISlopesRepository:9&gt;, sut: SlopesService { })" computerName="DESKTOP-TJ9D65N" duration="00:00:00.0054327" startTime="2022-11-03T20:45:11.7172439+03:00" endTime="2022-11-03T20:45:11.7172440+03:00" testType="13cdc9d9-ddb5-4fa4-a97d-d965ccfc6d4b" outcome="Passed" testListId="8c84fa94-04c1-424b-9868-57a2d4851a1d" relativeResultsDirectory="cdb60091-9435-4294-a8e7-e1b16c0e803a" />
    <UnitTestResult executionId="4f019228-e9de-4d34-b4fe-058ec76d9587" testId="4f297306-d4f3-8d63-e7f4-1ac0b8c58c74" testName="BL.Tests.CheckPermissionsServiceTests.AuthorizedHasNoAccessToAdminSkiPatrolFunctions(functionName: &quot;GetLiftsSlopesInfoAsync&quot;)" computerName="DESKTOP-TJ9D65N" duration="00:00:00.0012364" startTime="2022-11-03T20:45:11.7753057+03:00" endTime="2022-11-03T20:45:11.7753057+03:00" testType="13cdc9d9-ddb5-4fa4-a97d-d965ccfc6d4b" outcome="Passed" testListId="8c84fa94-04c1-424b-9868-57a2d4851a1d" relativeResultsDirectory="4f019228-e9de-4d34-b4fe-058ec76d9587" />
    <UnitTestResult executionId="bb02b6b7-3626-48f6-886c-8c092617dbc4" testId="0eeef75f-6e38-7893-a8fe-cff3e0a970a7" testName="BL.Tests.UsersServiceTests.TestRegisterOk" computerName="DESKTOP-TJ9D65N" duration="00:00:00.0109605" startTime="2022-11-03T20:45:11.7085511+03:00" endTime="2022-11-03T20:45:11.7085512+03:00" testType="13cdc9d9-ddb5-4fa4-a97d-d965ccfc6d4b" outcome="Passed" testListId="8c84fa94-04c1-424b-9868-57a2d4851a1d" relativeResultsDirectory="bb02b6b7-3626-48f6-886c-8c092617dbc4" />
    <UnitTestResult executionId="50eaca30-4c61-4ab8-8d47-7389ced16916" testId="a2e59116-cb53-1d70-9cb8-21c286516866" testName="BL.Tests.CheckPermissionsServiceTests.AuthorizedHasNoAccessToAdminFunctions" computerName="DESKTOP-TJ9D65N" duration="00:00:00.0029139" startTime="2022-11-03T20:45:11.7461874+03:00" endTime="2022-11-03T20:45:11.7461875+03:00" testType="13cdc9d9-ddb5-4fa4-a97d-d965ccfc6d4b" outcome="Passed" testListId="8c84fa94-04c1-424b-9868-57a2d4851a1d" relativeResultsDirectory="50eaca30-4c61-4ab8-8d47-7389ced16916" />
    <UnitTestResult executionId="327ef202-fb8b-4ad4-8534-33297632b232" testId="dcfac247-61d6-d450-0924-7195ad3dedf4" testName="BL.Tests.TurnstilesServiceTest.TestAdminGetTurnstileAsync(userID: 252, turnstile: Turnstile { TurnstileID = 101, LiftID = 178, IsOpen = True }, checkPermissionServiceMock: Mock&lt;ICheckPermissionService:12&gt;, turnstilesRepositoryStub: Mock&lt;ITurnstilesRepository:6&gt;, sut: TurnstilesService { })" computerName="DESKTOP-TJ9D65N" duration="00:00:00.0421986" startTime="2022-11-03T20:45:11.5569720+03:00" endTime="2022-11-03T20:45:11.5569720+03:00" testType="13cdc9d9-ddb5-4fa4-a97d-d965ccfc6d4b" outcome="Passed" testListId="8c84fa94-04c1-424b-9868-57a2d4851a1d" relativeResultsDirectory="327ef202-fb8b-4ad4-8534-33297632b232" />
    <UnitTestResult executionId="ea1c1a6c-9341-4059-8f61-2398e267ff1e" testId="20ad8570-0170-85de-dcd7-2f109dd7bcd6" testName="BL.Tests.UsersServiceTests.TestAdminGetUsers" computerName="DESKTOP-TJ9D65N" duration="00:00:00.0469187" startTime="2022-11-03T20:45:11.5570264+03:00" endTime="2022-11-03T20:45:11.5570265+03:00" testType="13cdc9d9-ddb5-4fa4-a97d-d965ccfc6d4b" outcome="Passed" testListId="8c84fa94-04c1-424b-9868-57a2d4851a1d" relativeResultsDirectory="ea1c1a6c-9341-4059-8f61-2398e267ff1e" />
    <UnitTestResult executionId="b5a12752-89a8-4f5e-bc7b-d8469c97d950" testId="e5497347-2721-b7a6-0bd4-69a9921f6947" testName="BL.Tests.UsersServiceTests.TestAdminGetUserByIDAsync" computerName="DESKTOP-TJ9D65N" duration="00:00:00.0034345" startTime="2022-11-03T20:45:11.7661618+03:00" endTime="2022-11-03T20:45:11.7661618+03:00" testType="13cdc9d9-ddb5-4fa4-a97d-d965ccfc6d4b" outcome="Passed" testListId="8c84fa94-04c1-424b-9868-57a2d4851a1d" relativeResultsDirectory="b5a12752-89a8-4f5e-bc7b-d8469c97d950" />
    <UnitTestResult executionId="bf0a3068-a7ed-4500-a9af-1eca82e4928e" testId="42bfefd4-7df0-a2cf-509d-5f51d12ca5eb" testName="BL.Tests.TurnstilesServiceTest.TestAdminDeleteTurnstileAsync(userID: 75, turnstile: Turnstile { TurnstileID = 40, LiftID = 92, IsOpen = True }, checkPermissionServiceMock: Mock&lt;ICheckPermissionService:15&gt;, turnstilesRepositoryStub: Mock&lt;ITurnstilesRepository:9&gt;, sut: TurnstilesService { })" computerName="DESKTOP-TJ9D65N" duration="00:00:00.0048873" startTime="2022-11-03T20:45:11.6615304+03:00" endTime="2022-11-03T20:45:11.6615304+03:00" testType="13cdc9d9-ddb5-4fa4-a97d-d965ccfc6d4b" outcome="Passed" testListId="8c84fa94-04c1-424b-9868-57a2d4851a1d" relativeResultsDirectory="bf0a3068-a7ed-4500-a9af-1eca82e4928e" />
    <UnitTestResult executionId="f55168c9-5ea5-4a56-90f8-92364cce0a9b" testId="60bd668f-04df-da5e-b79b-5d9aedb5234d" testName="BL.Tests.CheckPermissionsServiceTests.SkiPatrolHasAccessToAdminSkiPatrolFunctions(functionName: &quot;MarkMessageReadByUserAsync&quot;)" computerName="DESKTOP-TJ9D65N" duration="00:00:00.0012462" startTime="2022-11-03T20:45:11.7177824+03:00" endTime="2022-11-03T20:45:11.7177828+03:00" testType="13cdc9d9-ddb5-4fa4-a97d-d965ccfc6d4b" outcome="Passed" testListId="8c84fa94-04c1-424b-9868-57a2d4851a1d" relativeResultsDirectory="f55168c9-5ea5-4a56-90f8-92364cce0a9b" />
  </Results>
  <TestDefinitions>
    <UnitTest name="BL.Tests.CheckPermissionsServiceTests.AuthorizedHasNoAccessToAdminSkiPatrolFunctions(functionName: &quot;MarkMessageReadByUserAsync&quot;)" storage="/mnt/c/users/alena/desktop/7_sem/testing_and_debugging/skiresort/bl.tests/bin/debug/net6.0/bl.tests.dll" id="9c7df5e2-1b23-ebea-889f-b78ca86b60ab">
      <Execution id="04e12d86-b7c7-472b-9bec-f1c9c3459e4d" />
      <TestMethod codeBase="/mnt/c/Users/alena/Desktop/7_sem/testing_and_debugging/SkiResort/BL.Tests/bin/Debug/net6.0/BL.Tests.dll" adapterTypeName="executor://xunit/VsTestRunner2/netcoreapp" className="BL.Tests.CheckPermissionsServiceTests" name="AuthorizedHasNoAccessToAdminSkiPatrolFunctions" />
    </UnitTest>
    <UnitTest name="BL.Tests.CheckPermissionsServiceTests.UnauthorizedHasNoAccessToAdminSkiPatrolFunctions(functionName: &quot;MarkMessageReadByUserAsync&quot;)" storage="/mnt/c/users/alena/desktop/7_sem/testing_and_debugging/skiresort/bl.tests/bin/debug/net6.0/bl.tests.dll" id="a19a5fcf-c5d2-7d44-5d7d-84403042f4e0">
      <Execution id="d9b3da01-20b4-422e-97bf-81132523b367" />
      <TestMethod codeBase="/mnt/c/Users/alena/Desktop/7_sem/testing_and_debugging/SkiResort/BL.Tests/bin/Debug/net6.0/BL.Tests.dll" adapterTypeName="executor://xunit/VsTestRunner2/netcoreapp" className="BL.Tests.CheckPermissionsServiceTests" name="UnauthorizedHasNoAccessToAdminSkiPatrolFunctions" />
    </UnitTest>
    <UnitTest name="BL.Tests.SlopesServiceTest.TestAdminAddSlopeAsync(userID: 53, slope: Slope { SlopeID = 22, SlopeName = slopeName7a93334d-8ec2-4e1c-9928-641ea9adf04e, IsOpen = True, DifficultyLevel = 187, ConnectedLifts =  }, checkPermissionServiceMock: Mock&lt;ICheckPermissionService:11&gt;, slopesRepositoryStub: Mock&lt;ISlopesRepository:9&gt;, sut: SlopesService { })" storage="/mnt/c/users/alena/desktop/7_sem/testing_and_debugging/skiresort/bl.tests/bin/debug/net6.0/bl.tests.dll" id="924bbeb9-29e2-fb53-c91f-54d25a43b78c">
      <Execution id="cdb60091-9435-4294-a8e7-e1b16c0e803a" />
      <TestMethod codeBase="/mnt/c/Users/alena/Desktop/7_sem/testing_and_debugging/SkiResort/BL.Tests/bin/Debug/net6.0/BL.Tests.dll" adapterTypeName="executor://xunit/VsTestRunner2/netcoreapp" className="BL.Tests.SlopesServiceTest" name="TestAdminAddSlopeAsync" />
    </UnitTest>
    <UnitTest name="BL.Tests.LiftsServiceTest.TestAdminAddAutoIncrementLiftAsync(userID: 34, lift: Lift { LiftID = 61, LiftName = liftName6d3a3599-4c64-47c0-aeaa-9176cb912c38, IsOpen = True, SeatsAmount = 214, LiftingTime = 138, QueueTime = 52, ConnectedSlopes =  }, checkPermissionServiceMock: Mock&lt;ICheckPermissionService:5&gt;, liftsRepositoryStub: Mock&lt;ILiftsRepository:5&gt;, sut: LiftsService { })" storage="/mnt/c/users/alena/desktop/7_sem/testing_and_debugging/skiresort/bl.tests/bin/debug/net6.0/bl.tests.dll" id="52e1e4f4-d920-fd5f-1d5b-498f29af5c70">
      <Execution id="b34dc34d-3c0f-48bd-a500-9e8e04a3ba76" />
      <TestMethod codeBase="/mnt/c/Users/alena/Desktop/7_sem/testing_and_debugging/SkiResort/BL.Tests/bin/Debug/net6.0/BL.Tests.dll" adapterTypeName="executor://xunit/VsTestRunner2/netcoreapp" className="BL.Tests.LiftsServiceTest" name="TestAdminAddAutoIncrementLiftAsync" />
    </UnitTest>
    <UnitTest name="BL.Tests.CheckPermissionsServiceTests.AuthorizedHasNoAccessToAdminSkiPatrolFunctions(functionName: &quot;GetMessagesAsync&quot;)" storage="/mnt/c/users/alena/desktop/7_sem/testing_and_debugging/skiresort/bl.tests/bin/debug/net6.0/bl.tests.dll" id="2602613f-c8e2-a6d9-fcf7-5b27d4a770a6">
      <Execution id="5d8ed71c-76ad-4904-b1b0-ef0999cf47b7" />
      <TestMethod codeBase="/mnt/c/Users/alena/Desktop/7_sem/testing_and_debugging/SkiResort/BL.Tests/bin/Debug/net6.0/BL.Tests.dll" adapterTypeName="executor://xunit/VsTestRunner2/netcoreapp" className="BL.Tests.CheckPermissionsServiceTests" name="AuthorizedHasNoAccessToAdminSkiPatrolFunctions" />
    </UnitTest>
    <UnitTest name="BL.Tests.CheckPermissionsServiceTests.AuthorizedHasNoAccessToAdminFunctions" storage="/mnt/c/users/alena/desktop/7_sem/testing_and_debugging/skiresort/bl.tests/bin/debug/net6.0/bl.tests.dll" id="a2e59116-cb53-1d70-9cb8-21c286516866">
      <Execution id="50eaca30-4c61-4ab8-8d47-7389ced16916" />
      <TestMethod codeBase="/mnt/c/Users/alena/Desktop/7_sem/testing_and_debugging/SkiResort/BL.Tests/bin/Debug/net6.0/BL.Tests.dll" adapterTypeName="executor://xunit/VsTestRunner2/netcoreapp" className="BL.Tests.CheckPermissionsServiceTests" name="AuthorizedHasNoAccessToAdminFunctions" />
    </UnitTest>
    <UnitTest name="BL.Tests.CheckPermissionsServiceTests.SkiPatrolHasAccessToAdminSkiPatrolFunctions(functionName: &quot;GetMessagesAsync&quot;)" storage="/mnt/c/users/alena/desktop/7_sem/testing_and_debugging/skiresort/bl.tests/bin/debug/net6.0/bl.tests.dll" id="c36970dc-93f7-753e-fa47-157133b01644">
      <Execution id="5548465e-d38b-4dff-aabe-70928c83bfe5" />
      <TestMethod codeBase="/mnt/c/Users/alena/Desktop/7_sem/testing_and_debugging/SkiResort/BL.Tests/bin/Debug/net6.0/BL.Tests.dll" adapterTypeName="executor://xunit/VsTestRunner2/netcoreapp" className="BL.Tests.CheckPermissionsServiceTests" name="SkiPatrolHasAccessToAdminSkiPatrolFunctions" />
    </UnitTest>
    <UnitTest name="BL.Tests.CheckPermissionsServiceTests.AdminHasAccessToAllFunctions" storage="/mnt/c/users/alena/desktop/7_sem/testing_and_debugging/skiresort/bl.tests/bin/debug/net6.0/bl.tests.dll" id="f3efc418-a8a6-c7b7-9bac-90b33aa8472f">
      <Execution id="f478bb2c-c6fd-4475-944c-788a6712364c" />
      <TestMethod codeBase="/mnt/c/Users/alena/Desktop/7_sem/testing_and_debugging/SkiResort/BL.Tests/bin/Debug/net6.0/BL.Tests.dll" adapterTypeName="executor://xunit/VsTestRunner2/netcoreapp" className="BL.Tests.CheckPermissionsServiceTests" name="AdminHasAccessToAllFunctions" />
    </UnitTest>
    <UnitTest name="BL.Tests.UsersServiceTests.TestRegisterUserWithNoPassword" storage="/mnt/c/users/alena/desktop/7_sem/testing_and_debugging/skiresort/bl.tests/bin/debug/net6.0/bl.tests.dll" id="f44a1b21-8efc-bfac-63b4-d534442def31">
      <Execution id="4084d2c2-e23e-4171-8677-0f30edce5ffe" />
      <TestMethod codeBase="/mnt/c/Users/alena/Desktop/7_sem/testing_and_debugging/SkiResort/BL.Tests/bin/Debug/net6.0/BL.Tests.dll" adapterTypeName="executor://xunit/VsTestRunner2/netcoreapp" className="BL.Tests.UsersServiceTests" name="TestRegisterUserWithNoPassword" />
    </UnitTest>
    <UnitTest name="BL.Tests.SlopesServiceTest.TestAdminAddAutoIncrementSlopeAsync(userID: 72, slope: Slope { SlopeID = 128, SlopeName = slopeName74a100ce-b8f0-42fb-a767-14125c150e58, IsOpen = True, DifficultyLevel = 60, ConnectedLifts =  }, checkPermissionServiceMock: Mock&lt;ICheckPermissionService:10&gt;, slopesRepositoryStub: Mock&lt;ISlopesRepository:8&gt;, sut: SlopesService { })" storage="/mnt/c/users/alena/desktop/7_sem/testing_and_debugging/skiresort/bl.tests/bin/debug/net6.0/bl.tests.dll" id="d6a3ccfe-a46d-ce72-dffe-13501a5bfd91">
      <Execution id="77816570-2553-478f-86a9-213391c682e0" />
      <TestMethod codeBase="/mnt/c/Users/alena/Desktop/7_sem/testing_and_debugging/SkiResort/BL.Tests/bin/Debug/net6.0/BL.Tests.dll" adapterTypeName="executor://xunit/VsTestRunner2/netcoreapp" className="BL.Tests.SlopesServiceTest" name="TestAdminAddAutoIncrementSlopeAsync" />
    </UnitTest>
    <UnitTest name="BL.Tests.UsersServiceTests.TestAdminGetUserByIDAsync" storage="/mnt/c/users/alena/desktop/7_sem/testing_and_debugging/skiresort/bl.tests/bin/debug/net6.0/bl.tests.dll" id="e5497347-2721-b7a6-0bd4-69a9921f6947">
      <Execution id="b5a12752-89a8-4f5e-bc7b-d8469c97d950" />
      <TestMethod codeBase="/mnt/c/Users/alena/Desktop/7_sem/testing_and_debugging/SkiResort/BL.Tests/bin/Debug/net6.0/BL.Tests.dll" adapterTypeName="executor://xunit/VsTestRunner2/netcoreapp" className="BL.Tests.UsersServiceTests" name="TestAdminGetUserByIDAsync" />
    </UnitTest>
    <UnitTest name="BL.Tests.LiftsServiceTest.TestUpdateLiftInfoAsync(userID: 2, lift: Lift { LiftID = 161, LiftName = liftNamecc6c3988-48a6-4bc4-ad95-4ab106efea06, IsOpen = True, SeatsAmount = 170, LiftingTime = 129, QueueTime = 3, ConnectedSlopes =  }, checkPermissionServiceMock: Mock&lt;ICheckPermissionService:3&gt;, liftsRepositoryStub: Mock&lt;ILiftsRepository:3&gt;, sut: LiftsService { })" storage="/mnt/c/users/alena/desktop/7_sem/testing_and_debugging/skiresort/bl.tests/bin/debug/net6.0/bl.tests.dll" id="54d43541-da72-59e5-ca74-bc72640ab2d3">
      <Execution id="6f34ed7e-b918-4d93-8ac1-083367f91ca9" />
      <TestMethod codeBase="/mnt/c/Users/alena/Desktop/7_sem/testing_and_debugging/SkiResort/BL.Tests/bin/Debug/net6.0/BL.Tests.dll" adapterTypeName="executor://xunit/VsTestRunner2/netcoreapp" className="BL.Tests.LiftsServiceTest" name="TestUpdateLiftInfoAsync" />
    </UnitTest>
    <UnitTest name="BL.Tests.LiftsServiceTest.TestAdminDeleteLiftAsync(userID: 102, lift: Lift { LiftID = 235, LiftName = liftName514ebf37-07d5-4a4b-95ca-27395042d21a, IsOpen = True, SeatsAmount = 197, LiftingTime = 24, QueueTime = 99, ConnectedSlopes =  }, checkPermissionServiceMock: Mock&lt;ICheckPermissionService:4&gt;, liftsRepositoryStub: Mock&lt;ILiftsRepository:4&gt;, liftsSlopesRepositoryStub: Mock&lt;ILiftsSlopesRepository:4&gt;, sut: LiftsService { })" storage="/mnt/c/users/alena/desktop/7_sem/testing_and_debugging/skiresort/bl.tests/bin/debug/net6.0/bl.tests.dll" id="dbc25040-61a5-4ef8-c04a-59330076a21e">
      <Execution id="d37a10d9-3064-4747-9313-6aa843b18b0e" />
      <TestMethod codeBase="/mnt/c/Users/alena/Desktop/7_sem/testing_and_debugging/SkiResort/BL.Tests/bin/Debug/net6.0/BL.Tests.dll" adapterTypeName="executor://xunit/VsTestRunner2/netcoreapp" className="BL.Tests.LiftsServiceTest" name="TestAdminDeleteLiftAsync" />
    </UnitTest>
    <UnitTest name="BL.Tests.SlopesServiceTest.TestUpdateSlopeInfoAsync(userID: 92, slope: Slope { SlopeID = 16, SlopeName = slopeName13625a88-caf9-43c7-a1ce-4cccca63d386, IsOpen = True, DifficultyLevel = 1, ConnectedLifts =  }, checkPermissionServiceMock: Mock&lt;ICheckPermissionService:8&gt;, slopesRepositoryStub: Mock&lt;ISlopesRepository:6&gt;, sut: SlopesService { })" storage="/mnt/c/users/alena/desktop/7_sem/testing_and_debugging/skiresort/bl.tests/bin/debug/net6.0/bl.tests.dll" id="3333daf2-f7ee-6796-4300-e7e4557fd575">
      <Execution id="31fac57c-caaa-4b5a-98ae-a4d032dc8f2e" />
      <TestMethod codeBase="/mnt/c/Users/alena/Desktop/7_sem/testing_and_debugging/SkiResort/BL.Tests/bin/Debug/net6.0/BL.Tests.dll" adapterTypeName="executor://xunit/VsTestRunner2/netcoreapp" className="BL.Tests.SlopesServiceTest" name="TestUpdateSlopeInfoAsync" />
    </UnitTest>
    <UnitTest name="BL.Tests.UsersServiceTests.TestAdminAddAutoIncrementUser" storage="/mnt/c/users/alena/desktop/7_sem/testing_and_debugging/skiresort/bl.tests/bin/debug/net6.0/bl.tests.dll" id="834c739b-eca4-b36d-6a66-5a1bd75377b8">
      <Execution id="ab9abdd9-df30-4e79-86ee-4e59e1414b4a" />
      <TestMethod codeBase="/mnt/c/Users/alena/Desktop/7_sem/testing_and_debugging/SkiResort/BL.Tests/bin/Debug/net6.0/BL.Tests.dll" adapterTypeName="executor://xunit/VsTestRunner2/netcoreapp" className="BL.Tests.UsersServiceTests" name="TestAdminAddAutoIncrementUser" />
    </UnitTest>
    <UnitTest name="BL.Tests.CheckPermissionsServiceTests.UnauthorizedHasNoAccessToAdminSkiPatrolFunctions(functionName: &quot;GetLiftsSlopesInfoAsync&quot;)" storage="/mnt/c/users/alena/desktop/7_sem/testing_and_debugging/skiresort/bl.tests/bin/debug/net6.0/bl.tests.dll" id="387c9729-48c1-486e-5e67-f5d11a9f0db8">
      <Execution id="d819dcec-73f9-4fbd-b4cb-8918688d6f1b" />
      <TestMethod codeBase="/mnt/c/Users/alena/Desktop/7_sem/testing_and_debugging/SkiResort/BL.Tests/bin/Debug/net6.0/BL.Tests.dll" adapterTypeName="executor://xunit/VsTestRunner2/netcoreapp" className="BL.Tests.CheckPermissionsServiceTests" name="UnauthorizedHasNoAccessToAdminSkiPatrolFunctions" />
    </UnitTest>
    <UnitTest name="BL.Tests.CheckPermissionsServiceTests.SkiPatrolHasAccessToAdminSkiPatrolFunctions(functionName: &quot;MarkMessageReadByUserAsync&quot;)" storage="/mnt/c/users/alena/desktop/7_sem/testing_and_debugging/skiresort/bl.tests/bin/debug/net6.0/bl.tests.dll" id="60bd668f-04df-da5e-b79b-5d9aedb5234d">
      <Execution id="f55168c9-5ea5-4a56-90f8-92364cce0a9b" />
      <TestMethod codeBase="/mnt/c/Users/alena/Desktop/7_sem/testing_and_debugging/SkiResort/BL.Tests/bin/Debug/net6.0/BL.Tests.dll" adapterTypeName="executor://xunit/VsTestRunner2/netcoreapp" className="BL.Tests.CheckPermissionsServiceTests" name="SkiPatrolHasAccessToAdminSkiPatrolFunctions" />
    </UnitTest>
    <UnitTest name="BL.Tests.CheckPermissionsServiceTests.UnauthorizedHasNoAccessToAdminFunctions" storage="/mnt/c/users/alena/desktop/7_sem/testing_and_debugging/skiresort/bl.tests/bin/debug/net6.0/bl.tests.dll" id="e2d7e5be-3dae-33ae-fb17-c704b6fd58d6">
      <Execution id="b9a6a953-cb1b-4bc4-b16f-b510c8db6e73" />
      <TestMethod codeBase="/mnt/c/Users/alena/Desktop/7_sem/testing_and_debugging/SkiResort/BL.Tests/bin/Debug/net6.0/BL.Tests.dll" adapterTypeName="executor://xunit/VsTestRunner2/netcoreapp" className="BL.Tests.CheckPermissionsServiceTests" name="UnauthorizedHasNoAccessToAdminFunctions" />
    </UnitTest>
    <UnitTest name="BL.Tests.UsersServiceTests.TestLogInWithWrongPassword" storage="/mnt/c/users/alena/desktop/7_sem/testing_and_debugging/skiresort/bl.tests/bin/debug/net6.0/bl.tests.dll" id="69340bb6-3645-f9dd-971e-29d8b2a009bb">
      <Execution id="860b35fa-a432-49a4-970c-d0452c2972dd" />
      <TestMethod codeBase="/mnt/c/Users/alena/Desktop/7_sem/testing_and_debugging/SkiResort/BL.Tests/bin/Debug/net6.0/BL.Tests.dll" adapterTypeName="executor://xunit/VsTestRunner2/netcoreapp" className="BL.Tests.UsersServiceTests" name="TestLogInWithWrongPassword" />
    </UnitTest>
    <UnitTest name="BL.Tests.CheckPermissionsServiceTests.SkiPatrolHasAccessToAdminSkiPatrolFunctions(functionName: &quot;GetLiftsSlopesInfoAsync&quot;)" storage="/mnt/c/users/alena/desktop/7_sem/testing_and_debugging/skiresort/bl.tests/bin/debug/net6.0/bl.tests.dll" id="2d706594-f2b3-b3c8-21d4-86c9798c3306">
      <Execution id="21bcff28-4e82-490a-bb9e-d0273c4b2e3a" />
      <TestMethod codeBase="/mnt/c/Users/alena/Desktop/7_sem/testing_and_debugging/SkiResort/BL.Tests/bin/Debug/net6.0/BL.Tests.dll" adapterTypeName="executor://xunit/VsTestRunner2/netcoreapp" className="BL.Tests.CheckPermissionsServiceTests" name="SkiPatrolHasAccessToAdminSkiPatrolFunctions" />
    </UnitTest>
    <UnitTest name="BL.Tests.CheckPermissionsServiceTests.SkiPatrolHasNoAccessToAdminFunctions" storage="/mnt/c/users/alena/desktop/7_sem/testing_and_debugging/skiresort/bl.tests/bin/debug/net6.0/bl.tests.dll" id="492c0393-35b4-df26-a537-21ca08302f3c">
      <Execution id="9a784b27-e93f-4316-8700-8cb7c85f0809" />
      <TestMethod codeBase="/mnt/c/Users/alena/Desktop/7_sem/testing_and_debugging/SkiResort/BL.Tests/bin/Debug/net6.0/BL.Tests.dll" adapterTypeName="executor://xunit/VsTestRunner2/netcoreapp" className="BL.Tests.CheckPermissionsServiceTests" name="SkiPatrolHasNoAccessToAdminFunctions" />
    </UnitTest>
    <UnitTest name="BL.Tests.UsersServiceTests.TestAdminDeleteUser" storage="/mnt/c/users/alena/desktop/7_sem/testing_and_debugging/skiresort/bl.tests/bin/debug/net6.0/bl.tests.dll" id="18fa8c62-e27d-e1fc-8182-4d7db62b008d">
      <Execution id="76c0c1a8-afa0-4733-b43e-2c253d50ebdb" />
      <TestMethod codeBase="/mnt/c/Users/alena/Desktop/7_sem/testing_and_debugging/SkiResort/BL.Tests/bin/Debug/net6.0/BL.Tests.dll" adapterTypeName="executor://xunit/VsTestRunner2/netcoreapp" className="BL.Tests.UsersServiceTests" name="TestAdminDeleteUser" />
    </UnitTest>
    <UnitTest name="BL.Tests.CheckPermissionsServiceTests.AuthorizedHasAccessToAuthorizedFunctions(functionName: &quot;LogOutAsync&quot;)" storage="/mnt/c/users/alena/desktop/7_sem/testing_and_debugging/skiresort/bl.tests/bin/debug/net6.0/bl.tests.dll" id="aa28a6b3-21d3-aa45-24d3-bef2facbc899">
      <Execution id="3618cc03-a2cc-44e1-90b3-c7e60f9f41b3" />
      <TestMethod codeBase="/mnt/c/Users/alena/Desktop/7_sem/testing_and_debugging/SkiResort/BL.Tests/bin/Debug/net6.0/BL.Tests.dll" adapterTypeName="executor://xunit/VsTestRunner2/netcoreapp" className="BL.Tests.CheckPermissionsServiceTests" name="AuthorizedHasAccessToAuthorizedFunctions" />
    </UnitTest>
    <UnitTest name="BL.Tests.UsersServiceTests.TestAdminUpdateUser" storage="/mnt/c/users/alena/desktop/7_sem/testing_and_debugging/skiresort/bl.tests/bin/debug/net6.0/bl.tests.dll" id="06d0bc3a-24a0-fb7f-4277-e9ae6d21c7dd">
      <Execution id="9cf713bc-ea9c-4765-9171-97615d555c9c" />
      <TestMethod codeBase="/mnt/c/Users/alena/Desktop/7_sem/testing_and_debugging/SkiResort/BL.Tests/bin/Debug/net6.0/BL.Tests.dll" adapterTypeName="executor://xunit/VsTestRunner2/netcoreapp" className="BL.Tests.UsersServiceTests" name="TestAdminUpdateUser" />
    </UnitTest>
    <UnitTest name="BL.Tests.UsersServiceTests.TestLogInOk" storage="/mnt/c/users/alena/desktop/7_sem/testing_and_debugging/skiresort/bl.tests/bin/debug/net6.0/bl.tests.dll" id="1ca07ad8-f799-c5d4-e7cc-34fd950198a2">
      <Execution id="96a21736-7516-4120-9b00-f20eba70b72e" />
      <TestMethod codeBase="/mnt/c/Users/alena/Desktop/7_sem/testing_and_debugging/SkiResort/BL.Tests/bin/Debug/net6.0/BL.Tests.dll" adapterTypeName="executor://xunit/VsTestRunner2/netcoreapp" className="BL.Tests.UsersServiceTests" name="TestLogInOk" />
    </UnitTest>
    <UnitTest name="BL.Tests.SlopesServiceTest.TestGetSlopesInfoAsync(userID: 94, initialSlopes: [Slope { SlopeID = 100, SlopeName = slopeName9f3fb07e-a557-40c2-8e8b-f2e3d4224acf, IsOpen = True, DifficultyLevel = 187, ConnectedLifts =  }, Slope { SlopeID = 234, SlopeName = slopeName3ee1802b-4405-4a76-bbf7-9f825e51c1ad, IsOpen = False, DifficultyLevel = 6, ConnectedLifts =  }, Slope { SlopeID = 99, SlopeName = slopeName29527516-f7de-4632-86da-6082fe5ff663, IsOp..." storage="/mnt/c/users/alena/desktop/7_sem/testing_and_debugging/skiresort/bl.tests/bin/debug/net6.0/bl.tests.dll" id="00b19fa1-19bb-3b2e-747c-00dafe3c1e1f">
      <Execution id="a160665b-3f34-402a-904b-59fd94cfb929" />
      <TestMethod codeBase="/mnt/c/Users/alena/Desktop/7_sem/testing_and_debugging/SkiResort/BL.Tests/bin/Debug/net6.0/BL.Tests.dll" adapterTypeName="executor://xunit/VsTestRunner2/netcoreapp" className="BL.Tests.SlopesServiceTest" name="TestGetSlopesInfoAsync" />
    </UnitTest>
    <UnitTest name="BL.Tests.LiftsServiceTest.TestGetLiftsInfoAsync(userID: 230, initialLifts: [Lift { LiftID = 30, LiftName = liftName43737cf9-cb30-49cd-ac1a-3a98dc431d1b, IsOpen = True, SeatsAmount = 171, LiftingTime = 211, QueueTime = 46, ConnectedSlopes =  }, Lift { LiftID = 92, LiftName = liftName50b6148e-a638-4f0a-b74c-a71cfa2b3c05, IsOpen = False, SeatsAmount = 223, LiftingTime = 201, QueueTime = 75, ConnectedSlopes =  }, Lift { LiftID = 135, LiftName =..." storage="/mnt/c/users/alena/desktop/7_sem/testing_and_debugging/skiresort/bl.tests/bin/debug/net6.0/bl.tests.dll" id="553758e1-7ac3-f969-de59-772840bcd1a4">
      <Execution id="080aba16-f760-4bc9-af50-c9ae17b34363" />
      <TestMethod codeBase="/mnt/c/Users/alena/Desktop/7_sem/testing_and_debugging/SkiResort/BL.Tests/bin/Debug/net6.0/BL.Tests.dll" adapterTypeName="executor://xunit/VsTestRunner2/netcoreapp" className="BL.Tests.LiftsServiceTest" name="TestGetLiftsInfoAsync" />
    </UnitTest>
    <UnitTest name="BL.Tests.LiftsSlopesServiceTests.TestAdminAddAutoIncrementLiftSlopeAsync(lift: Lift { LiftID = 23, LiftName = liftNamede088ed0-3ea6-4e8a-9340-42b64b62472f, IsOpen = True, SeatsAmount = 213, LiftingTime = 51, QueueTime = 35, ConnectedSlopes =  }, slope: Slope { SlopeID = 18, SlopeName = slopeNamee78875fd-e7f0-4e1a-81c8-59ce082da4b7, IsOpen = False, DifficultyLevel = 150, ConnectedLifts =  }, slopesRepositoryStub: Mock&lt;ISlopesRepository:3&gt;, l..." storage="/mnt/c/users/alena/desktop/7_sem/testing_and_debugging/skiresort/bl.tests/bin/debug/net6.0/bl.tests.dll" id="89725d2e-2104-dc59-6a39-c4824e3c2bf7">
      <Execution id="742c69b1-678c-4be0-8559-4da87e2a0257" />
      <TestMethod codeBase="/mnt/c/Users/alena/Desktop/7_sem/testing_and_debugging/SkiResort/BL.Tests/bin/Debug/net6.0/BL.Tests.dll" adapterTypeName="executor://xunit/VsTestRunner2/netcoreapp" className="BL.Tests.LiftsSlopesServiceTests" name="TestAdminAddAutoIncrementLiftSlopeAsync" />
    </UnitTest>
    <UnitTest name="BL.Tests.UsersServiceTests.TestAdminGetUsers" storage="/mnt/c/users/alena/desktop/7_sem/testing_and_debugging/skiresort/bl.tests/bin/debug/net6.0/bl.tests.dll" id="20ad8570-0170-85de-dcd7-2f109dd7bcd6">
      <Execution id="ea1c1a6c-9341-4059-8f61-2398e267ff1e" />
      <TestMethod codeBase="/mnt/c/Users/alena/Desktop/7_sem/testing_and_debugging/SkiResort/BL.Tests/bin/Debug/net6.0/BL.Tests.dll" adapterTypeName="executor://xunit/VsTestRunner2/netcoreapp" className="BL.Tests.UsersServiceTests" name="TestAdminGetUsers" />
    </UnitTest>
    <UnitTest name="BL.Tests.CheckPermissionsServiceTests.UnauthorizedHasNoAccessToAdminSkiPatrolFunctions(functionName: &quot;GetMessagesAsync&quot;)" storage="/mnt/c/users/alena/desktop/7_sem/testing_and_debugging/skiresort/bl.tests/bin/debug/net6.0/bl.tests.dll" id="229812f5-9a73-5335-11f5-31330d1348a5">
      <Execution id="0748214c-a9b7-4f6c-b650-8ce561d6f7e7" />
      <TestMethod codeBase="/mnt/c/Users/alena/Desktop/7_sem/testing_and_debugging/SkiResort/BL.Tests/bin/Debug/net6.0/BL.Tests.dll" adapterTypeName="executor://xunit/VsTestRunner2/netcoreapp" className="BL.Tests.CheckPermissionsServiceTests" name="UnauthorizedHasNoAccessToAdminSkiPatrolFunctions" />
    </UnitTest>
    <UnitTest name="BL.Tests.LiftsSlopesServiceTests.TestAdminDeleteLiftSlopeAsync(lift: Lift { LiftID = 19, LiftName = liftName5b38bf0c-3b8c-4282-a5ef-26baa6433c09, IsOpen = True, SeatsAmount = 157, LiftingTime = 218, QueueTime = 226, ConnectedSlopes =  }, slope: Slope { SlopeID = 27, SlopeName = slopeName7d1c3ff4-8aa2-44d6-80ee-794401cee8aa, IsOpen = False, DifficultyLevel = 220, ConnectedLifts =  }, slopesRepositoryStub: Mock&lt;ISlopesRepository:2&gt;, liftsRepo..." storage="/mnt/c/users/alena/desktop/7_sem/testing_and_debugging/skiresort/bl.tests/bin/debug/net6.0/bl.tests.dll" id="89704827-404d-05a7-e93a-a0af609333af">
      <Execution id="f093da9c-74a3-4eb3-bc91-924ff9e8421a" />
      <TestMethod codeBase="/mnt/c/Users/alena/Desktop/7_sem/testing_and_debugging/SkiResort/BL.Tests/bin/Debug/net6.0/BL.Tests.dll" adapterTypeName="executor://xunit/VsTestRunner2/netcoreapp" className="BL.Tests.LiftsSlopesServiceTests" name="TestAdminDeleteLiftSlopeAsync" />
    </UnitTest>
    <UnitTest name="BL.Tests.CheckPermissionsServiceTests.AuthorizedHasNoAccessToAdminSkiPatrolFunctions(functionName: &quot;GetLiftsSlopesInfoAsync&quot;)" storage="/mnt/c/users/alena/desktop/7_sem/testing_and_debugging/skiresort/bl.tests/bin/debug/net6.0/bl.tests.dll" id="4f297306-d4f3-8d63-e7f4-1ac0b8c58c74">
      <Execution id="4f019228-e9de-4d34-b4fe-058ec76d9587" />
      <TestMethod codeBase="/mnt/c/Users/alena/Desktop/7_sem/testing_and_debugging/SkiResort/BL.Tests/bin/Debug/net6.0/BL.Tests.dll" adapterTypeName="executor://xunit/VsTestRunner2/netcoreapp" className="BL.Tests.CheckPermissionsServiceTests" name="AuthorizedHasNoAccessToAdminSkiPatrolFunctions" />
    </UnitTest>
    <UnitTest name="BL.Tests.SlopesServiceTest.TestGetSlopeInfoAsync(userID: 232, slope: Slope { SlopeID = 21, SlopeName = slopeName8cd54480-8748-4d5a-9dfb-35badd5b5165, IsOpen = True, DifficultyLevel = 134, ConnectedLifts =  }, checkPermissionServiceMock: Mock&lt;ICheckPermissionService:6&gt;, slopesRepositoryStub: Mock&lt;ISlopesRepository:4&gt;, liftsSlopesRepositoryStub: Mock&lt;ILiftsSlopesRepository:9&gt;, sut: SlopesService { })" storage="/mnt/c/users/alena/desktop/7_sem/testing_and_debugging/skiresort/bl.tests/bin/debug/net6.0/bl.tests.dll" id="2310fc52-3a37-3fc8-0499-77791b260afa">
      <Execution id="1f4a5b2f-6dca-4b65-8008-70e247f73534" />
      <TestMethod codeBase="/mnt/c/Users/alena/Desktop/7_sem/testing_and_debugging/SkiResort/BL.Tests/bin/Debug/net6.0/BL.Tests.dll" adapterTypeName="executor://xunit/VsTestRunner2/netcoreapp" className="BL.Tests.SlopesServiceTest" name="TestGetSlopeInfoAsync" />
    </UnitTest>
    <UnitTest name="BL.Tests.LiftsSlopesServiceTests.TestGetLiftsSlopesInfoAsync(liftsSlopes: [LiftSlope { RecordID = 108, LiftID = 229, SlopeID = 13 }, LiftSlope { RecordID = 170, LiftID = 144, SlopeID = 148 }, LiftSlope { RecordID = 78, LiftID = 121, SlopeID = 89 }], slopesRepositoryStub: Mock&lt;ISlopesRepository:1&gt;, liftsRepositoryStub: Mock&lt;ILiftsRepository:6&gt;, liftsSlopesRepositoryStub: Mock&lt;ILiftsSlopesRepository:6&gt;)" storage="/mnt/c/users/alena/desktop/7_sem/testing_and_debugging/skiresort/bl.tests/bin/debug/net6.0/bl.tests.dll" id="e429852d-a6ed-7c2a-25fd-cd839b159d56">
      <Execution id="1d8d2654-cbe0-4d12-b0bb-6813a0d5003a" />
      <TestMethod codeBase="/mnt/c/Users/alena/Desktop/7_sem/testing_and_debugging/SkiResort/BL.Tests/bin/Debug/net6.0/BL.Tests.dll" adapterTypeName="executor://xunit/VsTestRunner2/netcoreapp" className="BL.Tests.LiftsSlopesServiceTests" name="TestGetLiftsSlopesInfoAsync" />
    </UnitTest>
    <UnitTest name="BL.Tests.UsersServiceTests.TestRegisterOk" storage="/mnt/c/users/alena/desktop/7_sem/testing_and_debugging/skiresort/bl.tests/bin/debug/net6.0/bl.tests.dll" id="0eeef75f-6e38-7893-a8fe-cff3e0a970a7">
      <Execution id="bb02b6b7-3626-48f6-886c-8c092617dbc4" />
      <TestMethod codeBase="/mnt/c/Users/alena/Desktop/7_sem/testing_and_debugging/SkiResort/BL.Tests/bin/Debug/net6.0/BL.Tests.dll" adapterTypeName="executor://xunit/VsTestRunner2/netcoreapp" className="BL.Tests.UsersServiceTests" name="TestRegisterOk" />
    </UnitTest>
    <UnitTest name="BL.Tests.TurnstilesServiceTest.TestAdminDeleteTurnstileAsync(userID: 75, turnstile: Turnstile { TurnstileID = 40, LiftID = 92, IsOpen = True }, checkPermissionServiceMock: Mock&lt;ICheckPermissionService:15&gt;, turnstilesRepositoryStub: Mock&lt;ITurnstilesRepository:9&gt;, sut: TurnstilesService { })" storage="/mnt/c/users/alena/desktop/7_sem/testing_and_debugging/skiresort/bl.tests/bin/debug/net6.0/bl.tests.dll" id="42bfefd4-7df0-a2cf-509d-5f51d12ca5eb">
      <Execution id="bf0a3068-a7ed-4500-a9af-1eca82e4928e" />
      <TestMethod codeBase="/mnt/c/Users/alena/Desktop/7_sem/testing_and_debugging/SkiResort/BL.Tests/bin/Debug/net6.0/BL.Tests.dll" adapterTypeName="executor://xunit/VsTestRunner2/netcoreapp" className="BL.Tests.TurnstilesServiceTest" name="TestAdminDeleteTurnstileAsync" />
    </UnitTest>
    <UnitTest name="BL.Tests.TurnstilesServiceTest.TestAdminUpdateTurnstileAsync(userID: 255, turnstile: Turnstile { TurnstileID = 38, LiftID = 213, IsOpen = True }, checkPermissionServiceMock: Mock&lt;ICheckPermissionService:14&gt;, turnstilesRepositoryStub: Mock&lt;ITurnstilesRepository:8&gt;, sut: TurnstilesService { })" storage="/mnt/c/users/alena/desktop/7_sem/testing_and_debugging/skiresort/bl.tests/bin/debug/net6.0/bl.tests.dll" id="4eb053ea-0eb5-1e26-799b-53d67c64c904">
      <Execution id="6b156889-a873-4f29-aad0-26968000a240" />
      <TestMethod codeBase="/mnt/c/Users/alena/Desktop/7_sem/testing_and_debugging/SkiResort/BL.Tests/bin/Debug/net6.0/BL.Tests.dll" adapterTypeName="executor://xunit/VsTestRunner2/netcoreapp" className="BL.Tests.TurnstilesServiceTest" name="TestAdminUpdateTurnstileAsync" />
    </UnitTest>
    <UnitTest name="BL.Tests.TurnstilesServiceTest.TestAdminAddAutoIncrementTurnstileAsync(userID: 94, turnstile: Turnstile { TurnstileID = 189, LiftID = 15, IsOpen = True }, checkPermissionServiceMock: Mock&lt;ICheckPermissionService:16&gt;, turnstilesRepositoryStub: Mock&lt;ITurnstilesRepository:10&gt;, sut: TurnstilesService { })" storage="/mnt/c/users/alena/desktop/7_sem/testing_and_debugging/skiresort/bl.tests/bin/debug/net6.0/bl.tests.dll" id="c1a90d8c-1a69-ee15-19a8-b3785ef80794">
      <Execution id="90233389-a20c-46ec-a3b6-5c12daf29fb3" />
      <TestMethod codeBase="/mnt/c/Users/alena/Desktop/7_sem/testing_and_debugging/SkiResort/BL.Tests/bin/Debug/net6.0/BL.Tests.dll" adapterTypeName="executor://xunit/VsTestRunner2/netcoreapp" className="BL.Tests.TurnstilesServiceTest" name="TestAdminAddAutoIncrementTurnstileAsync" />
    </UnitTest>
    <UnitTest name="BL.Tests.CheckPermissionsServiceTests.AuthorizedHasAccessToAuthorizedFunctions(functionName: &quot;SendMessageAsync&quot;)" storage="/mnt/c/users/alena/desktop/7_sem/testing_and_debugging/skiresort/bl.tests/bin/debug/net6.0/bl.tests.dll" id="644ec43e-70cd-c82d-42e7-0d990be1414d">
      <Execution id="b0fb0c5f-cc82-4f35-bf5f-3d946b274737" />
      <TestMethod codeBase="/mnt/c/Users/alena/Desktop/7_sem/testing_and_debugging/SkiResort/BL.Tests/bin/Debug/net6.0/BL.Tests.dll" adapterTypeName="executor://xunit/VsTestRunner2/netcoreapp" className="BL.Tests.CheckPermissionsServiceTests" name="AuthorizedHasAccessToAuthorizedFunctions" />
    </UnitTest>
    <UnitTest name="BL.Tests.CheckPermissionsServiceTests.UnauthorizedHasNoAccessToAuthorizedFunctions(functionName: &quot;LogOutAsync&quot;)" storage="/mnt/c/users/alena/desktop/7_sem/testing_and_debugging/skiresort/bl.tests/bin/debug/net6.0/bl.tests.dll" id="fa960c5e-f989-2880-784e-8efe538c5231">
      <Execution id="c0d0bb1a-950d-4d14-ab5b-674202fc1791" />
      <TestMethod codeBase="/mnt/c/Users/alena/Desktop/7_sem/testing_and_debugging/SkiResort/BL.Tests/bin/Debug/net6.0/BL.Tests.dll" adapterTypeName="executor://xunit/VsTestRunner2/netcoreapp" className="BL.Tests.CheckPermissionsServiceTests" name="UnauthorizedHasNoAccessToAuthorizedFunctions" />
    </UnitTest>
    <UnitTest name="BL.Tests.CheckPermissionsServiceTests.UnauthorizedHasNoAccessToAuthorizedFunctions(functionName: &quot;SendMessageAsync&quot;)" storage="/mnt/c/users/alena/desktop/7_sem/testing_and_debugging/skiresort/bl.tests/bin/debug/net6.0/bl.tests.dll" id="eaabd2fc-2f4b-5689-59c8-c7ad34a8f634">
      <Execution id="a270bedd-5ffb-4104-8f96-1e45ec8569c0" />
      <TestMethod codeBase="/mnt/c/Users/alena/Desktop/7_sem/testing_and_debugging/SkiResort/BL.Tests/bin/Debug/net6.0/BL.Tests.dll" adapterTypeName="executor://xunit/VsTestRunner2/netcoreapp" className="BL.Tests.CheckPermissionsServiceTests" name="UnauthorizedHasNoAccessToAuthorizedFunctions" />
    </UnitTest>
    <UnitTest name="BL.Tests.UsersServiceTests.TestRegisterUserWithRepeatedEmail" storage="/mnt/c/users/alena/desktop/7_sem/testing_and_debugging/skiresort/bl.tests/bin/debug/net6.0/bl.tests.dll" id="894941c1-bfa7-d8f9-c047-1e1ceefe2c2f">
      <Execution id="ba929295-5381-42af-b7b7-f675ab7f0166" />
      <TestMethod codeBase="/mnt/c/Users/alena/Desktop/7_sem/testing_and_debugging/SkiResort/BL.Tests/bin/Debug/net6.0/BL.Tests.dll" adapterTypeName="executor://xunit/VsTestRunner2/netcoreapp" className="BL.Tests.UsersServiceTests" name="TestRegisterUserWithRepeatedEmail" />
    </UnitTest>
    <UnitTest name="BL.Tests.TurnstilesServiceTest.TestAdminGetTurnstileAsync(userID: 252, turnstile: Turnstile { TurnstileID = 101, LiftID = 178, IsOpen = True }, checkPermissionServiceMock: Mock&lt;ICheckPermissionService:12&gt;, turnstilesRepositoryStub: Mock&lt;ITurnstilesRepository:6&gt;, sut: TurnstilesService { })" storage="/mnt/c/users/alena/desktop/7_sem/testing_and_debugging/skiresort/bl.tests/bin/debug/net6.0/bl.tests.dll" id="dcfac247-61d6-d450-0924-7195ad3dedf4">
      <Execution id="327ef202-fb8b-4ad4-8534-33297632b232" />
      <TestMethod codeBase="/mnt/c/Users/alena/Desktop/7_sem/testing_and_debugging/SkiResort/BL.Tests/bin/Debug/net6.0/BL.Tests.dll" adapterTypeName="executor://xunit/VsTestRunner2/netcoreapp" className="BL.Tests.TurnstilesServiceTest" name="TestAdminGetTurnstileAsync" />
    </UnitTest>
    <UnitTest name="BL.Tests.TurnstilesServiceTest.TestAdminGetTurnstilesAsync(userID: 125, initialTurnstiles: [Turnstile { TurnstileID = 251, LiftID = 47, IsOpen = True }, Turnstile { TurnstileID = 218, LiftID = 148, IsOpen = False }, Turnstile { TurnstileID = 184, LiftID = 108, IsOpen = True }], checkPermissionServiceMock: Mock&lt;ICheckPermissionService:13&gt;, turnstilesRepositoryStub: Mock&lt;ITurnstilesRepository:7&gt;, sut: TurnstilesService { })" storage="/mnt/c/users/alena/desktop/7_sem/testing_and_debugging/skiresort/bl.tests/bin/debug/net6.0/bl.tests.dll" id="9f531016-aba2-ed43-8d05-910eeeb8854b">
      <Execution id="959728e3-af0b-4ce8-9273-f3e7b4161e4d" />
      <TestMethod codeBase="/mnt/c/Users/alena/Desktop/7_sem/testing_and_debugging/SkiResort/BL.Tests/bin/Debug/net6.0/BL.Tests.dll" adapterTypeName="executor://xunit/VsTestRunner2/netcoreapp" className="BL.Tests.TurnstilesServiceTest" name="TestAdminGetTurnstilesAsync" />
    </UnitTest>
    <UnitTest name="BL.Tests.LiftsServiceTest.TestGetLiftInfoAsync(userID: 41, lift: Lift { LiftID = 89, LiftName = liftName124e4d3e-5e09-47a2-99d7-a64e4d91d436, IsOpen = True, SeatsAmount = 136, LiftingTime = 218, QueueTime = 170, ConnectedSlopes =  }, checkPermissionServiceMock: Mock&lt;ICheckPermissionService:1&gt;, liftsRepositoryStub: Mock&lt;ILiftsRepository:1&gt;, liftsSlopesRepositoryStub: Mock&lt;ILiftsSlopesRepository:1&gt;, sut: LiftsService { })" storage="/mnt/c/users/alena/desktop/7_sem/testing_and_debugging/skiresort/bl.tests/bin/debug/net6.0/bl.tests.dll" id="a9822d52-5f04-9913-297a-b01139036890">
      <Execution id="c3670049-6689-4291-8cd7-e6cf779ac8e1" />
      <TestMethod codeBase="/mnt/c/Users/alena/Desktop/7_sem/testing_and_debugging/SkiResort/BL.Tests/bin/Debug/net6.0/BL.Tests.dll" adapterTypeName="executor://xunit/VsTestRunner2/netcoreapp" className="BL.Tests.LiftsServiceTest" name="TestGetLiftInfoAsync" />
    </UnitTest>
    <UnitTest name="BL.Tests.SlopesServiceTest.TestAdminDeleteSlopeAsync(userID: 75, slope: Slope { SlopeID = 249, SlopeName = slopeNamec9d166fb-0b3e-4740-877e-23809c777573, IsOpen = True, DifficultyLevel = 101, ConnectedLifts =  }, checkPermissionServiceMock: Mock&lt;ICheckPermissionService:9&gt;, slopesRepositoryStub: Mock&lt;ISlopesRepository:7&gt;, liftsSlopesRepositoryStub: Mock&lt;ILiftsSlopesRepository:12&gt;, sut: SlopesService { })" storage="/mnt/c/users/alena/desktop/7_sem/testing_and_debugging/skiresort/bl.tests/bin/debug/net6.0/bl.tests.dll" id="6a0678db-8c83-b11f-51bf-faa1856df48f">
      <Execution id="d879b92e-7766-4e6d-b2b9-b5dc10439ae8" />
      <TestMethod codeBase="/mnt/c/Users/alena/Desktop/7_sem/testing_and_debugging/SkiResort/BL.Tests/bin/Debug/net6.0/BL.Tests.dll" adapterTypeName="executor://xunit/VsTestRunner2/netcoreapp" className="BL.Tests.SlopesServiceTest" name="TestAdminDeleteSlopeAsync" />
    </UnitTest>
    <UnitTest name="BL.Tests.UsersServiceTests.TestRegisterUserWithNoEmail" storage="/mnt/c/users/alena/desktop/7_sem/testing_and_debugging/skiresort/bl.tests/bin/debug/net6.0/bl.tests.dll" id="8184bd30-991c-b78d-b4ec-99a485eac0dd">
      <Execution id="be67f5c8-4c6b-4e17-b0e0-fe51d7f24c1f" />
      <TestMethod codeBase="/mnt/c/Users/alena/Desktop/7_sem/testing_and_debugging/SkiResort/BL.Tests/bin/Debug/net6.0/BL.Tests.dll" adapterTypeName="executor://xunit/VsTestRunner2/netcoreapp" className="BL.Tests.UsersServiceTests" name="TestRegisterUserWithNoEmail" />
    </UnitTest>
  </TestDefinitions>
  <TestEntries>
    <TestEntry testId="f3efc418-a8a6-c7b7-9bac-90b33aa8472f" executionId="f478bb2c-c6fd-4475-944c-788a6712364c" testListId="8c84fa94-04c1-424b-9868-57a2d4851a1d" />
    <TestEntry testId="387c9729-48c1-486e-5e67-f5d11a9f0db8" executionId="d819dcec-73f9-4fbd-b4cb-8918688d6f1b" testListId="8c84fa94-04c1-424b-9868-57a2d4851a1d" />
    <TestEntry testId="a9822d52-5f04-9913-297a-b01139036890" executionId="c3670049-6689-4291-8cd7-e6cf779ac8e1" testListId="8c84fa94-04c1-424b-9868-57a2d4851a1d" />
    <TestEntry testId="492c0393-35b4-df26-a537-21ca08302f3c" executionId="9a784b27-e93f-4316-8700-8cb7c85f0809" testListId="8c84fa94-04c1-424b-9868-57a2d4851a1d" />
    <TestEntry testId="52e1e4f4-d920-fd5f-1d5b-498f29af5c70" executionId="b34dc34d-3c0f-48bd-a500-9e8e04a3ba76" testListId="8c84fa94-04c1-424b-9868-57a2d4851a1d" />
    <TestEntry testId="3333daf2-f7ee-6796-4300-e7e4557fd575" executionId="31fac57c-caaa-4b5a-98ae-a4d032dc8f2e" testListId="8c84fa94-04c1-424b-9868-57a2d4851a1d" />
    <TestEntry testId="c36970dc-93f7-753e-fa47-157133b01644" executionId="5548465e-d38b-4dff-aabe-70928c83bfe5" testListId="8c84fa94-04c1-424b-9868-57a2d4851a1d" />
    <TestEntry testId="dbc25040-61a5-4ef8-c04a-59330076a21e" executionId="d37a10d9-3064-4747-9313-6aa843b18b0e" testListId="8c84fa94-04c1-424b-9868-57a2d4851a1d" />
    <TestEntry testId="894941c1-bfa7-d8f9-c047-1e1ceefe2c2f" executionId="ba929295-5381-42af-b7b7-f675ab7f0166" testListId="8c84fa94-04c1-424b-9868-57a2d4851a1d" />
    <TestEntry testId="fa960c5e-f989-2880-784e-8efe538c5231" executionId="c0d0bb1a-950d-4d14-ab5b-674202fc1791" testListId="8c84fa94-04c1-424b-9868-57a2d4851a1d" />
    <TestEntry testId="f44a1b21-8efc-bfac-63b4-d534442def31" executionId="4084d2c2-e23e-4171-8677-0f30edce5ffe" testListId="8c84fa94-04c1-424b-9868-57a2d4851a1d" />
    <TestEntry testId="2602613f-c8e2-a6d9-fcf7-5b27d4a770a6" executionId="5d8ed71c-76ad-4904-b1b0-ef0999cf47b7" testListId="8c84fa94-04c1-424b-9868-57a2d4851a1d" />
    <TestEntry testId="9f531016-aba2-ed43-8d05-910eeeb8854b" executionId="959728e3-af0b-4ce8-9273-f3e7b4161e4d" testListId="8c84fa94-04c1-424b-9868-57a2d4851a1d" />
    <TestEntry testId="553758e1-7ac3-f969-de59-772840bcd1a4" executionId="080aba16-f760-4bc9-af50-c9ae17b34363" testListId="8c84fa94-04c1-424b-9868-57a2d4851a1d" />
    <TestEntry testId="229812f5-9a73-5335-11f5-31330d1348a5" executionId="0748214c-a9b7-4f6c-b650-8ce561d6f7e7" testListId="8c84fa94-04c1-424b-9868-57a2d4851a1d" />
    <TestEntry testId="8184bd30-991c-b78d-b4ec-99a485eac0dd" executionId="be67f5c8-4c6b-4e17-b0e0-fe51d7f24c1f" testListId="8c84fa94-04c1-424b-9868-57a2d4851a1d" />
    <TestEntry testId="c1a90d8c-1a69-ee15-19a8-b3785ef80794" executionId="90233389-a20c-46ec-a3b6-5c12daf29fb3" testListId="8c84fa94-04c1-424b-9868-57a2d4851a1d" />
    <TestEntry testId="00b19fa1-19bb-3b2e-747c-00dafe3c1e1f" executionId="a160665b-3f34-402a-904b-59fd94cfb929" testListId="8c84fa94-04c1-424b-9868-57a2d4851a1d" />
    <TestEntry testId="2310fc52-3a37-3fc8-0499-77791b260afa" executionId="1f4a5b2f-6dca-4b65-8008-70e247f73534" testListId="8c84fa94-04c1-424b-9868-57a2d4851a1d" />
    <TestEntry testId="06d0bc3a-24a0-fb7f-4277-e9ae6d21c7dd" executionId="9cf713bc-ea9c-4765-9171-97615d555c9c" testListId="8c84fa94-04c1-424b-9868-57a2d4851a1d" />
    <TestEntry testId="a19a5fcf-c5d2-7d44-5d7d-84403042f4e0" executionId="d9b3da01-20b4-422e-97bf-81132523b367" testListId="8c84fa94-04c1-424b-9868-57a2d4851a1d" />
    <TestEntry testId="89704827-404d-05a7-e93a-a0af609333af" executionId="f093da9c-74a3-4eb3-bc91-924ff9e8421a" testListId="8c84fa94-04c1-424b-9868-57a2d4851a1d" />
    <TestEntry testId="1ca07ad8-f799-c5d4-e7cc-34fd950198a2" executionId="96a21736-7516-4120-9b00-f20eba70b72e" testListId="8c84fa94-04c1-424b-9868-57a2d4851a1d" />
    <TestEntry testId="e429852d-a6ed-7c2a-25fd-cd839b159d56" executionId="1d8d2654-cbe0-4d12-b0bb-6813a0d5003a" testListId="8c84fa94-04c1-424b-9868-57a2d4851a1d" />
    <TestEntry testId="eaabd2fc-2f4b-5689-59c8-c7ad34a8f634" executionId="a270bedd-5ffb-4104-8f96-1e45ec8569c0" testListId="8c84fa94-04c1-424b-9868-57a2d4851a1d" />
    <TestEntry testId="2d706594-f2b3-b3c8-21d4-86c9798c3306" executionId="21bcff28-4e82-490a-bb9e-d0273c4b2e3a" testListId="8c84fa94-04c1-424b-9868-57a2d4851a1d" />
    <TestEntry testId="834c739b-eca4-b36d-6a66-5a1bd75377b8" executionId="ab9abdd9-df30-4e79-86ee-4e59e1414b4a" testListId="8c84fa94-04c1-424b-9868-57a2d4851a1d" />
    <TestEntry testId="18fa8c62-e27d-e1fc-8182-4d7db62b008d" executionId="76c0c1a8-afa0-4733-b43e-2c253d50ebdb" testListId="8c84fa94-04c1-424b-9868-57a2d4851a1d" />
    <TestEntry testId="54d43541-da72-59e5-ca74-bc72640ab2d3" executionId="6f34ed7e-b918-4d93-8ac1-083367f91ca9" testListId="8c84fa94-04c1-424b-9868-57a2d4851a1d" />
    <TestEntry testId="aa28a6b3-21d3-aa45-24d3-bef2facbc899" executionId="3618cc03-a2cc-44e1-90b3-c7e60f9f41b3" testListId="8c84fa94-04c1-424b-9868-57a2d4851a1d" />
    <TestEntry testId="89725d2e-2104-dc59-6a39-c4824e3c2bf7" executionId="742c69b1-678c-4be0-8559-4da87e2a0257" testListId="8c84fa94-04c1-424b-9868-57a2d4851a1d" />
    <TestEntry testId="4eb053ea-0eb5-1e26-799b-53d67c64c904" executionId="6b156889-a873-4f29-aad0-26968000a240" testListId="8c84fa94-04c1-424b-9868-57a2d4851a1d" />
    <TestEntry testId="6a0678db-8c83-b11f-51bf-faa1856df48f" executionId="d879b92e-7766-4e6d-b2b9-b5dc10439ae8" testListId="8c84fa94-04c1-424b-9868-57a2d4851a1d" />
    <TestEntry testId="e2d7e5be-3dae-33ae-fb17-c704b6fd58d6" executionId="b9a6a953-cb1b-4bc4-b16f-b510c8db6e73" testListId="8c84fa94-04c1-424b-9868-57a2d4851a1d" />
    <TestEntry testId="9c7df5e2-1b23-ebea-889f-b78ca86b60ab" executionId="04e12d86-b7c7-472b-9bec-f1c9c3459e4d" testListId="8c84fa94-04c1-424b-9868-57a2d4851a1d" />
    <TestEntry testId="d6a3ccfe-a46d-ce72-dffe-13501a5bfd91" executionId="77816570-2553-478f-86a9-213391c682e0" testListId="8c84fa94-04c1-424b-9868-57a2d4851a1d" />
    <TestEntry testId="69340bb6-3645-f9dd-971e-29d8b2a009bb" executionId="860b35fa-a432-49a4-970c-d0452c2972dd" testListId="8c84fa94-04c1-424b-9868-57a2d4851a1d" />
    <TestEntry testId="644ec43e-70cd-c82d-42e7-0d990be1414d" executionId="b0fb0c5f-cc82-4f35-bf5f-3d946b274737" testListId="8c84fa94-04c1-424b-9868-57a2d4851a1d" />
    <TestEntry testId="924bbeb9-29e2-fb53-c91f-54d25a43b78c" executionId="cdb60091-9435-4294-a8e7-e1b16c0e803a" testListId="8c84fa94-04c1-424b-9868-57a2d4851a1d" />
    <TestEntry testId="4f297306-d4f3-8d63-e7f4-1ac0b8c58c74" executionId="4f019228-e9de-4d34-b4fe-058ec76d9587" testListId="8c84fa94-04c1-424b-9868-57a2d4851a1d" />
    <TestEntry testId="0eeef75f-6e38-7893-a8fe-cff3e0a970a7" executionId="bb02b6b7-3626-48f6-886c-8c092617dbc4" testListId="8c84fa94-04c1-424b-9868-57a2d4851a1d" />
    <TestEntry testId="a2e59116-cb53-1d70-9cb8-21c286516866" executionId="50eaca30-4c61-4ab8-8d47-7389ced16916" testListId="8c84fa94-04c1-424b-9868-57a2d4851a1d" />
    <TestEntry testId="dcfac247-61d6-d450-0924-7195ad3dedf4" executionId="327ef202-fb8b-4ad4-8534-33297632b232" testListId="8c84fa94-04c1-424b-9868-57a2d4851a1d" />
    <TestEntry testId="20ad8570-0170-85de-dcd7-2f109dd7bcd6" executionId="ea1c1a6c-9341-4059-8f61-2398e267ff1e" testListId="8c84fa94-04c1-424b-9868-57a2d4851a1d" />
    <TestEntry testId="e5497347-2721-b7a6-0bd4-69a9921f6947" executionId="b5a12752-89a8-4f5e-bc7b-d8469c97d950" testListId="8c84fa94-04c1-424b-9868-57a2d4851a1d" />
    <TestEntry testId="42bfefd4-7df0-a2cf-509d-5f51d12ca5eb" executionId="bf0a3068-a7ed-4500-a9af-1eca82e4928e" testListId="8c84fa94-04c1-424b-9868-57a2d4851a1d" />
    <TestEntry testId="60bd668f-04df-da5e-b79b-5d9aedb5234d" executionId="f55168c9-5ea5-4a56-90f8-92364cce0a9b" testListId="8c84fa94-04c1-424b-9868-57a2d4851a1d" />
  </TestEntries>
  <TestLists>
    <TestList name="Results Not in a List" id="8c84fa94-04c1-424b-9868-57a2d4851a1d" />
    <TestList name="All Loaded Results" id="19431567-8539-422a-85d7-44ee4e166bda" />
  </TestLists>
  <ResultSummary outcome="Completed">
    <Counters total="47" executed="47" passed="47" failed="0" error="0" timeout="0" aborted="0" inconclusive="0" passedButRunAborted="0" notRunnable="0" notExecuted="0" disconnected="0" warning="0" completed="0" inProgress="0" pending="0" />
    <Output>
      <StdOut>[xUnit.net 00:00:00.00] xUnit.net VSTest Adapter v2.4.5+1caef2f33e (64-bit .NET 6.0.10)
[xUnit.net 00:00:00.87]   Discovering: BL.Tests
[xUnit.net 00:00:01.10]   Discovered:  BL.Tests
[xUnit.net 00:00:01.11]   Starting:    BL.Tests
[xUnit.net 00:00:01.54]   Finished:    BL.Tests
</StdOut>
    </Output>
  </ResultSummary>
</TestRun>