<?xml version="1.0" encoding="utf-8"?>
<TestRun id="8874164f-f7b0-43f4-990a-d23fd719e7d6" name="@DESKTOP-TJ9D65N 2022-11-03 11:22:16" xmlns="http://microsoft.com/schemas/VisualStudio/TeamTest/2010">
  <Times creation="2022-11-03T11:22:16.1313191+03:00" queuing="2022-11-03T11:22:16.1313192+03:00" start="2022-11-03T11:22:13.7487337+03:00" finish="2022-11-03T11:22:16.3072697+03:00" />
  <TestSettings name="default" id="43b8d423-a894-46db-9125-32cdf864a235">
    <Deployment runDeploymentRoot="_DESKTOP-TJ9D65N_2022-11-03_11_22_16" />
  </TestSettings>
  <Results>
    <UnitTestResult executionId="0106b81d-e5fd-487f-ad76-a308f3090766" testId="a1be71ef-585a-7896-5142-28a9f740f76e" testName="BL.Tests.SlopesServiceTest.TestGetSlopeInfoAsync(userID: 172, slope: Slope { SlopeID = 6, SlopeName = slopeNamecb9e3fcf-29df-4512-a3b8-8068f7982f86, IsOpen = True, DifficultyLevel = 21, ConnectedLifts =  }, checkPermissionServiceMock: Mock&lt;ICheckPermissionService:6&gt;, slopesRepositoryStub: Mock&lt;ISlopesRepository:4&gt;, liftsSlopesRepositoryStub: Mock&lt;ILiftsSlopesRepository:9&gt;, sut: SlopesService { })" computerName="DESKTOP-TJ9D65N" duration="00:00:00.0436022" startTime="2022-11-03T11:22:15.9782336+03:00" endTime="2022-11-03T11:22:15.9782689+03:00" testType="13cdc9d9-ddb5-4fa4-a97d-d965ccfc6d4b" outcome="Passed" testListId="8c84fa94-04c1-424b-9868-57a2d4851a1d" relativeResultsDirectory="0106b81d-e5fd-487f-ad76-a308f3090766" />
    <UnitTestResult executionId="192b59b9-0084-47ac-ba82-09d33bd5f091" testId="eaabd2fc-2f4b-5689-59c8-c7ad34a8f634" testName="BL.Tests.CheckPermissionsServiceTests.UnauthorizedHasNoAccessToAuthorizedFunctions(functionName: &quot;SendMessageAsync&quot;)" computerName="DESKTOP-TJ9D65N" duration="00:00:00.0034045" startTime="2022-11-03T11:22:16.0857090+03:00" endTime="2022-11-03T11:22:16.0857091+03:00" testType="13cdc9d9-ddb5-4fa4-a97d-d965ccfc6d4b" outcome="Passed" testListId="8c84fa94-04c1-424b-9868-57a2d4851a1d" relativeResultsDirectory="192b59b9-0084-47ac-ba82-09d33bd5f091" />
    <UnitTestResult executionId="fb77e2ca-9a40-41ff-a71e-625dc111ed84" testId="9c7df5e2-1b23-ebea-889f-b78ca86b60ab" testName="BL.Tests.CheckPermissionsServiceTests.AuthorizedHasNoAccessToAdminSkiPatrolFunctions(functionName: &quot;MarkMessageReadByUserAsync&quot;)" computerName="DESKTOP-TJ9D65N" duration="00:00:00.0012535" startTime="2022-11-03T11:22:16.1704051+03:00" endTime="2022-11-03T11:22:16.1704052+03:00" testType="13cdc9d9-ddb5-4fa4-a97d-d965ccfc6d4b" outcome="Passed" testListId="8c84fa94-04c1-424b-9868-57a2d4851a1d" relativeResultsDirectory="fb77e2ca-9a40-41ff-a71e-625dc111ed84" />
    <UnitTestResult executionId="a197be3d-3b25-4f5f-beae-6a3c6ef7e7e2" testId="045f3ede-da8f-1181-ae37-18becbec685a" testName="BL.Tests.TurnstilesServiceTest.TestAdminDeleteTurnstileAsync(userID: 234, turnstile: Turnstile { TurnstileID = 223, LiftID = 92, IsOpen = True }, checkPermissionServiceMock: Mock&lt;ICheckPermissionService:15&gt;, turnstilesRepositoryStub: Mock&lt;ITurnstilesRepository:9&gt;, sut: TurnstilesService { })" computerName="DESKTOP-TJ9D65N" duration="00:00:00.0046012" startTime="2022-11-03T11:22:16.1011564+03:00" endTime="2022-11-03T11:22:16.1011565+03:00" testType="13cdc9d9-ddb5-4fa4-a97d-d965ccfc6d4b" outcome="Passed" testListId="8c84fa94-04c1-424b-9868-57a2d4851a1d" relativeResultsDirectory="a197be3d-3b25-4f5f-beae-6a3c6ef7e7e2" />
    <UnitTestResult executionId="bd9c531d-db07-47ed-9552-85e967d73b2c" testId="aa28a6b3-21d3-aa45-24d3-bef2facbc899" testName="BL.Tests.CheckPermissionsServiceTests.AuthorizedHasAccessToAuthorizedFunctions(functionName: &quot;LogOutAsync&quot;)" computerName="DESKTOP-TJ9D65N" duration="00:00:00.0010527" startTime="2022-11-03T11:22:16.1991937+03:00" endTime="2022-11-03T11:22:16.1991938+03:00" testType="13cdc9d9-ddb5-4fa4-a97d-d965ccfc6d4b" outcome="Passed" testListId="8c84fa94-04c1-424b-9868-57a2d4851a1d" relativeResultsDirectory="bd9c531d-db07-47ed-9552-85e967d73b2c" />
    <UnitTestResult executionId="2f7c7f1d-b520-49aa-8d5d-cad8de8519bc" testId="a80fdf86-ebf5-62c7-957d-082a28e48af3" testName="BL.Tests.TurnstilesServiceTest.TestAdminGetTurnstileAsync(userID: 232, turnstile: Turnstile { TurnstileID = 21, LiftID = 222, IsOpen = True }, checkPermissionServiceMock: Mock&lt;ICheckPermissionService:12&gt;, turnstilesRepositoryStub: Mock&lt;ITurnstilesRepository:6&gt;, sut: TurnstilesService { })" computerName="DESKTOP-TJ9D65N" duration="00:00:00.0058445" startTime="2022-11-03T11:22:16.0852732+03:00" endTime="2022-11-03T11:22:16.0852733+03:00" testType="13cdc9d9-ddb5-4fa4-a97d-d965ccfc6d4b" outcome="Passed" testListId="8c84fa94-04c1-424b-9868-57a2d4851a1d" relativeResultsDirectory="2f7c7f1d-b520-49aa-8d5d-cad8de8519bc" />
    <UnitTestResult executionId="e46a5e34-44fd-4980-b9bd-70d053d10a67" testId="f3efc418-a8a6-c7b7-9bac-90b33aa8472f" testName="BL.Tests.CheckPermissionsServiceTests.AdminHasAccessToAllFunctions" computerName="DESKTOP-TJ9D65N" duration="00:00:00.0017888" startTime="2022-11-03T11:22:16.2288795+03:00" endTime="2022-11-03T11:22:16.2288796+03:00" testType="13cdc9d9-ddb5-4fa4-a97d-d965ccfc6d4b" outcome="Passed" testListId="8c84fa94-04c1-424b-9868-57a2d4851a1d" relativeResultsDirectory="e46a5e34-44fd-4980-b9bd-70d053d10a67" />
    <UnitTestResult executionId="07414ad5-33a5-4d0e-a8b1-4ce7cd215abd" testId="008ef7d1-5cca-dd83-fab9-bd15e635483a" testName="BL.Tests.LiftsServiceTest.TestUpdateLiftInfoAsync(userID: 193, lift: Lift { LiftID = 207, LiftName = liftName2b0a3a5f-9465-4a03-b2b4-8855723d1aee, IsOpen = True, SeatsAmount = 134, LiftingTime = 44, QueueTime = 212, ConnectedSlopes =  }, checkPermissionServiceMock: Mock&lt;ICheckPermissionService:3&gt;, liftsRepositoryStub: Mock&lt;ILiftsRepository:3&gt;, sut: LiftsService { })" computerName="DESKTOP-TJ9D65N" duration="00:00:00.0074991" startTime="2022-11-03T11:22:16.1254480+03:00" endTime="2022-11-03T11:22:16.1254481+03:00" testType="13cdc9d9-ddb5-4fa4-a97d-d965ccfc6d4b" outcome="Passed" testListId="8c84fa94-04c1-424b-9868-57a2d4851a1d" relativeResultsDirectory="07414ad5-33a5-4d0e-a8b1-4ce7cd215abd" />
    <UnitTestResult executionId="555328f1-9338-4a75-b154-6918fc88dcef" testId="60bd668f-04df-da5e-b79b-5d9aedb5234d" testName="BL.Tests.CheckPermissionsServiceTests.SkiPatrolHasAccessToAdminSkiPatrolFunctions(functionName: &quot;MarkMessageReadByUserAsync&quot;)" computerName="DESKTOP-TJ9D65N" duration="00:00:00.0013740" startTime="2022-11-03T11:22:16.1209064+03:00" endTime="2022-11-03T11:22:16.1209065+03:00" testType="13cdc9d9-ddb5-4fa4-a97d-d965ccfc6d4b" outcome="Passed" testListId="8c84fa94-04c1-424b-9868-57a2d4851a1d" relativeResultsDirectory="555328f1-9338-4a75-b154-6918fc88dcef" />
    <UnitTestResult executionId="67cf521c-22fc-48e6-974b-28014fffa4dc" testId="06d0bc3a-24a0-fb7f-4277-e9ae6d21c7dd" testName="BL.Tests.UsersServiceTests.TestAdminUpdateUser" computerName="DESKTOP-TJ9D65N" duration="00:00:00.0066017" startTime="2022-11-03T11:22:16.0961125+03:00" endTime="2022-11-03T11:22:16.0961126+03:00" testType="13cdc9d9-ddb5-4fa4-a97d-d965ccfc6d4b" outcome="Passed" testListId="8c84fa94-04c1-424b-9868-57a2d4851a1d" relativeResultsDirectory="67cf521c-22fc-48e6-974b-28014fffa4dc" />
    <UnitTestResult executionId="1694b984-5e4d-4833-b4b7-7936ae77f748" testId="e429852d-a6ed-7c2a-25fd-cd839b159d56" testName="BL.Tests.LiftsSlopesServiceTests.TestGetLiftsSlopesInfoAsync(liftsSlopes: [LiftSlope { RecordID = 217, LiftID = 91, SlopeID = 194 }, LiftSlope { RecordID = 131, LiftID = 67, SlopeID = 99 }, LiftSlope { RecordID = 205, LiftID = 181, SlopeID = 82 }], slopesRepositoryStub: Mock&lt;ISlopesRepository:1&gt;, liftsRepositoryStub: Mock&lt;ILiftsRepository:6&gt;, liftsSlopesRepositoryStub: Mock&lt;ILiftsSlopesRepository:6&gt;)" computerName="DESKTOP-TJ9D65N" duration="00:00:00.0079574" startTime="2022-11-03T11:22:16.0831923+03:00" endTime="2022-11-03T11:22:16.0831924+03:00" testType="13cdc9d9-ddb5-4fa4-a97d-d965ccfc6d4b" outcome="Passed" testListId="8c84fa94-04c1-424b-9868-57a2d4851a1d" relativeResultsDirectory="1694b984-5e4d-4833-b4b7-7936ae77f748" />
    <UnitTestResult executionId="67bada08-ea53-4449-bfbe-f036cc7de6f2" testId="fa960c5e-f989-2880-784e-8efe538c5231" testName="BL.Tests.CheckPermissionsServiceTests.UnauthorizedHasNoAccessToAuthorizedFunctions(functionName: &quot;LogOutAsync&quot;)" computerName="DESKTOP-TJ9D65N" duration="00:00:00.0016480" startTime="2022-11-03T11:22:16.0874119+03:00" endTime="2022-11-03T11:22:16.0874120+03:00" testType="13cdc9d9-ddb5-4fa4-a97d-d965ccfc6d4b" outcome="Passed" testListId="8c84fa94-04c1-424b-9868-57a2d4851a1d" relativeResultsDirectory="67bada08-ea53-4449-bfbe-f036cc7de6f2" />
    <UnitTestResult executionId="31a08158-5d39-4687-bfd3-af560a907697" testId="1947ec99-4a05-200d-bd02-0a5bb3c1ad1c" testName="BL.Tests.LiftsServiceTest.TestGetLiftsInfoAsync(userID: 81, initialLifts: [Lift { LiftID = 182, LiftName = liftName0498e75f-3d96-4cbf-b8dd-4426bbf5bfcc, IsOpen = True, SeatsAmount = 42, LiftingTime = 200, QueueTime = 198, ConnectedSlopes =  }, Lift { LiftID = 58, LiftName = liftName4127cb06-9293-47a1-a816-ff4ff19d1828, IsOpen = False, SeatsAmount = 176, LiftingTime = 140, QueueTime = 37, ConnectedSlopes =  }, Lift { LiftID = 252, LiftName = liftName3d952f94-2794-4fe5-a224-35cad785f4fc, IsOpen = True, SeatsAmount = 3, LiftingTime = 70, QueueTime = 19, ConnectedSlopes =  }], checkPermissionServiceMock: Mock&lt;ICheckPermissionService:2&gt;, liftsRepositoryStub: Mock&lt;ILiftsRepository:2&gt;, liftsSlopesRepositoryStub: Mock&lt;ILiftsSlopesRepository:2&gt;, sut: LiftsService { })" computerName="DESKTOP-TJ9D65N" duration="00:00:00.0763808" startTime="2022-11-03T11:22:16.0085307+03:00" endTime="2022-11-03T11:22:16.0085308+03:00" testType="13cdc9d9-ddb5-4fa4-a97d-d965ccfc6d4b" outcome="Passed" testListId="8c84fa94-04c1-424b-9868-57a2d4851a1d" relativeResultsDirectory="31a08158-5d39-4687-bfd3-af560a907697" />
    <UnitTestResult executionId="395b8a0e-b01d-482e-9a2b-72f36e989626" testId="d9ed7b08-a5f7-de03-7ce6-7b072d4f398e" testName="BL.Tests.SlopesServiceTest.TestAdminAddAutoIncrementSlopeAsync(userID: 148, slope: Slope { SlopeID = 138, SlopeName = slopeNamea190f3c7-397b-48b2-8e10-2507c9af66da, IsOpen = True, DifficultyLevel = 29, ConnectedLifts =  }, checkPermissionServiceMock: Mock&lt;ICheckPermissionService:10&gt;, slopesRepositoryStub: Mock&lt;ISlopesRepository:8&gt;, sut: SlopesService { })" computerName="DESKTOP-TJ9D65N" duration="00:00:00.0082639" startTime="2022-11-03T11:22:16.0857493+03:00" endTime="2022-11-03T11:22:16.0857494+03:00" testType="13cdc9d9-ddb5-4fa4-a97d-d965ccfc6d4b" outcome="Passed" testListId="8c84fa94-04c1-424b-9868-57a2d4851a1d" relativeResultsDirectory="395b8a0e-b01d-482e-9a2b-72f36e989626" />
    <UnitTestResult executionId="44fd9827-c225-4a1d-8294-f99d690ba1a8" testId="65bf89ec-4bb6-2380-eda9-83a814dcbf07" testName="BL.Tests.SlopesServiceTest.TestAdminAddSlopeAsync(userID: 195, slope: Slope { SlopeID = 227, SlopeName = slopeNamed9507bc5-e244-4ab2-ab75-438025214f3d, IsOpen = True, DifficultyLevel = 134, ConnectedLifts =  }, checkPermissionServiceMock: Mock&lt;ICheckPermissionService:11&gt;, slopesRepositoryStub: Mock&lt;ISlopesRepository:9&gt;, sut: SlopesService { })" computerName="DESKTOP-TJ9D65N" duration="00:00:00.0060630" startTime="2022-11-03T11:22:16.0939279+03:00" endTime="2022-11-03T11:22:16.0939280+03:00" testType="13cdc9d9-ddb5-4fa4-a97d-d965ccfc6d4b" outcome="Passed" testListId="8c84fa94-04c1-424b-9868-57a2d4851a1d" relativeResultsDirectory="44fd9827-c225-4a1d-8294-f99d690ba1a8" />
    <UnitTestResult executionId="f68257b0-8b03-4b5f-b5e2-3945dd87dfce" testId="8500519d-2795-6f87-2422-cac5454af20f" testName="BL.Tests.SlopesServiceTest.TestAdminDeleteSlopeAsync(userID: 130, slope: Slope { SlopeID = 197, SlopeName = slopeNameb367d8ff-a37a-4464-a14c-32441c45c82b, IsOpen = True, DifficultyLevel = 87, ConnectedLifts =  }, checkPermissionServiceMock: Mock&lt;ICheckPermissionService:9&gt;, slopesRepositoryStub: Mock&lt;ISlopesRepository:7&gt;, liftsSlopesRepositoryStub: Mock&lt;ILiftsSlopesRepository:12&gt;, sut: SlopesService { })" computerName="DESKTOP-TJ9D65N" duration="00:00:00.0058064" startTime="2022-11-03T11:22:16.1099490+03:00" endTime="2022-11-03T11:22:16.1099491+03:00" testType="13cdc9d9-ddb5-4fa4-a97d-d965ccfc6d4b" outcome="Passed" testListId="8c84fa94-04c1-424b-9868-57a2d4851a1d" relativeResultsDirectory="f68257b0-8b03-4b5f-b5e2-3945dd87dfce" />
    <UnitTestResult executionId="fe5c17bb-14ad-474c-8f95-b7fe74a68d9a" testId="18fa8c62-e27d-e1fc-8182-4d7db62b008d" testName="BL.Tests.UsersServiceTests.TestAdminDeleteUser" computerName="DESKTOP-TJ9D65N" duration="00:00:00.0036367" startTime="2022-11-03T11:22:16.1841530+03:00" endTime="2022-11-03T11:22:16.1841531+03:00" testType="13cdc9d9-ddb5-4fa4-a97d-d965ccfc6d4b" outcome="Passed" testListId="8c84fa94-04c1-424b-9868-57a2d4851a1d" relativeResultsDirectory="fe5c17bb-14ad-474c-8f95-b7fe74a68d9a" />
    <UnitTestResult executionId="933fcdb2-db00-4f75-92f0-a0be0f03ff27" testId="8184bd30-991c-b78d-b4ec-99a485eac0dd" testName="BL.Tests.UsersServiceTests.TestRegisterUserWithNoEmail" computerName="DESKTOP-TJ9D65N" duration="00:00:00.0038383" startTime="2022-11-03T11:22:16.0831632+03:00" endTime="2022-11-03T11:22:16.0831633+03:00" testType="13cdc9d9-ddb5-4fa4-a97d-d965ccfc6d4b" outcome="Passed" testListId="8c84fa94-04c1-424b-9868-57a2d4851a1d" relativeResultsDirectory="933fcdb2-db00-4f75-92f0-a0be0f03ff27" />
    <UnitTestResult executionId="1cb5203e-b19d-4321-9661-4549e197023b" testId="e2d7e5be-3dae-33ae-fb17-c704b6fd58d6" testName="BL.Tests.CheckPermissionsServiceTests.UnauthorizedHasNoAccessToAdminFunctions" computerName="DESKTOP-TJ9D65N" duration="00:00:00.0022648" startTime="2022-11-03T11:22:16.2088745+03:00" endTime="2022-11-03T11:22:16.2088746+03:00" testType="13cdc9d9-ddb5-4fa4-a97d-d965ccfc6d4b" outcome="Passed" testListId="8c84fa94-04c1-424b-9868-57a2d4851a1d" relativeResultsDirectory="1cb5203e-b19d-4321-9661-4549e197023b" />
    <UnitTestResult executionId="42cccfc0-4bad-43a8-9dd6-5ab44d30dc30" testId="a19a5fcf-c5d2-7d44-5d7d-84403042f4e0" testName="BL.Tests.CheckPermissionsServiceTests.UnauthorizedHasNoAccessToAdminSkiPatrolFunctions(functionName: &quot;MarkMessageReadByUserAsync&quot;)" computerName="DESKTOP-TJ9D65N" duration="00:00:00.0407222" startTime="2022-11-03T11:22:15.9835881+03:00" endTime="2022-11-03T11:22:15.9835882+03:00" testType="13cdc9d9-ddb5-4fa4-a97d-d965ccfc6d4b" outcome="Passed" testListId="8c84fa94-04c1-424b-9868-57a2d4851a1d" relativeResultsDirectory="42cccfc0-4bad-43a8-9dd6-5ab44d30dc30" />
    <UnitTestResult executionId="a10b7b57-4e46-452c-9b5e-a63dd2f0101d" testId="492c0393-35b4-df26-a537-21ca08302f3c" testName="BL.Tests.CheckPermissionsServiceTests.SkiPatrolHasNoAccessToAdminFunctions" computerName="DESKTOP-TJ9D65N" duration="00:00:00.0022770" startTime="2022-11-03T11:22:16.2186878+03:00" endTime="2022-11-03T11:22:16.2186878+03:00" testType="13cdc9d9-ddb5-4fa4-a97d-d965ccfc6d4b" outcome="Passed" testListId="8c84fa94-04c1-424b-9868-57a2d4851a1d" relativeResultsDirectory="a10b7b57-4e46-452c-9b5e-a63dd2f0101d" />
    <UnitTestResult executionId="d48877e9-a35d-42ab-900f-8f2539e7ee89" testId="801d83bb-5d92-b62a-572f-865d47821d95" testName="BL.Tests.LiftsServiceTest.TestGetLiftInfoAsync(userID: 17, lift: Lift { LiftID = 164, LiftName = liftNamee4786eca-2018-4c9e-a7b0-0562c3f04c8b, IsOpen = True, SeatsAmount = 234, LiftingTime = 184, QueueTime = 241, ConnectedSlopes =  }, checkPermissionServiceMock: Mock&lt;ICheckPermissionService:1&gt;, liftsRepositoryStub: Mock&lt;ILiftsRepository:1&gt;, liftsSlopesRepositoryStub: Mock&lt;ILiftsSlopesRepository:1&gt;, sut: LiftsService { })" computerName="DESKTOP-TJ9D65N" duration="00:00:00.0074357" startTime="2022-11-03T11:22:16.0858057+03:00" endTime="2022-11-03T11:22:16.0858058+03:00" testType="13cdc9d9-ddb5-4fa4-a97d-d965ccfc6d4b" outcome="Passed" testListId="8c84fa94-04c1-424b-9868-57a2d4851a1d" relativeResultsDirectory="d48877e9-a35d-42ab-900f-8f2539e7ee89" />
    <UnitTestResult executionId="59fe7789-1cd8-44bc-8352-3269949f8cb1" testId="69340bb6-3645-f9dd-971e-29d8b2a009bb" testName="BL.Tests.UsersServiceTests.TestLogInWithWrongPassword" computerName="DESKTOP-TJ9D65N" duration="00:00:00.0022421" startTime="2022-11-03T11:22:16.1485768+03:00" endTime="2022-11-03T11:22:16.1485769+03:00" testType="13cdc9d9-ddb5-4fa4-a97d-d965ccfc6d4b" outcome="Passed" testListId="8c84fa94-04c1-424b-9868-57a2d4851a1d" relativeResultsDirectory="59fe7789-1cd8-44bc-8352-3269949f8cb1" />
    <UnitTestResult executionId="ef827763-929b-477b-982b-bc0a00452a70" testId="f44a1b21-8efc-bfac-63b4-d534442def31" testName="BL.Tests.UsersServiceTests.TestRegisterUserWithNoPassword" computerName="DESKTOP-TJ9D65N" duration="00:00:00.0017029" startTime="2022-11-03T11:22:16.0839024+03:00" endTime="2022-11-03T11:22:16.0839025+03:00" testType="13cdc9d9-ddb5-4fa4-a97d-d965ccfc6d4b" outcome="Passed" testListId="8c84fa94-04c1-424b-9868-57a2d4851a1d" relativeResultsDirectory="ef827763-929b-477b-982b-bc0a00452a70" />
    <UnitTestResult executionId="19b5db80-1a90-4d34-98b5-670a8a9e47c3" testId="387c9729-48c1-486e-5e67-f5d11a9f0db8" testName="BL.Tests.CheckPermissionsServiceTests.UnauthorizedHasNoAccessToAdminSkiPatrolFunctions(functionName: &quot;GetLiftsSlopesInfoAsync&quot;)" computerName="DESKTOP-TJ9D65N" duration="00:00:00.0019936" startTime="2022-11-03T11:22:16.0829693+03:00" endTime="2022-11-03T11:22:16.0829694+03:00" testType="13cdc9d9-ddb5-4fa4-a97d-d965ccfc6d4b" outcome="Passed" testListId="8c84fa94-04c1-424b-9868-57a2d4851a1d" relativeResultsDirectory="19b5db80-1a90-4d34-98b5-670a8a9e47c3" />
    <UnitTestResult executionId="258cb57d-e21d-4098-8553-def78abc24fe" testId="443f751b-c46e-a877-bafd-0f3d55a256fe" testName="BL.Tests.TurnstilesServiceTest.TestAdminAddAutoIncrementTurnstileAsync(userID: 3, turnstile: Turnstile { TurnstileID = 16, LiftID = 217, IsOpen = True }, checkPermissionServiceMock: Mock&lt;ICheckPermissionService:16&gt;, turnstilesRepositoryStub: Mock&lt;ITurnstilesRepository:10&gt;, sut: TurnstilesService { })" computerName="DESKTOP-TJ9D65N" duration="00:00:00.0122862" startTime="2022-11-03T11:22:16.0833427+03:00" endTime="2022-11-03T11:22:16.0833427+03:00" testType="13cdc9d9-ddb5-4fa4-a97d-d965ccfc6d4b" outcome="Passed" testListId="8c84fa94-04c1-424b-9868-57a2d4851a1d" relativeResultsDirectory="258cb57d-e21d-4098-8553-def78abc24fe" />
    <UnitTestResult executionId="845f00a3-6fdb-47a4-a81c-2c9ac1ff17ea" testId="834c739b-eca4-b36d-6a66-5a1bd75377b8" testName="BL.Tests.UsersServiceTests.TestAdminAddAutoIncrementUser" computerName="DESKTOP-TJ9D65N" duration="00:00:00.0055430" startTime="2022-11-03T11:22:16.1621196+03:00" endTime="2022-11-03T11:22:16.1621196+03:00" testType="13cdc9d9-ddb5-4fa4-a97d-d965ccfc6d4b" outcome="Passed" testListId="8c84fa94-04c1-424b-9868-57a2d4851a1d" relativeResultsDirectory="845f00a3-6fdb-47a4-a81c-2c9ac1ff17ea" />
    <UnitTestResult executionId="c0d0aa2d-48e5-4c54-b8bc-4681172ea43f" testId="fecc427d-e82b-22a5-b05e-f20ecdca5a48" testName="BL.Tests.SlopesServiceTest.TestGetSlopesInfoAsync(userID: 69, initialSlopes: [Slope { SlopeID = 144, SlopeName = slopeName10979f29-e203-4d0f-a4ba-5296ed13ef01, IsOpen = True, DifficultyLevel = 188, ConnectedLifts =  }, Slope { SlopeID = 167, SlopeName = slopeNamefc83f5d2-2d70-4a5e-a7ed-64fb9c455230, IsOpen = False, DifficultyLevel = 175, ConnectedLifts =  }, Slope { SlopeID = 126, SlopeName = slopeName04d51637-70f3-4bd6-9852-36dd455fd31b, IsOpen = True, DifficultyLevel = 194, ConnectedLifts =  }], checkPermissionServiceMock: Mock&lt;ICheckPermissionService:7&gt;, slopesRepositoryStub: Mock&lt;ISlopesRepository:5&gt;, liftsSlopesRepositoryStub: Mock&lt;ILiftsSlopesRepository:10&gt;, sut: SlopesService { })" computerName="DESKTOP-TJ9D65N" duration="00:00:00.0132390" startTime="2022-11-03T11:22:16.0833080+03:00" endTime="2022-11-03T11:22:16.0833081+03:00" testType="13cdc9d9-ddb5-4fa4-a97d-d965ccfc6d4b" outcome="Passed" testListId="8c84fa94-04c1-424b-9868-57a2d4851a1d" relativeResultsDirectory="c0d0aa2d-48e5-4c54-b8bc-4681172ea43f" />
    <UnitTestResult executionId="9dd4eeac-7b3d-401c-b200-9c24c6f3ec35" testId="894941c1-bfa7-d8f9-c047-1e1ceefe2c2f" testName="BL.Tests.UsersServiceTests.TestRegisterUserWithRepeatedEmail" computerName="DESKTOP-TJ9D65N" duration="00:00:00.0040500" startTime="2022-11-03T11:22:16.0857761+03:00" endTime="2022-11-03T11:22:16.0857762+03:00" testType="13cdc9d9-ddb5-4fa4-a97d-d965ccfc6d4b" outcome="Passed" testListId="8c84fa94-04c1-424b-9868-57a2d4851a1d" relativeResultsDirectory="9dd4eeac-7b3d-401c-b200-9c24c6f3ec35" />
    <UnitTestResult executionId="c18785a5-b5a9-4d64-b696-2e785ed42e16" testId="0eeef75f-6e38-7893-a8fe-cff3e0a970a7" testName="BL.Tests.UsersServiceTests.TestRegisterOk" computerName="DESKTOP-TJ9D65N" duration="00:00:00.0107141" startTime="2022-11-03T11:22:16.1187056+03:00" endTime="2022-11-03T11:22:16.1187057+03:00" testType="13cdc9d9-ddb5-4fa4-a97d-d965ccfc6d4b" outcome="Passed" testListId="8c84fa94-04c1-424b-9868-57a2d4851a1d" relativeResultsDirectory="c18785a5-b5a9-4d64-b696-2e785ed42e16" />
    <UnitTestResult executionId="87edb414-a804-4234-b746-49773474c8ba" testId="c374edf8-7151-1511-98cf-0df71e5d8eb5" testName="BL.Tests.LiftsServiceTest.TestAdminDeleteLiftAsync(userID: 219, lift: Lift { LiftID = 56, LiftName = liftNameadd90b83-f299-44d2-8041-220fda958212, IsOpen = True, SeatsAmount = 146, LiftingTime = 129, QueueTime = 93, ConnectedSlopes =  }, checkPermissionServiceMock: Mock&lt;ICheckPermissionService:4&gt;, liftsRepositoryStub: Mock&lt;ILiftsRepository:4&gt;, liftsSlopesRepositoryStub: Mock&lt;ILiftsSlopesRepository:4&gt;, sut: LiftsService { })" computerName="DESKTOP-TJ9D65N" duration="00:00:00.0128742" startTime="2022-11-03T11:22:16.1064059+03:00" endTime="2022-11-03T11:22:16.1064060+03:00" testType="13cdc9d9-ddb5-4fa4-a97d-d965ccfc6d4b" outcome="Passed" testListId="8c84fa94-04c1-424b-9868-57a2d4851a1d" relativeResultsDirectory="87edb414-a804-4234-b746-49773474c8ba" />
    <UnitTestResult executionId="22589f18-fbf0-4e21-9b8e-7e7110626a0f" testId="20ad8570-0170-85de-dcd7-2f109dd7bcd6" testName="BL.Tests.UsersServiceTests.TestAdminGetUsers" computerName="DESKTOP-TJ9D65N" duration="00:00:00.0478224" startTime="2022-11-03T11:22:15.9836635+03:00" endTime="2022-11-03T11:22:15.9836636+03:00" testType="13cdc9d9-ddb5-4fa4-a97d-d965ccfc6d4b" outcome="Passed" testListId="8c84fa94-04c1-424b-9868-57a2d4851a1d" relativeResultsDirectory="22589f18-fbf0-4e21-9b8e-7e7110626a0f" />
    <UnitTestResult executionId="bc62c2fb-ae9f-4e18-b9e0-53e83f045f64" testId="644ec43e-70cd-c82d-42e7-0d990be1414d" testName="BL.Tests.CheckPermissionsServiceTests.AuthorizedHasAccessToAuthorizedFunctions(functionName: &quot;SendMessageAsync&quot;)" computerName="DESKTOP-TJ9D65N" duration="00:00:00.0021281" startTime="2022-11-03T11:22:16.1902261+03:00" endTime="2022-11-03T11:22:16.1902262+03:00" testType="13cdc9d9-ddb5-4fa4-a97d-d965ccfc6d4b" outcome="Passed" testListId="8c84fa94-04c1-424b-9868-57a2d4851a1d" relativeResultsDirectory="bc62c2fb-ae9f-4e18-b9e0-53e83f045f64" />
    <UnitTestResult executionId="796bfc56-7417-4c01-aee9-48acca635d37" testId="9b05fb85-3ce5-0687-08bf-cc07204b3237" testName="BL.Tests.LiftsServiceTest.TestAdminAddAutoIncrementLiftAsync(userID: 152, lift: Lift { LiftID = 134, LiftName = liftNamebfbca209-ae85-42e8-9f79-05a8f7ce6966, IsOpen = True, SeatsAmount = 56, LiftingTime = 82, QueueTime = 231, ConnectedSlopes =  }, checkPermissionServiceMock: Mock&lt;ICheckPermissionService:5&gt;, liftsRepositoryStub: Mock&lt;ILiftsRepository:5&gt;, sut: LiftsService { })" computerName="DESKTOP-TJ9D65N" duration="00:00:00.0136478" startTime="2022-11-03T11:22:16.0836202+03:00" endTime="2022-11-03T11:22:16.0836204+03:00" testType="13cdc9d9-ddb5-4fa4-a97d-d965ccfc6d4b" outcome="Passed" testListId="8c84fa94-04c1-424b-9868-57a2d4851a1d" relativeResultsDirectory="796bfc56-7417-4c01-aee9-48acca635d37" />
    <UnitTestResult executionId="a2dba71b-c756-48a4-b30c-56012c41a39f" testId="1ca07ad8-f799-c5d4-e7cc-34fd950198a2" testName="BL.Tests.UsersServiceTests.TestLogInOk" computerName="DESKTOP-TJ9D65N" duration="00:00:00.0039930" startTime="2022-11-03T11:22:16.1319922+03:00" endTime="2022-11-03T11:22:16.1319923+03:00" testType="13cdc9d9-ddb5-4fa4-a97d-d965ccfc6d4b" outcome="Passed" testListId="8c84fa94-04c1-424b-9868-57a2d4851a1d" relativeResultsDirectory="a2dba71b-c756-48a4-b30c-56012c41a39f" />
    <UnitTestResult executionId="132421b6-30bf-40c1-bf53-afb1eb77abc0" testId="2bc088a2-61e4-caee-87b0-39d1408ffdbb" testName="BL.Tests.TurnstilesServiceTest.TestAdminGetTurnstilesAsync(userID: 83, initialTurnstiles: [Turnstile { TurnstileID = 210, LiftID = 77, IsOpen = True }, Turnstile { TurnstileID = 199, LiftID = 251, IsOpen = False }, Turnstile { TurnstileID = 91, LiftID = 151, IsOpen = True }], checkPermissionServiceMock: Mock&lt;ICheckPermissionService:13&gt;, turnstilesRepositoryStub: Mock&lt;ITurnstilesRepository:7&gt;, sut: TurnstilesService { })" computerName="DESKTOP-TJ9D65N" duration="00:00:00.0050759" startTime="2022-11-03T11:22:16.0860339+03:00" endTime="2022-11-03T11:22:16.0860340+03:00" testType="13cdc9d9-ddb5-4fa4-a97d-d965ccfc6d4b" outcome="Passed" testListId="8c84fa94-04c1-424b-9868-57a2d4851a1d" relativeResultsDirectory="132421b6-30bf-40c1-bf53-afb1eb77abc0" />
    <UnitTestResult executionId="c38fab0a-2803-44ae-b4fb-cb4d5f282840" testId="c36970dc-93f7-753e-fa47-157133b01644" testName="BL.Tests.CheckPermissionsServiceTests.SkiPatrolHasAccessToAdminSkiPatrolFunctions(functionName: &quot;GetMessagesAsync&quot;)" computerName="DESKTOP-TJ9D65N" duration="00:00:00.0014836" startTime="2022-11-03T11:22:16.1338092+03:00" endTime="2022-11-03T11:22:16.1338093+03:00" testType="13cdc9d9-ddb5-4fa4-a97d-d965ccfc6d4b" outcome="Passed" testListId="8c84fa94-04c1-424b-9868-57a2d4851a1d" relativeResultsDirectory="c38fab0a-2803-44ae-b4fb-cb4d5f282840" />
    <UnitTestResult executionId="ce4358ea-7236-4cc1-b5d2-5853f5438343" testId="3f2e2570-8ec9-b7f4-88ee-11f635b8f21a" testName="BL.Tests.LiftsSlopesServiceTests.TestAdminAddAutoIncrementLiftSlopeAsync(lift: Lift { LiftID = 152, LiftName = liftName89b41ba3-a860-4795-86ce-6fc158de3665, IsOpen = True, SeatsAmount = 74, LiftingTime = 91, QueueTime = 233, ConnectedSlopes =  }, slope: Slope { SlopeID = 89, SlopeName = slopeName411ff175-28ad-49af-8cd1-db1e8d6824b3, IsOpen = False, DifficultyLevel = 186, ConnectedLifts =  }, slopesRepositoryStub: Mock&lt;ISlopesRepository:3&gt;, liftsRepositoryStub: Mock&lt;ILiftsRepository:8&gt;, liftsSlopesRepositoryStub: Mock&lt;ILiftsSlopesRepository:8&gt;)" computerName="DESKTOP-TJ9D65N" duration="00:00:00.0086418" startTime="2022-11-03T11:22:16.0855286+03:00" endTime="2022-11-03T11:22:16.0855286+03:00" testType="13cdc9d9-ddb5-4fa4-a97d-d965ccfc6d4b" outcome="Passed" testListId="8c84fa94-04c1-424b-9868-57a2d4851a1d" relativeResultsDirectory="ce4358ea-7236-4cc1-b5d2-5853f5438343" />
    <UnitTestResult executionId="0280753c-6fe1-476a-bb3a-aebb9aee73a4" testId="74f4c7ab-8704-a812-ac2f-b40d6a532cc0" testName="BL.Tests.TurnstilesServiceTest.TestAdminUpdateTurnstileAsync(userID: 31, turnstile: Turnstile { TurnstileID = 53, LiftID = 219, IsOpen = True }, checkPermissionServiceMock: Mock&lt;ICheckPermissionService:14&gt;, turnstilesRepositoryStub: Mock&lt;ITurnstilesRepository:8&gt;, sut: TurnstilesService { })" computerName="DESKTOP-TJ9D65N" duration="00:00:00.0415822" startTime="2022-11-03T11:22:15.9835403+03:00" endTime="2022-11-03T11:22:15.9835403+03:00" testType="13cdc9d9-ddb5-4fa4-a97d-d965ccfc6d4b" outcome="Passed" testListId="8c84fa94-04c1-424b-9868-57a2d4851a1d" relativeResultsDirectory="0280753c-6fe1-476a-bb3a-aebb9aee73a4" />
    <UnitTestResult executionId="261e745e-b104-4230-ac51-0299854dfde4" testId="e5497347-2721-b7a6-0bd4-69a9921f6947" testName="BL.Tests.UsersServiceTests.TestAdminGetUserByIDAsync" computerName="DESKTOP-TJ9D65N" duration="00:00:00.0033836" startTime="2022-11-03T11:22:16.1734448+03:00" endTime="2022-11-03T11:22:16.1734449+03:00" testType="13cdc9d9-ddb5-4fa4-a97d-d965ccfc6d4b" outcome="Passed" testListId="8c84fa94-04c1-424b-9868-57a2d4851a1d" relativeResultsDirectory="261e745e-b104-4230-ac51-0299854dfde4" />
    <UnitTestResult executionId="11b8826f-6c8b-4d7c-96a9-ad0d6beff973" testId="4f297306-d4f3-8d63-e7f4-1ac0b8c58c74" testName="BL.Tests.CheckPermissionsServiceTests.AuthorizedHasNoAccessToAdminSkiPatrolFunctions(functionName: &quot;GetLiftsSlopesInfoAsync&quot;)" computerName="DESKTOP-TJ9D65N" duration="00:00:00.0012876" startTime="2022-11-03T11:22:16.1795897+03:00" endTime="2022-11-03T11:22:16.1795898+03:00" testType="13cdc9d9-ddb5-4fa4-a97d-d965ccfc6d4b" outcome="Passed" testListId="8c84fa94-04c1-424b-9868-57a2d4851a1d" relativeResultsDirectory="11b8826f-6c8b-4d7c-96a9-ad0d6beff973" />
    <UnitTestResult executionId="982c2308-65fc-457b-9aed-5aa8cf580f8d" testId="38ccc06c-21e1-168d-5357-ce0fbcaabd6d" testName="BL.Tests.SlopesServiceTest.TestUpdateSlopeInfoAsync(userID: 223, slope: Slope { SlopeID = 215, SlopeName = slopeNamea2a7316c-6d6e-42c3-b2c9-358b25676074, IsOpen = True, DifficultyLevel = 193, ConnectedLifts =  }, checkPermissionServiceMock: Mock&lt;ICheckPermissionService:8&gt;, slopesRepositoryStub: Mock&lt;ISlopesRepository:6&gt;, sut: SlopesService { })" computerName="DESKTOP-TJ9D65N" duration="00:00:00.0062159" startTime="2022-11-03T11:22:16.1273784+03:00" endTime="2022-11-03T11:22:16.1273785+03:00" testType="13cdc9d9-ddb5-4fa4-a97d-d965ccfc6d4b" outcome="Passed" testListId="8c84fa94-04c1-424b-9868-57a2d4851a1d" relativeResultsDirectory="982c2308-65fc-457b-9aed-5aa8cf580f8d" />
    <UnitTestResult executionId="14e558fc-6ffb-4749-8f78-db6b85d23eb8" testId="a2e59116-cb53-1d70-9cb8-21c286516866" testName="BL.Tests.CheckPermissionsServiceTests.AuthorizedHasNoAccessToAdminFunctions" computerName="DESKTOP-TJ9D65N" duration="00:00:00.0030850" startTime="2022-11-03T11:22:16.1517388+03:00" endTime="2022-11-03T11:22:16.1517389+03:00" testType="13cdc9d9-ddb5-4fa4-a97d-d965ccfc6d4b" outcome="Passed" testListId="8c84fa94-04c1-424b-9868-57a2d4851a1d" relativeResultsDirectory="14e558fc-6ffb-4749-8f78-db6b85d23eb8" />
    <UnitTestResult executionId="6d6477bb-0275-4c71-b2eb-561e73e2bfdd" testId="2ae0c7da-9c88-b178-c15c-d8c8f7bdb817" testName="BL.Tests.LiftsSlopesServiceTests.TestAdminDeleteLiftSlopeAsync(lift: Lift { LiftID = 28, LiftName = liftNamebf485310-17e8-4d05-bfaf-b8d25ab66a24, IsOpen = True, SeatsAmount = 117, LiftingTime = 118, QueueTime = 16, ConnectedSlopes =  }, slope: Slope { SlopeID = 225, SlopeName = slopeName829afb17-bec2-4d7d-bafd-10e6a048ead3, IsOpen = False, DifficultyLevel = 212, ConnectedLifts =  }, slopesRepositoryStub: Mock&lt;ISlopesRepository:2&gt;, liftsRepositoryStub: Mock&lt;ILiftsRepository:7&gt;, liftsSlopesRepositoryStub: Mock&lt;ILiftsSlopesRepository:7&gt;)" computerName="DESKTOP-TJ9D65N" duration="00:00:00.0406767" startTime="2022-11-03T11:22:15.9835972+03:00" endTime="2022-11-03T11:22:15.9835972+03:00" testType="13cdc9d9-ddb5-4fa4-a97d-d965ccfc6d4b" outcome="Passed" testListId="8c84fa94-04c1-424b-9868-57a2d4851a1d" relativeResultsDirectory="6d6477bb-0275-4c71-b2eb-561e73e2bfdd" />
    <UnitTestResult executionId="070d5aec-6ad2-4146-8786-72bd00a042c5" testId="2602613f-c8e2-a6d9-fcf7-5b27d4a770a6" testName="BL.Tests.CheckPermissionsServiceTests.AuthorizedHasNoAccessToAdminSkiPatrolFunctions(functionName: &quot;GetMessagesAsync&quot;)" computerName="DESKTOP-TJ9D65N" duration="00:00:00.0022933" startTime="2022-11-03T11:22:16.1612460+03:00" endTime="2022-11-03T11:22:16.1612460+03:00" testType="13cdc9d9-ddb5-4fa4-a97d-d965ccfc6d4b" outcome="Passed" testListId="8c84fa94-04c1-424b-9868-57a2d4851a1d" relativeResultsDirectory="070d5aec-6ad2-4146-8786-72bd00a042c5" />
    <UnitTestResult executionId="7681371d-2d6c-4b22-8a61-9c37b14f6048" testId="229812f5-9a73-5335-11f5-31330d1348a5" testName="BL.Tests.CheckPermissionsServiceTests.UnauthorizedHasNoAccessToAdminSkiPatrolFunctions(functionName: &quot;GetMessagesAsync&quot;)" computerName="DESKTOP-TJ9D65N" duration="00:00:00.0019244" startTime="2022-11-03T11:22:16.0838737+03:00" endTime="2022-11-03T11:22:16.0838737+03:00" testType="13cdc9d9-ddb5-4fa4-a97d-d965ccfc6d4b" outcome="Passed" testListId="8c84fa94-04c1-424b-9868-57a2d4851a1d" relativeResultsDirectory="7681371d-2d6c-4b22-8a61-9c37b14f6048" />
    <UnitTestResult executionId="f15022b2-d081-4870-892e-8479115d2019" testId="2d706594-f2b3-b3c8-21d4-86c9798c3306" testName="BL.Tests.CheckPermissionsServiceTests.SkiPatrolHasAccessToAdminSkiPatrolFunctions(functionName: &quot;GetLiftsSlopesInfoAsync&quot;)" computerName="DESKTOP-TJ9D65N" duration="00:00:00.0059182" startTime="2022-11-03T11:22:16.1068811+03:00" endTime="2022-11-03T11:22:16.1068812+03:00" testType="13cdc9d9-ddb5-4fa4-a97d-d965ccfc6d4b" outcome="Passed" testListId="8c84fa94-04c1-424b-9868-57a2d4851a1d" relativeResultsDirectory="f15022b2-d081-4870-892e-8479115d2019" />
  </Results>
  <TestDefinitions>
    <UnitTest name="BL.Tests.UsersServiceTests.TestAdminAddAutoIncrementUser" storage="/mnt/c/users/alena/desktop/7_sem/testing_and_debugging/skiresort/bl.tests/bin/debug/net6.0/bl.tests.dll" id="834c739b-eca4-b36d-6a66-5a1bd75377b8">
      <Execution id="845f00a3-6fdb-47a4-a81c-2c9ac1ff17ea" />
      <TestMethod codeBase="/mnt/c/Users/alena/Desktop/7_sem/testing_and_debugging/SkiResort/BL.Tests/bin/Debug/net6.0/BL.Tests.dll" adapterTypeName="executor://xunit/VsTestRunner2/netcoreapp" className="BL.Tests.UsersServiceTests" name="TestAdminAddAutoIncrementUser" />
    </UnitTest>
    <UnitTest name="BL.Tests.SlopesServiceTest.TestGetSlopesInfoAsync(userID: 69, initialSlopes: [Slope { SlopeID = 144, SlopeName = slopeName10979f29-e203-4d0f-a4ba-5296ed13ef01, IsOpen = True, DifficultyLevel = 188, ConnectedLifts =  }, Slope { SlopeID = 167, SlopeName = slopeNamefc83f5d2-2d70-4a5e-a7ed-64fb9c455230, IsOpen = False, DifficultyLevel = 175, ConnectedLifts =  }, Slope { SlopeID = 126, SlopeName = slopeName04d51637-70f3-4bd6-9852-36dd455fd31b, I..." storage="/mnt/c/users/alena/desktop/7_sem/testing_and_debugging/skiresort/bl.tests/bin/debug/net6.0/bl.tests.dll" id="fecc427d-e82b-22a5-b05e-f20ecdca5a48">
      <Execution id="c0d0aa2d-48e5-4c54-b8bc-4681172ea43f" />
      <TestMethod codeBase="/mnt/c/Users/alena/Desktop/7_sem/testing_and_debugging/SkiResort/BL.Tests/bin/Debug/net6.0/BL.Tests.dll" adapterTypeName="executor://xunit/VsTestRunner2/netcoreapp" className="BL.Tests.SlopesServiceTest" name="TestGetSlopesInfoAsync" />
    </UnitTest>
    <UnitTest name="BL.Tests.CheckPermissionsServiceTests.SkiPatrolHasAccessToAdminSkiPatrolFunctions(functionName: &quot;MarkMessageReadByUserAsync&quot;)" storage="/mnt/c/users/alena/desktop/7_sem/testing_and_debugging/skiresort/bl.tests/bin/debug/net6.0/bl.tests.dll" id="60bd668f-04df-da5e-b79b-5d9aedb5234d">
      <Execution id="555328f1-9338-4a75-b154-6918fc88dcef" />
      <TestMethod codeBase="/mnt/c/Users/alena/Desktop/7_sem/testing_and_debugging/SkiResort/BL.Tests/bin/Debug/net6.0/BL.Tests.dll" adapterTypeName="executor://xunit/VsTestRunner2/netcoreapp" className="BL.Tests.CheckPermissionsServiceTests" name="SkiPatrolHasAccessToAdminSkiPatrolFunctions" />
    </UnitTest>
    <UnitTest name="BL.Tests.CheckPermissionsServiceTests.AuthorizedHasAccessToAuthorizedFunctions(functionName: &quot;SendMessageAsync&quot;)" storage="/mnt/c/users/alena/desktop/7_sem/testing_and_debugging/skiresort/bl.tests/bin/debug/net6.0/bl.tests.dll" id="644ec43e-70cd-c82d-42e7-0d990be1414d">
      <Execution id="bc62c2fb-ae9f-4e18-b9e0-53e83f045f64" />
      <TestMethod codeBase="/mnt/c/Users/alena/Desktop/7_sem/testing_and_debugging/SkiResort/BL.Tests/bin/Debug/net6.0/BL.Tests.dll" adapterTypeName="executor://xunit/VsTestRunner2/netcoreapp" className="BL.Tests.CheckPermissionsServiceTests" name="AuthorizedHasAccessToAuthorizedFunctions" />
    </UnitTest>
    <UnitTest name="BL.Tests.TurnstilesServiceTest.TestAdminDeleteTurnstileAsync(userID: 234, turnstile: Turnstile { TurnstileID = 223, LiftID = 92, IsOpen = True }, checkPermissionServiceMock: Mock&lt;ICheckPermissionService:15&gt;, turnstilesRepositoryStub: Mock&lt;ITurnstilesRepository:9&gt;, sut: TurnstilesService { })" storage="/mnt/c/users/alena/desktop/7_sem/testing_and_debugging/skiresort/bl.tests/bin/debug/net6.0/bl.tests.dll" id="045f3ede-da8f-1181-ae37-18becbec685a">
      <Execution id="a197be3d-3b25-4f5f-beae-6a3c6ef7e7e2" />
      <TestMethod codeBase="/mnt/c/Users/alena/Desktop/7_sem/testing_and_debugging/SkiResort/BL.Tests/bin/Debug/net6.0/BL.Tests.dll" adapterTypeName="executor://xunit/VsTestRunner2/netcoreapp" className="BL.Tests.TurnstilesServiceTest" name="TestAdminDeleteTurnstileAsync" />
    </UnitTest>
    <UnitTest name="BL.Tests.SlopesServiceTest.TestGetSlopeInfoAsync(userID: 172, slope: Slope { SlopeID = 6, SlopeName = slopeNamecb9e3fcf-29df-4512-a3b8-8068f7982f86, IsOpen = True, DifficultyLevel = 21, ConnectedLifts =  }, checkPermissionServiceMock: Mock&lt;ICheckPermissionService:6&gt;, slopesRepositoryStub: Mock&lt;ISlopesRepository:4&gt;, liftsSlopesRepositoryStub: Mock&lt;ILiftsSlopesRepository:9&gt;, sut: SlopesService { })" storage="/mnt/c/users/alena/desktop/7_sem/testing_and_debugging/skiresort/bl.tests/bin/debug/net6.0/bl.tests.dll" id="a1be71ef-585a-7896-5142-28a9f740f76e">
      <Execution id="0106b81d-e5fd-487f-ad76-a308f3090766" />
      <TestMethod codeBase="/mnt/c/Users/alena/Desktop/7_sem/testing_and_debugging/SkiResort/BL.Tests/bin/Debug/net6.0/BL.Tests.dll" adapterTypeName="executor://xunit/VsTestRunner2/netcoreapp" className="BL.Tests.SlopesServiceTest" name="TestGetSlopeInfoAsync" />
    </UnitTest>
    <UnitTest name="BL.Tests.LiftsServiceTest.TestUpdateLiftInfoAsync(userID: 193, lift: Lift { LiftID = 207, LiftName = liftName2b0a3a5f-9465-4a03-b2b4-8855723d1aee, IsOpen = True, SeatsAmount = 134, LiftingTime = 44, QueueTime = 212, ConnectedSlopes =  }, checkPermissionServiceMock: Mock&lt;ICheckPermissionService:3&gt;, liftsRepositoryStub: Mock&lt;ILiftsRepository:3&gt;, sut: LiftsService { })" storage="/mnt/c/users/alena/desktop/7_sem/testing_and_debugging/skiresort/bl.tests/bin/debug/net6.0/bl.tests.dll" id="008ef7d1-5cca-dd83-fab9-bd15e635483a">
      <Execution id="07414ad5-33a5-4d0e-a8b1-4ce7cd215abd" />
      <TestMethod codeBase="/mnt/c/Users/alena/Desktop/7_sem/testing_and_debugging/SkiResort/BL.Tests/bin/Debug/net6.0/BL.Tests.dll" adapterTypeName="executor://xunit/VsTestRunner2/netcoreapp" className="BL.Tests.LiftsServiceTest" name="TestUpdateLiftInfoAsync" />
    </UnitTest>
    <UnitTest name="BL.Tests.TurnstilesServiceTest.TestAdminUpdateTurnstileAsync(userID: 31, turnstile: Turnstile { TurnstileID = 53, LiftID = 219, IsOpen = True }, checkPermissionServiceMock: Mock&lt;ICheckPermissionService:14&gt;, turnstilesRepositoryStub: Mock&lt;ITurnstilesRepository:8&gt;, sut: TurnstilesService { })" storage="/mnt/c/users/alena/desktop/7_sem/testing_and_debugging/skiresort/bl.tests/bin/debug/net6.0/bl.tests.dll" id="74f4c7ab-8704-a812-ac2f-b40d6a532cc0">
      <Execution id="0280753c-6fe1-476a-bb3a-aebb9aee73a4" />
      <TestMethod codeBase="/mnt/c/Users/alena/Desktop/7_sem/testing_and_debugging/SkiResort/BL.Tests/bin/Debug/net6.0/BL.Tests.dll" adapterTypeName="executor://xunit/VsTestRunner2/netcoreapp" className="BL.Tests.TurnstilesServiceTest" name="TestAdminUpdateTurnstileAsync" />
    </UnitTest>
    <UnitTest name="BL.Tests.CheckPermissionsServiceTests.AuthorizedHasNoAccessToAdminSkiPatrolFunctions(functionName: &quot;MarkMessageReadByUserAsync&quot;)" storage="/mnt/c/users/alena/desktop/7_sem/testing_and_debugging/skiresort/bl.tests/bin/debug/net6.0/bl.tests.dll" id="9c7df5e2-1b23-ebea-889f-b78ca86b60ab">
      <Execution id="fb77e2ca-9a40-41ff-a71e-625dc111ed84" />
      <TestMethod codeBase="/mnt/c/Users/alena/Desktop/7_sem/testing_and_debugging/SkiResort/BL.Tests/bin/Debug/net6.0/BL.Tests.dll" adapterTypeName="executor://xunit/VsTestRunner2/netcoreapp" className="BL.Tests.CheckPermissionsServiceTests" name="AuthorizedHasNoAccessToAdminSkiPatrolFunctions" />
    </UnitTest>
    <UnitTest name="BL.Tests.CheckPermissionsServiceTests.UnauthorizedHasNoAccessToAuthorizedFunctions(functionName: &quot;SendMessageAsync&quot;)" storage="/mnt/c/users/alena/desktop/7_sem/testing_and_debugging/skiresort/bl.tests/bin/debug/net6.0/bl.tests.dll" id="eaabd2fc-2f4b-5689-59c8-c7ad34a8f634">
      <Execution id="192b59b9-0084-47ac-ba82-09d33bd5f091" />
      <TestMethod codeBase="/mnt/c/Users/alena/Desktop/7_sem/testing_and_debugging/SkiResort/BL.Tests/bin/Debug/net6.0/BL.Tests.dll" adapterTypeName="executor://xunit/VsTestRunner2/netcoreapp" className="BL.Tests.CheckPermissionsServiceTests" name="UnauthorizedHasNoAccessToAuthorizedFunctions" />
    </UnitTest>
    <UnitTest name="BL.Tests.CheckPermissionsServiceTests.AdminHasAccessToAllFunctions" storage="/mnt/c/users/alena/desktop/7_sem/testing_and_debugging/skiresort/bl.tests/bin/debug/net6.0/bl.tests.dll" id="f3efc418-a8a6-c7b7-9bac-90b33aa8472f">
      <Execution id="e46a5e34-44fd-4980-b9bd-70d053d10a67" />
      <TestMethod codeBase="/mnt/c/Users/alena/Desktop/7_sem/testing_and_debugging/SkiResort/BL.Tests/bin/Debug/net6.0/BL.Tests.dll" adapterTypeName="executor://xunit/VsTestRunner2/netcoreapp" className="BL.Tests.CheckPermissionsServiceTests" name="AdminHasAccessToAllFunctions" />
    </UnitTest>
    <UnitTest name="BL.Tests.UsersServiceTests.TestLogInOk" storage="/mnt/c/users/alena/desktop/7_sem/testing_and_debugging/skiresort/bl.tests/bin/debug/net6.0/bl.tests.dll" id="1ca07ad8-f799-c5d4-e7cc-34fd950198a2">
      <Execution id="a2dba71b-c756-48a4-b30c-56012c41a39f" />
      <TestMethod codeBase="/mnt/c/Users/alena/Desktop/7_sem/testing_and_debugging/SkiResort/BL.Tests/bin/Debug/net6.0/BL.Tests.dll" adapterTypeName="executor://xunit/VsTestRunner2/netcoreapp" className="BL.Tests.UsersServiceTests" name="TestLogInOk" />
    </UnitTest>
    <UnitTest name="BL.Tests.LiftsServiceTest.TestAdminDeleteLiftAsync(userID: 219, lift: Lift { LiftID = 56, LiftName = liftNameadd90b83-f299-44d2-8041-220fda958212, IsOpen = True, SeatsAmount = 146, LiftingTime = 129, QueueTime = 93, ConnectedSlopes =  }, checkPermissionServiceMock: Mock&lt;ICheckPermissionService:4&gt;, liftsRepositoryStub: Mock&lt;ILiftsRepository:4&gt;, liftsSlopesRepositoryStub: Mock&lt;ILiftsSlopesRepository:4&gt;, sut: LiftsService { })" storage="/mnt/c/users/alena/desktop/7_sem/testing_and_debugging/skiresort/bl.tests/bin/debug/net6.0/bl.tests.dll" id="c374edf8-7151-1511-98cf-0df71e5d8eb5">
      <Execution id="87edb414-a804-4234-b746-49773474c8ba" />
      <TestMethod codeBase="/mnt/c/Users/alena/Desktop/7_sem/testing_and_debugging/SkiResort/BL.Tests/bin/Debug/net6.0/BL.Tests.dll" adapterTypeName="executor://xunit/VsTestRunner2/netcoreapp" className="BL.Tests.LiftsServiceTest" name="TestAdminDeleteLiftAsync" />
    </UnitTest>
    <UnitTest name="BL.Tests.CheckPermissionsServiceTests.UnauthorizedHasNoAccessToAdminSkiPatrolFunctions(functionName: &quot;MarkMessageReadByUserAsync&quot;)" storage="/mnt/c/users/alena/desktop/7_sem/testing_and_debugging/skiresort/bl.tests/bin/debug/net6.0/bl.tests.dll" id="a19a5fcf-c5d2-7d44-5d7d-84403042f4e0">
      <Execution id="42cccfc0-4bad-43a8-9dd6-5ab44d30dc30" />
      <TestMethod codeBase="/mnt/c/Users/alena/Desktop/7_sem/testing_and_debugging/SkiResort/BL.Tests/bin/Debug/net6.0/BL.Tests.dll" adapterTypeName="executor://xunit/VsTestRunner2/netcoreapp" className="BL.Tests.CheckPermissionsServiceTests" name="UnauthorizedHasNoAccessToAdminSkiPatrolFunctions" />
    </UnitTest>
    <UnitTest name="BL.Tests.TurnstilesServiceTest.TestAdminGetTurnstileAsync(userID: 232, turnstile: Turnstile { TurnstileID = 21, LiftID = 222, IsOpen = True }, checkPermissionServiceMock: Mock&lt;ICheckPermissionService:12&gt;, turnstilesRepositoryStub: Mock&lt;ITurnstilesRepository:6&gt;, sut: TurnstilesService { })" storage="/mnt/c/users/alena/desktop/7_sem/testing_and_debugging/skiresort/bl.tests/bin/debug/net6.0/bl.tests.dll" id="a80fdf86-ebf5-62c7-957d-082a28e48af3">
      <Execution id="2f7c7f1d-b520-49aa-8d5d-cad8de8519bc" />
      <TestMethod codeBase="/mnt/c/Users/alena/Desktop/7_sem/testing_and_debugging/SkiResort/BL.Tests/bin/Debug/net6.0/BL.Tests.dll" adapterTypeName="executor://xunit/VsTestRunner2/netcoreapp" className="BL.Tests.TurnstilesServiceTest" name="TestAdminGetTurnstileAsync" />
    </UnitTest>
    <UnitTest name="BL.Tests.TurnstilesServiceTest.TestAdminAddAutoIncrementTurnstileAsync(userID: 3, turnstile: Turnstile { TurnstileID = 16, LiftID = 217, IsOpen = True }, checkPermissionServiceMock: Mock&lt;ICheckPermissionService:16&gt;, turnstilesRepositoryStub: Mock&lt;ITurnstilesRepository:10&gt;, sut: TurnstilesService { })" storage="/mnt/c/users/alena/desktop/7_sem/testing_and_debugging/skiresort/bl.tests/bin/debug/net6.0/bl.tests.dll" id="443f751b-c46e-a877-bafd-0f3d55a256fe">
      <Execution id="258cb57d-e21d-4098-8553-def78abc24fe" />
      <TestMethod codeBase="/mnt/c/Users/alena/Desktop/7_sem/testing_and_debugging/SkiResort/BL.Tests/bin/Debug/net6.0/BL.Tests.dll" adapterTypeName="executor://xunit/VsTestRunner2/netcoreapp" className="BL.Tests.TurnstilesServiceTest" name="TestAdminAddAutoIncrementTurnstileAsync" />
    </UnitTest>
    <UnitTest name="BL.Tests.LiftsSlopesServiceTests.TestAdminAddAutoIncrementLiftSlopeAsync(lift: Lift { LiftID = 152, LiftName = liftName89b41ba3-a860-4795-86ce-6fc158de3665, IsOpen = True, SeatsAmount = 74, LiftingTime = 91, QueueTime = 233, ConnectedSlopes =  }, slope: Slope { SlopeID = 89, SlopeName = slopeName411ff175-28ad-49af-8cd1-db1e8d6824b3, IsOpen = False, DifficultyLevel = 186, ConnectedLifts =  }, slopesRepositoryStub: Mock&lt;ISlopesRepository:3&gt;, ..." storage="/mnt/c/users/alena/desktop/7_sem/testing_and_debugging/skiresort/bl.tests/bin/debug/net6.0/bl.tests.dll" id="3f2e2570-8ec9-b7f4-88ee-11f635b8f21a">
      <Execution id="ce4358ea-7236-4cc1-b5d2-5853f5438343" />
      <TestMethod codeBase="/mnt/c/Users/alena/Desktop/7_sem/testing_and_debugging/SkiResort/BL.Tests/bin/Debug/net6.0/BL.Tests.dll" adapterTypeName="executor://xunit/VsTestRunner2/netcoreapp" className="BL.Tests.LiftsSlopesServiceTests" name="TestAdminAddAutoIncrementLiftSlopeAsync" />
    </UnitTest>
    <UnitTest name="BL.Tests.CheckPermissionsServiceTests.AuthorizedHasAccessToAuthorizedFunctions(functionName: &quot;LogOutAsync&quot;)" storage="/mnt/c/users/alena/desktop/7_sem/testing_and_debugging/skiresort/bl.tests/bin/debug/net6.0/bl.tests.dll" id="aa28a6b3-21d3-aa45-24d3-bef2facbc899">
      <Execution id="bd9c531d-db07-47ed-9552-85e967d73b2c" />
      <TestMethod codeBase="/mnt/c/Users/alena/Desktop/7_sem/testing_and_debugging/SkiResort/BL.Tests/bin/Debug/net6.0/BL.Tests.dll" adapterTypeName="executor://xunit/VsTestRunner2/netcoreapp" className="BL.Tests.CheckPermissionsServiceTests" name="AuthorizedHasAccessToAuthorizedFunctions" />
    </UnitTest>
    <UnitTest name="BL.Tests.CheckPermissionsServiceTests.SkiPatrolHasAccessToAdminSkiPatrolFunctions(functionName: &quot;GetMessagesAsync&quot;)" storage="/mnt/c/users/alena/desktop/7_sem/testing_and_debugging/skiresort/bl.tests/bin/debug/net6.0/bl.tests.dll" id="c36970dc-93f7-753e-fa47-157133b01644">
      <Execution id="c38fab0a-2803-44ae-b4fb-cb4d5f282840" />
      <TestMethod codeBase="/mnt/c/Users/alena/Desktop/7_sem/testing_and_debugging/SkiResort/BL.Tests/bin/Debug/net6.0/BL.Tests.dll" adapterTypeName="executor://xunit/VsTestRunner2/netcoreapp" className="BL.Tests.CheckPermissionsServiceTests" name="SkiPatrolHasAccessToAdminSkiPatrolFunctions" />
    </UnitTest>
    <UnitTest name="BL.Tests.LiftsServiceTest.TestGetLiftInfoAsync(userID: 17, lift: Lift { LiftID = 164, LiftName = liftNamee4786eca-2018-4c9e-a7b0-0562c3f04c8b, IsOpen = True, SeatsAmount = 234, LiftingTime = 184, QueueTime = 241, ConnectedSlopes =  }, checkPermissionServiceMock: Mock&lt;ICheckPermissionService:1&gt;, liftsRepositoryStub: Mock&lt;ILiftsRepository:1&gt;, liftsSlopesRepositoryStub: Mock&lt;ILiftsSlopesRepository:1&gt;, sut: LiftsService { })" storage="/mnt/c/users/alena/desktop/7_sem/testing_and_debugging/skiresort/bl.tests/bin/debug/net6.0/bl.tests.dll" id="801d83bb-5d92-b62a-572f-865d47821d95">
      <Execution id="d48877e9-a35d-42ab-900f-8f2539e7ee89" />
      <TestMethod codeBase="/mnt/c/Users/alena/Desktop/7_sem/testing_and_debugging/SkiResort/BL.Tests/bin/Debug/net6.0/BL.Tests.dll" adapterTypeName="executor://xunit/VsTestRunner2/netcoreapp" className="BL.Tests.LiftsServiceTest" name="TestGetLiftInfoAsync" />
    </UnitTest>
    <UnitTest name="BL.Tests.SlopesServiceTest.TestAdminDeleteSlopeAsync(userID: 130, slope: Slope { SlopeID = 197, SlopeName = slopeNameb367d8ff-a37a-4464-a14c-32441c45c82b, IsOpen = True, DifficultyLevel = 87, ConnectedLifts =  }, checkPermissionServiceMock: Mock&lt;ICheckPermissionService:9&gt;, slopesRepositoryStub: Mock&lt;ISlopesRepository:7&gt;, liftsSlopesRepositoryStub: Mock&lt;ILiftsSlopesRepository:12&gt;, sut: SlopesService { })" storage="/mnt/c/users/alena/desktop/7_sem/testing_and_debugging/skiresort/bl.tests/bin/debug/net6.0/bl.tests.dll" id="8500519d-2795-6f87-2422-cac5454af20f">
      <Execution id="f68257b0-8b03-4b5f-b5e2-3945dd87dfce" />
      <TestMethod codeBase="/mnt/c/Users/alena/Desktop/7_sem/testing_and_debugging/SkiResort/BL.Tests/bin/Debug/net6.0/BL.Tests.dll" adapterTypeName="executor://xunit/VsTestRunner2/netcoreapp" className="BL.Tests.SlopesServiceTest" name="TestAdminDeleteSlopeAsync" />
    </UnitTest>
    <UnitTest name="BL.Tests.CheckPermissionsServiceTests.AuthorizedHasNoAccessToAdminFunctions" storage="/mnt/c/users/alena/desktop/7_sem/testing_and_debugging/skiresort/bl.tests/bin/debug/net6.0/bl.tests.dll" id="a2e59116-cb53-1d70-9cb8-21c286516866">
      <Execution id="14e558fc-6ffb-4749-8f78-db6b85d23eb8" />
      <TestMethod codeBase="/mnt/c/Users/alena/Desktop/7_sem/testing_and_debugging/SkiResort/BL.Tests/bin/Debug/net6.0/BL.Tests.dll" adapterTypeName="executor://xunit/VsTestRunner2/netcoreapp" className="BL.Tests.CheckPermissionsServiceTests" name="AuthorizedHasNoAccessToAdminFunctions" />
    </UnitTest>
    <UnitTest name="BL.Tests.CheckPermissionsServiceTests.SkiPatrolHasAccessToAdminSkiPatrolFunctions(functionName: &quot;GetLiftsSlopesInfoAsync&quot;)" storage="/mnt/c/users/alena/desktop/7_sem/testing_and_debugging/skiresort/bl.tests/bin/debug/net6.0/bl.tests.dll" id="2d706594-f2b3-b3c8-21d4-86c9798c3306">
      <Execution id="f15022b2-d081-4870-892e-8479115d2019" />
      <TestMethod codeBase="/mnt/c/Users/alena/Desktop/7_sem/testing_and_debugging/SkiResort/BL.Tests/bin/Debug/net6.0/BL.Tests.dll" adapterTypeName="executor://xunit/VsTestRunner2/netcoreapp" className="BL.Tests.CheckPermissionsServiceTests" name="SkiPatrolHasAccessToAdminSkiPatrolFunctions" />
    </UnitTest>
    <UnitTest name="BL.Tests.CheckPermissionsServiceTests.AuthorizedHasNoAccessToAdminSkiPatrolFunctions(functionName: &quot;GetLiftsSlopesInfoAsync&quot;)" storage="/mnt/c/users/alena/desktop/7_sem/testing_and_debugging/skiresort/bl.tests/bin/debug/net6.0/bl.tests.dll" id="4f297306-d4f3-8d63-e7f4-1ac0b8c58c74">
      <Execution id="11b8826f-6c8b-4d7c-96a9-ad0d6beff973" />
      <TestMethod codeBase="/mnt/c/Users/alena/Desktop/7_sem/testing_and_debugging/SkiResort/BL.Tests/bin/Debug/net6.0/BL.Tests.dll" adapterTypeName="executor://xunit/VsTestRunner2/netcoreapp" className="BL.Tests.CheckPermissionsServiceTests" name="AuthorizedHasNoAccessToAdminSkiPatrolFunctions" />
    </UnitTest>
    <UnitTest name="BL.Tests.CheckPermissionsServiceTests.UnauthorizedHasNoAccessToAdminSkiPatrolFunctions(functionName: &quot;GetLiftsSlopesInfoAsync&quot;)" storage="/mnt/c/users/alena/desktop/7_sem/testing_and_debugging/skiresort/bl.tests/bin/debug/net6.0/bl.tests.dll" id="387c9729-48c1-486e-5e67-f5d11a9f0db8">
      <Execution id="19b5db80-1a90-4d34-98b5-670a8a9e47c3" />
      <TestMethod codeBase="/mnt/c/Users/alena/Desktop/7_sem/testing_and_debugging/SkiResort/BL.Tests/bin/Debug/net6.0/BL.Tests.dll" adapterTypeName="executor://xunit/VsTestRunner2/netcoreapp" className="BL.Tests.CheckPermissionsServiceTests" name="UnauthorizedHasNoAccessToAdminSkiPatrolFunctions" />
    </UnitTest>
    <UnitTest name="BL.Tests.UsersServiceTests.TestRegisterUserWithRepeatedEmail" storage="/mnt/c/users/alena/desktop/7_sem/testing_and_debugging/skiresort/bl.tests/bin/debug/net6.0/bl.tests.dll" id="894941c1-bfa7-d8f9-c047-1e1ceefe2c2f">
      <Execution id="9dd4eeac-7b3d-401c-b200-9c24c6f3ec35" />
      <TestMethod codeBase="/mnt/c/Users/alena/Desktop/7_sem/testing_and_debugging/SkiResort/BL.Tests/bin/Debug/net6.0/BL.Tests.dll" adapterTypeName="executor://xunit/VsTestRunner2/netcoreapp" className="BL.Tests.UsersServiceTests" name="TestRegisterUserWithRepeatedEmail" />
    </UnitTest>
    <UnitTest name="BL.Tests.CheckPermissionsServiceTests.UnauthorizedHasNoAccessToAdminFunctions" storage="/mnt/c/users/alena/desktop/7_sem/testing_and_debugging/skiresort/bl.tests/bin/debug/net6.0/bl.tests.dll" id="e2d7e5be-3dae-33ae-fb17-c704b6fd58d6">
      <Execution id="1cb5203e-b19d-4321-9661-4549e197023b" />
      <TestMethod codeBase="/mnt/c/Users/alena/Desktop/7_sem/testing_and_debugging/SkiResort/BL.Tests/bin/Debug/net6.0/BL.Tests.dll" adapterTypeName="executor://xunit/VsTestRunner2/netcoreapp" className="BL.Tests.CheckPermissionsServiceTests" name="UnauthorizedHasNoAccessToAdminFunctions" />
    </UnitTest>
    <UnitTest name="BL.Tests.UsersServiceTests.TestRegisterUserWithNoPassword" storage="/mnt/c/users/alena/desktop/7_sem/testing_and_debugging/skiresort/bl.tests/bin/debug/net6.0/bl.tests.dll" id="f44a1b21-8efc-bfac-63b4-d534442def31">
      <Execution id="ef827763-929b-477b-982b-bc0a00452a70" />
      <TestMethod codeBase="/mnt/c/Users/alena/Desktop/7_sem/testing_and_debugging/SkiResort/BL.Tests/bin/Debug/net6.0/BL.Tests.dll" adapterTypeName="executor://xunit/VsTestRunner2/netcoreapp" className="BL.Tests.UsersServiceTests" name="TestRegisterUserWithNoPassword" />
    </UnitTest>
    <UnitTest name="BL.Tests.SlopesServiceTest.TestAdminAddSlopeAsync(userID: 195, slope: Slope { SlopeID = 227, SlopeName = slopeNamed9507bc5-e244-4ab2-ab75-438025214f3d, IsOpen = True, DifficultyLevel = 134, ConnectedLifts =  }, checkPermissionServiceMock: Mock&lt;ICheckPermissionService:11&gt;, slopesRepositoryStub: Mock&lt;ISlopesRepository:9&gt;, sut: SlopesService { })" storage="/mnt/c/users/alena/desktop/7_sem/testing_and_debugging/skiresort/bl.tests/bin/debug/net6.0/bl.tests.dll" id="65bf89ec-4bb6-2380-eda9-83a814dcbf07">
      <Execution id="44fd9827-c225-4a1d-8294-f99d690ba1a8" />
      <TestMethod codeBase="/mnt/c/Users/alena/Desktop/7_sem/testing_and_debugging/SkiResort/BL.Tests/bin/Debug/net6.0/BL.Tests.dll" adapterTypeName="executor://xunit/VsTestRunner2/netcoreapp" className="BL.Tests.SlopesServiceTest" name="TestAdminAddSlopeAsync" />
    </UnitTest>
    <UnitTest name="BL.Tests.CheckPermissionsServiceTests.SkiPatrolHasNoAccessToAdminFunctions" storage="/mnt/c/users/alena/desktop/7_sem/testing_and_debugging/skiresort/bl.tests/bin/debug/net6.0/bl.tests.dll" id="492c0393-35b4-df26-a537-21ca08302f3c">
      <Execution id="a10b7b57-4e46-452c-9b5e-a63dd2f0101d" />
      <TestMethod codeBase="/mnt/c/Users/alena/Desktop/7_sem/testing_and_debugging/SkiResort/BL.Tests/bin/Debug/net6.0/BL.Tests.dll" adapterTypeName="executor://xunit/VsTestRunner2/netcoreapp" className="BL.Tests.CheckPermissionsServiceTests" name="SkiPatrolHasNoAccessToAdminFunctions" />
    </UnitTest>
    <UnitTest name="BL.Tests.UsersServiceTests.TestAdminDeleteUser" storage="/mnt/c/users/alena/desktop/7_sem/testing_and_debugging/skiresort/bl.tests/bin/debug/net6.0/bl.tests.dll" id="18fa8c62-e27d-e1fc-8182-4d7db62b008d">
      <Execution id="fe5c17bb-14ad-474c-8f95-b7fe74a68d9a" />
      <TestMethod codeBase="/mnt/c/Users/alena/Desktop/7_sem/testing_and_debugging/SkiResort/BL.Tests/bin/Debug/net6.0/BL.Tests.dll" adapterTypeName="executor://xunit/VsTestRunner2/netcoreapp" className="BL.Tests.UsersServiceTests" name="TestAdminDeleteUser" />
    </UnitTest>
    <UnitTest name="BL.Tests.TurnstilesServiceTest.TestAdminGetTurnstilesAsync(userID: 83, initialTurnstiles: [Turnstile { TurnstileID = 210, LiftID = 77, IsOpen = True }, Turnstile { TurnstileID = 199, LiftID = 251, IsOpen = False }, Turnstile { TurnstileID = 91, LiftID = 151, IsOpen = True }], checkPermissionServiceMock: Mock&lt;ICheckPermissionService:13&gt;, turnstilesRepositoryStub: Mock&lt;ITurnstilesRepository:7&gt;, sut: TurnstilesService { })" storage="/mnt/c/users/alena/desktop/7_sem/testing_and_debugging/skiresort/bl.tests/bin/debug/net6.0/bl.tests.dll" id="2bc088a2-61e4-caee-87b0-39d1408ffdbb">
      <Execution id="132421b6-30bf-40c1-bf53-afb1eb77abc0" />
      <TestMethod codeBase="/mnt/c/Users/alena/Desktop/7_sem/testing_and_debugging/SkiResort/BL.Tests/bin/Debug/net6.0/BL.Tests.dll" adapterTypeName="executor://xunit/VsTestRunner2/netcoreapp" className="BL.Tests.TurnstilesServiceTest" name="TestAdminGetTurnstilesAsync" />
    </UnitTest>
    <UnitTest name="BL.Tests.UsersServiceTests.TestLogInWithWrongPassword" storage="/mnt/c/users/alena/desktop/7_sem/testing_and_debugging/skiresort/bl.tests/bin/debug/net6.0/bl.tests.dll" id="69340bb6-3645-f9dd-971e-29d8b2a009bb">
      <Execution id="59fe7789-1cd8-44bc-8352-3269949f8cb1" />
      <TestMethod codeBase="/mnt/c/Users/alena/Desktop/7_sem/testing_and_debugging/SkiResort/BL.Tests/bin/Debug/net6.0/BL.Tests.dll" adapterTypeName="executor://xunit/VsTestRunner2/netcoreapp" className="BL.Tests.UsersServiceTests" name="TestLogInWithWrongPassword" />
    </UnitTest>
    <UnitTest name="BL.Tests.LiftsServiceTest.TestGetLiftsInfoAsync(userID: 81, initialLifts: [Lift { LiftID = 182, LiftName = liftName0498e75f-3d96-4cbf-b8dd-4426bbf5bfcc, IsOpen = True, SeatsAmount = 42, LiftingTime = 200, QueueTime = 198, ConnectedSlopes =  }, Lift { LiftID = 58, LiftName = liftName4127cb06-9293-47a1-a816-ff4ff19d1828, IsOpen = False, SeatsAmount = 176, LiftingTime = 140, QueueTime = 37, ConnectedSlopes =  }, Lift { LiftID = 252, LiftName =..." storage="/mnt/c/users/alena/desktop/7_sem/testing_and_debugging/skiresort/bl.tests/bin/debug/net6.0/bl.tests.dll" id="1947ec99-4a05-200d-bd02-0a5bb3c1ad1c">
      <Execution id="31a08158-5d39-4687-bfd3-af560a907697" />
      <TestMethod codeBase="/mnt/c/Users/alena/Desktop/7_sem/testing_and_debugging/SkiResort/BL.Tests/bin/Debug/net6.0/BL.Tests.dll" adapterTypeName="executor://xunit/VsTestRunner2/netcoreapp" className="BL.Tests.LiftsServiceTest" name="TestGetLiftsInfoAsync" />
    </UnitTest>
    <UnitTest name="BL.Tests.LiftsSlopesServiceTests.TestAdminDeleteLiftSlopeAsync(lift: Lift { LiftID = 28, LiftName = liftNamebf485310-17e8-4d05-bfaf-b8d25ab66a24, IsOpen = True, SeatsAmount = 117, LiftingTime = 118, QueueTime = 16, ConnectedSlopes =  }, slope: Slope { SlopeID = 225, SlopeName = slopeName829afb17-bec2-4d7d-bafd-10e6a048ead3, IsOpen = False, DifficultyLevel = 212, ConnectedLifts =  }, slopesRepositoryStub: Mock&lt;ISlopesRepository:2&gt;, liftsRepo..." storage="/mnt/c/users/alena/desktop/7_sem/testing_and_debugging/skiresort/bl.tests/bin/debug/net6.0/bl.tests.dll" id="2ae0c7da-9c88-b178-c15c-d8c8f7bdb817">
      <Execution id="6d6477bb-0275-4c71-b2eb-561e73e2bfdd" />
      <TestMethod codeBase="/mnt/c/Users/alena/Desktop/7_sem/testing_and_debugging/SkiResort/BL.Tests/bin/Debug/net6.0/BL.Tests.dll" adapterTypeName="executor://xunit/VsTestRunner2/netcoreapp" className="BL.Tests.LiftsSlopesServiceTests" name="TestAdminDeleteLiftSlopeAsync" />
    </UnitTest>
    <UnitTest name="BL.Tests.CheckPermissionsServiceTests.UnauthorizedHasNoAccessToAdminSkiPatrolFunctions(functionName: &quot;GetMessagesAsync&quot;)" storage="/mnt/c/users/alena/desktop/7_sem/testing_and_debugging/skiresort/bl.tests/bin/debug/net6.0/bl.tests.dll" id="229812f5-9a73-5335-11f5-31330d1348a5">
      <Execution id="7681371d-2d6c-4b22-8a61-9c37b14f6048" />
      <TestMethod codeBase="/mnt/c/Users/alena/Desktop/7_sem/testing_and_debugging/SkiResort/BL.Tests/bin/Debug/net6.0/BL.Tests.dll" adapterTypeName="executor://xunit/VsTestRunner2/netcoreapp" className="BL.Tests.CheckPermissionsServiceTests" name="UnauthorizedHasNoAccessToAdminSkiPatrolFunctions" />
    </UnitTest>
    <UnitTest name="BL.Tests.UsersServiceTests.TestRegisterUserWithNoEmail" storage="/mnt/c/users/alena/desktop/7_sem/testing_and_debugging/skiresort/bl.tests/bin/debug/net6.0/bl.tests.dll" id="8184bd30-991c-b78d-b4ec-99a485eac0dd">
      <Execution id="933fcdb2-db00-4f75-92f0-a0be0f03ff27" />
      <TestMethod codeBase="/mnt/c/Users/alena/Desktop/7_sem/testing_and_debugging/SkiResort/BL.Tests/bin/Debug/net6.0/BL.Tests.dll" adapterTypeName="executor://xunit/VsTestRunner2/netcoreapp" className="BL.Tests.UsersServiceTests" name="TestRegisterUserWithNoEmail" />
    </UnitTest>
    <UnitTest name="BL.Tests.CheckPermissionsServiceTests.AuthorizedHasNoAccessToAdminSkiPatrolFunctions(functionName: &quot;GetMessagesAsync&quot;)" storage="/mnt/c/users/alena/desktop/7_sem/testing_and_debugging/skiresort/bl.tests/bin/debug/net6.0/bl.tests.dll" id="2602613f-c8e2-a6d9-fcf7-5b27d4a770a6">
      <Execution id="070d5aec-6ad2-4146-8786-72bd00a042c5" />
      <TestMethod codeBase="/mnt/c/Users/alena/Desktop/7_sem/testing_and_debugging/SkiResort/BL.Tests/bin/Debug/net6.0/BL.Tests.dll" adapterTypeName="executor://xunit/VsTestRunner2/netcoreapp" className="BL.Tests.CheckPermissionsServiceTests" name="AuthorizedHasNoAccessToAdminSkiPatrolFunctions" />
    </UnitTest>
    <UnitTest name="BL.Tests.UsersServiceTests.TestRegisterOk" storage="/mnt/c/users/alena/desktop/7_sem/testing_and_debugging/skiresort/bl.tests/bin/debug/net6.0/bl.tests.dll" id="0eeef75f-6e38-7893-a8fe-cff3e0a970a7">
      <Execution id="c18785a5-b5a9-4d64-b696-2e785ed42e16" />
      <TestMethod codeBase="/mnt/c/Users/alena/Desktop/7_sem/testing_and_debugging/SkiResort/BL.Tests/bin/Debug/net6.0/BL.Tests.dll" adapterTypeName="executor://xunit/VsTestRunner2/netcoreapp" className="BL.Tests.UsersServiceTests" name="TestRegisterOk" />
    </UnitTest>
    <UnitTest name="BL.Tests.CheckPermissionsServiceTests.UnauthorizedHasNoAccessToAuthorizedFunctions(functionName: &quot;LogOutAsync&quot;)" storage="/mnt/c/users/alena/desktop/7_sem/testing_and_debugging/skiresort/bl.tests/bin/debug/net6.0/bl.tests.dll" id="fa960c5e-f989-2880-784e-8efe538c5231">
      <Execution id="67bada08-ea53-4449-bfbe-f036cc7de6f2" />
      <TestMethod codeBase="/mnt/c/Users/alena/Desktop/7_sem/testing_and_debugging/SkiResort/BL.Tests/bin/Debug/net6.0/BL.Tests.dll" adapterTypeName="executor://xunit/VsTestRunner2/netcoreapp" className="BL.Tests.CheckPermissionsServiceTests" name="UnauthorizedHasNoAccessToAuthorizedFunctions" />
    </UnitTest>
    <UnitTest name="BL.Tests.LiftsSlopesServiceTests.TestGetLiftsSlopesInfoAsync(liftsSlopes: [LiftSlope { RecordID = 217, LiftID = 91, SlopeID = 194 }, LiftSlope { RecordID = 131, LiftID = 67, SlopeID = 99 }, LiftSlope { RecordID = 205, LiftID = 181, SlopeID = 82 }], slopesRepositoryStub: Mock&lt;ISlopesRepository:1&gt;, liftsRepositoryStub: Mock&lt;ILiftsRepository:6&gt;, liftsSlopesRepositoryStub: Mock&lt;ILiftsSlopesRepository:6&gt;)" storage="/mnt/c/users/alena/desktop/7_sem/testing_and_debugging/skiresort/bl.tests/bin/debug/net6.0/bl.tests.dll" id="e429852d-a6ed-7c2a-25fd-cd839b159d56">
      <Execution id="1694b984-5e4d-4833-b4b7-7936ae77f748" />
      <TestMethod codeBase="/mnt/c/Users/alena/Desktop/7_sem/testing_and_debugging/SkiResort/BL.Tests/bin/Debug/net6.0/BL.Tests.dll" adapterTypeName="executor://xunit/VsTestRunner2/netcoreapp" className="BL.Tests.LiftsSlopesServiceTests" name="TestGetLiftsSlopesInfoAsync" />
    </UnitTest>
    <UnitTest name="BL.Tests.LiftsServiceTest.TestAdminAddAutoIncrementLiftAsync(userID: 152, lift: Lift { LiftID = 134, LiftName = liftNamebfbca209-ae85-42e8-9f79-05a8f7ce6966, IsOpen = True, SeatsAmount = 56, LiftingTime = 82, QueueTime = 231, ConnectedSlopes =  }, checkPermissionServiceMock: Mock&lt;ICheckPermissionService:5&gt;, liftsRepositoryStub: Mock&lt;ILiftsRepository:5&gt;, sut: LiftsService { })" storage="/mnt/c/users/alena/desktop/7_sem/testing_and_debugging/skiresort/bl.tests/bin/debug/net6.0/bl.tests.dll" id="9b05fb85-3ce5-0687-08bf-cc07204b3237">
      <Execution id="796bfc56-7417-4c01-aee9-48acca635d37" />
      <TestMethod codeBase="/mnt/c/Users/alena/Desktop/7_sem/testing_and_debugging/SkiResort/BL.Tests/bin/Debug/net6.0/BL.Tests.dll" adapterTypeName="executor://xunit/VsTestRunner2/netcoreapp" className="BL.Tests.LiftsServiceTest" name="TestAdminAddAutoIncrementLiftAsync" />
    </UnitTest>
    <UnitTest name="BL.Tests.UsersServiceTests.TestAdminUpdateUser" storage="/mnt/c/users/alena/desktop/7_sem/testing_and_debugging/skiresort/bl.tests/bin/debug/net6.0/bl.tests.dll" id="06d0bc3a-24a0-fb7f-4277-e9ae6d21c7dd">
      <Execution id="67cf521c-22fc-48e6-974b-28014fffa4dc" />
      <TestMethod codeBase="/mnt/c/Users/alena/Desktop/7_sem/testing_and_debugging/SkiResort/BL.Tests/bin/Debug/net6.0/BL.Tests.dll" adapterTypeName="executor://xunit/VsTestRunner2/netcoreapp" className="BL.Tests.UsersServiceTests" name="TestAdminUpdateUser" />
    </UnitTest>
    <UnitTest name="BL.Tests.SlopesServiceTest.TestUpdateSlopeInfoAsync(userID: 223, slope: Slope { SlopeID = 215, SlopeName = slopeNamea2a7316c-6d6e-42c3-b2c9-358b25676074, IsOpen = True, DifficultyLevel = 193, ConnectedLifts =  }, checkPermissionServiceMock: Mock&lt;ICheckPermissionService:8&gt;, slopesRepositoryStub: Mock&lt;ISlopesRepository:6&gt;, sut: SlopesService { })" storage="/mnt/c/users/alena/desktop/7_sem/testing_and_debugging/skiresort/bl.tests/bin/debug/net6.0/bl.tests.dll" id="38ccc06c-21e1-168d-5357-ce0fbcaabd6d">
      <Execution id="982c2308-65fc-457b-9aed-5aa8cf580f8d" />
      <TestMethod codeBase="/mnt/c/Users/alena/Desktop/7_sem/testing_and_debugging/SkiResort/BL.Tests/bin/Debug/net6.0/BL.Tests.dll" adapterTypeName="executor://xunit/VsTestRunner2/netcoreapp" className="BL.Tests.SlopesServiceTest" name="TestUpdateSlopeInfoAsync" />
    </UnitTest>
    <UnitTest name="BL.Tests.UsersServiceTests.TestAdminGetUserByIDAsync" storage="/mnt/c/users/alena/desktop/7_sem/testing_and_debugging/skiresort/bl.tests/bin/debug/net6.0/bl.tests.dll" id="e5497347-2721-b7a6-0bd4-69a9921f6947">
      <Execution id="261e745e-b104-4230-ac51-0299854dfde4" />
      <TestMethod codeBase="/mnt/c/Users/alena/Desktop/7_sem/testing_and_debugging/SkiResort/BL.Tests/bin/Debug/net6.0/BL.Tests.dll" adapterTypeName="executor://xunit/VsTestRunner2/netcoreapp" className="BL.Tests.UsersServiceTests" name="TestAdminGetUserByIDAsync" />
    </UnitTest>
    <UnitTest name="BL.Tests.SlopesServiceTest.TestAdminAddAutoIncrementSlopeAsync(userID: 148, slope: Slope { SlopeID = 138, SlopeName = slopeNamea190f3c7-397b-48b2-8e10-2507c9af66da, IsOpen = True, DifficultyLevel = 29, ConnectedLifts =  }, checkPermissionServiceMock: Mock&lt;ICheckPermissionService:10&gt;, slopesRepositoryStub: Mock&lt;ISlopesRepository:8&gt;, sut: SlopesService { })" storage="/mnt/c/users/alena/desktop/7_sem/testing_and_debugging/skiresort/bl.tests/bin/debug/net6.0/bl.tests.dll" id="d9ed7b08-a5f7-de03-7ce6-7b072d4f398e">
      <Execution id="395b8a0e-b01d-482e-9a2b-72f36e989626" />
      <TestMethod codeBase="/mnt/c/Users/alena/Desktop/7_sem/testing_and_debugging/SkiResort/BL.Tests/bin/Debug/net6.0/BL.Tests.dll" adapterTypeName="executor://xunit/VsTestRunner2/netcoreapp" className="BL.Tests.SlopesServiceTest" name="TestAdminAddAutoIncrementSlopeAsync" />
    </UnitTest>
    <UnitTest name="BL.Tests.UsersServiceTests.TestAdminGetUsers" storage="/mnt/c/users/alena/desktop/7_sem/testing_and_debugging/skiresort/bl.tests/bin/debug/net6.0/bl.tests.dll" id="20ad8570-0170-85de-dcd7-2f109dd7bcd6">
      <Execution id="22589f18-fbf0-4e21-9b8e-7e7110626a0f" />
      <TestMethod codeBase="/mnt/c/Users/alena/Desktop/7_sem/testing_and_debugging/SkiResort/BL.Tests/bin/Debug/net6.0/BL.Tests.dll" adapterTypeName="executor://xunit/VsTestRunner2/netcoreapp" className="BL.Tests.UsersServiceTests" name="TestAdminGetUsers" />
    </UnitTest>
  </TestDefinitions>
  <TestEntries>
    <TestEntry testId="a1be71ef-585a-7896-5142-28a9f740f76e" executionId="0106b81d-e5fd-487f-ad76-a308f3090766" testListId="8c84fa94-04c1-424b-9868-57a2d4851a1d" />
    <TestEntry testId="eaabd2fc-2f4b-5689-59c8-c7ad34a8f634" executionId="192b59b9-0084-47ac-ba82-09d33bd5f091" testListId="8c84fa94-04c1-424b-9868-57a2d4851a1d" />
    <TestEntry testId="9c7df5e2-1b23-ebea-889f-b78ca86b60ab" executionId="fb77e2ca-9a40-41ff-a71e-625dc111ed84" testListId="8c84fa94-04c1-424b-9868-57a2d4851a1d" />
    <TestEntry testId="045f3ede-da8f-1181-ae37-18becbec685a" executionId="a197be3d-3b25-4f5f-beae-6a3c6ef7e7e2" testListId="8c84fa94-04c1-424b-9868-57a2d4851a1d" />
    <TestEntry testId="aa28a6b3-21d3-aa45-24d3-bef2facbc899" executionId="bd9c531d-db07-47ed-9552-85e967d73b2c" testListId="8c84fa94-04c1-424b-9868-57a2d4851a1d" />
    <TestEntry testId="a80fdf86-ebf5-62c7-957d-082a28e48af3" executionId="2f7c7f1d-b520-49aa-8d5d-cad8de8519bc" testListId="8c84fa94-04c1-424b-9868-57a2d4851a1d" />
    <TestEntry testId="f3efc418-a8a6-c7b7-9bac-90b33aa8472f" executionId="e46a5e34-44fd-4980-b9bd-70d053d10a67" testListId="8c84fa94-04c1-424b-9868-57a2d4851a1d" />
    <TestEntry testId="008ef7d1-5cca-dd83-fab9-bd15e635483a" executionId="07414ad5-33a5-4d0e-a8b1-4ce7cd215abd" testListId="8c84fa94-04c1-424b-9868-57a2d4851a1d" />
    <TestEntry testId="60bd668f-04df-da5e-b79b-5d9aedb5234d" executionId="555328f1-9338-4a75-b154-6918fc88dcef" testListId="8c84fa94-04c1-424b-9868-57a2d4851a1d" />
    <TestEntry testId="06d0bc3a-24a0-fb7f-4277-e9ae6d21c7dd" executionId="67cf521c-22fc-48e6-974b-28014fffa4dc" testListId="8c84fa94-04c1-424b-9868-57a2d4851a1d" />
    <TestEntry testId="e429852d-a6ed-7c2a-25fd-cd839b159d56" executionId="1694b984-5e4d-4833-b4b7-7936ae77f748" testListId="8c84fa94-04c1-424b-9868-57a2d4851a1d" />
    <TestEntry testId="fa960c5e-f989-2880-784e-8efe538c5231" executionId="67bada08-ea53-4449-bfbe-f036cc7de6f2" testListId="8c84fa94-04c1-424b-9868-57a2d4851a1d" />
    <TestEntry testId="1947ec99-4a05-200d-bd02-0a5bb3c1ad1c" executionId="31a08158-5d39-4687-bfd3-af560a907697" testListId="8c84fa94-04c1-424b-9868-57a2d4851a1d" />
    <TestEntry testId="d9ed7b08-a5f7-de03-7ce6-7b072d4f398e" executionId="395b8a0e-b01d-482e-9a2b-72f36e989626" testListId="8c84fa94-04c1-424b-9868-57a2d4851a1d" />
    <TestEntry testId="65bf89ec-4bb6-2380-eda9-83a814dcbf07" executionId="44fd9827-c225-4a1d-8294-f99d690ba1a8" testListId="8c84fa94-04c1-424b-9868-57a2d4851a1d" />
    <TestEntry testId="8500519d-2795-6f87-2422-cac5454af20f" executionId="f68257b0-8b03-4b5f-b5e2-3945dd87dfce" testListId="8c84fa94-04c1-424b-9868-57a2d4851a1d" />
    <TestEntry testId="18fa8c62-e27d-e1fc-8182-4d7db62b008d" executionId="fe5c17bb-14ad-474c-8f95-b7fe74a68d9a" testListId="8c84fa94-04c1-424b-9868-57a2d4851a1d" />
    <TestEntry testId="8184bd30-991c-b78d-b4ec-99a485eac0dd" executionId="933fcdb2-db00-4f75-92f0-a0be0f03ff27" testListId="8c84fa94-04c1-424b-9868-57a2d4851a1d" />
    <TestEntry testId="e2d7e5be-3dae-33ae-fb17-c704b6fd58d6" executionId="1cb5203e-b19d-4321-9661-4549e197023b" testListId="8c84fa94-04c1-424b-9868-57a2d4851a1d" />
    <TestEntry testId="a19a5fcf-c5d2-7d44-5d7d-84403042f4e0" executionId="42cccfc0-4bad-43a8-9dd6-5ab44d30dc30" testListId="8c84fa94-04c1-424b-9868-57a2d4851a1d" />
    <TestEntry testId="492c0393-35b4-df26-a537-21ca08302f3c" executionId="a10b7b57-4e46-452c-9b5e-a63dd2f0101d" testListId="8c84fa94-04c1-424b-9868-57a2d4851a1d" />
    <TestEntry testId="801d83bb-5d92-b62a-572f-865d47821d95" executionId="d48877e9-a35d-42ab-900f-8f2539e7ee89" testListId="8c84fa94-04c1-424b-9868-57a2d4851a1d" />
    <TestEntry testId="69340bb6-3645-f9dd-971e-29d8b2a009bb" executionId="59fe7789-1cd8-44bc-8352-3269949f8cb1" testListId="8c84fa94-04c1-424b-9868-57a2d4851a1d" />
    <TestEntry testId="f44a1b21-8efc-bfac-63b4-d534442def31" executionId="ef827763-929b-477b-982b-bc0a00452a70" testListId="8c84fa94-04c1-424b-9868-57a2d4851a1d" />
    <TestEntry testId="387c9729-48c1-486e-5e67-f5d11a9f0db8" executionId="19b5db80-1a90-4d34-98b5-670a8a9e47c3" testListId="8c84fa94-04c1-424b-9868-57a2d4851a1d" />
    <TestEntry testId="443f751b-c46e-a877-bafd-0f3d55a256fe" executionId="258cb57d-e21d-4098-8553-def78abc24fe" testListId="8c84fa94-04c1-424b-9868-57a2d4851a1d" />
    <TestEntry testId="834c739b-eca4-b36d-6a66-5a1bd75377b8" executionId="845f00a3-6fdb-47a4-a81c-2c9ac1ff17ea" testListId="8c84fa94-04c1-424b-9868-57a2d4851a1d" />
    <TestEntry testId="fecc427d-e82b-22a5-b05e-f20ecdca5a48" executionId="c0d0aa2d-48e5-4c54-b8bc-4681172ea43f" testListId="8c84fa94-04c1-424b-9868-57a2d4851a1d" />
    <TestEntry testId="894941c1-bfa7-d8f9-c047-1e1ceefe2c2f" executionId="9dd4eeac-7b3d-401c-b200-9c24c6f3ec35" testListId="8c84fa94-04c1-424b-9868-57a2d4851a1d" />
    <TestEntry testId="0eeef75f-6e38-7893-a8fe-cff3e0a970a7" executionId="c18785a5-b5a9-4d64-b696-2e785ed42e16" testListId="8c84fa94-04c1-424b-9868-57a2d4851a1d" />
    <TestEntry testId="c374edf8-7151-1511-98cf-0df71e5d8eb5" executionId="87edb414-a804-4234-b746-49773474c8ba" testListId="8c84fa94-04c1-424b-9868-57a2d4851a1d" />
    <TestEntry testId="20ad8570-0170-85de-dcd7-2f109dd7bcd6" executionId="22589f18-fbf0-4e21-9b8e-7e7110626a0f" testListId="8c84fa94-04c1-424b-9868-57a2d4851a1d" />
    <TestEntry testId="644ec43e-70cd-c82d-42e7-0d990be1414d" executionId="bc62c2fb-ae9f-4e18-b9e0-53e83f045f64" testListId="8c84fa94-04c1-424b-9868-57a2d4851a1d" />
    <TestEntry testId="9b05fb85-3ce5-0687-08bf-cc07204b3237" executionId="796bfc56-7417-4c01-aee9-48acca635d37" testListId="8c84fa94-04c1-424b-9868-57a2d4851a1d" />
    <TestEntry testId="1ca07ad8-f799-c5d4-e7cc-34fd950198a2" executionId="a2dba71b-c756-48a4-b30c-56012c41a39f" testListId="8c84fa94-04c1-424b-9868-57a2d4851a1d" />
    <TestEntry testId="2bc088a2-61e4-caee-87b0-39d1408ffdbb" executionId="132421b6-30bf-40c1-bf53-afb1eb77abc0" testListId="8c84fa94-04c1-424b-9868-57a2d4851a1d" />
    <TestEntry testId="c36970dc-93f7-753e-fa47-157133b01644" executionId="c38fab0a-2803-44ae-b4fb-cb4d5f282840" testListId="8c84fa94-04c1-424b-9868-57a2d4851a1d" />
    <TestEntry testId="3f2e2570-8ec9-b7f4-88ee-11f635b8f21a" executionId="ce4358ea-7236-4cc1-b5d2-5853f5438343" testListId="8c84fa94-04c1-424b-9868-57a2d4851a1d" />
    <TestEntry testId="74f4c7ab-8704-a812-ac2f-b40d6a532cc0" executionId="0280753c-6fe1-476a-bb3a-aebb9aee73a4" testListId="8c84fa94-04c1-424b-9868-57a2d4851a1d" />
    <TestEntry testId="e5497347-2721-b7a6-0bd4-69a9921f6947" executionId="261e745e-b104-4230-ac51-0299854dfde4" testListId="8c84fa94-04c1-424b-9868-57a2d4851a1d" />
    <TestEntry testId="4f297306-d4f3-8d63-e7f4-1ac0b8c58c74" executionId="11b8826f-6c8b-4d7c-96a9-ad0d6beff973" testListId="8c84fa94-04c1-424b-9868-57a2d4851a1d" />
    <TestEntry testId="38ccc06c-21e1-168d-5357-ce0fbcaabd6d" executionId="982c2308-65fc-457b-9aed-5aa8cf580f8d" testListId="8c84fa94-04c1-424b-9868-57a2d4851a1d" />
    <TestEntry testId="a2e59116-cb53-1d70-9cb8-21c286516866" executionId="14e558fc-6ffb-4749-8f78-db6b85d23eb8" testListId="8c84fa94-04c1-424b-9868-57a2d4851a1d" />
    <TestEntry testId="2ae0c7da-9c88-b178-c15c-d8c8f7bdb817" executionId="6d6477bb-0275-4c71-b2eb-561e73e2bfdd" testListId="8c84fa94-04c1-424b-9868-57a2d4851a1d" />
    <TestEntry testId="2602613f-c8e2-a6d9-fcf7-5b27d4a770a6" executionId="070d5aec-6ad2-4146-8786-72bd00a042c5" testListId="8c84fa94-04c1-424b-9868-57a2d4851a1d" />
    <TestEntry testId="229812f5-9a73-5335-11f5-31330d1348a5" executionId="7681371d-2d6c-4b22-8a61-9c37b14f6048" testListId="8c84fa94-04c1-424b-9868-57a2d4851a1d" />
    <TestEntry testId="2d706594-f2b3-b3c8-21d4-86c9798c3306" executionId="f15022b2-d081-4870-892e-8479115d2019" testListId="8c84fa94-04c1-424b-9868-57a2d4851a1d" />
  </TestEntries>
  <TestLists>
    <TestList name="Results Not in a List" id="8c84fa94-04c1-424b-9868-57a2d4851a1d" />
    <TestList name="All Loaded Results" id="19431567-8539-422a-85d7-44ee4e166bda" />
  </TestLists>
  <ResultSummary outcome="Completed">
    <Counters total="47" executed="47" passed="47" failed="0" error="0" timeout="0" aborted="0" inconclusive="0" passedButRunAborted="0" notRunnable="0" notExecuted="0" disconnected="0" warning="0" completed="0" inProgress="0" pending="0" />
    <Output>
      <StdOut>[xUnit.net 00:00:00.00] xUnit.net VSTest Adapter v2.4.5+1caef2f33e (64-bit .NET 6.0.10)
[xUnit.net 00:00:00.79]   Discovering: BL.Tests
[xUnit.net 00:00:00.99]   Discovered:  BL.Tests
[xUnit.net 00:00:00.99]   Starting:    BL.Tests
[xUnit.net 00:00:01.45]   Finished:    BL.Tests
</StdOut>
    </Output>
  </ResultSummary>
</TestRun>