<?xml version="1.0" encoding="utf-8"?>
<TestRun id="5aa214c1-e72f-4c10-8763-cd624c993005" name="@DESKTOP-TJ9D65N 2022-11-03 11:18:02" xmlns="http://microsoft.com/schemas/VisualStudio/TeamTest/2010">
  <Times creation="2022-11-03T11:18:02.3730142+03:00" queuing="2022-11-03T11:18:02.3730143+03:00" start="2022-11-03T11:17:59.9874132+03:00" finish="2022-11-03T11:18:02.5620360+03:00" />
  <TestSettings name="default" id="341cc933-6c38-42d9-b516-0d71cea331c7">
    <Deployment runDeploymentRoot="_DESKTOP-TJ9D65N_2022-11-03_11_18_02" />
  </TestSettings>
  <Results>
    <UnitTestResult executionId="523b941e-3123-4364-a98d-8e38dab92dd5" testId="22ab3621-d621-978d-625e-17b52fd1eea2" testName="BL.Tests.TurnstilesServiceTest.TestAdminDeleteTurnstileAsync(userID: 11, turnstile: Turnstile { TurnstileID = 24, LiftID = 118, IsOpen = True }, checkPermissionServiceMock: Mock&lt;ICheckPermissionService:15&gt;, turnstilesRepositoryStub: Mock&lt;ITurnstilesRepository:9&gt;, sut: TurnstilesService { })" computerName="DESKTOP-TJ9D65N" duration="00:00:00.0363714" startTime="2022-11-03T11:18:02.2273894+03:00" endTime="2022-11-03T11:18:02.2273895+03:00" testType="13cdc9d9-ddb5-4fa4-a97d-d965ccfc6d4b" outcome="Passed" testListId="8c84fa94-04c1-424b-9868-57a2d4851a1d" relativeResultsDirectory="523b941e-3123-4364-a98d-8e38dab92dd5" />
    <UnitTestResult executionId="666d5723-aad0-40ab-ba5f-71ccd1edd55e" testId="95ef884e-fc98-2fc4-8149-b5cdead9c69c" testName="BL.Tests.SlopesServiceTest.TestUpdateSlopeInfoAsync(userID: 79, slope: Slope { SlopeID = 96, SlopeName = slopeNamed0b67ce6-1087-46bc-9f0b-d3ea1db7ce92, IsOpen = True, DifficultyLevel = 233, ConnectedLifts =  }, checkPermissionServiceMock: Mock&lt;ICheckPermissionService:8&gt;, slopesRepositoryStub: Mock&lt;ISlopesRepository:6&gt;, sut: SlopesService { })" computerName="DESKTOP-TJ9D65N" duration="00:00:00.0375519" startTime="2022-11-03T11:18:02.2229708+03:00" endTime="2022-11-03T11:18:02.2230093+03:00" testType="13cdc9d9-ddb5-4fa4-a97d-d965ccfc6d4b" outcome="Passed" testListId="8c84fa94-04c1-424b-9868-57a2d4851a1d" relativeResultsDirectory="666d5723-aad0-40ab-ba5f-71ccd1edd55e" />
    <UnitTestResult executionId="0a11ea6a-2c44-48ca-922f-ac32d3cde23e" testId="aa28a6b3-21d3-aa45-24d3-bef2facbc899" testName="BL.Tests.CheckPermissionsServiceTests.AuthorizedHasAccessToAuthorizedFunctions(functionName: &quot;LogOutAsync&quot;)" computerName="DESKTOP-TJ9D65N" duration="00:00:00.0009581" startTime="2022-11-03T11:18:02.4469735+03:00" endTime="2022-11-03T11:18:02.4469736+03:00" testType="13cdc9d9-ddb5-4fa4-a97d-d965ccfc6d4b" outcome="Passed" testListId="8c84fa94-04c1-424b-9868-57a2d4851a1d" relativeResultsDirectory="0a11ea6a-2c44-48ca-922f-ac32d3cde23e" />
    <UnitTestResult executionId="6887a326-d775-4dc8-9376-1a1d10648732" testId="fa960c5e-f989-2880-784e-8efe538c5231" testName="BL.Tests.CheckPermissionsServiceTests.UnauthorizedHasNoAccessToAuthorizedFunctions(functionName: &quot;LogOutAsync&quot;)" computerName="DESKTOP-TJ9D65N" duration="00:00:00.0018085" startTime="2022-11-03T11:18:02.3322758+03:00" endTime="2022-11-03T11:18:02.3322759+03:00" testType="13cdc9d9-ddb5-4fa4-a97d-d965ccfc6d4b" outcome="Passed" testListId="8c84fa94-04c1-424b-9868-57a2d4851a1d" relativeResultsDirectory="6887a326-d775-4dc8-9376-1a1d10648732" />
    <UnitTestResult executionId="7e84c0aa-25f3-4170-b0fd-ab8687a850d4" testId="894941c1-bfa7-d8f9-c047-1e1ceefe2c2f" testName="BL.Tests.UsersServiceTests.TestRegisterUserWithRepeatedEmail" computerName="DESKTOP-TJ9D65N" duration="00:00:00.0039313" startTime="2022-11-03T11:18:02.3313968+03:00" endTime="2022-11-03T11:18:02.3313968+03:00" testType="13cdc9d9-ddb5-4fa4-a97d-d965ccfc6d4b" outcome="Passed" testListId="8c84fa94-04c1-424b-9868-57a2d4851a1d" relativeResultsDirectory="7e84c0aa-25f3-4170-b0fd-ab8687a850d4" />
    <UnitTestResult executionId="f445a668-d9a1-44c0-acd7-661caf800254" testId="e5497347-2721-b7a6-0bd4-69a9921f6947" testName="BL.Tests.UsersServiceTests.TestAdminGetUserByIDAsync" computerName="DESKTOP-TJ9D65N" duration="00:00:00.0035590" startTime="2022-11-03T11:18:02.4265768+03:00" endTime="2022-11-03T11:18:02.4265768+03:00" testType="13cdc9d9-ddb5-4fa4-a97d-d965ccfc6d4b" outcome="Passed" testListId="8c84fa94-04c1-424b-9868-57a2d4851a1d" relativeResultsDirectory="f445a668-d9a1-44c0-acd7-661caf800254" />
    <UnitTestResult executionId="73f8b0d7-9ede-44c6-be22-af21026c7fc6" testId="229812f5-9a73-5335-11f5-31330d1348a5" testName="BL.Tests.CheckPermissionsServiceTests.UnauthorizedHasNoAccessToAdminSkiPatrolFunctions(functionName: &quot;GetMessagesAsync&quot;)" computerName="DESKTOP-TJ9D65N" duration="00:00:00.0020707" startTime="2022-11-03T11:18:02.3281924+03:00" endTime="2022-11-03T11:18:02.3281925+03:00" testType="13cdc9d9-ddb5-4fa4-a97d-d965ccfc6d4b" outcome="Passed" testListId="8c84fa94-04c1-424b-9868-57a2d4851a1d" relativeResultsDirectory="73f8b0d7-9ede-44c6-be22-af21026c7fc6" />
    <UnitTestResult executionId="b171f959-3cb4-4abe-8643-e26a208ab3ba" testId="2be77026-0989-eb3c-608a-b60484003f72" testName="BL.Tests.TurnstilesServiceTest.TestAdminUpdateTurnstileAsync(userID: 25, turnstile: Turnstile { TurnstileID = 156, LiftID = 198, IsOpen = True }, checkPermissionServiceMock: Mock&lt;ICheckPermissionService:14&gt;, turnstilesRepositoryStub: Mock&lt;ITurnstilesRepository:8&gt;, sut: TurnstilesService { })" computerName="DESKTOP-TJ9D65N" duration="00:00:00.0061318" startTime="2022-11-03T11:18:02.3542279+03:00" endTime="2022-11-03T11:18:02.3542280+03:00" testType="13cdc9d9-ddb5-4fa4-a97d-d965ccfc6d4b" outcome="Passed" testListId="8c84fa94-04c1-424b-9868-57a2d4851a1d" relativeResultsDirectory="b171f959-3cb4-4abe-8643-e26a208ab3ba" />
    <UnitTestResult executionId="4eb28c44-2f6a-452e-ba5f-42204b93c3fb" testId="9527c0eb-1ac4-19b2-af8b-86d9f05c2753" testName="BL.Tests.TurnstilesServiceTest.TestAdminAddAutoIncrementTurnstileAsync(userID: 198, turnstile: Turnstile { TurnstileID = 220, LiftID = 132, IsOpen = True }, checkPermissionServiceMock: Mock&lt;ICheckPermissionService:16&gt;, turnstilesRepositoryStub: Mock&lt;ITurnstilesRepository:10&gt;, sut: TurnstilesService { })" computerName="DESKTOP-TJ9D65N" duration="00:00:00.0097618" startTime="2022-11-03T11:18:02.3272358+03:00" endTime="2022-11-03T11:18:02.3272359+03:00" testType="13cdc9d9-ddb5-4fa4-a97d-d965ccfc6d4b" outcome="Passed" testListId="8c84fa94-04c1-424b-9868-57a2d4851a1d" relativeResultsDirectory="4eb28c44-2f6a-452e-ba5f-42204b93c3fb" />
    <UnitTestResult executionId="beac656f-6c64-4ddb-a96e-163a7331d080" testId="891136a4-da9f-c620-a400-dac83f687bcf" testName="BL.Tests.SlopesServiceTest.TestGetSlopeInfoAsync(userID: 233, slope: Slope { SlopeID = 54, SlopeName = slopeName44366aec-b3f0-4f2c-acf8-e253a8f8c245, IsOpen = True, DifficultyLevel = 55, ConnectedLifts =  }, checkPermissionServiceMock: Mock&lt;ICheckPermissionService:6&gt;, slopesRepositoryStub: Mock&lt;ISlopesRepository:4&gt;, liftsSlopesRepositoryStub: Mock&lt;ILiftsSlopesRepository:9&gt;, sut: SlopesService { })" computerName="DESKTOP-TJ9D65N" duration="00:00:00.0099053" startTime="2022-11-03T11:18:02.3272006+03:00" endTime="2022-11-03T11:18:02.3272006+03:00" testType="13cdc9d9-ddb5-4fa4-a97d-d965ccfc6d4b" outcome="Passed" testListId="8c84fa94-04c1-424b-9868-57a2d4851a1d" relativeResultsDirectory="beac656f-6c64-4ddb-a96e-163a7331d080" />
    <UnitTestResult executionId="8cf0c6ed-0e24-4bd7-8d97-58eebe348a9a" testId="20ad8570-0170-85de-dcd7-2f109dd7bcd6" testName="BL.Tests.UsersServiceTests.TestAdminGetUsers" computerName="DESKTOP-TJ9D65N" duration="00:00:00.0428704" startTime="2022-11-03T11:18:02.2274450+03:00" endTime="2022-11-03T11:18:02.2274450+03:00" testType="13cdc9d9-ddb5-4fa4-a97d-d965ccfc6d4b" outcome="Passed" testListId="8c84fa94-04c1-424b-9868-57a2d4851a1d" relativeResultsDirectory="8cf0c6ed-0e24-4bd7-8d97-58eebe348a9a" />
    <UnitTestResult executionId="b96b1c46-d5dc-4050-b814-bd9369d273a7" testId="2602613f-c8e2-a6d9-fcf7-5b27d4a770a6" testName="BL.Tests.CheckPermissionsServiceTests.AuthorizedHasNoAccessToAdminSkiPatrolFunctions(functionName: &quot;GetMessagesAsync&quot;)" computerName="DESKTOP-TJ9D65N" duration="00:00:00.0029175" startTime="2022-11-03T11:18:02.4096284+03:00" endTime="2022-11-03T11:18:02.4096284+03:00" testType="13cdc9d9-ddb5-4fa4-a97d-d965ccfc6d4b" outcome="Passed" testListId="8c84fa94-04c1-424b-9868-57a2d4851a1d" relativeResultsDirectory="b96b1c46-d5dc-4050-b814-bd9369d273a7" />
    <UnitTestResult executionId="e022fe2c-200f-4211-bf3b-fadbd2eeee67" testId="f25aa3e2-1359-f800-dc94-4b39ad11b554" testName="BL.Tests.SlopesServiceTest.TestGetSlopesInfoAsync(userID: 229, initialSlopes: [Slope { SlopeID = 104, SlopeName = slopeName9d262013-47c0-4272-8097-a0f7e50721f8, IsOpen = True, DifficultyLevel = 90, ConnectedLifts =  }, Slope { SlopeID = 210, SlopeName = slopeName4f7ee725-d971-4fd4-92ea-b4235eb4f302, IsOpen = False, DifficultyLevel = 211, ConnectedLifts =  }, Slope { SlopeID = 68, SlopeName = slopeName2c25872b-c252-4e72-8416-e1fe63358085, IsOpen = True, DifficultyLevel = 204, ConnectedLifts =  }], checkPermissionServiceMock: Mock&lt;ICheckPermissionService:7&gt;, slopesRepositoryStub: Mock&lt;ISlopesRepository:5&gt;, liftsSlopesRepositoryStub: Mock&lt;ILiftsSlopesRepository:10&gt;, sut: SlopesService { })" computerName="DESKTOP-TJ9D65N" duration="00:00:00.0108295" startTime="2022-11-03T11:18:02.3763392+03:00" endTime="2022-11-03T11:18:02.3763393+03:00" testType="13cdc9d9-ddb5-4fa4-a97d-d965ccfc6d4b" outcome="Passed" testListId="8c84fa94-04c1-424b-9868-57a2d4851a1d" relativeResultsDirectory="e022fe2c-200f-4211-bf3b-fadbd2eeee67" />
    <UnitTestResult executionId="d719bd18-e45f-43b2-b124-a39913b2aa3a" testId="7588f605-dfb7-e439-1c4e-c201c56e2135" testName="BL.Tests.LiftsServiceTest.TestAdminDeleteLiftAsync(userID: 224, lift: Lift { LiftID = 179, LiftName = liftNamebabbc867-7738-4158-9c4d-67f3579015f9, IsOpen = True, SeatsAmount = 244, LiftingTime = 78, QueueTime = 217, ConnectedSlopes =  }, checkPermissionServiceMock: Mock&lt;ICheckPermissionService:4&gt;, liftsRepositoryStub: Mock&lt;ILiftsRepository:4&gt;, liftsSlopesRepositoryStub: Mock&lt;ILiftsSlopesRepository:4&gt;, sut: LiftsService { })" computerName="DESKTOP-TJ9D65N" duration="00:00:00.0109824" startTime="2022-11-03T11:18:02.3837716+03:00" endTime="2022-11-03T11:18:02.3837717+03:00" testType="13cdc9d9-ddb5-4fa4-a97d-d965ccfc6d4b" outcome="Passed" testListId="8c84fa94-04c1-424b-9868-57a2d4851a1d" relativeResultsDirectory="d719bd18-e45f-43b2-b124-a39913b2aa3a" />
    <UnitTestResult executionId="ffbf5c80-f51f-475f-a6b6-725132baf067" testId="18fa8c62-e27d-e1fc-8182-4d7db62b008d" testName="BL.Tests.UsersServiceTests.TestAdminDeleteUser" computerName="DESKTOP-TJ9D65N" duration="00:00:00.0025883" startTime="2022-11-03T11:18:02.4370131+03:00" endTime="2022-11-03T11:18:02.4370132+03:00" testType="13cdc9d9-ddb5-4fa4-a97d-d965ccfc6d4b" outcome="Passed" testListId="8c84fa94-04c1-424b-9868-57a2d4851a1d" relativeResultsDirectory="ffbf5c80-f51f-475f-a6b6-725132baf067" />
    <UnitTestResult executionId="94f11f15-d0a0-4f8b-b2f7-9b697b971ff7" testId="7bb81c83-ac48-0157-be27-dc5d71f313d7" testName="BL.Tests.SlopesServiceTest.TestAdminAddAutoIncrementSlopeAsync(userID: 242, slope: Slope { SlopeID = 168, SlopeName = slopeName4851f601-5dcb-46b8-8bab-d208f2d32113, IsOpen = True, DifficultyLevel = 186, ConnectedLifts =  }, checkPermissionServiceMock: Mock&lt;ICheckPermissionService:10&gt;, slopesRepositoryStub: Mock&lt;ISlopesRepository:8&gt;, sut: SlopesService { })" computerName="DESKTOP-TJ9D65N" duration="00:00:00.0084203" startTime="2022-11-03T11:18:02.3313333+03:00" endTime="2022-11-03T11:18:02.3313333+03:00" testType="13cdc9d9-ddb5-4fa4-a97d-d965ccfc6d4b" outcome="Passed" testListId="8c84fa94-04c1-424b-9868-57a2d4851a1d" relativeResultsDirectory="94f11f15-d0a0-4f8b-b2f7-9b697b971ff7" />
    <UnitTestResult executionId="2bbfde25-e003-4825-94f4-0f35a026bd3c" testId="387c9729-48c1-486e-5e67-f5d11a9f0db8" testName="BL.Tests.CheckPermissionsServiceTests.UnauthorizedHasNoAccessToAdminSkiPatrolFunctions(functionName: &quot;GetLiftsSlopesInfoAsync&quot;)" computerName="DESKTOP-TJ9D65N" duration="00:00:00.0016866" startTime="2022-11-03T11:18:02.3262369+03:00" endTime="2022-11-03T11:18:02.3262370+03:00" testType="13cdc9d9-ddb5-4fa4-a97d-d965ccfc6d4b" outcome="Passed" testListId="8c84fa94-04c1-424b-9868-57a2d4851a1d" relativeResultsDirectory="2bbfde25-e003-4825-94f4-0f35a026bd3c" />
    <UnitTestResult executionId="4adc7dd6-d005-42b4-86e7-663845a27dda" testId="644ec43e-70cd-c82d-42e7-0d990be1414d" testName="BL.Tests.CheckPermissionsServiceTests.AuthorizedHasAccessToAuthorizedFunctions(functionName: &quot;SendMessageAsync&quot;)" computerName="DESKTOP-TJ9D65N" duration="00:00:00.0019729" startTime="2022-11-03T11:18:02.4388002+03:00" endTime="2022-11-03T11:18:02.4388002+03:00" testType="13cdc9d9-ddb5-4fa4-a97d-d965ccfc6d4b" outcome="Passed" testListId="8c84fa94-04c1-424b-9868-57a2d4851a1d" relativeResultsDirectory="4adc7dd6-d005-42b4-86e7-663845a27dda" />
    <UnitTestResult executionId="e9b6d1af-93e4-4932-9231-140133d0e5dd" testId="2d706594-f2b3-b3c8-21d4-86c9798c3306" testName="BL.Tests.CheckPermissionsServiceTests.SkiPatrolHasAccessToAdminSkiPatrolFunctions(functionName: &quot;GetLiftsSlopesInfoAsync&quot;)" computerName="DESKTOP-TJ9D65N" duration="00:00:00.0068748" startTime="2022-11-03T11:18:02.3500598+03:00" endTime="2022-11-03T11:18:02.3500600+03:00" testType="13cdc9d9-ddb5-4fa4-a97d-d965ccfc6d4b" outcome="Passed" testListId="8c84fa94-04c1-424b-9868-57a2d4851a1d" relativeResultsDirectory="e9b6d1af-93e4-4932-9231-140133d0e5dd" />
    <UnitTestResult executionId="fe5086bd-156b-4d87-b8c8-a42e2eb1f39d" testId="834c739b-eca4-b36d-6a66-5a1bd75377b8" testName="BL.Tests.UsersServiceTests.TestAdminAddAutoIncrementUser" computerName="DESKTOP-TJ9D65N" duration="00:00:00.0068145" startTime="2022-11-03T11:18:02.4147554+03:00" endTime="2022-11-03T11:18:02.4147555+03:00" testType="13cdc9d9-ddb5-4fa4-a97d-d965ccfc6d4b" outcome="Passed" testListId="8c84fa94-04c1-424b-9868-57a2d4851a1d" relativeResultsDirectory="fe5086bd-156b-4d87-b8c8-a42e2eb1f39d" />
    <UnitTestResult executionId="053ecede-40b8-4adf-9272-e33148e4c0fd" testId="a19a5fcf-c5d2-7d44-5d7d-84403042f4e0" testName="BL.Tests.CheckPermissionsServiceTests.UnauthorizedHasNoAccessToAdminSkiPatrolFunctions(functionName: &quot;MarkMessageReadByUserAsync&quot;)" computerName="DESKTOP-TJ9D65N" duration="00:00:00.0363212" startTime="2022-11-03T11:18:02.2273486+03:00" endTime="2022-11-03T11:18:02.2273486+03:00" testType="13cdc9d9-ddb5-4fa4-a97d-d965ccfc6d4b" outcome="Passed" testListId="8c84fa94-04c1-424b-9868-57a2d4851a1d" relativeResultsDirectory="053ecede-40b8-4adf-9272-e33148e4c0fd" />
    <UnitTestResult executionId="a7062161-006d-4c06-b7bc-8a50e91a3561" testId="b6e7fab3-0124-c632-5e11-3fb82d6971d3" testName="BL.Tests.SlopesServiceTest.TestAdminAddSlopeAsync(userID: 132, slope: Slope { SlopeID = 121, SlopeName = slopeNamec847b6da-4ea8-47d0-ba49-31e3b90fd932, IsOpen = True, DifficultyLevel = 4, ConnectedLifts =  }, checkPermissionServiceMock: Mock&lt;ICheckPermissionService:11&gt;, slopesRepositoryStub: Mock&lt;ISlopesRepository:9&gt;, sut: SlopesService { })" computerName="DESKTOP-TJ9D65N" duration="00:00:00.0073713" startTime="2022-11-03T11:18:02.3347874+03:00" endTime="2022-11-03T11:18:02.3347875+03:00" testType="13cdc9d9-ddb5-4fa4-a97d-d965ccfc6d4b" outcome="Passed" testListId="8c84fa94-04c1-424b-9868-57a2d4851a1d" relativeResultsDirectory="a7062161-006d-4c06-b7bc-8a50e91a3561" />
    <UnitTestResult executionId="0a1516de-7413-4de0-b0b1-953c86efb43d" testId="47c272fc-9cb4-046e-a6d6-6cc73d84db2e" testName="BL.Tests.LiftsSlopesServiceTests.TestAdminDeleteLiftSlopeAsync(lift: Lift { LiftID = 151, LiftName = liftNameaed767a6-45a7-4f02-9041-329b72f0658f, IsOpen = True, SeatsAmount = 18, LiftingTime = 166, QueueTime = 87, ConnectedSlopes =  }, slope: Slope { SlopeID = 52, SlopeName = slopeNameb50f2d42-a4b0-4e2c-ae87-16f20c1fd970, IsOpen = False, DifficultyLevel = 194, ConnectedLifts =  }, slopesRepositoryStub: Mock&lt;ISlopesRepository:2&gt;, liftsRepositoryStub: Mock&lt;ILiftsRepository:7&gt;, liftsSlopesRepositoryStub: Mock&lt;ILiftsSlopesRepository:7&gt;)" computerName="DESKTOP-TJ9D65N" duration="00:00:00.0062470" startTime="2022-11-03T11:18:02.3296810+03:00" endTime="2022-11-03T11:18:02.3296811+03:00" testType="13cdc9d9-ddb5-4fa4-a97d-d965ccfc6d4b" outcome="Passed" testListId="8c84fa94-04c1-424b-9868-57a2d4851a1d" relativeResultsDirectory="0a1516de-7413-4de0-b0b1-953c86efb43d" />
    <UnitTestResult executionId="cb1d1ae9-6f1c-4c41-8538-03661573bef8" testId="f44a1b21-8efc-bfac-63b4-d534442def31" testName="BL.Tests.UsersServiceTests.TestRegisterUserWithNoPassword" computerName="DESKTOP-TJ9D65N" duration="00:00:00.0014725" startTime="2022-11-03T11:18:02.3282153+03:00" endTime="2022-11-03T11:18:02.3282153+03:00" testType="13cdc9d9-ddb5-4fa4-a97d-d965ccfc6d4b" outcome="Passed" testListId="8c84fa94-04c1-424b-9868-57a2d4851a1d" relativeResultsDirectory="cb1d1ae9-6f1c-4c41-8538-03661573bef8" />
    <UnitTestResult executionId="026a54dc-af92-41d1-8961-0bdf964c62e9" testId="9c7df5e2-1b23-ebea-889f-b78ca86b60ab" testName="BL.Tests.CheckPermissionsServiceTests.AuthorizedHasNoAccessToAdminSkiPatrolFunctions(functionName: &quot;MarkMessageReadByUserAsync&quot;)" computerName="DESKTOP-TJ9D65N" duration="00:00:00.0011865" startTime="2022-11-03T11:18:02.4190022+03:00" endTime="2022-11-03T11:18:02.4190022+03:00" testType="13cdc9d9-ddb5-4fa4-a97d-d965ccfc6d4b" outcome="Passed" testListId="8c84fa94-04c1-424b-9868-57a2d4851a1d" relativeResultsDirectory="026a54dc-af92-41d1-8961-0bdf964c62e9" />
    <UnitTestResult executionId="54d333da-1246-42e3-b4c2-5fb75edf239d" testId="4043b9e8-7b6a-7eab-e19d-16927b5b9f38" testName="BL.Tests.SlopesServiceTest.TestAdminDeleteSlopeAsync(userID: 89, slope: Slope { SlopeID = 182, SlopeName = slopeNamea6432aae-a32e-4eba-a1ab-a2282bdddd6f, IsOpen = True, DifficultyLevel = 7, ConnectedLifts =  }, checkPermissionServiceMock: Mock&lt;ICheckPermissionService:9&gt;, slopesRepositoryStub: Mock&lt;ISlopesRepository:7&gt;, liftsSlopesRepositoryStub: Mock&lt;ILiftsSlopesRepository:12&gt;, sut: SlopesService { })" computerName="DESKTOP-TJ9D65N" duration="00:00:00.0063448" startTime="2022-11-03T11:18:02.3525918+03:00" endTime="2022-11-03T11:18:02.3525919+03:00" testType="13cdc9d9-ddb5-4fa4-a97d-d965ccfc6d4b" outcome="Passed" testListId="8c84fa94-04c1-424b-9868-57a2d4851a1d" relativeResultsDirectory="54d333da-1246-42e3-b4c2-5fb75edf239d" />
    <UnitTestResult executionId="3a31ba22-1e39-4349-b562-70a24e495812" testId="b798371a-cd17-b883-3b56-c50d5626c623" testName="BL.Tests.LiftsSlopesServiceTests.TestAdminAddAutoIncrementLiftSlopeAsync(lift: Lift { LiftID = 146, LiftName = liftName9651b90f-8364-4b1b-8476-3d5b22959207, IsOpen = True, SeatsAmount = 253, LiftingTime = 172, QueueTime = 10, ConnectedSlopes =  }, slope: Slope { SlopeID = 188, SlopeName = slopeNameaa2462c7-0a06-49d6-b0b8-da3a7bf8065f, IsOpen = False, DifficultyLevel = 95, ConnectedLifts =  }, slopesRepositoryStub: Mock&lt;ISlopesRepository:3&gt;, liftsRepositoryStub: Mock&lt;ILiftsRepository:8&gt;, liftsSlopesRepositoryStub: Mock&lt;ILiftsSlopesRepository:8&gt;)" computerName="DESKTOP-TJ9D65N" duration="00:00:00.0362323" startTime="2022-11-03T11:18:02.2274003+03:00" endTime="2022-11-03T11:18:02.2274004+03:00" testType="13cdc9d9-ddb5-4fa4-a97d-d965ccfc6d4b" outcome="Passed" testListId="8c84fa94-04c1-424b-9868-57a2d4851a1d" relativeResultsDirectory="3a31ba22-1e39-4349-b562-70a24e495812" />
    <UnitTestResult executionId="fb6140fd-e011-452b-a535-8ac2d74bb51a" testId="60bd668f-04df-da5e-b79b-5d9aedb5234d" testName="BL.Tests.CheckPermissionsServiceTests.SkiPatrolHasAccessToAdminSkiPatrolFunctions(functionName: &quot;MarkMessageReadByUserAsync&quot;)" computerName="DESKTOP-TJ9D65N" duration="00:00:00.0016331" startTime="2022-11-03T11:18:02.3629447+03:00" endTime="2022-11-03T11:18:02.3629449+03:00" testType="13cdc9d9-ddb5-4fa4-a97d-d965ccfc6d4b" outcome="Passed" testListId="8c84fa94-04c1-424b-9868-57a2d4851a1d" relativeResultsDirectory="fb6140fd-e011-452b-a535-8ac2d74bb51a" />
    <UnitTestResult executionId="6943feae-1926-4f0b-bd79-fc7e51481fce" testId="506c3cfc-a13f-f28f-7d96-fcd8c1ea4224" testName="BL.Tests.LiftsServiceTest.TestAdminAddAutoIncrementLiftAsync(userID: 252, lift: Lift { LiftID = 134, LiftName = liftName9346f6d6-179b-49d0-8685-31ee0dd9a255, IsOpen = True, SeatsAmount = 196, LiftingTime = 62, QueueTime = 26, ConnectedSlopes =  }, checkPermissionServiceMock: Mock&lt;ICheckPermissionService:5&gt;, liftsRepositoryStub: Mock&lt;ILiftsRepository:5&gt;, sut: LiftsService { })" computerName="DESKTOP-TJ9D65N" duration="00:00:00.0122351" startTime="2022-11-03T11:18:02.3280952+03:00" endTime="2022-11-03T11:18:02.3280952+03:00" testType="13cdc9d9-ddb5-4fa4-a97d-d965ccfc6d4b" outcome="Passed" testListId="8c84fa94-04c1-424b-9868-57a2d4851a1d" relativeResultsDirectory="6943feae-1926-4f0b-bd79-fc7e51481fce" />
    <UnitTestResult executionId="2e2c4d1c-6c28-4db0-8cad-758a331fae31" testId="eb42956d-95f6-9dda-920a-5bd8d15220a2" testName="BL.Tests.TurnstilesServiceTest.TestAdminGetTurnstilesAsync(userID: 40, initialTurnstiles: [Turnstile { TurnstileID = 56, LiftID = 3, IsOpen = True }, Turnstile { TurnstileID = 10, LiftID = 251, IsOpen = False }, Turnstile { TurnstileID = 196, LiftID = 206, IsOpen = True }], checkPermissionServiceMock: Mock&lt;ICheckPermissionService:13&gt;, turnstilesRepositoryStub: Mock&lt;ITurnstilesRepository:7&gt;, sut: TurnstilesService { })" computerName="DESKTOP-TJ9D65N" duration="00:00:00.0074766" startTime="2022-11-03T11:18:02.3313807+03:00" endTime="2022-11-03T11:18:02.3313807+03:00" testType="13cdc9d9-ddb5-4fa4-a97d-d965ccfc6d4b" outcome="Passed" testListId="8c84fa94-04c1-424b-9868-57a2d4851a1d" relativeResultsDirectory="2e2c4d1c-6c28-4db0-8cad-758a331fae31" />
    <UnitTestResult executionId="6fbcea6b-e88e-46db-af64-d52bd49b9050" testId="eaabd2fc-2f4b-5689-59c8-c7ad34a8f634" testName="BL.Tests.CheckPermissionsServiceTests.UnauthorizedHasNoAccessToAuthorizedFunctions(functionName: &quot;SendMessageAsync&quot;)" computerName="DESKTOP-TJ9D65N" duration="00:00:00.0033797" startTime="2022-11-03T11:18:02.3313624+03:00" endTime="2022-11-03T11:18:02.3313625+03:00" testType="13cdc9d9-ddb5-4fa4-a97d-d965ccfc6d4b" outcome="Passed" testListId="8c84fa94-04c1-424b-9868-57a2d4851a1d" relativeResultsDirectory="6fbcea6b-e88e-46db-af64-d52bd49b9050" />
    <UnitTestResult executionId="6d70effe-2832-481d-a70f-f65114cbd1ce" testId="0eeef75f-6e38-7893-a8fe-cff3e0a970a7" testName="BL.Tests.UsersServiceTests.TestRegisterOk" computerName="DESKTOP-TJ9D65N" duration="00:00:00.0095631" startTime="2022-11-03T11:18:02.3599532+03:00" endTime="2022-11-03T11:18:02.3599533+03:00" testType="13cdc9d9-ddb5-4fa4-a97d-d965ccfc6d4b" outcome="Passed" testListId="8c84fa94-04c1-424b-9868-57a2d4851a1d" relativeResultsDirectory="6d70effe-2832-481d-a70f-f65114cbd1ce" />
    <UnitTestResult executionId="980fdfef-a6a4-4fb6-af73-b4581bcf5a21" testId="e2d7e5be-3dae-33ae-fb17-c704b6fd58d6" testName="BL.Tests.CheckPermissionsServiceTests.UnauthorizedHasNoAccessToAdminFunctions" computerName="DESKTOP-TJ9D65N" duration="00:00:00.0022385" startTime="2022-11-03T11:18:02.4566850+03:00" endTime="2022-11-03T11:18:02.4566851+03:00" testType="13cdc9d9-ddb5-4fa4-a97d-d965ccfc6d4b" outcome="Passed" testListId="8c84fa94-04c1-424b-9868-57a2d4851a1d" relativeResultsDirectory="980fdfef-a6a4-4fb6-af73-b4581bcf5a21" />
    <UnitTestResult executionId="46e70684-8791-464a-b6c5-a6fe16baed9f" testId="24d86113-e991-5b16-f32a-4aff5c23cd48" testName="BL.Tests.LiftsServiceTest.TestGetLiftInfoAsync(userID: 84, lift: Lift { LiftID = 178, LiftName = liftName5fb702e1-36ea-4027-a889-79487c85621f, IsOpen = True, SeatsAmount = 251, LiftingTime = 80, QueueTime = 142, ConnectedSlopes =  }, checkPermissionServiceMock: Mock&lt;ICheckPermissionService:1&gt;, liftsRepositoryStub: Mock&lt;ILiftsRepository:1&gt;, liftsSlopesRepositoryStub: Mock&lt;ILiftsSlopesRepository:1&gt;, sut: LiftsService { })" computerName="DESKTOP-TJ9D65N" duration="00:00:00.0446406" startTime="2022-11-03T11:18:02.2665775+03:00" endTime="2022-11-03T11:18:02.2665776+03:00" testType="13cdc9d9-ddb5-4fa4-a97d-d965ccfc6d4b" outcome="Failed" testListId="8c84fa94-04c1-424b-9868-57a2d4851a1d" relativeResultsDirectory="46e70684-8791-464a-b6c5-a6fe16baed9f">
      <Output>
        <ErrorInfo>
          <Message>Assert.NotEqual() Failure
Expected: Not Lift { LiftID = 178, LiftName = liftName5fb702e1-36ea-4027-a889-79487c85621f, IsOpen = True, SeatsAmount = 251, LiftingTime = 80, QueueTime = 142, ConnectedSlopes =  }
Actual:   Lift { LiftID = 178, LiftName = liftName5fb702e1-36ea-4027-a889-79487c85621f, IsOpen = True, SeatsAmount = 251, LiftingTime = 80, QueueTime = 142, ConnectedSlopes =  }</Message>
          <StackTrace>   at BL.Tests.LiftsServiceTest.TestGetLiftInfoAsync(UInt32 userID, Lift lift, Mock`1 checkPermissionServiceMock, Mock`1 liftsRepositoryStub, Mock`1 liftsSlopesRepositoryStub, LiftsService sut) in /mnt/c/Users/alena/Desktop/7_sem/testing_and_debugging/SkiResort/BL.Tests/LiftsServiceTest.cs:line 42
   at System.Threading.Tasks.Task.&lt;&gt;c.&lt;ThrowAsync&gt;b__128_0(Object state)</StackTrace>
        </ErrorInfo>
      </Output>
    </UnitTestResult>
    <UnitTestResult executionId="778d7012-84cd-4c24-bd4f-2e60aa5841f2" testId="ac3666b8-6a02-2ee4-faf4-8ccdb8e50264" testName="BL.Tests.LiftsServiceTest.TestUpdateLiftInfoAsync(userID: 132, lift: Lift { LiftID = 157, LiftName = liftNamef6ec3be7-22b1-4691-a8e9-72e4292521ed, IsOpen = True, SeatsAmount = 46, LiftingTime = 138, QueueTime = 22, ConnectedSlopes =  }, checkPermissionServiceMock: Mock&lt;ICheckPermissionService:3&gt;, liftsRepositoryStub: Mock&lt;ILiftsRepository:3&gt;, sut: LiftsService { })" computerName="DESKTOP-TJ9D65N" duration="00:00:00.0057170" startTime="2022-11-03T11:18:02.4056989+03:00" endTime="2022-11-03T11:18:02.4056989+03:00" testType="13cdc9d9-ddb5-4fa4-a97d-d965ccfc6d4b" outcome="Passed" testListId="8c84fa94-04c1-424b-9868-57a2d4851a1d" relativeResultsDirectory="778d7012-84cd-4c24-bd4f-2e60aa5841f2" />
    <UnitTestResult executionId="ff590bb0-1cbf-43ed-9264-6ec8930b72d8" testId="1ca07ad8-f799-c5d4-e7cc-34fd950198a2" testName="BL.Tests.UsersServiceTests.TestLogInOk" computerName="DESKTOP-TJ9D65N" duration="00:00:00.0029067" startTime="2022-11-03T11:18:02.3772250+03:00" endTime="2022-11-03T11:18:02.3772250+03:00" testType="13cdc9d9-ddb5-4fa4-a97d-d965ccfc6d4b" outcome="Passed" testListId="8c84fa94-04c1-424b-9868-57a2d4851a1d" relativeResultsDirectory="ff590bb0-1cbf-43ed-9264-6ec8930b72d8" />
    <UnitTestResult executionId="9e4a4106-8311-42b8-b730-f9f10ea454ad" testId="f3efc418-a8a6-c7b7-9bac-90b33aa8472f" testName="BL.Tests.CheckPermissionsServiceTests.AdminHasAccessToAllFunctions" computerName="DESKTOP-TJ9D65N" duration="00:00:00.0017307" startTime="2022-11-03T11:18:02.4756447+03:00" endTime="2022-11-03T11:18:02.4756447+03:00" testType="13cdc9d9-ddb5-4fa4-a97d-d965ccfc6d4b" outcome="Passed" testListId="8c84fa94-04c1-424b-9868-57a2d4851a1d" relativeResultsDirectory="9e4a4106-8311-42b8-b730-f9f10ea454ad" />
    <UnitTestResult executionId="8141d5f7-fa48-4753-9509-b7aa687225c7" testId="492c0393-35b4-df26-a537-21ca08302f3c" testName="BL.Tests.CheckPermissionsServiceTests.SkiPatrolHasNoAccessToAdminFunctions" computerName="DESKTOP-TJ9D65N" duration="00:00:00.0022259" startTime="2022-11-03T11:18:02.4663441+03:00" endTime="2022-11-03T11:18:02.4663442+03:00" testType="13cdc9d9-ddb5-4fa4-a97d-d965ccfc6d4b" outcome="Passed" testListId="8c84fa94-04c1-424b-9868-57a2d4851a1d" relativeResultsDirectory="8141d5f7-fa48-4753-9509-b7aa687225c7" />
    <UnitTestResult executionId="461e7981-0da7-41c0-b959-391243bc7c11" testId="06d0bc3a-24a0-fb7f-4277-e9ae6d21c7dd" testName="BL.Tests.UsersServiceTests.TestAdminUpdateUser" computerName="DESKTOP-TJ9D65N" duration="00:00:00.0064261" startTime="2022-11-03T11:18:02.3391639+03:00" endTime="2022-11-03T11:18:02.3391640+03:00" testType="13cdc9d9-ddb5-4fa4-a97d-d965ccfc6d4b" outcome="Passed" testListId="8c84fa94-04c1-424b-9868-57a2d4851a1d" relativeResultsDirectory="461e7981-0da7-41c0-b959-391243bc7c11" />
    <UnitTestResult executionId="a1f09de3-fcec-4198-8241-202a558b54b0" testId="a2e59116-cb53-1d70-9cb8-21c286516866" testName="BL.Tests.CheckPermissionsServiceTests.AuthorizedHasNoAccessToAdminFunctions" computerName="DESKTOP-TJ9D65N" duration="00:00:00.0032886" startTime="2022-11-03T11:18:02.3983436+03:00" endTime="2022-11-03T11:18:02.3983437+03:00" testType="13cdc9d9-ddb5-4fa4-a97d-d965ccfc6d4b" outcome="Passed" testListId="8c84fa94-04c1-424b-9868-57a2d4851a1d" relativeResultsDirectory="a1f09de3-fcec-4198-8241-202a558b54b0" />
    <UnitTestResult executionId="4d2eb3bb-5f01-4901-ace8-2009057dd687" testId="8184bd30-991c-b78d-b4ec-99a485eac0dd" testName="BL.Tests.UsersServiceTests.TestRegisterUserWithNoEmail" computerName="DESKTOP-TJ9D65N" duration="00:00:00.0033849" startTime="2022-11-03T11:18:02.3269532+03:00" endTime="2022-11-03T11:18:02.3269533+03:00" testType="13cdc9d9-ddb5-4fa4-a97d-d965ccfc6d4b" outcome="Passed" testListId="8c84fa94-04c1-424b-9868-57a2d4851a1d" relativeResultsDirectory="4d2eb3bb-5f01-4901-ace8-2009057dd687" />
    <UnitTestResult executionId="a1af0f8c-56b4-4f25-b6cc-5594731073ee" testId="e429852d-a6ed-7c2a-25fd-cd839b159d56" testName="BL.Tests.LiftsSlopesServiceTests.TestGetLiftsSlopesInfoAsync(liftsSlopes: [LiftSlope { RecordID = 67, LiftID = 5, SlopeID = 196 }, LiftSlope { RecordID = 205, LiftID = 108, SlopeID = 151 }, LiftSlope { RecordID = 28, LiftID = 162, SlopeID = 29 }], slopesRepositoryStub: Mock&lt;ISlopesRepository:1&gt;, liftsRepositoryStub: Mock&lt;ILiftsRepository:6&gt;, liftsSlopesRepositoryStub: Mock&lt;ILiftsSlopesRepository:6&gt;)" computerName="DESKTOP-TJ9D65N" duration="00:00:00.0075897" startTime="2022-11-03T11:18:02.3270049+03:00" endTime="2022-11-03T11:18:02.3270050+03:00" testType="13cdc9d9-ddb5-4fa4-a97d-d965ccfc6d4b" outcome="Passed" testListId="8c84fa94-04c1-424b-9868-57a2d4851a1d" relativeResultsDirectory="a1af0f8c-56b4-4f25-b6cc-5594731073ee" />
    <UnitTestResult executionId="f132501f-2226-42b0-ae35-36ffa591f300" testId="69340bb6-3645-f9dd-971e-29d8b2a009bb" testName="BL.Tests.UsersServiceTests.TestLogInWithWrongPassword" computerName="DESKTOP-TJ9D65N" duration="00:00:00.0027017" startTime="2022-11-03T11:18:02.4000470+03:00" endTime="2022-11-03T11:18:02.4000471+03:00" testType="13cdc9d9-ddb5-4fa4-a97d-d965ccfc6d4b" outcome="Passed" testListId="8c84fa94-04c1-424b-9868-57a2d4851a1d" relativeResultsDirectory="f132501f-2226-42b0-ae35-36ffa591f300" />
    <UnitTestResult executionId="56875023-c005-41a2-a646-c1e16b38aeeb" testId="c36970dc-93f7-753e-fa47-157133b01644" testName="BL.Tests.CheckPermissionsServiceTests.SkiPatrolHasAccessToAdminSkiPatrolFunctions(functionName: &quot;GetMessagesAsync&quot;)" computerName="DESKTOP-TJ9D65N" duration="00:00:00.0008929" startTime="2022-11-03T11:18:02.3765590+03:00" endTime="2022-11-03T11:18:02.3765591+03:00" testType="13cdc9d9-ddb5-4fa4-a97d-d965ccfc6d4b" outcome="Passed" testListId="8c84fa94-04c1-424b-9868-57a2d4851a1d" relativeResultsDirectory="56875023-c005-41a2-a646-c1e16b38aeeb" />
    <UnitTestResult executionId="4c3dc6e6-9a88-4b31-9b9b-04e9ffd98397" testId="b8d974fc-211f-b1eb-1c95-8ae056cf9e74" testName="BL.Tests.LiftsServiceTest.TestGetLiftsInfoAsync(userID: 167, initialLifts: [Lift { LiftID = 176, LiftName = liftName1cf468db-11d1-483f-b60b-a04239ff5ee0, IsOpen = True, SeatsAmount = 168, LiftingTime = 129, QueueTime = 13, ConnectedSlopes =  }, Lift { LiftID = 105, LiftName = liftNameb3346d4b-5433-40b0-8bb3-ea3887220170, IsOpen = False, SeatsAmount = 229, LiftingTime = 75, QueueTime = 76, ConnectedSlopes =  }, Lift { LiftID = 60, LiftName = liftName47699b16-46d4-4f8e-95d8-703fd12a989e, IsOpen = True, SeatsAmount = 247, LiftingTime = 49, QueueTime = 253, ConnectedSlopes =  }], checkPermissionServiceMock: Mock&lt;ICheckPermissionService:2&gt;, liftsRepositoryStub: Mock&lt;ILiftsRepository:2&gt;, liftsSlopesRepositoryStub: Mock&lt;ILiftsSlopesRepository:2&gt;, sut: LiftsService { })" computerName="DESKTOP-TJ9D65N" duration="00:00:00.0479100" startTime="2022-11-03T11:18:02.3553604+03:00" endTime="2022-11-03T11:18:02.3553605+03:00" testType="13cdc9d9-ddb5-4fa4-a97d-d965ccfc6d4b" outcome="Passed" testListId="8c84fa94-04c1-424b-9868-57a2d4851a1d" relativeResultsDirectory="4c3dc6e6-9a88-4b31-9b9b-04e9ffd98397" />
    <UnitTestResult executionId="cb33badb-433d-4b1e-8fb1-1b0673b47a13" testId="26f4ff6f-baf2-d6da-3a2b-0e456612a237" testName="BL.Tests.TurnstilesServiceTest.TestAdminGetTurnstileAsync(userID: 53, turnstile: Turnstile { TurnstileID = 94, LiftID = 1, IsOpen = True }, checkPermissionServiceMock: Mock&lt;ICheckPermissionService:12&gt;, turnstilesRepositoryStub: Mock&lt;ITurnstilesRepository:6&gt;, sut: TurnstilesService { })" computerName="DESKTOP-TJ9D65N" duration="00:00:00.0044936" startTime="2022-11-03T11:18:02.3360167+03:00" endTime="2022-11-03T11:18:02.3360168+03:00" testType="13cdc9d9-ddb5-4fa4-a97d-d965ccfc6d4b" outcome="Passed" testListId="8c84fa94-04c1-424b-9868-57a2d4851a1d" relativeResultsDirectory="cb33badb-433d-4b1e-8fb1-1b0673b47a13" />
    <UnitTestResult executionId="bc2629ff-3421-4fdf-be11-1f2d38cc3d2d" testId="4f297306-d4f3-8d63-e7f4-1ac0b8c58c74" testName="BL.Tests.CheckPermissionsServiceTests.AuthorizedHasNoAccessToAdminSkiPatrolFunctions(functionName: &quot;GetLiftsSlopesInfoAsync&quot;)" computerName="DESKTOP-TJ9D65N" duration="00:00:00.0012035" startTime="2022-11-03T11:18:02.4291753+03:00" endTime="2022-11-03T11:18:02.4291754+03:00" testType="13cdc9d9-ddb5-4fa4-a97d-d965ccfc6d4b" outcome="Passed" testListId="8c84fa94-04c1-424b-9868-57a2d4851a1d" relativeResultsDirectory="bc2629ff-3421-4fdf-be11-1f2d38cc3d2d" />
  </Results>
  <TestDefinitions>
    <UnitTest name="BL.Tests.UsersServiceTests.TestAdminAddAutoIncrementUser" storage="/mnt/c/users/alena/desktop/7_sem/testing_and_debugging/skiresort/bl.tests/bin/debug/net6.0/bl.tests.dll" id="834c739b-eca4-b36d-6a66-5a1bd75377b8">
      <Execution id="fe5086bd-156b-4d87-b8c8-a42e2eb1f39d" />
      <TestMethod codeBase="/mnt/c/Users/alena/Desktop/7_sem/testing_and_debugging/SkiResort/BL.Tests/bin/Debug/net6.0/BL.Tests.dll" adapterTypeName="executor://xunit/VsTestRunner2/netcoreapp" className="BL.Tests.UsersServiceTests" name="TestAdminAddAutoIncrementUser" />
    </UnitTest>
    <UnitTest name="BL.Tests.CheckPermissionsServiceTests.SkiPatrolHasAccessToAdminSkiPatrolFunctions(functionName: &quot;MarkMessageReadByUserAsync&quot;)" storage="/mnt/c/users/alena/desktop/7_sem/testing_and_debugging/skiresort/bl.tests/bin/debug/net6.0/bl.tests.dll" id="60bd668f-04df-da5e-b79b-5d9aedb5234d">
      <Execution id="fb6140fd-e011-452b-a535-8ac2d74bb51a" />
      <TestMethod codeBase="/mnt/c/Users/alena/Desktop/7_sem/testing_and_debugging/SkiResort/BL.Tests/bin/Debug/net6.0/BL.Tests.dll" adapterTypeName="executor://xunit/VsTestRunner2/netcoreapp" className="BL.Tests.CheckPermissionsServiceTests" name="SkiPatrolHasAccessToAdminSkiPatrolFunctions" />
    </UnitTest>
    <UnitTest name="BL.Tests.CheckPermissionsServiceTests.AuthorizedHasAccessToAuthorizedFunctions(functionName: &quot;SendMessageAsync&quot;)" storage="/mnt/c/users/alena/desktop/7_sem/testing_and_debugging/skiresort/bl.tests/bin/debug/net6.0/bl.tests.dll" id="644ec43e-70cd-c82d-42e7-0d990be1414d">
      <Execution id="4adc7dd6-d005-42b4-86e7-663845a27dda" />
      <TestMethod codeBase="/mnt/c/Users/alena/Desktop/7_sem/testing_and_debugging/SkiResort/BL.Tests/bin/Debug/net6.0/BL.Tests.dll" adapterTypeName="executor://xunit/VsTestRunner2/netcoreapp" className="BL.Tests.CheckPermissionsServiceTests" name="AuthorizedHasAccessToAuthorizedFunctions" />
    </UnitTest>
    <UnitTest name="BL.Tests.CheckPermissionsServiceTests.AuthorizedHasNoAccessToAdminSkiPatrolFunctions(functionName: &quot;MarkMessageReadByUserAsync&quot;)" storage="/mnt/c/users/alena/desktop/7_sem/testing_and_debugging/skiresort/bl.tests/bin/debug/net6.0/bl.tests.dll" id="9c7df5e2-1b23-ebea-889f-b78ca86b60ab">
      <Execution id="026a54dc-af92-41d1-8961-0bdf964c62e9" />
      <TestMethod codeBase="/mnt/c/Users/alena/Desktop/7_sem/testing_and_debugging/SkiResort/BL.Tests/bin/Debug/net6.0/BL.Tests.dll" adapterTypeName="executor://xunit/VsTestRunner2/netcoreapp" className="BL.Tests.CheckPermissionsServiceTests" name="AuthorizedHasNoAccessToAdminSkiPatrolFunctions" />
    </UnitTest>
    <UnitTest name="BL.Tests.SlopesServiceTest.TestAdminDeleteSlopeAsync(userID: 89, slope: Slope { SlopeID = 182, SlopeName = slopeNamea6432aae-a32e-4eba-a1ab-a2282bdddd6f, IsOpen = True, DifficultyLevel = 7, ConnectedLifts =  }, checkPermissionServiceMock: Mock&lt;ICheckPermissionService:9&gt;, slopesRepositoryStub: Mock&lt;ISlopesRepository:7&gt;, liftsSlopesRepositoryStub: Mock&lt;ILiftsSlopesRepository:12&gt;, sut: SlopesService { })" storage="/mnt/c/users/alena/desktop/7_sem/testing_and_debugging/skiresort/bl.tests/bin/debug/net6.0/bl.tests.dll" id="4043b9e8-7b6a-7eab-e19d-16927b5b9f38">
      <Execution id="54d333da-1246-42e3-b4c2-5fb75edf239d" />
      <TestMethod codeBase="/mnt/c/Users/alena/Desktop/7_sem/testing_and_debugging/SkiResort/BL.Tests/bin/Debug/net6.0/BL.Tests.dll" adapterTypeName="executor://xunit/VsTestRunner2/netcoreapp" className="BL.Tests.SlopesServiceTest" name="TestAdminDeleteSlopeAsync" />
    </UnitTest>
    <UnitTest name="BL.Tests.CheckPermissionsServiceTests.UnauthorizedHasNoAccessToAuthorizedFunctions(functionName: &quot;SendMessageAsync&quot;)" storage="/mnt/c/users/alena/desktop/7_sem/testing_and_debugging/skiresort/bl.tests/bin/debug/net6.0/bl.tests.dll" id="eaabd2fc-2f4b-5689-59c8-c7ad34a8f634">
      <Execution id="6fbcea6b-e88e-46db-af64-d52bd49b9050" />
      <TestMethod codeBase="/mnt/c/Users/alena/Desktop/7_sem/testing_and_debugging/SkiResort/BL.Tests/bin/Debug/net6.0/BL.Tests.dll" adapterTypeName="executor://xunit/VsTestRunner2/netcoreapp" className="BL.Tests.CheckPermissionsServiceTests" name="UnauthorizedHasNoAccessToAuthorizedFunctions" />
    </UnitTest>
    <UnitTest name="BL.Tests.CheckPermissionsServiceTests.AdminHasAccessToAllFunctions" storage="/mnt/c/users/alena/desktop/7_sem/testing_and_debugging/skiresort/bl.tests/bin/debug/net6.0/bl.tests.dll" id="f3efc418-a8a6-c7b7-9bac-90b33aa8472f">
      <Execution id="9e4a4106-8311-42b8-b730-f9f10ea454ad" />
      <TestMethod codeBase="/mnt/c/Users/alena/Desktop/7_sem/testing_and_debugging/SkiResort/BL.Tests/bin/Debug/net6.0/BL.Tests.dll" adapterTypeName="executor://xunit/VsTestRunner2/netcoreapp" className="BL.Tests.CheckPermissionsServiceTests" name="AdminHasAccessToAllFunctions" />
    </UnitTest>
    <UnitTest name="BL.Tests.UsersServiceTests.TestLogInOk" storage="/mnt/c/users/alena/desktop/7_sem/testing_and_debugging/skiresort/bl.tests/bin/debug/net6.0/bl.tests.dll" id="1ca07ad8-f799-c5d4-e7cc-34fd950198a2">
      <Execution id="ff590bb0-1cbf-43ed-9264-6ec8930b72d8" />
      <TestMethod codeBase="/mnt/c/Users/alena/Desktop/7_sem/testing_and_debugging/SkiResort/BL.Tests/bin/Debug/net6.0/BL.Tests.dll" adapterTypeName="executor://xunit/VsTestRunner2/netcoreapp" className="BL.Tests.UsersServiceTests" name="TestLogInOk" />
    </UnitTest>
    <UnitTest name="BL.Tests.SlopesServiceTest.TestGetSlopesInfoAsync(userID: 229, initialSlopes: [Slope { SlopeID = 104, SlopeName = slopeName9d262013-47c0-4272-8097-a0f7e50721f8, IsOpen = True, DifficultyLevel = 90, ConnectedLifts =  }, Slope { SlopeID = 210, SlopeName = slopeName4f7ee725-d971-4fd4-92ea-b4235eb4f302, IsOpen = False, DifficultyLevel = 211, ConnectedLifts =  }, Slope { SlopeID = 68, SlopeName = slopeName2c25872b-c252-4e72-8416-e1fe63358085, Is..." storage="/mnt/c/users/alena/desktop/7_sem/testing_and_debugging/skiresort/bl.tests/bin/debug/net6.0/bl.tests.dll" id="f25aa3e2-1359-f800-dc94-4b39ad11b554">
      <Execution id="e022fe2c-200f-4211-bf3b-fadbd2eeee67" />
      <TestMethod codeBase="/mnt/c/Users/alena/Desktop/7_sem/testing_and_debugging/SkiResort/BL.Tests/bin/Debug/net6.0/BL.Tests.dll" adapterTypeName="executor://xunit/VsTestRunner2/netcoreapp" className="BL.Tests.SlopesServiceTest" name="TestGetSlopesInfoAsync" />
    </UnitTest>
    <UnitTest name="BL.Tests.CheckPermissionsServiceTests.UnauthorizedHasNoAccessToAdminSkiPatrolFunctions(functionName: &quot;MarkMessageReadByUserAsync&quot;)" storage="/mnt/c/users/alena/desktop/7_sem/testing_and_debugging/skiresort/bl.tests/bin/debug/net6.0/bl.tests.dll" id="a19a5fcf-c5d2-7d44-5d7d-84403042f4e0">
      <Execution id="053ecede-40b8-4adf-9272-e33148e4c0fd" />
      <TestMethod codeBase="/mnt/c/Users/alena/Desktop/7_sem/testing_and_debugging/SkiResort/BL.Tests/bin/Debug/net6.0/BL.Tests.dll" adapterTypeName="executor://xunit/VsTestRunner2/netcoreapp" className="BL.Tests.CheckPermissionsServiceTests" name="UnauthorizedHasNoAccessToAdminSkiPatrolFunctions" />
    </UnitTest>
    <UnitTest name="BL.Tests.CheckPermissionsServiceTests.AuthorizedHasAccessToAuthorizedFunctions(functionName: &quot;LogOutAsync&quot;)" storage="/mnt/c/users/alena/desktop/7_sem/testing_and_debugging/skiresort/bl.tests/bin/debug/net6.0/bl.tests.dll" id="aa28a6b3-21d3-aa45-24d3-bef2facbc899">
      <Execution id="0a11ea6a-2c44-48ca-922f-ac32d3cde23e" />
      <TestMethod codeBase="/mnt/c/Users/alena/Desktop/7_sem/testing_and_debugging/SkiResort/BL.Tests/bin/Debug/net6.0/BL.Tests.dll" adapterTypeName="executor://xunit/VsTestRunner2/netcoreapp" className="BL.Tests.CheckPermissionsServiceTests" name="AuthorizedHasAccessToAuthorizedFunctions" />
    </UnitTest>
    <UnitTest name="BL.Tests.CheckPermissionsServiceTests.SkiPatrolHasAccessToAdminSkiPatrolFunctions(functionName: &quot;GetMessagesAsync&quot;)" storage="/mnt/c/users/alena/desktop/7_sem/testing_and_debugging/skiresort/bl.tests/bin/debug/net6.0/bl.tests.dll" id="c36970dc-93f7-753e-fa47-157133b01644">
      <Execution id="56875023-c005-41a2-a646-c1e16b38aeeb" />
      <TestMethod codeBase="/mnt/c/Users/alena/Desktop/7_sem/testing_and_debugging/SkiResort/BL.Tests/bin/Debug/net6.0/BL.Tests.dll" adapterTypeName="executor://xunit/VsTestRunner2/netcoreapp" className="BL.Tests.CheckPermissionsServiceTests" name="SkiPatrolHasAccessToAdminSkiPatrolFunctions" />
    </UnitTest>
    <UnitTest name="BL.Tests.TurnstilesServiceTest.TestAdminGetTurnstilesAsync(userID: 40, initialTurnstiles: [Turnstile { TurnstileID = 56, LiftID = 3, IsOpen = True }, Turnstile { TurnstileID = 10, LiftID = 251, IsOpen = False }, Turnstile { TurnstileID = 196, LiftID = 206, IsOpen = True }], checkPermissionServiceMock: Mock&lt;ICheckPermissionService:13&gt;, turnstilesRepositoryStub: Mock&lt;ITurnstilesRepository:7&gt;, sut: TurnstilesService { })" storage="/mnt/c/users/alena/desktop/7_sem/testing_and_debugging/skiresort/bl.tests/bin/debug/net6.0/bl.tests.dll" id="eb42956d-95f6-9dda-920a-5bd8d15220a2">
      <Execution id="2e2c4d1c-6c28-4db0-8cad-758a331fae31" />
      <TestMethod codeBase="/mnt/c/Users/alena/Desktop/7_sem/testing_and_debugging/SkiResort/BL.Tests/bin/Debug/net6.0/BL.Tests.dll" adapterTypeName="executor://xunit/VsTestRunner2/netcoreapp" className="BL.Tests.TurnstilesServiceTest" name="TestAdminGetTurnstilesAsync" />
    </UnitTest>
    <UnitTest name="BL.Tests.CheckPermissionsServiceTests.AuthorizedHasNoAccessToAdminFunctions" storage="/mnt/c/users/alena/desktop/7_sem/testing_and_debugging/skiresort/bl.tests/bin/debug/net6.0/bl.tests.dll" id="a2e59116-cb53-1d70-9cb8-21c286516866">
      <Execution id="a1f09de3-fcec-4198-8241-202a558b54b0" />
      <TestMethod codeBase="/mnt/c/Users/alena/Desktop/7_sem/testing_and_debugging/SkiResort/BL.Tests/bin/Debug/net6.0/BL.Tests.dll" adapterTypeName="executor://xunit/VsTestRunner2/netcoreapp" className="BL.Tests.CheckPermissionsServiceTests" name="AuthorizedHasNoAccessToAdminFunctions" />
    </UnitTest>
    <UnitTest name="BL.Tests.CheckPermissionsServiceTests.SkiPatrolHasAccessToAdminSkiPatrolFunctions(functionName: &quot;GetLiftsSlopesInfoAsync&quot;)" storage="/mnt/c/users/alena/desktop/7_sem/testing_and_debugging/skiresort/bl.tests/bin/debug/net6.0/bl.tests.dll" id="2d706594-f2b3-b3c8-21d4-86c9798c3306">
      <Execution id="e9b6d1af-93e4-4932-9231-140133d0e5dd" />
      <TestMethod codeBase="/mnt/c/Users/alena/Desktop/7_sem/testing_and_debugging/SkiResort/BL.Tests/bin/Debug/net6.0/BL.Tests.dll" adapterTypeName="executor://xunit/VsTestRunner2/netcoreapp" className="BL.Tests.CheckPermissionsServiceTests" name="SkiPatrolHasAccessToAdminSkiPatrolFunctions" />
    </UnitTest>
    <UnitTest name="BL.Tests.CheckPermissionsServiceTests.AuthorizedHasNoAccessToAdminSkiPatrolFunctions(functionName: &quot;GetLiftsSlopesInfoAsync&quot;)" storage="/mnt/c/users/alena/desktop/7_sem/testing_and_debugging/skiresort/bl.tests/bin/debug/net6.0/bl.tests.dll" id="4f297306-d4f3-8d63-e7f4-1ac0b8c58c74">
      <Execution id="bc2629ff-3421-4fdf-be11-1f2d38cc3d2d" />
      <TestMethod codeBase="/mnt/c/Users/alena/Desktop/7_sem/testing_and_debugging/SkiResort/BL.Tests/bin/Debug/net6.0/BL.Tests.dll" adapterTypeName="executor://xunit/VsTestRunner2/netcoreapp" className="BL.Tests.CheckPermissionsServiceTests" name="AuthorizedHasNoAccessToAdminSkiPatrolFunctions" />
    </UnitTest>
    <UnitTest name="BL.Tests.CheckPermissionsServiceTests.UnauthorizedHasNoAccessToAdminSkiPatrolFunctions(functionName: &quot;GetLiftsSlopesInfoAsync&quot;)" storage="/mnt/c/users/alena/desktop/7_sem/testing_and_debugging/skiresort/bl.tests/bin/debug/net6.0/bl.tests.dll" id="387c9729-48c1-486e-5e67-f5d11a9f0db8">
      <Execution id="2bbfde25-e003-4825-94f4-0f35a026bd3c" />
      <TestMethod codeBase="/mnt/c/Users/alena/Desktop/7_sem/testing_and_debugging/SkiResort/BL.Tests/bin/Debug/net6.0/BL.Tests.dll" adapterTypeName="executor://xunit/VsTestRunner2/netcoreapp" className="BL.Tests.CheckPermissionsServiceTests" name="UnauthorizedHasNoAccessToAdminSkiPatrolFunctions" />
    </UnitTest>
    <UnitTest name="BL.Tests.UsersServiceTests.TestRegisterUserWithRepeatedEmail" storage="/mnt/c/users/alena/desktop/7_sem/testing_and_debugging/skiresort/bl.tests/bin/debug/net6.0/bl.tests.dll" id="894941c1-bfa7-d8f9-c047-1e1ceefe2c2f">
      <Execution id="7e84c0aa-25f3-4170-b0fd-ab8687a850d4" />
      <TestMethod codeBase="/mnt/c/Users/alena/Desktop/7_sem/testing_and_debugging/SkiResort/BL.Tests/bin/Debug/net6.0/BL.Tests.dll" adapterTypeName="executor://xunit/VsTestRunner2/netcoreapp" className="BL.Tests.UsersServiceTests" name="TestRegisterUserWithRepeatedEmail" />
    </UnitTest>
    <UnitTest name="BL.Tests.SlopesServiceTest.TestAdminAddAutoIncrementSlopeAsync(userID: 242, slope: Slope { SlopeID = 168, SlopeName = slopeName4851f601-5dcb-46b8-8bab-d208f2d32113, IsOpen = True, DifficultyLevel = 186, ConnectedLifts =  }, checkPermissionServiceMock: Mock&lt;ICheckPermissionService:10&gt;, slopesRepositoryStub: Mock&lt;ISlopesRepository:8&gt;, sut: SlopesService { })" storage="/mnt/c/users/alena/desktop/7_sem/testing_and_debugging/skiresort/bl.tests/bin/debug/net6.0/bl.tests.dll" id="7bb81c83-ac48-0157-be27-dc5d71f313d7">
      <Execution id="94f11f15-d0a0-4f8b-b2f7-9b697b971ff7" />
      <TestMethod codeBase="/mnt/c/Users/alena/Desktop/7_sem/testing_and_debugging/SkiResort/BL.Tests/bin/Debug/net6.0/BL.Tests.dll" adapterTypeName="executor://xunit/VsTestRunner2/netcoreapp" className="BL.Tests.SlopesServiceTest" name="TestAdminAddAutoIncrementSlopeAsync" />
    </UnitTest>
    <UnitTest name="BL.Tests.CheckPermissionsServiceTests.UnauthorizedHasNoAccessToAdminFunctions" storage="/mnt/c/users/alena/desktop/7_sem/testing_and_debugging/skiresort/bl.tests/bin/debug/net6.0/bl.tests.dll" id="e2d7e5be-3dae-33ae-fb17-c704b6fd58d6">
      <Execution id="980fdfef-a6a4-4fb6-af73-b4581bcf5a21" />
      <TestMethod codeBase="/mnt/c/Users/alena/Desktop/7_sem/testing_and_debugging/SkiResort/BL.Tests/bin/Debug/net6.0/BL.Tests.dll" adapterTypeName="executor://xunit/VsTestRunner2/netcoreapp" className="BL.Tests.CheckPermissionsServiceTests" name="UnauthorizedHasNoAccessToAdminFunctions" />
    </UnitTest>
    <UnitTest name="BL.Tests.UsersServiceTests.TestRegisterUserWithNoPassword" storage="/mnt/c/users/alena/desktop/7_sem/testing_and_debugging/skiresort/bl.tests/bin/debug/net6.0/bl.tests.dll" id="f44a1b21-8efc-bfac-63b4-d534442def31">
      <Execution id="cb1d1ae9-6f1c-4c41-8538-03661573bef8" />
      <TestMethod codeBase="/mnt/c/Users/alena/Desktop/7_sem/testing_and_debugging/SkiResort/BL.Tests/bin/Debug/net6.0/BL.Tests.dll" adapterTypeName="executor://xunit/VsTestRunner2/netcoreapp" className="BL.Tests.UsersServiceTests" name="TestRegisterUserWithNoPassword" />
    </UnitTest>
    <UnitTest name="BL.Tests.LiftsServiceTest.TestUpdateLiftInfoAsync(userID: 132, lift: Lift { LiftID = 157, LiftName = liftNamef6ec3be7-22b1-4691-a8e9-72e4292521ed, IsOpen = True, SeatsAmount = 46, LiftingTime = 138, QueueTime = 22, ConnectedSlopes =  }, checkPermissionServiceMock: Mock&lt;ICheckPermissionService:3&gt;, liftsRepositoryStub: Mock&lt;ILiftsRepository:3&gt;, sut: LiftsService { })" storage="/mnt/c/users/alena/desktop/7_sem/testing_and_debugging/skiresort/bl.tests/bin/debug/net6.0/bl.tests.dll" id="ac3666b8-6a02-2ee4-faf4-8ccdb8e50264">
      <Execution id="778d7012-84cd-4c24-bd4f-2e60aa5841f2" />
      <TestMethod codeBase="/mnt/c/Users/alena/Desktop/7_sem/testing_and_debugging/SkiResort/BL.Tests/bin/Debug/net6.0/BL.Tests.dll" adapterTypeName="executor://xunit/VsTestRunner2/netcoreapp" className="BL.Tests.LiftsServiceTest" name="TestUpdateLiftInfoAsync" />
    </UnitTest>
    <UnitTest name="BL.Tests.TurnstilesServiceTest.TestAdminUpdateTurnstileAsync(userID: 25, turnstile: Turnstile { TurnstileID = 156, LiftID = 198, IsOpen = True }, checkPermissionServiceMock: Mock&lt;ICheckPermissionService:14&gt;, turnstilesRepositoryStub: Mock&lt;ITurnstilesRepository:8&gt;, sut: TurnstilesService { })" storage="/mnt/c/users/alena/desktop/7_sem/testing_and_debugging/skiresort/bl.tests/bin/debug/net6.0/bl.tests.dll" id="2be77026-0989-eb3c-608a-b60484003f72">
      <Execution id="b171f959-3cb4-4abe-8643-e26a208ab3ba" />
      <TestMethod codeBase="/mnt/c/Users/alena/Desktop/7_sem/testing_and_debugging/SkiResort/BL.Tests/bin/Debug/net6.0/BL.Tests.dll" adapterTypeName="executor://xunit/VsTestRunner2/netcoreapp" className="BL.Tests.TurnstilesServiceTest" name="TestAdminUpdateTurnstileAsync" />
    </UnitTest>
    <UnitTest name="BL.Tests.CheckPermissionsServiceTests.SkiPatrolHasNoAccessToAdminFunctions" storage="/mnt/c/users/alena/desktop/7_sem/testing_and_debugging/skiresort/bl.tests/bin/debug/net6.0/bl.tests.dll" id="492c0393-35b4-df26-a537-21ca08302f3c">
      <Execution id="8141d5f7-fa48-4753-9509-b7aa687225c7" />
      <TestMethod codeBase="/mnt/c/Users/alena/Desktop/7_sem/testing_and_debugging/SkiResort/BL.Tests/bin/Debug/net6.0/BL.Tests.dll" adapterTypeName="executor://xunit/VsTestRunner2/netcoreapp" className="BL.Tests.CheckPermissionsServiceTests" name="SkiPatrolHasNoAccessToAdminFunctions" />
    </UnitTest>
    <UnitTest name="BL.Tests.UsersServiceTests.TestAdminDeleteUser" storage="/mnt/c/users/alena/desktop/7_sem/testing_and_debugging/skiresort/bl.tests/bin/debug/net6.0/bl.tests.dll" id="18fa8c62-e27d-e1fc-8182-4d7db62b008d">
      <Execution id="ffbf5c80-f51f-475f-a6b6-725132baf067" />
      <TestMethod codeBase="/mnt/c/Users/alena/Desktop/7_sem/testing_and_debugging/SkiResort/BL.Tests/bin/Debug/net6.0/BL.Tests.dll" adapterTypeName="executor://xunit/VsTestRunner2/netcoreapp" className="BL.Tests.UsersServiceTests" name="TestAdminDeleteUser" />
    </UnitTest>
    <UnitTest name="BL.Tests.UsersServiceTests.TestLogInWithWrongPassword" storage="/mnt/c/users/alena/desktop/7_sem/testing_and_debugging/skiresort/bl.tests/bin/debug/net6.0/bl.tests.dll" id="69340bb6-3645-f9dd-971e-29d8b2a009bb">
      <Execution id="f132501f-2226-42b0-ae35-36ffa591f300" />
      <TestMethod codeBase="/mnt/c/Users/alena/Desktop/7_sem/testing_and_debugging/SkiResort/BL.Tests/bin/Debug/net6.0/BL.Tests.dll" adapterTypeName="executor://xunit/VsTestRunner2/netcoreapp" className="BL.Tests.UsersServiceTests" name="TestLogInWithWrongPassword" />
    </UnitTest>
    <UnitTest name="BL.Tests.TurnstilesServiceTest.TestAdminAddAutoIncrementTurnstileAsync(userID: 198, turnstile: Turnstile { TurnstileID = 220, LiftID = 132, IsOpen = True }, checkPermissionServiceMock: Mock&lt;ICheckPermissionService:16&gt;, turnstilesRepositoryStub: Mock&lt;ITurnstilesRepository:10&gt;, sut: TurnstilesService { })" storage="/mnt/c/users/alena/desktop/7_sem/testing_and_debugging/skiresort/bl.tests/bin/debug/net6.0/bl.tests.dll" id="9527c0eb-1ac4-19b2-af8b-86d9f05c2753">
      <Execution id="4eb28c44-2f6a-452e-ba5f-42204b93c3fb" />
      <TestMethod codeBase="/mnt/c/Users/alena/Desktop/7_sem/testing_and_debugging/SkiResort/BL.Tests/bin/Debug/net6.0/BL.Tests.dll" adapterTypeName="executor://xunit/VsTestRunner2/netcoreapp" className="BL.Tests.TurnstilesServiceTest" name="TestAdminAddAutoIncrementTurnstileAsync" />
    </UnitTest>
    <UnitTest name="BL.Tests.SlopesServiceTest.TestGetSlopeInfoAsync(userID: 233, slope: Slope { SlopeID = 54, SlopeName = slopeName44366aec-b3f0-4f2c-acf8-e253a8f8c245, IsOpen = True, DifficultyLevel = 55, ConnectedLifts =  }, checkPermissionServiceMock: Mock&lt;ICheckPermissionService:6&gt;, slopesRepositoryStub: Mock&lt;ISlopesRepository:4&gt;, liftsSlopesRepositoryStub: Mock&lt;ILiftsSlopesRepository:9&gt;, sut: SlopesService { })" storage="/mnt/c/users/alena/desktop/7_sem/testing_and_debugging/skiresort/bl.tests/bin/debug/net6.0/bl.tests.dll" id="891136a4-da9f-c620-a400-dac83f687bcf">
      <Execution id="beac656f-6c64-4ddb-a96e-163a7331d080" />
      <TestMethod codeBase="/mnt/c/Users/alena/Desktop/7_sem/testing_and_debugging/SkiResort/BL.Tests/bin/Debug/net6.0/BL.Tests.dll" adapterTypeName="executor://xunit/VsTestRunner2/netcoreapp" className="BL.Tests.SlopesServiceTest" name="TestGetSlopeInfoAsync" />
    </UnitTest>
    <UnitTest name="BL.Tests.CheckPermissionsServiceTests.UnauthorizedHasNoAccessToAdminSkiPatrolFunctions(functionName: &quot;GetMessagesAsync&quot;)" storage="/mnt/c/users/alena/desktop/7_sem/testing_and_debugging/skiresort/bl.tests/bin/debug/net6.0/bl.tests.dll" id="229812f5-9a73-5335-11f5-31330d1348a5">
      <Execution id="73f8b0d7-9ede-44c6-be22-af21026c7fc6" />
      <TestMethod codeBase="/mnt/c/Users/alena/Desktop/7_sem/testing_and_debugging/SkiResort/BL.Tests/bin/Debug/net6.0/BL.Tests.dll" adapterTypeName="executor://xunit/VsTestRunner2/netcoreapp" className="BL.Tests.CheckPermissionsServiceTests" name="UnauthorizedHasNoAccessToAdminSkiPatrolFunctions" />
    </UnitTest>
    <UnitTest name="BL.Tests.UsersServiceTests.TestRegisterUserWithNoEmail" storage="/mnt/c/users/alena/desktop/7_sem/testing_and_debugging/skiresort/bl.tests/bin/debug/net6.0/bl.tests.dll" id="8184bd30-991c-b78d-b4ec-99a485eac0dd">
      <Execution id="4d2eb3bb-5f01-4901-ace8-2009057dd687" />
      <TestMethod codeBase="/mnt/c/Users/alena/Desktop/7_sem/testing_and_debugging/SkiResort/BL.Tests/bin/Debug/net6.0/BL.Tests.dll" adapterTypeName="executor://xunit/VsTestRunner2/netcoreapp" className="BL.Tests.UsersServiceTests" name="TestRegisterUserWithNoEmail" />
    </UnitTest>
    <UnitTest name="BL.Tests.CheckPermissionsServiceTests.AuthorizedHasNoAccessToAdminSkiPatrolFunctions(functionName: &quot;GetMessagesAsync&quot;)" storage="/mnt/c/users/alena/desktop/7_sem/testing_and_debugging/skiresort/bl.tests/bin/debug/net6.0/bl.tests.dll" id="2602613f-c8e2-a6d9-fcf7-5b27d4a770a6">
      <Execution id="b96b1c46-d5dc-4050-b814-bd9369d273a7" />
      <TestMethod codeBase="/mnt/c/Users/alena/Desktop/7_sem/testing_and_debugging/SkiResort/BL.Tests/bin/Debug/net6.0/BL.Tests.dll" adapterTypeName="executor://xunit/VsTestRunner2/netcoreapp" className="BL.Tests.CheckPermissionsServiceTests" name="AuthorizedHasNoAccessToAdminSkiPatrolFunctions" />
    </UnitTest>
    <UnitTest name="BL.Tests.UsersServiceTests.TestRegisterOk" storage="/mnt/c/users/alena/desktop/7_sem/testing_and_debugging/skiresort/bl.tests/bin/debug/net6.0/bl.tests.dll" id="0eeef75f-6e38-7893-a8fe-cff3e0a970a7">
      <Execution id="6d70effe-2832-481d-a70f-f65114cbd1ce" />
      <TestMethod codeBase="/mnt/c/Users/alena/Desktop/7_sem/testing_and_debugging/SkiResort/BL.Tests/bin/Debug/net6.0/BL.Tests.dll" adapterTypeName="executor://xunit/VsTestRunner2/netcoreapp" className="BL.Tests.UsersServiceTests" name="TestRegisterOk" />
    </UnitTest>
    <UnitTest name="BL.Tests.SlopesServiceTest.TestUpdateSlopeInfoAsync(userID: 79, slope: Slope { SlopeID = 96, SlopeName = slopeNamed0b67ce6-1087-46bc-9f0b-d3ea1db7ce92, IsOpen = True, DifficultyLevel = 233, ConnectedLifts =  }, checkPermissionServiceMock: Mock&lt;ICheckPermissionService:8&gt;, slopesRepositoryStub: Mock&lt;ISlopesRepository:6&gt;, sut: SlopesService { })" storage="/mnt/c/users/alena/desktop/7_sem/testing_and_debugging/skiresort/bl.tests/bin/debug/net6.0/bl.tests.dll" id="95ef884e-fc98-2fc4-8149-b5cdead9c69c">
      <Execution id="666d5723-aad0-40ab-ba5f-71ccd1edd55e" />
      <TestMethod codeBase="/mnt/c/Users/alena/Desktop/7_sem/testing_and_debugging/SkiResort/BL.Tests/bin/Debug/net6.0/BL.Tests.dll" adapterTypeName="executor://xunit/VsTestRunner2/netcoreapp" className="BL.Tests.SlopesServiceTest" name="TestUpdateSlopeInfoAsync" />
    </UnitTest>
    <UnitTest name="BL.Tests.TurnstilesServiceTest.TestAdminDeleteTurnstileAsync(userID: 11, turnstile: Turnstile { TurnstileID = 24, LiftID = 118, IsOpen = True }, checkPermissionServiceMock: Mock&lt;ICheckPermissionService:15&gt;, turnstilesRepositoryStub: Mock&lt;ITurnstilesRepository:9&gt;, sut: TurnstilesService { })" storage="/mnt/c/users/alena/desktop/7_sem/testing_and_debugging/skiresort/bl.tests/bin/debug/net6.0/bl.tests.dll" id="22ab3621-d621-978d-625e-17b52fd1eea2">
      <Execution id="523b941e-3123-4364-a98d-8e38dab92dd5" />
      <TestMethod codeBase="/mnt/c/Users/alena/Desktop/7_sem/testing_and_debugging/SkiResort/BL.Tests/bin/Debug/net6.0/BL.Tests.dll" adapterTypeName="executor://xunit/VsTestRunner2/netcoreapp" className="BL.Tests.TurnstilesServiceTest" name="TestAdminDeleteTurnstileAsync" />
    </UnitTest>
    <UnitTest name="BL.Tests.LiftsServiceTest.TestAdminAddAutoIncrementLiftAsync(userID: 252, lift: Lift { LiftID = 134, LiftName = liftName9346f6d6-179b-49d0-8685-31ee0dd9a255, IsOpen = True, SeatsAmount = 196, LiftingTime = 62, QueueTime = 26, ConnectedSlopes =  }, checkPermissionServiceMock: Mock&lt;ICheckPermissionService:5&gt;, liftsRepositoryStub: Mock&lt;ILiftsRepository:5&gt;, sut: LiftsService { })" storage="/mnt/c/users/alena/desktop/7_sem/testing_and_debugging/skiresort/bl.tests/bin/debug/net6.0/bl.tests.dll" id="506c3cfc-a13f-f28f-7d96-fcd8c1ea4224">
      <Execution id="6943feae-1926-4f0b-bd79-fc7e51481fce" />
      <TestMethod codeBase="/mnt/c/Users/alena/Desktop/7_sem/testing_and_debugging/SkiResort/BL.Tests/bin/Debug/net6.0/BL.Tests.dll" adapterTypeName="executor://xunit/VsTestRunner2/netcoreapp" className="BL.Tests.LiftsServiceTest" name="TestAdminAddAutoIncrementLiftAsync" />
    </UnitTest>
    <UnitTest name="BL.Tests.CheckPermissionsServiceTests.UnauthorizedHasNoAccessToAuthorizedFunctions(functionName: &quot;LogOutAsync&quot;)" storage="/mnt/c/users/alena/desktop/7_sem/testing_and_debugging/skiresort/bl.tests/bin/debug/net6.0/bl.tests.dll" id="fa960c5e-f989-2880-784e-8efe538c5231">
      <Execution id="6887a326-d775-4dc8-9376-1a1d10648732" />
      <TestMethod codeBase="/mnt/c/Users/alena/Desktop/7_sem/testing_and_debugging/SkiResort/BL.Tests/bin/Debug/net6.0/BL.Tests.dll" adapterTypeName="executor://xunit/VsTestRunner2/netcoreapp" className="BL.Tests.CheckPermissionsServiceTests" name="UnauthorizedHasNoAccessToAuthorizedFunctions" />
    </UnitTest>
    <UnitTest name="BL.Tests.LiftsServiceTest.TestAdminDeleteLiftAsync(userID: 224, lift: Lift { LiftID = 179, LiftName = liftNamebabbc867-7738-4158-9c4d-67f3579015f9, IsOpen = True, SeatsAmount = 244, LiftingTime = 78, QueueTime = 217, ConnectedSlopes =  }, checkPermissionServiceMock: Mock&lt;ICheckPermissionService:4&gt;, liftsRepositoryStub: Mock&lt;ILiftsRepository:4&gt;, liftsSlopesRepositoryStub: Mock&lt;ILiftsSlopesRepository:4&gt;, sut: LiftsService { })" storage="/mnt/c/users/alena/desktop/7_sem/testing_and_debugging/skiresort/bl.tests/bin/debug/net6.0/bl.tests.dll" id="7588f605-dfb7-e439-1c4e-c201c56e2135">
      <Execution id="d719bd18-e45f-43b2-b124-a39913b2aa3a" />
      <TestMethod codeBase="/mnt/c/Users/alena/Desktop/7_sem/testing_and_debugging/SkiResort/BL.Tests/bin/Debug/net6.0/BL.Tests.dll" adapterTypeName="executor://xunit/VsTestRunner2/netcoreapp" className="BL.Tests.LiftsServiceTest" name="TestAdminDeleteLiftAsync" />
    </UnitTest>
    <UnitTest name="BL.Tests.LiftsSlopesServiceTests.TestAdminAddAutoIncrementLiftSlopeAsync(lift: Lift { LiftID = 146, LiftName = liftName9651b90f-8364-4b1b-8476-3d5b22959207, IsOpen = True, SeatsAmount = 253, LiftingTime = 172, QueueTime = 10, ConnectedSlopes =  }, slope: Slope { SlopeID = 188, SlopeName = slopeNameaa2462c7-0a06-49d6-b0b8-da3a7bf8065f, IsOpen = False, DifficultyLevel = 95, ConnectedLifts =  }, slopesRepositoryStub: Mock&lt;ISlopesRepository:3&gt;,..." storage="/mnt/c/users/alena/desktop/7_sem/testing_and_debugging/skiresort/bl.tests/bin/debug/net6.0/bl.tests.dll" id="b798371a-cd17-b883-3b56-c50d5626c623">
      <Execution id="3a31ba22-1e39-4349-b562-70a24e495812" />
      <TestMethod codeBase="/mnt/c/Users/alena/Desktop/7_sem/testing_and_debugging/SkiResort/BL.Tests/bin/Debug/net6.0/BL.Tests.dll" adapterTypeName="executor://xunit/VsTestRunner2/netcoreapp" className="BL.Tests.LiftsSlopesServiceTests" name="TestAdminAddAutoIncrementLiftSlopeAsync" />
    </UnitTest>
    <UnitTest name="BL.Tests.LiftsSlopesServiceTests.TestAdminDeleteLiftSlopeAsync(lift: Lift { LiftID = 151, LiftName = liftNameaed767a6-45a7-4f02-9041-329b72f0658f, IsOpen = True, SeatsAmount = 18, LiftingTime = 166, QueueTime = 87, ConnectedSlopes =  }, slope: Slope { SlopeID = 52, SlopeName = slopeNameb50f2d42-a4b0-4e2c-ae87-16f20c1fd970, IsOpen = False, DifficultyLevel = 194, ConnectedLifts =  }, slopesRepositoryStub: Mock&lt;ISlopesRepository:2&gt;, liftsRepos..." storage="/mnt/c/users/alena/desktop/7_sem/testing_and_debugging/skiresort/bl.tests/bin/debug/net6.0/bl.tests.dll" id="47c272fc-9cb4-046e-a6d6-6cc73d84db2e">
      <Execution id="0a1516de-7413-4de0-b0b1-953c86efb43d" />
      <TestMethod codeBase="/mnt/c/Users/alena/Desktop/7_sem/testing_and_debugging/SkiResort/BL.Tests/bin/Debug/net6.0/BL.Tests.dll" adapterTypeName="executor://xunit/VsTestRunner2/netcoreapp" className="BL.Tests.LiftsSlopesServiceTests" name="TestAdminDeleteLiftSlopeAsync" />
    </UnitTest>
    <UnitTest name="BL.Tests.LiftsSlopesServiceTests.TestGetLiftsSlopesInfoAsync(liftsSlopes: [LiftSlope { RecordID = 67, LiftID = 5, SlopeID = 196 }, LiftSlope { RecordID = 205, LiftID = 108, SlopeID = 151 }, LiftSlope { RecordID = 28, LiftID = 162, SlopeID = 29 }], slopesRepositoryStub: Mock&lt;ISlopesRepository:1&gt;, liftsRepositoryStub: Mock&lt;ILiftsRepository:6&gt;, liftsSlopesRepositoryStub: Mock&lt;ILiftsSlopesRepository:6&gt;)" storage="/mnt/c/users/alena/desktop/7_sem/testing_and_debugging/skiresort/bl.tests/bin/debug/net6.0/bl.tests.dll" id="e429852d-a6ed-7c2a-25fd-cd839b159d56">
      <Execution id="a1af0f8c-56b4-4f25-b6cc-5594731073ee" />
      <TestMethod codeBase="/mnt/c/Users/alena/Desktop/7_sem/testing_and_debugging/SkiResort/BL.Tests/bin/Debug/net6.0/BL.Tests.dll" adapterTypeName="executor://xunit/VsTestRunner2/netcoreapp" className="BL.Tests.LiftsSlopesServiceTests" name="TestGetLiftsSlopesInfoAsync" />
    </UnitTest>
    <UnitTest name="BL.Tests.UsersServiceTests.TestAdminUpdateUser" storage="/mnt/c/users/alena/desktop/7_sem/testing_and_debugging/skiresort/bl.tests/bin/debug/net6.0/bl.tests.dll" id="06d0bc3a-24a0-fb7f-4277-e9ae6d21c7dd">
      <Execution id="461e7981-0da7-41c0-b959-391243bc7c11" />
      <TestMethod codeBase="/mnt/c/Users/alena/Desktop/7_sem/testing_and_debugging/SkiResort/BL.Tests/bin/Debug/net6.0/BL.Tests.dll" adapterTypeName="executor://xunit/VsTestRunner2/netcoreapp" className="BL.Tests.UsersServiceTests" name="TestAdminUpdateUser" />
    </UnitTest>
    <UnitTest name="BL.Tests.UsersServiceTests.TestAdminGetUserByIDAsync" storage="/mnt/c/users/alena/desktop/7_sem/testing_and_debugging/skiresort/bl.tests/bin/debug/net6.0/bl.tests.dll" id="e5497347-2721-b7a6-0bd4-69a9921f6947">
      <Execution id="f445a668-d9a1-44c0-acd7-661caf800254" />
      <TestMethod codeBase="/mnt/c/Users/alena/Desktop/7_sem/testing_and_debugging/SkiResort/BL.Tests/bin/Debug/net6.0/BL.Tests.dll" adapterTypeName="executor://xunit/VsTestRunner2/netcoreapp" className="BL.Tests.UsersServiceTests" name="TestAdminGetUserByIDAsync" />
    </UnitTest>
    <UnitTest name="BL.Tests.TurnstilesServiceTest.TestAdminGetTurnstileAsync(userID: 53, turnstile: Turnstile { TurnstileID = 94, LiftID = 1, IsOpen = True }, checkPermissionServiceMock: Mock&lt;ICheckPermissionService:12&gt;, turnstilesRepositoryStub: Mock&lt;ITurnstilesRepository:6&gt;, sut: TurnstilesService { })" storage="/mnt/c/users/alena/desktop/7_sem/testing_and_debugging/skiresort/bl.tests/bin/debug/net6.0/bl.tests.dll" id="26f4ff6f-baf2-d6da-3a2b-0e456612a237">
      <Execution id="cb33badb-433d-4b1e-8fb1-1b0673b47a13" />
      <TestMethod codeBase="/mnt/c/Users/alena/Desktop/7_sem/testing_and_debugging/SkiResort/BL.Tests/bin/Debug/net6.0/BL.Tests.dll" adapterTypeName="executor://xunit/VsTestRunner2/netcoreapp" className="BL.Tests.TurnstilesServiceTest" name="TestAdminGetTurnstileAsync" />
    </UnitTest>
    <UnitTest name="BL.Tests.LiftsServiceTest.TestGetLiftsInfoAsync(userID: 167, initialLifts: [Lift { LiftID = 176, LiftName = liftName1cf468db-11d1-483f-b60b-a04239ff5ee0, IsOpen = True, SeatsAmount = 168, LiftingTime = 129, QueueTime = 13, ConnectedSlopes =  }, Lift { LiftID = 105, LiftName = liftNameb3346d4b-5433-40b0-8bb3-ea3887220170, IsOpen = False, SeatsAmount = 229, LiftingTime = 75, QueueTime = 76, ConnectedSlopes =  }, Lift { LiftID = 60, LiftName =..." storage="/mnt/c/users/alena/desktop/7_sem/testing_and_debugging/skiresort/bl.tests/bin/debug/net6.0/bl.tests.dll" id="b8d974fc-211f-b1eb-1c95-8ae056cf9e74">
      <Execution id="4c3dc6e6-9a88-4b31-9b9b-04e9ffd98397" />
      <TestMethod codeBase="/mnt/c/Users/alena/Desktop/7_sem/testing_and_debugging/SkiResort/BL.Tests/bin/Debug/net6.0/BL.Tests.dll" adapterTypeName="executor://xunit/VsTestRunner2/netcoreapp" className="BL.Tests.LiftsServiceTest" name="TestGetLiftsInfoAsync" />
    </UnitTest>
    <UnitTest name="BL.Tests.UsersServiceTests.TestAdminGetUsers" storage="/mnt/c/users/alena/desktop/7_sem/testing_and_debugging/skiresort/bl.tests/bin/debug/net6.0/bl.tests.dll" id="20ad8570-0170-85de-dcd7-2f109dd7bcd6">
      <Execution id="8cf0c6ed-0e24-4bd7-8d97-58eebe348a9a" />
      <TestMethod codeBase="/mnt/c/Users/alena/Desktop/7_sem/testing_and_debugging/SkiResort/BL.Tests/bin/Debug/net6.0/BL.Tests.dll" adapterTypeName="executor://xunit/VsTestRunner2/netcoreapp" className="BL.Tests.UsersServiceTests" name="TestAdminGetUsers" />
    </UnitTest>
    <UnitTest name="BL.Tests.LiftsServiceTest.TestGetLiftInfoAsync(userID: 84, lift: Lift { LiftID = 178, LiftName = liftName5fb702e1-36ea-4027-a889-79487c85621f, IsOpen = True, SeatsAmount = 251, LiftingTime = 80, QueueTime = 142, ConnectedSlopes =  }, checkPermissionServiceMock: Mock&lt;ICheckPermissionService:1&gt;, liftsRepositoryStub: Mock&lt;ILiftsRepository:1&gt;, liftsSlopesRepositoryStub: Mock&lt;ILiftsSlopesRepository:1&gt;, sut: LiftsService { })" storage="/mnt/c/users/alena/desktop/7_sem/testing_and_debugging/skiresort/bl.tests/bin/debug/net6.0/bl.tests.dll" id="24d86113-e991-5b16-f32a-4aff5c23cd48">
      <Execution id="46e70684-8791-464a-b6c5-a6fe16baed9f" />
      <TestMethod codeBase="/mnt/c/Users/alena/Desktop/7_sem/testing_and_debugging/SkiResort/BL.Tests/bin/Debug/net6.0/BL.Tests.dll" adapterTypeName="executor://xunit/VsTestRunner2/netcoreapp" className="BL.Tests.LiftsServiceTest" name="TestGetLiftInfoAsync" />
    </UnitTest>
    <UnitTest name="BL.Tests.SlopesServiceTest.TestAdminAddSlopeAsync(userID: 132, slope: Slope { SlopeID = 121, SlopeName = slopeNamec847b6da-4ea8-47d0-ba49-31e3b90fd932, IsOpen = True, DifficultyLevel = 4, ConnectedLifts =  }, checkPermissionServiceMock: Mock&lt;ICheckPermissionService:11&gt;, slopesRepositoryStub: Mock&lt;ISlopesRepository:9&gt;, sut: SlopesService { })" storage="/mnt/c/users/alena/desktop/7_sem/testing_and_debugging/skiresort/bl.tests/bin/debug/net6.0/bl.tests.dll" id="b6e7fab3-0124-c632-5e11-3fb82d6971d3">
      <Execution id="a7062161-006d-4c06-b7bc-8a50e91a3561" />
      <TestMethod codeBase="/mnt/c/Users/alena/Desktop/7_sem/testing_and_debugging/SkiResort/BL.Tests/bin/Debug/net6.0/BL.Tests.dll" adapterTypeName="executor://xunit/VsTestRunner2/netcoreapp" className="BL.Tests.SlopesServiceTest" name="TestAdminAddSlopeAsync" />
    </UnitTest>
  </TestDefinitions>
  <TestEntries>
    <TestEntry testId="22ab3621-d621-978d-625e-17b52fd1eea2" executionId="523b941e-3123-4364-a98d-8e38dab92dd5" testListId="8c84fa94-04c1-424b-9868-57a2d4851a1d" />
    <TestEntry testId="95ef884e-fc98-2fc4-8149-b5cdead9c69c" executionId="666d5723-aad0-40ab-ba5f-71ccd1edd55e" testListId="8c84fa94-04c1-424b-9868-57a2d4851a1d" />
    <TestEntry testId="aa28a6b3-21d3-aa45-24d3-bef2facbc899" executionId="0a11ea6a-2c44-48ca-922f-ac32d3cde23e" testListId="8c84fa94-04c1-424b-9868-57a2d4851a1d" />
    <TestEntry testId="fa960c5e-f989-2880-784e-8efe538c5231" executionId="6887a326-d775-4dc8-9376-1a1d10648732" testListId="8c84fa94-04c1-424b-9868-57a2d4851a1d" />
    <TestEntry testId="894941c1-bfa7-d8f9-c047-1e1ceefe2c2f" executionId="7e84c0aa-25f3-4170-b0fd-ab8687a850d4" testListId="8c84fa94-04c1-424b-9868-57a2d4851a1d" />
    <TestEntry testId="e5497347-2721-b7a6-0bd4-69a9921f6947" executionId="f445a668-d9a1-44c0-acd7-661caf800254" testListId="8c84fa94-04c1-424b-9868-57a2d4851a1d" />
    <TestEntry testId="229812f5-9a73-5335-11f5-31330d1348a5" executionId="73f8b0d7-9ede-44c6-be22-af21026c7fc6" testListId="8c84fa94-04c1-424b-9868-57a2d4851a1d" />
    <TestEntry testId="2be77026-0989-eb3c-608a-b60484003f72" executionId="b171f959-3cb4-4abe-8643-e26a208ab3ba" testListId="8c84fa94-04c1-424b-9868-57a2d4851a1d" />
    <TestEntry testId="9527c0eb-1ac4-19b2-af8b-86d9f05c2753" executionId="4eb28c44-2f6a-452e-ba5f-42204b93c3fb" testListId="8c84fa94-04c1-424b-9868-57a2d4851a1d" />
    <TestEntry testId="891136a4-da9f-c620-a400-dac83f687bcf" executionId="beac656f-6c64-4ddb-a96e-163a7331d080" testListId="8c84fa94-04c1-424b-9868-57a2d4851a1d" />
    <TestEntry testId="20ad8570-0170-85de-dcd7-2f109dd7bcd6" executionId="8cf0c6ed-0e24-4bd7-8d97-58eebe348a9a" testListId="8c84fa94-04c1-424b-9868-57a2d4851a1d" />
    <TestEntry testId="2602613f-c8e2-a6d9-fcf7-5b27d4a770a6" executionId="b96b1c46-d5dc-4050-b814-bd9369d273a7" testListId="8c84fa94-04c1-424b-9868-57a2d4851a1d" />
    <TestEntry testId="f25aa3e2-1359-f800-dc94-4b39ad11b554" executionId="e022fe2c-200f-4211-bf3b-fadbd2eeee67" testListId="8c84fa94-04c1-424b-9868-57a2d4851a1d" />
    <TestEntry testId="7588f605-dfb7-e439-1c4e-c201c56e2135" executionId="d719bd18-e45f-43b2-b124-a39913b2aa3a" testListId="8c84fa94-04c1-424b-9868-57a2d4851a1d" />
    <TestEntry testId="18fa8c62-e27d-e1fc-8182-4d7db62b008d" executionId="ffbf5c80-f51f-475f-a6b6-725132baf067" testListId="8c84fa94-04c1-424b-9868-57a2d4851a1d" />
    <TestEntry testId="7bb81c83-ac48-0157-be27-dc5d71f313d7" executionId="94f11f15-d0a0-4f8b-b2f7-9b697b971ff7" testListId="8c84fa94-04c1-424b-9868-57a2d4851a1d" />
    <TestEntry testId="387c9729-48c1-486e-5e67-f5d11a9f0db8" executionId="2bbfde25-e003-4825-94f4-0f35a026bd3c" testListId="8c84fa94-04c1-424b-9868-57a2d4851a1d" />
    <TestEntry testId="644ec43e-70cd-c82d-42e7-0d990be1414d" executionId="4adc7dd6-d005-42b4-86e7-663845a27dda" testListId="8c84fa94-04c1-424b-9868-57a2d4851a1d" />
    <TestEntry testId="2d706594-f2b3-b3c8-21d4-86c9798c3306" executionId="e9b6d1af-93e4-4932-9231-140133d0e5dd" testListId="8c84fa94-04c1-424b-9868-57a2d4851a1d" />
    <TestEntry testId="834c739b-eca4-b36d-6a66-5a1bd75377b8" executionId="fe5086bd-156b-4d87-b8c8-a42e2eb1f39d" testListId="8c84fa94-04c1-424b-9868-57a2d4851a1d" />
    <TestEntry testId="a19a5fcf-c5d2-7d44-5d7d-84403042f4e0" executionId="053ecede-40b8-4adf-9272-e33148e4c0fd" testListId="8c84fa94-04c1-424b-9868-57a2d4851a1d" />
    <TestEntry testId="b6e7fab3-0124-c632-5e11-3fb82d6971d3" executionId="a7062161-006d-4c06-b7bc-8a50e91a3561" testListId="8c84fa94-04c1-424b-9868-57a2d4851a1d" />
    <TestEntry testId="47c272fc-9cb4-046e-a6d6-6cc73d84db2e" executionId="0a1516de-7413-4de0-b0b1-953c86efb43d" testListId="8c84fa94-04c1-424b-9868-57a2d4851a1d" />
    <TestEntry testId="f44a1b21-8efc-bfac-63b4-d534442def31" executionId="cb1d1ae9-6f1c-4c41-8538-03661573bef8" testListId="8c84fa94-04c1-424b-9868-57a2d4851a1d" />
    <TestEntry testId="9c7df5e2-1b23-ebea-889f-b78ca86b60ab" executionId="026a54dc-af92-41d1-8961-0bdf964c62e9" testListId="8c84fa94-04c1-424b-9868-57a2d4851a1d" />
    <TestEntry testId="4043b9e8-7b6a-7eab-e19d-16927b5b9f38" executionId="54d333da-1246-42e3-b4c2-5fb75edf239d" testListId="8c84fa94-04c1-424b-9868-57a2d4851a1d" />
    <TestEntry testId="b798371a-cd17-b883-3b56-c50d5626c623" executionId="3a31ba22-1e39-4349-b562-70a24e495812" testListId="8c84fa94-04c1-424b-9868-57a2d4851a1d" />
    <TestEntry testId="60bd668f-04df-da5e-b79b-5d9aedb5234d" executionId="fb6140fd-e011-452b-a535-8ac2d74bb51a" testListId="8c84fa94-04c1-424b-9868-57a2d4851a1d" />
    <TestEntry testId="506c3cfc-a13f-f28f-7d96-fcd8c1ea4224" executionId="6943feae-1926-4f0b-bd79-fc7e51481fce" testListId="8c84fa94-04c1-424b-9868-57a2d4851a1d" />
    <TestEntry testId="eb42956d-95f6-9dda-920a-5bd8d15220a2" executionId="2e2c4d1c-6c28-4db0-8cad-758a331fae31" testListId="8c84fa94-04c1-424b-9868-57a2d4851a1d" />
    <TestEntry testId="eaabd2fc-2f4b-5689-59c8-c7ad34a8f634" executionId="6fbcea6b-e88e-46db-af64-d52bd49b9050" testListId="8c84fa94-04c1-424b-9868-57a2d4851a1d" />
    <TestEntry testId="0eeef75f-6e38-7893-a8fe-cff3e0a970a7" executionId="6d70effe-2832-481d-a70f-f65114cbd1ce" testListId="8c84fa94-04c1-424b-9868-57a2d4851a1d" />
    <TestEntry testId="e2d7e5be-3dae-33ae-fb17-c704b6fd58d6" executionId="980fdfef-a6a4-4fb6-af73-b4581bcf5a21" testListId="8c84fa94-04c1-424b-9868-57a2d4851a1d" />
    <TestEntry testId="24d86113-e991-5b16-f32a-4aff5c23cd48" executionId="46e70684-8791-464a-b6c5-a6fe16baed9f" testListId="8c84fa94-04c1-424b-9868-57a2d4851a1d" />
    <TestEntry testId="ac3666b8-6a02-2ee4-faf4-8ccdb8e50264" executionId="778d7012-84cd-4c24-bd4f-2e60aa5841f2" testListId="8c84fa94-04c1-424b-9868-57a2d4851a1d" />
    <TestEntry testId="1ca07ad8-f799-c5d4-e7cc-34fd950198a2" executionId="ff590bb0-1cbf-43ed-9264-6ec8930b72d8" testListId="8c84fa94-04c1-424b-9868-57a2d4851a1d" />
    <TestEntry testId="f3efc418-a8a6-c7b7-9bac-90b33aa8472f" executionId="9e4a4106-8311-42b8-b730-f9f10ea454ad" testListId="8c84fa94-04c1-424b-9868-57a2d4851a1d" />
    <TestEntry testId="492c0393-35b4-df26-a537-21ca08302f3c" executionId="8141d5f7-fa48-4753-9509-b7aa687225c7" testListId="8c84fa94-04c1-424b-9868-57a2d4851a1d" />
    <TestEntry testId="06d0bc3a-24a0-fb7f-4277-e9ae6d21c7dd" executionId="461e7981-0da7-41c0-b959-391243bc7c11" testListId="8c84fa94-04c1-424b-9868-57a2d4851a1d" />
    <TestEntry testId="a2e59116-cb53-1d70-9cb8-21c286516866" executionId="a1f09de3-fcec-4198-8241-202a558b54b0" testListId="8c84fa94-04c1-424b-9868-57a2d4851a1d" />
    <TestEntry testId="8184bd30-991c-b78d-b4ec-99a485eac0dd" executionId="4d2eb3bb-5f01-4901-ace8-2009057dd687" testListId="8c84fa94-04c1-424b-9868-57a2d4851a1d" />
    <TestEntry testId="e429852d-a6ed-7c2a-25fd-cd839b159d56" executionId="a1af0f8c-56b4-4f25-b6cc-5594731073ee" testListId="8c84fa94-04c1-424b-9868-57a2d4851a1d" />
    <TestEntry testId="69340bb6-3645-f9dd-971e-29d8b2a009bb" executionId="f132501f-2226-42b0-ae35-36ffa591f300" testListId="8c84fa94-04c1-424b-9868-57a2d4851a1d" />
    <TestEntry testId="c36970dc-93f7-753e-fa47-157133b01644" executionId="56875023-c005-41a2-a646-c1e16b38aeeb" testListId="8c84fa94-04c1-424b-9868-57a2d4851a1d" />
    <TestEntry testId="b8d974fc-211f-b1eb-1c95-8ae056cf9e74" executionId="4c3dc6e6-9a88-4b31-9b9b-04e9ffd98397" testListId="8c84fa94-04c1-424b-9868-57a2d4851a1d" />
    <TestEntry testId="26f4ff6f-baf2-d6da-3a2b-0e456612a237" executionId="cb33badb-433d-4b1e-8fb1-1b0673b47a13" testListId="8c84fa94-04c1-424b-9868-57a2d4851a1d" />
    <TestEntry testId="4f297306-d4f3-8d63-e7f4-1ac0b8c58c74" executionId="bc2629ff-3421-4fdf-be11-1f2d38cc3d2d" testListId="8c84fa94-04c1-424b-9868-57a2d4851a1d" />
  </TestEntries>
  <TestLists>
    <TestList name="Results Not in a List" id="8c84fa94-04c1-424b-9868-57a2d4851a1d" />
    <TestList name="All Loaded Results" id="19431567-8539-422a-85d7-44ee4e166bda" />
  </TestLists>
  <ResultSummary outcome="Failed">
    <Counters total="47" executed="47" passed="46" failed="1" error="0" timeout="0" aborted="0" inconclusive="0" passedButRunAborted="0" notRunnable="0" notExecuted="0" disconnected="0" warning="0" completed="0" inProgress="0" pending="0" />
    <Output>
      <StdOut>[xUnit.net 00:00:00.00] xUnit.net VSTest Adapter v2.4.5+1caef2f33e (64-bit .NET 6.0.10)
[xUnit.net 00:00:00.88]   Discovering: BL.Tests
[xUnit.net 00:00:01.14]   Discovered:  BL.Tests
[xUnit.net 00:00:01.15]   Starting:    BL.Tests
[xUnit.net 00:00:01.34]       Assert.NotEqual() Failure
[xUnit.net 00:00:01.34]       Expected: Not Lift { LiftID = 178, LiftName = liftName5fb702e1-36ea-4027-a889-79487c85621f, IsOpen = True, SeatsAmount = 251, LiftingTime = 80, QueueTime = 142, ConnectedSlopes =  }
[xUnit.net 00:00:01.34]       Actual:   Lift { LiftID = 178, LiftName = liftName5fb702e1-36ea-4027-a889-79487c85621f, IsOpen = True, SeatsAmount = 251, LiftingTime = 80, QueueTime = 142, ConnectedSlopes =  }
[xUnit.net 00:00:01.34]       Stack Trace:
[xUnit.net 00:00:01.34]         /mnt/c/Users/alena/Desktop/7_sem/testing_and_debugging/SkiResort/BL.Tests/LiftsServiceTest.cs(42,0): at BL.Tests.LiftsServiceTest.TestGetLiftInfoAsync(UInt32 userID, Lift lift, Mock`1 checkPermissionServiceMock, Mock`1 liftsRepositoryStub, Mock`1 liftsSlopesRepositoryStub, LiftsService sut)
[xUnit.net 00:00:01.34]            at System.Threading.Tasks.Task.&lt;&gt;c.&lt;ThrowAsync&gt;b__128_0(Object state)
[xUnit.net 00:00:01.56]   Finished:    BL.Tests
</StdOut>
    </Output>
    <RunInfos>
      <RunInfo computerName="DESKTOP-TJ9D65N" outcome="Error" timestamp="2022-11-03T11:18:02.2599055+03:00">
        <Text>[xUnit.net 00:00:01.34]     BL.Tests.LiftsServiceTest.TestGetLiftInfoAsync(userID: 84, lift: Lift { LiftID = 178, LiftName = liftName5fb702e1-36ea-4027-a889-79487c85621f, IsOpen = True, SeatsAmount = 251, LiftingTime = 80, QueueTime = 142, ConnectedSlopes =  }, checkPermissionServiceMock: Mock&lt;ICheckPermissionService:1&gt;, liftsRepositoryStub: Mock&lt;ILiftsRepository:1&gt;, liftsSlopesRepositoryStub: Mock&lt;ILiftsSlopesRepository:1&gt;, sut: LiftsService { }) [FAIL]</Text>
      </RunInfo>
    </RunInfos>
  </ResultSummary>
</TestRun>