<?xml version="1.0" encoding="utf-8"?>
<TestRun id="e7e42ded-d3c0-4cdd-951a-94c4c3197844" name="@DESKTOP-TJ9D65N 2022-10-21 17:15:14" xmlns="http://microsoft.com/schemas/VisualStudio/TeamTest/2010">
  <Times creation="2022-10-21T17:15:14.7899306+03:00" queuing="2022-10-21T17:15:14.7899318+03:00" start="2022-10-21T17:15:12.3011029+03:00" finish="2022-10-21T17:15:15.0530666+03:00" />
  <TestSettings name="default" id="cb712948-6909-45e0-a0e1-59f705ee62d7">
    <Deployment runDeploymentRoot="_DESKTOP-TJ9D65N_2022-10-21_17_15_14" />
  </TestSettings>
  <Results>
    <UnitTestResult executionId="f25d7c48-17f6-4f55-bc2c-c7f61f51f895" testId="a0c63d4b-d65c-83e1-adf1-5c152b75ea1e" testName="BL.Tests.LiftsServiceTest.TestUpdateLiftInfoAsync(userID: 4, lift: Lift { LiftID = 3, LiftName = liftName00965eed-40fd-4ed4-b099-6794a7f4a399, IsOpen = True, SeatsAmount = 138, LiftingTime = 238, QueueTime = 61, ConnectedSlopes =  }, checkPermissionServiceMock: Mock&lt;ICheckPermissionService:3&gt;, liftsRepositoryStub: Mock&lt;ILiftsRepository:3&gt;, sut: LiftsService { })" computerName="DESKTOP-TJ9D65N" duration="00:00:00.0078523" startTime="2022-10-21T17:15:14.8103753+03:00" endTime="2022-10-21T17:15:14.8103753+03:00" testType="13cdc9d9-ddb5-4fa4-a97d-d965ccfc6d4b" outcome="Passed" testListId="8c84fa94-04c1-424b-9868-57a2d4851a1d" relativeResultsDirectory="f25d7c48-17f6-4f55-bc2c-c7f61f51f895" />
    <UnitTestResult executionId="fbaac397-04d1-4992-b3cb-46d3db7d73d6" testId="28a784fa-6cc9-47f1-73e3-002a5c2f4bc6" testName="BL.Tests.TurnstilesServiceTest.TestAdminUpdateTurnstileAsync(userID: 97, turnstile: Turnstile { TurnstileID = 130, LiftID = 120, IsOpen = True }, checkPermissionServiceMock: Mock&lt;ICheckPermissionService:14&gt;, turnstilesRepositoryStub: Mock&lt;ITurnstilesRepository:8&gt;, sut: TurnstilesService { })" computerName="DESKTOP-TJ9D65N" duration="00:00:00.0076075" startTime="2022-10-21T17:15:14.8377489+03:00" endTime="2022-10-21T17:15:14.8377490+03:00" testType="13cdc9d9-ddb5-4fa4-a97d-d965ccfc6d4b" outcome="Passed" testListId="8c84fa94-04c1-424b-9868-57a2d4851a1d" relativeResultsDirectory="fbaac397-04d1-4992-b3cb-46d3db7d73d6" />
    <UnitTestResult executionId="6c777a8e-f4f0-401c-adf7-e893d18d92ee" testId="a19a5fcf-c5d2-7d44-5d7d-84403042f4e0" testName="BL.Tests.CheckPermissionsServiceTests.UnauthorizedHasNoAccessToAdminSkiPatrolFunctions(functionName: &quot;MarkMessageReadByUserAsync&quot;)" computerName="DESKTOP-TJ9D65N" duration="00:00:00.0496954" startTime="2022-10-21T17:15:14.6904785+03:00" endTime="2022-10-21T17:15:14.6904785+03:00" testType="13cdc9d9-ddb5-4fa4-a97d-d965ccfc6d4b" outcome="Passed" testListId="8c84fa94-04c1-424b-9868-57a2d4851a1d" relativeResultsDirectory="6c777a8e-f4f0-401c-adf7-e893d18d92ee" />
    <UnitTestResult executionId="ca3b31c2-2dbf-4087-a62b-252becb8b8dd" testId="b6184f26-4bdb-4887-cbf8-f7f556b6359c" testName="BL.Tests.LiftsSlopesServiceTests.TestAdminAddAutoIncrementLiftSlopeAsync(lift: Lift { LiftID = 174, LiftName = liftName0295c756-c303-48bd-84c9-0ae4bdeb1551, IsOpen = True, SeatsAmount = 10, LiftingTime = 12, QueueTime = 145, ConnectedSlopes =  }, slope: Slope { SlopeID = 90, SlopeName = slopeNameca667496-5220-473d-b233-9ae1b8d52c9c, IsOpen = False, DifficultyLevel = 198, ConnectedLifts =  }, slopesRepositoryStub: Mock&lt;ISlopesRepository:3&gt;, liftsRepositoryStub: Mock&lt;ILiftsRepository:8&gt;, liftsSlopesRepositoryStub: Mock&lt;ILiftsSlopesRepository:8&gt;)" computerName="DESKTOP-TJ9D65N" duration="00:00:00.0498230" startTime="2022-10-21T17:15:14.6844281+03:00" endTime="2022-10-21T17:15:14.6844726+03:00" testType="13cdc9d9-ddb5-4fa4-a97d-d965ccfc6d4b" outcome="Passed" testListId="8c84fa94-04c1-424b-9868-57a2d4851a1d" relativeResultsDirectory="ca3b31c2-2dbf-4087-a62b-252becb8b8dd" />
    <UnitTestResult executionId="6a9dfd4a-9558-4c44-b9d0-465b0c598db1" testId="492c0393-35b4-df26-a537-21ca08302f3c" testName="BL.Tests.CheckPermissionsServiceTests.SkiPatrolHasNoAccessToAdminFunctions" computerName="DESKTOP-TJ9D65N" duration="00:00:00.0029229" startTime="2022-10-21T17:15:14.9614223+03:00" endTime="2022-10-21T17:15:14.9614225+03:00" testType="13cdc9d9-ddb5-4fa4-a97d-d965ccfc6d4b" outcome="Passed" testListId="8c84fa94-04c1-424b-9868-57a2d4851a1d" relativeResultsDirectory="6a9dfd4a-9558-4c44-b9d0-465b0c598db1" />
    <UnitTestResult executionId="e06e72b7-f9e8-434b-bb99-beb65e06aafb" testId="644ec43e-70cd-c82d-42e7-0d990be1414d" testName="BL.Tests.CheckPermissionsServiceTests.AuthorizedHasAccessToAuthorizedFunctions(functionName: &quot;SendMessageAsync&quot;)" computerName="DESKTOP-TJ9D65N" duration="00:00:00.0021050" startTime="2022-10-21T17:15:14.9261562+03:00" endTime="2022-10-21T17:15:14.9261562+03:00" testType="13cdc9d9-ddb5-4fa4-a97d-d965ccfc6d4b" outcome="Passed" testListId="8c84fa94-04c1-424b-9868-57a2d4851a1d" relativeResultsDirectory="e06e72b7-f9e8-434b-bb99-beb65e06aafb" />
    <UnitTestResult executionId="a5e958e6-4ab1-4c03-86ef-d357df390776" testId="4f297306-d4f3-8d63-e7f4-1ac0b8c58c74" testName="BL.Tests.CheckPermissionsServiceTests.AuthorizedHasNoAccessToAdminSkiPatrolFunctions(functionName: &quot;GetLiftsSlopesInfoAsync&quot;)" computerName="DESKTOP-TJ9D65N" duration="00:00:00.0012654" startTime="2022-10-21T17:15:14.9151640+03:00" endTime="2022-10-21T17:15:14.9151641+03:00" testType="13cdc9d9-ddb5-4fa4-a97d-d965ccfc6d4b" outcome="Passed" testListId="8c84fa94-04c1-424b-9868-57a2d4851a1d" relativeResultsDirectory="a5e958e6-4ab1-4c03-86ef-d357df390776" />
    <UnitTestResult executionId="88cf8ce3-3452-4e55-ab74-27927bef2dc5" testId="87ef41fb-f26a-12e4-9aa6-395a1a388717" testName="BL.Tests.SlopesServiceTest.TestAdminAddAutoIncrementSlopeAsync(userID: 59, slope: Slope { SlopeID = 152, SlopeName = slopeName55d87f6b-f333-4d44-a6b5-f5d1d1514c5e, IsOpen = True, DifficultyLevel = 55, ConnectedLifts =  }, checkPermissionServiceMock: Mock&lt;ICheckPermissionService:10&gt;, slopesRepositoryStub: Mock&lt;ISlopesRepository:8&gt;, sut: SlopesService { })" computerName="DESKTOP-TJ9D65N" duration="00:00:00.0127391" startTime="2022-10-21T17:15:14.8108551+03:00" endTime="2022-10-21T17:15:14.8108552+03:00" testType="13cdc9d9-ddb5-4fa4-a97d-d965ccfc6d4b" outcome="Passed" testListId="8c84fa94-04c1-424b-9868-57a2d4851a1d" relativeResultsDirectory="88cf8ce3-3452-4e55-ab74-27927bef2dc5" />
    <UnitTestResult executionId="1b35e57c-2ba7-42f5-988b-f363be1ed20b" testId="fa960c5e-f989-2880-784e-8efe538c5231" testName="BL.Tests.CheckPermissionsServiceTests.UnauthorizedHasNoAccessToAuthorizedFunctions(functionName: &quot;LogOutAsync&quot;)" computerName="DESKTOP-TJ9D65N" duration="00:00:00.0013334" startTime="2022-10-21T17:15:14.8090259+03:00" endTime="2022-10-21T17:15:14.8090260+03:00" testType="13cdc9d9-ddb5-4fa4-a97d-d965ccfc6d4b" outcome="Passed" testListId="8c84fa94-04c1-424b-9868-57a2d4851a1d" relativeResultsDirectory="1b35e57c-2ba7-42f5-988b-f363be1ed20b" />
    <UnitTestResult executionId="04c6432b-0da3-433c-bf28-c0628e887f85" testId="387c9729-48c1-486e-5e67-f5d11a9f0db8" testName="BL.Tests.CheckPermissionsServiceTests.UnauthorizedHasNoAccessToAdminSkiPatrolFunctions(functionName: &quot;GetLiftsSlopesInfoAsync&quot;)" computerName="DESKTOP-TJ9D65N" duration="00:00:00.0019625" startTime="2022-10-21T17:15:14.7582406+03:00" endTime="2022-10-21T17:15:14.7582406+03:00" testType="13cdc9d9-ddb5-4fa4-a97d-d965ccfc6d4b" outcome="Passed" testListId="8c84fa94-04c1-424b-9868-57a2d4851a1d" relativeResultsDirectory="04c6432b-0da3-433c-bf28-c0628e887f85" />
    <UnitTestResult executionId="975a1a19-14d7-4140-89af-f0297d23fbe4" testId="e2d7e5be-3dae-33ae-fb17-c704b6fd58d6" testName="BL.Tests.CheckPermissionsServiceTests.UnauthorizedHasNoAccessToAdminFunctions" computerName="DESKTOP-TJ9D65N" duration="00:00:00.0023354" startTime="2022-10-21T17:15:14.9481039+03:00" endTime="2022-10-21T17:15:14.9481040+03:00" testType="13cdc9d9-ddb5-4fa4-a97d-d965ccfc6d4b" outcome="Passed" testListId="8c84fa94-04c1-424b-9868-57a2d4851a1d" relativeResultsDirectory="975a1a19-14d7-4140-89af-f0297d23fbe4" />
    <UnitTestResult executionId="39d5779e-dc21-401f-b7da-4f859c962b0a" testId="20ad8570-0170-85de-dcd7-2f109dd7bcd6" testName="BL.Tests.UsersServiceTests.TestAdminGetUsers" computerName="DESKTOP-TJ9D65N" duration="00:00:00.0576866" startTime="2022-10-21T17:15:14.6909223+03:00" endTime="2022-10-21T17:15:14.6909224+03:00" testType="13cdc9d9-ddb5-4fa4-a97d-d965ccfc6d4b" outcome="Passed" testListId="8c84fa94-04c1-424b-9868-57a2d4851a1d" relativeResultsDirectory="39d5779e-dc21-401f-b7da-4f859c962b0a" />
    <UnitTestResult executionId="19309386-e9d8-480b-b4d1-d707250a806d" testId="86975334-a9c3-7a0c-fc67-3fcc839c79ee" testName="BL.Tests.SlopesServiceTest.TestGetSlopesInfoAsync(userID: 34, initialSlopes: [Slope { SlopeID = 97, SlopeName = slopeNamef361d9dc-f21e-4fd1-a57f-3c4df5a5f8a8, IsOpen = True, DifficultyLevel = 27, ConnectedLifts =  }, Slope { SlopeID = 249, SlopeName = slopeName5875d7e2-a862-4fde-8d55-35d78220f7cd, IsOpen = False, DifficultyLevel = 21, ConnectedLifts =  }, Slope { SlopeID = 231, SlopeName = slopeNamed4174e3c-b591-4e13-b7d4-960c454d6da8, IsOpen = True, DifficultyLevel = 213, ConnectedLifts =  }], checkPermissionServiceMock: Mock&lt;ICheckPermissionService:7&gt;, slopesRepositoryStub: Mock&lt;ISlopesRepository:5&gt;, liftsSlopesRepositoryStub: Mock&lt;ILiftsSlopesRepository:10&gt;, sut: SlopesService { })" computerName="DESKTOP-TJ9D65N" duration="00:00:00.0159347" startTime="2022-10-21T17:15:14.8446732+03:00" endTime="2022-10-21T17:15:14.8446732+03:00" testType="13cdc9d9-ddb5-4fa4-a97d-d965ccfc6d4b" outcome="Passed" testListId="8c84fa94-04c1-424b-9868-57a2d4851a1d" relativeResultsDirectory="19309386-e9d8-480b-b4d1-d707250a806d" />
    <UnitTestResult executionId="496c0d68-f82c-48b2-9f82-2beb47361811" testId="0eeef75f-6e38-7893-a8fe-cff3e0a970a7" testName="BL.Tests.UsersServiceTests.TestRegisterOk" computerName="DESKTOP-TJ9D65N" duration="00:00:00.0127789" startTime="2022-10-21T17:15:14.8445853+03:00" endTime="2022-10-21T17:15:14.8445854+03:00" testType="13cdc9d9-ddb5-4fa4-a97d-d965ccfc6d4b" outcome="Passed" testListId="8c84fa94-04c1-424b-9868-57a2d4851a1d" relativeResultsDirectory="496c0d68-f82c-48b2-9f82-2beb47361811" />
    <UnitTestResult executionId="cb84ec24-6471-4d8b-951e-a43a55f9bd82" testId="c00660fd-7375-f790-9ecb-27a8764be140" testName="BL.Tests.LiftsSlopesServiceTests.TestAdminDeleteLiftSlopeAsync(lift: Lift { LiftID = 180, LiftName = liftNamed3bd06a9-6f0d-49dd-95db-45f9e45352f1, IsOpen = True, SeatsAmount = 155, LiftingTime = 195, QueueTime = 79, ConnectedSlopes =  }, slope: Slope { SlopeID = 89, SlopeName = slopeNamec28f25bd-7cf6-48a7-9105-8e0e583f4d55, IsOpen = False, DifficultyLevel = 212, ConnectedLifts =  }, slopesRepositoryStub: Mock&lt;ISlopesRepository:2&gt;, liftsRepositoryStub: Mock&lt;ILiftsRepository:7&gt;, liftsSlopesRepositoryStub: Mock&lt;ILiftsSlopesRepository:7&gt;)" computerName="DESKTOP-TJ9D65N" duration="00:00:00.0114837" startTime="2022-10-21T17:15:14.7738504+03:00" endTime="2022-10-21T17:15:14.7738505+03:00" testType="13cdc9d9-ddb5-4fa4-a97d-d965ccfc6d4b" outcome="Passed" testListId="8c84fa94-04c1-424b-9868-57a2d4851a1d" relativeResultsDirectory="cb84ec24-6471-4d8b-951e-a43a55f9bd82" />
    <UnitTestResult executionId="636adfe6-7c1c-4276-99b3-19d4bf8dc235" testId="25faad86-8a65-5c6f-111f-42540ee678e1" testName="BL.Tests.LiftsServiceTest.TestGetLiftInfoAsync(userID: 104, lift: Lift { LiftID = 210, LiftName = liftNamebb39433f-b43b-4ad0-883c-b2a8f2076901, IsOpen = True, SeatsAmount = 180, LiftingTime = 190, QueueTime = 26, ConnectedSlopes =  }, checkPermissionServiceMock: Mock&lt;ICheckPermissionService:1&gt;, liftsRepositoryStub: Mock&lt;ILiftsRepository:1&gt;, liftsSlopesRepositoryStub: Mock&lt;ILiftsSlopesRepository:1&gt;, sut: LiftsService { })" computerName="DESKTOP-TJ9D65N" duration="00:00:00.0135708" startTime="2022-10-21T17:15:14.7583480+03:00" endTime="2022-10-21T17:15:14.7583480+03:00" testType="13cdc9d9-ddb5-4fa4-a97d-d965ccfc6d4b" outcome="Passed" testListId="8c84fa94-04c1-424b-9868-57a2d4851a1d" relativeResultsDirectory="636adfe6-7c1c-4276-99b3-19d4bf8dc235" />
    <UnitTestResult executionId="f5a7b716-a071-444d-bba3-8ad9b13213e6" testId="8184bd30-991c-b78d-b4ec-99a485eac0dd" testName="BL.Tests.UsersServiceTests.TestRegisterUserWithNoEmail" computerName="DESKTOP-TJ9D65N" duration="00:00:00.0100740" startTime="2022-10-21T17:15:14.7583214+03:00" endTime="2022-10-21T17:15:14.7583215+03:00" testType="13cdc9d9-ddb5-4fa4-a97d-d965ccfc6d4b" outcome="Passed" testListId="8c84fa94-04c1-424b-9868-57a2d4851a1d" relativeResultsDirectory="f5a7b716-a071-444d-bba3-8ad9b13213e6" />
    <UnitTestResult executionId="c51d23c2-6bf4-4b4e-8b04-8cc1934b1432" testId="69340bb6-3645-f9dd-971e-29d8b2a009bb" testName="BL.Tests.UsersServiceTests.TestLogInWithWrongPassword" computerName="DESKTOP-TJ9D65N" duration="00:00:00.0029946" startTime="2022-10-21T17:15:14.8773283+03:00" endTime="2022-10-21T17:15:14.8773284+03:00" testType="13cdc9d9-ddb5-4fa4-a97d-d965ccfc6d4b" outcome="Passed" testListId="8c84fa94-04c1-424b-9868-57a2d4851a1d" relativeResultsDirectory="c51d23c2-6bf4-4b4e-8b04-8cc1934b1432" />
    <UnitTestResult executionId="e5144ed9-727f-463f-8510-53749bdc05e4" testId="eaabd2fc-2f4b-5689-59c8-c7ad34a8f634" testName="BL.Tests.CheckPermissionsServiceTests.UnauthorizedHasNoAccessToAuthorizedFunctions(functionName: &quot;SendMessageAsync&quot;)" computerName="DESKTOP-TJ9D65N" duration="00:00:00.0042701" startTime="2022-10-21T17:15:14.7896960+03:00" endTime="2022-10-21T17:15:14.7896961+03:00" testType="13cdc9d9-ddb5-4fa4-a97d-d965ccfc6d4b" outcome="Passed" testListId="8c84fa94-04c1-424b-9868-57a2d4851a1d" relativeResultsDirectory="e5144ed9-727f-463f-8510-53749bdc05e4" />
    <UnitTestResult executionId="2cee5565-62df-4e73-ace8-5a0e1b224c11" testId="9c7df5e2-1b23-ebea-889f-b78ca86b60ab" testName="BL.Tests.CheckPermissionsServiceTests.AuthorizedHasNoAccessToAdminSkiPatrolFunctions(functionName: &quot;MarkMessageReadByUserAsync&quot;)" computerName="DESKTOP-TJ9D65N" duration="00:00:00.0014364" startTime="2022-10-21T17:15:14.9055549+03:00" endTime="2022-10-21T17:15:14.9055550+03:00" testType="13cdc9d9-ddb5-4fa4-a97d-d965ccfc6d4b" outcome="Passed" testListId="8c84fa94-04c1-424b-9868-57a2d4851a1d" relativeResultsDirectory="2cee5565-62df-4e73-ace8-5a0e1b224c11" />
    <UnitTestResult executionId="91701dc9-1cc4-4f36-84e2-376660345d1f" testId="324a593b-8a75-68d9-886b-aafd395315e0" testName="BL.Tests.LiftsServiceTest.TestAdminAddAutoIncrementLiftAsync(userID: 29, lift: Lift { LiftID = 161, LiftName = liftName7f10f315-3fe0-40ef-9a97-eab34af38fc8, IsOpen = True, SeatsAmount = 42, LiftingTime = 102, QueueTime = 254, ConnectedSlopes =  }, checkPermissionServiceMock: Mock&lt;ICheckPermissionService:5&gt;, liftsRepositoryStub: Mock&lt;ILiftsRepository:5&gt;, sut: LiftsService { })" computerName="DESKTOP-TJ9D65N" duration="00:00:00.0117406" startTime="2022-10-21T17:15:14.7871889+03:00" endTime="2022-10-21T17:15:14.7871890+03:00" testType="13cdc9d9-ddb5-4fa4-a97d-d965ccfc6d4b" outcome="Passed" testListId="8c84fa94-04c1-424b-9868-57a2d4851a1d" relativeResultsDirectory="91701dc9-1cc4-4f36-84e2-376660345d1f" />
    <UnitTestResult executionId="94b3d4c0-3bd6-44d1-af7e-b31fdc33194d" testId="1aa5d748-ff8f-8dad-9129-d293be2f0a5b" testName="BL.Tests.SlopesServiceTest.TestAdminDeleteSlopeAsync(userID: 242, slope: Slope { SlopeID = 36, SlopeName = slopeNameb639fd38-c67e-4bdf-bbb5-93dc7e1bf731, IsOpen = True, DifficultyLevel = 68, ConnectedLifts =  }, checkPermissionServiceMock: Mock&lt;ICheckPermissionService:9&gt;, slopesRepositoryStub: Mock&lt;ISlopesRepository:7&gt;, liftsSlopesRepositoryStub: Mock&lt;ILiftsSlopesRepository:12&gt;, sut: SlopesService { })" computerName="DESKTOP-TJ9D65N" duration="00:00:00.0059448" startTime="2022-10-21T17:15:14.7582758+03:00" endTime="2022-10-21T17:15:14.7582758+03:00" testType="13cdc9d9-ddb5-4fa4-a97d-d965ccfc6d4b" outcome="Passed" testListId="8c84fa94-04c1-424b-9868-57a2d4851a1d" relativeResultsDirectory="94b3d4c0-3bd6-44d1-af7e-b31fdc33194d" />
    <UnitTestResult executionId="9090f12c-b251-4115-84af-5ae4074b1b7d" testId="834c739b-eca4-b36d-6a66-5a1bd75377b8" testName="BL.Tests.UsersServiceTests.TestAdminAddAutoIncrementUser" computerName="DESKTOP-TJ9D65N" duration="00:00:00.0068050" startTime="2022-10-21T17:15:14.8983884+03:00" endTime="2022-10-21T17:15:14.8983886+03:00" testType="13cdc9d9-ddb5-4fa4-a97d-d965ccfc6d4b" outcome="Passed" testListId="8c84fa94-04c1-424b-9868-57a2d4851a1d" relativeResultsDirectory="9090f12c-b251-4115-84af-5ae4074b1b7d" />
    <UnitTestResult executionId="86c51a97-8baf-490d-a505-c42b68f21679" testId="d172330b-5f47-ee79-3347-cd480e1ab202" testName="BL.Tests.TurnstilesServiceTest.TestAdminDeleteTurnstileAsync(userID: 249, turnstile: Turnstile { TurnstileID = 248, LiftID = 39, IsOpen = True }, checkPermissionServiceMock: Mock&lt;ICheckPermissionService:15&gt;, turnstilesRepositoryStub: Mock&lt;ITurnstilesRepository:9&gt;, sut: TurnstilesService { })" computerName="DESKTOP-TJ9D65N" duration="00:00:00.0080050" startTime="2022-10-21T17:15:14.7583003+03:00" endTime="2022-10-21T17:15:14.7583004+03:00" testType="13cdc9d9-ddb5-4fa4-a97d-d965ccfc6d4b" outcome="Passed" testListId="8c84fa94-04c1-424b-9868-57a2d4851a1d" relativeResultsDirectory="86c51a97-8baf-490d-a505-c42b68f21679" />
    <UnitTestResult executionId="9527b8fc-dee1-46a6-bb1d-91c5f2229fd2" testId="e5497347-2721-b7a6-0bd4-69a9921f6947" testName="BL.Tests.UsersServiceTests.TestAdminGetUserByIDAsync" computerName="DESKTOP-TJ9D65N" duration="00:00:00.0039803" startTime="2022-10-21T17:15:14.9105093+03:00" endTime="2022-10-21T17:15:14.9105094+03:00" testType="13cdc9d9-ddb5-4fa4-a97d-d965ccfc6d4b" outcome="Passed" testListId="8c84fa94-04c1-424b-9868-57a2d4851a1d" relativeResultsDirectory="9527b8fc-dee1-46a6-bb1d-91c5f2229fd2" />
    <UnitTestResult executionId="7e2b13dc-4d95-4ee1-b2ee-88627137fd6b" testId="18fa8c62-e27d-e1fc-8182-4d7db62b008d" testName="BL.Tests.UsersServiceTests.TestAdminDeleteUser" computerName="DESKTOP-TJ9D65N" duration="00:00:00.0032003" startTime="2022-10-21T17:15:14.9223231+03:00" endTime="2022-10-21T17:15:14.9223232+03:00" testType="13cdc9d9-ddb5-4fa4-a97d-d965ccfc6d4b" outcome="Passed" testListId="8c84fa94-04c1-424b-9868-57a2d4851a1d" relativeResultsDirectory="7e2b13dc-4d95-4ee1-b2ee-88627137fd6b" />
    <UnitTestResult executionId="574e543e-2c46-47e5-844c-fa8151b0a051" testId="844420ef-2688-d7a2-f7ef-ed7bf7e36855" testName="BL.Tests.SlopesServiceTest.TestGetSlopeInfoAsync(userID: 46, slope: Slope { SlopeID = 198, SlopeName = slopeName95fbbdd4-7d8b-4d87-bc33-5044add8f675, IsOpen = True, DifficultyLevel = 224, ConnectedLifts =  }, checkPermissionServiceMock: Mock&lt;ICheckPermissionService:6&gt;, slopesRepositoryStub: Mock&lt;ISlopesRepository:4&gt;, liftsSlopesRepositoryStub: Mock&lt;ILiftsSlopesRepository:9&gt;, sut: SlopesService { })" computerName="DESKTOP-TJ9D65N" duration="00:00:00.0086257" startTime="2022-10-21T17:15:14.7777734+03:00" endTime="2022-10-21T17:15:14.7777735+03:00" testType="13cdc9d9-ddb5-4fa4-a97d-d965ccfc6d4b" outcome="Passed" testListId="8c84fa94-04c1-424b-9868-57a2d4851a1d" relativeResultsDirectory="574e543e-2c46-47e5-844c-fa8151b0a051" />
    <UnitTestResult executionId="b91dd2d6-788e-4a2b-92f3-c06cf34a0712" testId="b7aa1dc0-9435-8185-081b-293237b1da28" testName="BL.Tests.SlopesServiceTest.TestUpdateSlopeInfoAsync(userID: 81, slope: Slope { SlopeID = 140, SlopeName = slopeNamedabd7dec-ac1e-4901-af62-418173fbdd99, IsOpen = True, DifficultyLevel = 156, ConnectedLifts =  }, checkPermissionServiceMock: Mock&lt;ICheckPermissionService:8&gt;, slopesRepositoryStub: Mock&lt;ISlopesRepository:6&gt;, sut: SlopesService { })" computerName="DESKTOP-TJ9D65N" duration="00:00:00.0512424" startTime="2022-10-21T17:15:14.6904641+03:00" endTime="2022-10-21T17:15:14.6904642+03:00" testType="13cdc9d9-ddb5-4fa4-a97d-d965ccfc6d4b" outcome="Passed" testListId="8c84fa94-04c1-424b-9868-57a2d4851a1d" relativeResultsDirectory="b91dd2d6-788e-4a2b-92f3-c06cf34a0712" />
    <UnitTestResult executionId="df1733c6-fb5c-4a86-98ac-3caeeaf527e5" testId="30dfb900-8756-5f92-df8f-a76fc9485e45" testName="BL.Tests.SlopesServiceTest.TestAdminAddSlopeAsync(userID: 203, slope: Slope { SlopeID = 72, SlopeName = slopeName5347cb7e-168d-485b-9fec-afb906ed0102, IsOpen = True, DifficultyLevel = 216, ConnectedLifts =  }, checkPermissionServiceMock: Mock&lt;ICheckPermissionService:11&gt;, slopesRepositoryStub: Mock&lt;ISlopesRepository:9&gt;, sut: SlopesService { })" computerName="DESKTOP-TJ9D65N" duration="00:00:00.0054699" startTime="2022-10-21T17:15:14.8653181+03:00" endTime="2022-10-21T17:15:14.8653182+03:00" testType="13cdc9d9-ddb5-4fa4-a97d-d965ccfc6d4b" outcome="Passed" testListId="8c84fa94-04c1-424b-9868-57a2d4851a1d" relativeResultsDirectory="df1733c6-fb5c-4a86-98ac-3caeeaf527e5" />
    <UnitTestResult executionId="7a423dc3-fc71-4ba6-9ea8-c0f218bb41f9" testId="06d0bc3a-24a0-fb7f-4277-e9ae6d21c7dd" testName="BL.Tests.UsersServiceTests.TestAdminUpdateUser" computerName="DESKTOP-TJ9D65N" duration="00:00:00.0083528" startTime="2022-10-21T17:15:14.8176800+03:00" endTime="2022-10-21T17:15:14.8176802+03:00" testType="13cdc9d9-ddb5-4fa4-a97d-d965ccfc6d4b" outcome="Passed" testListId="8c84fa94-04c1-424b-9868-57a2d4851a1d" relativeResultsDirectory="7a423dc3-fc71-4ba6-9ea8-c0f218bb41f9" />
    <UnitTestResult executionId="a23d06e9-c1b3-4dcb-b09c-9caef1d6169d" testId="c36970dc-93f7-753e-fa47-157133b01644" testName="BL.Tests.CheckPermissionsServiceTests.SkiPatrolHasAccessToAdminSkiPatrolFunctions(functionName: &quot;GetMessagesAsync&quot;)" computerName="DESKTOP-TJ9D65N" duration="00:00:00.0012474" startTime="2022-10-21T17:15:14.8627451+03:00" endTime="2022-10-21T17:15:14.8627452+03:00" testType="13cdc9d9-ddb5-4fa4-a97d-d965ccfc6d4b" outcome="Passed" testListId="8c84fa94-04c1-424b-9868-57a2d4851a1d" relativeResultsDirectory="a23d06e9-c1b3-4dcb-b09c-9caef1d6169d" />
    <UnitTestResult executionId="34039380-9197-4519-b9c1-70c706cd1379" testId="894941c1-bfa7-d8f9-c047-1e1ceefe2c2f" testName="BL.Tests.UsersServiceTests.TestRegisterUserWithRepeatedEmail" computerName="DESKTOP-TJ9D65N" duration="00:00:00.0048649" startTime="2022-10-21T17:15:14.7943063+03:00" endTime="2022-10-21T17:15:14.7943064+03:00" testType="13cdc9d9-ddb5-4fa4-a97d-d965ccfc6d4b" outcome="Passed" testListId="8c84fa94-04c1-424b-9868-57a2d4851a1d" relativeResultsDirectory="34039380-9197-4519-b9c1-70c706cd1379" />
    <UnitTestResult executionId="2da7f0db-1ea6-4b66-a66a-f6f4c0d44c5d" testId="2602613f-c8e2-a6d9-fcf7-5b27d4a770a6" testName="BL.Tests.CheckPermissionsServiceTests.AuthorizedHasNoAccessToAdminSkiPatrolFunctions(functionName: &quot;GetMessagesAsync&quot;)" computerName="DESKTOP-TJ9D65N" duration="00:00:00.0024135" startTime="2022-10-21T17:15:14.8954713+03:00" endTime="2022-10-21T17:15:14.8954714+03:00" testType="13cdc9d9-ddb5-4fa4-a97d-d965ccfc6d4b" outcome="Passed" testListId="8c84fa94-04c1-424b-9868-57a2d4851a1d" relativeResultsDirectory="2da7f0db-1ea6-4b66-a66a-f6f4c0d44c5d" />
    <UnitTestResult executionId="77070cb8-0b9a-4a09-95c1-a8c44a96418b" testId="0162aee5-93f6-f29c-e276-7e83a6f42196" testName="BL.Tests.LiftsServiceTest.TestGetLiftsInfoAsync(userID: 191, initialLifts: [Lift { LiftID = 91, LiftName = liftName1465bcb9-d956-4d16-a569-7968f86079ba, IsOpen = True, SeatsAmount = 168, LiftingTime = 106, QueueTime = 255, ConnectedSlopes =  }, Lift { LiftID = 77, LiftName = liftNameb0226785-1663-4ddb-8440-f8458ed1b9e2, IsOpen = False, SeatsAmount = 159, LiftingTime = 237, QueueTime = 172, ConnectedSlopes =  }, Lift { LiftID = 118, LiftName = liftName5a59a1e5-6562-4c36-b827-8409ea202b35, IsOpen = True, SeatsAmount = 96, LiftingTime = 158, QueueTime = 125, ConnectedSlopes =  }], checkPermissionServiceMock: Mock&lt;ICheckPermissionService:2&gt;, liftsRepositoryStub: Mock&lt;ILiftsRepository:2&gt;, liftsSlopesRepositoryStub: Mock&lt;ILiftsSlopesRepository:2&gt;, sut: LiftsService { })" computerName="DESKTOP-TJ9D65N" duration="00:00:00.0194326" startTime="2022-10-21T17:15:14.8446258+03:00" endTime="2022-10-21T17:15:14.8446258+03:00" testType="13cdc9d9-ddb5-4fa4-a97d-d965ccfc6d4b" outcome="Passed" testListId="8c84fa94-04c1-424b-9868-57a2d4851a1d" relativeResultsDirectory="77070cb8-0b9a-4a09-95c1-a8c44a96418b" />
    <UnitTestResult executionId="82ed8c97-ad79-415d-91fe-d6efa73afb16" testId="5eea75f4-050d-def0-46a1-0e486372a276" testName="BL.Tests.TurnstilesServiceTest.TestAdminAddAutoIncrementTurnstileAsync(userID: 144, turnstile: Turnstile { TurnstileID = 229, LiftID = 81, IsOpen = True }, checkPermissionServiceMock: Mock&lt;ICheckPermissionService:16&gt;, turnstilesRepositoryStub: Mock&lt;ITurnstilesRepository:10&gt;, sut: TurnstilesService { })" computerName="DESKTOP-TJ9D65N" duration="00:00:00.0180412" startTime="2022-10-21T17:15:14.7842589+03:00" endTime="2022-10-21T17:15:14.7842590+03:00" testType="13cdc9d9-ddb5-4fa4-a97d-d965ccfc6d4b" outcome="Passed" testListId="8c84fa94-04c1-424b-9868-57a2d4851a1d" relativeResultsDirectory="82ed8c97-ad79-415d-91fe-d6efa73afb16" />
    <UnitTestResult executionId="ede72f60-458d-4b77-96f3-63b77201c224" testId="aa28a6b3-21d3-aa45-24d3-bef2facbc899" testName="BL.Tests.CheckPermissionsServiceTests.AuthorizedHasAccessToAuthorizedFunctions(functionName: &quot;LogOutAsync&quot;)" computerName="DESKTOP-TJ9D65N" duration="00:00:00.0010167" startTime="2022-10-21T17:15:14.9361367+03:00" endTime="2022-10-21T17:15:14.9361368+03:00" testType="13cdc9d9-ddb5-4fa4-a97d-d965ccfc6d4b" outcome="Passed" testListId="8c84fa94-04c1-424b-9868-57a2d4851a1d" relativeResultsDirectory="ede72f60-458d-4b77-96f3-63b77201c224" />
    <UnitTestResult executionId="94f4e0b6-e266-4a15-8c9a-eee5d1af2431" testId="17372243-7807-3cf1-5425-c2cf62baeebe" testName="BL.Tests.TurnstilesServiceTest.TestAdminGetTurnstileAsync(userID: 210, turnstile: Turnstile { TurnstileID = 160, LiftID = 231, IsOpen = True }, checkPermissionServiceMock: Mock&lt;ICheckPermissionService:12&gt;, turnstilesRepositoryStub: Mock&lt;ITurnstilesRepository:6&gt;, sut: TurnstilesService { })" computerName="DESKTOP-TJ9D65N" duration="00:00:00.0083595" startTime="2022-10-21T17:15:14.8138124+03:00" endTime="2022-10-21T17:15:14.8138125+03:00" testType="13cdc9d9-ddb5-4fa4-a97d-d965ccfc6d4b" outcome="Passed" testListId="8c84fa94-04c1-424b-9868-57a2d4851a1d" relativeResultsDirectory="94f4e0b6-e266-4a15-8c9a-eee5d1af2431" />
    <UnitTestResult executionId="9f29b78d-8729-4488-8b0a-8d36bf47f739" testId="e429852d-a6ed-7c2a-25fd-cd839b159d56" testName="BL.Tests.LiftsSlopesServiceTests.TestGetLiftsSlopesInfoAsync(liftsSlopes: [LiftSlope { RecordID = 182, LiftID = 56, SlopeID = 190 }, LiftSlope { RecordID = 203, LiftID = 137, SlopeID = 9 }, LiftSlope { RecordID = 2, LiftID = 219, SlopeID = 29 }], slopesRepositoryStub: Mock&lt;ISlopesRepository:1&gt;, liftsRepositoryStub: Mock&lt;ILiftsRepository:6&gt;, liftsSlopesRepositoryStub: Mock&lt;ILiftsSlopesRepository:6&gt;)" computerName="DESKTOP-TJ9D65N" duration="00:00:00.0047857" startTime="2022-10-21T17:15:14.7582641+03:00" endTime="2022-10-21T17:15:14.7582641+03:00" testType="13cdc9d9-ddb5-4fa4-a97d-d965ccfc6d4b" outcome="Passed" testListId="8c84fa94-04c1-424b-9868-57a2d4851a1d" relativeResultsDirectory="9f29b78d-8729-4488-8b0a-8d36bf47f739" />
    <UnitTestResult executionId="60b06dbe-1408-4b8f-ae84-85822759dcec" testId="f44a1b21-8efc-bfac-63b4-d534442def31" testName="BL.Tests.UsersServiceTests.TestRegisterUserWithNoPassword" computerName="DESKTOP-TJ9D65N" duration="00:00:00.0017216" startTime="2022-10-21T17:15:14.7717212+03:00" endTime="2022-10-21T17:15:14.7717213+03:00" testType="13cdc9d9-ddb5-4fa4-a97d-d965ccfc6d4b" outcome="Passed" testListId="8c84fa94-04c1-424b-9868-57a2d4851a1d" relativeResultsDirectory="60b06dbe-1408-4b8f-ae84-85822759dcec" />
    <UnitTestResult executionId="9cbc0b26-2953-4e59-8f7e-74fafa9601ba" testId="1ca07ad8-f799-c5d4-e7cc-34fd950198a2" testName="BL.Tests.UsersServiceTests.TestLogInOk" computerName="DESKTOP-TJ9D65N" duration="00:00:00.0041399" startTime="2022-10-21T17:15:14.8621017+03:00" endTime="2022-10-21T17:15:14.8621018+03:00" testType="13cdc9d9-ddb5-4fa4-a97d-d965ccfc6d4b" outcome="Passed" testListId="8c84fa94-04c1-424b-9868-57a2d4851a1d" relativeResultsDirectory="9cbc0b26-2953-4e59-8f7e-74fafa9601ba" />
    <UnitTestResult executionId="122817c5-f65a-48eb-b09c-5fa691e27860" testId="60bd668f-04df-da5e-b79b-5d9aedb5234d" testName="BL.Tests.CheckPermissionsServiceTests.SkiPatrolHasAccessToAdminSkiPatrolFunctions(functionName: &quot;MarkMessageReadByUserAsync&quot;)" computerName="DESKTOP-TJ9D65N" duration="00:00:00.0017196" startTime="2022-10-21T17:15:14.8446525+03:00" endTime="2022-10-21T17:15:14.8446526+03:00" testType="13cdc9d9-ddb5-4fa4-a97d-d965ccfc6d4b" outcome="Passed" testListId="8c84fa94-04c1-424b-9868-57a2d4851a1d" relativeResultsDirectory="122817c5-f65a-48eb-b09c-5fa691e27860" />
    <UnitTestResult executionId="58b4d2b9-bb2f-43b9-b34a-0cd3162c74a0" testId="20442aeb-a690-1a61-f050-5cbfb2804b8a" testName="BL.Tests.LiftsServiceTest.TestAdminDeleteLiftAsync(userID: 22, lift: Lift { LiftID = 116, LiftName = liftName23108636-5c9a-4acd-bd0e-c49bbab27afd, IsOpen = True, SeatsAmount = 220, LiftingTime = 223, QueueTime = 237, ConnectedSlopes =  }, checkPermissionServiceMock: Mock&lt;ICheckPermissionService:4&gt;, liftsRepositoryStub: Mock&lt;ILiftsRepository:4&gt;, liftsSlopesRepositoryStub: Mock&lt;ILiftsSlopesRepository:4&gt;, sut: LiftsService { })" computerName="DESKTOP-TJ9D65N" duration="00:00:00.0875790" startTime="2022-10-21T17:15:14.7149912+03:00" endTime="2022-10-21T17:15:14.7149913+03:00" testType="13cdc9d9-ddb5-4fa4-a97d-d965ccfc6d4b" outcome="Passed" testListId="8c84fa94-04c1-424b-9868-57a2d4851a1d" relativeResultsDirectory="58b4d2b9-bb2f-43b9-b34a-0cd3162c74a0" />
    <UnitTestResult executionId="6f28939f-66fc-4bf1-9aec-da7355b07823" testId="08337a26-98ec-4297-d02f-0faccdee5a99" testName="BL.Tests.TurnstilesServiceTest.TestAdminGetTurnstilesAsync(userID: 118, initialTurnstiles: [Turnstile { TurnstileID = 53, LiftID = 202, IsOpen = True }, Turnstile { TurnstileID = 208, LiftID = 122, IsOpen = False }, Turnstile { TurnstileID = 182, LiftID = 37, IsOpen = True }], checkPermissionServiceMock: Mock&lt;ICheckPermissionService:13&gt;, turnstilesRepositoryStub: Mock&lt;ITurnstilesRepository:7&gt;, sut: TurnstilesService { })" computerName="DESKTOP-TJ9D65N" duration="00:00:00.0519306" startTime="2022-10-21T17:15:14.6904025+03:00" endTime="2022-10-21T17:15:14.6904026+03:00" testType="13cdc9d9-ddb5-4fa4-a97d-d965ccfc6d4b" outcome="Passed" testListId="8c84fa94-04c1-424b-9868-57a2d4851a1d" relativeResultsDirectory="6f28939f-66fc-4bf1-9aec-da7355b07823" />
    <UnitTestResult executionId="db6cc7b4-284c-4378-a7c6-6c2c881ed525" testId="f3efc418-a8a6-c7b7-9bac-90b33aa8472f" testName="BL.Tests.CheckPermissionsServiceTests.AdminHasAccessToAllFunctions" computerName="DESKTOP-TJ9D65N" duration="00:00:00.0017255" startTime="2022-10-21T17:15:14.9725994+03:00" endTime="2022-10-21T17:15:14.9725995+03:00" testType="13cdc9d9-ddb5-4fa4-a97d-d965ccfc6d4b" outcome="Passed" testListId="8c84fa94-04c1-424b-9868-57a2d4851a1d" relativeResultsDirectory="db6cc7b4-284c-4378-a7c6-6c2c881ed525" />
    <UnitTestResult executionId="a69b9be8-c89f-46d9-8ad1-b13b85b0884f" testId="a2e59116-cb53-1d70-9cb8-21c286516866" testName="BL.Tests.CheckPermissionsServiceTests.AuthorizedHasNoAccessToAdminFunctions" computerName="DESKTOP-TJ9D65N" duration="00:00:00.0030006" startTime="2022-10-21T17:15:14.8792803+03:00" endTime="2022-10-21T17:15:14.8792804+03:00" testType="13cdc9d9-ddb5-4fa4-a97d-d965ccfc6d4b" outcome="Passed" testListId="8c84fa94-04c1-424b-9868-57a2d4851a1d" relativeResultsDirectory="a69b9be8-c89f-46d9-8ad1-b13b85b0884f" />
    <UnitTestResult executionId="38293317-1746-43ab-9231-1919b0a95c39" testId="2d706594-f2b3-b3c8-21d4-86c9798c3306" testName="BL.Tests.CheckPermissionsServiceTests.SkiPatrolHasAccessToAdminSkiPatrolFunctions(functionName: &quot;GetLiftsSlopesInfoAsync&quot;)" computerName="DESKTOP-TJ9D65N" duration="00:00:00.0078847" startTime="2022-10-21T17:15:14.8315211+03:00" endTime="2022-10-21T17:15:14.8315212+03:00" testType="13cdc9d9-ddb5-4fa4-a97d-d965ccfc6d4b" outcome="Passed" testListId="8c84fa94-04c1-424b-9868-57a2d4851a1d" relativeResultsDirectory="38293317-1746-43ab-9231-1919b0a95c39" />
    <UnitTestResult executionId="4e87fc2d-61b8-406f-8000-43685c8226b9" testId="229812f5-9a73-5335-11f5-31330d1348a5" testName="BL.Tests.CheckPermissionsServiceTests.UnauthorizedHasNoAccessToAdminSkiPatrolFunctions(functionName: &quot;GetMessagesAsync&quot;)" computerName="DESKTOP-TJ9D65N" duration="00:00:00.0024229" startTime="2022-10-21T17:15:14.7604444+03:00" endTime="2022-10-21T17:15:14.7604445+03:00" testType="13cdc9d9-ddb5-4fa4-a97d-d965ccfc6d4b" outcome="Passed" testListId="8c84fa94-04c1-424b-9868-57a2d4851a1d" relativeResultsDirectory="4e87fc2d-61b8-406f-8000-43685c8226b9" />
  </Results>
  <TestDefinitions>
    <UnitTest name="BL.Tests.CheckPermissionsServiceTests.AuthorizedHasNoAccessToAdminSkiPatrolFunctions(functionName: &quot;MarkMessageReadByUserAsync&quot;)" storage="/mnt/c/users/alena/desktop/7_sem/testing_and_debugging/skiresort/bl.tests/bin/debug/net6.0/bl.tests.dll" id="9c7df5e2-1b23-ebea-889f-b78ca86b60ab">
      <Execution id="2cee5565-62df-4e73-ace8-5a0e1b224c11" />
      <TestMethod codeBase="/mnt/c/Users/alena/Desktop/7_sem/testing_and_debugging/SkiResort/BL.Tests/bin/Debug/net6.0/BL.Tests.dll" adapterTypeName="executor://xunit/VsTestRunner2/netcoreapp" className="BL.Tests.CheckPermissionsServiceTests" name="AuthorizedHasNoAccessToAdminSkiPatrolFunctions" />
    </UnitTest>
    <UnitTest name="BL.Tests.LiftsServiceTest.TestAdminDeleteLiftAsync(userID: 22, lift: Lift { LiftID = 116, LiftName = liftName23108636-5c9a-4acd-bd0e-c49bbab27afd, IsOpen = True, SeatsAmount = 220, LiftingTime = 223, QueueTime = 237, ConnectedSlopes =  }, checkPermissionServiceMock: Mock&lt;ICheckPermissionService:4&gt;, liftsRepositoryStub: Mock&lt;ILiftsRepository:4&gt;, liftsSlopesRepositoryStub: Mock&lt;ILiftsSlopesRepository:4&gt;, sut: LiftsService { })" storage="/mnt/c/users/alena/desktop/7_sem/testing_and_debugging/skiresort/bl.tests/bin/debug/net6.0/bl.tests.dll" id="20442aeb-a690-1a61-f050-5cbfb2804b8a">
      <Execution id="58b4d2b9-bb2f-43b9-b34a-0cd3162c74a0" />
      <TestMethod codeBase="/mnt/c/Users/alena/Desktop/7_sem/testing_and_debugging/SkiResort/BL.Tests/bin/Debug/net6.0/BL.Tests.dll" adapterTypeName="executor://xunit/VsTestRunner2/netcoreapp" className="BL.Tests.LiftsServiceTest" name="TestAdminDeleteLiftAsync" />
    </UnitTest>
    <UnitTest name="BL.Tests.CheckPermissionsServiceTests.UnauthorizedHasNoAccessToAdminSkiPatrolFunctions(functionName: &quot;MarkMessageReadByUserAsync&quot;)" storage="/mnt/c/users/alena/desktop/7_sem/testing_and_debugging/skiresort/bl.tests/bin/debug/net6.0/bl.tests.dll" id="a19a5fcf-c5d2-7d44-5d7d-84403042f4e0">
      <Execution id="6c777a8e-f4f0-401c-adf7-e893d18d92ee" />
      <TestMethod codeBase="/mnt/c/Users/alena/Desktop/7_sem/testing_and_debugging/SkiResort/BL.Tests/bin/Debug/net6.0/BL.Tests.dll" adapterTypeName="executor://xunit/VsTestRunner2/netcoreapp" className="BL.Tests.CheckPermissionsServiceTests" name="UnauthorizedHasNoAccessToAdminSkiPatrolFunctions" />
    </UnitTest>
    <UnitTest name="BL.Tests.CheckPermissionsServiceTests.AuthorizedHasNoAccessToAdminSkiPatrolFunctions(functionName: &quot;GetMessagesAsync&quot;)" storage="/mnt/c/users/alena/desktop/7_sem/testing_and_debugging/skiresort/bl.tests/bin/debug/net6.0/bl.tests.dll" id="2602613f-c8e2-a6d9-fcf7-5b27d4a770a6">
      <Execution id="2da7f0db-1ea6-4b66-a66a-f6f4c0d44c5d" />
      <TestMethod codeBase="/mnt/c/Users/alena/Desktop/7_sem/testing_and_debugging/SkiResort/BL.Tests/bin/Debug/net6.0/BL.Tests.dll" adapterTypeName="executor://xunit/VsTestRunner2/netcoreapp" className="BL.Tests.CheckPermissionsServiceTests" name="AuthorizedHasNoAccessToAdminSkiPatrolFunctions" />
    </UnitTest>
    <UnitTest name="BL.Tests.CheckPermissionsServiceTests.AuthorizedHasNoAccessToAdminFunctions" storage="/mnt/c/users/alena/desktop/7_sem/testing_and_debugging/skiresort/bl.tests/bin/debug/net6.0/bl.tests.dll" id="a2e59116-cb53-1d70-9cb8-21c286516866">
      <Execution id="a69b9be8-c89f-46d9-8ad1-b13b85b0884f" />
      <TestMethod codeBase="/mnt/c/Users/alena/Desktop/7_sem/testing_and_debugging/SkiResort/BL.Tests/bin/Debug/net6.0/BL.Tests.dll" adapterTypeName="executor://xunit/VsTestRunner2/netcoreapp" className="BL.Tests.CheckPermissionsServiceTests" name="AuthorizedHasNoAccessToAdminFunctions" />
    </UnitTest>
    <UnitTest name="BL.Tests.CheckPermissionsServiceTests.SkiPatrolHasAccessToAdminSkiPatrolFunctions(functionName: &quot;GetMessagesAsync&quot;)" storage="/mnt/c/users/alena/desktop/7_sem/testing_and_debugging/skiresort/bl.tests/bin/debug/net6.0/bl.tests.dll" id="c36970dc-93f7-753e-fa47-157133b01644">
      <Execution id="a23d06e9-c1b3-4dcb-b09c-9caef1d6169d" />
      <TestMethod codeBase="/mnt/c/Users/alena/Desktop/7_sem/testing_and_debugging/SkiResort/BL.Tests/bin/Debug/net6.0/BL.Tests.dll" adapterTypeName="executor://xunit/VsTestRunner2/netcoreapp" className="BL.Tests.CheckPermissionsServiceTests" name="SkiPatrolHasAccessToAdminSkiPatrolFunctions" />
    </UnitTest>
    <UnitTest name="BL.Tests.CheckPermissionsServiceTests.AdminHasAccessToAllFunctions" storage="/mnt/c/users/alena/desktop/7_sem/testing_and_debugging/skiresort/bl.tests/bin/debug/net6.0/bl.tests.dll" id="f3efc418-a8a6-c7b7-9bac-90b33aa8472f">
      <Execution id="db6cc7b4-284c-4378-a7c6-6c2c881ed525" />
      <TestMethod codeBase="/mnt/c/Users/alena/Desktop/7_sem/testing_and_debugging/SkiResort/BL.Tests/bin/Debug/net6.0/BL.Tests.dll" adapterTypeName="executor://xunit/VsTestRunner2/netcoreapp" className="BL.Tests.CheckPermissionsServiceTests" name="AdminHasAccessToAllFunctions" />
    </UnitTest>
    <UnitTest name="BL.Tests.TurnstilesServiceTest.TestAdminGetTurnstileAsync(userID: 210, turnstile: Turnstile { TurnstileID = 160, LiftID = 231, IsOpen = True }, checkPermissionServiceMock: Mock&lt;ICheckPermissionService:12&gt;, turnstilesRepositoryStub: Mock&lt;ITurnstilesRepository:6&gt;, sut: TurnstilesService { })" storage="/mnt/c/users/alena/desktop/7_sem/testing_and_debugging/skiresort/bl.tests/bin/debug/net6.0/bl.tests.dll" id="17372243-7807-3cf1-5425-c2cf62baeebe">
      <Execution id="94f4e0b6-e266-4a15-8c9a-eee5d1af2431" />
      <TestMethod codeBase="/mnt/c/Users/alena/Desktop/7_sem/testing_and_debugging/SkiResort/BL.Tests/bin/Debug/net6.0/BL.Tests.dll" adapterTypeName="executor://xunit/VsTestRunner2/netcoreapp" className="BL.Tests.TurnstilesServiceTest" name="TestAdminGetTurnstileAsync" />
    </UnitTest>
    <UnitTest name="BL.Tests.TurnstilesServiceTest.TestAdminDeleteTurnstileAsync(userID: 249, turnstile: Turnstile { TurnstileID = 248, LiftID = 39, IsOpen = True }, checkPermissionServiceMock: Mock&lt;ICheckPermissionService:15&gt;, turnstilesRepositoryStub: Mock&lt;ITurnstilesRepository:9&gt;, sut: TurnstilesService { })" storage="/mnt/c/users/alena/desktop/7_sem/testing_and_debugging/skiresort/bl.tests/bin/debug/net6.0/bl.tests.dll" id="d172330b-5f47-ee79-3347-cd480e1ab202">
      <Execution id="86c51a97-8baf-490d-a505-c42b68f21679" />
      <TestMethod codeBase="/mnt/c/Users/alena/Desktop/7_sem/testing_and_debugging/SkiResort/BL.Tests/bin/Debug/net6.0/BL.Tests.dll" adapterTypeName="executor://xunit/VsTestRunner2/netcoreapp" className="BL.Tests.TurnstilesServiceTest" name="TestAdminDeleteTurnstileAsync" />
    </UnitTest>
    <UnitTest name="BL.Tests.SlopesServiceTest.TestUpdateSlopeInfoAsync(userID: 81, slope: Slope { SlopeID = 140, SlopeName = slopeNamedabd7dec-ac1e-4901-af62-418173fbdd99, IsOpen = True, DifficultyLevel = 156, ConnectedLifts =  }, checkPermissionServiceMock: Mock&lt;ICheckPermissionService:8&gt;, slopesRepositoryStub: Mock&lt;ISlopesRepository:6&gt;, sut: SlopesService { })" storage="/mnt/c/users/alena/desktop/7_sem/testing_and_debugging/skiresort/bl.tests/bin/debug/net6.0/bl.tests.dll" id="b7aa1dc0-9435-8185-081b-293237b1da28">
      <Execution id="b91dd2d6-788e-4a2b-92f3-c06cf34a0712" />
      <TestMethod codeBase="/mnt/c/Users/alena/Desktop/7_sem/testing_and_debugging/SkiResort/BL.Tests/bin/Debug/net6.0/BL.Tests.dll" adapterTypeName="executor://xunit/VsTestRunner2/netcoreapp" className="BL.Tests.SlopesServiceTest" name="TestUpdateSlopeInfoAsync" />
    </UnitTest>
    <UnitTest name="BL.Tests.SlopesServiceTest.TestGetSlopesInfoAsync(userID: 34, initialSlopes: [Slope { SlopeID = 97, SlopeName = slopeNamef361d9dc-f21e-4fd1-a57f-3c4df5a5f8a8, IsOpen = True, DifficultyLevel = 27, ConnectedLifts =  }, Slope { SlopeID = 249, SlopeName = slopeName5875d7e2-a862-4fde-8d55-35d78220f7cd, IsOpen = False, DifficultyLevel = 21, ConnectedLifts =  }, Slope { SlopeID = 231, SlopeName = slopeNamed4174e3c-b591-4e13-b7d4-960c454d6da8, IsOp..." storage="/mnt/c/users/alena/desktop/7_sem/testing_and_debugging/skiresort/bl.tests/bin/debug/net6.0/bl.tests.dll" id="86975334-a9c3-7a0c-fc67-3fcc839c79ee">
      <Execution id="19309386-e9d8-480b-b4d1-d707250a806d" />
      <TestMethod codeBase="/mnt/c/Users/alena/Desktop/7_sem/testing_and_debugging/SkiResort/BL.Tests/bin/Debug/net6.0/BL.Tests.dll" adapterTypeName="executor://xunit/VsTestRunner2/netcoreapp" className="BL.Tests.SlopesServiceTest" name="TestGetSlopesInfoAsync" />
    </UnitTest>
    <UnitTest name="BL.Tests.UsersServiceTests.TestRegisterUserWithNoPassword" storage="/mnt/c/users/alena/desktop/7_sem/testing_and_debugging/skiresort/bl.tests/bin/debug/net6.0/bl.tests.dll" id="f44a1b21-8efc-bfac-63b4-d534442def31">
      <Execution id="60b06dbe-1408-4b8f-ae84-85822759dcec" />
      <TestMethod codeBase="/mnt/c/Users/alena/Desktop/7_sem/testing_and_debugging/SkiResort/BL.Tests/bin/Debug/net6.0/BL.Tests.dll" adapterTypeName="executor://xunit/VsTestRunner2/netcoreapp" className="BL.Tests.UsersServiceTests" name="TestRegisterUserWithNoPassword" />
    </UnitTest>
    <UnitTest name="BL.Tests.UsersServiceTests.TestAdminGetUserByIDAsync" storage="/mnt/c/users/alena/desktop/7_sem/testing_and_debugging/skiresort/bl.tests/bin/debug/net6.0/bl.tests.dll" id="e5497347-2721-b7a6-0bd4-69a9921f6947">
      <Execution id="9527b8fc-dee1-46a6-bb1d-91c5f2229fd2" />
      <TestMethod codeBase="/mnt/c/Users/alena/Desktop/7_sem/testing_and_debugging/SkiResort/BL.Tests/bin/Debug/net6.0/BL.Tests.dll" adapterTypeName="executor://xunit/VsTestRunner2/netcoreapp" className="BL.Tests.UsersServiceTests" name="TestAdminGetUserByIDAsync" />
    </UnitTest>
    <UnitTest name="BL.Tests.SlopesServiceTest.TestAdminAddSlopeAsync(userID: 203, slope: Slope { SlopeID = 72, SlopeName = slopeName5347cb7e-168d-485b-9fec-afb906ed0102, IsOpen = True, DifficultyLevel = 216, ConnectedLifts =  }, checkPermissionServiceMock: Mock&lt;ICheckPermissionService:11&gt;, slopesRepositoryStub: Mock&lt;ISlopesRepository:9&gt;, sut: SlopesService { })" storage="/mnt/c/users/alena/desktop/7_sem/testing_and_debugging/skiresort/bl.tests/bin/debug/net6.0/bl.tests.dll" id="30dfb900-8756-5f92-df8f-a76fc9485e45">
      <Execution id="df1733c6-fb5c-4a86-98ac-3caeeaf527e5" />
      <TestMethod codeBase="/mnt/c/Users/alena/Desktop/7_sem/testing_and_debugging/SkiResort/BL.Tests/bin/Debug/net6.0/BL.Tests.dll" adapterTypeName="executor://xunit/VsTestRunner2/netcoreapp" className="BL.Tests.SlopesServiceTest" name="TestAdminAddSlopeAsync" />
    </UnitTest>
    <UnitTest name="BL.Tests.SlopesServiceTest.TestAdminAddAutoIncrementSlopeAsync(userID: 59, slope: Slope { SlopeID = 152, SlopeName = slopeName55d87f6b-f333-4d44-a6b5-f5d1d1514c5e, IsOpen = True, DifficultyLevel = 55, ConnectedLifts =  }, checkPermissionServiceMock: Mock&lt;ICheckPermissionService:10&gt;, slopesRepositoryStub: Mock&lt;ISlopesRepository:8&gt;, sut: SlopesService { })" storage="/mnt/c/users/alena/desktop/7_sem/testing_and_debugging/skiresort/bl.tests/bin/debug/net6.0/bl.tests.dll" id="87ef41fb-f26a-12e4-9aa6-395a1a388717">
      <Execution id="88cf8ce3-3452-4e55-ab74-27927bef2dc5" />
      <TestMethod codeBase="/mnt/c/Users/alena/Desktop/7_sem/testing_and_debugging/SkiResort/BL.Tests/bin/Debug/net6.0/BL.Tests.dll" adapterTypeName="executor://xunit/VsTestRunner2/netcoreapp" className="BL.Tests.SlopesServiceTest" name="TestAdminAddAutoIncrementSlopeAsync" />
    </UnitTest>
    <UnitTest name="BL.Tests.UsersServiceTests.TestAdminAddAutoIncrementUser" storage="/mnt/c/users/alena/desktop/7_sem/testing_and_debugging/skiresort/bl.tests/bin/debug/net6.0/bl.tests.dll" id="834c739b-eca4-b36d-6a66-5a1bd75377b8">
      <Execution id="9090f12c-b251-4115-84af-5ae4074b1b7d" />
      <TestMethod codeBase="/mnt/c/Users/alena/Desktop/7_sem/testing_and_debugging/SkiResort/BL.Tests/bin/Debug/net6.0/BL.Tests.dll" adapterTypeName="executor://xunit/VsTestRunner2/netcoreapp" className="BL.Tests.UsersServiceTests" name="TestAdminAddAutoIncrementUser" />
    </UnitTest>
    <UnitTest name="BL.Tests.CheckPermissionsServiceTests.UnauthorizedHasNoAccessToAdminSkiPatrolFunctions(functionName: &quot;GetLiftsSlopesInfoAsync&quot;)" storage="/mnt/c/users/alena/desktop/7_sem/testing_and_debugging/skiresort/bl.tests/bin/debug/net6.0/bl.tests.dll" id="387c9729-48c1-486e-5e67-f5d11a9f0db8">
      <Execution id="04c6432b-0da3-433c-bf28-c0628e887f85" />
      <TestMethod codeBase="/mnt/c/Users/alena/Desktop/7_sem/testing_and_debugging/SkiResort/BL.Tests/bin/Debug/net6.0/BL.Tests.dll" adapterTypeName="executor://xunit/VsTestRunner2/netcoreapp" className="BL.Tests.CheckPermissionsServiceTests" name="UnauthorizedHasNoAccessToAdminSkiPatrolFunctions" />
    </UnitTest>
    <UnitTest name="BL.Tests.CheckPermissionsServiceTests.SkiPatrolHasAccessToAdminSkiPatrolFunctions(functionName: &quot;MarkMessageReadByUserAsync&quot;)" storage="/mnt/c/users/alena/desktop/7_sem/testing_and_debugging/skiresort/bl.tests/bin/debug/net6.0/bl.tests.dll" id="60bd668f-04df-da5e-b79b-5d9aedb5234d">
      <Execution id="122817c5-f65a-48eb-b09c-5fa691e27860" />
      <TestMethod codeBase="/mnt/c/Users/alena/Desktop/7_sem/testing_and_debugging/SkiResort/BL.Tests/bin/Debug/net6.0/BL.Tests.dll" adapterTypeName="executor://xunit/VsTestRunner2/netcoreapp" className="BL.Tests.CheckPermissionsServiceTests" name="SkiPatrolHasAccessToAdminSkiPatrolFunctions" />
    </UnitTest>
    <UnitTest name="BL.Tests.CheckPermissionsServiceTests.UnauthorizedHasNoAccessToAdminFunctions" storage="/mnt/c/users/alena/desktop/7_sem/testing_and_debugging/skiresort/bl.tests/bin/debug/net6.0/bl.tests.dll" id="e2d7e5be-3dae-33ae-fb17-c704b6fd58d6">
      <Execution id="975a1a19-14d7-4140-89af-f0297d23fbe4" />
      <TestMethod codeBase="/mnt/c/Users/alena/Desktop/7_sem/testing_and_debugging/SkiResort/BL.Tests/bin/Debug/net6.0/BL.Tests.dll" adapterTypeName="executor://xunit/VsTestRunner2/netcoreapp" className="BL.Tests.CheckPermissionsServiceTests" name="UnauthorizedHasNoAccessToAdminFunctions" />
    </UnitTest>
    <UnitTest name="BL.Tests.LiftsServiceTest.TestGetLiftsInfoAsync(userID: 191, initialLifts: [Lift { LiftID = 91, LiftName = liftName1465bcb9-d956-4d16-a569-7968f86079ba, IsOpen = True, SeatsAmount = 168, LiftingTime = 106, QueueTime = 255, ConnectedSlopes =  }, Lift { LiftID = 77, LiftName = liftNameb0226785-1663-4ddb-8440-f8458ed1b9e2, IsOpen = False, SeatsAmount = 159, LiftingTime = 237, QueueTime = 172, ConnectedSlopes =  }, Lift { LiftID = 118, LiftName..." storage="/mnt/c/users/alena/desktop/7_sem/testing_and_debugging/skiresort/bl.tests/bin/debug/net6.0/bl.tests.dll" id="0162aee5-93f6-f29c-e276-7e83a6f42196">
      <Execution id="77070cb8-0b9a-4a09-95c1-a8c44a96418b" />
      <TestMethod codeBase="/mnt/c/Users/alena/Desktop/7_sem/testing_and_debugging/SkiResort/BL.Tests/bin/Debug/net6.0/BL.Tests.dll" adapterTypeName="executor://xunit/VsTestRunner2/netcoreapp" className="BL.Tests.LiftsServiceTest" name="TestGetLiftsInfoAsync" />
    </UnitTest>
    <UnitTest name="BL.Tests.UsersServiceTests.TestLogInWithWrongPassword" storage="/mnt/c/users/alena/desktop/7_sem/testing_and_debugging/skiresort/bl.tests/bin/debug/net6.0/bl.tests.dll" id="69340bb6-3645-f9dd-971e-29d8b2a009bb">
      <Execution id="c51d23c2-6bf4-4b4e-8b04-8cc1934b1432" />
      <TestMethod codeBase="/mnt/c/Users/alena/Desktop/7_sem/testing_and_debugging/SkiResort/BL.Tests/bin/Debug/net6.0/BL.Tests.dll" adapterTypeName="executor://xunit/VsTestRunner2/netcoreapp" className="BL.Tests.UsersServiceTests" name="TestLogInWithWrongPassword" />
    </UnitTest>
    <UnitTest name="BL.Tests.CheckPermissionsServiceTests.SkiPatrolHasAccessToAdminSkiPatrolFunctions(functionName: &quot;GetLiftsSlopesInfoAsync&quot;)" storage="/mnt/c/users/alena/desktop/7_sem/testing_and_debugging/skiresort/bl.tests/bin/debug/net6.0/bl.tests.dll" id="2d706594-f2b3-b3c8-21d4-86c9798c3306">
      <Execution id="38293317-1746-43ab-9231-1919b0a95c39" />
      <TestMethod codeBase="/mnt/c/Users/alena/Desktop/7_sem/testing_and_debugging/SkiResort/BL.Tests/bin/Debug/net6.0/BL.Tests.dll" adapterTypeName="executor://xunit/VsTestRunner2/netcoreapp" className="BL.Tests.CheckPermissionsServiceTests" name="SkiPatrolHasAccessToAdminSkiPatrolFunctions" />
    </UnitTest>
    <UnitTest name="BL.Tests.CheckPermissionsServiceTests.SkiPatrolHasNoAccessToAdminFunctions" storage="/mnt/c/users/alena/desktop/7_sem/testing_and_debugging/skiresort/bl.tests/bin/debug/net6.0/bl.tests.dll" id="492c0393-35b4-df26-a537-21ca08302f3c">
      <Execution id="6a9dfd4a-9558-4c44-b9d0-465b0c598db1" />
      <TestMethod codeBase="/mnt/c/Users/alena/Desktop/7_sem/testing_and_debugging/SkiResort/BL.Tests/bin/Debug/net6.0/BL.Tests.dll" adapterTypeName="executor://xunit/VsTestRunner2/netcoreapp" className="BL.Tests.CheckPermissionsServiceTests" name="SkiPatrolHasNoAccessToAdminFunctions" />
    </UnitTest>
    <UnitTest name="BL.Tests.UsersServiceTests.TestAdminDeleteUser" storage="/mnt/c/users/alena/desktop/7_sem/testing_and_debugging/skiresort/bl.tests/bin/debug/net6.0/bl.tests.dll" id="18fa8c62-e27d-e1fc-8182-4d7db62b008d">
      <Execution id="7e2b13dc-4d95-4ee1-b2ee-88627137fd6b" />
      <TestMethod codeBase="/mnt/c/Users/alena/Desktop/7_sem/testing_and_debugging/SkiResort/BL.Tests/bin/Debug/net6.0/BL.Tests.dll" adapterTypeName="executor://xunit/VsTestRunner2/netcoreapp" className="BL.Tests.UsersServiceTests" name="TestAdminDeleteUser" />
    </UnitTest>
    <UnitTest name="BL.Tests.LiftsServiceTest.TestGetLiftInfoAsync(userID: 104, lift: Lift { LiftID = 210, LiftName = liftNamebb39433f-b43b-4ad0-883c-b2a8f2076901, IsOpen = True, SeatsAmount = 180, LiftingTime = 190, QueueTime = 26, ConnectedSlopes =  }, checkPermissionServiceMock: Mock&lt;ICheckPermissionService:1&gt;, liftsRepositoryStub: Mock&lt;ILiftsRepository:1&gt;, liftsSlopesRepositoryStub: Mock&lt;ILiftsSlopesRepository:1&gt;, sut: LiftsService { })" storage="/mnt/c/users/alena/desktop/7_sem/testing_and_debugging/skiresort/bl.tests/bin/debug/net6.0/bl.tests.dll" id="25faad86-8a65-5c6f-111f-42540ee678e1">
      <Execution id="636adfe6-7c1c-4276-99b3-19d4bf8dc235" />
      <TestMethod codeBase="/mnt/c/Users/alena/Desktop/7_sem/testing_and_debugging/SkiResort/BL.Tests/bin/Debug/net6.0/BL.Tests.dll" adapterTypeName="executor://xunit/VsTestRunner2/netcoreapp" className="BL.Tests.LiftsServiceTest" name="TestGetLiftInfoAsync" />
    </UnitTest>
    <UnitTest name="BL.Tests.SlopesServiceTest.TestGetSlopeInfoAsync(userID: 46, slope: Slope { SlopeID = 198, SlopeName = slopeName95fbbdd4-7d8b-4d87-bc33-5044add8f675, IsOpen = True, DifficultyLevel = 224, ConnectedLifts =  }, checkPermissionServiceMock: Mock&lt;ICheckPermissionService:6&gt;, slopesRepositoryStub: Mock&lt;ISlopesRepository:4&gt;, liftsSlopesRepositoryStub: Mock&lt;ILiftsSlopesRepository:9&gt;, sut: SlopesService { })" storage="/mnt/c/users/alena/desktop/7_sem/testing_and_debugging/skiresort/bl.tests/bin/debug/net6.0/bl.tests.dll" id="844420ef-2688-d7a2-f7ef-ed7bf7e36855">
      <Execution id="574e543e-2c46-47e5-844c-fa8151b0a051" />
      <TestMethod codeBase="/mnt/c/Users/alena/Desktop/7_sem/testing_and_debugging/SkiResort/BL.Tests/bin/Debug/net6.0/BL.Tests.dll" adapterTypeName="executor://xunit/VsTestRunner2/netcoreapp" className="BL.Tests.SlopesServiceTest" name="TestGetSlopeInfoAsync" />
    </UnitTest>
    <UnitTest name="BL.Tests.CheckPermissionsServiceTests.AuthorizedHasAccessToAuthorizedFunctions(functionName: &quot;LogOutAsync&quot;)" storage="/mnt/c/users/alena/desktop/7_sem/testing_and_debugging/skiresort/bl.tests/bin/debug/net6.0/bl.tests.dll" id="aa28a6b3-21d3-aa45-24d3-bef2facbc899">
      <Execution id="ede72f60-458d-4b77-96f3-63b77201c224" />
      <TestMethod codeBase="/mnt/c/Users/alena/Desktop/7_sem/testing_and_debugging/SkiResort/BL.Tests/bin/Debug/net6.0/BL.Tests.dll" adapterTypeName="executor://xunit/VsTestRunner2/netcoreapp" className="BL.Tests.CheckPermissionsServiceTests" name="AuthorizedHasAccessToAuthorizedFunctions" />
    </UnitTest>
    <UnitTest name="BL.Tests.TurnstilesServiceTest.TestAdminAddAutoIncrementTurnstileAsync(userID: 144, turnstile: Turnstile { TurnstileID = 229, LiftID = 81, IsOpen = True }, checkPermissionServiceMock: Mock&lt;ICheckPermissionService:16&gt;, turnstilesRepositoryStub: Mock&lt;ITurnstilesRepository:10&gt;, sut: TurnstilesService { })" storage="/mnt/c/users/alena/desktop/7_sem/testing_and_debugging/skiresort/bl.tests/bin/debug/net6.0/bl.tests.dll" id="5eea75f4-050d-def0-46a1-0e486372a276">
      <Execution id="82ed8c97-ad79-415d-91fe-d6efa73afb16" />
      <TestMethod codeBase="/mnt/c/Users/alena/Desktop/7_sem/testing_and_debugging/SkiResort/BL.Tests/bin/Debug/net6.0/BL.Tests.dll" adapterTypeName="executor://xunit/VsTestRunner2/netcoreapp" className="BL.Tests.TurnstilesServiceTest" name="TestAdminAddAutoIncrementTurnstileAsync" />
    </UnitTest>
    <UnitTest name="BL.Tests.TurnstilesServiceTest.TestAdminUpdateTurnstileAsync(userID: 97, turnstile: Turnstile { TurnstileID = 130, LiftID = 120, IsOpen = True }, checkPermissionServiceMock: Mock&lt;ICheckPermissionService:14&gt;, turnstilesRepositoryStub: Mock&lt;ITurnstilesRepository:8&gt;, sut: TurnstilesService { })" storage="/mnt/c/users/alena/desktop/7_sem/testing_and_debugging/skiresort/bl.tests/bin/debug/net6.0/bl.tests.dll" id="28a784fa-6cc9-47f1-73e3-002a5c2f4bc6">
      <Execution id="fbaac397-04d1-4992-b3cb-46d3db7d73d6" />
      <TestMethod codeBase="/mnt/c/Users/alena/Desktop/7_sem/testing_and_debugging/SkiResort/BL.Tests/bin/Debug/net6.0/BL.Tests.dll" adapterTypeName="executor://xunit/VsTestRunner2/netcoreapp" className="BL.Tests.TurnstilesServiceTest" name="TestAdminUpdateTurnstileAsync" />
    </UnitTest>
    <UnitTest name="BL.Tests.SlopesServiceTest.TestAdminDeleteSlopeAsync(userID: 242, slope: Slope { SlopeID = 36, SlopeName = slopeNameb639fd38-c67e-4bdf-bbb5-93dc7e1bf731, IsOpen = True, DifficultyLevel = 68, ConnectedLifts =  }, checkPermissionServiceMock: Mock&lt;ICheckPermissionService:9&gt;, slopesRepositoryStub: Mock&lt;ISlopesRepository:7&gt;, liftsSlopesRepositoryStub: Mock&lt;ILiftsSlopesRepository:12&gt;, sut: SlopesService { })" storage="/mnt/c/users/alena/desktop/7_sem/testing_and_debugging/skiresort/bl.tests/bin/debug/net6.0/bl.tests.dll" id="1aa5d748-ff8f-8dad-9129-d293be2f0a5b">
      <Execution id="94b3d4c0-3bd6-44d1-af7e-b31fdc33194d" />
      <TestMethod codeBase="/mnt/c/Users/alena/Desktop/7_sem/testing_and_debugging/SkiResort/BL.Tests/bin/Debug/net6.0/BL.Tests.dll" adapterTypeName="executor://xunit/VsTestRunner2/netcoreapp" className="BL.Tests.SlopesServiceTest" name="TestAdminDeleteSlopeAsync" />
    </UnitTest>
    <UnitTest name="BL.Tests.UsersServiceTests.TestAdminUpdateUser" storage="/mnt/c/users/alena/desktop/7_sem/testing_and_debugging/skiresort/bl.tests/bin/debug/net6.0/bl.tests.dll" id="06d0bc3a-24a0-fb7f-4277-e9ae6d21c7dd">
      <Execution id="7a423dc3-fc71-4ba6-9ea8-c0f218bb41f9" />
      <TestMethod codeBase="/mnt/c/Users/alena/Desktop/7_sem/testing_and_debugging/SkiResort/BL.Tests/bin/Debug/net6.0/BL.Tests.dll" adapterTypeName="executor://xunit/VsTestRunner2/netcoreapp" className="BL.Tests.UsersServiceTests" name="TestAdminUpdateUser" />
    </UnitTest>
    <UnitTest name="BL.Tests.UsersServiceTests.TestLogInOk" storage="/mnt/c/users/alena/desktop/7_sem/testing_and_debugging/skiresort/bl.tests/bin/debug/net6.0/bl.tests.dll" id="1ca07ad8-f799-c5d4-e7cc-34fd950198a2">
      <Execution id="9cbc0b26-2953-4e59-8f7e-74fafa9601ba" />
      <TestMethod codeBase="/mnt/c/Users/alena/Desktop/7_sem/testing_and_debugging/SkiResort/BL.Tests/bin/Debug/net6.0/BL.Tests.dll" adapterTypeName="executor://xunit/VsTestRunner2/netcoreapp" className="BL.Tests.UsersServiceTests" name="TestLogInOk" />
    </UnitTest>
    <UnitTest name="BL.Tests.UsersServiceTests.TestAdminGetUsers" storage="/mnt/c/users/alena/desktop/7_sem/testing_and_debugging/skiresort/bl.tests/bin/debug/net6.0/bl.tests.dll" id="20ad8570-0170-85de-dcd7-2f109dd7bcd6">
      <Execution id="39d5779e-dc21-401f-b7da-4f859c962b0a" />
      <TestMethod codeBase="/mnt/c/Users/alena/Desktop/7_sem/testing_and_debugging/SkiResort/BL.Tests/bin/Debug/net6.0/BL.Tests.dll" adapterTypeName="executor://xunit/VsTestRunner2/netcoreapp" className="BL.Tests.UsersServiceTests" name="TestAdminGetUsers" />
    </UnitTest>
    <UnitTest name="BL.Tests.CheckPermissionsServiceTests.UnauthorizedHasNoAccessToAdminSkiPatrolFunctions(functionName: &quot;GetMessagesAsync&quot;)" storage="/mnt/c/users/alena/desktop/7_sem/testing_and_debugging/skiresort/bl.tests/bin/debug/net6.0/bl.tests.dll" id="229812f5-9a73-5335-11f5-31330d1348a5">
      <Execution id="4e87fc2d-61b8-406f-8000-43685c8226b9" />
      <TestMethod codeBase="/mnt/c/Users/alena/Desktop/7_sem/testing_and_debugging/SkiResort/BL.Tests/bin/Debug/net6.0/BL.Tests.dll" adapterTypeName="executor://xunit/VsTestRunner2/netcoreapp" className="BL.Tests.CheckPermissionsServiceTests" name="UnauthorizedHasNoAccessToAdminSkiPatrolFunctions" />
    </UnitTest>
    <UnitTest name="BL.Tests.LiftsServiceTest.TestUpdateLiftInfoAsync(userID: 4, lift: Lift { LiftID = 3, LiftName = liftName00965eed-40fd-4ed4-b099-6794a7f4a399, IsOpen = True, SeatsAmount = 138, LiftingTime = 238, QueueTime = 61, ConnectedSlopes =  }, checkPermissionServiceMock: Mock&lt;ICheckPermissionService:3&gt;, liftsRepositoryStub: Mock&lt;ILiftsRepository:3&gt;, sut: LiftsService { })" storage="/mnt/c/users/alena/desktop/7_sem/testing_and_debugging/skiresort/bl.tests/bin/debug/net6.0/bl.tests.dll" id="a0c63d4b-d65c-83e1-adf1-5c152b75ea1e">
      <Execution id="f25d7c48-17f6-4f55-bc2c-c7f61f51f895" />
      <TestMethod codeBase="/mnt/c/Users/alena/Desktop/7_sem/testing_and_debugging/SkiResort/BL.Tests/bin/Debug/net6.0/BL.Tests.dll" adapterTypeName="executor://xunit/VsTestRunner2/netcoreapp" className="BL.Tests.LiftsServiceTest" name="TestUpdateLiftInfoAsync" />
    </UnitTest>
    <UnitTest name="BL.Tests.LiftsSlopesServiceTests.TestAdminDeleteLiftSlopeAsync(lift: Lift { LiftID = 180, LiftName = liftNamed3bd06a9-6f0d-49dd-95db-45f9e45352f1, IsOpen = True, SeatsAmount = 155, LiftingTime = 195, QueueTime = 79, ConnectedSlopes =  }, slope: Slope { SlopeID = 89, SlopeName = slopeNamec28f25bd-7cf6-48a7-9105-8e0e583f4d55, IsOpen = False, DifficultyLevel = 212, ConnectedLifts =  }, slopesRepositoryStub: Mock&lt;ISlopesRepository:2&gt;, liftsRepo..." storage="/mnt/c/users/alena/desktop/7_sem/testing_and_debugging/skiresort/bl.tests/bin/debug/net6.0/bl.tests.dll" id="c00660fd-7375-f790-9ecb-27a8764be140">
      <Execution id="cb84ec24-6471-4d8b-951e-a43a55f9bd82" />
      <TestMethod codeBase="/mnt/c/Users/alena/Desktop/7_sem/testing_and_debugging/SkiResort/BL.Tests/bin/Debug/net6.0/BL.Tests.dll" adapterTypeName="executor://xunit/VsTestRunner2/netcoreapp" className="BL.Tests.LiftsSlopesServiceTests" name="TestAdminDeleteLiftSlopeAsync" />
    </UnitTest>
    <UnitTest name="BL.Tests.TurnstilesServiceTest.TestAdminGetTurnstilesAsync(userID: 118, initialTurnstiles: [Turnstile { TurnstileID = 53, LiftID = 202, IsOpen = True }, Turnstile { TurnstileID = 208, LiftID = 122, IsOpen = False }, Turnstile { TurnstileID = 182, LiftID = 37, IsOpen = True }], checkPermissionServiceMock: Mock&lt;ICheckPermissionService:13&gt;, turnstilesRepositoryStub: Mock&lt;ITurnstilesRepository:7&gt;, sut: TurnstilesService { })" storage="/mnt/c/users/alena/desktop/7_sem/testing_and_debugging/skiresort/bl.tests/bin/debug/net6.0/bl.tests.dll" id="08337a26-98ec-4297-d02f-0faccdee5a99">
      <Execution id="6f28939f-66fc-4bf1-9aec-da7355b07823" />
      <TestMethod codeBase="/mnt/c/Users/alena/Desktop/7_sem/testing_and_debugging/SkiResort/BL.Tests/bin/Debug/net6.0/BL.Tests.dll" adapterTypeName="executor://xunit/VsTestRunner2/netcoreapp" className="BL.Tests.TurnstilesServiceTest" name="TestAdminGetTurnstilesAsync" />
    </UnitTest>
    <UnitTest name="BL.Tests.LiftsServiceTest.TestAdminAddAutoIncrementLiftAsync(userID: 29, lift: Lift { LiftID = 161, LiftName = liftName7f10f315-3fe0-40ef-9a97-eab34af38fc8, IsOpen = True, SeatsAmount = 42, LiftingTime = 102, QueueTime = 254, ConnectedSlopes =  }, checkPermissionServiceMock: Mock&lt;ICheckPermissionService:5&gt;, liftsRepositoryStub: Mock&lt;ILiftsRepository:5&gt;, sut: LiftsService { })" storage="/mnt/c/users/alena/desktop/7_sem/testing_and_debugging/skiresort/bl.tests/bin/debug/net6.0/bl.tests.dll" id="324a593b-8a75-68d9-886b-aafd395315e0">
      <Execution id="91701dc9-1cc4-4f36-84e2-376660345d1f" />
      <TestMethod codeBase="/mnt/c/Users/alena/Desktop/7_sem/testing_and_debugging/SkiResort/BL.Tests/bin/Debug/net6.0/BL.Tests.dll" adapterTypeName="executor://xunit/VsTestRunner2/netcoreapp" className="BL.Tests.LiftsServiceTest" name="TestAdminAddAutoIncrementLiftAsync" />
    </UnitTest>
    <UnitTest name="BL.Tests.CheckPermissionsServiceTests.AuthorizedHasNoAccessToAdminSkiPatrolFunctions(functionName: &quot;GetLiftsSlopesInfoAsync&quot;)" storage="/mnt/c/users/alena/desktop/7_sem/testing_and_debugging/skiresort/bl.tests/bin/debug/net6.0/bl.tests.dll" id="4f297306-d4f3-8d63-e7f4-1ac0b8c58c74">
      <Execution id="a5e958e6-4ab1-4c03-86ef-d357df390776" />
      <TestMethod codeBase="/mnt/c/Users/alena/Desktop/7_sem/testing_and_debugging/SkiResort/BL.Tests/bin/Debug/net6.0/BL.Tests.dll" adapterTypeName="executor://xunit/VsTestRunner2/netcoreapp" className="BL.Tests.CheckPermissionsServiceTests" name="AuthorizedHasNoAccessToAdminSkiPatrolFunctions" />
    </UnitTest>
    <UnitTest name="BL.Tests.LiftsSlopesServiceTests.TestGetLiftsSlopesInfoAsync(liftsSlopes: [LiftSlope { RecordID = 182, LiftID = 56, SlopeID = 190 }, LiftSlope { RecordID = 203, LiftID = 137, SlopeID = 9 }, LiftSlope { RecordID = 2, LiftID = 219, SlopeID = 29 }], slopesRepositoryStub: Mock&lt;ISlopesRepository:1&gt;, liftsRepositoryStub: Mock&lt;ILiftsRepository:6&gt;, liftsSlopesRepositoryStub: Mock&lt;ILiftsSlopesRepository:6&gt;)" storage="/mnt/c/users/alena/desktop/7_sem/testing_and_debugging/skiresort/bl.tests/bin/debug/net6.0/bl.tests.dll" id="e429852d-a6ed-7c2a-25fd-cd839b159d56">
      <Execution id="9f29b78d-8729-4488-8b0a-8d36bf47f739" />
      <TestMethod codeBase="/mnt/c/Users/alena/Desktop/7_sem/testing_and_debugging/SkiResort/BL.Tests/bin/Debug/net6.0/BL.Tests.dll" adapterTypeName="executor://xunit/VsTestRunner2/netcoreapp" className="BL.Tests.LiftsSlopesServiceTests" name="TestGetLiftsSlopesInfoAsync" />
    </UnitTest>
    <UnitTest name="BL.Tests.UsersServiceTests.TestRegisterOk" storage="/mnt/c/users/alena/desktop/7_sem/testing_and_debugging/skiresort/bl.tests/bin/debug/net6.0/bl.tests.dll" id="0eeef75f-6e38-7893-a8fe-cff3e0a970a7">
      <Execution id="496c0d68-f82c-48b2-9f82-2beb47361811" />
      <TestMethod codeBase="/mnt/c/Users/alena/Desktop/7_sem/testing_and_debugging/SkiResort/BL.Tests/bin/Debug/net6.0/BL.Tests.dll" adapterTypeName="executor://xunit/VsTestRunner2/netcoreapp" className="BL.Tests.UsersServiceTests" name="TestRegisterOk" />
    </UnitTest>
    <UnitTest name="BL.Tests.CheckPermissionsServiceTests.AuthorizedHasAccessToAuthorizedFunctions(functionName: &quot;SendMessageAsync&quot;)" storage="/mnt/c/users/alena/desktop/7_sem/testing_and_debugging/skiresort/bl.tests/bin/debug/net6.0/bl.tests.dll" id="644ec43e-70cd-c82d-42e7-0d990be1414d">
      <Execution id="e06e72b7-f9e8-434b-bb99-beb65e06aafb" />
      <TestMethod codeBase="/mnt/c/Users/alena/Desktop/7_sem/testing_and_debugging/SkiResort/BL.Tests/bin/Debug/net6.0/BL.Tests.dll" adapterTypeName="executor://xunit/VsTestRunner2/netcoreapp" className="BL.Tests.CheckPermissionsServiceTests" name="AuthorizedHasAccessToAuthorizedFunctions" />
    </UnitTest>
    <UnitTest name="BL.Tests.CheckPermissionsServiceTests.UnauthorizedHasNoAccessToAuthorizedFunctions(functionName: &quot;LogOutAsync&quot;)" storage="/mnt/c/users/alena/desktop/7_sem/testing_and_debugging/skiresort/bl.tests/bin/debug/net6.0/bl.tests.dll" id="fa960c5e-f989-2880-784e-8efe538c5231">
      <Execution id="1b35e57c-2ba7-42f5-988b-f363be1ed20b" />
      <TestMethod codeBase="/mnt/c/Users/alena/Desktop/7_sem/testing_and_debugging/SkiResort/BL.Tests/bin/Debug/net6.0/BL.Tests.dll" adapterTypeName="executor://xunit/VsTestRunner2/netcoreapp" className="BL.Tests.CheckPermissionsServiceTests" name="UnauthorizedHasNoAccessToAuthorizedFunctions" />
    </UnitTest>
    <UnitTest name="BL.Tests.CheckPermissionsServiceTests.UnauthorizedHasNoAccessToAuthorizedFunctions(functionName: &quot;SendMessageAsync&quot;)" storage="/mnt/c/users/alena/desktop/7_sem/testing_and_debugging/skiresort/bl.tests/bin/debug/net6.0/bl.tests.dll" id="eaabd2fc-2f4b-5689-59c8-c7ad34a8f634">
      <Execution id="e5144ed9-727f-463f-8510-53749bdc05e4" />
      <TestMethod codeBase="/mnt/c/Users/alena/Desktop/7_sem/testing_and_debugging/SkiResort/BL.Tests/bin/Debug/net6.0/BL.Tests.dll" adapterTypeName="executor://xunit/VsTestRunner2/netcoreapp" className="BL.Tests.CheckPermissionsServiceTests" name="UnauthorizedHasNoAccessToAuthorizedFunctions" />
    </UnitTest>
    <UnitTest name="BL.Tests.UsersServiceTests.TestRegisterUserWithRepeatedEmail" storage="/mnt/c/users/alena/desktop/7_sem/testing_and_debugging/skiresort/bl.tests/bin/debug/net6.0/bl.tests.dll" id="894941c1-bfa7-d8f9-c047-1e1ceefe2c2f">
      <Execution id="34039380-9197-4519-b9c1-70c706cd1379" />
      <TestMethod codeBase="/mnt/c/Users/alena/Desktop/7_sem/testing_and_debugging/SkiResort/BL.Tests/bin/Debug/net6.0/BL.Tests.dll" adapterTypeName="executor://xunit/VsTestRunner2/netcoreapp" className="BL.Tests.UsersServiceTests" name="TestRegisterUserWithRepeatedEmail" />
    </UnitTest>
    <UnitTest name="BL.Tests.LiftsSlopesServiceTests.TestAdminAddAutoIncrementLiftSlopeAsync(lift: Lift { LiftID = 174, LiftName = liftName0295c756-c303-48bd-84c9-0ae4bdeb1551, IsOpen = True, SeatsAmount = 10, LiftingTime = 12, QueueTime = 145, ConnectedSlopes =  }, slope: Slope { SlopeID = 90, SlopeName = slopeNameca667496-5220-473d-b233-9ae1b8d52c9c, IsOpen = False, DifficultyLevel = 198, ConnectedLifts =  }, slopesRepositoryStub: Mock&lt;ISlopesRepository:3&gt;, ..." storage="/mnt/c/users/alena/desktop/7_sem/testing_and_debugging/skiresort/bl.tests/bin/debug/net6.0/bl.tests.dll" id="b6184f26-4bdb-4887-cbf8-f7f556b6359c">
      <Execution id="ca3b31c2-2dbf-4087-a62b-252becb8b8dd" />
      <TestMethod codeBase="/mnt/c/Users/alena/Desktop/7_sem/testing_and_debugging/SkiResort/BL.Tests/bin/Debug/net6.0/BL.Tests.dll" adapterTypeName="executor://xunit/VsTestRunner2/netcoreapp" className="BL.Tests.LiftsSlopesServiceTests" name="TestAdminAddAutoIncrementLiftSlopeAsync" />
    </UnitTest>
    <UnitTest name="BL.Tests.UsersServiceTests.TestRegisterUserWithNoEmail" storage="/mnt/c/users/alena/desktop/7_sem/testing_and_debugging/skiresort/bl.tests/bin/debug/net6.0/bl.tests.dll" id="8184bd30-991c-b78d-b4ec-99a485eac0dd">
      <Execution id="f5a7b716-a071-444d-bba3-8ad9b13213e6" />
      <TestMethod codeBase="/mnt/c/Users/alena/Desktop/7_sem/testing_and_debugging/SkiResort/BL.Tests/bin/Debug/net6.0/BL.Tests.dll" adapterTypeName="executor://xunit/VsTestRunner2/netcoreapp" className="BL.Tests.UsersServiceTests" name="TestRegisterUserWithNoEmail" />
    </UnitTest>
  </TestDefinitions>
  <TestEntries>
    <TestEntry testId="a0c63d4b-d65c-83e1-adf1-5c152b75ea1e" executionId="f25d7c48-17f6-4f55-bc2c-c7f61f51f895" testListId="8c84fa94-04c1-424b-9868-57a2d4851a1d" />
    <TestEntry testId="28a784fa-6cc9-47f1-73e3-002a5c2f4bc6" executionId="fbaac397-04d1-4992-b3cb-46d3db7d73d6" testListId="8c84fa94-04c1-424b-9868-57a2d4851a1d" />
    <TestEntry testId="a19a5fcf-c5d2-7d44-5d7d-84403042f4e0" executionId="6c777a8e-f4f0-401c-adf7-e893d18d92ee" testListId="8c84fa94-04c1-424b-9868-57a2d4851a1d" />
    <TestEntry testId="b6184f26-4bdb-4887-cbf8-f7f556b6359c" executionId="ca3b31c2-2dbf-4087-a62b-252becb8b8dd" testListId="8c84fa94-04c1-424b-9868-57a2d4851a1d" />
    <TestEntry testId="492c0393-35b4-df26-a537-21ca08302f3c" executionId="6a9dfd4a-9558-4c44-b9d0-465b0c598db1" testListId="8c84fa94-04c1-424b-9868-57a2d4851a1d" />
    <TestEntry testId="644ec43e-70cd-c82d-42e7-0d990be1414d" executionId="e06e72b7-f9e8-434b-bb99-beb65e06aafb" testListId="8c84fa94-04c1-424b-9868-57a2d4851a1d" />
    <TestEntry testId="4f297306-d4f3-8d63-e7f4-1ac0b8c58c74" executionId="a5e958e6-4ab1-4c03-86ef-d357df390776" testListId="8c84fa94-04c1-424b-9868-57a2d4851a1d" />
    <TestEntry testId="87ef41fb-f26a-12e4-9aa6-395a1a388717" executionId="88cf8ce3-3452-4e55-ab74-27927bef2dc5" testListId="8c84fa94-04c1-424b-9868-57a2d4851a1d" />
    <TestEntry testId="fa960c5e-f989-2880-784e-8efe538c5231" executionId="1b35e57c-2ba7-42f5-988b-f363be1ed20b" testListId="8c84fa94-04c1-424b-9868-57a2d4851a1d" />
    <TestEntry testId="387c9729-48c1-486e-5e67-f5d11a9f0db8" executionId="04c6432b-0da3-433c-bf28-c0628e887f85" testListId="8c84fa94-04c1-424b-9868-57a2d4851a1d" />
    <TestEntry testId="e2d7e5be-3dae-33ae-fb17-c704b6fd58d6" executionId="975a1a19-14d7-4140-89af-f0297d23fbe4" testListId="8c84fa94-04c1-424b-9868-57a2d4851a1d" />
    <TestEntry testId="20ad8570-0170-85de-dcd7-2f109dd7bcd6" executionId="39d5779e-dc21-401f-b7da-4f859c962b0a" testListId="8c84fa94-04c1-424b-9868-57a2d4851a1d" />
    <TestEntry testId="86975334-a9c3-7a0c-fc67-3fcc839c79ee" executionId="19309386-e9d8-480b-b4d1-d707250a806d" testListId="8c84fa94-04c1-424b-9868-57a2d4851a1d" />
    <TestEntry testId="0eeef75f-6e38-7893-a8fe-cff3e0a970a7" executionId="496c0d68-f82c-48b2-9f82-2beb47361811" testListId="8c84fa94-04c1-424b-9868-57a2d4851a1d" />
    <TestEntry testId="c00660fd-7375-f790-9ecb-27a8764be140" executionId="cb84ec24-6471-4d8b-951e-a43a55f9bd82" testListId="8c84fa94-04c1-424b-9868-57a2d4851a1d" />
    <TestEntry testId="25faad86-8a65-5c6f-111f-42540ee678e1" executionId="636adfe6-7c1c-4276-99b3-19d4bf8dc235" testListId="8c84fa94-04c1-424b-9868-57a2d4851a1d" />
    <TestEntry testId="8184bd30-991c-b78d-b4ec-99a485eac0dd" executionId="f5a7b716-a071-444d-bba3-8ad9b13213e6" testListId="8c84fa94-04c1-424b-9868-57a2d4851a1d" />
    <TestEntry testId="69340bb6-3645-f9dd-971e-29d8b2a009bb" executionId="c51d23c2-6bf4-4b4e-8b04-8cc1934b1432" testListId="8c84fa94-04c1-424b-9868-57a2d4851a1d" />
    <TestEntry testId="eaabd2fc-2f4b-5689-59c8-c7ad34a8f634" executionId="e5144ed9-727f-463f-8510-53749bdc05e4" testListId="8c84fa94-04c1-424b-9868-57a2d4851a1d" />
    <TestEntry testId="9c7df5e2-1b23-ebea-889f-b78ca86b60ab" executionId="2cee5565-62df-4e73-ace8-5a0e1b224c11" testListId="8c84fa94-04c1-424b-9868-57a2d4851a1d" />
    <TestEntry testId="324a593b-8a75-68d9-886b-aafd395315e0" executionId="91701dc9-1cc4-4f36-84e2-376660345d1f" testListId="8c84fa94-04c1-424b-9868-57a2d4851a1d" />
    <TestEntry testId="1aa5d748-ff8f-8dad-9129-d293be2f0a5b" executionId="94b3d4c0-3bd6-44d1-af7e-b31fdc33194d" testListId="8c84fa94-04c1-424b-9868-57a2d4851a1d" />
    <TestEntry testId="834c739b-eca4-b36d-6a66-5a1bd75377b8" executionId="9090f12c-b251-4115-84af-5ae4074b1b7d" testListId="8c84fa94-04c1-424b-9868-57a2d4851a1d" />
    <TestEntry testId="d172330b-5f47-ee79-3347-cd480e1ab202" executionId="86c51a97-8baf-490d-a505-c42b68f21679" testListId="8c84fa94-04c1-424b-9868-57a2d4851a1d" />
    <TestEntry testId="e5497347-2721-b7a6-0bd4-69a9921f6947" executionId="9527b8fc-dee1-46a6-bb1d-91c5f2229fd2" testListId="8c84fa94-04c1-424b-9868-57a2d4851a1d" />
    <TestEntry testId="18fa8c62-e27d-e1fc-8182-4d7db62b008d" executionId="7e2b13dc-4d95-4ee1-b2ee-88627137fd6b" testListId="8c84fa94-04c1-424b-9868-57a2d4851a1d" />
    <TestEntry testId="844420ef-2688-d7a2-f7ef-ed7bf7e36855" executionId="574e543e-2c46-47e5-844c-fa8151b0a051" testListId="8c84fa94-04c1-424b-9868-57a2d4851a1d" />
    <TestEntry testId="b7aa1dc0-9435-8185-081b-293237b1da28" executionId="b91dd2d6-788e-4a2b-92f3-c06cf34a0712" testListId="8c84fa94-04c1-424b-9868-57a2d4851a1d" />
    <TestEntry testId="30dfb900-8756-5f92-df8f-a76fc9485e45" executionId="df1733c6-fb5c-4a86-98ac-3caeeaf527e5" testListId="8c84fa94-04c1-424b-9868-57a2d4851a1d" />
    <TestEntry testId="06d0bc3a-24a0-fb7f-4277-e9ae6d21c7dd" executionId="7a423dc3-fc71-4ba6-9ea8-c0f218bb41f9" testListId="8c84fa94-04c1-424b-9868-57a2d4851a1d" />
    <TestEntry testId="c36970dc-93f7-753e-fa47-157133b01644" executionId="a23d06e9-c1b3-4dcb-b09c-9caef1d6169d" testListId="8c84fa94-04c1-424b-9868-57a2d4851a1d" />
    <TestEntry testId="894941c1-bfa7-d8f9-c047-1e1ceefe2c2f" executionId="34039380-9197-4519-b9c1-70c706cd1379" testListId="8c84fa94-04c1-424b-9868-57a2d4851a1d" />
    <TestEntry testId="2602613f-c8e2-a6d9-fcf7-5b27d4a770a6" executionId="2da7f0db-1ea6-4b66-a66a-f6f4c0d44c5d" testListId="8c84fa94-04c1-424b-9868-57a2d4851a1d" />
    <TestEntry testId="0162aee5-93f6-f29c-e276-7e83a6f42196" executionId="77070cb8-0b9a-4a09-95c1-a8c44a96418b" testListId="8c84fa94-04c1-424b-9868-57a2d4851a1d" />
    <TestEntry testId="5eea75f4-050d-def0-46a1-0e486372a276" executionId="82ed8c97-ad79-415d-91fe-d6efa73afb16" testListId="8c84fa94-04c1-424b-9868-57a2d4851a1d" />
    <TestEntry testId="aa28a6b3-21d3-aa45-24d3-bef2facbc899" executionId="ede72f60-458d-4b77-96f3-63b77201c224" testListId="8c84fa94-04c1-424b-9868-57a2d4851a1d" />
    <TestEntry testId="17372243-7807-3cf1-5425-c2cf62baeebe" executionId="94f4e0b6-e266-4a15-8c9a-eee5d1af2431" testListId="8c84fa94-04c1-424b-9868-57a2d4851a1d" />
    <TestEntry testId="e429852d-a6ed-7c2a-25fd-cd839b159d56" executionId="9f29b78d-8729-4488-8b0a-8d36bf47f739" testListId="8c84fa94-04c1-424b-9868-57a2d4851a1d" />
    <TestEntry testId="f44a1b21-8efc-bfac-63b4-d534442def31" executionId="60b06dbe-1408-4b8f-ae84-85822759dcec" testListId="8c84fa94-04c1-424b-9868-57a2d4851a1d" />
    <TestEntry testId="1ca07ad8-f799-c5d4-e7cc-34fd950198a2" executionId="9cbc0b26-2953-4e59-8f7e-74fafa9601ba" testListId="8c84fa94-04c1-424b-9868-57a2d4851a1d" />
    <TestEntry testId="60bd668f-04df-da5e-b79b-5d9aedb5234d" executionId="122817c5-f65a-48eb-b09c-5fa691e27860" testListId="8c84fa94-04c1-424b-9868-57a2d4851a1d" />
    <TestEntry testId="20442aeb-a690-1a61-f050-5cbfb2804b8a" executionId="58b4d2b9-bb2f-43b9-b34a-0cd3162c74a0" testListId="8c84fa94-04c1-424b-9868-57a2d4851a1d" />
    <TestEntry testId="08337a26-98ec-4297-d02f-0faccdee5a99" executionId="6f28939f-66fc-4bf1-9aec-da7355b07823" testListId="8c84fa94-04c1-424b-9868-57a2d4851a1d" />
    <TestEntry testId="f3efc418-a8a6-c7b7-9bac-90b33aa8472f" executionId="db6cc7b4-284c-4378-a7c6-6c2c881ed525" testListId="8c84fa94-04c1-424b-9868-57a2d4851a1d" />
    <TestEntry testId="a2e59116-cb53-1d70-9cb8-21c286516866" executionId="a69b9be8-c89f-46d9-8ad1-b13b85b0884f" testListId="8c84fa94-04c1-424b-9868-57a2d4851a1d" />
    <TestEntry testId="2d706594-f2b3-b3c8-21d4-86c9798c3306" executionId="38293317-1746-43ab-9231-1919b0a95c39" testListId="8c84fa94-04c1-424b-9868-57a2d4851a1d" />
    <TestEntry testId="229812f5-9a73-5335-11f5-31330d1348a5" executionId="4e87fc2d-61b8-406f-8000-43685c8226b9" testListId="8c84fa94-04c1-424b-9868-57a2d4851a1d" />
  </TestEntries>
  <TestLists>
    <TestList name="Results Not in a List" id="8c84fa94-04c1-424b-9868-57a2d4851a1d" />
    <TestList name="All Loaded Results" id="19431567-8539-422a-85d7-44ee4e166bda" />
  </TestLists>
  <ResultSummary outcome="Completed">
    <Counters total="47" executed="47" passed="47" failed="0" error="0" timeout="0" aborted="0" inconclusive="0" passedButRunAborted="0" notRunnable="0" notExecuted="0" disconnected="0" warning="0" completed="0" inProgress="0" pending="0" />
    <Output>
      <StdOut>[xUnit.net 00:00:00.00] xUnit.net VSTest Adapter v2.4.5+1caef2f33e (64-bit .NET 6.0.10)
[xUnit.net 00:00:00.98]   Discovering: BL.Tests
[xUnit.net 00:00:01.22]   Discovered:  BL.Tests
[xUnit.net 00:00:01.23]   Starting:    BL.Tests
[xUnit.net 00:00:01.70]   Finished:    BL.Tests
</StdOut>
    </Output>
  </ResultSummary>
</TestRun>