<?xml version="1.0" encoding="utf-8"?>
<TestRun id="9fe9e0f3-9db1-40f4-b409-8c5e7a1ecee0" name="@DESKTOP-TJ9D65N 2022-11-03 10:49:55" xmlns="http://microsoft.com/schemas/VisualStudio/TeamTest/2010">
  <Times creation="2022-11-03T10:49:55.8684358+03:00" queuing="2022-11-03T10:49:55.8684358+03:00" start="2022-11-03T10:49:53.5154813+03:00" finish="2022-11-03T10:49:56.0703855+03:00" />
  <TestSettings name="default" id="7c145c3a-13b3-4d1e-b30b-6fefb34b26d0">
    <Deployment runDeploymentRoot="_DESKTOP-TJ9D65N_2022-11-03_10_49_55" />
  </TestSettings>
  <Results>
    <UnitTestResult executionId="2a30984f-7e95-48fc-a35f-f6de12cc69ec" testId="0eeef75f-6e38-7893-a8fe-cff3e0a970a7" testName="BL.Tests.UsersServiceTests.TestRegisterOk" computerName="DESKTOP-TJ9D65N" duration="00:00:00.0086180" startTime="2022-11-03T10:49:55.8845475+03:00" endTime="2022-11-03T10:49:55.8845475+03:00" testType="13cdc9d9-ddb5-4fa4-a97d-d965ccfc6d4b" outcome="Passed" testListId="8c84fa94-04c1-424b-9868-57a2d4851a1d" relativeResultsDirectory="2a30984f-7e95-48fc-a35f-f6de12cc69ec" />
    <UnitTestResult executionId="17d1e7ab-c754-478f-aebe-3bbd4ef218c3" testId="644ec43e-70cd-c82d-42e7-0d990be1414d" testName="BL.Tests.CheckPermissionsServiceTests.AuthorizedHasAccessToAuthorizedFunctions(functionName: &quot;SendMessageAsync&quot;)" computerName="DESKTOP-TJ9D65N" duration="00:00:00.0017455" startTime="2022-11-03T10:49:55.9453091+03:00" endTime="2022-11-03T10:49:55.9453092+03:00" testType="13cdc9d9-ddb5-4fa4-a97d-d965ccfc6d4b" outcome="Passed" testListId="8c84fa94-04c1-424b-9868-57a2d4851a1d" relativeResultsDirectory="17d1e7ab-c754-478f-aebe-3bbd4ef218c3" />
    <UnitTestResult executionId="6f27c12c-99d1-43cd-9b04-93bf02d8898c" testId="1ca07ad8-f799-c5d4-e7cc-34fd950198a2" testName="BL.Tests.UsersServiceTests.TestLogInOk" computerName="DESKTOP-TJ9D65N" duration="00:00:00.0030744" startTime="2022-11-03T10:49:55.8974544+03:00" endTime="2022-11-03T10:49:55.8974545+03:00" testType="13cdc9d9-ddb5-4fa4-a97d-d965ccfc6d4b" outcome="Passed" testListId="8c84fa94-04c1-424b-9868-57a2d4851a1d" relativeResultsDirectory="6f27c12c-99d1-43cd-9b04-93bf02d8898c" />
    <UnitTestResult executionId="aca076d8-6df2-4dd6-b43d-5a487c0274ac" testId="871efff2-91dc-921d-94a2-b56bf01edea3" testName="BL.Tests.SlopesServiceTest.TestGetSlopeInfoAsync(userID: 11, slope: Slope { SlopeID = 147, SlopeName = slopeName24d15f22-de8d-4876-a821-332ade95a87b, IsOpen = True, DifficultyLevel = 14, ConnectedLifts =  }, checkPermissionServiceMock: Mock&lt;ICheckPermissionService:6&gt;, slopesRepositoryStub: Mock&lt;ISlopesRepository:4&gt;, liftsSlopesRepositoryStub: Mock&lt;ILiftsSlopesRepository:9&gt;, sut: SlopesService { })" computerName="DESKTOP-TJ9D65N" duration="00:00:00.0079316" startTime="2022-11-03T10:49:55.8219504+03:00" endTime="2022-11-03T10:49:55.8219505+03:00" testType="13cdc9d9-ddb5-4fa4-a97d-d965ccfc6d4b" outcome="Passed" testListId="8c84fa94-04c1-424b-9868-57a2d4851a1d" relativeResultsDirectory="aca076d8-6df2-4dd6-b43d-5a487c0274ac" />
    <UnitTestResult executionId="d2ff3991-3a00-4fac-aed9-51cd3e5eea34" testId="9c7df5e2-1b23-ebea-889f-b78ca86b60ab" testName="BL.Tests.CheckPermissionsServiceTests.AuthorizedHasNoAccessToAdminSkiPatrolFunctions(functionName: &quot;MarkMessageReadByUserAsync&quot;)" computerName="DESKTOP-TJ9D65N" duration="00:00:00.0069590" startTime="2022-11-03T10:49:55.9256972+03:00" endTime="2022-11-03T10:49:55.9256972+03:00" testType="13cdc9d9-ddb5-4fa4-a97d-d965ccfc6d4b" outcome="Passed" testListId="8c84fa94-04c1-424b-9868-57a2d4851a1d" relativeResultsDirectory="d2ff3991-3a00-4fac-aed9-51cd3e5eea34" />
    <UnitTestResult executionId="f4e2fd11-995c-4731-8d7d-f40c8f091ba2" testId="019fbe1f-7971-bc16-0558-f5a1660f7f26" testName="BL.Tests.TurnstilesServiceTest.TestAdminUpdateTurnstileAsync(userID: 4, turnstile: Turnstile { TurnstileID = 43, LiftID = 246, IsOpen = True }, checkPermissionServiceMock: Mock&lt;ICheckPermissionService:14&gt;, turnstilesRepositoryStub: Mock&lt;ITurnstilesRepository:8&gt;, sut: TurnstilesService { })" computerName="DESKTOP-TJ9D65N" duration="00:00:00.0057393" startTime="2022-11-03T10:49:55.8662237+03:00" endTime="2022-11-03T10:49:55.8662238+03:00" testType="13cdc9d9-ddb5-4fa4-a97d-d965ccfc6d4b" outcome="Passed" testListId="8c84fa94-04c1-424b-9868-57a2d4851a1d" relativeResultsDirectory="f4e2fd11-995c-4731-8d7d-f40c8f091ba2" />
    <UnitTestResult executionId="295c3dbe-96d0-4511-9bbf-712bc7482adc" testId="492c0393-35b4-df26-a537-21ca08302f3c" testName="BL.Tests.CheckPermissionsServiceTests.SkiPatrolHasNoAccessToAdminFunctions" computerName="DESKTOP-TJ9D65N" duration="00:00:00.0022211" startTime="2022-11-03T10:49:55.9761549+03:00" endTime="2022-11-03T10:49:55.9761549+03:00" testType="13cdc9d9-ddb5-4fa4-a97d-d965ccfc6d4b" outcome="Passed" testListId="8c84fa94-04c1-424b-9868-57a2d4851a1d" relativeResultsDirectory="295c3dbe-96d0-4511-9bbf-712bc7482adc" />
    <UnitTestResult executionId="6c89c2f2-e3fb-475b-948a-6774a73b6c90" testId="ba3b14ba-31e6-08fa-e1a7-f109d523ef9b" testName="BL.Tests.SlopesServiceTest.TestAdminAddAutoIncrementSlopeAsync(userID: 102, slope: Slope { SlopeID = 44, SlopeName = slopeNameba964f75-f288-491f-8e6e-82159d7520ce, IsOpen = True, DifficultyLevel = 36, ConnectedLifts =  }, checkPermissionServiceMock: Mock&lt;ICheckPermissionService:10&gt;, slopesRepositoryStub: Mock&lt;ISlopesRepository:8&gt;, sut: SlopesService { })" computerName="DESKTOP-TJ9D65N" duration="00:00:00.0084208" startTime="2022-11-03T10:49:55.8910096+03:00" endTime="2022-11-03T10:49:55.8910097+03:00" testType="13cdc9d9-ddb5-4fa4-a97d-d965ccfc6d4b" outcome="Passed" testListId="8c84fa94-04c1-424b-9868-57a2d4851a1d" relativeResultsDirectory="6c89c2f2-e3fb-475b-948a-6774a73b6c90" />
    <UnitTestResult executionId="16fc2892-0d87-4200-8c1b-d3700eff6587" testId="ecaa0e7a-98a7-cea8-73b9-930fb7aeff0a" testName="BL.Tests.SlopesServiceTest.TestAdminDeleteSlopeAsync(userID: 139, slope: Slope { SlopeID = 90, SlopeName = slopeName97acc5f2-498f-4264-a83b-4277435195cc, IsOpen = True, DifficultyLevel = 111, ConnectedLifts =  }, checkPermissionServiceMock: Mock&lt;ICheckPermissionService:9&gt;, slopesRepositoryStub: Mock&lt;ISlopesRepository:7&gt;, liftsSlopesRepositoryStub: Mock&lt;ILiftsSlopesRepository:12&gt;, sut: SlopesService { })" computerName="DESKTOP-TJ9D65N" duration="00:00:00.0357490" startTime="2022-11-03T10:49:55.7415763+03:00" endTime="2022-11-03T10:49:55.7415764+03:00" testType="13cdc9d9-ddb5-4fa4-a97d-d965ccfc6d4b" outcome="Passed" testListId="8c84fa94-04c1-424b-9868-57a2d4851a1d" relativeResultsDirectory="16fc2892-0d87-4200-8c1b-d3700eff6587" />
    <UnitTestResult executionId="6c9a0ff2-6873-49b0-8756-244394f6f2c3" testId="dd859e18-a7fc-c228-eb6a-6987b603e571" testName="BL.Tests.SlopesServiceTest.TestGetSlopesInfoAsync(userID: 142, initialSlopes: [Slope { SlopeID = 84, SlopeName = slopeName16f163d0-01a8-44f9-8336-ad3fdc288510, IsOpen = True, DifficultyLevel = 217, ConnectedLifts =  }, Slope { SlopeID = 139, SlopeName = slopeName66984228-3519-4c41-8f3a-bac1cbe818bc, IsOpen = False, DifficultyLevel = 21, ConnectedLifts =  }, Slope { SlopeID = 254, SlopeName = slopeName907f20c4-1f14-4d33-8327-90787b81dc5d, IsOpen = True, DifficultyLevel = 252, ConnectedLifts =  }], checkPermissionServiceMock: Mock&lt;ICheckPermissionService:7&gt;, slopesRepositoryStub: Mock&lt;ISlopesRepository:5&gt;, liftsSlopesRepositoryStub: Mock&lt;ILiftsSlopesRepository:10&gt;, sut: SlopesService { })" computerName="DESKTOP-TJ9D65N" duration="00:00:00.0130894" startTime="2022-11-03T10:49:55.8695710+03:00" endTime="2022-11-03T10:49:55.8695710+03:00" testType="13cdc9d9-ddb5-4fa4-a97d-d965ccfc6d4b" outcome="Passed" testListId="8c84fa94-04c1-424b-9868-57a2d4851a1d" relativeResultsDirectory="6c9a0ff2-6873-49b0-8756-244394f6f2c3" />
    <UnitTestResult executionId="914be62a-732e-4b8b-88fd-0a1246c459d5" testId="c17d3d75-555f-2330-80d5-1b7887781976" testName="BL.Tests.LiftsSlopesServiceTests.TestAdminAddAutoIncrementLiftSlopeAsync(lift: Lift { LiftID = 130, LiftName = liftNamea3589a45-a26b-4edb-97ba-f66c81d1fc05, IsOpen = True, SeatsAmount = 206, LiftingTime = 238, QueueTime = 189, ConnectedSlopes =  }, slope: Slope { SlopeID = 244, SlopeName = slopeNamef1429c20-2741-45c0-a549-f54429d8425c, IsOpen = False, DifficultyLevel = 35, ConnectedLifts =  }, slopesRepositoryStub: Mock&lt;ISlopesRepository:3&gt;, liftsRepositoryStub: Mock&lt;ILiftsRepository:8&gt;, liftsSlopesRepositoryStub: Mock&lt;ILiftsSlopesRepository:8&gt;)" computerName="DESKTOP-TJ9D65N" duration="00:00:00.0359392" startTime="2022-11-03T10:49:55.7415694+03:00" endTime="2022-11-03T10:49:55.7415694+03:00" testType="13cdc9d9-ddb5-4fa4-a97d-d965ccfc6d4b" outcome="Passed" testListId="8c84fa94-04c1-424b-9868-57a2d4851a1d" relativeResultsDirectory="914be62a-732e-4b8b-88fd-0a1246c459d5" />
    <UnitTestResult executionId="0d6bc424-06bb-4ef5-8b91-029e16449aba" testId="f74f391c-4808-7597-8111-99e50bc7cafc" testName="BL.Tests.TurnstilesServiceTest.TestAdminGetTurnstileAsync(userID: 211, turnstile: Turnstile { TurnstileID = 11, LiftID = 87, IsOpen = True }, checkPermissionServiceMock: Mock&lt;ICheckPermissionService:12&gt;, turnstilesRepositoryStub: Mock&lt;ITurnstilesRepository:6&gt;, sut: TurnstilesService { })" computerName="DESKTOP-TJ9D65N" duration="00:00:00.0048887" startTime="2022-11-03T10:49:55.8220667+03:00" endTime="2022-11-03T10:49:55.8220667+03:00" testType="13cdc9d9-ddb5-4fa4-a97d-d965ccfc6d4b" outcome="Passed" testListId="8c84fa94-04c1-424b-9868-57a2d4851a1d" relativeResultsDirectory="0d6bc424-06bb-4ef5-8b91-029e16449aba" />
    <UnitTestResult executionId="c184588d-00f4-47e3-a1da-68cacf34acba" testId="c36970dc-93f7-753e-fa47-157133b01644" testName="BL.Tests.CheckPermissionsServiceTests.SkiPatrolHasAccessToAdminSkiPatrolFunctions(functionName: &quot;GetMessagesAsync&quot;)" computerName="DESKTOP-TJ9D65N" duration="00:00:00.0012958" startTime="2022-11-03T10:49:55.8858172+03:00" endTime="2022-11-03T10:49:55.8858173+03:00" testType="13cdc9d9-ddb5-4fa4-a97d-d965ccfc6d4b" outcome="Passed" testListId="8c84fa94-04c1-424b-9868-57a2d4851a1d" relativeResultsDirectory="c184588d-00f4-47e3-a1da-68cacf34acba" />
    <UnitTestResult executionId="93600291-4c48-422d-a6c0-cfac7bc4de13" testId="4dcf4cf5-b96d-a907-3841-e3eca02df974" testName="BL.Tests.LiftsServiceTest.TestGetLiftsInfoAsync(userID: 216, initialLifts: [Lift { LiftID = 102, LiftName = liftName3a5dc19d-8072-41bc-8ade-55f1c6fc21c1, IsOpen = True, SeatsAmount = 231, LiftingTime = 8, QueueTime = 33, ConnectedSlopes =  }, Lift { LiftID = 171, LiftName = liftName66b53fd7-cfa2-45ca-9dd3-320bc43e8235, IsOpen = False, SeatsAmount = 164, LiftingTime = 229, QueueTime = 136, ConnectedSlopes =  }, Lift { LiftID = 113, LiftName = liftName167073bb-1de0-42b0-8ec5-3c486642dea9, IsOpen = True, SeatsAmount = 14, LiftingTime = 137, QueueTime = 224, ConnectedSlopes =  }], checkPermissionServiceMock: Mock&lt;ICheckPermissionService:2&gt;, liftsRepositoryStub: Mock&lt;ILiftsRepository:2&gt;, liftsSlopesRepositoryStub: Mock&lt;ILiftsSlopesRepository:2&gt;, sut: LiftsService { })" computerName="DESKTOP-TJ9D65N" duration="00:00:00.0101540" startTime="2022-11-03T10:49:55.8793105+03:00" endTime="2022-11-03T10:49:55.8793106+03:00" testType="13cdc9d9-ddb5-4fa4-a97d-d965ccfc6d4b" outcome="Passed" testListId="8c84fa94-04c1-424b-9868-57a2d4851a1d" relativeResultsDirectory="93600291-4c48-422d-a6c0-cfac7bc4de13" />
    <UnitTestResult executionId="6973648f-51b5-4111-9370-cbc936a2c0dd" testId="60bd668f-04df-da5e-b79b-5d9aedb5234d" testName="BL.Tests.CheckPermissionsServiceTests.SkiPatrolHasAccessToAdminSkiPatrolFunctions(functionName: &quot;MarkMessageReadByUserAsync&quot;)" computerName="DESKTOP-TJ9D65N" duration="00:00:00.0011592" startTime="2022-11-03T10:49:55.8723982+03:00" endTime="2022-11-03T10:49:55.8723983+03:00" testType="13cdc9d9-ddb5-4fa4-a97d-d965ccfc6d4b" outcome="Passed" testListId="8c84fa94-04c1-424b-9868-57a2d4851a1d" relativeResultsDirectory="6973648f-51b5-4111-9370-cbc936a2c0dd" />
    <UnitTestResult executionId="bea22983-d90f-4e25-bf74-fda1eaf3157b" testId="1b6090ca-fb32-4d3b-6f9f-94f0ba2d5382" testName="BL.Tests.LiftsSlopesServiceTests.TestAdminDeleteLiftSlopeAsync(lift: Lift { LiftID = 206, LiftName = liftNameaa1b797b-96dc-4059-8f6a-4f348fa5e208, IsOpen = True, SeatsAmount = 107, LiftingTime = 8, QueueTime = 174, ConnectedSlopes =  }, slope: Slope { SlopeID = 247, SlopeName = slopeName6a36daec-05d4-452d-8fe0-be7aedf918af, IsOpen = False, DifficultyLevel = 227, ConnectedLifts =  }, slopesRepositoryStub: Mock&lt;ISlopesRepository:2&gt;, liftsRepositoryStub: Mock&lt;ILiftsRepository:7&gt;, liftsSlopesRepositoryStub: Mock&lt;ILiftsSlopesRepository:7&gt;)" computerName="DESKTOP-TJ9D65N" duration="00:00:00.0090439" startTime="2022-11-03T10:49:55.8220901+03:00" endTime="2022-11-03T10:49:55.8220901+03:00" testType="13cdc9d9-ddb5-4fa4-a97d-d965ccfc6d4b" outcome="Passed" testListId="8c84fa94-04c1-424b-9868-57a2d4851a1d" relativeResultsDirectory="bea22983-d90f-4e25-bf74-fda1eaf3157b" />
    <UnitTestResult executionId="406a3857-ab89-4a0c-a592-bb87aa5b0130" testId="f44a1b21-8efc-bfac-63b4-d534442def31" testName="BL.Tests.UsersServiceTests.TestRegisterUserWithNoPassword" computerName="DESKTOP-TJ9D65N" duration="00:00:00.0015116" startTime="2022-11-03T10:49:55.8218151+03:00" endTime="2022-11-03T10:49:55.8218152+03:00" testType="13cdc9d9-ddb5-4fa4-a97d-d965ccfc6d4b" outcome="Passed" testListId="8c84fa94-04c1-424b-9868-57a2d4851a1d" relativeResultsDirectory="406a3857-ab89-4a0c-a592-bb87aa5b0130" />
    <UnitTestResult executionId="9dc139a7-2fd5-44f8-8c84-38d58d57e299" testId="fa960c5e-f989-2880-784e-8efe538c5231" testName="BL.Tests.CheckPermissionsServiceTests.UnauthorizedHasNoAccessToAuthorizedFunctions(functionName: &quot;LogOutAsync&quot;)" computerName="DESKTOP-TJ9D65N" duration="00:00:00.0014775" startTime="2022-11-03T10:49:55.8397432+03:00" endTime="2022-11-03T10:49:55.8397433+03:00" testType="13cdc9d9-ddb5-4fa4-a97d-d965ccfc6d4b" outcome="Passed" testListId="8c84fa94-04c1-424b-9868-57a2d4851a1d" relativeResultsDirectory="9dc139a7-2fd5-44f8-8c84-38d58d57e299" />
    <UnitTestResult executionId="2fd57938-f2e4-467a-90fa-f95908f2d090" testId="a19a5fcf-c5d2-7d44-5d7d-84403042f4e0" testName="BL.Tests.CheckPermissionsServiceTests.UnauthorizedHasNoAccessToAdminSkiPatrolFunctions(functionName: &quot;MarkMessageReadByUserAsync&quot;)" computerName="DESKTOP-TJ9D65N" duration="00:00:00.0360107" startTime="2022-11-03T10:49:55.7415136+03:00" endTime="2022-11-03T10:49:55.7415136+03:00" testType="13cdc9d9-ddb5-4fa4-a97d-d965ccfc6d4b" outcome="Passed" testListId="8c84fa94-04c1-424b-9868-57a2d4851a1d" relativeResultsDirectory="2fd57938-f2e4-467a-90fa-f95908f2d090" />
    <UnitTestResult executionId="3dcba272-f584-4714-99aa-b34f61ecfe69" testId="69340bb6-3645-f9dd-971e-29d8b2a009bb" testName="BL.Tests.UsersServiceTests.TestLogInWithWrongPassword" computerName="DESKTOP-TJ9D65N" duration="00:00:00.0027251" startTime="2022-11-03T10:49:55.9098090+03:00" endTime="2022-11-03T10:49:55.9098091+03:00" testType="13cdc9d9-ddb5-4fa4-a97d-d965ccfc6d4b" outcome="Passed" testListId="8c84fa94-04c1-424b-9868-57a2d4851a1d" relativeResultsDirectory="3dcba272-f584-4714-99aa-b34f61ecfe69" />
    <UnitTestResult executionId="ade2e74c-05bf-44a6-8625-5927f063edfe" testId="36797eed-bb33-707d-9d42-a30c63f0182c" testName="BL.Tests.SlopesServiceTest.TestUpdateSlopeInfoAsync(userID: 2, slope: Slope { SlopeID = 46, SlopeName = slopeName81818977-bbd9-4a05-8ae0-42af4aaca5c2, IsOpen = True, DifficultyLevel = 204, ConnectedLifts =  }, checkPermissionServiceMock: Mock&lt;ICheckPermissionService:8&gt;, slopesRepositoryStub: Mock&lt;ISlopesRepository:6&gt;, sut: SlopesService { })" computerName="DESKTOP-TJ9D65N" duration="00:00:00.0070911" startTime="2022-11-03T10:49:55.8202169+03:00" endTime="2022-11-03T10:49:55.8202169+03:00" testType="13cdc9d9-ddb5-4fa4-a97d-d965ccfc6d4b" outcome="Passed" testListId="8c84fa94-04c1-424b-9868-57a2d4851a1d" relativeResultsDirectory="ade2e74c-05bf-44a6-8625-5927f063edfe" />
    <UnitTestResult executionId="a2104f88-644b-4924-a233-49d496ef09de" testId="a2e59116-cb53-1d70-9cb8-21c286516866" testName="BL.Tests.CheckPermissionsServiceTests.AuthorizedHasNoAccessToAdminFunctions" computerName="DESKTOP-TJ9D65N" duration="00:00:00.0024950" startTime="2022-11-03T10:49:55.8984410+03:00" endTime="2022-11-03T10:49:55.8984411+03:00" testType="13cdc9d9-ddb5-4fa4-a97d-d965ccfc6d4b" outcome="Passed" testListId="8c84fa94-04c1-424b-9868-57a2d4851a1d" relativeResultsDirectory="a2104f88-644b-4924-a233-49d496ef09de" />
    <UnitTestResult executionId="26824955-4fd5-4727-88f1-f10df1c2a49a" testId="aa28a6b3-21d3-aa45-24d3-bef2facbc899" testName="BL.Tests.CheckPermissionsServiceTests.AuthorizedHasAccessToAuthorizedFunctions(functionName: &quot;LogOutAsync&quot;)" computerName="DESKTOP-TJ9D65N" duration="00:00:00.0009387" startTime="2022-11-03T10:49:55.9558501+03:00" endTime="2022-11-03T10:49:55.9558502+03:00" testType="13cdc9d9-ddb5-4fa4-a97d-d965ccfc6d4b" outcome="Passed" testListId="8c84fa94-04c1-424b-9868-57a2d4851a1d" relativeResultsDirectory="26824955-4fd5-4727-88f1-f10df1c2a49a" />
    <UnitTestResult executionId="7c707e5f-a98d-4530-b37f-e1114c21c643" testId="551707a4-04e0-06cd-75ee-4efd363f2ebb" testName="BL.Tests.SlopesServiceTest.TestAdminAddSlopeAsync(userID: 41, slope: Slope { SlopeID = 56, SlopeName = slopeName0167e8a4-0ebd-4010-8400-cef970671497, IsOpen = True, DifficultyLevel = 244, ConnectedLifts =  }, checkPermissionServiceMock: Mock&lt;ICheckPermissionService:11&gt;, slopesRepositoryStub: Mock&lt;ISlopesRepository:9&gt;, sut: SlopesService { })" computerName="DESKTOP-TJ9D65N" duration="00:00:00.0068662" startTime="2022-11-03T10:49:55.8399311+03:00" endTime="2022-11-03T10:49:55.8399312+03:00" testType="13cdc9d9-ddb5-4fa4-a97d-d965ccfc6d4b" outcome="Passed" testListId="8c84fa94-04c1-424b-9868-57a2d4851a1d" relativeResultsDirectory="7c707e5f-a98d-4530-b37f-e1114c21c643" />
    <UnitTestResult executionId="831ea01f-1fad-436d-9bb9-deeb14bfc13f" testId="4f297306-d4f3-8d63-e7f4-1ac0b8c58c74" testName="BL.Tests.CheckPermissionsServiceTests.AuthorizedHasNoAccessToAdminSkiPatrolFunctions(functionName: &quot;GetLiftsSlopesInfoAsync&quot;)" computerName="DESKTOP-TJ9D65N" duration="00:00:00.0010575" startTime="2022-11-03T10:49:55.9355573+03:00" endTime="2022-11-03T10:49:55.9355574+03:00" testType="13cdc9d9-ddb5-4fa4-a97d-d965ccfc6d4b" outcome="Passed" testListId="8c84fa94-04c1-424b-9868-57a2d4851a1d" relativeResultsDirectory="831ea01f-1fad-436d-9bb9-deeb14bfc13f" />
    <UnitTestResult executionId="724335c9-aa6f-4f57-820a-812d9bd48d97" testId="e2d7e5be-3dae-33ae-fb17-c704b6fd58d6" testName="BL.Tests.CheckPermissionsServiceTests.UnauthorizedHasNoAccessToAdminFunctions" computerName="DESKTOP-TJ9D65N" duration="00:00:00.0022145" startTime="2022-11-03T10:49:55.9654723+03:00" endTime="2022-11-03T10:49:55.9654724+03:00" testType="13cdc9d9-ddb5-4fa4-a97d-d965ccfc6d4b" outcome="Passed" testListId="8c84fa94-04c1-424b-9868-57a2d4851a1d" relativeResultsDirectory="724335c9-aa6f-4f57-820a-812d9bd48d97" />
    <UnitTestResult executionId="d422639b-c43c-4c17-af01-32b01a8faf42" testId="20ad8570-0170-85de-dcd7-2f109dd7bcd6" testName="BL.Tests.UsersServiceTests.TestAdminGetUsers" computerName="DESKTOP-TJ9D65N" duration="00:00:00.0413931" startTime="2022-11-03T10:49:55.7416318+03:00" endTime="2022-11-03T10:49:55.7416319+03:00" testType="13cdc9d9-ddb5-4fa4-a97d-d965ccfc6d4b" outcome="Passed" testListId="8c84fa94-04c1-424b-9868-57a2d4851a1d" relativeResultsDirectory="d422639b-c43c-4c17-af01-32b01a8faf42" />
    <UnitTestResult executionId="18b1e249-2a79-4496-bcb2-7453d7afcff1" testId="f3efc418-a8a6-c7b7-9bac-90b33aa8472f" testName="BL.Tests.CheckPermissionsServiceTests.AdminHasAccessToAllFunctions" computerName="DESKTOP-TJ9D65N" duration="00:00:00.0016837" startTime="2022-11-03T10:49:55.9880531+03:00" endTime="2022-11-03T10:49:55.9880532+03:00" testType="13cdc9d9-ddb5-4fa4-a97d-d965ccfc6d4b" outcome="Passed" testListId="8c84fa94-04c1-424b-9868-57a2d4851a1d" relativeResultsDirectory="18b1e249-2a79-4496-bcb2-7453d7afcff1" />
    <UnitTestResult executionId="7a2bf8b8-f0cb-45d9-a47d-3448c9ac4b4c" testId="18fa8c62-e27d-e1fc-8182-4d7db62b008d" testName="BL.Tests.UsersServiceTests.TestAdminDeleteUser" computerName="DESKTOP-TJ9D65N" duration="00:00:00.0024658" startTime="2022-11-03T10:49:55.9515383+03:00" endTime="2022-11-03T10:49:55.9515384+03:00" testType="13cdc9d9-ddb5-4fa4-a97d-d965ccfc6d4b" outcome="Passed" testListId="8c84fa94-04c1-424b-9868-57a2d4851a1d" relativeResultsDirectory="7a2bf8b8-f0cb-45d9-a47d-3448c9ac4b4c" />
    <UnitTestResult executionId="b81d85ee-1533-47d1-9ac1-5818a8ec6299" testId="2d706594-f2b3-b3c8-21d4-86c9798c3306" testName="BL.Tests.CheckPermissionsServiceTests.SkiPatrolHasAccessToAdminSkiPatrolFunctions(functionName: &quot;GetLiftsSlopesInfoAsync&quot;)" computerName="DESKTOP-TJ9D65N" duration="00:00:00.0055705" startTime="2022-11-03T10:49:55.8580275+03:00" endTime="2022-11-03T10:49:55.8580276+03:00" testType="13cdc9d9-ddb5-4fa4-a97d-d965ccfc6d4b" outcome="Passed" testListId="8c84fa94-04c1-424b-9868-57a2d4851a1d" relativeResultsDirectory="b81d85ee-1533-47d1-9ac1-5818a8ec6299" />
    <UnitTestResult executionId="171230e4-c337-4f3e-8688-3c8f0b04afaa" testId="345865cb-c230-2c5f-c7f1-fe3224f9b201" testName="BL.Tests.LiftsServiceTest.TestAdminAddAutoIncrementLiftAsync(userID: 210, lift: Lift { LiftID = 28, LiftName = liftName1b332064-c50c-434d-9e55-e67d3267d644, IsOpen = True, SeatsAmount = 208, LiftingTime = 238, QueueTime = 124, ConnectedSlopes =  }, checkPermissionServiceMock: Mock&lt;ICheckPermissionService:5&gt;, liftsRepositoryStub: Mock&lt;ILiftsRepository:5&gt;, sut: LiftsService { })" computerName="DESKTOP-TJ9D65N" duration="00:00:00.0068258" startTime="2022-11-03T10:49:55.8992052+03:00" endTime="2022-11-03T10:49:55.8992052+03:00" testType="13cdc9d9-ddb5-4fa4-a97d-d965ccfc6d4b" outcome="Passed" testListId="8c84fa94-04c1-424b-9868-57a2d4851a1d" relativeResultsDirectory="171230e4-c337-4f3e-8688-3c8f0b04afaa" />
    <UnitTestResult executionId="bb253e36-aaf6-4f5c-93e5-c18584041ebb" testId="894941c1-bfa7-d8f9-c047-1e1ceefe2c2f" testName="BL.Tests.UsersServiceTests.TestRegisterUserWithRepeatedEmail" computerName="DESKTOP-TJ9D65N" duration="00:00:00.0045569" startTime="2022-11-03T10:49:55.8359541+03:00" endTime="2022-11-03T10:49:55.8359542+03:00" testType="13cdc9d9-ddb5-4fa4-a97d-d965ccfc6d4b" outcome="Passed" testListId="8c84fa94-04c1-424b-9868-57a2d4851a1d" relativeResultsDirectory="bb253e36-aaf6-4f5c-93e5-c18584041ebb" />
    <UnitTestResult executionId="adb575b1-36c4-4ac9-ac87-dfbcf1869ac0" testId="387c9729-48c1-486e-5e67-f5d11a9f0db8" testName="BL.Tests.CheckPermissionsServiceTests.UnauthorizedHasNoAccessToAdminSkiPatrolFunctions(functionName: &quot;GetLiftsSlopesInfoAsync&quot;)" computerName="DESKTOP-TJ9D65N" duration="00:00:00.0020892" startTime="2022-11-03T10:49:55.8198383+03:00" endTime="2022-11-03T10:49:55.8198383+03:00" testType="13cdc9d9-ddb5-4fa4-a97d-d965ccfc6d4b" outcome="Passed" testListId="8c84fa94-04c1-424b-9868-57a2d4851a1d" relativeResultsDirectory="adb575b1-36c4-4ac9-ac87-dfbcf1869ac0" />
    <UnitTestResult executionId="6beb2709-95f8-49ca-aa6f-87003c81fe83" testId="834c739b-eca4-b36d-6a66-5a1bd75377b8" testName="BL.Tests.UsersServiceTests.TestAdminAddAutoIncrementUser" computerName="DESKTOP-TJ9D65N" duration="00:00:00.0111927" startTime="2022-11-03T10:49:55.9290504+03:00" endTime="2022-11-03T10:49:55.9290504+03:00" testType="13cdc9d9-ddb5-4fa4-a97d-d965ccfc6d4b" outcome="Passed" testListId="8c84fa94-04c1-424b-9868-57a2d4851a1d" relativeResultsDirectory="6beb2709-95f8-49ca-aa6f-87003c81fe83" />
    <UnitTestResult executionId="c9fafafe-d52a-4ce9-90be-8267315cd7bb" testId="1f972a1b-93b2-6ffe-d216-164c5ffc52fd" testName="BL.Tests.TurnstilesServiceTest.TestAdminAddAutoIncrementTurnstileAsync(userID: 105, turnstile: Turnstile { TurnstileID = 6, LiftID = 28, IsOpen = True }, checkPermissionServiceMock: Mock&lt;ICheckPermissionService:16&gt;, turnstilesRepositoryStub: Mock&lt;ITurnstilesRepository:10&gt;, sut: TurnstilesService { })" computerName="DESKTOP-TJ9D65N" duration="00:00:00.0114529" startTime="2022-11-03T10:49:55.8465883+03:00" endTime="2022-11-03T10:49:55.8465885+03:00" testType="13cdc9d9-ddb5-4fa4-a97d-d965ccfc6d4b" outcome="Passed" testListId="8c84fa94-04c1-424b-9868-57a2d4851a1d" relativeResultsDirectory="c9fafafe-d52a-4ce9-90be-8267315cd7bb" />
    <UnitTestResult executionId="4e74c034-acda-4fa1-b6af-2d7762505b38" testId="e429852d-a6ed-7c2a-25fd-cd839b159d56" testName="BL.Tests.LiftsSlopesServiceTests.TestGetLiftsSlopesInfoAsync(liftsSlopes: [LiftSlope { RecordID = 211, LiftID = 202, SlopeID = 100 }, LiftSlope { RecordID = 66, LiftID = 189, SlopeID = 136 }, LiftSlope { RecordID = 140, LiftID = 85, SlopeID = 47 }], slopesRepositoryStub: Mock&lt;ISlopesRepository:1&gt;, liftsRepositoryStub: Mock&lt;ILiftsRepository:6&gt;, liftsSlopesRepositoryStub: Mock&lt;ILiftsSlopesRepository:6&gt;)" computerName="DESKTOP-TJ9D65N" duration="00:00:00.0052296" startTime="2022-11-03T10:49:55.8202678+03:00" endTime="2022-11-03T10:49:55.8202678+03:00" testType="13cdc9d9-ddb5-4fa4-a97d-d965ccfc6d4b" outcome="Passed" testListId="8c84fa94-04c1-424b-9868-57a2d4851a1d" relativeResultsDirectory="4e74c034-acda-4fa1-b6af-2d7762505b38" />
    <UnitTestResult executionId="b8b0e45f-bab8-4c55-bfe1-8fa1a4a4f89f" testId="ea7d939f-cfd9-c512-c8da-753d252c9960" testName="BL.Tests.LiftsServiceTest.TestAdminDeleteLiftAsync(userID: 155, lift: Lift { LiftID = 175, LiftName = liftName79573cb3-4e4e-4de3-af48-5d0f96e07dc5, IsOpen = True, SeatsAmount = 106, LiftingTime = 14, QueueTime = 81, ConnectedSlopes =  }, checkPermissionServiceMock: Mock&lt;ICheckPermissionService:4&gt;, liftsRepositoryStub: Mock&lt;ILiftsRepository:4&gt;, liftsSlopesRepositoryStub: Mock&lt;ILiftsSlopesRepository:4&gt;, sut: LiftsService { })" computerName="DESKTOP-TJ9D65N" duration="00:00:00.0409917" startTime="2022-11-03T10:49:55.8576296+03:00" endTime="2022-11-03T10:49:55.8576297+03:00" testType="13cdc9d9-ddb5-4fa4-a97d-d965ccfc6d4b" outcome="Passed" testListId="8c84fa94-04c1-424b-9868-57a2d4851a1d" relativeResultsDirectory="b8b0e45f-bab8-4c55-bfe1-8fa1a4a4f89f" />
    <UnitTestResult executionId="e81fe28d-01b9-466f-897c-71ce850c1a73" testId="e5497347-2721-b7a6-0bd4-69a9921f6947" testName="BL.Tests.UsersServiceTests.TestAdminGetUserByIDAsync" computerName="DESKTOP-TJ9D65N" duration="00:00:00.0034314" startTime="2022-11-03T10:49:55.9406037+03:00" endTime="2022-11-03T10:49:55.9406038+03:00" testType="13cdc9d9-ddb5-4fa4-a97d-d965ccfc6d4b" outcome="Passed" testListId="8c84fa94-04c1-424b-9868-57a2d4851a1d" relativeResultsDirectory="e81fe28d-01b9-466f-897c-71ce850c1a73" />
    <UnitTestResult executionId="b274a267-5c44-4209-86a5-0f32d3409eb9" testId="a290030b-8151-baec-03f5-92348e7d1e07" testName="BL.Tests.LiftsServiceTest.TestUpdateLiftInfoAsync(userID: 229, lift: Lift { LiftID = 19, LiftName = liftNamebbee624d-5322-4270-a39c-c7567300c1f1, IsOpen = True, SeatsAmount = 160, LiftingTime = 118, QueueTime = 101, ConnectedSlopes =  }, checkPermissionServiceMock: Mock&lt;ICheckPermissionService:3&gt;, liftsRepositoryStub: Mock&lt;ILiftsRepository:3&gt;, sut: LiftsService { })" computerName="DESKTOP-TJ9D65N" duration="00:00:00.0080912" startTime="2022-11-03T10:49:55.8202980+03:00" endTime="2022-11-03T10:49:55.8202981+03:00" testType="13cdc9d9-ddb5-4fa4-a97d-d965ccfc6d4b" outcome="Passed" testListId="8c84fa94-04c1-424b-9868-57a2d4851a1d" relativeResultsDirectory="b274a267-5c44-4209-86a5-0f32d3409eb9" />
    <UnitTestResult executionId="804debc0-184d-4275-94de-74fdaf25daa2" testId="f010b238-8d57-b37b-ca91-7c68583b5067" testName="BL.Tests.TurnstilesServiceTest.TestAdminGetTurnstilesAsync(userID: 184, initialTurnstiles: [Turnstile { TurnstileID = 230, LiftID = 7, IsOpen = True }, Turnstile { TurnstileID = 82, LiftID = 88, IsOpen = False }, Turnstile { TurnstileID = 192, LiftID = 73, IsOpen = True }], checkPermissionServiceMock: Mock&lt;ICheckPermissionService:13&gt;, turnstilesRepositoryStub: Mock&lt;ITurnstilesRepository:7&gt;, sut: TurnstilesService { })" computerName="DESKTOP-TJ9D65N" duration="00:00:00.0075245" startTime="2022-11-03T10:49:55.8202821+03:00" endTime="2022-11-03T10:49:55.8202822+03:00" testType="13cdc9d9-ddb5-4fa4-a97d-d965ccfc6d4b" outcome="Passed" testListId="8c84fa94-04c1-424b-9868-57a2d4851a1d" relativeResultsDirectory="804debc0-184d-4275-94de-74fdaf25daa2" />
    <UnitTestResult executionId="0691b05f-007b-4447-a7b4-9deef421f2af" testId="8184bd30-991c-b78d-b4ec-99a485eac0dd" testName="BL.Tests.UsersServiceTests.TestRegisterUserWithNoEmail" computerName="DESKTOP-TJ9D65N" duration="00:00:00.0030706" startTime="2022-11-03T10:49:55.8202515+03:00" endTime="2022-11-03T10:49:55.8202515+03:00" testType="13cdc9d9-ddb5-4fa4-a97d-d965ccfc6d4b" outcome="Passed" testListId="8c84fa94-04c1-424b-9868-57a2d4851a1d" relativeResultsDirectory="0691b05f-007b-4447-a7b4-9deef421f2af" />
    <UnitTestResult executionId="d2c2c6e8-5bb7-4481-9b0b-b06285908ff7" testId="2602613f-c8e2-a6d9-fcf7-5b27d4a770a6" testName="BL.Tests.CheckPermissionsServiceTests.AuthorizedHasNoAccessToAdminSkiPatrolFunctions(functionName: &quot;GetMessagesAsync&quot;)" computerName="DESKTOP-TJ9D65N" duration="00:00:00.0027169" startTime="2022-11-03T10:49:55.9113498+03:00" endTime="2022-11-03T10:49:55.9113499+03:00" testType="13cdc9d9-ddb5-4fa4-a97d-d965ccfc6d4b" outcome="Passed" testListId="8c84fa94-04c1-424b-9868-57a2d4851a1d" relativeResultsDirectory="d2c2c6e8-5bb7-4481-9b0b-b06285908ff7" />
    <UnitTestResult executionId="6a127015-9f63-45c2-b73c-67c67c60caa6" testId="06d0bc3a-24a0-fb7f-4277-e9ae6d21c7dd" testName="BL.Tests.UsersServiceTests.TestAdminUpdateUser" computerName="DESKTOP-TJ9D65N" duration="00:00:00.0081234" startTime="2022-11-03T10:49:55.8585245+03:00" endTime="2022-11-03T10:49:55.8585245+03:00" testType="13cdc9d9-ddb5-4fa4-a97d-d965ccfc6d4b" outcome="Passed" testListId="8c84fa94-04c1-424b-9868-57a2d4851a1d" relativeResultsDirectory="6a127015-9f63-45c2-b73c-67c67c60caa6" />
    <UnitTestResult executionId="1c4f59b0-6392-401f-9157-7bea037ec59c" testId="229812f5-9a73-5335-11f5-31330d1348a5" testName="BL.Tests.CheckPermissionsServiceTests.UnauthorizedHasNoAccessToAdminSkiPatrolFunctions(functionName: &quot;GetMessagesAsync&quot;)" computerName="DESKTOP-TJ9D65N" duration="00:00:00.0015858" startTime="2022-11-03T10:49:55.8203542+03:00" endTime="2022-11-03T10:49:55.8203542+03:00" testType="13cdc9d9-ddb5-4fa4-a97d-d965ccfc6d4b" outcome="Passed" testListId="8c84fa94-04c1-424b-9868-57a2d4851a1d" relativeResultsDirectory="1c4f59b0-6392-401f-9157-7bea037ec59c" />
    <UnitTestResult executionId="09fb5a76-20ec-4a07-a415-dd61bea39077" testId="eaabd2fc-2f4b-5689-59c8-c7ad34a8f634" testName="BL.Tests.CheckPermissionsServiceTests.UnauthorizedHasNoAccessToAuthorizedFunctions(functionName: &quot;SendMessageAsync&quot;)" computerName="DESKTOP-TJ9D65N" duration="00:00:00.0036019" startTime="2022-11-03T10:49:55.8224017+03:00" endTime="2022-11-03T10:49:55.8224018+03:00" testType="13cdc9d9-ddb5-4fa4-a97d-d965ccfc6d4b" outcome="Passed" testListId="8c84fa94-04c1-424b-9868-57a2d4851a1d" relativeResultsDirectory="09fb5a76-20ec-4a07-a415-dd61bea39077" />
    <UnitTestResult executionId="7a5fe0a3-fd50-4eb5-989f-1c59c6076da8" testId="02113051-98f8-08de-7331-cc407935d639" testName="BL.Tests.TurnstilesServiceTest.TestAdminDeleteTurnstileAsync(userID: 167, turnstile: Turnstile { TurnstileID = 205, LiftID = 187, IsOpen = True }, checkPermissionServiceMock: Mock&lt;ICheckPermissionService:15&gt;, turnstilesRepositoryStub: Mock&lt;ITurnstilesRepository:9&gt;, sut: TurnstilesService { })" computerName="DESKTOP-TJ9D65N" duration="00:00:00.0359130" startTime="2022-11-03T10:49:55.7376536+03:00" endTime="2022-11-03T10:49:55.7376792+03:00" testType="13cdc9d9-ddb5-4fa4-a97d-d965ccfc6d4b" outcome="Passed" testListId="8c84fa94-04c1-424b-9868-57a2d4851a1d" relativeResultsDirectory="7a5fe0a3-fd50-4eb5-989f-1c59c6076da8" />
    <UnitTestResult executionId="8f3c8750-bb54-45a5-8fc4-fea505ebb1e5" testId="6ab2925d-029d-224a-bb6c-89f2e70420d0" testName="BL.Tests.LiftsServiceTest.TestGetLiftInfoAsync(userID: 30, lift: Lift { LiftID = 50, LiftName = liftName6608f04c-f684-4747-bebf-2c6fd2e5b281, IsOpen = True, SeatsAmount = 115, LiftingTime = 60, QueueTime = 101, ConnectedSlopes =  }, checkPermissionServiceMock: Mock&lt;ICheckPermissionService:1&gt;, liftsRepositoryStub: Mock&lt;ILiftsRepository:1&gt;, liftsSlopesRepositoryStub: Mock&lt;ILiftsSlopesRepository:1&gt;, sut: LiftsService { })" computerName="DESKTOP-TJ9D65N" duration="00:00:00.0375562" startTime="2022-11-03T10:49:55.7415577+03:00" endTime="2022-11-03T10:49:55.7415577+03:00" testType="13cdc9d9-ddb5-4fa4-a97d-d965ccfc6d4b" outcome="Passed" testListId="8c84fa94-04c1-424b-9868-57a2d4851a1d" relativeResultsDirectory="8f3c8750-bb54-45a5-8fc4-fea505ebb1e5" />
  </Results>
  <TestDefinitions>
    <UnitTest name="BL.Tests.CheckPermissionsServiceTests.AuthorizedHasNoAccessToAdminSkiPatrolFunctions(functionName: &quot;MarkMessageReadByUserAsync&quot;)" storage="/mnt/c/users/alena/desktop/7_sem/testing_and_debugging/skiresort/bl.tests/bin/debug/net6.0/bl.tests.dll" id="9c7df5e2-1b23-ebea-889f-b78ca86b60ab">
      <Execution id="d2ff3991-3a00-4fac-aed9-51cd3e5eea34" />
      <TestMethod codeBase="/mnt/c/Users/alena/Desktop/7_sem/testing_and_debugging/SkiResort/BL.Tests/bin/Debug/net6.0/BL.Tests.dll" adapterTypeName="executor://xunit/VsTestRunner2/netcoreapp" className="BL.Tests.CheckPermissionsServiceTests" name="AuthorizedHasNoAccessToAdminSkiPatrolFunctions" />
    </UnitTest>
    <UnitTest name="BL.Tests.CheckPermissionsServiceTests.UnauthorizedHasNoAccessToAdminSkiPatrolFunctions(functionName: &quot;MarkMessageReadByUserAsync&quot;)" storage="/mnt/c/users/alena/desktop/7_sem/testing_and_debugging/skiresort/bl.tests/bin/debug/net6.0/bl.tests.dll" id="a19a5fcf-c5d2-7d44-5d7d-84403042f4e0">
      <Execution id="2fd57938-f2e4-467a-90fa-f95908f2d090" />
      <TestMethod codeBase="/mnt/c/Users/alena/Desktop/7_sem/testing_and_debugging/SkiResort/BL.Tests/bin/Debug/net6.0/BL.Tests.dll" adapterTypeName="executor://xunit/VsTestRunner2/netcoreapp" className="BL.Tests.CheckPermissionsServiceTests" name="UnauthorizedHasNoAccessToAdminSkiPatrolFunctions" />
    </UnitTest>
    <UnitTest name="BL.Tests.LiftsServiceTest.TestAdminAddAutoIncrementLiftAsync(userID: 210, lift: Lift { LiftID = 28, LiftName = liftName1b332064-c50c-434d-9e55-e67d3267d644, IsOpen = True, SeatsAmount = 208, LiftingTime = 238, QueueTime = 124, ConnectedSlopes =  }, checkPermissionServiceMock: Mock&lt;ICheckPermissionService:5&gt;, liftsRepositoryStub: Mock&lt;ILiftsRepository:5&gt;, sut: LiftsService { })" storage="/mnt/c/users/alena/desktop/7_sem/testing_and_debugging/skiresort/bl.tests/bin/debug/net6.0/bl.tests.dll" id="345865cb-c230-2c5f-c7f1-fe3224f9b201">
      <Execution id="171230e4-c337-4f3e-8688-3c8f0b04afaa" />
      <TestMethod codeBase="/mnt/c/Users/alena/Desktop/7_sem/testing_and_debugging/SkiResort/BL.Tests/bin/Debug/net6.0/BL.Tests.dll" adapterTypeName="executor://xunit/VsTestRunner2/netcoreapp" className="BL.Tests.LiftsServiceTest" name="TestAdminAddAutoIncrementLiftAsync" />
    </UnitTest>
    <UnitTest name="BL.Tests.SlopesServiceTest.TestGetSlopeInfoAsync(userID: 11, slope: Slope { SlopeID = 147, SlopeName = slopeName24d15f22-de8d-4876-a821-332ade95a87b, IsOpen = True, DifficultyLevel = 14, ConnectedLifts =  }, checkPermissionServiceMock: Mock&lt;ICheckPermissionService:6&gt;, slopesRepositoryStub: Mock&lt;ISlopesRepository:4&gt;, liftsSlopesRepositoryStub: Mock&lt;ILiftsSlopesRepository:9&gt;, sut: SlopesService { })" storage="/mnt/c/users/alena/desktop/7_sem/testing_and_debugging/skiresort/bl.tests/bin/debug/net6.0/bl.tests.dll" id="871efff2-91dc-921d-94a2-b56bf01edea3">
      <Execution id="aca076d8-6df2-4dd6-b43d-5a487c0274ac" />
      <TestMethod codeBase="/mnt/c/Users/alena/Desktop/7_sem/testing_and_debugging/SkiResort/BL.Tests/bin/Debug/net6.0/BL.Tests.dll" adapterTypeName="executor://xunit/VsTestRunner2/netcoreapp" className="BL.Tests.SlopesServiceTest" name="TestGetSlopeInfoAsync" />
    </UnitTest>
    <UnitTest name="BL.Tests.CheckPermissionsServiceTests.AuthorizedHasNoAccessToAdminSkiPatrolFunctions(functionName: &quot;GetMessagesAsync&quot;)" storage="/mnt/c/users/alena/desktop/7_sem/testing_and_debugging/skiresort/bl.tests/bin/debug/net6.0/bl.tests.dll" id="2602613f-c8e2-a6d9-fcf7-5b27d4a770a6">
      <Execution id="d2c2c6e8-5bb7-4481-9b0b-b06285908ff7" />
      <TestMethod codeBase="/mnt/c/Users/alena/Desktop/7_sem/testing_and_debugging/SkiResort/BL.Tests/bin/Debug/net6.0/BL.Tests.dll" adapterTypeName="executor://xunit/VsTestRunner2/netcoreapp" className="BL.Tests.CheckPermissionsServiceTests" name="AuthorizedHasNoAccessToAdminSkiPatrolFunctions" />
    </UnitTest>
    <UnitTest name="BL.Tests.CheckPermissionsServiceTests.AuthorizedHasNoAccessToAdminFunctions" storage="/mnt/c/users/alena/desktop/7_sem/testing_and_debugging/skiresort/bl.tests/bin/debug/net6.0/bl.tests.dll" id="a2e59116-cb53-1d70-9cb8-21c286516866">
      <Execution id="a2104f88-644b-4924-a233-49d496ef09de" />
      <TestMethod codeBase="/mnt/c/Users/alena/Desktop/7_sem/testing_and_debugging/SkiResort/BL.Tests/bin/Debug/net6.0/BL.Tests.dll" adapterTypeName="executor://xunit/VsTestRunner2/netcoreapp" className="BL.Tests.CheckPermissionsServiceTests" name="AuthorizedHasNoAccessToAdminFunctions" />
    </UnitTest>
    <UnitTest name="BL.Tests.CheckPermissionsServiceTests.SkiPatrolHasAccessToAdminSkiPatrolFunctions(functionName: &quot;GetMessagesAsync&quot;)" storage="/mnt/c/users/alena/desktop/7_sem/testing_and_debugging/skiresort/bl.tests/bin/debug/net6.0/bl.tests.dll" id="c36970dc-93f7-753e-fa47-157133b01644">
      <Execution id="c184588d-00f4-47e3-a1da-68cacf34acba" />
      <TestMethod codeBase="/mnt/c/Users/alena/Desktop/7_sem/testing_and_debugging/SkiResort/BL.Tests/bin/Debug/net6.0/BL.Tests.dll" adapterTypeName="executor://xunit/VsTestRunner2/netcoreapp" className="BL.Tests.CheckPermissionsServiceTests" name="SkiPatrolHasAccessToAdminSkiPatrolFunctions" />
    </UnitTest>
    <UnitTest name="BL.Tests.CheckPermissionsServiceTests.AdminHasAccessToAllFunctions" storage="/mnt/c/users/alena/desktop/7_sem/testing_and_debugging/skiresort/bl.tests/bin/debug/net6.0/bl.tests.dll" id="f3efc418-a8a6-c7b7-9bac-90b33aa8472f">
      <Execution id="18b1e249-2a79-4496-bcb2-7453d7afcff1" />
      <TestMethod codeBase="/mnt/c/Users/alena/Desktop/7_sem/testing_and_debugging/SkiResort/BL.Tests/bin/Debug/net6.0/BL.Tests.dll" adapterTypeName="executor://xunit/VsTestRunner2/netcoreapp" className="BL.Tests.CheckPermissionsServiceTests" name="AdminHasAccessToAllFunctions" />
    </UnitTest>
    <UnitTest name="BL.Tests.UsersServiceTests.TestRegisterUserWithNoPassword" storage="/mnt/c/users/alena/desktop/7_sem/testing_and_debugging/skiresort/bl.tests/bin/debug/net6.0/bl.tests.dll" id="f44a1b21-8efc-bfac-63b4-d534442def31">
      <Execution id="406a3857-ab89-4a0c-a592-bb87aa5b0130" />
      <TestMethod codeBase="/mnt/c/Users/alena/Desktop/7_sem/testing_and_debugging/SkiResort/BL.Tests/bin/Debug/net6.0/BL.Tests.dll" adapterTypeName="executor://xunit/VsTestRunner2/netcoreapp" className="BL.Tests.UsersServiceTests" name="TestRegisterUserWithNoPassword" />
    </UnitTest>
    <UnitTest name="BL.Tests.UsersServiceTests.TestAdminGetUserByIDAsync" storage="/mnt/c/users/alena/desktop/7_sem/testing_and_debugging/skiresort/bl.tests/bin/debug/net6.0/bl.tests.dll" id="e5497347-2721-b7a6-0bd4-69a9921f6947">
      <Execution id="e81fe28d-01b9-466f-897c-71ce850c1a73" />
      <TestMethod codeBase="/mnt/c/Users/alena/Desktop/7_sem/testing_and_debugging/SkiResort/BL.Tests/bin/Debug/net6.0/BL.Tests.dll" adapterTypeName="executor://xunit/VsTestRunner2/netcoreapp" className="BL.Tests.UsersServiceTests" name="TestAdminGetUserByIDAsync" />
    </UnitTest>
    <UnitTest name="BL.Tests.SlopesServiceTest.TestAdminDeleteSlopeAsync(userID: 139, slope: Slope { SlopeID = 90, SlopeName = slopeName97acc5f2-498f-4264-a83b-4277435195cc, IsOpen = True, DifficultyLevel = 111, ConnectedLifts =  }, checkPermissionServiceMock: Mock&lt;ICheckPermissionService:9&gt;, slopesRepositoryStub: Mock&lt;ISlopesRepository:7&gt;, liftsSlopesRepositoryStub: Mock&lt;ILiftsSlopesRepository:12&gt;, sut: SlopesService { })" storage="/mnt/c/users/alena/desktop/7_sem/testing_and_debugging/skiresort/bl.tests/bin/debug/net6.0/bl.tests.dll" id="ecaa0e7a-98a7-cea8-73b9-930fb7aeff0a">
      <Execution id="16fc2892-0d87-4200-8c1b-d3700eff6587" />
      <TestMethod codeBase="/mnt/c/Users/alena/Desktop/7_sem/testing_and_debugging/SkiResort/BL.Tests/bin/Debug/net6.0/BL.Tests.dll" adapterTypeName="executor://xunit/VsTestRunner2/netcoreapp" className="BL.Tests.SlopesServiceTest" name="TestAdminDeleteSlopeAsync" />
    </UnitTest>
    <UnitTest name="BL.Tests.SlopesServiceTest.TestGetSlopesInfoAsync(userID: 142, initialSlopes: [Slope { SlopeID = 84, SlopeName = slopeName16f163d0-01a8-44f9-8336-ad3fdc288510, IsOpen = True, DifficultyLevel = 217, ConnectedLifts =  }, Slope { SlopeID = 139, SlopeName = slopeName66984228-3519-4c41-8f3a-bac1cbe818bc, IsOpen = False, DifficultyLevel = 21, ConnectedLifts =  }, Slope { SlopeID = 254, SlopeName = slopeName907f20c4-1f14-4d33-8327-90787b81dc5d, Is..." storage="/mnt/c/users/alena/desktop/7_sem/testing_and_debugging/skiresort/bl.tests/bin/debug/net6.0/bl.tests.dll" id="dd859e18-a7fc-c228-eb6a-6987b603e571">
      <Execution id="6c9a0ff2-6873-49b0-8756-244394f6f2c3" />
      <TestMethod codeBase="/mnt/c/Users/alena/Desktop/7_sem/testing_and_debugging/SkiResort/BL.Tests/bin/Debug/net6.0/BL.Tests.dll" adapterTypeName="executor://xunit/VsTestRunner2/netcoreapp" className="BL.Tests.SlopesServiceTest" name="TestGetSlopesInfoAsync" />
    </UnitTest>
    <UnitTest name="BL.Tests.SlopesServiceTest.TestUpdateSlopeInfoAsync(userID: 2, slope: Slope { SlopeID = 46, SlopeName = slopeName81818977-bbd9-4a05-8ae0-42af4aaca5c2, IsOpen = True, DifficultyLevel = 204, ConnectedLifts =  }, checkPermissionServiceMock: Mock&lt;ICheckPermissionService:8&gt;, slopesRepositoryStub: Mock&lt;ISlopesRepository:6&gt;, sut: SlopesService { })" storage="/mnt/c/users/alena/desktop/7_sem/testing_and_debugging/skiresort/bl.tests/bin/debug/net6.0/bl.tests.dll" id="36797eed-bb33-707d-9d42-a30c63f0182c">
      <Execution id="ade2e74c-05bf-44a6-8625-5927f063edfe" />
      <TestMethod codeBase="/mnt/c/Users/alena/Desktop/7_sem/testing_and_debugging/SkiResort/BL.Tests/bin/Debug/net6.0/BL.Tests.dll" adapterTypeName="executor://xunit/VsTestRunner2/netcoreapp" className="BL.Tests.SlopesServiceTest" name="TestUpdateSlopeInfoAsync" />
    </UnitTest>
    <UnitTest name="BL.Tests.TurnstilesServiceTest.TestAdminUpdateTurnstileAsync(userID: 4, turnstile: Turnstile { TurnstileID = 43, LiftID = 246, IsOpen = True }, checkPermissionServiceMock: Mock&lt;ICheckPermissionService:14&gt;, turnstilesRepositoryStub: Mock&lt;ITurnstilesRepository:8&gt;, sut: TurnstilesService { })" storage="/mnt/c/users/alena/desktop/7_sem/testing_and_debugging/skiresort/bl.tests/bin/debug/net6.0/bl.tests.dll" id="019fbe1f-7971-bc16-0558-f5a1660f7f26">
      <Execution id="f4e2fd11-995c-4731-8d7d-f40c8f091ba2" />
      <TestMethod codeBase="/mnt/c/Users/alena/Desktop/7_sem/testing_and_debugging/SkiResort/BL.Tests/bin/Debug/net6.0/BL.Tests.dll" adapterTypeName="executor://xunit/VsTestRunner2/netcoreapp" className="BL.Tests.TurnstilesServiceTest" name="TestAdminUpdateTurnstileAsync" />
    </UnitTest>
    <UnitTest name="BL.Tests.LiftsSlopesServiceTests.TestAdminDeleteLiftSlopeAsync(lift: Lift { LiftID = 206, LiftName = liftNameaa1b797b-96dc-4059-8f6a-4f348fa5e208, IsOpen = True, SeatsAmount = 107, LiftingTime = 8, QueueTime = 174, ConnectedSlopes =  }, slope: Slope { SlopeID = 247, SlopeName = slopeName6a36daec-05d4-452d-8fe0-be7aedf918af, IsOpen = False, DifficultyLevel = 227, ConnectedLifts =  }, slopesRepositoryStub: Mock&lt;ISlopesRepository:2&gt;, liftsRepo..." storage="/mnt/c/users/alena/desktop/7_sem/testing_and_debugging/skiresort/bl.tests/bin/debug/net6.0/bl.tests.dll" id="1b6090ca-fb32-4d3b-6f9f-94f0ba2d5382">
      <Execution id="bea22983-d90f-4e25-bf74-fda1eaf3157b" />
      <TestMethod codeBase="/mnt/c/Users/alena/Desktop/7_sem/testing_and_debugging/SkiResort/BL.Tests/bin/Debug/net6.0/BL.Tests.dll" adapterTypeName="executor://xunit/VsTestRunner2/netcoreapp" className="BL.Tests.LiftsSlopesServiceTests" name="TestAdminDeleteLiftSlopeAsync" />
    </UnitTest>
    <UnitTest name="BL.Tests.UsersServiceTests.TestAdminAddAutoIncrementUser" storage="/mnt/c/users/alena/desktop/7_sem/testing_and_debugging/skiresort/bl.tests/bin/debug/net6.0/bl.tests.dll" id="834c739b-eca4-b36d-6a66-5a1bd75377b8">
      <Execution id="6beb2709-95f8-49ca-aa6f-87003c81fe83" />
      <TestMethod codeBase="/mnt/c/Users/alena/Desktop/7_sem/testing_and_debugging/SkiResort/BL.Tests/bin/Debug/net6.0/BL.Tests.dll" adapterTypeName="executor://xunit/VsTestRunner2/netcoreapp" className="BL.Tests.UsersServiceTests" name="TestAdminAddAutoIncrementUser" />
    </UnitTest>
    <UnitTest name="BL.Tests.CheckPermissionsServiceTests.UnauthorizedHasNoAccessToAdminSkiPatrolFunctions(functionName: &quot;GetLiftsSlopesInfoAsync&quot;)" storage="/mnt/c/users/alena/desktop/7_sem/testing_and_debugging/skiresort/bl.tests/bin/debug/net6.0/bl.tests.dll" id="387c9729-48c1-486e-5e67-f5d11a9f0db8">
      <Execution id="adb575b1-36c4-4ac9-ac87-dfbcf1869ac0" />
      <TestMethod codeBase="/mnt/c/Users/alena/Desktop/7_sem/testing_and_debugging/SkiResort/BL.Tests/bin/Debug/net6.0/BL.Tests.dll" adapterTypeName="executor://xunit/VsTestRunner2/netcoreapp" className="BL.Tests.CheckPermissionsServiceTests" name="UnauthorizedHasNoAccessToAdminSkiPatrolFunctions" />
    </UnitTest>
    <UnitTest name="BL.Tests.CheckPermissionsServiceTests.SkiPatrolHasAccessToAdminSkiPatrolFunctions(functionName: &quot;MarkMessageReadByUserAsync&quot;)" storage="/mnt/c/users/alena/desktop/7_sem/testing_and_debugging/skiresort/bl.tests/bin/debug/net6.0/bl.tests.dll" id="60bd668f-04df-da5e-b79b-5d9aedb5234d">
      <Execution id="6973648f-51b5-4111-9370-cbc936a2c0dd" />
      <TestMethod codeBase="/mnt/c/Users/alena/Desktop/7_sem/testing_and_debugging/SkiResort/BL.Tests/bin/Debug/net6.0/BL.Tests.dll" adapterTypeName="executor://xunit/VsTestRunner2/netcoreapp" className="BL.Tests.CheckPermissionsServiceTests" name="SkiPatrolHasAccessToAdminSkiPatrolFunctions" />
    </UnitTest>
    <UnitTest name="BL.Tests.CheckPermissionsServiceTests.UnauthorizedHasNoAccessToAdminFunctions" storage="/mnt/c/users/alena/desktop/7_sem/testing_and_debugging/skiresort/bl.tests/bin/debug/net6.0/bl.tests.dll" id="e2d7e5be-3dae-33ae-fb17-c704b6fd58d6">
      <Execution id="724335c9-aa6f-4f57-820a-812d9bd48d97" />
      <TestMethod codeBase="/mnt/c/Users/alena/Desktop/7_sem/testing_and_debugging/SkiResort/BL.Tests/bin/Debug/net6.0/BL.Tests.dll" adapterTypeName="executor://xunit/VsTestRunner2/netcoreapp" className="BL.Tests.CheckPermissionsServiceTests" name="UnauthorizedHasNoAccessToAdminFunctions" />
    </UnitTest>
    <UnitTest name="BL.Tests.UsersServiceTests.TestLogInWithWrongPassword" storage="/mnt/c/users/alena/desktop/7_sem/testing_and_debugging/skiresort/bl.tests/bin/debug/net6.0/bl.tests.dll" id="69340bb6-3645-f9dd-971e-29d8b2a009bb">
      <Execution id="3dcba272-f584-4714-99aa-b34f61ecfe69" />
      <TestMethod codeBase="/mnt/c/Users/alena/Desktop/7_sem/testing_and_debugging/SkiResort/BL.Tests/bin/Debug/net6.0/BL.Tests.dll" adapterTypeName="executor://xunit/VsTestRunner2/netcoreapp" className="BL.Tests.UsersServiceTests" name="TestLogInWithWrongPassword" />
    </UnitTest>
    <UnitTest name="BL.Tests.CheckPermissionsServiceTests.SkiPatrolHasAccessToAdminSkiPatrolFunctions(functionName: &quot;GetLiftsSlopesInfoAsync&quot;)" storage="/mnt/c/users/alena/desktop/7_sem/testing_and_debugging/skiresort/bl.tests/bin/debug/net6.0/bl.tests.dll" id="2d706594-f2b3-b3c8-21d4-86c9798c3306">
      <Execution id="b81d85ee-1533-47d1-9ac1-5818a8ec6299" />
      <TestMethod codeBase="/mnt/c/Users/alena/Desktop/7_sem/testing_and_debugging/SkiResort/BL.Tests/bin/Debug/net6.0/BL.Tests.dll" adapterTypeName="executor://xunit/VsTestRunner2/netcoreapp" className="BL.Tests.CheckPermissionsServiceTests" name="SkiPatrolHasAccessToAdminSkiPatrolFunctions" />
    </UnitTest>
    <UnitTest name="BL.Tests.LiftsServiceTest.TestUpdateLiftInfoAsync(userID: 229, lift: Lift { LiftID = 19, LiftName = liftNamebbee624d-5322-4270-a39c-c7567300c1f1, IsOpen = True, SeatsAmount = 160, LiftingTime = 118, QueueTime = 101, ConnectedSlopes =  }, checkPermissionServiceMock: Mock&lt;ICheckPermissionService:3&gt;, liftsRepositoryStub: Mock&lt;ILiftsRepository:3&gt;, sut: LiftsService { })" storage="/mnt/c/users/alena/desktop/7_sem/testing_and_debugging/skiresort/bl.tests/bin/debug/net6.0/bl.tests.dll" id="a290030b-8151-baec-03f5-92348e7d1e07">
      <Execution id="b274a267-5c44-4209-86a5-0f32d3409eb9" />
      <TestMethod codeBase="/mnt/c/Users/alena/Desktop/7_sem/testing_and_debugging/SkiResort/BL.Tests/bin/Debug/net6.0/BL.Tests.dll" adapterTypeName="executor://xunit/VsTestRunner2/netcoreapp" className="BL.Tests.LiftsServiceTest" name="TestUpdateLiftInfoAsync" />
    </UnitTest>
    <UnitTest name="BL.Tests.CheckPermissionsServiceTests.SkiPatrolHasNoAccessToAdminFunctions" storage="/mnt/c/users/alena/desktop/7_sem/testing_and_debugging/skiresort/bl.tests/bin/debug/net6.0/bl.tests.dll" id="492c0393-35b4-df26-a537-21ca08302f3c">
      <Execution id="295c3dbe-96d0-4511-9bbf-712bc7482adc" />
      <TestMethod codeBase="/mnt/c/Users/alena/Desktop/7_sem/testing_and_debugging/SkiResort/BL.Tests/bin/Debug/net6.0/BL.Tests.dll" adapterTypeName="executor://xunit/VsTestRunner2/netcoreapp" className="BL.Tests.CheckPermissionsServiceTests" name="SkiPatrolHasNoAccessToAdminFunctions" />
    </UnitTest>
    <UnitTest name="BL.Tests.SlopesServiceTest.TestAdminAddSlopeAsync(userID: 41, slope: Slope { SlopeID = 56, SlopeName = slopeName0167e8a4-0ebd-4010-8400-cef970671497, IsOpen = True, DifficultyLevel = 244, ConnectedLifts =  }, checkPermissionServiceMock: Mock&lt;ICheckPermissionService:11&gt;, slopesRepositoryStub: Mock&lt;ISlopesRepository:9&gt;, sut: SlopesService { })" storage="/mnt/c/users/alena/desktop/7_sem/testing_and_debugging/skiresort/bl.tests/bin/debug/net6.0/bl.tests.dll" id="551707a4-04e0-06cd-75ee-4efd363f2ebb">
      <Execution id="7c707e5f-a98d-4530-b37f-e1114c21c643" />
      <TestMethod codeBase="/mnt/c/Users/alena/Desktop/7_sem/testing_and_debugging/SkiResort/BL.Tests/bin/Debug/net6.0/BL.Tests.dll" adapterTypeName="executor://xunit/VsTestRunner2/netcoreapp" className="BL.Tests.SlopesServiceTest" name="TestAdminAddSlopeAsync" />
    </UnitTest>
    <UnitTest name="BL.Tests.UsersServiceTests.TestAdminDeleteUser" storage="/mnt/c/users/alena/desktop/7_sem/testing_and_debugging/skiresort/bl.tests/bin/debug/net6.0/bl.tests.dll" id="18fa8c62-e27d-e1fc-8182-4d7db62b008d">
      <Execution id="7a2bf8b8-f0cb-45d9-a47d-3448c9ac4b4c" />
      <TestMethod codeBase="/mnt/c/Users/alena/Desktop/7_sem/testing_and_debugging/SkiResort/BL.Tests/bin/Debug/net6.0/BL.Tests.dll" adapterTypeName="executor://xunit/VsTestRunner2/netcoreapp" className="BL.Tests.UsersServiceTests" name="TestAdminDeleteUser" />
    </UnitTest>
    <UnitTest name="BL.Tests.CheckPermissionsServiceTests.AuthorizedHasAccessToAuthorizedFunctions(functionName: &quot;LogOutAsync&quot;)" storage="/mnt/c/users/alena/desktop/7_sem/testing_and_debugging/skiresort/bl.tests/bin/debug/net6.0/bl.tests.dll" id="aa28a6b3-21d3-aa45-24d3-bef2facbc899">
      <Execution id="26824955-4fd5-4727-88f1-f10df1c2a49a" />
      <TestMethod codeBase="/mnt/c/Users/alena/Desktop/7_sem/testing_and_debugging/SkiResort/BL.Tests/bin/Debug/net6.0/BL.Tests.dll" adapterTypeName="executor://xunit/VsTestRunner2/netcoreapp" className="BL.Tests.CheckPermissionsServiceTests" name="AuthorizedHasAccessToAuthorizedFunctions" />
    </UnitTest>
    <UnitTest name="BL.Tests.UsersServiceTests.TestAdminUpdateUser" storage="/mnt/c/users/alena/desktop/7_sem/testing_and_debugging/skiresort/bl.tests/bin/debug/net6.0/bl.tests.dll" id="06d0bc3a-24a0-fb7f-4277-e9ae6d21c7dd">
      <Execution id="6a127015-9f63-45c2-b73c-67c67c60caa6" />
      <TestMethod codeBase="/mnt/c/Users/alena/Desktop/7_sem/testing_and_debugging/SkiResort/BL.Tests/bin/Debug/net6.0/BL.Tests.dll" adapterTypeName="executor://xunit/VsTestRunner2/netcoreapp" className="BL.Tests.UsersServiceTests" name="TestAdminUpdateUser" />
    </UnitTest>
    <UnitTest name="BL.Tests.UsersServiceTests.TestLogInOk" storage="/mnt/c/users/alena/desktop/7_sem/testing_and_debugging/skiresort/bl.tests/bin/debug/net6.0/bl.tests.dll" id="1ca07ad8-f799-c5d4-e7cc-34fd950198a2">
      <Execution id="6f27c12c-99d1-43cd-9b04-93bf02d8898c" />
      <TestMethod codeBase="/mnt/c/Users/alena/Desktop/7_sem/testing_and_debugging/SkiResort/BL.Tests/bin/Debug/net6.0/BL.Tests.dll" adapterTypeName="executor://xunit/VsTestRunner2/netcoreapp" className="BL.Tests.UsersServiceTests" name="TestLogInOk" />
    </UnitTest>
    <UnitTest name="BL.Tests.UsersServiceTests.TestAdminGetUsers" storage="/mnt/c/users/alena/desktop/7_sem/testing_and_debugging/skiresort/bl.tests/bin/debug/net6.0/bl.tests.dll" id="20ad8570-0170-85de-dcd7-2f109dd7bcd6">
      <Execution id="d422639b-c43c-4c17-af01-32b01a8faf42" />
      <TestMethod codeBase="/mnt/c/Users/alena/Desktop/7_sem/testing_and_debugging/SkiResort/BL.Tests/bin/Debug/net6.0/BL.Tests.dll" adapterTypeName="executor://xunit/VsTestRunner2/netcoreapp" className="BL.Tests.UsersServiceTests" name="TestAdminGetUsers" />
    </UnitTest>
    <UnitTest name="BL.Tests.CheckPermissionsServiceTests.UnauthorizedHasNoAccessToAdminSkiPatrolFunctions(functionName: &quot;GetMessagesAsync&quot;)" storage="/mnt/c/users/alena/desktop/7_sem/testing_and_debugging/skiresort/bl.tests/bin/debug/net6.0/bl.tests.dll" id="229812f5-9a73-5335-11f5-31330d1348a5">
      <Execution id="1c4f59b0-6392-401f-9157-7bea037ec59c" />
      <TestMethod codeBase="/mnt/c/Users/alena/Desktop/7_sem/testing_and_debugging/SkiResort/BL.Tests/bin/Debug/net6.0/BL.Tests.dll" adapterTypeName="executor://xunit/VsTestRunner2/netcoreapp" className="BL.Tests.CheckPermissionsServiceTests" name="UnauthorizedHasNoAccessToAdminSkiPatrolFunctions" />
    </UnitTest>
    <UnitTest name="BL.Tests.CheckPermissionsServiceTests.AuthorizedHasNoAccessToAdminSkiPatrolFunctions(functionName: &quot;GetLiftsSlopesInfoAsync&quot;)" storage="/mnt/c/users/alena/desktop/7_sem/testing_and_debugging/skiresort/bl.tests/bin/debug/net6.0/bl.tests.dll" id="4f297306-d4f3-8d63-e7f4-1ac0b8c58c74">
      <Execution id="831ea01f-1fad-436d-9bb9-deeb14bfc13f" />
      <TestMethod codeBase="/mnt/c/Users/alena/Desktop/7_sem/testing_and_debugging/SkiResort/BL.Tests/bin/Debug/net6.0/BL.Tests.dll" adapterTypeName="executor://xunit/VsTestRunner2/netcoreapp" className="BL.Tests.CheckPermissionsServiceTests" name="AuthorizedHasNoAccessToAdminSkiPatrolFunctions" />
    </UnitTest>
    <UnitTest name="BL.Tests.TurnstilesServiceTest.TestAdminGetTurnstileAsync(userID: 211, turnstile: Turnstile { TurnstileID = 11, LiftID = 87, IsOpen = True }, checkPermissionServiceMock: Mock&lt;ICheckPermissionService:12&gt;, turnstilesRepositoryStub: Mock&lt;ITurnstilesRepository:6&gt;, sut: TurnstilesService { })" storage="/mnt/c/users/alena/desktop/7_sem/testing_and_debugging/skiresort/bl.tests/bin/debug/net6.0/bl.tests.dll" id="f74f391c-4808-7597-8111-99e50bc7cafc">
      <Execution id="0d6bc424-06bb-4ef5-8b91-029e16449aba" />
      <TestMethod codeBase="/mnt/c/Users/alena/Desktop/7_sem/testing_and_debugging/SkiResort/BL.Tests/bin/Debug/net6.0/BL.Tests.dll" adapterTypeName="executor://xunit/VsTestRunner2/netcoreapp" className="BL.Tests.TurnstilesServiceTest" name="TestAdminGetTurnstileAsync" />
    </UnitTest>
    <UnitTest name="BL.Tests.LiftsSlopesServiceTests.TestGetLiftsSlopesInfoAsync(liftsSlopes: [LiftSlope { RecordID = 211, LiftID = 202, SlopeID = 100 }, LiftSlope { RecordID = 66, LiftID = 189, SlopeID = 136 }, LiftSlope { RecordID = 140, LiftID = 85, SlopeID = 47 }], slopesRepositoryStub: Mock&lt;ISlopesRepository:1&gt;, liftsRepositoryStub: Mock&lt;ILiftsRepository:6&gt;, liftsSlopesRepositoryStub: Mock&lt;ILiftsSlopesRepository:6&gt;)" storage="/mnt/c/users/alena/desktop/7_sem/testing_and_debugging/skiresort/bl.tests/bin/debug/net6.0/bl.tests.dll" id="e429852d-a6ed-7c2a-25fd-cd839b159d56">
      <Execution id="4e74c034-acda-4fa1-b6af-2d7762505b38" />
      <TestMethod codeBase="/mnt/c/Users/alena/Desktop/7_sem/testing_and_debugging/SkiResort/BL.Tests/bin/Debug/net6.0/BL.Tests.dll" adapterTypeName="executor://xunit/VsTestRunner2/netcoreapp" className="BL.Tests.LiftsSlopesServiceTests" name="TestGetLiftsSlopesInfoAsync" />
    </UnitTest>
    <UnitTest name="BL.Tests.UsersServiceTests.TestRegisterOk" storage="/mnt/c/users/alena/desktop/7_sem/testing_and_debugging/skiresort/bl.tests/bin/debug/net6.0/bl.tests.dll" id="0eeef75f-6e38-7893-a8fe-cff3e0a970a7">
      <Execution id="2a30984f-7e95-48fc-a35f-f6de12cc69ec" />
      <TestMethod codeBase="/mnt/c/Users/alena/Desktop/7_sem/testing_and_debugging/SkiResort/BL.Tests/bin/Debug/net6.0/BL.Tests.dll" adapterTypeName="executor://xunit/VsTestRunner2/netcoreapp" className="BL.Tests.UsersServiceTests" name="TestRegisterOk" />
    </UnitTest>
    <UnitTest name="BL.Tests.LiftsServiceTest.TestGetLiftInfoAsync(userID: 30, lift: Lift { LiftID = 50, LiftName = liftName6608f04c-f684-4747-bebf-2c6fd2e5b281, IsOpen = True, SeatsAmount = 115, LiftingTime = 60, QueueTime = 101, ConnectedSlopes =  }, checkPermissionServiceMock: Mock&lt;ICheckPermissionService:1&gt;, liftsRepositoryStub: Mock&lt;ILiftsRepository:1&gt;, liftsSlopesRepositoryStub: Mock&lt;ILiftsSlopesRepository:1&gt;, sut: LiftsService { })" storage="/mnt/c/users/alena/desktop/7_sem/testing_and_debugging/skiresort/bl.tests/bin/debug/net6.0/bl.tests.dll" id="6ab2925d-029d-224a-bb6c-89f2e70420d0">
      <Execution id="8f3c8750-bb54-45a5-8fc4-fea505ebb1e5" />
      <TestMethod codeBase="/mnt/c/Users/alena/Desktop/7_sem/testing_and_debugging/SkiResort/BL.Tests/bin/Debug/net6.0/BL.Tests.dll" adapterTypeName="executor://xunit/VsTestRunner2/netcoreapp" className="BL.Tests.LiftsServiceTest" name="TestGetLiftInfoAsync" />
    </UnitTest>
    <UnitTest name="BL.Tests.SlopesServiceTest.TestAdminAddAutoIncrementSlopeAsync(userID: 102, slope: Slope { SlopeID = 44, SlopeName = slopeNameba964f75-f288-491f-8e6e-82159d7520ce, IsOpen = True, DifficultyLevel = 36, ConnectedLifts =  }, checkPermissionServiceMock: Mock&lt;ICheckPermissionService:10&gt;, slopesRepositoryStub: Mock&lt;ISlopesRepository:8&gt;, sut: SlopesService { })" storage="/mnt/c/users/alena/desktop/7_sem/testing_and_debugging/skiresort/bl.tests/bin/debug/net6.0/bl.tests.dll" id="ba3b14ba-31e6-08fa-e1a7-f109d523ef9b">
      <Execution id="6c89c2f2-e3fb-475b-948a-6774a73b6c90" />
      <TestMethod codeBase="/mnt/c/Users/alena/Desktop/7_sem/testing_and_debugging/SkiResort/BL.Tests/bin/Debug/net6.0/BL.Tests.dll" adapterTypeName="executor://xunit/VsTestRunner2/netcoreapp" className="BL.Tests.SlopesServiceTest" name="TestAdminAddAutoIncrementSlopeAsync" />
    </UnitTest>
    <UnitTest name="BL.Tests.CheckPermissionsServiceTests.AuthorizedHasAccessToAuthorizedFunctions(functionName: &quot;SendMessageAsync&quot;)" storage="/mnt/c/users/alena/desktop/7_sem/testing_and_debugging/skiresort/bl.tests/bin/debug/net6.0/bl.tests.dll" id="644ec43e-70cd-c82d-42e7-0d990be1414d">
      <Execution id="17d1e7ab-c754-478f-aebe-3bbd4ef218c3" />
      <TestMethod codeBase="/mnt/c/Users/alena/Desktop/7_sem/testing_and_debugging/SkiResort/BL.Tests/bin/Debug/net6.0/BL.Tests.dll" adapterTypeName="executor://xunit/VsTestRunner2/netcoreapp" className="BL.Tests.CheckPermissionsServiceTests" name="AuthorizedHasAccessToAuthorizedFunctions" />
    </UnitTest>
    <UnitTest name="BL.Tests.LiftsServiceTest.TestAdminDeleteLiftAsync(userID: 155, lift: Lift { LiftID = 175, LiftName = liftName79573cb3-4e4e-4de3-af48-5d0f96e07dc5, IsOpen = True, SeatsAmount = 106, LiftingTime = 14, QueueTime = 81, ConnectedSlopes =  }, checkPermissionServiceMock: Mock&lt;ICheckPermissionService:4&gt;, liftsRepositoryStub: Mock&lt;ILiftsRepository:4&gt;, liftsSlopesRepositoryStub: Mock&lt;ILiftsSlopesRepository:4&gt;, sut: LiftsService { })" storage="/mnt/c/users/alena/desktop/7_sem/testing_and_debugging/skiresort/bl.tests/bin/debug/net6.0/bl.tests.dll" id="ea7d939f-cfd9-c512-c8da-753d252c9960">
      <Execution id="b8b0e45f-bab8-4c55-bfe1-8fa1a4a4f89f" />
      <TestMethod codeBase="/mnt/c/Users/alena/Desktop/7_sem/testing_and_debugging/SkiResort/BL.Tests/bin/Debug/net6.0/BL.Tests.dll" adapterTypeName="executor://xunit/VsTestRunner2/netcoreapp" className="BL.Tests.LiftsServiceTest" name="TestAdminDeleteLiftAsync" />
    </UnitTest>
    <UnitTest name="BL.Tests.CheckPermissionsServiceTests.UnauthorizedHasNoAccessToAuthorizedFunctions(functionName: &quot;LogOutAsync&quot;)" storage="/mnt/c/users/alena/desktop/7_sem/testing_and_debugging/skiresort/bl.tests/bin/debug/net6.0/bl.tests.dll" id="fa960c5e-f989-2880-784e-8efe538c5231">
      <Execution id="9dc139a7-2fd5-44f8-8c84-38d58d57e299" />
      <TestMethod codeBase="/mnt/c/Users/alena/Desktop/7_sem/testing_and_debugging/SkiResort/BL.Tests/bin/Debug/net6.0/BL.Tests.dll" adapterTypeName="executor://xunit/VsTestRunner2/netcoreapp" className="BL.Tests.CheckPermissionsServiceTests" name="UnauthorizedHasNoAccessToAuthorizedFunctions" />
    </UnitTest>
    <UnitTest name="BL.Tests.CheckPermissionsServiceTests.UnauthorizedHasNoAccessToAuthorizedFunctions(functionName: &quot;SendMessageAsync&quot;)" storage="/mnt/c/users/alena/desktop/7_sem/testing_and_debugging/skiresort/bl.tests/bin/debug/net6.0/bl.tests.dll" id="eaabd2fc-2f4b-5689-59c8-c7ad34a8f634">
      <Execution id="09fb5a76-20ec-4a07-a415-dd61bea39077" />
      <TestMethod codeBase="/mnt/c/Users/alena/Desktop/7_sem/testing_and_debugging/SkiResort/BL.Tests/bin/Debug/net6.0/BL.Tests.dll" adapterTypeName="executor://xunit/VsTestRunner2/netcoreapp" className="BL.Tests.CheckPermissionsServiceTests" name="UnauthorizedHasNoAccessToAuthorizedFunctions" />
    </UnitTest>
    <UnitTest name="BL.Tests.UsersServiceTests.TestRegisterUserWithRepeatedEmail" storage="/mnt/c/users/alena/desktop/7_sem/testing_and_debugging/skiresort/bl.tests/bin/debug/net6.0/bl.tests.dll" id="894941c1-bfa7-d8f9-c047-1e1ceefe2c2f">
      <Execution id="bb253e36-aaf6-4f5c-93e5-c18584041ebb" />
      <TestMethod codeBase="/mnt/c/Users/alena/Desktop/7_sem/testing_and_debugging/SkiResort/BL.Tests/bin/Debug/net6.0/BL.Tests.dll" adapterTypeName="executor://xunit/VsTestRunner2/netcoreapp" className="BL.Tests.UsersServiceTests" name="TestRegisterUserWithRepeatedEmail" />
    </UnitTest>
    <UnitTest name="BL.Tests.TurnstilesServiceTest.TestAdminDeleteTurnstileAsync(userID: 167, turnstile: Turnstile { TurnstileID = 205, LiftID = 187, IsOpen = True }, checkPermissionServiceMock: Mock&lt;ICheckPermissionService:15&gt;, turnstilesRepositoryStub: Mock&lt;ITurnstilesRepository:9&gt;, sut: TurnstilesService { })" storage="/mnt/c/users/alena/desktop/7_sem/testing_and_debugging/skiresort/bl.tests/bin/debug/net6.0/bl.tests.dll" id="02113051-98f8-08de-7331-cc407935d639">
      <Execution id="7a5fe0a3-fd50-4eb5-989f-1c59c6076da8" />
      <TestMethod codeBase="/mnt/c/Users/alena/Desktop/7_sem/testing_and_debugging/SkiResort/BL.Tests/bin/Debug/net6.0/BL.Tests.dll" adapterTypeName="executor://xunit/VsTestRunner2/netcoreapp" className="BL.Tests.TurnstilesServiceTest" name="TestAdminDeleteTurnstileAsync" />
    </UnitTest>
    <UnitTest name="BL.Tests.TurnstilesServiceTest.TestAdminAddAutoIncrementTurnstileAsync(userID: 105, turnstile: Turnstile { TurnstileID = 6, LiftID = 28, IsOpen = True }, checkPermissionServiceMock: Mock&lt;ICheckPermissionService:16&gt;, turnstilesRepositoryStub: Mock&lt;ITurnstilesRepository:10&gt;, sut: TurnstilesService { })" storage="/mnt/c/users/alena/desktop/7_sem/testing_and_debugging/skiresort/bl.tests/bin/debug/net6.0/bl.tests.dll" id="1f972a1b-93b2-6ffe-d216-164c5ffc52fd">
      <Execution id="c9fafafe-d52a-4ce9-90be-8267315cd7bb" />
      <TestMethod codeBase="/mnt/c/Users/alena/Desktop/7_sem/testing_and_debugging/SkiResort/BL.Tests/bin/Debug/net6.0/BL.Tests.dll" adapterTypeName="executor://xunit/VsTestRunner2/netcoreapp" className="BL.Tests.TurnstilesServiceTest" name="TestAdminAddAutoIncrementTurnstileAsync" />
    </UnitTest>
    <UnitTest name="BL.Tests.TurnstilesServiceTest.TestAdminGetTurnstilesAsync(userID: 184, initialTurnstiles: [Turnstile { TurnstileID = 230, LiftID = 7, IsOpen = True }, Turnstile { TurnstileID = 82, LiftID = 88, IsOpen = False }, Turnstile { TurnstileID = 192, LiftID = 73, IsOpen = True }], checkPermissionServiceMock: Mock&lt;ICheckPermissionService:13&gt;, turnstilesRepositoryStub: Mock&lt;ITurnstilesRepository:7&gt;, sut: TurnstilesService { })" storage="/mnt/c/users/alena/desktop/7_sem/testing_and_debugging/skiresort/bl.tests/bin/debug/net6.0/bl.tests.dll" id="f010b238-8d57-b37b-ca91-7c68583b5067">
      <Execution id="804debc0-184d-4275-94de-74fdaf25daa2" />
      <TestMethod codeBase="/mnt/c/Users/alena/Desktop/7_sem/testing_and_debugging/SkiResort/BL.Tests/bin/Debug/net6.0/BL.Tests.dll" adapterTypeName="executor://xunit/VsTestRunner2/netcoreapp" className="BL.Tests.TurnstilesServiceTest" name="TestAdminGetTurnstilesAsync" />
    </UnitTest>
    <UnitTest name="BL.Tests.LiftsSlopesServiceTests.TestAdminAddAutoIncrementLiftSlopeAsync(lift: Lift { LiftID = 130, LiftName = liftNamea3589a45-a26b-4edb-97ba-f66c81d1fc05, IsOpen = True, SeatsAmount = 206, LiftingTime = 238, QueueTime = 189, ConnectedSlopes =  }, slope: Slope { SlopeID = 244, SlopeName = slopeNamef1429c20-2741-45c0-a549-f54429d8425c, IsOpen = False, DifficultyLevel = 35, ConnectedLifts =  }, slopesRepositoryStub: Mock&lt;ISlopesRepository:3&gt;..." storage="/mnt/c/users/alena/desktop/7_sem/testing_and_debugging/skiresort/bl.tests/bin/debug/net6.0/bl.tests.dll" id="c17d3d75-555f-2330-80d5-1b7887781976">
      <Execution id="914be62a-732e-4b8b-88fd-0a1246c459d5" />
      <TestMethod codeBase="/mnt/c/Users/alena/Desktop/7_sem/testing_and_debugging/SkiResort/BL.Tests/bin/Debug/net6.0/BL.Tests.dll" adapterTypeName="executor://xunit/VsTestRunner2/netcoreapp" className="BL.Tests.LiftsSlopesServiceTests" name="TestAdminAddAutoIncrementLiftSlopeAsync" />
    </UnitTest>
    <UnitTest name="BL.Tests.LiftsServiceTest.TestGetLiftsInfoAsync(userID: 216, initialLifts: [Lift { LiftID = 102, LiftName = liftName3a5dc19d-8072-41bc-8ade-55f1c6fc21c1, IsOpen = True, SeatsAmount = 231, LiftingTime = 8, QueueTime = 33, ConnectedSlopes =  }, Lift { LiftID = 171, LiftName = liftName66b53fd7-cfa2-45ca-9dd3-320bc43e8235, IsOpen = False, SeatsAmount = 164, LiftingTime = 229, QueueTime = 136, ConnectedSlopes =  }, Lift { LiftID = 113, LiftName ..." storage="/mnt/c/users/alena/desktop/7_sem/testing_and_debugging/skiresort/bl.tests/bin/debug/net6.0/bl.tests.dll" id="4dcf4cf5-b96d-a907-3841-e3eca02df974">
      <Execution id="93600291-4c48-422d-a6c0-cfac7bc4de13" />
      <TestMethod codeBase="/mnt/c/Users/alena/Desktop/7_sem/testing_and_debugging/SkiResort/BL.Tests/bin/Debug/net6.0/BL.Tests.dll" adapterTypeName="executor://xunit/VsTestRunner2/netcoreapp" className="BL.Tests.LiftsServiceTest" name="TestGetLiftsInfoAsync" />
    </UnitTest>
    <UnitTest name="BL.Tests.UsersServiceTests.TestRegisterUserWithNoEmail" storage="/mnt/c/users/alena/desktop/7_sem/testing_and_debugging/skiresort/bl.tests/bin/debug/net6.0/bl.tests.dll" id="8184bd30-991c-b78d-b4ec-99a485eac0dd">
      <Execution id="0691b05f-007b-4447-a7b4-9deef421f2af" />
      <TestMethod codeBase="/mnt/c/Users/alena/Desktop/7_sem/testing_and_debugging/SkiResort/BL.Tests/bin/Debug/net6.0/BL.Tests.dll" adapterTypeName="executor://xunit/VsTestRunner2/netcoreapp" className="BL.Tests.UsersServiceTests" name="TestRegisterUserWithNoEmail" />
    </UnitTest>
  </TestDefinitions>
  <TestEntries>
    <TestEntry testId="0eeef75f-6e38-7893-a8fe-cff3e0a970a7" executionId="2a30984f-7e95-48fc-a35f-f6de12cc69ec" testListId="8c84fa94-04c1-424b-9868-57a2d4851a1d" />
    <TestEntry testId="644ec43e-70cd-c82d-42e7-0d990be1414d" executionId="17d1e7ab-c754-478f-aebe-3bbd4ef218c3" testListId="8c84fa94-04c1-424b-9868-57a2d4851a1d" />
    <TestEntry testId="1ca07ad8-f799-c5d4-e7cc-34fd950198a2" executionId="6f27c12c-99d1-43cd-9b04-93bf02d8898c" testListId="8c84fa94-04c1-424b-9868-57a2d4851a1d" />
    <TestEntry testId="871efff2-91dc-921d-94a2-b56bf01edea3" executionId="aca076d8-6df2-4dd6-b43d-5a487c0274ac" testListId="8c84fa94-04c1-424b-9868-57a2d4851a1d" />
    <TestEntry testId="9c7df5e2-1b23-ebea-889f-b78ca86b60ab" executionId="d2ff3991-3a00-4fac-aed9-51cd3e5eea34" testListId="8c84fa94-04c1-424b-9868-57a2d4851a1d" />
    <TestEntry testId="019fbe1f-7971-bc16-0558-f5a1660f7f26" executionId="f4e2fd11-995c-4731-8d7d-f40c8f091ba2" testListId="8c84fa94-04c1-424b-9868-57a2d4851a1d" />
    <TestEntry testId="492c0393-35b4-df26-a537-21ca08302f3c" executionId="295c3dbe-96d0-4511-9bbf-712bc7482adc" testListId="8c84fa94-04c1-424b-9868-57a2d4851a1d" />
    <TestEntry testId="ba3b14ba-31e6-08fa-e1a7-f109d523ef9b" executionId="6c89c2f2-e3fb-475b-948a-6774a73b6c90" testListId="8c84fa94-04c1-424b-9868-57a2d4851a1d" />
    <TestEntry testId="ecaa0e7a-98a7-cea8-73b9-930fb7aeff0a" executionId="16fc2892-0d87-4200-8c1b-d3700eff6587" testListId="8c84fa94-04c1-424b-9868-57a2d4851a1d" />
    <TestEntry testId="dd859e18-a7fc-c228-eb6a-6987b603e571" executionId="6c9a0ff2-6873-49b0-8756-244394f6f2c3" testListId="8c84fa94-04c1-424b-9868-57a2d4851a1d" />
    <TestEntry testId="c17d3d75-555f-2330-80d5-1b7887781976" executionId="914be62a-732e-4b8b-88fd-0a1246c459d5" testListId="8c84fa94-04c1-424b-9868-57a2d4851a1d" />
    <TestEntry testId="f74f391c-4808-7597-8111-99e50bc7cafc" executionId="0d6bc424-06bb-4ef5-8b91-029e16449aba" testListId="8c84fa94-04c1-424b-9868-57a2d4851a1d" />
    <TestEntry testId="c36970dc-93f7-753e-fa47-157133b01644" executionId="c184588d-00f4-47e3-a1da-68cacf34acba" testListId="8c84fa94-04c1-424b-9868-57a2d4851a1d" />
    <TestEntry testId="4dcf4cf5-b96d-a907-3841-e3eca02df974" executionId="93600291-4c48-422d-a6c0-cfac7bc4de13" testListId="8c84fa94-04c1-424b-9868-57a2d4851a1d" />
    <TestEntry testId="60bd668f-04df-da5e-b79b-5d9aedb5234d" executionId="6973648f-51b5-4111-9370-cbc936a2c0dd" testListId="8c84fa94-04c1-424b-9868-57a2d4851a1d" />
    <TestEntry testId="1b6090ca-fb32-4d3b-6f9f-94f0ba2d5382" executionId="bea22983-d90f-4e25-bf74-fda1eaf3157b" testListId="8c84fa94-04c1-424b-9868-57a2d4851a1d" />
    <TestEntry testId="f44a1b21-8efc-bfac-63b4-d534442def31" executionId="406a3857-ab89-4a0c-a592-bb87aa5b0130" testListId="8c84fa94-04c1-424b-9868-57a2d4851a1d" />
    <TestEntry testId="fa960c5e-f989-2880-784e-8efe538c5231" executionId="9dc139a7-2fd5-44f8-8c84-38d58d57e299" testListId="8c84fa94-04c1-424b-9868-57a2d4851a1d" />
    <TestEntry testId="a19a5fcf-c5d2-7d44-5d7d-84403042f4e0" executionId="2fd57938-f2e4-467a-90fa-f95908f2d090" testListId="8c84fa94-04c1-424b-9868-57a2d4851a1d" />
    <TestEntry testId="69340bb6-3645-f9dd-971e-29d8b2a009bb" executionId="3dcba272-f584-4714-99aa-b34f61ecfe69" testListId="8c84fa94-04c1-424b-9868-57a2d4851a1d" />
    <TestEntry testId="36797eed-bb33-707d-9d42-a30c63f0182c" executionId="ade2e74c-05bf-44a6-8625-5927f063edfe" testListId="8c84fa94-04c1-424b-9868-57a2d4851a1d" />
    <TestEntry testId="a2e59116-cb53-1d70-9cb8-21c286516866" executionId="a2104f88-644b-4924-a233-49d496ef09de" testListId="8c84fa94-04c1-424b-9868-57a2d4851a1d" />
    <TestEntry testId="aa28a6b3-21d3-aa45-24d3-bef2facbc899" executionId="26824955-4fd5-4727-88f1-f10df1c2a49a" testListId="8c84fa94-04c1-424b-9868-57a2d4851a1d" />
    <TestEntry testId="551707a4-04e0-06cd-75ee-4efd363f2ebb" executionId="7c707e5f-a98d-4530-b37f-e1114c21c643" testListId="8c84fa94-04c1-424b-9868-57a2d4851a1d" />
    <TestEntry testId="4f297306-d4f3-8d63-e7f4-1ac0b8c58c74" executionId="831ea01f-1fad-436d-9bb9-deeb14bfc13f" testListId="8c84fa94-04c1-424b-9868-57a2d4851a1d" />
    <TestEntry testId="e2d7e5be-3dae-33ae-fb17-c704b6fd58d6" executionId="724335c9-aa6f-4f57-820a-812d9bd48d97" testListId="8c84fa94-04c1-424b-9868-57a2d4851a1d" />
    <TestEntry testId="20ad8570-0170-85de-dcd7-2f109dd7bcd6" executionId="d422639b-c43c-4c17-af01-32b01a8faf42" testListId="8c84fa94-04c1-424b-9868-57a2d4851a1d" />
    <TestEntry testId="f3efc418-a8a6-c7b7-9bac-90b33aa8472f" executionId="18b1e249-2a79-4496-bcb2-7453d7afcff1" testListId="8c84fa94-04c1-424b-9868-57a2d4851a1d" />
    <TestEntry testId="18fa8c62-e27d-e1fc-8182-4d7db62b008d" executionId="7a2bf8b8-f0cb-45d9-a47d-3448c9ac4b4c" testListId="8c84fa94-04c1-424b-9868-57a2d4851a1d" />
    <TestEntry testId="2d706594-f2b3-b3c8-21d4-86c9798c3306" executionId="b81d85ee-1533-47d1-9ac1-5818a8ec6299" testListId="8c84fa94-04c1-424b-9868-57a2d4851a1d" />
    <TestEntry testId="345865cb-c230-2c5f-c7f1-fe3224f9b201" executionId="171230e4-c337-4f3e-8688-3c8f0b04afaa" testListId="8c84fa94-04c1-424b-9868-57a2d4851a1d" />
    <TestEntry testId="894941c1-bfa7-d8f9-c047-1e1ceefe2c2f" executionId="bb253e36-aaf6-4f5c-93e5-c18584041ebb" testListId="8c84fa94-04c1-424b-9868-57a2d4851a1d" />
    <TestEntry testId="387c9729-48c1-486e-5e67-f5d11a9f0db8" executionId="adb575b1-36c4-4ac9-ac87-dfbcf1869ac0" testListId="8c84fa94-04c1-424b-9868-57a2d4851a1d" />
    <TestEntry testId="834c739b-eca4-b36d-6a66-5a1bd75377b8" executionId="6beb2709-95f8-49ca-aa6f-87003c81fe83" testListId="8c84fa94-04c1-424b-9868-57a2d4851a1d" />
    <TestEntry testId="1f972a1b-93b2-6ffe-d216-164c5ffc52fd" executionId="c9fafafe-d52a-4ce9-90be-8267315cd7bb" testListId="8c84fa94-04c1-424b-9868-57a2d4851a1d" />
    <TestEntry testId="e429852d-a6ed-7c2a-25fd-cd839b159d56" executionId="4e74c034-acda-4fa1-b6af-2d7762505b38" testListId="8c84fa94-04c1-424b-9868-57a2d4851a1d" />
    <TestEntry testId="ea7d939f-cfd9-c512-c8da-753d252c9960" executionId="b8b0e45f-bab8-4c55-bfe1-8fa1a4a4f89f" testListId="8c84fa94-04c1-424b-9868-57a2d4851a1d" />
    <TestEntry testId="e5497347-2721-b7a6-0bd4-69a9921f6947" executionId="e81fe28d-01b9-466f-897c-71ce850c1a73" testListId="8c84fa94-04c1-424b-9868-57a2d4851a1d" />
    <TestEntry testId="a290030b-8151-baec-03f5-92348e7d1e07" executionId="b274a267-5c44-4209-86a5-0f32d3409eb9" testListId="8c84fa94-04c1-424b-9868-57a2d4851a1d" />
    <TestEntry testId="f010b238-8d57-b37b-ca91-7c68583b5067" executionId="804debc0-184d-4275-94de-74fdaf25daa2" testListId="8c84fa94-04c1-424b-9868-57a2d4851a1d" />
    <TestEntry testId="8184bd30-991c-b78d-b4ec-99a485eac0dd" executionId="0691b05f-007b-4447-a7b4-9deef421f2af" testListId="8c84fa94-04c1-424b-9868-57a2d4851a1d" />
    <TestEntry testId="2602613f-c8e2-a6d9-fcf7-5b27d4a770a6" executionId="d2c2c6e8-5bb7-4481-9b0b-b06285908ff7" testListId="8c84fa94-04c1-424b-9868-57a2d4851a1d" />
    <TestEntry testId="06d0bc3a-24a0-fb7f-4277-e9ae6d21c7dd" executionId="6a127015-9f63-45c2-b73c-67c67c60caa6" testListId="8c84fa94-04c1-424b-9868-57a2d4851a1d" />
    <TestEntry testId="229812f5-9a73-5335-11f5-31330d1348a5" executionId="1c4f59b0-6392-401f-9157-7bea037ec59c" testListId="8c84fa94-04c1-424b-9868-57a2d4851a1d" />
    <TestEntry testId="eaabd2fc-2f4b-5689-59c8-c7ad34a8f634" executionId="09fb5a76-20ec-4a07-a415-dd61bea39077" testListId="8c84fa94-04c1-424b-9868-57a2d4851a1d" />
    <TestEntry testId="02113051-98f8-08de-7331-cc407935d639" executionId="7a5fe0a3-fd50-4eb5-989f-1c59c6076da8" testListId="8c84fa94-04c1-424b-9868-57a2d4851a1d" />
    <TestEntry testId="6ab2925d-029d-224a-bb6c-89f2e70420d0" executionId="8f3c8750-bb54-45a5-8fc4-fea505ebb1e5" testListId="8c84fa94-04c1-424b-9868-57a2d4851a1d" />
  </TestEntries>
  <TestLists>
    <TestList name="Results Not in a List" id="8c84fa94-04c1-424b-9868-57a2d4851a1d" />
    <TestList name="All Loaded Results" id="19431567-8539-422a-85d7-44ee4e166bda" />
  </TestLists>
  <ResultSummary outcome="Completed">
    <Counters total="47" executed="47" passed="47" failed="0" error="0" timeout="0" aborted="0" inconclusive="0" passedButRunAborted="0" notRunnable="0" notExecuted="0" disconnected="0" warning="0" completed="0" inProgress="0" pending="0" />
    <Output>
      <StdOut>[xUnit.net 00:00:00.00] xUnit.net VSTest Adapter v2.4.5+1caef2f33e (64-bit .NET 6.0.10)
[xUnit.net 00:00:00.96]   Discovering: BL.Tests
[xUnit.net 00:00:01.16]   Discovered:  BL.Tests
[xUnit.net 00:00:01.16]   Starting:    BL.Tests
[xUnit.net 00:00:01.57]   Finished:    BL.Tests
</StdOut>
    </Output>
  </ResultSummary>
</TestRun>