<?xml version="1.0" encoding="utf-8"?>
<TestRun id="a33db73c-24f4-4b70-8194-c23c736ccf22" name="@DESKTOP-TJ9D65N 2022-11-03 11:11:46" xmlns="http://microsoft.com/schemas/VisualStudio/TeamTest/2010">
  <Times creation="2022-11-03T11:11:46.5560912+03:00" queuing="2022-11-03T11:11:46.5560913+03:00" start="2022-11-03T11:11:44.1891215+03:00" finish="2022-11-03T11:11:46.7907504+03:00" />
  <TestSettings name="default" id="01e1e513-ba59-4bea-a150-1dc75ddc0ac9">
    <Deployment runDeploymentRoot="_DESKTOP-TJ9D65N_2022-11-03_11_11_46" />
  </TestSettings>
  <Results>
    <UnitTestResult executionId="8d9f1b94-2356-4cf0-8ae7-7a841aa67583" testId="a0eea47e-5620-1d65-820f-c5348573eabe" testName="BL.Tests.SlopesServiceTest.TestAdminDeleteSlopeAsync(userID: 155, slope: Slope { SlopeID = 61, SlopeName = slopeNamec36eca0f-6058-4765-b7a8-1ffdee9d7cc4, IsOpen = True, DifficultyLevel = 45, ConnectedLifts =  }, checkPermissionServiceMock: Mock&lt;ICheckPermissionService:9&gt;, slopesRepositoryStub: Mock&lt;ISlopesRepository:7&gt;, liftsSlopesRepositoryStub: Mock&lt;ILiftsSlopesRepository:12&gt;, sut: SlopesService { })" computerName="DESKTOP-TJ9D65N" duration="00:00:00.0057729" startTime="2022-11-03T11:11:46.6058196+03:00" endTime="2022-11-03T11:11:46.6058196+03:00" testType="13cdc9d9-ddb5-4fa4-a97d-d965ccfc6d4b" outcome="Passed" testListId="8c84fa94-04c1-424b-9868-57a2d4851a1d" relativeResultsDirectory="8d9f1b94-2356-4cf0-8ae7-7a841aa67583" />
    <UnitTestResult executionId="fa8f3271-f4d7-4e40-8538-9858fdf18fde" testId="4246f3f9-20d3-7e8f-2405-3a673c518bae" testName="BL.Tests.SlopesServiceTest.TestGetSlopesInfoAsync(userID: 56, initialSlopes: [Slope { SlopeID = 39, SlopeName = slopeNamef3de4a7b-a6d7-42fa-9036-7bc4588837ad, IsOpen = True, DifficultyLevel = 60, ConnectedLifts =  }, Slope { SlopeID = 35, SlopeName = slopeName20f58ee3-9c33-4889-8207-6cfad6c6a2a4, IsOpen = False, DifficultyLevel = 196, ConnectedLifts =  }, Slope { SlopeID = 175, SlopeName = slopeName80287139-e86e-47f5-bd51-4b3ed313c245, IsOpen = True, DifficultyLevel = 80, ConnectedLifts =  }], checkPermissionServiceMock: Mock&lt;ICheckPermissionService:7&gt;, slopesRepositoryStub: Mock&lt;ISlopesRepository:5&gt;, liftsSlopesRepositoryStub: Mock&lt;ILiftsSlopesRepository:10&gt;, sut: SlopesService { })" computerName="DESKTOP-TJ9D65N" duration="00:00:00.0559636" startTime="2022-11-03T11:11:46.5809694+03:00" endTime="2022-11-03T11:11:46.5809695+03:00" testType="13cdc9d9-ddb5-4fa4-a97d-d965ccfc6d4b" outcome="Passed" testListId="8c84fa94-04c1-424b-9868-57a2d4851a1d" relativeResultsDirectory="fa8f3271-f4d7-4e40-8538-9858fdf18fde" />
    <UnitTestResult executionId="d8a50b2a-8215-42d9-94ce-6c8e91115929" testId="492c0393-35b4-df26-a537-21ca08302f3c" testName="BL.Tests.CheckPermissionsServiceTests.SkiPatrolHasNoAccessToAdminFunctions" computerName="DESKTOP-TJ9D65N" duration="00:00:00.0021593" startTime="2022-11-03T11:11:46.6959924+03:00" endTime="2022-11-03T11:11:46.6959925+03:00" testType="13cdc9d9-ddb5-4fa4-a97d-d965ccfc6d4b" outcome="Passed" testListId="8c84fa94-04c1-424b-9868-57a2d4851a1d" relativeResultsDirectory="d8a50b2a-8215-42d9-94ce-6c8e91115929" />
    <UnitTestResult executionId="794383fe-3f1d-4153-96ef-f14ce8638280" testId="f44a1b21-8efc-bfac-63b4-d534442def31" testName="BL.Tests.UsersServiceTests.TestRegisterUserWithNoPassword" computerName="DESKTOP-TJ9D65N" duration="00:00:00.0018871" startTime="2022-11-03T11:11:46.4970462+03:00" endTime="2022-11-03T11:11:46.4970462+03:00" testType="13cdc9d9-ddb5-4fa4-a97d-d965ccfc6d4b" outcome="Passed" testListId="8c84fa94-04c1-424b-9868-57a2d4851a1d" relativeResultsDirectory="794383fe-3f1d-4153-96ef-f14ce8638280" />
    <UnitTestResult executionId="036f3006-0d37-464b-9a35-0e887170f0fd" testId="aa28a6b3-21d3-aa45-24d3-bef2facbc899" testName="BL.Tests.CheckPermissionsServiceTests.AuthorizedHasAccessToAuthorizedFunctions(functionName: &quot;LogOutAsync&quot;)" computerName="DESKTOP-TJ9D65N" duration="00:00:00.0009265" startTime="2022-11-03T11:11:46.6763559+03:00" endTime="2022-11-03T11:11:46.6763560+03:00" testType="13cdc9d9-ddb5-4fa4-a97d-d965ccfc6d4b" outcome="Passed" testListId="8c84fa94-04c1-424b-9868-57a2d4851a1d" relativeResultsDirectory="036f3006-0d37-464b-9a35-0e887170f0fd" />
    <UnitTestResult executionId="975ef187-7e2b-4804-b955-f8daec94f8bc" testId="c36970dc-93f7-753e-fa47-157133b01644" testName="BL.Tests.CheckPermissionsServiceTests.SkiPatrolHasAccessToAdminSkiPatrolFunctions(functionName: &quot;GetMessagesAsync&quot;)" computerName="DESKTOP-TJ9D65N" duration="00:00:00.0014018" startTime="2022-11-03T11:11:46.5751455+03:00" endTime="2022-11-03T11:11:46.5751456+03:00" testType="13cdc9d9-ddb5-4fa4-a97d-d965ccfc6d4b" outcome="Passed" testListId="8c84fa94-04c1-424b-9868-57a2d4851a1d" relativeResultsDirectory="975ef187-7e2b-4804-b955-f8daec94f8bc" />
    <UnitTestResult executionId="3d8b3e70-0005-4d47-aa28-12a694b7db05" testId="20ad8570-0170-85de-dcd7-2f109dd7bcd6" testName="BL.Tests.UsersServiceTests.TestAdminGetUsers" computerName="DESKTOP-TJ9D65N" duration="00:00:00.0513193" startTime="2022-11-03T11:11:46.3868449+03:00" endTime="2022-11-03T11:11:46.3868451+03:00" testType="13cdc9d9-ddb5-4fa4-a97d-d965ccfc6d4b" outcome="Passed" testListId="8c84fa94-04c1-424b-9868-57a2d4851a1d" relativeResultsDirectory="3d8b3e70-0005-4d47-aa28-12a694b7db05" />
    <UnitTestResult executionId="2cf43141-cbca-4be1-99aa-cd4e63686776" testId="f9da490a-4cf9-b4ee-2710-7518b7e3ebd1" testName="BL.Tests.SlopesServiceTest.TestAdminAddAutoIncrementSlopeAsync(userID: 55, slope: Slope { SlopeID = 219, SlopeName = slopeNamefc8a1c9a-9acb-48cf-9aff-9bb39d6a91cb, IsOpen = True, DifficultyLevel = 212, ConnectedLifts =  }, checkPermissionServiceMock: Mock&lt;ICheckPermissionService:10&gt;, slopesRepositoryStub: Mock&lt;ISlopesRepository:8&gt;, sut: SlopesService { })" computerName="DESKTOP-TJ9D65N" duration="00:00:00.0136954" startTime="2022-11-03T11:11:46.5160873+03:00" endTime="2022-11-03T11:11:46.5160873+03:00" testType="13cdc9d9-ddb5-4fa4-a97d-d965ccfc6d4b" outcome="Passed" testListId="8c84fa94-04c1-424b-9868-57a2d4851a1d" relativeResultsDirectory="2cf43141-cbca-4be1-99aa-cd4e63686776" />
    <UnitTestResult executionId="0f6efbfb-7dee-451c-9696-be18df626478" testId="a19a5fcf-c5d2-7d44-5d7d-84403042f4e0" testName="BL.Tests.CheckPermissionsServiceTests.UnauthorizedHasNoAccessToAdminSkiPatrolFunctions(functionName: &quot;MarkMessageReadByUserAsync&quot;)" computerName="DESKTOP-TJ9D65N" duration="00:00:00.0428978" startTime="2022-11-03T11:11:46.3810781+03:00" endTime="2022-11-03T11:11:46.3811160+03:00" testType="13cdc9d9-ddb5-4fa4-a97d-d965ccfc6d4b" outcome="Passed" testListId="8c84fa94-04c1-424b-9868-57a2d4851a1d" relativeResultsDirectory="0f6efbfb-7dee-451c-9696-be18df626478" />
    <UnitTestResult executionId="742d6abd-0621-4335-8c8b-e1eeeb8b0d1d" testId="387c9729-48c1-486e-5e67-f5d11a9f0db8" testName="BL.Tests.CheckPermissionsServiceTests.UnauthorizedHasNoAccessToAdminSkiPatrolFunctions(functionName: &quot;GetLiftsSlopesInfoAsync&quot;)" computerName="DESKTOP-TJ9D65N" duration="00:00:00.0016507" startTime="2022-11-03T11:11:46.4965449+03:00" endTime="2022-11-03T11:11:46.4965450+03:00" testType="13cdc9d9-ddb5-4fa4-a97d-d965ccfc6d4b" outcome="Passed" testListId="8c84fa94-04c1-424b-9868-57a2d4851a1d" relativeResultsDirectory="742d6abd-0621-4335-8c8b-e1eeeb8b0d1d" />
    <UnitTestResult executionId="db158b32-3b01-4265-a41f-3cf074dc821c" testId="17fc93b7-7a3f-9601-e928-3f1a32aea604" testName="BL.Tests.TurnstilesServiceTest.TestAdminDeleteTurnstileAsync(userID: 177, turnstile: Turnstile { TurnstileID = 213, LiftID = 42, IsOpen = True }, checkPermissionServiceMock: Mock&lt;ICheckPermissionService:15&gt;, turnstilesRepositoryStub: Mock&lt;ITurnstilesRepository:9&gt;, sut: TurnstilesService { })" computerName="DESKTOP-TJ9D65N" duration="00:00:00.0079212" startTime="2022-11-03T11:11:46.5189133+03:00" endTime="2022-11-03T11:11:46.5189134+03:00" testType="13cdc9d9-ddb5-4fa4-a97d-d965ccfc6d4b" outcome="Passed" testListId="8c84fa94-04c1-424b-9868-57a2d4851a1d" relativeResultsDirectory="db158b32-3b01-4265-a41f-3cf074dc821c" />
    <UnitTestResult executionId="97a09b51-2a9f-45f2-bef4-e43b218feb75" testId="e429852d-a6ed-7c2a-25fd-cd839b159d56" testName="BL.Tests.LiftsSlopesServiceTests.TestGetLiftsSlopesInfoAsync(liftsSlopes: [LiftSlope { RecordID = 96, LiftID = 18, SlopeID = 59 }, LiftSlope { RecordID = 207, LiftID = 243, SlopeID = 107 }, LiftSlope { RecordID = 215, LiftID = 61, SlopeID = 194 }], slopesRepositoryStub: Mock&lt;ISlopesRepository:1&gt;, liftsRepositoryStub: Mock&lt;ILiftsRepository:6&gt;, liftsSlopesRepositoryStub: Mock&lt;ILiftsSlopesRepository:6&gt;)" computerName="DESKTOP-TJ9D65N" duration="00:00:00.0510692" startTime="2022-11-03T11:11:46.3867828+03:00" endTime="2022-11-03T11:11:46.3867828+03:00" testType="13cdc9d9-ddb5-4fa4-a97d-d965ccfc6d4b" outcome="Passed" testListId="8c84fa94-04c1-424b-9868-57a2d4851a1d" relativeResultsDirectory="97a09b51-2a9f-45f2-bef4-e43b218feb75" />
    <UnitTestResult executionId="7e7294db-4a49-43f9-ae1f-7a6e1190e2db" testId="644ec43e-70cd-c82d-42e7-0d990be1414d" testName="BL.Tests.CheckPermissionsServiceTests.AuthorizedHasAccessToAuthorizedFunctions(functionName: &quot;SendMessageAsync&quot;)" computerName="DESKTOP-TJ9D65N" duration="00:00:00.0017773" startTime="2022-11-03T11:11:46.6673418+03:00" endTime="2022-11-03T11:11:46.6673419+03:00" testType="13cdc9d9-ddb5-4fa4-a97d-d965ccfc6d4b" outcome="Passed" testListId="8c84fa94-04c1-424b-9868-57a2d4851a1d" relativeResultsDirectory="7e7294db-4a49-43f9-ae1f-7a6e1190e2db" />
    <UnitTestResult executionId="4794cb3f-b2bf-4139-a2e9-96e45587e500" testId="4f297306-d4f3-8d63-e7f4-1ac0b8c58c74" testName="BL.Tests.CheckPermissionsServiceTests.AuthorizedHasNoAccessToAdminSkiPatrolFunctions(functionName: &quot;GetLiftsSlopesInfoAsync&quot;)" computerName="DESKTOP-TJ9D65N" duration="00:00:00.0017336" startTime="2022-11-03T11:11:46.6570876+03:00" endTime="2022-11-03T11:11:46.6570877+03:00" testType="13cdc9d9-ddb5-4fa4-a97d-d965ccfc6d4b" outcome="Passed" testListId="8c84fa94-04c1-424b-9868-57a2d4851a1d" relativeResultsDirectory="4794cb3f-b2bf-4139-a2e9-96e45587e500" />
    <UnitTestResult executionId="7167fd53-9f1f-40d1-acb3-be436848bb24" testId="bc4fc938-ae29-8ac4-19ef-6169a4c67944" testName="BL.Tests.SlopesServiceTest.TestAdminAddSlopeAsync(userID: 126, slope: Slope { SlopeID = 80, SlopeName = slopeNameb5bb2d62-696c-4840-acc4-18508ebbdd9e, IsOpen = True, DifficultyLevel = 193, ConnectedLifts =  }, checkPermissionServiceMock: Mock&lt;ICheckPermissionService:11&gt;, slopesRepositoryStub: Mock&lt;ISlopesRepository:9&gt;, sut: SlopesService { })" computerName="DESKTOP-TJ9D65N" duration="00:00:00.0055990" startTime="2022-11-03T11:11:46.4968642+03:00" endTime="2022-11-03T11:11:46.4968643+03:00" testType="13cdc9d9-ddb5-4fa4-a97d-d965ccfc6d4b" outcome="Passed" testListId="8c84fa94-04c1-424b-9868-57a2d4851a1d" relativeResultsDirectory="7167fd53-9f1f-40d1-acb3-be436848bb24" />
    <UnitTestResult executionId="1f7f1b93-6354-46ee-b321-e3e34cf6d80d" testId="b19770a1-4ddd-f698-14e7-7d9f6cff6278" testName="BL.Tests.SlopesServiceTest.TestGetSlopeInfoAsync(userID: 216, slope: Slope { SlopeID = 39, SlopeName = slopeNameb6fa3d61-ecaf-4a1b-a4fe-f944ce2dab6f, IsOpen = True, DifficultyLevel = 163, ConnectedLifts =  }, checkPermissionServiceMock: Mock&lt;ICheckPermissionService:6&gt;, slopesRepositoryStub: Mock&lt;ISlopesRepository:4&gt;, liftsSlopesRepositoryStub: Mock&lt;ILiftsSlopesRepository:9&gt;, sut: SlopesService { })" computerName="DESKTOP-TJ9D65N" duration="00:00:00.0099108" startTime="2022-11-03T11:11:46.4982635+03:00" endTime="2022-11-03T11:11:46.4982636+03:00" testType="13cdc9d9-ddb5-4fa4-a97d-d965ccfc6d4b" outcome="Passed" testListId="8c84fa94-04c1-424b-9868-57a2d4851a1d" relativeResultsDirectory="1f7f1b93-6354-46ee-b321-e3e34cf6d80d" />
    <UnitTestResult executionId="d38d8459-d650-4d28-ba4b-fd2c7ec6d84c" testId="894941c1-bfa7-d8f9-c047-1e1ceefe2c2f" testName="BL.Tests.UsersServiceTests.TestRegisterUserWithRepeatedEmail" computerName="DESKTOP-TJ9D65N" duration="00:00:00.0091080" startTime="2022-11-03T11:11:46.4985252+03:00" endTime="2022-11-03T11:11:46.4985253+03:00" testType="13cdc9d9-ddb5-4fa4-a97d-d965ccfc6d4b" outcome="Passed" testListId="8c84fa94-04c1-424b-9868-57a2d4851a1d" relativeResultsDirectory="d38d8459-d650-4d28-ba4b-fd2c7ec6d84c" />
    <UnitTestResult executionId="33f89b4e-8f5f-4da7-9641-519822a11426" testId="e2d7e5be-3dae-33ae-fb17-c704b6fd58d6" testName="BL.Tests.CheckPermissionsServiceTests.UnauthorizedHasNoAccessToAdminFunctions" computerName="DESKTOP-TJ9D65N" duration="00:00:00.0021559" startTime="2022-11-03T11:11:46.6862144+03:00" endTime="2022-11-03T11:11:46.6862144+03:00" testType="13cdc9d9-ddb5-4fa4-a97d-d965ccfc6d4b" outcome="Passed" testListId="8c84fa94-04c1-424b-9868-57a2d4851a1d" relativeResultsDirectory="33f89b4e-8f5f-4da7-9641-519822a11426" />
    <UnitTestResult executionId="e2be4dda-65b4-40fb-b42d-3c0536812c09" testId="60bd668f-04df-da5e-b79b-5d9aedb5234d" testName="BL.Tests.CheckPermissionsServiceTests.SkiPatrolHasAccessToAdminSkiPatrolFunctions(functionName: &quot;MarkMessageReadByUserAsync&quot;)" computerName="DESKTOP-TJ9D65N" duration="00:00:00.0016666" startTime="2022-11-03T11:11:46.5635373+03:00" endTime="2022-11-03T11:11:46.5635374+03:00" testType="13cdc9d9-ddb5-4fa4-a97d-d965ccfc6d4b" outcome="Passed" testListId="8c84fa94-04c1-424b-9868-57a2d4851a1d" relativeResultsDirectory="e2be4dda-65b4-40fb-b42d-3c0536812c09" />
    <UnitTestResult executionId="18c1b7fb-7531-4ae0-9a8d-47486250698c" testId="e43563fc-40a0-b24d-1510-1905860778ce" testName="BL.Tests.LiftsServiceTest.TestAdminDeleteLiftAsync(userID: 110, lift: Lift { LiftID = 254, LiftName = liftName3ebc63e8-407b-4f77-991b-4df361151c39, IsOpen = True, SeatsAmount = 215, LiftingTime = 243, QueueTime = 172, ConnectedSlopes =  }, checkPermissionServiceMock: Mock&lt;ICheckPermissionService:4&gt;, liftsRepositoryStub: Mock&lt;ILiftsRepository:4&gt;, liftsSlopesRepositoryStub: Mock&lt;ILiftsSlopesRepository:4&gt;, sut: LiftsService { })" computerName="DESKTOP-TJ9D65N" duration="00:00:00.0261231" startTime="2022-11-03T11:11:46.5765455+03:00" endTime="2022-11-03T11:11:46.5765456+03:00" testType="13cdc9d9-ddb5-4fa4-a97d-d965ccfc6d4b" outcome="Passed" testListId="8c84fa94-04c1-424b-9868-57a2d4851a1d" relativeResultsDirectory="18c1b7fb-7531-4ae0-9a8d-47486250698c" />
    <UnitTestResult executionId="99f27daa-7c5c-4ed4-83f9-ac3e2d3b208e" testId="06d0bc3a-24a0-fb7f-4277-e9ae6d21c7dd" testName="BL.Tests.UsersServiceTests.TestAdminUpdateUser" computerName="DESKTOP-TJ9D65N" duration="00:00:00.0082374" startTime="2022-11-03T11:11:46.5162330+03:00" endTime="2022-11-03T11:11:46.5162331+03:00" testType="13cdc9d9-ddb5-4fa4-a97d-d965ccfc6d4b" outcome="Passed" testListId="8c84fa94-04c1-424b-9868-57a2d4851a1d" relativeResultsDirectory="99f27daa-7c5c-4ed4-83f9-ac3e2d3b208e" />
    <UnitTestResult executionId="8f2c5b7a-88e6-40b4-8c04-33bcc4d0ea87" testId="18fa8c62-e27d-e1fc-8182-4d7db62b008d" testName="BL.Tests.UsersServiceTests.TestAdminDeleteUser" computerName="DESKTOP-TJ9D65N" duration="00:00:00.0034096" startTime="2022-11-03T11:11:46.6531294+03:00" endTime="2022-11-03T11:11:46.6531295+03:00" testType="13cdc9d9-ddb5-4fa4-a97d-d965ccfc6d4b" outcome="Passed" testListId="8c84fa94-04c1-424b-9868-57a2d4851a1d" relativeResultsDirectory="8f2c5b7a-88e6-40b4-8c04-33bcc4d0ea87" />
    <UnitTestResult executionId="c5fd90be-650b-4cbe-8bc7-1727b1c068ad" testId="1ca07ad8-f799-c5d4-e7cc-34fd950198a2" testName="BL.Tests.UsersServiceTests.TestLogInOk" computerName="DESKTOP-TJ9D65N" duration="00:00:00.0050553" startTime="2022-11-03T11:11:46.5598365+03:00" endTime="2022-11-03T11:11:46.5598366+03:00" testType="13cdc9d9-ddb5-4fa4-a97d-d965ccfc6d4b" outcome="Passed" testListId="8c84fa94-04c1-424b-9868-57a2d4851a1d" relativeResultsDirectory="c5fd90be-650b-4cbe-8bc7-1727b1c068ad" />
    <UnitTestResult executionId="8ba2c09d-71da-40b2-8b76-f6bcc84355fd" testId="f71a2056-e347-5791-8b7b-76f2145f8f43" testName="BL.Tests.LiftsServiceTest.TestUpdateLiftInfoAsync(userID: 21, lift: Lift { LiftID = 120, LiftName = liftName59e9bc87-1146-49e2-90eb-7f13d3f835d7, IsOpen = True, SeatsAmount = 72, LiftingTime = 22, QueueTime = 168, ConnectedSlopes =  }, checkPermissionServiceMock: Mock&lt;ICheckPermissionService:3&gt;, liftsRepositoryStub: Mock&lt;ILiftsRepository:3&gt;, sut: LiftsService { })" computerName="DESKTOP-TJ9D65N" duration="00:00:00.0442335" startTime="2022-11-03T11:11:46.3867174+03:00" endTime="2022-11-03T11:11:46.3867174+03:00" testType="13cdc9d9-ddb5-4fa4-a97d-d965ccfc6d4b" outcome="Passed" testListId="8c84fa94-04c1-424b-9868-57a2d4851a1d" relativeResultsDirectory="8ba2c09d-71da-40b2-8b76-f6bcc84355fd" />
    <UnitTestResult executionId="4d13b364-1e25-496a-b2b9-502b772e11e1" testId="96c373e1-86b2-186f-4f9a-b30f42599b74" testName="BL.Tests.LiftsServiceTest.TestGetLiftInfoAsync(userID: 127, lift: Lift { LiftID = 59, LiftName = liftNamec8dc78cb-8073-49fb-b34c-e13099a8c5f3, IsOpen = True, SeatsAmount = 58, LiftingTime = 124, QueueTime = 34, ConnectedSlopes =  }, checkPermissionServiceMock: Mock&lt;ICheckPermissionService:1&gt;, liftsRepositoryStub: Mock&lt;ILiftsRepository:1&gt;, liftsSlopesRepositoryStub: Mock&lt;ILiftsSlopesRepository:1&gt;, sut: LiftsService { })" computerName="DESKTOP-TJ9D65N" duration="00:00:00.0208110" startTime="2022-11-03T11:11:46.5156483+03:00" endTime="2022-11-03T11:11:46.5156484+03:00" testType="13cdc9d9-ddb5-4fa4-a97d-d965ccfc6d4b" outcome="Failed" testListId="8c84fa94-04c1-424b-9868-57a2d4851a1d" relativeResultsDirectory="4d13b364-1e25-496a-b2b9-502b772e11e1">
      <Output>
        <ErrorInfo>
          <Message>Assert.NotEqual() Failure
Expected: Not Lift { LiftID = 59, LiftName = liftNamec8dc78cb-8073-49fb-b34c-e13099a8c5f3, IsOpen = True, SeatsAmount = 58, LiftingTime = 124, QueueTime = 34, ConnectedSlopes =  }
Actual:   Lift { LiftID = 59, LiftName = liftNamec8dc78cb-8073-49fb-b34c-e13099a8c5f3, IsOpen = True, SeatsAmount = 58, LiftingTime = 124, QueueTime = 34, ConnectedSlopes =  }</Message>
          <StackTrace>   at BL.Tests.LiftsServiceTest.TestGetLiftInfoAsync(UInt32 userID, Lift lift, Mock`1 checkPermissionServiceMock, Mock`1 liftsRepositoryStub, Mock`1 liftsSlopesRepositoryStub, LiftsService sut) in /mnt/c/Users/alena/Desktop/7_sem/testing_and_debugging/SkiResort/BL.Tests/LiftsServiceTest.cs:line 42
   at System.Threading.Tasks.Task.&lt;&gt;c.&lt;ThrowAsync&gt;b__128_0(Object state)</StackTrace>
        </ErrorInfo>
      </Output>
    </UnitTestResult>
    <UnitTestResult executionId="645a8249-b9af-4b66-bf05-55e0b60c0e83" testId="229812f5-9a73-5335-11f5-31330d1348a5" testName="BL.Tests.CheckPermissionsServiceTests.UnauthorizedHasNoAccessToAdminSkiPatrolFunctions(functionName: &quot;GetMessagesAsync&quot;)" computerName="DESKTOP-TJ9D65N" duration="00:00:00.0024465" startTime="2022-11-03T11:11:46.4970046+03:00" endTime="2022-11-03T11:11:46.4970047+03:00" testType="13cdc9d9-ddb5-4fa4-a97d-d965ccfc6d4b" outcome="Passed" testListId="8c84fa94-04c1-424b-9868-57a2d4851a1d" relativeResultsDirectory="645a8249-b9af-4b66-bf05-55e0b60c0e83" />
    <UnitTestResult executionId="898feded-e451-44c0-a6ee-9bddf746ffe9" testId="7dcc7b9e-1824-b8b9-4796-c71905320550" testName="BL.Tests.LiftsServiceTest.TestGetLiftsInfoAsync(userID: 131, initialLifts: [Lift { LiftID = 29, LiftName = liftName8647a52f-3d60-4d27-b393-1d132bfa8195, IsOpen = True, SeatsAmount = 125, LiftingTime = 91, QueueTime = 181, ConnectedSlopes =  }, Lift { LiftID = 60, LiftName = liftNamec0268b53-8660-46ca-82a7-dde7cb9c2176, IsOpen = False, SeatsAmount = 7, LiftingTime = 53, QueueTime = 87, ConnectedSlopes =  }, Lift { LiftID = 113, LiftName = liftNamec9fef176-4ea0-44ab-b161-4687f16265bf, IsOpen = True, SeatsAmount = 110, LiftingTime = 140, QueueTime = 163, ConnectedSlopes =  }], checkPermissionServiceMock: Mock&lt;ICheckPermissionService:2&gt;, liftsRepositoryStub: Mock&lt;ILiftsRepository:2&gt;, liftsSlopesRepositoryStub: Mock&lt;ILiftsSlopesRepository:2&gt;, sut: LiftsService { })" computerName="DESKTOP-TJ9D65N" duration="00:00:00.0093822" startTime="2022-11-03T11:11:46.6052897+03:00" endTime="2022-11-03T11:11:46.6052898+03:00" testType="13cdc9d9-ddb5-4fa4-a97d-d965ccfc6d4b" outcome="Passed" testListId="8c84fa94-04c1-424b-9868-57a2d4851a1d" relativeResultsDirectory="898feded-e451-44c0-a6ee-9bddf746ffe9" />
    <UnitTestResult executionId="e1f404eb-4fb1-4d1f-b4b4-07b3336f46b6" testId="fa960c5e-f989-2880-784e-8efe538c5231" testName="BL.Tests.CheckPermissionsServiceTests.UnauthorizedHasNoAccessToAuthorizedFunctions(functionName: &quot;LogOutAsync&quot;)" computerName="DESKTOP-TJ9D65N" duration="00:00:00.0016898" startTime="2022-11-03T11:11:46.5201826+03:00" endTime="2022-11-03T11:11:46.5201827+03:00" testType="13cdc9d9-ddb5-4fa4-a97d-d965ccfc6d4b" outcome="Passed" testListId="8c84fa94-04c1-424b-9868-57a2d4851a1d" relativeResultsDirectory="e1f404eb-4fb1-4d1f-b4b4-07b3336f46b6" />
    <UnitTestResult executionId="60aa61ac-eadc-42c2-b24c-0e37c9b92894" testId="59c5a775-0b55-504b-8a46-dd0daf15436e" testName="BL.Tests.LiftsSlopesServiceTests.TestAdminDeleteLiftSlopeAsync(lift: Lift { LiftID = 181, LiftName = liftName0d81e7b0-fc01-45eb-8d8a-f2782ac2c35b, IsOpen = True, SeatsAmount = 29, LiftingTime = 221, QueueTime = 171, ConnectedSlopes =  }, slope: Slope { SlopeID = 90, SlopeName = slopeName963db868-b2b9-4368-b032-e58f3410c6b6, IsOpen = False, DifficultyLevel = 98, ConnectedLifts =  }, slopesRepositoryStub: Mock&lt;ISlopesRepository:2&gt;, liftsRepositoryStub: Mock&lt;ILiftsRepository:7&gt;, liftsSlopesRepositoryStub: Mock&lt;ILiftsSlopesRepository:7&gt;)" computerName="DESKTOP-TJ9D65N" duration="00:00:00.0075991" startTime="2022-11-03T11:11:46.4969004+03:00" endTime="2022-11-03T11:11:46.4969005+03:00" testType="13cdc9d9-ddb5-4fa4-a97d-d965ccfc6d4b" outcome="Passed" testListId="8c84fa94-04c1-424b-9868-57a2d4851a1d" relativeResultsDirectory="60aa61ac-eadc-42c2-b24c-0e37c9b92894" />
    <UnitTestResult executionId="a4d6d507-d0e5-4cdb-b352-793dd73bb7d8" testId="033181ab-7187-e4ad-ebc4-338b4b8bfa84" testName="BL.Tests.TurnstilesServiceTest.TestAdminGetTurnstileAsync(userID: 25, turnstile: Turnstile { TurnstileID = 233, LiftID = 188, IsOpen = True }, checkPermissionServiceMock: Mock&lt;ICheckPermissionService:12&gt;, turnstilesRepositoryStub: Mock&lt;ITurnstilesRepository:6&gt;, sut: TurnstilesService { })" computerName="DESKTOP-TJ9D65N" duration="00:00:00.0089491" startTime="2022-11-03T11:11:46.4969202+03:00" endTime="2022-11-03T11:11:46.4969202+03:00" testType="13cdc9d9-ddb5-4fa4-a97d-d965ccfc6d4b" outcome="Passed" testListId="8c84fa94-04c1-424b-9868-57a2d4851a1d" relativeResultsDirectory="a4d6d507-d0e5-4cdb-b352-793dd73bb7d8" />
    <UnitTestResult executionId="485e026b-ae8d-4f6f-a32a-fad321fdfe27" testId="2602613f-c8e2-a6d9-fcf7-5b27d4a770a6" testName="BL.Tests.CheckPermissionsServiceTests.AuthorizedHasNoAccessToAdminSkiPatrolFunctions(functionName: &quot;GetMessagesAsync&quot;)" computerName="DESKTOP-TJ9D65N" duration="00:00:00.0049930" startTime="2022-11-03T11:11:46.6316382+03:00" endTime="2022-11-03T11:11:46.6316383+03:00" testType="13cdc9d9-ddb5-4fa4-a97d-d965ccfc6d4b" outcome="Passed" testListId="8c84fa94-04c1-424b-9868-57a2d4851a1d" relativeResultsDirectory="485e026b-ae8d-4f6f-a32a-fad321fdfe27" />
    <UnitTestResult executionId="7733481c-1e4a-4e64-aa54-20a48127b599" testId="e5497347-2721-b7a6-0bd4-69a9921f6947" testName="BL.Tests.UsersServiceTests.TestAdminGetUserByIDAsync" computerName="DESKTOP-TJ9D65N" duration="00:00:00.0052655" startTime="2022-11-03T11:11:46.6401848+03:00" endTime="2022-11-03T11:11:46.6401848+03:00" testType="13cdc9d9-ddb5-4fa4-a97d-d965ccfc6d4b" outcome="Passed" testListId="8c84fa94-04c1-424b-9868-57a2d4851a1d" relativeResultsDirectory="7733481c-1e4a-4e64-aa54-20a48127b599" />
    <UnitTestResult executionId="0868f90d-6f62-44a8-8bd1-a2c80e3f5899" testId="a2e59116-cb53-1d70-9cb8-21c286516866" testName="BL.Tests.CheckPermissionsServiceTests.AuthorizedHasNoAccessToAdminFunctions" computerName="DESKTOP-TJ9D65N" duration="00:00:00.0041911" startTime="2022-11-03T11:11:46.5979403+03:00" endTime="2022-11-03T11:11:46.5979404+03:00" testType="13cdc9d9-ddb5-4fa4-a97d-d965ccfc6d4b" outcome="Passed" testListId="8c84fa94-04c1-424b-9868-57a2d4851a1d" relativeResultsDirectory="0868f90d-6f62-44a8-8bd1-a2c80e3f5899" />
    <UnitTestResult executionId="152ca817-5f85-498d-b768-9ed1e7c7f72f" testId="d093cc2e-ddef-a6ff-4de6-9214eda52ec5" testName="BL.Tests.LiftsServiceTest.TestAdminAddAutoIncrementLiftAsync(userID: 213, lift: Lift { LiftID = 159, LiftName = liftName7830d988-1f83-4b2d-9462-042aa253e43d, IsOpen = True, SeatsAmount = 5, LiftingTime = 195, QueueTime = 244, ConnectedSlopes =  }, checkPermissionServiceMock: Mock&lt;ICheckPermissionService:5&gt;, liftsRepositoryStub: Mock&lt;ILiftsRepository:5&gt;, sut: LiftsService { })" computerName="DESKTOP-TJ9D65N" duration="00:00:00.0127228" startTime="2022-11-03T11:11:46.5360750+03:00" endTime="2022-11-03T11:11:46.5360750+03:00" testType="13cdc9d9-ddb5-4fa4-a97d-d965ccfc6d4b" outcome="Passed" testListId="8c84fa94-04c1-424b-9868-57a2d4851a1d" relativeResultsDirectory="152ca817-5f85-498d-b768-9ed1e7c7f72f" />
    <UnitTestResult executionId="2a3559e5-52fa-4abc-8cf5-afa37cd4bc72" testId="0eeef75f-6e38-7893-a8fe-cff3e0a970a7" testName="BL.Tests.UsersServiceTests.TestRegisterOk" computerName="DESKTOP-TJ9D65N" duration="00:00:00.0136927" startTime="2022-11-03T11:11:46.5420722+03:00" endTime="2022-11-03T11:11:46.5420723+03:00" testType="13cdc9d9-ddb5-4fa4-a97d-d965ccfc6d4b" outcome="Passed" testListId="8c84fa94-04c1-424b-9868-57a2d4851a1d" relativeResultsDirectory="2a3559e5-52fa-4abc-8cf5-afa37cd4bc72" />
    <UnitTestResult executionId="3fa4152b-dbcb-426c-806c-891f63aef354" testId="9c7df5e2-1b23-ebea-889f-b78ca86b60ab" testName="BL.Tests.CheckPermissionsServiceTests.AuthorizedHasNoAccessToAdminSkiPatrolFunctions(functionName: &quot;MarkMessageReadByUserAsync&quot;)" computerName="DESKTOP-TJ9D65N" duration="00:00:00.0018088" startTime="2022-11-03T11:11:46.6453050+03:00" endTime="2022-11-03T11:11:46.6453051+03:00" testType="13cdc9d9-ddb5-4fa4-a97d-d965ccfc6d4b" outcome="Passed" testListId="8c84fa94-04c1-424b-9868-57a2d4851a1d" relativeResultsDirectory="3fa4152b-dbcb-426c-806c-891f63aef354" />
    <UnitTestResult executionId="98cd6c79-2db0-40df-b901-27c6069963e3" testId="af52c22f-943c-2fd7-f9c5-a44ce55908e0" testName="BL.Tests.LiftsSlopesServiceTests.TestAdminAddAutoIncrementLiftSlopeAsync(lift: Lift { LiftID = 250, LiftName = liftNamea8bd592e-1b3e-4e25-9a6e-376cdf2f539a, IsOpen = True, SeatsAmount = 18, LiftingTime = 56, QueueTime = 244, ConnectedSlopes =  }, slope: Slope { SlopeID = 41, SlopeName = slopeName1630ce23-cd35-4fdb-bffe-99ceaded6ad2, IsOpen = False, DifficultyLevel = 68, ConnectedLifts =  }, slopesRepositoryStub: Mock&lt;ISlopesRepository:3&gt;, liftsRepositoryStub: Mock&lt;ILiftsRepository:8&gt;, liftsSlopesRepositoryStub: Mock&lt;ILiftsSlopesRepository:8&gt;)" computerName="DESKTOP-TJ9D65N" duration="00:00:00.0100614" startTime="2022-11-03T11:11:46.4983080+03:00" endTime="2022-11-03T11:11:46.4983081+03:00" testType="13cdc9d9-ddb5-4fa4-a97d-d965ccfc6d4b" outcome="Passed" testListId="8c84fa94-04c1-424b-9868-57a2d4851a1d" relativeResultsDirectory="98cd6c79-2db0-40df-b901-27c6069963e3" />
    <UnitTestResult executionId="96780e98-1855-4076-a3bd-23f52380d544" testId="2d706594-f2b3-b3c8-21d4-86c9798c3306" testName="BL.Tests.CheckPermissionsServiceTests.SkiPatrolHasAccessToAdminSkiPatrolFunctions(functionName: &quot;GetLiftsSlopesInfoAsync&quot;)" computerName="DESKTOP-TJ9D65N" duration="00:00:00.0079281" startTime="2022-11-03T11:11:46.5500543+03:00" endTime="2022-11-03T11:11:46.5500544+03:00" testType="13cdc9d9-ddb5-4fa4-a97d-d965ccfc6d4b" outcome="Passed" testListId="8c84fa94-04c1-424b-9868-57a2d4851a1d" relativeResultsDirectory="96780e98-1855-4076-a3bd-23f52380d544" />
    <UnitTestResult executionId="91d1593f-a141-4246-a787-88691f57bcc3" testId="8184bd30-991c-b78d-b4ec-99a485eac0dd" testName="BL.Tests.UsersServiceTests.TestRegisterUserWithNoEmail" computerName="DESKTOP-TJ9D65N" duration="00:00:00.0033069" startTime="2022-11-03T11:11:46.4966292+03:00" endTime="2022-11-03T11:11:46.4966293+03:00" testType="13cdc9d9-ddb5-4fa4-a97d-d965ccfc6d4b" outcome="Passed" testListId="8c84fa94-04c1-424b-9868-57a2d4851a1d" relativeResultsDirectory="91d1593f-a141-4246-a787-88691f57bcc3" />
    <UnitTestResult executionId="d74b588c-4c4d-43b6-957a-5ff4525cc0b7" testId="f3efc418-a8a6-c7b7-9bac-90b33aa8472f" testName="BL.Tests.CheckPermissionsServiceTests.AdminHasAccessToAllFunctions" computerName="DESKTOP-TJ9D65N" duration="00:00:00.0020836" startTime="2022-11-03T11:11:46.7067433+03:00" endTime="2022-11-03T11:11:46.7067434+03:00" testType="13cdc9d9-ddb5-4fa4-a97d-d965ccfc6d4b" outcome="Passed" testListId="8c84fa94-04c1-424b-9868-57a2d4851a1d" relativeResultsDirectory="d74b588c-4c4d-43b6-957a-5ff4525cc0b7" />
    <UnitTestResult executionId="68f22d3e-2f47-47cc-b109-03f41b25ae1b" testId="063661db-f1b0-b432-1a2f-9dfd5d62c2bc" testName="BL.Tests.SlopesServiceTest.TestUpdateSlopeInfoAsync(userID: 158, slope: Slope { SlopeID = 163, SlopeName = slopeNamec4d55a38-9742-4243-81b1-3ade2949cebd, IsOpen = True, DifficultyLevel = 160, ConnectedLifts =  }, checkPermissionServiceMock: Mock&lt;ICheckPermissionService:8&gt;, slopesRepositoryStub: Mock&lt;ISlopesRepository:6&gt;, sut: SlopesService { })" computerName="DESKTOP-TJ9D65N" duration="00:00:00.0435001" startTime="2022-11-03T11:11:46.3866289+03:00" endTime="2022-11-03T11:11:46.3866290+03:00" testType="13cdc9d9-ddb5-4fa4-a97d-d965ccfc6d4b" outcome="Passed" testListId="8c84fa94-04c1-424b-9868-57a2d4851a1d" relativeResultsDirectory="68f22d3e-2f47-47cc-b109-03f41b25ae1b" />
    <UnitTestResult executionId="1427da24-5084-42d0-a239-702e71bede81" testId="834c739b-eca4-b36d-6a66-5a1bd75377b8" testName="BL.Tests.UsersServiceTests.TestAdminAddAutoIncrementUser" computerName="DESKTOP-TJ9D65N" duration="00:00:00.0105942" startTime="2022-11-03T11:11:46.6031921+03:00" endTime="2022-11-03T11:11:46.6031922+03:00" testType="13cdc9d9-ddb5-4fa4-a97d-d965ccfc6d4b" outcome="Passed" testListId="8c84fa94-04c1-424b-9868-57a2d4851a1d" relativeResultsDirectory="1427da24-5084-42d0-a239-702e71bede81" />
    <UnitTestResult executionId="09c2c3e2-3950-402e-bded-6a2188a62b3e" testId="69340bb6-3645-f9dd-971e-29d8b2a009bb" testName="BL.Tests.UsersServiceTests.TestLogInWithWrongPassword" computerName="DESKTOP-TJ9D65N" duration="00:00:00.0030404" startTime="2022-11-03T11:11:46.5732892+03:00" endTime="2022-11-03T11:11:46.5732893+03:00" testType="13cdc9d9-ddb5-4fa4-a97d-d965ccfc6d4b" outcome="Passed" testListId="8c84fa94-04c1-424b-9868-57a2d4851a1d" relativeResultsDirectory="09c2c3e2-3950-402e-bded-6a2188a62b3e" />
    <UnitTestResult executionId="84980d91-36e9-44bc-9777-b9fd84adb5c6" testId="eaabd2fc-2f4b-5689-59c8-c7ad34a8f634" testName="BL.Tests.CheckPermissionsServiceTests.UnauthorizedHasNoAccessToAuthorizedFunctions(functionName: &quot;SendMessageAsync&quot;)" computerName="DESKTOP-TJ9D65N" duration="00:00:00.0076552" startTime="2022-11-03T11:11:46.5159512+03:00" endTime="2022-11-03T11:11:46.5159513+03:00" testType="13cdc9d9-ddb5-4fa4-a97d-d965ccfc6d4b" outcome="Passed" testListId="8c84fa94-04c1-424b-9868-57a2d4851a1d" relativeResultsDirectory="84980d91-36e9-44bc-9777-b9fd84adb5c6" />
    <UnitTestResult executionId="c7db6fbe-e3b8-4a2d-a719-16bec2239288" testId="f1930285-3454-c436-72d1-9f0f1b0232bd" testName="BL.Tests.TurnstilesServiceTest.TestAdminAddAutoIncrementTurnstileAsync(userID: 80, turnstile: Turnstile { TurnstileID = 215, LiftID = 197, IsOpen = True }, checkPermissionServiceMock: Mock&lt;ICheckPermissionService:16&gt;, turnstilesRepositoryStub: Mock&lt;ITurnstilesRepository:10&gt;, sut: TurnstilesService { })" computerName="DESKTOP-TJ9D65N" duration="00:00:00.0450619" startTime="2022-11-03T11:11:46.3867077+03:00" endTime="2022-11-03T11:11:46.3867077+03:00" testType="13cdc9d9-ddb5-4fa4-a97d-d965ccfc6d4b" outcome="Passed" testListId="8c84fa94-04c1-424b-9868-57a2d4851a1d" relativeResultsDirectory="c7db6fbe-e3b8-4a2d-a719-16bec2239288" />
    <UnitTestResult executionId="c1185ff9-fe4b-4d96-ace8-b779e63cdd17" testId="89a73775-537c-f165-9a44-32df0d653eb8" testName="BL.Tests.TurnstilesServiceTest.TestAdminUpdateTurnstileAsync(userID: 97, turnstile: Turnstile { TurnstileID = 183, LiftID = 203, IsOpen = True }, checkPermissionServiceMock: Mock&lt;ICheckPermissionService:14&gt;, turnstilesRepositoryStub: Mock&lt;ITurnstilesRepository:8&gt;, sut: TurnstilesService { })" computerName="DESKTOP-TJ9D65N" duration="00:00:00.0080703" startTime="2022-11-03T11:11:46.5441810+03:00" endTime="2022-11-03T11:11:46.5441811+03:00" testType="13cdc9d9-ddb5-4fa4-a97d-d965ccfc6d4b" outcome="Passed" testListId="8c84fa94-04c1-424b-9868-57a2d4851a1d" relativeResultsDirectory="c1185ff9-fe4b-4d96-ace8-b779e63cdd17" />
    <UnitTestResult executionId="140849c7-daa6-4c83-b3ce-a9f7d4bc5718" testId="6e4b1fbe-0c01-f310-f273-aa8b9bd517f6" testName="BL.Tests.TurnstilesServiceTest.TestAdminGetTurnstilesAsync(userID: 29, initialTurnstiles: [Turnstile { TurnstileID = 74, LiftID = 252, IsOpen = True }, Turnstile { TurnstileID = 153, LiftID = 202, IsOpen = False }, Turnstile { TurnstileID = 235, LiftID = 170, IsOpen = True }], checkPermissionServiceMock: Mock&lt;ICheckPermissionService:13&gt;, turnstilesRepositoryStub: Mock&lt;ITurnstilesRepository:7&gt;, sut: TurnstilesService { })" computerName="DESKTOP-TJ9D65N" duration="00:00:00.0117644" startTime="2022-11-03T11:11:46.4985755+03:00" endTime="2022-11-03T11:11:46.4985756+03:00" testType="13cdc9d9-ddb5-4fa4-a97d-d965ccfc6d4b" outcome="Passed" testListId="8c84fa94-04c1-424b-9868-57a2d4851a1d" relativeResultsDirectory="140849c7-daa6-4c83-b3ce-a9f7d4bc5718" />
  </Results>
  <TestDefinitions>
    <UnitTest name="BL.Tests.LiftsSlopesServiceTests.TestAdminDeleteLiftSlopeAsync(lift: Lift { LiftID = 181, LiftName = liftName0d81e7b0-fc01-45eb-8d8a-f2782ac2c35b, IsOpen = True, SeatsAmount = 29, LiftingTime = 221, QueueTime = 171, ConnectedSlopes =  }, slope: Slope { SlopeID = 90, SlopeName = slopeName963db868-b2b9-4368-b032-e58f3410c6b6, IsOpen = False, DifficultyLevel = 98, ConnectedLifts =  }, slopesRepositoryStub: Mock&lt;ISlopesRepository:2&gt;, liftsRepos..." storage="/mnt/c/users/alena/desktop/7_sem/testing_and_debugging/skiresort/bl.tests/bin/debug/net6.0/bl.tests.dll" id="59c5a775-0b55-504b-8a46-dd0daf15436e">
      <Execution id="60aa61ac-eadc-42c2-b24c-0e37c9b92894" />
      <TestMethod codeBase="/mnt/c/Users/alena/Desktop/7_sem/testing_and_debugging/SkiResort/BL.Tests/bin/Debug/net6.0/BL.Tests.dll" adapterTypeName="executor://xunit/VsTestRunner2/netcoreapp" className="BL.Tests.LiftsSlopesServiceTests" name="TestAdminDeleteLiftSlopeAsync" />
    </UnitTest>
    <UnitTest name="BL.Tests.CheckPermissionsServiceTests.AuthorizedHasNoAccessToAdminSkiPatrolFunctions(functionName: &quot;MarkMessageReadByUserAsync&quot;)" storage="/mnt/c/users/alena/desktop/7_sem/testing_and_debugging/skiresort/bl.tests/bin/debug/net6.0/bl.tests.dll" id="9c7df5e2-1b23-ebea-889f-b78ca86b60ab">
      <Execution id="3fa4152b-dbcb-426c-806c-891f63aef354" />
      <TestMethod codeBase="/mnt/c/Users/alena/Desktop/7_sem/testing_and_debugging/SkiResort/BL.Tests/bin/Debug/net6.0/BL.Tests.dll" adapterTypeName="executor://xunit/VsTestRunner2/netcoreapp" className="BL.Tests.CheckPermissionsServiceTests" name="AuthorizedHasNoAccessToAdminSkiPatrolFunctions" />
    </UnitTest>
    <UnitTest name="BL.Tests.CheckPermissionsServiceTests.UnauthorizedHasNoAccessToAdminSkiPatrolFunctions(functionName: &quot;MarkMessageReadByUserAsync&quot;)" storage="/mnt/c/users/alena/desktop/7_sem/testing_and_debugging/skiresort/bl.tests/bin/debug/net6.0/bl.tests.dll" id="a19a5fcf-c5d2-7d44-5d7d-84403042f4e0">
      <Execution id="0f6efbfb-7dee-451c-9696-be18df626478" />
      <TestMethod codeBase="/mnt/c/Users/alena/Desktop/7_sem/testing_and_debugging/SkiResort/BL.Tests/bin/Debug/net6.0/BL.Tests.dll" adapterTypeName="executor://xunit/VsTestRunner2/netcoreapp" className="BL.Tests.CheckPermissionsServiceTests" name="UnauthorizedHasNoAccessToAdminSkiPatrolFunctions" />
    </UnitTest>
    <UnitTest name="BL.Tests.CheckPermissionsServiceTests.AuthorizedHasNoAccessToAdminSkiPatrolFunctions(functionName: &quot;GetMessagesAsync&quot;)" storage="/mnt/c/users/alena/desktop/7_sem/testing_and_debugging/skiresort/bl.tests/bin/debug/net6.0/bl.tests.dll" id="2602613f-c8e2-a6d9-fcf7-5b27d4a770a6">
      <Execution id="485e026b-ae8d-4f6f-a32a-fad321fdfe27" />
      <TestMethod codeBase="/mnt/c/Users/alena/Desktop/7_sem/testing_and_debugging/SkiResort/BL.Tests/bin/Debug/net6.0/BL.Tests.dll" adapterTypeName="executor://xunit/VsTestRunner2/netcoreapp" className="BL.Tests.CheckPermissionsServiceTests" name="AuthorizedHasNoAccessToAdminSkiPatrolFunctions" />
    </UnitTest>
    <UnitTest name="BL.Tests.CheckPermissionsServiceTests.AuthorizedHasNoAccessToAdminFunctions" storage="/mnt/c/users/alena/desktop/7_sem/testing_and_debugging/skiresort/bl.tests/bin/debug/net6.0/bl.tests.dll" id="a2e59116-cb53-1d70-9cb8-21c286516866">
      <Execution id="0868f90d-6f62-44a8-8bd1-a2c80e3f5899" />
      <TestMethod codeBase="/mnt/c/Users/alena/Desktop/7_sem/testing_and_debugging/SkiResort/BL.Tests/bin/Debug/net6.0/BL.Tests.dll" adapterTypeName="executor://xunit/VsTestRunner2/netcoreapp" className="BL.Tests.CheckPermissionsServiceTests" name="AuthorizedHasNoAccessToAdminFunctions" />
    </UnitTest>
    <UnitTest name="BL.Tests.CheckPermissionsServiceTests.SkiPatrolHasAccessToAdminSkiPatrolFunctions(functionName: &quot;GetMessagesAsync&quot;)" storage="/mnt/c/users/alena/desktop/7_sem/testing_and_debugging/skiresort/bl.tests/bin/debug/net6.0/bl.tests.dll" id="c36970dc-93f7-753e-fa47-157133b01644">
      <Execution id="975ef187-7e2b-4804-b955-f8daec94f8bc" />
      <TestMethod codeBase="/mnt/c/Users/alena/Desktop/7_sem/testing_and_debugging/SkiResort/BL.Tests/bin/Debug/net6.0/BL.Tests.dll" adapterTypeName="executor://xunit/VsTestRunner2/netcoreapp" className="BL.Tests.CheckPermissionsServiceTests" name="SkiPatrolHasAccessToAdminSkiPatrolFunctions" />
    </UnitTest>
    <UnitTest name="BL.Tests.CheckPermissionsServiceTests.AdminHasAccessToAllFunctions" storage="/mnt/c/users/alena/desktop/7_sem/testing_and_debugging/skiresort/bl.tests/bin/debug/net6.0/bl.tests.dll" id="f3efc418-a8a6-c7b7-9bac-90b33aa8472f">
      <Execution id="d74b588c-4c4d-43b6-957a-5ff4525cc0b7" />
      <TestMethod codeBase="/mnt/c/Users/alena/Desktop/7_sem/testing_and_debugging/SkiResort/BL.Tests/bin/Debug/net6.0/BL.Tests.dll" adapterTypeName="executor://xunit/VsTestRunner2/netcoreapp" className="BL.Tests.CheckPermissionsServiceTests" name="AdminHasAccessToAllFunctions" />
    </UnitTest>
    <UnitTest name="BL.Tests.UsersServiceTests.TestRegisterUserWithNoPassword" storage="/mnt/c/users/alena/desktop/7_sem/testing_and_debugging/skiresort/bl.tests/bin/debug/net6.0/bl.tests.dll" id="f44a1b21-8efc-bfac-63b4-d534442def31">
      <Execution id="794383fe-3f1d-4153-96ef-f14ce8638280" />
      <TestMethod codeBase="/mnt/c/Users/alena/Desktop/7_sem/testing_and_debugging/SkiResort/BL.Tests/bin/Debug/net6.0/BL.Tests.dll" adapterTypeName="executor://xunit/VsTestRunner2/netcoreapp" className="BL.Tests.UsersServiceTests" name="TestRegisterUserWithNoPassword" />
    </UnitTest>
    <UnitTest name="BL.Tests.SlopesServiceTest.TestUpdateSlopeInfoAsync(userID: 158, slope: Slope { SlopeID = 163, SlopeName = slopeNamec4d55a38-9742-4243-81b1-3ade2949cebd, IsOpen = True, DifficultyLevel = 160, ConnectedLifts =  }, checkPermissionServiceMock: Mock&lt;ICheckPermissionService:8&gt;, slopesRepositoryStub: Mock&lt;ISlopesRepository:6&gt;, sut: SlopesService { })" storage="/mnt/c/users/alena/desktop/7_sem/testing_and_debugging/skiresort/bl.tests/bin/debug/net6.0/bl.tests.dll" id="063661db-f1b0-b432-1a2f-9dfd5d62c2bc">
      <Execution id="68f22d3e-2f47-47cc-b109-03f41b25ae1b" />
      <TestMethod codeBase="/mnt/c/Users/alena/Desktop/7_sem/testing_and_debugging/SkiResort/BL.Tests/bin/Debug/net6.0/BL.Tests.dll" adapterTypeName="executor://xunit/VsTestRunner2/netcoreapp" className="BL.Tests.SlopesServiceTest" name="TestUpdateSlopeInfoAsync" />
    </UnitTest>
    <UnitTest name="BL.Tests.UsersServiceTests.TestAdminGetUserByIDAsync" storage="/mnt/c/users/alena/desktop/7_sem/testing_and_debugging/skiresort/bl.tests/bin/debug/net6.0/bl.tests.dll" id="e5497347-2721-b7a6-0bd4-69a9921f6947">
      <Execution id="7733481c-1e4a-4e64-aa54-20a48127b599" />
      <TestMethod codeBase="/mnt/c/Users/alena/Desktop/7_sem/testing_and_debugging/SkiResort/BL.Tests/bin/Debug/net6.0/BL.Tests.dll" adapterTypeName="executor://xunit/VsTestRunner2/netcoreapp" className="BL.Tests.UsersServiceTests" name="TestAdminGetUserByIDAsync" />
    </UnitTest>
    <UnitTest name="BL.Tests.TurnstilesServiceTest.TestAdminGetTurnstilesAsync(userID: 29, initialTurnstiles: [Turnstile { TurnstileID = 74, LiftID = 252, IsOpen = True }, Turnstile { TurnstileID = 153, LiftID = 202, IsOpen = False }, Turnstile { TurnstileID = 235, LiftID = 170, IsOpen = True }], checkPermissionServiceMock: Mock&lt;ICheckPermissionService:13&gt;, turnstilesRepositoryStub: Mock&lt;ITurnstilesRepository:7&gt;, sut: TurnstilesService { })" storage="/mnt/c/users/alena/desktop/7_sem/testing_and_debugging/skiresort/bl.tests/bin/debug/net6.0/bl.tests.dll" id="6e4b1fbe-0c01-f310-f273-aa8b9bd517f6">
      <Execution id="140849c7-daa6-4c83-b3ce-a9f7d4bc5718" />
      <TestMethod codeBase="/mnt/c/Users/alena/Desktop/7_sem/testing_and_debugging/SkiResort/BL.Tests/bin/Debug/net6.0/BL.Tests.dll" adapterTypeName="executor://xunit/VsTestRunner2/netcoreapp" className="BL.Tests.TurnstilesServiceTest" name="TestAdminGetTurnstilesAsync" />
    </UnitTest>
    <UnitTest name="BL.Tests.LiftsServiceTest.TestGetLiftInfoAsync(userID: 127, lift: Lift { LiftID = 59, LiftName = liftNamec8dc78cb-8073-49fb-b34c-e13099a8c5f3, IsOpen = True, SeatsAmount = 58, LiftingTime = 124, QueueTime = 34, ConnectedSlopes =  }, checkPermissionServiceMock: Mock&lt;ICheckPermissionService:1&gt;, liftsRepositoryStub: Mock&lt;ILiftsRepository:1&gt;, liftsSlopesRepositoryStub: Mock&lt;ILiftsSlopesRepository:1&gt;, sut: LiftsService { })" storage="/mnt/c/users/alena/desktop/7_sem/testing_and_debugging/skiresort/bl.tests/bin/debug/net6.0/bl.tests.dll" id="96c373e1-86b2-186f-4f9a-b30f42599b74">
      <Execution id="4d13b364-1e25-496a-b2b9-502b772e11e1" />
      <TestMethod codeBase="/mnt/c/Users/alena/Desktop/7_sem/testing_and_debugging/SkiResort/BL.Tests/bin/Debug/net6.0/BL.Tests.dll" adapterTypeName="executor://xunit/VsTestRunner2/netcoreapp" className="BL.Tests.LiftsServiceTest" name="TestGetLiftInfoAsync" />
    </UnitTest>
    <UnitTest name="BL.Tests.SlopesServiceTest.TestAdminAddSlopeAsync(userID: 126, slope: Slope { SlopeID = 80, SlopeName = slopeNameb5bb2d62-696c-4840-acc4-18508ebbdd9e, IsOpen = True, DifficultyLevel = 193, ConnectedLifts =  }, checkPermissionServiceMock: Mock&lt;ICheckPermissionService:11&gt;, slopesRepositoryStub: Mock&lt;ISlopesRepository:9&gt;, sut: SlopesService { })" storage="/mnt/c/users/alena/desktop/7_sem/testing_and_debugging/skiresort/bl.tests/bin/debug/net6.0/bl.tests.dll" id="bc4fc938-ae29-8ac4-19ef-6169a4c67944">
      <Execution id="7167fd53-9f1f-40d1-acb3-be436848bb24" />
      <TestMethod codeBase="/mnt/c/Users/alena/Desktop/7_sem/testing_and_debugging/SkiResort/BL.Tests/bin/Debug/net6.0/BL.Tests.dll" adapterTypeName="executor://xunit/VsTestRunner2/netcoreapp" className="BL.Tests.SlopesServiceTest" name="TestAdminAddSlopeAsync" />
    </UnitTest>
    <UnitTest name="BL.Tests.SlopesServiceTest.TestAdminAddAutoIncrementSlopeAsync(userID: 55, slope: Slope { SlopeID = 219, SlopeName = slopeNamefc8a1c9a-9acb-48cf-9aff-9bb39d6a91cb, IsOpen = True, DifficultyLevel = 212, ConnectedLifts =  }, checkPermissionServiceMock: Mock&lt;ICheckPermissionService:10&gt;, slopesRepositoryStub: Mock&lt;ISlopesRepository:8&gt;, sut: SlopesService { })" storage="/mnt/c/users/alena/desktop/7_sem/testing_and_debugging/skiresort/bl.tests/bin/debug/net6.0/bl.tests.dll" id="f9da490a-4cf9-b4ee-2710-7518b7e3ebd1">
      <Execution id="2cf43141-cbca-4be1-99aa-cd4e63686776" />
      <TestMethod codeBase="/mnt/c/Users/alena/Desktop/7_sem/testing_and_debugging/SkiResort/BL.Tests/bin/Debug/net6.0/BL.Tests.dll" adapterTypeName="executor://xunit/VsTestRunner2/netcoreapp" className="BL.Tests.SlopesServiceTest" name="TestAdminAddAutoIncrementSlopeAsync" />
    </UnitTest>
    <UnitTest name="BL.Tests.UsersServiceTests.TestAdminAddAutoIncrementUser" storage="/mnt/c/users/alena/desktop/7_sem/testing_and_debugging/skiresort/bl.tests/bin/debug/net6.0/bl.tests.dll" id="834c739b-eca4-b36d-6a66-5a1bd75377b8">
      <Execution id="1427da24-5084-42d0-a239-702e71bede81" />
      <TestMethod codeBase="/mnt/c/Users/alena/Desktop/7_sem/testing_and_debugging/SkiResort/BL.Tests/bin/Debug/net6.0/BL.Tests.dll" adapterTypeName="executor://xunit/VsTestRunner2/netcoreapp" className="BL.Tests.UsersServiceTests" name="TestAdminAddAutoIncrementUser" />
    </UnitTest>
    <UnitTest name="BL.Tests.CheckPermissionsServiceTests.UnauthorizedHasNoAccessToAdminSkiPatrolFunctions(functionName: &quot;GetLiftsSlopesInfoAsync&quot;)" storage="/mnt/c/users/alena/desktop/7_sem/testing_and_debugging/skiresort/bl.tests/bin/debug/net6.0/bl.tests.dll" id="387c9729-48c1-486e-5e67-f5d11a9f0db8">
      <Execution id="742d6abd-0621-4335-8c8b-e1eeeb8b0d1d" />
      <TestMethod codeBase="/mnt/c/Users/alena/Desktop/7_sem/testing_and_debugging/SkiResort/BL.Tests/bin/Debug/net6.0/BL.Tests.dll" adapterTypeName="executor://xunit/VsTestRunner2/netcoreapp" className="BL.Tests.CheckPermissionsServiceTests" name="UnauthorizedHasNoAccessToAdminSkiPatrolFunctions" />
    </UnitTest>
    <UnitTest name="BL.Tests.TurnstilesServiceTest.TestAdminAddAutoIncrementTurnstileAsync(userID: 80, turnstile: Turnstile { TurnstileID = 215, LiftID = 197, IsOpen = True }, checkPermissionServiceMock: Mock&lt;ICheckPermissionService:16&gt;, turnstilesRepositoryStub: Mock&lt;ITurnstilesRepository:10&gt;, sut: TurnstilesService { })" storage="/mnt/c/users/alena/desktop/7_sem/testing_and_debugging/skiresort/bl.tests/bin/debug/net6.0/bl.tests.dll" id="f1930285-3454-c436-72d1-9f0f1b0232bd">
      <Execution id="c7db6fbe-e3b8-4a2d-a719-16bec2239288" />
      <TestMethod codeBase="/mnt/c/Users/alena/Desktop/7_sem/testing_and_debugging/SkiResort/BL.Tests/bin/Debug/net6.0/BL.Tests.dll" adapterTypeName="executor://xunit/VsTestRunner2/netcoreapp" className="BL.Tests.TurnstilesServiceTest" name="TestAdminAddAutoIncrementTurnstileAsync" />
    </UnitTest>
    <UnitTest name="BL.Tests.CheckPermissionsServiceTests.SkiPatrolHasAccessToAdminSkiPatrolFunctions(functionName: &quot;MarkMessageReadByUserAsync&quot;)" storage="/mnt/c/users/alena/desktop/7_sem/testing_and_debugging/skiresort/bl.tests/bin/debug/net6.0/bl.tests.dll" id="60bd668f-04df-da5e-b79b-5d9aedb5234d">
      <Execution id="e2be4dda-65b4-40fb-b42d-3c0536812c09" />
      <TestMethod codeBase="/mnt/c/Users/alena/Desktop/7_sem/testing_and_debugging/SkiResort/BL.Tests/bin/Debug/net6.0/BL.Tests.dll" adapterTypeName="executor://xunit/VsTestRunner2/netcoreapp" className="BL.Tests.CheckPermissionsServiceTests" name="SkiPatrolHasAccessToAdminSkiPatrolFunctions" />
    </UnitTest>
    <UnitTest name="BL.Tests.CheckPermissionsServiceTests.UnauthorizedHasNoAccessToAdminFunctions" storage="/mnt/c/users/alena/desktop/7_sem/testing_and_debugging/skiresort/bl.tests/bin/debug/net6.0/bl.tests.dll" id="e2d7e5be-3dae-33ae-fb17-c704b6fd58d6">
      <Execution id="33f89b4e-8f5f-4da7-9641-519822a11426" />
      <TestMethod codeBase="/mnt/c/Users/alena/Desktop/7_sem/testing_and_debugging/SkiResort/BL.Tests/bin/Debug/net6.0/BL.Tests.dll" adapterTypeName="executor://xunit/VsTestRunner2/netcoreapp" className="BL.Tests.CheckPermissionsServiceTests" name="UnauthorizedHasNoAccessToAdminFunctions" />
    </UnitTest>
    <UnitTest name="BL.Tests.CheckPermissionsServiceTests.SkiPatrolHasAccessToAdminSkiPatrolFunctions(functionName: &quot;GetLiftsSlopesInfoAsync&quot;)" storage="/mnt/c/users/alena/desktop/7_sem/testing_and_debugging/skiresort/bl.tests/bin/debug/net6.0/bl.tests.dll" id="2d706594-f2b3-b3c8-21d4-86c9798c3306">
      <Execution id="96780e98-1855-4076-a3bd-23f52380d544" />
      <TestMethod codeBase="/mnt/c/Users/alena/Desktop/7_sem/testing_and_debugging/SkiResort/BL.Tests/bin/Debug/net6.0/BL.Tests.dll" adapterTypeName="executor://xunit/VsTestRunner2/netcoreapp" className="BL.Tests.CheckPermissionsServiceTests" name="SkiPatrolHasAccessToAdminSkiPatrolFunctions" />
    </UnitTest>
    <UnitTest name="BL.Tests.UsersServiceTests.TestLogInWithWrongPassword" storage="/mnt/c/users/alena/desktop/7_sem/testing_and_debugging/skiresort/bl.tests/bin/debug/net6.0/bl.tests.dll" id="69340bb6-3645-f9dd-971e-29d8b2a009bb">
      <Execution id="09c2c3e2-3950-402e-bded-6a2188a62b3e" />
      <TestMethod codeBase="/mnt/c/Users/alena/Desktop/7_sem/testing_and_debugging/SkiResort/BL.Tests/bin/Debug/net6.0/BL.Tests.dll" adapterTypeName="executor://xunit/VsTestRunner2/netcoreapp" className="BL.Tests.UsersServiceTests" name="TestLogInWithWrongPassword" />
    </UnitTest>
    <UnitTest name="BL.Tests.CheckPermissionsServiceTests.SkiPatrolHasNoAccessToAdminFunctions" storage="/mnt/c/users/alena/desktop/7_sem/testing_and_debugging/skiresort/bl.tests/bin/debug/net6.0/bl.tests.dll" id="492c0393-35b4-df26-a537-21ca08302f3c">
      <Execution id="d8a50b2a-8215-42d9-94ce-6c8e91115929" />
      <TestMethod codeBase="/mnt/c/Users/alena/Desktop/7_sem/testing_and_debugging/SkiResort/BL.Tests/bin/Debug/net6.0/BL.Tests.dll" adapterTypeName="executor://xunit/VsTestRunner2/netcoreapp" className="BL.Tests.CheckPermissionsServiceTests" name="SkiPatrolHasNoAccessToAdminFunctions" />
    </UnitTest>
    <UnitTest name="BL.Tests.UsersServiceTests.TestAdminDeleteUser" storage="/mnt/c/users/alena/desktop/7_sem/testing_and_debugging/skiresort/bl.tests/bin/debug/net6.0/bl.tests.dll" id="18fa8c62-e27d-e1fc-8182-4d7db62b008d">
      <Execution id="8f2c5b7a-88e6-40b4-8c04-33bcc4d0ea87" />
      <TestMethod codeBase="/mnt/c/Users/alena/Desktop/7_sem/testing_and_debugging/SkiResort/BL.Tests/bin/Debug/net6.0/BL.Tests.dll" adapterTypeName="executor://xunit/VsTestRunner2/netcoreapp" className="BL.Tests.UsersServiceTests" name="TestAdminDeleteUser" />
    </UnitTest>
    <UnitTest name="BL.Tests.LiftsServiceTest.TestAdminDeleteLiftAsync(userID: 110, lift: Lift { LiftID = 254, LiftName = liftName3ebc63e8-407b-4f77-991b-4df361151c39, IsOpen = True, SeatsAmount = 215, LiftingTime = 243, QueueTime = 172, ConnectedSlopes =  }, checkPermissionServiceMock: Mock&lt;ICheckPermissionService:4&gt;, liftsRepositoryStub: Mock&lt;ILiftsRepository:4&gt;, liftsSlopesRepositoryStub: Mock&lt;ILiftsSlopesRepository:4&gt;, sut: LiftsService { })" storage="/mnt/c/users/alena/desktop/7_sem/testing_and_debugging/skiresort/bl.tests/bin/debug/net6.0/bl.tests.dll" id="e43563fc-40a0-b24d-1510-1905860778ce">
      <Execution id="18c1b7fb-7531-4ae0-9a8d-47486250698c" />
      <TestMethod codeBase="/mnt/c/Users/alena/Desktop/7_sem/testing_and_debugging/SkiResort/BL.Tests/bin/Debug/net6.0/BL.Tests.dll" adapterTypeName="executor://xunit/VsTestRunner2/netcoreapp" className="BL.Tests.LiftsServiceTest" name="TestAdminDeleteLiftAsync" />
    </UnitTest>
    <UnitTest name="BL.Tests.CheckPermissionsServiceTests.AuthorizedHasAccessToAuthorizedFunctions(functionName: &quot;LogOutAsync&quot;)" storage="/mnt/c/users/alena/desktop/7_sem/testing_and_debugging/skiresort/bl.tests/bin/debug/net6.0/bl.tests.dll" id="aa28a6b3-21d3-aa45-24d3-bef2facbc899">
      <Execution id="036f3006-0d37-464b-9a35-0e887170f0fd" />
      <TestMethod codeBase="/mnt/c/Users/alena/Desktop/7_sem/testing_and_debugging/SkiResort/BL.Tests/bin/Debug/net6.0/BL.Tests.dll" adapterTypeName="executor://xunit/VsTestRunner2/netcoreapp" className="BL.Tests.CheckPermissionsServiceTests" name="AuthorizedHasAccessToAuthorizedFunctions" />
    </UnitTest>
    <UnitTest name="BL.Tests.LiftsSlopesServiceTests.TestAdminAddAutoIncrementLiftSlopeAsync(lift: Lift { LiftID = 250, LiftName = liftNamea8bd592e-1b3e-4e25-9a6e-376cdf2f539a, IsOpen = True, SeatsAmount = 18, LiftingTime = 56, QueueTime = 244, ConnectedSlopes =  }, slope: Slope { SlopeID = 41, SlopeName = slopeName1630ce23-cd35-4fdb-bffe-99ceaded6ad2, IsOpen = False, DifficultyLevel = 68, ConnectedLifts =  }, slopesRepositoryStub: Mock&lt;ISlopesRepository:3&gt;, l..." storage="/mnt/c/users/alena/desktop/7_sem/testing_and_debugging/skiresort/bl.tests/bin/debug/net6.0/bl.tests.dll" id="af52c22f-943c-2fd7-f9c5-a44ce55908e0">
      <Execution id="98cd6c79-2db0-40df-b901-27c6069963e3" />
      <TestMethod codeBase="/mnt/c/Users/alena/Desktop/7_sem/testing_and_debugging/SkiResort/BL.Tests/bin/Debug/net6.0/BL.Tests.dll" adapterTypeName="executor://xunit/VsTestRunner2/netcoreapp" className="BL.Tests.LiftsSlopesServiceTests" name="TestAdminAddAutoIncrementLiftSlopeAsync" />
    </UnitTest>
    <UnitTest name="BL.Tests.UsersServiceTests.TestAdminUpdateUser" storage="/mnt/c/users/alena/desktop/7_sem/testing_and_debugging/skiresort/bl.tests/bin/debug/net6.0/bl.tests.dll" id="06d0bc3a-24a0-fb7f-4277-e9ae6d21c7dd">
      <Execution id="99f27daa-7c5c-4ed4-83f9-ac3e2d3b208e" />
      <TestMethod codeBase="/mnt/c/Users/alena/Desktop/7_sem/testing_and_debugging/SkiResort/BL.Tests/bin/Debug/net6.0/BL.Tests.dll" adapterTypeName="executor://xunit/VsTestRunner2/netcoreapp" className="BL.Tests.UsersServiceTests" name="TestAdminUpdateUser" />
    </UnitTest>
    <UnitTest name="BL.Tests.UsersServiceTests.TestLogInOk" storage="/mnt/c/users/alena/desktop/7_sem/testing_and_debugging/skiresort/bl.tests/bin/debug/net6.0/bl.tests.dll" id="1ca07ad8-f799-c5d4-e7cc-34fd950198a2">
      <Execution id="c5fd90be-650b-4cbe-8bc7-1727b1c068ad" />
      <TestMethod codeBase="/mnt/c/Users/alena/Desktop/7_sem/testing_and_debugging/SkiResort/BL.Tests/bin/Debug/net6.0/BL.Tests.dll" adapterTypeName="executor://xunit/VsTestRunner2/netcoreapp" className="BL.Tests.UsersServiceTests" name="TestLogInOk" />
    </UnitTest>
    <UnitTest name="BL.Tests.UsersServiceTests.TestAdminGetUsers" storage="/mnt/c/users/alena/desktop/7_sem/testing_and_debugging/skiresort/bl.tests/bin/debug/net6.0/bl.tests.dll" id="20ad8570-0170-85de-dcd7-2f109dd7bcd6">
      <Execution id="3d8b3e70-0005-4d47-aa28-12a694b7db05" />
      <TestMethod codeBase="/mnt/c/Users/alena/Desktop/7_sem/testing_and_debugging/SkiResort/BL.Tests/bin/Debug/net6.0/BL.Tests.dll" adapterTypeName="executor://xunit/VsTestRunner2/netcoreapp" className="BL.Tests.UsersServiceTests" name="TestAdminGetUsers" />
    </UnitTest>
    <UnitTest name="BL.Tests.CheckPermissionsServiceTests.UnauthorizedHasNoAccessToAdminSkiPatrolFunctions(functionName: &quot;GetMessagesAsync&quot;)" storage="/mnt/c/users/alena/desktop/7_sem/testing_and_debugging/skiresort/bl.tests/bin/debug/net6.0/bl.tests.dll" id="229812f5-9a73-5335-11f5-31330d1348a5">
      <Execution id="645a8249-b9af-4b66-bf05-55e0b60c0e83" />
      <TestMethod codeBase="/mnt/c/Users/alena/Desktop/7_sem/testing_and_debugging/SkiResort/BL.Tests/bin/Debug/net6.0/BL.Tests.dll" adapterTypeName="executor://xunit/VsTestRunner2/netcoreapp" className="BL.Tests.CheckPermissionsServiceTests" name="UnauthorizedHasNoAccessToAdminSkiPatrolFunctions" />
    </UnitTest>
    <UnitTest name="BL.Tests.SlopesServiceTest.TestAdminDeleteSlopeAsync(userID: 155, slope: Slope { SlopeID = 61, SlopeName = slopeNamec36eca0f-6058-4765-b7a8-1ffdee9d7cc4, IsOpen = True, DifficultyLevel = 45, ConnectedLifts =  }, checkPermissionServiceMock: Mock&lt;ICheckPermissionService:9&gt;, slopesRepositoryStub: Mock&lt;ISlopesRepository:7&gt;, liftsSlopesRepositoryStub: Mock&lt;ILiftsSlopesRepository:12&gt;, sut: SlopesService { })" storage="/mnt/c/users/alena/desktop/7_sem/testing_and_debugging/skiresort/bl.tests/bin/debug/net6.0/bl.tests.dll" id="a0eea47e-5620-1d65-820f-c5348573eabe">
      <Execution id="8d9f1b94-2356-4cf0-8ae7-7a841aa67583" />
      <TestMethod codeBase="/mnt/c/Users/alena/Desktop/7_sem/testing_and_debugging/SkiResort/BL.Tests/bin/Debug/net6.0/BL.Tests.dll" adapterTypeName="executor://xunit/VsTestRunner2/netcoreapp" className="BL.Tests.SlopesServiceTest" name="TestAdminDeleteSlopeAsync" />
    </UnitTest>
    <UnitTest name="BL.Tests.LiftsServiceTest.TestUpdateLiftInfoAsync(userID: 21, lift: Lift { LiftID = 120, LiftName = liftName59e9bc87-1146-49e2-90eb-7f13d3f835d7, IsOpen = True, SeatsAmount = 72, LiftingTime = 22, QueueTime = 168, ConnectedSlopes =  }, checkPermissionServiceMock: Mock&lt;ICheckPermissionService:3&gt;, liftsRepositoryStub: Mock&lt;ILiftsRepository:3&gt;, sut: LiftsService { })" storage="/mnt/c/users/alena/desktop/7_sem/testing_and_debugging/skiresort/bl.tests/bin/debug/net6.0/bl.tests.dll" id="f71a2056-e347-5791-8b7b-76f2145f8f43">
      <Execution id="8ba2c09d-71da-40b2-8b76-f6bcc84355fd" />
      <TestMethod codeBase="/mnt/c/Users/alena/Desktop/7_sem/testing_and_debugging/SkiResort/BL.Tests/bin/Debug/net6.0/BL.Tests.dll" adapterTypeName="executor://xunit/VsTestRunner2/netcoreapp" className="BL.Tests.LiftsServiceTest" name="TestUpdateLiftInfoAsync" />
    </UnitTest>
    <UnitTest name="BL.Tests.TurnstilesServiceTest.TestAdminUpdateTurnstileAsync(userID: 97, turnstile: Turnstile { TurnstileID = 183, LiftID = 203, IsOpen = True }, checkPermissionServiceMock: Mock&lt;ICheckPermissionService:14&gt;, turnstilesRepositoryStub: Mock&lt;ITurnstilesRepository:8&gt;, sut: TurnstilesService { })" storage="/mnt/c/users/alena/desktop/7_sem/testing_and_debugging/skiresort/bl.tests/bin/debug/net6.0/bl.tests.dll" id="89a73775-537c-f165-9a44-32df0d653eb8">
      <Execution id="c1185ff9-fe4b-4d96-ace8-b779e63cdd17" />
      <TestMethod codeBase="/mnt/c/Users/alena/Desktop/7_sem/testing_and_debugging/SkiResort/BL.Tests/bin/Debug/net6.0/BL.Tests.dll" adapterTypeName="executor://xunit/VsTestRunner2/netcoreapp" className="BL.Tests.TurnstilesServiceTest" name="TestAdminUpdateTurnstileAsync" />
    </UnitTest>
    <UnitTest name="BL.Tests.CheckPermissionsServiceTests.AuthorizedHasNoAccessToAdminSkiPatrolFunctions(functionName: &quot;GetLiftsSlopesInfoAsync&quot;)" storage="/mnt/c/users/alena/desktop/7_sem/testing_and_debugging/skiresort/bl.tests/bin/debug/net6.0/bl.tests.dll" id="4f297306-d4f3-8d63-e7f4-1ac0b8c58c74">
      <Execution id="4794cb3f-b2bf-4139-a2e9-96e45587e500" />
      <TestMethod codeBase="/mnt/c/Users/alena/Desktop/7_sem/testing_and_debugging/SkiResort/BL.Tests/bin/Debug/net6.0/BL.Tests.dll" adapterTypeName="executor://xunit/VsTestRunner2/netcoreapp" className="BL.Tests.CheckPermissionsServiceTests" name="AuthorizedHasNoAccessToAdminSkiPatrolFunctions" />
    </UnitTest>
    <UnitTest name="BL.Tests.LiftsSlopesServiceTests.TestGetLiftsSlopesInfoAsync(liftsSlopes: [LiftSlope { RecordID = 96, LiftID = 18, SlopeID = 59 }, LiftSlope { RecordID = 207, LiftID = 243, SlopeID = 107 }, LiftSlope { RecordID = 215, LiftID = 61, SlopeID = 194 }], slopesRepositoryStub: Mock&lt;ISlopesRepository:1&gt;, liftsRepositoryStub: Mock&lt;ILiftsRepository:6&gt;, liftsSlopesRepositoryStub: Mock&lt;ILiftsSlopesRepository:6&gt;)" storage="/mnt/c/users/alena/desktop/7_sem/testing_and_debugging/skiresort/bl.tests/bin/debug/net6.0/bl.tests.dll" id="e429852d-a6ed-7c2a-25fd-cd839b159d56">
      <Execution id="97a09b51-2a9f-45f2-bef4-e43b218feb75" />
      <TestMethod codeBase="/mnt/c/Users/alena/Desktop/7_sem/testing_and_debugging/SkiResort/BL.Tests/bin/Debug/net6.0/BL.Tests.dll" adapterTypeName="executor://xunit/VsTestRunner2/netcoreapp" className="BL.Tests.LiftsSlopesServiceTests" name="TestGetLiftsSlopesInfoAsync" />
    </UnitTest>
    <UnitTest name="BL.Tests.UsersServiceTests.TestRegisterOk" storage="/mnt/c/users/alena/desktop/7_sem/testing_and_debugging/skiresort/bl.tests/bin/debug/net6.0/bl.tests.dll" id="0eeef75f-6e38-7893-a8fe-cff3e0a970a7">
      <Execution id="2a3559e5-52fa-4abc-8cf5-afa37cd4bc72" />
      <TestMethod codeBase="/mnt/c/Users/alena/Desktop/7_sem/testing_and_debugging/SkiResort/BL.Tests/bin/Debug/net6.0/BL.Tests.dll" adapterTypeName="executor://xunit/VsTestRunner2/netcoreapp" className="BL.Tests.UsersServiceTests" name="TestRegisterOk" />
    </UnitTest>
    <UnitTest name="BL.Tests.LiftsServiceTest.TestGetLiftsInfoAsync(userID: 131, initialLifts: [Lift { LiftID = 29, LiftName = liftName8647a52f-3d60-4d27-b393-1d132bfa8195, IsOpen = True, SeatsAmount = 125, LiftingTime = 91, QueueTime = 181, ConnectedSlopes =  }, Lift { LiftID = 60, LiftName = liftNamec0268b53-8660-46ca-82a7-dde7cb9c2176, IsOpen = False, SeatsAmount = 7, LiftingTime = 53, QueueTime = 87, ConnectedSlopes =  }, Lift { LiftID = 113, LiftName = li..." storage="/mnt/c/users/alena/desktop/7_sem/testing_and_debugging/skiresort/bl.tests/bin/debug/net6.0/bl.tests.dll" id="7dcc7b9e-1824-b8b9-4796-c71905320550">
      <Execution id="898feded-e451-44c0-a6ee-9bddf746ffe9" />
      <TestMethod codeBase="/mnt/c/Users/alena/Desktop/7_sem/testing_and_debugging/SkiResort/BL.Tests/bin/Debug/net6.0/BL.Tests.dll" adapterTypeName="executor://xunit/VsTestRunner2/netcoreapp" className="BL.Tests.LiftsServiceTest" name="TestGetLiftsInfoAsync" />
    </UnitTest>
    <UnitTest name="BL.Tests.LiftsServiceTest.TestAdminAddAutoIncrementLiftAsync(userID: 213, lift: Lift { LiftID = 159, LiftName = liftName7830d988-1f83-4b2d-9462-042aa253e43d, IsOpen = True, SeatsAmount = 5, LiftingTime = 195, QueueTime = 244, ConnectedSlopes =  }, checkPermissionServiceMock: Mock&lt;ICheckPermissionService:5&gt;, liftsRepositoryStub: Mock&lt;ILiftsRepository:5&gt;, sut: LiftsService { })" storage="/mnt/c/users/alena/desktop/7_sem/testing_and_debugging/skiresort/bl.tests/bin/debug/net6.0/bl.tests.dll" id="d093cc2e-ddef-a6ff-4de6-9214eda52ec5">
      <Execution id="152ca817-5f85-498d-b768-9ed1e7c7f72f" />
      <TestMethod codeBase="/mnt/c/Users/alena/Desktop/7_sem/testing_and_debugging/SkiResort/BL.Tests/bin/Debug/net6.0/BL.Tests.dll" adapterTypeName="executor://xunit/VsTestRunner2/netcoreapp" className="BL.Tests.LiftsServiceTest" name="TestAdminAddAutoIncrementLiftAsync" />
    </UnitTest>
    <UnitTest name="BL.Tests.CheckPermissionsServiceTests.AuthorizedHasAccessToAuthorizedFunctions(functionName: &quot;SendMessageAsync&quot;)" storage="/mnt/c/users/alena/desktop/7_sem/testing_and_debugging/skiresort/bl.tests/bin/debug/net6.0/bl.tests.dll" id="644ec43e-70cd-c82d-42e7-0d990be1414d">
      <Execution id="7e7294db-4a49-43f9-ae1f-7a6e1190e2db" />
      <TestMethod codeBase="/mnt/c/Users/alena/Desktop/7_sem/testing_and_debugging/SkiResort/BL.Tests/bin/Debug/net6.0/BL.Tests.dll" adapterTypeName="executor://xunit/VsTestRunner2/netcoreapp" className="BL.Tests.CheckPermissionsServiceTests" name="AuthorizedHasAccessToAuthorizedFunctions" />
    </UnitTest>
    <UnitTest name="BL.Tests.CheckPermissionsServiceTests.UnauthorizedHasNoAccessToAuthorizedFunctions(functionName: &quot;LogOutAsync&quot;)" storage="/mnt/c/users/alena/desktop/7_sem/testing_and_debugging/skiresort/bl.tests/bin/debug/net6.0/bl.tests.dll" id="fa960c5e-f989-2880-784e-8efe538c5231">
      <Execution id="e1f404eb-4fb1-4d1f-b4b4-07b3336f46b6" />
      <TestMethod codeBase="/mnt/c/Users/alena/Desktop/7_sem/testing_and_debugging/SkiResort/BL.Tests/bin/Debug/net6.0/BL.Tests.dll" adapterTypeName="executor://xunit/VsTestRunner2/netcoreapp" className="BL.Tests.CheckPermissionsServiceTests" name="UnauthorizedHasNoAccessToAuthorizedFunctions" />
    </UnitTest>
    <UnitTest name="BL.Tests.CheckPermissionsServiceTests.UnauthorizedHasNoAccessToAuthorizedFunctions(functionName: &quot;SendMessageAsync&quot;)" storage="/mnt/c/users/alena/desktop/7_sem/testing_and_debugging/skiresort/bl.tests/bin/debug/net6.0/bl.tests.dll" id="eaabd2fc-2f4b-5689-59c8-c7ad34a8f634">
      <Execution id="84980d91-36e9-44bc-9777-b9fd84adb5c6" />
      <TestMethod codeBase="/mnt/c/Users/alena/Desktop/7_sem/testing_and_debugging/SkiResort/BL.Tests/bin/Debug/net6.0/BL.Tests.dll" adapterTypeName="executor://xunit/VsTestRunner2/netcoreapp" className="BL.Tests.CheckPermissionsServiceTests" name="UnauthorizedHasNoAccessToAuthorizedFunctions" />
    </UnitTest>
    <UnitTest name="BL.Tests.UsersServiceTests.TestRegisterUserWithRepeatedEmail" storage="/mnt/c/users/alena/desktop/7_sem/testing_and_debugging/skiresort/bl.tests/bin/debug/net6.0/bl.tests.dll" id="894941c1-bfa7-d8f9-c047-1e1ceefe2c2f">
      <Execution id="d38d8459-d650-4d28-ba4b-fd2c7ec6d84c" />
      <TestMethod codeBase="/mnt/c/Users/alena/Desktop/7_sem/testing_and_debugging/SkiResort/BL.Tests/bin/Debug/net6.0/BL.Tests.dll" adapterTypeName="executor://xunit/VsTestRunner2/netcoreapp" className="BL.Tests.UsersServiceTests" name="TestRegisterUserWithRepeatedEmail" />
    </UnitTest>
    <UnitTest name="BL.Tests.TurnstilesServiceTest.TestAdminGetTurnstileAsync(userID: 25, turnstile: Turnstile { TurnstileID = 233, LiftID = 188, IsOpen = True }, checkPermissionServiceMock: Mock&lt;ICheckPermissionService:12&gt;, turnstilesRepositoryStub: Mock&lt;ITurnstilesRepository:6&gt;, sut: TurnstilesService { })" storage="/mnt/c/users/alena/desktop/7_sem/testing_and_debugging/skiresort/bl.tests/bin/debug/net6.0/bl.tests.dll" id="033181ab-7187-e4ad-ebc4-338b4b8bfa84">
      <Execution id="a4d6d507-d0e5-4cdb-b352-793dd73bb7d8" />
      <TestMethod codeBase="/mnt/c/Users/alena/Desktop/7_sem/testing_and_debugging/SkiResort/BL.Tests/bin/Debug/net6.0/BL.Tests.dll" adapterTypeName="executor://xunit/VsTestRunner2/netcoreapp" className="BL.Tests.TurnstilesServiceTest" name="TestAdminGetTurnstileAsync" />
    </UnitTest>
    <UnitTest name="BL.Tests.SlopesServiceTest.TestGetSlopeInfoAsync(userID: 216, slope: Slope { SlopeID = 39, SlopeName = slopeNameb6fa3d61-ecaf-4a1b-a4fe-f944ce2dab6f, IsOpen = True, DifficultyLevel = 163, ConnectedLifts =  }, checkPermissionServiceMock: Mock&lt;ICheckPermissionService:6&gt;, slopesRepositoryStub: Mock&lt;ISlopesRepository:4&gt;, liftsSlopesRepositoryStub: Mock&lt;ILiftsSlopesRepository:9&gt;, sut: SlopesService { })" storage="/mnt/c/users/alena/desktop/7_sem/testing_and_debugging/skiresort/bl.tests/bin/debug/net6.0/bl.tests.dll" id="b19770a1-4ddd-f698-14e7-7d9f6cff6278">
      <Execution id="1f7f1b93-6354-46ee-b321-e3e34cf6d80d" />
      <TestMethod codeBase="/mnt/c/Users/alena/Desktop/7_sem/testing_and_debugging/SkiResort/BL.Tests/bin/Debug/net6.0/BL.Tests.dll" adapterTypeName="executor://xunit/VsTestRunner2/netcoreapp" className="BL.Tests.SlopesServiceTest" name="TestGetSlopeInfoAsync" />
    </UnitTest>
    <UnitTest name="BL.Tests.SlopesServiceTest.TestGetSlopesInfoAsync(userID: 56, initialSlopes: [Slope { SlopeID = 39, SlopeName = slopeNamef3de4a7b-a6d7-42fa-9036-7bc4588837ad, IsOpen = True, DifficultyLevel = 60, ConnectedLifts =  }, Slope { SlopeID = 35, SlopeName = slopeName20f58ee3-9c33-4889-8207-6cfad6c6a2a4, IsOpen = False, DifficultyLevel = 196, ConnectedLifts =  }, Slope { SlopeID = 175, SlopeName = slopeName80287139-e86e-47f5-bd51-4b3ed313c245, IsOp..." storage="/mnt/c/users/alena/desktop/7_sem/testing_and_debugging/skiresort/bl.tests/bin/debug/net6.0/bl.tests.dll" id="4246f3f9-20d3-7e8f-2405-3a673c518bae">
      <Execution id="fa8f3271-f4d7-4e40-8538-9858fdf18fde" />
      <TestMethod codeBase="/mnt/c/Users/alena/Desktop/7_sem/testing_and_debugging/SkiResort/BL.Tests/bin/Debug/net6.0/BL.Tests.dll" adapterTypeName="executor://xunit/VsTestRunner2/netcoreapp" className="BL.Tests.SlopesServiceTest" name="TestGetSlopesInfoAsync" />
    </UnitTest>
    <UnitTest name="BL.Tests.UsersServiceTests.TestRegisterUserWithNoEmail" storage="/mnt/c/users/alena/desktop/7_sem/testing_and_debugging/skiresort/bl.tests/bin/debug/net6.0/bl.tests.dll" id="8184bd30-991c-b78d-b4ec-99a485eac0dd">
      <Execution id="91d1593f-a141-4246-a787-88691f57bcc3" />
      <TestMethod codeBase="/mnt/c/Users/alena/Desktop/7_sem/testing_and_debugging/SkiResort/BL.Tests/bin/Debug/net6.0/BL.Tests.dll" adapterTypeName="executor://xunit/VsTestRunner2/netcoreapp" className="BL.Tests.UsersServiceTests" name="TestRegisterUserWithNoEmail" />
    </UnitTest>
    <UnitTest name="BL.Tests.TurnstilesServiceTest.TestAdminDeleteTurnstileAsync(userID: 177, turnstile: Turnstile { TurnstileID = 213, LiftID = 42, IsOpen = True }, checkPermissionServiceMock: Mock&lt;ICheckPermissionService:15&gt;, turnstilesRepositoryStub: Mock&lt;ITurnstilesRepository:9&gt;, sut: TurnstilesService { })" storage="/mnt/c/users/alena/desktop/7_sem/testing_and_debugging/skiresort/bl.tests/bin/debug/net6.0/bl.tests.dll" id="17fc93b7-7a3f-9601-e928-3f1a32aea604">
      <Execution id="db158b32-3b01-4265-a41f-3cf074dc821c" />
      <TestMethod codeBase="/mnt/c/Users/alena/Desktop/7_sem/testing_and_debugging/SkiResort/BL.Tests/bin/Debug/net6.0/BL.Tests.dll" adapterTypeName="executor://xunit/VsTestRunner2/netcoreapp" className="BL.Tests.TurnstilesServiceTest" name="TestAdminDeleteTurnstileAsync" />
    </UnitTest>
  </TestDefinitions>
  <TestEntries>
    <TestEntry testId="a0eea47e-5620-1d65-820f-c5348573eabe" executionId="8d9f1b94-2356-4cf0-8ae7-7a841aa67583" testListId="8c84fa94-04c1-424b-9868-57a2d4851a1d" />
    <TestEntry testId="4246f3f9-20d3-7e8f-2405-3a673c518bae" executionId="fa8f3271-f4d7-4e40-8538-9858fdf18fde" testListId="8c84fa94-04c1-424b-9868-57a2d4851a1d" />
    <TestEntry testId="492c0393-35b4-df26-a537-21ca08302f3c" executionId="d8a50b2a-8215-42d9-94ce-6c8e91115929" testListId="8c84fa94-04c1-424b-9868-57a2d4851a1d" />
    <TestEntry testId="f44a1b21-8efc-bfac-63b4-d534442def31" executionId="794383fe-3f1d-4153-96ef-f14ce8638280" testListId="8c84fa94-04c1-424b-9868-57a2d4851a1d" />
    <TestEntry testId="aa28a6b3-21d3-aa45-24d3-bef2facbc899" executionId="036f3006-0d37-464b-9a35-0e887170f0fd" testListId="8c84fa94-04c1-424b-9868-57a2d4851a1d" />
    <TestEntry testId="c36970dc-93f7-753e-fa47-157133b01644" executionId="975ef187-7e2b-4804-b955-f8daec94f8bc" testListId="8c84fa94-04c1-424b-9868-57a2d4851a1d" />
    <TestEntry testId="20ad8570-0170-85de-dcd7-2f109dd7bcd6" executionId="3d8b3e70-0005-4d47-aa28-12a694b7db05" testListId="8c84fa94-04c1-424b-9868-57a2d4851a1d" />
    <TestEntry testId="f9da490a-4cf9-b4ee-2710-7518b7e3ebd1" executionId="2cf43141-cbca-4be1-99aa-cd4e63686776" testListId="8c84fa94-04c1-424b-9868-57a2d4851a1d" />
    <TestEntry testId="a19a5fcf-c5d2-7d44-5d7d-84403042f4e0" executionId="0f6efbfb-7dee-451c-9696-be18df626478" testListId="8c84fa94-04c1-424b-9868-57a2d4851a1d" />
    <TestEntry testId="387c9729-48c1-486e-5e67-f5d11a9f0db8" executionId="742d6abd-0621-4335-8c8b-e1eeeb8b0d1d" testListId="8c84fa94-04c1-424b-9868-57a2d4851a1d" />
    <TestEntry testId="17fc93b7-7a3f-9601-e928-3f1a32aea604" executionId="db158b32-3b01-4265-a41f-3cf074dc821c" testListId="8c84fa94-04c1-424b-9868-57a2d4851a1d" />
    <TestEntry testId="e429852d-a6ed-7c2a-25fd-cd839b159d56" executionId="97a09b51-2a9f-45f2-bef4-e43b218feb75" testListId="8c84fa94-04c1-424b-9868-57a2d4851a1d" />
    <TestEntry testId="644ec43e-70cd-c82d-42e7-0d990be1414d" executionId="7e7294db-4a49-43f9-ae1f-7a6e1190e2db" testListId="8c84fa94-04c1-424b-9868-57a2d4851a1d" />
    <TestEntry testId="4f297306-d4f3-8d63-e7f4-1ac0b8c58c74" executionId="4794cb3f-b2bf-4139-a2e9-96e45587e500" testListId="8c84fa94-04c1-424b-9868-57a2d4851a1d" />
    <TestEntry testId="bc4fc938-ae29-8ac4-19ef-6169a4c67944" executionId="7167fd53-9f1f-40d1-acb3-be436848bb24" testListId="8c84fa94-04c1-424b-9868-57a2d4851a1d" />
    <TestEntry testId="b19770a1-4ddd-f698-14e7-7d9f6cff6278" executionId="1f7f1b93-6354-46ee-b321-e3e34cf6d80d" testListId="8c84fa94-04c1-424b-9868-57a2d4851a1d" />
    <TestEntry testId="894941c1-bfa7-d8f9-c047-1e1ceefe2c2f" executionId="d38d8459-d650-4d28-ba4b-fd2c7ec6d84c" testListId="8c84fa94-04c1-424b-9868-57a2d4851a1d" />
    <TestEntry testId="e2d7e5be-3dae-33ae-fb17-c704b6fd58d6" executionId="33f89b4e-8f5f-4da7-9641-519822a11426" testListId="8c84fa94-04c1-424b-9868-57a2d4851a1d" />
    <TestEntry testId="60bd668f-04df-da5e-b79b-5d9aedb5234d" executionId="e2be4dda-65b4-40fb-b42d-3c0536812c09" testListId="8c84fa94-04c1-424b-9868-57a2d4851a1d" />
    <TestEntry testId="e43563fc-40a0-b24d-1510-1905860778ce" executionId="18c1b7fb-7531-4ae0-9a8d-47486250698c" testListId="8c84fa94-04c1-424b-9868-57a2d4851a1d" />
    <TestEntry testId="06d0bc3a-24a0-fb7f-4277-e9ae6d21c7dd" executionId="99f27daa-7c5c-4ed4-83f9-ac3e2d3b208e" testListId="8c84fa94-04c1-424b-9868-57a2d4851a1d" />
    <TestEntry testId="18fa8c62-e27d-e1fc-8182-4d7db62b008d" executionId="8f2c5b7a-88e6-40b4-8c04-33bcc4d0ea87" testListId="8c84fa94-04c1-424b-9868-57a2d4851a1d" />
    <TestEntry testId="1ca07ad8-f799-c5d4-e7cc-34fd950198a2" executionId="c5fd90be-650b-4cbe-8bc7-1727b1c068ad" testListId="8c84fa94-04c1-424b-9868-57a2d4851a1d" />
    <TestEntry testId="f71a2056-e347-5791-8b7b-76f2145f8f43" executionId="8ba2c09d-71da-40b2-8b76-f6bcc84355fd" testListId="8c84fa94-04c1-424b-9868-57a2d4851a1d" />
    <TestEntry testId="96c373e1-86b2-186f-4f9a-b30f42599b74" executionId="4d13b364-1e25-496a-b2b9-502b772e11e1" testListId="8c84fa94-04c1-424b-9868-57a2d4851a1d" />
    <TestEntry testId="229812f5-9a73-5335-11f5-31330d1348a5" executionId="645a8249-b9af-4b66-bf05-55e0b60c0e83" testListId="8c84fa94-04c1-424b-9868-57a2d4851a1d" />
    <TestEntry testId="7dcc7b9e-1824-b8b9-4796-c71905320550" executionId="898feded-e451-44c0-a6ee-9bddf746ffe9" testListId="8c84fa94-04c1-424b-9868-57a2d4851a1d" />
    <TestEntry testId="fa960c5e-f989-2880-784e-8efe538c5231" executionId="e1f404eb-4fb1-4d1f-b4b4-07b3336f46b6" testListId="8c84fa94-04c1-424b-9868-57a2d4851a1d" />
    <TestEntry testId="59c5a775-0b55-504b-8a46-dd0daf15436e" executionId="60aa61ac-eadc-42c2-b24c-0e37c9b92894" testListId="8c84fa94-04c1-424b-9868-57a2d4851a1d" />
    <TestEntry testId="033181ab-7187-e4ad-ebc4-338b4b8bfa84" executionId="a4d6d507-d0e5-4cdb-b352-793dd73bb7d8" testListId="8c84fa94-04c1-424b-9868-57a2d4851a1d" />
    <TestEntry testId="2602613f-c8e2-a6d9-fcf7-5b27d4a770a6" executionId="485e026b-ae8d-4f6f-a32a-fad321fdfe27" testListId="8c84fa94-04c1-424b-9868-57a2d4851a1d" />
    <TestEntry testId="e5497347-2721-b7a6-0bd4-69a9921f6947" executionId="7733481c-1e4a-4e64-aa54-20a48127b599" testListId="8c84fa94-04c1-424b-9868-57a2d4851a1d" />
    <TestEntry testId="a2e59116-cb53-1d70-9cb8-21c286516866" executionId="0868f90d-6f62-44a8-8bd1-a2c80e3f5899" testListId="8c84fa94-04c1-424b-9868-57a2d4851a1d" />
    <TestEntry testId="d093cc2e-ddef-a6ff-4de6-9214eda52ec5" executionId="152ca817-5f85-498d-b768-9ed1e7c7f72f" testListId="8c84fa94-04c1-424b-9868-57a2d4851a1d" />
    <TestEntry testId="0eeef75f-6e38-7893-a8fe-cff3e0a970a7" executionId="2a3559e5-52fa-4abc-8cf5-afa37cd4bc72" testListId="8c84fa94-04c1-424b-9868-57a2d4851a1d" />
    <TestEntry testId="9c7df5e2-1b23-ebea-889f-b78ca86b60ab" executionId="3fa4152b-dbcb-426c-806c-891f63aef354" testListId="8c84fa94-04c1-424b-9868-57a2d4851a1d" />
    <TestEntry testId="af52c22f-943c-2fd7-f9c5-a44ce55908e0" executionId="98cd6c79-2db0-40df-b901-27c6069963e3" testListId="8c84fa94-04c1-424b-9868-57a2d4851a1d" />
    <TestEntry testId="2d706594-f2b3-b3c8-21d4-86c9798c3306" executionId="96780e98-1855-4076-a3bd-23f52380d544" testListId="8c84fa94-04c1-424b-9868-57a2d4851a1d" />
    <TestEntry testId="8184bd30-991c-b78d-b4ec-99a485eac0dd" executionId="91d1593f-a141-4246-a787-88691f57bcc3" testListId="8c84fa94-04c1-424b-9868-57a2d4851a1d" />
    <TestEntry testId="f3efc418-a8a6-c7b7-9bac-90b33aa8472f" executionId="d74b588c-4c4d-43b6-957a-5ff4525cc0b7" testListId="8c84fa94-04c1-424b-9868-57a2d4851a1d" />
    <TestEntry testId="063661db-f1b0-b432-1a2f-9dfd5d62c2bc" executionId="68f22d3e-2f47-47cc-b109-03f41b25ae1b" testListId="8c84fa94-04c1-424b-9868-57a2d4851a1d" />
    <TestEntry testId="834c739b-eca4-b36d-6a66-5a1bd75377b8" executionId="1427da24-5084-42d0-a239-702e71bede81" testListId="8c84fa94-04c1-424b-9868-57a2d4851a1d" />
    <TestEntry testId="69340bb6-3645-f9dd-971e-29d8b2a009bb" executionId="09c2c3e2-3950-402e-bded-6a2188a62b3e" testListId="8c84fa94-04c1-424b-9868-57a2d4851a1d" />
    <TestEntry testId="eaabd2fc-2f4b-5689-59c8-c7ad34a8f634" executionId="84980d91-36e9-44bc-9777-b9fd84adb5c6" testListId="8c84fa94-04c1-424b-9868-57a2d4851a1d" />
    <TestEntry testId="f1930285-3454-c436-72d1-9f0f1b0232bd" executionId="c7db6fbe-e3b8-4a2d-a719-16bec2239288" testListId="8c84fa94-04c1-424b-9868-57a2d4851a1d" />
    <TestEntry testId="89a73775-537c-f165-9a44-32df0d653eb8" executionId="c1185ff9-fe4b-4d96-ace8-b779e63cdd17" testListId="8c84fa94-04c1-424b-9868-57a2d4851a1d" />
    <TestEntry testId="6e4b1fbe-0c01-f310-f273-aa8b9bd517f6" executionId="140849c7-daa6-4c83-b3ce-a9f7d4bc5718" testListId="8c84fa94-04c1-424b-9868-57a2d4851a1d" />
  </TestEntries>
  <TestLists>
    <TestList name="Results Not in a List" id="8c84fa94-04c1-424b-9868-57a2d4851a1d" />
    <TestList name="All Loaded Results" id="19431567-8539-422a-85d7-44ee4e166bda" />
  </TestLists>
  <ResultSummary outcome="Failed">
    <Counters total="47" executed="47" passed="46" failed="1" error="0" timeout="0" aborted="0" inconclusive="0" passedButRunAborted="0" notRunnable="0" notExecuted="0" disconnected="0" warning="0" completed="0" inProgress="0" pending="0" />
    <Output>
      <StdOut>[xUnit.net 00:00:00.00] xUnit.net VSTest Adapter v2.4.5+1caef2f33e (64-bit .NET 6.0.10)
[xUnit.net 00:00:00.86]   Discovering: BL.Tests
[xUnit.net 00:00:01.14]   Discovered:  BL.Tests
[xUnit.net 00:00:01.14]   Starting:    BL.Tests
[xUnit.net 00:00:01.43]       Assert.NotEqual() Failure
[xUnit.net 00:00:01.43]       Expected: Not Lift { LiftID = 59, LiftName = liftNamec8dc78cb-8073-49fb-b34c-e13099a8c5f3, IsOpen = True, SeatsAmount = 58, LiftingTime = 124, QueueTime = 34, ConnectedSlopes =  }
[xUnit.net 00:00:01.43]       Actual:   Lift { LiftID = 59, LiftName = liftNamec8dc78cb-8073-49fb-b34c-e13099a8c5f3, IsOpen = True, SeatsAmount = 58, LiftingTime = 124, QueueTime = 34, ConnectedSlopes =  }
[xUnit.net 00:00:01.43]       Stack Trace:
[xUnit.net 00:00:01.44]         /mnt/c/Users/alena/Desktop/7_sem/testing_and_debugging/SkiResort/BL.Tests/LiftsServiceTest.cs(42,0): at BL.Tests.LiftsServiceTest.TestGetLiftInfoAsync(UInt32 userID, Lift lift, Mock`1 checkPermissionServiceMock, Mock`1 liftsRepositoryStub, Mock`1 liftsSlopesRepositoryStub, LiftsService sut)
[xUnit.net 00:00:01.44]            at System.Threading.Tasks.Task.&lt;&gt;c.&lt;ThrowAsync&gt;b__128_0(Object state)
[xUnit.net 00:00:01.64]   Finished:    BL.Tests
</StdOut>
    </Output>
    <RunInfos>
      <RunInfo computerName="DESKTOP-TJ9D65N" outcome="Error" timestamp="2022-11-03T11:11:46.5786894+03:00">
        <Text>[xUnit.net 00:00:01.43]     BL.Tests.LiftsServiceTest.TestGetLiftInfoAsync(userID: 127, lift: Lift { LiftID = 59, LiftName = liftNamec8dc78cb-8073-49fb-b34c-e13099a8c5f3, IsOpen = True, SeatsAmount = 58, LiftingTime = 124, QueueTime = 34, ConnectedSlopes =  }, checkPermissionServiceMock: Mock&lt;ICheckPermissionService:1&gt;, liftsRepositoryStub: Mock&lt;ILiftsRepository:1&gt;, liftsSlopesRepositoryStub: Mock&lt;ILiftsSlopesRepository:1&gt;, sut: LiftsService { }) [FAIL]</Text>
      </RunInfo>
    </RunInfos>
  </ResultSummary>
</TestRun>