<?xml version="1.0" encoding="utf-8"?>
<TestRun id="52f7dee9-39ed-4e3a-8cd9-3461e39180c2" name="@DESKTOP-TJ9D65N 2022-11-03 20:49:22" xmlns="http://microsoft.com/schemas/VisualStudio/TeamTest/2010">
  <Times creation="2022-11-03T20:49:22.1085692+03:00" queuing="2022-11-03T20:49:22.1085695+03:00" start="2022-11-03T20:49:19.6452959+03:00" finish="2022-11-03T20:49:22.3085880+03:00" />
  <TestSettings name="default" id="ecb5719b-6aa8-4b5d-8f2c-fe597029b35f">
    <Deployment runDeploymentRoot="_DESKTOP-TJ9D65N_2022-11-03_20_49_22" />
  </TestSettings>
  <Results>
    <UnitTestResult executionId="b0a05da5-d598-4d1a-bf7a-4a3213259cef" testId="e429852d-a6ed-7c2a-25fd-cd839b159d56" testName="BL.Tests.LiftsSlopesServiceTests.TestGetLiftsSlopesInfoAsync(liftsSlopes: [LiftSlope { RecordID = 86, LiftID = 147, SlopeID = 185 }, LiftSlope { RecordID = 2, LiftID = 99, SlopeID = 142 }, LiftSlope { RecordID = 221, LiftID = 74, SlopeID = 45 }], slopesRepositoryStub: Mock&lt;ISlopesRepository:1&gt;, liftsRepositoryStub: Mock&lt;ILiftsRepository:6&gt;, liftsSlopesRepositoryStub: Mock&lt;ILiftsSlopesRepository:6&gt;)" computerName="DESKTOP-TJ9D65N" duration="00:00:00.0065792" startTime="2022-11-03T20:49:22.0493563+03:00" endTime="2022-11-03T20:49:22.0493563+03:00" testType="13cdc9d9-ddb5-4fa4-a97d-d965ccfc6d4b" outcome="Passed" testListId="8c84fa94-04c1-424b-9868-57a2d4851a1d" relativeResultsDirectory="b0a05da5-d598-4d1a-bf7a-4a3213259cef" />
    <UnitTestResult executionId="bc434065-f15f-40e0-8167-ac20c1310911" testId="e5497347-2721-b7a6-0bd4-69a9921f6947" testName="BL.Tests.UsersServiceTests.TestAdminGetUserByIDAsync" computerName="DESKTOP-TJ9D65N" duration="00:00:00.0032830" startTime="2022-11-03T20:49:22.1823168+03:00" endTime="2022-11-03T20:49:22.1823169+03:00" testType="13cdc9d9-ddb5-4fa4-a97d-d965ccfc6d4b" outcome="Passed" testListId="8c84fa94-04c1-424b-9868-57a2d4851a1d" relativeResultsDirectory="bc434065-f15f-40e0-8167-ac20c1310911" />
    <UnitTestResult executionId="ff654e29-b2e5-42e7-93cb-49b2403679f2" testId="9455a239-5e03-b83a-6d2f-f2635aea9bbe" testName="BL.Tests.LiftsServiceTest.TestGetLiftInfoAsync(userID: 94, lift: Lift { LiftID = 28, LiftName = liftName4be460c2-3724-4ecf-b3d5-cca15f47a62f, IsOpen = True, SeatsAmount = 146, LiftingTime = 137, QueueTime = 131, ConnectedSlopes =  }, checkPermissionServiceMock: Mock&lt;ICheckPermissionService:1&gt;, liftsRepositoryStub: Mock&lt;ILiftsRepository:1&gt;, liftsSlopesRepositoryStub: Mock&lt;ILiftsSlopesRepository:1&gt;, sut: LiftsService { })" computerName="DESKTOP-TJ9D65N" duration="00:00:00.0503542" startTime="2022-11-03T20:49:21.8992107+03:00" endTime="2022-11-03T20:49:21.8992108+03:00" testType="13cdc9d9-ddb5-4fa4-a97d-d965ccfc6d4b" outcome="Passed" testListId="8c84fa94-04c1-424b-9868-57a2d4851a1d" relativeResultsDirectory="ff654e29-b2e5-42e7-93cb-49b2403679f2" />
    <UnitTestResult executionId="44259a09-6c46-4c38-b302-ac6c5c7968f8" testId="083730a3-ac4d-647e-1c05-acb624f3aa1d" testName="BL.Tests.SlopesServiceTest.TestGetSlopesInfoAsync(userID: 18, initialSlopes: [Slope { SlopeID = 22, SlopeName = slopeNamede78c429-ce31-455b-9701-1102cf89c687, IsOpen = True, DifficultyLevel = 63, ConnectedLifts =  }, Slope { SlopeID = 231, SlopeName = slopeNamef8c016c3-51ec-426a-b478-eaa3b868a187, IsOpen = False, DifficultyLevel = 122, ConnectedLifts =  }, Slope { SlopeID = 211, SlopeName = slopeName78298411-ad43-4ba1-93f2-55b2944b51dd, IsOpen = True, DifficultyLevel = 183, ConnectedLifts =  }], checkPermissionServiceMock: Mock&lt;ICheckPermissionService:7&gt;, slopesRepositoryStub: Mock&lt;ISlopesRepository:5&gt;, liftsSlopesRepositoryStub: Mock&lt;ILiftsSlopesRepository:10&gt;, sut: SlopesService { })" computerName="DESKTOP-TJ9D65N" duration="00:00:00.0431769" startTime="2022-11-03T20:49:22.0522640+03:00" endTime="2022-11-03T20:49:22.0522641+03:00" testType="13cdc9d9-ddb5-4fa4-a97d-d965ccfc6d4b" outcome="Passed" testListId="8c84fa94-04c1-424b-9868-57a2d4851a1d" relativeResultsDirectory="44259a09-6c46-4c38-b302-ac6c5c7968f8" />
    <UnitTestResult executionId="546b02b7-a628-4c7a-ac24-6656f33c7543" testId="2d706594-f2b3-b3c8-21d4-86c9798c3306" testName="BL.Tests.CheckPermissionsServiceTests.SkiPatrolHasAccessToAdminSkiPatrolFunctions(functionName: &quot;GetLiftsSlopesInfoAsync&quot;)" computerName="DESKTOP-TJ9D65N" duration="00:00:00.0059131" startTime="2022-11-03T20:49:22.0952355+03:00" endTime="2022-11-03T20:49:22.0952356+03:00" testType="13cdc9d9-ddb5-4fa4-a97d-d965ccfc6d4b" outcome="Passed" testListId="8c84fa94-04c1-424b-9868-57a2d4851a1d" relativeResultsDirectory="546b02b7-a628-4c7a-ac24-6656f33c7543" />
    <UnitTestResult executionId="c666fb01-c02c-4424-b7f6-2f91dd34eda7" testId="229812f5-9a73-5335-11f5-31330d1348a5" testName="BL.Tests.CheckPermissionsServiceTests.UnauthorizedHasNoAccessToAdminSkiPatrolFunctions(functionName: &quot;GetMessagesAsync&quot;)" computerName="DESKTOP-TJ9D65N" duration="00:00:00.0016358" startTime="2022-11-03T20:49:22.0498688+03:00" endTime="2022-11-03T20:49:22.0498689+03:00" testType="13cdc9d9-ddb5-4fa4-a97d-d965ccfc6d4b" outcome="Passed" testListId="8c84fa94-04c1-424b-9868-57a2d4851a1d" relativeResultsDirectory="c666fb01-c02c-4424-b7f6-2f91dd34eda7" />
    <UnitTestResult executionId="130f680e-ec03-4051-8d4c-87653ed98fc3" testId="a19a5fcf-c5d2-7d44-5d7d-84403042f4e0" testName="BL.Tests.CheckPermissionsServiceTests.UnauthorizedHasNoAccessToAdminSkiPatrolFunctions(functionName: &quot;MarkMessageReadByUserAsync&quot;)" computerName="DESKTOP-TJ9D65N" duration="00:00:00.0479708" startTime="2022-11-03T20:49:21.8992656+03:00" endTime="2022-11-03T20:49:21.8992657+03:00" testType="13cdc9d9-ddb5-4fa4-a97d-d965ccfc6d4b" outcome="Passed" testListId="8c84fa94-04c1-424b-9868-57a2d4851a1d" relativeResultsDirectory="130f680e-ec03-4051-8d4c-87653ed98fc3" />
    <UnitTestResult executionId="7ccc0771-7d6b-4970-8b48-bf2969537eaa" testId="f25a1f52-9086-2ce1-1d26-3218bd654738" testName="BL.Tests.LiftsServiceTest.TestAdminDeleteLiftAsync(userID: 222, lift: Lift { LiftID = 243, LiftName = liftName340af891-7a5a-4c41-b67f-951cd5710639, IsOpen = True, SeatsAmount = 98, LiftingTime = 32, QueueTime = 74, ConnectedSlopes =  }, checkPermissionServiceMock: Mock&lt;ICheckPermissionService:4&gt;, liftsRepositoryStub: Mock&lt;ILiftsRepository:4&gt;, liftsSlopesRepositoryStub: Mock&lt;ILiftsSlopesRepository:4&gt;, sut: LiftsService { })" computerName="DESKTOP-TJ9D65N" duration="00:00:00.0160673" startTime="2022-11-03T20:49:22.1580819+03:00" endTime="2022-11-03T20:49:22.1580820+03:00" testType="13cdc9d9-ddb5-4fa4-a97d-d965ccfc6d4b" outcome="Passed" testListId="8c84fa94-04c1-424b-9868-57a2d4851a1d" relativeResultsDirectory="7ccc0771-7d6b-4970-8b48-bf2969537eaa" />
    <UnitTestResult executionId="e916d5d9-7294-440c-8eb1-c834bc0fd3fd" testId="69340bb6-3645-f9dd-971e-29d8b2a009bb" testName="BL.Tests.UsersServiceTests.TestLogInWithWrongPassword" computerName="DESKTOP-TJ9D65N" duration="00:00:00.0026828" startTime="2022-11-03T20:49:22.1524516+03:00" endTime="2022-11-03T20:49:22.1524517+03:00" testType="13cdc9d9-ddb5-4fa4-a97d-d965ccfc6d4b" outcome="Passed" testListId="8c84fa94-04c1-424b-9868-57a2d4851a1d" relativeResultsDirectory="e916d5d9-7294-440c-8eb1-c834bc0fd3fd" />
    <UnitTestResult executionId="9f75915d-8b26-433e-b91b-c83526ed6625" testId="18fa8c62-e27d-e1fc-8182-4d7db62b008d" testName="BL.Tests.UsersServiceTests.TestAdminDeleteUser" computerName="DESKTOP-TJ9D65N" duration="00:00:00.0028043" startTime="2022-11-03T20:49:22.1946320+03:00" endTime="2022-11-03T20:49:22.1946321+03:00" testType="13cdc9d9-ddb5-4fa4-a97d-d965ccfc6d4b" outcome="Passed" testListId="8c84fa94-04c1-424b-9868-57a2d4851a1d" relativeResultsDirectory="9f75915d-8b26-433e-b91b-c83526ed6625" />
    <UnitTestResult executionId="d5a5c289-0c2d-49b4-af9e-643ea78333a5" testId="9c7df5e2-1b23-ebea-889f-b78ca86b60ab" testName="BL.Tests.CheckPermissionsServiceTests.AuthorizedHasNoAccessToAdminSkiPatrolFunctions(functionName: &quot;MarkMessageReadByUserAsync&quot;)" computerName="DESKTOP-TJ9D65N" duration="00:00:00.0016894" startTime="2022-11-03T20:49:22.1727428+03:00" endTime="2022-11-03T20:49:22.1727429+03:00" testType="13cdc9d9-ddb5-4fa4-a97d-d965ccfc6d4b" outcome="Passed" testListId="8c84fa94-04c1-424b-9868-57a2d4851a1d" relativeResultsDirectory="d5a5c289-0c2d-49b4-af9e-643ea78333a5" />
    <UnitTestResult executionId="5a546f5e-da36-410d-aced-ade5c17ccd2f" testId="988f1166-d741-dea6-f0fe-d23628ecc046" testName="BL.Tests.LiftsSlopesServiceTests.TestAdminDeleteLiftSlopeAsync(lift: Lift { LiftID = 213, LiftName = liftNamed998cd3c-45d3-4856-9c7d-ae6825434a3f, IsOpen = True, SeatsAmount = 31, LiftingTime = 156, QueueTime = 170, ConnectedSlopes =  }, slope: Slope { SlopeID = 164, SlopeName = slopeNameae15a379-8b96-4f12-9206-af6f586b8978, IsOpen = False, DifficultyLevel = 195, ConnectedLifts =  }, slopesRepositoryStub: Mock&lt;ISlopesRepository:2&gt;, liftsRepositoryStub: Mock&lt;ILiftsRepository:7&gt;, liftsSlopesRepositoryStub: Mock&lt;ILiftsSlopesRepository:7&gt;)" computerName="DESKTOP-TJ9D65N" duration="00:00:00.0082035" startTime="2022-11-03T20:49:22.0505859+03:00" endTime="2022-11-03T20:49:22.0505860+03:00" testType="13cdc9d9-ddb5-4fa4-a97d-d965ccfc6d4b" outcome="Passed" testListId="8c84fa94-04c1-424b-9868-57a2d4851a1d" relativeResultsDirectory="5a546f5e-da36-410d-aced-ade5c17ccd2f" />
    <UnitTestResult executionId="3a70b2f4-bff8-47c4-a1d2-de074709d089" testId="06d0bc3a-24a0-fb7f-4277-e9ae6d21c7dd" testName="BL.Tests.UsersServiceTests.TestAdminUpdateUser" computerName="DESKTOP-TJ9D65N" duration="00:00:00.0104525" startTime="2022-11-03T20:49:22.0869368+03:00" endTime="2022-11-03T20:49:22.0869369+03:00" testType="13cdc9d9-ddb5-4fa4-a97d-d965ccfc6d4b" outcome="Passed" testListId="8c84fa94-04c1-424b-9868-57a2d4851a1d" relativeResultsDirectory="3a70b2f4-bff8-47c4-a1d2-de074709d089" />
    <UnitTestResult executionId="9782b9fd-99ec-4f65-8706-24ad46559781" testId="0eeef75f-6e38-7893-a8fe-cff3e0a970a7" testName="BL.Tests.UsersServiceTests.TestRegisterOk" computerName="DESKTOP-TJ9D65N" duration="00:00:00.0155408" startTime="2022-11-03T20:49:22.1163730+03:00" endTime="2022-11-03T20:49:22.1163731+03:00" testType="13cdc9d9-ddb5-4fa4-a97d-d965ccfc6d4b" outcome="Passed" testListId="8c84fa94-04c1-424b-9868-57a2d4851a1d" relativeResultsDirectory="9782b9fd-99ec-4f65-8706-24ad46559781" />
    <UnitTestResult executionId="8c871123-6c5e-47e2-b68f-4a60345ed7c5" testId="bb8e5e9a-d6f8-2acc-74fa-d195dbe86d84" testName="BL.Tests.LiftsServiceTest.TestAdminAddAutoIncrementLiftAsync(userID: 26, lift: Lift { LiftID = 69, LiftName = liftNamee04e3d05-7cd2-4ac5-b5c7-a5dd73d2e0ec, IsOpen = True, SeatsAmount = 71, LiftingTime = 204, QueueTime = 21, ConnectedSlopes =  }, checkPermissionServiceMock: Mock&lt;ICheckPermissionService:5&gt;, liftsRepositoryStub: Mock&lt;ILiftsRepository:5&gt;, sut: LiftsService { })" computerName="DESKTOP-TJ9D65N" duration="00:00:00.0102579" startTime="2022-11-03T20:49:22.1302963+03:00" endTime="2022-11-03T20:49:22.1302964+03:00" testType="13cdc9d9-ddb5-4fa4-a97d-d965ccfc6d4b" outcome="Passed" testListId="8c84fa94-04c1-424b-9868-57a2d4851a1d" relativeResultsDirectory="8c871123-6c5e-47e2-b68f-4a60345ed7c5" />
    <UnitTestResult executionId="dc3baa43-c419-477c-b234-95786b80c426" testId="60bd668f-04df-da5e-b79b-5d9aedb5234d" testName="BL.Tests.CheckPermissionsServiceTests.SkiPatrolHasAccessToAdminSkiPatrolFunctions(functionName: &quot;MarkMessageReadByUserAsync&quot;)" computerName="DESKTOP-TJ9D65N" duration="00:00:00.0013744" startTime="2022-11-03T20:49:22.1117536+03:00" endTime="2022-11-03T20:49:22.1117537+03:00" testType="13cdc9d9-ddb5-4fa4-a97d-d965ccfc6d4b" outcome="Passed" testListId="8c84fa94-04c1-424b-9868-57a2d4851a1d" relativeResultsDirectory="dc3baa43-c419-477c-b234-95786b80c426" />
    <UnitTestResult executionId="12f51dd0-4366-4b15-b582-e88823f290a2" testId="894941c1-bfa7-d8f9-c047-1e1ceefe2c2f" testName="BL.Tests.UsersServiceTests.TestRegisterUserWithRepeatedEmail" computerName="DESKTOP-TJ9D65N" duration="00:00:00.0044465" startTime="2022-11-03T20:49:22.0520857+03:00" endTime="2022-11-03T20:49:22.0520858+03:00" testType="13cdc9d9-ddb5-4fa4-a97d-d965ccfc6d4b" outcome="Passed" testListId="8c84fa94-04c1-424b-9868-57a2d4851a1d" relativeResultsDirectory="12f51dd0-4366-4b15-b582-e88823f290a2" />
    <UnitTestResult executionId="43d1420c-d1c8-49d7-838b-c2e5ffab1103" testId="85ed6872-ecd2-6354-e37e-acd12c401a2a" testName="BL.Tests.SlopesServiceTest.TestAdminAddSlopeAsync(userID: 154, slope: Slope { SlopeID = 88, SlopeName = slopeName70be1702-e14a-4b69-8a5d-852743d88f65, IsOpen = True, DifficultyLevel = 171, ConnectedLifts =  }, checkPermissionServiceMock: Mock&lt;ICheckPermissionService:11&gt;, slopesRepositoryStub: Mock&lt;ISlopesRepository:9&gt;, sut: SlopesService { })" computerName="DESKTOP-TJ9D65N" duration="00:00:00.0050702" startTime="2022-11-03T20:49:22.1341869+03:00" endTime="2022-11-03T20:49:22.1341870+03:00" testType="13cdc9d9-ddb5-4fa4-a97d-d965ccfc6d4b" outcome="Passed" testListId="8c84fa94-04c1-424b-9868-57a2d4851a1d" relativeResultsDirectory="43d1420c-d1c8-49d7-838b-c2e5ffab1103" />
    <UnitTestResult executionId="228658d9-a678-4cc0-a7be-4b0bd916e82e" testId="f3efc418-a8a6-c7b7-9bac-90b33aa8472f" testName="BL.Tests.CheckPermissionsServiceTests.AdminHasAccessToAllFunctions" computerName="DESKTOP-TJ9D65N" duration="00:00:00.0018462" startTime="2022-11-03T20:49:22.2319666+03:00" endTime="2022-11-03T20:49:22.2319667+03:00" testType="13cdc9d9-ddb5-4fa4-a97d-d965ccfc6d4b" outcome="Passed" testListId="8c84fa94-04c1-424b-9868-57a2d4851a1d" relativeResultsDirectory="228658d9-a678-4cc0-a7be-4b0bd916e82e" />
    <UnitTestResult executionId="a283d12e-8858-4d7b-af44-5b333882fb18" testId="4f297306-d4f3-8d63-e7f4-1ac0b8c58c74" testName="BL.Tests.CheckPermissionsServiceTests.AuthorizedHasNoAccessToAdminSkiPatrolFunctions(functionName: &quot;GetLiftsSlopesInfoAsync&quot;)" computerName="DESKTOP-TJ9D65N" duration="00:00:00.0010503" startTime="2022-11-03T20:49:22.1819036+03:00" endTime="2022-11-03T20:49:22.1819036+03:00" testType="13cdc9d9-ddb5-4fa4-a97d-d965ccfc6d4b" outcome="Passed" testListId="8c84fa94-04c1-424b-9868-57a2d4851a1d" relativeResultsDirectory="a283d12e-8858-4d7b-af44-5b333882fb18" />
    <UnitTestResult executionId="4805151c-ea99-40f0-b0f2-d09800ed9a29" testId="2602613f-c8e2-a6d9-fcf7-5b27d4a770a6" testName="BL.Tests.CheckPermissionsServiceTests.AuthorizedHasNoAccessToAdminSkiPatrolFunctions(functionName: &quot;GetMessagesAsync&quot;)" computerName="DESKTOP-TJ9D65N" duration="00:00:00.0036869" startTime="2022-11-03T20:49:22.1626051+03:00" endTime="2022-11-03T20:49:22.1626052+03:00" testType="13cdc9d9-ddb5-4fa4-a97d-d965ccfc6d4b" outcome="Passed" testListId="8c84fa94-04c1-424b-9868-57a2d4851a1d" relativeResultsDirectory="4805151c-ea99-40f0-b0f2-d09800ed9a29" />
    <UnitTestResult executionId="6bea05cd-f2aa-4ec9-a4e5-f6112082c5c5" testId="644ec43e-70cd-c82d-42e7-0d990be1414d" testName="BL.Tests.CheckPermissionsServiceTests.AuthorizedHasAccessToAuthorizedFunctions(functionName: &quot;SendMessageAsync&quot;)" computerName="DESKTOP-TJ9D65N" duration="00:00:00.0020764" startTime="2022-11-03T20:49:22.1923903+03:00" endTime="2022-11-03T20:49:22.1923904+03:00" testType="13cdc9d9-ddb5-4fa4-a97d-d965ccfc6d4b" outcome="Passed" testListId="8c84fa94-04c1-424b-9868-57a2d4851a1d" relativeResultsDirectory="6bea05cd-f2aa-4ec9-a4e5-f6112082c5c5" />
    <UnitTestResult executionId="6eb3a794-d1f3-468e-8d5f-3f2b7fd4656e" testId="c36970dc-93f7-753e-fa47-157133b01644" testName="BL.Tests.CheckPermissionsServiceTests.SkiPatrolHasAccessToAdminSkiPatrolFunctions(functionName: &quot;GetMessagesAsync&quot;)" computerName="DESKTOP-TJ9D65N" duration="00:00:00.0016194" startTime="2022-11-03T20:49:22.1269649+03:00" endTime="2022-11-03T20:49:22.1269650+03:00" testType="13cdc9d9-ddb5-4fa4-a97d-d965ccfc6d4b" outcome="Passed" testListId="8c84fa94-04c1-424b-9868-57a2d4851a1d" relativeResultsDirectory="6eb3a794-d1f3-468e-8d5f-3f2b7fd4656e" />
    <UnitTestResult executionId="9536a95b-0593-42dd-aa88-bf32c61aed5b" testId="64a1f6a4-0269-b7dd-1de1-92eb282fbfe0" testName="BL.Tests.SlopesServiceTest.TestAdminDeleteSlopeAsync(userID: 215, slope: Slope { SlopeID = 165, SlopeName = slopeName0c0ae142-8036-40b2-a378-016458be8f76, IsOpen = True, DifficultyLevel = 87, ConnectedLifts =  }, checkPermissionServiceMock: Mock&lt;ICheckPermissionService:9&gt;, slopesRepositoryStub: Mock&lt;ISlopesRepository:7&gt;, liftsSlopesRepositoryStub: Mock&lt;ILiftsSlopesRepository:12&gt;, sut: SlopesService { })" computerName="DESKTOP-TJ9D65N" duration="00:00:00.0072993" startTime="2022-11-03T20:49:22.0924270+03:00" endTime="2022-11-03T20:49:22.0924271+03:00" testType="13cdc9d9-ddb5-4fa4-a97d-d965ccfc6d4b" outcome="Passed" testListId="8c84fa94-04c1-424b-9868-57a2d4851a1d" relativeResultsDirectory="9536a95b-0593-42dd-aa88-bf32c61aed5b" />
    <UnitTestResult executionId="a0439f0c-76f9-463a-b7d3-fe2fb127628a" testId="ee80ea26-1eb8-ee7a-88c3-d3e9896a4743" testName="BL.Tests.LiftsServiceTest.TestUpdateLiftInfoAsync(userID: 44, lift: Lift { LiftID = 95, LiftName = liftNamefaa7ea12-2956-47ce-b1d3-b50ad1f4cb80, IsOpen = True, SeatsAmount = 254, LiftingTime = 92, QueueTime = 130, ConnectedSlopes =  }, checkPermissionServiceMock: Mock&lt;ICheckPermissionService:3&gt;, liftsRepositoryStub: Mock&lt;ILiftsRepository:3&gt;, sut: LiftsService { })" computerName="DESKTOP-TJ9D65N" duration="00:00:00.0175726" startTime="2022-11-03T20:49:22.1039458+03:00" endTime="2022-11-03T20:49:22.1039459+03:00" testType="13cdc9d9-ddb5-4fa4-a97d-d965ccfc6d4b" outcome="Passed" testListId="8c84fa94-04c1-424b-9868-57a2d4851a1d" relativeResultsDirectory="a0439f0c-76f9-463a-b7d3-fe2fb127628a" />
    <UnitTestResult executionId="9bcfa8f6-4063-4d9a-a11a-15eb473be0b5" testId="20ad8570-0170-85de-dcd7-2f109dd7bcd6" testName="BL.Tests.UsersServiceTests.TestAdminGetUsers" computerName="DESKTOP-TJ9D65N" duration="00:00:00.0549512" startTime="2022-11-03T20:49:21.8993115+03:00" endTime="2022-11-03T20:49:21.8993115+03:00" testType="13cdc9d9-ddb5-4fa4-a97d-d965ccfc6d4b" outcome="Passed" testListId="8c84fa94-04c1-424b-9868-57a2d4851a1d" relativeResultsDirectory="9bcfa8f6-4063-4d9a-a11a-15eb473be0b5" />
    <UnitTestResult executionId="0fcf8340-28a1-4f48-bc21-5ab5d2c1d5ff" testId="eaabd2fc-2f4b-5689-59c8-c7ad34a8f634" testName="BL.Tests.CheckPermissionsServiceTests.UnauthorizedHasNoAccessToAuthorizedFunctions(functionName: &quot;SendMessageAsync&quot;)" computerName="DESKTOP-TJ9D65N" duration="00:00:00.0041743" startTime="2022-11-03T20:49:22.0520447+03:00" endTime="2022-11-03T20:49:22.0520448+03:00" testType="13cdc9d9-ddb5-4fa4-a97d-d965ccfc6d4b" outcome="Passed" testListId="8c84fa94-04c1-424b-9868-57a2d4851a1d" relativeResultsDirectory="0fcf8340-28a1-4f48-bc21-5ab5d2c1d5ff" />
    <UnitTestResult executionId="bd04e08c-a1a1-4ebd-92d5-17fe3ed39bed" testId="e2d7e5be-3dae-33ae-fb17-c704b6fd58d6" testName="BL.Tests.CheckPermissionsServiceTests.UnauthorizedHasNoAccessToAdminFunctions" computerName="DESKTOP-TJ9D65N" duration="00:00:00.0023436" startTime="2022-11-03T20:49:22.2118994+03:00" endTime="2022-11-03T20:49:22.2118995+03:00" testType="13cdc9d9-ddb5-4fa4-a97d-d965ccfc6d4b" outcome="Passed" testListId="8c84fa94-04c1-424b-9868-57a2d4851a1d" relativeResultsDirectory="bd04e08c-a1a1-4ebd-92d5-17fe3ed39bed" />
    <UnitTestResult executionId="a5b0d60e-9fa6-4619-a610-b5fbc5983355" testId="492c0393-35b4-df26-a537-21ca08302f3c" testName="BL.Tests.CheckPermissionsServiceTests.SkiPatrolHasNoAccessToAdminFunctions" computerName="DESKTOP-TJ9D65N" duration="00:00:00.0023018" startTime="2022-11-03T20:49:22.2216852+03:00" endTime="2022-11-03T20:49:22.2216853+03:00" testType="13cdc9d9-ddb5-4fa4-a97d-d965ccfc6d4b" outcome="Passed" testListId="8c84fa94-04c1-424b-9868-57a2d4851a1d" relativeResultsDirectory="a5b0d60e-9fa6-4619-a610-b5fbc5983355" />
    <UnitTestResult executionId="ca8c3b1c-bc95-4006-b151-2f21313dbf41" testId="a2e59116-cb53-1d70-9cb8-21c286516866" testName="BL.Tests.CheckPermissionsServiceTests.AuthorizedHasNoAccessToAdminFunctions" computerName="DESKTOP-TJ9D65N" duration="00:00:00.0042751" startTime="2022-11-03T20:49:22.1429515+03:00" endTime="2022-11-03T20:49:22.1491689+03:00" testType="13cdc9d9-ddb5-4fa4-a97d-d965ccfc6d4b" outcome="Passed" testListId="8c84fa94-04c1-424b-9868-57a2d4851a1d" relativeResultsDirectory="ca8c3b1c-bc95-4006-b151-2f21313dbf41" />
    <UnitTestResult executionId="aeaa3355-5027-430c-9030-853de57b59ef" testId="1b39b88c-3c06-05cb-31f2-f4d9b7462f65" testName="BL.Tests.LiftsSlopesServiceTests.TestAdminAddAutoIncrementLiftSlopeAsync(lift: Lift { LiftID = 204, LiftName = liftNamea70fba95-005d-427c-8797-1938a7109e1c, IsOpen = True, SeatsAmount = 217, LiftingTime = 198, QueueTime = 188, ConnectedSlopes =  }, slope: Slope { SlopeID = 184, SlopeName = slopeName66d863bc-48fb-4835-beb6-40805c935af7, IsOpen = False, DifficultyLevel = 93, ConnectedLifts =  }, slopesRepositoryStub: Mock&lt;ISlopesRepository:3&gt;, liftsRepositoryStub: Mock&lt;ILiftsRepository:8&gt;, liftsSlopesRepositoryStub: Mock&lt;ILiftsSlopesRepository:8&gt;)" computerName="DESKTOP-TJ9D65N" duration="00:00:00.0477628" startTime="2022-11-03T20:49:21.8992481+03:00" endTime="2022-11-03T20:49:21.8992481+03:00" testType="13cdc9d9-ddb5-4fa4-a97d-d965ccfc6d4b" outcome="Passed" testListId="8c84fa94-04c1-424b-9868-57a2d4851a1d" relativeResultsDirectory="aeaa3355-5027-430c-9030-853de57b59ef" />
    <UnitTestResult executionId="09592b1a-2a4f-4f55-abd6-032ec4433d1f" testId="fa960c5e-f989-2880-784e-8efe538c5231" testName="BL.Tests.CheckPermissionsServiceTests.UnauthorizedHasNoAccessToAuthorizedFunctions(functionName: &quot;LogOutAsync&quot;)" computerName="DESKTOP-TJ9D65N" duration="00:00:00.0019330" startTime="2022-11-03T20:49:22.0709218+03:00" endTime="2022-11-03T20:49:22.0709219+03:00" testType="13cdc9d9-ddb5-4fa4-a97d-d965ccfc6d4b" outcome="Passed" testListId="8c84fa94-04c1-424b-9868-57a2d4851a1d" relativeResultsDirectory="09592b1a-2a4f-4f55-abd6-032ec4433d1f" />
    <UnitTestResult executionId="c3fa26be-2683-41ee-8cfd-60b2844a63ec" testId="387c9729-48c1-486e-5e67-f5d11a9f0db8" testName="BL.Tests.CheckPermissionsServiceTests.UnauthorizedHasNoAccessToAdminSkiPatrolFunctions(functionName: &quot;GetLiftsSlopesInfoAsync&quot;)" computerName="DESKTOP-TJ9D65N" duration="00:00:00.0020962" startTime="2022-11-03T20:49:21.9530509+03:00" endTime="2022-11-03T20:49:21.9530510+03:00" testType="13cdc9d9-ddb5-4fa4-a97d-d965ccfc6d4b" outcome="Passed" testListId="8c84fa94-04c1-424b-9868-57a2d4851a1d" relativeResultsDirectory="c3fa26be-2683-41ee-8cfd-60b2844a63ec" />
    <UnitTestResult executionId="aa6998c3-8970-4c4b-8091-53477443ea0d" testId="f44a1b21-8efc-bfac-63b4-d534442def31" testName="BL.Tests.UsersServiceTests.TestRegisterUserWithNoPassword" computerName="DESKTOP-TJ9D65N" duration="00:00:00.0038809" startTime="2022-11-03T20:49:22.0499948+03:00" endTime="2022-11-03T20:49:22.0499949+03:00" testType="13cdc9d9-ddb5-4fa4-a97d-d965ccfc6d4b" outcome="Passed" testListId="8c84fa94-04c1-424b-9868-57a2d4851a1d" relativeResultsDirectory="aa6998c3-8970-4c4b-8091-53477443ea0d" />
    <UnitTestResult executionId="e5370852-9692-4312-aa04-8c534e1a763b" testId="e5aebab8-c50d-b3c1-e5fd-b85b6f910a0f" testName="BL.Tests.TurnstilesServiceTest.TestAdminDeleteTurnstileAsync(userID: 146, turnstile: Turnstile { TurnstileID = 66, LiftID = 20, IsOpen = True }, checkPermissionServiceMock: Mock&lt;ICheckPermissionService:15&gt;, turnstilesRepositoryStub: Mock&lt;ITurnstilesRepository:9&gt;, sut: TurnstilesService { })" computerName="DESKTOP-TJ9D65N" duration="00:00:00.0111916" startTime="2022-11-03T20:49:22.0506240+03:00" endTime="2022-11-03T20:49:22.0506241+03:00" testType="13cdc9d9-ddb5-4fa4-a97d-d965ccfc6d4b" outcome="Passed" testListId="8c84fa94-04c1-424b-9868-57a2d4851a1d" relativeResultsDirectory="e5370852-9692-4312-aa04-8c534e1a763b" />
    <UnitTestResult executionId="5d275c0e-0b13-4c19-a3fb-bb61989ade6a" testId="abfe255e-98c7-6c6f-571f-41e6ce1e10da" testName="BL.Tests.TurnstilesServiceTest.TestAdminAddAutoIncrementTurnstileAsync(userID: 55, turnstile: Turnstile { TurnstileID = 60, LiftID = 130, IsOpen = True }, checkPermissionServiceMock: Mock&lt;ICheckPermissionService:16&gt;, turnstilesRepositoryStub: Mock&lt;ITurnstilesRepository:10&gt;, sut: TurnstilesService { })" computerName="DESKTOP-TJ9D65N" duration="00:00:00.0081031" startTime="2022-11-03T20:49:22.0493206+03:00" endTime="2022-11-03T20:49:22.0493207+03:00" testType="13cdc9d9-ddb5-4fa4-a97d-d965ccfc6d4b" outcome="Passed" testListId="8c84fa94-04c1-424b-9868-57a2d4851a1d" relativeResultsDirectory="5d275c0e-0b13-4c19-a3fb-bb61989ade6a" />
    <UnitTestResult executionId="0cd85586-a30f-4122-9f23-85c163a15b2c" testId="9c44f7b5-812f-aef1-48c9-154b4ad736fd" testName="BL.Tests.TurnstilesServiceTest.TestAdminGetTurnstileAsync(userID: 93, turnstile: Turnstile { TurnstileID = 89, LiftID = 172, IsOpen = True }, checkPermissionServiceMock: Mock&lt;ICheckPermissionService:12&gt;, turnstilesRepositoryStub: Mock&lt;ITurnstilesRepository:6&gt;, sut: TurnstilesService { })" computerName="DESKTOP-TJ9D65N" duration="00:00:00.0094000" startTime="2022-11-03T20:49:22.0889253+03:00" endTime="2022-11-03T20:49:22.0889253+03:00" testType="13cdc9d9-ddb5-4fa4-a97d-d965ccfc6d4b" outcome="Passed" testListId="8c84fa94-04c1-424b-9868-57a2d4851a1d" relativeResultsDirectory="0cd85586-a30f-4122-9f23-85c163a15b2c" />
    <UnitTestResult executionId="737497fe-8307-4267-bb74-d0cc6cf06781" testId="b6f72858-0d87-d9b0-93d4-7aa27b23787f" testName="BL.Tests.LiftsServiceTest.TestGetLiftsInfoAsync(userID: 99, initialLifts: [Lift { LiftID = 127, LiftName = liftNameb2482b12-87cc-4bb2-bcb6-b601be165518, IsOpen = True, SeatsAmount = 109, LiftingTime = 159, QueueTime = 192, ConnectedSlopes =  }, Lift { LiftID = 55, LiftName = liftNamed4505d70-eacd-4349-9e8b-b9dedbeb53b0, IsOpen = False, SeatsAmount = 124, LiftingTime = 29, QueueTime = 14, ConnectedSlopes =  }, Lift { LiftID = 139, LiftName = liftName8735d823-fa8b-4919-9b90-c4df179da2e8, IsOpen = True, SeatsAmount = 233, LiftingTime = 107, QueueTime = 226, ConnectedSlopes =  }], checkPermissionServiceMock: Mock&lt;ICheckPermissionService:2&gt;, liftsRepositoryStub: Mock&lt;ILiftsRepository:2&gt;, liftsSlopesRepositoryStub: Mock&lt;ILiftsSlopesRepository:2&gt;, sut: LiftsService { })" computerName="DESKTOP-TJ9D65N" duration="00:00:00.0968870" startTime="2022-11-03T20:49:22.0522823+03:00" endTime="2022-11-03T20:49:22.0522824+03:00" testType="13cdc9d9-ddb5-4fa4-a97d-d965ccfc6d4b" outcome="Passed" testListId="8c84fa94-04c1-424b-9868-57a2d4851a1d" relativeResultsDirectory="737497fe-8307-4267-bb74-d0cc6cf06781" />
    <UnitTestResult executionId="dad35d1e-8728-4f60-aca2-ea866f88ea6a" testId="aa28a6b3-21d3-aa45-24d3-bef2facbc899" testName="BL.Tests.CheckPermissionsServiceTests.AuthorizedHasAccessToAuthorizedFunctions(functionName: &quot;LogOutAsync&quot;)" computerName="DESKTOP-TJ9D65N" duration="00:00:00.0011812" startTime="2022-11-03T20:49:22.2019221+03:00" endTime="2022-11-03T20:49:22.2019222+03:00" testType="13cdc9d9-ddb5-4fa4-a97d-d965ccfc6d4b" outcome="Passed" testListId="8c84fa94-04c1-424b-9868-57a2d4851a1d" relativeResultsDirectory="dad35d1e-8728-4f60-aca2-ea866f88ea6a" />
    <UnitTestResult executionId="b251a795-bb18-4200-9703-faa81305cae1" testId="5d7764bc-39d5-9473-bcb4-78eb967acabd" testName="BL.Tests.SlopesServiceTest.TestGetSlopeInfoAsync(userID: 46, slope: Slope { SlopeID = 86, SlopeName = slopeName69b4cb90-d58c-4364-a072-0e05a3c25dce, IsOpen = True, DifficultyLevel = 54, ConnectedLifts =  }, checkPermissionServiceMock: Mock&lt;ICheckPermissionService:6&gt;, slopesRepositoryStub: Mock&lt;ISlopesRepository:4&gt;, liftsSlopesRepositoryStub: Mock&lt;ILiftsSlopesRepository:9&gt;, sut: SlopesService { })" computerName="DESKTOP-TJ9D65N" duration="00:00:00.0134026" startTime="2022-11-03T20:49:22.0493724+03:00" endTime="2022-11-03T20:49:22.0493725+03:00" testType="13cdc9d9-ddb5-4fa4-a97d-d965ccfc6d4b" outcome="Passed" testListId="8c84fa94-04c1-424b-9868-57a2d4851a1d" relativeResultsDirectory="b251a795-bb18-4200-9703-faa81305cae1" />
    <UnitTestResult executionId="60ce3f4c-c688-41ac-ab9c-f4cdbf98c42e" testId="a9a8e8eb-d91a-2cbb-f3ae-9d545b2eaf49" testName="BL.Tests.SlopesServiceTest.TestAdminAddAutoIncrementSlopeAsync(userID: 153, slope: Slope { SlopeID = 65, SlopeName = slopeNameabb759d8-68fd-489a-815e-feee47ab90ff, IsOpen = True, DifficultyLevel = 178, ConnectedLifts =  }, checkPermissionServiceMock: Mock&lt;ICheckPermissionService:10&gt;, slopesRepositoryStub: Mock&lt;ISlopesRepository:8&gt;, sut: SlopesService { })" computerName="DESKTOP-TJ9D65N" duration="00:00:00.0492668" startTime="2022-11-03T20:49:21.8950658+03:00" endTime="2022-11-03T20:49:21.8951056+03:00" testType="13cdc9d9-ddb5-4fa4-a97d-d965ccfc6d4b" outcome="Passed" testListId="8c84fa94-04c1-424b-9868-57a2d4851a1d" relativeResultsDirectory="60ce3f4c-c688-41ac-ab9c-f4cdbf98c42e" />
    <UnitTestResult executionId="9e9b81ac-ef30-4f7b-b52b-3644a536f35e" testId="8184bd30-991c-b78d-b4ec-99a485eac0dd" testName="BL.Tests.UsersServiceTests.TestRegisterUserWithNoEmail" computerName="DESKTOP-TJ9D65N" duration="00:00:00.0039385" startTime="2022-11-03T20:49:21.9531012+03:00" endTime="2022-11-03T20:49:21.9531013+03:00" testType="13cdc9d9-ddb5-4fa4-a97d-d965ccfc6d4b" outcome="Passed" testListId="8c84fa94-04c1-424b-9868-57a2d4851a1d" relativeResultsDirectory="9e9b81ac-ef30-4f7b-b52b-3644a536f35e" />
    <UnitTestResult executionId="ad2db277-42d8-47f4-97b1-3a2d6fc0bf9b" testId="67508405-51f0-0551-863b-024d21220251" testName="BL.Tests.TurnstilesServiceTest.TestAdminUpdateTurnstileAsync(userID: 83, turnstile: Turnstile { TurnstileID = 251, LiftID = 186, IsOpen = True }, checkPermissionServiceMock: Mock&lt;ICheckPermissionService:14&gt;, turnstilesRepositoryStub: Mock&lt;ITurnstilesRepository:8&gt;, sut: TurnstilesService { })" computerName="DESKTOP-TJ9D65N" duration="00:00:00.0063523" startTime="2022-11-03T20:49:22.0522369+03:00" endTime="2022-11-03T20:49:22.0522370+03:00" testType="13cdc9d9-ddb5-4fa4-a97d-d965ccfc6d4b" outcome="Passed" testListId="8c84fa94-04c1-424b-9868-57a2d4851a1d" relativeResultsDirectory="ad2db277-42d8-47f4-97b1-3a2d6fc0bf9b" />
    <UnitTestResult executionId="5ed1d184-7747-49e3-b54d-45714cb8c473" testId="68139cb1-2d71-3b9b-61f1-959cf821ff67" testName="BL.Tests.SlopesServiceTest.TestUpdateSlopeInfoAsync(userID: 217, slope: Slope { SlopeID = 106, SlopeName = slopeName61696e7d-6c5e-48b5-8b7d-2a72427a2dfe, IsOpen = True, DifficultyLevel = 134, ConnectedLifts =  }, checkPermissionServiceMock: Mock&lt;ICheckPermissionService:8&gt;, slopesRepositoryStub: Mock&lt;ISlopesRepository:6&gt;, sut: SlopesService { })" computerName="DESKTOP-TJ9D65N" duration="00:00:00.0074430" startTime="2022-11-03T20:49:22.1149966+03:00" endTime="2022-11-03T20:49:22.1149967+03:00" testType="13cdc9d9-ddb5-4fa4-a97d-d965ccfc6d4b" outcome="Passed" testListId="8c84fa94-04c1-424b-9868-57a2d4851a1d" relativeResultsDirectory="5ed1d184-7747-49e3-b54d-45714cb8c473" />
    <UnitTestResult executionId="08373031-d9c4-42d2-802f-2512823f6967" testId="834c739b-eca4-b36d-6a66-5a1bd75377b8" testName="BL.Tests.UsersServiceTests.TestAdminAddAutoIncrementUser" computerName="DESKTOP-TJ9D65N" duration="00:00:00.0085276" startTime="2022-11-03T20:49:22.1701672+03:00" endTime="2022-11-03T20:49:22.1701673+03:00" testType="13cdc9d9-ddb5-4fa4-a97d-d965ccfc6d4b" outcome="Passed" testListId="8c84fa94-04c1-424b-9868-57a2d4851a1d" relativeResultsDirectory="08373031-d9c4-42d2-802f-2512823f6967" />
    <UnitTestResult executionId="fe7ae5c0-da82-40c8-b2da-dedb6b1428dc" testId="1c5c869b-1948-6f07-3a57-72adbf4d8782" testName="BL.Tests.TurnstilesServiceTest.TestAdminGetTurnstilesAsync(userID: 245, initialTurnstiles: [Turnstile { TurnstileID = 100, LiftID = 82, IsOpen = True }, Turnstile { TurnstileID = 234, LiftID = 228, IsOpen = False }, Turnstile { TurnstileID = 167, LiftID = 68, IsOpen = True }], checkPermissionServiceMock: Mock&lt;ICheckPermissionService:13&gt;, turnstilesRepositoryStub: Mock&lt;ITurnstilesRepository:7&gt;, sut: TurnstilesService { })" computerName="DESKTOP-TJ9D65N" duration="00:00:00.0496924" startTime="2022-11-03T20:49:21.8992587+03:00" endTime="2022-11-03T20:49:21.8992588+03:00" testType="13cdc9d9-ddb5-4fa4-a97d-d965ccfc6d4b" outcome="Passed" testListId="8c84fa94-04c1-424b-9868-57a2d4851a1d" relativeResultsDirectory="fe7ae5c0-da82-40c8-b2da-dedb6b1428dc" />
    <UnitTestResult executionId="31954088-a4ed-41a5-bdba-86e4bdf7b84f" testId="1ca07ad8-f799-c5d4-e7cc-34fd950198a2" testName="BL.Tests.UsersServiceTests.TestLogInOk" computerName="DESKTOP-TJ9D65N" duration="00:00:00.0037870" startTime="2022-11-03T20:49:22.1308370+03:00" endTime="2022-11-03T20:49:22.1308371+03:00" testType="13cdc9d9-ddb5-4fa4-a97d-d965ccfc6d4b" outcome="Passed" testListId="8c84fa94-04c1-424b-9868-57a2d4851a1d" relativeResultsDirectory="31954088-a4ed-41a5-bdba-86e4bdf7b84f" />
  </Results>
  <TestDefinitions>
    <UnitTest name="BL.Tests.UsersServiceTests.TestAdminAddAutoIncrementUser" storage="/mnt/c/users/alena/desktop/7_sem/testing_and_debugging/skiresort/bl.tests/bin/debug/net6.0/bl.tests.dll" id="834c739b-eca4-b36d-6a66-5a1bd75377b8">
      <Execution id="08373031-d9c4-42d2-802f-2512823f6967" />
      <TestMethod codeBase="/mnt/c/Users/alena/Desktop/7_sem/testing_and_debugging/SkiResort/BL.Tests/bin/Debug/net6.0/BL.Tests.dll" adapterTypeName="executor://xunit/VsTestRunner2/netcoreapp" className="BL.Tests.UsersServiceTests" name="TestAdminAddAutoIncrementUser" />
    </UnitTest>
    <UnitTest name="BL.Tests.LiftsServiceTest.TestUpdateLiftInfoAsync(userID: 44, lift: Lift { LiftID = 95, LiftName = liftNamefaa7ea12-2956-47ce-b1d3-b50ad1f4cb80, IsOpen = True, SeatsAmount = 254, LiftingTime = 92, QueueTime = 130, ConnectedSlopes =  }, checkPermissionServiceMock: Mock&lt;ICheckPermissionService:3&gt;, liftsRepositoryStub: Mock&lt;ILiftsRepository:3&gt;, sut: LiftsService { })" storage="/mnt/c/users/alena/desktop/7_sem/testing_and_debugging/skiresort/bl.tests/bin/debug/net6.0/bl.tests.dll" id="ee80ea26-1eb8-ee7a-88c3-d3e9896a4743">
      <Execution id="a0439f0c-76f9-463a-b7d3-fe2fb127628a" />
      <TestMethod codeBase="/mnt/c/Users/alena/Desktop/7_sem/testing_and_debugging/SkiResort/BL.Tests/bin/Debug/net6.0/BL.Tests.dll" adapterTypeName="executor://xunit/VsTestRunner2/netcoreapp" className="BL.Tests.LiftsServiceTest" name="TestUpdateLiftInfoAsync" />
    </UnitTest>
    <UnitTest name="BL.Tests.CheckPermissionsServiceTests.SkiPatrolHasAccessToAdminSkiPatrolFunctions(functionName: &quot;MarkMessageReadByUserAsync&quot;)" storage="/mnt/c/users/alena/desktop/7_sem/testing_and_debugging/skiresort/bl.tests/bin/debug/net6.0/bl.tests.dll" id="60bd668f-04df-da5e-b79b-5d9aedb5234d">
      <Execution id="dc3baa43-c419-477c-b234-95786b80c426" />
      <TestMethod codeBase="/mnt/c/Users/alena/Desktop/7_sem/testing_and_debugging/SkiResort/BL.Tests/bin/Debug/net6.0/BL.Tests.dll" adapterTypeName="executor://xunit/VsTestRunner2/netcoreapp" className="BL.Tests.CheckPermissionsServiceTests" name="SkiPatrolHasAccessToAdminSkiPatrolFunctions" />
    </UnitTest>
    <UnitTest name="BL.Tests.CheckPermissionsServiceTests.AuthorizedHasAccessToAuthorizedFunctions(functionName: &quot;SendMessageAsync&quot;)" storage="/mnt/c/users/alena/desktop/7_sem/testing_and_debugging/skiresort/bl.tests/bin/debug/net6.0/bl.tests.dll" id="644ec43e-70cd-c82d-42e7-0d990be1414d">
      <Execution id="6bea05cd-f2aa-4ec9-a4e5-f6112082c5c5" />
      <TestMethod codeBase="/mnt/c/Users/alena/Desktop/7_sem/testing_and_debugging/SkiResort/BL.Tests/bin/Debug/net6.0/BL.Tests.dll" adapterTypeName="executor://xunit/VsTestRunner2/netcoreapp" className="BL.Tests.CheckPermissionsServiceTests" name="AuthorizedHasAccessToAuthorizedFunctions" />
    </UnitTest>
    <UnitTest name="BL.Tests.LiftsServiceTest.TestGetLiftsInfoAsync(userID: 99, initialLifts: [Lift { LiftID = 127, LiftName = liftNameb2482b12-87cc-4bb2-bcb6-b601be165518, IsOpen = True, SeatsAmount = 109, LiftingTime = 159, QueueTime = 192, ConnectedSlopes =  }, Lift { LiftID = 55, LiftName = liftNamed4505d70-eacd-4349-9e8b-b9dedbeb53b0, IsOpen = False, SeatsAmount = 124, LiftingTime = 29, QueueTime = 14, ConnectedSlopes =  }, Lift { LiftID = 139, LiftName =..." storage="/mnt/c/users/alena/desktop/7_sem/testing_and_debugging/skiresort/bl.tests/bin/debug/net6.0/bl.tests.dll" id="b6f72858-0d87-d9b0-93d4-7aa27b23787f">
      <Execution id="737497fe-8307-4267-bb74-d0cc6cf06781" />
      <TestMethod codeBase="/mnt/c/Users/alena/Desktop/7_sem/testing_and_debugging/SkiResort/BL.Tests/bin/Debug/net6.0/BL.Tests.dll" adapterTypeName="executor://xunit/VsTestRunner2/netcoreapp" className="BL.Tests.LiftsServiceTest" name="TestGetLiftsInfoAsync" />
    </UnitTest>
    <UnitTest name="BL.Tests.CheckPermissionsServiceTests.AuthorizedHasNoAccessToAdminSkiPatrolFunctions(functionName: &quot;MarkMessageReadByUserAsync&quot;)" storage="/mnt/c/users/alena/desktop/7_sem/testing_and_debugging/skiresort/bl.tests/bin/debug/net6.0/bl.tests.dll" id="9c7df5e2-1b23-ebea-889f-b78ca86b60ab">
      <Execution id="d5a5c289-0c2d-49b4-af9e-643ea78333a5" />
      <TestMethod codeBase="/mnt/c/Users/alena/Desktop/7_sem/testing_and_debugging/SkiResort/BL.Tests/bin/Debug/net6.0/BL.Tests.dll" adapterTypeName="executor://xunit/VsTestRunner2/netcoreapp" className="BL.Tests.CheckPermissionsServiceTests" name="AuthorizedHasNoAccessToAdminSkiPatrolFunctions" />
    </UnitTest>
    <UnitTest name="BL.Tests.CheckPermissionsServiceTests.UnauthorizedHasNoAccessToAuthorizedFunctions(functionName: &quot;SendMessageAsync&quot;)" storage="/mnt/c/users/alena/desktop/7_sem/testing_and_debugging/skiresort/bl.tests/bin/debug/net6.0/bl.tests.dll" id="eaabd2fc-2f4b-5689-59c8-c7ad34a8f634">
      <Execution id="0fcf8340-28a1-4f48-bc21-5ab5d2c1d5ff" />
      <TestMethod codeBase="/mnt/c/Users/alena/Desktop/7_sem/testing_and_debugging/SkiResort/BL.Tests/bin/Debug/net6.0/BL.Tests.dll" adapterTypeName="executor://xunit/VsTestRunner2/netcoreapp" className="BL.Tests.CheckPermissionsServiceTests" name="UnauthorizedHasNoAccessToAuthorizedFunctions" />
    </UnitTest>
    <UnitTest name="BL.Tests.CheckPermissionsServiceTests.AdminHasAccessToAllFunctions" storage="/mnt/c/users/alena/desktop/7_sem/testing_and_debugging/skiresort/bl.tests/bin/debug/net6.0/bl.tests.dll" id="f3efc418-a8a6-c7b7-9bac-90b33aa8472f">
      <Execution id="228658d9-a678-4cc0-a7be-4b0bd916e82e" />
      <TestMethod codeBase="/mnt/c/Users/alena/Desktop/7_sem/testing_and_debugging/SkiResort/BL.Tests/bin/Debug/net6.0/BL.Tests.dll" adapterTypeName="executor://xunit/VsTestRunner2/netcoreapp" className="BL.Tests.CheckPermissionsServiceTests" name="AdminHasAccessToAllFunctions" />
    </UnitTest>
    <UnitTest name="BL.Tests.UsersServiceTests.TestLogInOk" storage="/mnt/c/users/alena/desktop/7_sem/testing_and_debugging/skiresort/bl.tests/bin/debug/net6.0/bl.tests.dll" id="1ca07ad8-f799-c5d4-e7cc-34fd950198a2">
      <Execution id="31954088-a4ed-41a5-bdba-86e4bdf7b84f" />
      <TestMethod codeBase="/mnt/c/Users/alena/Desktop/7_sem/testing_and_debugging/SkiResort/BL.Tests/bin/Debug/net6.0/BL.Tests.dll" adapterTypeName="executor://xunit/VsTestRunner2/netcoreapp" className="BL.Tests.UsersServiceTests" name="TestLogInOk" />
    </UnitTest>
    <UnitTest name="BL.Tests.CheckPermissionsServiceTests.UnauthorizedHasNoAccessToAdminSkiPatrolFunctions(functionName: &quot;MarkMessageReadByUserAsync&quot;)" storage="/mnt/c/users/alena/desktop/7_sem/testing_and_debugging/skiresort/bl.tests/bin/debug/net6.0/bl.tests.dll" id="a19a5fcf-c5d2-7d44-5d7d-84403042f4e0">
      <Execution id="130f680e-ec03-4051-8d4c-87653ed98fc3" />
      <TestMethod codeBase="/mnt/c/Users/alena/Desktop/7_sem/testing_and_debugging/SkiResort/BL.Tests/bin/Debug/net6.0/BL.Tests.dll" adapterTypeName="executor://xunit/VsTestRunner2/netcoreapp" className="BL.Tests.CheckPermissionsServiceTests" name="UnauthorizedHasNoAccessToAdminSkiPatrolFunctions" />
    </UnitTest>
    <UnitTest name="BL.Tests.CheckPermissionsServiceTests.AuthorizedHasAccessToAuthorizedFunctions(functionName: &quot;LogOutAsync&quot;)" storage="/mnt/c/users/alena/desktop/7_sem/testing_and_debugging/skiresort/bl.tests/bin/debug/net6.0/bl.tests.dll" id="aa28a6b3-21d3-aa45-24d3-bef2facbc899">
      <Execution id="dad35d1e-8728-4f60-aca2-ea866f88ea6a" />
      <TestMethod codeBase="/mnt/c/Users/alena/Desktop/7_sem/testing_and_debugging/SkiResort/BL.Tests/bin/Debug/net6.0/BL.Tests.dll" adapterTypeName="executor://xunit/VsTestRunner2/netcoreapp" className="BL.Tests.CheckPermissionsServiceTests" name="AuthorizedHasAccessToAuthorizedFunctions" />
    </UnitTest>
    <UnitTest name="BL.Tests.CheckPermissionsServiceTests.SkiPatrolHasAccessToAdminSkiPatrolFunctions(functionName: &quot;GetMessagesAsync&quot;)" storage="/mnt/c/users/alena/desktop/7_sem/testing_and_debugging/skiresort/bl.tests/bin/debug/net6.0/bl.tests.dll" id="c36970dc-93f7-753e-fa47-157133b01644">
      <Execution id="6eb3a794-d1f3-468e-8d5f-3f2b7fd4656e" />
      <TestMethod codeBase="/mnt/c/Users/alena/Desktop/7_sem/testing_and_debugging/SkiResort/BL.Tests/bin/Debug/net6.0/BL.Tests.dll" adapterTypeName="executor://xunit/VsTestRunner2/netcoreapp" className="BL.Tests.CheckPermissionsServiceTests" name="SkiPatrolHasAccessToAdminSkiPatrolFunctions" />
    </UnitTest>
    <UnitTest name="BL.Tests.TurnstilesServiceTest.TestAdminGetTurnstileAsync(userID: 93, turnstile: Turnstile { TurnstileID = 89, LiftID = 172, IsOpen = True }, checkPermissionServiceMock: Mock&lt;ICheckPermissionService:12&gt;, turnstilesRepositoryStub: Mock&lt;ITurnstilesRepository:6&gt;, sut: TurnstilesService { })" storage="/mnt/c/users/alena/desktop/7_sem/testing_and_debugging/skiresort/bl.tests/bin/debug/net6.0/bl.tests.dll" id="9c44f7b5-812f-aef1-48c9-154b4ad736fd">
      <Execution id="0cd85586-a30f-4122-9f23-85c163a15b2c" />
      <TestMethod codeBase="/mnt/c/Users/alena/Desktop/7_sem/testing_and_debugging/SkiResort/BL.Tests/bin/Debug/net6.0/BL.Tests.dll" adapterTypeName="executor://xunit/VsTestRunner2/netcoreapp" className="BL.Tests.TurnstilesServiceTest" name="TestAdminGetTurnstileAsync" />
    </UnitTest>
    <UnitTest name="BL.Tests.SlopesServiceTest.TestGetSlopesInfoAsync(userID: 18, initialSlopes: [Slope { SlopeID = 22, SlopeName = slopeNamede78c429-ce31-455b-9701-1102cf89c687, IsOpen = True, DifficultyLevel = 63, ConnectedLifts =  }, Slope { SlopeID = 231, SlopeName = slopeNamef8c016c3-51ec-426a-b478-eaa3b868a187, IsOpen = False, DifficultyLevel = 122, ConnectedLifts =  }, Slope { SlopeID = 211, SlopeName = slopeName78298411-ad43-4ba1-93f2-55b2944b51dd, IsO..." storage="/mnt/c/users/alena/desktop/7_sem/testing_and_debugging/skiresort/bl.tests/bin/debug/net6.0/bl.tests.dll" id="083730a3-ac4d-647e-1c05-acb624f3aa1d">
      <Execution id="44259a09-6c46-4c38-b302-ac6c5c7968f8" />
      <TestMethod codeBase="/mnt/c/Users/alena/Desktop/7_sem/testing_and_debugging/SkiResort/BL.Tests/bin/Debug/net6.0/BL.Tests.dll" adapterTypeName="executor://xunit/VsTestRunner2/netcoreapp" className="BL.Tests.SlopesServiceTest" name="TestGetSlopesInfoAsync" />
    </UnitTest>
    <UnitTest name="BL.Tests.CheckPermissionsServiceTests.AuthorizedHasNoAccessToAdminFunctions" storage="/mnt/c/users/alena/desktop/7_sem/testing_and_debugging/skiresort/bl.tests/bin/debug/net6.0/bl.tests.dll" id="a2e59116-cb53-1d70-9cb8-21c286516866">
      <Execution id="ca8c3b1c-bc95-4006-b151-2f21313dbf41" />
      <TestMethod codeBase="/mnt/c/Users/alena/Desktop/7_sem/testing_and_debugging/SkiResort/BL.Tests/bin/Debug/net6.0/BL.Tests.dll" adapterTypeName="executor://xunit/VsTestRunner2/netcoreapp" className="BL.Tests.CheckPermissionsServiceTests" name="AuthorizedHasNoAccessToAdminFunctions" />
    </UnitTest>
    <UnitTest name="BL.Tests.CheckPermissionsServiceTests.SkiPatrolHasAccessToAdminSkiPatrolFunctions(functionName: &quot;GetLiftsSlopesInfoAsync&quot;)" storage="/mnt/c/users/alena/desktop/7_sem/testing_and_debugging/skiresort/bl.tests/bin/debug/net6.0/bl.tests.dll" id="2d706594-f2b3-b3c8-21d4-86c9798c3306">
      <Execution id="546b02b7-a628-4c7a-ac24-6656f33c7543" />
      <TestMethod codeBase="/mnt/c/Users/alena/Desktop/7_sem/testing_and_debugging/SkiResort/BL.Tests/bin/Debug/net6.0/BL.Tests.dll" adapterTypeName="executor://xunit/VsTestRunner2/netcoreapp" className="BL.Tests.CheckPermissionsServiceTests" name="SkiPatrolHasAccessToAdminSkiPatrolFunctions" />
    </UnitTest>
    <UnitTest name="BL.Tests.CheckPermissionsServiceTests.AuthorizedHasNoAccessToAdminSkiPatrolFunctions(functionName: &quot;GetLiftsSlopesInfoAsync&quot;)" storage="/mnt/c/users/alena/desktop/7_sem/testing_and_debugging/skiresort/bl.tests/bin/debug/net6.0/bl.tests.dll" id="4f297306-d4f3-8d63-e7f4-1ac0b8c58c74">
      <Execution id="a283d12e-8858-4d7b-af44-5b333882fb18" />
      <TestMethod codeBase="/mnt/c/Users/alena/Desktop/7_sem/testing_and_debugging/SkiResort/BL.Tests/bin/Debug/net6.0/BL.Tests.dll" adapterTypeName="executor://xunit/VsTestRunner2/netcoreapp" className="BL.Tests.CheckPermissionsServiceTests" name="AuthorizedHasNoAccessToAdminSkiPatrolFunctions" />
    </UnitTest>
    <UnitTest name="BL.Tests.CheckPermissionsServiceTests.UnauthorizedHasNoAccessToAdminSkiPatrolFunctions(functionName: &quot;GetLiftsSlopesInfoAsync&quot;)" storage="/mnt/c/users/alena/desktop/7_sem/testing_and_debugging/skiresort/bl.tests/bin/debug/net6.0/bl.tests.dll" id="387c9729-48c1-486e-5e67-f5d11a9f0db8">
      <Execution id="c3fa26be-2683-41ee-8cfd-60b2844a63ec" />
      <TestMethod codeBase="/mnt/c/Users/alena/Desktop/7_sem/testing_and_debugging/SkiResort/BL.Tests/bin/Debug/net6.0/BL.Tests.dll" adapterTypeName="executor://xunit/VsTestRunner2/netcoreapp" className="BL.Tests.CheckPermissionsServiceTests" name="UnauthorizedHasNoAccessToAdminSkiPatrolFunctions" />
    </UnitTest>
    <UnitTest name="BL.Tests.LiftsSlopesServiceTests.TestAdminDeleteLiftSlopeAsync(lift: Lift { LiftID = 213, LiftName = liftNamed998cd3c-45d3-4856-9c7d-ae6825434a3f, IsOpen = True, SeatsAmount = 31, LiftingTime = 156, QueueTime = 170, ConnectedSlopes =  }, slope: Slope { SlopeID = 164, SlopeName = slopeNameae15a379-8b96-4f12-9206-af6f586b8978, IsOpen = False, DifficultyLevel = 195, ConnectedLifts =  }, slopesRepositoryStub: Mock&lt;ISlopesRepository:2&gt;, liftsRep..." storage="/mnt/c/users/alena/desktop/7_sem/testing_and_debugging/skiresort/bl.tests/bin/debug/net6.0/bl.tests.dll" id="988f1166-d741-dea6-f0fe-d23628ecc046">
      <Execution id="5a546f5e-da36-410d-aced-ade5c17ccd2f" />
      <TestMethod codeBase="/mnt/c/Users/alena/Desktop/7_sem/testing_and_debugging/SkiResort/BL.Tests/bin/Debug/net6.0/BL.Tests.dll" adapterTypeName="executor://xunit/VsTestRunner2/netcoreapp" className="BL.Tests.LiftsSlopesServiceTests" name="TestAdminDeleteLiftSlopeAsync" />
    </UnitTest>
    <UnitTest name="BL.Tests.UsersServiceTests.TestRegisterUserWithRepeatedEmail" storage="/mnt/c/users/alena/desktop/7_sem/testing_and_debugging/skiresort/bl.tests/bin/debug/net6.0/bl.tests.dll" id="894941c1-bfa7-d8f9-c047-1e1ceefe2c2f">
      <Execution id="12f51dd0-4366-4b15-b582-e88823f290a2" />
      <TestMethod codeBase="/mnt/c/Users/alena/Desktop/7_sem/testing_and_debugging/SkiResort/BL.Tests/bin/Debug/net6.0/BL.Tests.dll" adapterTypeName="executor://xunit/VsTestRunner2/netcoreapp" className="BL.Tests.UsersServiceTests" name="TestRegisterUserWithRepeatedEmail" />
    </UnitTest>
    <UnitTest name="BL.Tests.TurnstilesServiceTest.TestAdminGetTurnstilesAsync(userID: 245, initialTurnstiles: [Turnstile { TurnstileID = 100, LiftID = 82, IsOpen = True }, Turnstile { TurnstileID = 234, LiftID = 228, IsOpen = False }, Turnstile { TurnstileID = 167, LiftID = 68, IsOpen = True }], checkPermissionServiceMock: Mock&lt;ICheckPermissionService:13&gt;, turnstilesRepositoryStub: Mock&lt;ITurnstilesRepository:7&gt;, sut: TurnstilesService { })" storage="/mnt/c/users/alena/desktop/7_sem/testing_and_debugging/skiresort/bl.tests/bin/debug/net6.0/bl.tests.dll" id="1c5c869b-1948-6f07-3a57-72adbf4d8782">
      <Execution id="fe7ae5c0-da82-40c8-b2da-dedb6b1428dc" />
      <TestMethod codeBase="/mnt/c/Users/alena/Desktop/7_sem/testing_and_debugging/SkiResort/BL.Tests/bin/Debug/net6.0/BL.Tests.dll" adapterTypeName="executor://xunit/VsTestRunner2/netcoreapp" className="BL.Tests.TurnstilesServiceTest" name="TestAdminGetTurnstilesAsync" />
    </UnitTest>
    <UnitTest name="BL.Tests.CheckPermissionsServiceTests.UnauthorizedHasNoAccessToAdminFunctions" storage="/mnt/c/users/alena/desktop/7_sem/testing_and_debugging/skiresort/bl.tests/bin/debug/net6.0/bl.tests.dll" id="e2d7e5be-3dae-33ae-fb17-c704b6fd58d6">
      <Execution id="bd04e08c-a1a1-4ebd-92d5-17fe3ed39bed" />
      <TestMethod codeBase="/mnt/c/Users/alena/Desktop/7_sem/testing_and_debugging/SkiResort/BL.Tests/bin/Debug/net6.0/BL.Tests.dll" adapterTypeName="executor://xunit/VsTestRunner2/netcoreapp" className="BL.Tests.CheckPermissionsServiceTests" name="UnauthorizedHasNoAccessToAdminFunctions" />
    </UnitTest>
    <UnitTest name="BL.Tests.UsersServiceTests.TestRegisterUserWithNoPassword" storage="/mnt/c/users/alena/desktop/7_sem/testing_and_debugging/skiresort/bl.tests/bin/debug/net6.0/bl.tests.dll" id="f44a1b21-8efc-bfac-63b4-d534442def31">
      <Execution id="aa6998c3-8970-4c4b-8091-53477443ea0d" />
      <TestMethod codeBase="/mnt/c/Users/alena/Desktop/7_sem/testing_and_debugging/SkiResort/BL.Tests/bin/Debug/net6.0/BL.Tests.dll" adapterTypeName="executor://xunit/VsTestRunner2/netcoreapp" className="BL.Tests.UsersServiceTests" name="TestRegisterUserWithNoPassword" />
    </UnitTest>
    <UnitTest name="BL.Tests.LiftsSlopesServiceTests.TestAdminAddAutoIncrementLiftSlopeAsync(lift: Lift { LiftID = 204, LiftName = liftNamea70fba95-005d-427c-8797-1938a7109e1c, IsOpen = True, SeatsAmount = 217, LiftingTime = 198, QueueTime = 188, ConnectedSlopes =  }, slope: Slope { SlopeID = 184, SlopeName = slopeName66d863bc-48fb-4835-beb6-40805c935af7, IsOpen = False, DifficultyLevel = 93, ConnectedLifts =  }, slopesRepositoryStub: Mock&lt;ISlopesRepository:3&gt;..." storage="/mnt/c/users/alena/desktop/7_sem/testing_and_debugging/skiresort/bl.tests/bin/debug/net6.0/bl.tests.dll" id="1b39b88c-3c06-05cb-31f2-f4d9b7462f65">
      <Execution id="aeaa3355-5027-430c-9030-853de57b59ef" />
      <TestMethod codeBase="/mnt/c/Users/alena/Desktop/7_sem/testing_and_debugging/SkiResort/BL.Tests/bin/Debug/net6.0/BL.Tests.dll" adapterTypeName="executor://xunit/VsTestRunner2/netcoreapp" className="BL.Tests.LiftsSlopesServiceTests" name="TestAdminAddAutoIncrementLiftSlopeAsync" />
    </UnitTest>
    <UnitTest name="BL.Tests.CheckPermissionsServiceTests.SkiPatrolHasNoAccessToAdminFunctions" storage="/mnt/c/users/alena/desktop/7_sem/testing_and_debugging/skiresort/bl.tests/bin/debug/net6.0/bl.tests.dll" id="492c0393-35b4-df26-a537-21ca08302f3c">
      <Execution id="a5b0d60e-9fa6-4619-a610-b5fbc5983355" />
      <TestMethod codeBase="/mnt/c/Users/alena/Desktop/7_sem/testing_and_debugging/SkiResort/BL.Tests/bin/Debug/net6.0/BL.Tests.dll" adapterTypeName="executor://xunit/VsTestRunner2/netcoreapp" className="BL.Tests.CheckPermissionsServiceTests" name="SkiPatrolHasNoAccessToAdminFunctions" />
    </UnitTest>
    <UnitTest name="BL.Tests.UsersServiceTests.TestAdminDeleteUser" storage="/mnt/c/users/alena/desktop/7_sem/testing_and_debugging/skiresort/bl.tests/bin/debug/net6.0/bl.tests.dll" id="18fa8c62-e27d-e1fc-8182-4d7db62b008d">
      <Execution id="9f75915d-8b26-433e-b91b-c83526ed6625" />
      <TestMethod codeBase="/mnt/c/Users/alena/Desktop/7_sem/testing_and_debugging/SkiResort/BL.Tests/bin/Debug/net6.0/BL.Tests.dll" adapterTypeName="executor://xunit/VsTestRunner2/netcoreapp" className="BL.Tests.UsersServiceTests" name="TestAdminDeleteUser" />
    </UnitTest>
    <UnitTest name="BL.Tests.UsersServiceTests.TestLogInWithWrongPassword" storage="/mnt/c/users/alena/desktop/7_sem/testing_and_debugging/skiresort/bl.tests/bin/debug/net6.0/bl.tests.dll" id="69340bb6-3645-f9dd-971e-29d8b2a009bb">
      <Execution id="e916d5d9-7294-440c-8eb1-c834bc0fd3fd" />
      <TestMethod codeBase="/mnt/c/Users/alena/Desktop/7_sem/testing_and_debugging/SkiResort/BL.Tests/bin/Debug/net6.0/BL.Tests.dll" adapterTypeName="executor://xunit/VsTestRunner2/netcoreapp" className="BL.Tests.UsersServiceTests" name="TestLogInWithWrongPassword" />
    </UnitTest>
    <UnitTest name="BL.Tests.SlopesServiceTest.TestAdminAddAutoIncrementSlopeAsync(userID: 153, slope: Slope { SlopeID = 65, SlopeName = slopeNameabb759d8-68fd-489a-815e-feee47ab90ff, IsOpen = True, DifficultyLevel = 178, ConnectedLifts =  }, checkPermissionServiceMock: Mock&lt;ICheckPermissionService:10&gt;, slopesRepositoryStub: Mock&lt;ISlopesRepository:8&gt;, sut: SlopesService { })" storage="/mnt/c/users/alena/desktop/7_sem/testing_and_debugging/skiresort/bl.tests/bin/debug/net6.0/bl.tests.dll" id="a9a8e8eb-d91a-2cbb-f3ae-9d545b2eaf49">
      <Execution id="60ce3f4c-c688-41ac-ab9c-f4cdbf98c42e" />
      <TestMethod codeBase="/mnt/c/Users/alena/Desktop/7_sem/testing_and_debugging/SkiResort/BL.Tests/bin/Debug/net6.0/BL.Tests.dll" adapterTypeName="executor://xunit/VsTestRunner2/netcoreapp" className="BL.Tests.SlopesServiceTest" name="TestAdminAddAutoIncrementSlopeAsync" />
    </UnitTest>
    <UnitTest name="BL.Tests.SlopesServiceTest.TestAdminAddSlopeAsync(userID: 154, slope: Slope { SlopeID = 88, SlopeName = slopeName70be1702-e14a-4b69-8a5d-852743d88f65, IsOpen = True, DifficultyLevel = 171, ConnectedLifts =  }, checkPermissionServiceMock: Mock&lt;ICheckPermissionService:11&gt;, slopesRepositoryStub: Mock&lt;ISlopesRepository:9&gt;, sut: SlopesService { })" storage="/mnt/c/users/alena/desktop/7_sem/testing_and_debugging/skiresort/bl.tests/bin/debug/net6.0/bl.tests.dll" id="85ed6872-ecd2-6354-e37e-acd12c401a2a">
      <Execution id="43d1420c-d1c8-49d7-838b-c2e5ffab1103" />
      <TestMethod codeBase="/mnt/c/Users/alena/Desktop/7_sem/testing_and_debugging/SkiResort/BL.Tests/bin/Debug/net6.0/BL.Tests.dll" adapterTypeName="executor://xunit/VsTestRunner2/netcoreapp" className="BL.Tests.SlopesServiceTest" name="TestAdminAddSlopeAsync" />
    </UnitTest>
    <UnitTest name="BL.Tests.CheckPermissionsServiceTests.UnauthorizedHasNoAccessToAdminSkiPatrolFunctions(functionName: &quot;GetMessagesAsync&quot;)" storage="/mnt/c/users/alena/desktop/7_sem/testing_and_debugging/skiresort/bl.tests/bin/debug/net6.0/bl.tests.dll" id="229812f5-9a73-5335-11f5-31330d1348a5">
      <Execution id="c666fb01-c02c-4424-b7f6-2f91dd34eda7" />
      <TestMethod codeBase="/mnt/c/Users/alena/Desktop/7_sem/testing_and_debugging/SkiResort/BL.Tests/bin/Debug/net6.0/BL.Tests.dll" adapterTypeName="executor://xunit/VsTestRunner2/netcoreapp" className="BL.Tests.CheckPermissionsServiceTests" name="UnauthorizedHasNoAccessToAdminSkiPatrolFunctions" />
    </UnitTest>
    <UnitTest name="BL.Tests.UsersServiceTests.TestRegisterUserWithNoEmail" storage="/mnt/c/users/alena/desktop/7_sem/testing_and_debugging/skiresort/bl.tests/bin/debug/net6.0/bl.tests.dll" id="8184bd30-991c-b78d-b4ec-99a485eac0dd">
      <Execution id="9e9b81ac-ef30-4f7b-b52b-3644a536f35e" />
      <TestMethod codeBase="/mnt/c/Users/alena/Desktop/7_sem/testing_and_debugging/SkiResort/BL.Tests/bin/Debug/net6.0/BL.Tests.dll" adapterTypeName="executor://xunit/VsTestRunner2/netcoreapp" className="BL.Tests.UsersServiceTests" name="TestRegisterUserWithNoEmail" />
    </UnitTest>
    <UnitTest name="BL.Tests.CheckPermissionsServiceTests.AuthorizedHasNoAccessToAdminSkiPatrolFunctions(functionName: &quot;GetMessagesAsync&quot;)" storage="/mnt/c/users/alena/desktop/7_sem/testing_and_debugging/skiresort/bl.tests/bin/debug/net6.0/bl.tests.dll" id="2602613f-c8e2-a6d9-fcf7-5b27d4a770a6">
      <Execution id="4805151c-ea99-40f0-b0f2-d09800ed9a29" />
      <TestMethod codeBase="/mnt/c/Users/alena/Desktop/7_sem/testing_and_debugging/SkiResort/BL.Tests/bin/Debug/net6.0/BL.Tests.dll" adapterTypeName="executor://xunit/VsTestRunner2/netcoreapp" className="BL.Tests.CheckPermissionsServiceTests" name="AuthorizedHasNoAccessToAdminSkiPatrolFunctions" />
    </UnitTest>
    <UnitTest name="BL.Tests.UsersServiceTests.TestRegisterOk" storage="/mnt/c/users/alena/desktop/7_sem/testing_and_debugging/skiresort/bl.tests/bin/debug/net6.0/bl.tests.dll" id="0eeef75f-6e38-7893-a8fe-cff3e0a970a7">
      <Execution id="9782b9fd-99ec-4f65-8706-24ad46559781" />
      <TestMethod codeBase="/mnt/c/Users/alena/Desktop/7_sem/testing_and_debugging/SkiResort/BL.Tests/bin/Debug/net6.0/BL.Tests.dll" adapterTypeName="executor://xunit/VsTestRunner2/netcoreapp" className="BL.Tests.UsersServiceTests" name="TestRegisterOk" />
    </UnitTest>
    <UnitTest name="BL.Tests.TurnstilesServiceTest.TestAdminAddAutoIncrementTurnstileAsync(userID: 55, turnstile: Turnstile { TurnstileID = 60, LiftID = 130, IsOpen = True }, checkPermissionServiceMock: Mock&lt;ICheckPermissionService:16&gt;, turnstilesRepositoryStub: Mock&lt;ITurnstilesRepository:10&gt;, sut: TurnstilesService { })" storage="/mnt/c/users/alena/desktop/7_sem/testing_and_debugging/skiresort/bl.tests/bin/debug/net6.0/bl.tests.dll" id="abfe255e-98c7-6c6f-571f-41e6ce1e10da">
      <Execution id="5d275c0e-0b13-4c19-a3fb-bb61989ade6a" />
      <TestMethod codeBase="/mnt/c/Users/alena/Desktop/7_sem/testing_and_debugging/SkiResort/BL.Tests/bin/Debug/net6.0/BL.Tests.dll" adapterTypeName="executor://xunit/VsTestRunner2/netcoreapp" className="BL.Tests.TurnstilesServiceTest" name="TestAdminAddAutoIncrementTurnstileAsync" />
    </UnitTest>
    <UnitTest name="BL.Tests.TurnstilesServiceTest.TestAdminDeleteTurnstileAsync(userID: 146, turnstile: Turnstile { TurnstileID = 66, LiftID = 20, IsOpen = True }, checkPermissionServiceMock: Mock&lt;ICheckPermissionService:15&gt;, turnstilesRepositoryStub: Mock&lt;ITurnstilesRepository:9&gt;, sut: TurnstilesService { })" storage="/mnt/c/users/alena/desktop/7_sem/testing_and_debugging/skiresort/bl.tests/bin/debug/net6.0/bl.tests.dll" id="e5aebab8-c50d-b3c1-e5fd-b85b6f910a0f">
      <Execution id="e5370852-9692-4312-aa04-8c534e1a763b" />
      <TestMethod codeBase="/mnt/c/Users/alena/Desktop/7_sem/testing_and_debugging/SkiResort/BL.Tests/bin/Debug/net6.0/BL.Tests.dll" adapterTypeName="executor://xunit/VsTestRunner2/netcoreapp" className="BL.Tests.TurnstilesServiceTest" name="TestAdminDeleteTurnstileAsync" />
    </UnitTest>
    <UnitTest name="BL.Tests.CheckPermissionsServiceTests.UnauthorizedHasNoAccessToAuthorizedFunctions(functionName: &quot;LogOutAsync&quot;)" storage="/mnt/c/users/alena/desktop/7_sem/testing_and_debugging/skiresort/bl.tests/bin/debug/net6.0/bl.tests.dll" id="fa960c5e-f989-2880-784e-8efe538c5231">
      <Execution id="09592b1a-2a4f-4f55-abd6-032ec4433d1f" />
      <TestMethod codeBase="/mnt/c/Users/alena/Desktop/7_sem/testing_and_debugging/SkiResort/BL.Tests/bin/Debug/net6.0/BL.Tests.dll" adapterTypeName="executor://xunit/VsTestRunner2/netcoreapp" className="BL.Tests.CheckPermissionsServiceTests" name="UnauthorizedHasNoAccessToAuthorizedFunctions" />
    </UnitTest>
    <UnitTest name="BL.Tests.TurnstilesServiceTest.TestAdminUpdateTurnstileAsync(userID: 83, turnstile: Turnstile { TurnstileID = 251, LiftID = 186, IsOpen = True }, checkPermissionServiceMock: Mock&lt;ICheckPermissionService:14&gt;, turnstilesRepositoryStub: Mock&lt;ITurnstilesRepository:8&gt;, sut: TurnstilesService { })" storage="/mnt/c/users/alena/desktop/7_sem/testing_and_debugging/skiresort/bl.tests/bin/debug/net6.0/bl.tests.dll" id="67508405-51f0-0551-863b-024d21220251">
      <Execution id="ad2db277-42d8-47f4-97b1-3a2d6fc0bf9b" />
      <TestMethod codeBase="/mnt/c/Users/alena/Desktop/7_sem/testing_and_debugging/SkiResort/BL.Tests/bin/Debug/net6.0/BL.Tests.dll" adapterTypeName="executor://xunit/VsTestRunner2/netcoreapp" className="BL.Tests.TurnstilesServiceTest" name="TestAdminUpdateTurnstileAsync" />
    </UnitTest>
    <UnitTest name="BL.Tests.LiftsSlopesServiceTests.TestGetLiftsSlopesInfoAsync(liftsSlopes: [LiftSlope { RecordID = 86, LiftID = 147, SlopeID = 185 }, LiftSlope { RecordID = 2, LiftID = 99, SlopeID = 142 }, LiftSlope { RecordID = 221, LiftID = 74, SlopeID = 45 }], slopesRepositoryStub: Mock&lt;ISlopesRepository:1&gt;, liftsRepositoryStub: Mock&lt;ILiftsRepository:6&gt;, liftsSlopesRepositoryStub: Mock&lt;ILiftsSlopesRepository:6&gt;)" storage="/mnt/c/users/alena/desktop/7_sem/testing_and_debugging/skiresort/bl.tests/bin/debug/net6.0/bl.tests.dll" id="e429852d-a6ed-7c2a-25fd-cd839b159d56">
      <Execution id="b0a05da5-d598-4d1a-bf7a-4a3213259cef" />
      <TestMethod codeBase="/mnt/c/Users/alena/Desktop/7_sem/testing_and_debugging/SkiResort/BL.Tests/bin/Debug/net6.0/BL.Tests.dll" adapterTypeName="executor://xunit/VsTestRunner2/netcoreapp" className="BL.Tests.LiftsSlopesServiceTests" name="TestGetLiftsSlopesInfoAsync" />
    </UnitTest>
    <UnitTest name="BL.Tests.LiftsServiceTest.TestGetLiftInfoAsync(userID: 94, lift: Lift { LiftID = 28, LiftName = liftName4be460c2-3724-4ecf-b3d5-cca15f47a62f, IsOpen = True, SeatsAmount = 146, LiftingTime = 137, QueueTime = 131, ConnectedSlopes =  }, checkPermissionServiceMock: Mock&lt;ICheckPermissionService:1&gt;, liftsRepositoryStub: Mock&lt;ILiftsRepository:1&gt;, liftsSlopesRepositoryStub: Mock&lt;ILiftsSlopesRepository:1&gt;, sut: LiftsService { })" storage="/mnt/c/users/alena/desktop/7_sem/testing_and_debugging/skiresort/bl.tests/bin/debug/net6.0/bl.tests.dll" id="9455a239-5e03-b83a-6d2f-f2635aea9bbe">
      <Execution id="ff654e29-b2e5-42e7-93cb-49b2403679f2" />
      <TestMethod codeBase="/mnt/c/Users/alena/Desktop/7_sem/testing_and_debugging/SkiResort/BL.Tests/bin/Debug/net6.0/BL.Tests.dll" adapterTypeName="executor://xunit/VsTestRunner2/netcoreapp" className="BL.Tests.LiftsServiceTest" name="TestGetLiftInfoAsync" />
    </UnitTest>
    <UnitTest name="BL.Tests.SlopesServiceTest.TestAdminDeleteSlopeAsync(userID: 215, slope: Slope { SlopeID = 165, SlopeName = slopeName0c0ae142-8036-40b2-a378-016458be8f76, IsOpen = True, DifficultyLevel = 87, ConnectedLifts =  }, checkPermissionServiceMock: Mock&lt;ICheckPermissionService:9&gt;, slopesRepositoryStub: Mock&lt;ISlopesRepository:7&gt;, liftsSlopesRepositoryStub: Mock&lt;ILiftsSlopesRepository:12&gt;, sut: SlopesService { })" storage="/mnt/c/users/alena/desktop/7_sem/testing_and_debugging/skiresort/bl.tests/bin/debug/net6.0/bl.tests.dll" id="64a1f6a4-0269-b7dd-1de1-92eb282fbfe0">
      <Execution id="9536a95b-0593-42dd-aa88-bf32c61aed5b" />
      <TestMethod codeBase="/mnt/c/Users/alena/Desktop/7_sem/testing_and_debugging/SkiResort/BL.Tests/bin/Debug/net6.0/BL.Tests.dll" adapterTypeName="executor://xunit/VsTestRunner2/netcoreapp" className="BL.Tests.SlopesServiceTest" name="TestAdminDeleteSlopeAsync" />
    </UnitTest>
    <UnitTest name="BL.Tests.LiftsServiceTest.TestAdminDeleteLiftAsync(userID: 222, lift: Lift { LiftID = 243, LiftName = liftName340af891-7a5a-4c41-b67f-951cd5710639, IsOpen = True, SeatsAmount = 98, LiftingTime = 32, QueueTime = 74, ConnectedSlopes =  }, checkPermissionServiceMock: Mock&lt;ICheckPermissionService:4&gt;, liftsRepositoryStub: Mock&lt;ILiftsRepository:4&gt;, liftsSlopesRepositoryStub: Mock&lt;ILiftsSlopesRepository:4&gt;, sut: LiftsService { })" storage="/mnt/c/users/alena/desktop/7_sem/testing_and_debugging/skiresort/bl.tests/bin/debug/net6.0/bl.tests.dll" id="f25a1f52-9086-2ce1-1d26-3218bd654738">
      <Execution id="7ccc0771-7d6b-4970-8b48-bf2969537eaa" />
      <TestMethod codeBase="/mnt/c/Users/alena/Desktop/7_sem/testing_and_debugging/SkiResort/BL.Tests/bin/Debug/net6.0/BL.Tests.dll" adapterTypeName="executor://xunit/VsTestRunner2/netcoreapp" className="BL.Tests.LiftsServiceTest" name="TestAdminDeleteLiftAsync" />
    </UnitTest>
    <UnitTest name="BL.Tests.UsersServiceTests.TestAdminUpdateUser" storage="/mnt/c/users/alena/desktop/7_sem/testing_and_debugging/skiresort/bl.tests/bin/debug/net6.0/bl.tests.dll" id="06d0bc3a-24a0-fb7f-4277-e9ae6d21c7dd">
      <Execution id="3a70b2f4-bff8-47c4-a1d2-de074709d089" />
      <TestMethod codeBase="/mnt/c/Users/alena/Desktop/7_sem/testing_and_debugging/SkiResort/BL.Tests/bin/Debug/net6.0/BL.Tests.dll" adapterTypeName="executor://xunit/VsTestRunner2/netcoreapp" className="BL.Tests.UsersServiceTests" name="TestAdminUpdateUser" />
    </UnitTest>
    <UnitTest name="BL.Tests.UsersServiceTests.TestAdminGetUserByIDAsync" storage="/mnt/c/users/alena/desktop/7_sem/testing_and_debugging/skiresort/bl.tests/bin/debug/net6.0/bl.tests.dll" id="e5497347-2721-b7a6-0bd4-69a9921f6947">
      <Execution id="bc434065-f15f-40e0-8167-ac20c1310911" />
      <TestMethod codeBase="/mnt/c/Users/alena/Desktop/7_sem/testing_and_debugging/SkiResort/BL.Tests/bin/Debug/net6.0/BL.Tests.dll" adapterTypeName="executor://xunit/VsTestRunner2/netcoreapp" className="BL.Tests.UsersServiceTests" name="TestAdminGetUserByIDAsync" />
    </UnitTest>
    <UnitTest name="BL.Tests.UsersServiceTests.TestAdminGetUsers" storage="/mnt/c/users/alena/desktop/7_sem/testing_and_debugging/skiresort/bl.tests/bin/debug/net6.0/bl.tests.dll" id="20ad8570-0170-85de-dcd7-2f109dd7bcd6">
      <Execution id="9bcfa8f6-4063-4d9a-a11a-15eb473be0b5" />
      <TestMethod codeBase="/mnt/c/Users/alena/Desktop/7_sem/testing_and_debugging/SkiResort/BL.Tests/bin/Debug/net6.0/BL.Tests.dll" adapterTypeName="executor://xunit/VsTestRunner2/netcoreapp" className="BL.Tests.UsersServiceTests" name="TestAdminGetUsers" />
    </UnitTest>
    <UnitTest name="BL.Tests.SlopesServiceTest.TestGetSlopeInfoAsync(userID: 46, slope: Slope { SlopeID = 86, SlopeName = slopeName69b4cb90-d58c-4364-a072-0e05a3c25dce, IsOpen = True, DifficultyLevel = 54, ConnectedLifts =  }, checkPermissionServiceMock: Mock&lt;ICheckPermissionService:6&gt;, slopesRepositoryStub: Mock&lt;ISlopesRepository:4&gt;, liftsSlopesRepositoryStub: Mock&lt;ILiftsSlopesRepository:9&gt;, sut: SlopesService { })" storage="/mnt/c/users/alena/desktop/7_sem/testing_and_debugging/skiresort/bl.tests/bin/debug/net6.0/bl.tests.dll" id="5d7764bc-39d5-9473-bcb4-78eb967acabd">
      <Execution id="b251a795-bb18-4200-9703-faa81305cae1" />
      <TestMethod codeBase="/mnt/c/Users/alena/Desktop/7_sem/testing_and_debugging/SkiResort/BL.Tests/bin/Debug/net6.0/BL.Tests.dll" adapterTypeName="executor://xunit/VsTestRunner2/netcoreapp" className="BL.Tests.SlopesServiceTest" name="TestGetSlopeInfoAsync" />
    </UnitTest>
    <UnitTest name="BL.Tests.SlopesServiceTest.TestUpdateSlopeInfoAsync(userID: 217, slope: Slope { SlopeID = 106, SlopeName = slopeName61696e7d-6c5e-48b5-8b7d-2a72427a2dfe, IsOpen = True, DifficultyLevel = 134, ConnectedLifts =  }, checkPermissionServiceMock: Mock&lt;ICheckPermissionService:8&gt;, slopesRepositoryStub: Mock&lt;ISlopesRepository:6&gt;, sut: SlopesService { })" storage="/mnt/c/users/alena/desktop/7_sem/testing_and_debugging/skiresort/bl.tests/bin/debug/net6.0/bl.tests.dll" id="68139cb1-2d71-3b9b-61f1-959cf821ff67">
      <Execution id="5ed1d184-7747-49e3-b54d-45714cb8c473" />
      <TestMethod codeBase="/mnt/c/Users/alena/Desktop/7_sem/testing_and_debugging/SkiResort/BL.Tests/bin/Debug/net6.0/BL.Tests.dll" adapterTypeName="executor://xunit/VsTestRunner2/netcoreapp" className="BL.Tests.SlopesServiceTest" name="TestUpdateSlopeInfoAsync" />
    </UnitTest>
    <UnitTest name="BL.Tests.LiftsServiceTest.TestAdminAddAutoIncrementLiftAsync(userID: 26, lift: Lift { LiftID = 69, LiftName = liftNamee04e3d05-7cd2-4ac5-b5c7-a5dd73d2e0ec, IsOpen = True, SeatsAmount = 71, LiftingTime = 204, QueueTime = 21, ConnectedSlopes =  }, checkPermissionServiceMock: Mock&lt;ICheckPermissionService:5&gt;, liftsRepositoryStub: Mock&lt;ILiftsRepository:5&gt;, sut: LiftsService { })" storage="/mnt/c/users/alena/desktop/7_sem/testing_and_debugging/skiresort/bl.tests/bin/debug/net6.0/bl.tests.dll" id="bb8e5e9a-d6f8-2acc-74fa-d195dbe86d84">
      <Execution id="8c871123-6c5e-47e2-b68f-4a60345ed7c5" />
      <TestMethod codeBase="/mnt/c/Users/alena/Desktop/7_sem/testing_and_debugging/SkiResort/BL.Tests/bin/Debug/net6.0/BL.Tests.dll" adapterTypeName="executor://xunit/VsTestRunner2/netcoreapp" className="BL.Tests.LiftsServiceTest" name="TestAdminAddAutoIncrementLiftAsync" />
    </UnitTest>
  </TestDefinitions>
  <TestEntries>
    <TestEntry testId="e429852d-a6ed-7c2a-25fd-cd839b159d56" executionId="b0a05da5-d598-4d1a-bf7a-4a3213259cef" testListId="8c84fa94-04c1-424b-9868-57a2d4851a1d" />
    <TestEntry testId="e5497347-2721-b7a6-0bd4-69a9921f6947" executionId="bc434065-f15f-40e0-8167-ac20c1310911" testListId="8c84fa94-04c1-424b-9868-57a2d4851a1d" />
    <TestEntry testId="9455a239-5e03-b83a-6d2f-f2635aea9bbe" executionId="ff654e29-b2e5-42e7-93cb-49b2403679f2" testListId="8c84fa94-04c1-424b-9868-57a2d4851a1d" />
    <TestEntry testId="083730a3-ac4d-647e-1c05-acb624f3aa1d" executionId="44259a09-6c46-4c38-b302-ac6c5c7968f8" testListId="8c84fa94-04c1-424b-9868-57a2d4851a1d" />
    <TestEntry testId="2d706594-f2b3-b3c8-21d4-86c9798c3306" executionId="546b02b7-a628-4c7a-ac24-6656f33c7543" testListId="8c84fa94-04c1-424b-9868-57a2d4851a1d" />
    <TestEntry testId="229812f5-9a73-5335-11f5-31330d1348a5" executionId="c666fb01-c02c-4424-b7f6-2f91dd34eda7" testListId="8c84fa94-04c1-424b-9868-57a2d4851a1d" />
    <TestEntry testId="a19a5fcf-c5d2-7d44-5d7d-84403042f4e0" executionId="130f680e-ec03-4051-8d4c-87653ed98fc3" testListId="8c84fa94-04c1-424b-9868-57a2d4851a1d" />
    <TestEntry testId="f25a1f52-9086-2ce1-1d26-3218bd654738" executionId="7ccc0771-7d6b-4970-8b48-bf2969537eaa" testListId="8c84fa94-04c1-424b-9868-57a2d4851a1d" />
    <TestEntry testId="69340bb6-3645-f9dd-971e-29d8b2a009bb" executionId="e916d5d9-7294-440c-8eb1-c834bc0fd3fd" testListId="8c84fa94-04c1-424b-9868-57a2d4851a1d" />
    <TestEntry testId="18fa8c62-e27d-e1fc-8182-4d7db62b008d" executionId="9f75915d-8b26-433e-b91b-c83526ed6625" testListId="8c84fa94-04c1-424b-9868-57a2d4851a1d" />
    <TestEntry testId="9c7df5e2-1b23-ebea-889f-b78ca86b60ab" executionId="d5a5c289-0c2d-49b4-af9e-643ea78333a5" testListId="8c84fa94-04c1-424b-9868-57a2d4851a1d" />
    <TestEntry testId="988f1166-d741-dea6-f0fe-d23628ecc046" executionId="5a546f5e-da36-410d-aced-ade5c17ccd2f" testListId="8c84fa94-04c1-424b-9868-57a2d4851a1d" />
    <TestEntry testId="06d0bc3a-24a0-fb7f-4277-e9ae6d21c7dd" executionId="3a70b2f4-bff8-47c4-a1d2-de074709d089" testListId="8c84fa94-04c1-424b-9868-57a2d4851a1d" />
    <TestEntry testId="0eeef75f-6e38-7893-a8fe-cff3e0a970a7" executionId="9782b9fd-99ec-4f65-8706-24ad46559781" testListId="8c84fa94-04c1-424b-9868-57a2d4851a1d" />
    <TestEntry testId="bb8e5e9a-d6f8-2acc-74fa-d195dbe86d84" executionId="8c871123-6c5e-47e2-b68f-4a60345ed7c5" testListId="8c84fa94-04c1-424b-9868-57a2d4851a1d" />
    <TestEntry testId="60bd668f-04df-da5e-b79b-5d9aedb5234d" executionId="dc3baa43-c419-477c-b234-95786b80c426" testListId="8c84fa94-04c1-424b-9868-57a2d4851a1d" />
    <TestEntry testId="894941c1-bfa7-d8f9-c047-1e1ceefe2c2f" executionId="12f51dd0-4366-4b15-b582-e88823f290a2" testListId="8c84fa94-04c1-424b-9868-57a2d4851a1d" />
    <TestEntry testId="85ed6872-ecd2-6354-e37e-acd12c401a2a" executionId="43d1420c-d1c8-49d7-838b-c2e5ffab1103" testListId="8c84fa94-04c1-424b-9868-57a2d4851a1d" />
    <TestEntry testId="f3efc418-a8a6-c7b7-9bac-90b33aa8472f" executionId="228658d9-a678-4cc0-a7be-4b0bd916e82e" testListId="8c84fa94-04c1-424b-9868-57a2d4851a1d" />
    <TestEntry testId="4f297306-d4f3-8d63-e7f4-1ac0b8c58c74" executionId="a283d12e-8858-4d7b-af44-5b333882fb18" testListId="8c84fa94-04c1-424b-9868-57a2d4851a1d" />
    <TestEntry testId="2602613f-c8e2-a6d9-fcf7-5b27d4a770a6" executionId="4805151c-ea99-40f0-b0f2-d09800ed9a29" testListId="8c84fa94-04c1-424b-9868-57a2d4851a1d" />
    <TestEntry testId="644ec43e-70cd-c82d-42e7-0d990be1414d" executionId="6bea05cd-f2aa-4ec9-a4e5-f6112082c5c5" testListId="8c84fa94-04c1-424b-9868-57a2d4851a1d" />
    <TestEntry testId="c36970dc-93f7-753e-fa47-157133b01644" executionId="6eb3a794-d1f3-468e-8d5f-3f2b7fd4656e" testListId="8c84fa94-04c1-424b-9868-57a2d4851a1d" />
    <TestEntry testId="64a1f6a4-0269-b7dd-1de1-92eb282fbfe0" executionId="9536a95b-0593-42dd-aa88-bf32c61aed5b" testListId="8c84fa94-04c1-424b-9868-57a2d4851a1d" />
    <TestEntry testId="ee80ea26-1eb8-ee7a-88c3-d3e9896a4743" executionId="a0439f0c-76f9-463a-b7d3-fe2fb127628a" testListId="8c84fa94-04c1-424b-9868-57a2d4851a1d" />
    <TestEntry testId="20ad8570-0170-85de-dcd7-2f109dd7bcd6" executionId="9bcfa8f6-4063-4d9a-a11a-15eb473be0b5" testListId="8c84fa94-04c1-424b-9868-57a2d4851a1d" />
    <TestEntry testId="eaabd2fc-2f4b-5689-59c8-c7ad34a8f634" executionId="0fcf8340-28a1-4f48-bc21-5ab5d2c1d5ff" testListId="8c84fa94-04c1-424b-9868-57a2d4851a1d" />
    <TestEntry testId="e2d7e5be-3dae-33ae-fb17-c704b6fd58d6" executionId="bd04e08c-a1a1-4ebd-92d5-17fe3ed39bed" testListId="8c84fa94-04c1-424b-9868-57a2d4851a1d" />
    <TestEntry testId="492c0393-35b4-df26-a537-21ca08302f3c" executionId="a5b0d60e-9fa6-4619-a610-b5fbc5983355" testListId="8c84fa94-04c1-424b-9868-57a2d4851a1d" />
    <TestEntry testId="a2e59116-cb53-1d70-9cb8-21c286516866" executionId="ca8c3b1c-bc95-4006-b151-2f21313dbf41" testListId="8c84fa94-04c1-424b-9868-57a2d4851a1d" />
    <TestEntry testId="1b39b88c-3c06-05cb-31f2-f4d9b7462f65" executionId="aeaa3355-5027-430c-9030-853de57b59ef" testListId="8c84fa94-04c1-424b-9868-57a2d4851a1d" />
    <TestEntry testId="fa960c5e-f989-2880-784e-8efe538c5231" executionId="09592b1a-2a4f-4f55-abd6-032ec4433d1f" testListId="8c84fa94-04c1-424b-9868-57a2d4851a1d" />
    <TestEntry testId="387c9729-48c1-486e-5e67-f5d11a9f0db8" executionId="c3fa26be-2683-41ee-8cfd-60b2844a63ec" testListId="8c84fa94-04c1-424b-9868-57a2d4851a1d" />
    <TestEntry testId="f44a1b21-8efc-bfac-63b4-d534442def31" executionId="aa6998c3-8970-4c4b-8091-53477443ea0d" testListId="8c84fa94-04c1-424b-9868-57a2d4851a1d" />
    <TestEntry testId="e5aebab8-c50d-b3c1-e5fd-b85b6f910a0f" executionId="e5370852-9692-4312-aa04-8c534e1a763b" testListId="8c84fa94-04c1-424b-9868-57a2d4851a1d" />
    <TestEntry testId="abfe255e-98c7-6c6f-571f-41e6ce1e10da" executionId="5d275c0e-0b13-4c19-a3fb-bb61989ade6a" testListId="8c84fa94-04c1-424b-9868-57a2d4851a1d" />
    <TestEntry testId="9c44f7b5-812f-aef1-48c9-154b4ad736fd" executionId="0cd85586-a30f-4122-9f23-85c163a15b2c" testListId="8c84fa94-04c1-424b-9868-57a2d4851a1d" />
    <TestEntry testId="b6f72858-0d87-d9b0-93d4-7aa27b23787f" executionId="737497fe-8307-4267-bb74-d0cc6cf06781" testListId="8c84fa94-04c1-424b-9868-57a2d4851a1d" />
    <TestEntry testId="aa28a6b3-21d3-aa45-24d3-bef2facbc899" executionId="dad35d1e-8728-4f60-aca2-ea866f88ea6a" testListId="8c84fa94-04c1-424b-9868-57a2d4851a1d" />
    <TestEntry testId="5d7764bc-39d5-9473-bcb4-78eb967acabd" executionId="b251a795-bb18-4200-9703-faa81305cae1" testListId="8c84fa94-04c1-424b-9868-57a2d4851a1d" />
    <TestEntry testId="a9a8e8eb-d91a-2cbb-f3ae-9d545b2eaf49" executionId="60ce3f4c-c688-41ac-ab9c-f4cdbf98c42e" testListId="8c84fa94-04c1-424b-9868-57a2d4851a1d" />
    <TestEntry testId="8184bd30-991c-b78d-b4ec-99a485eac0dd" executionId="9e9b81ac-ef30-4f7b-b52b-3644a536f35e" testListId="8c84fa94-04c1-424b-9868-57a2d4851a1d" />
    <TestEntry testId="67508405-51f0-0551-863b-024d21220251" executionId="ad2db277-42d8-47f4-97b1-3a2d6fc0bf9b" testListId="8c84fa94-04c1-424b-9868-57a2d4851a1d" />
    <TestEntry testId="68139cb1-2d71-3b9b-61f1-959cf821ff67" executionId="5ed1d184-7747-49e3-b54d-45714cb8c473" testListId="8c84fa94-04c1-424b-9868-57a2d4851a1d" />
    <TestEntry testId="834c739b-eca4-b36d-6a66-5a1bd75377b8" executionId="08373031-d9c4-42d2-802f-2512823f6967" testListId="8c84fa94-04c1-424b-9868-57a2d4851a1d" />
    <TestEntry testId="1c5c869b-1948-6f07-3a57-72adbf4d8782" executionId="fe7ae5c0-da82-40c8-b2da-dedb6b1428dc" testListId="8c84fa94-04c1-424b-9868-57a2d4851a1d" />
    <TestEntry testId="1ca07ad8-f799-c5d4-e7cc-34fd950198a2" executionId="31954088-a4ed-41a5-bdba-86e4bdf7b84f" testListId="8c84fa94-04c1-424b-9868-57a2d4851a1d" />
  </TestEntries>
  <TestLists>
    <TestList name="Results Not in a List" id="8c84fa94-04c1-424b-9868-57a2d4851a1d" />
    <TestList name="All Loaded Results" id="19431567-8539-422a-85d7-44ee4e166bda" />
  </TestLists>
  <ResultSummary outcome="Completed">
    <Counters total="47" executed="47" passed="47" failed="0" error="0" timeout="0" aborted="0" inconclusive="0" passedButRunAborted="0" notRunnable="0" notExecuted="0" disconnected="0" warning="0" completed="0" inProgress="0" pending="0" />
    <Output>
      <StdOut>[xUnit.net 00:00:00.00] xUnit.net VSTest Adapter v2.4.5+1caef2f33e (64-bit .NET 6.0.10)
[xUnit.net 00:00:00.89]   Discovering: BL.Tests
[xUnit.net 00:00:01.12]   Discovered:  BL.Tests
[xUnit.net 00:00:01.12]   Starting:    BL.Tests
[xUnit.net 00:00:01.64]   Finished:    BL.Tests
</StdOut>
    </Output>
  </ResultSummary>
</TestRun>