<?xml version="1.0" encoding="utf-8"?>
<TestRun id="a0622c95-133b-49a4-8347-afb73b9295d9" name="@DESKTOP-TJ9D65N 2022-10-21 18:43:17" xmlns="http://microsoft.com/schemas/VisualStudio/TeamTest/2010">
  <Times creation="2022-10-21T18:43:17.9547253+03:00" queuing="2022-10-21T18:43:17.9547261+03:00" start="2022-10-21T18:43:15.4036812+03:00" finish="2022-10-21T18:43:18.2907383+03:00" />
  <TestSettings name="default" id="87661eb4-063b-43b2-8114-f97aaa0f87d5">
    <Deployment runDeploymentRoot="_DESKTOP-TJ9D65N_2022-10-21_18_43_17" />
  </TestSettings>
  <Results>
    <UnitTestResult executionId="ffa4ebcd-e39a-4367-b94c-a8ea8243f955" testId="387c9729-48c1-486e-5e67-f5d11a9f0db8" testName="BL.Tests.CheckPermissionsServiceTests.UnauthorizedHasNoAccessToAdminSkiPatrolFunctions(functionName: &quot;GetLiftsSlopesInfoAsync&quot;)" computerName="DESKTOP-TJ9D65N" duration="00:00:00.0016344" startTime="2022-10-21T18:43:17.9338878+03:00" endTime="2022-10-21T18:43:17.9338879+03:00" testType="13cdc9d9-ddb5-4fa4-a97d-d965ccfc6d4b" outcome="Passed" testListId="8c84fa94-04c1-424b-9868-57a2d4851a1d" relativeResultsDirectory="ffa4ebcd-e39a-4367-b94c-a8ea8243f955" />
    <UnitTestResult executionId="2bc31ebd-e3ce-434a-a6d7-37eebc2a21cd" testId="2d706594-f2b3-b3c8-21d4-86c9798c3306" testName="BL.Tests.CheckPermissionsServiceTests.SkiPatrolHasAccessToAdminSkiPatrolFunctions(functionName: &quot;GetLiftsSlopesInfoAsync&quot;)" computerName="DESKTOP-TJ9D65N" duration="00:00:00.0063450" startTime="2022-10-21T18:43:18.0127860+03:00" endTime="2022-10-21T18:43:18.0127861+03:00" testType="13cdc9d9-ddb5-4fa4-a97d-d965ccfc6d4b" outcome="Passed" testListId="8c84fa94-04c1-424b-9868-57a2d4851a1d" relativeResultsDirectory="2bc31ebd-e3ce-434a-a6d7-37eebc2a21cd" />
    <UnitTestResult executionId="838c0af0-6ef6-440a-b41a-39ae3dff324a" testId="264774d6-4c1f-0cd3-ea1b-dbd25a212425" testName="BL.Tests.TurnstilesServiceTest.TestAdminGetTurnstilesAsync(userID: 81, initialTurnstiles: [Turnstile { TurnstileID = 35, LiftID = 234, IsOpen = True }, Turnstile { TurnstileID = 119, LiftID = 27, IsOpen = False }, Turnstile { TurnstileID = 17, LiftID = 251, IsOpen = True }], checkPermissionServiceMock: Mock&lt;ICheckPermissionService:13&gt;, turnstilesRepositoryStub: Mock&lt;ITurnstilesRepository:7&gt;, sut: TurnstilesService { })" computerName="DESKTOP-TJ9D65N" duration="00:00:00.0077840" startTime="2022-10-21T18:43:17.9549496+03:00" endTime="2022-10-21T18:43:17.9549497+03:00" testType="13cdc9d9-ddb5-4fa4-a97d-d965ccfc6d4b" outcome="Passed" testListId="8c84fa94-04c1-424b-9868-57a2d4851a1d" relativeResultsDirectory="838c0af0-6ef6-440a-b41a-39ae3dff324a" />
    <UnitTestResult executionId="a39076e5-dfde-406a-868c-acb7858a4681" testId="a2e59116-cb53-1d70-9cb8-21c286516866" testName="BL.Tests.CheckPermissionsServiceTests.AuthorizedHasNoAccessToAdminFunctions" computerName="DESKTOP-TJ9D65N" duration="00:00:00.0036001" startTime="2022-10-21T18:43:18.0639778+03:00" endTime="2022-10-21T18:43:18.0639779+03:00" testType="13cdc9d9-ddb5-4fa4-a97d-d965ccfc6d4b" outcome="Passed" testListId="8c84fa94-04c1-424b-9868-57a2d4851a1d" relativeResultsDirectory="a39076e5-dfde-406a-868c-acb7858a4681" />
    <UnitTestResult executionId="631d0c53-94af-4445-822b-1b719d415e59" testId="32749894-1ff3-d7e0-015d-ea60e1ee7e06" testName="BL.Tests.LiftsServiceTest.TestGetLiftsInfoAsync(userID: 77, initialLifts: [Lift { LiftID = 26, LiftName = liftNamee4f6313d-3e05-4d4f-9d0d-3ec81b2f1e10, IsOpen = True, SeatsAmount = 111, LiftingTime = 237, QueueTime = 161, ConnectedSlopes =  }, Lift { LiftID = 68, LiftName = liftName621d2104-d192-445e-8ac9-70c7dbd74155, IsOpen = False, SeatsAmount = 179, LiftingTime = 212, QueueTime = 208, ConnectedSlopes =  }, Lift { LiftID = 15, LiftName = liftName843526ea-fbaf-4014-a7c2-324b70898c67, IsOpen = True, SeatsAmount = 139, LiftingTime = 174, QueueTime = 80, ConnectedSlopes =  }], checkPermissionServiceMock: Mock&lt;ICheckPermissionService:2&gt;, liftsRepositoryStub: Mock&lt;ILiftsRepository:2&gt;, liftsSlopesRepositoryStub: Mock&lt;ILiftsSlopesRepository:2&gt;, sut: LiftsService { })" computerName="DESKTOP-TJ9D65N" duration="00:00:00.0234365" startTime="2022-10-21T18:43:18.0343391+03:00" endTime="2022-10-21T18:43:18.0343392+03:00" testType="13cdc9d9-ddb5-4fa4-a97d-d965ccfc6d4b" outcome="Passed" testListId="8c84fa94-04c1-424b-9868-57a2d4851a1d" relativeResultsDirectory="631d0c53-94af-4445-822b-1b719d415e59" />
    <UnitTestResult executionId="e46e1f9e-eae1-4f38-891a-da75975d8d24" testId="a19a5fcf-c5d2-7d44-5d7d-84403042f4e0" testName="BL.Tests.CheckPermissionsServiceTests.UnauthorizedHasNoAccessToAdminSkiPatrolFunctions(functionName: &quot;MarkMessageReadByUserAsync&quot;)" computerName="DESKTOP-TJ9D65N" duration="00:00:00.0344307" startTime="2022-10-21T18:43:17.8634122+03:00" endTime="2022-10-21T18:43:17.8634651+03:00" testType="13cdc9d9-ddb5-4fa4-a97d-d965ccfc6d4b" outcome="Passed" testListId="8c84fa94-04c1-424b-9868-57a2d4851a1d" relativeResultsDirectory="e46e1f9e-eae1-4f38-891a-da75975d8d24" />
    <UnitTestResult executionId="44f6e87f-0513-4af4-850f-dcdda1f0ba7e" testId="20ad8570-0170-85de-dcd7-2f109dd7bcd6" testName="BL.Tests.UsersServiceTests.TestAdminGetUsers" computerName="DESKTOP-TJ9D65N" duration="00:00:00.0423262" startTime="2022-10-21T18:43:17.8684521+03:00" endTime="2022-10-21T18:43:17.8684521+03:00" testType="13cdc9d9-ddb5-4fa4-a97d-d965ccfc6d4b" outcome="Passed" testListId="8c84fa94-04c1-424b-9868-57a2d4851a1d" relativeResultsDirectory="44f6e87f-0513-4af4-850f-dcdda1f0ba7e" />
    <UnitTestResult executionId="39781b01-1b21-4fa9-8ae7-e135dab0aa73" testId="60bd668f-04df-da5e-b79b-5d9aedb5234d" testName="BL.Tests.CheckPermissionsServiceTests.SkiPatrolHasAccessToAdminSkiPatrolFunctions(functionName: &quot;MarkMessageReadByUserAsync&quot;)" computerName="DESKTOP-TJ9D65N" duration="00:00:00.0012049" startTime="2022-10-21T18:43:18.0284960+03:00" endTime="2022-10-21T18:43:18.0284961+03:00" testType="13cdc9d9-ddb5-4fa4-a97d-d965ccfc6d4b" outcome="Passed" testListId="8c84fa94-04c1-424b-9868-57a2d4851a1d" relativeResultsDirectory="39781b01-1b21-4fa9-8ae7-e135dab0aa73" />
    <UnitTestResult executionId="64a64692-2deb-474a-aee4-03b41c29efdb" testId="3db46ed4-0c7e-fa98-a6bd-c44f1e18b85f" testName="BL.Tests.SlopesServiceTest.TestGetSlopeInfoAsync(userID: 39, slope: Slope { SlopeID = 161, SlopeName = slopeNamec913c097-b2f9-4d09-a918-21b213840b37, IsOpen = True, DifficultyLevel = 113, ConnectedLifts =  }, checkPermissionServiceMock: Mock&lt;ICheckPermissionService:6&gt;, slopesRepositoryStub: Mock&lt;ISlopesRepository:4&gt;, liftsSlopesRepositoryStub: Mock&lt;ILiftsSlopesRepository:9&gt;, sut: SlopesService { })" computerName="DESKTOP-TJ9D65N" duration="00:00:00.0084715" startTime="2022-10-21T18:43:18.0645423+03:00" endTime="2022-10-21T18:43:18.0645423+03:00" testType="13cdc9d9-ddb5-4fa4-a97d-d965ccfc6d4b" outcome="Passed" testListId="8c84fa94-04c1-424b-9868-57a2d4851a1d" relativeResultsDirectory="64a64692-2deb-474a-aee4-03b41c29efdb" />
    <UnitTestResult executionId="223bbdc5-11f6-4b6d-a9d8-7359b1b25046" testId="c36970dc-93f7-753e-fa47-157133b01644" testName="BL.Tests.CheckPermissionsServiceTests.SkiPatrolHasAccessToAdminSkiPatrolFunctions(functionName: &quot;GetMessagesAsync&quot;)" computerName="DESKTOP-TJ9D65N" duration="00:00:00.0019431" startTime="2022-10-21T18:43:18.0455556+03:00" endTime="2022-10-21T18:43:18.0455557+03:00" testType="13cdc9d9-ddb5-4fa4-a97d-d965ccfc6d4b" outcome="Passed" testListId="8c84fa94-04c1-424b-9868-57a2d4851a1d" relativeResultsDirectory="223bbdc5-11f6-4b6d-a9d8-7359b1b25046" />
    <UnitTestResult executionId="257ae406-2a0c-4679-b3e9-36e8386d7296" testId="8184bd30-991c-b78d-b4ec-99a485eac0dd" testName="BL.Tests.UsersServiceTests.TestRegisterUserWithNoEmail" computerName="DESKTOP-TJ9D65N" duration="00:00:00.0035149" startTime="2022-10-21T18:43:17.9339368+03:00" endTime="2022-10-21T18:43:17.9339369+03:00" testType="13cdc9d9-ddb5-4fa4-a97d-d965ccfc6d4b" outcome="Passed" testListId="8c84fa94-04c1-424b-9868-57a2d4851a1d" relativeResultsDirectory="257ae406-2a0c-4679-b3e9-36e8386d7296" />
    <UnitTestResult executionId="e1e458e9-e8a3-4d33-b05f-9fa55a4878fe" testId="e5497347-2721-b7a6-0bd4-69a9921f6947" testName="BL.Tests.UsersServiceTests.TestAdminGetUserByIDAsync" computerName="DESKTOP-TJ9D65N" duration="00:00:00.0045402" startTime="2022-10-21T18:43:18.1233390+03:00" endTime="2022-10-21T18:43:18.1233391+03:00" testType="13cdc9d9-ddb5-4fa4-a97d-d965ccfc6d4b" outcome="Passed" testListId="8c84fa94-04c1-424b-9868-57a2d4851a1d" relativeResultsDirectory="e1e458e9-e8a3-4d33-b05f-9fa55a4878fe" />
    <UnitTestResult executionId="47d186e8-2842-4fba-bc62-bd2bc791458d" testId="7754401c-8be7-700b-1a25-0117a1b87053" testName="BL.Tests.TurnstilesServiceTest.TestAdminAddAutoIncrementTurnstileAsync(userID: 120, turnstile: Turnstile { TurnstileID = 208, LiftID = 206, IsOpen = True }, checkPermissionServiceMock: Mock&lt;ICheckPermissionService:16&gt;, turnstilesRepositoryStub: Mock&lt;ITurnstilesRepository:10&gt;, sut: TurnstilesService { })" computerName="DESKTOP-TJ9D65N" duration="00:00:00.0091880" startTime="2022-10-21T18:43:18.0119474+03:00" endTime="2022-10-21T18:43:18.0119475+03:00" testType="13cdc9d9-ddb5-4fa4-a97d-d965ccfc6d4b" outcome="Passed" testListId="8c84fa94-04c1-424b-9868-57a2d4851a1d" relativeResultsDirectory="47d186e8-2842-4fba-bc62-bd2bc791458d" />
    <UnitTestResult executionId="0a0146c4-0155-42df-81e0-8b5ead7e68a2" testId="0eeef75f-6e38-7893-a8fe-cff3e0a970a7" testName="BL.Tests.UsersServiceTests.TestRegisterOk" computerName="DESKTOP-TJ9D65N" duration="00:00:00.0181118" startTime="2022-10-21T18:43:18.0406460+03:00" endTime="2022-10-21T18:43:18.0406462+03:00" testType="13cdc9d9-ddb5-4fa4-a97d-d965ccfc6d4b" outcome="Passed" testListId="8c84fa94-04c1-424b-9868-57a2d4851a1d" relativeResultsDirectory="0a0146c4-0155-42df-81e0-8b5ead7e68a2" />
    <UnitTestResult executionId="e91e7dc3-4754-40d8-a376-801ee7388c67" testId="18fa8c62-e27d-e1fc-8182-4d7db62b008d" testName="BL.Tests.UsersServiceTests.TestAdminDeleteUser" computerName="DESKTOP-TJ9D65N" duration="00:00:00.0034462" startTime="2022-10-21T18:43:18.1395918+03:00" endTime="2022-10-21T18:43:18.1395918+03:00" testType="13cdc9d9-ddb5-4fa4-a97d-d965ccfc6d4b" outcome="Passed" testListId="8c84fa94-04c1-424b-9868-57a2d4851a1d" relativeResultsDirectory="e91e7dc3-4754-40d8-a376-801ee7388c67" />
    <UnitTestResult executionId="090cb134-6e2e-4ad4-98be-79526d6310d3" testId="06d0bc3a-24a0-fb7f-4277-e9ae6d21c7dd" testName="BL.Tests.UsersServiceTests.TestAdminUpdateUser" computerName="DESKTOP-TJ9D65N" duration="00:00:00.0106850" startTime="2022-10-21T18:43:18.0061721+03:00" endTime="2022-10-21T18:43:18.0061722+03:00" testType="13cdc9d9-ddb5-4fa4-a97d-d965ccfc6d4b" outcome="Passed" testListId="8c84fa94-04c1-424b-9868-57a2d4851a1d" relativeResultsDirectory="090cb134-6e2e-4ad4-98be-79526d6310d3" />
    <UnitTestResult executionId="8fd737dd-5566-40bf-9f52-4185b86057cf" testId="36c3c833-94d9-7666-05b8-496fb05c3e9a" testName="BL.Tests.SlopesServiceTest.TestAdminAddSlopeAsync(userID: 119, slope: Slope { SlopeID = 64, SlopeName = slopeNameb735472b-39b3-407b-acd8-b53bb833d583, IsOpen = True, DifficultyLevel = 93, ConnectedLifts =  }, checkPermissionServiceMock: Mock&lt;ICheckPermissionService:11&gt;, slopesRepositoryStub: Mock&lt;ISlopesRepository:9&gt;, sut: SlopesService { })" computerName="DESKTOP-TJ9D65N" duration="00:00:00.0341777" startTime="2022-10-21T18:43:17.8681893+03:00" endTime="2022-10-21T18:43:17.8681893+03:00" testType="13cdc9d9-ddb5-4fa4-a97d-d965ccfc6d4b" outcome="Passed" testListId="8c84fa94-04c1-424b-9868-57a2d4851a1d" relativeResultsDirectory="8fd737dd-5566-40bf-9f52-4185b86057cf" />
    <UnitTestResult executionId="84edcb06-492f-45eb-826d-bbedbd8923ff" testId="e429852d-a6ed-7c2a-25fd-cd839b159d56" testName="BL.Tests.LiftsSlopesServiceTests.TestGetLiftsSlopesInfoAsync(liftsSlopes: [LiftSlope { RecordID = 18, LiftID = 115, SlopeID = 30 }, LiftSlope { RecordID = 213, LiftID = 249, SlopeID = 173 }, LiftSlope { RecordID = 144, LiftID = 28, SlopeID = 191 }], slopesRepositoryStub: Mock&lt;ISlopesRepository:1&gt;, liftsRepositoryStub: Mock&lt;ILiftsRepository:6&gt;, liftsSlopesRepositoryStub: Mock&lt;ILiftsSlopesRepository:6&gt;)" computerName="DESKTOP-TJ9D65N" duration="00:00:00.0423720" startTime="2022-10-21T18:43:17.8684665+03:00" endTime="2022-10-21T18:43:17.8684666+03:00" testType="13cdc9d9-ddb5-4fa4-a97d-d965ccfc6d4b" outcome="Passed" testListId="8c84fa94-04c1-424b-9868-57a2d4851a1d" relativeResultsDirectory="84edcb06-492f-45eb-826d-bbedbd8923ff" />
    <UnitTestResult executionId="3b3b15ec-724d-450d-ad1f-f8ef6496b388" testId="229812f5-9a73-5335-11f5-31330d1348a5" testName="BL.Tests.CheckPermissionsServiceTests.UnauthorizedHasNoAccessToAdminSkiPatrolFunctions(functionName: &quot;GetMessagesAsync&quot;)" computerName="DESKTOP-TJ9D65N" duration="00:00:00.0027482" startTime="2022-10-21T18:43:17.9340196+03:00" endTime="2022-10-21T18:43:17.9340197+03:00" testType="13cdc9d9-ddb5-4fa4-a97d-d965ccfc6d4b" outcome="Passed" testListId="8c84fa94-04c1-424b-9868-57a2d4851a1d" relativeResultsDirectory="3b3b15ec-724d-450d-ad1f-f8ef6496b388" />
    <UnitTestResult executionId="a11f1598-aa76-46fb-adcd-aa7e6de9a6a1" testId="dcb4e446-8af9-707d-044e-5b38114ee261" testName="BL.Tests.SlopesServiceTest.TestGetSlopesInfoAsync(userID: 114, initialSlopes: [Slope { SlopeID = 18, SlopeName = slopeNamefbef01c6-5662-44b0-9119-d9f51a9432bf, IsOpen = True, DifficultyLevel = 212, ConnectedLifts =  }, Slope { SlopeID = 138, SlopeName = slopeNamebdb97e1b-794c-41c6-b181-54608913959c, IsOpen = False, DifficultyLevel = 63, ConnectedLifts =  }, Slope { SlopeID = 135, SlopeName = slopeName59d67307-fb68-47d4-a00e-000bf6d5a071, IsOpen = True, DifficultyLevel = 151, ConnectedLifts =  }], checkPermissionServiceMock: Mock&lt;ICheckPermissionService:7&gt;, slopesRepositoryStub: Mock&lt;ISlopesRepository:5&gt;, liftsSlopesRepositoryStub: Mock&lt;ILiftsSlopesRepository:10&gt;, sut: SlopesService { })" computerName="DESKTOP-TJ9D65N" duration="00:00:00.0227977" startTime="2022-10-21T18:43:18.0390686+03:00" endTime="2022-10-21T18:43:18.0390687+03:00" testType="13cdc9d9-ddb5-4fa4-a97d-d965ccfc6d4b" outcome="Passed" testListId="8c84fa94-04c1-424b-9868-57a2d4851a1d" relativeResultsDirectory="a11f1598-aa76-46fb-adcd-aa7e6de9a6a1" />
    <UnitTestResult executionId="a361d17c-bcf1-4e92-9299-c92c1abb9c4b" testId="01aa8aa4-902e-b387-92d6-3cbbdc75c844" testName="BL.Tests.LiftsSlopesServiceTests.TestAdminAddAutoIncrementLiftSlopeAsync(lift: Lift { LiftID = 95, LiftName = liftNamed7b55eed-339a-4f8c-8e66-ba5fdd75df42, IsOpen = True, SeatsAmount = 117, LiftingTime = 34, QueueTime = 246, ConnectedSlopes =  }, slope: Slope { SlopeID = 131, SlopeName = slopeName578de2de-4f33-45c9-b669-64ce7d998bae, IsOpen = False, DifficultyLevel = 239, ConnectedLifts =  }, slopesRepositoryStub: Mock&lt;ISlopesRepository:3&gt;, liftsRepositoryStub: Mock&lt;ILiftsRepository:8&gt;, liftsSlopesRepositoryStub: Mock&lt;ILiftsSlopesRepository:8&gt;)" computerName="DESKTOP-TJ9D65N" duration="00:00:00.0104748" startTime="2022-10-21T18:43:17.9593740+03:00" endTime="2022-10-21T18:43:17.9593741+03:00" testType="13cdc9d9-ddb5-4fa4-a97d-d965ccfc6d4b" outcome="Passed" testListId="8c84fa94-04c1-424b-9868-57a2d4851a1d" relativeResultsDirectory="a361d17c-bcf1-4e92-9299-c92c1abb9c4b" />
    <UnitTestResult executionId="a8f8a95d-4ac0-48eb-a5b2-c225fe2f113f" testId="69340bb6-3645-f9dd-971e-29d8b2a009bb" testName="BL.Tests.UsersServiceTests.TestLogInWithWrongPassword" computerName="DESKTOP-TJ9D65N" duration="00:00:00.0033300" startTime="2022-10-21T18:43:18.0800447+03:00" endTime="2022-10-21T18:43:18.0800448+03:00" testType="13cdc9d9-ddb5-4fa4-a97d-d965ccfc6d4b" outcome="Passed" testListId="8c84fa94-04c1-424b-9868-57a2d4851a1d" relativeResultsDirectory="a8f8a95d-4ac0-48eb-a5b2-c225fe2f113f" />
    <UnitTestResult executionId="d715c29c-ca53-4742-9600-3ab0ec29ad5b" testId="77047647-5dcf-ab3a-bb2d-b01d100365a9" testName="BL.Tests.LiftsServiceTest.TestAdminAddAutoIncrementLiftAsync(userID: 48, lift: Lift { LiftID = 93, LiftName = liftName9c254dba-4ba5-48ea-a907-c05a215b385c, IsOpen = True, SeatsAmount = 117, LiftingTime = 136, QueueTime = 22, ConnectedSlopes =  }, checkPermissionServiceMock: Mock&lt;ICheckPermissionService:5&gt;, liftsRepositoryStub: Mock&lt;ILiftsRepository:5&gt;, sut: LiftsService { })" computerName="DESKTOP-TJ9D65N" duration="00:00:00.0120866" startTime="2022-10-21T18:43:18.0645092+03:00" endTime="2022-10-21T18:43:18.0645093+03:00" testType="13cdc9d9-ddb5-4fa4-a97d-d965ccfc6d4b" outcome="Passed" testListId="8c84fa94-04c1-424b-9868-57a2d4851a1d" relativeResultsDirectory="d715c29c-ca53-4742-9600-3ab0ec29ad5b" />
    <UnitTestResult executionId="1cda9f9f-ee2a-417a-9e5e-03a39e5b93be" testId="f44a1b21-8efc-bfac-63b4-d534442def31" testName="BL.Tests.UsersServiceTests.TestRegisterUserWithNoPassword" computerName="DESKTOP-TJ9D65N" duration="00:00:00.0025227" startTime="2022-10-21T18:43:17.9459098+03:00" endTime="2022-10-21T18:43:17.9459099+03:00" testType="13cdc9d9-ddb5-4fa4-a97d-d965ccfc6d4b" outcome="Passed" testListId="8c84fa94-04c1-424b-9868-57a2d4851a1d" relativeResultsDirectory="1cda9f9f-ee2a-417a-9e5e-03a39e5b93be" />
    <UnitTestResult executionId="28d6d6b9-0036-4542-9066-8ef861e9f230" testId="9c7df5e2-1b23-ebea-889f-b78ca86b60ab" testName="BL.Tests.CheckPermissionsServiceTests.AuthorizedHasNoAccessToAdminSkiPatrolFunctions(functionName: &quot;MarkMessageReadByUserAsync&quot;)" computerName="DESKTOP-TJ9D65N" duration="00:00:00.0016936" startTime="2022-10-21T18:43:18.1017214+03:00" endTime="2022-10-21T18:43:18.1017216+03:00" testType="13cdc9d9-ddb5-4fa4-a97d-d965ccfc6d4b" outcome="Passed" testListId="8c84fa94-04c1-424b-9868-57a2d4851a1d" relativeResultsDirectory="28d6d6b9-0036-4542-9066-8ef861e9f230" />
    <UnitTestResult executionId="e991da31-c47f-41ff-852b-b2b9db096b0b" testId="12db4b6e-758d-3819-f8eb-fd95523bd0e1" testName="BL.Tests.TurnstilesServiceTest.TestAdminUpdateTurnstileAsync(userID: 39, turnstile: Turnstile { TurnstileID = 60, LiftID = 104, IsOpen = True }, checkPermissionServiceMock: Mock&lt;ICheckPermissionService:14&gt;, turnstilesRepositoryStub: Mock&lt;ITurnstilesRepository:8&gt;, sut: TurnstilesService { })" computerName="DESKTOP-TJ9D65N" duration="00:00:00.0059162" startTime="2022-10-21T18:43:17.9339691+03:00" endTime="2022-10-21T18:43:17.9339692+03:00" testType="13cdc9d9-ddb5-4fa4-a97d-d965ccfc6d4b" outcome="Passed" testListId="8c84fa94-04c1-424b-9868-57a2d4851a1d" relativeResultsDirectory="e991da31-c47f-41ff-852b-b2b9db096b0b" />
    <UnitTestResult executionId="d4c12613-659b-471e-9cb7-e8d9e68c69c0" testId="2fab70de-24a3-2fb6-4eed-87acff35053d" testName="BL.Tests.SlopesServiceTest.TestAdminDeleteSlopeAsync(userID: 158, slope: Slope { SlopeID = 45, SlopeName = slopeNamed0d4299e-4209-4d03-bee9-03db48513cb4, IsOpen = True, DifficultyLevel = 73, ConnectedLifts =  }, checkPermissionServiceMock: Mock&lt;ICheckPermissionService:9&gt;, slopesRepositoryStub: Mock&lt;ISlopesRepository:7&gt;, liftsSlopesRepositoryStub: Mock&lt;ILiftsSlopesRepository:12&gt;, sut: SlopesService { })" computerName="DESKTOP-TJ9D65N" duration="00:00:00.0075926" startTime="2022-10-21T18:43:17.9339924+03:00" endTime="2022-10-21T18:43:17.9339924+03:00" testType="13cdc9d9-ddb5-4fa4-a97d-d965ccfc6d4b" outcome="Passed" testListId="8c84fa94-04c1-424b-9868-57a2d4851a1d" relativeResultsDirectory="d4c12613-659b-471e-9cb7-e8d9e68c69c0" />
    <UnitTestResult executionId="df33e6a9-2974-4d18-ba82-37446d87473f" testId="e2d7e5be-3dae-33ae-fb17-c704b6fd58d6" testName="BL.Tests.CheckPermissionsServiceTests.UnauthorizedHasNoAccessToAdminFunctions" computerName="DESKTOP-TJ9D65N" duration="00:00:00.0027280" startTime="2022-10-21T18:43:18.1604437+03:00" endTime="2022-10-21T18:43:18.1604437+03:00" testType="13cdc9d9-ddb5-4fa4-a97d-d965ccfc6d4b" outcome="Passed" testListId="8c84fa94-04c1-424b-9868-57a2d4851a1d" relativeResultsDirectory="df33e6a9-2974-4d18-ba82-37446d87473f" />
    <UnitTestResult executionId="9521071f-1beb-458e-bfbf-139bf1544a5b" testId="c0aee214-551b-5d2c-7df5-a203374b4151" testName="BL.Tests.LiftsServiceTest.TestUpdateLiftInfoAsync(userID: 11, lift: Lift { LiftID = 193, LiftName = liftNamee319eaac-25de-4a52-9cb8-77d0967e5c96, IsOpen = True, SeatsAmount = 115, LiftingTime = 4, QueueTime = 186, ConnectedSlopes =  }, checkPermissionServiceMock: Mock&lt;ICheckPermissionService:3&gt;, liftsRepositoryStub: Mock&lt;ILiftsRepository:3&gt;, sut: LiftsService { })" computerName="DESKTOP-TJ9D65N" duration="00:00:00.0371074" startTime="2022-10-21T18:43:17.8681166+03:00" endTime="2022-10-21T18:43:17.8681166+03:00" testType="13cdc9d9-ddb5-4fa4-a97d-d965ccfc6d4b" outcome="Passed" testListId="8c84fa94-04c1-424b-9868-57a2d4851a1d" relativeResultsDirectory="9521071f-1beb-458e-bfbf-139bf1544a5b" />
    <UnitTestResult executionId="3dca7bd9-be31-43ab-a45c-1b64655c73c1" testId="d985c8e5-a80d-4088-9238-ef8b363ee907" testName="BL.Tests.SlopesServiceTest.TestUpdateSlopeInfoAsync(userID: 229, slope: Slope { SlopeID = 249, SlopeName = slopeName24cbff54-77ee-41a5-9505-68679f627ad1, IsOpen = True, DifficultyLevel = 71, ConnectedLifts =  }, checkPermissionServiceMock: Mock&lt;ICheckPermissionService:8&gt;, slopesRepositoryStub: Mock&lt;ISlopesRepository:6&gt;, sut: SlopesService { })" computerName="DESKTOP-TJ9D65N" duration="00:00:00.0097648" startTime="2022-10-21T18:43:17.9984780+03:00" endTime="2022-10-21T18:43:17.9984781+03:00" testType="13cdc9d9-ddb5-4fa4-a97d-d965ccfc6d4b" outcome="Passed" testListId="8c84fa94-04c1-424b-9868-57a2d4851a1d" relativeResultsDirectory="3dca7bd9-be31-43ab-a45c-1b64655c73c1" />
    <UnitTestResult executionId="18074940-5a03-49e0-8c36-19f28137c220" testId="aca49171-0c09-e29e-6d8d-e8c1422eeab8" testName="BL.Tests.TurnstilesServiceTest.TestAdminDeleteTurnstileAsync(userID: 17, turnstile: Turnstile { TurnstileID = 165, LiftID = 238, IsOpen = True }, checkPermissionServiceMock: Mock&lt;ICheckPermissionService:15&gt;, turnstilesRepositoryStub: Mock&lt;ITurnstilesRepository:9&gt;, sut: TurnstilesService { })" computerName="DESKTOP-TJ9D65N" duration="00:00:00.0107853" startTime="2022-10-21T18:43:17.9822991+03:00" endTime="2022-10-21T18:43:17.9822993+03:00" testType="13cdc9d9-ddb5-4fa4-a97d-d965ccfc6d4b" outcome="Passed" testListId="8c84fa94-04c1-424b-9868-57a2d4851a1d" relativeResultsDirectory="18074940-5a03-49e0-8c36-19f28137c220" />
    <UnitTestResult executionId="a0717d57-b3fc-4627-80f1-3ce59a641390" testId="aa28a6b3-21d3-aa45-24d3-bef2facbc899" testName="BL.Tests.CheckPermissionsServiceTests.AuthorizedHasAccessToAuthorizedFunctions(functionName: &quot;LogOutAsync&quot;)" computerName="DESKTOP-TJ9D65N" duration="00:00:00.0019700" startTime="2022-10-21T18:43:18.1454715+03:00" endTime="2022-10-21T18:43:18.1454716+03:00" testType="13cdc9d9-ddb5-4fa4-a97d-d965ccfc6d4b" outcome="Passed" testListId="8c84fa94-04c1-424b-9868-57a2d4851a1d" relativeResultsDirectory="a0717d57-b3fc-4627-80f1-3ce59a641390" />
    <UnitTestResult executionId="7da9b30f-e979-4679-bb3e-28e0bac525b0" testId="438bf0f8-1834-ca12-f60c-8dd08819c04a" testName="BL.Tests.LiftsServiceTest.TestGetLiftInfoAsync(userID: 69, lift: Lift { LiftID = 61, LiftName = liftName01ee2aa4-2d04-463c-a310-1a9490c5d474, IsOpen = True, SeatsAmount = 78, LiftingTime = 83, QueueTime = 23, ConnectedSlopes =  }, checkPermissionServiceMock: Mock&lt;ICheckPermissionService:1&gt;, liftsRepositoryStub: Mock&lt;ILiftsRepository:1&gt;, liftsSlopesRepositoryStub: Mock&lt;ILiftsSlopesRepository:1&gt;, sut: LiftsService { })" computerName="DESKTOP-TJ9D65N" duration="00:00:00.0101085" startTime="2022-10-21T18:43:17.9922064+03:00" endTime="2022-10-21T18:43:17.9922065+03:00" testType="13cdc9d9-ddb5-4fa4-a97d-d965ccfc6d4b" outcome="Passed" testListId="8c84fa94-04c1-424b-9868-57a2d4851a1d" relativeResultsDirectory="7da9b30f-e979-4679-bb3e-28e0bac525b0" />
    <UnitTestResult executionId="aa3ce1b0-770d-408c-b03b-4e4b5ddc63a8" testId="894941c1-bfa7-d8f9-c047-1e1ceefe2c2f" testName="BL.Tests.UsersServiceTests.TestRegisterUserWithRepeatedEmail" computerName="DESKTOP-TJ9D65N" duration="00:00:00.0073656" startTime="2022-10-21T18:43:17.9727949+03:00" endTime="2022-10-21T18:43:17.9727951+03:00" testType="13cdc9d9-ddb5-4fa4-a97d-d965ccfc6d4b" outcome="Passed" testListId="8c84fa94-04c1-424b-9868-57a2d4851a1d" relativeResultsDirectory="aa3ce1b0-770d-408c-b03b-4e4b5ddc63a8" />
    <UnitTestResult executionId="dab2055f-56de-421f-b494-d7e0628ae4d1" testId="4f297306-d4f3-8d63-e7f4-1ac0b8c58c74" testName="BL.Tests.CheckPermissionsServiceTests.AuthorizedHasNoAccessToAdminSkiPatrolFunctions(functionName: &quot;GetLiftsSlopesInfoAsync&quot;)" computerName="DESKTOP-TJ9D65N" duration="00:00:00.0026179" startTime="2022-10-21T18:43:18.1172192+03:00" endTime="2022-10-21T18:43:18.1172193+03:00" testType="13cdc9d9-ddb5-4fa4-a97d-d965ccfc6d4b" outcome="Passed" testListId="8c84fa94-04c1-424b-9868-57a2d4851a1d" relativeResultsDirectory="dab2055f-56de-421f-b494-d7e0628ae4d1" />
    <UnitTestResult executionId="b4a6229e-5812-42cf-9fee-be7c2359d4c8" testId="eaabd2fc-2f4b-5689-59c8-c7ad34a8f634" testName="BL.Tests.CheckPermissionsServiceTests.UnauthorizedHasNoAccessToAuthorizedFunctions(functionName: &quot;SendMessageAsync&quot;)" computerName="DESKTOP-TJ9D65N" duration="00:00:00.0049632" startTime="2022-10-21T18:43:17.9683707+03:00" endTime="2022-10-21T18:43:17.9683711+03:00" testType="13cdc9d9-ddb5-4fa4-a97d-d965ccfc6d4b" outcome="Passed" testListId="8c84fa94-04c1-424b-9868-57a2d4851a1d" relativeResultsDirectory="b4a6229e-5812-42cf-9fee-be7c2359d4c8" />
    <UnitTestResult executionId="a47cf509-a39e-43ae-b45b-78cdf1327fd9" testId="1ca07ad8-f799-c5d4-e7cc-34fd950198a2" testName="BL.Tests.UsersServiceTests.TestLogInOk" computerName="DESKTOP-TJ9D65N" duration="00:00:00.0037550" startTime="2022-10-21T18:43:18.0624990+03:00" endTime="2022-10-21T18:43:18.0624990+03:00" testType="13cdc9d9-ddb5-4fa4-a97d-d965ccfc6d4b" outcome="Passed" testListId="8c84fa94-04c1-424b-9868-57a2d4851a1d" relativeResultsDirectory="a47cf509-a39e-43ae-b45b-78cdf1327fd9" />
    <UnitTestResult executionId="9525b9f2-327b-4a92-b1de-7cc016e9148b" testId="1aa32433-ef44-bdb0-f581-8b4bb441c880" testName="BL.Tests.TurnstilesServiceTest.TestAdminGetTurnstileAsync(userID: 228, turnstile: Turnstile { TurnstileID = 140, LiftID = 19, IsOpen = True }, checkPermissionServiceMock: Mock&lt;ICheckPermissionService:12&gt;, turnstilesRepositoryStub: Mock&lt;ITurnstilesRepository:6&gt;, sut: TurnstilesService { })" computerName="DESKTOP-TJ9D65N" duration="00:00:00.0372332" startTime="2022-10-21T18:43:17.8681714+03:00" endTime="2022-10-21T18:43:17.8681714+03:00" testType="13cdc9d9-ddb5-4fa4-a97d-d965ccfc6d4b" outcome="Passed" testListId="8c84fa94-04c1-424b-9868-57a2d4851a1d" relativeResultsDirectory="9525b9f2-327b-4a92-b1de-7cc016e9148b" />
    <UnitTestResult executionId="f0169b42-c0e3-4367-bc0f-e631929373e2" testId="fa960c5e-f989-2880-784e-8efe538c5231" testName="BL.Tests.CheckPermissionsServiceTests.UnauthorizedHasNoAccessToAuthorizedFunctions(functionName: &quot;LogOutAsync&quot;)" computerName="DESKTOP-TJ9D65N" duration="00:00:00.0019750" startTime="2022-10-21T18:43:17.9881477+03:00" endTime="2022-10-21T18:43:17.9881479+03:00" testType="13cdc9d9-ddb5-4fa4-a97d-d965ccfc6d4b" outcome="Passed" testListId="8c84fa94-04c1-424b-9868-57a2d4851a1d" relativeResultsDirectory="f0169b42-c0e3-4367-bc0f-e631929373e2" />
    <UnitTestResult executionId="962e23f3-0f86-4b7d-8a8f-e300866d0891" testId="492c0393-35b4-df26-a537-21ca08302f3c" testName="BL.Tests.CheckPermissionsServiceTests.SkiPatrolHasNoAccessToAdminFunctions" computerName="DESKTOP-TJ9D65N" duration="00:00:00.0033309" startTime="2022-10-21T18:43:18.1734331+03:00" endTime="2022-10-21T18:43:18.1734332+03:00" testType="13cdc9d9-ddb5-4fa4-a97d-d965ccfc6d4b" outcome="Passed" testListId="8c84fa94-04c1-424b-9868-57a2d4851a1d" relativeResultsDirectory="962e23f3-0f86-4b7d-8a8f-e300866d0891" />
    <UnitTestResult executionId="e55b0836-9235-4aa1-b08a-12bf83821937" testId="f3efc418-a8a6-c7b7-9bac-90b33aa8472f" testName="BL.Tests.CheckPermissionsServiceTests.AdminHasAccessToAllFunctions" computerName="DESKTOP-TJ9D65N" duration="00:00:00.0025209" startTime="2022-10-21T18:43:18.1853838+03:00" endTime="2022-10-21T18:43:18.1853839+03:00" testType="13cdc9d9-ddb5-4fa4-a97d-d965ccfc6d4b" outcome="Passed" testListId="8c84fa94-04c1-424b-9868-57a2d4851a1d" relativeResultsDirectory="e55b0836-9235-4aa1-b08a-12bf83821937" />
    <UnitTestResult executionId="584a4459-a285-49b3-bc96-641be54e259b" testId="644ec43e-70cd-c82d-42e7-0d990be1414d" testName="BL.Tests.CheckPermissionsServiceTests.AuthorizedHasAccessToAuthorizedFunctions(functionName: &quot;SendMessageAsync&quot;)" computerName="DESKTOP-TJ9D65N" duration="00:00:00.0022130" startTime="2022-10-21T18:43:18.1314529+03:00" endTime="2022-10-21T18:43:18.1314530+03:00" testType="13cdc9d9-ddb5-4fa4-a97d-d965ccfc6d4b" outcome="Passed" testListId="8c84fa94-04c1-424b-9868-57a2d4851a1d" relativeResultsDirectory="584a4459-a285-49b3-bc96-641be54e259b" />
    <UnitTestResult executionId="c6985cd6-5270-4d3a-96a5-76b53f7c9ef6" testId="834c739b-eca4-b36d-6a66-5a1bd75377b8" testName="BL.Tests.UsersServiceTests.TestAdminAddAutoIncrementUser" computerName="DESKTOP-TJ9D65N" duration="00:00:00.0165934" startTime="2022-10-21T18:43:18.1068408+03:00" endTime="2022-10-21T18:43:18.1068410+03:00" testType="13cdc9d9-ddb5-4fa4-a97d-d965ccfc6d4b" outcome="Passed" testListId="8c84fa94-04c1-424b-9868-57a2d4851a1d" relativeResultsDirectory="c6985cd6-5270-4d3a-96a5-76b53f7c9ef6" />
    <UnitTestResult executionId="e43f2fd2-a013-4bd4-a1c6-b23b25167f37" testId="14cbf954-32ba-5765-8473-143e5e39268b" testName="BL.Tests.LiftsSlopesServiceTests.TestAdminDeleteLiftSlopeAsync(lift: Lift { LiftID = 112, LiftName = liftName78d4608b-62e3-430e-b900-0472c45d6c43, IsOpen = True, SeatsAmount = 218, LiftingTime = 104, QueueTime = 126, ConnectedSlopes =  }, slope: Slope { SlopeID = 155, SlopeName = slopeName1ab7f3aa-9948-4c36-afd4-57f15e3bb192, IsOpen = False, DifficultyLevel = 91, ConnectedLifts =  }, slopesRepositoryStub: Mock&lt;ISlopesRepository:2&gt;, liftsRepositoryStub: Mock&lt;ILiftsRepository:7&gt;, liftsSlopesRepositoryStub: Mock&lt;ILiftsSlopesRepository:7&gt;)" computerName="DESKTOP-TJ9D65N" duration="00:00:00.0095672" startTime="2022-10-21T18:43:17.9339828+03:00" endTime="2022-10-21T18:43:17.9339829+03:00" testType="13cdc9d9-ddb5-4fa4-a97d-d965ccfc6d4b" outcome="Passed" testListId="8c84fa94-04c1-424b-9868-57a2d4851a1d" relativeResultsDirectory="e43f2fd2-a013-4bd4-a1c6-b23b25167f37" />
    <UnitTestResult executionId="a627b1bd-ec0a-4d50-9f76-3c6e7391388f" testId="6923069c-1d63-4f6c-c0a2-6652c672e63e" testName="BL.Tests.LiftsServiceTest.TestAdminDeleteLiftAsync(userID: 185, lift: Lift { LiftID = 96, LiftName = liftNamee2ca14ae-508c-4a2b-9e0d-2812a13dcb73, IsOpen = True, SeatsAmount = 82, LiftingTime = 158, QueueTime = 205, ConnectedSlopes =  }, checkPermissionServiceMock: Mock&lt;ICheckPermissionService:4&gt;, liftsRepositoryStub: Mock&lt;ILiftsRepository:4&gt;, liftsSlopesRepositoryStub: Mock&lt;ILiftsSlopesRepository:4&gt;, sut: LiftsService { })" computerName="DESKTOP-TJ9D65N" duration="00:00:00.0482825" startTime="2022-10-21T18:43:17.9643981+03:00" endTime="2022-10-21T18:43:17.9643982+03:00" testType="13cdc9d9-ddb5-4fa4-a97d-d965ccfc6d4b" outcome="Passed" testListId="8c84fa94-04c1-424b-9868-57a2d4851a1d" relativeResultsDirectory="a627b1bd-ec0a-4d50-9f76-3c6e7391388f" />
    <UnitTestResult executionId="c0777286-e80f-4852-a92a-0adef3053f04" testId="f1931e2a-ec0b-ae9f-eed9-b05c4b0a71d3" testName="BL.Tests.SlopesServiceTest.TestAdminAddAutoIncrementSlopeAsync(userID: 93, slope: Slope { SlopeID = 244, SlopeName = slopeNameda5e6356-057a-4370-9265-a421deae4ce0, IsOpen = True, DifficultyLevel = 18, ConnectedLifts =  }, checkPermissionServiceMock: Mock&lt;ICheckPermissionService:10&gt;, slopesRepositoryStub: Mock&lt;ISlopesRepository:8&gt;, sut: SlopesService { })" computerName="DESKTOP-TJ9D65N" duration="00:00:00.0195732" startTime="2022-10-21T18:43:17.9699401+03:00" endTime="2022-10-21T18:43:17.9699402+03:00" testType="13cdc9d9-ddb5-4fa4-a97d-d965ccfc6d4b" outcome="Passed" testListId="8c84fa94-04c1-424b-9868-57a2d4851a1d" relativeResultsDirectory="c0777286-e80f-4852-a92a-0adef3053f04" />
    <UnitTestResult executionId="5e3b9939-4e08-4141-95a7-2cc71349c8bb" testId="2602613f-c8e2-a6d9-fcf7-5b27d4a770a6" testName="BL.Tests.CheckPermissionsServiceTests.AuthorizedHasNoAccessToAdminSkiPatrolFunctions(functionName: &quot;GetMessagesAsync&quot;)" computerName="DESKTOP-TJ9D65N" duration="00:00:00.0041702" startTime="2022-10-21T18:43:18.0831254+03:00" endTime="2022-10-21T18:43:18.0831255+03:00" testType="13cdc9d9-ddb5-4fa4-a97d-d965ccfc6d4b" outcome="Passed" testListId="8c84fa94-04c1-424b-9868-57a2d4851a1d" relativeResultsDirectory="5e3b9939-4e08-4141-95a7-2cc71349c8bb" />
  </Results>
  <TestDefinitions>
    <UnitTest name="BL.Tests.TurnstilesServiceTest.TestAdminUpdateTurnstileAsync(userID: 39, turnstile: Turnstile { TurnstileID = 60, LiftID = 104, IsOpen = True }, checkPermissionServiceMock: Mock&lt;ICheckPermissionService:14&gt;, turnstilesRepositoryStub: Mock&lt;ITurnstilesRepository:8&gt;, sut: TurnstilesService { })" storage="/mnt/c/users/alena/desktop/7_sem/testing_and_debugging/skiresort/bl.tests/bin/debug/net6.0/bl.tests.dll" id="12db4b6e-758d-3819-f8eb-fd95523bd0e1">
      <Execution id="e991da31-c47f-41ff-852b-b2b9db096b0b" />
      <TestMethod codeBase="/mnt/c/Users/alena/Desktop/7_sem/testing_and_debugging/SkiResort/BL.Tests/bin/Debug/net6.0/BL.Tests.dll" adapterTypeName="executor://xunit/VsTestRunner2/netcoreapp" className="BL.Tests.TurnstilesServiceTest" name="TestAdminUpdateTurnstileAsync" />
    </UnitTest>
    <UnitTest name="BL.Tests.UsersServiceTests.TestAdminAddAutoIncrementUser" storage="/mnt/c/users/alena/desktop/7_sem/testing_and_debugging/skiresort/bl.tests/bin/debug/net6.0/bl.tests.dll" id="834c739b-eca4-b36d-6a66-5a1bd75377b8">
      <Execution id="c6985cd6-5270-4d3a-96a5-76b53f7c9ef6" />
      <TestMethod codeBase="/mnt/c/Users/alena/Desktop/7_sem/testing_and_debugging/SkiResort/BL.Tests/bin/Debug/net6.0/BL.Tests.dll" adapterTypeName="executor://xunit/VsTestRunner2/netcoreapp" className="BL.Tests.UsersServiceTests" name="TestAdminAddAutoIncrementUser" />
    </UnitTest>
    <UnitTest name="BL.Tests.LiftsServiceTest.TestAdminDeleteLiftAsync(userID: 185, lift: Lift { LiftID = 96, LiftName = liftNamee2ca14ae-508c-4a2b-9e0d-2812a13dcb73, IsOpen = True, SeatsAmount = 82, LiftingTime = 158, QueueTime = 205, ConnectedSlopes =  }, checkPermissionServiceMock: Mock&lt;ICheckPermissionService:4&gt;, liftsRepositoryStub: Mock&lt;ILiftsRepository:4&gt;, liftsSlopesRepositoryStub: Mock&lt;ILiftsSlopesRepository:4&gt;, sut: LiftsService { })" storage="/mnt/c/users/alena/desktop/7_sem/testing_and_debugging/skiresort/bl.tests/bin/debug/net6.0/bl.tests.dll" id="6923069c-1d63-4f6c-c0a2-6652c672e63e">
      <Execution id="a627b1bd-ec0a-4d50-9f76-3c6e7391388f" />
      <TestMethod codeBase="/mnt/c/Users/alena/Desktop/7_sem/testing_and_debugging/SkiResort/BL.Tests/bin/Debug/net6.0/BL.Tests.dll" adapterTypeName="executor://xunit/VsTestRunner2/netcoreapp" className="BL.Tests.LiftsServiceTest" name="TestAdminDeleteLiftAsync" />
    </UnitTest>
    <UnitTest name="BL.Tests.CheckPermissionsServiceTests.SkiPatrolHasAccessToAdminSkiPatrolFunctions(functionName: &quot;MarkMessageReadByUserAsync&quot;)" storage="/mnt/c/users/alena/desktop/7_sem/testing_and_debugging/skiresort/bl.tests/bin/debug/net6.0/bl.tests.dll" id="60bd668f-04df-da5e-b79b-5d9aedb5234d">
      <Execution id="39781b01-1b21-4fa9-8ae7-e135dab0aa73" />
      <TestMethod codeBase="/mnt/c/Users/alena/Desktop/7_sem/testing_and_debugging/SkiResort/BL.Tests/bin/Debug/net6.0/BL.Tests.dll" adapterTypeName="executor://xunit/VsTestRunner2/netcoreapp" className="BL.Tests.CheckPermissionsServiceTests" name="SkiPatrolHasAccessToAdminSkiPatrolFunctions" />
    </UnitTest>
    <UnitTest name="BL.Tests.CheckPermissionsServiceTests.AuthorizedHasAccessToAuthorizedFunctions(functionName: &quot;SendMessageAsync&quot;)" storage="/mnt/c/users/alena/desktop/7_sem/testing_and_debugging/skiresort/bl.tests/bin/debug/net6.0/bl.tests.dll" id="644ec43e-70cd-c82d-42e7-0d990be1414d">
      <Execution id="584a4459-a285-49b3-bc96-641be54e259b" />
      <TestMethod codeBase="/mnt/c/Users/alena/Desktop/7_sem/testing_and_debugging/SkiResort/BL.Tests/bin/Debug/net6.0/BL.Tests.dll" adapterTypeName="executor://xunit/VsTestRunner2/netcoreapp" className="BL.Tests.CheckPermissionsServiceTests" name="AuthorizedHasAccessToAuthorizedFunctions" />
    </UnitTest>
    <UnitTest name="BL.Tests.CheckPermissionsServiceTests.AuthorizedHasNoAccessToAdminSkiPatrolFunctions(functionName: &quot;MarkMessageReadByUserAsync&quot;)" storage="/mnt/c/users/alena/desktop/7_sem/testing_and_debugging/skiresort/bl.tests/bin/debug/net6.0/bl.tests.dll" id="9c7df5e2-1b23-ebea-889f-b78ca86b60ab">
      <Execution id="28d6d6b9-0036-4542-9066-8ef861e9f230" />
      <TestMethod codeBase="/mnt/c/Users/alena/Desktop/7_sem/testing_and_debugging/SkiResort/BL.Tests/bin/Debug/net6.0/BL.Tests.dll" adapterTypeName="executor://xunit/VsTestRunner2/netcoreapp" className="BL.Tests.CheckPermissionsServiceTests" name="AuthorizedHasNoAccessToAdminSkiPatrolFunctions" />
    </UnitTest>
    <UnitTest name="BL.Tests.CheckPermissionsServiceTests.UnauthorizedHasNoAccessToAuthorizedFunctions(functionName: &quot;SendMessageAsync&quot;)" storage="/mnt/c/users/alena/desktop/7_sem/testing_and_debugging/skiresort/bl.tests/bin/debug/net6.0/bl.tests.dll" id="eaabd2fc-2f4b-5689-59c8-c7ad34a8f634">
      <Execution id="b4a6229e-5812-42cf-9fee-be7c2359d4c8" />
      <TestMethod codeBase="/mnt/c/Users/alena/Desktop/7_sem/testing_and_debugging/SkiResort/BL.Tests/bin/Debug/net6.0/BL.Tests.dll" adapterTypeName="executor://xunit/VsTestRunner2/netcoreapp" className="BL.Tests.CheckPermissionsServiceTests" name="UnauthorizedHasNoAccessToAuthorizedFunctions" />
    </UnitTest>
    <UnitTest name="BL.Tests.CheckPermissionsServiceTests.AdminHasAccessToAllFunctions" storage="/mnt/c/users/alena/desktop/7_sem/testing_and_debugging/skiresort/bl.tests/bin/debug/net6.0/bl.tests.dll" id="f3efc418-a8a6-c7b7-9bac-90b33aa8472f">
      <Execution id="e55b0836-9235-4aa1-b08a-12bf83821937" />
      <TestMethod codeBase="/mnt/c/Users/alena/Desktop/7_sem/testing_and_debugging/SkiResort/BL.Tests/bin/Debug/net6.0/BL.Tests.dll" adapterTypeName="executor://xunit/VsTestRunner2/netcoreapp" className="BL.Tests.CheckPermissionsServiceTests" name="AdminHasAccessToAllFunctions" />
    </UnitTest>
    <UnitTest name="BL.Tests.UsersServiceTests.TestLogInOk" storage="/mnt/c/users/alena/desktop/7_sem/testing_and_debugging/skiresort/bl.tests/bin/debug/net6.0/bl.tests.dll" id="1ca07ad8-f799-c5d4-e7cc-34fd950198a2">
      <Execution id="a47cf509-a39e-43ae-b45b-78cdf1327fd9" />
      <TestMethod codeBase="/mnt/c/Users/alena/Desktop/7_sem/testing_and_debugging/SkiResort/BL.Tests/bin/Debug/net6.0/BL.Tests.dll" adapterTypeName="executor://xunit/VsTestRunner2/netcoreapp" className="BL.Tests.UsersServiceTests" name="TestLogInOk" />
    </UnitTest>
    <UnitTest name="BL.Tests.CheckPermissionsServiceTests.UnauthorizedHasNoAccessToAdminSkiPatrolFunctions(functionName: &quot;MarkMessageReadByUserAsync&quot;)" storage="/mnt/c/users/alena/desktop/7_sem/testing_and_debugging/skiresort/bl.tests/bin/debug/net6.0/bl.tests.dll" id="a19a5fcf-c5d2-7d44-5d7d-84403042f4e0">
      <Execution id="e46e1f9e-eae1-4f38-891a-da75975d8d24" />
      <TestMethod codeBase="/mnt/c/Users/alena/Desktop/7_sem/testing_and_debugging/SkiResort/BL.Tests/bin/Debug/net6.0/BL.Tests.dll" adapterTypeName="executor://xunit/VsTestRunner2/netcoreapp" className="BL.Tests.CheckPermissionsServiceTests" name="UnauthorizedHasNoAccessToAdminSkiPatrolFunctions" />
    </UnitTest>
    <UnitTest name="BL.Tests.LiftsSlopesServiceTests.TestAdminDeleteLiftSlopeAsync(lift: Lift { LiftID = 112, LiftName = liftName78d4608b-62e3-430e-b900-0472c45d6c43, IsOpen = True, SeatsAmount = 218, LiftingTime = 104, QueueTime = 126, ConnectedSlopes =  }, slope: Slope { SlopeID = 155, SlopeName = slopeName1ab7f3aa-9948-4c36-afd4-57f15e3bb192, IsOpen = False, DifficultyLevel = 91, ConnectedLifts =  }, slopesRepositoryStub: Mock&lt;ISlopesRepository:2&gt;, liftsRep..." storage="/mnt/c/users/alena/desktop/7_sem/testing_and_debugging/skiresort/bl.tests/bin/debug/net6.0/bl.tests.dll" id="14cbf954-32ba-5765-8473-143e5e39268b">
      <Execution id="e43f2fd2-a013-4bd4-a1c6-b23b25167f37" />
      <TestMethod codeBase="/mnt/c/Users/alena/Desktop/7_sem/testing_and_debugging/SkiResort/BL.Tests/bin/Debug/net6.0/BL.Tests.dll" adapterTypeName="executor://xunit/VsTestRunner2/netcoreapp" className="BL.Tests.LiftsSlopesServiceTests" name="TestAdminDeleteLiftSlopeAsync" />
    </UnitTest>
    <UnitTest name="BL.Tests.SlopesServiceTest.TestGetSlopeInfoAsync(userID: 39, slope: Slope { SlopeID = 161, SlopeName = slopeNamec913c097-b2f9-4d09-a918-21b213840b37, IsOpen = True, DifficultyLevel = 113, ConnectedLifts =  }, checkPermissionServiceMock: Mock&lt;ICheckPermissionService:6&gt;, slopesRepositoryStub: Mock&lt;ISlopesRepository:4&gt;, liftsSlopesRepositoryStub: Mock&lt;ILiftsSlopesRepository:9&gt;, sut: SlopesService { })" storage="/mnt/c/users/alena/desktop/7_sem/testing_and_debugging/skiresort/bl.tests/bin/debug/net6.0/bl.tests.dll" id="3db46ed4-0c7e-fa98-a6bd-c44f1e18b85f">
      <Execution id="64a64692-2deb-474a-aee4-03b41c29efdb" />
      <TestMethod codeBase="/mnt/c/Users/alena/Desktop/7_sem/testing_and_debugging/SkiResort/BL.Tests/bin/Debug/net6.0/BL.Tests.dll" adapterTypeName="executor://xunit/VsTestRunner2/netcoreapp" className="BL.Tests.SlopesServiceTest" name="TestGetSlopeInfoAsync" />
    </UnitTest>
    <UnitTest name="BL.Tests.SlopesServiceTest.TestAdminAddAutoIncrementSlopeAsync(userID: 93, slope: Slope { SlopeID = 244, SlopeName = slopeNameda5e6356-057a-4370-9265-a421deae4ce0, IsOpen = True, DifficultyLevel = 18, ConnectedLifts =  }, checkPermissionServiceMock: Mock&lt;ICheckPermissionService:10&gt;, slopesRepositoryStub: Mock&lt;ISlopesRepository:8&gt;, sut: SlopesService { })" storage="/mnt/c/users/alena/desktop/7_sem/testing_and_debugging/skiresort/bl.tests/bin/debug/net6.0/bl.tests.dll" id="f1931e2a-ec0b-ae9f-eed9-b05c4b0a71d3">
      <Execution id="c0777286-e80f-4852-a92a-0adef3053f04" />
      <TestMethod codeBase="/mnt/c/Users/alena/Desktop/7_sem/testing_and_debugging/SkiResort/BL.Tests/bin/Debug/net6.0/BL.Tests.dll" adapterTypeName="executor://xunit/VsTestRunner2/netcoreapp" className="BL.Tests.SlopesServiceTest" name="TestAdminAddAutoIncrementSlopeAsync" />
    </UnitTest>
    <UnitTest name="BL.Tests.CheckPermissionsServiceTests.AuthorizedHasAccessToAuthorizedFunctions(functionName: &quot;LogOutAsync&quot;)" storage="/mnt/c/users/alena/desktop/7_sem/testing_and_debugging/skiresort/bl.tests/bin/debug/net6.0/bl.tests.dll" id="aa28a6b3-21d3-aa45-24d3-bef2facbc899">
      <Execution id="a0717d57-b3fc-4627-80f1-3ce59a641390" />
      <TestMethod codeBase="/mnt/c/Users/alena/Desktop/7_sem/testing_and_debugging/SkiResort/BL.Tests/bin/Debug/net6.0/BL.Tests.dll" adapterTypeName="executor://xunit/VsTestRunner2/netcoreapp" className="BL.Tests.CheckPermissionsServiceTests" name="AuthorizedHasAccessToAuthorizedFunctions" />
    </UnitTest>
    <UnitTest name="BL.Tests.CheckPermissionsServiceTests.SkiPatrolHasAccessToAdminSkiPatrolFunctions(functionName: &quot;GetMessagesAsync&quot;)" storage="/mnt/c/users/alena/desktop/7_sem/testing_and_debugging/skiresort/bl.tests/bin/debug/net6.0/bl.tests.dll" id="c36970dc-93f7-753e-fa47-157133b01644">
      <Execution id="223bbdc5-11f6-4b6d-a9d8-7359b1b25046" />
      <TestMethod codeBase="/mnt/c/Users/alena/Desktop/7_sem/testing_and_debugging/SkiResort/BL.Tests/bin/Debug/net6.0/BL.Tests.dll" adapterTypeName="executor://xunit/VsTestRunner2/netcoreapp" className="BL.Tests.CheckPermissionsServiceTests" name="SkiPatrolHasAccessToAdminSkiPatrolFunctions" />
    </UnitTest>
    <UnitTest name="BL.Tests.SlopesServiceTest.TestAdminAddSlopeAsync(userID: 119, slope: Slope { SlopeID = 64, SlopeName = slopeNameb735472b-39b3-407b-acd8-b53bb833d583, IsOpen = True, DifficultyLevel = 93, ConnectedLifts =  }, checkPermissionServiceMock: Mock&lt;ICheckPermissionService:11&gt;, slopesRepositoryStub: Mock&lt;ISlopesRepository:9&gt;, sut: SlopesService { })" storage="/mnt/c/users/alena/desktop/7_sem/testing_and_debugging/skiresort/bl.tests/bin/debug/net6.0/bl.tests.dll" id="36c3c833-94d9-7666-05b8-496fb05c3e9a">
      <Execution id="8fd737dd-5566-40bf-9f52-4185b86057cf" />
      <TestMethod codeBase="/mnt/c/Users/alena/Desktop/7_sem/testing_and_debugging/SkiResort/BL.Tests/bin/Debug/net6.0/BL.Tests.dll" adapterTypeName="executor://xunit/VsTestRunner2/netcoreapp" className="BL.Tests.SlopesServiceTest" name="TestAdminAddSlopeAsync" />
    </UnitTest>
    <UnitTest name="BL.Tests.LiftsServiceTest.TestUpdateLiftInfoAsync(userID: 11, lift: Lift { LiftID = 193, LiftName = liftNamee319eaac-25de-4a52-9cb8-77d0967e5c96, IsOpen = True, SeatsAmount = 115, LiftingTime = 4, QueueTime = 186, ConnectedSlopes =  }, checkPermissionServiceMock: Mock&lt;ICheckPermissionService:3&gt;, liftsRepositoryStub: Mock&lt;ILiftsRepository:3&gt;, sut: LiftsService { })" storage="/mnt/c/users/alena/desktop/7_sem/testing_and_debugging/skiresort/bl.tests/bin/debug/net6.0/bl.tests.dll" id="c0aee214-551b-5d2c-7df5-a203374b4151">
      <Execution id="9521071f-1beb-458e-bfbf-139bf1544a5b" />
      <TestMethod codeBase="/mnt/c/Users/alena/Desktop/7_sem/testing_and_debugging/SkiResort/BL.Tests/bin/Debug/net6.0/BL.Tests.dll" adapterTypeName="executor://xunit/VsTestRunner2/netcoreapp" className="BL.Tests.LiftsServiceTest" name="TestUpdateLiftInfoAsync" />
    </UnitTest>
    <UnitTest name="BL.Tests.CheckPermissionsServiceTests.AuthorizedHasNoAccessToAdminFunctions" storage="/mnt/c/users/alena/desktop/7_sem/testing_and_debugging/skiresort/bl.tests/bin/debug/net6.0/bl.tests.dll" id="a2e59116-cb53-1d70-9cb8-21c286516866">
      <Execution id="a39076e5-dfde-406a-868c-acb7858a4681" />
      <TestMethod codeBase="/mnt/c/Users/alena/Desktop/7_sem/testing_and_debugging/SkiResort/BL.Tests/bin/Debug/net6.0/BL.Tests.dll" adapterTypeName="executor://xunit/VsTestRunner2/netcoreapp" className="BL.Tests.CheckPermissionsServiceTests" name="AuthorizedHasNoAccessToAdminFunctions" />
    </UnitTest>
    <UnitTest name="BL.Tests.CheckPermissionsServiceTests.SkiPatrolHasAccessToAdminSkiPatrolFunctions(functionName: &quot;GetLiftsSlopesInfoAsync&quot;)" storage="/mnt/c/users/alena/desktop/7_sem/testing_and_debugging/skiresort/bl.tests/bin/debug/net6.0/bl.tests.dll" id="2d706594-f2b3-b3c8-21d4-86c9798c3306">
      <Execution id="2bc31ebd-e3ce-434a-a6d7-37eebc2a21cd" />
      <TestMethod codeBase="/mnt/c/Users/alena/Desktop/7_sem/testing_and_debugging/SkiResort/BL.Tests/bin/Debug/net6.0/BL.Tests.dll" adapterTypeName="executor://xunit/VsTestRunner2/netcoreapp" className="BL.Tests.CheckPermissionsServiceTests" name="SkiPatrolHasAccessToAdminSkiPatrolFunctions" />
    </UnitTest>
    <UnitTest name="BL.Tests.CheckPermissionsServiceTests.AuthorizedHasNoAccessToAdminSkiPatrolFunctions(functionName: &quot;GetLiftsSlopesInfoAsync&quot;)" storage="/mnt/c/users/alena/desktop/7_sem/testing_and_debugging/skiresort/bl.tests/bin/debug/net6.0/bl.tests.dll" id="4f297306-d4f3-8d63-e7f4-1ac0b8c58c74">
      <Execution id="dab2055f-56de-421f-b494-d7e0628ae4d1" />
      <TestMethod codeBase="/mnt/c/Users/alena/Desktop/7_sem/testing_and_debugging/SkiResort/BL.Tests/bin/Debug/net6.0/BL.Tests.dll" adapterTypeName="executor://xunit/VsTestRunner2/netcoreapp" className="BL.Tests.CheckPermissionsServiceTests" name="AuthorizedHasNoAccessToAdminSkiPatrolFunctions" />
    </UnitTest>
    <UnitTest name="BL.Tests.CheckPermissionsServiceTests.UnauthorizedHasNoAccessToAdminSkiPatrolFunctions(functionName: &quot;GetLiftsSlopesInfoAsync&quot;)" storage="/mnt/c/users/alena/desktop/7_sem/testing_and_debugging/skiresort/bl.tests/bin/debug/net6.0/bl.tests.dll" id="387c9729-48c1-486e-5e67-f5d11a9f0db8">
      <Execution id="ffa4ebcd-e39a-4367-b94c-a8ea8243f955" />
      <TestMethod codeBase="/mnt/c/Users/alena/Desktop/7_sem/testing_and_debugging/SkiResort/BL.Tests/bin/Debug/net6.0/BL.Tests.dll" adapterTypeName="executor://xunit/VsTestRunner2/netcoreapp" className="BL.Tests.CheckPermissionsServiceTests" name="UnauthorizedHasNoAccessToAdminSkiPatrolFunctions" />
    </UnitTest>
    <UnitTest name="BL.Tests.UsersServiceTests.TestRegisterUserWithRepeatedEmail" storage="/mnt/c/users/alena/desktop/7_sem/testing_and_debugging/skiresort/bl.tests/bin/debug/net6.0/bl.tests.dll" id="894941c1-bfa7-d8f9-c047-1e1ceefe2c2f">
      <Execution id="aa3ce1b0-770d-408c-b03b-4e4b5ddc63a8" />
      <TestMethod codeBase="/mnt/c/Users/alena/Desktop/7_sem/testing_and_debugging/SkiResort/BL.Tests/bin/Debug/net6.0/BL.Tests.dll" adapterTypeName="executor://xunit/VsTestRunner2/netcoreapp" className="BL.Tests.UsersServiceTests" name="TestRegisterUserWithRepeatedEmail" />
    </UnitTest>
    <UnitTest name="BL.Tests.CheckPermissionsServiceTests.UnauthorizedHasNoAccessToAdminFunctions" storage="/mnt/c/users/alena/desktop/7_sem/testing_and_debugging/skiresort/bl.tests/bin/debug/net6.0/bl.tests.dll" id="e2d7e5be-3dae-33ae-fb17-c704b6fd58d6">
      <Execution id="df33e6a9-2974-4d18-ba82-37446d87473f" />
      <TestMethod codeBase="/mnt/c/Users/alena/Desktop/7_sem/testing_and_debugging/SkiResort/BL.Tests/bin/Debug/net6.0/BL.Tests.dll" adapterTypeName="executor://xunit/VsTestRunner2/netcoreapp" className="BL.Tests.CheckPermissionsServiceTests" name="UnauthorizedHasNoAccessToAdminFunctions" />
    </UnitTest>
    <UnitTest name="BL.Tests.SlopesServiceTest.TestAdminDeleteSlopeAsync(userID: 158, slope: Slope { SlopeID = 45, SlopeName = slopeNamed0d4299e-4209-4d03-bee9-03db48513cb4, IsOpen = True, DifficultyLevel = 73, ConnectedLifts =  }, checkPermissionServiceMock: Mock&lt;ICheckPermissionService:9&gt;, slopesRepositoryStub: Mock&lt;ISlopesRepository:7&gt;, liftsSlopesRepositoryStub: Mock&lt;ILiftsSlopesRepository:12&gt;, sut: SlopesService { })" storage="/mnt/c/users/alena/desktop/7_sem/testing_and_debugging/skiresort/bl.tests/bin/debug/net6.0/bl.tests.dll" id="2fab70de-24a3-2fb6-4eed-87acff35053d">
      <Execution id="d4c12613-659b-471e-9cb7-e8d9e68c69c0" />
      <TestMethod codeBase="/mnt/c/Users/alena/Desktop/7_sem/testing_and_debugging/SkiResort/BL.Tests/bin/Debug/net6.0/BL.Tests.dll" adapterTypeName="executor://xunit/VsTestRunner2/netcoreapp" className="BL.Tests.SlopesServiceTest" name="TestAdminDeleteSlopeAsync" />
    </UnitTest>
    <UnitTest name="BL.Tests.SlopesServiceTest.TestGetSlopesInfoAsync(userID: 114, initialSlopes: [Slope { SlopeID = 18, SlopeName = slopeNamefbef01c6-5662-44b0-9119-d9f51a9432bf, IsOpen = True, DifficultyLevel = 212, ConnectedLifts =  }, Slope { SlopeID = 138, SlopeName = slopeNamebdb97e1b-794c-41c6-b181-54608913959c, IsOpen = False, DifficultyLevel = 63, ConnectedLifts =  }, Slope { SlopeID = 135, SlopeName = slopeName59d67307-fb68-47d4-a00e-000bf6d5a071, Is..." storage="/mnt/c/users/alena/desktop/7_sem/testing_and_debugging/skiresort/bl.tests/bin/debug/net6.0/bl.tests.dll" id="dcb4e446-8af9-707d-044e-5b38114ee261">
      <Execution id="a11f1598-aa76-46fb-adcd-aa7e6de9a6a1" />
      <TestMethod codeBase="/mnt/c/Users/alena/Desktop/7_sem/testing_and_debugging/SkiResort/BL.Tests/bin/Debug/net6.0/BL.Tests.dll" adapterTypeName="executor://xunit/VsTestRunner2/netcoreapp" className="BL.Tests.SlopesServiceTest" name="TestGetSlopesInfoAsync" />
    </UnitTest>
    <UnitTest name="BL.Tests.UsersServiceTests.TestRegisterUserWithNoPassword" storage="/mnt/c/users/alena/desktop/7_sem/testing_and_debugging/skiresort/bl.tests/bin/debug/net6.0/bl.tests.dll" id="f44a1b21-8efc-bfac-63b4-d534442def31">
      <Execution id="1cda9f9f-ee2a-417a-9e5e-03a39e5b93be" />
      <TestMethod codeBase="/mnt/c/Users/alena/Desktop/7_sem/testing_and_debugging/SkiResort/BL.Tests/bin/Debug/net6.0/BL.Tests.dll" adapterTypeName="executor://xunit/VsTestRunner2/netcoreapp" className="BL.Tests.UsersServiceTests" name="TestRegisterUserWithNoPassword" />
    </UnitTest>
    <UnitTest name="BL.Tests.CheckPermissionsServiceTests.SkiPatrolHasNoAccessToAdminFunctions" storage="/mnt/c/users/alena/desktop/7_sem/testing_and_debugging/skiresort/bl.tests/bin/debug/net6.0/bl.tests.dll" id="492c0393-35b4-df26-a537-21ca08302f3c">
      <Execution id="962e23f3-0f86-4b7d-8a8f-e300866d0891" />
      <TestMethod codeBase="/mnt/c/Users/alena/Desktop/7_sem/testing_and_debugging/SkiResort/BL.Tests/bin/Debug/net6.0/BL.Tests.dll" adapterTypeName="executor://xunit/VsTestRunner2/netcoreapp" className="BL.Tests.CheckPermissionsServiceTests" name="SkiPatrolHasNoAccessToAdminFunctions" />
    </UnitTest>
    <UnitTest name="BL.Tests.UsersServiceTests.TestAdminDeleteUser" storage="/mnt/c/users/alena/desktop/7_sem/testing_and_debugging/skiresort/bl.tests/bin/debug/net6.0/bl.tests.dll" id="18fa8c62-e27d-e1fc-8182-4d7db62b008d">
      <Execution id="e91e7dc3-4754-40d8-a376-801ee7388c67" />
      <TestMethod codeBase="/mnt/c/Users/alena/Desktop/7_sem/testing_and_debugging/SkiResort/BL.Tests/bin/Debug/net6.0/BL.Tests.dll" adapterTypeName="executor://xunit/VsTestRunner2/netcoreapp" className="BL.Tests.UsersServiceTests" name="TestAdminDeleteUser" />
    </UnitTest>
    <UnitTest name="BL.Tests.UsersServiceTests.TestLogInWithWrongPassword" storage="/mnt/c/users/alena/desktop/7_sem/testing_and_debugging/skiresort/bl.tests/bin/debug/net6.0/bl.tests.dll" id="69340bb6-3645-f9dd-971e-29d8b2a009bb">
      <Execution id="a8f8a95d-4ac0-48eb-a5b2-c225fe2f113f" />
      <TestMethod codeBase="/mnt/c/Users/alena/Desktop/7_sem/testing_and_debugging/SkiResort/BL.Tests/bin/Debug/net6.0/BL.Tests.dll" adapterTypeName="executor://xunit/VsTestRunner2/netcoreapp" className="BL.Tests.UsersServiceTests" name="TestLogInWithWrongPassword" />
    </UnitTest>
    <UnitTest name="BL.Tests.CheckPermissionsServiceTests.UnauthorizedHasNoAccessToAdminSkiPatrolFunctions(functionName: &quot;GetMessagesAsync&quot;)" storage="/mnt/c/users/alena/desktop/7_sem/testing_and_debugging/skiresort/bl.tests/bin/debug/net6.0/bl.tests.dll" id="229812f5-9a73-5335-11f5-31330d1348a5">
      <Execution id="3b3b15ec-724d-450d-ad1f-f8ef6496b388" />
      <TestMethod codeBase="/mnt/c/Users/alena/Desktop/7_sem/testing_and_debugging/SkiResort/BL.Tests/bin/Debug/net6.0/BL.Tests.dll" adapterTypeName="executor://xunit/VsTestRunner2/netcoreapp" className="BL.Tests.CheckPermissionsServiceTests" name="UnauthorizedHasNoAccessToAdminSkiPatrolFunctions" />
    </UnitTest>
    <UnitTest name="BL.Tests.UsersServiceTests.TestRegisterUserWithNoEmail" storage="/mnt/c/users/alena/desktop/7_sem/testing_and_debugging/skiresort/bl.tests/bin/debug/net6.0/bl.tests.dll" id="8184bd30-991c-b78d-b4ec-99a485eac0dd">
      <Execution id="257ae406-2a0c-4679-b3e9-36e8386d7296" />
      <TestMethod codeBase="/mnt/c/Users/alena/Desktop/7_sem/testing_and_debugging/SkiResort/BL.Tests/bin/Debug/net6.0/BL.Tests.dll" adapterTypeName="executor://xunit/VsTestRunner2/netcoreapp" className="BL.Tests.UsersServiceTests" name="TestRegisterUserWithNoEmail" />
    </UnitTest>
    <UnitTest name="BL.Tests.CheckPermissionsServiceTests.AuthorizedHasNoAccessToAdminSkiPatrolFunctions(functionName: &quot;GetMessagesAsync&quot;)" storage="/mnt/c/users/alena/desktop/7_sem/testing_and_debugging/skiresort/bl.tests/bin/debug/net6.0/bl.tests.dll" id="2602613f-c8e2-a6d9-fcf7-5b27d4a770a6">
      <Execution id="5e3b9939-4e08-4141-95a7-2cc71349c8bb" />
      <TestMethod codeBase="/mnt/c/Users/alena/Desktop/7_sem/testing_and_debugging/SkiResort/BL.Tests/bin/Debug/net6.0/BL.Tests.dll" adapterTypeName="executor://xunit/VsTestRunner2/netcoreapp" className="BL.Tests.CheckPermissionsServiceTests" name="AuthorizedHasNoAccessToAdminSkiPatrolFunctions" />
    </UnitTest>
    <UnitTest name="BL.Tests.UsersServiceTests.TestRegisterOk" storage="/mnt/c/users/alena/desktop/7_sem/testing_and_debugging/skiresort/bl.tests/bin/debug/net6.0/bl.tests.dll" id="0eeef75f-6e38-7893-a8fe-cff3e0a970a7">
      <Execution id="0a0146c4-0155-42df-81e0-8b5ead7e68a2" />
      <TestMethod codeBase="/mnt/c/Users/alena/Desktop/7_sem/testing_and_debugging/SkiResort/BL.Tests/bin/Debug/net6.0/BL.Tests.dll" adapterTypeName="executor://xunit/VsTestRunner2/netcoreapp" className="BL.Tests.UsersServiceTests" name="TestRegisterOk" />
    </UnitTest>
    <UnitTest name="BL.Tests.LiftsServiceTest.TestGetLiftInfoAsync(userID: 69, lift: Lift { LiftID = 61, LiftName = liftName01ee2aa4-2d04-463c-a310-1a9490c5d474, IsOpen = True, SeatsAmount = 78, LiftingTime = 83, QueueTime = 23, ConnectedSlopes =  }, checkPermissionServiceMock: Mock&lt;ICheckPermissionService:1&gt;, liftsRepositoryStub: Mock&lt;ILiftsRepository:1&gt;, liftsSlopesRepositoryStub: Mock&lt;ILiftsSlopesRepository:1&gt;, sut: LiftsService { })" storage="/mnt/c/users/alena/desktop/7_sem/testing_and_debugging/skiresort/bl.tests/bin/debug/net6.0/bl.tests.dll" id="438bf0f8-1834-ca12-f60c-8dd08819c04a">
      <Execution id="7da9b30f-e979-4679-bb3e-28e0bac525b0" />
      <TestMethod codeBase="/mnt/c/Users/alena/Desktop/7_sem/testing_and_debugging/SkiResort/BL.Tests/bin/Debug/net6.0/BL.Tests.dll" adapterTypeName="executor://xunit/VsTestRunner2/netcoreapp" className="BL.Tests.LiftsServiceTest" name="TestGetLiftInfoAsync" />
    </UnitTest>
    <UnitTest name="BL.Tests.CheckPermissionsServiceTests.UnauthorizedHasNoAccessToAuthorizedFunctions(functionName: &quot;LogOutAsync&quot;)" storage="/mnt/c/users/alena/desktop/7_sem/testing_and_debugging/skiresort/bl.tests/bin/debug/net6.0/bl.tests.dll" id="fa960c5e-f989-2880-784e-8efe538c5231">
      <Execution id="f0169b42-c0e3-4367-bc0f-e631929373e2" />
      <TestMethod codeBase="/mnt/c/Users/alena/Desktop/7_sem/testing_and_debugging/SkiResort/BL.Tests/bin/Debug/net6.0/BL.Tests.dll" adapterTypeName="executor://xunit/VsTestRunner2/netcoreapp" className="BL.Tests.CheckPermissionsServiceTests" name="UnauthorizedHasNoAccessToAuthorizedFunctions" />
    </UnitTest>
    <UnitTest name="BL.Tests.LiftsServiceTest.TestGetLiftsInfoAsync(userID: 77, initialLifts: [Lift { LiftID = 26, LiftName = liftNamee4f6313d-3e05-4d4f-9d0d-3ec81b2f1e10, IsOpen = True, SeatsAmount = 111, LiftingTime = 237, QueueTime = 161, ConnectedSlopes =  }, Lift { LiftID = 68, LiftName = liftName621d2104-d192-445e-8ac9-70c7dbd74155, IsOpen = False, SeatsAmount = 179, LiftingTime = 212, QueueTime = 208, ConnectedSlopes =  }, Lift { LiftID = 15, LiftName =..." storage="/mnt/c/users/alena/desktop/7_sem/testing_and_debugging/skiresort/bl.tests/bin/debug/net6.0/bl.tests.dll" id="32749894-1ff3-d7e0-015d-ea60e1ee7e06">
      <Execution id="631d0c53-94af-4445-822b-1b719d415e59" />
      <TestMethod codeBase="/mnt/c/Users/alena/Desktop/7_sem/testing_and_debugging/SkiResort/BL.Tests/bin/Debug/net6.0/BL.Tests.dll" adapterTypeName="executor://xunit/VsTestRunner2/netcoreapp" className="BL.Tests.LiftsServiceTest" name="TestGetLiftsInfoAsync" />
    </UnitTest>
    <UnitTest name="BL.Tests.LiftsSlopesServiceTests.TestAdminAddAutoIncrementLiftSlopeAsync(lift: Lift { LiftID = 95, LiftName = liftNamed7b55eed-339a-4f8c-8e66-ba5fdd75df42, IsOpen = True, SeatsAmount = 117, LiftingTime = 34, QueueTime = 246, ConnectedSlopes =  }, slope: Slope { SlopeID = 131, SlopeName = slopeName578de2de-4f33-45c9-b669-64ce7d998bae, IsOpen = False, DifficultyLevel = 239, ConnectedLifts =  }, slopesRepositoryStub: Mock&lt;ISlopesRepository:3&gt;,..." storage="/mnt/c/users/alena/desktop/7_sem/testing_and_debugging/skiresort/bl.tests/bin/debug/net6.0/bl.tests.dll" id="01aa8aa4-902e-b387-92d6-3cbbdc75c844">
      <Execution id="a361d17c-bcf1-4e92-9299-c92c1abb9c4b" />
      <TestMethod codeBase="/mnt/c/Users/alena/Desktop/7_sem/testing_and_debugging/SkiResort/BL.Tests/bin/Debug/net6.0/BL.Tests.dll" adapterTypeName="executor://xunit/VsTestRunner2/netcoreapp" className="BL.Tests.LiftsSlopesServiceTests" name="TestAdminAddAutoIncrementLiftSlopeAsync" />
    </UnitTest>
    <UnitTest name="BL.Tests.LiftsServiceTest.TestAdminAddAutoIncrementLiftAsync(userID: 48, lift: Lift { LiftID = 93, LiftName = liftName9c254dba-4ba5-48ea-a907-c05a215b385c, IsOpen = True, SeatsAmount = 117, LiftingTime = 136, QueueTime = 22, ConnectedSlopes =  }, checkPermissionServiceMock: Mock&lt;ICheckPermissionService:5&gt;, liftsRepositoryStub: Mock&lt;ILiftsRepository:5&gt;, sut: LiftsService { })" storage="/mnt/c/users/alena/desktop/7_sem/testing_and_debugging/skiresort/bl.tests/bin/debug/net6.0/bl.tests.dll" id="77047647-5dcf-ab3a-bb2d-b01d100365a9">
      <Execution id="d715c29c-ca53-4742-9600-3ab0ec29ad5b" />
      <TestMethod codeBase="/mnt/c/Users/alena/Desktop/7_sem/testing_and_debugging/SkiResort/BL.Tests/bin/Debug/net6.0/BL.Tests.dll" adapterTypeName="executor://xunit/VsTestRunner2/netcoreapp" className="BL.Tests.LiftsServiceTest" name="TestAdminAddAutoIncrementLiftAsync" />
    </UnitTest>
    <UnitTest name="BL.Tests.LiftsSlopesServiceTests.TestGetLiftsSlopesInfoAsync(liftsSlopes: [LiftSlope { RecordID = 18, LiftID = 115, SlopeID = 30 }, LiftSlope { RecordID = 213, LiftID = 249, SlopeID = 173 }, LiftSlope { RecordID = 144, LiftID = 28, SlopeID = 191 }], slopesRepositoryStub: Mock&lt;ISlopesRepository:1&gt;, liftsRepositoryStub: Mock&lt;ILiftsRepository:6&gt;, liftsSlopesRepositoryStub: Mock&lt;ILiftsSlopesRepository:6&gt;)" storage="/mnt/c/users/alena/desktop/7_sem/testing_and_debugging/skiresort/bl.tests/bin/debug/net6.0/bl.tests.dll" id="e429852d-a6ed-7c2a-25fd-cd839b159d56">
      <Execution id="84edcb06-492f-45eb-826d-bbedbd8923ff" />
      <TestMethod codeBase="/mnt/c/Users/alena/Desktop/7_sem/testing_and_debugging/SkiResort/BL.Tests/bin/Debug/net6.0/BL.Tests.dll" adapterTypeName="executor://xunit/VsTestRunner2/netcoreapp" className="BL.Tests.LiftsSlopesServiceTests" name="TestGetLiftsSlopesInfoAsync" />
    </UnitTest>
    <UnitTest name="BL.Tests.TurnstilesServiceTest.TestAdminGetTurnstilesAsync(userID: 81, initialTurnstiles: [Turnstile { TurnstileID = 35, LiftID = 234, IsOpen = True }, Turnstile { TurnstileID = 119, LiftID = 27, IsOpen = False }, Turnstile { TurnstileID = 17, LiftID = 251, IsOpen = True }], checkPermissionServiceMock: Mock&lt;ICheckPermissionService:13&gt;, turnstilesRepositoryStub: Mock&lt;ITurnstilesRepository:7&gt;, sut: TurnstilesService { })" storage="/mnt/c/users/alena/desktop/7_sem/testing_and_debugging/skiresort/bl.tests/bin/debug/net6.0/bl.tests.dll" id="264774d6-4c1f-0cd3-ea1b-dbd25a212425">
      <Execution id="838c0af0-6ef6-440a-b41a-39ae3dff324a" />
      <TestMethod codeBase="/mnt/c/Users/alena/Desktop/7_sem/testing_and_debugging/SkiResort/BL.Tests/bin/Debug/net6.0/BL.Tests.dll" adapterTypeName="executor://xunit/VsTestRunner2/netcoreapp" className="BL.Tests.TurnstilesServiceTest" name="TestAdminGetTurnstilesAsync" />
    </UnitTest>
    <UnitTest name="BL.Tests.UsersServiceTests.TestAdminUpdateUser" storage="/mnt/c/users/alena/desktop/7_sem/testing_and_debugging/skiresort/bl.tests/bin/debug/net6.0/bl.tests.dll" id="06d0bc3a-24a0-fb7f-4277-e9ae6d21c7dd">
      <Execution id="090cb134-6e2e-4ad4-98be-79526d6310d3" />
      <TestMethod codeBase="/mnt/c/Users/alena/Desktop/7_sem/testing_and_debugging/SkiResort/BL.Tests/bin/Debug/net6.0/BL.Tests.dll" adapterTypeName="executor://xunit/VsTestRunner2/netcoreapp" className="BL.Tests.UsersServiceTests" name="TestAdminUpdateUser" />
    </UnitTest>
    <UnitTest name="BL.Tests.TurnstilesServiceTest.TestAdminAddAutoIncrementTurnstileAsync(userID: 120, turnstile: Turnstile { TurnstileID = 208, LiftID = 206, IsOpen = True }, checkPermissionServiceMock: Mock&lt;ICheckPermissionService:16&gt;, turnstilesRepositoryStub: Mock&lt;ITurnstilesRepository:10&gt;, sut: TurnstilesService { })" storage="/mnt/c/users/alena/desktop/7_sem/testing_and_debugging/skiresort/bl.tests/bin/debug/net6.0/bl.tests.dll" id="7754401c-8be7-700b-1a25-0117a1b87053">
      <Execution id="47d186e8-2842-4fba-bc62-bd2bc791458d" />
      <TestMethod codeBase="/mnt/c/Users/alena/Desktop/7_sem/testing_and_debugging/SkiResort/BL.Tests/bin/Debug/net6.0/BL.Tests.dll" adapterTypeName="executor://xunit/VsTestRunner2/netcoreapp" className="BL.Tests.TurnstilesServiceTest" name="TestAdminAddAutoIncrementTurnstileAsync" />
    </UnitTest>
    <UnitTest name="BL.Tests.UsersServiceTests.TestAdminGetUserByIDAsync" storage="/mnt/c/users/alena/desktop/7_sem/testing_and_debugging/skiresort/bl.tests/bin/debug/net6.0/bl.tests.dll" id="e5497347-2721-b7a6-0bd4-69a9921f6947">
      <Execution id="e1e458e9-e8a3-4d33-b05f-9fa55a4878fe" />
      <TestMethod codeBase="/mnt/c/Users/alena/Desktop/7_sem/testing_and_debugging/SkiResort/BL.Tests/bin/Debug/net6.0/BL.Tests.dll" adapterTypeName="executor://xunit/VsTestRunner2/netcoreapp" className="BL.Tests.UsersServiceTests" name="TestAdminGetUserByIDAsync" />
    </UnitTest>
    <UnitTest name="BL.Tests.TurnstilesServiceTest.TestAdminGetTurnstileAsync(userID: 228, turnstile: Turnstile { TurnstileID = 140, LiftID = 19, IsOpen = True }, checkPermissionServiceMock: Mock&lt;ICheckPermissionService:12&gt;, turnstilesRepositoryStub: Mock&lt;ITurnstilesRepository:6&gt;, sut: TurnstilesService { })" storage="/mnt/c/users/alena/desktop/7_sem/testing_and_debugging/skiresort/bl.tests/bin/debug/net6.0/bl.tests.dll" id="1aa32433-ef44-bdb0-f581-8b4bb441c880">
      <Execution id="9525b9f2-327b-4a92-b1de-7cc016e9148b" />
      <TestMethod codeBase="/mnt/c/Users/alena/Desktop/7_sem/testing_and_debugging/SkiResort/BL.Tests/bin/Debug/net6.0/BL.Tests.dll" adapterTypeName="executor://xunit/VsTestRunner2/netcoreapp" className="BL.Tests.TurnstilesServiceTest" name="TestAdminGetTurnstileAsync" />
    </UnitTest>
    <UnitTest name="BL.Tests.TurnstilesServiceTest.TestAdminDeleteTurnstileAsync(userID: 17, turnstile: Turnstile { TurnstileID = 165, LiftID = 238, IsOpen = True }, checkPermissionServiceMock: Mock&lt;ICheckPermissionService:15&gt;, turnstilesRepositoryStub: Mock&lt;ITurnstilesRepository:9&gt;, sut: TurnstilesService { })" storage="/mnt/c/users/alena/desktop/7_sem/testing_and_debugging/skiresort/bl.tests/bin/debug/net6.0/bl.tests.dll" id="aca49171-0c09-e29e-6d8d-e8c1422eeab8">
      <Execution id="18074940-5a03-49e0-8c36-19f28137c220" />
      <TestMethod codeBase="/mnt/c/Users/alena/Desktop/7_sem/testing_and_debugging/SkiResort/BL.Tests/bin/Debug/net6.0/BL.Tests.dll" adapterTypeName="executor://xunit/VsTestRunner2/netcoreapp" className="BL.Tests.TurnstilesServiceTest" name="TestAdminDeleteTurnstileAsync" />
    </UnitTest>
    <UnitTest name="BL.Tests.SlopesServiceTest.TestUpdateSlopeInfoAsync(userID: 229, slope: Slope { SlopeID = 249, SlopeName = slopeName24cbff54-77ee-41a5-9505-68679f627ad1, IsOpen = True, DifficultyLevel = 71, ConnectedLifts =  }, checkPermissionServiceMock: Mock&lt;ICheckPermissionService:8&gt;, slopesRepositoryStub: Mock&lt;ISlopesRepository:6&gt;, sut: SlopesService { })" storage="/mnt/c/users/alena/desktop/7_sem/testing_and_debugging/skiresort/bl.tests/bin/debug/net6.0/bl.tests.dll" id="d985c8e5-a80d-4088-9238-ef8b363ee907">
      <Execution id="3dca7bd9-be31-43ab-a45c-1b64655c73c1" />
      <TestMethod codeBase="/mnt/c/Users/alena/Desktop/7_sem/testing_and_debugging/SkiResort/BL.Tests/bin/Debug/net6.0/BL.Tests.dll" adapterTypeName="executor://xunit/VsTestRunner2/netcoreapp" className="BL.Tests.SlopesServiceTest" name="TestUpdateSlopeInfoAsync" />
    </UnitTest>
    <UnitTest name="BL.Tests.UsersServiceTests.TestAdminGetUsers" storage="/mnt/c/users/alena/desktop/7_sem/testing_and_debugging/skiresort/bl.tests/bin/debug/net6.0/bl.tests.dll" id="20ad8570-0170-85de-dcd7-2f109dd7bcd6">
      <Execution id="44f6e87f-0513-4af4-850f-dcdda1f0ba7e" />
      <TestMethod codeBase="/mnt/c/Users/alena/Desktop/7_sem/testing_and_debugging/SkiResort/BL.Tests/bin/Debug/net6.0/BL.Tests.dll" adapterTypeName="executor://xunit/VsTestRunner2/netcoreapp" className="BL.Tests.UsersServiceTests" name="TestAdminGetUsers" />
    </UnitTest>
  </TestDefinitions>
  <TestEntries>
    <TestEntry testId="387c9729-48c1-486e-5e67-f5d11a9f0db8" executionId="ffa4ebcd-e39a-4367-b94c-a8ea8243f955" testListId="8c84fa94-04c1-424b-9868-57a2d4851a1d" />
    <TestEntry testId="2d706594-f2b3-b3c8-21d4-86c9798c3306" executionId="2bc31ebd-e3ce-434a-a6d7-37eebc2a21cd" testListId="8c84fa94-04c1-424b-9868-57a2d4851a1d" />
    <TestEntry testId="264774d6-4c1f-0cd3-ea1b-dbd25a212425" executionId="838c0af0-6ef6-440a-b41a-39ae3dff324a" testListId="8c84fa94-04c1-424b-9868-57a2d4851a1d" />
    <TestEntry testId="a2e59116-cb53-1d70-9cb8-21c286516866" executionId="a39076e5-dfde-406a-868c-acb7858a4681" testListId="8c84fa94-04c1-424b-9868-57a2d4851a1d" />
    <TestEntry testId="32749894-1ff3-d7e0-015d-ea60e1ee7e06" executionId="631d0c53-94af-4445-822b-1b719d415e59" testListId="8c84fa94-04c1-424b-9868-57a2d4851a1d" />
    <TestEntry testId="a19a5fcf-c5d2-7d44-5d7d-84403042f4e0" executionId="e46e1f9e-eae1-4f38-891a-da75975d8d24" testListId="8c84fa94-04c1-424b-9868-57a2d4851a1d" />
    <TestEntry testId="20ad8570-0170-85de-dcd7-2f109dd7bcd6" executionId="44f6e87f-0513-4af4-850f-dcdda1f0ba7e" testListId="8c84fa94-04c1-424b-9868-57a2d4851a1d" />
    <TestEntry testId="60bd668f-04df-da5e-b79b-5d9aedb5234d" executionId="39781b01-1b21-4fa9-8ae7-e135dab0aa73" testListId="8c84fa94-04c1-424b-9868-57a2d4851a1d" />
    <TestEntry testId="3db46ed4-0c7e-fa98-a6bd-c44f1e18b85f" executionId="64a64692-2deb-474a-aee4-03b41c29efdb" testListId="8c84fa94-04c1-424b-9868-57a2d4851a1d" />
    <TestEntry testId="c36970dc-93f7-753e-fa47-157133b01644" executionId="223bbdc5-11f6-4b6d-a9d8-7359b1b25046" testListId="8c84fa94-04c1-424b-9868-57a2d4851a1d" />
    <TestEntry testId="8184bd30-991c-b78d-b4ec-99a485eac0dd" executionId="257ae406-2a0c-4679-b3e9-36e8386d7296" testListId="8c84fa94-04c1-424b-9868-57a2d4851a1d" />
    <TestEntry testId="e5497347-2721-b7a6-0bd4-69a9921f6947" executionId="e1e458e9-e8a3-4d33-b05f-9fa55a4878fe" testListId="8c84fa94-04c1-424b-9868-57a2d4851a1d" />
    <TestEntry testId="7754401c-8be7-700b-1a25-0117a1b87053" executionId="47d186e8-2842-4fba-bc62-bd2bc791458d" testListId="8c84fa94-04c1-424b-9868-57a2d4851a1d" />
    <TestEntry testId="0eeef75f-6e38-7893-a8fe-cff3e0a970a7" executionId="0a0146c4-0155-42df-81e0-8b5ead7e68a2" testListId="8c84fa94-04c1-424b-9868-57a2d4851a1d" />
    <TestEntry testId="18fa8c62-e27d-e1fc-8182-4d7db62b008d" executionId="e91e7dc3-4754-40d8-a376-801ee7388c67" testListId="8c84fa94-04c1-424b-9868-57a2d4851a1d" />
    <TestEntry testId="06d0bc3a-24a0-fb7f-4277-e9ae6d21c7dd" executionId="090cb134-6e2e-4ad4-98be-79526d6310d3" testListId="8c84fa94-04c1-424b-9868-57a2d4851a1d" />
    <TestEntry testId="36c3c833-94d9-7666-05b8-496fb05c3e9a" executionId="8fd737dd-5566-40bf-9f52-4185b86057cf" testListId="8c84fa94-04c1-424b-9868-57a2d4851a1d" />
    <TestEntry testId="e429852d-a6ed-7c2a-25fd-cd839b159d56" executionId="84edcb06-492f-45eb-826d-bbedbd8923ff" testListId="8c84fa94-04c1-424b-9868-57a2d4851a1d" />
    <TestEntry testId="229812f5-9a73-5335-11f5-31330d1348a5" executionId="3b3b15ec-724d-450d-ad1f-f8ef6496b388" testListId="8c84fa94-04c1-424b-9868-57a2d4851a1d" />
    <TestEntry testId="dcb4e446-8af9-707d-044e-5b38114ee261" executionId="a11f1598-aa76-46fb-adcd-aa7e6de9a6a1" testListId="8c84fa94-04c1-424b-9868-57a2d4851a1d" />
    <TestEntry testId="01aa8aa4-902e-b387-92d6-3cbbdc75c844" executionId="a361d17c-bcf1-4e92-9299-c92c1abb9c4b" testListId="8c84fa94-04c1-424b-9868-57a2d4851a1d" />
    <TestEntry testId="69340bb6-3645-f9dd-971e-29d8b2a009bb" executionId="a8f8a95d-4ac0-48eb-a5b2-c225fe2f113f" testListId="8c84fa94-04c1-424b-9868-57a2d4851a1d" />
    <TestEntry testId="77047647-5dcf-ab3a-bb2d-b01d100365a9" executionId="d715c29c-ca53-4742-9600-3ab0ec29ad5b" testListId="8c84fa94-04c1-424b-9868-57a2d4851a1d" />
    <TestEntry testId="f44a1b21-8efc-bfac-63b4-d534442def31" executionId="1cda9f9f-ee2a-417a-9e5e-03a39e5b93be" testListId="8c84fa94-04c1-424b-9868-57a2d4851a1d" />
    <TestEntry testId="9c7df5e2-1b23-ebea-889f-b78ca86b60ab" executionId="28d6d6b9-0036-4542-9066-8ef861e9f230" testListId="8c84fa94-04c1-424b-9868-57a2d4851a1d" />
    <TestEntry testId="12db4b6e-758d-3819-f8eb-fd95523bd0e1" executionId="e991da31-c47f-41ff-852b-b2b9db096b0b" testListId="8c84fa94-04c1-424b-9868-57a2d4851a1d" />
    <TestEntry testId="2fab70de-24a3-2fb6-4eed-87acff35053d" executionId="d4c12613-659b-471e-9cb7-e8d9e68c69c0" testListId="8c84fa94-04c1-424b-9868-57a2d4851a1d" />
    <TestEntry testId="e2d7e5be-3dae-33ae-fb17-c704b6fd58d6" executionId="df33e6a9-2974-4d18-ba82-37446d87473f" testListId="8c84fa94-04c1-424b-9868-57a2d4851a1d" />
    <TestEntry testId="c0aee214-551b-5d2c-7df5-a203374b4151" executionId="9521071f-1beb-458e-bfbf-139bf1544a5b" testListId="8c84fa94-04c1-424b-9868-57a2d4851a1d" />
    <TestEntry testId="d985c8e5-a80d-4088-9238-ef8b363ee907" executionId="3dca7bd9-be31-43ab-a45c-1b64655c73c1" testListId="8c84fa94-04c1-424b-9868-57a2d4851a1d" />
    <TestEntry testId="aca49171-0c09-e29e-6d8d-e8c1422eeab8" executionId="18074940-5a03-49e0-8c36-19f28137c220" testListId="8c84fa94-04c1-424b-9868-57a2d4851a1d" />
    <TestEntry testId="aa28a6b3-21d3-aa45-24d3-bef2facbc899" executionId="a0717d57-b3fc-4627-80f1-3ce59a641390" testListId="8c84fa94-04c1-424b-9868-57a2d4851a1d" />
    <TestEntry testId="438bf0f8-1834-ca12-f60c-8dd08819c04a" executionId="7da9b30f-e979-4679-bb3e-28e0bac525b0" testListId="8c84fa94-04c1-424b-9868-57a2d4851a1d" />
    <TestEntry testId="894941c1-bfa7-d8f9-c047-1e1ceefe2c2f" executionId="aa3ce1b0-770d-408c-b03b-4e4b5ddc63a8" testListId="8c84fa94-04c1-424b-9868-57a2d4851a1d" />
    <TestEntry testId="4f297306-d4f3-8d63-e7f4-1ac0b8c58c74" executionId="dab2055f-56de-421f-b494-d7e0628ae4d1" testListId="8c84fa94-04c1-424b-9868-57a2d4851a1d" />
    <TestEntry testId="eaabd2fc-2f4b-5689-59c8-c7ad34a8f634" executionId="b4a6229e-5812-42cf-9fee-be7c2359d4c8" testListId="8c84fa94-04c1-424b-9868-57a2d4851a1d" />
    <TestEntry testId="1ca07ad8-f799-c5d4-e7cc-34fd950198a2" executionId="a47cf509-a39e-43ae-b45b-78cdf1327fd9" testListId="8c84fa94-04c1-424b-9868-57a2d4851a1d" />
    <TestEntry testId="1aa32433-ef44-bdb0-f581-8b4bb441c880" executionId="9525b9f2-327b-4a92-b1de-7cc016e9148b" testListId="8c84fa94-04c1-424b-9868-57a2d4851a1d" />
    <TestEntry testId="fa960c5e-f989-2880-784e-8efe538c5231" executionId="f0169b42-c0e3-4367-bc0f-e631929373e2" testListId="8c84fa94-04c1-424b-9868-57a2d4851a1d" />
    <TestEntry testId="492c0393-35b4-df26-a537-21ca08302f3c" executionId="962e23f3-0f86-4b7d-8a8f-e300866d0891" testListId="8c84fa94-04c1-424b-9868-57a2d4851a1d" />
    <TestEntry testId="f3efc418-a8a6-c7b7-9bac-90b33aa8472f" executionId="e55b0836-9235-4aa1-b08a-12bf83821937" testListId="8c84fa94-04c1-424b-9868-57a2d4851a1d" />
    <TestEntry testId="644ec43e-70cd-c82d-42e7-0d990be1414d" executionId="584a4459-a285-49b3-bc96-641be54e259b" testListId="8c84fa94-04c1-424b-9868-57a2d4851a1d" />
    <TestEntry testId="834c739b-eca4-b36d-6a66-5a1bd75377b8" executionId="c6985cd6-5270-4d3a-96a5-76b53f7c9ef6" testListId="8c84fa94-04c1-424b-9868-57a2d4851a1d" />
    <TestEntry testId="14cbf954-32ba-5765-8473-143e5e39268b" executionId="e43f2fd2-a013-4bd4-a1c6-b23b25167f37" testListId="8c84fa94-04c1-424b-9868-57a2d4851a1d" />
    <TestEntry testId="6923069c-1d63-4f6c-c0a2-6652c672e63e" executionId="a627b1bd-ec0a-4d50-9f76-3c6e7391388f" testListId="8c84fa94-04c1-424b-9868-57a2d4851a1d" />
    <TestEntry testId="f1931e2a-ec0b-ae9f-eed9-b05c4b0a71d3" executionId="c0777286-e80f-4852-a92a-0adef3053f04" testListId="8c84fa94-04c1-424b-9868-57a2d4851a1d" />
    <TestEntry testId="2602613f-c8e2-a6d9-fcf7-5b27d4a770a6" executionId="5e3b9939-4e08-4141-95a7-2cc71349c8bb" testListId="8c84fa94-04c1-424b-9868-57a2d4851a1d" />
  </TestEntries>
  <TestLists>
    <TestList name="Results Not in a List" id="8c84fa94-04c1-424b-9868-57a2d4851a1d" />
    <TestList name="All Loaded Results" id="19431567-8539-422a-85d7-44ee4e166bda" />
  </TestLists>
  <ResultSummary outcome="Completed">
    <Counters total="47" executed="47" passed="47" failed="0" error="0" timeout="0" aborted="0" inconclusive="0" passedButRunAborted="0" notRunnable="0" notExecuted="0" disconnected="0" warning="0" completed="0" inProgress="0" pending="0" />
    <Output>
      <StdOut>[xUnit.net 00:00:00.00] xUnit.net VSTest Adapter v2.4.5+1caef2f33e (64-bit .NET 6.0.10)
[xUnit.net 00:00:01.00]   Discovering: BL.Tests
[xUnit.net 00:00:01.24]   Discovered:  BL.Tests
[xUnit.net 00:00:01.25]   Starting:    BL.Tests
[xUnit.net 00:00:01.74]   Finished:    BL.Tests
</StdOut>
    </Output>
  </ResultSummary>
</TestRun>