<?xml version="1.0" encoding="utf-8"?>
<TestRun id="8ad71fd6-1392-41fb-8b35-0efb1ee7796c" name="@DESKTOP-TJ9D65N 2022-10-21 17:10:41" xmlns="http://microsoft.com/schemas/VisualStudio/TeamTest/2010">
  <Times creation="2022-10-21T17:10:41.0910258+03:00" queuing="2022-10-21T17:10:41.0910258+03:00" start="2022-10-21T17:10:38.6209676+03:00" finish="2022-10-21T17:10:41.2808251+03:00" />
  <TestSettings name="default" id="1254c04a-90ae-4609-aaa4-3919e49f8ec9">
    <Deployment runDeploymentRoot="_DESKTOP-TJ9D65N_2022-10-21_17_10_41" />
  </TestSettings>
  <Results>
    <UnitTestResult executionId="fcf73c4a-4388-48ec-a95c-e94b2552b508" testId="0f9c07a5-399b-bb7f-9e96-fc4e9a61148b" testName="BL.Tests.SlopesServiceTest.TestGetSlopeInfoAsync(userID: 174, slope: Slope { SlopeID = 177, SlopeName = slopeName2732ac0f-ee4c-4cf3-af0b-83459f6ea533, IsOpen = True, DifficultyLevel = 18, ConnectedLifts =  }, checkPermissionServiceMock: Mock&lt;ICheckPermissionService:6&gt;, slopesRepositoryStub: Mock&lt;ISlopesRepository:4&gt;, liftsSlopesRepositoryStub: Mock&lt;ILiftsSlopesRepository:9&gt;, sut: SlopesService { })" computerName="DESKTOP-TJ9D65N" duration="00:00:00.0411864" startTime="2022-10-21T17:10:40.9349625+03:00" endTime="2022-10-21T17:10:40.9349626+03:00" testType="13cdc9d9-ddb5-4fa4-a97d-d965ccfc6d4b" outcome="Passed" testListId="8c84fa94-04c1-424b-9868-57a2d4851a1d" relativeResultsDirectory="fcf73c4a-4388-48ec-a95c-e94b2552b508" />
    <UnitTestResult executionId="630cbae3-707a-4099-a33c-2514ce4fc864" testId="1e3ab090-25aa-8606-5fd2-0a08b771579e" testName="BL.Tests.SlopesServiceTest.TestAdminAddSlopeAsync(userID: 238, slope: Slope { SlopeID = 143, SlopeName = slopeName2ff14d7c-fadc-4c80-9e2e-a22022511de8, IsOpen = True, DifficultyLevel = 150, ConnectedLifts =  }, checkPermissionServiceMock: Mock&lt;ICheckPermissionService:11&gt;, slopesRepositoryStub: Mock&lt;ISlopesRepository:9&gt;, sut: SlopesService { })" computerName="DESKTOP-TJ9D65N" duration="00:00:00.0059557" startTime="2022-10-21T17:10:41.0511708+03:00" endTime="2022-10-21T17:10:41.0511710+03:00" testType="13cdc9d9-ddb5-4fa4-a97d-d965ccfc6d4b" outcome="Passed" testListId="8c84fa94-04c1-424b-9868-57a2d4851a1d" relativeResultsDirectory="630cbae3-707a-4099-a33c-2514ce4fc864" />
    <UnitTestResult executionId="5afd18e5-f9e1-48a5-b55f-93db8ab65dd7" testId="fa960c5e-f989-2880-784e-8efe538c5231" testName="BL.Tests.CheckPermissionsServiceTests.UnauthorizedHasNoAccessToAuthorizedFunctions(functionName: &quot;LogOutAsync&quot;)" computerName="DESKTOP-TJ9D65N" duration="00:00:00.0017884" startTime="2022-10-21T17:10:41.0526987+03:00" endTime="2022-10-21T17:10:41.0526988+03:00" testType="13cdc9d9-ddb5-4fa4-a97d-d965ccfc6d4b" outcome="Passed" testListId="8c84fa94-04c1-424b-9868-57a2d4851a1d" relativeResultsDirectory="5afd18e5-f9e1-48a5-b55f-93db8ab65dd7" />
    <UnitTestResult executionId="d251e199-a3fd-4d23-adca-f11f442e677a" testId="492c0393-35b4-df26-a537-21ca08302f3c" testName="BL.Tests.CheckPermissionsServiceTests.SkiPatrolHasNoAccessToAdminFunctions" computerName="DESKTOP-TJ9D65N" duration="00:00:00.0025831" startTime="2022-10-21T17:10:41.1903376+03:00" endTime="2022-10-21T17:10:41.1903376+03:00" testType="13cdc9d9-ddb5-4fa4-a97d-d965ccfc6d4b" outcome="Passed" testListId="8c84fa94-04c1-424b-9868-57a2d4851a1d" relativeResultsDirectory="d251e199-a3fd-4d23-adca-f11f442e677a" />
    <UnitTestResult executionId="329c4b4b-f745-44c0-a8a3-e265f1610dd3" testId="1ca07ad8-f799-c5d4-e7cc-34fd950198a2" testName="BL.Tests.UsersServiceTests.TestLogInOk" computerName="DESKTOP-TJ9D65N" duration="00:00:00.0046230" startTime="2022-10-21T17:10:41.0940643+03:00" endTime="2022-10-21T17:10:41.0940644+03:00" testType="13cdc9d9-ddb5-4fa4-a97d-d965ccfc6d4b" outcome="Passed" testListId="8c84fa94-04c1-424b-9868-57a2d4851a1d" relativeResultsDirectory="329c4b4b-f745-44c0-a8a3-e265f1610dd3" />
    <UnitTestResult executionId="2735765d-1d2c-46de-bedf-1244682b12fa" testId="eb011f89-bda6-51af-d6a6-e9e3adc7d22a" testName="BL.Tests.LiftsServiceTest.TestUpdateLiftInfoAsync(userID: 20, lift: Lift { LiftID = 1, LiftName = liftNamecdda735d-2729-49a4-adfc-09456d9efccd, IsOpen = True, SeatsAmount = 41, LiftingTime = 42, QueueTime = 244, ConnectedSlopes =  }, checkPermissionServiceMock: Mock&lt;ICheckPermissionService:3&gt;, liftsRepositoryStub: Mock&lt;ILiftsRepository:3&gt;, sut: LiftsService { })" computerName="DESKTOP-TJ9D65N" duration="00:00:00.0073399" startTime="2022-10-21T17:10:41.0904322+03:00" endTime="2022-10-21T17:10:41.0904323+03:00" testType="13cdc9d9-ddb5-4fa4-a97d-d965ccfc6d4b" outcome="Passed" testListId="8c84fa94-04c1-424b-9868-57a2d4851a1d" relativeResultsDirectory="2735765d-1d2c-46de-bedf-1244682b12fa" />
    <UnitTestResult executionId="948bc024-35f1-4f8c-b55c-82698e74fc37" testId="624c8366-7baa-e8aa-40f4-bfd8f5c60f8e" testName="BL.Tests.TurnstilesServiceTest.TestAdminAddAutoIncrementTurnstileAsync(userID: 50, turnstile: Turnstile { TurnstileID = 255, LiftID = 214, IsOpen = True }, checkPermissionServiceMock: Mock&lt;ICheckPermissionService:16&gt;, turnstilesRepositoryStub: Mock&lt;ITurnstilesRepository:10&gt;, sut: TurnstilesService { })" computerName="DESKTOP-TJ9D65N" duration="00:00:00.0101519" startTime="2022-10-21T17:10:41.0635604+03:00" endTime="2022-10-21T17:10:41.0635605+03:00" testType="13cdc9d9-ddb5-4fa4-a97d-d965ccfc6d4b" outcome="Passed" testListId="8c84fa94-04c1-424b-9868-57a2d4851a1d" relativeResultsDirectory="948bc024-35f1-4f8c-b55c-82698e74fc37" />
    <UnitTestResult executionId="df20329d-8bf4-4706-904e-da712d15f7d4" testId="5808b152-8115-0096-5001-853b506b76d7" testName="BL.Tests.SlopesServiceTest.TestAdminAddAutoIncrementSlopeAsync(userID: 84, slope: Slope { SlopeID = 66, SlopeName = slopeNamed0b9e062-d839-443c-8a6a-18cb67f3b0f1, IsOpen = True, DifficultyLevel = 174, ConnectedLifts =  }, checkPermissionServiceMock: Mock&lt;ICheckPermissionService:10&gt;, slopesRepositoryStub: Mock&lt;ISlopesRepository:8&gt;, sut: SlopesService { })" computerName="DESKTOP-TJ9D65N" duration="00:00:00.0154216" startTime="2022-10-21T17:10:41.0375548+03:00" endTime="2022-10-21T17:10:41.0375548+03:00" testType="13cdc9d9-ddb5-4fa4-a97d-d965ccfc6d4b" outcome="Passed" testListId="8c84fa94-04c1-424b-9868-57a2d4851a1d" relativeResultsDirectory="df20329d-8bf4-4706-904e-da712d15f7d4" />
    <UnitTestResult executionId="f4b8800c-94e7-4ae4-a2cf-c423233bc05a" testId="644ec43e-70cd-c82d-42e7-0d990be1414d" testName="BL.Tests.CheckPermissionsServiceTests.AuthorizedHasAccessToAuthorizedFunctions(functionName: &quot;SendMessageAsync&quot;)" computerName="DESKTOP-TJ9D65N" duration="00:00:00.0021856" startTime="2022-10-21T17:10:41.1600693+03:00" endTime="2022-10-21T17:10:41.1600694+03:00" testType="13cdc9d9-ddb5-4fa4-a97d-d965ccfc6d4b" outcome="Passed" testListId="8c84fa94-04c1-424b-9868-57a2d4851a1d" relativeResultsDirectory="f4b8800c-94e7-4ae4-a2cf-c423233bc05a" />
    <UnitTestResult executionId="3295ecb9-ff51-4b44-be7b-61c5b9ec03f5" testId="229812f5-9a73-5335-11f5-31330d1348a5" testName="BL.Tests.CheckPermissionsServiceTests.UnauthorizedHasNoAccessToAdminSkiPatrolFunctions(functionName: &quot;GetMessagesAsync&quot;)" computerName="DESKTOP-TJ9D65N" duration="00:00:00.0018023" startTime="2022-10-21T17:10:41.0363379+03:00" endTime="2022-10-21T17:10:41.0363380+03:00" testType="13cdc9d9-ddb5-4fa4-a97d-d965ccfc6d4b" outcome="Passed" testListId="8c84fa94-04c1-424b-9868-57a2d4851a1d" relativeResultsDirectory="3295ecb9-ff51-4b44-be7b-61c5b9ec03f5" />
    <UnitTestResult executionId="6ca3717a-b087-43f4-8a24-765a42f2bacd" testId="e5497347-2721-b7a6-0bd4-69a9921f6947" testName="BL.Tests.UsersServiceTests.TestAdminGetUserByIDAsync" computerName="DESKTOP-TJ9D65N" duration="00:00:00.0046420" startTime="2022-10-21T17:10:41.1461705+03:00" endTime="2022-10-21T17:10:41.1461706+03:00" testType="13cdc9d9-ddb5-4fa4-a97d-d965ccfc6d4b" outcome="Passed" testListId="8c84fa94-04c1-424b-9868-57a2d4851a1d" relativeResultsDirectory="6ca3717a-b087-43f4-8a24-765a42f2bacd" />
    <UnitTestResult executionId="62ca3fce-9efb-4400-8eab-b5810b862d8a" testId="1a7cda86-eeb3-29ae-7fcc-6c5efb2c21f3" testName="BL.Tests.LiftsSlopesServiceTests.TestAdminDeleteLiftSlopeAsync(lift: Lift { LiftID = 36, LiftName = liftNameba286b61-afe2-4fb8-8bbd-b9243c3153a2, IsOpen = True, SeatsAmount = 203, LiftingTime = 238, QueueTime = 201, ConnectedSlopes =  }, slope: Slope { SlopeID = 240, SlopeName = slopeName36a95db7-6dea-457c-815b-6c4b293d44ed, IsOpen = False, DifficultyLevel = 57, ConnectedLifts =  }, slopesRepositoryStub: Mock&lt;ISlopesRepository:2&gt;, liftsRepositoryStub: Mock&lt;ILiftsRepository:7&gt;, liftsSlopesRepositoryStub: Mock&lt;ILiftsSlopesRepository:7&gt;)" computerName="DESKTOP-TJ9D65N" duration="00:00:00.0069340" startTime="2022-10-21T17:10:41.0374950+03:00" endTime="2022-10-21T17:10:41.0374951+03:00" testType="13cdc9d9-ddb5-4fa4-a97d-d965ccfc6d4b" outcome="Passed" testListId="8c84fa94-04c1-424b-9868-57a2d4851a1d" relativeResultsDirectory="62ca3fce-9efb-4400-8eab-b5810b862d8a" />
    <UnitTestResult executionId="74a5955f-ce25-4404-9b53-a7bab20c319f" testId="abf81eea-b735-67b1-5c6a-24d58f9660b7" testName="BL.Tests.LiftsSlopesServiceTests.TestAdminAddAutoIncrementLiftSlopeAsync(lift: Lift { LiftID = 123, LiftName = liftNameaf09a3b8-af04-49c6-b6bd-9b4a0fc83bc1, IsOpen = True, SeatsAmount = 42, LiftingTime = 181, QueueTime = 253, ConnectedSlopes =  }, slope: Slope { SlopeID = 36, SlopeName = slopeName3b9bc8ea-7d4e-43bf-8cb6-59402e553679, IsOpen = False, DifficultyLevel = 40, ConnectedLifts =  }, slopesRepositoryStub: Mock&lt;ISlopesRepository:3&gt;, liftsRepositoryStub: Mock&lt;ILiftsRepository:8&gt;, liftsSlopesRepositoryStub: Mock&lt;ILiftsSlopesRepository:8&gt;)" computerName="DESKTOP-TJ9D65N" duration="00:00:00.0100103" startTime="2022-10-21T17:10:41.0362653+03:00" endTime="2022-10-21T17:10:41.0362654+03:00" testType="13cdc9d9-ddb5-4fa4-a97d-d965ccfc6d4b" outcome="Passed" testListId="8c84fa94-04c1-424b-9868-57a2d4851a1d" relativeResultsDirectory="74a5955f-ce25-4404-9b53-a7bab20c319f" />
    <UnitTestResult executionId="05d51b27-c5de-4f56-8ad0-b88ba76f5499" testId="f0ff9209-aa5e-af69-f55d-49b6b2f5492d" testName="BL.Tests.TurnstilesServiceTest.TestAdminGetTurnstileAsync(userID: 253, turnstile: Turnstile { TurnstileID = 103, LiftID = 88, IsOpen = True }, checkPermissionServiceMock: Mock&lt;ICheckPermissionService:12&gt;, turnstilesRepositoryStub: Mock&lt;ITurnstilesRepository:6&gt;, sut: TurnstilesService { })" computerName="DESKTOP-TJ9D65N" duration="00:00:00.0408591" startTime="2022-10-21T17:10:40.9308978+03:00" endTime="2022-10-21T17:10:40.9309708+03:00" testType="13cdc9d9-ddb5-4fa4-a97d-d965ccfc6d4b" outcome="Passed" testListId="8c84fa94-04c1-424b-9868-57a2d4851a1d" relativeResultsDirectory="05d51b27-c5de-4f56-8ad0-b88ba76f5499" />
    <UnitTestResult executionId="1cf6f726-7911-4787-8e82-7bbc6b434760" testId="f3efc418-a8a6-c7b7-9bac-90b33aa8472f" testName="BL.Tests.CheckPermissionsServiceTests.AdminHasAccessToAllFunctions" computerName="DESKTOP-TJ9D65N" duration="00:00:00.0017298" startTime="2022-10-21T17:10:41.1998685+03:00" endTime="2022-10-21T17:10:41.1998685+03:00" testType="13cdc9d9-ddb5-4fa4-a97d-d965ccfc6d4b" outcome="Passed" testListId="8c84fa94-04c1-424b-9868-57a2d4851a1d" relativeResultsDirectory="1cf6f726-7911-4787-8e82-7bbc6b434760" />
    <UnitTestResult executionId="909aa5ae-4a45-4afc-b650-d707609e150f" testId="20ad8570-0170-85de-dcd7-2f109dd7bcd6" testName="BL.Tests.UsersServiceTests.TestAdminGetUsers" computerName="DESKTOP-TJ9D65N" duration="00:00:00.0460099" startTime="2022-10-21T17:10:40.9350520+03:00" endTime="2022-10-21T17:10:40.9350520+03:00" testType="13cdc9d9-ddb5-4fa4-a97d-d965ccfc6d4b" outcome="Passed" testListId="8c84fa94-04c1-424b-9868-57a2d4851a1d" relativeResultsDirectory="909aa5ae-4a45-4afc-b650-d707609e150f" />
    <UnitTestResult executionId="70b833f3-2daf-4b87-b7f9-d77559295328" testId="45c39a26-cfbc-7480-84e7-d1ce996dc835" testName="BL.Tests.TurnstilesServiceTest.TestAdminGetTurnstilesAsync(userID: 194, initialTurnstiles: [Turnstile { TurnstileID = 255, LiftID = 30, IsOpen = True }, Turnstile { TurnstileID = 120, LiftID = 201, IsOpen = False }, Turnstile { TurnstileID = 196, LiftID = 27, IsOpen = True }], checkPermissionServiceMock: Mock&lt;ICheckPermissionService:13&gt;, turnstilesRepositoryStub: Mock&lt;ITurnstilesRepository:7&gt;, sut: TurnstilesService { })" computerName="DESKTOP-TJ9D65N" duration="00:00:00.0080603" startTime="2022-10-21T17:10:41.0373859+03:00" endTime="2022-10-21T17:10:41.0373859+03:00" testType="13cdc9d9-ddb5-4fa4-a97d-d965ccfc6d4b" outcome="Passed" testListId="8c84fa94-04c1-424b-9868-57a2d4851a1d" relativeResultsDirectory="70b833f3-2daf-4b87-b7f9-d77559295328" />
    <UnitTestResult executionId="7b1a3e6b-22f8-48c9-988e-5b8b951c29ec" testId="e429852d-a6ed-7c2a-25fd-cd839b159d56" testName="BL.Tests.LiftsSlopesServiceTests.TestGetLiftsSlopesInfoAsync(liftsSlopes: [LiftSlope { RecordID = 126, LiftID = 188, SlopeID = 137 }, LiftSlope { RecordID = 156, LiftID = 68, SlopeID = 87 }, LiftSlope { RecordID = 207, LiftID = 155, SlopeID = 243 }], slopesRepositoryStub: Mock&lt;ISlopesRepository:1&gt;, liftsRepositoryStub: Mock&lt;ILiftsRepository:6&gt;, liftsSlopesRepositoryStub: Mock&lt;ILiftsSlopesRepository:6&gt;)" computerName="DESKTOP-TJ9D65N" duration="00:00:00.0459330" startTime="2022-10-21T17:10:40.9350744+03:00" endTime="2022-10-21T17:10:40.9350744+03:00" testType="13cdc9d9-ddb5-4fa4-a97d-d965ccfc6d4b" outcome="Passed" testListId="8c84fa94-04c1-424b-9868-57a2d4851a1d" relativeResultsDirectory="7b1a3e6b-22f8-48c9-988e-5b8b951c29ec" />
    <UnitTestResult executionId="39214910-7efa-47eb-9474-122580444c05" testId="e5c0bacf-7b30-84e5-c67d-1df8151e28af" testName="BL.Tests.SlopesServiceTest.TestAdminDeleteSlopeAsync(userID: 85, slope: Slope { SlopeID = 165, SlopeName = slopeName2b8894e9-8df8-473a-9b21-91bd9bc05da7, IsOpen = True, DifficultyLevel = 174, ConnectedLifts =  }, checkPermissionServiceMock: Mock&lt;ICheckPermissionService:9&gt;, slopesRepositoryStub: Mock&lt;ISlopesRepository:7&gt;, liftsSlopesRepositoryStub: Mock&lt;ILiftsSlopesRepository:12&gt;, sut: SlopesService { })" computerName="DESKTOP-TJ9D65N" duration="00:00:00.0076949" startTime="2022-10-21T17:10:41.0362449+03:00" endTime="2022-10-21T17:10:41.0362449+03:00" testType="13cdc9d9-ddb5-4fa4-a97d-d965ccfc6d4b" outcome="Passed" testListId="8c84fa94-04c1-424b-9868-57a2d4851a1d" relativeResultsDirectory="39214910-7efa-47eb-9474-122580444c05" />
    <UnitTestResult executionId="7990986c-13d9-438b-b78a-1feec934adfb" testId="bd0c3575-7428-5432-cb15-29a94bcf4a16" testName="BL.Tests.TurnstilesServiceTest.TestAdminUpdateTurnstileAsync(userID: 69, turnstile: Turnstile { TurnstileID = 121, LiftID = 233, IsOpen = True }, checkPermissionServiceMock: Mock&lt;ICheckPermissionService:14&gt;, turnstilesRepositoryStub: Mock&lt;ITurnstilesRepository:8&gt;, sut: TurnstilesService { })" computerName="DESKTOP-TJ9D65N" duration="00:00:00.0063866" startTime="2022-10-21T17:10:41.0377741+03:00" endTime="2022-10-21T17:10:41.0377741+03:00" testType="13cdc9d9-ddb5-4fa4-a97d-d965ccfc6d4b" outcome="Passed" testListId="8c84fa94-04c1-424b-9868-57a2d4851a1d" relativeResultsDirectory="7990986c-13d9-438b-b78a-1feec934adfb" />
    <UnitTestResult executionId="aaca70e9-a991-41cd-904d-86197639acff" testId="a64219a2-68a0-dd2b-4320-aafe814c6489" testName="BL.Tests.TurnstilesServiceTest.TestAdminDeleteTurnstileAsync(userID: 111, turnstile: Turnstile { TurnstileID = 83, LiftID = 178, IsOpen = True }, checkPermissionServiceMock: Mock&lt;ICheckPermissionService:15&gt;, turnstilesRepositoryStub: Mock&lt;ITurnstilesRepository:9&gt;, sut: TurnstilesService { })" computerName="DESKTOP-TJ9D65N" duration="00:00:00.0060860" startTime="2022-10-21T17:10:41.0362344+03:00" endTime="2022-10-21T17:10:41.0362344+03:00" testType="13cdc9d9-ddb5-4fa4-a97d-d965ccfc6d4b" outcome="Passed" testListId="8c84fa94-04c1-424b-9868-57a2d4851a1d" relativeResultsDirectory="aaca70e9-a991-41cd-904d-86197639acff" />
    <UnitTestResult executionId="c16f59db-5faf-479b-8a13-2ea58a2b9079" testId="f44a1b21-8efc-bfac-63b4-d534442def31" testName="BL.Tests.UsersServiceTests.TestRegisterUserWithNoPassword" computerName="DESKTOP-TJ9D65N" duration="00:00:00.0017002" startTime="2022-10-21T17:10:41.0363098+03:00" endTime="2022-10-21T17:10:41.0363098+03:00" testType="13cdc9d9-ddb5-4fa4-a97d-d965ccfc6d4b" outcome="Passed" testListId="8c84fa94-04c1-424b-9868-57a2d4851a1d" relativeResultsDirectory="c16f59db-5faf-479b-8a13-2ea58a2b9079" />
    <UnitTestResult executionId="afdcd45f-d7d4-4256-81bb-70c5edd6a01c" testId="894941c1-bfa7-d8f9-c047-1e1ceefe2c2f" testName="BL.Tests.UsersServiceTests.TestRegisterUserWithRepeatedEmail" computerName="DESKTOP-TJ9D65N" duration="00:00:00.0044041" startTime="2022-10-21T17:10:41.0375250+03:00" endTime="2022-10-21T17:10:41.0375251+03:00" testType="13cdc9d9-ddb5-4fa4-a97d-d965ccfc6d4b" outcome="Passed" testListId="8c84fa94-04c1-424b-9868-57a2d4851a1d" relativeResultsDirectory="afdcd45f-d7d4-4256-81bb-70c5edd6a01c" />
    <UnitTestResult executionId="f36331b9-e731-46d5-a684-7d4bb3f16295" testId="9c7df5e2-1b23-ebea-889f-b78ca86b60ab" testName="BL.Tests.CheckPermissionsServiceTests.AuthorizedHasNoAccessToAdminSkiPatrolFunctions(functionName: &quot;MarkMessageReadByUserAsync&quot;)" computerName="DESKTOP-TJ9D65N" duration="00:00:00.0014174" startTime="2022-10-21T17:10:41.1403207+03:00" endTime="2022-10-21T17:10:41.1403207+03:00" testType="13cdc9d9-ddb5-4fa4-a97d-d965ccfc6d4b" outcome="Passed" testListId="8c84fa94-04c1-424b-9868-57a2d4851a1d" relativeResultsDirectory="f36331b9-e731-46d5-a684-7d4bb3f16295" />
    <UnitTestResult executionId="46124db7-cab5-495b-962c-cafc4b4720de" testId="caae44d5-5092-52ec-f324-52510c854a14" testName="BL.Tests.LiftsServiceTest.TestGetLiftInfoAsync(userID: 162, lift: Lift { LiftID = 156, LiftName = liftName3e188bd0-0d4c-437e-8622-1345275bd404, IsOpen = True, SeatsAmount = 37, LiftingTime = 230, QueueTime = 188, ConnectedSlopes =  }, checkPermissionServiceMock: Mock&lt;ICheckPermissionService:1&gt;, liftsRepositoryStub: Mock&lt;ILiftsRepository:1&gt;, liftsSlopesRepositoryStub: Mock&lt;ILiftsSlopesRepository:1&gt;, sut: LiftsService { })" computerName="DESKTOP-TJ9D65N" duration="00:00:00.0080524" startTime="2022-10-21T17:10:41.0362550+03:00" endTime="2022-10-21T17:10:41.0362550+03:00" testType="13cdc9d9-ddb5-4fa4-a97d-d965ccfc6d4b" outcome="Passed" testListId="8c84fa94-04c1-424b-9868-57a2d4851a1d" relativeResultsDirectory="46124db7-cab5-495b-962c-cafc4b4720de" />
    <UnitTestResult executionId="1a05d698-a13d-4f04-9519-0393cf49612a" testId="cbe409b0-3a99-1110-fa72-a07bc518dd33" testName="BL.Tests.LiftsServiceTest.TestGetLiftsInfoAsync(userID: 33, initialLifts: [Lift { LiftID = 123, LiftName = liftName372aa3d6-0d0f-4ab2-86bf-ed9a1a2565d0, IsOpen = True, SeatsAmount = 216, LiftingTime = 10, QueueTime = 41, ConnectedSlopes =  }, Lift { LiftID = 194, LiftName = liftName57b5ab20-c551-4abe-97a1-6e585fb548bb, IsOpen = False, SeatsAmount = 142, LiftingTime = 171, QueueTime = 45, ConnectedSlopes =  }, Lift { LiftID = 32, LiftName = liftName31d55637-0021-4653-9290-11f865a94735, IsOpen = True, SeatsAmount = 255, LiftingTime = 7, QueueTime = 107, ConnectedSlopes =  }], checkPermissionServiceMock: Mock&lt;ICheckPermissionService:2&gt;, liftsRepositoryStub: Mock&lt;ILiftsRepository:2&gt;, liftsSlopesRepositoryStub: Mock&lt;ILiftsSlopesRepository:2&gt;, sut: LiftsService { })" computerName="DESKTOP-TJ9D65N" duration="00:00:00.0198479" startTime="2022-10-21T17:10:41.0691222+03:00" endTime="2022-10-21T17:10:41.0691223+03:00" testType="13cdc9d9-ddb5-4fa4-a97d-d965ccfc6d4b" outcome="Passed" testListId="8c84fa94-04c1-424b-9868-57a2d4851a1d" relativeResultsDirectory="1a05d698-a13d-4f04-9519-0393cf49612a" />
    <UnitTestResult executionId="3ded5035-a288-4cb9-8a8d-26f6fa2d08cc" testId="387c9729-48c1-486e-5e67-f5d11a9f0db8" testName="BL.Tests.CheckPermissionsServiceTests.UnauthorizedHasNoAccessToAdminSkiPatrolFunctions(functionName: &quot;GetLiftsSlopesInfoAsync&quot;)" computerName="DESKTOP-TJ9D65N" duration="00:00:00.0018273" startTime="2022-10-21T17:10:41.0362183+03:00" endTime="2022-10-21T17:10:41.0362184+03:00" testType="13cdc9d9-ddb5-4fa4-a97d-d965ccfc6d4b" outcome="Passed" testListId="8c84fa94-04c1-424b-9868-57a2d4851a1d" relativeResultsDirectory="3ded5035-a288-4cb9-8a8d-26f6fa2d08cc" />
    <UnitTestResult executionId="91b46eba-9782-489d-bf6b-72305f3d7395" testId="c36970dc-93f7-753e-fa47-157133b01644" testName="BL.Tests.CheckPermissionsServiceTests.SkiPatrolHasAccessToAdminSkiPatrolFunctions(functionName: &quot;GetMessagesAsync&quot;)" computerName="DESKTOP-TJ9D65N" duration="00:00:00.0015377" startTime="2022-10-21T17:10:41.1009787+03:00" endTime="2022-10-21T17:10:41.1009787+03:00" testType="13cdc9d9-ddb5-4fa4-a97d-d965ccfc6d4b" outcome="Passed" testListId="8c84fa94-04c1-424b-9868-57a2d4851a1d" relativeResultsDirectory="91b46eba-9782-489d-bf6b-72305f3d7395" />
    <UnitTestResult executionId="41fccfb0-0d01-4dfc-88a0-0d626cd28b35" testId="e2d7e5be-3dae-33ae-fb17-c704b6fd58d6" testName="BL.Tests.CheckPermissionsServiceTests.UnauthorizedHasNoAccessToAdminFunctions" computerName="DESKTOP-TJ9D65N" duration="00:00:00.0023527" startTime="2022-10-21T17:10:41.1805179+03:00" endTime="2022-10-21T17:10:41.1805180+03:00" testType="13cdc9d9-ddb5-4fa4-a97d-d965ccfc6d4b" outcome="Passed" testListId="8c84fa94-04c1-424b-9868-57a2d4851a1d" relativeResultsDirectory="41fccfb0-0d01-4dfc-88a0-0d626cd28b35" />
    <UnitTestResult executionId="583bf0c0-2de7-4cf0-b27c-5b9ea70e697a" testId="b7e2eae1-4bb8-e169-cd89-faf1ceae8377" testName="BL.Tests.LiftsServiceTest.TestAdminDeleteLiftAsync(userID: 238, lift: Lift { LiftID = 134, LiftName = liftNamef9f67d1f-fa73-4516-9234-08934225600e, IsOpen = True, SeatsAmount = 62, LiftingTime = 107, QueueTime = 249, ConnectedSlopes =  }, checkPermissionServiceMock: Mock&lt;ICheckPermissionService:4&gt;, liftsRepositoryStub: Mock&lt;ILiftsRepository:4&gt;, liftsSlopesRepositoryStub: Mock&lt;ILiftsSlopesRepository:4&gt;, sut: LiftsService { })" computerName="DESKTOP-TJ9D65N" duration="00:00:00.0736713" startTime="2022-10-21T17:10:40.9594277+03:00" endTime="2022-10-21T17:10:40.9594278+03:00" testType="13cdc9d9-ddb5-4fa4-a97d-d965ccfc6d4b" outcome="Passed" testListId="8c84fa94-04c1-424b-9868-57a2d4851a1d" relativeResultsDirectory="583bf0c0-2de7-4cf0-b27c-5b9ea70e697a" />
    <UnitTestResult executionId="12ec04bb-7f6c-4df8-a06b-99ce0e1ddc03" testId="804a9fce-5aa3-f246-b67a-d752a08b28b9" testName="BL.Tests.SlopesServiceTest.TestGetSlopesInfoAsync(userID: 28, initialSlopes: [Slope { SlopeID = 73, SlopeName = slopeNamef6f55502-f1de-4cc7-b932-6cd77fa96625, IsOpen = True, DifficultyLevel = 125, ConnectedLifts =  }, Slope { SlopeID = 246, SlopeName = slopeNameb1f06db3-bfc7-4dc9-a297-66ea39e44a28, IsOpen = False, DifficultyLevel = 244, ConnectedLifts =  }, Slope { SlopeID = 121, SlopeName = slopeNamef9574cfe-069d-4331-b4b1-045cbb41b123, IsOpen = True, DifficultyLevel = 122, ConnectedLifts =  }], checkPermissionServiceMock: Mock&lt;ICheckPermissionService:7&gt;, slopesRepositoryStub: Mock&lt;ISlopesRepository:5&gt;, liftsSlopesRepositoryStub: Mock&lt;ILiftsSlopesRepository:10&gt;, sut: SlopesService { })" computerName="DESKTOP-TJ9D65N" duration="00:00:00.0106802" startTime="2022-10-21T17:10:41.0955694+03:00" endTime="2022-10-21T17:10:41.0955695+03:00" testType="13cdc9d9-ddb5-4fa4-a97d-d965ccfc6d4b" outcome="Passed" testListId="8c84fa94-04c1-424b-9868-57a2d4851a1d" relativeResultsDirectory="12ec04bb-7f6c-4df8-a06b-99ce0e1ddc03" />
    <UnitTestResult executionId="1316228f-a701-40a0-b219-e0a7a86c3c3f" testId="a19a5fcf-c5d2-7d44-5d7d-84403042f4e0" testName="BL.Tests.CheckPermissionsServiceTests.UnauthorizedHasNoAccessToAdminSkiPatrolFunctions(functionName: &quot;MarkMessageReadByUserAsync&quot;)" computerName="DESKTOP-TJ9D65N" duration="00:00:00.0395207" startTime="2022-10-21T17:10:40.9350072+03:00" endTime="2022-10-21T17:10:40.9350073+03:00" testType="13cdc9d9-ddb5-4fa4-a97d-d965ccfc6d4b" outcome="Passed" testListId="8c84fa94-04c1-424b-9868-57a2d4851a1d" relativeResultsDirectory="1316228f-a701-40a0-b219-e0a7a86c3c3f" />
    <UnitTestResult executionId="ba044a48-e12e-4985-a644-cebe518f66f2" testId="8184bd30-991c-b78d-b4ec-99a485eac0dd" testName="BL.Tests.UsersServiceTests.TestRegisterUserWithNoEmail" computerName="DESKTOP-TJ9D65N" duration="00:00:00.0036002" startTime="2022-10-21T17:10:41.0360527+03:00" endTime="2022-10-21T17:10:41.0360527+03:00" testType="13cdc9d9-ddb5-4fa4-a97d-d965ccfc6d4b" outcome="Passed" testListId="8c84fa94-04c1-424b-9868-57a2d4851a1d" relativeResultsDirectory="ba044a48-e12e-4985-a644-cebe518f66f2" />
    <UnitTestResult executionId="049fc62b-74dd-4216-a829-a09fd7f10445" testId="eaabd2fc-2f4b-5689-59c8-c7ad34a8f634" testName="BL.Tests.CheckPermissionsServiceTests.UnauthorizedHasNoAccessToAuthorizedFunctions(functionName: &quot;SendMessageAsync&quot;)" computerName="DESKTOP-TJ9D65N" duration="00:00:00.0039600" startTime="2022-10-21T17:10:41.0376643+03:00" endTime="2022-10-21T17:10:41.0376644+03:00" testType="13cdc9d9-ddb5-4fa4-a97d-d965ccfc6d4b" outcome="Passed" testListId="8c84fa94-04c1-424b-9868-57a2d4851a1d" relativeResultsDirectory="049fc62b-74dd-4216-a829-a09fd7f10445" />
    <UnitTestResult executionId="598426b2-5fed-44a0-b66d-bb637fd56b05" testId="a2e59116-cb53-1d70-9cb8-21c286516866" testName="BL.Tests.CheckPermissionsServiceTests.AuthorizedHasNoAccessToAdminFunctions" computerName="DESKTOP-TJ9D65N" duration="00:00:00.0030753" startTime="2022-10-21T17:10:41.1149846+03:00" endTime="2022-10-21T17:10:41.1149847+03:00" testType="13cdc9d9-ddb5-4fa4-a97d-d965ccfc6d4b" outcome="Passed" testListId="8c84fa94-04c1-424b-9868-57a2d4851a1d" relativeResultsDirectory="598426b2-5fed-44a0-b66d-bb637fd56b05" />
    <UnitTestResult executionId="238b4011-08c0-42ee-8f8b-ce7f1d380d29" testId="2d706594-f2b3-b3c8-21d4-86c9798c3306" testName="BL.Tests.CheckPermissionsServiceTests.SkiPatrolHasAccessToAdminSkiPatrolFunctions(functionName: &quot;GetLiftsSlopesInfoAsync&quot;)" computerName="DESKTOP-TJ9D65N" duration="00:00:00.0052766" startTime="2022-10-21T17:10:41.0709516+03:00" endTime="2022-10-21T17:10:41.0709517+03:00" testType="13cdc9d9-ddb5-4fa4-a97d-d965ccfc6d4b" outcome="Passed" testListId="8c84fa94-04c1-424b-9868-57a2d4851a1d" relativeResultsDirectory="238b4011-08c0-42ee-8f8b-ce7f1d380d29" />
    <UnitTestResult executionId="19642ff7-cf29-4c2b-9e00-b151b6b9ebdb" testId="60bd668f-04df-da5e-b79b-5d9aedb5234d" testName="BL.Tests.CheckPermissionsServiceTests.SkiPatrolHasAccessToAdminSkiPatrolFunctions(functionName: &quot;MarkMessageReadByUserAsync&quot;)" computerName="DESKTOP-TJ9D65N" duration="00:00:00.0011820" startTime="2022-10-21T17:10:41.0883775+03:00" endTime="2022-10-21T17:10:41.0883776+03:00" testType="13cdc9d9-ddb5-4fa4-a97d-d965ccfc6d4b" outcome="Passed" testListId="8c84fa94-04c1-424b-9868-57a2d4851a1d" relativeResultsDirectory="19642ff7-cf29-4c2b-9e00-b151b6b9ebdb" />
    <UnitTestResult executionId="267fbbdd-ead2-4345-a0da-80c34c2581f8" testId="aa28a6b3-21d3-aa45-24d3-bef2facbc899" testName="BL.Tests.CheckPermissionsServiceTests.AuthorizedHasAccessToAuthorizedFunctions(functionName: &quot;LogOutAsync&quot;)" computerName="DESKTOP-TJ9D65N" duration="00:00:00.0014425" startTime="2022-10-21T17:10:41.1702420+03:00" endTime="2022-10-21T17:10:41.1702421+03:00" testType="13cdc9d9-ddb5-4fa4-a97d-d965ccfc6d4b" outcome="Passed" testListId="8c84fa94-04c1-424b-9868-57a2d4851a1d" relativeResultsDirectory="267fbbdd-ead2-4345-a0da-80c34c2581f8" />
    <UnitTestResult executionId="844eee08-cf9f-48de-b6e2-aff36e33f408" testId="43c3bcb4-24c2-0b0e-2295-265ae9ae629b" testName="BL.Tests.SlopesServiceTest.TestUpdateSlopeInfoAsync(userID: 113, slope: Slope { SlopeID = 102, SlopeName = slopeName10330cf6-f7d4-4eda-9ad6-f8b7e8a47ea8, IsOpen = True, DifficultyLevel = 107, ConnectedLifts =  }, checkPermissionServiceMock: Mock&lt;ICheckPermissionService:8&gt;, slopesRepositoryStub: Mock&lt;ISlopesRepository:6&gt;, sut: SlopesService { })" computerName="DESKTOP-TJ9D65N" duration="00:00:00.0070017" startTime="2022-10-21T17:10:41.0711965+03:00" endTime="2022-10-21T17:10:41.0711966+03:00" testType="13cdc9d9-ddb5-4fa4-a97d-d965ccfc6d4b" outcome="Passed" testListId="8c84fa94-04c1-424b-9868-57a2d4851a1d" relativeResultsDirectory="844eee08-cf9f-48de-b6e2-aff36e33f408" />
    <UnitTestResult executionId="ac95661a-92b7-43eb-a557-d482b1f24b25" testId="2602613f-c8e2-a6d9-fcf7-5b27d4a770a6" testName="BL.Tests.CheckPermissionsServiceTests.AuthorizedHasNoAccessToAdminSkiPatrolFunctions(functionName: &quot;GetMessagesAsync&quot;)" computerName="DESKTOP-TJ9D65N" duration="00:00:00.0022334" startTime="2022-10-21T17:10:41.1256851+03:00" endTime="2022-10-21T17:10:41.1256852+03:00" testType="13cdc9d9-ddb5-4fa4-a97d-d965ccfc6d4b" outcome="Passed" testListId="8c84fa94-04c1-424b-9868-57a2d4851a1d" relativeResultsDirectory="ac95661a-92b7-43eb-a557-d482b1f24b25" />
    <UnitTestResult executionId="4d7e8762-33a3-4794-82a1-539db6117147" testId="06d0bc3a-24a0-fb7f-4277-e9ae6d21c7dd" testName="BL.Tests.UsersServiceTests.TestAdminUpdateUser" computerName="DESKTOP-TJ9D65N" duration="00:00:00.0076198" startTime="2022-10-21T17:10:41.0508529+03:00" endTime="2022-10-21T17:10:41.0508530+03:00" testType="13cdc9d9-ddb5-4fa4-a97d-d965ccfc6d4b" outcome="Passed" testListId="8c84fa94-04c1-424b-9868-57a2d4851a1d" relativeResultsDirectory="4d7e8762-33a3-4794-82a1-539db6117147" />
    <UnitTestResult executionId="b07d1cf0-e6a4-4e96-a597-f899ad0a9151" testId="69340bb6-3645-f9dd-971e-29d8b2a009bb" testName="BL.Tests.UsersServiceTests.TestLogInWithWrongPassword" computerName="DESKTOP-TJ9D65N" duration="00:00:00.0028516" startTime="2022-10-21T17:10:41.1116221+03:00" endTime="2022-10-21T17:10:41.1116221+03:00" testType="13cdc9d9-ddb5-4fa4-a97d-d965ccfc6d4b" outcome="Passed" testListId="8c84fa94-04c1-424b-9868-57a2d4851a1d" relativeResultsDirectory="b07d1cf0-e6a4-4e96-a597-f899ad0a9151" />
    <UnitTestResult executionId="68862e5b-08d2-46aa-906d-762098b9e1d7" testId="52429f1e-aacb-4f24-1d1b-cae580dcce9e" testName="BL.Tests.LiftsServiceTest.TestAdminAddAutoIncrementLiftAsync(userID: 95, lift: Lift { LiftID = 238, LiftName = liftName0fd9e6dd-804e-4809-ab76-4c6ebac57c70, IsOpen = True, SeatsAmount = 91, LiftingTime = 153, QueueTime = 199, ConnectedSlopes =  }, checkPermissionServiceMock: Mock&lt;ICheckPermissionService:5&gt;, liftsRepositoryStub: Mock&lt;ILiftsRepository:5&gt;, sut: LiftsService { })" computerName="DESKTOP-TJ9D65N" duration="00:00:00.0140156" startTime="2022-10-21T17:10:41.0376294+03:00" endTime="2022-10-21T17:10:41.0376295+03:00" testType="13cdc9d9-ddb5-4fa4-a97d-d965ccfc6d4b" outcome="Passed" testListId="8c84fa94-04c1-424b-9868-57a2d4851a1d" relativeResultsDirectory="68862e5b-08d2-46aa-906d-762098b9e1d7" />
    <UnitTestResult executionId="ca0e3dc8-4338-4cec-9272-e7c87920c7b4" testId="0eeef75f-6e38-7893-a8fe-cff3e0a970a7" testName="BL.Tests.UsersServiceTests.TestRegisterOk" computerName="DESKTOP-TJ9D65N" duration="00:00:00.0107238" startTime="2022-10-21T17:10:41.0735008+03:00" endTime="2022-10-21T17:10:41.0735009+03:00" testType="13cdc9d9-ddb5-4fa4-a97d-d965ccfc6d4b" outcome="Passed" testListId="8c84fa94-04c1-424b-9868-57a2d4851a1d" relativeResultsDirectory="ca0e3dc8-4338-4cec-9272-e7c87920c7b4" />
    <UnitTestResult executionId="ec435ffc-bded-44bb-bb26-a19a2539fd04" testId="4f297306-d4f3-8d63-e7f4-1ac0b8c58c74" testName="BL.Tests.CheckPermissionsServiceTests.AuthorizedHasNoAccessToAdminSkiPatrolFunctions(functionName: &quot;GetLiftsSlopesInfoAsync&quot;)" computerName="DESKTOP-TJ9D65N" duration="00:00:00.0013029" startTime="2022-10-21T17:10:41.1501577+03:00" endTime="2022-10-21T17:10:41.1501578+03:00" testType="13cdc9d9-ddb5-4fa4-a97d-d965ccfc6d4b" outcome="Passed" testListId="8c84fa94-04c1-424b-9868-57a2d4851a1d" relativeResultsDirectory="ec435ffc-bded-44bb-bb26-a19a2539fd04" />
    <UnitTestResult executionId="0ed06840-62f9-4058-8f04-188975f3d681" testId="18fa8c62-e27d-e1fc-8182-4d7db62b008d" testName="BL.Tests.UsersServiceTests.TestAdminDeleteUser" computerName="DESKTOP-TJ9D65N" duration="00:00:00.0027148" startTime="2022-10-21T17:10:41.1581219+03:00" endTime="2022-10-21T17:10:41.1581220+03:00" testType="13cdc9d9-ddb5-4fa4-a97d-d965ccfc6d4b" outcome="Passed" testListId="8c84fa94-04c1-424b-9868-57a2d4851a1d" relativeResultsDirectory="0ed06840-62f9-4058-8f04-188975f3d681" />
    <UnitTestResult executionId="c2401883-13de-4925-a25c-94c8a1bfe4f9" testId="834c739b-eca4-b36d-6a66-5a1bd75377b8" testName="BL.Tests.UsersServiceTests.TestAdminAddAutoIncrementUser" computerName="DESKTOP-TJ9D65N" duration="00:00:00.0059056" startTime="2022-10-21T17:10:41.1267189+03:00" endTime="2022-10-21T17:10:41.1267190+03:00" testType="13cdc9d9-ddb5-4fa4-a97d-d965ccfc6d4b" outcome="Passed" testListId="8c84fa94-04c1-424b-9868-57a2d4851a1d" relativeResultsDirectory="c2401883-13de-4925-a25c-94c8a1bfe4f9" />
  </Results>
  <TestDefinitions>
    <UnitTest name="BL.Tests.CheckPermissionsServiceTests.AuthorizedHasNoAccessToAdminSkiPatrolFunctions(functionName: &quot;MarkMessageReadByUserAsync&quot;)" storage="/mnt/c/users/alena/desktop/7_sem/testing_and_debugging/skiresort/bl.tests/bin/debug/net6.0/bl.tests.dll" id="9c7df5e2-1b23-ebea-889f-b78ca86b60ab">
      <Execution id="f36331b9-e731-46d5-a684-7d4bb3f16295" />
      <TestMethod codeBase="/mnt/c/Users/alena/Desktop/7_sem/testing_and_debugging/SkiResort/BL.Tests/bin/Debug/net6.0/BL.Tests.dll" adapterTypeName="executor://xunit/VsTestRunner2/netcoreapp" className="BL.Tests.CheckPermissionsServiceTests" name="AuthorizedHasNoAccessToAdminSkiPatrolFunctions" />
    </UnitTest>
    <UnitTest name="BL.Tests.CheckPermissionsServiceTests.UnauthorizedHasNoAccessToAdminSkiPatrolFunctions(functionName: &quot;MarkMessageReadByUserAsync&quot;)" storage="/mnt/c/users/alena/desktop/7_sem/testing_and_debugging/skiresort/bl.tests/bin/debug/net6.0/bl.tests.dll" id="a19a5fcf-c5d2-7d44-5d7d-84403042f4e0">
      <Execution id="1316228f-a701-40a0-b219-e0a7a86c3c3f" />
      <TestMethod codeBase="/mnt/c/Users/alena/Desktop/7_sem/testing_and_debugging/SkiResort/BL.Tests/bin/Debug/net6.0/BL.Tests.dll" adapterTypeName="executor://xunit/VsTestRunner2/netcoreapp" className="BL.Tests.CheckPermissionsServiceTests" name="UnauthorizedHasNoAccessToAdminSkiPatrolFunctions" />
    </UnitTest>
    <UnitTest name="BL.Tests.CheckPermissionsServiceTests.AuthorizedHasNoAccessToAdminSkiPatrolFunctions(functionName: &quot;GetMessagesAsync&quot;)" storage="/mnt/c/users/alena/desktop/7_sem/testing_and_debugging/skiresort/bl.tests/bin/debug/net6.0/bl.tests.dll" id="2602613f-c8e2-a6d9-fcf7-5b27d4a770a6">
      <Execution id="ac95661a-92b7-43eb-a557-d482b1f24b25" />
      <TestMethod codeBase="/mnt/c/Users/alena/Desktop/7_sem/testing_and_debugging/SkiResort/BL.Tests/bin/Debug/net6.0/BL.Tests.dll" adapterTypeName="executor://xunit/VsTestRunner2/netcoreapp" className="BL.Tests.CheckPermissionsServiceTests" name="AuthorizedHasNoAccessToAdminSkiPatrolFunctions" />
    </UnitTest>
    <UnitTest name="BL.Tests.CheckPermissionsServiceTests.AuthorizedHasNoAccessToAdminFunctions" storage="/mnt/c/users/alena/desktop/7_sem/testing_and_debugging/skiresort/bl.tests/bin/debug/net6.0/bl.tests.dll" id="a2e59116-cb53-1d70-9cb8-21c286516866">
      <Execution id="598426b2-5fed-44a0-b66d-bb637fd56b05" />
      <TestMethod codeBase="/mnt/c/Users/alena/Desktop/7_sem/testing_and_debugging/SkiResort/BL.Tests/bin/Debug/net6.0/BL.Tests.dll" adapterTypeName="executor://xunit/VsTestRunner2/netcoreapp" className="BL.Tests.CheckPermissionsServiceTests" name="AuthorizedHasNoAccessToAdminFunctions" />
    </UnitTest>
    <UnitTest name="BL.Tests.CheckPermissionsServiceTests.SkiPatrolHasAccessToAdminSkiPatrolFunctions(functionName: &quot;GetMessagesAsync&quot;)" storage="/mnt/c/users/alena/desktop/7_sem/testing_and_debugging/skiresort/bl.tests/bin/debug/net6.0/bl.tests.dll" id="c36970dc-93f7-753e-fa47-157133b01644">
      <Execution id="91b46eba-9782-489d-bf6b-72305f3d7395" />
      <TestMethod codeBase="/mnt/c/Users/alena/Desktop/7_sem/testing_and_debugging/SkiResort/BL.Tests/bin/Debug/net6.0/BL.Tests.dll" adapterTypeName="executor://xunit/VsTestRunner2/netcoreapp" className="BL.Tests.CheckPermissionsServiceTests" name="SkiPatrolHasAccessToAdminSkiPatrolFunctions" />
    </UnitTest>
    <UnitTest name="BL.Tests.CheckPermissionsServiceTests.AdminHasAccessToAllFunctions" storage="/mnt/c/users/alena/desktop/7_sem/testing_and_debugging/skiresort/bl.tests/bin/debug/net6.0/bl.tests.dll" id="f3efc418-a8a6-c7b7-9bac-90b33aa8472f">
      <Execution id="1cf6f726-7911-4787-8e82-7bbc6b434760" />
      <TestMethod codeBase="/mnt/c/Users/alena/Desktop/7_sem/testing_and_debugging/SkiResort/BL.Tests/bin/Debug/net6.0/BL.Tests.dll" adapterTypeName="executor://xunit/VsTestRunner2/netcoreapp" className="BL.Tests.CheckPermissionsServiceTests" name="AdminHasAccessToAllFunctions" />
    </UnitTest>
    <UnitTest name="BL.Tests.UsersServiceTests.TestRegisterUserWithNoPassword" storage="/mnt/c/users/alena/desktop/7_sem/testing_and_debugging/skiresort/bl.tests/bin/debug/net6.0/bl.tests.dll" id="f44a1b21-8efc-bfac-63b4-d534442def31">
      <Execution id="c16f59db-5faf-479b-8a13-2ea58a2b9079" />
      <TestMethod codeBase="/mnt/c/Users/alena/Desktop/7_sem/testing_and_debugging/SkiResort/BL.Tests/bin/Debug/net6.0/BL.Tests.dll" adapterTypeName="executor://xunit/VsTestRunner2/netcoreapp" className="BL.Tests.UsersServiceTests" name="TestRegisterUserWithNoPassword" />
    </UnitTest>
    <UnitTest name="BL.Tests.SlopesServiceTest.TestAdminDeleteSlopeAsync(userID: 85, slope: Slope { SlopeID = 165, SlopeName = slopeName2b8894e9-8df8-473a-9b21-91bd9bc05da7, IsOpen = True, DifficultyLevel = 174, ConnectedLifts =  }, checkPermissionServiceMock: Mock&lt;ICheckPermissionService:9&gt;, slopesRepositoryStub: Mock&lt;ISlopesRepository:7&gt;, liftsSlopesRepositoryStub: Mock&lt;ILiftsSlopesRepository:12&gt;, sut: SlopesService { })" storage="/mnt/c/users/alena/desktop/7_sem/testing_and_debugging/skiresort/bl.tests/bin/debug/net6.0/bl.tests.dll" id="e5c0bacf-7b30-84e5-c67d-1df8151e28af">
      <Execution id="39214910-7efa-47eb-9474-122580444c05" />
      <TestMethod codeBase="/mnt/c/Users/alena/Desktop/7_sem/testing_and_debugging/SkiResort/BL.Tests/bin/Debug/net6.0/BL.Tests.dll" adapterTypeName="executor://xunit/VsTestRunner2/netcoreapp" className="BL.Tests.SlopesServiceTest" name="TestAdminDeleteSlopeAsync" />
    </UnitTest>
    <UnitTest name="BL.Tests.UsersServiceTests.TestAdminGetUserByIDAsync" storage="/mnt/c/users/alena/desktop/7_sem/testing_and_debugging/skiresort/bl.tests/bin/debug/net6.0/bl.tests.dll" id="e5497347-2721-b7a6-0bd4-69a9921f6947">
      <Execution id="6ca3717a-b087-43f4-8a24-765a42f2bacd" />
      <TestMethod codeBase="/mnt/c/Users/alena/Desktop/7_sem/testing_and_debugging/SkiResort/BL.Tests/bin/Debug/net6.0/BL.Tests.dll" adapterTypeName="executor://xunit/VsTestRunner2/netcoreapp" className="BL.Tests.UsersServiceTests" name="TestAdminGetUserByIDAsync" />
    </UnitTest>
    <UnitTest name="BL.Tests.TurnstilesServiceTest.TestAdminUpdateTurnstileAsync(userID: 69, turnstile: Turnstile { TurnstileID = 121, LiftID = 233, IsOpen = True }, checkPermissionServiceMock: Mock&lt;ICheckPermissionService:14&gt;, turnstilesRepositoryStub: Mock&lt;ITurnstilesRepository:8&gt;, sut: TurnstilesService { })" storage="/mnt/c/users/alena/desktop/7_sem/testing_and_debugging/skiresort/bl.tests/bin/debug/net6.0/bl.tests.dll" id="bd0c3575-7428-5432-cb15-29a94bcf4a16">
      <Execution id="7990986c-13d9-438b-b78a-1feec934adfb" />
      <TestMethod codeBase="/mnt/c/Users/alena/Desktop/7_sem/testing_and_debugging/SkiResort/BL.Tests/bin/Debug/net6.0/BL.Tests.dll" adapterTypeName="executor://xunit/VsTestRunner2/netcoreapp" className="BL.Tests.TurnstilesServiceTest" name="TestAdminUpdateTurnstileAsync" />
    </UnitTest>
    <UnitTest name="BL.Tests.UsersServiceTests.TestAdminAddAutoIncrementUser" storage="/mnt/c/users/alena/desktop/7_sem/testing_and_debugging/skiresort/bl.tests/bin/debug/net6.0/bl.tests.dll" id="834c739b-eca4-b36d-6a66-5a1bd75377b8">
      <Execution id="c2401883-13de-4925-a25c-94c8a1bfe4f9" />
      <TestMethod codeBase="/mnt/c/Users/alena/Desktop/7_sem/testing_and_debugging/SkiResort/BL.Tests/bin/Debug/net6.0/BL.Tests.dll" adapterTypeName="executor://xunit/VsTestRunner2/netcoreapp" className="BL.Tests.UsersServiceTests" name="TestAdminAddAutoIncrementUser" />
    </UnitTest>
    <UnitTest name="BL.Tests.CheckPermissionsServiceTests.UnauthorizedHasNoAccessToAdminSkiPatrolFunctions(functionName: &quot;GetLiftsSlopesInfoAsync&quot;)" storage="/mnt/c/users/alena/desktop/7_sem/testing_and_debugging/skiresort/bl.tests/bin/debug/net6.0/bl.tests.dll" id="387c9729-48c1-486e-5e67-f5d11a9f0db8">
      <Execution id="3ded5035-a288-4cb9-8a8d-26f6fa2d08cc" />
      <TestMethod codeBase="/mnt/c/Users/alena/Desktop/7_sem/testing_and_debugging/SkiResort/BL.Tests/bin/Debug/net6.0/BL.Tests.dll" adapterTypeName="executor://xunit/VsTestRunner2/netcoreapp" className="BL.Tests.CheckPermissionsServiceTests" name="UnauthorizedHasNoAccessToAdminSkiPatrolFunctions" />
    </UnitTest>
    <UnitTest name="BL.Tests.CheckPermissionsServiceTests.SkiPatrolHasAccessToAdminSkiPatrolFunctions(functionName: &quot;MarkMessageReadByUserAsync&quot;)" storage="/mnt/c/users/alena/desktop/7_sem/testing_and_debugging/skiresort/bl.tests/bin/debug/net6.0/bl.tests.dll" id="60bd668f-04df-da5e-b79b-5d9aedb5234d">
      <Execution id="19642ff7-cf29-4c2b-9e00-b151b6b9ebdb" />
      <TestMethod codeBase="/mnt/c/Users/alena/Desktop/7_sem/testing_and_debugging/SkiResort/BL.Tests/bin/Debug/net6.0/BL.Tests.dll" adapterTypeName="executor://xunit/VsTestRunner2/netcoreapp" className="BL.Tests.CheckPermissionsServiceTests" name="SkiPatrolHasAccessToAdminSkiPatrolFunctions" />
    </UnitTest>
    <UnitTest name="BL.Tests.CheckPermissionsServiceTests.UnauthorizedHasNoAccessToAdminFunctions" storage="/mnt/c/users/alena/desktop/7_sem/testing_and_debugging/skiresort/bl.tests/bin/debug/net6.0/bl.tests.dll" id="e2d7e5be-3dae-33ae-fb17-c704b6fd58d6">
      <Execution id="41fccfb0-0d01-4dfc-88a0-0d626cd28b35" />
      <TestMethod codeBase="/mnt/c/Users/alena/Desktop/7_sem/testing_and_debugging/SkiResort/BL.Tests/bin/Debug/net6.0/BL.Tests.dll" adapterTypeName="executor://xunit/VsTestRunner2/netcoreapp" className="BL.Tests.CheckPermissionsServiceTests" name="UnauthorizedHasNoAccessToAdminFunctions" />
    </UnitTest>
    <UnitTest name="BL.Tests.LiftsServiceTest.TestGetLiftsInfoAsync(userID: 33, initialLifts: [Lift { LiftID = 123, LiftName = liftName372aa3d6-0d0f-4ab2-86bf-ed9a1a2565d0, IsOpen = True, SeatsAmount = 216, LiftingTime = 10, QueueTime = 41, ConnectedSlopes =  }, Lift { LiftID = 194, LiftName = liftName57b5ab20-c551-4abe-97a1-6e585fb548bb, IsOpen = False, SeatsAmount = 142, LiftingTime = 171, QueueTime = 45, ConnectedSlopes =  }, Lift { LiftID = 32, LiftName = ..." storage="/mnt/c/users/alena/desktop/7_sem/testing_and_debugging/skiresort/bl.tests/bin/debug/net6.0/bl.tests.dll" id="cbe409b0-3a99-1110-fa72-a07bc518dd33">
      <Execution id="1a05d698-a13d-4f04-9519-0393cf49612a" />
      <TestMethod codeBase="/mnt/c/Users/alena/Desktop/7_sem/testing_and_debugging/SkiResort/BL.Tests/bin/Debug/net6.0/BL.Tests.dll" adapterTypeName="executor://xunit/VsTestRunner2/netcoreapp" className="BL.Tests.LiftsServiceTest" name="TestGetLiftsInfoAsync" />
    </UnitTest>
    <UnitTest name="BL.Tests.TurnstilesServiceTest.TestAdminGetTurnstileAsync(userID: 253, turnstile: Turnstile { TurnstileID = 103, LiftID = 88, IsOpen = True }, checkPermissionServiceMock: Mock&lt;ICheckPermissionService:12&gt;, turnstilesRepositoryStub: Mock&lt;ITurnstilesRepository:6&gt;, sut: TurnstilesService { })" storage="/mnt/c/users/alena/desktop/7_sem/testing_and_debugging/skiresort/bl.tests/bin/debug/net6.0/bl.tests.dll" id="f0ff9209-aa5e-af69-f55d-49b6b2f5492d">
      <Execution id="05d51b27-c5de-4f56-8ad0-b88ba76f5499" />
      <TestMethod codeBase="/mnt/c/Users/alena/Desktop/7_sem/testing_and_debugging/SkiResort/BL.Tests/bin/Debug/net6.0/BL.Tests.dll" adapterTypeName="executor://xunit/VsTestRunner2/netcoreapp" className="BL.Tests.TurnstilesServiceTest" name="TestAdminGetTurnstileAsync" />
    </UnitTest>
    <UnitTest name="BL.Tests.UsersServiceTests.TestLogInWithWrongPassword" storage="/mnt/c/users/alena/desktop/7_sem/testing_and_debugging/skiresort/bl.tests/bin/debug/net6.0/bl.tests.dll" id="69340bb6-3645-f9dd-971e-29d8b2a009bb">
      <Execution id="b07d1cf0-e6a4-4e96-a597-f899ad0a9151" />
      <TestMethod codeBase="/mnt/c/Users/alena/Desktop/7_sem/testing_and_debugging/SkiResort/BL.Tests/bin/Debug/net6.0/BL.Tests.dll" adapterTypeName="executor://xunit/VsTestRunner2/netcoreapp" className="BL.Tests.UsersServiceTests" name="TestLogInWithWrongPassword" />
    </UnitTest>
    <UnitTest name="BL.Tests.CheckPermissionsServiceTests.SkiPatrolHasAccessToAdminSkiPatrolFunctions(functionName: &quot;GetLiftsSlopesInfoAsync&quot;)" storage="/mnt/c/users/alena/desktop/7_sem/testing_and_debugging/skiresort/bl.tests/bin/debug/net6.0/bl.tests.dll" id="2d706594-f2b3-b3c8-21d4-86c9798c3306">
      <Execution id="238b4011-08c0-42ee-8f8b-ce7f1d380d29" />
      <TestMethod codeBase="/mnt/c/Users/alena/Desktop/7_sem/testing_and_debugging/SkiResort/BL.Tests/bin/Debug/net6.0/BL.Tests.dll" adapterTypeName="executor://xunit/VsTestRunner2/netcoreapp" className="BL.Tests.CheckPermissionsServiceTests" name="SkiPatrolHasAccessToAdminSkiPatrolFunctions" />
    </UnitTest>
    <UnitTest name="BL.Tests.CheckPermissionsServiceTests.SkiPatrolHasNoAccessToAdminFunctions" storage="/mnt/c/users/alena/desktop/7_sem/testing_and_debugging/skiresort/bl.tests/bin/debug/net6.0/bl.tests.dll" id="492c0393-35b4-df26-a537-21ca08302f3c">
      <Execution id="d251e199-a3fd-4d23-adca-f11f442e677a" />
      <TestMethod codeBase="/mnt/c/Users/alena/Desktop/7_sem/testing_and_debugging/SkiResort/BL.Tests/bin/Debug/net6.0/BL.Tests.dll" adapterTypeName="executor://xunit/VsTestRunner2/netcoreapp" className="BL.Tests.CheckPermissionsServiceTests" name="SkiPatrolHasNoAccessToAdminFunctions" />
    </UnitTest>
    <UnitTest name="BL.Tests.UsersServiceTests.TestAdminDeleteUser" storage="/mnt/c/users/alena/desktop/7_sem/testing_and_debugging/skiresort/bl.tests/bin/debug/net6.0/bl.tests.dll" id="18fa8c62-e27d-e1fc-8182-4d7db62b008d">
      <Execution id="0ed06840-62f9-4058-8f04-188975f3d681" />
      <TestMethod codeBase="/mnt/c/Users/alena/Desktop/7_sem/testing_and_debugging/SkiResort/BL.Tests/bin/Debug/net6.0/BL.Tests.dll" adapterTypeName="executor://xunit/VsTestRunner2/netcoreapp" className="BL.Tests.UsersServiceTests" name="TestAdminDeleteUser" />
    </UnitTest>
    <UnitTest name="BL.Tests.LiftsServiceTest.TestAdminAddAutoIncrementLiftAsync(userID: 95, lift: Lift { LiftID = 238, LiftName = liftName0fd9e6dd-804e-4809-ab76-4c6ebac57c70, IsOpen = True, SeatsAmount = 91, LiftingTime = 153, QueueTime = 199, ConnectedSlopes =  }, checkPermissionServiceMock: Mock&lt;ICheckPermissionService:5&gt;, liftsRepositoryStub: Mock&lt;ILiftsRepository:5&gt;, sut: LiftsService { })" storage="/mnt/c/users/alena/desktop/7_sem/testing_and_debugging/skiresort/bl.tests/bin/debug/net6.0/bl.tests.dll" id="52429f1e-aacb-4f24-1d1b-cae580dcce9e">
      <Execution id="68862e5b-08d2-46aa-906d-762098b9e1d7" />
      <TestMethod codeBase="/mnt/c/Users/alena/Desktop/7_sem/testing_and_debugging/SkiResort/BL.Tests/bin/Debug/net6.0/BL.Tests.dll" adapterTypeName="executor://xunit/VsTestRunner2/netcoreapp" className="BL.Tests.LiftsServiceTest" name="TestAdminAddAutoIncrementLiftAsync" />
    </UnitTest>
    <UnitTest name="BL.Tests.CheckPermissionsServiceTests.AuthorizedHasAccessToAuthorizedFunctions(functionName: &quot;LogOutAsync&quot;)" storage="/mnt/c/users/alena/desktop/7_sem/testing_and_debugging/skiresort/bl.tests/bin/debug/net6.0/bl.tests.dll" id="aa28a6b3-21d3-aa45-24d3-bef2facbc899">
      <Execution id="267fbbdd-ead2-4345-a0da-80c34c2581f8" />
      <TestMethod codeBase="/mnt/c/Users/alena/Desktop/7_sem/testing_and_debugging/SkiResort/BL.Tests/bin/Debug/net6.0/BL.Tests.dll" adapterTypeName="executor://xunit/VsTestRunner2/netcoreapp" className="BL.Tests.CheckPermissionsServiceTests" name="AuthorizedHasAccessToAuthorizedFunctions" />
    </UnitTest>
    <UnitTest name="BL.Tests.TurnstilesServiceTest.TestAdminAddAutoIncrementTurnstileAsync(userID: 50, turnstile: Turnstile { TurnstileID = 255, LiftID = 214, IsOpen = True }, checkPermissionServiceMock: Mock&lt;ICheckPermissionService:16&gt;, turnstilesRepositoryStub: Mock&lt;ITurnstilesRepository:10&gt;, sut: TurnstilesService { })" storage="/mnt/c/users/alena/desktop/7_sem/testing_and_debugging/skiresort/bl.tests/bin/debug/net6.0/bl.tests.dll" id="624c8366-7baa-e8aa-40f4-bfd8f5c60f8e">
      <Execution id="948bc024-35f1-4f8c-b55c-82698e74fc37" />
      <TestMethod codeBase="/mnt/c/Users/alena/Desktop/7_sem/testing_and_debugging/SkiResort/BL.Tests/bin/Debug/net6.0/BL.Tests.dll" adapterTypeName="executor://xunit/VsTestRunner2/netcoreapp" className="BL.Tests.TurnstilesServiceTest" name="TestAdminAddAutoIncrementTurnstileAsync" />
    </UnitTest>
    <UnitTest name="BL.Tests.UsersServiceTests.TestAdminUpdateUser" storage="/mnt/c/users/alena/desktop/7_sem/testing_and_debugging/skiresort/bl.tests/bin/debug/net6.0/bl.tests.dll" id="06d0bc3a-24a0-fb7f-4277-e9ae6d21c7dd">
      <Execution id="4d7e8762-33a3-4794-82a1-539db6117147" />
      <TestMethod codeBase="/mnt/c/Users/alena/Desktop/7_sem/testing_and_debugging/SkiResort/BL.Tests/bin/Debug/net6.0/BL.Tests.dll" adapterTypeName="executor://xunit/VsTestRunner2/netcoreapp" className="BL.Tests.UsersServiceTests" name="TestAdminUpdateUser" />
    </UnitTest>
    <UnitTest name="BL.Tests.UsersServiceTests.TestLogInOk" storage="/mnt/c/users/alena/desktop/7_sem/testing_and_debugging/skiresort/bl.tests/bin/debug/net6.0/bl.tests.dll" id="1ca07ad8-f799-c5d4-e7cc-34fd950198a2">
      <Execution id="329c4b4b-f745-44c0-a8a3-e265f1610dd3" />
      <TestMethod codeBase="/mnt/c/Users/alena/Desktop/7_sem/testing_and_debugging/SkiResort/BL.Tests/bin/Debug/net6.0/BL.Tests.dll" adapterTypeName="executor://xunit/VsTestRunner2/netcoreapp" className="BL.Tests.UsersServiceTests" name="TestLogInOk" />
    </UnitTest>
    <UnitTest name="BL.Tests.LiftsSlopesServiceTests.TestAdminDeleteLiftSlopeAsync(lift: Lift { LiftID = 36, LiftName = liftNameba286b61-afe2-4fb8-8bbd-b9243c3153a2, IsOpen = True, SeatsAmount = 203, LiftingTime = 238, QueueTime = 201, ConnectedSlopes =  }, slope: Slope { SlopeID = 240, SlopeName = slopeName36a95db7-6dea-457c-815b-6c4b293d44ed, IsOpen = False, DifficultyLevel = 57, ConnectedLifts =  }, slopesRepositoryStub: Mock&lt;ISlopesRepository:2&gt;, liftsRepo..." storage="/mnt/c/users/alena/desktop/7_sem/testing_and_debugging/skiresort/bl.tests/bin/debug/net6.0/bl.tests.dll" id="1a7cda86-eeb3-29ae-7fcc-6c5efb2c21f3">
      <Execution id="62ca3fce-9efb-4400-8eab-b5810b862d8a" />
      <TestMethod codeBase="/mnt/c/Users/alena/Desktop/7_sem/testing_and_debugging/SkiResort/BL.Tests/bin/Debug/net6.0/BL.Tests.dll" adapterTypeName="executor://xunit/VsTestRunner2/netcoreapp" className="BL.Tests.LiftsSlopesServiceTests" name="TestAdminDeleteLiftSlopeAsync" />
    </UnitTest>
    <UnitTest name="BL.Tests.UsersServiceTests.TestAdminGetUsers" storage="/mnt/c/users/alena/desktop/7_sem/testing_and_debugging/skiresort/bl.tests/bin/debug/net6.0/bl.tests.dll" id="20ad8570-0170-85de-dcd7-2f109dd7bcd6">
      <Execution id="909aa5ae-4a45-4afc-b650-d707609e150f" />
      <TestMethod codeBase="/mnt/c/Users/alena/Desktop/7_sem/testing_and_debugging/SkiResort/BL.Tests/bin/Debug/net6.0/BL.Tests.dll" adapterTypeName="executor://xunit/VsTestRunner2/netcoreapp" className="BL.Tests.UsersServiceTests" name="TestAdminGetUsers" />
    </UnitTest>
    <UnitTest name="BL.Tests.TurnstilesServiceTest.TestAdminGetTurnstilesAsync(userID: 194, initialTurnstiles: [Turnstile { TurnstileID = 255, LiftID = 30, IsOpen = True }, Turnstile { TurnstileID = 120, LiftID = 201, IsOpen = False }, Turnstile { TurnstileID = 196, LiftID = 27, IsOpen = True }], checkPermissionServiceMock: Mock&lt;ICheckPermissionService:13&gt;, turnstilesRepositoryStub: Mock&lt;ITurnstilesRepository:7&gt;, sut: TurnstilesService { })" storage="/mnt/c/users/alena/desktop/7_sem/testing_and_debugging/skiresort/bl.tests/bin/debug/net6.0/bl.tests.dll" id="45c39a26-cfbc-7480-84e7-d1ce996dc835">
      <Execution id="70b833f3-2daf-4b87-b7f9-d77559295328" />
      <TestMethod codeBase="/mnt/c/Users/alena/Desktop/7_sem/testing_and_debugging/SkiResort/BL.Tests/bin/Debug/net6.0/BL.Tests.dll" adapterTypeName="executor://xunit/VsTestRunner2/netcoreapp" className="BL.Tests.TurnstilesServiceTest" name="TestAdminGetTurnstilesAsync" />
    </UnitTest>
    <UnitTest name="BL.Tests.CheckPermissionsServiceTests.UnauthorizedHasNoAccessToAdminSkiPatrolFunctions(functionName: &quot;GetMessagesAsync&quot;)" storage="/mnt/c/users/alena/desktop/7_sem/testing_and_debugging/skiresort/bl.tests/bin/debug/net6.0/bl.tests.dll" id="229812f5-9a73-5335-11f5-31330d1348a5">
      <Execution id="3295ecb9-ff51-4b44-be7b-61c5b9ec03f5" />
      <TestMethod codeBase="/mnt/c/Users/alena/Desktop/7_sem/testing_and_debugging/SkiResort/BL.Tests/bin/Debug/net6.0/BL.Tests.dll" adapterTypeName="executor://xunit/VsTestRunner2/netcoreapp" className="BL.Tests.CheckPermissionsServiceTests" name="UnauthorizedHasNoAccessToAdminSkiPatrolFunctions" />
    </UnitTest>
    <UnitTest name="BL.Tests.LiftsServiceTest.TestGetLiftInfoAsync(userID: 162, lift: Lift { LiftID = 156, LiftName = liftName3e188bd0-0d4c-437e-8622-1345275bd404, IsOpen = True, SeatsAmount = 37, LiftingTime = 230, QueueTime = 188, ConnectedSlopes =  }, checkPermissionServiceMock: Mock&lt;ICheckPermissionService:1&gt;, liftsRepositoryStub: Mock&lt;ILiftsRepository:1&gt;, liftsSlopesRepositoryStub: Mock&lt;ILiftsSlopesRepository:1&gt;, sut: LiftsService { })" storage="/mnt/c/users/alena/desktop/7_sem/testing_and_debugging/skiresort/bl.tests/bin/debug/net6.0/bl.tests.dll" id="caae44d5-5092-52ec-f324-52510c854a14">
      <Execution id="46124db7-cab5-495b-962c-cafc4b4720de" />
      <TestMethod codeBase="/mnt/c/Users/alena/Desktop/7_sem/testing_and_debugging/SkiResort/BL.Tests/bin/Debug/net6.0/BL.Tests.dll" adapterTypeName="executor://xunit/VsTestRunner2/netcoreapp" className="BL.Tests.LiftsServiceTest" name="TestGetLiftInfoAsync" />
    </UnitTest>
    <UnitTest name="BL.Tests.LiftsSlopesServiceTests.TestAdminAddAutoIncrementLiftSlopeAsync(lift: Lift { LiftID = 123, LiftName = liftNameaf09a3b8-af04-49c6-b6bd-9b4a0fc83bc1, IsOpen = True, SeatsAmount = 42, LiftingTime = 181, QueueTime = 253, ConnectedSlopes =  }, slope: Slope { SlopeID = 36, SlopeName = slopeName3b9bc8ea-7d4e-43bf-8cb6-59402e553679, IsOpen = False, DifficultyLevel = 40, ConnectedLifts =  }, slopesRepositoryStub: Mock&lt;ISlopesRepository:3&gt;, ..." storage="/mnt/c/users/alena/desktop/7_sem/testing_and_debugging/skiresort/bl.tests/bin/debug/net6.0/bl.tests.dll" id="abf81eea-b735-67b1-5c6a-24d58f9660b7">
      <Execution id="74a5955f-ce25-4404-9b53-a7bab20c319f" />
      <TestMethod codeBase="/mnt/c/Users/alena/Desktop/7_sem/testing_and_debugging/SkiResort/BL.Tests/bin/Debug/net6.0/BL.Tests.dll" adapterTypeName="executor://xunit/VsTestRunner2/netcoreapp" className="BL.Tests.LiftsSlopesServiceTests" name="TestAdminAddAutoIncrementLiftSlopeAsync" />
    </UnitTest>
    <UnitTest name="BL.Tests.CheckPermissionsServiceTests.AuthorizedHasNoAccessToAdminSkiPatrolFunctions(functionName: &quot;GetLiftsSlopesInfoAsync&quot;)" storage="/mnt/c/users/alena/desktop/7_sem/testing_and_debugging/skiresort/bl.tests/bin/debug/net6.0/bl.tests.dll" id="4f297306-d4f3-8d63-e7f4-1ac0b8c58c74">
      <Execution id="ec435ffc-bded-44bb-bb26-a19a2539fd04" />
      <TestMethod codeBase="/mnt/c/Users/alena/Desktop/7_sem/testing_and_debugging/SkiResort/BL.Tests/bin/Debug/net6.0/BL.Tests.dll" adapterTypeName="executor://xunit/VsTestRunner2/netcoreapp" className="BL.Tests.CheckPermissionsServiceTests" name="AuthorizedHasNoAccessToAdminSkiPatrolFunctions" />
    </UnitTest>
    <UnitTest name="BL.Tests.SlopesServiceTest.TestGetSlopesInfoAsync(userID: 28, initialSlopes: [Slope { SlopeID = 73, SlopeName = slopeNamef6f55502-f1de-4cc7-b932-6cd77fa96625, IsOpen = True, DifficultyLevel = 125, ConnectedLifts =  }, Slope { SlopeID = 246, SlopeName = slopeNameb1f06db3-bfc7-4dc9-a297-66ea39e44a28, IsOpen = False, DifficultyLevel = 244, ConnectedLifts =  }, Slope { SlopeID = 121, SlopeName = slopeNamef9574cfe-069d-4331-b4b1-045cbb41b123, Is..." storage="/mnt/c/users/alena/desktop/7_sem/testing_and_debugging/skiresort/bl.tests/bin/debug/net6.0/bl.tests.dll" id="804a9fce-5aa3-f246-b67a-d752a08b28b9">
      <Execution id="12ec04bb-7f6c-4df8-a06b-99ce0e1ddc03" />
      <TestMethod codeBase="/mnt/c/Users/alena/Desktop/7_sem/testing_and_debugging/SkiResort/BL.Tests/bin/Debug/net6.0/BL.Tests.dll" adapterTypeName="executor://xunit/VsTestRunner2/netcoreapp" className="BL.Tests.SlopesServiceTest" name="TestGetSlopesInfoAsync" />
    </UnitTest>
    <UnitTest name="BL.Tests.SlopesServiceTest.TestGetSlopeInfoAsync(userID: 174, slope: Slope { SlopeID = 177, SlopeName = slopeName2732ac0f-ee4c-4cf3-af0b-83459f6ea533, IsOpen = True, DifficultyLevel = 18, ConnectedLifts =  }, checkPermissionServiceMock: Mock&lt;ICheckPermissionService:6&gt;, slopesRepositoryStub: Mock&lt;ISlopesRepository:4&gt;, liftsSlopesRepositoryStub: Mock&lt;ILiftsSlopesRepository:9&gt;, sut: SlopesService { })" storage="/mnt/c/users/alena/desktop/7_sem/testing_and_debugging/skiresort/bl.tests/bin/debug/net6.0/bl.tests.dll" id="0f9c07a5-399b-bb7f-9e96-fc4e9a61148b">
      <Execution id="fcf73c4a-4388-48ec-a95c-e94b2552b508" />
      <TestMethod codeBase="/mnt/c/Users/alena/Desktop/7_sem/testing_and_debugging/SkiResort/BL.Tests/bin/Debug/net6.0/BL.Tests.dll" adapterTypeName="executor://xunit/VsTestRunner2/netcoreapp" className="BL.Tests.SlopesServiceTest" name="TestGetSlopeInfoAsync" />
    </UnitTest>
    <UnitTest name="BL.Tests.LiftsSlopesServiceTests.TestGetLiftsSlopesInfoAsync(liftsSlopes: [LiftSlope { RecordID = 126, LiftID = 188, SlopeID = 137 }, LiftSlope { RecordID = 156, LiftID = 68, SlopeID = 87 }, LiftSlope { RecordID = 207, LiftID = 155, SlopeID = 243 }], slopesRepositoryStub: Mock&lt;ISlopesRepository:1&gt;, liftsRepositoryStub: Mock&lt;ILiftsRepository:6&gt;, liftsSlopesRepositoryStub: Mock&lt;ILiftsSlopesRepository:6&gt;)" storage="/mnt/c/users/alena/desktop/7_sem/testing_and_debugging/skiresort/bl.tests/bin/debug/net6.0/bl.tests.dll" id="e429852d-a6ed-7c2a-25fd-cd839b159d56">
      <Execution id="7b1a3e6b-22f8-48c9-988e-5b8b951c29ec" />
      <TestMethod codeBase="/mnt/c/Users/alena/Desktop/7_sem/testing_and_debugging/SkiResort/BL.Tests/bin/Debug/net6.0/BL.Tests.dll" adapterTypeName="executor://xunit/VsTestRunner2/netcoreapp" className="BL.Tests.LiftsSlopesServiceTests" name="TestGetLiftsSlopesInfoAsync" />
    </UnitTest>
    <UnitTest name="BL.Tests.TurnstilesServiceTest.TestAdminDeleteTurnstileAsync(userID: 111, turnstile: Turnstile { TurnstileID = 83, LiftID = 178, IsOpen = True }, checkPermissionServiceMock: Mock&lt;ICheckPermissionService:15&gt;, turnstilesRepositoryStub: Mock&lt;ITurnstilesRepository:9&gt;, sut: TurnstilesService { })" storage="/mnt/c/users/alena/desktop/7_sem/testing_and_debugging/skiresort/bl.tests/bin/debug/net6.0/bl.tests.dll" id="a64219a2-68a0-dd2b-4320-aafe814c6489">
      <Execution id="aaca70e9-a991-41cd-904d-86197639acff" />
      <TestMethod codeBase="/mnt/c/Users/alena/Desktop/7_sem/testing_and_debugging/SkiResort/BL.Tests/bin/Debug/net6.0/BL.Tests.dll" adapterTypeName="executor://xunit/VsTestRunner2/netcoreapp" className="BL.Tests.TurnstilesServiceTest" name="TestAdminDeleteTurnstileAsync" />
    </UnitTest>
    <UnitTest name="BL.Tests.UsersServiceTests.TestRegisterOk" storage="/mnt/c/users/alena/desktop/7_sem/testing_and_debugging/skiresort/bl.tests/bin/debug/net6.0/bl.tests.dll" id="0eeef75f-6e38-7893-a8fe-cff3e0a970a7">
      <Execution id="ca0e3dc8-4338-4cec-9272-e7c87920c7b4" />
      <TestMethod codeBase="/mnt/c/Users/alena/Desktop/7_sem/testing_and_debugging/SkiResort/BL.Tests/bin/Debug/net6.0/BL.Tests.dll" adapterTypeName="executor://xunit/VsTestRunner2/netcoreapp" className="BL.Tests.UsersServiceTests" name="TestRegisterOk" />
    </UnitTest>
    <UnitTest name="BL.Tests.CheckPermissionsServiceTests.AuthorizedHasAccessToAuthorizedFunctions(functionName: &quot;SendMessageAsync&quot;)" storage="/mnt/c/users/alena/desktop/7_sem/testing_and_debugging/skiresort/bl.tests/bin/debug/net6.0/bl.tests.dll" id="644ec43e-70cd-c82d-42e7-0d990be1414d">
      <Execution id="f4b8800c-94e7-4ae4-a2cf-c423233bc05a" />
      <TestMethod codeBase="/mnt/c/Users/alena/Desktop/7_sem/testing_and_debugging/SkiResort/BL.Tests/bin/Debug/net6.0/BL.Tests.dll" adapterTypeName="executor://xunit/VsTestRunner2/netcoreapp" className="BL.Tests.CheckPermissionsServiceTests" name="AuthorizedHasAccessToAuthorizedFunctions" />
    </UnitTest>
    <UnitTest name="BL.Tests.CheckPermissionsServiceTests.UnauthorizedHasNoAccessToAuthorizedFunctions(functionName: &quot;LogOutAsync&quot;)" storage="/mnt/c/users/alena/desktop/7_sem/testing_and_debugging/skiresort/bl.tests/bin/debug/net6.0/bl.tests.dll" id="fa960c5e-f989-2880-784e-8efe538c5231">
      <Execution id="5afd18e5-f9e1-48a5-b55f-93db8ab65dd7" />
      <TestMethod codeBase="/mnt/c/Users/alena/Desktop/7_sem/testing_and_debugging/SkiResort/BL.Tests/bin/Debug/net6.0/BL.Tests.dll" adapterTypeName="executor://xunit/VsTestRunner2/netcoreapp" className="BL.Tests.CheckPermissionsServiceTests" name="UnauthorizedHasNoAccessToAuthorizedFunctions" />
    </UnitTest>
    <UnitTest name="BL.Tests.CheckPermissionsServiceTests.UnauthorizedHasNoAccessToAuthorizedFunctions(functionName: &quot;SendMessageAsync&quot;)" storage="/mnt/c/users/alena/desktop/7_sem/testing_and_debugging/skiresort/bl.tests/bin/debug/net6.0/bl.tests.dll" id="eaabd2fc-2f4b-5689-59c8-c7ad34a8f634">
      <Execution id="049fc62b-74dd-4216-a829-a09fd7f10445" />
      <TestMethod codeBase="/mnt/c/Users/alena/Desktop/7_sem/testing_and_debugging/SkiResort/BL.Tests/bin/Debug/net6.0/BL.Tests.dll" adapterTypeName="executor://xunit/VsTestRunner2/netcoreapp" className="BL.Tests.CheckPermissionsServiceTests" name="UnauthorizedHasNoAccessToAuthorizedFunctions" />
    </UnitTest>
    <UnitTest name="BL.Tests.UsersServiceTests.TestRegisterUserWithRepeatedEmail" storage="/mnt/c/users/alena/desktop/7_sem/testing_and_debugging/skiresort/bl.tests/bin/debug/net6.0/bl.tests.dll" id="894941c1-bfa7-d8f9-c047-1e1ceefe2c2f">
      <Execution id="afdcd45f-d7d4-4256-81bb-70c5edd6a01c" />
      <TestMethod codeBase="/mnt/c/Users/alena/Desktop/7_sem/testing_and_debugging/SkiResort/BL.Tests/bin/Debug/net6.0/BL.Tests.dll" adapterTypeName="executor://xunit/VsTestRunner2/netcoreapp" className="BL.Tests.UsersServiceTests" name="TestRegisterUserWithRepeatedEmail" />
    </UnitTest>
    <UnitTest name="BL.Tests.SlopesServiceTest.TestAdminAddSlopeAsync(userID: 238, slope: Slope { SlopeID = 143, SlopeName = slopeName2ff14d7c-fadc-4c80-9e2e-a22022511de8, IsOpen = True, DifficultyLevel = 150, ConnectedLifts =  }, checkPermissionServiceMock: Mock&lt;ICheckPermissionService:11&gt;, slopesRepositoryStub: Mock&lt;ISlopesRepository:9&gt;, sut: SlopesService { })" storage="/mnt/c/users/alena/desktop/7_sem/testing_and_debugging/skiresort/bl.tests/bin/debug/net6.0/bl.tests.dll" id="1e3ab090-25aa-8606-5fd2-0a08b771579e">
      <Execution id="630cbae3-707a-4099-a33c-2514ce4fc864" />
      <TestMethod codeBase="/mnt/c/Users/alena/Desktop/7_sem/testing_and_debugging/SkiResort/BL.Tests/bin/Debug/net6.0/BL.Tests.dll" adapterTypeName="executor://xunit/VsTestRunner2/netcoreapp" className="BL.Tests.SlopesServiceTest" name="TestAdminAddSlopeAsync" />
    </UnitTest>
    <UnitTest name="BL.Tests.LiftsServiceTest.TestUpdateLiftInfoAsync(userID: 20, lift: Lift { LiftID = 1, LiftName = liftNamecdda735d-2729-49a4-adfc-09456d9efccd, IsOpen = True, SeatsAmount = 41, LiftingTime = 42, QueueTime = 244, ConnectedSlopes =  }, checkPermissionServiceMock: Mock&lt;ICheckPermissionService:3&gt;, liftsRepositoryStub: Mock&lt;ILiftsRepository:3&gt;, sut: LiftsService { })" storage="/mnt/c/users/alena/desktop/7_sem/testing_and_debugging/skiresort/bl.tests/bin/debug/net6.0/bl.tests.dll" id="eb011f89-bda6-51af-d6a6-e9e3adc7d22a">
      <Execution id="2735765d-1d2c-46de-bedf-1244682b12fa" />
      <TestMethod codeBase="/mnt/c/Users/alena/Desktop/7_sem/testing_and_debugging/SkiResort/BL.Tests/bin/Debug/net6.0/BL.Tests.dll" adapterTypeName="executor://xunit/VsTestRunner2/netcoreapp" className="BL.Tests.LiftsServiceTest" name="TestUpdateLiftInfoAsync" />
    </UnitTest>
    <UnitTest name="BL.Tests.LiftsServiceTest.TestAdminDeleteLiftAsync(userID: 238, lift: Lift { LiftID = 134, LiftName = liftNamef9f67d1f-fa73-4516-9234-08934225600e, IsOpen = True, SeatsAmount = 62, LiftingTime = 107, QueueTime = 249, ConnectedSlopes =  }, checkPermissionServiceMock: Mock&lt;ICheckPermissionService:4&gt;, liftsRepositoryStub: Mock&lt;ILiftsRepository:4&gt;, liftsSlopesRepositoryStub: Mock&lt;ILiftsSlopesRepository:4&gt;, sut: LiftsService { })" storage="/mnt/c/users/alena/desktop/7_sem/testing_and_debugging/skiresort/bl.tests/bin/debug/net6.0/bl.tests.dll" id="b7e2eae1-4bb8-e169-cd89-faf1ceae8377">
      <Execution id="583bf0c0-2de7-4cf0-b27c-5b9ea70e697a" />
      <TestMethod codeBase="/mnt/c/Users/alena/Desktop/7_sem/testing_and_debugging/SkiResort/BL.Tests/bin/Debug/net6.0/BL.Tests.dll" adapterTypeName="executor://xunit/VsTestRunner2/netcoreapp" className="BL.Tests.LiftsServiceTest" name="TestAdminDeleteLiftAsync" />
    </UnitTest>
    <UnitTest name="BL.Tests.SlopesServiceTest.TestUpdateSlopeInfoAsync(userID: 113, slope: Slope { SlopeID = 102, SlopeName = slopeName10330cf6-f7d4-4eda-9ad6-f8b7e8a47ea8, IsOpen = True, DifficultyLevel = 107, ConnectedLifts =  }, checkPermissionServiceMock: Mock&lt;ICheckPermissionService:8&gt;, slopesRepositoryStub: Mock&lt;ISlopesRepository:6&gt;, sut: SlopesService { })" storage="/mnt/c/users/alena/desktop/7_sem/testing_and_debugging/skiresort/bl.tests/bin/debug/net6.0/bl.tests.dll" id="43c3bcb4-24c2-0b0e-2295-265ae9ae629b">
      <Execution id="844eee08-cf9f-48de-b6e2-aff36e33f408" />
      <TestMethod codeBase="/mnt/c/Users/alena/Desktop/7_sem/testing_and_debugging/SkiResort/BL.Tests/bin/Debug/net6.0/BL.Tests.dll" adapterTypeName="executor://xunit/VsTestRunner2/netcoreapp" className="BL.Tests.SlopesServiceTest" name="TestUpdateSlopeInfoAsync" />
    </UnitTest>
    <UnitTest name="BL.Tests.UsersServiceTests.TestRegisterUserWithNoEmail" storage="/mnt/c/users/alena/desktop/7_sem/testing_and_debugging/skiresort/bl.tests/bin/debug/net6.0/bl.tests.dll" id="8184bd30-991c-b78d-b4ec-99a485eac0dd">
      <Execution id="ba044a48-e12e-4985-a644-cebe518f66f2" />
      <TestMethod codeBase="/mnt/c/Users/alena/Desktop/7_sem/testing_and_debugging/SkiResort/BL.Tests/bin/Debug/net6.0/BL.Tests.dll" adapterTypeName="executor://xunit/VsTestRunner2/netcoreapp" className="BL.Tests.UsersServiceTests" name="TestRegisterUserWithNoEmail" />
    </UnitTest>
    <UnitTest name="BL.Tests.SlopesServiceTest.TestAdminAddAutoIncrementSlopeAsync(userID: 84, slope: Slope { SlopeID = 66, SlopeName = slopeNamed0b9e062-d839-443c-8a6a-18cb67f3b0f1, IsOpen = True, DifficultyLevel = 174, ConnectedLifts =  }, checkPermissionServiceMock: Mock&lt;ICheckPermissionService:10&gt;, slopesRepositoryStub: Mock&lt;ISlopesRepository:8&gt;, sut: SlopesService { })" storage="/mnt/c/users/alena/desktop/7_sem/testing_and_debugging/skiresort/bl.tests/bin/debug/net6.0/bl.tests.dll" id="5808b152-8115-0096-5001-853b506b76d7">
      <Execution id="df20329d-8bf4-4706-904e-da712d15f7d4" />
      <TestMethod codeBase="/mnt/c/Users/alena/Desktop/7_sem/testing_and_debugging/SkiResort/BL.Tests/bin/Debug/net6.0/BL.Tests.dll" adapterTypeName="executor://xunit/VsTestRunner2/netcoreapp" className="BL.Tests.SlopesServiceTest" name="TestAdminAddAutoIncrementSlopeAsync" />
    </UnitTest>
  </TestDefinitions>
  <TestEntries>
    <TestEntry testId="0f9c07a5-399b-bb7f-9e96-fc4e9a61148b" executionId="fcf73c4a-4388-48ec-a95c-e94b2552b508" testListId="8c84fa94-04c1-424b-9868-57a2d4851a1d" />
    <TestEntry testId="1e3ab090-25aa-8606-5fd2-0a08b771579e" executionId="630cbae3-707a-4099-a33c-2514ce4fc864" testListId="8c84fa94-04c1-424b-9868-57a2d4851a1d" />
    <TestEntry testId="fa960c5e-f989-2880-784e-8efe538c5231" executionId="5afd18e5-f9e1-48a5-b55f-93db8ab65dd7" testListId="8c84fa94-04c1-424b-9868-57a2d4851a1d" />
    <TestEntry testId="492c0393-35b4-df26-a537-21ca08302f3c" executionId="d251e199-a3fd-4d23-adca-f11f442e677a" testListId="8c84fa94-04c1-424b-9868-57a2d4851a1d" />
    <TestEntry testId="1ca07ad8-f799-c5d4-e7cc-34fd950198a2" executionId="329c4b4b-f745-44c0-a8a3-e265f1610dd3" testListId="8c84fa94-04c1-424b-9868-57a2d4851a1d" />
    <TestEntry testId="eb011f89-bda6-51af-d6a6-e9e3adc7d22a" executionId="2735765d-1d2c-46de-bedf-1244682b12fa" testListId="8c84fa94-04c1-424b-9868-57a2d4851a1d" />
    <TestEntry testId="624c8366-7baa-e8aa-40f4-bfd8f5c60f8e" executionId="948bc024-35f1-4f8c-b55c-82698e74fc37" testListId="8c84fa94-04c1-424b-9868-57a2d4851a1d" />
    <TestEntry testId="5808b152-8115-0096-5001-853b506b76d7" executionId="df20329d-8bf4-4706-904e-da712d15f7d4" testListId="8c84fa94-04c1-424b-9868-57a2d4851a1d" />
    <TestEntry testId="644ec43e-70cd-c82d-42e7-0d990be1414d" executionId="f4b8800c-94e7-4ae4-a2cf-c423233bc05a" testListId="8c84fa94-04c1-424b-9868-57a2d4851a1d" />
    <TestEntry testId="229812f5-9a73-5335-11f5-31330d1348a5" executionId="3295ecb9-ff51-4b44-be7b-61c5b9ec03f5" testListId="8c84fa94-04c1-424b-9868-57a2d4851a1d" />
    <TestEntry testId="e5497347-2721-b7a6-0bd4-69a9921f6947" executionId="6ca3717a-b087-43f4-8a24-765a42f2bacd" testListId="8c84fa94-04c1-424b-9868-57a2d4851a1d" />
    <TestEntry testId="1a7cda86-eeb3-29ae-7fcc-6c5efb2c21f3" executionId="62ca3fce-9efb-4400-8eab-b5810b862d8a" testListId="8c84fa94-04c1-424b-9868-57a2d4851a1d" />
    <TestEntry testId="abf81eea-b735-67b1-5c6a-24d58f9660b7" executionId="74a5955f-ce25-4404-9b53-a7bab20c319f" testListId="8c84fa94-04c1-424b-9868-57a2d4851a1d" />
    <TestEntry testId="f0ff9209-aa5e-af69-f55d-49b6b2f5492d" executionId="05d51b27-c5de-4f56-8ad0-b88ba76f5499" testListId="8c84fa94-04c1-424b-9868-57a2d4851a1d" />
    <TestEntry testId="f3efc418-a8a6-c7b7-9bac-90b33aa8472f" executionId="1cf6f726-7911-4787-8e82-7bbc6b434760" testListId="8c84fa94-04c1-424b-9868-57a2d4851a1d" />
    <TestEntry testId="20ad8570-0170-85de-dcd7-2f109dd7bcd6" executionId="909aa5ae-4a45-4afc-b650-d707609e150f" testListId="8c84fa94-04c1-424b-9868-57a2d4851a1d" />
    <TestEntry testId="45c39a26-cfbc-7480-84e7-d1ce996dc835" executionId="70b833f3-2daf-4b87-b7f9-d77559295328" testListId="8c84fa94-04c1-424b-9868-57a2d4851a1d" />
    <TestEntry testId="e429852d-a6ed-7c2a-25fd-cd839b159d56" executionId="7b1a3e6b-22f8-48c9-988e-5b8b951c29ec" testListId="8c84fa94-04c1-424b-9868-57a2d4851a1d" />
    <TestEntry testId="e5c0bacf-7b30-84e5-c67d-1df8151e28af" executionId="39214910-7efa-47eb-9474-122580444c05" testListId="8c84fa94-04c1-424b-9868-57a2d4851a1d" />
    <TestEntry testId="bd0c3575-7428-5432-cb15-29a94bcf4a16" executionId="7990986c-13d9-438b-b78a-1feec934adfb" testListId="8c84fa94-04c1-424b-9868-57a2d4851a1d" />
    <TestEntry testId="a64219a2-68a0-dd2b-4320-aafe814c6489" executionId="aaca70e9-a991-41cd-904d-86197639acff" testListId="8c84fa94-04c1-424b-9868-57a2d4851a1d" />
    <TestEntry testId="f44a1b21-8efc-bfac-63b4-d534442def31" executionId="c16f59db-5faf-479b-8a13-2ea58a2b9079" testListId="8c84fa94-04c1-424b-9868-57a2d4851a1d" />
    <TestEntry testId="894941c1-bfa7-d8f9-c047-1e1ceefe2c2f" executionId="afdcd45f-d7d4-4256-81bb-70c5edd6a01c" testListId="8c84fa94-04c1-424b-9868-57a2d4851a1d" />
    <TestEntry testId="9c7df5e2-1b23-ebea-889f-b78ca86b60ab" executionId="f36331b9-e731-46d5-a684-7d4bb3f16295" testListId="8c84fa94-04c1-424b-9868-57a2d4851a1d" />
    <TestEntry testId="caae44d5-5092-52ec-f324-52510c854a14" executionId="46124db7-cab5-495b-962c-cafc4b4720de" testListId="8c84fa94-04c1-424b-9868-57a2d4851a1d" />
    <TestEntry testId="cbe409b0-3a99-1110-fa72-a07bc518dd33" executionId="1a05d698-a13d-4f04-9519-0393cf49612a" testListId="8c84fa94-04c1-424b-9868-57a2d4851a1d" />
    <TestEntry testId="387c9729-48c1-486e-5e67-f5d11a9f0db8" executionId="3ded5035-a288-4cb9-8a8d-26f6fa2d08cc" testListId="8c84fa94-04c1-424b-9868-57a2d4851a1d" />
    <TestEntry testId="c36970dc-93f7-753e-fa47-157133b01644" executionId="91b46eba-9782-489d-bf6b-72305f3d7395" testListId="8c84fa94-04c1-424b-9868-57a2d4851a1d" />
    <TestEntry testId="e2d7e5be-3dae-33ae-fb17-c704b6fd58d6" executionId="41fccfb0-0d01-4dfc-88a0-0d626cd28b35" testListId="8c84fa94-04c1-424b-9868-57a2d4851a1d" />
    <TestEntry testId="b7e2eae1-4bb8-e169-cd89-faf1ceae8377" executionId="583bf0c0-2de7-4cf0-b27c-5b9ea70e697a" testListId="8c84fa94-04c1-424b-9868-57a2d4851a1d" />
    <TestEntry testId="804a9fce-5aa3-f246-b67a-d752a08b28b9" executionId="12ec04bb-7f6c-4df8-a06b-99ce0e1ddc03" testListId="8c84fa94-04c1-424b-9868-57a2d4851a1d" />
    <TestEntry testId="a19a5fcf-c5d2-7d44-5d7d-84403042f4e0" executionId="1316228f-a701-40a0-b219-e0a7a86c3c3f" testListId="8c84fa94-04c1-424b-9868-57a2d4851a1d" />
    <TestEntry testId="8184bd30-991c-b78d-b4ec-99a485eac0dd" executionId="ba044a48-e12e-4985-a644-cebe518f66f2" testListId="8c84fa94-04c1-424b-9868-57a2d4851a1d" />
    <TestEntry testId="eaabd2fc-2f4b-5689-59c8-c7ad34a8f634" executionId="049fc62b-74dd-4216-a829-a09fd7f10445" testListId="8c84fa94-04c1-424b-9868-57a2d4851a1d" />
    <TestEntry testId="a2e59116-cb53-1d70-9cb8-21c286516866" executionId="598426b2-5fed-44a0-b66d-bb637fd56b05" testListId="8c84fa94-04c1-424b-9868-57a2d4851a1d" />
    <TestEntry testId="2d706594-f2b3-b3c8-21d4-86c9798c3306" executionId="238b4011-08c0-42ee-8f8b-ce7f1d380d29" testListId="8c84fa94-04c1-424b-9868-57a2d4851a1d" />
    <TestEntry testId="60bd668f-04df-da5e-b79b-5d9aedb5234d" executionId="19642ff7-cf29-4c2b-9e00-b151b6b9ebdb" testListId="8c84fa94-04c1-424b-9868-57a2d4851a1d" />
    <TestEntry testId="aa28a6b3-21d3-aa45-24d3-bef2facbc899" executionId="267fbbdd-ead2-4345-a0da-80c34c2581f8" testListId="8c84fa94-04c1-424b-9868-57a2d4851a1d" />
    <TestEntry testId="43c3bcb4-24c2-0b0e-2295-265ae9ae629b" executionId="844eee08-cf9f-48de-b6e2-aff36e33f408" testListId="8c84fa94-04c1-424b-9868-57a2d4851a1d" />
    <TestEntry testId="2602613f-c8e2-a6d9-fcf7-5b27d4a770a6" executionId="ac95661a-92b7-43eb-a557-d482b1f24b25" testListId="8c84fa94-04c1-424b-9868-57a2d4851a1d" />
    <TestEntry testId="06d0bc3a-24a0-fb7f-4277-e9ae6d21c7dd" executionId="4d7e8762-33a3-4794-82a1-539db6117147" testListId="8c84fa94-04c1-424b-9868-57a2d4851a1d" />
    <TestEntry testId="69340bb6-3645-f9dd-971e-29d8b2a009bb" executionId="b07d1cf0-e6a4-4e96-a597-f899ad0a9151" testListId="8c84fa94-04c1-424b-9868-57a2d4851a1d" />
    <TestEntry testId="52429f1e-aacb-4f24-1d1b-cae580dcce9e" executionId="68862e5b-08d2-46aa-906d-762098b9e1d7" testListId="8c84fa94-04c1-424b-9868-57a2d4851a1d" />
    <TestEntry testId="0eeef75f-6e38-7893-a8fe-cff3e0a970a7" executionId="ca0e3dc8-4338-4cec-9272-e7c87920c7b4" testListId="8c84fa94-04c1-424b-9868-57a2d4851a1d" />
    <TestEntry testId="4f297306-d4f3-8d63-e7f4-1ac0b8c58c74" executionId="ec435ffc-bded-44bb-bb26-a19a2539fd04" testListId="8c84fa94-04c1-424b-9868-57a2d4851a1d" />
    <TestEntry testId="18fa8c62-e27d-e1fc-8182-4d7db62b008d" executionId="0ed06840-62f9-4058-8f04-188975f3d681" testListId="8c84fa94-04c1-424b-9868-57a2d4851a1d" />
    <TestEntry testId="834c739b-eca4-b36d-6a66-5a1bd75377b8" executionId="c2401883-13de-4925-a25c-94c8a1bfe4f9" testListId="8c84fa94-04c1-424b-9868-57a2d4851a1d" />
  </TestEntries>
  <TestLists>
    <TestList name="Results Not in a List" id="8c84fa94-04c1-424b-9868-57a2d4851a1d" />
    <TestList name="All Loaded Results" id="19431567-8539-422a-85d7-44ee4e166bda" />
  </TestLists>
  <ResultSummary outcome="Completed">
    <Counters total="47" executed="47" passed="47" failed="0" error="0" timeout="0" aborted="0" inconclusive="0" passedButRunAborted="0" notRunnable="0" notExecuted="0" disconnected="0" warning="0" completed="0" inProgress="0" pending="0" />
    <Output>
      <StdOut>[xUnit.net 00:00:00.00] xUnit.net VSTest Adapter v2.4.5+1caef2f33e (64-bit .NET 6.0.10)
[xUnit.net 00:00:00.87]   Discovering: BL.Tests
[xUnit.net 00:00:01.16]   Discovered:  BL.Tests
[xUnit.net 00:00:01.16]   Starting:    BL.Tests
[xUnit.net 00:00:01.60]   Finished:    BL.Tests
</StdOut>
    </Output>
  </ResultSummary>
</TestRun>