<?xml version="1.0" encoding="utf-8"?>
<TestRun id="2bdd5541-79c4-4bb3-b488-8b53887f0c6f" name="@DESKTOP-TJ9D65N 2022-11-03 11:09:58" xmlns="http://microsoft.com/schemas/VisualStudio/TeamTest/2010">
  <Times creation="2022-11-03T11:09:58.1966240+03:00" queuing="2022-11-03T11:09:58.1966242+03:00" start="2022-11-03T11:09:55.8257845+03:00" finish="2022-11-03T11:09:58.4691538+03:00" />
  <TestSettings name="default" id="04145fb5-c3c9-4549-a389-61db4618434e">
    <Deployment runDeploymentRoot="_DESKTOP-TJ9D65N_2022-11-03_11_09_58" />
  </TestSettings>
  <Results>
    <UnitTestResult executionId="b9b87ddd-f7d9-4d27-819f-c576f1812f22" testId="bf8c6670-0e02-2a8a-e156-1ca068be361b" testName="BL.Tests.TurnstilesServiceTest.TestAdminAddAutoIncrementTurnstileAsync(userID: 80, turnstile: Turnstile { TurnstileID = 89, LiftID = 124, IsOpen = True }, checkPermissionServiceMock: Mock&lt;ICheckPermissionService:16&gt;, turnstilesRepositoryStub: Mock&lt;ITurnstilesRepository:10&gt;, sut: TurnstilesService { })" computerName="DESKTOP-TJ9D65N" duration="00:00:00.0146452" startTime="2022-11-03T11:09:58.1388919+03:00" endTime="2022-11-03T11:09:58.1388920+03:00" testType="13cdc9d9-ddb5-4fa4-a97d-d965ccfc6d4b" outcome="Passed" testListId="8c84fa94-04c1-424b-9868-57a2d4851a1d" relativeResultsDirectory="b9b87ddd-f7d9-4d27-819f-c576f1812f22" />
    <UnitTestResult executionId="955d3755-d1bd-4fc6-9d44-5b30547a0673" testId="4b34f013-69e6-327f-0311-45d10388b43a" testName="BL.Tests.LiftsServiceTest.TestUpdateLiftInfoAsync(userID: 216, lift: Lift { LiftID = 133, LiftName = liftName59ee7ba3-c2c1-4f7c-aecb-810ffcc23ef6, IsOpen = True, SeatsAmount = 158, LiftingTime = 33, QueueTime = 200, ConnectedSlopes =  }, checkPermissionServiceMock: Mock&lt;ICheckPermissionService:3&gt;, liftsRepositoryStub: Mock&lt;ILiftsRepository:3&gt;, sut: LiftsService { })" computerName="DESKTOP-TJ9D65N" duration="00:00:00.0086851" startTime="2022-11-03T11:09:58.2530070+03:00" endTime="2022-11-03T11:09:58.2530072+03:00" testType="13cdc9d9-ddb5-4fa4-a97d-d965ccfc6d4b" outcome="Passed" testListId="8c84fa94-04c1-424b-9868-57a2d4851a1d" relativeResultsDirectory="955d3755-d1bd-4fc6-9d44-5b30547a0673" />
    <UnitTestResult executionId="d5f9122c-06aa-4388-a553-ba6825f40c59" testId="4f297306-d4f3-8d63-e7f4-1ac0b8c58c74" testName="BL.Tests.CheckPermissionsServiceTests.AuthorizedHasNoAccessToAdminSkiPatrolFunctions(functionName: &quot;GetLiftsSlopesInfoAsync&quot;)" computerName="DESKTOP-TJ9D65N" duration="00:00:00.0019024" startTime="2022-11-03T11:09:58.2813259+03:00" endTime="2022-11-03T11:09:58.2813261+03:00" testType="13cdc9d9-ddb5-4fa4-a97d-d965ccfc6d4b" outcome="Passed" testListId="8c84fa94-04c1-424b-9868-57a2d4851a1d" relativeResultsDirectory="d5f9122c-06aa-4388-a553-ba6825f40c59" />
    <UnitTestResult executionId="2f968202-edae-4d8b-8068-c01c687a5121" testId="e2d7e5be-3dae-33ae-fb17-c704b6fd58d6" testName="BL.Tests.CheckPermissionsServiceTests.UnauthorizedHasNoAccessToAdminFunctions" computerName="DESKTOP-TJ9D65N" duration="00:00:00.0025902" startTime="2022-11-03T11:09:58.3204007+03:00" endTime="2022-11-03T11:09:58.3204008+03:00" testType="13cdc9d9-ddb5-4fa4-a97d-d965ccfc6d4b" outcome="Passed" testListId="8c84fa94-04c1-424b-9868-57a2d4851a1d" relativeResultsDirectory="2f968202-edae-4d8b-8068-c01c687a5121" />
    <UnitTestResult executionId="5930b6b3-201e-4096-a7c6-4842d04c4518" testId="a19a5fcf-c5d2-7d44-5d7d-84403042f4e0" testName="BL.Tests.CheckPermissionsServiceTests.UnauthorizedHasNoAccessToAdminSkiPatrolFunctions(functionName: &quot;MarkMessageReadByUserAsync&quot;)" computerName="DESKTOP-TJ9D65N" duration="00:00:00.0388542" startTime="2022-11-03T11:09:58.0271056+03:00" endTime="2022-11-03T11:09:58.0271057+03:00" testType="13cdc9d9-ddb5-4fa4-a97d-d965ccfc6d4b" outcome="Passed" testListId="8c84fa94-04c1-424b-9868-57a2d4851a1d" relativeResultsDirectory="5930b6b3-201e-4096-a7c6-4842d04c4518" />
    <UnitTestResult executionId="7f0b56c7-805b-44b7-b676-0de1db0d3150" testId="f44a1b21-8efc-bfac-63b4-d534442def31" testName="BL.Tests.UsersServiceTests.TestRegisterUserWithNoPassword" computerName="DESKTOP-TJ9D65N" duration="00:00:00.0028064" startTime="2022-11-03T11:09:58.1389776+03:00" endTime="2022-11-03T11:09:58.1389777+03:00" testType="13cdc9d9-ddb5-4fa4-a97d-d965ccfc6d4b" outcome="Passed" testListId="8c84fa94-04c1-424b-9868-57a2d4851a1d" relativeResultsDirectory="7f0b56c7-805b-44b7-b676-0de1db0d3150" />
    <UnitTestResult executionId="556ccd50-1419-4d2c-a3eb-7f19275d4756" testId="464349bb-6a31-f7ba-6a48-b07db9ba4297" testName="BL.Tests.TurnstilesServiceTest.TestAdminDeleteTurnstileAsync(userID: 91, turnstile: Turnstile { TurnstileID = 195, LiftID = 36, IsOpen = True }, checkPermissionServiceMock: Mock&lt;ICheckPermissionService:15&gt;, turnstilesRepositoryStub: Mock&lt;ITurnstilesRepository:9&gt;, sut: TurnstilesService { })" computerName="DESKTOP-TJ9D65N" duration="00:00:00.0054140" startTime="2022-11-03T11:09:58.1441829+03:00" endTime="2022-11-03T11:09:58.1441830+03:00" testType="13cdc9d9-ddb5-4fa4-a97d-d965ccfc6d4b" outcome="Passed" testListId="8c84fa94-04c1-424b-9868-57a2d4851a1d" relativeResultsDirectory="556ccd50-1419-4d2c-a3eb-7f19275d4756" />
    <UnitTestResult executionId="68e54813-f029-4d30-af56-302ef6566850" testId="2d706594-f2b3-b3c8-21d4-86c9798c3306" testName="BL.Tests.CheckPermissionsServiceTests.SkiPatrolHasAccessToAdminSkiPatrolFunctions(functionName: &quot;GetLiftsSlopesInfoAsync&quot;)" computerName="DESKTOP-TJ9D65N" duration="00:00:00.0058441" startTime="2022-11-03T11:09:58.1602447+03:00" endTime="2022-11-03T11:09:58.1602448+03:00" testType="13cdc9d9-ddb5-4fa4-a97d-d965ccfc6d4b" outcome="Passed" testListId="8c84fa94-04c1-424b-9868-57a2d4851a1d" relativeResultsDirectory="68e54813-f029-4d30-af56-302ef6566850" />
    <UnitTestResult executionId="52b43f08-90ec-44a4-a5d8-838fcbbbae4c" testId="7cecf84f-c67a-9039-2504-0861678e263c" testName="BL.Tests.SlopesServiceTest.TestGetSlopeInfoAsync(userID: 231, slope: Slope { SlopeID = 108, SlopeName = slopeName10b58a4b-ff8a-44b9-b1a0-cf84b4805a4d, IsOpen = True, DifficultyLevel = 6, ConnectedLifts =  }, checkPermissionServiceMock: Mock&lt;ICheckPermissionService:6&gt;, slopesRepositoryStub: Mock&lt;ISlopesRepository:4&gt;, liftsSlopesRepositoryStub: Mock&lt;ILiftsSlopesRepository:9&gt;, sut: SlopesService { })" computerName="DESKTOP-TJ9D65N" duration="00:00:00.0087420" startTime="2022-11-03T11:09:58.1442638+03:00" endTime="2022-11-03T11:09:58.1442639+03:00" testType="13cdc9d9-ddb5-4fa4-a97d-d965ccfc6d4b" outcome="Passed" testListId="8c84fa94-04c1-424b-9868-57a2d4851a1d" relativeResultsDirectory="52b43f08-90ec-44a4-a5d8-838fcbbbae4c" />
    <UnitTestResult executionId="241f6fb7-5e3d-4c3c-910d-fbefed2f8b62" testId="60bd668f-04df-da5e-b79b-5d9aedb5234d" testName="BL.Tests.CheckPermissionsServiceTests.SkiPatrolHasAccessToAdminSkiPatrolFunctions(functionName: &quot;MarkMessageReadByUserAsync&quot;)" computerName="DESKTOP-TJ9D65N" duration="00:00:00.0028070" startTime="2022-11-03T11:09:58.1790733+03:00" endTime="2022-11-03T11:09:58.1790734+03:00" testType="13cdc9d9-ddb5-4fa4-a97d-d965ccfc6d4b" outcome="Passed" testListId="8c84fa94-04c1-424b-9868-57a2d4851a1d" relativeResultsDirectory="241f6fb7-5e3d-4c3c-910d-fbefed2f8b62" />
    <UnitTestResult executionId="67147c78-4212-4e24-b339-8326452a5909" testId="db6a2442-9df8-1439-6a52-5fa6fadbaf19" testName="BL.Tests.LiftsSlopesServiceTests.TestAdminAddAutoIncrementLiftSlopeAsync(lift: Lift { LiftID = 172, LiftName = liftName81e04515-ce5a-4171-9b96-470150bd8cca, IsOpen = True, SeatsAmount = 14, LiftingTime = 178, QueueTime = 222, ConnectedSlopes =  }, slope: Slope { SlopeID = 79, SlopeName = slopeName0b241048-6935-4ee5-b320-eeea7ae00e8b, IsOpen = False, DifficultyLevel = 193, ConnectedLifts =  }, slopesRepositoryStub: Mock&lt;ISlopesRepository:3&gt;, liftsRepositoryStub: Mock&lt;ILiftsRepository:8&gt;, liftsSlopesRepositoryStub: Mock&lt;ILiftsSlopesRepository:8&gt;)" computerName="DESKTOP-TJ9D65N" duration="00:00:00.0080861" startTime="2022-11-03T11:09:58.1441062+03:00" endTime="2022-11-03T11:09:58.1441063+03:00" testType="13cdc9d9-ddb5-4fa4-a97d-d965ccfc6d4b" outcome="Passed" testListId="8c84fa94-04c1-424b-9868-57a2d4851a1d" relativeResultsDirectory="67147c78-4212-4e24-b339-8326452a5909" />
    <UnitTestResult executionId="a490b7f1-e323-4749-9747-bf8e961d28f3" testId="1ca07ad8-f799-c5d4-e7cc-34fd950198a2" testName="BL.Tests.UsersServiceTests.TestLogInOk" computerName="DESKTOP-TJ9D65N" duration="00:00:00.0044412" startTime="2022-11-03T11:09:58.2117347+03:00" endTime="2022-11-03T11:09:58.2117348+03:00" testType="13cdc9d9-ddb5-4fa4-a97d-d965ccfc6d4b" outcome="Passed" testListId="8c84fa94-04c1-424b-9868-57a2d4851a1d" relativeResultsDirectory="a490b7f1-e323-4749-9747-bf8e961d28f3" />
    <UnitTestResult executionId="b2c20595-b404-4482-9d4f-3cff5af55d9e" testId="ee6f5e44-a795-f4a9-44de-9a8741cae3d4" testName="BL.Tests.SlopesServiceTest.TestGetSlopesInfoAsync(userID: 155, initialSlopes: [Slope { SlopeID = 159, SlopeName = slopeNamea04b2485-7d75-46e4-8cc3-34b0b3c90c38, IsOpen = True, DifficultyLevel = 154, ConnectedLifts =  }, Slope { SlopeID = 230, SlopeName = slopeNameca7a893b-9b83-47ec-be3b-ba3ac0f27c42, IsOpen = False, DifficultyLevel = 203, ConnectedLifts =  }, Slope { SlopeID = 115, SlopeName = slopeName7deb4219-c59f-4484-a4ee-9e853c99c407, IsOpen = True, DifficultyLevel = 166, ConnectedLifts =  }], checkPermissionServiceMock: Mock&lt;ICheckPermissionService:7&gt;, slopesRepositoryStub: Mock&lt;ISlopesRepository:5&gt;, liftsSlopesRepositoryStub: Mock&lt;ILiftsSlopesRepository:10&gt;, sut: SlopesService { })" computerName="DESKTOP-TJ9D65N" duration="00:00:00.0267630" startTime="2022-11-03T11:09:58.2188624+03:00" endTime="2022-11-03T11:09:58.2188625+03:00" testType="13cdc9d9-ddb5-4fa4-a97d-d965ccfc6d4b" outcome="Passed" testListId="8c84fa94-04c1-424b-9868-57a2d4851a1d" relativeResultsDirectory="b2c20595-b404-4482-9d4f-3cff5af55d9e" />
    <UnitTestResult executionId="0a14d430-c3f6-4b9f-9863-a101a31117c3" testId="d7c53b80-df4b-ba5e-4131-8e61857d883f" testName="BL.Tests.SlopesServiceTest.TestAdminAddAutoIncrementSlopeAsync(userID: 175, slope: Slope { SlopeID = 178, SlopeName = slopeName65c25353-8ea1-4c71-9736-ae69ab964a2b, IsOpen = True, DifficultyLevel = 169, ConnectedLifts =  }, checkPermissionServiceMock: Mock&lt;ICheckPermissionService:10&gt;, slopesRepositoryStub: Mock&lt;ISlopesRepository:8&gt;, sut: SlopesService { })" computerName="DESKTOP-TJ9D65N" duration="00:00:00.0133351" startTime="2022-11-03T11:09:58.1388661+03:00" endTime="2022-11-03T11:09:58.1388661+03:00" testType="13cdc9d9-ddb5-4fa4-a97d-d965ccfc6d4b" outcome="Passed" testListId="8c84fa94-04c1-424b-9868-57a2d4851a1d" relativeResultsDirectory="0a14d430-c3f6-4b9f-9863-a101a31117c3" />
    <UnitTestResult executionId="f6baabfe-97aa-4bca-ba35-714591a4e827" testId="834c739b-eca4-b36d-6a66-5a1bd75377b8" testName="BL.Tests.UsersServiceTests.TestAdminAddAutoIncrementUser" computerName="DESKTOP-TJ9D65N" duration="00:00:00.0099307" startTime="2022-11-03T11:09:58.2712145+03:00" endTime="2022-11-03T11:09:58.2712146+03:00" testType="13cdc9d9-ddb5-4fa4-a97d-d965ccfc6d4b" outcome="Passed" testListId="8c84fa94-04c1-424b-9868-57a2d4851a1d" relativeResultsDirectory="f6baabfe-97aa-4bca-ba35-714591a4e827" />
    <UnitTestResult executionId="f98ea7a5-f80d-41e8-85b9-82c3381eff2a" testId="69340bb6-3645-f9dd-971e-29d8b2a009bb" testName="BL.Tests.UsersServiceTests.TestLogInWithWrongPassword" computerName="DESKTOP-TJ9D65N" duration="00:00:00.0032230" startTime="2022-11-03T11:09:58.2475747+03:00" endTime="2022-11-03T11:09:58.2475748+03:00" testType="13cdc9d9-ddb5-4fa4-a97d-d965ccfc6d4b" outcome="Passed" testListId="8c84fa94-04c1-424b-9868-57a2d4851a1d" relativeResultsDirectory="f98ea7a5-f80d-41e8-85b9-82c3381eff2a" />
    <UnitTestResult executionId="45958af0-9a4a-4d32-8660-219ab0dc8d73" testId="a2e59116-cb53-1d70-9cb8-21c286516866" testName="BL.Tests.CheckPermissionsServiceTests.AuthorizedHasNoAccessToAdminFunctions" computerName="DESKTOP-TJ9D65N" duration="00:00:00.0041070" startTime="2022-11-03T11:09:58.2179334+03:00" endTime="2022-11-03T11:09:58.2179335+03:00" testType="13cdc9d9-ddb5-4fa4-a97d-d965ccfc6d4b" outcome="Passed" testListId="8c84fa94-04c1-424b-9868-57a2d4851a1d" relativeResultsDirectory="45958af0-9a4a-4d32-8660-219ab0dc8d73" />
    <UnitTestResult executionId="118bfdd5-cea5-4422-bb38-8f265dfe02e0" testId="fa960c5e-f989-2880-784e-8efe538c5231" testName="BL.Tests.CheckPermissionsServiceTests.UnauthorizedHasNoAccessToAuthorizedFunctions(functionName: &quot;LogOutAsync&quot;)" computerName="DESKTOP-TJ9D65N" duration="00:00:00.0017696" startTime="2022-11-03T11:09:58.1444189+03:00" endTime="2022-11-03T11:09:58.1444189+03:00" testType="13cdc9d9-ddb5-4fa4-a97d-d965ccfc6d4b" outcome="Passed" testListId="8c84fa94-04c1-424b-9868-57a2d4851a1d" relativeResultsDirectory="118bfdd5-cea5-4422-bb38-8f265dfe02e0" />
    <UnitTestResult executionId="a6c4f1a4-a1d5-422f-a58d-b76317f871fb" testId="e429852d-a6ed-7c2a-25fd-cd839b159d56" testName="BL.Tests.LiftsSlopesServiceTests.TestGetLiftsSlopesInfoAsync(liftsSlopes: [LiftSlope { RecordID = 93, LiftID = 63, SlopeID = 236 }, LiftSlope { RecordID = 201, LiftID = 195, SlopeID = 74 }, LiftSlope { RecordID = 22, LiftID = 92, SlopeID = 66 }], slopesRepositoryStub: Mock&lt;ISlopesRepository:1&gt;, liftsRepositoryStub: Mock&lt;ILiftsRepository:6&gt;, liftsSlopesRepositoryStub: Mock&lt;ILiftsSlopesRepository:6&gt;)" computerName="DESKTOP-TJ9D65N" duration="00:00:00.0483244" startTime="2022-11-03T11:09:58.0273164+03:00" endTime="2022-11-03T11:09:58.0273164+03:00" testType="13cdc9d9-ddb5-4fa4-a97d-d965ccfc6d4b" outcome="Passed" testListId="8c84fa94-04c1-424b-9868-57a2d4851a1d" relativeResultsDirectory="a6c4f1a4-a1d5-422f-a58d-b76317f871fb" />
    <UnitTestResult executionId="6011a517-4f3c-4946-8f04-74f1716b0c95" testId="387c9729-48c1-486e-5e67-f5d11a9f0db8" testName="BL.Tests.CheckPermissionsServiceTests.UnauthorizedHasNoAccessToAdminSkiPatrolFunctions(functionName: &quot;GetLiftsSlopesInfoAsync&quot;)" computerName="DESKTOP-TJ9D65N" duration="00:00:00.0025652" startTime="2022-11-03T11:09:58.1382348+03:00" endTime="2022-11-03T11:09:58.1382349+03:00" testType="13cdc9d9-ddb5-4fa4-a97d-d965ccfc6d4b" outcome="Passed" testListId="8c84fa94-04c1-424b-9868-57a2d4851a1d" relativeResultsDirectory="6011a517-4f3c-4946-8f04-74f1716b0c95" />
    <UnitTestResult executionId="bb5a7b88-a74a-449d-8cd3-81f94e41c0ec" testId="18fa8c62-e27d-e1fc-8182-4d7db62b008d" testName="BL.Tests.UsersServiceTests.TestAdminDeleteUser" computerName="DESKTOP-TJ9D65N" duration="00:00:00.0037206" startTime="2022-11-03T11:09:58.3059682+03:00" endTime="2022-11-03T11:09:58.3059683+03:00" testType="13cdc9d9-ddb5-4fa4-a97d-d965ccfc6d4b" outcome="Passed" testListId="8c84fa94-04c1-424b-9868-57a2d4851a1d" relativeResultsDirectory="bb5a7b88-a74a-449d-8cd3-81f94e41c0ec" />
    <UnitTestResult executionId="478746d5-88f0-4890-8077-e807789ca6a2" testId="528ecc10-af15-d985-bd1c-cb9e75e4b3ce" testName="BL.Tests.SlopesServiceTest.TestAdminAddSlopeAsync(userID: 244, slope: Slope { SlopeID = 188, SlopeName = slopeName2e38118f-b528-49d3-a8fa-59cb4d359418, IsOpen = True, DifficultyLevel = 126, ConnectedLifts =  }, checkPermissionServiceMock: Mock&lt;ICheckPermissionService:11&gt;, slopesRepositoryStub: Mock&lt;ISlopesRepository:9&gt;, sut: SlopesService { })" computerName="DESKTOP-TJ9D65N" duration="00:00:00.0382760" startTime="2022-11-03T11:09:58.0195602+03:00" endTime="2022-11-03T11:09:58.0196036+03:00" testType="13cdc9d9-ddb5-4fa4-a97d-d965ccfc6d4b" outcome="Passed" testListId="8c84fa94-04c1-424b-9868-57a2d4851a1d" relativeResultsDirectory="478746d5-88f0-4890-8077-e807789ca6a2" />
    <UnitTestResult executionId="5a5cebc0-5eb8-4bf9-b65b-dc6e9be9143e" testId="2602613f-c8e2-a6d9-fcf7-5b27d4a770a6" testName="BL.Tests.CheckPermissionsServiceTests.AuthorizedHasNoAccessToAdminSkiPatrolFunctions(functionName: &quot;GetMessagesAsync&quot;)" computerName="DESKTOP-TJ9D65N" duration="00:00:00.0035524" startTime="2022-11-03T11:09:58.2497607+03:00" endTime="2022-11-03T11:09:58.2497608+03:00" testType="13cdc9d9-ddb5-4fa4-a97d-d965ccfc6d4b" outcome="Passed" testListId="8c84fa94-04c1-424b-9868-57a2d4851a1d" relativeResultsDirectory="5a5cebc0-5eb8-4bf9-b65b-dc6e9be9143e" />
    <UnitTestResult executionId="e6c7b4a7-1110-4738-a6d8-264510551830" testId="9c7df5e2-1b23-ebea-889f-b78ca86b60ab" testName="BL.Tests.CheckPermissionsServiceTests.AuthorizedHasNoAccessToAdminSkiPatrolFunctions(functionName: &quot;MarkMessageReadByUserAsync&quot;)" computerName="DESKTOP-TJ9D65N" duration="00:00:00.0016151" startTime="2022-11-03T11:09:58.2658116+03:00" endTime="2022-11-03T11:09:58.2658117+03:00" testType="13cdc9d9-ddb5-4fa4-a97d-d965ccfc6d4b" outcome="Passed" testListId="8c84fa94-04c1-424b-9868-57a2d4851a1d" relativeResultsDirectory="e6c7b4a7-1110-4738-a6d8-264510551830" />
    <UnitTestResult executionId="f04aaabf-c29b-4fa4-b451-a493a41e3e3b" testId="20ad8570-0170-85de-dcd7-2f109dd7bcd6" testName="BL.Tests.UsersServiceTests.TestAdminGetUsers" computerName="DESKTOP-TJ9D65N" duration="00:00:00.0485020" startTime="2022-11-03T11:09:58.0273406+03:00" endTime="2022-11-03T11:09:58.0273407+03:00" testType="13cdc9d9-ddb5-4fa4-a97d-d965ccfc6d4b" outcome="Passed" testListId="8c84fa94-04c1-424b-9868-57a2d4851a1d" relativeResultsDirectory="f04aaabf-c29b-4fa4-b451-a493a41e3e3b" />
    <UnitTestResult executionId="dbfaf873-ccef-4b75-822c-5c51c689919e" testId="06d0bc3a-24a0-fb7f-4277-e9ae6d21c7dd" testName="BL.Tests.UsersServiceTests.TestAdminUpdateUser" computerName="DESKTOP-TJ9D65N" duration="00:00:00.0111327" startTime="2022-11-03T11:09:58.1549373+03:00" endTime="2022-11-03T11:09:58.1549374+03:00" testType="13cdc9d9-ddb5-4fa4-a97d-d965ccfc6d4b" outcome="Passed" testListId="8c84fa94-04c1-424b-9868-57a2d4851a1d" relativeResultsDirectory="dbfaf873-ccef-4b75-822c-5c51c689919e" />
    <UnitTestResult executionId="21495f16-3bb5-43d7-9c8d-1ab2b7be6c32" testId="042a5c7e-9b6b-460f-a966-7e71427efe98" testName="BL.Tests.SlopesServiceTest.TestUpdateSlopeInfoAsync(userID: 240, slope: Slope { SlopeID = 30, SlopeName = slopeNamedc6b6dc7-4d7e-4c62-aa92-1d07ba63db8a, IsOpen = True, DifficultyLevel = 42, ConnectedLifts =  }, checkPermissionServiceMock: Mock&lt;ICheckPermissionService:8&gt;, slopesRepositoryStub: Mock&lt;ISlopesRepository:6&gt;, sut: SlopesService { })" computerName="DESKTOP-TJ9D65N" duration="00:00:00.0073001" startTime="2022-11-03T11:09:58.1484556+03:00" endTime="2022-11-03T11:09:58.1484557+03:00" testType="13cdc9d9-ddb5-4fa4-a97d-d965ccfc6d4b" outcome="Passed" testListId="8c84fa94-04c1-424b-9868-57a2d4851a1d" relativeResultsDirectory="21495f16-3bb5-43d7-9c8d-1ab2b7be6c32" />
    <UnitTestResult executionId="217ba91a-9684-4d1a-9060-0ee2e7d0eb98" testId="506b8f91-9b68-6b9f-86d8-7624a38252a2" testName="BL.Tests.LiftsServiceTest.TestAdminDeleteLiftAsync(userID: 135, lift: Lift { LiftID = 184, LiftName = liftName643e7987-e929-4095-b95e-ba89cdb142cf, IsOpen = True, SeatsAmount = 16, LiftingTime = 112, QueueTime = 162, ConnectedSlopes =  }, checkPermissionServiceMock: Mock&lt;ICheckPermissionService:4&gt;, liftsRepositoryStub: Mock&lt;ILiftsRepository:4&gt;, liftsSlopesRepositoryStub: Mock&lt;ILiftsSlopesRepository:4&gt;, sut: LiftsService { })" computerName="DESKTOP-TJ9D65N" duration="00:00:00.0197724" startTime="2022-11-03T11:09:58.2071318+03:00" endTime="2022-11-03T11:09:58.2071319+03:00" testType="13cdc9d9-ddb5-4fa4-a97d-d965ccfc6d4b" outcome="Passed" testListId="8c84fa94-04c1-424b-9868-57a2d4851a1d" relativeResultsDirectory="217ba91a-9684-4d1a-9060-0ee2e7d0eb98" />
    <UnitTestResult executionId="5d36b018-b568-4a7a-b8d2-a294c609bffa" testId="f3efc418-a8a6-c7b7-9bac-90b33aa8472f" testName="BL.Tests.CheckPermissionsServiceTests.AdminHasAccessToAllFunctions" computerName="DESKTOP-TJ9D65N" duration="00:00:00.0025946" startTime="2022-11-03T11:09:58.3448668+03:00" endTime="2022-11-03T11:09:58.3448669+03:00" testType="13cdc9d9-ddb5-4fa4-a97d-d965ccfc6d4b" outcome="Passed" testListId="8c84fa94-04c1-424b-9868-57a2d4851a1d" relativeResultsDirectory="5d36b018-b568-4a7a-b8d2-a294c609bffa" />
    <UnitTestResult executionId="20cc946d-f485-41d7-b4e6-ba53b0c4b3bb" testId="9158d865-55d8-ef57-3769-ef55c20f4f6f" testName="BL.Tests.LiftsSlopesServiceTests.TestAdminDeleteLiftSlopeAsync(lift: Lift { LiftID = 183, LiftName = liftNamee82b2e4d-dc57-4b64-98ac-ad1d5242417b, IsOpen = True, SeatsAmount = 211, LiftingTime = 192, QueueTime = 163, ConnectedSlopes =  }, slope: Slope { SlopeID = 117, SlopeName = slopeName5ad2c9b5-c1c5-48ae-9608-3f6fa39b342c, IsOpen = False, DifficultyLevel = 212, ConnectedLifts =  }, slopesRepositoryStub: Mock&lt;ISlopesRepository:2&gt;, liftsRepositoryStub: Mock&lt;ILiftsRepository:7&gt;, liftsSlopesRepositoryStub: Mock&lt;ILiftsSlopesRepository:7&gt;)" computerName="DESKTOP-TJ9D65N" duration="00:00:00.0084368" startTime="2022-11-03T11:09:58.1388159+03:00" endTime="2022-11-03T11:09:58.1388160+03:00" testType="13cdc9d9-ddb5-4fa4-a97d-d965ccfc6d4b" outcome="Passed" testListId="8c84fa94-04c1-424b-9868-57a2d4851a1d" relativeResultsDirectory="20cc946d-f485-41d7-b4e6-ba53b0c4b3bb" />
    <UnitTestResult executionId="f59f368f-63ce-47ca-955b-8a76a4e52286" testId="894941c1-bfa7-d8f9-c047-1e1ceefe2c2f" testName="BL.Tests.UsersServiceTests.TestRegisterUserWithRepeatedEmail" computerName="DESKTOP-TJ9D65N" duration="00:00:00.0068711" startTime="2022-11-03T11:09:58.1442807+03:00" endTime="2022-11-03T11:09:58.1442808+03:00" testType="13cdc9d9-ddb5-4fa4-a97d-d965ccfc6d4b" outcome="Passed" testListId="8c84fa94-04c1-424b-9868-57a2d4851a1d" relativeResultsDirectory="f59f368f-63ce-47ca-955b-8a76a4e52286" />
    <UnitTestResult executionId="aa443e33-9d57-438a-a9d5-4c837692b0cf" testId="d4ab6670-1adc-4ecb-f996-03b87875a178" testName="BL.Tests.SlopesServiceTest.TestAdminDeleteSlopeAsync(userID: 37, slope: Slope { SlopeID = 101, SlopeName = slopeName50936ab6-58a7-42a7-933c-b1276c48d8e3, IsOpen = True, DifficultyLevel = 19, ConnectedLifts =  }, checkPermissionServiceMock: Mock&lt;ICheckPermissionService:9&gt;, slopesRepositoryStub: Mock&lt;ISlopesRepository:7&gt;, liftsSlopesRepositoryStub: Mock&lt;ILiftsSlopesRepository:12&gt;, sut: SlopesService { })" computerName="DESKTOP-TJ9D65N" duration="00:00:00.0079858" startTime="2022-11-03T11:09:58.1747161+03:00" endTime="2022-11-03T11:09:58.1747162+03:00" testType="13cdc9d9-ddb5-4fa4-a97d-d965ccfc6d4b" outcome="Passed" testListId="8c84fa94-04c1-424b-9868-57a2d4851a1d" relativeResultsDirectory="aa443e33-9d57-438a-a9d5-4c837692b0cf" />
    <UnitTestResult executionId="3f7d36a7-ea22-4576-806b-f462bfe80fa7" testId="e5497347-2721-b7a6-0bd4-69a9921f6947" testName="BL.Tests.UsersServiceTests.TestAdminGetUserByIDAsync" computerName="DESKTOP-TJ9D65N" duration="00:00:00.0062812" startTime="2022-11-03T11:09:58.2920985+03:00" endTime="2022-11-03T11:09:58.2920986+03:00" testType="13cdc9d9-ddb5-4fa4-a97d-d965ccfc6d4b" outcome="Passed" testListId="8c84fa94-04c1-424b-9868-57a2d4851a1d" relativeResultsDirectory="3f7d36a7-ea22-4576-806b-f462bfe80fa7" />
    <UnitTestResult executionId="66bc6991-40f6-479a-8894-3001461b5a67" testId="f010b238-8d57-b37b-ca91-7c68583b5067" testName="BL.Tests.TurnstilesServiceTest.TestAdminGetTurnstilesAsync(userID: 184, initialTurnstiles: [Turnstile { TurnstileID = 255, LiftID = 37, IsOpen = True }, Turnstile { TurnstileID = 48, LiftID = 246, IsOpen = False }, Turnstile { TurnstileID = 117, LiftID = 222, IsOpen = True }], checkPermissionServiceMock: Mock&lt;ICheckPermissionService:13&gt;, turnstilesRepositoryStub: Mock&lt;ITurnstilesRepository:7&gt;, sut: TurnstilesService { })" computerName="DESKTOP-TJ9D65N" duration="00:00:00.0121824" startTime="2022-11-03T11:09:58.1449063+03:00" endTime="2022-11-03T11:09:58.1449064+03:00" testType="13cdc9d9-ddb5-4fa4-a97d-d965ccfc6d4b" outcome="Passed" testListId="8c84fa94-04c1-424b-9868-57a2d4851a1d" relativeResultsDirectory="66bc6991-40f6-479a-8894-3001461b5a67" />
    <UnitTestResult executionId="f990b4b3-a854-44f5-84dc-b5dc4c1c48df" testId="b72f15c7-e9ae-c941-8a55-b036db4a423e" testName="BL.Tests.TurnstilesServiceTest.TestAdminGetTurnstileAsync(userID: 244, turnstile: Turnstile { TurnstileID = 176, LiftID = 20, IsOpen = True }, checkPermissionServiceMock: Mock&lt;ICheckPermissionService:12&gt;, turnstilesRepositoryStub: Mock&lt;ITurnstilesRepository:6&gt;, sut: TurnstilesService { })" computerName="DESKTOP-TJ9D65N" duration="00:00:00.0410689" startTime="2022-11-03T11:09:58.0272173+03:00" endTime="2022-11-03T11:09:58.0272174+03:00" testType="13cdc9d9-ddb5-4fa4-a97d-d965ccfc6d4b" outcome="Passed" testListId="8c84fa94-04c1-424b-9868-57a2d4851a1d" relativeResultsDirectory="f990b4b3-a854-44f5-84dc-b5dc4c1c48df" />
    <UnitTestResult executionId="f64893e3-7ba0-4a5c-b614-f79ed5317ec9" testId="c36970dc-93f7-753e-fa47-157133b01644" testName="BL.Tests.CheckPermissionsServiceTests.SkiPatrolHasAccessToAdminSkiPatrolFunctions(functionName: &quot;GetMessagesAsync&quot;)" computerName="DESKTOP-TJ9D65N" duration="00:00:00.0019502" startTime="2022-11-03T11:09:58.1979685+03:00" endTime="2022-11-03T11:09:58.1979686+03:00" testType="13cdc9d9-ddb5-4fa4-a97d-d965ccfc6d4b" outcome="Passed" testListId="8c84fa94-04c1-424b-9868-57a2d4851a1d" relativeResultsDirectory="f64893e3-7ba0-4a5c-b614-f79ed5317ec9" />
    <UnitTestResult executionId="1b54e7e3-cf8b-4aa0-87bf-7cfc128f11e9" testId="64b04b68-5f2a-18db-5279-8a792e334ede" testName="BL.Tests.LiftsServiceTest.TestGetLiftInfoAsync(userID: 60, lift: Lift { LiftID = 38, LiftName = liftName5d06577f-bfc3-4e18-9bab-2892b87ccac0, IsOpen = True, SeatsAmount = 84, LiftingTime = 186, QueueTime = 92, ConnectedSlopes =  }, checkPermissionServiceMock: Mock&lt;ICheckPermissionService:1&gt;, liftsRepositoryStub: Mock&lt;ILiftsRepository:1&gt;, liftsSlopesRepositoryStub: Mock&lt;ILiftsSlopesRepository:1&gt;, sut: LiftsService { })" computerName="DESKTOP-TJ9D65N" duration="00:00:00.0517237" startTime="2022-11-03T11:09:58.0816493+03:00" endTime="2022-11-03T11:09:58.0816494+03:00" testType="13cdc9d9-ddb5-4fa4-a97d-d965ccfc6d4b" outcome="Failed" testListId="8c84fa94-04c1-424b-9868-57a2d4851a1d" relativeResultsDirectory="1b54e7e3-cf8b-4aa0-87bf-7cfc128f11e9">
      <Output>
        <ErrorInfo>
          <Message>Assert.NotEqual() Failure
Expected: Not Lift { LiftID = 38, LiftName = liftName5d06577f-bfc3-4e18-9bab-2892b87ccac0, IsOpen = True, SeatsAmount = 84, LiftingTime = 186, QueueTime = 92, ConnectedSlopes =  }
Actual:   Lift { LiftID = 38, LiftName = liftName5d06577f-bfc3-4e18-9bab-2892b87ccac0, IsOpen = True, SeatsAmount = 84, LiftingTime = 186, QueueTime = 92, ConnectedSlopes =  }</Message>
          <StackTrace>   at BL.Tests.LiftsServiceTest.TestGetLiftInfoAsync(UInt32 userID, Lift lift, Mock`1 checkPermissionServiceMock, Mock`1 liftsRepositoryStub, Mock`1 liftsSlopesRepositoryStub, LiftsService sut) in /mnt/c/Users/alena/Desktop/7_sem/testing_and_debugging/SkiResort/BL.Tests/LiftsServiceTest.cs:line 42
   at System.Threading.Tasks.Task.&lt;&gt;c.&lt;ThrowAsync&gt;b__128_0(Object state)</StackTrace>
        </ErrorInfo>
      </Output>
    </UnitTestResult>
    <UnitTestResult executionId="9bb140c9-a883-4f26-bafa-a94064870c27" testId="0eeef75f-6e38-7893-a8fe-cff3e0a970a7" testName="BL.Tests.UsersServiceTests.TestRegisterOk" computerName="DESKTOP-TJ9D65N" duration="00:00:00.0136022" startTime="2022-11-03T11:09:58.1848500+03:00" endTime="2022-11-03T11:09:58.1848501+03:00" testType="13cdc9d9-ddb5-4fa4-a97d-d965ccfc6d4b" outcome="Passed" testListId="8c84fa94-04c1-424b-9868-57a2d4851a1d" relativeResultsDirectory="9bb140c9-a883-4f26-bafa-a94064870c27" />
    <UnitTestResult executionId="64762a9c-f5c6-4ef0-87f5-f8195ab34729" testId="644ec43e-70cd-c82d-42e7-0d990be1414d" testName="BL.Tests.CheckPermissionsServiceTests.AuthorizedHasAccessToAuthorizedFunctions(functionName: &quot;SendMessageAsync&quot;)" computerName="DESKTOP-TJ9D65N" duration="00:00:00.0023539" startTime="2022-11-03T11:09:58.2951402+03:00" endTime="2022-11-03T11:09:58.2951403+03:00" testType="13cdc9d9-ddb5-4fa4-a97d-d965ccfc6d4b" outcome="Passed" testListId="8c84fa94-04c1-424b-9868-57a2d4851a1d" relativeResultsDirectory="64762a9c-f5c6-4ef0-87f5-f8195ab34729" />
    <UnitTestResult executionId="a2e53529-faea-4db1-a6a2-47816e07a587" testId="aa28a6b3-21d3-aa45-24d3-bef2facbc899" testName="BL.Tests.CheckPermissionsServiceTests.AuthorizedHasAccessToAuthorizedFunctions(functionName: &quot;LogOutAsync&quot;)" computerName="DESKTOP-TJ9D65N" duration="00:00:00.0014466" startTime="2022-11-03T11:09:58.3062564+03:00" endTime="2022-11-03T11:09:58.3062566+03:00" testType="13cdc9d9-ddb5-4fa4-a97d-d965ccfc6d4b" outcome="Passed" testListId="8c84fa94-04c1-424b-9868-57a2d4851a1d" relativeResultsDirectory="a2e53529-faea-4db1-a6a2-47816e07a587" />
    <UnitTestResult executionId="dbd04b96-3ea5-435b-86f8-68590249fc8e" testId="229812f5-9a73-5335-11f5-31330d1348a5" testName="BL.Tests.CheckPermissionsServiceTests.UnauthorizedHasNoAccessToAdminSkiPatrolFunctions(functionName: &quot;GetMessagesAsync&quot;)" computerName="DESKTOP-TJ9D65N" duration="00:00:00.0027799" startTime="2022-11-03T11:09:58.1389174+03:00" endTime="2022-11-03T11:09:58.1389175+03:00" testType="13cdc9d9-ddb5-4fa4-a97d-d965ccfc6d4b" outcome="Passed" testListId="8c84fa94-04c1-424b-9868-57a2d4851a1d" relativeResultsDirectory="dbd04b96-3ea5-435b-86f8-68590249fc8e" />
    <UnitTestResult executionId="687377e4-9a99-433d-909f-0d8a195fc348" testId="492c0393-35b4-df26-a537-21ca08302f3c" testName="BL.Tests.CheckPermissionsServiceTests.SkiPatrolHasNoAccessToAdminFunctions" computerName="DESKTOP-TJ9D65N" duration="00:00:00.0023896" startTime="2022-11-03T11:09:58.3330096+03:00" endTime="2022-11-03T11:09:58.3330097+03:00" testType="13cdc9d9-ddb5-4fa4-a97d-d965ccfc6d4b" outcome="Passed" testListId="8c84fa94-04c1-424b-9868-57a2d4851a1d" relativeResultsDirectory="687377e4-9a99-433d-909f-0d8a195fc348" />
    <UnitTestResult executionId="dbfab93a-c207-4613-8cf0-7419ac53063f" testId="3a015387-c10b-ee9f-2719-5741a8250efb" testName="BL.Tests.TurnstilesServiceTest.TestAdminUpdateTurnstileAsync(userID: 178, turnstile: Turnstile { TurnstileID = 83, LiftID = 95, IsOpen = True }, checkPermissionServiceMock: Mock&lt;ICheckPermissionService:14&gt;, turnstilesRepositoryStub: Mock&lt;ITurnstilesRepository:8&gt;, sut: TurnstilesService { })" computerName="DESKTOP-TJ9D65N" duration="00:00:00.0064602" startTime="2022-11-03T11:09:58.1655662+03:00" endTime="2022-11-03T11:09:58.1655663+03:00" testType="13cdc9d9-ddb5-4fa4-a97d-d965ccfc6d4b" outcome="Passed" testListId="8c84fa94-04c1-424b-9868-57a2d4851a1d" relativeResultsDirectory="dbfab93a-c207-4613-8cf0-7419ac53063f" />
    <UnitTestResult executionId="3467fe9a-343c-4e97-96b6-5b6538c1addd" testId="719f52c1-512d-d61b-56ff-799885ef888f" testName="BL.Tests.LiftsServiceTest.TestGetLiftsInfoAsync(userID: 205, initialLifts: [Lift { LiftID = 249, LiftName = liftName66ccfc38-7f22-418a-b1bf-4d1c6d8b6820, IsOpen = True, SeatsAmount = 98, LiftingTime = 181, QueueTime = 106, ConnectedSlopes =  }, Lift { LiftID = 19, LiftName = liftNamed673eb08-f819-4ae0-8fbd-ff54cd6bf30d, IsOpen = False, SeatsAmount = 125, LiftingTime = 3, QueueTime = 95, ConnectedSlopes =  }, Lift { LiftID = 101, LiftName = liftNameda18d9bf-e74e-440a-8696-7961da7b3fbe, IsOpen = True, SeatsAmount = 211, LiftingTime = 132, QueueTime = 47, ConnectedSlopes =  }], checkPermissionServiceMock: Mock&lt;ICheckPermissionService:2&gt;, liftsRepositoryStub: Mock&lt;ILiftsRepository:2&gt;, liftsSlopesRepositoryStub: Mock&lt;ILiftsSlopesRepository:2&gt;, sut: LiftsService { })" computerName="DESKTOP-TJ9D65N" duration="00:00:00.0522325" startTime="2022-11-03T11:09:58.1456917+03:00" endTime="2022-11-03T11:09:58.1456918+03:00" testType="13cdc9d9-ddb5-4fa4-a97d-d965ccfc6d4b" outcome="Passed" testListId="8c84fa94-04c1-424b-9868-57a2d4851a1d" relativeResultsDirectory="3467fe9a-343c-4e97-96b6-5b6538c1addd" />
    <UnitTestResult executionId="8235d515-8afe-41ef-9860-de12a222d512" testId="eaabd2fc-2f4b-5689-59c8-c7ad34a8f634" testName="BL.Tests.CheckPermissionsServiceTests.UnauthorizedHasNoAccessToAuthorizedFunctions(functionName: &quot;SendMessageAsync&quot;)" computerName="DESKTOP-TJ9D65N" duration="00:00:00.0039931" startTime="2022-11-03T11:09:58.1442460+03:00" endTime="2022-11-03T11:09:58.1442461+03:00" testType="13cdc9d9-ddb5-4fa4-a97d-d965ccfc6d4b" outcome="Passed" testListId="8c84fa94-04c1-424b-9868-57a2d4851a1d" relativeResultsDirectory="8235d515-8afe-41ef-9860-de12a222d512" />
    <UnitTestResult executionId="3d308608-f491-419f-8770-09063f73362c" testId="ab5ad10d-a1e8-91ef-3bf7-37aca01f3929" testName="BL.Tests.LiftsServiceTest.TestAdminAddAutoIncrementLiftAsync(userID: 87, lift: Lift { LiftID = 98, LiftName = liftNamebe89b3ec-117d-4b2a-8424-4a2f9d9f4dd6, IsOpen = True, SeatsAmount = 35, LiftingTime = 41, QueueTime = 76, ConnectedSlopes =  }, checkPermissionServiceMock: Mock&lt;ICheckPermissionService:5&gt;, liftsRepositoryStub: Mock&lt;ILiftsRepository:5&gt;, sut: LiftsService { })" computerName="DESKTOP-TJ9D65N" duration="00:00:00.0104695" startTime="2022-11-03T11:09:58.1716091+03:00" endTime="2022-11-03T11:09:58.1716092+03:00" testType="13cdc9d9-ddb5-4fa4-a97d-d965ccfc6d4b" outcome="Passed" testListId="8c84fa94-04c1-424b-9868-57a2d4851a1d" relativeResultsDirectory="3d308608-f491-419f-8770-09063f73362c" />
    <UnitTestResult executionId="b157dd30-9ee6-4068-b89a-a51616c54371" testId="8184bd30-991c-b78d-b4ec-99a485eac0dd" testName="BL.Tests.UsersServiceTests.TestRegisterUserWithNoEmail" computerName="DESKTOP-TJ9D65N" duration="00:00:00.0033279" startTime="2022-11-03T11:09:58.1387571+03:00" endTime="2022-11-03T11:09:58.1387571+03:00" testType="13cdc9d9-ddb5-4fa4-a97d-d965ccfc6d4b" outcome="Passed" testListId="8c84fa94-04c1-424b-9868-57a2d4851a1d" relativeResultsDirectory="b157dd30-9ee6-4068-b89a-a51616c54371" />
  </Results>
  <TestDefinitions>
    <UnitTest name="BL.Tests.SlopesServiceTest.TestAdminDeleteSlopeAsync(userID: 37, slope: Slope { SlopeID = 101, SlopeName = slopeName50936ab6-58a7-42a7-933c-b1276c48d8e3, IsOpen = True, DifficultyLevel = 19, ConnectedLifts =  }, checkPermissionServiceMock: Mock&lt;ICheckPermissionService:9&gt;, slopesRepositoryStub: Mock&lt;ISlopesRepository:7&gt;, liftsSlopesRepositoryStub: Mock&lt;ILiftsSlopesRepository:12&gt;, sut: SlopesService { })" storage="/mnt/c/users/alena/desktop/7_sem/testing_and_debugging/skiresort/bl.tests/bin/debug/net6.0/bl.tests.dll" id="d4ab6670-1adc-4ecb-f996-03b87875a178">
      <Execution id="aa443e33-9d57-438a-a9d5-4c837692b0cf" />
      <TestMethod codeBase="/mnt/c/Users/alena/Desktop/7_sem/testing_and_debugging/SkiResort/BL.Tests/bin/Debug/net6.0/BL.Tests.dll" adapterTypeName="executor://xunit/VsTestRunner2/netcoreapp" className="BL.Tests.SlopesServiceTest" name="TestAdminDeleteSlopeAsync" />
    </UnitTest>
    <UnitTest name="BL.Tests.CheckPermissionsServiceTests.AuthorizedHasNoAccessToAdminSkiPatrolFunctions(functionName: &quot;MarkMessageReadByUserAsync&quot;)" storage="/mnt/c/users/alena/desktop/7_sem/testing_and_debugging/skiresort/bl.tests/bin/debug/net6.0/bl.tests.dll" id="9c7df5e2-1b23-ebea-889f-b78ca86b60ab">
      <Execution id="e6c7b4a7-1110-4738-a6d8-264510551830" />
      <TestMethod codeBase="/mnt/c/Users/alena/Desktop/7_sem/testing_and_debugging/SkiResort/BL.Tests/bin/Debug/net6.0/BL.Tests.dll" adapterTypeName="executor://xunit/VsTestRunner2/netcoreapp" className="BL.Tests.CheckPermissionsServiceTests" name="AuthorizedHasNoAccessToAdminSkiPatrolFunctions" />
    </UnitTest>
    <UnitTest name="BL.Tests.CheckPermissionsServiceTests.UnauthorizedHasNoAccessToAdminSkiPatrolFunctions(functionName: &quot;MarkMessageReadByUserAsync&quot;)" storage="/mnt/c/users/alena/desktop/7_sem/testing_and_debugging/skiresort/bl.tests/bin/debug/net6.0/bl.tests.dll" id="a19a5fcf-c5d2-7d44-5d7d-84403042f4e0">
      <Execution id="5930b6b3-201e-4096-a7c6-4842d04c4518" />
      <TestMethod codeBase="/mnt/c/Users/alena/Desktop/7_sem/testing_and_debugging/SkiResort/BL.Tests/bin/Debug/net6.0/BL.Tests.dll" adapterTypeName="executor://xunit/VsTestRunner2/netcoreapp" className="BL.Tests.CheckPermissionsServiceTests" name="UnauthorizedHasNoAccessToAdminSkiPatrolFunctions" />
    </UnitTest>
    <UnitTest name="BL.Tests.SlopesServiceTest.TestGetSlopeInfoAsync(userID: 231, slope: Slope { SlopeID = 108, SlopeName = slopeName10b58a4b-ff8a-44b9-b1a0-cf84b4805a4d, IsOpen = True, DifficultyLevel = 6, ConnectedLifts =  }, checkPermissionServiceMock: Mock&lt;ICheckPermissionService:6&gt;, slopesRepositoryStub: Mock&lt;ISlopesRepository:4&gt;, liftsSlopesRepositoryStub: Mock&lt;ILiftsSlopesRepository:9&gt;, sut: SlopesService { })" storage="/mnt/c/users/alena/desktop/7_sem/testing_and_debugging/skiresort/bl.tests/bin/debug/net6.0/bl.tests.dll" id="7cecf84f-c67a-9039-2504-0861678e263c">
      <Execution id="52b43f08-90ec-44a4-a5d8-838fcbbbae4c" />
      <TestMethod codeBase="/mnt/c/Users/alena/Desktop/7_sem/testing_and_debugging/SkiResort/BL.Tests/bin/Debug/net6.0/BL.Tests.dll" adapterTypeName="executor://xunit/VsTestRunner2/netcoreapp" className="BL.Tests.SlopesServiceTest" name="TestGetSlopeInfoAsync" />
    </UnitTest>
    <UnitTest name="BL.Tests.CheckPermissionsServiceTests.AuthorizedHasNoAccessToAdminSkiPatrolFunctions(functionName: &quot;GetMessagesAsync&quot;)" storage="/mnt/c/users/alena/desktop/7_sem/testing_and_debugging/skiresort/bl.tests/bin/debug/net6.0/bl.tests.dll" id="2602613f-c8e2-a6d9-fcf7-5b27d4a770a6">
      <Execution id="5a5cebc0-5eb8-4bf9-b65b-dc6e9be9143e" />
      <TestMethod codeBase="/mnt/c/Users/alena/Desktop/7_sem/testing_and_debugging/SkiResort/BL.Tests/bin/Debug/net6.0/BL.Tests.dll" adapterTypeName="executor://xunit/VsTestRunner2/netcoreapp" className="BL.Tests.CheckPermissionsServiceTests" name="AuthorizedHasNoAccessToAdminSkiPatrolFunctions" />
    </UnitTest>
    <UnitTest name="BL.Tests.CheckPermissionsServiceTests.AuthorizedHasNoAccessToAdminFunctions" storage="/mnt/c/users/alena/desktop/7_sem/testing_and_debugging/skiresort/bl.tests/bin/debug/net6.0/bl.tests.dll" id="a2e59116-cb53-1d70-9cb8-21c286516866">
      <Execution id="45958af0-9a4a-4d32-8660-219ab0dc8d73" />
      <TestMethod codeBase="/mnt/c/Users/alena/Desktop/7_sem/testing_and_debugging/SkiResort/BL.Tests/bin/Debug/net6.0/BL.Tests.dll" adapterTypeName="executor://xunit/VsTestRunner2/netcoreapp" className="BL.Tests.CheckPermissionsServiceTests" name="AuthorizedHasNoAccessToAdminFunctions" />
    </UnitTest>
    <UnitTest name="BL.Tests.CheckPermissionsServiceTests.SkiPatrolHasAccessToAdminSkiPatrolFunctions(functionName: &quot;GetMessagesAsync&quot;)" storage="/mnt/c/users/alena/desktop/7_sem/testing_and_debugging/skiresort/bl.tests/bin/debug/net6.0/bl.tests.dll" id="c36970dc-93f7-753e-fa47-157133b01644">
      <Execution id="f64893e3-7ba0-4a5c-b614-f79ed5317ec9" />
      <TestMethod codeBase="/mnt/c/Users/alena/Desktop/7_sem/testing_and_debugging/SkiResort/BL.Tests/bin/Debug/net6.0/BL.Tests.dll" adapterTypeName="executor://xunit/VsTestRunner2/netcoreapp" className="BL.Tests.CheckPermissionsServiceTests" name="SkiPatrolHasAccessToAdminSkiPatrolFunctions" />
    </UnitTest>
    <UnitTest name="BL.Tests.CheckPermissionsServiceTests.AdminHasAccessToAllFunctions" storage="/mnt/c/users/alena/desktop/7_sem/testing_and_debugging/skiresort/bl.tests/bin/debug/net6.0/bl.tests.dll" id="f3efc418-a8a6-c7b7-9bac-90b33aa8472f">
      <Execution id="5d36b018-b568-4a7a-b8d2-a294c609bffa" />
      <TestMethod codeBase="/mnt/c/Users/alena/Desktop/7_sem/testing_and_debugging/SkiResort/BL.Tests/bin/Debug/net6.0/BL.Tests.dll" adapterTypeName="executor://xunit/VsTestRunner2/netcoreapp" className="BL.Tests.CheckPermissionsServiceTests" name="AdminHasAccessToAllFunctions" />
    </UnitTest>
    <UnitTest name="BL.Tests.UsersServiceTests.TestRegisterUserWithNoPassword" storage="/mnt/c/users/alena/desktop/7_sem/testing_and_debugging/skiresort/bl.tests/bin/debug/net6.0/bl.tests.dll" id="f44a1b21-8efc-bfac-63b4-d534442def31">
      <Execution id="7f0b56c7-805b-44b7-b676-0de1db0d3150" />
      <TestMethod codeBase="/mnt/c/Users/alena/Desktop/7_sem/testing_and_debugging/SkiResort/BL.Tests/bin/Debug/net6.0/BL.Tests.dll" adapterTypeName="executor://xunit/VsTestRunner2/netcoreapp" className="BL.Tests.UsersServiceTests" name="TestRegisterUserWithNoPassword" />
    </UnitTest>
    <UnitTest name="BL.Tests.UsersServiceTests.TestAdminGetUserByIDAsync" storage="/mnt/c/users/alena/desktop/7_sem/testing_and_debugging/skiresort/bl.tests/bin/debug/net6.0/bl.tests.dll" id="e5497347-2721-b7a6-0bd4-69a9921f6947">
      <Execution id="3f7d36a7-ea22-4576-806b-f462bfe80fa7" />
      <TestMethod codeBase="/mnt/c/Users/alena/Desktop/7_sem/testing_and_debugging/SkiResort/BL.Tests/bin/Debug/net6.0/BL.Tests.dll" adapterTypeName="executor://xunit/VsTestRunner2/netcoreapp" className="BL.Tests.UsersServiceTests" name="TestAdminGetUserByIDAsync" />
    </UnitTest>
    <UnitTest name="BL.Tests.TurnstilesServiceTest.TestAdminUpdateTurnstileAsync(userID: 178, turnstile: Turnstile { TurnstileID = 83, LiftID = 95, IsOpen = True }, checkPermissionServiceMock: Mock&lt;ICheckPermissionService:14&gt;, turnstilesRepositoryStub: Mock&lt;ITurnstilesRepository:8&gt;, sut: TurnstilesService { })" storage="/mnt/c/users/alena/desktop/7_sem/testing_and_debugging/skiresort/bl.tests/bin/debug/net6.0/bl.tests.dll" id="3a015387-c10b-ee9f-2719-5741a8250efb">
      <Execution id="dbfab93a-c207-4613-8cf0-7419ac53063f" />
      <TestMethod codeBase="/mnt/c/Users/alena/Desktop/7_sem/testing_and_debugging/SkiResort/BL.Tests/bin/Debug/net6.0/BL.Tests.dll" adapterTypeName="executor://xunit/VsTestRunner2/netcoreapp" className="BL.Tests.TurnstilesServiceTest" name="TestAdminUpdateTurnstileAsync" />
    </UnitTest>
    <UnitTest name="BL.Tests.LiftsServiceTest.TestGetLiftInfoAsync(userID: 60, lift: Lift { LiftID = 38, LiftName = liftName5d06577f-bfc3-4e18-9bab-2892b87ccac0, IsOpen = True, SeatsAmount = 84, LiftingTime = 186, QueueTime = 92, ConnectedSlopes =  }, checkPermissionServiceMock: Mock&lt;ICheckPermissionService:1&gt;, liftsRepositoryStub: Mock&lt;ILiftsRepository:1&gt;, liftsSlopesRepositoryStub: Mock&lt;ILiftsSlopesRepository:1&gt;, sut: LiftsService { })" storage="/mnt/c/users/alena/desktop/7_sem/testing_and_debugging/skiresort/bl.tests/bin/debug/net6.0/bl.tests.dll" id="64b04b68-5f2a-18db-5279-8a792e334ede">
      <Execution id="1b54e7e3-cf8b-4aa0-87bf-7cfc128f11e9" />
      <TestMethod codeBase="/mnt/c/Users/alena/Desktop/7_sem/testing_and_debugging/SkiResort/BL.Tests/bin/Debug/net6.0/BL.Tests.dll" adapterTypeName="executor://xunit/VsTestRunner2/netcoreapp" className="BL.Tests.LiftsServiceTest" name="TestGetLiftInfoAsync" />
    </UnitTest>
    <UnitTest name="BL.Tests.UsersServiceTests.TestAdminAddAutoIncrementUser" storage="/mnt/c/users/alena/desktop/7_sem/testing_and_debugging/skiresort/bl.tests/bin/debug/net6.0/bl.tests.dll" id="834c739b-eca4-b36d-6a66-5a1bd75377b8">
      <Execution id="f6baabfe-97aa-4bca-ba35-714591a4e827" />
      <TestMethod codeBase="/mnt/c/Users/alena/Desktop/7_sem/testing_and_debugging/SkiResort/BL.Tests/bin/Debug/net6.0/BL.Tests.dll" adapterTypeName="executor://xunit/VsTestRunner2/netcoreapp" className="BL.Tests.UsersServiceTests" name="TestAdminAddAutoIncrementUser" />
    </UnitTest>
    <UnitTest name="BL.Tests.CheckPermissionsServiceTests.UnauthorizedHasNoAccessToAdminSkiPatrolFunctions(functionName: &quot;GetLiftsSlopesInfoAsync&quot;)" storage="/mnt/c/users/alena/desktop/7_sem/testing_and_debugging/skiresort/bl.tests/bin/debug/net6.0/bl.tests.dll" id="387c9729-48c1-486e-5e67-f5d11a9f0db8">
      <Execution id="6011a517-4f3c-4946-8f04-74f1716b0c95" />
      <TestMethod codeBase="/mnt/c/Users/alena/Desktop/7_sem/testing_and_debugging/SkiResort/BL.Tests/bin/Debug/net6.0/BL.Tests.dll" adapterTypeName="executor://xunit/VsTestRunner2/netcoreapp" className="BL.Tests.CheckPermissionsServiceTests" name="UnauthorizedHasNoAccessToAdminSkiPatrolFunctions" />
    </UnitTest>
    <UnitTest name="BL.Tests.SlopesServiceTest.TestAdminAddAutoIncrementSlopeAsync(userID: 175, slope: Slope { SlopeID = 178, SlopeName = slopeName65c25353-8ea1-4c71-9736-ae69ab964a2b, IsOpen = True, DifficultyLevel = 169, ConnectedLifts =  }, checkPermissionServiceMock: Mock&lt;ICheckPermissionService:10&gt;, slopesRepositoryStub: Mock&lt;ISlopesRepository:8&gt;, sut: SlopesService { })" storage="/mnt/c/users/alena/desktop/7_sem/testing_and_debugging/skiresort/bl.tests/bin/debug/net6.0/bl.tests.dll" id="d7c53b80-df4b-ba5e-4131-8e61857d883f">
      <Execution id="0a14d430-c3f6-4b9f-9863-a101a31117c3" />
      <TestMethod codeBase="/mnt/c/Users/alena/Desktop/7_sem/testing_and_debugging/SkiResort/BL.Tests/bin/Debug/net6.0/BL.Tests.dll" adapterTypeName="executor://xunit/VsTestRunner2/netcoreapp" className="BL.Tests.SlopesServiceTest" name="TestAdminAddAutoIncrementSlopeAsync" />
    </UnitTest>
    <UnitTest name="BL.Tests.CheckPermissionsServiceTests.SkiPatrolHasAccessToAdminSkiPatrolFunctions(functionName: &quot;MarkMessageReadByUserAsync&quot;)" storage="/mnt/c/users/alena/desktop/7_sem/testing_and_debugging/skiresort/bl.tests/bin/debug/net6.0/bl.tests.dll" id="60bd668f-04df-da5e-b79b-5d9aedb5234d">
      <Execution id="241f6fb7-5e3d-4c3c-910d-fbefed2f8b62" />
      <TestMethod codeBase="/mnt/c/Users/alena/Desktop/7_sem/testing_and_debugging/SkiResort/BL.Tests/bin/Debug/net6.0/BL.Tests.dll" adapterTypeName="executor://xunit/VsTestRunner2/netcoreapp" className="BL.Tests.CheckPermissionsServiceTests" name="SkiPatrolHasAccessToAdminSkiPatrolFunctions" />
    </UnitTest>
    <UnitTest name="BL.Tests.TurnstilesServiceTest.TestAdminGetTurnstileAsync(userID: 244, turnstile: Turnstile { TurnstileID = 176, LiftID = 20, IsOpen = True }, checkPermissionServiceMock: Mock&lt;ICheckPermissionService:12&gt;, turnstilesRepositoryStub: Mock&lt;ITurnstilesRepository:6&gt;, sut: TurnstilesService { })" storage="/mnt/c/users/alena/desktop/7_sem/testing_and_debugging/skiresort/bl.tests/bin/debug/net6.0/bl.tests.dll" id="b72f15c7-e9ae-c941-8a55-b036db4a423e">
      <Execution id="f990b4b3-a854-44f5-84dc-b5dc4c1c48df" />
      <TestMethod codeBase="/mnt/c/Users/alena/Desktop/7_sem/testing_and_debugging/SkiResort/BL.Tests/bin/Debug/net6.0/BL.Tests.dll" adapterTypeName="executor://xunit/VsTestRunner2/netcoreapp" className="BL.Tests.TurnstilesServiceTest" name="TestAdminGetTurnstileAsync" />
    </UnitTest>
    <UnitTest name="BL.Tests.CheckPermissionsServiceTests.UnauthorizedHasNoAccessToAdminFunctions" storage="/mnt/c/users/alena/desktop/7_sem/testing_and_debugging/skiresort/bl.tests/bin/debug/net6.0/bl.tests.dll" id="e2d7e5be-3dae-33ae-fb17-c704b6fd58d6">
      <Execution id="2f968202-edae-4d8b-8068-c01c687a5121" />
      <TestMethod codeBase="/mnt/c/Users/alena/Desktop/7_sem/testing_and_debugging/SkiResort/BL.Tests/bin/Debug/net6.0/BL.Tests.dll" adapterTypeName="executor://xunit/VsTestRunner2/netcoreapp" className="BL.Tests.CheckPermissionsServiceTests" name="UnauthorizedHasNoAccessToAdminFunctions" />
    </UnitTest>
    <UnitTest name="BL.Tests.UsersServiceTests.TestLogInWithWrongPassword" storage="/mnt/c/users/alena/desktop/7_sem/testing_and_debugging/skiresort/bl.tests/bin/debug/net6.0/bl.tests.dll" id="69340bb6-3645-f9dd-971e-29d8b2a009bb">
      <Execution id="f98ea7a5-f80d-41e8-85b9-82c3381eff2a" />
      <TestMethod codeBase="/mnt/c/Users/alena/Desktop/7_sem/testing_and_debugging/SkiResort/BL.Tests/bin/Debug/net6.0/BL.Tests.dll" adapterTypeName="executor://xunit/VsTestRunner2/netcoreapp" className="BL.Tests.UsersServiceTests" name="TestLogInWithWrongPassword" />
    </UnitTest>
    <UnitTest name="BL.Tests.CheckPermissionsServiceTests.SkiPatrolHasAccessToAdminSkiPatrolFunctions(functionName: &quot;GetLiftsSlopesInfoAsync&quot;)" storage="/mnt/c/users/alena/desktop/7_sem/testing_and_debugging/skiresort/bl.tests/bin/debug/net6.0/bl.tests.dll" id="2d706594-f2b3-b3c8-21d4-86c9798c3306">
      <Execution id="68e54813-f029-4d30-af56-302ef6566850" />
      <TestMethod codeBase="/mnt/c/Users/alena/Desktop/7_sem/testing_and_debugging/SkiResort/BL.Tests/bin/Debug/net6.0/BL.Tests.dll" adapterTypeName="executor://xunit/VsTestRunner2/netcoreapp" className="BL.Tests.CheckPermissionsServiceTests" name="SkiPatrolHasAccessToAdminSkiPatrolFunctions" />
    </UnitTest>
    <UnitTest name="BL.Tests.CheckPermissionsServiceTests.SkiPatrolHasNoAccessToAdminFunctions" storage="/mnt/c/users/alena/desktop/7_sem/testing_and_debugging/skiresort/bl.tests/bin/debug/net6.0/bl.tests.dll" id="492c0393-35b4-df26-a537-21ca08302f3c">
      <Execution id="687377e4-9a99-433d-909f-0d8a195fc348" />
      <TestMethod codeBase="/mnt/c/Users/alena/Desktop/7_sem/testing_and_debugging/SkiResort/BL.Tests/bin/Debug/net6.0/BL.Tests.dll" adapterTypeName="executor://xunit/VsTestRunner2/netcoreapp" className="BL.Tests.CheckPermissionsServiceTests" name="SkiPatrolHasNoAccessToAdminFunctions" />
    </UnitTest>
    <UnitTest name="BL.Tests.UsersServiceTests.TestAdminDeleteUser" storage="/mnt/c/users/alena/desktop/7_sem/testing_and_debugging/skiresort/bl.tests/bin/debug/net6.0/bl.tests.dll" id="18fa8c62-e27d-e1fc-8182-4d7db62b008d">
      <Execution id="bb5a7b88-a74a-449d-8cd3-81f94e41c0ec" />
      <TestMethod codeBase="/mnt/c/Users/alena/Desktop/7_sem/testing_and_debugging/SkiResort/BL.Tests/bin/Debug/net6.0/BL.Tests.dll" adapterTypeName="executor://xunit/VsTestRunner2/netcoreapp" className="BL.Tests.UsersServiceTests" name="TestAdminDeleteUser" />
    </UnitTest>
    <UnitTest name="BL.Tests.TurnstilesServiceTest.TestAdminDeleteTurnstileAsync(userID: 91, turnstile: Turnstile { TurnstileID = 195, LiftID = 36, IsOpen = True }, checkPermissionServiceMock: Mock&lt;ICheckPermissionService:15&gt;, turnstilesRepositoryStub: Mock&lt;ITurnstilesRepository:9&gt;, sut: TurnstilesService { })" storage="/mnt/c/users/alena/desktop/7_sem/testing_and_debugging/skiresort/bl.tests/bin/debug/net6.0/bl.tests.dll" id="464349bb-6a31-f7ba-6a48-b07db9ba4297">
      <Execution id="556ccd50-1419-4d2c-a3eb-7f19275d4756" />
      <TestMethod codeBase="/mnt/c/Users/alena/Desktop/7_sem/testing_and_debugging/SkiResort/BL.Tests/bin/Debug/net6.0/BL.Tests.dll" adapterTypeName="executor://xunit/VsTestRunner2/netcoreapp" className="BL.Tests.TurnstilesServiceTest" name="TestAdminDeleteTurnstileAsync" />
    </UnitTest>
    <UnitTest name="BL.Tests.SlopesServiceTest.TestUpdateSlopeInfoAsync(userID: 240, slope: Slope { SlopeID = 30, SlopeName = slopeNamedc6b6dc7-4d7e-4c62-aa92-1d07ba63db8a, IsOpen = True, DifficultyLevel = 42, ConnectedLifts =  }, checkPermissionServiceMock: Mock&lt;ICheckPermissionService:8&gt;, slopesRepositoryStub: Mock&lt;ISlopesRepository:6&gt;, sut: SlopesService { })" storage="/mnt/c/users/alena/desktop/7_sem/testing_and_debugging/skiresort/bl.tests/bin/debug/net6.0/bl.tests.dll" id="042a5c7e-9b6b-460f-a966-7e71427efe98">
      <Execution id="21495f16-3bb5-43d7-9c8d-1ab2b7be6c32" />
      <TestMethod codeBase="/mnt/c/Users/alena/Desktop/7_sem/testing_and_debugging/SkiResort/BL.Tests/bin/Debug/net6.0/BL.Tests.dll" adapterTypeName="executor://xunit/VsTestRunner2/netcoreapp" className="BL.Tests.SlopesServiceTest" name="TestUpdateSlopeInfoAsync" />
    </UnitTest>
    <UnitTest name="BL.Tests.SlopesServiceTest.TestAdminAddSlopeAsync(userID: 244, slope: Slope { SlopeID = 188, SlopeName = slopeName2e38118f-b528-49d3-a8fa-59cb4d359418, IsOpen = True, DifficultyLevel = 126, ConnectedLifts =  }, checkPermissionServiceMock: Mock&lt;ICheckPermissionService:11&gt;, slopesRepositoryStub: Mock&lt;ISlopesRepository:9&gt;, sut: SlopesService { })" storage="/mnt/c/users/alena/desktop/7_sem/testing_and_debugging/skiresort/bl.tests/bin/debug/net6.0/bl.tests.dll" id="528ecc10-af15-d985-bd1c-cb9e75e4b3ce">
      <Execution id="478746d5-88f0-4890-8077-e807789ca6a2" />
      <TestMethod codeBase="/mnt/c/Users/alena/Desktop/7_sem/testing_and_debugging/SkiResort/BL.Tests/bin/Debug/net6.0/BL.Tests.dll" adapterTypeName="executor://xunit/VsTestRunner2/netcoreapp" className="BL.Tests.SlopesServiceTest" name="TestAdminAddSlopeAsync" />
    </UnitTest>
    <UnitTest name="BL.Tests.CheckPermissionsServiceTests.AuthorizedHasAccessToAuthorizedFunctions(functionName: &quot;LogOutAsync&quot;)" storage="/mnt/c/users/alena/desktop/7_sem/testing_and_debugging/skiresort/bl.tests/bin/debug/net6.0/bl.tests.dll" id="aa28a6b3-21d3-aa45-24d3-bef2facbc899">
      <Execution id="a2e53529-faea-4db1-a6a2-47816e07a587" />
      <TestMethod codeBase="/mnt/c/Users/alena/Desktop/7_sem/testing_and_debugging/SkiResort/BL.Tests/bin/Debug/net6.0/BL.Tests.dll" adapterTypeName="executor://xunit/VsTestRunner2/netcoreapp" className="BL.Tests.CheckPermissionsServiceTests" name="AuthorizedHasAccessToAuthorizedFunctions" />
    </UnitTest>
    <UnitTest name="BL.Tests.LiftsServiceTest.TestAdminAddAutoIncrementLiftAsync(userID: 87, lift: Lift { LiftID = 98, LiftName = liftNamebe89b3ec-117d-4b2a-8424-4a2f9d9f4dd6, IsOpen = True, SeatsAmount = 35, LiftingTime = 41, QueueTime = 76, ConnectedSlopes =  }, checkPermissionServiceMock: Mock&lt;ICheckPermissionService:5&gt;, liftsRepositoryStub: Mock&lt;ILiftsRepository:5&gt;, sut: LiftsService { })" storage="/mnt/c/users/alena/desktop/7_sem/testing_and_debugging/skiresort/bl.tests/bin/debug/net6.0/bl.tests.dll" id="ab5ad10d-a1e8-91ef-3bf7-37aca01f3929">
      <Execution id="3d308608-f491-419f-8770-09063f73362c" />
      <TestMethod codeBase="/mnt/c/Users/alena/Desktop/7_sem/testing_and_debugging/SkiResort/BL.Tests/bin/Debug/net6.0/BL.Tests.dll" adapterTypeName="executor://xunit/VsTestRunner2/netcoreapp" className="BL.Tests.LiftsServiceTest" name="TestAdminAddAutoIncrementLiftAsync" />
    </UnitTest>
    <UnitTest name="BL.Tests.LiftsServiceTest.TestGetLiftsInfoAsync(userID: 205, initialLifts: [Lift { LiftID = 249, LiftName = liftName66ccfc38-7f22-418a-b1bf-4d1c6d8b6820, IsOpen = True, SeatsAmount = 98, LiftingTime = 181, QueueTime = 106, ConnectedSlopes =  }, Lift { LiftID = 19, LiftName = liftNamed673eb08-f819-4ae0-8fbd-ff54cd6bf30d, IsOpen = False, SeatsAmount = 125, LiftingTime = 3, QueueTime = 95, ConnectedSlopes =  }, Lift { LiftID = 101, LiftName = ..." storage="/mnt/c/users/alena/desktop/7_sem/testing_and_debugging/skiresort/bl.tests/bin/debug/net6.0/bl.tests.dll" id="719f52c1-512d-d61b-56ff-799885ef888f">
      <Execution id="3467fe9a-343c-4e97-96b6-5b6538c1addd" />
      <TestMethod codeBase="/mnt/c/Users/alena/Desktop/7_sem/testing_and_debugging/SkiResort/BL.Tests/bin/Debug/net6.0/BL.Tests.dll" adapterTypeName="executor://xunit/VsTestRunner2/netcoreapp" className="BL.Tests.LiftsServiceTest" name="TestGetLiftsInfoAsync" />
    </UnitTest>
    <UnitTest name="BL.Tests.UsersServiceTests.TestAdminUpdateUser" storage="/mnt/c/users/alena/desktop/7_sem/testing_and_debugging/skiresort/bl.tests/bin/debug/net6.0/bl.tests.dll" id="06d0bc3a-24a0-fb7f-4277-e9ae6d21c7dd">
      <Execution id="dbfaf873-ccef-4b75-822c-5c51c689919e" />
      <TestMethod codeBase="/mnt/c/Users/alena/Desktop/7_sem/testing_and_debugging/SkiResort/BL.Tests/bin/Debug/net6.0/BL.Tests.dll" adapterTypeName="executor://xunit/VsTestRunner2/netcoreapp" className="BL.Tests.UsersServiceTests" name="TestAdminUpdateUser" />
    </UnitTest>
    <UnitTest name="BL.Tests.UsersServiceTests.TestLogInOk" storage="/mnt/c/users/alena/desktop/7_sem/testing_and_debugging/skiresort/bl.tests/bin/debug/net6.0/bl.tests.dll" id="1ca07ad8-f799-c5d4-e7cc-34fd950198a2">
      <Execution id="a490b7f1-e323-4749-9747-bf8e961d28f3" />
      <TestMethod codeBase="/mnt/c/Users/alena/Desktop/7_sem/testing_and_debugging/SkiResort/BL.Tests/bin/Debug/net6.0/BL.Tests.dll" adapterTypeName="executor://xunit/VsTestRunner2/netcoreapp" className="BL.Tests.UsersServiceTests" name="TestLogInOk" />
    </UnitTest>
    <UnitTest name="BL.Tests.UsersServiceTests.TestAdminGetUsers" storage="/mnt/c/users/alena/desktop/7_sem/testing_and_debugging/skiresort/bl.tests/bin/debug/net6.0/bl.tests.dll" id="20ad8570-0170-85de-dcd7-2f109dd7bcd6">
      <Execution id="f04aaabf-c29b-4fa4-b451-a493a41e3e3b" />
      <TestMethod codeBase="/mnt/c/Users/alena/Desktop/7_sem/testing_and_debugging/SkiResort/BL.Tests/bin/Debug/net6.0/BL.Tests.dll" adapterTypeName="executor://xunit/VsTestRunner2/netcoreapp" className="BL.Tests.UsersServiceTests" name="TestAdminGetUsers" />
    </UnitTest>
    <UnitTest name="BL.Tests.CheckPermissionsServiceTests.UnauthorizedHasNoAccessToAdminSkiPatrolFunctions(functionName: &quot;GetMessagesAsync&quot;)" storage="/mnt/c/users/alena/desktop/7_sem/testing_and_debugging/skiresort/bl.tests/bin/debug/net6.0/bl.tests.dll" id="229812f5-9a73-5335-11f5-31330d1348a5">
      <Execution id="dbd04b96-3ea5-435b-86f8-68590249fc8e" />
      <TestMethod codeBase="/mnt/c/Users/alena/Desktop/7_sem/testing_and_debugging/SkiResort/BL.Tests/bin/Debug/net6.0/BL.Tests.dll" adapterTypeName="executor://xunit/VsTestRunner2/netcoreapp" className="BL.Tests.CheckPermissionsServiceTests" name="UnauthorizedHasNoAccessToAdminSkiPatrolFunctions" />
    </UnitTest>
    <UnitTest name="BL.Tests.LiftsServiceTest.TestUpdateLiftInfoAsync(userID: 216, lift: Lift { LiftID = 133, LiftName = liftName59ee7ba3-c2c1-4f7c-aecb-810ffcc23ef6, IsOpen = True, SeatsAmount = 158, LiftingTime = 33, QueueTime = 200, ConnectedSlopes =  }, checkPermissionServiceMock: Mock&lt;ICheckPermissionService:3&gt;, liftsRepositoryStub: Mock&lt;ILiftsRepository:3&gt;, sut: LiftsService { })" storage="/mnt/c/users/alena/desktop/7_sem/testing_and_debugging/skiresort/bl.tests/bin/debug/net6.0/bl.tests.dll" id="4b34f013-69e6-327f-0311-45d10388b43a">
      <Execution id="955d3755-d1bd-4fc6-9d44-5b30547a0673" />
      <TestMethod codeBase="/mnt/c/Users/alena/Desktop/7_sem/testing_and_debugging/SkiResort/BL.Tests/bin/Debug/net6.0/BL.Tests.dll" adapterTypeName="executor://xunit/VsTestRunner2/netcoreapp" className="BL.Tests.LiftsServiceTest" name="TestUpdateLiftInfoAsync" />
    </UnitTest>
    <UnitTest name="BL.Tests.SlopesServiceTest.TestGetSlopesInfoAsync(userID: 155, initialSlopes: [Slope { SlopeID = 159, SlopeName = slopeNamea04b2485-7d75-46e4-8cc3-34b0b3c90c38, IsOpen = True, DifficultyLevel = 154, ConnectedLifts =  }, Slope { SlopeID = 230, SlopeName = slopeNameca7a893b-9b83-47ec-be3b-ba3ac0f27c42, IsOpen = False, DifficultyLevel = 203, ConnectedLifts =  }, Slope { SlopeID = 115, SlopeName = slopeName7deb4219-c59f-4484-a4ee-9e853c99c407, ..." storage="/mnt/c/users/alena/desktop/7_sem/testing_and_debugging/skiresort/bl.tests/bin/debug/net6.0/bl.tests.dll" id="ee6f5e44-a795-f4a9-44de-9a8741cae3d4">
      <Execution id="b2c20595-b404-4482-9d4f-3cff5af55d9e" />
      <TestMethod codeBase="/mnt/c/Users/alena/Desktop/7_sem/testing_and_debugging/SkiResort/BL.Tests/bin/Debug/net6.0/BL.Tests.dll" adapterTypeName="executor://xunit/VsTestRunner2/netcoreapp" className="BL.Tests.SlopesServiceTest" name="TestGetSlopesInfoAsync" />
    </UnitTest>
    <UnitTest name="BL.Tests.CheckPermissionsServiceTests.AuthorizedHasNoAccessToAdminSkiPatrolFunctions(functionName: &quot;GetLiftsSlopesInfoAsync&quot;)" storage="/mnt/c/users/alena/desktop/7_sem/testing_and_debugging/skiresort/bl.tests/bin/debug/net6.0/bl.tests.dll" id="4f297306-d4f3-8d63-e7f4-1ac0b8c58c74">
      <Execution id="d5f9122c-06aa-4388-a553-ba6825f40c59" />
      <TestMethod codeBase="/mnt/c/Users/alena/Desktop/7_sem/testing_and_debugging/SkiResort/BL.Tests/bin/Debug/net6.0/BL.Tests.dll" adapterTypeName="executor://xunit/VsTestRunner2/netcoreapp" className="BL.Tests.CheckPermissionsServiceTests" name="AuthorizedHasNoAccessToAdminSkiPatrolFunctions" />
    </UnitTest>
    <UnitTest name="BL.Tests.LiftsServiceTest.TestAdminDeleteLiftAsync(userID: 135, lift: Lift { LiftID = 184, LiftName = liftName643e7987-e929-4095-b95e-ba89cdb142cf, IsOpen = True, SeatsAmount = 16, LiftingTime = 112, QueueTime = 162, ConnectedSlopes =  }, checkPermissionServiceMock: Mock&lt;ICheckPermissionService:4&gt;, liftsRepositoryStub: Mock&lt;ILiftsRepository:4&gt;, liftsSlopesRepositoryStub: Mock&lt;ILiftsSlopesRepository:4&gt;, sut: LiftsService { })" storage="/mnt/c/users/alena/desktop/7_sem/testing_and_debugging/skiresort/bl.tests/bin/debug/net6.0/bl.tests.dll" id="506b8f91-9b68-6b9f-86d8-7624a38252a2">
      <Execution id="217ba91a-9684-4d1a-9060-0ee2e7d0eb98" />
      <TestMethod codeBase="/mnt/c/Users/alena/Desktop/7_sem/testing_and_debugging/SkiResort/BL.Tests/bin/Debug/net6.0/BL.Tests.dll" adapterTypeName="executor://xunit/VsTestRunner2/netcoreapp" className="BL.Tests.LiftsServiceTest" name="TestAdminDeleteLiftAsync" />
    </UnitTest>
    <UnitTest name="BL.Tests.LiftsSlopesServiceTests.TestGetLiftsSlopesInfoAsync(liftsSlopes: [LiftSlope { RecordID = 93, LiftID = 63, SlopeID = 236 }, LiftSlope { RecordID = 201, LiftID = 195, SlopeID = 74 }, LiftSlope { RecordID = 22, LiftID = 92, SlopeID = 66 }], slopesRepositoryStub: Mock&lt;ISlopesRepository:1&gt;, liftsRepositoryStub: Mock&lt;ILiftsRepository:6&gt;, liftsSlopesRepositoryStub: Mock&lt;ILiftsSlopesRepository:6&gt;)" storage="/mnt/c/users/alena/desktop/7_sem/testing_and_debugging/skiresort/bl.tests/bin/debug/net6.0/bl.tests.dll" id="e429852d-a6ed-7c2a-25fd-cd839b159d56">
      <Execution id="a6c4f1a4-a1d5-422f-a58d-b76317f871fb" />
      <TestMethod codeBase="/mnt/c/Users/alena/Desktop/7_sem/testing_and_debugging/SkiResort/BL.Tests/bin/Debug/net6.0/BL.Tests.dll" adapterTypeName="executor://xunit/VsTestRunner2/netcoreapp" className="BL.Tests.LiftsSlopesServiceTests" name="TestGetLiftsSlopesInfoAsync" />
    </UnitTest>
    <UnitTest name="BL.Tests.UsersServiceTests.TestRegisterOk" storage="/mnt/c/users/alena/desktop/7_sem/testing_and_debugging/skiresort/bl.tests/bin/debug/net6.0/bl.tests.dll" id="0eeef75f-6e38-7893-a8fe-cff3e0a970a7">
      <Execution id="9bb140c9-a883-4f26-bafa-a94064870c27" />
      <TestMethod codeBase="/mnt/c/Users/alena/Desktop/7_sem/testing_and_debugging/SkiResort/BL.Tests/bin/Debug/net6.0/BL.Tests.dll" adapterTypeName="executor://xunit/VsTestRunner2/netcoreapp" className="BL.Tests.UsersServiceTests" name="TestRegisterOk" />
    </UnitTest>
    <UnitTest name="BL.Tests.LiftsSlopesServiceTests.TestAdminAddAutoIncrementLiftSlopeAsync(lift: Lift { LiftID = 172, LiftName = liftName81e04515-ce5a-4171-9b96-470150bd8cca, IsOpen = True, SeatsAmount = 14, LiftingTime = 178, QueueTime = 222, ConnectedSlopes =  }, slope: Slope { SlopeID = 79, SlopeName = slopeName0b241048-6935-4ee5-b320-eeea7ae00e8b, IsOpen = False, DifficultyLevel = 193, ConnectedLifts =  }, slopesRepositoryStub: Mock&lt;ISlopesRepository:3&gt;,..." storage="/mnt/c/users/alena/desktop/7_sem/testing_and_debugging/skiresort/bl.tests/bin/debug/net6.0/bl.tests.dll" id="db6a2442-9df8-1439-6a52-5fa6fadbaf19">
      <Execution id="67147c78-4212-4e24-b339-8326452a5909" />
      <TestMethod codeBase="/mnt/c/Users/alena/Desktop/7_sem/testing_and_debugging/SkiResort/BL.Tests/bin/Debug/net6.0/BL.Tests.dll" adapterTypeName="executor://xunit/VsTestRunner2/netcoreapp" className="BL.Tests.LiftsSlopesServiceTests" name="TestAdminAddAutoIncrementLiftSlopeAsync" />
    </UnitTest>
    <UnitTest name="BL.Tests.CheckPermissionsServiceTests.AuthorizedHasAccessToAuthorizedFunctions(functionName: &quot;SendMessageAsync&quot;)" storage="/mnt/c/users/alena/desktop/7_sem/testing_and_debugging/skiresort/bl.tests/bin/debug/net6.0/bl.tests.dll" id="644ec43e-70cd-c82d-42e7-0d990be1414d">
      <Execution id="64762a9c-f5c6-4ef0-87f5-f8195ab34729" />
      <TestMethod codeBase="/mnt/c/Users/alena/Desktop/7_sem/testing_and_debugging/SkiResort/BL.Tests/bin/Debug/net6.0/BL.Tests.dll" adapterTypeName="executor://xunit/VsTestRunner2/netcoreapp" className="BL.Tests.CheckPermissionsServiceTests" name="AuthorizedHasAccessToAuthorizedFunctions" />
    </UnitTest>
    <UnitTest name="BL.Tests.LiftsSlopesServiceTests.TestAdminDeleteLiftSlopeAsync(lift: Lift { LiftID = 183, LiftName = liftNamee82b2e4d-dc57-4b64-98ac-ad1d5242417b, IsOpen = True, SeatsAmount = 211, LiftingTime = 192, QueueTime = 163, ConnectedSlopes =  }, slope: Slope { SlopeID = 117, SlopeName = slopeName5ad2c9b5-c1c5-48ae-9608-3f6fa39b342c, IsOpen = False, DifficultyLevel = 212, ConnectedLifts =  }, slopesRepositoryStub: Mock&lt;ISlopesRepository:2&gt;, liftsRe..." storage="/mnt/c/users/alena/desktop/7_sem/testing_and_debugging/skiresort/bl.tests/bin/debug/net6.0/bl.tests.dll" id="9158d865-55d8-ef57-3769-ef55c20f4f6f">
      <Execution id="20cc946d-f485-41d7-b4e6-ba53b0c4b3bb" />
      <TestMethod codeBase="/mnt/c/Users/alena/Desktop/7_sem/testing_and_debugging/SkiResort/BL.Tests/bin/Debug/net6.0/BL.Tests.dll" adapterTypeName="executor://xunit/VsTestRunner2/netcoreapp" className="BL.Tests.LiftsSlopesServiceTests" name="TestAdminDeleteLiftSlopeAsync" />
    </UnitTest>
    <UnitTest name="BL.Tests.CheckPermissionsServiceTests.UnauthorizedHasNoAccessToAuthorizedFunctions(functionName: &quot;LogOutAsync&quot;)" storage="/mnt/c/users/alena/desktop/7_sem/testing_and_debugging/skiresort/bl.tests/bin/debug/net6.0/bl.tests.dll" id="fa960c5e-f989-2880-784e-8efe538c5231">
      <Execution id="118bfdd5-cea5-4422-bb38-8f265dfe02e0" />
      <TestMethod codeBase="/mnt/c/Users/alena/Desktop/7_sem/testing_and_debugging/SkiResort/BL.Tests/bin/Debug/net6.0/BL.Tests.dll" adapterTypeName="executor://xunit/VsTestRunner2/netcoreapp" className="BL.Tests.CheckPermissionsServiceTests" name="UnauthorizedHasNoAccessToAuthorizedFunctions" />
    </UnitTest>
    <UnitTest name="BL.Tests.CheckPermissionsServiceTests.UnauthorizedHasNoAccessToAuthorizedFunctions(functionName: &quot;SendMessageAsync&quot;)" storage="/mnt/c/users/alena/desktop/7_sem/testing_and_debugging/skiresort/bl.tests/bin/debug/net6.0/bl.tests.dll" id="eaabd2fc-2f4b-5689-59c8-c7ad34a8f634">
      <Execution id="8235d515-8afe-41ef-9860-de12a222d512" />
      <TestMethod codeBase="/mnt/c/Users/alena/Desktop/7_sem/testing_and_debugging/SkiResort/BL.Tests/bin/Debug/net6.0/BL.Tests.dll" adapterTypeName="executor://xunit/VsTestRunner2/netcoreapp" className="BL.Tests.CheckPermissionsServiceTests" name="UnauthorizedHasNoAccessToAuthorizedFunctions" />
    </UnitTest>
    <UnitTest name="BL.Tests.UsersServiceTests.TestRegisterUserWithRepeatedEmail" storage="/mnt/c/users/alena/desktop/7_sem/testing_and_debugging/skiresort/bl.tests/bin/debug/net6.0/bl.tests.dll" id="894941c1-bfa7-d8f9-c047-1e1ceefe2c2f">
      <Execution id="f59f368f-63ce-47ca-955b-8a76a4e52286" />
      <TestMethod codeBase="/mnt/c/Users/alena/Desktop/7_sem/testing_and_debugging/SkiResort/BL.Tests/bin/Debug/net6.0/BL.Tests.dll" adapterTypeName="executor://xunit/VsTestRunner2/netcoreapp" className="BL.Tests.UsersServiceTests" name="TestRegisterUserWithRepeatedEmail" />
    </UnitTest>
    <UnitTest name="BL.Tests.TurnstilesServiceTest.TestAdminAddAutoIncrementTurnstileAsync(userID: 80, turnstile: Turnstile { TurnstileID = 89, LiftID = 124, IsOpen = True }, checkPermissionServiceMock: Mock&lt;ICheckPermissionService:16&gt;, turnstilesRepositoryStub: Mock&lt;ITurnstilesRepository:10&gt;, sut: TurnstilesService { })" storage="/mnt/c/users/alena/desktop/7_sem/testing_and_debugging/skiresort/bl.tests/bin/debug/net6.0/bl.tests.dll" id="bf8c6670-0e02-2a8a-e156-1ca068be361b">
      <Execution id="b9b87ddd-f7d9-4d27-819f-c576f1812f22" />
      <TestMethod codeBase="/mnt/c/Users/alena/Desktop/7_sem/testing_and_debugging/SkiResort/BL.Tests/bin/Debug/net6.0/BL.Tests.dll" adapterTypeName="executor://xunit/VsTestRunner2/netcoreapp" className="BL.Tests.TurnstilesServiceTest" name="TestAdminAddAutoIncrementTurnstileAsync" />
    </UnitTest>
    <UnitTest name="BL.Tests.TurnstilesServiceTest.TestAdminGetTurnstilesAsync(userID: 184, initialTurnstiles: [Turnstile { TurnstileID = 255, LiftID = 37, IsOpen = True }, Turnstile { TurnstileID = 48, LiftID = 246, IsOpen = False }, Turnstile { TurnstileID = 117, LiftID = 222, IsOpen = True }], checkPermissionServiceMock: Mock&lt;ICheckPermissionService:13&gt;, turnstilesRepositoryStub: Mock&lt;ITurnstilesRepository:7&gt;, sut: TurnstilesService { })" storage="/mnt/c/users/alena/desktop/7_sem/testing_and_debugging/skiresort/bl.tests/bin/debug/net6.0/bl.tests.dll" id="f010b238-8d57-b37b-ca91-7c68583b5067">
      <Execution id="66bc6991-40f6-479a-8894-3001461b5a67" />
      <TestMethod codeBase="/mnt/c/Users/alena/Desktop/7_sem/testing_and_debugging/SkiResort/BL.Tests/bin/Debug/net6.0/BL.Tests.dll" adapterTypeName="executor://xunit/VsTestRunner2/netcoreapp" className="BL.Tests.TurnstilesServiceTest" name="TestAdminGetTurnstilesAsync" />
    </UnitTest>
    <UnitTest name="BL.Tests.UsersServiceTests.TestRegisterUserWithNoEmail" storage="/mnt/c/users/alena/desktop/7_sem/testing_and_debugging/skiresort/bl.tests/bin/debug/net6.0/bl.tests.dll" id="8184bd30-991c-b78d-b4ec-99a485eac0dd">
      <Execution id="b157dd30-9ee6-4068-b89a-a51616c54371" />
      <TestMethod codeBase="/mnt/c/Users/alena/Desktop/7_sem/testing_and_debugging/SkiResort/BL.Tests/bin/Debug/net6.0/BL.Tests.dll" adapterTypeName="executor://xunit/VsTestRunner2/netcoreapp" className="BL.Tests.UsersServiceTests" name="TestRegisterUserWithNoEmail" />
    </UnitTest>
  </TestDefinitions>
  <TestEntries>
    <TestEntry testId="bf8c6670-0e02-2a8a-e156-1ca068be361b" executionId="b9b87ddd-f7d9-4d27-819f-c576f1812f22" testListId="8c84fa94-04c1-424b-9868-57a2d4851a1d" />
    <TestEntry testId="4b34f013-69e6-327f-0311-45d10388b43a" executionId="955d3755-d1bd-4fc6-9d44-5b30547a0673" testListId="8c84fa94-04c1-424b-9868-57a2d4851a1d" />
    <TestEntry testId="4f297306-d4f3-8d63-e7f4-1ac0b8c58c74" executionId="d5f9122c-06aa-4388-a553-ba6825f40c59" testListId="8c84fa94-04c1-424b-9868-57a2d4851a1d" />
    <TestEntry testId="e2d7e5be-3dae-33ae-fb17-c704b6fd58d6" executionId="2f968202-edae-4d8b-8068-c01c687a5121" testListId="8c84fa94-04c1-424b-9868-57a2d4851a1d" />
    <TestEntry testId="a19a5fcf-c5d2-7d44-5d7d-84403042f4e0" executionId="5930b6b3-201e-4096-a7c6-4842d04c4518" testListId="8c84fa94-04c1-424b-9868-57a2d4851a1d" />
    <TestEntry testId="f44a1b21-8efc-bfac-63b4-d534442def31" executionId="7f0b56c7-805b-44b7-b676-0de1db0d3150" testListId="8c84fa94-04c1-424b-9868-57a2d4851a1d" />
    <TestEntry testId="464349bb-6a31-f7ba-6a48-b07db9ba4297" executionId="556ccd50-1419-4d2c-a3eb-7f19275d4756" testListId="8c84fa94-04c1-424b-9868-57a2d4851a1d" />
    <TestEntry testId="2d706594-f2b3-b3c8-21d4-86c9798c3306" executionId="68e54813-f029-4d30-af56-302ef6566850" testListId="8c84fa94-04c1-424b-9868-57a2d4851a1d" />
    <TestEntry testId="7cecf84f-c67a-9039-2504-0861678e263c" executionId="52b43f08-90ec-44a4-a5d8-838fcbbbae4c" testListId="8c84fa94-04c1-424b-9868-57a2d4851a1d" />
    <TestEntry testId="60bd668f-04df-da5e-b79b-5d9aedb5234d" executionId="241f6fb7-5e3d-4c3c-910d-fbefed2f8b62" testListId="8c84fa94-04c1-424b-9868-57a2d4851a1d" />
    <TestEntry testId="db6a2442-9df8-1439-6a52-5fa6fadbaf19" executionId="67147c78-4212-4e24-b339-8326452a5909" testListId="8c84fa94-04c1-424b-9868-57a2d4851a1d" />
    <TestEntry testId="1ca07ad8-f799-c5d4-e7cc-34fd950198a2" executionId="a490b7f1-e323-4749-9747-bf8e961d28f3" testListId="8c84fa94-04c1-424b-9868-57a2d4851a1d" />
    <TestEntry testId="ee6f5e44-a795-f4a9-44de-9a8741cae3d4" executionId="b2c20595-b404-4482-9d4f-3cff5af55d9e" testListId="8c84fa94-04c1-424b-9868-57a2d4851a1d" />
    <TestEntry testId="d7c53b80-df4b-ba5e-4131-8e61857d883f" executionId="0a14d430-c3f6-4b9f-9863-a101a31117c3" testListId="8c84fa94-04c1-424b-9868-57a2d4851a1d" />
    <TestEntry testId="834c739b-eca4-b36d-6a66-5a1bd75377b8" executionId="f6baabfe-97aa-4bca-ba35-714591a4e827" testListId="8c84fa94-04c1-424b-9868-57a2d4851a1d" />
    <TestEntry testId="69340bb6-3645-f9dd-971e-29d8b2a009bb" executionId="f98ea7a5-f80d-41e8-85b9-82c3381eff2a" testListId="8c84fa94-04c1-424b-9868-57a2d4851a1d" />
    <TestEntry testId="a2e59116-cb53-1d70-9cb8-21c286516866" executionId="45958af0-9a4a-4d32-8660-219ab0dc8d73" testListId="8c84fa94-04c1-424b-9868-57a2d4851a1d" />
    <TestEntry testId="fa960c5e-f989-2880-784e-8efe538c5231" executionId="118bfdd5-cea5-4422-bb38-8f265dfe02e0" testListId="8c84fa94-04c1-424b-9868-57a2d4851a1d" />
    <TestEntry testId="e429852d-a6ed-7c2a-25fd-cd839b159d56" executionId="a6c4f1a4-a1d5-422f-a58d-b76317f871fb" testListId="8c84fa94-04c1-424b-9868-57a2d4851a1d" />
    <TestEntry testId="387c9729-48c1-486e-5e67-f5d11a9f0db8" executionId="6011a517-4f3c-4946-8f04-74f1716b0c95" testListId="8c84fa94-04c1-424b-9868-57a2d4851a1d" />
    <TestEntry testId="18fa8c62-e27d-e1fc-8182-4d7db62b008d" executionId="bb5a7b88-a74a-449d-8cd3-81f94e41c0ec" testListId="8c84fa94-04c1-424b-9868-57a2d4851a1d" />
    <TestEntry testId="528ecc10-af15-d985-bd1c-cb9e75e4b3ce" executionId="478746d5-88f0-4890-8077-e807789ca6a2" testListId="8c84fa94-04c1-424b-9868-57a2d4851a1d" />
    <TestEntry testId="2602613f-c8e2-a6d9-fcf7-5b27d4a770a6" executionId="5a5cebc0-5eb8-4bf9-b65b-dc6e9be9143e" testListId="8c84fa94-04c1-424b-9868-57a2d4851a1d" />
    <TestEntry testId="9c7df5e2-1b23-ebea-889f-b78ca86b60ab" executionId="e6c7b4a7-1110-4738-a6d8-264510551830" testListId="8c84fa94-04c1-424b-9868-57a2d4851a1d" />
    <TestEntry testId="20ad8570-0170-85de-dcd7-2f109dd7bcd6" executionId="f04aaabf-c29b-4fa4-b451-a493a41e3e3b" testListId="8c84fa94-04c1-424b-9868-57a2d4851a1d" />
    <TestEntry testId="06d0bc3a-24a0-fb7f-4277-e9ae6d21c7dd" executionId="dbfaf873-ccef-4b75-822c-5c51c689919e" testListId="8c84fa94-04c1-424b-9868-57a2d4851a1d" />
    <TestEntry testId="042a5c7e-9b6b-460f-a966-7e71427efe98" executionId="21495f16-3bb5-43d7-9c8d-1ab2b7be6c32" testListId="8c84fa94-04c1-424b-9868-57a2d4851a1d" />
    <TestEntry testId="506b8f91-9b68-6b9f-86d8-7624a38252a2" executionId="217ba91a-9684-4d1a-9060-0ee2e7d0eb98" testListId="8c84fa94-04c1-424b-9868-57a2d4851a1d" />
    <TestEntry testId="f3efc418-a8a6-c7b7-9bac-90b33aa8472f" executionId="5d36b018-b568-4a7a-b8d2-a294c609bffa" testListId="8c84fa94-04c1-424b-9868-57a2d4851a1d" />
    <TestEntry testId="9158d865-55d8-ef57-3769-ef55c20f4f6f" executionId="20cc946d-f485-41d7-b4e6-ba53b0c4b3bb" testListId="8c84fa94-04c1-424b-9868-57a2d4851a1d" />
    <TestEntry testId="894941c1-bfa7-d8f9-c047-1e1ceefe2c2f" executionId="f59f368f-63ce-47ca-955b-8a76a4e52286" testListId="8c84fa94-04c1-424b-9868-57a2d4851a1d" />
    <TestEntry testId="d4ab6670-1adc-4ecb-f996-03b87875a178" executionId="aa443e33-9d57-438a-a9d5-4c837692b0cf" testListId="8c84fa94-04c1-424b-9868-57a2d4851a1d" />
    <TestEntry testId="e5497347-2721-b7a6-0bd4-69a9921f6947" executionId="3f7d36a7-ea22-4576-806b-f462bfe80fa7" testListId="8c84fa94-04c1-424b-9868-57a2d4851a1d" />
    <TestEntry testId="f010b238-8d57-b37b-ca91-7c68583b5067" executionId="66bc6991-40f6-479a-8894-3001461b5a67" testListId="8c84fa94-04c1-424b-9868-57a2d4851a1d" />
    <TestEntry testId="b72f15c7-e9ae-c941-8a55-b036db4a423e" executionId="f990b4b3-a854-44f5-84dc-b5dc4c1c48df" testListId="8c84fa94-04c1-424b-9868-57a2d4851a1d" />
    <TestEntry testId="c36970dc-93f7-753e-fa47-157133b01644" executionId="f64893e3-7ba0-4a5c-b614-f79ed5317ec9" testListId="8c84fa94-04c1-424b-9868-57a2d4851a1d" />
    <TestEntry testId="64b04b68-5f2a-18db-5279-8a792e334ede" executionId="1b54e7e3-cf8b-4aa0-87bf-7cfc128f11e9" testListId="8c84fa94-04c1-424b-9868-57a2d4851a1d" />
    <TestEntry testId="0eeef75f-6e38-7893-a8fe-cff3e0a970a7" executionId="9bb140c9-a883-4f26-bafa-a94064870c27" testListId="8c84fa94-04c1-424b-9868-57a2d4851a1d" />
    <TestEntry testId="644ec43e-70cd-c82d-42e7-0d990be1414d" executionId="64762a9c-f5c6-4ef0-87f5-f8195ab34729" testListId="8c84fa94-04c1-424b-9868-57a2d4851a1d" />
    <TestEntry testId="aa28a6b3-21d3-aa45-24d3-bef2facbc899" executionId="a2e53529-faea-4db1-a6a2-47816e07a587" testListId="8c84fa94-04c1-424b-9868-57a2d4851a1d" />
    <TestEntry testId="229812f5-9a73-5335-11f5-31330d1348a5" executionId="dbd04b96-3ea5-435b-86f8-68590249fc8e" testListId="8c84fa94-04c1-424b-9868-57a2d4851a1d" />
    <TestEntry testId="492c0393-35b4-df26-a537-21ca08302f3c" executionId="687377e4-9a99-433d-909f-0d8a195fc348" testListId="8c84fa94-04c1-424b-9868-57a2d4851a1d" />
    <TestEntry testId="3a015387-c10b-ee9f-2719-5741a8250efb" executionId="dbfab93a-c207-4613-8cf0-7419ac53063f" testListId="8c84fa94-04c1-424b-9868-57a2d4851a1d" />
    <TestEntry testId="719f52c1-512d-d61b-56ff-799885ef888f" executionId="3467fe9a-343c-4e97-96b6-5b6538c1addd" testListId="8c84fa94-04c1-424b-9868-57a2d4851a1d" />
    <TestEntry testId="eaabd2fc-2f4b-5689-59c8-c7ad34a8f634" executionId="8235d515-8afe-41ef-9860-de12a222d512" testListId="8c84fa94-04c1-424b-9868-57a2d4851a1d" />
    <TestEntry testId="ab5ad10d-a1e8-91ef-3bf7-37aca01f3929" executionId="3d308608-f491-419f-8770-09063f73362c" testListId="8c84fa94-04c1-424b-9868-57a2d4851a1d" />
    <TestEntry testId="8184bd30-991c-b78d-b4ec-99a485eac0dd" executionId="b157dd30-9ee6-4068-b89a-a51616c54371" testListId="8c84fa94-04c1-424b-9868-57a2d4851a1d" />
  </TestEntries>
  <TestLists>
    <TestList name="Results Not in a List" id="8c84fa94-04c1-424b-9868-57a2d4851a1d" />
    <TestList name="All Loaded Results" id="19431567-8539-422a-85d7-44ee4e166bda" />
  </TestLists>
  <ResultSummary outcome="Failed">
    <Counters total="47" executed="47" passed="46" failed="1" error="0" timeout="0" aborted="0" inconclusive="0" passedButRunAborted="0" notRunnable="0" notExecuted="0" disconnected="0" warning="0" completed="0" inProgress="0" pending="0" />
    <Output>
      <StdOut>[xUnit.net 00:00:00.00] xUnit.net VSTest Adapter v2.4.5+1caef2f33e (64-bit .NET 6.0.10)
[xUnit.net 00:00:00.87]   Discovering: BL.Tests
[xUnit.net 00:00:01.08]   Discovered:  BL.Tests
[xUnit.net 00:00:01.08]   Starting:    BL.Tests
[xUnit.net 00:00:01.33]       Assert.NotEqual() Failure
[xUnit.net 00:00:01.33]       Expected: Not Lift { LiftID = 38, LiftName = liftName5d06577f-bfc3-4e18-9bab-2892b87ccac0, IsOpen = True, SeatsAmount = 84, LiftingTime = 186, QueueTime = 92, ConnectedSlopes =  }
[xUnit.net 00:00:01.33]       Actual:   Lift { LiftID = 38, LiftName = liftName5d06577f-bfc3-4e18-9bab-2892b87ccac0, IsOpen = True, SeatsAmount = 84, LiftingTime = 186, QueueTime = 92, ConnectedSlopes =  }
[xUnit.net 00:00:01.33]       Stack Trace:
[xUnit.net 00:00:01.34]         /mnt/c/Users/alena/Desktop/7_sem/testing_and_debugging/SkiResort/BL.Tests/LiftsServiceTest.cs(42,0): at BL.Tests.LiftsServiceTest.TestGetLiftInfoAsync(UInt32 userID, Lift lift, Mock`1 checkPermissionServiceMock, Mock`1 liftsRepositoryStub, Mock`1 liftsSlopesRepositoryStub, LiftsService sut)
[xUnit.net 00:00:01.34]            at System.Threading.Tasks.Task.&lt;&gt;c.&lt;ThrowAsync&gt;b__128_0(Object state)
[xUnit.net 00:00:01.61]   Finished:    BL.Tests
</StdOut>
    </Output>
    <RunInfos>
      <RunInfo computerName="DESKTOP-TJ9D65N" outcome="Error" timestamp="2022-11-03T11:09:58.0748094+03:00">
        <Text>[xUnit.net 00:00:01.33]     BL.Tests.LiftsServiceTest.TestGetLiftInfoAsync(userID: 60, lift: Lift { LiftID = 38, LiftName = liftName5d06577f-bfc3-4e18-9bab-2892b87ccac0, IsOpen = True, SeatsAmount = 84, LiftingTime = 186, QueueTime = 92, ConnectedSlopes =  }, checkPermissionServiceMock: Mock&lt;ICheckPermissionService:1&gt;, liftsRepositoryStub: Mock&lt;ILiftsRepository:1&gt;, liftsSlopesRepositoryStub: Mock&lt;ILiftsSlopesRepository:1&gt;, sut: LiftsService { }) [FAIL]</Text>
      </RunInfo>
    </RunInfos>
  </ResultSummary>
</TestRun>