<?xml version="1.0" encoding="utf-8"?>
<TestRun id="25fef4c7-2524-4d3d-8dfd-e59956e1082c" name="@DESKTOP-TJ9D65N 2022-11-03 20:27:01" xmlns="http://microsoft.com/schemas/VisualStudio/TeamTest/2010">
  <Times creation="2022-11-03T20:27:01.6541401+03:00" queuing="2022-11-03T20:27:01.6541402+03:00" start="2022-11-03T20:26:59.3391936+03:00" finish="2022-11-03T20:27:01.8448828+03:00" />
  <TestSettings name="default" id="240af0b0-b4c2-492f-83cf-4e0d514b3f4a">
    <Deployment runDeploymentRoot="_DESKTOP-TJ9D65N_2022-11-03_20_27_01" />
  </TestSettings>
  <Results>
    <UnitTestResult executionId="3224dfe1-807c-4fb6-bb16-12cc9612fdc3" testId="e2d7e5be-3dae-33ae-fb17-c704b6fd58d6" testName="BL.Tests.CheckPermissionsServiceTests.UnauthorizedHasNoAccessToAdminFunctions" computerName="DESKTOP-TJ9D65N" duration="00:00:00.0021696" startTime="2022-11-03T20:27:01.7385787+03:00" endTime="2022-11-03T20:27:01.7385788+03:00" testType="13cdc9d9-ddb5-4fa4-a97d-d965ccfc6d4b" outcome="Passed" testListId="8c84fa94-04c1-424b-9868-57a2d4851a1d" relativeResultsDirectory="3224dfe1-807c-4fb6-bb16-12cc9612fdc3" />
    <UnitTestResult executionId="8f0d2cc8-56f9-43a8-ada7-700144fc2009" testId="63f3ab46-d6cf-77a7-3f2b-912b45971199" testName="BL.Tests.SlopesServiceTest.TestGetSlopeInfoAsync(userID: 10, slope: Slope { SlopeID = 254, SlopeName = slopeName3f12ef00-420e-4601-93bb-0bdf7ab02810, IsOpen = True, DifficultyLevel = 84, ConnectedLifts =  }, checkPermissionServiceMock: Mock&lt;ICheckPermissionService:6&gt;, slopesRepositoryStub: Mock&lt;ISlopesRepository:4&gt;, liftsSlopesRepositoryStub: Mock&lt;ILiftsSlopesRepository:9&gt;, sut: SlopesService { })" computerName="DESKTOP-TJ9D65N" duration="00:00:00.0087922" startTime="2022-11-03T20:27:01.6067439+03:00" endTime="2022-11-03T20:27:01.6067439+03:00" testType="13cdc9d9-ddb5-4fa4-a97d-d965ccfc6d4b" outcome="Passed" testListId="8c84fa94-04c1-424b-9868-57a2d4851a1d" relativeResultsDirectory="8f0d2cc8-56f9-43a8-ada7-700144fc2009" />
    <UnitTestResult executionId="77869790-9174-4c01-9f72-4fd31d5aa5fc" testId="2d706594-f2b3-b3c8-21d4-86c9798c3306" testName="BL.Tests.CheckPermissionsServiceTests.SkiPatrolHasAccessToAdminSkiPatrolFunctions(functionName: &quot;GetLiftsSlopesInfoAsync&quot;)" computerName="DESKTOP-TJ9D65N" duration="00:00:00.0054529" startTime="2022-11-03T20:27:01.6238288+03:00" endTime="2022-11-03T20:27:01.6238288+03:00" testType="13cdc9d9-ddb5-4fa4-a97d-d965ccfc6d4b" outcome="Passed" testListId="8c84fa94-04c1-424b-9868-57a2d4851a1d" relativeResultsDirectory="77869790-9174-4c01-9f72-4fd31d5aa5fc" />
    <UnitTestResult executionId="da290c46-13b9-4cf0-9abf-f1ea67dac187" testId="8c3c6af1-053d-27ac-56b3-415d9b42a311" testName="BL.Tests.LiftsServiceTest.TestUpdateLiftInfoAsync(userID: 179, lift: Lift { LiftID = 195, LiftName = liftName51800d1d-31ec-471b-87e7-4efecad45999, IsOpen = True, SeatsAmount = 70, LiftingTime = 216, QueueTime = 88, ConnectedSlopes =  }, checkPermissionServiceMock: Mock&lt;ICheckPermissionService:3&gt;, liftsRepositoryStub: Mock&lt;ILiftsRepository:3&gt;, sut: LiftsService { })" computerName="DESKTOP-TJ9D65N" duration="00:00:00.0072633" startTime="2022-11-03T20:27:01.6218524+03:00" endTime="2022-11-03T20:27:01.6218526+03:00" testType="13cdc9d9-ddb5-4fa4-a97d-d965ccfc6d4b" outcome="Passed" testListId="8c84fa94-04c1-424b-9868-57a2d4851a1d" relativeResultsDirectory="da290c46-13b9-4cf0-9abf-f1ea67dac187" />
    <UnitTestResult executionId="9dbd5568-ae2c-4ccf-a394-a338168614ca" testId="e054b794-a20f-cd6c-14e0-6b67c4252b4a" testName="BL.Tests.LiftsSlopesServiceTests.TestAdminDeleteLiftSlopeAsync(lift: Lift { LiftID = 93, LiftName = liftName2d16fe78-4343-45cf-84b4-0389ae1160ac, IsOpen = True, SeatsAmount = 150, LiftingTime = 112, QueueTime = 65, ConnectedSlopes =  }, slope: Slope { SlopeID = 143, SlopeName = slopeNamec6431e67-b9ae-4c8d-836a-28bf4150503a, IsOpen = False, DifficultyLevel = 74, ConnectedLifts =  }, slopesRepositoryStub: Mock&lt;ISlopesRepository:2&gt;, liftsRepositoryStub: Mock&lt;ILiftsRepository:7&gt;, liftsSlopesRepositoryStub: Mock&lt;ILiftsSlopesRepository:7&gt;)" computerName="DESKTOP-TJ9D65N" duration="00:00:00.0080987" startTime="2022-11-03T20:27:01.6050984+03:00" endTime="2022-11-03T20:27:01.6050985+03:00" testType="13cdc9d9-ddb5-4fa4-a97d-d965ccfc6d4b" outcome="Passed" testListId="8c84fa94-04c1-424b-9868-57a2d4851a1d" relativeResultsDirectory="9dbd5568-ae2c-4ccf-a394-a338168614ca" />
    <UnitTestResult executionId="4bc25f7a-f16c-42bd-9a2e-5c5352eb6338" testId="12d0a36a-4f0f-b38f-9b01-945366da3806" testName="BL.Tests.LiftsServiceTest.TestGetLiftInfoAsync(userID: 223, lift: Lift { LiftID = 121, LiftName = liftNamebcd071f8-f378-4937-935b-8f6942b9f545, IsOpen = True, SeatsAmount = 220, LiftingTime = 133, QueueTime = 42, ConnectedSlopes =  }, checkPermissionServiceMock: Mock&lt;ICheckPermissionService:1&gt;, liftsRepositoryStub: Mock&lt;ILiftsRepository:1&gt;, liftsSlopesRepositoryStub: Mock&lt;ILiftsSlopesRepository:1&gt;, sut: LiftsService { })" computerName="DESKTOP-TJ9D65N" duration="00:00:00.0134116" startTime="2022-11-03T20:27:01.6048217+03:00" endTime="2022-11-03T20:27:01.6048217+03:00" testType="13cdc9d9-ddb5-4fa4-a97d-d965ccfc6d4b" outcome="Passed" testListId="8c84fa94-04c1-424b-9868-57a2d4851a1d" relativeResultsDirectory="4bc25f7a-f16c-42bd-9a2e-5c5352eb6338" />
    <UnitTestResult executionId="32c53cb1-44f3-41a2-800d-f36a5423cebf" testId="229812f5-9a73-5335-11f5-31330d1348a5" testName="BL.Tests.CheckPermissionsServiceTests.UnauthorizedHasNoAccessToAdminSkiPatrolFunctions(functionName: &quot;GetMessagesAsync&quot;)" computerName="DESKTOP-TJ9D65N" duration="00:00:00.0017384" startTime="2022-11-03T20:27:01.6048915+03:00" endTime="2022-11-03T20:27:01.6048915+03:00" testType="13cdc9d9-ddb5-4fa4-a97d-d965ccfc6d4b" outcome="Passed" testListId="8c84fa94-04c1-424b-9868-57a2d4851a1d" relativeResultsDirectory="32c53cb1-44f3-41a2-800d-f36a5423cebf" />
    <UnitTestResult executionId="9260f636-a1a5-4749-90cf-1eb18b4b0f65" testId="4f297306-d4f3-8d63-e7f4-1ac0b8c58c74" testName="BL.Tests.CheckPermissionsServiceTests.AuthorizedHasNoAccessToAdminSkiPatrolFunctions(functionName: &quot;GetLiftsSlopesInfoAsync&quot;)" computerName="DESKTOP-TJ9D65N" duration="00:00:00.0013492" startTime="2022-11-03T20:27:01.7101912+03:00" endTime="2022-11-03T20:27:01.7101913+03:00" testType="13cdc9d9-ddb5-4fa4-a97d-d965ccfc6d4b" outcome="Passed" testListId="8c84fa94-04c1-424b-9868-57a2d4851a1d" relativeResultsDirectory="9260f636-a1a5-4749-90cf-1eb18b4b0f65" />
    <UnitTestResult executionId="23f5af5a-aad7-4f9b-a199-efd85f4913b4" testId="1ca07ad8-f799-c5d4-e7cc-34fd950198a2" testName="BL.Tests.UsersServiceTests.TestLogInOk" computerName="DESKTOP-TJ9D65N" duration="00:00:00.0110966" startTime="2022-11-03T20:27:01.6715956+03:00" endTime="2022-11-03T20:27:01.6715957+03:00" testType="13cdc9d9-ddb5-4fa4-a97d-d965ccfc6d4b" outcome="Passed" testListId="8c84fa94-04c1-424b-9868-57a2d4851a1d" relativeResultsDirectory="23f5af5a-aad7-4f9b-a199-efd85f4913b4" />
    <UnitTestResult executionId="e7c1593c-8c2c-4460-8ede-e6b46a0cc080" testId="3bc76f16-00a5-7a0a-1e7b-26cfe9086877" testName="BL.Tests.TurnstilesServiceTest.TestAdminDeleteTurnstileAsync(userID: 51, turnstile: Turnstile { TurnstileID = 69, LiftID = 203, IsOpen = True }, checkPermissionServiceMock: Mock&lt;ICheckPermissionService:15&gt;, turnstilesRepositoryStub: Mock&lt;ITurnstilesRepository:9&gt;, sut: TurnstilesService { })" computerName="DESKTOP-TJ9D65N" duration="00:00:00.0045562" startTime="2022-11-03T20:27:01.6070826+03:00" endTime="2022-11-03T20:27:01.6070827+03:00" testType="13cdc9d9-ddb5-4fa4-a97d-d965ccfc6d4b" outcome="Passed" testListId="8c84fa94-04c1-424b-9868-57a2d4851a1d" relativeResultsDirectory="e7c1593c-8c2c-4460-8ede-e6b46a0cc080" />
    <UnitTestResult executionId="c09c9e0f-5081-44b5-8ef1-6ca873fe7112" testId="a19a5fcf-c5d2-7d44-5d7d-84403042f4e0" testName="BL.Tests.CheckPermissionsServiceTests.UnauthorizedHasNoAccessToAdminSkiPatrolFunctions(functionName: &quot;MarkMessageReadByUserAsync&quot;)" computerName="DESKTOP-TJ9D65N" duration="00:00:00.0382145" startTime="2022-11-03T20:27:01.4921444+03:00" endTime="2022-11-03T20:27:01.4921444+03:00" testType="13cdc9d9-ddb5-4fa4-a97d-d965ccfc6d4b" outcome="Passed" testListId="8c84fa94-04c1-424b-9868-57a2d4851a1d" relativeResultsDirectory="c09c9e0f-5081-44b5-8ef1-6ca873fe7112" />
    <UnitTestResult executionId="4b84eab1-db3d-4e5c-aa8d-927480e14449" testId="644ec43e-70cd-c82d-42e7-0d990be1414d" testName="BL.Tests.CheckPermissionsServiceTests.AuthorizedHasAccessToAuthorizedFunctions(functionName: &quot;SendMessageAsync&quot;)" computerName="DESKTOP-TJ9D65N" duration="00:00:00.0021477" startTime="2022-11-03T20:27:01.7200195+03:00" endTime="2022-11-03T20:27:01.7200196+03:00" testType="13cdc9d9-ddb5-4fa4-a97d-d965ccfc6d4b" outcome="Passed" testListId="8c84fa94-04c1-424b-9868-57a2d4851a1d" relativeResultsDirectory="4b84eab1-db3d-4e5c-aa8d-927480e14449" />
    <UnitTestResult executionId="d0c587b3-361d-46c3-b5a5-74699c7570b4" testId="9b5e0981-3bb9-f8ce-8ff8-98b0151f87aa" testName="BL.Tests.LiftsSlopesServiceTests.TestAdminAddAutoIncrementLiftSlopeAsync(lift: Lift { LiftID = 112, LiftName = liftNamece29bc0c-b424-49ff-bb55-f19a3cdfdb63, IsOpen = True, SeatsAmount = 167, LiftingTime = 18, QueueTime = 254, ConnectedSlopes =  }, slope: Slope { SlopeID = 8, SlopeName = slopeNamea6176f90-04dc-4265-ad5c-d50fccfd7424, IsOpen = False, DifficultyLevel = 28, ConnectedLifts =  }, slopesRepositoryStub: Mock&lt;ISlopesRepository:3&gt;, liftsRepositoryStub: Mock&lt;ILiftsRepository:8&gt;, liftsSlopesRepositoryStub: Mock&lt;ILiftsSlopesRepository:8&gt;)" computerName="DESKTOP-TJ9D65N" duration="00:00:00.0379850" startTime="2022-11-03T20:27:01.4921641+03:00" endTime="2022-11-03T20:27:01.4921641+03:00" testType="13cdc9d9-ddb5-4fa4-a97d-d965ccfc6d4b" outcome="Passed" testListId="8c84fa94-04c1-424b-9868-57a2d4851a1d" relativeResultsDirectory="d0c587b3-361d-46c3-b5a5-74699c7570b4" />
    <UnitTestResult executionId="f81b6bee-2e48-4961-824b-128bc369658c" testId="41f5b761-96ae-e602-7c57-bd6973a5217d" testName="BL.Tests.SlopesServiceTest.TestAdminAddAutoIncrementSlopeAsync(userID: 57, slope: Slope { SlopeID = 167, SlopeName = slopeName462d7c2e-8fd4-4f30-be3e-990b6f3fa443, IsOpen = True, DifficultyLevel = 162, ConnectedLifts =  }, checkPermissionServiceMock: Mock&lt;ICheckPermissionService:10&gt;, slopesRepositoryStub: Mock&lt;ISlopesRepository:8&gt;, sut: SlopesService { })" computerName="DESKTOP-TJ9D65N" duration="00:00:00.0405132" startTime="2022-11-03T20:27:01.4920600+03:00" endTime="2022-11-03T20:27:01.4920601+03:00" testType="13cdc9d9-ddb5-4fa4-a97d-d965ccfc6d4b" outcome="Passed" testListId="8c84fa94-04c1-424b-9868-57a2d4851a1d" relativeResultsDirectory="f81b6bee-2e48-4961-824b-128bc369658c" />
    <UnitTestResult executionId="d40b08c1-81dc-48d7-b83e-e07f7e2752bd" testId="06d0bc3a-24a0-fb7f-4277-e9ae6d21c7dd" testName="BL.Tests.UsersServiceTests.TestAdminUpdateUser" computerName="DESKTOP-TJ9D65N" duration="00:00:00.0090624" startTime="2022-11-03T20:27:01.6124281+03:00" endTime="2022-11-03T20:27:01.6124281+03:00" testType="13cdc9d9-ddb5-4fa4-a97d-d965ccfc6d4b" outcome="Passed" testListId="8c84fa94-04c1-424b-9868-57a2d4851a1d" relativeResultsDirectory="d40b08c1-81dc-48d7-b83e-e07f7e2752bd" />
    <UnitTestResult executionId="597ae4cc-036f-4c6d-a8eb-ab416e654eb2" testId="e5497347-2721-b7a6-0bd4-69a9921f6947" testName="BL.Tests.UsersServiceTests.TestAdminGetUserByIDAsync" computerName="DESKTOP-TJ9D65N" duration="00:00:00.0039739" startTime="2022-11-03T20:27:01.7079351+03:00" endTime="2022-11-03T20:27:01.7079352+03:00" testType="13cdc9d9-ddb5-4fa4-a97d-d965ccfc6d4b" outcome="Passed" testListId="8c84fa94-04c1-424b-9868-57a2d4851a1d" relativeResultsDirectory="597ae4cc-036f-4c6d-a8eb-ab416e654eb2" />
    <UnitTestResult executionId="b10730bc-fcd8-410e-a043-145be7d247fc" testId="f65d2a22-5a1c-c6b4-812a-ef58f9f2358b" testName="BL.Tests.LiftsServiceTest.TestGetLiftsInfoAsync(userID: 250, initialLifts: [Lift { LiftID = 79, LiftName = liftName9ab7bc78-6c12-463a-bc47-0b8926a43e72, IsOpen = True, SeatsAmount = 104, LiftingTime = 28, QueueTime = 239, ConnectedSlopes =  }, Lift { LiftID = 164, LiftName = liftNamed82a5e0b-870a-4716-8266-21fbe600a260, IsOpen = False, SeatsAmount = 70, LiftingTime = 143, QueueTime = 39, ConnectedSlopes =  }, Lift { LiftID = 49, LiftName = liftName0797f207-2c29-4b20-906b-8fb0502e4913, IsOpen = True, SeatsAmount = 67, LiftingTime = 225, QueueTime = 38, ConnectedSlopes =  }], checkPermissionServiceMock: Mock&lt;ICheckPermissionService:2&gt;, liftsRepositoryStub: Mock&lt;ILiftsRepository:2&gt;, liftsSlopesRepositoryStub: Mock&lt;ILiftsSlopesRepository:2&gt;, sut: LiftsService { })" computerName="DESKTOP-TJ9D65N" duration="00:00:00.0205922" startTime="2022-11-03T20:27:01.6069678+03:00" endTime="2022-11-03T20:27:01.6069679+03:00" testType="13cdc9d9-ddb5-4fa4-a97d-d965ccfc6d4b" outcome="Passed" testListId="8c84fa94-04c1-424b-9868-57a2d4851a1d" relativeResultsDirectory="b10730bc-fcd8-410e-a043-145be7d247fc" />
    <UnitTestResult executionId="174b6ffc-fd20-4783-b72b-202234d5a89c" testId="f44a1b21-8efc-bfac-63b4-d534442def31" testName="BL.Tests.UsersServiceTests.TestRegisterUserWithNoPassword" computerName="DESKTOP-TJ9D65N" duration="00:00:00.0013396" startTime="2022-11-03T20:27:01.6050703+03:00" endTime="2022-11-03T20:27:01.6050703+03:00" testType="13cdc9d9-ddb5-4fa4-a97d-d965ccfc6d4b" outcome="Passed" testListId="8c84fa94-04c1-424b-9868-57a2d4851a1d" relativeResultsDirectory="174b6ffc-fd20-4783-b72b-202234d5a89c" />
    <UnitTestResult executionId="1d846454-e6b3-460f-a09a-a8ab462e3aa9" testId="3710839b-9099-f670-e1cf-ef49a98670ed" testName="BL.Tests.TurnstilesServiceTest.TestAdminUpdateTurnstileAsync(userID: 150, turnstile: Turnstile { TurnstileID = 193, LiftID = 205, IsOpen = True }, checkPermissionServiceMock: Mock&lt;ICheckPermissionService:14&gt;, turnstilesRepositoryStub: Mock&lt;ITurnstilesRepository:8&gt;, sut: TurnstilesService { })" computerName="DESKTOP-TJ9D65N" duration="00:00:00.0075817" startTime="2022-11-03T20:27:01.6066330+03:00" endTime="2022-11-03T20:27:01.6066331+03:00" testType="13cdc9d9-ddb5-4fa4-a97d-d965ccfc6d4b" outcome="Passed" testListId="8c84fa94-04c1-424b-9868-57a2d4851a1d" relativeResultsDirectory="1d846454-e6b3-460f-a09a-a8ab462e3aa9" />
    <UnitTestResult executionId="afb0073b-6b06-4e4e-b231-1b221adfaab9" testId="eaabd2fc-2f4b-5689-59c8-c7ad34a8f634" testName="BL.Tests.CheckPermissionsServiceTests.UnauthorizedHasNoAccessToAuthorizedFunctions(functionName: &quot;SendMessageAsync&quot;)" computerName="DESKTOP-TJ9D65N" duration="00:00:00.0038444" startTime="2022-11-03T20:27:01.6068072+03:00" endTime="2022-11-03T20:27:01.6068072+03:00" testType="13cdc9d9-ddb5-4fa4-a97d-d965ccfc6d4b" outcome="Passed" testListId="8c84fa94-04c1-424b-9868-57a2d4851a1d" relativeResultsDirectory="afb0073b-6b06-4e4e-b231-1b221adfaab9" />
    <UnitTestResult executionId="72e2b29a-7d5e-4983-9226-c18e1402d7db" testId="871a8c31-a601-3c18-b409-92920649226d" testName="BL.Tests.LiftsServiceTest.TestAdminDeleteLiftAsync(userID: 211, lift: Lift { LiftID = 187, LiftName = liftNameb5fbecb2-3904-4492-aaaf-66cd39707929, IsOpen = True, SeatsAmount = 215, LiftingTime = 80, QueueTime = 148, ConnectedSlopes =  }, checkPermissionServiceMock: Mock&lt;ICheckPermissionService:4&gt;, liftsRepositoryStub: Mock&lt;ILiftsRepository:4&gt;, liftsSlopesRepositoryStub: Mock&lt;ILiftsSlopesRepository:4&gt;, sut: LiftsService { })" computerName="DESKTOP-TJ9D65N" duration="00:00:00.0633509" startTime="2022-11-03T20:27:01.5074676+03:00" endTime="2022-11-03T20:27:01.5074677+03:00" testType="13cdc9d9-ddb5-4fa4-a97d-d965ccfc6d4b" outcome="Passed" testListId="8c84fa94-04c1-424b-9868-57a2d4851a1d" relativeResultsDirectory="72e2b29a-7d5e-4983-9226-c18e1402d7db" />
    <UnitTestResult executionId="ec08e6d8-3bef-4e40-bc9d-53a2cf9c1c93" testId="2602613f-c8e2-a6d9-fcf7-5b27d4a770a6" testName="BL.Tests.CheckPermissionsServiceTests.AuthorizedHasNoAccessToAdminSkiPatrolFunctions(functionName: &quot;GetMessagesAsync&quot;)" computerName="DESKTOP-TJ9D65N" duration="00:00:00.0025105" startTime="2022-11-03T20:27:01.6905029+03:00" endTime="2022-11-03T20:27:01.6905029+03:00" testType="13cdc9d9-ddb5-4fa4-a97d-d965ccfc6d4b" outcome="Passed" testListId="8c84fa94-04c1-424b-9868-57a2d4851a1d" relativeResultsDirectory="ec08e6d8-3bef-4e40-bc9d-53a2cf9c1c93" />
    <UnitTestResult executionId="2d342195-50cf-49b7-b654-c5cb04a9ac45" testId="f3efc418-a8a6-c7b7-9bac-90b33aa8472f" testName="BL.Tests.CheckPermissionsServiceTests.AdminHasAccessToAllFunctions" computerName="DESKTOP-TJ9D65N" duration="00:00:00.0017087" startTime="2022-11-03T20:27:01.7575730+03:00" endTime="2022-11-03T20:27:01.7575731+03:00" testType="13cdc9d9-ddb5-4fa4-a97d-d965ccfc6d4b" outcome="Passed" testListId="8c84fa94-04c1-424b-9868-57a2d4851a1d" relativeResultsDirectory="2d342195-50cf-49b7-b654-c5cb04a9ac45" />
    <UnitTestResult executionId="f9dd02a6-4bc9-444f-8b43-ca1fc3260eaf" testId="aa28a6b3-21d3-aa45-24d3-bef2facbc899" testName="BL.Tests.CheckPermissionsServiceTests.AuthorizedHasAccessToAuthorizedFunctions(functionName: &quot;LogOutAsync&quot;)" computerName="DESKTOP-TJ9D65N" duration="00:00:00.0009343" startTime="2022-11-03T20:27:01.7286091+03:00" endTime="2022-11-03T20:27:01.7286092+03:00" testType="13cdc9d9-ddb5-4fa4-a97d-d965ccfc6d4b" outcome="Passed" testListId="8c84fa94-04c1-424b-9868-57a2d4851a1d" relativeResultsDirectory="f9dd02a6-4bc9-444f-8b43-ca1fc3260eaf" />
    <UnitTestResult executionId="8b01cc41-ca64-4caa-95f1-8be14da6cf3a" testId="834c739b-eca4-b36d-6a66-5a1bd75377b8" testName="BL.Tests.UsersServiceTests.TestAdminAddAutoIncrementUser" computerName="DESKTOP-TJ9D65N" duration="00:00:00.0062068" startTime="2022-11-03T20:27:01.6957427+03:00" endTime="2022-11-03T20:27:01.6957427+03:00" testType="13cdc9d9-ddb5-4fa4-a97d-d965ccfc6d4b" outcome="Passed" testListId="8c84fa94-04c1-424b-9868-57a2d4851a1d" relativeResultsDirectory="8b01cc41-ca64-4caa-95f1-8be14da6cf3a" />
    <UnitTestResult executionId="fac95e61-c537-4d49-a6b7-d6ab12d21bdd" testId="c36970dc-93f7-753e-fa47-157133b01644" testName="BL.Tests.CheckPermissionsServiceTests.SkiPatrolHasAccessToAdminSkiPatrolFunctions(functionName: &quot;GetMessagesAsync&quot;)" computerName="DESKTOP-TJ9D65N" duration="00:00:00.0014461" startTime="2022-11-03T20:27:01.6600233+03:00" endTime="2022-11-03T20:27:01.6600234+03:00" testType="13cdc9d9-ddb5-4fa4-a97d-d965ccfc6d4b" outcome="Passed" testListId="8c84fa94-04c1-424b-9868-57a2d4851a1d" relativeResultsDirectory="fac95e61-c537-4d49-a6b7-d6ab12d21bdd" />
    <UnitTestResult executionId="39ac2098-8d82-4223-966b-d2c2a8ab0442" testId="55eacba1-6b08-9b62-4237-58da6344f958" testName="BL.Tests.LiftsServiceTest.TestAdminAddAutoIncrementLiftAsync(userID: 183, lift: Lift { LiftID = 27, LiftName = liftNamea1a97a8f-df83-4ca6-a875-512eb0fb8160, IsOpen = True, SeatsAmount = 233, LiftingTime = 93, QueueTime = 35, ConnectedSlopes =  }, checkPermissionServiceMock: Mock&lt;ICheckPermissionService:5&gt;, liftsRepositoryStub: Mock&lt;ILiftsRepository:5&gt;, sut: LiftsService { })" computerName="DESKTOP-TJ9D65N" duration="00:00:00.0077361" startTime="2022-11-03T20:27:01.6441358+03:00" endTime="2022-11-03T20:27:01.6441358+03:00" testType="13cdc9d9-ddb5-4fa4-a97d-d965ccfc6d4b" outcome="Passed" testListId="8c84fa94-04c1-424b-9868-57a2d4851a1d" relativeResultsDirectory="39ac2098-8d82-4223-966b-d2c2a8ab0442" />
    <UnitTestResult executionId="f9d3a6a1-71bd-4852-a489-ea7886d51214" testId="60bd668f-04df-da5e-b79b-5d9aedb5234d" testName="BL.Tests.CheckPermissionsServiceTests.SkiPatrolHasAccessToAdminSkiPatrolFunctions(functionName: &quot;MarkMessageReadByUserAsync&quot;)" computerName="DESKTOP-TJ9D65N" duration="00:00:00.0011212" startTime="2022-11-03T20:27:01.6408708+03:00" endTime="2022-11-03T20:27:01.6408709+03:00" testType="13cdc9d9-ddb5-4fa4-a97d-d965ccfc6d4b" outcome="Passed" testListId="8c84fa94-04c1-424b-9868-57a2d4851a1d" relativeResultsDirectory="f9d3a6a1-71bd-4852-a489-ea7886d51214" />
    <UnitTestResult executionId="9e32d376-1dfe-4c47-81e1-fc94ed1fe554" testId="03332c66-f822-f88d-e21e-af326023c0fe" testName="BL.Tests.SlopesServiceTest.TestAdminDeleteSlopeAsync(userID: 246, slope: Slope { SlopeID = 169, SlopeName = slopeName041fe3b4-3d9a-40a6-94f9-51ecbe947cc9, IsOpen = True, DifficultyLevel = 157, ConnectedLifts =  }, checkPermissionServiceMock: Mock&lt;ICheckPermissionService:9&gt;, slopesRepositoryStub: Mock&lt;ISlopesRepository:7&gt;, liftsSlopesRepositoryStub: Mock&lt;ILiftsSlopesRepository:12&gt;, sut: SlopesService { })" computerName="DESKTOP-TJ9D65N" duration="00:00:00.0057754" startTime="2022-11-03T20:27:01.6261763+03:00" endTime="2022-11-03T20:27:01.6261764+03:00" testType="13cdc9d9-ddb5-4fa4-a97d-d965ccfc6d4b" outcome="Passed" testListId="8c84fa94-04c1-424b-9868-57a2d4851a1d" relativeResultsDirectory="9e32d376-1dfe-4c47-81e1-fc94ed1fe554" />
    <UnitTestResult executionId="6c2b6f85-94a7-46ed-bf5b-fb631b24b3a4" testId="dd69def6-c455-b444-73ad-e7f6f41e3da4" testName="BL.Tests.TurnstilesServiceTest.TestAdminGetTurnstilesAsync(userID: 79, initialTurnstiles: [Turnstile { TurnstileID = 216, LiftID = 109, IsOpen = True }, Turnstile { TurnstileID = 91, LiftID = 83, IsOpen = False }, Turnstile { TurnstileID = 151, LiftID = 173, IsOpen = True }], checkPermissionServiceMock: Mock&lt;ICheckPermissionService:13&gt;, turnstilesRepositoryStub: Mock&lt;ITurnstilesRepository:7&gt;, sut: TurnstilesService { })" computerName="DESKTOP-TJ9D65N" duration="00:00:00.0394167" startTime="2022-11-03T20:27:01.4880719+03:00" endTime="2022-11-03T20:27:01.4881129+03:00" testType="13cdc9d9-ddb5-4fa4-a97d-d965ccfc6d4b" outcome="Passed" testListId="8c84fa94-04c1-424b-9868-57a2d4851a1d" relativeResultsDirectory="6c2b6f85-94a7-46ed-bf5b-fb631b24b3a4" />
    <UnitTestResult executionId="69b4b7f3-961a-4315-8b49-b2e4432013af" testId="e380a626-76ba-b454-5cd2-58c5949102eb" testName="BL.Tests.TurnstilesServiceTest.TestAdminAddAutoIncrementTurnstileAsync(userID: 76, turnstile: Turnstile { TurnstileID = 204, LiftID = 201, IsOpen = True }, checkPermissionServiceMock: Mock&lt;ICheckPermissionService:16&gt;, turnstilesRepositoryStub: Mock&lt;ITurnstilesRepository:10&gt;, sut: TurnstilesService { })" computerName="DESKTOP-TJ9D65N" duration="00:00:00.0062765" startTime="2022-11-03T20:27:01.6227155+03:00" endTime="2022-11-03T20:27:01.6227156+03:00" testType="13cdc9d9-ddb5-4fa4-a97d-d965ccfc6d4b" outcome="Passed" testListId="8c84fa94-04c1-424b-9868-57a2d4851a1d" relativeResultsDirectory="69b4b7f3-961a-4315-8b49-b2e4432013af" />
    <UnitTestResult executionId="18773b0e-405f-4c15-8fac-07e5d051de84" testId="387c9729-48c1-486e-5e67-f5d11a9f0db8" testName="BL.Tests.CheckPermissionsServiceTests.UnauthorizedHasNoAccessToAdminSkiPatrolFunctions(functionName: &quot;GetLiftsSlopesInfoAsync&quot;)" computerName="DESKTOP-TJ9D65N" duration="00:00:00.0018511" startTime="2022-11-03T20:27:01.6042455+03:00" endTime="2022-11-03T20:27:01.6042456+03:00" testType="13cdc9d9-ddb5-4fa4-a97d-d965ccfc6d4b" outcome="Passed" testListId="8c84fa94-04c1-424b-9868-57a2d4851a1d" relativeResultsDirectory="18773b0e-405f-4c15-8fac-07e5d051de84" />
    <UnitTestResult executionId="d6ca279e-5542-4a4b-b323-ed2826f16115" testId="9c7df5e2-1b23-ebea-889f-b78ca86b60ab" testName="BL.Tests.CheckPermissionsServiceTests.AuthorizedHasNoAccessToAdminSkiPatrolFunctions(functionName: &quot;MarkMessageReadByUserAsync&quot;)" computerName="DESKTOP-TJ9D65N" duration="00:00:00.0012181" startTime="2022-11-03T20:27:01.6999896+03:00" endTime="2022-11-03T20:27:01.6999897+03:00" testType="13cdc9d9-ddb5-4fa4-a97d-d965ccfc6d4b" outcome="Passed" testListId="8c84fa94-04c1-424b-9868-57a2d4851a1d" relativeResultsDirectory="d6ca279e-5542-4a4b-b323-ed2826f16115" />
    <UnitTestResult executionId="29cf2161-92ed-450b-b712-f9addac45e09" testId="492c0393-35b4-df26-a537-21ca08302f3c" testName="BL.Tests.CheckPermissionsServiceTests.SkiPatrolHasNoAccessToAdminFunctions" computerName="DESKTOP-TJ9D65N" duration="00:00:00.0021646" startTime="2022-11-03T20:27:01.7483128+03:00" endTime="2022-11-03T20:27:01.7483129+03:00" testType="13cdc9d9-ddb5-4fa4-a97d-d965ccfc6d4b" outcome="Passed" testListId="8c84fa94-04c1-424b-9868-57a2d4851a1d" relativeResultsDirectory="29cf2161-92ed-450b-b712-f9addac45e09" />
    <UnitTestResult executionId="914bad04-af62-4874-bd30-a5cf942d4b9d" testId="69340bb6-3645-f9dd-971e-29d8b2a009bb" testName="BL.Tests.UsersServiceTests.TestLogInWithWrongPassword" computerName="DESKTOP-TJ9D65N" duration="00:00:00.0020909" startTime="2022-11-03T20:27:01.6815561+03:00" endTime="2022-11-03T20:27:01.6815561+03:00" testType="13cdc9d9-ddb5-4fa4-a97d-d965ccfc6d4b" outcome="Passed" testListId="8c84fa94-04c1-424b-9868-57a2d4851a1d" relativeResultsDirectory="914bad04-af62-4874-bd30-a5cf942d4b9d" />
    <UnitTestResult executionId="faeb3d6a-a191-498e-b36a-578ed5c6595c" testId="fa960c5e-f989-2880-784e-8efe538c5231" testName="BL.Tests.CheckPermissionsServiceTests.UnauthorizedHasNoAccessToAuthorizedFunctions(functionName: &quot;LogOutAsync&quot;)" computerName="DESKTOP-TJ9D65N" duration="00:00:00.0017619" startTime="2022-11-03T20:27:01.6072132+03:00" endTime="2022-11-03T20:27:01.6072133+03:00" testType="13cdc9d9-ddb5-4fa4-a97d-d965ccfc6d4b" outcome="Passed" testListId="8c84fa94-04c1-424b-9868-57a2d4851a1d" relativeResultsDirectory="faeb3d6a-a191-498e-b36a-578ed5c6595c" />
    <UnitTestResult executionId="b67685b9-8b4f-430f-8c21-c5f2cd9d17a6" testId="5146e5fe-ffc9-80b0-a29c-1beb8214c78f" testName="BL.Tests.SlopesServiceTest.TestAdminAddSlopeAsync(userID: 148, slope: Slope { SlopeID = 72, SlopeName = slopeNameaa555301-12d7-471b-a2a6-106988f0873c, IsOpen = True, DifficultyLevel = 120, ConnectedLifts =  }, checkPermissionServiceMock: Mock&lt;ICheckPermissionService:11&gt;, slopesRepositoryStub: Mock&lt;ISlopesRepository:9&gt;, sut: SlopesService { })" computerName="DESKTOP-TJ9D65N" duration="00:00:00.0060162" startTime="2022-11-03T20:27:01.6072373+03:00" endTime="2022-11-03T20:27:01.6072373+03:00" testType="13cdc9d9-ddb5-4fa4-a97d-d965ccfc6d4b" outcome="Passed" testListId="8c84fa94-04c1-424b-9868-57a2d4851a1d" relativeResultsDirectory="b67685b9-8b4f-430f-8c21-c5f2cd9d17a6" />
    <UnitTestResult executionId="69e29b21-ac81-48e2-a6e1-76b9f0425e28" testId="8184bd30-991c-b78d-b4ec-99a485eac0dd" testName="BL.Tests.UsersServiceTests.TestRegisterUserWithNoEmail" computerName="DESKTOP-TJ9D65N" duration="00:00:00.0034551" startTime="2022-11-03T20:27:01.6047515+03:00" endTime="2022-11-03T20:27:01.6047516+03:00" testType="13cdc9d9-ddb5-4fa4-a97d-d965ccfc6d4b" outcome="Passed" testListId="8c84fa94-04c1-424b-9868-57a2d4851a1d" relativeResultsDirectory="69e29b21-ac81-48e2-a6e1-76b9f0425e28" />
    <UnitTestResult executionId="42527e09-327a-49b4-978f-2ef6b3ea4fd5" testId="e429852d-a6ed-7c2a-25fd-cd839b159d56" testName="BL.Tests.LiftsSlopesServiceTests.TestGetLiftsSlopesInfoAsync(liftsSlopes: [LiftSlope { RecordID = 33, LiftID = 21, SlopeID = 128 }, LiftSlope { RecordID = 73, LiftID = 208, SlopeID = 214 }, LiftSlope { RecordID = 121, LiftID = 118, SlopeID = 103 }], slopesRepositoryStub: Mock&lt;ISlopesRepository:1&gt;, liftsRepositoryStub: Mock&lt;ILiftsRepository:6&gt;, liftsSlopesRepositoryStub: Mock&lt;ILiftsSlopesRepository:6&gt;)" computerName="DESKTOP-TJ9D65N" duration="00:00:00.0048978" startTime="2022-11-03T20:27:01.6047113+03:00" endTime="2022-11-03T20:27:01.6047113+03:00" testType="13cdc9d9-ddb5-4fa4-a97d-d965ccfc6d4b" outcome="Passed" testListId="8c84fa94-04c1-424b-9868-57a2d4851a1d" relativeResultsDirectory="42527e09-327a-49b4-978f-2ef6b3ea4fd5" />
    <UnitTestResult executionId="812ed66e-12ff-4b39-87cb-d1c0abd9b3bd" testId="38e59859-c885-23d1-73af-5569d01efc0b" testName="BL.Tests.TurnstilesServiceTest.TestAdminGetTurnstileAsync(userID: 183, turnstile: Turnstile { TurnstileID = 68, LiftID = 62, IsOpen = True }, checkPermissionServiceMock: Mock&lt;ICheckPermissionService:12&gt;, turnstilesRepositoryStub: Mock&lt;ITurnstilesRepository:6&gt;, sut: TurnstilesService { })" computerName="DESKTOP-TJ9D65N" duration="00:00:00.0093183" startTime="2022-11-03T20:27:01.6047793+03:00" endTime="2022-11-03T20:27:01.6047794+03:00" testType="13cdc9d9-ddb5-4fa4-a97d-d965ccfc6d4b" outcome="Passed" testListId="8c84fa94-04c1-424b-9868-57a2d4851a1d" relativeResultsDirectory="812ed66e-12ff-4b39-87cb-d1c0abd9b3bd" />
    <UnitTestResult executionId="3fdccb1b-bc80-4bef-ad42-6d5d7b03d68b" testId="18fa8c62-e27d-e1fc-8182-4d7db62b008d" testName="BL.Tests.UsersServiceTests.TestAdminDeleteUser" computerName="DESKTOP-TJ9D65N" duration="00:00:00.0028090" startTime="2022-11-03T20:27:01.7182280+03:00" endTime="2022-11-03T20:27:01.7182281+03:00" testType="13cdc9d9-ddb5-4fa4-a97d-d965ccfc6d4b" outcome="Passed" testListId="8c84fa94-04c1-424b-9868-57a2d4851a1d" relativeResultsDirectory="3fdccb1b-bc80-4bef-ad42-6d5d7b03d68b" />
    <UnitTestResult executionId="dec9221a-a981-4773-91f0-b5b99b477902" testId="894941c1-bfa7-d8f9-c047-1e1ceefe2c2f" testName="BL.Tests.UsersServiceTests.TestRegisterUserWithRepeatedEmail" computerName="DESKTOP-TJ9D65N" duration="00:00:00.0048883" startTime="2022-11-03T20:27:01.6068562+03:00" endTime="2022-11-03T20:27:01.6068562+03:00" testType="13cdc9d9-ddb5-4fa4-a97d-d965ccfc6d4b" outcome="Passed" testListId="8c84fa94-04c1-424b-9868-57a2d4851a1d" relativeResultsDirectory="dec9221a-a981-4773-91f0-b5b99b477902" />
    <UnitTestResult executionId="7baa646c-1563-4604-a8d2-2a95de126f46" testId="20ad8570-0170-85de-dcd7-2f109dd7bcd6" testName="BL.Tests.UsersServiceTests.TestAdminGetUsers" computerName="DESKTOP-TJ9D65N" duration="00:00:00.0447863" startTime="2022-11-03T20:27:01.4922284+03:00" endTime="2022-11-03T20:27:01.4922284+03:00" testType="13cdc9d9-ddb5-4fa4-a97d-d965ccfc6d4b" outcome="Passed" testListId="8c84fa94-04c1-424b-9868-57a2d4851a1d" relativeResultsDirectory="7baa646c-1563-4604-a8d2-2a95de126f46" />
    <UnitTestResult executionId="7c057c30-993e-48d7-87fd-844cbe166a6e" testId="0eeef75f-6e38-7893-a8fe-cff3e0a970a7" testName="BL.Tests.UsersServiceTests.TestRegisterOk" computerName="DESKTOP-TJ9D65N" duration="00:00:00.0120740" startTime="2022-11-03T20:27:01.6425916+03:00" endTime="2022-11-03T20:27:01.6425916+03:00" testType="13cdc9d9-ddb5-4fa4-a97d-d965ccfc6d4b" outcome="Passed" testListId="8c84fa94-04c1-424b-9868-57a2d4851a1d" relativeResultsDirectory="7c057c30-993e-48d7-87fd-844cbe166a6e" />
    <UnitTestResult executionId="ebe3a3c8-6693-4354-aede-360c027f5d67" testId="9d7924d0-e2eb-4f34-5ed0-ae05b2ea3df6" testName="BL.Tests.SlopesServiceTest.TestUpdateSlopeInfoAsync(userID: 18, slope: Slope { SlopeID = 211, SlopeName = slopeName2d69da14-338b-4ad2-ba05-a381cd45f37b, IsOpen = True, DifficultyLevel = 126, ConnectedLifts =  }, checkPermissionServiceMock: Mock&lt;ICheckPermissionService:8&gt;, slopesRepositoryStub: Mock&lt;ISlopesRepository:6&gt;, sut: SlopesService { })" computerName="DESKTOP-TJ9D65N" duration="00:00:00.0093330" startTime="2022-11-03T20:27:01.6047994+03:00" endTime="2022-11-03T20:27:01.6047994+03:00" testType="13cdc9d9-ddb5-4fa4-a97d-d965ccfc6d4b" outcome="Passed" testListId="8c84fa94-04c1-424b-9868-57a2d4851a1d" relativeResultsDirectory="ebe3a3c8-6693-4354-aede-360c027f5d67" />
    <UnitTestResult executionId="f72b7653-f571-4ef4-a00a-ea37de2129b1" testId="a2e59116-cb53-1d70-9cb8-21c286516866" testName="BL.Tests.CheckPermissionsServiceTests.AuthorizedHasNoAccessToAdminFunctions" computerName="DESKTOP-TJ9D65N" duration="00:00:00.0029305" startTime="2022-11-03T20:27:01.6800018+03:00" endTime="2022-11-03T20:27:01.6800019+03:00" testType="13cdc9d9-ddb5-4fa4-a97d-d965ccfc6d4b" outcome="Passed" testListId="8c84fa94-04c1-424b-9868-57a2d4851a1d" relativeResultsDirectory="f72b7653-f571-4ef4-a00a-ea37de2129b1" />
    <UnitTestResult executionId="7dea6017-5c76-4193-963f-c71593e9d743" testId="9be86acd-edca-4507-6c01-b6f4da23bb9f" testName="BL.Tests.SlopesServiceTest.TestGetSlopesInfoAsync(userID: 248, initialSlopes: [Slope { SlopeID = 238, SlopeName = slopeNamec9cb3ef9-6272-4700-ab48-540dec3512bd, IsOpen = True, DifficultyLevel = 197, ConnectedLifts =  }, Slope { SlopeID = 144, SlopeName = slopeNamed76e876f-6fa1-479b-9a44-265e51fadcfe, IsOpen = False, DifficultyLevel = 76, ConnectedLifts =  }, Slope { SlopeID = 155, SlopeName = slopeName14ebfb72-f05a-468a-b603-b3548b55716d, IsOpen = True, DifficultyLevel = 112, ConnectedLifts =  }], checkPermissionServiceMock: Mock&lt;ICheckPermissionService:7&gt;, slopesRepositoryStub: Mock&lt;ISlopesRepository:5&gt;, liftsSlopesRepositoryStub: Mock&lt;ILiftsSlopesRepository:10&gt;, sut: SlopesService { })" computerName="DESKTOP-TJ9D65N" duration="00:00:00.0067290" startTime="2022-11-03T20:27:01.6482478+03:00" endTime="2022-11-03T20:27:01.6482479+03:00" testType="13cdc9d9-ddb5-4fa4-a97d-d965ccfc6d4b" outcome="Passed" testListId="8c84fa94-04c1-424b-9868-57a2d4851a1d" relativeResultsDirectory="7dea6017-5c76-4193-963f-c71593e9d743" />
  </Results>
  <TestDefinitions>
    <UnitTest name="BL.Tests.UsersServiceTests.TestAdminAddAutoIncrementUser" storage="/mnt/c/users/alena/desktop/7_sem/testing_and_debugging/skiresort/bl.tests/bin/debug/net6.0/bl.tests.dll" id="834c739b-eca4-b36d-6a66-5a1bd75377b8">
      <Execution id="8b01cc41-ca64-4caa-95f1-8be14da6cf3a" />
      <TestMethod codeBase="/mnt/c/Users/alena/Desktop/7_sem/testing_and_debugging/SkiResort/BL.Tests/bin/Debug/net6.0/BL.Tests.dll" adapterTypeName="executor://xunit/VsTestRunner2/netcoreapp" className="BL.Tests.UsersServiceTests" name="TestAdminAddAutoIncrementUser" />
    </UnitTest>
    <UnitTest name="BL.Tests.CheckPermissionsServiceTests.SkiPatrolHasAccessToAdminSkiPatrolFunctions(functionName: &quot;MarkMessageReadByUserAsync&quot;)" storage="/mnt/c/users/alena/desktop/7_sem/testing_and_debugging/skiresort/bl.tests/bin/debug/net6.0/bl.tests.dll" id="60bd668f-04df-da5e-b79b-5d9aedb5234d">
      <Execution id="f9d3a6a1-71bd-4852-a489-ea7886d51214" />
      <TestMethod codeBase="/mnt/c/Users/alena/Desktop/7_sem/testing_and_debugging/SkiResort/BL.Tests/bin/Debug/net6.0/BL.Tests.dll" adapterTypeName="executor://xunit/VsTestRunner2/netcoreapp" className="BL.Tests.CheckPermissionsServiceTests" name="SkiPatrolHasAccessToAdminSkiPatrolFunctions" />
    </UnitTest>
    <UnitTest name="BL.Tests.CheckPermissionsServiceTests.AuthorizedHasAccessToAuthorizedFunctions(functionName: &quot;SendMessageAsync&quot;)" storage="/mnt/c/users/alena/desktop/7_sem/testing_and_debugging/skiresort/bl.tests/bin/debug/net6.0/bl.tests.dll" id="644ec43e-70cd-c82d-42e7-0d990be1414d">
      <Execution id="4b84eab1-db3d-4e5c-aa8d-927480e14449" />
      <TestMethod codeBase="/mnt/c/Users/alena/Desktop/7_sem/testing_and_debugging/SkiResort/BL.Tests/bin/Debug/net6.0/BL.Tests.dll" adapterTypeName="executor://xunit/VsTestRunner2/netcoreapp" className="BL.Tests.CheckPermissionsServiceTests" name="AuthorizedHasAccessToAuthorizedFunctions" />
    </UnitTest>
    <UnitTest name="BL.Tests.CheckPermissionsServiceTests.AuthorizedHasNoAccessToAdminSkiPatrolFunctions(functionName: &quot;MarkMessageReadByUserAsync&quot;)" storage="/mnt/c/users/alena/desktop/7_sem/testing_and_debugging/skiresort/bl.tests/bin/debug/net6.0/bl.tests.dll" id="9c7df5e2-1b23-ebea-889f-b78ca86b60ab">
      <Execution id="d6ca279e-5542-4a4b-b323-ed2826f16115" />
      <TestMethod codeBase="/mnt/c/Users/alena/Desktop/7_sem/testing_and_debugging/SkiResort/BL.Tests/bin/Debug/net6.0/BL.Tests.dll" adapterTypeName="executor://xunit/VsTestRunner2/netcoreapp" className="BL.Tests.CheckPermissionsServiceTests" name="AuthorizedHasNoAccessToAdminSkiPatrolFunctions" />
    </UnitTest>
    <UnitTest name="BL.Tests.CheckPermissionsServiceTests.UnauthorizedHasNoAccessToAuthorizedFunctions(functionName: &quot;SendMessageAsync&quot;)" storage="/mnt/c/users/alena/desktop/7_sem/testing_and_debugging/skiresort/bl.tests/bin/debug/net6.0/bl.tests.dll" id="eaabd2fc-2f4b-5689-59c8-c7ad34a8f634">
      <Execution id="afb0073b-6b06-4e4e-b231-1b221adfaab9" />
      <TestMethod codeBase="/mnt/c/Users/alena/Desktop/7_sem/testing_and_debugging/SkiResort/BL.Tests/bin/Debug/net6.0/BL.Tests.dll" adapterTypeName="executor://xunit/VsTestRunner2/netcoreapp" className="BL.Tests.CheckPermissionsServiceTests" name="UnauthorizedHasNoAccessToAuthorizedFunctions" />
    </UnitTest>
    <UnitTest name="BL.Tests.CheckPermissionsServiceTests.AdminHasAccessToAllFunctions" storage="/mnt/c/users/alena/desktop/7_sem/testing_and_debugging/skiresort/bl.tests/bin/debug/net6.0/bl.tests.dll" id="f3efc418-a8a6-c7b7-9bac-90b33aa8472f">
      <Execution id="2d342195-50cf-49b7-b654-c5cb04a9ac45" />
      <TestMethod codeBase="/mnt/c/Users/alena/Desktop/7_sem/testing_and_debugging/SkiResort/BL.Tests/bin/Debug/net6.0/BL.Tests.dll" adapterTypeName="executor://xunit/VsTestRunner2/netcoreapp" className="BL.Tests.CheckPermissionsServiceTests" name="AdminHasAccessToAllFunctions" />
    </UnitTest>
    <UnitTest name="BL.Tests.UsersServiceTests.TestLogInOk" storage="/mnt/c/users/alena/desktop/7_sem/testing_and_debugging/skiresort/bl.tests/bin/debug/net6.0/bl.tests.dll" id="1ca07ad8-f799-c5d4-e7cc-34fd950198a2">
      <Execution id="23f5af5a-aad7-4f9b-a199-efd85f4913b4" />
      <TestMethod codeBase="/mnt/c/Users/alena/Desktop/7_sem/testing_and_debugging/SkiResort/BL.Tests/bin/Debug/net6.0/BL.Tests.dll" adapterTypeName="executor://xunit/VsTestRunner2/netcoreapp" className="BL.Tests.UsersServiceTests" name="TestLogInOk" />
    </UnitTest>
    <UnitTest name="BL.Tests.CheckPermissionsServiceTests.UnauthorizedHasNoAccessToAdminSkiPatrolFunctions(functionName: &quot;MarkMessageReadByUserAsync&quot;)" storage="/mnt/c/users/alena/desktop/7_sem/testing_and_debugging/skiresort/bl.tests/bin/debug/net6.0/bl.tests.dll" id="a19a5fcf-c5d2-7d44-5d7d-84403042f4e0">
      <Execution id="c09c9e0f-5081-44b5-8ef1-6ca873fe7112" />
      <TestMethod codeBase="/mnt/c/Users/alena/Desktop/7_sem/testing_and_debugging/SkiResort/BL.Tests/bin/Debug/net6.0/BL.Tests.dll" adapterTypeName="executor://xunit/VsTestRunner2/netcoreapp" className="BL.Tests.CheckPermissionsServiceTests" name="UnauthorizedHasNoAccessToAdminSkiPatrolFunctions" />
    </UnitTest>
    <UnitTest name="BL.Tests.CheckPermissionsServiceTests.AuthorizedHasAccessToAuthorizedFunctions(functionName: &quot;LogOutAsync&quot;)" storage="/mnt/c/users/alena/desktop/7_sem/testing_and_debugging/skiresort/bl.tests/bin/debug/net6.0/bl.tests.dll" id="aa28a6b3-21d3-aa45-24d3-bef2facbc899">
      <Execution id="f9dd02a6-4bc9-444f-8b43-ca1fc3260eaf" />
      <TestMethod codeBase="/mnt/c/Users/alena/Desktop/7_sem/testing_and_debugging/SkiResort/BL.Tests/bin/Debug/net6.0/BL.Tests.dll" adapterTypeName="executor://xunit/VsTestRunner2/netcoreapp" className="BL.Tests.CheckPermissionsServiceTests" name="AuthorizedHasAccessToAuthorizedFunctions" />
    </UnitTest>
    <UnitTest name="BL.Tests.CheckPermissionsServiceTests.SkiPatrolHasAccessToAdminSkiPatrolFunctions(functionName: &quot;GetMessagesAsync&quot;)" storage="/mnt/c/users/alena/desktop/7_sem/testing_and_debugging/skiresort/bl.tests/bin/debug/net6.0/bl.tests.dll" id="c36970dc-93f7-753e-fa47-157133b01644">
      <Execution id="fac95e61-c537-4d49-a6b7-d6ab12d21bdd" />
      <TestMethod codeBase="/mnt/c/Users/alena/Desktop/7_sem/testing_and_debugging/SkiResort/BL.Tests/bin/Debug/net6.0/BL.Tests.dll" adapterTypeName="executor://xunit/VsTestRunner2/netcoreapp" className="BL.Tests.CheckPermissionsServiceTests" name="SkiPatrolHasAccessToAdminSkiPatrolFunctions" />
    </UnitTest>
    <UnitTest name="BL.Tests.CheckPermissionsServiceTests.AuthorizedHasNoAccessToAdminFunctions" storage="/mnt/c/users/alena/desktop/7_sem/testing_and_debugging/skiresort/bl.tests/bin/debug/net6.0/bl.tests.dll" id="a2e59116-cb53-1d70-9cb8-21c286516866">
      <Execution id="f72b7653-f571-4ef4-a00a-ea37de2129b1" />
      <TestMethod codeBase="/mnt/c/Users/alena/Desktop/7_sem/testing_and_debugging/SkiResort/BL.Tests/bin/Debug/net6.0/BL.Tests.dll" adapterTypeName="executor://xunit/VsTestRunner2/netcoreapp" className="BL.Tests.CheckPermissionsServiceTests" name="AuthorizedHasNoAccessToAdminFunctions" />
    </UnitTest>
    <UnitTest name="BL.Tests.LiftsServiceTest.TestAdminDeleteLiftAsync(userID: 211, lift: Lift { LiftID = 187, LiftName = liftNameb5fbecb2-3904-4492-aaaf-66cd39707929, IsOpen = True, SeatsAmount = 215, LiftingTime = 80, QueueTime = 148, ConnectedSlopes =  }, checkPermissionServiceMock: Mock&lt;ICheckPermissionService:4&gt;, liftsRepositoryStub: Mock&lt;ILiftsRepository:4&gt;, liftsSlopesRepositoryStub: Mock&lt;ILiftsSlopesRepository:4&gt;, sut: LiftsService { })" storage="/mnt/c/users/alena/desktop/7_sem/testing_and_debugging/skiresort/bl.tests/bin/debug/net6.0/bl.tests.dll" id="871a8c31-a601-3c18-b409-92920649226d">
      <Execution id="72e2b29a-7d5e-4983-9226-c18e1402d7db" />
      <TestMethod codeBase="/mnt/c/Users/alena/Desktop/7_sem/testing_and_debugging/SkiResort/BL.Tests/bin/Debug/net6.0/BL.Tests.dll" adapterTypeName="executor://xunit/VsTestRunner2/netcoreapp" className="BL.Tests.LiftsServiceTest" name="TestAdminDeleteLiftAsync" />
    </UnitTest>
    <UnitTest name="BL.Tests.LiftsServiceTest.TestGetLiftsInfoAsync(userID: 250, initialLifts: [Lift { LiftID = 79, LiftName = liftName9ab7bc78-6c12-463a-bc47-0b8926a43e72, IsOpen = True, SeatsAmount = 104, LiftingTime = 28, QueueTime = 239, ConnectedSlopes =  }, Lift { LiftID = 164, LiftName = liftNamed82a5e0b-870a-4716-8266-21fbe600a260, IsOpen = False, SeatsAmount = 70, LiftingTime = 143, QueueTime = 39, ConnectedSlopes =  }, Lift { LiftID = 49, LiftName = ..." storage="/mnt/c/users/alena/desktop/7_sem/testing_and_debugging/skiresort/bl.tests/bin/debug/net6.0/bl.tests.dll" id="f65d2a22-5a1c-c6b4-812a-ef58f9f2358b">
      <Execution id="b10730bc-fcd8-410e-a043-145be7d247fc" />
      <TestMethod codeBase="/mnt/c/Users/alena/Desktop/7_sem/testing_and_debugging/SkiResort/BL.Tests/bin/Debug/net6.0/BL.Tests.dll" adapterTypeName="executor://xunit/VsTestRunner2/netcoreapp" className="BL.Tests.LiftsServiceTest" name="TestGetLiftsInfoAsync" />
    </UnitTest>
    <UnitTest name="BL.Tests.CheckPermissionsServiceTests.SkiPatrolHasAccessToAdminSkiPatrolFunctions(functionName: &quot;GetLiftsSlopesInfoAsync&quot;)" storage="/mnt/c/users/alena/desktop/7_sem/testing_and_debugging/skiresort/bl.tests/bin/debug/net6.0/bl.tests.dll" id="2d706594-f2b3-b3c8-21d4-86c9798c3306">
      <Execution id="77869790-9174-4c01-9f72-4fd31d5aa5fc" />
      <TestMethod codeBase="/mnt/c/Users/alena/Desktop/7_sem/testing_and_debugging/SkiResort/BL.Tests/bin/Debug/net6.0/BL.Tests.dll" adapterTypeName="executor://xunit/VsTestRunner2/netcoreapp" className="BL.Tests.CheckPermissionsServiceTests" name="SkiPatrolHasAccessToAdminSkiPatrolFunctions" />
    </UnitTest>
    <UnitTest name="BL.Tests.CheckPermissionsServiceTests.AuthorizedHasNoAccessToAdminSkiPatrolFunctions(functionName: &quot;GetLiftsSlopesInfoAsync&quot;)" storage="/mnt/c/users/alena/desktop/7_sem/testing_and_debugging/skiresort/bl.tests/bin/debug/net6.0/bl.tests.dll" id="4f297306-d4f3-8d63-e7f4-1ac0b8c58c74">
      <Execution id="9260f636-a1a5-4749-90cf-1eb18b4b0f65" />
      <TestMethod codeBase="/mnt/c/Users/alena/Desktop/7_sem/testing_and_debugging/SkiResort/BL.Tests/bin/Debug/net6.0/BL.Tests.dll" adapterTypeName="executor://xunit/VsTestRunner2/netcoreapp" className="BL.Tests.CheckPermissionsServiceTests" name="AuthorizedHasNoAccessToAdminSkiPatrolFunctions" />
    </UnitTest>
    <UnitTest name="BL.Tests.CheckPermissionsServiceTests.UnauthorizedHasNoAccessToAdminSkiPatrolFunctions(functionName: &quot;GetLiftsSlopesInfoAsync&quot;)" storage="/mnt/c/users/alena/desktop/7_sem/testing_and_debugging/skiresort/bl.tests/bin/debug/net6.0/bl.tests.dll" id="387c9729-48c1-486e-5e67-f5d11a9f0db8">
      <Execution id="18773b0e-405f-4c15-8fac-07e5d051de84" />
      <TestMethod codeBase="/mnt/c/Users/alena/Desktop/7_sem/testing_and_debugging/SkiResort/BL.Tests/bin/Debug/net6.0/BL.Tests.dll" adapterTypeName="executor://xunit/VsTestRunner2/netcoreapp" className="BL.Tests.CheckPermissionsServiceTests" name="UnauthorizedHasNoAccessToAdminSkiPatrolFunctions" />
    </UnitTest>
    <UnitTest name="BL.Tests.UsersServiceTests.TestRegisterUserWithRepeatedEmail" storage="/mnt/c/users/alena/desktop/7_sem/testing_and_debugging/skiresort/bl.tests/bin/debug/net6.0/bl.tests.dll" id="894941c1-bfa7-d8f9-c047-1e1ceefe2c2f">
      <Execution id="dec9221a-a981-4773-91f0-b5b99b477902" />
      <TestMethod codeBase="/mnt/c/Users/alena/Desktop/7_sem/testing_and_debugging/SkiResort/BL.Tests/bin/Debug/net6.0/BL.Tests.dll" adapterTypeName="executor://xunit/VsTestRunner2/netcoreapp" className="BL.Tests.UsersServiceTests" name="TestRegisterUserWithRepeatedEmail" />
    </UnitTest>
    <UnitTest name="BL.Tests.CheckPermissionsServiceTests.UnauthorizedHasNoAccessToAdminFunctions" storage="/mnt/c/users/alena/desktop/7_sem/testing_and_debugging/skiresort/bl.tests/bin/debug/net6.0/bl.tests.dll" id="e2d7e5be-3dae-33ae-fb17-c704b6fd58d6">
      <Execution id="3224dfe1-807c-4fb6-bb16-12cc9612fdc3" />
      <TestMethod codeBase="/mnt/c/Users/alena/Desktop/7_sem/testing_and_debugging/SkiResort/BL.Tests/bin/Debug/net6.0/BL.Tests.dll" adapterTypeName="executor://xunit/VsTestRunner2/netcoreapp" className="BL.Tests.CheckPermissionsServiceTests" name="UnauthorizedHasNoAccessToAdminFunctions" />
    </UnitTest>
    <UnitTest name="BL.Tests.LiftsServiceTest.TestUpdateLiftInfoAsync(userID: 179, lift: Lift { LiftID = 195, LiftName = liftName51800d1d-31ec-471b-87e7-4efecad45999, IsOpen = True, SeatsAmount = 70, LiftingTime = 216, QueueTime = 88, ConnectedSlopes =  }, checkPermissionServiceMock: Mock&lt;ICheckPermissionService:3&gt;, liftsRepositoryStub: Mock&lt;ILiftsRepository:3&gt;, sut: LiftsService { })" storage="/mnt/c/users/alena/desktop/7_sem/testing_and_debugging/skiresort/bl.tests/bin/debug/net6.0/bl.tests.dll" id="8c3c6af1-053d-27ac-56b3-415d9b42a311">
      <Execution id="da290c46-13b9-4cf0-9abf-f1ea67dac187" />
      <TestMethod codeBase="/mnt/c/Users/alena/Desktop/7_sem/testing_and_debugging/SkiResort/BL.Tests/bin/Debug/net6.0/BL.Tests.dll" adapterTypeName="executor://xunit/VsTestRunner2/netcoreapp" className="BL.Tests.LiftsServiceTest" name="TestUpdateLiftInfoAsync" />
    </UnitTest>
    <UnitTest name="BL.Tests.UsersServiceTests.TestRegisterUserWithNoPassword" storage="/mnt/c/users/alena/desktop/7_sem/testing_and_debugging/skiresort/bl.tests/bin/debug/net6.0/bl.tests.dll" id="f44a1b21-8efc-bfac-63b4-d534442def31">
      <Execution id="174b6ffc-fd20-4783-b72b-202234d5a89c" />
      <TestMethod codeBase="/mnt/c/Users/alena/Desktop/7_sem/testing_and_debugging/SkiResort/BL.Tests/bin/Debug/net6.0/BL.Tests.dll" adapterTypeName="executor://xunit/VsTestRunner2/netcoreapp" className="BL.Tests.UsersServiceTests" name="TestRegisterUserWithNoPassword" />
    </UnitTest>
    <UnitTest name="BL.Tests.SlopesServiceTest.TestAdminAddSlopeAsync(userID: 148, slope: Slope { SlopeID = 72, SlopeName = slopeNameaa555301-12d7-471b-a2a6-106988f0873c, IsOpen = True, DifficultyLevel = 120, ConnectedLifts =  }, checkPermissionServiceMock: Mock&lt;ICheckPermissionService:11&gt;, slopesRepositoryStub: Mock&lt;ISlopesRepository:9&gt;, sut: SlopesService { })" storage="/mnt/c/users/alena/desktop/7_sem/testing_and_debugging/skiresort/bl.tests/bin/debug/net6.0/bl.tests.dll" id="5146e5fe-ffc9-80b0-a29c-1beb8214c78f">
      <Execution id="b67685b9-8b4f-430f-8c21-c5f2cd9d17a6" />
      <TestMethod codeBase="/mnt/c/Users/alena/Desktop/7_sem/testing_and_debugging/SkiResort/BL.Tests/bin/Debug/net6.0/BL.Tests.dll" adapterTypeName="executor://xunit/VsTestRunner2/netcoreapp" className="BL.Tests.SlopesServiceTest" name="TestAdminAddSlopeAsync" />
    </UnitTest>
    <UnitTest name="BL.Tests.SlopesServiceTest.TestAdminAddAutoIncrementSlopeAsync(userID: 57, slope: Slope { SlopeID = 167, SlopeName = slopeName462d7c2e-8fd4-4f30-be3e-990b6f3fa443, IsOpen = True, DifficultyLevel = 162, ConnectedLifts =  }, checkPermissionServiceMock: Mock&lt;ICheckPermissionService:10&gt;, slopesRepositoryStub: Mock&lt;ISlopesRepository:8&gt;, sut: SlopesService { })" storage="/mnt/c/users/alena/desktop/7_sem/testing_and_debugging/skiresort/bl.tests/bin/debug/net6.0/bl.tests.dll" id="41f5b761-96ae-e602-7c57-bd6973a5217d">
      <Execution id="f81b6bee-2e48-4961-824b-128bc369658c" />
      <TestMethod codeBase="/mnt/c/Users/alena/Desktop/7_sem/testing_and_debugging/SkiResort/BL.Tests/bin/Debug/net6.0/BL.Tests.dll" adapterTypeName="executor://xunit/VsTestRunner2/netcoreapp" className="BL.Tests.SlopesServiceTest" name="TestAdminAddAutoIncrementSlopeAsync" />
    </UnitTest>
    <UnitTest name="BL.Tests.SlopesServiceTest.TestGetSlopesInfoAsync(userID: 248, initialSlopes: [Slope { SlopeID = 238, SlopeName = slopeNamec9cb3ef9-6272-4700-ab48-540dec3512bd, IsOpen = True, DifficultyLevel = 197, ConnectedLifts =  }, Slope { SlopeID = 144, SlopeName = slopeNamed76e876f-6fa1-479b-9a44-265e51fadcfe, IsOpen = False, DifficultyLevel = 76, ConnectedLifts =  }, Slope { SlopeID = 155, SlopeName = slopeName14ebfb72-f05a-468a-b603-b3548b55716d, I..." storage="/mnt/c/users/alena/desktop/7_sem/testing_and_debugging/skiresort/bl.tests/bin/debug/net6.0/bl.tests.dll" id="9be86acd-edca-4507-6c01-b6f4da23bb9f">
      <Execution id="7dea6017-5c76-4193-963f-c71593e9d743" />
      <TestMethod codeBase="/mnt/c/Users/alena/Desktop/7_sem/testing_and_debugging/SkiResort/BL.Tests/bin/Debug/net6.0/BL.Tests.dll" adapterTypeName="executor://xunit/VsTestRunner2/netcoreapp" className="BL.Tests.SlopesServiceTest" name="TestGetSlopesInfoAsync" />
    </UnitTest>
    <UnitTest name="BL.Tests.LiftsServiceTest.TestGetLiftInfoAsync(userID: 223, lift: Lift { LiftID = 121, LiftName = liftNamebcd071f8-f378-4937-935b-8f6942b9f545, IsOpen = True, SeatsAmount = 220, LiftingTime = 133, QueueTime = 42, ConnectedSlopes =  }, checkPermissionServiceMock: Mock&lt;ICheckPermissionService:1&gt;, liftsRepositoryStub: Mock&lt;ILiftsRepository:1&gt;, liftsSlopesRepositoryStub: Mock&lt;ILiftsSlopesRepository:1&gt;, sut: LiftsService { })" storage="/mnt/c/users/alena/desktop/7_sem/testing_and_debugging/skiresort/bl.tests/bin/debug/net6.0/bl.tests.dll" id="12d0a36a-4f0f-b38f-9b01-945366da3806">
      <Execution id="4bc25f7a-f16c-42bd-9a2e-5c5352eb6338" />
      <TestMethod codeBase="/mnt/c/Users/alena/Desktop/7_sem/testing_and_debugging/SkiResort/BL.Tests/bin/Debug/net6.0/BL.Tests.dll" adapterTypeName="executor://xunit/VsTestRunner2/netcoreapp" className="BL.Tests.LiftsServiceTest" name="TestGetLiftInfoAsync" />
    </UnitTest>
    <UnitTest name="BL.Tests.LiftsSlopesServiceTests.TestAdminDeleteLiftSlopeAsync(lift: Lift { LiftID = 93, LiftName = liftName2d16fe78-4343-45cf-84b4-0389ae1160ac, IsOpen = True, SeatsAmount = 150, LiftingTime = 112, QueueTime = 65, ConnectedSlopes =  }, slope: Slope { SlopeID = 143, SlopeName = slopeNamec6431e67-b9ae-4c8d-836a-28bf4150503a, IsOpen = False, DifficultyLevel = 74, ConnectedLifts =  }, slopesRepositoryStub: Mock&lt;ISlopesRepository:2&gt;, liftsRepos..." storage="/mnt/c/users/alena/desktop/7_sem/testing_and_debugging/skiresort/bl.tests/bin/debug/net6.0/bl.tests.dll" id="e054b794-a20f-cd6c-14e0-6b67c4252b4a">
      <Execution id="9dbd5568-ae2c-4ccf-a394-a338168614ca" />
      <TestMethod codeBase="/mnt/c/Users/alena/Desktop/7_sem/testing_and_debugging/SkiResort/BL.Tests/bin/Debug/net6.0/BL.Tests.dll" adapterTypeName="executor://xunit/VsTestRunner2/netcoreapp" className="BL.Tests.LiftsSlopesServiceTests" name="TestAdminDeleteLiftSlopeAsync" />
    </UnitTest>
    <UnitTest name="BL.Tests.CheckPermissionsServiceTests.SkiPatrolHasNoAccessToAdminFunctions" storage="/mnt/c/users/alena/desktop/7_sem/testing_and_debugging/skiresort/bl.tests/bin/debug/net6.0/bl.tests.dll" id="492c0393-35b4-df26-a537-21ca08302f3c">
      <Execution id="29cf2161-92ed-450b-b712-f9addac45e09" />
      <TestMethod codeBase="/mnt/c/Users/alena/Desktop/7_sem/testing_and_debugging/SkiResort/BL.Tests/bin/Debug/net6.0/BL.Tests.dll" adapterTypeName="executor://xunit/VsTestRunner2/netcoreapp" className="BL.Tests.CheckPermissionsServiceTests" name="SkiPatrolHasNoAccessToAdminFunctions" />
    </UnitTest>
    <UnitTest name="BL.Tests.UsersServiceTests.TestAdminDeleteUser" storage="/mnt/c/users/alena/desktop/7_sem/testing_and_debugging/skiresort/bl.tests/bin/debug/net6.0/bl.tests.dll" id="18fa8c62-e27d-e1fc-8182-4d7db62b008d">
      <Execution id="3fdccb1b-bc80-4bef-ad42-6d5d7b03d68b" />
      <TestMethod codeBase="/mnt/c/Users/alena/Desktop/7_sem/testing_and_debugging/SkiResort/BL.Tests/bin/Debug/net6.0/BL.Tests.dll" adapterTypeName="executor://xunit/VsTestRunner2/netcoreapp" className="BL.Tests.UsersServiceTests" name="TestAdminDeleteUser" />
    </UnitTest>
    <UnitTest name="BL.Tests.UsersServiceTests.TestLogInWithWrongPassword" storage="/mnt/c/users/alena/desktop/7_sem/testing_and_debugging/skiresort/bl.tests/bin/debug/net6.0/bl.tests.dll" id="69340bb6-3645-f9dd-971e-29d8b2a009bb">
      <Execution id="914bad04-af62-4874-bd30-a5cf942d4b9d" />
      <TestMethod codeBase="/mnt/c/Users/alena/Desktop/7_sem/testing_and_debugging/SkiResort/BL.Tests/bin/Debug/net6.0/BL.Tests.dll" adapterTypeName="executor://xunit/VsTestRunner2/netcoreapp" className="BL.Tests.UsersServiceTests" name="TestLogInWithWrongPassword" />
    </UnitTest>
    <UnitTest name="BL.Tests.CheckPermissionsServiceTests.UnauthorizedHasNoAccessToAdminSkiPatrolFunctions(functionName: &quot;GetMessagesAsync&quot;)" storage="/mnt/c/users/alena/desktop/7_sem/testing_and_debugging/skiresort/bl.tests/bin/debug/net6.0/bl.tests.dll" id="229812f5-9a73-5335-11f5-31330d1348a5">
      <Execution id="32c53cb1-44f3-41a2-800d-f36a5423cebf" />
      <TestMethod codeBase="/mnt/c/Users/alena/Desktop/7_sem/testing_and_debugging/SkiResort/BL.Tests/bin/Debug/net6.0/BL.Tests.dll" adapterTypeName="executor://xunit/VsTestRunner2/netcoreapp" className="BL.Tests.CheckPermissionsServiceTests" name="UnauthorizedHasNoAccessToAdminSkiPatrolFunctions" />
    </UnitTest>
    <UnitTest name="BL.Tests.TurnstilesServiceTest.TestAdminUpdateTurnstileAsync(userID: 150, turnstile: Turnstile { TurnstileID = 193, LiftID = 205, IsOpen = True }, checkPermissionServiceMock: Mock&lt;ICheckPermissionService:14&gt;, turnstilesRepositoryStub: Mock&lt;ITurnstilesRepository:8&gt;, sut: TurnstilesService { })" storage="/mnt/c/users/alena/desktop/7_sem/testing_and_debugging/skiresort/bl.tests/bin/debug/net6.0/bl.tests.dll" id="3710839b-9099-f670-e1cf-ef49a98670ed">
      <Execution id="1d846454-e6b3-460f-a09a-a8ab462e3aa9" />
      <TestMethod codeBase="/mnt/c/Users/alena/Desktop/7_sem/testing_and_debugging/SkiResort/BL.Tests/bin/Debug/net6.0/BL.Tests.dll" adapterTypeName="executor://xunit/VsTestRunner2/netcoreapp" className="BL.Tests.TurnstilesServiceTest" name="TestAdminUpdateTurnstileAsync" />
    </UnitTest>
    <UnitTest name="BL.Tests.UsersServiceTests.TestRegisterUserWithNoEmail" storage="/mnt/c/users/alena/desktop/7_sem/testing_and_debugging/skiresort/bl.tests/bin/debug/net6.0/bl.tests.dll" id="8184bd30-991c-b78d-b4ec-99a485eac0dd">
      <Execution id="69e29b21-ac81-48e2-a6e1-76b9f0425e28" />
      <TestMethod codeBase="/mnt/c/Users/alena/Desktop/7_sem/testing_and_debugging/SkiResort/BL.Tests/bin/Debug/net6.0/BL.Tests.dll" adapterTypeName="executor://xunit/VsTestRunner2/netcoreapp" className="BL.Tests.UsersServiceTests" name="TestRegisterUserWithNoEmail" />
    </UnitTest>
    <UnitTest name="BL.Tests.CheckPermissionsServiceTests.AuthorizedHasNoAccessToAdminSkiPatrolFunctions(functionName: &quot;GetMessagesAsync&quot;)" storage="/mnt/c/users/alena/desktop/7_sem/testing_and_debugging/skiresort/bl.tests/bin/debug/net6.0/bl.tests.dll" id="2602613f-c8e2-a6d9-fcf7-5b27d4a770a6">
      <Execution id="ec08e6d8-3bef-4e40-bc9d-53a2cf9c1c93" />
      <TestMethod codeBase="/mnt/c/Users/alena/Desktop/7_sem/testing_and_debugging/SkiResort/BL.Tests/bin/Debug/net6.0/BL.Tests.dll" adapterTypeName="executor://xunit/VsTestRunner2/netcoreapp" className="BL.Tests.CheckPermissionsServiceTests" name="AuthorizedHasNoAccessToAdminSkiPatrolFunctions" />
    </UnitTest>
    <UnitTest name="BL.Tests.UsersServiceTests.TestRegisterOk" storage="/mnt/c/users/alena/desktop/7_sem/testing_and_debugging/skiresort/bl.tests/bin/debug/net6.0/bl.tests.dll" id="0eeef75f-6e38-7893-a8fe-cff3e0a970a7">
      <Execution id="7c057c30-993e-48d7-87fd-844cbe166a6e" />
      <TestMethod codeBase="/mnt/c/Users/alena/Desktop/7_sem/testing_and_debugging/SkiResort/BL.Tests/bin/Debug/net6.0/BL.Tests.dll" adapterTypeName="executor://xunit/VsTestRunner2/netcoreapp" className="BL.Tests.UsersServiceTests" name="TestRegisterOk" />
    </UnitTest>
    <UnitTest name="BL.Tests.LiftsSlopesServiceTests.TestAdminAddAutoIncrementLiftSlopeAsync(lift: Lift { LiftID = 112, LiftName = liftNamece29bc0c-b424-49ff-bb55-f19a3cdfdb63, IsOpen = True, SeatsAmount = 167, LiftingTime = 18, QueueTime = 254, ConnectedSlopes =  }, slope: Slope { SlopeID = 8, SlopeName = slopeNamea6176f90-04dc-4265-ad5c-d50fccfd7424, IsOpen = False, DifficultyLevel = 28, ConnectedLifts =  }, slopesRepositoryStub: Mock&lt;ISlopesRepository:3&gt;, l..." storage="/mnt/c/users/alena/desktop/7_sem/testing_and_debugging/skiresort/bl.tests/bin/debug/net6.0/bl.tests.dll" id="9b5e0981-3bb9-f8ce-8ff8-98b0151f87aa">
      <Execution id="d0c587b3-361d-46c3-b5a5-74699c7570b4" />
      <TestMethod codeBase="/mnt/c/Users/alena/Desktop/7_sem/testing_and_debugging/SkiResort/BL.Tests/bin/Debug/net6.0/BL.Tests.dll" adapterTypeName="executor://xunit/VsTestRunner2/netcoreapp" className="BL.Tests.LiftsSlopesServiceTests" name="TestAdminAddAutoIncrementLiftSlopeAsync" />
    </UnitTest>
    <UnitTest name="BL.Tests.CheckPermissionsServiceTests.UnauthorizedHasNoAccessToAuthorizedFunctions(functionName: &quot;LogOutAsync&quot;)" storage="/mnt/c/users/alena/desktop/7_sem/testing_and_debugging/skiresort/bl.tests/bin/debug/net6.0/bl.tests.dll" id="fa960c5e-f989-2880-784e-8efe538c5231">
      <Execution id="faeb3d6a-a191-498e-b36a-578ed5c6595c" />
      <TestMethod codeBase="/mnt/c/Users/alena/Desktop/7_sem/testing_and_debugging/SkiResort/BL.Tests/bin/Debug/net6.0/BL.Tests.dll" adapterTypeName="executor://xunit/VsTestRunner2/netcoreapp" className="BL.Tests.CheckPermissionsServiceTests" name="UnauthorizedHasNoAccessToAuthorizedFunctions" />
    </UnitTest>
    <UnitTest name="BL.Tests.TurnstilesServiceTest.TestAdminDeleteTurnstileAsync(userID: 51, turnstile: Turnstile { TurnstileID = 69, LiftID = 203, IsOpen = True }, checkPermissionServiceMock: Mock&lt;ICheckPermissionService:15&gt;, turnstilesRepositoryStub: Mock&lt;ITurnstilesRepository:9&gt;, sut: TurnstilesService { })" storage="/mnt/c/users/alena/desktop/7_sem/testing_and_debugging/skiresort/bl.tests/bin/debug/net6.0/bl.tests.dll" id="3bc76f16-00a5-7a0a-1e7b-26cfe9086877">
      <Execution id="e7c1593c-8c2c-4460-8ede-e6b46a0cc080" />
      <TestMethod codeBase="/mnt/c/Users/alena/Desktop/7_sem/testing_and_debugging/SkiResort/BL.Tests/bin/Debug/net6.0/BL.Tests.dll" adapterTypeName="executor://xunit/VsTestRunner2/netcoreapp" className="BL.Tests.TurnstilesServiceTest" name="TestAdminDeleteTurnstileAsync" />
    </UnitTest>
    <UnitTest name="BL.Tests.SlopesServiceTest.TestUpdateSlopeInfoAsync(userID: 18, slope: Slope { SlopeID = 211, SlopeName = slopeName2d69da14-338b-4ad2-ba05-a381cd45f37b, IsOpen = True, DifficultyLevel = 126, ConnectedLifts =  }, checkPermissionServiceMock: Mock&lt;ICheckPermissionService:8&gt;, slopesRepositoryStub: Mock&lt;ISlopesRepository:6&gt;, sut: SlopesService { })" storage="/mnt/c/users/alena/desktop/7_sem/testing_and_debugging/skiresort/bl.tests/bin/debug/net6.0/bl.tests.dll" id="9d7924d0-e2eb-4f34-5ed0-ae05b2ea3df6">
      <Execution id="ebe3a3c8-6693-4354-aede-360c027f5d67" />
      <TestMethod codeBase="/mnt/c/Users/alena/Desktop/7_sem/testing_and_debugging/SkiResort/BL.Tests/bin/Debug/net6.0/BL.Tests.dll" adapterTypeName="executor://xunit/VsTestRunner2/netcoreapp" className="BL.Tests.SlopesServiceTest" name="TestUpdateSlopeInfoAsync" />
    </UnitTest>
    <UnitTest name="BL.Tests.TurnstilesServiceTest.TestAdminAddAutoIncrementTurnstileAsync(userID: 76, turnstile: Turnstile { TurnstileID = 204, LiftID = 201, IsOpen = True }, checkPermissionServiceMock: Mock&lt;ICheckPermissionService:16&gt;, turnstilesRepositoryStub: Mock&lt;ITurnstilesRepository:10&gt;, sut: TurnstilesService { })" storage="/mnt/c/users/alena/desktop/7_sem/testing_and_debugging/skiresort/bl.tests/bin/debug/net6.0/bl.tests.dll" id="e380a626-76ba-b454-5cd2-58c5949102eb">
      <Execution id="69b4b7f3-961a-4315-8b49-b2e4432013af" />
      <TestMethod codeBase="/mnt/c/Users/alena/Desktop/7_sem/testing_and_debugging/SkiResort/BL.Tests/bin/Debug/net6.0/BL.Tests.dll" adapterTypeName="executor://xunit/VsTestRunner2/netcoreapp" className="BL.Tests.TurnstilesServiceTest" name="TestAdminAddAutoIncrementTurnstileAsync" />
    </UnitTest>
    <UnitTest name="BL.Tests.LiftsServiceTest.TestAdminAddAutoIncrementLiftAsync(userID: 183, lift: Lift { LiftID = 27, LiftName = liftNamea1a97a8f-df83-4ca6-a875-512eb0fb8160, IsOpen = True, SeatsAmount = 233, LiftingTime = 93, QueueTime = 35, ConnectedSlopes =  }, checkPermissionServiceMock: Mock&lt;ICheckPermissionService:5&gt;, liftsRepositoryStub: Mock&lt;ILiftsRepository:5&gt;, sut: LiftsService { })" storage="/mnt/c/users/alena/desktop/7_sem/testing_and_debugging/skiresort/bl.tests/bin/debug/net6.0/bl.tests.dll" id="55eacba1-6b08-9b62-4237-58da6344f958">
      <Execution id="39ac2098-8d82-4223-966b-d2c2a8ab0442" />
      <TestMethod codeBase="/mnt/c/Users/alena/Desktop/7_sem/testing_and_debugging/SkiResort/BL.Tests/bin/Debug/net6.0/BL.Tests.dll" adapterTypeName="executor://xunit/VsTestRunner2/netcoreapp" className="BL.Tests.LiftsServiceTest" name="TestAdminAddAutoIncrementLiftAsync" />
    </UnitTest>
    <UnitTest name="BL.Tests.LiftsSlopesServiceTests.TestGetLiftsSlopesInfoAsync(liftsSlopes: [LiftSlope { RecordID = 33, LiftID = 21, SlopeID = 128 }, LiftSlope { RecordID = 73, LiftID = 208, SlopeID = 214 }, LiftSlope { RecordID = 121, LiftID = 118, SlopeID = 103 }], slopesRepositoryStub: Mock&lt;ISlopesRepository:1&gt;, liftsRepositoryStub: Mock&lt;ILiftsRepository:6&gt;, liftsSlopesRepositoryStub: Mock&lt;ILiftsSlopesRepository:6&gt;)" storage="/mnt/c/users/alena/desktop/7_sem/testing_and_debugging/skiresort/bl.tests/bin/debug/net6.0/bl.tests.dll" id="e429852d-a6ed-7c2a-25fd-cd839b159d56">
      <Execution id="42527e09-327a-49b4-978f-2ef6b3ea4fd5" />
      <TestMethod codeBase="/mnt/c/Users/alena/Desktop/7_sem/testing_and_debugging/SkiResort/BL.Tests/bin/Debug/net6.0/BL.Tests.dll" adapterTypeName="executor://xunit/VsTestRunner2/netcoreapp" className="BL.Tests.LiftsSlopesServiceTests" name="TestGetLiftsSlopesInfoAsync" />
    </UnitTest>
    <UnitTest name="BL.Tests.SlopesServiceTest.TestGetSlopeInfoAsync(userID: 10, slope: Slope { SlopeID = 254, SlopeName = slopeName3f12ef00-420e-4601-93bb-0bdf7ab02810, IsOpen = True, DifficultyLevel = 84, ConnectedLifts =  }, checkPermissionServiceMock: Mock&lt;ICheckPermissionService:6&gt;, slopesRepositoryStub: Mock&lt;ISlopesRepository:4&gt;, liftsSlopesRepositoryStub: Mock&lt;ILiftsSlopesRepository:9&gt;, sut: SlopesService { })" storage="/mnt/c/users/alena/desktop/7_sem/testing_and_debugging/skiresort/bl.tests/bin/debug/net6.0/bl.tests.dll" id="63f3ab46-d6cf-77a7-3f2b-912b45971199">
      <Execution id="8f0d2cc8-56f9-43a8-ada7-700144fc2009" />
      <TestMethod codeBase="/mnt/c/Users/alena/Desktop/7_sem/testing_and_debugging/SkiResort/BL.Tests/bin/Debug/net6.0/BL.Tests.dll" adapterTypeName="executor://xunit/VsTestRunner2/netcoreapp" className="BL.Tests.SlopesServiceTest" name="TestGetSlopeInfoAsync" />
    </UnitTest>
    <UnitTest name="BL.Tests.UsersServiceTests.TestAdminUpdateUser" storage="/mnt/c/users/alena/desktop/7_sem/testing_and_debugging/skiresort/bl.tests/bin/debug/net6.0/bl.tests.dll" id="06d0bc3a-24a0-fb7f-4277-e9ae6d21c7dd">
      <Execution id="d40b08c1-81dc-48d7-b83e-e07f7e2752bd" />
      <TestMethod codeBase="/mnt/c/Users/alena/Desktop/7_sem/testing_and_debugging/SkiResort/BL.Tests/bin/Debug/net6.0/BL.Tests.dll" adapterTypeName="executor://xunit/VsTestRunner2/netcoreapp" className="BL.Tests.UsersServiceTests" name="TestAdminUpdateUser" />
    </UnitTest>
    <UnitTest name="BL.Tests.UsersServiceTests.TestAdminGetUserByIDAsync" storage="/mnt/c/users/alena/desktop/7_sem/testing_and_debugging/skiresort/bl.tests/bin/debug/net6.0/bl.tests.dll" id="e5497347-2721-b7a6-0bd4-69a9921f6947">
      <Execution id="597ae4cc-036f-4c6d-a8eb-ab416e654eb2" />
      <TestMethod codeBase="/mnt/c/Users/alena/Desktop/7_sem/testing_and_debugging/SkiResort/BL.Tests/bin/Debug/net6.0/BL.Tests.dll" adapterTypeName="executor://xunit/VsTestRunner2/netcoreapp" className="BL.Tests.UsersServiceTests" name="TestAdminGetUserByIDAsync" />
    </UnitTest>
    <UnitTest name="BL.Tests.TurnstilesServiceTest.TestAdminGetTurnstileAsync(userID: 183, turnstile: Turnstile { TurnstileID = 68, LiftID = 62, IsOpen = True }, checkPermissionServiceMock: Mock&lt;ICheckPermissionService:12&gt;, turnstilesRepositoryStub: Mock&lt;ITurnstilesRepository:6&gt;, sut: TurnstilesService { })" storage="/mnt/c/users/alena/desktop/7_sem/testing_and_debugging/skiresort/bl.tests/bin/debug/net6.0/bl.tests.dll" id="38e59859-c885-23d1-73af-5569d01efc0b">
      <Execution id="812ed66e-12ff-4b39-87cb-d1c0abd9b3bd" />
      <TestMethod codeBase="/mnt/c/Users/alena/Desktop/7_sem/testing_and_debugging/SkiResort/BL.Tests/bin/Debug/net6.0/BL.Tests.dll" adapterTypeName="executor://xunit/VsTestRunner2/netcoreapp" className="BL.Tests.TurnstilesServiceTest" name="TestAdminGetTurnstileAsync" />
    </UnitTest>
    <UnitTest name="BL.Tests.UsersServiceTests.TestAdminGetUsers" storage="/mnt/c/users/alena/desktop/7_sem/testing_and_debugging/skiresort/bl.tests/bin/debug/net6.0/bl.tests.dll" id="20ad8570-0170-85de-dcd7-2f109dd7bcd6">
      <Execution id="7baa646c-1563-4604-a8d2-2a95de126f46" />
      <TestMethod codeBase="/mnt/c/Users/alena/Desktop/7_sem/testing_and_debugging/SkiResort/BL.Tests/bin/Debug/net6.0/BL.Tests.dll" adapterTypeName="executor://xunit/VsTestRunner2/netcoreapp" className="BL.Tests.UsersServiceTests" name="TestAdminGetUsers" />
    </UnitTest>
    <UnitTest name="BL.Tests.SlopesServiceTest.TestAdminDeleteSlopeAsync(userID: 246, slope: Slope { SlopeID = 169, SlopeName = slopeName041fe3b4-3d9a-40a6-94f9-51ecbe947cc9, IsOpen = True, DifficultyLevel = 157, ConnectedLifts =  }, checkPermissionServiceMock: Mock&lt;ICheckPermissionService:9&gt;, slopesRepositoryStub: Mock&lt;ISlopesRepository:7&gt;, liftsSlopesRepositoryStub: Mock&lt;ILiftsSlopesRepository:12&gt;, sut: SlopesService { })" storage="/mnt/c/users/alena/desktop/7_sem/testing_and_debugging/skiresort/bl.tests/bin/debug/net6.0/bl.tests.dll" id="03332c66-f822-f88d-e21e-af326023c0fe">
      <Execution id="9e32d376-1dfe-4c47-81e1-fc94ed1fe554" />
      <TestMethod codeBase="/mnt/c/Users/alena/Desktop/7_sem/testing_and_debugging/SkiResort/BL.Tests/bin/Debug/net6.0/BL.Tests.dll" adapterTypeName="executor://xunit/VsTestRunner2/netcoreapp" className="BL.Tests.SlopesServiceTest" name="TestAdminDeleteSlopeAsync" />
    </UnitTest>
    <UnitTest name="BL.Tests.TurnstilesServiceTest.TestAdminGetTurnstilesAsync(userID: 79, initialTurnstiles: [Turnstile { TurnstileID = 216, LiftID = 109, IsOpen = True }, Turnstile { TurnstileID = 91, LiftID = 83, IsOpen = False }, Turnstile { TurnstileID = 151, LiftID = 173, IsOpen = True }], checkPermissionServiceMock: Mock&lt;ICheckPermissionService:13&gt;, turnstilesRepositoryStub: Mock&lt;ITurnstilesRepository:7&gt;, sut: TurnstilesService { })" storage="/mnt/c/users/alena/desktop/7_sem/testing_and_debugging/skiresort/bl.tests/bin/debug/net6.0/bl.tests.dll" id="dd69def6-c455-b444-73ad-e7f6f41e3da4">
      <Execution id="6c2b6f85-94a7-46ed-bf5b-fb631b24b3a4" />
      <TestMethod codeBase="/mnt/c/Users/alena/Desktop/7_sem/testing_and_debugging/SkiResort/BL.Tests/bin/Debug/net6.0/BL.Tests.dll" adapterTypeName="executor://xunit/VsTestRunner2/netcoreapp" className="BL.Tests.TurnstilesServiceTest" name="TestAdminGetTurnstilesAsync" />
    </UnitTest>
  </TestDefinitions>
  <TestEntries>
    <TestEntry testId="e2d7e5be-3dae-33ae-fb17-c704b6fd58d6" executionId="3224dfe1-807c-4fb6-bb16-12cc9612fdc3" testListId="8c84fa94-04c1-424b-9868-57a2d4851a1d" />
    <TestEntry testId="63f3ab46-d6cf-77a7-3f2b-912b45971199" executionId="8f0d2cc8-56f9-43a8-ada7-700144fc2009" testListId="8c84fa94-04c1-424b-9868-57a2d4851a1d" />
    <TestEntry testId="2d706594-f2b3-b3c8-21d4-86c9798c3306" executionId="77869790-9174-4c01-9f72-4fd31d5aa5fc" testListId="8c84fa94-04c1-424b-9868-57a2d4851a1d" />
    <TestEntry testId="8c3c6af1-053d-27ac-56b3-415d9b42a311" executionId="da290c46-13b9-4cf0-9abf-f1ea67dac187" testListId="8c84fa94-04c1-424b-9868-57a2d4851a1d" />
    <TestEntry testId="e054b794-a20f-cd6c-14e0-6b67c4252b4a" executionId="9dbd5568-ae2c-4ccf-a394-a338168614ca" testListId="8c84fa94-04c1-424b-9868-57a2d4851a1d" />
    <TestEntry testId="12d0a36a-4f0f-b38f-9b01-945366da3806" executionId="4bc25f7a-f16c-42bd-9a2e-5c5352eb6338" testListId="8c84fa94-04c1-424b-9868-57a2d4851a1d" />
    <TestEntry testId="229812f5-9a73-5335-11f5-31330d1348a5" executionId="32c53cb1-44f3-41a2-800d-f36a5423cebf" testListId="8c84fa94-04c1-424b-9868-57a2d4851a1d" />
    <TestEntry testId="4f297306-d4f3-8d63-e7f4-1ac0b8c58c74" executionId="9260f636-a1a5-4749-90cf-1eb18b4b0f65" testListId="8c84fa94-04c1-424b-9868-57a2d4851a1d" />
    <TestEntry testId="1ca07ad8-f799-c5d4-e7cc-34fd950198a2" executionId="23f5af5a-aad7-4f9b-a199-efd85f4913b4" testListId="8c84fa94-04c1-424b-9868-57a2d4851a1d" />
    <TestEntry testId="3bc76f16-00a5-7a0a-1e7b-26cfe9086877" executionId="e7c1593c-8c2c-4460-8ede-e6b46a0cc080" testListId="8c84fa94-04c1-424b-9868-57a2d4851a1d" />
    <TestEntry testId="a19a5fcf-c5d2-7d44-5d7d-84403042f4e0" executionId="c09c9e0f-5081-44b5-8ef1-6ca873fe7112" testListId="8c84fa94-04c1-424b-9868-57a2d4851a1d" />
    <TestEntry testId="644ec43e-70cd-c82d-42e7-0d990be1414d" executionId="4b84eab1-db3d-4e5c-aa8d-927480e14449" testListId="8c84fa94-04c1-424b-9868-57a2d4851a1d" />
    <TestEntry testId="9b5e0981-3bb9-f8ce-8ff8-98b0151f87aa" executionId="d0c587b3-361d-46c3-b5a5-74699c7570b4" testListId="8c84fa94-04c1-424b-9868-57a2d4851a1d" />
    <TestEntry testId="41f5b761-96ae-e602-7c57-bd6973a5217d" executionId="f81b6bee-2e48-4961-824b-128bc369658c" testListId="8c84fa94-04c1-424b-9868-57a2d4851a1d" />
    <TestEntry testId="06d0bc3a-24a0-fb7f-4277-e9ae6d21c7dd" executionId="d40b08c1-81dc-48d7-b83e-e07f7e2752bd" testListId="8c84fa94-04c1-424b-9868-57a2d4851a1d" />
    <TestEntry testId="e5497347-2721-b7a6-0bd4-69a9921f6947" executionId="597ae4cc-036f-4c6d-a8eb-ab416e654eb2" testListId="8c84fa94-04c1-424b-9868-57a2d4851a1d" />
    <TestEntry testId="f65d2a22-5a1c-c6b4-812a-ef58f9f2358b" executionId="b10730bc-fcd8-410e-a043-145be7d247fc" testListId="8c84fa94-04c1-424b-9868-57a2d4851a1d" />
    <TestEntry testId="f44a1b21-8efc-bfac-63b4-d534442def31" executionId="174b6ffc-fd20-4783-b72b-202234d5a89c" testListId="8c84fa94-04c1-424b-9868-57a2d4851a1d" />
    <TestEntry testId="3710839b-9099-f670-e1cf-ef49a98670ed" executionId="1d846454-e6b3-460f-a09a-a8ab462e3aa9" testListId="8c84fa94-04c1-424b-9868-57a2d4851a1d" />
    <TestEntry testId="eaabd2fc-2f4b-5689-59c8-c7ad34a8f634" executionId="afb0073b-6b06-4e4e-b231-1b221adfaab9" testListId="8c84fa94-04c1-424b-9868-57a2d4851a1d" />
    <TestEntry testId="871a8c31-a601-3c18-b409-92920649226d" executionId="72e2b29a-7d5e-4983-9226-c18e1402d7db" testListId="8c84fa94-04c1-424b-9868-57a2d4851a1d" />
    <TestEntry testId="2602613f-c8e2-a6d9-fcf7-5b27d4a770a6" executionId="ec08e6d8-3bef-4e40-bc9d-53a2cf9c1c93" testListId="8c84fa94-04c1-424b-9868-57a2d4851a1d" />
    <TestEntry testId="f3efc418-a8a6-c7b7-9bac-90b33aa8472f" executionId="2d342195-50cf-49b7-b654-c5cb04a9ac45" testListId="8c84fa94-04c1-424b-9868-57a2d4851a1d" />
    <TestEntry testId="aa28a6b3-21d3-aa45-24d3-bef2facbc899" executionId="f9dd02a6-4bc9-444f-8b43-ca1fc3260eaf" testListId="8c84fa94-04c1-424b-9868-57a2d4851a1d" />
    <TestEntry testId="834c739b-eca4-b36d-6a66-5a1bd75377b8" executionId="8b01cc41-ca64-4caa-95f1-8be14da6cf3a" testListId="8c84fa94-04c1-424b-9868-57a2d4851a1d" />
    <TestEntry testId="c36970dc-93f7-753e-fa47-157133b01644" executionId="fac95e61-c537-4d49-a6b7-d6ab12d21bdd" testListId="8c84fa94-04c1-424b-9868-57a2d4851a1d" />
    <TestEntry testId="55eacba1-6b08-9b62-4237-58da6344f958" executionId="39ac2098-8d82-4223-966b-d2c2a8ab0442" testListId="8c84fa94-04c1-424b-9868-57a2d4851a1d" />
    <TestEntry testId="60bd668f-04df-da5e-b79b-5d9aedb5234d" executionId="f9d3a6a1-71bd-4852-a489-ea7886d51214" testListId="8c84fa94-04c1-424b-9868-57a2d4851a1d" />
    <TestEntry testId="03332c66-f822-f88d-e21e-af326023c0fe" executionId="9e32d376-1dfe-4c47-81e1-fc94ed1fe554" testListId="8c84fa94-04c1-424b-9868-57a2d4851a1d" />
    <TestEntry testId="dd69def6-c455-b444-73ad-e7f6f41e3da4" executionId="6c2b6f85-94a7-46ed-bf5b-fb631b24b3a4" testListId="8c84fa94-04c1-424b-9868-57a2d4851a1d" />
    <TestEntry testId="e380a626-76ba-b454-5cd2-58c5949102eb" executionId="69b4b7f3-961a-4315-8b49-b2e4432013af" testListId="8c84fa94-04c1-424b-9868-57a2d4851a1d" />
    <TestEntry testId="387c9729-48c1-486e-5e67-f5d11a9f0db8" executionId="18773b0e-405f-4c15-8fac-07e5d051de84" testListId="8c84fa94-04c1-424b-9868-57a2d4851a1d" />
    <TestEntry testId="9c7df5e2-1b23-ebea-889f-b78ca86b60ab" executionId="d6ca279e-5542-4a4b-b323-ed2826f16115" testListId="8c84fa94-04c1-424b-9868-57a2d4851a1d" />
    <TestEntry testId="492c0393-35b4-df26-a537-21ca08302f3c" executionId="29cf2161-92ed-450b-b712-f9addac45e09" testListId="8c84fa94-04c1-424b-9868-57a2d4851a1d" />
    <TestEntry testId="69340bb6-3645-f9dd-971e-29d8b2a009bb" executionId="914bad04-af62-4874-bd30-a5cf942d4b9d" testListId="8c84fa94-04c1-424b-9868-57a2d4851a1d" />
    <TestEntry testId="fa960c5e-f989-2880-784e-8efe538c5231" executionId="faeb3d6a-a191-498e-b36a-578ed5c6595c" testListId="8c84fa94-04c1-424b-9868-57a2d4851a1d" />
    <TestEntry testId="5146e5fe-ffc9-80b0-a29c-1beb8214c78f" executionId="b67685b9-8b4f-430f-8c21-c5f2cd9d17a6" testListId="8c84fa94-04c1-424b-9868-57a2d4851a1d" />
    <TestEntry testId="8184bd30-991c-b78d-b4ec-99a485eac0dd" executionId="69e29b21-ac81-48e2-a6e1-76b9f0425e28" testListId="8c84fa94-04c1-424b-9868-57a2d4851a1d" />
    <TestEntry testId="e429852d-a6ed-7c2a-25fd-cd839b159d56" executionId="42527e09-327a-49b4-978f-2ef6b3ea4fd5" testListId="8c84fa94-04c1-424b-9868-57a2d4851a1d" />
    <TestEntry testId="38e59859-c885-23d1-73af-5569d01efc0b" executionId="812ed66e-12ff-4b39-87cb-d1c0abd9b3bd" testListId="8c84fa94-04c1-424b-9868-57a2d4851a1d" />
    <TestEntry testId="18fa8c62-e27d-e1fc-8182-4d7db62b008d" executionId="3fdccb1b-bc80-4bef-ad42-6d5d7b03d68b" testListId="8c84fa94-04c1-424b-9868-57a2d4851a1d" />
    <TestEntry testId="894941c1-bfa7-d8f9-c047-1e1ceefe2c2f" executionId="dec9221a-a981-4773-91f0-b5b99b477902" testListId="8c84fa94-04c1-424b-9868-57a2d4851a1d" />
    <TestEntry testId="20ad8570-0170-85de-dcd7-2f109dd7bcd6" executionId="7baa646c-1563-4604-a8d2-2a95de126f46" testListId="8c84fa94-04c1-424b-9868-57a2d4851a1d" />
    <TestEntry testId="0eeef75f-6e38-7893-a8fe-cff3e0a970a7" executionId="7c057c30-993e-48d7-87fd-844cbe166a6e" testListId="8c84fa94-04c1-424b-9868-57a2d4851a1d" />
    <TestEntry testId="9d7924d0-e2eb-4f34-5ed0-ae05b2ea3df6" executionId="ebe3a3c8-6693-4354-aede-360c027f5d67" testListId="8c84fa94-04c1-424b-9868-57a2d4851a1d" />
    <TestEntry testId="a2e59116-cb53-1d70-9cb8-21c286516866" executionId="f72b7653-f571-4ef4-a00a-ea37de2129b1" testListId="8c84fa94-04c1-424b-9868-57a2d4851a1d" />
    <TestEntry testId="9be86acd-edca-4507-6c01-b6f4da23bb9f" executionId="7dea6017-5c76-4193-963f-c71593e9d743" testListId="8c84fa94-04c1-424b-9868-57a2d4851a1d" />
  </TestEntries>
  <TestLists>
    <TestList name="Results Not in a List" id="8c84fa94-04c1-424b-9868-57a2d4851a1d" />
    <TestList name="All Loaded Results" id="19431567-8539-422a-85d7-44ee4e166bda" />
  </TestLists>
  <ResultSummary outcome="Completed">
    <Counters total="47" executed="47" passed="47" failed="0" error="0" timeout="0" aborted="0" inconclusive="0" passedButRunAborted="0" notRunnable="0" notExecuted="0" disconnected="0" warning="0" completed="0" inProgress="0" pending="0" />
    <Output>
      <StdOut>[xUnit.net 00:00:00.00] xUnit.net VSTest Adapter v2.4.5+1caef2f33e (64-bit .NET 6.0.10)
[xUnit.net 00:00:00.87]   Discovering: BL.Tests
[xUnit.net 00:00:01.08]   Discovered:  BL.Tests
[xUnit.net 00:00:01.08]   Starting:    BL.Tests
[xUnit.net 00:00:01.51]   Finished:    BL.Tests
</StdOut>
    </Output>
  </ResultSummary>
</TestRun>