<?xml version="1.0" encoding="utf-8"?>
<TestRun id="8ea3dde3-3ecb-48e0-8eaf-3e31ae0eddaa" name="@DESKTOP-TJ9D65N 2022-11-03 11:16:10" xmlns="http://microsoft.com/schemas/VisualStudio/TeamTest/2010">
  <Times creation="2022-11-03T11:16:10.0672299+03:00" queuing="2022-11-03T11:16:10.0672300+03:00" start="2022-11-03T11:16:07.6342654+03:00" finish="2022-11-03T11:16:10.2818890+03:00" />
  <TestSettings name="default" id="4b55bb79-0cd1-4071-bc74-51d7045996f7">
    <Deployment runDeploymentRoot="_DESKTOP-TJ9D65N_2022-11-03_11_16_10" />
  </TestSettings>
  <Results>
    <UnitTestResult executionId="4421ace9-f6bb-4770-871e-10de11dad343" testId="00a6051d-4525-bc21-8c1b-1d35f7f44718" testName="BL.Tests.TurnstilesServiceTest.TestAdminUpdateTurnstileAsync(userID: 84, turnstile: Turnstile { TurnstileID = 40, LiftID = 202, IsOpen = True }, checkPermissionServiceMock: Mock&lt;ICheckPermissionService:14&gt;, turnstilesRepositoryStub: Mock&lt;ITurnstilesRepository:8&gt;, sut: TurnstilesService { })" computerName="DESKTOP-TJ9D65N" duration="00:00:00.0063105" startTime="2022-11-03T11:16:10.0302315+03:00" endTime="2022-11-03T11:16:10.0302316+03:00" testType="13cdc9d9-ddb5-4fa4-a97d-d965ccfc6d4b" outcome="Passed" testListId="8c84fa94-04c1-424b-9868-57a2d4851a1d" relativeResultsDirectory="4421ace9-f6bb-4770-871e-10de11dad343" />
    <UnitTestResult executionId="906d6126-1d1b-4edf-b6a8-267ba7bb302f" testId="60bd668f-04df-da5e-b79b-5d9aedb5234d" testName="BL.Tests.CheckPermissionsServiceTests.SkiPatrolHasAccessToAdminSkiPatrolFunctions(functionName: &quot;MarkMessageReadByUserAsync&quot;)" computerName="DESKTOP-TJ9D65N" duration="00:00:00.0015094" startTime="2022-11-03T11:16:10.0720451+03:00" endTime="2022-11-03T11:16:10.0720452+03:00" testType="13cdc9d9-ddb5-4fa4-a97d-d965ccfc6d4b" outcome="Passed" testListId="8c84fa94-04c1-424b-9868-57a2d4851a1d" relativeResultsDirectory="906d6126-1d1b-4edf-b6a8-267ba7bb302f" />
    <UnitTestResult executionId="e4dc2c45-a5aa-43fa-bb4e-a7c6931fd210" testId="e5497347-2721-b7a6-0bd4-69a9921f6947" testName="BL.Tests.UsersServiceTests.TestAdminGetUserByIDAsync" computerName="DESKTOP-TJ9D65N" duration="00:00:00.0040096" startTime="2022-11-03T11:16:10.1359936+03:00" endTime="2022-11-03T11:16:10.1359937+03:00" testType="13cdc9d9-ddb5-4fa4-a97d-d965ccfc6d4b" outcome="Passed" testListId="8c84fa94-04c1-424b-9868-57a2d4851a1d" relativeResultsDirectory="e4dc2c45-a5aa-43fa-bb4e-a7c6931fd210" />
    <UnitTestResult executionId="9b7c9104-ccbf-4152-84da-75548e617524" testId="dad2e5e6-9fee-d5ba-e17d-8202f1586908" testName="BL.Tests.SlopesServiceTest.TestUpdateSlopeInfoAsync(userID: 13, slope: Slope { SlopeID = 204, SlopeName = slopeName6f64b6db-3946-4220-a35d-3fe9194e9c3e, IsOpen = True, DifficultyLevel = 20, ConnectedLifts =  }, checkPermissionServiceMock: Mock&lt;ICheckPermissionService:8&gt;, slopesRepositoryStub: Mock&lt;ISlopesRepository:6&gt;, sut: SlopesService { })" computerName="DESKTOP-TJ9D65N" duration="00:00:00.0105928" startTime="2022-11-03T11:16:10.0313253+03:00" endTime="2022-11-03T11:16:10.0313253+03:00" testType="13cdc9d9-ddb5-4fa4-a97d-d965ccfc6d4b" outcome="Passed" testListId="8c84fa94-04c1-424b-9868-57a2d4851a1d" relativeResultsDirectory="9b7c9104-ccbf-4152-84da-75548e617524" />
    <UnitTestResult executionId="e6e50f15-c587-4e77-addb-7b2c6cc5cb6c" testId="e429852d-a6ed-7c2a-25fd-cd839b159d56" testName="BL.Tests.LiftsSlopesServiceTests.TestGetLiftsSlopesInfoAsync(liftsSlopes: [LiftSlope { RecordID = 62, LiftID = 110, SlopeID = 95 }, LiftSlope { RecordID = 113, LiftID = 124, SlopeID = 206 }, LiftSlope { RecordID = 233, LiftID = 18, SlopeID = 234 }], slopesRepositoryStub: Mock&lt;ISlopesRepository:1&gt;, liftsRepositoryStub: Mock&lt;ILiftsRepository:6&gt;, liftsSlopesRepositoryStub: Mock&lt;ILiftsSlopesRepository:6&gt;)" computerName="DESKTOP-TJ9D65N" duration="00:00:00.0440985" startTime="2022-11-03T11:16:09.9280440+03:00" endTime="2022-11-03T11:16:09.9280440+03:00" testType="13cdc9d9-ddb5-4fa4-a97d-d965ccfc6d4b" outcome="Passed" testListId="8c84fa94-04c1-424b-9868-57a2d4851a1d" relativeResultsDirectory="e6e50f15-c587-4e77-addb-7b2c6cc5cb6c" />
    <UnitTestResult executionId="1c8bb7a0-604e-415c-baef-20cc4ded0e40" testId="39744e57-64d8-3b00-ecbe-c338fab2506b" testName="BL.Tests.LiftsServiceTest.TestAdminDeleteLiftAsync(userID: 144, lift: Lift { LiftID = 27, LiftName = liftName416c97fc-668e-4934-b0e0-2badad9d2c0c, IsOpen = True, SeatsAmount = 210, LiftingTime = 113, QueueTime = 153, ConnectedSlopes =  }, checkPermissionServiceMock: Mock&lt;ICheckPermissionService:4&gt;, liftsRepositoryStub: Mock&lt;ILiftsRepository:4&gt;, liftsSlopesRepositoryStub: Mock&lt;ILiftsSlopesRepository:4&gt;, sut: LiftsService { })" computerName="DESKTOP-TJ9D65N" duration="00:00:00.0119126" startTime="2022-11-03T11:16:10.0841595+03:00" endTime="2022-11-03T11:16:10.0841595+03:00" testType="13cdc9d9-ddb5-4fa4-a97d-d965ccfc6d4b" outcome="Passed" testListId="8c84fa94-04c1-424b-9868-57a2d4851a1d" relativeResultsDirectory="1c8bb7a0-604e-415c-baef-20cc4ded0e40" />
    <UnitTestResult executionId="dd8de26c-fdcc-48e8-8e7c-71b6ec9804ef" testId="db8bbb09-87e4-4741-5c5d-1e7d4de5b2c1" testName="BL.Tests.TurnstilesServiceTest.TestAdminAddAutoIncrementTurnstileAsync(userID: 119, turnstile: Turnstile { TurnstileID = 205, LiftID = 252, IsOpen = True }, checkPermissionServiceMock: Mock&lt;ICheckPermissionService:16&gt;, turnstilesRepositoryStub: Mock&lt;ITurnstilesRepository:10&gt;, sut: TurnstilesService { })" computerName="DESKTOP-TJ9D65N" duration="00:00:00.0074186" startTime="2022-11-03T11:16:10.0622381+03:00" endTime="2022-11-03T11:16:10.0622382+03:00" testType="13cdc9d9-ddb5-4fa4-a97d-d965ccfc6d4b" outcome="Passed" testListId="8c84fa94-04c1-424b-9868-57a2d4851a1d" relativeResultsDirectory="dd8de26c-fdcc-48e8-8e7c-71b6ec9804ef" />
    <UnitTestResult executionId="585def16-4539-4013-a98b-1022aac11b19" testId="a19a5fcf-c5d2-7d44-5d7d-84403042f4e0" testName="BL.Tests.CheckPermissionsServiceTests.UnauthorizedHasNoAccessToAdminSkiPatrolFunctions(functionName: &quot;MarkMessageReadByUserAsync&quot;)" computerName="DESKTOP-TJ9D65N" duration="00:00:00.0372146" startTime="2022-11-03T11:16:09.9230478+03:00" endTime="2022-11-03T11:16:09.9230887+03:00" testType="13cdc9d9-ddb5-4fa4-a97d-d965ccfc6d4b" outcome="Passed" testListId="8c84fa94-04c1-424b-9868-57a2d4851a1d" relativeResultsDirectory="585def16-4539-4013-a98b-1022aac11b19" />
    <UnitTestResult executionId="86a3b4fe-f8f0-477a-b189-112a05aaf720" testId="fa960c5e-f989-2880-784e-8efe538c5231" testName="BL.Tests.CheckPermissionsServiceTests.UnauthorizedHasNoAccessToAuthorizedFunctions(functionName: &quot;LogOutAsync&quot;)" computerName="DESKTOP-TJ9D65N" duration="00:00:00.0015444" startTime="2022-11-03T11:16:10.0331138+03:00" endTime="2022-11-03T11:16:10.0331138+03:00" testType="13cdc9d9-ddb5-4fa4-a97d-d965ccfc6d4b" outcome="Passed" testListId="8c84fa94-04c1-424b-9868-57a2d4851a1d" relativeResultsDirectory="86a3b4fe-f8f0-477a-b189-112a05aaf720" />
    <UnitTestResult executionId="794c74a6-373c-4da0-8ef0-8c4174e70d2f" testId="18fa8c62-e27d-e1fc-8182-4d7db62b008d" testName="BL.Tests.UsersServiceTests.TestAdminDeleteUser" computerName="DESKTOP-TJ9D65N" duration="00:00:00.0030355" startTime="2022-11-03T11:16:10.1474867+03:00" endTime="2022-11-03T11:16:10.1474869+03:00" testType="13cdc9d9-ddb5-4fa4-a97d-d965ccfc6d4b" outcome="Passed" testListId="8c84fa94-04c1-424b-9868-57a2d4851a1d" relativeResultsDirectory="794c74a6-373c-4da0-8ef0-8c4174e70d2f" />
    <UnitTestResult executionId="b2947f8f-7051-4688-9118-31cdc231fe74" testId="06d0bc3a-24a0-fb7f-4277-e9ae6d21c7dd" testName="BL.Tests.UsersServiceTests.TestAdminUpdateUser" computerName="DESKTOP-TJ9D65N" duration="00:00:00.0049523" startTime="2022-11-03T11:16:10.0375336+03:00" endTime="2022-11-03T11:16:10.0375336+03:00" testType="13cdc9d9-ddb5-4fa4-a97d-d965ccfc6d4b" outcome="Passed" testListId="8c84fa94-04c1-424b-9868-57a2d4851a1d" relativeResultsDirectory="b2947f8f-7051-4688-9118-31cdc231fe74" />
    <UnitTestResult executionId="e5576638-e760-4a36-a462-079ff22d1326" testId="b4d4c5d0-e968-ef48-7587-a355fe10ccb7" testName="BL.Tests.LiftsSlopesServiceTests.TestAdminDeleteLiftSlopeAsync(lift: Lift { LiftID = 89, LiftName = liftNamec0fb55f2-a2d2-4dbb-85eb-bb85ec2d8431, IsOpen = True, SeatsAmount = 214, LiftingTime = 252, QueueTime = 206, ConnectedSlopes =  }, slope: Slope { SlopeID = 107, SlopeName = slopeName6cf53086-f446-41f5-9ce7-f3f69cdcb4d9, IsOpen = False, DifficultyLevel = 191, ConnectedLifts =  }, slopesRepositoryStub: Mock&lt;ISlopesRepository:2&gt;, liftsRepositoryStub: Mock&lt;ILiftsRepository:7&gt;, liftsSlopesRepositoryStub: Mock&lt;ILiftsSlopesRepository:7&gt;)" computerName="DESKTOP-TJ9D65N" duration="00:00:00.0067084" startTime="2022-11-03T11:16:10.0235244+03:00" endTime="2022-11-03T11:16:10.0235244+03:00" testType="13cdc9d9-ddb5-4fa4-a97d-d965ccfc6d4b" outcome="Passed" testListId="8c84fa94-04c1-424b-9868-57a2d4851a1d" relativeResultsDirectory="e5576638-e760-4a36-a462-079ff22d1326" />
    <UnitTestResult executionId="01d73df1-5348-4ddd-8ca9-31d640441040" testId="93220d04-17e4-460a-8fba-169ce686ae2b" testName="BL.Tests.TurnstilesServiceTest.TestAdminGetTurnstilesAsync(userID: 88, initialTurnstiles: [Turnstile { TurnstileID = 199, LiftID = 238, IsOpen = True }, Turnstile { TurnstileID = 176, LiftID = 177, IsOpen = False }, Turnstile { TurnstileID = 196, LiftID = 147, IsOpen = True }], checkPermissionServiceMock: Mock&lt;ICheckPermissionService:13&gt;, turnstilesRepositoryStub: Mock&lt;ITurnstilesRepository:7&gt;, sut: TurnstilesService { })" computerName="DESKTOP-TJ9D65N" duration="00:00:00.0082907" startTime="2022-11-03T11:16:10.0235413+03:00" endTime="2022-11-03T11:16:10.0235413+03:00" testType="13cdc9d9-ddb5-4fa4-a97d-d965ccfc6d4b" outcome="Passed" testListId="8c84fa94-04c1-424b-9868-57a2d4851a1d" relativeResultsDirectory="01d73df1-5348-4ddd-8ca9-31d640441040" />
    <UnitTestResult executionId="6fdeee9d-3faf-40e1-949e-26358bd2b581" testId="1ca07ad8-f799-c5d4-e7cc-34fd950198a2" testName="BL.Tests.UsersServiceTests.TestLogInOk" computerName="DESKTOP-TJ9D65N" duration="00:00:00.0033965" startTime="2022-11-03T11:16:10.0841197+03:00" endTime="2022-11-03T11:16:10.0841197+03:00" testType="13cdc9d9-ddb5-4fa4-a97d-d965ccfc6d4b" outcome="Passed" testListId="8c84fa94-04c1-424b-9868-57a2d4851a1d" relativeResultsDirectory="6fdeee9d-3faf-40e1-949e-26358bd2b581" />
    <UnitTestResult executionId="d70cebe3-486b-4aa5-b578-0a5c9e38a34a" testId="20ad8570-0170-85de-dcd7-2f109dd7bcd6" testName="BL.Tests.UsersServiceTests.TestAdminGetUsers" computerName="DESKTOP-TJ9D65N" duration="00:00:00.0442166" startTime="2022-11-03T11:16:09.9280592+03:00" endTime="2022-11-03T11:16:09.9280592+03:00" testType="13cdc9d9-ddb5-4fa4-a97d-d965ccfc6d4b" outcome="Passed" testListId="8c84fa94-04c1-424b-9868-57a2d4851a1d" relativeResultsDirectory="d70cebe3-486b-4aa5-b578-0a5c9e38a34a" />
    <UnitTestResult executionId="eaefcde6-6035-4d62-b782-8b1685a7ca26" testId="7f22a7db-5112-e14d-503f-abb5af7745ee" testName="BL.Tests.TurnstilesServiceTest.TestAdminGetTurnstileAsync(userID: 68, turnstile: Turnstile { TurnstileID = 78, LiftID = 45, IsOpen = True }, checkPermissionServiceMock: Mock&lt;ICheckPermissionService:12&gt;, turnstilesRepositoryStub: Mock&lt;ITurnstilesRepository:6&gt;, sut: TurnstilesService { })" computerName="DESKTOP-TJ9D65N" duration="00:00:00.0053973" startTime="2022-11-03T11:16:10.0345336+03:00" endTime="2022-11-03T11:16:10.0345337+03:00" testType="13cdc9d9-ddb5-4fa4-a97d-d965ccfc6d4b" outcome="Passed" testListId="8c84fa94-04c1-424b-9868-57a2d4851a1d" relativeResultsDirectory="eaefcde6-6035-4d62-b782-8b1685a7ca26" />
    <UnitTestResult executionId="7927108e-58ff-4bcd-8858-c389932aa864" testId="eaabd2fc-2f4b-5689-59c8-c7ad34a8f634" testName="BL.Tests.CheckPermissionsServiceTests.UnauthorizedHasNoAccessToAuthorizedFunctions(functionName: &quot;SendMessageAsync&quot;)" computerName="DESKTOP-TJ9D65N" duration="00:00:00.0033827" startTime="2022-11-03T11:16:10.0302901+03:00" endTime="2022-11-03T11:16:10.0302902+03:00" testType="13cdc9d9-ddb5-4fa4-a97d-d965ccfc6d4b" outcome="Passed" testListId="8c84fa94-04c1-424b-9868-57a2d4851a1d" relativeResultsDirectory="7927108e-58ff-4bcd-8858-c389932aa864" />
    <UnitTestResult executionId="3b96e505-b1f8-4768-8ea2-b83d5fb6c952" testId="29a0454c-f276-ac31-2a1f-c9a3bfd36960" testName="BL.Tests.LiftsServiceTest.TestGetLiftInfoAsync(userID: 55, lift: Lift { LiftID = 235, LiftName = liftName537ac495-5ec9-411d-ab93-8e014c237ff8, IsOpen = True, SeatsAmount = 152, LiftingTime = 99, QueueTime = 179, ConnectedSlopes =  }, checkPermissionServiceMock: Mock&lt;ICheckPermissionService:1&gt;, liftsRepositoryStub: Mock&lt;ILiftsRepository:1&gt;, liftsSlopesRepositoryStub: Mock&lt;ILiftsSlopesRepository:1&gt;, sut: LiftsService { })" computerName="DESKTOP-TJ9D65N" duration="00:00:00.0460206" startTime="2022-11-03T11:16:09.9626397+03:00" endTime="2022-11-03T11:16:09.9626398+03:00" testType="13cdc9d9-ddb5-4fa4-a97d-d965ccfc6d4b" outcome="Failed" testListId="8c84fa94-04c1-424b-9868-57a2d4851a1d" relativeResultsDirectory="3b96e505-b1f8-4768-8ea2-b83d5fb6c952">
      <Output>
        <ErrorInfo>
          <Message>Assert.NotEqual() Failure
Expected: Not Lift { LiftID = 235, LiftName = liftName537ac495-5ec9-411d-ab93-8e014c237ff8, IsOpen = True, SeatsAmount = 152, LiftingTime = 99, QueueTime = 179, ConnectedSlopes =  }
Actual:   Lift { LiftID = 235, LiftName = liftName537ac495-5ec9-411d-ab93-8e014c237ff8, IsOpen = True, SeatsAmount = 152, LiftingTime = 99, QueueTime = 179, ConnectedSlopes =  }</Message>
          <StackTrace>   at BL.Tests.LiftsServiceTest.TestGetLiftInfoAsync(UInt32 userID, Lift lift, Mock`1 checkPermissionServiceMock, Mock`1 liftsRepositoryStub, Mock`1 liftsSlopesRepositoryStub, LiftsService sut) in /mnt/c/Users/alena/Desktop/7_sem/testing_and_debugging/SkiResort/BL.Tests/LiftsServiceTest.cs:line 42
   at System.Threading.Tasks.Task.&lt;&gt;c.&lt;ThrowAsync&gt;b__128_0(Object state)</StackTrace>
        </ErrorInfo>
      </Output>
    </UnitTestResult>
    <UnitTestResult executionId="8006581c-b74e-4973-a691-837588f937f9" testId="f3efc418-a8a6-c7b7-9bac-90b33aa8472f" testName="BL.Tests.CheckPermissionsServiceTests.AdminHasAccessToAllFunctions" computerName="DESKTOP-TJ9D65N" duration="00:00:00.0017469" startTime="2022-11-03T11:16:10.1913228+03:00" endTime="2022-11-03T11:16:10.1913229+03:00" testType="13cdc9d9-ddb5-4fa4-a97d-d965ccfc6d4b" outcome="Passed" testListId="8c84fa94-04c1-424b-9868-57a2d4851a1d" relativeResultsDirectory="8006581c-b74e-4973-a691-837588f937f9" />
    <UnitTestResult executionId="4682571a-fb3a-4112-9ae9-089729269cbe" testId="2602613f-c8e2-a6d9-fcf7-5b27d4a770a6" testName="BL.Tests.CheckPermissionsServiceTests.AuthorizedHasNoAccessToAdminSkiPatrolFunctions(functionName: &quot;GetMessagesAsync&quot;)" computerName="DESKTOP-TJ9D65N" duration="00:00:00.0032814" startTime="2022-11-03T11:16:10.1227311+03:00" endTime="2022-11-03T11:16:10.1227311+03:00" testType="13cdc9d9-ddb5-4fa4-a97d-d965ccfc6d4b" outcome="Passed" testListId="8c84fa94-04c1-424b-9868-57a2d4851a1d" relativeResultsDirectory="4682571a-fb3a-4112-9ae9-089729269cbe" />
    <UnitTestResult executionId="13056ed2-5a0e-4546-a27b-78128869ad63" testId="0eeef75f-6e38-7893-a8fe-cff3e0a970a7" testName="BL.Tests.UsersServiceTests.TestRegisterOk" computerName="DESKTOP-TJ9D65N" duration="00:00:00.0107264" startTime="2022-11-03T11:16:10.0667679+03:00" endTime="2022-11-03T11:16:10.0667680+03:00" testType="13cdc9d9-ddb5-4fa4-a97d-d965ccfc6d4b" outcome="Passed" testListId="8c84fa94-04c1-424b-9868-57a2d4851a1d" relativeResultsDirectory="13056ed2-5a0e-4546-a27b-78128869ad63" />
    <UnitTestResult executionId="b089f724-389d-4e0b-b90a-8eb8e38fa258" testId="9c7df5e2-1b23-ebea-889f-b78ca86b60ab" testName="BL.Tests.CheckPermissionsServiceTests.AuthorizedHasNoAccessToAdminSkiPatrolFunctions(functionName: &quot;MarkMessageReadByUserAsync&quot;)" computerName="DESKTOP-TJ9D65N" duration="00:00:00.0016162" startTime="2022-11-03T11:16:10.1324386+03:00" endTime="2022-11-03T11:16:10.1324387+03:00" testType="13cdc9d9-ddb5-4fa4-a97d-d965ccfc6d4b" outcome="Passed" testListId="8c84fa94-04c1-424b-9868-57a2d4851a1d" relativeResultsDirectory="b089f724-389d-4e0b-b90a-8eb8e38fa258" />
    <UnitTestResult executionId="01d9403a-bd87-4c6f-a77e-9c5f2397d279" testId="07d3da6a-22e9-eccc-bf68-f1c000070f3e" testName="BL.Tests.SlopesServiceTest.TestAdminAddSlopeAsync(userID: 30, slope: Slope { SlopeID = 149, SlopeName = slopeNamed9696140-3253-4aad-8693-7502281d0bee, IsOpen = True, DifficultyLevel = 245, ConnectedLifts =  }, checkPermissionServiceMock: Mock&lt;ICheckPermissionService:11&gt;, slopesRepositoryStub: Mock&lt;ISlopesRepository:9&gt;, sut: SlopesService { })" computerName="DESKTOP-TJ9D65N" duration="00:00:00.0071970" startTime="2022-11-03T11:16:10.0298892+03:00" endTime="2022-11-03T11:16:10.0298893+03:00" testType="13cdc9d9-ddb5-4fa4-a97d-d965ccfc6d4b" outcome="Passed" testListId="8c84fa94-04c1-424b-9868-57a2d4851a1d" relativeResultsDirectory="01d9403a-bd87-4c6f-a77e-9c5f2397d279" />
    <UnitTestResult executionId="02db2fdf-6ba1-41f8-b652-c5b6471770fe" testId="4c6592e8-ec80-bdfe-d53b-5b075368cd38" testName="BL.Tests.SlopesServiceTest.TestAdminAddAutoIncrementSlopeAsync(userID: 114, slope: Slope { SlopeID = 212, SlopeName = slopeNamef207d566-9420-4703-a165-7ff3221ae651, IsOpen = True, DifficultyLevel = 90, ConnectedLifts =  }, checkPermissionServiceMock: Mock&lt;ICheckPermissionService:10&gt;, slopesRepositoryStub: Mock&lt;ISlopesRepository:8&gt;, sut: SlopesService { })" computerName="DESKTOP-TJ9D65N" duration="00:00:00.0129515" startTime="2022-11-03T11:16:10.0619952+03:00" endTime="2022-11-03T11:16:10.0619953+03:00" testType="13cdc9d9-ddb5-4fa4-a97d-d965ccfc6d4b" outcome="Passed" testListId="8c84fa94-04c1-424b-9868-57a2d4851a1d" relativeResultsDirectory="02db2fdf-6ba1-41f8-b652-c5b6471770fe" />
    <UnitTestResult executionId="1c43b876-0d07-44dd-a6db-6ab87dc7549b" testId="94dab046-829d-60ea-f18f-ad4dd9e948e4" testName="BL.Tests.LiftsServiceTest.TestGetLiftsInfoAsync(userID: 219, initialLifts: [Lift { LiftID = 123, LiftName = liftNamefeac9c88-bee1-4929-bc39-40f62040fda2, IsOpen = True, SeatsAmount = 194, LiftingTime = 153, QueueTime = 14, ConnectedSlopes =  }, Lift { LiftID = 77, LiftName = liftNamee9550a30-c57f-4490-a2c7-e9aaa17bcec2, IsOpen = False, SeatsAmount = 34, LiftingTime = 15, QueueTime = 91, ConnectedSlopes =  }, Lift { LiftID = 185, LiftName = liftName162f29d2-09f6-4d1d-962c-4c7af53e5ce7, IsOpen = True, SeatsAmount = 147, LiftingTime = 33, QueueTime = 180, ConnectedSlopes =  }], checkPermissionServiceMock: Mock&lt;ICheckPermissionService:2&gt;, liftsRepositoryStub: Mock&lt;ILiftsRepository:2&gt;, liftsSlopesRepositoryStub: Mock&lt;ILiftsSlopesRepository:2&gt;, sut: LiftsService { })" computerName="DESKTOP-TJ9D65N" duration="00:00:00.0477852" startTime="2022-11-03T11:16:10.0313558+03:00" endTime="2022-11-03T11:16:10.0313558+03:00" testType="13cdc9d9-ddb5-4fa4-a97d-d965ccfc6d4b" outcome="Passed" testListId="8c84fa94-04c1-424b-9868-57a2d4851a1d" relativeResultsDirectory="1c43b876-0d07-44dd-a6db-6ab87dc7549b" />
    <UnitTestResult executionId="35f512d2-75ba-4d7c-8c10-503b2fce2cc7" testId="86e62c7d-0e8a-008d-d148-23c60ba61f8b" testName="BL.Tests.SlopesServiceTest.TestGetSlopeInfoAsync(userID: 92, slope: Slope { SlopeID = 66, SlopeName = slopeNameb874b7b3-e045-49f3-bc85-7b215f80149b, IsOpen = True, DifficultyLevel = 183, ConnectedLifts =  }, checkPermissionServiceMock: Mock&lt;ICheckPermissionService:6&gt;, slopesRepositoryStub: Mock&lt;ISlopesRepository:4&gt;, liftsSlopesRepositoryStub: Mock&lt;ILiftsSlopesRepository:9&gt;, sut: SlopesService { })" computerName="DESKTOP-TJ9D65N" duration="00:00:00.0400185" startTime="2022-11-03T11:16:09.9278881+03:00" endTime="2022-11-03T11:16:09.9278881+03:00" testType="13cdc9d9-ddb5-4fa4-a97d-d965ccfc6d4b" outcome="Passed" testListId="8c84fa94-04c1-424b-9868-57a2d4851a1d" relativeResultsDirectory="35f512d2-75ba-4d7c-8c10-503b2fce2cc7" />
    <UnitTestResult executionId="adeadc55-b7fe-4209-83a6-04618705cf8c" testId="55176217-3a7d-43a4-352f-772458e381a4" testName="BL.Tests.TurnstilesServiceTest.TestAdminDeleteTurnstileAsync(userID: 194, turnstile: Turnstile { TurnstileID = 196, LiftID = 18, IsOpen = True }, checkPermissionServiceMock: Mock&lt;ICheckPermissionService:15&gt;, turnstilesRepositoryStub: Mock&lt;ITurnstilesRepository:9&gt;, sut: TurnstilesService { })" computerName="DESKTOP-TJ9D65N" duration="00:00:00.0368155" startTime="2022-11-03T11:16:09.9279792+03:00" endTime="2022-11-03T11:16:09.9279792+03:00" testType="13cdc9d9-ddb5-4fa4-a97d-d965ccfc6d4b" outcome="Passed" testListId="8c84fa94-04c1-424b-9868-57a2d4851a1d" relativeResultsDirectory="adeadc55-b7fe-4209-83a6-04618705cf8c" />
    <UnitTestResult executionId="ca010c22-8ce3-43ab-9fb9-0e9b2a7889b0" testId="229812f5-9a73-5335-11f5-31330d1348a5" testName="BL.Tests.CheckPermissionsServiceTests.UnauthorizedHasNoAccessToAdminSkiPatrolFunctions(functionName: &quot;GetMessagesAsync&quot;)" computerName="DESKTOP-TJ9D65N" duration="00:00:00.0019635" startTime="2022-11-03T11:16:10.0235984+03:00" endTime="2022-11-03T11:16:10.0235985+03:00" testType="13cdc9d9-ddb5-4fa4-a97d-d965ccfc6d4b" outcome="Passed" testListId="8c84fa94-04c1-424b-9868-57a2d4851a1d" relativeResultsDirectory="ca010c22-8ce3-43ab-9fb9-0e9b2a7889b0" />
    <UnitTestResult executionId="f652aaec-5caf-467d-9d6c-372ed8e4afee" testId="aa28a6b3-21d3-aa45-24d3-bef2facbc899" testName="BL.Tests.CheckPermissionsServiceTests.AuthorizedHasAccessToAuthorizedFunctions(functionName: &quot;LogOutAsync&quot;)" computerName="DESKTOP-TJ9D65N" duration="00:00:00.0009836" startTime="2022-11-03T11:16:10.1622087+03:00" endTime="2022-11-03T11:16:10.1622087+03:00" testType="13cdc9d9-ddb5-4fa4-a97d-d965ccfc6d4b" outcome="Passed" testListId="8c84fa94-04c1-424b-9868-57a2d4851a1d" relativeResultsDirectory="f652aaec-5caf-467d-9d6c-372ed8e4afee" />
    <UnitTestResult executionId="adca28fd-d7f4-42c9-be6d-a9341a07deff" testId="66127897-e048-1a4f-d77f-992ee1515bda" testName="BL.Tests.SlopesServiceTest.TestAdminDeleteSlopeAsync(userID: 117, slope: Slope { SlopeID = 101, SlopeName = slopeName3a5b5000-5d37-4e27-8eda-659b7d10f11d, IsOpen = True, DifficultyLevel = 31, ConnectedLifts =  }, checkPermissionServiceMock: Mock&lt;ICheckPermissionService:9&gt;, slopesRepositoryStub: Mock&lt;ISlopesRepository:7&gt;, liftsSlopesRepositoryStub: Mock&lt;ILiftsSlopesRepository:12&gt;, sut: SlopesService { })" computerName="DESKTOP-TJ9D65N" duration="00:00:00.0060147" startTime="2022-11-03T11:16:10.0235005+03:00" endTime="2022-11-03T11:16:10.0235006+03:00" testType="13cdc9d9-ddb5-4fa4-a97d-d965ccfc6d4b" outcome="Passed" testListId="8c84fa94-04c1-424b-9868-57a2d4851a1d" relativeResultsDirectory="adca28fd-d7f4-42c9-be6d-a9341a07deff" />
    <UnitTestResult executionId="9de079cd-e7de-43f6-b8e7-7ac6bbcb9d93" testId="8184bd30-991c-b78d-b4ec-99a485eac0dd" testName="BL.Tests.UsersServiceTests.TestRegisterUserWithNoEmail" computerName="DESKTOP-TJ9D65N" duration="00:00:00.0035402" startTime="2022-11-03T11:16:10.0234084+03:00" endTime="2022-11-03T11:16:10.0234084+03:00" testType="13cdc9d9-ddb5-4fa4-a97d-d965ccfc6d4b" outcome="Passed" testListId="8c84fa94-04c1-424b-9868-57a2d4851a1d" relativeResultsDirectory="9de079cd-e7de-43f6-b8e7-7ac6bbcb9d93" />
    <UnitTestResult executionId="a499aa16-107f-4e24-ac1a-762d1ba3d6a6" testId="387c9729-48c1-486e-5e67-f5d11a9f0db8" testName="BL.Tests.CheckPermissionsServiceTests.UnauthorizedHasNoAccessToAdminSkiPatrolFunctions(functionName: &quot;GetLiftsSlopesInfoAsync&quot;)" computerName="DESKTOP-TJ9D65N" duration="00:00:00.0015820" startTime="2022-11-03T11:16:10.0229176+03:00" endTime="2022-11-03T11:16:10.0229177+03:00" testType="13cdc9d9-ddb5-4fa4-a97d-d965ccfc6d4b" outcome="Passed" testListId="8c84fa94-04c1-424b-9868-57a2d4851a1d" relativeResultsDirectory="a499aa16-107f-4e24-ac1a-762d1ba3d6a6" />
    <UnitTestResult executionId="ed985e1d-0641-44e2-ab8a-63196f4b4385" testId="8077e36b-691c-7be0-5add-8c28788e5b48" testName="BL.Tests.LiftsServiceTest.TestUpdateLiftInfoAsync(userID: 105, lift: Lift { LiftID = 56, LiftName = liftNamedb42b10c-058d-44dd-90dd-32637fbb394e, IsOpen = True, SeatsAmount = 112, LiftingTime = 90, QueueTime = 127, ConnectedSlopes =  }, checkPermissionServiceMock: Mock&lt;ICheckPermissionService:3&gt;, liftsRepositoryStub: Mock&lt;ILiftsRepository:3&gt;, sut: LiftsService { })" computerName="DESKTOP-TJ9D65N" duration="00:00:00.0082301" startTime="2022-11-03T11:16:10.0593114+03:00" endTime="2022-11-03T11:16:10.0593115+03:00" testType="13cdc9d9-ddb5-4fa4-a97d-d965ccfc6d4b" outcome="Passed" testListId="8c84fa94-04c1-424b-9868-57a2d4851a1d" relativeResultsDirectory="ed985e1d-0641-44e2-ab8a-63196f4b4385" />
    <UnitTestResult executionId="62995d34-cb16-40fe-9978-98f048dd859f" testId="e2d7e5be-3dae-33ae-fb17-c704b6fd58d6" testName="BL.Tests.CheckPermissionsServiceTests.UnauthorizedHasNoAccessToAdminFunctions" computerName="DESKTOP-TJ9D65N" duration="00:00:00.0022906" startTime="2022-11-03T11:16:10.1720091+03:00" endTime="2022-11-03T11:16:10.1720092+03:00" testType="13cdc9d9-ddb5-4fa4-a97d-d965ccfc6d4b" outcome="Passed" testListId="8c84fa94-04c1-424b-9868-57a2d4851a1d" relativeResultsDirectory="62995d34-cb16-40fe-9978-98f048dd859f" />
    <UnitTestResult executionId="96960b3d-dd8e-4e8e-ac23-ba335112af14" testId="894941c1-bfa7-d8f9-c047-1e1ceefe2c2f" testName="BL.Tests.UsersServiceTests.TestRegisterUserWithRepeatedEmail" computerName="DESKTOP-TJ9D65N" duration="00:00:00.0044170" startTime="2022-11-03T11:16:10.0307582+03:00" endTime="2022-11-03T11:16:10.0307583+03:00" testType="13cdc9d9-ddb5-4fa4-a97d-d965ccfc6d4b" outcome="Passed" testListId="8c84fa94-04c1-424b-9868-57a2d4851a1d" relativeResultsDirectory="96960b3d-dd8e-4e8e-ac23-ba335112af14" />
    <UnitTestResult executionId="2d7839fe-ab17-4c97-a944-ccd70d12b37d" testId="a2e59116-cb53-1d70-9cb8-21c286516866" testName="BL.Tests.CheckPermissionsServiceTests.AuthorizedHasNoAccessToAdminFunctions" computerName="DESKTOP-TJ9D65N" duration="00:00:00.0034451" startTime="2022-11-03T11:16:10.1024565+03:00" endTime="2022-11-03T11:16:10.1024566+03:00" testType="13cdc9d9-ddb5-4fa4-a97d-d965ccfc6d4b" outcome="Passed" testListId="8c84fa94-04c1-424b-9868-57a2d4851a1d" relativeResultsDirectory="2d7839fe-ab17-4c97-a944-ccd70d12b37d" />
    <UnitTestResult executionId="15344c14-4291-4ec7-be06-23f234367966" testId="c36970dc-93f7-753e-fa47-157133b01644" testName="BL.Tests.CheckPermissionsServiceTests.SkiPatrolHasAccessToAdminSkiPatrolFunctions(functionName: &quot;GetMessagesAsync&quot;)" computerName="DESKTOP-TJ9D65N" duration="00:00:00.0010281" startTime="2022-11-03T11:16:10.0848800+03:00" endTime="2022-11-03T11:16:10.0848801+03:00" testType="13cdc9d9-ddb5-4fa4-a97d-d965ccfc6d4b" outcome="Passed" testListId="8c84fa94-04c1-424b-9868-57a2d4851a1d" relativeResultsDirectory="15344c14-4291-4ec7-be06-23f234367966" />
    <UnitTestResult executionId="6837993d-ac61-43d4-b345-68f84b782049" testId="492c0393-35b4-df26-a537-21ca08302f3c" testName="BL.Tests.CheckPermissionsServiceTests.SkiPatrolHasNoAccessToAdminFunctions" computerName="DESKTOP-TJ9D65N" duration="00:00:00.0023324" startTime="2022-11-03T11:16:10.1819056+03:00" endTime="2022-11-03T11:16:10.1819057+03:00" testType="13cdc9d9-ddb5-4fa4-a97d-d965ccfc6d4b" outcome="Passed" testListId="8c84fa94-04c1-424b-9868-57a2d4851a1d" relativeResultsDirectory="6837993d-ac61-43d4-b345-68f84b782049" />
    <UnitTestResult executionId="affe40b6-b614-4292-b6b2-d56a5368a829" testId="644ec43e-70cd-c82d-42e7-0d990be1414d" testName="BL.Tests.CheckPermissionsServiceTests.AuthorizedHasAccessToAuthorizedFunctions(functionName: &quot;SendMessageAsync&quot;)" computerName="DESKTOP-TJ9D65N" duration="00:00:00.0020128" startTime="2022-11-03T11:16:10.1532419+03:00" endTime="2022-11-03T11:16:10.1532420+03:00" testType="13cdc9d9-ddb5-4fa4-a97d-d965ccfc6d4b" outcome="Passed" testListId="8c84fa94-04c1-424b-9868-57a2d4851a1d" relativeResultsDirectory="affe40b6-b614-4292-b6b2-d56a5368a829" />
    <UnitTestResult executionId="ff1593f8-4839-4d09-9912-1bb0ef3e03b9" testId="4f297306-d4f3-8d63-e7f4-1ac0b8c58c74" testName="BL.Tests.CheckPermissionsServiceTests.AuthorizedHasNoAccessToAdminSkiPatrolFunctions(functionName: &quot;GetLiftsSlopesInfoAsync&quot;)" computerName="DESKTOP-TJ9D65N" duration="00:00:00.0015010" startTime="2022-11-03T11:16:10.1432845+03:00" endTime="2022-11-03T11:16:10.1432846+03:00" testType="13cdc9d9-ddb5-4fa4-a97d-d965ccfc6d4b" outcome="Passed" testListId="8c84fa94-04c1-424b-9868-57a2d4851a1d" relativeResultsDirectory="ff1593f8-4839-4d09-9912-1bb0ef3e03b9" />
    <UnitTestResult executionId="a4d3f49f-f0b6-441a-a8d5-1636c92c9f2f" testId="b5f4e674-ffd6-cdb7-fde8-af2e2fe16964" testName="BL.Tests.SlopesServiceTest.TestGetSlopesInfoAsync(userID: 234, initialSlopes: [Slope { SlopeID = 221, SlopeName = slopeName7beaf800-5e36-45a7-92c0-c9f2ad426e1f, IsOpen = True, DifficultyLevel = 116, ConnectedLifts =  }, Slope { SlopeID = 195, SlopeName = slopeName08d17a39-66c2-44f6-b628-15baffb05dee, IsOpen = False, DifficultyLevel = 36, ConnectedLifts =  }, Slope { SlopeID = 55, SlopeName = slopeNamef4093dda-a295-4aac-81e0-909473d27d64, IsOpen = True, DifficultyLevel = 107, ConnectedLifts =  }], checkPermissionServiceMock: Mock&lt;ICheckPermissionService:7&gt;, slopesRepositoryStub: Mock&lt;ISlopesRepository:5&gt;, liftsSlopesRepositoryStub: Mock&lt;ILiftsSlopesRepository:10&gt;, sut: SlopesService { })" computerName="DESKTOP-TJ9D65N" duration="00:00:00.0126084" startTime="2022-11-03T11:16:10.0885486+03:00" endTime="2022-11-03T11:16:10.0885487+03:00" testType="13cdc9d9-ddb5-4fa4-a97d-d965ccfc6d4b" outcome="Passed" testListId="8c84fa94-04c1-424b-9868-57a2d4851a1d" relativeResultsDirectory="a4d3f49f-f0b6-441a-a8d5-1636c92c9f2f" />
    <UnitTestResult executionId="7b065f88-ae01-4add-9e62-759238127f1b" testId="834c739b-eca4-b36d-6a66-5a1bd75377b8" testName="BL.Tests.UsersServiceTests.TestAdminAddAutoIncrementUser" computerName="DESKTOP-TJ9D65N" duration="00:00:00.0155060" startTime="2022-11-03T11:16:10.1242867+03:00" endTime="2022-11-03T11:16:10.1242868+03:00" testType="13cdc9d9-ddb5-4fa4-a97d-d965ccfc6d4b" outcome="Passed" testListId="8c84fa94-04c1-424b-9868-57a2d4851a1d" relativeResultsDirectory="7b065f88-ae01-4add-9e62-759238127f1b" />
    <UnitTestResult executionId="1335c397-f888-4435-a049-a0d795d2b14b" testId="8dd17a90-1abd-4efd-615c-3906d8135ff2" testName="BL.Tests.LiftsSlopesServiceTests.TestAdminAddAutoIncrementLiftSlopeAsync(lift: Lift { LiftID = 254, LiftName = liftNamec1268ddd-982f-4490-b0e9-bac5bfa587c1, IsOpen = True, SeatsAmount = 108, LiftingTime = 46, QueueTime = 190, ConnectedSlopes =  }, slope: Slope { SlopeID = 164, SlopeName = slopeName8e0211f3-a918-40cb-98dd-00dd7e7c4f89, IsOpen = False, DifficultyLevel = 53, ConnectedLifts =  }, slopesRepositoryStub: Mock&lt;ISlopesRepository:3&gt;, liftsRepositoryStub: Mock&lt;ILiftsRepository:8&gt;, liftsSlopesRepositoryStub: Mock&lt;ILiftsSlopesRepository:8&gt;)" computerName="DESKTOP-TJ9D65N" duration="00:00:00.0098966" startTime="2022-11-03T11:16:10.0302015+03:00" endTime="2022-11-03T11:16:10.0302016+03:00" testType="13cdc9d9-ddb5-4fa4-a97d-d965ccfc6d4b" outcome="Passed" testListId="8c84fa94-04c1-424b-9868-57a2d4851a1d" relativeResultsDirectory="1335c397-f888-4435-a049-a0d795d2b14b" />
    <UnitTestResult executionId="43d99f4f-c489-499d-b2ab-42865e67f5e4" testId="f44a1b21-8efc-bfac-63b4-d534442def31" testName="BL.Tests.UsersServiceTests.TestRegisterUserWithNoPassword" computerName="DESKTOP-TJ9D65N" duration="00:00:00.0021833" startTime="2022-11-03T11:16:10.0237782+03:00" endTime="2022-11-03T11:16:10.0237782+03:00" testType="13cdc9d9-ddb5-4fa4-a97d-d965ccfc6d4b" outcome="Passed" testListId="8c84fa94-04c1-424b-9868-57a2d4851a1d" relativeResultsDirectory="43d99f4f-c489-499d-b2ab-42865e67f5e4" />
    <UnitTestResult executionId="2b9a0392-2867-45a7-8a5f-b0b174d2476a" testId="2d706594-f2b3-b3c8-21d4-86c9798c3306" testName="BL.Tests.CheckPermissionsServiceTests.SkiPatrolHasAccessToAdminSkiPatrolFunctions(functionName: &quot;GetLiftsSlopesInfoAsync&quot;)" computerName="DESKTOP-TJ9D65N" duration="00:00:00.0049688" startTime="2022-11-03T11:16:10.0578528+03:00" endTime="2022-11-03T11:16:10.0578529+03:00" testType="13cdc9d9-ddb5-4fa4-a97d-d965ccfc6d4b" outcome="Passed" testListId="8c84fa94-04c1-424b-9868-57a2d4851a1d" relativeResultsDirectory="2b9a0392-2867-45a7-8a5f-b0b174d2476a" />
    <UnitTestResult executionId="4e920753-95f0-4004-bfc6-018215b03133" testId="9a923901-75d0-5804-ec2d-21834f69463b" testName="BL.Tests.LiftsServiceTest.TestAdminAddAutoIncrementLiftAsync(userID: 61, lift: Lift { LiftID = 239, LiftName = liftName9916ac0f-2872-495c-bde2-ba655d107873, IsOpen = True, SeatsAmount = 185, LiftingTime = 219, QueueTime = 148, ConnectedSlopes =  }, checkPermissionServiceMock: Mock&lt;ICheckPermissionService:5&gt;, liftsRepositoryStub: Mock&lt;ILiftsRepository:5&gt;, sut: LiftsService { })" computerName="DESKTOP-TJ9D65N" duration="00:00:00.0096085" startTime="2022-11-03T11:16:10.1073494+03:00" endTime="2022-11-03T11:16:10.1073495+03:00" testType="13cdc9d9-ddb5-4fa4-a97d-d965ccfc6d4b" outcome="Passed" testListId="8c84fa94-04c1-424b-9868-57a2d4851a1d" relativeResultsDirectory="4e920753-95f0-4004-bfc6-018215b03133" />
    <UnitTestResult executionId="480cf265-733a-4acf-97ba-e21fae798b60" testId="69340bb6-3645-f9dd-971e-29d8b2a009bb" testName="BL.Tests.UsersServiceTests.TestLogInWithWrongPassword" computerName="DESKTOP-TJ9D65N" duration="00:00:00.0031380" startTime="2022-11-03T11:16:10.0992383+03:00" endTime="2022-11-03T11:16:10.0992384+03:00" testType="13cdc9d9-ddb5-4fa4-a97d-d965ccfc6d4b" outcome="Passed" testListId="8c84fa94-04c1-424b-9868-57a2d4851a1d" relativeResultsDirectory="480cf265-733a-4acf-97ba-e21fae798b60" />
  </Results>
  <TestDefinitions>
    <UnitTest name="BL.Tests.CheckPermissionsServiceTests.AuthorizedHasNoAccessToAdminSkiPatrolFunctions(functionName: &quot;MarkMessageReadByUserAsync&quot;)" storage="/mnt/c/users/alena/desktop/7_sem/testing_and_debugging/skiresort/bl.tests/bin/debug/net6.0/bl.tests.dll" id="9c7df5e2-1b23-ebea-889f-b78ca86b60ab">
      <Execution id="b089f724-389d-4e0b-b90a-8eb8e38fa258" />
      <TestMethod codeBase="/mnt/c/Users/alena/Desktop/7_sem/testing_and_debugging/SkiResort/BL.Tests/bin/Debug/net6.0/BL.Tests.dll" adapterTypeName="executor://xunit/VsTestRunner2/netcoreapp" className="BL.Tests.CheckPermissionsServiceTests" name="AuthorizedHasNoAccessToAdminSkiPatrolFunctions" />
    </UnitTest>
    <UnitTest name="BL.Tests.CheckPermissionsServiceTests.UnauthorizedHasNoAccessToAdminSkiPatrolFunctions(functionName: &quot;MarkMessageReadByUserAsync&quot;)" storage="/mnt/c/users/alena/desktop/7_sem/testing_and_debugging/skiresort/bl.tests/bin/debug/net6.0/bl.tests.dll" id="a19a5fcf-c5d2-7d44-5d7d-84403042f4e0">
      <Execution id="585def16-4539-4013-a98b-1022aac11b19" />
      <TestMethod codeBase="/mnt/c/Users/alena/Desktop/7_sem/testing_and_debugging/SkiResort/BL.Tests/bin/Debug/net6.0/BL.Tests.dll" adapterTypeName="executor://xunit/VsTestRunner2/netcoreapp" className="BL.Tests.CheckPermissionsServiceTests" name="UnauthorizedHasNoAccessToAdminSkiPatrolFunctions" />
    </UnitTest>
    <UnitTest name="BL.Tests.CheckPermissionsServiceTests.AuthorizedHasNoAccessToAdminSkiPatrolFunctions(functionName: &quot;GetMessagesAsync&quot;)" storage="/mnt/c/users/alena/desktop/7_sem/testing_and_debugging/skiresort/bl.tests/bin/debug/net6.0/bl.tests.dll" id="2602613f-c8e2-a6d9-fcf7-5b27d4a770a6">
      <Execution id="4682571a-fb3a-4112-9ae9-089729269cbe" />
      <TestMethod codeBase="/mnt/c/Users/alena/Desktop/7_sem/testing_and_debugging/SkiResort/BL.Tests/bin/Debug/net6.0/BL.Tests.dll" adapterTypeName="executor://xunit/VsTestRunner2/netcoreapp" className="BL.Tests.CheckPermissionsServiceTests" name="AuthorizedHasNoAccessToAdminSkiPatrolFunctions" />
    </UnitTest>
    <UnitTest name="BL.Tests.CheckPermissionsServiceTests.AuthorizedHasNoAccessToAdminFunctions" storage="/mnt/c/users/alena/desktop/7_sem/testing_and_debugging/skiresort/bl.tests/bin/debug/net6.0/bl.tests.dll" id="a2e59116-cb53-1d70-9cb8-21c286516866">
      <Execution id="2d7839fe-ab17-4c97-a944-ccd70d12b37d" />
      <TestMethod codeBase="/mnt/c/Users/alena/Desktop/7_sem/testing_and_debugging/SkiResort/BL.Tests/bin/Debug/net6.0/BL.Tests.dll" adapterTypeName="executor://xunit/VsTestRunner2/netcoreapp" className="BL.Tests.CheckPermissionsServiceTests" name="AuthorizedHasNoAccessToAdminFunctions" />
    </UnitTest>
    <UnitTest name="BL.Tests.CheckPermissionsServiceTests.SkiPatrolHasAccessToAdminSkiPatrolFunctions(functionName: &quot;GetMessagesAsync&quot;)" storage="/mnt/c/users/alena/desktop/7_sem/testing_and_debugging/skiresort/bl.tests/bin/debug/net6.0/bl.tests.dll" id="c36970dc-93f7-753e-fa47-157133b01644">
      <Execution id="15344c14-4291-4ec7-be06-23f234367966" />
      <TestMethod codeBase="/mnt/c/Users/alena/Desktop/7_sem/testing_and_debugging/SkiResort/BL.Tests/bin/Debug/net6.0/BL.Tests.dll" adapterTypeName="executor://xunit/VsTestRunner2/netcoreapp" className="BL.Tests.CheckPermissionsServiceTests" name="SkiPatrolHasAccessToAdminSkiPatrolFunctions" />
    </UnitTest>
    <UnitTest name="BL.Tests.CheckPermissionsServiceTests.AdminHasAccessToAllFunctions" storage="/mnt/c/users/alena/desktop/7_sem/testing_and_debugging/skiresort/bl.tests/bin/debug/net6.0/bl.tests.dll" id="f3efc418-a8a6-c7b7-9bac-90b33aa8472f">
      <Execution id="8006581c-b74e-4973-a691-837588f937f9" />
      <TestMethod codeBase="/mnt/c/Users/alena/Desktop/7_sem/testing_and_debugging/SkiResort/BL.Tests/bin/Debug/net6.0/BL.Tests.dll" adapterTypeName="executor://xunit/VsTestRunner2/netcoreapp" className="BL.Tests.CheckPermissionsServiceTests" name="AdminHasAccessToAllFunctions" />
    </UnitTest>
    <UnitTest name="BL.Tests.UsersServiceTests.TestRegisterUserWithNoPassword" storage="/mnt/c/users/alena/desktop/7_sem/testing_and_debugging/skiresort/bl.tests/bin/debug/net6.0/bl.tests.dll" id="f44a1b21-8efc-bfac-63b4-d534442def31">
      <Execution id="43d99f4f-c489-499d-b2ab-42865e67f5e4" />
      <TestMethod codeBase="/mnt/c/Users/alena/Desktop/7_sem/testing_and_debugging/SkiResort/BL.Tests/bin/Debug/net6.0/BL.Tests.dll" adapterTypeName="executor://xunit/VsTestRunner2/netcoreapp" className="BL.Tests.UsersServiceTests" name="TestRegisterUserWithNoPassword" />
    </UnitTest>
    <UnitTest name="BL.Tests.LiftsServiceTest.TestGetLiftInfoAsync(userID: 55, lift: Lift { LiftID = 235, LiftName = liftName537ac495-5ec9-411d-ab93-8e014c237ff8, IsOpen = True, SeatsAmount = 152, LiftingTime = 99, QueueTime = 179, ConnectedSlopes =  }, checkPermissionServiceMock: Mock&lt;ICheckPermissionService:1&gt;, liftsRepositoryStub: Mock&lt;ILiftsRepository:1&gt;, liftsSlopesRepositoryStub: Mock&lt;ILiftsSlopesRepository:1&gt;, sut: LiftsService { })" storage="/mnt/c/users/alena/desktop/7_sem/testing_and_debugging/skiresort/bl.tests/bin/debug/net6.0/bl.tests.dll" id="29a0454c-f276-ac31-2a1f-c9a3bfd36960">
      <Execution id="3b96e505-b1f8-4768-8ea2-b83d5fb6c952" />
      <TestMethod codeBase="/mnt/c/Users/alena/Desktop/7_sem/testing_and_debugging/SkiResort/BL.Tests/bin/Debug/net6.0/BL.Tests.dll" adapterTypeName="executor://xunit/VsTestRunner2/netcoreapp" className="BL.Tests.LiftsServiceTest" name="TestGetLiftInfoAsync" />
    </UnitTest>
    <UnitTest name="BL.Tests.UsersServiceTests.TestAdminGetUserByIDAsync" storage="/mnt/c/users/alena/desktop/7_sem/testing_and_debugging/skiresort/bl.tests/bin/debug/net6.0/bl.tests.dll" id="e5497347-2721-b7a6-0bd4-69a9921f6947">
      <Execution id="e4dc2c45-a5aa-43fa-bb4e-a7c6931fd210" />
      <TestMethod codeBase="/mnt/c/Users/alena/Desktop/7_sem/testing_and_debugging/SkiResort/BL.Tests/bin/Debug/net6.0/BL.Tests.dll" adapterTypeName="executor://xunit/VsTestRunner2/netcoreapp" className="BL.Tests.UsersServiceTests" name="TestAdminGetUserByIDAsync" />
    </UnitTest>
    <UnitTest name="BL.Tests.LiftsSlopesServiceTests.TestAdminDeleteLiftSlopeAsync(lift: Lift { LiftID = 89, LiftName = liftNamec0fb55f2-a2d2-4dbb-85eb-bb85ec2d8431, IsOpen = True, SeatsAmount = 214, LiftingTime = 252, QueueTime = 206, ConnectedSlopes =  }, slope: Slope { SlopeID = 107, SlopeName = slopeName6cf53086-f446-41f5-9ce7-f3f69cdcb4d9, IsOpen = False, DifficultyLevel = 191, ConnectedLifts =  }, slopesRepositoryStub: Mock&lt;ISlopesRepository:2&gt;, liftsRep..." storage="/mnt/c/users/alena/desktop/7_sem/testing_and_debugging/skiresort/bl.tests/bin/debug/net6.0/bl.tests.dll" id="b4d4c5d0-e968-ef48-7587-a355fe10ccb7">
      <Execution id="e5576638-e760-4a36-a462-079ff22d1326" />
      <TestMethod codeBase="/mnt/c/Users/alena/Desktop/7_sem/testing_and_debugging/SkiResort/BL.Tests/bin/Debug/net6.0/BL.Tests.dll" adapterTypeName="executor://xunit/VsTestRunner2/netcoreapp" className="BL.Tests.LiftsSlopesServiceTests" name="TestAdminDeleteLiftSlopeAsync" />
    </UnitTest>
    <UnitTest name="BL.Tests.LiftsServiceTest.TestUpdateLiftInfoAsync(userID: 105, lift: Lift { LiftID = 56, LiftName = liftNamedb42b10c-058d-44dd-90dd-32637fbb394e, IsOpen = True, SeatsAmount = 112, LiftingTime = 90, QueueTime = 127, ConnectedSlopes =  }, checkPermissionServiceMock: Mock&lt;ICheckPermissionService:3&gt;, liftsRepositoryStub: Mock&lt;ILiftsRepository:3&gt;, sut: LiftsService { })" storage="/mnt/c/users/alena/desktop/7_sem/testing_and_debugging/skiresort/bl.tests/bin/debug/net6.0/bl.tests.dll" id="8077e36b-691c-7be0-5add-8c28788e5b48">
      <Execution id="ed985e1d-0641-44e2-ab8a-63196f4b4385" />
      <TestMethod codeBase="/mnt/c/Users/alena/Desktop/7_sem/testing_and_debugging/SkiResort/BL.Tests/bin/Debug/net6.0/BL.Tests.dll" adapterTypeName="executor://xunit/VsTestRunner2/netcoreapp" className="BL.Tests.LiftsServiceTest" name="TestUpdateLiftInfoAsync" />
    </UnitTest>
    <UnitTest name="BL.Tests.LiftsServiceTest.TestAdminAddAutoIncrementLiftAsync(userID: 61, lift: Lift { LiftID = 239, LiftName = liftName9916ac0f-2872-495c-bde2-ba655d107873, IsOpen = True, SeatsAmount = 185, LiftingTime = 219, QueueTime = 148, ConnectedSlopes =  }, checkPermissionServiceMock: Mock&lt;ICheckPermissionService:5&gt;, liftsRepositoryStub: Mock&lt;ILiftsRepository:5&gt;, sut: LiftsService { })" storage="/mnt/c/users/alena/desktop/7_sem/testing_and_debugging/skiresort/bl.tests/bin/debug/net6.0/bl.tests.dll" id="9a923901-75d0-5804-ec2d-21834f69463b">
      <Execution id="4e920753-95f0-4004-bfc6-018215b03133" />
      <TestMethod codeBase="/mnt/c/Users/alena/Desktop/7_sem/testing_and_debugging/SkiResort/BL.Tests/bin/Debug/net6.0/BL.Tests.dll" adapterTypeName="executor://xunit/VsTestRunner2/netcoreapp" className="BL.Tests.LiftsServiceTest" name="TestAdminAddAutoIncrementLiftAsync" />
    </UnitTest>
    <UnitTest name="BL.Tests.SlopesServiceTest.TestAdminAddAutoIncrementSlopeAsync(userID: 114, slope: Slope { SlopeID = 212, SlopeName = slopeNamef207d566-9420-4703-a165-7ff3221ae651, IsOpen = True, DifficultyLevel = 90, ConnectedLifts =  }, checkPermissionServiceMock: Mock&lt;ICheckPermissionService:10&gt;, slopesRepositoryStub: Mock&lt;ISlopesRepository:8&gt;, sut: SlopesService { })" storage="/mnt/c/users/alena/desktop/7_sem/testing_and_debugging/skiresort/bl.tests/bin/debug/net6.0/bl.tests.dll" id="4c6592e8-ec80-bdfe-d53b-5b075368cd38">
      <Execution id="02db2fdf-6ba1-41f8-b652-c5b6471770fe" />
      <TestMethod codeBase="/mnt/c/Users/alena/Desktop/7_sem/testing_and_debugging/SkiResort/BL.Tests/bin/Debug/net6.0/BL.Tests.dll" adapterTypeName="executor://xunit/VsTestRunner2/netcoreapp" className="BL.Tests.SlopesServiceTest" name="TestAdminAddAutoIncrementSlopeAsync" />
    </UnitTest>
    <UnitTest name="BL.Tests.UsersServiceTests.TestAdminAddAutoIncrementUser" storage="/mnt/c/users/alena/desktop/7_sem/testing_and_debugging/skiresort/bl.tests/bin/debug/net6.0/bl.tests.dll" id="834c739b-eca4-b36d-6a66-5a1bd75377b8">
      <Execution id="7b065f88-ae01-4add-9e62-759238127f1b" />
      <TestMethod codeBase="/mnt/c/Users/alena/Desktop/7_sem/testing_and_debugging/SkiResort/BL.Tests/bin/Debug/net6.0/BL.Tests.dll" adapterTypeName="executor://xunit/VsTestRunner2/netcoreapp" className="BL.Tests.UsersServiceTests" name="TestAdminAddAutoIncrementUser" />
    </UnitTest>
    <UnitTest name="BL.Tests.CheckPermissionsServiceTests.UnauthorizedHasNoAccessToAdminSkiPatrolFunctions(functionName: &quot;GetLiftsSlopesInfoAsync&quot;)" storage="/mnt/c/users/alena/desktop/7_sem/testing_and_debugging/skiresort/bl.tests/bin/debug/net6.0/bl.tests.dll" id="387c9729-48c1-486e-5e67-f5d11a9f0db8">
      <Execution id="a499aa16-107f-4e24-ac1a-762d1ba3d6a6" />
      <TestMethod codeBase="/mnt/c/Users/alena/Desktop/7_sem/testing_and_debugging/SkiResort/BL.Tests/bin/Debug/net6.0/BL.Tests.dll" adapterTypeName="executor://xunit/VsTestRunner2/netcoreapp" className="BL.Tests.CheckPermissionsServiceTests" name="UnauthorizedHasNoAccessToAdminSkiPatrolFunctions" />
    </UnitTest>
    <UnitTest name="BL.Tests.LiftsServiceTest.TestAdminDeleteLiftAsync(userID: 144, lift: Lift { LiftID = 27, LiftName = liftName416c97fc-668e-4934-b0e0-2badad9d2c0c, IsOpen = True, SeatsAmount = 210, LiftingTime = 113, QueueTime = 153, ConnectedSlopes =  }, checkPermissionServiceMock: Mock&lt;ICheckPermissionService:4&gt;, liftsRepositoryStub: Mock&lt;ILiftsRepository:4&gt;, liftsSlopesRepositoryStub: Mock&lt;ILiftsSlopesRepository:4&gt;, sut: LiftsService { })" storage="/mnt/c/users/alena/desktop/7_sem/testing_and_debugging/skiresort/bl.tests/bin/debug/net6.0/bl.tests.dll" id="39744e57-64d8-3b00-ecbe-c338fab2506b">
      <Execution id="1c8bb7a0-604e-415c-baef-20cc4ded0e40" />
      <TestMethod codeBase="/mnt/c/Users/alena/Desktop/7_sem/testing_and_debugging/SkiResort/BL.Tests/bin/Debug/net6.0/BL.Tests.dll" adapterTypeName="executor://xunit/VsTestRunner2/netcoreapp" className="BL.Tests.LiftsServiceTest" name="TestAdminDeleteLiftAsync" />
    </UnitTest>
    <UnitTest name="BL.Tests.CheckPermissionsServiceTests.SkiPatrolHasAccessToAdminSkiPatrolFunctions(functionName: &quot;MarkMessageReadByUserAsync&quot;)" storage="/mnt/c/users/alena/desktop/7_sem/testing_and_debugging/skiresort/bl.tests/bin/debug/net6.0/bl.tests.dll" id="60bd668f-04df-da5e-b79b-5d9aedb5234d">
      <Execution id="906d6126-1d1b-4edf-b6a8-267ba7bb302f" />
      <TestMethod codeBase="/mnt/c/Users/alena/Desktop/7_sem/testing_and_debugging/SkiResort/BL.Tests/bin/Debug/net6.0/BL.Tests.dll" adapterTypeName="executor://xunit/VsTestRunner2/netcoreapp" className="BL.Tests.CheckPermissionsServiceTests" name="SkiPatrolHasAccessToAdminSkiPatrolFunctions" />
    </UnitTest>
    <UnitTest name="BL.Tests.CheckPermissionsServiceTests.UnauthorizedHasNoAccessToAdminFunctions" storage="/mnt/c/users/alena/desktop/7_sem/testing_and_debugging/skiresort/bl.tests/bin/debug/net6.0/bl.tests.dll" id="e2d7e5be-3dae-33ae-fb17-c704b6fd58d6">
      <Execution id="62995d34-cb16-40fe-9978-98f048dd859f" />
      <TestMethod codeBase="/mnt/c/Users/alena/Desktop/7_sem/testing_and_debugging/SkiResort/BL.Tests/bin/Debug/net6.0/BL.Tests.dll" adapterTypeName="executor://xunit/VsTestRunner2/netcoreapp" className="BL.Tests.CheckPermissionsServiceTests" name="UnauthorizedHasNoAccessToAdminFunctions" />
    </UnitTest>
    <UnitTest name="BL.Tests.TurnstilesServiceTest.TestAdminGetTurnstileAsync(userID: 68, turnstile: Turnstile { TurnstileID = 78, LiftID = 45, IsOpen = True }, checkPermissionServiceMock: Mock&lt;ICheckPermissionService:12&gt;, turnstilesRepositoryStub: Mock&lt;ITurnstilesRepository:6&gt;, sut: TurnstilesService { })" storage="/mnt/c/users/alena/desktop/7_sem/testing_and_debugging/skiresort/bl.tests/bin/debug/net6.0/bl.tests.dll" id="7f22a7db-5112-e14d-503f-abb5af7745ee">
      <Execution id="eaefcde6-6035-4d62-b782-8b1685a7ca26" />
      <TestMethod codeBase="/mnt/c/Users/alena/Desktop/7_sem/testing_and_debugging/SkiResort/BL.Tests/bin/Debug/net6.0/BL.Tests.dll" adapterTypeName="executor://xunit/VsTestRunner2/netcoreapp" className="BL.Tests.TurnstilesServiceTest" name="TestAdminGetTurnstileAsync" />
    </UnitTest>
    <UnitTest name="BL.Tests.UsersServiceTests.TestLogInWithWrongPassword" storage="/mnt/c/users/alena/desktop/7_sem/testing_and_debugging/skiresort/bl.tests/bin/debug/net6.0/bl.tests.dll" id="69340bb6-3645-f9dd-971e-29d8b2a009bb">
      <Execution id="480cf265-733a-4acf-97ba-e21fae798b60" />
      <TestMethod codeBase="/mnt/c/Users/alena/Desktop/7_sem/testing_and_debugging/SkiResort/BL.Tests/bin/Debug/net6.0/BL.Tests.dll" adapterTypeName="executor://xunit/VsTestRunner2/netcoreapp" className="BL.Tests.UsersServiceTests" name="TestLogInWithWrongPassword" />
    </UnitTest>
    <UnitTest name="BL.Tests.CheckPermissionsServiceTests.SkiPatrolHasAccessToAdminSkiPatrolFunctions(functionName: &quot;GetLiftsSlopesInfoAsync&quot;)" storage="/mnt/c/users/alena/desktop/7_sem/testing_and_debugging/skiresort/bl.tests/bin/debug/net6.0/bl.tests.dll" id="2d706594-f2b3-b3c8-21d4-86c9798c3306">
      <Execution id="2b9a0392-2867-45a7-8a5f-b0b174d2476a" />
      <TestMethod codeBase="/mnt/c/Users/alena/Desktop/7_sem/testing_and_debugging/SkiResort/BL.Tests/bin/Debug/net6.0/BL.Tests.dll" adapterTypeName="executor://xunit/VsTestRunner2/netcoreapp" className="BL.Tests.CheckPermissionsServiceTests" name="SkiPatrolHasAccessToAdminSkiPatrolFunctions" />
    </UnitTest>
    <UnitTest name="BL.Tests.CheckPermissionsServiceTests.SkiPatrolHasNoAccessToAdminFunctions" storage="/mnt/c/users/alena/desktop/7_sem/testing_and_debugging/skiresort/bl.tests/bin/debug/net6.0/bl.tests.dll" id="492c0393-35b4-df26-a537-21ca08302f3c">
      <Execution id="6837993d-ac61-43d4-b345-68f84b782049" />
      <TestMethod codeBase="/mnt/c/Users/alena/Desktop/7_sem/testing_and_debugging/SkiResort/BL.Tests/bin/Debug/net6.0/BL.Tests.dll" adapterTypeName="executor://xunit/VsTestRunner2/netcoreapp" className="BL.Tests.CheckPermissionsServiceTests" name="SkiPatrolHasNoAccessToAdminFunctions" />
    </UnitTest>
    <UnitTest name="BL.Tests.TurnstilesServiceTest.TestAdminDeleteTurnstileAsync(userID: 194, turnstile: Turnstile { TurnstileID = 196, LiftID = 18, IsOpen = True }, checkPermissionServiceMock: Mock&lt;ICheckPermissionService:15&gt;, turnstilesRepositoryStub: Mock&lt;ITurnstilesRepository:9&gt;, sut: TurnstilesService { })" storage="/mnt/c/users/alena/desktop/7_sem/testing_and_debugging/skiresort/bl.tests/bin/debug/net6.0/bl.tests.dll" id="55176217-3a7d-43a4-352f-772458e381a4">
      <Execution id="adeadc55-b7fe-4209-83a6-04618705cf8c" />
      <TestMethod codeBase="/mnt/c/Users/alena/Desktop/7_sem/testing_and_debugging/SkiResort/BL.Tests/bin/Debug/net6.0/BL.Tests.dll" adapterTypeName="executor://xunit/VsTestRunner2/netcoreapp" className="BL.Tests.TurnstilesServiceTest" name="TestAdminDeleteTurnstileAsync" />
    </UnitTest>
    <UnitTest name="BL.Tests.SlopesServiceTest.TestAdminDeleteSlopeAsync(userID: 117, slope: Slope { SlopeID = 101, SlopeName = slopeName3a5b5000-5d37-4e27-8eda-659b7d10f11d, IsOpen = True, DifficultyLevel = 31, ConnectedLifts =  }, checkPermissionServiceMock: Mock&lt;ICheckPermissionService:9&gt;, slopesRepositoryStub: Mock&lt;ISlopesRepository:7&gt;, liftsSlopesRepositoryStub: Mock&lt;ILiftsSlopesRepository:12&gt;, sut: SlopesService { })" storage="/mnt/c/users/alena/desktop/7_sem/testing_and_debugging/skiresort/bl.tests/bin/debug/net6.0/bl.tests.dll" id="66127897-e048-1a4f-d77f-992ee1515bda">
      <Execution id="adca28fd-d7f4-42c9-be6d-a9341a07deff" />
      <TestMethod codeBase="/mnt/c/Users/alena/Desktop/7_sem/testing_and_debugging/SkiResort/BL.Tests/bin/Debug/net6.0/BL.Tests.dll" adapterTypeName="executor://xunit/VsTestRunner2/netcoreapp" className="BL.Tests.SlopesServiceTest" name="TestAdminDeleteSlopeAsync" />
    </UnitTest>
    <UnitTest name="BL.Tests.UsersServiceTests.TestAdminDeleteUser" storage="/mnt/c/users/alena/desktop/7_sem/testing_and_debugging/skiresort/bl.tests/bin/debug/net6.0/bl.tests.dll" id="18fa8c62-e27d-e1fc-8182-4d7db62b008d">
      <Execution id="794c74a6-373c-4da0-8ef0-8c4174e70d2f" />
      <TestMethod codeBase="/mnt/c/Users/alena/Desktop/7_sem/testing_and_debugging/SkiResort/BL.Tests/bin/Debug/net6.0/BL.Tests.dll" adapterTypeName="executor://xunit/VsTestRunner2/netcoreapp" className="BL.Tests.UsersServiceTests" name="TestAdminDeleteUser" />
    </UnitTest>
    <UnitTest name="BL.Tests.CheckPermissionsServiceTests.AuthorizedHasAccessToAuthorizedFunctions(functionName: &quot;LogOutAsync&quot;)" storage="/mnt/c/users/alena/desktop/7_sem/testing_and_debugging/skiresort/bl.tests/bin/debug/net6.0/bl.tests.dll" id="aa28a6b3-21d3-aa45-24d3-bef2facbc899">
      <Execution id="f652aaec-5caf-467d-9d6c-372ed8e4afee" />
      <TestMethod codeBase="/mnt/c/Users/alena/Desktop/7_sem/testing_and_debugging/SkiResort/BL.Tests/bin/Debug/net6.0/BL.Tests.dll" adapterTypeName="executor://xunit/VsTestRunner2/netcoreapp" className="BL.Tests.CheckPermissionsServiceTests" name="AuthorizedHasAccessToAuthorizedFunctions" />
    </UnitTest>
    <UnitTest name="BL.Tests.UsersServiceTests.TestAdminUpdateUser" storage="/mnt/c/users/alena/desktop/7_sem/testing_and_debugging/skiresort/bl.tests/bin/debug/net6.0/bl.tests.dll" id="06d0bc3a-24a0-fb7f-4277-e9ae6d21c7dd">
      <Execution id="b2947f8f-7051-4688-9118-31cdc231fe74" />
      <TestMethod codeBase="/mnt/c/Users/alena/Desktop/7_sem/testing_and_debugging/SkiResort/BL.Tests/bin/Debug/net6.0/BL.Tests.dll" adapterTypeName="executor://xunit/VsTestRunner2/netcoreapp" className="BL.Tests.UsersServiceTests" name="TestAdminUpdateUser" />
    </UnitTest>
    <UnitTest name="BL.Tests.UsersServiceTests.TestLogInOk" storage="/mnt/c/users/alena/desktop/7_sem/testing_and_debugging/skiresort/bl.tests/bin/debug/net6.0/bl.tests.dll" id="1ca07ad8-f799-c5d4-e7cc-34fd950198a2">
      <Execution id="6fdeee9d-3faf-40e1-949e-26358bd2b581" />
      <TestMethod codeBase="/mnt/c/Users/alena/Desktop/7_sem/testing_and_debugging/SkiResort/BL.Tests/bin/Debug/net6.0/BL.Tests.dll" adapterTypeName="executor://xunit/VsTestRunner2/netcoreapp" className="BL.Tests.UsersServiceTests" name="TestLogInOk" />
    </UnitTest>
    <UnitTest name="BL.Tests.TurnstilesServiceTest.TestAdminAddAutoIncrementTurnstileAsync(userID: 119, turnstile: Turnstile { TurnstileID = 205, LiftID = 252, IsOpen = True }, checkPermissionServiceMock: Mock&lt;ICheckPermissionService:16&gt;, turnstilesRepositoryStub: Mock&lt;ITurnstilesRepository:10&gt;, sut: TurnstilesService { })" storage="/mnt/c/users/alena/desktop/7_sem/testing_and_debugging/skiresort/bl.tests/bin/debug/net6.0/bl.tests.dll" id="db8bbb09-87e4-4741-5c5d-1e7d4de5b2c1">
      <Execution id="dd8de26c-fdcc-48e8-8e7c-71b6ec9804ef" />
      <TestMethod codeBase="/mnt/c/Users/alena/Desktop/7_sem/testing_and_debugging/SkiResort/BL.Tests/bin/Debug/net6.0/BL.Tests.dll" adapterTypeName="executor://xunit/VsTestRunner2/netcoreapp" className="BL.Tests.TurnstilesServiceTest" name="TestAdminAddAutoIncrementTurnstileAsync" />
    </UnitTest>
    <UnitTest name="BL.Tests.UsersServiceTests.TestAdminGetUsers" storage="/mnt/c/users/alena/desktop/7_sem/testing_and_debugging/skiresort/bl.tests/bin/debug/net6.0/bl.tests.dll" id="20ad8570-0170-85de-dcd7-2f109dd7bcd6">
      <Execution id="d70cebe3-486b-4aa5-b578-0a5c9e38a34a" />
      <TestMethod codeBase="/mnt/c/Users/alena/Desktop/7_sem/testing_and_debugging/SkiResort/BL.Tests/bin/Debug/net6.0/BL.Tests.dll" adapterTypeName="executor://xunit/VsTestRunner2/netcoreapp" className="BL.Tests.UsersServiceTests" name="TestAdminGetUsers" />
    </UnitTest>
    <UnitTest name="BL.Tests.LiftsServiceTest.TestGetLiftsInfoAsync(userID: 219, initialLifts: [Lift { LiftID = 123, LiftName = liftNamefeac9c88-bee1-4929-bc39-40f62040fda2, IsOpen = True, SeatsAmount = 194, LiftingTime = 153, QueueTime = 14, ConnectedSlopes =  }, Lift { LiftID = 77, LiftName = liftNamee9550a30-c57f-4490-a2c7-e9aaa17bcec2, IsOpen = False, SeatsAmount = 34, LiftingTime = 15, QueueTime = 91, ConnectedSlopes =  }, Lift { LiftID = 185, LiftName = ..." storage="/mnt/c/users/alena/desktop/7_sem/testing_and_debugging/skiresort/bl.tests/bin/debug/net6.0/bl.tests.dll" id="94dab046-829d-60ea-f18f-ad4dd9e948e4">
      <Execution id="1c43b876-0d07-44dd-a6db-6ab87dc7549b" />
      <TestMethod codeBase="/mnt/c/Users/alena/Desktop/7_sem/testing_and_debugging/SkiResort/BL.Tests/bin/Debug/net6.0/BL.Tests.dll" adapterTypeName="executor://xunit/VsTestRunner2/netcoreapp" className="BL.Tests.LiftsServiceTest" name="TestGetLiftsInfoAsync" />
    </UnitTest>
    <UnitTest name="BL.Tests.CheckPermissionsServiceTests.UnauthorizedHasNoAccessToAdminSkiPatrolFunctions(functionName: &quot;GetMessagesAsync&quot;)" storage="/mnt/c/users/alena/desktop/7_sem/testing_and_debugging/skiresort/bl.tests/bin/debug/net6.0/bl.tests.dll" id="229812f5-9a73-5335-11f5-31330d1348a5">
      <Execution id="ca010c22-8ce3-43ab-9fb9-0e9b2a7889b0" />
      <TestMethod codeBase="/mnt/c/Users/alena/Desktop/7_sem/testing_and_debugging/SkiResort/BL.Tests/bin/Debug/net6.0/BL.Tests.dll" adapterTypeName="executor://xunit/VsTestRunner2/netcoreapp" className="BL.Tests.CheckPermissionsServiceTests" name="UnauthorizedHasNoAccessToAdminSkiPatrolFunctions" />
    </UnitTest>
    <UnitTest name="BL.Tests.TurnstilesServiceTest.TestAdminUpdateTurnstileAsync(userID: 84, turnstile: Turnstile { TurnstileID = 40, LiftID = 202, IsOpen = True }, checkPermissionServiceMock: Mock&lt;ICheckPermissionService:14&gt;, turnstilesRepositoryStub: Mock&lt;ITurnstilesRepository:8&gt;, sut: TurnstilesService { })" storage="/mnt/c/users/alena/desktop/7_sem/testing_and_debugging/skiresort/bl.tests/bin/debug/net6.0/bl.tests.dll" id="00a6051d-4525-bc21-8c1b-1d35f7f44718">
      <Execution id="4421ace9-f6bb-4770-871e-10de11dad343" />
      <TestMethod codeBase="/mnt/c/Users/alena/Desktop/7_sem/testing_and_debugging/SkiResort/BL.Tests/bin/Debug/net6.0/BL.Tests.dll" adapterTypeName="executor://xunit/VsTestRunner2/netcoreapp" className="BL.Tests.TurnstilesServiceTest" name="TestAdminUpdateTurnstileAsync" />
    </UnitTest>
    <UnitTest name="BL.Tests.LiftsSlopesServiceTests.TestAdminAddAutoIncrementLiftSlopeAsync(lift: Lift { LiftID = 254, LiftName = liftNamec1268ddd-982f-4490-b0e9-bac5bfa587c1, IsOpen = True, SeatsAmount = 108, LiftingTime = 46, QueueTime = 190, ConnectedSlopes =  }, slope: Slope { SlopeID = 164, SlopeName = slopeName8e0211f3-a918-40cb-98dd-00dd7e7c4f89, IsOpen = False, DifficultyLevel = 53, ConnectedLifts =  }, slopesRepositoryStub: Mock&lt;ISlopesRepository:3&gt;,..." storage="/mnt/c/users/alena/desktop/7_sem/testing_and_debugging/skiresort/bl.tests/bin/debug/net6.0/bl.tests.dll" id="8dd17a90-1abd-4efd-615c-3906d8135ff2">
      <Execution id="1335c397-f888-4435-a049-a0d795d2b14b" />
      <TestMethod codeBase="/mnt/c/Users/alena/Desktop/7_sem/testing_and_debugging/SkiResort/BL.Tests/bin/Debug/net6.0/BL.Tests.dll" adapterTypeName="executor://xunit/VsTestRunner2/netcoreapp" className="BL.Tests.LiftsSlopesServiceTests" name="TestAdminAddAutoIncrementLiftSlopeAsync" />
    </UnitTest>
    <UnitTest name="BL.Tests.CheckPermissionsServiceTests.AuthorizedHasNoAccessToAdminSkiPatrolFunctions(functionName: &quot;GetLiftsSlopesInfoAsync&quot;)" storage="/mnt/c/users/alena/desktop/7_sem/testing_and_debugging/skiresort/bl.tests/bin/debug/net6.0/bl.tests.dll" id="4f297306-d4f3-8d63-e7f4-1ac0b8c58c74">
      <Execution id="ff1593f8-4839-4d09-9912-1bb0ef3e03b9" />
      <TestMethod codeBase="/mnt/c/Users/alena/Desktop/7_sem/testing_and_debugging/SkiResort/BL.Tests/bin/Debug/net6.0/BL.Tests.dll" adapterTypeName="executor://xunit/VsTestRunner2/netcoreapp" className="BL.Tests.CheckPermissionsServiceTests" name="AuthorizedHasNoAccessToAdminSkiPatrolFunctions" />
    </UnitTest>
    <UnitTest name="BL.Tests.SlopesServiceTest.TestUpdateSlopeInfoAsync(userID: 13, slope: Slope { SlopeID = 204, SlopeName = slopeName6f64b6db-3946-4220-a35d-3fe9194e9c3e, IsOpen = True, DifficultyLevel = 20, ConnectedLifts =  }, checkPermissionServiceMock: Mock&lt;ICheckPermissionService:8&gt;, slopesRepositoryStub: Mock&lt;ISlopesRepository:6&gt;, sut: SlopesService { })" storage="/mnt/c/users/alena/desktop/7_sem/testing_and_debugging/skiresort/bl.tests/bin/debug/net6.0/bl.tests.dll" id="dad2e5e6-9fee-d5ba-e17d-8202f1586908">
      <Execution id="9b7c9104-ccbf-4152-84da-75548e617524" />
      <TestMethod codeBase="/mnt/c/Users/alena/Desktop/7_sem/testing_and_debugging/SkiResort/BL.Tests/bin/Debug/net6.0/BL.Tests.dll" adapterTypeName="executor://xunit/VsTestRunner2/netcoreapp" className="BL.Tests.SlopesServiceTest" name="TestUpdateSlopeInfoAsync" />
    </UnitTest>
    <UnitTest name="BL.Tests.SlopesServiceTest.TestGetSlopeInfoAsync(userID: 92, slope: Slope { SlopeID = 66, SlopeName = slopeNameb874b7b3-e045-49f3-bc85-7b215f80149b, IsOpen = True, DifficultyLevel = 183, ConnectedLifts =  }, checkPermissionServiceMock: Mock&lt;ICheckPermissionService:6&gt;, slopesRepositoryStub: Mock&lt;ISlopesRepository:4&gt;, liftsSlopesRepositoryStub: Mock&lt;ILiftsSlopesRepository:9&gt;, sut: SlopesService { })" storage="/mnt/c/users/alena/desktop/7_sem/testing_and_debugging/skiresort/bl.tests/bin/debug/net6.0/bl.tests.dll" id="86e62c7d-0e8a-008d-d148-23c60ba61f8b">
      <Execution id="35f512d2-75ba-4d7c-8c10-503b2fce2cc7" />
      <TestMethod codeBase="/mnt/c/Users/alena/Desktop/7_sem/testing_and_debugging/SkiResort/BL.Tests/bin/Debug/net6.0/BL.Tests.dll" adapterTypeName="executor://xunit/VsTestRunner2/netcoreapp" className="BL.Tests.SlopesServiceTest" name="TestGetSlopeInfoAsync" />
    </UnitTest>
    <UnitTest name="BL.Tests.LiftsSlopesServiceTests.TestGetLiftsSlopesInfoAsync(liftsSlopes: [LiftSlope { RecordID = 62, LiftID = 110, SlopeID = 95 }, LiftSlope { RecordID = 113, LiftID = 124, SlopeID = 206 }, LiftSlope { RecordID = 233, LiftID = 18, SlopeID = 234 }], slopesRepositoryStub: Mock&lt;ISlopesRepository:1&gt;, liftsRepositoryStub: Mock&lt;ILiftsRepository:6&gt;, liftsSlopesRepositoryStub: Mock&lt;ILiftsSlopesRepository:6&gt;)" storage="/mnt/c/users/alena/desktop/7_sem/testing_and_debugging/skiresort/bl.tests/bin/debug/net6.0/bl.tests.dll" id="e429852d-a6ed-7c2a-25fd-cd839b159d56">
      <Execution id="e6e50f15-c587-4e77-addb-7b2c6cc5cb6c" />
      <TestMethod codeBase="/mnt/c/Users/alena/Desktop/7_sem/testing_and_debugging/SkiResort/BL.Tests/bin/Debug/net6.0/BL.Tests.dll" adapterTypeName="executor://xunit/VsTestRunner2/netcoreapp" className="BL.Tests.LiftsSlopesServiceTests" name="TestGetLiftsSlopesInfoAsync" />
    </UnitTest>
    <UnitTest name="BL.Tests.UsersServiceTests.TestRegisterOk" storage="/mnt/c/users/alena/desktop/7_sem/testing_and_debugging/skiresort/bl.tests/bin/debug/net6.0/bl.tests.dll" id="0eeef75f-6e38-7893-a8fe-cff3e0a970a7">
      <Execution id="13056ed2-5a0e-4546-a27b-78128869ad63" />
      <TestMethod codeBase="/mnt/c/Users/alena/Desktop/7_sem/testing_and_debugging/SkiResort/BL.Tests/bin/Debug/net6.0/BL.Tests.dll" adapterTypeName="executor://xunit/VsTestRunner2/netcoreapp" className="BL.Tests.UsersServiceTests" name="TestRegisterOk" />
    </UnitTest>
    <UnitTest name="BL.Tests.SlopesServiceTest.TestAdminAddSlopeAsync(userID: 30, slope: Slope { SlopeID = 149, SlopeName = slopeNamed9696140-3253-4aad-8693-7502281d0bee, IsOpen = True, DifficultyLevel = 245, ConnectedLifts =  }, checkPermissionServiceMock: Mock&lt;ICheckPermissionService:11&gt;, slopesRepositoryStub: Mock&lt;ISlopesRepository:9&gt;, sut: SlopesService { })" storage="/mnt/c/users/alena/desktop/7_sem/testing_and_debugging/skiresort/bl.tests/bin/debug/net6.0/bl.tests.dll" id="07d3da6a-22e9-eccc-bf68-f1c000070f3e">
      <Execution id="01d9403a-bd87-4c6f-a77e-9c5f2397d279" />
      <TestMethod codeBase="/mnt/c/Users/alena/Desktop/7_sem/testing_and_debugging/SkiResort/BL.Tests/bin/Debug/net6.0/BL.Tests.dll" adapterTypeName="executor://xunit/VsTestRunner2/netcoreapp" className="BL.Tests.SlopesServiceTest" name="TestAdminAddSlopeAsync" />
    </UnitTest>
    <UnitTest name="BL.Tests.TurnstilesServiceTest.TestAdminGetTurnstilesAsync(userID: 88, initialTurnstiles: [Turnstile { TurnstileID = 199, LiftID = 238, IsOpen = True }, Turnstile { TurnstileID = 176, LiftID = 177, IsOpen = False }, Turnstile { TurnstileID = 196, LiftID = 147, IsOpen = True }], checkPermissionServiceMock: Mock&lt;ICheckPermissionService:13&gt;, turnstilesRepositoryStub: Mock&lt;ITurnstilesRepository:7&gt;, sut: TurnstilesService { })" storage="/mnt/c/users/alena/desktop/7_sem/testing_and_debugging/skiresort/bl.tests/bin/debug/net6.0/bl.tests.dll" id="93220d04-17e4-460a-8fba-169ce686ae2b">
      <Execution id="01d73df1-5348-4ddd-8ca9-31d640441040" />
      <TestMethod codeBase="/mnt/c/Users/alena/Desktop/7_sem/testing_and_debugging/SkiResort/BL.Tests/bin/Debug/net6.0/BL.Tests.dll" adapterTypeName="executor://xunit/VsTestRunner2/netcoreapp" className="BL.Tests.TurnstilesServiceTest" name="TestAdminGetTurnstilesAsync" />
    </UnitTest>
    <UnitTest name="BL.Tests.SlopesServiceTest.TestGetSlopesInfoAsync(userID: 234, initialSlopes: [Slope { SlopeID = 221, SlopeName = slopeName7beaf800-5e36-45a7-92c0-c9f2ad426e1f, IsOpen = True, DifficultyLevel = 116, ConnectedLifts =  }, Slope { SlopeID = 195, SlopeName = slopeName08d17a39-66c2-44f6-b628-15baffb05dee, IsOpen = False, DifficultyLevel = 36, ConnectedLifts =  }, Slope { SlopeID = 55, SlopeName = slopeNamef4093dda-a295-4aac-81e0-909473d27d64, Is..." storage="/mnt/c/users/alena/desktop/7_sem/testing_and_debugging/skiresort/bl.tests/bin/debug/net6.0/bl.tests.dll" id="b5f4e674-ffd6-cdb7-fde8-af2e2fe16964">
      <Execution id="a4d3f49f-f0b6-441a-a8d5-1636c92c9f2f" />
      <TestMethod codeBase="/mnt/c/Users/alena/Desktop/7_sem/testing_and_debugging/SkiResort/BL.Tests/bin/Debug/net6.0/BL.Tests.dll" adapterTypeName="executor://xunit/VsTestRunner2/netcoreapp" className="BL.Tests.SlopesServiceTest" name="TestGetSlopesInfoAsync" />
    </UnitTest>
    <UnitTest name="BL.Tests.CheckPermissionsServiceTests.AuthorizedHasAccessToAuthorizedFunctions(functionName: &quot;SendMessageAsync&quot;)" storage="/mnt/c/users/alena/desktop/7_sem/testing_and_debugging/skiresort/bl.tests/bin/debug/net6.0/bl.tests.dll" id="644ec43e-70cd-c82d-42e7-0d990be1414d">
      <Execution id="affe40b6-b614-4292-b6b2-d56a5368a829" />
      <TestMethod codeBase="/mnt/c/Users/alena/Desktop/7_sem/testing_and_debugging/SkiResort/BL.Tests/bin/Debug/net6.0/BL.Tests.dll" adapterTypeName="executor://xunit/VsTestRunner2/netcoreapp" className="BL.Tests.CheckPermissionsServiceTests" name="AuthorizedHasAccessToAuthorizedFunctions" />
    </UnitTest>
    <UnitTest name="BL.Tests.CheckPermissionsServiceTests.UnauthorizedHasNoAccessToAuthorizedFunctions(functionName: &quot;LogOutAsync&quot;)" storage="/mnt/c/users/alena/desktop/7_sem/testing_and_debugging/skiresort/bl.tests/bin/debug/net6.0/bl.tests.dll" id="fa960c5e-f989-2880-784e-8efe538c5231">
      <Execution id="86a3b4fe-f8f0-477a-b189-112a05aaf720" />
      <TestMethod codeBase="/mnt/c/Users/alena/Desktop/7_sem/testing_and_debugging/SkiResort/BL.Tests/bin/Debug/net6.0/BL.Tests.dll" adapterTypeName="executor://xunit/VsTestRunner2/netcoreapp" className="BL.Tests.CheckPermissionsServiceTests" name="UnauthorizedHasNoAccessToAuthorizedFunctions" />
    </UnitTest>
    <UnitTest name="BL.Tests.CheckPermissionsServiceTests.UnauthorizedHasNoAccessToAuthorizedFunctions(functionName: &quot;SendMessageAsync&quot;)" storage="/mnt/c/users/alena/desktop/7_sem/testing_and_debugging/skiresort/bl.tests/bin/debug/net6.0/bl.tests.dll" id="eaabd2fc-2f4b-5689-59c8-c7ad34a8f634">
      <Execution id="7927108e-58ff-4bcd-8858-c389932aa864" />
      <TestMethod codeBase="/mnt/c/Users/alena/Desktop/7_sem/testing_and_debugging/SkiResort/BL.Tests/bin/Debug/net6.0/BL.Tests.dll" adapterTypeName="executor://xunit/VsTestRunner2/netcoreapp" className="BL.Tests.CheckPermissionsServiceTests" name="UnauthorizedHasNoAccessToAuthorizedFunctions" />
    </UnitTest>
    <UnitTest name="BL.Tests.UsersServiceTests.TestRegisterUserWithRepeatedEmail" storage="/mnt/c/users/alena/desktop/7_sem/testing_and_debugging/skiresort/bl.tests/bin/debug/net6.0/bl.tests.dll" id="894941c1-bfa7-d8f9-c047-1e1ceefe2c2f">
      <Execution id="96960b3d-dd8e-4e8e-ac23-ba335112af14" />
      <TestMethod codeBase="/mnt/c/Users/alena/Desktop/7_sem/testing_and_debugging/SkiResort/BL.Tests/bin/Debug/net6.0/BL.Tests.dll" adapterTypeName="executor://xunit/VsTestRunner2/netcoreapp" className="BL.Tests.UsersServiceTests" name="TestRegisterUserWithRepeatedEmail" />
    </UnitTest>
    <UnitTest name="BL.Tests.UsersServiceTests.TestRegisterUserWithNoEmail" storage="/mnt/c/users/alena/desktop/7_sem/testing_and_debugging/skiresort/bl.tests/bin/debug/net6.0/bl.tests.dll" id="8184bd30-991c-b78d-b4ec-99a485eac0dd">
      <Execution id="9de079cd-e7de-43f6-b8e7-7ac6bbcb9d93" />
      <TestMethod codeBase="/mnt/c/Users/alena/Desktop/7_sem/testing_and_debugging/SkiResort/BL.Tests/bin/Debug/net6.0/BL.Tests.dll" adapterTypeName="executor://xunit/VsTestRunner2/netcoreapp" className="BL.Tests.UsersServiceTests" name="TestRegisterUserWithNoEmail" />
    </UnitTest>
  </TestDefinitions>
  <TestEntries>
    <TestEntry testId="00a6051d-4525-bc21-8c1b-1d35f7f44718" executionId="4421ace9-f6bb-4770-871e-10de11dad343" testListId="8c84fa94-04c1-424b-9868-57a2d4851a1d" />
    <TestEntry testId="60bd668f-04df-da5e-b79b-5d9aedb5234d" executionId="906d6126-1d1b-4edf-b6a8-267ba7bb302f" testListId="8c84fa94-04c1-424b-9868-57a2d4851a1d" />
    <TestEntry testId="e5497347-2721-b7a6-0bd4-69a9921f6947" executionId="e4dc2c45-a5aa-43fa-bb4e-a7c6931fd210" testListId="8c84fa94-04c1-424b-9868-57a2d4851a1d" />
    <TestEntry testId="dad2e5e6-9fee-d5ba-e17d-8202f1586908" executionId="9b7c9104-ccbf-4152-84da-75548e617524" testListId="8c84fa94-04c1-424b-9868-57a2d4851a1d" />
    <TestEntry testId="e429852d-a6ed-7c2a-25fd-cd839b159d56" executionId="e6e50f15-c587-4e77-addb-7b2c6cc5cb6c" testListId="8c84fa94-04c1-424b-9868-57a2d4851a1d" />
    <TestEntry testId="39744e57-64d8-3b00-ecbe-c338fab2506b" executionId="1c8bb7a0-604e-415c-baef-20cc4ded0e40" testListId="8c84fa94-04c1-424b-9868-57a2d4851a1d" />
    <TestEntry testId="db8bbb09-87e4-4741-5c5d-1e7d4de5b2c1" executionId="dd8de26c-fdcc-48e8-8e7c-71b6ec9804ef" testListId="8c84fa94-04c1-424b-9868-57a2d4851a1d" />
    <TestEntry testId="a19a5fcf-c5d2-7d44-5d7d-84403042f4e0" executionId="585def16-4539-4013-a98b-1022aac11b19" testListId="8c84fa94-04c1-424b-9868-57a2d4851a1d" />
    <TestEntry testId="fa960c5e-f989-2880-784e-8efe538c5231" executionId="86a3b4fe-f8f0-477a-b189-112a05aaf720" testListId="8c84fa94-04c1-424b-9868-57a2d4851a1d" />
    <TestEntry testId="18fa8c62-e27d-e1fc-8182-4d7db62b008d" executionId="794c74a6-373c-4da0-8ef0-8c4174e70d2f" testListId="8c84fa94-04c1-424b-9868-57a2d4851a1d" />
    <TestEntry testId="06d0bc3a-24a0-fb7f-4277-e9ae6d21c7dd" executionId="b2947f8f-7051-4688-9118-31cdc231fe74" testListId="8c84fa94-04c1-424b-9868-57a2d4851a1d" />
    <TestEntry testId="b4d4c5d0-e968-ef48-7587-a355fe10ccb7" executionId="e5576638-e760-4a36-a462-079ff22d1326" testListId="8c84fa94-04c1-424b-9868-57a2d4851a1d" />
    <TestEntry testId="93220d04-17e4-460a-8fba-169ce686ae2b" executionId="01d73df1-5348-4ddd-8ca9-31d640441040" testListId="8c84fa94-04c1-424b-9868-57a2d4851a1d" />
    <TestEntry testId="1ca07ad8-f799-c5d4-e7cc-34fd950198a2" executionId="6fdeee9d-3faf-40e1-949e-26358bd2b581" testListId="8c84fa94-04c1-424b-9868-57a2d4851a1d" />
    <TestEntry testId="20ad8570-0170-85de-dcd7-2f109dd7bcd6" executionId="d70cebe3-486b-4aa5-b578-0a5c9e38a34a" testListId="8c84fa94-04c1-424b-9868-57a2d4851a1d" />
    <TestEntry testId="7f22a7db-5112-e14d-503f-abb5af7745ee" executionId="eaefcde6-6035-4d62-b782-8b1685a7ca26" testListId="8c84fa94-04c1-424b-9868-57a2d4851a1d" />
    <TestEntry testId="eaabd2fc-2f4b-5689-59c8-c7ad34a8f634" executionId="7927108e-58ff-4bcd-8858-c389932aa864" testListId="8c84fa94-04c1-424b-9868-57a2d4851a1d" />
    <TestEntry testId="29a0454c-f276-ac31-2a1f-c9a3bfd36960" executionId="3b96e505-b1f8-4768-8ea2-b83d5fb6c952" testListId="8c84fa94-04c1-424b-9868-57a2d4851a1d" />
    <TestEntry testId="f3efc418-a8a6-c7b7-9bac-90b33aa8472f" executionId="8006581c-b74e-4973-a691-837588f937f9" testListId="8c84fa94-04c1-424b-9868-57a2d4851a1d" />
    <TestEntry testId="2602613f-c8e2-a6d9-fcf7-5b27d4a770a6" executionId="4682571a-fb3a-4112-9ae9-089729269cbe" testListId="8c84fa94-04c1-424b-9868-57a2d4851a1d" />
    <TestEntry testId="0eeef75f-6e38-7893-a8fe-cff3e0a970a7" executionId="13056ed2-5a0e-4546-a27b-78128869ad63" testListId="8c84fa94-04c1-424b-9868-57a2d4851a1d" />
    <TestEntry testId="9c7df5e2-1b23-ebea-889f-b78ca86b60ab" executionId="b089f724-389d-4e0b-b90a-8eb8e38fa258" testListId="8c84fa94-04c1-424b-9868-57a2d4851a1d" />
    <TestEntry testId="07d3da6a-22e9-eccc-bf68-f1c000070f3e" executionId="01d9403a-bd87-4c6f-a77e-9c5f2397d279" testListId="8c84fa94-04c1-424b-9868-57a2d4851a1d" />
    <TestEntry testId="4c6592e8-ec80-bdfe-d53b-5b075368cd38" executionId="02db2fdf-6ba1-41f8-b652-c5b6471770fe" testListId="8c84fa94-04c1-424b-9868-57a2d4851a1d" />
    <TestEntry testId="94dab046-829d-60ea-f18f-ad4dd9e948e4" executionId="1c43b876-0d07-44dd-a6db-6ab87dc7549b" testListId="8c84fa94-04c1-424b-9868-57a2d4851a1d" />
    <TestEntry testId="86e62c7d-0e8a-008d-d148-23c60ba61f8b" executionId="35f512d2-75ba-4d7c-8c10-503b2fce2cc7" testListId="8c84fa94-04c1-424b-9868-57a2d4851a1d" />
    <TestEntry testId="55176217-3a7d-43a4-352f-772458e381a4" executionId="adeadc55-b7fe-4209-83a6-04618705cf8c" testListId="8c84fa94-04c1-424b-9868-57a2d4851a1d" />
    <TestEntry testId="229812f5-9a73-5335-11f5-31330d1348a5" executionId="ca010c22-8ce3-43ab-9fb9-0e9b2a7889b0" testListId="8c84fa94-04c1-424b-9868-57a2d4851a1d" />
    <TestEntry testId="aa28a6b3-21d3-aa45-24d3-bef2facbc899" executionId="f652aaec-5caf-467d-9d6c-372ed8e4afee" testListId="8c84fa94-04c1-424b-9868-57a2d4851a1d" />
    <TestEntry testId="66127897-e048-1a4f-d77f-992ee1515bda" executionId="adca28fd-d7f4-42c9-be6d-a9341a07deff" testListId="8c84fa94-04c1-424b-9868-57a2d4851a1d" />
    <TestEntry testId="8184bd30-991c-b78d-b4ec-99a485eac0dd" executionId="9de079cd-e7de-43f6-b8e7-7ac6bbcb9d93" testListId="8c84fa94-04c1-424b-9868-57a2d4851a1d" />
    <TestEntry testId="387c9729-48c1-486e-5e67-f5d11a9f0db8" executionId="a499aa16-107f-4e24-ac1a-762d1ba3d6a6" testListId="8c84fa94-04c1-424b-9868-57a2d4851a1d" />
    <TestEntry testId="8077e36b-691c-7be0-5add-8c28788e5b48" executionId="ed985e1d-0641-44e2-ab8a-63196f4b4385" testListId="8c84fa94-04c1-424b-9868-57a2d4851a1d" />
    <TestEntry testId="e2d7e5be-3dae-33ae-fb17-c704b6fd58d6" executionId="62995d34-cb16-40fe-9978-98f048dd859f" testListId="8c84fa94-04c1-424b-9868-57a2d4851a1d" />
    <TestEntry testId="894941c1-bfa7-d8f9-c047-1e1ceefe2c2f" executionId="96960b3d-dd8e-4e8e-ac23-ba335112af14" testListId="8c84fa94-04c1-424b-9868-57a2d4851a1d" />
    <TestEntry testId="a2e59116-cb53-1d70-9cb8-21c286516866" executionId="2d7839fe-ab17-4c97-a944-ccd70d12b37d" testListId="8c84fa94-04c1-424b-9868-57a2d4851a1d" />
    <TestEntry testId="c36970dc-93f7-753e-fa47-157133b01644" executionId="15344c14-4291-4ec7-be06-23f234367966" testListId="8c84fa94-04c1-424b-9868-57a2d4851a1d" />
    <TestEntry testId="492c0393-35b4-df26-a537-21ca08302f3c" executionId="6837993d-ac61-43d4-b345-68f84b782049" testListId="8c84fa94-04c1-424b-9868-57a2d4851a1d" />
    <TestEntry testId="644ec43e-70cd-c82d-42e7-0d990be1414d" executionId="affe40b6-b614-4292-b6b2-d56a5368a829" testListId="8c84fa94-04c1-424b-9868-57a2d4851a1d" />
    <TestEntry testId="4f297306-d4f3-8d63-e7f4-1ac0b8c58c74" executionId="ff1593f8-4839-4d09-9912-1bb0ef3e03b9" testListId="8c84fa94-04c1-424b-9868-57a2d4851a1d" />
    <TestEntry testId="b5f4e674-ffd6-cdb7-fde8-af2e2fe16964" executionId="a4d3f49f-f0b6-441a-a8d5-1636c92c9f2f" testListId="8c84fa94-04c1-424b-9868-57a2d4851a1d" />
    <TestEntry testId="834c739b-eca4-b36d-6a66-5a1bd75377b8" executionId="7b065f88-ae01-4add-9e62-759238127f1b" testListId="8c84fa94-04c1-424b-9868-57a2d4851a1d" />
    <TestEntry testId="8dd17a90-1abd-4efd-615c-3906d8135ff2" executionId="1335c397-f888-4435-a049-a0d795d2b14b" testListId="8c84fa94-04c1-424b-9868-57a2d4851a1d" />
    <TestEntry testId="f44a1b21-8efc-bfac-63b4-d534442def31" executionId="43d99f4f-c489-499d-b2ab-42865e67f5e4" testListId="8c84fa94-04c1-424b-9868-57a2d4851a1d" />
    <TestEntry testId="2d706594-f2b3-b3c8-21d4-86c9798c3306" executionId="2b9a0392-2867-45a7-8a5f-b0b174d2476a" testListId="8c84fa94-04c1-424b-9868-57a2d4851a1d" />
    <TestEntry testId="9a923901-75d0-5804-ec2d-21834f69463b" executionId="4e920753-95f0-4004-bfc6-018215b03133" testListId="8c84fa94-04c1-424b-9868-57a2d4851a1d" />
    <TestEntry testId="69340bb6-3645-f9dd-971e-29d8b2a009bb" executionId="480cf265-733a-4acf-97ba-e21fae798b60" testListId="8c84fa94-04c1-424b-9868-57a2d4851a1d" />
  </TestEntries>
  <TestLists>
    <TestList name="Results Not in a List" id="8c84fa94-04c1-424b-9868-57a2d4851a1d" />
    <TestList name="All Loaded Results" id="19431567-8539-422a-85d7-44ee4e166bda" />
  </TestLists>
  <ResultSummary outcome="Failed">
    <Counters total="47" executed="47" passed="46" failed="1" error="0" timeout="0" aborted="0" inconclusive="0" passedButRunAborted="0" notRunnable="0" notExecuted="0" disconnected="0" warning="0" completed="0" inProgress="0" pending="0" />
    <Output>
      <StdOut>[xUnit.net 00:00:00.00] xUnit.net VSTest Adapter v2.4.5+1caef2f33e (64-bit .NET 6.0.10)
[xUnit.net 00:00:00.86]   Discovering: BL.Tests
[xUnit.net 00:00:01.13]   Discovered:  BL.Tests
[xUnit.net 00:00:01.13]   Starting:    BL.Tests
[xUnit.net 00:00:01.31]       Assert.NotEqual() Failure
[xUnit.net 00:00:01.31]       Expected: Not Lift { LiftID = 235, LiftName = liftName537ac495-5ec9-411d-ab93-8e014c237ff8, IsOpen = True, SeatsAmount = 152, LiftingTime = 99, QueueTime = 179, ConnectedSlopes =  }
[xUnit.net 00:00:01.31]       Actual:   Lift { LiftID = 235, LiftName = liftName537ac495-5ec9-411d-ab93-8e014c237ff8, IsOpen = True, SeatsAmount = 152, LiftingTime = 99, QueueTime = 179, ConnectedSlopes =  }
[xUnit.net 00:00:01.31]       Stack Trace:
[xUnit.net 00:00:01.31]         /mnt/c/Users/alena/Desktop/7_sem/testing_and_debugging/SkiResort/BL.Tests/LiftsServiceTest.cs(42,0): at BL.Tests.LiftsServiceTest.TestGetLiftInfoAsync(UInt32 userID, Lift lift, Mock`1 checkPermissionServiceMock, Mock`1 liftsRepositoryStub, Mock`1 liftsSlopesRepositoryStub, LiftsService sut)
[xUnit.net 00:00:01.31]            at System.Threading.Tasks.Task.&lt;&gt;c.&lt;ThrowAsync&gt;b__128_0(Object state)
[xUnit.net 00:00:01.55]   Finished:    BL.Tests
</StdOut>
    </Output>
    <RunInfos>
      <RunInfo computerName="DESKTOP-TJ9D65N" outcome="Error" timestamp="2022-11-03T11:16:09.9588275+03:00">
        <Text>[xUnit.net 00:00:01.31]     BL.Tests.LiftsServiceTest.TestGetLiftInfoAsync(userID: 55, lift: Lift { LiftID = 235, LiftName = liftName537ac495-5ec9-411d-ab93-8e014c237ff8, IsOpen = True, SeatsAmount = 152, LiftingTime = 99, QueueTime = 179, ConnectedSlopes =  }, checkPermissionServiceMock: Mock&lt;ICheckPermissionService:1&gt;, liftsRepositoryStub: Mock&lt;ILiftsRepository:1&gt;, liftsSlopesRepositoryStub: Mock&lt;ILiftsSlopesRepository:1&gt;, sut: LiftsService { }) [FAIL]</Text>
      </RunInfo>
    </RunInfos>
  </ResultSummary>
</TestRun>