<?xml version="1.0" encoding="utf-8"?>
<TestRun id="bae8b7b6-6308-47de-9213-425637faf100" name="@DESKTOP-TJ9D65N 2022-11-03 11:23:38" xmlns="http://microsoft.com/schemas/VisualStudio/TeamTest/2010">
  <Times creation="2022-11-03T11:23:38.0347732+03:00" queuing="2022-11-03T11:23:38.0347733+03:00" start="2022-11-03T11:23:35.6879896+03:00" finish="2022-11-03T11:23:38.3298547+03:00" />
  <TestSettings name="default" id="52a722eb-ab52-497c-a256-cea2d96765cb">
    <Deployment runDeploymentRoot="_DESKTOP-TJ9D65N_2022-11-03_11_23_38" />
  </TestSettings>
  <Results>
    <UnitTestResult executionId="bfaa458d-25b9-485b-a05a-6419c4c181d1" testId="f3efc418-a8a6-c7b7-9bac-90b33aa8472f" testName="BL.Tests.CheckPermissionsServiceTests.AdminHasAccessToAllFunctions" computerName="DESKTOP-TJ9D65N" duration="00:00:00.0025928" startTime="2022-11-03T11:23:38.2259102+03:00" endTime="2022-11-03T11:23:38.2259104+03:00" testType="13cdc9d9-ddb5-4fa4-a97d-d965ccfc6d4b" outcome="Passed" testListId="8c84fa94-04c1-424b-9868-57a2d4851a1d" relativeResultsDirectory="bfaa458d-25b9-485b-a05a-6419c4c181d1" />
    <UnitTestResult executionId="4802a570-03ed-4757-8081-c5ca7f2e7d8a" testId="66849ef8-1949-8663-1881-214bb86a2371" testName="BL.Tests.SlopesServiceTest.TestAdminAddAutoIncrementSlopeAsync(userID: 243, slope: Slope { SlopeID = 102, SlopeName = slopeName32cd27f1-6e3a-4834-8aee-005966b4e5c8, IsOpen = True, DifficultyLevel = 194, ConnectedLifts =  }, checkPermissionServiceMock: Mock&lt;ICheckPermissionService:10&gt;, slopesRepositoryStub: Mock&lt;ISlopesRepository:8&gt;, sut: SlopesService { })" computerName="DESKTOP-TJ9D65N" duration="00:00:00.0087536" startTime="2022-11-03T11:23:38.0280033+03:00" endTime="2022-11-03T11:23:38.0280034+03:00" testType="13cdc9d9-ddb5-4fa4-a97d-d965ccfc6d4b" outcome="Passed" testListId="8c84fa94-04c1-424b-9868-57a2d4851a1d" relativeResultsDirectory="4802a570-03ed-4757-8081-c5ca7f2e7d8a" />
    <UnitTestResult executionId="abe8eab8-9301-4273-a60e-3776aeca5ff2" testId="69340bb6-3645-f9dd-971e-29d8b2a009bb" testName="BL.Tests.UsersServiceTests.TestLogInWithWrongPassword" computerName="DESKTOP-TJ9D65N" duration="00:00:00.0022593" startTime="2022-11-03T11:23:38.1104576+03:00" endTime="2022-11-03T11:23:38.1104576+03:00" testType="13cdc9d9-ddb5-4fa4-a97d-d965ccfc6d4b" outcome="Passed" testListId="8c84fa94-04c1-424b-9868-57a2d4851a1d" relativeResultsDirectory="abe8eab8-9301-4273-a60e-3776aeca5ff2" />
    <UnitTestResult executionId="505a8cba-7e6a-4729-8b4c-032e59a016c6" testId="834c739b-eca4-b36d-6a66-5a1bd75377b8" testName="BL.Tests.UsersServiceTests.TestAdminAddAutoIncrementUser" computerName="DESKTOP-TJ9D65N" duration="00:00:00.0062061" startTime="2022-11-03T11:23:38.1251348+03:00" endTime="2022-11-03T11:23:38.1251349+03:00" testType="13cdc9d9-ddb5-4fa4-a97d-d965ccfc6d4b" outcome="Passed" testListId="8c84fa94-04c1-424b-9868-57a2d4851a1d" relativeResultsDirectory="505a8cba-7e6a-4729-8b4c-032e59a016c6" />
    <UnitTestResult executionId="fcc3a490-16ef-428d-9d65-a6f1af7b5822" testId="644ec43e-70cd-c82d-42e7-0d990be1414d" testName="BL.Tests.CheckPermissionsServiceTests.AuthorizedHasAccessToAuthorizedFunctions(functionName: &quot;SendMessageAsync&quot;)" computerName="DESKTOP-TJ9D65N" duration="00:00:00.0021203" startTime="2022-11-03T11:23:38.1458806+03:00" endTime="2022-11-03T11:23:38.1458806+03:00" testType="13cdc9d9-ddb5-4fa4-a97d-d965ccfc6d4b" outcome="Passed" testListId="8c84fa94-04c1-424b-9868-57a2d4851a1d" relativeResultsDirectory="fcc3a490-16ef-428d-9d65-a6f1af7b5822" />
    <UnitTestResult executionId="da9ff560-8eb4-4e70-b154-a83eb0fcb2ba" testId="4722f43f-43d5-eec2-47a3-65463b5ce99b" testName="BL.Tests.TurnstilesServiceTest.TestAdminUpdateTurnstileAsync(userID: 101, turnstile: Turnstile { TurnstileID = 166, LiftID = 212, IsOpen = True }, checkPermissionServiceMock: Mock&lt;ICheckPermissionService:14&gt;, turnstilesRepositoryStub: Mock&lt;ITurnstilesRepository:8&gt;, sut: TurnstilesService { })" computerName="DESKTOP-TJ9D65N" duration="00:00:00.0056152" startTime="2022-11-03T11:23:38.0211060+03:00" endTime="2022-11-03T11:23:38.0211061+03:00" testType="13cdc9d9-ddb5-4fa4-a97d-d965ccfc6d4b" outcome="Passed" testListId="8c84fa94-04c1-424b-9868-57a2d4851a1d" relativeResultsDirectory="da9ff560-8eb4-4e70-b154-a83eb0fcb2ba" />
    <UnitTestResult executionId="c461d6da-4c64-405a-90b1-099b93e5187a" testId="91054dbf-ecfc-8350-398c-40699661b555" testName="BL.Tests.SlopesServiceTest.TestGetSlopeInfoAsync(userID: 136, slope: Slope { SlopeID = 98, SlopeName = slopeNamea4c48631-5f1c-4b86-9fa0-ed1d71ecd012, IsOpen = True, DifficultyLevel = 160, ConnectedLifts =  }, checkPermissionServiceMock: Mock&lt;ICheckPermissionService:6&gt;, slopesRepositoryStub: Mock&lt;ISlopesRepository:4&gt;, liftsSlopesRepositoryStub: Mock&lt;ILiftsSlopesRepository:9&gt;, sut: SlopesService { })" computerName="DESKTOP-TJ9D65N" duration="00:00:00.0110904" startTime="2022-11-03T11:23:38.0868033+03:00" endTime="2022-11-03T11:23:38.0868034+03:00" testType="13cdc9d9-ddb5-4fa4-a97d-d965ccfc6d4b" outcome="Passed" testListId="8c84fa94-04c1-424b-9868-57a2d4851a1d" relativeResultsDirectory="c461d6da-4c64-405a-90b1-099b93e5187a" />
    <UnitTestResult executionId="c22d2893-8180-48d2-a248-02199677b3ab" testId="4f297306-d4f3-8d63-e7f4-1ac0b8c58c74" testName="BL.Tests.CheckPermissionsServiceTests.AuthorizedHasNoAccessToAdminSkiPatrolFunctions(functionName: &quot;GetLiftsSlopesInfoAsync&quot;)" computerName="DESKTOP-TJ9D65N" duration="00:00:00.0011469" startTime="2022-11-03T11:23:38.1355804+03:00" endTime="2022-11-03T11:23:38.1355804+03:00" testType="13cdc9d9-ddb5-4fa4-a97d-d965ccfc6d4b" outcome="Passed" testListId="8c84fa94-04c1-424b-9868-57a2d4851a1d" relativeResultsDirectory="c22d2893-8180-48d2-a248-02199677b3ab" />
    <UnitTestResult executionId="69aed04d-970c-4a7b-b106-585b0245aef6" testId="936d0828-6307-feed-fe97-00d020da4a57" testName="BL.Tests.SlopesServiceTest.TestAdminDeleteSlopeAsync(userID: 14, slope: Slope { SlopeID = 243, SlopeName = slopeName56f042a2-487b-4c07-87f3-5aac007ec352, IsOpen = True, DifficultyLevel = 213, ConnectedLifts =  }, checkPermissionServiceMock: Mock&lt;ICheckPermissionService:9&gt;, slopesRepositoryStub: Mock&lt;ISlopesRepository:7&gt;, liftsSlopesRepositoryStub: Mock&lt;ILiftsSlopesRepository:12&gt;, sut: SlopesService { })" computerName="DESKTOP-TJ9D65N" duration="00:00:00.0056664" startTime="2022-11-03T11:23:38.0510637+03:00" endTime="2022-11-03T11:23:38.0510638+03:00" testType="13cdc9d9-ddb5-4fa4-a97d-d965ccfc6d4b" outcome="Passed" testListId="8c84fa94-04c1-424b-9868-57a2d4851a1d" relativeResultsDirectory="69aed04d-970c-4a7b-b106-585b0245aef6" />
    <UnitTestResult executionId="8e209cbe-00f6-477b-900b-b238151cd817" testId="06d0bc3a-24a0-fb7f-4277-e9ae6d21c7dd" testName="BL.Tests.UsersServiceTests.TestAdminUpdateUser" computerName="DESKTOP-TJ9D65N" duration="00:00:00.0066240" startTime="2022-11-03T11:23:38.0588947+03:00" endTime="2022-11-03T11:23:38.0588948+03:00" testType="13cdc9d9-ddb5-4fa4-a97d-d965ccfc6d4b" outcome="Passed" testListId="8c84fa94-04c1-424b-9868-57a2d4851a1d" relativeResultsDirectory="8e209cbe-00f6-477b-900b-b238151cd817" />
    <UnitTestResult executionId="e8ab4a0c-c9b3-4fb5-99b3-84eea2c0f014" testId="8184bd30-991c-b78d-b4ec-99a485eac0dd" testName="BL.Tests.UsersServiceTests.TestRegisterUserWithNoEmail" computerName="DESKTOP-TJ9D65N" duration="00:00:00.0035279" startTime="2022-11-03T11:23:37.9906972+03:00" endTime="2022-11-03T11:23:37.9906973+03:00" testType="13cdc9d9-ddb5-4fa4-a97d-d965ccfc6d4b" outcome="Passed" testListId="8c84fa94-04c1-424b-9868-57a2d4851a1d" relativeResultsDirectory="e8ab4a0c-c9b3-4fb5-99b3-84eea2c0f014" />
    <UnitTestResult executionId="3f824c07-fa55-4ad6-bc20-ee04ad30f0d7" testId="18fa8c62-e27d-e1fc-8182-4d7db62b008d" testName="BL.Tests.UsersServiceTests.TestAdminDeleteUser" computerName="DESKTOP-TJ9D65N" duration="00:00:00.0031279" startTime="2022-11-03T11:23:38.1480541+03:00" endTime="2022-11-03T11:23:38.1480541+03:00" testType="13cdc9d9-ddb5-4fa4-a97d-d965ccfc6d4b" outcome="Passed" testListId="8c84fa94-04c1-424b-9868-57a2d4851a1d" relativeResultsDirectory="3f824c07-fa55-4ad6-bc20-ee04ad30f0d7" />
    <UnitTestResult executionId="1c98aed0-82cd-4bd1-838a-6ec1ee5b79dd" testId="a2e59116-cb53-1d70-9cb8-21c286516866" testName="BL.Tests.CheckPermissionsServiceTests.AuthorizedHasNoAccessToAdminFunctions" computerName="DESKTOP-TJ9D65N" duration="00:00:00.0026643" startTime="2022-11-03T11:23:38.1058152+03:00" endTime="2022-11-03T11:23:38.1058152+03:00" testType="13cdc9d9-ddb5-4fa4-a97d-d965ccfc6d4b" outcome="Passed" testListId="8c84fa94-04c1-424b-9868-57a2d4851a1d" relativeResultsDirectory="1c98aed0-82cd-4bd1-838a-6ec1ee5b79dd" />
    <UnitTestResult executionId="54ad4c60-7f55-46da-96df-428a2e92c121" testId="e5497347-2721-b7a6-0bd4-69a9921f6947" testName="BL.Tests.UsersServiceTests.TestAdminGetUserByIDAsync" computerName="DESKTOP-TJ9D65N" duration="00:00:00.0032775" startTime="2022-11-03T11:23:38.1364693+03:00" endTime="2022-11-03T11:23:38.1364694+03:00" testType="13cdc9d9-ddb5-4fa4-a97d-d965ccfc6d4b" outcome="Passed" testListId="8c84fa94-04c1-424b-9868-57a2d4851a1d" relativeResultsDirectory="54ad4c60-7f55-46da-96df-428a2e92c121" />
    <UnitTestResult executionId="ddf4cb9f-8289-4829-bbf8-86458f2bd35f" testId="8fd3de6d-d0eb-9464-a64a-a60602b9fb0d" testName="BL.Tests.SlopesServiceTest.TestGetSlopesInfoAsync(userID: 204, initialSlopes: [Slope { SlopeID = 29, SlopeName = slopeNamed3d2960b-9d20-4f04-a4f9-35933a3c2239, IsOpen = True, DifficultyLevel = 14, ConnectedLifts =  }, Slope { SlopeID = 207, SlopeName = slopeName8e797bf4-f7f9-4cfa-9eb8-cfe34ffc741c, IsOpen = False, DifficultyLevel = 89, ConnectedLifts =  }, Slope { SlopeID = 9, SlopeName = slopeNamef7320a09-3d61-4f51-aa26-5d86eb416163, IsOpen = True, DifficultyLevel = 81, ConnectedLifts =  }], checkPermissionServiceMock: Mock&lt;ICheckPermissionService:7&gt;, slopesRepositoryStub: Mock&lt;ISlopesRepository:5&gt;, liftsSlopesRepositoryStub: Mock&lt;ILiftsSlopesRepository:10&gt;, sut: SlopesService { })" computerName="DESKTOP-TJ9D65N" duration="00:00:00.0297241" startTime="2022-11-03T11:23:37.9907403+03:00" endTime="2022-11-03T11:23:37.9907404+03:00" testType="13cdc9d9-ddb5-4fa4-a97d-d965ccfc6d4b" outcome="Passed" testListId="8c84fa94-04c1-424b-9868-57a2d4851a1d" relativeResultsDirectory="ddf4cb9f-8289-4829-bbf8-86458f2bd35f" />
    <UnitTestResult executionId="5a8382d0-21a3-4979-834d-49a062ba01c4" testId="60bd668f-04df-da5e-b79b-5d9aedb5234d" testName="BL.Tests.CheckPermissionsServiceTests.SkiPatrolHasAccessToAdminSkiPatrolFunctions(functionName: &quot;MarkMessageReadByUserAsync&quot;)" computerName="DESKTOP-TJ9D65N" duration="00:00:00.0010888" startTime="2022-11-03T11:23:38.0848238+03:00" endTime="2022-11-03T11:23:38.0848238+03:00" testType="13cdc9d9-ddb5-4fa4-a97d-d965ccfc6d4b" outcome="Passed" testListId="8c84fa94-04c1-424b-9868-57a2d4851a1d" relativeResultsDirectory="5a8382d0-21a3-4979-834d-49a062ba01c4" />
    <UnitTestResult executionId="790c3e65-fcfb-4ebc-9101-6eff8192a580" testId="431b7fbf-6a54-8e03-f6eb-92216e459802" testName="BL.Tests.LiftsServiceTest.TestAdminDeleteLiftAsync(userID: 88, lift: Lift { LiftID = 135, LiftName = liftName259ff6d1-d26f-432d-81fa-5ec5f619c983, IsOpen = True, SeatsAmount = 111, LiftingTime = 131, QueueTime = 223, ConnectedSlopes =  }, checkPermissionServiceMock: Mock&lt;ICheckPermissionService:4&gt;, liftsRepositoryStub: Mock&lt;ILiftsRepository:4&gt;, liftsSlopesRepositoryStub: Mock&lt;ILiftsSlopesRepository:4&gt;, sut: LiftsService { })" computerName="DESKTOP-TJ9D65N" duration="00:00:00.0108949" startTime="2022-11-03T11:23:38.0576818+03:00" endTime="2022-11-03T11:23:38.0576819+03:00" testType="13cdc9d9-ddb5-4fa4-a97d-d965ccfc6d4b" outcome="Passed" testListId="8c84fa94-04c1-424b-9868-57a2d4851a1d" relativeResultsDirectory="790c3e65-fcfb-4ebc-9101-6eff8192a580" />
    <UnitTestResult executionId="7d993386-e33b-42a7-8ee4-f49a51a112fc" testId="9c7df5e2-1b23-ebea-889f-b78ca86b60ab" testName="BL.Tests.CheckPermissionsServiceTests.AuthorizedHasNoAccessToAdminSkiPatrolFunctions(functionName: &quot;MarkMessageReadByUserAsync&quot;)" computerName="DESKTOP-TJ9D65N" duration="00:00:00.0010807" startTime="2022-11-03T11:23:38.1252719+03:00" endTime="2022-11-03T11:23:38.1252720+03:00" testType="13cdc9d9-ddb5-4fa4-a97d-d965ccfc6d4b" outcome="Passed" testListId="8c84fa94-04c1-424b-9868-57a2d4851a1d" relativeResultsDirectory="7d993386-e33b-42a7-8ee4-f49a51a112fc" />
    <UnitTestResult executionId="6359cb3b-8f00-4ec2-94dc-291e534c73e9" testId="1ca07ad8-f799-c5d4-e7cc-34fd950198a2" testName="BL.Tests.UsersServiceTests.TestLogInOk" computerName="DESKTOP-TJ9D65N" duration="00:00:00.0025824" startTime="2022-11-03T11:23:38.0993268+03:00" endTime="2022-11-03T11:23:38.0993268+03:00" testType="13cdc9d9-ddb5-4fa4-a97d-d965ccfc6d4b" outcome="Passed" testListId="8c84fa94-04c1-424b-9868-57a2d4851a1d" relativeResultsDirectory="6359cb3b-8f00-4ec2-94dc-291e534c73e9" />
    <UnitTestResult executionId="12f52e55-46f5-4da0-9d5b-534db1fb9d9b" testId="8c966817-3943-41a9-2880-281f6dc09d47" testName="BL.Tests.LiftsServiceTest.TestGetLiftInfoAsync(userID: 204, lift: Lift { LiftID = 107, LiftName = liftName1cb3cdf8-e6b7-4a3b-8414-4b09bc83aef8, IsOpen = True, SeatsAmount = 98, LiftingTime = 168, QueueTime = 58, ConnectedSlopes =  }, checkPermissionServiceMock: Mock&lt;ICheckPermissionService:1&gt;, liftsRepositoryStub: Mock&lt;ILiftsRepository:1&gt;, liftsSlopesRepositoryStub: Mock&lt;ILiftsSlopesRepository:1&gt;, sut: LiftsService { })" computerName="DESKTOP-TJ9D65N" duration="00:00:00.0080383" startTime="2022-11-03T11:23:38.0298010+03:00" endTime="2022-11-03T11:23:38.0298011+03:00" testType="13cdc9d9-ddb5-4fa4-a97d-d965ccfc6d4b" outcome="Passed" testListId="8c84fa94-04c1-424b-9868-57a2d4851a1d" relativeResultsDirectory="12f52e55-46f5-4da0-9d5b-534db1fb9d9b" />
    <UnitTestResult executionId="a57c3a59-295e-41e1-8804-9659c07abb88" testId="6f4ce6df-40c4-0382-149a-16663c428062" testName="BL.Tests.TurnstilesServiceTest.TestAdminGetTurnstilesAsync(userID: 43, initialTurnstiles: [Turnstile { TurnstileID = 9, LiftID = 112, IsOpen = True }, Turnstile { TurnstileID = 167, LiftID = 30, IsOpen = False }, Turnstile { TurnstileID = 125, LiftID = 198, IsOpen = True }], checkPermissionServiceMock: Mock&lt;ICheckPermissionService:13&gt;, turnstilesRepositoryStub: Mock&lt;ITurnstilesRepository:7&gt;, sut: TurnstilesService { })" computerName="DESKTOP-TJ9D65N" duration="00:00:00.0424533" startTime="2022-11-03T11:23:37.9173787+03:00" endTime="2022-11-03T11:23:37.9173788+03:00" testType="13cdc9d9-ddb5-4fa4-a97d-d965ccfc6d4b" outcome="Passed" testListId="8c84fa94-04c1-424b-9868-57a2d4851a1d" relativeResultsDirectory="a57c3a59-295e-41e1-8804-9659c07abb88" />
    <UnitTestResult executionId="0f373238-f2c7-452f-8352-e0c043a8c3fe" testId="387c9729-48c1-486e-5e67-f5d11a9f0db8" testName="BL.Tests.CheckPermissionsServiceTests.UnauthorizedHasNoAccessToAdminSkiPatrolFunctions(functionName: &quot;GetLiftsSlopesInfoAsync&quot;)" computerName="DESKTOP-TJ9D65N" duration="00:00:00.0017107" startTime="2022-11-03T11:23:37.9904480+03:00" endTime="2022-11-03T11:23:37.9904481+03:00" testType="13cdc9d9-ddb5-4fa4-a97d-d965ccfc6d4b" outcome="Passed" testListId="8c84fa94-04c1-424b-9868-57a2d4851a1d" relativeResultsDirectory="0f373238-f2c7-452f-8352-e0c043a8c3fe" />
    <UnitTestResult executionId="5fbf4f4d-4437-4167-a56f-b7c1c996a09d" testId="07b6a1af-17d1-4e4f-783d-d4a13ed22846" testName="BL.Tests.SlopesServiceTest.TestAdminAddSlopeAsync(userID: 73, slope: Slope { SlopeID = 184, SlopeName = slopeNameafd4efc0-cdfe-471d-a270-735eb6195e06, IsOpen = True, DifficultyLevel = 129, ConnectedLifts =  }, checkPermissionServiceMock: Mock&lt;ICheckPermissionService:11&gt;, slopesRepositoryStub: Mock&lt;ISlopesRepository:9&gt;, sut: SlopesService { })" computerName="DESKTOP-TJ9D65N" duration="00:00:00.0055723" startTime="2022-11-03T11:23:38.0657825+03:00" endTime="2022-11-03T11:23:38.0657826+03:00" testType="13cdc9d9-ddb5-4fa4-a97d-d965ccfc6d4b" outcome="Passed" testListId="8c84fa94-04c1-424b-9868-57a2d4851a1d" relativeResultsDirectory="5fbf4f4d-4437-4167-a56f-b7c1c996a09d" />
    <UnitTestResult executionId="f5f7394e-c1d2-4d79-9467-c409fad89fa2" testId="fa960c5e-f989-2880-784e-8efe538c5231" testName="BL.Tests.CheckPermissionsServiceTests.UnauthorizedHasNoAccessToAuthorizedFunctions(functionName: &quot;LogOutAsync&quot;)" computerName="DESKTOP-TJ9D65N" duration="00:00:00.0024729" startTime="2022-11-03T11:23:38.0530323+03:00" endTime="2022-11-03T11:23:38.0530324+03:00" testType="13cdc9d9-ddb5-4fa4-a97d-d965ccfc6d4b" outcome="Passed" testListId="8c84fa94-04c1-424b-9868-57a2d4851a1d" relativeResultsDirectory="f5f7394e-c1d2-4d79-9467-c409fad89fa2" />
    <UnitTestResult executionId="10eaa54a-77f5-4acc-919c-9d36e2089dc6" testId="20ad8570-0170-85de-dcd7-2f109dd7bcd6" testName="BL.Tests.UsersServiceTests.TestAdminGetUsers" computerName="DESKTOP-TJ9D65N" duration="00:00:00.0476928" startTime="2022-11-03T11:23:37.9174883+03:00" endTime="2022-11-03T11:23:37.9174884+03:00" testType="13cdc9d9-ddb5-4fa4-a97d-d965ccfc6d4b" outcome="Passed" testListId="8c84fa94-04c1-424b-9868-57a2d4851a1d" relativeResultsDirectory="10eaa54a-77f5-4acc-919c-9d36e2089dc6" />
    <UnitTestResult executionId="c178c271-fde1-4e20-9b65-ed51c2630f6a" testId="8e0ccd30-47fb-d0e7-19d5-f681a8167972" testName="BL.Tests.TurnstilesServiceTest.TestAdminDeleteTurnstileAsync(userID: 237, turnstile: Turnstile { TurnstileID = 240, LiftID = 34, IsOpen = True }, checkPermissionServiceMock: Mock&lt;ICheckPermissionService:15&gt;, turnstilesRepositoryStub: Mock&lt;ITurnstilesRepository:9&gt;, sut: TurnstilesService { })" computerName="DESKTOP-TJ9D65N" duration="00:00:00.0056631" startTime="2022-11-03T11:23:37.9907134+03:00" endTime="2022-11-03T11:23:37.9907135+03:00" testType="13cdc9d9-ddb5-4fa4-a97d-d965ccfc6d4b" outcome="Passed" testListId="8c84fa94-04c1-424b-9868-57a2d4851a1d" relativeResultsDirectory="c178c271-fde1-4e20-9b65-ed51c2630f6a" />
    <UnitTestResult executionId="a45e3501-468e-4734-8d37-6eef6cd03800" testId="aa28a6b3-21d3-aa45-24d3-bef2facbc899" testName="BL.Tests.CheckPermissionsServiceTests.AuthorizedHasAccessToAuthorizedFunctions(functionName: &quot;LogOutAsync&quot;)" computerName="DESKTOP-TJ9D65N" duration="00:00:00.0014459" startTime="2022-11-03T11:23:38.1571204+03:00" endTime="2022-11-03T11:23:38.1571204+03:00" testType="13cdc9d9-ddb5-4fa4-a97d-d965ccfc6d4b" outcome="Passed" testListId="8c84fa94-04c1-424b-9868-57a2d4851a1d" relativeResultsDirectory="a45e3501-468e-4734-8d37-6eef6cd03800" />
    <UnitTestResult executionId="8a2093fe-83b9-49f5-bf93-061bf6c63a1c" testId="2d706594-f2b3-b3c8-21d4-86c9798c3306" testName="BL.Tests.CheckPermissionsServiceTests.SkiPatrolHasAccessToAdminSkiPatrolFunctions(functionName: &quot;GetLiftsSlopesInfoAsync&quot;)" computerName="DESKTOP-TJ9D65N" duration="00:00:00.0078418" startTime="2022-11-03T11:23:38.0698153+03:00" endTime="2022-11-03T11:23:38.0698154+03:00" testType="13cdc9d9-ddb5-4fa4-a97d-d965ccfc6d4b" outcome="Passed" testListId="8c84fa94-04c1-424b-9868-57a2d4851a1d" relativeResultsDirectory="8a2093fe-83b9-49f5-bf93-061bf6c63a1c" />
    <UnitTestResult executionId="8b26aa80-8eb7-46d8-8d0f-8b6615ff33d1" testId="6a4f0800-aa11-bd3c-380d-9822ca43ce1c" testName="BL.Tests.LiftsServiceTest.TestAdminAddAutoIncrementLiftAsync(userID: 72, lift: Lift { LiftID = 187, LiftName = liftNamefd91593e-0e77-4783-8359-c194f2e4b810, IsOpen = True, SeatsAmount = 6, LiftingTime = 20, QueueTime = 223, ConnectedSlopes =  }, checkPermissionServiceMock: Mock&lt;ICheckPermissionService:5&gt;, liftsRepositoryStub: Mock&lt;ILiftsRepository:5&gt;, sut: LiftsService { })" computerName="DESKTOP-TJ9D65N" duration="00:00:00.0437406" startTime="2022-11-03T11:23:37.9174170+03:00" endTime="2022-11-03T11:23:37.9174170+03:00" testType="13cdc9d9-ddb5-4fa4-a97d-d965ccfc6d4b" outcome="Passed" testListId="8c84fa94-04c1-424b-9868-57a2d4851a1d" relativeResultsDirectory="8b26aa80-8eb7-46d8-8d0f-8b6615ff33d1" />
    <UnitTestResult executionId="19442a54-d8ea-4419-93f3-97db613ed485" testId="e429852d-a6ed-7c2a-25fd-cd839b159d56" testName="BL.Tests.LiftsSlopesServiceTests.TestGetLiftsSlopesInfoAsync(liftsSlopes: [LiftSlope { RecordID = 18, LiftID = 2, SlopeID = 168 }, LiftSlope { RecordID = 231, LiftID = 243, SlopeID = 162 }, LiftSlope { RecordID = 191, LiftID = 103, SlopeID = 197 }], slopesRepositoryStub: Mock&lt;ISlopesRepository:1&gt;, liftsRepositoryStub: Mock&lt;ILiftsRepository:6&gt;, liftsSlopesRepositoryStub: Mock&lt;ILiftsSlopesRepository:6&gt;)" computerName="DESKTOP-TJ9D65N" duration="00:00:00.0475547" startTime="2022-11-03T11:23:37.9174753+03:00" endTime="2022-11-03T11:23:37.9174754+03:00" testType="13cdc9d9-ddb5-4fa4-a97d-d965ccfc6d4b" outcome="Passed" testListId="8c84fa94-04c1-424b-9868-57a2d4851a1d" relativeResultsDirectory="19442a54-d8ea-4419-93f3-97db613ed485" />
    <UnitTestResult executionId="e72eceea-2343-4cfe-ad28-80ca497a2e05" testId="a7bceeac-b71c-3950-90ae-35e121dc3d86" testName="BL.Tests.TurnstilesServiceTest.TestAdminAddAutoIncrementTurnstileAsync(userID: 149, turnstile: Turnstile { TurnstileID = 25, LiftID = 48, IsOpen = True }, checkPermissionServiceMock: Mock&lt;ICheckPermissionService:16&gt;, turnstilesRepositoryStub: Mock&lt;ITurnstilesRepository:10&gt;, sut: TurnstilesService { })" computerName="DESKTOP-TJ9D65N" duration="00:00:00.0068925" startTime="2022-11-03T11:23:38.0406542+03:00" endTime="2022-11-03T11:23:38.0406543+03:00" testType="13cdc9d9-ddb5-4fa4-a97d-d965ccfc6d4b" outcome="Passed" testListId="8c84fa94-04c1-424b-9868-57a2d4851a1d" relativeResultsDirectory="e72eceea-2343-4cfe-ad28-80ca497a2e05" />
    <UnitTestResult executionId="9fe97a3b-29e7-489f-9a01-09f27b2890bc" testId="7ec08f4e-747f-817e-5f8b-595e029ef5f9" testName="BL.Tests.LiftsServiceTest.TestGetLiftsInfoAsync(userID: 197, initialLifts: [Lift { LiftID = 45, LiftName = liftName36055c8d-9760-4a6a-bb38-632f1add32db, IsOpen = True, SeatsAmount = 243, LiftingTime = 160, QueueTime = 34, ConnectedSlopes =  }, Lift { LiftID = 169, LiftName = liftName72d8d301-a056-4deb-bcdf-b9d3173b1c4b, IsOpen = False, SeatsAmount = 116, LiftingTime = 105, QueueTime = 51, ConnectedSlopes =  }, Lift { LiftID = 119, LiftName = liftName9faf4361-e4ef-4a44-acbd-8deb6352b08d, IsOpen = True, SeatsAmount = 136, LiftingTime = 218, QueueTime = 226, ConnectedSlopes =  }], checkPermissionServiceMock: Mock&lt;ICheckPermissionService:2&gt;, liftsRepositoryStub: Mock&lt;ILiftsRepository:2&gt;, liftsSlopesRepositoryStub: Mock&lt;ILiftsSlopesRepository:2&gt;, sut: LiftsService { })" computerName="DESKTOP-TJ9D65N" duration="00:00:00.0275934" startTime="2022-11-03T11:23:37.9907335+03:00" endTime="2022-11-03T11:23:37.9907336+03:00" testType="13cdc9d9-ddb5-4fa4-a97d-d965ccfc6d4b" outcome="Passed" testListId="8c84fa94-04c1-424b-9868-57a2d4851a1d" relativeResultsDirectory="9fe97a3b-29e7-489f-9a01-09f27b2890bc" />
    <UnitTestResult executionId="f765e5e3-cc42-4a54-a362-810d65ad90af" testId="e2d7e5be-3dae-33ae-fb17-c704b6fd58d6" testName="BL.Tests.CheckPermissionsServiceTests.UnauthorizedHasNoAccessToAdminFunctions" computerName="DESKTOP-TJ9D65N" duration="00:00:00.0028740" startTime="2022-11-03T11:23:38.1673649+03:00" endTime="2022-11-03T11:23:38.1673650+03:00" testType="13cdc9d9-ddb5-4fa4-a97d-d965ccfc6d4b" outcome="Passed" testListId="8c84fa94-04c1-424b-9868-57a2d4851a1d" relativeResultsDirectory="f765e5e3-cc42-4a54-a362-810d65ad90af" />
    <UnitTestResult executionId="38e02d46-6928-458e-89e5-7889d4798ef8" testId="189df641-9d22-f99f-ac6e-8742eb0d3c13" testName="BL.Tests.LiftsSlopesServiceTests.TestAdminDeleteLiftSlopeAsync(lift: Lift { LiftID = 235, LiftName = liftName13da33ad-44f1-4f4f-80f1-192ffdc9023f, IsOpen = True, SeatsAmount = 223, LiftingTime = 212, QueueTime = 25, ConnectedSlopes =  }, slope: Slope { SlopeID = 84, SlopeName = slopeNamebfdaaf24-7c20-4196-ab4e-97dd9c74a75c, IsOpen = False, DifficultyLevel = 39, ConnectedLifts =  }, slopesRepositoryStub: Mock&lt;ISlopesRepository:2&gt;, liftsRepositoryStub: Mock&lt;ILiftsRepository:7&gt;, liftsSlopesRepositoryStub: Mock&lt;ILiftsSlopesRepository:7&gt;)" computerName="DESKTOP-TJ9D65N" duration="00:00:00.0073545" startTime="2022-11-03T11:23:38.0252641+03:00" endTime="2022-11-03T11:23:38.0252642+03:00" testType="13cdc9d9-ddb5-4fa4-a97d-d965ccfc6d4b" outcome="Passed" testListId="8c84fa94-04c1-424b-9868-57a2d4851a1d" relativeResultsDirectory="38e02d46-6928-458e-89e5-7889d4798ef8" />
    <UnitTestResult executionId="23a0a532-05df-4d5d-ae73-ace1562ab353" testId="c36970dc-93f7-753e-fa47-157133b01644" testName="BL.Tests.CheckPermissionsServiceTests.SkiPatrolHasAccessToAdminSkiPatrolFunctions(functionName: &quot;GetMessagesAsync&quot;)" computerName="DESKTOP-TJ9D65N" duration="00:00:00.0012910" startTime="2022-11-03T11:23:38.0956518+03:00" endTime="2022-11-03T11:23:38.0956519+03:00" testType="13cdc9d9-ddb5-4fa4-a97d-d965ccfc6d4b" outcome="Passed" testListId="8c84fa94-04c1-424b-9868-57a2d4851a1d" relativeResultsDirectory="23a0a532-05df-4d5d-ae73-ace1562ab353" />
    <UnitTestResult executionId="4762a3af-3c05-4bd4-a86f-efab5f1dcaba" testId="eaabd2fc-2f4b-5689-59c8-c7ad34a8f634" testName="BL.Tests.CheckPermissionsServiceTests.UnauthorizedHasNoAccessToAuthorizedFunctions(functionName: &quot;SendMessageAsync&quot;)" computerName="DESKTOP-TJ9D65N" duration="00:00:00.0046518" startTime="2022-11-03T11:23:38.0334836+03:00" endTime="2022-11-03T11:23:38.0334837+03:00" testType="13cdc9d9-ddb5-4fa4-a97d-d965ccfc6d4b" outcome="Passed" testListId="8c84fa94-04c1-424b-9868-57a2d4851a1d" relativeResultsDirectory="4762a3af-3c05-4bd4-a86f-efab5f1dcaba" />
    <UnitTestResult executionId="972cacc8-30e7-4dbc-a4ea-ec0a8fcfc9bd" testId="c435429e-ea1c-1241-b338-04be43e39743" testName="BL.Tests.TurnstilesServiceTest.TestAdminGetTurnstileAsync(userID: 251, turnstile: Turnstile { TurnstileID = 253, LiftID = 5, IsOpen = True }, checkPermissionServiceMock: Mock&lt;ICheckPermissionService:12&gt;, turnstilesRepositoryStub: Mock&lt;ITurnstilesRepository:6&gt;, sut: TurnstilesService { })" computerName="DESKTOP-TJ9D65N" duration="00:00:00.0045894" startTime="2022-11-03T11:23:38.0583076+03:00" endTime="2022-11-03T11:23:38.0583076+03:00" testType="13cdc9d9-ddb5-4fa4-a97d-d965ccfc6d4b" outcome="Passed" testListId="8c84fa94-04c1-424b-9868-57a2d4851a1d" relativeResultsDirectory="972cacc8-30e7-4dbc-a4ea-ec0a8fcfc9bd" />
    <UnitTestResult executionId="d593dc7b-f17f-4523-8002-fbfa664013a8" testId="a19a5fcf-c5d2-7d44-5d7d-84403042f4e0" testName="BL.Tests.CheckPermissionsServiceTests.UnauthorizedHasNoAccessToAdminSkiPatrolFunctions(functionName: &quot;MarkMessageReadByUserAsync&quot;)" computerName="DESKTOP-TJ9D65N" duration="00:00:00.0414582" startTime="2022-11-03T11:23:37.9174280+03:00" endTime="2022-11-03T11:23:37.9174280+03:00" testType="13cdc9d9-ddb5-4fa4-a97d-d965ccfc6d4b" outcome="Passed" testListId="8c84fa94-04c1-424b-9868-57a2d4851a1d" relativeResultsDirectory="d593dc7b-f17f-4523-8002-fbfa664013a8" />
    <UnitTestResult executionId="8b73aab8-aee4-4be6-aaf3-ae04948ddd05" testId="2edd6d95-84c3-3253-ffb3-d8eb354e34c6" testName="BL.Tests.SlopesServiceTest.TestUpdateSlopeInfoAsync(userID: 200, slope: Slope { SlopeID = 175, SlopeName = slopeName393fccad-57a6-4c07-bec3-9dcbcc0c9120, IsOpen = True, DifficultyLevel = 39, ConnectedLifts =  }, checkPermissionServiceMock: Mock&lt;ICheckPermissionService:8&gt;, slopesRepositoryStub: Mock&lt;ISlopesRepository:6&gt;, sut: SlopesService { })" computerName="DESKTOP-TJ9D65N" duration="00:00:00.0426551" startTime="2022-11-03T11:23:37.9137196+03:00" endTime="2022-11-03T11:23:37.9137623+03:00" testType="13cdc9d9-ddb5-4fa4-a97d-d965ccfc6d4b" outcome="Passed" testListId="8c84fa94-04c1-424b-9868-57a2d4851a1d" relativeResultsDirectory="8b73aab8-aee4-4be6-aaf3-ae04948ddd05" />
    <UnitTestResult executionId="ea3b9a81-345d-40ac-a7d0-35ef34a0cf0b" testId="2602613f-c8e2-a6d9-fcf7-5b27d4a770a6" testName="BL.Tests.CheckPermissionsServiceTests.AuthorizedHasNoAccessToAdminSkiPatrolFunctions(functionName: &quot;GetMessagesAsync&quot;)" computerName="DESKTOP-TJ9D65N" duration="00:00:00.0028218" startTime="2022-11-03T11:23:38.1166054+03:00" endTime="2022-11-03T11:23:38.1166055+03:00" testType="13cdc9d9-ddb5-4fa4-a97d-d965ccfc6d4b" outcome="Passed" testListId="8c84fa94-04c1-424b-9868-57a2d4851a1d" relativeResultsDirectory="ea3b9a81-345d-40ac-a7d0-35ef34a0cf0b" />
    <UnitTestResult executionId="22e3e6e0-6818-40c7-b6f2-8f64fb0a7303" testId="894941c1-bfa7-d8f9-c047-1e1ceefe2c2f" testName="BL.Tests.UsersServiceTests.TestRegisterUserWithRepeatedEmail" computerName="DESKTOP-TJ9D65N" duration="00:00:00.0046414" startTime="2022-11-03T11:23:38.0352879+03:00" endTime="2022-11-03T11:23:38.0352880+03:00" testType="13cdc9d9-ddb5-4fa4-a97d-d965ccfc6d4b" outcome="Passed" testListId="8c84fa94-04c1-424b-9868-57a2d4851a1d" relativeResultsDirectory="22e3e6e0-6818-40c7-b6f2-8f64fb0a7303" />
    <UnitTestResult executionId="f7f66e79-b885-4af9-b589-7d9a8be59ab2" testId="229812f5-9a73-5335-11f5-31330d1348a5" testName="BL.Tests.CheckPermissionsServiceTests.UnauthorizedHasNoAccessToAdminSkiPatrolFunctions(functionName: &quot;GetMessagesAsync&quot;)" computerName="DESKTOP-TJ9D65N" duration="00:00:00.0024223" startTime="2022-11-03T11:23:38.0140128+03:00" endTime="2022-11-03T11:23:38.0140128+03:00" testType="13cdc9d9-ddb5-4fa4-a97d-d965ccfc6d4b" outcome="Passed" testListId="8c84fa94-04c1-424b-9868-57a2d4851a1d" relativeResultsDirectory="f7f66e79-b885-4af9-b589-7d9a8be59ab2" />
    <UnitTestResult executionId="ec969203-9667-4fb8-b486-858e01d74ba0" testId="f44a1b21-8efc-bfac-63b4-d534442def31" testName="BL.Tests.UsersServiceTests.TestRegisterUserWithNoPassword" computerName="DESKTOP-TJ9D65N" duration="00:00:00.0020535" startTime="2022-11-03T11:23:38.0152251+03:00" endTime="2022-11-03T11:23:38.0152252+03:00" testType="13cdc9d9-ddb5-4fa4-a97d-d965ccfc6d4b" outcome="Passed" testListId="8c84fa94-04c1-424b-9868-57a2d4851a1d" relativeResultsDirectory="ec969203-9667-4fb8-b486-858e01d74ba0" />
    <UnitTestResult executionId="08dc6a60-af2e-409a-b2f3-0c7b2b489767" testId="0eeef75f-6e38-7893-a8fe-cff3e0a970a7" testName="BL.Tests.UsersServiceTests.TestRegisterOk" computerName="DESKTOP-TJ9D65N" duration="00:00:00.0153474" startTime="2022-11-03T11:23:38.0878416+03:00" endTime="2022-11-03T11:23:38.0878416+03:00" testType="13cdc9d9-ddb5-4fa4-a97d-d965ccfc6d4b" outcome="Passed" testListId="8c84fa94-04c1-424b-9868-57a2d4851a1d" relativeResultsDirectory="08dc6a60-af2e-409a-b2f3-0c7b2b489767" />
    <UnitTestResult executionId="308b636c-0174-45e6-8cf1-9bdd53f2f4ea" testId="492c0393-35b4-df26-a537-21ca08302f3c" testName="BL.Tests.CheckPermissionsServiceTests.SkiPatrolHasNoAccessToAdminFunctions" computerName="DESKTOP-TJ9D65N" duration="00:00:00.0032500" startTime="2022-11-03T11:23:38.2131980+03:00" endTime="2022-11-03T11:23:38.2131981+03:00" testType="13cdc9d9-ddb5-4fa4-a97d-d965ccfc6d4b" outcome="Passed" testListId="8c84fa94-04c1-424b-9868-57a2d4851a1d" relativeResultsDirectory="308b636c-0174-45e6-8cf1-9bdd53f2f4ea" />
    <UnitTestResult executionId="26fad116-fcdd-44ca-bdd0-2189f7f4dcf4" testId="edeb6a90-0669-e52f-3794-f39a259aa7e7" testName="BL.Tests.LiftsSlopesServiceTests.TestAdminAddAutoIncrementLiftSlopeAsync(lift: Lift { LiftID = 234, LiftName = liftNamea6408984-2912-4e50-aca8-2752d006bcb7, IsOpen = True, SeatsAmount = 214, LiftingTime = 36, QueueTime = 218, ConnectedSlopes =  }, slope: Slope { SlopeID = 135, SlopeName = slopeName9a59f343-cac5-4b3a-a1d8-f096b8182c3a, IsOpen = False, DifficultyLevel = 69, ConnectedLifts =  }, slopesRepositoryStub: Mock&lt;ISlopesRepository:3&gt;, liftsRepositoryStub: Mock&lt;ILiftsRepository:8&gt;, liftsSlopesRepositoryStub: Mock&lt;ILiftsSlopesRepository:8&gt;)" computerName="DESKTOP-TJ9D65N" duration="00:00:00.0084236" startTime="2022-11-03T11:23:37.9907238+03:00" endTime="2022-11-03T11:23:37.9907238+03:00" testType="13cdc9d9-ddb5-4fa4-a97d-d965ccfc6d4b" outcome="Passed" testListId="8c84fa94-04c1-424b-9868-57a2d4851a1d" relativeResultsDirectory="26fad116-fcdd-44ca-bdd0-2189f7f4dcf4" />
    <UnitTestResult executionId="b42dfa20-023b-47d2-a26f-211309f295ae" testId="8e302d0a-477c-a599-d4dc-7479e9b47b78" testName="BL.Tests.LiftsServiceTest.TestUpdateLiftInfoAsync(userID: 91, lift: Lift { LiftID = 230, LiftName = liftName8d72e919-4dc1-4ad6-bb07-e0ba1f4f9c2d, IsOpen = True, SeatsAmount = 121, LiftingTime = 233, QueueTime = 56, ConnectedSlopes =  }, checkPermissionServiceMock: Mock&lt;ICheckPermissionService:3&gt;, liftsRepositoryStub: Mock&lt;ILiftsRepository:3&gt;, sut: LiftsService { })" computerName="DESKTOP-TJ9D65N" duration="00:00:00.0070313" startTime="2022-11-03T11:23:38.0753639+03:00" endTime="2022-11-03T11:23:38.0753639+03:00" testType="13cdc9d9-ddb5-4fa4-a97d-d965ccfc6d4b" outcome="Passed" testListId="8c84fa94-04c1-424b-9868-57a2d4851a1d" relativeResultsDirectory="b42dfa20-023b-47d2-a26f-211309f295ae" />
  </Results>
  <TestDefinitions>
    <UnitTest name="BL.Tests.TurnstilesServiceTest.TestAdminUpdateTurnstileAsync(userID: 101, turnstile: Turnstile { TurnstileID = 166, LiftID = 212, IsOpen = True }, checkPermissionServiceMock: Mock&lt;ICheckPermissionService:14&gt;, turnstilesRepositoryStub: Mock&lt;ITurnstilesRepository:8&gt;, sut: TurnstilesService { })" storage="/mnt/c/users/alena/desktop/7_sem/testing_and_debugging/skiresort/bl.tests/bin/debug/net6.0/bl.tests.dll" id="4722f43f-43d5-eec2-47a3-65463b5ce99b">
      <Execution id="da9ff560-8eb4-4e70-b154-a83eb0fcb2ba" />
      <TestMethod codeBase="/mnt/c/Users/alena/Desktop/7_sem/testing_and_debugging/SkiResort/BL.Tests/bin/Debug/net6.0/BL.Tests.dll" adapterTypeName="executor://xunit/VsTestRunner2/netcoreapp" className="BL.Tests.TurnstilesServiceTest" name="TestAdminUpdateTurnstileAsync" />
    </UnitTest>
    <UnitTest name="BL.Tests.CheckPermissionsServiceTests.AuthorizedHasNoAccessToAdminSkiPatrolFunctions(functionName: &quot;MarkMessageReadByUserAsync&quot;)" storage="/mnt/c/users/alena/desktop/7_sem/testing_and_debugging/skiresort/bl.tests/bin/debug/net6.0/bl.tests.dll" id="9c7df5e2-1b23-ebea-889f-b78ca86b60ab">
      <Execution id="7d993386-e33b-42a7-8ee4-f49a51a112fc" />
      <TestMethod codeBase="/mnt/c/Users/alena/Desktop/7_sem/testing_and_debugging/SkiResort/BL.Tests/bin/Debug/net6.0/BL.Tests.dll" adapterTypeName="executor://xunit/VsTestRunner2/netcoreapp" className="BL.Tests.CheckPermissionsServiceTests" name="AuthorizedHasNoAccessToAdminSkiPatrolFunctions" />
    </UnitTest>
    <UnitTest name="BL.Tests.CheckPermissionsServiceTests.UnauthorizedHasNoAccessToAdminSkiPatrolFunctions(functionName: &quot;MarkMessageReadByUserAsync&quot;)" storage="/mnt/c/users/alena/desktop/7_sem/testing_and_debugging/skiresort/bl.tests/bin/debug/net6.0/bl.tests.dll" id="a19a5fcf-c5d2-7d44-5d7d-84403042f4e0">
      <Execution id="d593dc7b-f17f-4523-8002-fbfa664013a8" />
      <TestMethod codeBase="/mnt/c/Users/alena/Desktop/7_sem/testing_and_debugging/SkiResort/BL.Tests/bin/Debug/net6.0/BL.Tests.dll" adapterTypeName="executor://xunit/VsTestRunner2/netcoreapp" className="BL.Tests.CheckPermissionsServiceTests" name="UnauthorizedHasNoAccessToAdminSkiPatrolFunctions" />
    </UnitTest>
    <UnitTest name="BL.Tests.CheckPermissionsServiceTests.AuthorizedHasNoAccessToAdminSkiPatrolFunctions(functionName: &quot;GetMessagesAsync&quot;)" storage="/mnt/c/users/alena/desktop/7_sem/testing_and_debugging/skiresort/bl.tests/bin/debug/net6.0/bl.tests.dll" id="2602613f-c8e2-a6d9-fcf7-5b27d4a770a6">
      <Execution id="ea3b9a81-345d-40ac-a7d0-35ef34a0cf0b" />
      <TestMethod codeBase="/mnt/c/Users/alena/Desktop/7_sem/testing_and_debugging/SkiResort/BL.Tests/bin/Debug/net6.0/BL.Tests.dll" adapterTypeName="executor://xunit/VsTestRunner2/netcoreapp" className="BL.Tests.CheckPermissionsServiceTests" name="AuthorizedHasNoAccessToAdminSkiPatrolFunctions" />
    </UnitTest>
    <UnitTest name="BL.Tests.CheckPermissionsServiceTests.AuthorizedHasNoAccessToAdminFunctions" storage="/mnt/c/users/alena/desktop/7_sem/testing_and_debugging/skiresort/bl.tests/bin/debug/net6.0/bl.tests.dll" id="a2e59116-cb53-1d70-9cb8-21c286516866">
      <Execution id="1c98aed0-82cd-4bd1-838a-6ec1ee5b79dd" />
      <TestMethod codeBase="/mnt/c/Users/alena/Desktop/7_sem/testing_and_debugging/SkiResort/BL.Tests/bin/Debug/net6.0/BL.Tests.dll" adapterTypeName="executor://xunit/VsTestRunner2/netcoreapp" className="BL.Tests.CheckPermissionsServiceTests" name="AuthorizedHasNoAccessToAdminFunctions" />
    </UnitTest>
    <UnitTest name="BL.Tests.CheckPermissionsServiceTests.SkiPatrolHasAccessToAdminSkiPatrolFunctions(functionName: &quot;GetMessagesAsync&quot;)" storage="/mnt/c/users/alena/desktop/7_sem/testing_and_debugging/skiresort/bl.tests/bin/debug/net6.0/bl.tests.dll" id="c36970dc-93f7-753e-fa47-157133b01644">
      <Execution id="23a0a532-05df-4d5d-ae73-ace1562ab353" />
      <TestMethod codeBase="/mnt/c/Users/alena/Desktop/7_sem/testing_and_debugging/SkiResort/BL.Tests/bin/Debug/net6.0/BL.Tests.dll" adapterTypeName="executor://xunit/VsTestRunner2/netcoreapp" className="BL.Tests.CheckPermissionsServiceTests" name="SkiPatrolHasAccessToAdminSkiPatrolFunctions" />
    </UnitTest>
    <UnitTest name="BL.Tests.CheckPermissionsServiceTests.AdminHasAccessToAllFunctions" storage="/mnt/c/users/alena/desktop/7_sem/testing_and_debugging/skiresort/bl.tests/bin/debug/net6.0/bl.tests.dll" id="f3efc418-a8a6-c7b7-9bac-90b33aa8472f">
      <Execution id="bfaa458d-25b9-485b-a05a-6419c4c181d1" />
      <TestMethod codeBase="/mnt/c/Users/alena/Desktop/7_sem/testing_and_debugging/SkiResort/BL.Tests/bin/Debug/net6.0/BL.Tests.dll" adapterTypeName="executor://xunit/VsTestRunner2/netcoreapp" className="BL.Tests.CheckPermissionsServiceTests" name="AdminHasAccessToAllFunctions" />
    </UnitTest>
    <UnitTest name="BL.Tests.UsersServiceTests.TestRegisterUserWithNoPassword" storage="/mnt/c/users/alena/desktop/7_sem/testing_and_debugging/skiresort/bl.tests/bin/debug/net6.0/bl.tests.dll" id="f44a1b21-8efc-bfac-63b4-d534442def31">
      <Execution id="ec969203-9667-4fb8-b486-858e01d74ba0" />
      <TestMethod codeBase="/mnt/c/Users/alena/Desktop/7_sem/testing_and_debugging/SkiResort/BL.Tests/bin/Debug/net6.0/BL.Tests.dll" adapterTypeName="executor://xunit/VsTestRunner2/netcoreapp" className="BL.Tests.UsersServiceTests" name="TestRegisterUserWithNoPassword" />
    </UnitTest>
    <UnitTest name="BL.Tests.UsersServiceTests.TestAdminGetUserByIDAsync" storage="/mnt/c/users/alena/desktop/7_sem/testing_and_debugging/skiresort/bl.tests/bin/debug/net6.0/bl.tests.dll" id="e5497347-2721-b7a6-0bd4-69a9921f6947">
      <Execution id="54ad4c60-7f55-46da-96df-428a2e92c121" />
      <TestMethod codeBase="/mnt/c/Users/alena/Desktop/7_sem/testing_and_debugging/SkiResort/BL.Tests/bin/Debug/net6.0/BL.Tests.dll" adapterTypeName="executor://xunit/VsTestRunner2/netcoreapp" className="BL.Tests.UsersServiceTests" name="TestAdminGetUserByIDAsync" />
    </UnitTest>
    <UnitTest name="BL.Tests.SlopesServiceTest.TestAdminDeleteSlopeAsync(userID: 14, slope: Slope { SlopeID = 243, SlopeName = slopeName56f042a2-487b-4c07-87f3-5aac007ec352, IsOpen = True, DifficultyLevel = 213, ConnectedLifts =  }, checkPermissionServiceMock: Mock&lt;ICheckPermissionService:9&gt;, slopesRepositoryStub: Mock&lt;ISlopesRepository:7&gt;, liftsSlopesRepositoryStub: Mock&lt;ILiftsSlopesRepository:12&gt;, sut: SlopesService { })" storage="/mnt/c/users/alena/desktop/7_sem/testing_and_debugging/skiresort/bl.tests/bin/debug/net6.0/bl.tests.dll" id="936d0828-6307-feed-fe97-00d020da4a57">
      <Execution id="69aed04d-970c-4a7b-b106-585b0245aef6" />
      <TestMethod codeBase="/mnt/c/Users/alena/Desktop/7_sem/testing_and_debugging/SkiResort/BL.Tests/bin/Debug/net6.0/BL.Tests.dll" adapterTypeName="executor://xunit/VsTestRunner2/netcoreapp" className="BL.Tests.SlopesServiceTest" name="TestAdminDeleteSlopeAsync" />
    </UnitTest>
    <UnitTest name="BL.Tests.UsersServiceTests.TestAdminAddAutoIncrementUser" storage="/mnt/c/users/alena/desktop/7_sem/testing_and_debugging/skiresort/bl.tests/bin/debug/net6.0/bl.tests.dll" id="834c739b-eca4-b36d-6a66-5a1bd75377b8">
      <Execution id="505a8cba-7e6a-4729-8b4c-032e59a016c6" />
      <TestMethod codeBase="/mnt/c/Users/alena/Desktop/7_sem/testing_and_debugging/SkiResort/BL.Tests/bin/Debug/net6.0/BL.Tests.dll" adapterTypeName="executor://xunit/VsTestRunner2/netcoreapp" className="BL.Tests.UsersServiceTests" name="TestAdminAddAutoIncrementUser" />
    </UnitTest>
    <UnitTest name="BL.Tests.TurnstilesServiceTest.TestAdminDeleteTurnstileAsync(userID: 237, turnstile: Turnstile { TurnstileID = 240, LiftID = 34, IsOpen = True }, checkPermissionServiceMock: Mock&lt;ICheckPermissionService:15&gt;, turnstilesRepositoryStub: Mock&lt;ITurnstilesRepository:9&gt;, sut: TurnstilesService { })" storage="/mnt/c/users/alena/desktop/7_sem/testing_and_debugging/skiresort/bl.tests/bin/debug/net6.0/bl.tests.dll" id="8e0ccd30-47fb-d0e7-19d5-f681a8167972">
      <Execution id="c178c271-fde1-4e20-9b65-ed51c2630f6a" />
      <TestMethod codeBase="/mnt/c/Users/alena/Desktop/7_sem/testing_and_debugging/SkiResort/BL.Tests/bin/Debug/net6.0/BL.Tests.dll" adapterTypeName="executor://xunit/VsTestRunner2/netcoreapp" className="BL.Tests.TurnstilesServiceTest" name="TestAdminDeleteTurnstileAsync" />
    </UnitTest>
    <UnitTest name="BL.Tests.CheckPermissionsServiceTests.UnauthorizedHasNoAccessToAdminSkiPatrolFunctions(functionName: &quot;GetLiftsSlopesInfoAsync&quot;)" storage="/mnt/c/users/alena/desktop/7_sem/testing_and_debugging/skiresort/bl.tests/bin/debug/net6.0/bl.tests.dll" id="387c9729-48c1-486e-5e67-f5d11a9f0db8">
      <Execution id="0f373238-f2c7-452f-8352-e0c043a8c3fe" />
      <TestMethod codeBase="/mnt/c/Users/alena/Desktop/7_sem/testing_and_debugging/SkiResort/BL.Tests/bin/Debug/net6.0/BL.Tests.dll" adapterTypeName="executor://xunit/VsTestRunner2/netcoreapp" className="BL.Tests.CheckPermissionsServiceTests" name="UnauthorizedHasNoAccessToAdminSkiPatrolFunctions" />
    </UnitTest>
    <UnitTest name="BL.Tests.SlopesServiceTest.TestGetSlopesInfoAsync(userID: 204, initialSlopes: [Slope { SlopeID = 29, SlopeName = slopeNamed3d2960b-9d20-4f04-a4f9-35933a3c2239, IsOpen = True, DifficultyLevel = 14, ConnectedLifts =  }, Slope { SlopeID = 207, SlopeName = slopeName8e797bf4-f7f9-4cfa-9eb8-cfe34ffc741c, IsOpen = False, DifficultyLevel = 89, ConnectedLifts =  }, Slope { SlopeID = 9, SlopeName = slopeNamef7320a09-3d61-4f51-aa26-5d86eb416163, IsOpe..." storage="/mnt/c/users/alena/desktop/7_sem/testing_and_debugging/skiresort/bl.tests/bin/debug/net6.0/bl.tests.dll" id="8fd3de6d-d0eb-9464-a64a-a60602b9fb0d">
      <Execution id="ddf4cb9f-8289-4829-bbf8-86458f2bd35f" />
      <TestMethod codeBase="/mnt/c/Users/alena/Desktop/7_sem/testing_and_debugging/SkiResort/BL.Tests/bin/Debug/net6.0/BL.Tests.dll" adapterTypeName="executor://xunit/VsTestRunner2/netcoreapp" className="BL.Tests.SlopesServiceTest" name="TestGetSlopesInfoAsync" />
    </UnitTest>
    <UnitTest name="BL.Tests.CheckPermissionsServiceTests.SkiPatrolHasAccessToAdminSkiPatrolFunctions(functionName: &quot;MarkMessageReadByUserAsync&quot;)" storage="/mnt/c/users/alena/desktop/7_sem/testing_and_debugging/skiresort/bl.tests/bin/debug/net6.0/bl.tests.dll" id="60bd668f-04df-da5e-b79b-5d9aedb5234d">
      <Execution id="5a8382d0-21a3-4979-834d-49a062ba01c4" />
      <TestMethod codeBase="/mnt/c/Users/alena/Desktop/7_sem/testing_and_debugging/SkiResort/BL.Tests/bin/Debug/net6.0/BL.Tests.dll" adapterTypeName="executor://xunit/VsTestRunner2/netcoreapp" className="BL.Tests.CheckPermissionsServiceTests" name="SkiPatrolHasAccessToAdminSkiPatrolFunctions" />
    </UnitTest>
    <UnitTest name="BL.Tests.LiftsServiceTest.TestAdminDeleteLiftAsync(userID: 88, lift: Lift { LiftID = 135, LiftName = liftName259ff6d1-d26f-432d-81fa-5ec5f619c983, IsOpen = True, SeatsAmount = 111, LiftingTime = 131, QueueTime = 223, ConnectedSlopes =  }, checkPermissionServiceMock: Mock&lt;ICheckPermissionService:4&gt;, liftsRepositoryStub: Mock&lt;ILiftsRepository:4&gt;, liftsSlopesRepositoryStub: Mock&lt;ILiftsSlopesRepository:4&gt;, sut: LiftsService { })" storage="/mnt/c/users/alena/desktop/7_sem/testing_and_debugging/skiresort/bl.tests/bin/debug/net6.0/bl.tests.dll" id="431b7fbf-6a54-8e03-f6eb-92216e459802">
      <Execution id="790c3e65-fcfb-4ebc-9101-6eff8192a580" />
      <TestMethod codeBase="/mnt/c/Users/alena/Desktop/7_sem/testing_and_debugging/SkiResort/BL.Tests/bin/Debug/net6.0/BL.Tests.dll" adapterTypeName="executor://xunit/VsTestRunner2/netcoreapp" className="BL.Tests.LiftsServiceTest" name="TestAdminDeleteLiftAsync" />
    </UnitTest>
    <UnitTest name="BL.Tests.CheckPermissionsServiceTests.UnauthorizedHasNoAccessToAdminFunctions" storage="/mnt/c/users/alena/desktop/7_sem/testing_and_debugging/skiresort/bl.tests/bin/debug/net6.0/bl.tests.dll" id="e2d7e5be-3dae-33ae-fb17-c704b6fd58d6">
      <Execution id="f765e5e3-cc42-4a54-a362-810d65ad90af" />
      <TestMethod codeBase="/mnt/c/Users/alena/Desktop/7_sem/testing_and_debugging/SkiResort/BL.Tests/bin/Debug/net6.0/BL.Tests.dll" adapterTypeName="executor://xunit/VsTestRunner2/netcoreapp" className="BL.Tests.CheckPermissionsServiceTests" name="UnauthorizedHasNoAccessToAdminFunctions" />
    </UnitTest>
    <UnitTest name="BL.Tests.UsersServiceTests.TestLogInWithWrongPassword" storage="/mnt/c/users/alena/desktop/7_sem/testing_and_debugging/skiresort/bl.tests/bin/debug/net6.0/bl.tests.dll" id="69340bb6-3645-f9dd-971e-29d8b2a009bb">
      <Execution id="abe8eab8-9301-4273-a60e-3776aeca5ff2" />
      <TestMethod codeBase="/mnt/c/Users/alena/Desktop/7_sem/testing_and_debugging/SkiResort/BL.Tests/bin/Debug/net6.0/BL.Tests.dll" adapterTypeName="executor://xunit/VsTestRunner2/netcoreapp" className="BL.Tests.UsersServiceTests" name="TestLogInWithWrongPassword" />
    </UnitTest>
    <UnitTest name="BL.Tests.CheckPermissionsServiceTests.SkiPatrolHasAccessToAdminSkiPatrolFunctions(functionName: &quot;GetLiftsSlopesInfoAsync&quot;)" storage="/mnt/c/users/alena/desktop/7_sem/testing_and_debugging/skiresort/bl.tests/bin/debug/net6.0/bl.tests.dll" id="2d706594-f2b3-b3c8-21d4-86c9798c3306">
      <Execution id="8a2093fe-83b9-49f5-bf93-061bf6c63a1c" />
      <TestMethod codeBase="/mnt/c/Users/alena/Desktop/7_sem/testing_and_debugging/SkiResort/BL.Tests/bin/Debug/net6.0/BL.Tests.dll" adapterTypeName="executor://xunit/VsTestRunner2/netcoreapp" className="BL.Tests.CheckPermissionsServiceTests" name="SkiPatrolHasAccessToAdminSkiPatrolFunctions" />
    </UnitTest>
    <UnitTest name="BL.Tests.CheckPermissionsServiceTests.SkiPatrolHasNoAccessToAdminFunctions" storage="/mnt/c/users/alena/desktop/7_sem/testing_and_debugging/skiresort/bl.tests/bin/debug/net6.0/bl.tests.dll" id="492c0393-35b4-df26-a537-21ca08302f3c">
      <Execution id="308b636c-0174-45e6-8cf1-9bdd53f2f4ea" />
      <TestMethod codeBase="/mnt/c/Users/alena/Desktop/7_sem/testing_and_debugging/SkiResort/BL.Tests/bin/Debug/net6.0/BL.Tests.dll" adapterTypeName="executor://xunit/VsTestRunner2/netcoreapp" className="BL.Tests.CheckPermissionsServiceTests" name="SkiPatrolHasNoAccessToAdminFunctions" />
    </UnitTest>
    <UnitTest name="BL.Tests.SlopesServiceTest.TestUpdateSlopeInfoAsync(userID: 200, slope: Slope { SlopeID = 175, SlopeName = slopeName393fccad-57a6-4c07-bec3-9dcbcc0c9120, IsOpen = True, DifficultyLevel = 39, ConnectedLifts =  }, checkPermissionServiceMock: Mock&lt;ICheckPermissionService:8&gt;, slopesRepositoryStub: Mock&lt;ISlopesRepository:6&gt;, sut: SlopesService { })" storage="/mnt/c/users/alena/desktop/7_sem/testing_and_debugging/skiresort/bl.tests/bin/debug/net6.0/bl.tests.dll" id="2edd6d95-84c3-3253-ffb3-d8eb354e34c6">
      <Execution id="8b73aab8-aee4-4be6-aaf3-ae04948ddd05" />
      <TestMethod codeBase="/mnt/c/Users/alena/Desktop/7_sem/testing_and_debugging/SkiResort/BL.Tests/bin/Debug/net6.0/BL.Tests.dll" adapterTypeName="executor://xunit/VsTestRunner2/netcoreapp" className="BL.Tests.SlopesServiceTest" name="TestUpdateSlopeInfoAsync" />
    </UnitTest>
    <UnitTest name="BL.Tests.UsersServiceTests.TestAdminDeleteUser" storage="/mnt/c/users/alena/desktop/7_sem/testing_and_debugging/skiresort/bl.tests/bin/debug/net6.0/bl.tests.dll" id="18fa8c62-e27d-e1fc-8182-4d7db62b008d">
      <Execution id="3f824c07-fa55-4ad6-bc20-ee04ad30f0d7" />
      <TestMethod codeBase="/mnt/c/Users/alena/Desktop/7_sem/testing_and_debugging/SkiResort/BL.Tests/bin/Debug/net6.0/BL.Tests.dll" adapterTypeName="executor://xunit/VsTestRunner2/netcoreapp" className="BL.Tests.UsersServiceTests" name="TestAdminDeleteUser" />
    </UnitTest>
    <UnitTest name="BL.Tests.SlopesServiceTest.TestAdminAddAutoIncrementSlopeAsync(userID: 243, slope: Slope { SlopeID = 102, SlopeName = slopeName32cd27f1-6e3a-4834-8aee-005966b4e5c8, IsOpen = True, DifficultyLevel = 194, ConnectedLifts =  }, checkPermissionServiceMock: Mock&lt;ICheckPermissionService:10&gt;, slopesRepositoryStub: Mock&lt;ISlopesRepository:8&gt;, sut: SlopesService { })" storage="/mnt/c/users/alena/desktop/7_sem/testing_and_debugging/skiresort/bl.tests/bin/debug/net6.0/bl.tests.dll" id="66849ef8-1949-8663-1881-214bb86a2371">
      <Execution id="4802a570-03ed-4757-8081-c5ca7f2e7d8a" />
      <TestMethod codeBase="/mnt/c/Users/alena/Desktop/7_sem/testing_and_debugging/SkiResort/BL.Tests/bin/Debug/net6.0/BL.Tests.dll" adapterTypeName="executor://xunit/VsTestRunner2/netcoreapp" className="BL.Tests.SlopesServiceTest" name="TestAdminAddAutoIncrementSlopeAsync" />
    </UnitTest>
    <UnitTest name="BL.Tests.LiftsServiceTest.TestGetLiftInfoAsync(userID: 204, lift: Lift { LiftID = 107, LiftName = liftName1cb3cdf8-e6b7-4a3b-8414-4b09bc83aef8, IsOpen = True, SeatsAmount = 98, LiftingTime = 168, QueueTime = 58, ConnectedSlopes =  }, checkPermissionServiceMock: Mock&lt;ICheckPermissionService:1&gt;, liftsRepositoryStub: Mock&lt;ILiftsRepository:1&gt;, liftsSlopesRepositoryStub: Mock&lt;ILiftsSlopesRepository:1&gt;, sut: LiftsService { })" storage="/mnt/c/users/alena/desktop/7_sem/testing_and_debugging/skiresort/bl.tests/bin/debug/net6.0/bl.tests.dll" id="8c966817-3943-41a9-2880-281f6dc09d47">
      <Execution id="12f52e55-46f5-4da0-9d5b-534db1fb9d9b" />
      <TestMethod codeBase="/mnt/c/Users/alena/Desktop/7_sem/testing_and_debugging/SkiResort/BL.Tests/bin/Debug/net6.0/BL.Tests.dll" adapterTypeName="executor://xunit/VsTestRunner2/netcoreapp" className="BL.Tests.LiftsServiceTest" name="TestGetLiftInfoAsync" />
    </UnitTest>
    <UnitTest name="BL.Tests.CheckPermissionsServiceTests.AuthorizedHasAccessToAuthorizedFunctions(functionName: &quot;LogOutAsync&quot;)" storage="/mnt/c/users/alena/desktop/7_sem/testing_and_debugging/skiresort/bl.tests/bin/debug/net6.0/bl.tests.dll" id="aa28a6b3-21d3-aa45-24d3-bef2facbc899">
      <Execution id="a45e3501-468e-4734-8d37-6eef6cd03800" />
      <TestMethod codeBase="/mnt/c/Users/alena/Desktop/7_sem/testing_and_debugging/SkiResort/BL.Tests/bin/Debug/net6.0/BL.Tests.dll" adapterTypeName="executor://xunit/VsTestRunner2/netcoreapp" className="BL.Tests.CheckPermissionsServiceTests" name="AuthorizedHasAccessToAuthorizedFunctions" />
    </UnitTest>
    <UnitTest name="BL.Tests.SlopesServiceTest.TestAdminAddSlopeAsync(userID: 73, slope: Slope { SlopeID = 184, SlopeName = slopeNameafd4efc0-cdfe-471d-a270-735eb6195e06, IsOpen = True, DifficultyLevel = 129, ConnectedLifts =  }, checkPermissionServiceMock: Mock&lt;ICheckPermissionService:11&gt;, slopesRepositoryStub: Mock&lt;ISlopesRepository:9&gt;, sut: SlopesService { })" storage="/mnt/c/users/alena/desktop/7_sem/testing_and_debugging/skiresort/bl.tests/bin/debug/net6.0/bl.tests.dll" id="07b6a1af-17d1-4e4f-783d-d4a13ed22846">
      <Execution id="5fbf4f4d-4437-4167-a56f-b7c1c996a09d" />
      <TestMethod codeBase="/mnt/c/Users/alena/Desktop/7_sem/testing_and_debugging/SkiResort/BL.Tests/bin/Debug/net6.0/BL.Tests.dll" adapterTypeName="executor://xunit/VsTestRunner2/netcoreapp" className="BL.Tests.SlopesServiceTest" name="TestAdminAddSlopeAsync" />
    </UnitTest>
    <UnitTest name="BL.Tests.UsersServiceTests.TestAdminUpdateUser" storage="/mnt/c/users/alena/desktop/7_sem/testing_and_debugging/skiresort/bl.tests/bin/debug/net6.0/bl.tests.dll" id="06d0bc3a-24a0-fb7f-4277-e9ae6d21c7dd">
      <Execution id="8e209cbe-00f6-477b-900b-b238151cd817" />
      <TestMethod codeBase="/mnt/c/Users/alena/Desktop/7_sem/testing_and_debugging/SkiResort/BL.Tests/bin/Debug/net6.0/BL.Tests.dll" adapterTypeName="executor://xunit/VsTestRunner2/netcoreapp" className="BL.Tests.UsersServiceTests" name="TestAdminUpdateUser" />
    </UnitTest>
    <UnitTest name="BL.Tests.LiftsServiceTest.TestAdminAddAutoIncrementLiftAsync(userID: 72, lift: Lift { LiftID = 187, LiftName = liftNamefd91593e-0e77-4783-8359-c194f2e4b810, IsOpen = True, SeatsAmount = 6, LiftingTime = 20, QueueTime = 223, ConnectedSlopes =  }, checkPermissionServiceMock: Mock&lt;ICheckPermissionService:5&gt;, liftsRepositoryStub: Mock&lt;ILiftsRepository:5&gt;, sut: LiftsService { })" storage="/mnt/c/users/alena/desktop/7_sem/testing_and_debugging/skiresort/bl.tests/bin/debug/net6.0/bl.tests.dll" id="6a4f0800-aa11-bd3c-380d-9822ca43ce1c">
      <Execution id="8b26aa80-8eb7-46d8-8d0f-8b6615ff33d1" />
      <TestMethod codeBase="/mnt/c/Users/alena/Desktop/7_sem/testing_and_debugging/SkiResort/BL.Tests/bin/Debug/net6.0/BL.Tests.dll" adapterTypeName="executor://xunit/VsTestRunner2/netcoreapp" className="BL.Tests.LiftsServiceTest" name="TestAdminAddAutoIncrementLiftAsync" />
    </UnitTest>
    <UnitTest name="BL.Tests.UsersServiceTests.TestLogInOk" storage="/mnt/c/users/alena/desktop/7_sem/testing_and_debugging/skiresort/bl.tests/bin/debug/net6.0/bl.tests.dll" id="1ca07ad8-f799-c5d4-e7cc-34fd950198a2">
      <Execution id="6359cb3b-8f00-4ec2-94dc-291e534c73e9" />
      <TestMethod codeBase="/mnt/c/Users/alena/Desktop/7_sem/testing_and_debugging/SkiResort/BL.Tests/bin/Debug/net6.0/BL.Tests.dll" adapterTypeName="executor://xunit/VsTestRunner2/netcoreapp" className="BL.Tests.UsersServiceTests" name="TestLogInOk" />
    </UnitTest>
    <UnitTest name="BL.Tests.UsersServiceTests.TestAdminGetUsers" storage="/mnt/c/users/alena/desktop/7_sem/testing_and_debugging/skiresort/bl.tests/bin/debug/net6.0/bl.tests.dll" id="20ad8570-0170-85de-dcd7-2f109dd7bcd6">
      <Execution id="10eaa54a-77f5-4acc-919c-9d36e2089dc6" />
      <TestMethod codeBase="/mnt/c/Users/alena/Desktop/7_sem/testing_and_debugging/SkiResort/BL.Tests/bin/Debug/net6.0/BL.Tests.dll" adapterTypeName="executor://xunit/VsTestRunner2/netcoreapp" className="BL.Tests.UsersServiceTests" name="TestAdminGetUsers" />
    </UnitTest>
    <UnitTest name="BL.Tests.CheckPermissionsServiceTests.UnauthorizedHasNoAccessToAdminSkiPatrolFunctions(functionName: &quot;GetMessagesAsync&quot;)" storage="/mnt/c/users/alena/desktop/7_sem/testing_and_debugging/skiresort/bl.tests/bin/debug/net6.0/bl.tests.dll" id="229812f5-9a73-5335-11f5-31330d1348a5">
      <Execution id="f7f66e79-b885-4af9-b589-7d9a8be59ab2" />
      <TestMethod codeBase="/mnt/c/Users/alena/Desktop/7_sem/testing_and_debugging/SkiResort/BL.Tests/bin/Debug/net6.0/BL.Tests.dll" adapterTypeName="executor://xunit/VsTestRunner2/netcoreapp" className="BL.Tests.CheckPermissionsServiceTests" name="UnauthorizedHasNoAccessToAdminSkiPatrolFunctions" />
    </UnitTest>
    <UnitTest name="BL.Tests.LiftsSlopesServiceTests.TestAdminDeleteLiftSlopeAsync(lift: Lift { LiftID = 235, LiftName = liftName13da33ad-44f1-4f4f-80f1-192ffdc9023f, IsOpen = True, SeatsAmount = 223, LiftingTime = 212, QueueTime = 25, ConnectedSlopes =  }, slope: Slope { SlopeID = 84, SlopeName = slopeNamebfdaaf24-7c20-4196-ab4e-97dd9c74a75c, IsOpen = False, DifficultyLevel = 39, ConnectedLifts =  }, slopesRepositoryStub: Mock&lt;ISlopesRepository:2&gt;, liftsRepos..." storage="/mnt/c/users/alena/desktop/7_sem/testing_and_debugging/skiresort/bl.tests/bin/debug/net6.0/bl.tests.dll" id="189df641-9d22-f99f-ac6e-8742eb0d3c13">
      <Execution id="38e02d46-6928-458e-89e5-7889d4798ef8" />
      <TestMethod codeBase="/mnt/c/Users/alena/Desktop/7_sem/testing_and_debugging/SkiResort/BL.Tests/bin/Debug/net6.0/BL.Tests.dll" adapterTypeName="executor://xunit/VsTestRunner2/netcoreapp" className="BL.Tests.LiftsSlopesServiceTests" name="TestAdminDeleteLiftSlopeAsync" />
    </UnitTest>
    <UnitTest name="BL.Tests.TurnstilesServiceTest.TestAdminGetTurnstileAsync(userID: 251, turnstile: Turnstile { TurnstileID = 253, LiftID = 5, IsOpen = True }, checkPermissionServiceMock: Mock&lt;ICheckPermissionService:12&gt;, turnstilesRepositoryStub: Mock&lt;ITurnstilesRepository:6&gt;, sut: TurnstilesService { })" storage="/mnt/c/users/alena/desktop/7_sem/testing_and_debugging/skiresort/bl.tests/bin/debug/net6.0/bl.tests.dll" id="c435429e-ea1c-1241-b338-04be43e39743">
      <Execution id="972cacc8-30e7-4dbc-a4ea-ec0a8fcfc9bd" />
      <TestMethod codeBase="/mnt/c/Users/alena/Desktop/7_sem/testing_and_debugging/SkiResort/BL.Tests/bin/Debug/net6.0/BL.Tests.dll" adapterTypeName="executor://xunit/VsTestRunner2/netcoreapp" className="BL.Tests.TurnstilesServiceTest" name="TestAdminGetTurnstileAsync" />
    </UnitTest>
    <UnitTest name="BL.Tests.CheckPermissionsServiceTests.AuthorizedHasNoAccessToAdminSkiPatrolFunctions(functionName: &quot;GetLiftsSlopesInfoAsync&quot;)" storage="/mnt/c/users/alena/desktop/7_sem/testing_and_debugging/skiresort/bl.tests/bin/debug/net6.0/bl.tests.dll" id="4f297306-d4f3-8d63-e7f4-1ac0b8c58c74">
      <Execution id="c22d2893-8180-48d2-a248-02199677b3ab" />
      <TestMethod codeBase="/mnt/c/Users/alena/Desktop/7_sem/testing_and_debugging/SkiResort/BL.Tests/bin/Debug/net6.0/BL.Tests.dll" adapterTypeName="executor://xunit/VsTestRunner2/netcoreapp" className="BL.Tests.CheckPermissionsServiceTests" name="AuthorizedHasNoAccessToAdminSkiPatrolFunctions" />
    </UnitTest>
    <UnitTest name="BL.Tests.LiftsSlopesServiceTests.TestGetLiftsSlopesInfoAsync(liftsSlopes: [LiftSlope { RecordID = 18, LiftID = 2, SlopeID = 168 }, LiftSlope { RecordID = 231, LiftID = 243, SlopeID = 162 }, LiftSlope { RecordID = 191, LiftID = 103, SlopeID = 197 }], slopesRepositoryStub: Mock&lt;ISlopesRepository:1&gt;, liftsRepositoryStub: Mock&lt;ILiftsRepository:6&gt;, liftsSlopesRepositoryStub: Mock&lt;ILiftsSlopesRepository:6&gt;)" storage="/mnt/c/users/alena/desktop/7_sem/testing_and_debugging/skiresort/bl.tests/bin/debug/net6.0/bl.tests.dll" id="e429852d-a6ed-7c2a-25fd-cd839b159d56">
      <Execution id="19442a54-d8ea-4419-93f3-97db613ed485" />
      <TestMethod codeBase="/mnt/c/Users/alena/Desktop/7_sem/testing_and_debugging/SkiResort/BL.Tests/bin/Debug/net6.0/BL.Tests.dll" adapterTypeName="executor://xunit/VsTestRunner2/netcoreapp" className="BL.Tests.LiftsSlopesServiceTests" name="TestGetLiftsSlopesInfoAsync" />
    </UnitTest>
    <UnitTest name="BL.Tests.UsersServiceTests.TestRegisterOk" storage="/mnt/c/users/alena/desktop/7_sem/testing_and_debugging/skiresort/bl.tests/bin/debug/net6.0/bl.tests.dll" id="0eeef75f-6e38-7893-a8fe-cff3e0a970a7">
      <Execution id="08dc6a60-af2e-409a-b2f3-0c7b2b489767" />
      <TestMethod codeBase="/mnt/c/Users/alena/Desktop/7_sem/testing_and_debugging/SkiResort/BL.Tests/bin/Debug/net6.0/BL.Tests.dll" adapterTypeName="executor://xunit/VsTestRunner2/netcoreapp" className="BL.Tests.UsersServiceTests" name="TestRegisterOk" />
    </UnitTest>
    <UnitTest name="BL.Tests.TurnstilesServiceTest.TestAdminGetTurnstilesAsync(userID: 43, initialTurnstiles: [Turnstile { TurnstileID = 9, LiftID = 112, IsOpen = True }, Turnstile { TurnstileID = 167, LiftID = 30, IsOpen = False }, Turnstile { TurnstileID = 125, LiftID = 198, IsOpen = True }], checkPermissionServiceMock: Mock&lt;ICheckPermissionService:13&gt;, turnstilesRepositoryStub: Mock&lt;ITurnstilesRepository:7&gt;, sut: TurnstilesService { })" storage="/mnt/c/users/alena/desktop/7_sem/testing_and_debugging/skiresort/bl.tests/bin/debug/net6.0/bl.tests.dll" id="6f4ce6df-40c4-0382-149a-16663c428062">
      <Execution id="a57c3a59-295e-41e1-8804-9659c07abb88" />
      <TestMethod codeBase="/mnt/c/Users/alena/Desktop/7_sem/testing_and_debugging/SkiResort/BL.Tests/bin/Debug/net6.0/BL.Tests.dll" adapterTypeName="executor://xunit/VsTestRunner2/netcoreapp" className="BL.Tests.TurnstilesServiceTest" name="TestAdminGetTurnstilesAsync" />
    </UnitTest>
    <UnitTest name="BL.Tests.LiftsSlopesServiceTests.TestAdminAddAutoIncrementLiftSlopeAsync(lift: Lift { LiftID = 234, LiftName = liftNamea6408984-2912-4e50-aca8-2752d006bcb7, IsOpen = True, SeatsAmount = 214, LiftingTime = 36, QueueTime = 218, ConnectedSlopes =  }, slope: Slope { SlopeID = 135, SlopeName = slopeName9a59f343-cac5-4b3a-a1d8-f096b8182c3a, IsOpen = False, DifficultyLevel = 69, ConnectedLifts =  }, slopesRepositoryStub: Mock&lt;ISlopesRepository:3&gt;,..." storage="/mnt/c/users/alena/desktop/7_sem/testing_and_debugging/skiresort/bl.tests/bin/debug/net6.0/bl.tests.dll" id="edeb6a90-0669-e52f-3794-f39a259aa7e7">
      <Execution id="26fad116-fcdd-44ca-bdd0-2189f7f4dcf4" />
      <TestMethod codeBase="/mnt/c/Users/alena/Desktop/7_sem/testing_and_debugging/SkiResort/BL.Tests/bin/Debug/net6.0/BL.Tests.dll" adapterTypeName="executor://xunit/VsTestRunner2/netcoreapp" className="BL.Tests.LiftsSlopesServiceTests" name="TestAdminAddAutoIncrementLiftSlopeAsync" />
    </UnitTest>
    <UnitTest name="BL.Tests.CheckPermissionsServiceTests.AuthorizedHasAccessToAuthorizedFunctions(functionName: &quot;SendMessageAsync&quot;)" storage="/mnt/c/users/alena/desktop/7_sem/testing_and_debugging/skiresort/bl.tests/bin/debug/net6.0/bl.tests.dll" id="644ec43e-70cd-c82d-42e7-0d990be1414d">
      <Execution id="fcc3a490-16ef-428d-9d65-a6f1af7b5822" />
      <TestMethod codeBase="/mnt/c/Users/alena/Desktop/7_sem/testing_and_debugging/SkiResort/BL.Tests/bin/Debug/net6.0/BL.Tests.dll" adapterTypeName="executor://xunit/VsTestRunner2/netcoreapp" className="BL.Tests.CheckPermissionsServiceTests" name="AuthorizedHasAccessToAuthorizedFunctions" />
    </UnitTest>
    <UnitTest name="BL.Tests.TurnstilesServiceTest.TestAdminAddAutoIncrementTurnstileAsync(userID: 149, turnstile: Turnstile { TurnstileID = 25, LiftID = 48, IsOpen = True }, checkPermissionServiceMock: Mock&lt;ICheckPermissionService:16&gt;, turnstilesRepositoryStub: Mock&lt;ITurnstilesRepository:10&gt;, sut: TurnstilesService { })" storage="/mnt/c/users/alena/desktop/7_sem/testing_and_debugging/skiresort/bl.tests/bin/debug/net6.0/bl.tests.dll" id="a7bceeac-b71c-3950-90ae-35e121dc3d86">
      <Execution id="e72eceea-2343-4cfe-ad28-80ca497a2e05" />
      <TestMethod codeBase="/mnt/c/Users/alena/Desktop/7_sem/testing_and_debugging/SkiResort/BL.Tests/bin/Debug/net6.0/BL.Tests.dll" adapterTypeName="executor://xunit/VsTestRunner2/netcoreapp" className="BL.Tests.TurnstilesServiceTest" name="TestAdminAddAutoIncrementTurnstileAsync" />
    </UnitTest>
    <UnitTest name="BL.Tests.CheckPermissionsServiceTests.UnauthorizedHasNoAccessToAuthorizedFunctions(functionName: &quot;LogOutAsync&quot;)" storage="/mnt/c/users/alena/desktop/7_sem/testing_and_debugging/skiresort/bl.tests/bin/debug/net6.0/bl.tests.dll" id="fa960c5e-f989-2880-784e-8efe538c5231">
      <Execution id="f5f7394e-c1d2-4d79-9467-c409fad89fa2" />
      <TestMethod codeBase="/mnt/c/Users/alena/Desktop/7_sem/testing_and_debugging/SkiResort/BL.Tests/bin/Debug/net6.0/BL.Tests.dll" adapterTypeName="executor://xunit/VsTestRunner2/netcoreapp" className="BL.Tests.CheckPermissionsServiceTests" name="UnauthorizedHasNoAccessToAuthorizedFunctions" />
    </UnitTest>
    <UnitTest name="BL.Tests.CheckPermissionsServiceTests.UnauthorizedHasNoAccessToAuthorizedFunctions(functionName: &quot;SendMessageAsync&quot;)" storage="/mnt/c/users/alena/desktop/7_sem/testing_and_debugging/skiresort/bl.tests/bin/debug/net6.0/bl.tests.dll" id="eaabd2fc-2f4b-5689-59c8-c7ad34a8f634">
      <Execution id="4762a3af-3c05-4bd4-a86f-efab5f1dcaba" />
      <TestMethod codeBase="/mnt/c/Users/alena/Desktop/7_sem/testing_and_debugging/SkiResort/BL.Tests/bin/Debug/net6.0/BL.Tests.dll" adapterTypeName="executor://xunit/VsTestRunner2/netcoreapp" className="BL.Tests.CheckPermissionsServiceTests" name="UnauthorizedHasNoAccessToAuthorizedFunctions" />
    </UnitTest>
    <UnitTest name="BL.Tests.UsersServiceTests.TestRegisterUserWithRepeatedEmail" storage="/mnt/c/users/alena/desktop/7_sem/testing_and_debugging/skiresort/bl.tests/bin/debug/net6.0/bl.tests.dll" id="894941c1-bfa7-d8f9-c047-1e1ceefe2c2f">
      <Execution id="22e3e6e0-6818-40c7-b6f2-8f64fb0a7303" />
      <TestMethod codeBase="/mnt/c/Users/alena/Desktop/7_sem/testing_and_debugging/SkiResort/BL.Tests/bin/Debug/net6.0/BL.Tests.dll" adapterTypeName="executor://xunit/VsTestRunner2/netcoreapp" className="BL.Tests.UsersServiceTests" name="TestRegisterUserWithRepeatedEmail" />
    </UnitTest>
    <UnitTest name="BL.Tests.SlopesServiceTest.TestGetSlopeInfoAsync(userID: 136, slope: Slope { SlopeID = 98, SlopeName = slopeNamea4c48631-5f1c-4b86-9fa0-ed1d71ecd012, IsOpen = True, DifficultyLevel = 160, ConnectedLifts =  }, checkPermissionServiceMock: Mock&lt;ICheckPermissionService:6&gt;, slopesRepositoryStub: Mock&lt;ISlopesRepository:4&gt;, liftsSlopesRepositoryStub: Mock&lt;ILiftsSlopesRepository:9&gt;, sut: SlopesService { })" storage="/mnt/c/users/alena/desktop/7_sem/testing_and_debugging/skiresort/bl.tests/bin/debug/net6.0/bl.tests.dll" id="91054dbf-ecfc-8350-398c-40699661b555">
      <Execution id="c461d6da-4c64-405a-90b1-099b93e5187a" />
      <TestMethod codeBase="/mnt/c/Users/alena/Desktop/7_sem/testing_and_debugging/SkiResort/BL.Tests/bin/Debug/net6.0/BL.Tests.dll" adapterTypeName="executor://xunit/VsTestRunner2/netcoreapp" className="BL.Tests.SlopesServiceTest" name="TestGetSlopeInfoAsync" />
    </UnitTest>
    <UnitTest name="BL.Tests.LiftsServiceTest.TestUpdateLiftInfoAsync(userID: 91, lift: Lift { LiftID = 230, LiftName = liftName8d72e919-4dc1-4ad6-bb07-e0ba1f4f9c2d, IsOpen = True, SeatsAmount = 121, LiftingTime = 233, QueueTime = 56, ConnectedSlopes =  }, checkPermissionServiceMock: Mock&lt;ICheckPermissionService:3&gt;, liftsRepositoryStub: Mock&lt;ILiftsRepository:3&gt;, sut: LiftsService { })" storage="/mnt/c/users/alena/desktop/7_sem/testing_and_debugging/skiresort/bl.tests/bin/debug/net6.0/bl.tests.dll" id="8e302d0a-477c-a599-d4dc-7479e9b47b78">
      <Execution id="b42dfa20-023b-47d2-a26f-211309f295ae" />
      <TestMethod codeBase="/mnt/c/Users/alena/Desktop/7_sem/testing_and_debugging/SkiResort/BL.Tests/bin/Debug/net6.0/BL.Tests.dll" adapterTypeName="executor://xunit/VsTestRunner2/netcoreapp" className="BL.Tests.LiftsServiceTest" name="TestUpdateLiftInfoAsync" />
    </UnitTest>
    <UnitTest name="BL.Tests.UsersServiceTests.TestRegisterUserWithNoEmail" storage="/mnt/c/users/alena/desktop/7_sem/testing_and_debugging/skiresort/bl.tests/bin/debug/net6.0/bl.tests.dll" id="8184bd30-991c-b78d-b4ec-99a485eac0dd">
      <Execution id="e8ab4a0c-c9b3-4fb5-99b3-84eea2c0f014" />
      <TestMethod codeBase="/mnt/c/Users/alena/Desktop/7_sem/testing_and_debugging/SkiResort/BL.Tests/bin/Debug/net6.0/BL.Tests.dll" adapterTypeName="executor://xunit/VsTestRunner2/netcoreapp" className="BL.Tests.UsersServiceTests" name="TestRegisterUserWithNoEmail" />
    </UnitTest>
    <UnitTest name="BL.Tests.LiftsServiceTest.TestGetLiftsInfoAsync(userID: 197, initialLifts: [Lift { LiftID = 45, LiftName = liftName36055c8d-9760-4a6a-bb38-632f1add32db, IsOpen = True, SeatsAmount = 243, LiftingTime = 160, QueueTime = 34, ConnectedSlopes =  }, Lift { LiftID = 169, LiftName = liftName72d8d301-a056-4deb-bcdf-b9d3173b1c4b, IsOpen = False, SeatsAmount = 116, LiftingTime = 105, QueueTime = 51, ConnectedSlopes =  }, Lift { LiftID = 119, LiftName ..." storage="/mnt/c/users/alena/desktop/7_sem/testing_and_debugging/skiresort/bl.tests/bin/debug/net6.0/bl.tests.dll" id="7ec08f4e-747f-817e-5f8b-595e029ef5f9">
      <Execution id="9fe97a3b-29e7-489f-9a01-09f27b2890bc" />
      <TestMethod codeBase="/mnt/c/Users/alena/Desktop/7_sem/testing_and_debugging/SkiResort/BL.Tests/bin/Debug/net6.0/BL.Tests.dll" adapterTypeName="executor://xunit/VsTestRunner2/netcoreapp" className="BL.Tests.LiftsServiceTest" name="TestGetLiftsInfoAsync" />
    </UnitTest>
  </TestDefinitions>
  <TestEntries>
    <TestEntry testId="f3efc418-a8a6-c7b7-9bac-90b33aa8472f" executionId="bfaa458d-25b9-485b-a05a-6419c4c181d1" testListId="8c84fa94-04c1-424b-9868-57a2d4851a1d" />
    <TestEntry testId="66849ef8-1949-8663-1881-214bb86a2371" executionId="4802a570-03ed-4757-8081-c5ca7f2e7d8a" testListId="8c84fa94-04c1-424b-9868-57a2d4851a1d" />
    <TestEntry testId="69340bb6-3645-f9dd-971e-29d8b2a009bb" executionId="abe8eab8-9301-4273-a60e-3776aeca5ff2" testListId="8c84fa94-04c1-424b-9868-57a2d4851a1d" />
    <TestEntry testId="834c739b-eca4-b36d-6a66-5a1bd75377b8" executionId="505a8cba-7e6a-4729-8b4c-032e59a016c6" testListId="8c84fa94-04c1-424b-9868-57a2d4851a1d" />
    <TestEntry testId="644ec43e-70cd-c82d-42e7-0d990be1414d" executionId="fcc3a490-16ef-428d-9d65-a6f1af7b5822" testListId="8c84fa94-04c1-424b-9868-57a2d4851a1d" />
    <TestEntry testId="4722f43f-43d5-eec2-47a3-65463b5ce99b" executionId="da9ff560-8eb4-4e70-b154-a83eb0fcb2ba" testListId="8c84fa94-04c1-424b-9868-57a2d4851a1d" />
    <TestEntry testId="91054dbf-ecfc-8350-398c-40699661b555" executionId="c461d6da-4c64-405a-90b1-099b93e5187a" testListId="8c84fa94-04c1-424b-9868-57a2d4851a1d" />
    <TestEntry testId="4f297306-d4f3-8d63-e7f4-1ac0b8c58c74" executionId="c22d2893-8180-48d2-a248-02199677b3ab" testListId="8c84fa94-04c1-424b-9868-57a2d4851a1d" />
    <TestEntry testId="936d0828-6307-feed-fe97-00d020da4a57" executionId="69aed04d-970c-4a7b-b106-585b0245aef6" testListId="8c84fa94-04c1-424b-9868-57a2d4851a1d" />
    <TestEntry testId="06d0bc3a-24a0-fb7f-4277-e9ae6d21c7dd" executionId="8e209cbe-00f6-477b-900b-b238151cd817" testListId="8c84fa94-04c1-424b-9868-57a2d4851a1d" />
    <TestEntry testId="8184bd30-991c-b78d-b4ec-99a485eac0dd" executionId="e8ab4a0c-c9b3-4fb5-99b3-84eea2c0f014" testListId="8c84fa94-04c1-424b-9868-57a2d4851a1d" />
    <TestEntry testId="18fa8c62-e27d-e1fc-8182-4d7db62b008d" executionId="3f824c07-fa55-4ad6-bc20-ee04ad30f0d7" testListId="8c84fa94-04c1-424b-9868-57a2d4851a1d" />
    <TestEntry testId="a2e59116-cb53-1d70-9cb8-21c286516866" executionId="1c98aed0-82cd-4bd1-838a-6ec1ee5b79dd" testListId="8c84fa94-04c1-424b-9868-57a2d4851a1d" />
    <TestEntry testId="e5497347-2721-b7a6-0bd4-69a9921f6947" executionId="54ad4c60-7f55-46da-96df-428a2e92c121" testListId="8c84fa94-04c1-424b-9868-57a2d4851a1d" />
    <TestEntry testId="8fd3de6d-d0eb-9464-a64a-a60602b9fb0d" executionId="ddf4cb9f-8289-4829-bbf8-86458f2bd35f" testListId="8c84fa94-04c1-424b-9868-57a2d4851a1d" />
    <TestEntry testId="60bd668f-04df-da5e-b79b-5d9aedb5234d" executionId="5a8382d0-21a3-4979-834d-49a062ba01c4" testListId="8c84fa94-04c1-424b-9868-57a2d4851a1d" />
    <TestEntry testId="431b7fbf-6a54-8e03-f6eb-92216e459802" executionId="790c3e65-fcfb-4ebc-9101-6eff8192a580" testListId="8c84fa94-04c1-424b-9868-57a2d4851a1d" />
    <TestEntry testId="9c7df5e2-1b23-ebea-889f-b78ca86b60ab" executionId="7d993386-e33b-42a7-8ee4-f49a51a112fc" testListId="8c84fa94-04c1-424b-9868-57a2d4851a1d" />
    <TestEntry testId="1ca07ad8-f799-c5d4-e7cc-34fd950198a2" executionId="6359cb3b-8f00-4ec2-94dc-291e534c73e9" testListId="8c84fa94-04c1-424b-9868-57a2d4851a1d" />
    <TestEntry testId="8c966817-3943-41a9-2880-281f6dc09d47" executionId="12f52e55-46f5-4da0-9d5b-534db1fb9d9b" testListId="8c84fa94-04c1-424b-9868-57a2d4851a1d" />
    <TestEntry testId="6f4ce6df-40c4-0382-149a-16663c428062" executionId="a57c3a59-295e-41e1-8804-9659c07abb88" testListId="8c84fa94-04c1-424b-9868-57a2d4851a1d" />
    <TestEntry testId="387c9729-48c1-486e-5e67-f5d11a9f0db8" executionId="0f373238-f2c7-452f-8352-e0c043a8c3fe" testListId="8c84fa94-04c1-424b-9868-57a2d4851a1d" />
    <TestEntry testId="07b6a1af-17d1-4e4f-783d-d4a13ed22846" executionId="5fbf4f4d-4437-4167-a56f-b7c1c996a09d" testListId="8c84fa94-04c1-424b-9868-57a2d4851a1d" />
    <TestEntry testId="fa960c5e-f989-2880-784e-8efe538c5231" executionId="f5f7394e-c1d2-4d79-9467-c409fad89fa2" testListId="8c84fa94-04c1-424b-9868-57a2d4851a1d" />
    <TestEntry testId="20ad8570-0170-85de-dcd7-2f109dd7bcd6" executionId="10eaa54a-77f5-4acc-919c-9d36e2089dc6" testListId="8c84fa94-04c1-424b-9868-57a2d4851a1d" />
    <TestEntry testId="8e0ccd30-47fb-d0e7-19d5-f681a8167972" executionId="c178c271-fde1-4e20-9b65-ed51c2630f6a" testListId="8c84fa94-04c1-424b-9868-57a2d4851a1d" />
    <TestEntry testId="aa28a6b3-21d3-aa45-24d3-bef2facbc899" executionId="a45e3501-468e-4734-8d37-6eef6cd03800" testListId="8c84fa94-04c1-424b-9868-57a2d4851a1d" />
    <TestEntry testId="2d706594-f2b3-b3c8-21d4-86c9798c3306" executionId="8a2093fe-83b9-49f5-bf93-061bf6c63a1c" testListId="8c84fa94-04c1-424b-9868-57a2d4851a1d" />
    <TestEntry testId="6a4f0800-aa11-bd3c-380d-9822ca43ce1c" executionId="8b26aa80-8eb7-46d8-8d0f-8b6615ff33d1" testListId="8c84fa94-04c1-424b-9868-57a2d4851a1d" />
    <TestEntry testId="e429852d-a6ed-7c2a-25fd-cd839b159d56" executionId="19442a54-d8ea-4419-93f3-97db613ed485" testListId="8c84fa94-04c1-424b-9868-57a2d4851a1d" />
    <TestEntry testId="a7bceeac-b71c-3950-90ae-35e121dc3d86" executionId="e72eceea-2343-4cfe-ad28-80ca497a2e05" testListId="8c84fa94-04c1-424b-9868-57a2d4851a1d" />
    <TestEntry testId="7ec08f4e-747f-817e-5f8b-595e029ef5f9" executionId="9fe97a3b-29e7-489f-9a01-09f27b2890bc" testListId="8c84fa94-04c1-424b-9868-57a2d4851a1d" />
    <TestEntry testId="e2d7e5be-3dae-33ae-fb17-c704b6fd58d6" executionId="f765e5e3-cc42-4a54-a362-810d65ad90af" testListId="8c84fa94-04c1-424b-9868-57a2d4851a1d" />
    <TestEntry testId="189df641-9d22-f99f-ac6e-8742eb0d3c13" executionId="38e02d46-6928-458e-89e5-7889d4798ef8" testListId="8c84fa94-04c1-424b-9868-57a2d4851a1d" />
    <TestEntry testId="c36970dc-93f7-753e-fa47-157133b01644" executionId="23a0a532-05df-4d5d-ae73-ace1562ab353" testListId="8c84fa94-04c1-424b-9868-57a2d4851a1d" />
    <TestEntry testId="eaabd2fc-2f4b-5689-59c8-c7ad34a8f634" executionId="4762a3af-3c05-4bd4-a86f-efab5f1dcaba" testListId="8c84fa94-04c1-424b-9868-57a2d4851a1d" />
    <TestEntry testId="c435429e-ea1c-1241-b338-04be43e39743" executionId="972cacc8-30e7-4dbc-a4ea-ec0a8fcfc9bd" testListId="8c84fa94-04c1-424b-9868-57a2d4851a1d" />
    <TestEntry testId="a19a5fcf-c5d2-7d44-5d7d-84403042f4e0" executionId="d593dc7b-f17f-4523-8002-fbfa664013a8" testListId="8c84fa94-04c1-424b-9868-57a2d4851a1d" />
    <TestEntry testId="2edd6d95-84c3-3253-ffb3-d8eb354e34c6" executionId="8b73aab8-aee4-4be6-aaf3-ae04948ddd05" testListId="8c84fa94-04c1-424b-9868-57a2d4851a1d" />
    <TestEntry testId="2602613f-c8e2-a6d9-fcf7-5b27d4a770a6" executionId="ea3b9a81-345d-40ac-a7d0-35ef34a0cf0b" testListId="8c84fa94-04c1-424b-9868-57a2d4851a1d" />
    <TestEntry testId="894941c1-bfa7-d8f9-c047-1e1ceefe2c2f" executionId="22e3e6e0-6818-40c7-b6f2-8f64fb0a7303" testListId="8c84fa94-04c1-424b-9868-57a2d4851a1d" />
    <TestEntry testId="229812f5-9a73-5335-11f5-31330d1348a5" executionId="f7f66e79-b885-4af9-b589-7d9a8be59ab2" testListId="8c84fa94-04c1-424b-9868-57a2d4851a1d" />
    <TestEntry testId="f44a1b21-8efc-bfac-63b4-d534442def31" executionId="ec969203-9667-4fb8-b486-858e01d74ba0" testListId="8c84fa94-04c1-424b-9868-57a2d4851a1d" />
    <TestEntry testId="0eeef75f-6e38-7893-a8fe-cff3e0a970a7" executionId="08dc6a60-af2e-409a-b2f3-0c7b2b489767" testListId="8c84fa94-04c1-424b-9868-57a2d4851a1d" />
    <TestEntry testId="492c0393-35b4-df26-a537-21ca08302f3c" executionId="308b636c-0174-45e6-8cf1-9bdd53f2f4ea" testListId="8c84fa94-04c1-424b-9868-57a2d4851a1d" />
    <TestEntry testId="edeb6a90-0669-e52f-3794-f39a259aa7e7" executionId="26fad116-fcdd-44ca-bdd0-2189f7f4dcf4" testListId="8c84fa94-04c1-424b-9868-57a2d4851a1d" />
    <TestEntry testId="8e302d0a-477c-a599-d4dc-7479e9b47b78" executionId="b42dfa20-023b-47d2-a26f-211309f295ae" testListId="8c84fa94-04c1-424b-9868-57a2d4851a1d" />
  </TestEntries>
  <TestLists>
    <TestList name="Results Not in a List" id="8c84fa94-04c1-424b-9868-57a2d4851a1d" />
    <TestList name="All Loaded Results" id="19431567-8539-422a-85d7-44ee4e166bda" />
  </TestLists>
  <ResultSummary outcome="Completed">
    <Counters total="47" executed="47" passed="47" failed="0" error="0" timeout="0" aborted="0" inconclusive="0" passedButRunAborted="0" notRunnable="0" notExecuted="0" disconnected="0" warning="0" completed="0" inProgress="0" pending="0" />
    <Output>
      <StdOut>[xUnit.net 00:00:00.00] xUnit.net VSTest Adapter v2.4.5+1caef2f33e (64-bit .NET 6.0.10)
[xUnit.net 00:00:00.79]   Discovering: BL.Tests
[xUnit.net 00:00:01.05]   Discovered:  BL.Tests
[xUnit.net 00:00:01.05]   Starting:    BL.Tests
[xUnit.net 00:00:01.53]   Finished:    BL.Tests
</StdOut>
    </Output>
  </ResultSummary>
</TestRun>