<?xml version="1.0" encoding="utf-8"?>
<TestRun id="ef22104a-3fb8-4430-b4f7-5236349bb5a3" name="@DESKTOP-TJ9D65N 2022-10-21 17:07:47" xmlns="http://microsoft.com/schemas/VisualStudio/TeamTest/2010">
  <Times creation="2022-10-21T17:07:47.2987990+03:00" queuing="2022-10-21T17:07:47.2987992+03:00" start="2022-10-21T17:07:44.9238658+03:00" finish="2022-10-21T17:07:47.6258018+03:00" />
  <TestSettings name="default" id="c0911f36-862e-4eb1-b029-9eb42e17cc77">
    <Deployment runDeploymentRoot="_DESKTOP-TJ9D65N_2022-10-21_17_07_47" />
  </TestSettings>
  <Results>
    <UnitTestResult executionId="7727e5fc-76df-4ded-9cb3-3ab72fb49dd1" testId="1851a2c1-31d9-b5ef-c51e-9b373ce8b34f" testName="BL.Tests.SlopesServiceTest.TestAdminAddSlopeAsync(userID: 133, slope: Slope { SlopeID = 193, SlopeName = slopeNamea7b7ff94-577a-48c9-8eb1-758d3ee2be71, IsOpen = True, DifficultyLevel = 89, ConnectedLifts =  }, checkPermissionServiceMock: Mock&lt;ICheckPermissionService:11&gt;, slopesRepositoryStub: Mock&lt;ISlopesRepository:9&gt;, sut: SlopesService { })" computerName="DESKTOP-TJ9D65N" duration="00:00:00.0066982" startTime="2022-10-21T17:07:47.4347274+03:00" endTime="2022-10-21T17:07:47.4347275+03:00" testType="13cdc9d9-ddb5-4fa4-a97d-d965ccfc6d4b" outcome="Passed" testListId="8c84fa94-04c1-424b-9868-57a2d4851a1d" relativeResultsDirectory="7727e5fc-76df-4ded-9cb3-3ab72fb49dd1" />
    <UnitTestResult executionId="d95920e1-ec34-450c-befb-a6c90e1a336a" testId="492c0393-35b4-df26-a537-21ca08302f3c" testName="BL.Tests.CheckPermissionsServiceTests.SkiPatrolHasNoAccessToAdminFunctions" computerName="DESKTOP-TJ9D65N" duration="00:00:00.0021875" startTime="2022-10-21T17:07:47.4970643+03:00" endTime="2022-10-21T17:07:47.4970644+03:00" testType="13cdc9d9-ddb5-4fa4-a97d-d965ccfc6d4b" outcome="Passed" testListId="8c84fa94-04c1-424b-9868-57a2d4851a1d" relativeResultsDirectory="d95920e1-ec34-450c-befb-a6c90e1a336a" />
    <UnitTestResult executionId="36f6e18f-bf04-4e24-9efd-0fd6480728c2" testId="1197de9f-d045-44b8-00be-63c401925797" testName="BL.Tests.SlopesServiceTest.TestUpdateSlopeInfoAsync(userID: 170, slope: Slope { SlopeID = 27, SlopeName = slopeName9b8779cd-7799-43fa-8993-6ffb19748b23, IsOpen = True, DifficultyLevel = 200, ConnectedLifts =  }, checkPermissionServiceMock: Mock&lt;ICheckPermissionService:8&gt;, slopesRepositoryStub: Mock&lt;ISlopesRepository:6&gt;, sut: SlopesService { })" computerName="DESKTOP-TJ9D65N" duration="00:00:00.0497446" startTime="2022-10-21T17:07:47.2188119+03:00" endTime="2022-10-21T17:07:47.2188119+03:00" testType="13cdc9d9-ddb5-4fa4-a97d-d965ccfc6d4b" outcome="Passed" testListId="8c84fa94-04c1-424b-9868-57a2d4851a1d" relativeResultsDirectory="36f6e18f-bf04-4e24-9efd-0fd6480728c2" />
    <UnitTestResult executionId="f4ba29bf-7315-49f9-8eb1-a16fba996b33" testId="e5497347-2721-b7a6-0bd4-69a9921f6947" testName="BL.Tests.UsersServiceTests.TestAdminGetUserByIDAsync" computerName="DESKTOP-TJ9D65N" duration="00:00:00.0045455" startTime="2022-10-21T17:07:47.4583381+03:00" endTime="2022-10-21T17:07:47.4583382+03:00" testType="13cdc9d9-ddb5-4fa4-a97d-d965ccfc6d4b" outcome="Passed" testListId="8c84fa94-04c1-424b-9868-57a2d4851a1d" relativeResultsDirectory="f4ba29bf-7315-49f9-8eb1-a16fba996b33" />
    <UnitTestResult executionId="7c2d3146-8e40-4b48-ad84-c57ddf61ad91" testId="644ec43e-70cd-c82d-42e7-0d990be1414d" testName="BL.Tests.CheckPermissionsServiceTests.AuthorizedHasAccessToAuthorizedFunctions(functionName: &quot;SendMessageAsync&quot;)" computerName="DESKTOP-TJ9D65N" duration="00:00:00.0025894" startTime="2022-10-21T17:07:47.4637621+03:00" endTime="2022-10-21T17:07:47.4637622+03:00" testType="13cdc9d9-ddb5-4fa4-a97d-d965ccfc6d4b" outcome="Passed" testListId="8c84fa94-04c1-424b-9868-57a2d4851a1d" relativeResultsDirectory="7c2d3146-8e40-4b48-ad84-c57ddf61ad91" />
    <UnitTestResult executionId="6d86c8ac-ab14-4dbe-ada7-4980e716d8a3" testId="2321244b-8de0-56de-edba-1377795d6b05" testName="BL.Tests.LiftsSlopesServiceTests.TestAdminDeleteLiftSlopeAsync(lift: Lift { LiftID = 53, LiftName = liftName6e76add1-fef8-479a-8889-359f67a8f220, IsOpen = True, SeatsAmount = 227, LiftingTime = 16, QueueTime = 157, ConnectedSlopes =  }, slope: Slope { SlopeID = 145, SlopeName = slopeName4524ce2a-37e5-4c01-9c88-b8f066703f84, IsOpen = False, DifficultyLevel = 111, ConnectedLifts =  }, slopesRepositoryStub: Mock&lt;ISlopesRepository:2&gt;, liftsRepositoryStub: Mock&lt;ILiftsRepository:7&gt;, liftsSlopesRepositoryStub: Mock&lt;ILiftsSlopesRepository:7&gt;)" computerName="DESKTOP-TJ9D65N" duration="00:00:00.0117917" startTime="2022-10-21T17:07:47.3266113+03:00" endTime="2022-10-21T17:07:47.3266115+03:00" testType="13cdc9d9-ddb5-4fa4-a97d-d965ccfc6d4b" outcome="Passed" testListId="8c84fa94-04c1-424b-9868-57a2d4851a1d" relativeResultsDirectory="6d86c8ac-ab14-4dbe-ada7-4980e716d8a3" />
    <UnitTestResult executionId="02993180-5445-40f9-9f3e-994b8aee472a" testId="a19a5fcf-c5d2-7d44-5d7d-84403042f4e0" testName="BL.Tests.CheckPermissionsServiceTests.UnauthorizedHasNoAccessToAdminSkiPatrolFunctions(functionName: &quot;MarkMessageReadByUserAsync&quot;)" computerName="DESKTOP-TJ9D65N" duration="00:00:00.0483522" startTime="2022-10-21T17:07:47.2187333+03:00" endTime="2022-10-21T17:07:47.2187334+03:00" testType="13cdc9d9-ddb5-4fa4-a97d-d965ccfc6d4b" outcome="Passed" testListId="8c84fa94-04c1-424b-9868-57a2d4851a1d" relativeResultsDirectory="02993180-5445-40f9-9f3e-994b8aee472a" />
    <UnitTestResult executionId="a699d046-f384-4328-b87c-5a4fe84ef28b" testId="ea748889-2fbd-c097-62ed-f21a5e84a645" testName="BL.Tests.TurnstilesServiceTest.TestAdminAddAutoIncrementTurnstileAsync(userID: 248, turnstile: Turnstile { TurnstileID = 148, LiftID = 178, IsOpen = True }, checkPermissionServiceMock: Mock&lt;ICheckPermissionService:16&gt;, turnstilesRepositoryStub: Mock&lt;ITurnstilesRepository:10&gt;, sut: TurnstilesService { })" computerName="DESKTOP-TJ9D65N" duration="00:00:00.0067415" startTime="2022-10-21T17:07:47.3412789+03:00" endTime="2022-10-21T17:07:47.3412790+03:00" testType="13cdc9d9-ddb5-4fa4-a97d-d965ccfc6d4b" outcome="Passed" testListId="8c84fa94-04c1-424b-9868-57a2d4851a1d" relativeResultsDirectory="a699d046-f384-4328-b87c-5a4fe84ef28b" />
    <UnitTestResult executionId="8a30af81-2c00-4975-8a44-66340a730b05" testId="e2d7e5be-3dae-33ae-fb17-c704b6fd58d6" testName="BL.Tests.CheckPermissionsServiceTests.UnauthorizedHasNoAccessToAdminFunctions" computerName="DESKTOP-TJ9D65N" duration="00:00:00.0021851" startTime="2022-10-21T17:07:47.4861976+03:00" endTime="2022-10-21T17:07:47.4861978+03:00" testType="13cdc9d9-ddb5-4fa4-a97d-d965ccfc6d4b" outcome="Passed" testListId="8c84fa94-04c1-424b-9868-57a2d4851a1d" relativeResultsDirectory="8a30af81-2c00-4975-8a44-66340a730b05" />
    <UnitTestResult executionId="632ae6c5-b3ee-4a08-97f8-05d61e06521c" testId="834c739b-eca4-b36d-6a66-5a1bd75377b8" testName="BL.Tests.UsersServiceTests.TestAdminAddAutoIncrementUser" computerName="DESKTOP-TJ9D65N" duration="00:00:00.0095139" startTime="2022-10-21T17:07:47.4407865+03:00" endTime="2022-10-21T17:07:47.4407866+03:00" testType="13cdc9d9-ddb5-4fa4-a97d-d965ccfc6d4b" outcome="Passed" testListId="8c84fa94-04c1-424b-9868-57a2d4851a1d" relativeResultsDirectory="632ae6c5-b3ee-4a08-97f8-05d61e06521c" />
    <UnitTestResult executionId="45c7c389-b8ab-49ec-a37d-272a0bf512b3" testId="2d706594-f2b3-b3c8-21d4-86c9798c3306" testName="BL.Tests.CheckPermissionsServiceTests.SkiPatrolHasAccessToAdminSkiPatrolFunctions(functionName: &quot;GetLiftsSlopesInfoAsync&quot;)" computerName="DESKTOP-TJ9D65N" duration="00:00:00.0050758" startTime="2022-10-21T17:07:47.3675593+03:00" endTime="2022-10-21T17:07:47.3675594+03:00" testType="13cdc9d9-ddb5-4fa4-a97d-d965ccfc6d4b" outcome="Passed" testListId="8c84fa94-04c1-424b-9868-57a2d4851a1d" relativeResultsDirectory="45c7c389-b8ab-49ec-a37d-272a0bf512b3" />
    <UnitTestResult executionId="cbd2c5c4-0907-4dc8-a9c5-6f65eb163354" testId="34e300d9-9793-827a-47e7-a3981d9c0e02" testName="BL.Tests.LiftsServiceTest.TestAdminAddAutoIncrementLiftAsync(userID: 11, lift: Lift { LiftID = 152, LiftName = liftName13abb0b5-7057-43f3-b116-b41155a27ad0, IsOpen = True, SeatsAmount = 67, LiftingTime = 42, QueueTime = 251, ConnectedSlopes =  }, checkPermissionServiceMock: Mock&lt;ICheckPermissionService:5&gt;, liftsRepositoryStub: Mock&lt;ILiftsRepository:5&gt;, sut: LiftsService { })" computerName="DESKTOP-TJ9D65N" duration="00:00:00.0168762" startTime="2022-10-21T17:07:47.2809334+03:00" endTime="2022-10-21T17:07:47.2809334+03:00" testType="13cdc9d9-ddb5-4fa4-a97d-d965ccfc6d4b" outcome="Passed" testListId="8c84fa94-04c1-424b-9868-57a2d4851a1d" relativeResultsDirectory="cbd2c5c4-0907-4dc8-a9c5-6f65eb163354" />
    <UnitTestResult executionId="7ebcf458-c138-43d3-ad69-5ebe175037d5" testId="f3efc418-a8a6-c7b7-9bac-90b33aa8472f" testName="BL.Tests.CheckPermissionsServiceTests.AdminHasAccessToAllFunctions" computerName="DESKTOP-TJ9D65N" duration="00:00:00.0016876" startTime="2022-10-21T17:07:47.5080318+03:00" endTime="2022-10-21T17:07:47.5080319+03:00" testType="13cdc9d9-ddb5-4fa4-a97d-d965ccfc6d4b" outcome="Passed" testListId="8c84fa94-04c1-424b-9868-57a2d4851a1d" relativeResultsDirectory="7ebcf458-c138-43d3-ad69-5ebe175037d5" />
    <UnitTestResult executionId="96ec9bb2-4bb5-4537-9c74-95870ca02ac1" testId="1313fbb3-7410-f715-a8b2-308f5b7e8ce3" testName="BL.Tests.TurnstilesServiceTest.TestAdminUpdateTurnstileAsync(userID: 153, turnstile: Turnstile { TurnstileID = 197, LiftID = 183, IsOpen = True }, checkPermissionServiceMock: Mock&lt;ICheckPermissionService:14&gt;, turnstilesRepositoryStub: Mock&lt;ITurnstilesRepository:8&gt;, sut: TurnstilesService { })" computerName="DESKTOP-TJ9D65N" duration="00:00:00.0062826" startTime="2022-10-21T17:07:47.3189395+03:00" endTime="2022-10-21T17:07:47.3189396+03:00" testType="13cdc9d9-ddb5-4fa4-a97d-d965ccfc6d4b" outcome="Passed" testListId="8c84fa94-04c1-424b-9868-57a2d4851a1d" relativeResultsDirectory="96ec9bb2-4bb5-4537-9c74-95870ca02ac1" />
    <UnitTestResult executionId="8797018e-c3e9-49bd-886c-a1f5c43ed272" testId="f7e423db-93e8-8b36-f54e-93a982f47927" testName="BL.Tests.SlopesServiceTest.TestGetSlopeInfoAsync(userID: 242, slope: Slope { SlopeID = 130, SlopeName = slopeName96b74f96-6aef-4b83-938b-b354746ee634, IsOpen = True, DifficultyLevel = 173, ConnectedLifts =  }, checkPermissionServiceMock: Mock&lt;ICheckPermissionService:6&gt;, slopesRepositoryStub: Mock&lt;ISlopesRepository:4&gt;, liftsSlopesRepositoryStub: Mock&lt;ILiftsSlopesRepository:9&gt;, sut: SlopesService { })" computerName="DESKTOP-TJ9D65N" duration="00:00:00.0066624" startTime="2022-10-21T17:07:47.4088311+03:00" endTime="2022-10-21T17:07:47.4088313+03:00" testType="13cdc9d9-ddb5-4fa4-a97d-d965ccfc6d4b" outcome="Passed" testListId="8c84fa94-04c1-424b-9868-57a2d4851a1d" relativeResultsDirectory="8797018e-c3e9-49bd-886c-a1f5c43ed272" />
    <UnitTestResult executionId="22846792-28e7-4cc5-b8fc-a5b5094049ec" testId="4f297306-d4f3-8d63-e7f4-1ac0b8c58c74" testName="BL.Tests.CheckPermissionsServiceTests.AuthorizedHasNoAccessToAdminSkiPatrolFunctions(functionName: &quot;GetLiftsSlopesInfoAsync&quot;)" computerName="DESKTOP-TJ9D65N" duration="00:00:00.0013946" startTime="2022-10-21T17:07:47.4514701+03:00" endTime="2022-10-21T17:07:47.4514702+03:00" testType="13cdc9d9-ddb5-4fa4-a97d-d965ccfc6d4b" outcome="Passed" testListId="8c84fa94-04c1-424b-9868-57a2d4851a1d" relativeResultsDirectory="22846792-28e7-4cc5-b8fc-a5b5094049ec" />
    <UnitTestResult executionId="968dfb22-bdf1-431c-9d44-99e01df8c9e8" testId="7f0b96d2-2276-2c21-deb1-2969dccf631e" testName="BL.Tests.LiftsServiceTest.TestGetLiftsInfoAsync(userID: 193, initialLifts: [Lift { LiftID = 164, LiftName = liftName2b109f6a-1769-4b39-91f0-7f4706e2350f, IsOpen = True, SeatsAmount = 150, LiftingTime = 252, QueueTime = 33, ConnectedSlopes =  }, Lift { LiftID = 213, LiftName = liftNamee26020e6-b0f0-4e4b-bc57-fcad0cbd7332, IsOpen = False, SeatsAmount = 126, LiftingTime = 68, QueueTime = 253, ConnectedSlopes =  }, Lift { LiftID = 198, LiftName = liftNameadabc8ff-fea5-4c9f-aa8d-c3913f60b621, IsOpen = True, SeatsAmount = 80, LiftingTime = 208, QueueTime = 100, ConnectedSlopes =  }], checkPermissionServiceMock: Mock&lt;ICheckPermissionService:2&gt;, liftsRepositoryStub: Mock&lt;ILiftsRepository:2&gt;, liftsSlopesRepositoryStub: Mock&lt;ILiftsSlopesRepository:2&gt;, sut: LiftsService { })" computerName="DESKTOP-TJ9D65N" duration="00:00:00.0103094" startTime="2022-10-21T17:07:47.4100567+03:00" endTime="2022-10-21T17:07:47.4100568+03:00" testType="13cdc9d9-ddb5-4fa4-a97d-d965ccfc6d4b" outcome="Passed" testListId="8c84fa94-04c1-424b-9868-57a2d4851a1d" relativeResultsDirectory="968dfb22-bdf1-431c-9d44-99e01df8c9e8" />
    <UnitTestResult executionId="532399aa-4643-449d-a06b-d00add905d5f" testId="aa28a6b3-21d3-aa45-24d3-bef2facbc899" testName="BL.Tests.CheckPermissionsServiceTests.AuthorizedHasAccessToAuthorizedFunctions(functionName: &quot;LogOutAsync&quot;)" computerName="DESKTOP-TJ9D65N" duration="00:00:00.0013128" startTime="2022-10-21T17:07:47.4751290+03:00" endTime="2022-10-21T17:07:47.4751291+03:00" testType="13cdc9d9-ddb5-4fa4-a97d-d965ccfc6d4b" outcome="Passed" testListId="8c84fa94-04c1-424b-9868-57a2d4851a1d" relativeResultsDirectory="532399aa-4643-449d-a06b-d00add905d5f" />
    <UnitTestResult executionId="2189feec-e047-4199-868b-ff72ed3c2b6a" testId="c36970dc-93f7-753e-fa47-157133b01644" testName="BL.Tests.CheckPermissionsServiceTests.SkiPatrolHasAccessToAdminSkiPatrolFunctions(functionName: &quot;GetMessagesAsync&quot;)" computerName="DESKTOP-TJ9D65N" duration="00:00:00.0014009" startTime="2022-10-21T17:07:47.3909540+03:00" endTime="2022-10-21T17:07:47.3909541+03:00" testType="13cdc9d9-ddb5-4fa4-a97d-d965ccfc6d4b" outcome="Passed" testListId="8c84fa94-04c1-424b-9868-57a2d4851a1d" relativeResultsDirectory="2189feec-e047-4199-868b-ff72ed3c2b6a" />
    <UnitTestResult executionId="f7f06d9e-618b-48ae-b5fc-4ceac021e870" testId="8184bd30-991c-b78d-b4ec-99a485eac0dd" testName="BL.Tests.UsersServiceTests.TestRegisterUserWithNoEmail" computerName="DESKTOP-TJ9D65N" duration="00:00:00.0039953" startTime="2022-10-21T17:07:47.2805011+03:00" endTime="2022-10-21T17:07:47.2805012+03:00" testType="13cdc9d9-ddb5-4fa4-a97d-d965ccfc6d4b" outcome="Passed" testListId="8c84fa94-04c1-424b-9868-57a2d4851a1d" relativeResultsDirectory="f7f06d9e-618b-48ae-b5fc-4ceac021e870" />
    <UnitTestResult executionId="cf5d7c3f-fef3-48c2-80b3-d9a7a7f8ee22" testId="fa960c5e-f989-2880-784e-8efe538c5231" testName="BL.Tests.CheckPermissionsServiceTests.UnauthorizedHasNoAccessToAuthorizedFunctions(functionName: &quot;LogOutAsync&quot;)" computerName="DESKTOP-TJ9D65N" duration="00:00:00.0019968" startTime="2022-10-21T17:07:47.3502890+03:00" endTime="2022-10-21T17:07:47.3502891+03:00" testType="13cdc9d9-ddb5-4fa4-a97d-d965ccfc6d4b" outcome="Passed" testListId="8c84fa94-04c1-424b-9868-57a2d4851a1d" relativeResultsDirectory="cf5d7c3f-fef3-48c2-80b3-d9a7a7f8ee22" />
    <UnitTestResult executionId="eee8ce2b-2e83-4be1-bf58-0760a84ef2cd" testId="e587eb7d-a37d-c3f4-c3cb-5e019b3f0ea0" testName="BL.Tests.TurnstilesServiceTest.TestAdminGetTurnstilesAsync(userID: 23, initialTurnstiles: [Turnstile { TurnstileID = 122, LiftID = 147, IsOpen = True }, Turnstile { TurnstileID = 66, LiftID = 108, IsOpen = False }, Turnstile { TurnstileID = 154, LiftID = 62, IsOpen = True }], checkPermissionServiceMock: Mock&lt;ICheckPermissionService:13&gt;, turnstilesRepositoryStub: Mock&lt;ITurnstilesRepository:7&gt;, sut: TurnstilesService { })" computerName="DESKTOP-TJ9D65N" duration="00:00:00.0096877" startTime="2022-10-21T17:07:47.3653263+03:00" endTime="2022-10-21T17:07:47.3653264+03:00" testType="13cdc9d9-ddb5-4fa4-a97d-d965ccfc6d4b" outcome="Passed" testListId="8c84fa94-04c1-424b-9868-57a2d4851a1d" relativeResultsDirectory="eee8ce2b-2e83-4be1-bf58-0760a84ef2cd" />
    <UnitTestResult executionId="21bdde47-0c68-4876-bc9f-989a70855ec8" testId="6ef32045-788c-f52e-007d-ff833ba51b6a" testName="BL.Tests.LiftsServiceTest.TestAdminDeleteLiftAsync(userID: 233, lift: Lift { LiftID = 217, LiftName = liftName472cfdd7-3c14-466b-a96b-9a172401b784, IsOpen = True, SeatsAmount = 138, LiftingTime = 85, QueueTime = 253, ConnectedSlopes =  }, checkPermissionServiceMock: Mock&lt;ICheckPermissionService:4&gt;, liftsRepositoryStub: Mock&lt;ILiftsRepository:4&gt;, liftsSlopesRepositoryStub: Mock&lt;ILiftsSlopesRepository:4&gt;, sut: LiftsService { })" computerName="DESKTOP-TJ9D65N" duration="00:00:00.0401814" startTime="2022-10-21T17:07:47.3857883+03:00" endTime="2022-10-21T17:07:47.3857884+03:00" testType="13cdc9d9-ddb5-4fa4-a97d-d965ccfc6d4b" outcome="Passed" testListId="8c84fa94-04c1-424b-9868-57a2d4851a1d" relativeResultsDirectory="21bdde47-0c68-4876-bc9f-989a70855ec8" />
    <UnitTestResult executionId="20bae793-a102-4a01-82f7-10a2b90b7664" testId="20ad8570-0170-85de-dcd7-2f109dd7bcd6" testName="BL.Tests.UsersServiceTests.TestAdminGetUsers" computerName="DESKTOP-TJ9D65N" duration="00:00:00.0578762" startTime="2022-10-21T17:07:47.2188350+03:00" endTime="2022-10-21T17:07:47.2188350+03:00" testType="13cdc9d9-ddb5-4fa4-a97d-d965ccfc6d4b" outcome="Passed" testListId="8c84fa94-04c1-424b-9868-57a2d4851a1d" relativeResultsDirectory="20bae793-a102-4a01-82f7-10a2b90b7664" />
    <UnitTestResult executionId="34106c60-6a83-4b28-9e31-6c9b47c5a558" testId="60bd668f-04df-da5e-b79b-5d9aedb5234d" testName="BL.Tests.CheckPermissionsServiceTests.SkiPatrolHasAccessToAdminSkiPatrolFunctions(functionName: &quot;MarkMessageReadByUserAsync&quot;)" computerName="DESKTOP-TJ9D65N" duration="00:00:00.0008238" startTime="2022-10-21T17:07:47.3792970+03:00" endTime="2022-10-21T17:07:47.3792970+03:00" testType="13cdc9d9-ddb5-4fa4-a97d-d965ccfc6d4b" outcome="Passed" testListId="8c84fa94-04c1-424b-9868-57a2d4851a1d" relativeResultsDirectory="34106c60-6a83-4b28-9e31-6c9b47c5a558" />
    <UnitTestResult executionId="4e585277-8059-4546-bc61-0cd3f8274d08" testId="efcb9a2f-e42a-0fbe-0ff8-460f354eb08f" testName="BL.Tests.SlopesServiceTest.TestAdminDeleteSlopeAsync(userID: 231, slope: Slope { SlopeID = 23, SlopeName = slopeName4180dcb6-7b18-4df5-951e-7faeb4b76a4f, IsOpen = True, DifficultyLevel = 253, ConnectedLifts =  }, checkPermissionServiceMock: Mock&lt;ICheckPermissionService:9&gt;, slopesRepositoryStub: Mock&lt;ISlopesRepository:7&gt;, liftsSlopesRepositoryStub: Mock&lt;ILiftsSlopesRepository:12&gt;, sut: SlopesService { })" computerName="DESKTOP-TJ9D65N" duration="00:00:00.0064039" startTime="2022-10-21T17:07:47.2805323+03:00" endTime="2022-10-21T17:07:47.2805324+03:00" testType="13cdc9d9-ddb5-4fa4-a97d-d965ccfc6d4b" outcome="Passed" testListId="8c84fa94-04c1-424b-9868-57a2d4851a1d" relativeResultsDirectory="4e585277-8059-4546-bc61-0cd3f8274d08" />
    <UnitTestResult executionId="45255ce1-62be-42fa-8f1e-efb2d11687e4" testId="37c31d65-bc3e-bedd-3bc7-c411e94ee623" testName="BL.Tests.SlopesServiceTest.TestAdminAddAutoIncrementSlopeAsync(userID: 25, slope: Slope { SlopeID = 128, SlopeName = slopeNamecb054ee2-c2b8-42fb-b1c9-8f7775410bb6, IsOpen = True, DifficultyLevel = 176, ConnectedLifts =  }, checkPermissionServiceMock: Mock&lt;ICheckPermissionService:10&gt;, slopesRepositoryStub: Mock&lt;ISlopesRepository:8&gt;, sut: SlopesService { })" computerName="DESKTOP-TJ9D65N" duration="00:00:00.0106170" startTime="2022-10-21T17:07:47.3207333+03:00" endTime="2022-10-21T17:07:47.3207334+03:00" testType="13cdc9d9-ddb5-4fa4-a97d-d965ccfc6d4b" outcome="Passed" testListId="8c84fa94-04c1-424b-9868-57a2d4851a1d" relativeResultsDirectory="45255ce1-62be-42fa-8f1e-efb2d11687e4" />
    <UnitTestResult executionId="7149d2ee-3717-4bf6-81fd-f205c9edef12" testId="eaabd2fc-2f4b-5689-59c8-c7ad34a8f634" testName="BL.Tests.CheckPermissionsServiceTests.UnauthorizedHasNoAccessToAuthorizedFunctions(functionName: &quot;SendMessageAsync&quot;)" computerName="DESKTOP-TJ9D65N" duration="00:00:00.0035380" startTime="2022-10-21T17:07:47.3276652+03:00" endTime="2022-10-21T17:07:47.3276653+03:00" testType="13cdc9d9-ddb5-4fa4-a97d-d965ccfc6d4b" outcome="Passed" testListId="8c84fa94-04c1-424b-9868-57a2d4851a1d" relativeResultsDirectory="7149d2ee-3717-4bf6-81fd-f205c9edef12" />
    <UnitTestResult executionId="fa623af6-8da3-4769-b1eb-2d937dae73b4" testId="1c65fcb0-4e33-4159-56d9-0c62435ed8a2" testName="BL.Tests.TurnstilesServiceTest.TestAdminGetTurnstileAsync(userID: 10, turnstile: Turnstile { TurnstileID = 116, LiftID = 248, IsOpen = True }, checkPermissionServiceMock: Mock&lt;ICheckPermissionService:12&gt;, turnstilesRepositoryStub: Mock&lt;ITurnstilesRepository:6&gt;, sut: TurnstilesService { })" computerName="DESKTOP-TJ9D65N" duration="00:00:00.0045261" startTime="2022-10-21T17:07:47.2805444+03:00" endTime="2022-10-21T17:07:47.2805444+03:00" testType="13cdc9d9-ddb5-4fa4-a97d-d965ccfc6d4b" outcome="Passed" testListId="8c84fa94-04c1-424b-9868-57a2d4851a1d" relativeResultsDirectory="fa623af6-8da3-4769-b1eb-2d937dae73b4" />
    <UnitTestResult executionId="b646724a-2693-4524-a8e3-8d90f154864c" testId="18fa8c62-e27d-e1fc-8182-4d7db62b008d" testName="BL.Tests.UsersServiceTests.TestAdminDeleteUser" computerName="DESKTOP-TJ9D65N" duration="00:00:00.0026944" startTime="2022-10-21T17:07:47.4708133+03:00" endTime="2022-10-21T17:07:47.4708134+03:00" testType="13cdc9d9-ddb5-4fa4-a97d-d965ccfc6d4b" outcome="Passed" testListId="8c84fa94-04c1-424b-9868-57a2d4851a1d" relativeResultsDirectory="b646724a-2693-4524-a8e3-8d90f154864c" />
    <UnitTestResult executionId="9e83cf71-13b1-492a-af4b-5ac13fe23d93" testId="f44a1b21-8efc-bfac-63b4-d534442def31" testName="BL.Tests.UsersServiceTests.TestRegisterUserWithNoPassword" computerName="DESKTOP-TJ9D65N" duration="00:00:00.0017202" startTime="2022-10-21T17:07:47.3092904+03:00" endTime="2022-10-21T17:07:47.3092906+03:00" testType="13cdc9d9-ddb5-4fa4-a97d-d965ccfc6d4b" outcome="Passed" testListId="8c84fa94-04c1-424b-9868-57a2d4851a1d" relativeResultsDirectory="9e83cf71-13b1-492a-af4b-5ac13fe23d93" />
    <UnitTestResult executionId="9184bd76-3e08-41ff-885a-af77a2d0eb18" testId="e429852d-a6ed-7c2a-25fd-cd839b159d56" testName="BL.Tests.LiftsSlopesServiceTests.TestGetLiftsSlopesInfoAsync(liftsSlopes: [LiftSlope { RecordID = 229, LiftID = 149, SlopeID = 169 }, LiftSlope { RecordID = 54, LiftID = 72, SlopeID = 123 }, LiftSlope { RecordID = 118, LiftID = 108, SlopeID = 200 }], slopesRepositoryStub: Mock&lt;ISlopesRepository:1&gt;, liftsRepositoryStub: Mock&lt;ILiftsRepository:6&gt;, liftsSlopesRepositoryStub: Mock&lt;ILiftsSlopesRepository:6&gt;)" computerName="DESKTOP-TJ9D65N" duration="00:00:00.0577084" startTime="2022-10-21T17:07:47.2188242+03:00" endTime="2022-10-21T17:07:47.2188242+03:00" testType="13cdc9d9-ddb5-4fa4-a97d-d965ccfc6d4b" outcome="Passed" testListId="8c84fa94-04c1-424b-9868-57a2d4851a1d" relativeResultsDirectory="9184bd76-3e08-41ff-885a-af77a2d0eb18" />
    <UnitTestResult executionId="51add077-206d-4e5e-8567-11b67d80967c" testId="387c9729-48c1-486e-5e67-f5d11a9f0db8" testName="BL.Tests.CheckPermissionsServiceTests.UnauthorizedHasNoAccessToAdminSkiPatrolFunctions(functionName: &quot;GetLiftsSlopesInfoAsync&quot;)" computerName="DESKTOP-TJ9D65N" duration="00:00:00.0017465" startTime="2022-10-21T17:07:47.2804396+03:00" endTime="2022-10-21T17:07:47.2804396+03:00" testType="13cdc9d9-ddb5-4fa4-a97d-d965ccfc6d4b" outcome="Passed" testListId="8c84fa94-04c1-424b-9868-57a2d4851a1d" relativeResultsDirectory="51add077-206d-4e5e-8567-11b67d80967c" />
    <UnitTestResult executionId="7991a5c0-6f00-4e8a-a410-577073b67c6f" testId="d1e7e7f3-2f6b-570a-4312-bd8fce3a4ce2" testName="BL.Tests.TurnstilesServiceTest.TestAdminDeleteTurnstileAsync(userID: 33, turnstile: Turnstile { TurnstileID = 231, LiftID = 22, IsOpen = True }, checkPermissionServiceMock: Mock&lt;ICheckPermissionService:15&gt;, turnstilesRepositoryStub: Mock&lt;ITurnstilesRepository:9&gt;, sut: TurnstilesService { })" computerName="DESKTOP-TJ9D65N" duration="00:00:00.0484504" startTime="2022-10-21T17:07:47.2187664+03:00" endTime="2022-10-21T17:07:47.2187665+03:00" testType="13cdc9d9-ddb5-4fa4-a97d-d965ccfc6d4b" outcome="Passed" testListId="8c84fa94-04c1-424b-9868-57a2d4851a1d" relativeResultsDirectory="7991a5c0-6f00-4e8a-a410-577073b67c6f" />
    <UnitTestResult executionId="6b5cb708-6cee-4082-a7a2-112fbc5bb8aa" testId="a2e59116-cb53-1d70-9cb8-21c286516866" testName="BL.Tests.CheckPermissionsServiceTests.AuthorizedHasNoAccessToAdminFunctions" computerName="DESKTOP-TJ9D65N" duration="00:00:00.0030168" startTime="2022-10-21T17:07:47.4071553+03:00" endTime="2022-10-21T17:07:47.4071554+03:00" testType="13cdc9d9-ddb5-4fa4-a97d-d965ccfc6d4b" outcome="Passed" testListId="8c84fa94-04c1-424b-9868-57a2d4851a1d" relativeResultsDirectory="6b5cb708-6cee-4082-a7a2-112fbc5bb8aa" />
    <UnitTestResult executionId="941f3ad0-3bc4-4f3e-bfda-690639c0bfaf" testId="a8e71330-4da2-8e80-d8f6-71bf912b4a33" testName="BL.Tests.LiftsSlopesServiceTests.TestAdminAddAutoIncrementLiftSlopeAsync(lift: Lift { LiftID = 32, LiftName = liftName3c9cecc6-ecee-4b1d-8d78-2a35dd54f6af, IsOpen = True, SeatsAmount = 6, LiftingTime = 251, QueueTime = 189, ConnectedSlopes =  }, slope: Slope { SlopeID = 95, SlopeName = slopeName2ddbd90c-302b-4415-b5b6-32112024ef84, IsOpen = False, DifficultyLevel = 60, ConnectedLifts =  }, slopesRepositoryStub: Mock&lt;ISlopesRepository:3&gt;, liftsRepositoryStub: Mock&lt;ILiftsRepository:8&gt;, liftsSlopesRepositoryStub: Mock&lt;ILiftsSlopesRepository:8&gt;)" computerName="DESKTOP-TJ9D65N" duration="00:00:00.0101034" startTime="2022-10-21T17:07:47.2805541+03:00" endTime="2022-10-21T17:07:47.2805541+03:00" testType="13cdc9d9-ddb5-4fa4-a97d-d965ccfc6d4b" outcome="Passed" testListId="8c84fa94-04c1-424b-9868-57a2d4851a1d" relativeResultsDirectory="941f3ad0-3bc4-4f3e-bfda-690639c0bfaf" />
    <UnitTestResult executionId="19255d8a-de59-4941-b1b5-cef28babec74" testId="c4ccb3c8-b771-6869-0d72-e7daaa5e11ac" testName="BL.Tests.SlopesServiceTest.TestGetSlopesInfoAsync(userID: 161, initialSlopes: [Slope { SlopeID = 245, SlopeName = slopeName211a6307-ec45-4b9c-90bb-44d614d1f6c1, IsOpen = True, DifficultyLevel = 183, ConnectedLifts =  }, Slope { SlopeID = 110, SlopeName = slopeNamee90a3bf7-8bea-4318-bb32-fb305f46f33f, IsOpen = False, DifficultyLevel = 143, ConnectedLifts =  }, Slope { SlopeID = 92, SlopeName = slopeName19f4d327-a25b-4f27-a4da-83ac8453179c, IsOpen = True, DifficultyLevel = 25, ConnectedLifts =  }], checkPermissionServiceMock: Mock&lt;ICheckPermissionService:7&gt;, slopesRepositoryStub: Mock&lt;ISlopesRepository:5&gt;, liftsSlopesRepositoryStub: Mock&lt;ILiftsSlopesRepository:10&gt;, sut: SlopesService { })" computerName="DESKTOP-TJ9D65N" duration="00:00:00.0496843" startTime="2022-10-21T17:07:47.3899184+03:00" endTime="2022-10-21T17:07:47.3899186+03:00" testType="13cdc9d9-ddb5-4fa4-a97d-d965ccfc6d4b" outcome="Passed" testListId="8c84fa94-04c1-424b-9868-57a2d4851a1d" relativeResultsDirectory="19255d8a-de59-4941-b1b5-cef28babec74" />
    <UnitTestResult executionId="54ba955e-d499-4ed7-bf4e-0be9f2178ece" testId="9c7df5e2-1b23-ebea-889f-b78ca86b60ab" testName="BL.Tests.CheckPermissionsServiceTests.AuthorizedHasNoAccessToAdminSkiPatrolFunctions(functionName: &quot;MarkMessageReadByUserAsync&quot;)" computerName="DESKTOP-TJ9D65N" duration="00:00:00.0013055" startTime="2022-10-21T17:07:47.4401134+03:00" endTime="2022-10-21T17:07:47.4401135+03:00" testType="13cdc9d9-ddb5-4fa4-a97d-d965ccfc6d4b" outcome="Passed" testListId="8c84fa94-04c1-424b-9868-57a2d4851a1d" relativeResultsDirectory="54ba955e-d499-4ed7-bf4e-0be9f2178ece" />
    <UnitTestResult executionId="ebdbfa10-22aa-4fb6-871d-38d906ef95c3" testId="894941c1-bfa7-d8f9-c047-1e1ceefe2c2f" testName="BL.Tests.UsersServiceTests.TestRegisterUserWithRepeatedEmail" computerName="DESKTOP-TJ9D65N" duration="00:00:00.0046035" startTime="2022-10-21T17:07:47.3356977+03:00" endTime="2022-10-21T17:07:47.3356979+03:00" testType="13cdc9d9-ddb5-4fa4-a97d-d965ccfc6d4b" outcome="Passed" testListId="8c84fa94-04c1-424b-9868-57a2d4851a1d" relativeResultsDirectory="ebdbfa10-22aa-4fb6-871d-38d906ef95c3" />
    <UnitTestResult executionId="37ffd9af-2b29-4954-b4c7-efe4f2c2d52f" testId="06d0bc3a-24a0-fb7f-4277-e9ae6d21c7dd" testName="BL.Tests.UsersServiceTests.TestAdminUpdateUser" computerName="DESKTOP-TJ9D65N" duration="00:00:00.0074633" startTime="2022-10-21T17:07:47.3593912+03:00" endTime="2022-10-21T17:07:47.3593913+03:00" testType="13cdc9d9-ddb5-4fa4-a97d-d965ccfc6d4b" outcome="Passed" testListId="8c84fa94-04c1-424b-9868-57a2d4851a1d" relativeResultsDirectory="37ffd9af-2b29-4954-b4c7-efe4f2c2d52f" />
    <UnitTestResult executionId="df1c9456-1292-40a0-9f0b-5470b076a0c1" testId="69340bb6-3645-f9dd-971e-29d8b2a009bb" testName="BL.Tests.UsersServiceTests.TestLogInWithWrongPassword" computerName="DESKTOP-TJ9D65N" duration="00:00:00.0032064" startTime="2022-10-21T17:07:47.4147099+03:00" endTime="2022-10-21T17:07:47.4147102+03:00" testType="13cdc9d9-ddb5-4fa4-a97d-d965ccfc6d4b" outcome="Passed" testListId="8c84fa94-04c1-424b-9868-57a2d4851a1d" relativeResultsDirectory="df1c9456-1292-40a0-9f0b-5470b076a0c1" />
    <UnitTestResult executionId="eb0ba86d-aa74-4069-9aef-73fc4694e25a" testId="5005d488-999e-56d0-ecc3-0ca78e13f039" testName="BL.Tests.LiftsServiceTest.TestUpdateLiftInfoAsync(userID: 189, lift: Lift { LiftID = 55, LiftName = liftNamee4371989-4610-42f4-a5eb-bb3a7f4ff0f0, IsOpen = True, SeatsAmount = 156, LiftingTime = 85, QueueTime = 30, ConnectedSlopes =  }, checkPermissionServiceMock: Mock&lt;ICheckPermissionService:3&gt;, liftsRepositoryStub: Mock&lt;ILiftsRepository:3&gt;, sut: LiftsService { })" computerName="DESKTOP-TJ9D65N" duration="00:00:00.0098936" startTime="2022-10-21T17:07:47.3273236+03:00" endTime="2022-10-21T17:07:47.3273237+03:00" testType="13cdc9d9-ddb5-4fa4-a97d-d965ccfc6d4b" outcome="Passed" testListId="8c84fa94-04c1-424b-9868-57a2d4851a1d" relativeResultsDirectory="eb0ba86d-aa74-4069-9aef-73fc4694e25a" />
    <UnitTestResult executionId="c5fe9272-a41a-4fee-9677-99eac0298337" testId="0eeef75f-6e38-7893-a8fe-cff3e0a970a7" testName="BL.Tests.UsersServiceTests.TestRegisterOk" computerName="DESKTOP-TJ9D65N" duration="00:00:00.0103966" startTime="2022-10-21T17:07:47.3799468+03:00" endTime="2022-10-21T17:07:47.3799469+03:00" testType="13cdc9d9-ddb5-4fa4-a97d-d965ccfc6d4b" outcome="Passed" testListId="8c84fa94-04c1-424b-9868-57a2d4851a1d" relativeResultsDirectory="c5fe9272-a41a-4fee-9677-99eac0298337" />
    <UnitTestResult executionId="124761af-724a-4624-a1e1-ac7d02ce64fa" testId="047e30fa-f8fb-df71-e0e7-f84afa3a4b78" testName="BL.Tests.LiftsServiceTest.TestGetLiftInfoAsync(userID: 243, lift: Lift { LiftID = 151, LiftName = liftName10d4d54a-0fed-4a8a-a253-aa1d2f350c36, IsOpen = True, SeatsAmount = 140, LiftingTime = 216, QueueTime = 88, ConnectedSlopes =  }, checkPermissionServiceMock: Mock&lt;ICheckPermissionService:1&gt;, liftsRepositoryStub: Mock&lt;ILiftsRepository:1&gt;, liftsSlopesRepositoryStub: Mock&lt;ILiftsSlopesRepository:1&gt;, sut: LiftsService { })" computerName="DESKTOP-TJ9D65N" duration="00:00:00.0522736" startTime="2022-10-21T17:07:47.2136192+03:00" endTime="2022-10-21T17:07:47.2136587+03:00" testType="13cdc9d9-ddb5-4fa4-a97d-d965ccfc6d4b" outcome="Passed" testListId="8c84fa94-04c1-424b-9868-57a2d4851a1d" relativeResultsDirectory="124761af-724a-4624-a1e1-ac7d02ce64fa" />
    <UnitTestResult executionId="e82bbec5-6405-4ef9-a37b-6709f6fb6d93" testId="2602613f-c8e2-a6d9-fcf7-5b27d4a770a6" testName="BL.Tests.CheckPermissionsServiceTests.AuthorizedHasNoAccessToAdminSkiPatrolFunctions(functionName: &quot;GetMessagesAsync&quot;)" computerName="DESKTOP-TJ9D65N" duration="00:00:00.0035904" startTime="2022-10-21T17:07:47.4285125+03:00" endTime="2022-10-21T17:07:47.4285127+03:00" testType="13cdc9d9-ddb5-4fa4-a97d-d965ccfc6d4b" outcome="Passed" testListId="8c84fa94-04c1-424b-9868-57a2d4851a1d" relativeResultsDirectory="e82bbec5-6405-4ef9-a37b-6709f6fb6d93" />
    <UnitTestResult executionId="9c75e91c-0d0e-4f9d-bd79-6dc4e20875e7" testId="1ca07ad8-f799-c5d4-e7cc-34fd950198a2" testName="BL.Tests.UsersServiceTests.TestLogInOk" computerName="DESKTOP-TJ9D65N" duration="00:00:00.0038584" startTime="2022-10-21T17:07:47.3976470+03:00" endTime="2022-10-21T17:07:47.3976471+03:00" testType="13cdc9d9-ddb5-4fa4-a97d-d965ccfc6d4b" outcome="Passed" testListId="8c84fa94-04c1-424b-9868-57a2d4851a1d" relativeResultsDirectory="9c75e91c-0d0e-4f9d-bd79-6dc4e20875e7" />
    <UnitTestResult executionId="452cc238-a26e-4fdf-8fd3-d8e0a31c09c8" testId="229812f5-9a73-5335-11f5-31330d1348a5" testName="BL.Tests.CheckPermissionsServiceTests.UnauthorizedHasNoAccessToAdminSkiPatrolFunctions(functionName: &quot;GetMessagesAsync&quot;)" computerName="DESKTOP-TJ9D65N" duration="00:00:00.0019524" startTime="2022-10-21T17:07:47.3084763+03:00" endTime="2022-10-21T17:07:47.3084764+03:00" testType="13cdc9d9-ddb5-4fa4-a97d-d965ccfc6d4b" outcome="Passed" testListId="8c84fa94-04c1-424b-9868-57a2d4851a1d" relativeResultsDirectory="452cc238-a26e-4fdf-8fd3-d8e0a31c09c8" />
  </Results>
  <TestDefinitions>
    <UnitTest name="BL.Tests.CheckPermissionsServiceTests.AuthorizedHasNoAccessToAdminSkiPatrolFunctions(functionName: &quot;MarkMessageReadByUserAsync&quot;)" storage="/mnt/c/users/alena/desktop/7_sem/testing_and_debugging/skiresort/bl.tests/bin/debug/net6.0/bl.tests.dll" id="9c7df5e2-1b23-ebea-889f-b78ca86b60ab">
      <Execution id="54ba955e-d499-4ed7-bf4e-0be9f2178ece" />
      <TestMethod codeBase="/mnt/c/Users/alena/Desktop/7_sem/testing_and_debugging/SkiResort/BL.Tests/bin/Debug/net6.0/BL.Tests.dll" adapterTypeName="executor://xunit/VsTestRunner2/netcoreapp" className="BL.Tests.CheckPermissionsServiceTests" name="AuthorizedHasNoAccessToAdminSkiPatrolFunctions" />
    </UnitTest>
    <UnitTest name="BL.Tests.LiftsServiceTest.TestAdminAddAutoIncrementLiftAsync(userID: 11, lift: Lift { LiftID = 152, LiftName = liftName13abb0b5-7057-43f3-b116-b41155a27ad0, IsOpen = True, SeatsAmount = 67, LiftingTime = 42, QueueTime = 251, ConnectedSlopes =  }, checkPermissionServiceMock: Mock&lt;ICheckPermissionService:5&gt;, liftsRepositoryStub: Mock&lt;ILiftsRepository:5&gt;, sut: LiftsService { })" storage="/mnt/c/users/alena/desktop/7_sem/testing_and_debugging/skiresort/bl.tests/bin/debug/net6.0/bl.tests.dll" id="34e300d9-9793-827a-47e7-a3981d9c0e02">
      <Execution id="cbd2c5c4-0907-4dc8-a9c5-6f65eb163354" />
      <TestMethod codeBase="/mnt/c/Users/alena/Desktop/7_sem/testing_and_debugging/SkiResort/BL.Tests/bin/Debug/net6.0/BL.Tests.dll" adapterTypeName="executor://xunit/VsTestRunner2/netcoreapp" className="BL.Tests.LiftsServiceTest" name="TestAdminAddAutoIncrementLiftAsync" />
    </UnitTest>
    <UnitTest name="BL.Tests.CheckPermissionsServiceTests.UnauthorizedHasNoAccessToAdminSkiPatrolFunctions(functionName: &quot;MarkMessageReadByUserAsync&quot;)" storage="/mnt/c/users/alena/desktop/7_sem/testing_and_debugging/skiresort/bl.tests/bin/debug/net6.0/bl.tests.dll" id="a19a5fcf-c5d2-7d44-5d7d-84403042f4e0">
      <Execution id="02993180-5445-40f9-9f3e-994b8aee472a" />
      <TestMethod codeBase="/mnt/c/Users/alena/Desktop/7_sem/testing_and_debugging/SkiResort/BL.Tests/bin/Debug/net6.0/BL.Tests.dll" adapterTypeName="executor://xunit/VsTestRunner2/netcoreapp" className="BL.Tests.CheckPermissionsServiceTests" name="UnauthorizedHasNoAccessToAdminSkiPatrolFunctions" />
    </UnitTest>
    <UnitTest name="BL.Tests.CheckPermissionsServiceTests.AuthorizedHasNoAccessToAdminSkiPatrolFunctions(functionName: &quot;GetMessagesAsync&quot;)" storage="/mnt/c/users/alena/desktop/7_sem/testing_and_debugging/skiresort/bl.tests/bin/debug/net6.0/bl.tests.dll" id="2602613f-c8e2-a6d9-fcf7-5b27d4a770a6">
      <Execution id="e82bbec5-6405-4ef9-a37b-6709f6fb6d93" />
      <TestMethod codeBase="/mnt/c/Users/alena/Desktop/7_sem/testing_and_debugging/SkiResort/BL.Tests/bin/Debug/net6.0/BL.Tests.dll" adapterTypeName="executor://xunit/VsTestRunner2/netcoreapp" className="BL.Tests.CheckPermissionsServiceTests" name="AuthorizedHasNoAccessToAdminSkiPatrolFunctions" />
    </UnitTest>
    <UnitTest name="BL.Tests.CheckPermissionsServiceTests.AuthorizedHasNoAccessToAdminFunctions" storage="/mnt/c/users/alena/desktop/7_sem/testing_and_debugging/skiresort/bl.tests/bin/debug/net6.0/bl.tests.dll" id="a2e59116-cb53-1d70-9cb8-21c286516866">
      <Execution id="6b5cb708-6cee-4082-a7a2-112fbc5bb8aa" />
      <TestMethod codeBase="/mnt/c/Users/alena/Desktop/7_sem/testing_and_debugging/SkiResort/BL.Tests/bin/Debug/net6.0/BL.Tests.dll" adapterTypeName="executor://xunit/VsTestRunner2/netcoreapp" className="BL.Tests.CheckPermissionsServiceTests" name="AuthorizedHasNoAccessToAdminFunctions" />
    </UnitTest>
    <UnitTest name="BL.Tests.CheckPermissionsServiceTests.SkiPatrolHasAccessToAdminSkiPatrolFunctions(functionName: &quot;GetMessagesAsync&quot;)" storage="/mnt/c/users/alena/desktop/7_sem/testing_and_debugging/skiresort/bl.tests/bin/debug/net6.0/bl.tests.dll" id="c36970dc-93f7-753e-fa47-157133b01644">
      <Execution id="2189feec-e047-4199-868b-ff72ed3c2b6a" />
      <TestMethod codeBase="/mnt/c/Users/alena/Desktop/7_sem/testing_and_debugging/SkiResort/BL.Tests/bin/Debug/net6.0/BL.Tests.dll" adapterTypeName="executor://xunit/VsTestRunner2/netcoreapp" className="BL.Tests.CheckPermissionsServiceTests" name="SkiPatrolHasAccessToAdminSkiPatrolFunctions" />
    </UnitTest>
    <UnitTest name="BL.Tests.CheckPermissionsServiceTests.AdminHasAccessToAllFunctions" storage="/mnt/c/users/alena/desktop/7_sem/testing_and_debugging/skiresort/bl.tests/bin/debug/net6.0/bl.tests.dll" id="f3efc418-a8a6-c7b7-9bac-90b33aa8472f">
      <Execution id="7ebcf458-c138-43d3-ad69-5ebe175037d5" />
      <TestMethod codeBase="/mnt/c/Users/alena/Desktop/7_sem/testing_and_debugging/SkiResort/BL.Tests/bin/Debug/net6.0/BL.Tests.dll" adapterTypeName="executor://xunit/VsTestRunner2/netcoreapp" className="BL.Tests.CheckPermissionsServiceTests" name="AdminHasAccessToAllFunctions" />
    </UnitTest>
    <UnitTest name="BL.Tests.UsersServiceTests.TestRegisterUserWithNoPassword" storage="/mnt/c/users/alena/desktop/7_sem/testing_and_debugging/skiresort/bl.tests/bin/debug/net6.0/bl.tests.dll" id="f44a1b21-8efc-bfac-63b4-d534442def31">
      <Execution id="9e83cf71-13b1-492a-af4b-5ac13fe23d93" />
      <TestMethod codeBase="/mnt/c/Users/alena/Desktop/7_sem/testing_and_debugging/SkiResort/BL.Tests/bin/Debug/net6.0/BL.Tests.dll" adapterTypeName="executor://xunit/VsTestRunner2/netcoreapp" className="BL.Tests.UsersServiceTests" name="TestRegisterUserWithNoPassword" />
    </UnitTest>
    <UnitTest name="BL.Tests.SlopesServiceTest.TestGetSlopesInfoAsync(userID: 161, initialSlopes: [Slope { SlopeID = 245, SlopeName = slopeName211a6307-ec45-4b9c-90bb-44d614d1f6c1, IsOpen = True, DifficultyLevel = 183, ConnectedLifts =  }, Slope { SlopeID = 110, SlopeName = slopeNamee90a3bf7-8bea-4318-bb32-fb305f46f33f, IsOpen = False, DifficultyLevel = 143, ConnectedLifts =  }, Slope { SlopeID = 92, SlopeName = slopeName19f4d327-a25b-4f27-a4da-83ac8453179c, I..." storage="/mnt/c/users/alena/desktop/7_sem/testing_and_debugging/skiresort/bl.tests/bin/debug/net6.0/bl.tests.dll" id="c4ccb3c8-b771-6869-0d72-e7daaa5e11ac">
      <Execution id="19255d8a-de59-4941-b1b5-cef28babec74" />
      <TestMethod codeBase="/mnt/c/Users/alena/Desktop/7_sem/testing_and_debugging/SkiResort/BL.Tests/bin/Debug/net6.0/BL.Tests.dll" adapterTypeName="executor://xunit/VsTestRunner2/netcoreapp" className="BL.Tests.SlopesServiceTest" name="TestGetSlopesInfoAsync" />
    </UnitTest>
    <UnitTest name="BL.Tests.TurnstilesServiceTest.TestAdminDeleteTurnstileAsync(userID: 33, turnstile: Turnstile { TurnstileID = 231, LiftID = 22, IsOpen = True }, checkPermissionServiceMock: Mock&lt;ICheckPermissionService:15&gt;, turnstilesRepositoryStub: Mock&lt;ITurnstilesRepository:9&gt;, sut: TurnstilesService { })" storage="/mnt/c/users/alena/desktop/7_sem/testing_and_debugging/skiresort/bl.tests/bin/debug/net6.0/bl.tests.dll" id="d1e7e7f3-2f6b-570a-4312-bd8fce3a4ce2">
      <Execution id="7991a5c0-6f00-4e8a-a410-577073b67c6f" />
      <TestMethod codeBase="/mnt/c/Users/alena/Desktop/7_sem/testing_and_debugging/SkiResort/BL.Tests/bin/Debug/net6.0/BL.Tests.dll" adapterTypeName="executor://xunit/VsTestRunner2/netcoreapp" className="BL.Tests.TurnstilesServiceTest" name="TestAdminDeleteTurnstileAsync" />
    </UnitTest>
    <UnitTest name="BL.Tests.UsersServiceTests.TestAdminGetUserByIDAsync" storage="/mnt/c/users/alena/desktop/7_sem/testing_and_debugging/skiresort/bl.tests/bin/debug/net6.0/bl.tests.dll" id="e5497347-2721-b7a6-0bd4-69a9921f6947">
      <Execution id="f4ba29bf-7315-49f9-8eb1-a16fba996b33" />
      <TestMethod codeBase="/mnt/c/Users/alena/Desktop/7_sem/testing_and_debugging/SkiResort/BL.Tests/bin/Debug/net6.0/BL.Tests.dll" adapterTypeName="executor://xunit/VsTestRunner2/netcoreapp" className="BL.Tests.UsersServiceTests" name="TestAdminGetUserByIDAsync" />
    </UnitTest>
    <UnitTest name="BL.Tests.TurnstilesServiceTest.TestAdminAddAutoIncrementTurnstileAsync(userID: 248, turnstile: Turnstile { TurnstileID = 148, LiftID = 178, IsOpen = True }, checkPermissionServiceMock: Mock&lt;ICheckPermissionService:16&gt;, turnstilesRepositoryStub: Mock&lt;ITurnstilesRepository:10&gt;, sut: TurnstilesService { })" storage="/mnt/c/users/alena/desktop/7_sem/testing_and_debugging/skiresort/bl.tests/bin/debug/net6.0/bl.tests.dll" id="ea748889-2fbd-c097-62ed-f21a5e84a645">
      <Execution id="a699d046-f384-4328-b87c-5a4fe84ef28b" />
      <TestMethod codeBase="/mnt/c/Users/alena/Desktop/7_sem/testing_and_debugging/SkiResort/BL.Tests/bin/Debug/net6.0/BL.Tests.dll" adapterTypeName="executor://xunit/VsTestRunner2/netcoreapp" className="BL.Tests.TurnstilesServiceTest" name="TestAdminAddAutoIncrementTurnstileAsync" />
    </UnitTest>
    <UnitTest name="BL.Tests.SlopesServiceTest.TestAdminAddAutoIncrementSlopeAsync(userID: 25, slope: Slope { SlopeID = 128, SlopeName = slopeNamecb054ee2-c2b8-42fb-b1c9-8f7775410bb6, IsOpen = True, DifficultyLevel = 176, ConnectedLifts =  }, checkPermissionServiceMock: Mock&lt;ICheckPermissionService:10&gt;, slopesRepositoryStub: Mock&lt;ISlopesRepository:8&gt;, sut: SlopesService { })" storage="/mnt/c/users/alena/desktop/7_sem/testing_and_debugging/skiresort/bl.tests/bin/debug/net6.0/bl.tests.dll" id="37c31d65-bc3e-bedd-3bc7-c411e94ee623">
      <Execution id="45255ce1-62be-42fa-8f1e-efb2d11687e4" />
      <TestMethod codeBase="/mnt/c/Users/alena/Desktop/7_sem/testing_and_debugging/SkiResort/BL.Tests/bin/Debug/net6.0/BL.Tests.dll" adapterTypeName="executor://xunit/VsTestRunner2/netcoreapp" className="BL.Tests.SlopesServiceTest" name="TestAdminAddAutoIncrementSlopeAsync" />
    </UnitTest>
    <UnitTest name="BL.Tests.LiftsSlopesServiceTests.TestAdminAddAutoIncrementLiftSlopeAsync(lift: Lift { LiftID = 32, LiftName = liftName3c9cecc6-ecee-4b1d-8d78-2a35dd54f6af, IsOpen = True, SeatsAmount = 6, LiftingTime = 251, QueueTime = 189, ConnectedSlopes =  }, slope: Slope { SlopeID = 95, SlopeName = slopeName2ddbd90c-302b-4415-b5b6-32112024ef84, IsOpen = False, DifficultyLevel = 60, ConnectedLifts =  }, slopesRepositoryStub: Mock&lt;ISlopesRepository:3&gt;, li..." storage="/mnt/c/users/alena/desktop/7_sem/testing_and_debugging/skiresort/bl.tests/bin/debug/net6.0/bl.tests.dll" id="a8e71330-4da2-8e80-d8f6-71bf912b4a33">
      <Execution id="941f3ad0-3bc4-4f3e-bfda-690639c0bfaf" />
      <TestMethod codeBase="/mnt/c/Users/alena/Desktop/7_sem/testing_and_debugging/SkiResort/BL.Tests/bin/Debug/net6.0/BL.Tests.dll" adapterTypeName="executor://xunit/VsTestRunner2/netcoreapp" className="BL.Tests.LiftsSlopesServiceTests" name="TestAdminAddAutoIncrementLiftSlopeAsync" />
    </UnitTest>
    <UnitTest name="BL.Tests.LiftsServiceTest.TestGetLiftsInfoAsync(userID: 193, initialLifts: [Lift { LiftID = 164, LiftName = liftName2b109f6a-1769-4b39-91f0-7f4706e2350f, IsOpen = True, SeatsAmount = 150, LiftingTime = 252, QueueTime = 33, ConnectedSlopes =  }, Lift { LiftID = 213, LiftName = liftNamee26020e6-b0f0-4e4b-bc57-fcad0cbd7332, IsOpen = False, SeatsAmount = 126, LiftingTime = 68, QueueTime = 253, ConnectedSlopes =  }, Lift { LiftID = 198, LiftName..." storage="/mnt/c/users/alena/desktop/7_sem/testing_and_debugging/skiresort/bl.tests/bin/debug/net6.0/bl.tests.dll" id="7f0b96d2-2276-2c21-deb1-2969dccf631e">
      <Execution id="968dfb22-bdf1-431c-9d44-99e01df8c9e8" />
      <TestMethod codeBase="/mnt/c/Users/alena/Desktop/7_sem/testing_and_debugging/SkiResort/BL.Tests/bin/Debug/net6.0/BL.Tests.dll" adapterTypeName="executor://xunit/VsTestRunner2/netcoreapp" className="BL.Tests.LiftsServiceTest" name="TestGetLiftsInfoAsync" />
    </UnitTest>
    <UnitTest name="BL.Tests.TurnstilesServiceTest.TestAdminUpdateTurnstileAsync(userID: 153, turnstile: Turnstile { TurnstileID = 197, LiftID = 183, IsOpen = True }, checkPermissionServiceMock: Mock&lt;ICheckPermissionService:14&gt;, turnstilesRepositoryStub: Mock&lt;ITurnstilesRepository:8&gt;, sut: TurnstilesService { })" storage="/mnt/c/users/alena/desktop/7_sem/testing_and_debugging/skiresort/bl.tests/bin/debug/net6.0/bl.tests.dll" id="1313fbb3-7410-f715-a8b2-308f5b7e8ce3">
      <Execution id="96ec9bb2-4bb5-4537-9c74-95870ca02ac1" />
      <TestMethod codeBase="/mnt/c/Users/alena/Desktop/7_sem/testing_and_debugging/SkiResort/BL.Tests/bin/Debug/net6.0/BL.Tests.dll" adapterTypeName="executor://xunit/VsTestRunner2/netcoreapp" className="BL.Tests.TurnstilesServiceTest" name="TestAdminUpdateTurnstileAsync" />
    </UnitTest>
    <UnitTest name="BL.Tests.UsersServiceTests.TestAdminAddAutoIncrementUser" storage="/mnt/c/users/alena/desktop/7_sem/testing_and_debugging/skiresort/bl.tests/bin/debug/net6.0/bl.tests.dll" id="834c739b-eca4-b36d-6a66-5a1bd75377b8">
      <Execution id="632ae6c5-b3ee-4a08-97f8-05d61e06521c" />
      <TestMethod codeBase="/mnt/c/Users/alena/Desktop/7_sem/testing_and_debugging/SkiResort/BL.Tests/bin/Debug/net6.0/BL.Tests.dll" adapterTypeName="executor://xunit/VsTestRunner2/netcoreapp" className="BL.Tests.UsersServiceTests" name="TestAdminAddAutoIncrementUser" />
    </UnitTest>
    <UnitTest name="BL.Tests.CheckPermissionsServiceTests.UnauthorizedHasNoAccessToAdminSkiPatrolFunctions(functionName: &quot;GetLiftsSlopesInfoAsync&quot;)" storage="/mnt/c/users/alena/desktop/7_sem/testing_and_debugging/skiresort/bl.tests/bin/debug/net6.0/bl.tests.dll" id="387c9729-48c1-486e-5e67-f5d11a9f0db8">
      <Execution id="51add077-206d-4e5e-8567-11b67d80967c" />
      <TestMethod codeBase="/mnt/c/Users/alena/Desktop/7_sem/testing_and_debugging/SkiResort/BL.Tests/bin/Debug/net6.0/BL.Tests.dll" adapterTypeName="executor://xunit/VsTestRunner2/netcoreapp" className="BL.Tests.CheckPermissionsServiceTests" name="UnauthorizedHasNoAccessToAdminSkiPatrolFunctions" />
    </UnitTest>
    <UnitTest name="BL.Tests.CheckPermissionsServiceTests.SkiPatrolHasAccessToAdminSkiPatrolFunctions(functionName: &quot;MarkMessageReadByUserAsync&quot;)" storage="/mnt/c/users/alena/desktop/7_sem/testing_and_debugging/skiresort/bl.tests/bin/debug/net6.0/bl.tests.dll" id="60bd668f-04df-da5e-b79b-5d9aedb5234d">
      <Execution id="34106c60-6a83-4b28-9e31-6c9b47c5a558" />
      <TestMethod codeBase="/mnt/c/Users/alena/Desktop/7_sem/testing_and_debugging/SkiResort/BL.Tests/bin/Debug/net6.0/BL.Tests.dll" adapterTypeName="executor://xunit/VsTestRunner2/netcoreapp" className="BL.Tests.CheckPermissionsServiceTests" name="SkiPatrolHasAccessToAdminSkiPatrolFunctions" />
    </UnitTest>
    <UnitTest name="BL.Tests.SlopesServiceTest.TestAdminDeleteSlopeAsync(userID: 231, slope: Slope { SlopeID = 23, SlopeName = slopeName4180dcb6-7b18-4df5-951e-7faeb4b76a4f, IsOpen = True, DifficultyLevel = 253, ConnectedLifts =  }, checkPermissionServiceMock: Mock&lt;ICheckPermissionService:9&gt;, slopesRepositoryStub: Mock&lt;ISlopesRepository:7&gt;, liftsSlopesRepositoryStub: Mock&lt;ILiftsSlopesRepository:12&gt;, sut: SlopesService { })" storage="/mnt/c/users/alena/desktop/7_sem/testing_and_debugging/skiresort/bl.tests/bin/debug/net6.0/bl.tests.dll" id="efcb9a2f-e42a-0fbe-0ff8-460f354eb08f">
      <Execution id="4e585277-8059-4546-bc61-0cd3f8274d08" />
      <TestMethod codeBase="/mnt/c/Users/alena/Desktop/7_sem/testing_and_debugging/SkiResort/BL.Tests/bin/Debug/net6.0/BL.Tests.dll" adapterTypeName="executor://xunit/VsTestRunner2/netcoreapp" className="BL.Tests.SlopesServiceTest" name="TestAdminDeleteSlopeAsync" />
    </UnitTest>
    <UnitTest name="BL.Tests.CheckPermissionsServiceTests.UnauthorizedHasNoAccessToAdminFunctions" storage="/mnt/c/users/alena/desktop/7_sem/testing_and_debugging/skiresort/bl.tests/bin/debug/net6.0/bl.tests.dll" id="e2d7e5be-3dae-33ae-fb17-c704b6fd58d6">
      <Execution id="8a30af81-2c00-4975-8a44-66340a730b05" />
      <TestMethod codeBase="/mnt/c/Users/alena/Desktop/7_sem/testing_and_debugging/SkiResort/BL.Tests/bin/Debug/net6.0/BL.Tests.dll" adapterTypeName="executor://xunit/VsTestRunner2/netcoreapp" className="BL.Tests.CheckPermissionsServiceTests" name="UnauthorizedHasNoAccessToAdminFunctions" />
    </UnitTest>
    <UnitTest name="BL.Tests.UsersServiceTests.TestLogInWithWrongPassword" storage="/mnt/c/users/alena/desktop/7_sem/testing_and_debugging/skiresort/bl.tests/bin/debug/net6.0/bl.tests.dll" id="69340bb6-3645-f9dd-971e-29d8b2a009bb">
      <Execution id="df1c9456-1292-40a0-9f0b-5470b076a0c1" />
      <TestMethod codeBase="/mnt/c/Users/alena/Desktop/7_sem/testing_and_debugging/SkiResort/BL.Tests/bin/Debug/net6.0/BL.Tests.dll" adapterTypeName="executor://xunit/VsTestRunner2/netcoreapp" className="BL.Tests.UsersServiceTests" name="TestLogInWithWrongPassword" />
    </UnitTest>
    <UnitTest name="BL.Tests.CheckPermissionsServiceTests.SkiPatrolHasAccessToAdminSkiPatrolFunctions(functionName: &quot;GetLiftsSlopesInfoAsync&quot;)" storage="/mnt/c/users/alena/desktop/7_sem/testing_and_debugging/skiresort/bl.tests/bin/debug/net6.0/bl.tests.dll" id="2d706594-f2b3-b3c8-21d4-86c9798c3306">
      <Execution id="45c7c389-b8ab-49ec-a37d-272a0bf512b3" />
      <TestMethod codeBase="/mnt/c/Users/alena/Desktop/7_sem/testing_and_debugging/SkiResort/BL.Tests/bin/Debug/net6.0/BL.Tests.dll" adapterTypeName="executor://xunit/VsTestRunner2/netcoreapp" className="BL.Tests.CheckPermissionsServiceTests" name="SkiPatrolHasAccessToAdminSkiPatrolFunctions" />
    </UnitTest>
    <UnitTest name="BL.Tests.CheckPermissionsServiceTests.SkiPatrolHasNoAccessToAdminFunctions" storage="/mnt/c/users/alena/desktop/7_sem/testing_and_debugging/skiresort/bl.tests/bin/debug/net6.0/bl.tests.dll" id="492c0393-35b4-df26-a537-21ca08302f3c">
      <Execution id="d95920e1-ec34-450c-befb-a6c90e1a336a" />
      <TestMethod codeBase="/mnt/c/Users/alena/Desktop/7_sem/testing_and_debugging/SkiResort/BL.Tests/bin/Debug/net6.0/BL.Tests.dll" adapterTypeName="executor://xunit/VsTestRunner2/netcoreapp" className="BL.Tests.CheckPermissionsServiceTests" name="SkiPatrolHasNoAccessToAdminFunctions" />
    </UnitTest>
    <UnitTest name="BL.Tests.UsersServiceTests.TestAdminDeleteUser" storage="/mnt/c/users/alena/desktop/7_sem/testing_and_debugging/skiresort/bl.tests/bin/debug/net6.0/bl.tests.dll" id="18fa8c62-e27d-e1fc-8182-4d7db62b008d">
      <Execution id="b646724a-2693-4524-a8e3-8d90f154864c" />
      <TestMethod codeBase="/mnt/c/Users/alena/Desktop/7_sem/testing_and_debugging/SkiResort/BL.Tests/bin/Debug/net6.0/BL.Tests.dll" adapterTypeName="executor://xunit/VsTestRunner2/netcoreapp" className="BL.Tests.UsersServiceTests" name="TestAdminDeleteUser" />
    </UnitTest>
    <UnitTest name="BL.Tests.LiftsServiceTest.TestGetLiftInfoAsync(userID: 243, lift: Lift { LiftID = 151, LiftName = liftName10d4d54a-0fed-4a8a-a253-aa1d2f350c36, IsOpen = True, SeatsAmount = 140, LiftingTime = 216, QueueTime = 88, ConnectedSlopes =  }, checkPermissionServiceMock: Mock&lt;ICheckPermissionService:1&gt;, liftsRepositoryStub: Mock&lt;ILiftsRepository:1&gt;, liftsSlopesRepositoryStub: Mock&lt;ILiftsSlopesRepository:1&gt;, sut: LiftsService { })" storage="/mnt/c/users/alena/desktop/7_sem/testing_and_debugging/skiresort/bl.tests/bin/debug/net6.0/bl.tests.dll" id="047e30fa-f8fb-df71-e0e7-f84afa3a4b78">
      <Execution id="124761af-724a-4624-a1e1-ac7d02ce64fa" />
      <TestMethod codeBase="/mnt/c/Users/alena/Desktop/7_sem/testing_and_debugging/SkiResort/BL.Tests/bin/Debug/net6.0/BL.Tests.dll" adapterTypeName="executor://xunit/VsTestRunner2/netcoreapp" className="BL.Tests.LiftsServiceTest" name="TestGetLiftInfoAsync" />
    </UnitTest>
    <UnitTest name="BL.Tests.TurnstilesServiceTest.TestAdminGetTurnstileAsync(userID: 10, turnstile: Turnstile { TurnstileID = 116, LiftID = 248, IsOpen = True }, checkPermissionServiceMock: Mock&lt;ICheckPermissionService:12&gt;, turnstilesRepositoryStub: Mock&lt;ITurnstilesRepository:6&gt;, sut: TurnstilesService { })" storage="/mnt/c/users/alena/desktop/7_sem/testing_and_debugging/skiresort/bl.tests/bin/debug/net6.0/bl.tests.dll" id="1c65fcb0-4e33-4159-56d9-0c62435ed8a2">
      <Execution id="fa623af6-8da3-4769-b1eb-2d937dae73b4" />
      <TestMethod codeBase="/mnt/c/Users/alena/Desktop/7_sem/testing_and_debugging/SkiResort/BL.Tests/bin/Debug/net6.0/BL.Tests.dll" adapterTypeName="executor://xunit/VsTestRunner2/netcoreapp" className="BL.Tests.TurnstilesServiceTest" name="TestAdminGetTurnstileAsync" />
    </UnitTest>
    <UnitTest name="BL.Tests.CheckPermissionsServiceTests.AuthorizedHasAccessToAuthorizedFunctions(functionName: &quot;LogOutAsync&quot;)" storage="/mnt/c/users/alena/desktop/7_sem/testing_and_debugging/skiresort/bl.tests/bin/debug/net6.0/bl.tests.dll" id="aa28a6b3-21d3-aa45-24d3-bef2facbc899">
      <Execution id="532399aa-4643-449d-a06b-d00add905d5f" />
      <TestMethod codeBase="/mnt/c/Users/alena/Desktop/7_sem/testing_and_debugging/SkiResort/BL.Tests/bin/Debug/net6.0/BL.Tests.dll" adapterTypeName="executor://xunit/VsTestRunner2/netcoreapp" className="BL.Tests.CheckPermissionsServiceTests" name="AuthorizedHasAccessToAuthorizedFunctions" />
    </UnitTest>
    <UnitTest name="BL.Tests.UsersServiceTests.TestAdminUpdateUser" storage="/mnt/c/users/alena/desktop/7_sem/testing_and_debugging/skiresort/bl.tests/bin/debug/net6.0/bl.tests.dll" id="06d0bc3a-24a0-fb7f-4277-e9ae6d21c7dd">
      <Execution id="37ffd9af-2b29-4954-b4c7-efe4f2c2d52f" />
      <TestMethod codeBase="/mnt/c/Users/alena/Desktop/7_sem/testing_and_debugging/SkiResort/BL.Tests/bin/Debug/net6.0/BL.Tests.dll" adapterTypeName="executor://xunit/VsTestRunner2/netcoreapp" className="BL.Tests.UsersServiceTests" name="TestAdminUpdateUser" />
    </UnitTest>
    <UnitTest name="BL.Tests.LiftsSlopesServiceTests.TestAdminDeleteLiftSlopeAsync(lift: Lift { LiftID = 53, LiftName = liftName6e76add1-fef8-479a-8889-359f67a8f220, IsOpen = True, SeatsAmount = 227, LiftingTime = 16, QueueTime = 157, ConnectedSlopes =  }, slope: Slope { SlopeID = 145, SlopeName = slopeName4524ce2a-37e5-4c01-9c88-b8f066703f84, IsOpen = False, DifficultyLevel = 111, ConnectedLifts =  }, slopesRepositoryStub: Mock&lt;ISlopesRepository:2&gt;, liftsRepo..." storage="/mnt/c/users/alena/desktop/7_sem/testing_and_debugging/skiresort/bl.tests/bin/debug/net6.0/bl.tests.dll" id="2321244b-8de0-56de-edba-1377795d6b05">
      <Execution id="6d86c8ac-ab14-4dbe-ada7-4980e716d8a3" />
      <TestMethod codeBase="/mnt/c/Users/alena/Desktop/7_sem/testing_and_debugging/SkiResort/BL.Tests/bin/Debug/net6.0/BL.Tests.dll" adapterTypeName="executor://xunit/VsTestRunner2/netcoreapp" className="BL.Tests.LiftsSlopesServiceTests" name="TestAdminDeleteLiftSlopeAsync" />
    </UnitTest>
    <UnitTest name="BL.Tests.UsersServiceTests.TestLogInOk" storage="/mnt/c/users/alena/desktop/7_sem/testing_and_debugging/skiresort/bl.tests/bin/debug/net6.0/bl.tests.dll" id="1ca07ad8-f799-c5d4-e7cc-34fd950198a2">
      <Execution id="9c75e91c-0d0e-4f9d-bd79-6dc4e20875e7" />
      <TestMethod codeBase="/mnt/c/Users/alena/Desktop/7_sem/testing_and_debugging/SkiResort/BL.Tests/bin/Debug/net6.0/BL.Tests.dll" adapterTypeName="executor://xunit/VsTestRunner2/netcoreapp" className="BL.Tests.UsersServiceTests" name="TestLogInOk" />
    </UnitTest>
    <UnitTest name="BL.Tests.UsersServiceTests.TestAdminGetUsers" storage="/mnt/c/users/alena/desktop/7_sem/testing_and_debugging/skiresort/bl.tests/bin/debug/net6.0/bl.tests.dll" id="20ad8570-0170-85de-dcd7-2f109dd7bcd6">
      <Execution id="20bae793-a102-4a01-82f7-10a2b90b7664" />
      <TestMethod codeBase="/mnt/c/Users/alena/Desktop/7_sem/testing_and_debugging/SkiResort/BL.Tests/bin/Debug/net6.0/BL.Tests.dll" adapterTypeName="executor://xunit/VsTestRunner2/netcoreapp" className="BL.Tests.UsersServiceTests" name="TestAdminGetUsers" />
    </UnitTest>
    <UnitTest name="BL.Tests.CheckPermissionsServiceTests.UnauthorizedHasNoAccessToAdminSkiPatrolFunctions(functionName: &quot;GetMessagesAsync&quot;)" storage="/mnt/c/users/alena/desktop/7_sem/testing_and_debugging/skiresort/bl.tests/bin/debug/net6.0/bl.tests.dll" id="229812f5-9a73-5335-11f5-31330d1348a5">
      <Execution id="452cc238-a26e-4fdf-8fd3-d8e0a31c09c8" />
      <TestMethod codeBase="/mnt/c/Users/alena/Desktop/7_sem/testing_and_debugging/SkiResort/BL.Tests/bin/Debug/net6.0/BL.Tests.dll" adapterTypeName="executor://xunit/VsTestRunner2/netcoreapp" className="BL.Tests.CheckPermissionsServiceTests" name="UnauthorizedHasNoAccessToAdminSkiPatrolFunctions" />
    </UnitTest>
    <UnitTest name="BL.Tests.SlopesServiceTest.TestUpdateSlopeInfoAsync(userID: 170, slope: Slope { SlopeID = 27, SlopeName = slopeName9b8779cd-7799-43fa-8993-6ffb19748b23, IsOpen = True, DifficultyLevel = 200, ConnectedLifts =  }, checkPermissionServiceMock: Mock&lt;ICheckPermissionService:8&gt;, slopesRepositoryStub: Mock&lt;ISlopesRepository:6&gt;, sut: SlopesService { })" storage="/mnt/c/users/alena/desktop/7_sem/testing_and_debugging/skiresort/bl.tests/bin/debug/net6.0/bl.tests.dll" id="1197de9f-d045-44b8-00be-63c401925797">
      <Execution id="36f6e18f-bf04-4e24-9efd-0fd6480728c2" />
      <TestMethod codeBase="/mnt/c/Users/alena/Desktop/7_sem/testing_and_debugging/SkiResort/BL.Tests/bin/Debug/net6.0/BL.Tests.dll" adapterTypeName="executor://xunit/VsTestRunner2/netcoreapp" className="BL.Tests.SlopesServiceTest" name="TestUpdateSlopeInfoAsync" />
    </UnitTest>
    <UnitTest name="BL.Tests.CheckPermissionsServiceTests.AuthorizedHasNoAccessToAdminSkiPatrolFunctions(functionName: &quot;GetLiftsSlopesInfoAsync&quot;)" storage="/mnt/c/users/alena/desktop/7_sem/testing_and_debugging/skiresort/bl.tests/bin/debug/net6.0/bl.tests.dll" id="4f297306-d4f3-8d63-e7f4-1ac0b8c58c74">
      <Execution id="22846792-28e7-4cc5-b8fc-a5b5094049ec" />
      <TestMethod codeBase="/mnt/c/Users/alena/Desktop/7_sem/testing_and_debugging/SkiResort/BL.Tests/bin/Debug/net6.0/BL.Tests.dll" adapterTypeName="executor://xunit/VsTestRunner2/netcoreapp" className="BL.Tests.CheckPermissionsServiceTests" name="AuthorizedHasNoAccessToAdminSkiPatrolFunctions" />
    </UnitTest>
    <UnitTest name="BL.Tests.LiftsServiceTest.TestUpdateLiftInfoAsync(userID: 189, lift: Lift { LiftID = 55, LiftName = liftNamee4371989-4610-42f4-a5eb-bb3a7f4ff0f0, IsOpen = True, SeatsAmount = 156, LiftingTime = 85, QueueTime = 30, ConnectedSlopes =  }, checkPermissionServiceMock: Mock&lt;ICheckPermissionService:3&gt;, liftsRepositoryStub: Mock&lt;ILiftsRepository:3&gt;, sut: LiftsService { })" storage="/mnt/c/users/alena/desktop/7_sem/testing_and_debugging/skiresort/bl.tests/bin/debug/net6.0/bl.tests.dll" id="5005d488-999e-56d0-ecc3-0ca78e13f039">
      <Execution id="eb0ba86d-aa74-4069-9aef-73fc4694e25a" />
      <TestMethod codeBase="/mnt/c/Users/alena/Desktop/7_sem/testing_and_debugging/SkiResort/BL.Tests/bin/Debug/net6.0/BL.Tests.dll" adapterTypeName="executor://xunit/VsTestRunner2/netcoreapp" className="BL.Tests.LiftsServiceTest" name="TestUpdateLiftInfoAsync" />
    </UnitTest>
    <UnitTest name="BL.Tests.LiftsSlopesServiceTests.TestGetLiftsSlopesInfoAsync(liftsSlopes: [LiftSlope { RecordID = 229, LiftID = 149, SlopeID = 169 }, LiftSlope { RecordID = 54, LiftID = 72, SlopeID = 123 }, LiftSlope { RecordID = 118, LiftID = 108, SlopeID = 200 }], slopesRepositoryStub: Mock&lt;ISlopesRepository:1&gt;, liftsRepositoryStub: Mock&lt;ILiftsRepository:6&gt;, liftsSlopesRepositoryStub: Mock&lt;ILiftsSlopesRepository:6&gt;)" storage="/mnt/c/users/alena/desktop/7_sem/testing_and_debugging/skiresort/bl.tests/bin/debug/net6.0/bl.tests.dll" id="e429852d-a6ed-7c2a-25fd-cd839b159d56">
      <Execution id="9184bd76-3e08-41ff-885a-af77a2d0eb18" />
      <TestMethod codeBase="/mnt/c/Users/alena/Desktop/7_sem/testing_and_debugging/SkiResort/BL.Tests/bin/Debug/net6.0/BL.Tests.dll" adapterTypeName="executor://xunit/VsTestRunner2/netcoreapp" className="BL.Tests.LiftsSlopesServiceTests" name="TestGetLiftsSlopesInfoAsync" />
    </UnitTest>
    <UnitTest name="BL.Tests.UsersServiceTests.TestRegisterOk" storage="/mnt/c/users/alena/desktop/7_sem/testing_and_debugging/skiresort/bl.tests/bin/debug/net6.0/bl.tests.dll" id="0eeef75f-6e38-7893-a8fe-cff3e0a970a7">
      <Execution id="c5fe9272-a41a-4fee-9677-99eac0298337" />
      <TestMethod codeBase="/mnt/c/Users/alena/Desktop/7_sem/testing_and_debugging/SkiResort/BL.Tests/bin/Debug/net6.0/BL.Tests.dll" adapterTypeName="executor://xunit/VsTestRunner2/netcoreapp" className="BL.Tests.UsersServiceTests" name="TestRegisterOk" />
    </UnitTest>
    <UnitTest name="BL.Tests.CheckPermissionsServiceTests.AuthorizedHasAccessToAuthorizedFunctions(functionName: &quot;SendMessageAsync&quot;)" storage="/mnt/c/users/alena/desktop/7_sem/testing_and_debugging/skiresort/bl.tests/bin/debug/net6.0/bl.tests.dll" id="644ec43e-70cd-c82d-42e7-0d990be1414d">
      <Execution id="7c2d3146-8e40-4b48-ad84-c57ddf61ad91" />
      <TestMethod codeBase="/mnt/c/Users/alena/Desktop/7_sem/testing_and_debugging/SkiResort/BL.Tests/bin/Debug/net6.0/BL.Tests.dll" adapterTypeName="executor://xunit/VsTestRunner2/netcoreapp" className="BL.Tests.CheckPermissionsServiceTests" name="AuthorizedHasAccessToAuthorizedFunctions" />
    </UnitTest>
    <UnitTest name="BL.Tests.CheckPermissionsServiceTests.UnauthorizedHasNoAccessToAuthorizedFunctions(functionName: &quot;LogOutAsync&quot;)" storage="/mnt/c/users/alena/desktop/7_sem/testing_and_debugging/skiresort/bl.tests/bin/debug/net6.0/bl.tests.dll" id="fa960c5e-f989-2880-784e-8efe538c5231">
      <Execution id="cf5d7c3f-fef3-48c2-80b3-d9a7a7f8ee22" />
      <TestMethod codeBase="/mnt/c/Users/alena/Desktop/7_sem/testing_and_debugging/SkiResort/BL.Tests/bin/Debug/net6.0/BL.Tests.dll" adapterTypeName="executor://xunit/VsTestRunner2/netcoreapp" className="BL.Tests.CheckPermissionsServiceTests" name="UnauthorizedHasNoAccessToAuthorizedFunctions" />
    </UnitTest>
    <UnitTest name="BL.Tests.CheckPermissionsServiceTests.UnauthorizedHasNoAccessToAuthorizedFunctions(functionName: &quot;SendMessageAsync&quot;)" storage="/mnt/c/users/alena/desktop/7_sem/testing_and_debugging/skiresort/bl.tests/bin/debug/net6.0/bl.tests.dll" id="eaabd2fc-2f4b-5689-59c8-c7ad34a8f634">
      <Execution id="7149d2ee-3717-4bf6-81fd-f205c9edef12" />
      <TestMethod codeBase="/mnt/c/Users/alena/Desktop/7_sem/testing_and_debugging/SkiResort/BL.Tests/bin/Debug/net6.0/BL.Tests.dll" adapterTypeName="executor://xunit/VsTestRunner2/netcoreapp" className="BL.Tests.CheckPermissionsServiceTests" name="UnauthorizedHasNoAccessToAuthorizedFunctions" />
    </UnitTest>
    <UnitTest name="BL.Tests.SlopesServiceTest.TestGetSlopeInfoAsync(userID: 242, slope: Slope { SlopeID = 130, SlopeName = slopeName96b74f96-6aef-4b83-938b-b354746ee634, IsOpen = True, DifficultyLevel = 173, ConnectedLifts =  }, checkPermissionServiceMock: Mock&lt;ICheckPermissionService:6&gt;, slopesRepositoryStub: Mock&lt;ISlopesRepository:4&gt;, liftsSlopesRepositoryStub: Mock&lt;ILiftsSlopesRepository:9&gt;, sut: SlopesService { })" storage="/mnt/c/users/alena/desktop/7_sem/testing_and_debugging/skiresort/bl.tests/bin/debug/net6.0/bl.tests.dll" id="f7e423db-93e8-8b36-f54e-93a982f47927">
      <Execution id="8797018e-c3e9-49bd-886c-a1f5c43ed272" />
      <TestMethod codeBase="/mnt/c/Users/alena/Desktop/7_sem/testing_and_debugging/SkiResort/BL.Tests/bin/Debug/net6.0/BL.Tests.dll" adapterTypeName="executor://xunit/VsTestRunner2/netcoreapp" className="BL.Tests.SlopesServiceTest" name="TestGetSlopeInfoAsync" />
    </UnitTest>
    <UnitTest name="BL.Tests.SlopesServiceTest.TestAdminAddSlopeAsync(userID: 133, slope: Slope { SlopeID = 193, SlopeName = slopeNamea7b7ff94-577a-48c9-8eb1-758d3ee2be71, IsOpen = True, DifficultyLevel = 89, ConnectedLifts =  }, checkPermissionServiceMock: Mock&lt;ICheckPermissionService:11&gt;, slopesRepositoryStub: Mock&lt;ISlopesRepository:9&gt;, sut: SlopesService { })" storage="/mnt/c/users/alena/desktop/7_sem/testing_and_debugging/skiresort/bl.tests/bin/debug/net6.0/bl.tests.dll" id="1851a2c1-31d9-b5ef-c51e-9b373ce8b34f">
      <Execution id="7727e5fc-76df-4ded-9cb3-3ab72fb49dd1" />
      <TestMethod codeBase="/mnt/c/Users/alena/Desktop/7_sem/testing_and_debugging/SkiResort/BL.Tests/bin/Debug/net6.0/BL.Tests.dll" adapterTypeName="executor://xunit/VsTestRunner2/netcoreapp" className="BL.Tests.SlopesServiceTest" name="TestAdminAddSlopeAsync" />
    </UnitTest>
    <UnitTest name="BL.Tests.LiftsServiceTest.TestAdminDeleteLiftAsync(userID: 233, lift: Lift { LiftID = 217, LiftName = liftName472cfdd7-3c14-466b-a96b-9a172401b784, IsOpen = True, SeatsAmount = 138, LiftingTime = 85, QueueTime = 253, ConnectedSlopes =  }, checkPermissionServiceMock: Mock&lt;ICheckPermissionService:4&gt;, liftsRepositoryStub: Mock&lt;ILiftsRepository:4&gt;, liftsSlopesRepositoryStub: Mock&lt;ILiftsSlopesRepository:4&gt;, sut: LiftsService { })" storage="/mnt/c/users/alena/desktop/7_sem/testing_and_debugging/skiresort/bl.tests/bin/debug/net6.0/bl.tests.dll" id="6ef32045-788c-f52e-007d-ff833ba51b6a">
      <Execution id="21bdde47-0c68-4876-bc9f-989a70855ec8" />
      <TestMethod codeBase="/mnt/c/Users/alena/Desktop/7_sem/testing_and_debugging/SkiResort/BL.Tests/bin/Debug/net6.0/BL.Tests.dll" adapterTypeName="executor://xunit/VsTestRunner2/netcoreapp" className="BL.Tests.LiftsServiceTest" name="TestAdminDeleteLiftAsync" />
    </UnitTest>
    <UnitTest name="BL.Tests.UsersServiceTests.TestRegisterUserWithRepeatedEmail" storage="/mnt/c/users/alena/desktop/7_sem/testing_and_debugging/skiresort/bl.tests/bin/debug/net6.0/bl.tests.dll" id="894941c1-bfa7-d8f9-c047-1e1ceefe2c2f">
      <Execution id="ebdbfa10-22aa-4fb6-871d-38d906ef95c3" />
      <TestMethod codeBase="/mnt/c/Users/alena/Desktop/7_sem/testing_and_debugging/SkiResort/BL.Tests/bin/Debug/net6.0/BL.Tests.dll" adapterTypeName="executor://xunit/VsTestRunner2/netcoreapp" className="BL.Tests.UsersServiceTests" name="TestRegisterUserWithRepeatedEmail" />
    </UnitTest>
    <UnitTest name="BL.Tests.TurnstilesServiceTest.TestAdminGetTurnstilesAsync(userID: 23, initialTurnstiles: [Turnstile { TurnstileID = 122, LiftID = 147, IsOpen = True }, Turnstile { TurnstileID = 66, LiftID = 108, IsOpen = False }, Turnstile { TurnstileID = 154, LiftID = 62, IsOpen = True }], checkPermissionServiceMock: Mock&lt;ICheckPermissionService:13&gt;, turnstilesRepositoryStub: Mock&lt;ITurnstilesRepository:7&gt;, sut: TurnstilesService { })" storage="/mnt/c/users/alena/desktop/7_sem/testing_and_debugging/skiresort/bl.tests/bin/debug/net6.0/bl.tests.dll" id="e587eb7d-a37d-c3f4-c3cb-5e019b3f0ea0">
      <Execution id="eee8ce2b-2e83-4be1-bf58-0760a84ef2cd" />
      <TestMethod codeBase="/mnt/c/Users/alena/Desktop/7_sem/testing_and_debugging/SkiResort/BL.Tests/bin/Debug/net6.0/BL.Tests.dll" adapterTypeName="executor://xunit/VsTestRunner2/netcoreapp" className="BL.Tests.TurnstilesServiceTest" name="TestAdminGetTurnstilesAsync" />
    </UnitTest>
    <UnitTest name="BL.Tests.UsersServiceTests.TestRegisterUserWithNoEmail" storage="/mnt/c/users/alena/desktop/7_sem/testing_and_debugging/skiresort/bl.tests/bin/debug/net6.0/bl.tests.dll" id="8184bd30-991c-b78d-b4ec-99a485eac0dd">
      <Execution id="f7f06d9e-618b-48ae-b5fc-4ceac021e870" />
      <TestMethod codeBase="/mnt/c/Users/alena/Desktop/7_sem/testing_and_debugging/SkiResort/BL.Tests/bin/Debug/net6.0/BL.Tests.dll" adapterTypeName="executor://xunit/VsTestRunner2/netcoreapp" className="BL.Tests.UsersServiceTests" name="TestRegisterUserWithNoEmail" />
    </UnitTest>
  </TestDefinitions>
  <TestEntries>
    <TestEntry testId="1851a2c1-31d9-b5ef-c51e-9b373ce8b34f" executionId="7727e5fc-76df-4ded-9cb3-3ab72fb49dd1" testListId="8c84fa94-04c1-424b-9868-57a2d4851a1d" />
    <TestEntry testId="492c0393-35b4-df26-a537-21ca08302f3c" executionId="d95920e1-ec34-450c-befb-a6c90e1a336a" testListId="8c84fa94-04c1-424b-9868-57a2d4851a1d" />
    <TestEntry testId="1197de9f-d045-44b8-00be-63c401925797" executionId="36f6e18f-bf04-4e24-9efd-0fd6480728c2" testListId="8c84fa94-04c1-424b-9868-57a2d4851a1d" />
    <TestEntry testId="e5497347-2721-b7a6-0bd4-69a9921f6947" executionId="f4ba29bf-7315-49f9-8eb1-a16fba996b33" testListId="8c84fa94-04c1-424b-9868-57a2d4851a1d" />
    <TestEntry testId="644ec43e-70cd-c82d-42e7-0d990be1414d" executionId="7c2d3146-8e40-4b48-ad84-c57ddf61ad91" testListId="8c84fa94-04c1-424b-9868-57a2d4851a1d" />
    <TestEntry testId="2321244b-8de0-56de-edba-1377795d6b05" executionId="6d86c8ac-ab14-4dbe-ada7-4980e716d8a3" testListId="8c84fa94-04c1-424b-9868-57a2d4851a1d" />
    <TestEntry testId="a19a5fcf-c5d2-7d44-5d7d-84403042f4e0" executionId="02993180-5445-40f9-9f3e-994b8aee472a" testListId="8c84fa94-04c1-424b-9868-57a2d4851a1d" />
    <TestEntry testId="ea748889-2fbd-c097-62ed-f21a5e84a645" executionId="a699d046-f384-4328-b87c-5a4fe84ef28b" testListId="8c84fa94-04c1-424b-9868-57a2d4851a1d" />
    <TestEntry testId="e2d7e5be-3dae-33ae-fb17-c704b6fd58d6" executionId="8a30af81-2c00-4975-8a44-66340a730b05" testListId="8c84fa94-04c1-424b-9868-57a2d4851a1d" />
    <TestEntry testId="834c739b-eca4-b36d-6a66-5a1bd75377b8" executionId="632ae6c5-b3ee-4a08-97f8-05d61e06521c" testListId="8c84fa94-04c1-424b-9868-57a2d4851a1d" />
    <TestEntry testId="2d706594-f2b3-b3c8-21d4-86c9798c3306" executionId="45c7c389-b8ab-49ec-a37d-272a0bf512b3" testListId="8c84fa94-04c1-424b-9868-57a2d4851a1d" />
    <TestEntry testId="34e300d9-9793-827a-47e7-a3981d9c0e02" executionId="cbd2c5c4-0907-4dc8-a9c5-6f65eb163354" testListId="8c84fa94-04c1-424b-9868-57a2d4851a1d" />
    <TestEntry testId="f3efc418-a8a6-c7b7-9bac-90b33aa8472f" executionId="7ebcf458-c138-43d3-ad69-5ebe175037d5" testListId="8c84fa94-04c1-424b-9868-57a2d4851a1d" />
    <TestEntry testId="1313fbb3-7410-f715-a8b2-308f5b7e8ce3" executionId="96ec9bb2-4bb5-4537-9c74-95870ca02ac1" testListId="8c84fa94-04c1-424b-9868-57a2d4851a1d" />
    <TestEntry testId="f7e423db-93e8-8b36-f54e-93a982f47927" executionId="8797018e-c3e9-49bd-886c-a1f5c43ed272" testListId="8c84fa94-04c1-424b-9868-57a2d4851a1d" />
    <TestEntry testId="4f297306-d4f3-8d63-e7f4-1ac0b8c58c74" executionId="22846792-28e7-4cc5-b8fc-a5b5094049ec" testListId="8c84fa94-04c1-424b-9868-57a2d4851a1d" />
    <TestEntry testId="7f0b96d2-2276-2c21-deb1-2969dccf631e" executionId="968dfb22-bdf1-431c-9d44-99e01df8c9e8" testListId="8c84fa94-04c1-424b-9868-57a2d4851a1d" />
    <TestEntry testId="aa28a6b3-21d3-aa45-24d3-bef2facbc899" executionId="532399aa-4643-449d-a06b-d00add905d5f" testListId="8c84fa94-04c1-424b-9868-57a2d4851a1d" />
    <TestEntry testId="c36970dc-93f7-753e-fa47-157133b01644" executionId="2189feec-e047-4199-868b-ff72ed3c2b6a" testListId="8c84fa94-04c1-424b-9868-57a2d4851a1d" />
    <TestEntry testId="8184bd30-991c-b78d-b4ec-99a485eac0dd" executionId="f7f06d9e-618b-48ae-b5fc-4ceac021e870" testListId="8c84fa94-04c1-424b-9868-57a2d4851a1d" />
    <TestEntry testId="fa960c5e-f989-2880-784e-8efe538c5231" executionId="cf5d7c3f-fef3-48c2-80b3-d9a7a7f8ee22" testListId="8c84fa94-04c1-424b-9868-57a2d4851a1d" />
    <TestEntry testId="e587eb7d-a37d-c3f4-c3cb-5e019b3f0ea0" executionId="eee8ce2b-2e83-4be1-bf58-0760a84ef2cd" testListId="8c84fa94-04c1-424b-9868-57a2d4851a1d" />
    <TestEntry testId="6ef32045-788c-f52e-007d-ff833ba51b6a" executionId="21bdde47-0c68-4876-bc9f-989a70855ec8" testListId="8c84fa94-04c1-424b-9868-57a2d4851a1d" />
    <TestEntry testId="20ad8570-0170-85de-dcd7-2f109dd7bcd6" executionId="20bae793-a102-4a01-82f7-10a2b90b7664" testListId="8c84fa94-04c1-424b-9868-57a2d4851a1d" />
    <TestEntry testId="60bd668f-04df-da5e-b79b-5d9aedb5234d" executionId="34106c60-6a83-4b28-9e31-6c9b47c5a558" testListId="8c84fa94-04c1-424b-9868-57a2d4851a1d" />
    <TestEntry testId="efcb9a2f-e42a-0fbe-0ff8-460f354eb08f" executionId="4e585277-8059-4546-bc61-0cd3f8274d08" testListId="8c84fa94-04c1-424b-9868-57a2d4851a1d" />
    <TestEntry testId="37c31d65-bc3e-bedd-3bc7-c411e94ee623" executionId="45255ce1-62be-42fa-8f1e-efb2d11687e4" testListId="8c84fa94-04c1-424b-9868-57a2d4851a1d" />
    <TestEntry testId="eaabd2fc-2f4b-5689-59c8-c7ad34a8f634" executionId="7149d2ee-3717-4bf6-81fd-f205c9edef12" testListId="8c84fa94-04c1-424b-9868-57a2d4851a1d" />
    <TestEntry testId="1c65fcb0-4e33-4159-56d9-0c62435ed8a2" executionId="fa623af6-8da3-4769-b1eb-2d937dae73b4" testListId="8c84fa94-04c1-424b-9868-57a2d4851a1d" />
    <TestEntry testId="18fa8c62-e27d-e1fc-8182-4d7db62b008d" executionId="b646724a-2693-4524-a8e3-8d90f154864c" testListId="8c84fa94-04c1-424b-9868-57a2d4851a1d" />
    <TestEntry testId="f44a1b21-8efc-bfac-63b4-d534442def31" executionId="9e83cf71-13b1-492a-af4b-5ac13fe23d93" testListId="8c84fa94-04c1-424b-9868-57a2d4851a1d" />
    <TestEntry testId="e429852d-a6ed-7c2a-25fd-cd839b159d56" executionId="9184bd76-3e08-41ff-885a-af77a2d0eb18" testListId="8c84fa94-04c1-424b-9868-57a2d4851a1d" />
    <TestEntry testId="387c9729-48c1-486e-5e67-f5d11a9f0db8" executionId="51add077-206d-4e5e-8567-11b67d80967c" testListId="8c84fa94-04c1-424b-9868-57a2d4851a1d" />
    <TestEntry testId="d1e7e7f3-2f6b-570a-4312-bd8fce3a4ce2" executionId="7991a5c0-6f00-4e8a-a410-577073b67c6f" testListId="8c84fa94-04c1-424b-9868-57a2d4851a1d" />
    <TestEntry testId="a2e59116-cb53-1d70-9cb8-21c286516866" executionId="6b5cb708-6cee-4082-a7a2-112fbc5bb8aa" testListId="8c84fa94-04c1-424b-9868-57a2d4851a1d" />
    <TestEntry testId="a8e71330-4da2-8e80-d8f6-71bf912b4a33" executionId="941f3ad0-3bc4-4f3e-bfda-690639c0bfaf" testListId="8c84fa94-04c1-424b-9868-57a2d4851a1d" />
    <TestEntry testId="c4ccb3c8-b771-6869-0d72-e7daaa5e11ac" executionId="19255d8a-de59-4941-b1b5-cef28babec74" testListId="8c84fa94-04c1-424b-9868-57a2d4851a1d" />
    <TestEntry testId="9c7df5e2-1b23-ebea-889f-b78ca86b60ab" executionId="54ba955e-d499-4ed7-bf4e-0be9f2178ece" testListId="8c84fa94-04c1-424b-9868-57a2d4851a1d" />
    <TestEntry testId="894941c1-bfa7-d8f9-c047-1e1ceefe2c2f" executionId="ebdbfa10-22aa-4fb6-871d-38d906ef95c3" testListId="8c84fa94-04c1-424b-9868-57a2d4851a1d" />
    <TestEntry testId="06d0bc3a-24a0-fb7f-4277-e9ae6d21c7dd" executionId="37ffd9af-2b29-4954-b4c7-efe4f2c2d52f" testListId="8c84fa94-04c1-424b-9868-57a2d4851a1d" />
    <TestEntry testId="69340bb6-3645-f9dd-971e-29d8b2a009bb" executionId="df1c9456-1292-40a0-9f0b-5470b076a0c1" testListId="8c84fa94-04c1-424b-9868-57a2d4851a1d" />
    <TestEntry testId="5005d488-999e-56d0-ecc3-0ca78e13f039" executionId="eb0ba86d-aa74-4069-9aef-73fc4694e25a" testListId="8c84fa94-04c1-424b-9868-57a2d4851a1d" />
    <TestEntry testId="0eeef75f-6e38-7893-a8fe-cff3e0a970a7" executionId="c5fe9272-a41a-4fee-9677-99eac0298337" testListId="8c84fa94-04c1-424b-9868-57a2d4851a1d" />
    <TestEntry testId="047e30fa-f8fb-df71-e0e7-f84afa3a4b78" executionId="124761af-724a-4624-a1e1-ac7d02ce64fa" testListId="8c84fa94-04c1-424b-9868-57a2d4851a1d" />
    <TestEntry testId="2602613f-c8e2-a6d9-fcf7-5b27d4a770a6" executionId="e82bbec5-6405-4ef9-a37b-6709f6fb6d93" testListId="8c84fa94-04c1-424b-9868-57a2d4851a1d" />
    <TestEntry testId="1ca07ad8-f799-c5d4-e7cc-34fd950198a2" executionId="9c75e91c-0d0e-4f9d-bd79-6dc4e20875e7" testListId="8c84fa94-04c1-424b-9868-57a2d4851a1d" />
    <TestEntry testId="229812f5-9a73-5335-11f5-31330d1348a5" executionId="452cc238-a26e-4fdf-8fd3-d8e0a31c09c8" testListId="8c84fa94-04c1-424b-9868-57a2d4851a1d" />
  </TestEntries>
  <TestLists>
    <TestList name="Results Not in a List" id="8c84fa94-04c1-424b-9868-57a2d4851a1d" />
    <TestList name="All Loaded Results" id="19431567-8539-422a-85d7-44ee4e166bda" />
  </TestLists>
  <ResultSummary outcome="Completed">
    <Counters total="47" executed="47" passed="47" failed="0" error="0" timeout="0" aborted="0" inconclusive="0" passedButRunAborted="0" notRunnable="0" notExecuted="0" disconnected="0" warning="0" completed="0" inProgress="0" pending="0" />
    <Output>
      <StdOut>[xUnit.net 00:00:00.00] xUnit.net VSTest Adapter v2.4.5+1caef2f33e (64-bit .NET 6.0.10)
[xUnit.net 00:00:00.95]   Discovering: BL.Tests
[xUnit.net 00:00:01.24]   Discovered:  BL.Tests
[xUnit.net 00:00:01.24]   Starting:    BL.Tests
[xUnit.net 00:00:01.76]   Finished:    BL.Tests
</StdOut>
    </Output>
  </ResultSummary>
</TestRun>