<?xml version="1.0" encoding="utf-8"?>
<TestRun id="3fcbd8d4-b897-44dc-938e-6613d3ea489d" name="@DESKTOP-TJ9D65N 2022-10-15 23:25:48" xmlns="http://microsoft.com/schemas/VisualStudio/TeamTest/2010">
  <Times creation="2022-10-15T23:25:48.8032940+03:00" queuing="2022-10-15T23:25:48.8032948+03:00" start="2022-10-15T23:25:46.3530792+03:00" finish="2022-10-15T23:25:49.0309785+03:00" />
  <TestSettings name="default" id="73886a7b-0cd9-41db-8871-86cb6451845c">
    <Deployment runDeploymentRoot="_DESKTOP-TJ9D65N_2022-10-15_23_25_48" />
  </TestSettings>
  <Results>
    <UnitTestResult executionId="cb1b944d-dfaf-427e-abf9-3929456d54f9" testId="9c7df5e2-1b23-ebea-889f-b78ca86b60ab" testName="BL.Tests.CheckPermissionsServiceTests.AuthorizedHasNoAccessToAdminSkiPatrolFunctions(functionName: &quot;MarkMessageReadByUserAsync&quot;)" computerName="DESKTOP-TJ9D65N" duration="00:00:00.0010601" startTime="2022-10-15T23:25:48.8934246+03:00" endTime="2022-10-15T23:25:48.8934247+03:00" testType="13cdc9d9-ddb5-4fa4-a97d-d965ccfc6d4b" outcome="Passed" testListId="8c84fa94-04c1-424b-9868-57a2d4851a1d" relativeResultsDirectory="cb1b944d-dfaf-427e-abf9-3929456d54f9" />
    <UnitTestResult executionId="3a9a0871-6761-48ce-abbb-f2976c7a11e8" testId="20ad8570-0170-85de-dcd7-2f109dd7bcd6" testName="BL.Tests.UsersServiceTests.TestAdminGetUsers" computerName="DESKTOP-TJ9D65N" duration="00:00:00.0614137" startTime="2022-10-15T23:25:48.7236419+03:00" endTime="2022-10-15T23:25:48.7236420+03:00" testType="13cdc9d9-ddb5-4fa4-a97d-d965ccfc6d4b" outcome="Passed" testListId="8c84fa94-04c1-424b-9868-57a2d4851a1d" relativeResultsDirectory="3a9a0871-6761-48ce-abbb-f2976c7a11e8" />
    <UnitTestResult executionId="8ce87977-67ef-4709-bbb4-0c4c11db111a" testId="2602613f-c8e2-a6d9-fcf7-5b27d4a770a6" testName="BL.Tests.CheckPermissionsServiceTests.AuthorizedHasNoAccessToAdminSkiPatrolFunctions(functionName: &quot;GetMessagesAsync&quot;)" computerName="DESKTOP-TJ9D65N" duration="00:00:00.0031809" startTime="2022-10-15T23:25:48.8791113+03:00" endTime="2022-10-15T23:25:48.8791114+03:00" testType="13cdc9d9-ddb5-4fa4-a97d-d965ccfc6d4b" outcome="Passed" testListId="8c84fa94-04c1-424b-9868-57a2d4851a1d" relativeResultsDirectory="8ce87977-67ef-4709-bbb4-0c4c11db111a" />
    <UnitTestResult executionId="44552755-85b8-4582-bafe-d131e5951ce5" testId="948715da-836e-0ddc-36a6-427f8f4768cd" testName="BL.Tests.LiftsServiceTest.TestGetLiftInfoAsync(userID: 156, lift: Lift { LiftID = 54, LiftName = liftName9a705ca7-94c2-454a-8466-de4caa16554b, IsOpen = True, SeatsAmount = 187, LiftingTime = 163, QueueTime = 33, ConnectedSlopes =  }, checkPermissionServiceMock: Mock&lt;ICheckPermissionService:1&gt;, liftsRepositoryStub: Mock&lt;ILiftsRepository:1&gt;, liftsSlopesRepositoryStub: Mock&lt;ILiftsSlopesRepository:1&gt;, sut: LiftsService { })" computerName="DESKTOP-TJ9D65N" duration="00:00:00.0118098" startTime="2022-10-15T23:25:48.7846186+03:00" endTime="2022-10-15T23:25:48.7846187+03:00" testType="13cdc9d9-ddb5-4fa4-a97d-d965ccfc6d4b" outcome="Passed" testListId="8c84fa94-04c1-424b-9868-57a2d4851a1d" relativeResultsDirectory="44552755-85b8-4582-bafe-d131e5951ce5" />
    <UnitTestResult executionId="668d979f-7e93-4857-ba2f-70f1fe2aeaa1" testId="0eeef75f-6e38-7893-a8fe-cff3e0a970a7" testName="BL.Tests.UsersServiceTests.TestRegisterOk" computerName="DESKTOP-TJ9D65N" duration="00:00:00.0113147" startTime="2022-10-15T23:25:48.8441365+03:00" endTime="2022-10-15T23:25:48.8441366+03:00" testType="13cdc9d9-ddb5-4fa4-a97d-d965ccfc6d4b" outcome="Passed" testListId="8c84fa94-04c1-424b-9868-57a2d4851a1d" relativeResultsDirectory="668d979f-7e93-4857-ba2f-70f1fe2aeaa1" />
    <UnitTestResult executionId="12ef508f-d080-485e-a798-91ee8df09a19" testId="11c3ea0d-c51b-8833-1338-a732e9338f19" testName="BL.Tests.SlopesServiceTest.TestGetSlopeInfoAsync(userID: 126, slope: Slope { SlopeID = 134, SlopeName = slopeNamea0f206b5-854f-43d3-b3f8-fb78eb1fe810, IsOpen = True, DifficultyLevel = 242, ConnectedLifts =  }, checkPermissionServiceMock: Mock&lt;ICheckPermissionService:6&gt;, slopesRepositoryStub: Mock&lt;ISlopesRepository:4&gt;, liftsSlopesRepositoryStub: Mock&lt;ILiftsSlopesRepository:9&gt;, sut: SlopesService { })" computerName="DESKTOP-TJ9D65N" duration="00:00:00.0119756" startTime="2022-10-15T23:25:48.8905044+03:00" endTime="2022-10-15T23:25:48.8905045+03:00" testType="13cdc9d9-ddb5-4fa4-a97d-d965ccfc6d4b" outcome="Passed" testListId="8c84fa94-04c1-424b-9868-57a2d4851a1d" relativeResultsDirectory="12ef508f-d080-485e-a798-91ee8df09a19" />
    <UnitTestResult executionId="0dbbdb42-d22a-409e-97f1-b94ca1ce2adc" testId="e4daff36-d203-9276-d169-ab623c846933" testName="BL.Tests.TurnstilesServiceTest.TestAdminDeleteTurnstileAsync(userID: 226, turnstile: Turnstile { TurnstileID = 214, LiftID = 210, IsOpen = True }, checkPermissionServiceMock: Mock&lt;ICheckPermissionService:15&gt;, turnstilesRepositoryStub: Mock&lt;ITurnstilesRepository:9&gt;, sut: TurnstilesService { })" computerName="DESKTOP-TJ9D65N" duration="00:00:00.0047307" startTime="2022-10-15T23:25:48.7635560+03:00" endTime="2022-10-15T23:25:48.7635561+03:00" testType="13cdc9d9-ddb5-4fa4-a97d-d965ccfc6d4b" outcome="Passed" testListId="8c84fa94-04c1-424b-9868-57a2d4851a1d" relativeResultsDirectory="0dbbdb42-d22a-409e-97f1-b94ca1ce2adc" />
    <UnitTestResult executionId="cf11ae32-5291-4210-9162-09243274a248" testId="fa960c5e-f989-2880-784e-8efe538c5231" testName="BL.Tests.CheckPermissionsServiceTests.UnauthorizedHasNoAccessToAuthorizedFunctions(functionName: &quot;LogOutAsync&quot;)" computerName="DESKTOP-TJ9D65N" duration="00:00:00.0015366" startTime="2022-10-15T23:25:48.8019263+03:00" endTime="2022-10-15T23:25:48.8019264+03:00" testType="13cdc9d9-ddb5-4fa4-a97d-d965ccfc6d4b" outcome="Passed" testListId="8c84fa94-04c1-424b-9868-57a2d4851a1d" relativeResultsDirectory="cf11ae32-5291-4210-9162-09243274a248" />
    <UnitTestResult executionId="d35163b8-fcbb-476b-b2ab-bcebc0cb3f52" testId="b6f72858-0d87-d9b0-93d4-7aa27b23787f" testName="BL.Tests.LiftsServiceTest.TestGetLiftsInfoAsync(userID: 99, initialLifts: [Lift { LiftID = 250, LiftName = liftName604f7ef1-fda2-4898-a088-832c7fb03f41, IsOpen = True, SeatsAmount = 88, LiftingTime = 193, QueueTime = 79, ConnectedSlopes =  }, Lift { LiftID = 9, LiftName = liftName83b5e44b-77e0-4372-9d2e-b6ae94fd4af3, IsOpen = False, SeatsAmount = 214, LiftingTime = 156, QueueTime = 113, ConnectedSlopes =  }, Lift { LiftID = 234, LiftName = liftName5d0e7440-0c2b-44c5-80c7-dcd7d66b9f20, IsOpen = True, SeatsAmount = 83, LiftingTime = 21, QueueTime = 34, ConnectedSlopes =  }], checkPermissionServiceMock: Mock&lt;ICheckPermissionService:2&gt;, liftsRepositoryStub: Mock&lt;ILiftsRepository:2&gt;, liftsSlopesRepositoryStub: Mock&lt;ILiftsSlopesRepository:2&gt;, sut: LiftsService { })" computerName="DESKTOP-TJ9D65N" duration="00:00:00.0170137" startTime="2022-10-15T23:25:48.8156246+03:00" endTime="2022-10-15T23:25:48.8156247+03:00" testType="13cdc9d9-ddb5-4fa4-a97d-d965ccfc6d4b" outcome="Passed" testListId="8c84fa94-04c1-424b-9868-57a2d4851a1d" relativeResultsDirectory="d35163b8-fcbb-476b-b2ab-bcebc0cb3f52" />
    <UnitTestResult executionId="c504039e-b564-409c-9ce9-f7aba995b44e" testId="f44a1b21-8efc-bfac-63b4-d534442def31" testName="BL.Tests.UsersServiceTests.TestRegisterUserWithNoPassword" computerName="DESKTOP-TJ9D65N" duration="00:00:00.0020424" startTime="2022-10-15T23:25:48.7682097+03:00" endTime="2022-10-15T23:25:48.7682098+03:00" testType="13cdc9d9-ddb5-4fa4-a97d-d965ccfc6d4b" outcome="Passed" testListId="8c84fa94-04c1-424b-9868-57a2d4851a1d" relativeResultsDirectory="c504039e-b564-409c-9ce9-f7aba995b44e" />
    <UnitTestResult executionId="67db21c2-c7fc-4388-ae67-c3c89fc67c1c" testId="eaabd2fc-2f4b-5689-59c8-c7ad34a8f634" testName="BL.Tests.CheckPermissionsServiceTests.UnauthorizedHasNoAccessToAuthorizedFunctions(functionName: &quot;SendMessageAsync&quot;)" computerName="DESKTOP-TJ9D65N" duration="00:00:00.0034203" startTime="2022-10-15T23:25:48.7846651+03:00" endTime="2022-10-15T23:25:48.7846652+03:00" testType="13cdc9d9-ddb5-4fa4-a97d-d965ccfc6d4b" outcome="Passed" testListId="8c84fa94-04c1-424b-9868-57a2d4851a1d" relativeResultsDirectory="67db21c2-c7fc-4388-ae67-c3c89fc67c1c" />
    <UnitTestResult executionId="018d0c5c-66f4-491b-8930-9e8939145fcc" testId="cf405c2f-39cf-b382-efa5-24c108130de9" testName="BL.Tests.SlopesServiceTest.TestUpdateSlopeInfoAsync(userID: 112, slope: Slope { SlopeID = 167, SlopeName = slopeNameaa816498-d6d9-4e3d-b6d3-fff0632b75de, IsOpen = True, DifficultyLevel = 124, ConnectedLifts =  }, checkPermissionServiceMock: Mock&lt;ICheckPermissionService:8&gt;, slopesRepositoryStub: Mock&lt;ISlopesRepository:6&gt;, sut: SlopesService { })" computerName="DESKTOP-TJ9D65N" duration="00:00:00.0062960" startTime="2022-10-15T23:25:48.8699303+03:00" endTime="2022-10-15T23:25:48.8699304+03:00" testType="13cdc9d9-ddb5-4fa4-a97d-d965ccfc6d4b" outcome="Passed" testListId="8c84fa94-04c1-424b-9868-57a2d4851a1d" relativeResultsDirectory="018d0c5c-66f4-491b-8930-9e8939145fcc" />
    <UnitTestResult executionId="f4de6220-504d-4203-acbd-c9aa8ebf5d3a" testId="60fee59b-d113-7137-0cce-adf6acf1f2ae" testName="BL.Tests.TurnstilesServiceTest.TestAdminAddAutoIncrementTurnstileAsync(userID: 144, turnstile: Turnstile { TurnstileID = 62, LiftID = 132, IsOpen = True }, checkPermissionServiceMock: Mock&lt;ICheckPermissionService:16&gt;, turnstilesRepositoryStub: Mock&lt;ITurnstilesRepository:10&gt;, sut: TurnstilesService { })" computerName="DESKTOP-TJ9D65N" duration="00:00:00.0069982" startTime="2022-10-15T23:25:48.8036953+03:00" endTime="2022-10-15T23:25:48.8036956+03:00" testType="13cdc9d9-ddb5-4fa4-a97d-d965ccfc6d4b" outcome="Passed" testListId="8c84fa94-04c1-424b-9868-57a2d4851a1d" relativeResultsDirectory="f4de6220-504d-4203-acbd-c9aa8ebf5d3a" />
    <UnitTestResult executionId="c0c1c6fa-f897-4c70-b9f3-b2ead575f36f" testId="2d706594-f2b3-b3c8-21d4-86c9798c3306" testName="BL.Tests.CheckPermissionsServiceTests.SkiPatrolHasAccessToAdminSkiPatrolFunctions(functionName: &quot;GetLiftsSlopesInfoAsync&quot;)" computerName="DESKTOP-TJ9D65N" duration="00:00:00.0062530" startTime="2022-10-15T23:25:48.8227696+03:00" endTime="2022-10-15T23:25:48.8227697+03:00" testType="13cdc9d9-ddb5-4fa4-a97d-d965ccfc6d4b" outcome="Passed" testListId="8c84fa94-04c1-424b-9868-57a2d4851a1d" relativeResultsDirectory="c0c1c6fa-f897-4c70-b9f3-b2ead575f36f" />
    <UnitTestResult executionId="af75b4c7-eb26-4cbf-b189-bb55080d26fa" testId="8184bd30-991c-b78d-b4ec-99a485eac0dd" testName="BL.Tests.UsersServiceTests.TestRegisterUserWithNoEmail" computerName="DESKTOP-TJ9D65N" duration="00:00:00.0031622" startTime="2022-10-15T23:25:48.7634582+03:00" endTime="2022-10-15T23:25:48.7634583+03:00" testType="13cdc9d9-ddb5-4fa4-a97d-d965ccfc6d4b" outcome="Passed" testListId="8c84fa94-04c1-424b-9868-57a2d4851a1d" relativeResultsDirectory="af75b4c7-eb26-4cbf-b189-bb55080d26fa" />
    <UnitTestResult executionId="a5c16535-bbfd-4bad-8d04-bab89aefee28" testId="d75e98a2-1e48-fc61-b108-c129a4527141" testName="BL.Tests.SlopesServiceTest.TestGetSlopesInfoAsync(userID: 42, initialSlopes: [Slope { SlopeID = 128, SlopeName = slopeNamedbd66f55-f64f-4f07-9593-0d7623f9ff85, IsOpen = True, DifficultyLevel = 76, ConnectedLifts =  }, Slope { SlopeID = 181, SlopeName = slopeNamef628c0da-f873-4e81-a34e-38167dc6c926, IsOpen = False, DifficultyLevel = 228, ConnectedLifts =  }, Slope { SlopeID = 148, SlopeName = slopeNamedc602ba8-bcd0-41a4-a3ec-2a268666c2bf, IsOpen = True, DifficultyLevel = 77, ConnectedLifts =  }], checkPermissionServiceMock: Mock&lt;ICheckPermissionService:7&gt;, slopesRepositoryStub: Mock&lt;ISlopesRepository:5&gt;, liftsSlopesRepositoryStub: Mock&lt;ILiftsSlopesRepository:10&gt;, sut: SlopesService { })" computerName="DESKTOP-TJ9D65N" duration="00:00:00.0675721" startTime="2022-10-15T23:25:48.8140683+03:00" endTime="2022-10-15T23:25:48.8140684+03:00" testType="13cdc9d9-ddb5-4fa4-a97d-d965ccfc6d4b" outcome="Passed" testListId="8c84fa94-04c1-424b-9868-57a2d4851a1d" relativeResultsDirectory="a5c16535-bbfd-4bad-8d04-bab89aefee28" />
    <UnitTestResult executionId="b1c12766-88bf-497b-a5b2-c582b528ce47" testId="aa28a6b3-21d3-aa45-24d3-bef2facbc899" testName="BL.Tests.CheckPermissionsServiceTests.AuthorizedHasAccessToAuthorizedFunctions(functionName: &quot;LogOutAsync&quot;)" computerName="DESKTOP-TJ9D65N" duration="00:00:00.0011670" startTime="2022-10-15T23:25:48.9234953+03:00" endTime="2022-10-15T23:25:48.9234954+03:00" testType="13cdc9d9-ddb5-4fa4-a97d-d965ccfc6d4b" outcome="Passed" testListId="8c84fa94-04c1-424b-9868-57a2d4851a1d" relativeResultsDirectory="b1c12766-88bf-497b-a5b2-c582b528ce47" />
    <UnitTestResult executionId="606ef4a1-a390-42ff-9c8d-57e3bb36fcaa" testId="14414027-01fc-eca3-329b-bd4f839a9eaf" testName="BL.Tests.LiftsSlopesServiceTests.TestAdminDeleteLiftSlopeAsync(lift: Lift { LiftID = 82, LiftName = liftNameb72d655a-e1d2-49e7-beaa-f107594f69fd, IsOpen = True, SeatsAmount = 192, LiftingTime = 16, QueueTime = 228, ConnectedSlopes =  }, slope: Slope { SlopeID = 137, SlopeName = slopeNamef4714ea7-8824-46b0-92ad-3dd154b543fe, IsOpen = False, DifficultyLevel = 147, ConnectedLifts =  }, slopesRepositoryStub: Mock&lt;ISlopesRepository:2&gt;, liftsRepositoryStub: Mock&lt;ILiftsRepository:7&gt;, liftsSlopesRepositoryStub: Mock&lt;ILiftsSlopesRepository:7&gt;)" computerName="DESKTOP-TJ9D65N" duration="00:00:00.0075291" startTime="2022-10-15T23:25:48.7849442+03:00" endTime="2022-10-15T23:25:48.7849443+03:00" testType="13cdc9d9-ddb5-4fa4-a97d-d965ccfc6d4b" outcome="Passed" testListId="8c84fa94-04c1-424b-9868-57a2d4851a1d" relativeResultsDirectory="606ef4a1-a390-42ff-9c8d-57e3bb36fcaa" />
    <UnitTestResult executionId="2b2ad8ef-c54c-443d-acf0-44c19339291c" testId="1ca07ad8-f799-c5d4-e7cc-34fd950198a2" testName="BL.Tests.UsersServiceTests.TestLogInOk" computerName="DESKTOP-TJ9D65N" duration="00:00:00.0036159" startTime="2022-10-15T23:25:48.8591965+03:00" endTime="2022-10-15T23:25:48.8591967+03:00" testType="13cdc9d9-ddb5-4fa4-a97d-d965ccfc6d4b" outcome="Passed" testListId="8c84fa94-04c1-424b-9868-57a2d4851a1d" relativeResultsDirectory="2b2ad8ef-c54c-443d-acf0-44c19339291c" />
    <UnitTestResult executionId="a8ee1c26-b5f6-424d-aa3a-037553549437" testId="18fa8c62-e27d-e1fc-8182-4d7db62b008d" testName="BL.Tests.UsersServiceTests.TestAdminDeleteUser" computerName="DESKTOP-TJ9D65N" duration="00:00:00.0027579" startTime="2022-10-15T23:25:48.9199488+03:00" endTime="2022-10-15T23:25:48.9199489+03:00" testType="13cdc9d9-ddb5-4fa4-a97d-d965ccfc6d4b" outcome="Passed" testListId="8c84fa94-04c1-424b-9868-57a2d4851a1d" relativeResultsDirectory="a8ee1c26-b5f6-424d-aa3a-037553549437" />
    <UnitTestResult executionId="0b8c2856-c62e-45f1-bf1a-a2a24121d4b2" testId="4ca0034d-4600-9f70-55f3-1cadf8e53aaf" testName="BL.Tests.TurnstilesServiceTest.TestAdminUpdateTurnstileAsync(userID: 52, turnstile: Turnstile { TurnstileID = 90, LiftID = 213, IsOpen = True }, checkPermissionServiceMock: Mock&lt;ICheckPermissionService:14&gt;, turnstilesRepositoryStub: Mock&lt;ITurnstilesRepository:8&gt;, sut: TurnstilesService { })" computerName="DESKTOP-TJ9D65N" duration="00:00:00.0543672" startTime="2022-10-15T23:25:48.6987418+03:00" endTime="2022-10-15T23:25:48.6987862+03:00" testType="13cdc9d9-ddb5-4fa4-a97d-d965ccfc6d4b" outcome="Passed" testListId="8c84fa94-04c1-424b-9868-57a2d4851a1d" relativeResultsDirectory="0b8c2856-c62e-45f1-bf1a-a2a24121d4b2" />
    <UnitTestResult executionId="ff93c317-6ff8-45f1-967c-f52fb4185583" testId="a19a5fcf-c5d2-7d44-5d7d-84403042f4e0" testName="BL.Tests.CheckPermissionsServiceTests.UnauthorizedHasNoAccessToAdminSkiPatrolFunctions(functionName: &quot;MarkMessageReadByUserAsync&quot;)" computerName="DESKTOP-TJ9D65N" duration="00:00:00.0532782" startTime="2022-10-15T23:25:48.7235425+03:00" endTime="2022-10-15T23:25:48.7235425+03:00" testType="13cdc9d9-ddb5-4fa4-a97d-d965ccfc6d4b" outcome="Passed" testListId="8c84fa94-04c1-424b-9868-57a2d4851a1d" relativeResultsDirectory="ff93c317-6ff8-45f1-967c-f52fb4185583" />
    <UnitTestResult executionId="f3970eec-beb2-4d49-b071-2f5956d724ed" testId="505edbb7-a8e4-ec24-757a-8800e10a0333" testName="BL.Tests.TurnstilesServiceTest.TestAdminGetTurnstilesAsync(userID: 209, initialTurnstiles: [Turnstile { TurnstileID = 77, LiftID = 240, IsOpen = True }, Turnstile { TurnstileID = 12, LiftID = 245, IsOpen = False }, Turnstile { TurnstileID = 79, LiftID = 14, IsOpen = True }], checkPermissionServiceMock: Mock&lt;ICheckPermissionService:13&gt;, turnstilesRepositoryStub: Mock&lt;ITurnstilesRepository:7&gt;, sut: TurnstilesService { })" computerName="DESKTOP-TJ9D65N" duration="00:00:00.0056653" startTime="2022-10-15T23:25:48.8232920+03:00" endTime="2022-10-15T23:25:48.8232921+03:00" testType="13cdc9d9-ddb5-4fa4-a97d-d965ccfc6d4b" outcome="Passed" testListId="8c84fa94-04c1-424b-9868-57a2d4851a1d" relativeResultsDirectory="f3970eec-beb2-4d49-b071-2f5956d724ed" />
    <UnitTestResult executionId="27cd9968-90d4-4b77-a73b-b387c0a12cae" testId="a2e59116-cb53-1d70-9cb8-21c286516866" testName="BL.Tests.CheckPermissionsServiceTests.AuthorizedHasNoAccessToAdminFunctions" computerName="DESKTOP-TJ9D65N" duration="00:00:00.0032898" startTime="2022-10-15T23:25:48.8652538+03:00" endTime="2022-10-15T23:25:48.8652539+03:00" testType="13cdc9d9-ddb5-4fa4-a97d-d965ccfc6d4b" outcome="Passed" testListId="8c84fa94-04c1-424b-9868-57a2d4851a1d" relativeResultsDirectory="27cd9968-90d4-4b77-a73b-b387c0a12cae" />
    <UnitTestResult executionId="ab7fa448-dfa0-46e8-a682-4b9b6e22e8da" testId="4f297306-d4f3-8d63-e7f4-1ac0b8c58c74" testName="BL.Tests.CheckPermissionsServiceTests.AuthorizedHasNoAccessToAdminSkiPatrolFunctions(functionName: &quot;GetLiftsSlopesInfoAsync&quot;)" computerName="DESKTOP-TJ9D65N" duration="00:00:00.0012357" startTime="2022-10-15T23:25:48.9038068+03:00" endTime="2022-10-15T23:25:48.9038069+03:00" testType="13cdc9d9-ddb5-4fa4-a97d-d965ccfc6d4b" outcome="Passed" testListId="8c84fa94-04c1-424b-9868-57a2d4851a1d" relativeResultsDirectory="ab7fa448-dfa0-46e8-a682-4b9b6e22e8da" />
    <UnitTestResult executionId="b637d749-5410-4140-bce1-fed83c6d692a" testId="492c0393-35b4-df26-a537-21ca08302f3c" testName="BL.Tests.CheckPermissionsServiceTests.SkiPatrolHasNoAccessToAdminFunctions" computerName="DESKTOP-TJ9D65N" duration="00:00:00.0022628" startTime="2022-10-15T23:25:48.9431934+03:00" endTime="2022-10-15T23:25:48.9431935+03:00" testType="13cdc9d9-ddb5-4fa4-a97d-d965ccfc6d4b" outcome="Passed" testListId="8c84fa94-04c1-424b-9868-57a2d4851a1d" relativeResultsDirectory="b637d749-5410-4140-bce1-fed83c6d692a" />
    <UnitTestResult executionId="1662cc9f-80e4-41a0-b295-927ecfa8a54f" testId="54daba11-1240-df14-5e14-9e4cb6ef6cb8" testName="BL.Tests.SlopesServiceTest.TestAdminAddAutoIncrementSlopeAsync(userID: 155, slope: Slope { SlopeID = 14, SlopeName = slopeNameeb12aa3b-38a0-41c7-ade9-25a0c956b57c, IsOpen = True, DifficultyLevel = 69, ConnectedLifts =  }, checkPermissionServiceMock: Mock&lt;ICheckPermissionService:10&gt;, slopesRepositoryStub: Mock&lt;ISlopesRepository:8&gt;, sut: SlopesService { })" computerName="DESKTOP-TJ9D65N" duration="00:00:00.0570021" startTime="2022-10-15T23:25:48.7234935+03:00" endTime="2022-10-15T23:25:48.7234935+03:00" testType="13cdc9d9-ddb5-4fa4-a97d-d965ccfc6d4b" outcome="Passed" testListId="8c84fa94-04c1-424b-9868-57a2d4851a1d" relativeResultsDirectory="1662cc9f-80e4-41a0-b295-927ecfa8a54f" />
    <UnitTestResult executionId="6e8e7891-1609-4a16-a81c-616ff5b038e1" testId="62c8cf65-fe93-7cd1-9adc-275b5a14f50d" testName="BL.Tests.SlopesServiceTest.TestAdminDeleteSlopeAsync(userID: 208, slope: Slope { SlopeID = 17, SlopeName = slopeNamefe7900b6-462a-493f-a463-1d1a38763f90, IsOpen = True, DifficultyLevel = 54, ConnectedLifts =  }, checkPermissionServiceMock: Mock&lt;ICheckPermissionService:9&gt;, slopesRepositoryStub: Mock&lt;ISlopesRepository:7&gt;, liftsSlopesRepositoryStub: Mock&lt;ILiftsSlopesRepository:12&gt;, sut: SlopesService { })" computerName="DESKTOP-TJ9D65N" duration="00:00:00.0092369" startTime="2022-10-15T23:25:48.8356843+03:00" endTime="2022-10-15T23:25:48.8356844+03:00" testType="13cdc9d9-ddb5-4fa4-a97d-d965ccfc6d4b" outcome="Passed" testListId="8c84fa94-04c1-424b-9868-57a2d4851a1d" relativeResultsDirectory="6e8e7891-1609-4a16-a81c-616ff5b038e1" />
    <UnitTestResult executionId="337ec4cd-303a-449e-97de-a6ed5294750c" testId="e429852d-a6ed-7c2a-25fd-cd839b159d56" testName="BL.Tests.LiftsSlopesServiceTests.TestGetLiftsSlopesInfoAsync(liftsSlopes: [LiftSlope { RecordID = 249, LiftID = 19, SlopeID = 115 }, LiftSlope { RecordID = 253, LiftID = 97, SlopeID = 179 }, LiftSlope { RecordID = 220, LiftID = 109, SlopeID = 150 }], slopesRepositoryStub: Mock&lt;ISlopesRepository:1&gt;, liftsRepositoryStub: Mock&lt;ILiftsRepository:6&gt;, liftsSlopesRepositoryStub: Mock&lt;ILiftsSlopesRepository:6&gt;)" computerName="DESKTOP-TJ9D65N" duration="00:00:00.0611315" startTime="2022-10-15T23:25:48.7236225+03:00" endTime="2022-10-15T23:25:48.7236226+03:00" testType="13cdc9d9-ddb5-4fa4-a97d-d965ccfc6d4b" outcome="Passed" testListId="8c84fa94-04c1-424b-9868-57a2d4851a1d" relativeResultsDirectory="337ec4cd-303a-449e-97de-a6ed5294750c" />
    <UnitTestResult executionId="0443fd71-77ef-487e-9820-fa87fc0e7338" testId="f3efc418-a8a6-c7b7-9bac-90b33aa8472f" testName="BL.Tests.CheckPermissionsServiceTests.AdminHasAccessToAllFunctions" computerName="DESKTOP-TJ9D65N" duration="00:00:00.0018250" startTime="2022-10-15T23:25:48.9527677+03:00" endTime="2022-10-15T23:25:48.9527678+03:00" testType="13cdc9d9-ddb5-4fa4-a97d-d965ccfc6d4b" outcome="Passed" testListId="8c84fa94-04c1-424b-9868-57a2d4851a1d" relativeResultsDirectory="0443fd71-77ef-487e-9820-fa87fc0e7338" />
    <UnitTestResult executionId="892f8614-265e-4f70-a043-272569df1541" testId="842351f3-88e7-e436-57fa-0b6050599d1b" testName="BL.Tests.SlopesServiceTest.TestAdminAddSlopeAsync(userID: 24, slope: Slope { SlopeID = 192, SlopeName = slopeName094ca5b7-60b6-49fa-a93e-6473c0079720, IsOpen = True, DifficultyLevel = 25, ConnectedLifts =  }, checkPermissionServiceMock: Mock&lt;ICheckPermissionService:11&gt;, slopesRepositoryStub: Mock&lt;ISlopesRepository:9&gt;, sut: SlopesService { })" computerName="DESKTOP-TJ9D65N" duration="00:00:00.0063136" startTime="2022-10-15T23:25:48.8532857+03:00" endTime="2022-10-15T23:25:48.8532857+03:00" testType="13cdc9d9-ddb5-4fa4-a97d-d965ccfc6d4b" outcome="Passed" testListId="8c84fa94-04c1-424b-9868-57a2d4851a1d" relativeResultsDirectory="892f8614-265e-4f70-a043-272569df1541" />
    <UnitTestResult executionId="78c7a71b-a985-4b74-b7b3-7582c67994f4" testId="27a17b01-8253-f4d9-4338-ede2dbd1c3e2" testName="BL.Tests.LiftsSlopesServiceTests.TestAdminAddAutoIncrementLiftSlopeAsync(lift: Lift { LiftID = 17, LiftName = liftName2e2f982b-e12e-44b0-a5ed-063e8909e7b6, IsOpen = True, SeatsAmount = 50, LiftingTime = 175, QueueTime = 53, ConnectedSlopes =  }, slope: Slope { SlopeID = 245, SlopeName = slopeName26968b33-907d-4ce3-b996-640cd2a01a9c, IsOpen = False, DifficultyLevel = 88, ConnectedLifts =  }, slopesRepositoryStub: Mock&lt;ISlopesRepository:3&gt;, liftsRepositoryStub: Mock&lt;ILiftsRepository:8&gt;, liftsSlopesRepositoryStub: Mock&lt;ILiftsSlopesRepository:8&gt;)" computerName="DESKTOP-TJ9D65N" duration="00:00:00.0108066" startTime="2022-10-15T23:25:48.7635935+03:00" endTime="2022-10-15T23:25:48.7635936+03:00" testType="13cdc9d9-ddb5-4fa4-a97d-d965ccfc6d4b" outcome="Passed" testListId="8c84fa94-04c1-424b-9868-57a2d4851a1d" relativeResultsDirectory="78c7a71b-a985-4b74-b7b3-7582c67994f4" />
    <UnitTestResult executionId="a5aac11a-281e-4f34-9911-24627d327673" testId="60bd668f-04df-da5e-b79b-5d9aedb5234d" testName="BL.Tests.CheckPermissionsServiceTests.SkiPatrolHasAccessToAdminSkiPatrolFunctions(functionName: &quot;MarkMessageReadByUserAsync&quot;)" computerName="DESKTOP-TJ9D65N" duration="00:00:00.0013764" startTime="2022-10-15T23:25:48.8398992+03:00" endTime="2022-10-15T23:25:48.8398993+03:00" testType="13cdc9d9-ddb5-4fa4-a97d-d965ccfc6d4b" outcome="Passed" testListId="8c84fa94-04c1-424b-9868-57a2d4851a1d" relativeResultsDirectory="a5aac11a-281e-4f34-9911-24627d327673" />
    <UnitTestResult executionId="b2721aa7-d739-4f27-ae63-978b0ce32cee" testId="efdd1221-fa36-1070-5c80-5b9bd2c463d6" testName="BL.Tests.TurnstilesServiceTest.TestAdminGetTurnstileAsync(userID: 161, turnstile: Turnstile { TurnstileID = 251, LiftID = 135, IsOpen = True }, checkPermissionServiceMock: Mock&lt;ICheckPermissionService:12&gt;, turnstilesRepositoryStub: Mock&lt;ITurnstilesRepository:6&gt;, sut: TurnstilesService { })" computerName="DESKTOP-TJ9D65N" duration="00:00:00.0054013" startTime="2022-10-15T23:25:48.7798801+03:00" endTime="2022-10-15T23:25:48.7798802+03:00" testType="13cdc9d9-ddb5-4fa4-a97d-d965ccfc6d4b" outcome="Passed" testListId="8c84fa94-04c1-424b-9868-57a2d4851a1d" relativeResultsDirectory="b2721aa7-d739-4f27-ae63-978b0ce32cee" />
    <UnitTestResult executionId="3f5b0d91-df30-441d-abd0-2f7934328bda" testId="c36970dc-93f7-753e-fa47-157133b01644" testName="BL.Tests.CheckPermissionsServiceTests.SkiPatrolHasAccessToAdminSkiPatrolFunctions(functionName: &quot;GetMessagesAsync&quot;)" computerName="DESKTOP-TJ9D65N" duration="00:00:00.0014201" startTime="2022-10-15T23:25:48.8533658+03:00" endTime="2022-10-15T23:25:48.8533658+03:00" testType="13cdc9d9-ddb5-4fa4-a97d-d965ccfc6d4b" outcome="Passed" testListId="8c84fa94-04c1-424b-9868-57a2d4851a1d" relativeResultsDirectory="3f5b0d91-df30-441d-abd0-2f7934328bda" />
    <UnitTestResult executionId="8bdd93c5-5b4f-4b3c-9b02-4ef687ab062d" testId="339952bf-99a0-e4d7-2b1a-f4bd6baacd9d" testName="BL.Tests.LiftsServiceTest.TestAdminAddAutoIncrementLiftAsync(userID: 203, lift: Lift { LiftID = 69, LiftName = liftName6671b666-9845-4058-b3bd-045037f0eedb, IsOpen = True, SeatsAmount = 127, LiftingTime = 250, QueueTime = 80, ConnectedSlopes =  }, checkPermissionServiceMock: Mock&lt;ICheckPermissionService:5&gt;, liftsRepositoryStub: Mock&lt;ILiftsRepository:5&gt;, sut: LiftsService { })" computerName="DESKTOP-TJ9D65N" duration="00:00:00.0571829" startTime="2022-10-15T23:25:48.7235562+03:00" endTime="2022-10-15T23:25:48.7235563+03:00" testType="13cdc9d9-ddb5-4fa4-a97d-d965ccfc6d4b" outcome="Passed" testListId="8c84fa94-04c1-424b-9868-57a2d4851a1d" relativeResultsDirectory="8bdd93c5-5b4f-4b3c-9b02-4ef687ab062d" />
    <UnitTestResult executionId="0fff3f17-2042-45ca-95fd-feda28ffa600" testId="98d3c0fd-a721-623d-3e72-ef3bf95a5927" testName="BL.Tests.LiftsServiceTest.TestAdminDeleteLiftAsync(userID: 240, lift: Lift { LiftID = 54, LiftName = liftName2ed25b87-5f2f-4b47-be3f-8d2c5ab0214d, IsOpen = True, SeatsAmount = 139, LiftingTime = 130, QueueTime = 4, ConnectedSlopes =  }, checkPermissionServiceMock: Mock&lt;ICheckPermissionService:4&gt;, liftsRepositoryStub: Mock&lt;ILiftsRepository:4&gt;, liftsSlopesRepositoryStub: Mock&lt;ILiftsSlopesRepository:4&gt;, sut: LiftsService { })" computerName="DESKTOP-TJ9D65N" duration="00:00:00.0133097" startTime="2022-10-15T23:25:48.8432072+03:00" endTime="2022-10-15T23:25:48.8432073+03:00" testType="13cdc9d9-ddb5-4fa4-a97d-d965ccfc6d4b" outcome="Passed" testListId="8c84fa94-04c1-424b-9868-57a2d4851a1d" relativeResultsDirectory="0fff3f17-2042-45ca-95fd-feda28ffa600" />
    <UnitTestResult executionId="b95b8949-1cc8-487a-b94d-e98f349b712f" testId="ba4cf48d-d485-946d-f234-372caa5c1390" testName="BL.Tests.LiftsServiceTest.TestUpdateLiftInfoAsync(userID: 53, lift: Lift { LiftID = 197, LiftName = liftNamec42f4523-d593-44dd-bd81-ddd179bcc4d3, IsOpen = True, SeatsAmount = 199, LiftingTime = 222, QueueTime = 143, ConnectedSlopes =  }, checkPermissionServiceMock: Mock&lt;ICheckPermissionService:3&gt;, liftsRepositoryStub: Mock&lt;ILiftsRepository:3&gt;, sut: LiftsService { })" computerName="DESKTOP-TJ9D65N" duration="00:00:00.0082133" startTime="2022-10-15T23:25:48.7635324+03:00" endTime="2022-10-15T23:25:48.7635325+03:00" testType="13cdc9d9-ddb5-4fa4-a97d-d965ccfc6d4b" outcome="Passed" testListId="8c84fa94-04c1-424b-9868-57a2d4851a1d" relativeResultsDirectory="b95b8949-1cc8-487a-b94d-e98f349b712f" />
    <UnitTestResult executionId="aff91a1f-39b8-4150-b0b0-5dc9dfe5ad63" testId="229812f5-9a73-5335-11f5-31330d1348a5" testName="BL.Tests.CheckPermissionsServiceTests.UnauthorizedHasNoAccessToAdminSkiPatrolFunctions(functionName: &quot;GetMessagesAsync&quot;)" computerName="DESKTOP-TJ9D65N" duration="00:00:00.0016735" startTime="2022-10-15T23:25:48.7636617+03:00" endTime="2022-10-15T23:25:48.7636618+03:00" testType="13cdc9d9-ddb5-4fa4-a97d-d965ccfc6d4b" outcome="Passed" testListId="8c84fa94-04c1-424b-9868-57a2d4851a1d" relativeResultsDirectory="aff91a1f-39b8-4150-b0b0-5dc9dfe5ad63" />
    <UnitTestResult executionId="438af77f-4db8-490a-a36a-1eecbaf91188" testId="e5497347-2721-b7a6-0bd4-69a9921f6947" testName="BL.Tests.UsersServiceTests.TestAdminGetUserByIDAsync" computerName="DESKTOP-TJ9D65N" duration="00:00:00.0036578" startTime="2022-10-15T23:25:48.9076671+03:00" endTime="2022-10-15T23:25:48.9076672+03:00" testType="13cdc9d9-ddb5-4fa4-a97d-d965ccfc6d4b" outcome="Passed" testListId="8c84fa94-04c1-424b-9868-57a2d4851a1d" relativeResultsDirectory="438af77f-4db8-490a-a36a-1eecbaf91188" />
    <UnitTestResult executionId="7023217e-3d77-4b20-8db8-eca72047e41f" testId="644ec43e-70cd-c82d-42e7-0d990be1414d" testName="BL.Tests.CheckPermissionsServiceTests.AuthorizedHasAccessToAuthorizedFunctions(functionName: &quot;SendMessageAsync&quot;)" computerName="DESKTOP-TJ9D65N" duration="00:00:00.0020163" startTime="2022-10-15T23:25:48.9138129+03:00" endTime="2022-10-15T23:25:48.9138130+03:00" testType="13cdc9d9-ddb5-4fa4-a97d-d965ccfc6d4b" outcome="Passed" testListId="8c84fa94-04c1-424b-9868-57a2d4851a1d" relativeResultsDirectory="7023217e-3d77-4b20-8db8-eca72047e41f" />
    <UnitTestResult executionId="98ba0a74-b490-4f58-83b4-e08bb2d0d5bc" testId="06d0bc3a-24a0-fb7f-4277-e9ae6d21c7dd" testName="BL.Tests.UsersServiceTests.TestAdminUpdateUser" computerName="DESKTOP-TJ9D65N" duration="00:00:00.0098066" startTime="2022-10-15T23:25:48.8165874+03:00" endTime="2022-10-15T23:25:48.8165875+03:00" testType="13cdc9d9-ddb5-4fa4-a97d-d965ccfc6d4b" outcome="Passed" testListId="8c84fa94-04c1-424b-9868-57a2d4851a1d" relativeResultsDirectory="98ba0a74-b490-4f58-83b4-e08bb2d0d5bc" />
    <UnitTestResult executionId="5ee35e11-622c-4f23-8451-85fea04cf25e" testId="69340bb6-3645-f9dd-971e-29d8b2a009bb" testName="BL.Tests.UsersServiceTests.TestLogInWithWrongPassword" computerName="DESKTOP-TJ9D65N" duration="00:00:00.0025399" startTime="2022-10-15T23:25:48.8719243+03:00" endTime="2022-10-15T23:25:48.8719244+03:00" testType="13cdc9d9-ddb5-4fa4-a97d-d965ccfc6d4b" outcome="Passed" testListId="8c84fa94-04c1-424b-9868-57a2d4851a1d" relativeResultsDirectory="5ee35e11-622c-4f23-8451-85fea04cf25e" />
    <UnitTestResult executionId="0443fbb2-1fb2-4e48-ba2c-4d15df5c19b0" testId="e2d7e5be-3dae-33ae-fb17-c704b6fd58d6" testName="BL.Tests.CheckPermissionsServiceTests.UnauthorizedHasNoAccessToAdminFunctions" computerName="DESKTOP-TJ9D65N" duration="00:00:00.0026122" startTime="2022-10-15T23:25:48.9334147+03:00" endTime="2022-10-15T23:25:48.9334147+03:00" testType="13cdc9d9-ddb5-4fa4-a97d-d965ccfc6d4b" outcome="Passed" testListId="8c84fa94-04c1-424b-9868-57a2d4851a1d" relativeResultsDirectory="0443fbb2-1fb2-4e48-ba2c-4d15df5c19b0" />
    <UnitTestResult executionId="1d65be4d-6563-4772-a4bb-7c00bcc60e52" testId="834c739b-eca4-b36d-6a66-5a1bd75377b8" testName="BL.Tests.UsersServiceTests.TestAdminAddAutoIncrementUser" computerName="DESKTOP-TJ9D65N" duration="00:00:00.0067497" startTime="2022-10-15T23:25:48.8934590+03:00" endTime="2022-10-15T23:25:48.8934590+03:00" testType="13cdc9d9-ddb5-4fa4-a97d-d965ccfc6d4b" outcome="Passed" testListId="8c84fa94-04c1-424b-9868-57a2d4851a1d" relativeResultsDirectory="1d65be4d-6563-4772-a4bb-7c00bcc60e52" />
    <UnitTestResult executionId="b9a458c2-94dd-4f7e-adde-c9976f6ef64b" testId="387c9729-48c1-486e-5e67-f5d11a9f0db8" testName="BL.Tests.CheckPermissionsServiceTests.UnauthorizedHasNoAccessToAdminSkiPatrolFunctions(functionName: &quot;GetLiftsSlopesInfoAsync&quot;)" computerName="DESKTOP-TJ9D65N" duration="00:00:00.0016257" startTime="2022-10-15T23:25:48.7633745+03:00" endTime="2022-10-15T23:25:48.7633746+03:00" testType="13cdc9d9-ddb5-4fa4-a97d-d965ccfc6d4b" outcome="Passed" testListId="8c84fa94-04c1-424b-9868-57a2d4851a1d" relativeResultsDirectory="b9a458c2-94dd-4f7e-adde-c9976f6ef64b" />
    <UnitTestResult executionId="617c412b-fbf3-484c-ae58-66a84e62e195" testId="894941c1-bfa7-d8f9-c047-1e1ceefe2c2f" testName="BL.Tests.UsersServiceTests.TestRegisterUserWithRepeatedEmail" computerName="DESKTOP-TJ9D65N" duration="00:00:00.0051878" startTime="2022-10-15T23:25:48.7938578+03:00" endTime="2022-10-15T23:25:48.7938579+03:00" testType="13cdc9d9-ddb5-4fa4-a97d-d965ccfc6d4b" outcome="Passed" testListId="8c84fa94-04c1-424b-9868-57a2d4851a1d" relativeResultsDirectory="617c412b-fbf3-484c-ae58-66a84e62e195" />
  </Results>
  <TestDefinitions>
    <UnitTest name="BL.Tests.SlopesServiceTest.TestGetSlopesInfoAsync(userID: 42, initialSlopes: [Slope { SlopeID = 128, SlopeName = slopeNamedbd66f55-f64f-4f07-9593-0d7623f9ff85, IsOpen = True, DifficultyLevel = 76, ConnectedLifts =  }, Slope { SlopeID = 181, SlopeName = slopeNamef628c0da-f873-4e81-a34e-38167dc6c926, IsOpen = False, DifficultyLevel = 228, ConnectedLifts =  }, Slope { SlopeID = 148, SlopeName = slopeNamedc602ba8-bcd0-41a4-a3ec-2a268666c2bf, Is..." storage="/mnt/c/users/alena/desktop/7_sem/testing_and_debugging/skiresort/bl.tests/bin/debug/net6.0/bl.tests.dll" id="d75e98a2-1e48-fc61-b108-c129a4527141">
      <Execution id="a5c16535-bbfd-4bad-8d04-bab89aefee28" />
      <TestMethod codeBase="/mnt/c/Users/alena/Desktop/7_sem/testing_and_debugging/SkiResort/BL.Tests/bin/Debug/net6.0/BL.Tests.dll" adapterTypeName="executor://xunit/VsTestRunner2/netcoreapp" className="BL.Tests.SlopesServiceTest" name="TestGetSlopesInfoAsync" />
    </UnitTest>
    <UnitTest name="BL.Tests.TurnstilesServiceTest.TestAdminAddAutoIncrementTurnstileAsync(userID: 144, turnstile: Turnstile { TurnstileID = 62, LiftID = 132, IsOpen = True }, checkPermissionServiceMock: Mock&lt;ICheckPermissionService:16&gt;, turnstilesRepositoryStub: Mock&lt;ITurnstilesRepository:10&gt;, sut: TurnstilesService { })" storage="/mnt/c/users/alena/desktop/7_sem/testing_and_debugging/skiresort/bl.tests/bin/debug/net6.0/bl.tests.dll" id="60fee59b-d113-7137-0cce-adf6acf1f2ae">
      <Execution id="f4de6220-504d-4203-acbd-c9aa8ebf5d3a" />
      <TestMethod codeBase="/mnt/c/Users/alena/Desktop/7_sem/testing_and_debugging/SkiResort/BL.Tests/bin/Debug/net6.0/BL.Tests.dll" adapterTypeName="executor://xunit/VsTestRunner2/netcoreapp" className="BL.Tests.TurnstilesServiceTest" name="TestAdminAddAutoIncrementTurnstileAsync" />
    </UnitTest>
    <UnitTest name="BL.Tests.CheckPermissionsServiceTests.AuthorizedHasNoAccessToAdminSkiPatrolFunctions(functionName: &quot;MarkMessageReadByUserAsync&quot;)" storage="/mnt/c/users/alena/desktop/7_sem/testing_and_debugging/skiresort/bl.tests/bin/debug/net6.0/bl.tests.dll" id="9c7df5e2-1b23-ebea-889f-b78ca86b60ab">
      <Execution id="cb1b944d-dfaf-427e-abf9-3929456d54f9" />
      <TestMethod codeBase="/mnt/c/Users/alena/Desktop/7_sem/testing_and_debugging/SkiResort/BL.Tests/bin/Debug/net6.0/BL.Tests.dll" adapterTypeName="executor://xunit/VsTestRunner2/netcoreapp" className="BL.Tests.CheckPermissionsServiceTests" name="AuthorizedHasNoAccessToAdminSkiPatrolFunctions" />
    </UnitTest>
    <UnitTest name="BL.Tests.SlopesServiceTest.TestAdminAddAutoIncrementSlopeAsync(userID: 155, slope: Slope { SlopeID = 14, SlopeName = slopeNameeb12aa3b-38a0-41c7-ade9-25a0c956b57c, IsOpen = True, DifficultyLevel = 69, ConnectedLifts =  }, checkPermissionServiceMock: Mock&lt;ICheckPermissionService:10&gt;, slopesRepositoryStub: Mock&lt;ISlopesRepository:8&gt;, sut: SlopesService { })" storage="/mnt/c/users/alena/desktop/7_sem/testing_and_debugging/skiresort/bl.tests/bin/debug/net6.0/bl.tests.dll" id="54daba11-1240-df14-5e14-9e4cb6ef6cb8">
      <Execution id="1662cc9f-80e4-41a0-b295-927ecfa8a54f" />
      <TestMethod codeBase="/mnt/c/Users/alena/Desktop/7_sem/testing_and_debugging/SkiResort/BL.Tests/bin/Debug/net6.0/BL.Tests.dll" adapterTypeName="executor://xunit/VsTestRunner2/netcoreapp" className="BL.Tests.SlopesServiceTest" name="TestAdminAddAutoIncrementSlopeAsync" />
    </UnitTest>
    <UnitTest name="BL.Tests.CheckPermissionsServiceTests.UnauthorizedHasNoAccessToAdminSkiPatrolFunctions(functionName: &quot;MarkMessageReadByUserAsync&quot;)" storage="/mnt/c/users/alena/desktop/7_sem/testing_and_debugging/skiresort/bl.tests/bin/debug/net6.0/bl.tests.dll" id="a19a5fcf-c5d2-7d44-5d7d-84403042f4e0">
      <Execution id="ff93c317-6ff8-45f1-967c-f52fb4185583" />
      <TestMethod codeBase="/mnt/c/Users/alena/Desktop/7_sem/testing_and_debugging/SkiResort/BL.Tests/bin/Debug/net6.0/BL.Tests.dll" adapterTypeName="executor://xunit/VsTestRunner2/netcoreapp" className="BL.Tests.CheckPermissionsServiceTests" name="UnauthorizedHasNoAccessToAdminSkiPatrolFunctions" />
    </UnitTest>
    <UnitTest name="BL.Tests.CheckPermissionsServiceTests.AuthorizedHasNoAccessToAdminSkiPatrolFunctions(functionName: &quot;GetMessagesAsync&quot;)" storage="/mnt/c/users/alena/desktop/7_sem/testing_and_debugging/skiresort/bl.tests/bin/debug/net6.0/bl.tests.dll" id="2602613f-c8e2-a6d9-fcf7-5b27d4a770a6">
      <Execution id="8ce87977-67ef-4709-bbb4-0c4c11db111a" />
      <TestMethod codeBase="/mnt/c/Users/alena/Desktop/7_sem/testing_and_debugging/SkiResort/BL.Tests/bin/Debug/net6.0/BL.Tests.dll" adapterTypeName="executor://xunit/VsTestRunner2/netcoreapp" className="BL.Tests.CheckPermissionsServiceTests" name="AuthorizedHasNoAccessToAdminSkiPatrolFunctions" />
    </UnitTest>
    <UnitTest name="BL.Tests.CheckPermissionsServiceTests.AuthorizedHasNoAccessToAdminFunctions" storage="/mnt/c/users/alena/desktop/7_sem/testing_and_debugging/skiresort/bl.tests/bin/debug/net6.0/bl.tests.dll" id="a2e59116-cb53-1d70-9cb8-21c286516866">
      <Execution id="27cd9968-90d4-4b77-a73b-b387c0a12cae" />
      <TestMethod codeBase="/mnt/c/Users/alena/Desktop/7_sem/testing_and_debugging/SkiResort/BL.Tests/bin/Debug/net6.0/BL.Tests.dll" adapterTypeName="executor://xunit/VsTestRunner2/netcoreapp" className="BL.Tests.CheckPermissionsServiceTests" name="AuthorizedHasNoAccessToAdminFunctions" />
    </UnitTest>
    <UnitTest name="BL.Tests.CheckPermissionsServiceTests.SkiPatrolHasAccessToAdminSkiPatrolFunctions(functionName: &quot;GetMessagesAsync&quot;)" storage="/mnt/c/users/alena/desktop/7_sem/testing_and_debugging/skiresort/bl.tests/bin/debug/net6.0/bl.tests.dll" id="c36970dc-93f7-753e-fa47-157133b01644">
      <Execution id="3f5b0d91-df30-441d-abd0-2f7934328bda" />
      <TestMethod codeBase="/mnt/c/Users/alena/Desktop/7_sem/testing_and_debugging/SkiResort/BL.Tests/bin/Debug/net6.0/BL.Tests.dll" adapterTypeName="executor://xunit/VsTestRunner2/netcoreapp" className="BL.Tests.CheckPermissionsServiceTests" name="SkiPatrolHasAccessToAdminSkiPatrolFunctions" />
    </UnitTest>
    <UnitTest name="BL.Tests.CheckPermissionsServiceTests.AdminHasAccessToAllFunctions" storage="/mnt/c/users/alena/desktop/7_sem/testing_and_debugging/skiresort/bl.tests/bin/debug/net6.0/bl.tests.dll" id="f3efc418-a8a6-c7b7-9bac-90b33aa8472f">
      <Execution id="0443fd71-77ef-487e-9820-fa87fc0e7338" />
      <TestMethod codeBase="/mnt/c/Users/alena/Desktop/7_sem/testing_and_debugging/SkiResort/BL.Tests/bin/Debug/net6.0/BL.Tests.dll" adapterTypeName="executor://xunit/VsTestRunner2/netcoreapp" className="BL.Tests.CheckPermissionsServiceTests" name="AdminHasAccessToAllFunctions" />
    </UnitTest>
    <UnitTest name="BL.Tests.UsersServiceTests.TestRegisterUserWithNoPassword" storage="/mnt/c/users/alena/desktop/7_sem/testing_and_debugging/skiresort/bl.tests/bin/debug/net6.0/bl.tests.dll" id="f44a1b21-8efc-bfac-63b4-d534442def31">
      <Execution id="c504039e-b564-409c-9ce9-f7aba995b44e" />
      <TestMethod codeBase="/mnt/c/Users/alena/Desktop/7_sem/testing_and_debugging/SkiResort/BL.Tests/bin/Debug/net6.0/BL.Tests.dll" adapterTypeName="executor://xunit/VsTestRunner2/netcoreapp" className="BL.Tests.UsersServiceTests" name="TestRegisterUserWithNoPassword" />
    </UnitTest>
    <UnitTest name="BL.Tests.LiftsSlopesServiceTests.TestAdminDeleteLiftSlopeAsync(lift: Lift { LiftID = 82, LiftName = liftNameb72d655a-e1d2-49e7-beaa-f107594f69fd, IsOpen = True, SeatsAmount = 192, LiftingTime = 16, QueueTime = 228, ConnectedSlopes =  }, slope: Slope { SlopeID = 137, SlopeName = slopeNamef4714ea7-8824-46b0-92ad-3dd154b543fe, IsOpen = False, DifficultyLevel = 147, ConnectedLifts =  }, slopesRepositoryStub: Mock&lt;ISlopesRepository:2&gt;, liftsRepo..." storage="/mnt/c/users/alena/desktop/7_sem/testing_and_debugging/skiresort/bl.tests/bin/debug/net6.0/bl.tests.dll" id="14414027-01fc-eca3-329b-bd4f839a9eaf">
      <Execution id="606ef4a1-a390-42ff-9c8d-57e3bb36fcaa" />
      <TestMethod codeBase="/mnt/c/Users/alena/Desktop/7_sem/testing_and_debugging/SkiResort/BL.Tests/bin/Debug/net6.0/BL.Tests.dll" adapterTypeName="executor://xunit/VsTestRunner2/netcoreapp" className="BL.Tests.LiftsSlopesServiceTests" name="TestAdminDeleteLiftSlopeAsync" />
    </UnitTest>
    <UnitTest name="BL.Tests.UsersServiceTests.TestAdminGetUserByIDAsync" storage="/mnt/c/users/alena/desktop/7_sem/testing_and_debugging/skiresort/bl.tests/bin/debug/net6.0/bl.tests.dll" id="e5497347-2721-b7a6-0bd4-69a9921f6947">
      <Execution id="438af77f-4db8-490a-a36a-1eecbaf91188" />
      <TestMethod codeBase="/mnt/c/Users/alena/Desktop/7_sem/testing_and_debugging/SkiResort/BL.Tests/bin/Debug/net6.0/BL.Tests.dll" adapterTypeName="executor://xunit/VsTestRunner2/netcoreapp" className="BL.Tests.UsersServiceTests" name="TestAdminGetUserByIDAsync" />
    </UnitTest>
    <UnitTest name="BL.Tests.LiftsServiceTest.TestGetLiftInfoAsync(userID: 156, lift: Lift { LiftID = 54, LiftName = liftName9a705ca7-94c2-454a-8466-de4caa16554b, IsOpen = True, SeatsAmount = 187, LiftingTime = 163, QueueTime = 33, ConnectedSlopes =  }, checkPermissionServiceMock: Mock&lt;ICheckPermissionService:1&gt;, liftsRepositoryStub: Mock&lt;ILiftsRepository:1&gt;, liftsSlopesRepositoryStub: Mock&lt;ILiftsSlopesRepository:1&gt;, sut: LiftsService { })" storage="/mnt/c/users/alena/desktop/7_sem/testing_and_debugging/skiresort/bl.tests/bin/debug/net6.0/bl.tests.dll" id="948715da-836e-0ddc-36a6-427f8f4768cd">
      <Execution id="44552755-85b8-4582-bafe-d131e5951ce5" />
      <TestMethod codeBase="/mnt/c/Users/alena/Desktop/7_sem/testing_and_debugging/SkiResort/BL.Tests/bin/Debug/net6.0/BL.Tests.dll" adapterTypeName="executor://xunit/VsTestRunner2/netcoreapp" className="BL.Tests.LiftsServiceTest" name="TestGetLiftInfoAsync" />
    </UnitTest>
    <UnitTest name="BL.Tests.SlopesServiceTest.TestUpdateSlopeInfoAsync(userID: 112, slope: Slope { SlopeID = 167, SlopeName = slopeNameaa816498-d6d9-4e3d-b6d3-fff0632b75de, IsOpen = True, DifficultyLevel = 124, ConnectedLifts =  }, checkPermissionServiceMock: Mock&lt;ICheckPermissionService:8&gt;, slopesRepositoryStub: Mock&lt;ISlopesRepository:6&gt;, sut: SlopesService { })" storage="/mnt/c/users/alena/desktop/7_sem/testing_and_debugging/skiresort/bl.tests/bin/debug/net6.0/bl.tests.dll" id="cf405c2f-39cf-b382-efa5-24c108130de9">
      <Execution id="018d0c5c-66f4-491b-8930-9e8939145fcc" />
      <TestMethod codeBase="/mnt/c/Users/alena/Desktop/7_sem/testing_and_debugging/SkiResort/BL.Tests/bin/Debug/net6.0/BL.Tests.dll" adapterTypeName="executor://xunit/VsTestRunner2/netcoreapp" className="BL.Tests.SlopesServiceTest" name="TestUpdateSlopeInfoAsync" />
    </UnitTest>
    <UnitTest name="BL.Tests.TurnstilesServiceTest.TestAdminDeleteTurnstileAsync(userID: 226, turnstile: Turnstile { TurnstileID = 214, LiftID = 210, IsOpen = True }, checkPermissionServiceMock: Mock&lt;ICheckPermissionService:15&gt;, turnstilesRepositoryStub: Mock&lt;ITurnstilesRepository:9&gt;, sut: TurnstilesService { })" storage="/mnt/c/users/alena/desktop/7_sem/testing_and_debugging/skiresort/bl.tests/bin/debug/net6.0/bl.tests.dll" id="e4daff36-d203-9276-d169-ab623c846933">
      <Execution id="0dbbdb42-d22a-409e-97f1-b94ca1ce2adc" />
      <TestMethod codeBase="/mnt/c/Users/alena/Desktop/7_sem/testing_and_debugging/SkiResort/BL.Tests/bin/Debug/net6.0/BL.Tests.dll" adapterTypeName="executor://xunit/VsTestRunner2/netcoreapp" className="BL.Tests.TurnstilesServiceTest" name="TestAdminDeleteTurnstileAsync" />
    </UnitTest>
    <UnitTest name="BL.Tests.UsersServiceTests.TestAdminAddAutoIncrementUser" storage="/mnt/c/users/alena/desktop/7_sem/testing_and_debugging/skiresort/bl.tests/bin/debug/net6.0/bl.tests.dll" id="834c739b-eca4-b36d-6a66-5a1bd75377b8">
      <Execution id="1d65be4d-6563-4772-a4bb-7c00bcc60e52" />
      <TestMethod codeBase="/mnt/c/Users/alena/Desktop/7_sem/testing_and_debugging/SkiResort/BL.Tests/bin/Debug/net6.0/BL.Tests.dll" adapterTypeName="executor://xunit/VsTestRunner2/netcoreapp" className="BL.Tests.UsersServiceTests" name="TestAdminAddAutoIncrementUser" />
    </UnitTest>
    <UnitTest name="BL.Tests.CheckPermissionsServiceTests.UnauthorizedHasNoAccessToAdminSkiPatrolFunctions(functionName: &quot;GetLiftsSlopesInfoAsync&quot;)" storage="/mnt/c/users/alena/desktop/7_sem/testing_and_debugging/skiresort/bl.tests/bin/debug/net6.0/bl.tests.dll" id="387c9729-48c1-486e-5e67-f5d11a9f0db8">
      <Execution id="b9a458c2-94dd-4f7e-adde-c9976f6ef64b" />
      <TestMethod codeBase="/mnt/c/Users/alena/Desktop/7_sem/testing_and_debugging/SkiResort/BL.Tests/bin/Debug/net6.0/BL.Tests.dll" adapterTypeName="executor://xunit/VsTestRunner2/netcoreapp" className="BL.Tests.CheckPermissionsServiceTests" name="UnauthorizedHasNoAccessToAdminSkiPatrolFunctions" />
    </UnitTest>
    <UnitTest name="BL.Tests.CheckPermissionsServiceTests.SkiPatrolHasAccessToAdminSkiPatrolFunctions(functionName: &quot;MarkMessageReadByUserAsync&quot;)" storage="/mnt/c/users/alena/desktop/7_sem/testing_and_debugging/skiresort/bl.tests/bin/debug/net6.0/bl.tests.dll" id="60bd668f-04df-da5e-b79b-5d9aedb5234d">
      <Execution id="a5aac11a-281e-4f34-9911-24627d327673" />
      <TestMethod codeBase="/mnt/c/Users/alena/Desktop/7_sem/testing_and_debugging/SkiResort/BL.Tests/bin/Debug/net6.0/BL.Tests.dll" adapterTypeName="executor://xunit/VsTestRunner2/netcoreapp" className="BL.Tests.CheckPermissionsServiceTests" name="SkiPatrolHasAccessToAdminSkiPatrolFunctions" />
    </UnitTest>
    <UnitTest name="BL.Tests.LiftsServiceTest.TestAdminAddAutoIncrementLiftAsync(userID: 203, lift: Lift { LiftID = 69, LiftName = liftName6671b666-9845-4058-b3bd-045037f0eedb, IsOpen = True, SeatsAmount = 127, LiftingTime = 250, QueueTime = 80, ConnectedSlopes =  }, checkPermissionServiceMock: Mock&lt;ICheckPermissionService:5&gt;, liftsRepositoryStub: Mock&lt;ILiftsRepository:5&gt;, sut: LiftsService { })" storage="/mnt/c/users/alena/desktop/7_sem/testing_and_debugging/skiresort/bl.tests/bin/debug/net6.0/bl.tests.dll" id="339952bf-99a0-e4d7-2b1a-f4bd6baacd9d">
      <Execution id="8bdd93c5-5b4f-4b3c-9b02-4ef687ab062d" />
      <TestMethod codeBase="/mnt/c/Users/alena/Desktop/7_sem/testing_and_debugging/SkiResort/BL.Tests/bin/Debug/net6.0/BL.Tests.dll" adapterTypeName="executor://xunit/VsTestRunner2/netcoreapp" className="BL.Tests.LiftsServiceTest" name="TestAdminAddAutoIncrementLiftAsync" />
    </UnitTest>
    <UnitTest name="BL.Tests.CheckPermissionsServiceTests.UnauthorizedHasNoAccessToAdminFunctions" storage="/mnt/c/users/alena/desktop/7_sem/testing_and_debugging/skiresort/bl.tests/bin/debug/net6.0/bl.tests.dll" id="e2d7e5be-3dae-33ae-fb17-c704b6fd58d6">
      <Execution id="0443fbb2-1fb2-4e48-ba2c-4d15df5c19b0" />
      <TestMethod codeBase="/mnt/c/Users/alena/Desktop/7_sem/testing_and_debugging/SkiResort/BL.Tests/bin/Debug/net6.0/BL.Tests.dll" adapterTypeName="executor://xunit/VsTestRunner2/netcoreapp" className="BL.Tests.CheckPermissionsServiceTests" name="UnauthorizedHasNoAccessToAdminFunctions" />
    </UnitTest>
    <UnitTest name="BL.Tests.UsersServiceTests.TestLogInWithWrongPassword" storage="/mnt/c/users/alena/desktop/7_sem/testing_and_debugging/skiresort/bl.tests/bin/debug/net6.0/bl.tests.dll" id="69340bb6-3645-f9dd-971e-29d8b2a009bb">
      <Execution id="5ee35e11-622c-4f23-8451-85fea04cf25e" />
      <TestMethod codeBase="/mnt/c/Users/alena/Desktop/7_sem/testing_and_debugging/SkiResort/BL.Tests/bin/Debug/net6.0/BL.Tests.dll" adapterTypeName="executor://xunit/VsTestRunner2/netcoreapp" className="BL.Tests.UsersServiceTests" name="TestLogInWithWrongPassword" />
    </UnitTest>
    <UnitTest name="BL.Tests.CheckPermissionsServiceTests.SkiPatrolHasAccessToAdminSkiPatrolFunctions(functionName: &quot;GetLiftsSlopesInfoAsync&quot;)" storage="/mnt/c/users/alena/desktop/7_sem/testing_and_debugging/skiresort/bl.tests/bin/debug/net6.0/bl.tests.dll" id="2d706594-f2b3-b3c8-21d4-86c9798c3306">
      <Execution id="c0c1c6fa-f897-4c70-b9f3-b2ead575f36f" />
      <TestMethod codeBase="/mnt/c/Users/alena/Desktop/7_sem/testing_and_debugging/SkiResort/BL.Tests/bin/Debug/net6.0/BL.Tests.dll" adapterTypeName="executor://xunit/VsTestRunner2/netcoreapp" className="BL.Tests.CheckPermissionsServiceTests" name="SkiPatrolHasAccessToAdminSkiPatrolFunctions" />
    </UnitTest>
    <UnitTest name="BL.Tests.CheckPermissionsServiceTests.SkiPatrolHasNoAccessToAdminFunctions" storage="/mnt/c/users/alena/desktop/7_sem/testing_and_debugging/skiresort/bl.tests/bin/debug/net6.0/bl.tests.dll" id="492c0393-35b4-df26-a537-21ca08302f3c">
      <Execution id="b637d749-5410-4140-bce1-fed83c6d692a" />
      <TestMethod codeBase="/mnt/c/Users/alena/Desktop/7_sem/testing_and_debugging/SkiResort/BL.Tests/bin/Debug/net6.0/BL.Tests.dll" adapterTypeName="executor://xunit/VsTestRunner2/netcoreapp" className="BL.Tests.CheckPermissionsServiceTests" name="SkiPatrolHasNoAccessToAdminFunctions" />
    </UnitTest>
    <UnitTest name="BL.Tests.UsersServiceTests.TestAdminDeleteUser" storage="/mnt/c/users/alena/desktop/7_sem/testing_and_debugging/skiresort/bl.tests/bin/debug/net6.0/bl.tests.dll" id="18fa8c62-e27d-e1fc-8182-4d7db62b008d">
      <Execution id="a8ee1c26-b5f6-424d-aa3a-037553549437" />
      <TestMethod codeBase="/mnt/c/Users/alena/Desktop/7_sem/testing_and_debugging/SkiResort/BL.Tests/bin/Debug/net6.0/BL.Tests.dll" adapterTypeName="executor://xunit/VsTestRunner2/netcoreapp" className="BL.Tests.UsersServiceTests" name="TestAdminDeleteUser" />
    </UnitTest>
    <UnitTest name="BL.Tests.CheckPermissionsServiceTests.AuthorizedHasAccessToAuthorizedFunctions(functionName: &quot;LogOutAsync&quot;)" storage="/mnt/c/users/alena/desktop/7_sem/testing_and_debugging/skiresort/bl.tests/bin/debug/net6.0/bl.tests.dll" id="aa28a6b3-21d3-aa45-24d3-bef2facbc899">
      <Execution id="b1c12766-88bf-497b-a5b2-c582b528ce47" />
      <TestMethod codeBase="/mnt/c/Users/alena/Desktop/7_sem/testing_and_debugging/SkiResort/BL.Tests/bin/Debug/net6.0/BL.Tests.dll" adapterTypeName="executor://xunit/VsTestRunner2/netcoreapp" className="BL.Tests.CheckPermissionsServiceTests" name="AuthorizedHasAccessToAuthorizedFunctions" />
    </UnitTest>
    <UnitTest name="BL.Tests.SlopesServiceTest.TestGetSlopeInfoAsync(userID: 126, slope: Slope { SlopeID = 134, SlopeName = slopeNamea0f206b5-854f-43d3-b3f8-fb78eb1fe810, IsOpen = True, DifficultyLevel = 242, ConnectedLifts =  }, checkPermissionServiceMock: Mock&lt;ICheckPermissionService:6&gt;, slopesRepositoryStub: Mock&lt;ISlopesRepository:4&gt;, liftsSlopesRepositoryStub: Mock&lt;ILiftsSlopesRepository:9&gt;, sut: SlopesService { })" storage="/mnt/c/users/alena/desktop/7_sem/testing_and_debugging/skiresort/bl.tests/bin/debug/net6.0/bl.tests.dll" id="11c3ea0d-c51b-8833-1338-a732e9338f19">
      <Execution id="12ef508f-d080-485e-a798-91ee8df09a19" />
      <TestMethod codeBase="/mnt/c/Users/alena/Desktop/7_sem/testing_and_debugging/SkiResort/BL.Tests/bin/Debug/net6.0/BL.Tests.dll" adapterTypeName="executor://xunit/VsTestRunner2/netcoreapp" className="BL.Tests.SlopesServiceTest" name="TestGetSlopeInfoAsync" />
    </UnitTest>
    <UnitTest name="BL.Tests.UsersServiceTests.TestAdminUpdateUser" storage="/mnt/c/users/alena/desktop/7_sem/testing_and_debugging/skiresort/bl.tests/bin/debug/net6.0/bl.tests.dll" id="06d0bc3a-24a0-fb7f-4277-e9ae6d21c7dd">
      <Execution id="98ba0a74-b490-4f58-83b4-e08bb2d0d5bc" />
      <TestMethod codeBase="/mnt/c/Users/alena/Desktop/7_sem/testing_and_debugging/SkiResort/BL.Tests/bin/Debug/net6.0/BL.Tests.dll" adapterTypeName="executor://xunit/VsTestRunner2/netcoreapp" className="BL.Tests.UsersServiceTests" name="TestAdminUpdateUser" />
    </UnitTest>
    <UnitTest name="BL.Tests.UsersServiceTests.TestLogInOk" storage="/mnt/c/users/alena/desktop/7_sem/testing_and_debugging/skiresort/bl.tests/bin/debug/net6.0/bl.tests.dll" id="1ca07ad8-f799-c5d4-e7cc-34fd950198a2">
      <Execution id="2b2ad8ef-c54c-443d-acf0-44c19339291c" />
      <TestMethod codeBase="/mnt/c/Users/alena/Desktop/7_sem/testing_and_debugging/SkiResort/BL.Tests/bin/Debug/net6.0/BL.Tests.dll" adapterTypeName="executor://xunit/VsTestRunner2/netcoreapp" className="BL.Tests.UsersServiceTests" name="TestLogInOk" />
    </UnitTest>
    <UnitTest name="BL.Tests.TurnstilesServiceTest.TestAdminUpdateTurnstileAsync(userID: 52, turnstile: Turnstile { TurnstileID = 90, LiftID = 213, IsOpen = True }, checkPermissionServiceMock: Mock&lt;ICheckPermissionService:14&gt;, turnstilesRepositoryStub: Mock&lt;ITurnstilesRepository:8&gt;, sut: TurnstilesService { })" storage="/mnt/c/users/alena/desktop/7_sem/testing_and_debugging/skiresort/bl.tests/bin/debug/net6.0/bl.tests.dll" id="4ca0034d-4600-9f70-55f3-1cadf8e53aaf">
      <Execution id="0b8c2856-c62e-45f1-bf1a-a2a24121d4b2" />
      <TestMethod codeBase="/mnt/c/Users/alena/Desktop/7_sem/testing_and_debugging/SkiResort/BL.Tests/bin/Debug/net6.0/BL.Tests.dll" adapterTypeName="executor://xunit/VsTestRunner2/netcoreapp" className="BL.Tests.TurnstilesServiceTest" name="TestAdminUpdateTurnstileAsync" />
    </UnitTest>
    <UnitTest name="BL.Tests.UsersServiceTests.TestAdminGetUsers" storage="/mnt/c/users/alena/desktop/7_sem/testing_and_debugging/skiresort/bl.tests/bin/debug/net6.0/bl.tests.dll" id="20ad8570-0170-85de-dcd7-2f109dd7bcd6">
      <Execution id="3a9a0871-6761-48ce-abbb-f2976c7a11e8" />
      <TestMethod codeBase="/mnt/c/Users/alena/Desktop/7_sem/testing_and_debugging/SkiResort/BL.Tests/bin/Debug/net6.0/BL.Tests.dll" adapterTypeName="executor://xunit/VsTestRunner2/netcoreapp" className="BL.Tests.UsersServiceTests" name="TestAdminGetUsers" />
    </UnitTest>
    <UnitTest name="BL.Tests.CheckPermissionsServiceTests.UnauthorizedHasNoAccessToAdminSkiPatrolFunctions(functionName: &quot;GetMessagesAsync&quot;)" storage="/mnt/c/users/alena/desktop/7_sem/testing_and_debugging/skiresort/bl.tests/bin/debug/net6.0/bl.tests.dll" id="229812f5-9a73-5335-11f5-31330d1348a5">
      <Execution id="aff91a1f-39b8-4150-b0b0-5dc9dfe5ad63" />
      <TestMethod codeBase="/mnt/c/Users/alena/Desktop/7_sem/testing_and_debugging/SkiResort/BL.Tests/bin/Debug/net6.0/BL.Tests.dll" adapterTypeName="executor://xunit/VsTestRunner2/netcoreapp" className="BL.Tests.CheckPermissionsServiceTests" name="UnauthorizedHasNoAccessToAdminSkiPatrolFunctions" />
    </UnitTest>
    <UnitTest name="BL.Tests.SlopesServiceTest.TestAdminAddSlopeAsync(userID: 24, slope: Slope { SlopeID = 192, SlopeName = slopeName094ca5b7-60b6-49fa-a93e-6473c0079720, IsOpen = True, DifficultyLevel = 25, ConnectedLifts =  }, checkPermissionServiceMock: Mock&lt;ICheckPermissionService:11&gt;, slopesRepositoryStub: Mock&lt;ISlopesRepository:9&gt;, sut: SlopesService { })" storage="/mnt/c/users/alena/desktop/7_sem/testing_and_debugging/skiresort/bl.tests/bin/debug/net6.0/bl.tests.dll" id="842351f3-88e7-e436-57fa-0b6050599d1b">
      <Execution id="892f8614-265e-4f70-a043-272569df1541" />
      <TestMethod codeBase="/mnt/c/Users/alena/Desktop/7_sem/testing_and_debugging/SkiResort/BL.Tests/bin/Debug/net6.0/BL.Tests.dll" adapterTypeName="executor://xunit/VsTestRunner2/netcoreapp" className="BL.Tests.SlopesServiceTest" name="TestAdminAddSlopeAsync" />
    </UnitTest>
    <UnitTest name="BL.Tests.TurnstilesServiceTest.TestAdminGetTurnstileAsync(userID: 161, turnstile: Turnstile { TurnstileID = 251, LiftID = 135, IsOpen = True }, checkPermissionServiceMock: Mock&lt;ICheckPermissionService:12&gt;, turnstilesRepositoryStub: Mock&lt;ITurnstilesRepository:6&gt;, sut: TurnstilesService { })" storage="/mnt/c/users/alena/desktop/7_sem/testing_and_debugging/skiresort/bl.tests/bin/debug/net6.0/bl.tests.dll" id="efdd1221-fa36-1070-5c80-5b9bd2c463d6">
      <Execution id="b2721aa7-d739-4f27-ae63-978b0ce32cee" />
      <TestMethod codeBase="/mnt/c/Users/alena/Desktop/7_sem/testing_and_debugging/SkiResort/BL.Tests/bin/Debug/net6.0/BL.Tests.dll" adapterTypeName="executor://xunit/VsTestRunner2/netcoreapp" className="BL.Tests.TurnstilesServiceTest" name="TestAdminGetTurnstileAsync" />
    </UnitTest>
    <UnitTest name="BL.Tests.TurnstilesServiceTest.TestAdminGetTurnstilesAsync(userID: 209, initialTurnstiles: [Turnstile { TurnstileID = 77, LiftID = 240, IsOpen = True }, Turnstile { TurnstileID = 12, LiftID = 245, IsOpen = False }, Turnstile { TurnstileID = 79, LiftID = 14, IsOpen = True }], checkPermissionServiceMock: Mock&lt;ICheckPermissionService:13&gt;, turnstilesRepositoryStub: Mock&lt;ITurnstilesRepository:7&gt;, sut: TurnstilesService { })" storage="/mnt/c/users/alena/desktop/7_sem/testing_and_debugging/skiresort/bl.tests/bin/debug/net6.0/bl.tests.dll" id="505edbb7-a8e4-ec24-757a-8800e10a0333">
      <Execution id="f3970eec-beb2-4d49-b071-2f5956d724ed" />
      <TestMethod codeBase="/mnt/c/Users/alena/Desktop/7_sem/testing_and_debugging/SkiResort/BL.Tests/bin/Debug/net6.0/BL.Tests.dll" adapterTypeName="executor://xunit/VsTestRunner2/netcoreapp" className="BL.Tests.TurnstilesServiceTest" name="TestAdminGetTurnstilesAsync" />
    </UnitTest>
    <UnitTest name="BL.Tests.LiftsSlopesServiceTests.TestAdminAddAutoIncrementLiftSlopeAsync(lift: Lift { LiftID = 17, LiftName = liftName2e2f982b-e12e-44b0-a5ed-063e8909e7b6, IsOpen = True, SeatsAmount = 50, LiftingTime = 175, QueueTime = 53, ConnectedSlopes =  }, slope: Slope { SlopeID = 245, SlopeName = slopeName26968b33-907d-4ce3-b996-640cd2a01a9c, IsOpen = False, DifficultyLevel = 88, ConnectedLifts =  }, slopesRepositoryStub: Mock&lt;ISlopesRepository:3&gt;, l..." storage="/mnt/c/users/alena/desktop/7_sem/testing_and_debugging/skiresort/bl.tests/bin/debug/net6.0/bl.tests.dll" id="27a17b01-8253-f4d9-4338-ede2dbd1c3e2">
      <Execution id="78c7a71b-a985-4b74-b7b3-7582c67994f4" />
      <TestMethod codeBase="/mnt/c/Users/alena/Desktop/7_sem/testing_and_debugging/SkiResort/BL.Tests/bin/Debug/net6.0/BL.Tests.dll" adapterTypeName="executor://xunit/VsTestRunner2/netcoreapp" className="BL.Tests.LiftsSlopesServiceTests" name="TestAdminAddAutoIncrementLiftSlopeAsync" />
    </UnitTest>
    <UnitTest name="BL.Tests.CheckPermissionsServiceTests.AuthorizedHasNoAccessToAdminSkiPatrolFunctions(functionName: &quot;GetLiftsSlopesInfoAsync&quot;)" storage="/mnt/c/users/alena/desktop/7_sem/testing_and_debugging/skiresort/bl.tests/bin/debug/net6.0/bl.tests.dll" id="4f297306-d4f3-8d63-e7f4-1ac0b8c58c74">
      <Execution id="ab7fa448-dfa0-46e8-a682-4b9b6e22e8da" />
      <TestMethod codeBase="/mnt/c/Users/alena/Desktop/7_sem/testing_and_debugging/SkiResort/BL.Tests/bin/Debug/net6.0/BL.Tests.dll" adapterTypeName="executor://xunit/VsTestRunner2/netcoreapp" className="BL.Tests.CheckPermissionsServiceTests" name="AuthorizedHasNoAccessToAdminSkiPatrolFunctions" />
    </UnitTest>
    <UnitTest name="BL.Tests.LiftsServiceTest.TestGetLiftsInfoAsync(userID: 99, initialLifts: [Lift { LiftID = 250, LiftName = liftName604f7ef1-fda2-4898-a088-832c7fb03f41, IsOpen = True, SeatsAmount = 88, LiftingTime = 193, QueueTime = 79, ConnectedSlopes =  }, Lift { LiftID = 9, LiftName = liftName83b5e44b-77e0-4372-9d2e-b6ae94fd4af3, IsOpen = False, SeatsAmount = 214, LiftingTime = 156, QueueTime = 113, ConnectedSlopes =  }, Lift { LiftID = 234, LiftName = ..." storage="/mnt/c/users/alena/desktop/7_sem/testing_and_debugging/skiresort/bl.tests/bin/debug/net6.0/bl.tests.dll" id="b6f72858-0d87-d9b0-93d4-7aa27b23787f">
      <Execution id="d35163b8-fcbb-476b-b2ab-bcebc0cb3f52" />
      <TestMethod codeBase="/mnt/c/Users/alena/Desktop/7_sem/testing_and_debugging/SkiResort/BL.Tests/bin/Debug/net6.0/BL.Tests.dll" adapterTypeName="executor://xunit/VsTestRunner2/netcoreapp" className="BL.Tests.LiftsServiceTest" name="TestGetLiftsInfoAsync" />
    </UnitTest>
    <UnitTest name="BL.Tests.LiftsSlopesServiceTests.TestGetLiftsSlopesInfoAsync(liftsSlopes: [LiftSlope { RecordID = 249, LiftID = 19, SlopeID = 115 }, LiftSlope { RecordID = 253, LiftID = 97, SlopeID = 179 }, LiftSlope { RecordID = 220, LiftID = 109, SlopeID = 150 }], slopesRepositoryStub: Mock&lt;ISlopesRepository:1&gt;, liftsRepositoryStub: Mock&lt;ILiftsRepository:6&gt;, liftsSlopesRepositoryStub: Mock&lt;ILiftsSlopesRepository:6&gt;)" storage="/mnt/c/users/alena/desktop/7_sem/testing_and_debugging/skiresort/bl.tests/bin/debug/net6.0/bl.tests.dll" id="e429852d-a6ed-7c2a-25fd-cd839b159d56">
      <Execution id="337ec4cd-303a-449e-97de-a6ed5294750c" />
      <TestMethod codeBase="/mnt/c/Users/alena/Desktop/7_sem/testing_and_debugging/SkiResort/BL.Tests/bin/Debug/net6.0/BL.Tests.dll" adapterTypeName="executor://xunit/VsTestRunner2/netcoreapp" className="BL.Tests.LiftsSlopesServiceTests" name="TestGetLiftsSlopesInfoAsync" />
    </UnitTest>
    <UnitTest name="BL.Tests.UsersServiceTests.TestRegisterOk" storage="/mnt/c/users/alena/desktop/7_sem/testing_and_debugging/skiresort/bl.tests/bin/debug/net6.0/bl.tests.dll" id="0eeef75f-6e38-7893-a8fe-cff3e0a970a7">
      <Execution id="668d979f-7e93-4857-ba2f-70f1fe2aeaa1" />
      <TestMethod codeBase="/mnt/c/Users/alena/Desktop/7_sem/testing_and_debugging/SkiResort/BL.Tests/bin/Debug/net6.0/BL.Tests.dll" adapterTypeName="executor://xunit/VsTestRunner2/netcoreapp" className="BL.Tests.UsersServiceTests" name="TestRegisterOk" />
    </UnitTest>
    <UnitTest name="BL.Tests.SlopesServiceTest.TestAdminDeleteSlopeAsync(userID: 208, slope: Slope { SlopeID = 17, SlopeName = slopeNamefe7900b6-462a-493f-a463-1d1a38763f90, IsOpen = True, DifficultyLevel = 54, ConnectedLifts =  }, checkPermissionServiceMock: Mock&lt;ICheckPermissionService:9&gt;, slopesRepositoryStub: Mock&lt;ISlopesRepository:7&gt;, liftsSlopesRepositoryStub: Mock&lt;ILiftsSlopesRepository:12&gt;, sut: SlopesService { })" storage="/mnt/c/users/alena/desktop/7_sem/testing_and_debugging/skiresort/bl.tests/bin/debug/net6.0/bl.tests.dll" id="62c8cf65-fe93-7cd1-9adc-275b5a14f50d">
      <Execution id="6e8e7891-1609-4a16-a81c-616ff5b038e1" />
      <TestMethod codeBase="/mnt/c/Users/alena/Desktop/7_sem/testing_and_debugging/SkiResort/BL.Tests/bin/Debug/net6.0/BL.Tests.dll" adapterTypeName="executor://xunit/VsTestRunner2/netcoreapp" className="BL.Tests.SlopesServiceTest" name="TestAdminDeleteSlopeAsync" />
    </UnitTest>
    <UnitTest name="BL.Tests.CheckPermissionsServiceTests.AuthorizedHasAccessToAuthorizedFunctions(functionName: &quot;SendMessageAsync&quot;)" storage="/mnt/c/users/alena/desktop/7_sem/testing_and_debugging/skiresort/bl.tests/bin/debug/net6.0/bl.tests.dll" id="644ec43e-70cd-c82d-42e7-0d990be1414d">
      <Execution id="7023217e-3d77-4b20-8db8-eca72047e41f" />
      <TestMethod codeBase="/mnt/c/Users/alena/Desktop/7_sem/testing_and_debugging/SkiResort/BL.Tests/bin/Debug/net6.0/BL.Tests.dll" adapterTypeName="executor://xunit/VsTestRunner2/netcoreapp" className="BL.Tests.CheckPermissionsServiceTests" name="AuthorizedHasAccessToAuthorizedFunctions" />
    </UnitTest>
    <UnitTest name="BL.Tests.LiftsServiceTest.TestUpdateLiftInfoAsync(userID: 53, lift: Lift { LiftID = 197, LiftName = liftNamec42f4523-d593-44dd-bd81-ddd179bcc4d3, IsOpen = True, SeatsAmount = 199, LiftingTime = 222, QueueTime = 143, ConnectedSlopes =  }, checkPermissionServiceMock: Mock&lt;ICheckPermissionService:3&gt;, liftsRepositoryStub: Mock&lt;ILiftsRepository:3&gt;, sut: LiftsService { })" storage="/mnt/c/users/alena/desktop/7_sem/testing_and_debugging/skiresort/bl.tests/bin/debug/net6.0/bl.tests.dll" id="ba4cf48d-d485-946d-f234-372caa5c1390">
      <Execution id="b95b8949-1cc8-487a-b94d-e98f349b712f" />
      <TestMethod codeBase="/mnt/c/Users/alena/Desktop/7_sem/testing_and_debugging/SkiResort/BL.Tests/bin/Debug/net6.0/BL.Tests.dll" adapterTypeName="executor://xunit/VsTestRunner2/netcoreapp" className="BL.Tests.LiftsServiceTest" name="TestUpdateLiftInfoAsync" />
    </UnitTest>
    <UnitTest name="BL.Tests.CheckPermissionsServiceTests.UnauthorizedHasNoAccessToAuthorizedFunctions(functionName: &quot;LogOutAsync&quot;)" storage="/mnt/c/users/alena/desktop/7_sem/testing_and_debugging/skiresort/bl.tests/bin/debug/net6.0/bl.tests.dll" id="fa960c5e-f989-2880-784e-8efe538c5231">
      <Execution id="cf11ae32-5291-4210-9162-09243274a248" />
      <TestMethod codeBase="/mnt/c/Users/alena/Desktop/7_sem/testing_and_debugging/SkiResort/BL.Tests/bin/Debug/net6.0/BL.Tests.dll" adapterTypeName="executor://xunit/VsTestRunner2/netcoreapp" className="BL.Tests.CheckPermissionsServiceTests" name="UnauthorizedHasNoAccessToAuthorizedFunctions" />
    </UnitTest>
    <UnitTest name="BL.Tests.CheckPermissionsServiceTests.UnauthorizedHasNoAccessToAuthorizedFunctions(functionName: &quot;SendMessageAsync&quot;)" storage="/mnt/c/users/alena/desktop/7_sem/testing_and_debugging/skiresort/bl.tests/bin/debug/net6.0/bl.tests.dll" id="eaabd2fc-2f4b-5689-59c8-c7ad34a8f634">
      <Execution id="67db21c2-c7fc-4388-ae67-c3c89fc67c1c" />
      <TestMethod codeBase="/mnt/c/Users/alena/Desktop/7_sem/testing_and_debugging/SkiResort/BL.Tests/bin/Debug/net6.0/BL.Tests.dll" adapterTypeName="executor://xunit/VsTestRunner2/netcoreapp" className="BL.Tests.CheckPermissionsServiceTests" name="UnauthorizedHasNoAccessToAuthorizedFunctions" />
    </UnitTest>
    <UnitTest name="BL.Tests.UsersServiceTests.TestRegisterUserWithRepeatedEmail" storage="/mnt/c/users/alena/desktop/7_sem/testing_and_debugging/skiresort/bl.tests/bin/debug/net6.0/bl.tests.dll" id="894941c1-bfa7-d8f9-c047-1e1ceefe2c2f">
      <Execution id="617c412b-fbf3-484c-ae58-66a84e62e195" />
      <TestMethod codeBase="/mnt/c/Users/alena/Desktop/7_sem/testing_and_debugging/SkiResort/BL.Tests/bin/Debug/net6.0/BL.Tests.dll" adapterTypeName="executor://xunit/VsTestRunner2/netcoreapp" className="BL.Tests.UsersServiceTests" name="TestRegisterUserWithRepeatedEmail" />
    </UnitTest>
    <UnitTest name="BL.Tests.UsersServiceTests.TestRegisterUserWithNoEmail" storage="/mnt/c/users/alena/desktop/7_sem/testing_and_debugging/skiresort/bl.tests/bin/debug/net6.0/bl.tests.dll" id="8184bd30-991c-b78d-b4ec-99a485eac0dd">
      <Execution id="af75b4c7-eb26-4cbf-b189-bb55080d26fa" />
      <TestMethod codeBase="/mnt/c/Users/alena/Desktop/7_sem/testing_and_debugging/SkiResort/BL.Tests/bin/Debug/net6.0/BL.Tests.dll" adapterTypeName="executor://xunit/VsTestRunner2/netcoreapp" className="BL.Tests.UsersServiceTests" name="TestRegisterUserWithNoEmail" />
    </UnitTest>
    <UnitTest name="BL.Tests.LiftsServiceTest.TestAdminDeleteLiftAsync(userID: 240, lift: Lift { LiftID = 54, LiftName = liftName2ed25b87-5f2f-4b47-be3f-8d2c5ab0214d, IsOpen = True, SeatsAmount = 139, LiftingTime = 130, QueueTime = 4, ConnectedSlopes =  }, checkPermissionServiceMock: Mock&lt;ICheckPermissionService:4&gt;, liftsRepositoryStub: Mock&lt;ILiftsRepository:4&gt;, liftsSlopesRepositoryStub: Mock&lt;ILiftsSlopesRepository:4&gt;, sut: LiftsService { })" storage="/mnt/c/users/alena/desktop/7_sem/testing_and_debugging/skiresort/bl.tests/bin/debug/net6.0/bl.tests.dll" id="98d3c0fd-a721-623d-3e72-ef3bf95a5927">
      <Execution id="0fff3f17-2042-45ca-95fd-feda28ffa600" />
      <TestMethod codeBase="/mnt/c/Users/alena/Desktop/7_sem/testing_and_debugging/SkiResort/BL.Tests/bin/Debug/net6.0/BL.Tests.dll" adapterTypeName="executor://xunit/VsTestRunner2/netcoreapp" className="BL.Tests.LiftsServiceTest" name="TestAdminDeleteLiftAsync" />
    </UnitTest>
  </TestDefinitions>
  <TestEntries>
    <TestEntry testId="9c7df5e2-1b23-ebea-889f-b78ca86b60ab" executionId="cb1b944d-dfaf-427e-abf9-3929456d54f9" testListId="8c84fa94-04c1-424b-9868-57a2d4851a1d" />
    <TestEntry testId="20ad8570-0170-85de-dcd7-2f109dd7bcd6" executionId="3a9a0871-6761-48ce-abbb-f2976c7a11e8" testListId="8c84fa94-04c1-424b-9868-57a2d4851a1d" />
    <TestEntry testId="2602613f-c8e2-a6d9-fcf7-5b27d4a770a6" executionId="8ce87977-67ef-4709-bbb4-0c4c11db111a" testListId="8c84fa94-04c1-424b-9868-57a2d4851a1d" />
    <TestEntry testId="948715da-836e-0ddc-36a6-427f8f4768cd" executionId="44552755-85b8-4582-bafe-d131e5951ce5" testListId="8c84fa94-04c1-424b-9868-57a2d4851a1d" />
    <TestEntry testId="0eeef75f-6e38-7893-a8fe-cff3e0a970a7" executionId="668d979f-7e93-4857-ba2f-70f1fe2aeaa1" testListId="8c84fa94-04c1-424b-9868-57a2d4851a1d" />
    <TestEntry testId="11c3ea0d-c51b-8833-1338-a732e9338f19" executionId="12ef508f-d080-485e-a798-91ee8df09a19" testListId="8c84fa94-04c1-424b-9868-57a2d4851a1d" />
    <TestEntry testId="e4daff36-d203-9276-d169-ab623c846933" executionId="0dbbdb42-d22a-409e-97f1-b94ca1ce2adc" testListId="8c84fa94-04c1-424b-9868-57a2d4851a1d" />
    <TestEntry testId="fa960c5e-f989-2880-784e-8efe538c5231" executionId="cf11ae32-5291-4210-9162-09243274a248" testListId="8c84fa94-04c1-424b-9868-57a2d4851a1d" />
    <TestEntry testId="b6f72858-0d87-d9b0-93d4-7aa27b23787f" executionId="d35163b8-fcbb-476b-b2ab-bcebc0cb3f52" testListId="8c84fa94-04c1-424b-9868-57a2d4851a1d" />
    <TestEntry testId="f44a1b21-8efc-bfac-63b4-d534442def31" executionId="c504039e-b564-409c-9ce9-f7aba995b44e" testListId="8c84fa94-04c1-424b-9868-57a2d4851a1d" />
    <TestEntry testId="eaabd2fc-2f4b-5689-59c8-c7ad34a8f634" executionId="67db21c2-c7fc-4388-ae67-c3c89fc67c1c" testListId="8c84fa94-04c1-424b-9868-57a2d4851a1d" />
    <TestEntry testId="cf405c2f-39cf-b382-efa5-24c108130de9" executionId="018d0c5c-66f4-491b-8930-9e8939145fcc" testListId="8c84fa94-04c1-424b-9868-57a2d4851a1d" />
    <TestEntry testId="60fee59b-d113-7137-0cce-adf6acf1f2ae" executionId="f4de6220-504d-4203-acbd-c9aa8ebf5d3a" testListId="8c84fa94-04c1-424b-9868-57a2d4851a1d" />
    <TestEntry testId="2d706594-f2b3-b3c8-21d4-86c9798c3306" executionId="c0c1c6fa-f897-4c70-b9f3-b2ead575f36f" testListId="8c84fa94-04c1-424b-9868-57a2d4851a1d" />
    <TestEntry testId="8184bd30-991c-b78d-b4ec-99a485eac0dd" executionId="af75b4c7-eb26-4cbf-b189-bb55080d26fa" testListId="8c84fa94-04c1-424b-9868-57a2d4851a1d" />
    <TestEntry testId="d75e98a2-1e48-fc61-b108-c129a4527141" executionId="a5c16535-bbfd-4bad-8d04-bab89aefee28" testListId="8c84fa94-04c1-424b-9868-57a2d4851a1d" />
    <TestEntry testId="aa28a6b3-21d3-aa45-24d3-bef2facbc899" executionId="b1c12766-88bf-497b-a5b2-c582b528ce47" testListId="8c84fa94-04c1-424b-9868-57a2d4851a1d" />
    <TestEntry testId="14414027-01fc-eca3-329b-bd4f839a9eaf" executionId="606ef4a1-a390-42ff-9c8d-57e3bb36fcaa" testListId="8c84fa94-04c1-424b-9868-57a2d4851a1d" />
    <TestEntry testId="1ca07ad8-f799-c5d4-e7cc-34fd950198a2" executionId="2b2ad8ef-c54c-443d-acf0-44c19339291c" testListId="8c84fa94-04c1-424b-9868-57a2d4851a1d" />
    <TestEntry testId="18fa8c62-e27d-e1fc-8182-4d7db62b008d" executionId="a8ee1c26-b5f6-424d-aa3a-037553549437" testListId="8c84fa94-04c1-424b-9868-57a2d4851a1d" />
    <TestEntry testId="4ca0034d-4600-9f70-55f3-1cadf8e53aaf" executionId="0b8c2856-c62e-45f1-bf1a-a2a24121d4b2" testListId="8c84fa94-04c1-424b-9868-57a2d4851a1d" />
    <TestEntry testId="a19a5fcf-c5d2-7d44-5d7d-84403042f4e0" executionId="ff93c317-6ff8-45f1-967c-f52fb4185583" testListId="8c84fa94-04c1-424b-9868-57a2d4851a1d" />
    <TestEntry testId="505edbb7-a8e4-ec24-757a-8800e10a0333" executionId="f3970eec-beb2-4d49-b071-2f5956d724ed" testListId="8c84fa94-04c1-424b-9868-57a2d4851a1d" />
    <TestEntry testId="a2e59116-cb53-1d70-9cb8-21c286516866" executionId="27cd9968-90d4-4b77-a73b-b387c0a12cae" testListId="8c84fa94-04c1-424b-9868-57a2d4851a1d" />
    <TestEntry testId="4f297306-d4f3-8d63-e7f4-1ac0b8c58c74" executionId="ab7fa448-dfa0-46e8-a682-4b9b6e22e8da" testListId="8c84fa94-04c1-424b-9868-57a2d4851a1d" />
    <TestEntry testId="492c0393-35b4-df26-a537-21ca08302f3c" executionId="b637d749-5410-4140-bce1-fed83c6d692a" testListId="8c84fa94-04c1-424b-9868-57a2d4851a1d" />
    <TestEntry testId="54daba11-1240-df14-5e14-9e4cb6ef6cb8" executionId="1662cc9f-80e4-41a0-b295-927ecfa8a54f" testListId="8c84fa94-04c1-424b-9868-57a2d4851a1d" />
    <TestEntry testId="62c8cf65-fe93-7cd1-9adc-275b5a14f50d" executionId="6e8e7891-1609-4a16-a81c-616ff5b038e1" testListId="8c84fa94-04c1-424b-9868-57a2d4851a1d" />
    <TestEntry testId="e429852d-a6ed-7c2a-25fd-cd839b159d56" executionId="337ec4cd-303a-449e-97de-a6ed5294750c" testListId="8c84fa94-04c1-424b-9868-57a2d4851a1d" />
    <TestEntry testId="f3efc418-a8a6-c7b7-9bac-90b33aa8472f" executionId="0443fd71-77ef-487e-9820-fa87fc0e7338" testListId="8c84fa94-04c1-424b-9868-57a2d4851a1d" />
    <TestEntry testId="842351f3-88e7-e436-57fa-0b6050599d1b" executionId="892f8614-265e-4f70-a043-272569df1541" testListId="8c84fa94-04c1-424b-9868-57a2d4851a1d" />
    <TestEntry testId="27a17b01-8253-f4d9-4338-ede2dbd1c3e2" executionId="78c7a71b-a985-4b74-b7b3-7582c67994f4" testListId="8c84fa94-04c1-424b-9868-57a2d4851a1d" />
    <TestEntry testId="60bd668f-04df-da5e-b79b-5d9aedb5234d" executionId="a5aac11a-281e-4f34-9911-24627d327673" testListId="8c84fa94-04c1-424b-9868-57a2d4851a1d" />
    <TestEntry testId="efdd1221-fa36-1070-5c80-5b9bd2c463d6" executionId="b2721aa7-d739-4f27-ae63-978b0ce32cee" testListId="8c84fa94-04c1-424b-9868-57a2d4851a1d" />
    <TestEntry testId="c36970dc-93f7-753e-fa47-157133b01644" executionId="3f5b0d91-df30-441d-abd0-2f7934328bda" testListId="8c84fa94-04c1-424b-9868-57a2d4851a1d" />
    <TestEntry testId="339952bf-99a0-e4d7-2b1a-f4bd6baacd9d" executionId="8bdd93c5-5b4f-4b3c-9b02-4ef687ab062d" testListId="8c84fa94-04c1-424b-9868-57a2d4851a1d" />
    <TestEntry testId="98d3c0fd-a721-623d-3e72-ef3bf95a5927" executionId="0fff3f17-2042-45ca-95fd-feda28ffa600" testListId="8c84fa94-04c1-424b-9868-57a2d4851a1d" />
    <TestEntry testId="ba4cf48d-d485-946d-f234-372caa5c1390" executionId="b95b8949-1cc8-487a-b94d-e98f349b712f" testListId="8c84fa94-04c1-424b-9868-57a2d4851a1d" />
    <TestEntry testId="229812f5-9a73-5335-11f5-31330d1348a5" executionId="aff91a1f-39b8-4150-b0b0-5dc9dfe5ad63" testListId="8c84fa94-04c1-424b-9868-57a2d4851a1d" />
    <TestEntry testId="e5497347-2721-b7a6-0bd4-69a9921f6947" executionId="438af77f-4db8-490a-a36a-1eecbaf91188" testListId="8c84fa94-04c1-424b-9868-57a2d4851a1d" />
    <TestEntry testId="644ec43e-70cd-c82d-42e7-0d990be1414d" executionId="7023217e-3d77-4b20-8db8-eca72047e41f" testListId="8c84fa94-04c1-424b-9868-57a2d4851a1d" />
    <TestEntry testId="06d0bc3a-24a0-fb7f-4277-e9ae6d21c7dd" executionId="98ba0a74-b490-4f58-83b4-e08bb2d0d5bc" testListId="8c84fa94-04c1-424b-9868-57a2d4851a1d" />
    <TestEntry testId="69340bb6-3645-f9dd-971e-29d8b2a009bb" executionId="5ee35e11-622c-4f23-8451-85fea04cf25e" testListId="8c84fa94-04c1-424b-9868-57a2d4851a1d" />
    <TestEntry testId="e2d7e5be-3dae-33ae-fb17-c704b6fd58d6" executionId="0443fbb2-1fb2-4e48-ba2c-4d15df5c19b0" testListId="8c84fa94-04c1-424b-9868-57a2d4851a1d" />
    <TestEntry testId="834c739b-eca4-b36d-6a66-5a1bd75377b8" executionId="1d65be4d-6563-4772-a4bb-7c00bcc60e52" testListId="8c84fa94-04c1-424b-9868-57a2d4851a1d" />
    <TestEntry testId="387c9729-48c1-486e-5e67-f5d11a9f0db8" executionId="b9a458c2-94dd-4f7e-adde-c9976f6ef64b" testListId="8c84fa94-04c1-424b-9868-57a2d4851a1d" />
    <TestEntry testId="894941c1-bfa7-d8f9-c047-1e1ceefe2c2f" executionId="617c412b-fbf3-484c-ae58-66a84e62e195" testListId="8c84fa94-04c1-424b-9868-57a2d4851a1d" />
  </TestEntries>
  <TestLists>
    <TestList name="Results Not in a List" id="8c84fa94-04c1-424b-9868-57a2d4851a1d" />
    <TestList name="All Loaded Results" id="19431567-8539-422a-85d7-44ee4e166bda" />
  </TestLists>
  <ResultSummary outcome="Completed">
    <Counters total="47" executed="47" passed="47" failed="0" error="0" timeout="0" aborted="0" inconclusive="0" passedButRunAborted="0" notRunnable="0" notExecuted="0" disconnected="0" warning="0" completed="0" inProgress="0" pending="0" />
    <Output>
      <StdOut>[xUnit.net 00:00:00.00] xUnit.net VSTest Adapter v2.4.5+1caef2f33e (64-bit .NET 6.0.10)
[xUnit.net 00:00:00.94]   Discovering: BL.Tests
[xUnit.net 00:00:01.16]   Discovered:  BL.Tests
[xUnit.net 00:00:01.16]   Starting:    BL.Tests
[xUnit.net 00:00:01.65]   Finished:    BL.Tests
</StdOut>
    </Output>
  </ResultSummary>
</TestRun>