<?xml version="1.0" encoding="utf-8"?>
<TestRun id="02d084ea-a0c8-4d05-9e30-26ecb2ee1cee" name="@DESKTOP-TJ9D65N 2022-11-03 09:35:25" xmlns="http://microsoft.com/schemas/VisualStudio/TeamTest/2010">
  <Times creation="2022-11-03T09:35:25.5156763+03:00" queuing="2022-11-03T09:35:25.5156764+03:00" start="2022-11-03T09:35:23.0059485+03:00" finish="2022-11-03T09:35:25.7623580+03:00" />
  <TestSettings name="default" id="924245dc-4868-41b8-8131-3d4b7296b778">
    <Deployment runDeploymentRoot="_DESKTOP-TJ9D65N_2022-11-03_09_35_25" />
  </TestSettings>
  <Results>
    <UnitTestResult executionId="ead2ee6f-a717-4d52-97d6-4910bfd62cb4" testId="d2e5011d-cb78-0d37-381f-ca1f21ffdbeb" testName="BL.Tests.TurnstilesServiceTest.TestAdminAddAutoIncrementTurnstileAsync(userID: 176, turnstile: Turnstile { TurnstileID = 4, LiftID = 245, IsOpen = True }, checkPermissionServiceMock: Mock&lt;ICheckPermissionService:16&gt;, turnstilesRepositoryStub: Mock&lt;ITurnstilesRepository:10&gt;, sut: TurnstilesService { })" computerName="DESKTOP-TJ9D65N" duration="00:00:00.0119480" startTime="2022-11-03T09:35:25.5056121+03:00" endTime="2022-11-03T09:35:25.5056122+03:00" testType="13cdc9d9-ddb5-4fa4-a97d-d965ccfc6d4b" outcome="Passed" testListId="8c84fa94-04c1-424b-9868-57a2d4851a1d" relativeResultsDirectory="ead2ee6f-a717-4d52-97d6-4910bfd62cb4" />
    <UnitTestResult executionId="ad2ae165-9c28-4016-af2c-ab541dcd1f4f" testId="e5497347-2721-b7a6-0bd4-69a9921f6947" testName="BL.Tests.UsersServiceTests.TestAdminGetUserByIDAsync" computerName="DESKTOP-TJ9D65N" duration="00:00:00.0031328" startTime="2022-11-03T09:35:25.6157538+03:00" endTime="2022-11-03T09:35:25.6157539+03:00" testType="13cdc9d9-ddb5-4fa4-a97d-d965ccfc6d4b" outcome="Passed" testListId="8c84fa94-04c1-424b-9868-57a2d4851a1d" relativeResultsDirectory="ad2ae165-9c28-4016-af2c-ab541dcd1f4f" />
    <UnitTestResult executionId="3d0c0eef-5f41-422d-8447-91f98cef2f17" testId="c57eabb7-c141-a8e2-0b82-453a89e16d59" testName="BL.Tests.TurnstilesServiceTest.TestAdminGetTurnstileAsync(userID: 245, turnstile: Turnstile { TurnstileID = 217, LiftID = 71, IsOpen = True }, checkPermissionServiceMock: Mock&lt;ICheckPermissionService:12&gt;, turnstilesRepositoryStub: Mock&lt;ITurnstilesRepository:6&gt;, sut: TurnstilesService { })" computerName="DESKTOP-TJ9D65N" duration="00:00:00.0057708" startTime="2022-11-03T09:35:25.5222830+03:00" endTime="2022-11-03T09:35:25.5222831+03:00" testType="13cdc9d9-ddb5-4fa4-a97d-d965ccfc6d4b" outcome="Passed" testListId="8c84fa94-04c1-424b-9868-57a2d4851a1d" relativeResultsDirectory="3d0c0eef-5f41-422d-8447-91f98cef2f17" />
    <UnitTestResult executionId="0bec2dc7-9ac6-4932-a063-04a4c97a8744" testId="f3efc418-a8a6-c7b7-9bac-90b33aa8472f" testName="BL.Tests.CheckPermissionsServiceTests.AdminHasAccessToAllFunctions" computerName="DESKTOP-TJ9D65N" duration="00:00:00.0016472" startTime="2022-11-03T09:35:25.6692453+03:00" endTime="2022-11-03T09:35:25.6692454+03:00" testType="13cdc9d9-ddb5-4fa4-a97d-d965ccfc6d4b" outcome="Passed" testListId="8c84fa94-04c1-424b-9868-57a2d4851a1d" relativeResultsDirectory="0bec2dc7-9ac6-4932-a063-04a4c97a8744" />
    <UnitTestResult executionId="80b24bfd-ff6c-4b46-a2ea-8cb005be8b47" testId="0f06b162-fcc2-d74f-44d5-4c30ed86e50f" testName="BL.Tests.LiftsServiceTest.TestAdminDeleteLiftAsync(userID: 190, lift: Lift { LiftID = 122, LiftName = liftName9b6b8d16-a755-4479-b4a2-f14c11dff62a, IsOpen = True, SeatsAmount = 86, LiftingTime = 40, QueueTime = 180, ConnectedSlopes =  }, checkPermissionServiceMock: Mock&lt;ICheckPermissionService:4&gt;, liftsRepositoryStub: Mock&lt;ILiftsRepository:4&gt;, liftsSlopesRepositoryStub: Mock&lt;ILiftsSlopesRepository:4&gt;, sut: LiftsService { })" computerName="DESKTOP-TJ9D65N" duration="00:00:00.0121273" startTime="2022-11-03T09:35:25.4903760+03:00" endTime="2022-11-03T09:35:25.4903760+03:00" testType="13cdc9d9-ddb5-4fa4-a97d-d965ccfc6d4b" outcome="Passed" testListId="8c84fa94-04c1-424b-9868-57a2d4851a1d" relativeResultsDirectory="80b24bfd-ff6c-4b46-a2ea-8cb005be8b47" />
    <UnitTestResult executionId="c32ee8c3-3f10-4737-a719-c59b0741184d" testId="229812f5-9a73-5335-11f5-31330d1348a5" testName="BL.Tests.CheckPermissionsServiceTests.UnauthorizedHasNoAccessToAdminSkiPatrolFunctions(functionName: &quot;GetMessagesAsync&quot;)" computerName="DESKTOP-TJ9D65N" duration="00:00:00.0015079" startTime="2022-11-03T09:35:25.4905134+03:00" endTime="2022-11-03T09:35:25.4905135+03:00" testType="13cdc9d9-ddb5-4fa4-a97d-d965ccfc6d4b" outcome="Passed" testListId="8c84fa94-04c1-424b-9868-57a2d4851a1d" relativeResultsDirectory="c32ee8c3-3f10-4737-a719-c59b0741184d" />
    <UnitTestResult executionId="a9a038b8-0f1a-444b-8593-cc2964439190" testId="609211c1-b07d-42c2-830a-03b99f672c72" testName="BL.Tests.SlopesServiceTest.TestAdminDeleteSlopeAsync(userID: 209, slope: Slope { SlopeID = 167, SlopeName = slopeName32448a88-85a0-410a-9d53-7fd924cd2995, IsOpen = True, DifficultyLevel = 234, ConnectedLifts =  }, checkPermissionServiceMock: Mock&lt;ICheckPermissionService:9&gt;, slopesRepositoryStub: Mock&lt;ISlopesRepository:7&gt;, liftsSlopesRepositoryStub: Mock&lt;ILiftsSlopesRepository:12&gt;, sut: SlopesService { })" computerName="DESKTOP-TJ9D65N" duration="00:00:00.0075356" startTime="2022-11-03T09:35:25.4903605+03:00" endTime="2022-11-03T09:35:25.4903606+03:00" testType="13cdc9d9-ddb5-4fa4-a97d-d965ccfc6d4b" outcome="Passed" testListId="8c84fa94-04c1-424b-9868-57a2d4851a1d" relativeResultsDirectory="a9a038b8-0f1a-444b-8593-cc2964439190" />
    <UnitTestResult executionId="496651c6-3c5d-429f-af84-ddff19f9d3a5" testId="fa960c5e-f989-2880-784e-8efe538c5231" testName="BL.Tests.CheckPermissionsServiceTests.UnauthorizedHasNoAccessToAuthorizedFunctions(functionName: &quot;LogOutAsync&quot;)" computerName="DESKTOP-TJ9D65N" duration="00:00:00.0016118" startTime="2022-11-03T09:35:25.5362365+03:00" endTime="2022-11-03T09:35:25.5362367+03:00" testType="13cdc9d9-ddb5-4fa4-a97d-d965ccfc6d4b" outcome="Passed" testListId="8c84fa94-04c1-424b-9868-57a2d4851a1d" relativeResultsDirectory="496651c6-3c5d-429f-af84-ddff19f9d3a5" />
    <UnitTestResult executionId="e06c9cfd-844b-4594-a1de-e90df52eb912" testId="66c1c787-9647-f038-51b4-0950476d3a02" testName="BL.Tests.LiftsServiceTest.TestUpdateLiftInfoAsync(userID: 171, lift: Lift { LiftID = 137, LiftName = liftName999d5d9c-d714-4909-8e90-278f44d55b07, IsOpen = True, SeatsAmount = 108, LiftingTime = 16, QueueTime = 88, ConnectedSlopes =  }, checkPermissionServiceMock: Mock&lt;ICheckPermissionService:3&gt;, liftsRepositoryStub: Mock&lt;ILiftsRepository:3&gt;, sut: LiftsService { })" computerName="DESKTOP-TJ9D65N" duration="00:00:00.0420799" startTime="2022-11-03T09:35:25.4337688+03:00" endTime="2022-11-03T09:35:25.4338077+03:00" testType="13cdc9d9-ddb5-4fa4-a97d-d965ccfc6d4b" outcome="Passed" testListId="8c84fa94-04c1-424b-9868-57a2d4851a1d" relativeResultsDirectory="e06c9cfd-844b-4594-a1de-e90df52eb912" />
    <UnitTestResult executionId="e00cb9c5-f6f8-4b88-8929-1c4098a9ac3b" testId="60bd668f-04df-da5e-b79b-5d9aedb5234d" testName="BL.Tests.CheckPermissionsServiceTests.SkiPatrolHasAccessToAdminSkiPatrolFunctions(functionName: &quot;MarkMessageReadByUserAsync&quot;)" computerName="DESKTOP-TJ9D65N" duration="00:00:00.0011724" startTime="2022-11-03T09:35:25.5626367+03:00" endTime="2022-11-03T09:35:25.5626367+03:00" testType="13cdc9d9-ddb5-4fa4-a97d-d965ccfc6d4b" outcome="Passed" testListId="8c84fa94-04c1-424b-9868-57a2d4851a1d" relativeResultsDirectory="e00cb9c5-f6f8-4b88-8929-1c4098a9ac3b" />
    <UnitTestResult executionId="3f9d4d78-9535-454e-bf04-8e3acf760c97" testId="57e0da5c-5ba6-65fc-297e-ec646df63fed" testName="BL.Tests.SlopesServiceTest.TestAdminAddAutoIncrementSlopeAsync(userID: 114, slope: Slope { SlopeID = 88, SlopeName = slopeName500b73ab-aca1-4583-8baf-8352ac7c4834, IsOpen = True, DifficultyLevel = 123, ConnectedLifts =  }, checkPermissionServiceMock: Mock&lt;ICheckPermissionService:10&gt;, slopesRepositoryStub: Mock&lt;ISlopesRepository:8&gt;, sut: SlopesService { })" computerName="DESKTOP-TJ9D65N" duration="00:00:00.0081892" startTime="2022-11-03T09:35:25.5120668+03:00" endTime="2022-11-03T09:35:25.5120669+03:00" testType="13cdc9d9-ddb5-4fa4-a97d-d965ccfc6d4b" outcome="Passed" testListId="8c84fa94-04c1-424b-9868-57a2d4851a1d" relativeResultsDirectory="3f9d4d78-9535-454e-bf04-8e3acf760c97" />
    <UnitTestResult executionId="9e599437-225d-4cad-bb5a-fcdc9d37d565" testId="0e30c752-6df5-0882-8955-68b7eb308020" testName="BL.Tests.SlopesServiceTest.TestUpdateSlopeInfoAsync(userID: 174, slope: Slope { SlopeID = 154, SlopeName = slopeName40105d29-2645-4611-9291-53c65657cd5e, IsOpen = True, DifficultyLevel = 32, ConnectedLifts =  }, checkPermissionServiceMock: Mock&lt;ICheckPermissionService:8&gt;, slopesRepositoryStub: Mock&lt;ISlopesRepository:6&gt;, sut: SlopesService { })" computerName="DESKTOP-TJ9D65N" duration="00:00:00.0107985" startTime="2022-11-03T09:35:25.5371841+03:00" endTime="2022-11-03T09:35:25.5371843+03:00" testType="13cdc9d9-ddb5-4fa4-a97d-d965ccfc6d4b" outcome="Passed" testListId="8c84fa94-04c1-424b-9868-57a2d4851a1d" relativeResultsDirectory="9e599437-225d-4cad-bb5a-fcdc9d37d565" />
    <UnitTestResult executionId="3b4d4205-3f85-4d0c-8374-7e33ffe046d6" testId="aa28a6b3-21d3-aa45-24d3-bef2facbc899" testName="BL.Tests.CheckPermissionsServiceTests.AuthorizedHasAccessToAuthorizedFunctions(functionName: &quot;LogOutAsync&quot;)" computerName="DESKTOP-TJ9D65N" duration="00:00:00.0009832" startTime="2022-11-03T09:35:25.6381879+03:00" endTime="2022-11-03T09:35:25.6381879+03:00" testType="13cdc9d9-ddb5-4fa4-a97d-d965ccfc6d4b" outcome="Passed" testListId="8c84fa94-04c1-424b-9868-57a2d4851a1d" relativeResultsDirectory="3b4d4205-3f85-4d0c-8374-7e33ffe046d6" />
    <UnitTestResult executionId="d3dffa8f-b882-4416-b27f-aa167e807a45" testId="e429852d-a6ed-7c2a-25fd-cd839b159d56" testName="BL.Tests.LiftsSlopesServiceTests.TestGetLiftsSlopesInfoAsync(liftsSlopes: [LiftSlope { RecordID = 118, LiftID = 101, SlopeID = 109 }, LiftSlope { RecordID = 35, LiftID = 13, SlopeID = 84 }, LiftSlope { RecordID = 170, LiftID = 79, SlopeID = 11 }], slopesRepositoryStub: Mock&lt;ISlopesRepository:1&gt;, liftsRepositoryStub: Mock&lt;ILiftsRepository:6&gt;, liftsSlopesRepositoryStub: Mock&lt;ILiftsSlopesRepository:6&gt;)" computerName="DESKTOP-TJ9D65N" duration="00:00:00.0472767" startTime="2022-11-03T09:35:25.4380161+03:00" endTime="2022-11-03T09:35:25.4380161+03:00" testType="13cdc9d9-ddb5-4fa4-a97d-d965ccfc6d4b" outcome="Passed" testListId="8c84fa94-04c1-424b-9868-57a2d4851a1d" relativeResultsDirectory="d3dffa8f-b882-4416-b27f-aa167e807a45" />
    <UnitTestResult executionId="3e7d9779-ab14-4737-a912-f56a96ca6a69" testId="760a460c-5095-d602-8a7a-6b64c1f4daba" testName="BL.Tests.LiftsServiceTest.TestGetLiftsInfoAsync(userID: 46, initialLifts: [Lift { LiftID = 212, LiftName = liftNamec82a662b-1bd6-448f-836b-243ea36fefca, IsOpen = True, SeatsAmount = 119, LiftingTime = 51, QueueTime = 89, ConnectedSlopes =  }, Lift { LiftID = 233, LiftName = liftName33144263-4294-406f-802c-e988849fbe46, IsOpen = False, SeatsAmount = 214, LiftingTime = 207, QueueTime = 58, ConnectedSlopes =  }, Lift { LiftID = 181, LiftName = liftName9a001ed9-c0d5-4ae4-bd7b-4d050bb6937e, IsOpen = True, SeatsAmount = 93, LiftingTime = 254, QueueTime = 199, ConnectedSlopes =  }], checkPermissionServiceMock: Mock&lt;ICheckPermissionService:2&gt;, liftsRepositoryStub: Mock&lt;ILiftsRepository:2&gt;, liftsSlopesRepositoryStub: Mock&lt;ILiftsSlopesRepository:2&gt;, sut: LiftsService { })" computerName="DESKTOP-TJ9D65N" duration="00:00:00.0137327" startTime="2022-11-03T09:35:25.5213574+03:00" endTime="2022-11-03T09:35:25.5213575+03:00" testType="13cdc9d9-ddb5-4fa4-a97d-d965ccfc6d4b" outcome="Passed" testListId="8c84fa94-04c1-424b-9868-57a2d4851a1d" relativeResultsDirectory="3e7d9779-ab14-4737-a912-f56a96ca6a69" />
    <UnitTestResult executionId="1b9a5d19-60ac-4778-8928-2365c0522120" testId="8184bd30-991c-b78d-b4ec-99a485eac0dd" testName="BL.Tests.UsersServiceTests.TestRegisterUserWithNoEmail" computerName="DESKTOP-TJ9D65N" duration="00:00:00.0035842" startTime="2022-11-03T09:35:25.4902342+03:00" endTime="2022-11-03T09:35:25.4902344+03:00" testType="13cdc9d9-ddb5-4fa4-a97d-d965ccfc6d4b" outcome="Passed" testListId="8c84fa94-04c1-424b-9868-57a2d4851a1d" relativeResultsDirectory="1b9a5d19-60ac-4778-8928-2365c0522120" />
    <UnitTestResult executionId="6f5dee26-fc34-4a1f-b9e4-e749f271591d" testId="0eeef75f-6e38-7893-a8fe-cff3e0a970a7" testName="BL.Tests.UsersServiceTests.TestRegisterOk" computerName="DESKTOP-TJ9D65N" duration="00:00:00.0106554" startTime="2022-11-03T09:35:25.5631878+03:00" endTime="2022-11-03T09:35:25.5631879+03:00" testType="13cdc9d9-ddb5-4fa4-a97d-d965ccfc6d4b" outcome="Passed" testListId="8c84fa94-04c1-424b-9868-57a2d4851a1d" relativeResultsDirectory="6f5dee26-fc34-4a1f-b9e4-e749f271591d" />
    <UnitTestResult executionId="9ed2c6d6-19b4-4368-9f82-21d9140cd212" testId="06d0bc3a-24a0-fb7f-4277-e9ae6d21c7dd" testName="BL.Tests.UsersServiceTests.TestAdminUpdateUser" computerName="DESKTOP-TJ9D65N" duration="00:00:00.0066562" startTime="2022-11-03T09:35:25.5393508+03:00" endTime="2022-11-03T09:35:25.5393509+03:00" testType="13cdc9d9-ddb5-4fa4-a97d-d965ccfc6d4b" outcome="Passed" testListId="8c84fa94-04c1-424b-9868-57a2d4851a1d" relativeResultsDirectory="9ed2c6d6-19b4-4368-9f82-21d9140cd212" />
    <UnitTestResult executionId="28a1d841-d09b-4036-99a7-33916c7e6abc" testId="20ad8570-0170-85de-dcd7-2f109dd7bcd6" testName="BL.Tests.UsersServiceTests.TestAdminGetUsers" computerName="DESKTOP-TJ9D65N" duration="00:00:00.0473691" startTime="2022-11-03T09:35:25.4380340+03:00" endTime="2022-11-03T09:35:25.4380340+03:00" testType="13cdc9d9-ddb5-4fa4-a97d-d965ccfc6d4b" outcome="Passed" testListId="8c84fa94-04c1-424b-9868-57a2d4851a1d" relativeResultsDirectory="28a1d841-d09b-4036-99a7-33916c7e6abc" />
    <UnitTestResult executionId="cfa3ac10-5924-4d9d-9c68-a5fb0d6e5e2d" testId="124a87c4-a728-100c-2fa1-0cd538f13426" testName="BL.Tests.LiftsSlopesServiceTests.TestAdminDeleteLiftSlopeAsync(lift: Lift { LiftID = 20, LiftName = liftName17eabe39-abfa-4f35-8838-cb3aac3f4f6a, IsOpen = True, SeatsAmount = 228, LiftingTime = 114, QueueTime = 239, ConnectedSlopes =  }, slope: Slope { SlopeID = 145, SlopeName = slopeNamee5ff5e11-ed19-44de-b30f-626c9ada9c43, IsOpen = False, DifficultyLevel = 248, ConnectedLifts =  }, slopesRepositoryStub: Mock&lt;ISlopesRepository:2&gt;, liftsRepositoryStub: Mock&lt;ILiftsRepository:7&gt;, liftsSlopesRepositoryStub: Mock&lt;ILiftsSlopesRepository:7&gt;)" computerName="DESKTOP-TJ9D65N" duration="00:00:00.0084256" startTime="2022-11-03T09:35:25.5211392+03:00" endTime="2022-11-03T09:35:25.5211393+03:00" testType="13cdc9d9-ddb5-4fa4-a97d-d965ccfc6d4b" outcome="Passed" testListId="8c84fa94-04c1-424b-9868-57a2d4851a1d" relativeResultsDirectory="cfa3ac10-5924-4d9d-9c68-a5fb0d6e5e2d" />
    <UnitTestResult executionId="c9a36dc8-7195-4371-a662-95867601528d" testId="894941c1-bfa7-d8f9-c047-1e1ceefe2c2f" testName="BL.Tests.UsersServiceTests.TestRegisterUserWithRepeatedEmail" computerName="DESKTOP-TJ9D65N" duration="00:00:00.0044442" startTime="2022-11-03T09:35:25.5212905+03:00" endTime="2022-11-03T09:35:25.5212905+03:00" testType="13cdc9d9-ddb5-4fa4-a97d-d965ccfc6d4b" outcome="Passed" testListId="8c84fa94-04c1-424b-9868-57a2d4851a1d" relativeResultsDirectory="c9a36dc8-7195-4371-a662-95867601528d" />
    <UnitTestResult executionId="a167d9a3-798d-4fa0-ab2b-7ea554e90b26" testId="a2e59116-cb53-1d70-9cb8-21c286516866" testName="BL.Tests.CheckPermissionsServiceTests.AuthorizedHasNoAccessToAdminFunctions" computerName="DESKTOP-TJ9D65N" duration="00:00:00.0027304" startTime="2022-11-03T09:35:25.5849015+03:00" endTime="2022-11-03T09:35:25.5849016+03:00" testType="13cdc9d9-ddb5-4fa4-a97d-d965ccfc6d4b" outcome="Passed" testListId="8c84fa94-04c1-424b-9868-57a2d4851a1d" relativeResultsDirectory="a167d9a3-798d-4fa0-ab2b-7ea554e90b26" />
    <UnitTestResult executionId="a36d641a-4e54-4399-8223-d8442f717560" testId="4f297306-d4f3-8d63-e7f4-1ac0b8c58c74" testName="BL.Tests.CheckPermissionsServiceTests.AuthorizedHasNoAccessToAdminSkiPatrolFunctions(functionName: &quot;GetLiftsSlopesInfoAsync&quot;)" computerName="DESKTOP-TJ9D65N" duration="00:00:00.0009838" startTime="2022-11-03T09:35:25.6149182+03:00" endTime="2022-11-03T09:35:25.6149183+03:00" testType="13cdc9d9-ddb5-4fa4-a97d-d965ccfc6d4b" outcome="Passed" testListId="8c84fa94-04c1-424b-9868-57a2d4851a1d" relativeResultsDirectory="a36d641a-4e54-4399-8223-d8442f717560" />
    <UnitTestResult executionId="f429ac8d-8b16-403e-8a44-e7adc80fb08f" testId="9c7df5e2-1b23-ebea-889f-b78ca86b60ab" testName="BL.Tests.CheckPermissionsServiceTests.AuthorizedHasNoAccessToAdminSkiPatrolFunctions(functionName: &quot;MarkMessageReadByUserAsync&quot;)" computerName="DESKTOP-TJ9D65N" duration="00:00:00.0011704" startTime="2022-11-03T09:35:25.6056871+03:00" endTime="2022-11-03T09:35:25.6056871+03:00" testType="13cdc9d9-ddb5-4fa4-a97d-d965ccfc6d4b" outcome="Passed" testListId="8c84fa94-04c1-424b-9868-57a2d4851a1d" relativeResultsDirectory="f429ac8d-8b16-403e-8a44-e7adc80fb08f" />
    <UnitTestResult executionId="db68ce6c-f6b5-459a-9c61-b7671694ff13" testId="2d706594-f2b3-b3c8-21d4-86c9798c3306" testName="BL.Tests.CheckPermissionsServiceTests.SkiPatrolHasAccessToAdminSkiPatrolFunctions(functionName: &quot;GetLiftsSlopesInfoAsync&quot;)" computerName="DESKTOP-TJ9D65N" duration="00:00:00.0049799" startTime="2022-11-03T09:35:25.5512040+03:00" endTime="2022-11-03T09:35:25.5512041+03:00" testType="13cdc9d9-ddb5-4fa4-a97d-d965ccfc6d4b" outcome="Passed" testListId="8c84fa94-04c1-424b-9868-57a2d4851a1d" relativeResultsDirectory="db68ce6c-f6b5-459a-9c61-b7671694ff13" />
    <UnitTestResult executionId="ea85514e-1961-4b02-9a6b-e5fed76b5a62" testId="834c739b-eca4-b36d-6a66-5a1bd75377b8" testName="BL.Tests.UsersServiceTests.TestAdminAddAutoIncrementUser" computerName="DESKTOP-TJ9D65N" duration="00:00:00.0066312" startTime="2022-11-03T09:35:25.6046015+03:00" endTime="2022-11-03T09:35:25.6046015+03:00" testType="13cdc9d9-ddb5-4fa4-a97d-d965ccfc6d4b" outcome="Passed" testListId="8c84fa94-04c1-424b-9868-57a2d4851a1d" relativeResultsDirectory="ea85514e-1961-4b02-9a6b-e5fed76b5a62" />
    <UnitTestResult executionId="dcb82471-bcc0-4a09-85ef-ea8227074f5a" testId="e2d7e5be-3dae-33ae-fb17-c704b6fd58d6" testName="BL.Tests.CheckPermissionsServiceTests.UnauthorizedHasNoAccessToAdminFunctions" computerName="DESKTOP-TJ9D65N" duration="00:00:00.0021369" startTime="2022-11-03T09:35:25.6476891+03:00" endTime="2022-11-03T09:35:25.6476892+03:00" testType="13cdc9d9-ddb5-4fa4-a97d-d965ccfc6d4b" outcome="Passed" testListId="8c84fa94-04c1-424b-9868-57a2d4851a1d" relativeResultsDirectory="dcb82471-bcc0-4a09-85ef-ea8227074f5a" />
    <UnitTestResult executionId="b1865351-5591-4b96-a975-7a2a9d87c4db" testId="69340bb6-3645-f9dd-971e-29d8b2a009bb" testName="BL.Tests.UsersServiceTests.TestLogInWithWrongPassword" computerName="DESKTOP-TJ9D65N" duration="00:00:00.0021686" startTime="2022-11-03T09:35:25.5894117+03:00" endTime="2022-11-03T09:35:25.5894117+03:00" testType="13cdc9d9-ddb5-4fa4-a97d-d965ccfc6d4b" outcome="Passed" testListId="8c84fa94-04c1-424b-9868-57a2d4851a1d" relativeResultsDirectory="b1865351-5591-4b96-a975-7a2a9d87c4db" />
    <UnitTestResult executionId="05a337b8-2a00-460b-a18c-13940b6931b3" testId="c36970dc-93f7-753e-fa47-157133b01644" testName="BL.Tests.CheckPermissionsServiceTests.SkiPatrolHasAccessToAdminSkiPatrolFunctions(functionName: &quot;GetMessagesAsync&quot;)" computerName="DESKTOP-TJ9D65N" duration="00:00:00.0011844" startTime="2022-11-03T09:35:25.5737727+03:00" endTime="2022-11-03T09:35:25.5737728+03:00" testType="13cdc9d9-ddb5-4fa4-a97d-d965ccfc6d4b" outcome="Passed" testListId="8c84fa94-04c1-424b-9868-57a2d4851a1d" relativeResultsDirectory="05a337b8-2a00-460b-a18c-13940b6931b3" />
    <UnitTestResult executionId="e71c7bfd-2db6-4619-9d47-2e88f228c9cb" testId="bc527323-8b11-6baf-83b1-a3ffeba9ad21" testName="BL.Tests.SlopesServiceTest.TestGetSlopesInfoAsync(userID: 12, initialSlopes: [Slope { SlopeID = 163, SlopeName = slopeNamea5f6b535-8e65-40a0-94b9-41aba7ba6f56, IsOpen = True, DifficultyLevel = 202, ConnectedLifts =  }, Slope { SlopeID = 216, SlopeName = slopeName20a225fb-51aa-4f13-b9eb-6a41d0284ba4, IsOpen = False, DifficultyLevel = 114, ConnectedLifts =  }, Slope { SlopeID = 188, SlopeName = slopeName61b2bfe2-3409-460b-aaad-683b0ccdf518, IsOpen = True, DifficultyLevel = 100, ConnectedLifts =  }], checkPermissionServiceMock: Mock&lt;ICheckPermissionService:7&gt;, slopesRepositoryStub: Mock&lt;ISlopesRepository:5&gt;, liftsSlopesRepositoryStub: Mock&lt;ILiftsSlopesRepository:10&gt;, sut: SlopesService { })" computerName="DESKTOP-TJ9D65N" duration="00:00:00.0736443" startTime="2022-11-03T09:35:25.4619035+03:00" endTime="2022-11-03T09:35:25.4619035+03:00" testType="13cdc9d9-ddb5-4fa4-a97d-d965ccfc6d4b" outcome="Passed" testListId="8c84fa94-04c1-424b-9868-57a2d4851a1d" relativeResultsDirectory="e71c7bfd-2db6-4619-9d47-2e88f228c9cb" />
    <UnitTestResult executionId="3235c426-303b-46ca-ba97-d021d0f92935" testId="18fa8c62-e27d-e1fc-8182-4d7db62b008d" testName="BL.Tests.UsersServiceTests.TestAdminDeleteUser" computerName="DESKTOP-TJ9D65N" duration="00:00:00.0025735" startTime="2022-11-03T09:35:25.6319183+03:00" endTime="2022-11-03T09:35:25.6319184+03:00" testType="13cdc9d9-ddb5-4fa4-a97d-d965ccfc6d4b" outcome="Passed" testListId="8c84fa94-04c1-424b-9868-57a2d4851a1d" relativeResultsDirectory="3235c426-303b-46ca-ba97-d021d0f92935" />
    <UnitTestResult executionId="1412078b-d34d-40c2-aaf7-cb2881340155" testId="f4fac51b-c378-b30c-1a1f-6733f03683d4" testName="BL.Tests.LiftsServiceTest.TestGetLiftInfoAsync(userID: 245, lift: Lift { LiftID = 85, LiftName = liftName61821629-e8a4-4b52-9aa7-70720a17b772, IsOpen = True, SeatsAmount = 117, LiftingTime = 198, QueueTime = 212, ConnectedSlopes =  }, checkPermissionServiceMock: Mock&lt;ICheckPermissionService:1&gt;, liftsRepositoryStub: Mock&lt;ILiftsRepository:1&gt;, liftsSlopesRepositoryStub: Mock&lt;ILiftsSlopesRepository:1&gt;, sut: LiftsService { })" computerName="DESKTOP-TJ9D65N" duration="00:00:00.0064980" startTime="2022-11-03T09:35:25.5434498+03:00" endTime="2022-11-03T09:35:25.5434499+03:00" testType="13cdc9d9-ddb5-4fa4-a97d-d965ccfc6d4b" outcome="Passed" testListId="8c84fa94-04c1-424b-9868-57a2d4851a1d" relativeResultsDirectory="1412078b-d34d-40c2-aaf7-cb2881340155" />
    <UnitTestResult executionId="d087e512-ead2-456e-ad6b-300275765bfd" testId="492c0393-35b4-df26-a537-21ca08302f3c" testName="BL.Tests.CheckPermissionsServiceTests.SkiPatrolHasNoAccessToAdminFunctions" computerName="DESKTOP-TJ9D65N" duration="00:00:00.0022110" startTime="2022-11-03T09:35:25.6576389+03:00" endTime="2022-11-03T09:35:25.6576390+03:00" testType="13cdc9d9-ddb5-4fa4-a97d-d965ccfc6d4b" outcome="Passed" testListId="8c84fa94-04c1-424b-9868-57a2d4851a1d" relativeResultsDirectory="d087e512-ead2-456e-ad6b-300275765bfd" />
    <UnitTestResult executionId="2ce0a335-9f7d-4c18-b161-ff465ed4d8e5" testId="a19a5fcf-c5d2-7d44-5d7d-84403042f4e0" testName="BL.Tests.CheckPermissionsServiceTests.UnauthorizedHasNoAccessToAdminSkiPatrolFunctions(functionName: &quot;MarkMessageReadByUserAsync&quot;)" computerName="DESKTOP-TJ9D65N" duration="00:00:00.0398123" startTime="2022-11-03T09:35:25.4379009+03:00" endTime="2022-11-03T09:35:25.4379009+03:00" testType="13cdc9d9-ddb5-4fa4-a97d-d965ccfc6d4b" outcome="Passed" testListId="8c84fa94-04c1-424b-9868-57a2d4851a1d" relativeResultsDirectory="2ce0a335-9f7d-4c18-b161-ff465ed4d8e5" />
    <UnitTestResult executionId="a76ab377-2bf5-4e7c-a599-06ddb77cc9b7" testId="afa574a6-8a45-cc91-2898-594bef1904ef" testName="BL.Tests.SlopesServiceTest.TestAdminAddSlopeAsync(userID: 40, slope: Slope { SlopeID = 235, SlopeName = slopeName77eb7400-44ef-4303-84d4-3c3ec8058430, IsOpen = True, DifficultyLevel = 159, ConnectedLifts =  }, checkPermissionServiceMock: Mock&lt;ICheckPermissionService:11&gt;, slopesRepositoryStub: Mock&lt;ISlopesRepository:9&gt;, sut: SlopesService { })" computerName="DESKTOP-TJ9D65N" duration="00:00:00.0051465" startTime="2022-11-03T09:35:25.5544770+03:00" endTime="2022-11-03T09:35:25.5544771+03:00" testType="13cdc9d9-ddb5-4fa4-a97d-d965ccfc6d4b" outcome="Passed" testListId="8c84fa94-04c1-424b-9868-57a2d4851a1d" relativeResultsDirectory="a76ab377-2bf5-4e7c-a599-06ddb77cc9b7" />
    <UnitTestResult executionId="52ec2813-1d9a-4c12-99ba-24c26f3e82f4" testId="387c9729-48c1-486e-5e67-f5d11a9f0db8" testName="BL.Tests.CheckPermissionsServiceTests.UnauthorizedHasNoAccessToAdminSkiPatrolFunctions(functionName: &quot;GetLiftsSlopesInfoAsync&quot;)" computerName="DESKTOP-TJ9D65N" duration="00:00:00.0015215" startTime="2022-11-03T09:35:25.4898486+03:00" endTime="2022-11-03T09:35:25.4898487+03:00" testType="13cdc9d9-ddb5-4fa4-a97d-d965ccfc6d4b" outcome="Passed" testListId="8c84fa94-04c1-424b-9868-57a2d4851a1d" relativeResultsDirectory="52ec2813-1d9a-4c12-99ba-24c26f3e82f4" />
    <UnitTestResult executionId="f6d403eb-69f6-4c8d-bdd8-adb0c044b4ab" testId="644ec43e-70cd-c82d-42e7-0d990be1414d" testName="BL.Tests.CheckPermissionsServiceTests.AuthorizedHasAccessToAuthorizedFunctions(functionName: &quot;SendMessageAsync&quot;)" computerName="DESKTOP-TJ9D65N" duration="00:00:00.0017666" startTime="2022-11-03T09:35:25.6289212+03:00" endTime="2022-11-03T09:35:25.6289213+03:00" testType="13cdc9d9-ddb5-4fa4-a97d-d965ccfc6d4b" outcome="Passed" testListId="8c84fa94-04c1-424b-9868-57a2d4851a1d" relativeResultsDirectory="f6d403eb-69f6-4c8d-bdd8-adb0c044b4ab" />
    <UnitTestResult executionId="cdaba642-73f0-4945-a1ed-48104be545a7" testId="09239c0f-44ba-83c2-1080-16194cceba08" testName="BL.Tests.TurnstilesServiceTest.TestAdminUpdateTurnstileAsync(userID: 255, turnstile: Turnstile { TurnstileID = 34, LiftID = 126, IsOpen = True }, checkPermissionServiceMock: Mock&lt;ICheckPermissionService:14&gt;, turnstilesRepositoryStub: Mock&lt;ITurnstilesRepository:8&gt;, sut: TurnstilesService { })" computerName="DESKTOP-TJ9D65N" duration="00:00:00.0409084" startTime="2022-11-03T09:35:25.4379657+03:00" endTime="2022-11-03T09:35:25.4379658+03:00" testType="13cdc9d9-ddb5-4fa4-a97d-d965ccfc6d4b" outcome="Passed" testListId="8c84fa94-04c1-424b-9868-57a2d4851a1d" relativeResultsDirectory="cdaba642-73f0-4945-a1ed-48104be545a7" />
    <UnitTestResult executionId="e76c7a31-cb82-461b-828c-8865916c08d6" testId="9e29ac1e-14d4-3db8-c15f-89393bfecfbb" testName="BL.Tests.LiftsServiceTest.TestAdminAddAutoIncrementLiftAsync(userID: 228, lift: Lift { LiftID = 50, LiftName = liftNameacbd487c-b192-43c2-8bbe-1fbffdae8ef7, IsOpen = True, SeatsAmount = 78, LiftingTime = 241, QueueTime = 6, ConnectedSlopes =  }, checkPermissionServiceMock: Mock&lt;ICheckPermissionService:5&gt;, liftsRepositoryStub: Mock&lt;ILiftsRepository:5&gt;, sut: LiftsService { })" computerName="DESKTOP-TJ9D65N" duration="00:00:00.0073588" startTime="2022-11-03T09:35:25.5629796+03:00" endTime="2022-11-03T09:35:25.5629797+03:00" testType="13cdc9d9-ddb5-4fa4-a97d-d965ccfc6d4b" outcome="Passed" testListId="8c84fa94-04c1-424b-9868-57a2d4851a1d" relativeResultsDirectory="e76c7a31-cb82-461b-828c-8865916c08d6" />
    <UnitTestResult executionId="b119ace0-08b3-4ccb-88c3-94919409e142" testId="2c2cdcd2-1b98-e56f-f949-38888c6b25c8" testName="BL.Tests.SlopesServiceTest.TestGetSlopeInfoAsync(userID: 240, slope: Slope { SlopeID = 98, SlopeName = slopeName1a654772-31d8-4514-93c3-260a58bbfa9b, IsOpen = True, DifficultyLevel = 104, ConnectedLifts =  }, checkPermissionServiceMock: Mock&lt;ICheckPermissionService:6&gt;, slopesRepositoryStub: Mock&lt;ISlopesRepository:4&gt;, liftsSlopesRepositoryStub: Mock&lt;ILiftsSlopesRepository:9&gt;, sut: SlopesService { })" computerName="DESKTOP-TJ9D65N" duration="00:00:00.0064377" startTime="2022-11-03T09:35:25.5705459+03:00" endTime="2022-11-03T09:35:25.5705460+03:00" testType="13cdc9d9-ddb5-4fa4-a97d-d965ccfc6d4b" outcome="Passed" testListId="8c84fa94-04c1-424b-9868-57a2d4851a1d" relativeResultsDirectory="b119ace0-08b3-4ccb-88c3-94919409e142" />
    <UnitTestResult executionId="7ed09e57-5ba9-4f4c-a053-76a6dc0eb1fd" testId="f44a1b21-8efc-bfac-63b4-d534442def31" testName="BL.Tests.UsersServiceTests.TestRegisterUserWithNoPassword" computerName="DESKTOP-TJ9D65N" duration="00:00:00.0018912" startTime="2022-11-03T09:35:25.4917433+03:00" endTime="2022-11-03T09:35:25.4917435+03:00" testType="13cdc9d9-ddb5-4fa4-a97d-d965ccfc6d4b" outcome="Passed" testListId="8c84fa94-04c1-424b-9868-57a2d4851a1d" relativeResultsDirectory="7ed09e57-5ba9-4f4c-a053-76a6dc0eb1fd" />
    <UnitTestResult executionId="ba2c340e-956c-4fd4-832e-4a5f4c1e1b6c" testId="680885c2-d61f-b5bf-1714-836c879df822" testName="BL.Tests.TurnstilesServiceTest.TestAdminDeleteTurnstileAsync(userID: 130, turnstile: Turnstile { TurnstileID = 48, LiftID = 226, IsOpen = True }, checkPermissionServiceMock: Mock&lt;ICheckPermissionService:15&gt;, turnstilesRepositoryStub: Mock&lt;ITurnstilesRepository:9&gt;, sut: TurnstilesService { })" computerName="DESKTOP-TJ9D65N" duration="00:00:00.0038248" startTime="2022-11-03T09:35:25.5420823+03:00" endTime="2022-11-03T09:35:25.5420824+03:00" testType="13cdc9d9-ddb5-4fa4-a97d-d965ccfc6d4b" outcome="Passed" testListId="8c84fa94-04c1-424b-9868-57a2d4851a1d" relativeResultsDirectory="ba2c340e-956c-4fd4-832e-4a5f4c1e1b6c" />
    <UnitTestResult executionId="78628969-f21d-46dc-9b09-5489f215f704" testId="95eddda7-4f67-51f5-4063-79caf20ef56e" testName="BL.Tests.LiftsSlopesServiceTests.TestAdminAddAutoIncrementLiftSlopeAsync(lift: Lift { LiftID = 217, LiftName = liftNamef2da324f-cde3-46cc-be2e-34cce7d41267, IsOpen = True, SeatsAmount = 101, LiftingTime = 105, QueueTime = 49, ConnectedSlopes =  }, slope: Slope { SlopeID = 44, SlopeName = slopeNamee1eb9f21-8148-49e7-a416-76648cf299f8, IsOpen = False, DifficultyLevel = 103, ConnectedLifts =  }, slopesRepositoryStub: Mock&lt;ISlopesRepository:3&gt;, liftsRepositoryStub: Mock&lt;ILiftsRepository:8&gt;, liftsSlopesRepositoryStub: Mock&lt;ILiftsSlopesRepository:8&gt;)" computerName="DESKTOP-TJ9D65N" duration="00:00:00.0122707" startTime="2022-11-03T09:35:25.4904214+03:00" endTime="2022-11-03T09:35:25.4904214+03:00" testType="13cdc9d9-ddb5-4fa4-a97d-d965ccfc6d4b" outcome="Passed" testListId="8c84fa94-04c1-424b-9868-57a2d4851a1d" relativeResultsDirectory="78628969-f21d-46dc-9b09-5489f215f704" />
    <UnitTestResult executionId="03aa6e66-3a9a-4183-971a-bb52d8756c77" testId="2602613f-c8e2-a6d9-fcf7-5b27d4a770a6" testName="BL.Tests.CheckPermissionsServiceTests.AuthorizedHasNoAccessToAdminSkiPatrolFunctions(functionName: &quot;GetMessagesAsync&quot;)" computerName="DESKTOP-TJ9D65N" duration="00:00:00.0023347" startTime="2022-11-03T09:35:25.5952312+03:00" endTime="2022-11-03T09:35:25.5952313+03:00" testType="13cdc9d9-ddb5-4fa4-a97d-d965ccfc6d4b" outcome="Passed" testListId="8c84fa94-04c1-424b-9868-57a2d4851a1d" relativeResultsDirectory="03aa6e66-3a9a-4183-971a-bb52d8756c77" />
    <UnitTestResult executionId="8568ea27-fe82-45b1-a44d-21a5a3154f76" testId="1ca07ad8-f799-c5d4-e7cc-34fd950198a2" testName="BL.Tests.UsersServiceTests.TestLogInOk" computerName="DESKTOP-TJ9D65N" duration="00:00:00.0027728" startTime="2022-11-03T09:35:25.5782342+03:00" endTime="2022-11-03T09:35:25.5782343+03:00" testType="13cdc9d9-ddb5-4fa4-a97d-d965ccfc6d4b" outcome="Passed" testListId="8c84fa94-04c1-424b-9868-57a2d4851a1d" relativeResultsDirectory="8568ea27-fe82-45b1-a44d-21a5a3154f76" />
    <UnitTestResult executionId="77ddf8f1-92fc-49a3-85b2-c54e33a986a5" testId="eaabd2fc-2f4b-5689-59c8-c7ad34a8f634" testName="BL.Tests.CheckPermissionsServiceTests.UnauthorizedHasNoAccessToAuthorizedFunctions(functionName: &quot;SendMessageAsync&quot;)" computerName="DESKTOP-TJ9D65N" duration="00:00:00.0062652" startTime="2022-11-03T09:35:25.5212681+03:00" endTime="2022-11-03T09:35:25.5212682+03:00" testType="13cdc9d9-ddb5-4fa4-a97d-d965ccfc6d4b" outcome="Passed" testListId="8c84fa94-04c1-424b-9868-57a2d4851a1d" relativeResultsDirectory="77ddf8f1-92fc-49a3-85b2-c54e33a986a5" />
    <UnitTestResult executionId="5730c7c0-dbb8-4498-bff4-137c42fd285a" testId="76121f2d-b4b1-e4ee-cb14-b894ab1ccd2a" testName="BL.Tests.TurnstilesServiceTest.TestAdminGetTurnstilesAsync(userID: 105, initialTurnstiles: [Turnstile { TurnstileID = 152, LiftID = 95, IsOpen = True }, Turnstile { TurnstileID = 192, LiftID = 236, IsOpen = False }, Turnstile { TurnstileID = 115, LiftID = 141, IsOpen = True }], checkPermissionServiceMock: Mock&lt;ICheckPermissionService:13&gt;, turnstilesRepositoryStub: Mock&lt;ITurnstilesRepository:7&gt;, sut: TurnstilesService { })" computerName="DESKTOP-TJ9D65N" duration="00:00:00.0048623" startTime="2022-11-03T09:35:25.4903391+03:00" endTime="2022-11-03T09:35:25.4903392+03:00" testType="13cdc9d9-ddb5-4fa4-a97d-d965ccfc6d4b" outcome="Passed" testListId="8c84fa94-04c1-424b-9868-57a2d4851a1d" relativeResultsDirectory="5730c7c0-dbb8-4498-bff4-137c42fd285a" />
  </Results>
  <TestDefinitions>
    <UnitTest name="BL.Tests.UsersServiceTests.TestAdminAddAutoIncrementUser" storage="/mnt/c/users/alena/desktop/7_sem/testing_and_debugging/skiresort/bl.tests/bin/debug/net6.0/bl.tests.dll" id="834c739b-eca4-b36d-6a66-5a1bd75377b8">
      <Execution id="ea85514e-1961-4b02-9a6b-e5fed76b5a62" />
      <TestMethod codeBase="/mnt/c/Users/alena/Desktop/7_sem/testing_and_debugging/SkiResort/BL.Tests/bin/Debug/net6.0/BL.Tests.dll" adapterTypeName="executor://xunit/VsTestRunner2/netcoreapp" className="BL.Tests.UsersServiceTests" name="TestAdminAddAutoIncrementUser" />
    </UnitTest>
    <UnitTest name="BL.Tests.CheckPermissionsServiceTests.SkiPatrolHasAccessToAdminSkiPatrolFunctions(functionName: &quot;MarkMessageReadByUserAsync&quot;)" storage="/mnt/c/users/alena/desktop/7_sem/testing_and_debugging/skiresort/bl.tests/bin/debug/net6.0/bl.tests.dll" id="60bd668f-04df-da5e-b79b-5d9aedb5234d">
      <Execution id="e00cb9c5-f6f8-4b88-8929-1c4098a9ac3b" />
      <TestMethod codeBase="/mnt/c/Users/alena/Desktop/7_sem/testing_and_debugging/SkiResort/BL.Tests/bin/Debug/net6.0/BL.Tests.dll" adapterTypeName="executor://xunit/VsTestRunner2/netcoreapp" className="BL.Tests.CheckPermissionsServiceTests" name="SkiPatrolHasAccessToAdminSkiPatrolFunctions" />
    </UnitTest>
    <UnitTest name="BL.Tests.CheckPermissionsServiceTests.AuthorizedHasAccessToAuthorizedFunctions(functionName: &quot;SendMessageAsync&quot;)" storage="/mnt/c/users/alena/desktop/7_sem/testing_and_debugging/skiresort/bl.tests/bin/debug/net6.0/bl.tests.dll" id="644ec43e-70cd-c82d-42e7-0d990be1414d">
      <Execution id="f6d403eb-69f6-4c8d-bdd8-adb0c044b4ab" />
      <TestMethod codeBase="/mnt/c/Users/alena/Desktop/7_sem/testing_and_debugging/SkiResort/BL.Tests/bin/Debug/net6.0/BL.Tests.dll" adapterTypeName="executor://xunit/VsTestRunner2/netcoreapp" className="BL.Tests.CheckPermissionsServiceTests" name="AuthorizedHasAccessToAuthorizedFunctions" />
    </UnitTest>
    <UnitTest name="BL.Tests.CheckPermissionsServiceTests.AuthorizedHasNoAccessToAdminSkiPatrolFunctions(functionName: &quot;MarkMessageReadByUserAsync&quot;)" storage="/mnt/c/users/alena/desktop/7_sem/testing_and_debugging/skiresort/bl.tests/bin/debug/net6.0/bl.tests.dll" id="9c7df5e2-1b23-ebea-889f-b78ca86b60ab">
      <Execution id="f429ac8d-8b16-403e-8a44-e7adc80fb08f" />
      <TestMethod codeBase="/mnt/c/Users/alena/Desktop/7_sem/testing_and_debugging/SkiResort/BL.Tests/bin/Debug/net6.0/BL.Tests.dll" adapterTypeName="executor://xunit/VsTestRunner2/netcoreapp" className="BL.Tests.CheckPermissionsServiceTests" name="AuthorizedHasNoAccessToAdminSkiPatrolFunctions" />
    </UnitTest>
    <UnitTest name="BL.Tests.TurnstilesServiceTest.TestAdminAddAutoIncrementTurnstileAsync(userID: 176, turnstile: Turnstile { TurnstileID = 4, LiftID = 245, IsOpen = True }, checkPermissionServiceMock: Mock&lt;ICheckPermissionService:16&gt;, turnstilesRepositoryStub: Mock&lt;ITurnstilesRepository:10&gt;, sut: TurnstilesService { })" storage="/mnt/c/users/alena/desktop/7_sem/testing_and_debugging/skiresort/bl.tests/bin/debug/net6.0/bl.tests.dll" id="d2e5011d-cb78-0d37-381f-ca1f21ffdbeb">
      <Execution id="ead2ee6f-a717-4d52-97d6-4910bfd62cb4" />
      <TestMethod codeBase="/mnt/c/Users/alena/Desktop/7_sem/testing_and_debugging/SkiResort/BL.Tests/bin/Debug/net6.0/BL.Tests.dll" adapterTypeName="executor://xunit/VsTestRunner2/netcoreapp" className="BL.Tests.TurnstilesServiceTest" name="TestAdminAddAutoIncrementTurnstileAsync" />
    </UnitTest>
    <UnitTest name="BL.Tests.CheckPermissionsServiceTests.UnauthorizedHasNoAccessToAuthorizedFunctions(functionName: &quot;SendMessageAsync&quot;)" storage="/mnt/c/users/alena/desktop/7_sem/testing_and_debugging/skiresort/bl.tests/bin/debug/net6.0/bl.tests.dll" id="eaabd2fc-2f4b-5689-59c8-c7ad34a8f634">
      <Execution id="77ddf8f1-92fc-49a3-85b2-c54e33a986a5" />
      <TestMethod codeBase="/mnt/c/Users/alena/Desktop/7_sem/testing_and_debugging/SkiResort/BL.Tests/bin/Debug/net6.0/BL.Tests.dll" adapterTypeName="executor://xunit/VsTestRunner2/netcoreapp" className="BL.Tests.CheckPermissionsServiceTests" name="UnauthorizedHasNoAccessToAuthorizedFunctions" />
    </UnitTest>
    <UnitTest name="BL.Tests.CheckPermissionsServiceTests.AdminHasAccessToAllFunctions" storage="/mnt/c/users/alena/desktop/7_sem/testing_and_debugging/skiresort/bl.tests/bin/debug/net6.0/bl.tests.dll" id="f3efc418-a8a6-c7b7-9bac-90b33aa8472f">
      <Execution id="0bec2dc7-9ac6-4932-a063-04a4c97a8744" />
      <TestMethod codeBase="/mnt/c/Users/alena/Desktop/7_sem/testing_and_debugging/SkiResort/BL.Tests/bin/Debug/net6.0/BL.Tests.dll" adapterTypeName="executor://xunit/VsTestRunner2/netcoreapp" className="BL.Tests.CheckPermissionsServiceTests" name="AdminHasAccessToAllFunctions" />
    </UnitTest>
    <UnitTest name="BL.Tests.LiftsSlopesServiceTests.TestAdminAddAutoIncrementLiftSlopeAsync(lift: Lift { LiftID = 217, LiftName = liftNamef2da324f-cde3-46cc-be2e-34cce7d41267, IsOpen = True, SeatsAmount = 101, LiftingTime = 105, QueueTime = 49, ConnectedSlopes =  }, slope: Slope { SlopeID = 44, SlopeName = slopeNamee1eb9f21-8148-49e7-a416-76648cf299f8, IsOpen = False, DifficultyLevel = 103, ConnectedLifts =  }, slopesRepositoryStub: Mock&lt;ISlopesRepository:3&gt;,..." storage="/mnt/c/users/alena/desktop/7_sem/testing_and_debugging/skiresort/bl.tests/bin/debug/net6.0/bl.tests.dll" id="95eddda7-4f67-51f5-4063-79caf20ef56e">
      <Execution id="78628969-f21d-46dc-9b09-5489f215f704" />
      <TestMethod codeBase="/mnt/c/Users/alena/Desktop/7_sem/testing_and_debugging/SkiResort/BL.Tests/bin/Debug/net6.0/BL.Tests.dll" adapterTypeName="executor://xunit/VsTestRunner2/netcoreapp" className="BL.Tests.LiftsSlopesServiceTests" name="TestAdminAddAutoIncrementLiftSlopeAsync" />
    </UnitTest>
    <UnitTest name="BL.Tests.LiftsServiceTest.TestUpdateLiftInfoAsync(userID: 171, lift: Lift { LiftID = 137, LiftName = liftName999d5d9c-d714-4909-8e90-278f44d55b07, IsOpen = True, SeatsAmount = 108, LiftingTime = 16, QueueTime = 88, ConnectedSlopes =  }, checkPermissionServiceMock: Mock&lt;ICheckPermissionService:3&gt;, liftsRepositoryStub: Mock&lt;ILiftsRepository:3&gt;, sut: LiftsService { })" storage="/mnt/c/users/alena/desktop/7_sem/testing_and_debugging/skiresort/bl.tests/bin/debug/net6.0/bl.tests.dll" id="66c1c787-9647-f038-51b4-0950476d3a02">
      <Execution id="e06c9cfd-844b-4594-a1de-e90df52eb912" />
      <TestMethod codeBase="/mnt/c/Users/alena/Desktop/7_sem/testing_and_debugging/SkiResort/BL.Tests/bin/Debug/net6.0/BL.Tests.dll" adapterTypeName="executor://xunit/VsTestRunner2/netcoreapp" className="BL.Tests.LiftsServiceTest" name="TestUpdateLiftInfoAsync" />
    </UnitTest>
    <UnitTest name="BL.Tests.UsersServiceTests.TestLogInOk" storage="/mnt/c/users/alena/desktop/7_sem/testing_and_debugging/skiresort/bl.tests/bin/debug/net6.0/bl.tests.dll" id="1ca07ad8-f799-c5d4-e7cc-34fd950198a2">
      <Execution id="8568ea27-fe82-45b1-a44d-21a5a3154f76" />
      <TestMethod codeBase="/mnt/c/Users/alena/Desktop/7_sem/testing_and_debugging/SkiResort/BL.Tests/bin/Debug/net6.0/BL.Tests.dll" adapterTypeName="executor://xunit/VsTestRunner2/netcoreapp" className="BL.Tests.UsersServiceTests" name="TestLogInOk" />
    </UnitTest>
    <UnitTest name="BL.Tests.SlopesServiceTest.TestGetSlopeInfoAsync(userID: 240, slope: Slope { SlopeID = 98, SlopeName = slopeName1a654772-31d8-4514-93c3-260a58bbfa9b, IsOpen = True, DifficultyLevel = 104, ConnectedLifts =  }, checkPermissionServiceMock: Mock&lt;ICheckPermissionService:6&gt;, slopesRepositoryStub: Mock&lt;ISlopesRepository:4&gt;, liftsSlopesRepositoryStub: Mock&lt;ILiftsSlopesRepository:9&gt;, sut: SlopesService { })" storage="/mnt/c/users/alena/desktop/7_sem/testing_and_debugging/skiresort/bl.tests/bin/debug/net6.0/bl.tests.dll" id="2c2cdcd2-1b98-e56f-f949-38888c6b25c8">
      <Execution id="b119ace0-08b3-4ccb-88c3-94919409e142" />
      <TestMethod codeBase="/mnt/c/Users/alena/Desktop/7_sem/testing_and_debugging/SkiResort/BL.Tests/bin/Debug/net6.0/BL.Tests.dll" adapterTypeName="executor://xunit/VsTestRunner2/netcoreapp" className="BL.Tests.SlopesServiceTest" name="TestGetSlopeInfoAsync" />
    </UnitTest>
    <UnitTest name="BL.Tests.LiftsServiceTest.TestGetLiftsInfoAsync(userID: 46, initialLifts: [Lift { LiftID = 212, LiftName = liftNamec82a662b-1bd6-448f-836b-243ea36fefca, IsOpen = True, SeatsAmount = 119, LiftingTime = 51, QueueTime = 89, ConnectedSlopes =  }, Lift { LiftID = 233, LiftName = liftName33144263-4294-406f-802c-e988849fbe46, IsOpen = False, SeatsAmount = 214, LiftingTime = 207, QueueTime = 58, ConnectedSlopes =  }, Lift { LiftID = 181, LiftName =..." storage="/mnt/c/users/alena/desktop/7_sem/testing_and_debugging/skiresort/bl.tests/bin/debug/net6.0/bl.tests.dll" id="760a460c-5095-d602-8a7a-6b64c1f4daba">
      <Execution id="3e7d9779-ab14-4737-a912-f56a96ca6a69" />
      <TestMethod codeBase="/mnt/c/Users/alena/Desktop/7_sem/testing_and_debugging/SkiResort/BL.Tests/bin/Debug/net6.0/BL.Tests.dll" adapterTypeName="executor://xunit/VsTestRunner2/netcoreapp" className="BL.Tests.LiftsServiceTest" name="TestGetLiftsInfoAsync" />
    </UnitTest>
    <UnitTest name="BL.Tests.CheckPermissionsServiceTests.UnauthorizedHasNoAccessToAdminSkiPatrolFunctions(functionName: &quot;MarkMessageReadByUserAsync&quot;)" storage="/mnt/c/users/alena/desktop/7_sem/testing_and_debugging/skiresort/bl.tests/bin/debug/net6.0/bl.tests.dll" id="a19a5fcf-c5d2-7d44-5d7d-84403042f4e0">
      <Execution id="2ce0a335-9f7d-4c18-b161-ff465ed4d8e5" />
      <TestMethod codeBase="/mnt/c/Users/alena/Desktop/7_sem/testing_and_debugging/SkiResort/BL.Tests/bin/Debug/net6.0/BL.Tests.dll" adapterTypeName="executor://xunit/VsTestRunner2/netcoreapp" className="BL.Tests.CheckPermissionsServiceTests" name="UnauthorizedHasNoAccessToAdminSkiPatrolFunctions" />
    </UnitTest>
    <UnitTest name="BL.Tests.TurnstilesServiceTest.TestAdminGetTurnstileAsync(userID: 245, turnstile: Turnstile { TurnstileID = 217, LiftID = 71, IsOpen = True }, checkPermissionServiceMock: Mock&lt;ICheckPermissionService:12&gt;, turnstilesRepositoryStub: Mock&lt;ITurnstilesRepository:6&gt;, sut: TurnstilesService { })" storage="/mnt/c/users/alena/desktop/7_sem/testing_and_debugging/skiresort/bl.tests/bin/debug/net6.0/bl.tests.dll" id="c57eabb7-c141-a8e2-0b82-453a89e16d59">
      <Execution id="3d0c0eef-5f41-422d-8447-91f98cef2f17" />
      <TestMethod codeBase="/mnt/c/Users/alena/Desktop/7_sem/testing_and_debugging/SkiResort/BL.Tests/bin/Debug/net6.0/BL.Tests.dll" adapterTypeName="executor://xunit/VsTestRunner2/netcoreapp" className="BL.Tests.TurnstilesServiceTest" name="TestAdminGetTurnstileAsync" />
    </UnitTest>
    <UnitTest name="BL.Tests.CheckPermissionsServiceTests.AuthorizedHasAccessToAuthorizedFunctions(functionName: &quot;LogOutAsync&quot;)" storage="/mnt/c/users/alena/desktop/7_sem/testing_and_debugging/skiresort/bl.tests/bin/debug/net6.0/bl.tests.dll" id="aa28a6b3-21d3-aa45-24d3-bef2facbc899">
      <Execution id="3b4d4205-3f85-4d0c-8374-7e33ffe046d6" />
      <TestMethod codeBase="/mnt/c/Users/alena/Desktop/7_sem/testing_and_debugging/SkiResort/BL.Tests/bin/Debug/net6.0/BL.Tests.dll" adapterTypeName="executor://xunit/VsTestRunner2/netcoreapp" className="BL.Tests.CheckPermissionsServiceTests" name="AuthorizedHasAccessToAuthorizedFunctions" />
    </UnitTest>
    <UnitTest name="BL.Tests.LiftsServiceTest.TestAdminAddAutoIncrementLiftAsync(userID: 228, lift: Lift { LiftID = 50, LiftName = liftNameacbd487c-b192-43c2-8bbe-1fbffdae8ef7, IsOpen = True, SeatsAmount = 78, LiftingTime = 241, QueueTime = 6, ConnectedSlopes =  }, checkPermissionServiceMock: Mock&lt;ICheckPermissionService:5&gt;, liftsRepositoryStub: Mock&lt;ILiftsRepository:5&gt;, sut: LiftsService { })" storage="/mnt/c/users/alena/desktop/7_sem/testing_and_debugging/skiresort/bl.tests/bin/debug/net6.0/bl.tests.dll" id="9e29ac1e-14d4-3db8-c15f-89393bfecfbb">
      <Execution id="e76c7a31-cb82-461b-828c-8865916c08d6" />
      <TestMethod codeBase="/mnt/c/Users/alena/Desktop/7_sem/testing_and_debugging/SkiResort/BL.Tests/bin/Debug/net6.0/BL.Tests.dll" adapterTypeName="executor://xunit/VsTestRunner2/netcoreapp" className="BL.Tests.LiftsServiceTest" name="TestAdminAddAutoIncrementLiftAsync" />
    </UnitTest>
    <UnitTest name="BL.Tests.LiftsServiceTest.TestGetLiftInfoAsync(userID: 245, lift: Lift { LiftID = 85, LiftName = liftName61821629-e8a4-4b52-9aa7-70720a17b772, IsOpen = True, SeatsAmount = 117, LiftingTime = 198, QueueTime = 212, ConnectedSlopes =  }, checkPermissionServiceMock: Mock&lt;ICheckPermissionService:1&gt;, liftsRepositoryStub: Mock&lt;ILiftsRepository:1&gt;, liftsSlopesRepositoryStub: Mock&lt;ILiftsSlopesRepository:1&gt;, sut: LiftsService { })" storage="/mnt/c/users/alena/desktop/7_sem/testing_and_debugging/skiresort/bl.tests/bin/debug/net6.0/bl.tests.dll" id="f4fac51b-c378-b30c-1a1f-6733f03683d4">
      <Execution id="1412078b-d34d-40c2-aaf7-cb2881340155" />
      <TestMethod codeBase="/mnt/c/Users/alena/Desktop/7_sem/testing_and_debugging/SkiResort/BL.Tests/bin/Debug/net6.0/BL.Tests.dll" adapterTypeName="executor://xunit/VsTestRunner2/netcoreapp" className="BL.Tests.LiftsServiceTest" name="TestGetLiftInfoAsync" />
    </UnitTest>
    <UnitTest name="BL.Tests.CheckPermissionsServiceTests.SkiPatrolHasAccessToAdminSkiPatrolFunctions(functionName: &quot;GetMessagesAsync&quot;)" storage="/mnt/c/users/alena/desktop/7_sem/testing_and_debugging/skiresort/bl.tests/bin/debug/net6.0/bl.tests.dll" id="c36970dc-93f7-753e-fa47-157133b01644">
      <Execution id="05a337b8-2a00-460b-a18c-13940b6931b3" />
      <TestMethod codeBase="/mnt/c/Users/alena/Desktop/7_sem/testing_and_debugging/SkiResort/BL.Tests/bin/Debug/net6.0/BL.Tests.dll" adapterTypeName="executor://xunit/VsTestRunner2/netcoreapp" className="BL.Tests.CheckPermissionsServiceTests" name="SkiPatrolHasAccessToAdminSkiPatrolFunctions" />
    </UnitTest>
    <UnitTest name="BL.Tests.LiftsServiceTest.TestAdminDeleteLiftAsync(userID: 190, lift: Lift { LiftID = 122, LiftName = liftName9b6b8d16-a755-4479-b4a2-f14c11dff62a, IsOpen = True, SeatsAmount = 86, LiftingTime = 40, QueueTime = 180, ConnectedSlopes =  }, checkPermissionServiceMock: Mock&lt;ICheckPermissionService:4&gt;, liftsRepositoryStub: Mock&lt;ILiftsRepository:4&gt;, liftsSlopesRepositoryStub: Mock&lt;ILiftsSlopesRepository:4&gt;, sut: LiftsService { })" storage="/mnt/c/users/alena/desktop/7_sem/testing_and_debugging/skiresort/bl.tests/bin/debug/net6.0/bl.tests.dll" id="0f06b162-fcc2-d74f-44d5-4c30ed86e50f">
      <Execution id="80b24bfd-ff6c-4b46-a2ea-8cb005be8b47" />
      <TestMethod codeBase="/mnt/c/Users/alena/Desktop/7_sem/testing_and_debugging/SkiResort/BL.Tests/bin/Debug/net6.0/BL.Tests.dll" adapterTypeName="executor://xunit/VsTestRunner2/netcoreapp" className="BL.Tests.LiftsServiceTest" name="TestAdminDeleteLiftAsync" />
    </UnitTest>
    <UnitTest name="BL.Tests.SlopesServiceTest.TestGetSlopesInfoAsync(userID: 12, initialSlopes: [Slope { SlopeID = 163, SlopeName = slopeNamea5f6b535-8e65-40a0-94b9-41aba7ba6f56, IsOpen = True, DifficultyLevel = 202, ConnectedLifts =  }, Slope { SlopeID = 216, SlopeName = slopeName20a225fb-51aa-4f13-b9eb-6a41d0284ba4, IsOpen = False, DifficultyLevel = 114, ConnectedLifts =  }, Slope { SlopeID = 188, SlopeName = slopeName61b2bfe2-3409-460b-aaad-683b0ccdf518, I..." storage="/mnt/c/users/alena/desktop/7_sem/testing_and_debugging/skiresort/bl.tests/bin/debug/net6.0/bl.tests.dll" id="bc527323-8b11-6baf-83b1-a3ffeba9ad21">
      <Execution id="e71c7bfd-2db6-4619-9d47-2e88f228c9cb" />
      <TestMethod codeBase="/mnt/c/Users/alena/Desktop/7_sem/testing_and_debugging/SkiResort/BL.Tests/bin/Debug/net6.0/BL.Tests.dll" adapterTypeName="executor://xunit/VsTestRunner2/netcoreapp" className="BL.Tests.SlopesServiceTest" name="TestGetSlopesInfoAsync" />
    </UnitTest>
    <UnitTest name="BL.Tests.CheckPermissionsServiceTests.AuthorizedHasNoAccessToAdminFunctions" storage="/mnt/c/users/alena/desktop/7_sem/testing_and_debugging/skiresort/bl.tests/bin/debug/net6.0/bl.tests.dll" id="a2e59116-cb53-1d70-9cb8-21c286516866">
      <Execution id="a167d9a3-798d-4fa0-ab2b-7ea554e90b26" />
      <TestMethod codeBase="/mnt/c/Users/alena/Desktop/7_sem/testing_and_debugging/SkiResort/BL.Tests/bin/Debug/net6.0/BL.Tests.dll" adapterTypeName="executor://xunit/VsTestRunner2/netcoreapp" className="BL.Tests.CheckPermissionsServiceTests" name="AuthorizedHasNoAccessToAdminFunctions" />
    </UnitTest>
    <UnitTest name="BL.Tests.SlopesServiceTest.TestAdminDeleteSlopeAsync(userID: 209, slope: Slope { SlopeID = 167, SlopeName = slopeName32448a88-85a0-410a-9d53-7fd924cd2995, IsOpen = True, DifficultyLevel = 234, ConnectedLifts =  }, checkPermissionServiceMock: Mock&lt;ICheckPermissionService:9&gt;, slopesRepositoryStub: Mock&lt;ISlopesRepository:7&gt;, liftsSlopesRepositoryStub: Mock&lt;ILiftsSlopesRepository:12&gt;, sut: SlopesService { })" storage="/mnt/c/users/alena/desktop/7_sem/testing_and_debugging/skiresort/bl.tests/bin/debug/net6.0/bl.tests.dll" id="609211c1-b07d-42c2-830a-03b99f672c72">
      <Execution id="a9a038b8-0f1a-444b-8593-cc2964439190" />
      <TestMethod codeBase="/mnt/c/Users/alena/Desktop/7_sem/testing_and_debugging/SkiResort/BL.Tests/bin/Debug/net6.0/BL.Tests.dll" adapterTypeName="executor://xunit/VsTestRunner2/netcoreapp" className="BL.Tests.SlopesServiceTest" name="TestAdminDeleteSlopeAsync" />
    </UnitTest>
    <UnitTest name="BL.Tests.CheckPermissionsServiceTests.SkiPatrolHasAccessToAdminSkiPatrolFunctions(functionName: &quot;GetLiftsSlopesInfoAsync&quot;)" storage="/mnt/c/users/alena/desktop/7_sem/testing_and_debugging/skiresort/bl.tests/bin/debug/net6.0/bl.tests.dll" id="2d706594-f2b3-b3c8-21d4-86c9798c3306">
      <Execution id="db68ce6c-f6b5-459a-9c61-b7671694ff13" />
      <TestMethod codeBase="/mnt/c/Users/alena/Desktop/7_sem/testing_and_debugging/SkiResort/BL.Tests/bin/Debug/net6.0/BL.Tests.dll" adapterTypeName="executor://xunit/VsTestRunner2/netcoreapp" className="BL.Tests.CheckPermissionsServiceTests" name="SkiPatrolHasAccessToAdminSkiPatrolFunctions" />
    </UnitTest>
    <UnitTest name="BL.Tests.CheckPermissionsServiceTests.AuthorizedHasNoAccessToAdminSkiPatrolFunctions(functionName: &quot;GetLiftsSlopesInfoAsync&quot;)" storage="/mnt/c/users/alena/desktop/7_sem/testing_and_debugging/skiresort/bl.tests/bin/debug/net6.0/bl.tests.dll" id="4f297306-d4f3-8d63-e7f4-1ac0b8c58c74">
      <Execution id="a36d641a-4e54-4399-8223-d8442f717560" />
      <TestMethod codeBase="/mnt/c/Users/alena/Desktop/7_sem/testing_and_debugging/SkiResort/BL.Tests/bin/Debug/net6.0/BL.Tests.dll" adapterTypeName="executor://xunit/VsTestRunner2/netcoreapp" className="BL.Tests.CheckPermissionsServiceTests" name="AuthorizedHasNoAccessToAdminSkiPatrolFunctions" />
    </UnitTest>
    <UnitTest name="BL.Tests.CheckPermissionsServiceTests.UnauthorizedHasNoAccessToAdminSkiPatrolFunctions(functionName: &quot;GetLiftsSlopesInfoAsync&quot;)" storage="/mnt/c/users/alena/desktop/7_sem/testing_and_debugging/skiresort/bl.tests/bin/debug/net6.0/bl.tests.dll" id="387c9729-48c1-486e-5e67-f5d11a9f0db8">
      <Execution id="52ec2813-1d9a-4c12-99ba-24c26f3e82f4" />
      <TestMethod codeBase="/mnt/c/Users/alena/Desktop/7_sem/testing_and_debugging/SkiResort/BL.Tests/bin/Debug/net6.0/BL.Tests.dll" adapterTypeName="executor://xunit/VsTestRunner2/netcoreapp" className="BL.Tests.CheckPermissionsServiceTests" name="UnauthorizedHasNoAccessToAdminSkiPatrolFunctions" />
    </UnitTest>
    <UnitTest name="BL.Tests.UsersServiceTests.TestRegisterUserWithRepeatedEmail" storage="/mnt/c/users/alena/desktop/7_sem/testing_and_debugging/skiresort/bl.tests/bin/debug/net6.0/bl.tests.dll" id="894941c1-bfa7-d8f9-c047-1e1ceefe2c2f">
      <Execution id="c9a36dc8-7195-4371-a662-95867601528d" />
      <TestMethod codeBase="/mnt/c/Users/alena/Desktop/7_sem/testing_and_debugging/SkiResort/BL.Tests/bin/Debug/net6.0/BL.Tests.dll" adapterTypeName="executor://xunit/VsTestRunner2/netcoreapp" className="BL.Tests.UsersServiceTests" name="TestRegisterUserWithRepeatedEmail" />
    </UnitTest>
    <UnitTest name="BL.Tests.CheckPermissionsServiceTests.UnauthorizedHasNoAccessToAdminFunctions" storage="/mnt/c/users/alena/desktop/7_sem/testing_and_debugging/skiresort/bl.tests/bin/debug/net6.0/bl.tests.dll" id="e2d7e5be-3dae-33ae-fb17-c704b6fd58d6">
      <Execution id="dcb82471-bcc0-4a09-85ef-ea8227074f5a" />
      <TestMethod codeBase="/mnt/c/Users/alena/Desktop/7_sem/testing_and_debugging/SkiResort/BL.Tests/bin/Debug/net6.0/BL.Tests.dll" adapterTypeName="executor://xunit/VsTestRunner2/netcoreapp" className="BL.Tests.CheckPermissionsServiceTests" name="UnauthorizedHasNoAccessToAdminFunctions" />
    </UnitTest>
    <UnitTest name="BL.Tests.UsersServiceTests.TestRegisterUserWithNoPassword" storage="/mnt/c/users/alena/desktop/7_sem/testing_and_debugging/skiresort/bl.tests/bin/debug/net6.0/bl.tests.dll" id="f44a1b21-8efc-bfac-63b4-d534442def31">
      <Execution id="7ed09e57-5ba9-4f4c-a053-76a6dc0eb1fd" />
      <TestMethod codeBase="/mnt/c/Users/alena/Desktop/7_sem/testing_and_debugging/SkiResort/BL.Tests/bin/Debug/net6.0/BL.Tests.dll" adapterTypeName="executor://xunit/VsTestRunner2/netcoreapp" className="BL.Tests.UsersServiceTests" name="TestRegisterUserWithNoPassword" />
    </UnitTest>
    <UnitTest name="BL.Tests.SlopesServiceTest.TestAdminAddSlopeAsync(userID: 40, slope: Slope { SlopeID = 235, SlopeName = slopeName77eb7400-44ef-4303-84d4-3c3ec8058430, IsOpen = True, DifficultyLevel = 159, ConnectedLifts =  }, checkPermissionServiceMock: Mock&lt;ICheckPermissionService:11&gt;, slopesRepositoryStub: Mock&lt;ISlopesRepository:9&gt;, sut: SlopesService { })" storage="/mnt/c/users/alena/desktop/7_sem/testing_and_debugging/skiresort/bl.tests/bin/debug/net6.0/bl.tests.dll" id="afa574a6-8a45-cc91-2898-594bef1904ef">
      <Execution id="a76ab377-2bf5-4e7c-a599-06ddb77cc9b7" />
      <TestMethod codeBase="/mnt/c/Users/alena/Desktop/7_sem/testing_and_debugging/SkiResort/BL.Tests/bin/Debug/net6.0/BL.Tests.dll" adapterTypeName="executor://xunit/VsTestRunner2/netcoreapp" className="BL.Tests.SlopesServiceTest" name="TestAdminAddSlopeAsync" />
    </UnitTest>
    <UnitTest name="BL.Tests.SlopesServiceTest.TestUpdateSlopeInfoAsync(userID: 174, slope: Slope { SlopeID = 154, SlopeName = slopeName40105d29-2645-4611-9291-53c65657cd5e, IsOpen = True, DifficultyLevel = 32, ConnectedLifts =  }, checkPermissionServiceMock: Mock&lt;ICheckPermissionService:8&gt;, slopesRepositoryStub: Mock&lt;ISlopesRepository:6&gt;, sut: SlopesService { })" storage="/mnt/c/users/alena/desktop/7_sem/testing_and_debugging/skiresort/bl.tests/bin/debug/net6.0/bl.tests.dll" id="0e30c752-6df5-0882-8955-68b7eb308020">
      <Execution id="9e599437-225d-4cad-bb5a-fcdc9d37d565" />
      <TestMethod codeBase="/mnt/c/Users/alena/Desktop/7_sem/testing_and_debugging/SkiResort/BL.Tests/bin/Debug/net6.0/BL.Tests.dll" adapterTypeName="executor://xunit/VsTestRunner2/netcoreapp" className="BL.Tests.SlopesServiceTest" name="TestUpdateSlopeInfoAsync" />
    </UnitTest>
    <UnitTest name="BL.Tests.SlopesServiceTest.TestAdminAddAutoIncrementSlopeAsync(userID: 114, slope: Slope { SlopeID = 88, SlopeName = slopeName500b73ab-aca1-4583-8baf-8352ac7c4834, IsOpen = True, DifficultyLevel = 123, ConnectedLifts =  }, checkPermissionServiceMock: Mock&lt;ICheckPermissionService:10&gt;, slopesRepositoryStub: Mock&lt;ISlopesRepository:8&gt;, sut: SlopesService { })" storage="/mnt/c/users/alena/desktop/7_sem/testing_and_debugging/skiresort/bl.tests/bin/debug/net6.0/bl.tests.dll" id="57e0da5c-5ba6-65fc-297e-ec646df63fed">
      <Execution id="3f9d4d78-9535-454e-bf04-8e3acf760c97" />
      <TestMethod codeBase="/mnt/c/Users/alena/Desktop/7_sem/testing_and_debugging/SkiResort/BL.Tests/bin/Debug/net6.0/BL.Tests.dll" adapterTypeName="executor://xunit/VsTestRunner2/netcoreapp" className="BL.Tests.SlopesServiceTest" name="TestAdminAddAutoIncrementSlopeAsync" />
    </UnitTest>
    <UnitTest name="BL.Tests.CheckPermissionsServiceTests.SkiPatrolHasNoAccessToAdminFunctions" storage="/mnt/c/users/alena/desktop/7_sem/testing_and_debugging/skiresort/bl.tests/bin/debug/net6.0/bl.tests.dll" id="492c0393-35b4-df26-a537-21ca08302f3c">
      <Execution id="d087e512-ead2-456e-ad6b-300275765bfd" />
      <TestMethod codeBase="/mnt/c/Users/alena/Desktop/7_sem/testing_and_debugging/SkiResort/BL.Tests/bin/Debug/net6.0/BL.Tests.dll" adapterTypeName="executor://xunit/VsTestRunner2/netcoreapp" className="BL.Tests.CheckPermissionsServiceTests" name="SkiPatrolHasNoAccessToAdminFunctions" />
    </UnitTest>
    <UnitTest name="BL.Tests.UsersServiceTests.TestAdminDeleteUser" storage="/mnt/c/users/alena/desktop/7_sem/testing_and_debugging/skiresort/bl.tests/bin/debug/net6.0/bl.tests.dll" id="18fa8c62-e27d-e1fc-8182-4d7db62b008d">
      <Execution id="3235c426-303b-46ca-ba97-d021d0f92935" />
      <TestMethod codeBase="/mnt/c/Users/alena/Desktop/7_sem/testing_and_debugging/SkiResort/BL.Tests/bin/Debug/net6.0/BL.Tests.dll" adapterTypeName="executor://xunit/VsTestRunner2/netcoreapp" className="BL.Tests.UsersServiceTests" name="TestAdminDeleteUser" />
    </UnitTest>
    <UnitTest name="BL.Tests.UsersServiceTests.TestLogInWithWrongPassword" storage="/mnt/c/users/alena/desktop/7_sem/testing_and_debugging/skiresort/bl.tests/bin/debug/net6.0/bl.tests.dll" id="69340bb6-3645-f9dd-971e-29d8b2a009bb">
      <Execution id="b1865351-5591-4b96-a975-7a2a9d87c4db" />
      <TestMethod codeBase="/mnt/c/Users/alena/Desktop/7_sem/testing_and_debugging/SkiResort/BL.Tests/bin/Debug/net6.0/BL.Tests.dll" adapterTypeName="executor://xunit/VsTestRunner2/netcoreapp" className="BL.Tests.UsersServiceTests" name="TestLogInWithWrongPassword" />
    </UnitTest>
    <UnitTest name="BL.Tests.TurnstilesServiceTest.TestAdminGetTurnstilesAsync(userID: 105, initialTurnstiles: [Turnstile { TurnstileID = 152, LiftID = 95, IsOpen = True }, Turnstile { TurnstileID = 192, LiftID = 236, IsOpen = False }, Turnstile { TurnstileID = 115, LiftID = 141, IsOpen = True }], checkPermissionServiceMock: Mock&lt;ICheckPermissionService:13&gt;, turnstilesRepositoryStub: Mock&lt;ITurnstilesRepository:7&gt;, sut: TurnstilesService { })" storage="/mnt/c/users/alena/desktop/7_sem/testing_and_debugging/skiresort/bl.tests/bin/debug/net6.0/bl.tests.dll" id="76121f2d-b4b1-e4ee-cb14-b894ab1ccd2a">
      <Execution id="5730c7c0-dbb8-4498-bff4-137c42fd285a" />
      <TestMethod codeBase="/mnt/c/Users/alena/Desktop/7_sem/testing_and_debugging/SkiResort/BL.Tests/bin/Debug/net6.0/BL.Tests.dll" adapterTypeName="executor://xunit/VsTestRunner2/netcoreapp" className="BL.Tests.TurnstilesServiceTest" name="TestAdminGetTurnstilesAsync" />
    </UnitTest>
    <UnitTest name="BL.Tests.LiftsSlopesServiceTests.TestAdminDeleteLiftSlopeAsync(lift: Lift { LiftID = 20, LiftName = liftName17eabe39-abfa-4f35-8838-cb3aac3f4f6a, IsOpen = True, SeatsAmount = 228, LiftingTime = 114, QueueTime = 239, ConnectedSlopes =  }, slope: Slope { SlopeID = 145, SlopeName = slopeNamee5ff5e11-ed19-44de-b30f-626c9ada9c43, IsOpen = False, DifficultyLevel = 248, ConnectedLifts =  }, slopesRepositoryStub: Mock&lt;ISlopesRepository:2&gt;, liftsRep..." storage="/mnt/c/users/alena/desktop/7_sem/testing_and_debugging/skiresort/bl.tests/bin/debug/net6.0/bl.tests.dll" id="124a87c4-a728-100c-2fa1-0cd538f13426">
      <Execution id="cfa3ac10-5924-4d9d-9c68-a5fb0d6e5e2d" />
      <TestMethod codeBase="/mnt/c/Users/alena/Desktop/7_sem/testing_and_debugging/SkiResort/BL.Tests/bin/Debug/net6.0/BL.Tests.dll" adapterTypeName="executor://xunit/VsTestRunner2/netcoreapp" className="BL.Tests.LiftsSlopesServiceTests" name="TestAdminDeleteLiftSlopeAsync" />
    </UnitTest>
    <UnitTest name="BL.Tests.CheckPermissionsServiceTests.UnauthorizedHasNoAccessToAdminSkiPatrolFunctions(functionName: &quot;GetMessagesAsync&quot;)" storage="/mnt/c/users/alena/desktop/7_sem/testing_and_debugging/skiresort/bl.tests/bin/debug/net6.0/bl.tests.dll" id="229812f5-9a73-5335-11f5-31330d1348a5">
      <Execution id="c32ee8c3-3f10-4737-a719-c59b0741184d" />
      <TestMethod codeBase="/mnt/c/Users/alena/Desktop/7_sem/testing_and_debugging/SkiResort/BL.Tests/bin/Debug/net6.0/BL.Tests.dll" adapterTypeName="executor://xunit/VsTestRunner2/netcoreapp" className="BL.Tests.CheckPermissionsServiceTests" name="UnauthorizedHasNoAccessToAdminSkiPatrolFunctions" />
    </UnitTest>
    <UnitTest name="BL.Tests.CheckPermissionsServiceTests.AuthorizedHasNoAccessToAdminSkiPatrolFunctions(functionName: &quot;GetMessagesAsync&quot;)" storage="/mnt/c/users/alena/desktop/7_sem/testing_and_debugging/skiresort/bl.tests/bin/debug/net6.0/bl.tests.dll" id="2602613f-c8e2-a6d9-fcf7-5b27d4a770a6">
      <Execution id="03aa6e66-3a9a-4183-971a-bb52d8756c77" />
      <TestMethod codeBase="/mnt/c/Users/alena/Desktop/7_sem/testing_and_debugging/SkiResort/BL.Tests/bin/Debug/net6.0/BL.Tests.dll" adapterTypeName="executor://xunit/VsTestRunner2/netcoreapp" className="BL.Tests.CheckPermissionsServiceTests" name="AuthorizedHasNoAccessToAdminSkiPatrolFunctions" />
    </UnitTest>
    <UnitTest name="BL.Tests.UsersServiceTests.TestRegisterUserWithNoEmail" storage="/mnt/c/users/alena/desktop/7_sem/testing_and_debugging/skiresort/bl.tests/bin/debug/net6.0/bl.tests.dll" id="8184bd30-991c-b78d-b4ec-99a485eac0dd">
      <Execution id="1b9a5d19-60ac-4778-8928-2365c0522120" />
      <TestMethod codeBase="/mnt/c/Users/alena/Desktop/7_sem/testing_and_debugging/SkiResort/BL.Tests/bin/Debug/net6.0/BL.Tests.dll" adapterTypeName="executor://xunit/VsTestRunner2/netcoreapp" className="BL.Tests.UsersServiceTests" name="TestRegisterUserWithNoEmail" />
    </UnitTest>
    <UnitTest name="BL.Tests.UsersServiceTests.TestRegisterOk" storage="/mnt/c/users/alena/desktop/7_sem/testing_and_debugging/skiresort/bl.tests/bin/debug/net6.0/bl.tests.dll" id="0eeef75f-6e38-7893-a8fe-cff3e0a970a7">
      <Execution id="6f5dee26-fc34-4a1f-b9e4-e749f271591d" />
      <TestMethod codeBase="/mnt/c/Users/alena/Desktop/7_sem/testing_and_debugging/SkiResort/BL.Tests/bin/Debug/net6.0/BL.Tests.dll" adapterTypeName="executor://xunit/VsTestRunner2/netcoreapp" className="BL.Tests.UsersServiceTests" name="TestRegisterOk" />
    </UnitTest>
    <UnitTest name="BL.Tests.CheckPermissionsServiceTests.UnauthorizedHasNoAccessToAuthorizedFunctions(functionName: &quot;LogOutAsync&quot;)" storage="/mnt/c/users/alena/desktop/7_sem/testing_and_debugging/skiresort/bl.tests/bin/debug/net6.0/bl.tests.dll" id="fa960c5e-f989-2880-784e-8efe538c5231">
      <Execution id="496651c6-3c5d-429f-af84-ddff19f9d3a5" />
      <TestMethod codeBase="/mnt/c/Users/alena/Desktop/7_sem/testing_and_debugging/SkiResort/BL.Tests/bin/Debug/net6.0/BL.Tests.dll" adapterTypeName="executor://xunit/VsTestRunner2/netcoreapp" className="BL.Tests.CheckPermissionsServiceTests" name="UnauthorizedHasNoAccessToAuthorizedFunctions" />
    </UnitTest>
    <UnitTest name="BL.Tests.LiftsSlopesServiceTests.TestGetLiftsSlopesInfoAsync(liftsSlopes: [LiftSlope { RecordID = 118, LiftID = 101, SlopeID = 109 }, LiftSlope { RecordID = 35, LiftID = 13, SlopeID = 84 }, LiftSlope { RecordID = 170, LiftID = 79, SlopeID = 11 }], slopesRepositoryStub: Mock&lt;ISlopesRepository:1&gt;, liftsRepositoryStub: Mock&lt;ILiftsRepository:6&gt;, liftsSlopesRepositoryStub: Mock&lt;ILiftsSlopesRepository:6&gt;)" storage="/mnt/c/users/alena/desktop/7_sem/testing_and_debugging/skiresort/bl.tests/bin/debug/net6.0/bl.tests.dll" id="e429852d-a6ed-7c2a-25fd-cd839b159d56">
      <Execution id="d3dffa8f-b882-4416-b27f-aa167e807a45" />
      <TestMethod codeBase="/mnt/c/Users/alena/Desktop/7_sem/testing_and_debugging/SkiResort/BL.Tests/bin/Debug/net6.0/BL.Tests.dll" adapterTypeName="executor://xunit/VsTestRunner2/netcoreapp" className="BL.Tests.LiftsSlopesServiceTests" name="TestGetLiftsSlopesInfoAsync" />
    </UnitTest>
    <UnitTest name="BL.Tests.TurnstilesServiceTest.TestAdminDeleteTurnstileAsync(userID: 130, turnstile: Turnstile { TurnstileID = 48, LiftID = 226, IsOpen = True }, checkPermissionServiceMock: Mock&lt;ICheckPermissionService:15&gt;, turnstilesRepositoryStub: Mock&lt;ITurnstilesRepository:9&gt;, sut: TurnstilesService { })" storage="/mnt/c/users/alena/desktop/7_sem/testing_and_debugging/skiresort/bl.tests/bin/debug/net6.0/bl.tests.dll" id="680885c2-d61f-b5bf-1714-836c879df822">
      <Execution id="ba2c340e-956c-4fd4-832e-4a5f4c1e1b6c" />
      <TestMethod codeBase="/mnt/c/Users/alena/Desktop/7_sem/testing_and_debugging/SkiResort/BL.Tests/bin/Debug/net6.0/BL.Tests.dll" adapterTypeName="executor://xunit/VsTestRunner2/netcoreapp" className="BL.Tests.TurnstilesServiceTest" name="TestAdminDeleteTurnstileAsync" />
    </UnitTest>
    <UnitTest name="BL.Tests.UsersServiceTests.TestAdminUpdateUser" storage="/mnt/c/users/alena/desktop/7_sem/testing_and_debugging/skiresort/bl.tests/bin/debug/net6.0/bl.tests.dll" id="06d0bc3a-24a0-fb7f-4277-e9ae6d21c7dd">
      <Execution id="9ed2c6d6-19b4-4368-9f82-21d9140cd212" />
      <TestMethod codeBase="/mnt/c/Users/alena/Desktop/7_sem/testing_and_debugging/SkiResort/BL.Tests/bin/Debug/net6.0/BL.Tests.dll" adapterTypeName="executor://xunit/VsTestRunner2/netcoreapp" className="BL.Tests.UsersServiceTests" name="TestAdminUpdateUser" />
    </UnitTest>
    <UnitTest name="BL.Tests.TurnstilesServiceTest.TestAdminUpdateTurnstileAsync(userID: 255, turnstile: Turnstile { TurnstileID = 34, LiftID = 126, IsOpen = True }, checkPermissionServiceMock: Mock&lt;ICheckPermissionService:14&gt;, turnstilesRepositoryStub: Mock&lt;ITurnstilesRepository:8&gt;, sut: TurnstilesService { })" storage="/mnt/c/users/alena/desktop/7_sem/testing_and_debugging/skiresort/bl.tests/bin/debug/net6.0/bl.tests.dll" id="09239c0f-44ba-83c2-1080-16194cceba08">
      <Execution id="cdaba642-73f0-4945-a1ed-48104be545a7" />
      <TestMethod codeBase="/mnt/c/Users/alena/Desktop/7_sem/testing_and_debugging/SkiResort/BL.Tests/bin/Debug/net6.0/BL.Tests.dll" adapterTypeName="executor://xunit/VsTestRunner2/netcoreapp" className="BL.Tests.TurnstilesServiceTest" name="TestAdminUpdateTurnstileAsync" />
    </UnitTest>
    <UnitTest name="BL.Tests.UsersServiceTests.TestAdminGetUserByIDAsync" storage="/mnt/c/users/alena/desktop/7_sem/testing_and_debugging/skiresort/bl.tests/bin/debug/net6.0/bl.tests.dll" id="e5497347-2721-b7a6-0bd4-69a9921f6947">
      <Execution id="ad2ae165-9c28-4016-af2c-ab541dcd1f4f" />
      <TestMethod codeBase="/mnt/c/Users/alena/Desktop/7_sem/testing_and_debugging/SkiResort/BL.Tests/bin/Debug/net6.0/BL.Tests.dll" adapterTypeName="executor://xunit/VsTestRunner2/netcoreapp" className="BL.Tests.UsersServiceTests" name="TestAdminGetUserByIDAsync" />
    </UnitTest>
    <UnitTest name="BL.Tests.UsersServiceTests.TestAdminGetUsers" storage="/mnt/c/users/alena/desktop/7_sem/testing_and_debugging/skiresort/bl.tests/bin/debug/net6.0/bl.tests.dll" id="20ad8570-0170-85de-dcd7-2f109dd7bcd6">
      <Execution id="28a1d841-d09b-4036-99a7-33916c7e6abc" />
      <TestMethod codeBase="/mnt/c/Users/alena/Desktop/7_sem/testing_and_debugging/SkiResort/BL.Tests/bin/Debug/net6.0/BL.Tests.dll" adapterTypeName="executor://xunit/VsTestRunner2/netcoreapp" className="BL.Tests.UsersServiceTests" name="TestAdminGetUsers" />
    </UnitTest>
  </TestDefinitions>
  <TestEntries>
    <TestEntry testId="d2e5011d-cb78-0d37-381f-ca1f21ffdbeb" executionId="ead2ee6f-a717-4d52-97d6-4910bfd62cb4" testListId="8c84fa94-04c1-424b-9868-57a2d4851a1d" />
    <TestEntry testId="e5497347-2721-b7a6-0bd4-69a9921f6947" executionId="ad2ae165-9c28-4016-af2c-ab541dcd1f4f" testListId="8c84fa94-04c1-424b-9868-57a2d4851a1d" />
    <TestEntry testId="c57eabb7-c141-a8e2-0b82-453a89e16d59" executionId="3d0c0eef-5f41-422d-8447-91f98cef2f17" testListId="8c84fa94-04c1-424b-9868-57a2d4851a1d" />
    <TestEntry testId="f3efc418-a8a6-c7b7-9bac-90b33aa8472f" executionId="0bec2dc7-9ac6-4932-a063-04a4c97a8744" testListId="8c84fa94-04c1-424b-9868-57a2d4851a1d" />
    <TestEntry testId="0f06b162-fcc2-d74f-44d5-4c30ed86e50f" executionId="80b24bfd-ff6c-4b46-a2ea-8cb005be8b47" testListId="8c84fa94-04c1-424b-9868-57a2d4851a1d" />
    <TestEntry testId="229812f5-9a73-5335-11f5-31330d1348a5" executionId="c32ee8c3-3f10-4737-a719-c59b0741184d" testListId="8c84fa94-04c1-424b-9868-57a2d4851a1d" />
    <TestEntry testId="609211c1-b07d-42c2-830a-03b99f672c72" executionId="a9a038b8-0f1a-444b-8593-cc2964439190" testListId="8c84fa94-04c1-424b-9868-57a2d4851a1d" />
    <TestEntry testId="fa960c5e-f989-2880-784e-8efe538c5231" executionId="496651c6-3c5d-429f-af84-ddff19f9d3a5" testListId="8c84fa94-04c1-424b-9868-57a2d4851a1d" />
    <TestEntry testId="66c1c787-9647-f038-51b4-0950476d3a02" executionId="e06c9cfd-844b-4594-a1de-e90df52eb912" testListId="8c84fa94-04c1-424b-9868-57a2d4851a1d" />
    <TestEntry testId="60bd668f-04df-da5e-b79b-5d9aedb5234d" executionId="e00cb9c5-f6f8-4b88-8929-1c4098a9ac3b" testListId="8c84fa94-04c1-424b-9868-57a2d4851a1d" />
    <TestEntry testId="57e0da5c-5ba6-65fc-297e-ec646df63fed" executionId="3f9d4d78-9535-454e-bf04-8e3acf760c97" testListId="8c84fa94-04c1-424b-9868-57a2d4851a1d" />
    <TestEntry testId="0e30c752-6df5-0882-8955-68b7eb308020" executionId="9e599437-225d-4cad-bb5a-fcdc9d37d565" testListId="8c84fa94-04c1-424b-9868-57a2d4851a1d" />
    <TestEntry testId="aa28a6b3-21d3-aa45-24d3-bef2facbc899" executionId="3b4d4205-3f85-4d0c-8374-7e33ffe046d6" testListId="8c84fa94-04c1-424b-9868-57a2d4851a1d" />
    <TestEntry testId="e429852d-a6ed-7c2a-25fd-cd839b159d56" executionId="d3dffa8f-b882-4416-b27f-aa167e807a45" testListId="8c84fa94-04c1-424b-9868-57a2d4851a1d" />
    <TestEntry testId="760a460c-5095-d602-8a7a-6b64c1f4daba" executionId="3e7d9779-ab14-4737-a912-f56a96ca6a69" testListId="8c84fa94-04c1-424b-9868-57a2d4851a1d" />
    <TestEntry testId="8184bd30-991c-b78d-b4ec-99a485eac0dd" executionId="1b9a5d19-60ac-4778-8928-2365c0522120" testListId="8c84fa94-04c1-424b-9868-57a2d4851a1d" />
    <TestEntry testId="0eeef75f-6e38-7893-a8fe-cff3e0a970a7" executionId="6f5dee26-fc34-4a1f-b9e4-e749f271591d" testListId="8c84fa94-04c1-424b-9868-57a2d4851a1d" />
    <TestEntry testId="06d0bc3a-24a0-fb7f-4277-e9ae6d21c7dd" executionId="9ed2c6d6-19b4-4368-9f82-21d9140cd212" testListId="8c84fa94-04c1-424b-9868-57a2d4851a1d" />
    <TestEntry testId="20ad8570-0170-85de-dcd7-2f109dd7bcd6" executionId="28a1d841-d09b-4036-99a7-33916c7e6abc" testListId="8c84fa94-04c1-424b-9868-57a2d4851a1d" />
    <TestEntry testId="124a87c4-a728-100c-2fa1-0cd538f13426" executionId="cfa3ac10-5924-4d9d-9c68-a5fb0d6e5e2d" testListId="8c84fa94-04c1-424b-9868-57a2d4851a1d" />
    <TestEntry testId="894941c1-bfa7-d8f9-c047-1e1ceefe2c2f" executionId="c9a36dc8-7195-4371-a662-95867601528d" testListId="8c84fa94-04c1-424b-9868-57a2d4851a1d" />
    <TestEntry testId="a2e59116-cb53-1d70-9cb8-21c286516866" executionId="a167d9a3-798d-4fa0-ab2b-7ea554e90b26" testListId="8c84fa94-04c1-424b-9868-57a2d4851a1d" />
    <TestEntry testId="4f297306-d4f3-8d63-e7f4-1ac0b8c58c74" executionId="a36d641a-4e54-4399-8223-d8442f717560" testListId="8c84fa94-04c1-424b-9868-57a2d4851a1d" />
    <TestEntry testId="9c7df5e2-1b23-ebea-889f-b78ca86b60ab" executionId="f429ac8d-8b16-403e-8a44-e7adc80fb08f" testListId="8c84fa94-04c1-424b-9868-57a2d4851a1d" />
    <TestEntry testId="2d706594-f2b3-b3c8-21d4-86c9798c3306" executionId="db68ce6c-f6b5-459a-9c61-b7671694ff13" testListId="8c84fa94-04c1-424b-9868-57a2d4851a1d" />
    <TestEntry testId="834c739b-eca4-b36d-6a66-5a1bd75377b8" executionId="ea85514e-1961-4b02-9a6b-e5fed76b5a62" testListId="8c84fa94-04c1-424b-9868-57a2d4851a1d" />
    <TestEntry testId="e2d7e5be-3dae-33ae-fb17-c704b6fd58d6" executionId="dcb82471-bcc0-4a09-85ef-ea8227074f5a" testListId="8c84fa94-04c1-424b-9868-57a2d4851a1d" />
    <TestEntry testId="69340bb6-3645-f9dd-971e-29d8b2a009bb" executionId="b1865351-5591-4b96-a975-7a2a9d87c4db" testListId="8c84fa94-04c1-424b-9868-57a2d4851a1d" />
    <TestEntry testId="c36970dc-93f7-753e-fa47-157133b01644" executionId="05a337b8-2a00-460b-a18c-13940b6931b3" testListId="8c84fa94-04c1-424b-9868-57a2d4851a1d" />
    <TestEntry testId="bc527323-8b11-6baf-83b1-a3ffeba9ad21" executionId="e71c7bfd-2db6-4619-9d47-2e88f228c9cb" testListId="8c84fa94-04c1-424b-9868-57a2d4851a1d" />
    <TestEntry testId="18fa8c62-e27d-e1fc-8182-4d7db62b008d" executionId="3235c426-303b-46ca-ba97-d021d0f92935" testListId="8c84fa94-04c1-424b-9868-57a2d4851a1d" />
    <TestEntry testId="f4fac51b-c378-b30c-1a1f-6733f03683d4" executionId="1412078b-d34d-40c2-aaf7-cb2881340155" testListId="8c84fa94-04c1-424b-9868-57a2d4851a1d" />
    <TestEntry testId="492c0393-35b4-df26-a537-21ca08302f3c" executionId="d087e512-ead2-456e-ad6b-300275765bfd" testListId="8c84fa94-04c1-424b-9868-57a2d4851a1d" />
    <TestEntry testId="a19a5fcf-c5d2-7d44-5d7d-84403042f4e0" executionId="2ce0a335-9f7d-4c18-b161-ff465ed4d8e5" testListId="8c84fa94-04c1-424b-9868-57a2d4851a1d" />
    <TestEntry testId="afa574a6-8a45-cc91-2898-594bef1904ef" executionId="a76ab377-2bf5-4e7c-a599-06ddb77cc9b7" testListId="8c84fa94-04c1-424b-9868-57a2d4851a1d" />
    <TestEntry testId="387c9729-48c1-486e-5e67-f5d11a9f0db8" executionId="52ec2813-1d9a-4c12-99ba-24c26f3e82f4" testListId="8c84fa94-04c1-424b-9868-57a2d4851a1d" />
    <TestEntry testId="644ec43e-70cd-c82d-42e7-0d990be1414d" executionId="f6d403eb-69f6-4c8d-bdd8-adb0c044b4ab" testListId="8c84fa94-04c1-424b-9868-57a2d4851a1d" />
    <TestEntry testId="09239c0f-44ba-83c2-1080-16194cceba08" executionId="cdaba642-73f0-4945-a1ed-48104be545a7" testListId="8c84fa94-04c1-424b-9868-57a2d4851a1d" />
    <TestEntry testId="9e29ac1e-14d4-3db8-c15f-89393bfecfbb" executionId="e76c7a31-cb82-461b-828c-8865916c08d6" testListId="8c84fa94-04c1-424b-9868-57a2d4851a1d" />
    <TestEntry testId="2c2cdcd2-1b98-e56f-f949-38888c6b25c8" executionId="b119ace0-08b3-4ccb-88c3-94919409e142" testListId="8c84fa94-04c1-424b-9868-57a2d4851a1d" />
    <TestEntry testId="f44a1b21-8efc-bfac-63b4-d534442def31" executionId="7ed09e57-5ba9-4f4c-a053-76a6dc0eb1fd" testListId="8c84fa94-04c1-424b-9868-57a2d4851a1d" />
    <TestEntry testId="680885c2-d61f-b5bf-1714-836c879df822" executionId="ba2c340e-956c-4fd4-832e-4a5f4c1e1b6c" testListId="8c84fa94-04c1-424b-9868-57a2d4851a1d" />
    <TestEntry testId="95eddda7-4f67-51f5-4063-79caf20ef56e" executionId="78628969-f21d-46dc-9b09-5489f215f704" testListId="8c84fa94-04c1-424b-9868-57a2d4851a1d" />
    <TestEntry testId="2602613f-c8e2-a6d9-fcf7-5b27d4a770a6" executionId="03aa6e66-3a9a-4183-971a-bb52d8756c77" testListId="8c84fa94-04c1-424b-9868-57a2d4851a1d" />
    <TestEntry testId="1ca07ad8-f799-c5d4-e7cc-34fd950198a2" executionId="8568ea27-fe82-45b1-a44d-21a5a3154f76" testListId="8c84fa94-04c1-424b-9868-57a2d4851a1d" />
    <TestEntry testId="eaabd2fc-2f4b-5689-59c8-c7ad34a8f634" executionId="77ddf8f1-92fc-49a3-85b2-c54e33a986a5" testListId="8c84fa94-04c1-424b-9868-57a2d4851a1d" />
    <TestEntry testId="76121f2d-b4b1-e4ee-cb14-b894ab1ccd2a" executionId="5730c7c0-dbb8-4498-bff4-137c42fd285a" testListId="8c84fa94-04c1-424b-9868-57a2d4851a1d" />
  </TestEntries>
  <TestLists>
    <TestList name="Results Not in a List" id="8c84fa94-04c1-424b-9868-57a2d4851a1d" />
    <TestList name="All Loaded Results" id="19431567-8539-422a-85d7-44ee4e166bda" />
  </TestLists>
  <ResultSummary outcome="Completed">
    <Counters total="47" executed="47" passed="47" failed="0" error="0" timeout="0" aborted="0" inconclusive="0" passedButRunAborted="0" notRunnable="0" notExecuted="0" disconnected="0" warning="0" completed="0" inProgress="0" pending="0" />
    <Output>
      <StdOut>[xUnit.net 00:00:00.00] xUnit.net VSTest Adapter v2.4.5+1caef2f33e (64-bit .NET 6.0.10)
[xUnit.net 00:00:01.09]   Discovering: BL.Tests
[xUnit.net 00:00:01.32]   Discovered:  BL.Tests
[xUnit.net 00:00:01.32]   Starting:    BL.Tests
[xUnit.net 00:00:01.72]   Finished:    BL.Tests
</StdOut>
    </Output>
  </ResultSummary>
</TestRun>