<?xml version="1.0" encoding="utf-8"?>
<TestRun id="5869d7a4-5d05-4cab-911c-bc407738e736" name="@DESKTOP-TJ9D65N 2022-11-03 11:11:54" xmlns="http://microsoft.com/schemas/VisualStudio/TeamTest/2010">
  <Times creation="2022-11-03T11:11:54.6101496+03:00" queuing="2022-11-03T11:11:54.6101496+03:00" start="2022-11-03T11:11:52.3466183+03:00" finish="2022-11-03T11:11:54.8027766+03:00" />
  <TestSettings name="default" id="5d4e6f36-dcc8-48ea-bcca-b97e92e43c70">
    <Deployment runDeploymentRoot="_DESKTOP-TJ9D65N_2022-11-03_11_11_54" />
  </TestSettings>
  <Results>
    <UnitTestResult executionId="35cc461f-8406-4fef-b622-f1c6bb988c91" testId="0eeef75f-6e38-7893-a8fe-cff3e0a970a7" testName="BL.Tests.UsersServiceTests.TestRegisterOk" computerName="DESKTOP-TJ9D65N" duration="00:00:00.0108031" startTime="2022-11-03T11:11:54.6192220+03:00" endTime="2022-11-03T11:11:54.6192222+03:00" testType="13cdc9d9-ddb5-4fa4-a97d-d965ccfc6d4b" outcome="Passed" testListId="8c84fa94-04c1-424b-9868-57a2d4851a1d" relativeResultsDirectory="35cc461f-8406-4fef-b622-f1c6bb988c91" />
    <UnitTestResult executionId="da5ce4d2-3107-4aa1-9b1d-fd2b08a76112" testId="f3efc418-a8a6-c7b7-9bac-90b33aa8472f" testName="BL.Tests.CheckPermissionsServiceTests.AdminHasAccessToAllFunctions" computerName="DESKTOP-TJ9D65N" duration="00:00:00.0017777" startTime="2022-11-03T11:11:54.7222768+03:00" endTime="2022-11-03T11:11:54.7222769+03:00" testType="13cdc9d9-ddb5-4fa4-a97d-d965ccfc6d4b" outcome="Passed" testListId="8c84fa94-04c1-424b-9868-57a2d4851a1d" relativeResultsDirectory="da5ce4d2-3107-4aa1-9b1d-fd2b08a76112" />
    <UnitTestResult executionId="a38b3d70-ba4e-49e8-bd07-59546fcf4b05" testId="4f297306-d4f3-8d63-e7f4-1ac0b8c58c74" testName="BL.Tests.CheckPermissionsServiceTests.AuthorizedHasNoAccessToAdminSkiPatrolFunctions(functionName: &quot;GetLiftsSlopesInfoAsync&quot;)" computerName="DESKTOP-TJ9D65N" duration="00:00:00.0014326" startTime="2022-11-03T11:11:54.6765528+03:00" endTime="2022-11-03T11:11:54.6765529+03:00" testType="13cdc9d9-ddb5-4fa4-a97d-d965ccfc6d4b" outcome="Passed" testListId="8c84fa94-04c1-424b-9868-57a2d4851a1d" relativeResultsDirectory="a38b3d70-ba4e-49e8-bd07-59546fcf4b05" />
    <UnitTestResult executionId="c4440be8-1a37-400e-a641-fe3db786b42d" testId="834c739b-eca4-b36d-6a66-5a1bd75377b8" testName="BL.Tests.UsersServiceTests.TestAdminAddAutoIncrementUser" computerName="DESKTOP-TJ9D65N" duration="00:00:00.0060426" startTime="2022-11-03T11:11:54.6741024+03:00" endTime="2022-11-03T11:11:54.6741024+03:00" testType="13cdc9d9-ddb5-4fa4-a97d-d965ccfc6d4b" outcome="Passed" testListId="8c84fa94-04c1-424b-9868-57a2d4851a1d" relativeResultsDirectory="c4440be8-1a37-400e-a641-fe3db786b42d" />
    <UnitTestResult executionId="56c5be69-b424-4b81-bd68-ee8af7205c46" testId="d5ac164d-7479-08af-1b12-75f0bb747c72" testName="BL.Tests.SlopesServiceTest.TestUpdateSlopeInfoAsync(userID: 104, slope: Slope { SlopeID = 10, SlopeName = slopeName515ec59c-48c5-403d-aafe-d37f7c3f67a9, IsOpen = True, DifficultyLevel = 103, ConnectedLifts =  }, checkPermissionServiceMock: Mock&lt;ICheckPermissionService:8&gt;, slopesRepositoryStub: Mock&lt;ISlopesRepository:6&gt;, sut: SlopesService { })" computerName="DESKTOP-TJ9D65N" duration="00:00:00.0078757" startTime="2022-11-03T11:11:54.5630223+03:00" endTime="2022-11-03T11:11:54.5630223+03:00" testType="13cdc9d9-ddb5-4fa4-a97d-d965ccfc6d4b" outcome="Passed" testListId="8c84fa94-04c1-424b-9868-57a2d4851a1d" relativeResultsDirectory="56c5be69-b424-4b81-bd68-ee8af7205c46" />
    <UnitTestResult executionId="e037c205-f997-48e3-ad47-ce90a8dbe059" testId="1ca07ad8-f799-c5d4-e7cc-34fd950198a2" testName="BL.Tests.UsersServiceTests.TestLogInOk" computerName="DESKTOP-TJ9D65N" duration="00:00:00.0030433" startTime="2022-11-03T11:11:54.6327198+03:00" endTime="2022-11-03T11:11:54.6327199+03:00" testType="13cdc9d9-ddb5-4fa4-a97d-d965ccfc6d4b" outcome="Passed" testListId="8c84fa94-04c1-424b-9868-57a2d4851a1d" relativeResultsDirectory="e037c205-f997-48e3-ad47-ce90a8dbe059" />
    <UnitTestResult executionId="02d49922-f536-4bad-9efe-34b67aeac73a" testId="33a80f97-fd7c-a02c-a6dc-1cea467c92c2" testName="BL.Tests.SlopesServiceTest.TestGetSlopesInfoAsync(userID: 231, initialSlopes: [Slope { SlopeID = 165, SlopeName = slopeName58710219-6e48-4d44-ab5a-d40cd370d233, IsOpen = True, DifficultyLevel = 77, ConnectedLifts =  }, Slope { SlopeID = 102, SlopeName = slopeNameeccf85bd-7c6a-437c-8a1d-646730249ce6, IsOpen = False, DifficultyLevel = 193, ConnectedLifts =  }, Slope { SlopeID = 206, SlopeName = slopeName9694b5d2-c38c-4e5c-bc4d-44ece208a40b, IsOpen = True, DifficultyLevel = 34, ConnectedLifts =  }], checkPermissionServiceMock: Mock&lt;ICheckPermissionService:7&gt;, slopesRepositoryStub: Mock&lt;ISlopesRepository:5&gt;, liftsSlopesRepositoryStub: Mock&lt;ILiftsSlopesRepository:10&gt;, sut: SlopesService { })" computerName="DESKTOP-TJ9D65N" duration="00:00:00.0106225" startTime="2022-11-03T11:11:54.6223687+03:00" endTime="2022-11-03T11:11:54.6223688+03:00" testType="13cdc9d9-ddb5-4fa4-a97d-d965ccfc6d4b" outcome="Passed" testListId="8c84fa94-04c1-424b-9868-57a2d4851a1d" relativeResultsDirectory="02d49922-f536-4bad-9efe-34b67aeac73a" />
    <UnitTestResult executionId="a35364a4-1cd2-493e-9cbe-16c3c1634e40" testId="e2d7e5be-3dae-33ae-fb17-c704b6fd58d6" testName="BL.Tests.CheckPermissionsServiceTests.UnauthorizedHasNoAccessToAdminFunctions" computerName="DESKTOP-TJ9D65N" duration="00:00:00.0021872" startTime="2022-11-03T11:11:54.7038886+03:00" endTime="2022-11-03T11:11:54.7038887+03:00" testType="13cdc9d9-ddb5-4fa4-a97d-d965ccfc6d4b" outcome="Passed" testListId="8c84fa94-04c1-424b-9868-57a2d4851a1d" relativeResultsDirectory="a35364a4-1cd2-493e-9cbe-16c3c1634e40" />
    <UnitTestResult executionId="018a9902-95f9-43b3-af8a-38a1227b7e93" testId="b6a19b25-0199-9d8f-c5f9-db3c6052a401" testName="BL.Tests.LiftsServiceTest.TestAdminAddAutoIncrementLiftAsync(userID: 144, lift: Lift { LiftID = 195, LiftName = liftNamefa6f83fa-2b81-45bc-b689-4bc9c7a1f229, IsOpen = True, SeatsAmount = 99, LiftingTime = 151, QueueTime = 122, ConnectedSlopes =  }, checkPermissionServiceMock: Mock&lt;ICheckPermissionService:5&gt;, liftsRepositoryStub: Mock&lt;ILiftsRepository:5&gt;, sut: LiftsService { })" computerName="DESKTOP-TJ9D65N" duration="00:00:00.0368480" startTime="2022-11-03T11:11:54.4676387+03:00" endTime="2022-11-03T11:11:54.4676648+03:00" testType="13cdc9d9-ddb5-4fa4-a97d-d965ccfc6d4b" outcome="Passed" testListId="8c84fa94-04c1-424b-9868-57a2d4851a1d" relativeResultsDirectory="018a9902-95f9-43b3-af8a-38a1227b7e93" />
    <UnitTestResult executionId="51f1d15f-d229-4c06-83dc-84ac0be14a37" testId="e429852d-a6ed-7c2a-25fd-cd839b159d56" testName="BL.Tests.LiftsSlopesServiceTests.TestGetLiftsSlopesInfoAsync(liftsSlopes: [LiftSlope { RecordID = 27, LiftID = 22, SlopeID = 104 }, LiftSlope { RecordID = 130, LiftID = 8, SlopeID = 71 }, LiftSlope { RecordID = 250, LiftID = 91, SlopeID = 221 }], slopesRepositoryStub: Mock&lt;ISlopesRepository:1&gt;, liftsRepositoryStub: Mock&lt;ILiftsRepository:6&gt;, liftsSlopesRepositoryStub: Mock&lt;ILiftsSlopesRepository:6&gt;)" computerName="DESKTOP-TJ9D65N" duration="00:00:00.0064351" startTime="2022-11-03T11:11:54.5629585+03:00" endTime="2022-11-03T11:11:54.5629585+03:00" testType="13cdc9d9-ddb5-4fa4-a97d-d965ccfc6d4b" outcome="Passed" testListId="8c84fa94-04c1-424b-9868-57a2d4851a1d" relativeResultsDirectory="51f1d15f-d229-4c06-83dc-84ac0be14a37" />
    <UnitTestResult executionId="fbc9a100-89e3-48ff-b6c3-522a14ceafe3" testId="9c7df5e2-1b23-ebea-889f-b78ca86b60ab" testName="BL.Tests.CheckPermissionsServiceTests.AuthorizedHasNoAccessToAdminSkiPatrolFunctions(functionName: &quot;MarkMessageReadByUserAsync&quot;)" computerName="DESKTOP-TJ9D65N" duration="00:00:00.0011460" startTime="2022-11-03T11:11:54.6740548+03:00" endTime="2022-11-03T11:11:54.6740548+03:00" testType="13cdc9d9-ddb5-4fa4-a97d-d965ccfc6d4b" outcome="Passed" testListId="8c84fa94-04c1-424b-9868-57a2d4851a1d" relativeResultsDirectory="fbc9a100-89e3-48ff-b6c3-522a14ceafe3" />
    <UnitTestResult executionId="d2983b59-522c-4c0f-87cb-dc121bbe6037" testId="a2e59116-cb53-1d70-9cb8-21c286516866" testName="BL.Tests.CheckPermissionsServiceTests.AuthorizedHasNoAccessToAdminFunctions" computerName="DESKTOP-TJ9D65N" duration="00:00:00.0025999" startTime="2022-11-03T11:11:54.6338132+03:00" endTime="2022-11-03T11:11:54.6338132+03:00" testType="13cdc9d9-ddb5-4fa4-a97d-d965ccfc6d4b" outcome="Passed" testListId="8c84fa94-04c1-424b-9868-57a2d4851a1d" relativeResultsDirectory="d2983b59-522c-4c0f-87cb-dc121bbe6037" />
    <UnitTestResult executionId="11dab204-c229-41e4-8855-0ae96cc0a74b" testId="894941c1-bfa7-d8f9-c047-1e1ceefe2c2f" testName="BL.Tests.UsersServiceTests.TestRegisterUserWithRepeatedEmail" computerName="DESKTOP-TJ9D65N" duration="00:00:00.0050178" startTime="2022-11-03T11:11:54.5695629+03:00" endTime="2022-11-03T11:11:54.5695629+03:00" testType="13cdc9d9-ddb5-4fa4-a97d-d965ccfc6d4b" outcome="Passed" testListId="8c84fa94-04c1-424b-9868-57a2d4851a1d" relativeResultsDirectory="11dab204-c229-41e4-8855-0ae96cc0a74b" />
    <UnitTestResult executionId="7e1f3d6e-6300-45a1-afb6-29e3eb579806" testId="59359a11-9845-2984-9512-35f59c4a3b6a" testName="BL.Tests.SlopesServiceTest.TestAdminAddAutoIncrementSlopeAsync(userID: 26, slope: Slope { SlopeID = 239, SlopeName = slopeNamed0ef2017-09a1-4e8e-a125-061dfaab4e53, IsOpen = True, DifficultyLevel = 122, ConnectedLifts =  }, checkPermissionServiceMock: Mock&lt;ICheckPermissionService:10&gt;, slopesRepositoryStub: Mock&lt;ISlopesRepository:8&gt;, sut: SlopesService { })" computerName="DESKTOP-TJ9D65N" duration="00:00:00.0370155" startTime="2022-11-03T11:11:54.4712222+03:00" endTime="2022-11-03T11:11:54.4712222+03:00" testType="13cdc9d9-ddb5-4fa4-a97d-d965ccfc6d4b" outcome="Passed" testListId="8c84fa94-04c1-424b-9868-57a2d4851a1d" relativeResultsDirectory="7e1f3d6e-6300-45a1-afb6-29e3eb579806" />
    <UnitTestResult executionId="c1dd1122-1ca4-46c1-9c37-d20ed9a160c5" testId="a2552f06-2e56-0ebb-956b-363fc1152c37" testName="BL.Tests.TurnstilesServiceTest.TestAdminGetTurnstileAsync(userID: 88, turnstile: Turnstile { TurnstileID = 54, LiftID = 82, IsOpen = True }, checkPermissionServiceMock: Mock&lt;ICheckPermissionService:12&gt;, turnstilesRepositoryStub: Mock&lt;ITurnstilesRepository:6&gt;, sut: TurnstilesService { })" computerName="DESKTOP-TJ9D65N" duration="00:00:00.0051180" startTime="2022-11-03T11:11:54.5650753+03:00" endTime="2022-11-03T11:11:54.5650754+03:00" testType="13cdc9d9-ddb5-4fa4-a97d-d965ccfc6d4b" outcome="Passed" testListId="8c84fa94-04c1-424b-9868-57a2d4851a1d" relativeResultsDirectory="c1dd1122-1ca4-46c1-9c37-d20ed9a160c5" />
    <UnitTestResult executionId="94c34741-a2cc-408b-85a7-90e239bfc36f" testId="f7718a84-9f76-1724-7f7b-0638fb19f0fe" testName="BL.Tests.LiftsSlopesServiceTests.TestAdminAddAutoIncrementLiftSlopeAsync(lift: Lift { LiftID = 35, LiftName = liftNamee2d777d0-f8a9-4abf-be7d-834994eb1412, IsOpen = True, SeatsAmount = 208, LiftingTime = 233, QueueTime = 15, ConnectedSlopes =  }, slope: Slope { SlopeID = 180, SlopeName = slopeNamebce9b601-2877-4417-b05a-1dcff9a073ff, IsOpen = False, DifficultyLevel = 245, ConnectedLifts =  }, slopesRepositoryStub: Mock&lt;ISlopesRepository:3&gt;, liftsRepositoryStub: Mock&lt;ILiftsRepository:8&gt;, liftsSlopesRepositoryStub: Mock&lt;ILiftsSlopesRepository:8&gt;)" computerName="DESKTOP-TJ9D65N" duration="00:00:00.0348242" startTime="2022-11-03T11:11:54.4712308+03:00" endTime="2022-11-03T11:11:54.4712308+03:00" testType="13cdc9d9-ddb5-4fa4-a97d-d965ccfc6d4b" outcome="Passed" testListId="8c84fa94-04c1-424b-9868-57a2d4851a1d" relativeResultsDirectory="94c34741-a2cc-408b-85a7-90e239bfc36f" />
    <UnitTestResult executionId="29308c19-9fd9-44e7-aff5-db2a31ac0199" testId="eaabd2fc-2f4b-5689-59c8-c7ad34a8f634" testName="BL.Tests.CheckPermissionsServiceTests.UnauthorizedHasNoAccessToAuthorizedFunctions(functionName: &quot;SendMessageAsync&quot;)" computerName="DESKTOP-TJ9D65N" duration="00:00:00.0038222" startTime="2022-11-03T11:11:54.5651389+03:00" endTime="2022-11-03T11:11:54.5651389+03:00" testType="13cdc9d9-ddb5-4fa4-a97d-d965ccfc6d4b" outcome="Passed" testListId="8c84fa94-04c1-424b-9868-57a2d4851a1d" relativeResultsDirectory="29308c19-9fd9-44e7-aff5-db2a31ac0199" />
    <UnitTestResult executionId="71f8efe4-e966-4f3e-9217-44b72fdf2d95" testId="92386190-1789-b409-b048-a8a670372de7" testName="BL.Tests.SlopesServiceTest.TestAdminAddSlopeAsync(userID: 179, slope: Slope { SlopeID = 96, SlopeName = slopeName603eeaab-be99-4bc0-b720-54d3b35c81fa, IsOpen = True, DifficultyLevel = 101, ConnectedLifts =  }, checkPermissionServiceMock: Mock&lt;ICheckPermissionService:11&gt;, slopesRepositoryStub: Mock&lt;ISlopesRepository:9&gt;, sut: SlopesService { })" computerName="DESKTOP-TJ9D65N" duration="00:00:00.0054842" startTime="2022-11-03T11:11:54.5993981+03:00" endTime="2022-11-03T11:11:54.5993982+03:00" testType="13cdc9d9-ddb5-4fa4-a97d-d965ccfc6d4b" outcome="Passed" testListId="8c84fa94-04c1-424b-9868-57a2d4851a1d" relativeResultsDirectory="71f8efe4-e966-4f3e-9217-44b72fdf2d95" />
    <UnitTestResult executionId="4094cd53-69d9-4a66-8728-577f855c47df" testId="18fa8c62-e27d-e1fc-8182-4d7db62b008d" testName="BL.Tests.UsersServiceTests.TestAdminDeleteUser" computerName="DESKTOP-TJ9D65N" duration="00:00:00.0029062" startTime="2022-11-03T11:11:54.6917825+03:00" endTime="2022-11-03T11:11:54.6917826+03:00" testType="13cdc9d9-ddb5-4fa4-a97d-d965ccfc6d4b" outcome="Passed" testListId="8c84fa94-04c1-424b-9868-57a2d4851a1d" relativeResultsDirectory="4094cd53-69d9-4a66-8728-577f855c47df" />
    <UnitTestResult executionId="d049101b-b7f7-4ade-9adf-578de13532fa" testId="aa28a6b3-21d3-aa45-24d3-bef2facbc899" testName="BL.Tests.CheckPermissionsServiceTests.AuthorizedHasAccessToAuthorizedFunctions(functionName: &quot;LogOutAsync&quot;)" computerName="DESKTOP-TJ9D65N" duration="00:00:00.0011767" startTime="2022-11-03T11:11:54.6951213+03:00" endTime="2022-11-03T11:11:54.6951213+03:00" testType="13cdc9d9-ddb5-4fa4-a97d-d965ccfc6d4b" outcome="Passed" testListId="8c84fa94-04c1-424b-9868-57a2d4851a1d" relativeResultsDirectory="d049101b-b7f7-4ade-9adf-578de13532fa" />
    <UnitTestResult executionId="42e73985-023f-48a0-95a2-bcdbaad335a5" testId="537ff8d2-3e88-0c75-9252-929c41169e04" testName="BL.Tests.SlopesServiceTest.TestGetSlopeInfoAsync(userID: 28, slope: Slope { SlopeID = 20, SlopeName = slopeNamea7210b04-9a17-4618-96a8-e9a1e19e76a8, IsOpen = True, DifficultyLevel = 173, ConnectedLifts =  }, checkPermissionServiceMock: Mock&lt;ICheckPermissionService:6&gt;, slopesRepositoryStub: Mock&lt;ISlopesRepository:4&gt;, liftsSlopesRepositoryStub: Mock&lt;ILiftsSlopesRepository:9&gt;, sut: SlopesService { })" computerName="DESKTOP-TJ9D65N" duration="00:00:00.0086945" startTime="2022-11-03T11:11:54.5782369+03:00" endTime="2022-11-03T11:11:54.5782370+03:00" testType="13cdc9d9-ddb5-4fa4-a97d-d965ccfc6d4b" outcome="Passed" testListId="8c84fa94-04c1-424b-9868-57a2d4851a1d" relativeResultsDirectory="42e73985-023f-48a0-95a2-bcdbaad335a5" />
    <UnitTestResult executionId="b8ad4878-5fc9-4aed-a1f1-5b1b66f9e6ad" testId="644ec43e-70cd-c82d-42e7-0d990be1414d" testName="BL.Tests.CheckPermissionsServiceTests.AuthorizedHasAccessToAuthorizedFunctions(functionName: &quot;SendMessageAsync&quot;)" computerName="DESKTOP-TJ9D65N" duration="00:00:00.0026185" startTime="2022-11-03T11:11:54.6868063+03:00" endTime="2022-11-03T11:11:54.6868064+03:00" testType="13cdc9d9-ddb5-4fa4-a97d-d965ccfc6d4b" outcome="Passed" testListId="8c84fa94-04c1-424b-9868-57a2d4851a1d" relativeResultsDirectory="b8ad4878-5fc9-4aed-a1f1-5b1b66f9e6ad" />
    <UnitTestResult executionId="8a63a05d-3bee-402c-960b-48a8429cd7c3" testId="387c9729-48c1-486e-5e67-f5d11a9f0db8" testName="BL.Tests.CheckPermissionsServiceTests.UnauthorizedHasNoAccessToAdminSkiPatrolFunctions(functionName: &quot;GetLiftsSlopesInfoAsync&quot;)" computerName="DESKTOP-TJ9D65N" duration="00:00:00.0020631" startTime="2022-11-03T11:11:54.5624496+03:00" endTime="2022-11-03T11:11:54.5624497+03:00" testType="13cdc9d9-ddb5-4fa4-a97d-d965ccfc6d4b" outcome="Passed" testListId="8c84fa94-04c1-424b-9868-57a2d4851a1d" relativeResultsDirectory="8a63a05d-3bee-402c-960b-48a8429cd7c3" />
    <UnitTestResult executionId="359ce6f5-0cf6-4c75-8479-bc70bab4a7b9" testId="7839ad9d-37e6-15be-dfa8-60d5e0d6b09e" testName="BL.Tests.TurnstilesServiceTest.TestAdminUpdateTurnstileAsync(userID: 165, turnstile: Turnstile { TurnstileID = 143, LiftID = 125, IsOpen = True }, checkPermissionServiceMock: Mock&lt;ICheckPermissionService:14&gt;, turnstilesRepositoryStub: Mock&lt;ITurnstilesRepository:8&gt;, sut: TurnstilesService { })" computerName="DESKTOP-TJ9D65N" duration="00:00:00.0056908" startTime="2022-11-03T11:11:54.5630015+03:00" endTime="2022-11-03T11:11:54.5630015+03:00" testType="13cdc9d9-ddb5-4fa4-a97d-d965ccfc6d4b" outcome="Passed" testListId="8c84fa94-04c1-424b-9868-57a2d4851a1d" relativeResultsDirectory="359ce6f5-0cf6-4c75-8479-bc70bab4a7b9" />
    <UnitTestResult executionId="47e07af0-7334-438a-a668-10946ff9162c" testId="827ddc42-d4d6-4b1b-9e76-7eb5f05cf93f" testName="BL.Tests.SlopesServiceTest.TestAdminDeleteSlopeAsync(userID: 150, slope: Slope { SlopeID = 160, SlopeName = slopeNamee0f74afd-6f75-4977-9bac-b43a6301c944, IsOpen = True, DifficultyLevel = 75, ConnectedLifts =  }, checkPermissionServiceMock: Mock&lt;ICheckPermissionService:9&gt;, slopesRepositoryStub: Mock&lt;ISlopesRepository:7&gt;, liftsSlopesRepositoryStub: Mock&lt;ILiftsSlopesRepository:12&gt;, sut: SlopesService { })" computerName="DESKTOP-TJ9D65N" duration="00:00:00.0053585" startTime="2022-11-03T11:11:54.5650850+03:00" endTime="2022-11-03T11:11:54.5650850+03:00" testType="13cdc9d9-ddb5-4fa4-a97d-d965ccfc6d4b" outcome="Passed" testListId="8c84fa94-04c1-424b-9868-57a2d4851a1d" relativeResultsDirectory="47e07af0-7334-438a-a668-10946ff9162c" />
    <UnitTestResult executionId="587c5bb8-45ea-4145-9c8f-6b9d073045aa" testId="c36970dc-93f7-753e-fa47-157133b01644" testName="BL.Tests.CheckPermissionsServiceTests.SkiPatrolHasAccessToAdminSkiPatrolFunctions(functionName: &quot;GetMessagesAsync&quot;)" computerName="DESKTOP-TJ9D65N" duration="00:00:00.0012238" startTime="2022-11-03T11:11:54.6218868+03:00" endTime="2022-11-03T11:11:54.6218869+03:00" testType="13cdc9d9-ddb5-4fa4-a97d-d965ccfc6d4b" outcome="Passed" testListId="8c84fa94-04c1-424b-9868-57a2d4851a1d" relativeResultsDirectory="587c5bb8-45ea-4145-9c8f-6b9d073045aa" />
    <UnitTestResult executionId="776466f3-cc85-4d5f-bd6e-5614f88bf82b" testId="229812f5-9a73-5335-11f5-31330d1348a5" testName="BL.Tests.CheckPermissionsServiceTests.UnauthorizedHasNoAccessToAdminSkiPatrolFunctions(functionName: &quot;GetMessagesAsync&quot;)" computerName="DESKTOP-TJ9D65N" duration="00:00:00.0021176" startTime="2022-11-03T11:11:54.5631131+03:00" endTime="2022-11-03T11:11:54.5631131+03:00" testType="13cdc9d9-ddb5-4fa4-a97d-d965ccfc6d4b" outcome="Passed" testListId="8c84fa94-04c1-424b-9868-57a2d4851a1d" relativeResultsDirectory="776466f3-cc85-4d5f-bd6e-5614f88bf82b" />
    <UnitTestResult executionId="ed86d6a8-1cc8-4260-aa18-9844424a8662" testId="f44a1b21-8efc-bfac-63b4-d534442def31" testName="BL.Tests.UsersServiceTests.TestRegisterUserWithNoPassword" computerName="DESKTOP-TJ9D65N" duration="00:00:00.0018564" startTime="2022-11-03T11:11:54.5650329+03:00" endTime="2022-11-03T11:11:54.5650330+03:00" testType="13cdc9d9-ddb5-4fa4-a97d-d965ccfc6d4b" outcome="Passed" testListId="8c84fa94-04c1-424b-9868-57a2d4851a1d" relativeResultsDirectory="ed86d6a8-1cc8-4260-aa18-9844424a8662" />
    <UnitTestResult executionId="437adef2-29ae-48b2-ac19-03157abb12eb" testId="1473d2e0-e6d9-cabe-e39c-7d9eced3f660" testName="BL.Tests.LiftsServiceTest.TestAdminDeleteLiftAsync(userID: 102, lift: Lift { LiftID = 47, LiftName = liftNamee91be492-05d3-4922-b030-8632ed2b121e, IsOpen = True, SeatsAmount = 78, LiftingTime = 167, QueueTime = 245, ConnectedSlopes =  }, checkPermissionServiceMock: Mock&lt;ICheckPermissionService:4&gt;, liftsRepositoryStub: Mock&lt;ILiftsRepository:4&gt;, liftsSlopesRepositoryStub: Mock&lt;ILiftsSlopesRepository:4&gt;, sut: LiftsService { })" computerName="DESKTOP-TJ9D65N" duration="00:00:00.0102697" startTime="2022-11-03T11:11:54.6121545+03:00" endTime="2022-11-03T11:11:54.6121546+03:00" testType="13cdc9d9-ddb5-4fa4-a97d-d965ccfc6d4b" outcome="Passed" testListId="8c84fa94-04c1-424b-9868-57a2d4851a1d" relativeResultsDirectory="437adef2-29ae-48b2-ac19-03157abb12eb" />
    <UnitTestResult executionId="3f691ba1-4652-45fa-ad65-2bb604da904e" testId="20ad8570-0170-85de-dcd7-2f109dd7bcd6" testName="BL.Tests.UsersServiceTests.TestAdminGetUsers" computerName="DESKTOP-TJ9D65N" duration="00:00:00.0401980" startTime="2022-11-03T11:11:54.4712906+03:00" endTime="2022-11-03T11:11:54.4712906+03:00" testType="13cdc9d9-ddb5-4fa4-a97d-d965ccfc6d4b" outcome="Passed" testListId="8c84fa94-04c1-424b-9868-57a2d4851a1d" relativeResultsDirectory="3f691ba1-4652-45fa-ad65-2bb604da904e" />
    <UnitTestResult executionId="7ba47a41-7225-44f7-bde5-cc8578d6fa7c" testId="2602613f-c8e2-a6d9-fcf7-5b27d4a770a6" testName="BL.Tests.CheckPermissionsServiceTests.AuthorizedHasNoAccessToAdminSkiPatrolFunctions(functionName: &quot;GetMessagesAsync&quot;)" computerName="DESKTOP-TJ9D65N" duration="00:00:00.0029838" startTime="2022-11-03T11:11:54.6517477+03:00" endTime="2022-11-03T11:11:54.6517477+03:00" testType="13cdc9d9-ddb5-4fa4-a97d-d965ccfc6d4b" outcome="Passed" testListId="8c84fa94-04c1-424b-9868-57a2d4851a1d" relativeResultsDirectory="7ba47a41-7225-44f7-bde5-cc8578d6fa7c" />
    <UnitTestResult executionId="9eaa672d-128a-424f-b02e-6712cf36ffb6" testId="b67506f8-8a46-6292-864b-8a4f916f3b87" testName="BL.Tests.TurnstilesServiceTest.TestAdminGetTurnstilesAsync(userID: 191, initialTurnstiles: [Turnstile { TurnstileID = 98, LiftID = 165, IsOpen = True }, Turnstile { TurnstileID = 251, LiftID = 128, IsOpen = False }, Turnstile { TurnstileID = 28, LiftID = 46, IsOpen = True }], checkPermissionServiceMock: Mock&lt;ICheckPermissionService:13&gt;, turnstilesRepositoryStub: Mock&lt;ITurnstilesRepository:7&gt;, sut: TurnstilesService { })" computerName="DESKTOP-TJ9D65N" duration="00:00:00.0051453" startTime="2022-11-03T11:11:54.5683688+03:00" endTime="2022-11-03T11:11:54.5683689+03:00" testType="13cdc9d9-ddb5-4fa4-a97d-d965ccfc6d4b" outcome="Passed" testListId="8c84fa94-04c1-424b-9868-57a2d4851a1d" relativeResultsDirectory="9eaa672d-128a-424f-b02e-6712cf36ffb6" />
    <UnitTestResult executionId="f5d40277-cb02-44e1-9168-fad63e97eb54" testId="43843570-85c3-dd5c-f2a1-c0d660ac336e" testName="BL.Tests.LiftsServiceTest.TestGetLiftInfoAsync(userID: 240, lift: Lift { LiftID = 176, LiftName = liftName6e2595d4-6566-40ba-94c0-a6d45de4edcb, IsOpen = True, SeatsAmount = 45, LiftingTime = 120, QueueTime = 54, ConnectedSlopes =  }, checkPermissionServiceMock: Mock&lt;ICheckPermissionService:1&gt;, liftsRepositoryStub: Mock&lt;ILiftsRepository:1&gt;, liftsSlopesRepositoryStub: Mock&lt;ILiftsSlopesRepository:1&gt;, sut: LiftsService { })" computerName="DESKTOP-TJ9D65N" duration="00:00:00.0143943" startTime="2022-11-03T11:11:54.6735176+03:00" endTime="2022-11-03T11:11:54.6735177+03:00" testType="13cdc9d9-ddb5-4fa4-a97d-d965ccfc6d4b" outcome="Failed" testListId="8c84fa94-04c1-424b-9868-57a2d4851a1d" relativeResultsDirectory="f5d40277-cb02-44e1-9168-fad63e97eb54">
      <Output>
        <ErrorInfo>
          <Message>Assert.NotEqual() Failure
Expected: Not Lift { LiftID = 176, LiftName = liftName6e2595d4-6566-40ba-94c0-a6d45de4edcb, IsOpen = True, SeatsAmount = 45, LiftingTime = 120, QueueTime = 54, ConnectedSlopes =  }
Actual:   Lift { LiftID = 176, LiftName = liftName6e2595d4-6566-40ba-94c0-a6d45de4edcb, IsOpen = True, SeatsAmount = 45, LiftingTime = 120, QueueTime = 54, ConnectedSlopes =  }</Message>
          <StackTrace>   at BL.Tests.LiftsServiceTest.TestGetLiftInfoAsync(UInt32 userID, Lift lift, Mock`1 checkPermissionServiceMock, Mock`1 liftsRepositoryStub, Mock`1 liftsSlopesRepositoryStub, LiftsService sut) in /mnt/c/Users/alena/Desktop/7_sem/testing_and_debugging/SkiResort/BL.Tests/LiftsServiceTest.cs:line 42
   at System.Threading.Tasks.Task.&lt;&gt;c.&lt;ThrowAsync&gt;b__128_0(Object state)</StackTrace>
        </ErrorInfo>
      </Output>
    </UnitTestResult>
    <UnitTestResult executionId="a0cc05b4-98a8-4bcd-a274-e03345524900" testId="69340bb6-3645-f9dd-971e-29d8b2a009bb" testName="BL.Tests.UsersServiceTests.TestLogInWithWrongPassword" computerName="DESKTOP-TJ9D65N" duration="00:00:00.0021622" startTime="2022-11-03T11:11:54.6495847+03:00" endTime="2022-11-03T11:11:54.6495847+03:00" testType="13cdc9d9-ddb5-4fa4-a97d-d965ccfc6d4b" outcome="Passed" testListId="8c84fa94-04c1-424b-9868-57a2d4851a1d" relativeResultsDirectory="a0cc05b4-98a8-4bcd-a274-e03345524900" />
    <UnitTestResult executionId="7d5f2e1f-b70a-420c-b420-f658ed390d20" testId="fa960c5e-f989-2880-784e-8efe538c5231" testName="BL.Tests.CheckPermissionsServiceTests.UnauthorizedHasNoAccessToAuthorizedFunctions(functionName: &quot;LogOutAsync&quot;)" computerName="DESKTOP-TJ9D65N" duration="00:00:00.0017462" startTime="2022-11-03T11:11:54.5809244+03:00" endTime="2022-11-03T11:11:54.5809245+03:00" testType="13cdc9d9-ddb5-4fa4-a97d-d965ccfc6d4b" outcome="Passed" testListId="8c84fa94-04c1-424b-9868-57a2d4851a1d" relativeResultsDirectory="7d5f2e1f-b70a-420c-b420-f658ed390d20" />
    <UnitTestResult executionId="577c184f-ade1-424e-a97a-46bec89a97c7" testId="06d0bc3a-24a0-fb7f-4277-e9ae6d21c7dd" testName="BL.Tests.UsersServiceTests.TestAdminUpdateUser" computerName="DESKTOP-TJ9D65N" duration="00:00:00.0069593" startTime="2022-11-03T11:11:54.5915180+03:00" endTime="2022-11-03T11:11:54.5915181+03:00" testType="13cdc9d9-ddb5-4fa4-a97d-d965ccfc6d4b" outcome="Passed" testListId="8c84fa94-04c1-424b-9868-57a2d4851a1d" relativeResultsDirectory="577c184f-ade1-424e-a97a-46bec89a97c7" />
    <UnitTestResult executionId="cb39ce5e-8081-4d68-bcb2-3402eb671871" testId="2d706594-f2b3-b3c8-21d4-86c9798c3306" testName="BL.Tests.CheckPermissionsServiceTests.SkiPatrolHasAccessToAdminSkiPatrolFunctions(functionName: &quot;GetLiftsSlopesInfoAsync&quot;)" computerName="DESKTOP-TJ9D65N" duration="00:00:00.0058305" startTime="2022-11-03T11:11:54.5968481+03:00" endTime="2022-11-03T11:11:54.5968482+03:00" testType="13cdc9d9-ddb5-4fa4-a97d-d965ccfc6d4b" outcome="Passed" testListId="8c84fa94-04c1-424b-9868-57a2d4851a1d" relativeResultsDirectory="cb39ce5e-8081-4d68-bcb2-3402eb671871" />
    <UnitTestResult executionId="4f250200-ebe9-4b33-a866-6c429276b429" testId="d41a19b1-9ad1-6b92-146d-e7b1a2790095" testName="BL.Tests.TurnstilesServiceTest.TestAdminDeleteTurnstileAsync(userID: 83, turnstile: Turnstile { TurnstileID = 95, LiftID = 183, IsOpen = True }, checkPermissionServiceMock: Mock&lt;ICheckPermissionService:15&gt;, turnstilesRepositoryStub: Mock&lt;ITurnstilesRepository:9&gt;, sut: TurnstilesService { })" computerName="DESKTOP-TJ9D65N" duration="00:00:00.0349382" startTime="2022-11-03T11:11:54.4712378+03:00" endTime="2022-11-03T11:11:54.4712378+03:00" testType="13cdc9d9-ddb5-4fa4-a97d-d965ccfc6d4b" outcome="Passed" testListId="8c84fa94-04c1-424b-9868-57a2d4851a1d" relativeResultsDirectory="4f250200-ebe9-4b33-a866-6c429276b429" />
    <UnitTestResult executionId="4b7fda1e-048a-4381-a879-744921045260" testId="2dbbb721-7f02-8e16-53ea-a0a9ad7f4b2c" testName="BL.Tests.TurnstilesServiceTest.TestAdminAddAutoIncrementTurnstileAsync(userID: 226, turnstile: Turnstile { TurnstileID = 35, LiftID = 44, IsOpen = True }, checkPermissionServiceMock: Mock&lt;ICheckPermissionService:16&gt;, turnstilesRepositoryStub: Mock&lt;ITurnstilesRepository:10&gt;, sut: TurnstilesService { })" computerName="DESKTOP-TJ9D65N" duration="00:00:00.0065999" startTime="2022-11-03T11:11:54.5894011+03:00" endTime="2022-11-03T11:11:54.5894011+03:00" testType="13cdc9d9-ddb5-4fa4-a97d-d965ccfc6d4b" outcome="Passed" testListId="8c84fa94-04c1-424b-9868-57a2d4851a1d" relativeResultsDirectory="4b7fda1e-048a-4381-a879-744921045260" />
    <UnitTestResult executionId="4edda670-0b41-4d15-b69d-14a3e2a4c417" testId="8184bd30-991c-b78d-b4ec-99a485eac0dd" testName="BL.Tests.UsersServiceTests.TestRegisterUserWithNoEmail" computerName="DESKTOP-TJ9D65N" duration="00:00:00.0035882" startTime="2022-11-03T11:11:54.5629852+03:00" endTime="2022-11-03T11:11:54.5629852+03:00" testType="13cdc9d9-ddb5-4fa4-a97d-d965ccfc6d4b" outcome="Passed" testListId="8c84fa94-04c1-424b-9868-57a2d4851a1d" relativeResultsDirectory="4edda670-0b41-4d15-b69d-14a3e2a4c417" />
    <UnitTestResult executionId="9be77569-3f72-41f6-9f0a-1e36f0d71d7f" testId="a19a5fcf-c5d2-7d44-5d7d-84403042f4e0" testName="BL.Tests.CheckPermissionsServiceTests.UnauthorizedHasNoAccessToAdminSkiPatrolFunctions(functionName: &quot;MarkMessageReadByUserAsync&quot;)" computerName="DESKTOP-TJ9D65N" duration="00:00:00.0347917" startTime="2022-11-03T11:11:54.4711777+03:00" endTime="2022-11-03T11:11:54.4711777+03:00" testType="13cdc9d9-ddb5-4fa4-a97d-d965ccfc6d4b" outcome="Passed" testListId="8c84fa94-04c1-424b-9868-57a2d4851a1d" relativeResultsDirectory="9be77569-3f72-41f6-9f0a-1e36f0d71d7f" />
    <UnitTestResult executionId="de9854eb-5816-40c1-8b32-7795acf0d395" testId="492c0393-35b4-df26-a537-21ca08302f3c" testName="BL.Tests.CheckPermissionsServiceTests.SkiPatrolHasNoAccessToAdminFunctions" computerName="DESKTOP-TJ9D65N" duration="00:00:00.0028057" startTime="2022-11-03T11:11:54.7134414+03:00" endTime="2022-11-03T11:11:54.7134414+03:00" testType="13cdc9d9-ddb5-4fa4-a97d-d965ccfc6d4b" outcome="Passed" testListId="8c84fa94-04c1-424b-9868-57a2d4851a1d" relativeResultsDirectory="de9854eb-5816-40c1-8b32-7795acf0d395" />
    <UnitTestResult executionId="639fd50e-f2a0-4076-ab82-5eae259bd9ba" testId="2816ab99-162d-2948-1314-c37c2454423a" testName="BL.Tests.LiftsServiceTest.TestUpdateLiftInfoAsync(userID: 51, lift: Lift { LiftID = 81, LiftName = liftName39ccf3e1-0ff4-47dc-b723-2d1699366cb6, IsOpen = True, SeatsAmount = 206, LiftingTime = 47, QueueTime = 126, ConnectedSlopes =  }, checkPermissionServiceMock: Mock&lt;ICheckPermissionService:3&gt;, liftsRepositoryStub: Mock&lt;ILiftsRepository:3&gt;, sut: LiftsService { })" computerName="DESKTOP-TJ9D65N" duration="00:00:00.0069810" startTime="2022-11-03T11:11:54.5882421+03:00" endTime="2022-11-03T11:11:54.5882422+03:00" testType="13cdc9d9-ddb5-4fa4-a97d-d965ccfc6d4b" outcome="Passed" testListId="8c84fa94-04c1-424b-9868-57a2d4851a1d" relativeResultsDirectory="639fd50e-f2a0-4076-ab82-5eae259bd9ba" />
    <UnitTestResult executionId="db1eed60-bbbf-45c7-91c3-8a669615dfd2" testId="e5497347-2721-b7a6-0bd4-69a9921f6947" testName="BL.Tests.UsersServiceTests.TestAdminGetUserByIDAsync" computerName="DESKTOP-TJ9D65N" duration="00:00:00.0037129" startTime="2022-11-03T11:11:54.6816175+03:00" endTime="2022-11-03T11:11:54.6816176+03:00" testType="13cdc9d9-ddb5-4fa4-a97d-d965ccfc6d4b" outcome="Passed" testListId="8c84fa94-04c1-424b-9868-57a2d4851a1d" relativeResultsDirectory="db1eed60-bbbf-45c7-91c3-8a669615dfd2" />
    <UnitTestResult executionId="8406d6f3-b23e-45aa-8125-79824c6ab051" testId="e7b26bb9-d65a-28de-e3c9-df8e7731b40d" testName="BL.Tests.LiftsSlopesServiceTests.TestAdminDeleteLiftSlopeAsync(lift: Lift { LiftID = 224, LiftName = liftName85667e17-8b57-49d2-89e0-b65ac918cc19, IsOpen = True, SeatsAmount = 49, LiftingTime = 58, QueueTime = 33, ConnectedSlopes =  }, slope: Slope { SlopeID = 208, SlopeName = slopeName5a53399f-7655-43e1-93c4-43fbf7e895e8, IsOpen = False, DifficultyLevel = 118, ConnectedLifts =  }, slopesRepositoryStub: Mock&lt;ISlopesRepository:2&gt;, liftsRepositoryStub: Mock&lt;ILiftsRepository:7&gt;, liftsSlopesRepositoryStub: Mock&lt;ILiftsSlopesRepository:7&gt;)" computerName="DESKTOP-TJ9D65N" duration="00:00:00.0069426" startTime="2022-11-03T11:11:54.5650651+03:00" endTime="2022-11-03T11:11:54.5650651+03:00" testType="13cdc9d9-ddb5-4fa4-a97d-d965ccfc6d4b" outcome="Passed" testListId="8c84fa94-04c1-424b-9868-57a2d4851a1d" relativeResultsDirectory="8406d6f3-b23e-45aa-8125-79824c6ab051" />
    <UnitTestResult executionId="da999162-cdd4-4919-80d4-93d02e98487d" testId="60bd668f-04df-da5e-b79b-5d9aedb5234d" testName="BL.Tests.CheckPermissionsServiceTests.SkiPatrolHasAccessToAdminSkiPatrolFunctions(functionName: &quot;MarkMessageReadByUserAsync&quot;)" computerName="DESKTOP-TJ9D65N" duration="00:00:00.0012920" startTime="2022-11-03T11:11:54.6112190+03:00" endTime="2022-11-03T11:11:54.6112191+03:00" testType="13cdc9d9-ddb5-4fa4-a97d-d965ccfc6d4b" outcome="Passed" testListId="8c84fa94-04c1-424b-9868-57a2d4851a1d" relativeResultsDirectory="da999162-cdd4-4919-80d4-93d02e98487d" />
    <UnitTestResult executionId="b41ef8d7-e4d0-4eb0-8d7b-3e177a540d46" testId="2d802d06-7a5b-3f62-0765-abed66ec3087" testName="BL.Tests.LiftsServiceTest.TestGetLiftsInfoAsync(userID: 70, initialLifts: [Lift { LiftID = 144, LiftName = liftName7f2c185d-a36c-43f4-b178-df006b41c827, IsOpen = True, SeatsAmount = 34, LiftingTime = 147, QueueTime = 4, ConnectedSlopes =  }, Lift { LiftID = 191, LiftName = liftName66d68a6f-3045-4e9a-a848-8e88d8e40be4, IsOpen = False, SeatsAmount = 178, LiftingTime = 68, QueueTime = 89, ConnectedSlopes =  }, Lift { LiftID = 217, LiftName = liftNameec4af9f2-ccca-464c-a807-e595f124e98b, IsOpen = True, SeatsAmount = 208, LiftingTime = 42, QueueTime = 5, ConnectedSlopes =  }], checkPermissionServiceMock: Mock&lt;ICheckPermissionService:2&gt;, liftsRepositoryStub: Mock&lt;ILiftsRepository:2&gt;, liftsSlopesRepositoryStub: Mock&lt;ILiftsSlopesRepository:2&gt;, sut: LiftsService { })" computerName="DESKTOP-TJ9D65N" duration="00:00:00.0495300" startTime="2022-11-03T11:11:54.5652333+03:00" endTime="2022-11-03T11:11:54.5652333+03:00" testType="13cdc9d9-ddb5-4fa4-a97d-d965ccfc6d4b" outcome="Passed" testListId="8c84fa94-04c1-424b-9868-57a2d4851a1d" relativeResultsDirectory="b41ef8d7-e4d0-4eb0-8d7b-3e177a540d46" />
  </Results>
  <TestDefinitions>
    <UnitTest name="BL.Tests.TurnstilesServiceTest.TestAdminGetTurnstileAsync(userID: 88, turnstile: Turnstile { TurnstileID = 54, LiftID = 82, IsOpen = True }, checkPermissionServiceMock: Mock&lt;ICheckPermissionService:12&gt;, turnstilesRepositoryStub: Mock&lt;ITurnstilesRepository:6&gt;, sut: TurnstilesService { })" storage="/mnt/c/users/alena/desktop/7_sem/testing_and_debugging/skiresort/bl.tests/bin/debug/net6.0/bl.tests.dll" id="a2552f06-2e56-0ebb-956b-363fc1152c37">
      <Execution id="c1dd1122-1ca4-46c1-9c37-d20ed9a160c5" />
      <TestMethod codeBase="/mnt/c/Users/alena/Desktop/7_sem/testing_and_debugging/SkiResort/BL.Tests/bin/Debug/net6.0/BL.Tests.dll" adapterTypeName="executor://xunit/VsTestRunner2/netcoreapp" className="BL.Tests.TurnstilesServiceTest" name="TestAdminGetTurnstileAsync" />
    </UnitTest>
    <UnitTest name="BL.Tests.CheckPermissionsServiceTests.AuthorizedHasNoAccessToAdminSkiPatrolFunctions(functionName: &quot;MarkMessageReadByUserAsync&quot;)" storage="/mnt/c/users/alena/desktop/7_sem/testing_and_debugging/skiresort/bl.tests/bin/debug/net6.0/bl.tests.dll" id="9c7df5e2-1b23-ebea-889f-b78ca86b60ab">
      <Execution id="fbc9a100-89e3-48ff-b6c3-522a14ceafe3" />
      <TestMethod codeBase="/mnt/c/Users/alena/Desktop/7_sem/testing_and_debugging/SkiResort/BL.Tests/bin/Debug/net6.0/BL.Tests.dll" adapterTypeName="executor://xunit/VsTestRunner2/netcoreapp" className="BL.Tests.CheckPermissionsServiceTests" name="AuthorizedHasNoAccessToAdminSkiPatrolFunctions" />
    </UnitTest>
    <UnitTest name="BL.Tests.CheckPermissionsServiceTests.UnauthorizedHasNoAccessToAdminSkiPatrolFunctions(functionName: &quot;MarkMessageReadByUserAsync&quot;)" storage="/mnt/c/users/alena/desktop/7_sem/testing_and_debugging/skiresort/bl.tests/bin/debug/net6.0/bl.tests.dll" id="a19a5fcf-c5d2-7d44-5d7d-84403042f4e0">
      <Execution id="9be77569-3f72-41f6-9f0a-1e36f0d71d7f" />
      <TestMethod codeBase="/mnt/c/Users/alena/Desktop/7_sem/testing_and_debugging/SkiResort/BL.Tests/bin/Debug/net6.0/BL.Tests.dll" adapterTypeName="executor://xunit/VsTestRunner2/netcoreapp" className="BL.Tests.CheckPermissionsServiceTests" name="UnauthorizedHasNoAccessToAdminSkiPatrolFunctions" />
    </UnitTest>
    <UnitTest name="BL.Tests.LiftsSlopesServiceTests.TestAdminAddAutoIncrementLiftSlopeAsync(lift: Lift { LiftID = 35, LiftName = liftNamee2d777d0-f8a9-4abf-be7d-834994eb1412, IsOpen = True, SeatsAmount = 208, LiftingTime = 233, QueueTime = 15, ConnectedSlopes =  }, slope: Slope { SlopeID = 180, SlopeName = slopeNamebce9b601-2877-4417-b05a-1dcff9a073ff, IsOpen = False, DifficultyLevel = 245, ConnectedLifts =  }, slopesRepositoryStub: Mock&lt;ISlopesRepository:3&gt;,..." storage="/mnt/c/users/alena/desktop/7_sem/testing_and_debugging/skiresort/bl.tests/bin/debug/net6.0/bl.tests.dll" id="f7718a84-9f76-1724-7f7b-0638fb19f0fe">
      <Execution id="94c34741-a2cc-408b-85a7-90e239bfc36f" />
      <TestMethod codeBase="/mnt/c/Users/alena/Desktop/7_sem/testing_and_debugging/SkiResort/BL.Tests/bin/Debug/net6.0/BL.Tests.dll" adapterTypeName="executor://xunit/VsTestRunner2/netcoreapp" className="BL.Tests.LiftsSlopesServiceTests" name="TestAdminAddAutoIncrementLiftSlopeAsync" />
    </UnitTest>
    <UnitTest name="BL.Tests.LiftsSlopesServiceTests.TestAdminDeleteLiftSlopeAsync(lift: Lift { LiftID = 224, LiftName = liftName85667e17-8b57-49d2-89e0-b65ac918cc19, IsOpen = True, SeatsAmount = 49, LiftingTime = 58, QueueTime = 33, ConnectedSlopes =  }, slope: Slope { SlopeID = 208, SlopeName = slopeName5a53399f-7655-43e1-93c4-43fbf7e895e8, IsOpen = False, DifficultyLevel = 118, ConnectedLifts =  }, slopesRepositoryStub: Mock&lt;ISlopesRepository:2&gt;, liftsRepos..." storage="/mnt/c/users/alena/desktop/7_sem/testing_and_debugging/skiresort/bl.tests/bin/debug/net6.0/bl.tests.dll" id="e7b26bb9-d65a-28de-e3c9-df8e7731b40d">
      <Execution id="8406d6f3-b23e-45aa-8125-79824c6ab051" />
      <TestMethod codeBase="/mnt/c/Users/alena/Desktop/7_sem/testing_and_debugging/SkiResort/BL.Tests/bin/Debug/net6.0/BL.Tests.dll" adapterTypeName="executor://xunit/VsTestRunner2/netcoreapp" className="BL.Tests.LiftsSlopesServiceTests" name="TestAdminDeleteLiftSlopeAsync" />
    </UnitTest>
    <UnitTest name="BL.Tests.CheckPermissionsServiceTests.AuthorizedHasNoAccessToAdminSkiPatrolFunctions(functionName: &quot;GetMessagesAsync&quot;)" storage="/mnt/c/users/alena/desktop/7_sem/testing_and_debugging/skiresort/bl.tests/bin/debug/net6.0/bl.tests.dll" id="2602613f-c8e2-a6d9-fcf7-5b27d4a770a6">
      <Execution id="7ba47a41-7225-44f7-bde5-cc8578d6fa7c" />
      <TestMethod codeBase="/mnt/c/Users/alena/Desktop/7_sem/testing_and_debugging/SkiResort/BL.Tests/bin/Debug/net6.0/BL.Tests.dll" adapterTypeName="executor://xunit/VsTestRunner2/netcoreapp" className="BL.Tests.CheckPermissionsServiceTests" name="AuthorizedHasNoAccessToAdminSkiPatrolFunctions" />
    </UnitTest>
    <UnitTest name="BL.Tests.CheckPermissionsServiceTests.AuthorizedHasNoAccessToAdminFunctions" storage="/mnt/c/users/alena/desktop/7_sem/testing_and_debugging/skiresort/bl.tests/bin/debug/net6.0/bl.tests.dll" id="a2e59116-cb53-1d70-9cb8-21c286516866">
      <Execution id="d2983b59-522c-4c0f-87cb-dc121bbe6037" />
      <TestMethod codeBase="/mnt/c/Users/alena/Desktop/7_sem/testing_and_debugging/SkiResort/BL.Tests/bin/Debug/net6.0/BL.Tests.dll" adapterTypeName="executor://xunit/VsTestRunner2/netcoreapp" className="BL.Tests.CheckPermissionsServiceTests" name="AuthorizedHasNoAccessToAdminFunctions" />
    </UnitTest>
    <UnitTest name="BL.Tests.CheckPermissionsServiceTests.SkiPatrolHasAccessToAdminSkiPatrolFunctions(functionName: &quot;GetMessagesAsync&quot;)" storage="/mnt/c/users/alena/desktop/7_sem/testing_and_debugging/skiresort/bl.tests/bin/debug/net6.0/bl.tests.dll" id="c36970dc-93f7-753e-fa47-157133b01644">
      <Execution id="587c5bb8-45ea-4145-9c8f-6b9d073045aa" />
      <TestMethod codeBase="/mnt/c/Users/alena/Desktop/7_sem/testing_and_debugging/SkiResort/BL.Tests/bin/Debug/net6.0/BL.Tests.dll" adapterTypeName="executor://xunit/VsTestRunner2/netcoreapp" className="BL.Tests.CheckPermissionsServiceTests" name="SkiPatrolHasAccessToAdminSkiPatrolFunctions" />
    </UnitTest>
    <UnitTest name="BL.Tests.CheckPermissionsServiceTests.AdminHasAccessToAllFunctions" storage="/mnt/c/users/alena/desktop/7_sem/testing_and_debugging/skiresort/bl.tests/bin/debug/net6.0/bl.tests.dll" id="f3efc418-a8a6-c7b7-9bac-90b33aa8472f">
      <Execution id="da5ce4d2-3107-4aa1-9b1d-fd2b08a76112" />
      <TestMethod codeBase="/mnt/c/Users/alena/Desktop/7_sem/testing_and_debugging/SkiResort/BL.Tests/bin/Debug/net6.0/BL.Tests.dll" adapterTypeName="executor://xunit/VsTestRunner2/netcoreapp" className="BL.Tests.CheckPermissionsServiceTests" name="AdminHasAccessToAllFunctions" />
    </UnitTest>
    <UnitTest name="BL.Tests.LiftsServiceTest.TestGetLiftsInfoAsync(userID: 70, initialLifts: [Lift { LiftID = 144, LiftName = liftName7f2c185d-a36c-43f4-b178-df006b41c827, IsOpen = True, SeatsAmount = 34, LiftingTime = 147, QueueTime = 4, ConnectedSlopes =  }, Lift { LiftID = 191, LiftName = liftName66d68a6f-3045-4e9a-a848-8e88d8e40be4, IsOpen = False, SeatsAmount = 178, LiftingTime = 68, QueueTime = 89, ConnectedSlopes =  }, Lift { LiftID = 217, LiftName = l..." storage="/mnt/c/users/alena/desktop/7_sem/testing_and_debugging/skiresort/bl.tests/bin/debug/net6.0/bl.tests.dll" id="2d802d06-7a5b-3f62-0765-abed66ec3087">
      <Execution id="b41ef8d7-e4d0-4eb0-8d7b-3e177a540d46" />
      <TestMethod codeBase="/mnt/c/Users/alena/Desktop/7_sem/testing_and_debugging/SkiResort/BL.Tests/bin/Debug/net6.0/BL.Tests.dll" adapterTypeName="executor://xunit/VsTestRunner2/netcoreapp" className="BL.Tests.LiftsServiceTest" name="TestGetLiftsInfoAsync" />
    </UnitTest>
    <UnitTest name="BL.Tests.SlopesServiceTest.TestUpdateSlopeInfoAsync(userID: 104, slope: Slope { SlopeID = 10, SlopeName = slopeName515ec59c-48c5-403d-aafe-d37f7c3f67a9, IsOpen = True, DifficultyLevel = 103, ConnectedLifts =  }, checkPermissionServiceMock: Mock&lt;ICheckPermissionService:8&gt;, slopesRepositoryStub: Mock&lt;ISlopesRepository:6&gt;, sut: SlopesService { })" storage="/mnt/c/users/alena/desktop/7_sem/testing_and_debugging/skiresort/bl.tests/bin/debug/net6.0/bl.tests.dll" id="d5ac164d-7479-08af-1b12-75f0bb747c72">
      <Execution id="56c5be69-b424-4b81-bd68-ee8af7205c46" />
      <TestMethod codeBase="/mnt/c/Users/alena/Desktop/7_sem/testing_and_debugging/SkiResort/BL.Tests/bin/Debug/net6.0/BL.Tests.dll" adapterTypeName="executor://xunit/VsTestRunner2/netcoreapp" className="BL.Tests.SlopesServiceTest" name="TestUpdateSlopeInfoAsync" />
    </UnitTest>
    <UnitTest name="BL.Tests.UsersServiceTests.TestRegisterUserWithNoPassword" storage="/mnt/c/users/alena/desktop/7_sem/testing_and_debugging/skiresort/bl.tests/bin/debug/net6.0/bl.tests.dll" id="f44a1b21-8efc-bfac-63b4-d534442def31">
      <Execution id="ed86d6a8-1cc8-4260-aa18-9844424a8662" />
      <TestMethod codeBase="/mnt/c/Users/alena/Desktop/7_sem/testing_and_debugging/SkiResort/BL.Tests/bin/Debug/net6.0/BL.Tests.dll" adapterTypeName="executor://xunit/VsTestRunner2/netcoreapp" className="BL.Tests.UsersServiceTests" name="TestRegisterUserWithNoPassword" />
    </UnitTest>
    <UnitTest name="BL.Tests.UsersServiceTests.TestAdminGetUserByIDAsync" storage="/mnt/c/users/alena/desktop/7_sem/testing_and_debugging/skiresort/bl.tests/bin/debug/net6.0/bl.tests.dll" id="e5497347-2721-b7a6-0bd4-69a9921f6947">
      <Execution id="db1eed60-bbbf-45c7-91c3-8a669615dfd2" />
      <TestMethod codeBase="/mnt/c/Users/alena/Desktop/7_sem/testing_and_debugging/SkiResort/BL.Tests/bin/Debug/net6.0/BL.Tests.dll" adapterTypeName="executor://xunit/VsTestRunner2/netcoreapp" className="BL.Tests.UsersServiceTests" name="TestAdminGetUserByIDAsync" />
    </UnitTest>
    <UnitTest name="BL.Tests.UsersServiceTests.TestAdminAddAutoIncrementUser" storage="/mnt/c/users/alena/desktop/7_sem/testing_and_debugging/skiresort/bl.tests/bin/debug/net6.0/bl.tests.dll" id="834c739b-eca4-b36d-6a66-5a1bd75377b8">
      <Execution id="c4440be8-1a37-400e-a641-fe3db786b42d" />
      <TestMethod codeBase="/mnt/c/Users/alena/Desktop/7_sem/testing_and_debugging/SkiResort/BL.Tests/bin/Debug/net6.0/BL.Tests.dll" adapterTypeName="executor://xunit/VsTestRunner2/netcoreapp" className="BL.Tests.UsersServiceTests" name="TestAdminAddAutoIncrementUser" />
    </UnitTest>
    <UnitTest name="BL.Tests.CheckPermissionsServiceTests.UnauthorizedHasNoAccessToAdminSkiPatrolFunctions(functionName: &quot;GetLiftsSlopesInfoAsync&quot;)" storage="/mnt/c/users/alena/desktop/7_sem/testing_and_debugging/skiresort/bl.tests/bin/debug/net6.0/bl.tests.dll" id="387c9729-48c1-486e-5e67-f5d11a9f0db8">
      <Execution id="8a63a05d-3bee-402c-960b-48a8429cd7c3" />
      <TestMethod codeBase="/mnt/c/Users/alena/Desktop/7_sem/testing_and_debugging/SkiResort/BL.Tests/bin/Debug/net6.0/BL.Tests.dll" adapterTypeName="executor://xunit/VsTestRunner2/netcoreapp" className="BL.Tests.CheckPermissionsServiceTests" name="UnauthorizedHasNoAccessToAdminSkiPatrolFunctions" />
    </UnitTest>
    <UnitTest name="BL.Tests.TurnstilesServiceTest.TestAdminAddAutoIncrementTurnstileAsync(userID: 226, turnstile: Turnstile { TurnstileID = 35, LiftID = 44, IsOpen = True }, checkPermissionServiceMock: Mock&lt;ICheckPermissionService:16&gt;, turnstilesRepositoryStub: Mock&lt;ITurnstilesRepository:10&gt;, sut: TurnstilesService { })" storage="/mnt/c/users/alena/desktop/7_sem/testing_and_debugging/skiresort/bl.tests/bin/debug/net6.0/bl.tests.dll" id="2dbbb721-7f02-8e16-53ea-a0a9ad7f4b2c">
      <Execution id="4b7fda1e-048a-4381-a879-744921045260" />
      <TestMethod codeBase="/mnt/c/Users/alena/Desktop/7_sem/testing_and_debugging/SkiResort/BL.Tests/bin/Debug/net6.0/BL.Tests.dll" adapterTypeName="executor://xunit/VsTestRunner2/netcoreapp" className="BL.Tests.TurnstilesServiceTest" name="TestAdminAddAutoIncrementTurnstileAsync" />
    </UnitTest>
    <UnitTest name="BL.Tests.LiftsServiceTest.TestAdminDeleteLiftAsync(userID: 102, lift: Lift { LiftID = 47, LiftName = liftNamee91be492-05d3-4922-b030-8632ed2b121e, IsOpen = True, SeatsAmount = 78, LiftingTime = 167, QueueTime = 245, ConnectedSlopes =  }, checkPermissionServiceMock: Mock&lt;ICheckPermissionService:4&gt;, liftsRepositoryStub: Mock&lt;ILiftsRepository:4&gt;, liftsSlopesRepositoryStub: Mock&lt;ILiftsSlopesRepository:4&gt;, sut: LiftsService { })" storage="/mnt/c/users/alena/desktop/7_sem/testing_and_debugging/skiresort/bl.tests/bin/debug/net6.0/bl.tests.dll" id="1473d2e0-e6d9-cabe-e39c-7d9eced3f660">
      <Execution id="437adef2-29ae-48b2-ac19-03157abb12eb" />
      <TestMethod codeBase="/mnt/c/Users/alena/Desktop/7_sem/testing_and_debugging/SkiResort/BL.Tests/bin/Debug/net6.0/BL.Tests.dll" adapterTypeName="executor://xunit/VsTestRunner2/netcoreapp" className="BL.Tests.LiftsServiceTest" name="TestAdminDeleteLiftAsync" />
    </UnitTest>
    <UnitTest name="BL.Tests.CheckPermissionsServiceTests.SkiPatrolHasAccessToAdminSkiPatrolFunctions(functionName: &quot;MarkMessageReadByUserAsync&quot;)" storage="/mnt/c/users/alena/desktop/7_sem/testing_and_debugging/skiresort/bl.tests/bin/debug/net6.0/bl.tests.dll" id="60bd668f-04df-da5e-b79b-5d9aedb5234d">
      <Execution id="da999162-cdd4-4919-80d4-93d02e98487d" />
      <TestMethod codeBase="/mnt/c/Users/alena/Desktop/7_sem/testing_and_debugging/SkiResort/BL.Tests/bin/Debug/net6.0/BL.Tests.dll" adapterTypeName="executor://xunit/VsTestRunner2/netcoreapp" className="BL.Tests.CheckPermissionsServiceTests" name="SkiPatrolHasAccessToAdminSkiPatrolFunctions" />
    </UnitTest>
    <UnitTest name="BL.Tests.SlopesServiceTest.TestAdminDeleteSlopeAsync(userID: 150, slope: Slope { SlopeID = 160, SlopeName = slopeNamee0f74afd-6f75-4977-9bac-b43a6301c944, IsOpen = True, DifficultyLevel = 75, ConnectedLifts =  }, checkPermissionServiceMock: Mock&lt;ICheckPermissionService:9&gt;, slopesRepositoryStub: Mock&lt;ISlopesRepository:7&gt;, liftsSlopesRepositoryStub: Mock&lt;ILiftsSlopesRepository:12&gt;, sut: SlopesService { })" storage="/mnt/c/users/alena/desktop/7_sem/testing_and_debugging/skiresort/bl.tests/bin/debug/net6.0/bl.tests.dll" id="827ddc42-d4d6-4b1b-9e76-7eb5f05cf93f">
      <Execution id="47e07af0-7334-438a-a668-10946ff9162c" />
      <TestMethod codeBase="/mnt/c/Users/alena/Desktop/7_sem/testing_and_debugging/SkiResort/BL.Tests/bin/Debug/net6.0/BL.Tests.dll" adapterTypeName="executor://xunit/VsTestRunner2/netcoreapp" className="BL.Tests.SlopesServiceTest" name="TestAdminDeleteSlopeAsync" />
    </UnitTest>
    <UnitTest name="BL.Tests.CheckPermissionsServiceTests.UnauthorizedHasNoAccessToAdminFunctions" storage="/mnt/c/users/alena/desktop/7_sem/testing_and_debugging/skiresort/bl.tests/bin/debug/net6.0/bl.tests.dll" id="e2d7e5be-3dae-33ae-fb17-c704b6fd58d6">
      <Execution id="a35364a4-1cd2-493e-9cbe-16c3c1634e40" />
      <TestMethod codeBase="/mnt/c/Users/alena/Desktop/7_sem/testing_and_debugging/SkiResort/BL.Tests/bin/Debug/net6.0/BL.Tests.dll" adapterTypeName="executor://xunit/VsTestRunner2/netcoreapp" className="BL.Tests.CheckPermissionsServiceTests" name="UnauthorizedHasNoAccessToAdminFunctions" />
    </UnitTest>
    <UnitTest name="BL.Tests.UsersServiceTests.TestLogInWithWrongPassword" storage="/mnt/c/users/alena/desktop/7_sem/testing_and_debugging/skiresort/bl.tests/bin/debug/net6.0/bl.tests.dll" id="69340bb6-3645-f9dd-971e-29d8b2a009bb">
      <Execution id="a0cc05b4-98a8-4bcd-a274-e03345524900" />
      <TestMethod codeBase="/mnt/c/Users/alena/Desktop/7_sem/testing_and_debugging/SkiResort/BL.Tests/bin/Debug/net6.0/BL.Tests.dll" adapterTypeName="executor://xunit/VsTestRunner2/netcoreapp" className="BL.Tests.UsersServiceTests" name="TestLogInWithWrongPassword" />
    </UnitTest>
    <UnitTest name="BL.Tests.CheckPermissionsServiceTests.SkiPatrolHasAccessToAdminSkiPatrolFunctions(functionName: &quot;GetLiftsSlopesInfoAsync&quot;)" storage="/mnt/c/users/alena/desktop/7_sem/testing_and_debugging/skiresort/bl.tests/bin/debug/net6.0/bl.tests.dll" id="2d706594-f2b3-b3c8-21d4-86c9798c3306">
      <Execution id="cb39ce5e-8081-4d68-bcb2-3402eb671871" />
      <TestMethod codeBase="/mnt/c/Users/alena/Desktop/7_sem/testing_and_debugging/SkiResort/BL.Tests/bin/Debug/net6.0/BL.Tests.dll" adapterTypeName="executor://xunit/VsTestRunner2/netcoreapp" className="BL.Tests.CheckPermissionsServiceTests" name="SkiPatrolHasAccessToAdminSkiPatrolFunctions" />
    </UnitTest>
    <UnitTest name="BL.Tests.CheckPermissionsServiceTests.SkiPatrolHasNoAccessToAdminFunctions" storage="/mnt/c/users/alena/desktop/7_sem/testing_and_debugging/skiresort/bl.tests/bin/debug/net6.0/bl.tests.dll" id="492c0393-35b4-df26-a537-21ca08302f3c">
      <Execution id="de9854eb-5816-40c1-8b32-7795acf0d395" />
      <TestMethod codeBase="/mnt/c/Users/alena/Desktop/7_sem/testing_and_debugging/SkiResort/BL.Tests/bin/Debug/net6.0/BL.Tests.dll" adapterTypeName="executor://xunit/VsTestRunner2/netcoreapp" className="BL.Tests.CheckPermissionsServiceTests" name="SkiPatrolHasNoAccessToAdminFunctions" />
    </UnitTest>
    <UnitTest name="BL.Tests.UsersServiceTests.TestAdminDeleteUser" storage="/mnt/c/users/alena/desktop/7_sem/testing_and_debugging/skiresort/bl.tests/bin/debug/net6.0/bl.tests.dll" id="18fa8c62-e27d-e1fc-8182-4d7db62b008d">
      <Execution id="4094cd53-69d9-4a66-8728-577f855c47df" />
      <TestMethod codeBase="/mnt/c/Users/alena/Desktop/7_sem/testing_and_debugging/SkiResort/BL.Tests/bin/Debug/net6.0/BL.Tests.dll" adapterTypeName="executor://xunit/VsTestRunner2/netcoreapp" className="BL.Tests.UsersServiceTests" name="TestAdminDeleteUser" />
    </UnitTest>
    <UnitTest name="BL.Tests.CheckPermissionsServiceTests.AuthorizedHasAccessToAuthorizedFunctions(functionName: &quot;LogOutAsync&quot;)" storage="/mnt/c/users/alena/desktop/7_sem/testing_and_debugging/skiresort/bl.tests/bin/debug/net6.0/bl.tests.dll" id="aa28a6b3-21d3-aa45-24d3-bef2facbc899">
      <Execution id="d049101b-b7f7-4ade-9adf-578de13532fa" />
      <TestMethod codeBase="/mnt/c/Users/alena/Desktop/7_sem/testing_and_debugging/SkiResort/BL.Tests/bin/Debug/net6.0/BL.Tests.dll" adapterTypeName="executor://xunit/VsTestRunner2/netcoreapp" className="BL.Tests.CheckPermissionsServiceTests" name="AuthorizedHasAccessToAuthorizedFunctions" />
    </UnitTest>
    <UnitTest name="BL.Tests.SlopesServiceTest.TestAdminAddSlopeAsync(userID: 179, slope: Slope { SlopeID = 96, SlopeName = slopeName603eeaab-be99-4bc0-b720-54d3b35c81fa, IsOpen = True, DifficultyLevel = 101, ConnectedLifts =  }, checkPermissionServiceMock: Mock&lt;ICheckPermissionService:11&gt;, slopesRepositoryStub: Mock&lt;ISlopesRepository:9&gt;, sut: SlopesService { })" storage="/mnt/c/users/alena/desktop/7_sem/testing_and_debugging/skiresort/bl.tests/bin/debug/net6.0/bl.tests.dll" id="92386190-1789-b409-b048-a8a670372de7">
      <Execution id="71f8efe4-e966-4f3e-9217-44b72fdf2d95" />
      <TestMethod codeBase="/mnt/c/Users/alena/Desktop/7_sem/testing_and_debugging/SkiResort/BL.Tests/bin/Debug/net6.0/BL.Tests.dll" adapterTypeName="executor://xunit/VsTestRunner2/netcoreapp" className="BL.Tests.SlopesServiceTest" name="TestAdminAddSlopeAsync" />
    </UnitTest>
    <UnitTest name="BL.Tests.LiftsServiceTest.TestGetLiftInfoAsync(userID: 240, lift: Lift { LiftID = 176, LiftName = liftName6e2595d4-6566-40ba-94c0-a6d45de4edcb, IsOpen = True, SeatsAmount = 45, LiftingTime = 120, QueueTime = 54, ConnectedSlopes =  }, checkPermissionServiceMock: Mock&lt;ICheckPermissionService:1&gt;, liftsRepositoryStub: Mock&lt;ILiftsRepository:1&gt;, liftsSlopesRepositoryStub: Mock&lt;ILiftsSlopesRepository:1&gt;, sut: LiftsService { })" storage="/mnt/c/users/alena/desktop/7_sem/testing_and_debugging/skiresort/bl.tests/bin/debug/net6.0/bl.tests.dll" id="43843570-85c3-dd5c-f2a1-c0d660ac336e">
      <Execution id="f5d40277-cb02-44e1-9168-fad63e97eb54" />
      <TestMethod codeBase="/mnt/c/Users/alena/Desktop/7_sem/testing_and_debugging/SkiResort/BL.Tests/bin/Debug/net6.0/BL.Tests.dll" adapterTypeName="executor://xunit/VsTestRunner2/netcoreapp" className="BL.Tests.LiftsServiceTest" name="TestGetLiftInfoAsync" />
    </UnitTest>
    <UnitTest name="BL.Tests.SlopesServiceTest.TestGetSlopesInfoAsync(userID: 231, initialSlopes: [Slope { SlopeID = 165, SlopeName = slopeName58710219-6e48-4d44-ab5a-d40cd370d233, IsOpen = True, DifficultyLevel = 77, ConnectedLifts =  }, Slope { SlopeID = 102, SlopeName = slopeNameeccf85bd-7c6a-437c-8a1d-646730249ce6, IsOpen = False, DifficultyLevel = 193, ConnectedLifts =  }, Slope { SlopeID = 206, SlopeName = slopeName9694b5d2-c38c-4e5c-bc4d-44ece208a40b, I..." storage="/mnt/c/users/alena/desktop/7_sem/testing_and_debugging/skiresort/bl.tests/bin/debug/net6.0/bl.tests.dll" id="33a80f97-fd7c-a02c-a6dc-1cea467c92c2">
      <Execution id="02d49922-f536-4bad-9efe-34b67aeac73a" />
      <TestMethod codeBase="/mnt/c/Users/alena/Desktop/7_sem/testing_and_debugging/SkiResort/BL.Tests/bin/Debug/net6.0/BL.Tests.dll" adapterTypeName="executor://xunit/VsTestRunner2/netcoreapp" className="BL.Tests.SlopesServiceTest" name="TestGetSlopesInfoAsync" />
    </UnitTest>
    <UnitTest name="BL.Tests.UsersServiceTests.TestAdminUpdateUser" storage="/mnt/c/users/alena/desktop/7_sem/testing_and_debugging/skiresort/bl.tests/bin/debug/net6.0/bl.tests.dll" id="06d0bc3a-24a0-fb7f-4277-e9ae6d21c7dd">
      <Execution id="577c184f-ade1-424e-a97a-46bec89a97c7" />
      <TestMethod codeBase="/mnt/c/Users/alena/Desktop/7_sem/testing_and_debugging/SkiResort/BL.Tests/bin/Debug/net6.0/BL.Tests.dll" adapterTypeName="executor://xunit/VsTestRunner2/netcoreapp" className="BL.Tests.UsersServiceTests" name="TestAdminUpdateUser" />
    </UnitTest>
    <UnitTest name="BL.Tests.SlopesServiceTest.TestAdminAddAutoIncrementSlopeAsync(userID: 26, slope: Slope { SlopeID = 239, SlopeName = slopeNamed0ef2017-09a1-4e8e-a125-061dfaab4e53, IsOpen = True, DifficultyLevel = 122, ConnectedLifts =  }, checkPermissionServiceMock: Mock&lt;ICheckPermissionService:10&gt;, slopesRepositoryStub: Mock&lt;ISlopesRepository:8&gt;, sut: SlopesService { })" storage="/mnt/c/users/alena/desktop/7_sem/testing_and_debugging/skiresort/bl.tests/bin/debug/net6.0/bl.tests.dll" id="59359a11-9845-2984-9512-35f59c4a3b6a">
      <Execution id="7e1f3d6e-6300-45a1-afb6-29e3eb579806" />
      <TestMethod codeBase="/mnt/c/Users/alena/Desktop/7_sem/testing_and_debugging/SkiResort/BL.Tests/bin/Debug/net6.0/BL.Tests.dll" adapterTypeName="executor://xunit/VsTestRunner2/netcoreapp" className="BL.Tests.SlopesServiceTest" name="TestAdminAddAutoIncrementSlopeAsync" />
    </UnitTest>
    <UnitTest name="BL.Tests.UsersServiceTests.TestLogInOk" storage="/mnt/c/users/alena/desktop/7_sem/testing_and_debugging/skiresort/bl.tests/bin/debug/net6.0/bl.tests.dll" id="1ca07ad8-f799-c5d4-e7cc-34fd950198a2">
      <Execution id="e037c205-f997-48e3-ad47-ce90a8dbe059" />
      <TestMethod codeBase="/mnt/c/Users/alena/Desktop/7_sem/testing_and_debugging/SkiResort/BL.Tests/bin/Debug/net6.0/BL.Tests.dll" adapterTypeName="executor://xunit/VsTestRunner2/netcoreapp" className="BL.Tests.UsersServiceTests" name="TestLogInOk" />
    </UnitTest>
    <UnitTest name="BL.Tests.UsersServiceTests.TestAdminGetUsers" storage="/mnt/c/users/alena/desktop/7_sem/testing_and_debugging/skiresort/bl.tests/bin/debug/net6.0/bl.tests.dll" id="20ad8570-0170-85de-dcd7-2f109dd7bcd6">
      <Execution id="3f691ba1-4652-45fa-ad65-2bb604da904e" />
      <TestMethod codeBase="/mnt/c/Users/alena/Desktop/7_sem/testing_and_debugging/SkiResort/BL.Tests/bin/Debug/net6.0/BL.Tests.dll" adapterTypeName="executor://xunit/VsTestRunner2/netcoreapp" className="BL.Tests.UsersServiceTests" name="TestAdminGetUsers" />
    </UnitTest>
    <UnitTest name="BL.Tests.CheckPermissionsServiceTests.UnauthorizedHasNoAccessToAdminSkiPatrolFunctions(functionName: &quot;GetMessagesAsync&quot;)" storage="/mnt/c/users/alena/desktop/7_sem/testing_and_debugging/skiresort/bl.tests/bin/debug/net6.0/bl.tests.dll" id="229812f5-9a73-5335-11f5-31330d1348a5">
      <Execution id="776466f3-cc85-4d5f-bd6e-5614f88bf82b" />
      <TestMethod codeBase="/mnt/c/Users/alena/Desktop/7_sem/testing_and_debugging/SkiResort/BL.Tests/bin/Debug/net6.0/BL.Tests.dll" adapterTypeName="executor://xunit/VsTestRunner2/netcoreapp" className="BL.Tests.CheckPermissionsServiceTests" name="UnauthorizedHasNoAccessToAdminSkiPatrolFunctions" />
    </UnitTest>
    <UnitTest name="BL.Tests.TurnstilesServiceTest.TestAdminGetTurnstilesAsync(userID: 191, initialTurnstiles: [Turnstile { TurnstileID = 98, LiftID = 165, IsOpen = True }, Turnstile { TurnstileID = 251, LiftID = 128, IsOpen = False }, Turnstile { TurnstileID = 28, LiftID = 46, IsOpen = True }], checkPermissionServiceMock: Mock&lt;ICheckPermissionService:13&gt;, turnstilesRepositoryStub: Mock&lt;ITurnstilesRepository:7&gt;, sut: TurnstilesService { })" storage="/mnt/c/users/alena/desktop/7_sem/testing_and_debugging/skiresort/bl.tests/bin/debug/net6.0/bl.tests.dll" id="b67506f8-8a46-6292-864b-8a4f916f3b87">
      <Execution id="9eaa672d-128a-424f-b02e-6712cf36ffb6" />
      <TestMethod codeBase="/mnt/c/Users/alena/Desktop/7_sem/testing_and_debugging/SkiResort/BL.Tests/bin/Debug/net6.0/BL.Tests.dll" adapterTypeName="executor://xunit/VsTestRunner2/netcoreapp" className="BL.Tests.TurnstilesServiceTest" name="TestAdminGetTurnstilesAsync" />
    </UnitTest>
    <UnitTest name="BL.Tests.CheckPermissionsServiceTests.AuthorizedHasNoAccessToAdminSkiPatrolFunctions(functionName: &quot;GetLiftsSlopesInfoAsync&quot;)" storage="/mnt/c/users/alena/desktop/7_sem/testing_and_debugging/skiresort/bl.tests/bin/debug/net6.0/bl.tests.dll" id="4f297306-d4f3-8d63-e7f4-1ac0b8c58c74">
      <Execution id="a38b3d70-ba4e-49e8-bd07-59546fcf4b05" />
      <TestMethod codeBase="/mnt/c/Users/alena/Desktop/7_sem/testing_and_debugging/SkiResort/BL.Tests/bin/Debug/net6.0/BL.Tests.dll" adapterTypeName="executor://xunit/VsTestRunner2/netcoreapp" className="BL.Tests.CheckPermissionsServiceTests" name="AuthorizedHasNoAccessToAdminSkiPatrolFunctions" />
    </UnitTest>
    <UnitTest name="BL.Tests.TurnstilesServiceTest.TestAdminUpdateTurnstileAsync(userID: 165, turnstile: Turnstile { TurnstileID = 143, LiftID = 125, IsOpen = True }, checkPermissionServiceMock: Mock&lt;ICheckPermissionService:14&gt;, turnstilesRepositoryStub: Mock&lt;ITurnstilesRepository:8&gt;, sut: TurnstilesService { })" storage="/mnt/c/users/alena/desktop/7_sem/testing_and_debugging/skiresort/bl.tests/bin/debug/net6.0/bl.tests.dll" id="7839ad9d-37e6-15be-dfa8-60d5e0d6b09e">
      <Execution id="359ce6f5-0cf6-4c75-8479-bc70bab4a7b9" />
      <TestMethod codeBase="/mnt/c/Users/alena/Desktop/7_sem/testing_and_debugging/SkiResort/BL.Tests/bin/Debug/net6.0/BL.Tests.dll" adapterTypeName="executor://xunit/VsTestRunner2/netcoreapp" className="BL.Tests.TurnstilesServiceTest" name="TestAdminUpdateTurnstileAsync" />
    </UnitTest>
    <UnitTest name="BL.Tests.LiftsServiceTest.TestUpdateLiftInfoAsync(userID: 51, lift: Lift { LiftID = 81, LiftName = liftName39ccf3e1-0ff4-47dc-b723-2d1699366cb6, IsOpen = True, SeatsAmount = 206, LiftingTime = 47, QueueTime = 126, ConnectedSlopes =  }, checkPermissionServiceMock: Mock&lt;ICheckPermissionService:3&gt;, liftsRepositoryStub: Mock&lt;ILiftsRepository:3&gt;, sut: LiftsService { })" storage="/mnt/c/users/alena/desktop/7_sem/testing_and_debugging/skiresort/bl.tests/bin/debug/net6.0/bl.tests.dll" id="2816ab99-162d-2948-1314-c37c2454423a">
      <Execution id="639fd50e-f2a0-4076-ab82-5eae259bd9ba" />
      <TestMethod codeBase="/mnt/c/Users/alena/Desktop/7_sem/testing_and_debugging/SkiResort/BL.Tests/bin/Debug/net6.0/BL.Tests.dll" adapterTypeName="executor://xunit/VsTestRunner2/netcoreapp" className="BL.Tests.LiftsServiceTest" name="TestUpdateLiftInfoAsync" />
    </UnitTest>
    <UnitTest name="BL.Tests.LiftsSlopesServiceTests.TestGetLiftsSlopesInfoAsync(liftsSlopes: [LiftSlope { RecordID = 27, LiftID = 22, SlopeID = 104 }, LiftSlope { RecordID = 130, LiftID = 8, SlopeID = 71 }, LiftSlope { RecordID = 250, LiftID = 91, SlopeID = 221 }], slopesRepositoryStub: Mock&lt;ISlopesRepository:1&gt;, liftsRepositoryStub: Mock&lt;ILiftsRepository:6&gt;, liftsSlopesRepositoryStub: Mock&lt;ILiftsSlopesRepository:6&gt;)" storage="/mnt/c/users/alena/desktop/7_sem/testing_and_debugging/skiresort/bl.tests/bin/debug/net6.0/bl.tests.dll" id="e429852d-a6ed-7c2a-25fd-cd839b159d56">
      <Execution id="51f1d15f-d229-4c06-83dc-84ac0be14a37" />
      <TestMethod codeBase="/mnt/c/Users/alena/Desktop/7_sem/testing_and_debugging/SkiResort/BL.Tests/bin/Debug/net6.0/BL.Tests.dll" adapterTypeName="executor://xunit/VsTestRunner2/netcoreapp" className="BL.Tests.LiftsSlopesServiceTests" name="TestGetLiftsSlopesInfoAsync" />
    </UnitTest>
    <UnitTest name="BL.Tests.UsersServiceTests.TestRegisterOk" storage="/mnt/c/users/alena/desktop/7_sem/testing_and_debugging/skiresort/bl.tests/bin/debug/net6.0/bl.tests.dll" id="0eeef75f-6e38-7893-a8fe-cff3e0a970a7">
      <Execution id="35cc461f-8406-4fef-b622-f1c6bb988c91" />
      <TestMethod codeBase="/mnt/c/Users/alena/Desktop/7_sem/testing_and_debugging/SkiResort/BL.Tests/bin/Debug/net6.0/BL.Tests.dll" adapterTypeName="executor://xunit/VsTestRunner2/netcoreapp" className="BL.Tests.UsersServiceTests" name="TestRegisterOk" />
    </UnitTest>
    <UnitTest name="BL.Tests.LiftsServiceTest.TestAdminAddAutoIncrementLiftAsync(userID: 144, lift: Lift { LiftID = 195, LiftName = liftNamefa6f83fa-2b81-45bc-b689-4bc9c7a1f229, IsOpen = True, SeatsAmount = 99, LiftingTime = 151, QueueTime = 122, ConnectedSlopes =  }, checkPermissionServiceMock: Mock&lt;ICheckPermissionService:5&gt;, liftsRepositoryStub: Mock&lt;ILiftsRepository:5&gt;, sut: LiftsService { })" storage="/mnt/c/users/alena/desktop/7_sem/testing_and_debugging/skiresort/bl.tests/bin/debug/net6.0/bl.tests.dll" id="b6a19b25-0199-9d8f-c5f9-db3c6052a401">
      <Execution id="018a9902-95f9-43b3-af8a-38a1227b7e93" />
      <TestMethod codeBase="/mnt/c/Users/alena/Desktop/7_sem/testing_and_debugging/SkiResort/BL.Tests/bin/Debug/net6.0/BL.Tests.dll" adapterTypeName="executor://xunit/VsTestRunner2/netcoreapp" className="BL.Tests.LiftsServiceTest" name="TestAdminAddAutoIncrementLiftAsync" />
    </UnitTest>
    <UnitTest name="BL.Tests.CheckPermissionsServiceTests.AuthorizedHasAccessToAuthorizedFunctions(functionName: &quot;SendMessageAsync&quot;)" storage="/mnt/c/users/alena/desktop/7_sem/testing_and_debugging/skiresort/bl.tests/bin/debug/net6.0/bl.tests.dll" id="644ec43e-70cd-c82d-42e7-0d990be1414d">
      <Execution id="b8ad4878-5fc9-4aed-a1f1-5b1b66f9e6ad" />
      <TestMethod codeBase="/mnt/c/Users/alena/Desktop/7_sem/testing_and_debugging/SkiResort/BL.Tests/bin/Debug/net6.0/BL.Tests.dll" adapterTypeName="executor://xunit/VsTestRunner2/netcoreapp" className="BL.Tests.CheckPermissionsServiceTests" name="AuthorizedHasAccessToAuthorizedFunctions" />
    </UnitTest>
    <UnitTest name="BL.Tests.SlopesServiceTest.TestGetSlopeInfoAsync(userID: 28, slope: Slope { SlopeID = 20, SlopeName = slopeNamea7210b04-9a17-4618-96a8-e9a1e19e76a8, IsOpen = True, DifficultyLevel = 173, ConnectedLifts =  }, checkPermissionServiceMock: Mock&lt;ICheckPermissionService:6&gt;, slopesRepositoryStub: Mock&lt;ISlopesRepository:4&gt;, liftsSlopesRepositoryStub: Mock&lt;ILiftsSlopesRepository:9&gt;, sut: SlopesService { })" storage="/mnt/c/users/alena/desktop/7_sem/testing_and_debugging/skiresort/bl.tests/bin/debug/net6.0/bl.tests.dll" id="537ff8d2-3e88-0c75-9252-929c41169e04">
      <Execution id="42e73985-023f-48a0-95a2-bcdbaad335a5" />
      <TestMethod codeBase="/mnt/c/Users/alena/Desktop/7_sem/testing_and_debugging/SkiResort/BL.Tests/bin/Debug/net6.0/BL.Tests.dll" adapterTypeName="executor://xunit/VsTestRunner2/netcoreapp" className="BL.Tests.SlopesServiceTest" name="TestGetSlopeInfoAsync" />
    </UnitTest>
    <UnitTest name="BL.Tests.CheckPermissionsServiceTests.UnauthorizedHasNoAccessToAuthorizedFunctions(functionName: &quot;LogOutAsync&quot;)" storage="/mnt/c/users/alena/desktop/7_sem/testing_and_debugging/skiresort/bl.tests/bin/debug/net6.0/bl.tests.dll" id="fa960c5e-f989-2880-784e-8efe538c5231">
      <Execution id="7d5f2e1f-b70a-420c-b420-f658ed390d20" />
      <TestMethod codeBase="/mnt/c/Users/alena/Desktop/7_sem/testing_and_debugging/SkiResort/BL.Tests/bin/Debug/net6.0/BL.Tests.dll" adapterTypeName="executor://xunit/VsTestRunner2/netcoreapp" className="BL.Tests.CheckPermissionsServiceTests" name="UnauthorizedHasNoAccessToAuthorizedFunctions" />
    </UnitTest>
    <UnitTest name="BL.Tests.CheckPermissionsServiceTests.UnauthorizedHasNoAccessToAuthorizedFunctions(functionName: &quot;SendMessageAsync&quot;)" storage="/mnt/c/users/alena/desktop/7_sem/testing_and_debugging/skiresort/bl.tests/bin/debug/net6.0/bl.tests.dll" id="eaabd2fc-2f4b-5689-59c8-c7ad34a8f634">
      <Execution id="29308c19-9fd9-44e7-aff5-db2a31ac0199" />
      <TestMethod codeBase="/mnt/c/Users/alena/Desktop/7_sem/testing_and_debugging/SkiResort/BL.Tests/bin/Debug/net6.0/BL.Tests.dll" adapterTypeName="executor://xunit/VsTestRunner2/netcoreapp" className="BL.Tests.CheckPermissionsServiceTests" name="UnauthorizedHasNoAccessToAuthorizedFunctions" />
    </UnitTest>
    <UnitTest name="BL.Tests.UsersServiceTests.TestRegisterUserWithRepeatedEmail" storage="/mnt/c/users/alena/desktop/7_sem/testing_and_debugging/skiresort/bl.tests/bin/debug/net6.0/bl.tests.dll" id="894941c1-bfa7-d8f9-c047-1e1ceefe2c2f">
      <Execution id="11dab204-c229-41e4-8855-0ae96cc0a74b" />
      <TestMethod codeBase="/mnt/c/Users/alena/Desktop/7_sem/testing_and_debugging/SkiResort/BL.Tests/bin/Debug/net6.0/BL.Tests.dll" adapterTypeName="executor://xunit/VsTestRunner2/netcoreapp" className="BL.Tests.UsersServiceTests" name="TestRegisterUserWithRepeatedEmail" />
    </UnitTest>
    <UnitTest name="BL.Tests.UsersServiceTests.TestRegisterUserWithNoEmail" storage="/mnt/c/users/alena/desktop/7_sem/testing_and_debugging/skiresort/bl.tests/bin/debug/net6.0/bl.tests.dll" id="8184bd30-991c-b78d-b4ec-99a485eac0dd">
      <Execution id="4edda670-0b41-4d15-b69d-14a3e2a4c417" />
      <TestMethod codeBase="/mnt/c/Users/alena/Desktop/7_sem/testing_and_debugging/SkiResort/BL.Tests/bin/Debug/net6.0/BL.Tests.dll" adapterTypeName="executor://xunit/VsTestRunner2/netcoreapp" className="BL.Tests.UsersServiceTests" name="TestRegisterUserWithNoEmail" />
    </UnitTest>
    <UnitTest name="BL.Tests.TurnstilesServiceTest.TestAdminDeleteTurnstileAsync(userID: 83, turnstile: Turnstile { TurnstileID = 95, LiftID = 183, IsOpen = True }, checkPermissionServiceMock: Mock&lt;ICheckPermissionService:15&gt;, turnstilesRepositoryStub: Mock&lt;ITurnstilesRepository:9&gt;, sut: TurnstilesService { })" storage="/mnt/c/users/alena/desktop/7_sem/testing_and_debugging/skiresort/bl.tests/bin/debug/net6.0/bl.tests.dll" id="d41a19b1-9ad1-6b92-146d-e7b1a2790095">
      <Execution id="4f250200-ebe9-4b33-a866-6c429276b429" />
      <TestMethod codeBase="/mnt/c/Users/alena/Desktop/7_sem/testing_and_debugging/SkiResort/BL.Tests/bin/Debug/net6.0/BL.Tests.dll" adapterTypeName="executor://xunit/VsTestRunner2/netcoreapp" className="BL.Tests.TurnstilesServiceTest" name="TestAdminDeleteTurnstileAsync" />
    </UnitTest>
  </TestDefinitions>
  <TestEntries>
    <TestEntry testId="0eeef75f-6e38-7893-a8fe-cff3e0a970a7" executionId="35cc461f-8406-4fef-b622-f1c6bb988c91" testListId="8c84fa94-04c1-424b-9868-57a2d4851a1d" />
    <TestEntry testId="f3efc418-a8a6-c7b7-9bac-90b33aa8472f" executionId="da5ce4d2-3107-4aa1-9b1d-fd2b08a76112" testListId="8c84fa94-04c1-424b-9868-57a2d4851a1d" />
    <TestEntry testId="4f297306-d4f3-8d63-e7f4-1ac0b8c58c74" executionId="a38b3d70-ba4e-49e8-bd07-59546fcf4b05" testListId="8c84fa94-04c1-424b-9868-57a2d4851a1d" />
    <TestEntry testId="834c739b-eca4-b36d-6a66-5a1bd75377b8" executionId="c4440be8-1a37-400e-a641-fe3db786b42d" testListId="8c84fa94-04c1-424b-9868-57a2d4851a1d" />
    <TestEntry testId="d5ac164d-7479-08af-1b12-75f0bb747c72" executionId="56c5be69-b424-4b81-bd68-ee8af7205c46" testListId="8c84fa94-04c1-424b-9868-57a2d4851a1d" />
    <TestEntry testId="1ca07ad8-f799-c5d4-e7cc-34fd950198a2" executionId="e037c205-f997-48e3-ad47-ce90a8dbe059" testListId="8c84fa94-04c1-424b-9868-57a2d4851a1d" />
    <TestEntry testId="33a80f97-fd7c-a02c-a6dc-1cea467c92c2" executionId="02d49922-f536-4bad-9efe-34b67aeac73a" testListId="8c84fa94-04c1-424b-9868-57a2d4851a1d" />
    <TestEntry testId="e2d7e5be-3dae-33ae-fb17-c704b6fd58d6" executionId="a35364a4-1cd2-493e-9cbe-16c3c1634e40" testListId="8c84fa94-04c1-424b-9868-57a2d4851a1d" />
    <TestEntry testId="b6a19b25-0199-9d8f-c5f9-db3c6052a401" executionId="018a9902-95f9-43b3-af8a-38a1227b7e93" testListId="8c84fa94-04c1-424b-9868-57a2d4851a1d" />
    <TestEntry testId="e429852d-a6ed-7c2a-25fd-cd839b159d56" executionId="51f1d15f-d229-4c06-83dc-84ac0be14a37" testListId="8c84fa94-04c1-424b-9868-57a2d4851a1d" />
    <TestEntry testId="9c7df5e2-1b23-ebea-889f-b78ca86b60ab" executionId="fbc9a100-89e3-48ff-b6c3-522a14ceafe3" testListId="8c84fa94-04c1-424b-9868-57a2d4851a1d" />
    <TestEntry testId="a2e59116-cb53-1d70-9cb8-21c286516866" executionId="d2983b59-522c-4c0f-87cb-dc121bbe6037" testListId="8c84fa94-04c1-424b-9868-57a2d4851a1d" />
    <TestEntry testId="894941c1-bfa7-d8f9-c047-1e1ceefe2c2f" executionId="11dab204-c229-41e4-8855-0ae96cc0a74b" testListId="8c84fa94-04c1-424b-9868-57a2d4851a1d" />
    <TestEntry testId="59359a11-9845-2984-9512-35f59c4a3b6a" executionId="7e1f3d6e-6300-45a1-afb6-29e3eb579806" testListId="8c84fa94-04c1-424b-9868-57a2d4851a1d" />
    <TestEntry testId="a2552f06-2e56-0ebb-956b-363fc1152c37" executionId="c1dd1122-1ca4-46c1-9c37-d20ed9a160c5" testListId="8c84fa94-04c1-424b-9868-57a2d4851a1d" />
    <TestEntry testId="f7718a84-9f76-1724-7f7b-0638fb19f0fe" executionId="94c34741-a2cc-408b-85a7-90e239bfc36f" testListId="8c84fa94-04c1-424b-9868-57a2d4851a1d" />
    <TestEntry testId="eaabd2fc-2f4b-5689-59c8-c7ad34a8f634" executionId="29308c19-9fd9-44e7-aff5-db2a31ac0199" testListId="8c84fa94-04c1-424b-9868-57a2d4851a1d" />
    <TestEntry testId="92386190-1789-b409-b048-a8a670372de7" executionId="71f8efe4-e966-4f3e-9217-44b72fdf2d95" testListId="8c84fa94-04c1-424b-9868-57a2d4851a1d" />
    <TestEntry testId="18fa8c62-e27d-e1fc-8182-4d7db62b008d" executionId="4094cd53-69d9-4a66-8728-577f855c47df" testListId="8c84fa94-04c1-424b-9868-57a2d4851a1d" />
    <TestEntry testId="aa28a6b3-21d3-aa45-24d3-bef2facbc899" executionId="d049101b-b7f7-4ade-9adf-578de13532fa" testListId="8c84fa94-04c1-424b-9868-57a2d4851a1d" />
    <TestEntry testId="537ff8d2-3e88-0c75-9252-929c41169e04" executionId="42e73985-023f-48a0-95a2-bcdbaad335a5" testListId="8c84fa94-04c1-424b-9868-57a2d4851a1d" />
    <TestEntry testId="644ec43e-70cd-c82d-42e7-0d990be1414d" executionId="b8ad4878-5fc9-4aed-a1f1-5b1b66f9e6ad" testListId="8c84fa94-04c1-424b-9868-57a2d4851a1d" />
    <TestEntry testId="387c9729-48c1-486e-5e67-f5d11a9f0db8" executionId="8a63a05d-3bee-402c-960b-48a8429cd7c3" testListId="8c84fa94-04c1-424b-9868-57a2d4851a1d" />
    <TestEntry testId="7839ad9d-37e6-15be-dfa8-60d5e0d6b09e" executionId="359ce6f5-0cf6-4c75-8479-bc70bab4a7b9" testListId="8c84fa94-04c1-424b-9868-57a2d4851a1d" />
    <TestEntry testId="827ddc42-d4d6-4b1b-9e76-7eb5f05cf93f" executionId="47e07af0-7334-438a-a668-10946ff9162c" testListId="8c84fa94-04c1-424b-9868-57a2d4851a1d" />
    <TestEntry testId="c36970dc-93f7-753e-fa47-157133b01644" executionId="587c5bb8-45ea-4145-9c8f-6b9d073045aa" testListId="8c84fa94-04c1-424b-9868-57a2d4851a1d" />
    <TestEntry testId="229812f5-9a73-5335-11f5-31330d1348a5" executionId="776466f3-cc85-4d5f-bd6e-5614f88bf82b" testListId="8c84fa94-04c1-424b-9868-57a2d4851a1d" />
    <TestEntry testId="f44a1b21-8efc-bfac-63b4-d534442def31" executionId="ed86d6a8-1cc8-4260-aa18-9844424a8662" testListId="8c84fa94-04c1-424b-9868-57a2d4851a1d" />
    <TestEntry testId="1473d2e0-e6d9-cabe-e39c-7d9eced3f660" executionId="437adef2-29ae-48b2-ac19-03157abb12eb" testListId="8c84fa94-04c1-424b-9868-57a2d4851a1d" />
    <TestEntry testId="20ad8570-0170-85de-dcd7-2f109dd7bcd6" executionId="3f691ba1-4652-45fa-ad65-2bb604da904e" testListId="8c84fa94-04c1-424b-9868-57a2d4851a1d" />
    <TestEntry testId="2602613f-c8e2-a6d9-fcf7-5b27d4a770a6" executionId="7ba47a41-7225-44f7-bde5-cc8578d6fa7c" testListId="8c84fa94-04c1-424b-9868-57a2d4851a1d" />
    <TestEntry testId="b67506f8-8a46-6292-864b-8a4f916f3b87" executionId="9eaa672d-128a-424f-b02e-6712cf36ffb6" testListId="8c84fa94-04c1-424b-9868-57a2d4851a1d" />
    <TestEntry testId="43843570-85c3-dd5c-f2a1-c0d660ac336e" executionId="f5d40277-cb02-44e1-9168-fad63e97eb54" testListId="8c84fa94-04c1-424b-9868-57a2d4851a1d" />
    <TestEntry testId="69340bb6-3645-f9dd-971e-29d8b2a009bb" executionId="a0cc05b4-98a8-4bcd-a274-e03345524900" testListId="8c84fa94-04c1-424b-9868-57a2d4851a1d" />
    <TestEntry testId="fa960c5e-f989-2880-784e-8efe538c5231" executionId="7d5f2e1f-b70a-420c-b420-f658ed390d20" testListId="8c84fa94-04c1-424b-9868-57a2d4851a1d" />
    <TestEntry testId="06d0bc3a-24a0-fb7f-4277-e9ae6d21c7dd" executionId="577c184f-ade1-424e-a97a-46bec89a97c7" testListId="8c84fa94-04c1-424b-9868-57a2d4851a1d" />
    <TestEntry testId="2d706594-f2b3-b3c8-21d4-86c9798c3306" executionId="cb39ce5e-8081-4d68-bcb2-3402eb671871" testListId="8c84fa94-04c1-424b-9868-57a2d4851a1d" />
    <TestEntry testId="d41a19b1-9ad1-6b92-146d-e7b1a2790095" executionId="4f250200-ebe9-4b33-a866-6c429276b429" testListId="8c84fa94-04c1-424b-9868-57a2d4851a1d" />
    <TestEntry testId="2dbbb721-7f02-8e16-53ea-a0a9ad7f4b2c" executionId="4b7fda1e-048a-4381-a879-744921045260" testListId="8c84fa94-04c1-424b-9868-57a2d4851a1d" />
    <TestEntry testId="8184bd30-991c-b78d-b4ec-99a485eac0dd" executionId="4edda670-0b41-4d15-b69d-14a3e2a4c417" testListId="8c84fa94-04c1-424b-9868-57a2d4851a1d" />
    <TestEntry testId="a19a5fcf-c5d2-7d44-5d7d-84403042f4e0" executionId="9be77569-3f72-41f6-9f0a-1e36f0d71d7f" testListId="8c84fa94-04c1-424b-9868-57a2d4851a1d" />
    <TestEntry testId="492c0393-35b4-df26-a537-21ca08302f3c" executionId="de9854eb-5816-40c1-8b32-7795acf0d395" testListId="8c84fa94-04c1-424b-9868-57a2d4851a1d" />
    <TestEntry testId="2816ab99-162d-2948-1314-c37c2454423a" executionId="639fd50e-f2a0-4076-ab82-5eae259bd9ba" testListId="8c84fa94-04c1-424b-9868-57a2d4851a1d" />
    <TestEntry testId="e5497347-2721-b7a6-0bd4-69a9921f6947" executionId="db1eed60-bbbf-45c7-91c3-8a669615dfd2" testListId="8c84fa94-04c1-424b-9868-57a2d4851a1d" />
    <TestEntry testId="e7b26bb9-d65a-28de-e3c9-df8e7731b40d" executionId="8406d6f3-b23e-45aa-8125-79824c6ab051" testListId="8c84fa94-04c1-424b-9868-57a2d4851a1d" />
    <TestEntry testId="60bd668f-04df-da5e-b79b-5d9aedb5234d" executionId="da999162-cdd4-4919-80d4-93d02e98487d" testListId="8c84fa94-04c1-424b-9868-57a2d4851a1d" />
    <TestEntry testId="2d802d06-7a5b-3f62-0765-abed66ec3087" executionId="b41ef8d7-e4d0-4eb0-8d7b-3e177a540d46" testListId="8c84fa94-04c1-424b-9868-57a2d4851a1d" />
  </TestEntries>
  <TestLists>
    <TestList name="Results Not in a List" id="8c84fa94-04c1-424b-9868-57a2d4851a1d" />
    <TestList name="All Loaded Results" id="19431567-8539-422a-85d7-44ee4e166bda" />
  </TestLists>
  <ResultSummary outcome="Failed">
    <Counters total="47" executed="47" passed="46" failed="1" error="0" timeout="0" aborted="0" inconclusive="0" passedButRunAborted="0" notRunnable="0" notExecuted="0" disconnected="0" warning="0" completed="0" inProgress="0" pending="0" />
    <Output>
      <StdOut>[xUnit.net 00:00:00.00] xUnit.net VSTest Adapter v2.4.5+1caef2f33e (64-bit .NET 6.0.10)
[xUnit.net 00:00:00.87]   Discovering: BL.Tests
[xUnit.net 00:00:01.07]   Discovered:  BL.Tests
[xUnit.net 00:00:01.08]   Starting:    BL.Tests
[xUnit.net 00:00:01.42]       Assert.NotEqual() Failure
[xUnit.net 00:00:01.42]       Expected: Not Lift { LiftID = 176, LiftName = liftName6e2595d4-6566-40ba-94c0-a6d45de4edcb, IsOpen = True, SeatsAmount = 45, LiftingTime = 120, QueueTime = 54, ConnectedSlopes =  }
[xUnit.net 00:00:01.42]       Actual:   Lift { LiftID = 176, LiftName = liftName6e2595d4-6566-40ba-94c0-a6d45de4edcb, IsOpen = True, SeatsAmount = 45, LiftingTime = 120, QueueTime = 54, ConnectedSlopes =  }
[xUnit.net 00:00:01.42]       Stack Trace:
[xUnit.net 00:00:01.42]         /mnt/c/Users/alena/Desktop/7_sem/testing_and_debugging/SkiResort/BL.Tests/LiftsServiceTest.cs(42,0): at BL.Tests.LiftsServiceTest.TestGetLiftInfoAsync(UInt32 userID, Lift lift, Mock`1 checkPermissionServiceMock, Mock`1 liftsRepositoryStub, Mock`1 liftsSlopesRepositoryStub, LiftsService sut)
[xUnit.net 00:00:01.42]            at System.Threading.Tasks.Task.&lt;&gt;c.&lt;ThrowAsync&gt;b__128_0(Object state)
[xUnit.net 00:00:01.48]   Finished:    BL.Tests
</StdOut>
    </Output>
    <RunInfos>
      <RunInfo computerName="DESKTOP-TJ9D65N" outcome="Error" timestamp="2022-11-03T11:11:54.6670117+03:00">
        <Text>[xUnit.net 00:00:01.42]     BL.Tests.LiftsServiceTest.TestGetLiftInfoAsync(userID: 240, lift: Lift { LiftID = 176, LiftName = liftName6e2595d4-6566-40ba-94c0-a6d45de4edcb, IsOpen = True, SeatsAmount = 45, LiftingTime = 120, QueueTime = 54, ConnectedSlopes =  }, checkPermissionServiceMock: Mock&lt;ICheckPermissionService:1&gt;, liftsRepositoryStub: Mock&lt;ILiftsRepository:1&gt;, liftsSlopesRepositoryStub: Mock&lt;ILiftsSlopesRepository:1&gt;, sut: LiftsService { }) [FAIL]</Text>
      </RunInfo>
    </RunInfos>
  </ResultSummary>
</TestRun>