<?xml version="1.0" encoding="utf-8"?>
<TestRun id="f95dfd01-4d92-4fb0-a17c-13b5c06b2195" name="@DESKTOP-TJ9D65N 2022-11-03 10:24:12" xmlns="http://microsoft.com/schemas/VisualStudio/TeamTest/2010">
  <Times creation="2022-11-03T10:24:12.8060820+03:00" queuing="2022-11-03T10:24:12.8060821+03:00" start="2022-11-03T10:24:10.5054427+03:00" finish="2022-11-03T10:24:13.0549463+03:00" />
  <TestSettings name="default" id="3ac3c170-c842-444d-ac45-1ba2b3e020b9">
    <Deployment runDeploymentRoot="_DESKTOP-TJ9D65N_2022-11-03_10_24_12" />
  </TestSettings>
  <Results>
    <UnitTestResult executionId="f0a7dd8e-4599-4112-badd-2429f593f109" testId="1ca07ad8-f799-c5d4-e7cc-34fd950198a2" testName="BL.Tests.UsersServiceTests.TestLogInOk" computerName="DESKTOP-TJ9D65N" duration="00:00:00.0024679" startTime="2022-11-03T10:24:12.8394138+03:00" endTime="2022-11-03T10:24:12.8394139+03:00" testType="13cdc9d9-ddb5-4fa4-a97d-d965ccfc6d4b" outcome="Passed" testListId="8c84fa94-04c1-424b-9868-57a2d4851a1d" relativeResultsDirectory="f0a7dd8e-4599-4112-badd-2429f593f109" />
    <UnitTestResult executionId="1dda43d7-8951-4c2d-943f-95991d6e0cf0" testId="e429852d-a6ed-7c2a-25fd-cd839b159d56" testName="BL.Tests.LiftsSlopesServiceTests.TestGetLiftsSlopesInfoAsync(liftsSlopes: [LiftSlope { RecordID = 236, LiftID = 30, SlopeID = 84 }, LiftSlope { RecordID = 153, LiftID = 29, SlopeID = 53 }, LiftSlope { RecordID = 240, LiftID = 161, SlopeID = 119 }], slopesRepositoryStub: Mock&lt;ISlopesRepository:1&gt;, liftsRepositoryStub: Mock&lt;ILiftsRepository:6&gt;, liftsSlopesRepositoryStub: Mock&lt;ILiftsSlopesRepository:6&gt;)" computerName="DESKTOP-TJ9D65N" duration="00:00:00.0048851" startTime="2022-11-03T10:24:12.7641545+03:00" endTime="2022-11-03T10:24:12.7641545+03:00" testType="13cdc9d9-ddb5-4fa4-a97d-d965ccfc6d4b" outcome="Passed" testListId="8c84fa94-04c1-424b-9868-57a2d4851a1d" relativeResultsDirectory="1dda43d7-8951-4c2d-943f-95991d6e0cf0" />
    <UnitTestResult executionId="8e8971b1-8a1b-4d04-821c-7f6f2e53162f" testId="18fa8c62-e27d-e1fc-8182-4d7db62b008d" testName="BL.Tests.UsersServiceTests.TestAdminDeleteUser" computerName="DESKTOP-TJ9D65N" duration="00:00:00.0024331" startTime="2022-11-03T10:24:12.8995130+03:00" endTime="2022-11-03T10:24:12.8995131+03:00" testType="13cdc9d9-ddb5-4fa4-a97d-d965ccfc6d4b" outcome="Passed" testListId="8c84fa94-04c1-424b-9868-57a2d4851a1d" relativeResultsDirectory="8e8971b1-8a1b-4d04-821c-7f6f2e53162f" />
    <UnitTestResult executionId="736d3a5b-e1ef-443e-8c25-ab79971d527c" testId="d45d577a-b363-beb7-2e6a-8ffbab40b7b7" testName="BL.Tests.SlopesServiceTest.TestGetSlopeInfoAsync(userID: 184, slope: Slope { SlopeID = 126, SlopeName = slopeNamebaca8f65-657e-416a-a8e4-4be620ba89a3, IsOpen = True, DifficultyLevel = 200, ConnectedLifts =  }, checkPermissionServiceMock: Mock&lt;ICheckPermissionService:6&gt;, slopesRepositoryStub: Mock&lt;ISlopesRepository:4&gt;, liftsSlopesRepositoryStub: Mock&lt;ILiftsSlopesRepository:9&gt;, sut: SlopesService { })" computerName="DESKTOP-TJ9D65N" duration="00:00:00.0084070" startTime="2022-11-03T10:24:12.7652896+03:00" endTime="2022-11-03T10:24:12.7652896+03:00" testType="13cdc9d9-ddb5-4fa4-a97d-d965ccfc6d4b" outcome="Passed" testListId="8c84fa94-04c1-424b-9868-57a2d4851a1d" relativeResultsDirectory="736d3a5b-e1ef-443e-8c25-ab79971d527c" />
    <UnitTestResult executionId="e4a58a81-5041-4c08-9020-8853cc9c128b" testId="d348ea4b-487c-e89a-d2b8-b54356f4dabb" testName="BL.Tests.TurnstilesServiceTest.TestAdminGetTurnstileAsync(userID: 54, turnstile: Turnstile { TurnstileID = 81, LiftID = 210, IsOpen = True }, checkPermissionServiceMock: Mock&lt;ICheckPermissionService:12&gt;, turnstilesRepositoryStub: Mock&lt;ITurnstilesRepository:6&gt;, sut: TurnstilesService { })" computerName="DESKTOP-TJ9D65N" duration="00:00:00.0398221" startTime="2022-11-03T10:24:12.6781662+03:00" endTime="2022-11-03T10:24:12.6783535+03:00" testType="13cdc9d9-ddb5-4fa4-a97d-d965ccfc6d4b" outcome="Passed" testListId="8c84fa94-04c1-424b-9868-57a2d4851a1d" relativeResultsDirectory="e4a58a81-5041-4c08-9020-8853cc9c128b" />
    <UnitTestResult executionId="dc1fd031-6ffb-4471-8cda-dc778dc5eb27" testId="492c0393-35b4-df26-a537-21ca08302f3c" testName="BL.Tests.CheckPermissionsServiceTests.SkiPatrolHasNoAccessToAdminFunctions" computerName="DESKTOP-TJ9D65N" duration="00:00:00.0022193" startTime="2022-11-03T10:24:12.9515243+03:00" endTime="2022-11-03T10:24:12.9515247+03:00" testType="13cdc9d9-ddb5-4fa4-a97d-d965ccfc6d4b" outcome="Passed" testListId="8c84fa94-04c1-424b-9868-57a2d4851a1d" relativeResultsDirectory="dc1fd031-6ffb-4471-8cda-dc778dc5eb27" />
    <UnitTestResult executionId="80808b71-aed5-47d8-9688-ca19d7705569" testId="0eeef75f-6e38-7893-a8fe-cff3e0a970a7" testName="BL.Tests.UsersServiceTests.TestRegisterOk" computerName="DESKTOP-TJ9D65N" duration="00:00:00.0078210" startTime="2022-11-03T10:24:12.8266480+03:00" endTime="2022-11-03T10:24:12.8266481+03:00" testType="13cdc9d9-ddb5-4fa4-a97d-d965ccfc6d4b" outcome="Passed" testListId="8c84fa94-04c1-424b-9868-57a2d4851a1d" relativeResultsDirectory="80808b71-aed5-47d8-9688-ca19d7705569" />
    <UnitTestResult executionId="8557f772-c7b8-4928-892d-601d1e2dc535" testId="834c739b-eca4-b36d-6a66-5a1bd75377b8" testName="BL.Tests.UsersServiceTests.TestAdminAddAutoIncrementUser" computerName="DESKTOP-TJ9D65N" duration="00:00:00.0053891" startTime="2022-11-03T10:24:12.8713687+03:00" endTime="2022-11-03T10:24:12.8713688+03:00" testType="13cdc9d9-ddb5-4fa4-a97d-d965ccfc6d4b" outcome="Passed" testListId="8c84fa94-04c1-424b-9868-57a2d4851a1d" relativeResultsDirectory="8557f772-c7b8-4928-892d-601d1e2dc535" />
    <UnitTestResult executionId="aa7851a6-b63a-467c-a4f6-dd139633d6fd" testId="69340bb6-3645-f9dd-971e-29d8b2a009bb" testName="BL.Tests.UsersServiceTests.TestLogInWithWrongPassword" computerName="DESKTOP-TJ9D65N" duration="00:00:00.0018816" startTime="2022-11-03T10:24:12.8506258+03:00" endTime="2022-11-03T10:24:12.8506259+03:00" testType="13cdc9d9-ddb5-4fa4-a97d-d965ccfc6d4b" outcome="Passed" testListId="8c84fa94-04c1-424b-9868-57a2d4851a1d" relativeResultsDirectory="aa7851a6-b63a-467c-a4f6-dd139633d6fd" />
    <UnitTestResult executionId="4685a2ac-9159-40e8-9eb6-73cc839b70bd" testId="c36970dc-93f7-753e-fa47-157133b01644" testName="BL.Tests.CheckPermissionsServiceTests.SkiPatrolHasAccessToAdminSkiPatrolFunctions(functionName: &quot;GetMessagesAsync&quot;)" computerName="DESKTOP-TJ9D65N" duration="00:00:00.0010715" startTime="2022-11-03T10:24:12.8364938+03:00" endTime="2022-11-03T10:24:12.8364939+03:00" testType="13cdc9d9-ddb5-4fa4-a97d-d965ccfc6d4b" outcome="Passed" testListId="8c84fa94-04c1-424b-9868-57a2d4851a1d" relativeResultsDirectory="4685a2ac-9159-40e8-9eb6-73cc839b70bd" />
    <UnitTestResult executionId="265f9aab-4c5a-4a38-9732-5b27f5988dfb" testId="42de0146-5c44-d839-aae5-a6286977837e" testName="BL.Tests.TurnstilesServiceTest.TestAdminGetTurnstilesAsync(userID: 246, initialTurnstiles: [Turnstile { TurnstileID = 134, LiftID = 157, IsOpen = True }, Turnstile { TurnstileID = 103, LiftID = 202, IsOpen = False }, Turnstile { TurnstileID = 69, LiftID = 177, IsOpen = True }], checkPermissionServiceMock: Mock&lt;ICheckPermissionService:13&gt;, turnstilesRepositoryStub: Mock&lt;ITurnstilesRepository:7&gt;, sut: TurnstilesService { })" computerName="DESKTOP-TJ9D65N" duration="00:00:00.0042809" startTime="2022-11-03T10:24:12.7982680+03:00" endTime="2022-11-03T10:24:12.7982680+03:00" testType="13cdc9d9-ddb5-4fa4-a97d-d965ccfc6d4b" outcome="Passed" testListId="8c84fa94-04c1-424b-9868-57a2d4851a1d" relativeResultsDirectory="265f9aab-4c5a-4a38-9732-5b27f5988dfb" />
    <UnitTestResult executionId="eb7da6c8-ce23-4a3e-9c8d-2dbda911cd23" testId="b0d7608f-ff1f-6f67-5a32-03756fb95a76" testName="BL.Tests.SlopesServiceTest.TestAdminDeleteSlopeAsync(userID: 41, slope: Slope { SlopeID = 135, SlopeName = slopeName57776527-5649-454c-be59-e76f521de4f9, IsOpen = True, DifficultyLevel = 103, ConnectedLifts =  }, checkPermissionServiceMock: Mock&lt;ICheckPermissionService:9&gt;, slopesRepositoryStub: Mock&lt;ISlopesRepository:7&gt;, liftsSlopesRepositoryStub: Mock&lt;ILiftsSlopesRepository:12&gt;, sut: SlopesService { })" computerName="DESKTOP-TJ9D65N" duration="00:00:00.0040498" startTime="2022-11-03T10:24:12.8381458+03:00" endTime="2022-11-03T10:24:12.8381459+03:00" testType="13cdc9d9-ddb5-4fa4-a97d-d965ccfc6d4b" outcome="Passed" testListId="8c84fa94-04c1-424b-9868-57a2d4851a1d" relativeResultsDirectory="eb7da6c8-ce23-4a3e-9c8d-2dbda911cd23" />
    <UnitTestResult executionId="0d74f424-4928-47ff-8ee0-554c8e1b34ee" testId="60bd668f-04df-da5e-b79b-5d9aedb5234d" testName="BL.Tests.CheckPermissionsServiceTests.SkiPatrolHasAccessToAdminSkiPatrolFunctions(functionName: &quot;MarkMessageReadByUserAsync&quot;)" computerName="DESKTOP-TJ9D65N" duration="00:00:00.0014231" startTime="2022-11-03T10:24:12.8235892+03:00" endTime="2022-11-03T10:24:12.8235894+03:00" testType="13cdc9d9-ddb5-4fa4-a97d-d965ccfc6d4b" outcome="Passed" testListId="8c84fa94-04c1-424b-9868-57a2d4851a1d" relativeResultsDirectory="0d74f424-4928-47ff-8ee0-554c8e1b34ee" />
    <UnitTestResult executionId="f9058caa-5781-488e-bdd8-4208bcb2b14e" testId="fc6f058b-d123-5f0a-5c9d-6af81614841f" testName="BL.Tests.LiftsSlopesServiceTests.TestAdminAddAutoIncrementLiftSlopeAsync(lift: Lift { LiftID = 215, LiftName = liftName50629705-6ec7-422d-809c-0c623f574d46, IsOpen = True, SeatsAmount = 79, LiftingTime = 153, QueueTime = 145, ConnectedSlopes =  }, slope: Slope { SlopeID = 31, SlopeName = slopeName3332d60d-c7de-4381-906b-952a2124c092, IsOpen = False, DifficultyLevel = 243, ConnectedLifts =  }, slopesRepositoryStub: Mock&lt;ISlopesRepository:3&gt;, liftsRepositoryStub: Mock&lt;ILiftsRepository:8&gt;, liftsSlopesRepositoryStub: Mock&lt;ILiftsSlopesRepository:8&gt;)" computerName="DESKTOP-TJ9D65N" duration="00:00:00.0073600" startTime="2022-11-03T10:24:12.7653014+03:00" endTime="2022-11-03T10:24:12.7653015+03:00" testType="13cdc9d9-ddb5-4fa4-a97d-d965ccfc6d4b" outcome="Passed" testListId="8c84fa94-04c1-424b-9868-57a2d4851a1d" relativeResultsDirectory="f9058caa-5781-488e-bdd8-4208bcb2b14e" />
    <UnitTestResult executionId="ca6a15c5-06df-4236-ba1e-0af31e7b695d" testId="e5497347-2721-b7a6-0bd4-69a9921f6947" testName="BL.Tests.UsersServiceTests.TestAdminGetUserByIDAsync" computerName="DESKTOP-TJ9D65N" duration="00:00:00.0030788" startTime="2022-11-03T10:24:12.8858128+03:00" endTime="2022-11-03T10:24:12.8858129+03:00" testType="13cdc9d9-ddb5-4fa4-a97d-d965ccfc6d4b" outcome="Passed" testListId="8c84fa94-04c1-424b-9868-57a2d4851a1d" relativeResultsDirectory="ca6a15c5-06df-4236-ba1e-0af31e7b695d" />
    <UnitTestResult executionId="a39ee6d5-d3be-4d17-bb95-4dec8bcfbdda" testId="4f297306-d4f3-8d63-e7f4-1ac0b8c58c74" testName="BL.Tests.CheckPermissionsServiceTests.AuthorizedHasNoAccessToAdminSkiPatrolFunctions(functionName: &quot;GetLiftsSlopesInfoAsync&quot;)" computerName="DESKTOP-TJ9D65N" duration="00:00:00.0011301" startTime="2022-11-03T10:24:12.8946933+03:00" endTime="2022-11-03T10:24:12.8946935+03:00" testType="13cdc9d9-ddb5-4fa4-a97d-d965ccfc6d4b" outcome="Passed" testListId="8c84fa94-04c1-424b-9868-57a2d4851a1d" relativeResultsDirectory="a39ee6d5-d3be-4d17-bb95-4dec8bcfbdda" />
    <UnitTestResult executionId="414f8475-2e37-4c45-81ce-1bffe023a75c" testId="387c9729-48c1-486e-5e67-f5d11a9f0db8" testName="BL.Tests.CheckPermissionsServiceTests.UnauthorizedHasNoAccessToAdminSkiPatrolFunctions(functionName: &quot;GetLiftsSlopesInfoAsync&quot;)" computerName="DESKTOP-TJ9D65N" duration="00:00:00.0020456" startTime="2022-11-03T10:24:12.7636832+03:00" endTime="2022-11-03T10:24:12.7636834+03:00" testType="13cdc9d9-ddb5-4fa4-a97d-d965ccfc6d4b" outcome="Passed" testListId="8c84fa94-04c1-424b-9868-57a2d4851a1d" relativeResultsDirectory="414f8475-2e37-4c45-81ce-1bffe023a75c" />
    <UnitTestResult executionId="e5428e70-6d8d-419f-aadc-e3811407b89a" testId="94cf46f1-a44f-0e52-2056-3768fa58ecce" testName="BL.Tests.LiftsSlopesServiceTests.TestAdminDeleteLiftSlopeAsync(lift: Lift { LiftID = 173, LiftName = liftName38bb4580-063e-4e9b-ae1d-9f099bb8e77d, IsOpen = True, SeatsAmount = 77, LiftingTime = 213, QueueTime = 215, ConnectedSlopes =  }, slope: Slope { SlopeID = 230, SlopeName = slopeName2507d020-7a4b-40c6-a35a-3ada61c903f5, IsOpen = False, DifficultyLevel = 3, ConnectedLifts =  }, slopesRepositoryStub: Mock&lt;ISlopesRepository:2&gt;, liftsRepositoryStub: Mock&lt;ILiftsRepository:7&gt;, liftsSlopesRepositoryStub: Mock&lt;ILiftsSlopesRepository:7&gt;)" computerName="DESKTOP-TJ9D65N" duration="00:00:00.0373080" startTime="2022-11-03T10:24:12.6823228+03:00" endTime="2022-11-03T10:24:12.6823229+03:00" testType="13cdc9d9-ddb5-4fa4-a97d-d965ccfc6d4b" outcome="Passed" testListId="8c84fa94-04c1-424b-9868-57a2d4851a1d" relativeResultsDirectory="e5428e70-6d8d-419f-aadc-e3811407b89a" />
    <UnitTestResult executionId="80012721-4233-46ef-89ed-467394b63ee0" testId="894941c1-bfa7-d8f9-c047-1e1ceefe2c2f" testName="BL.Tests.UsersServiceTests.TestRegisterUserWithRepeatedEmail" computerName="DESKTOP-TJ9D65N" duration="00:00:00.0038325" startTime="2022-11-03T10:24:12.7703000+03:00" endTime="2022-11-03T10:24:12.7703003+03:00" testType="13cdc9d9-ddb5-4fa4-a97d-d965ccfc6d4b" outcome="Passed" testListId="8c84fa94-04c1-424b-9868-57a2d4851a1d" relativeResultsDirectory="80012721-4233-46ef-89ed-467394b63ee0" />
    <UnitTestResult executionId="77a3cfac-f680-4784-bc40-76c559ff133e" testId="2120c67c-7d43-c52d-515f-f1ad07739e1a" testName="BL.Tests.TurnstilesServiceTest.TestAdminDeleteTurnstileAsync(userID: 80, turnstile: Turnstile { TurnstileID = 31, LiftID = 234, IsOpen = True }, checkPermissionServiceMock: Mock&lt;ICheckPermissionService:15&gt;, turnstilesRepositoryStub: Mock&lt;ITurnstilesRepository:9&gt;, sut: TurnstilesService { })" computerName="DESKTOP-TJ9D65N" duration="00:00:00.0053258" startTime="2022-11-03T10:24:12.7652367+03:00" endTime="2022-11-03T10:24:12.7652368+03:00" testType="13cdc9d9-ddb5-4fa4-a97d-d965ccfc6d4b" outcome="Passed" testListId="8c84fa94-04c1-424b-9868-57a2d4851a1d" relativeResultsDirectory="77a3cfac-f680-4784-bc40-76c559ff133e" />
    <UnitTestResult executionId="a32f86c6-6b1a-4260-b538-d6c91f556972" testId="20ca29bd-33d9-84a1-2b54-b9f3cea90d46" testName="BL.Tests.TurnstilesServiceTest.TestAdminUpdateTurnstileAsync(userID: 164, turnstile: Turnstile { TurnstileID = 31, LiftID = 236, IsOpen = True }, checkPermissionServiceMock: Mock&lt;ICheckPermissionService:14&gt;, turnstilesRepositoryStub: Mock&lt;ITurnstilesRepository:8&gt;, sut: TurnstilesService { })" computerName="DESKTOP-TJ9D65N" duration="00:00:00.0051418" startTime="2022-11-03T10:24:12.7758065+03:00" endTime="2022-11-03T10:24:12.7758067+03:00" testType="13cdc9d9-ddb5-4fa4-a97d-d965ccfc6d4b" outcome="Passed" testListId="8c84fa94-04c1-424b-9868-57a2d4851a1d" relativeResultsDirectory="a32f86c6-6b1a-4260-b538-d6c91f556972" />
    <UnitTestResult executionId="32307829-3684-4020-a3b3-be83102e1e48" testId="8184bd30-991c-b78d-b4ec-99a485eac0dd" testName="BL.Tests.UsersServiceTests.TestRegisterUserWithNoEmail" computerName="DESKTOP-TJ9D65N" duration="00:00:00.0038325" startTime="2022-11-03T10:24:12.7638754+03:00" endTime="2022-11-03T10:24:12.7638754+03:00" testType="13cdc9d9-ddb5-4fa4-a97d-d965ccfc6d4b" outcome="Passed" testListId="8c84fa94-04c1-424b-9868-57a2d4851a1d" relativeResultsDirectory="32307829-3684-4020-a3b3-be83102e1e48" />
    <UnitTestResult executionId="f755edf9-cdc7-4a10-ba3f-375f2926b0a8" testId="fa960c5e-f989-2880-784e-8efe538c5231" testName="BL.Tests.CheckPermissionsServiceTests.UnauthorizedHasNoAccessToAuthorizedFunctions(functionName: &quot;LogOutAsync&quot;)" computerName="DESKTOP-TJ9D65N" duration="00:00:00.0019789" startTime="2022-11-03T10:24:12.7918006+03:00" endTime="2022-11-03T10:24:12.7918008+03:00" testType="13cdc9d9-ddb5-4fa4-a97d-d965ccfc6d4b" outcome="Passed" testListId="8c84fa94-04c1-424b-9868-57a2d4851a1d" relativeResultsDirectory="f755edf9-cdc7-4a10-ba3f-375f2926b0a8" />
    <UnitTestResult executionId="166881ff-53ac-4127-914d-9cdca3788b09" testId="e0a3edc8-25e2-b584-8e9a-3ade82bc01f5" testName="BL.Tests.LiftsServiceTest.TestGetLiftInfoAsync(userID: 245, lift: Lift { LiftID = 200, LiftName = liftName42c4879d-a828-4bba-a4af-ad59125d569f, IsOpen = True, SeatsAmount = 124, LiftingTime = 228, QueueTime = 111, ConnectedSlopes =  }, checkPermissionServiceMock: Mock&lt;ICheckPermissionService:1&gt;, liftsRepositoryStub: Mock&lt;ILiftsRepository:1&gt;, liftsSlopesRepositoryStub: Mock&lt;ILiftsSlopesRepository:1&gt;, sut: LiftsService { })" computerName="DESKTOP-TJ9D65N" duration="00:00:00.0082802" startTime="2022-11-03T10:24:12.7938155+03:00" endTime="2022-11-03T10:24:12.7938156+03:00" testType="13cdc9d9-ddb5-4fa4-a97d-d965ccfc6d4b" outcome="Passed" testListId="8c84fa94-04c1-424b-9868-57a2d4851a1d" relativeResultsDirectory="166881ff-53ac-4127-914d-9cdca3788b09" />
    <UnitTestResult executionId="f1b61a14-6251-47d9-bf03-ae3d3f1dd505" testId="f44a1b21-8efc-bfac-63b4-d534442def31" testName="BL.Tests.UsersServiceTests.TestRegisterUserWithNoPassword" computerName="DESKTOP-TJ9D65N" duration="00:00:00.0014942" startTime="2022-11-03T10:24:12.7642309+03:00" endTime="2022-11-03T10:24:12.7642309+03:00" testType="13cdc9d9-ddb5-4fa4-a97d-d965ccfc6d4b" outcome="Passed" testListId="8c84fa94-04c1-424b-9868-57a2d4851a1d" relativeResultsDirectory="f1b61a14-6251-47d9-bf03-ae3d3f1dd505" />
    <UnitTestResult executionId="b970afe1-0944-4802-9ce5-0aa54fb0fa89" testId="375a9608-caa6-4e8b-bd6a-0d66bdb637d3" testName="BL.Tests.LiftsServiceTest.TestUpdateLiftInfoAsync(userID: 176, lift: Lift { LiftID = 55, LiftName = liftNamedfb14aa0-a4ef-4726-b245-7722dc3e59b9, IsOpen = True, SeatsAmount = 136, LiftingTime = 5, QueueTime = 10, ConnectedSlopes =  }, checkPermissionServiceMock: Mock&lt;ICheckPermissionService:3&gt;, liftsRepositoryStub: Mock&lt;ILiftsRepository:3&gt;, sut: LiftsService { })" computerName="DESKTOP-TJ9D65N" duration="00:00:00.0079112" startTime="2022-11-03T10:24:12.7641354+03:00" endTime="2022-11-03T10:24:12.7641355+03:00" testType="13cdc9d9-ddb5-4fa4-a97d-d965ccfc6d4b" outcome="Passed" testListId="8c84fa94-04c1-424b-9868-57a2d4851a1d" relativeResultsDirectory="b970afe1-0944-4802-9ce5-0aa54fb0fa89" />
    <UnitTestResult executionId="a329f0fb-b9e7-4690-a97f-ad4b00ad3b77" testId="2d706594-f2b3-b3c8-21d4-86c9798c3306" testName="BL.Tests.CheckPermissionsServiceTests.SkiPatrolHasAccessToAdminSkiPatrolFunctions(functionName: &quot;GetLiftsSlopesInfoAsync&quot;)" computerName="DESKTOP-TJ9D65N" duration="00:00:00.0046378" startTime="2022-11-03T10:24:12.8083457+03:00" endTime="2022-11-03T10:24:12.8083458+03:00" testType="13cdc9d9-ddb5-4fa4-a97d-d965ccfc6d4b" outcome="Passed" testListId="8c84fa94-04c1-424b-9868-57a2d4851a1d" relativeResultsDirectory="a329f0fb-b9e7-4690-a97f-ad4b00ad3b77" />
    <UnitTestResult executionId="2817e657-f7d1-43c9-a5d2-881af0893bf8" testId="0d5d27d7-9f4d-3ba5-a8a8-85abb6853084" testName="BL.Tests.LiftsServiceTest.TestAdminAddAutoIncrementLiftAsync(userID: 22, lift: Lift { LiftID = 202, LiftName = liftName15ae9b93-8476-4b56-9a85-ef457cb97b5c, IsOpen = True, SeatsAmount = 25, LiftingTime = 91, QueueTime = 78, ConnectedSlopes =  }, checkPermissionServiceMock: Mock&lt;ICheckPermissionService:5&gt;, liftsRepositoryStub: Mock&lt;ILiftsRepository:5&gt;, sut: LiftsService { })" computerName="DESKTOP-TJ9D65N" duration="00:00:00.0099145" startTime="2022-11-03T10:24:12.7653160+03:00" endTime="2022-11-03T10:24:12.7653161+03:00" testType="13cdc9d9-ddb5-4fa4-a97d-d965ccfc6d4b" outcome="Passed" testListId="8c84fa94-04c1-424b-9868-57a2d4851a1d" relativeResultsDirectory="2817e657-f7d1-43c9-a5d2-881af0893bf8" />
    <UnitTestResult executionId="70afc203-6939-4560-b148-cf8a10da5e88" testId="dab2f015-9296-d496-c8a5-67a74d7a761b" testName="BL.Tests.SlopesServiceTest.TestUpdateSlopeInfoAsync(userID: 239, slope: Slope { SlopeID = 212, SlopeName = slopeNamed99a2fb0-96d2-415c-bb9f-a57f3b0d6a14, IsOpen = True, DifficultyLevel = 71, ConnectedLifts =  }, checkPermissionServiceMock: Mock&lt;ICheckPermissionService:8&gt;, slopesRepositoryStub: Mock&lt;ISlopesRepository:6&gt;, sut: SlopesService { })" computerName="DESKTOP-TJ9D65N" duration="00:00:00.0059205" startTime="2022-11-03T10:24:12.8214358+03:00" endTime="2022-11-03T10:24:12.8214359+03:00" testType="13cdc9d9-ddb5-4fa4-a97d-d965ccfc6d4b" outcome="Passed" testListId="8c84fa94-04c1-424b-9868-57a2d4851a1d" relativeResultsDirectory="70afc203-6939-4560-b148-cf8a10da5e88" />
    <UnitTestResult executionId="55b138c1-bb16-4073-b6e6-075dc01a4053" testId="eaabd2fc-2f4b-5689-59c8-c7ad34a8f634" testName="BL.Tests.CheckPermissionsServiceTests.UnauthorizedHasNoAccessToAuthorizedFunctions(functionName: &quot;SendMessageAsync&quot;)" computerName="DESKTOP-TJ9D65N" duration="00:00:00.0034072" startTime="2022-11-03T10:24:12.7669415+03:00" endTime="2022-11-03T10:24:12.7669419+03:00" testType="13cdc9d9-ddb5-4fa4-a97d-d965ccfc6d4b" outcome="Passed" testListId="8c84fa94-04c1-424b-9868-57a2d4851a1d" relativeResultsDirectory="55b138c1-bb16-4073-b6e6-075dc01a4053" />
    <UnitTestResult executionId="c9600478-64ec-4c40-a1c4-d72d86da95e5" testId="e2d7e5be-3dae-33ae-fb17-c704b6fd58d6" testName="BL.Tests.CheckPermissionsServiceTests.UnauthorizedHasNoAccessToAdminFunctions" computerName="DESKTOP-TJ9D65N" duration="00:00:00.0021650" startTime="2022-11-03T10:24:12.9367285+03:00" endTime="2022-11-03T10:24:12.9367287+03:00" testType="13cdc9d9-ddb5-4fa4-a97d-d965ccfc6d4b" outcome="Passed" testListId="8c84fa94-04c1-424b-9868-57a2d4851a1d" relativeResultsDirectory="c9600478-64ec-4c40-a1c4-d72d86da95e5" />
    <UnitTestResult executionId="162a50f9-a3f5-4f73-b46c-889661ffca1c" testId="6187be85-d959-1319-9a94-d921657aba35" testName="BL.Tests.SlopesServiceTest.TestAdminAddAutoIncrementSlopeAsync(userID: 148, slope: Slope { SlopeID = 80, SlopeName = slopeName890df404-c9d0-4144-a728-b1b7d4192934, IsOpen = True, DifficultyLevel = 31, ConnectedLifts =  }, checkPermissionServiceMock: Mock&lt;ICheckPermissionService:10&gt;, slopesRepositoryStub: Mock&lt;ISlopesRepository:8&gt;, sut: SlopesService { })" computerName="DESKTOP-TJ9D65N" duration="00:00:00.0398758" startTime="2022-11-03T10:24:12.6823663+03:00" endTime="2022-11-03T10:24:12.6823664+03:00" testType="13cdc9d9-ddb5-4fa4-a97d-d965ccfc6d4b" outcome="Passed" testListId="8c84fa94-04c1-424b-9868-57a2d4851a1d" relativeResultsDirectory="162a50f9-a3f5-4f73-b46c-889661ffca1c" />
    <UnitTestResult executionId="f99770cd-4279-4952-9ba5-bde7569aeee7" testId="e4d01ae4-8568-e5c1-65e4-96f652a33930" testName="BL.Tests.TurnstilesServiceTest.TestAdminAddAutoIncrementTurnstileAsync(userID: 171, turnstile: Turnstile { TurnstileID = 103, LiftID = 247, IsOpen = True }, checkPermissionServiceMock: Mock&lt;ICheckPermissionService:16&gt;, turnstilesRepositoryStub: Mock&lt;ITurnstilesRepository:10&gt;, sut: TurnstilesService { })" computerName="DESKTOP-TJ9D65N" duration="00:00:00.0063244" startTime="2022-11-03T10:24:12.7641046+03:00" endTime="2022-11-03T10:24:12.7641047+03:00" testType="13cdc9d9-ddb5-4fa4-a97d-d965ccfc6d4b" outcome="Passed" testListId="8c84fa94-04c1-424b-9868-57a2d4851a1d" relativeResultsDirectory="f99770cd-4279-4952-9ba5-bde7569aeee7" />
    <UnitTestResult executionId="1490f958-2b44-44e0-81e4-1d79767c2b33" testId="9c7df5e2-1b23-ebea-889f-b78ca86b60ab" testName="BL.Tests.CheckPermissionsServiceTests.AuthorizedHasNoAccessToAdminSkiPatrolFunctions(functionName: &quot;MarkMessageReadByUserAsync&quot;)" computerName="DESKTOP-TJ9D65N" duration="00:00:00.0011358" startTime="2022-11-03T10:24:12.8803020+03:00" endTime="2022-11-03T10:24:12.8803021+03:00" testType="13cdc9d9-ddb5-4fa4-a97d-d965ccfc6d4b" outcome="Passed" testListId="8c84fa94-04c1-424b-9868-57a2d4851a1d" relativeResultsDirectory="1490f958-2b44-44e0-81e4-1d79767c2b33" />
    <UnitTestResult executionId="4decab7f-a922-4bdd-b576-563dea57d7c0" testId="a2e59116-cb53-1d70-9cb8-21c286516866" testName="BL.Tests.CheckPermissionsServiceTests.AuthorizedHasNoAccessToAdminFunctions" computerName="DESKTOP-TJ9D65N" duration="00:00:00.0029218" startTime="2022-11-03T10:24:12.8493103+03:00" endTime="2022-11-03T10:24:12.8493105+03:00" testType="13cdc9d9-ddb5-4fa4-a97d-d965ccfc6d4b" outcome="Passed" testListId="8c84fa94-04c1-424b-9868-57a2d4851a1d" relativeResultsDirectory="4decab7f-a922-4bdd-b576-563dea57d7c0" />
    <UnitTestResult executionId="81a95883-cadb-4fb5-aec9-74260ed249b0" testId="06d0bc3a-24a0-fb7f-4277-e9ae6d21c7dd" testName="BL.Tests.UsersServiceTests.TestAdminUpdateUser" computerName="DESKTOP-TJ9D65N" duration="00:00:00.0076305" startTime="2022-11-03T10:24:12.7993833+03:00" endTime="2022-11-03T10:24:12.7993835+03:00" testType="13cdc9d9-ddb5-4fa4-a97d-d965ccfc6d4b" outcome="Passed" testListId="8c84fa94-04c1-424b-9868-57a2d4851a1d" relativeResultsDirectory="81a95883-cadb-4fb5-aec9-74260ed249b0" />
    <UnitTestResult executionId="365d3ffa-cd5a-4140-b9d6-62c5ed29f783" testId="22a5c0ee-2c0c-9ccd-80b1-46488290cadc" testName="BL.Tests.SlopesServiceTest.TestAdminAddSlopeAsync(userID: 194, slope: Slope { SlopeID = 245, SlopeName = slopeName2efc62ff-0d04-4a5a-a7b0-f8cbb31d3093, IsOpen = True, DifficultyLevel = 195, ConnectedLifts =  }, checkPermissionServiceMock: Mock&lt;ICheckPermissionService:11&gt;, slopesRepositoryStub: Mock&lt;ISlopesRepository:9&gt;, sut: SlopesService { })" computerName="DESKTOP-TJ9D65N" duration="00:00:00.0051558" startTime="2022-11-03T10:24:12.7641236+03:00" endTime="2022-11-03T10:24:12.7641236+03:00" testType="13cdc9d9-ddb5-4fa4-a97d-d965ccfc6d4b" outcome="Passed" testListId="8c84fa94-04c1-424b-9868-57a2d4851a1d" relativeResultsDirectory="365d3ffa-cd5a-4140-b9d6-62c5ed29f783" />
    <UnitTestResult executionId="7dbbd0c6-3b7f-49be-bd06-eb1f89c1a785" testId="a19a5fcf-c5d2-7d44-5d7d-84403042f4e0" testName="BL.Tests.CheckPermissionsServiceTests.UnauthorizedHasNoAccessToAdminSkiPatrolFunctions(functionName: &quot;MarkMessageReadByUserAsync&quot;)" computerName="DESKTOP-TJ9D65N" duration="00:00:00.0372823" startTime="2022-11-03T10:24:12.6823781+03:00" endTime="2022-11-03T10:24:12.6823781+03:00" testType="13cdc9d9-ddb5-4fa4-a97d-d965ccfc6d4b" outcome="Passed" testListId="8c84fa94-04c1-424b-9868-57a2d4851a1d" relativeResultsDirectory="7dbbd0c6-3b7f-49be-bd06-eb1f89c1a785" />
    <UnitTestResult executionId="921fde75-b99c-4e0e-bced-193fce4f40a8" testId="d9fcdcdd-f981-63c9-29f5-2d77decc7b2d" testName="BL.Tests.LiftsServiceTest.TestAdminDeleteLiftAsync(userID: 166, lift: Lift { LiftID = 238, LiftName = liftName4cd3e7ae-bfe6-43b5-bbed-46d206d243c9, IsOpen = True, SeatsAmount = 103, LiftingTime = 210, QueueTime = 197, ConnectedSlopes =  }, checkPermissionServiceMock: Mock&lt;ICheckPermissionService:4&gt;, liftsRepositoryStub: Mock&lt;ILiftsRepository:4&gt;, liftsSlopesRepositoryStub: Mock&lt;ILiftsSlopesRepository:4&gt;, sut: LiftsService { })" computerName="DESKTOP-TJ9D65N" duration="00:00:00.0585171" startTime="2022-11-03T10:24:12.6939178+03:00" endTime="2022-11-03T10:24:12.6939180+03:00" testType="13cdc9d9-ddb5-4fa4-a97d-d965ccfc6d4b" outcome="Passed" testListId="8c84fa94-04c1-424b-9868-57a2d4851a1d" relativeResultsDirectory="921fde75-b99c-4e0e-bced-193fce4f40a8" />
    <UnitTestResult executionId="cf96a4e1-9f0f-4e37-af6e-392d40ba3390" testId="229812f5-9a73-5335-11f5-31330d1348a5" testName="BL.Tests.CheckPermissionsServiceTests.UnauthorizedHasNoAccessToAdminSkiPatrolFunctions(functionName: &quot;GetMessagesAsync&quot;)" computerName="DESKTOP-TJ9D65N" duration="00:00:00.0015280" startTime="2022-11-03T10:24:12.7641829+03:00" endTime="2022-11-03T10:24:12.7641830+03:00" testType="13cdc9d9-ddb5-4fa4-a97d-d965ccfc6d4b" outcome="Passed" testListId="8c84fa94-04c1-424b-9868-57a2d4851a1d" relativeResultsDirectory="cf96a4e1-9f0f-4e37-af6e-392d40ba3390" />
    <UnitTestResult executionId="37eef207-aba3-4981-81ed-c9b067e5524c" testId="f3efc418-a8a6-c7b7-9bac-90b33aa8472f" testName="BL.Tests.CheckPermissionsServiceTests.AdminHasAccessToAllFunctions" computerName="DESKTOP-TJ9D65N" duration="00:00:00.0018151" startTime="2022-11-03T10:24:12.9659644+03:00" endTime="2022-11-03T10:24:12.9659645+03:00" testType="13cdc9d9-ddb5-4fa4-a97d-d965ccfc6d4b" outcome="Passed" testListId="8c84fa94-04c1-424b-9868-57a2d4851a1d" relativeResultsDirectory="37eef207-aba3-4981-81ed-c9b067e5524c" />
    <UnitTestResult executionId="fac4d678-0534-45ec-a3b2-e72786078c34" testId="e16ce7a7-32c5-55fd-c3a2-ca76d790e352" testName="BL.Tests.LiftsServiceTest.TestGetLiftsInfoAsync(userID: 180, initialLifts: [Lift { LiftID = 66, LiftName = liftNamee6daeff1-3d3d-417e-bdcb-2ea5dd3ec777, IsOpen = True, SeatsAmount = 114, LiftingTime = 202, QueueTime = 234, ConnectedSlopes =  }, Lift { LiftID = 108, LiftName = liftName0b212916-1e4d-4732-8d74-784c3cd1e8d3, IsOpen = False, SeatsAmount = 60, LiftingTime = 242, QueueTime = 10, ConnectedSlopes =  }, Lift { LiftID = 43, LiftName = liftName58bcb589-bdfb-4162-a980-6d13187060c1, IsOpen = True, SeatsAmount = 158, LiftingTime = 173, QueueTime = 189, ConnectedSlopes =  }], checkPermissionServiceMock: Mock&lt;ICheckPermissionService:2&gt;, liftsRepositoryStub: Mock&lt;ILiftsRepository:2&gt;, liftsSlopesRepositoryStub: Mock&lt;ILiftsSlopesRepository:2&gt;, sut: LiftsService { })" computerName="DESKTOP-TJ9D65N" duration="00:00:00.0091340" startTime="2022-11-03T10:24:12.8204401+03:00" endTime="2022-11-03T10:24:12.8204403+03:00" testType="13cdc9d9-ddb5-4fa4-a97d-d965ccfc6d4b" outcome="Passed" testListId="8c84fa94-04c1-424b-9868-57a2d4851a1d" relativeResultsDirectory="fac4d678-0534-45ec-a3b2-e72786078c34" />
    <UnitTestResult executionId="575beaff-0aca-4398-8003-b95ea2ad2817" testId="aa28a6b3-21d3-aa45-24d3-bef2facbc899" testName="BL.Tests.CheckPermissionsServiceTests.AuthorizedHasAccessToAuthorizedFunctions(functionName: &quot;LogOutAsync&quot;)" computerName="DESKTOP-TJ9D65N" duration="00:00:00.0010357" startTime="2022-11-03T10:24:12.9219875+03:00" endTime="2022-11-03T10:24:12.9219880+03:00" testType="13cdc9d9-ddb5-4fa4-a97d-d965ccfc6d4b" outcome="Passed" testListId="8c84fa94-04c1-424b-9868-57a2d4851a1d" relativeResultsDirectory="575beaff-0aca-4398-8003-b95ea2ad2817" />
    <UnitTestResult executionId="54d3e0d9-103f-4a77-a67c-0574ea45c955" testId="2602613f-c8e2-a6d9-fcf7-5b27d4a770a6" testName="BL.Tests.CheckPermissionsServiceTests.AuthorizedHasNoAccessToAdminSkiPatrolFunctions(functionName: &quot;GetMessagesAsync&quot;)" computerName="DESKTOP-TJ9D65N" duration="00:00:00.0075136" startTime="2022-11-03T10:24:12.8671208+03:00" endTime="2022-11-03T10:24:12.8671209+03:00" testType="13cdc9d9-ddb5-4fa4-a97d-d965ccfc6d4b" outcome="Passed" testListId="8c84fa94-04c1-424b-9868-57a2d4851a1d" relativeResultsDirectory="54d3e0d9-103f-4a77-a67c-0574ea45c955" />
    <UnitTestResult executionId="9d38f0b0-6bf0-476b-8eba-5b51b1b82efc" testId="644ec43e-70cd-c82d-42e7-0d990be1414d" testName="BL.Tests.CheckPermissionsServiceTests.AuthorizedHasAccessToAuthorizedFunctions(functionName: &quot;SendMessageAsync&quot;)" computerName="DESKTOP-TJ9D65N" duration="00:00:00.0017407" startTime="2022-11-03T10:24:12.9088967+03:00" endTime="2022-11-03T10:24:12.9088968+03:00" testType="13cdc9d9-ddb5-4fa4-a97d-d965ccfc6d4b" outcome="Passed" testListId="8c84fa94-04c1-424b-9868-57a2d4851a1d" relativeResultsDirectory="9d38f0b0-6bf0-476b-8eba-5b51b1b82efc" />
    <UnitTestResult executionId="7a7cd06b-7880-4976-9af4-7494ec050ddd" testId="e11ba8f0-3b6a-d8f4-e19f-c8dc120fd9fd" testName="BL.Tests.SlopesServiceTest.TestGetSlopesInfoAsync(userID: 8, initialSlopes: [Slope { SlopeID = 168, SlopeName = slopeName5e880c2d-ced8-49ac-8f31-bbed2588d45d, IsOpen = True, DifficultyLevel = 75, ConnectedLifts =  }, Slope { SlopeID = 131, SlopeName = slopeNamebe37cc16-08d5-4745-aee6-1749e341fd40, IsOpen = False, DifficultyLevel = 211, ConnectedLifts =  }, Slope { SlopeID = 56, SlopeName = slopeName649e68ba-5956-4210-88c6-cdf1b2a3f503, IsOpen = True, DifficultyLevel = 117, ConnectedLifts =  }], checkPermissionServiceMock: Mock&lt;ICheckPermissionService:7&gt;, slopesRepositoryStub: Mock&lt;ISlopesRepository:5&gt;, liftsSlopesRepositoryStub: Mock&lt;ILiftsSlopesRepository:10&gt;, sut: SlopesService { })" computerName="DESKTOP-TJ9D65N" duration="00:00:00.0188815" startTime="2022-11-03T10:24:12.7981856+03:00" endTime="2022-11-03T10:24:12.7981858+03:00" testType="13cdc9d9-ddb5-4fa4-a97d-d965ccfc6d4b" outcome="Passed" testListId="8c84fa94-04c1-424b-9868-57a2d4851a1d" relativeResultsDirectory="7a7cd06b-7880-4976-9af4-7494ec050ddd" />
    <UnitTestResult executionId="e315ccf5-f3ac-420b-a7a0-195fa1fe3a9f" testId="20ad8570-0170-85de-dcd7-2f109dd7bcd6" testName="BL.Tests.UsersServiceTests.TestAdminGetUsers" computerName="DESKTOP-TJ9D65N" duration="00:00:00.0442333" startTime="2022-11-03T10:24:12.6824278+03:00" endTime="2022-11-03T10:24:12.6824278+03:00" testType="13cdc9d9-ddb5-4fa4-a97d-d965ccfc6d4b" outcome="Passed" testListId="8c84fa94-04c1-424b-9868-57a2d4851a1d" relativeResultsDirectory="e315ccf5-f3ac-420b-a7a0-195fa1fe3a9f" />
  </Results>
  <TestDefinitions>
    <UnitTest name="BL.Tests.SlopesServiceTest.TestAdminAddSlopeAsync(userID: 194, slope: Slope { SlopeID = 245, SlopeName = slopeName2efc62ff-0d04-4a5a-a7b0-f8cbb31d3093, IsOpen = True, DifficultyLevel = 195, ConnectedLifts =  }, checkPermissionServiceMock: Mock&lt;ICheckPermissionService:11&gt;, slopesRepositoryStub: Mock&lt;ISlopesRepository:9&gt;, sut: SlopesService { })" storage="/mnt/c/users/alena/desktop/7_sem/testing_and_debugging/skiresort/bl.tests/bin/debug/net6.0/bl.tests.dll" id="22a5c0ee-2c0c-9ccd-80b1-46488290cadc">
      <Execution id="365d3ffa-cd5a-4140-b9d6-62c5ed29f783" />
      <TestMethod codeBase="/mnt/c/Users/alena/Desktop/7_sem/testing_and_debugging/SkiResort/BL.Tests/bin/Debug/net6.0/BL.Tests.dll" adapterTypeName="executor://xunit/VsTestRunner2/netcoreapp" className="BL.Tests.SlopesServiceTest" name="TestAdminAddSlopeAsync" />
    </UnitTest>
    <UnitTest name="BL.Tests.TurnstilesServiceTest.TestAdminAddAutoIncrementTurnstileAsync(userID: 171, turnstile: Turnstile { TurnstileID = 103, LiftID = 247, IsOpen = True }, checkPermissionServiceMock: Mock&lt;ICheckPermissionService:16&gt;, turnstilesRepositoryStub: Mock&lt;ITurnstilesRepository:10&gt;, sut: TurnstilesService { })" storage="/mnt/c/users/alena/desktop/7_sem/testing_and_debugging/skiresort/bl.tests/bin/debug/net6.0/bl.tests.dll" id="e4d01ae4-8568-e5c1-65e4-96f652a33930">
      <Execution id="f99770cd-4279-4952-9ba5-bde7569aeee7" />
      <TestMethod codeBase="/mnt/c/Users/alena/Desktop/7_sem/testing_and_debugging/SkiResort/BL.Tests/bin/Debug/net6.0/BL.Tests.dll" adapterTypeName="executor://xunit/VsTestRunner2/netcoreapp" className="BL.Tests.TurnstilesServiceTest" name="TestAdminAddAutoIncrementTurnstileAsync" />
    </UnitTest>
    <UnitTest name="BL.Tests.CheckPermissionsServiceTests.AuthorizedHasNoAccessToAdminSkiPatrolFunctions(functionName: &quot;MarkMessageReadByUserAsync&quot;)" storage="/mnt/c/users/alena/desktop/7_sem/testing_and_debugging/skiresort/bl.tests/bin/debug/net6.0/bl.tests.dll" id="9c7df5e2-1b23-ebea-889f-b78ca86b60ab">
      <Execution id="1490f958-2b44-44e0-81e4-1d79767c2b33" />
      <TestMethod codeBase="/mnt/c/Users/alena/Desktop/7_sem/testing_and_debugging/SkiResort/BL.Tests/bin/Debug/net6.0/BL.Tests.dll" adapterTypeName="executor://xunit/VsTestRunner2/netcoreapp" className="BL.Tests.CheckPermissionsServiceTests" name="AuthorizedHasNoAccessToAdminSkiPatrolFunctions" />
    </UnitTest>
    <UnitTest name="BL.Tests.CheckPermissionsServiceTests.UnauthorizedHasNoAccessToAdminSkiPatrolFunctions(functionName: &quot;MarkMessageReadByUserAsync&quot;)" storage="/mnt/c/users/alena/desktop/7_sem/testing_and_debugging/skiresort/bl.tests/bin/debug/net6.0/bl.tests.dll" id="a19a5fcf-c5d2-7d44-5d7d-84403042f4e0">
      <Execution id="7dbbd0c6-3b7f-49be-bd06-eb1f89c1a785" />
      <TestMethod codeBase="/mnt/c/Users/alena/Desktop/7_sem/testing_and_debugging/SkiResort/BL.Tests/bin/Debug/net6.0/BL.Tests.dll" adapterTypeName="executor://xunit/VsTestRunner2/netcoreapp" className="BL.Tests.CheckPermissionsServiceTests" name="UnauthorizedHasNoAccessToAdminSkiPatrolFunctions" />
    </UnitTest>
    <UnitTest name="BL.Tests.LiftsServiceTest.TestUpdateLiftInfoAsync(userID: 176, lift: Lift { LiftID = 55, LiftName = liftNamedfb14aa0-a4ef-4726-b245-7722dc3e59b9, IsOpen = True, SeatsAmount = 136, LiftingTime = 5, QueueTime = 10, ConnectedSlopes =  }, checkPermissionServiceMock: Mock&lt;ICheckPermissionService:3&gt;, liftsRepositoryStub: Mock&lt;ILiftsRepository:3&gt;, sut: LiftsService { })" storage="/mnt/c/users/alena/desktop/7_sem/testing_and_debugging/skiresort/bl.tests/bin/debug/net6.0/bl.tests.dll" id="375a9608-caa6-4e8b-bd6a-0d66bdb637d3">
      <Execution id="b970afe1-0944-4802-9ce5-0aa54fb0fa89" />
      <TestMethod codeBase="/mnt/c/Users/alena/Desktop/7_sem/testing_and_debugging/SkiResort/BL.Tests/bin/Debug/net6.0/BL.Tests.dll" adapterTypeName="executor://xunit/VsTestRunner2/netcoreapp" className="BL.Tests.LiftsServiceTest" name="TestUpdateLiftInfoAsync" />
    </UnitTest>
    <UnitTest name="BL.Tests.SlopesServiceTest.TestGetSlopeInfoAsync(userID: 184, slope: Slope { SlopeID = 126, SlopeName = slopeNamebaca8f65-657e-416a-a8e4-4be620ba89a3, IsOpen = True, DifficultyLevel = 200, ConnectedLifts =  }, checkPermissionServiceMock: Mock&lt;ICheckPermissionService:6&gt;, slopesRepositoryStub: Mock&lt;ISlopesRepository:4&gt;, liftsSlopesRepositoryStub: Mock&lt;ILiftsSlopesRepository:9&gt;, sut: SlopesService { })" storage="/mnt/c/users/alena/desktop/7_sem/testing_and_debugging/skiresort/bl.tests/bin/debug/net6.0/bl.tests.dll" id="d45d577a-b363-beb7-2e6a-8ffbab40b7b7">
      <Execution id="736d3a5b-e1ef-443e-8c25-ab79971d527c" />
      <TestMethod codeBase="/mnt/c/Users/alena/Desktop/7_sem/testing_and_debugging/SkiResort/BL.Tests/bin/Debug/net6.0/BL.Tests.dll" adapterTypeName="executor://xunit/VsTestRunner2/netcoreapp" className="BL.Tests.SlopesServiceTest" name="TestGetSlopeInfoAsync" />
    </UnitTest>
    <UnitTest name="BL.Tests.CheckPermissionsServiceTests.AuthorizedHasNoAccessToAdminSkiPatrolFunctions(functionName: &quot;GetMessagesAsync&quot;)" storage="/mnt/c/users/alena/desktop/7_sem/testing_and_debugging/skiresort/bl.tests/bin/debug/net6.0/bl.tests.dll" id="2602613f-c8e2-a6d9-fcf7-5b27d4a770a6">
      <Execution id="54d3e0d9-103f-4a77-a67c-0574ea45c955" />
      <TestMethod codeBase="/mnt/c/Users/alena/Desktop/7_sem/testing_and_debugging/SkiResort/BL.Tests/bin/Debug/net6.0/BL.Tests.dll" adapterTypeName="executor://xunit/VsTestRunner2/netcoreapp" className="BL.Tests.CheckPermissionsServiceTests" name="AuthorizedHasNoAccessToAdminSkiPatrolFunctions" />
    </UnitTest>
    <UnitTest name="BL.Tests.CheckPermissionsServiceTests.AuthorizedHasNoAccessToAdminFunctions" storage="/mnt/c/users/alena/desktop/7_sem/testing_and_debugging/skiresort/bl.tests/bin/debug/net6.0/bl.tests.dll" id="a2e59116-cb53-1d70-9cb8-21c286516866">
      <Execution id="4decab7f-a922-4bdd-b576-563dea57d7c0" />
      <TestMethod codeBase="/mnt/c/Users/alena/Desktop/7_sem/testing_and_debugging/SkiResort/BL.Tests/bin/Debug/net6.0/BL.Tests.dll" adapterTypeName="executor://xunit/VsTestRunner2/netcoreapp" className="BL.Tests.CheckPermissionsServiceTests" name="AuthorizedHasNoAccessToAdminFunctions" />
    </UnitTest>
    <UnitTest name="BL.Tests.CheckPermissionsServiceTests.SkiPatrolHasAccessToAdminSkiPatrolFunctions(functionName: &quot;GetMessagesAsync&quot;)" storage="/mnt/c/users/alena/desktop/7_sem/testing_and_debugging/skiresort/bl.tests/bin/debug/net6.0/bl.tests.dll" id="c36970dc-93f7-753e-fa47-157133b01644">
      <Execution id="4685a2ac-9159-40e8-9eb6-73cc839b70bd" />
      <TestMethod codeBase="/mnt/c/Users/alena/Desktop/7_sem/testing_and_debugging/SkiResort/BL.Tests/bin/Debug/net6.0/BL.Tests.dll" adapterTypeName="executor://xunit/VsTestRunner2/netcoreapp" className="BL.Tests.CheckPermissionsServiceTests" name="SkiPatrolHasAccessToAdminSkiPatrolFunctions" />
    </UnitTest>
    <UnitTest name="BL.Tests.CheckPermissionsServiceTests.AdminHasAccessToAllFunctions" storage="/mnt/c/users/alena/desktop/7_sem/testing_and_debugging/skiresort/bl.tests/bin/debug/net6.0/bl.tests.dll" id="f3efc418-a8a6-c7b7-9bac-90b33aa8472f">
      <Execution id="37eef207-aba3-4981-81ed-c9b067e5524c" />
      <TestMethod codeBase="/mnt/c/Users/alena/Desktop/7_sem/testing_and_debugging/SkiResort/BL.Tests/bin/Debug/net6.0/BL.Tests.dll" adapterTypeName="executor://xunit/VsTestRunner2/netcoreapp" className="BL.Tests.CheckPermissionsServiceTests" name="AdminHasAccessToAllFunctions" />
    </UnitTest>
    <UnitTest name="BL.Tests.LiftsSlopesServiceTests.TestAdminDeleteLiftSlopeAsync(lift: Lift { LiftID = 173, LiftName = liftName38bb4580-063e-4e9b-ae1d-9f099bb8e77d, IsOpen = True, SeatsAmount = 77, LiftingTime = 213, QueueTime = 215, ConnectedSlopes =  }, slope: Slope { SlopeID = 230, SlopeName = slopeName2507d020-7a4b-40c6-a35a-3ada61c903f5, IsOpen = False, DifficultyLevel = 3, ConnectedLifts =  }, slopesRepositoryStub: Mock&lt;ISlopesRepository:2&gt;, liftsRepos..." storage="/mnt/c/users/alena/desktop/7_sem/testing_and_debugging/skiresort/bl.tests/bin/debug/net6.0/bl.tests.dll" id="94cf46f1-a44f-0e52-2056-3768fa58ecce">
      <Execution id="e5428e70-6d8d-419f-aadc-e3811407b89a" />
      <TestMethod codeBase="/mnt/c/Users/alena/Desktop/7_sem/testing_and_debugging/SkiResort/BL.Tests/bin/Debug/net6.0/BL.Tests.dll" adapterTypeName="executor://xunit/VsTestRunner2/netcoreapp" className="BL.Tests.LiftsSlopesServiceTests" name="TestAdminDeleteLiftSlopeAsync" />
    </UnitTest>
    <UnitTest name="BL.Tests.UsersServiceTests.TestRegisterUserWithNoPassword" storage="/mnt/c/users/alena/desktop/7_sem/testing_and_debugging/skiresort/bl.tests/bin/debug/net6.0/bl.tests.dll" id="f44a1b21-8efc-bfac-63b4-d534442def31">
      <Execution id="f1b61a14-6251-47d9-bf03-ae3d3f1dd505" />
      <TestMethod codeBase="/mnt/c/Users/alena/Desktop/7_sem/testing_and_debugging/SkiResort/BL.Tests/bin/Debug/net6.0/BL.Tests.dll" adapterTypeName="executor://xunit/VsTestRunner2/netcoreapp" className="BL.Tests.UsersServiceTests" name="TestRegisterUserWithNoPassword" />
    </UnitTest>
    <UnitTest name="BL.Tests.UsersServiceTests.TestAdminGetUserByIDAsync" storage="/mnt/c/users/alena/desktop/7_sem/testing_and_debugging/skiresort/bl.tests/bin/debug/net6.0/bl.tests.dll" id="e5497347-2721-b7a6-0bd4-69a9921f6947">
      <Execution id="ca6a15c5-06df-4236-ba1e-0af31e7b695d" />
      <TestMethod codeBase="/mnt/c/Users/alena/Desktop/7_sem/testing_and_debugging/SkiResort/BL.Tests/bin/Debug/net6.0/BL.Tests.dll" adapterTypeName="executor://xunit/VsTestRunner2/netcoreapp" className="BL.Tests.UsersServiceTests" name="TestAdminGetUserByIDAsync" />
    </UnitTest>
    <UnitTest name="BL.Tests.LiftsServiceTest.TestAdminDeleteLiftAsync(userID: 166, lift: Lift { LiftID = 238, LiftName = liftName4cd3e7ae-bfe6-43b5-bbed-46d206d243c9, IsOpen = True, SeatsAmount = 103, LiftingTime = 210, QueueTime = 197, ConnectedSlopes =  }, checkPermissionServiceMock: Mock&lt;ICheckPermissionService:4&gt;, liftsRepositoryStub: Mock&lt;ILiftsRepository:4&gt;, liftsSlopesRepositoryStub: Mock&lt;ILiftsSlopesRepository:4&gt;, sut: LiftsService { })" storage="/mnt/c/users/alena/desktop/7_sem/testing_and_debugging/skiresort/bl.tests/bin/debug/net6.0/bl.tests.dll" id="d9fcdcdd-f981-63c9-29f5-2d77decc7b2d">
      <Execution id="921fde75-b99c-4e0e-bced-193fce4f40a8" />
      <TestMethod codeBase="/mnt/c/Users/alena/Desktop/7_sem/testing_and_debugging/SkiResort/BL.Tests/bin/Debug/net6.0/BL.Tests.dll" adapterTypeName="executor://xunit/VsTestRunner2/netcoreapp" className="BL.Tests.LiftsServiceTest" name="TestAdminDeleteLiftAsync" />
    </UnitTest>
    <UnitTest name="BL.Tests.SlopesServiceTest.TestUpdateSlopeInfoAsync(userID: 239, slope: Slope { SlopeID = 212, SlopeName = slopeNamed99a2fb0-96d2-415c-bb9f-a57f3b0d6a14, IsOpen = True, DifficultyLevel = 71, ConnectedLifts =  }, checkPermissionServiceMock: Mock&lt;ICheckPermissionService:8&gt;, slopesRepositoryStub: Mock&lt;ISlopesRepository:6&gt;, sut: SlopesService { })" storage="/mnt/c/users/alena/desktop/7_sem/testing_and_debugging/skiresort/bl.tests/bin/debug/net6.0/bl.tests.dll" id="dab2f015-9296-d496-c8a5-67a74d7a761b">
      <Execution id="70afc203-6939-4560-b148-cf8a10da5e88" />
      <TestMethod codeBase="/mnt/c/Users/alena/Desktop/7_sem/testing_and_debugging/SkiResort/BL.Tests/bin/Debug/net6.0/BL.Tests.dll" adapterTypeName="executor://xunit/VsTestRunner2/netcoreapp" className="BL.Tests.SlopesServiceTest" name="TestUpdateSlopeInfoAsync" />
    </UnitTest>
    <UnitTest name="BL.Tests.LiftsServiceTest.TestAdminAddAutoIncrementLiftAsync(userID: 22, lift: Lift { LiftID = 202, LiftName = liftName15ae9b93-8476-4b56-9a85-ef457cb97b5c, IsOpen = True, SeatsAmount = 25, LiftingTime = 91, QueueTime = 78, ConnectedSlopes =  }, checkPermissionServiceMock: Mock&lt;ICheckPermissionService:5&gt;, liftsRepositoryStub: Mock&lt;ILiftsRepository:5&gt;, sut: LiftsService { })" storage="/mnt/c/users/alena/desktop/7_sem/testing_and_debugging/skiresort/bl.tests/bin/debug/net6.0/bl.tests.dll" id="0d5d27d7-9f4d-3ba5-a8a8-85abb6853084">
      <Execution id="2817e657-f7d1-43c9-a5d2-881af0893bf8" />
      <TestMethod codeBase="/mnt/c/Users/alena/Desktop/7_sem/testing_and_debugging/SkiResort/BL.Tests/bin/Debug/net6.0/BL.Tests.dll" adapterTypeName="executor://xunit/VsTestRunner2/netcoreapp" className="BL.Tests.LiftsServiceTest" name="TestAdminAddAutoIncrementLiftAsync" />
    </UnitTest>
    <UnitTest name="BL.Tests.UsersServiceTests.TestAdminAddAutoIncrementUser" storage="/mnt/c/users/alena/desktop/7_sem/testing_and_debugging/skiresort/bl.tests/bin/debug/net6.0/bl.tests.dll" id="834c739b-eca4-b36d-6a66-5a1bd75377b8">
      <Execution id="8557f772-c7b8-4928-892d-601d1e2dc535" />
      <TestMethod codeBase="/mnt/c/Users/alena/Desktop/7_sem/testing_and_debugging/SkiResort/BL.Tests/bin/Debug/net6.0/BL.Tests.dll" adapterTypeName="executor://xunit/VsTestRunner2/netcoreapp" className="BL.Tests.UsersServiceTests" name="TestAdminAddAutoIncrementUser" />
    </UnitTest>
    <UnitTest name="BL.Tests.TurnstilesServiceTest.TestAdminUpdateTurnstileAsync(userID: 164, turnstile: Turnstile { TurnstileID = 31, LiftID = 236, IsOpen = True }, checkPermissionServiceMock: Mock&lt;ICheckPermissionService:14&gt;, turnstilesRepositoryStub: Mock&lt;ITurnstilesRepository:8&gt;, sut: TurnstilesService { })" storage="/mnt/c/users/alena/desktop/7_sem/testing_and_debugging/skiresort/bl.tests/bin/debug/net6.0/bl.tests.dll" id="20ca29bd-33d9-84a1-2b54-b9f3cea90d46">
      <Execution id="a32f86c6-6b1a-4260-b538-d6c91f556972" />
      <TestMethod codeBase="/mnt/c/Users/alena/Desktop/7_sem/testing_and_debugging/SkiResort/BL.Tests/bin/Debug/net6.0/BL.Tests.dll" adapterTypeName="executor://xunit/VsTestRunner2/netcoreapp" className="BL.Tests.TurnstilesServiceTest" name="TestAdminUpdateTurnstileAsync" />
    </UnitTest>
    <UnitTest name="BL.Tests.CheckPermissionsServiceTests.UnauthorizedHasNoAccessToAdminSkiPatrolFunctions(functionName: &quot;GetLiftsSlopesInfoAsync&quot;)" storage="/mnt/c/users/alena/desktop/7_sem/testing_and_debugging/skiresort/bl.tests/bin/debug/net6.0/bl.tests.dll" id="387c9729-48c1-486e-5e67-f5d11a9f0db8">
      <Execution id="414f8475-2e37-4c45-81ce-1bffe023a75c" />
      <TestMethod codeBase="/mnt/c/Users/alena/Desktop/7_sem/testing_and_debugging/SkiResort/BL.Tests/bin/Debug/net6.0/BL.Tests.dll" adapterTypeName="executor://xunit/VsTestRunner2/netcoreapp" className="BL.Tests.CheckPermissionsServiceTests" name="UnauthorizedHasNoAccessToAdminSkiPatrolFunctions" />
    </UnitTest>
    <UnitTest name="BL.Tests.CheckPermissionsServiceTests.SkiPatrolHasAccessToAdminSkiPatrolFunctions(functionName: &quot;MarkMessageReadByUserAsync&quot;)" storage="/mnt/c/users/alena/desktop/7_sem/testing_and_debugging/skiresort/bl.tests/bin/debug/net6.0/bl.tests.dll" id="60bd668f-04df-da5e-b79b-5d9aedb5234d">
      <Execution id="0d74f424-4928-47ff-8ee0-554c8e1b34ee" />
      <TestMethod codeBase="/mnt/c/Users/alena/Desktop/7_sem/testing_and_debugging/SkiResort/BL.Tests/bin/Debug/net6.0/BL.Tests.dll" adapterTypeName="executor://xunit/VsTestRunner2/netcoreapp" className="BL.Tests.CheckPermissionsServiceTests" name="SkiPatrolHasAccessToAdminSkiPatrolFunctions" />
    </UnitTest>
    <UnitTest name="BL.Tests.CheckPermissionsServiceTests.UnauthorizedHasNoAccessToAdminFunctions" storage="/mnt/c/users/alena/desktop/7_sem/testing_and_debugging/skiresort/bl.tests/bin/debug/net6.0/bl.tests.dll" id="e2d7e5be-3dae-33ae-fb17-c704b6fd58d6">
      <Execution id="c9600478-64ec-4c40-a1c4-d72d86da95e5" />
      <TestMethod codeBase="/mnt/c/Users/alena/Desktop/7_sem/testing_and_debugging/SkiResort/BL.Tests/bin/Debug/net6.0/BL.Tests.dll" adapterTypeName="executor://xunit/VsTestRunner2/netcoreapp" className="BL.Tests.CheckPermissionsServiceTests" name="UnauthorizedHasNoAccessToAdminFunctions" />
    </UnitTest>
    <UnitTest name="BL.Tests.UsersServiceTests.TestLogInWithWrongPassword" storage="/mnt/c/users/alena/desktop/7_sem/testing_and_debugging/skiresort/bl.tests/bin/debug/net6.0/bl.tests.dll" id="69340bb6-3645-f9dd-971e-29d8b2a009bb">
      <Execution id="aa7851a6-b63a-467c-a4f6-dd139633d6fd" />
      <TestMethod codeBase="/mnt/c/Users/alena/Desktop/7_sem/testing_and_debugging/SkiResort/BL.Tests/bin/Debug/net6.0/BL.Tests.dll" adapterTypeName="executor://xunit/VsTestRunner2/netcoreapp" className="BL.Tests.UsersServiceTests" name="TestLogInWithWrongPassword" />
    </UnitTest>
    <UnitTest name="BL.Tests.SlopesServiceTest.TestAdminDeleteSlopeAsync(userID: 41, slope: Slope { SlopeID = 135, SlopeName = slopeName57776527-5649-454c-be59-e76f521de4f9, IsOpen = True, DifficultyLevel = 103, ConnectedLifts =  }, checkPermissionServiceMock: Mock&lt;ICheckPermissionService:9&gt;, slopesRepositoryStub: Mock&lt;ISlopesRepository:7&gt;, liftsSlopesRepositoryStub: Mock&lt;ILiftsSlopesRepository:12&gt;, sut: SlopesService { })" storage="/mnt/c/users/alena/desktop/7_sem/testing_and_debugging/skiresort/bl.tests/bin/debug/net6.0/bl.tests.dll" id="b0d7608f-ff1f-6f67-5a32-03756fb95a76">
      <Execution id="eb7da6c8-ce23-4a3e-9c8d-2dbda911cd23" />
      <TestMethod codeBase="/mnt/c/Users/alena/Desktop/7_sem/testing_and_debugging/SkiResort/BL.Tests/bin/Debug/net6.0/BL.Tests.dll" adapterTypeName="executor://xunit/VsTestRunner2/netcoreapp" className="BL.Tests.SlopesServiceTest" name="TestAdminDeleteSlopeAsync" />
    </UnitTest>
    <UnitTest name="BL.Tests.CheckPermissionsServiceTests.SkiPatrolHasAccessToAdminSkiPatrolFunctions(functionName: &quot;GetLiftsSlopesInfoAsync&quot;)" storage="/mnt/c/users/alena/desktop/7_sem/testing_and_debugging/skiresort/bl.tests/bin/debug/net6.0/bl.tests.dll" id="2d706594-f2b3-b3c8-21d4-86c9798c3306">
      <Execution id="a329f0fb-b9e7-4690-a97f-ad4b00ad3b77" />
      <TestMethod codeBase="/mnt/c/Users/alena/Desktop/7_sem/testing_and_debugging/SkiResort/BL.Tests/bin/Debug/net6.0/BL.Tests.dll" adapterTypeName="executor://xunit/VsTestRunner2/netcoreapp" className="BL.Tests.CheckPermissionsServiceTests" name="SkiPatrolHasAccessToAdminSkiPatrolFunctions" />
    </UnitTest>
    <UnitTest name="BL.Tests.CheckPermissionsServiceTests.SkiPatrolHasNoAccessToAdminFunctions" storage="/mnt/c/users/alena/desktop/7_sem/testing_and_debugging/skiresort/bl.tests/bin/debug/net6.0/bl.tests.dll" id="492c0393-35b4-df26-a537-21ca08302f3c">
      <Execution id="dc1fd031-6ffb-4471-8cda-dc778dc5eb27" />
      <TestMethod codeBase="/mnt/c/Users/alena/Desktop/7_sem/testing_and_debugging/SkiResort/BL.Tests/bin/Debug/net6.0/BL.Tests.dll" adapterTypeName="executor://xunit/VsTestRunner2/netcoreapp" className="BL.Tests.CheckPermissionsServiceTests" name="SkiPatrolHasNoAccessToAdminFunctions" />
    </UnitTest>
    <UnitTest name="BL.Tests.UsersServiceTests.TestAdminDeleteUser" storage="/mnt/c/users/alena/desktop/7_sem/testing_and_debugging/skiresort/bl.tests/bin/debug/net6.0/bl.tests.dll" id="18fa8c62-e27d-e1fc-8182-4d7db62b008d">
      <Execution id="8e8971b1-8a1b-4d04-821c-7f6f2e53162f" />
      <TestMethod codeBase="/mnt/c/Users/alena/Desktop/7_sem/testing_and_debugging/SkiResort/BL.Tests/bin/Debug/net6.0/BL.Tests.dll" adapterTypeName="executor://xunit/VsTestRunner2/netcoreapp" className="BL.Tests.UsersServiceTests" name="TestAdminDeleteUser" />
    </UnitTest>
    <UnitTest name="BL.Tests.SlopesServiceTest.TestGetSlopesInfoAsync(userID: 8, initialSlopes: [Slope { SlopeID = 168, SlopeName = slopeName5e880c2d-ced8-49ac-8f31-bbed2588d45d, IsOpen = True, DifficultyLevel = 75, ConnectedLifts =  }, Slope { SlopeID = 131, SlopeName = slopeNamebe37cc16-08d5-4745-aee6-1749e341fd40, IsOpen = False, DifficultyLevel = 211, ConnectedLifts =  }, Slope { SlopeID = 56, SlopeName = slopeName649e68ba-5956-4210-88c6-cdf1b2a3f503, IsOp..." storage="/mnt/c/users/alena/desktop/7_sem/testing_and_debugging/skiresort/bl.tests/bin/debug/net6.0/bl.tests.dll" id="e11ba8f0-3b6a-d8f4-e19f-c8dc120fd9fd">
      <Execution id="7a7cd06b-7880-4976-9af4-7494ec050ddd" />
      <TestMethod codeBase="/mnt/c/Users/alena/Desktop/7_sem/testing_and_debugging/SkiResort/BL.Tests/bin/Debug/net6.0/BL.Tests.dll" adapterTypeName="executor://xunit/VsTestRunner2/netcoreapp" className="BL.Tests.SlopesServiceTest" name="TestGetSlopesInfoAsync" />
    </UnitTest>
    <UnitTest name="BL.Tests.CheckPermissionsServiceTests.AuthorizedHasAccessToAuthorizedFunctions(functionName: &quot;LogOutAsync&quot;)" storage="/mnt/c/users/alena/desktop/7_sem/testing_and_debugging/skiresort/bl.tests/bin/debug/net6.0/bl.tests.dll" id="aa28a6b3-21d3-aa45-24d3-bef2facbc899">
      <Execution id="575beaff-0aca-4398-8003-b95ea2ad2817" />
      <TestMethod codeBase="/mnt/c/Users/alena/Desktop/7_sem/testing_and_debugging/SkiResort/BL.Tests/bin/Debug/net6.0/BL.Tests.dll" adapterTypeName="executor://xunit/VsTestRunner2/netcoreapp" className="BL.Tests.CheckPermissionsServiceTests" name="AuthorizedHasAccessToAuthorizedFunctions" />
    </UnitTest>
    <UnitTest name="BL.Tests.TurnstilesServiceTest.TestAdminDeleteTurnstileAsync(userID: 80, turnstile: Turnstile { TurnstileID = 31, LiftID = 234, IsOpen = True }, checkPermissionServiceMock: Mock&lt;ICheckPermissionService:15&gt;, turnstilesRepositoryStub: Mock&lt;ITurnstilesRepository:9&gt;, sut: TurnstilesService { })" storage="/mnt/c/users/alena/desktop/7_sem/testing_and_debugging/skiresort/bl.tests/bin/debug/net6.0/bl.tests.dll" id="2120c67c-7d43-c52d-515f-f1ad07739e1a">
      <Execution id="77a3cfac-f680-4784-bc40-76c559ff133e" />
      <TestMethod codeBase="/mnt/c/Users/alena/Desktop/7_sem/testing_and_debugging/SkiResort/BL.Tests/bin/Debug/net6.0/BL.Tests.dll" adapterTypeName="executor://xunit/VsTestRunner2/netcoreapp" className="BL.Tests.TurnstilesServiceTest" name="TestAdminDeleteTurnstileAsync" />
    </UnitTest>
    <UnitTest name="BL.Tests.LiftsSlopesServiceTests.TestAdminAddAutoIncrementLiftSlopeAsync(lift: Lift { LiftID = 215, LiftName = liftName50629705-6ec7-422d-809c-0c623f574d46, IsOpen = True, SeatsAmount = 79, LiftingTime = 153, QueueTime = 145, ConnectedSlopes =  }, slope: Slope { SlopeID = 31, SlopeName = slopeName3332d60d-c7de-4381-906b-952a2124c092, IsOpen = False, DifficultyLevel = 243, ConnectedLifts =  }, slopesRepositoryStub: Mock&lt;ISlopesRepository:3&gt;,..." storage="/mnt/c/users/alena/desktop/7_sem/testing_and_debugging/skiresort/bl.tests/bin/debug/net6.0/bl.tests.dll" id="fc6f058b-d123-5f0a-5c9d-6af81614841f">
      <Execution id="f9058caa-5781-488e-bdd8-4208bcb2b14e" />
      <TestMethod codeBase="/mnt/c/Users/alena/Desktop/7_sem/testing_and_debugging/SkiResort/BL.Tests/bin/Debug/net6.0/BL.Tests.dll" adapterTypeName="executor://xunit/VsTestRunner2/netcoreapp" className="BL.Tests.LiftsSlopesServiceTests" name="TestAdminAddAutoIncrementLiftSlopeAsync" />
    </UnitTest>
    <UnitTest name="BL.Tests.UsersServiceTests.TestAdminUpdateUser" storage="/mnt/c/users/alena/desktop/7_sem/testing_and_debugging/skiresort/bl.tests/bin/debug/net6.0/bl.tests.dll" id="06d0bc3a-24a0-fb7f-4277-e9ae6d21c7dd">
      <Execution id="81a95883-cadb-4fb5-aec9-74260ed249b0" />
      <TestMethod codeBase="/mnt/c/Users/alena/Desktop/7_sem/testing_and_debugging/SkiResort/BL.Tests/bin/Debug/net6.0/BL.Tests.dll" adapterTypeName="executor://xunit/VsTestRunner2/netcoreapp" className="BL.Tests.UsersServiceTests" name="TestAdminUpdateUser" />
    </UnitTest>
    <UnitTest name="BL.Tests.LiftsServiceTest.TestGetLiftInfoAsync(userID: 245, lift: Lift { LiftID = 200, LiftName = liftName42c4879d-a828-4bba-a4af-ad59125d569f, IsOpen = True, SeatsAmount = 124, LiftingTime = 228, QueueTime = 111, ConnectedSlopes =  }, checkPermissionServiceMock: Mock&lt;ICheckPermissionService:1&gt;, liftsRepositoryStub: Mock&lt;ILiftsRepository:1&gt;, liftsSlopesRepositoryStub: Mock&lt;ILiftsSlopesRepository:1&gt;, sut: LiftsService { })" storage="/mnt/c/users/alena/desktop/7_sem/testing_and_debugging/skiresort/bl.tests/bin/debug/net6.0/bl.tests.dll" id="e0a3edc8-25e2-b584-8e9a-3ade82bc01f5">
      <Execution id="166881ff-53ac-4127-914d-9cdca3788b09" />
      <TestMethod codeBase="/mnt/c/Users/alena/Desktop/7_sem/testing_and_debugging/SkiResort/BL.Tests/bin/Debug/net6.0/BL.Tests.dll" adapterTypeName="executor://xunit/VsTestRunner2/netcoreapp" className="BL.Tests.LiftsServiceTest" name="TestGetLiftInfoAsync" />
    </UnitTest>
    <UnitTest name="BL.Tests.UsersServiceTests.TestLogInOk" storage="/mnt/c/users/alena/desktop/7_sem/testing_and_debugging/skiresort/bl.tests/bin/debug/net6.0/bl.tests.dll" id="1ca07ad8-f799-c5d4-e7cc-34fd950198a2">
      <Execution id="f0a7dd8e-4599-4112-badd-2429f593f109" />
      <TestMethod codeBase="/mnt/c/Users/alena/Desktop/7_sem/testing_and_debugging/SkiResort/BL.Tests/bin/Debug/net6.0/BL.Tests.dll" adapterTypeName="executor://xunit/VsTestRunner2/netcoreapp" className="BL.Tests.UsersServiceTests" name="TestLogInOk" />
    </UnitTest>
    <UnitTest name="BL.Tests.UsersServiceTests.TestAdminGetUsers" storage="/mnt/c/users/alena/desktop/7_sem/testing_and_debugging/skiresort/bl.tests/bin/debug/net6.0/bl.tests.dll" id="20ad8570-0170-85de-dcd7-2f109dd7bcd6">
      <Execution id="e315ccf5-f3ac-420b-a7a0-195fa1fe3a9f" />
      <TestMethod codeBase="/mnt/c/Users/alena/Desktop/7_sem/testing_and_debugging/SkiResort/BL.Tests/bin/Debug/net6.0/BL.Tests.dll" adapterTypeName="executor://xunit/VsTestRunner2/netcoreapp" className="BL.Tests.UsersServiceTests" name="TestAdminGetUsers" />
    </UnitTest>
    <UnitTest name="BL.Tests.SlopesServiceTest.TestAdminAddAutoIncrementSlopeAsync(userID: 148, slope: Slope { SlopeID = 80, SlopeName = slopeName890df404-c9d0-4144-a728-b1b7d4192934, IsOpen = True, DifficultyLevel = 31, ConnectedLifts =  }, checkPermissionServiceMock: Mock&lt;ICheckPermissionService:10&gt;, slopesRepositoryStub: Mock&lt;ISlopesRepository:8&gt;, sut: SlopesService { })" storage="/mnt/c/users/alena/desktop/7_sem/testing_and_debugging/skiresort/bl.tests/bin/debug/net6.0/bl.tests.dll" id="6187be85-d959-1319-9a94-d921657aba35">
      <Execution id="162a50f9-a3f5-4f73-b46c-889661ffca1c" />
      <TestMethod codeBase="/mnt/c/Users/alena/Desktop/7_sem/testing_and_debugging/SkiResort/BL.Tests/bin/Debug/net6.0/BL.Tests.dll" adapterTypeName="executor://xunit/VsTestRunner2/netcoreapp" className="BL.Tests.SlopesServiceTest" name="TestAdminAddAutoIncrementSlopeAsync" />
    </UnitTest>
    <UnitTest name="BL.Tests.CheckPermissionsServiceTests.UnauthorizedHasNoAccessToAdminSkiPatrolFunctions(functionName: &quot;GetMessagesAsync&quot;)" storage="/mnt/c/users/alena/desktop/7_sem/testing_and_debugging/skiresort/bl.tests/bin/debug/net6.0/bl.tests.dll" id="229812f5-9a73-5335-11f5-31330d1348a5">
      <Execution id="cf96a4e1-9f0f-4e37-af6e-392d40ba3390" />
      <TestMethod codeBase="/mnt/c/Users/alena/Desktop/7_sem/testing_and_debugging/SkiResort/BL.Tests/bin/Debug/net6.0/BL.Tests.dll" adapterTypeName="executor://xunit/VsTestRunner2/netcoreapp" className="BL.Tests.CheckPermissionsServiceTests" name="UnauthorizedHasNoAccessToAdminSkiPatrolFunctions" />
    </UnitTest>
    <UnitTest name="BL.Tests.CheckPermissionsServiceTests.AuthorizedHasNoAccessToAdminSkiPatrolFunctions(functionName: &quot;GetLiftsSlopesInfoAsync&quot;)" storage="/mnt/c/users/alena/desktop/7_sem/testing_and_debugging/skiresort/bl.tests/bin/debug/net6.0/bl.tests.dll" id="4f297306-d4f3-8d63-e7f4-1ac0b8c58c74">
      <Execution id="a39ee6d5-d3be-4d17-bb95-4dec8bcfbdda" />
      <TestMethod codeBase="/mnt/c/Users/alena/Desktop/7_sem/testing_and_debugging/SkiResort/BL.Tests/bin/Debug/net6.0/BL.Tests.dll" adapterTypeName="executor://xunit/VsTestRunner2/netcoreapp" className="BL.Tests.CheckPermissionsServiceTests" name="AuthorizedHasNoAccessToAdminSkiPatrolFunctions" />
    </UnitTest>
    <UnitTest name="BL.Tests.LiftsServiceTest.TestGetLiftsInfoAsync(userID: 180, initialLifts: [Lift { LiftID = 66, LiftName = liftNamee6daeff1-3d3d-417e-bdcb-2ea5dd3ec777, IsOpen = True, SeatsAmount = 114, LiftingTime = 202, QueueTime = 234, ConnectedSlopes =  }, Lift { LiftID = 108, LiftName = liftName0b212916-1e4d-4732-8d74-784c3cd1e8d3, IsOpen = False, SeatsAmount = 60, LiftingTime = 242, QueueTime = 10, ConnectedSlopes =  }, Lift { LiftID = 43, LiftName =..." storage="/mnt/c/users/alena/desktop/7_sem/testing_and_debugging/skiresort/bl.tests/bin/debug/net6.0/bl.tests.dll" id="e16ce7a7-32c5-55fd-c3a2-ca76d790e352">
      <Execution id="fac4d678-0534-45ec-a3b2-e72786078c34" />
      <TestMethod codeBase="/mnt/c/Users/alena/Desktop/7_sem/testing_and_debugging/SkiResort/BL.Tests/bin/Debug/net6.0/BL.Tests.dll" adapterTypeName="executor://xunit/VsTestRunner2/netcoreapp" className="BL.Tests.LiftsServiceTest" name="TestGetLiftsInfoAsync" />
    </UnitTest>
    <UnitTest name="BL.Tests.LiftsSlopesServiceTests.TestGetLiftsSlopesInfoAsync(liftsSlopes: [LiftSlope { RecordID = 236, LiftID = 30, SlopeID = 84 }, LiftSlope { RecordID = 153, LiftID = 29, SlopeID = 53 }, LiftSlope { RecordID = 240, LiftID = 161, SlopeID = 119 }], slopesRepositoryStub: Mock&lt;ISlopesRepository:1&gt;, liftsRepositoryStub: Mock&lt;ILiftsRepository:6&gt;, liftsSlopesRepositoryStub: Mock&lt;ILiftsSlopesRepository:6&gt;)" storage="/mnt/c/users/alena/desktop/7_sem/testing_and_debugging/skiresort/bl.tests/bin/debug/net6.0/bl.tests.dll" id="e429852d-a6ed-7c2a-25fd-cd839b159d56">
      <Execution id="1dda43d7-8951-4c2d-943f-95991d6e0cf0" />
      <TestMethod codeBase="/mnt/c/Users/alena/Desktop/7_sem/testing_and_debugging/SkiResort/BL.Tests/bin/Debug/net6.0/BL.Tests.dll" adapterTypeName="executor://xunit/VsTestRunner2/netcoreapp" className="BL.Tests.LiftsSlopesServiceTests" name="TestGetLiftsSlopesInfoAsync" />
    </UnitTest>
    <UnitTest name="BL.Tests.UsersServiceTests.TestRegisterOk" storage="/mnt/c/users/alena/desktop/7_sem/testing_and_debugging/skiresort/bl.tests/bin/debug/net6.0/bl.tests.dll" id="0eeef75f-6e38-7893-a8fe-cff3e0a970a7">
      <Execution id="80808b71-aed5-47d8-9688-ca19d7705569" />
      <TestMethod codeBase="/mnt/c/Users/alena/Desktop/7_sem/testing_and_debugging/SkiResort/BL.Tests/bin/Debug/net6.0/BL.Tests.dll" adapterTypeName="executor://xunit/VsTestRunner2/netcoreapp" className="BL.Tests.UsersServiceTests" name="TestRegisterOk" />
    </UnitTest>
    <UnitTest name="BL.Tests.CheckPermissionsServiceTests.AuthorizedHasAccessToAuthorizedFunctions(functionName: &quot;SendMessageAsync&quot;)" storage="/mnt/c/users/alena/desktop/7_sem/testing_and_debugging/skiresort/bl.tests/bin/debug/net6.0/bl.tests.dll" id="644ec43e-70cd-c82d-42e7-0d990be1414d">
      <Execution id="9d38f0b0-6bf0-476b-8eba-5b51b1b82efc" />
      <TestMethod codeBase="/mnt/c/Users/alena/Desktop/7_sem/testing_and_debugging/SkiResort/BL.Tests/bin/Debug/net6.0/BL.Tests.dll" adapterTypeName="executor://xunit/VsTestRunner2/netcoreapp" className="BL.Tests.CheckPermissionsServiceTests" name="AuthorizedHasAccessToAuthorizedFunctions" />
    </UnitTest>
    <UnitTest name="BL.Tests.CheckPermissionsServiceTests.UnauthorizedHasNoAccessToAuthorizedFunctions(functionName: &quot;LogOutAsync&quot;)" storage="/mnt/c/users/alena/desktop/7_sem/testing_and_debugging/skiresort/bl.tests/bin/debug/net6.0/bl.tests.dll" id="fa960c5e-f989-2880-784e-8efe538c5231">
      <Execution id="f755edf9-cdc7-4a10-ba3f-375f2926b0a8" />
      <TestMethod codeBase="/mnt/c/Users/alena/Desktop/7_sem/testing_and_debugging/SkiResort/BL.Tests/bin/Debug/net6.0/BL.Tests.dll" adapterTypeName="executor://xunit/VsTestRunner2/netcoreapp" className="BL.Tests.CheckPermissionsServiceTests" name="UnauthorizedHasNoAccessToAuthorizedFunctions" />
    </UnitTest>
    <UnitTest name="BL.Tests.CheckPermissionsServiceTests.UnauthorizedHasNoAccessToAuthorizedFunctions(functionName: &quot;SendMessageAsync&quot;)" storage="/mnt/c/users/alena/desktop/7_sem/testing_and_debugging/skiresort/bl.tests/bin/debug/net6.0/bl.tests.dll" id="eaabd2fc-2f4b-5689-59c8-c7ad34a8f634">
      <Execution id="55b138c1-bb16-4073-b6e6-075dc01a4053" />
      <TestMethod codeBase="/mnt/c/Users/alena/Desktop/7_sem/testing_and_debugging/SkiResort/BL.Tests/bin/Debug/net6.0/BL.Tests.dll" adapterTypeName="executor://xunit/VsTestRunner2/netcoreapp" className="BL.Tests.CheckPermissionsServiceTests" name="UnauthorizedHasNoAccessToAuthorizedFunctions" />
    </UnitTest>
    <UnitTest name="BL.Tests.UsersServiceTests.TestRegisterUserWithRepeatedEmail" storage="/mnt/c/users/alena/desktop/7_sem/testing_and_debugging/skiresort/bl.tests/bin/debug/net6.0/bl.tests.dll" id="894941c1-bfa7-d8f9-c047-1e1ceefe2c2f">
      <Execution id="80012721-4233-46ef-89ed-467394b63ee0" />
      <TestMethod codeBase="/mnt/c/Users/alena/Desktop/7_sem/testing_and_debugging/SkiResort/BL.Tests/bin/Debug/net6.0/BL.Tests.dll" adapterTypeName="executor://xunit/VsTestRunner2/netcoreapp" className="BL.Tests.UsersServiceTests" name="TestRegisterUserWithRepeatedEmail" />
    </UnitTest>
    <UnitTest name="BL.Tests.TurnstilesServiceTest.TestAdminGetTurnstilesAsync(userID: 246, initialTurnstiles: [Turnstile { TurnstileID = 134, LiftID = 157, IsOpen = True }, Turnstile { TurnstileID = 103, LiftID = 202, IsOpen = False }, Turnstile { TurnstileID = 69, LiftID = 177, IsOpen = True }], checkPermissionServiceMock: Mock&lt;ICheckPermissionService:13&gt;, turnstilesRepositoryStub: Mock&lt;ITurnstilesRepository:7&gt;, sut: TurnstilesService { })" storage="/mnt/c/users/alena/desktop/7_sem/testing_and_debugging/skiresort/bl.tests/bin/debug/net6.0/bl.tests.dll" id="42de0146-5c44-d839-aae5-a6286977837e">
      <Execution id="265f9aab-4c5a-4a38-9732-5b27f5988dfb" />
      <TestMethod codeBase="/mnt/c/Users/alena/Desktop/7_sem/testing_and_debugging/SkiResort/BL.Tests/bin/Debug/net6.0/BL.Tests.dll" adapterTypeName="executor://xunit/VsTestRunner2/netcoreapp" className="BL.Tests.TurnstilesServiceTest" name="TestAdminGetTurnstilesAsync" />
    </UnitTest>
    <UnitTest name="BL.Tests.UsersServiceTests.TestRegisterUserWithNoEmail" storage="/mnt/c/users/alena/desktop/7_sem/testing_and_debugging/skiresort/bl.tests/bin/debug/net6.0/bl.tests.dll" id="8184bd30-991c-b78d-b4ec-99a485eac0dd">
      <Execution id="32307829-3684-4020-a3b3-be83102e1e48" />
      <TestMethod codeBase="/mnt/c/Users/alena/Desktop/7_sem/testing_and_debugging/SkiResort/BL.Tests/bin/Debug/net6.0/BL.Tests.dll" adapterTypeName="executor://xunit/VsTestRunner2/netcoreapp" className="BL.Tests.UsersServiceTests" name="TestRegisterUserWithNoEmail" />
    </UnitTest>
    <UnitTest name="BL.Tests.TurnstilesServiceTest.TestAdminGetTurnstileAsync(userID: 54, turnstile: Turnstile { TurnstileID = 81, LiftID = 210, IsOpen = True }, checkPermissionServiceMock: Mock&lt;ICheckPermissionService:12&gt;, turnstilesRepositoryStub: Mock&lt;ITurnstilesRepository:6&gt;, sut: TurnstilesService { })" storage="/mnt/c/users/alena/desktop/7_sem/testing_and_debugging/skiresort/bl.tests/bin/debug/net6.0/bl.tests.dll" id="d348ea4b-487c-e89a-d2b8-b54356f4dabb">
      <Execution id="e4a58a81-5041-4c08-9020-8853cc9c128b" />
      <TestMethod codeBase="/mnt/c/Users/alena/Desktop/7_sem/testing_and_debugging/SkiResort/BL.Tests/bin/Debug/net6.0/BL.Tests.dll" adapterTypeName="executor://xunit/VsTestRunner2/netcoreapp" className="BL.Tests.TurnstilesServiceTest" name="TestAdminGetTurnstileAsync" />
    </UnitTest>
  </TestDefinitions>
  <TestEntries>
    <TestEntry testId="1ca07ad8-f799-c5d4-e7cc-34fd950198a2" executionId="f0a7dd8e-4599-4112-badd-2429f593f109" testListId="8c84fa94-04c1-424b-9868-57a2d4851a1d" />
    <TestEntry testId="e429852d-a6ed-7c2a-25fd-cd839b159d56" executionId="1dda43d7-8951-4c2d-943f-95991d6e0cf0" testListId="8c84fa94-04c1-424b-9868-57a2d4851a1d" />
    <TestEntry testId="18fa8c62-e27d-e1fc-8182-4d7db62b008d" executionId="8e8971b1-8a1b-4d04-821c-7f6f2e53162f" testListId="8c84fa94-04c1-424b-9868-57a2d4851a1d" />
    <TestEntry testId="d45d577a-b363-beb7-2e6a-8ffbab40b7b7" executionId="736d3a5b-e1ef-443e-8c25-ab79971d527c" testListId="8c84fa94-04c1-424b-9868-57a2d4851a1d" />
    <TestEntry testId="d348ea4b-487c-e89a-d2b8-b54356f4dabb" executionId="e4a58a81-5041-4c08-9020-8853cc9c128b" testListId="8c84fa94-04c1-424b-9868-57a2d4851a1d" />
    <TestEntry testId="492c0393-35b4-df26-a537-21ca08302f3c" executionId="dc1fd031-6ffb-4471-8cda-dc778dc5eb27" testListId="8c84fa94-04c1-424b-9868-57a2d4851a1d" />
    <TestEntry testId="0eeef75f-6e38-7893-a8fe-cff3e0a970a7" executionId="80808b71-aed5-47d8-9688-ca19d7705569" testListId="8c84fa94-04c1-424b-9868-57a2d4851a1d" />
    <TestEntry testId="834c739b-eca4-b36d-6a66-5a1bd75377b8" executionId="8557f772-c7b8-4928-892d-601d1e2dc535" testListId="8c84fa94-04c1-424b-9868-57a2d4851a1d" />
    <TestEntry testId="69340bb6-3645-f9dd-971e-29d8b2a009bb" executionId="aa7851a6-b63a-467c-a4f6-dd139633d6fd" testListId="8c84fa94-04c1-424b-9868-57a2d4851a1d" />
    <TestEntry testId="c36970dc-93f7-753e-fa47-157133b01644" executionId="4685a2ac-9159-40e8-9eb6-73cc839b70bd" testListId="8c84fa94-04c1-424b-9868-57a2d4851a1d" />
    <TestEntry testId="42de0146-5c44-d839-aae5-a6286977837e" executionId="265f9aab-4c5a-4a38-9732-5b27f5988dfb" testListId="8c84fa94-04c1-424b-9868-57a2d4851a1d" />
    <TestEntry testId="b0d7608f-ff1f-6f67-5a32-03756fb95a76" executionId="eb7da6c8-ce23-4a3e-9c8d-2dbda911cd23" testListId="8c84fa94-04c1-424b-9868-57a2d4851a1d" />
    <TestEntry testId="60bd668f-04df-da5e-b79b-5d9aedb5234d" executionId="0d74f424-4928-47ff-8ee0-554c8e1b34ee" testListId="8c84fa94-04c1-424b-9868-57a2d4851a1d" />
    <TestEntry testId="fc6f058b-d123-5f0a-5c9d-6af81614841f" executionId="f9058caa-5781-488e-bdd8-4208bcb2b14e" testListId="8c84fa94-04c1-424b-9868-57a2d4851a1d" />
    <TestEntry testId="e5497347-2721-b7a6-0bd4-69a9921f6947" executionId="ca6a15c5-06df-4236-ba1e-0af31e7b695d" testListId="8c84fa94-04c1-424b-9868-57a2d4851a1d" />
    <TestEntry testId="4f297306-d4f3-8d63-e7f4-1ac0b8c58c74" executionId="a39ee6d5-d3be-4d17-bb95-4dec8bcfbdda" testListId="8c84fa94-04c1-424b-9868-57a2d4851a1d" />
    <TestEntry testId="387c9729-48c1-486e-5e67-f5d11a9f0db8" executionId="414f8475-2e37-4c45-81ce-1bffe023a75c" testListId="8c84fa94-04c1-424b-9868-57a2d4851a1d" />
    <TestEntry testId="94cf46f1-a44f-0e52-2056-3768fa58ecce" executionId="e5428e70-6d8d-419f-aadc-e3811407b89a" testListId="8c84fa94-04c1-424b-9868-57a2d4851a1d" />
    <TestEntry testId="894941c1-bfa7-d8f9-c047-1e1ceefe2c2f" executionId="80012721-4233-46ef-89ed-467394b63ee0" testListId="8c84fa94-04c1-424b-9868-57a2d4851a1d" />
    <TestEntry testId="2120c67c-7d43-c52d-515f-f1ad07739e1a" executionId="77a3cfac-f680-4784-bc40-76c559ff133e" testListId="8c84fa94-04c1-424b-9868-57a2d4851a1d" />
    <TestEntry testId="20ca29bd-33d9-84a1-2b54-b9f3cea90d46" executionId="a32f86c6-6b1a-4260-b538-d6c91f556972" testListId="8c84fa94-04c1-424b-9868-57a2d4851a1d" />
    <TestEntry testId="8184bd30-991c-b78d-b4ec-99a485eac0dd" executionId="32307829-3684-4020-a3b3-be83102e1e48" testListId="8c84fa94-04c1-424b-9868-57a2d4851a1d" />
    <TestEntry testId="fa960c5e-f989-2880-784e-8efe538c5231" executionId="f755edf9-cdc7-4a10-ba3f-375f2926b0a8" testListId="8c84fa94-04c1-424b-9868-57a2d4851a1d" />
    <TestEntry testId="e0a3edc8-25e2-b584-8e9a-3ade82bc01f5" executionId="166881ff-53ac-4127-914d-9cdca3788b09" testListId="8c84fa94-04c1-424b-9868-57a2d4851a1d" />
    <TestEntry testId="f44a1b21-8efc-bfac-63b4-d534442def31" executionId="f1b61a14-6251-47d9-bf03-ae3d3f1dd505" testListId="8c84fa94-04c1-424b-9868-57a2d4851a1d" />
    <TestEntry testId="375a9608-caa6-4e8b-bd6a-0d66bdb637d3" executionId="b970afe1-0944-4802-9ce5-0aa54fb0fa89" testListId="8c84fa94-04c1-424b-9868-57a2d4851a1d" />
    <TestEntry testId="2d706594-f2b3-b3c8-21d4-86c9798c3306" executionId="a329f0fb-b9e7-4690-a97f-ad4b00ad3b77" testListId="8c84fa94-04c1-424b-9868-57a2d4851a1d" />
    <TestEntry testId="0d5d27d7-9f4d-3ba5-a8a8-85abb6853084" executionId="2817e657-f7d1-43c9-a5d2-881af0893bf8" testListId="8c84fa94-04c1-424b-9868-57a2d4851a1d" />
    <TestEntry testId="dab2f015-9296-d496-c8a5-67a74d7a761b" executionId="70afc203-6939-4560-b148-cf8a10da5e88" testListId="8c84fa94-04c1-424b-9868-57a2d4851a1d" />
    <TestEntry testId="eaabd2fc-2f4b-5689-59c8-c7ad34a8f634" executionId="55b138c1-bb16-4073-b6e6-075dc01a4053" testListId="8c84fa94-04c1-424b-9868-57a2d4851a1d" />
    <TestEntry testId="e2d7e5be-3dae-33ae-fb17-c704b6fd58d6" executionId="c9600478-64ec-4c40-a1c4-d72d86da95e5" testListId="8c84fa94-04c1-424b-9868-57a2d4851a1d" />
    <TestEntry testId="6187be85-d959-1319-9a94-d921657aba35" executionId="162a50f9-a3f5-4f73-b46c-889661ffca1c" testListId="8c84fa94-04c1-424b-9868-57a2d4851a1d" />
    <TestEntry testId="e4d01ae4-8568-e5c1-65e4-96f652a33930" executionId="f99770cd-4279-4952-9ba5-bde7569aeee7" testListId="8c84fa94-04c1-424b-9868-57a2d4851a1d" />
    <TestEntry testId="9c7df5e2-1b23-ebea-889f-b78ca86b60ab" executionId="1490f958-2b44-44e0-81e4-1d79767c2b33" testListId="8c84fa94-04c1-424b-9868-57a2d4851a1d" />
    <TestEntry testId="a2e59116-cb53-1d70-9cb8-21c286516866" executionId="4decab7f-a922-4bdd-b576-563dea57d7c0" testListId="8c84fa94-04c1-424b-9868-57a2d4851a1d" />
    <TestEntry testId="06d0bc3a-24a0-fb7f-4277-e9ae6d21c7dd" executionId="81a95883-cadb-4fb5-aec9-74260ed249b0" testListId="8c84fa94-04c1-424b-9868-57a2d4851a1d" />
    <TestEntry testId="22a5c0ee-2c0c-9ccd-80b1-46488290cadc" executionId="365d3ffa-cd5a-4140-b9d6-62c5ed29f783" testListId="8c84fa94-04c1-424b-9868-57a2d4851a1d" />
    <TestEntry testId="a19a5fcf-c5d2-7d44-5d7d-84403042f4e0" executionId="7dbbd0c6-3b7f-49be-bd06-eb1f89c1a785" testListId="8c84fa94-04c1-424b-9868-57a2d4851a1d" />
    <TestEntry testId="d9fcdcdd-f981-63c9-29f5-2d77decc7b2d" executionId="921fde75-b99c-4e0e-bced-193fce4f40a8" testListId="8c84fa94-04c1-424b-9868-57a2d4851a1d" />
    <TestEntry testId="229812f5-9a73-5335-11f5-31330d1348a5" executionId="cf96a4e1-9f0f-4e37-af6e-392d40ba3390" testListId="8c84fa94-04c1-424b-9868-57a2d4851a1d" />
    <TestEntry testId="f3efc418-a8a6-c7b7-9bac-90b33aa8472f" executionId="37eef207-aba3-4981-81ed-c9b067e5524c" testListId="8c84fa94-04c1-424b-9868-57a2d4851a1d" />
    <TestEntry testId="e16ce7a7-32c5-55fd-c3a2-ca76d790e352" executionId="fac4d678-0534-45ec-a3b2-e72786078c34" testListId="8c84fa94-04c1-424b-9868-57a2d4851a1d" />
    <TestEntry testId="aa28a6b3-21d3-aa45-24d3-bef2facbc899" executionId="575beaff-0aca-4398-8003-b95ea2ad2817" testListId="8c84fa94-04c1-424b-9868-57a2d4851a1d" />
    <TestEntry testId="2602613f-c8e2-a6d9-fcf7-5b27d4a770a6" executionId="54d3e0d9-103f-4a77-a67c-0574ea45c955" testListId="8c84fa94-04c1-424b-9868-57a2d4851a1d" />
    <TestEntry testId="644ec43e-70cd-c82d-42e7-0d990be1414d" executionId="9d38f0b0-6bf0-476b-8eba-5b51b1b82efc" testListId="8c84fa94-04c1-424b-9868-57a2d4851a1d" />
    <TestEntry testId="e11ba8f0-3b6a-d8f4-e19f-c8dc120fd9fd" executionId="7a7cd06b-7880-4976-9af4-7494ec050ddd" testListId="8c84fa94-04c1-424b-9868-57a2d4851a1d" />
    <TestEntry testId="20ad8570-0170-85de-dcd7-2f109dd7bcd6" executionId="e315ccf5-f3ac-420b-a7a0-195fa1fe3a9f" testListId="8c84fa94-04c1-424b-9868-57a2d4851a1d" />
  </TestEntries>
  <TestLists>
    <TestList name="Results Not in a List" id="8c84fa94-04c1-424b-9868-57a2d4851a1d" />
    <TestList name="All Loaded Results" id="19431567-8539-422a-85d7-44ee4e166bda" />
  </TestLists>
  <ResultSummary outcome="Completed">
    <Counters total="47" executed="47" passed="47" failed="0" error="0" timeout="0" aborted="0" inconclusive="0" passedButRunAborted="0" notRunnable="0" notExecuted="0" disconnected="0" warning="0" completed="0" inProgress="0" pending="0" />
    <Output>
      <StdOut>[xUnit.net 00:00:00.00] xUnit.net VSTest Adapter v2.4.5+1caef2f33e (64-bit .NET 6.0.10)
[xUnit.net 00:00:00.90]   Discovering: BL.Tests
[xUnit.net 00:00:01.09]   Discovered:  BL.Tests
[xUnit.net 00:00:01.09]   Starting:    BL.Tests
[xUnit.net 00:00:01.54]   Finished:    BL.Tests
</StdOut>
    </Output>
  </ResultSummary>
</TestRun>