<?xml version="1.0" encoding="utf-8"?>
<TestRun id="73636266-d567-424f-a585-9abaec0e3377" name="@DESKTOP-TJ9D65N 2022-11-03 11:10:54" xmlns="http://microsoft.com/schemas/VisualStudio/TeamTest/2010">
  <Times creation="2022-11-03T11:10:54.6838162+03:00" queuing="2022-11-03T11:10:54.6838164+03:00" start="2022-11-03T11:10:52.4346412+03:00" finish="2022-11-03T11:10:54.9380274+03:00" />
  <TestSettings name="default" id="5699503c-b541-42eb-99b6-a7ea6edb5c67">
    <Deployment runDeploymentRoot="_DESKTOP-TJ9D65N_2022-11-03_11_10_54" />
  </TestSettings>
  <Results>
    <UnitTestResult executionId="dd93f021-6792-4388-8cff-77cf07574681" testId="387c9729-48c1-486e-5e67-f5d11a9f0db8" testName="BL.Tests.CheckPermissionsServiceTests.UnauthorizedHasNoAccessToAdminSkiPatrolFunctions(functionName: &quot;GetLiftsSlopesInfoAsync&quot;)" computerName="DESKTOP-TJ9D65N" duration="00:00:00.0023312" startTime="2022-11-03T11:10:54.6457919+03:00" endTime="2022-11-03T11:10:54.6457919+03:00" testType="13cdc9d9-ddb5-4fa4-a97d-d965ccfc6d4b" outcome="Passed" testListId="8c84fa94-04c1-424b-9868-57a2d4851a1d" relativeResultsDirectory="dd93f021-6792-4388-8cff-77cf07574681" />
    <UnitTestResult executionId="acd50dca-4c92-4312-9e73-1968826feaa9" testId="51c16400-773f-6ce2-1d3c-e63e031c22f3" testName="BL.Tests.SlopesServiceTest.TestAdminAddSlopeAsync(userID: 20, slope: Slope { SlopeID = 212, SlopeName = slopeName3b3adc35-a649-4192-91be-173059a792e8, IsOpen = True, DifficultyLevel = 113, ConnectedLifts =  }, checkPermissionServiceMock: Mock&lt;ICheckPermissionService:11&gt;, slopesRepositoryStub: Mock&lt;ISlopesRepository:9&gt;, sut: SlopesService { })" computerName="DESKTOP-TJ9D65N" duration="00:00:00.0062795" startTime="2022-11-03T11:10:54.6459976+03:00" endTime="2022-11-03T11:10:54.6459977+03:00" testType="13cdc9d9-ddb5-4fa4-a97d-d965ccfc6d4b" outcome="Passed" testListId="8c84fa94-04c1-424b-9868-57a2d4851a1d" relativeResultsDirectory="acd50dca-4c92-4312-9e73-1968826feaa9" />
    <UnitTestResult executionId="281e44d0-020b-4a44-be07-3e3e93432b80" testId="efbc1092-15e9-260e-ed0d-b6cf7cea6eb6" testName="BL.Tests.LiftsServiceTest.TestAdminDeleteLiftAsync(userID: 68, lift: Lift { LiftID = 10, LiftName = liftName93cdc970-b40c-429d-b34f-48b39b9a0100, IsOpen = True, SeatsAmount = 48, LiftingTime = 214, QueueTime = 59, ConnectedSlopes =  }, checkPermissionServiceMock: Mock&lt;ICheckPermissionService:4&gt;, liftsRepositoryStub: Mock&lt;ILiftsRepository:4&gt;, liftsSlopesRepositoryStub: Mock&lt;ILiftsSlopesRepository:4&gt;, sut: LiftsService { })" computerName="DESKTOP-TJ9D65N" duration="00:00:00.0591144" startTime="2022-11-03T11:10:54.5592593+03:00" endTime="2022-11-03T11:10:54.5592595+03:00" testType="13cdc9d9-ddb5-4fa4-a97d-d965ccfc6d4b" outcome="Passed" testListId="8c84fa94-04c1-424b-9868-57a2d4851a1d" relativeResultsDirectory="281e44d0-020b-4a44-be07-3e3e93432b80" />
    <UnitTestResult executionId="e8a8d22e-ec0c-4d85-a37d-678e9d667e05" testId="e429852d-a6ed-7c2a-25fd-cd839b159d56" testName="BL.Tests.LiftsSlopesServiceTests.TestGetLiftsSlopesInfoAsync(liftsSlopes: [LiftSlope { RecordID = 117, LiftID = 173, SlopeID = 34 }, LiftSlope { RecordID = 254, LiftID = 143, SlopeID = 98 }, LiftSlope { RecordID = 103, LiftID = 125, SlopeID = 70 }], slopesRepositoryStub: Mock&lt;ISlopesRepository:1&gt;, liftsRepositoryStub: Mock&lt;ILiftsRepository:6&gt;, liftsSlopesRepositoryStub: Mock&lt;ILiftsSlopesRepository:6&gt;)" computerName="DESKTOP-TJ9D65N" duration="00:00:00.0045471" startTime="2022-11-03T11:10:54.6460283+03:00" endTime="2022-11-03T11:10:54.6460284+03:00" testType="13cdc9d9-ddb5-4fa4-a97d-d965ccfc6d4b" outcome="Passed" testListId="8c84fa94-04c1-424b-9868-57a2d4851a1d" relativeResultsDirectory="e8a8d22e-ec0c-4d85-a37d-678e9d667e05" />
    <UnitTestResult executionId="a66295fb-19af-49e8-8fb3-46c14927f7e9" testId="06d0bc3a-24a0-fb7f-4277-e9ae6d21c7dd" testName="BL.Tests.UsersServiceTests.TestAdminUpdateUser" computerName="DESKTOP-TJ9D65N" duration="00:00:00.0057864" startTime="2022-11-03T11:10:54.6863153+03:00" endTime="2022-11-03T11:10:54.6863154+03:00" testType="13cdc9d9-ddb5-4fa4-a97d-d965ccfc6d4b" outcome="Passed" testListId="8c84fa94-04c1-424b-9868-57a2d4851a1d" relativeResultsDirectory="a66295fb-19af-49e8-8fb3-46c14927f7e9" />
    <UnitTestResult executionId="bebe470f-86cd-4223-b381-775dfd3307f2" testId="2602613f-c8e2-a6d9-fcf7-5b27d4a770a6" testName="BL.Tests.CheckPermissionsServiceTests.AuthorizedHasNoAccessToAdminSkiPatrolFunctions(functionName: &quot;GetMessagesAsync&quot;)" computerName="DESKTOP-TJ9D65N" duration="00:00:00.0025438" startTime="2022-11-03T11:10:54.7471185+03:00" endTime="2022-11-03T11:10:54.7471185+03:00" testType="13cdc9d9-ddb5-4fa4-a97d-d965ccfc6d4b" outcome="Passed" testListId="8c84fa94-04c1-424b-9868-57a2d4851a1d" relativeResultsDirectory="bebe470f-86cd-4223-b381-775dfd3307f2" />
    <UnitTestResult executionId="b6342840-00d9-4562-8ae9-3b9b8edb2448" testId="9d190865-8850-c3b9-f07a-da3843999b78" testName="BL.Tests.TurnstilesServiceTest.TestAdminAddAutoIncrementTurnstileAsync(userID: 89, turnstile: Turnstile { TurnstileID = 3, LiftID = 203, IsOpen = True }, checkPermissionServiceMock: Mock&lt;ICheckPermissionService:16&gt;, turnstilesRepositoryStub: Mock&lt;ITurnstilesRepository:10&gt;, sut: TurnstilesService { })" computerName="DESKTOP-TJ9D65N" duration="00:00:00.0109473" startTime="2022-11-03T11:10:54.6460487+03:00" endTime="2022-11-03T11:10:54.6460487+03:00" testType="13cdc9d9-ddb5-4fa4-a97d-d965ccfc6d4b" outcome="Passed" testListId="8c84fa94-04c1-424b-9868-57a2d4851a1d" relativeResultsDirectory="b6342840-00d9-4562-8ae9-3b9b8edb2448" />
    <UnitTestResult executionId="bd8cebb2-e401-43c7-a494-42724191f31a" testId="eaabd2fc-2f4b-5689-59c8-c7ad34a8f634" testName="BL.Tests.CheckPermissionsServiceTests.UnauthorizedHasNoAccessToAuthorizedFunctions(functionName: &quot;SendMessageAsync&quot;)" computerName="DESKTOP-TJ9D65N" duration="00:00:00.0046066" startTime="2022-11-03T11:10:54.6475952+03:00" endTime="2022-11-03T11:10:54.6475953+03:00" testType="13cdc9d9-ddb5-4fa4-a97d-d965ccfc6d4b" outcome="Passed" testListId="8c84fa94-04c1-424b-9868-57a2d4851a1d" relativeResultsDirectory="bd8cebb2-e401-43c7-a494-42724191f31a" />
    <UnitTestResult executionId="6c5494c9-7ebf-4a62-b057-7354ae1666f5" testId="644ec43e-70cd-c82d-42e7-0d990be1414d" testName="BL.Tests.CheckPermissionsServiceTests.AuthorizedHasAccessToAuthorizedFunctions(functionName: &quot;SendMessageAsync&quot;)" computerName="DESKTOP-TJ9D65N" duration="00:00:00.0018588" startTime="2022-11-03T11:10:54.7954351+03:00" endTime="2022-11-03T11:10:54.7954351+03:00" testType="13cdc9d9-ddb5-4fa4-a97d-d965ccfc6d4b" outcome="Passed" testListId="8c84fa94-04c1-424b-9868-57a2d4851a1d" relativeResultsDirectory="6c5494c9-7ebf-4a62-b057-7354ae1666f5" />
    <UnitTestResult executionId="69af5c70-8bd7-40f5-95ff-3ef399ecea00" testId="c36970dc-93f7-753e-fa47-157133b01644" testName="BL.Tests.CheckPermissionsServiceTests.SkiPatrolHasAccessToAdminSkiPatrolFunctions(functionName: &quot;GetMessagesAsync&quot;)" computerName="DESKTOP-TJ9D65N" duration="00:00:00.0013355" startTime="2022-11-03T11:10:54.7183793+03:00" endTime="2022-11-03T11:10:54.7183794+03:00" testType="13cdc9d9-ddb5-4fa4-a97d-d965ccfc6d4b" outcome="Passed" testListId="8c84fa94-04c1-424b-9868-57a2d4851a1d" relativeResultsDirectory="69af5c70-8bd7-40f5-95ff-3ef399ecea00" />
    <UnitTestResult executionId="2b3374c9-f601-421b-baa8-f76c035d65cd" testId="894941c1-bfa7-d8f9-c047-1e1ceefe2c2f" testName="BL.Tests.UsersServiceTests.TestRegisterUserWithRepeatedEmail" computerName="DESKTOP-TJ9D65N" duration="00:00:00.0047225" startTime="2022-11-03T11:10:54.6476903+03:00" endTime="2022-11-03T11:10:54.6476904+03:00" testType="13cdc9d9-ddb5-4fa4-a97d-d965ccfc6d4b" outcome="Passed" testListId="8c84fa94-04c1-424b-9868-57a2d4851a1d" relativeResultsDirectory="2b3374c9-f601-421b-baa8-f76c035d65cd" />
    <UnitTestResult executionId="7a217d56-3b11-4107-b16e-4239235700a2" testId="fa960c5e-f989-2880-784e-8efe538c5231" testName="BL.Tests.CheckPermissionsServiceTests.UnauthorizedHasNoAccessToAuthorizedFunctions(functionName: &quot;LogOutAsync&quot;)" computerName="DESKTOP-TJ9D65N" duration="00:00:00.0019658" startTime="2022-11-03T11:10:54.6731710+03:00" endTime="2022-11-03T11:10:54.6731711+03:00" testType="13cdc9d9-ddb5-4fa4-a97d-d965ccfc6d4b" outcome="Passed" testListId="8c84fa94-04c1-424b-9868-57a2d4851a1d" relativeResultsDirectory="7a217d56-3b11-4107-b16e-4239235700a2" />
    <UnitTestResult executionId="0a022064-9dd9-4be5-859f-0ebcc7322101" testId="20ad8570-0170-85de-dcd7-2f109dd7bcd6" testName="BL.Tests.UsersServiceTests.TestAdminGetUsers" computerName="DESKTOP-TJ9D65N" duration="00:00:00.0446658" startTime="2022-11-03T11:10:54.5466315+03:00" endTime="2022-11-03T11:10:54.5466316+03:00" testType="13cdc9d9-ddb5-4fa4-a97d-d965ccfc6d4b" outcome="Passed" testListId="8c84fa94-04c1-424b-9868-57a2d4851a1d" relativeResultsDirectory="0a022064-9dd9-4be5-859f-0ebcc7322101" />
    <UnitTestResult executionId="88a17050-a3b6-4bff-b8cd-9e71eb39d8dc" testId="bb8e9097-007d-98cd-4581-e2458693e39e" testName="BL.Tests.LiftsServiceTest.TestAdminAddAutoIncrementLiftAsync(userID: 75, lift: Lift { LiftID = 243, LiftName = liftName485fb331-98e7-4373-ac66-ee4611ef4ba7, IsOpen = True, SeatsAmount = 60, LiftingTime = 188, QueueTime = 24, ConnectedSlopes =  }, checkPermissionServiceMock: Mock&lt;ICheckPermissionService:5&gt;, liftsRepositoryStub: Mock&lt;ILiftsRepository:5&gt;, sut: LiftsService { })" computerName="DESKTOP-TJ9D65N" duration="00:00:00.0086418" startTime="2022-11-03T11:10:54.7216044+03:00" endTime="2022-11-03T11:10:54.7216045+03:00" testType="13cdc9d9-ddb5-4fa4-a97d-d965ccfc6d4b" outcome="Passed" testListId="8c84fa94-04c1-424b-9868-57a2d4851a1d" relativeResultsDirectory="88a17050-a3b6-4bff-b8cd-9e71eb39d8dc" />
    <UnitTestResult executionId="49b651cd-ac16-4996-8b24-bcf2f9a5cc16" testId="2d706594-f2b3-b3c8-21d4-86c9798c3306" testName="BL.Tests.CheckPermissionsServiceTests.SkiPatrolHasAccessToAdminSkiPatrolFunctions(functionName: &quot;GetLiftsSlopesInfoAsync&quot;)" computerName="DESKTOP-TJ9D65N" duration="00:00:00.0053927" startTime="2022-11-03T11:10:54.6957891+03:00" endTime="2022-11-03T11:10:54.6957892+03:00" testType="13cdc9d9-ddb5-4fa4-a97d-d965ccfc6d4b" outcome="Passed" testListId="8c84fa94-04c1-424b-9868-57a2d4851a1d" relativeResultsDirectory="49b651cd-ac16-4996-8b24-bcf2f9a5cc16" />
    <UnitTestResult executionId="0776044e-2f24-413e-a577-85cafac2faae" testId="60bd668f-04df-da5e-b79b-5d9aedb5234d" testName="BL.Tests.CheckPermissionsServiceTests.SkiPatrolHasAccessToAdminSkiPatrolFunctions(functionName: &quot;MarkMessageReadByUserAsync&quot;)" computerName="DESKTOP-TJ9D65N" duration="00:00:00.0011677" startTime="2022-11-03T11:10:54.7069015+03:00" endTime="2022-11-03T11:10:54.7069017+03:00" testType="13cdc9d9-ddb5-4fa4-a97d-d965ccfc6d4b" outcome="Passed" testListId="8c84fa94-04c1-424b-9868-57a2d4851a1d" relativeResultsDirectory="0776044e-2f24-413e-a577-85cafac2faae" />
    <UnitTestResult executionId="31f6febb-a2c9-4e84-82df-9525ea2bc2a2" testId="4f297306-d4f3-8d63-e7f4-1ac0b8c58c74" testName="BL.Tests.CheckPermissionsServiceTests.AuthorizedHasNoAccessToAdminSkiPatrolFunctions(functionName: &quot;GetLiftsSlopesInfoAsync&quot;)" computerName="DESKTOP-TJ9D65N" duration="00:00:00.0013255" startTime="2022-11-03T11:10:54.7667140+03:00" endTime="2022-11-03T11:10:54.7667140+03:00" testType="13cdc9d9-ddb5-4fa4-a97d-d965ccfc6d4b" outcome="Passed" testListId="8c84fa94-04c1-424b-9868-57a2d4851a1d" relativeResultsDirectory="31f6febb-a2c9-4e84-82df-9525ea2bc2a2" />
    <UnitTestResult executionId="8f063b53-244e-4a4d-baa2-3c136301beb6" testId="a2e59116-cb53-1d70-9cb8-21c286516866" testName="BL.Tests.CheckPermissionsServiceTests.AuthorizedHasNoAccessToAdminFunctions" computerName="DESKTOP-TJ9D65N" duration="00:00:00.0028272" startTime="2022-11-03T11:10:54.7366627+03:00" endTime="2022-11-03T11:10:54.7366627+03:00" testType="13cdc9d9-ddb5-4fa4-a97d-d965ccfc6d4b" outcome="Passed" testListId="8c84fa94-04c1-424b-9868-57a2d4851a1d" relativeResultsDirectory="8f063b53-244e-4a4d-baa2-3c136301beb6" />
    <UnitTestResult executionId="388ffc08-79ed-4047-a087-a226814e6680" testId="17086473-b409-bce1-c097-f1a574c6bbcd" testName="BL.Tests.LiftsSlopesServiceTests.TestAdminAddAutoIncrementLiftSlopeAsync(lift: Lift { LiftID = 100, LiftName = liftName194e055e-97fd-4bd2-b8e9-a1838dab80f7, IsOpen = True, SeatsAmount = 91, LiftingTime = 131, QueueTime = 63, ConnectedSlopes =  }, slope: Slope { SlopeID = 120, SlopeName = slopeNamed2f5e479-5143-462c-a11a-0bf71ed0dc0d, IsOpen = False, DifficultyLevel = 36, ConnectedLifts =  }, slopesRepositoryStub: Mock&lt;ISlopesRepository:3&gt;, liftsRepositoryStub: Mock&lt;ILiftsRepository:8&gt;, liftsSlopesRepositoryStub: Mock&lt;ILiftsSlopesRepository:8&gt;)" computerName="DESKTOP-TJ9D65N" duration="00:00:00.0370903" startTime="2022-11-03T11:10:54.5425182+03:00" endTime="2022-11-03T11:10:54.5425782+03:00" testType="13cdc9d9-ddb5-4fa4-a97d-d965ccfc6d4b" outcome="Passed" testListId="8c84fa94-04c1-424b-9868-57a2d4851a1d" relativeResultsDirectory="388ffc08-79ed-4047-a087-a226814e6680" />
    <UnitTestResult executionId="50ff3fb7-c920-40f4-8324-94f53a668711" testId="6b400ff6-7a75-f70b-8646-b6b01b50f926" testName="BL.Tests.SlopesServiceTest.TestAdminAddAutoIncrementSlopeAsync(userID: 22, slope: Slope { SlopeID = 134, SlopeName = slopeNamee50d0179-7fa8-471c-af32-85353be71afd, IsOpen = True, DifficultyLevel = 254, ConnectedLifts =  }, checkPermissionServiceMock: Mock&lt;ICheckPermissionService:10&gt;, slopesRepositoryStub: Mock&lt;ISlopesRepository:8&gt;, sut: SlopesService { })" computerName="DESKTOP-TJ9D65N" duration="00:00:00.0081645" startTime="2022-11-03T11:10:54.6474265+03:00" endTime="2022-11-03T11:10:54.6474265+03:00" testType="13cdc9d9-ddb5-4fa4-a97d-d965ccfc6d4b" outcome="Passed" testListId="8c84fa94-04c1-424b-9868-57a2d4851a1d" relativeResultsDirectory="50ff3fb7-c920-40f4-8324-94f53a668711" />
    <UnitTestResult executionId="3eb0addf-0345-4a16-b3ec-a8038535127c" testId="a19a5fcf-c5d2-7d44-5d7d-84403042f4e0" testName="BL.Tests.CheckPermissionsServiceTests.UnauthorizedHasNoAccessToAdminSkiPatrolFunctions(functionName: &quot;MarkMessageReadByUserAsync&quot;)" computerName="DESKTOP-TJ9D65N" duration="00:00:00.0370371" startTime="2022-11-03T11:10:54.5464994+03:00" endTime="2022-11-03T11:10:54.5464994+03:00" testType="13cdc9d9-ddb5-4fa4-a97d-d965ccfc6d4b" outcome="Passed" testListId="8c84fa94-04c1-424b-9868-57a2d4851a1d" relativeResultsDirectory="3eb0addf-0345-4a16-b3ec-a8038535127c" />
    <UnitTestResult executionId="95e81153-791c-455f-a396-d329b3cd1cd7" testId="c7a6fcf2-d280-0089-2ab7-fd64b8e90cd1" testName="BL.Tests.TurnstilesServiceTest.TestAdminGetTurnstileAsync(userID: 46, turnstile: Turnstile { TurnstileID = 191, LiftID = 1, IsOpen = True }, checkPermissionServiceMock: Mock&lt;ICheckPermissionService:12&gt;, turnstilesRepositoryStub: Mock&lt;ITurnstilesRepository:6&gt;, sut: TurnstilesService { })" computerName="DESKTOP-TJ9D65N" duration="00:00:00.0055911" startTime="2022-11-03T11:10:54.6870934+03:00" endTime="2022-11-03T11:10:54.6870935+03:00" testType="13cdc9d9-ddb5-4fa4-a97d-d965ccfc6d4b" outcome="Passed" testListId="8c84fa94-04c1-424b-9868-57a2d4851a1d" relativeResultsDirectory="95e81153-791c-455f-a396-d329b3cd1cd7" />
    <UnitTestResult executionId="9843528c-ec19-432b-9edb-38b81150965b" testId="df16099d-1d44-763b-fa30-ba344485481c" testName="BL.Tests.LiftsServiceTest.TestGetLiftsInfoAsync(userID: 60, initialLifts: [Lift { LiftID = 4, LiftName = liftNamef0bbb2b8-6e9f-4fa9-8fca-6d90c7717e72, IsOpen = True, SeatsAmount = 227, LiftingTime = 2, QueueTime = 241, ConnectedSlopes =  }, Lift { LiftID = 252, LiftName = liftName7ca99a66-db2f-4bdb-ae8f-00a8b432f550, IsOpen = False, SeatsAmount = 206, LiftingTime = 255, QueueTime = 148, ConnectedSlopes =  }, Lift { LiftID = 229, LiftName = liftNamef1532e0e-b0dd-4bd9-bc7c-c05e9c3bd33d, IsOpen = True, SeatsAmount = 116, LiftingTime = 185, QueueTime = 196, ConnectedSlopes =  }], checkPermissionServiceMock: Mock&lt;ICheckPermissionService:2&gt;, liftsRepositoryStub: Mock&lt;ILiftsRepository:2&gt;, liftsSlopesRepositoryStub: Mock&lt;ILiftsSlopesRepository:2&gt;, sut: LiftsService { })" computerName="DESKTOP-TJ9D65N" duration="00:00:00.0196433" startTime="2022-11-03T11:10:54.6461180+03:00" endTime="2022-11-03T11:10:54.6461181+03:00" testType="13cdc9d9-ddb5-4fa4-a97d-d965ccfc6d4b" outcome="Passed" testListId="8c84fa94-04c1-424b-9868-57a2d4851a1d" relativeResultsDirectory="9843528c-ec19-432b-9edb-38b81150965b" />
    <UnitTestResult executionId="0e51fae8-f675-48bb-8f2c-9c3188bebdeb" testId="0eeef75f-6e38-7893-a8fe-cff3e0a970a7" testName="BL.Tests.UsersServiceTests.TestRegisterOk" computerName="DESKTOP-TJ9D65N" duration="00:00:00.0116059" startTime="2022-11-03T11:10:54.7074165+03:00" endTime="2022-11-03T11:10:54.7074166+03:00" testType="13cdc9d9-ddb5-4fa4-a97d-d965ccfc6d4b" outcome="Passed" testListId="8c84fa94-04c1-424b-9868-57a2d4851a1d" relativeResultsDirectory="0e51fae8-f675-48bb-8f2c-9c3188bebdeb" />
    <UnitTestResult executionId="b2d46947-21c9-41db-bb45-218d392d5aa7" testId="e2d7e5be-3dae-33ae-fb17-c704b6fd58d6" testName="BL.Tests.CheckPermissionsServiceTests.UnauthorizedHasNoAccessToAdminFunctions" computerName="DESKTOP-TJ9D65N" duration="00:00:00.0022345" startTime="2022-11-03T11:10:54.8152355+03:00" endTime="2022-11-03T11:10:54.8152356+03:00" testType="13cdc9d9-ddb5-4fa4-a97d-d965ccfc6d4b" outcome="Passed" testListId="8c84fa94-04c1-424b-9868-57a2d4851a1d" relativeResultsDirectory="b2d46947-21c9-41db-bb45-218d392d5aa7" />
    <UnitTestResult executionId="99e35099-b8ef-4a92-9bae-055602dd0188" testId="492c0393-35b4-df26-a537-21ca08302f3c" testName="BL.Tests.CheckPermissionsServiceTests.SkiPatrolHasNoAccessToAdminFunctions" computerName="DESKTOP-TJ9D65N" duration="00:00:00.0022560" startTime="2022-11-03T11:10:54.8312901+03:00" endTime="2022-11-03T11:10:54.8312901+03:00" testType="13cdc9d9-ddb5-4fa4-a97d-d965ccfc6d4b" outcome="Passed" testListId="8c84fa94-04c1-424b-9868-57a2d4851a1d" relativeResultsDirectory="99e35099-b8ef-4a92-9bae-055602dd0188" />
    <UnitTestResult executionId="8ac48041-9b77-49c1-9d68-39e2505ba10f" testId="c4dc5c88-23b4-2606-1e85-0f86cdfbf05c" testName="BL.Tests.LiftsServiceTest.TestUpdateLiftInfoAsync(userID: 29, lift: Lift { LiftID = 11, LiftName = liftNameb82fab37-77a4-4f79-b786-24b65eb9dd51, IsOpen = True, SeatsAmount = 77, LiftingTime = 162, QueueTime = 202, ConnectedSlopes =  }, checkPermissionServiceMock: Mock&lt;ICheckPermissionService:3&gt;, liftsRepositoryStub: Mock&lt;ILiftsRepository:3&gt;, sut: LiftsService { })" computerName="DESKTOP-TJ9D65N" duration="00:00:00.0071241" startTime="2022-11-03T11:10:54.7019689+03:00" endTime="2022-11-03T11:10:54.7019690+03:00" testType="13cdc9d9-ddb5-4fa4-a97d-d965ccfc6d4b" outcome="Passed" testListId="8c84fa94-04c1-424b-9868-57a2d4851a1d" relativeResultsDirectory="8ac48041-9b77-49c1-9d68-39e2505ba10f" />
    <UnitTestResult executionId="83374786-dd99-4190-899c-ff235e2c8f03" testId="f76659b7-47ff-15bd-c8af-7e45161d428d" testName="BL.Tests.SlopesServiceTest.TestUpdateSlopeInfoAsync(userID: 213, slope: Slope { SlopeID = 170, SlopeName = slopeName8b935ec7-3da0-446d-a148-c2298da9faa7, IsOpen = True, DifficultyLevel = 119, ConnectedLifts =  }, checkPermissionServiceMock: Mock&lt;ICheckPermissionService:8&gt;, slopesRepositoryStub: Mock&lt;ISlopesRepository:6&gt;, sut: SlopesService { })" computerName="DESKTOP-TJ9D65N" duration="00:00:00.0068980" startTime="2022-11-03T11:10:54.6497355+03:00" endTime="2022-11-03T11:10:54.6497355+03:00" testType="13cdc9d9-ddb5-4fa4-a97d-d965ccfc6d4b" outcome="Passed" testListId="8c84fa94-04c1-424b-9868-57a2d4851a1d" relativeResultsDirectory="83374786-dd99-4190-899c-ff235e2c8f03" />
    <UnitTestResult executionId="fa681838-a220-42a8-bccb-3d3c0912fe39" testId="6c3a702d-e813-df0c-a937-722d10db5a25" testName="BL.Tests.LiftsServiceTest.TestGetLiftInfoAsync(userID: 166, lift: Lift { LiftID = 180, LiftName = liftNamef1cfa5e6-c435-421c-9ab0-2434b86d8142, IsOpen = True, SeatsAmount = 181, LiftingTime = 90, QueueTime = 41, ConnectedSlopes =  }, checkPermissionServiceMock: Mock&lt;ICheckPermissionService:1&gt;, liftsRepositoryStub: Mock&lt;ILiftsRepository:1&gt;, liftsSlopesRepositoryStub: Mock&lt;ILiftsSlopesRepository:1&gt;, sut: LiftsService { })" computerName="DESKTOP-TJ9D65N" duration="00:00:00.0166145" startTime="2022-11-03T11:10:54.6853481+03:00" endTime="2022-11-03T11:10:54.6853482+03:00" testType="13cdc9d9-ddb5-4fa4-a97d-d965ccfc6d4b" outcome="Failed" testListId="8c84fa94-04c1-424b-9868-57a2d4851a1d" relativeResultsDirectory="fa681838-a220-42a8-bccb-3d3c0912fe39">
      <Output>
        <ErrorInfo>
          <Message>Assert.NotEqual() Failure
Expected: Not Lift { LiftID = 180, LiftName = liftNamef1cfa5e6-c435-421c-9ab0-2434b86d8142, IsOpen = True, SeatsAmount = 181, LiftingTime = 90, QueueTime = 41, ConnectedSlopes =  }
Actual:   Lift { LiftID = 180, LiftName = liftNamef1cfa5e6-c435-421c-9ab0-2434b86d8142, IsOpen = True, SeatsAmount = 181, LiftingTime = 90, QueueTime = 41, ConnectedSlopes =  }</Message>
          <StackTrace>   at BL.Tests.LiftsServiceTest.TestGetLiftInfoAsync(UInt32 userID, Lift lift, Mock`1 checkPermissionServiceMock, Mock`1 liftsRepositoryStub, Mock`1 liftsSlopesRepositoryStub, LiftsService sut) in /mnt/c/Users/alena/Desktop/7_sem/testing_and_debugging/SkiResort/BL.Tests/LiftsServiceTest.cs:line 42
   at System.Threading.Tasks.Task.&lt;&gt;c.&lt;ThrowAsync&gt;b__128_0(Object state)</StackTrace>
        </ErrorInfo>
      </Output>
    </UnitTestResult>
    <UnitTestResult executionId="0ec791df-d8f1-4efa-bae8-5edb7db6306a" testId="ee6f5e44-a795-f4a9-44de-9a8741cae3d4" testName="BL.Tests.SlopesServiceTest.TestGetSlopesInfoAsync(userID: 155, initialSlopes: [Slope { SlopeID = 13, SlopeName = slopeName08c8db9d-acc9-43d4-b6ba-5c506561f9cf, IsOpen = True, DifficultyLevel = 179, ConnectedLifts =  }, Slope { SlopeID = 100, SlopeName = slopeNameede63f59-9aeb-4b81-a2bf-6454ce33bba9, IsOpen = False, DifficultyLevel = 166, ConnectedLifts =  }, Slope { SlopeID = 234, SlopeName = slopeName350d905b-79b1-443c-9ecf-6c21002fe638, IsOpen = True, DifficultyLevel = 190, ConnectedLifts =  }], checkPermissionServiceMock: Mock&lt;ICheckPermissionService:7&gt;, slopesRepositoryStub: Mock&lt;ISlopesRepository:5&gt;, liftsSlopesRepositoryStub: Mock&lt;ILiftsSlopesRepository:10&gt;, sut: SlopesService { })" computerName="DESKTOP-TJ9D65N" duration="00:00:00.0104510" startTime="2022-11-03T11:10:54.7079146+03:00" endTime="2022-11-03T11:10:54.7079147+03:00" testType="13cdc9d9-ddb5-4fa4-a97d-d965ccfc6d4b" outcome="Passed" testListId="8c84fa94-04c1-424b-9868-57a2d4851a1d" relativeResultsDirectory="0ec791df-d8f1-4efa-bae8-5edb7db6306a" />
    <UnitTestResult executionId="ece7173e-dd9f-4e56-8ba9-1d196d39b3e1" testId="69340bb6-3645-f9dd-971e-29d8b2a009bb" testName="BL.Tests.UsersServiceTests.TestLogInWithWrongPassword" computerName="DESKTOP-TJ9D65N" duration="00:00:00.0019307" startTime="2022-11-03T11:10:54.7385889+03:00" endTime="2022-11-03T11:10:54.7385890+03:00" testType="13cdc9d9-ddb5-4fa4-a97d-d965ccfc6d4b" outcome="Passed" testListId="8c84fa94-04c1-424b-9868-57a2d4851a1d" relativeResultsDirectory="ece7173e-dd9f-4e56-8ba9-1d196d39b3e1" />
    <UnitTestResult executionId="733ebeba-b5fd-43f6-9edd-580f0f3a96a1" testId="69c3f0ab-f1cc-8522-56a8-c53b4ca13f07" testName="BL.Tests.TurnstilesServiceTest.TestAdminGetTurnstilesAsync(userID: 177, initialTurnstiles: [Turnstile { TurnstileID = 224, LiftID = 2, IsOpen = True }, Turnstile { TurnstileID = 147, LiftID = 22, IsOpen = False }, Turnstile { TurnstileID = 42, LiftID = 62, IsOpen = True }], checkPermissionServiceMock: Mock&lt;ICheckPermissionService:13&gt;, turnstilesRepositoryStub: Mock&lt;ITurnstilesRepository:7&gt;, sut: TurnstilesService { })" computerName="DESKTOP-TJ9D65N" duration="00:00:00.0048236" startTime="2022-11-03T11:10:54.6474636+03:00" endTime="2022-11-03T11:10:54.6474636+03:00" testType="13cdc9d9-ddb5-4fa4-a97d-d965ccfc6d4b" outcome="Passed" testListId="8c84fa94-04c1-424b-9868-57a2d4851a1d" relativeResultsDirectory="733ebeba-b5fd-43f6-9edd-580f0f3a96a1" />
    <UnitTestResult executionId="bf6daf39-953e-488a-9d3b-f4ca52b66684" testId="20f4f5f6-d260-4775-8af4-56824b7742a3" testName="BL.Tests.TurnstilesServiceTest.TestAdminUpdateTurnstileAsync(userID: 27, turnstile: Turnstile { TurnstileID = 39, LiftID = 188, IsOpen = True }, checkPermissionServiceMock: Mock&lt;ICheckPermissionService:14&gt;, turnstilesRepositoryStub: Mock&lt;ITurnstilesRepository:8&gt;, sut: TurnstilesService { })" computerName="DESKTOP-TJ9D65N" duration="00:00:00.0382193" startTime="2022-11-03T11:10:54.5465446+03:00" endTime="2022-11-03T11:10:54.5465447+03:00" testType="13cdc9d9-ddb5-4fa4-a97d-d965ccfc6d4b" outcome="Passed" testListId="8c84fa94-04c1-424b-9868-57a2d4851a1d" relativeResultsDirectory="bf6daf39-953e-488a-9d3b-f4ca52b66684" />
    <UnitTestResult executionId="a0c4703e-ec1a-453d-a7d2-323fd3b1c0e4" testId="18fa8c62-e27d-e1fc-8182-4d7db62b008d" testName="BL.Tests.UsersServiceTests.TestAdminDeleteUser" computerName="DESKTOP-TJ9D65N" duration="00:00:00.0025257" startTime="2022-11-03T11:10:54.7937472+03:00" endTime="2022-11-03T11:10:54.7937472+03:00" testType="13cdc9d9-ddb5-4fa4-a97d-d965ccfc6d4b" outcome="Passed" testListId="8c84fa94-04c1-424b-9868-57a2d4851a1d" relativeResultsDirectory="a0c4703e-ec1a-453d-a7d2-323fd3b1c0e4" />
    <UnitTestResult executionId="e9faab1e-c59b-44f5-949c-567855b92259" testId="1ca07ad8-f799-c5d4-e7cc-34fd950198a2" testName="BL.Tests.UsersServiceTests.TestLogInOk" computerName="DESKTOP-TJ9D65N" duration="00:00:00.0031801" startTime="2022-11-03T11:10:54.7217870+03:00" endTime="2022-11-03T11:10:54.7217870+03:00" testType="13cdc9d9-ddb5-4fa4-a97d-d965ccfc6d4b" outcome="Passed" testListId="8c84fa94-04c1-424b-9868-57a2d4851a1d" relativeResultsDirectory="e9faab1e-c59b-44f5-949c-567855b92259" />
    <UnitTestResult executionId="c14ebdce-4207-484b-89de-a04695bf019b" testId="229812f5-9a73-5335-11f5-31330d1348a5" testName="BL.Tests.CheckPermissionsServiceTests.UnauthorizedHasNoAccessToAdminSkiPatrolFunctions(functionName: &quot;GetMessagesAsync&quot;)" computerName="DESKTOP-TJ9D65N" duration="00:00:00.0027731" startTime="2022-11-03T11:10:54.6461332+03:00" endTime="2022-11-03T11:10:54.6461332+03:00" testType="13cdc9d9-ddb5-4fa4-a97d-d965ccfc6d4b" outcome="Passed" testListId="8c84fa94-04c1-424b-9868-57a2d4851a1d" relativeResultsDirectory="c14ebdce-4207-484b-89de-a04695bf019b" />
    <UnitTestResult executionId="bdc77426-f307-439e-9020-2f6d1d59dc7b" testId="f44a1b21-8efc-bfac-63b4-d534442def31" testName="BL.Tests.UsersServiceTests.TestRegisterUserWithNoPassword" computerName="DESKTOP-TJ9D65N" duration="00:00:00.0018563" startTime="2022-11-03T11:10:54.6462003+03:00" endTime="2022-11-03T11:10:54.6462004+03:00" testType="13cdc9d9-ddb5-4fa4-a97d-d965ccfc6d4b" outcome="Passed" testListId="8c84fa94-04c1-424b-9868-57a2d4851a1d" relativeResultsDirectory="bdc77426-f307-439e-9020-2f6d1d59dc7b" />
    <UnitTestResult executionId="8a82c413-8f2b-42ab-953c-e2966ebeeb13" testId="52abecc6-e5ae-988d-732f-8ad3f7391af5" testName="BL.Tests.LiftsSlopesServiceTests.TestAdminDeleteLiftSlopeAsync(lift: Lift { LiftID = 159, LiftName = liftName2516340d-0992-4316-99ee-f932f5cfada1, IsOpen = True, SeatsAmount = 167, LiftingTime = 126, QueueTime = 153, ConnectedSlopes =  }, slope: Slope { SlopeID = 199, SlopeName = slopeName97ebe0a3-9059-452c-98ca-2b0efc224b5e, IsOpen = False, DifficultyLevel = 212, ConnectedLifts =  }, slopesRepositoryStub: Mock&lt;ISlopesRepository:2&gt;, liftsRepositoryStub: Mock&lt;ILiftsRepository:7&gt;, liftsSlopesRepositoryStub: Mock&lt;ILiftsSlopesRepository:7&gt;)" computerName="DESKTOP-TJ9D65N" duration="00:00:00.0075784" startTime="2022-11-03T11:10:54.6474856+03:00" endTime="2022-11-03T11:10:54.6474857+03:00" testType="13cdc9d9-ddb5-4fa4-a97d-d965ccfc6d4b" outcome="Passed" testListId="8c84fa94-04c1-424b-9868-57a2d4851a1d" relativeResultsDirectory="8a82c413-8f2b-42ab-953c-e2966ebeeb13" />
    <UnitTestResult executionId="1a12e18d-6fb5-4be2-a0c3-52e95755a052" testId="aa28a6b3-21d3-aa45-24d3-bef2facbc899" testName="BL.Tests.CheckPermissionsServiceTests.AuthorizedHasAccessToAuthorizedFunctions(functionName: &quot;LogOutAsync&quot;)" computerName="DESKTOP-TJ9D65N" duration="00:00:00.0009665" startTime="2022-11-03T11:10:54.8038156+03:00" endTime="2022-11-03T11:10:54.8038156+03:00" testType="13cdc9d9-ddb5-4fa4-a97d-d965ccfc6d4b" outcome="Passed" testListId="8c84fa94-04c1-424b-9868-57a2d4851a1d" relativeResultsDirectory="1a12e18d-6fb5-4be2-a0c3-52e95755a052" />
    <UnitTestResult executionId="34480c94-2773-4166-a926-a4be72fb3982" testId="9c7df5e2-1b23-ebea-889f-b78ca86b60ab" testName="BL.Tests.CheckPermissionsServiceTests.AuthorizedHasNoAccessToAdminSkiPatrolFunctions(functionName: &quot;MarkMessageReadByUserAsync&quot;)" computerName="DESKTOP-TJ9D65N" duration="00:00:00.0013545" startTime="2022-11-03T11:10:54.7564425+03:00" endTime="2022-11-03T11:10:54.7564426+03:00" testType="13cdc9d9-ddb5-4fa4-a97d-d965ccfc6d4b" outcome="Passed" testListId="8c84fa94-04c1-424b-9868-57a2d4851a1d" relativeResultsDirectory="34480c94-2773-4166-a926-a4be72fb3982" />
    <UnitTestResult executionId="452c1489-95ae-42b6-821e-d560c91ac339" testId="8184bd30-991c-b78d-b4ec-99a485eac0dd" testName="BL.Tests.UsersServiceTests.TestRegisterUserWithNoEmail" computerName="DESKTOP-TJ9D65N" duration="00:00:00.0035200" startTime="2022-11-03T11:10:54.6458343+03:00" endTime="2022-11-03T11:10:54.6458343+03:00" testType="13cdc9d9-ddb5-4fa4-a97d-d965ccfc6d4b" outcome="Passed" testListId="8c84fa94-04c1-424b-9868-57a2d4851a1d" relativeResultsDirectory="452c1489-95ae-42b6-821e-d560c91ac339" />
    <UnitTestResult executionId="20c99945-2408-494a-ad1a-b30c993dedb2" testId="1f2c0445-bf5a-5a89-655e-4f4a64493d51" testName="BL.Tests.TurnstilesServiceTest.TestAdminDeleteTurnstileAsync(userID: 5, turnstile: Turnstile { TurnstileID = 49, LiftID = 116, IsOpen = True }, checkPermissionServiceMock: Mock&lt;ICheckPermissionService:15&gt;, turnstilesRepositoryStub: Mock&lt;ITurnstilesRepository:9&gt;, sut: TurnstilesService { })" computerName="DESKTOP-TJ9D65N" duration="00:00:00.0049058" startTime="2022-11-03T11:10:54.6665762+03:00" endTime="2022-11-03T11:10:54.6665763+03:00" testType="13cdc9d9-ddb5-4fa4-a97d-d965ccfc6d4b" outcome="Passed" testListId="8c84fa94-04c1-424b-9868-57a2d4851a1d" relativeResultsDirectory="20c99945-2408-494a-ad1a-b30c993dedb2" />
    <UnitTestResult executionId="1022ebc8-e316-4040-b2a3-cf0729ef3eda" testId="e5497347-2721-b7a6-0bd4-69a9921f6947" testName="BL.Tests.UsersServiceTests.TestAdminGetUserByIDAsync" computerName="DESKTOP-TJ9D65N" duration="00:00:00.0033974" startTime="2022-11-03T11:10:54.7635430+03:00" endTime="2022-11-03T11:10:54.7635430+03:00" testType="13cdc9d9-ddb5-4fa4-a97d-d965ccfc6d4b" outcome="Passed" testListId="8c84fa94-04c1-424b-9868-57a2d4851a1d" relativeResultsDirectory="1022ebc8-e316-4040-b2a3-cf0729ef3eda" />
    <UnitTestResult executionId="779cacea-afb9-417d-939c-5519cd96d1b3" testId="af5bdc2c-6355-4e49-deb9-74f299defe35" testName="BL.Tests.SlopesServiceTest.TestAdminDeleteSlopeAsync(userID: 135, slope: Slope { SlopeID = 10, SlopeName = slopeNamef945285d-fcee-4fbf-b9c8-0f4981b6abe9, IsOpen = True, DifficultyLevel = 36, ConnectedLifts =  }, checkPermissionServiceMock: Mock&lt;ICheckPermissionService:9&gt;, slopesRepositoryStub: Mock&lt;ISlopesRepository:7&gt;, liftsSlopesRepositoryStub: Mock&lt;ILiftsSlopesRepository:12&gt;, sut: SlopesService { })" computerName="DESKTOP-TJ9D65N" duration="00:00:00.0064455" startTime="2022-11-03T11:10:54.6864455+03:00" endTime="2022-11-03T11:10:54.6864456+03:00" testType="13cdc9d9-ddb5-4fa4-a97d-d965ccfc6d4b" outcome="Passed" testListId="8c84fa94-04c1-424b-9868-57a2d4851a1d" relativeResultsDirectory="779cacea-afb9-417d-939c-5519cd96d1b3" />
    <UnitTestResult executionId="6233479d-7111-4f62-83be-56368f5203b1" testId="f3efc418-a8a6-c7b7-9bac-90b33aa8472f" testName="BL.Tests.CheckPermissionsServiceTests.AdminHasAccessToAllFunctions" computerName="DESKTOP-TJ9D65N" duration="00:00:00.0017601" startTime="2022-11-03T11:10:54.8464048+03:00" endTime="2022-11-03T11:10:54.8464048+03:00" testType="13cdc9d9-ddb5-4fa4-a97d-d965ccfc6d4b" outcome="Passed" testListId="8c84fa94-04c1-424b-9868-57a2d4851a1d" relativeResultsDirectory="6233479d-7111-4f62-83be-56368f5203b1" />
    <UnitTestResult executionId="eb5a811a-fe69-49fd-8a38-96fff3972121" testId="834c739b-eca4-b36d-6a66-5a1bd75377b8" testName="BL.Tests.UsersServiceTests.TestAdminAddAutoIncrementUser" computerName="DESKTOP-TJ9D65N" duration="00:00:00.0052944" startTime="2022-11-03T11:10:54.7515998+03:00" endTime="2022-11-03T11:10:54.7515999+03:00" testType="13cdc9d9-ddb5-4fa4-a97d-d965ccfc6d4b" outcome="Passed" testListId="8c84fa94-04c1-424b-9868-57a2d4851a1d" relativeResultsDirectory="eb5a811a-fe69-49fd-8a38-96fff3972121" />
    <UnitTestResult executionId="ddd0ba83-53b0-4ab4-b530-447d36b65e3e" testId="5cd00af7-80cf-6b2e-53ca-ff1dbab7a76e" testName="BL.Tests.SlopesServiceTest.TestGetSlopeInfoAsync(userID: 176, slope: Slope { SlopeID = 1, SlopeName = slopeName033a9176-31fa-43e8-9d21-d16f678cba00, IsOpen = True, DifficultyLevel = 30, ConnectedLifts =  }, checkPermissionServiceMock: Mock&lt;ICheckPermissionService:6&gt;, slopesRepositoryStub: Mock&lt;ISlopesRepository:4&gt;, liftsSlopesRepositoryStub: Mock&lt;ILiftsSlopesRepository:9&gt;, sut: SlopesService { })" computerName="DESKTOP-TJ9D65N" duration="00:00:00.0403419" startTime="2022-11-03T11:10:54.5465558+03:00" endTime="2022-11-03T11:10:54.5465559+03:00" testType="13cdc9d9-ddb5-4fa4-a97d-d965ccfc6d4b" outcome="Passed" testListId="8c84fa94-04c1-424b-9868-57a2d4851a1d" relativeResultsDirectory="ddd0ba83-53b0-4ab4-b530-447d36b65e3e" />
  </Results>
  <TestDefinitions>
    <UnitTest name="BL.Tests.TurnstilesServiceTest.TestAdminAddAutoIncrementTurnstileAsync(userID: 89, turnstile: Turnstile { TurnstileID = 3, LiftID = 203, IsOpen = True }, checkPermissionServiceMock: Mock&lt;ICheckPermissionService:16&gt;, turnstilesRepositoryStub: Mock&lt;ITurnstilesRepository:10&gt;, sut: TurnstilesService { })" storage="/mnt/c/users/alena/desktop/7_sem/testing_and_debugging/skiresort/bl.tests/bin/debug/net6.0/bl.tests.dll" id="9d190865-8850-c3b9-f07a-da3843999b78">
      <Execution id="b6342840-00d9-4562-8ae9-3b9b8edb2448" />
      <TestMethod codeBase="/mnt/c/Users/alena/Desktop/7_sem/testing_and_debugging/SkiResort/BL.Tests/bin/Debug/net6.0/BL.Tests.dll" adapterTypeName="executor://xunit/VsTestRunner2/netcoreapp" className="BL.Tests.TurnstilesServiceTest" name="TestAdminAddAutoIncrementTurnstileAsync" />
    </UnitTest>
    <UnitTest name="BL.Tests.LiftsSlopesServiceTests.TestAdminAddAutoIncrementLiftSlopeAsync(lift: Lift { LiftID = 100, LiftName = liftName194e055e-97fd-4bd2-b8e9-a1838dab80f7, IsOpen = True, SeatsAmount = 91, LiftingTime = 131, QueueTime = 63, ConnectedSlopes =  }, slope: Slope { SlopeID = 120, SlopeName = slopeNamed2f5e479-5143-462c-a11a-0bf71ed0dc0d, IsOpen = False, DifficultyLevel = 36, ConnectedLifts =  }, slopesRepositoryStub: Mock&lt;ISlopesRepository:3&gt;, ..." storage="/mnt/c/users/alena/desktop/7_sem/testing_and_debugging/skiresort/bl.tests/bin/debug/net6.0/bl.tests.dll" id="17086473-b409-bce1-c097-f1a574c6bbcd">
      <Execution id="388ffc08-79ed-4047-a087-a226814e6680" />
      <TestMethod codeBase="/mnt/c/Users/alena/Desktop/7_sem/testing_and_debugging/SkiResort/BL.Tests/bin/Debug/net6.0/BL.Tests.dll" adapterTypeName="executor://xunit/VsTestRunner2/netcoreapp" className="BL.Tests.LiftsSlopesServiceTests" name="TestAdminAddAutoIncrementLiftSlopeAsync" />
    </UnitTest>
    <UnitTest name="BL.Tests.CheckPermissionsServiceTests.AuthorizedHasNoAccessToAdminSkiPatrolFunctions(functionName: &quot;MarkMessageReadByUserAsync&quot;)" storage="/mnt/c/users/alena/desktop/7_sem/testing_and_debugging/skiresort/bl.tests/bin/debug/net6.0/bl.tests.dll" id="9c7df5e2-1b23-ebea-889f-b78ca86b60ab">
      <Execution id="34480c94-2773-4166-a926-a4be72fb3982" />
      <TestMethod codeBase="/mnt/c/Users/alena/Desktop/7_sem/testing_and_debugging/SkiResort/BL.Tests/bin/Debug/net6.0/BL.Tests.dll" adapterTypeName="executor://xunit/VsTestRunner2/netcoreapp" className="BL.Tests.CheckPermissionsServiceTests" name="AuthorizedHasNoAccessToAdminSkiPatrolFunctions" />
    </UnitTest>
    <UnitTest name="BL.Tests.TurnstilesServiceTest.TestAdminGetTurnstileAsync(userID: 46, turnstile: Turnstile { TurnstileID = 191, LiftID = 1, IsOpen = True }, checkPermissionServiceMock: Mock&lt;ICheckPermissionService:12&gt;, turnstilesRepositoryStub: Mock&lt;ITurnstilesRepository:6&gt;, sut: TurnstilesService { })" storage="/mnt/c/users/alena/desktop/7_sem/testing_and_debugging/skiresort/bl.tests/bin/debug/net6.0/bl.tests.dll" id="c7a6fcf2-d280-0089-2ab7-fd64b8e90cd1">
      <Execution id="95e81153-791c-455f-a396-d329b3cd1cd7" />
      <TestMethod codeBase="/mnt/c/Users/alena/Desktop/7_sem/testing_and_debugging/SkiResort/BL.Tests/bin/Debug/net6.0/BL.Tests.dll" adapterTypeName="executor://xunit/VsTestRunner2/netcoreapp" className="BL.Tests.TurnstilesServiceTest" name="TestAdminGetTurnstileAsync" />
    </UnitTest>
    <UnitTest name="BL.Tests.CheckPermissionsServiceTests.UnauthorizedHasNoAccessToAdminSkiPatrolFunctions(functionName: &quot;MarkMessageReadByUserAsync&quot;)" storage="/mnt/c/users/alena/desktop/7_sem/testing_and_debugging/skiresort/bl.tests/bin/debug/net6.0/bl.tests.dll" id="a19a5fcf-c5d2-7d44-5d7d-84403042f4e0">
      <Execution id="3eb0addf-0345-4a16-b3ec-a8038535127c" />
      <TestMethod codeBase="/mnt/c/Users/alena/Desktop/7_sem/testing_and_debugging/SkiResort/BL.Tests/bin/Debug/net6.0/BL.Tests.dll" adapterTypeName="executor://xunit/VsTestRunner2/netcoreapp" className="BL.Tests.CheckPermissionsServiceTests" name="UnauthorizedHasNoAccessToAdminSkiPatrolFunctions" />
    </UnitTest>
    <UnitTest name="BL.Tests.CheckPermissionsServiceTests.AuthorizedHasNoAccessToAdminSkiPatrolFunctions(functionName: &quot;GetMessagesAsync&quot;)" storage="/mnt/c/users/alena/desktop/7_sem/testing_and_debugging/skiresort/bl.tests/bin/debug/net6.0/bl.tests.dll" id="2602613f-c8e2-a6d9-fcf7-5b27d4a770a6">
      <Execution id="bebe470f-86cd-4223-b381-775dfd3307f2" />
      <TestMethod codeBase="/mnt/c/Users/alena/Desktop/7_sem/testing_and_debugging/SkiResort/BL.Tests/bin/Debug/net6.0/BL.Tests.dll" adapterTypeName="executor://xunit/VsTestRunner2/netcoreapp" className="BL.Tests.CheckPermissionsServiceTests" name="AuthorizedHasNoAccessToAdminSkiPatrolFunctions" />
    </UnitTest>
    <UnitTest name="BL.Tests.CheckPermissionsServiceTests.AuthorizedHasNoAccessToAdminFunctions" storage="/mnt/c/users/alena/desktop/7_sem/testing_and_debugging/skiresort/bl.tests/bin/debug/net6.0/bl.tests.dll" id="a2e59116-cb53-1d70-9cb8-21c286516866">
      <Execution id="8f063b53-244e-4a4d-baa2-3c136301beb6" />
      <TestMethod codeBase="/mnt/c/Users/alena/Desktop/7_sem/testing_and_debugging/SkiResort/BL.Tests/bin/Debug/net6.0/BL.Tests.dll" adapterTypeName="executor://xunit/VsTestRunner2/netcoreapp" className="BL.Tests.CheckPermissionsServiceTests" name="AuthorizedHasNoAccessToAdminFunctions" />
    </UnitTest>
    <UnitTest name="BL.Tests.CheckPermissionsServiceTests.SkiPatrolHasAccessToAdminSkiPatrolFunctions(functionName: &quot;GetMessagesAsync&quot;)" storage="/mnt/c/users/alena/desktop/7_sem/testing_and_debugging/skiresort/bl.tests/bin/debug/net6.0/bl.tests.dll" id="c36970dc-93f7-753e-fa47-157133b01644">
      <Execution id="69af5c70-8bd7-40f5-95ff-3ef399ecea00" />
      <TestMethod codeBase="/mnt/c/Users/alena/Desktop/7_sem/testing_and_debugging/SkiResort/BL.Tests/bin/Debug/net6.0/BL.Tests.dll" adapterTypeName="executor://xunit/VsTestRunner2/netcoreapp" className="BL.Tests.CheckPermissionsServiceTests" name="SkiPatrolHasAccessToAdminSkiPatrolFunctions" />
    </UnitTest>
    <UnitTest name="BL.Tests.CheckPermissionsServiceTests.AdminHasAccessToAllFunctions" storage="/mnt/c/users/alena/desktop/7_sem/testing_and_debugging/skiresort/bl.tests/bin/debug/net6.0/bl.tests.dll" id="f3efc418-a8a6-c7b7-9bac-90b33aa8472f">
      <Execution id="6233479d-7111-4f62-83be-56368f5203b1" />
      <TestMethod codeBase="/mnt/c/Users/alena/Desktop/7_sem/testing_and_debugging/SkiResort/BL.Tests/bin/Debug/net6.0/BL.Tests.dll" adapterTypeName="executor://xunit/VsTestRunner2/netcoreapp" className="BL.Tests.CheckPermissionsServiceTests" name="AdminHasAccessToAllFunctions" />
    </UnitTest>
    <UnitTest name="BL.Tests.LiftsServiceTest.TestAdminAddAutoIncrementLiftAsync(userID: 75, lift: Lift { LiftID = 243, LiftName = liftName485fb331-98e7-4373-ac66-ee4611ef4ba7, IsOpen = True, SeatsAmount = 60, LiftingTime = 188, QueueTime = 24, ConnectedSlopes =  }, checkPermissionServiceMock: Mock&lt;ICheckPermissionService:5&gt;, liftsRepositoryStub: Mock&lt;ILiftsRepository:5&gt;, sut: LiftsService { })" storage="/mnt/c/users/alena/desktop/7_sem/testing_and_debugging/skiresort/bl.tests/bin/debug/net6.0/bl.tests.dll" id="bb8e9097-007d-98cd-4581-e2458693e39e">
      <Execution id="88a17050-a3b6-4bff-b8cd-9e71eb39d8dc" />
      <TestMethod codeBase="/mnt/c/Users/alena/Desktop/7_sem/testing_and_debugging/SkiResort/BL.Tests/bin/Debug/net6.0/BL.Tests.dll" adapterTypeName="executor://xunit/VsTestRunner2/netcoreapp" className="BL.Tests.LiftsServiceTest" name="TestAdminAddAutoIncrementLiftAsync" />
    </UnitTest>
    <UnitTest name="BL.Tests.UsersServiceTests.TestRegisterUserWithNoPassword" storage="/mnt/c/users/alena/desktop/7_sem/testing_and_debugging/skiresort/bl.tests/bin/debug/net6.0/bl.tests.dll" id="f44a1b21-8efc-bfac-63b4-d534442def31">
      <Execution id="bdc77426-f307-439e-9020-2f6d1d59dc7b" />
      <TestMethod codeBase="/mnt/c/Users/alena/Desktop/7_sem/testing_and_debugging/SkiResort/BL.Tests/bin/Debug/net6.0/BL.Tests.dll" adapterTypeName="executor://xunit/VsTestRunner2/netcoreapp" className="BL.Tests.UsersServiceTests" name="TestRegisterUserWithNoPassword" />
    </UnitTest>
    <UnitTest name="BL.Tests.UsersServiceTests.TestAdminGetUserByIDAsync" storage="/mnt/c/users/alena/desktop/7_sem/testing_and_debugging/skiresort/bl.tests/bin/debug/net6.0/bl.tests.dll" id="e5497347-2721-b7a6-0bd4-69a9921f6947">
      <Execution id="1022ebc8-e316-4040-b2a3-cf0729ef3eda" />
      <TestMethod codeBase="/mnt/c/Users/alena/Desktop/7_sem/testing_and_debugging/SkiResort/BL.Tests/bin/Debug/net6.0/BL.Tests.dll" adapterTypeName="executor://xunit/VsTestRunner2/netcoreapp" className="BL.Tests.UsersServiceTests" name="TestAdminGetUserByIDAsync" />
    </UnitTest>
    <UnitTest name="BL.Tests.SlopesServiceTest.TestAdminAddSlopeAsync(userID: 20, slope: Slope { SlopeID = 212, SlopeName = slopeName3b3adc35-a649-4192-91be-173059a792e8, IsOpen = True, DifficultyLevel = 113, ConnectedLifts =  }, checkPermissionServiceMock: Mock&lt;ICheckPermissionService:11&gt;, slopesRepositoryStub: Mock&lt;ISlopesRepository:9&gt;, sut: SlopesService { })" storage="/mnt/c/users/alena/desktop/7_sem/testing_and_debugging/skiresort/bl.tests/bin/debug/net6.0/bl.tests.dll" id="51c16400-773f-6ce2-1d3c-e63e031c22f3">
      <Execution id="acd50dca-4c92-4312-9e73-1968826feaa9" />
      <TestMethod codeBase="/mnt/c/Users/alena/Desktop/7_sem/testing_and_debugging/SkiResort/BL.Tests/bin/Debug/net6.0/BL.Tests.dll" adapterTypeName="executor://xunit/VsTestRunner2/netcoreapp" className="BL.Tests.SlopesServiceTest" name="TestAdminAddSlopeAsync" />
    </UnitTest>
    <UnitTest name="BL.Tests.LiftsServiceTest.TestGetLiftInfoAsync(userID: 166, lift: Lift { LiftID = 180, LiftName = liftNamef1cfa5e6-c435-421c-9ab0-2434b86d8142, IsOpen = True, SeatsAmount = 181, LiftingTime = 90, QueueTime = 41, ConnectedSlopes =  }, checkPermissionServiceMock: Mock&lt;ICheckPermissionService:1&gt;, liftsRepositoryStub: Mock&lt;ILiftsRepository:1&gt;, liftsSlopesRepositoryStub: Mock&lt;ILiftsSlopesRepository:1&gt;, sut: LiftsService { })" storage="/mnt/c/users/alena/desktop/7_sem/testing_and_debugging/skiresort/bl.tests/bin/debug/net6.0/bl.tests.dll" id="6c3a702d-e813-df0c-a937-722d10db5a25">
      <Execution id="fa681838-a220-42a8-bccb-3d3c0912fe39" />
      <TestMethod codeBase="/mnt/c/Users/alena/Desktop/7_sem/testing_and_debugging/SkiResort/BL.Tests/bin/Debug/net6.0/BL.Tests.dll" adapterTypeName="executor://xunit/VsTestRunner2/netcoreapp" className="BL.Tests.LiftsServiceTest" name="TestGetLiftInfoAsync" />
    </UnitTest>
    <UnitTest name="BL.Tests.LiftsServiceTest.TestUpdateLiftInfoAsync(userID: 29, lift: Lift { LiftID = 11, LiftName = liftNameb82fab37-77a4-4f79-b786-24b65eb9dd51, IsOpen = True, SeatsAmount = 77, LiftingTime = 162, QueueTime = 202, ConnectedSlopes =  }, checkPermissionServiceMock: Mock&lt;ICheckPermissionService:3&gt;, liftsRepositoryStub: Mock&lt;ILiftsRepository:3&gt;, sut: LiftsService { })" storage="/mnt/c/users/alena/desktop/7_sem/testing_and_debugging/skiresort/bl.tests/bin/debug/net6.0/bl.tests.dll" id="c4dc5c88-23b4-2606-1e85-0f86cdfbf05c">
      <Execution id="8ac48041-9b77-49c1-9d68-39e2505ba10f" />
      <TestMethod codeBase="/mnt/c/Users/alena/Desktop/7_sem/testing_and_debugging/SkiResort/BL.Tests/bin/Debug/net6.0/BL.Tests.dll" adapterTypeName="executor://xunit/VsTestRunner2/netcoreapp" className="BL.Tests.LiftsServiceTest" name="TestUpdateLiftInfoAsync" />
    </UnitTest>
    <UnitTest name="BL.Tests.TurnstilesServiceTest.TestAdminGetTurnstilesAsync(userID: 177, initialTurnstiles: [Turnstile { TurnstileID = 224, LiftID = 2, IsOpen = True }, Turnstile { TurnstileID = 147, LiftID = 22, IsOpen = False }, Turnstile { TurnstileID = 42, LiftID = 62, IsOpen = True }], checkPermissionServiceMock: Mock&lt;ICheckPermissionService:13&gt;, turnstilesRepositoryStub: Mock&lt;ITurnstilesRepository:7&gt;, sut: TurnstilesService { })" storage="/mnt/c/users/alena/desktop/7_sem/testing_and_debugging/skiresort/bl.tests/bin/debug/net6.0/bl.tests.dll" id="69c3f0ab-f1cc-8522-56a8-c53b4ca13f07">
      <Execution id="733ebeba-b5fd-43f6-9edd-580f0f3a96a1" />
      <TestMethod codeBase="/mnt/c/Users/alena/Desktop/7_sem/testing_and_debugging/SkiResort/BL.Tests/bin/Debug/net6.0/BL.Tests.dll" adapterTypeName="executor://xunit/VsTestRunner2/netcoreapp" className="BL.Tests.TurnstilesServiceTest" name="TestAdminGetTurnstilesAsync" />
    </UnitTest>
    <UnitTest name="BL.Tests.UsersServiceTests.TestAdminAddAutoIncrementUser" storage="/mnt/c/users/alena/desktop/7_sem/testing_and_debugging/skiresort/bl.tests/bin/debug/net6.0/bl.tests.dll" id="834c739b-eca4-b36d-6a66-5a1bd75377b8">
      <Execution id="eb5a811a-fe69-49fd-8a38-96fff3972121" />
      <TestMethod codeBase="/mnt/c/Users/alena/Desktop/7_sem/testing_and_debugging/SkiResort/BL.Tests/bin/Debug/net6.0/BL.Tests.dll" adapterTypeName="executor://xunit/VsTestRunner2/netcoreapp" className="BL.Tests.UsersServiceTests" name="TestAdminAddAutoIncrementUser" />
    </UnitTest>
    <UnitTest name="BL.Tests.CheckPermissionsServiceTests.UnauthorizedHasNoAccessToAdminSkiPatrolFunctions(functionName: &quot;GetLiftsSlopesInfoAsync&quot;)" storage="/mnt/c/users/alena/desktop/7_sem/testing_and_debugging/skiresort/bl.tests/bin/debug/net6.0/bl.tests.dll" id="387c9729-48c1-486e-5e67-f5d11a9f0db8">
      <Execution id="dd93f021-6792-4388-8cff-77cf07574681" />
      <TestMethod codeBase="/mnt/c/Users/alena/Desktop/7_sem/testing_and_debugging/SkiResort/BL.Tests/bin/Debug/net6.0/BL.Tests.dll" adapterTypeName="executor://xunit/VsTestRunner2/netcoreapp" className="BL.Tests.CheckPermissionsServiceTests" name="UnauthorizedHasNoAccessToAdminSkiPatrolFunctions" />
    </UnitTest>
    <UnitTest name="BL.Tests.CheckPermissionsServiceTests.SkiPatrolHasAccessToAdminSkiPatrolFunctions(functionName: &quot;MarkMessageReadByUserAsync&quot;)" storage="/mnt/c/users/alena/desktop/7_sem/testing_and_debugging/skiresort/bl.tests/bin/debug/net6.0/bl.tests.dll" id="60bd668f-04df-da5e-b79b-5d9aedb5234d">
      <Execution id="0776044e-2f24-413e-a577-85cafac2faae" />
      <TestMethod codeBase="/mnt/c/Users/alena/Desktop/7_sem/testing_and_debugging/SkiResort/BL.Tests/bin/Debug/net6.0/BL.Tests.dll" adapterTypeName="executor://xunit/VsTestRunner2/netcoreapp" className="BL.Tests.CheckPermissionsServiceTests" name="SkiPatrolHasAccessToAdminSkiPatrolFunctions" />
    </UnitTest>
    <UnitTest name="BL.Tests.CheckPermissionsServiceTests.UnauthorizedHasNoAccessToAdminFunctions" storage="/mnt/c/users/alena/desktop/7_sem/testing_and_debugging/skiresort/bl.tests/bin/debug/net6.0/bl.tests.dll" id="e2d7e5be-3dae-33ae-fb17-c704b6fd58d6">
      <Execution id="b2d46947-21c9-41db-bb45-218d392d5aa7" />
      <TestMethod codeBase="/mnt/c/Users/alena/Desktop/7_sem/testing_and_debugging/SkiResort/BL.Tests/bin/Debug/net6.0/BL.Tests.dll" adapterTypeName="executor://xunit/VsTestRunner2/netcoreapp" className="BL.Tests.CheckPermissionsServiceTests" name="UnauthorizedHasNoAccessToAdminFunctions" />
    </UnitTest>
    <UnitTest name="BL.Tests.UsersServiceTests.TestLogInWithWrongPassword" storage="/mnt/c/users/alena/desktop/7_sem/testing_and_debugging/skiresort/bl.tests/bin/debug/net6.0/bl.tests.dll" id="69340bb6-3645-f9dd-971e-29d8b2a009bb">
      <Execution id="ece7173e-dd9f-4e56-8ba9-1d196d39b3e1" />
      <TestMethod codeBase="/mnt/c/Users/alena/Desktop/7_sem/testing_and_debugging/SkiResort/BL.Tests/bin/Debug/net6.0/BL.Tests.dll" adapterTypeName="executor://xunit/VsTestRunner2/netcoreapp" className="BL.Tests.UsersServiceTests" name="TestLogInWithWrongPassword" />
    </UnitTest>
    <UnitTest name="BL.Tests.CheckPermissionsServiceTests.SkiPatrolHasAccessToAdminSkiPatrolFunctions(functionName: &quot;GetLiftsSlopesInfoAsync&quot;)" storage="/mnt/c/users/alena/desktop/7_sem/testing_and_debugging/skiresort/bl.tests/bin/debug/net6.0/bl.tests.dll" id="2d706594-f2b3-b3c8-21d4-86c9798c3306">
      <Execution id="49b651cd-ac16-4996-8b24-bcf2f9a5cc16" />
      <TestMethod codeBase="/mnt/c/Users/alena/Desktop/7_sem/testing_and_debugging/SkiResort/BL.Tests/bin/Debug/net6.0/BL.Tests.dll" adapterTypeName="executor://xunit/VsTestRunner2/netcoreapp" className="BL.Tests.CheckPermissionsServiceTests" name="SkiPatrolHasAccessToAdminSkiPatrolFunctions" />
    </UnitTest>
    <UnitTest name="BL.Tests.CheckPermissionsServiceTests.SkiPatrolHasNoAccessToAdminFunctions" storage="/mnt/c/users/alena/desktop/7_sem/testing_and_debugging/skiresort/bl.tests/bin/debug/net6.0/bl.tests.dll" id="492c0393-35b4-df26-a537-21ca08302f3c">
      <Execution id="99e35099-b8ef-4a92-9bae-055602dd0188" />
      <TestMethod codeBase="/mnt/c/Users/alena/Desktop/7_sem/testing_and_debugging/SkiResort/BL.Tests/bin/Debug/net6.0/BL.Tests.dll" adapterTypeName="executor://xunit/VsTestRunner2/netcoreapp" className="BL.Tests.CheckPermissionsServiceTests" name="SkiPatrolHasNoAccessToAdminFunctions" />
    </UnitTest>
    <UnitTest name="BL.Tests.UsersServiceTests.TestAdminDeleteUser" storage="/mnt/c/users/alena/desktop/7_sem/testing_and_debugging/skiresort/bl.tests/bin/debug/net6.0/bl.tests.dll" id="18fa8c62-e27d-e1fc-8182-4d7db62b008d">
      <Execution id="a0c4703e-ec1a-453d-a7d2-323fd3b1c0e4" />
      <TestMethod codeBase="/mnt/c/Users/alena/Desktop/7_sem/testing_and_debugging/SkiResort/BL.Tests/bin/Debug/net6.0/BL.Tests.dll" adapterTypeName="executor://xunit/VsTestRunner2/netcoreapp" className="BL.Tests.UsersServiceTests" name="TestAdminDeleteUser" />
    </UnitTest>
    <UnitTest name="BL.Tests.CheckPermissionsServiceTests.AuthorizedHasAccessToAuthorizedFunctions(functionName: &quot;LogOutAsync&quot;)" storage="/mnt/c/users/alena/desktop/7_sem/testing_and_debugging/skiresort/bl.tests/bin/debug/net6.0/bl.tests.dll" id="aa28a6b3-21d3-aa45-24d3-bef2facbc899">
      <Execution id="1a12e18d-6fb5-4be2-a0c3-52e95755a052" />
      <TestMethod codeBase="/mnt/c/Users/alena/Desktop/7_sem/testing_and_debugging/SkiResort/BL.Tests/bin/Debug/net6.0/BL.Tests.dll" adapterTypeName="executor://xunit/VsTestRunner2/netcoreapp" className="BL.Tests.CheckPermissionsServiceTests" name="AuthorizedHasAccessToAuthorizedFunctions" />
    </UnitTest>
    <UnitTest name="BL.Tests.UsersServiceTests.TestAdminUpdateUser" storage="/mnt/c/users/alena/desktop/7_sem/testing_and_debugging/skiresort/bl.tests/bin/debug/net6.0/bl.tests.dll" id="06d0bc3a-24a0-fb7f-4277-e9ae6d21c7dd">
      <Execution id="a66295fb-19af-49e8-8fb3-46c14927f7e9" />
      <TestMethod codeBase="/mnt/c/Users/alena/Desktop/7_sem/testing_and_debugging/SkiResort/BL.Tests/bin/Debug/net6.0/BL.Tests.dll" adapterTypeName="executor://xunit/VsTestRunner2/netcoreapp" className="BL.Tests.UsersServiceTests" name="TestAdminUpdateUser" />
    </UnitTest>
    <UnitTest name="BL.Tests.LiftsServiceTest.TestAdminDeleteLiftAsync(userID: 68, lift: Lift { LiftID = 10, LiftName = liftName93cdc970-b40c-429d-b34f-48b39b9a0100, IsOpen = True, SeatsAmount = 48, LiftingTime = 214, QueueTime = 59, ConnectedSlopes =  }, checkPermissionServiceMock: Mock&lt;ICheckPermissionService:4&gt;, liftsRepositoryStub: Mock&lt;ILiftsRepository:4&gt;, liftsSlopesRepositoryStub: Mock&lt;ILiftsSlopesRepository:4&gt;, sut: LiftsService { })" storage="/mnt/c/users/alena/desktop/7_sem/testing_and_debugging/skiresort/bl.tests/bin/debug/net6.0/bl.tests.dll" id="efbc1092-15e9-260e-ed0d-b6cf7cea6eb6">
      <Execution id="281e44d0-020b-4a44-be07-3e3e93432b80" />
      <TestMethod codeBase="/mnt/c/Users/alena/Desktop/7_sem/testing_and_debugging/SkiResort/BL.Tests/bin/Debug/net6.0/BL.Tests.dll" adapterTypeName="executor://xunit/VsTestRunner2/netcoreapp" className="BL.Tests.LiftsServiceTest" name="TestAdminDeleteLiftAsync" />
    </UnitTest>
    <UnitTest name="BL.Tests.UsersServiceTests.TestLogInOk" storage="/mnt/c/users/alena/desktop/7_sem/testing_and_debugging/skiresort/bl.tests/bin/debug/net6.0/bl.tests.dll" id="1ca07ad8-f799-c5d4-e7cc-34fd950198a2">
      <Execution id="e9faab1e-c59b-44f5-949c-567855b92259" />
      <TestMethod codeBase="/mnt/c/Users/alena/Desktop/7_sem/testing_and_debugging/SkiResort/BL.Tests/bin/Debug/net6.0/BL.Tests.dll" adapterTypeName="executor://xunit/VsTestRunner2/netcoreapp" className="BL.Tests.UsersServiceTests" name="TestLogInOk" />
    </UnitTest>
    <UnitTest name="BL.Tests.UsersServiceTests.TestAdminGetUsers" storage="/mnt/c/users/alena/desktop/7_sem/testing_and_debugging/skiresort/bl.tests/bin/debug/net6.0/bl.tests.dll" id="20ad8570-0170-85de-dcd7-2f109dd7bcd6">
      <Execution id="0a022064-9dd9-4be5-859f-0ebcc7322101" />
      <TestMethod codeBase="/mnt/c/Users/alena/Desktop/7_sem/testing_and_debugging/SkiResort/BL.Tests/bin/Debug/net6.0/BL.Tests.dll" adapterTypeName="executor://xunit/VsTestRunner2/netcoreapp" className="BL.Tests.UsersServiceTests" name="TestAdminGetUsers" />
    </UnitTest>
    <UnitTest name="BL.Tests.CheckPermissionsServiceTests.UnauthorizedHasNoAccessToAdminSkiPatrolFunctions(functionName: &quot;GetMessagesAsync&quot;)" storage="/mnt/c/users/alena/desktop/7_sem/testing_and_debugging/skiresort/bl.tests/bin/debug/net6.0/bl.tests.dll" id="229812f5-9a73-5335-11f5-31330d1348a5">
      <Execution id="c14ebdce-4207-484b-89de-a04695bf019b" />
      <TestMethod codeBase="/mnt/c/Users/alena/Desktop/7_sem/testing_and_debugging/SkiResort/BL.Tests/bin/Debug/net6.0/BL.Tests.dll" adapterTypeName="executor://xunit/VsTestRunner2/netcoreapp" className="BL.Tests.CheckPermissionsServiceTests" name="UnauthorizedHasNoAccessToAdminSkiPatrolFunctions" />
    </UnitTest>
    <UnitTest name="BL.Tests.LiftsServiceTest.TestGetLiftsInfoAsync(userID: 60, initialLifts: [Lift { LiftID = 4, LiftName = liftNamef0bbb2b8-6e9f-4fa9-8fca-6d90c7717e72, IsOpen = True, SeatsAmount = 227, LiftingTime = 2, QueueTime = 241, ConnectedSlopes =  }, Lift { LiftID = 252, LiftName = liftName7ca99a66-db2f-4bdb-ae8f-00a8b432f550, IsOpen = False, SeatsAmount = 206, LiftingTime = 255, QueueTime = 148, ConnectedSlopes =  }, Lift { LiftID = 229, LiftName = ..." storage="/mnt/c/users/alena/desktop/7_sem/testing_and_debugging/skiresort/bl.tests/bin/debug/net6.0/bl.tests.dll" id="df16099d-1d44-763b-fa30-ba344485481c">
      <Execution id="9843528c-ec19-432b-9edb-38b81150965b" />
      <TestMethod codeBase="/mnt/c/Users/alena/Desktop/7_sem/testing_and_debugging/SkiResort/BL.Tests/bin/Debug/net6.0/BL.Tests.dll" adapterTypeName="executor://xunit/VsTestRunner2/netcoreapp" className="BL.Tests.LiftsServiceTest" name="TestGetLiftsInfoAsync" />
    </UnitTest>
    <UnitTest name="BL.Tests.SlopesServiceTest.TestGetSlopesInfoAsync(userID: 155, initialSlopes: [Slope { SlopeID = 13, SlopeName = slopeName08c8db9d-acc9-43d4-b6ba-5c506561f9cf, IsOpen = True, DifficultyLevel = 179, ConnectedLifts =  }, Slope { SlopeID = 100, SlopeName = slopeNameede63f59-9aeb-4b81-a2bf-6454ce33bba9, IsOpen = False, DifficultyLevel = 166, ConnectedLifts =  }, Slope { SlopeID = 234, SlopeName = slopeName350d905b-79b1-443c-9ecf-6c21002fe638, I..." storage="/mnt/c/users/alena/desktop/7_sem/testing_and_debugging/skiresort/bl.tests/bin/debug/net6.0/bl.tests.dll" id="ee6f5e44-a795-f4a9-44de-9a8741cae3d4">
      <Execution id="0ec791df-d8f1-4efa-bae8-5edb7db6306a" />
      <TestMethod codeBase="/mnt/c/Users/alena/Desktop/7_sem/testing_and_debugging/SkiResort/BL.Tests/bin/Debug/net6.0/BL.Tests.dll" adapterTypeName="executor://xunit/VsTestRunner2/netcoreapp" className="BL.Tests.SlopesServiceTest" name="TestGetSlopesInfoAsync" />
    </UnitTest>
    <UnitTest name="BL.Tests.TurnstilesServiceTest.TestAdminDeleteTurnstileAsync(userID: 5, turnstile: Turnstile { TurnstileID = 49, LiftID = 116, IsOpen = True }, checkPermissionServiceMock: Mock&lt;ICheckPermissionService:15&gt;, turnstilesRepositoryStub: Mock&lt;ITurnstilesRepository:9&gt;, sut: TurnstilesService { })" storage="/mnt/c/users/alena/desktop/7_sem/testing_and_debugging/skiresort/bl.tests/bin/debug/net6.0/bl.tests.dll" id="1f2c0445-bf5a-5a89-655e-4f4a64493d51">
      <Execution id="20c99945-2408-494a-ad1a-b30c993dedb2" />
      <TestMethod codeBase="/mnt/c/Users/alena/Desktop/7_sem/testing_and_debugging/SkiResort/BL.Tests/bin/Debug/net6.0/BL.Tests.dll" adapterTypeName="executor://xunit/VsTestRunner2/netcoreapp" className="BL.Tests.TurnstilesServiceTest" name="TestAdminDeleteTurnstileAsync" />
    </UnitTest>
    <UnitTest name="BL.Tests.TurnstilesServiceTest.TestAdminUpdateTurnstileAsync(userID: 27, turnstile: Turnstile { TurnstileID = 39, LiftID = 188, IsOpen = True }, checkPermissionServiceMock: Mock&lt;ICheckPermissionService:14&gt;, turnstilesRepositoryStub: Mock&lt;ITurnstilesRepository:8&gt;, sut: TurnstilesService { })" storage="/mnt/c/users/alena/desktop/7_sem/testing_and_debugging/skiresort/bl.tests/bin/debug/net6.0/bl.tests.dll" id="20f4f5f6-d260-4775-8af4-56824b7742a3">
      <Execution id="bf6daf39-953e-488a-9d3b-f4ca52b66684" />
      <TestMethod codeBase="/mnt/c/Users/alena/Desktop/7_sem/testing_and_debugging/SkiResort/BL.Tests/bin/Debug/net6.0/BL.Tests.dll" adapterTypeName="executor://xunit/VsTestRunner2/netcoreapp" className="BL.Tests.TurnstilesServiceTest" name="TestAdminUpdateTurnstileAsync" />
    </UnitTest>
    <UnitTest name="BL.Tests.CheckPermissionsServiceTests.AuthorizedHasNoAccessToAdminSkiPatrolFunctions(functionName: &quot;GetLiftsSlopesInfoAsync&quot;)" storage="/mnt/c/users/alena/desktop/7_sem/testing_and_debugging/skiresort/bl.tests/bin/debug/net6.0/bl.tests.dll" id="4f297306-d4f3-8d63-e7f4-1ac0b8c58c74">
      <Execution id="31f6febb-a2c9-4e84-82df-9525ea2bc2a2" />
      <TestMethod codeBase="/mnt/c/Users/alena/Desktop/7_sem/testing_and_debugging/SkiResort/BL.Tests/bin/Debug/net6.0/BL.Tests.dll" adapterTypeName="executor://xunit/VsTestRunner2/netcoreapp" className="BL.Tests.CheckPermissionsServiceTests" name="AuthorizedHasNoAccessToAdminSkiPatrolFunctions" />
    </UnitTest>
    <UnitTest name="BL.Tests.LiftsSlopesServiceTests.TestGetLiftsSlopesInfoAsync(liftsSlopes: [LiftSlope { RecordID = 117, LiftID = 173, SlopeID = 34 }, LiftSlope { RecordID = 254, LiftID = 143, SlopeID = 98 }, LiftSlope { RecordID = 103, LiftID = 125, SlopeID = 70 }], slopesRepositoryStub: Mock&lt;ISlopesRepository:1&gt;, liftsRepositoryStub: Mock&lt;ILiftsRepository:6&gt;, liftsSlopesRepositoryStub: Mock&lt;ILiftsSlopesRepository:6&gt;)" storage="/mnt/c/users/alena/desktop/7_sem/testing_and_debugging/skiresort/bl.tests/bin/debug/net6.0/bl.tests.dll" id="e429852d-a6ed-7c2a-25fd-cd839b159d56">
      <Execution id="e8a8d22e-ec0c-4d85-a37d-678e9d667e05" />
      <TestMethod codeBase="/mnt/c/Users/alena/Desktop/7_sem/testing_and_debugging/SkiResort/BL.Tests/bin/Debug/net6.0/BL.Tests.dll" adapterTypeName="executor://xunit/VsTestRunner2/netcoreapp" className="BL.Tests.LiftsSlopesServiceTests" name="TestGetLiftsSlopesInfoAsync" />
    </UnitTest>
    <UnitTest name="BL.Tests.LiftsSlopesServiceTests.TestAdminDeleteLiftSlopeAsync(lift: Lift { LiftID = 159, LiftName = liftName2516340d-0992-4316-99ee-f932f5cfada1, IsOpen = True, SeatsAmount = 167, LiftingTime = 126, QueueTime = 153, ConnectedSlopes =  }, slope: Slope { SlopeID = 199, SlopeName = slopeName97ebe0a3-9059-452c-98ca-2b0efc224b5e, IsOpen = False, DifficultyLevel = 212, ConnectedLifts =  }, slopesRepositoryStub: Mock&lt;ISlopesRepository:2&gt;, liftsRe..." storage="/mnt/c/users/alena/desktop/7_sem/testing_and_debugging/skiresort/bl.tests/bin/debug/net6.0/bl.tests.dll" id="52abecc6-e5ae-988d-732f-8ad3f7391af5">
      <Execution id="8a82c413-8f2b-42ab-953c-e2966ebeeb13" />
      <TestMethod codeBase="/mnt/c/Users/alena/Desktop/7_sem/testing_and_debugging/SkiResort/BL.Tests/bin/Debug/net6.0/BL.Tests.dll" adapterTypeName="executor://xunit/VsTestRunner2/netcoreapp" className="BL.Tests.LiftsSlopesServiceTests" name="TestAdminDeleteLiftSlopeAsync" />
    </UnitTest>
    <UnitTest name="BL.Tests.UsersServiceTests.TestRegisterOk" storage="/mnt/c/users/alena/desktop/7_sem/testing_and_debugging/skiresort/bl.tests/bin/debug/net6.0/bl.tests.dll" id="0eeef75f-6e38-7893-a8fe-cff3e0a970a7">
      <Execution id="0e51fae8-f675-48bb-8f2c-9c3188bebdeb" />
      <TestMethod codeBase="/mnt/c/Users/alena/Desktop/7_sem/testing_and_debugging/SkiResort/BL.Tests/bin/Debug/net6.0/BL.Tests.dll" adapterTypeName="executor://xunit/VsTestRunner2/netcoreapp" className="BL.Tests.UsersServiceTests" name="TestRegisterOk" />
    </UnitTest>
    <UnitTest name="BL.Tests.CheckPermissionsServiceTests.AuthorizedHasAccessToAuthorizedFunctions(functionName: &quot;SendMessageAsync&quot;)" storage="/mnt/c/users/alena/desktop/7_sem/testing_and_debugging/skiresort/bl.tests/bin/debug/net6.0/bl.tests.dll" id="644ec43e-70cd-c82d-42e7-0d990be1414d">
      <Execution id="6c5494c9-7ebf-4a62-b057-7354ae1666f5" />
      <TestMethod codeBase="/mnt/c/Users/alena/Desktop/7_sem/testing_and_debugging/SkiResort/BL.Tests/bin/Debug/net6.0/BL.Tests.dll" adapterTypeName="executor://xunit/VsTestRunner2/netcoreapp" className="BL.Tests.CheckPermissionsServiceTests" name="AuthorizedHasAccessToAuthorizedFunctions" />
    </UnitTest>
    <UnitTest name="BL.Tests.CheckPermissionsServiceTests.UnauthorizedHasNoAccessToAuthorizedFunctions(functionName: &quot;LogOutAsync&quot;)" storage="/mnt/c/users/alena/desktop/7_sem/testing_and_debugging/skiresort/bl.tests/bin/debug/net6.0/bl.tests.dll" id="fa960c5e-f989-2880-784e-8efe538c5231">
      <Execution id="7a217d56-3b11-4107-b16e-4239235700a2" />
      <TestMethod codeBase="/mnt/c/Users/alena/Desktop/7_sem/testing_and_debugging/SkiResort/BL.Tests/bin/Debug/net6.0/BL.Tests.dll" adapterTypeName="executor://xunit/VsTestRunner2/netcoreapp" className="BL.Tests.CheckPermissionsServiceTests" name="UnauthorizedHasNoAccessToAuthorizedFunctions" />
    </UnitTest>
    <UnitTest name="BL.Tests.CheckPermissionsServiceTests.UnauthorizedHasNoAccessToAuthorizedFunctions(functionName: &quot;SendMessageAsync&quot;)" storage="/mnt/c/users/alena/desktop/7_sem/testing_and_debugging/skiresort/bl.tests/bin/debug/net6.0/bl.tests.dll" id="eaabd2fc-2f4b-5689-59c8-c7ad34a8f634">
      <Execution id="bd8cebb2-e401-43c7-a494-42724191f31a" />
      <TestMethod codeBase="/mnt/c/Users/alena/Desktop/7_sem/testing_and_debugging/SkiResort/BL.Tests/bin/Debug/net6.0/BL.Tests.dll" adapterTypeName="executor://xunit/VsTestRunner2/netcoreapp" className="BL.Tests.CheckPermissionsServiceTests" name="UnauthorizedHasNoAccessToAuthorizedFunctions" />
    </UnitTest>
    <UnitTest name="BL.Tests.UsersServiceTests.TestRegisterUserWithRepeatedEmail" storage="/mnt/c/users/alena/desktop/7_sem/testing_and_debugging/skiresort/bl.tests/bin/debug/net6.0/bl.tests.dll" id="894941c1-bfa7-d8f9-c047-1e1ceefe2c2f">
      <Execution id="2b3374c9-f601-421b-baa8-f76c035d65cd" />
      <TestMethod codeBase="/mnt/c/Users/alena/Desktop/7_sem/testing_and_debugging/SkiResort/BL.Tests/bin/Debug/net6.0/BL.Tests.dll" adapterTypeName="executor://xunit/VsTestRunner2/netcoreapp" className="BL.Tests.UsersServiceTests" name="TestRegisterUserWithRepeatedEmail" />
    </UnitTest>
    <UnitTest name="BL.Tests.SlopesServiceTest.TestUpdateSlopeInfoAsync(userID: 213, slope: Slope { SlopeID = 170, SlopeName = slopeName8b935ec7-3da0-446d-a148-c2298da9faa7, IsOpen = True, DifficultyLevel = 119, ConnectedLifts =  }, checkPermissionServiceMock: Mock&lt;ICheckPermissionService:8&gt;, slopesRepositoryStub: Mock&lt;ISlopesRepository:6&gt;, sut: SlopesService { })" storage="/mnt/c/users/alena/desktop/7_sem/testing_and_debugging/skiresort/bl.tests/bin/debug/net6.0/bl.tests.dll" id="f76659b7-47ff-15bd-c8af-7e45161d428d">
      <Execution id="83374786-dd99-4190-899c-ff235e2c8f03" />
      <TestMethod codeBase="/mnt/c/Users/alena/Desktop/7_sem/testing_and_debugging/SkiResort/BL.Tests/bin/Debug/net6.0/BL.Tests.dll" adapterTypeName="executor://xunit/VsTestRunner2/netcoreapp" className="BL.Tests.SlopesServiceTest" name="TestUpdateSlopeInfoAsync" />
    </UnitTest>
    <UnitTest name="BL.Tests.SlopesServiceTest.TestAdminDeleteSlopeAsync(userID: 135, slope: Slope { SlopeID = 10, SlopeName = slopeNamef945285d-fcee-4fbf-b9c8-0f4981b6abe9, IsOpen = True, DifficultyLevel = 36, ConnectedLifts =  }, checkPermissionServiceMock: Mock&lt;ICheckPermissionService:9&gt;, slopesRepositoryStub: Mock&lt;ISlopesRepository:7&gt;, liftsSlopesRepositoryStub: Mock&lt;ILiftsSlopesRepository:12&gt;, sut: SlopesService { })" storage="/mnt/c/users/alena/desktop/7_sem/testing_and_debugging/skiresort/bl.tests/bin/debug/net6.0/bl.tests.dll" id="af5bdc2c-6355-4e49-deb9-74f299defe35">
      <Execution id="779cacea-afb9-417d-939c-5519cd96d1b3" />
      <TestMethod codeBase="/mnt/c/Users/alena/Desktop/7_sem/testing_and_debugging/SkiResort/BL.Tests/bin/Debug/net6.0/BL.Tests.dll" adapterTypeName="executor://xunit/VsTestRunner2/netcoreapp" className="BL.Tests.SlopesServiceTest" name="TestAdminDeleteSlopeAsync" />
    </UnitTest>
    <UnitTest name="BL.Tests.SlopesServiceTest.TestGetSlopeInfoAsync(userID: 176, slope: Slope { SlopeID = 1, SlopeName = slopeName033a9176-31fa-43e8-9d21-d16f678cba00, IsOpen = True, DifficultyLevel = 30, ConnectedLifts =  }, checkPermissionServiceMock: Mock&lt;ICheckPermissionService:6&gt;, slopesRepositoryStub: Mock&lt;ISlopesRepository:4&gt;, liftsSlopesRepositoryStub: Mock&lt;ILiftsSlopesRepository:9&gt;, sut: SlopesService { })" storage="/mnt/c/users/alena/desktop/7_sem/testing_and_debugging/skiresort/bl.tests/bin/debug/net6.0/bl.tests.dll" id="5cd00af7-80cf-6b2e-53ca-ff1dbab7a76e">
      <Execution id="ddd0ba83-53b0-4ab4-b530-447d36b65e3e" />
      <TestMethod codeBase="/mnt/c/Users/alena/Desktop/7_sem/testing_and_debugging/SkiResort/BL.Tests/bin/Debug/net6.0/BL.Tests.dll" adapterTypeName="executor://xunit/VsTestRunner2/netcoreapp" className="BL.Tests.SlopesServiceTest" name="TestGetSlopeInfoAsync" />
    </UnitTest>
    <UnitTest name="BL.Tests.UsersServiceTests.TestRegisterUserWithNoEmail" storage="/mnt/c/users/alena/desktop/7_sem/testing_and_debugging/skiresort/bl.tests/bin/debug/net6.0/bl.tests.dll" id="8184bd30-991c-b78d-b4ec-99a485eac0dd">
      <Execution id="452c1489-95ae-42b6-821e-d560c91ac339" />
      <TestMethod codeBase="/mnt/c/Users/alena/Desktop/7_sem/testing_and_debugging/SkiResort/BL.Tests/bin/Debug/net6.0/BL.Tests.dll" adapterTypeName="executor://xunit/VsTestRunner2/netcoreapp" className="BL.Tests.UsersServiceTests" name="TestRegisterUserWithNoEmail" />
    </UnitTest>
    <UnitTest name="BL.Tests.SlopesServiceTest.TestAdminAddAutoIncrementSlopeAsync(userID: 22, slope: Slope { SlopeID = 134, SlopeName = slopeNamee50d0179-7fa8-471c-af32-85353be71afd, IsOpen = True, DifficultyLevel = 254, ConnectedLifts =  }, checkPermissionServiceMock: Mock&lt;ICheckPermissionService:10&gt;, slopesRepositoryStub: Mock&lt;ISlopesRepository:8&gt;, sut: SlopesService { })" storage="/mnt/c/users/alena/desktop/7_sem/testing_and_debugging/skiresort/bl.tests/bin/debug/net6.0/bl.tests.dll" id="6b400ff6-7a75-f70b-8646-b6b01b50f926">
      <Execution id="50ff3fb7-c920-40f4-8324-94f53a668711" />
      <TestMethod codeBase="/mnt/c/Users/alena/Desktop/7_sem/testing_and_debugging/SkiResort/BL.Tests/bin/Debug/net6.0/BL.Tests.dll" adapterTypeName="executor://xunit/VsTestRunner2/netcoreapp" className="BL.Tests.SlopesServiceTest" name="TestAdminAddAutoIncrementSlopeAsync" />
    </UnitTest>
  </TestDefinitions>
  <TestEntries>
    <TestEntry testId="387c9729-48c1-486e-5e67-f5d11a9f0db8" executionId="dd93f021-6792-4388-8cff-77cf07574681" testListId="8c84fa94-04c1-424b-9868-57a2d4851a1d" />
    <TestEntry testId="51c16400-773f-6ce2-1d3c-e63e031c22f3" executionId="acd50dca-4c92-4312-9e73-1968826feaa9" testListId="8c84fa94-04c1-424b-9868-57a2d4851a1d" />
    <TestEntry testId="efbc1092-15e9-260e-ed0d-b6cf7cea6eb6" executionId="281e44d0-020b-4a44-be07-3e3e93432b80" testListId="8c84fa94-04c1-424b-9868-57a2d4851a1d" />
    <TestEntry testId="e429852d-a6ed-7c2a-25fd-cd839b159d56" executionId="e8a8d22e-ec0c-4d85-a37d-678e9d667e05" testListId="8c84fa94-04c1-424b-9868-57a2d4851a1d" />
    <TestEntry testId="06d0bc3a-24a0-fb7f-4277-e9ae6d21c7dd" executionId="a66295fb-19af-49e8-8fb3-46c14927f7e9" testListId="8c84fa94-04c1-424b-9868-57a2d4851a1d" />
    <TestEntry testId="2602613f-c8e2-a6d9-fcf7-5b27d4a770a6" executionId="bebe470f-86cd-4223-b381-775dfd3307f2" testListId="8c84fa94-04c1-424b-9868-57a2d4851a1d" />
    <TestEntry testId="9d190865-8850-c3b9-f07a-da3843999b78" executionId="b6342840-00d9-4562-8ae9-3b9b8edb2448" testListId="8c84fa94-04c1-424b-9868-57a2d4851a1d" />
    <TestEntry testId="eaabd2fc-2f4b-5689-59c8-c7ad34a8f634" executionId="bd8cebb2-e401-43c7-a494-42724191f31a" testListId="8c84fa94-04c1-424b-9868-57a2d4851a1d" />
    <TestEntry testId="644ec43e-70cd-c82d-42e7-0d990be1414d" executionId="6c5494c9-7ebf-4a62-b057-7354ae1666f5" testListId="8c84fa94-04c1-424b-9868-57a2d4851a1d" />
    <TestEntry testId="c36970dc-93f7-753e-fa47-157133b01644" executionId="69af5c70-8bd7-40f5-95ff-3ef399ecea00" testListId="8c84fa94-04c1-424b-9868-57a2d4851a1d" />
    <TestEntry testId="894941c1-bfa7-d8f9-c047-1e1ceefe2c2f" executionId="2b3374c9-f601-421b-baa8-f76c035d65cd" testListId="8c84fa94-04c1-424b-9868-57a2d4851a1d" />
    <TestEntry testId="fa960c5e-f989-2880-784e-8efe538c5231" executionId="7a217d56-3b11-4107-b16e-4239235700a2" testListId="8c84fa94-04c1-424b-9868-57a2d4851a1d" />
    <TestEntry testId="20ad8570-0170-85de-dcd7-2f109dd7bcd6" executionId="0a022064-9dd9-4be5-859f-0ebcc7322101" testListId="8c84fa94-04c1-424b-9868-57a2d4851a1d" />
    <TestEntry testId="bb8e9097-007d-98cd-4581-e2458693e39e" executionId="88a17050-a3b6-4bff-b8cd-9e71eb39d8dc" testListId="8c84fa94-04c1-424b-9868-57a2d4851a1d" />
    <TestEntry testId="2d706594-f2b3-b3c8-21d4-86c9798c3306" executionId="49b651cd-ac16-4996-8b24-bcf2f9a5cc16" testListId="8c84fa94-04c1-424b-9868-57a2d4851a1d" />
    <TestEntry testId="60bd668f-04df-da5e-b79b-5d9aedb5234d" executionId="0776044e-2f24-413e-a577-85cafac2faae" testListId="8c84fa94-04c1-424b-9868-57a2d4851a1d" />
    <TestEntry testId="4f297306-d4f3-8d63-e7f4-1ac0b8c58c74" executionId="31f6febb-a2c9-4e84-82df-9525ea2bc2a2" testListId="8c84fa94-04c1-424b-9868-57a2d4851a1d" />
    <TestEntry testId="a2e59116-cb53-1d70-9cb8-21c286516866" executionId="8f063b53-244e-4a4d-baa2-3c136301beb6" testListId="8c84fa94-04c1-424b-9868-57a2d4851a1d" />
    <TestEntry testId="17086473-b409-bce1-c097-f1a574c6bbcd" executionId="388ffc08-79ed-4047-a087-a226814e6680" testListId="8c84fa94-04c1-424b-9868-57a2d4851a1d" />
    <TestEntry testId="6b400ff6-7a75-f70b-8646-b6b01b50f926" executionId="50ff3fb7-c920-40f4-8324-94f53a668711" testListId="8c84fa94-04c1-424b-9868-57a2d4851a1d" />
    <TestEntry testId="a19a5fcf-c5d2-7d44-5d7d-84403042f4e0" executionId="3eb0addf-0345-4a16-b3ec-a8038535127c" testListId="8c84fa94-04c1-424b-9868-57a2d4851a1d" />
    <TestEntry testId="c7a6fcf2-d280-0089-2ab7-fd64b8e90cd1" executionId="95e81153-791c-455f-a396-d329b3cd1cd7" testListId="8c84fa94-04c1-424b-9868-57a2d4851a1d" />
    <TestEntry testId="df16099d-1d44-763b-fa30-ba344485481c" executionId="9843528c-ec19-432b-9edb-38b81150965b" testListId="8c84fa94-04c1-424b-9868-57a2d4851a1d" />
    <TestEntry testId="0eeef75f-6e38-7893-a8fe-cff3e0a970a7" executionId="0e51fae8-f675-48bb-8f2c-9c3188bebdeb" testListId="8c84fa94-04c1-424b-9868-57a2d4851a1d" />
    <TestEntry testId="e2d7e5be-3dae-33ae-fb17-c704b6fd58d6" executionId="b2d46947-21c9-41db-bb45-218d392d5aa7" testListId="8c84fa94-04c1-424b-9868-57a2d4851a1d" />
    <TestEntry testId="492c0393-35b4-df26-a537-21ca08302f3c" executionId="99e35099-b8ef-4a92-9bae-055602dd0188" testListId="8c84fa94-04c1-424b-9868-57a2d4851a1d" />
    <TestEntry testId="c4dc5c88-23b4-2606-1e85-0f86cdfbf05c" executionId="8ac48041-9b77-49c1-9d68-39e2505ba10f" testListId="8c84fa94-04c1-424b-9868-57a2d4851a1d" />
    <TestEntry testId="f76659b7-47ff-15bd-c8af-7e45161d428d" executionId="83374786-dd99-4190-899c-ff235e2c8f03" testListId="8c84fa94-04c1-424b-9868-57a2d4851a1d" />
    <TestEntry testId="6c3a702d-e813-df0c-a937-722d10db5a25" executionId="fa681838-a220-42a8-bccb-3d3c0912fe39" testListId="8c84fa94-04c1-424b-9868-57a2d4851a1d" />
    <TestEntry testId="ee6f5e44-a795-f4a9-44de-9a8741cae3d4" executionId="0ec791df-d8f1-4efa-bae8-5edb7db6306a" testListId="8c84fa94-04c1-424b-9868-57a2d4851a1d" />
    <TestEntry testId="69340bb6-3645-f9dd-971e-29d8b2a009bb" executionId="ece7173e-dd9f-4e56-8ba9-1d196d39b3e1" testListId="8c84fa94-04c1-424b-9868-57a2d4851a1d" />
    <TestEntry testId="69c3f0ab-f1cc-8522-56a8-c53b4ca13f07" executionId="733ebeba-b5fd-43f6-9edd-580f0f3a96a1" testListId="8c84fa94-04c1-424b-9868-57a2d4851a1d" />
    <TestEntry testId="20f4f5f6-d260-4775-8af4-56824b7742a3" executionId="bf6daf39-953e-488a-9d3b-f4ca52b66684" testListId="8c84fa94-04c1-424b-9868-57a2d4851a1d" />
    <TestEntry testId="18fa8c62-e27d-e1fc-8182-4d7db62b008d" executionId="a0c4703e-ec1a-453d-a7d2-323fd3b1c0e4" testListId="8c84fa94-04c1-424b-9868-57a2d4851a1d" />
    <TestEntry testId="1ca07ad8-f799-c5d4-e7cc-34fd950198a2" executionId="e9faab1e-c59b-44f5-949c-567855b92259" testListId="8c84fa94-04c1-424b-9868-57a2d4851a1d" />
    <TestEntry testId="229812f5-9a73-5335-11f5-31330d1348a5" executionId="c14ebdce-4207-484b-89de-a04695bf019b" testListId="8c84fa94-04c1-424b-9868-57a2d4851a1d" />
    <TestEntry testId="f44a1b21-8efc-bfac-63b4-d534442def31" executionId="bdc77426-f307-439e-9020-2f6d1d59dc7b" testListId="8c84fa94-04c1-424b-9868-57a2d4851a1d" />
    <TestEntry testId="52abecc6-e5ae-988d-732f-8ad3f7391af5" executionId="8a82c413-8f2b-42ab-953c-e2966ebeeb13" testListId="8c84fa94-04c1-424b-9868-57a2d4851a1d" />
    <TestEntry testId="aa28a6b3-21d3-aa45-24d3-bef2facbc899" executionId="1a12e18d-6fb5-4be2-a0c3-52e95755a052" testListId="8c84fa94-04c1-424b-9868-57a2d4851a1d" />
    <TestEntry testId="9c7df5e2-1b23-ebea-889f-b78ca86b60ab" executionId="34480c94-2773-4166-a926-a4be72fb3982" testListId="8c84fa94-04c1-424b-9868-57a2d4851a1d" />
    <TestEntry testId="8184bd30-991c-b78d-b4ec-99a485eac0dd" executionId="452c1489-95ae-42b6-821e-d560c91ac339" testListId="8c84fa94-04c1-424b-9868-57a2d4851a1d" />
    <TestEntry testId="1f2c0445-bf5a-5a89-655e-4f4a64493d51" executionId="20c99945-2408-494a-ad1a-b30c993dedb2" testListId="8c84fa94-04c1-424b-9868-57a2d4851a1d" />
    <TestEntry testId="e5497347-2721-b7a6-0bd4-69a9921f6947" executionId="1022ebc8-e316-4040-b2a3-cf0729ef3eda" testListId="8c84fa94-04c1-424b-9868-57a2d4851a1d" />
    <TestEntry testId="af5bdc2c-6355-4e49-deb9-74f299defe35" executionId="779cacea-afb9-417d-939c-5519cd96d1b3" testListId="8c84fa94-04c1-424b-9868-57a2d4851a1d" />
    <TestEntry testId="f3efc418-a8a6-c7b7-9bac-90b33aa8472f" executionId="6233479d-7111-4f62-83be-56368f5203b1" testListId="8c84fa94-04c1-424b-9868-57a2d4851a1d" />
    <TestEntry testId="834c739b-eca4-b36d-6a66-5a1bd75377b8" executionId="eb5a811a-fe69-49fd-8a38-96fff3972121" testListId="8c84fa94-04c1-424b-9868-57a2d4851a1d" />
    <TestEntry testId="5cd00af7-80cf-6b2e-53ca-ff1dbab7a76e" executionId="ddd0ba83-53b0-4ab4-b530-447d36b65e3e" testListId="8c84fa94-04c1-424b-9868-57a2d4851a1d" />
  </TestEntries>
  <TestLists>
    <TestList name="Results Not in a List" id="8c84fa94-04c1-424b-9868-57a2d4851a1d" />
    <TestList name="All Loaded Results" id="19431567-8539-422a-85d7-44ee4e166bda" />
  </TestLists>
  <ResultSummary outcome="Failed">
    <Counters total="47" executed="47" passed="46" failed="1" error="0" timeout="0" aborted="0" inconclusive="0" passedButRunAborted="0" notRunnable="0" notExecuted="0" disconnected="0" warning="0" completed="0" inProgress="0" pending="0" />
    <Output>
      <StdOut>[xUnit.net 00:00:00.00] xUnit.net VSTest Adapter v2.4.5+1caef2f33e (64-bit .NET 6.0.10)
[xUnit.net 00:00:00.88]   Discovering: BL.Tests
[xUnit.net 00:00:01.07]   Discovered:  BL.Tests
[xUnit.net 00:00:01.07]   Starting:    BL.Tests
[xUnit.net 00:00:01.36]       Assert.NotEqual() Failure
[xUnit.net 00:00:01.36]       Expected: Not Lift { LiftID = 180, LiftName = liftNamef1cfa5e6-c435-421c-9ab0-2434b86d8142, IsOpen = True, SeatsAmount = 181, LiftingTime = 90, QueueTime = 41, ConnectedSlopes =  }
[xUnit.net 00:00:01.36]       Actual:   Lift { LiftID = 180, LiftName = liftNamef1cfa5e6-c435-421c-9ab0-2434b86d8142, IsOpen = True, SeatsAmount = 181, LiftingTime = 90, QueueTime = 41, ConnectedSlopes =  }
[xUnit.net 00:00:01.36]       Stack Trace:
[xUnit.net 00:00:01.36]         /mnt/c/Users/alena/Desktop/7_sem/testing_and_debugging/SkiResort/BL.Tests/LiftsServiceTest.cs(42,0): at BL.Tests.LiftsServiceTest.TestGetLiftInfoAsync(UInt32 userID, Lift lift, Mock`1 checkPermissionServiceMock, Mock`1 liftsRepositoryStub, Mock`1 liftsSlopesRepositoryStub, LiftsService sut)
[xUnit.net 00:00:01.36]            at System.Threading.Tasks.Task.&lt;&gt;c.&lt;ThrowAsync&gt;b__128_0(Object state)
[xUnit.net 00:00:01.54]   Finished:    BL.Tests
</StdOut>
    </Output>
    <RunInfos>
      <RunInfo computerName="DESKTOP-TJ9D65N" outcome="Error" timestamp="2022-11-03T11:10:54.7027395+03:00">
        <Text>[xUnit.net 00:00:01.36]     BL.Tests.LiftsServiceTest.TestGetLiftInfoAsync(userID: 166, lift: Lift { LiftID = 180, LiftName = liftNamef1cfa5e6-c435-421c-9ab0-2434b86d8142, IsOpen = True, SeatsAmount = 181, LiftingTime = 90, QueueTime = 41, ConnectedSlopes =  }, checkPermissionServiceMock: Mock&lt;ICheckPermissionService:1&gt;, liftsRepositoryStub: Mock&lt;ILiftsRepository:1&gt;, liftsSlopesRepositoryStub: Mock&lt;ILiftsSlopesRepository:1&gt;, sut: LiftsService { }) [FAIL]</Text>
      </RunInfo>
    </RunInfos>
  </ResultSummary>
</TestRun>