<?xml version="1.0" encoding="utf-8"?>
<TestRun id="d8c5b079-3e70-42a0-be7a-f4fe4d409362" name="@DESKTOP-TJ9D65N 2022-11-03 11:02:34" xmlns="http://microsoft.com/schemas/VisualStudio/TeamTest/2010">
  <Times creation="2022-11-03T11:02:34.7351626+03:00" queuing="2022-11-03T11:02:34.7351627+03:00" start="2022-11-03T11:02:32.4629824+03:00" finish="2022-11-03T11:02:34.9529916+03:00" />
  <TestSettings name="default" id="ad9f3fa3-6835-4ba5-8fe8-8030d4fa2d9f">
    <Deployment runDeploymentRoot="_DESKTOP-TJ9D65N_2022-11-03_11_02_34" />
  </TestSettings>
  <Results>
    <UnitTestResult executionId="643031c5-b286-4634-8f4e-8cf95b8f4deb" testId="894941c1-bfa7-d8f9-c047-1e1ceefe2c2f" testName="BL.Tests.UsersServiceTests.TestRegisterUserWithRepeatedEmail" computerName="DESKTOP-TJ9D65N" duration="00:00:00.0044922" startTime="2022-11-03T11:02:34.6991409+03:00" endTime="2022-11-03T11:02:34.6991409+03:00" testType="13cdc9d9-ddb5-4fa4-a97d-d965ccfc6d4b" outcome="Passed" testListId="8c84fa94-04c1-424b-9868-57a2d4851a1d" relativeResultsDirectory="643031c5-b286-4634-8f4e-8cf95b8f4deb" />
    <UnitTestResult executionId="263d537c-5920-487c-8a57-3c28bed6475e" testId="229812f5-9a73-5335-11f5-31330d1348a5" testName="BL.Tests.CheckPermissionsServiceTests.UnauthorizedHasNoAccessToAdminSkiPatrolFunctions(functionName: &quot;GetMessagesAsync&quot;)" computerName="DESKTOP-TJ9D65N" duration="00:00:00.0017609" startTime="2022-11-03T11:02:34.6979391+03:00" endTime="2022-11-03T11:02:34.6979391+03:00" testType="13cdc9d9-ddb5-4fa4-a97d-d965ccfc6d4b" outcome="Passed" testListId="8c84fa94-04c1-424b-9868-57a2d4851a1d" relativeResultsDirectory="263d537c-5920-487c-8a57-3c28bed6475e" />
    <UnitTestResult executionId="befb1d76-533b-4e49-8471-4909b4c2ef14" testId="9c7df5e2-1b23-ebea-889f-b78ca86b60ab" testName="BL.Tests.CheckPermissionsServiceTests.AuthorizedHasNoAccessToAdminSkiPatrolFunctions(functionName: &quot;MarkMessageReadByUserAsync&quot;)" computerName="DESKTOP-TJ9D65N" duration="00:00:00.0012507" startTime="2022-11-03T11:02:34.8102638+03:00" endTime="2022-11-03T11:02:34.8102639+03:00" testType="13cdc9d9-ddb5-4fa4-a97d-d965ccfc6d4b" outcome="Passed" testListId="8c84fa94-04c1-424b-9868-57a2d4851a1d" relativeResultsDirectory="befb1d76-533b-4e49-8471-4909b4c2ef14" />
    <UnitTestResult executionId="d745dd5d-4d58-4648-9cb0-05cc78077e84" testId="fa960c5e-f989-2880-784e-8efe538c5231" testName="BL.Tests.CheckPermissionsServiceTests.UnauthorizedHasNoAccessToAuthorizedFunctions(functionName: &quot;LogOutAsync&quot;)" computerName="DESKTOP-TJ9D65N" duration="00:00:00.0018156" startTime="2022-11-03T11:02:34.7120345+03:00" endTime="2022-11-03T11:02:34.7120346+03:00" testType="13cdc9d9-ddb5-4fa4-a97d-d965ccfc6d4b" outcome="Passed" testListId="8c84fa94-04c1-424b-9868-57a2d4851a1d" relativeResultsDirectory="d745dd5d-4d58-4648-9cb0-05cc78077e84" />
    <UnitTestResult executionId="eb2f5332-05ff-4dec-bfad-a2a14808b8af" testId="69340bb6-3645-f9dd-971e-29d8b2a009bb" testName="BL.Tests.UsersServiceTests.TestLogInWithWrongPassword" computerName="DESKTOP-TJ9D65N" duration="00:00:00.0023143" startTime="2022-11-03T11:02:34.7926103+03:00" endTime="2022-11-03T11:02:34.7926104+03:00" testType="13cdc9d9-ddb5-4fa4-a97d-d965ccfc6d4b" outcome="Passed" testListId="8c84fa94-04c1-424b-9868-57a2d4851a1d" relativeResultsDirectory="eb2f5332-05ff-4dec-bfad-a2a14808b8af" />
    <UnitTestResult executionId="e41d6581-5496-40f9-a0e8-6fbc38a664f8" testId="7e533219-0af1-5cb5-42f3-9dbf4b008222" testName="BL.Tests.LiftsSlopesServiceTests.TestAdminAddAutoIncrementLiftSlopeAsync(lift: Lift { LiftID = 121, LiftName = liftNamefa4f7879-ad15-4b53-8861-f8bd001b9968, IsOpen = True, SeatsAmount = 148, LiftingTime = 67, QueueTime = 100, ConnectedSlopes =  }, slope: Slope { SlopeID = 70, SlopeName = slopeNamec2b82ae4-21e6-4357-b94e-d7778e7c5271, IsOpen = False, DifficultyLevel = 54, ConnectedLifts =  }, slopesRepositoryStub: Mock&lt;ISlopesRepository:3&gt;, liftsRepositoryStub: Mock&lt;ILiftsRepository:8&gt;, liftsSlopesRepositoryStub: Mock&lt;ILiftsSlopesRepository:8&gt;)" computerName="DESKTOP-TJ9D65N" duration="00:00:00.0072993" startTime="2022-11-03T11:02:34.6990220+03:00" endTime="2022-11-03T11:02:34.6990220+03:00" testType="13cdc9d9-ddb5-4fa4-a97d-d965ccfc6d4b" outcome="Passed" testListId="8c84fa94-04c1-424b-9868-57a2d4851a1d" relativeResultsDirectory="e41d6581-5496-40f9-a0e8-6fbc38a664f8" />
    <UnitTestResult executionId="d92de927-4cc8-407e-8c24-10bef987966f" testId="492c0393-35b4-df26-a537-21ca08302f3c" testName="BL.Tests.CheckPermissionsServiceTests.SkiPatrolHasNoAccessToAdminFunctions" computerName="DESKTOP-TJ9D65N" duration="00:00:00.0023178" startTime="2022-11-03T11:02:34.8594802+03:00" endTime="2022-11-03T11:02:34.8594803+03:00" testType="13cdc9d9-ddb5-4fa4-a97d-d965ccfc6d4b" outcome="Passed" testListId="8c84fa94-04c1-424b-9868-57a2d4851a1d" relativeResultsDirectory="d92de927-4cc8-407e-8c24-10bef987966f" />
    <UnitTestResult executionId="f5498799-177d-4a7f-ba95-28c3645e67a5" testId="ccc85e52-ae40-3fe2-c588-389096f7640f" testName="BL.Tests.TurnstilesServiceTest.TestAdminGetTurnstileAsync(userID: 248, turnstile: Turnstile { TurnstileID = 38, LiftID = 255, IsOpen = True }, checkPermissionServiceMock: Mock&lt;ICheckPermissionService:12&gt;, turnstilesRepositoryStub: Mock&lt;ITurnstilesRepository:6&gt;, sut: TurnstilesService { })" computerName="DESKTOP-TJ9D65N" duration="00:00:00.0614147" startTime="2022-11-03T11:02:34.6062684+03:00" endTime="2022-11-03T11:02:34.6062684+03:00" testType="13cdc9d9-ddb5-4fa4-a97d-d965ccfc6d4b" outcome="Passed" testListId="8c84fa94-04c1-424b-9868-57a2d4851a1d" relativeResultsDirectory="f5498799-177d-4a7f-ba95-28c3645e67a5" />
    <UnitTestResult executionId="f5dbae46-cfef-40ff-9939-5c6308f7fa67" testId="243873da-288a-7822-e992-078688b08044" testName="BL.Tests.LiftsServiceTest.TestGetLiftInfoAsync(userID: 112, lift: Lift { LiftID = 138, LiftName = liftNameb1919453-2514-4b27-8f39-dc89a8296b2a, IsOpen = True, SeatsAmount = 98, LiftingTime = 78, QueueTime = 225, ConnectedSlopes =  }, checkPermissionServiceMock: Mock&lt;ICheckPermissionService:1&gt;, liftsRepositoryStub: Mock&lt;ILiftsRepository:1&gt;, liftsSlopesRepositoryStub: Mock&lt;ILiftsSlopesRepository:1&gt;, sut: LiftsService { })" computerName="DESKTOP-TJ9D65N" duration="00:00:00.0081359" startTime="2022-11-03T11:02:34.6978797+03:00" endTime="2022-11-03T11:02:34.6978797+03:00" testType="13cdc9d9-ddb5-4fa4-a97d-d965ccfc6d4b" outcome="Passed" testListId="8c84fa94-04c1-424b-9868-57a2d4851a1d" relativeResultsDirectory="f5dbae46-cfef-40ff-9939-5c6308f7fa67" />
    <UnitTestResult executionId="c264c6ca-67b3-4521-977e-efdf2193ce7b" testId="e5497347-2721-b7a6-0bd4-69a9921f6947" testName="BL.Tests.UsersServiceTests.TestAdminGetUserByIDAsync" computerName="DESKTOP-TJ9D65N" duration="00:00:00.0040181" startTime="2022-11-03T11:02:34.8178217+03:00" endTime="2022-11-03T11:02:34.8178218+03:00" testType="13cdc9d9-ddb5-4fa4-a97d-d965ccfc6d4b" outcome="Passed" testListId="8c84fa94-04c1-424b-9868-57a2d4851a1d" relativeResultsDirectory="c264c6ca-67b3-4521-977e-efdf2193ce7b" />
    <UnitTestResult executionId="379208ab-6914-4a0d-8a5c-f98990e02559" testId="2602613f-c8e2-a6d9-fcf7-5b27d4a770a6" testName="BL.Tests.CheckPermissionsServiceTests.AuthorizedHasNoAccessToAdminSkiPatrolFunctions(functionName: &quot;GetMessagesAsync&quot;)" computerName="DESKTOP-TJ9D65N" duration="00:00:00.0024161" startTime="2022-11-03T11:02:34.8014179+03:00" endTime="2022-11-03T11:02:34.8014180+03:00" testType="13cdc9d9-ddb5-4fa4-a97d-d965ccfc6d4b" outcome="Passed" testListId="8c84fa94-04c1-424b-9868-57a2d4851a1d" relativeResultsDirectory="379208ab-6914-4a0d-8a5c-f98990e02559" />
    <UnitTestResult executionId="0ea1bf74-185d-4807-ba04-607b19229a04" testId="f3efc418-a8a6-c7b7-9bac-90b33aa8472f" testName="BL.Tests.CheckPermissionsServiceTests.AdminHasAccessToAllFunctions" computerName="DESKTOP-TJ9D65N" duration="00:00:00.0017293" startTime="2022-11-03T11:02:34.8695342+03:00" endTime="2022-11-03T11:02:34.8695343+03:00" testType="13cdc9d9-ddb5-4fa4-a97d-d965ccfc6d4b" outcome="Passed" testListId="8c84fa94-04c1-424b-9868-57a2d4851a1d" relativeResultsDirectory="0ea1bf74-185d-4807-ba04-607b19229a04" />
    <UnitTestResult executionId="ea6fd101-8a48-4fe1-a85a-24515ae608d7" testId="f089011d-8b44-4c19-33de-685cdc9907e5" testName="BL.Tests.SlopesServiceTest.TestAdminDeleteSlopeAsync(userID: 56, slope: Slope { SlopeID = 75, SlopeName = slopeName0a7de0f7-a6ab-4bdb-8471-b2460c0569b1, IsOpen = True, DifficultyLevel = 89, ConnectedLifts =  }, checkPermissionServiceMock: Mock&lt;ICheckPermissionService:9&gt;, slopesRepositoryStub: Mock&lt;ISlopesRepository:7&gt;, liftsSlopesRepositoryStub: Mock&lt;ILiftsSlopesRepository:12&gt;, sut: SlopesService { })" computerName="DESKTOP-TJ9D65N" duration="00:00:00.0065540" startTime="2022-11-03T11:02:34.7263886+03:00" endTime="2022-11-03T11:02:34.7263887+03:00" testType="13cdc9d9-ddb5-4fa4-a97d-d965ccfc6d4b" outcome="Passed" testListId="8c84fa94-04c1-424b-9868-57a2d4851a1d" relativeResultsDirectory="ea6fd101-8a48-4fe1-a85a-24515ae608d7" />
    <UnitTestResult executionId="565d8046-5274-480b-b995-bc313f57a455" testId="e2d7e5be-3dae-33ae-fb17-c704b6fd58d6" testName="BL.Tests.CheckPermissionsServiceTests.UnauthorizedHasNoAccessToAdminFunctions" computerName="DESKTOP-TJ9D65N" duration="00:00:00.0023907" startTime="2022-11-03T11:02:34.8488778+03:00" endTime="2022-11-03T11:02:34.8488779+03:00" testType="13cdc9d9-ddb5-4fa4-a97d-d965ccfc6d4b" outcome="Passed" testListId="8c84fa94-04c1-424b-9868-57a2d4851a1d" relativeResultsDirectory="565d8046-5274-480b-b995-bc313f57a455" />
    <UnitTestResult executionId="acf81ac6-c2e7-4d28-803b-6cfbf4b967ef" testId="1ae157c1-0498-b2ee-8a3e-45817242cb85" testName="BL.Tests.LiftsServiceTest.TestGetLiftsInfoAsync(userID: 91, initialLifts: [Lift { LiftID = 70, LiftName = liftName6a483d94-f5f6-4474-b3c1-a17ad255f8eb, IsOpen = True, SeatsAmount = 112, LiftingTime = 46, QueueTime = 169, ConnectedSlopes =  }, Lift { LiftID = 141, LiftName = liftNamedf3bd5ec-37ec-40dc-b387-270aaef477e2, IsOpen = False, SeatsAmount = 255, LiftingTime = 21, QueueTime = 162, ConnectedSlopes =  }, Lift { LiftID = 69, LiftName = liftNamea17276d2-f895-493e-8ad2-e1c6a066cac5, IsOpen = True, SeatsAmount = 72, LiftingTime = 89, QueueTime = 49, ConnectedSlopes =  }], checkPermissionServiceMock: Mock&lt;ICheckPermissionService:2&gt;, liftsRepositoryStub: Mock&lt;ILiftsRepository:2&gt;, liftsSlopesRepositoryStub: Mock&lt;ILiftsSlopesRepository:2&gt;, sut: LiftsService { })" computerName="DESKTOP-TJ9D65N" duration="00:00:00.0084943" startTime="2022-11-03T11:02:34.7340568+03:00" endTime="2022-11-03T11:02:34.7340569+03:00" testType="13cdc9d9-ddb5-4fa4-a97d-d965ccfc6d4b" outcome="Passed" testListId="8c84fa94-04c1-424b-9868-57a2d4851a1d" relativeResultsDirectory="acf81ac6-c2e7-4d28-803b-6cfbf4b967ef" />
    <UnitTestResult executionId="93c93816-20bc-40b3-b6e5-0df46bedee83" testId="bbfcefb4-a7a5-960a-0af5-7a96a3554b2b" testName="BL.Tests.TurnstilesServiceTest.TestAdminAddAutoIncrementTurnstileAsync(userID: 207, turnstile: Turnstile { TurnstileID = 126, LiftID = 136, IsOpen = True }, checkPermissionServiceMock: Mock&lt;ICheckPermissionService:16&gt;, turnstilesRepositoryStub: Mock&lt;ITurnstilesRepository:10&gt;, sut: TurnstilesService { })" computerName="DESKTOP-TJ9D65N" duration="00:00:00.0123265" startTime="2022-11-03T11:02:34.6979007+03:00" endTime="2022-11-03T11:02:34.6979007+03:00" testType="13cdc9d9-ddb5-4fa4-a97d-d965ccfc6d4b" outcome="Passed" testListId="8c84fa94-04c1-424b-9868-57a2d4851a1d" relativeResultsDirectory="93c93816-20bc-40b3-b6e5-0df46bedee83" />
    <UnitTestResult executionId="c34d2e9b-e6be-47c1-ab1d-e2429af3896f" testId="1ca07ad8-f799-c5d4-e7cc-34fd950198a2" testName="BL.Tests.UsersServiceTests.TestLogInOk" computerName="DESKTOP-TJ9D65N" duration="00:00:00.0031124" startTime="2022-11-03T11:02:34.7770765+03:00" endTime="2022-11-03T11:02:34.7770765+03:00" testType="13cdc9d9-ddb5-4fa4-a97d-d965ccfc6d4b" outcome="Passed" testListId="8c84fa94-04c1-424b-9868-57a2d4851a1d" relativeResultsDirectory="c34d2e9b-e6be-47c1-ab1d-e2429af3896f" />
    <UnitTestResult executionId="d0493193-486c-4f38-a980-aef184ad4266" testId="6f1045fb-865e-e5ee-6d80-335dd1389efe" testName="BL.Tests.SlopesServiceTest.TestAdminAddSlopeAsync(userID: 69, slope: Slope { SlopeID = 181, SlopeName = slopeName84889334-bd0f-449d-9425-1931cb127cff, IsOpen = True, DifficultyLevel = 199, ConnectedLifts =  }, checkPermissionServiceMock: Mock&lt;ICheckPermissionService:11&gt;, slopesRepositoryStub: Mock&lt;ISlopesRepository:9&gt;, sut: SlopesService { })" computerName="DESKTOP-TJ9D65N" duration="00:00:00.0052915" startTime="2022-11-03T11:02:34.7577206+03:00" endTime="2022-11-03T11:02:34.7577207+03:00" testType="13cdc9d9-ddb5-4fa4-a97d-d965ccfc6d4b" outcome="Passed" testListId="8c84fa94-04c1-424b-9868-57a2d4851a1d" relativeResultsDirectory="d0493193-486c-4f38-a980-aef184ad4266" />
    <UnitTestResult executionId="5a302311-5fd1-4592-93ab-e17cec1e1b25" testId="18fa8c62-e27d-e1fc-8182-4d7db62b008d" testName="BL.Tests.UsersServiceTests.TestAdminDeleteUser" computerName="DESKTOP-TJ9D65N" duration="00:00:00.0025679" startTime="2022-11-03T11:02:34.8279606+03:00" endTime="2022-11-03T11:02:34.8279607+03:00" testType="13cdc9d9-ddb5-4fa4-a97d-d965ccfc6d4b" outcome="Passed" testListId="8c84fa94-04c1-424b-9868-57a2d4851a1d" relativeResultsDirectory="5a302311-5fd1-4592-93ab-e17cec1e1b25" />
    <UnitTestResult executionId="99a29ead-6e09-4c8f-966f-6848d334a70b" testId="834c739b-eca4-b36d-6a66-5a1bd75377b8" testName="BL.Tests.UsersServiceTests.TestAdminAddAutoIncrementUser" computerName="DESKTOP-TJ9D65N" duration="00:00:00.0056031" startTime="2022-11-03T11:02:34.8058691+03:00" endTime="2022-11-03T11:02:34.8058692+03:00" testType="13cdc9d9-ddb5-4fa4-a97d-d965ccfc6d4b" outcome="Passed" testListId="8c84fa94-04c1-424b-9868-57a2d4851a1d" relativeResultsDirectory="99a29ead-6e09-4c8f-966f-6848d334a70b" />
    <UnitTestResult executionId="57b41a7f-ab36-48ed-917a-0e70cecff2ec" testId="9f239748-2245-0671-5629-0ecc4ff49480" testName="BL.Tests.SlopesServiceTest.TestUpdateSlopeInfoAsync(userID: 111, slope: Slope { SlopeID = 189, SlopeName = slopeName707bbbd3-e945-4391-8d8f-ecd9eb97c3c4, IsOpen = True, DifficultyLevel = 22, ConnectedLifts =  }, checkPermissionServiceMock: Mock&lt;ICheckPermissionService:8&gt;, slopesRepositoryStub: Mock&lt;ISlopesRepository:6&gt;, sut: SlopesService { })" computerName="DESKTOP-TJ9D65N" duration="00:00:00.0058627" startTime="2022-11-03T11:02:34.7747371+03:00" endTime="2022-11-03T11:02:34.7747372+03:00" testType="13cdc9d9-ddb5-4fa4-a97d-d965ccfc6d4b" outcome="Passed" testListId="8c84fa94-04c1-424b-9868-57a2d4851a1d" relativeResultsDirectory="57b41a7f-ab36-48ed-917a-0e70cecff2ec" />
    <UnitTestResult executionId="d80c8971-9921-4bcd-b62c-16c41d3d3839" testId="f7f10069-aac0-ffc2-1d25-80fc6afc0ca4" testName="BL.Tests.LiftsServiceTest.TestAdminDeleteLiftAsync(userID: 206, lift: Lift { LiftID = 221, LiftName = liftNamef6d7513d-8136-49f7-911b-93ad2fcb3369, IsOpen = True, SeatsAmount = 148, LiftingTime = 234, QueueTime = 92, ConnectedSlopes =  }, checkPermissionServiceMock: Mock&lt;ICheckPermissionService:4&gt;, liftsRepositoryStub: Mock&lt;ILiftsRepository:4&gt;, liftsSlopesRepositoryStub: Mock&lt;ILiftsSlopesRepository:4&gt;, sut: LiftsService { })" computerName="DESKTOP-TJ9D65N" duration="00:00:00.0859080" startTime="2022-11-03T11:02:34.6200184+03:00" endTime="2022-11-03T11:02:34.6200185+03:00" testType="13cdc9d9-ddb5-4fa4-a97d-d965ccfc6d4b" outcome="Passed" testListId="8c84fa94-04c1-424b-9868-57a2d4851a1d" relativeResultsDirectory="d80c8971-9921-4bcd-b62c-16c41d3d3839" />
    <UnitTestResult executionId="b200bf25-ecdc-4e88-b1a9-e992916aef5b" testId="91dc456b-b146-6c9a-b2b9-89464f156c51" testName="BL.Tests.TurnstilesServiceTest.TestAdminGetTurnstilesAsync(userID: 96, initialTurnstiles: [Turnstile { TurnstileID = 29, LiftID = 145, IsOpen = True }, Turnstile { TurnstileID = 237, LiftID = 108, IsOpen = False }, Turnstile { TurnstileID = 205, LiftID = 42, IsOpen = True }], checkPermissionServiceMock: Mock&lt;ICheckPermissionService:13&gt;, turnstilesRepositoryStub: Mock&lt;ITurnstilesRepository:7&gt;, sut: TurnstilesService { })" computerName="DESKTOP-TJ9D65N" duration="00:00:00.0050270" startTime="2022-11-03T11:02:34.6990976+03:00" endTime="2022-11-03T11:02:34.6990976+03:00" testType="13cdc9d9-ddb5-4fa4-a97d-d965ccfc6d4b" outcome="Passed" testListId="8c84fa94-04c1-424b-9868-57a2d4851a1d" relativeResultsDirectory="b200bf25-ecdc-4e88-b1a9-e992916aef5b" />
    <UnitTestResult executionId="e008fd3c-b2f4-46db-ad08-8139c2bfac1d" testId="60bd668f-04df-da5e-b79b-5d9aedb5234d" testName="BL.Tests.CheckPermissionsServiceTests.SkiPatrolHasAccessToAdminSkiPatrolFunctions(functionName: &quot;MarkMessageReadByUserAsync&quot;)" computerName="DESKTOP-TJ9D65N" duration="00:00:00.0013117" startTime="2022-11-03T11:02:34.7646409+03:00" endTime="2022-11-03T11:02:34.7646410+03:00" testType="13cdc9d9-ddb5-4fa4-a97d-d965ccfc6d4b" outcome="Passed" testListId="8c84fa94-04c1-424b-9868-57a2d4851a1d" relativeResultsDirectory="e008fd3c-b2f4-46db-ad08-8139c2bfac1d" />
    <UnitTestResult executionId="53040b50-d511-4106-8ab2-b62f6b776fd7" testId="6c74ee8b-c542-cce2-132c-d2c6adc29842" testName="BL.Tests.LiftsServiceTest.TestAdminAddAutoIncrementLiftAsync(userID: 22, lift: Lift { LiftID = 249, LiftName = liftName07d12bdb-e393-48fa-bae0-22ce3a583fe8, IsOpen = True, SeatsAmount = 180, LiftingTime = 182, QueueTime = 8, ConnectedSlopes =  }, checkPermissionServiceMock: Mock&lt;ICheckPermissionService:5&gt;, liftsRepositoryStub: Mock&lt;ILiftsRepository:5&gt;, sut: LiftsService { })" computerName="DESKTOP-TJ9D65N" duration="00:00:00.0057603" startTime="2022-11-03T11:02:34.7059916+03:00" endTime="2022-11-03T11:02:34.7059917+03:00" testType="13cdc9d9-ddb5-4fa4-a97d-d965ccfc6d4b" outcome="Passed" testListId="8c84fa94-04c1-424b-9868-57a2d4851a1d" relativeResultsDirectory="53040b50-d511-4106-8ab2-b62f6b776fd7" />
    <UnitTestResult executionId="63cbdf2e-e4b9-4c0e-88e1-1cedd82e0b4e" testId="20ad8570-0170-85de-dcd7-2f109dd7bcd6" testName="BL.Tests.UsersServiceTests.TestAdminGetUsers" computerName="DESKTOP-TJ9D65N" duration="00:00:00.0683406" startTime="2022-11-03T11:02:34.6063590+03:00" endTime="2022-11-03T11:02:34.6063590+03:00" testType="13cdc9d9-ddb5-4fa4-a97d-d965ccfc6d4b" outcome="Passed" testListId="8c84fa94-04c1-424b-9868-57a2d4851a1d" relativeResultsDirectory="63cbdf2e-e4b9-4c0e-88e1-1cedd82e0b4e" />
    <UnitTestResult executionId="dd42d1df-d452-4aa9-ae6c-baa5674f6d17" testId="a2e59116-cb53-1d70-9cb8-21c286516866" testName="BL.Tests.CheckPermissionsServiceTests.AuthorizedHasNoAccessToAdminFunctions" computerName="DESKTOP-TJ9D65N" duration="00:00:00.0074657" startTime="2022-11-03T11:02:34.7914110+03:00" endTime="2022-11-03T11:02:34.7914110+03:00" testType="13cdc9d9-ddb5-4fa4-a97d-d965ccfc6d4b" outcome="Passed" testListId="8c84fa94-04c1-424b-9868-57a2d4851a1d" relativeResultsDirectory="dd42d1df-d452-4aa9-ae6c-baa5674f6d17" />
    <UnitTestResult executionId="db21a445-d980-4677-b690-d9535a5fc2ae" testId="cebdc278-1324-b539-a722-fc362b6c8603" testName="BL.Tests.SlopesServiceTest.TestGetSlopeInfoAsync(userID: 181, slope: Slope { SlopeID = 94, SlopeName = slopeName564590ad-0dcd-47dd-9e5c-e5b636d410f4, IsOpen = True, DifficultyLevel = 221, ConnectedLifts =  }, checkPermissionServiceMock: Mock&lt;ICheckPermissionService:6&gt;, slopesRepositoryStub: Mock&lt;ISlopesRepository:4&gt;, liftsSlopesRepositoryStub: Mock&lt;ILiftsSlopesRepository:9&gt;, sut: SlopesService { })" computerName="DESKTOP-TJ9D65N" duration="00:00:00.0614845" startTime="2022-11-03T11:02:34.5997723+03:00" endTime="2022-11-03T11:02:34.5998273+03:00" testType="13cdc9d9-ddb5-4fa4-a97d-d965ccfc6d4b" outcome="Passed" testListId="8c84fa94-04c1-424b-9868-57a2d4851a1d" relativeResultsDirectory="db21a445-d980-4677-b690-d9535a5fc2ae" />
    <UnitTestResult executionId="54a16d0d-e4c6-4afd-8ad1-fd9c33e7013a" testId="31dd112f-41a2-6cdb-7a8f-6d2e4b2fcfde" testName="BL.Tests.TurnstilesServiceTest.TestAdminUpdateTurnstileAsync(userID: 197, turnstile: Turnstile { TurnstileID = 87, LiftID = 72, IsOpen = True }, checkPermissionServiceMock: Mock&lt;ICheckPermissionService:14&gt;, turnstilesRepositoryStub: Mock&lt;ITurnstilesRepository:8&gt;, sut: TurnstilesService { })" computerName="DESKTOP-TJ9D65N" duration="00:00:00.0059913" startTime="2022-11-03T11:02:34.7567978+03:00" endTime="2022-11-03T11:02:34.7567979+03:00" testType="13cdc9d9-ddb5-4fa4-a97d-d965ccfc6d4b" outcome="Passed" testListId="8c84fa94-04c1-424b-9868-57a2d4851a1d" relativeResultsDirectory="54a16d0d-e4c6-4afd-8ad1-fd9c33e7013a" />
    <UnitTestResult executionId="066b05b0-ef4c-4119-90fb-96d6a09153f7" testId="417e8f40-5b36-3138-1457-2053cda35282" testName="BL.Tests.LiftsServiceTest.TestUpdateLiftInfoAsync(userID: 39, lift: Lift { LiftID = 98, LiftName = liftName1dbe3d83-0f5d-4900-b7f9-286ff58d9f60, IsOpen = True, SeatsAmount = 53, LiftingTime = 67, QueueTime = 217, ConnectedSlopes =  }, checkPermissionServiceMock: Mock&lt;ICheckPermissionService:3&gt;, liftsRepositoryStub: Mock&lt;ILiftsRepository:3&gt;, sut: LiftsService { })" computerName="DESKTOP-TJ9D65N" duration="00:00:00.0070423" startTime="2022-11-03T11:02:34.6989541+03:00" endTime="2022-11-03T11:02:34.6989542+03:00" testType="13cdc9d9-ddb5-4fa4-a97d-d965ccfc6d4b" outcome="Passed" testListId="8c84fa94-04c1-424b-9868-57a2d4851a1d" relativeResultsDirectory="066b05b0-ef4c-4119-90fb-96d6a09153f7" />
    <UnitTestResult executionId="8be8ac97-0aef-4920-89ef-244c97de9161" testId="78cfedfd-e4b0-14e0-0dc1-02e8f32d2fd0" testName="BL.Tests.TurnstilesServiceTest.TestAdminDeleteTurnstileAsync(userID: 117, turnstile: Turnstile { TurnstileID = 63, LiftID = 72, IsOpen = True }, checkPermissionServiceMock: Mock&lt;ICheckPermissionService:15&gt;, turnstilesRepositoryStub: Mock&lt;ITurnstilesRepository:9&gt;, sut: TurnstilesService { })" computerName="DESKTOP-TJ9D65N" duration="00:00:00.0043224" startTime="2022-11-03T11:02:34.7206883+03:00" endTime="2022-11-03T11:02:34.7206883+03:00" testType="13cdc9d9-ddb5-4fa4-a97d-d965ccfc6d4b" outcome="Passed" testListId="8c84fa94-04c1-424b-9868-57a2d4851a1d" relativeResultsDirectory="8be8ac97-0aef-4920-89ef-244c97de9161" />
    <UnitTestResult executionId="e830c8c1-43c5-452b-9369-5f7b3e52b641" testId="0eeef75f-6e38-7893-a8fe-cff3e0a970a7" testName="BL.Tests.UsersServiceTests.TestRegisterOk" computerName="DESKTOP-TJ9D65N" duration="00:00:00.0084922" startTime="2022-11-03T11:02:34.7643837+03:00" endTime="2022-11-03T11:02:34.7643838+03:00" testType="13cdc9d9-ddb5-4fa4-a97d-d965ccfc6d4b" outcome="Passed" testListId="8c84fa94-04c1-424b-9868-57a2d4851a1d" relativeResultsDirectory="e830c8c1-43c5-452b-9369-5f7b3e52b641" />
    <UnitTestResult executionId="dcc67f37-c252-4650-8837-7ac0732627e4" testId="aa28a6b3-21d3-aa45-24d3-bef2facbc899" testName="BL.Tests.CheckPermissionsServiceTests.AuthorizedHasAccessToAuthorizedFunctions(functionName: &quot;LogOutAsync&quot;)" computerName="DESKTOP-TJ9D65N" duration="00:00:00.0010035" startTime="2022-11-03T11:02:34.8383730+03:00" endTime="2022-11-03T11:02:34.8383730+03:00" testType="13cdc9d9-ddb5-4fa4-a97d-d965ccfc6d4b" outcome="Passed" testListId="8c84fa94-04c1-424b-9868-57a2d4851a1d" relativeResultsDirectory="dcc67f37-c252-4650-8837-7ac0732627e4" />
    <UnitTestResult executionId="ffd2f0ee-e6c8-4c48-a812-c3662a41bf44" testId="e429852d-a6ed-7c2a-25fd-cd839b159d56" testName="BL.Tests.LiftsSlopesServiceTests.TestGetLiftsSlopesInfoAsync(liftsSlopes: [LiftSlope { RecordID = 55, LiftID = 22, SlopeID = 27 }, LiftSlope { RecordID = 233, LiftID = 210, SlopeID = 211 }, LiftSlope { RecordID = 250, LiftID = 252, SlopeID = 76 }], slopesRepositoryStub: Mock&lt;ISlopesRepository:1&gt;, liftsRepositoryStub: Mock&lt;ILiftsRepository:6&gt;, liftsSlopesRepositoryStub: Mock&lt;ILiftsSlopesRepository:6&gt;)" computerName="DESKTOP-TJ9D65N" duration="00:00:00.0681543" startTime="2022-11-03T11:02:34.6063411+03:00" endTime="2022-11-03T11:02:34.6063412+03:00" testType="13cdc9d9-ddb5-4fa4-a97d-d965ccfc6d4b" outcome="Passed" testListId="8c84fa94-04c1-424b-9868-57a2d4851a1d" relativeResultsDirectory="ffd2f0ee-e6c8-4c48-a812-c3662a41bf44" />
    <UnitTestResult executionId="bc7d5210-df44-486d-9234-56b00e2aec5c" testId="a19a5fcf-c5d2-7d44-5d7d-84403042f4e0" testName="BL.Tests.CheckPermissionsServiceTests.UnauthorizedHasNoAccessToAdminSkiPatrolFunctions(functionName: &quot;MarkMessageReadByUserAsync&quot;)" computerName="DESKTOP-TJ9D65N" duration="00:00:00.0581318" startTime="2022-11-03T11:02:34.6062050+03:00" endTime="2022-11-03T11:02:34.6062050+03:00" testType="13cdc9d9-ddb5-4fa4-a97d-d965ccfc6d4b" outcome="Passed" testListId="8c84fa94-04c1-424b-9868-57a2d4851a1d" relativeResultsDirectory="bc7d5210-df44-486d-9234-56b00e2aec5c" />
    <UnitTestResult executionId="94396aa9-d82f-48c5-8fd5-d9355335b3c5" testId="c36970dc-93f7-753e-fa47-157133b01644" testName="BL.Tests.CheckPermissionsServiceTests.SkiPatrolHasAccessToAdminSkiPatrolFunctions(functionName: &quot;GetMessagesAsync&quot;)" computerName="DESKTOP-TJ9D65N" duration="00:00:00.0008429" startTime="2022-11-03T11:02:34.7763650+03:00" endTime="2022-11-03T11:02:34.7763651+03:00" testType="13cdc9d9-ddb5-4fa4-a97d-d965ccfc6d4b" outcome="Passed" testListId="8c84fa94-04c1-424b-9868-57a2d4851a1d" relativeResultsDirectory="94396aa9-d82f-48c5-8fd5-d9355335b3c5" />
    <UnitTestResult executionId="b6b3605a-73f0-4579-b62f-66811a6fb40a" testId="06d0bc3a-24a0-fb7f-4277-e9ae6d21c7dd" testName="BL.Tests.UsersServiceTests.TestAdminUpdateUser" computerName="DESKTOP-TJ9D65N" duration="00:00:00.0056533" startTime="2022-11-03T11:02:34.7298575+03:00" endTime="2022-11-03T11:02:34.7298576+03:00" testType="13cdc9d9-ddb5-4fa4-a97d-d965ccfc6d4b" outcome="Passed" testListId="8c84fa94-04c1-424b-9868-57a2d4851a1d" relativeResultsDirectory="b6b3605a-73f0-4579-b62f-66811a6fb40a" />
    <UnitTestResult executionId="26d85f88-2156-41c2-9c44-b791b21cf846" testId="3f555b65-5fda-de2e-9d38-729ccecb6389" testName="BL.Tests.SlopesServiceTest.TestAdminAddAutoIncrementSlopeAsync(userID: 82, slope: Slope { SlopeID = 113, SlopeName = slopeName38484a80-5bef-416a-b5c8-441c0fa70c48, IsOpen = True, DifficultyLevel = 237, ConnectedLifts =  }, checkPermissionServiceMock: Mock&lt;ICheckPermissionService:10&gt;, slopesRepositoryStub: Mock&lt;ISlopesRepository:8&gt;, sut: SlopesService { })" computerName="DESKTOP-TJ9D65N" duration="00:00:00.0082580" startTime="2022-11-03T11:02:34.6991310+03:00" endTime="2022-11-03T11:02:34.6991311+03:00" testType="13cdc9d9-ddb5-4fa4-a97d-d965ccfc6d4b" outcome="Passed" testListId="8c84fa94-04c1-424b-9868-57a2d4851a1d" relativeResultsDirectory="26d85f88-2156-41c2-9c44-b791b21cf846" />
    <UnitTestResult executionId="9836c705-2efa-4a06-a951-18dfa89c34d6" testId="387c9729-48c1-486e-5e67-f5d11a9f0db8" testName="BL.Tests.CheckPermissionsServiceTests.UnauthorizedHasNoAccessToAdminSkiPatrolFunctions(functionName: &quot;GetLiftsSlopesInfoAsync&quot;)" computerName="DESKTOP-TJ9D65N" duration="00:00:00.0022980" startTime="2022-11-03T11:02:34.6974925+03:00" endTime="2022-11-03T11:02:34.6974925+03:00" testType="13cdc9d9-ddb5-4fa4-a97d-d965ccfc6d4b" outcome="Passed" testListId="8c84fa94-04c1-424b-9868-57a2d4851a1d" relativeResultsDirectory="9836c705-2efa-4a06-a951-18dfa89c34d6" />
    <UnitTestResult executionId="e8090a9c-6e01-4ce5-a16a-33b656334cdf" testId="644ec43e-70cd-c82d-42e7-0d990be1414d" testName="BL.Tests.CheckPermissionsServiceTests.AuthorizedHasAccessToAuthorizedFunctions(functionName: &quot;SendMessageAsync&quot;)" computerName="DESKTOP-TJ9D65N" duration="00:00:00.0018634" startTime="2022-11-03T11:02:34.8295230+03:00" endTime="2022-11-03T11:02:34.8295231+03:00" testType="13cdc9d9-ddb5-4fa4-a97d-d965ccfc6d4b" outcome="Passed" testListId="8c84fa94-04c1-424b-9868-57a2d4851a1d" relativeResultsDirectory="e8090a9c-6e01-4ce5-a16a-33b656334cdf" />
    <UnitTestResult executionId="323a22a3-2ec7-4574-978a-35404fcc78fd" testId="f44a1b21-8efc-bfac-63b4-d534442def31" testName="BL.Tests.UsersServiceTests.TestRegisterUserWithNoPassword" computerName="DESKTOP-TJ9D65N" duration="00:00:00.0019548" startTime="2022-11-03T11:02:34.6979832+03:00" endTime="2022-11-03T11:02:34.6979833+03:00" testType="13cdc9d9-ddb5-4fa4-a97d-d965ccfc6d4b" outcome="Passed" testListId="8c84fa94-04c1-424b-9868-57a2d4851a1d" relativeResultsDirectory="323a22a3-2ec7-4574-978a-35404fcc78fd" />
    <UnitTestResult executionId="7d2f04c6-7425-4dd7-a0b0-44c4d14fef10" testId="8184bd30-991c-b78d-b4ec-99a485eac0dd" testName="BL.Tests.UsersServiceTests.TestRegisterUserWithNoEmail" computerName="DESKTOP-TJ9D65N" duration="00:00:00.0035535" startTime="2022-11-03T11:02:34.6978238+03:00" endTime="2022-11-03T11:02:34.6978239+03:00" testType="13cdc9d9-ddb5-4fa4-a97d-d965ccfc6d4b" outcome="Passed" testListId="8c84fa94-04c1-424b-9868-57a2d4851a1d" relativeResultsDirectory="7d2f04c6-7425-4dd7-a0b0-44c4d14fef10" />
    <UnitTestResult executionId="a73f5158-e542-4eef-a56a-ccc4cd2a60ce" testId="eaabd2fc-2f4b-5689-59c8-c7ad34a8f634" testName="BL.Tests.CheckPermissionsServiceTests.UnauthorizedHasNoAccessToAuthorizedFunctions(functionName: &quot;SendMessageAsync&quot;)" computerName="DESKTOP-TJ9D65N" duration="00:00:00.0029992" startTime="2022-11-03T11:02:34.6990856+03:00" endTime="2022-11-03T11:02:34.6990857+03:00" testType="13cdc9d9-ddb5-4fa4-a97d-d965ccfc6d4b" outcome="Passed" testListId="8c84fa94-04c1-424b-9868-57a2d4851a1d" relativeResultsDirectory="a73f5158-e542-4eef-a56a-ccc4cd2a60ce" />
    <UnitTestResult executionId="a245c279-0346-43df-8d86-1d0ac4687e4a" testId="050380fb-0676-65e9-0f71-f9a3d5d17517" testName="BL.Tests.SlopesServiceTest.TestGetSlopesInfoAsync(userID: 246, initialSlopes: [Slope { SlopeID = 89, SlopeName = slopeName8ed7434c-d697-4ca5-be49-03a0122f0c47, IsOpen = True, DifficultyLevel = 74, ConnectedLifts =  }, Slope { SlopeID = 132, SlopeName = slopeName41173b73-9574-4ab3-9df3-11f38b0f77ea, IsOpen = False, DifficultyLevel = 32, ConnectedLifts =  }, Slope { SlopeID = 66, SlopeName = slopeName399bfe33-e545-470c-9810-66b793f5f638, IsOpen = True, DifficultyLevel = 190, ConnectedLifts =  }], checkPermissionServiceMock: Mock&lt;ICheckPermissionService:7&gt;, slopesRepositoryStub: Mock&lt;ISlopesRepository:5&gt;, liftsSlopesRepositoryStub: Mock&lt;ILiftsSlopesRepository:10&gt;, sut: SlopesService { })" computerName="DESKTOP-TJ9D65N" duration="00:00:00.0177445" startTime="2022-11-03T11:02:34.6979499+03:00" endTime="2022-11-03T11:02:34.6979500+03:00" testType="13cdc9d9-ddb5-4fa4-a97d-d965ccfc6d4b" outcome="Passed" testListId="8c84fa94-04c1-424b-9868-57a2d4851a1d" relativeResultsDirectory="a245c279-0346-43df-8d86-1d0ac4687e4a" />
    <UnitTestResult executionId="984f0f7e-c750-475f-9937-4b191a21134e" testId="4f297306-d4f3-8d63-e7f4-1ac0b8c58c74" testName="BL.Tests.CheckPermissionsServiceTests.AuthorizedHasNoAccessToAdminSkiPatrolFunctions(functionName: &quot;GetLiftsSlopesInfoAsync&quot;)" computerName="DESKTOP-TJ9D65N" duration="00:00:00.0013705" startTime="2022-11-03T11:02:34.8202773+03:00" endTime="2022-11-03T11:02:34.8202774+03:00" testType="13cdc9d9-ddb5-4fa4-a97d-d965ccfc6d4b" outcome="Passed" testListId="8c84fa94-04c1-424b-9868-57a2d4851a1d" relativeResultsDirectory="984f0f7e-c750-475f-9937-4b191a21134e" />
    <UnitTestResult executionId="1ad2fac6-c58c-4487-bcf3-44aa36b791f3" testId="2d706594-f2b3-b3c8-21d4-86c9798c3306" testName="BL.Tests.CheckPermissionsServiceTests.SkiPatrolHasAccessToAdminSkiPatrolFunctions(functionName: &quot;GetLiftsSlopesInfoAsync&quot;)" computerName="DESKTOP-TJ9D65N" duration="00:00:00.0052601" startTime="2022-11-03T11:02:34.7498331+03:00" endTime="2022-11-03T11:02:34.7498332+03:00" testType="13cdc9d9-ddb5-4fa4-a97d-d965ccfc6d4b" outcome="Passed" testListId="8c84fa94-04c1-424b-9868-57a2d4851a1d" relativeResultsDirectory="1ad2fac6-c58c-4487-bcf3-44aa36b791f3" />
    <UnitTestResult executionId="9075e13f-a15e-43c1-a35b-e9f32cb0b236" testId="3d1bfd3f-673d-c4b6-5a9b-03a9b5dbfc7d" testName="BL.Tests.LiftsSlopesServiceTests.TestAdminDeleteLiftSlopeAsync(lift: Lift { LiftID = 121, LiftName = liftName318aed8a-3510-45ce-9600-6de58e709aae, IsOpen = True, SeatsAmount = 199, LiftingTime = 154, QueueTime = 140, ConnectedSlopes =  }, slope: Slope { SlopeID = 73, SlopeName = slopeName5f67c1a3-d929-4fa9-9bc4-d68b720ac363, IsOpen = False, DifficultyLevel = 60, ConnectedLifts =  }, slopesRepositoryStub: Mock&lt;ISlopesRepository:2&gt;, liftsRepositoryStub: Mock&lt;ILiftsRepository:7&gt;, liftsSlopesRepositoryStub: Mock&lt;ILiftsSlopesRepository:7&gt;)" computerName="DESKTOP-TJ9D65N" duration="00:00:00.0064323" startTime="2022-11-03T11:02:34.6978905+03:00" endTime="2022-11-03T11:02:34.6978906+03:00" testType="13cdc9d9-ddb5-4fa4-a97d-d965ccfc6d4b" outcome="Passed" testListId="8c84fa94-04c1-424b-9868-57a2d4851a1d" relativeResultsDirectory="9075e13f-a15e-43c1-a35b-e9f32cb0b236" />
  </Results>
  <TestDefinitions>
    <UnitTest name="BL.Tests.UsersServiceTests.TestAdminAddAutoIncrementUser" storage="/mnt/c/users/alena/desktop/7_sem/testing_and_debugging/skiresort/bl.tests/bin/debug/net6.0/bl.tests.dll" id="834c739b-eca4-b36d-6a66-5a1bd75377b8">
      <Execution id="99a29ead-6e09-4c8f-966f-6848d334a70b" />
      <TestMethod codeBase="/mnt/c/Users/alena/Desktop/7_sem/testing_and_debugging/SkiResort/BL.Tests/bin/Debug/net6.0/BL.Tests.dll" adapterTypeName="executor://xunit/VsTestRunner2/netcoreapp" className="BL.Tests.UsersServiceTests" name="TestAdminAddAutoIncrementUser" />
    </UnitTest>
    <UnitTest name="BL.Tests.CheckPermissionsServiceTests.SkiPatrolHasAccessToAdminSkiPatrolFunctions(functionName: &quot;MarkMessageReadByUserAsync&quot;)" storage="/mnt/c/users/alena/desktop/7_sem/testing_and_debugging/skiresort/bl.tests/bin/debug/net6.0/bl.tests.dll" id="60bd668f-04df-da5e-b79b-5d9aedb5234d">
      <Execution id="e008fd3c-b2f4-46db-ad08-8139c2bfac1d" />
      <TestMethod codeBase="/mnt/c/Users/alena/Desktop/7_sem/testing_and_debugging/SkiResort/BL.Tests/bin/Debug/net6.0/BL.Tests.dll" adapterTypeName="executor://xunit/VsTestRunner2/netcoreapp" className="BL.Tests.CheckPermissionsServiceTests" name="SkiPatrolHasAccessToAdminSkiPatrolFunctions" />
    </UnitTest>
    <UnitTest name="BL.Tests.CheckPermissionsServiceTests.AuthorizedHasAccessToAuthorizedFunctions(functionName: &quot;SendMessageAsync&quot;)" storage="/mnt/c/users/alena/desktop/7_sem/testing_and_debugging/skiresort/bl.tests/bin/debug/net6.0/bl.tests.dll" id="644ec43e-70cd-c82d-42e7-0d990be1414d">
      <Execution id="e8090a9c-6e01-4ce5-a16a-33b656334cdf" />
      <TestMethod codeBase="/mnt/c/Users/alena/Desktop/7_sem/testing_and_debugging/SkiResort/BL.Tests/bin/Debug/net6.0/BL.Tests.dll" adapterTypeName="executor://xunit/VsTestRunner2/netcoreapp" className="BL.Tests.CheckPermissionsServiceTests" name="AuthorizedHasAccessToAuthorizedFunctions" />
    </UnitTest>
    <UnitTest name="BL.Tests.CheckPermissionsServiceTests.AuthorizedHasNoAccessToAdminSkiPatrolFunctions(functionName: &quot;MarkMessageReadByUserAsync&quot;)" storage="/mnt/c/users/alena/desktop/7_sem/testing_and_debugging/skiresort/bl.tests/bin/debug/net6.0/bl.tests.dll" id="9c7df5e2-1b23-ebea-889f-b78ca86b60ab">
      <Execution id="befb1d76-533b-4e49-8471-4909b4c2ef14" />
      <TestMethod codeBase="/mnt/c/Users/alena/Desktop/7_sem/testing_and_debugging/SkiResort/BL.Tests/bin/Debug/net6.0/BL.Tests.dll" adapterTypeName="executor://xunit/VsTestRunner2/netcoreapp" className="BL.Tests.CheckPermissionsServiceTests" name="AuthorizedHasNoAccessToAdminSkiPatrolFunctions" />
    </UnitTest>
    <UnitTest name="BL.Tests.TurnstilesServiceTest.TestAdminDeleteTurnstileAsync(userID: 117, turnstile: Turnstile { TurnstileID = 63, LiftID = 72, IsOpen = True }, checkPermissionServiceMock: Mock&lt;ICheckPermissionService:15&gt;, turnstilesRepositoryStub: Mock&lt;ITurnstilesRepository:9&gt;, sut: TurnstilesService { })" storage="/mnt/c/users/alena/desktop/7_sem/testing_and_debugging/skiresort/bl.tests/bin/debug/net6.0/bl.tests.dll" id="78cfedfd-e4b0-14e0-0dc1-02e8f32d2fd0">
      <Execution id="8be8ac97-0aef-4920-89ef-244c97de9161" />
      <TestMethod codeBase="/mnt/c/Users/alena/Desktop/7_sem/testing_and_debugging/SkiResort/BL.Tests/bin/Debug/net6.0/BL.Tests.dll" adapterTypeName="executor://xunit/VsTestRunner2/netcoreapp" className="BL.Tests.TurnstilesServiceTest" name="TestAdminDeleteTurnstileAsync" />
    </UnitTest>
    <UnitTest name="BL.Tests.LiftsSlopesServiceTests.TestAdminAddAutoIncrementLiftSlopeAsync(lift: Lift { LiftID = 121, LiftName = liftNamefa4f7879-ad15-4b53-8861-f8bd001b9968, IsOpen = True, SeatsAmount = 148, LiftingTime = 67, QueueTime = 100, ConnectedSlopes =  }, slope: Slope { SlopeID = 70, SlopeName = slopeNamec2b82ae4-21e6-4357-b94e-d7778e7c5271, IsOpen = False, DifficultyLevel = 54, ConnectedLifts =  }, slopesRepositoryStub: Mock&lt;ISlopesRepository:3&gt;, ..." storage="/mnt/c/users/alena/desktop/7_sem/testing_and_debugging/skiresort/bl.tests/bin/debug/net6.0/bl.tests.dll" id="7e533219-0af1-5cb5-42f3-9dbf4b008222">
      <Execution id="e41d6581-5496-40f9-a0e8-6fbc38a664f8" />
      <TestMethod codeBase="/mnt/c/Users/alena/Desktop/7_sem/testing_and_debugging/SkiResort/BL.Tests/bin/Debug/net6.0/BL.Tests.dll" adapterTypeName="executor://xunit/VsTestRunner2/netcoreapp" className="BL.Tests.LiftsSlopesServiceTests" name="TestAdminAddAutoIncrementLiftSlopeAsync" />
    </UnitTest>
    <UnitTest name="BL.Tests.CheckPermissionsServiceTests.UnauthorizedHasNoAccessToAuthorizedFunctions(functionName: &quot;SendMessageAsync&quot;)" storage="/mnt/c/users/alena/desktop/7_sem/testing_and_debugging/skiresort/bl.tests/bin/debug/net6.0/bl.tests.dll" id="eaabd2fc-2f4b-5689-59c8-c7ad34a8f634">
      <Execution id="a73f5158-e542-4eef-a56a-ccc4cd2a60ce" />
      <TestMethod codeBase="/mnt/c/Users/alena/Desktop/7_sem/testing_and_debugging/SkiResort/BL.Tests/bin/Debug/net6.0/BL.Tests.dll" adapterTypeName="executor://xunit/VsTestRunner2/netcoreapp" className="BL.Tests.CheckPermissionsServiceTests" name="UnauthorizedHasNoAccessToAuthorizedFunctions" />
    </UnitTest>
    <UnitTest name="BL.Tests.CheckPermissionsServiceTests.AdminHasAccessToAllFunctions" storage="/mnt/c/users/alena/desktop/7_sem/testing_and_debugging/skiresort/bl.tests/bin/debug/net6.0/bl.tests.dll" id="f3efc418-a8a6-c7b7-9bac-90b33aa8472f">
      <Execution id="0ea1bf74-185d-4807-ba04-607b19229a04" />
      <TestMethod codeBase="/mnt/c/Users/alena/Desktop/7_sem/testing_and_debugging/SkiResort/BL.Tests/bin/Debug/net6.0/BL.Tests.dll" adapterTypeName="executor://xunit/VsTestRunner2/netcoreapp" className="BL.Tests.CheckPermissionsServiceTests" name="AdminHasAccessToAllFunctions" />
    </UnitTest>
    <UnitTest name="BL.Tests.SlopesServiceTest.TestAdminAddSlopeAsync(userID: 69, slope: Slope { SlopeID = 181, SlopeName = slopeName84889334-bd0f-449d-9425-1931cb127cff, IsOpen = True, DifficultyLevel = 199, ConnectedLifts =  }, checkPermissionServiceMock: Mock&lt;ICheckPermissionService:11&gt;, slopesRepositoryStub: Mock&lt;ISlopesRepository:9&gt;, sut: SlopesService { })" storage="/mnt/c/users/alena/desktop/7_sem/testing_and_debugging/skiresort/bl.tests/bin/debug/net6.0/bl.tests.dll" id="6f1045fb-865e-e5ee-6d80-335dd1389efe">
      <Execution id="d0493193-486c-4f38-a980-aef184ad4266" />
      <TestMethod codeBase="/mnt/c/Users/alena/Desktop/7_sem/testing_and_debugging/SkiResort/BL.Tests/bin/Debug/net6.0/BL.Tests.dll" adapterTypeName="executor://xunit/VsTestRunner2/netcoreapp" className="BL.Tests.SlopesServiceTest" name="TestAdminAddSlopeAsync" />
    </UnitTest>
    <UnitTest name="BL.Tests.LiftsServiceTest.TestAdminAddAutoIncrementLiftAsync(userID: 22, lift: Lift { LiftID = 249, LiftName = liftName07d12bdb-e393-48fa-bae0-22ce3a583fe8, IsOpen = True, SeatsAmount = 180, LiftingTime = 182, QueueTime = 8, ConnectedSlopes =  }, checkPermissionServiceMock: Mock&lt;ICheckPermissionService:5&gt;, liftsRepositoryStub: Mock&lt;ILiftsRepository:5&gt;, sut: LiftsService { })" storage="/mnt/c/users/alena/desktop/7_sem/testing_and_debugging/skiresort/bl.tests/bin/debug/net6.0/bl.tests.dll" id="6c74ee8b-c542-cce2-132c-d2c6adc29842">
      <Execution id="53040b50-d511-4106-8ab2-b62f6b776fd7" />
      <TestMethod codeBase="/mnt/c/Users/alena/Desktop/7_sem/testing_and_debugging/SkiResort/BL.Tests/bin/Debug/net6.0/BL.Tests.dll" adapterTypeName="executor://xunit/VsTestRunner2/netcoreapp" className="BL.Tests.LiftsServiceTest" name="TestAdminAddAutoIncrementLiftAsync" />
    </UnitTest>
    <UnitTest name="BL.Tests.UsersServiceTests.TestLogInOk" storage="/mnt/c/users/alena/desktop/7_sem/testing_and_debugging/skiresort/bl.tests/bin/debug/net6.0/bl.tests.dll" id="1ca07ad8-f799-c5d4-e7cc-34fd950198a2">
      <Execution id="c34d2e9b-e6be-47c1-ab1d-e2429af3896f" />
      <TestMethod codeBase="/mnt/c/Users/alena/Desktop/7_sem/testing_and_debugging/SkiResort/BL.Tests/bin/Debug/net6.0/BL.Tests.dll" adapterTypeName="executor://xunit/VsTestRunner2/netcoreapp" className="BL.Tests.UsersServiceTests" name="TestLogInOk" />
    </UnitTest>
    <UnitTest name="BL.Tests.SlopesServiceTest.TestAdminAddAutoIncrementSlopeAsync(userID: 82, slope: Slope { SlopeID = 113, SlopeName = slopeName38484a80-5bef-416a-b5c8-441c0fa70c48, IsOpen = True, DifficultyLevel = 237, ConnectedLifts =  }, checkPermissionServiceMock: Mock&lt;ICheckPermissionService:10&gt;, slopesRepositoryStub: Mock&lt;ISlopesRepository:8&gt;, sut: SlopesService { })" storage="/mnt/c/users/alena/desktop/7_sem/testing_and_debugging/skiresort/bl.tests/bin/debug/net6.0/bl.tests.dll" id="3f555b65-5fda-de2e-9d38-729ccecb6389">
      <Execution id="26d85f88-2156-41c2-9c44-b791b21cf846" />
      <TestMethod codeBase="/mnt/c/Users/alena/Desktop/7_sem/testing_and_debugging/SkiResort/BL.Tests/bin/Debug/net6.0/BL.Tests.dll" adapterTypeName="executor://xunit/VsTestRunner2/netcoreapp" className="BL.Tests.SlopesServiceTest" name="TestAdminAddAutoIncrementSlopeAsync" />
    </UnitTest>
    <UnitTest name="BL.Tests.CheckPermissionsServiceTests.UnauthorizedHasNoAccessToAdminSkiPatrolFunctions(functionName: &quot;MarkMessageReadByUserAsync&quot;)" storage="/mnt/c/users/alena/desktop/7_sem/testing_and_debugging/skiresort/bl.tests/bin/debug/net6.0/bl.tests.dll" id="a19a5fcf-c5d2-7d44-5d7d-84403042f4e0">
      <Execution id="bc7d5210-df44-486d-9234-56b00e2aec5c" />
      <TestMethod codeBase="/mnt/c/Users/alena/Desktop/7_sem/testing_and_debugging/SkiResort/BL.Tests/bin/Debug/net6.0/BL.Tests.dll" adapterTypeName="executor://xunit/VsTestRunner2/netcoreapp" className="BL.Tests.CheckPermissionsServiceTests" name="UnauthorizedHasNoAccessToAdminSkiPatrolFunctions" />
    </UnitTest>
    <UnitTest name="BL.Tests.TurnstilesServiceTest.TestAdminGetTurnstilesAsync(userID: 96, initialTurnstiles: [Turnstile { TurnstileID = 29, LiftID = 145, IsOpen = True }, Turnstile { TurnstileID = 237, LiftID = 108, IsOpen = False }, Turnstile { TurnstileID = 205, LiftID = 42, IsOpen = True }], checkPermissionServiceMock: Mock&lt;ICheckPermissionService:13&gt;, turnstilesRepositoryStub: Mock&lt;ITurnstilesRepository:7&gt;, sut: TurnstilesService { })" storage="/mnt/c/users/alena/desktop/7_sem/testing_and_debugging/skiresort/bl.tests/bin/debug/net6.0/bl.tests.dll" id="91dc456b-b146-6c9a-b2b9-89464f156c51">
      <Execution id="b200bf25-ecdc-4e88-b1a9-e992916aef5b" />
      <TestMethod codeBase="/mnt/c/Users/alena/Desktop/7_sem/testing_and_debugging/SkiResort/BL.Tests/bin/Debug/net6.0/BL.Tests.dll" adapterTypeName="executor://xunit/VsTestRunner2/netcoreapp" className="BL.Tests.TurnstilesServiceTest" name="TestAdminGetTurnstilesAsync" />
    </UnitTest>
    <UnitTest name="BL.Tests.LiftsServiceTest.TestUpdateLiftInfoAsync(userID: 39, lift: Lift { LiftID = 98, LiftName = liftName1dbe3d83-0f5d-4900-b7f9-286ff58d9f60, IsOpen = True, SeatsAmount = 53, LiftingTime = 67, QueueTime = 217, ConnectedSlopes =  }, checkPermissionServiceMock: Mock&lt;ICheckPermissionService:3&gt;, liftsRepositoryStub: Mock&lt;ILiftsRepository:3&gt;, sut: LiftsService { })" storage="/mnt/c/users/alena/desktop/7_sem/testing_and_debugging/skiresort/bl.tests/bin/debug/net6.0/bl.tests.dll" id="417e8f40-5b36-3138-1457-2053cda35282">
      <Execution id="066b05b0-ef4c-4119-90fb-96d6a09153f7" />
      <TestMethod codeBase="/mnt/c/Users/alena/Desktop/7_sem/testing_and_debugging/SkiResort/BL.Tests/bin/Debug/net6.0/BL.Tests.dll" adapterTypeName="executor://xunit/VsTestRunner2/netcoreapp" className="BL.Tests.LiftsServiceTest" name="TestUpdateLiftInfoAsync" />
    </UnitTest>
    <UnitTest name="BL.Tests.CheckPermissionsServiceTests.AuthorizedHasAccessToAuthorizedFunctions(functionName: &quot;LogOutAsync&quot;)" storage="/mnt/c/users/alena/desktop/7_sem/testing_and_debugging/skiresort/bl.tests/bin/debug/net6.0/bl.tests.dll" id="aa28a6b3-21d3-aa45-24d3-bef2facbc899">
      <Execution id="dcc67f37-c252-4650-8837-7ac0732627e4" />
      <TestMethod codeBase="/mnt/c/Users/alena/Desktop/7_sem/testing_and_debugging/SkiResort/BL.Tests/bin/Debug/net6.0/BL.Tests.dll" adapterTypeName="executor://xunit/VsTestRunner2/netcoreapp" className="BL.Tests.CheckPermissionsServiceTests" name="AuthorizedHasAccessToAuthorizedFunctions" />
    </UnitTest>
    <UnitTest name="BL.Tests.CheckPermissionsServiceTests.SkiPatrolHasAccessToAdminSkiPatrolFunctions(functionName: &quot;GetMessagesAsync&quot;)" storage="/mnt/c/users/alena/desktop/7_sem/testing_and_debugging/skiresort/bl.tests/bin/debug/net6.0/bl.tests.dll" id="c36970dc-93f7-753e-fa47-157133b01644">
      <Execution id="94396aa9-d82f-48c5-8fd5-d9355335b3c5" />
      <TestMethod codeBase="/mnt/c/Users/alena/Desktop/7_sem/testing_and_debugging/SkiResort/BL.Tests/bin/Debug/net6.0/BL.Tests.dll" adapterTypeName="executor://xunit/VsTestRunner2/netcoreapp" className="BL.Tests.CheckPermissionsServiceTests" name="SkiPatrolHasAccessToAdminSkiPatrolFunctions" />
    </UnitTest>
    <UnitTest name="BL.Tests.SlopesServiceTest.TestGetSlopeInfoAsync(userID: 181, slope: Slope { SlopeID = 94, SlopeName = slopeName564590ad-0dcd-47dd-9e5c-e5b636d410f4, IsOpen = True, DifficultyLevel = 221, ConnectedLifts =  }, checkPermissionServiceMock: Mock&lt;ICheckPermissionService:6&gt;, slopesRepositoryStub: Mock&lt;ISlopesRepository:4&gt;, liftsSlopesRepositoryStub: Mock&lt;ILiftsSlopesRepository:9&gt;, sut: SlopesService { })" storage="/mnt/c/users/alena/desktop/7_sem/testing_and_debugging/skiresort/bl.tests/bin/debug/net6.0/bl.tests.dll" id="cebdc278-1324-b539-a722-fc362b6c8603">
      <Execution id="db21a445-d980-4677-b690-d9535a5fc2ae" />
      <TestMethod codeBase="/mnt/c/Users/alena/Desktop/7_sem/testing_and_debugging/SkiResort/BL.Tests/bin/Debug/net6.0/BL.Tests.dll" adapterTypeName="executor://xunit/VsTestRunner2/netcoreapp" className="BL.Tests.SlopesServiceTest" name="TestGetSlopeInfoAsync" />
    </UnitTest>
    <UnitTest name="BL.Tests.SlopesServiceTest.TestUpdateSlopeInfoAsync(userID: 111, slope: Slope { SlopeID = 189, SlopeName = slopeName707bbbd3-e945-4391-8d8f-ecd9eb97c3c4, IsOpen = True, DifficultyLevel = 22, ConnectedLifts =  }, checkPermissionServiceMock: Mock&lt;ICheckPermissionService:8&gt;, slopesRepositoryStub: Mock&lt;ISlopesRepository:6&gt;, sut: SlopesService { })" storage="/mnt/c/users/alena/desktop/7_sem/testing_and_debugging/skiresort/bl.tests/bin/debug/net6.0/bl.tests.dll" id="9f239748-2245-0671-5629-0ecc4ff49480">
      <Execution id="57b41a7f-ab36-48ed-917a-0e70cecff2ec" />
      <TestMethod codeBase="/mnt/c/Users/alena/Desktop/7_sem/testing_and_debugging/SkiResort/BL.Tests/bin/Debug/net6.0/BL.Tests.dll" adapterTypeName="executor://xunit/VsTestRunner2/netcoreapp" className="BL.Tests.SlopesServiceTest" name="TestUpdateSlopeInfoAsync" />
    </UnitTest>
    <UnitTest name="BL.Tests.CheckPermissionsServiceTests.AuthorizedHasNoAccessToAdminFunctions" storage="/mnt/c/users/alena/desktop/7_sem/testing_and_debugging/skiresort/bl.tests/bin/debug/net6.0/bl.tests.dll" id="a2e59116-cb53-1d70-9cb8-21c286516866">
      <Execution id="dd42d1df-d452-4aa9-ae6c-baa5674f6d17" />
      <TestMethod codeBase="/mnt/c/Users/alena/Desktop/7_sem/testing_and_debugging/SkiResort/BL.Tests/bin/Debug/net6.0/BL.Tests.dll" adapterTypeName="executor://xunit/VsTestRunner2/netcoreapp" className="BL.Tests.CheckPermissionsServiceTests" name="AuthorizedHasNoAccessToAdminFunctions" />
    </UnitTest>
    <UnitTest name="BL.Tests.CheckPermissionsServiceTests.SkiPatrolHasAccessToAdminSkiPatrolFunctions(functionName: &quot;GetLiftsSlopesInfoAsync&quot;)" storage="/mnt/c/users/alena/desktop/7_sem/testing_and_debugging/skiresort/bl.tests/bin/debug/net6.0/bl.tests.dll" id="2d706594-f2b3-b3c8-21d4-86c9798c3306">
      <Execution id="1ad2fac6-c58c-4487-bcf3-44aa36b791f3" />
      <TestMethod codeBase="/mnt/c/Users/alena/Desktop/7_sem/testing_and_debugging/SkiResort/BL.Tests/bin/Debug/net6.0/BL.Tests.dll" adapterTypeName="executor://xunit/VsTestRunner2/netcoreapp" className="BL.Tests.CheckPermissionsServiceTests" name="SkiPatrolHasAccessToAdminSkiPatrolFunctions" />
    </UnitTest>
    <UnitTest name="BL.Tests.CheckPermissionsServiceTests.AuthorizedHasNoAccessToAdminSkiPatrolFunctions(functionName: &quot;GetLiftsSlopesInfoAsync&quot;)" storage="/mnt/c/users/alena/desktop/7_sem/testing_and_debugging/skiresort/bl.tests/bin/debug/net6.0/bl.tests.dll" id="4f297306-d4f3-8d63-e7f4-1ac0b8c58c74">
      <Execution id="984f0f7e-c750-475f-9937-4b191a21134e" />
      <TestMethod codeBase="/mnt/c/Users/alena/Desktop/7_sem/testing_and_debugging/SkiResort/BL.Tests/bin/Debug/net6.0/BL.Tests.dll" adapterTypeName="executor://xunit/VsTestRunner2/netcoreapp" className="BL.Tests.CheckPermissionsServiceTests" name="AuthorizedHasNoAccessToAdminSkiPatrolFunctions" />
    </UnitTest>
    <UnitTest name="BL.Tests.CheckPermissionsServiceTests.UnauthorizedHasNoAccessToAdminSkiPatrolFunctions(functionName: &quot;GetLiftsSlopesInfoAsync&quot;)" storage="/mnt/c/users/alena/desktop/7_sem/testing_and_debugging/skiresort/bl.tests/bin/debug/net6.0/bl.tests.dll" id="387c9729-48c1-486e-5e67-f5d11a9f0db8">
      <Execution id="9836c705-2efa-4a06-a951-18dfa89c34d6" />
      <TestMethod codeBase="/mnt/c/Users/alena/Desktop/7_sem/testing_and_debugging/SkiResort/BL.Tests/bin/Debug/net6.0/BL.Tests.dll" adapterTypeName="executor://xunit/VsTestRunner2/netcoreapp" className="BL.Tests.CheckPermissionsServiceTests" name="UnauthorizedHasNoAccessToAdminSkiPatrolFunctions" />
    </UnitTest>
    <UnitTest name="BL.Tests.LiftsSlopesServiceTests.TestAdminDeleteLiftSlopeAsync(lift: Lift { LiftID = 121, LiftName = liftName318aed8a-3510-45ce-9600-6de58e709aae, IsOpen = True, SeatsAmount = 199, LiftingTime = 154, QueueTime = 140, ConnectedSlopes =  }, slope: Slope { SlopeID = 73, SlopeName = slopeName5f67c1a3-d929-4fa9-9bc4-d68b720ac363, IsOpen = False, DifficultyLevel = 60, ConnectedLifts =  }, slopesRepositoryStub: Mock&lt;ISlopesRepository:2&gt;, liftsRepo..." storage="/mnt/c/users/alena/desktop/7_sem/testing_and_debugging/skiresort/bl.tests/bin/debug/net6.0/bl.tests.dll" id="3d1bfd3f-673d-c4b6-5a9b-03a9b5dbfc7d">
      <Execution id="9075e13f-a15e-43c1-a35b-e9f32cb0b236" />
      <TestMethod codeBase="/mnt/c/Users/alena/Desktop/7_sem/testing_and_debugging/SkiResort/BL.Tests/bin/Debug/net6.0/BL.Tests.dll" adapterTypeName="executor://xunit/VsTestRunner2/netcoreapp" className="BL.Tests.LiftsSlopesServiceTests" name="TestAdminDeleteLiftSlopeAsync" />
    </UnitTest>
    <UnitTest name="BL.Tests.UsersServiceTests.TestRegisterUserWithRepeatedEmail" storage="/mnt/c/users/alena/desktop/7_sem/testing_and_debugging/skiresort/bl.tests/bin/debug/net6.0/bl.tests.dll" id="894941c1-bfa7-d8f9-c047-1e1ceefe2c2f">
      <Execution id="643031c5-b286-4634-8f4e-8cf95b8f4deb" />
      <TestMethod codeBase="/mnt/c/Users/alena/Desktop/7_sem/testing_and_debugging/SkiResort/BL.Tests/bin/Debug/net6.0/BL.Tests.dll" adapterTypeName="executor://xunit/VsTestRunner2/netcoreapp" className="BL.Tests.UsersServiceTests" name="TestRegisterUserWithRepeatedEmail" />
    </UnitTest>
    <UnitTest name="BL.Tests.CheckPermissionsServiceTests.UnauthorizedHasNoAccessToAdminFunctions" storage="/mnt/c/users/alena/desktop/7_sem/testing_and_debugging/skiresort/bl.tests/bin/debug/net6.0/bl.tests.dll" id="e2d7e5be-3dae-33ae-fb17-c704b6fd58d6">
      <Execution id="565d8046-5274-480b-b995-bc313f57a455" />
      <TestMethod codeBase="/mnt/c/Users/alena/Desktop/7_sem/testing_and_debugging/SkiResort/BL.Tests/bin/Debug/net6.0/BL.Tests.dll" adapterTypeName="executor://xunit/VsTestRunner2/netcoreapp" className="BL.Tests.CheckPermissionsServiceTests" name="UnauthorizedHasNoAccessToAdminFunctions" />
    </UnitTest>
    <UnitTest name="BL.Tests.UsersServiceTests.TestRegisterUserWithNoPassword" storage="/mnt/c/users/alena/desktop/7_sem/testing_and_debugging/skiresort/bl.tests/bin/debug/net6.0/bl.tests.dll" id="f44a1b21-8efc-bfac-63b4-d534442def31">
      <Execution id="323a22a3-2ec7-4574-978a-35404fcc78fd" />
      <TestMethod codeBase="/mnt/c/Users/alena/Desktop/7_sem/testing_and_debugging/SkiResort/BL.Tests/bin/Debug/net6.0/BL.Tests.dll" adapterTypeName="executor://xunit/VsTestRunner2/netcoreapp" className="BL.Tests.UsersServiceTests" name="TestRegisterUserWithNoPassword" />
    </UnitTest>
    <UnitTest name="BL.Tests.TurnstilesServiceTest.TestAdminGetTurnstileAsync(userID: 248, turnstile: Turnstile { TurnstileID = 38, LiftID = 255, IsOpen = True }, checkPermissionServiceMock: Mock&lt;ICheckPermissionService:12&gt;, turnstilesRepositoryStub: Mock&lt;ITurnstilesRepository:6&gt;, sut: TurnstilesService { })" storage="/mnt/c/users/alena/desktop/7_sem/testing_and_debugging/skiresort/bl.tests/bin/debug/net6.0/bl.tests.dll" id="ccc85e52-ae40-3fe2-c588-389096f7640f">
      <Execution id="f5498799-177d-4a7f-ba95-28c3645e67a5" />
      <TestMethod codeBase="/mnt/c/Users/alena/Desktop/7_sem/testing_and_debugging/SkiResort/BL.Tests/bin/Debug/net6.0/BL.Tests.dll" adapterTypeName="executor://xunit/VsTestRunner2/netcoreapp" className="BL.Tests.TurnstilesServiceTest" name="TestAdminGetTurnstileAsync" />
    </UnitTest>
    <UnitTest name="BL.Tests.LiftsServiceTest.TestGetLiftInfoAsync(userID: 112, lift: Lift { LiftID = 138, LiftName = liftNameb1919453-2514-4b27-8f39-dc89a8296b2a, IsOpen = True, SeatsAmount = 98, LiftingTime = 78, QueueTime = 225, ConnectedSlopes =  }, checkPermissionServiceMock: Mock&lt;ICheckPermissionService:1&gt;, liftsRepositoryStub: Mock&lt;ILiftsRepository:1&gt;, liftsSlopesRepositoryStub: Mock&lt;ILiftsSlopesRepository:1&gt;, sut: LiftsService { })" storage="/mnt/c/users/alena/desktop/7_sem/testing_and_debugging/skiresort/bl.tests/bin/debug/net6.0/bl.tests.dll" id="243873da-288a-7822-e992-078688b08044">
      <Execution id="f5dbae46-cfef-40ff-9939-5c6308f7fa67" />
      <TestMethod codeBase="/mnt/c/Users/alena/Desktop/7_sem/testing_and_debugging/SkiResort/BL.Tests/bin/Debug/net6.0/BL.Tests.dll" adapterTypeName="executor://xunit/VsTestRunner2/netcoreapp" className="BL.Tests.LiftsServiceTest" name="TestGetLiftInfoAsync" />
    </UnitTest>
    <UnitTest name="BL.Tests.LiftsServiceTest.TestAdminDeleteLiftAsync(userID: 206, lift: Lift { LiftID = 221, LiftName = liftNamef6d7513d-8136-49f7-911b-93ad2fcb3369, IsOpen = True, SeatsAmount = 148, LiftingTime = 234, QueueTime = 92, ConnectedSlopes =  }, checkPermissionServiceMock: Mock&lt;ICheckPermissionService:4&gt;, liftsRepositoryStub: Mock&lt;ILiftsRepository:4&gt;, liftsSlopesRepositoryStub: Mock&lt;ILiftsSlopesRepository:4&gt;, sut: LiftsService { })" storage="/mnt/c/users/alena/desktop/7_sem/testing_and_debugging/skiresort/bl.tests/bin/debug/net6.0/bl.tests.dll" id="f7f10069-aac0-ffc2-1d25-80fc6afc0ca4">
      <Execution id="d80c8971-9921-4bcd-b62c-16c41d3d3839" />
      <TestMethod codeBase="/mnt/c/Users/alena/Desktop/7_sem/testing_and_debugging/SkiResort/BL.Tests/bin/Debug/net6.0/BL.Tests.dll" adapterTypeName="executor://xunit/VsTestRunner2/netcoreapp" className="BL.Tests.LiftsServiceTest" name="TestAdminDeleteLiftAsync" />
    </UnitTest>
    <UnitTest name="BL.Tests.TurnstilesServiceTest.TestAdminAddAutoIncrementTurnstileAsync(userID: 207, turnstile: Turnstile { TurnstileID = 126, LiftID = 136, IsOpen = True }, checkPermissionServiceMock: Mock&lt;ICheckPermissionService:16&gt;, turnstilesRepositoryStub: Mock&lt;ITurnstilesRepository:10&gt;, sut: TurnstilesService { })" storage="/mnt/c/users/alena/desktop/7_sem/testing_and_debugging/skiresort/bl.tests/bin/debug/net6.0/bl.tests.dll" id="bbfcefb4-a7a5-960a-0af5-7a96a3554b2b">
      <Execution id="93c93816-20bc-40b3-b6e5-0df46bedee83" />
      <TestMethod codeBase="/mnt/c/Users/alena/Desktop/7_sem/testing_and_debugging/SkiResort/BL.Tests/bin/Debug/net6.0/BL.Tests.dll" adapterTypeName="executor://xunit/VsTestRunner2/netcoreapp" className="BL.Tests.TurnstilesServiceTest" name="TestAdminAddAutoIncrementTurnstileAsync" />
    </UnitTest>
    <UnitTest name="BL.Tests.CheckPermissionsServiceTests.SkiPatrolHasNoAccessToAdminFunctions" storage="/mnt/c/users/alena/desktop/7_sem/testing_and_debugging/skiresort/bl.tests/bin/debug/net6.0/bl.tests.dll" id="492c0393-35b4-df26-a537-21ca08302f3c">
      <Execution id="d92de927-4cc8-407e-8c24-10bef987966f" />
      <TestMethod codeBase="/mnt/c/Users/alena/Desktop/7_sem/testing_and_debugging/SkiResort/BL.Tests/bin/Debug/net6.0/BL.Tests.dll" adapterTypeName="executor://xunit/VsTestRunner2/netcoreapp" className="BL.Tests.CheckPermissionsServiceTests" name="SkiPatrolHasNoAccessToAdminFunctions" />
    </UnitTest>
    <UnitTest name="BL.Tests.UsersServiceTests.TestAdminDeleteUser" storage="/mnt/c/users/alena/desktop/7_sem/testing_and_debugging/skiresort/bl.tests/bin/debug/net6.0/bl.tests.dll" id="18fa8c62-e27d-e1fc-8182-4d7db62b008d">
      <Execution id="5a302311-5fd1-4592-93ab-e17cec1e1b25" />
      <TestMethod codeBase="/mnt/c/Users/alena/Desktop/7_sem/testing_and_debugging/SkiResort/BL.Tests/bin/Debug/net6.0/BL.Tests.dll" adapterTypeName="executor://xunit/VsTestRunner2/netcoreapp" className="BL.Tests.UsersServiceTests" name="TestAdminDeleteUser" />
    </UnitTest>
    <UnitTest name="BL.Tests.UsersServiceTests.TestLogInWithWrongPassword" storage="/mnt/c/users/alena/desktop/7_sem/testing_and_debugging/skiresort/bl.tests/bin/debug/net6.0/bl.tests.dll" id="69340bb6-3645-f9dd-971e-29d8b2a009bb">
      <Execution id="eb2f5332-05ff-4dec-bfad-a2a14808b8af" />
      <TestMethod codeBase="/mnt/c/Users/alena/Desktop/7_sem/testing_and_debugging/SkiResort/BL.Tests/bin/Debug/net6.0/BL.Tests.dll" adapterTypeName="executor://xunit/VsTestRunner2/netcoreapp" className="BL.Tests.UsersServiceTests" name="TestLogInWithWrongPassword" />
    </UnitTest>
    <UnitTest name="BL.Tests.TurnstilesServiceTest.TestAdminUpdateTurnstileAsync(userID: 197, turnstile: Turnstile { TurnstileID = 87, LiftID = 72, IsOpen = True }, checkPermissionServiceMock: Mock&lt;ICheckPermissionService:14&gt;, turnstilesRepositoryStub: Mock&lt;ITurnstilesRepository:8&gt;, sut: TurnstilesService { })" storage="/mnt/c/users/alena/desktop/7_sem/testing_and_debugging/skiresort/bl.tests/bin/debug/net6.0/bl.tests.dll" id="31dd112f-41a2-6cdb-7a8f-6d2e4b2fcfde">
      <Execution id="54a16d0d-e4c6-4afd-8ad1-fd9c33e7013a" />
      <TestMethod codeBase="/mnt/c/Users/alena/Desktop/7_sem/testing_and_debugging/SkiResort/BL.Tests/bin/Debug/net6.0/BL.Tests.dll" adapterTypeName="executor://xunit/VsTestRunner2/netcoreapp" className="BL.Tests.TurnstilesServiceTest" name="TestAdminUpdateTurnstileAsync" />
    </UnitTest>
    <UnitTest name="BL.Tests.CheckPermissionsServiceTests.UnauthorizedHasNoAccessToAdminSkiPatrolFunctions(functionName: &quot;GetMessagesAsync&quot;)" storage="/mnt/c/users/alena/desktop/7_sem/testing_and_debugging/skiresort/bl.tests/bin/debug/net6.0/bl.tests.dll" id="229812f5-9a73-5335-11f5-31330d1348a5">
      <Execution id="263d537c-5920-487c-8a57-3c28bed6475e" />
      <TestMethod codeBase="/mnt/c/Users/alena/Desktop/7_sem/testing_and_debugging/SkiResort/BL.Tests/bin/Debug/net6.0/BL.Tests.dll" adapterTypeName="executor://xunit/VsTestRunner2/netcoreapp" className="BL.Tests.CheckPermissionsServiceTests" name="UnauthorizedHasNoAccessToAdminSkiPatrolFunctions" />
    </UnitTest>
    <UnitTest name="BL.Tests.UsersServiceTests.TestRegisterUserWithNoEmail" storage="/mnt/c/users/alena/desktop/7_sem/testing_and_debugging/skiresort/bl.tests/bin/debug/net6.0/bl.tests.dll" id="8184bd30-991c-b78d-b4ec-99a485eac0dd">
      <Execution id="7d2f04c6-7425-4dd7-a0b0-44c4d14fef10" />
      <TestMethod codeBase="/mnt/c/Users/alena/Desktop/7_sem/testing_and_debugging/SkiResort/BL.Tests/bin/Debug/net6.0/BL.Tests.dll" adapterTypeName="executor://xunit/VsTestRunner2/netcoreapp" className="BL.Tests.UsersServiceTests" name="TestRegisterUserWithNoEmail" />
    </UnitTest>
    <UnitTest name="BL.Tests.CheckPermissionsServiceTests.AuthorizedHasNoAccessToAdminSkiPatrolFunctions(functionName: &quot;GetMessagesAsync&quot;)" storage="/mnt/c/users/alena/desktop/7_sem/testing_and_debugging/skiresort/bl.tests/bin/debug/net6.0/bl.tests.dll" id="2602613f-c8e2-a6d9-fcf7-5b27d4a770a6">
      <Execution id="379208ab-6914-4a0d-8a5c-f98990e02559" />
      <TestMethod codeBase="/mnt/c/Users/alena/Desktop/7_sem/testing_and_debugging/SkiResort/BL.Tests/bin/Debug/net6.0/BL.Tests.dll" adapterTypeName="executor://xunit/VsTestRunner2/netcoreapp" className="BL.Tests.CheckPermissionsServiceTests" name="AuthorizedHasNoAccessToAdminSkiPatrolFunctions" />
    </UnitTest>
    <UnitTest name="BL.Tests.UsersServiceTests.TestRegisterOk" storage="/mnt/c/users/alena/desktop/7_sem/testing_and_debugging/skiresort/bl.tests/bin/debug/net6.0/bl.tests.dll" id="0eeef75f-6e38-7893-a8fe-cff3e0a970a7">
      <Execution id="e830c8c1-43c5-452b-9369-5f7b3e52b641" />
      <TestMethod codeBase="/mnt/c/Users/alena/Desktop/7_sem/testing_and_debugging/SkiResort/BL.Tests/bin/Debug/net6.0/BL.Tests.dll" adapterTypeName="executor://xunit/VsTestRunner2/netcoreapp" className="BL.Tests.UsersServiceTests" name="TestRegisterOk" />
    </UnitTest>
    <UnitTest name="BL.Tests.CheckPermissionsServiceTests.UnauthorizedHasNoAccessToAuthorizedFunctions(functionName: &quot;LogOutAsync&quot;)" storage="/mnt/c/users/alena/desktop/7_sem/testing_and_debugging/skiresort/bl.tests/bin/debug/net6.0/bl.tests.dll" id="fa960c5e-f989-2880-784e-8efe538c5231">
      <Execution id="d745dd5d-4d58-4648-9cb0-05cc78077e84" />
      <TestMethod codeBase="/mnt/c/Users/alena/Desktop/7_sem/testing_and_debugging/SkiResort/BL.Tests/bin/Debug/net6.0/BL.Tests.dll" adapterTypeName="executor://xunit/VsTestRunner2/netcoreapp" className="BL.Tests.CheckPermissionsServiceTests" name="UnauthorizedHasNoAccessToAuthorizedFunctions" />
    </UnitTest>
    <UnitTest name="BL.Tests.LiftsSlopesServiceTests.TestGetLiftsSlopesInfoAsync(liftsSlopes: [LiftSlope { RecordID = 55, LiftID = 22, SlopeID = 27 }, LiftSlope { RecordID = 233, LiftID = 210, SlopeID = 211 }, LiftSlope { RecordID = 250, LiftID = 252, SlopeID = 76 }], slopesRepositoryStub: Mock&lt;ISlopesRepository:1&gt;, liftsRepositoryStub: Mock&lt;ILiftsRepository:6&gt;, liftsSlopesRepositoryStub: Mock&lt;ILiftsSlopesRepository:6&gt;)" storage="/mnt/c/users/alena/desktop/7_sem/testing_and_debugging/skiresort/bl.tests/bin/debug/net6.0/bl.tests.dll" id="e429852d-a6ed-7c2a-25fd-cd839b159d56">
      <Execution id="ffd2f0ee-e6c8-4c48-a812-c3662a41bf44" />
      <TestMethod codeBase="/mnt/c/Users/alena/Desktop/7_sem/testing_and_debugging/SkiResort/BL.Tests/bin/Debug/net6.0/BL.Tests.dll" adapterTypeName="executor://xunit/VsTestRunner2/netcoreapp" className="BL.Tests.LiftsSlopesServiceTests" name="TestGetLiftsSlopesInfoAsync" />
    </UnitTest>
    <UnitTest name="BL.Tests.LiftsServiceTest.TestGetLiftsInfoAsync(userID: 91, initialLifts: [Lift { LiftID = 70, LiftName = liftName6a483d94-f5f6-4474-b3c1-a17ad255f8eb, IsOpen = True, SeatsAmount = 112, LiftingTime = 46, QueueTime = 169, ConnectedSlopes =  }, Lift { LiftID = 141, LiftName = liftNamedf3bd5ec-37ec-40dc-b387-270aaef477e2, IsOpen = False, SeatsAmount = 255, LiftingTime = 21, QueueTime = 162, ConnectedSlopes =  }, Lift { LiftID = 69, LiftName = ..." storage="/mnt/c/users/alena/desktop/7_sem/testing_and_debugging/skiresort/bl.tests/bin/debug/net6.0/bl.tests.dll" id="1ae157c1-0498-b2ee-8a3e-45817242cb85">
      <Execution id="acf81ac6-c2e7-4d28-803b-6cfbf4b967ef" />
      <TestMethod codeBase="/mnt/c/Users/alena/Desktop/7_sem/testing_and_debugging/SkiResort/BL.Tests/bin/Debug/net6.0/BL.Tests.dll" adapterTypeName="executor://xunit/VsTestRunner2/netcoreapp" className="BL.Tests.LiftsServiceTest" name="TestGetLiftsInfoAsync" />
    </UnitTest>
    <UnitTest name="BL.Tests.UsersServiceTests.TestAdminUpdateUser" storage="/mnt/c/users/alena/desktop/7_sem/testing_and_debugging/skiresort/bl.tests/bin/debug/net6.0/bl.tests.dll" id="06d0bc3a-24a0-fb7f-4277-e9ae6d21c7dd">
      <Execution id="b6b3605a-73f0-4579-b62f-66811a6fb40a" />
      <TestMethod codeBase="/mnt/c/Users/alena/Desktop/7_sem/testing_and_debugging/SkiResort/BL.Tests/bin/Debug/net6.0/BL.Tests.dll" adapterTypeName="executor://xunit/VsTestRunner2/netcoreapp" className="BL.Tests.UsersServiceTests" name="TestAdminUpdateUser" />
    </UnitTest>
    <UnitTest name="BL.Tests.UsersServiceTests.TestAdminGetUserByIDAsync" storage="/mnt/c/users/alena/desktop/7_sem/testing_and_debugging/skiresort/bl.tests/bin/debug/net6.0/bl.tests.dll" id="e5497347-2721-b7a6-0bd4-69a9921f6947">
      <Execution id="c264c6ca-67b3-4521-977e-efdf2193ce7b" />
      <TestMethod codeBase="/mnt/c/Users/alena/Desktop/7_sem/testing_and_debugging/SkiResort/BL.Tests/bin/Debug/net6.0/BL.Tests.dll" adapterTypeName="executor://xunit/VsTestRunner2/netcoreapp" className="BL.Tests.UsersServiceTests" name="TestAdminGetUserByIDAsync" />
    </UnitTest>
    <UnitTest name="BL.Tests.SlopesServiceTest.TestAdminDeleteSlopeAsync(userID: 56, slope: Slope { SlopeID = 75, SlopeName = slopeName0a7de0f7-a6ab-4bdb-8471-b2460c0569b1, IsOpen = True, DifficultyLevel = 89, ConnectedLifts =  }, checkPermissionServiceMock: Mock&lt;ICheckPermissionService:9&gt;, slopesRepositoryStub: Mock&lt;ISlopesRepository:7&gt;, liftsSlopesRepositoryStub: Mock&lt;ILiftsSlopesRepository:12&gt;, sut: SlopesService { })" storage="/mnt/c/users/alena/desktop/7_sem/testing_and_debugging/skiresort/bl.tests/bin/debug/net6.0/bl.tests.dll" id="f089011d-8b44-4c19-33de-685cdc9907e5">
      <Execution id="ea6fd101-8a48-4fe1-a85a-24515ae608d7" />
      <TestMethod codeBase="/mnt/c/Users/alena/Desktop/7_sem/testing_and_debugging/SkiResort/BL.Tests/bin/Debug/net6.0/BL.Tests.dll" adapterTypeName="executor://xunit/VsTestRunner2/netcoreapp" className="BL.Tests.SlopesServiceTest" name="TestAdminDeleteSlopeAsync" />
    </UnitTest>
    <UnitTest name="BL.Tests.UsersServiceTests.TestAdminGetUsers" storage="/mnt/c/users/alena/desktop/7_sem/testing_and_debugging/skiresort/bl.tests/bin/debug/net6.0/bl.tests.dll" id="20ad8570-0170-85de-dcd7-2f109dd7bcd6">
      <Execution id="63cbdf2e-e4b9-4c0e-88e1-1cedd82e0b4e" />
      <TestMethod codeBase="/mnt/c/Users/alena/Desktop/7_sem/testing_and_debugging/SkiResort/BL.Tests/bin/Debug/net6.0/BL.Tests.dll" adapterTypeName="executor://xunit/VsTestRunner2/netcoreapp" className="BL.Tests.UsersServiceTests" name="TestAdminGetUsers" />
    </UnitTest>
    <UnitTest name="BL.Tests.SlopesServiceTest.TestGetSlopesInfoAsync(userID: 246, initialSlopes: [Slope { SlopeID = 89, SlopeName = slopeName8ed7434c-d697-4ca5-be49-03a0122f0c47, IsOpen = True, DifficultyLevel = 74, ConnectedLifts =  }, Slope { SlopeID = 132, SlopeName = slopeName41173b73-9574-4ab3-9df3-11f38b0f77ea, IsOpen = False, DifficultyLevel = 32, ConnectedLifts =  }, Slope { SlopeID = 66, SlopeName = slopeName399bfe33-e545-470c-9810-66b793f5f638, IsOp..." storage="/mnt/c/users/alena/desktop/7_sem/testing_and_debugging/skiresort/bl.tests/bin/debug/net6.0/bl.tests.dll" id="050380fb-0676-65e9-0f71-f9a3d5d17517">
      <Execution id="a245c279-0346-43df-8d86-1d0ac4687e4a" />
      <TestMethod codeBase="/mnt/c/Users/alena/Desktop/7_sem/testing_and_debugging/SkiResort/BL.Tests/bin/Debug/net6.0/BL.Tests.dll" adapterTypeName="executor://xunit/VsTestRunner2/netcoreapp" className="BL.Tests.SlopesServiceTest" name="TestGetSlopesInfoAsync" />
    </UnitTest>
  </TestDefinitions>
  <TestEntries>
    <TestEntry testId="894941c1-bfa7-d8f9-c047-1e1ceefe2c2f" executionId="643031c5-b286-4634-8f4e-8cf95b8f4deb" testListId="8c84fa94-04c1-424b-9868-57a2d4851a1d" />
    <TestEntry testId="229812f5-9a73-5335-11f5-31330d1348a5" executionId="263d537c-5920-487c-8a57-3c28bed6475e" testListId="8c84fa94-04c1-424b-9868-57a2d4851a1d" />
    <TestEntry testId="9c7df5e2-1b23-ebea-889f-b78ca86b60ab" executionId="befb1d76-533b-4e49-8471-4909b4c2ef14" testListId="8c84fa94-04c1-424b-9868-57a2d4851a1d" />
    <TestEntry testId="fa960c5e-f989-2880-784e-8efe538c5231" executionId="d745dd5d-4d58-4648-9cb0-05cc78077e84" testListId="8c84fa94-04c1-424b-9868-57a2d4851a1d" />
    <TestEntry testId="69340bb6-3645-f9dd-971e-29d8b2a009bb" executionId="eb2f5332-05ff-4dec-bfad-a2a14808b8af" testListId="8c84fa94-04c1-424b-9868-57a2d4851a1d" />
    <TestEntry testId="7e533219-0af1-5cb5-42f3-9dbf4b008222" executionId="e41d6581-5496-40f9-a0e8-6fbc38a664f8" testListId="8c84fa94-04c1-424b-9868-57a2d4851a1d" />
    <TestEntry testId="492c0393-35b4-df26-a537-21ca08302f3c" executionId="d92de927-4cc8-407e-8c24-10bef987966f" testListId="8c84fa94-04c1-424b-9868-57a2d4851a1d" />
    <TestEntry testId="ccc85e52-ae40-3fe2-c588-389096f7640f" executionId="f5498799-177d-4a7f-ba95-28c3645e67a5" testListId="8c84fa94-04c1-424b-9868-57a2d4851a1d" />
    <TestEntry testId="243873da-288a-7822-e992-078688b08044" executionId="f5dbae46-cfef-40ff-9939-5c6308f7fa67" testListId="8c84fa94-04c1-424b-9868-57a2d4851a1d" />
    <TestEntry testId="e5497347-2721-b7a6-0bd4-69a9921f6947" executionId="c264c6ca-67b3-4521-977e-efdf2193ce7b" testListId="8c84fa94-04c1-424b-9868-57a2d4851a1d" />
    <TestEntry testId="2602613f-c8e2-a6d9-fcf7-5b27d4a770a6" executionId="379208ab-6914-4a0d-8a5c-f98990e02559" testListId="8c84fa94-04c1-424b-9868-57a2d4851a1d" />
    <TestEntry testId="f3efc418-a8a6-c7b7-9bac-90b33aa8472f" executionId="0ea1bf74-185d-4807-ba04-607b19229a04" testListId="8c84fa94-04c1-424b-9868-57a2d4851a1d" />
    <TestEntry testId="f089011d-8b44-4c19-33de-685cdc9907e5" executionId="ea6fd101-8a48-4fe1-a85a-24515ae608d7" testListId="8c84fa94-04c1-424b-9868-57a2d4851a1d" />
    <TestEntry testId="e2d7e5be-3dae-33ae-fb17-c704b6fd58d6" executionId="565d8046-5274-480b-b995-bc313f57a455" testListId="8c84fa94-04c1-424b-9868-57a2d4851a1d" />
    <TestEntry testId="1ae157c1-0498-b2ee-8a3e-45817242cb85" executionId="acf81ac6-c2e7-4d28-803b-6cfbf4b967ef" testListId="8c84fa94-04c1-424b-9868-57a2d4851a1d" />
    <TestEntry testId="bbfcefb4-a7a5-960a-0af5-7a96a3554b2b" executionId="93c93816-20bc-40b3-b6e5-0df46bedee83" testListId="8c84fa94-04c1-424b-9868-57a2d4851a1d" />
    <TestEntry testId="1ca07ad8-f799-c5d4-e7cc-34fd950198a2" executionId="c34d2e9b-e6be-47c1-ab1d-e2429af3896f" testListId="8c84fa94-04c1-424b-9868-57a2d4851a1d" />
    <TestEntry testId="6f1045fb-865e-e5ee-6d80-335dd1389efe" executionId="d0493193-486c-4f38-a980-aef184ad4266" testListId="8c84fa94-04c1-424b-9868-57a2d4851a1d" />
    <TestEntry testId="18fa8c62-e27d-e1fc-8182-4d7db62b008d" executionId="5a302311-5fd1-4592-93ab-e17cec1e1b25" testListId="8c84fa94-04c1-424b-9868-57a2d4851a1d" />
    <TestEntry testId="834c739b-eca4-b36d-6a66-5a1bd75377b8" executionId="99a29ead-6e09-4c8f-966f-6848d334a70b" testListId="8c84fa94-04c1-424b-9868-57a2d4851a1d" />
    <TestEntry testId="9f239748-2245-0671-5629-0ecc4ff49480" executionId="57b41a7f-ab36-48ed-917a-0e70cecff2ec" testListId="8c84fa94-04c1-424b-9868-57a2d4851a1d" />
    <TestEntry testId="f7f10069-aac0-ffc2-1d25-80fc6afc0ca4" executionId="d80c8971-9921-4bcd-b62c-16c41d3d3839" testListId="8c84fa94-04c1-424b-9868-57a2d4851a1d" />
    <TestEntry testId="91dc456b-b146-6c9a-b2b9-89464f156c51" executionId="b200bf25-ecdc-4e88-b1a9-e992916aef5b" testListId="8c84fa94-04c1-424b-9868-57a2d4851a1d" />
    <TestEntry testId="60bd668f-04df-da5e-b79b-5d9aedb5234d" executionId="e008fd3c-b2f4-46db-ad08-8139c2bfac1d" testListId="8c84fa94-04c1-424b-9868-57a2d4851a1d" />
    <TestEntry testId="6c74ee8b-c542-cce2-132c-d2c6adc29842" executionId="53040b50-d511-4106-8ab2-b62f6b776fd7" testListId="8c84fa94-04c1-424b-9868-57a2d4851a1d" />
    <TestEntry testId="20ad8570-0170-85de-dcd7-2f109dd7bcd6" executionId="63cbdf2e-e4b9-4c0e-88e1-1cedd82e0b4e" testListId="8c84fa94-04c1-424b-9868-57a2d4851a1d" />
    <TestEntry testId="a2e59116-cb53-1d70-9cb8-21c286516866" executionId="dd42d1df-d452-4aa9-ae6c-baa5674f6d17" testListId="8c84fa94-04c1-424b-9868-57a2d4851a1d" />
    <TestEntry testId="cebdc278-1324-b539-a722-fc362b6c8603" executionId="db21a445-d980-4677-b690-d9535a5fc2ae" testListId="8c84fa94-04c1-424b-9868-57a2d4851a1d" />
    <TestEntry testId="31dd112f-41a2-6cdb-7a8f-6d2e4b2fcfde" executionId="54a16d0d-e4c6-4afd-8ad1-fd9c33e7013a" testListId="8c84fa94-04c1-424b-9868-57a2d4851a1d" />
    <TestEntry testId="417e8f40-5b36-3138-1457-2053cda35282" executionId="066b05b0-ef4c-4119-90fb-96d6a09153f7" testListId="8c84fa94-04c1-424b-9868-57a2d4851a1d" />
    <TestEntry testId="78cfedfd-e4b0-14e0-0dc1-02e8f32d2fd0" executionId="8be8ac97-0aef-4920-89ef-244c97de9161" testListId="8c84fa94-04c1-424b-9868-57a2d4851a1d" />
    <TestEntry testId="0eeef75f-6e38-7893-a8fe-cff3e0a970a7" executionId="e830c8c1-43c5-452b-9369-5f7b3e52b641" testListId="8c84fa94-04c1-424b-9868-57a2d4851a1d" />
    <TestEntry testId="aa28a6b3-21d3-aa45-24d3-bef2facbc899" executionId="dcc67f37-c252-4650-8837-7ac0732627e4" testListId="8c84fa94-04c1-424b-9868-57a2d4851a1d" />
    <TestEntry testId="e429852d-a6ed-7c2a-25fd-cd839b159d56" executionId="ffd2f0ee-e6c8-4c48-a812-c3662a41bf44" testListId="8c84fa94-04c1-424b-9868-57a2d4851a1d" />
    <TestEntry testId="a19a5fcf-c5d2-7d44-5d7d-84403042f4e0" executionId="bc7d5210-df44-486d-9234-56b00e2aec5c" testListId="8c84fa94-04c1-424b-9868-57a2d4851a1d" />
    <TestEntry testId="c36970dc-93f7-753e-fa47-157133b01644" executionId="94396aa9-d82f-48c5-8fd5-d9355335b3c5" testListId="8c84fa94-04c1-424b-9868-57a2d4851a1d" />
    <TestEntry testId="06d0bc3a-24a0-fb7f-4277-e9ae6d21c7dd" executionId="b6b3605a-73f0-4579-b62f-66811a6fb40a" testListId="8c84fa94-04c1-424b-9868-57a2d4851a1d" />
    <TestEntry testId="3f555b65-5fda-de2e-9d38-729ccecb6389" executionId="26d85f88-2156-41c2-9c44-b791b21cf846" testListId="8c84fa94-04c1-424b-9868-57a2d4851a1d" />
    <TestEntry testId="387c9729-48c1-486e-5e67-f5d11a9f0db8" executionId="9836c705-2efa-4a06-a951-18dfa89c34d6" testListId="8c84fa94-04c1-424b-9868-57a2d4851a1d" />
    <TestEntry testId="644ec43e-70cd-c82d-42e7-0d990be1414d" executionId="e8090a9c-6e01-4ce5-a16a-33b656334cdf" testListId="8c84fa94-04c1-424b-9868-57a2d4851a1d" />
    <TestEntry testId="f44a1b21-8efc-bfac-63b4-d534442def31" executionId="323a22a3-2ec7-4574-978a-35404fcc78fd" testListId="8c84fa94-04c1-424b-9868-57a2d4851a1d" />
    <TestEntry testId="8184bd30-991c-b78d-b4ec-99a485eac0dd" executionId="7d2f04c6-7425-4dd7-a0b0-44c4d14fef10" testListId="8c84fa94-04c1-424b-9868-57a2d4851a1d" />
    <TestEntry testId="eaabd2fc-2f4b-5689-59c8-c7ad34a8f634" executionId="a73f5158-e542-4eef-a56a-ccc4cd2a60ce" testListId="8c84fa94-04c1-424b-9868-57a2d4851a1d" />
    <TestEntry testId="050380fb-0676-65e9-0f71-f9a3d5d17517" executionId="a245c279-0346-43df-8d86-1d0ac4687e4a" testListId="8c84fa94-04c1-424b-9868-57a2d4851a1d" />
    <TestEntry testId="4f297306-d4f3-8d63-e7f4-1ac0b8c58c74" executionId="984f0f7e-c750-475f-9937-4b191a21134e" testListId="8c84fa94-04c1-424b-9868-57a2d4851a1d" />
    <TestEntry testId="2d706594-f2b3-b3c8-21d4-86c9798c3306" executionId="1ad2fac6-c58c-4487-bcf3-44aa36b791f3" testListId="8c84fa94-04c1-424b-9868-57a2d4851a1d" />
    <TestEntry testId="3d1bfd3f-673d-c4b6-5a9b-03a9b5dbfc7d" executionId="9075e13f-a15e-43c1-a35b-e9f32cb0b236" testListId="8c84fa94-04c1-424b-9868-57a2d4851a1d" />
  </TestEntries>
  <TestLists>
    <TestList name="Results Not in a List" id="8c84fa94-04c1-424b-9868-57a2d4851a1d" />
    <TestList name="All Loaded Results" id="19431567-8539-422a-85d7-44ee4e166bda" />
  </TestLists>
  <ResultSummary outcome="Completed">
    <Counters total="47" executed="47" passed="47" failed="0" error="0" timeout="0" aborted="0" inconclusive="0" passedButRunAborted="0" notRunnable="0" notExecuted="0" disconnected="0" warning="0" completed="0" inProgress="0" pending="0" />
    <Output>
      <StdOut>[xUnit.net 00:00:00.00] xUnit.net VSTest Adapter v2.4.5+1caef2f33e (64-bit .NET 6.0.10)
[xUnit.net 00:00:00.79]   Discovering: BL.Tests
[xUnit.net 00:00:00.98]   Discovered:  BL.Tests
[xUnit.net 00:00:00.99]   Starting:    BL.Tests
[xUnit.net 00:00:01.46]   Finished:    BL.Tests
</StdOut>
    </Output>
  </ResultSummary>
</TestRun>