<?xml version="1.0" encoding="utf-8"?>
<TestRun id="386bcb0b-e0ad-4bf6-a22b-8676da57c53d" name="@DESKTOP-TJ9D65N 2022-11-03 14:02:43" xmlns="http://microsoft.com/schemas/VisualStudio/TeamTest/2010">
  <Times creation="2022-11-03T14:02:43.7446570+03:00" queuing="2022-11-03T14:02:43.7446571+03:00" start="2022-11-03T14:02:41.0835906+03:00" finish="2022-11-03T14:02:43.9581853+03:00" />
  <TestSettings name="default" id="e205e9c9-c549-4069-b222-f772784dfca5">
    <Deployment runDeploymentRoot="_DESKTOP-TJ9D65N_2022-11-03_14_02_43" />
  </TestSettings>
  <Results>
    <UnitTestResult executionId="06aa6749-aff0-41a2-9f6b-e8f08582de87" testId="5841ca81-fc64-bcdc-e6fe-e2731c7afabc" testName="BL.Tests.LiftsServiceTest.TestUpdateLiftInfoAsync(userID: 62, lift: Lift { LiftID = 77, LiftName = liftName8b74e052-a977-4a99-a096-645030c5398d, IsOpen = True, SeatsAmount = 147, LiftingTime = 229, QueueTime = 127, ConnectedSlopes =  }, checkPermissionServiceMock: Mock&lt;ICheckPermissionService:3&gt;, liftsRepositoryStub: Mock&lt;ILiftsRepository:3&gt;, sut: LiftsService { })" computerName="DESKTOP-TJ9D65N" duration="00:00:00.0065445" startTime="2022-11-03T14:02:43.7362705+03:00" endTime="2022-11-03T14:02:43.7362706+03:00" testType="13cdc9d9-ddb5-4fa4-a97d-d965ccfc6d4b" outcome="Passed" testListId="8c84fa94-04c1-424b-9868-57a2d4851a1d" relativeResultsDirectory="06aa6749-aff0-41a2-9f6b-e8f08582de87" />
    <UnitTestResult executionId="46d0231c-cd77-44cc-b418-e4cba58f04ab" testId="6ae53c08-b88d-90c2-9f81-f5c549c53061" testName="BL.Tests.TurnstilesServiceTest.TestAdminDeleteTurnstileAsync(userID: 42, turnstile: Turnstile { TurnstileID = 56, LiftID = 238, IsOpen = True }, checkPermissionServiceMock: Mock&lt;ICheckPermissionService:15&gt;, turnstilesRepositoryStub: Mock&lt;ITurnstilesRepository:9&gt;, sut: TurnstilesService { })" computerName="DESKTOP-TJ9D65N" duration="00:00:00.0488225" startTime="2022-11-03T14:02:43.6579827+03:00" endTime="2022-11-03T14:02:43.6579828+03:00" testType="13cdc9d9-ddb5-4fa4-a97d-d965ccfc6d4b" outcome="Passed" testListId="8c84fa94-04c1-424b-9868-57a2d4851a1d" relativeResultsDirectory="46d0231c-cd77-44cc-b418-e4cba58f04ab" />
    <UnitTestResult executionId="8637fe1f-c651-41b2-ae65-aee05693be4a" testId="c61737b2-e3b0-5650-2170-859ccb6af576" testName="BL.Tests.LiftsSlopesServiceTests.TestAdminAddAutoIncrementLiftSlopeAsync(lift: Lift { LiftID = 203, LiftName = liftNamedbd77947-14ce-40eb-b0a1-eb88e706d054, IsOpen = True, SeatsAmount = 200, LiftingTime = 5, QueueTime = 164, ConnectedSlopes =  }, slope: Slope { SlopeID = 71, SlopeName = slopeNamefadc6323-5f17-4fd2-b222-0b7e5d1f025b, IsOpen = False, DifficultyLevel = 246, ConnectedLifts =  }, slopesRepositoryStub: Mock&lt;ISlopesRepository:3&gt;, liftsRepositoryStub: Mock&lt;ILiftsRepository:8&gt;, liftsSlopesRepositoryStub: Mock&lt;ILiftsSlopesRepository:8&gt;)" computerName="DESKTOP-TJ9D65N" duration="00:00:00.0076424" startTime="2022-11-03T14:02:43.7255552+03:00" endTime="2022-11-03T14:02:43.7255553+03:00" testType="13cdc9d9-ddb5-4fa4-a97d-d965ccfc6d4b" outcome="Passed" testListId="8c84fa94-04c1-424b-9868-57a2d4851a1d" relativeResultsDirectory="8637fe1f-c651-41b2-ae65-aee05693be4a" />
    <UnitTestResult executionId="9f7bcaa9-11d6-43a0-9dfe-70bf411dba4c" testId="20ad8570-0170-85de-dcd7-2f109dd7bcd6" testName="BL.Tests.UsersServiceTests.TestAdminGetUsers" computerName="DESKTOP-TJ9D65N" duration="00:00:00.0573504" startTime="2022-11-03T14:02:43.6581784+03:00" endTime="2022-11-03T14:02:43.6581785+03:00" testType="13cdc9d9-ddb5-4fa4-a97d-d965ccfc6d4b" outcome="Passed" testListId="8c84fa94-04c1-424b-9868-57a2d4851a1d" relativeResultsDirectory="9f7bcaa9-11d6-43a0-9dfe-70bf411dba4c" />
    <UnitTestResult executionId="54a9287e-093f-4fcd-8a07-1ab370a32df8" testId="e5497347-2721-b7a6-0bd4-69a9921f6947" testName="BL.Tests.UsersServiceTests.TestAdminGetUserByIDAsync" computerName="DESKTOP-TJ9D65N" duration="00:00:00.0087408" startTime="2022-11-03T14:02:43.8399071+03:00" endTime="2022-11-03T14:02:43.8399072+03:00" testType="13cdc9d9-ddb5-4fa4-a97d-d965ccfc6d4b" outcome="Passed" testListId="8c84fa94-04c1-424b-9868-57a2d4851a1d" relativeResultsDirectory="54a9287e-093f-4fcd-8a07-1ab370a32df8" />
    <UnitTestResult executionId="4f1f3a8b-c8ee-47d1-9441-02081ff79b3a" testId="0eeef75f-6e38-7893-a8fe-cff3e0a970a7" testName="BL.Tests.UsersServiceTests.TestRegisterOk" computerName="DESKTOP-TJ9D65N" duration="00:00:00.0098014" startTime="2022-11-03T14:02:43.7849564+03:00" endTime="2022-11-03T14:02:43.7849564+03:00" testType="13cdc9d9-ddb5-4fa4-a97d-d965ccfc6d4b" outcome="Passed" testListId="8c84fa94-04c1-424b-9868-57a2d4851a1d" relativeResultsDirectory="4f1f3a8b-c8ee-47d1-9441-02081ff79b3a" />
    <UnitTestResult executionId="f4bae658-9e1c-4ab8-8d49-956af764ffce" testId="60bd668f-04df-da5e-b79b-5d9aedb5234d" testName="BL.Tests.CheckPermissionsServiceTests.SkiPatrolHasAccessToAdminSkiPatrolFunctions(functionName: &quot;MarkMessageReadByUserAsync&quot;)" computerName="DESKTOP-TJ9D65N" duration="00:00:00.0014609" startTime="2022-11-03T14:02:43.7832183+03:00" endTime="2022-11-03T14:02:43.7832184+03:00" testType="13cdc9d9-ddb5-4fa4-a97d-d965ccfc6d4b" outcome="Passed" testListId="8c84fa94-04c1-424b-9868-57a2d4851a1d" relativeResultsDirectory="f4bae658-9e1c-4ab8-8d49-956af764ffce" />
    <UnitTestResult executionId="1878b38f-13d2-4b27-94fb-64a8828d4d53" testId="9162c591-36c2-b0af-171b-8bc8b08b4f1f" testName="BL.Tests.LiftsServiceTest.TestAdminDeleteLiftAsync(userID: 192, lift: Lift { LiftID = 198, LiftName = liftNameb1be71b4-3291-4a59-afe7-f3bdbe4c1a73, IsOpen = True, SeatsAmount = 110, LiftingTime = 220, QueueTime = 210, ConnectedSlopes =  }, checkPermissionServiceMock: Mock&lt;ICheckPermissionService:4&gt;, liftsRepositoryStub: Mock&lt;ILiftsRepository:4&gt;, liftsSlopesRepositoryStub: Mock&lt;ILiftsSlopesRepository:4&gt;, sut: LiftsService { })" computerName="DESKTOP-TJ9D65N" duration="00:00:00.0853775" startTime="2022-11-03T14:02:43.6829402+03:00" endTime="2022-11-03T14:02:43.6829403+03:00" testType="13cdc9d9-ddb5-4fa4-a97d-d965ccfc6d4b" outcome="Passed" testListId="8c84fa94-04c1-424b-9868-57a2d4851a1d" relativeResultsDirectory="1878b38f-13d2-4b27-94fb-64a8828d4d53" />
    <UnitTestResult executionId="ba91b483-0ea0-4b7c-a96e-6f4fa15b5fdf" testId="b0d1b12e-c981-1919-d45f-8243346e76cf" testName="BL.Tests.TurnstilesServiceTest.TestAdminUpdateTurnstileAsync(userID: 252, turnstile: Turnstile { TurnstileID = 12, LiftID = 105, IsOpen = True }, checkPermissionServiceMock: Mock&lt;ICheckPermissionService:14&gt;, turnstilesRepositoryStub: Mock&lt;ITurnstilesRepository:8&gt;, sut: TurnstilesService { })" computerName="DESKTOP-TJ9D65N" duration="00:00:00.0071803" startTime="2022-11-03T14:02:43.7354996+03:00" endTime="2022-11-03T14:02:43.7354998+03:00" testType="13cdc9d9-ddb5-4fa4-a97d-d965ccfc6d4b" outcome="Passed" testListId="8c84fa94-04c1-424b-9868-57a2d4851a1d" relativeResultsDirectory="ba91b483-0ea0-4b7c-a96e-6f4fa15b5fdf" />
    <UnitTestResult executionId="98500add-a8c3-4fa3-b685-8133e1617af2" testId="a2e59116-cb53-1d70-9cb8-21c286516866" testName="BL.Tests.CheckPermissionsServiceTests.AuthorizedHasNoAccessToAdminFunctions" computerName="DESKTOP-TJ9D65N" duration="00:00:00.0025913" startTime="2022-11-03T14:02:43.8082266+03:00" endTime="2022-11-03T14:02:43.8082267+03:00" testType="13cdc9d9-ddb5-4fa4-a97d-d965ccfc6d4b" outcome="Passed" testListId="8c84fa94-04c1-424b-9868-57a2d4851a1d" relativeResultsDirectory="98500add-a8c3-4fa3-b685-8133e1617af2" />
    <UnitTestResult executionId="881db9f7-5a23-4e43-bb89-ba6f1e26b78d" testId="229812f5-9a73-5335-11f5-31330d1348a5" testName="BL.Tests.CheckPermissionsServiceTests.UnauthorizedHasNoAccessToAdminSkiPatrolFunctions(functionName: &quot;GetMessagesAsync&quot;)" computerName="DESKTOP-TJ9D65N" duration="00:00:00.0013267" startTime="2022-11-03T14:02:43.7169783+03:00" endTime="2022-11-03T14:02:43.7169784+03:00" testType="13cdc9d9-ddb5-4fa4-a97d-d965ccfc6d4b" outcome="Passed" testListId="8c84fa94-04c1-424b-9868-57a2d4851a1d" relativeResultsDirectory="881db9f7-5a23-4e43-bb89-ba6f1e26b78d" />
    <UnitTestResult executionId="bd079473-5ab5-484f-be0a-d1a65c4a1de4" testId="e429852d-a6ed-7c2a-25fd-cd839b159d56" testName="BL.Tests.LiftsSlopesServiceTests.TestGetLiftsSlopesInfoAsync(liftsSlopes: [LiftSlope { RecordID = 102, LiftID = 86, SlopeID = 70 }, LiftSlope { RecordID = 119, LiftID = 236, SlopeID = 240 }, LiftSlope { RecordID = 75, LiftID = 250, SlopeID = 6 }], slopesRepositoryStub: Mock&lt;ISlopesRepository:1&gt;, liftsRepositoryStub: Mock&lt;ILiftsRepository:6&gt;, liftsSlopesRepositoryStub: Mock&lt;ILiftsSlopesRepository:6&gt;)" computerName="DESKTOP-TJ9D65N" duration="00:00:00.0048126" startTime="2022-11-03T14:02:43.7167772+03:00" endTime="2022-11-03T14:02:43.7167772+03:00" testType="13cdc9d9-ddb5-4fa4-a97d-d965ccfc6d4b" outcome="Passed" testListId="8c84fa94-04c1-424b-9868-57a2d4851a1d" relativeResultsDirectory="bd079473-5ab5-484f-be0a-d1a65c4a1de4" />
    <UnitTestResult executionId="27c30a56-92ef-4b8f-94f4-7b7f7d6361f8" testId="fd745643-4d25-c2fd-7e80-f6f39b85c9b8" testName="BL.Tests.SlopesServiceTest.TestGetSlopesInfoAsync(userID: 65, initialSlopes: [Slope { SlopeID = 20, SlopeName = slopeNamedad1d93a-86d4-4dab-8cac-1b398c5cd8c0, IsOpen = True, DifficultyLevel = 32, ConnectedLifts =  }, Slope { SlopeID = 99, SlopeName = slopeNamea296d069-02b2-4bd1-afdc-89daac61b8ff, IsOpen = False, DifficultyLevel = 166, ConnectedLifts =  }, Slope { SlopeID = 245, SlopeName = slopeNamede54c48e-08a6-4574-8bd9-1e28bb591fc8, IsOpen = True, DifficultyLevel = 134, ConnectedLifts =  }], checkPermissionServiceMock: Mock&lt;ICheckPermissionService:7&gt;, slopesRepositoryStub: Mock&lt;ISlopesRepository:5&gt;, liftsSlopesRepositoryStub: Mock&lt;ILiftsSlopesRepository:10&gt;, sut: SlopesService { })" computerName="DESKTOP-TJ9D65N" duration="00:00:00.0135234" startTime="2022-11-03T14:02:43.7687458+03:00" endTime="2022-11-03T14:02:43.7687459+03:00" testType="13cdc9d9-ddb5-4fa4-a97d-d965ccfc6d4b" outcome="Passed" testListId="8c84fa94-04c1-424b-9868-57a2d4851a1d" relativeResultsDirectory="27c30a56-92ef-4b8f-94f4-7b7f7d6361f8" />
    <UnitTestResult executionId="e2cacc7d-fc0f-49bf-a914-98b19299159a" testId="fa960c5e-f989-2880-784e-8efe538c5231" testName="BL.Tests.CheckPermissionsServiceTests.UnauthorizedHasNoAccessToAuthorizedFunctions(functionName: &quot;LogOutAsync&quot;)" computerName="DESKTOP-TJ9D65N" duration="00:00:00.0013721" startTime="2022-11-03T14:02:43.7549550+03:00" endTime="2022-11-03T14:02:43.7549551+03:00" testType="13cdc9d9-ddb5-4fa4-a97d-d965ccfc6d4b" outcome="Passed" testListId="8c84fa94-04c1-424b-9868-57a2d4851a1d" relativeResultsDirectory="e2cacc7d-fc0f-49bf-a914-98b19299159a" />
    <UnitTestResult executionId="fe162028-f7cb-4b4f-be6d-8e99dec1fe22" testId="8184bd30-991c-b78d-b4ec-99a485eac0dd" testName="BL.Tests.UsersServiceTests.TestRegisterUserWithNoEmail" computerName="DESKTOP-TJ9D65N" duration="00:00:00.0031122" startTime="2022-11-03T14:02:43.7167495+03:00" endTime="2022-11-03T14:02:43.7167496+03:00" testType="13cdc9d9-ddb5-4fa4-a97d-d965ccfc6d4b" outcome="Passed" testListId="8c84fa94-04c1-424b-9868-57a2d4851a1d" relativeResultsDirectory="fe162028-f7cb-4b4f-be6d-8e99dec1fe22" />
    <UnitTestResult executionId="cac81bfb-4dcd-40b6-845f-b31cca44c6ea" testId="f44a1b21-8efc-bfac-63b4-d534442def31" testName="BL.Tests.UsersServiceTests.TestRegisterUserWithNoPassword" computerName="DESKTOP-TJ9D65N" duration="00:00:00.0019126" startTime="2022-11-03T14:02:43.7175940+03:00" endTime="2022-11-03T14:02:43.7175940+03:00" testType="13cdc9d9-ddb5-4fa4-a97d-d965ccfc6d4b" outcome="Passed" testListId="8c84fa94-04c1-424b-9868-57a2d4851a1d" relativeResultsDirectory="cac81bfb-4dcd-40b6-845f-b31cca44c6ea" />
    <UnitTestResult executionId="2d210df5-41ad-41d2-a094-be6fc0a533fa" testId="492c0393-35b4-df26-a537-21ca08302f3c" testName="BL.Tests.CheckPermissionsServiceTests.SkiPatrolHasNoAccessToAdminFunctions" computerName="DESKTOP-TJ9D65N" duration="00:00:00.0021099" startTime="2022-11-03T14:02:43.8798368+03:00" endTime="2022-11-03T14:02:43.8798369+03:00" testType="13cdc9d9-ddb5-4fa4-a97d-d965ccfc6d4b" outcome="Passed" testListId="8c84fa94-04c1-424b-9868-57a2d4851a1d" relativeResultsDirectory="2d210df5-41ad-41d2-a094-be6fc0a533fa" />
    <UnitTestResult executionId="549324d5-1404-495f-8f56-b9d9ebcd131b" testId="c26b85ae-28d5-0e67-bfa8-bc6625a62a25" testName="BL.Tests.TurnstilesServiceTest.TestAdminGetTurnstilesAsync(userID: 226, initialTurnstiles: [Turnstile { TurnstileID = 171, LiftID = 6, IsOpen = True }, Turnstile { TurnstileID = 15, LiftID = 29, IsOpen = False }, Turnstile { TurnstileID = 158, LiftID = 154, IsOpen = True }], checkPermissionServiceMock: Mock&lt;ICheckPermissionService:13&gt;, turnstilesRepositoryStub: Mock&lt;ITurnstilesRepository:7&gt;, sut: TurnstilesService { })" computerName="DESKTOP-TJ9D65N" duration="00:00:00.0101461" startTime="2022-11-03T14:02:43.7168067+03:00" endTime="2022-11-03T14:02:43.7168068+03:00" testType="13cdc9d9-ddb5-4fa4-a97d-d965ccfc6d4b" outcome="Passed" testListId="8c84fa94-04c1-424b-9868-57a2d4851a1d" relativeResultsDirectory="549324d5-1404-495f-8f56-b9d9ebcd131b" />
    <UnitTestResult executionId="73c33712-5df8-423b-83ed-778120cae73e" testId="e2d7e5be-3dae-33ae-fb17-c704b6fd58d6" testName="BL.Tests.CheckPermissionsServiceTests.UnauthorizedHasNoAccessToAdminFunctions" computerName="DESKTOP-TJ9D65N" duration="00:00:00.0020335" startTime="2022-11-03T14:02:43.8703631+03:00" endTime="2022-11-03T14:02:43.8703632+03:00" testType="13cdc9d9-ddb5-4fa4-a97d-d965ccfc6d4b" outcome="Passed" testListId="8c84fa94-04c1-424b-9868-57a2d4851a1d" relativeResultsDirectory="73c33712-5df8-423b-83ed-778120cae73e" />
    <UnitTestResult executionId="7d606acf-ba90-4d19-85ed-61d9ab47687f" testId="f3efc418-a8a6-c7b7-9bac-90b33aa8472f" testName="BL.Tests.CheckPermissionsServiceTests.AdminHasAccessToAllFunctions" computerName="DESKTOP-TJ9D65N" duration="00:00:00.0015818" startTime="2022-11-03T14:02:43.8887134+03:00" endTime="2022-11-03T14:02:43.8887135+03:00" testType="13cdc9d9-ddb5-4fa4-a97d-d965ccfc6d4b" outcome="Passed" testListId="8c84fa94-04c1-424b-9868-57a2d4851a1d" relativeResultsDirectory="7d606acf-ba90-4d19-85ed-61d9ab47687f" />
    <UnitTestResult executionId="24bd18e1-e302-449e-95a6-b86405389ee1" testId="4f297306-d4f3-8d63-e7f4-1ac0b8c58c74" testName="BL.Tests.CheckPermissionsServiceTests.AuthorizedHasNoAccessToAdminSkiPatrolFunctions(functionName: &quot;GetLiftsSlopesInfoAsync&quot;)" computerName="DESKTOP-TJ9D65N" duration="00:00:00.0012547" startTime="2022-11-03T14:02:43.8425854+03:00" endTime="2022-11-03T14:02:43.8425854+03:00" testType="13cdc9d9-ddb5-4fa4-a97d-d965ccfc6d4b" outcome="Passed" testListId="8c84fa94-04c1-424b-9868-57a2d4851a1d" relativeResultsDirectory="24bd18e1-e302-449e-95a6-b86405389ee1" />
    <UnitTestResult executionId="5c3f42a3-bd8c-44fe-aaa2-6bfb83378a12" testId="387c9729-48c1-486e-5e67-f5d11a9f0db8" testName="BL.Tests.CheckPermissionsServiceTests.UnauthorizedHasNoAccessToAdminSkiPatrolFunctions(functionName: &quot;GetLiftsSlopesInfoAsync&quot;)" computerName="DESKTOP-TJ9D65N" duration="00:00:00.0019535" startTime="2022-11-03T14:02:43.7166943+03:00" endTime="2022-11-03T14:02:43.7166944+03:00" testType="13cdc9d9-ddb5-4fa4-a97d-d965ccfc6d4b" outcome="Passed" testListId="8c84fa94-04c1-424b-9868-57a2d4851a1d" relativeResultsDirectory="5c3f42a3-bd8c-44fe-aaa2-6bfb83378a12" />
    <UnitTestResult executionId="de6b468a-c5b8-4963-9ea7-eceec6735319" testId="18fa8c62-e27d-e1fc-8182-4d7db62b008d" testName="BL.Tests.UsersServiceTests.TestAdminDeleteUser" computerName="DESKTOP-TJ9D65N" duration="00:00:00.0024412" startTime="2022-11-03T14:02:43.8503414+03:00" endTime="2022-11-03T14:02:43.8503414+03:00" testType="13cdc9d9-ddb5-4fa4-a97d-d965ccfc6d4b" outcome="Passed" testListId="8c84fa94-04c1-424b-9868-57a2d4851a1d" relativeResultsDirectory="de6b468a-c5b8-4963-9ea7-eceec6735319" />
    <UnitTestResult executionId="aa0838ab-1ac2-4f4d-a9ba-498a5599c132" testId="06d0bc3a-24a0-fb7f-4277-e9ae6d21c7dd" testName="BL.Tests.UsersServiceTests.TestAdminUpdateUser" computerName="DESKTOP-TJ9D65N" duration="00:00:00.0068117" startTime="2022-11-03T14:02:43.7632471+03:00" endTime="2022-11-03T14:02:43.7632472+03:00" testType="13cdc9d9-ddb5-4fa4-a97d-d965ccfc6d4b" outcome="Passed" testListId="8c84fa94-04c1-424b-9868-57a2d4851a1d" relativeResultsDirectory="aa0838ab-1ac2-4f4d-a9ba-498a5599c132" />
    <UnitTestResult executionId="882d0f2f-eb36-439c-b42a-deb9171a1354" testId="0c2a7768-26f5-c5b7-480c-b4b0fbe2624a" testName="BL.Tests.SlopesServiceTest.TestAdminAddSlopeAsync(userID: 34, slope: Slope { SlopeID = 229, SlopeName = slopeName69ecce69-7a2c-4318-9616-3053b3d14fc4, IsOpen = True, DifficultyLevel = 125, ConnectedLifts =  }, checkPermissionServiceMock: Mock&lt;ICheckPermissionService:11&gt;, slopesRepositoryStub: Mock&lt;ISlopesRepository:9&gt;, sut: SlopesService { })" computerName="DESKTOP-TJ9D65N" duration="00:00:00.0046669" startTime="2022-11-03T14:02:43.7824897+03:00" endTime="2022-11-03T14:02:43.7824897+03:00" testType="13cdc9d9-ddb5-4fa4-a97d-d965ccfc6d4b" outcome="Passed" testListId="8c84fa94-04c1-424b-9868-57a2d4851a1d" relativeResultsDirectory="882d0f2f-eb36-439c-b42a-deb9171a1354" />
    <UnitTestResult executionId="8136337d-35a0-4a36-a577-b17750dfafa0" testId="aa28a6b3-21d3-aa45-24d3-bef2facbc899" testName="BL.Tests.CheckPermissionsServiceTests.AuthorizedHasAccessToAuthorizedFunctions(functionName: &quot;LogOutAsync&quot;)" computerName="DESKTOP-TJ9D65N" duration="00:00:00.0008399" startTime="2022-11-03T14:02:43.8604680+03:00" endTime="2022-11-03T14:02:43.8604680+03:00" testType="13cdc9d9-ddb5-4fa4-a97d-d965ccfc6d4b" outcome="Passed" testListId="8c84fa94-04c1-424b-9868-57a2d4851a1d" relativeResultsDirectory="8136337d-35a0-4a36-a577-b17750dfafa0" />
    <UnitTestResult executionId="51d93aca-48cf-42b6-b294-37115d31463b" testId="6bf49714-7e32-83c4-52e5-dec506bd5963" testName="BL.Tests.SlopesServiceTest.TestAdminAddAutoIncrementSlopeAsync(userID: 121, slope: Slope { SlopeID = 227, SlopeName = slopeName0c22010e-45b6-4139-99e1-b1b8cc343118, IsOpen = True, DifficultyLevel = 79, ConnectedLifts =  }, checkPermissionServiceMock: Mock&lt;ICheckPermissionService:10&gt;, slopesRepositoryStub: Mock&lt;ISlopesRepository:8&gt;, sut: SlopesService { })" computerName="DESKTOP-TJ9D65N" duration="00:00:00.0141327" startTime="2022-11-03T14:02:43.7169502+03:00" endTime="2022-11-03T14:02:43.7169502+03:00" testType="13cdc9d9-ddb5-4fa4-a97d-d965ccfc6d4b" outcome="Passed" testListId="8c84fa94-04c1-424b-9868-57a2d4851a1d" relativeResultsDirectory="51d93aca-48cf-42b6-b294-37115d31463b" />
    <UnitTestResult executionId="7033c51f-f975-4d0f-843e-0c620e0b5b0a" testId="eaabd2fc-2f4b-5689-59c8-c7ad34a8f634" testName="BL.Tests.CheckPermissionsServiceTests.UnauthorizedHasNoAccessToAuthorizedFunctions(functionName: &quot;SendMessageAsync&quot;)" computerName="DESKTOP-TJ9D65N" duration="00:00:00.0028902" startTime="2022-11-03T14:02:43.7362398+03:00" endTime="2022-11-03T14:02:43.7362399+03:00" testType="13cdc9d9-ddb5-4fa4-a97d-d965ccfc6d4b" outcome="Passed" testListId="8c84fa94-04c1-424b-9868-57a2d4851a1d" relativeResultsDirectory="7033c51f-f975-4d0f-843e-0c620e0b5b0a" />
    <UnitTestResult executionId="e9cb9455-99b5-40d7-bcc1-6332189db9cb" testId="894941c1-bfa7-d8f9-c047-1e1ceefe2c2f" testName="BL.Tests.UsersServiceTests.TestRegisterUserWithRepeatedEmail" computerName="DESKTOP-TJ9D65N" duration="00:00:00.0041330" startTime="2022-11-03T14:02:43.7410849+03:00" endTime="2022-11-03T14:02:43.7410849+03:00" testType="13cdc9d9-ddb5-4fa4-a97d-d965ccfc6d4b" outcome="Passed" testListId="8c84fa94-04c1-424b-9868-57a2d4851a1d" relativeResultsDirectory="e9cb9455-99b5-40d7-bcc1-6332189db9cb" />
    <UnitTestResult executionId="f59326a6-5d45-4caa-9232-d3064dcf583c" testId="283e43c1-b9ce-a188-15c8-bda4633bec72" testName="BL.Tests.TurnstilesServiceTest.TestAdminAddAutoIncrementTurnstileAsync(userID: 32, turnstile: Turnstile { TurnstileID = 213, LiftID = 124, IsOpen = True }, checkPermissionServiceMock: Mock&lt;ICheckPermissionService:16&gt;, turnstilesRepositoryStub: Mock&lt;ITurnstilesRepository:10&gt;, sut: TurnstilesService { })" computerName="DESKTOP-TJ9D65N" duration="00:00:00.0080529" startTime="2022-11-03T14:02:43.7586076+03:00" endTime="2022-11-03T14:02:43.7586077+03:00" testType="13cdc9d9-ddb5-4fa4-a97d-d965ccfc6d4b" outcome="Passed" testListId="8c84fa94-04c1-424b-9868-57a2d4851a1d" relativeResultsDirectory="f59326a6-5d45-4caa-9232-d3064dcf583c" />
    <UnitTestResult executionId="09ce4732-bfd3-4a5c-8b91-717f73c927ae" testId="ca0368be-c1d1-fe17-e9cf-6c1038a50675" testName="BL.Tests.SlopesServiceTest.TestGetSlopeInfoAsync(userID: 206, slope: Slope { SlopeID = 167, SlopeName = slopeName56d3afb0-1ea0-47a2-8aba-18446e3f8195, IsOpen = True, DifficultyLevel = 179, ConnectedLifts =  }, checkPermissionServiceMock: Mock&lt;ICheckPermissionService:6&gt;, slopesRepositoryStub: Mock&lt;ISlopesRepository:4&gt;, liftsSlopesRepositoryStub: Mock&lt;ILiftsSlopesRepository:9&gt;, sut: SlopesService { })" computerName="DESKTOP-TJ9D65N" duration="00:00:00.0083876" startTime="2022-11-03T14:02:43.7405404+03:00" endTime="2022-11-03T14:02:43.7405405+03:00" testType="13cdc9d9-ddb5-4fa4-a97d-d965ccfc6d4b" outcome="Passed" testListId="8c84fa94-04c1-424b-9868-57a2d4851a1d" relativeResultsDirectory="09ce4732-bfd3-4a5c-8b91-717f73c927ae" />
    <UnitTestResult executionId="53895263-f8f0-42b3-98be-fbc5f2ca189a" testId="cdb14939-1a83-1009-f0aa-39a4be057c7c" testName="BL.Tests.LiftsServiceTest.TestGetLiftInfoAsync(userID: 85, lift: Lift { LiftID = 113, LiftName = liftName0f99b61d-2ead-4f9f-9bb0-90c7e31cb56e, IsOpen = True, SeatsAmount = 248, LiftingTime = 128, QueueTime = 195, ConnectedSlopes =  }, checkPermissionServiceMock: Mock&lt;ICheckPermissionService:1&gt;, liftsRepositoryStub: Mock&lt;ILiftsRepository:1&gt;, liftsSlopesRepositoryStub: Mock&lt;ILiftsSlopesRepository:1&gt;, sut: LiftsService { })" computerName="DESKTOP-TJ9D65N" duration="00:00:00.0071530" startTime="2022-11-03T14:02:43.7591294+03:00" endTime="2022-11-03T14:02:43.7591294+03:00" testType="13cdc9d9-ddb5-4fa4-a97d-d965ccfc6d4b" outcome="Passed" testListId="8c84fa94-04c1-424b-9868-57a2d4851a1d" relativeResultsDirectory="53895263-f8f0-42b3-98be-fbc5f2ca189a" />
    <UnitTestResult executionId="5ad884e8-f384-42cd-8bb1-fd2fdb226df3" testId="9c7df5e2-1b23-ebea-889f-b78ca86b60ab" testName="BL.Tests.CheckPermissionsServiceTests.AuthorizedHasNoAccessToAdminSkiPatrolFunctions(functionName: &quot;MarkMessageReadByUserAsync&quot;)" computerName="DESKTOP-TJ9D65N" duration="00:00:00.0011516" startTime="2022-11-03T14:02:43.8272509+03:00" endTime="2022-11-03T14:02:43.8272509+03:00" testType="13cdc9d9-ddb5-4fa4-a97d-d965ccfc6d4b" outcome="Passed" testListId="8c84fa94-04c1-424b-9868-57a2d4851a1d" relativeResultsDirectory="5ad884e8-f384-42cd-8bb1-fd2fdb226df3" />
    <UnitTestResult executionId="6f137100-48ef-4c9d-9277-b1989f3fe77e" testId="1ca07ad8-f799-c5d4-e7cc-34fd950198a2" testName="BL.Tests.UsersServiceTests.TestLogInOk" computerName="DESKTOP-TJ9D65N" duration="00:00:00.0028108" startTime="2022-11-03T14:02:43.7994179+03:00" endTime="2022-11-03T14:02:43.7994180+03:00" testType="13cdc9d9-ddb5-4fa4-a97d-d965ccfc6d4b" outcome="Passed" testListId="8c84fa94-04c1-424b-9868-57a2d4851a1d" relativeResultsDirectory="6f137100-48ef-4c9d-9277-b1989f3fe77e" />
    <UnitTestResult executionId="0fce952a-2536-4e75-b506-53f2b4357a83" testId="69340bb6-3645-f9dd-971e-29d8b2a009bb" testName="BL.Tests.UsersServiceTests.TestLogInWithWrongPassword" computerName="DESKTOP-TJ9D65N" duration="00:00:00.0018881" startTime="2022-11-03T14:02:43.8099159+03:00" endTime="2022-11-03T14:02:43.8099159+03:00" testType="13cdc9d9-ddb5-4fa4-a97d-d965ccfc6d4b" outcome="Passed" testListId="8c84fa94-04c1-424b-9868-57a2d4851a1d" relativeResultsDirectory="0fce952a-2536-4e75-b506-53f2b4357a83" />
    <UnitTestResult executionId="d18b116e-c63f-41bf-9cb4-8264d720beda" testId="1336c30e-fed2-7f8c-bdcc-0f36925131d5" testName="BL.Tests.LiftsServiceTest.TestGetLiftsInfoAsync(userID: 51, initialLifts: [Lift { LiftID = 236, LiftName = liftName3dd66309-5583-4fa0-bacc-15531a9b1520, IsOpen = True, SeatsAmount = 245, LiftingTime = 149, QueueTime = 96, ConnectedSlopes =  }, Lift { LiftID = 60, LiftName = liftName0656aa1c-28a4-4a53-a7b1-94afd245b039, IsOpen = False, SeatsAmount = 246, LiftingTime = 52, QueueTime = 65, ConnectedSlopes =  }, Lift { LiftID = 179, LiftName = liftName923b6208-b216-435b-9a42-112e4932bd70, IsOpen = True, SeatsAmount = 254, LiftingTime = 82, QueueTime = 237, ConnectedSlopes =  }], checkPermissionServiceMock: Mock&lt;ICheckPermissionService:2&gt;, liftsRepositoryStub: Mock&lt;ILiftsRepository:2&gt;, liftsSlopesRepositoryStub: Mock&lt;ILiftsSlopesRepository:2&gt;, sut: LiftsService { })" computerName="DESKTOP-TJ9D65N" duration="00:00:00.0111701" startTime="2022-11-03T14:02:43.7824512+03:00" endTime="2022-11-03T14:02:43.7824513+03:00" testType="13cdc9d9-ddb5-4fa4-a97d-d965ccfc6d4b" outcome="Passed" testListId="8c84fa94-04c1-424b-9868-57a2d4851a1d" relativeResultsDirectory="d18b116e-c63f-41bf-9cb4-8264d720beda" />
    <UnitTestResult executionId="10286711-e7c1-416d-af7f-acf52fb48b94" testId="c36970dc-93f7-753e-fa47-157133b01644" testName="BL.Tests.CheckPermissionsServiceTests.SkiPatrolHasAccessToAdminSkiPatrolFunctions(functionName: &quot;GetMessagesAsync&quot;)" computerName="DESKTOP-TJ9D65N" duration="00:00:00.0010173" startTime="2022-11-03T14:02:43.7964638+03:00" endTime="2022-11-03T14:02:43.7964639+03:00" testType="13cdc9d9-ddb5-4fa4-a97d-d965ccfc6d4b" outcome="Passed" testListId="8c84fa94-04c1-424b-9868-57a2d4851a1d" relativeResultsDirectory="10286711-e7c1-416d-af7f-acf52fb48b94" />
    <UnitTestResult executionId="e84db258-7213-46b4-b12e-f758960042f9" testId="a19a5fcf-c5d2-7d44-5d7d-84403042f4e0" testName="BL.Tests.CheckPermissionsServiceTests.UnauthorizedHasNoAccessToAdminSkiPatrolFunctions(functionName: &quot;MarkMessageReadByUserAsync&quot;)" computerName="DESKTOP-TJ9D65N" duration="00:00:00.0487125" startTime="2022-11-03T14:02:43.6581567+03:00" endTime="2022-11-03T14:02:43.6581567+03:00" testType="13cdc9d9-ddb5-4fa4-a97d-d965ccfc6d4b" outcome="Passed" testListId="8c84fa94-04c1-424b-9868-57a2d4851a1d" relativeResultsDirectory="e84db258-7213-46b4-b12e-f758960042f9" />
    <UnitTestResult executionId="f55fb317-3796-47bf-a072-382dd2c3870d" testId="168ec427-524f-e4f4-c30c-987adae4e0c0" testName="BL.Tests.TurnstilesServiceTest.TestAdminGetTurnstileAsync(userID: 83, turnstile: Turnstile { TurnstileID = 116, LiftID = 180, IsOpen = True }, checkPermissionServiceMock: Mock&lt;ICheckPermissionService:12&gt;, turnstilesRepositoryStub: Mock&lt;ITurnstilesRepository:6&gt;, sut: TurnstilesService { })" computerName="DESKTOP-TJ9D65N" duration="00:00:00.0074322" startTime="2022-11-03T14:02:43.7756540+03:00" endTime="2022-11-03T14:02:43.7756541+03:00" testType="13cdc9d9-ddb5-4fa4-a97d-d965ccfc6d4b" outcome="Passed" testListId="8c84fa94-04c1-424b-9868-57a2d4851a1d" relativeResultsDirectory="f55fb317-3796-47bf-a072-382dd2c3870d" />
    <UnitTestResult executionId="ba56c7dc-c64e-4bd1-8a9f-0f979066d459" testId="485a3c1b-512a-8c89-8164-e8d46d8b439a" testName="BL.Tests.LiftsServiceTest.TestAdminAddAutoIncrementLiftAsync(userID: 65, lift: Lift { LiftID = 34, LiftName = liftName550a9ea1-c7e8-44b6-b90d-db25335c419f, IsOpen = True, SeatsAmount = 135, LiftingTime = 54, QueueTime = 3, ConnectedSlopes =  }, checkPermissionServiceMock: Mock&lt;ICheckPermissionService:5&gt;, liftsRepositoryStub: Mock&lt;ILiftsRepository:5&gt;, sut: LiftsService { })" computerName="DESKTOP-TJ9D65N" duration="00:00:00.0142395" startTime="2022-11-03T14:02:43.7169298+03:00" endTime="2022-11-03T14:02:43.7169299+03:00" testType="13cdc9d9-ddb5-4fa4-a97d-d965ccfc6d4b" outcome="Passed" testListId="8c84fa94-04c1-424b-9868-57a2d4851a1d" relativeResultsDirectory="ba56c7dc-c64e-4bd1-8a9f-0f979066d459" />
    <UnitTestResult executionId="7734ddbe-286d-4809-bb9f-79cdcdeecb3e" testId="8b1d2e8e-0414-394d-ddad-6286af585eff" testName="BL.Tests.SlopesServiceTest.TestUpdateSlopeInfoAsync(userID: 166, slope: Slope { SlopeID = 62, SlopeName = slopeNamefd8d21eb-bab8-4a41-9d9f-0d0775a434b4, IsOpen = True, DifficultyLevel = 208, ConnectedLifts =  }, checkPermissionServiceMock: Mock&lt;ICheckPermissionService:8&gt;, slopesRepositoryStub: Mock&lt;ISlopesRepository:6&gt;, sut: SlopesService { })" computerName="DESKTOP-TJ9D65N" duration="00:00:00.0501975" startTime="2022-11-03T14:02:43.6580794+03:00" endTime="2022-11-03T14:02:43.6580795+03:00" testType="13cdc9d9-ddb5-4fa4-a97d-d965ccfc6d4b" outcome="Passed" testListId="8c84fa94-04c1-424b-9868-57a2d4851a1d" relativeResultsDirectory="7734ddbe-286d-4809-bb9f-79cdcdeecb3e" />
    <UnitTestResult executionId="658e54e7-0f07-4389-81cc-db19856833d1" testId="2d706594-f2b3-b3c8-21d4-86c9798c3306" testName="BL.Tests.CheckPermissionsServiceTests.SkiPatrolHasAccessToAdminSkiPatrolFunctions(functionName: &quot;GetLiftsSlopesInfoAsync&quot;)" computerName="DESKTOP-TJ9D65N" duration="00:00:00.0049563" startTime="2022-11-03T14:02:43.7716939+03:00" endTime="2022-11-03T14:02:43.7716940+03:00" testType="13cdc9d9-ddb5-4fa4-a97d-d965ccfc6d4b" outcome="Passed" testListId="8c84fa94-04c1-424b-9868-57a2d4851a1d" relativeResultsDirectory="658e54e7-0f07-4389-81cc-db19856833d1" />
    <UnitTestResult executionId="3bf2eed6-6f76-49ef-9f95-1b5616dcbb7e" testId="2c28120c-13ab-3cbd-bc60-be134e9c7543" testName="BL.Tests.LiftsSlopesServiceTests.TestAdminDeleteLiftSlopeAsync(lift: Lift { LiftID = 56, LiftName = liftNamef91427f2-308e-431b-a1e4-2b0f74d9c924, IsOpen = True, SeatsAmount = 6, LiftingTime = 246, QueueTime = 77, ConnectedSlopes =  }, slope: Slope { SlopeID = 130, SlopeName = slopeNamec83f6859-5c0f-4435-841a-7c30214de8d1, IsOpen = False, DifficultyLevel = 245, ConnectedLifts =  }, slopesRepositoryStub: Mock&lt;ISlopesRepository:2&gt;, liftsRepositoryStub: Mock&lt;ILiftsRepository:7&gt;, liftsSlopesRepositoryStub: Mock&lt;ILiftsSlopesRepository:7&gt;)" computerName="DESKTOP-TJ9D65N" duration="00:00:00.0485850" startTime="2022-11-03T14:02:43.6525823+03:00" endTime="2022-11-03T14:02:43.6526204+03:00" testType="13cdc9d9-ddb5-4fa4-a97d-d965ccfc6d4b" outcome="Passed" testListId="8c84fa94-04c1-424b-9868-57a2d4851a1d" relativeResultsDirectory="3bf2eed6-6f76-49ef-9f95-1b5616dcbb7e" />
    <UnitTestResult executionId="1970ed0d-8dc0-4b1b-bffb-117b0473cc5c" testId="2602613f-c8e2-a6d9-fcf7-5b27d4a770a6" testName="BL.Tests.CheckPermissionsServiceTests.AuthorizedHasNoAccessToAdminSkiPatrolFunctions(functionName: &quot;GetMessagesAsync&quot;)" computerName="DESKTOP-TJ9D65N" duration="00:00:00.0025898" startTime="2022-11-03T14:02:43.8182592+03:00" endTime="2022-11-03T14:02:43.8182593+03:00" testType="13cdc9d9-ddb5-4fa4-a97d-d965ccfc6d4b" outcome="Passed" testListId="8c84fa94-04c1-424b-9868-57a2d4851a1d" relativeResultsDirectory="1970ed0d-8dc0-4b1b-bffb-117b0473cc5c" />
    <UnitTestResult executionId="ca45a5c7-6ece-4b3d-9f57-806bf89c44f8" testId="834c739b-eca4-b36d-6a66-5a1bd75377b8" testName="BL.Tests.UsersServiceTests.TestAdminAddAutoIncrementUser" computerName="DESKTOP-TJ9D65N" duration="00:00:00.0059420" startTime="2022-11-03T14:02:43.8231307+03:00" endTime="2022-11-03T14:02:43.8231308+03:00" testType="13cdc9d9-ddb5-4fa4-a97d-d965ccfc6d4b" outcome="Passed" testListId="8c84fa94-04c1-424b-9868-57a2d4851a1d" relativeResultsDirectory="ca45a5c7-6ece-4b3d-9f57-806bf89c44f8" />
    <UnitTestResult executionId="2c8fefdc-f3c8-473c-9c5e-5acefc01086d" testId="79f3ed33-41ef-77e3-c53d-8dfafc4c7eed" testName="BL.Tests.SlopesServiceTest.TestAdminDeleteSlopeAsync(userID: 10, slope: Slope { SlopeID = 253, SlopeName = slopeName997ee597-ca55-4730-b0bd-d5afc604ad8f, IsOpen = True, DifficultyLevel = 231, ConnectedLifts =  }, checkPermissionServiceMock: Mock&lt;ICheckPermissionService:9&gt;, slopesRepositoryStub: Mock&lt;ISlopesRepository:7&gt;, liftsSlopesRepositoryStub: Mock&lt;ILiftsSlopesRepository:12&gt;, sut: SlopesService { })" computerName="DESKTOP-TJ9D65N" duration="00:00:00.0042715" startTime="2022-11-03T14:02:43.7984199+03:00" endTime="2022-11-03T14:02:43.7984200+03:00" testType="13cdc9d9-ddb5-4fa4-a97d-d965ccfc6d4b" outcome="Passed" testListId="8c84fa94-04c1-424b-9868-57a2d4851a1d" relativeResultsDirectory="2c8fefdc-f3c8-473c-9c5e-5acefc01086d" />
    <UnitTestResult executionId="d66c6ce5-b791-4d9c-893b-0c67cddb0efb" testId="644ec43e-70cd-c82d-42e7-0d990be1414d" testName="BL.Tests.CheckPermissionsServiceTests.AuthorizedHasAccessToAuthorizedFunctions(functionName: &quot;SendMessageAsync&quot;)" computerName="DESKTOP-TJ9D65N" duration="00:00:00.0017443" startTime="2022-11-03T14:02:43.8516691+03:00" endTime="2022-11-03T14:02:43.8516692+03:00" testType="13cdc9d9-ddb5-4fa4-a97d-d965ccfc6d4b" outcome="Passed" testListId="8c84fa94-04c1-424b-9868-57a2d4851a1d" relativeResultsDirectory="d66c6ce5-b791-4d9c-893b-0c67cddb0efb" />
  </Results>
  <TestDefinitions>
    <UnitTest name="BL.Tests.LiftsServiceTest.TestAdminDeleteLiftAsync(userID: 192, lift: Lift { LiftID = 198, LiftName = liftNameb1be71b4-3291-4a59-afe7-f3bdbe4c1a73, IsOpen = True, SeatsAmount = 110, LiftingTime = 220, QueueTime = 210, ConnectedSlopes =  }, checkPermissionServiceMock: Mock&lt;ICheckPermissionService:4&gt;, liftsRepositoryStub: Mock&lt;ILiftsRepository:4&gt;, liftsSlopesRepositoryStub: Mock&lt;ILiftsSlopesRepository:4&gt;, sut: LiftsService { })" storage="/mnt/c/users/alena/desktop/7_sem/testing_and_debugging/skiresort/bl.tests/bin/debug/net6.0/bl.tests.dll" id="9162c591-36c2-b0af-171b-8bc8b08b4f1f">
      <Execution id="1878b38f-13d2-4b27-94fb-64a8828d4d53" />
      <TestMethod codeBase="/mnt/c/Users/alena/Desktop/7_sem/testing_and_debugging/SkiResort/BL.Tests/bin/Debug/net6.0/BL.Tests.dll" adapterTypeName="executor://xunit/VsTestRunner2/netcoreapp" className="BL.Tests.LiftsServiceTest" name="TestAdminDeleteLiftAsync" />
    </UnitTest>
    <UnitTest name="BL.Tests.TurnstilesServiceTest.TestAdminGetTurnstileAsync(userID: 83, turnstile: Turnstile { TurnstileID = 116, LiftID = 180, IsOpen = True }, checkPermissionServiceMock: Mock&lt;ICheckPermissionService:12&gt;, turnstilesRepositoryStub: Mock&lt;ITurnstilesRepository:6&gt;, sut: TurnstilesService { })" storage="/mnt/c/users/alena/desktop/7_sem/testing_and_debugging/skiresort/bl.tests/bin/debug/net6.0/bl.tests.dll" id="168ec427-524f-e4f4-c30c-987adae4e0c0">
      <Execution id="f55fb317-3796-47bf-a072-382dd2c3870d" />
      <TestMethod codeBase="/mnt/c/Users/alena/Desktop/7_sem/testing_and_debugging/SkiResort/BL.Tests/bin/Debug/net6.0/BL.Tests.dll" adapterTypeName="executor://xunit/VsTestRunner2/netcoreapp" className="BL.Tests.TurnstilesServiceTest" name="TestAdminGetTurnstileAsync" />
    </UnitTest>
    <UnitTest name="BL.Tests.TurnstilesServiceTest.TestAdminGetTurnstilesAsync(userID: 226, initialTurnstiles: [Turnstile { TurnstileID = 171, LiftID = 6, IsOpen = True }, Turnstile { TurnstileID = 15, LiftID = 29, IsOpen = False }, Turnstile { TurnstileID = 158, LiftID = 154, IsOpen = True }], checkPermissionServiceMock: Mock&lt;ICheckPermissionService:13&gt;, turnstilesRepositoryStub: Mock&lt;ITurnstilesRepository:7&gt;, sut: TurnstilesService { })" storage="/mnt/c/users/alena/desktop/7_sem/testing_and_debugging/skiresort/bl.tests/bin/debug/net6.0/bl.tests.dll" id="c26b85ae-28d5-0e67-bfa8-bc6625a62a25">
      <Execution id="549324d5-1404-495f-8f56-b9d9ebcd131b" />
      <TestMethod codeBase="/mnt/c/Users/alena/Desktop/7_sem/testing_and_debugging/SkiResort/BL.Tests/bin/Debug/net6.0/BL.Tests.dll" adapterTypeName="executor://xunit/VsTestRunner2/netcoreapp" className="BL.Tests.TurnstilesServiceTest" name="TestAdminGetTurnstilesAsync" />
    </UnitTest>
    <UnitTest name="BL.Tests.CheckPermissionsServiceTests.AuthorizedHasNoAccessToAdminSkiPatrolFunctions(functionName: &quot;MarkMessageReadByUserAsync&quot;)" storage="/mnt/c/users/alena/desktop/7_sem/testing_and_debugging/skiresort/bl.tests/bin/debug/net6.0/bl.tests.dll" id="9c7df5e2-1b23-ebea-889f-b78ca86b60ab">
      <Execution id="5ad884e8-f384-42cd-8bb1-fd2fdb226df3" />
      <TestMethod codeBase="/mnt/c/Users/alena/Desktop/7_sem/testing_and_debugging/SkiResort/BL.Tests/bin/Debug/net6.0/BL.Tests.dll" adapterTypeName="executor://xunit/VsTestRunner2/netcoreapp" className="BL.Tests.CheckPermissionsServiceTests" name="AuthorizedHasNoAccessToAdminSkiPatrolFunctions" />
    </UnitTest>
    <UnitTest name="BL.Tests.CheckPermissionsServiceTests.UnauthorizedHasNoAccessToAdminSkiPatrolFunctions(functionName: &quot;MarkMessageReadByUserAsync&quot;)" storage="/mnt/c/users/alena/desktop/7_sem/testing_and_debugging/skiresort/bl.tests/bin/debug/net6.0/bl.tests.dll" id="a19a5fcf-c5d2-7d44-5d7d-84403042f4e0">
      <Execution id="e84db258-7213-46b4-b12e-f758960042f9" />
      <TestMethod codeBase="/mnt/c/Users/alena/Desktop/7_sem/testing_and_debugging/SkiResort/BL.Tests/bin/Debug/net6.0/BL.Tests.dll" adapterTypeName="executor://xunit/VsTestRunner2/netcoreapp" className="BL.Tests.CheckPermissionsServiceTests" name="UnauthorizedHasNoAccessToAdminSkiPatrolFunctions" />
    </UnitTest>
    <UnitTest name="BL.Tests.CheckPermissionsServiceTests.AuthorizedHasNoAccessToAdminSkiPatrolFunctions(functionName: &quot;GetMessagesAsync&quot;)" storage="/mnt/c/users/alena/desktop/7_sem/testing_and_debugging/skiresort/bl.tests/bin/debug/net6.0/bl.tests.dll" id="2602613f-c8e2-a6d9-fcf7-5b27d4a770a6">
      <Execution id="1970ed0d-8dc0-4b1b-bffb-117b0473cc5c" />
      <TestMethod codeBase="/mnt/c/Users/alena/Desktop/7_sem/testing_and_debugging/SkiResort/BL.Tests/bin/Debug/net6.0/BL.Tests.dll" adapterTypeName="executor://xunit/VsTestRunner2/netcoreapp" className="BL.Tests.CheckPermissionsServiceTests" name="AuthorizedHasNoAccessToAdminSkiPatrolFunctions" />
    </UnitTest>
    <UnitTest name="BL.Tests.CheckPermissionsServiceTests.AuthorizedHasNoAccessToAdminFunctions" storage="/mnt/c/users/alena/desktop/7_sem/testing_and_debugging/skiresort/bl.tests/bin/debug/net6.0/bl.tests.dll" id="a2e59116-cb53-1d70-9cb8-21c286516866">
      <Execution id="98500add-a8c3-4fa3-b685-8133e1617af2" />
      <TestMethod codeBase="/mnt/c/Users/alena/Desktop/7_sem/testing_and_debugging/SkiResort/BL.Tests/bin/Debug/net6.0/BL.Tests.dll" adapterTypeName="executor://xunit/VsTestRunner2/netcoreapp" className="BL.Tests.CheckPermissionsServiceTests" name="AuthorizedHasNoAccessToAdminFunctions" />
    </UnitTest>
    <UnitTest name="BL.Tests.CheckPermissionsServiceTests.SkiPatrolHasAccessToAdminSkiPatrolFunctions(functionName: &quot;GetMessagesAsync&quot;)" storage="/mnt/c/users/alena/desktop/7_sem/testing_and_debugging/skiresort/bl.tests/bin/debug/net6.0/bl.tests.dll" id="c36970dc-93f7-753e-fa47-157133b01644">
      <Execution id="10286711-e7c1-416d-af7f-acf52fb48b94" />
      <TestMethod codeBase="/mnt/c/Users/alena/Desktop/7_sem/testing_and_debugging/SkiResort/BL.Tests/bin/Debug/net6.0/BL.Tests.dll" adapterTypeName="executor://xunit/VsTestRunner2/netcoreapp" className="BL.Tests.CheckPermissionsServiceTests" name="SkiPatrolHasAccessToAdminSkiPatrolFunctions" />
    </UnitTest>
    <UnitTest name="BL.Tests.CheckPermissionsServiceTests.AdminHasAccessToAllFunctions" storage="/mnt/c/users/alena/desktop/7_sem/testing_and_debugging/skiresort/bl.tests/bin/debug/net6.0/bl.tests.dll" id="f3efc418-a8a6-c7b7-9bac-90b33aa8472f">
      <Execution id="7d606acf-ba90-4d19-85ed-61d9ab47687f" />
      <TestMethod codeBase="/mnt/c/Users/alena/Desktop/7_sem/testing_and_debugging/SkiResort/BL.Tests/bin/Debug/net6.0/BL.Tests.dll" adapterTypeName="executor://xunit/VsTestRunner2/netcoreapp" className="BL.Tests.CheckPermissionsServiceTests" name="AdminHasAccessToAllFunctions" />
    </UnitTest>
    <UnitTest name="BL.Tests.UsersServiceTests.TestRegisterUserWithNoPassword" storage="/mnt/c/users/alena/desktop/7_sem/testing_and_debugging/skiresort/bl.tests/bin/debug/net6.0/bl.tests.dll" id="f44a1b21-8efc-bfac-63b4-d534442def31">
      <Execution id="cac81bfb-4dcd-40b6-845f-b31cca44c6ea" />
      <TestMethod codeBase="/mnt/c/Users/alena/Desktop/7_sem/testing_and_debugging/SkiResort/BL.Tests/bin/Debug/net6.0/BL.Tests.dll" adapterTypeName="executor://xunit/VsTestRunner2/netcoreapp" className="BL.Tests.UsersServiceTests" name="TestRegisterUserWithNoPassword" />
    </UnitTest>
    <UnitTest name="BL.Tests.UsersServiceTests.TestAdminGetUserByIDAsync" storage="/mnt/c/users/alena/desktop/7_sem/testing_and_debugging/skiresort/bl.tests/bin/debug/net6.0/bl.tests.dll" id="e5497347-2721-b7a6-0bd4-69a9921f6947">
      <Execution id="54a9287e-093f-4fcd-8a07-1ab370a32df8" />
      <TestMethod codeBase="/mnt/c/Users/alena/Desktop/7_sem/testing_and_debugging/SkiResort/BL.Tests/bin/Debug/net6.0/BL.Tests.dll" adapterTypeName="executor://xunit/VsTestRunner2/netcoreapp" className="BL.Tests.UsersServiceTests" name="TestAdminGetUserByIDAsync" />
    </UnitTest>
    <UnitTest name="BL.Tests.LiftsServiceTest.TestGetLiftInfoAsync(userID: 85, lift: Lift { LiftID = 113, LiftName = liftName0f99b61d-2ead-4f9f-9bb0-90c7e31cb56e, IsOpen = True, SeatsAmount = 248, LiftingTime = 128, QueueTime = 195, ConnectedSlopes =  }, checkPermissionServiceMock: Mock&lt;ICheckPermissionService:1&gt;, liftsRepositoryStub: Mock&lt;ILiftsRepository:1&gt;, liftsSlopesRepositoryStub: Mock&lt;ILiftsSlopesRepository:1&gt;, sut: LiftsService { })" storage="/mnt/c/users/alena/desktop/7_sem/testing_and_debugging/skiresort/bl.tests/bin/debug/net6.0/bl.tests.dll" id="cdb14939-1a83-1009-f0aa-39a4be057c7c">
      <Execution id="53895263-f8f0-42b3-98be-fbc5f2ca189a" />
      <TestMethod codeBase="/mnt/c/Users/alena/Desktop/7_sem/testing_and_debugging/SkiResort/BL.Tests/bin/Debug/net6.0/BL.Tests.dll" adapterTypeName="executor://xunit/VsTestRunner2/netcoreapp" className="BL.Tests.LiftsServiceTest" name="TestGetLiftInfoAsync" />
    </UnitTest>
    <UnitTest name="BL.Tests.SlopesServiceTest.TestUpdateSlopeInfoAsync(userID: 166, slope: Slope { SlopeID = 62, SlopeName = slopeNamefd8d21eb-bab8-4a41-9d9f-0d0775a434b4, IsOpen = True, DifficultyLevel = 208, ConnectedLifts =  }, checkPermissionServiceMock: Mock&lt;ICheckPermissionService:8&gt;, slopesRepositoryStub: Mock&lt;ISlopesRepository:6&gt;, sut: SlopesService { })" storage="/mnt/c/users/alena/desktop/7_sem/testing_and_debugging/skiresort/bl.tests/bin/debug/net6.0/bl.tests.dll" id="8b1d2e8e-0414-394d-ddad-6286af585eff">
      <Execution id="7734ddbe-286d-4809-bb9f-79cdcdeecb3e" />
      <TestMethod codeBase="/mnt/c/Users/alena/Desktop/7_sem/testing_and_debugging/SkiResort/BL.Tests/bin/Debug/net6.0/BL.Tests.dll" adapterTypeName="executor://xunit/VsTestRunner2/netcoreapp" className="BL.Tests.SlopesServiceTest" name="TestUpdateSlopeInfoAsync" />
    </UnitTest>
    <UnitTest name="BL.Tests.LiftsSlopesServiceTests.TestAdminAddAutoIncrementLiftSlopeAsync(lift: Lift { LiftID = 203, LiftName = liftNamedbd77947-14ce-40eb-b0a1-eb88e706d054, IsOpen = True, SeatsAmount = 200, LiftingTime = 5, QueueTime = 164, ConnectedSlopes =  }, slope: Slope { SlopeID = 71, SlopeName = slopeNamefadc6323-5f17-4fd2-b222-0b7e5d1f025b, IsOpen = False, DifficultyLevel = 246, ConnectedLifts =  }, slopesRepositoryStub: Mock&lt;ISlopesRepository:3&gt;, ..." storage="/mnt/c/users/alena/desktop/7_sem/testing_and_debugging/skiresort/bl.tests/bin/debug/net6.0/bl.tests.dll" id="c61737b2-e3b0-5650-2170-859ccb6af576">
      <Execution id="8637fe1f-c651-41b2-ae65-aee05693be4a" />
      <TestMethod codeBase="/mnt/c/Users/alena/Desktop/7_sem/testing_and_debugging/SkiResort/BL.Tests/bin/Debug/net6.0/BL.Tests.dll" adapterTypeName="executor://xunit/VsTestRunner2/netcoreapp" className="BL.Tests.LiftsSlopesServiceTests" name="TestAdminAddAutoIncrementLiftSlopeAsync" />
    </UnitTest>
    <UnitTest name="BL.Tests.SlopesServiceTest.TestAdminDeleteSlopeAsync(userID: 10, slope: Slope { SlopeID = 253, SlopeName = slopeName997ee597-ca55-4730-b0bd-d5afc604ad8f, IsOpen = True, DifficultyLevel = 231, ConnectedLifts =  }, checkPermissionServiceMock: Mock&lt;ICheckPermissionService:9&gt;, slopesRepositoryStub: Mock&lt;ISlopesRepository:7&gt;, liftsSlopesRepositoryStub: Mock&lt;ILiftsSlopesRepository:12&gt;, sut: SlopesService { })" storage="/mnt/c/users/alena/desktop/7_sem/testing_and_debugging/skiresort/bl.tests/bin/debug/net6.0/bl.tests.dll" id="79f3ed33-41ef-77e3-c53d-8dfafc4c7eed">
      <Execution id="2c8fefdc-f3c8-473c-9c5e-5acefc01086d" />
      <TestMethod codeBase="/mnt/c/Users/alena/Desktop/7_sem/testing_and_debugging/SkiResort/BL.Tests/bin/Debug/net6.0/BL.Tests.dll" adapterTypeName="executor://xunit/VsTestRunner2/netcoreapp" className="BL.Tests.SlopesServiceTest" name="TestAdminDeleteSlopeAsync" />
    </UnitTest>
    <UnitTest name="BL.Tests.LiftsSlopesServiceTests.TestAdminDeleteLiftSlopeAsync(lift: Lift { LiftID = 56, LiftName = liftNamef91427f2-308e-431b-a1e4-2b0f74d9c924, IsOpen = True, SeatsAmount = 6, LiftingTime = 246, QueueTime = 77, ConnectedSlopes =  }, slope: Slope { SlopeID = 130, SlopeName = slopeNamec83f6859-5c0f-4435-841a-7c30214de8d1, IsOpen = False, DifficultyLevel = 245, ConnectedLifts =  }, slopesRepositoryStub: Mock&lt;ISlopesRepository:2&gt;, liftsReposi..." storage="/mnt/c/users/alena/desktop/7_sem/testing_and_debugging/skiresort/bl.tests/bin/debug/net6.0/bl.tests.dll" id="2c28120c-13ab-3cbd-bc60-be134e9c7543">
      <Execution id="3bf2eed6-6f76-49ef-9f95-1b5616dcbb7e" />
      <TestMethod codeBase="/mnt/c/Users/alena/Desktop/7_sem/testing_and_debugging/SkiResort/BL.Tests/bin/Debug/net6.0/BL.Tests.dll" adapterTypeName="executor://xunit/VsTestRunner2/netcoreapp" className="BL.Tests.LiftsSlopesServiceTests" name="TestAdminDeleteLiftSlopeAsync" />
    </UnitTest>
    <UnitTest name="BL.Tests.UsersServiceTests.TestAdminAddAutoIncrementUser" storage="/mnt/c/users/alena/desktop/7_sem/testing_and_debugging/skiresort/bl.tests/bin/debug/net6.0/bl.tests.dll" id="834c739b-eca4-b36d-6a66-5a1bd75377b8">
      <Execution id="ca45a5c7-6ece-4b3d-9f57-806bf89c44f8" />
      <TestMethod codeBase="/mnt/c/Users/alena/Desktop/7_sem/testing_and_debugging/SkiResort/BL.Tests/bin/Debug/net6.0/BL.Tests.dll" adapterTypeName="executor://xunit/VsTestRunner2/netcoreapp" className="BL.Tests.UsersServiceTests" name="TestAdminAddAutoIncrementUser" />
    </UnitTest>
    <UnitTest name="BL.Tests.CheckPermissionsServiceTests.UnauthorizedHasNoAccessToAdminSkiPatrolFunctions(functionName: &quot;GetLiftsSlopesInfoAsync&quot;)" storage="/mnt/c/users/alena/desktop/7_sem/testing_and_debugging/skiresort/bl.tests/bin/debug/net6.0/bl.tests.dll" id="387c9729-48c1-486e-5e67-f5d11a9f0db8">
      <Execution id="5c3f42a3-bd8c-44fe-aaa2-6bfb83378a12" />
      <TestMethod codeBase="/mnt/c/Users/alena/Desktop/7_sem/testing_and_debugging/SkiResort/BL.Tests/bin/Debug/net6.0/BL.Tests.dll" adapterTypeName="executor://xunit/VsTestRunner2/netcoreapp" className="BL.Tests.CheckPermissionsServiceTests" name="UnauthorizedHasNoAccessToAdminSkiPatrolFunctions" />
    </UnitTest>
    <UnitTest name="BL.Tests.CheckPermissionsServiceTests.SkiPatrolHasAccessToAdminSkiPatrolFunctions(functionName: &quot;MarkMessageReadByUserAsync&quot;)" storage="/mnt/c/users/alena/desktop/7_sem/testing_and_debugging/skiresort/bl.tests/bin/debug/net6.0/bl.tests.dll" id="60bd668f-04df-da5e-b79b-5d9aedb5234d">
      <Execution id="f4bae658-9e1c-4ab8-8d49-956af764ffce" />
      <TestMethod codeBase="/mnt/c/Users/alena/Desktop/7_sem/testing_and_debugging/SkiResort/BL.Tests/bin/Debug/net6.0/BL.Tests.dll" adapterTypeName="executor://xunit/VsTestRunner2/netcoreapp" className="BL.Tests.CheckPermissionsServiceTests" name="SkiPatrolHasAccessToAdminSkiPatrolFunctions" />
    </UnitTest>
    <UnitTest name="BL.Tests.CheckPermissionsServiceTests.UnauthorizedHasNoAccessToAdminFunctions" storage="/mnt/c/users/alena/desktop/7_sem/testing_and_debugging/skiresort/bl.tests/bin/debug/net6.0/bl.tests.dll" id="e2d7e5be-3dae-33ae-fb17-c704b6fd58d6">
      <Execution id="73c33712-5df8-423b-83ed-778120cae73e" />
      <TestMethod codeBase="/mnt/c/Users/alena/Desktop/7_sem/testing_and_debugging/SkiResort/BL.Tests/bin/Debug/net6.0/BL.Tests.dll" adapterTypeName="executor://xunit/VsTestRunner2/netcoreapp" className="BL.Tests.CheckPermissionsServiceTests" name="UnauthorizedHasNoAccessToAdminFunctions" />
    </UnitTest>
    <UnitTest name="BL.Tests.TurnstilesServiceTest.TestAdminDeleteTurnstileAsync(userID: 42, turnstile: Turnstile { TurnstileID = 56, LiftID = 238, IsOpen = True }, checkPermissionServiceMock: Mock&lt;ICheckPermissionService:15&gt;, turnstilesRepositoryStub: Mock&lt;ITurnstilesRepository:9&gt;, sut: TurnstilesService { })" storage="/mnt/c/users/alena/desktop/7_sem/testing_and_debugging/skiresort/bl.tests/bin/debug/net6.0/bl.tests.dll" id="6ae53c08-b88d-90c2-9f81-f5c549c53061">
      <Execution id="46d0231c-cd77-44cc-b418-e4cba58f04ab" />
      <TestMethod codeBase="/mnt/c/Users/alena/Desktop/7_sem/testing_and_debugging/SkiResort/BL.Tests/bin/Debug/net6.0/BL.Tests.dll" adapterTypeName="executor://xunit/VsTestRunner2/netcoreapp" className="BL.Tests.TurnstilesServiceTest" name="TestAdminDeleteTurnstileAsync" />
    </UnitTest>
    <UnitTest name="BL.Tests.UsersServiceTests.TestLogInWithWrongPassword" storage="/mnt/c/users/alena/desktop/7_sem/testing_and_debugging/skiresort/bl.tests/bin/debug/net6.0/bl.tests.dll" id="69340bb6-3645-f9dd-971e-29d8b2a009bb">
      <Execution id="0fce952a-2536-4e75-b506-53f2b4357a83" />
      <TestMethod codeBase="/mnt/c/Users/alena/Desktop/7_sem/testing_and_debugging/SkiResort/BL.Tests/bin/Debug/net6.0/BL.Tests.dll" adapterTypeName="executor://xunit/VsTestRunner2/netcoreapp" className="BL.Tests.UsersServiceTests" name="TestLogInWithWrongPassword" />
    </UnitTest>
    <UnitTest name="BL.Tests.CheckPermissionsServiceTests.SkiPatrolHasAccessToAdminSkiPatrolFunctions(functionName: &quot;GetLiftsSlopesInfoAsync&quot;)" storage="/mnt/c/users/alena/desktop/7_sem/testing_and_debugging/skiresort/bl.tests/bin/debug/net6.0/bl.tests.dll" id="2d706594-f2b3-b3c8-21d4-86c9798c3306">
      <Execution id="658e54e7-0f07-4389-81cc-db19856833d1" />
      <TestMethod codeBase="/mnt/c/Users/alena/Desktop/7_sem/testing_and_debugging/SkiResort/BL.Tests/bin/Debug/net6.0/BL.Tests.dll" adapterTypeName="executor://xunit/VsTestRunner2/netcoreapp" className="BL.Tests.CheckPermissionsServiceTests" name="SkiPatrolHasAccessToAdminSkiPatrolFunctions" />
    </UnitTest>
    <UnitTest name="BL.Tests.CheckPermissionsServiceTests.SkiPatrolHasNoAccessToAdminFunctions" storage="/mnt/c/users/alena/desktop/7_sem/testing_and_debugging/skiresort/bl.tests/bin/debug/net6.0/bl.tests.dll" id="492c0393-35b4-df26-a537-21ca08302f3c">
      <Execution id="2d210df5-41ad-41d2-a094-be6fc0a533fa" />
      <TestMethod codeBase="/mnt/c/Users/alena/Desktop/7_sem/testing_and_debugging/SkiResort/BL.Tests/bin/Debug/net6.0/BL.Tests.dll" adapterTypeName="executor://xunit/VsTestRunner2/netcoreapp" className="BL.Tests.CheckPermissionsServiceTests" name="SkiPatrolHasNoAccessToAdminFunctions" />
    </UnitTest>
    <UnitTest name="BL.Tests.UsersServiceTests.TestAdminDeleteUser" storage="/mnt/c/users/alena/desktop/7_sem/testing_and_debugging/skiresort/bl.tests/bin/debug/net6.0/bl.tests.dll" id="18fa8c62-e27d-e1fc-8182-4d7db62b008d">
      <Execution id="de6b468a-c5b8-4963-9ea7-eceec6735319" />
      <TestMethod codeBase="/mnt/c/Users/alena/Desktop/7_sem/testing_and_debugging/SkiResort/BL.Tests/bin/Debug/net6.0/BL.Tests.dll" adapterTypeName="executor://xunit/VsTestRunner2/netcoreapp" className="BL.Tests.UsersServiceTests" name="TestAdminDeleteUser" />
    </UnitTest>
    <UnitTest name="BL.Tests.SlopesServiceTest.TestGetSlopesInfoAsync(userID: 65, initialSlopes: [Slope { SlopeID = 20, SlopeName = slopeNamedad1d93a-86d4-4dab-8cac-1b398c5cd8c0, IsOpen = True, DifficultyLevel = 32, ConnectedLifts =  }, Slope { SlopeID = 99, SlopeName = slopeNamea296d069-02b2-4bd1-afdc-89daac61b8ff, IsOpen = False, DifficultyLevel = 166, ConnectedLifts =  }, Slope { SlopeID = 245, SlopeName = slopeNamede54c48e-08a6-4574-8bd9-1e28bb591fc8, IsOp..." storage="/mnt/c/users/alena/desktop/7_sem/testing_and_debugging/skiresort/bl.tests/bin/debug/net6.0/bl.tests.dll" id="fd745643-4d25-c2fd-7e80-f6f39b85c9b8">
      <Execution id="27c30a56-92ef-4b8f-94f4-7b7f7d6361f8" />
      <TestMethod codeBase="/mnt/c/Users/alena/Desktop/7_sem/testing_and_debugging/SkiResort/BL.Tests/bin/Debug/net6.0/BL.Tests.dll" adapterTypeName="executor://xunit/VsTestRunner2/netcoreapp" className="BL.Tests.SlopesServiceTest" name="TestGetSlopesInfoAsync" />
    </UnitTest>
    <UnitTest name="BL.Tests.CheckPermissionsServiceTests.AuthorizedHasAccessToAuthorizedFunctions(functionName: &quot;LogOutAsync&quot;)" storage="/mnt/c/users/alena/desktop/7_sem/testing_and_debugging/skiresort/bl.tests/bin/debug/net6.0/bl.tests.dll" id="aa28a6b3-21d3-aa45-24d3-bef2facbc899">
      <Execution id="8136337d-35a0-4a36-a577-b17750dfafa0" />
      <TestMethod codeBase="/mnt/c/Users/alena/Desktop/7_sem/testing_and_debugging/SkiResort/BL.Tests/bin/Debug/net6.0/BL.Tests.dll" adapterTypeName="executor://xunit/VsTestRunner2/netcoreapp" className="BL.Tests.CheckPermissionsServiceTests" name="AuthorizedHasAccessToAuthorizedFunctions" />
    </UnitTest>
    <UnitTest name="BL.Tests.UsersServiceTests.TestAdminUpdateUser" storage="/mnt/c/users/alena/desktop/7_sem/testing_and_debugging/skiresort/bl.tests/bin/debug/net6.0/bl.tests.dll" id="06d0bc3a-24a0-fb7f-4277-e9ae6d21c7dd">
      <Execution id="aa0838ab-1ac2-4f4d-a9ba-498a5599c132" />
      <TestMethod codeBase="/mnt/c/Users/alena/Desktop/7_sem/testing_and_debugging/SkiResort/BL.Tests/bin/Debug/net6.0/BL.Tests.dll" adapterTypeName="executor://xunit/VsTestRunner2/netcoreapp" className="BL.Tests.UsersServiceTests" name="TestAdminUpdateUser" />
    </UnitTest>
    <UnitTest name="BL.Tests.UsersServiceTests.TestLogInOk" storage="/mnt/c/users/alena/desktop/7_sem/testing_and_debugging/skiresort/bl.tests/bin/debug/net6.0/bl.tests.dll" id="1ca07ad8-f799-c5d4-e7cc-34fd950198a2">
      <Execution id="6f137100-48ef-4c9d-9277-b1989f3fe77e" />
      <TestMethod codeBase="/mnt/c/Users/alena/Desktop/7_sem/testing_and_debugging/SkiResort/BL.Tests/bin/Debug/net6.0/BL.Tests.dll" adapterTypeName="executor://xunit/VsTestRunner2/netcoreapp" className="BL.Tests.UsersServiceTests" name="TestLogInOk" />
    </UnitTest>
    <UnitTest name="BL.Tests.LiftsServiceTest.TestGetLiftsInfoAsync(userID: 51, initialLifts: [Lift { LiftID = 236, LiftName = liftName3dd66309-5583-4fa0-bacc-15531a9b1520, IsOpen = True, SeatsAmount = 245, LiftingTime = 149, QueueTime = 96, ConnectedSlopes =  }, Lift { LiftID = 60, LiftName = liftName0656aa1c-28a4-4a53-a7b1-94afd245b039, IsOpen = False, SeatsAmount = 246, LiftingTime = 52, QueueTime = 65, ConnectedSlopes =  }, Lift { LiftID = 179, LiftName = ..." storage="/mnt/c/users/alena/desktop/7_sem/testing_and_debugging/skiresort/bl.tests/bin/debug/net6.0/bl.tests.dll" id="1336c30e-fed2-7f8c-bdcc-0f36925131d5">
      <Execution id="d18b116e-c63f-41bf-9cb4-8264d720beda" />
      <TestMethod codeBase="/mnt/c/Users/alena/Desktop/7_sem/testing_and_debugging/SkiResort/BL.Tests/bin/Debug/net6.0/BL.Tests.dll" adapterTypeName="executor://xunit/VsTestRunner2/netcoreapp" className="BL.Tests.LiftsServiceTest" name="TestGetLiftsInfoAsync" />
    </UnitTest>
    <UnitTest name="BL.Tests.UsersServiceTests.TestAdminGetUsers" storage="/mnt/c/users/alena/desktop/7_sem/testing_and_debugging/skiresort/bl.tests/bin/debug/net6.0/bl.tests.dll" id="20ad8570-0170-85de-dcd7-2f109dd7bcd6">
      <Execution id="9f7bcaa9-11d6-43a0-9dfe-70bf411dba4c" />
      <TestMethod codeBase="/mnt/c/Users/alena/Desktop/7_sem/testing_and_debugging/SkiResort/BL.Tests/bin/Debug/net6.0/BL.Tests.dll" adapterTypeName="executor://xunit/VsTestRunner2/netcoreapp" className="BL.Tests.UsersServiceTests" name="TestAdminGetUsers" />
    </UnitTest>
    <UnitTest name="BL.Tests.CheckPermissionsServiceTests.UnauthorizedHasNoAccessToAdminSkiPatrolFunctions(functionName: &quot;GetMessagesAsync&quot;)" storage="/mnt/c/users/alena/desktop/7_sem/testing_and_debugging/skiresort/bl.tests/bin/debug/net6.0/bl.tests.dll" id="229812f5-9a73-5335-11f5-31330d1348a5">
      <Execution id="881db9f7-5a23-4e43-bb89-ba6f1e26b78d" />
      <TestMethod codeBase="/mnt/c/Users/alena/Desktop/7_sem/testing_and_debugging/SkiResort/BL.Tests/bin/Debug/net6.0/BL.Tests.dll" adapterTypeName="executor://xunit/VsTestRunner2/netcoreapp" className="BL.Tests.CheckPermissionsServiceTests" name="UnauthorizedHasNoAccessToAdminSkiPatrolFunctions" />
    </UnitTest>
    <UnitTest name="BL.Tests.SlopesServiceTest.TestAdminAddSlopeAsync(userID: 34, slope: Slope { SlopeID = 229, SlopeName = slopeName69ecce69-7a2c-4318-9616-3053b3d14fc4, IsOpen = True, DifficultyLevel = 125, ConnectedLifts =  }, checkPermissionServiceMock: Mock&lt;ICheckPermissionService:11&gt;, slopesRepositoryStub: Mock&lt;ISlopesRepository:9&gt;, sut: SlopesService { })" storage="/mnt/c/users/alena/desktop/7_sem/testing_and_debugging/skiresort/bl.tests/bin/debug/net6.0/bl.tests.dll" id="0c2a7768-26f5-c5b7-480c-b4b0fbe2624a">
      <Execution id="882d0f2f-eb36-439c-b42a-deb9171a1354" />
      <TestMethod codeBase="/mnt/c/Users/alena/Desktop/7_sem/testing_and_debugging/SkiResort/BL.Tests/bin/Debug/net6.0/BL.Tests.dll" adapterTypeName="executor://xunit/VsTestRunner2/netcoreapp" className="BL.Tests.SlopesServiceTest" name="TestAdminAddSlopeAsync" />
    </UnitTest>
    <UnitTest name="BL.Tests.SlopesServiceTest.TestGetSlopeInfoAsync(userID: 206, slope: Slope { SlopeID = 167, SlopeName = slopeName56d3afb0-1ea0-47a2-8aba-18446e3f8195, IsOpen = True, DifficultyLevel = 179, ConnectedLifts =  }, checkPermissionServiceMock: Mock&lt;ICheckPermissionService:6&gt;, slopesRepositoryStub: Mock&lt;ISlopesRepository:4&gt;, liftsSlopesRepositoryStub: Mock&lt;ILiftsSlopesRepository:9&gt;, sut: SlopesService { })" storage="/mnt/c/users/alena/desktop/7_sem/testing_and_debugging/skiresort/bl.tests/bin/debug/net6.0/bl.tests.dll" id="ca0368be-c1d1-fe17-e9cf-6c1038a50675">
      <Execution id="09ce4732-bfd3-4a5c-8b91-717f73c927ae" />
      <TestMethod codeBase="/mnt/c/Users/alena/Desktop/7_sem/testing_and_debugging/SkiResort/BL.Tests/bin/Debug/net6.0/BL.Tests.dll" adapterTypeName="executor://xunit/VsTestRunner2/netcoreapp" className="BL.Tests.SlopesServiceTest" name="TestGetSlopeInfoAsync" />
    </UnitTest>
    <UnitTest name="BL.Tests.CheckPermissionsServiceTests.AuthorizedHasNoAccessToAdminSkiPatrolFunctions(functionName: &quot;GetLiftsSlopesInfoAsync&quot;)" storage="/mnt/c/users/alena/desktop/7_sem/testing_and_debugging/skiresort/bl.tests/bin/debug/net6.0/bl.tests.dll" id="4f297306-d4f3-8d63-e7f4-1ac0b8c58c74">
      <Execution id="24bd18e1-e302-449e-95a6-b86405389ee1" />
      <TestMethod codeBase="/mnt/c/Users/alena/Desktop/7_sem/testing_and_debugging/SkiResort/BL.Tests/bin/Debug/net6.0/BL.Tests.dll" adapterTypeName="executor://xunit/VsTestRunner2/netcoreapp" className="BL.Tests.CheckPermissionsServiceTests" name="AuthorizedHasNoAccessToAdminSkiPatrolFunctions" />
    </UnitTest>
    <UnitTest name="BL.Tests.LiftsSlopesServiceTests.TestGetLiftsSlopesInfoAsync(liftsSlopes: [LiftSlope { RecordID = 102, LiftID = 86, SlopeID = 70 }, LiftSlope { RecordID = 119, LiftID = 236, SlopeID = 240 }, LiftSlope { RecordID = 75, LiftID = 250, SlopeID = 6 }], slopesRepositoryStub: Mock&lt;ISlopesRepository:1&gt;, liftsRepositoryStub: Mock&lt;ILiftsRepository:6&gt;, liftsSlopesRepositoryStub: Mock&lt;ILiftsSlopesRepository:6&gt;)" storage="/mnt/c/users/alena/desktop/7_sem/testing_and_debugging/skiresort/bl.tests/bin/debug/net6.0/bl.tests.dll" id="e429852d-a6ed-7c2a-25fd-cd839b159d56">
      <Execution id="bd079473-5ab5-484f-be0a-d1a65c4a1de4" />
      <TestMethod codeBase="/mnt/c/Users/alena/Desktop/7_sem/testing_and_debugging/SkiResort/BL.Tests/bin/Debug/net6.0/BL.Tests.dll" adapterTypeName="executor://xunit/VsTestRunner2/netcoreapp" className="BL.Tests.LiftsSlopesServiceTests" name="TestGetLiftsSlopesInfoAsync" />
    </UnitTest>
    <UnitTest name="BL.Tests.UsersServiceTests.TestRegisterOk" storage="/mnt/c/users/alena/desktop/7_sem/testing_and_debugging/skiresort/bl.tests/bin/debug/net6.0/bl.tests.dll" id="0eeef75f-6e38-7893-a8fe-cff3e0a970a7">
      <Execution id="4f1f3a8b-c8ee-47d1-9441-02081ff79b3a" />
      <TestMethod codeBase="/mnt/c/Users/alena/Desktop/7_sem/testing_and_debugging/SkiResort/BL.Tests/bin/Debug/net6.0/BL.Tests.dll" adapterTypeName="executor://xunit/VsTestRunner2/netcoreapp" className="BL.Tests.UsersServiceTests" name="TestRegisterOk" />
    </UnitTest>
    <UnitTest name="BL.Tests.LiftsServiceTest.TestAdminAddAutoIncrementLiftAsync(userID: 65, lift: Lift { LiftID = 34, LiftName = liftName550a9ea1-c7e8-44b6-b90d-db25335c419f, IsOpen = True, SeatsAmount = 135, LiftingTime = 54, QueueTime = 3, ConnectedSlopes =  }, checkPermissionServiceMock: Mock&lt;ICheckPermissionService:5&gt;, liftsRepositoryStub: Mock&lt;ILiftsRepository:5&gt;, sut: LiftsService { })" storage="/mnt/c/users/alena/desktop/7_sem/testing_and_debugging/skiresort/bl.tests/bin/debug/net6.0/bl.tests.dll" id="485a3c1b-512a-8c89-8164-e8d46d8b439a">
      <Execution id="ba56c7dc-c64e-4bd1-8a9f-0f979066d459" />
      <TestMethod codeBase="/mnt/c/Users/alena/Desktop/7_sem/testing_and_debugging/SkiResort/BL.Tests/bin/Debug/net6.0/BL.Tests.dll" adapterTypeName="executor://xunit/VsTestRunner2/netcoreapp" className="BL.Tests.LiftsServiceTest" name="TestAdminAddAutoIncrementLiftAsync" />
    </UnitTest>
    <UnitTest name="BL.Tests.CheckPermissionsServiceTests.AuthorizedHasAccessToAuthorizedFunctions(functionName: &quot;SendMessageAsync&quot;)" storage="/mnt/c/users/alena/desktop/7_sem/testing_and_debugging/skiresort/bl.tests/bin/debug/net6.0/bl.tests.dll" id="644ec43e-70cd-c82d-42e7-0d990be1414d">
      <Execution id="d66c6ce5-b791-4d9c-893b-0c67cddb0efb" />
      <TestMethod codeBase="/mnt/c/Users/alena/Desktop/7_sem/testing_and_debugging/SkiResort/BL.Tests/bin/Debug/net6.0/BL.Tests.dll" adapterTypeName="executor://xunit/VsTestRunner2/netcoreapp" className="BL.Tests.CheckPermissionsServiceTests" name="AuthorizedHasAccessToAuthorizedFunctions" />
    </UnitTest>
    <UnitTest name="BL.Tests.TurnstilesServiceTest.TestAdminUpdateTurnstileAsync(userID: 252, turnstile: Turnstile { TurnstileID = 12, LiftID = 105, IsOpen = True }, checkPermissionServiceMock: Mock&lt;ICheckPermissionService:14&gt;, turnstilesRepositoryStub: Mock&lt;ITurnstilesRepository:8&gt;, sut: TurnstilesService { })" storage="/mnt/c/users/alena/desktop/7_sem/testing_and_debugging/skiresort/bl.tests/bin/debug/net6.0/bl.tests.dll" id="b0d1b12e-c981-1919-d45f-8243346e76cf">
      <Execution id="ba91b483-0ea0-4b7c-a96e-6f4fa15b5fdf" />
      <TestMethod codeBase="/mnt/c/Users/alena/Desktop/7_sem/testing_and_debugging/SkiResort/BL.Tests/bin/Debug/net6.0/BL.Tests.dll" adapterTypeName="executor://xunit/VsTestRunner2/netcoreapp" className="BL.Tests.TurnstilesServiceTest" name="TestAdminUpdateTurnstileAsync" />
    </UnitTest>
    <UnitTest name="BL.Tests.CheckPermissionsServiceTests.UnauthorizedHasNoAccessToAuthorizedFunctions(functionName: &quot;LogOutAsync&quot;)" storage="/mnt/c/users/alena/desktop/7_sem/testing_and_debugging/skiresort/bl.tests/bin/debug/net6.0/bl.tests.dll" id="fa960c5e-f989-2880-784e-8efe538c5231">
      <Execution id="e2cacc7d-fc0f-49bf-a914-98b19299159a" />
      <TestMethod codeBase="/mnt/c/Users/alena/Desktop/7_sem/testing_and_debugging/SkiResort/BL.Tests/bin/Debug/net6.0/BL.Tests.dll" adapterTypeName="executor://xunit/VsTestRunner2/netcoreapp" className="BL.Tests.CheckPermissionsServiceTests" name="UnauthorizedHasNoAccessToAuthorizedFunctions" />
    </UnitTest>
    <UnitTest name="BL.Tests.CheckPermissionsServiceTests.UnauthorizedHasNoAccessToAuthorizedFunctions(functionName: &quot;SendMessageAsync&quot;)" storage="/mnt/c/users/alena/desktop/7_sem/testing_and_debugging/skiresort/bl.tests/bin/debug/net6.0/bl.tests.dll" id="eaabd2fc-2f4b-5689-59c8-c7ad34a8f634">
      <Execution id="7033c51f-f975-4d0f-843e-0c620e0b5b0a" />
      <TestMethod codeBase="/mnt/c/Users/alena/Desktop/7_sem/testing_and_debugging/SkiResort/BL.Tests/bin/Debug/net6.0/BL.Tests.dll" adapterTypeName="executor://xunit/VsTestRunner2/netcoreapp" className="BL.Tests.CheckPermissionsServiceTests" name="UnauthorizedHasNoAccessToAuthorizedFunctions" />
    </UnitTest>
    <UnitTest name="BL.Tests.UsersServiceTests.TestRegisterUserWithRepeatedEmail" storage="/mnt/c/users/alena/desktop/7_sem/testing_and_debugging/skiresort/bl.tests/bin/debug/net6.0/bl.tests.dll" id="894941c1-bfa7-d8f9-c047-1e1ceefe2c2f">
      <Execution id="e9cb9455-99b5-40d7-bcc1-6332189db9cb" />
      <TestMethod codeBase="/mnt/c/Users/alena/Desktop/7_sem/testing_and_debugging/SkiResort/BL.Tests/bin/Debug/net6.0/BL.Tests.dll" adapterTypeName="executor://xunit/VsTestRunner2/netcoreapp" className="BL.Tests.UsersServiceTests" name="TestRegisterUserWithRepeatedEmail" />
    </UnitTest>
    <UnitTest name="BL.Tests.LiftsServiceTest.TestUpdateLiftInfoAsync(userID: 62, lift: Lift { LiftID = 77, LiftName = liftName8b74e052-a977-4a99-a096-645030c5398d, IsOpen = True, SeatsAmount = 147, LiftingTime = 229, QueueTime = 127, ConnectedSlopes =  }, checkPermissionServiceMock: Mock&lt;ICheckPermissionService:3&gt;, liftsRepositoryStub: Mock&lt;ILiftsRepository:3&gt;, sut: LiftsService { })" storage="/mnt/c/users/alena/desktop/7_sem/testing_and_debugging/skiresort/bl.tests/bin/debug/net6.0/bl.tests.dll" id="5841ca81-fc64-bcdc-e6fe-e2731c7afabc">
      <Execution id="06aa6749-aff0-41a2-9f6b-e8f08582de87" />
      <TestMethod codeBase="/mnt/c/Users/alena/Desktop/7_sem/testing_and_debugging/SkiResort/BL.Tests/bin/Debug/net6.0/BL.Tests.dll" adapterTypeName="executor://xunit/VsTestRunner2/netcoreapp" className="BL.Tests.LiftsServiceTest" name="TestUpdateLiftInfoAsync" />
    </UnitTest>
    <UnitTest name="BL.Tests.TurnstilesServiceTest.TestAdminAddAutoIncrementTurnstileAsync(userID: 32, turnstile: Turnstile { TurnstileID = 213, LiftID = 124, IsOpen = True }, checkPermissionServiceMock: Mock&lt;ICheckPermissionService:16&gt;, turnstilesRepositoryStub: Mock&lt;ITurnstilesRepository:10&gt;, sut: TurnstilesService { })" storage="/mnt/c/users/alena/desktop/7_sem/testing_and_debugging/skiresort/bl.tests/bin/debug/net6.0/bl.tests.dll" id="283e43c1-b9ce-a188-15c8-bda4633bec72">
      <Execution id="f59326a6-5d45-4caa-9232-d3064dcf583c" />
      <TestMethod codeBase="/mnt/c/Users/alena/Desktop/7_sem/testing_and_debugging/SkiResort/BL.Tests/bin/Debug/net6.0/BL.Tests.dll" adapterTypeName="executor://xunit/VsTestRunner2/netcoreapp" className="BL.Tests.TurnstilesServiceTest" name="TestAdminAddAutoIncrementTurnstileAsync" />
    </UnitTest>
    <UnitTest name="BL.Tests.SlopesServiceTest.TestAdminAddAutoIncrementSlopeAsync(userID: 121, slope: Slope { SlopeID = 227, SlopeName = slopeName0c22010e-45b6-4139-99e1-b1b8cc343118, IsOpen = True, DifficultyLevel = 79, ConnectedLifts =  }, checkPermissionServiceMock: Mock&lt;ICheckPermissionService:10&gt;, slopesRepositoryStub: Mock&lt;ISlopesRepository:8&gt;, sut: SlopesService { })" storage="/mnt/c/users/alena/desktop/7_sem/testing_and_debugging/skiresort/bl.tests/bin/debug/net6.0/bl.tests.dll" id="6bf49714-7e32-83c4-52e5-dec506bd5963">
      <Execution id="51d93aca-48cf-42b6-b294-37115d31463b" />
      <TestMethod codeBase="/mnt/c/Users/alena/Desktop/7_sem/testing_and_debugging/SkiResort/BL.Tests/bin/Debug/net6.0/BL.Tests.dll" adapterTypeName="executor://xunit/VsTestRunner2/netcoreapp" className="BL.Tests.SlopesServiceTest" name="TestAdminAddAutoIncrementSlopeAsync" />
    </UnitTest>
    <UnitTest name="BL.Tests.UsersServiceTests.TestRegisterUserWithNoEmail" storage="/mnt/c/users/alena/desktop/7_sem/testing_and_debugging/skiresort/bl.tests/bin/debug/net6.0/bl.tests.dll" id="8184bd30-991c-b78d-b4ec-99a485eac0dd">
      <Execution id="fe162028-f7cb-4b4f-be6d-8e99dec1fe22" />
      <TestMethod codeBase="/mnt/c/Users/alena/Desktop/7_sem/testing_and_debugging/SkiResort/BL.Tests/bin/Debug/net6.0/BL.Tests.dll" adapterTypeName="executor://xunit/VsTestRunner2/netcoreapp" className="BL.Tests.UsersServiceTests" name="TestRegisterUserWithNoEmail" />
    </UnitTest>
  </TestDefinitions>
  <TestEntries>
    <TestEntry testId="5841ca81-fc64-bcdc-e6fe-e2731c7afabc" executionId="06aa6749-aff0-41a2-9f6b-e8f08582de87" testListId="8c84fa94-04c1-424b-9868-57a2d4851a1d" />
    <TestEntry testId="6ae53c08-b88d-90c2-9f81-f5c549c53061" executionId="46d0231c-cd77-44cc-b418-e4cba58f04ab" testListId="8c84fa94-04c1-424b-9868-57a2d4851a1d" />
    <TestEntry testId="c61737b2-e3b0-5650-2170-859ccb6af576" executionId="8637fe1f-c651-41b2-ae65-aee05693be4a" testListId="8c84fa94-04c1-424b-9868-57a2d4851a1d" />
    <TestEntry testId="20ad8570-0170-85de-dcd7-2f109dd7bcd6" executionId="9f7bcaa9-11d6-43a0-9dfe-70bf411dba4c" testListId="8c84fa94-04c1-424b-9868-57a2d4851a1d" />
    <TestEntry testId="e5497347-2721-b7a6-0bd4-69a9921f6947" executionId="54a9287e-093f-4fcd-8a07-1ab370a32df8" testListId="8c84fa94-04c1-424b-9868-57a2d4851a1d" />
    <TestEntry testId="0eeef75f-6e38-7893-a8fe-cff3e0a970a7" executionId="4f1f3a8b-c8ee-47d1-9441-02081ff79b3a" testListId="8c84fa94-04c1-424b-9868-57a2d4851a1d" />
    <TestEntry testId="60bd668f-04df-da5e-b79b-5d9aedb5234d" executionId="f4bae658-9e1c-4ab8-8d49-956af764ffce" testListId="8c84fa94-04c1-424b-9868-57a2d4851a1d" />
    <TestEntry testId="9162c591-36c2-b0af-171b-8bc8b08b4f1f" executionId="1878b38f-13d2-4b27-94fb-64a8828d4d53" testListId="8c84fa94-04c1-424b-9868-57a2d4851a1d" />
    <TestEntry testId="b0d1b12e-c981-1919-d45f-8243346e76cf" executionId="ba91b483-0ea0-4b7c-a96e-6f4fa15b5fdf" testListId="8c84fa94-04c1-424b-9868-57a2d4851a1d" />
    <TestEntry testId="a2e59116-cb53-1d70-9cb8-21c286516866" executionId="98500add-a8c3-4fa3-b685-8133e1617af2" testListId="8c84fa94-04c1-424b-9868-57a2d4851a1d" />
    <TestEntry testId="229812f5-9a73-5335-11f5-31330d1348a5" executionId="881db9f7-5a23-4e43-bb89-ba6f1e26b78d" testListId="8c84fa94-04c1-424b-9868-57a2d4851a1d" />
    <TestEntry testId="e429852d-a6ed-7c2a-25fd-cd839b159d56" executionId="bd079473-5ab5-484f-be0a-d1a65c4a1de4" testListId="8c84fa94-04c1-424b-9868-57a2d4851a1d" />
    <TestEntry testId="fd745643-4d25-c2fd-7e80-f6f39b85c9b8" executionId="27c30a56-92ef-4b8f-94f4-7b7f7d6361f8" testListId="8c84fa94-04c1-424b-9868-57a2d4851a1d" />
    <TestEntry testId="fa960c5e-f989-2880-784e-8efe538c5231" executionId="e2cacc7d-fc0f-49bf-a914-98b19299159a" testListId="8c84fa94-04c1-424b-9868-57a2d4851a1d" />
    <TestEntry testId="8184bd30-991c-b78d-b4ec-99a485eac0dd" executionId="fe162028-f7cb-4b4f-be6d-8e99dec1fe22" testListId="8c84fa94-04c1-424b-9868-57a2d4851a1d" />
    <TestEntry testId="f44a1b21-8efc-bfac-63b4-d534442def31" executionId="cac81bfb-4dcd-40b6-845f-b31cca44c6ea" testListId="8c84fa94-04c1-424b-9868-57a2d4851a1d" />
    <TestEntry testId="492c0393-35b4-df26-a537-21ca08302f3c" executionId="2d210df5-41ad-41d2-a094-be6fc0a533fa" testListId="8c84fa94-04c1-424b-9868-57a2d4851a1d" />
    <TestEntry testId="c26b85ae-28d5-0e67-bfa8-bc6625a62a25" executionId="549324d5-1404-495f-8f56-b9d9ebcd131b" testListId="8c84fa94-04c1-424b-9868-57a2d4851a1d" />
    <TestEntry testId="e2d7e5be-3dae-33ae-fb17-c704b6fd58d6" executionId="73c33712-5df8-423b-83ed-778120cae73e" testListId="8c84fa94-04c1-424b-9868-57a2d4851a1d" />
    <TestEntry testId="f3efc418-a8a6-c7b7-9bac-90b33aa8472f" executionId="7d606acf-ba90-4d19-85ed-61d9ab47687f" testListId="8c84fa94-04c1-424b-9868-57a2d4851a1d" />
    <TestEntry testId="4f297306-d4f3-8d63-e7f4-1ac0b8c58c74" executionId="24bd18e1-e302-449e-95a6-b86405389ee1" testListId="8c84fa94-04c1-424b-9868-57a2d4851a1d" />
    <TestEntry testId="387c9729-48c1-486e-5e67-f5d11a9f0db8" executionId="5c3f42a3-bd8c-44fe-aaa2-6bfb83378a12" testListId="8c84fa94-04c1-424b-9868-57a2d4851a1d" />
    <TestEntry testId="18fa8c62-e27d-e1fc-8182-4d7db62b008d" executionId="de6b468a-c5b8-4963-9ea7-eceec6735319" testListId="8c84fa94-04c1-424b-9868-57a2d4851a1d" />
    <TestEntry testId="06d0bc3a-24a0-fb7f-4277-e9ae6d21c7dd" executionId="aa0838ab-1ac2-4f4d-a9ba-498a5599c132" testListId="8c84fa94-04c1-424b-9868-57a2d4851a1d" />
    <TestEntry testId="0c2a7768-26f5-c5b7-480c-b4b0fbe2624a" executionId="882d0f2f-eb36-439c-b42a-deb9171a1354" testListId="8c84fa94-04c1-424b-9868-57a2d4851a1d" />
    <TestEntry testId="aa28a6b3-21d3-aa45-24d3-bef2facbc899" executionId="8136337d-35a0-4a36-a577-b17750dfafa0" testListId="8c84fa94-04c1-424b-9868-57a2d4851a1d" />
    <TestEntry testId="6bf49714-7e32-83c4-52e5-dec506bd5963" executionId="51d93aca-48cf-42b6-b294-37115d31463b" testListId="8c84fa94-04c1-424b-9868-57a2d4851a1d" />
    <TestEntry testId="eaabd2fc-2f4b-5689-59c8-c7ad34a8f634" executionId="7033c51f-f975-4d0f-843e-0c620e0b5b0a" testListId="8c84fa94-04c1-424b-9868-57a2d4851a1d" />
    <TestEntry testId="894941c1-bfa7-d8f9-c047-1e1ceefe2c2f" executionId="e9cb9455-99b5-40d7-bcc1-6332189db9cb" testListId="8c84fa94-04c1-424b-9868-57a2d4851a1d" />
    <TestEntry testId="283e43c1-b9ce-a188-15c8-bda4633bec72" executionId="f59326a6-5d45-4caa-9232-d3064dcf583c" testListId="8c84fa94-04c1-424b-9868-57a2d4851a1d" />
    <TestEntry testId="ca0368be-c1d1-fe17-e9cf-6c1038a50675" executionId="09ce4732-bfd3-4a5c-8b91-717f73c927ae" testListId="8c84fa94-04c1-424b-9868-57a2d4851a1d" />
    <TestEntry testId="cdb14939-1a83-1009-f0aa-39a4be057c7c" executionId="53895263-f8f0-42b3-98be-fbc5f2ca189a" testListId="8c84fa94-04c1-424b-9868-57a2d4851a1d" />
    <TestEntry testId="9c7df5e2-1b23-ebea-889f-b78ca86b60ab" executionId="5ad884e8-f384-42cd-8bb1-fd2fdb226df3" testListId="8c84fa94-04c1-424b-9868-57a2d4851a1d" />
    <TestEntry testId="1ca07ad8-f799-c5d4-e7cc-34fd950198a2" executionId="6f137100-48ef-4c9d-9277-b1989f3fe77e" testListId="8c84fa94-04c1-424b-9868-57a2d4851a1d" />
    <TestEntry testId="69340bb6-3645-f9dd-971e-29d8b2a009bb" executionId="0fce952a-2536-4e75-b506-53f2b4357a83" testListId="8c84fa94-04c1-424b-9868-57a2d4851a1d" />
    <TestEntry testId="1336c30e-fed2-7f8c-bdcc-0f36925131d5" executionId="d18b116e-c63f-41bf-9cb4-8264d720beda" testListId="8c84fa94-04c1-424b-9868-57a2d4851a1d" />
    <TestEntry testId="c36970dc-93f7-753e-fa47-157133b01644" executionId="10286711-e7c1-416d-af7f-acf52fb48b94" testListId="8c84fa94-04c1-424b-9868-57a2d4851a1d" />
    <TestEntry testId="a19a5fcf-c5d2-7d44-5d7d-84403042f4e0" executionId="e84db258-7213-46b4-b12e-f758960042f9" testListId="8c84fa94-04c1-424b-9868-57a2d4851a1d" />
    <TestEntry testId="168ec427-524f-e4f4-c30c-987adae4e0c0" executionId="f55fb317-3796-47bf-a072-382dd2c3870d" testListId="8c84fa94-04c1-424b-9868-57a2d4851a1d" />
    <TestEntry testId="485a3c1b-512a-8c89-8164-e8d46d8b439a" executionId="ba56c7dc-c64e-4bd1-8a9f-0f979066d459" testListId="8c84fa94-04c1-424b-9868-57a2d4851a1d" />
    <TestEntry testId="8b1d2e8e-0414-394d-ddad-6286af585eff" executionId="7734ddbe-286d-4809-bb9f-79cdcdeecb3e" testListId="8c84fa94-04c1-424b-9868-57a2d4851a1d" />
    <TestEntry testId="2d706594-f2b3-b3c8-21d4-86c9798c3306" executionId="658e54e7-0f07-4389-81cc-db19856833d1" testListId="8c84fa94-04c1-424b-9868-57a2d4851a1d" />
    <TestEntry testId="2c28120c-13ab-3cbd-bc60-be134e9c7543" executionId="3bf2eed6-6f76-49ef-9f95-1b5616dcbb7e" testListId="8c84fa94-04c1-424b-9868-57a2d4851a1d" />
    <TestEntry testId="2602613f-c8e2-a6d9-fcf7-5b27d4a770a6" executionId="1970ed0d-8dc0-4b1b-bffb-117b0473cc5c" testListId="8c84fa94-04c1-424b-9868-57a2d4851a1d" />
    <TestEntry testId="834c739b-eca4-b36d-6a66-5a1bd75377b8" executionId="ca45a5c7-6ece-4b3d-9f57-806bf89c44f8" testListId="8c84fa94-04c1-424b-9868-57a2d4851a1d" />
    <TestEntry testId="79f3ed33-41ef-77e3-c53d-8dfafc4c7eed" executionId="2c8fefdc-f3c8-473c-9c5e-5acefc01086d" testListId="8c84fa94-04c1-424b-9868-57a2d4851a1d" />
    <TestEntry testId="644ec43e-70cd-c82d-42e7-0d990be1414d" executionId="d66c6ce5-b791-4d9c-893b-0c67cddb0efb" testListId="8c84fa94-04c1-424b-9868-57a2d4851a1d" />
  </TestEntries>
  <TestLists>
    <TestList name="Results Not in a List" id="8c84fa94-04c1-424b-9868-57a2d4851a1d" />
    <TestList name="All Loaded Results" id="19431567-8539-422a-85d7-44ee4e166bda" />
  </TestLists>
  <ResultSummary outcome="Completed">
    <Counters total="47" executed="47" passed="47" failed="0" error="0" timeout="0" aborted="0" inconclusive="0" passedButRunAborted="0" notRunnable="0" notExecuted="0" disconnected="0" warning="0" completed="0" inProgress="0" pending="0" />
    <Output>
      <StdOut>[xUnit.net 00:00:00.00] xUnit.net VSTest Adapter v2.4.5+1caef2f33e (64-bit .NET 6.0.10)
[xUnit.net 00:00:01.05]   Discovering: BL.Tests
[xUnit.net 00:00:01.28]   Discovered:  BL.Tests
[xUnit.net 00:00:01.29]   Starting:    BL.Tests
[xUnit.net 00:00:01.69]   Finished:    BL.Tests
</StdOut>
    </Output>
  </ResultSummary>
</TestRun>