<?xml version="1.0" encoding="utf-8"?>
<TestRun id="5dbbb8a9-1b0f-4eec-b259-33ce97b234de" name="@DESKTOP-TJ9D65N 2022-11-03 11:18:38" xmlns="http://microsoft.com/schemas/VisualStudio/TeamTest/2010">
  <Times creation="2022-11-03T11:18:38.4543137+03:00" queuing="2022-11-03T11:18:38.4543138+03:00" start="2022-11-03T11:18:36.0495266+03:00" finish="2022-11-03T11:18:38.6904055+03:00" />
  <TestSettings name="default" id="4836254d-1d6c-4a0f-b51e-c84ec886f671">
    <Deployment runDeploymentRoot="_DESKTOP-TJ9D65N_2022-11-03_11_18_38" />
  </TestSettings>
  <Results>
    <UnitTestResult executionId="12d8ed13-d4d1-45fa-a1a2-22d371426184" testId="4f297306-d4f3-8d63-e7f4-1ac0b8c58c74" testName="BL.Tests.CheckPermissionsServiceTests.AuthorizedHasNoAccessToAdminSkiPatrolFunctions(functionName: &quot;GetLiftsSlopesInfoAsync&quot;)" computerName="DESKTOP-TJ9D65N" duration="00:00:00.0011829" startTime="2022-11-03T11:18:38.5667256+03:00" endTime="2022-11-03T11:18:38.5667257+03:00" testType="13cdc9d9-ddb5-4fa4-a97d-d965ccfc6d4b" outcome="Passed" testListId="8c84fa94-04c1-424b-9868-57a2d4851a1d" relativeResultsDirectory="12d8ed13-d4d1-45fa-a1a2-22d371426184" />
    <UnitTestResult executionId="d3dc6139-2217-4c3c-b438-3f48b5bf3f17" testId="0eeef75f-6e38-7893-a8fe-cff3e0a970a7" testName="BL.Tests.UsersServiceTests.TestRegisterOk" computerName="DESKTOP-TJ9D65N" duration="00:00:00.0144058" startTime="2022-11-03T11:18:38.4844992+03:00" endTime="2022-11-03T11:18:38.4844993+03:00" testType="13cdc9d9-ddb5-4fa4-a97d-d965ccfc6d4b" outcome="Passed" testListId="8c84fa94-04c1-424b-9868-57a2d4851a1d" relativeResultsDirectory="d3dc6139-2217-4c3c-b438-3f48b5bf3f17" />
    <UnitTestResult executionId="0ae166bc-ef5e-415f-8eca-d52df2e377a8" testId="c36970dc-93f7-753e-fa47-157133b01644" testName="BL.Tests.CheckPermissionsServiceTests.SkiPatrolHasAccessToAdminSkiPatrolFunctions(functionName: &quot;GetMessagesAsync&quot;)" computerName="DESKTOP-TJ9D65N" duration="00:00:00.0014047" startTime="2022-11-03T11:18:38.4973878+03:00" endTime="2022-11-03T11:18:38.4973880+03:00" testType="13cdc9d9-ddb5-4fa4-a97d-d965ccfc6d4b" outcome="Passed" testListId="8c84fa94-04c1-424b-9868-57a2d4851a1d" relativeResultsDirectory="0ae166bc-ef5e-415f-8eca-d52df2e377a8" />
    <UnitTestResult executionId="be5cff32-e874-40e0-bc12-0d5226fd40ea" testId="2d706594-f2b3-b3c8-21d4-86c9798c3306" testName="BL.Tests.CheckPermissionsServiceTests.SkiPatrolHasAccessToAdminSkiPatrolFunctions(functionName: &quot;GetLiftsSlopesInfoAsync&quot;)" computerName="DESKTOP-TJ9D65N" duration="00:00:00.0067524" startTime="2022-11-03T11:18:38.4642966+03:00" endTime="2022-11-03T11:18:38.4642967+03:00" testType="13cdc9d9-ddb5-4fa4-a97d-d965ccfc6d4b" outcome="Passed" testListId="8c84fa94-04c1-424b-9868-57a2d4851a1d" relativeResultsDirectory="be5cff32-e874-40e0-bc12-0d5226fd40ea" />
    <UnitTestResult executionId="f12eded6-ac80-4643-9d87-31b8a9ebd5f8" testId="e2d7e5be-3dae-33ae-fb17-c704b6fd58d6" testName="BL.Tests.CheckPermissionsServiceTests.UnauthorizedHasNoAccessToAdminFunctions" computerName="DESKTOP-TJ9D65N" duration="00:00:00.0024039" startTime="2022-11-03T11:18:38.5983598+03:00" endTime="2022-11-03T11:18:38.5983599+03:00" testType="13cdc9d9-ddb5-4fa4-a97d-d965ccfc6d4b" outcome="Passed" testListId="8c84fa94-04c1-424b-9868-57a2d4851a1d" relativeResultsDirectory="f12eded6-ac80-4643-9d87-31b8a9ebd5f8" />
    <UnitTestResult executionId="996040de-77ec-4635-b970-3be73ca1354e" testId="64371d3a-47fd-9d78-eb35-14ff70c6301a" testName="BL.Tests.LiftsServiceTest.TestAdminDeleteLiftAsync(userID: 42, lift: Lift { LiftID = 10, LiftName = liftName486219d5-6c77-45d5-b011-154781235a71, IsOpen = True, SeatsAmount = 26, LiftingTime = 86, QueueTime = 247, ConnectedSlopes =  }, checkPermissionServiceMock: Mock&lt;ICheckPermissionService:4&gt;, liftsRepositoryStub: Mock&lt;ILiftsRepository:4&gt;, liftsSlopesRepositoryStub: Mock&lt;ILiftsSlopesRepository:4&gt;, sut: LiftsService { })" computerName="DESKTOP-TJ9D65N" duration="00:00:00.0585951" startTime="2022-11-03T11:18:38.4063098+03:00" endTime="2022-11-03T11:18:38.4063098+03:00" testType="13cdc9d9-ddb5-4fa4-a97d-d965ccfc6d4b" outcome="Passed" testListId="8c84fa94-04c1-424b-9868-57a2d4851a1d" relativeResultsDirectory="996040de-77ec-4635-b970-3be73ca1354e" />
    <UnitTestResult executionId="0d0e0add-be1d-4f08-a029-11c1d797087c" testId="510337f7-27cd-96b4-7908-1f47ead5c5f7" testName="BL.Tests.TurnstilesServiceTest.TestAdminGetTurnstileAsync(userID: 253, turnstile: Turnstile { TurnstileID = 219, LiftID = 204, IsOpen = True }, checkPermissionServiceMock: Mock&lt;ICheckPermissionService:12&gt;, turnstilesRepositoryStub: Mock&lt;ITurnstilesRepository:6&gt;, sut: TurnstilesService { })" computerName="DESKTOP-TJ9D65N" duration="00:00:00.0080865" startTime="2022-11-03T11:18:38.4062753+03:00" endTime="2022-11-03T11:18:38.4062754+03:00" testType="13cdc9d9-ddb5-4fa4-a97d-d965ccfc6d4b" outcome="Passed" testListId="8c84fa94-04c1-424b-9868-57a2d4851a1d" relativeResultsDirectory="0d0e0add-be1d-4f08-a029-11c1d797087c" />
    <UnitTestResult executionId="a94c2ce4-503f-4d14-a1d1-b844a1d7d083" testId="bae64831-e4e5-aa12-9b13-72bffcf0f4ec" testName="BL.Tests.LiftsServiceTest.TestUpdateLiftInfoAsync(userID: 194, lift: Lift { LiftID = 52, LiftName = liftName72779a4c-6697-4c51-9ba5-d74a7582670a, IsOpen = True, SeatsAmount = 51, LiftingTime = 25, QueueTime = 168, ConnectedSlopes =  }, checkPermissionServiceMock: Mock&lt;ICheckPermissionService:3&gt;, liftsRepositoryStub: Mock&lt;ILiftsRepository:3&gt;, sut: LiftsService { })" computerName="DESKTOP-TJ9D65N" duration="00:00:00.0508490" startTime="2022-11-03T11:18:38.2880718+03:00" endTime="2022-11-03T11:18:38.2880719+03:00" testType="13cdc9d9-ddb5-4fa4-a97d-d965ccfc6d4b" outcome="Passed" testListId="8c84fa94-04c1-424b-9868-57a2d4851a1d" relativeResultsDirectory="a94c2ce4-503f-4d14-a1d1-b844a1d7d083" />
    <UnitTestResult executionId="2470acc8-a1f7-4ed4-8ccf-6f515c4d0f44" testId="e6b53fe8-48f0-32b1-1996-6bf574c29956" testName="BL.Tests.SlopesServiceTest.TestGetSlopesInfoAsync(userID: 41, initialSlopes: [Slope { SlopeID = 93, SlopeName = slopeName14218890-2c7e-4c8f-a25d-0a51baac2d09, IsOpen = True, DifficultyLevel = 137, ConnectedLifts =  }, Slope { SlopeID = 48, SlopeName = slopeName61d12188-f57f-4089-95db-e22013d60c6f, IsOpen = False, DifficultyLevel = 214, ConnectedLifts =  }, Slope { SlopeID = 54, SlopeName = slopeName88bd4b7c-fd17-4fd4-9d6e-58ffdee513f4, IsOpen = True, DifficultyLevel = 190, ConnectedLifts =  }], checkPermissionServiceMock: Mock&lt;ICheckPermissionService:7&gt;, slopesRepositoryStub: Mock&lt;ISlopesRepository:5&gt;, liftsSlopesRepositoryStub: Mock&lt;ILiftsSlopesRepository:10&gt;, sut: SlopesService { })" computerName="DESKTOP-TJ9D65N" duration="00:00:00.0649358" startTime="2022-11-03T11:18:38.4063255+03:00" endTime="2022-11-03T11:18:38.4063255+03:00" testType="13cdc9d9-ddb5-4fa4-a97d-d965ccfc6d4b" outcome="Passed" testListId="8c84fa94-04c1-424b-9868-57a2d4851a1d" relativeResultsDirectory="2470acc8-a1f7-4ed4-8ccf-6f515c4d0f44" />
    <UnitTestResult executionId="339edb3f-783a-4039-b57a-48a0b74107a0" testId="9c7df5e2-1b23-ebea-889f-b78ca86b60ab" testName="BL.Tests.CheckPermissionsServiceTests.AuthorizedHasNoAccessToAdminSkiPatrolFunctions(functionName: &quot;MarkMessageReadByUserAsync&quot;)" computerName="DESKTOP-TJ9D65N" duration="00:00:00.0023493" startTime="2022-11-03T11:18:38.5558837+03:00" endTime="2022-11-03T11:18:38.5558839+03:00" testType="13cdc9d9-ddb5-4fa4-a97d-d965ccfc6d4b" outcome="Passed" testListId="8c84fa94-04c1-424b-9868-57a2d4851a1d" relativeResultsDirectory="339edb3f-783a-4039-b57a-48a0b74107a0" />
    <UnitTestResult executionId="bed22535-aa40-4308-a2f8-d08051feb862" testId="644ec43e-70cd-c82d-42e7-0d990be1414d" testName="BL.Tests.CheckPermissionsServiceTests.AuthorizedHasAccessToAuthorizedFunctions(functionName: &quot;SendMessageAsync&quot;)" computerName="DESKTOP-TJ9D65N" duration="00:00:00.0027307" startTime="2022-11-03T11:18:38.5787163+03:00" endTime="2022-11-03T11:18:38.5787164+03:00" testType="13cdc9d9-ddb5-4fa4-a97d-d965ccfc6d4b" outcome="Passed" testListId="8c84fa94-04c1-424b-9868-57a2d4851a1d" relativeResultsDirectory="bed22535-aa40-4308-a2f8-d08051feb862" />
    <UnitTestResult executionId="be1f3168-1277-434f-986c-e4b6543dc815" testId="1ca07ad8-f799-c5d4-e7cc-34fd950198a2" testName="BL.Tests.UsersServiceTests.TestLogInOk" computerName="DESKTOP-TJ9D65N" duration="00:00:00.0045432" startTime="2022-11-03T11:18:38.5025807+03:00" endTime="2022-11-03T11:18:38.5025808+03:00" testType="13cdc9d9-ddb5-4fa4-a97d-d965ccfc6d4b" outcome="Passed" testListId="8c84fa94-04c1-424b-9868-57a2d4851a1d" relativeResultsDirectory="be1f3168-1277-434f-986c-e4b6543dc815" />
    <UnitTestResult executionId="416d0853-9989-469f-ac24-168cf172a78c" testId="94f9cc03-a239-ed71-73af-060abdca1c1e" testName="BL.Tests.SlopesServiceTest.TestAdminAddAutoIncrementSlopeAsync(userID: 100, slope: Slope { SlopeID = 102, SlopeName = slopeName205fd6c9-829c-4aa5-a376-c03c24c69615, IsOpen = True, DifficultyLevel = 122, ConnectedLifts =  }, checkPermissionServiceMock: Mock&lt;ICheckPermissionService:10&gt;, slopesRepositoryStub: Mock&lt;ISlopesRepository:8&gt;, sut: SlopesService { })" computerName="DESKTOP-TJ9D65N" duration="00:00:00.0518753" startTime="2022-11-03T11:18:38.2881185+03:00" endTime="2022-11-03T11:18:38.2881185+03:00" testType="13cdc9d9-ddb5-4fa4-a97d-d965ccfc6d4b" outcome="Passed" testListId="8c84fa94-04c1-424b-9868-57a2d4851a1d" relativeResultsDirectory="416d0853-9989-469f-ac24-168cf172a78c" />
    <UnitTestResult executionId="4b555148-37bb-4eae-972f-8698b388f4d0" testId="a0c52644-114a-7c9c-7913-a7f0f927ea37" testName="BL.Tests.LiftsSlopesServiceTests.TestAdminAddAutoIncrementLiftSlopeAsync(lift: Lift { LiftID = 226, LiftName = liftName97fd3ee1-609a-46b6-80b9-999d837e259c, IsOpen = True, SeatsAmount = 189, LiftingTime = 211, QueueTime = 137, ConnectedSlopes =  }, slope: Slope { SlopeID = 29, SlopeName = slopeName87a37f53-2dc3-4fd0-8fd7-fc9da076731f, IsOpen = False, DifficultyLevel = 192, ConnectedLifts =  }, slopesRepositoryStub: Mock&lt;ISlopesRepository:3&gt;, liftsRepositoryStub: Mock&lt;ILiftsRepository:8&gt;, liftsSlopesRepositoryStub: Mock&lt;ILiftsSlopesRepository:8&gt;)" computerName="DESKTOP-TJ9D65N" duration="00:00:00.0483468" startTime="2022-11-03T11:18:38.2880950+03:00" endTime="2022-11-03T11:18:38.2880951+03:00" testType="13cdc9d9-ddb5-4fa4-a97d-d965ccfc6d4b" outcome="Passed" testListId="8c84fa94-04c1-424b-9868-57a2d4851a1d" relativeResultsDirectory="4b555148-37bb-4eae-972f-8698b388f4d0" />
    <UnitTestResult executionId="f6cc7fb2-d1b3-4bd7-893e-8a736a6d014d" testId="f65875ca-5c4a-435b-2b7d-41ea51b43102" testName="BL.Tests.SlopesServiceTest.TestUpdateSlopeInfoAsync(userID: 129, slope: Slope { SlopeID = 112, SlopeName = slopeNameae6c8d11-c46a-41d3-80a7-d532bc2a8a71, IsOpen = True, DifficultyLevel = 213, ConnectedLifts =  }, checkPermissionServiceMock: Mock&lt;ICheckPermissionService:8&gt;, slopesRepositoryStub: Mock&lt;ISlopesRepository:6&gt;, sut: SlopesService { })" computerName="DESKTOP-TJ9D65N" duration="00:00:00.0084227" startTime="2022-11-03T11:18:38.4696653+03:00" endTime="2022-11-03T11:18:38.4696655+03:00" testType="13cdc9d9-ddb5-4fa4-a97d-d965ccfc6d4b" outcome="Passed" testListId="8c84fa94-04c1-424b-9868-57a2d4851a1d" relativeResultsDirectory="f6cc7fb2-d1b3-4bd7-893e-8a736a6d014d" />
    <UnitTestResult executionId="1ebe59ba-6d57-4690-ba1c-2d14262d8820" testId="387c9729-48c1-486e-5e67-f5d11a9f0db8" testName="BL.Tests.CheckPermissionsServiceTests.UnauthorizedHasNoAccessToAdminSkiPatrolFunctions(functionName: &quot;GetLiftsSlopesInfoAsync&quot;)" computerName="DESKTOP-TJ9D65N" duration="00:00:00.0018086" startTime="2022-11-03T11:18:38.4058264+03:00" endTime="2022-11-03T11:18:38.4058264+03:00" testType="13cdc9d9-ddb5-4fa4-a97d-d965ccfc6d4b" outcome="Passed" testListId="8c84fa94-04c1-424b-9868-57a2d4851a1d" relativeResultsDirectory="1ebe59ba-6d57-4690-ba1c-2d14262d8820" />
    <UnitTestResult executionId="29207034-6601-487d-8140-768064b3e89c" testId="8184bd30-991c-b78d-b4ec-99a485eac0dd" testName="BL.Tests.UsersServiceTests.TestRegisterUserWithNoEmail" computerName="DESKTOP-TJ9D65N" duration="00:00:00.0032369" startTime="2022-11-03T11:18:38.4060068+03:00" endTime="2022-11-03T11:18:38.4060069+03:00" testType="13cdc9d9-ddb5-4fa4-a97d-d965ccfc6d4b" outcome="Passed" testListId="8c84fa94-04c1-424b-9868-57a2d4851a1d" relativeResultsDirectory="29207034-6601-487d-8140-768064b3e89c" />
    <UnitTestResult executionId="c35034f1-0c33-4d1b-ad37-5fda0739bc42" testId="c78c6647-d7f9-fbb4-9590-04c27d7aa235" testName="BL.Tests.TurnstilesServiceTest.TestAdminDeleteTurnstileAsync(userID: 190, turnstile: Turnstile { TurnstileID = 224, LiftID = 243, IsOpen = True }, checkPermissionServiceMock: Mock&lt;ICheckPermissionService:15&gt;, turnstilesRepositoryStub: Mock&lt;ITurnstilesRepository:9&gt;, sut: TurnstilesService { })" computerName="DESKTOP-TJ9D65N" duration="00:00:00.0050857" startTime="2022-11-03T11:18:38.4060560+03:00" endTime="2022-11-03T11:18:38.4060560+03:00" testType="13cdc9d9-ddb5-4fa4-a97d-d965ccfc6d4b" outcome="Passed" testListId="8c84fa94-04c1-424b-9868-57a2d4851a1d" relativeResultsDirectory="c35034f1-0c33-4d1b-ad37-5fda0739bc42" />
    <UnitTestResult executionId="f72d3b0f-cca2-429b-a15a-4b8fce229497" testId="a19a5fcf-c5d2-7d44-5d7d-84403042f4e0" testName="BL.Tests.CheckPermissionsServiceTests.UnauthorizedHasNoAccessToAdminSkiPatrolFunctions(functionName: &quot;MarkMessageReadByUserAsync&quot;)" computerName="DESKTOP-TJ9D65N" duration="00:00:00.0485915" startTime="2022-11-03T11:18:38.2879712+03:00" endTime="2022-11-03T11:18:38.2879713+03:00" testType="13cdc9d9-ddb5-4fa4-a97d-d965ccfc6d4b" outcome="Passed" testListId="8c84fa94-04c1-424b-9868-57a2d4851a1d" relativeResultsDirectory="f72d3b0f-cca2-429b-a15a-4b8fce229497" />
    <UnitTestResult executionId="0fcd3f67-0e6a-440b-a4b2-3c612f5b70d6" testId="fa960c5e-f989-2880-784e-8efe538c5231" testName="BL.Tests.CheckPermissionsServiceTests.UnauthorizedHasNoAccessToAuthorizedFunctions(functionName: &quot;LogOutAsync&quot;)" computerName="DESKTOP-TJ9D65N" duration="00:00:00.0020274" startTime="2022-11-03T11:18:38.4458821+03:00" endTime="2022-11-03T11:18:38.4458823+03:00" testType="13cdc9d9-ddb5-4fa4-a97d-d965ccfc6d4b" outcome="Passed" testListId="8c84fa94-04c1-424b-9868-57a2d4851a1d" relativeResultsDirectory="0fcd3f67-0e6a-440b-a4b2-3c612f5b70d6" />
    <UnitTestResult executionId="0f71f043-8197-4ba1-b7e0-c74ada84c9ef" testId="aa28a6b3-21d3-aa45-24d3-bef2facbc899" testName="BL.Tests.CheckPermissionsServiceTests.AuthorizedHasAccessToAuthorizedFunctions(functionName: &quot;LogOutAsync&quot;)" computerName="DESKTOP-TJ9D65N" duration="00:00:00.0011214" startTime="2022-11-03T11:18:38.5885716+03:00" endTime="2022-11-03T11:18:38.5885718+03:00" testType="13cdc9d9-ddb5-4fa4-a97d-d965ccfc6d4b" outcome="Passed" testListId="8c84fa94-04c1-424b-9868-57a2d4851a1d" relativeResultsDirectory="0f71f043-8197-4ba1-b7e0-c74ada84c9ef" />
    <UnitTestResult executionId="3358f071-90c6-4895-99c6-bd6d059f29a7" testId="eaabd2fc-2f4b-5689-59c8-c7ad34a8f634" testName="BL.Tests.CheckPermissionsServiceTests.UnauthorizedHasNoAccessToAuthorizedFunctions(functionName: &quot;SendMessageAsync&quot;)" computerName="DESKTOP-TJ9D65N" duration="00:00:00.0042484" startTime="2022-11-03T11:18:38.4202954+03:00" endTime="2022-11-03T11:18:38.4202955+03:00" testType="13cdc9d9-ddb5-4fa4-a97d-d965ccfc6d4b" outcome="Passed" testListId="8c84fa94-04c1-424b-9868-57a2d4851a1d" relativeResultsDirectory="3358f071-90c6-4895-99c6-bd6d059f29a7" />
    <UnitTestResult executionId="62b88288-539b-4ee3-9145-9553dded9c80" testId="834c739b-eca4-b36d-6a66-5a1bd75377b8" testName="BL.Tests.UsersServiceTests.TestAdminAddAutoIncrementUser" computerName="DESKTOP-TJ9D65N" duration="00:00:00.0122333" startTime="2022-11-03T11:18:38.5537715+03:00" endTime="2022-11-03T11:18:38.5537717+03:00" testType="13cdc9d9-ddb5-4fa4-a97d-d965ccfc6d4b" outcome="Passed" testListId="8c84fa94-04c1-424b-9868-57a2d4851a1d" relativeResultsDirectory="62b88288-539b-4ee3-9145-9553dded9c80" />
    <UnitTestResult executionId="dc5ca624-a20a-4694-9568-2e904caee0fe" testId="b2302840-9bb7-540c-b1fb-cdf63531ab4c" testName="BL.Tests.SlopesServiceTest.TestGetSlopeInfoAsync(userID: 51, slope: Slope { SlopeID = 121, SlopeName = slopeName84775443-88dd-4ea5-9501-17b01eafef84, IsOpen = True, DifficultyLevel = 223, ConnectedLifts =  }, checkPermissionServiceMock: Mock&lt;ICheckPermissionService:6&gt;, slopesRepositoryStub: Mock&lt;ISlopesRepository:4&gt;, liftsSlopesRepositoryStub: Mock&lt;ILiftsSlopesRepository:9&gt;, sut: SlopesService { })" computerName="DESKTOP-TJ9D65N" duration="00:00:00.0086245" startTime="2022-11-03T11:18:38.4476637+03:00" endTime="2022-11-03T11:18:38.4476639+03:00" testType="13cdc9d9-ddb5-4fa4-a97d-d965ccfc6d4b" outcome="Passed" testListId="8c84fa94-04c1-424b-9868-57a2d4851a1d" relativeResultsDirectory="dc5ca624-a20a-4694-9568-2e904caee0fe" />
    <UnitTestResult executionId="1ba7ac36-8408-4476-a58a-a143a50f60c3" testId="492c0393-35b4-df26-a537-21ca08302f3c" testName="BL.Tests.CheckPermissionsServiceTests.SkiPatrolHasNoAccessToAdminFunctions" computerName="DESKTOP-TJ9D65N" duration="00:00:00.0023504" startTime="2022-11-03T11:18:38.6082267+03:00" endTime="2022-11-03T11:18:38.6082268+03:00" testType="13cdc9d9-ddb5-4fa4-a97d-d965ccfc6d4b" outcome="Passed" testListId="8c84fa94-04c1-424b-9868-57a2d4851a1d" relativeResultsDirectory="1ba7ac36-8408-4476-a58a-a143a50f60c3" />
    <UnitTestResult executionId="33c0711a-85ea-4f0e-aed5-d7ee7930edf7" testId="86d96ec5-422c-c673-3838-1367a5fb5add" testName="BL.Tests.LiftsServiceTest.TestAdminAddAutoIncrementLiftAsync(userID: 90, lift: Lift { LiftID = 156, LiftName = liftName41d6b21c-b764-4ffe-9450-cd37cb39f238, IsOpen = True, SeatsAmount = 48, LiftingTime = 244, QueueTime = 193, ConnectedSlopes =  }, checkPermissionServiceMock: Mock&lt;ICheckPermissionService:5&gt;, liftsRepositoryStub: Mock&lt;ILiftsRepository:5&gt;, sut: LiftsService { })" computerName="DESKTOP-TJ9D65N" duration="00:00:00.0099910" startTime="2022-11-03T11:18:38.5451398+03:00" endTime="2022-11-03T11:18:38.5451399+03:00" testType="13cdc9d9-ddb5-4fa4-a97d-d965ccfc6d4b" outcome="Passed" testListId="8c84fa94-04c1-424b-9868-57a2d4851a1d" relativeResultsDirectory="33c0711a-85ea-4f0e-aed5-d7ee7930edf7" />
    <UnitTestResult executionId="9b182cf4-3d4c-49d4-a1ed-ea236494cad9" testId="13ab9cf1-c042-3f23-9e7a-e77e04d11099" testName="BL.Tests.TurnstilesServiceTest.TestAdminGetTurnstilesAsync(userID: 21, initialTurnstiles: [Turnstile { TurnstileID = 162, LiftID = 120, IsOpen = True }, Turnstile { TurnstileID = 254, LiftID = 133, IsOpen = False }, Turnstile { TurnstileID = 69, LiftID = 251, IsOpen = True }], checkPermissionServiceMock: Mock&lt;ICheckPermissionService:13&gt;, turnstilesRepositoryStub: Mock&lt;ITurnstilesRepository:7&gt;, sut: TurnstilesService { })" computerName="DESKTOP-TJ9D65N" duration="00:00:00.0064041" startTime="2022-11-03T11:18:38.4565735+03:00" endTime="2022-11-03T11:18:38.4565737+03:00" testType="13cdc9d9-ddb5-4fa4-a97d-d965ccfc6d4b" outcome="Passed" testListId="8c84fa94-04c1-424b-9868-57a2d4851a1d" relativeResultsDirectory="9b182cf4-3d4c-49d4-a1ed-ea236494cad9" />
    <UnitTestResult executionId="4cb2228d-a82e-45e6-9de0-fd91a00b2f87" testId="e429852d-a6ed-7c2a-25fd-cd839b159d56" testName="BL.Tests.LiftsSlopesServiceTests.TestGetLiftsSlopesInfoAsync(liftsSlopes: [LiftSlope { RecordID = 94, LiftID = 47, SlopeID = 13 }, LiftSlope { RecordID = 125, LiftID = 76, SlopeID = 110 }, LiftSlope { RecordID = 138, LiftID = 60, SlopeID = 14 }], slopesRepositoryStub: Mock&lt;ISlopesRepository:1&gt;, liftsRepositoryStub: Mock&lt;ILiftsRepository:6&gt;, liftsSlopesRepositoryStub: Mock&lt;ILiftsSlopesRepository:6&gt;)" computerName="DESKTOP-TJ9D65N" duration="00:00:00.0049809" startTime="2022-11-03T11:18:38.4060360+03:00" endTime="2022-11-03T11:18:38.4060361+03:00" testType="13cdc9d9-ddb5-4fa4-a97d-d965ccfc6d4b" outcome="Passed" testListId="8c84fa94-04c1-424b-9868-57a2d4851a1d" relativeResultsDirectory="4cb2228d-a82e-45e6-9de0-fd91a00b2f87" />
    <UnitTestResult executionId="cfeacc10-c4ba-45d2-80b2-45a098594902" testId="60bd668f-04df-da5e-b79b-5d9aedb5234d" testName="BL.Tests.CheckPermissionsServiceTests.SkiPatrolHasAccessToAdminSkiPatrolFunctions(functionName: &quot;MarkMessageReadByUserAsync&quot;)" computerName="DESKTOP-TJ9D65N" duration="00:00:00.0012290" startTime="2022-11-03T11:18:38.4833317+03:00" endTime="2022-11-03T11:18:38.4833317+03:00" testType="13cdc9d9-ddb5-4fa4-a97d-d965ccfc6d4b" outcome="Passed" testListId="8c84fa94-04c1-424b-9868-57a2d4851a1d" relativeResultsDirectory="cfeacc10-c4ba-45d2-80b2-45a098594902" />
    <UnitTestResult executionId="3d8822b2-7635-45fd-ba5b-f77853308fd9" testId="8b30fdfd-e331-30e2-783c-1d176358ae6d" testName="BL.Tests.LiftsSlopesServiceTests.TestAdminDeleteLiftSlopeAsync(lift: Lift { LiftID = 202, LiftName = liftName7e936837-64f4-4594-890b-b388dc1ea0bc, IsOpen = True, SeatsAmount = 18, LiftingTime = 13, QueueTime = 17, ConnectedSlopes =  }, slope: Slope { SlopeID = 50, SlopeName = slopeName421bce1a-29db-4931-aaeb-3a00814b6d02, IsOpen = False, DifficultyLevel = 81, ConnectedLifts =  }, slopesRepositoryStub: Mock&lt;ISlopesRepository:2&gt;, liftsRepositoryStub: Mock&lt;ILiftsRepository:7&gt;, liftsSlopesRepositoryStub: Mock&lt;ILiftsSlopesRepository:7&gt;)" computerName="DESKTOP-TJ9D65N" duration="00:00:00.0107384" startTime="2022-11-03T11:18:38.4062938+03:00" endTime="2022-11-03T11:18:38.4062939+03:00" testType="13cdc9d9-ddb5-4fa4-a97d-d965ccfc6d4b" outcome="Passed" testListId="8c84fa94-04c1-424b-9868-57a2d4851a1d" relativeResultsDirectory="3d8822b2-7635-45fd-ba5b-f77853308fd9" />
    <UnitTestResult executionId="6fe91d8f-da91-43c3-b375-ed3bd5075ea7" testId="1cf22a38-b3fd-f377-2cd4-dbbbb72256e1" testName="BL.Tests.LiftsServiceTest.TestGetLiftsInfoAsync(userID: 13, initialLifts: [Lift { LiftID = 35, LiftName = liftName7f514552-7aa6-4060-aaab-6c69bd112523, IsOpen = True, SeatsAmount = 174, LiftingTime = 198, QueueTime = 85, ConnectedSlopes =  }, Lift { LiftID = 209, LiftName = liftNamec267163a-1f57-4d75-8009-538f5879c5f6, IsOpen = False, SeatsAmount = 151, LiftingTime = 231, QueueTime = 71, ConnectedSlopes =  }, Lift { LiftID = 30, LiftName = liftName0af3839a-06ea-4179-8feb-cd5ab70fd070, IsOpen = True, SeatsAmount = 211, LiftingTime = 25, QueueTime = 138, ConnectedSlopes =  }], checkPermissionServiceMock: Mock&lt;ICheckPermissionService:2&gt;, liftsRepositoryStub: Mock&lt;ILiftsRepository:2&gt;, liftsSlopesRepositoryStub: Mock&lt;ILiftsSlopesRepository:2&gt;, sut: LiftsService { })" computerName="DESKTOP-TJ9D65N" duration="00:00:00.0184554" startTime="2022-11-03T11:18:38.4465761+03:00" endTime="2022-11-03T11:18:38.4465762+03:00" testType="13cdc9d9-ddb5-4fa4-a97d-d965ccfc6d4b" outcome="Passed" testListId="8c84fa94-04c1-424b-9868-57a2d4851a1d" relativeResultsDirectory="6fe91d8f-da91-43c3-b375-ed3bd5075ea7" />
    <UnitTestResult executionId="d8cf1bc8-0542-4a3b-82b7-0996e2e14e98" testId="06d0bc3a-24a0-fb7f-4277-e9ae6d21c7dd" testName="BL.Tests.UsersServiceTests.TestAdminUpdateUser" computerName="DESKTOP-TJ9D65N" duration="00:00:00.0100689" startTime="2022-11-03T11:18:38.4581533+03:00" endTime="2022-11-03T11:18:38.4581534+03:00" testType="13cdc9d9-ddb5-4fa4-a97d-d965ccfc6d4b" outcome="Passed" testListId="8c84fa94-04c1-424b-9868-57a2d4851a1d" relativeResultsDirectory="d8cf1bc8-0542-4a3b-82b7-0996e2e14e98" />
    <UnitTestResult executionId="8273e48a-c975-4fd1-9855-8bb278036c83" testId="2c92973d-9c46-cc28-fa89-d55ad8fb6a82" testName="BL.Tests.LiftsServiceTest.TestGetLiftInfoAsync(userID: 246, lift: Lift { LiftID = 3, LiftName = liftName56ab4171-7826-4d0b-bb9b-b89611ddcdf0, IsOpen = True, SeatsAmount = 238, LiftingTime = 4, QueueTime = 48, ConnectedSlopes =  }, checkPermissionServiceMock: Mock&lt;ICheckPermissionService:1&gt;, liftsRepositoryStub: Mock&lt;ILiftsRepository:1&gt;, liftsSlopesRepositoryStub: Mock&lt;ILiftsSlopesRepository:1&gt;, sut: LiftsService { })" computerName="DESKTOP-TJ9D65N" duration="00:00:00.0244161" startTime="2022-11-03T11:18:38.5334425+03:00" endTime="2022-11-03T11:18:38.5334426+03:00" testType="13cdc9d9-ddb5-4fa4-a97d-d965ccfc6d4b" outcome="Failed" testListId="8c84fa94-04c1-424b-9868-57a2d4851a1d" relativeResultsDirectory="8273e48a-c975-4fd1-9855-8bb278036c83">
      <Output>
        <ErrorInfo>
          <Message>Assert.NotEqual() Failure
Expected: Not Lift { LiftID = 3, LiftName = liftName56ab4171-7826-4d0b-bb9b-b89611ddcdf0, IsOpen = True, SeatsAmount = 238, LiftingTime = 4, QueueTime = 48, ConnectedSlopes =  }
Actual:   Lift { LiftID = 3, LiftName = liftName56ab4171-7826-4d0b-bb9b-b89611ddcdf0, IsOpen = True, SeatsAmount = 238, LiftingTime = 4, QueueTime = 48, ConnectedSlopes =  }</Message>
          <StackTrace>   at BL.Tests.LiftsServiceTest.TestGetLiftInfoAsync(UInt32 userID, Lift lift, Mock`1 checkPermissionServiceMock, Mock`1 liftsRepositoryStub, Mock`1 liftsSlopesRepositoryStub, LiftsService sut) in /mnt/c/Users/alena/Desktop/7_sem/testing_and_debugging/SkiResort/BL.Tests/LiftsServiceTest.cs:line 42
   at System.Threading.Tasks.Task.&lt;&gt;c.&lt;ThrowAsync&gt;b__128_0(Object state)</StackTrace>
        </ErrorInfo>
      </Output>
    </UnitTestResult>
    <UnitTestResult executionId="71fd41dc-2626-44a6-adf8-ea0c22d2daf3" testId="69340bb6-3645-f9dd-971e-29d8b2a009bb" testName="BL.Tests.UsersServiceTests.TestLogInWithWrongPassword" computerName="DESKTOP-TJ9D65N" duration="00:00:00.0037007" startTime="2022-11-03T11:18:38.5351408+03:00" endTime="2022-11-03T11:18:38.5351409+03:00" testType="13cdc9d9-ddb5-4fa4-a97d-d965ccfc6d4b" outcome="Passed" testListId="8c84fa94-04c1-424b-9868-57a2d4851a1d" relativeResultsDirectory="71fd41dc-2626-44a6-adf8-ea0c22d2daf3" />
    <UnitTestResult executionId="a4943215-f105-4acc-91ac-4a310e469a72" testId="229812f5-9a73-5335-11f5-31330d1348a5" testName="BL.Tests.CheckPermissionsServiceTests.UnauthorizedHasNoAccessToAdminSkiPatrolFunctions(functionName: &quot;GetMessagesAsync&quot;)" computerName="DESKTOP-TJ9D65N" duration="00:00:00.0017066" startTime="2022-11-03T11:18:38.4061423+03:00" endTime="2022-11-03T11:18:38.4061424+03:00" testType="13cdc9d9-ddb5-4fa4-a97d-d965ccfc6d4b" outcome="Passed" testListId="8c84fa94-04c1-424b-9868-57a2d4851a1d" relativeResultsDirectory="a4943215-f105-4acc-91ac-4a310e469a72" />
    <UnitTestResult executionId="9b4fb5e5-a693-4f34-b5a7-5e3c71a44f4f" testId="18fa8c62-e27d-e1fc-8182-4d7db62b008d" testName="BL.Tests.UsersServiceTests.TestAdminDeleteUser" computerName="DESKTOP-TJ9D65N" duration="00:00:00.0032819" startTime="2022-11-03T11:18:38.5810113+03:00" endTime="2022-11-03T11:18:38.5810114+03:00" testType="13cdc9d9-ddb5-4fa4-a97d-d965ccfc6d4b" outcome="Passed" testListId="8c84fa94-04c1-424b-9868-57a2d4851a1d" relativeResultsDirectory="9b4fb5e5-a693-4f34-b5a7-5e3c71a44f4f" />
    <UnitTestResult executionId="d6d8ae7b-bc6d-4ab1-9e67-01c1ffa0ff20" testId="e5497347-2721-b7a6-0bd4-69a9921f6947" testName="BL.Tests.UsersServiceTests.TestAdminGetUserByIDAsync" computerName="DESKTOP-TJ9D65N" duration="00:00:00.0048998" startTime="2022-11-03T11:18:38.5679916+03:00" endTime="2022-11-03T11:18:38.5679917+03:00" testType="13cdc9d9-ddb5-4fa4-a97d-d965ccfc6d4b" outcome="Passed" testListId="8c84fa94-04c1-424b-9868-57a2d4851a1d" relativeResultsDirectory="d6d8ae7b-bc6d-4ab1-9e67-01c1ffa0ff20" />
    <UnitTestResult executionId="d9ed116b-f020-4f83-9924-a334dcb408da" testId="a2e59116-cb53-1d70-9cb8-21c286516866" testName="BL.Tests.CheckPermissionsServiceTests.AuthorizedHasNoAccessToAdminFunctions" computerName="DESKTOP-TJ9D65N" duration="00:00:00.0099594" startTime="2022-11-03T11:18:38.5349815+03:00" endTime="2022-11-03T11:18:38.5349816+03:00" testType="13cdc9d9-ddb5-4fa4-a97d-d965ccfc6d4b" outcome="Passed" testListId="8c84fa94-04c1-424b-9868-57a2d4851a1d" relativeResultsDirectory="d9ed116b-f020-4f83-9924-a334dcb408da" />
    <UnitTestResult executionId="7bb6aa95-d7e8-4e8f-87df-ac9770b5ff3e" testId="c744b895-7986-9809-d045-4b84dd395802" testName="BL.Tests.TurnstilesServiceTest.TestAdminAddAutoIncrementTurnstileAsync(userID: 121, turnstile: Turnstile { TurnstileID = 226, LiftID = 158, IsOpen = True }, checkPermissionServiceMock: Mock&lt;ICheckPermissionService:16&gt;, turnstilesRepositoryStub: Mock&lt;ITurnstilesRepository:10&gt;, sut: TurnstilesService { })" computerName="DESKTOP-TJ9D65N" duration="00:00:00.0515950" startTime="2022-11-03T11:18:38.2825847+03:00" endTime="2022-11-03T11:18:38.2826922+03:00" testType="13cdc9d9-ddb5-4fa4-a97d-d965ccfc6d4b" outcome="Passed" testListId="8c84fa94-04c1-424b-9868-57a2d4851a1d" relativeResultsDirectory="7bb6aa95-d7e8-4e8f-87df-ac9770b5ff3e" />
    <UnitTestResult executionId="5a34c13a-5952-4443-bc6d-45c769c5801c" testId="20ad8570-0170-85de-dcd7-2f109dd7bcd6" testName="BL.Tests.UsersServiceTests.TestAdminGetUsers" computerName="DESKTOP-TJ9D65N" duration="00:00:00.0590705" startTime="2022-11-03T11:18:38.2881846+03:00" endTime="2022-11-03T11:18:38.2881846+03:00" testType="13cdc9d9-ddb5-4fa4-a97d-d965ccfc6d4b" outcome="Passed" testListId="8c84fa94-04c1-424b-9868-57a2d4851a1d" relativeResultsDirectory="5a34c13a-5952-4443-bc6d-45c769c5801c" />
    <UnitTestResult executionId="8f79191a-aa68-4cb8-9693-d3dbef1659a3" testId="74b40006-3678-ad69-ba44-4c36d10bd081" testName="BL.Tests.SlopesServiceTest.TestAdminAddSlopeAsync(userID: 129, slope: Slope { SlopeID = 205, SlopeName = slopeNamebaa2d50b-152f-4855-a3cf-9e7f9193da56, IsOpen = True, DifficultyLevel = 5, ConnectedLifts =  }, checkPermissionServiceMock: Mock&lt;ICheckPermissionService:11&gt;, slopesRepositoryStub: Mock&lt;ISlopesRepository:9&gt;, sut: SlopesService { })" computerName="DESKTOP-TJ9D65N" duration="00:00:00.0064115" startTime="2022-11-03T11:18:38.4948493+03:00" endTime="2022-11-03T11:18:38.4948494+03:00" testType="13cdc9d9-ddb5-4fa4-a97d-d965ccfc6d4b" outcome="Passed" testListId="8c84fa94-04c1-424b-9868-57a2d4851a1d" relativeResultsDirectory="8f79191a-aa68-4cb8-9693-d3dbef1659a3" />
    <UnitTestResult executionId="eb72d4ed-b34a-480a-a51c-3a159ac81b08" testId="f3efc418-a8a6-c7b7-9bac-90b33aa8472f" testName="BL.Tests.CheckPermissionsServiceTests.AdminHasAccessToAllFunctions" computerName="DESKTOP-TJ9D65N" duration="00:00:00.0019726" startTime="2022-11-03T11:18:38.6179266+03:00" endTime="2022-11-03T11:18:38.6179267+03:00" testType="13cdc9d9-ddb5-4fa4-a97d-d965ccfc6d4b" outcome="Passed" testListId="8c84fa94-04c1-424b-9868-57a2d4851a1d" relativeResultsDirectory="eb72d4ed-b34a-480a-a51c-3a159ac81b08" />
    <UnitTestResult executionId="21b91c3a-c5ce-4052-bb13-6b066521589d" testId="58d901af-e0f8-6cf5-726e-3de3baa3d06f" testName="BL.Tests.SlopesServiceTest.TestAdminDeleteSlopeAsync(userID: 161, slope: Slope { SlopeID = 71, SlopeName = slopeNameda16336c-daa8-4c4d-8bba-17992580132f, IsOpen = True, DifficultyLevel = 59, ConnectedLifts =  }, checkPermissionServiceMock: Mock&lt;ICheckPermissionService:9&gt;, slopesRepositoryStub: Mock&lt;ISlopesRepository:7&gt;, liftsSlopesRepositoryStub: Mock&lt;ILiftsSlopesRepository:12&gt;, sut: SlopesService { })" computerName="DESKTOP-TJ9D65N" duration="00:00:00.0139247" startTime="2022-11-03T11:18:38.5350153+03:00" endTime="2022-11-03T11:18:38.5350153+03:00" testType="13cdc9d9-ddb5-4fa4-a97d-d965ccfc6d4b" outcome="Passed" testListId="8c84fa94-04c1-424b-9868-57a2d4851a1d" relativeResultsDirectory="21b91c3a-c5ce-4052-bb13-6b066521589d" />
    <UnitTestResult executionId="96598199-5319-4d7a-b04c-5faa8019943d" testId="2602613f-c8e2-a6d9-fcf7-5b27d4a770a6" testName="BL.Tests.CheckPermissionsServiceTests.AuthorizedHasNoAccessToAdminSkiPatrolFunctions(functionName: &quot;GetMessagesAsync&quot;)" computerName="DESKTOP-TJ9D65N" duration="00:00:00.0044396" startTime="2022-11-03T11:18:38.5421524+03:00" endTime="2022-11-03T11:18:38.5421525+03:00" testType="13cdc9d9-ddb5-4fa4-a97d-d965ccfc6d4b" outcome="Passed" testListId="8c84fa94-04c1-424b-9868-57a2d4851a1d" relativeResultsDirectory="96598199-5319-4d7a-b04c-5faa8019943d" />
    <UnitTestResult executionId="962d877e-f9be-4d11-9465-eeedc3f07956" testId="894941c1-bfa7-d8f9-c047-1e1ceefe2c2f" testName="BL.Tests.UsersServiceTests.TestRegisterUserWithRepeatedEmail" computerName="DESKTOP-TJ9D65N" duration="00:00:00.0050416" startTime="2022-11-03T11:18:38.4296995+03:00" endTime="2022-11-03T11:18:38.4296998+03:00" testType="13cdc9d9-ddb5-4fa4-a97d-d965ccfc6d4b" outcome="Passed" testListId="8c84fa94-04c1-424b-9868-57a2d4851a1d" relativeResultsDirectory="962d877e-f9be-4d11-9465-eeedc3f07956" />
    <UnitTestResult executionId="59b634c9-c66e-4e20-a557-4841f6165431" testId="844c83d5-062a-bfb6-af44-e9532aaa69a5" testName="BL.Tests.TurnstilesServiceTest.TestAdminUpdateTurnstileAsync(userID: 182, turnstile: Turnstile { TurnstileID = 66, LiftID = 82, IsOpen = True }, checkPermissionServiceMock: Mock&lt;ICheckPermissionService:14&gt;, turnstilesRepositoryStub: Mock&lt;ITurnstilesRepository:8&gt;, sut: TurnstilesService { })" computerName="DESKTOP-TJ9D65N" duration="00:00:00.0059463" startTime="2022-11-03T11:18:38.4325260+03:00" endTime="2022-11-03T11:18:38.4325262+03:00" testType="13cdc9d9-ddb5-4fa4-a97d-d965ccfc6d4b" outcome="Passed" testListId="8c84fa94-04c1-424b-9868-57a2d4851a1d" relativeResultsDirectory="59b634c9-c66e-4e20-a557-4841f6165431" />
    <UnitTestResult executionId="336846e9-c5dd-4f4f-91c0-55cf5048a52f" testId="f44a1b21-8efc-bfac-63b4-d534442def31" testName="BL.Tests.UsersServiceTests.TestRegisterUserWithNoPassword" computerName="DESKTOP-TJ9D65N" duration="00:00:00.0025219" startTime="2022-11-03T11:18:38.4062179+03:00" endTime="2022-11-03T11:18:38.4062180+03:00" testType="13cdc9d9-ddb5-4fa4-a97d-d965ccfc6d4b" outcome="Passed" testListId="8c84fa94-04c1-424b-9868-57a2d4851a1d" relativeResultsDirectory="336846e9-c5dd-4f4f-91c0-55cf5048a52f" />
  </Results>
  <TestDefinitions>
    <UnitTest name="BL.Tests.CheckPermissionsServiceTests.AuthorizedHasNoAccessToAdminSkiPatrolFunctions(functionName: &quot;MarkMessageReadByUserAsync&quot;)" storage="/mnt/c/users/alena/desktop/7_sem/testing_and_debugging/skiresort/bl.tests/bin/debug/net6.0/bl.tests.dll" id="9c7df5e2-1b23-ebea-889f-b78ca86b60ab">
      <Execution id="339edb3f-783a-4039-b57a-48a0b74107a0" />
      <TestMethod codeBase="/mnt/c/Users/alena/Desktop/7_sem/testing_and_debugging/SkiResort/BL.Tests/bin/Debug/net6.0/BL.Tests.dll" adapterTypeName="executor://xunit/VsTestRunner2/netcoreapp" className="BL.Tests.CheckPermissionsServiceTests" name="AuthorizedHasNoAccessToAdminSkiPatrolFunctions" />
    </UnitTest>
    <UnitTest name="BL.Tests.CheckPermissionsServiceTests.UnauthorizedHasNoAccessToAdminSkiPatrolFunctions(functionName: &quot;MarkMessageReadByUserAsync&quot;)" storage="/mnt/c/users/alena/desktop/7_sem/testing_and_debugging/skiresort/bl.tests/bin/debug/net6.0/bl.tests.dll" id="a19a5fcf-c5d2-7d44-5d7d-84403042f4e0">
      <Execution id="f72d3b0f-cca2-429b-a15a-4b8fce229497" />
      <TestMethod codeBase="/mnt/c/Users/alena/Desktop/7_sem/testing_and_debugging/SkiResort/BL.Tests/bin/Debug/net6.0/BL.Tests.dll" adapterTypeName="executor://xunit/VsTestRunner2/netcoreapp" className="BL.Tests.CheckPermissionsServiceTests" name="UnauthorizedHasNoAccessToAdminSkiPatrolFunctions" />
    </UnitTest>
    <UnitTest name="BL.Tests.SlopesServiceTest.TestAdminDeleteSlopeAsync(userID: 161, slope: Slope { SlopeID = 71, SlopeName = slopeNameda16336c-daa8-4c4d-8bba-17992580132f, IsOpen = True, DifficultyLevel = 59, ConnectedLifts =  }, checkPermissionServiceMock: Mock&lt;ICheckPermissionService:9&gt;, slopesRepositoryStub: Mock&lt;ISlopesRepository:7&gt;, liftsSlopesRepositoryStub: Mock&lt;ILiftsSlopesRepository:12&gt;, sut: SlopesService { })" storage="/mnt/c/users/alena/desktop/7_sem/testing_and_debugging/skiresort/bl.tests/bin/debug/net6.0/bl.tests.dll" id="58d901af-e0f8-6cf5-726e-3de3baa3d06f">
      <Execution id="21b91c3a-c5ce-4052-bb13-6b066521589d" />
      <TestMethod codeBase="/mnt/c/Users/alena/Desktop/7_sem/testing_and_debugging/SkiResort/BL.Tests/bin/Debug/net6.0/BL.Tests.dll" adapterTypeName="executor://xunit/VsTestRunner2/netcoreapp" className="BL.Tests.SlopesServiceTest" name="TestAdminDeleteSlopeAsync" />
    </UnitTest>
    <UnitTest name="BL.Tests.LiftsSlopesServiceTests.TestAdminDeleteLiftSlopeAsync(lift: Lift { LiftID = 202, LiftName = liftName7e936837-64f4-4594-890b-b388dc1ea0bc, IsOpen = True, SeatsAmount = 18, LiftingTime = 13, QueueTime = 17, ConnectedSlopes =  }, slope: Slope { SlopeID = 50, SlopeName = slopeName421bce1a-29db-4931-aaeb-3a00814b6d02, IsOpen = False, DifficultyLevel = 81, ConnectedLifts =  }, slopesRepositoryStub: Mock&lt;ISlopesRepository:2&gt;, liftsReposit..." storage="/mnt/c/users/alena/desktop/7_sem/testing_and_debugging/skiresort/bl.tests/bin/debug/net6.0/bl.tests.dll" id="8b30fdfd-e331-30e2-783c-1d176358ae6d">
      <Execution id="3d8822b2-7635-45fd-ba5b-f77853308fd9" />
      <TestMethod codeBase="/mnt/c/Users/alena/Desktop/7_sem/testing_and_debugging/SkiResort/BL.Tests/bin/Debug/net6.0/BL.Tests.dll" adapterTypeName="executor://xunit/VsTestRunner2/netcoreapp" className="BL.Tests.LiftsSlopesServiceTests" name="TestAdminDeleteLiftSlopeAsync" />
    </UnitTest>
    <UnitTest name="BL.Tests.CheckPermissionsServiceTests.AuthorizedHasNoAccessToAdminSkiPatrolFunctions(functionName: &quot;GetMessagesAsync&quot;)" storage="/mnt/c/users/alena/desktop/7_sem/testing_and_debugging/skiresort/bl.tests/bin/debug/net6.0/bl.tests.dll" id="2602613f-c8e2-a6d9-fcf7-5b27d4a770a6">
      <Execution id="96598199-5319-4d7a-b04c-5faa8019943d" />
      <TestMethod codeBase="/mnt/c/Users/alena/Desktop/7_sem/testing_and_debugging/SkiResort/BL.Tests/bin/Debug/net6.0/BL.Tests.dll" adapterTypeName="executor://xunit/VsTestRunner2/netcoreapp" className="BL.Tests.CheckPermissionsServiceTests" name="AuthorizedHasNoAccessToAdminSkiPatrolFunctions" />
    </UnitTest>
    <UnitTest name="BL.Tests.CheckPermissionsServiceTests.AuthorizedHasNoAccessToAdminFunctions" storage="/mnt/c/users/alena/desktop/7_sem/testing_and_debugging/skiresort/bl.tests/bin/debug/net6.0/bl.tests.dll" id="a2e59116-cb53-1d70-9cb8-21c286516866">
      <Execution id="d9ed116b-f020-4f83-9924-a334dcb408da" />
      <TestMethod codeBase="/mnt/c/Users/alena/Desktop/7_sem/testing_and_debugging/SkiResort/BL.Tests/bin/Debug/net6.0/BL.Tests.dll" adapterTypeName="executor://xunit/VsTestRunner2/netcoreapp" className="BL.Tests.CheckPermissionsServiceTests" name="AuthorizedHasNoAccessToAdminFunctions" />
    </UnitTest>
    <UnitTest name="BL.Tests.CheckPermissionsServiceTests.SkiPatrolHasAccessToAdminSkiPatrolFunctions(functionName: &quot;GetMessagesAsync&quot;)" storage="/mnt/c/users/alena/desktop/7_sem/testing_and_debugging/skiresort/bl.tests/bin/debug/net6.0/bl.tests.dll" id="c36970dc-93f7-753e-fa47-157133b01644">
      <Execution id="0ae166bc-ef5e-415f-8eca-d52df2e377a8" />
      <TestMethod codeBase="/mnt/c/Users/alena/Desktop/7_sem/testing_and_debugging/SkiResort/BL.Tests/bin/Debug/net6.0/BL.Tests.dll" adapterTypeName="executor://xunit/VsTestRunner2/netcoreapp" className="BL.Tests.CheckPermissionsServiceTests" name="SkiPatrolHasAccessToAdminSkiPatrolFunctions" />
    </UnitTest>
    <UnitTest name="BL.Tests.CheckPermissionsServiceTests.AdminHasAccessToAllFunctions" storage="/mnt/c/users/alena/desktop/7_sem/testing_and_debugging/skiresort/bl.tests/bin/debug/net6.0/bl.tests.dll" id="f3efc418-a8a6-c7b7-9bac-90b33aa8472f">
      <Execution id="eb72d4ed-b34a-480a-a51c-3a159ac81b08" />
      <TestMethod codeBase="/mnt/c/Users/alena/Desktop/7_sem/testing_and_debugging/SkiResort/BL.Tests/bin/Debug/net6.0/BL.Tests.dll" adapterTypeName="executor://xunit/VsTestRunner2/netcoreapp" className="BL.Tests.CheckPermissionsServiceTests" name="AdminHasAccessToAllFunctions" />
    </UnitTest>
    <UnitTest name="BL.Tests.UsersServiceTests.TestRegisterUserWithNoPassword" storage="/mnt/c/users/alena/desktop/7_sem/testing_and_debugging/skiresort/bl.tests/bin/debug/net6.0/bl.tests.dll" id="f44a1b21-8efc-bfac-63b4-d534442def31">
      <Execution id="336846e9-c5dd-4f4f-91c0-55cf5048a52f" />
      <TestMethod codeBase="/mnt/c/Users/alena/Desktop/7_sem/testing_and_debugging/SkiResort/BL.Tests/bin/Debug/net6.0/BL.Tests.dll" adapterTypeName="executor://xunit/VsTestRunner2/netcoreapp" className="BL.Tests.UsersServiceTests" name="TestRegisterUserWithNoPassword" />
    </UnitTest>
    <UnitTest name="BL.Tests.TurnstilesServiceTest.TestAdminAddAutoIncrementTurnstileAsync(userID: 121, turnstile: Turnstile { TurnstileID = 226, LiftID = 158, IsOpen = True }, checkPermissionServiceMock: Mock&lt;ICheckPermissionService:16&gt;, turnstilesRepositoryStub: Mock&lt;ITurnstilesRepository:10&gt;, sut: TurnstilesService { })" storage="/mnt/c/users/alena/desktop/7_sem/testing_and_debugging/skiresort/bl.tests/bin/debug/net6.0/bl.tests.dll" id="c744b895-7986-9809-d045-4b84dd395802">
      <Execution id="7bb6aa95-d7e8-4e8f-87df-ac9770b5ff3e" />
      <TestMethod codeBase="/mnt/c/Users/alena/Desktop/7_sem/testing_and_debugging/SkiResort/BL.Tests/bin/Debug/net6.0/BL.Tests.dll" adapterTypeName="executor://xunit/VsTestRunner2/netcoreapp" className="BL.Tests.TurnstilesServiceTest" name="TestAdminAddAutoIncrementTurnstileAsync" />
    </UnitTest>
    <UnitTest name="BL.Tests.UsersServiceTests.TestAdminGetUserByIDAsync" storage="/mnt/c/users/alena/desktop/7_sem/testing_and_debugging/skiresort/bl.tests/bin/debug/net6.0/bl.tests.dll" id="e5497347-2721-b7a6-0bd4-69a9921f6947">
      <Execution id="d6d8ae7b-bc6d-4ab1-9e67-01c1ffa0ff20" />
      <TestMethod codeBase="/mnt/c/Users/alena/Desktop/7_sem/testing_and_debugging/SkiResort/BL.Tests/bin/Debug/net6.0/BL.Tests.dll" adapterTypeName="executor://xunit/VsTestRunner2/netcoreapp" className="BL.Tests.UsersServiceTests" name="TestAdminGetUserByIDAsync" />
    </UnitTest>
    <UnitTest name="BL.Tests.SlopesServiceTest.TestGetSlopesInfoAsync(userID: 41, initialSlopes: [Slope { SlopeID = 93, SlopeName = slopeName14218890-2c7e-4c8f-a25d-0a51baac2d09, IsOpen = True, DifficultyLevel = 137, ConnectedLifts =  }, Slope { SlopeID = 48, SlopeName = slopeName61d12188-f57f-4089-95db-e22013d60c6f, IsOpen = False, DifficultyLevel = 214, ConnectedLifts =  }, Slope { SlopeID = 54, SlopeName = slopeName88bd4b7c-fd17-4fd4-9d6e-58ffdee513f4, IsOp..." storage="/mnt/c/users/alena/desktop/7_sem/testing_and_debugging/skiresort/bl.tests/bin/debug/net6.0/bl.tests.dll" id="e6b53fe8-48f0-32b1-1996-6bf574c29956">
      <Execution id="2470acc8-a1f7-4ed4-8ccf-6f515c4d0f44" />
      <TestMethod codeBase="/mnt/c/Users/alena/Desktop/7_sem/testing_and_debugging/SkiResort/BL.Tests/bin/Debug/net6.0/BL.Tests.dll" adapterTypeName="executor://xunit/VsTestRunner2/netcoreapp" className="BL.Tests.SlopesServiceTest" name="TestGetSlopesInfoAsync" />
    </UnitTest>
    <UnitTest name="BL.Tests.UsersServiceTests.TestAdminAddAutoIncrementUser" storage="/mnt/c/users/alena/desktop/7_sem/testing_and_debugging/skiresort/bl.tests/bin/debug/net6.0/bl.tests.dll" id="834c739b-eca4-b36d-6a66-5a1bd75377b8">
      <Execution id="62b88288-539b-4ee3-9145-9553dded9c80" />
      <TestMethod codeBase="/mnt/c/Users/alena/Desktop/7_sem/testing_and_debugging/SkiResort/BL.Tests/bin/Debug/net6.0/BL.Tests.dll" adapterTypeName="executor://xunit/VsTestRunner2/netcoreapp" className="BL.Tests.UsersServiceTests" name="TestAdminAddAutoIncrementUser" />
    </UnitTest>
    <UnitTest name="BL.Tests.CheckPermissionsServiceTests.UnauthorizedHasNoAccessToAdminSkiPatrolFunctions(functionName: &quot;GetLiftsSlopesInfoAsync&quot;)" storage="/mnt/c/users/alena/desktop/7_sem/testing_and_debugging/skiresort/bl.tests/bin/debug/net6.0/bl.tests.dll" id="387c9729-48c1-486e-5e67-f5d11a9f0db8">
      <Execution id="1ebe59ba-6d57-4690-ba1c-2d14262d8820" />
      <TestMethod codeBase="/mnt/c/Users/alena/Desktop/7_sem/testing_and_debugging/SkiResort/BL.Tests/bin/Debug/net6.0/BL.Tests.dll" adapterTypeName="executor://xunit/VsTestRunner2/netcoreapp" className="BL.Tests.CheckPermissionsServiceTests" name="UnauthorizedHasNoAccessToAdminSkiPatrolFunctions" />
    </UnitTest>
    <UnitTest name="BL.Tests.CheckPermissionsServiceTests.SkiPatrolHasAccessToAdminSkiPatrolFunctions(functionName: &quot;MarkMessageReadByUserAsync&quot;)" storage="/mnt/c/users/alena/desktop/7_sem/testing_and_debugging/skiresort/bl.tests/bin/debug/net6.0/bl.tests.dll" id="60bd668f-04df-da5e-b79b-5d9aedb5234d">
      <Execution id="cfeacc10-c4ba-45d2-80b2-45a098594902" />
      <TestMethod codeBase="/mnt/c/Users/alena/Desktop/7_sem/testing_and_debugging/SkiResort/BL.Tests/bin/Debug/net6.0/BL.Tests.dll" adapterTypeName="executor://xunit/VsTestRunner2/netcoreapp" className="BL.Tests.CheckPermissionsServiceTests" name="SkiPatrolHasAccessToAdminSkiPatrolFunctions" />
    </UnitTest>
    <UnitTest name="BL.Tests.TurnstilesServiceTest.TestAdminGetTurnstileAsync(userID: 253, turnstile: Turnstile { TurnstileID = 219, LiftID = 204, IsOpen = True }, checkPermissionServiceMock: Mock&lt;ICheckPermissionService:12&gt;, turnstilesRepositoryStub: Mock&lt;ITurnstilesRepository:6&gt;, sut: TurnstilesService { })" storage="/mnt/c/users/alena/desktop/7_sem/testing_and_debugging/skiresort/bl.tests/bin/debug/net6.0/bl.tests.dll" id="510337f7-27cd-96b4-7908-1f47ead5c5f7">
      <Execution id="0d0e0add-be1d-4f08-a029-11c1d797087c" />
      <TestMethod codeBase="/mnt/c/Users/alena/Desktop/7_sem/testing_and_debugging/SkiResort/BL.Tests/bin/Debug/net6.0/BL.Tests.dll" adapterTypeName="executor://xunit/VsTestRunner2/netcoreapp" className="BL.Tests.TurnstilesServiceTest" name="TestAdminGetTurnstileAsync" />
    </UnitTest>
    <UnitTest name="BL.Tests.CheckPermissionsServiceTests.UnauthorizedHasNoAccessToAdminFunctions" storage="/mnt/c/users/alena/desktop/7_sem/testing_and_debugging/skiresort/bl.tests/bin/debug/net6.0/bl.tests.dll" id="e2d7e5be-3dae-33ae-fb17-c704b6fd58d6">
      <Execution id="f12eded6-ac80-4643-9d87-31b8a9ebd5f8" />
      <TestMethod codeBase="/mnt/c/Users/alena/Desktop/7_sem/testing_and_debugging/SkiResort/BL.Tests/bin/Debug/net6.0/BL.Tests.dll" adapterTypeName="executor://xunit/VsTestRunner2/netcoreapp" className="BL.Tests.CheckPermissionsServiceTests" name="UnauthorizedHasNoAccessToAdminFunctions" />
    </UnitTest>
    <UnitTest name="BL.Tests.SlopesServiceTest.TestAdminAddSlopeAsync(userID: 129, slope: Slope { SlopeID = 205, SlopeName = slopeNamebaa2d50b-152f-4855-a3cf-9e7f9193da56, IsOpen = True, DifficultyLevel = 5, ConnectedLifts =  }, checkPermissionServiceMock: Mock&lt;ICheckPermissionService:11&gt;, slopesRepositoryStub: Mock&lt;ISlopesRepository:9&gt;, sut: SlopesService { })" storage="/mnt/c/users/alena/desktop/7_sem/testing_and_debugging/skiresort/bl.tests/bin/debug/net6.0/bl.tests.dll" id="74b40006-3678-ad69-ba44-4c36d10bd081">
      <Execution id="8f79191a-aa68-4cb8-9693-d3dbef1659a3" />
      <TestMethod codeBase="/mnt/c/Users/alena/Desktop/7_sem/testing_and_debugging/SkiResort/BL.Tests/bin/Debug/net6.0/BL.Tests.dll" adapterTypeName="executor://xunit/VsTestRunner2/netcoreapp" className="BL.Tests.SlopesServiceTest" name="TestAdminAddSlopeAsync" />
    </UnitTest>
    <UnitTest name="BL.Tests.UsersServiceTests.TestLogInWithWrongPassword" storage="/mnt/c/users/alena/desktop/7_sem/testing_and_debugging/skiresort/bl.tests/bin/debug/net6.0/bl.tests.dll" id="69340bb6-3645-f9dd-971e-29d8b2a009bb">
      <Execution id="71fd41dc-2626-44a6-adf8-ea0c22d2daf3" />
      <TestMethod codeBase="/mnt/c/Users/alena/Desktop/7_sem/testing_and_debugging/SkiResort/BL.Tests/bin/Debug/net6.0/BL.Tests.dll" adapterTypeName="executor://xunit/VsTestRunner2/netcoreapp" className="BL.Tests.UsersServiceTests" name="TestLogInWithWrongPassword" />
    </UnitTest>
    <UnitTest name="BL.Tests.CheckPermissionsServiceTests.SkiPatrolHasAccessToAdminSkiPatrolFunctions(functionName: &quot;GetLiftsSlopesInfoAsync&quot;)" storage="/mnt/c/users/alena/desktop/7_sem/testing_and_debugging/skiresort/bl.tests/bin/debug/net6.0/bl.tests.dll" id="2d706594-f2b3-b3c8-21d4-86c9798c3306">
      <Execution id="be5cff32-e874-40e0-bc12-0d5226fd40ea" />
      <TestMethod codeBase="/mnt/c/Users/alena/Desktop/7_sem/testing_and_debugging/SkiResort/BL.Tests/bin/Debug/net6.0/BL.Tests.dll" adapterTypeName="executor://xunit/VsTestRunner2/netcoreapp" className="BL.Tests.CheckPermissionsServiceTests" name="SkiPatrolHasAccessToAdminSkiPatrolFunctions" />
    </UnitTest>
    <UnitTest name="BL.Tests.CheckPermissionsServiceTests.SkiPatrolHasNoAccessToAdminFunctions" storage="/mnt/c/users/alena/desktop/7_sem/testing_and_debugging/skiresort/bl.tests/bin/debug/net6.0/bl.tests.dll" id="492c0393-35b4-df26-a537-21ca08302f3c">
      <Execution id="1ba7ac36-8408-4476-a58a-a143a50f60c3" />
      <TestMethod codeBase="/mnt/c/Users/alena/Desktop/7_sem/testing_and_debugging/SkiResort/BL.Tests/bin/Debug/net6.0/BL.Tests.dll" adapterTypeName="executor://xunit/VsTestRunner2/netcoreapp" className="BL.Tests.CheckPermissionsServiceTests" name="SkiPatrolHasNoAccessToAdminFunctions" />
    </UnitTest>
    <UnitTest name="BL.Tests.LiftsServiceTest.TestUpdateLiftInfoAsync(userID: 194, lift: Lift { LiftID = 52, LiftName = liftName72779a4c-6697-4c51-9ba5-d74a7582670a, IsOpen = True, SeatsAmount = 51, LiftingTime = 25, QueueTime = 168, ConnectedSlopes =  }, checkPermissionServiceMock: Mock&lt;ICheckPermissionService:3&gt;, liftsRepositoryStub: Mock&lt;ILiftsRepository:3&gt;, sut: LiftsService { })" storage="/mnt/c/users/alena/desktop/7_sem/testing_and_debugging/skiresort/bl.tests/bin/debug/net6.0/bl.tests.dll" id="bae64831-e4e5-aa12-9b13-72bffcf0f4ec">
      <Execution id="a94c2ce4-503f-4d14-a1d1-b844a1d7d083" />
      <TestMethod codeBase="/mnt/c/Users/alena/Desktop/7_sem/testing_and_debugging/SkiResort/BL.Tests/bin/Debug/net6.0/BL.Tests.dll" adapterTypeName="executor://xunit/VsTestRunner2/netcoreapp" className="BL.Tests.LiftsServiceTest" name="TestUpdateLiftInfoAsync" />
    </UnitTest>
    <UnitTest name="BL.Tests.UsersServiceTests.TestAdminDeleteUser" storage="/mnt/c/users/alena/desktop/7_sem/testing_and_debugging/skiresort/bl.tests/bin/debug/net6.0/bl.tests.dll" id="18fa8c62-e27d-e1fc-8182-4d7db62b008d">
      <Execution id="9b4fb5e5-a693-4f34-b5a7-5e3c71a44f4f" />
      <TestMethod codeBase="/mnt/c/Users/alena/Desktop/7_sem/testing_and_debugging/SkiResort/BL.Tests/bin/Debug/net6.0/BL.Tests.dll" adapterTypeName="executor://xunit/VsTestRunner2/netcoreapp" className="BL.Tests.UsersServiceTests" name="TestAdminDeleteUser" />
    </UnitTest>
    <UnitTest name="BL.Tests.SlopesServiceTest.TestGetSlopeInfoAsync(userID: 51, slope: Slope { SlopeID = 121, SlopeName = slopeName84775443-88dd-4ea5-9501-17b01eafef84, IsOpen = True, DifficultyLevel = 223, ConnectedLifts =  }, checkPermissionServiceMock: Mock&lt;ICheckPermissionService:6&gt;, slopesRepositoryStub: Mock&lt;ISlopesRepository:4&gt;, liftsSlopesRepositoryStub: Mock&lt;ILiftsSlopesRepository:9&gt;, sut: SlopesService { })" storage="/mnt/c/users/alena/desktop/7_sem/testing_and_debugging/skiresort/bl.tests/bin/debug/net6.0/bl.tests.dll" id="b2302840-9bb7-540c-b1fb-cdf63531ab4c">
      <Execution id="dc5ca624-a20a-4694-9568-2e904caee0fe" />
      <TestMethod codeBase="/mnt/c/Users/alena/Desktop/7_sem/testing_and_debugging/SkiResort/BL.Tests/bin/Debug/net6.0/BL.Tests.dll" adapterTypeName="executor://xunit/VsTestRunner2/netcoreapp" className="BL.Tests.SlopesServiceTest" name="TestGetSlopeInfoAsync" />
    </UnitTest>
    <UnitTest name="BL.Tests.SlopesServiceTest.TestUpdateSlopeInfoAsync(userID: 129, slope: Slope { SlopeID = 112, SlopeName = slopeNameae6c8d11-c46a-41d3-80a7-d532bc2a8a71, IsOpen = True, DifficultyLevel = 213, ConnectedLifts =  }, checkPermissionServiceMock: Mock&lt;ICheckPermissionService:8&gt;, slopesRepositoryStub: Mock&lt;ISlopesRepository:6&gt;, sut: SlopesService { })" storage="/mnt/c/users/alena/desktop/7_sem/testing_and_debugging/skiresort/bl.tests/bin/debug/net6.0/bl.tests.dll" id="f65875ca-5c4a-435b-2b7d-41ea51b43102">
      <Execution id="f6cc7fb2-d1b3-4bd7-893e-8a736a6d014d" />
      <TestMethod codeBase="/mnt/c/Users/alena/Desktop/7_sem/testing_and_debugging/SkiResort/BL.Tests/bin/Debug/net6.0/BL.Tests.dll" adapterTypeName="executor://xunit/VsTestRunner2/netcoreapp" className="BL.Tests.SlopesServiceTest" name="TestUpdateSlopeInfoAsync" />
    </UnitTest>
    <UnitTest name="BL.Tests.CheckPermissionsServiceTests.AuthorizedHasAccessToAuthorizedFunctions(functionName: &quot;LogOutAsync&quot;)" storage="/mnt/c/users/alena/desktop/7_sem/testing_and_debugging/skiresort/bl.tests/bin/debug/net6.0/bl.tests.dll" id="aa28a6b3-21d3-aa45-24d3-bef2facbc899">
      <Execution id="0f71f043-8197-4ba1-b7e0-c74ada84c9ef" />
      <TestMethod codeBase="/mnt/c/Users/alena/Desktop/7_sem/testing_and_debugging/SkiResort/BL.Tests/bin/Debug/net6.0/BL.Tests.dll" adapterTypeName="executor://xunit/VsTestRunner2/netcoreapp" className="BL.Tests.CheckPermissionsServiceTests" name="AuthorizedHasAccessToAuthorizedFunctions" />
    </UnitTest>
    <UnitTest name="BL.Tests.UsersServiceTests.TestAdminUpdateUser" storage="/mnt/c/users/alena/desktop/7_sem/testing_and_debugging/skiresort/bl.tests/bin/debug/net6.0/bl.tests.dll" id="06d0bc3a-24a0-fb7f-4277-e9ae6d21c7dd">
      <Execution id="d8cf1bc8-0542-4a3b-82b7-0996e2e14e98" />
      <TestMethod codeBase="/mnt/c/Users/alena/Desktop/7_sem/testing_and_debugging/SkiResort/BL.Tests/bin/Debug/net6.0/BL.Tests.dll" adapterTypeName="executor://xunit/VsTestRunner2/netcoreapp" className="BL.Tests.UsersServiceTests" name="TestAdminUpdateUser" />
    </UnitTest>
    <UnitTest name="BL.Tests.UsersServiceTests.TestLogInOk" storage="/mnt/c/users/alena/desktop/7_sem/testing_and_debugging/skiresort/bl.tests/bin/debug/net6.0/bl.tests.dll" id="1ca07ad8-f799-c5d4-e7cc-34fd950198a2">
      <Execution id="be1f3168-1277-434f-986c-e4b6543dc815" />
      <TestMethod codeBase="/mnt/c/Users/alena/Desktop/7_sem/testing_and_debugging/SkiResort/BL.Tests/bin/Debug/net6.0/BL.Tests.dll" adapterTypeName="executor://xunit/VsTestRunner2/netcoreapp" className="BL.Tests.UsersServiceTests" name="TestLogInOk" />
    </UnitTest>
    <UnitTest name="BL.Tests.UsersServiceTests.TestAdminGetUsers" storage="/mnt/c/users/alena/desktop/7_sem/testing_and_debugging/skiresort/bl.tests/bin/debug/net6.0/bl.tests.dll" id="20ad8570-0170-85de-dcd7-2f109dd7bcd6">
      <Execution id="5a34c13a-5952-4443-bc6d-45c769c5801c" />
      <TestMethod codeBase="/mnt/c/Users/alena/Desktop/7_sem/testing_and_debugging/SkiResort/BL.Tests/bin/Debug/net6.0/BL.Tests.dll" adapterTypeName="executor://xunit/VsTestRunner2/netcoreapp" className="BL.Tests.UsersServiceTests" name="TestAdminGetUsers" />
    </UnitTest>
    <UnitTest name="BL.Tests.CheckPermissionsServiceTests.UnauthorizedHasNoAccessToAdminSkiPatrolFunctions(functionName: &quot;GetMessagesAsync&quot;)" storage="/mnt/c/users/alena/desktop/7_sem/testing_and_debugging/skiresort/bl.tests/bin/debug/net6.0/bl.tests.dll" id="229812f5-9a73-5335-11f5-31330d1348a5">
      <Execution id="a4943215-f105-4acc-91ac-4a310e469a72" />
      <TestMethod codeBase="/mnt/c/Users/alena/Desktop/7_sem/testing_and_debugging/SkiResort/BL.Tests/bin/Debug/net6.0/BL.Tests.dll" adapterTypeName="executor://xunit/VsTestRunner2/netcoreapp" className="BL.Tests.CheckPermissionsServiceTests" name="UnauthorizedHasNoAccessToAdminSkiPatrolFunctions" />
    </UnitTest>
    <UnitTest name="BL.Tests.SlopesServiceTest.TestAdminAddAutoIncrementSlopeAsync(userID: 100, slope: Slope { SlopeID = 102, SlopeName = slopeName205fd6c9-829c-4aa5-a376-c03c24c69615, IsOpen = True, DifficultyLevel = 122, ConnectedLifts =  }, checkPermissionServiceMock: Mock&lt;ICheckPermissionService:10&gt;, slopesRepositoryStub: Mock&lt;ISlopesRepository:8&gt;, sut: SlopesService { })" storage="/mnt/c/users/alena/desktop/7_sem/testing_and_debugging/skiresort/bl.tests/bin/debug/net6.0/bl.tests.dll" id="94f9cc03-a239-ed71-73af-060abdca1c1e">
      <Execution id="416d0853-9989-469f-ac24-168cf172a78c" />
      <TestMethod codeBase="/mnt/c/Users/alena/Desktop/7_sem/testing_and_debugging/SkiResort/BL.Tests/bin/Debug/net6.0/BL.Tests.dll" adapterTypeName="executor://xunit/VsTestRunner2/netcoreapp" className="BL.Tests.SlopesServiceTest" name="TestAdminAddAutoIncrementSlopeAsync" />
    </UnitTest>
    <UnitTest name="BL.Tests.LiftsSlopesServiceTests.TestAdminAddAutoIncrementLiftSlopeAsync(lift: Lift { LiftID = 226, LiftName = liftName97fd3ee1-609a-46b6-80b9-999d837e259c, IsOpen = True, SeatsAmount = 189, LiftingTime = 211, QueueTime = 137, ConnectedSlopes =  }, slope: Slope { SlopeID = 29, SlopeName = slopeName87a37f53-2dc3-4fd0-8fd7-fc9da076731f, IsOpen = False, DifficultyLevel = 192, ConnectedLifts =  }, slopesRepositoryStub: Mock&lt;ISlopesRepository:3&gt;..." storage="/mnt/c/users/alena/desktop/7_sem/testing_and_debugging/skiresort/bl.tests/bin/debug/net6.0/bl.tests.dll" id="a0c52644-114a-7c9c-7913-a7f0f927ea37">
      <Execution id="4b555148-37bb-4eae-972f-8698b388f4d0" />
      <TestMethod codeBase="/mnt/c/Users/alena/Desktop/7_sem/testing_and_debugging/SkiResort/BL.Tests/bin/Debug/net6.0/BL.Tests.dll" adapterTypeName="executor://xunit/VsTestRunner2/netcoreapp" className="BL.Tests.LiftsSlopesServiceTests" name="TestAdminAddAutoIncrementLiftSlopeAsync" />
    </UnitTest>
    <UnitTest name="BL.Tests.LiftsServiceTest.TestAdminDeleteLiftAsync(userID: 42, lift: Lift { LiftID = 10, LiftName = liftName486219d5-6c77-45d5-b011-154781235a71, IsOpen = True, SeatsAmount = 26, LiftingTime = 86, QueueTime = 247, ConnectedSlopes =  }, checkPermissionServiceMock: Mock&lt;ICheckPermissionService:4&gt;, liftsRepositoryStub: Mock&lt;ILiftsRepository:4&gt;, liftsSlopesRepositoryStub: Mock&lt;ILiftsSlopesRepository:4&gt;, sut: LiftsService { })" storage="/mnt/c/users/alena/desktop/7_sem/testing_and_debugging/skiresort/bl.tests/bin/debug/net6.0/bl.tests.dll" id="64371d3a-47fd-9d78-eb35-14ff70c6301a">
      <Execution id="996040de-77ec-4635-b970-3be73ca1354e" />
      <TestMethod codeBase="/mnt/c/Users/alena/Desktop/7_sem/testing_and_debugging/SkiResort/BL.Tests/bin/Debug/net6.0/BL.Tests.dll" adapterTypeName="executor://xunit/VsTestRunner2/netcoreapp" className="BL.Tests.LiftsServiceTest" name="TestAdminDeleteLiftAsync" />
    </UnitTest>
    <UnitTest name="BL.Tests.TurnstilesServiceTest.TestAdminGetTurnstilesAsync(userID: 21, initialTurnstiles: [Turnstile { TurnstileID = 162, LiftID = 120, IsOpen = True }, Turnstile { TurnstileID = 254, LiftID = 133, IsOpen = False }, Turnstile { TurnstileID = 69, LiftID = 251, IsOpen = True }], checkPermissionServiceMock: Mock&lt;ICheckPermissionService:13&gt;, turnstilesRepositoryStub: Mock&lt;ITurnstilesRepository:7&gt;, sut: TurnstilesService { })" storage="/mnt/c/users/alena/desktop/7_sem/testing_and_debugging/skiresort/bl.tests/bin/debug/net6.0/bl.tests.dll" id="13ab9cf1-c042-3f23-9e7a-e77e04d11099">
      <Execution id="9b182cf4-3d4c-49d4-a1ed-ea236494cad9" />
      <TestMethod codeBase="/mnt/c/Users/alena/Desktop/7_sem/testing_and_debugging/SkiResort/BL.Tests/bin/Debug/net6.0/BL.Tests.dll" adapterTypeName="executor://xunit/VsTestRunner2/netcoreapp" className="BL.Tests.TurnstilesServiceTest" name="TestAdminGetTurnstilesAsync" />
    </UnitTest>
    <UnitTest name="BL.Tests.CheckPermissionsServiceTests.AuthorizedHasNoAccessToAdminSkiPatrolFunctions(functionName: &quot;GetLiftsSlopesInfoAsync&quot;)" storage="/mnt/c/users/alena/desktop/7_sem/testing_and_debugging/skiresort/bl.tests/bin/debug/net6.0/bl.tests.dll" id="4f297306-d4f3-8d63-e7f4-1ac0b8c58c74">
      <Execution id="12d8ed13-d4d1-45fa-a1a2-22d371426184" />
      <TestMethod codeBase="/mnt/c/Users/alena/Desktop/7_sem/testing_and_debugging/SkiResort/BL.Tests/bin/Debug/net6.0/BL.Tests.dll" adapterTypeName="executor://xunit/VsTestRunner2/netcoreapp" className="BL.Tests.CheckPermissionsServiceTests" name="AuthorizedHasNoAccessToAdminSkiPatrolFunctions" />
    </UnitTest>
    <UnitTest name="BL.Tests.TurnstilesServiceTest.TestAdminUpdateTurnstileAsync(userID: 182, turnstile: Turnstile { TurnstileID = 66, LiftID = 82, IsOpen = True }, checkPermissionServiceMock: Mock&lt;ICheckPermissionService:14&gt;, turnstilesRepositoryStub: Mock&lt;ITurnstilesRepository:8&gt;, sut: TurnstilesService { })" storage="/mnt/c/users/alena/desktop/7_sem/testing_and_debugging/skiresort/bl.tests/bin/debug/net6.0/bl.tests.dll" id="844c83d5-062a-bfb6-af44-e9532aaa69a5">
      <Execution id="59b634c9-c66e-4e20-a557-4841f6165431" />
      <TestMethod codeBase="/mnt/c/Users/alena/Desktop/7_sem/testing_and_debugging/SkiResort/BL.Tests/bin/Debug/net6.0/BL.Tests.dll" adapterTypeName="executor://xunit/VsTestRunner2/netcoreapp" className="BL.Tests.TurnstilesServiceTest" name="TestAdminUpdateTurnstileAsync" />
    </UnitTest>
    <UnitTest name="BL.Tests.LiftsServiceTest.TestGetLiftInfoAsync(userID: 246, lift: Lift { LiftID = 3, LiftName = liftName56ab4171-7826-4d0b-bb9b-b89611ddcdf0, IsOpen = True, SeatsAmount = 238, LiftingTime = 4, QueueTime = 48, ConnectedSlopes =  }, checkPermissionServiceMock: Mock&lt;ICheckPermissionService:1&gt;, liftsRepositoryStub: Mock&lt;ILiftsRepository:1&gt;, liftsSlopesRepositoryStub: Mock&lt;ILiftsSlopesRepository:1&gt;, sut: LiftsService { })" storage="/mnt/c/users/alena/desktop/7_sem/testing_and_debugging/skiresort/bl.tests/bin/debug/net6.0/bl.tests.dll" id="2c92973d-9c46-cc28-fa89-d55ad8fb6a82">
      <Execution id="8273e48a-c975-4fd1-9855-8bb278036c83" />
      <TestMethod codeBase="/mnt/c/Users/alena/Desktop/7_sem/testing_and_debugging/SkiResort/BL.Tests/bin/Debug/net6.0/BL.Tests.dll" adapterTypeName="executor://xunit/VsTestRunner2/netcoreapp" className="BL.Tests.LiftsServiceTest" name="TestGetLiftInfoAsync" />
    </UnitTest>
    <UnitTest name="BL.Tests.LiftsSlopesServiceTests.TestGetLiftsSlopesInfoAsync(liftsSlopes: [LiftSlope { RecordID = 94, LiftID = 47, SlopeID = 13 }, LiftSlope { RecordID = 125, LiftID = 76, SlopeID = 110 }, LiftSlope { RecordID = 138, LiftID = 60, SlopeID = 14 }], slopesRepositoryStub: Mock&lt;ISlopesRepository:1&gt;, liftsRepositoryStub: Mock&lt;ILiftsRepository:6&gt;, liftsSlopesRepositoryStub: Mock&lt;ILiftsSlopesRepository:6&gt;)" storage="/mnt/c/users/alena/desktop/7_sem/testing_and_debugging/skiresort/bl.tests/bin/debug/net6.0/bl.tests.dll" id="e429852d-a6ed-7c2a-25fd-cd839b159d56">
      <Execution id="4cb2228d-a82e-45e6-9de0-fd91a00b2f87" />
      <TestMethod codeBase="/mnt/c/Users/alena/Desktop/7_sem/testing_and_debugging/SkiResort/BL.Tests/bin/Debug/net6.0/BL.Tests.dll" adapterTypeName="executor://xunit/VsTestRunner2/netcoreapp" className="BL.Tests.LiftsSlopesServiceTests" name="TestGetLiftsSlopesInfoAsync" />
    </UnitTest>
    <UnitTest name="BL.Tests.UsersServiceTests.TestRegisterOk" storage="/mnt/c/users/alena/desktop/7_sem/testing_and_debugging/skiresort/bl.tests/bin/debug/net6.0/bl.tests.dll" id="0eeef75f-6e38-7893-a8fe-cff3e0a970a7">
      <Execution id="d3dc6139-2217-4c3c-b438-3f48b5bf3f17" />
      <TestMethod codeBase="/mnt/c/Users/alena/Desktop/7_sem/testing_and_debugging/SkiResort/BL.Tests/bin/Debug/net6.0/BL.Tests.dll" adapterTypeName="executor://xunit/VsTestRunner2/netcoreapp" className="BL.Tests.UsersServiceTests" name="TestRegisterOk" />
    </UnitTest>
    <UnitTest name="BL.Tests.TurnstilesServiceTest.TestAdminDeleteTurnstileAsync(userID: 190, turnstile: Turnstile { TurnstileID = 224, LiftID = 243, IsOpen = True }, checkPermissionServiceMock: Mock&lt;ICheckPermissionService:15&gt;, turnstilesRepositoryStub: Mock&lt;ITurnstilesRepository:9&gt;, sut: TurnstilesService { })" storage="/mnt/c/users/alena/desktop/7_sem/testing_and_debugging/skiresort/bl.tests/bin/debug/net6.0/bl.tests.dll" id="c78c6647-d7f9-fbb4-9590-04c27d7aa235">
      <Execution id="c35034f1-0c33-4d1b-ad37-5fda0739bc42" />
      <TestMethod codeBase="/mnt/c/Users/alena/Desktop/7_sem/testing_and_debugging/SkiResort/BL.Tests/bin/Debug/net6.0/BL.Tests.dll" adapterTypeName="executor://xunit/VsTestRunner2/netcoreapp" className="BL.Tests.TurnstilesServiceTest" name="TestAdminDeleteTurnstileAsync" />
    </UnitTest>
    <UnitTest name="BL.Tests.CheckPermissionsServiceTests.AuthorizedHasAccessToAuthorizedFunctions(functionName: &quot;SendMessageAsync&quot;)" storage="/mnt/c/users/alena/desktop/7_sem/testing_and_debugging/skiresort/bl.tests/bin/debug/net6.0/bl.tests.dll" id="644ec43e-70cd-c82d-42e7-0d990be1414d">
      <Execution id="bed22535-aa40-4308-a2f8-d08051feb862" />
      <TestMethod codeBase="/mnt/c/Users/alena/Desktop/7_sem/testing_and_debugging/SkiResort/BL.Tests/bin/Debug/net6.0/BL.Tests.dll" adapterTypeName="executor://xunit/VsTestRunner2/netcoreapp" className="BL.Tests.CheckPermissionsServiceTests" name="AuthorizedHasAccessToAuthorizedFunctions" />
    </UnitTest>
    <UnitTest name="BL.Tests.CheckPermissionsServiceTests.UnauthorizedHasNoAccessToAuthorizedFunctions(functionName: &quot;LogOutAsync&quot;)" storage="/mnt/c/users/alena/desktop/7_sem/testing_and_debugging/skiresort/bl.tests/bin/debug/net6.0/bl.tests.dll" id="fa960c5e-f989-2880-784e-8efe538c5231">
      <Execution id="0fcd3f67-0e6a-440b-a4b2-3c612f5b70d6" />
      <TestMethod codeBase="/mnt/c/Users/alena/Desktop/7_sem/testing_and_debugging/SkiResort/BL.Tests/bin/Debug/net6.0/BL.Tests.dll" adapterTypeName="executor://xunit/VsTestRunner2/netcoreapp" className="BL.Tests.CheckPermissionsServiceTests" name="UnauthorizedHasNoAccessToAuthorizedFunctions" />
    </UnitTest>
    <UnitTest name="BL.Tests.CheckPermissionsServiceTests.UnauthorizedHasNoAccessToAuthorizedFunctions(functionName: &quot;SendMessageAsync&quot;)" storage="/mnt/c/users/alena/desktop/7_sem/testing_and_debugging/skiresort/bl.tests/bin/debug/net6.0/bl.tests.dll" id="eaabd2fc-2f4b-5689-59c8-c7ad34a8f634">
      <Execution id="3358f071-90c6-4895-99c6-bd6d059f29a7" />
      <TestMethod codeBase="/mnt/c/Users/alena/Desktop/7_sem/testing_and_debugging/SkiResort/BL.Tests/bin/Debug/net6.0/BL.Tests.dll" adapterTypeName="executor://xunit/VsTestRunner2/netcoreapp" className="BL.Tests.CheckPermissionsServiceTests" name="UnauthorizedHasNoAccessToAuthorizedFunctions" />
    </UnitTest>
    <UnitTest name="BL.Tests.UsersServiceTests.TestRegisterUserWithRepeatedEmail" storage="/mnt/c/users/alena/desktop/7_sem/testing_and_debugging/skiresort/bl.tests/bin/debug/net6.0/bl.tests.dll" id="894941c1-bfa7-d8f9-c047-1e1ceefe2c2f">
      <Execution id="962d877e-f9be-4d11-9465-eeedc3f07956" />
      <TestMethod codeBase="/mnt/c/Users/alena/Desktop/7_sem/testing_and_debugging/SkiResort/BL.Tests/bin/Debug/net6.0/BL.Tests.dll" adapterTypeName="executor://xunit/VsTestRunner2/netcoreapp" className="BL.Tests.UsersServiceTests" name="TestRegisterUserWithRepeatedEmail" />
    </UnitTest>
    <UnitTest name="BL.Tests.LiftsServiceTest.TestAdminAddAutoIncrementLiftAsync(userID: 90, lift: Lift { LiftID = 156, LiftName = liftName41d6b21c-b764-4ffe-9450-cd37cb39f238, IsOpen = True, SeatsAmount = 48, LiftingTime = 244, QueueTime = 193, ConnectedSlopes =  }, checkPermissionServiceMock: Mock&lt;ICheckPermissionService:5&gt;, liftsRepositoryStub: Mock&lt;ILiftsRepository:5&gt;, sut: LiftsService { })" storage="/mnt/c/users/alena/desktop/7_sem/testing_and_debugging/skiresort/bl.tests/bin/debug/net6.0/bl.tests.dll" id="86d96ec5-422c-c673-3838-1367a5fb5add">
      <Execution id="33c0711a-85ea-4f0e-aed5-d7ee7930edf7" />
      <TestMethod codeBase="/mnt/c/Users/alena/Desktop/7_sem/testing_and_debugging/SkiResort/BL.Tests/bin/Debug/net6.0/BL.Tests.dll" adapterTypeName="executor://xunit/VsTestRunner2/netcoreapp" className="BL.Tests.LiftsServiceTest" name="TestAdminAddAutoIncrementLiftAsync" />
    </UnitTest>
    <UnitTest name="BL.Tests.UsersServiceTests.TestRegisterUserWithNoEmail" storage="/mnt/c/users/alena/desktop/7_sem/testing_and_debugging/skiresort/bl.tests/bin/debug/net6.0/bl.tests.dll" id="8184bd30-991c-b78d-b4ec-99a485eac0dd">
      <Execution id="29207034-6601-487d-8140-768064b3e89c" />
      <TestMethod codeBase="/mnt/c/Users/alena/Desktop/7_sem/testing_and_debugging/SkiResort/BL.Tests/bin/Debug/net6.0/BL.Tests.dll" adapterTypeName="executor://xunit/VsTestRunner2/netcoreapp" className="BL.Tests.UsersServiceTests" name="TestRegisterUserWithNoEmail" />
    </UnitTest>
    <UnitTest name="BL.Tests.LiftsServiceTest.TestGetLiftsInfoAsync(userID: 13, initialLifts: [Lift { LiftID = 35, LiftName = liftName7f514552-7aa6-4060-aaab-6c69bd112523, IsOpen = True, SeatsAmount = 174, LiftingTime = 198, QueueTime = 85, ConnectedSlopes =  }, Lift { LiftID = 209, LiftName = liftNamec267163a-1f57-4d75-8009-538f5879c5f6, IsOpen = False, SeatsAmount = 151, LiftingTime = 231, QueueTime = 71, ConnectedSlopes =  }, Lift { LiftID = 30, LiftName = ..." storage="/mnt/c/users/alena/desktop/7_sem/testing_and_debugging/skiresort/bl.tests/bin/debug/net6.0/bl.tests.dll" id="1cf22a38-b3fd-f377-2cd4-dbbbb72256e1">
      <Execution id="6fe91d8f-da91-43c3-b375-ed3bd5075ea7" />
      <TestMethod codeBase="/mnt/c/Users/alena/Desktop/7_sem/testing_and_debugging/SkiResort/BL.Tests/bin/Debug/net6.0/BL.Tests.dll" adapterTypeName="executor://xunit/VsTestRunner2/netcoreapp" className="BL.Tests.LiftsServiceTest" name="TestGetLiftsInfoAsync" />
    </UnitTest>
  </TestDefinitions>
  <TestEntries>
    <TestEntry testId="4f297306-d4f3-8d63-e7f4-1ac0b8c58c74" executionId="12d8ed13-d4d1-45fa-a1a2-22d371426184" testListId="8c84fa94-04c1-424b-9868-57a2d4851a1d" />
    <TestEntry testId="0eeef75f-6e38-7893-a8fe-cff3e0a970a7" executionId="d3dc6139-2217-4c3c-b438-3f48b5bf3f17" testListId="8c84fa94-04c1-424b-9868-57a2d4851a1d" />
    <TestEntry testId="c36970dc-93f7-753e-fa47-157133b01644" executionId="0ae166bc-ef5e-415f-8eca-d52df2e377a8" testListId="8c84fa94-04c1-424b-9868-57a2d4851a1d" />
    <TestEntry testId="2d706594-f2b3-b3c8-21d4-86c9798c3306" executionId="be5cff32-e874-40e0-bc12-0d5226fd40ea" testListId="8c84fa94-04c1-424b-9868-57a2d4851a1d" />
    <TestEntry testId="e2d7e5be-3dae-33ae-fb17-c704b6fd58d6" executionId="f12eded6-ac80-4643-9d87-31b8a9ebd5f8" testListId="8c84fa94-04c1-424b-9868-57a2d4851a1d" />
    <TestEntry testId="64371d3a-47fd-9d78-eb35-14ff70c6301a" executionId="996040de-77ec-4635-b970-3be73ca1354e" testListId="8c84fa94-04c1-424b-9868-57a2d4851a1d" />
    <TestEntry testId="510337f7-27cd-96b4-7908-1f47ead5c5f7" executionId="0d0e0add-be1d-4f08-a029-11c1d797087c" testListId="8c84fa94-04c1-424b-9868-57a2d4851a1d" />
    <TestEntry testId="bae64831-e4e5-aa12-9b13-72bffcf0f4ec" executionId="a94c2ce4-503f-4d14-a1d1-b844a1d7d083" testListId="8c84fa94-04c1-424b-9868-57a2d4851a1d" />
    <TestEntry testId="e6b53fe8-48f0-32b1-1996-6bf574c29956" executionId="2470acc8-a1f7-4ed4-8ccf-6f515c4d0f44" testListId="8c84fa94-04c1-424b-9868-57a2d4851a1d" />
    <TestEntry testId="9c7df5e2-1b23-ebea-889f-b78ca86b60ab" executionId="339edb3f-783a-4039-b57a-48a0b74107a0" testListId="8c84fa94-04c1-424b-9868-57a2d4851a1d" />
    <TestEntry testId="644ec43e-70cd-c82d-42e7-0d990be1414d" executionId="bed22535-aa40-4308-a2f8-d08051feb862" testListId="8c84fa94-04c1-424b-9868-57a2d4851a1d" />
    <TestEntry testId="1ca07ad8-f799-c5d4-e7cc-34fd950198a2" executionId="be1f3168-1277-434f-986c-e4b6543dc815" testListId="8c84fa94-04c1-424b-9868-57a2d4851a1d" />
    <TestEntry testId="94f9cc03-a239-ed71-73af-060abdca1c1e" executionId="416d0853-9989-469f-ac24-168cf172a78c" testListId="8c84fa94-04c1-424b-9868-57a2d4851a1d" />
    <TestEntry testId="a0c52644-114a-7c9c-7913-a7f0f927ea37" executionId="4b555148-37bb-4eae-972f-8698b388f4d0" testListId="8c84fa94-04c1-424b-9868-57a2d4851a1d" />
    <TestEntry testId="f65875ca-5c4a-435b-2b7d-41ea51b43102" executionId="f6cc7fb2-d1b3-4bd7-893e-8a736a6d014d" testListId="8c84fa94-04c1-424b-9868-57a2d4851a1d" />
    <TestEntry testId="387c9729-48c1-486e-5e67-f5d11a9f0db8" executionId="1ebe59ba-6d57-4690-ba1c-2d14262d8820" testListId="8c84fa94-04c1-424b-9868-57a2d4851a1d" />
    <TestEntry testId="8184bd30-991c-b78d-b4ec-99a485eac0dd" executionId="29207034-6601-487d-8140-768064b3e89c" testListId="8c84fa94-04c1-424b-9868-57a2d4851a1d" />
    <TestEntry testId="c78c6647-d7f9-fbb4-9590-04c27d7aa235" executionId="c35034f1-0c33-4d1b-ad37-5fda0739bc42" testListId="8c84fa94-04c1-424b-9868-57a2d4851a1d" />
    <TestEntry testId="a19a5fcf-c5d2-7d44-5d7d-84403042f4e0" executionId="f72d3b0f-cca2-429b-a15a-4b8fce229497" testListId="8c84fa94-04c1-424b-9868-57a2d4851a1d" />
    <TestEntry testId="fa960c5e-f989-2880-784e-8efe538c5231" executionId="0fcd3f67-0e6a-440b-a4b2-3c612f5b70d6" testListId="8c84fa94-04c1-424b-9868-57a2d4851a1d" />
    <TestEntry testId="aa28a6b3-21d3-aa45-24d3-bef2facbc899" executionId="0f71f043-8197-4ba1-b7e0-c74ada84c9ef" testListId="8c84fa94-04c1-424b-9868-57a2d4851a1d" />
    <TestEntry testId="eaabd2fc-2f4b-5689-59c8-c7ad34a8f634" executionId="3358f071-90c6-4895-99c6-bd6d059f29a7" testListId="8c84fa94-04c1-424b-9868-57a2d4851a1d" />
    <TestEntry testId="834c739b-eca4-b36d-6a66-5a1bd75377b8" executionId="62b88288-539b-4ee3-9145-9553dded9c80" testListId="8c84fa94-04c1-424b-9868-57a2d4851a1d" />
    <TestEntry testId="b2302840-9bb7-540c-b1fb-cdf63531ab4c" executionId="dc5ca624-a20a-4694-9568-2e904caee0fe" testListId="8c84fa94-04c1-424b-9868-57a2d4851a1d" />
    <TestEntry testId="492c0393-35b4-df26-a537-21ca08302f3c" executionId="1ba7ac36-8408-4476-a58a-a143a50f60c3" testListId="8c84fa94-04c1-424b-9868-57a2d4851a1d" />
    <TestEntry testId="86d96ec5-422c-c673-3838-1367a5fb5add" executionId="33c0711a-85ea-4f0e-aed5-d7ee7930edf7" testListId="8c84fa94-04c1-424b-9868-57a2d4851a1d" />
    <TestEntry testId="13ab9cf1-c042-3f23-9e7a-e77e04d11099" executionId="9b182cf4-3d4c-49d4-a1ed-ea236494cad9" testListId="8c84fa94-04c1-424b-9868-57a2d4851a1d" />
    <TestEntry testId="e429852d-a6ed-7c2a-25fd-cd839b159d56" executionId="4cb2228d-a82e-45e6-9de0-fd91a00b2f87" testListId="8c84fa94-04c1-424b-9868-57a2d4851a1d" />
    <TestEntry testId="60bd668f-04df-da5e-b79b-5d9aedb5234d" executionId="cfeacc10-c4ba-45d2-80b2-45a098594902" testListId="8c84fa94-04c1-424b-9868-57a2d4851a1d" />
    <TestEntry testId="8b30fdfd-e331-30e2-783c-1d176358ae6d" executionId="3d8822b2-7635-45fd-ba5b-f77853308fd9" testListId="8c84fa94-04c1-424b-9868-57a2d4851a1d" />
    <TestEntry testId="1cf22a38-b3fd-f377-2cd4-dbbbb72256e1" executionId="6fe91d8f-da91-43c3-b375-ed3bd5075ea7" testListId="8c84fa94-04c1-424b-9868-57a2d4851a1d" />
    <TestEntry testId="06d0bc3a-24a0-fb7f-4277-e9ae6d21c7dd" executionId="d8cf1bc8-0542-4a3b-82b7-0996e2e14e98" testListId="8c84fa94-04c1-424b-9868-57a2d4851a1d" />
    <TestEntry testId="2c92973d-9c46-cc28-fa89-d55ad8fb6a82" executionId="8273e48a-c975-4fd1-9855-8bb278036c83" testListId="8c84fa94-04c1-424b-9868-57a2d4851a1d" />
    <TestEntry testId="69340bb6-3645-f9dd-971e-29d8b2a009bb" executionId="71fd41dc-2626-44a6-adf8-ea0c22d2daf3" testListId="8c84fa94-04c1-424b-9868-57a2d4851a1d" />
    <TestEntry testId="229812f5-9a73-5335-11f5-31330d1348a5" executionId="a4943215-f105-4acc-91ac-4a310e469a72" testListId="8c84fa94-04c1-424b-9868-57a2d4851a1d" />
    <TestEntry testId="18fa8c62-e27d-e1fc-8182-4d7db62b008d" executionId="9b4fb5e5-a693-4f34-b5a7-5e3c71a44f4f" testListId="8c84fa94-04c1-424b-9868-57a2d4851a1d" />
    <TestEntry testId="e5497347-2721-b7a6-0bd4-69a9921f6947" executionId="d6d8ae7b-bc6d-4ab1-9e67-01c1ffa0ff20" testListId="8c84fa94-04c1-424b-9868-57a2d4851a1d" />
    <TestEntry testId="a2e59116-cb53-1d70-9cb8-21c286516866" executionId="d9ed116b-f020-4f83-9924-a334dcb408da" testListId="8c84fa94-04c1-424b-9868-57a2d4851a1d" />
    <TestEntry testId="c744b895-7986-9809-d045-4b84dd395802" executionId="7bb6aa95-d7e8-4e8f-87df-ac9770b5ff3e" testListId="8c84fa94-04c1-424b-9868-57a2d4851a1d" />
    <TestEntry testId="20ad8570-0170-85de-dcd7-2f109dd7bcd6" executionId="5a34c13a-5952-4443-bc6d-45c769c5801c" testListId="8c84fa94-04c1-424b-9868-57a2d4851a1d" />
    <TestEntry testId="74b40006-3678-ad69-ba44-4c36d10bd081" executionId="8f79191a-aa68-4cb8-9693-d3dbef1659a3" testListId="8c84fa94-04c1-424b-9868-57a2d4851a1d" />
    <TestEntry testId="f3efc418-a8a6-c7b7-9bac-90b33aa8472f" executionId="eb72d4ed-b34a-480a-a51c-3a159ac81b08" testListId="8c84fa94-04c1-424b-9868-57a2d4851a1d" />
    <TestEntry testId="58d901af-e0f8-6cf5-726e-3de3baa3d06f" executionId="21b91c3a-c5ce-4052-bb13-6b066521589d" testListId="8c84fa94-04c1-424b-9868-57a2d4851a1d" />
    <TestEntry testId="2602613f-c8e2-a6d9-fcf7-5b27d4a770a6" executionId="96598199-5319-4d7a-b04c-5faa8019943d" testListId="8c84fa94-04c1-424b-9868-57a2d4851a1d" />
    <TestEntry testId="894941c1-bfa7-d8f9-c047-1e1ceefe2c2f" executionId="962d877e-f9be-4d11-9465-eeedc3f07956" testListId="8c84fa94-04c1-424b-9868-57a2d4851a1d" />
    <TestEntry testId="844c83d5-062a-bfb6-af44-e9532aaa69a5" executionId="59b634c9-c66e-4e20-a557-4841f6165431" testListId="8c84fa94-04c1-424b-9868-57a2d4851a1d" />
    <TestEntry testId="f44a1b21-8efc-bfac-63b4-d534442def31" executionId="336846e9-c5dd-4f4f-91c0-55cf5048a52f" testListId="8c84fa94-04c1-424b-9868-57a2d4851a1d" />
  </TestEntries>
  <TestLists>
    <TestList name="Results Not in a List" id="8c84fa94-04c1-424b-9868-57a2d4851a1d" />
    <TestList name="All Loaded Results" id="19431567-8539-422a-85d7-44ee4e166bda" />
  </TestLists>
  <ResultSummary outcome="Failed">
    <Counters total="47" executed="47" passed="46" failed="1" error="0" timeout="0" aborted="0" inconclusive="0" passedButRunAborted="0" notRunnable="0" notExecuted="0" disconnected="0" warning="0" completed="0" inProgress="0" pending="0" />
    <Output>
      <StdOut>[xUnit.net 00:00:00.00] xUnit.net VSTest Adapter v2.4.5+1caef2f33e (64-bit .NET 6.0.10)
[xUnit.net 00:00:00.88]   Discovering: BL.Tests
[xUnit.net 00:00:01.09]   Discovered:  BL.Tests
[xUnit.net 00:00:01.10]   Starting:    BL.Tests
[xUnit.net 00:00:01.51]       Assert.NotEqual() Failure
[xUnit.net 00:00:01.51]       Expected: Not Lift { LiftID = 3, LiftName = liftName56ab4171-7826-4d0b-bb9b-b89611ddcdf0, IsOpen = True, SeatsAmount = 238, LiftingTime = 4, QueueTime = 48, ConnectedSlopes =  }
[xUnit.net 00:00:01.51]       Actual:   Lift { LiftID = 3, LiftName = liftName56ab4171-7826-4d0b-bb9b-b89611ddcdf0, IsOpen = True, SeatsAmount = 238, LiftingTime = 4, QueueTime = 48, ConnectedSlopes =  }
[xUnit.net 00:00:01.51]       Stack Trace:
[xUnit.net 00:00:01.51]         /mnt/c/Users/alena/Desktop/7_sem/testing_and_debugging/SkiResort/BL.Tests/LiftsServiceTest.cs(42,0): at BL.Tests.LiftsServiceTest.TestGetLiftInfoAsync(UInt32 userID, Lift lift, Mock`1 checkPermissionServiceMock, Mock`1 liftsRepositoryStub, Mock`1 liftsSlopesRepositoryStub, LiftsService sut)
[xUnit.net 00:00:01.51]            at System.Threading.Tasks.Task.&lt;&gt;c.&lt;ThrowAsync&gt;b__128_0(Object state)
[xUnit.net 00:00:01.61]   Finished:    BL.Tests
</StdOut>
    </Output>
    <RunInfos>
      <RunInfo computerName="DESKTOP-TJ9D65N" outcome="Error" timestamp="2022-11-03T11:18:38.5228723+03:00">
        <Text>[xUnit.net 00:00:01.50]     BL.Tests.LiftsServiceTest.TestGetLiftInfoAsync(userID: 246, lift: Lift { LiftID = 3, LiftName = liftName56ab4171-7826-4d0b-bb9b-b89611ddcdf0, IsOpen = True, SeatsAmount = 238, LiftingTime = 4, QueueTime = 48, ConnectedSlopes =  }, checkPermissionServiceMock: Mock&lt;ICheckPermissionService:1&gt;, liftsRepositoryStub: Mock&lt;ILiftsRepository:1&gt;, liftsSlopesRepositoryStub: Mock&lt;ILiftsSlopesRepository:1&gt;, sut: LiftsService { }) [FAIL]</Text>
      </RunInfo>
    </RunInfos>
  </ResultSummary>
</TestRun>