<?xml version="1.0" encoding="utf-8"?>
<TestRun id="b01f9726-5dc2-47ac-bea5-2c5eae892808" name="@DESKTOP-TJ9D65N 2022-11-03 11:07:26" xmlns="http://microsoft.com/schemas/VisualStudio/TeamTest/2010">
  <Times creation="2022-11-03T11:07:26.6545763+03:00" queuing="2022-11-03T11:07:26.6545764+03:00" start="2022-11-03T11:07:24.2769701+03:00" finish="2022-11-03T11:07:26.8375785+03:00" />
  <TestSettings name="default" id="3abb0b49-e76e-4092-b54b-c2c2215574c5">
    <Deployment runDeploymentRoot="_DESKTOP-TJ9D65N_2022-11-03_11_07_26" />
  </TestSettings>
  <Results>
    <UnitTestResult executionId="72b671d3-1267-4b74-b9d8-2797a50fa96e" testId="0eeef75f-6e38-7893-a8fe-cff3e0a970a7" testName="BL.Tests.UsersServiceTests.TestRegisterOk" computerName="DESKTOP-TJ9D65N" duration="00:00:00.0111637" startTime="2022-11-03T11:07:26.6390512+03:00" endTime="2022-11-03T11:07:26.6390512+03:00" testType="13cdc9d9-ddb5-4fa4-a97d-d965ccfc6d4b" outcome="Passed" testListId="8c84fa94-04c1-424b-9868-57a2d4851a1d" relativeResultsDirectory="72b671d3-1267-4b74-b9d8-2797a50fa96e" />
    <UnitTestResult executionId="877acc33-5669-48f2-a96f-007c57be02ea" testId="aa28a6b3-21d3-aa45-24d3-bef2facbc899" testName="BL.Tests.CheckPermissionsServiceTests.AuthorizedHasAccessToAuthorizedFunctions(functionName: &quot;LogOutAsync&quot;)" computerName="DESKTOP-TJ9D65N" duration="00:00:00.0016350" startTime="2022-11-03T11:07:26.7228813+03:00" endTime="2022-11-03T11:07:26.7228814+03:00" testType="13cdc9d9-ddb5-4fa4-a97d-d965ccfc6d4b" outcome="Passed" testListId="8c84fa94-04c1-424b-9868-57a2d4851a1d" relativeResultsDirectory="877acc33-5669-48f2-a96f-007c57be02ea" />
    <UnitTestResult executionId="fbe93b34-edfc-4ad0-96b4-c9f64fcffbe3" testId="644ec43e-70cd-c82d-42e7-0d990be1414d" testName="BL.Tests.CheckPermissionsServiceTests.AuthorizedHasAccessToAuthorizedFunctions(functionName: &quot;SendMessageAsync&quot;)" computerName="DESKTOP-TJ9D65N" duration="00:00:00.0021640" startTime="2022-11-03T11:07:26.7126662+03:00" endTime="2022-11-03T11:07:26.7126663+03:00" testType="13cdc9d9-ddb5-4fa4-a97d-d965ccfc6d4b" outcome="Passed" testListId="8c84fa94-04c1-424b-9868-57a2d4851a1d" relativeResultsDirectory="fbe93b34-edfc-4ad0-96b4-c9f64fcffbe3" />
    <UnitTestResult executionId="d87485db-57e1-4672-b6c6-2df33cbed7a2" testId="c47811c0-7cb1-e3f2-b624-64f792f12415" testName="BL.Tests.TurnstilesServiceTest.TestAdminDeleteTurnstileAsync(userID: 179, turnstile: Turnstile { TurnstileID = 125, LiftID = 138, IsOpen = True }, checkPermissionServiceMock: Mock&lt;ICheckPermissionService:15&gt;, turnstilesRepositoryStub: Mock&lt;ITurnstilesRepository:9&gt;, sut: TurnstilesService { })" computerName="DESKTOP-TJ9D65N" duration="00:00:00.0058286" startTime="2022-11-03T11:07:26.5856952+03:00" endTime="2022-11-03T11:07:26.5856952+03:00" testType="13cdc9d9-ddb5-4fa4-a97d-d965ccfc6d4b" outcome="Passed" testListId="8c84fa94-04c1-424b-9868-57a2d4851a1d" relativeResultsDirectory="d87485db-57e1-4672-b6c6-2df33cbed7a2" />
    <UnitTestResult executionId="46d7b89d-4125-4a0c-9e1c-0f72558d5ec5" testId="6b0fbe0b-acc8-8d49-a21a-e017f4502488" testName="BL.Tests.LiftsSlopesServiceTests.TestAdminDeleteLiftSlopeAsync(lift: Lift { LiftID = 216, LiftName = liftName7e389474-684e-4ee0-9832-b9e5cb1ba696, IsOpen = True, SeatsAmount = 134, LiftingTime = 27, QueueTime = 44, ConnectedSlopes =  }, slope: Slope { SlopeID = 208, SlopeName = slopeName22fdded3-a0fc-49f5-bb42-2fcb63b9a64f, IsOpen = False, DifficultyLevel = 224, ConnectedLifts =  }, slopesRepositoryStub: Mock&lt;ISlopesRepository:2&gt;, liftsRepositoryStub: Mock&lt;ILiftsRepository:7&gt;, liftsSlopesRepositoryStub: Mock&lt;ILiftsSlopesRepository:7&gt;)" computerName="DESKTOP-TJ9D65N" duration="00:00:00.0381926" startTime="2022-11-03T11:07:26.4833835+03:00" endTime="2022-11-03T11:07:26.4833835+03:00" testType="13cdc9d9-ddb5-4fa4-a97d-d965ccfc6d4b" outcome="Passed" testListId="8c84fa94-04c1-424b-9868-57a2d4851a1d" relativeResultsDirectory="46d7b89d-4125-4a0c-9e1c-0f72558d5ec5" />
    <UnitTestResult executionId="022573c5-540b-4fce-b019-a3f6817881a7" testId="fa960c5e-f989-2880-784e-8efe538c5231" testName="BL.Tests.CheckPermissionsServiceTests.UnauthorizedHasNoAccessToAuthorizedFunctions(functionName: &quot;LogOutAsync&quot;)" computerName="DESKTOP-TJ9D65N" duration="00:00:00.0022407" startTime="2022-11-03T11:07:26.5926587+03:00" endTime="2022-11-03T11:07:26.5926588+03:00" testType="13cdc9d9-ddb5-4fa4-a97d-d965ccfc6d4b" outcome="Passed" testListId="8c84fa94-04c1-424b-9868-57a2d4851a1d" relativeResultsDirectory="022573c5-540b-4fce-b019-a3f6817881a7" />
    <UnitTestResult executionId="7b520c24-5e47-4657-9187-0b906a4aafa8" testId="c36970dc-93f7-753e-fa47-157133b01644" testName="BL.Tests.CheckPermissionsServiceTests.SkiPatrolHasAccessToAdminSkiPatrolFunctions(functionName: &quot;GetMessagesAsync&quot;)" computerName="DESKTOP-TJ9D65N" duration="00:00:00.0008443" startTime="2022-11-03T11:07:26.6533349+03:00" endTime="2022-11-03T11:07:26.6533350+03:00" testType="13cdc9d9-ddb5-4fa4-a97d-d965ccfc6d4b" outcome="Passed" testListId="8c84fa94-04c1-424b-9868-57a2d4851a1d" relativeResultsDirectory="7b520c24-5e47-4657-9187-0b906a4aafa8" />
    <UnitTestResult executionId="fddda91f-c54a-46b0-b365-2a02874e4989" testId="e2d7e5be-3dae-33ae-fb17-c704b6fd58d6" testName="BL.Tests.CheckPermissionsServiceTests.UnauthorizedHasNoAccessToAdminFunctions" computerName="DESKTOP-TJ9D65N" duration="00:00:00.0023991" startTime="2022-11-03T11:07:26.7325514+03:00" endTime="2022-11-03T11:07:26.7325515+03:00" testType="13cdc9d9-ddb5-4fa4-a97d-d965ccfc6d4b" outcome="Passed" testListId="8c84fa94-04c1-424b-9868-57a2d4851a1d" relativeResultsDirectory="fddda91f-c54a-46b0-b365-2a02874e4989" />
    <UnitTestResult executionId="df1e75dc-a08b-4ab2-9f82-01c4584bce66" testId="9c7df5e2-1b23-ebea-889f-b78ca86b60ab" testName="BL.Tests.CheckPermissionsServiceTests.AuthorizedHasNoAccessToAdminSkiPatrolFunctions(functionName: &quot;MarkMessageReadByUserAsync&quot;)" computerName="DESKTOP-TJ9D65N" duration="00:00:00.0013734" startTime="2022-11-03T11:07:26.6930013+03:00" endTime="2022-11-03T11:07:26.6930014+03:00" testType="13cdc9d9-ddb5-4fa4-a97d-d965ccfc6d4b" outcome="Passed" testListId="8c84fa94-04c1-424b-9868-57a2d4851a1d" relativeResultsDirectory="df1e75dc-a08b-4ab2-9f82-01c4584bce66" />
    <UnitTestResult executionId="b0bd3b9b-1ea0-4bd8-9e3b-0251443ae641" testId="f46c2eca-763f-d3c4-2f3a-2d5deefed581" testName="BL.Tests.LiftsServiceTest.TestAdminAddAutoIncrementLiftAsync(userID: 137, lift: Lift { LiftID = 158, LiftName = liftName82e24501-224b-49d2-8073-64eab024b324, IsOpen = True, SeatsAmount = 25, LiftingTime = 60, QueueTime = 61, ConnectedSlopes =  }, checkPermissionServiceMock: Mock&lt;ICheckPermissionService:5&gt;, liftsRepositoryStub: Mock&lt;ILiftsRepository:5&gt;, sut: LiftsService { })" computerName="DESKTOP-TJ9D65N" duration="00:00:00.0122958" startTime="2022-11-03T11:07:26.6125257+03:00" endTime="2022-11-03T11:07:26.6125258+03:00" testType="13cdc9d9-ddb5-4fa4-a97d-d965ccfc6d4b" outcome="Passed" testListId="8c84fa94-04c1-424b-9868-57a2d4851a1d" relativeResultsDirectory="b0bd3b9b-1ea0-4bd8-9e3b-0251443ae641" />
    <UnitTestResult executionId="671348fc-ee22-4273-ba45-9fa5303aa178" testId="f34c0ed0-fcae-c47f-5f83-0c1be1bb6de5" testName="BL.Tests.TurnstilesServiceTest.TestAdminGetTurnstileAsync(userID: 94, turnstile: Turnstile { TurnstileID = 44, LiftID = 157, IsOpen = True }, checkPermissionServiceMock: Mock&lt;ICheckPermissionService:12&gt;, turnstilesRepositoryStub: Mock&lt;ITurnstilesRepository:6&gt;, sut: TurnstilesService { })" computerName="DESKTOP-TJ9D65N" duration="00:00:00.0057640" startTime="2022-11-03T11:07:26.5872904+03:00" endTime="2022-11-03T11:07:26.5872905+03:00" testType="13cdc9d9-ddb5-4fa4-a97d-d965ccfc6d4b" outcome="Passed" testListId="8c84fa94-04c1-424b-9868-57a2d4851a1d" relativeResultsDirectory="671348fc-ee22-4273-ba45-9fa5303aa178" />
    <UnitTestResult executionId="33fac42d-1d9f-43b2-bc2e-51f1883987a3" testId="f3efc418-a8a6-c7b7-9bac-90b33aa8472f" testName="BL.Tests.CheckPermissionsServiceTests.AdminHasAccessToAllFunctions" computerName="DESKTOP-TJ9D65N" duration="00:00:00.0018237" startTime="2022-11-03T11:07:26.7522379+03:00" endTime="2022-11-03T11:07:26.7522379+03:00" testType="13cdc9d9-ddb5-4fa4-a97d-d965ccfc6d4b" outcome="Passed" testListId="8c84fa94-04c1-424b-9868-57a2d4851a1d" relativeResultsDirectory="33fac42d-1d9f-43b2-bc2e-51f1883987a3" />
    <UnitTestResult executionId="c7e15364-032b-425f-bbad-dbb8a710aa5f" testId="60bd668f-04df-da5e-b79b-5d9aedb5234d" testName="BL.Tests.CheckPermissionsServiceTests.SkiPatrolHasAccessToAdminSkiPatrolFunctions(functionName: &quot;MarkMessageReadByUserAsync&quot;)" computerName="DESKTOP-TJ9D65N" duration="00:00:00.0021709" startTime="2022-11-03T11:07:26.6413293+03:00" endTime="2022-11-03T11:07:26.6413294+03:00" testType="13cdc9d9-ddb5-4fa4-a97d-d965ccfc6d4b" outcome="Passed" testListId="8c84fa94-04c1-424b-9868-57a2d4851a1d" relativeResultsDirectory="c7e15364-032b-425f-bbad-dbb8a710aa5f" />
    <UnitTestResult executionId="cddb4985-cc82-4b04-99ab-200ed5d8a5ce" testId="06d0bc3a-24a0-fb7f-4277-e9ae6d21c7dd" testName="BL.Tests.UsersServiceTests.TestAdminUpdateUser" computerName="DESKTOP-TJ9D65N" duration="00:00:00.0090761" startTime="2022-11-03T11:07:26.6120078+03:00" endTime="2022-11-03T11:07:26.6120079+03:00" testType="13cdc9d9-ddb5-4fa4-a97d-d965ccfc6d4b" outcome="Passed" testListId="8c84fa94-04c1-424b-9868-57a2d4851a1d" relativeResultsDirectory="cddb4985-cc82-4b04-99ab-200ed5d8a5ce" />
    <UnitTestResult executionId="99e2d99e-a10f-498d-bcd2-9fc5f4afade5" testId="492c0393-35b4-df26-a537-21ca08302f3c" testName="BL.Tests.CheckPermissionsServiceTests.SkiPatrolHasNoAccessToAdminFunctions" computerName="DESKTOP-TJ9D65N" duration="00:00:00.0023724" startTime="2022-11-03T11:07:26.7420906+03:00" endTime="2022-11-03T11:07:26.7420907+03:00" testType="13cdc9d9-ddb5-4fa4-a97d-d965ccfc6d4b" outcome="Passed" testListId="8c84fa94-04c1-424b-9868-57a2d4851a1d" relativeResultsDirectory="99e2d99e-a10f-498d-bcd2-9fc5f4afade5" />
    <UnitTestResult executionId="ebc18f32-f80f-4934-b526-63245273fe50" testId="11f44564-b138-f0ec-0934-52edbbfe0ec7" testName="BL.Tests.SlopesServiceTest.TestGetSlopesInfoAsync(userID: 212, initialSlopes: [Slope { SlopeID = 48, SlopeName = slopeName2a4e113a-881b-497a-8da9-7c17173070d1, IsOpen = True, DifficultyLevel = 200, ConnectedLifts =  }, Slope { SlopeID = 196, SlopeName = slopeName45dbc3e0-df70-47b4-9e8e-e8f1ea1330be, IsOpen = False, DifficultyLevel = 42, ConnectedLifts =  }, Slope { SlopeID = 197, SlopeName = slopeName7514f7fb-02c0-48e4-934b-72e0ccdda235, IsOpen = True, DifficultyLevel = 120, ConnectedLifts =  }], checkPermissionServiceMock: Mock&lt;ICheckPermissionService:7&gt;, slopesRepositoryStub: Mock&lt;ISlopesRepository:5&gt;, liftsSlopesRepositoryStub: Mock&lt;ILiftsSlopesRepository:10&gt;, sut: SlopesService { })" computerName="DESKTOP-TJ9D65N" duration="00:00:00.0638963" startTime="2022-11-03T11:07:26.4995167+03:00" endTime="2022-11-03T11:07:26.4995168+03:00" testType="13cdc9d9-ddb5-4fa4-a97d-d965ccfc6d4b" outcome="Passed" testListId="8c84fa94-04c1-424b-9868-57a2d4851a1d" relativeResultsDirectory="ebc18f32-f80f-4934-b526-63245273fe50" />
    <UnitTestResult executionId="fd41e98b-a751-47bb-aff2-a7cd7ef62bf3" testId="4f297306-d4f3-8d63-e7f4-1ac0b8c58c74" testName="BL.Tests.CheckPermissionsServiceTests.AuthorizedHasNoAccessToAdminSkiPatrolFunctions(functionName: &quot;GetLiftsSlopesInfoAsync&quot;)" computerName="DESKTOP-TJ9D65N" duration="00:00:00.0015257" startTime="2022-11-03T11:07:26.7023353+03:00" endTime="2022-11-03T11:07:26.7023353+03:00" testType="13cdc9d9-ddb5-4fa4-a97d-d965ccfc6d4b" outcome="Passed" testListId="8c84fa94-04c1-424b-9868-57a2d4851a1d" relativeResultsDirectory="fd41e98b-a751-47bb-aff2-a7cd7ef62bf3" />
    <UnitTestResult executionId="8b293a8e-cdb0-454f-92be-0fa59f373616" testId="688e2a82-afce-8f3e-14b4-5d28afbce970" testName="BL.Tests.SlopesServiceTest.TestAdminAddAutoIncrementSlopeAsync(userID: 93, slope: Slope { SlopeID = 223, SlopeName = slopeName0cb0c937-0b67-4214-9f32-9b1105272ce0, IsOpen = True, DifficultyLevel = 74, ConnectedLifts =  }, checkPermissionServiceMock: Mock&lt;ICheckPermissionService:10&gt;, slopesRepositoryStub: Mock&lt;ISlopesRepository:8&gt;, sut: SlopesService { })" computerName="DESKTOP-TJ9D65N" duration="00:00:00.0078522" startTime="2022-11-03T11:07:26.5857319+03:00" endTime="2022-11-03T11:07:26.5857320+03:00" testType="13cdc9d9-ddb5-4fa4-a97d-d965ccfc6d4b" outcome="Passed" testListId="8c84fa94-04c1-424b-9868-57a2d4851a1d" relativeResultsDirectory="8b293a8e-cdb0-454f-92be-0fa59f373616" />
    <UnitTestResult executionId="20f59ca2-7592-4bcc-8b12-830a92529977" testId="d254fb4b-d281-b9ca-dba9-716623e6ebbe" testName="BL.Tests.TurnstilesServiceTest.TestAdminAddAutoIncrementTurnstileAsync(userID: 15, turnstile: Turnstile { TurnstileID = 133, LiftID = 197, IsOpen = True }, checkPermissionServiceMock: Mock&lt;ICheckPermissionService:16&gt;, turnstilesRepositoryStub: Mock&lt;ITurnstilesRepository:10&gt;, sut: TurnstilesService { })" computerName="DESKTOP-TJ9D65N" duration="00:00:00.0394273" startTime="2022-11-03T11:07:26.4833424+03:00" endTime="2022-11-03T11:07:26.4833426+03:00" testType="13cdc9d9-ddb5-4fa4-a97d-d965ccfc6d4b" outcome="Passed" testListId="8c84fa94-04c1-424b-9868-57a2d4851a1d" relativeResultsDirectory="20f59ca2-7592-4bcc-8b12-830a92529977" />
    <UnitTestResult executionId="ce22014a-46c0-4b3b-ad33-09142bdaf43f" testId="834c739b-eca4-b36d-6a66-5a1bd75377b8" testName="BL.Tests.UsersServiceTests.TestAdminAddAutoIncrementUser" computerName="DESKTOP-TJ9D65N" duration="00:00:00.0067334" startTime="2022-11-03T11:07:26.6886793+03:00" endTime="2022-11-03T11:07:26.6886794+03:00" testType="13cdc9d9-ddb5-4fa4-a97d-d965ccfc6d4b" outcome="Passed" testListId="8c84fa94-04c1-424b-9868-57a2d4851a1d" relativeResultsDirectory="ce22014a-46c0-4b3b-ad33-09142bdaf43f" />
    <UnitTestResult executionId="2170de22-2cd6-4737-83b9-0b0bfd964f67" testId="482dadd8-93d2-4181-4b08-d0585b1b1201" testName="BL.Tests.LiftsServiceTest.TestGetLiftsInfoAsync(userID: 215, initialLifts: [Lift { LiftID = 197, LiftName = liftNameb5fa3bb5-2950-4f10-9e00-fb3bcdbb388f, IsOpen = True, SeatsAmount = 140, LiftingTime = 81, QueueTime = 164, ConnectedSlopes =  }, Lift { LiftID = 45, LiftName = liftNamedbd2c18d-5b90-48df-89bb-c3e4451633a3, IsOpen = False, SeatsAmount = 254, LiftingTime = 51, QueueTime = 113, ConnectedSlopes =  }, Lift { LiftID = 66, LiftName = liftName887c5268-c519-4391-80a2-5965c2db25c8, IsOpen = True, SeatsAmount = 170, LiftingTime = 221, QueueTime = 22, ConnectedSlopes =  }], checkPermissionServiceMock: Mock&lt;ICheckPermissionService:2&gt;, liftsRepositoryStub: Mock&lt;ILiftsRepository:2&gt;, liftsSlopesRepositoryStub: Mock&lt;ILiftsSlopesRepository:2&gt;, sut: LiftsService { })" computerName="DESKTOP-TJ9D65N" duration="00:00:00.0129214" startTime="2022-11-03T11:07:26.5857514+03:00" endTime="2022-11-03T11:07:26.5857515+03:00" testType="13cdc9d9-ddb5-4fa4-a97d-d965ccfc6d4b" outcome="Passed" testListId="8c84fa94-04c1-424b-9868-57a2d4851a1d" relativeResultsDirectory="2170de22-2cd6-4737-83b9-0b0bfd964f67" />
    <UnitTestResult executionId="a80bdee9-ecef-4d59-9bd1-f91c329dcc0d" testId="87f39e8a-73f7-288d-4d1d-aefcdbe19ce5" testName="BL.Tests.LiftsSlopesServiceTests.TestAdminAddAutoIncrementLiftSlopeAsync(lift: Lift { LiftID = 171, LiftName = liftName4b0cb2a5-c4bb-47b2-ab03-0966145a70c5, IsOpen = True, SeatsAmount = 238, LiftingTime = 48, QueueTime = 239, ConnectedSlopes =  }, slope: Slope { SlopeID = 211, SlopeName = slopeName5e7a9020-57bf-4d56-a328-a959de6d3331, IsOpen = False, DifficultyLevel = 135, ConnectedLifts =  }, slopesRepositoryStub: Mock&lt;ISlopesRepository:3&gt;, liftsRepositoryStub: Mock&lt;ILiftsRepository:8&gt;, liftsSlopesRepositoryStub: Mock&lt;ILiftsSlopesRepository:8&gt;)" computerName="DESKTOP-TJ9D65N" duration="00:00:00.0110753" startTime="2022-11-03T11:07:26.5873744+03:00" endTime="2022-11-03T11:07:26.5873745+03:00" testType="13cdc9d9-ddb5-4fa4-a97d-d965ccfc6d4b" outcome="Passed" testListId="8c84fa94-04c1-424b-9868-57a2d4851a1d" relativeResultsDirectory="a80bdee9-ecef-4d59-9bd1-f91c329dcc0d" />
    <UnitTestResult executionId="779445fb-394e-4d79-a92a-58024dbd4032" testId="a19a5fcf-c5d2-7d44-5d7d-84403042f4e0" testName="BL.Tests.CheckPermissionsServiceTests.UnauthorizedHasNoAccessToAdminSkiPatrolFunctions(functionName: &quot;MarkMessageReadByUserAsync&quot;)" computerName="DESKTOP-TJ9D65N" duration="00:00:00.0382643" startTime="2022-11-03T11:07:26.4794872+03:00" endTime="2022-11-03T11:07:26.4795259+03:00" testType="13cdc9d9-ddb5-4fa4-a97d-d965ccfc6d4b" outcome="Passed" testListId="8c84fa94-04c1-424b-9868-57a2d4851a1d" relativeResultsDirectory="779445fb-394e-4d79-a92a-58024dbd4032" />
    <UnitTestResult executionId="4bca1278-4e57-4e92-8ff9-ee421d11825e" testId="2602613f-c8e2-a6d9-fcf7-5b27d4a770a6" testName="BL.Tests.CheckPermissionsServiceTests.AuthorizedHasNoAccessToAdminSkiPatrolFunctions(functionName: &quot;GetMessagesAsync&quot;)" computerName="DESKTOP-TJ9D65N" duration="00:00:00.0028871" startTime="2022-11-03T11:07:26.6826417+03:00" endTime="2022-11-03T11:07:26.6826418+03:00" testType="13cdc9d9-ddb5-4fa4-a97d-d965ccfc6d4b" outcome="Passed" testListId="8c84fa94-04c1-424b-9868-57a2d4851a1d" relativeResultsDirectory="4bca1278-4e57-4e92-8ff9-ee421d11825e" />
    <UnitTestResult executionId="b53546b7-f1f9-4c74-9ee7-1989ebb8480f" testId="a2e59116-cb53-1d70-9cb8-21c286516866" testName="BL.Tests.CheckPermissionsServiceTests.AuthorizedHasNoAccessToAdminFunctions" computerName="DESKTOP-TJ9D65N" duration="00:00:00.0029532" startTime="2022-11-03T11:07:26.6656965+03:00" endTime="2022-11-03T11:07:26.6656966+03:00" testType="13cdc9d9-ddb5-4fa4-a97d-d965ccfc6d4b" outcome="Passed" testListId="8c84fa94-04c1-424b-9868-57a2d4851a1d" relativeResultsDirectory="b53546b7-f1f9-4c74-9ee7-1989ebb8480f" />
    <UnitTestResult executionId="b6c17b48-9e30-42c6-90be-c7a252f37e15" testId="5ed25715-7e67-dd68-de99-7184355a514a" testName="BL.Tests.SlopesServiceTest.TestAdminDeleteSlopeAsync(userID: 247, slope: Slope { SlopeID = 69, SlopeName = slopeName257faf42-4547-4da7-8ef9-00b6af0df4f4, IsOpen = True, DifficultyLevel = 193, ConnectedLifts =  }, checkPermissionServiceMock: Mock&lt;ICheckPermissionService:9&gt;, slopesRepositoryStub: Mock&lt;ISlopesRepository:7&gt;, liftsSlopesRepositoryStub: Mock&lt;ILiftsSlopesRepository:12&gt;, sut: SlopesService { })" computerName="DESKTOP-TJ9D65N" duration="00:00:00.0064111" startTime="2022-11-03T11:07:26.6326677+03:00" endTime="2022-11-03T11:07:26.6326679+03:00" testType="13cdc9d9-ddb5-4fa4-a97d-d965ccfc6d4b" outcome="Passed" testListId="8c84fa94-04c1-424b-9868-57a2d4851a1d" relativeResultsDirectory="b6c17b48-9e30-42c6-90be-c7a252f37e15" />
    <UnitTestResult executionId="4592aec1-68ed-4f15-8fb4-60775a13edd4" testId="2d706594-f2b3-b3c8-21d4-86c9798c3306" testName="BL.Tests.CheckPermissionsServiceTests.SkiPatrolHasAccessToAdminSkiPatrolFunctions(functionName: &quot;GetLiftsSlopesInfoAsync&quot;)" computerName="DESKTOP-TJ9D65N" duration="00:00:00.0088401" startTime="2022-11-03T11:07:26.6252911+03:00" endTime="2022-11-03T11:07:26.6252912+03:00" testType="13cdc9d9-ddb5-4fa4-a97d-d965ccfc6d4b" outcome="Passed" testListId="8c84fa94-04c1-424b-9868-57a2d4851a1d" relativeResultsDirectory="4592aec1-68ed-4f15-8fb4-60775a13edd4" />
    <UnitTestResult executionId="23808f5c-a608-48cf-8ade-f42d1b9226bd" testId="20ad8570-0170-85de-dcd7-2f109dd7bcd6" testName="BL.Tests.UsersServiceTests.TestAdminGetUsers" computerName="DESKTOP-TJ9D65N" duration="00:00:00.0446610" startTime="2022-11-03T11:07:26.4834443+03:00" endTime="2022-11-03T11:07:26.4834443+03:00" testType="13cdc9d9-ddb5-4fa4-a97d-d965ccfc6d4b" outcome="Passed" testListId="8c84fa94-04c1-424b-9868-57a2d4851a1d" relativeResultsDirectory="23808f5c-a608-48cf-8ade-f42d1b9226bd" />
    <UnitTestResult executionId="c90b3c14-fa49-4930-bdf9-429e0366045f" testId="2842fb8f-1263-c616-a285-4f766d561dd0" testName="BL.Tests.TurnstilesServiceTest.TestAdminUpdateTurnstileAsync(userID: 105, turnstile: Turnstile { TurnstileID = 124, LiftID = 67, IsOpen = True }, checkPermissionServiceMock: Mock&lt;ICheckPermissionService:14&gt;, turnstilesRepositoryStub: Mock&lt;ITurnstilesRepository:8&gt;, sut: TurnstilesService { })" computerName="DESKTOP-TJ9D65N" duration="00:00:00.0073144" startTime="2022-11-03T11:07:26.5876942+03:00" endTime="2022-11-03T11:07:26.5876943+03:00" testType="13cdc9d9-ddb5-4fa4-a97d-d965ccfc6d4b" outcome="Passed" testListId="8c84fa94-04c1-424b-9868-57a2d4851a1d" relativeResultsDirectory="c90b3c14-fa49-4930-bdf9-429e0366045f" />
    <UnitTestResult executionId="a28aa4d9-0cad-47a9-bdf8-131e804a3d27" testId="18fa8c62-e27d-e1fc-8182-4d7db62b008d" testName="BL.Tests.UsersServiceTests.TestAdminDeleteUser" computerName="DESKTOP-TJ9D65N" duration="00:00:00.0024403" startTime="2022-11-03T11:07:26.7141509+03:00" endTime="2022-11-03T11:07:26.7141510+03:00" testType="13cdc9d9-ddb5-4fa4-a97d-d965ccfc6d4b" outcome="Passed" testListId="8c84fa94-04c1-424b-9868-57a2d4851a1d" relativeResultsDirectory="a28aa4d9-0cad-47a9-bdf8-131e804a3d27" />
    <UnitTestResult executionId="4c9101a6-e669-4fca-86ff-cb23eaeba89c" testId="894941c1-bfa7-d8f9-c047-1e1ceefe2c2f" testName="BL.Tests.UsersServiceTests.TestRegisterUserWithRepeatedEmail" computerName="DESKTOP-TJ9D65N" duration="00:00:00.0050640" startTime="2022-11-03T11:07:26.5877342+03:00" endTime="2022-11-03T11:07:26.5877342+03:00" testType="13cdc9d9-ddb5-4fa4-a97d-d965ccfc6d4b" outcome="Passed" testListId="8c84fa94-04c1-424b-9868-57a2d4851a1d" relativeResultsDirectory="4c9101a6-e669-4fca-86ff-cb23eaeba89c" />
    <UnitTestResult executionId="3f6f342f-f429-4010-b80f-7e4acf5dd318" testId="229812f5-9a73-5335-11f5-31330d1348a5" testName="BL.Tests.CheckPermissionsServiceTests.UnauthorizedHasNoAccessToAdminSkiPatrolFunctions(functionName: &quot;GetMessagesAsync&quot;)" computerName="DESKTOP-TJ9D65N" duration="00:00:00.0017131" startTime="2022-11-03T11:07:26.5858292+03:00" endTime="2022-11-03T11:07:26.5858293+03:00" testType="13cdc9d9-ddb5-4fa4-a97d-d965ccfc6d4b" outcome="Passed" testListId="8c84fa94-04c1-424b-9868-57a2d4851a1d" relativeResultsDirectory="3f6f342f-f429-4010-b80f-7e4acf5dd318" />
    <UnitTestResult executionId="a9f3902d-b644-4d85-a074-3025ed1b88f4" testId="0cc7311a-84fe-6e22-d548-bcb43d8a274e" testName="BL.Tests.LiftsServiceTest.TestAdminDeleteLiftAsync(userID: 157, lift: Lift { LiftID = 201, LiftName = liftNameda2d1562-600a-470c-91b9-f87326142d2d, IsOpen = True, SeatsAmount = 52, LiftingTime = 207, QueueTime = 249, ConnectedSlopes =  }, checkPermissionServiceMock: Mock&lt;ICheckPermissionService:4&gt;, liftsRepositoryStub: Mock&lt;ILiftsRepository:4&gt;, liftsSlopesRepositoryStub: Mock&lt;ILiftsSlopesRepository:4&gt;, sut: LiftsService { })" computerName="DESKTOP-TJ9D65N" duration="00:00:00.0127246" startTime="2022-11-03T11:07:26.5876124+03:00" endTime="2022-11-03T11:07:26.5876125+03:00" testType="13cdc9d9-ddb5-4fa4-a97d-d965ccfc6d4b" outcome="Passed" testListId="8c84fa94-04c1-424b-9868-57a2d4851a1d" relativeResultsDirectory="a9f3902d-b644-4d85-a074-3025ed1b88f4" />
    <UnitTestResult executionId="0c0c6e3c-6353-4f4e-9f27-2d1df535f845" testId="b7d8effb-ff82-cb79-fd51-1220086663ce" testName="BL.Tests.SlopesServiceTest.TestUpdateSlopeInfoAsync(userID: 130, slope: Slope { SlopeID = 60, SlopeName = slopeName714941e1-4bf3-42d4-97e1-38067c6acdba, IsOpen = True, DifficultyLevel = 115, ConnectedLifts =  }, checkPermissionServiceMock: Mock&lt;ICheckPermissionService:8&gt;, slopesRepositoryStub: Mock&lt;ISlopesRepository:6&gt;, sut: SlopesService { })" computerName="DESKTOP-TJ9D65N" duration="00:00:00.0138185" startTime="2022-11-03T11:07:26.6092821+03:00" endTime="2022-11-03T11:07:26.6092822+03:00" testType="13cdc9d9-ddb5-4fa4-a97d-d965ccfc6d4b" outcome="Passed" testListId="8c84fa94-04c1-424b-9868-57a2d4851a1d" relativeResultsDirectory="0c0c6e3c-6353-4f4e-9f27-2d1df535f845" />
    <UnitTestResult executionId="a9178de2-66e5-4bea-a0e7-06ed33dbf942" testId="8184bd30-991c-b78d-b4ec-99a485eac0dd" testName="BL.Tests.UsersServiceTests.TestRegisterUserWithNoEmail" computerName="DESKTOP-TJ9D65N" duration="00:00:00.0034692" startTime="2022-11-03T11:07:26.5857139+03:00" endTime="2022-11-03T11:07:26.5857140+03:00" testType="13cdc9d9-ddb5-4fa4-a97d-d965ccfc6d4b" outcome="Passed" testListId="8c84fa94-04c1-424b-9868-57a2d4851a1d" relativeResultsDirectory="a9178de2-66e5-4bea-a0e7-06ed33dbf942" />
    <UnitTestResult executionId="6aee7df9-bf22-4d54-b7c7-5dc7cd5ff8d1" testId="a99e666c-2336-fb9b-8e1e-06a6d7688ac8" testName="BL.Tests.LiftsServiceTest.TestUpdateLiftInfoAsync(userID: 66, lift: Lift { LiftID = 90, LiftName = liftNamef41a81ca-077b-4b27-990c-30569bc62556, IsOpen = True, SeatsAmount = 46, LiftingTime = 60, QueueTime = 235, ConnectedSlopes =  }, checkPermissionServiceMock: Mock&lt;ICheckPermissionService:3&gt;, liftsRepositoryStub: Mock&lt;ILiftsRepository:3&gt;, sut: LiftsService { })" computerName="DESKTOP-TJ9D65N" duration="00:00:00.0391861" startTime="2022-11-03T11:07:26.4833950+03:00" endTime="2022-11-03T11:07:26.4833950+03:00" testType="13cdc9d9-ddb5-4fa4-a97d-d965ccfc6d4b" outcome="Passed" testListId="8c84fa94-04c1-424b-9868-57a2d4851a1d" relativeResultsDirectory="6aee7df9-bf22-4d54-b7c7-5dc7cd5ff8d1" />
    <UnitTestResult executionId="0205c90b-ce2f-4de9-a11a-656063687b3c" testId="e5497347-2721-b7a6-0bd4-69a9921f6947" testName="BL.Tests.UsersServiceTests.TestAdminGetUserByIDAsync" computerName="DESKTOP-TJ9D65N" duration="00:00:00.0044271" startTime="2022-11-03T11:07:26.7029932+03:00" endTime="2022-11-03T11:07:26.7029932+03:00" testType="13cdc9d9-ddb5-4fa4-a97d-d965ccfc6d4b" outcome="Passed" testListId="8c84fa94-04c1-424b-9868-57a2d4851a1d" relativeResultsDirectory="0205c90b-ce2f-4de9-a11a-656063687b3c" />
    <UnitTestResult executionId="6a819a69-3bb5-45d0-adcf-aca18264850f" testId="1ca07ad8-f799-c5d4-e7cc-34fd950198a2" testName="BL.Tests.UsersServiceTests.TestLogInOk" computerName="DESKTOP-TJ9D65N" duration="00:00:00.0031254" startTime="2022-11-03T11:07:26.6544879+03:00" endTime="2022-11-03T11:07:26.6544880+03:00" testType="13cdc9d9-ddb5-4fa4-a97d-d965ccfc6d4b" outcome="Passed" testListId="8c84fa94-04c1-424b-9868-57a2d4851a1d" relativeResultsDirectory="6a819a69-3bb5-45d0-adcf-aca18264850f" />
    <UnitTestResult executionId="32e28bc8-d2fc-42af-adb8-664b1a5622d7" testId="eaabd2fc-2f4b-5689-59c8-c7ad34a8f634" testName="BL.Tests.CheckPermissionsServiceTests.UnauthorizedHasNoAccessToAuthorizedFunctions(functionName: &quot;SendMessageAsync&quot;)" computerName="DESKTOP-TJ9D65N" duration="00:00:00.0038794" startTime="2022-11-03T11:07:26.5874794+03:00" endTime="2022-11-03T11:07:26.5874795+03:00" testType="13cdc9d9-ddb5-4fa4-a97d-d965ccfc6d4b" outcome="Passed" testListId="8c84fa94-04c1-424b-9868-57a2d4851a1d" relativeResultsDirectory="32e28bc8-d2fc-42af-adb8-664b1a5622d7" />
    <UnitTestResult executionId="719fef9f-9b8e-42ee-916d-6b5a0f8b5495" testId="0792a427-0003-bcba-7cf8-fd950d907287" testName="BL.Tests.LiftsServiceTest.TestGetLiftInfoAsync(userID: 216, lift: Lift { LiftID = 213, LiftName = liftName4fb4b54a-bbc5-49fe-99ef-65e91af75a36, IsOpen = True, SeatsAmount = 4, LiftingTime = 178, QueueTime = 51, ConnectedSlopes =  }, checkPermissionServiceMock: Mock&lt;ICheckPermissionService:1&gt;, liftsRepositoryStub: Mock&lt;ILiftsRepository:1&gt;, liftsSlopesRepositoryStub: Mock&lt;ILiftsSlopesRepository:1&gt;, sut: LiftsService { })" computerName="DESKTOP-TJ9D65N" duration="00:00:00.0075256" startTime="2022-11-03T11:07:26.6375080+03:00" endTime="2022-11-03T11:07:26.6375080+03:00" testType="13cdc9d9-ddb5-4fa4-a97d-d965ccfc6d4b" outcome="Passed" testListId="8c84fa94-04c1-424b-9868-57a2d4851a1d" relativeResultsDirectory="719fef9f-9b8e-42ee-916d-6b5a0f8b5495" />
    <UnitTestResult executionId="8766667b-bddb-4110-b7e5-388cba63a1c5" testId="387c9729-48c1-486e-5e67-f5d11a9f0db8" testName="BL.Tests.CheckPermissionsServiceTests.UnauthorizedHasNoAccessToAdminSkiPatrolFunctions(functionName: &quot;GetLiftsSlopesInfoAsync&quot;)" computerName="DESKTOP-TJ9D65N" duration="00:00:00.0017235" startTime="2022-11-03T11:07:26.5852021+03:00" endTime="2022-11-03T11:07:26.5852022+03:00" testType="13cdc9d9-ddb5-4fa4-a97d-d965ccfc6d4b" outcome="Passed" testListId="8c84fa94-04c1-424b-9868-57a2d4851a1d" relativeResultsDirectory="8766667b-bddb-4110-b7e5-388cba63a1c5" />
    <UnitTestResult executionId="2cfbf117-439c-45d0-b4a7-fa21ab57d140" testId="e429852d-a6ed-7c2a-25fd-cd839b159d56" testName="BL.Tests.LiftsSlopesServiceTests.TestGetLiftsSlopesInfoAsync(liftsSlopes: [LiftSlope { RecordID = 114, LiftID = 213, SlopeID = 50 }, LiftSlope { RecordID = 138, LiftID = 24, SlopeID = 97 }, LiftSlope { RecordID = 83, LiftID = 49, SlopeID = 115 }], slopesRepositoryStub: Mock&lt;ISlopesRepository:1&gt;, liftsRepositoryStub: Mock&lt;ILiftsRepository:6&gt;, liftsSlopesRepositoryStub: Mock&lt;ILiftsSlopesRepository:6&gt;)" computerName="DESKTOP-TJ9D65N" duration="00:00:00.0055200" startTime="2022-11-03T11:07:26.5856606+03:00" endTime="2022-11-03T11:07:26.5856608+03:00" testType="13cdc9d9-ddb5-4fa4-a97d-d965ccfc6d4b" outcome="Passed" testListId="8c84fa94-04c1-424b-9868-57a2d4851a1d" relativeResultsDirectory="2cfbf117-439c-45d0-b4a7-fa21ab57d140" />
    <UnitTestResult executionId="73d4f12d-9d0b-4ea9-bc1b-576f39818c99" testId="35060991-a315-ad14-2a60-7d6c50a0cf48" testName="BL.Tests.TurnstilesServiceTest.TestAdminGetTurnstilesAsync(userID: 144, initialTurnstiles: [Turnstile { TurnstileID = 86, LiftID = 121, IsOpen = True }, Turnstile { TurnstileID = 224, LiftID = 13, IsOpen = False }, Turnstile { TurnstileID = 39, LiftID = 27, IsOpen = True }], checkPermissionServiceMock: Mock&lt;ICheckPermissionService:13&gt;, turnstilesRepositoryStub: Mock&lt;ITurnstilesRepository:7&gt;, sut: TurnstilesService { })" computerName="DESKTOP-TJ9D65N" duration="00:00:00.0084885" startTime="2022-11-03T11:07:26.6130782+03:00" endTime="2022-11-03T11:07:26.6130783+03:00" testType="13cdc9d9-ddb5-4fa4-a97d-d965ccfc6d4b" outcome="Passed" testListId="8c84fa94-04c1-424b-9868-57a2d4851a1d" relativeResultsDirectory="73d4f12d-9d0b-4ea9-bc1b-576f39818c99" />
    <UnitTestResult executionId="c83d8d46-bd03-4960-90a8-adede06cdda4" testId="b2437171-b0ab-dc58-578d-0e9881b6d4a1" testName="BL.Tests.SlopesServiceTest.TestGetSlopeInfoAsync(userID: 131, slope: Slope { SlopeID = 126, SlopeName = slopeNamebfcf67d9-d089-4f89-b51f-4a4f30d9c932, IsOpen = True, DifficultyLevel = 94, ConnectedLifts =  }, checkPermissionServiceMock: Mock&lt;ICheckPermissionService:6&gt;, slopesRepositoryStub: Mock&lt;ISlopesRepository:4&gt;, liftsSlopesRepositoryStub: Mock&lt;ILiftsSlopesRepository:9&gt;, sut: SlopesService { })" computerName="DESKTOP-TJ9D65N" duration="00:00:00.0083970" startTime="2022-11-03T11:07:26.5875082+03:00" endTime="2022-11-03T11:07:26.5875083+03:00" testType="13cdc9d9-ddb5-4fa4-a97d-d965ccfc6d4b" outcome="Passed" testListId="8c84fa94-04c1-424b-9868-57a2d4851a1d" relativeResultsDirectory="c83d8d46-bd03-4960-90a8-adede06cdda4" />
    <UnitTestResult executionId="12adfe07-b7b8-4b4d-aa2f-8a9f6673ac0f" testId="69340bb6-3645-f9dd-971e-29d8b2a009bb" testName="BL.Tests.UsersServiceTests.TestLogInWithWrongPassword" computerName="DESKTOP-TJ9D65N" duration="00:00:00.0022435" startTime="2022-11-03T11:07:26.6676266+03:00" endTime="2022-11-03T11:07:26.6676267+03:00" testType="13cdc9d9-ddb5-4fa4-a97d-d965ccfc6d4b" outcome="Passed" testListId="8c84fa94-04c1-424b-9868-57a2d4851a1d" relativeResultsDirectory="12adfe07-b7b8-4b4d-aa2f-8a9f6673ac0f" />
    <UnitTestResult executionId="caeedb41-777f-426c-b8c6-42272b39ab8b" testId="f44a1b21-8efc-bfac-63b4-d534442def31" testName="BL.Tests.UsersServiceTests.TestRegisterUserWithNoPassword" computerName="DESKTOP-TJ9D65N" duration="00:00:00.0019419" startTime="2022-11-03T11:07:26.5873511+03:00" endTime="2022-11-03T11:07:26.5873512+03:00" testType="13cdc9d9-ddb5-4fa4-a97d-d965ccfc6d4b" outcome="Passed" testListId="8c84fa94-04c1-424b-9868-57a2d4851a1d" relativeResultsDirectory="caeedb41-777f-426c-b8c6-42272b39ab8b" />
    <UnitTestResult executionId="b99a7698-a775-4925-a4de-8cb8ffeab993" testId="c47fb414-0c7c-2fee-898e-3b35fdfd7971" testName="BL.Tests.SlopesServiceTest.TestAdminAddSlopeAsync(userID: 174, slope: Slope { SlopeID = 34, SlopeName = slopeNamec2016cb5-46ea-417a-8823-86bba63c3b44, IsOpen = True, DifficultyLevel = 205, ConnectedLifts =  }, checkPermissionServiceMock: Mock&lt;ICheckPermissionService:11&gt;, slopesRepositoryStub: Mock&lt;ISlopesRepository:9&gt;, sut: SlopesService { })" computerName="DESKTOP-TJ9D65N" duration="00:00:00.0090503" startTime="2022-11-03T11:07:26.6532966+03:00" endTime="2022-11-03T11:07:26.6532967+03:00" testType="13cdc9d9-ddb5-4fa4-a97d-d965ccfc6d4b" outcome="Passed" testListId="8c84fa94-04c1-424b-9868-57a2d4851a1d" relativeResultsDirectory="b99a7698-a775-4925-a4de-8cb8ffeab993" />
  </Results>
  <TestDefinitions>
    <UnitTest name="BL.Tests.TurnstilesServiceTest.TestAdminDeleteTurnstileAsync(userID: 179, turnstile: Turnstile { TurnstileID = 125, LiftID = 138, IsOpen = True }, checkPermissionServiceMock: Mock&lt;ICheckPermissionService:15&gt;, turnstilesRepositoryStub: Mock&lt;ITurnstilesRepository:9&gt;, sut: TurnstilesService { })" storage="/mnt/c/users/alena/desktop/7_sem/testing_and_debugging/skiresort/bl.tests/bin/debug/net6.0/bl.tests.dll" id="c47811c0-7cb1-e3f2-b624-64f792f12415">
      <Execution id="d87485db-57e1-4672-b6c6-2df33cbed7a2" />
      <TestMethod codeBase="/mnt/c/Users/alena/Desktop/7_sem/testing_and_debugging/SkiResort/BL.Tests/bin/Debug/net6.0/BL.Tests.dll" adapterTypeName="executor://xunit/VsTestRunner2/netcoreapp" className="BL.Tests.TurnstilesServiceTest" name="TestAdminDeleteTurnstileAsync" />
    </UnitTest>
    <UnitTest name="BL.Tests.CheckPermissionsServiceTests.AuthorizedHasNoAccessToAdminSkiPatrolFunctions(functionName: &quot;MarkMessageReadByUserAsync&quot;)" storage="/mnt/c/users/alena/desktop/7_sem/testing_and_debugging/skiresort/bl.tests/bin/debug/net6.0/bl.tests.dll" id="9c7df5e2-1b23-ebea-889f-b78ca86b60ab">
      <Execution id="df1e75dc-a08b-4ab2-9f82-01c4584bce66" />
      <TestMethod codeBase="/mnt/c/Users/alena/Desktop/7_sem/testing_and_debugging/SkiResort/BL.Tests/bin/Debug/net6.0/BL.Tests.dll" adapterTypeName="executor://xunit/VsTestRunner2/netcoreapp" className="BL.Tests.CheckPermissionsServiceTests" name="AuthorizedHasNoAccessToAdminSkiPatrolFunctions" />
    </UnitTest>
    <UnitTest name="BL.Tests.CheckPermissionsServiceTests.UnauthorizedHasNoAccessToAdminSkiPatrolFunctions(functionName: &quot;MarkMessageReadByUserAsync&quot;)" storage="/mnt/c/users/alena/desktop/7_sem/testing_and_debugging/skiresort/bl.tests/bin/debug/net6.0/bl.tests.dll" id="a19a5fcf-c5d2-7d44-5d7d-84403042f4e0">
      <Execution id="779445fb-394e-4d79-a92a-58024dbd4032" />
      <TestMethod codeBase="/mnt/c/Users/alena/Desktop/7_sem/testing_and_debugging/SkiResort/BL.Tests/bin/Debug/net6.0/BL.Tests.dll" adapterTypeName="executor://xunit/VsTestRunner2/netcoreapp" className="BL.Tests.CheckPermissionsServiceTests" name="UnauthorizedHasNoAccessToAdminSkiPatrolFunctions" />
    </UnitTest>
    <UnitTest name="BL.Tests.LiftsSlopesServiceTests.TestAdminDeleteLiftSlopeAsync(lift: Lift { LiftID = 216, LiftName = liftName7e389474-684e-4ee0-9832-b9e5cb1ba696, IsOpen = True, SeatsAmount = 134, LiftingTime = 27, QueueTime = 44, ConnectedSlopes =  }, slope: Slope { SlopeID = 208, SlopeName = slopeName22fdded3-a0fc-49f5-bb42-2fcb63b9a64f, IsOpen = False, DifficultyLevel = 224, ConnectedLifts =  }, slopesRepositoryStub: Mock&lt;ISlopesRepository:2&gt;, liftsRepo..." storage="/mnt/c/users/alena/desktop/7_sem/testing_and_debugging/skiresort/bl.tests/bin/debug/net6.0/bl.tests.dll" id="6b0fbe0b-acc8-8d49-a21a-e017f4502488">
      <Execution id="46d7b89d-4125-4a0c-9e1c-0f72558d5ec5" />
      <TestMethod codeBase="/mnt/c/Users/alena/Desktop/7_sem/testing_and_debugging/SkiResort/BL.Tests/bin/Debug/net6.0/BL.Tests.dll" adapterTypeName="executor://xunit/VsTestRunner2/netcoreapp" className="BL.Tests.LiftsSlopesServiceTests" name="TestAdminDeleteLiftSlopeAsync" />
    </UnitTest>
    <UnitTest name="BL.Tests.CheckPermissionsServiceTests.AuthorizedHasNoAccessToAdminSkiPatrolFunctions(functionName: &quot;GetMessagesAsync&quot;)" storage="/mnt/c/users/alena/desktop/7_sem/testing_and_debugging/skiresort/bl.tests/bin/debug/net6.0/bl.tests.dll" id="2602613f-c8e2-a6d9-fcf7-5b27d4a770a6">
      <Execution id="4bca1278-4e57-4e92-8ff9-ee421d11825e" />
      <TestMethod codeBase="/mnt/c/Users/alena/Desktop/7_sem/testing_and_debugging/SkiResort/BL.Tests/bin/Debug/net6.0/BL.Tests.dll" adapterTypeName="executor://xunit/VsTestRunner2/netcoreapp" className="BL.Tests.CheckPermissionsServiceTests" name="AuthorizedHasNoAccessToAdminSkiPatrolFunctions" />
    </UnitTest>
    <UnitTest name="BL.Tests.CheckPermissionsServiceTests.AuthorizedHasNoAccessToAdminFunctions" storage="/mnt/c/users/alena/desktop/7_sem/testing_and_debugging/skiresort/bl.tests/bin/debug/net6.0/bl.tests.dll" id="a2e59116-cb53-1d70-9cb8-21c286516866">
      <Execution id="b53546b7-f1f9-4c74-9ee7-1989ebb8480f" />
      <TestMethod codeBase="/mnt/c/Users/alena/Desktop/7_sem/testing_and_debugging/SkiResort/BL.Tests/bin/Debug/net6.0/BL.Tests.dll" adapterTypeName="executor://xunit/VsTestRunner2/netcoreapp" className="BL.Tests.CheckPermissionsServiceTests" name="AuthorizedHasNoAccessToAdminFunctions" />
    </UnitTest>
    <UnitTest name="BL.Tests.CheckPermissionsServiceTests.SkiPatrolHasAccessToAdminSkiPatrolFunctions(functionName: &quot;GetMessagesAsync&quot;)" storage="/mnt/c/users/alena/desktop/7_sem/testing_and_debugging/skiresort/bl.tests/bin/debug/net6.0/bl.tests.dll" id="c36970dc-93f7-753e-fa47-157133b01644">
      <Execution id="7b520c24-5e47-4657-9187-0b906a4aafa8" />
      <TestMethod codeBase="/mnt/c/Users/alena/Desktop/7_sem/testing_and_debugging/SkiResort/BL.Tests/bin/Debug/net6.0/BL.Tests.dll" adapterTypeName="executor://xunit/VsTestRunner2/netcoreapp" className="BL.Tests.CheckPermissionsServiceTests" name="SkiPatrolHasAccessToAdminSkiPatrolFunctions" />
    </UnitTest>
    <UnitTest name="BL.Tests.CheckPermissionsServiceTests.AdminHasAccessToAllFunctions" storage="/mnt/c/users/alena/desktop/7_sem/testing_and_debugging/skiresort/bl.tests/bin/debug/net6.0/bl.tests.dll" id="f3efc418-a8a6-c7b7-9bac-90b33aa8472f">
      <Execution id="33fac42d-1d9f-43b2-bc2e-51f1883987a3" />
      <TestMethod codeBase="/mnt/c/Users/alena/Desktop/7_sem/testing_and_debugging/SkiResort/BL.Tests/bin/Debug/net6.0/BL.Tests.dll" adapterTypeName="executor://xunit/VsTestRunner2/netcoreapp" className="BL.Tests.CheckPermissionsServiceTests" name="AdminHasAccessToAllFunctions" />
    </UnitTest>
    <UnitTest name="BL.Tests.UsersServiceTests.TestRegisterUserWithNoPassword" storage="/mnt/c/users/alena/desktop/7_sem/testing_and_debugging/skiresort/bl.tests/bin/debug/net6.0/bl.tests.dll" id="f44a1b21-8efc-bfac-63b4-d534442def31">
      <Execution id="caeedb41-777f-426c-b8c6-42272b39ab8b" />
      <TestMethod codeBase="/mnt/c/Users/alena/Desktop/7_sem/testing_and_debugging/SkiResort/BL.Tests/bin/Debug/net6.0/BL.Tests.dll" adapterTypeName="executor://xunit/VsTestRunner2/netcoreapp" className="BL.Tests.UsersServiceTests" name="TestRegisterUserWithNoPassword" />
    </UnitTest>
    <UnitTest name="BL.Tests.SlopesServiceTest.TestGetSlopeInfoAsync(userID: 131, slope: Slope { SlopeID = 126, SlopeName = slopeNamebfcf67d9-d089-4f89-b51f-4a4f30d9c932, IsOpen = True, DifficultyLevel = 94, ConnectedLifts =  }, checkPermissionServiceMock: Mock&lt;ICheckPermissionService:6&gt;, slopesRepositoryStub: Mock&lt;ISlopesRepository:4&gt;, liftsSlopesRepositoryStub: Mock&lt;ILiftsSlopesRepository:9&gt;, sut: SlopesService { })" storage="/mnt/c/users/alena/desktop/7_sem/testing_and_debugging/skiresort/bl.tests/bin/debug/net6.0/bl.tests.dll" id="b2437171-b0ab-dc58-578d-0e9881b6d4a1">
      <Execution id="c83d8d46-bd03-4960-90a8-adede06cdda4" />
      <TestMethod codeBase="/mnt/c/Users/alena/Desktop/7_sem/testing_and_debugging/SkiResort/BL.Tests/bin/Debug/net6.0/BL.Tests.dll" adapterTypeName="executor://xunit/VsTestRunner2/netcoreapp" className="BL.Tests.SlopesServiceTest" name="TestGetSlopeInfoAsync" />
    </UnitTest>
    <UnitTest name="BL.Tests.UsersServiceTests.TestAdminGetUserByIDAsync" storage="/mnt/c/users/alena/desktop/7_sem/testing_and_debugging/skiresort/bl.tests/bin/debug/net6.0/bl.tests.dll" id="e5497347-2721-b7a6-0bd4-69a9921f6947">
      <Execution id="0205c90b-ce2f-4de9-a11a-656063687b3c" />
      <TestMethod codeBase="/mnt/c/Users/alena/Desktop/7_sem/testing_and_debugging/SkiResort/BL.Tests/bin/Debug/net6.0/BL.Tests.dll" adapterTypeName="executor://xunit/VsTestRunner2/netcoreapp" className="BL.Tests.UsersServiceTests" name="TestAdminGetUserByIDAsync" />
    </UnitTest>
    <UnitTest name="BL.Tests.LiftsServiceTest.TestUpdateLiftInfoAsync(userID: 66, lift: Lift { LiftID = 90, LiftName = liftNamef41a81ca-077b-4b27-990c-30569bc62556, IsOpen = True, SeatsAmount = 46, LiftingTime = 60, QueueTime = 235, ConnectedSlopes =  }, checkPermissionServiceMock: Mock&lt;ICheckPermissionService:3&gt;, liftsRepositoryStub: Mock&lt;ILiftsRepository:3&gt;, sut: LiftsService { })" storage="/mnt/c/users/alena/desktop/7_sem/testing_and_debugging/skiresort/bl.tests/bin/debug/net6.0/bl.tests.dll" id="a99e666c-2336-fb9b-8e1e-06a6d7688ac8">
      <Execution id="6aee7df9-bf22-4d54-b7c7-5dc7cd5ff8d1" />
      <TestMethod codeBase="/mnt/c/Users/alena/Desktop/7_sem/testing_and_debugging/SkiResort/BL.Tests/bin/Debug/net6.0/BL.Tests.dll" adapterTypeName="executor://xunit/VsTestRunner2/netcoreapp" className="BL.Tests.LiftsServiceTest" name="TestUpdateLiftInfoAsync" />
    </UnitTest>
    <UnitTest name="BL.Tests.LiftsServiceTest.TestAdminAddAutoIncrementLiftAsync(userID: 137, lift: Lift { LiftID = 158, LiftName = liftName82e24501-224b-49d2-8073-64eab024b324, IsOpen = True, SeatsAmount = 25, LiftingTime = 60, QueueTime = 61, ConnectedSlopes =  }, checkPermissionServiceMock: Mock&lt;ICheckPermissionService:5&gt;, liftsRepositoryStub: Mock&lt;ILiftsRepository:5&gt;, sut: LiftsService { })" storage="/mnt/c/users/alena/desktop/7_sem/testing_and_debugging/skiresort/bl.tests/bin/debug/net6.0/bl.tests.dll" id="f46c2eca-763f-d3c4-2f3a-2d5deefed581">
      <Execution id="b0bd3b9b-1ea0-4bd8-9e3b-0251443ae641" />
      <TestMethod codeBase="/mnt/c/Users/alena/Desktop/7_sem/testing_and_debugging/SkiResort/BL.Tests/bin/Debug/net6.0/BL.Tests.dll" adapterTypeName="executor://xunit/VsTestRunner2/netcoreapp" className="BL.Tests.LiftsServiceTest" name="TestAdminAddAutoIncrementLiftAsync" />
    </UnitTest>
    <UnitTest name="BL.Tests.TurnstilesServiceTest.TestAdminGetTurnstilesAsync(userID: 144, initialTurnstiles: [Turnstile { TurnstileID = 86, LiftID = 121, IsOpen = True }, Turnstile { TurnstileID = 224, LiftID = 13, IsOpen = False }, Turnstile { TurnstileID = 39, LiftID = 27, IsOpen = True }], checkPermissionServiceMock: Mock&lt;ICheckPermissionService:13&gt;, turnstilesRepositoryStub: Mock&lt;ITurnstilesRepository:7&gt;, sut: TurnstilesService { })" storage="/mnt/c/users/alena/desktop/7_sem/testing_and_debugging/skiresort/bl.tests/bin/debug/net6.0/bl.tests.dll" id="35060991-a315-ad14-2a60-7d6c50a0cf48">
      <Execution id="73d4f12d-9d0b-4ea9-bc1b-576f39818c99" />
      <TestMethod codeBase="/mnt/c/Users/alena/Desktop/7_sem/testing_and_debugging/SkiResort/BL.Tests/bin/Debug/net6.0/BL.Tests.dll" adapterTypeName="executor://xunit/VsTestRunner2/netcoreapp" className="BL.Tests.TurnstilesServiceTest" name="TestAdminGetTurnstilesAsync" />
    </UnitTest>
    <UnitTest name="BL.Tests.UsersServiceTests.TestAdminAddAutoIncrementUser" storage="/mnt/c/users/alena/desktop/7_sem/testing_and_debugging/skiresort/bl.tests/bin/debug/net6.0/bl.tests.dll" id="834c739b-eca4-b36d-6a66-5a1bd75377b8">
      <Execution id="ce22014a-46c0-4b3b-ad33-09142bdaf43f" />
      <TestMethod codeBase="/mnt/c/Users/alena/Desktop/7_sem/testing_and_debugging/SkiResort/BL.Tests/bin/Debug/net6.0/BL.Tests.dll" adapterTypeName="executor://xunit/VsTestRunner2/netcoreapp" className="BL.Tests.UsersServiceTests" name="TestAdminAddAutoIncrementUser" />
    </UnitTest>
    <UnitTest name="BL.Tests.CheckPermissionsServiceTests.UnauthorizedHasNoAccessToAdminSkiPatrolFunctions(functionName: &quot;GetLiftsSlopesInfoAsync&quot;)" storage="/mnt/c/users/alena/desktop/7_sem/testing_and_debugging/skiresort/bl.tests/bin/debug/net6.0/bl.tests.dll" id="387c9729-48c1-486e-5e67-f5d11a9f0db8">
      <Execution id="8766667b-bddb-4110-b7e5-388cba63a1c5" />
      <TestMethod codeBase="/mnt/c/Users/alena/Desktop/7_sem/testing_and_debugging/SkiResort/BL.Tests/bin/Debug/net6.0/BL.Tests.dll" adapterTypeName="executor://xunit/VsTestRunner2/netcoreapp" className="BL.Tests.CheckPermissionsServiceTests" name="UnauthorizedHasNoAccessToAdminSkiPatrolFunctions" />
    </UnitTest>
    <UnitTest name="BL.Tests.CheckPermissionsServiceTests.SkiPatrolHasAccessToAdminSkiPatrolFunctions(functionName: &quot;MarkMessageReadByUserAsync&quot;)" storage="/mnt/c/users/alena/desktop/7_sem/testing_and_debugging/skiresort/bl.tests/bin/debug/net6.0/bl.tests.dll" id="60bd668f-04df-da5e-b79b-5d9aedb5234d">
      <Execution id="c7e15364-032b-425f-bbad-dbb8a710aa5f" />
      <TestMethod codeBase="/mnt/c/Users/alena/Desktop/7_sem/testing_and_debugging/SkiResort/BL.Tests/bin/Debug/net6.0/BL.Tests.dll" adapterTypeName="executor://xunit/VsTestRunner2/netcoreapp" className="BL.Tests.CheckPermissionsServiceTests" name="SkiPatrolHasAccessToAdminSkiPatrolFunctions" />
    </UnitTest>
    <UnitTest name="BL.Tests.CheckPermissionsServiceTests.UnauthorizedHasNoAccessToAdminFunctions" storage="/mnt/c/users/alena/desktop/7_sem/testing_and_debugging/skiresort/bl.tests/bin/debug/net6.0/bl.tests.dll" id="e2d7e5be-3dae-33ae-fb17-c704b6fd58d6">
      <Execution id="fddda91f-c54a-46b0-b365-2a02874e4989" />
      <TestMethod codeBase="/mnt/c/Users/alena/Desktop/7_sem/testing_and_debugging/SkiResort/BL.Tests/bin/Debug/net6.0/BL.Tests.dll" adapterTypeName="executor://xunit/VsTestRunner2/netcoreapp" className="BL.Tests.CheckPermissionsServiceTests" name="UnauthorizedHasNoAccessToAdminFunctions" />
    </UnitTest>
    <UnitTest name="BL.Tests.TurnstilesServiceTest.TestAdminGetTurnstileAsync(userID: 94, turnstile: Turnstile { TurnstileID = 44, LiftID = 157, IsOpen = True }, checkPermissionServiceMock: Mock&lt;ICheckPermissionService:12&gt;, turnstilesRepositoryStub: Mock&lt;ITurnstilesRepository:6&gt;, sut: TurnstilesService { })" storage="/mnt/c/users/alena/desktop/7_sem/testing_and_debugging/skiresort/bl.tests/bin/debug/net6.0/bl.tests.dll" id="f34c0ed0-fcae-c47f-5f83-0c1be1bb6de5">
      <Execution id="671348fc-ee22-4273-ba45-9fa5303aa178" />
      <TestMethod codeBase="/mnt/c/Users/alena/Desktop/7_sem/testing_and_debugging/SkiResort/BL.Tests/bin/Debug/net6.0/BL.Tests.dll" adapterTypeName="executor://xunit/VsTestRunner2/netcoreapp" className="BL.Tests.TurnstilesServiceTest" name="TestAdminGetTurnstileAsync" />
    </UnitTest>
    <UnitTest name="BL.Tests.UsersServiceTests.TestLogInWithWrongPassword" storage="/mnt/c/users/alena/desktop/7_sem/testing_and_debugging/skiresort/bl.tests/bin/debug/net6.0/bl.tests.dll" id="69340bb6-3645-f9dd-971e-29d8b2a009bb">
      <Execution id="12adfe07-b7b8-4b4d-aa2f-8a9f6673ac0f" />
      <TestMethod codeBase="/mnt/c/Users/alena/Desktop/7_sem/testing_and_debugging/SkiResort/BL.Tests/bin/Debug/net6.0/BL.Tests.dll" adapterTypeName="executor://xunit/VsTestRunner2/netcoreapp" className="BL.Tests.UsersServiceTests" name="TestLogInWithWrongPassword" />
    </UnitTest>
    <UnitTest name="BL.Tests.CheckPermissionsServiceTests.SkiPatrolHasAccessToAdminSkiPatrolFunctions(functionName: &quot;GetLiftsSlopesInfoAsync&quot;)" storage="/mnt/c/users/alena/desktop/7_sem/testing_and_debugging/skiresort/bl.tests/bin/debug/net6.0/bl.tests.dll" id="2d706594-f2b3-b3c8-21d4-86c9798c3306">
      <Execution id="4592aec1-68ed-4f15-8fb4-60775a13edd4" />
      <TestMethod codeBase="/mnt/c/Users/alena/Desktop/7_sem/testing_and_debugging/SkiResort/BL.Tests/bin/Debug/net6.0/BL.Tests.dll" adapterTypeName="executor://xunit/VsTestRunner2/netcoreapp" className="BL.Tests.CheckPermissionsServiceTests" name="SkiPatrolHasAccessToAdminSkiPatrolFunctions" />
    </UnitTest>
    <UnitTest name="BL.Tests.CheckPermissionsServiceTests.SkiPatrolHasNoAccessToAdminFunctions" storage="/mnt/c/users/alena/desktop/7_sem/testing_and_debugging/skiresort/bl.tests/bin/debug/net6.0/bl.tests.dll" id="492c0393-35b4-df26-a537-21ca08302f3c">
      <Execution id="99e2d99e-a10f-498d-bcd2-9fc5f4afade5" />
      <TestMethod codeBase="/mnt/c/Users/alena/Desktop/7_sem/testing_and_debugging/SkiResort/BL.Tests/bin/Debug/net6.0/BL.Tests.dll" adapterTypeName="executor://xunit/VsTestRunner2/netcoreapp" className="BL.Tests.CheckPermissionsServiceTests" name="SkiPatrolHasNoAccessToAdminFunctions" />
    </UnitTest>
    <UnitTest name="BL.Tests.UsersServiceTests.TestAdminDeleteUser" storage="/mnt/c/users/alena/desktop/7_sem/testing_and_debugging/skiresort/bl.tests/bin/debug/net6.0/bl.tests.dll" id="18fa8c62-e27d-e1fc-8182-4d7db62b008d">
      <Execution id="a28aa4d9-0cad-47a9-bdf8-131e804a3d27" />
      <TestMethod codeBase="/mnt/c/Users/alena/Desktop/7_sem/testing_and_debugging/SkiResort/BL.Tests/bin/Debug/net6.0/BL.Tests.dll" adapterTypeName="executor://xunit/VsTestRunner2/netcoreapp" className="BL.Tests.UsersServiceTests" name="TestAdminDeleteUser" />
    </UnitTest>
    <UnitTest name="BL.Tests.CheckPermissionsServiceTests.AuthorizedHasAccessToAuthorizedFunctions(functionName: &quot;LogOutAsync&quot;)" storage="/mnt/c/users/alena/desktop/7_sem/testing_and_debugging/skiresort/bl.tests/bin/debug/net6.0/bl.tests.dll" id="aa28a6b3-21d3-aa45-24d3-bef2facbc899">
      <Execution id="877acc33-5669-48f2-a96f-007c57be02ea" />
      <TestMethod codeBase="/mnt/c/Users/alena/Desktop/7_sem/testing_and_debugging/SkiResort/BL.Tests/bin/Debug/net6.0/BL.Tests.dll" adapterTypeName="executor://xunit/VsTestRunner2/netcoreapp" className="BL.Tests.CheckPermissionsServiceTests" name="AuthorizedHasAccessToAuthorizedFunctions" />
    </UnitTest>
    <UnitTest name="BL.Tests.UsersServiceTests.TestAdminUpdateUser" storage="/mnt/c/users/alena/desktop/7_sem/testing_and_debugging/skiresort/bl.tests/bin/debug/net6.0/bl.tests.dll" id="06d0bc3a-24a0-fb7f-4277-e9ae6d21c7dd">
      <Execution id="cddb4985-cc82-4b04-99ab-200ed5d8a5ce" />
      <TestMethod codeBase="/mnt/c/Users/alena/Desktop/7_sem/testing_and_debugging/SkiResort/BL.Tests/bin/Debug/net6.0/BL.Tests.dll" adapterTypeName="executor://xunit/VsTestRunner2/netcoreapp" className="BL.Tests.UsersServiceTests" name="TestAdminUpdateUser" />
    </UnitTest>
    <UnitTest name="BL.Tests.UsersServiceTests.TestLogInOk" storage="/mnt/c/users/alena/desktop/7_sem/testing_and_debugging/skiresort/bl.tests/bin/debug/net6.0/bl.tests.dll" id="1ca07ad8-f799-c5d4-e7cc-34fd950198a2">
      <Execution id="6a819a69-3bb5-45d0-adcf-aca18264850f" />
      <TestMethod codeBase="/mnt/c/Users/alena/Desktop/7_sem/testing_and_debugging/SkiResort/BL.Tests/bin/Debug/net6.0/BL.Tests.dll" adapterTypeName="executor://xunit/VsTestRunner2/netcoreapp" className="BL.Tests.UsersServiceTests" name="TestLogInOk" />
    </UnitTest>
    <UnitTest name="BL.Tests.TurnstilesServiceTest.TestAdminAddAutoIncrementTurnstileAsync(userID: 15, turnstile: Turnstile { TurnstileID = 133, LiftID = 197, IsOpen = True }, checkPermissionServiceMock: Mock&lt;ICheckPermissionService:16&gt;, turnstilesRepositoryStub: Mock&lt;ITurnstilesRepository:10&gt;, sut: TurnstilesService { })" storage="/mnt/c/users/alena/desktop/7_sem/testing_and_debugging/skiresort/bl.tests/bin/debug/net6.0/bl.tests.dll" id="d254fb4b-d281-b9ca-dba9-716623e6ebbe">
      <Execution id="20f59ca2-7592-4bcc-8b12-830a92529977" />
      <TestMethod codeBase="/mnt/c/Users/alena/Desktop/7_sem/testing_and_debugging/SkiResort/BL.Tests/bin/Debug/net6.0/BL.Tests.dll" adapterTypeName="executor://xunit/VsTestRunner2/netcoreapp" className="BL.Tests.TurnstilesServiceTest" name="TestAdminAddAutoIncrementTurnstileAsync" />
    </UnitTest>
    <UnitTest name="BL.Tests.UsersServiceTests.TestAdminGetUsers" storage="/mnt/c/users/alena/desktop/7_sem/testing_and_debugging/skiresort/bl.tests/bin/debug/net6.0/bl.tests.dll" id="20ad8570-0170-85de-dcd7-2f109dd7bcd6">
      <Execution id="23808f5c-a608-48cf-8ade-f42d1b9226bd" />
      <TestMethod codeBase="/mnt/c/Users/alena/Desktop/7_sem/testing_and_debugging/SkiResort/BL.Tests/bin/Debug/net6.0/BL.Tests.dll" adapterTypeName="executor://xunit/VsTestRunner2/netcoreapp" className="BL.Tests.UsersServiceTests" name="TestAdminGetUsers" />
    </UnitTest>
    <UnitTest name="BL.Tests.CheckPermissionsServiceTests.UnauthorizedHasNoAccessToAdminSkiPatrolFunctions(functionName: &quot;GetMessagesAsync&quot;)" storage="/mnt/c/users/alena/desktop/7_sem/testing_and_debugging/skiresort/bl.tests/bin/debug/net6.0/bl.tests.dll" id="229812f5-9a73-5335-11f5-31330d1348a5">
      <Execution id="3f6f342f-f429-4010-b80f-7e4acf5dd318" />
      <TestMethod codeBase="/mnt/c/Users/alena/Desktop/7_sem/testing_and_debugging/SkiResort/BL.Tests/bin/Debug/net6.0/BL.Tests.dll" adapterTypeName="executor://xunit/VsTestRunner2/netcoreapp" className="BL.Tests.CheckPermissionsServiceTests" name="UnauthorizedHasNoAccessToAdminSkiPatrolFunctions" />
    </UnitTest>
    <UnitTest name="BL.Tests.LiftsServiceTest.TestGetLiftInfoAsync(userID: 216, lift: Lift { LiftID = 213, LiftName = liftName4fb4b54a-bbc5-49fe-99ef-65e91af75a36, IsOpen = True, SeatsAmount = 4, LiftingTime = 178, QueueTime = 51, ConnectedSlopes =  }, checkPermissionServiceMock: Mock&lt;ICheckPermissionService:1&gt;, liftsRepositoryStub: Mock&lt;ILiftsRepository:1&gt;, liftsSlopesRepositoryStub: Mock&lt;ILiftsSlopesRepository:1&gt;, sut: LiftsService { })" storage="/mnt/c/users/alena/desktop/7_sem/testing_and_debugging/skiresort/bl.tests/bin/debug/net6.0/bl.tests.dll" id="0792a427-0003-bcba-7cf8-fd950d907287">
      <Execution id="719fef9f-9b8e-42ee-916d-6b5a0f8b5495" />
      <TestMethod codeBase="/mnt/c/Users/alena/Desktop/7_sem/testing_and_debugging/SkiResort/BL.Tests/bin/Debug/net6.0/BL.Tests.dll" adapterTypeName="executor://xunit/VsTestRunner2/netcoreapp" className="BL.Tests.LiftsServiceTest" name="TestGetLiftInfoAsync" />
    </UnitTest>
    <UnitTest name="BL.Tests.LiftsSlopesServiceTests.TestAdminAddAutoIncrementLiftSlopeAsync(lift: Lift { LiftID = 171, LiftName = liftName4b0cb2a5-c4bb-47b2-ab03-0966145a70c5, IsOpen = True, SeatsAmount = 238, LiftingTime = 48, QueueTime = 239, ConnectedSlopes =  }, slope: Slope { SlopeID = 211, SlopeName = slopeName5e7a9020-57bf-4d56-a328-a959de6d3331, IsOpen = False, DifficultyLevel = 135, ConnectedLifts =  }, slopesRepositoryStub: Mock&lt;ISlopesRepository:3&gt;..." storage="/mnt/c/users/alena/desktop/7_sem/testing_and_debugging/skiresort/bl.tests/bin/debug/net6.0/bl.tests.dll" id="87f39e8a-73f7-288d-4d1d-aefcdbe19ce5">
      <Execution id="a80bdee9-ecef-4d59-9bd1-f91c329dcc0d" />
      <TestMethod codeBase="/mnt/c/Users/alena/Desktop/7_sem/testing_and_debugging/SkiResort/BL.Tests/bin/Debug/net6.0/BL.Tests.dll" adapterTypeName="executor://xunit/VsTestRunner2/netcoreapp" className="BL.Tests.LiftsSlopesServiceTests" name="TestAdminAddAutoIncrementLiftSlopeAsync" />
    </UnitTest>
    <UnitTest name="BL.Tests.CheckPermissionsServiceTests.AuthorizedHasNoAccessToAdminSkiPatrolFunctions(functionName: &quot;GetLiftsSlopesInfoAsync&quot;)" storage="/mnt/c/users/alena/desktop/7_sem/testing_and_debugging/skiresort/bl.tests/bin/debug/net6.0/bl.tests.dll" id="4f297306-d4f3-8d63-e7f4-1ac0b8c58c74">
      <Execution id="fd41e98b-a751-47bb-aff2-a7cd7ef62bf3" />
      <TestMethod codeBase="/mnt/c/Users/alena/Desktop/7_sem/testing_and_debugging/SkiResort/BL.Tests/bin/Debug/net6.0/BL.Tests.dll" adapterTypeName="executor://xunit/VsTestRunner2/netcoreapp" className="BL.Tests.CheckPermissionsServiceTests" name="AuthorizedHasNoAccessToAdminSkiPatrolFunctions" />
    </UnitTest>
    <UnitTest name="BL.Tests.SlopesServiceTest.TestUpdateSlopeInfoAsync(userID: 130, slope: Slope { SlopeID = 60, SlopeName = slopeName714941e1-4bf3-42d4-97e1-38067c6acdba, IsOpen = True, DifficultyLevel = 115, ConnectedLifts =  }, checkPermissionServiceMock: Mock&lt;ICheckPermissionService:8&gt;, slopesRepositoryStub: Mock&lt;ISlopesRepository:6&gt;, sut: SlopesService { })" storage="/mnt/c/users/alena/desktop/7_sem/testing_and_debugging/skiresort/bl.tests/bin/debug/net6.0/bl.tests.dll" id="b7d8effb-ff82-cb79-fd51-1220086663ce">
      <Execution id="0c0c6e3c-6353-4f4e-9f27-2d1df535f845" />
      <TestMethod codeBase="/mnt/c/Users/alena/Desktop/7_sem/testing_and_debugging/SkiResort/BL.Tests/bin/Debug/net6.0/BL.Tests.dll" adapterTypeName="executor://xunit/VsTestRunner2/netcoreapp" className="BL.Tests.SlopesServiceTest" name="TestUpdateSlopeInfoAsync" />
    </UnitTest>
    <UnitTest name="BL.Tests.LiftsSlopesServiceTests.TestGetLiftsSlopesInfoAsync(liftsSlopes: [LiftSlope { RecordID = 114, LiftID = 213, SlopeID = 50 }, LiftSlope { RecordID = 138, LiftID = 24, SlopeID = 97 }, LiftSlope { RecordID = 83, LiftID = 49, SlopeID = 115 }], slopesRepositoryStub: Mock&lt;ISlopesRepository:1&gt;, liftsRepositoryStub: Mock&lt;ILiftsRepository:6&gt;, liftsSlopesRepositoryStub: Mock&lt;ILiftsSlopesRepository:6&gt;)" storage="/mnt/c/users/alena/desktop/7_sem/testing_and_debugging/skiresort/bl.tests/bin/debug/net6.0/bl.tests.dll" id="e429852d-a6ed-7c2a-25fd-cd839b159d56">
      <Execution id="2cfbf117-439c-45d0-b4a7-fa21ab57d140" />
      <TestMethod codeBase="/mnt/c/Users/alena/Desktop/7_sem/testing_and_debugging/SkiResort/BL.Tests/bin/Debug/net6.0/BL.Tests.dll" adapterTypeName="executor://xunit/VsTestRunner2/netcoreapp" className="BL.Tests.LiftsSlopesServiceTests" name="TestGetLiftsSlopesInfoAsync" />
    </UnitTest>
    <UnitTest name="BL.Tests.UsersServiceTests.TestRegisterOk" storage="/mnt/c/users/alena/desktop/7_sem/testing_and_debugging/skiresort/bl.tests/bin/debug/net6.0/bl.tests.dll" id="0eeef75f-6e38-7893-a8fe-cff3e0a970a7">
      <Execution id="72b671d3-1267-4b74-b9d8-2797a50fa96e" />
      <TestMethod codeBase="/mnt/c/Users/alena/Desktop/7_sem/testing_and_debugging/SkiResort/BL.Tests/bin/Debug/net6.0/BL.Tests.dll" adapterTypeName="executor://xunit/VsTestRunner2/netcoreapp" className="BL.Tests.UsersServiceTests" name="TestRegisterOk" />
    </UnitTest>
    <UnitTest name="BL.Tests.SlopesServiceTest.TestAdminDeleteSlopeAsync(userID: 247, slope: Slope { SlopeID = 69, SlopeName = slopeName257faf42-4547-4da7-8ef9-00b6af0df4f4, IsOpen = True, DifficultyLevel = 193, ConnectedLifts =  }, checkPermissionServiceMock: Mock&lt;ICheckPermissionService:9&gt;, slopesRepositoryStub: Mock&lt;ISlopesRepository:7&gt;, liftsSlopesRepositoryStub: Mock&lt;ILiftsSlopesRepository:12&gt;, sut: SlopesService { })" storage="/mnt/c/users/alena/desktop/7_sem/testing_and_debugging/skiresort/bl.tests/bin/debug/net6.0/bl.tests.dll" id="5ed25715-7e67-dd68-de99-7184355a514a">
      <Execution id="b6c17b48-9e30-42c6-90be-c7a252f37e15" />
      <TestMethod codeBase="/mnt/c/Users/alena/Desktop/7_sem/testing_and_debugging/SkiResort/BL.Tests/bin/Debug/net6.0/BL.Tests.dll" adapterTypeName="executor://xunit/VsTestRunner2/netcoreapp" className="BL.Tests.SlopesServiceTest" name="TestAdminDeleteSlopeAsync" />
    </UnitTest>
    <UnitTest name="BL.Tests.CheckPermissionsServiceTests.AuthorizedHasAccessToAuthorizedFunctions(functionName: &quot;SendMessageAsync&quot;)" storage="/mnt/c/users/alena/desktop/7_sem/testing_and_debugging/skiresort/bl.tests/bin/debug/net6.0/bl.tests.dll" id="644ec43e-70cd-c82d-42e7-0d990be1414d">
      <Execution id="fbe93b34-edfc-4ad0-96b4-c9f64fcffbe3" />
      <TestMethod codeBase="/mnt/c/Users/alena/Desktop/7_sem/testing_and_debugging/SkiResort/BL.Tests/bin/Debug/net6.0/BL.Tests.dll" adapterTypeName="executor://xunit/VsTestRunner2/netcoreapp" className="BL.Tests.CheckPermissionsServiceTests" name="AuthorizedHasAccessToAuthorizedFunctions" />
    </UnitTest>
    <UnitTest name="BL.Tests.CheckPermissionsServiceTests.UnauthorizedHasNoAccessToAuthorizedFunctions(functionName: &quot;LogOutAsync&quot;)" storage="/mnt/c/users/alena/desktop/7_sem/testing_and_debugging/skiresort/bl.tests/bin/debug/net6.0/bl.tests.dll" id="fa960c5e-f989-2880-784e-8efe538c5231">
      <Execution id="022573c5-540b-4fce-b019-a3f6817881a7" />
      <TestMethod codeBase="/mnt/c/Users/alena/Desktop/7_sem/testing_and_debugging/SkiResort/BL.Tests/bin/Debug/net6.0/BL.Tests.dll" adapterTypeName="executor://xunit/VsTestRunner2/netcoreapp" className="BL.Tests.CheckPermissionsServiceTests" name="UnauthorizedHasNoAccessToAuthorizedFunctions" />
    </UnitTest>
    <UnitTest name="BL.Tests.CheckPermissionsServiceTests.UnauthorizedHasNoAccessToAuthorizedFunctions(functionName: &quot;SendMessageAsync&quot;)" storage="/mnt/c/users/alena/desktop/7_sem/testing_and_debugging/skiresort/bl.tests/bin/debug/net6.0/bl.tests.dll" id="eaabd2fc-2f4b-5689-59c8-c7ad34a8f634">
      <Execution id="32e28bc8-d2fc-42af-adb8-664b1a5622d7" />
      <TestMethod codeBase="/mnt/c/Users/alena/Desktop/7_sem/testing_and_debugging/SkiResort/BL.Tests/bin/Debug/net6.0/BL.Tests.dll" adapterTypeName="executor://xunit/VsTestRunner2/netcoreapp" className="BL.Tests.CheckPermissionsServiceTests" name="UnauthorizedHasNoAccessToAuthorizedFunctions" />
    </UnitTest>
    <UnitTest name="BL.Tests.TurnstilesServiceTest.TestAdminUpdateTurnstileAsync(userID: 105, turnstile: Turnstile { TurnstileID = 124, LiftID = 67, IsOpen = True }, checkPermissionServiceMock: Mock&lt;ICheckPermissionService:14&gt;, turnstilesRepositoryStub: Mock&lt;ITurnstilesRepository:8&gt;, sut: TurnstilesService { })" storage="/mnt/c/users/alena/desktop/7_sem/testing_and_debugging/skiresort/bl.tests/bin/debug/net6.0/bl.tests.dll" id="2842fb8f-1263-c616-a285-4f766d561dd0">
      <Execution id="c90b3c14-fa49-4930-bdf9-429e0366045f" />
      <TestMethod codeBase="/mnt/c/Users/alena/Desktop/7_sem/testing_and_debugging/SkiResort/BL.Tests/bin/Debug/net6.0/BL.Tests.dll" adapterTypeName="executor://xunit/VsTestRunner2/netcoreapp" className="BL.Tests.TurnstilesServiceTest" name="TestAdminUpdateTurnstileAsync" />
    </UnitTest>
    <UnitTest name="BL.Tests.SlopesServiceTest.TestGetSlopesInfoAsync(userID: 212, initialSlopes: [Slope { SlopeID = 48, SlopeName = slopeName2a4e113a-881b-497a-8da9-7c17173070d1, IsOpen = True, DifficultyLevel = 200, ConnectedLifts =  }, Slope { SlopeID = 196, SlopeName = slopeName45dbc3e0-df70-47b4-9e8e-e8f1ea1330be, IsOpen = False, DifficultyLevel = 42, ConnectedLifts =  }, Slope { SlopeID = 197, SlopeName = slopeName7514f7fb-02c0-48e4-934b-72e0ccdda235, Is..." storage="/mnt/c/users/alena/desktop/7_sem/testing_and_debugging/skiresort/bl.tests/bin/debug/net6.0/bl.tests.dll" id="11f44564-b138-f0ec-0934-52edbbfe0ec7">
      <Execution id="ebc18f32-f80f-4934-b526-63245273fe50" />
      <TestMethod codeBase="/mnt/c/Users/alena/Desktop/7_sem/testing_and_debugging/SkiResort/BL.Tests/bin/Debug/net6.0/BL.Tests.dll" adapterTypeName="executor://xunit/VsTestRunner2/netcoreapp" className="BL.Tests.SlopesServiceTest" name="TestGetSlopesInfoAsync" />
    </UnitTest>
    <UnitTest name="BL.Tests.UsersServiceTests.TestRegisterUserWithRepeatedEmail" storage="/mnt/c/users/alena/desktop/7_sem/testing_and_debugging/skiresort/bl.tests/bin/debug/net6.0/bl.tests.dll" id="894941c1-bfa7-d8f9-c047-1e1ceefe2c2f">
      <Execution id="4c9101a6-e669-4fca-86ff-cb23eaeba89c" />
      <TestMethod codeBase="/mnt/c/Users/alena/Desktop/7_sem/testing_and_debugging/SkiResort/BL.Tests/bin/Debug/net6.0/BL.Tests.dll" adapterTypeName="executor://xunit/VsTestRunner2/netcoreapp" className="BL.Tests.UsersServiceTests" name="TestRegisterUserWithRepeatedEmail" />
    </UnitTest>
    <UnitTest name="BL.Tests.LiftsServiceTest.TestGetLiftsInfoAsync(userID: 215, initialLifts: [Lift { LiftID = 197, LiftName = liftNameb5fa3bb5-2950-4f10-9e00-fb3bcdbb388f, IsOpen = True, SeatsAmount = 140, LiftingTime = 81, QueueTime = 164, ConnectedSlopes =  }, Lift { LiftID = 45, LiftName = liftNamedbd2c18d-5b90-48df-89bb-c3e4451633a3, IsOpen = False, SeatsAmount = 254, LiftingTime = 51, QueueTime = 113, ConnectedSlopes =  }, Lift { LiftID = 66, LiftName =..." storage="/mnt/c/users/alena/desktop/7_sem/testing_and_debugging/skiresort/bl.tests/bin/debug/net6.0/bl.tests.dll" id="482dadd8-93d2-4181-4b08-d0585b1b1201">
      <Execution id="2170de22-2cd6-4737-83b9-0b0bfd964f67" />
      <TestMethod codeBase="/mnt/c/Users/alena/Desktop/7_sem/testing_and_debugging/SkiResort/BL.Tests/bin/Debug/net6.0/BL.Tests.dll" adapterTypeName="executor://xunit/VsTestRunner2/netcoreapp" className="BL.Tests.LiftsServiceTest" name="TestGetLiftsInfoAsync" />
    </UnitTest>
    <UnitTest name="BL.Tests.LiftsServiceTest.TestAdminDeleteLiftAsync(userID: 157, lift: Lift { LiftID = 201, LiftName = liftNameda2d1562-600a-470c-91b9-f87326142d2d, IsOpen = True, SeatsAmount = 52, LiftingTime = 207, QueueTime = 249, ConnectedSlopes =  }, checkPermissionServiceMock: Mock&lt;ICheckPermissionService:4&gt;, liftsRepositoryStub: Mock&lt;ILiftsRepository:4&gt;, liftsSlopesRepositoryStub: Mock&lt;ILiftsSlopesRepository:4&gt;, sut: LiftsService { })" storage="/mnt/c/users/alena/desktop/7_sem/testing_and_debugging/skiresort/bl.tests/bin/debug/net6.0/bl.tests.dll" id="0cc7311a-84fe-6e22-d548-bcb43d8a274e">
      <Execution id="a9f3902d-b644-4d85-a074-3025ed1b88f4" />
      <TestMethod codeBase="/mnt/c/Users/alena/Desktop/7_sem/testing_and_debugging/SkiResort/BL.Tests/bin/Debug/net6.0/BL.Tests.dll" adapterTypeName="executor://xunit/VsTestRunner2/netcoreapp" className="BL.Tests.LiftsServiceTest" name="TestAdminDeleteLiftAsync" />
    </UnitTest>
    <UnitTest name="BL.Tests.SlopesServiceTest.TestAdminAddSlopeAsync(userID: 174, slope: Slope { SlopeID = 34, SlopeName = slopeNamec2016cb5-46ea-417a-8823-86bba63c3b44, IsOpen = True, DifficultyLevel = 205, ConnectedLifts =  }, checkPermissionServiceMock: Mock&lt;ICheckPermissionService:11&gt;, slopesRepositoryStub: Mock&lt;ISlopesRepository:9&gt;, sut: SlopesService { })" storage="/mnt/c/users/alena/desktop/7_sem/testing_and_debugging/skiresort/bl.tests/bin/debug/net6.0/bl.tests.dll" id="c47fb414-0c7c-2fee-898e-3b35fdfd7971">
      <Execution id="b99a7698-a775-4925-a4de-8cb8ffeab993" />
      <TestMethod codeBase="/mnt/c/Users/alena/Desktop/7_sem/testing_and_debugging/SkiResort/BL.Tests/bin/Debug/net6.0/BL.Tests.dll" adapterTypeName="executor://xunit/VsTestRunner2/netcoreapp" className="BL.Tests.SlopesServiceTest" name="TestAdminAddSlopeAsync" />
    </UnitTest>
    <UnitTest name="BL.Tests.UsersServiceTests.TestRegisterUserWithNoEmail" storage="/mnt/c/users/alena/desktop/7_sem/testing_and_debugging/skiresort/bl.tests/bin/debug/net6.0/bl.tests.dll" id="8184bd30-991c-b78d-b4ec-99a485eac0dd">
      <Execution id="a9178de2-66e5-4bea-a0e7-06ed33dbf942" />
      <TestMethod codeBase="/mnt/c/Users/alena/Desktop/7_sem/testing_and_debugging/SkiResort/BL.Tests/bin/Debug/net6.0/BL.Tests.dll" adapterTypeName="executor://xunit/VsTestRunner2/netcoreapp" className="BL.Tests.UsersServiceTests" name="TestRegisterUserWithNoEmail" />
    </UnitTest>
    <UnitTest name="BL.Tests.SlopesServiceTest.TestAdminAddAutoIncrementSlopeAsync(userID: 93, slope: Slope { SlopeID = 223, SlopeName = slopeName0cb0c937-0b67-4214-9f32-9b1105272ce0, IsOpen = True, DifficultyLevel = 74, ConnectedLifts =  }, checkPermissionServiceMock: Mock&lt;ICheckPermissionService:10&gt;, slopesRepositoryStub: Mock&lt;ISlopesRepository:8&gt;, sut: SlopesService { })" storage="/mnt/c/users/alena/desktop/7_sem/testing_and_debugging/skiresort/bl.tests/bin/debug/net6.0/bl.tests.dll" id="688e2a82-afce-8f3e-14b4-5d28afbce970">
      <Execution id="8b293a8e-cdb0-454f-92be-0fa59f373616" />
      <TestMethod codeBase="/mnt/c/Users/alena/Desktop/7_sem/testing_and_debugging/SkiResort/BL.Tests/bin/Debug/net6.0/BL.Tests.dll" adapterTypeName="executor://xunit/VsTestRunner2/netcoreapp" className="BL.Tests.SlopesServiceTest" name="TestAdminAddAutoIncrementSlopeAsync" />
    </UnitTest>
  </TestDefinitions>
  <TestEntries>
    <TestEntry testId="0eeef75f-6e38-7893-a8fe-cff3e0a970a7" executionId="72b671d3-1267-4b74-b9d8-2797a50fa96e" testListId="8c84fa94-04c1-424b-9868-57a2d4851a1d" />
    <TestEntry testId="aa28a6b3-21d3-aa45-24d3-bef2facbc899" executionId="877acc33-5669-48f2-a96f-007c57be02ea" testListId="8c84fa94-04c1-424b-9868-57a2d4851a1d" />
    <TestEntry testId="644ec43e-70cd-c82d-42e7-0d990be1414d" executionId="fbe93b34-edfc-4ad0-96b4-c9f64fcffbe3" testListId="8c84fa94-04c1-424b-9868-57a2d4851a1d" />
    <TestEntry testId="c47811c0-7cb1-e3f2-b624-64f792f12415" executionId="d87485db-57e1-4672-b6c6-2df33cbed7a2" testListId="8c84fa94-04c1-424b-9868-57a2d4851a1d" />
    <TestEntry testId="6b0fbe0b-acc8-8d49-a21a-e017f4502488" executionId="46d7b89d-4125-4a0c-9e1c-0f72558d5ec5" testListId="8c84fa94-04c1-424b-9868-57a2d4851a1d" />
    <TestEntry testId="fa960c5e-f989-2880-784e-8efe538c5231" executionId="022573c5-540b-4fce-b019-a3f6817881a7" testListId="8c84fa94-04c1-424b-9868-57a2d4851a1d" />
    <TestEntry testId="c36970dc-93f7-753e-fa47-157133b01644" executionId="7b520c24-5e47-4657-9187-0b906a4aafa8" testListId="8c84fa94-04c1-424b-9868-57a2d4851a1d" />
    <TestEntry testId="e2d7e5be-3dae-33ae-fb17-c704b6fd58d6" executionId="fddda91f-c54a-46b0-b365-2a02874e4989" testListId="8c84fa94-04c1-424b-9868-57a2d4851a1d" />
    <TestEntry testId="9c7df5e2-1b23-ebea-889f-b78ca86b60ab" executionId="df1e75dc-a08b-4ab2-9f82-01c4584bce66" testListId="8c84fa94-04c1-424b-9868-57a2d4851a1d" />
    <TestEntry testId="f46c2eca-763f-d3c4-2f3a-2d5deefed581" executionId="b0bd3b9b-1ea0-4bd8-9e3b-0251443ae641" testListId="8c84fa94-04c1-424b-9868-57a2d4851a1d" />
    <TestEntry testId="f34c0ed0-fcae-c47f-5f83-0c1be1bb6de5" executionId="671348fc-ee22-4273-ba45-9fa5303aa178" testListId="8c84fa94-04c1-424b-9868-57a2d4851a1d" />
    <TestEntry testId="f3efc418-a8a6-c7b7-9bac-90b33aa8472f" executionId="33fac42d-1d9f-43b2-bc2e-51f1883987a3" testListId="8c84fa94-04c1-424b-9868-57a2d4851a1d" />
    <TestEntry testId="60bd668f-04df-da5e-b79b-5d9aedb5234d" executionId="c7e15364-032b-425f-bbad-dbb8a710aa5f" testListId="8c84fa94-04c1-424b-9868-57a2d4851a1d" />
    <TestEntry testId="06d0bc3a-24a0-fb7f-4277-e9ae6d21c7dd" executionId="cddb4985-cc82-4b04-99ab-200ed5d8a5ce" testListId="8c84fa94-04c1-424b-9868-57a2d4851a1d" />
    <TestEntry testId="492c0393-35b4-df26-a537-21ca08302f3c" executionId="99e2d99e-a10f-498d-bcd2-9fc5f4afade5" testListId="8c84fa94-04c1-424b-9868-57a2d4851a1d" />
    <TestEntry testId="11f44564-b138-f0ec-0934-52edbbfe0ec7" executionId="ebc18f32-f80f-4934-b526-63245273fe50" testListId="8c84fa94-04c1-424b-9868-57a2d4851a1d" />
    <TestEntry testId="4f297306-d4f3-8d63-e7f4-1ac0b8c58c74" executionId="fd41e98b-a751-47bb-aff2-a7cd7ef62bf3" testListId="8c84fa94-04c1-424b-9868-57a2d4851a1d" />
    <TestEntry testId="688e2a82-afce-8f3e-14b4-5d28afbce970" executionId="8b293a8e-cdb0-454f-92be-0fa59f373616" testListId="8c84fa94-04c1-424b-9868-57a2d4851a1d" />
    <TestEntry testId="d254fb4b-d281-b9ca-dba9-716623e6ebbe" executionId="20f59ca2-7592-4bcc-8b12-830a92529977" testListId="8c84fa94-04c1-424b-9868-57a2d4851a1d" />
    <TestEntry testId="834c739b-eca4-b36d-6a66-5a1bd75377b8" executionId="ce22014a-46c0-4b3b-ad33-09142bdaf43f" testListId="8c84fa94-04c1-424b-9868-57a2d4851a1d" />
    <TestEntry testId="482dadd8-93d2-4181-4b08-d0585b1b1201" executionId="2170de22-2cd6-4737-83b9-0b0bfd964f67" testListId="8c84fa94-04c1-424b-9868-57a2d4851a1d" />
    <TestEntry testId="87f39e8a-73f7-288d-4d1d-aefcdbe19ce5" executionId="a80bdee9-ecef-4d59-9bd1-f91c329dcc0d" testListId="8c84fa94-04c1-424b-9868-57a2d4851a1d" />
    <TestEntry testId="a19a5fcf-c5d2-7d44-5d7d-84403042f4e0" executionId="779445fb-394e-4d79-a92a-58024dbd4032" testListId="8c84fa94-04c1-424b-9868-57a2d4851a1d" />
    <TestEntry testId="2602613f-c8e2-a6d9-fcf7-5b27d4a770a6" executionId="4bca1278-4e57-4e92-8ff9-ee421d11825e" testListId="8c84fa94-04c1-424b-9868-57a2d4851a1d" />
    <TestEntry testId="a2e59116-cb53-1d70-9cb8-21c286516866" executionId="b53546b7-f1f9-4c74-9ee7-1989ebb8480f" testListId="8c84fa94-04c1-424b-9868-57a2d4851a1d" />
    <TestEntry testId="5ed25715-7e67-dd68-de99-7184355a514a" executionId="b6c17b48-9e30-42c6-90be-c7a252f37e15" testListId="8c84fa94-04c1-424b-9868-57a2d4851a1d" />
    <TestEntry testId="2d706594-f2b3-b3c8-21d4-86c9798c3306" executionId="4592aec1-68ed-4f15-8fb4-60775a13edd4" testListId="8c84fa94-04c1-424b-9868-57a2d4851a1d" />
    <TestEntry testId="20ad8570-0170-85de-dcd7-2f109dd7bcd6" executionId="23808f5c-a608-48cf-8ade-f42d1b9226bd" testListId="8c84fa94-04c1-424b-9868-57a2d4851a1d" />
    <TestEntry testId="2842fb8f-1263-c616-a285-4f766d561dd0" executionId="c90b3c14-fa49-4930-bdf9-429e0366045f" testListId="8c84fa94-04c1-424b-9868-57a2d4851a1d" />
    <TestEntry testId="18fa8c62-e27d-e1fc-8182-4d7db62b008d" executionId="a28aa4d9-0cad-47a9-bdf8-131e804a3d27" testListId="8c84fa94-04c1-424b-9868-57a2d4851a1d" />
    <TestEntry testId="894941c1-bfa7-d8f9-c047-1e1ceefe2c2f" executionId="4c9101a6-e669-4fca-86ff-cb23eaeba89c" testListId="8c84fa94-04c1-424b-9868-57a2d4851a1d" />
    <TestEntry testId="229812f5-9a73-5335-11f5-31330d1348a5" executionId="3f6f342f-f429-4010-b80f-7e4acf5dd318" testListId="8c84fa94-04c1-424b-9868-57a2d4851a1d" />
    <TestEntry testId="0cc7311a-84fe-6e22-d548-bcb43d8a274e" executionId="a9f3902d-b644-4d85-a074-3025ed1b88f4" testListId="8c84fa94-04c1-424b-9868-57a2d4851a1d" />
    <TestEntry testId="b7d8effb-ff82-cb79-fd51-1220086663ce" executionId="0c0c6e3c-6353-4f4e-9f27-2d1df535f845" testListId="8c84fa94-04c1-424b-9868-57a2d4851a1d" />
    <TestEntry testId="8184bd30-991c-b78d-b4ec-99a485eac0dd" executionId="a9178de2-66e5-4bea-a0e7-06ed33dbf942" testListId="8c84fa94-04c1-424b-9868-57a2d4851a1d" />
    <TestEntry testId="a99e666c-2336-fb9b-8e1e-06a6d7688ac8" executionId="6aee7df9-bf22-4d54-b7c7-5dc7cd5ff8d1" testListId="8c84fa94-04c1-424b-9868-57a2d4851a1d" />
    <TestEntry testId="e5497347-2721-b7a6-0bd4-69a9921f6947" executionId="0205c90b-ce2f-4de9-a11a-656063687b3c" testListId="8c84fa94-04c1-424b-9868-57a2d4851a1d" />
    <TestEntry testId="1ca07ad8-f799-c5d4-e7cc-34fd950198a2" executionId="6a819a69-3bb5-45d0-adcf-aca18264850f" testListId="8c84fa94-04c1-424b-9868-57a2d4851a1d" />
    <TestEntry testId="eaabd2fc-2f4b-5689-59c8-c7ad34a8f634" executionId="32e28bc8-d2fc-42af-adb8-664b1a5622d7" testListId="8c84fa94-04c1-424b-9868-57a2d4851a1d" />
    <TestEntry testId="0792a427-0003-bcba-7cf8-fd950d907287" executionId="719fef9f-9b8e-42ee-916d-6b5a0f8b5495" testListId="8c84fa94-04c1-424b-9868-57a2d4851a1d" />
    <TestEntry testId="387c9729-48c1-486e-5e67-f5d11a9f0db8" executionId="8766667b-bddb-4110-b7e5-388cba63a1c5" testListId="8c84fa94-04c1-424b-9868-57a2d4851a1d" />
    <TestEntry testId="e429852d-a6ed-7c2a-25fd-cd839b159d56" executionId="2cfbf117-439c-45d0-b4a7-fa21ab57d140" testListId="8c84fa94-04c1-424b-9868-57a2d4851a1d" />
    <TestEntry testId="35060991-a315-ad14-2a60-7d6c50a0cf48" executionId="73d4f12d-9d0b-4ea9-bc1b-576f39818c99" testListId="8c84fa94-04c1-424b-9868-57a2d4851a1d" />
    <TestEntry testId="b2437171-b0ab-dc58-578d-0e9881b6d4a1" executionId="c83d8d46-bd03-4960-90a8-adede06cdda4" testListId="8c84fa94-04c1-424b-9868-57a2d4851a1d" />
    <TestEntry testId="69340bb6-3645-f9dd-971e-29d8b2a009bb" executionId="12adfe07-b7b8-4b4d-aa2f-8a9f6673ac0f" testListId="8c84fa94-04c1-424b-9868-57a2d4851a1d" />
    <TestEntry testId="f44a1b21-8efc-bfac-63b4-d534442def31" executionId="caeedb41-777f-426c-b8c6-42272b39ab8b" testListId="8c84fa94-04c1-424b-9868-57a2d4851a1d" />
    <TestEntry testId="c47fb414-0c7c-2fee-898e-3b35fdfd7971" executionId="b99a7698-a775-4925-a4de-8cb8ffeab993" testListId="8c84fa94-04c1-424b-9868-57a2d4851a1d" />
  </TestEntries>
  <TestLists>
    <TestList name="Results Not in a List" id="8c84fa94-04c1-424b-9868-57a2d4851a1d" />
    <TestList name="All Loaded Results" id="19431567-8539-422a-85d7-44ee4e166bda" />
  </TestLists>
  <ResultSummary outcome="Completed">
    <Counters total="47" executed="47" passed="47" failed="0" error="0" timeout="0" aborted="0" inconclusive="0" passedButRunAborted="0" notRunnable="0" notExecuted="0" disconnected="0" warning="0" completed="0" inProgress="0" pending="0" />
    <Output>
      <StdOut>[xUnit.net 00:00:00.00] xUnit.net VSTest Adapter v2.4.5+1caef2f33e (64-bit .NET 6.0.10)
[xUnit.net 00:00:00.86]   Discovering: BL.Tests
[xUnit.net 00:00:01.06]   Discovered:  BL.Tests
[xUnit.net 00:00:01.06]   Starting:    BL.Tests
[xUnit.net 00:00:01.49]   Finished:    BL.Tests
</StdOut>
    </Output>
  </ResultSummary>
</TestRun>