<?xml version="1.0" encoding="utf-8"?>
<TestRun id="21fb423a-2b33-4f28-8a09-662d3f4d9d8a" name="@DESKTOP-TJ9D65N 2022-10-17 15:00:14" xmlns="http://microsoft.com/schemas/VisualStudio/TeamTest/2010">
  <Times creation="2022-10-17T15:00:14.3562502+03:00" queuing="2022-10-17T15:00:14.3562511+03:00" start="2022-10-17T15:00:11.9719429+03:00" finish="2022-10-17T15:00:14.5898368+03:00" />
  <TestSettings name="default" id="d6652a90-d3a1-486d-a651-3543003c30b4">
    <Deployment runDeploymentRoot="_DESKTOP-TJ9D65N_2022-10-17_15_00_14" />
  </TestSettings>
  <Results>
    <UnitTestResult executionId="127d56de-bebe-4ca2-b47b-8a7139accbd9" testId="4f297306-d4f3-8d63-e7f4-1ac0b8c58c74" testName="BL.Tests.CheckPermissionsServiceTests.AuthorizedHasNoAccessToAdminSkiPatrolFunctions(functionName: &quot;GetLiftsSlopesInfoAsync&quot;)" computerName="DESKTOP-TJ9D65N" duration="00:00:00.0010423" startTime="2022-10-17T15:00:14.4488472+03:00" endTime="2022-10-17T15:00:14.4488473+03:00" testType="13cdc9d9-ddb5-4fa4-a97d-d965ccfc6d4b" outcome="Passed" testListId="8c84fa94-04c1-424b-9868-57a2d4851a1d" relativeResultsDirectory="127d56de-bebe-4ca2-b47b-8a7139accbd9" />
    <UnitTestResult executionId="f89f1f55-3598-4c39-9f28-aac64ae67f48" testId="1ca07ad8-f799-c5d4-e7cc-34fd950198a2" testName="BL.Tests.UsersServiceTests.TestLogInOk" computerName="DESKTOP-TJ9D65N" duration="00:00:00.0034524" startTime="2022-10-17T15:00:14.3972394+03:00" endTime="2022-10-17T15:00:14.3972395+03:00" testType="13cdc9d9-ddb5-4fa4-a97d-d965ccfc6d4b" outcome="Passed" testListId="8c84fa94-04c1-424b-9868-57a2d4851a1d" relativeResultsDirectory="f89f1f55-3598-4c39-9f28-aac64ae67f48" />
    <UnitTestResult executionId="f1fc5f2a-d933-4096-9837-5a34bbb77d5c" testId="644ec43e-70cd-c82d-42e7-0d990be1414d" testName="BL.Tests.CheckPermissionsServiceTests.AuthorizedHasAccessToAuthorizedFunctions(functionName: &quot;SendMessageAsync&quot;)" computerName="DESKTOP-TJ9D65N" duration="00:00:00.0017001" startTime="2022-10-17T15:00:14.4585109+03:00" endTime="2022-10-17T15:00:14.4585109+03:00" testType="13cdc9d9-ddb5-4fa4-a97d-d965ccfc6d4b" outcome="Passed" testListId="8c84fa94-04c1-424b-9868-57a2d4851a1d" relativeResultsDirectory="f1fc5f2a-d933-4096-9837-5a34bbb77d5c" />
    <UnitTestResult executionId="1e455ed4-7019-4e30-8afc-f3baa46875b3" testId="be3b0cf8-2e9d-e0c9-c715-c81a14b06eef" testName="BL.Tests.TurnstilesServiceTest.TestAdminDeleteTurnstileAsync(userID: 48, turnstile: Turnstile { TurnstileID = 123, LiftID = 89, IsOpen = True }, checkPermissionServiceMock: Mock&lt;ICheckPermissionService:15&gt;, turnstilesRepositoryStub: Mock&lt;ITurnstilesRepository:9&gt;, sut: TurnstilesService { })" computerName="DESKTOP-TJ9D65N" duration="00:00:00.0046403" startTime="2022-10-17T15:00:14.3367136+03:00" endTime="2022-10-17T15:00:14.3367137+03:00" testType="13cdc9d9-ddb5-4fa4-a97d-d965ccfc6d4b" outcome="Passed" testListId="8c84fa94-04c1-424b-9868-57a2d4851a1d" relativeResultsDirectory="1e455ed4-7019-4e30-8afc-f3baa46875b3" />
    <UnitTestResult executionId="618db4d1-57af-4cb4-ad1b-f2120c942cc3" testId="4c69147c-c00b-529f-6dfc-bd1844e740a9" testName="BL.Tests.LiftsServiceTest.TestUpdateLiftInfoAsync(userID: 51, lift: Lift { LiftID = 154, LiftName = liftName4a1d0e11-aa8e-4fc2-a520-539c6d634689, IsOpen = True, SeatsAmount = 146, LiftingTime = 54, QueueTime = 186, ConnectedSlopes =  }, checkPermissionServiceMock: Mock&lt;ICheckPermissionService:3&gt;, liftsRepositoryStub: Mock&lt;ILiftsRepository:3&gt;, sut: LiftsService { })" computerName="DESKTOP-TJ9D65N" duration="00:00:00.0066251" startTime="2022-10-17T15:00:14.3802294+03:00" endTime="2022-10-17T15:00:14.3802295+03:00" testType="13cdc9d9-ddb5-4fa4-a97d-d965ccfc6d4b" outcome="Passed" testListId="8c84fa94-04c1-424b-9868-57a2d4851a1d" relativeResultsDirectory="618db4d1-57af-4cb4-ad1b-f2120c942cc3" />
    <UnitTestResult executionId="7bfda508-e888-42af-8a44-0989054b83b7" testId="d1c96d24-5d39-ebc7-798d-8a441b3a94b0" testName="BL.Tests.LiftsServiceTest.TestGetLiftsInfoAsync(userID: 29, initialLifts: [Lift { LiftID = 23, LiftName = liftName85120d72-d81d-4063-b0e4-05087bb1339a, IsOpen = True, SeatsAmount = 94, LiftingTime = 125, QueueTime = 61, ConnectedSlopes =  }, Lift { LiftID = 120, LiftName = liftName1c7b9bd1-4cf9-496d-a500-b5641d0d562b, IsOpen = False, SeatsAmount = 205, LiftingTime = 114, QueueTime = 75, ConnectedSlopes =  }, Lift { LiftID = 63, LiftName = liftNamefdb1f8a4-5173-4f72-b8e5-a54df8dd6cea, IsOpen = True, SeatsAmount = 176, LiftingTime = 124, QueueTime = 250, ConnectedSlopes =  }], checkPermissionServiceMock: Mock&lt;ICheckPermissionService:2&gt;, liftsRepositoryStub: Mock&lt;ILiftsRepository:2&gt;, liftsSlopesRepositoryStub: Mock&lt;ILiftsSlopesRepository:2&gt;, sut: LiftsService { })" computerName="DESKTOP-TJ9D65N" duration="00:00:00.0465582" startTime="2022-10-17T15:00:14.3568266+03:00" endTime="2022-10-17T15:00:14.3568266+03:00" testType="13cdc9d9-ddb5-4fa4-a97d-d965ccfc6d4b" outcome="Passed" testListId="8c84fa94-04c1-424b-9868-57a2d4851a1d" relativeResultsDirectory="7bfda508-e888-42af-8a44-0989054b83b7" />
    <UnitTestResult executionId="ec5a9358-6c7a-44ef-b648-724d59e44a92" testId="26e71d1d-5465-c443-2498-063bdadf8ce0" testName="BL.Tests.TurnstilesServiceTest.TestAdminAddAutoIncrementTurnstileAsync(userID: 40, turnstile: Turnstile { TurnstileID = 200, LiftID = 191, IsOpen = True }, checkPermissionServiceMock: Mock&lt;ICheckPermissionService:16&gt;, turnstilesRepositoryStub: Mock&lt;ITurnstilesRepository:10&gt;, sut: TurnstilesService { })" computerName="DESKTOP-TJ9D65N" duration="00:00:00.0078961" startTime="2022-10-17T15:00:14.3549739+03:00" endTime="2022-10-17T15:00:14.3549739+03:00" testType="13cdc9d9-ddb5-4fa4-a97d-d965ccfc6d4b" outcome="Passed" testListId="8c84fa94-04c1-424b-9868-57a2d4851a1d" relativeResultsDirectory="ec5a9358-6c7a-44ef-b648-724d59e44a92" />
    <UnitTestResult executionId="88c7174a-2523-41ab-a1e4-8f818b88b1f0" testId="90c4ee39-2ecc-dfea-5d58-b19db4e557cb" testName="BL.Tests.LiftsSlopesServiceTests.TestAdminDeleteLiftSlopeAsync(lift: Lift { LiftID = 67, LiftName = liftNameb37e1590-8797-479d-9f22-a5c8c019335d, IsOpen = True, SeatsAmount = 251, LiftingTime = 170, QueueTime = 205, ConnectedSlopes =  }, slope: Slope { SlopeID = 165, SlopeName = slopeName7e6318a0-f44e-4a81-a913-2821fd507728, IsOpen = False, DifficultyLevel = 82, ConnectedLifts =  }, slopesRepositoryStub: Mock&lt;ISlopesRepository:2&gt;, liftsRepositoryStub: Mock&lt;ILiftsRepository:7&gt;, liftsSlopesRepositoryStub: Mock&lt;ILiftsSlopesRepository:7&gt;)" computerName="DESKTOP-TJ9D65N" duration="00:00:00.0083281" startTime="2022-10-17T15:00:14.3421595+03:00" endTime="2022-10-17T15:00:14.3421596+03:00" testType="13cdc9d9-ddb5-4fa4-a97d-d965ccfc6d4b" outcome="Passed" testListId="8c84fa94-04c1-424b-9868-57a2d4851a1d" relativeResultsDirectory="88c7174a-2523-41ab-a1e4-8f818b88b1f0" />
    <UnitTestResult executionId="90177a89-2abf-45bb-8f93-b1a7e2d47a58" testId="eaabd2fc-2f4b-5689-59c8-c7ad34a8f634" testName="BL.Tests.CheckPermissionsServiceTests.UnauthorizedHasNoAccessToAuthorizedFunctions(functionName: &quot;SendMessageAsync&quot;)" computerName="DESKTOP-TJ9D65N" duration="00:00:00.0034999" startTime="2022-10-17T15:00:14.3398673+03:00" endTime="2022-10-17T15:00:14.3398674+03:00" testType="13cdc9d9-ddb5-4fa4-a97d-d965ccfc6d4b" outcome="Passed" testListId="8c84fa94-04c1-424b-9868-57a2d4851a1d" relativeResultsDirectory="90177a89-2abf-45bb-8f93-b1a7e2d47a58" />
    <UnitTestResult executionId="8ccaad26-5928-46c7-a9ad-74514498804d" testId="06d7a83e-ea1e-619f-ec2f-283cd57c5def" testName="BL.Tests.SlopesServiceTest.TestAdminAddSlopeAsync(userID: 189, slope: Slope { SlopeID = 243, SlopeName = slopeName45427518-83ef-452b-97ed-68a4094e1f65, IsOpen = True, DifficultyLevel = 26, ConnectedLifts =  }, checkPermissionServiceMock: Mock&lt;ICheckPermissionService:11&gt;, slopesRepositoryStub: Mock&lt;ISlopesRepository:9&gt;, sut: SlopesService { })" computerName="DESKTOP-TJ9D65N" duration="00:00:00.0051897" startTime="2022-10-17T15:00:14.4088881+03:00" endTime="2022-10-17T15:00:14.4088883+03:00" testType="13cdc9d9-ddb5-4fa4-a97d-d965ccfc6d4b" outcome="Passed" testListId="8c84fa94-04c1-424b-9868-57a2d4851a1d" relativeResultsDirectory="8ccaad26-5928-46c7-a9ad-74514498804d" />
    <UnitTestResult executionId="89bfd28d-7098-43b7-9585-a126f21324bd" testId="a19a5fcf-c5d2-7d44-5d7d-84403042f4e0" testName="BL.Tests.CheckPermissionsServiceTests.UnauthorizedHasNoAccessToAdminSkiPatrolFunctions(functionName: &quot;MarkMessageReadByUserAsync&quot;)" computerName="DESKTOP-TJ9D65N" duration="00:00:00.0384747" startTime="2022-10-17T15:00:14.3057342+03:00" endTime="2022-10-17T15:00:14.3057343+03:00" testType="13cdc9d9-ddb5-4fa4-a97d-d965ccfc6d4b" outcome="Passed" testListId="8c84fa94-04c1-424b-9868-57a2d4851a1d" relativeResultsDirectory="89bfd28d-7098-43b7-9585-a126f21324bd" />
    <UnitTestResult executionId="ce768d7c-1f9e-4ac2-bcc5-6584ff77d5a7" testId="492c0393-35b4-df26-a537-21ca08302f3c" testName="BL.Tests.CheckPermissionsServiceTests.SkiPatrolHasNoAccessToAdminFunctions" computerName="DESKTOP-TJ9D65N" duration="00:00:00.0021376" startTime="2022-10-17T15:00:14.4994202+03:00" endTime="2022-10-17T15:00:14.4994203+03:00" testType="13cdc9d9-ddb5-4fa4-a97d-d965ccfc6d4b" outcome="Passed" testListId="8c84fa94-04c1-424b-9868-57a2d4851a1d" relativeResultsDirectory="ce768d7c-1f9e-4ac2-bcc5-6584ff77d5a7" />
    <UnitTestResult executionId="26e62d32-e3f2-469b-8921-78be1be17079" testId="10969a76-69bd-9724-1efc-caa927992b15" testName="BL.Tests.TurnstilesServiceTest.TestAdminGetTurnstilesAsync(userID: 148, initialTurnstiles: [Turnstile { TurnstileID = 246, LiftID = 231, IsOpen = True }, Turnstile { TurnstileID = 116, LiftID = 232, IsOpen = False }, Turnstile { TurnstileID = 142, LiftID = 121, IsOpen = True }], checkPermissionServiceMock: Mock&lt;ICheckPermissionService:13&gt;, turnstilesRepositoryStub: Mock&lt;ITurnstilesRepository:7&gt;, sut: TurnstilesService { })" computerName="DESKTOP-TJ9D65N" duration="00:00:00.0400697" startTime="2022-10-17T15:00:14.2563076+03:00" endTime="2022-10-17T15:00:14.2563329+03:00" testType="13cdc9d9-ddb5-4fa4-a97d-d965ccfc6d4b" outcome="Passed" testListId="8c84fa94-04c1-424b-9868-57a2d4851a1d" relativeResultsDirectory="26e62d32-e3f2-469b-8921-78be1be17079" />
    <UnitTestResult executionId="4a6bed5c-153b-409e-8871-563c667b6d31" testId="f44a1b21-8efc-bfac-63b4-d534442def31" testName="BL.Tests.UsersServiceTests.TestRegisterUserWithNoPassword" computerName="DESKTOP-TJ9D65N" duration="00:00:00.0018019" startTime="2022-10-17T15:00:14.3282457+03:00" endTime="2022-10-17T15:00:14.3282458+03:00" testType="13cdc9d9-ddb5-4fa4-a97d-d965ccfc6d4b" outcome="Passed" testListId="8c84fa94-04c1-424b-9868-57a2d4851a1d" relativeResultsDirectory="4a6bed5c-153b-409e-8871-563c667b6d31" />
    <UnitTestResult executionId="23456225-e8b0-4625-b7f9-f84bcc9e919a" testId="8184bd30-991c-b78d-b4ec-99a485eac0dd" testName="BL.Tests.UsersServiceTests.TestRegisterUserWithNoEmail" computerName="DESKTOP-TJ9D65N" duration="00:00:00.0033520" startTime="2022-10-17T15:00:14.3118978+03:00" endTime="2022-10-17T15:00:14.3118980+03:00" testType="13cdc9d9-ddb5-4fa4-a97d-d965ccfc6d4b" outcome="Passed" testListId="8c84fa94-04c1-424b-9868-57a2d4851a1d" relativeResultsDirectory="23456225-e8b0-4625-b7f9-f84bcc9e919a" />
    <UnitTestResult executionId="66793c2d-ca66-433c-9d94-265cf0d9885c" testId="ba775159-bd9a-b5cf-c562-0a541e391eda" testName="BL.Tests.LiftsServiceTest.TestAdminAddAutoIncrementLiftAsync(userID: 200, lift: Lift { LiftID = 232, LiftName = liftName9b238884-b71a-46de-b6bc-4ede28653ba1, IsOpen = True, SeatsAmount = 246, LiftingTime = 85, QueueTime = 106, ConnectedSlopes =  }, checkPermissionServiceMock: Mock&lt;ICheckPermissionService:5&gt;, liftsRepositoryStub: Mock&lt;ILiftsRepository:5&gt;, sut: LiftsService { })" computerName="DESKTOP-TJ9D65N" duration="00:00:00.0414437" startTime="2022-10-17T15:00:14.3057622+03:00" endTime="2022-10-17T15:00:14.3057622+03:00" testType="13cdc9d9-ddb5-4fa4-a97d-d965ccfc6d4b" outcome="Passed" testListId="8c84fa94-04c1-424b-9868-57a2d4851a1d" relativeResultsDirectory="66793c2d-ca66-433c-9d94-265cf0d9885c" />
    <UnitTestResult executionId="5db08aa0-ed42-4107-bb1d-e5bf2cedd1ff" testId="387c9729-48c1-486e-5e67-f5d11a9f0db8" testName="BL.Tests.CheckPermissionsServiceTests.UnauthorizedHasNoAccessToAdminSkiPatrolFunctions(functionName: &quot;GetLiftsSlopesInfoAsync&quot;)" computerName="DESKTOP-TJ9D65N" duration="00:00:00.0020793" startTime="2022-10-17T15:00:14.3093796+03:00" endTime="2022-10-17T15:00:14.3093797+03:00" testType="13cdc9d9-ddb5-4fa4-a97d-d965ccfc6d4b" outcome="Passed" testListId="8c84fa94-04c1-424b-9868-57a2d4851a1d" relativeResultsDirectory="5db08aa0-ed42-4107-bb1d-e5bf2cedd1ff" />
    <UnitTestResult executionId="8655e9ed-fa08-4b41-bfea-6d6eb64d2757" testId="e2d7e5be-3dae-33ae-fb17-c704b6fd58d6" testName="BL.Tests.CheckPermissionsServiceTests.UnauthorizedHasNoAccessToAdminFunctions" computerName="DESKTOP-TJ9D65N" duration="00:00:00.0021012" startTime="2022-10-17T15:00:14.4897347+03:00" endTime="2022-10-17T15:00:14.4897348+03:00" testType="13cdc9d9-ddb5-4fa4-a97d-d965ccfc6d4b" outcome="Passed" testListId="8c84fa94-04c1-424b-9868-57a2d4851a1d" relativeResultsDirectory="8655e9ed-fa08-4b41-bfea-6d6eb64d2757" />
    <UnitTestResult executionId="b1ab82c8-af87-4657-a749-85b214d31f97" testId="1ca078ec-ce4b-eaa8-1307-69db2a8df6e6" testName="BL.Tests.SlopesServiceTest.TestAdminAddAutoIncrementSlopeAsync(userID: 214, slope: Slope { SlopeID = 112, SlopeName = slopeName4700a65e-29c3-46c9-8047-e06853e6a79a, IsOpen = True, DifficultyLevel = 198, ConnectedLifts =  }, checkPermissionServiceMock: Mock&lt;ICheckPermissionService:10&gt;, slopesRepositoryStub: Mock&lt;ISlopesRepository:8&gt;, sut: SlopesService { })" computerName="DESKTOP-TJ9D65N" duration="00:00:00.0061534" startTime="2022-10-17T15:00:14.3940239+03:00" endTime="2022-10-17T15:00:14.3940240+03:00" testType="13cdc9d9-ddb5-4fa4-a97d-d965ccfc6d4b" outcome="Passed" testListId="8c84fa94-04c1-424b-9868-57a2d4851a1d" relativeResultsDirectory="b1ab82c8-af87-4657-a749-85b214d31f97" />
    <UnitTestResult executionId="b431be73-3dc5-4d16-9d35-8b9021cdb153" testId="a2e59116-cb53-1d70-9cb8-21c286516866" testName="BL.Tests.CheckPermissionsServiceTests.AuthorizedHasNoAccessToAdminFunctions" computerName="DESKTOP-TJ9D65N" duration="00:00:00.0092248" startTime="2022-10-17T15:00:14.4167800+03:00" endTime="2022-10-17T15:00:14.4167800+03:00" testType="13cdc9d9-ddb5-4fa4-a97d-d965ccfc6d4b" outcome="Passed" testListId="8c84fa94-04c1-424b-9868-57a2d4851a1d" relativeResultsDirectory="b431be73-3dc5-4d16-9d35-8b9021cdb153" />
    <UnitTestResult executionId="e61db725-8063-41cf-a9c4-28ba0d2b6d2c" testId="0eeef75f-6e38-7893-a8fe-cff3e0a970a7" testName="BL.Tests.UsersServiceTests.TestRegisterOk" computerName="DESKTOP-TJ9D65N" duration="00:00:00.0092152" startTime="2022-10-17T15:00:14.3845000+03:00" endTime="2022-10-17T15:00:14.3845001+03:00" testType="13cdc9d9-ddb5-4fa4-a97d-d965ccfc6d4b" outcome="Passed" testListId="8c84fa94-04c1-424b-9868-57a2d4851a1d" relativeResultsDirectory="e61db725-8063-41cf-a9c4-28ba0d2b6d2c" />
    <UnitTestResult executionId="4fc28bb2-bfbf-4f92-a65d-04e1852d330f" testId="e5497347-2721-b7a6-0bd4-69a9921f6947" testName="BL.Tests.UsersServiceTests.TestAdminGetUserByIDAsync" computerName="DESKTOP-TJ9D65N" duration="00:00:00.0033309" startTime="2022-10-17T15:00:14.4430757+03:00" endTime="2022-10-17T15:00:14.4430757+03:00" testType="13cdc9d9-ddb5-4fa4-a97d-d965ccfc6d4b" outcome="Passed" testListId="8c84fa94-04c1-424b-9868-57a2d4851a1d" relativeResultsDirectory="4fc28bb2-bfbf-4f92-a65d-04e1852d330f" />
    <UnitTestResult executionId="0d3b7f96-2239-457c-8d9b-c65e605d34cd" testId="834c739b-eca4-b36d-6a66-5a1bd75377b8" testName="BL.Tests.UsersServiceTests.TestAdminAddAutoIncrementUser" computerName="DESKTOP-TJ9D65N" duration="00:00:00.0062901" startTime="2022-10-17T15:00:14.4320248+03:00" endTime="2022-10-17T15:00:14.4320249+03:00" testType="13cdc9d9-ddb5-4fa4-a97d-d965ccfc6d4b" outcome="Passed" testListId="8c84fa94-04c1-424b-9868-57a2d4851a1d" relativeResultsDirectory="0d3b7f96-2239-457c-8d9b-c65e605d34cd" />
    <UnitTestResult executionId="698c3149-be51-47de-98d0-909f0a9da2dc" testId="9c7df5e2-1b23-ebea-889f-b78ca86b60ab" testName="BL.Tests.CheckPermissionsServiceTests.AuthorizedHasNoAccessToAdminSkiPatrolFunctions(functionName: &quot;MarkMessageReadByUserAsync&quot;)" computerName="DESKTOP-TJ9D65N" duration="00:00:00.0011673" startTime="2022-10-17T15:00:14.4396673+03:00" endTime="2022-10-17T15:00:14.4396674+03:00" testType="13cdc9d9-ddb5-4fa4-a97d-d965ccfc6d4b" outcome="Passed" testListId="8c84fa94-04c1-424b-9868-57a2d4851a1d" relativeResultsDirectory="698c3149-be51-47de-98d0-909f0a9da2dc" />
    <UnitTestResult executionId="b87cb1b8-66a7-4c2b-bd42-2cf651c5a5fb" testId="36e589da-78c2-652a-5ecb-dcfb60d477ec" testName="BL.Tests.LiftsServiceTest.TestGetLiftInfoAsync(userID: 69, lift: Lift { LiftID = 247, LiftName = liftName8af13d27-4364-4ea2-ad73-186757edafd2, IsOpen = True, SeatsAmount = 42, LiftingTime = 196, QueueTime = 138, ConnectedSlopes =  }, checkPermissionServiceMock: Mock&lt;ICheckPermissionService:1&gt;, liftsRepositoryStub: Mock&lt;ILiftsRepository:1&gt;, liftsSlopesRepositoryStub: Mock&lt;ILiftsSlopesRepository:1&gt;, sut: LiftsService { })" computerName="DESKTOP-TJ9D65N" duration="00:00:00.0105738" startTime="2022-10-17T15:00:14.4195309+03:00" endTime="2022-10-17T15:00:14.4195310+03:00" testType="13cdc9d9-ddb5-4fa4-a97d-d965ccfc6d4b" outcome="Passed" testListId="8c84fa94-04c1-424b-9868-57a2d4851a1d" relativeResultsDirectory="b87cb1b8-66a7-4c2b-bd42-2cf651c5a5fb" />
    <UnitTestResult executionId="62567124-cc56-489e-b96a-1f238765e1fa" testId="06d0bc3a-24a0-fb7f-4277-e9ae6d21c7dd" testName="BL.Tests.UsersServiceTests.TestAdminUpdateUser" computerName="DESKTOP-TJ9D65N" duration="00:00:00.0069041" startTime="2022-10-17T15:00:14.3625693+03:00" endTime="2022-10-17T15:00:14.3625694+03:00" testType="13cdc9d9-ddb5-4fa4-a97d-d965ccfc6d4b" outcome="Passed" testListId="8c84fa94-04c1-424b-9868-57a2d4851a1d" relativeResultsDirectory="62567124-cc56-489e-b96a-1f238765e1fa" />
    <UnitTestResult executionId="46455283-5964-4995-b3a2-1641897c7fb0" testId="15383ad2-aca4-6cf3-b11f-fcf08e137ddc" testName="BL.Tests.TurnstilesServiceTest.TestAdminUpdateTurnstileAsync(userID: 249, turnstile: Turnstile { TurnstileID = 242, LiftID = 59, IsOpen = True }, checkPermissionServiceMock: Mock&lt;ICheckPermissionService:14&gt;, turnstilesRepositoryStub: Mock&lt;ITurnstilesRepository:8&gt;, sut: TurnstilesService { })" computerName="DESKTOP-TJ9D65N" duration="00:00:00.0071792" startTime="2022-10-17T15:00:14.3146549+03:00" endTime="2022-10-17T15:00:14.3146549+03:00" testType="13cdc9d9-ddb5-4fa4-a97d-d965ccfc6d4b" outcome="Passed" testListId="8c84fa94-04c1-424b-9868-57a2d4851a1d" relativeResultsDirectory="46455283-5964-4995-b3a2-1641897c7fb0" />
    <UnitTestResult executionId="ed524984-aab9-416a-8836-24c794611d8e" testId="60bd668f-04df-da5e-b79b-5d9aedb5234d" testName="BL.Tests.CheckPermissionsServiceTests.SkiPatrolHasAccessToAdminSkiPatrolFunctions(functionName: &quot;MarkMessageReadByUserAsync&quot;)" computerName="DESKTOP-TJ9D65N" duration="00:00:00.0021762" startTime="2022-10-17T15:00:14.3877833+03:00" endTime="2022-10-17T15:00:14.3877834+03:00" testType="13cdc9d9-ddb5-4fa4-a97d-d965ccfc6d4b" outcome="Passed" testListId="8c84fa94-04c1-424b-9868-57a2d4851a1d" relativeResultsDirectory="ed524984-aab9-416a-8836-24c794611d8e" />
    <UnitTestResult executionId="42fe6687-7c77-47ef-95b4-c478051a0d1c" testId="20ad8570-0170-85de-dcd7-2f109dd7bcd6" testName="BL.Tests.UsersServiceTests.TestAdminGetUsers" computerName="DESKTOP-TJ9D65N" duration="00:00:00.0444942" startTime="2022-10-17T15:00:14.3058540+03:00" endTime="2022-10-17T15:00:14.3058541+03:00" testType="13cdc9d9-ddb5-4fa4-a97d-d965ccfc6d4b" outcome="Passed" testListId="8c84fa94-04c1-424b-9868-57a2d4851a1d" relativeResultsDirectory="42fe6687-7c77-47ef-95b4-c478051a0d1c" />
    <UnitTestResult executionId="d7346c57-0f9e-4976-8452-b712cb86b48b" testId="18fa8c62-e27d-e1fc-8182-4d7db62b008d" testName="BL.Tests.UsersServiceTests.TestAdminDeleteUser" computerName="DESKTOP-TJ9D65N" duration="00:00:00.0029913" startTime="2022-10-17T15:00:14.4532370+03:00" endTime="2022-10-17T15:00:14.4532371+03:00" testType="13cdc9d9-ddb5-4fa4-a97d-d965ccfc6d4b" outcome="Passed" testListId="8c84fa94-04c1-424b-9868-57a2d4851a1d" relativeResultsDirectory="d7346c57-0f9e-4976-8452-b712cb86b48b" />
    <UnitTestResult executionId="e34e3c12-fcaa-4342-b0e7-4b740b158b3e" testId="b142c85a-f454-fadf-91ad-891e38e7a6ea" testName="BL.Tests.LiftsSlopesServiceTests.TestAdminAddAutoIncrementLiftSlopeAsync(lift: Lift { LiftID = 9, LiftName = liftName600894ac-6c86-48af-a1a7-8d9ed988c870, IsOpen = True, SeatsAmount = 108, LiftingTime = 123, QueueTime = 89, ConnectedSlopes =  }, slope: Slope { SlopeID = 44, SlopeName = slopeName5bce5dfb-c76c-43c2-8d37-bb693a5613c2, IsOpen = False, DifficultyLevel = 7, ConnectedLifts =  }, slopesRepositoryStub: Mock&lt;ISlopesRepository:3&gt;, liftsRepositoryStub: Mock&lt;ILiftsRepository:8&gt;, liftsSlopesRepositoryStub: Mock&lt;ILiftsSlopesRepository:8&gt;)" computerName="DESKTOP-TJ9D65N" duration="00:00:00.0091995" startTime="2022-10-17T15:00:14.3167923+03:00" endTime="2022-10-17T15:00:14.3167924+03:00" testType="13cdc9d9-ddb5-4fa4-a97d-d965ccfc6d4b" outcome="Passed" testListId="8c84fa94-04c1-424b-9868-57a2d4851a1d" relativeResultsDirectory="e34e3c12-fcaa-4342-b0e7-4b740b158b3e" />
    <UnitTestResult executionId="826b2ebb-cf49-4353-a96f-3ef3670c48b9" testId="6e93f3f0-5aa5-0c2c-be06-6b70349c084e" testName="BL.Tests.SlopesServiceTest.TestGetSlopeInfoAsync(userID: 95, slope: Slope { SlopeID = 155, SlopeName = slopeName63ffee46-6e14-4b07-8e4d-49e2989d4c7e, IsOpen = True, DifficultyLevel = 177, ConnectedLifts =  }, checkPermissionServiceMock: Mock&lt;ICheckPermissionService:6&gt;, slopesRepositoryStub: Mock&lt;ISlopesRepository:4&gt;, liftsSlopesRepositoryStub: Mock&lt;ILiftsSlopesRepository:9&gt;, sut: SlopesService { })" computerName="DESKTOP-TJ9D65N" duration="00:00:00.0071852" startTime="2022-10-17T15:00:14.3790265+03:00" endTime="2022-10-17T15:00:14.3790266+03:00" testType="13cdc9d9-ddb5-4fa4-a97d-d965ccfc6d4b" outcome="Passed" testListId="8c84fa94-04c1-424b-9868-57a2d4851a1d" relativeResultsDirectory="826b2ebb-cf49-4353-a96f-3ef3670c48b9" />
    <UnitTestResult executionId="aea28762-6763-42d0-b1d6-b23d1af0b0f3" testId="6cb21473-e113-92bf-e335-628d5249e50e" testName="BL.Tests.SlopesServiceTest.TestGetSlopesInfoAsync(userID: 236, initialSlopes: [Slope { SlopeID = 21, SlopeName = slopeName1a5695fd-2a48-4535-abf3-b04738060f43, IsOpen = True, DifficultyLevel = 79, ConnectedLifts =  }, Slope { SlopeID = 214, SlopeName = slopeName4939113d-0110-4224-9328-abcb5688ddac, IsOpen = False, DifficultyLevel = 203, ConnectedLifts =  }, Slope { SlopeID = 96, SlopeName = slopeName83f4367f-a3f5-49d4-afcb-88041314762c, IsOpen = True, DifficultyLevel = 135, ConnectedLifts =  }], checkPermissionServiceMock: Mock&lt;ICheckPermissionService:7&gt;, slopesRepositoryStub: Mock&lt;ISlopesRepository:5&gt;, liftsSlopesRepositoryStub: Mock&lt;ILiftsSlopesRepository:10&gt;, sut: SlopesService { })" computerName="DESKTOP-TJ9D65N" duration="00:00:00.0284606" startTime="2022-10-17T15:00:14.3568547+03:00" endTime="2022-10-17T15:00:14.3568548+03:00" testType="13cdc9d9-ddb5-4fa4-a97d-d965ccfc6d4b" outcome="Passed" testListId="8c84fa94-04c1-424b-9868-57a2d4851a1d" relativeResultsDirectory="aea28762-6763-42d0-b1d6-b23d1af0b0f3" />
    <UnitTestResult executionId="1305de39-7010-460a-9681-f2e179e757ce" testId="69340bb6-3645-f9dd-971e-29d8b2a009bb" testName="BL.Tests.UsersServiceTests.TestLogInWithWrongPassword" computerName="DESKTOP-TJ9D65N" duration="00:00:00.0089730" startTime="2022-10-17T15:00:14.4156891+03:00" endTime="2022-10-17T15:00:14.4156892+03:00" testType="13cdc9d9-ddb5-4fa4-a97d-d965ccfc6d4b" outcome="Passed" testListId="8c84fa94-04c1-424b-9868-57a2d4851a1d" relativeResultsDirectory="1305de39-7010-460a-9681-f2e179e757ce" />
    <UnitTestResult executionId="2a8e81cf-f36d-4145-a006-d4d57c02ee7a" testId="aa28a6b3-21d3-aa45-24d3-bef2facbc899" testName="BL.Tests.CheckPermissionsServiceTests.AuthorizedHasAccessToAuthorizedFunctions(functionName: &quot;LogOutAsync&quot;)" computerName="DESKTOP-TJ9D65N" duration="00:00:00.0011760" startTime="2022-10-17T15:00:14.4674204+03:00" endTime="2022-10-17T15:00:14.4674204+03:00" testType="13cdc9d9-ddb5-4fa4-a97d-d965ccfc6d4b" outcome="Passed" testListId="8c84fa94-04c1-424b-9868-57a2d4851a1d" relativeResultsDirectory="2a8e81cf-f36d-4145-a006-d4d57c02ee7a" />
    <UnitTestResult executionId="261effa1-32d6-4a34-8b5a-f205c776fadd" testId="fa960c5e-f989-2880-784e-8efe538c5231" testName="BL.Tests.CheckPermissionsServiceTests.UnauthorizedHasNoAccessToAuthorizedFunctions(functionName: &quot;LogOutAsync&quot;)" computerName="DESKTOP-TJ9D65N" duration="00:00:00.0022352" startTime="2022-10-17T15:00:14.3549122+03:00" endTime="2022-10-17T15:00:14.3549123+03:00" testType="13cdc9d9-ddb5-4fa4-a97d-d965ccfc6d4b" outcome="Passed" testListId="8c84fa94-04c1-424b-9868-57a2d4851a1d" relativeResultsDirectory="261effa1-32d6-4a34-8b5a-f205c776fadd" />
    <UnitTestResult executionId="d33bb314-2c31-4ed5-ad0f-8396d6ba4db7" testId="9942f128-7651-e5b7-8628-a962afc45089" testName="BL.Tests.TurnstilesServiceTest.TestAdminGetTurnstileAsync(userID: 160, turnstile: Turnstile { TurnstileID = 24, LiftID = 235, IsOpen = True }, checkPermissionServiceMock: Mock&lt;ICheckPermissionService:12&gt;, turnstilesRepositoryStub: Mock&lt;ITurnstilesRepository:6&gt;, sut: TurnstilesService { })" computerName="DESKTOP-TJ9D65N" duration="00:00:00.0051624" startTime="2022-10-17T15:00:14.3735933+03:00" endTime="2022-10-17T15:00:14.3735934+03:00" testType="13cdc9d9-ddb5-4fa4-a97d-d965ccfc6d4b" outcome="Passed" testListId="8c84fa94-04c1-424b-9868-57a2d4851a1d" relativeResultsDirectory="d33bb314-2c31-4ed5-ad0f-8396d6ba4db7" />
    <UnitTestResult executionId="a0a7fb03-501f-4fbd-960e-e3ceef3ca2a3" testId="c36970dc-93f7-753e-fa47-157133b01644" testName="BL.Tests.CheckPermissionsServiceTests.SkiPatrolHasAccessToAdminSkiPatrolFunctions(functionName: &quot;GetMessagesAsync&quot;)" computerName="DESKTOP-TJ9D65N" duration="00:00:00.0015241" startTime="2022-10-17T15:00:14.3972699+03:00" endTime="2022-10-17T15:00:14.3972700+03:00" testType="13cdc9d9-ddb5-4fa4-a97d-d965ccfc6d4b" outcome="Passed" testListId="8c84fa94-04c1-424b-9868-57a2d4851a1d" relativeResultsDirectory="a0a7fb03-501f-4fbd-960e-e3ceef3ca2a3" />
    <UnitTestResult executionId="93f1ced2-d557-45bb-b373-61d00a26ebd6" testId="f3efc418-a8a6-c7b7-9bac-90b33aa8472f" testName="BL.Tests.CheckPermissionsServiceTests.AdminHasAccessToAllFunctions" computerName="DESKTOP-TJ9D65N" duration="00:00:00.0016180" startTime="2022-10-17T15:00:14.5095235+03:00" endTime="2022-10-17T15:00:14.5095236+03:00" testType="13cdc9d9-ddb5-4fa4-a97d-d965ccfc6d4b" outcome="Passed" testListId="8c84fa94-04c1-424b-9868-57a2d4851a1d" relativeResultsDirectory="93f1ced2-d557-45bb-b373-61d00a26ebd6" />
    <UnitTestResult executionId="02e22590-7844-41f8-98b1-8eb261653541" testId="3ad92d31-80a6-270e-9025-0cd75cbe6517" testName="BL.Tests.SlopesServiceTest.TestUpdateSlopeInfoAsync(userID: 103, slope: Slope { SlopeID = 254, SlopeName = slopeName22b71b70-6323-4566-92d4-251eee12886d, IsOpen = True, DifficultyLevel = 234, ConnectedLifts =  }, checkPermissionServiceMock: Mock&lt;ICheckPermissionService:8&gt;, slopesRepositoryStub: Mock&lt;ISlopesRepository:6&gt;, sut: SlopesService { })" computerName="DESKTOP-TJ9D65N" duration="00:00:00.0071015" startTime="2022-10-17T15:00:14.3146082+03:00" endTime="2022-10-17T15:00:14.3146083+03:00" testType="13cdc9d9-ddb5-4fa4-a97d-d965ccfc6d4b" outcome="Passed" testListId="8c84fa94-04c1-424b-9868-57a2d4851a1d" relativeResultsDirectory="02e22590-7844-41f8-98b1-8eb261653541" />
    <UnitTestResult executionId="9812e448-17b4-4c6e-961a-b8a1ef7645ee" testId="342fc3b5-37ea-7388-0c60-8d0d01a92e6f" testName="BL.Tests.SlopesServiceTest.TestAdminDeleteSlopeAsync(userID: 166, slope: Slope { SlopeID = 48, SlopeName = slopeName1f37eb96-feb7-4831-84ee-f996bbd0d224, IsOpen = True, DifficultyLevel = 16, ConnectedLifts =  }, checkPermissionServiceMock: Mock&lt;ICheckPermissionService:9&gt;, slopesRepositoryStub: Mock&lt;ISlopesRepository:7&gt;, liftsSlopesRepositoryStub: Mock&lt;ILiftsSlopesRepository:12&gt;, sut: SlopesService { })" computerName="DESKTOP-TJ9D65N" duration="00:00:00.0383753" startTime="2022-10-17T15:00:14.3042361+03:00" endTime="2022-10-17T15:00:14.3042361+03:00" testType="13cdc9d9-ddb5-4fa4-a97d-d965ccfc6d4b" outcome="Passed" testListId="8c84fa94-04c1-424b-9868-57a2d4851a1d" relativeResultsDirectory="9812e448-17b4-4c6e-961a-b8a1ef7645ee" />
    <UnitTestResult executionId="feb26c7a-6a92-4d83-abc8-ed798b175a3e" testId="2602613f-c8e2-a6d9-fcf7-5b27d4a770a6" testName="BL.Tests.CheckPermissionsServiceTests.AuthorizedHasNoAccessToAdminSkiPatrolFunctions(functionName: &quot;GetMessagesAsync&quot;)" computerName="DESKTOP-TJ9D65N" duration="00:00:00.0034735" startTime="2022-10-17T15:00:14.4305866+03:00" endTime="2022-10-17T15:00:14.4305867+03:00" testType="13cdc9d9-ddb5-4fa4-a97d-d965ccfc6d4b" outcome="Passed" testListId="8c84fa94-04c1-424b-9868-57a2d4851a1d" relativeResultsDirectory="feb26c7a-6a92-4d83-abc8-ed798b175a3e" />
    <UnitTestResult executionId="64f40bbc-0355-4feb-b642-5fdcff891c81" testId="7382b45b-0df9-7e93-9425-3cd377f6e592" testName="BL.Tests.LiftsServiceTest.TestAdminDeleteLiftAsync(userID: 228, lift: Lift { LiftID = 129, LiftName = liftName9581f110-4ff2-4a82-ade9-8a6d2b95596d, IsOpen = True, SeatsAmount = 253, LiftingTime = 177, QueueTime = 152, ConnectedSlopes =  }, checkPermissionServiceMock: Mock&lt;ICheckPermissionService:4&gt;, liftsRepositoryStub: Mock&lt;ILiftsRepository:4&gt;, liftsSlopesRepositoryStub: Mock&lt;ILiftsSlopesRepository:4&gt;, sut: LiftsService { })" computerName="DESKTOP-TJ9D65N" duration="00:00:00.0085172" startTime="2022-10-17T15:00:14.3993017+03:00" endTime="2022-10-17T15:00:14.3993018+03:00" testType="13cdc9d9-ddb5-4fa4-a97d-d965ccfc6d4b" outcome="Passed" testListId="8c84fa94-04c1-424b-9868-57a2d4851a1d" relativeResultsDirectory="64f40bbc-0355-4feb-b642-5fdcff891c81" />
    <UnitTestResult executionId="f24d8df9-232a-463c-885f-c34ff0c60dda" testId="2d706594-f2b3-b3c8-21d4-86c9798c3306" testName="BL.Tests.CheckPermissionsServiceTests.SkiPatrolHasAccessToAdminSkiPatrolFunctions(functionName: &quot;GetLiftsSlopesInfoAsync&quot;)" computerName="DESKTOP-TJ9D65N" duration="00:00:00.0075041" startTime="2022-10-17T15:00:14.3743262+03:00" endTime="2022-10-17T15:00:14.3743263+03:00" testType="13cdc9d9-ddb5-4fa4-a97d-d965ccfc6d4b" outcome="Passed" testListId="8c84fa94-04c1-424b-9868-57a2d4851a1d" relativeResultsDirectory="f24d8df9-232a-463c-885f-c34ff0c60dda" />
    <UnitTestResult executionId="7b6e8756-f4ba-415b-99b1-90411d6da260" testId="894941c1-bfa7-d8f9-c047-1e1ceefe2c2f" testName="BL.Tests.UsersServiceTests.TestRegisterUserWithRepeatedEmail" computerName="DESKTOP-TJ9D65N" duration="00:00:00.0041340" startTime="2022-10-17T15:00:14.3434745+03:00" endTime="2022-10-17T15:00:14.3434746+03:00" testType="13cdc9d9-ddb5-4fa4-a97d-d965ccfc6d4b" outcome="Passed" testListId="8c84fa94-04c1-424b-9868-57a2d4851a1d" relativeResultsDirectory="7b6e8756-f4ba-415b-99b1-90411d6da260" />
    <UnitTestResult executionId="1c30e101-57c6-4c53-a999-eab8cf3818e1" testId="e429852d-a6ed-7c2a-25fd-cd839b159d56" testName="BL.Tests.LiftsSlopesServiceTests.TestGetLiftsSlopesInfoAsync(liftsSlopes: [LiftSlope { RecordID = 179, LiftID = 51, SlopeID = 89 }, LiftSlope { RecordID = 6, LiftID = 46, SlopeID = 217 }, LiftSlope { RecordID = 90, LiftID = 171, SlopeID = 124 }], slopesRepositoryStub: Mock&lt;ISlopesRepository:1&gt;, liftsRepositoryStub: Mock&lt;ILiftsRepository:6&gt;, liftsSlopesRepositoryStub: Mock&lt;ILiftsSlopesRepository:6&gt;)" computerName="DESKTOP-TJ9D65N" duration="00:00:00.0444622" startTime="2022-10-17T15:00:14.3058895+03:00" endTime="2022-10-17T15:00:14.3058896+03:00" testType="13cdc9d9-ddb5-4fa4-a97d-d965ccfc6d4b" outcome="Passed" testListId="8c84fa94-04c1-424b-9868-57a2d4851a1d" relativeResultsDirectory="1c30e101-57c6-4c53-a999-eab8cf3818e1" />
    <UnitTestResult executionId="ea403e40-088c-4ac5-a9e3-cf58790eb2ff" testId="229812f5-9a73-5335-11f5-31330d1348a5" testName="BL.Tests.CheckPermissionsServiceTests.UnauthorizedHasNoAccessToAdminSkiPatrolFunctions(functionName: &quot;GetMessagesAsync&quot;)" computerName="DESKTOP-TJ9D65N" duration="00:00:00.0027188" startTime="2022-10-17T15:00:14.3223091+03:00" endTime="2022-10-17T15:00:14.3223092+03:00" testType="13cdc9d9-ddb5-4fa4-a97d-d965ccfc6d4b" outcome="Passed" testListId="8c84fa94-04c1-424b-9868-57a2d4851a1d" relativeResultsDirectory="ea403e40-088c-4ac5-a9e3-cf58790eb2ff" />
  </Results>
  <TestDefinitions>
    <UnitTest name="BL.Tests.CheckPermissionsServiceTests.AuthorizedHasNoAccessToAdminSkiPatrolFunctions(functionName: &quot;MarkMessageReadByUserAsync&quot;)" storage="/mnt/c/users/alena/desktop/7_sem/testing_and_debugging/skiresort/bl.tests/bin/debug/net6.0/bl.tests.dll" id="9c7df5e2-1b23-ebea-889f-b78ca86b60ab">
      <Execution id="698c3149-be51-47de-98d0-909f0a9da2dc" />
      <TestMethod codeBase="/mnt/c/Users/alena/Desktop/7_sem/testing_and_debugging/SkiResort/BL.Tests/bin/Debug/net6.0/BL.Tests.dll" adapterTypeName="executor://xunit/VsTestRunner2/netcoreapp" className="BL.Tests.CheckPermissionsServiceTests" name="AuthorizedHasNoAccessToAdminSkiPatrolFunctions" />
    </UnitTest>
    <UnitTest name="BL.Tests.CheckPermissionsServiceTests.UnauthorizedHasNoAccessToAdminSkiPatrolFunctions(functionName: &quot;MarkMessageReadByUserAsync&quot;)" storage="/mnt/c/users/alena/desktop/7_sem/testing_and_debugging/skiresort/bl.tests/bin/debug/net6.0/bl.tests.dll" id="a19a5fcf-c5d2-7d44-5d7d-84403042f4e0">
      <Execution id="89bfd28d-7098-43b7-9585-a126f21324bd" />
      <TestMethod codeBase="/mnt/c/Users/alena/Desktop/7_sem/testing_and_debugging/SkiResort/BL.Tests/bin/Debug/net6.0/BL.Tests.dll" adapterTypeName="executor://xunit/VsTestRunner2/netcoreapp" className="BL.Tests.CheckPermissionsServiceTests" name="UnauthorizedHasNoAccessToAdminSkiPatrolFunctions" />
    </UnitTest>
    <UnitTest name="BL.Tests.SlopesServiceTest.TestUpdateSlopeInfoAsync(userID: 103, slope: Slope { SlopeID = 254, SlopeName = slopeName22b71b70-6323-4566-92d4-251eee12886d, IsOpen = True, DifficultyLevel = 234, ConnectedLifts =  }, checkPermissionServiceMock: Mock&lt;ICheckPermissionService:8&gt;, slopesRepositoryStub: Mock&lt;ISlopesRepository:6&gt;, sut: SlopesService { })" storage="/mnt/c/users/alena/desktop/7_sem/testing_and_debugging/skiresort/bl.tests/bin/debug/net6.0/bl.tests.dll" id="3ad92d31-80a6-270e-9025-0cd75cbe6517">
      <Execution id="02e22590-7844-41f8-98b1-8eb261653541" />
      <TestMethod codeBase="/mnt/c/Users/alena/Desktop/7_sem/testing_and_debugging/SkiResort/BL.Tests/bin/Debug/net6.0/BL.Tests.dll" adapterTypeName="executor://xunit/VsTestRunner2/netcoreapp" className="BL.Tests.SlopesServiceTest" name="TestUpdateSlopeInfoAsync" />
    </UnitTest>
    <UnitTest name="BL.Tests.CheckPermissionsServiceTests.AuthorizedHasNoAccessToAdminSkiPatrolFunctions(functionName: &quot;GetMessagesAsync&quot;)" storage="/mnt/c/users/alena/desktop/7_sem/testing_and_debugging/skiresort/bl.tests/bin/debug/net6.0/bl.tests.dll" id="2602613f-c8e2-a6d9-fcf7-5b27d4a770a6">
      <Execution id="feb26c7a-6a92-4d83-abc8-ed798b175a3e" />
      <TestMethod codeBase="/mnt/c/Users/alena/Desktop/7_sem/testing_and_debugging/SkiResort/BL.Tests/bin/Debug/net6.0/BL.Tests.dll" adapterTypeName="executor://xunit/VsTestRunner2/netcoreapp" className="BL.Tests.CheckPermissionsServiceTests" name="AuthorizedHasNoAccessToAdminSkiPatrolFunctions" />
    </UnitTest>
    <UnitTest name="BL.Tests.CheckPermissionsServiceTests.AuthorizedHasNoAccessToAdminFunctions" storage="/mnt/c/users/alena/desktop/7_sem/testing_and_debugging/skiresort/bl.tests/bin/debug/net6.0/bl.tests.dll" id="a2e59116-cb53-1d70-9cb8-21c286516866">
      <Execution id="b431be73-3dc5-4d16-9d35-8b9021cdb153" />
      <TestMethod codeBase="/mnt/c/Users/alena/Desktop/7_sem/testing_and_debugging/SkiResort/BL.Tests/bin/Debug/net6.0/BL.Tests.dll" adapterTypeName="executor://xunit/VsTestRunner2/netcoreapp" className="BL.Tests.CheckPermissionsServiceTests" name="AuthorizedHasNoAccessToAdminFunctions" />
    </UnitTest>
    <UnitTest name="BL.Tests.CheckPermissionsServiceTests.SkiPatrolHasAccessToAdminSkiPatrolFunctions(functionName: &quot;GetMessagesAsync&quot;)" storage="/mnt/c/users/alena/desktop/7_sem/testing_and_debugging/skiresort/bl.tests/bin/debug/net6.0/bl.tests.dll" id="c36970dc-93f7-753e-fa47-157133b01644">
      <Execution id="a0a7fb03-501f-4fbd-960e-e3ceef3ca2a3" />
      <TestMethod codeBase="/mnt/c/Users/alena/Desktop/7_sem/testing_and_debugging/SkiResort/BL.Tests/bin/Debug/net6.0/BL.Tests.dll" adapterTypeName="executor://xunit/VsTestRunner2/netcoreapp" className="BL.Tests.CheckPermissionsServiceTests" name="SkiPatrolHasAccessToAdminSkiPatrolFunctions" />
    </UnitTest>
    <UnitTest name="BL.Tests.CheckPermissionsServiceTests.AdminHasAccessToAllFunctions" storage="/mnt/c/users/alena/desktop/7_sem/testing_and_debugging/skiresort/bl.tests/bin/debug/net6.0/bl.tests.dll" id="f3efc418-a8a6-c7b7-9bac-90b33aa8472f">
      <Execution id="93f1ced2-d557-45bb-b373-61d00a26ebd6" />
      <TestMethod codeBase="/mnt/c/Users/alena/Desktop/7_sem/testing_and_debugging/SkiResort/BL.Tests/bin/Debug/net6.0/BL.Tests.dll" adapterTypeName="executor://xunit/VsTestRunner2/netcoreapp" className="BL.Tests.CheckPermissionsServiceTests" name="AdminHasAccessToAllFunctions" />
    </UnitTest>
    <UnitTest name="BL.Tests.UsersServiceTests.TestRegisterUserWithNoPassword" storage="/mnt/c/users/alena/desktop/7_sem/testing_and_debugging/skiresort/bl.tests/bin/debug/net6.0/bl.tests.dll" id="f44a1b21-8efc-bfac-63b4-d534442def31">
      <Execution id="4a6bed5c-153b-409e-8871-563c667b6d31" />
      <TestMethod codeBase="/mnt/c/Users/alena/Desktop/7_sem/testing_and_debugging/SkiResort/BL.Tests/bin/Debug/net6.0/BL.Tests.dll" adapterTypeName="executor://xunit/VsTestRunner2/netcoreapp" className="BL.Tests.UsersServiceTests" name="TestRegisterUserWithNoPassword" />
    </UnitTest>
    <UnitTest name="BL.Tests.UsersServiceTests.TestAdminGetUserByIDAsync" storage="/mnt/c/users/alena/desktop/7_sem/testing_and_debugging/skiresort/bl.tests/bin/debug/net6.0/bl.tests.dll" id="e5497347-2721-b7a6-0bd4-69a9921f6947">
      <Execution id="4fc28bb2-bfbf-4f92-a65d-04e1852d330f" />
      <TestMethod codeBase="/mnt/c/Users/alena/Desktop/7_sem/testing_and_debugging/SkiResort/BL.Tests/bin/Debug/net6.0/BL.Tests.dll" adapterTypeName="executor://xunit/VsTestRunner2/netcoreapp" className="BL.Tests.UsersServiceTests" name="TestAdminGetUserByIDAsync" />
    </UnitTest>
    <UnitTest name="BL.Tests.LiftsServiceTest.TestAdminDeleteLiftAsync(userID: 228, lift: Lift { LiftID = 129, LiftName = liftName9581f110-4ff2-4a82-ade9-8a6d2b95596d, IsOpen = True, SeatsAmount = 253, LiftingTime = 177, QueueTime = 152, ConnectedSlopes =  }, checkPermissionServiceMock: Mock&lt;ICheckPermissionService:4&gt;, liftsRepositoryStub: Mock&lt;ILiftsRepository:4&gt;, liftsSlopesRepositoryStub: Mock&lt;ILiftsSlopesRepository:4&gt;, sut: LiftsService { })" storage="/mnt/c/users/alena/desktop/7_sem/testing_and_debugging/skiresort/bl.tests/bin/debug/net6.0/bl.tests.dll" id="7382b45b-0df9-7e93-9425-3cd377f6e592">
      <Execution id="64f40bbc-0355-4feb-b642-5fdcff891c81" />
      <TestMethod codeBase="/mnt/c/Users/alena/Desktop/7_sem/testing_and_debugging/SkiResort/BL.Tests/bin/Debug/net6.0/BL.Tests.dll" adapterTypeName="executor://xunit/VsTestRunner2/netcoreapp" className="BL.Tests.LiftsServiceTest" name="TestAdminDeleteLiftAsync" />
    </UnitTest>
    <UnitTest name="BL.Tests.UsersServiceTests.TestAdminAddAutoIncrementUser" storage="/mnt/c/users/alena/desktop/7_sem/testing_and_debugging/skiresort/bl.tests/bin/debug/net6.0/bl.tests.dll" id="834c739b-eca4-b36d-6a66-5a1bd75377b8">
      <Execution id="0d3b7f96-2239-457c-8d9b-c65e605d34cd" />
      <TestMethod codeBase="/mnt/c/Users/alena/Desktop/7_sem/testing_and_debugging/SkiResort/BL.Tests/bin/Debug/net6.0/BL.Tests.dll" adapterTypeName="executor://xunit/VsTestRunner2/netcoreapp" className="BL.Tests.UsersServiceTests" name="TestAdminAddAutoIncrementUser" />
    </UnitTest>
    <UnitTest name="BL.Tests.CheckPermissionsServiceTests.UnauthorizedHasNoAccessToAdminSkiPatrolFunctions(functionName: &quot;GetLiftsSlopesInfoAsync&quot;)" storage="/mnt/c/users/alena/desktop/7_sem/testing_and_debugging/skiresort/bl.tests/bin/debug/net6.0/bl.tests.dll" id="387c9729-48c1-486e-5e67-f5d11a9f0db8">
      <Execution id="5db08aa0-ed42-4107-bb1d-e5bf2cedd1ff" />
      <TestMethod codeBase="/mnt/c/Users/alena/Desktop/7_sem/testing_and_debugging/SkiResort/BL.Tests/bin/Debug/net6.0/BL.Tests.dll" adapterTypeName="executor://xunit/VsTestRunner2/netcoreapp" className="BL.Tests.CheckPermissionsServiceTests" name="UnauthorizedHasNoAccessToAdminSkiPatrolFunctions" />
    </UnitTest>
    <UnitTest name="BL.Tests.CheckPermissionsServiceTests.SkiPatrolHasAccessToAdminSkiPatrolFunctions(functionName: &quot;MarkMessageReadByUserAsync&quot;)" storage="/mnt/c/users/alena/desktop/7_sem/testing_and_debugging/skiresort/bl.tests/bin/debug/net6.0/bl.tests.dll" id="60bd668f-04df-da5e-b79b-5d9aedb5234d">
      <Execution id="ed524984-aab9-416a-8836-24c794611d8e" />
      <TestMethod codeBase="/mnt/c/Users/alena/Desktop/7_sem/testing_and_debugging/SkiResort/BL.Tests/bin/Debug/net6.0/BL.Tests.dll" adapterTypeName="executor://xunit/VsTestRunner2/netcoreapp" className="BL.Tests.CheckPermissionsServiceTests" name="SkiPatrolHasAccessToAdminSkiPatrolFunctions" />
    </UnitTest>
    <UnitTest name="BL.Tests.CheckPermissionsServiceTests.UnauthorizedHasNoAccessToAdminFunctions" storage="/mnt/c/users/alena/desktop/7_sem/testing_and_debugging/skiresort/bl.tests/bin/debug/net6.0/bl.tests.dll" id="e2d7e5be-3dae-33ae-fb17-c704b6fd58d6">
      <Execution id="8655e9ed-fa08-4b41-bfea-6d6eb64d2757" />
      <TestMethod codeBase="/mnt/c/Users/alena/Desktop/7_sem/testing_and_debugging/SkiResort/BL.Tests/bin/Debug/net6.0/BL.Tests.dll" adapterTypeName="executor://xunit/VsTestRunner2/netcoreapp" className="BL.Tests.CheckPermissionsServiceTests" name="UnauthorizedHasNoAccessToAdminFunctions" />
    </UnitTest>
    <UnitTest name="BL.Tests.UsersServiceTests.TestLogInWithWrongPassword" storage="/mnt/c/users/alena/desktop/7_sem/testing_and_debugging/skiresort/bl.tests/bin/debug/net6.0/bl.tests.dll" id="69340bb6-3645-f9dd-971e-29d8b2a009bb">
      <Execution id="1305de39-7010-460a-9681-f2e179e757ce" />
      <TestMethod codeBase="/mnt/c/Users/alena/Desktop/7_sem/testing_and_debugging/SkiResort/BL.Tests/bin/Debug/net6.0/BL.Tests.dll" adapterTypeName="executor://xunit/VsTestRunner2/netcoreapp" className="BL.Tests.UsersServiceTests" name="TestLogInWithWrongPassword" />
    </UnitTest>
    <UnitTest name="BL.Tests.CheckPermissionsServiceTests.SkiPatrolHasAccessToAdminSkiPatrolFunctions(functionName: &quot;GetLiftsSlopesInfoAsync&quot;)" storage="/mnt/c/users/alena/desktop/7_sem/testing_and_debugging/skiresort/bl.tests/bin/debug/net6.0/bl.tests.dll" id="2d706594-f2b3-b3c8-21d4-86c9798c3306">
      <Execution id="f24d8df9-232a-463c-885f-c34ff0c60dda" />
      <TestMethod codeBase="/mnt/c/Users/alena/Desktop/7_sem/testing_and_debugging/SkiResort/BL.Tests/bin/Debug/net6.0/BL.Tests.dll" adapterTypeName="executor://xunit/VsTestRunner2/netcoreapp" className="BL.Tests.CheckPermissionsServiceTests" name="SkiPatrolHasAccessToAdminSkiPatrolFunctions" />
    </UnitTest>
    <UnitTest name="BL.Tests.CheckPermissionsServiceTests.SkiPatrolHasNoAccessToAdminFunctions" storage="/mnt/c/users/alena/desktop/7_sem/testing_and_debugging/skiresort/bl.tests/bin/debug/net6.0/bl.tests.dll" id="492c0393-35b4-df26-a537-21ca08302f3c">
      <Execution id="ce768d7c-1f9e-4ac2-bcc5-6584ff77d5a7" />
      <TestMethod codeBase="/mnt/c/Users/alena/Desktop/7_sem/testing_and_debugging/SkiResort/BL.Tests/bin/Debug/net6.0/BL.Tests.dll" adapterTypeName="executor://xunit/VsTestRunner2/netcoreapp" className="BL.Tests.CheckPermissionsServiceTests" name="SkiPatrolHasNoAccessToAdminFunctions" />
    </UnitTest>
    <UnitTest name="BL.Tests.UsersServiceTests.TestAdminDeleteUser" storage="/mnt/c/users/alena/desktop/7_sem/testing_and_debugging/skiresort/bl.tests/bin/debug/net6.0/bl.tests.dll" id="18fa8c62-e27d-e1fc-8182-4d7db62b008d">
      <Execution id="d7346c57-0f9e-4976-8452-b712cb86b48b" />
      <TestMethod codeBase="/mnt/c/Users/alena/Desktop/7_sem/testing_and_debugging/SkiResort/BL.Tests/bin/Debug/net6.0/BL.Tests.dll" adapterTypeName="executor://xunit/VsTestRunner2/netcoreapp" className="BL.Tests.UsersServiceTests" name="TestAdminDeleteUser" />
    </UnitTest>
    <UnitTest name="BL.Tests.CheckPermissionsServiceTests.AuthorizedHasAccessToAuthorizedFunctions(functionName: &quot;LogOutAsync&quot;)" storage="/mnt/c/users/alena/desktop/7_sem/testing_and_debugging/skiresort/bl.tests/bin/debug/net6.0/bl.tests.dll" id="aa28a6b3-21d3-aa45-24d3-bef2facbc899">
      <Execution id="2a8e81cf-f36d-4145-a006-d4d57c02ee7a" />
      <TestMethod codeBase="/mnt/c/Users/alena/Desktop/7_sem/testing_and_debugging/SkiResort/BL.Tests/bin/Debug/net6.0/BL.Tests.dll" adapterTypeName="executor://xunit/VsTestRunner2/netcoreapp" className="BL.Tests.CheckPermissionsServiceTests" name="AuthorizedHasAccessToAuthorizedFunctions" />
    </UnitTest>
    <UnitTest name="BL.Tests.LiftsServiceTest.TestAdminAddAutoIncrementLiftAsync(userID: 200, lift: Lift { LiftID = 232, LiftName = liftName9b238884-b71a-46de-b6bc-4ede28653ba1, IsOpen = True, SeatsAmount = 246, LiftingTime = 85, QueueTime = 106, ConnectedSlopes =  }, checkPermissionServiceMock: Mock&lt;ICheckPermissionService:5&gt;, liftsRepositoryStub: Mock&lt;ILiftsRepository:5&gt;, sut: LiftsService { })" storage="/mnt/c/users/alena/desktop/7_sem/testing_and_debugging/skiresort/bl.tests/bin/debug/net6.0/bl.tests.dll" id="ba775159-bd9a-b5cf-c562-0a541e391eda">
      <Execution id="66793c2d-ca66-433c-9d94-265cf0d9885c" />
      <TestMethod codeBase="/mnt/c/Users/alena/Desktop/7_sem/testing_and_debugging/SkiResort/BL.Tests/bin/Debug/net6.0/BL.Tests.dll" adapterTypeName="executor://xunit/VsTestRunner2/netcoreapp" className="BL.Tests.LiftsServiceTest" name="TestAdminAddAutoIncrementLiftAsync" />
    </UnitTest>
    <UnitTest name="BL.Tests.TurnstilesServiceTest.TestAdminAddAutoIncrementTurnstileAsync(userID: 40, turnstile: Turnstile { TurnstileID = 200, LiftID = 191, IsOpen = True }, checkPermissionServiceMock: Mock&lt;ICheckPermissionService:16&gt;, turnstilesRepositoryStub: Mock&lt;ITurnstilesRepository:10&gt;, sut: TurnstilesService { })" storage="/mnt/c/users/alena/desktop/7_sem/testing_and_debugging/skiresort/bl.tests/bin/debug/net6.0/bl.tests.dll" id="26e71d1d-5465-c443-2498-063bdadf8ce0">
      <Execution id="ec5a9358-6c7a-44ef-b648-724d59e44a92" />
      <TestMethod codeBase="/mnt/c/Users/alena/Desktop/7_sem/testing_and_debugging/SkiResort/BL.Tests/bin/Debug/net6.0/BL.Tests.dll" adapterTypeName="executor://xunit/VsTestRunner2/netcoreapp" className="BL.Tests.TurnstilesServiceTest" name="TestAdminAddAutoIncrementTurnstileAsync" />
    </UnitTest>
    <UnitTest name="BL.Tests.UsersServiceTests.TestAdminUpdateUser" storage="/mnt/c/users/alena/desktop/7_sem/testing_and_debugging/skiresort/bl.tests/bin/debug/net6.0/bl.tests.dll" id="06d0bc3a-24a0-fb7f-4277-e9ae6d21c7dd">
      <Execution id="62567124-cc56-489e-b96a-1f238765e1fa" />
      <TestMethod codeBase="/mnt/c/Users/alena/Desktop/7_sem/testing_and_debugging/SkiResort/BL.Tests/bin/Debug/net6.0/BL.Tests.dll" adapterTypeName="executor://xunit/VsTestRunner2/netcoreapp" className="BL.Tests.UsersServiceTests" name="TestAdminUpdateUser" />
    </UnitTest>
    <UnitTest name="BL.Tests.UsersServiceTests.TestLogInOk" storage="/mnt/c/users/alena/desktop/7_sem/testing_and_debugging/skiresort/bl.tests/bin/debug/net6.0/bl.tests.dll" id="1ca07ad8-f799-c5d4-e7cc-34fd950198a2">
      <Execution id="f89f1f55-3598-4c39-9f28-aac64ae67f48" />
      <TestMethod codeBase="/mnt/c/Users/alena/Desktop/7_sem/testing_and_debugging/SkiResort/BL.Tests/bin/Debug/net6.0/BL.Tests.dll" adapterTypeName="executor://xunit/VsTestRunner2/netcoreapp" className="BL.Tests.UsersServiceTests" name="TestLogInOk" />
    </UnitTest>
    <UnitTest name="BL.Tests.UsersServiceTests.TestAdminGetUsers" storage="/mnt/c/users/alena/desktop/7_sem/testing_and_debugging/skiresort/bl.tests/bin/debug/net6.0/bl.tests.dll" id="20ad8570-0170-85de-dcd7-2f109dd7bcd6">
      <Execution id="42fe6687-7c77-47ef-95b4-c478051a0d1c" />
      <TestMethod codeBase="/mnt/c/Users/alena/Desktop/7_sem/testing_and_debugging/SkiResort/BL.Tests/bin/Debug/net6.0/BL.Tests.dll" adapterTypeName="executor://xunit/VsTestRunner2/netcoreapp" className="BL.Tests.UsersServiceTests" name="TestAdminGetUsers" />
    </UnitTest>
    <UnitTest name="BL.Tests.CheckPermissionsServiceTests.UnauthorizedHasNoAccessToAdminSkiPatrolFunctions(functionName: &quot;GetMessagesAsync&quot;)" storage="/mnt/c/users/alena/desktop/7_sem/testing_and_debugging/skiresort/bl.tests/bin/debug/net6.0/bl.tests.dll" id="229812f5-9a73-5335-11f5-31330d1348a5">
      <Execution id="ea403e40-088c-4ac5-a9e3-cf58790eb2ff" />
      <TestMethod codeBase="/mnt/c/Users/alena/Desktop/7_sem/testing_and_debugging/SkiResort/BL.Tests/bin/Debug/net6.0/BL.Tests.dll" adapterTypeName="executor://xunit/VsTestRunner2/netcoreapp" className="BL.Tests.CheckPermissionsServiceTests" name="UnauthorizedHasNoAccessToAdminSkiPatrolFunctions" />
    </UnitTest>
    <UnitTest name="BL.Tests.LiftsSlopesServiceTests.TestAdminDeleteLiftSlopeAsync(lift: Lift { LiftID = 67, LiftName = liftNameb37e1590-8797-479d-9f22-a5c8c019335d, IsOpen = True, SeatsAmount = 251, LiftingTime = 170, QueueTime = 205, ConnectedSlopes =  }, slope: Slope { SlopeID = 165, SlopeName = slopeName7e6318a0-f44e-4a81-a913-2821fd507728, IsOpen = False, DifficultyLevel = 82, ConnectedLifts =  }, slopesRepositoryStub: Mock&lt;ISlopesRepository:2&gt;, liftsRepo..." storage="/mnt/c/users/alena/desktop/7_sem/testing_and_debugging/skiresort/bl.tests/bin/debug/net6.0/bl.tests.dll" id="90c4ee39-2ecc-dfea-5d58-b19db4e557cb">
      <Execution id="88c7174a-2523-41ab-a1e4-8f818b88b1f0" />
      <TestMethod codeBase="/mnt/c/Users/alena/Desktop/7_sem/testing_and_debugging/SkiResort/BL.Tests/bin/Debug/net6.0/BL.Tests.dll" adapterTypeName="executor://xunit/VsTestRunner2/netcoreapp" className="BL.Tests.LiftsSlopesServiceTests" name="TestAdminDeleteLiftSlopeAsync" />
    </UnitTest>
    <UnitTest name="BL.Tests.CheckPermissionsServiceTests.AuthorizedHasNoAccessToAdminSkiPatrolFunctions(functionName: &quot;GetLiftsSlopesInfoAsync&quot;)" storage="/mnt/c/users/alena/desktop/7_sem/testing_and_debugging/skiresort/bl.tests/bin/debug/net6.0/bl.tests.dll" id="4f297306-d4f3-8d63-e7f4-1ac0b8c58c74">
      <Execution id="127d56de-bebe-4ca2-b47b-8a7139accbd9" />
      <TestMethod codeBase="/mnt/c/Users/alena/Desktop/7_sem/testing_and_debugging/SkiResort/BL.Tests/bin/Debug/net6.0/BL.Tests.dll" adapterTypeName="executor://xunit/VsTestRunner2/netcoreapp" className="BL.Tests.CheckPermissionsServiceTests" name="AuthorizedHasNoAccessToAdminSkiPatrolFunctions" />
    </UnitTest>
    <UnitTest name="BL.Tests.LiftsSlopesServiceTests.TestGetLiftsSlopesInfoAsync(liftsSlopes: [LiftSlope { RecordID = 179, LiftID = 51, SlopeID = 89 }, LiftSlope { RecordID = 6, LiftID = 46, SlopeID = 217 }, LiftSlope { RecordID = 90, LiftID = 171, SlopeID = 124 }], slopesRepositoryStub: Mock&lt;ISlopesRepository:1&gt;, liftsRepositoryStub: Mock&lt;ILiftsRepository:6&gt;, liftsSlopesRepositoryStub: Mock&lt;ILiftsSlopesRepository:6&gt;)" storage="/mnt/c/users/alena/desktop/7_sem/testing_and_debugging/skiresort/bl.tests/bin/debug/net6.0/bl.tests.dll" id="e429852d-a6ed-7c2a-25fd-cd839b159d56">
      <Execution id="1c30e101-57c6-4c53-a999-eab8cf3818e1" />
      <TestMethod codeBase="/mnt/c/Users/alena/Desktop/7_sem/testing_and_debugging/SkiResort/BL.Tests/bin/Debug/net6.0/BL.Tests.dll" adapterTypeName="executor://xunit/VsTestRunner2/netcoreapp" className="BL.Tests.LiftsSlopesServiceTests" name="TestGetLiftsSlopesInfoAsync" />
    </UnitTest>
    <UnitTest name="BL.Tests.UsersServiceTests.TestRegisterOk" storage="/mnt/c/users/alena/desktop/7_sem/testing_and_debugging/skiresort/bl.tests/bin/debug/net6.0/bl.tests.dll" id="0eeef75f-6e38-7893-a8fe-cff3e0a970a7">
      <Execution id="e61db725-8063-41cf-a9c4-28ba0d2b6d2c" />
      <TestMethod codeBase="/mnt/c/Users/alena/Desktop/7_sem/testing_and_debugging/SkiResort/BL.Tests/bin/Debug/net6.0/BL.Tests.dll" adapterTypeName="executor://xunit/VsTestRunner2/netcoreapp" className="BL.Tests.UsersServiceTests" name="TestRegisterOk" />
    </UnitTest>
    <UnitTest name="BL.Tests.SlopesServiceTest.TestGetSlopesInfoAsync(userID: 236, initialSlopes: [Slope { SlopeID = 21, SlopeName = slopeName1a5695fd-2a48-4535-abf3-b04738060f43, IsOpen = True, DifficultyLevel = 79, ConnectedLifts =  }, Slope { SlopeID = 214, SlopeName = slopeName4939113d-0110-4224-9328-abcb5688ddac, IsOpen = False, DifficultyLevel = 203, ConnectedLifts =  }, Slope { SlopeID = 96, SlopeName = slopeName83f4367f-a3f5-49d4-afcb-88041314762c, IsO..." storage="/mnt/c/users/alena/desktop/7_sem/testing_and_debugging/skiresort/bl.tests/bin/debug/net6.0/bl.tests.dll" id="6cb21473-e113-92bf-e335-628d5249e50e">
      <Execution id="aea28762-6763-42d0-b1d6-b23d1af0b0f3" />
      <TestMethod codeBase="/mnt/c/Users/alena/Desktop/7_sem/testing_and_debugging/SkiResort/BL.Tests/bin/Debug/net6.0/BL.Tests.dll" adapterTypeName="executor://xunit/VsTestRunner2/netcoreapp" className="BL.Tests.SlopesServiceTest" name="TestGetSlopesInfoAsync" />
    </UnitTest>
    <UnitTest name="BL.Tests.SlopesServiceTest.TestAdminAddSlopeAsync(userID: 189, slope: Slope { SlopeID = 243, SlopeName = slopeName45427518-83ef-452b-97ed-68a4094e1f65, IsOpen = True, DifficultyLevel = 26, ConnectedLifts =  }, checkPermissionServiceMock: Mock&lt;ICheckPermissionService:11&gt;, slopesRepositoryStub: Mock&lt;ISlopesRepository:9&gt;, sut: SlopesService { })" storage="/mnt/c/users/alena/desktop/7_sem/testing_and_debugging/skiresort/bl.tests/bin/debug/net6.0/bl.tests.dll" id="06d7a83e-ea1e-619f-ec2f-283cd57c5def">
      <Execution id="8ccaad26-5928-46c7-a9ad-74514498804d" />
      <TestMethod codeBase="/mnt/c/Users/alena/Desktop/7_sem/testing_and_debugging/SkiResort/BL.Tests/bin/Debug/net6.0/BL.Tests.dll" adapterTypeName="executor://xunit/VsTestRunner2/netcoreapp" className="BL.Tests.SlopesServiceTest" name="TestAdminAddSlopeAsync" />
    </UnitTest>
    <UnitTest name="BL.Tests.LiftsServiceTest.TestGetLiftsInfoAsync(userID: 29, initialLifts: [Lift { LiftID = 23, LiftName = liftName85120d72-d81d-4063-b0e4-05087bb1339a, IsOpen = True, SeatsAmount = 94, LiftingTime = 125, QueueTime = 61, ConnectedSlopes =  }, Lift { LiftID = 120, LiftName = liftName1c7b9bd1-4cf9-496d-a500-b5641d0d562b, IsOpen = False, SeatsAmount = 205, LiftingTime = 114, QueueTime = 75, ConnectedSlopes =  }, Lift { LiftID = 63, LiftName = l..." storage="/mnt/c/users/alena/desktop/7_sem/testing_and_debugging/skiresort/bl.tests/bin/debug/net6.0/bl.tests.dll" id="d1c96d24-5d39-ebc7-798d-8a441b3a94b0">
      <Execution id="7bfda508-e888-42af-8a44-0989054b83b7" />
      <TestMethod codeBase="/mnt/c/Users/alena/Desktop/7_sem/testing_and_debugging/SkiResort/BL.Tests/bin/Debug/net6.0/BL.Tests.dll" adapterTypeName="executor://xunit/VsTestRunner2/netcoreapp" className="BL.Tests.LiftsServiceTest" name="TestGetLiftsInfoAsync" />
    </UnitTest>
    <UnitTest name="BL.Tests.TurnstilesServiceTest.TestAdminGetTurnstilesAsync(userID: 148, initialTurnstiles: [Turnstile { TurnstileID = 246, LiftID = 231, IsOpen = True }, Turnstile { TurnstileID = 116, LiftID = 232, IsOpen = False }, Turnstile { TurnstileID = 142, LiftID = 121, IsOpen = True }], checkPermissionServiceMock: Mock&lt;ICheckPermissionService:13&gt;, turnstilesRepositoryStub: Mock&lt;ITurnstilesRepository:7&gt;, sut: TurnstilesService { })" storage="/mnt/c/users/alena/desktop/7_sem/testing_and_debugging/skiresort/bl.tests/bin/debug/net6.0/bl.tests.dll" id="10969a76-69bd-9724-1efc-caa927992b15">
      <Execution id="26e62d32-e3f2-469b-8921-78be1be17079" />
      <TestMethod codeBase="/mnt/c/Users/alena/Desktop/7_sem/testing_and_debugging/SkiResort/BL.Tests/bin/Debug/net6.0/BL.Tests.dll" adapterTypeName="executor://xunit/VsTestRunner2/netcoreapp" className="BL.Tests.TurnstilesServiceTest" name="TestAdminGetTurnstilesAsync" />
    </UnitTest>
    <UnitTest name="BL.Tests.LiftsServiceTest.TestGetLiftInfoAsync(userID: 69, lift: Lift { LiftID = 247, LiftName = liftName8af13d27-4364-4ea2-ad73-186757edafd2, IsOpen = True, SeatsAmount = 42, LiftingTime = 196, QueueTime = 138, ConnectedSlopes =  }, checkPermissionServiceMock: Mock&lt;ICheckPermissionService:1&gt;, liftsRepositoryStub: Mock&lt;ILiftsRepository:1&gt;, liftsSlopesRepositoryStub: Mock&lt;ILiftsSlopesRepository:1&gt;, sut: LiftsService { })" storage="/mnt/c/users/alena/desktop/7_sem/testing_and_debugging/skiresort/bl.tests/bin/debug/net6.0/bl.tests.dll" id="36e589da-78c2-652a-5ecb-dcfb60d477ec">
      <Execution id="b87cb1b8-66a7-4c2b-bd42-2cf651c5a5fb" />
      <TestMethod codeBase="/mnt/c/Users/alena/Desktop/7_sem/testing_and_debugging/SkiResort/BL.Tests/bin/Debug/net6.0/BL.Tests.dll" adapterTypeName="executor://xunit/VsTestRunner2/netcoreapp" className="BL.Tests.LiftsServiceTest" name="TestGetLiftInfoAsync" />
    </UnitTest>
    <UnitTest name="BL.Tests.CheckPermissionsServiceTests.AuthorizedHasAccessToAuthorizedFunctions(functionName: &quot;SendMessageAsync&quot;)" storage="/mnt/c/users/alena/desktop/7_sem/testing_and_debugging/skiresort/bl.tests/bin/debug/net6.0/bl.tests.dll" id="644ec43e-70cd-c82d-42e7-0d990be1414d">
      <Execution id="f1fc5f2a-d933-4096-9837-5a34bbb77d5c" />
      <TestMethod codeBase="/mnt/c/Users/alena/Desktop/7_sem/testing_and_debugging/SkiResort/BL.Tests/bin/Debug/net6.0/BL.Tests.dll" adapterTypeName="executor://xunit/VsTestRunner2/netcoreapp" className="BL.Tests.CheckPermissionsServiceTests" name="AuthorizedHasAccessToAuthorizedFunctions" />
    </UnitTest>
    <UnitTest name="BL.Tests.SlopesServiceTest.TestAdminAddAutoIncrementSlopeAsync(userID: 214, slope: Slope { SlopeID = 112, SlopeName = slopeName4700a65e-29c3-46c9-8047-e06853e6a79a, IsOpen = True, DifficultyLevel = 198, ConnectedLifts =  }, checkPermissionServiceMock: Mock&lt;ICheckPermissionService:10&gt;, slopesRepositoryStub: Mock&lt;ISlopesRepository:8&gt;, sut: SlopesService { })" storage="/mnt/c/users/alena/desktop/7_sem/testing_and_debugging/skiresort/bl.tests/bin/debug/net6.0/bl.tests.dll" id="1ca078ec-ce4b-eaa8-1307-69db2a8df6e6">
      <Execution id="b1ab82c8-af87-4657-a749-85b214d31f97" />
      <TestMethod codeBase="/mnt/c/Users/alena/Desktop/7_sem/testing_and_debugging/SkiResort/BL.Tests/bin/Debug/net6.0/BL.Tests.dll" adapterTypeName="executor://xunit/VsTestRunner2/netcoreapp" className="BL.Tests.SlopesServiceTest" name="TestAdminAddAutoIncrementSlopeAsync" />
    </UnitTest>
    <UnitTest name="BL.Tests.CheckPermissionsServiceTests.UnauthorizedHasNoAccessToAuthorizedFunctions(functionName: &quot;LogOutAsync&quot;)" storage="/mnt/c/users/alena/desktop/7_sem/testing_and_debugging/skiresort/bl.tests/bin/debug/net6.0/bl.tests.dll" id="fa960c5e-f989-2880-784e-8efe538c5231">
      <Execution id="261effa1-32d6-4a34-8b5a-f205c776fadd" />
      <TestMethod codeBase="/mnt/c/Users/alena/Desktop/7_sem/testing_and_debugging/SkiResort/BL.Tests/bin/Debug/net6.0/BL.Tests.dll" adapterTypeName="executor://xunit/VsTestRunner2/netcoreapp" className="BL.Tests.CheckPermissionsServiceTests" name="UnauthorizedHasNoAccessToAuthorizedFunctions" />
    </UnitTest>
    <UnitTest name="BL.Tests.CheckPermissionsServiceTests.UnauthorizedHasNoAccessToAuthorizedFunctions(functionName: &quot;SendMessageAsync&quot;)" storage="/mnt/c/users/alena/desktop/7_sem/testing_and_debugging/skiresort/bl.tests/bin/debug/net6.0/bl.tests.dll" id="eaabd2fc-2f4b-5689-59c8-c7ad34a8f634">
      <Execution id="90177a89-2abf-45bb-8f93-b1a7e2d47a58" />
      <TestMethod codeBase="/mnt/c/Users/alena/Desktop/7_sem/testing_and_debugging/SkiResort/BL.Tests/bin/Debug/net6.0/BL.Tests.dll" adapterTypeName="executor://xunit/VsTestRunner2/netcoreapp" className="BL.Tests.CheckPermissionsServiceTests" name="UnauthorizedHasNoAccessToAuthorizedFunctions" />
    </UnitTest>
    <UnitTest name="BL.Tests.SlopesServiceTest.TestGetSlopeInfoAsync(userID: 95, slope: Slope { SlopeID = 155, SlopeName = slopeName63ffee46-6e14-4b07-8e4d-49e2989d4c7e, IsOpen = True, DifficultyLevel = 177, ConnectedLifts =  }, checkPermissionServiceMock: Mock&lt;ICheckPermissionService:6&gt;, slopesRepositoryStub: Mock&lt;ISlopesRepository:4&gt;, liftsSlopesRepositoryStub: Mock&lt;ILiftsSlopesRepository:9&gt;, sut: SlopesService { })" storage="/mnt/c/users/alena/desktop/7_sem/testing_and_debugging/skiresort/bl.tests/bin/debug/net6.0/bl.tests.dll" id="6e93f3f0-5aa5-0c2c-be06-6b70349c084e">
      <Execution id="826b2ebb-cf49-4353-a96f-3ef3670c48b9" />
      <TestMethod codeBase="/mnt/c/Users/alena/Desktop/7_sem/testing_and_debugging/SkiResort/BL.Tests/bin/Debug/net6.0/BL.Tests.dll" adapterTypeName="executor://xunit/VsTestRunner2/netcoreapp" className="BL.Tests.SlopesServiceTest" name="TestGetSlopeInfoAsync" />
    </UnitTest>
    <UnitTest name="BL.Tests.UsersServiceTests.TestRegisterUserWithRepeatedEmail" storage="/mnt/c/users/alena/desktop/7_sem/testing_and_debugging/skiresort/bl.tests/bin/debug/net6.0/bl.tests.dll" id="894941c1-bfa7-d8f9-c047-1e1ceefe2c2f">
      <Execution id="7b6e8756-f4ba-415b-99b1-90411d6da260" />
      <TestMethod codeBase="/mnt/c/Users/alena/Desktop/7_sem/testing_and_debugging/SkiResort/BL.Tests/bin/Debug/net6.0/BL.Tests.dll" adapterTypeName="executor://xunit/VsTestRunner2/netcoreapp" className="BL.Tests.UsersServiceTests" name="TestRegisterUserWithRepeatedEmail" />
    </UnitTest>
    <UnitTest name="BL.Tests.LiftsServiceTest.TestUpdateLiftInfoAsync(userID: 51, lift: Lift { LiftID = 154, LiftName = liftName4a1d0e11-aa8e-4fc2-a520-539c6d634689, IsOpen = True, SeatsAmount = 146, LiftingTime = 54, QueueTime = 186, ConnectedSlopes =  }, checkPermissionServiceMock: Mock&lt;ICheckPermissionService:3&gt;, liftsRepositoryStub: Mock&lt;ILiftsRepository:3&gt;, sut: LiftsService { })" storage="/mnt/c/users/alena/desktop/7_sem/testing_and_debugging/skiresort/bl.tests/bin/debug/net6.0/bl.tests.dll" id="4c69147c-c00b-529f-6dfc-bd1844e740a9">
      <Execution id="618db4d1-57af-4cb4-ad1b-f2120c942cc3" />
      <TestMethod codeBase="/mnt/c/Users/alena/Desktop/7_sem/testing_and_debugging/SkiResort/BL.Tests/bin/Debug/net6.0/BL.Tests.dll" adapterTypeName="executor://xunit/VsTestRunner2/netcoreapp" className="BL.Tests.LiftsServiceTest" name="TestUpdateLiftInfoAsync" />
    </UnitTest>
    <UnitTest name="BL.Tests.TurnstilesServiceTest.TestAdminDeleteTurnstileAsync(userID: 48, turnstile: Turnstile { TurnstileID = 123, LiftID = 89, IsOpen = True }, checkPermissionServiceMock: Mock&lt;ICheckPermissionService:15&gt;, turnstilesRepositoryStub: Mock&lt;ITurnstilesRepository:9&gt;, sut: TurnstilesService { })" storage="/mnt/c/users/alena/desktop/7_sem/testing_and_debugging/skiresort/bl.tests/bin/debug/net6.0/bl.tests.dll" id="be3b0cf8-2e9d-e0c9-c715-c81a14b06eef">
      <Execution id="1e455ed4-7019-4e30-8afc-f3baa46875b3" />
      <TestMethod codeBase="/mnt/c/Users/alena/Desktop/7_sem/testing_and_debugging/SkiResort/BL.Tests/bin/Debug/net6.0/BL.Tests.dll" adapterTypeName="executor://xunit/VsTestRunner2/netcoreapp" className="BL.Tests.TurnstilesServiceTest" name="TestAdminDeleteTurnstileAsync" />
    </UnitTest>
    <UnitTest name="BL.Tests.TurnstilesServiceTest.TestAdminUpdateTurnstileAsync(userID: 249, turnstile: Turnstile { TurnstileID = 242, LiftID = 59, IsOpen = True }, checkPermissionServiceMock: Mock&lt;ICheckPermissionService:14&gt;, turnstilesRepositoryStub: Mock&lt;ITurnstilesRepository:8&gt;, sut: TurnstilesService { })" storage="/mnt/c/users/alena/desktop/7_sem/testing_and_debugging/skiresort/bl.tests/bin/debug/net6.0/bl.tests.dll" id="15383ad2-aca4-6cf3-b11f-fcf08e137ddc">
      <Execution id="46455283-5964-4995-b3a2-1641897c7fb0" />
      <TestMethod codeBase="/mnt/c/Users/alena/Desktop/7_sem/testing_and_debugging/SkiResort/BL.Tests/bin/Debug/net6.0/BL.Tests.dll" adapterTypeName="executor://xunit/VsTestRunner2/netcoreapp" className="BL.Tests.TurnstilesServiceTest" name="TestAdminUpdateTurnstileAsync" />
    </UnitTest>
    <UnitTest name="BL.Tests.LiftsSlopesServiceTests.TestAdminAddAutoIncrementLiftSlopeAsync(lift: Lift { LiftID = 9, LiftName = liftName600894ac-6c86-48af-a1a7-8d9ed988c870, IsOpen = True, SeatsAmount = 108, LiftingTime = 123, QueueTime = 89, ConnectedSlopes =  }, slope: Slope { SlopeID = 44, SlopeName = slopeName5bce5dfb-c76c-43c2-8d37-bb693a5613c2, IsOpen = False, DifficultyLevel = 7, ConnectedLifts =  }, slopesRepositoryStub: Mock&lt;ISlopesRepository:3&gt;, lif..." storage="/mnt/c/users/alena/desktop/7_sem/testing_and_debugging/skiresort/bl.tests/bin/debug/net6.0/bl.tests.dll" id="b142c85a-f454-fadf-91ad-891e38e7a6ea">
      <Execution id="e34e3c12-fcaa-4342-b0e7-4b740b158b3e" />
      <TestMethod codeBase="/mnt/c/Users/alena/Desktop/7_sem/testing_and_debugging/SkiResort/BL.Tests/bin/Debug/net6.0/BL.Tests.dll" adapterTypeName="executor://xunit/VsTestRunner2/netcoreapp" className="BL.Tests.LiftsSlopesServiceTests" name="TestAdminAddAutoIncrementLiftSlopeAsync" />
    </UnitTest>
    <UnitTest name="BL.Tests.TurnstilesServiceTest.TestAdminGetTurnstileAsync(userID: 160, turnstile: Turnstile { TurnstileID = 24, LiftID = 235, IsOpen = True }, checkPermissionServiceMock: Mock&lt;ICheckPermissionService:12&gt;, turnstilesRepositoryStub: Mock&lt;ITurnstilesRepository:6&gt;, sut: TurnstilesService { })" storage="/mnt/c/users/alena/desktop/7_sem/testing_and_debugging/skiresort/bl.tests/bin/debug/net6.0/bl.tests.dll" id="9942f128-7651-e5b7-8628-a962afc45089">
      <Execution id="d33bb314-2c31-4ed5-ad0f-8396d6ba4db7" />
      <TestMethod codeBase="/mnt/c/Users/alena/Desktop/7_sem/testing_and_debugging/SkiResort/BL.Tests/bin/Debug/net6.0/BL.Tests.dll" adapterTypeName="executor://xunit/VsTestRunner2/netcoreapp" className="BL.Tests.TurnstilesServiceTest" name="TestAdminGetTurnstileAsync" />
    </UnitTest>
    <UnitTest name="BL.Tests.UsersServiceTests.TestRegisterUserWithNoEmail" storage="/mnt/c/users/alena/desktop/7_sem/testing_and_debugging/skiresort/bl.tests/bin/debug/net6.0/bl.tests.dll" id="8184bd30-991c-b78d-b4ec-99a485eac0dd">
      <Execution id="23456225-e8b0-4625-b7f9-f84bcc9e919a" />
      <TestMethod codeBase="/mnt/c/Users/alena/Desktop/7_sem/testing_and_debugging/SkiResort/BL.Tests/bin/Debug/net6.0/BL.Tests.dll" adapterTypeName="executor://xunit/VsTestRunner2/netcoreapp" className="BL.Tests.UsersServiceTests" name="TestRegisterUserWithNoEmail" />
    </UnitTest>
    <UnitTest name="BL.Tests.SlopesServiceTest.TestAdminDeleteSlopeAsync(userID: 166, slope: Slope { SlopeID = 48, SlopeName = slopeName1f37eb96-feb7-4831-84ee-f996bbd0d224, IsOpen = True, DifficultyLevel = 16, ConnectedLifts =  }, checkPermissionServiceMock: Mock&lt;ICheckPermissionService:9&gt;, slopesRepositoryStub: Mock&lt;ISlopesRepository:7&gt;, liftsSlopesRepositoryStub: Mock&lt;ILiftsSlopesRepository:12&gt;, sut: SlopesService { })" storage="/mnt/c/users/alena/desktop/7_sem/testing_and_debugging/skiresort/bl.tests/bin/debug/net6.0/bl.tests.dll" id="342fc3b5-37ea-7388-0c60-8d0d01a92e6f">
      <Execution id="9812e448-17b4-4c6e-961a-b8a1ef7645ee" />
      <TestMethod codeBase="/mnt/c/Users/alena/Desktop/7_sem/testing_and_debugging/SkiResort/BL.Tests/bin/Debug/net6.0/BL.Tests.dll" adapterTypeName="executor://xunit/VsTestRunner2/netcoreapp" className="BL.Tests.SlopesServiceTest" name="TestAdminDeleteSlopeAsync" />
    </UnitTest>
  </TestDefinitions>
  <TestEntries>
    <TestEntry testId="4f297306-d4f3-8d63-e7f4-1ac0b8c58c74" executionId="127d56de-bebe-4ca2-b47b-8a7139accbd9" testListId="8c84fa94-04c1-424b-9868-57a2d4851a1d" />
    <TestEntry testId="1ca07ad8-f799-c5d4-e7cc-34fd950198a2" executionId="f89f1f55-3598-4c39-9f28-aac64ae67f48" testListId="8c84fa94-04c1-424b-9868-57a2d4851a1d" />
    <TestEntry testId="644ec43e-70cd-c82d-42e7-0d990be1414d" executionId="f1fc5f2a-d933-4096-9837-5a34bbb77d5c" testListId="8c84fa94-04c1-424b-9868-57a2d4851a1d" />
    <TestEntry testId="be3b0cf8-2e9d-e0c9-c715-c81a14b06eef" executionId="1e455ed4-7019-4e30-8afc-f3baa46875b3" testListId="8c84fa94-04c1-424b-9868-57a2d4851a1d" />
    <TestEntry testId="4c69147c-c00b-529f-6dfc-bd1844e740a9" executionId="618db4d1-57af-4cb4-ad1b-f2120c942cc3" testListId="8c84fa94-04c1-424b-9868-57a2d4851a1d" />
    <TestEntry testId="d1c96d24-5d39-ebc7-798d-8a441b3a94b0" executionId="7bfda508-e888-42af-8a44-0989054b83b7" testListId="8c84fa94-04c1-424b-9868-57a2d4851a1d" />
    <TestEntry testId="26e71d1d-5465-c443-2498-063bdadf8ce0" executionId="ec5a9358-6c7a-44ef-b648-724d59e44a92" testListId="8c84fa94-04c1-424b-9868-57a2d4851a1d" />
    <TestEntry testId="90c4ee39-2ecc-dfea-5d58-b19db4e557cb" executionId="88c7174a-2523-41ab-a1e4-8f818b88b1f0" testListId="8c84fa94-04c1-424b-9868-57a2d4851a1d" />
    <TestEntry testId="eaabd2fc-2f4b-5689-59c8-c7ad34a8f634" executionId="90177a89-2abf-45bb-8f93-b1a7e2d47a58" testListId="8c84fa94-04c1-424b-9868-57a2d4851a1d" />
    <TestEntry testId="06d7a83e-ea1e-619f-ec2f-283cd57c5def" executionId="8ccaad26-5928-46c7-a9ad-74514498804d" testListId="8c84fa94-04c1-424b-9868-57a2d4851a1d" />
    <TestEntry testId="a19a5fcf-c5d2-7d44-5d7d-84403042f4e0" executionId="89bfd28d-7098-43b7-9585-a126f21324bd" testListId="8c84fa94-04c1-424b-9868-57a2d4851a1d" />
    <TestEntry testId="492c0393-35b4-df26-a537-21ca08302f3c" executionId="ce768d7c-1f9e-4ac2-bcc5-6584ff77d5a7" testListId="8c84fa94-04c1-424b-9868-57a2d4851a1d" />
    <TestEntry testId="10969a76-69bd-9724-1efc-caa927992b15" executionId="26e62d32-e3f2-469b-8921-78be1be17079" testListId="8c84fa94-04c1-424b-9868-57a2d4851a1d" />
    <TestEntry testId="f44a1b21-8efc-bfac-63b4-d534442def31" executionId="4a6bed5c-153b-409e-8871-563c667b6d31" testListId="8c84fa94-04c1-424b-9868-57a2d4851a1d" />
    <TestEntry testId="8184bd30-991c-b78d-b4ec-99a485eac0dd" executionId="23456225-e8b0-4625-b7f9-f84bcc9e919a" testListId="8c84fa94-04c1-424b-9868-57a2d4851a1d" />
    <TestEntry testId="ba775159-bd9a-b5cf-c562-0a541e391eda" executionId="66793c2d-ca66-433c-9d94-265cf0d9885c" testListId="8c84fa94-04c1-424b-9868-57a2d4851a1d" />
    <TestEntry testId="387c9729-48c1-486e-5e67-f5d11a9f0db8" executionId="5db08aa0-ed42-4107-bb1d-e5bf2cedd1ff" testListId="8c84fa94-04c1-424b-9868-57a2d4851a1d" />
    <TestEntry testId="e2d7e5be-3dae-33ae-fb17-c704b6fd58d6" executionId="8655e9ed-fa08-4b41-bfea-6d6eb64d2757" testListId="8c84fa94-04c1-424b-9868-57a2d4851a1d" />
    <TestEntry testId="1ca078ec-ce4b-eaa8-1307-69db2a8df6e6" executionId="b1ab82c8-af87-4657-a749-85b214d31f97" testListId="8c84fa94-04c1-424b-9868-57a2d4851a1d" />
    <TestEntry testId="a2e59116-cb53-1d70-9cb8-21c286516866" executionId="b431be73-3dc5-4d16-9d35-8b9021cdb153" testListId="8c84fa94-04c1-424b-9868-57a2d4851a1d" />
    <TestEntry testId="0eeef75f-6e38-7893-a8fe-cff3e0a970a7" executionId="e61db725-8063-41cf-a9c4-28ba0d2b6d2c" testListId="8c84fa94-04c1-424b-9868-57a2d4851a1d" />
    <TestEntry testId="e5497347-2721-b7a6-0bd4-69a9921f6947" executionId="4fc28bb2-bfbf-4f92-a65d-04e1852d330f" testListId="8c84fa94-04c1-424b-9868-57a2d4851a1d" />
    <TestEntry testId="834c739b-eca4-b36d-6a66-5a1bd75377b8" executionId="0d3b7f96-2239-457c-8d9b-c65e605d34cd" testListId="8c84fa94-04c1-424b-9868-57a2d4851a1d" />
    <TestEntry testId="9c7df5e2-1b23-ebea-889f-b78ca86b60ab" executionId="698c3149-be51-47de-98d0-909f0a9da2dc" testListId="8c84fa94-04c1-424b-9868-57a2d4851a1d" />
    <TestEntry testId="36e589da-78c2-652a-5ecb-dcfb60d477ec" executionId="b87cb1b8-66a7-4c2b-bd42-2cf651c5a5fb" testListId="8c84fa94-04c1-424b-9868-57a2d4851a1d" />
    <TestEntry testId="06d0bc3a-24a0-fb7f-4277-e9ae6d21c7dd" executionId="62567124-cc56-489e-b96a-1f238765e1fa" testListId="8c84fa94-04c1-424b-9868-57a2d4851a1d" />
    <TestEntry testId="15383ad2-aca4-6cf3-b11f-fcf08e137ddc" executionId="46455283-5964-4995-b3a2-1641897c7fb0" testListId="8c84fa94-04c1-424b-9868-57a2d4851a1d" />
    <TestEntry testId="60bd668f-04df-da5e-b79b-5d9aedb5234d" executionId="ed524984-aab9-416a-8836-24c794611d8e" testListId="8c84fa94-04c1-424b-9868-57a2d4851a1d" />
    <TestEntry testId="20ad8570-0170-85de-dcd7-2f109dd7bcd6" executionId="42fe6687-7c77-47ef-95b4-c478051a0d1c" testListId="8c84fa94-04c1-424b-9868-57a2d4851a1d" />
    <TestEntry testId="18fa8c62-e27d-e1fc-8182-4d7db62b008d" executionId="d7346c57-0f9e-4976-8452-b712cb86b48b" testListId="8c84fa94-04c1-424b-9868-57a2d4851a1d" />
    <TestEntry testId="b142c85a-f454-fadf-91ad-891e38e7a6ea" executionId="e34e3c12-fcaa-4342-b0e7-4b740b158b3e" testListId="8c84fa94-04c1-424b-9868-57a2d4851a1d" />
    <TestEntry testId="6e93f3f0-5aa5-0c2c-be06-6b70349c084e" executionId="826b2ebb-cf49-4353-a96f-3ef3670c48b9" testListId="8c84fa94-04c1-424b-9868-57a2d4851a1d" />
    <TestEntry testId="6cb21473-e113-92bf-e335-628d5249e50e" executionId="aea28762-6763-42d0-b1d6-b23d1af0b0f3" testListId="8c84fa94-04c1-424b-9868-57a2d4851a1d" />
    <TestEntry testId="69340bb6-3645-f9dd-971e-29d8b2a009bb" executionId="1305de39-7010-460a-9681-f2e179e757ce" testListId="8c84fa94-04c1-424b-9868-57a2d4851a1d" />
    <TestEntry testId="aa28a6b3-21d3-aa45-24d3-bef2facbc899" executionId="2a8e81cf-f36d-4145-a006-d4d57c02ee7a" testListId="8c84fa94-04c1-424b-9868-57a2d4851a1d" />
    <TestEntry testId="fa960c5e-f989-2880-784e-8efe538c5231" executionId="261effa1-32d6-4a34-8b5a-f205c776fadd" testListId="8c84fa94-04c1-424b-9868-57a2d4851a1d" />
    <TestEntry testId="9942f128-7651-e5b7-8628-a962afc45089" executionId="d33bb314-2c31-4ed5-ad0f-8396d6ba4db7" testListId="8c84fa94-04c1-424b-9868-57a2d4851a1d" />
    <TestEntry testId="c36970dc-93f7-753e-fa47-157133b01644" executionId="a0a7fb03-501f-4fbd-960e-e3ceef3ca2a3" testListId="8c84fa94-04c1-424b-9868-57a2d4851a1d" />
    <TestEntry testId="f3efc418-a8a6-c7b7-9bac-90b33aa8472f" executionId="93f1ced2-d557-45bb-b373-61d00a26ebd6" testListId="8c84fa94-04c1-424b-9868-57a2d4851a1d" />
    <TestEntry testId="3ad92d31-80a6-270e-9025-0cd75cbe6517" executionId="02e22590-7844-41f8-98b1-8eb261653541" testListId="8c84fa94-04c1-424b-9868-57a2d4851a1d" />
    <TestEntry testId="342fc3b5-37ea-7388-0c60-8d0d01a92e6f" executionId="9812e448-17b4-4c6e-961a-b8a1ef7645ee" testListId="8c84fa94-04c1-424b-9868-57a2d4851a1d" />
    <TestEntry testId="2602613f-c8e2-a6d9-fcf7-5b27d4a770a6" executionId="feb26c7a-6a92-4d83-abc8-ed798b175a3e" testListId="8c84fa94-04c1-424b-9868-57a2d4851a1d" />
    <TestEntry testId="7382b45b-0df9-7e93-9425-3cd377f6e592" executionId="64f40bbc-0355-4feb-b642-5fdcff891c81" testListId="8c84fa94-04c1-424b-9868-57a2d4851a1d" />
    <TestEntry testId="2d706594-f2b3-b3c8-21d4-86c9798c3306" executionId="f24d8df9-232a-463c-885f-c34ff0c60dda" testListId="8c84fa94-04c1-424b-9868-57a2d4851a1d" />
    <TestEntry testId="894941c1-bfa7-d8f9-c047-1e1ceefe2c2f" executionId="7b6e8756-f4ba-415b-99b1-90411d6da260" testListId="8c84fa94-04c1-424b-9868-57a2d4851a1d" />
    <TestEntry testId="e429852d-a6ed-7c2a-25fd-cd839b159d56" executionId="1c30e101-57c6-4c53-a999-eab8cf3818e1" testListId="8c84fa94-04c1-424b-9868-57a2d4851a1d" />
    <TestEntry testId="229812f5-9a73-5335-11f5-31330d1348a5" executionId="ea403e40-088c-4ac5-a9e3-cf58790eb2ff" testListId="8c84fa94-04c1-424b-9868-57a2d4851a1d" />
  </TestEntries>
  <TestLists>
    <TestList name="Results Not in a List" id="8c84fa94-04c1-424b-9868-57a2d4851a1d" />
    <TestList name="All Loaded Results" id="19431567-8539-422a-85d7-44ee4e166bda" />
  </TestLists>
  <ResultSummary outcome="Completed">
    <Counters total="47" executed="47" passed="47" failed="0" error="0" timeout="0" aborted="0" inconclusive="0" passedButRunAborted="0" notRunnable="0" notExecuted="0" disconnected="0" warning="0" completed="0" inProgress="0" pending="0" />
    <Output>
      <StdOut>[xUnit.net 00:00:00.00] xUnit.net VSTest Adapter v2.4.5+1caef2f33e (64-bit .NET 6.0.10)
[xUnit.net 00:00:01.02]   Discovering: BL.Tests
[xUnit.net 00:00:01.24]   Discovered:  BL.Tests
[xUnit.net 00:00:01.24]   Starting:    BL.Tests
[xUnit.net 00:00:01.65]   Finished:    BL.Tests
</StdOut>
    </Output>
  </ResultSummary>
</TestRun>