<?xml version="1.0" encoding="utf-8"?>
<TestRun id="a1df2dc0-8347-4ee0-8223-cd2e4aa8f765" name="alena@DESKTOP-TJ9D65N 2022-10-15 20:39:14" runUser="DESKTOP-TJ9D65N\alena" xmlns="http://microsoft.com/schemas/VisualStudio/TeamTest/2010">
  <Times creation="2022-10-15T20:39:14.0669136+03:00" queuing="2022-10-15T20:39:14.0669149+03:00" start="2022-10-15T20:39:12.5612042+03:00" finish="2022-10-15T20:39:14.1328104+03:00" />
  <TestSettings name="default" id="e90d8596-fc1e-4aac-b0df-1bd4edd6320e">
    <Deployment runDeploymentRoot="alena_DESKTOP-TJ9D65N_2022-10-15_20_39_14" />
  </TestSettings>
  <Results>
    <UnitTestResult executionId="31490bf2-3f72-4156-9394-e297062f804e" testId="dfd0b5fb-267d-c6e6-1d47-3bc8ae87ff03" testName="BL.Tests.SlopesServiceTest.TestGetSlopeInfoAsync(userID: 196, slope: Slope { SlopeID = 141, SlopeName = slopeName418b995d-aaee-4016-8281-f7effd199395, IsOpen = True, DifficultyLevel = 83, ConnectedLifts =  }, checkPermissionServiceMock: Mock&lt;ICheckPermissionService:6&gt;, slopesRepositoryStub: Mock&lt;ISlopesRepository:4&gt;, liftsSlopesRepositoryStub: Mock&lt;ILiftsSlopesRepository:9&gt;, sut: SlopesService { })" computerName="DESKTOP-TJ9D65N" duration="00:00:00.0065977" startTime="2022-10-15T20:39:14.0518405+03:00" endTime="2022-10-15T20:39:14.0518406+03:00" testType="13cdc9d9-ddb5-4fa4-a97d-d965ccfc6d4b" outcome="Passed" testListId="8c84fa94-04c1-424b-9868-57a2d4851a1d" relativeResultsDirectory="31490bf2-3f72-4156-9394-e297062f804e" />
    <UnitTestResult executionId="b3d90873-265e-4730-8c7d-7c6fae17e087" testId="d7fd2283-e1cc-9e7a-0fbf-328b43543241" testName="BL.Tests.LiftsServiceTest.TestAdminDeleteLiftAsync(userID: 39, lift: Lift { LiftID = 140, LiftName = liftName7f6d50c4-17fd-4a43-ab2d-9f01b5033373, IsOpen = True, SeatsAmount = 29, LiftingTime = 119, QueueTime = 61, ConnectedSlopes =  }, checkPermissionServiceMock: Mock&lt;ICheckPermissionService:4&gt;, liftsRepositoryStub: Mock&lt;ILiftsRepository:4&gt;, liftsSlopesRepositoryStub: Mock&lt;ILiftsSlopesRepository:4&gt;, sut: LiftsService { })" computerName="DESKTOP-TJ9D65N" duration="00:00:00.0091600" startTime="2022-10-15T20:39:14.0548558+03:00" endTime="2022-10-15T20:39:14.0548560+03:00" testType="13cdc9d9-ddb5-4fa4-a97d-d965ccfc6d4b" outcome="Passed" testListId="8c84fa94-04c1-424b-9868-57a2d4851a1d" relativeResultsDirectory="b3d90873-265e-4730-8c7d-7c6fae17e087" />
    <UnitTestResult executionId="2cc299fd-8b86-48fc-883f-1b834578a24c" testId="06d0bc3a-24a0-fb7f-4277-e9ae6d21c7dd" testName="BL.Tests.UsersServiceTests.TestAdminUpdateUser" computerName="DESKTOP-TJ9D65N" duration="00:00:00.0063409" startTime="2022-10-15T20:39:14.0255137+03:00" endTime="2022-10-15T20:39:14.0255137+03:00" testType="13cdc9d9-ddb5-4fa4-a97d-d965ccfc6d4b" outcome="Passed" testListId="8c84fa94-04c1-424b-9868-57a2d4851a1d" relativeResultsDirectory="2cc299fd-8b86-48fc-883f-1b834578a24c" />
    <UnitTestResult executionId="3786cb13-8869-459f-b88c-0d0825128d8c" testId="a4893503-214d-dc35-2da9-7db7828c4dad" testName="BL.Tests.SlopesServiceTest.TestUpdateSlopeInfoAsync(userID: 168, slope: Slope { SlopeID = 213, SlopeName = slopeName4c57edfd-c75c-4fa4-bf71-cd943fa3ce0a, IsOpen = True, DifficultyLevel = 99, ConnectedLifts =  }, checkPermissionServiceMock: Mock&lt;ICheckPermissionService:8&gt;, slopesRepositoryStub: Mock&lt;ISlopesRepository:6&gt;, sut: SlopesService { })" computerName="DESKTOP-TJ9D65N" duration="00:00:00.0301022" startTime="2022-10-15T20:39:13.9438377+03:00" endTime="2022-10-15T20:39:13.9438378+03:00" testType="13cdc9d9-ddb5-4fa4-a97d-d965ccfc6d4b" outcome="Passed" testListId="8c84fa94-04c1-424b-9868-57a2d4851a1d" relativeResultsDirectory="3786cb13-8869-459f-b88c-0d0825128d8c" />
    <UnitTestResult executionId="55a92f99-e898-4ea9-aecb-c18ce7385c92" testId="492c0393-35b4-df26-a537-21ca08302f3c" testName="BL.Tests.CheckPermissionsServiceTests.SkiPatrolHasNoAccessToAdminFunctions" computerName="DESKTOP-TJ9D65N" duration="00:00:00.0027456" startTime="2022-10-15T20:39:14.0580528+03:00" endTime="2022-10-15T20:39:14.0580529+03:00" testType="13cdc9d9-ddb5-4fa4-a97d-d965ccfc6d4b" outcome="Passed" testListId="8c84fa94-04c1-424b-9868-57a2d4851a1d" relativeResultsDirectory="55a92f99-e898-4ea9-aecb-c18ce7385c92" />
    <UnitTestResult executionId="ad5b6d89-5882-408a-9a35-d433e7d579e5" testId="39be9b5e-0bc4-57dc-37d3-aec6b520299d" testName="BL.Tests.LiftsSlopesServiceTests.TestGetLiftsSlopesInfoAsync(liftsSlopes: [LiftSlope { RecordID = 135, LiftID = 76, SlopeID = 101 }, LiftSlope { RecordID = 153, LiftID = 81, SlopeID = 125 }, LiftSlope { RecordID = 222, LiftID = 57, SlopeID = 80 }], slopesRepositoryStub: Mock&lt;ISlopesRepository:1&gt;, liftsRepositoryStub: Mock&lt;ILiftsRepository:6&gt;, liftsSlopesRepositoryStub: Mock&lt;ILiftsSlopesRepository:6&gt;)" computerName="DESKTOP-TJ9D65N" duration="00:00:00.0037238" startTime="2022-10-15T20:39:14.0251595+03:00" endTime="2022-10-15T20:39:14.0251596+03:00" testType="13cdc9d9-ddb5-4fa4-a97d-d965ccfc6d4b" outcome="Passed" testListId="8c84fa94-04c1-424b-9868-57a2d4851a1d" relativeResultsDirectory="ad5b6d89-5882-408a-9a35-d433e7d579e5" />
    <UnitTestResult executionId="f0005cf7-93a6-4022-bbf8-7926cebe1c9b" testId="4c8753e9-b127-6f1b-7811-1b3f10cd49eb" testName="BL.Tests.SlopesServiceTest.TestAdminAddSlopeAsync(userID: 162, slope: Slope { SlopeID = 74, SlopeName = slopeName5f66fb6a-d6df-4d73-ac31-070112078656, IsOpen = True, DifficultyLevel = 8, ConnectedLifts =  }, checkPermissionServiceMock: Mock&lt;ICheckPermissionService:11&gt;, slopesRepositoryStub: Mock&lt;ISlopesRepository:9&gt;, sut: SlopesService { })" computerName="DESKTOP-TJ9D65N" duration="00:00:00.0049249" startTime="2022-10-15T20:39:14.0595016+03:00" endTime="2022-10-15T20:39:14.0595017+03:00" testType="13cdc9d9-ddb5-4fa4-a97d-d965ccfc6d4b" outcome="Passed" testListId="8c84fa94-04c1-424b-9868-57a2d4851a1d" relativeResultsDirectory="f0005cf7-93a6-4022-bbf8-7926cebe1c9b" />
    <UnitTestResult executionId="19eb759f-a6f6-4692-b532-37b86bdc9836" testId="2d706594-f2b3-b3c8-21d4-86c9798c3306" testName="BL.Tests.CheckPermissionsServiceTests.SkiPatrolHasAccessToAdminSkiPatrolFunctions(functionName: &quot;GetLiftsSlopesInfoAsync&quot;)" computerName="DESKTOP-TJ9D65N" duration="00:00:00.0047838" startTime="2022-10-15T20:39:14.0260976+03:00" endTime="2022-10-15T20:39:14.0260977+03:00" testType="13cdc9d9-ddb5-4fa4-a97d-d965ccfc6d4b" outcome="Passed" testListId="8c84fa94-04c1-424b-9868-57a2d4851a1d" relativeResultsDirectory="19eb759f-a6f6-4692-b532-37b86bdc9836" />
    <UnitTestResult executionId="f81b4f15-3ca1-4278-aa13-b8643abcda68" testId="8184bd30-991c-b78d-b4ec-99a485eac0dd" testName="BL.Tests.UsersServiceTests.TestRegisterUserWithNoEmail" computerName="DESKTOP-TJ9D65N" duration="00:00:00.0026331" startTime="2022-10-15T20:39:14.0178995+03:00" endTime="2022-10-15T20:39:14.0178996+03:00" testType="13cdc9d9-ddb5-4fa4-a97d-d965ccfc6d4b" outcome="Passed" testListId="8c84fa94-04c1-424b-9868-57a2d4851a1d" relativeResultsDirectory="f81b4f15-3ca1-4278-aa13-b8643abcda68" />
    <UnitTestResult executionId="e5aff473-71c3-4899-be7d-a9bd7c66f8d7" testId="2602613f-c8e2-a6d9-fcf7-5b27d4a770a6" testName="BL.Tests.CheckPermissionsServiceTests.AuthorizedHasNoAccessToAdminSkiPatrolFunctions(functionName: &quot;GetMessagesAsync&quot;)" computerName="DESKTOP-TJ9D65N" duration="00:00:00.0023046" startTime="2022-10-15T20:39:14.0287209+03:00" endTime="2022-10-15T20:39:14.0287210+03:00" testType="13cdc9d9-ddb5-4fa4-a97d-d965ccfc6d4b" outcome="Passed" testListId="8c84fa94-04c1-424b-9868-57a2d4851a1d" relativeResultsDirectory="e5aff473-71c3-4899-be7d-a9bd7c66f8d7" />
    <UnitTestResult executionId="a3b8861b-3f4a-4541-a956-6255a121f5d4" testId="a2e59116-cb53-1d70-9cb8-21c286516866" testName="BL.Tests.CheckPermissionsServiceTests.AuthorizedHasNoAccessToAdminFunctions" computerName="DESKTOP-TJ9D65N" duration="00:00:00.0030147" startTime="2022-10-15T20:39:14.0263489+03:00" endTime="2022-10-15T20:39:14.0263490+03:00" testType="13cdc9d9-ddb5-4fa4-a97d-d965ccfc6d4b" outcome="Passed" testListId="8c84fa94-04c1-424b-9868-57a2d4851a1d" relativeResultsDirectory="a3b8861b-3f4a-4541-a956-6255a121f5d4" />
    <UnitTestResult executionId="0e036924-c3a2-4d87-b474-41c489f72590" testId="f44a1b21-8efc-bfac-63b4-d534442def31" testName="BL.Tests.UsersServiceTests.TestRegisterUserWithNoPassword" computerName="DESKTOP-TJ9D65N" duration="00:00:00.0014171" startTime="2022-10-15T20:39:14.0181023+03:00" endTime="2022-10-15T20:39:14.0181025+03:00" testType="13cdc9d9-ddb5-4fa4-a97d-d965ccfc6d4b" outcome="Passed" testListId="8c84fa94-04c1-424b-9868-57a2d4851a1d" relativeResultsDirectory="0e036924-c3a2-4d87-b474-41c489f72590" />
    <UnitTestResult executionId="7151c091-7a71-4b46-ac09-9b6040da294c" testId="20ad8570-0170-85de-dcd7-2f109dd7bcd6" testName="BL.Tests.UsersServiceTests.TestAdminGetUsers" computerName="DESKTOP-TJ9D65N" duration="00:00:00.0357050" startTime="2022-10-15T20:39:13.9439293+03:00" endTime="2022-10-15T20:39:13.9439293+03:00" testType="13cdc9d9-ddb5-4fa4-a97d-d965ccfc6d4b" outcome="Passed" testListId="8c84fa94-04c1-424b-9868-57a2d4851a1d" relativeResultsDirectory="7151c091-7a71-4b46-ac09-9b6040da294c" />
    <UnitTestResult executionId="538c7757-70a6-4a24-9207-802f58577a90" testId="69340bb6-3645-f9dd-971e-29d8b2a009bb" testName="BL.Tests.UsersServiceTests.TestLogInWithWrongPassword" computerName="DESKTOP-TJ9D65N" duration="00:00:00.0019514" startTime="2022-10-15T20:39:14.0284189+03:00" endTime="2022-10-15T20:39:14.0284190+03:00" testType="13cdc9d9-ddb5-4fa4-a97d-d965ccfc6d4b" outcome="Passed" testListId="8c84fa94-04c1-424b-9868-57a2d4851a1d" relativeResultsDirectory="538c7757-70a6-4a24-9207-802f58577a90" />
    <UnitTestResult executionId="4ec21aa1-fc6f-4b14-b337-d0cd132fe028" testId="9120b681-e0fe-70a0-53c6-61732cde64b6" testName="BL.Tests.LiftsSlopesServiceTests.TestAdminDeleteLiftSlopeAsync(lift: Lift { LiftID = 64, LiftName = liftName8577209e-8a1f-4fd5-ab11-dfce70fa3fc1, IsOpen = True, SeatsAmount = 66, LiftingTime = 4, QueueTime = 21, ConnectedSlopes =  }, slope: Slope { SlopeID = 230, SlopeName = slopeName7a07f03d-bff8-4b87-8276-dde1d2c8a4b5, IsOpen = False, DifficultyLevel = 132, ConnectedLifts =  }, slopesRepositoryStub: Mock&lt;ISlopesRepository:2&gt;, liftsRepositoryStub: Mock&lt;ILiftsRepository:7&gt;, liftsSlopesRepositoryStub: Mock&lt;ILiftsSlopesRepository:7&gt;)" computerName="DESKTOP-TJ9D65N" duration="00:00:00.0295384" startTime="2022-10-15T20:39:13.9406649+03:00" endTime="2022-10-15T20:39:13.9406865+03:00" testType="13cdc9d9-ddb5-4fa4-a97d-d965ccfc6d4b" outcome="Passed" testListId="8c84fa94-04c1-424b-9868-57a2d4851a1d" relativeResultsDirectory="4ec21aa1-fc6f-4b14-b337-d0cd132fe028" />
    <UnitTestResult executionId="80e503e9-ccc6-425e-8c2a-0825bd677e22" testId="e913fbf9-d7e7-6538-a606-d6d384a09dc0" testName="BL.Tests.TurnstilesServiceTest.TestAdminUpdateTurnstileAsync(userID: 179, turnstile: Turnstile { TurnstileID = 133, LiftID = 6, IsOpen = True }, checkPermissionServiceMock: Mock&lt;ICheckPermissionService:14&gt;, turnstilesRepositoryStub: Mock&lt;ITurnstilesRepository:8&gt;, sut: TurnstilesService { })" computerName="DESKTOP-TJ9D65N" duration="00:00:00.0079125" startTime="2022-10-15T20:39:14.0181953+03:00" endTime="2022-10-15T20:39:14.0181954+03:00" testType="13cdc9d9-ddb5-4fa4-a97d-d965ccfc6d4b" outcome="Passed" testListId="8c84fa94-04c1-424b-9868-57a2d4851a1d" relativeResultsDirectory="80e503e9-ccc6-425e-8c2a-0825bd677e22" />
    <UnitTestResult executionId="83f9a815-616d-47ea-a3ae-dc97168630b9" testId="3fd8a471-0beb-ea38-2012-905a9f848527" testName="BL.Tests.LiftsServiceTest.TestAdminAddAutoIncrementLiftAsync(userID: 229, lift: Lift { LiftID = 101, LiftName = liftName0c984179-fcc2-44da-a94c-dec5ad7149b3, IsOpen = True, SeatsAmount = 163, LiftingTime = 118, QueueTime = 239, ConnectedSlopes =  }, checkPermissionServiceMock: Mock&lt;ICheckPermissionService:5&gt;, liftsRepositoryStub: Mock&lt;ILiftsRepository:5&gt;, sut: LiftsService { })" computerName="DESKTOP-TJ9D65N" duration="00:00:00.0318303" startTime="2022-10-15T20:39:13.9438706+03:00" endTime="2022-10-15T20:39:13.9438706+03:00" testType="13cdc9d9-ddb5-4fa4-a97d-d965ccfc6d4b" outcome="Passed" testListId="8c84fa94-04c1-424b-9868-57a2d4851a1d" relativeResultsDirectory="83f9a815-616d-47ea-a3ae-dc97168630b9" />
    <UnitTestResult executionId="5b994bca-ef80-43e2-a335-e9864fe899e0" testId="7a3b81d9-16c8-99a0-538d-9eefa477f043" testName="BL.Tests.TurnstilesServiceTest.TestAdminAddAutoIncrementTurnstileAsync(userID: 27, turnstile: Turnstile { TurnstileID = 21, LiftID = 199, IsOpen = True }, checkPermissionServiceMock: Mock&lt;ICheckPermissionService:16&gt;, turnstilesRepositoryStub: Mock&lt;ITurnstilesRepository:10&gt;, sut: TurnstilesService { })" computerName="DESKTOP-TJ9D65N" duration="00:00:00.0318341" startTime="2022-10-15T20:39:13.9438877+03:00" endTime="2022-10-15T20:39:13.9438878+03:00" testType="13cdc9d9-ddb5-4fa4-a97d-d965ccfc6d4b" outcome="Passed" testListId="8c84fa94-04c1-424b-9868-57a2d4851a1d" relativeResultsDirectory="5b994bca-ef80-43e2-a335-e9864fe899e0" />
    <UnitTestResult executionId="0cc04b5a-c356-470c-a2a1-b281c0cedc48" testId="87b2caa0-cc69-5e3e-ac8f-ec8afe55239b" testName="BL.Tests.TurnstilesServiceTest.TestAdminGetTurnstilesAsync(userID: 224, initialTurnstiles: [Turnstile { TurnstileID = 155, LiftID = 159, IsOpen = True }, Turnstile { TurnstileID = 9, LiftID = 66, IsOpen = False }, Turnstile { TurnstileID = 56, LiftID = 132, IsOpen = True }], checkPermissionServiceMock: Mock&lt;ICheckPermissionService:13&gt;, turnstilesRepositoryStub: Mock&lt;ITurnstilesRepository:7&gt;, sut: TurnstilesService { })" computerName="DESKTOP-TJ9D65N" duration="00:00:00.0059113" startTime="2022-10-15T20:39:14.0261730+03:00" endTime="2022-10-15T20:39:14.0261731+03:00" testType="13cdc9d9-ddb5-4fa4-a97d-d965ccfc6d4b" outcome="Passed" testListId="8c84fa94-04c1-424b-9868-57a2d4851a1d" relativeResultsDirectory="0cc04b5a-c356-470c-a2a1-b281c0cedc48" />
    <UnitTestResult executionId="396bc60e-d1fe-438e-a8d8-c7149d993957" testId="9c7df5e2-1b23-ebea-889f-b78ca86b60ab" testName="BL.Tests.CheckPermissionsServiceTests.AuthorizedHasNoAccessToAdminSkiPatrolFunctions(functionName: &quot;MarkMessageReadByUserAsync&quot;)" computerName="DESKTOP-TJ9D65N" duration="00:00:00.0014127" startTime="2022-10-15T20:39:14.0331167+03:00" endTime="2022-10-15T20:39:14.0331168+03:00" testType="13cdc9d9-ddb5-4fa4-a97d-d965ccfc6d4b" outcome="Passed" testListId="8c84fa94-04c1-424b-9868-57a2d4851a1d" relativeResultsDirectory="396bc60e-d1fe-438e-a8d8-c7149d993957" />
    <UnitTestResult executionId="6f5f32aa-5194-4fd8-b8cd-7fc316f0b604" testId="de48fb0b-e1e0-b8dd-a9eb-5ed0e0f64089" testName="BL.Tests.SlopesServiceTest.TestGetSlopesInfoAsync(userID: 175, initialSlopes: [Slope { SlopeID = 140, SlopeName = slopeName96850735-2867-44c8-9064-683ecaff6e47, IsOpen = True, DifficultyLevel = 162, ConnectedLifts =  }, Slope { SlopeID = 126, SlopeName = slopeName963b3945-2be1-48b7-b676-4f393ff84f0f, IsOpen = False, DifficultyLevel = 199, ConnectedLifts =  }, Slope { SlopeID = 39, SlopeName = slopeName7f301d06-6592-4c53-ab95-5a94e8a66265, IsOpen = True, DifficultyLevel = 67, ConnectedLifts =  }], checkPermissionServiceMock: Mock&lt;ICheckPermissionService:7&gt;, slopesRepositoryStub: Mock&lt;ISlopesRepository:5&gt;, liftsSlopesRepositoryStub: Mock&lt;ILiftsSlopesRepository:10&gt;, sut: SlopesService { })" computerName="DESKTOP-TJ9D65N" duration="00:00:00.0463206" startTime="2022-10-15T20:39:14.0328166+03:00" endTime="2022-10-15T20:39:14.0328167+03:00" testType="13cdc9d9-ddb5-4fa4-a97d-d965ccfc6d4b" outcome="Passed" testListId="8c84fa94-04c1-424b-9868-57a2d4851a1d" relativeResultsDirectory="6f5f32aa-5194-4fd8-b8cd-7fc316f0b604" />
    <UnitTestResult executionId="335432e5-a4a4-4ec4-aa3a-25c925b745cf" testId="60bd668f-04df-da5e-b79b-5d9aedb5234d" testName="BL.Tests.CheckPermissionsServiceTests.SkiPatrolHasAccessToAdminSkiPatrolFunctions(functionName: &quot;MarkMessageReadByUserAsync&quot;)" computerName="DESKTOP-TJ9D65N" duration="00:00:00.0010508" startTime="2022-10-15T20:39:14.0261516+03:00" endTime="2022-10-15T20:39:14.0261516+03:00" testType="13cdc9d9-ddb5-4fa4-a97d-d965ccfc6d4b" outcome="Passed" testListId="8c84fa94-04c1-424b-9868-57a2d4851a1d" relativeResultsDirectory="335432e5-a4a4-4ec4-aa3a-25c925b745cf" />
    <UnitTestResult executionId="1a5be61d-ad32-4595-be35-d13ba98ec86f" testId="e2d7e5be-3dae-33ae-fb17-c704b6fd58d6" testName="BL.Tests.CheckPermissionsServiceTests.UnauthorizedHasNoAccessToAdminFunctions" computerName="DESKTOP-TJ9D65N" duration="00:00:00.0026671" startTime="2022-10-15T20:39:14.0524562+03:00" endTime="2022-10-15T20:39:14.0524563+03:00" testType="13cdc9d9-ddb5-4fa4-a97d-d965ccfc6d4b" outcome="Passed" testListId="8c84fa94-04c1-424b-9868-57a2d4851a1d" relativeResultsDirectory="1a5be61d-ad32-4595-be35-d13ba98ec86f" />
    <UnitTestResult executionId="424e5404-68d1-4c9e-a037-998fb8fab663" testId="32a3e824-1685-7d74-8274-7e461d169d23" testName="BL.Tests.SlopesServiceTest.TestAdminAddAutoIncrementSlopeAsync(userID: 196, slope: Slope { SlopeID = 213, SlopeName = slopeName889fd4cb-3344-4865-8de6-bc550537c877, IsOpen = True, DifficultyLevel = 6, ConnectedLifts =  }, checkPermissionServiceMock: Mock&lt;ICheckPermissionService:10&gt;, slopesRepositoryStub: Mock&lt;ISlopesRepository:8&gt;, sut: SlopesService { })" computerName="DESKTOP-TJ9D65N" duration="00:00:00.0056015" startTime="2022-10-15T20:39:14.0423400+03:00" endTime="2022-10-15T20:39:14.0423400+03:00" testType="13cdc9d9-ddb5-4fa4-a97d-d965ccfc6d4b" outcome="Passed" testListId="8c84fa94-04c1-424b-9868-57a2d4851a1d" relativeResultsDirectory="424e5404-68d1-4c9e-a037-998fb8fab663" />
    <UnitTestResult executionId="6371bb16-4b44-4008-983e-152812961e27" testId="f3efc418-a8a6-c7b7-9bac-90b33aa8472f" testName="BL.Tests.CheckPermissionsServiceTests.AdminHasAccessToAllFunctions" computerName="DESKTOP-TJ9D65N" duration="00:00:00.0020655" startTime="2022-10-15T20:39:14.0623025+03:00" endTime="2022-10-15T20:39:14.0623027+03:00" testType="13cdc9d9-ddb5-4fa4-a97d-d965ccfc6d4b" outcome="Passed" testListId="8c84fa94-04c1-424b-9868-57a2d4851a1d" relativeResultsDirectory="6371bb16-4b44-4008-983e-152812961e27" />
    <UnitTestResult executionId="604cd4d0-2aee-44f0-9ff1-32f8e7617be1" testId="07398b29-bac6-16ad-bb0d-72be1fb68f46" testName="BL.Tests.LiftsServiceTest.TestUpdateLiftInfoAsync(userID: 239, lift: Lift { LiftID = 80, LiftName = liftName6a8048c5-4892-4f32-baf5-2587d1bbcc6b, IsOpen = True, SeatsAmount = 164, LiftingTime = 229, QueueTime = 147, ConnectedSlopes =  }, checkPermissionServiceMock: Mock&lt;ICheckPermissionService:3&gt;, liftsRepositoryStub: Mock&lt;ILiftsRepository:3&gt;, sut: LiftsService { })" computerName="DESKTOP-TJ9D65N" duration="00:00:00.0061716" startTime="2022-10-15T20:39:14.0429420+03:00" endTime="2022-10-15T20:39:14.0429420+03:00" testType="13cdc9d9-ddb5-4fa4-a97d-d965ccfc6d4b" outcome="Passed" testListId="8c84fa94-04c1-424b-9868-57a2d4851a1d" relativeResultsDirectory="604cd4d0-2aee-44f0-9ff1-32f8e7617be1" />
    <UnitTestResult executionId="338911f6-cacf-42b8-aad6-f92a5c8cfdb0" testId="a17300eb-baf3-5b1f-f074-b049d9f87cb6" testName="BL.Tests.LiftsServiceTest.TestGetLiftInfoAsync(userID: 238, lift: Lift { LiftID = 86, LiftName = liftName8991bad3-32d3-4948-86e1-daf849f16909, IsOpen = True, SeatsAmount = 31, LiftingTime = 135, QueueTime = 193, ConnectedSlopes =  }, checkPermissionServiceMock: Mock&lt;ICheckPermissionService:1&gt;, liftsRepositoryStub: Mock&lt;ILiftsRepository:1&gt;, liftsSlopesRepositoryStub: Mock&lt;ILiftsSlopesRepository:1&gt;, sut: LiftsService { })" computerName="DESKTOP-TJ9D65N" duration="00:00:00.0067521" startTime="2022-10-15T20:39:14.0181336+03:00" endTime="2022-10-15T20:39:14.0181337+03:00" testType="13cdc9d9-ddb5-4fa4-a97d-d965ccfc6d4b" outcome="Passed" testListId="8c84fa94-04c1-424b-9868-57a2d4851a1d" relativeResultsDirectory="338911f6-cacf-42b8-aad6-f92a5c8cfdb0" />
    <UnitTestResult executionId="e51a9650-2844-40c2-bc25-d74cf952c9cb" testId="387c9729-48c1-486e-5e67-f5d11a9f0db8" testName="BL.Tests.CheckPermissionsServiceTests.UnauthorizedHasNoAccessToAdminSkiPatrolFunctions(functionName: &quot;GetLiftsSlopesInfoAsync&quot;)" computerName="DESKTOP-TJ9D65N" duration="00:00:00.0013798" startTime="2022-10-15T20:39:14.0176133+03:00" endTime="2022-10-15T20:39:14.0176134+03:00" testType="13cdc9d9-ddb5-4fa4-a97d-d965ccfc6d4b" outcome="Passed" testListId="8c84fa94-04c1-424b-9868-57a2d4851a1d" relativeResultsDirectory="e51a9650-2844-40c2-bc25-d74cf952c9cb" />
    <UnitTestResult executionId="8c80d003-ed0e-4110-bbb1-eda4c30ce212" testId="f0340a8a-db06-b734-9e2d-b63d54a03cbd" testName="BL.Tests.LiftsServiceTest.TestGetLiftsInfoAsync(userID: 39, initialLifts: [Lift { LiftID = 241, LiftName = liftNameb71302f5-e8f0-41eb-8cab-ed8d48c91087, IsOpen = True, SeatsAmount = 210, LiftingTime = 34, QueueTime = 88, ConnectedSlopes =  }, Lift { LiftID = 106, LiftName = liftNameb5995027-693a-43d1-9f5f-907f6fb6d9eb, IsOpen = False, SeatsAmount = 162, LiftingTime = 123, QueueTime = 170, ConnectedSlopes =  }, Lift { LiftID = 21, LiftName = liftName3134d908-4bae-4142-9952-78cee8e92718, IsOpen = True, SeatsAmount = 255, LiftingTime = 83, QueueTime = 208, ConnectedSlopes =  }], checkPermissionServiceMock: Mock&lt;ICheckPermissionService:2&gt;, liftsRepositoryStub: Mock&lt;ILiftsRepository:2&gt;, liftsSlopesRepositoryStub: Mock&lt;ILiftsSlopesRepository:2&gt;, sut: LiftsService { })" computerName="DESKTOP-TJ9D65N" duration="00:00:00.0444045" startTime="2022-10-15T20:39:14.0329047+03:00" endTime="2022-10-15T20:39:14.0329048+03:00" testType="13cdc9d9-ddb5-4fa4-a97d-d965ccfc6d4b" outcome="Passed" testListId="8c84fa94-04c1-424b-9868-57a2d4851a1d" relativeResultsDirectory="8c80d003-ed0e-4110-bbb1-eda4c30ce212" />
    <UnitTestResult executionId="b6215617-e30b-4fc4-9078-8cee21c0a682" testId="834c739b-eca4-b36d-6a66-5a1bd75377b8" testName="BL.Tests.UsersServiceTests.TestAdminAddAutoIncrementUser" computerName="DESKTOP-TJ9D65N" duration="00:00:00.0081737" startTime="2022-10-15T20:39:14.0397590+03:00" endTime="2022-10-15T20:39:14.0397591+03:00" testType="13cdc9d9-ddb5-4fa4-a97d-d965ccfc6d4b" outcome="Passed" testListId="8c84fa94-04c1-424b-9868-57a2d4851a1d" relativeResultsDirectory="b6215617-e30b-4fc4-9078-8cee21c0a682" />
    <UnitTestResult executionId="d07ce523-f09f-4055-8f2e-a24654149f8c" testId="e5497347-2721-b7a6-0bd4-69a9921f6947" testName="BL.Tests.UsersServiceTests.TestAdminGetUserByIDAsync" computerName="DESKTOP-TJ9D65N" duration="00:00:00.0045026" startTime="2022-10-15T20:39:14.0468793+03:00" endTime="2022-10-15T20:39:14.0468794+03:00" testType="13cdc9d9-ddb5-4fa4-a97d-d965ccfc6d4b" outcome="Passed" testListId="8c84fa94-04c1-424b-9868-57a2d4851a1d" relativeResultsDirectory="d07ce523-f09f-4055-8f2e-a24654149f8c" />
    <UnitTestResult executionId="25015625-0d0c-4c39-89ad-e51889e2db89" testId="aa28a6b3-21d3-aa45-24d3-bef2facbc899" testName="BL.Tests.CheckPermissionsServiceTests.AuthorizedHasAccessToAuthorizedFunctions(functionName: &quot;LogOutAsync&quot;)" computerName="DESKTOP-TJ9D65N" duration="00:00:00.0012212" startTime="2022-10-15T20:39:14.0473882+03:00" endTime="2022-10-15T20:39:14.0473883+03:00" testType="13cdc9d9-ddb5-4fa4-a97d-d965ccfc6d4b" outcome="Passed" testListId="8c84fa94-04c1-424b-9868-57a2d4851a1d" relativeResultsDirectory="25015625-0d0c-4c39-89ad-e51889e2db89" />
    <UnitTestResult executionId="ad55ae92-a65a-4535-a89c-ab5b5d976dbc" testId="fa960c5e-f989-2880-784e-8efe538c5231" testName="BL.Tests.CheckPermissionsServiceTests.UnauthorizedHasNoAccessToAuthorizedFunctions(functionName: &quot;LogOutAsync&quot;)" computerName="DESKTOP-TJ9D65N" duration="00:00:00.0018255" startTime="2022-10-15T20:39:14.0253446+03:00" endTime="2022-10-15T20:39:14.0253448+03:00" testType="13cdc9d9-ddb5-4fa4-a97d-d965ccfc6d4b" outcome="Passed" testListId="8c84fa94-04c1-424b-9868-57a2d4851a1d" relativeResultsDirectory="ad55ae92-a65a-4535-a89c-ab5b5d976dbc" />
    <UnitTestResult executionId="fafc4ac0-3b3d-45c4-ba57-287c8d697a7b" testId="229812f5-9a73-5335-11f5-31330d1348a5" testName="BL.Tests.CheckPermissionsServiceTests.UnauthorizedHasNoAccessToAdminSkiPatrolFunctions(functionName: &quot;GetMessagesAsync&quot;)" computerName="DESKTOP-TJ9D65N" duration="00:00:00.0012238" startTime="2022-10-15T20:39:14.0180695+03:00" endTime="2022-10-15T20:39:14.0180696+03:00" testType="13cdc9d9-ddb5-4fa4-a97d-d965ccfc6d4b" outcome="Passed" testListId="8c84fa94-04c1-424b-9868-57a2d4851a1d" relativeResultsDirectory="fafc4ac0-3b3d-45c4-ba57-287c8d697a7b" />
    <UnitTestResult executionId="484436f7-ff91-4280-807e-f114e92c2932" testId="c36970dc-93f7-753e-fa47-157133b01644" testName="BL.Tests.CheckPermissionsServiceTests.SkiPatrolHasAccessToAdminSkiPatrolFunctions(functionName: &quot;GetMessagesAsync&quot;)" computerName="DESKTOP-TJ9D65N" duration="00:00:00.0011626" startTime="2022-10-15T20:39:14.0262270+03:00" endTime="2022-10-15T20:39:14.0262270+03:00" testType="13cdc9d9-ddb5-4fa4-a97d-d965ccfc6d4b" outcome="Passed" testListId="8c84fa94-04c1-424b-9868-57a2d4851a1d" relativeResultsDirectory="484436f7-ff91-4280-807e-f114e92c2932" />
    <UnitTestResult executionId="29eea421-a1be-4d97-8ac7-6d97f78cb939" testId="644ec43e-70cd-c82d-42e7-0d990be1414d" testName="BL.Tests.CheckPermissionsServiceTests.AuthorizedHasAccessToAuthorizedFunctions(functionName: &quot;SendMessageAsync&quot;)" computerName="DESKTOP-TJ9D65N" duration="00:00:00.0022866" startTime="2022-10-15T20:39:14.0433627+03:00" endTime="2022-10-15T20:39:14.0433628+03:00" testType="13cdc9d9-ddb5-4fa4-a97d-d965ccfc6d4b" outcome="Passed" testListId="8c84fa94-04c1-424b-9868-57a2d4851a1d" relativeResultsDirectory="29eea421-a1be-4d97-8ac7-6d97f78cb939" />
    <UnitTestResult executionId="894a4372-8bcb-4c90-b841-b9bdf5feac3a" testId="eaabd2fc-2f4b-5689-59c8-c7ad34a8f634" testName="BL.Tests.CheckPermissionsServiceTests.UnauthorizedHasNoAccessToAuthorizedFunctions(functionName: &quot;SendMessageAsync&quot;)" computerName="DESKTOP-TJ9D65N" duration="00:00:00.0029402" startTime="2022-10-15T20:39:14.0250828+03:00" endTime="2022-10-15T20:39:14.0250828+03:00" testType="13cdc9d9-ddb5-4fa4-a97d-d965ccfc6d4b" outcome="Passed" testListId="8c84fa94-04c1-424b-9868-57a2d4851a1d" relativeResultsDirectory="894a4372-8bcb-4c90-b841-b9bdf5feac3a" />
    <UnitTestResult executionId="c8c1f77e-52aa-4735-beda-e0aa94cfa98f" testId="894941c1-bfa7-d8f9-c047-1e1ceefe2c2f" testName="BL.Tests.UsersServiceTests.TestRegisterUserWithRepeatedEmail" computerName="DESKTOP-TJ9D65N" duration="00:00:00.0027352" startTime="2022-10-15T20:39:14.0251156+03:00" endTime="2022-10-15T20:39:14.0251157+03:00" testType="13cdc9d9-ddb5-4fa4-a97d-d965ccfc6d4b" outcome="Passed" testListId="8c84fa94-04c1-424b-9868-57a2d4851a1d" relativeResultsDirectory="c8c1f77e-52aa-4735-beda-e0aa94cfa98f" />
    <UnitTestResult executionId="fa908fb3-33d9-4ebe-be36-228080472ed4" testId="ce0e7932-598e-c66a-d638-96139e9646db" testName="BL.Tests.LiftsSlopesServiceTests.TestAdminAddAutoIncrementLiftSlopeAsync(lift: Lift { LiftID = 84, LiftName = liftNamea6386e53-d1ca-4592-9de0-788868d14d22, IsOpen = True, SeatsAmount = 28, LiftingTime = 23, QueueTime = 95, ConnectedSlopes =  }, slope: Slope { SlopeID = 6, SlopeName = slopeName432fc49f-8b5a-4432-992e-358c5d7ebe9d, IsOpen = False, DifficultyLevel = 123, ConnectedLifts =  }, slopesRepositoryStub: Mock&lt;ISlopesRepository:3&gt;, liftsRepositoryStub: Mock&lt;ILiftsRepository:8&gt;, liftsSlopesRepositoryStub: Mock&lt;ILiftsSlopesRepository:8&gt;)" computerName="DESKTOP-TJ9D65N" duration="00:00:00.0071024" startTime="2022-10-15T20:39:14.0181635+03:00" endTime="2022-10-15T20:39:14.0181636+03:00" testType="13cdc9d9-ddb5-4fa4-a97d-d965ccfc6d4b" outcome="Passed" testListId="8c84fa94-04c1-424b-9868-57a2d4851a1d" relativeResultsDirectory="fa908fb3-33d9-4ebe-be36-228080472ed4" />
    <UnitTestResult executionId="4a28d985-2c39-4a46-b483-592a0b3009fb" testId="18fa8c62-e27d-e1fc-8182-4d7db62b008d" testName="BL.Tests.UsersServiceTests.TestAdminDeleteUser" computerName="DESKTOP-TJ9D65N" duration="00:00:00.0025100" startTime="2022-10-15T20:39:14.0520382+03:00" endTime="2022-10-15T20:39:14.0520383+03:00" testType="13cdc9d9-ddb5-4fa4-a97d-d965ccfc6d4b" outcome="Passed" testListId="8c84fa94-04c1-424b-9868-57a2d4851a1d" relativeResultsDirectory="4a28d985-2c39-4a46-b483-592a0b3009fb" />
    <UnitTestResult executionId="97c1e11e-60d0-43d4-a79e-ce8487a257c5" testId="a19a5fcf-c5d2-7d44-5d7d-84403042f4e0" testName="BL.Tests.CheckPermissionsServiceTests.UnauthorizedHasNoAccessToAdminSkiPatrolFunctions(functionName: &quot;MarkMessageReadByUserAsync&quot;)" computerName="DESKTOP-TJ9D65N" duration="00:00:00.0296246" startTime="2022-10-15T20:39:13.9438800+03:00" endTime="2022-10-15T20:39:13.9438801+03:00" testType="13cdc9d9-ddb5-4fa4-a97d-d965ccfc6d4b" outcome="Passed" testListId="8c84fa94-04c1-424b-9868-57a2d4851a1d" relativeResultsDirectory="97c1e11e-60d0-43d4-a79e-ce8487a257c5" />
    <UnitTestResult executionId="5c6697b4-0caa-48fb-849d-2723ab23d6cf" testId="4f297306-d4f3-8d63-e7f4-1ac0b8c58c74" testName="BL.Tests.CheckPermissionsServiceTests.AuthorizedHasNoAccessToAdminSkiPatrolFunctions(functionName: &quot;GetLiftsSlopesInfoAsync&quot;)" computerName="DESKTOP-TJ9D65N" duration="00:00:00.0011903" startTime="2022-10-15T20:39:14.0380287+03:00" endTime="2022-10-15T20:39:14.0380288+03:00" testType="13cdc9d9-ddb5-4fa4-a97d-d965ccfc6d4b" outcome="Passed" testListId="8c84fa94-04c1-424b-9868-57a2d4851a1d" relativeResultsDirectory="5c6697b4-0caa-48fb-849d-2723ab23d6cf" />
    <UnitTestResult executionId="916f94c3-8f60-4099-8c06-00af06a01ccb" testId="b7c77d7d-aa4c-28a6-6243-c285db1678f9" testName="BL.Tests.TurnstilesServiceTest.TestAdminGetTurnstileAsync(userID: 63, turnstile: Turnstile { TurnstileID = 252, LiftID = 197, IsOpen = True }, checkPermissionServiceMock: Mock&lt;ICheckPermissionService:12&gt;, turnstilesRepositoryStub: Mock&lt;ITurnstilesRepository:6&gt;, sut: TurnstilesService { })" computerName="DESKTOP-TJ9D65N" duration="00:00:00.0041780" startTime="2022-10-15T20:39:14.0254900+03:00" endTime="2022-10-15T20:39:14.0254901+03:00" testType="13cdc9d9-ddb5-4fa4-a97d-d965ccfc6d4b" outcome="Passed" testListId="8c84fa94-04c1-424b-9868-57a2d4851a1d" relativeResultsDirectory="916f94c3-8f60-4099-8c06-00af06a01ccb" />
    <UnitTestResult executionId="1cc4d45c-6580-4175-8318-b01018795b18" testId="0eeef75f-6e38-7893-a8fe-cff3e0a970a7" testName="BL.Tests.UsersServiceTests.TestRegisterOk" computerName="DESKTOP-TJ9D65N" duration="00:00:00.0092606" startTime="2022-10-15T20:39:14.0262655+03:00" endTime="2022-10-15T20:39:14.0262656+03:00" testType="13cdc9d9-ddb5-4fa4-a97d-d965ccfc6d4b" outcome="Passed" testListId="8c84fa94-04c1-424b-9868-57a2d4851a1d" relativeResultsDirectory="1cc4d45c-6580-4175-8318-b01018795b18" />
    <UnitTestResult executionId="a2a5a540-b1a7-4ea2-a75e-56a9bfd163d4" testId="c21c9e4f-a513-06e6-3f37-e9402f6d896a" testName="BL.Tests.SlopesServiceTest.TestAdminDeleteSlopeAsync(userID: 39, slope: Slope { SlopeID = 146, SlopeName = slopeName78e15537-46bb-432b-bd7f-8f7bc4850469, IsOpen = True, DifficultyLevel = 168, ConnectedLifts =  }, checkPermissionServiceMock: Mock&lt;ICheckPermissionService:9&gt;, slopesRepositoryStub: Mock&lt;ISlopesRepository:7&gt;, liftsSlopesRepositoryStub: Mock&lt;ILiftsSlopesRepository:12&gt;, sut: SlopesService { })" computerName="DESKTOP-TJ9D65N" duration="00:00:00.0055215" startTime="2022-10-15T20:39:14.0180325+03:00" endTime="2022-10-15T20:39:14.0180326+03:00" testType="13cdc9d9-ddb5-4fa4-a97d-d965ccfc6d4b" outcome="Passed" testListId="8c84fa94-04c1-424b-9868-57a2d4851a1d" relativeResultsDirectory="a2a5a540-b1a7-4ea2-a75e-56a9bfd163d4" />
    <UnitTestResult executionId="a4935e05-bf7e-4228-9a5d-f9982e3cba3b" testId="dd50f206-4c68-2684-3728-b4efeb986b46" testName="BL.Tests.TurnstilesServiceTest.TestAdminDeleteTurnstileAsync(userID: 121, turnstile: Turnstile { TurnstileID = 62, LiftID = 157, IsOpen = True }, checkPermissionServiceMock: Mock&lt;ICheckPermissionService:15&gt;, turnstilesRepositoryStub: Mock&lt;ITurnstilesRepository:9&gt;, sut: TurnstilesService { })" computerName="DESKTOP-TJ9D65N" duration="00:00:00.0036622" startTime="2022-10-15T20:39:14.0251956+03:00" endTime="2022-10-15T20:39:14.0251957+03:00" testType="13cdc9d9-ddb5-4fa4-a97d-d965ccfc6d4b" outcome="Passed" testListId="8c84fa94-04c1-424b-9868-57a2d4851a1d" relativeResultsDirectory="a4935e05-bf7e-4228-9a5d-f9982e3cba3b" />
    <UnitTestResult executionId="3855e1da-bd2b-48b5-a1bf-8498dcc1c5be" testId="1ca07ad8-f799-c5d4-e7cc-34fd950198a2" testName="BL.Tests.UsersServiceTests.TestLogInOk" computerName="DESKTOP-TJ9D65N" duration="00:00:00.0022104" startTime="2022-10-15T20:39:14.0263672+03:00" endTime="2022-10-15T20:39:14.0263673+03:00" testType="13cdc9d9-ddb5-4fa4-a97d-d965ccfc6d4b" outcome="Passed" testListId="8c84fa94-04c1-424b-9868-57a2d4851a1d" relativeResultsDirectory="3855e1da-bd2b-48b5-a1bf-8498dcc1c5be" />
  </Results>
  <TestDefinitions>
    <UnitTest name="BL.Tests.SlopesServiceTest.TestAdminAddAutoIncrementSlopeAsync(userID: 196, slope: Slope { SlopeID = 213, SlopeName = slopeName889fd4cb-3344-4865-8de6-bc550537c877, IsOpen = True, DifficultyLevel = 6, ConnectedLifts =  }, checkPermissionServiceMock: Mock&lt;ICheckPermissionService:10&gt;, slopesRepositoryStub: Mock&lt;ISlopesRepository:8&gt;, sut: SlopesService { })" storage="c:\users\alena\desktop\7_sem\testing_and_debugging\skiresort\bl.tests\bin\debug\net6.0\bl.tests.dll" id="32a3e824-1685-7d74-8274-7e461d169d23">
      <Execution id="424e5404-68d1-4c9e-a037-998fb8fab663" />
      <TestMethod codeBase="C:\Users\alena\Desktop\7_sem\testing_and_debugging\SkiResort\BL.Tests\bin\Debug\net6.0\BL.Tests.dll" adapterTypeName="executor://xunit/VsTestRunner2/netcoreapp" className="BL.Tests.SlopesServiceTest" name="TestAdminAddAutoIncrementSlopeAsync" />
    </UnitTest>
    <UnitTest name="BL.Tests.CheckPermissionsServiceTests.AuthorizedHasNoAccessToAdminSkiPatrolFunctions(functionName: &quot;MarkMessageReadByUserAsync&quot;)" storage="c:\users\alena\desktop\7_sem\testing_and_debugging\skiresort\bl.tests\bin\debug\net6.0\bl.tests.dll" id="9c7df5e2-1b23-ebea-889f-b78ca86b60ab">
      <Execution id="396bc60e-d1fe-438e-a8d8-c7149d993957" />
      <TestMethod codeBase="C:\Users\alena\Desktop\7_sem\testing_and_debugging\SkiResort\BL.Tests\bin\Debug\net6.0\BL.Tests.dll" adapterTypeName="executor://xunit/VsTestRunner2/netcoreapp" className="BL.Tests.CheckPermissionsServiceTests" name="AuthorizedHasNoAccessToAdminSkiPatrolFunctions" />
    </UnitTest>
    <UnitTest name="BL.Tests.CheckPermissionsServiceTests.UnauthorizedHasNoAccessToAdminSkiPatrolFunctions(functionName: &quot;MarkMessageReadByUserAsync&quot;)" storage="c:\users\alena\desktop\7_sem\testing_and_debugging\skiresort\bl.tests\bin\debug\net6.0\bl.tests.dll" id="a19a5fcf-c5d2-7d44-5d7d-84403042f4e0">
      <Execution id="97c1e11e-60d0-43d4-a79e-ce8487a257c5" />
      <TestMethod codeBase="C:\Users\alena\Desktop\7_sem\testing_and_debugging\SkiResort\BL.Tests\bin\Debug\net6.0\BL.Tests.dll" adapterTypeName="executor://xunit/VsTestRunner2/netcoreapp" className="BL.Tests.CheckPermissionsServiceTests" name="UnauthorizedHasNoAccessToAdminSkiPatrolFunctions" />
    </UnitTest>
    <UnitTest name="BL.Tests.LiftsServiceTest.TestUpdateLiftInfoAsync(userID: 239, lift: Lift { LiftID = 80, LiftName = liftName6a8048c5-4892-4f32-baf5-2587d1bbcc6b, IsOpen = True, SeatsAmount = 164, LiftingTime = 229, QueueTime = 147, ConnectedSlopes =  }, checkPermissionServiceMock: Mock&lt;ICheckPermissionService:3&gt;, liftsRepositoryStub: Mock&lt;ILiftsRepository:3&gt;, sut: LiftsService { })" storage="c:\users\alena\desktop\7_sem\testing_and_debugging\skiresort\bl.tests\bin\debug\net6.0\bl.tests.dll" id="07398b29-bac6-16ad-bb0d-72be1fb68f46">
      <Execution id="604cd4d0-2aee-44f0-9ff1-32f8e7617be1" />
      <TestMethod codeBase="C:\Users\alena\Desktop\7_sem\testing_and_debugging\SkiResort\BL.Tests\bin\Debug\net6.0\BL.Tests.dll" adapterTypeName="executor://xunit/VsTestRunner2/netcoreapp" className="BL.Tests.LiftsServiceTest" name="TestUpdateLiftInfoAsync" />
    </UnitTest>
    <UnitTest name="BL.Tests.CheckPermissionsServiceTests.AuthorizedHasNoAccessToAdminSkiPatrolFunctions(functionName: &quot;GetMessagesAsync&quot;)" storage="c:\users\alena\desktop\7_sem\testing_and_debugging\skiresort\bl.tests\bin\debug\net6.0\bl.tests.dll" id="2602613f-c8e2-a6d9-fcf7-5b27d4a770a6">
      <Execution id="e5aff473-71c3-4899-be7d-a9bd7c66f8d7" />
      <TestMethod codeBase="C:\Users\alena\Desktop\7_sem\testing_and_debugging\SkiResort\BL.Tests\bin\Debug\net6.0\BL.Tests.dll" adapterTypeName="executor://xunit/VsTestRunner2/netcoreapp" className="BL.Tests.CheckPermissionsServiceTests" name="AuthorizedHasNoAccessToAdminSkiPatrolFunctions" />
    </UnitTest>
    <UnitTest name="BL.Tests.CheckPermissionsServiceTests.AuthorizedHasNoAccessToAdminFunctions" storage="c:\users\alena\desktop\7_sem\testing_and_debugging\skiresort\bl.tests\bin\debug\net6.0\bl.tests.dll" id="a2e59116-cb53-1d70-9cb8-21c286516866">
      <Execution id="a3b8861b-3f4a-4541-a956-6255a121f5d4" />
      <TestMethod codeBase="C:\Users\alena\Desktop\7_sem\testing_and_debugging\SkiResort\BL.Tests\bin\Debug\net6.0\BL.Tests.dll" adapterTypeName="executor://xunit/VsTestRunner2/netcoreapp" className="BL.Tests.CheckPermissionsServiceTests" name="AuthorizedHasNoAccessToAdminFunctions" />
    </UnitTest>
    <UnitTest name="BL.Tests.CheckPermissionsServiceTests.SkiPatrolHasAccessToAdminSkiPatrolFunctions(functionName: &quot;GetMessagesAsync&quot;)" storage="c:\users\alena\desktop\7_sem\testing_and_debugging\skiresort\bl.tests\bin\debug\net6.0\bl.tests.dll" id="c36970dc-93f7-753e-fa47-157133b01644">
      <Execution id="484436f7-ff91-4280-807e-f114e92c2932" />
      <TestMethod codeBase="C:\Users\alena\Desktop\7_sem\testing_and_debugging\SkiResort\BL.Tests\bin\Debug\net6.0\BL.Tests.dll" adapterTypeName="executor://xunit/VsTestRunner2/netcoreapp" className="BL.Tests.CheckPermissionsServiceTests" name="SkiPatrolHasAccessToAdminSkiPatrolFunctions" />
    </UnitTest>
    <UnitTest name="BL.Tests.CheckPermissionsServiceTests.AdminHasAccessToAllFunctions" storage="c:\users\alena\desktop\7_sem\testing_and_debugging\skiresort\bl.tests\bin\debug\net6.0\bl.tests.dll" id="f3efc418-a8a6-c7b7-9bac-90b33aa8472f">
      <Execution id="6371bb16-4b44-4008-983e-152812961e27" />
      <TestMethod codeBase="C:\Users\alena\Desktop\7_sem\testing_and_debugging\SkiResort\BL.Tests\bin\Debug\net6.0\BL.Tests.dll" adapterTypeName="executor://xunit/VsTestRunner2/netcoreapp" className="BL.Tests.CheckPermissionsServiceTests" name="AdminHasAccessToAllFunctions" />
    </UnitTest>
    <UnitTest name="BL.Tests.SlopesServiceTest.TestGetSlopesInfoAsync(userID: 175, initialSlopes: [Slope { SlopeID = 140, SlopeName = slopeName96850735-2867-44c8-9064-683ecaff6e47, IsOpen = True, DifficultyLevel = 162, ConnectedLifts =  }, Slope { SlopeID = 126, SlopeName = slopeName963b3945-2be1-48b7-b676-4f393ff84f0f, IsOpen = False, DifficultyLevel = 199, ConnectedLifts =  }, Slope { SlopeID = 39, SlopeName = slopeName7f301d06-6592-4c53-ab95-5a94e8a66265, I..." storage="c:\users\alena\desktop\7_sem\testing_and_debugging\skiresort\bl.tests\bin\debug\net6.0\bl.tests.dll" id="de48fb0b-e1e0-b8dd-a9eb-5ed0e0f64089">
      <Execution id="6f5f32aa-5194-4fd8-b8cd-7fc316f0b604" />
      <TestMethod codeBase="C:\Users\alena\Desktop\7_sem\testing_and_debugging\SkiResort\BL.Tests\bin\Debug\net6.0\BL.Tests.dll" adapterTypeName="executor://xunit/VsTestRunner2/netcoreapp" className="BL.Tests.SlopesServiceTest" name="TestGetSlopesInfoAsync" />
    </UnitTest>
    <UnitTest name="BL.Tests.UsersServiceTests.TestRegisterUserWithNoPassword" storage="c:\users\alena\desktop\7_sem\testing_and_debugging\skiresort\bl.tests\bin\debug\net6.0\bl.tests.dll" id="f44a1b21-8efc-bfac-63b4-d534442def31">
      <Execution id="0e036924-c3a2-4d87-b474-41c489f72590" />
      <TestMethod codeBase="C:\Users\alena\Desktop\7_sem\testing_and_debugging\SkiResort\BL.Tests\bin\Debug\net6.0\BL.Tests.dll" adapterTypeName="executor://xunit/VsTestRunner2/netcoreapp" className="BL.Tests.UsersServiceTests" name="TestRegisterUserWithNoPassword" />
    </UnitTest>
    <UnitTest name="BL.Tests.UsersServiceTests.TestAdminGetUserByIDAsync" storage="c:\users\alena\desktop\7_sem\testing_and_debugging\skiresort\bl.tests\bin\debug\net6.0\bl.tests.dll" id="e5497347-2721-b7a6-0bd4-69a9921f6947">
      <Execution id="d07ce523-f09f-4055-8f2e-a24654149f8c" />
      <TestMethod codeBase="C:\Users\alena\Desktop\7_sem\testing_and_debugging\SkiResort\BL.Tests\bin\Debug\net6.0\BL.Tests.dll" adapterTypeName="executor://xunit/VsTestRunner2/netcoreapp" className="BL.Tests.UsersServiceTests" name="TestAdminGetUserByIDAsync" />
    </UnitTest>
    <UnitTest name="BL.Tests.SlopesServiceTest.TestGetSlopeInfoAsync(userID: 196, slope: Slope { SlopeID = 141, SlopeName = slopeName418b995d-aaee-4016-8281-f7effd199395, IsOpen = True, DifficultyLevel = 83, ConnectedLifts =  }, checkPermissionServiceMock: Mock&lt;ICheckPermissionService:6&gt;, slopesRepositoryStub: Mock&lt;ISlopesRepository:4&gt;, liftsSlopesRepositoryStub: Mock&lt;ILiftsSlopesRepository:9&gt;, sut: SlopesService { })" storage="c:\users\alena\desktop\7_sem\testing_and_debugging\skiresort\bl.tests\bin\debug\net6.0\bl.tests.dll" id="dfd0b5fb-267d-c6e6-1d47-3bc8ae87ff03">
      <Execution id="31490bf2-3f72-4156-9394-e297062f804e" />
      <TestMethod codeBase="C:\Users\alena\Desktop\7_sem\testing_and_debugging\SkiResort\BL.Tests\bin\Debug\net6.0\BL.Tests.dll" adapterTypeName="executor://xunit/VsTestRunner2/netcoreapp" className="BL.Tests.SlopesServiceTest" name="TestGetSlopeInfoAsync" />
    </UnitTest>
    <UnitTest name="BL.Tests.UsersServiceTests.TestAdminAddAutoIncrementUser" storage="c:\users\alena\desktop\7_sem\testing_and_debugging\skiresort\bl.tests\bin\debug\net6.0\bl.tests.dll" id="834c739b-eca4-b36d-6a66-5a1bd75377b8">
      <Execution id="b6215617-e30b-4fc4-9078-8cee21c0a682" />
      <TestMethod codeBase="C:\Users\alena\Desktop\7_sem\testing_and_debugging\SkiResort\BL.Tests\bin\Debug\net6.0\BL.Tests.dll" adapterTypeName="executor://xunit/VsTestRunner2/netcoreapp" className="BL.Tests.UsersServiceTests" name="TestAdminAddAutoIncrementUser" />
    </UnitTest>
    <UnitTest name="BL.Tests.CheckPermissionsServiceTests.UnauthorizedHasNoAccessToAdminSkiPatrolFunctions(functionName: &quot;GetLiftsSlopesInfoAsync&quot;)" storage="c:\users\alena\desktop\7_sem\testing_and_debugging\skiresort\bl.tests\bin\debug\net6.0\bl.tests.dll" id="387c9729-48c1-486e-5e67-f5d11a9f0db8">
      <Execution id="e51a9650-2844-40c2-bc25-d74cf952c9cb" />
      <TestMethod codeBase="C:\Users\alena\Desktop\7_sem\testing_and_debugging\SkiResort\BL.Tests\bin\Debug\net6.0\BL.Tests.dll" adapterTypeName="executor://xunit/VsTestRunner2/netcoreapp" className="BL.Tests.CheckPermissionsServiceTests" name="UnauthorizedHasNoAccessToAdminSkiPatrolFunctions" />
    </UnitTest>
    <UnitTest name="BL.Tests.CheckPermissionsServiceTests.SkiPatrolHasAccessToAdminSkiPatrolFunctions(functionName: &quot;MarkMessageReadByUserAsync&quot;)" storage="c:\users\alena\desktop\7_sem\testing_and_debugging\skiresort\bl.tests\bin\debug\net6.0\bl.tests.dll" id="60bd668f-04df-da5e-b79b-5d9aedb5234d">
      <Execution id="335432e5-a4a4-4ec4-aa3a-25c925b745cf" />
      <TestMethod codeBase="C:\Users\alena\Desktop\7_sem\testing_and_debugging\SkiResort\BL.Tests\bin\Debug\net6.0\BL.Tests.dll" adapterTypeName="executor://xunit/VsTestRunner2/netcoreapp" className="BL.Tests.CheckPermissionsServiceTests" name="SkiPatrolHasAccessToAdminSkiPatrolFunctions" />
    </UnitTest>
    <UnitTest name="BL.Tests.CheckPermissionsServiceTests.UnauthorizedHasNoAccessToAdminFunctions" storage="c:\users\alena\desktop\7_sem\testing_and_debugging\skiresort\bl.tests\bin\debug\net6.0\bl.tests.dll" id="e2d7e5be-3dae-33ae-fb17-c704b6fd58d6">
      <Execution id="1a5be61d-ad32-4595-be35-d13ba98ec86f" />
      <TestMethod codeBase="C:\Users\alena\Desktop\7_sem\testing_and_debugging\SkiResort\BL.Tests\bin\Debug\net6.0\BL.Tests.dll" adapterTypeName="executor://xunit/VsTestRunner2/netcoreapp" className="BL.Tests.CheckPermissionsServiceTests" name="UnauthorizedHasNoAccessToAdminFunctions" />
    </UnitTest>
    <UnitTest name="BL.Tests.CheckPermissionsServiceTests.SkiPatrolHasAccessToAdminSkiPatrolFunctions(functionName: &quot;GetLiftsSlopesInfoAsync&quot;)" storage="c:\users\alena\desktop\7_sem\testing_and_debugging\skiresort\bl.tests\bin\debug\net6.0\bl.tests.dll" id="2d706594-f2b3-b3c8-21d4-86c9798c3306">
      <Execution id="19eb759f-a6f6-4692-b532-37b86bdc9836" />
      <TestMethod codeBase="C:\Users\alena\Desktop\7_sem\testing_and_debugging\SkiResort\BL.Tests\bin\Debug\net6.0\BL.Tests.dll" adapterTypeName="executor://xunit/VsTestRunner2/netcoreapp" className="BL.Tests.CheckPermissionsServiceTests" name="SkiPatrolHasAccessToAdminSkiPatrolFunctions" />
    </UnitTest>
    <UnitTest name="BL.Tests.UsersServiceTests.TestLogInWithWrongPassword" storage="c:\users\alena\desktop\7_sem\testing_and_debugging\skiresort\bl.tests\bin\debug\net6.0\bl.tests.dll" id="69340bb6-3645-f9dd-971e-29d8b2a009bb">
      <Execution id="538c7757-70a6-4a24-9207-802f58577a90" />
      <TestMethod codeBase="C:\Users\alena\Desktop\7_sem\testing_and_debugging\SkiResort\BL.Tests\bin\Debug\net6.0\BL.Tests.dll" adapterTypeName="executor://xunit/VsTestRunner2/netcoreapp" className="BL.Tests.UsersServiceTests" name="TestLogInWithWrongPassword" />
    </UnitTest>
    <UnitTest name="BL.Tests.CheckPermissionsServiceTests.SkiPatrolHasNoAccessToAdminFunctions" storage="c:\users\alena\desktop\7_sem\testing_and_debugging\skiresort\bl.tests\bin\debug\net6.0\bl.tests.dll" id="492c0393-35b4-df26-a537-21ca08302f3c">
      <Execution id="55a92f99-e898-4ea9-aecb-c18ce7385c92" />
      <TestMethod codeBase="C:\Users\alena\Desktop\7_sem\testing_and_debugging\SkiResort\BL.Tests\bin\Debug\net6.0\BL.Tests.dll" adapterTypeName="executor://xunit/VsTestRunner2/netcoreapp" className="BL.Tests.CheckPermissionsServiceTests" name="SkiPatrolHasNoAccessToAdminFunctions" />
    </UnitTest>
    <UnitTest name="BL.Tests.UsersServiceTests.TestAdminDeleteUser" storage="c:\users\alena\desktop\7_sem\testing_and_debugging\skiresort\bl.tests\bin\debug\net6.0\bl.tests.dll" id="18fa8c62-e27d-e1fc-8182-4d7db62b008d">
      <Execution id="4a28d985-2c39-4a46-b483-592a0b3009fb" />
      <TestMethod codeBase="C:\Users\alena\Desktop\7_sem\testing_and_debugging\SkiResort\BL.Tests\bin\Debug\net6.0\BL.Tests.dll" adapterTypeName="executor://xunit/VsTestRunner2/netcoreapp" className="BL.Tests.UsersServiceTests" name="TestAdminDeleteUser" />
    </UnitTest>
    <UnitTest name="BL.Tests.CheckPermissionsServiceTests.AuthorizedHasAccessToAuthorizedFunctions(functionName: &quot;LogOutAsync&quot;)" storage="c:\users\alena\desktop\7_sem\testing_and_debugging\skiresort\bl.tests\bin\debug\net6.0\bl.tests.dll" id="aa28a6b3-21d3-aa45-24d3-bef2facbc899">
      <Execution id="25015625-0d0c-4c39-89ad-e51889e2db89" />
      <TestMethod codeBase="C:\Users\alena\Desktop\7_sem\testing_and_debugging\SkiResort\BL.Tests\bin\Debug\net6.0\BL.Tests.dll" adapterTypeName="executor://xunit/VsTestRunner2/netcoreapp" className="BL.Tests.CheckPermissionsServiceTests" name="AuthorizedHasAccessToAuthorizedFunctions" />
    </UnitTest>
    <UnitTest name="BL.Tests.LiftsServiceTest.TestAdminDeleteLiftAsync(userID: 39, lift: Lift { LiftID = 140, LiftName = liftName7f6d50c4-17fd-4a43-ab2d-9f01b5033373, IsOpen = True, SeatsAmount = 29, LiftingTime = 119, QueueTime = 61, ConnectedSlopes =  }, checkPermissionServiceMock: Mock&lt;ICheckPermissionService:4&gt;, liftsRepositoryStub: Mock&lt;ILiftsRepository:4&gt;, liftsSlopesRepositoryStub: Mock&lt;ILiftsSlopesRepository:4&gt;, sut: LiftsService { })" storage="c:\users\alena\desktop\7_sem\testing_and_debugging\skiresort\bl.tests\bin\debug\net6.0\bl.tests.dll" id="d7fd2283-e1cc-9e7a-0fbf-328b43543241">
      <Execution id="b3d90873-265e-4730-8c7d-7c6fae17e087" />
      <TestMethod codeBase="C:\Users\alena\Desktop\7_sem\testing_and_debugging\SkiResort\BL.Tests\bin\Debug\net6.0\BL.Tests.dll" adapterTypeName="executor://xunit/VsTestRunner2/netcoreapp" className="BL.Tests.LiftsServiceTest" name="TestAdminDeleteLiftAsync" />
    </UnitTest>
    <UnitTest name="BL.Tests.LiftsServiceTest.TestGetLiftsInfoAsync(userID: 39, initialLifts: [Lift { LiftID = 241, LiftName = liftNameb71302f5-e8f0-41eb-8cab-ed8d48c91087, IsOpen = True, SeatsAmount = 210, LiftingTime = 34, QueueTime = 88, ConnectedSlopes =  }, Lift { LiftID = 106, LiftName = liftNameb5995027-693a-43d1-9f5f-907f6fb6d9eb, IsOpen = False, SeatsAmount = 162, LiftingTime = 123, QueueTime = 170, ConnectedSlopes =  }, Lift { LiftID = 21, LiftName =..." storage="c:\users\alena\desktop\7_sem\testing_and_debugging\skiresort\bl.tests\bin\debug\net6.0\bl.tests.dll" id="f0340a8a-db06-b734-9e2d-b63d54a03cbd">
      <Execution id="8c80d003-ed0e-4110-bbb1-eda4c30ce212" />
      <TestMethod codeBase="C:\Users\alena\Desktop\7_sem\testing_and_debugging\SkiResort\BL.Tests\bin\Debug\net6.0\BL.Tests.dll" adapterTypeName="executor://xunit/VsTestRunner2/netcoreapp" className="BL.Tests.LiftsServiceTest" name="TestGetLiftsInfoAsync" />
    </UnitTest>
    <UnitTest name="BL.Tests.UsersServiceTests.TestAdminUpdateUser" storage="c:\users\alena\desktop\7_sem\testing_and_debugging\skiresort\bl.tests\bin\debug\net6.0\bl.tests.dll" id="06d0bc3a-24a0-fb7f-4277-e9ae6d21c7dd">
      <Execution id="2cc299fd-8b86-48fc-883f-1b834578a24c" />
      <TestMethod codeBase="C:\Users\alena\Desktop\7_sem\testing_and_debugging\SkiResort\BL.Tests\bin\Debug\net6.0\BL.Tests.dll" adapterTypeName="executor://xunit/VsTestRunner2/netcoreapp" className="BL.Tests.UsersServiceTests" name="TestAdminUpdateUser" />
    </UnitTest>
    <UnitTest name="BL.Tests.SlopesServiceTest.TestUpdateSlopeInfoAsync(userID: 168, slope: Slope { SlopeID = 213, SlopeName = slopeName4c57edfd-c75c-4fa4-bf71-cd943fa3ce0a, IsOpen = True, DifficultyLevel = 99, ConnectedLifts =  }, checkPermissionServiceMock: Mock&lt;ICheckPermissionService:8&gt;, slopesRepositoryStub: Mock&lt;ISlopesRepository:6&gt;, sut: SlopesService { })" storage="c:\users\alena\desktop\7_sem\testing_and_debugging\skiresort\bl.tests\bin\debug\net6.0\bl.tests.dll" id="a4893503-214d-dc35-2da9-7db7828c4dad">
      <Execution id="3786cb13-8869-459f-b88c-0d0825128d8c" />
      <TestMethod codeBase="C:\Users\alena\Desktop\7_sem\testing_and_debugging\SkiResort\BL.Tests\bin\Debug\net6.0\BL.Tests.dll" adapterTypeName="executor://xunit/VsTestRunner2/netcoreapp" className="BL.Tests.SlopesServiceTest" name="TestUpdateSlopeInfoAsync" />
    </UnitTest>
    <UnitTest name="BL.Tests.UsersServiceTests.TestLogInOk" storage="c:\users\alena\desktop\7_sem\testing_and_debugging\skiresort\bl.tests\bin\debug\net6.0\bl.tests.dll" id="1ca07ad8-f799-c5d4-e7cc-34fd950198a2">
      <Execution id="3855e1da-bd2b-48b5-a1bf-8498dcc1c5be" />
      <TestMethod codeBase="C:\Users\alena\Desktop\7_sem\testing_and_debugging\SkiResort\BL.Tests\bin\Debug\net6.0\BL.Tests.dll" adapterTypeName="executor://xunit/VsTestRunner2/netcoreapp" className="BL.Tests.UsersServiceTests" name="TestLogInOk" />
    </UnitTest>
    <UnitTest name="BL.Tests.LiftsSlopesServiceTests.TestAdminAddAutoIncrementLiftSlopeAsync(lift: Lift { LiftID = 84, LiftName = liftNamea6386e53-d1ca-4592-9de0-788868d14d22, IsOpen = True, SeatsAmount = 28, LiftingTime = 23, QueueTime = 95, ConnectedSlopes =  }, slope: Slope { SlopeID = 6, SlopeName = slopeName432fc49f-8b5a-4432-992e-358c5d7ebe9d, IsOpen = False, DifficultyLevel = 123, ConnectedLifts =  }, slopesRepositoryStub: Mock&lt;ISlopesRepository:3&gt;, lif..." storage="c:\users\alena\desktop\7_sem\testing_and_debugging\skiresort\bl.tests\bin\debug\net6.0\bl.tests.dll" id="ce0e7932-598e-c66a-d638-96139e9646db">
      <Execution id="fa908fb3-33d9-4ebe-be36-228080472ed4" />
      <TestMethod codeBase="C:\Users\alena\Desktop\7_sem\testing_and_debugging\SkiResort\BL.Tests\bin\Debug\net6.0\BL.Tests.dll" adapterTypeName="executor://xunit/VsTestRunner2/netcoreapp" className="BL.Tests.LiftsSlopesServiceTests" name="TestAdminAddAutoIncrementLiftSlopeAsync" />
    </UnitTest>
    <UnitTest name="BL.Tests.SlopesServiceTest.TestAdminDeleteSlopeAsync(userID: 39, slope: Slope { SlopeID = 146, SlopeName = slopeName78e15537-46bb-432b-bd7f-8f7bc4850469, IsOpen = True, DifficultyLevel = 168, ConnectedLifts =  }, checkPermissionServiceMock: Mock&lt;ICheckPermissionService:9&gt;, slopesRepositoryStub: Mock&lt;ISlopesRepository:7&gt;, liftsSlopesRepositoryStub: Mock&lt;ILiftsSlopesRepository:12&gt;, sut: SlopesService { })" storage="c:\users\alena\desktop\7_sem\testing_and_debugging\skiresort\bl.tests\bin\debug\net6.0\bl.tests.dll" id="c21c9e4f-a513-06e6-3f37-e9402f6d896a">
      <Execution id="a2a5a540-b1a7-4ea2-a75e-56a9bfd163d4" />
      <TestMethod codeBase="C:\Users\alena\Desktop\7_sem\testing_and_debugging\SkiResort\BL.Tests\bin\Debug\net6.0\BL.Tests.dll" adapterTypeName="executor://xunit/VsTestRunner2/netcoreapp" className="BL.Tests.SlopesServiceTest" name="TestAdminDeleteSlopeAsync" />
    </UnitTest>
    <UnitTest name="BL.Tests.UsersServiceTests.TestAdminGetUsers" storage="c:\users\alena\desktop\7_sem\testing_and_debugging\skiresort\bl.tests\bin\debug\net6.0\bl.tests.dll" id="20ad8570-0170-85de-dcd7-2f109dd7bcd6">
      <Execution id="7151c091-7a71-4b46-ac09-9b6040da294c" />
      <TestMethod codeBase="C:\Users\alena\Desktop\7_sem\testing_and_debugging\SkiResort\BL.Tests\bin\Debug\net6.0\BL.Tests.dll" adapterTypeName="executor://xunit/VsTestRunner2/netcoreapp" className="BL.Tests.UsersServiceTests" name="TestAdminGetUsers" />
    </UnitTest>
    <UnitTest name="BL.Tests.CheckPermissionsServiceTests.UnauthorizedHasNoAccessToAdminSkiPatrolFunctions(functionName: &quot;GetMessagesAsync&quot;)" storage="c:\users\alena\desktop\7_sem\testing_and_debugging\skiresort\bl.tests\bin\debug\net6.0\bl.tests.dll" id="229812f5-9a73-5335-11f5-31330d1348a5">
      <Execution id="fafc4ac0-3b3d-45c4-ba57-287c8d697a7b" />
      <TestMethod codeBase="C:\Users\alena\Desktop\7_sem\testing_and_debugging\SkiResort\BL.Tests\bin\Debug\net6.0\BL.Tests.dll" adapterTypeName="executor://xunit/VsTestRunner2/netcoreapp" className="BL.Tests.CheckPermissionsServiceTests" name="UnauthorizedHasNoAccessToAdminSkiPatrolFunctions" />
    </UnitTest>
    <UnitTest name="BL.Tests.LiftsServiceTest.TestAdminAddAutoIncrementLiftAsync(userID: 229, lift: Lift { LiftID = 101, LiftName = liftName0c984179-fcc2-44da-a94c-dec5ad7149b3, IsOpen = True, SeatsAmount = 163, LiftingTime = 118, QueueTime = 239, ConnectedSlopes =  }, checkPermissionServiceMock: Mock&lt;ICheckPermissionService:5&gt;, liftsRepositoryStub: Mock&lt;ILiftsRepository:5&gt;, sut: LiftsService { })" storage="c:\users\alena\desktop\7_sem\testing_and_debugging\skiresort\bl.tests\bin\debug\net6.0\bl.tests.dll" id="3fd8a471-0beb-ea38-2012-905a9f848527">
      <Execution id="83f9a815-616d-47ea-a3ae-dc97168630b9" />
      <TestMethod codeBase="C:\Users\alena\Desktop\7_sem\testing_and_debugging\SkiResort\BL.Tests\bin\Debug\net6.0\BL.Tests.dll" adapterTypeName="executor://xunit/VsTestRunner2/netcoreapp" className="BL.Tests.LiftsServiceTest" name="TestAdminAddAutoIncrementLiftAsync" />
    </UnitTest>
    <UnitTest name="BL.Tests.LiftsSlopesServiceTests.TestGetLiftsSlopesInfoAsync(liftsSlopes: [LiftSlope { RecordID = 135, LiftID = 76, SlopeID = 101 }, LiftSlope { RecordID = 153, LiftID = 81, SlopeID = 125 }, LiftSlope { RecordID = 222, LiftID = 57, SlopeID = 80 }], slopesRepositoryStub: Mock&lt;ISlopesRepository:1&gt;, liftsRepositoryStub: Mock&lt;ILiftsRepository:6&gt;, liftsSlopesRepositoryStub: Mock&lt;ILiftsSlopesRepository:6&gt;)" storage="c:\users\alena\desktop\7_sem\testing_and_debugging\skiresort\bl.tests\bin\debug\net6.0\bl.tests.dll" id="39be9b5e-0bc4-57dc-37d3-aec6b520299d">
      <Execution id="ad5b6d89-5882-408a-9a35-d433e7d579e5" />
      <TestMethod codeBase="C:\Users\alena\Desktop\7_sem\testing_and_debugging\SkiResort\BL.Tests\bin\Debug\net6.0\BL.Tests.dll" adapterTypeName="executor://xunit/VsTestRunner2/netcoreapp" className="BL.Tests.LiftsSlopesServiceTests" name="TestGetLiftsSlopesInfoAsync" />
    </UnitTest>
    <UnitTest name="BL.Tests.TurnstilesServiceTest.TestAdminGetTurnstileAsync(userID: 63, turnstile: Turnstile { TurnstileID = 252, LiftID = 197, IsOpen = True }, checkPermissionServiceMock: Mock&lt;ICheckPermissionService:12&gt;, turnstilesRepositoryStub: Mock&lt;ITurnstilesRepository:6&gt;, sut: TurnstilesService { })" storage="c:\users\alena\desktop\7_sem\testing_and_debugging\skiresort\bl.tests\bin\debug\net6.0\bl.tests.dll" id="b7c77d7d-aa4c-28a6-6243-c285db1678f9">
      <Execution id="916f94c3-8f60-4099-8c06-00af06a01ccb" />
      <TestMethod codeBase="C:\Users\alena\Desktop\7_sem\testing_and_debugging\SkiResort\BL.Tests\bin\Debug\net6.0\BL.Tests.dll" adapterTypeName="executor://xunit/VsTestRunner2/netcoreapp" className="BL.Tests.TurnstilesServiceTest" name="TestAdminGetTurnstileAsync" />
    </UnitTest>
    <UnitTest name="BL.Tests.SlopesServiceTest.TestAdminAddSlopeAsync(userID: 162, slope: Slope { SlopeID = 74, SlopeName = slopeName5f66fb6a-d6df-4d73-ac31-070112078656, IsOpen = True, DifficultyLevel = 8, ConnectedLifts =  }, checkPermissionServiceMock: Mock&lt;ICheckPermissionService:11&gt;, slopesRepositoryStub: Mock&lt;ISlopesRepository:9&gt;, sut: SlopesService { })" storage="c:\users\alena\desktop\7_sem\testing_and_debugging\skiresort\bl.tests\bin\debug\net6.0\bl.tests.dll" id="4c8753e9-b127-6f1b-7811-1b3f10cd49eb">
      <Execution id="f0005cf7-93a6-4022-bbf8-7926cebe1c9b" />
      <TestMethod codeBase="C:\Users\alena\Desktop\7_sem\testing_and_debugging\SkiResort\BL.Tests\bin\Debug\net6.0\BL.Tests.dll" adapterTypeName="executor://xunit/VsTestRunner2/netcoreapp" className="BL.Tests.SlopesServiceTest" name="TestAdminAddSlopeAsync" />
    </UnitTest>
    <UnitTest name="BL.Tests.CheckPermissionsServiceTests.AuthorizedHasNoAccessToAdminSkiPatrolFunctions(functionName: &quot;GetLiftsSlopesInfoAsync&quot;)" storage="c:\users\alena\desktop\7_sem\testing_and_debugging\skiresort\bl.tests\bin\debug\net6.0\bl.tests.dll" id="4f297306-d4f3-8d63-e7f4-1ac0b8c58c74">
      <Execution id="5c6697b4-0caa-48fb-849d-2723ab23d6cf" />
      <TestMethod codeBase="C:\Users\alena\Desktop\7_sem\testing_and_debugging\SkiResort\BL.Tests\bin\Debug\net6.0\BL.Tests.dll" adapterTypeName="executor://xunit/VsTestRunner2/netcoreapp" className="BL.Tests.CheckPermissionsServiceTests" name="AuthorizedHasNoAccessToAdminSkiPatrolFunctions" />
    </UnitTest>
    <UnitTest name="BL.Tests.UsersServiceTests.TestRegisterOk" storage="c:\users\alena\desktop\7_sem\testing_and_debugging\skiresort\bl.tests\bin\debug\net6.0\bl.tests.dll" id="0eeef75f-6e38-7893-a8fe-cff3e0a970a7">
      <Execution id="1cc4d45c-6580-4175-8318-b01018795b18" />
      <TestMethod codeBase="C:\Users\alena\Desktop\7_sem\testing_and_debugging\SkiResort\BL.Tests\bin\Debug\net6.0\BL.Tests.dll" adapterTypeName="executor://xunit/VsTestRunner2/netcoreapp" className="BL.Tests.UsersServiceTests" name="TestRegisterOk" />
    </UnitTest>
    <UnitTest name="BL.Tests.TurnstilesServiceTest.TestAdminDeleteTurnstileAsync(userID: 121, turnstile: Turnstile { TurnstileID = 62, LiftID = 157, IsOpen = True }, checkPermissionServiceMock: Mock&lt;ICheckPermissionService:15&gt;, turnstilesRepositoryStub: Mock&lt;ITurnstilesRepository:9&gt;, sut: TurnstilesService { })" storage="c:\users\alena\desktop\7_sem\testing_and_debugging\skiresort\bl.tests\bin\debug\net6.0\bl.tests.dll" id="dd50f206-4c68-2684-3728-b4efeb986b46">
      <Execution id="a4935e05-bf7e-4228-9a5d-f9982e3cba3b" />
      <TestMethod codeBase="C:\Users\alena\Desktop\7_sem\testing_and_debugging\SkiResort\BL.Tests\bin\Debug\net6.0\BL.Tests.dll" adapterTypeName="executor://xunit/VsTestRunner2/netcoreapp" className="BL.Tests.TurnstilesServiceTest" name="TestAdminDeleteTurnstileAsync" />
    </UnitTest>
    <UnitTest name="BL.Tests.TurnstilesServiceTest.TestAdminAddAutoIncrementTurnstileAsync(userID: 27, turnstile: Turnstile { TurnstileID = 21, LiftID = 199, IsOpen = True }, checkPermissionServiceMock: Mock&lt;ICheckPermissionService:16&gt;, turnstilesRepositoryStub: Mock&lt;ITurnstilesRepository:10&gt;, sut: TurnstilesService { })" storage="c:\users\alena\desktop\7_sem\testing_and_debugging\skiresort\bl.tests\bin\debug\net6.0\bl.tests.dll" id="7a3b81d9-16c8-99a0-538d-9eefa477f043">
      <Execution id="5b994bca-ef80-43e2-a335-e9864fe899e0" />
      <TestMethod codeBase="C:\Users\alena\Desktop\7_sem\testing_and_debugging\SkiResort\BL.Tests\bin\Debug\net6.0\BL.Tests.dll" adapterTypeName="executor://xunit/VsTestRunner2/netcoreapp" className="BL.Tests.TurnstilesServiceTest" name="TestAdminAddAutoIncrementTurnstileAsync" />
    </UnitTest>
    <UnitTest name="BL.Tests.LiftsSlopesServiceTests.TestAdminDeleteLiftSlopeAsync(lift: Lift { LiftID = 64, LiftName = liftName8577209e-8a1f-4fd5-ab11-dfce70fa3fc1, IsOpen = True, SeatsAmount = 66, LiftingTime = 4, QueueTime = 21, ConnectedSlopes =  }, slope: Slope { SlopeID = 230, SlopeName = slopeName7a07f03d-bff8-4b87-8276-dde1d2c8a4b5, IsOpen = False, DifficultyLevel = 132, ConnectedLifts =  }, slopesRepositoryStub: Mock&lt;ISlopesRepository:2&gt;, liftsReposit..." storage="c:\users\alena\desktop\7_sem\testing_and_debugging\skiresort\bl.tests\bin\debug\net6.0\bl.tests.dll" id="9120b681-e0fe-70a0-53c6-61732cde64b6">
      <Execution id="4ec21aa1-fc6f-4b14-b337-d0cd132fe028" />
      <TestMethod codeBase="C:\Users\alena\Desktop\7_sem\testing_and_debugging\SkiResort\BL.Tests\bin\Debug\net6.0\BL.Tests.dll" adapterTypeName="executor://xunit/VsTestRunner2/netcoreapp" className="BL.Tests.LiftsSlopesServiceTests" name="TestAdminDeleteLiftSlopeAsync" />
    </UnitTest>
    <UnitTest name="BL.Tests.CheckPermissionsServiceTests.AuthorizedHasAccessToAuthorizedFunctions(functionName: &quot;SendMessageAsync&quot;)" storage="c:\users\alena\desktop\7_sem\testing_and_debugging\skiresort\bl.tests\bin\debug\net6.0\bl.tests.dll" id="644ec43e-70cd-c82d-42e7-0d990be1414d">
      <Execution id="29eea421-a1be-4d97-8ac7-6d97f78cb939" />
      <TestMethod codeBase="C:\Users\alena\Desktop\7_sem\testing_and_debugging\SkiResort\BL.Tests\bin\Debug\net6.0\BL.Tests.dll" adapterTypeName="executor://xunit/VsTestRunner2/netcoreapp" className="BL.Tests.CheckPermissionsServiceTests" name="AuthorizedHasAccessToAuthorizedFunctions" />
    </UnitTest>
    <UnitTest name="BL.Tests.LiftsServiceTest.TestGetLiftInfoAsync(userID: 238, lift: Lift { LiftID = 86, LiftName = liftName8991bad3-32d3-4948-86e1-daf849f16909, IsOpen = True, SeatsAmount = 31, LiftingTime = 135, QueueTime = 193, ConnectedSlopes =  }, checkPermissionServiceMock: Mock&lt;ICheckPermissionService:1&gt;, liftsRepositoryStub: Mock&lt;ILiftsRepository:1&gt;, liftsSlopesRepositoryStub: Mock&lt;ILiftsSlopesRepository:1&gt;, sut: LiftsService { })" storage="c:\users\alena\desktop\7_sem\testing_and_debugging\skiresort\bl.tests\bin\debug\net6.0\bl.tests.dll" id="a17300eb-baf3-5b1f-f074-b049d9f87cb6">
      <Execution id="338911f6-cacf-42b8-aad6-f92a5c8cfdb0" />
      <TestMethod codeBase="C:\Users\alena\Desktop\7_sem\testing_and_debugging\SkiResort\BL.Tests\bin\Debug\net6.0\BL.Tests.dll" adapterTypeName="executor://xunit/VsTestRunner2/netcoreapp" className="BL.Tests.LiftsServiceTest" name="TestGetLiftInfoAsync" />
    </UnitTest>
    <UnitTest name="BL.Tests.TurnstilesServiceTest.TestAdminGetTurnstilesAsync(userID: 224, initialTurnstiles: [Turnstile { TurnstileID = 155, LiftID = 159, IsOpen = True }, Turnstile { TurnstileID = 9, LiftID = 66, IsOpen = False }, Turnstile { TurnstileID = 56, LiftID = 132, IsOpen = True }], checkPermissionServiceMock: Mock&lt;ICheckPermissionService:13&gt;, turnstilesRepositoryStub: Mock&lt;ITurnstilesRepository:7&gt;, sut: TurnstilesService { })" storage="c:\users\alena\desktop\7_sem\testing_and_debugging\skiresort\bl.tests\bin\debug\net6.0\bl.tests.dll" id="87b2caa0-cc69-5e3e-ac8f-ec8afe55239b">
      <Execution id="0cc04b5a-c356-470c-a2a1-b281c0cedc48" />
      <TestMethod codeBase="C:\Users\alena\Desktop\7_sem\testing_and_debugging\SkiResort\BL.Tests\bin\Debug\net6.0\BL.Tests.dll" adapterTypeName="executor://xunit/VsTestRunner2/netcoreapp" className="BL.Tests.TurnstilesServiceTest" name="TestAdminGetTurnstilesAsync" />
    </UnitTest>
    <UnitTest name="BL.Tests.TurnstilesServiceTest.TestAdminUpdateTurnstileAsync(userID: 179, turnstile: Turnstile { TurnstileID = 133, LiftID = 6, IsOpen = True }, checkPermissionServiceMock: Mock&lt;ICheckPermissionService:14&gt;, turnstilesRepositoryStub: Mock&lt;ITurnstilesRepository:8&gt;, sut: TurnstilesService { })" storage="c:\users\alena\desktop\7_sem\testing_and_debugging\skiresort\bl.tests\bin\debug\net6.0\bl.tests.dll" id="e913fbf9-d7e7-6538-a606-d6d384a09dc0">
      <Execution id="80e503e9-ccc6-425e-8c2a-0825bd677e22" />
      <TestMethod codeBase="C:\Users\alena\Desktop\7_sem\testing_and_debugging\SkiResort\BL.Tests\bin\Debug\net6.0\BL.Tests.dll" adapterTypeName="executor://xunit/VsTestRunner2/netcoreapp" className="BL.Tests.TurnstilesServiceTest" name="TestAdminUpdateTurnstileAsync" />
    </UnitTest>
    <UnitTest name="BL.Tests.CheckPermissionsServiceTests.UnauthorizedHasNoAccessToAuthorizedFunctions(functionName: &quot;LogOutAsync&quot;)" storage="c:\users\alena\desktop\7_sem\testing_and_debugging\skiresort\bl.tests\bin\debug\net6.0\bl.tests.dll" id="fa960c5e-f989-2880-784e-8efe538c5231">
      <Execution id="ad55ae92-a65a-4535-a89c-ab5b5d976dbc" />
      <TestMethod codeBase="C:\Users\alena\Desktop\7_sem\testing_and_debugging\SkiResort\BL.Tests\bin\Debug\net6.0\BL.Tests.dll" adapterTypeName="executor://xunit/VsTestRunner2/netcoreapp" className="BL.Tests.CheckPermissionsServiceTests" name="UnauthorizedHasNoAccessToAuthorizedFunctions" />
    </UnitTest>
    <UnitTest name="BL.Tests.CheckPermissionsServiceTests.UnauthorizedHasNoAccessToAuthorizedFunctions(functionName: &quot;SendMessageAsync&quot;)" storage="c:\users\alena\desktop\7_sem\testing_and_debugging\skiresort\bl.tests\bin\debug\net6.0\bl.tests.dll" id="eaabd2fc-2f4b-5689-59c8-c7ad34a8f634">
      <Execution id="894a4372-8bcb-4c90-b841-b9bdf5feac3a" />
      <TestMethod codeBase="C:\Users\alena\Desktop\7_sem\testing_and_debugging\SkiResort\BL.Tests\bin\Debug\net6.0\BL.Tests.dll" adapterTypeName="executor://xunit/VsTestRunner2/netcoreapp" className="BL.Tests.CheckPermissionsServiceTests" name="UnauthorizedHasNoAccessToAuthorizedFunctions" />
    </UnitTest>
    <UnitTest name="BL.Tests.UsersServiceTests.TestRegisterUserWithRepeatedEmail" storage="c:\users\alena\desktop\7_sem\testing_and_debugging\skiresort\bl.tests\bin\debug\net6.0\bl.tests.dll" id="894941c1-bfa7-d8f9-c047-1e1ceefe2c2f">
      <Execution id="c8c1f77e-52aa-4735-beda-e0aa94cfa98f" />
      <TestMethod codeBase="C:\Users\alena\Desktop\7_sem\testing_and_debugging\SkiResort\BL.Tests\bin\Debug\net6.0\BL.Tests.dll" adapterTypeName="executor://xunit/VsTestRunner2/netcoreapp" className="BL.Tests.UsersServiceTests" name="TestRegisterUserWithRepeatedEmail" />
    </UnitTest>
    <UnitTest name="BL.Tests.UsersServiceTests.TestRegisterUserWithNoEmail" storage="c:\users\alena\desktop\7_sem\testing_and_debugging\skiresort\bl.tests\bin\debug\net6.0\bl.tests.dll" id="8184bd30-991c-b78d-b4ec-99a485eac0dd">
      <Execution id="f81b4f15-3ca1-4278-aa13-b8643abcda68" />
      <TestMethod codeBase="C:\Users\alena\Desktop\7_sem\testing_and_debugging\SkiResort\BL.Tests\bin\Debug\net6.0\BL.Tests.dll" adapterTypeName="executor://xunit/VsTestRunner2/netcoreapp" className="BL.Tests.UsersServiceTests" name="TestRegisterUserWithNoEmail" />
    </UnitTest>
  </TestDefinitions>
  <TestEntries>
    <TestEntry testId="dfd0b5fb-267d-c6e6-1d47-3bc8ae87ff03" executionId="31490bf2-3f72-4156-9394-e297062f804e" testListId="8c84fa94-04c1-424b-9868-57a2d4851a1d" />
    <TestEntry testId="d7fd2283-e1cc-9e7a-0fbf-328b43543241" executionId="b3d90873-265e-4730-8c7d-7c6fae17e087" testListId="8c84fa94-04c1-424b-9868-57a2d4851a1d" />
    <TestEntry testId="06d0bc3a-24a0-fb7f-4277-e9ae6d21c7dd" executionId="2cc299fd-8b86-48fc-883f-1b834578a24c" testListId="8c84fa94-04c1-424b-9868-57a2d4851a1d" />
    <TestEntry testId="a4893503-214d-dc35-2da9-7db7828c4dad" executionId="3786cb13-8869-459f-b88c-0d0825128d8c" testListId="8c84fa94-04c1-424b-9868-57a2d4851a1d" />
    <TestEntry testId="492c0393-35b4-df26-a537-21ca08302f3c" executionId="55a92f99-e898-4ea9-aecb-c18ce7385c92" testListId="8c84fa94-04c1-424b-9868-57a2d4851a1d" />
    <TestEntry testId="39be9b5e-0bc4-57dc-37d3-aec6b520299d" executionId="ad5b6d89-5882-408a-9a35-d433e7d579e5" testListId="8c84fa94-04c1-424b-9868-57a2d4851a1d" />
    <TestEntry testId="4c8753e9-b127-6f1b-7811-1b3f10cd49eb" executionId="f0005cf7-93a6-4022-bbf8-7926cebe1c9b" testListId="8c84fa94-04c1-424b-9868-57a2d4851a1d" />
    <TestEntry testId="2d706594-f2b3-b3c8-21d4-86c9798c3306" executionId="19eb759f-a6f6-4692-b532-37b86bdc9836" testListId="8c84fa94-04c1-424b-9868-57a2d4851a1d" />
    <TestEntry testId="8184bd30-991c-b78d-b4ec-99a485eac0dd" executionId="f81b4f15-3ca1-4278-aa13-b8643abcda68" testListId="8c84fa94-04c1-424b-9868-57a2d4851a1d" />
    <TestEntry testId="2602613f-c8e2-a6d9-fcf7-5b27d4a770a6" executionId="e5aff473-71c3-4899-be7d-a9bd7c66f8d7" testListId="8c84fa94-04c1-424b-9868-57a2d4851a1d" />
    <TestEntry testId="a2e59116-cb53-1d70-9cb8-21c286516866" executionId="a3b8861b-3f4a-4541-a956-6255a121f5d4" testListId="8c84fa94-04c1-424b-9868-57a2d4851a1d" />
    <TestEntry testId="f44a1b21-8efc-bfac-63b4-d534442def31" executionId="0e036924-c3a2-4d87-b474-41c489f72590" testListId="8c84fa94-04c1-424b-9868-57a2d4851a1d" />
    <TestEntry testId="20ad8570-0170-85de-dcd7-2f109dd7bcd6" executionId="7151c091-7a71-4b46-ac09-9b6040da294c" testListId="8c84fa94-04c1-424b-9868-57a2d4851a1d" />
    <TestEntry testId="69340bb6-3645-f9dd-971e-29d8b2a009bb" executionId="538c7757-70a6-4a24-9207-802f58577a90" testListId="8c84fa94-04c1-424b-9868-57a2d4851a1d" />
    <TestEntry testId="9120b681-e0fe-70a0-53c6-61732cde64b6" executionId="4ec21aa1-fc6f-4b14-b337-d0cd132fe028" testListId="8c84fa94-04c1-424b-9868-57a2d4851a1d" />
    <TestEntry testId="e913fbf9-d7e7-6538-a606-d6d384a09dc0" executionId="80e503e9-ccc6-425e-8c2a-0825bd677e22" testListId="8c84fa94-04c1-424b-9868-57a2d4851a1d" />
    <TestEntry testId="3fd8a471-0beb-ea38-2012-905a9f848527" executionId="83f9a815-616d-47ea-a3ae-dc97168630b9" testListId="8c84fa94-04c1-424b-9868-57a2d4851a1d" />
    <TestEntry testId="7a3b81d9-16c8-99a0-538d-9eefa477f043" executionId="5b994bca-ef80-43e2-a335-e9864fe899e0" testListId="8c84fa94-04c1-424b-9868-57a2d4851a1d" />
    <TestEntry testId="87b2caa0-cc69-5e3e-ac8f-ec8afe55239b" executionId="0cc04b5a-c356-470c-a2a1-b281c0cedc48" testListId="8c84fa94-04c1-424b-9868-57a2d4851a1d" />
    <TestEntry testId="9c7df5e2-1b23-ebea-889f-b78ca86b60ab" executionId="396bc60e-d1fe-438e-a8d8-c7149d993957" testListId="8c84fa94-04c1-424b-9868-57a2d4851a1d" />
    <TestEntry testId="de48fb0b-e1e0-b8dd-a9eb-5ed0e0f64089" executionId="6f5f32aa-5194-4fd8-b8cd-7fc316f0b604" testListId="8c84fa94-04c1-424b-9868-57a2d4851a1d" />
    <TestEntry testId="60bd668f-04df-da5e-b79b-5d9aedb5234d" executionId="335432e5-a4a4-4ec4-aa3a-25c925b745cf" testListId="8c84fa94-04c1-424b-9868-57a2d4851a1d" />
    <TestEntry testId="e2d7e5be-3dae-33ae-fb17-c704b6fd58d6" executionId="1a5be61d-ad32-4595-be35-d13ba98ec86f" testListId="8c84fa94-04c1-424b-9868-57a2d4851a1d" />
    <TestEntry testId="32a3e824-1685-7d74-8274-7e461d169d23" executionId="424e5404-68d1-4c9e-a037-998fb8fab663" testListId="8c84fa94-04c1-424b-9868-57a2d4851a1d" />
    <TestEntry testId="f3efc418-a8a6-c7b7-9bac-90b33aa8472f" executionId="6371bb16-4b44-4008-983e-152812961e27" testListId="8c84fa94-04c1-424b-9868-57a2d4851a1d" />
    <TestEntry testId="07398b29-bac6-16ad-bb0d-72be1fb68f46" executionId="604cd4d0-2aee-44f0-9ff1-32f8e7617be1" testListId="8c84fa94-04c1-424b-9868-57a2d4851a1d" />
    <TestEntry testId="a17300eb-baf3-5b1f-f074-b049d9f87cb6" executionId="338911f6-cacf-42b8-aad6-f92a5c8cfdb0" testListId="8c84fa94-04c1-424b-9868-57a2d4851a1d" />
    <TestEntry testId="387c9729-48c1-486e-5e67-f5d11a9f0db8" executionId="e51a9650-2844-40c2-bc25-d74cf952c9cb" testListId="8c84fa94-04c1-424b-9868-57a2d4851a1d" />
    <TestEntry testId="f0340a8a-db06-b734-9e2d-b63d54a03cbd" executionId="8c80d003-ed0e-4110-bbb1-eda4c30ce212" testListId="8c84fa94-04c1-424b-9868-57a2d4851a1d" />
    <TestEntry testId="834c739b-eca4-b36d-6a66-5a1bd75377b8" executionId="b6215617-e30b-4fc4-9078-8cee21c0a682" testListId="8c84fa94-04c1-424b-9868-57a2d4851a1d" />
    <TestEntry testId="e5497347-2721-b7a6-0bd4-69a9921f6947" executionId="d07ce523-f09f-4055-8f2e-a24654149f8c" testListId="8c84fa94-04c1-424b-9868-57a2d4851a1d" />
    <TestEntry testId="aa28a6b3-21d3-aa45-24d3-bef2facbc899" executionId="25015625-0d0c-4c39-89ad-e51889e2db89" testListId="8c84fa94-04c1-424b-9868-57a2d4851a1d" />
    <TestEntry testId="fa960c5e-f989-2880-784e-8efe538c5231" executionId="ad55ae92-a65a-4535-a89c-ab5b5d976dbc" testListId="8c84fa94-04c1-424b-9868-57a2d4851a1d" />
    <TestEntry testId="229812f5-9a73-5335-11f5-31330d1348a5" executionId="fafc4ac0-3b3d-45c4-ba57-287c8d697a7b" testListId="8c84fa94-04c1-424b-9868-57a2d4851a1d" />
    <TestEntry testId="c36970dc-93f7-753e-fa47-157133b01644" executionId="484436f7-ff91-4280-807e-f114e92c2932" testListId="8c84fa94-04c1-424b-9868-57a2d4851a1d" />
    <TestEntry testId="644ec43e-70cd-c82d-42e7-0d990be1414d" executionId="29eea421-a1be-4d97-8ac7-6d97f78cb939" testListId="8c84fa94-04c1-424b-9868-57a2d4851a1d" />
    <TestEntry testId="eaabd2fc-2f4b-5689-59c8-c7ad34a8f634" executionId="894a4372-8bcb-4c90-b841-b9bdf5feac3a" testListId="8c84fa94-04c1-424b-9868-57a2d4851a1d" />
    <TestEntry testId="894941c1-bfa7-d8f9-c047-1e1ceefe2c2f" executionId="c8c1f77e-52aa-4735-beda-e0aa94cfa98f" testListId="8c84fa94-04c1-424b-9868-57a2d4851a1d" />
    <TestEntry testId="ce0e7932-598e-c66a-d638-96139e9646db" executionId="fa908fb3-33d9-4ebe-be36-228080472ed4" testListId="8c84fa94-04c1-424b-9868-57a2d4851a1d" />
    <TestEntry testId="18fa8c62-e27d-e1fc-8182-4d7db62b008d" executionId="4a28d985-2c39-4a46-b483-592a0b3009fb" testListId="8c84fa94-04c1-424b-9868-57a2d4851a1d" />
    <TestEntry testId="a19a5fcf-c5d2-7d44-5d7d-84403042f4e0" executionId="97c1e11e-60d0-43d4-a79e-ce8487a257c5" testListId="8c84fa94-04c1-424b-9868-57a2d4851a1d" />
    <TestEntry testId="4f297306-d4f3-8d63-e7f4-1ac0b8c58c74" executionId="5c6697b4-0caa-48fb-849d-2723ab23d6cf" testListId="8c84fa94-04c1-424b-9868-57a2d4851a1d" />
    <TestEntry testId="b7c77d7d-aa4c-28a6-6243-c285db1678f9" executionId="916f94c3-8f60-4099-8c06-00af06a01ccb" testListId="8c84fa94-04c1-424b-9868-57a2d4851a1d" />
    <TestEntry testId="0eeef75f-6e38-7893-a8fe-cff3e0a970a7" executionId="1cc4d45c-6580-4175-8318-b01018795b18" testListId="8c84fa94-04c1-424b-9868-57a2d4851a1d" />
    <TestEntry testId="c21c9e4f-a513-06e6-3f37-e9402f6d896a" executionId="a2a5a540-b1a7-4ea2-a75e-56a9bfd163d4" testListId="8c84fa94-04c1-424b-9868-57a2d4851a1d" />
    <TestEntry testId="dd50f206-4c68-2684-3728-b4efeb986b46" executionId="a4935e05-bf7e-4228-9a5d-f9982e3cba3b" testListId="8c84fa94-04c1-424b-9868-57a2d4851a1d" />
    <TestEntry testId="1ca07ad8-f799-c5d4-e7cc-34fd950198a2" executionId="3855e1da-bd2b-48b5-a1bf-8498dcc1c5be" testListId="8c84fa94-04c1-424b-9868-57a2d4851a1d" />
  </TestEntries>
  <TestLists>
    <TestList name="Список результатов" id="8c84fa94-04c1-424b-9868-57a2d4851a1d" />
    <TestList name="Все загруженные результаты" id="19431567-8539-422a-85d7-44ee4e166bda" />
  </TestLists>
  <ResultSummary outcome="Completed">
    <Counters total="47" executed="47" passed="47" failed="0" error="0" timeout="0" aborted="0" inconclusive="0" passedButRunAborted="0" notRunnable="0" notExecuted="0" disconnected="0" warning="0" completed="0" inProgress="0" pending="0" />
    <Output>
      <StdOut>[xUnit.net 00:00:00.00] xUnit.net VSTest Adapter v2.4.5+1caef2f33e (64-bit .NET 6.0.3)&#xD;
[xUnit.net 00:00:00.48]   Discovering: BL.Tests&#xD;
[xUnit.net 00:00:00.68]   Discovered:  BL.Tests&#xD;
[xUnit.net 00:00:00.68]   Starting:    BL.Tests&#xD;
[xUnit.net 00:00:00.92]   Finished:    BL.Tests&#xD;
</StdOut>
    </Output>
  </ResultSummary>
</TestRun>