<?xml version="1.0" encoding="utf-8"?>
<TestRun id="736ce768-ebf9-4237-be41-f3221193d4bd" name="alena@DESKTOP-TJ9D65N 2022-10-15 20:03:53" runUser="DESKTOP-TJ9D65N\alena" xmlns="http://microsoft.com/schemas/VisualStudio/TeamTest/2010">
  <Times creation="2022-10-15T20:03:53.2663920+03:00" queuing="2022-10-15T20:03:53.2663922+03:00" start="2022-10-15T20:03:51.8455486+03:00" finish="2022-10-15T20:03:53.3191103+03:00" />
  <TestSettings name="default" id="a89d62d7-da03-449f-a4f9-7befefa05e58">
    <Deployment runDeploymentRoot="alena_DESKTOP-TJ9D65N_2022-10-15_20_03_53" />
  </TestSettings>
  <Results>
    <UnitTestResult executionId="cac9c0d2-333c-4499-82c6-11bb0fc3e21f" testId="6f9a6964-9153-9f02-77d5-3f34932c3014" testName="BL.Tests.TurnstilesServiceTest.TestAdminDeleteTurnstileAsync(userID: 57, turnstile: Turnstile { TurnstileID = 141, LiftID = 132, IsOpen = True }, checkPermissionServiceMock: Mock&lt;ICheckPermissionService:15&gt;, turnstilesRepositoryStub: Mock&lt;ITurnstilesRepository:9&gt;, sut: TurnstilesService { })" computerName="DESKTOP-TJ9D65N" duration="00:00:00.0301555" startTime="2022-10-15T20:03:53.1353260+03:00" endTime="2022-10-15T20:03:53.1353260+03:00" testType="13cdc9d9-ddb5-4fa4-a97d-d965ccfc6d4b" outcome="Passed" testListId="8c84fa94-04c1-424b-9868-57a2d4851a1d" relativeResultsDirectory="cac9c0d2-333c-4499-82c6-11bb0fc3e21f" />
    <UnitTestResult executionId="fd52e4f7-0a96-4670-a693-c3ed80824366" testId="3428fca4-c0e0-7c94-7893-87e25afd3f7c" testName="BL.Tests.SlopesServiceTest.TestGetSlopesInfoAsync(userID: 55, initialSlopes: [Slope { SlopeID = 78, SlopeName = slopeName8f0d22e7-791f-491e-ab12-761acf89336a, IsOpen = True, DifficultyLevel = 20, ConnectedLifts =  }, Slope { SlopeID = 182, SlopeName = slopeName46a2f21f-dd49-4622-9e28-3a45acf66845, IsOpen = False, DifficultyLevel = 229, ConnectedLifts =  }, Slope { SlopeID = 109, SlopeName = slopeName6d1cc9c1-d91f-4365-9315-39c6b3744632, IsOpen = True, DifficultyLevel = 76, ConnectedLifts =  }], checkPermissionServiceMock: Mock&lt;ICheckPermissionService:7&gt;, slopesRepositoryStub: Mock&lt;ISlopesRepository:5&gt;, liftsSlopesRepositoryStub: Mock&lt;ILiftsSlopesRepository:10&gt;, sut: SlopesService { })" computerName="DESKTOP-TJ9D65N" duration="00:00:00.0099988" startTime="2022-10-15T20:03:53.2236629+03:00" endTime="2022-10-15T20:03:53.2236629+03:00" testType="13cdc9d9-ddb5-4fa4-a97d-d965ccfc6d4b" outcome="Passed" testListId="8c84fa94-04c1-424b-9868-57a2d4851a1d" relativeResultsDirectory="fd52e4f7-0a96-4670-a693-c3ed80824366" />
    <UnitTestResult executionId="7d235a44-9b07-4e4d-9d7b-0fe6914eb016" testId="a19a5fcf-c5d2-7d44-5d7d-84403042f4e0" testName="BL.Tests.CheckPermissionsServiceTests.UnauthorizedHasNoAccessToAdminSkiPatrolFunctions(functionName: &quot;MarkMessageReadByUserAsync&quot;)" computerName="DESKTOP-TJ9D65N" duration="00:00:00.0301064" startTime="2022-10-15T20:03:53.1352434+03:00" endTime="2022-10-15T20:03:53.1352436+03:00" testType="13cdc9d9-ddb5-4fa4-a97d-d965ccfc6d4b" outcome="Passed" testListId="8c84fa94-04c1-424b-9868-57a2d4851a1d" relativeResultsDirectory="7d235a44-9b07-4e4d-9d7b-0fe6914eb016" />
    <UnitTestResult executionId="56c3ca5b-e2a4-456d-bde2-98fb3c08b130" testId="69340bb6-3645-f9dd-971e-29d8b2a009bb" testName="BL.Tests.UsersServiceTests.TestLogInWithWrongPassword" computerName="DESKTOP-TJ9D65N" duration="00:00:00.0030476" startTime="2022-10-15T20:03:53.2276934+03:00" endTime="2022-10-15T20:03:53.2276934+03:00" testType="13cdc9d9-ddb5-4fa4-a97d-d965ccfc6d4b" outcome="Passed" testListId="8c84fa94-04c1-424b-9868-57a2d4851a1d" relativeResultsDirectory="56c3ca5b-e2a4-456d-bde2-98fb3c08b130" />
    <UnitTestResult executionId="67974dde-564c-4c86-8f44-a30a2da0322e" testId="1ca07ad8-f799-c5d4-e7cc-34fd950198a2" testName="BL.Tests.UsersServiceTests.TestLogInOk" computerName="DESKTOP-TJ9D65N" duration="00:00:00.0027857" startTime="2022-10-15T20:03:53.2267029+03:00" endTime="2022-10-15T20:03:53.2267029+03:00" testType="13cdc9d9-ddb5-4fa4-a97d-d965ccfc6d4b" outcome="Passed" testListId="8c84fa94-04c1-424b-9868-57a2d4851a1d" relativeResultsDirectory="67974dde-564c-4c86-8f44-a30a2da0322e" />
    <UnitTestResult executionId="e8aa3dd2-ebed-4638-adf4-d3b43393a88c" testId="9c7df5e2-1b23-ebea-889f-b78ca86b60ab" testName="BL.Tests.CheckPermissionsServiceTests.AuthorizedHasNoAccessToAdminSkiPatrolFunctions(functionName: &quot;MarkMessageReadByUserAsync&quot;)" computerName="DESKTOP-TJ9D65N" duration="00:00:00.0016311" startTime="2022-10-15T20:03:53.2277315+03:00" endTime="2022-10-15T20:03:53.2277316+03:00" testType="13cdc9d9-ddb5-4fa4-a97d-d965ccfc6d4b" outcome="Passed" testListId="8c84fa94-04c1-424b-9868-57a2d4851a1d" relativeResultsDirectory="e8aa3dd2-ebed-4638-adf4-d3b43393a88c" />
    <UnitTestResult executionId="aadc7464-dbc4-4e43-90ac-a43530baba16" testId="387c9729-48c1-486e-5e67-f5d11a9f0db8" testName="BL.Tests.CheckPermissionsServiceTests.UnauthorizedHasNoAccessToAdminSkiPatrolFunctions(functionName: &quot;GetLiftsSlopesInfoAsync&quot;)" computerName="DESKTOP-TJ9D65N" duration="00:00:00.0010584" startTime="2022-10-15T20:03:53.2208372+03:00" endTime="2022-10-15T20:03:53.2208374+03:00" testType="13cdc9d9-ddb5-4fa4-a97d-d965ccfc6d4b" outcome="Passed" testListId="8c84fa94-04c1-424b-9868-57a2d4851a1d" relativeResultsDirectory="aadc7464-dbc4-4e43-90ac-a43530baba16" />
    <UnitTestResult executionId="7e0cf361-14c8-4145-83a2-27399288e5b6" testId="20ad8570-0170-85de-dcd7-2f109dd7bcd6" testName="BL.Tests.UsersServiceTests.TestAdminGetUsers" computerName="DESKTOP-TJ9D65N" duration="00:00:00.0368404" startTime="2022-10-15T20:03:53.1353806+03:00" endTime="2022-10-15T20:03:53.1353807+03:00" testType="13cdc9d9-ddb5-4fa4-a97d-d965ccfc6d4b" outcome="Passed" testListId="8c84fa94-04c1-424b-9868-57a2d4851a1d" relativeResultsDirectory="7e0cf361-14c8-4145-83a2-27399288e5b6" />
    <UnitTestResult executionId="2ece2b46-880c-4a6d-b733-e9335ac07565" testId="f3efc418-a8a6-c7b7-9bac-90b33aa8472f" testName="BL.Tests.CheckPermissionsServiceTests.AdminHasAccessToAllFunctions" computerName="DESKTOP-TJ9D65N" duration="00:00:00.0015286" startTime="2022-10-15T20:03:53.2528089+03:00" endTime="2022-10-15T20:03:53.2528091+03:00" testType="13cdc9d9-ddb5-4fa4-a97d-d965ccfc6d4b" outcome="Passed" testListId="8c84fa94-04c1-424b-9868-57a2d4851a1d" relativeResultsDirectory="2ece2b46-880c-4a6d-b733-e9335ac07565" />
    <UnitTestResult executionId="b33be889-d150-458b-8c24-47d13ed984df" testId="6cc6e11a-8e84-63e4-821f-e13326b095bd" testName="BL.Tests.SlopesServiceTest.TestAdminDeleteSlopeAsync(userID: 171, slope: Slope { SlopeID = 246, SlopeName = slopeNamec9156d96-b20c-43bf-8036-b93c61f25d62, IsOpen = True, DifficultyLevel = 42, ConnectedLifts =  }, checkPermissionServiceMock: Mock&lt;ICheckPermissionService:9&gt;, slopesRepositoryStub: Mock&lt;ISlopesRepository:7&gt;, liftsSlopesRepositoryStub: Mock&lt;ILiftsSlopesRepository:12&gt;, sut: SlopesService { })" computerName="DESKTOP-TJ9D65N" duration="00:00:00.0109693" startTime="2022-10-15T20:03:53.2214579+03:00" endTime="2022-10-15T20:03:53.2214580+03:00" testType="13cdc9d9-ddb5-4fa4-a97d-d965ccfc6d4b" outcome="Passed" testListId="8c84fa94-04c1-424b-9868-57a2d4851a1d" relativeResultsDirectory="b33be889-d150-458b-8c24-47d13ed984df" />
    <UnitTestResult executionId="45cafa7c-0967-4bf9-9eaf-615e2700b55c" testId="d12b73d3-6c67-02a8-7e6e-a7696ca5954b" testName="BL.Tests.LiftsServiceTest.TestAdminDeleteLiftAsync(userID: 157, lift: Lift { LiftID = 111, LiftName = liftName41dce06c-8ee7-4063-a434-ed3e788dec6f, IsOpen = True, SeatsAmount = 227, LiftingTime = 87, QueueTime = 37, ConnectedSlopes =  }, checkPermissionServiceMock: Mock&lt;ICheckPermissionService:4&gt;, liftsRepositoryStub: Mock&lt;ILiftsRepository:4&gt;, liftsSlopesRepositoryStub: Mock&lt;ILiftsSlopesRepository:4&gt;, sut: LiftsService { })" computerName="DESKTOP-TJ9D65N" duration="00:00:00.0164422" startTime="2022-10-15T20:03:53.2233544+03:00" endTime="2022-10-15T20:03:53.2233546+03:00" testType="13cdc9d9-ddb5-4fa4-a97d-d965ccfc6d4b" outcome="Passed" testListId="8c84fa94-04c1-424b-9868-57a2d4851a1d" relativeResultsDirectory="45cafa7c-0967-4bf9-9eaf-615e2700b55c" />
    <UnitTestResult executionId="13dbfe74-1457-4abc-a3ca-5a0e07b850ad" testId="ca4cd34c-f637-b1cd-d612-d77891c5cc61" testName="BL.Tests.LiftsSlopesServiceTests.TestAdminDeleteLiftSlopeAsync(lift: Lift { LiftID = 69, LiftName = liftNamed06a73f7-fd7d-453b-86f3-8cd333466eb1, IsOpen = True, SeatsAmount = 193, LiftingTime = 41, QueueTime = 145, ConnectedSlopes =  }, slope: Slope { SlopeID = 237, SlopeName = slopeNamea9a11272-3886-4d2d-8a50-f3dab5b38d26, IsOpen = False, DifficultyLevel = 127, ConnectedLifts =  }, slopesRepositoryStub: Mock&lt;ISlopesRepository:2&gt;, liftsRepositoryStub: Mock&lt;ILiftsRepository:7&gt;, liftsSlopesRepositoryStub: Mock&lt;ILiftsSlopesRepository:7&gt;)" computerName="DESKTOP-TJ9D65N" duration="00:00:00.0301024" startTime="2022-10-15T20:03:53.1353093+03:00" endTime="2022-10-15T20:03:53.1353094+03:00" testType="13cdc9d9-ddb5-4fa4-a97d-d965ccfc6d4b" outcome="Passed" testListId="8c84fa94-04c1-424b-9868-57a2d4851a1d" relativeResultsDirectory="13dbfe74-1457-4abc-a3ca-5a0e07b850ad" />
    <UnitTestResult executionId="12efa1ec-2e62-4fd1-8b7e-31c7d38d1f16" testId="229812f5-9a73-5335-11f5-31330d1348a5" testName="BL.Tests.CheckPermissionsServiceTests.UnauthorizedHasNoAccessToAdminSkiPatrolFunctions(functionName: &quot;GetMessagesAsync&quot;)" computerName="DESKTOP-TJ9D65N" duration="00:00:00.0012146" startTime="2022-10-15T20:03:53.2213971+03:00" endTime="2022-10-15T20:03:53.2213971+03:00" testType="13cdc9d9-ddb5-4fa4-a97d-d965ccfc6d4b" outcome="Passed" testListId="8c84fa94-04c1-424b-9868-57a2d4851a1d" relativeResultsDirectory="12efa1ec-2e62-4fd1-8b7e-31c7d38d1f16" />
    <UnitTestResult executionId="20984141-76a9-4cc0-8c7a-f606f9095a04" testId="06d0bc3a-24a0-fb7f-4277-e9ae6d21c7dd" testName="BL.Tests.UsersServiceTests.TestAdminUpdateUser" computerName="DESKTOP-TJ9D65N" duration="00:00:00.0060679" startTime="2022-10-15T20:03:53.2249739+03:00" endTime="2022-10-15T20:03:53.2249740+03:00" testType="13cdc9d9-ddb5-4fa4-a97d-d965ccfc6d4b" outcome="Passed" testListId="8c84fa94-04c1-424b-9868-57a2d4851a1d" relativeResultsDirectory="20984141-76a9-4cc0-8c7a-f606f9095a04" />
    <UnitTestResult executionId="bb653341-49ee-4ffe-9cbe-606c36ad125e" testId="f7b5c659-eaa8-4a3d-6b97-26303aab4955" testName="BL.Tests.LiftsSlopesServiceTests.TestAdminAddAutoIncrementLiftSlopeAsync(lift: Lift { LiftID = 164, LiftName = liftName88aba3fe-212d-41c8-bfa5-621d2651869f, IsOpen = True, SeatsAmount = 141, LiftingTime = 211, QueueTime = 91, ConnectedSlopes =  }, slope: Slope { SlopeID = 134, SlopeName = slopeName96230be6-d5be-4d6a-a453-c27a656bd315, IsOpen = False, DifficultyLevel = 1, ConnectedLifts =  }, slopesRepositoryStub: Mock&lt;ISlopesRepository:3&gt;, liftsRepositoryStub: Mock&lt;ILiftsRepository:8&gt;, liftsSlopesRepositoryStub: Mock&lt;ILiftsSlopesRepository:8&gt;)" computerName="DESKTOP-TJ9D65N" duration="00:00:00.0132188" startTime="2022-10-15T20:03:53.2215469+03:00" endTime="2022-10-15T20:03:53.2215471+03:00" testType="13cdc9d9-ddb5-4fa4-a97d-d965ccfc6d4b" outcome="Passed" testListId="8c84fa94-04c1-424b-9868-57a2d4851a1d" relativeResultsDirectory="bb653341-49ee-4ffe-9cbe-606c36ad125e" />
    <UnitTestResult executionId="1db5e0cf-a9a7-4def-b90a-36664ee73cc5" testId="633245e8-e6f1-0080-37f0-17d14fda49b0" testName="BL.Tests.TurnstilesServiceTest.TestAdminUpdateTurnstileAsync(userID: 9, turnstile: Turnstile { TurnstileID = 160, LiftID = 5, IsOpen = True }, checkPermissionServiceMock: Mock&lt;ICheckPermissionService:14&gt;, turnstilesRepositoryStub: Mock&lt;ITurnstilesRepository:8&gt;, sut: TurnstilesService { })" computerName="DESKTOP-TJ9D65N" duration="00:00:00.0051503" startTime="2022-10-15T20:03:53.2250238+03:00" endTime="2022-10-15T20:03:53.2250238+03:00" testType="13cdc9d9-ddb5-4fa4-a97d-d965ccfc6d4b" outcome="Passed" testListId="8c84fa94-04c1-424b-9868-57a2d4851a1d" relativeResultsDirectory="1db5e0cf-a9a7-4def-b90a-36664ee73cc5" />
    <UnitTestResult executionId="19e1e317-c9f4-4c5e-9f64-a0fb27e8619d" testId="2d706594-f2b3-b3c8-21d4-86c9798c3306" testName="BL.Tests.CheckPermissionsServiceTests.SkiPatrolHasAccessToAdminSkiPatrolFunctions(functionName: &quot;GetLiftsSlopesInfoAsync&quot;)" computerName="DESKTOP-TJ9D65N" duration="00:00:00.0048329" startTime="2022-10-15T20:03:53.2250010+03:00" endTime="2022-10-15T20:03:53.2250011+03:00" testType="13cdc9d9-ddb5-4fa4-a97d-d965ccfc6d4b" outcome="Passed" testListId="8c84fa94-04c1-424b-9868-57a2d4851a1d" relativeResultsDirectory="19e1e317-c9f4-4c5e-9f64-a0fb27e8619d" />
    <UnitTestResult executionId="022889ea-fe14-46ca-b56c-ec731f913a89" testId="3357a020-1c31-7a59-0a9a-98bca15c9c1e" testName="BL.Tests.TurnstilesServiceTest.TestAdminAddAutoIncrementTurnstileAsync(userID: 2, turnstile: Turnstile { TurnstileID = 66, LiftID = 74, IsOpen = True }, checkPermissionServiceMock: Mock&lt;ICheckPermissionService:16&gt;, turnstilesRepositoryStub: Mock&lt;ITurnstilesRepository:10&gt;, sut: TurnstilesService { })" computerName="DESKTOP-TJ9D65N" duration="00:00:00.0056352" startTime="2022-10-15T20:03:53.2263315+03:00" endTime="2022-10-15T20:03:53.2263316+03:00" testType="13cdc9d9-ddb5-4fa4-a97d-d965ccfc6d4b" outcome="Passed" testListId="8c84fa94-04c1-424b-9868-57a2d4851a1d" relativeResultsDirectory="022889ea-fe14-46ca-b56c-ec731f913a89" />
    <UnitTestResult executionId="c59b9e2d-eaa9-4983-b344-e638b0c04034" testId="39be9b5e-0bc4-57dc-37d3-aec6b520299d" testName="BL.Tests.LiftsSlopesServiceTests.TestGetLiftsSlopesInfoAsync(liftsSlopes: [LiftSlope { RecordID = 88, LiftID = 151, SlopeID = 109 }, LiftSlope { RecordID = 196, LiftID = 211, SlopeID = 155 }, LiftSlope { RecordID = 189, LiftID = 91, SlopeID = 17 }], slopesRepositoryStub: Mock&lt;ISlopesRepository:1&gt;, liftsRepositoryStub: Mock&lt;ILiftsRepository:6&gt;, liftsSlopesRepositoryStub: Mock&lt;ILiftsSlopesRepository:6&gt;)" computerName="DESKTOP-TJ9D65N" duration="00:00:00.0042038" startTime="2022-10-15T20:03:53.2235934+03:00" endTime="2022-10-15T20:03:53.2235935+03:00" testType="13cdc9d9-ddb5-4fa4-a97d-d965ccfc6d4b" outcome="Passed" testListId="8c84fa94-04c1-424b-9868-57a2d4851a1d" relativeResultsDirectory="c59b9e2d-eaa9-4983-b344-e638b0c04034" />
    <UnitTestResult executionId="b5345690-021b-43e5-bab5-1a3f59dc0193" testId="eaabd2fc-2f4b-5689-59c8-c7ad34a8f634" testName="BL.Tests.CheckPermissionsServiceTests.UnauthorizedHasNoAccessToAuthorizedFunctions(functionName: &quot;SendMessageAsync&quot;)" computerName="DESKTOP-TJ9D65N" duration="00:00:00.0032762" startTime="2022-10-15T20:03:53.2232617+03:00" endTime="2022-10-15T20:03:53.2232618+03:00" testType="13cdc9d9-ddb5-4fa4-a97d-d965ccfc6d4b" outcome="Passed" testListId="8c84fa94-04c1-424b-9868-57a2d4851a1d" relativeResultsDirectory="b5345690-021b-43e5-bab5-1a3f59dc0193" />
    <UnitTestResult executionId="e18f54ec-fb53-4a34-ba4d-70fb41fd9417" testId="ff93d90d-73cd-ff80-de56-fc5e21dcd1fb" testName="BL.Tests.SlopesServiceTest.TestAdminAddAutoIncrementSlopeAsync(userID: 180, slope: Slope { SlopeID = 38, SlopeName = slopeName3197f820-b863-4a73-854f-6514864ea0ff, IsOpen = True, DifficultyLevel = 195, ConnectedLifts =  }, checkPermissionServiceMock: Mock&lt;ICheckPermissionService:10&gt;, slopesRepositoryStub: Mock&lt;ISlopesRepository:8&gt;, sut: SlopesService { })" computerName="DESKTOP-TJ9D65N" duration="00:00:00.0094206" startTime="2022-10-15T20:03:53.2262357+03:00" endTime="2022-10-15T20:03:53.2262360+03:00" testType="13cdc9d9-ddb5-4fa4-a97d-d965ccfc6d4b" outcome="Passed" testListId="8c84fa94-04c1-424b-9868-57a2d4851a1d" relativeResultsDirectory="e18f54ec-fb53-4a34-ba4d-70fb41fd9417" />
    <UnitTestResult executionId="8a9a62d3-ed4b-43e7-801e-c72f43c2777b" testId="8184bd30-991c-b78d-b4ec-99a485eac0dd" testName="BL.Tests.UsersServiceTests.TestRegisterUserWithNoEmail" computerName="DESKTOP-TJ9D65N" duration="00:00:00.0026543" startTime="2022-10-15T20:03:53.2212378+03:00" endTime="2022-10-15T20:03:53.2212380+03:00" testType="13cdc9d9-ddb5-4fa4-a97d-d965ccfc6d4b" outcome="Passed" testListId="8c84fa94-04c1-424b-9868-57a2d4851a1d" relativeResultsDirectory="8a9a62d3-ed4b-43e7-801e-c72f43c2777b" />
    <UnitTestResult executionId="e99eaaf6-cc59-4f4f-a58c-ae3a04d7ad7f" testId="fa960c5e-f989-2880-784e-8efe538c5231" testName="BL.Tests.CheckPermissionsServiceTests.UnauthorizedHasNoAccessToAuthorizedFunctions(functionName: &quot;LogOutAsync&quot;)" computerName="DESKTOP-TJ9D65N" duration="00:00:00.0012815" startTime="2022-10-15T20:03:53.2235574+03:00" endTime="2022-10-15T20:03:53.2235575+03:00" testType="13cdc9d9-ddb5-4fa4-a97d-d965ccfc6d4b" outcome="Passed" testListId="8c84fa94-04c1-424b-9868-57a2d4851a1d" relativeResultsDirectory="e99eaaf6-cc59-4f4f-a58c-ae3a04d7ad7f" />
    <UnitTestResult executionId="f225ee58-ac7d-4f50-9e5c-5f0fb4b91150" testId="60bd668f-04df-da5e-b79b-5d9aedb5234d" testName="BL.Tests.CheckPermissionsServiceTests.SkiPatrolHasAccessToAdminSkiPatrolFunctions(functionName: &quot;MarkMessageReadByUserAsync&quot;)" computerName="DESKTOP-TJ9D65N" duration="00:00:00.0011180" startTime="2022-10-15T20:03:53.2252700+03:00" endTime="2022-10-15T20:03:53.2252702+03:00" testType="13cdc9d9-ddb5-4fa4-a97d-d965ccfc6d4b" outcome="Passed" testListId="8c84fa94-04c1-424b-9868-57a2d4851a1d" relativeResultsDirectory="f225ee58-ac7d-4f50-9e5c-5f0fb4b91150" />
    <UnitTestResult executionId="2cc15859-f9cd-4d24-8364-0a507f22f4a6" testId="4a64e0a8-1413-f58a-dbfc-9b06b8f055cf" testName="BL.Tests.SlopesServiceTest.TestAdminAddSlopeAsync(userID: 131, slope: Slope { SlopeID = 237, SlopeName = slopeNameaf0d6f22-5852-46c4-87a4-454102a3227c, IsOpen = True, DifficultyLevel = 191, ConnectedLifts =  }, checkPermissionServiceMock: Mock&lt;ICheckPermissionService:11&gt;, slopesRepositoryStub: Mock&lt;ISlopesRepository:9&gt;, sut: SlopesService { })" computerName="DESKTOP-TJ9D65N" duration="00:00:00.0114223" startTime="2022-10-15T20:03:53.2266667+03:00" endTime="2022-10-15T20:03:53.2266667+03:00" testType="13cdc9d9-ddb5-4fa4-a97d-d965ccfc6d4b" outcome="Passed" testListId="8c84fa94-04c1-424b-9868-57a2d4851a1d" relativeResultsDirectory="2cc15859-f9cd-4d24-8364-0a507f22f4a6" />
    <UnitTestResult executionId="cb107ee5-ea60-4ff1-afff-2c6f2be03e3f" testId="4f297306-d4f3-8d63-e7f4-1ac0b8c58c74" testName="BL.Tests.CheckPermissionsServiceTests.AuthorizedHasNoAccessToAdminSkiPatrolFunctions(functionName: &quot;GetLiftsSlopesInfoAsync&quot;)" computerName="DESKTOP-TJ9D65N" duration="00:00:00.0010681" startTime="2022-10-15T20:03:53.2320125+03:00" endTime="2022-10-15T20:03:53.2320126+03:00" testType="13cdc9d9-ddb5-4fa4-a97d-d965ccfc6d4b" outcome="Passed" testListId="8c84fa94-04c1-424b-9868-57a2d4851a1d" relativeResultsDirectory="cb107ee5-ea60-4ff1-afff-2c6f2be03e3f" />
    <UnitTestResult executionId="a6515234-86ee-4a21-a232-3ecae2f228c4" testId="492c0393-35b4-df26-a537-21ca08302f3c" testName="BL.Tests.CheckPermissionsServiceTests.SkiPatrolHasNoAccessToAdminFunctions" computerName="DESKTOP-TJ9D65N" duration="00:00:00.0024375" startTime="2022-10-15T20:03:53.2493668+03:00" endTime="2022-10-15T20:03:53.2493669+03:00" testType="13cdc9d9-ddb5-4fa4-a97d-d965ccfc6d4b" outcome="Passed" testListId="8c84fa94-04c1-424b-9868-57a2d4851a1d" relativeResultsDirectory="a6515234-86ee-4a21-a232-3ecae2f228c4" />
    <UnitTestResult executionId="c566b06a-5600-47cd-b1ec-7d4dc77528ab" testId="fef9facc-12c9-15bd-9b6f-7cc4c9496af9" testName="BL.Tests.SlopesServiceTest.TestGetSlopeInfoAsync(userID: 37, slope: Slope { SlopeID = 17, SlopeName = slopeName19d98c40-2657-42e2-b014-187a0f716f94, IsOpen = True, DifficultyLevel = 158, ConnectedLifts =  }, checkPermissionServiceMock: Mock&lt;ICheckPermissionService:6&gt;, slopesRepositoryStub: Mock&lt;ISlopesRepository:4&gt;, liftsSlopesRepositoryStub: Mock&lt;ILiftsSlopesRepository:9&gt;, sut: SlopesService { })" computerName="DESKTOP-TJ9D65N" duration="00:00:00.0070265" startTime="2022-10-15T20:03:53.2277205+03:00" endTime="2022-10-15T20:03:53.2277205+03:00" testType="13cdc9d9-ddb5-4fa4-a97d-d965ccfc6d4b" outcome="Passed" testListId="8c84fa94-04c1-424b-9868-57a2d4851a1d" relativeResultsDirectory="c566b06a-5600-47cd-b1ec-7d4dc77528ab" />
    <UnitTestResult executionId="facaad38-9fe6-4de3-a26e-c08f88020cfe" testId="ecb9560d-0fbe-5ed5-50b0-70373bcb3ccd" testName="BL.Tests.LiftsServiceTest.TestGetLiftInfoAsync(userID: 8, lift: Lift { LiftID = 10, LiftName = liftName2954cb02-c364-44cd-9733-9890c480bdb3, IsOpen = True, SeatsAmount = 69, LiftingTime = 194, QueueTime = 208, ConnectedSlopes =  }, checkPermissionServiceMock: Mock&lt;ICheckPermissionService:1&gt;, liftsRepositoryStub: Mock&lt;ILiftsRepository:1&gt;, liftsSlopesRepositoryStub: Mock&lt;ILiftsSlopesRepository:1&gt;, sut: LiftsService { })" computerName="DESKTOP-TJ9D65N" duration="00:00:00.0068575" startTime="2022-10-15T20:03:53.2247854+03:00" endTime="2022-10-15T20:03:53.2247856+03:00" testType="13cdc9d9-ddb5-4fa4-a97d-d965ccfc6d4b" outcome="Passed" testListId="8c84fa94-04c1-424b-9868-57a2d4851a1d" relativeResultsDirectory="facaad38-9fe6-4de3-a26e-c08f88020cfe" />
    <UnitTestResult executionId="96fdedeb-bd11-451d-afc0-fbae3e960395" testId="9df020f3-34f2-b3b6-d91b-865b2d19ea8a" testName="BL.Tests.LiftsServiceTest.TestUpdateLiftInfoAsync(userID: 76, lift: Lift { LiftID = 205, LiftName = liftName5cb1081d-f766-4a02-bfe8-17042bbb95d2, IsOpen = True, SeatsAmount = 78, LiftingTime = 102, QueueTime = 6, ConnectedSlopes =  }, checkPermissionServiceMock: Mock&lt;ICheckPermissionService:3&gt;, liftsRepositoryStub: Mock&lt;ILiftsRepository:3&gt;, sut: LiftsService { })" computerName="DESKTOP-TJ9D65N" duration="00:00:00.0125936" startTime="2022-10-15T20:03:53.2266849+03:00" endTime="2022-10-15T20:03:53.2266849+03:00" testType="13cdc9d9-ddb5-4fa4-a97d-d965ccfc6d4b" outcome="Passed" testListId="8c84fa94-04c1-424b-9868-57a2d4851a1d" relativeResultsDirectory="96fdedeb-bd11-451d-afc0-fbae3e960395" />
    <UnitTestResult executionId="5ab09c8a-d6b0-4ddf-a0fd-9356719e5d1a" testId="834c739b-eca4-b36d-6a66-5a1bd75377b8" testName="BL.Tests.UsersServiceTests.TestAdminAddAutoIncrementUser" computerName="DESKTOP-TJ9D65N" duration="00:00:00.0068136" startTime="2022-10-15T20:03:53.2357144+03:00" endTime="2022-10-15T20:03:53.2357145+03:00" testType="13cdc9d9-ddb5-4fa4-a97d-d965ccfc6d4b" outcome="Passed" testListId="8c84fa94-04c1-424b-9868-57a2d4851a1d" relativeResultsDirectory="5ab09c8a-d6b0-4ddf-a0fd-9356719e5d1a" />
    <UnitTestResult executionId="775330c3-1117-49c2-8fd7-ff031209d488" testId="18fa8c62-e27d-e1fc-8182-4d7db62b008d" testName="BL.Tests.UsersServiceTests.TestAdminDeleteUser" computerName="DESKTOP-TJ9D65N" duration="00:00:00.0025502" startTime="2022-10-15T20:03:53.2466433+03:00" endTime="2022-10-15T20:03:53.2466434+03:00" testType="13cdc9d9-ddb5-4fa4-a97d-d965ccfc6d4b" outcome="Passed" testListId="8c84fa94-04c1-424b-9868-57a2d4851a1d" relativeResultsDirectory="775330c3-1117-49c2-8fd7-ff031209d488" />
    <UnitTestResult executionId="1e29faf0-068f-44f5-9a41-7479b89878fa" testId="8be29e7b-12d2-fe0c-df5c-3e53c41f41de" testName="BL.Tests.LiftsServiceTest.TestAdminAddAutoIncrementLiftAsync(userID: 52, lift: Lift { LiftID = 87, LiftName = liftName5f997233-3c41-4850-ae60-e47c4ce17e00, IsOpen = True, SeatsAmount = 21, LiftingTime = 101, QueueTime = 67, ConnectedSlopes =  }, checkPermissionServiceMock: Mock&lt;ICheckPermissionService:5&gt;, liftsRepositoryStub: Mock&lt;ILiftsRepository:5&gt;, sut: LiftsService { })" computerName="DESKTOP-TJ9D65N" duration="00:00:00.0079606" startTime="2022-10-15T20:03:53.2262741+03:00" endTime="2022-10-15T20:03:53.2262741+03:00" testType="13cdc9d9-ddb5-4fa4-a97d-d965ccfc6d4b" outcome="Passed" testListId="8c84fa94-04c1-424b-9868-57a2d4851a1d" relativeResultsDirectory="1e29faf0-068f-44f5-9a41-7479b89878fa" />
    <UnitTestResult executionId="1fb96dda-bf66-480a-960a-3de2117cbc7a" testId="f44a1b21-8efc-bfac-63b4-d534442def31" testName="BL.Tests.UsersServiceTests.TestRegisterUserWithNoPassword" computerName="DESKTOP-TJ9D65N" duration="00:00:00.0014976" startTime="2022-10-15T20:03:53.2214788+03:00" endTime="2022-10-15T20:03:53.2214789+03:00" testType="13cdc9d9-ddb5-4fa4-a97d-d965ccfc6d4b" outcome="Passed" testListId="8c84fa94-04c1-424b-9868-57a2d4851a1d" relativeResultsDirectory="1fb96dda-bf66-480a-960a-3de2117cbc7a" />
    <UnitTestResult executionId="01880086-e142-4030-810f-53590c7d7065" testId="e2d7e5be-3dae-33ae-fb17-c704b6fd58d6" testName="BL.Tests.CheckPermissionsServiceTests.UnauthorizedHasNoAccessToAdminFunctions" computerName="DESKTOP-TJ9D65N" duration="00:00:00.0027959" startTime="2022-10-15T20:03:53.2448349+03:00" endTime="2022-10-15T20:03:53.2448350+03:00" testType="13cdc9d9-ddb5-4fa4-a97d-d965ccfc6d4b" outcome="Passed" testListId="8c84fa94-04c1-424b-9868-57a2d4851a1d" relativeResultsDirectory="01880086-e142-4030-810f-53590c7d7065" />
    <UnitTestResult executionId="77d11f27-9d1e-49f7-b941-79911e1b7cf0" testId="c36970dc-93f7-753e-fa47-157133b01644" testName="BL.Tests.CheckPermissionsServiceTests.SkiPatrolHasAccessToAdminSkiPatrolFunctions(functionName: &quot;GetMessagesAsync&quot;)" computerName="DESKTOP-TJ9D65N" duration="00:00:00.0007836" startTime="2022-10-15T20:03:53.2263024+03:00" endTime="2022-10-15T20:03:53.2263024+03:00" testType="13cdc9d9-ddb5-4fa4-a97d-d965ccfc6d4b" outcome="Passed" testListId="8c84fa94-04c1-424b-9868-57a2d4851a1d" relativeResultsDirectory="77d11f27-9d1e-49f7-b941-79911e1b7cf0" />
    <UnitTestResult executionId="eebae0a3-1eec-4857-bdd2-f035b2c1da33" testId="b6bf8168-2d92-2830-efe9-823409c747e3" testName="BL.Tests.TurnstilesServiceTest.TestAdminGetTurnstileAsync(userID: 162, turnstile: Turnstile { TurnstileID = 125, LiftID = 192, IsOpen = True }, checkPermissionServiceMock: Mock&lt;ICheckPermissionService:12&gt;, turnstilesRepositoryStub: Mock&lt;ITurnstilesRepository:6&gt;, sut: TurnstilesService { })" computerName="DESKTOP-TJ9D65N" duration="00:00:00.0053801" startTime="2022-10-15T20:03:53.2235762+03:00" endTime="2022-10-15T20:03:53.2235763+03:00" testType="13cdc9d9-ddb5-4fa4-a97d-d965ccfc6d4b" outcome="Passed" testListId="8c84fa94-04c1-424b-9868-57a2d4851a1d" relativeResultsDirectory="eebae0a3-1eec-4857-bdd2-f035b2c1da33" />
    <UnitTestResult executionId="81464a75-d17e-4fee-ba15-0876c3b50b7d" testId="e5497347-2721-b7a6-0bd4-69a9921f6947" testName="BL.Tests.UsersServiceTests.TestAdminGetUserByIDAsync" computerName="DESKTOP-TJ9D65N" duration="00:00:00.0032560" startTime="2022-10-15T20:03:53.2414998+03:00" endTime="2022-10-15T20:03:53.2414999+03:00" testType="13cdc9d9-ddb5-4fa4-a97d-d965ccfc6d4b" outcome="Passed" testListId="8c84fa94-04c1-424b-9868-57a2d4851a1d" relativeResultsDirectory="81464a75-d17e-4fee-ba15-0876c3b50b7d" />
    <UnitTestResult executionId="7426235f-52e7-41a8-8e43-88eaf3e1c0b0" testId="aa28a6b3-21d3-aa45-24d3-bef2facbc899" testName="BL.Tests.CheckPermissionsServiceTests.AuthorizedHasAccessToAuthorizedFunctions(functionName: &quot;LogOutAsync&quot;)" computerName="DESKTOP-TJ9D65N" duration="00:00:00.0008626" startTime="2022-10-15T20:03:53.2396522+03:00" endTime="2022-10-15T20:03:53.2396524+03:00" testType="13cdc9d9-ddb5-4fa4-a97d-d965ccfc6d4b" outcome="Passed" testListId="8c84fa94-04c1-424b-9868-57a2d4851a1d" relativeResultsDirectory="7426235f-52e7-41a8-8e43-88eaf3e1c0b0" />
    <UnitTestResult executionId="cd39441d-6c70-45f2-943e-5776b8b63384" testId="b6ef7086-f97f-bc01-6b07-9c35614ee70b" testName="BL.Tests.TurnstilesServiceTest.TestAdminGetTurnstilesAsync(userID: 100, initialTurnstiles: [Turnstile { TurnstileID = 126, LiftID = 29, IsOpen = True }, Turnstile { TurnstileID = 31, LiftID = 216, IsOpen = False }, Turnstile { TurnstileID = 116, LiftID = 146, IsOpen = True }], checkPermissionServiceMock: Mock&lt;ICheckPermissionService:13&gt;, turnstilesRepositoryStub: Mock&lt;ITurnstilesRepository:7&gt;, sut: TurnstilesService { })" computerName="DESKTOP-TJ9D65N" duration="00:00:00.0040740" startTime="2022-10-15T20:03:53.2213673+03:00" endTime="2022-10-15T20:03:53.2213674+03:00" testType="13cdc9d9-ddb5-4fa4-a97d-d965ccfc6d4b" outcome="Passed" testListId="8c84fa94-04c1-424b-9868-57a2d4851a1d" relativeResultsDirectory="cd39441d-6c70-45f2-943e-5776b8b63384" />
    <UnitTestResult executionId="0222a3a0-2d98-4f77-a746-a9f36a1ac865" testId="644ec43e-70cd-c82d-42e7-0d990be1414d" testName="BL.Tests.CheckPermissionsServiceTests.AuthorizedHasAccessToAuthorizedFunctions(functionName: &quot;SendMessageAsync&quot;)" computerName="DESKTOP-TJ9D65N" duration="00:00:00.0016865" startTime="2022-10-15T20:03:53.2365163+03:00" endTime="2022-10-15T20:03:53.2365165+03:00" testType="13cdc9d9-ddb5-4fa4-a97d-d965ccfc6d4b" outcome="Passed" testListId="8c84fa94-04c1-424b-9868-57a2d4851a1d" relativeResultsDirectory="0222a3a0-2d98-4f77-a746-a9f36a1ac865" />
    <UnitTestResult executionId="485b46b4-89d8-432d-ad59-c4d50d7e1a9e" testId="a2e59116-cb53-1d70-9cb8-21c286516866" testName="BL.Tests.CheckPermissionsServiceTests.AuthorizedHasNoAccessToAdminFunctions" computerName="DESKTOP-TJ9D65N" duration="00:00:00.0094298" startTime="2022-10-15T20:03:53.2266438+03:00" endTime="2022-10-15T20:03:53.2266439+03:00" testType="13cdc9d9-ddb5-4fa4-a97d-d965ccfc6d4b" outcome="Passed" testListId="8c84fa94-04c1-424b-9868-57a2d4851a1d" relativeResultsDirectory="485b46b4-89d8-432d-ad59-c4d50d7e1a9e" />
    <UnitTestResult executionId="eb4acd3a-ea7d-477c-8482-4c67b6d5547b" testId="0eeef75f-6e38-7893-a8fe-cff3e0a970a7" testName="BL.Tests.UsersServiceTests.TestRegisterOk" computerName="DESKTOP-TJ9D65N" duration="00:00:00.0081020" startTime="2022-10-15T20:03:53.2264608+03:00" endTime="2022-10-15T20:03:53.2264609+03:00" testType="13cdc9d9-ddb5-4fa4-a97d-d965ccfc6d4b" outcome="Passed" testListId="8c84fa94-04c1-424b-9868-57a2d4851a1d" relativeResultsDirectory="eb4acd3a-ea7d-477c-8482-4c67b6d5547b" />
    <UnitTestResult executionId="a1d61f75-5dec-409c-9aa7-4268fea4efbe" testId="894941c1-bfa7-d8f9-c047-1e1ceefe2c2f" testName="BL.Tests.UsersServiceTests.TestRegisterUserWithRepeatedEmail" computerName="DESKTOP-TJ9D65N" duration="00:00:00.0036780" startTime="2022-10-15T20:03:53.2235218+03:00" endTime="2022-10-15T20:03:53.2235219+03:00" testType="13cdc9d9-ddb5-4fa4-a97d-d965ccfc6d4b" outcome="Passed" testListId="8c84fa94-04c1-424b-9868-57a2d4851a1d" relativeResultsDirectory="a1d61f75-5dec-409c-9aa7-4268fea4efbe" />
    <UnitTestResult executionId="15310073-3603-4ca8-bf8d-6ccb05048c3f" testId="2602613f-c8e2-a6d9-fcf7-5b27d4a770a6" testName="BL.Tests.CheckPermissionsServiceTests.AuthorizedHasNoAccessToAdminSkiPatrolFunctions(functionName: &quot;GetMessagesAsync&quot;)" computerName="DESKTOP-TJ9D65N" duration="00:00:00.0030559" startTime="2022-10-15T20:03:53.2276694+03:00" endTime="2022-10-15T20:03:53.2276694+03:00" testType="13cdc9d9-ddb5-4fa4-a97d-d965ccfc6d4b" outcome="Passed" testListId="8c84fa94-04c1-424b-9868-57a2d4851a1d" relativeResultsDirectory="15310073-3603-4ca8-bf8d-6ccb05048c3f" />
    <UnitTestResult executionId="75a7b73a-5265-4991-87fd-12cc4e668f8b" testId="210f7062-433d-5c66-7f96-148542ec7eb1" testName="BL.Tests.SlopesServiceTest.TestUpdateSlopeInfoAsync(userID: 38, slope: Slope { SlopeID = 14, SlopeName = slopeName423f3789-17dc-425f-a641-9c0177d35417, IsOpen = True, DifficultyLevel = 180, ConnectedLifts =  }, checkPermissionServiceMock: Mock&lt;ICheckPermissionService:8&gt;, slopesRepositoryStub: Mock&lt;ISlopesRepository:6&gt;, sut: SlopesService { })" computerName="DESKTOP-TJ9D65N" duration="00:00:00.0319686" startTime="2022-10-15T20:03:53.1307075+03:00" endTime="2022-10-15T20:03:53.1307358+03:00" testType="13cdc9d9-ddb5-4fa4-a97d-d965ccfc6d4b" outcome="Passed" testListId="8c84fa94-04c1-424b-9868-57a2d4851a1d" relativeResultsDirectory="75a7b73a-5265-4991-87fd-12cc4e668f8b" />
    <UnitTestResult executionId="32599977-0bdd-4792-97ff-e8f089977417" testId="e0159929-83e9-944b-2bdc-159cacdd58e5" testName="BL.Tests.LiftsServiceTest.TestGetLiftsInfoAsync(userID: 37, initialLifts: [Lift { LiftID = 196, LiftName = liftNamed1771a0f-989b-4b4d-afb9-3b458d190882, IsOpen = True, SeatsAmount = 43, LiftingTime = 66, QueueTime = 38, ConnectedSlopes =  }, Lift { LiftID = 109, LiftName = liftName66eb4ed2-ca4f-4b7c-b275-32577e5c599d, IsOpen = False, SeatsAmount = 76, LiftingTime = 209, QueueTime = 125, ConnectedSlopes =  }, Lift { LiftID = 75, LiftName = liftName24c34962-cb58-4bd1-bdd9-a45b26bb5416, IsOpen = True, SeatsAmount = 227, LiftingTime = 25, QueueTime = 138, ConnectedSlopes =  }], checkPermissionServiceMock: Mock&lt;ICheckPermissionService:2&gt;, liftsRepositoryStub: Mock&lt;ILiftsRepository:2&gt;, liftsSlopesRepositoryStub: Mock&lt;ILiftsSlopesRepository:2&gt;, sut: LiftsService { })" computerName="DESKTOP-TJ9D65N" duration="00:00:00.0582290" startTime="2022-10-15T20:03:53.1540025+03:00" endTime="2022-10-15T20:03:53.1540027+03:00" testType="13cdc9d9-ddb5-4fa4-a97d-d965ccfc6d4b" outcome="Passed" testListId="8c84fa94-04c1-424b-9868-57a2d4851a1d" relativeResultsDirectory="32599977-0bdd-4792-97ff-e8f089977417" />
  </Results>
  <TestDefinitions>
    <UnitTest name="BL.Tests.UsersServiceTests.TestAdminAddAutoIncrementUser" storage="c:\users\alena\desktop\7_sem\testing_and_debugging\skiresort\bl.tests\bin\debug\net6.0\bl.tests.dll" id="834c739b-eca4-b36d-6a66-5a1bd75377b8">
      <Execution id="5ab09c8a-d6b0-4ddf-a0fd-9356719e5d1a" />
      <TestMethod codeBase="C:\Users\alena\Desktop\7_sem\testing_and_debugging\SkiResort\BL.Tests\bin\Debug\net6.0\BL.Tests.dll" adapterTypeName="executor://xunit/VsTestRunner2/netcoreapp" className="BL.Tests.UsersServiceTests" name="TestAdminAddAutoIncrementUser" />
    </UnitTest>
    <UnitTest name="BL.Tests.CheckPermissionsServiceTests.SkiPatrolHasAccessToAdminSkiPatrolFunctions(functionName: &quot;MarkMessageReadByUserAsync&quot;)" storage="c:\users\alena\desktop\7_sem\testing_and_debugging\skiresort\bl.tests\bin\debug\net6.0\bl.tests.dll" id="60bd668f-04df-da5e-b79b-5d9aedb5234d">
      <Execution id="f225ee58-ac7d-4f50-9e5c-5f0fb4b91150" />
      <TestMethod codeBase="C:\Users\alena\Desktop\7_sem\testing_and_debugging\SkiResort\BL.Tests\bin\Debug\net6.0\BL.Tests.dll" adapterTypeName="executor://xunit/VsTestRunner2/netcoreapp" className="BL.Tests.CheckPermissionsServiceTests" name="SkiPatrolHasAccessToAdminSkiPatrolFunctions" />
    </UnitTest>
    <UnitTest name="BL.Tests.TurnstilesServiceTest.TestAdminGetTurnstilesAsync(userID: 100, initialTurnstiles: [Turnstile { TurnstileID = 126, LiftID = 29, IsOpen = True }, Turnstile { TurnstileID = 31, LiftID = 216, IsOpen = False }, Turnstile { TurnstileID = 116, LiftID = 146, IsOpen = True }], checkPermissionServiceMock: Mock&lt;ICheckPermissionService:13&gt;, turnstilesRepositoryStub: Mock&lt;ITurnstilesRepository:7&gt;, sut: TurnstilesService { })" storage="c:\users\alena\desktop\7_sem\testing_and_debugging\skiresort\bl.tests\bin\debug\net6.0\bl.tests.dll" id="b6ef7086-f97f-bc01-6b07-9c35614ee70b">
      <Execution id="cd39441d-6c70-45f2-943e-5776b8b63384" />
      <TestMethod codeBase="C:\Users\alena\Desktop\7_sem\testing_and_debugging\SkiResort\BL.Tests\bin\Debug\net6.0\BL.Tests.dll" adapterTypeName="executor://xunit/VsTestRunner2/netcoreapp" className="BL.Tests.TurnstilesServiceTest" name="TestAdminGetTurnstilesAsync" />
    </UnitTest>
    <UnitTest name="BL.Tests.CheckPermissionsServiceTests.AuthorizedHasAccessToAuthorizedFunctions(functionName: &quot;SendMessageAsync&quot;)" storage="c:\users\alena\desktop\7_sem\testing_and_debugging\skiresort\bl.tests\bin\debug\net6.0\bl.tests.dll" id="644ec43e-70cd-c82d-42e7-0d990be1414d">
      <Execution id="0222a3a0-2d98-4f77-a746-a9f36a1ac865" />
      <TestMethod codeBase="C:\Users\alena\Desktop\7_sem\testing_and_debugging\SkiResort\BL.Tests\bin\Debug\net6.0\BL.Tests.dll" adapterTypeName="executor://xunit/VsTestRunner2/netcoreapp" className="BL.Tests.CheckPermissionsServiceTests" name="AuthorizedHasAccessToAuthorizedFunctions" />
    </UnitTest>
    <UnitTest name="BL.Tests.SlopesServiceTest.TestAdminAddAutoIncrementSlopeAsync(userID: 180, slope: Slope { SlopeID = 38, SlopeName = slopeName3197f820-b863-4a73-854f-6514864ea0ff, IsOpen = True, DifficultyLevel = 195, ConnectedLifts =  }, checkPermissionServiceMock: Mock&lt;ICheckPermissionService:10&gt;, slopesRepositoryStub: Mock&lt;ISlopesRepository:8&gt;, sut: SlopesService { })" storage="c:\users\alena\desktop\7_sem\testing_and_debugging\skiresort\bl.tests\bin\debug\net6.0\bl.tests.dll" id="ff93d90d-73cd-ff80-de56-fc5e21dcd1fb">
      <Execution id="e18f54ec-fb53-4a34-ba4d-70fb41fd9417" />
      <TestMethod codeBase="C:\Users\alena\Desktop\7_sem\testing_and_debugging\SkiResort\BL.Tests\bin\Debug\net6.0\BL.Tests.dll" adapterTypeName="executor://xunit/VsTestRunner2/netcoreapp" className="BL.Tests.SlopesServiceTest" name="TestAdminAddAutoIncrementSlopeAsync" />
    </UnitTest>
    <UnitTest name="BL.Tests.CheckPermissionsServiceTests.AuthorizedHasNoAccessToAdminSkiPatrolFunctions(functionName: &quot;MarkMessageReadByUserAsync&quot;)" storage="c:\users\alena\desktop\7_sem\testing_and_debugging\skiresort\bl.tests\bin\debug\net6.0\bl.tests.dll" id="9c7df5e2-1b23-ebea-889f-b78ca86b60ab">
      <Execution id="e8aa3dd2-ebed-4638-adf4-d3b43393a88c" />
      <TestMethod codeBase="C:\Users\alena\Desktop\7_sem\testing_and_debugging\SkiResort\BL.Tests\bin\Debug\net6.0\BL.Tests.dll" adapterTypeName="executor://xunit/VsTestRunner2/netcoreapp" className="BL.Tests.CheckPermissionsServiceTests" name="AuthorizedHasNoAccessToAdminSkiPatrolFunctions" />
    </UnitTest>
    <UnitTest name="BL.Tests.CheckPermissionsServiceTests.UnauthorizedHasNoAccessToAuthorizedFunctions(functionName: &quot;SendMessageAsync&quot;)" storage="c:\users\alena\desktop\7_sem\testing_and_debugging\skiresort\bl.tests\bin\debug\net6.0\bl.tests.dll" id="eaabd2fc-2f4b-5689-59c8-c7ad34a8f634">
      <Execution id="b5345690-021b-43e5-bab5-1a3f59dc0193" />
      <TestMethod codeBase="C:\Users\alena\Desktop\7_sem\testing_and_debugging\SkiResort\BL.Tests\bin\Debug\net6.0\BL.Tests.dll" adapterTypeName="executor://xunit/VsTestRunner2/netcoreapp" className="BL.Tests.CheckPermissionsServiceTests" name="UnauthorizedHasNoAccessToAuthorizedFunctions" />
    </UnitTest>
    <UnitTest name="BL.Tests.CheckPermissionsServiceTests.AdminHasAccessToAllFunctions" storage="c:\users\alena\desktop\7_sem\testing_and_debugging\skiresort\bl.tests\bin\debug\net6.0\bl.tests.dll" id="f3efc418-a8a6-c7b7-9bac-90b33aa8472f">
      <Execution id="2ece2b46-880c-4a6d-b733-e9335ac07565" />
      <TestMethod codeBase="C:\Users\alena\Desktop\7_sem\testing_and_debugging\SkiResort\BL.Tests\bin\Debug\net6.0\BL.Tests.dll" adapterTypeName="executor://xunit/VsTestRunner2/netcoreapp" className="BL.Tests.CheckPermissionsServiceTests" name="AdminHasAccessToAllFunctions" />
    </UnitTest>
    <UnitTest name="BL.Tests.UsersServiceTests.TestLogInOk" storage="c:\users\alena\desktop\7_sem\testing_and_debugging\skiresort\bl.tests\bin\debug\net6.0\bl.tests.dll" id="1ca07ad8-f799-c5d4-e7cc-34fd950198a2">
      <Execution id="67974dde-564c-4c86-8f44-a30a2da0322e" />
      <TestMethod codeBase="C:\Users\alena\Desktop\7_sem\testing_and_debugging\SkiResort\BL.Tests\bin\Debug\net6.0\BL.Tests.dll" adapterTypeName="executor://xunit/VsTestRunner2/netcoreapp" className="BL.Tests.UsersServiceTests" name="TestLogInOk" />
    </UnitTest>
    <UnitTest name="BL.Tests.CheckPermissionsServiceTests.UnauthorizedHasNoAccessToAdminSkiPatrolFunctions(functionName: &quot;MarkMessageReadByUserAsync&quot;)" storage="c:\users\alena\desktop\7_sem\testing_and_debugging\skiresort\bl.tests\bin\debug\net6.0\bl.tests.dll" id="a19a5fcf-c5d2-7d44-5d7d-84403042f4e0">
      <Execution id="7d235a44-9b07-4e4d-9d7b-0fe6914eb016" />
      <TestMethod codeBase="C:\Users\alena\Desktop\7_sem\testing_and_debugging\SkiResort\BL.Tests\bin\Debug\net6.0\BL.Tests.dll" adapterTypeName="executor://xunit/VsTestRunner2/netcoreapp" className="BL.Tests.CheckPermissionsServiceTests" name="UnauthorizedHasNoAccessToAdminSkiPatrolFunctions" />
    </UnitTest>
    <UnitTest name="BL.Tests.LiftsSlopesServiceTests.TestGetLiftsSlopesInfoAsync(liftsSlopes: [LiftSlope { RecordID = 88, LiftID = 151, SlopeID = 109 }, LiftSlope { RecordID = 196, LiftID = 211, SlopeID = 155 }, LiftSlope { RecordID = 189, LiftID = 91, SlopeID = 17 }], slopesRepositoryStub: Mock&lt;ISlopesRepository:1&gt;, liftsRepositoryStub: Mock&lt;ILiftsRepository:6&gt;, liftsSlopesRepositoryStub: Mock&lt;ILiftsSlopesRepository:6&gt;)" storage="c:\users\alena\desktop\7_sem\testing_and_debugging\skiresort\bl.tests\bin\debug\net6.0\bl.tests.dll" id="39be9b5e-0bc4-57dc-37d3-aec6b520299d">
      <Execution id="c59b9e2d-eaa9-4983-b344-e638b0c04034" />
      <TestMethod codeBase="C:\Users\alena\Desktop\7_sem\testing_and_debugging\SkiResort\BL.Tests\bin\Debug\net6.0\BL.Tests.dll" adapterTypeName="executor://xunit/VsTestRunner2/netcoreapp" className="BL.Tests.LiftsSlopesServiceTests" name="TestGetLiftsSlopesInfoAsync" />
    </UnitTest>
    <UnitTest name="BL.Tests.CheckPermissionsServiceTests.AuthorizedHasAccessToAuthorizedFunctions(functionName: &quot;LogOutAsync&quot;)" storage="c:\users\alena\desktop\7_sem\testing_and_debugging\skiresort\bl.tests\bin\debug\net6.0\bl.tests.dll" id="aa28a6b3-21d3-aa45-24d3-bef2facbc899">
      <Execution id="7426235f-52e7-41a8-8e43-88eaf3e1c0b0" />
      <TestMethod codeBase="C:\Users\alena\Desktop\7_sem\testing_and_debugging\SkiResort\BL.Tests\bin\Debug\net6.0\BL.Tests.dll" adapterTypeName="executor://xunit/VsTestRunner2/netcoreapp" className="BL.Tests.CheckPermissionsServiceTests" name="AuthorizedHasAccessToAuthorizedFunctions" />
    </UnitTest>
    <UnitTest name="BL.Tests.CheckPermissionsServiceTests.SkiPatrolHasAccessToAdminSkiPatrolFunctions(functionName: &quot;GetMessagesAsync&quot;)" storage="c:\users\alena\desktop\7_sem\testing_and_debugging\skiresort\bl.tests\bin\debug\net6.0\bl.tests.dll" id="c36970dc-93f7-753e-fa47-157133b01644">
      <Execution id="77d11f27-9d1e-49f7-b941-79911e1b7cf0" />
      <TestMethod codeBase="C:\Users\alena\Desktop\7_sem\testing_and_debugging\SkiResort\BL.Tests\bin\Debug\net6.0\BL.Tests.dll" adapterTypeName="executor://xunit/VsTestRunner2/netcoreapp" className="BL.Tests.CheckPermissionsServiceTests" name="SkiPatrolHasAccessToAdminSkiPatrolFunctions" />
    </UnitTest>
    <UnitTest name="BL.Tests.CheckPermissionsServiceTests.AuthorizedHasNoAccessToAdminFunctions" storage="c:\users\alena\desktop\7_sem\testing_and_debugging\skiresort\bl.tests\bin\debug\net6.0\bl.tests.dll" id="a2e59116-cb53-1d70-9cb8-21c286516866">
      <Execution id="485b46b4-89d8-432d-ad59-c4d50d7e1a9e" />
      <TestMethod codeBase="C:\Users\alena\Desktop\7_sem\testing_and_debugging\SkiResort\BL.Tests\bin\Debug\net6.0\BL.Tests.dll" adapterTypeName="executor://xunit/VsTestRunner2/netcoreapp" className="BL.Tests.CheckPermissionsServiceTests" name="AuthorizedHasNoAccessToAdminFunctions" />
    </UnitTest>
    <UnitTest name="BL.Tests.LiftsServiceTest.TestAdminAddAutoIncrementLiftAsync(userID: 52, lift: Lift { LiftID = 87, LiftName = liftName5f997233-3c41-4850-ae60-e47c4ce17e00, IsOpen = True, SeatsAmount = 21, LiftingTime = 101, QueueTime = 67, ConnectedSlopes =  }, checkPermissionServiceMock: Mock&lt;ICheckPermissionService:5&gt;, liftsRepositoryStub: Mock&lt;ILiftsRepository:5&gt;, sut: LiftsService { })" storage="c:\users\alena\desktop\7_sem\testing_and_debugging\skiresort\bl.tests\bin\debug\net6.0\bl.tests.dll" id="8be29e7b-12d2-fe0c-df5c-3e53c41f41de">
      <Execution id="1e29faf0-068f-44f5-9a41-7479b89878fa" />
      <TestMethod codeBase="C:\Users\alena\Desktop\7_sem\testing_and_debugging\SkiResort\BL.Tests\bin\Debug\net6.0\BL.Tests.dll" adapterTypeName="executor://xunit/VsTestRunner2/netcoreapp" className="BL.Tests.LiftsServiceTest" name="TestAdminAddAutoIncrementLiftAsync" />
    </UnitTest>
    <UnitTest name="BL.Tests.CheckPermissionsServiceTests.SkiPatrolHasAccessToAdminSkiPatrolFunctions(functionName: &quot;GetLiftsSlopesInfoAsync&quot;)" storage="c:\users\alena\desktop\7_sem\testing_and_debugging\skiresort\bl.tests\bin\debug\net6.0\bl.tests.dll" id="2d706594-f2b3-b3c8-21d4-86c9798c3306">
      <Execution id="19e1e317-c9f4-4c5e-9f64-a0fb27e8619d" />
      <TestMethod codeBase="C:\Users\alena\Desktop\7_sem\testing_and_debugging\SkiResort\BL.Tests\bin\Debug\net6.0\BL.Tests.dll" adapterTypeName="executor://xunit/VsTestRunner2/netcoreapp" className="BL.Tests.CheckPermissionsServiceTests" name="SkiPatrolHasAccessToAdminSkiPatrolFunctions" />
    </UnitTest>
    <UnitTest name="BL.Tests.CheckPermissionsServiceTests.AuthorizedHasNoAccessToAdminSkiPatrolFunctions(functionName: &quot;GetLiftsSlopesInfoAsync&quot;)" storage="c:\users\alena\desktop\7_sem\testing_and_debugging\skiresort\bl.tests\bin\debug\net6.0\bl.tests.dll" id="4f297306-d4f3-8d63-e7f4-1ac0b8c58c74">
      <Execution id="cb107ee5-ea60-4ff1-afff-2c6f2be03e3f" />
      <TestMethod codeBase="C:\Users\alena\Desktop\7_sem\testing_and_debugging\SkiResort\BL.Tests\bin\Debug\net6.0\BL.Tests.dll" adapterTypeName="executor://xunit/VsTestRunner2/netcoreapp" className="BL.Tests.CheckPermissionsServiceTests" name="AuthorizedHasNoAccessToAdminSkiPatrolFunctions" />
    </UnitTest>
    <UnitTest name="BL.Tests.CheckPermissionsServiceTests.UnauthorizedHasNoAccessToAdminSkiPatrolFunctions(functionName: &quot;GetLiftsSlopesInfoAsync&quot;)" storage="c:\users\alena\desktop\7_sem\testing_and_debugging\skiresort\bl.tests\bin\debug\net6.0\bl.tests.dll" id="387c9729-48c1-486e-5e67-f5d11a9f0db8">
      <Execution id="aadc7464-dbc4-4e43-90ac-a43530baba16" />
      <TestMethod codeBase="C:\Users\alena\Desktop\7_sem\testing_and_debugging\SkiResort\BL.Tests\bin\Debug\net6.0\BL.Tests.dll" adapterTypeName="executor://xunit/VsTestRunner2/netcoreapp" className="BL.Tests.CheckPermissionsServiceTests" name="UnauthorizedHasNoAccessToAdminSkiPatrolFunctions" />
    </UnitTest>
    <UnitTest name="BL.Tests.UsersServiceTests.TestRegisterUserWithRepeatedEmail" storage="c:\users\alena\desktop\7_sem\testing_and_debugging\skiresort\bl.tests\bin\debug\net6.0\bl.tests.dll" id="894941c1-bfa7-d8f9-c047-1e1ceefe2c2f">
      <Execution id="a1d61f75-5dec-409c-9aa7-4268fea4efbe" />
      <TestMethod codeBase="C:\Users\alena\Desktop\7_sem\testing_and_debugging\SkiResort\BL.Tests\bin\Debug\net6.0\BL.Tests.dll" adapterTypeName="executor://xunit/VsTestRunner2/netcoreapp" className="BL.Tests.UsersServiceTests" name="TestRegisterUserWithRepeatedEmail" />
    </UnitTest>
    <UnitTest name="BL.Tests.CheckPermissionsServiceTests.UnauthorizedHasNoAccessToAdminFunctions" storage="c:\users\alena\desktop\7_sem\testing_and_debugging\skiresort\bl.tests\bin\debug\net6.0\bl.tests.dll" id="e2d7e5be-3dae-33ae-fb17-c704b6fd58d6">
      <Execution id="01880086-e142-4030-810f-53590c7d7065" />
      <TestMethod codeBase="C:\Users\alena\Desktop\7_sem\testing_and_debugging\SkiResort\BL.Tests\bin\Debug\net6.0\BL.Tests.dll" adapterTypeName="executor://xunit/VsTestRunner2/netcoreapp" className="BL.Tests.CheckPermissionsServiceTests" name="UnauthorizedHasNoAccessToAdminFunctions" />
    </UnitTest>
    <UnitTest name="BL.Tests.TurnstilesServiceTest.TestAdminGetTurnstileAsync(userID: 162, turnstile: Turnstile { TurnstileID = 125, LiftID = 192, IsOpen = True }, checkPermissionServiceMock: Mock&lt;ICheckPermissionService:12&gt;, turnstilesRepositoryStub: Mock&lt;ITurnstilesRepository:6&gt;, sut: TurnstilesService { })" storage="c:\users\alena\desktop\7_sem\testing_and_debugging\skiresort\bl.tests\bin\debug\net6.0\bl.tests.dll" id="b6bf8168-2d92-2830-efe9-823409c747e3">
      <Execution id="eebae0a3-1eec-4857-bdd2-f035b2c1da33" />
      <TestMethod codeBase="C:\Users\alena\Desktop\7_sem\testing_and_debugging\SkiResort\BL.Tests\bin\Debug\net6.0\BL.Tests.dll" adapterTypeName="executor://xunit/VsTestRunner2/netcoreapp" className="BL.Tests.TurnstilesServiceTest" name="TestAdminGetTurnstileAsync" />
    </UnitTest>
    <UnitTest name="BL.Tests.UsersServiceTests.TestRegisterUserWithNoPassword" storage="c:\users\alena\desktop\7_sem\testing_and_debugging\skiresort\bl.tests\bin\debug\net6.0\bl.tests.dll" id="f44a1b21-8efc-bfac-63b4-d534442def31">
      <Execution id="1fb96dda-bf66-480a-960a-3de2117cbc7a" />
      <TestMethod codeBase="C:\Users\alena\Desktop\7_sem\testing_and_debugging\SkiResort\BL.Tests\bin\Debug\net6.0\BL.Tests.dll" adapterTypeName="executor://xunit/VsTestRunner2/netcoreapp" className="BL.Tests.UsersServiceTests" name="TestRegisterUserWithNoPassword" />
    </UnitTest>
    <UnitTest name="BL.Tests.SlopesServiceTest.TestGetSlopeInfoAsync(userID: 37, slope: Slope { SlopeID = 17, SlopeName = slopeName19d98c40-2657-42e2-b014-187a0f716f94, IsOpen = True, DifficultyLevel = 158, ConnectedLifts =  }, checkPermissionServiceMock: Mock&lt;ICheckPermissionService:6&gt;, slopesRepositoryStub: Mock&lt;ISlopesRepository:4&gt;, liftsSlopesRepositoryStub: Mock&lt;ILiftsSlopesRepository:9&gt;, sut: SlopesService { })" storage="c:\users\alena\desktop\7_sem\testing_and_debugging\skiresort\bl.tests\bin\debug\net6.0\bl.tests.dll" id="fef9facc-12c9-15bd-9b6f-7cc4c9496af9">
      <Execution id="c566b06a-5600-47cd-b1ec-7d4dc77528ab" />
      <TestMethod codeBase="C:\Users\alena\Desktop\7_sem\testing_and_debugging\SkiResort\BL.Tests\bin\Debug\net6.0\BL.Tests.dll" adapterTypeName="executor://xunit/VsTestRunner2/netcoreapp" className="BL.Tests.SlopesServiceTest" name="TestGetSlopeInfoAsync" />
    </UnitTest>
    <UnitTest name="BL.Tests.TurnstilesServiceTest.TestAdminAddAutoIncrementTurnstileAsync(userID: 2, turnstile: Turnstile { TurnstileID = 66, LiftID = 74, IsOpen = True }, checkPermissionServiceMock: Mock&lt;ICheckPermissionService:16&gt;, turnstilesRepositoryStub: Mock&lt;ITurnstilesRepository:10&gt;, sut: TurnstilesService { })" storage="c:\users\alena\desktop\7_sem\testing_and_debugging\skiresort\bl.tests\bin\debug\net6.0\bl.tests.dll" id="3357a020-1c31-7a59-0a9a-98bca15c9c1e">
      <Execution id="022889ea-fe14-46ca-b56c-ec731f913a89" />
      <TestMethod codeBase="C:\Users\alena\Desktop\7_sem\testing_and_debugging\SkiResort\BL.Tests\bin\Debug\net6.0\BL.Tests.dll" adapterTypeName="executor://xunit/VsTestRunner2/netcoreapp" className="BL.Tests.TurnstilesServiceTest" name="TestAdminAddAutoIncrementTurnstileAsync" />
    </UnitTest>
    <UnitTest name="BL.Tests.LiftsSlopesServiceTests.TestAdminAddAutoIncrementLiftSlopeAsync(lift: Lift { LiftID = 164, LiftName = liftName88aba3fe-212d-41c8-bfa5-621d2651869f, IsOpen = True, SeatsAmount = 141, LiftingTime = 211, QueueTime = 91, ConnectedSlopes =  }, slope: Slope { SlopeID = 134, SlopeName = slopeName96230be6-d5be-4d6a-a453-c27a656bd315, IsOpen = False, DifficultyLevel = 1, ConnectedLifts =  }, slopesRepositoryStub: Mock&lt;ISlopesRepository:3&gt;, ..." storage="c:\users\alena\desktop\7_sem\testing_and_debugging\skiresort\bl.tests\bin\debug\net6.0\bl.tests.dll" id="f7b5c659-eaa8-4a3d-6b97-26303aab4955">
      <Execution id="bb653341-49ee-4ffe-9cbe-606c36ad125e" />
      <TestMethod codeBase="C:\Users\alena\Desktop\7_sem\testing_and_debugging\SkiResort\BL.Tests\bin\Debug\net6.0\BL.Tests.dll" adapterTypeName="executor://xunit/VsTestRunner2/netcoreapp" className="BL.Tests.LiftsSlopesServiceTests" name="TestAdminAddAutoIncrementLiftSlopeAsync" />
    </UnitTest>
    <UnitTest name="BL.Tests.CheckPermissionsServiceTests.SkiPatrolHasNoAccessToAdminFunctions" storage="c:\users\alena\desktop\7_sem\testing_and_debugging\skiresort\bl.tests\bin\debug\net6.0\bl.tests.dll" id="492c0393-35b4-df26-a537-21ca08302f3c">
      <Execution id="a6515234-86ee-4a21-a232-3ecae2f228c4" />
      <TestMethod codeBase="C:\Users\alena\Desktop\7_sem\testing_and_debugging\SkiResort\BL.Tests\bin\Debug\net6.0\BL.Tests.dll" adapterTypeName="executor://xunit/VsTestRunner2/netcoreapp" className="BL.Tests.CheckPermissionsServiceTests" name="SkiPatrolHasNoAccessToAdminFunctions" />
    </UnitTest>
    <UnitTest name="BL.Tests.UsersServiceTests.TestAdminDeleteUser" storage="c:\users\alena\desktop\7_sem\testing_and_debugging\skiresort\bl.tests\bin\debug\net6.0\bl.tests.dll" id="18fa8c62-e27d-e1fc-8182-4d7db62b008d">
      <Execution id="775330c3-1117-49c2-8fd7-ff031209d488" />
      <TestMethod codeBase="C:\Users\alena\Desktop\7_sem\testing_and_debugging\SkiResort\BL.Tests\bin\Debug\net6.0\BL.Tests.dll" adapterTypeName="executor://xunit/VsTestRunner2/netcoreapp" className="BL.Tests.UsersServiceTests" name="TestAdminDeleteUser" />
    </UnitTest>
    <UnitTest name="BL.Tests.UsersServiceTests.TestLogInWithWrongPassword" storage="c:\users\alena\desktop\7_sem\testing_and_debugging\skiresort\bl.tests\bin\debug\net6.0\bl.tests.dll" id="69340bb6-3645-f9dd-971e-29d8b2a009bb">
      <Execution id="56c3ca5b-e2a4-456d-bde2-98fb3c08b130" />
      <TestMethod codeBase="C:\Users\alena\Desktop\7_sem\testing_and_debugging\SkiResort\BL.Tests\bin\Debug\net6.0\BL.Tests.dll" adapterTypeName="executor://xunit/VsTestRunner2/netcoreapp" className="BL.Tests.UsersServiceTests" name="TestLogInWithWrongPassword" />
    </UnitTest>
    <UnitTest name="BL.Tests.LiftsSlopesServiceTests.TestAdminDeleteLiftSlopeAsync(lift: Lift { LiftID = 69, LiftName = liftNamed06a73f7-fd7d-453b-86f3-8cd333466eb1, IsOpen = True, SeatsAmount = 193, LiftingTime = 41, QueueTime = 145, ConnectedSlopes =  }, slope: Slope { SlopeID = 237, SlopeName = slopeNamea9a11272-3886-4d2d-8a50-f3dab5b38d26, IsOpen = False, DifficultyLevel = 127, ConnectedLifts =  }, slopesRepositoryStub: Mock&lt;ISlopesRepository:2&gt;, liftsRepo..." storage="c:\users\alena\desktop\7_sem\testing_and_debugging\skiresort\bl.tests\bin\debug\net6.0\bl.tests.dll" id="ca4cd34c-f637-b1cd-d612-d77891c5cc61">
      <Execution id="13dbfe74-1457-4abc-a3ca-5a0e07b850ad" />
      <TestMethod codeBase="C:\Users\alena\Desktop\7_sem\testing_and_debugging\SkiResort\BL.Tests\bin\Debug\net6.0\BL.Tests.dll" adapterTypeName="executor://xunit/VsTestRunner2/netcoreapp" className="BL.Tests.LiftsSlopesServiceTests" name="TestAdminDeleteLiftSlopeAsync" />
    </UnitTest>
    <UnitTest name="BL.Tests.LiftsServiceTest.TestUpdateLiftInfoAsync(userID: 76, lift: Lift { LiftID = 205, LiftName = liftName5cb1081d-f766-4a02-bfe8-17042bbb95d2, IsOpen = True, SeatsAmount = 78, LiftingTime = 102, QueueTime = 6, ConnectedSlopes =  }, checkPermissionServiceMock: Mock&lt;ICheckPermissionService:3&gt;, liftsRepositoryStub: Mock&lt;ILiftsRepository:3&gt;, sut: LiftsService { })" storage="c:\users\alena\desktop\7_sem\testing_and_debugging\skiresort\bl.tests\bin\debug\net6.0\bl.tests.dll" id="9df020f3-34f2-b3b6-d91b-865b2d19ea8a">
      <Execution id="96fdedeb-bd11-451d-afc0-fbae3e960395" />
      <TestMethod codeBase="C:\Users\alena\Desktop\7_sem\testing_and_debugging\SkiResort\BL.Tests\bin\Debug\net6.0\BL.Tests.dll" adapterTypeName="executor://xunit/VsTestRunner2/netcoreapp" className="BL.Tests.LiftsServiceTest" name="TestUpdateLiftInfoAsync" />
    </UnitTest>
    <UnitTest name="BL.Tests.CheckPermissionsServiceTests.UnauthorizedHasNoAccessToAdminSkiPatrolFunctions(functionName: &quot;GetMessagesAsync&quot;)" storage="c:\users\alena\desktop\7_sem\testing_and_debugging\skiresort\bl.tests\bin\debug\net6.0\bl.tests.dll" id="229812f5-9a73-5335-11f5-31330d1348a5">
      <Execution id="12efa1ec-2e62-4fd1-8b7e-31c7d38d1f16" />
      <TestMethod codeBase="C:\Users\alena\Desktop\7_sem\testing_and_debugging\SkiResort\BL.Tests\bin\Debug\net6.0\BL.Tests.dll" adapterTypeName="executor://xunit/VsTestRunner2/netcoreapp" className="BL.Tests.CheckPermissionsServiceTests" name="UnauthorizedHasNoAccessToAdminSkiPatrolFunctions" />
    </UnitTest>
    <UnitTest name="BL.Tests.UsersServiceTests.TestRegisterUserWithNoEmail" storage="c:\users\alena\desktop\7_sem\testing_and_debugging\skiresort\bl.tests\bin\debug\net6.0\bl.tests.dll" id="8184bd30-991c-b78d-b4ec-99a485eac0dd">
      <Execution id="8a9a62d3-ed4b-43e7-801e-c72f43c2777b" />
      <TestMethod codeBase="C:\Users\alena\Desktop\7_sem\testing_and_debugging\SkiResort\BL.Tests\bin\Debug\net6.0\BL.Tests.dll" adapterTypeName="executor://xunit/VsTestRunner2/netcoreapp" className="BL.Tests.UsersServiceTests" name="TestRegisterUserWithNoEmail" />
    </UnitTest>
    <UnitTest name="BL.Tests.CheckPermissionsServiceTests.AuthorizedHasNoAccessToAdminSkiPatrolFunctions(functionName: &quot;GetMessagesAsync&quot;)" storage="c:\users\alena\desktop\7_sem\testing_and_debugging\skiresort\bl.tests\bin\debug\net6.0\bl.tests.dll" id="2602613f-c8e2-a6d9-fcf7-5b27d4a770a6">
      <Execution id="15310073-3603-4ca8-bf8d-6ccb05048c3f" />
      <TestMethod codeBase="C:\Users\alena\Desktop\7_sem\testing_and_debugging\SkiResort\BL.Tests\bin\Debug\net6.0\BL.Tests.dll" adapterTypeName="executor://xunit/VsTestRunner2/netcoreapp" className="BL.Tests.CheckPermissionsServiceTests" name="AuthorizedHasNoAccessToAdminSkiPatrolFunctions" />
    </UnitTest>
    <UnitTest name="BL.Tests.UsersServiceTests.TestRegisterOk" storage="c:\users\alena\desktop\7_sem\testing_and_debugging\skiresort\bl.tests\bin\debug\net6.0\bl.tests.dll" id="0eeef75f-6e38-7893-a8fe-cff3e0a970a7">
      <Execution id="eb4acd3a-ea7d-477c-8482-4c67b6d5547b" />
      <TestMethod codeBase="C:\Users\alena\Desktop\7_sem\testing_and_debugging\SkiResort\BL.Tests\bin\Debug\net6.0\BL.Tests.dll" adapterTypeName="executor://xunit/VsTestRunner2/netcoreapp" className="BL.Tests.UsersServiceTests" name="TestRegisterOk" />
    </UnitTest>
    <UnitTest name="BL.Tests.SlopesServiceTest.TestAdminDeleteSlopeAsync(userID: 171, slope: Slope { SlopeID = 246, SlopeName = slopeNamec9156d96-b20c-43bf-8036-b93c61f25d62, IsOpen = True, DifficultyLevel = 42, ConnectedLifts =  }, checkPermissionServiceMock: Mock&lt;ICheckPermissionService:9&gt;, slopesRepositoryStub: Mock&lt;ISlopesRepository:7&gt;, liftsSlopesRepositoryStub: Mock&lt;ILiftsSlopesRepository:12&gt;, sut: SlopesService { })" storage="c:\users\alena\desktop\7_sem\testing_and_debugging\skiresort\bl.tests\bin\debug\net6.0\bl.tests.dll" id="6cc6e11a-8e84-63e4-821f-e13326b095bd">
      <Execution id="b33be889-d150-458b-8c24-47d13ed984df" />
      <TestMethod codeBase="C:\Users\alena\Desktop\7_sem\testing_and_debugging\SkiResort\BL.Tests\bin\Debug\net6.0\BL.Tests.dll" adapterTypeName="executor://xunit/VsTestRunner2/netcoreapp" className="BL.Tests.SlopesServiceTest" name="TestAdminDeleteSlopeAsync" />
    </UnitTest>
    <UnitTest name="BL.Tests.CheckPermissionsServiceTests.UnauthorizedHasNoAccessToAuthorizedFunctions(functionName: &quot;LogOutAsync&quot;)" storage="c:\users\alena\desktop\7_sem\testing_and_debugging\skiresort\bl.tests\bin\debug\net6.0\bl.tests.dll" id="fa960c5e-f989-2880-784e-8efe538c5231">
      <Execution id="e99eaaf6-cc59-4f4f-a58c-ae3a04d7ad7f" />
      <TestMethod codeBase="C:\Users\alena\Desktop\7_sem\testing_and_debugging\SkiResort\BL.Tests\bin\Debug\net6.0\BL.Tests.dll" adapterTypeName="executor://xunit/VsTestRunner2/netcoreapp" className="BL.Tests.CheckPermissionsServiceTests" name="UnauthorizedHasNoAccessToAuthorizedFunctions" />
    </UnitTest>
    <UnitTest name="BL.Tests.SlopesServiceTest.TestAdminAddSlopeAsync(userID: 131, slope: Slope { SlopeID = 237, SlopeName = slopeNameaf0d6f22-5852-46c4-87a4-454102a3227c, IsOpen = True, DifficultyLevel = 191, ConnectedLifts =  }, checkPermissionServiceMock: Mock&lt;ICheckPermissionService:11&gt;, slopesRepositoryStub: Mock&lt;ISlopesRepository:9&gt;, sut: SlopesService { })" storage="c:\users\alena\desktop\7_sem\testing_and_debugging\skiresort\bl.tests\bin\debug\net6.0\bl.tests.dll" id="4a64e0a8-1413-f58a-dbfc-9b06b8f055cf">
      <Execution id="2cc15859-f9cd-4d24-8364-0a507f22f4a6" />
      <TestMethod codeBase="C:\Users\alena\Desktop\7_sem\testing_and_debugging\SkiResort\BL.Tests\bin\Debug\net6.0\BL.Tests.dll" adapterTypeName="executor://xunit/VsTestRunner2/netcoreapp" className="BL.Tests.SlopesServiceTest" name="TestAdminAddSlopeAsync" />
    </UnitTest>
    <UnitTest name="BL.Tests.SlopesServiceTest.TestGetSlopesInfoAsync(userID: 55, initialSlopes: [Slope { SlopeID = 78, SlopeName = slopeName8f0d22e7-791f-491e-ab12-761acf89336a, IsOpen = True, DifficultyLevel = 20, ConnectedLifts =  }, Slope { SlopeID = 182, SlopeName = slopeName46a2f21f-dd49-4622-9e28-3a45acf66845, IsOpen = False, DifficultyLevel = 229, ConnectedLifts =  }, Slope { SlopeID = 109, SlopeName = slopeName6d1cc9c1-d91f-4365-9315-39c6b3744632, IsO..." storage="c:\users\alena\desktop\7_sem\testing_and_debugging\skiresort\bl.tests\bin\debug\net6.0\bl.tests.dll" id="3428fca4-c0e0-7c94-7893-87e25afd3f7c">
      <Execution id="fd52e4f7-0a96-4670-a693-c3ed80824366" />
      <TestMethod codeBase="C:\Users\alena\Desktop\7_sem\testing_and_debugging\SkiResort\BL.Tests\bin\Debug\net6.0\BL.Tests.dll" adapterTypeName="executor://xunit/VsTestRunner2/netcoreapp" className="BL.Tests.SlopesServiceTest" name="TestGetSlopesInfoAsync" />
    </UnitTest>
    <UnitTest name="BL.Tests.TurnstilesServiceTest.TestAdminUpdateTurnstileAsync(userID: 9, turnstile: Turnstile { TurnstileID = 160, LiftID = 5, IsOpen = True }, checkPermissionServiceMock: Mock&lt;ICheckPermissionService:14&gt;, turnstilesRepositoryStub: Mock&lt;ITurnstilesRepository:8&gt;, sut: TurnstilesService { })" storage="c:\users\alena\desktop\7_sem\testing_and_debugging\skiresort\bl.tests\bin\debug\net6.0\bl.tests.dll" id="633245e8-e6f1-0080-37f0-17d14fda49b0">
      <Execution id="1db5e0cf-a9a7-4def-b90a-36664ee73cc5" />
      <TestMethod codeBase="C:\Users\alena\Desktop\7_sem\testing_and_debugging\SkiResort\BL.Tests\bin\Debug\net6.0\BL.Tests.dll" adapterTypeName="executor://xunit/VsTestRunner2/netcoreapp" className="BL.Tests.TurnstilesServiceTest" name="TestAdminUpdateTurnstileAsync" />
    </UnitTest>
    <UnitTest name="BL.Tests.LiftsServiceTest.TestGetLiftsInfoAsync(userID: 37, initialLifts: [Lift { LiftID = 196, LiftName = liftNamed1771a0f-989b-4b4d-afb9-3b458d190882, IsOpen = True, SeatsAmount = 43, LiftingTime = 66, QueueTime = 38, ConnectedSlopes =  }, Lift { LiftID = 109, LiftName = liftName66eb4ed2-ca4f-4b7c-b275-32577e5c599d, IsOpen = False, SeatsAmount = 76, LiftingTime = 209, QueueTime = 125, ConnectedSlopes =  }, Lift { LiftID = 75, LiftName = l..." storage="c:\users\alena\desktop\7_sem\testing_and_debugging\skiresort\bl.tests\bin\debug\net6.0\bl.tests.dll" id="e0159929-83e9-944b-2bdc-159cacdd58e5">
      <Execution id="32599977-0bdd-4792-97ff-e8f089977417" />
      <TestMethod codeBase="C:\Users\alena\Desktop\7_sem\testing_and_debugging\SkiResort\BL.Tests\bin\Debug\net6.0\BL.Tests.dll" adapterTypeName="executor://xunit/VsTestRunner2/netcoreapp" className="BL.Tests.LiftsServiceTest" name="TestGetLiftsInfoAsync" />
    </UnitTest>
    <UnitTest name="BL.Tests.UsersServiceTests.TestAdminUpdateUser" storage="c:\users\alena\desktop\7_sem\testing_and_debugging\skiresort\bl.tests\bin\debug\net6.0\bl.tests.dll" id="06d0bc3a-24a0-fb7f-4277-e9ae6d21c7dd">
      <Execution id="20984141-76a9-4cc0-8c7a-f606f9095a04" />
      <TestMethod codeBase="C:\Users\alena\Desktop\7_sem\testing_and_debugging\SkiResort\BL.Tests\bin\Debug\net6.0\BL.Tests.dll" adapterTypeName="executor://xunit/VsTestRunner2/netcoreapp" className="BL.Tests.UsersServiceTests" name="TestAdminUpdateUser" />
    </UnitTest>
    <UnitTest name="BL.Tests.LiftsServiceTest.TestAdminDeleteLiftAsync(userID: 157, lift: Lift { LiftID = 111, LiftName = liftName41dce06c-8ee7-4063-a434-ed3e788dec6f, IsOpen = True, SeatsAmount = 227, LiftingTime = 87, QueueTime = 37, ConnectedSlopes =  }, checkPermissionServiceMock: Mock&lt;ICheckPermissionService:4&gt;, liftsRepositoryStub: Mock&lt;ILiftsRepository:4&gt;, liftsSlopesRepositoryStub: Mock&lt;ILiftsSlopesRepository:4&gt;, sut: LiftsService { })" storage="c:\users\alena\desktop\7_sem\testing_and_debugging\skiresort\bl.tests\bin\debug\net6.0\bl.tests.dll" id="d12b73d3-6c67-02a8-7e6e-a7696ca5954b">
      <Execution id="45cafa7c-0967-4bf9-9eaf-615e2700b55c" />
      <TestMethod codeBase="C:\Users\alena\Desktop\7_sem\testing_and_debugging\SkiResort\BL.Tests\bin\Debug\net6.0\BL.Tests.dll" adapterTypeName="executor://xunit/VsTestRunner2/netcoreapp" className="BL.Tests.LiftsServiceTest" name="TestAdminDeleteLiftAsync" />
    </UnitTest>
    <UnitTest name="BL.Tests.UsersServiceTests.TestAdminGetUserByIDAsync" storage="c:\users\alena\desktop\7_sem\testing_and_debugging\skiresort\bl.tests\bin\debug\net6.0\bl.tests.dll" id="e5497347-2721-b7a6-0bd4-69a9921f6947">
      <Execution id="81464a75-d17e-4fee-ba15-0876c3b50b7d" />
      <TestMethod codeBase="C:\Users\alena\Desktop\7_sem\testing_and_debugging\SkiResort\BL.Tests\bin\Debug\net6.0\BL.Tests.dll" adapterTypeName="executor://xunit/VsTestRunner2/netcoreapp" className="BL.Tests.UsersServiceTests" name="TestAdminGetUserByIDAsync" />
    </UnitTest>
    <UnitTest name="BL.Tests.LiftsServiceTest.TestGetLiftInfoAsync(userID: 8, lift: Lift { LiftID = 10, LiftName = liftName2954cb02-c364-44cd-9733-9890c480bdb3, IsOpen = True, SeatsAmount = 69, LiftingTime = 194, QueueTime = 208, ConnectedSlopes =  }, checkPermissionServiceMock: Mock&lt;ICheckPermissionService:1&gt;, liftsRepositoryStub: Mock&lt;ILiftsRepository:1&gt;, liftsSlopesRepositoryStub: Mock&lt;ILiftsSlopesRepository:1&gt;, sut: LiftsService { })" storage="c:\users\alena\desktop\7_sem\testing_and_debugging\skiresort\bl.tests\bin\debug\net6.0\bl.tests.dll" id="ecb9560d-0fbe-5ed5-50b0-70373bcb3ccd">
      <Execution id="facaad38-9fe6-4de3-a26e-c08f88020cfe" />
      <TestMethod codeBase="C:\Users\alena\Desktop\7_sem\testing_and_debugging\SkiResort\BL.Tests\bin\Debug\net6.0\BL.Tests.dll" adapterTypeName="executor://xunit/VsTestRunner2/netcoreapp" className="BL.Tests.LiftsServiceTest" name="TestGetLiftInfoAsync" />
    </UnitTest>
    <UnitTest name="BL.Tests.UsersServiceTests.TestAdminGetUsers" storage="c:\users\alena\desktop\7_sem\testing_and_debugging\skiresort\bl.tests\bin\debug\net6.0\bl.tests.dll" id="20ad8570-0170-85de-dcd7-2f109dd7bcd6">
      <Execution id="7e0cf361-14c8-4145-83a2-27399288e5b6" />
      <TestMethod codeBase="C:\Users\alena\Desktop\7_sem\testing_and_debugging\SkiResort\BL.Tests\bin\Debug\net6.0\BL.Tests.dll" adapterTypeName="executor://xunit/VsTestRunner2/netcoreapp" className="BL.Tests.UsersServiceTests" name="TestAdminGetUsers" />
    </UnitTest>
    <UnitTest name="BL.Tests.SlopesServiceTest.TestUpdateSlopeInfoAsync(userID: 38, slope: Slope { SlopeID = 14, SlopeName = slopeName423f3789-17dc-425f-a641-9c0177d35417, IsOpen = True, DifficultyLevel = 180, ConnectedLifts =  }, checkPermissionServiceMock: Mock&lt;ICheckPermissionService:8&gt;, slopesRepositoryStub: Mock&lt;ISlopesRepository:6&gt;, sut: SlopesService { })" storage="c:\users\alena\desktop\7_sem\testing_and_debugging\skiresort\bl.tests\bin\debug\net6.0\bl.tests.dll" id="210f7062-433d-5c66-7f96-148542ec7eb1">
      <Execution id="75a7b73a-5265-4991-87fd-12cc4e668f8b" />
      <TestMethod codeBase="C:\Users\alena\Desktop\7_sem\testing_and_debugging\SkiResort\BL.Tests\bin\Debug\net6.0\BL.Tests.dll" adapterTypeName="executor://xunit/VsTestRunner2/netcoreapp" className="BL.Tests.SlopesServiceTest" name="TestUpdateSlopeInfoAsync" />
    </UnitTest>
    <UnitTest name="BL.Tests.TurnstilesServiceTest.TestAdminDeleteTurnstileAsync(userID: 57, turnstile: Turnstile { TurnstileID = 141, LiftID = 132, IsOpen = True }, checkPermissionServiceMock: Mock&lt;ICheckPermissionService:15&gt;, turnstilesRepositoryStub: Mock&lt;ITurnstilesRepository:9&gt;, sut: TurnstilesService { })" storage="c:\users\alena\desktop\7_sem\testing_and_debugging\skiresort\bl.tests\bin\debug\net6.0\bl.tests.dll" id="6f9a6964-9153-9f02-77d5-3f34932c3014">
      <Execution id="cac9c0d2-333c-4499-82c6-11bb0fc3e21f" />
      <TestMethod codeBase="C:\Users\alena\Desktop\7_sem\testing_and_debugging\SkiResort\BL.Tests\bin\Debug\net6.0\BL.Tests.dll" adapterTypeName="executor://xunit/VsTestRunner2/netcoreapp" className="BL.Tests.TurnstilesServiceTest" name="TestAdminDeleteTurnstileAsync" />
    </UnitTest>
  </TestDefinitions>
  <TestEntries>
    <TestEntry testId="6f9a6964-9153-9f02-77d5-3f34932c3014" executionId="cac9c0d2-333c-4499-82c6-11bb0fc3e21f" testListId="8c84fa94-04c1-424b-9868-57a2d4851a1d" />
    <TestEntry testId="3428fca4-c0e0-7c94-7893-87e25afd3f7c" executionId="fd52e4f7-0a96-4670-a693-c3ed80824366" testListId="8c84fa94-04c1-424b-9868-57a2d4851a1d" />
    <TestEntry testId="a19a5fcf-c5d2-7d44-5d7d-84403042f4e0" executionId="7d235a44-9b07-4e4d-9d7b-0fe6914eb016" testListId="8c84fa94-04c1-424b-9868-57a2d4851a1d" />
    <TestEntry testId="69340bb6-3645-f9dd-971e-29d8b2a009bb" executionId="56c3ca5b-e2a4-456d-bde2-98fb3c08b130" testListId="8c84fa94-04c1-424b-9868-57a2d4851a1d" />
    <TestEntry testId="1ca07ad8-f799-c5d4-e7cc-34fd950198a2" executionId="67974dde-564c-4c86-8f44-a30a2da0322e" testListId="8c84fa94-04c1-424b-9868-57a2d4851a1d" />
    <TestEntry testId="9c7df5e2-1b23-ebea-889f-b78ca86b60ab" executionId="e8aa3dd2-ebed-4638-adf4-d3b43393a88c" testListId="8c84fa94-04c1-424b-9868-57a2d4851a1d" />
    <TestEntry testId="387c9729-48c1-486e-5e67-f5d11a9f0db8" executionId="aadc7464-dbc4-4e43-90ac-a43530baba16" testListId="8c84fa94-04c1-424b-9868-57a2d4851a1d" />
    <TestEntry testId="20ad8570-0170-85de-dcd7-2f109dd7bcd6" executionId="7e0cf361-14c8-4145-83a2-27399288e5b6" testListId="8c84fa94-04c1-424b-9868-57a2d4851a1d" />
    <TestEntry testId="f3efc418-a8a6-c7b7-9bac-90b33aa8472f" executionId="2ece2b46-880c-4a6d-b733-e9335ac07565" testListId="8c84fa94-04c1-424b-9868-57a2d4851a1d" />
    <TestEntry testId="6cc6e11a-8e84-63e4-821f-e13326b095bd" executionId="b33be889-d150-458b-8c24-47d13ed984df" testListId="8c84fa94-04c1-424b-9868-57a2d4851a1d" />
    <TestEntry testId="d12b73d3-6c67-02a8-7e6e-a7696ca5954b" executionId="45cafa7c-0967-4bf9-9eaf-615e2700b55c" testListId="8c84fa94-04c1-424b-9868-57a2d4851a1d" />
    <TestEntry testId="ca4cd34c-f637-b1cd-d612-d77891c5cc61" executionId="13dbfe74-1457-4abc-a3ca-5a0e07b850ad" testListId="8c84fa94-04c1-424b-9868-57a2d4851a1d" />
    <TestEntry testId="229812f5-9a73-5335-11f5-31330d1348a5" executionId="12efa1ec-2e62-4fd1-8b7e-31c7d38d1f16" testListId="8c84fa94-04c1-424b-9868-57a2d4851a1d" />
    <TestEntry testId="06d0bc3a-24a0-fb7f-4277-e9ae6d21c7dd" executionId="20984141-76a9-4cc0-8c7a-f606f9095a04" testListId="8c84fa94-04c1-424b-9868-57a2d4851a1d" />
    <TestEntry testId="f7b5c659-eaa8-4a3d-6b97-26303aab4955" executionId="bb653341-49ee-4ffe-9cbe-606c36ad125e" testListId="8c84fa94-04c1-424b-9868-57a2d4851a1d" />
    <TestEntry testId="633245e8-e6f1-0080-37f0-17d14fda49b0" executionId="1db5e0cf-a9a7-4def-b90a-36664ee73cc5" testListId="8c84fa94-04c1-424b-9868-57a2d4851a1d" />
    <TestEntry testId="2d706594-f2b3-b3c8-21d4-86c9798c3306" executionId="19e1e317-c9f4-4c5e-9f64-a0fb27e8619d" testListId="8c84fa94-04c1-424b-9868-57a2d4851a1d" />
    <TestEntry testId="3357a020-1c31-7a59-0a9a-98bca15c9c1e" executionId="022889ea-fe14-46ca-b56c-ec731f913a89" testListId="8c84fa94-04c1-424b-9868-57a2d4851a1d" />
    <TestEntry testId="39be9b5e-0bc4-57dc-37d3-aec6b520299d" executionId="c59b9e2d-eaa9-4983-b344-e638b0c04034" testListId="8c84fa94-04c1-424b-9868-57a2d4851a1d" />
    <TestEntry testId="eaabd2fc-2f4b-5689-59c8-c7ad34a8f634" executionId="b5345690-021b-43e5-bab5-1a3f59dc0193" testListId="8c84fa94-04c1-424b-9868-57a2d4851a1d" />
    <TestEntry testId="ff93d90d-73cd-ff80-de56-fc5e21dcd1fb" executionId="e18f54ec-fb53-4a34-ba4d-70fb41fd9417" testListId="8c84fa94-04c1-424b-9868-57a2d4851a1d" />
    <TestEntry testId="8184bd30-991c-b78d-b4ec-99a485eac0dd" executionId="8a9a62d3-ed4b-43e7-801e-c72f43c2777b" testListId="8c84fa94-04c1-424b-9868-57a2d4851a1d" />
    <TestEntry testId="fa960c5e-f989-2880-784e-8efe538c5231" executionId="e99eaaf6-cc59-4f4f-a58c-ae3a04d7ad7f" testListId="8c84fa94-04c1-424b-9868-57a2d4851a1d" />
    <TestEntry testId="60bd668f-04df-da5e-b79b-5d9aedb5234d" executionId="f225ee58-ac7d-4f50-9e5c-5f0fb4b91150" testListId="8c84fa94-04c1-424b-9868-57a2d4851a1d" />
    <TestEntry testId="4a64e0a8-1413-f58a-dbfc-9b06b8f055cf" executionId="2cc15859-f9cd-4d24-8364-0a507f22f4a6" testListId="8c84fa94-04c1-424b-9868-57a2d4851a1d" />
    <TestEntry testId="4f297306-d4f3-8d63-e7f4-1ac0b8c58c74" executionId="cb107ee5-ea60-4ff1-afff-2c6f2be03e3f" testListId="8c84fa94-04c1-424b-9868-57a2d4851a1d" />
    <TestEntry testId="492c0393-35b4-df26-a537-21ca08302f3c" executionId="a6515234-86ee-4a21-a232-3ecae2f228c4" testListId="8c84fa94-04c1-424b-9868-57a2d4851a1d" />
    <TestEntry testId="fef9facc-12c9-15bd-9b6f-7cc4c9496af9" executionId="c566b06a-5600-47cd-b1ec-7d4dc77528ab" testListId="8c84fa94-04c1-424b-9868-57a2d4851a1d" />
    <TestEntry testId="ecb9560d-0fbe-5ed5-50b0-70373bcb3ccd" executionId="facaad38-9fe6-4de3-a26e-c08f88020cfe" testListId="8c84fa94-04c1-424b-9868-57a2d4851a1d" />
    <TestEntry testId="9df020f3-34f2-b3b6-d91b-865b2d19ea8a" executionId="96fdedeb-bd11-451d-afc0-fbae3e960395" testListId="8c84fa94-04c1-424b-9868-57a2d4851a1d" />
    <TestEntry testId="834c739b-eca4-b36d-6a66-5a1bd75377b8" executionId="5ab09c8a-d6b0-4ddf-a0fd-9356719e5d1a" testListId="8c84fa94-04c1-424b-9868-57a2d4851a1d" />
    <TestEntry testId="18fa8c62-e27d-e1fc-8182-4d7db62b008d" executionId="775330c3-1117-49c2-8fd7-ff031209d488" testListId="8c84fa94-04c1-424b-9868-57a2d4851a1d" />
    <TestEntry testId="8be29e7b-12d2-fe0c-df5c-3e53c41f41de" executionId="1e29faf0-068f-44f5-9a41-7479b89878fa" testListId="8c84fa94-04c1-424b-9868-57a2d4851a1d" />
    <TestEntry testId="f44a1b21-8efc-bfac-63b4-d534442def31" executionId="1fb96dda-bf66-480a-960a-3de2117cbc7a" testListId="8c84fa94-04c1-424b-9868-57a2d4851a1d" />
    <TestEntry testId="e2d7e5be-3dae-33ae-fb17-c704b6fd58d6" executionId="01880086-e142-4030-810f-53590c7d7065" testListId="8c84fa94-04c1-424b-9868-57a2d4851a1d" />
    <TestEntry testId="c36970dc-93f7-753e-fa47-157133b01644" executionId="77d11f27-9d1e-49f7-b941-79911e1b7cf0" testListId="8c84fa94-04c1-424b-9868-57a2d4851a1d" />
    <TestEntry testId="b6bf8168-2d92-2830-efe9-823409c747e3" executionId="eebae0a3-1eec-4857-bdd2-f035b2c1da33" testListId="8c84fa94-04c1-424b-9868-57a2d4851a1d" />
    <TestEntry testId="e5497347-2721-b7a6-0bd4-69a9921f6947" executionId="81464a75-d17e-4fee-ba15-0876c3b50b7d" testListId="8c84fa94-04c1-424b-9868-57a2d4851a1d" />
    <TestEntry testId="aa28a6b3-21d3-aa45-24d3-bef2facbc899" executionId="7426235f-52e7-41a8-8e43-88eaf3e1c0b0" testListId="8c84fa94-04c1-424b-9868-57a2d4851a1d" />
    <TestEntry testId="b6ef7086-f97f-bc01-6b07-9c35614ee70b" executionId="cd39441d-6c70-45f2-943e-5776b8b63384" testListId="8c84fa94-04c1-424b-9868-57a2d4851a1d" />
    <TestEntry testId="644ec43e-70cd-c82d-42e7-0d990be1414d" executionId="0222a3a0-2d98-4f77-a746-a9f36a1ac865" testListId="8c84fa94-04c1-424b-9868-57a2d4851a1d" />
    <TestEntry testId="a2e59116-cb53-1d70-9cb8-21c286516866" executionId="485b46b4-89d8-432d-ad59-c4d50d7e1a9e" testListId="8c84fa94-04c1-424b-9868-57a2d4851a1d" />
    <TestEntry testId="0eeef75f-6e38-7893-a8fe-cff3e0a970a7" executionId="eb4acd3a-ea7d-477c-8482-4c67b6d5547b" testListId="8c84fa94-04c1-424b-9868-57a2d4851a1d" />
    <TestEntry testId="894941c1-bfa7-d8f9-c047-1e1ceefe2c2f" executionId="a1d61f75-5dec-409c-9aa7-4268fea4efbe" testListId="8c84fa94-04c1-424b-9868-57a2d4851a1d" />
    <TestEntry testId="2602613f-c8e2-a6d9-fcf7-5b27d4a770a6" executionId="15310073-3603-4ca8-bf8d-6ccb05048c3f" testListId="8c84fa94-04c1-424b-9868-57a2d4851a1d" />
    <TestEntry testId="210f7062-433d-5c66-7f96-148542ec7eb1" executionId="75a7b73a-5265-4991-87fd-12cc4e668f8b" testListId="8c84fa94-04c1-424b-9868-57a2d4851a1d" />
    <TestEntry testId="e0159929-83e9-944b-2bdc-159cacdd58e5" executionId="32599977-0bdd-4792-97ff-e8f089977417" testListId="8c84fa94-04c1-424b-9868-57a2d4851a1d" />
  </TestEntries>
  <TestLists>
    <TestList name="Список результатов" id="8c84fa94-04c1-424b-9868-57a2d4851a1d" />
    <TestList name="Все загруженные результаты" id="19431567-8539-422a-85d7-44ee4e166bda" />
  </TestLists>
  <ResultSummary outcome="Completed">
    <Counters total="47" executed="47" passed="47" failed="0" error="0" timeout="0" aborted="0" inconclusive="0" passedButRunAborted="0" notRunnable="0" notExecuted="0" disconnected="0" warning="0" completed="0" inProgress="0" pending="0" />
    <Output>
      <StdOut>[xUnit.net 00:00:00.00] xUnit.net VSTest Adapter v2.4.5+1caef2f33e (64-bit .NET 6.0.3)&#xD;
[xUnit.net 00:00:00.45]   Discovering: BL.Tests&#xD;
[xUnit.net 00:00:00.64]   Discovered:  BL.Tests&#xD;
[xUnit.net 00:00:00.64]   Starting:    BL.Tests&#xD;
[xUnit.net 00:00:00.88]   Finished:    BL.Tests&#xD;
</StdOut>
    </Output>
  </ResultSummary>
</TestRun>