<?xml version="1.0" encoding="utf-8"?>
<TestRun id="4f55fc9e-a331-414e-966b-15f3a9e03800" name="alena@DESKTOP-TJ9D65N 2022-10-15 21:36:16" runUser="DESKTOP-TJ9D65N\alena" xmlns="http://microsoft.com/schemas/VisualStudio/TeamTest/2010">
  <Times creation="2022-10-15T21:36:16.9276005+03:00" queuing="2022-10-15T21:36:16.9276009+03:00" start="2022-10-15T21:36:15.4149171+03:00" finish="2022-10-15T21:36:16.9910711+03:00" />
  <TestSettings name="default" id="02be9874-4d5e-426d-8e20-3a791182ed8a">
    <Deployment runDeploymentRoot="alena_DESKTOP-TJ9D65N_2022-10-15_21_36_16" />
  </TestSettings>
  <Results>
    <UnitTestResult executionId="a58ead0d-13da-4177-af9b-a0525f5afa93" testId="a2e59116-cb53-1d70-9cb8-21c286516866" testName="BL.Tests.CheckPermissionsServiceTests.AuthorizedHasNoAccessToAdminFunctions" computerName="DESKTOP-TJ9D65N" duration="00:00:00.0030990" startTime="2022-10-15T21:36:16.8888448+03:00" endTime="2022-10-15T21:36:16.8888449+03:00" testType="13cdc9d9-ddb5-4fa4-a97d-d965ccfc6d4b" outcome="Passed" testListId="8c84fa94-04c1-424b-9868-57a2d4851a1d" relativeResultsDirectory="a58ead0d-13da-4177-af9b-a0525f5afa93" />
    <UnitTestResult executionId="a29eb59e-8615-4793-b363-5239a3a37657" testId="fa960c5e-f989-2880-784e-8efe538c5231" testName="BL.Tests.CheckPermissionsServiceTests.UnauthorizedHasNoAccessToAuthorizedFunctions(functionName: &quot;LogOutAsync&quot;)" computerName="DESKTOP-TJ9D65N" duration="00:00:00.0012689" startTime="2022-10-15T21:36:16.8807037+03:00" endTime="2022-10-15T21:36:16.8807038+03:00" testType="13cdc9d9-ddb5-4fa4-a97d-d965ccfc6d4b" outcome="Passed" testListId="8c84fa94-04c1-424b-9868-57a2d4851a1d" relativeResultsDirectory="a29eb59e-8615-4793-b363-5239a3a37657" />
    <UnitTestResult executionId="be286639-580d-41ca-b5ef-ffec4f654fc7" testId="728555db-0aba-a02b-5219-164bd626e01a" testName="BL.Tests.TurnstilesServiceTest.TestAdminGetTurnstilesAsync(userID: 129, initialTurnstiles: [Turnstile { TurnstileID = 75, LiftID = 171, IsOpen = True }, Turnstile { TurnstileID = 243, LiftID = 118, IsOpen = False }, Turnstile { TurnstileID = 112, LiftID = 201, IsOpen = True }], checkPermissionServiceMock: Mock&lt;ICheckPermissionService:13&gt;, turnstilesRepositoryStub: Mock&lt;ITurnstilesRepository:7&gt;, sut: TurnstilesService { })" computerName="DESKTOP-TJ9D65N" duration="00:00:00.0340363" startTime="2022-10-15T21:36:16.7924509+03:00" endTime="2022-10-15T21:36:16.7924509+03:00" testType="13cdc9d9-ddb5-4fa4-a97d-d965ccfc6d4b" outcome="Passed" testListId="8c84fa94-04c1-424b-9868-57a2d4851a1d" relativeResultsDirectory="be286639-580d-41ca-b5ef-ffec4f654fc7" />
    <UnitTestResult executionId="0734644f-4c9f-41f0-92f0-7142dee1ed15" testId="1ca07ad8-f799-c5d4-e7cc-34fd950198a2" testName="BL.Tests.UsersServiceTests.TestLogInOk" computerName="DESKTOP-TJ9D65N" duration="00:00:00.0027555" startTime="2022-10-15T21:36:16.8888795+03:00" endTime="2022-10-15T21:36:16.8888796+03:00" testType="13cdc9d9-ddb5-4fa4-a97d-d965ccfc6d4b" outcome="Passed" testListId="8c84fa94-04c1-424b-9868-57a2d4851a1d" relativeResultsDirectory="0734644f-4c9f-41f0-92f0-7142dee1ed15" />
    <UnitTestResult executionId="7c4872d4-5a9f-47ec-979a-36605a780404" testId="482be8a5-4df7-cf22-08c5-68d464188cfc" testName="BL.Tests.LiftsServiceTest.TestAdminAddAutoIncrementLiftAsync(userID: 207, lift: Lift { LiftID = 30, LiftName = liftName11193f0e-37e1-4051-8da7-75fffe70198f, IsOpen = True, SeatsAmount = 88, LiftingTime = 71, QueueTime = 46, ConnectedSlopes =  }, checkPermissionServiceMock: Mock&lt;ICheckPermissionService:5&gt;, liftsRepositoryStub: Mock&lt;ILiftsRepository:5&gt;, sut: LiftsService { })" computerName="DESKTOP-TJ9D65N" duration="00:00:00.0223968" startTime="2022-10-15T21:36:16.8875076+03:00" endTime="2022-10-15T21:36:16.8875078+03:00" testType="13cdc9d9-ddb5-4fa4-a97d-d965ccfc6d4b" outcome="Passed" testListId="8c84fa94-04c1-424b-9868-57a2d4851a1d" relativeResultsDirectory="7c4872d4-5a9f-47ec-979a-36605a780404" />
    <UnitTestResult executionId="406489b9-6b26-4c3c-82d7-aefb29491e97" testId="28e4ce44-0240-a82d-6352-060aa03d06e8" testName="BL.Tests.LiftsServiceTest.TestGetLiftsInfoAsync(userID: 232, initialLifts: [Lift { LiftID = 158, LiftName = liftName576cfd1e-73be-4d1e-823d-50e6aefc3e92, IsOpen = True, SeatsAmount = 176, LiftingTime = 25, QueueTime = 40, ConnectedSlopes =  }, Lift { LiftID = 146, LiftName = liftName10649461-3061-4184-8866-fecb7e53fd02, IsOpen = False, SeatsAmount = 116, LiftingTime = 227, QueueTime = 4, ConnectedSlopes =  }, Lift { LiftID = 32, LiftName = liftName90ed5712-b16c-494d-a032-3524dd94dbc9, IsOpen = True, SeatsAmount = 136, LiftingTime = 207, QueueTime = 234, ConnectedSlopes =  }], checkPermissionServiceMock: Mock&lt;ICheckPermissionService:2&gt;, liftsRepositoryStub: Mock&lt;ILiftsRepository:2&gt;, liftsSlopesRepositoryStub: Mock&lt;ILiftsSlopesRepository:2&gt;, sut: LiftsService { })" computerName="DESKTOP-TJ9D65N" duration="00:00:00.0109319" startTime="2022-10-15T21:36:16.8785520+03:00" endTime="2022-10-15T21:36:16.8785522+03:00" testType="13cdc9d9-ddb5-4fa4-a97d-d965ccfc6d4b" outcome="Passed" testListId="8c84fa94-04c1-424b-9868-57a2d4851a1d" relativeResultsDirectory="406489b9-6b26-4c3c-82d7-aefb29491e97" />
    <UnitTestResult executionId="6cdbb7f8-dc0e-4de5-90f4-95fe1f1969bb" testId="8b1ba20a-6b08-3982-bc96-5b620d7e2ec4" testName="BL.Tests.SlopesServiceTest.TestAdminAddSlopeAsync(userID: 84, slope: Slope { SlopeID = 4, SlopeName = slopeNamed5c45a57-fb20-4433-b62d-3f631768d2f5, IsOpen = True, DifficultyLevel = 94, ConnectedLifts =  }, checkPermissionServiceMock: Mock&lt;ICheckPermissionService:11&gt;, slopesRepositoryStub: Mock&lt;ISlopesRepository:9&gt;, sut: SlopesService { })" computerName="DESKTOP-TJ9D65N" duration="00:00:00.0049992" startTime="2022-10-15T21:36:16.8882223+03:00" endTime="2022-10-15T21:36:16.8882225+03:00" testType="13cdc9d9-ddb5-4fa4-a97d-d965ccfc6d4b" outcome="Passed" testListId="8c84fa94-04c1-424b-9868-57a2d4851a1d" relativeResultsDirectory="6cdbb7f8-dc0e-4de5-90f4-95fe1f1969bb" />
    <UnitTestResult executionId="1529a663-0bbd-411b-9ada-622908a61ef2" testId="d8e174b5-87b4-9d07-4de5-46327a25ae5e" testName="BL.Tests.SlopesServiceTest.TestUpdateSlopeInfoAsync(userID: 158, slope: Slope { SlopeID = 233, SlopeName = slopeNameff73da82-f98e-4a43-8d1b-c130258e58e9, IsOpen = True, DifficultyLevel = 223, ConnectedLifts =  }, checkPermissionServiceMock: Mock&lt;ICheckPermissionService:8&gt;, slopesRepositoryStub: Mock&lt;ISlopesRepository:6&gt;, sut: SlopesService { })" computerName="DESKTOP-TJ9D65N" duration="00:00:00.0138768" startTime="2022-10-15T21:36:16.8818028+03:00" endTime="2022-10-15T21:36:16.8818029+03:00" testType="13cdc9d9-ddb5-4fa4-a97d-d965ccfc6d4b" outcome="Passed" testListId="8c84fa94-04c1-424b-9868-57a2d4851a1d" relativeResultsDirectory="1529a663-0bbd-411b-9ada-622908a61ef2" />
    <UnitTestResult executionId="2188d5d5-056d-4071-92e9-72fba7a4e4ea" testId="33a07324-d719-6b61-5ea4-565c12739bfa" testName="BL.Tests.TurnstilesServiceTest.TestAdminDeleteTurnstileAsync(userID: 183, turnstile: Turnstile { TurnstileID = 161, LiftID = 38, IsOpen = True }, checkPermissionServiceMock: Mock&lt;ICheckPermissionService:15&gt;, turnstilesRepositoryStub: Mock&lt;ITurnstilesRepository:9&gt;, sut: TurnstilesService { })" computerName="DESKTOP-TJ9D65N" duration="00:00:00.0044463" startTime="2022-10-15T21:36:16.8798090+03:00" endTime="2022-10-15T21:36:16.8798090+03:00" testType="13cdc9d9-ddb5-4fa4-a97d-d965ccfc6d4b" outcome="Passed" testListId="8c84fa94-04c1-424b-9868-57a2d4851a1d" relativeResultsDirectory="2188d5d5-056d-4071-92e9-72fba7a4e4ea" />
    <UnitTestResult executionId="ff900bb0-0520-406d-aeea-c23ffa96cff9" testId="8184bd30-991c-b78d-b4ec-99a485eac0dd" testName="BL.Tests.UsersServiceTests.TestRegisterUserWithNoEmail" computerName="DESKTOP-TJ9D65N" duration="00:00:00.0031338" startTime="2022-10-15T21:36:16.8780464+03:00" endTime="2022-10-15T21:36:16.8780464+03:00" testType="13cdc9d9-ddb5-4fa4-a97d-d965ccfc6d4b" outcome="Passed" testListId="8c84fa94-04c1-424b-9868-57a2d4851a1d" relativeResultsDirectory="ff900bb0-0520-406d-aeea-c23ffa96cff9" />
    <UnitTestResult executionId="df666ed9-2d84-4a99-a12d-d9f12366afc0" testId="2d706594-f2b3-b3c8-21d4-86c9798c3306" testName="BL.Tests.CheckPermissionsServiceTests.SkiPatrolHasAccessToAdminSkiPatrolFunctions(functionName: &quot;GetLiftsSlopesInfoAsync&quot;)" computerName="DESKTOP-TJ9D65N" duration="00:00:00.0063328" startTime="2022-10-15T21:36:16.8810179+03:00" endTime="2022-10-15T21:36:16.8810180+03:00" testType="13cdc9d9-ddb5-4fa4-a97d-d965ccfc6d4b" outcome="Passed" testListId="8c84fa94-04c1-424b-9868-57a2d4851a1d" relativeResultsDirectory="df666ed9-2d84-4a99-a12d-d9f12366afc0" />
    <UnitTestResult executionId="d2eb1c3b-3b01-4514-bcb2-bebc494bc2c0" testId="379ae60c-3290-05c7-07a5-3b2366fcadf4" testName="BL.Tests.LiftsServiceTest.TestAdminDeleteLiftAsync(userID: 192, lift: Lift { LiftID = 6, LiftName = liftNamedddc1158-2c89-40ef-b445-ec687f14aadf, IsOpen = True, SeatsAmount = 177, LiftingTime = 129, QueueTime = 133, ConnectedSlopes =  }, checkPermissionServiceMock: Mock&lt;ICheckPermissionService:4&gt;, liftsRepositoryStub: Mock&lt;ILiftsRepository:4&gt;, liftsSlopesRepositoryStub: Mock&lt;ILiftsSlopesRepository:4&gt;, sut: LiftsService { })" computerName="DESKTOP-TJ9D65N" duration="00:00:00.0569978" startTime="2022-10-15T21:36:16.8087965+03:00" endTime="2022-10-15T21:36:16.8087967+03:00" testType="13cdc9d9-ddb5-4fa4-a97d-d965ccfc6d4b" outcome="Passed" testListId="8c84fa94-04c1-424b-9868-57a2d4851a1d" relativeResultsDirectory="d2eb1c3b-3b01-4514-bcb2-bebc494bc2c0" />
    <UnitTestResult executionId="fa8ee7a7-d248-4484-9c14-2642a4eeed3e" testId="a19a5fcf-c5d2-7d44-5d7d-84403042f4e0" testName="BL.Tests.CheckPermissionsServiceTests.UnauthorizedHasNoAccessToAdminSkiPatrolFunctions(functionName: &quot;MarkMessageReadByUserAsync&quot;)" computerName="DESKTOP-TJ9D65N" duration="00:00:00.0326878" startTime="2022-10-15T21:36:16.7924843+03:00" endTime="2022-10-15T21:36:16.7924843+03:00" testType="13cdc9d9-ddb5-4fa4-a97d-d965ccfc6d4b" outcome="Passed" testListId="8c84fa94-04c1-424b-9868-57a2d4851a1d" relativeResultsDirectory="fa8ee7a7-d248-4484-9c14-2642a4eeed3e" />
    <UnitTestResult executionId="95d18e85-cf78-431e-97dd-3f4aaea899f9" testId="69340bb6-3645-f9dd-971e-29d8b2a009bb" testName="BL.Tests.UsersServiceTests.TestLogInWithWrongPassword" computerName="DESKTOP-TJ9D65N" duration="00:00:00.0021362" startTime="2022-10-15T21:36:16.8941409+03:00" endTime="2022-10-15T21:36:16.8941411+03:00" testType="13cdc9d9-ddb5-4fa4-a97d-d965ccfc6d4b" outcome="Passed" testListId="8c84fa94-04c1-424b-9868-57a2d4851a1d" relativeResultsDirectory="95d18e85-cf78-431e-97dd-3f4aaea899f9" />
    <UnitTestResult executionId="d728d967-3d0c-4b52-9b0f-29c6b6ddf1c8" testId="e2800b00-f2ed-1c0c-9000-730bd5c2d9af" testName="BL.Tests.LiftsSlopesServiceTests.TestAdminDeleteLiftSlopeAsync(lift: Lift { LiftID = 110, LiftName = liftName43354037-2188-48f0-b43e-b239caa688ed, IsOpen = True, SeatsAmount = 19, LiftingTime = 221, QueueTime = 5, ConnectedSlopes =  }, slope: Slope { SlopeID = 122, SlopeName = slopeName44d595ee-8a76-4bec-84bb-a757aca1ebc9, IsOpen = False, DifficultyLevel = 1, ConnectedLifts =  }, slopesRepositoryStub: Mock&lt;ISlopesRepository:2&gt;, liftsRepositoryStub: Mock&lt;ILiftsRepository:7&gt;, liftsSlopesRepositoryStub: Mock&lt;ILiftsSlopesRepository:7&gt;)" computerName="DESKTOP-TJ9D65N" duration="00:00:00.0061465" startTime="2022-10-15T21:36:16.8782362+03:00" endTime="2022-10-15T21:36:16.8782362+03:00" testType="13cdc9d9-ddb5-4fa4-a97d-d965ccfc6d4b" outcome="Passed" testListId="8c84fa94-04c1-424b-9868-57a2d4851a1d" relativeResultsDirectory="d728d967-3d0c-4b52-9b0f-29c6b6ddf1c8" />
    <UnitTestResult executionId="c48b501c-bb83-40f0-9e65-73ec46cc15e1" testId="644ec43e-70cd-c82d-42e7-0d990be1414d" testName="BL.Tests.CheckPermissionsServiceTests.AuthorizedHasAccessToAuthorizedFunctions(functionName: &quot;SendMessageAsync&quot;)" computerName="DESKTOP-TJ9D65N" duration="00:00:00.0018948" startTime="2022-10-15T21:36:16.9041093+03:00" endTime="2022-10-15T21:36:16.9041094+03:00" testType="13cdc9d9-ddb5-4fa4-a97d-d965ccfc6d4b" outcome="Passed" testListId="8c84fa94-04c1-424b-9868-57a2d4851a1d" relativeResultsDirectory="c48b501c-bb83-40f0-9e65-73ec46cc15e1" />
    <UnitTestResult executionId="ce1afb27-b03c-4dce-af29-fe0e0f257bf0" testId="f44a1b21-8efc-bfac-63b4-d534442def31" testName="BL.Tests.UsersServiceTests.TestRegisterUserWithNoPassword" computerName="DESKTOP-TJ9D65N" duration="00:00:00.0045583" startTime="2022-10-15T21:36:16.8797767+03:00" endTime="2022-10-15T21:36:16.8797768+03:00" testType="13cdc9d9-ddb5-4fa4-a97d-d965ccfc6d4b" outcome="Passed" testListId="8c84fa94-04c1-424b-9868-57a2d4851a1d" relativeResultsDirectory="ce1afb27-b03c-4dce-af29-fe0e0f257bf0" />
    <UnitTestResult executionId="f371058b-bb7f-4d35-99f9-06b1dc8328a5" testId="60bd668f-04df-da5e-b79b-5d9aedb5234d" testName="BL.Tests.CheckPermissionsServiceTests.SkiPatrolHasAccessToAdminSkiPatrolFunctions(functionName: &quot;MarkMessageReadByUserAsync&quot;)" computerName="DESKTOP-TJ9D65N" duration="00:00:00.0011079" startTime="2022-10-15T21:36:16.8817577+03:00" endTime="2022-10-15T21:36:16.8817578+03:00" testType="13cdc9d9-ddb5-4fa4-a97d-d965ccfc6d4b" outcome="Passed" testListId="8c84fa94-04c1-424b-9868-57a2d4851a1d" relativeResultsDirectory="f371058b-bb7f-4d35-99f9-06b1dc8328a5" />
    <UnitTestResult executionId="fdf4ce87-d1d5-420d-8fb7-e9df9dc1a24e" testId="e2d7e5be-3dae-33ae-fb17-c704b6fd58d6" testName="BL.Tests.CheckPermissionsServiceTests.UnauthorizedHasNoAccessToAdminFunctions" computerName="DESKTOP-TJ9D65N" duration="00:00:00.0030565" startTime="2022-10-15T21:36:16.9132242+03:00" endTime="2022-10-15T21:36:16.9132243+03:00" testType="13cdc9d9-ddb5-4fa4-a97d-d965ccfc6d4b" outcome="Passed" testListId="8c84fa94-04c1-424b-9868-57a2d4851a1d" relativeResultsDirectory="fdf4ce87-d1d5-420d-8fb7-e9df9dc1a24e" />
    <UnitTestResult executionId="877cf095-308a-4a40-ad95-ed7704e75e20" testId="06d0bc3a-24a0-fb7f-4277-e9ae6d21c7dd" testName="BL.Tests.UsersServiceTests.TestAdminUpdateUser" computerName="DESKTOP-TJ9D65N" duration="00:00:00.0065494" startTime="2022-10-15T21:36:16.8809811+03:00" endTime="2022-10-15T21:36:16.8809811+03:00" testType="13cdc9d9-ddb5-4fa4-a97d-d965ccfc6d4b" outcome="Passed" testListId="8c84fa94-04c1-424b-9868-57a2d4851a1d" relativeResultsDirectory="877cf095-308a-4a40-ad95-ed7704e75e20" />
    <UnitTestResult executionId="92cfc3cd-9eab-45b6-a63a-30b2718f8844" testId="4e507d4b-8e06-3235-ad22-cab71e9dae98" testName="BL.Tests.TurnstilesServiceTest.TestAdminUpdateTurnstileAsync(userID: 46, turnstile: Turnstile { TurnstileID = 217, LiftID = 244, IsOpen = True }, checkPermissionServiceMock: Mock&lt;ICheckPermissionService:14&gt;, turnstilesRepositoryStub: Mock&lt;ITurnstilesRepository:8&gt;, sut: TurnstilesService { })" computerName="DESKTOP-TJ9D65N" duration="00:00:00.0061526" startTime="2022-10-15T21:36:16.8806048+03:00" endTime="2022-10-15T21:36:16.8806049+03:00" testType="13cdc9d9-ddb5-4fa4-a97d-d965ccfc6d4b" outcome="Passed" testListId="8c84fa94-04c1-424b-9868-57a2d4851a1d" relativeResultsDirectory="92cfc3cd-9eab-45b6-a63a-30b2718f8844" />
    <UnitTestResult executionId="2c328ca7-6018-4e66-8e37-45f5c19e3494" testId="19036dbb-7094-53b6-6bf4-b3d116f32e00" testName="BL.Tests.SlopesServiceTest.TestAdminDeleteSlopeAsync(userID: 82, slope: Slope { SlopeID = 74, SlopeName = slopeNamef69f1e14-c58d-4038-8a59-4a21e14ba76f, IsOpen = True, DifficultyLevel = 30, ConnectedLifts =  }, checkPermissionServiceMock: Mock&lt;ICheckPermissionService:9&gt;, slopesRepositoryStub: Mock&lt;ISlopesRepository:7&gt;, liftsSlopesRepositoryStub: Mock&lt;ILiftsSlopesRepository:12&gt;, sut: SlopesService { })" computerName="DESKTOP-TJ9D65N" duration="00:00:00.0051619" startTime="2022-10-15T21:36:16.8782114+03:00" endTime="2022-10-15T21:36:16.8782115+03:00" testType="13cdc9d9-ddb5-4fa4-a97d-d965ccfc6d4b" outcome="Passed" testListId="8c84fa94-04c1-424b-9868-57a2d4851a1d" relativeResultsDirectory="2c328ca7-6018-4e66-8e37-45f5c19e3494" />
    <UnitTestResult executionId="b1880afe-9aae-48dc-ae16-736a11d352fa" testId="9c7df5e2-1b23-ebea-889f-b78ca86b60ab" testName="BL.Tests.CheckPermissionsServiceTests.AuthorizedHasNoAccessToAdminSkiPatrolFunctions(functionName: &quot;MarkMessageReadByUserAsync&quot;)" computerName="DESKTOP-TJ9D65N" duration="00:00:00.0009371" startTime="2022-10-15T21:36:16.8976303+03:00" endTime="2022-10-15T21:36:16.8976304+03:00" testType="13cdc9d9-ddb5-4fa4-a97d-d965ccfc6d4b" outcome="Passed" testListId="8c84fa94-04c1-424b-9868-57a2d4851a1d" relativeResultsDirectory="b1880afe-9aae-48dc-ae16-736a11d352fa" />
    <UnitTestResult executionId="112a73bb-1bba-430b-9ead-ca7a34078928" testId="f3efc418-a8a6-c7b7-9bac-90b33aa8472f" testName="BL.Tests.CheckPermissionsServiceTests.AdminHasAccessToAllFunctions" computerName="DESKTOP-TJ9D65N" duration="00:00:00.0015682" startTime="2022-10-15T21:36:16.9214361+03:00" endTime="2022-10-15T21:36:16.9214362+03:00" testType="13cdc9d9-ddb5-4fa4-a97d-d965ccfc6d4b" outcome="Passed" testListId="8c84fa94-04c1-424b-9868-57a2d4851a1d" relativeResultsDirectory="112a73bb-1bba-430b-9ead-ca7a34078928" />
    <UnitTestResult executionId="1acf6c37-6cd3-44cc-8372-6c39505bf585" testId="af39abc2-a53f-dc9d-562b-4f9664f6b218" testName="BL.Tests.LiftsServiceTest.TestGetLiftInfoAsync(userID: 15, lift: Lift { LiftID = 150, LiftName = liftName07545bba-f3d2-4043-9d35-85dbe1150fe5, IsOpen = True, SeatsAmount = 36, LiftingTime = 245, QueueTime = 148, ConnectedSlopes =  }, checkPermissionServiceMock: Mock&lt;ICheckPermissionService:1&gt;, liftsRepositoryStub: Mock&lt;ILiftsRepository:1&gt;, liftsSlopesRepositoryStub: Mock&lt;ILiftsSlopesRepository:1&gt;, sut: LiftsService { })" computerName="DESKTOP-TJ9D65N" duration="00:00:00.0065237" startTime="2022-10-15T21:36:16.8800875+03:00" endTime="2022-10-15T21:36:16.8800875+03:00" testType="13cdc9d9-ddb5-4fa4-a97d-d965ccfc6d4b" outcome="Passed" testListId="8c84fa94-04c1-424b-9868-57a2d4851a1d" relativeResultsDirectory="1acf6c37-6cd3-44cc-8372-6c39505bf585" />
    <UnitTestResult executionId="809c9896-1a1e-4169-a4ec-512d74c20ee3" testId="2bea626f-587c-e706-c23a-c24aa890d998" testName="BL.Tests.SlopesServiceTest.TestAdminAddAutoIncrementSlopeAsync(userID: 39, slope: Slope { SlopeID = 197, SlopeName = slopeNameefdd8f1c-66f4-4520-824f-3b0e5d54b880, IsOpen = True, DifficultyLevel = 134, ConnectedLifts =  }, checkPermissionServiceMock: Mock&lt;ICheckPermissionService:10&gt;, slopesRepositoryStub: Mock&lt;ISlopesRepository:8&gt;, sut: SlopesService { })" computerName="DESKTOP-TJ9D65N" duration="00:00:00.0098902" startTime="2022-10-15T21:36:16.8808898+03:00" endTime="2022-10-15T21:36:16.8808899+03:00" testType="13cdc9d9-ddb5-4fa4-a97d-d965ccfc6d4b" outcome="Passed" testListId="8c84fa94-04c1-424b-9868-57a2d4851a1d" relativeResultsDirectory="809c9896-1a1e-4169-a4ec-512d74c20ee3" />
    <UnitTestResult executionId="5074a6f0-3f90-4dd0-b56f-a6dd55e25e0e" testId="0eeef75f-6e38-7893-a8fe-cff3e0a970a7" testName="BL.Tests.UsersServiceTests.TestRegisterOk" computerName="DESKTOP-TJ9D65N" duration="00:00:00.0165292" startTime="2022-10-15T21:36:16.8834942+03:00" endTime="2022-10-15T21:36:16.8834943+03:00" testType="13cdc9d9-ddb5-4fa4-a97d-d965ccfc6d4b" outcome="Passed" testListId="8c84fa94-04c1-424b-9868-57a2d4851a1d" relativeResultsDirectory="5074a6f0-3f90-4dd0-b56f-a6dd55e25e0e" />
    <UnitTestResult executionId="ce8042d1-bc68-44a6-88d3-7654d2638e03" testId="39be9b5e-0bc4-57dc-37d3-aec6b520299d" testName="BL.Tests.LiftsSlopesServiceTests.TestGetLiftsSlopesInfoAsync(liftsSlopes: [LiftSlope { RecordID = 107, LiftID = 197, SlopeID = 83 }, LiftSlope { RecordID = 133, LiftID = 144, SlopeID = 159 }, LiftSlope { RecordID = 79, LiftID = 113, SlopeID = 158 }], slopesRepositoryStub: Mock&lt;ISlopesRepository:1&gt;, liftsRepositoryStub: Mock&lt;ILiftsRepository:6&gt;, liftsSlopesRepositoryStub: Mock&lt;ILiftsSlopesRepository:6&gt;)" computerName="DESKTOP-TJ9D65N" duration="00:00:00.0072982" startTime="2022-10-15T21:36:16.8800026+03:00" endTime="2022-10-15T21:36:16.8800027+03:00" testType="13cdc9d9-ddb5-4fa4-a97d-d965ccfc6d4b" outcome="Passed" testListId="8c84fa94-04c1-424b-9868-57a2d4851a1d" relativeResultsDirectory="ce8042d1-bc68-44a6-88d3-7654d2638e03" />
    <UnitTestResult executionId="d8496a8a-be6a-4971-856c-991b9777d581" testId="18fa8c62-e27d-e1fc-8182-4d7db62b008d" testName="BL.Tests.UsersServiceTests.TestAdminDeleteUser" computerName="DESKTOP-TJ9D65N" duration="00:00:00.0030975" startTime="2022-10-15T21:36:16.9135266+03:00" endTime="2022-10-15T21:36:16.9135267+03:00" testType="13cdc9d9-ddb5-4fa4-a97d-d965ccfc6d4b" outcome="Passed" testListId="8c84fa94-04c1-424b-9868-57a2d4851a1d" relativeResultsDirectory="d8496a8a-be6a-4971-856c-991b9777d581" />
    <UnitTestResult executionId="f8a631dc-e4d1-45c4-9f3b-ad10ec5b28b7" testId="834c739b-eca4-b36d-6a66-5a1bd75377b8" testName="BL.Tests.UsersServiceTests.TestAdminAddAutoIncrementUser" computerName="DESKTOP-TJ9D65N" duration="00:00:00.0057056" startTime="2022-10-15T21:36:16.9021142+03:00" endTime="2022-10-15T21:36:16.9021143+03:00" testType="13cdc9d9-ddb5-4fa4-a97d-d965ccfc6d4b" outcome="Passed" testListId="8c84fa94-04c1-424b-9868-57a2d4851a1d" relativeResultsDirectory="f8a631dc-e4d1-45c4-9f3b-ad10ec5b28b7" />
    <UnitTestResult executionId="74df4861-7dfb-4c65-ba5e-5907859621e5" testId="4f297306-d4f3-8d63-e7f4-1ac0b8c58c74" testName="BL.Tests.CheckPermissionsServiceTests.AuthorizedHasNoAccessToAdminSkiPatrolFunctions(functionName: &quot;GetLiftsSlopesInfoAsync&quot;)" computerName="DESKTOP-TJ9D65N" duration="00:00:00.0008998" startTime="2022-10-15T21:36:16.9004079+03:00" endTime="2022-10-15T21:36:16.9004080+03:00" testType="13cdc9d9-ddb5-4fa4-a97d-d965ccfc6d4b" outcome="Passed" testListId="8c84fa94-04c1-424b-9868-57a2d4851a1d" relativeResultsDirectory="74df4861-7dfb-4c65-ba5e-5907859621e5" />
    <UnitTestResult executionId="66d5415d-648c-41a4-9ac8-cd1983b89ad0" testId="076084c8-a10e-19fa-fcbb-8a81eb6e255b" testName="BL.Tests.SlopesServiceTest.TestGetSlopeInfoAsync(userID: 24, slope: Slope { SlopeID = 197, SlopeName = slopeName8f1c2f86-3efb-4033-9277-027c3fc6526d, IsOpen = True, DifficultyLevel = 129, ConnectedLifts =  }, checkPermissionServiceMock: Mock&lt;ICheckPermissionService:6&gt;, slopesRepositoryStub: Mock&lt;ISlopesRepository:4&gt;, liftsSlopesRepositoryStub: Mock&lt;ILiftsSlopesRepository:9&gt;, sut: SlopesService { })" computerName="DESKTOP-TJ9D65N" duration="00:00:00.0063773" startTime="2022-10-15T21:36:16.8798885+03:00" endTime="2022-10-15T21:36:16.8798886+03:00" testType="13cdc9d9-ddb5-4fa4-a97d-d965ccfc6d4b" outcome="Passed" testListId="8c84fa94-04c1-424b-9868-57a2d4851a1d" relativeResultsDirectory="66d5415d-648c-41a4-9ac8-cd1983b89ad0" />
    <UnitTestResult executionId="9432f76f-8f7e-4aca-b2e9-8944e4027f2c" testId="20ad8570-0170-85de-dcd7-2f109dd7bcd6" testName="BL.Tests.UsersServiceTests.TestAdminGetUsers" computerName="DESKTOP-TJ9D65N" duration="00:00:00.0384069" startTime="2022-10-15T21:36:16.7925191+03:00" endTime="2022-10-15T21:36:16.7925191+03:00" testType="13cdc9d9-ddb5-4fa4-a97d-d965ccfc6d4b" outcome="Passed" testListId="8c84fa94-04c1-424b-9868-57a2d4851a1d" relativeResultsDirectory="9432f76f-8f7e-4aca-b2e9-8944e4027f2c" />
    <UnitTestResult executionId="2a43d746-e661-4cd6-b24f-d1659d4c4587" testId="e5497347-2721-b7a6-0bd4-69a9921f6947" testName="BL.Tests.UsersServiceTests.TestAdminGetUserByIDAsync" computerName="DESKTOP-TJ9D65N" duration="00:00:00.0037661" startTime="2022-10-15T21:36:16.9077526+03:00" endTime="2022-10-15T21:36:16.9077528+03:00" testType="13cdc9d9-ddb5-4fa4-a97d-d965ccfc6d4b" outcome="Passed" testListId="8c84fa94-04c1-424b-9868-57a2d4851a1d" relativeResultsDirectory="2a43d746-e661-4cd6-b24f-d1659d4c4587" />
    <UnitTestResult executionId="75147149-f8cf-4209-9e66-ddc12c3e8803" testId="387c9729-48c1-486e-5e67-f5d11a9f0db8" testName="BL.Tests.CheckPermissionsServiceTests.UnauthorizedHasNoAccessToAdminSkiPatrolFunctions(functionName: &quot;GetLiftsSlopesInfoAsync&quot;)" computerName="DESKTOP-TJ9D65N" duration="00:00:00.0082215" startTime="2022-10-15T21:36:16.8782533+03:00" endTime="2022-10-15T21:36:16.8782533+03:00" testType="13cdc9d9-ddb5-4fa4-a97d-d965ccfc6d4b" outcome="Passed" testListId="8c84fa94-04c1-424b-9868-57a2d4851a1d" relativeResultsDirectory="75147149-f8cf-4209-9e66-ddc12c3e8803" />
    <UnitTestResult executionId="cf09ee0e-431f-4ccd-904e-f4053c817014" testId="c955d32e-4a5a-a1b2-7dce-55d537557073" testName="BL.Tests.LiftsServiceTest.TestUpdateLiftInfoAsync(userID: 96, lift: Lift { LiftID = 254, LiftName = liftNameec483305-a1ad-46f1-a784-59fb942916b5, IsOpen = True, SeatsAmount = 195, LiftingTime = 242, QueueTime = 81, ConnectedSlopes =  }, checkPermissionServiceMock: Mock&lt;ICheckPermissionService:3&gt;, liftsRepositoryStub: Mock&lt;ILiftsRepository:3&gt;, sut: LiftsService { })" computerName="DESKTOP-TJ9D65N" duration="00:00:00.0059632" startTime="2022-10-15T21:36:16.8809121+03:00" endTime="2022-10-15T21:36:16.8809122+03:00" testType="13cdc9d9-ddb5-4fa4-a97d-d965ccfc6d4b" outcome="Passed" testListId="8c84fa94-04c1-424b-9868-57a2d4851a1d" relativeResultsDirectory="cf09ee0e-431f-4ccd-904e-f4053c817014" />
    <UnitTestResult executionId="0cfdc13d-646d-418b-8f00-44fe83d29a88" testId="553b7a23-b134-9401-9cba-fa1ff940ae35" testName="BL.Tests.SlopesServiceTest.TestGetSlopesInfoAsync(userID: 215, initialSlopes: [Slope { SlopeID = 206, SlopeName = slopeNamedd343769-6ef1-4139-a023-5387f99f447e, IsOpen = True, DifficultyLevel = 211, ConnectedLifts =  }, Slope { SlopeID = 24, SlopeName = slopeName9acbcbc4-ed53-4062-bbcd-4c865bcbee00, IsOpen = False, DifficultyLevel = 18, ConnectedLifts =  }, Slope { SlopeID = 247, SlopeName = slopeNamec4a291fb-105a-4907-bbfd-9f886384e881, IsOpen = True, DifficultyLevel = 95, ConnectedLifts =  }], checkPermissionServiceMock: Mock&lt;ICheckPermissionService:7&gt;, slopesRepositoryStub: Mock&lt;ISlopesRepository:5&gt;, liftsSlopesRepositoryStub: Mock&lt;ILiftsSlopesRepository:10&gt;, sut: SlopesService { })" computerName="DESKTOP-TJ9D65N" duration="00:00:00.0612955" startTime="2022-10-15T21:36:16.8130051+03:00" endTime="2022-10-15T21:36:16.8130052+03:00" testType="13cdc9d9-ddb5-4fa4-a97d-d965ccfc6d4b" outcome="Passed" testListId="8c84fa94-04c1-424b-9868-57a2d4851a1d" relativeResultsDirectory="0cfdc13d-646d-418b-8f00-44fe83d29a88" />
    <UnitTestResult executionId="a6a8403f-8314-4e68-9df0-161223631c5c" testId="b87a996a-ec8d-7a54-9fc1-27e80518823b" testName="BL.Tests.TurnstilesServiceTest.TestAdminAddAutoIncrementTurnstileAsync(userID: 197, turnstile: Turnstile { TurnstileID = 64, LiftID = 176, IsOpen = True }, checkPermissionServiceMock: Mock&lt;ICheckPermissionService:16&gt;, turnstilesRepositoryStub: Mock&lt;ITurnstilesRepository:10&gt;, sut: TurnstilesService { })" computerName="DESKTOP-TJ9D65N" duration="00:00:00.0056644" startTime="2022-10-15T21:36:16.8809313+03:00" endTime="2022-10-15T21:36:16.8809313+03:00" testType="13cdc9d9-ddb5-4fa4-a97d-d965ccfc6d4b" outcome="Passed" testListId="8c84fa94-04c1-424b-9868-57a2d4851a1d" relativeResultsDirectory="a6a8403f-8314-4e68-9df0-161223631c5c" />
    <UnitTestResult executionId="58f9fbd7-4834-4b3a-94a0-7da20454eec8" testId="72829d38-692e-478f-f22c-8b11edb97db3" testName="BL.Tests.TurnstilesServiceTest.TestAdminGetTurnstileAsync(userID: 46, turnstile: Turnstile { TurnstileID = 61, LiftID = 22, IsOpen = True }, checkPermissionServiceMock: Mock&lt;ICheckPermissionService:12&gt;, turnstilesRepositoryStub: Mock&lt;ITurnstilesRepository:6&gt;, sut: TurnstilesService { })" computerName="DESKTOP-TJ9D65N" duration="00:00:00.0046847" startTime="2022-10-15T21:36:16.8780767+03:00" endTime="2022-10-15T21:36:16.8780768+03:00" testType="13cdc9d9-ddb5-4fa4-a97d-d965ccfc6d4b" outcome="Passed" testListId="8c84fa94-04c1-424b-9868-57a2d4851a1d" relativeResultsDirectory="58f9fbd7-4834-4b3a-94a0-7da20454eec8" />
    <UnitTestResult executionId="f68db5ac-1df3-4960-bb28-bc814e41aa9f" testId="eaabd2fc-2f4b-5689-59c8-c7ad34a8f634" testName="BL.Tests.CheckPermissionsServiceTests.UnauthorizedHasNoAccessToAuthorizedFunctions(functionName: &quot;SendMessageAsync&quot;)" computerName="DESKTOP-TJ9D65N" duration="00:00:00.0032239" startTime="2022-10-15T21:36:16.8800663+03:00" endTime="2022-10-15T21:36:16.8800663+03:00" testType="13cdc9d9-ddb5-4fa4-a97d-d965ccfc6d4b" outcome="Passed" testListId="8c84fa94-04c1-424b-9868-57a2d4851a1d" relativeResultsDirectory="f68db5ac-1df3-4960-bb28-bc814e41aa9f" />
    <UnitTestResult executionId="c865a403-1ccf-47da-b606-f9ce64dcbe90" testId="c36970dc-93f7-753e-fa47-157133b01644" testName="BL.Tests.CheckPermissionsServiceTests.SkiPatrolHasAccessToAdminSkiPatrolFunctions(functionName: &quot;GetMessagesAsync&quot;)" computerName="DESKTOP-TJ9D65N" duration="00:00:00.0011954" startTime="2022-10-15T21:36:16.8818968+03:00" endTime="2022-10-15T21:36:16.8818970+03:00" testType="13cdc9d9-ddb5-4fa4-a97d-d965ccfc6d4b" outcome="Passed" testListId="8c84fa94-04c1-424b-9868-57a2d4851a1d" relativeResultsDirectory="c865a403-1ccf-47da-b606-f9ce64dcbe90" />
    <UnitTestResult executionId="611777d7-94b1-4d70-ae5e-27fd82bc1c80" testId="229812f5-9a73-5335-11f5-31330d1348a5" testName="BL.Tests.CheckPermissionsServiceTests.UnauthorizedHasNoAccessToAdminSkiPatrolFunctions(functionName: &quot;GetMessagesAsync&quot;)" computerName="DESKTOP-TJ9D65N" duration="00:00:00.0013544" startTime="2022-10-15T21:36:16.8798318+03:00" endTime="2022-10-15T21:36:16.8798319+03:00" testType="13cdc9d9-ddb5-4fa4-a97d-d965ccfc6d4b" outcome="Passed" testListId="8c84fa94-04c1-424b-9868-57a2d4851a1d" relativeResultsDirectory="611777d7-94b1-4d70-ae5e-27fd82bc1c80" />
    <UnitTestResult executionId="62cfe34d-58fc-4a85-9c7c-b892aa514c8c" testId="04782d20-8d11-f837-9f99-847dc8cd6715" testName="BL.Tests.LiftsSlopesServiceTests.TestAdminAddAutoIncrementLiftSlopeAsync(lift: Lift { LiftID = 219, LiftName = liftNamed0c2a4e9-1c96-4c18-87b2-722ede44dea6, IsOpen = True, SeatsAmount = 17, LiftingTime = 47, QueueTime = 6, ConnectedSlopes =  }, slope: Slope { SlopeID = 160, SlopeName = slopeName9b52bd88-b4ea-4f99-8f06-18dae34574b7, IsOpen = False, DifficultyLevel = 234, ConnectedLifts =  }, slopesRepositoryStub: Mock&lt;ISlopesRepository:3&gt;, liftsRepositoryStub: Mock&lt;ILiftsRepository:8&gt;, liftsSlopesRepositoryStub: Mock&lt;ILiftsSlopesRepository:8&gt;)" computerName="DESKTOP-TJ9D65N" duration="00:00:00.0327181" startTime="2022-10-15T21:36:16.7885357+03:00" endTime="2022-10-15T21:36:16.7885684+03:00" testType="13cdc9d9-ddb5-4fa4-a97d-d965ccfc6d4b" outcome="Passed" testListId="8c84fa94-04c1-424b-9868-57a2d4851a1d" relativeResultsDirectory="62cfe34d-58fc-4a85-9c7c-b892aa514c8c" />
    <UnitTestResult executionId="0f7bdd18-1be8-4d9d-9dc5-b64912c575eb" testId="492c0393-35b4-df26-a537-21ca08302f3c" testName="BL.Tests.CheckPermissionsServiceTests.SkiPatrolHasNoAccessToAdminFunctions" computerName="DESKTOP-TJ9D65N" duration="00:00:00.0025972" startTime="2022-10-15T21:36:16.9180065+03:00" endTime="2022-10-15T21:36:16.9180066+03:00" testType="13cdc9d9-ddb5-4fa4-a97d-d965ccfc6d4b" outcome="Passed" testListId="8c84fa94-04c1-424b-9868-57a2d4851a1d" relativeResultsDirectory="0f7bdd18-1be8-4d9d-9dc5-b64912c575eb" />
    <UnitTestResult executionId="da46f9fa-ba29-41fe-a76f-e01eaf94b859" testId="aa28a6b3-21d3-aa45-24d3-bef2facbc899" testName="BL.Tests.CheckPermissionsServiceTests.AuthorizedHasAccessToAuthorizedFunctions(functionName: &quot;LogOutAsync&quot;)" computerName="DESKTOP-TJ9D65N" duration="00:00:00.0009905" startTime="2022-10-15T21:36:16.9074797+03:00" endTime="2022-10-15T21:36:16.9074798+03:00" testType="13cdc9d9-ddb5-4fa4-a97d-d965ccfc6d4b" outcome="Passed" testListId="8c84fa94-04c1-424b-9868-57a2d4851a1d" relativeResultsDirectory="da46f9fa-ba29-41fe-a76f-e01eaf94b859" />
    <UnitTestResult executionId="645e01a3-a904-4c4d-8e66-78b1b5f5b153" testId="894941c1-bfa7-d8f9-c047-1e1ceefe2c2f" testName="BL.Tests.UsersServiceTests.TestRegisterUserWithRepeatedEmail" computerName="DESKTOP-TJ9D65N" duration="00:00:00.0035965" startTime="2022-10-15T21:36:16.8806599+03:00" endTime="2022-10-15T21:36:16.8806600+03:00" testType="13cdc9d9-ddb5-4fa4-a97d-d965ccfc6d4b" outcome="Passed" testListId="8c84fa94-04c1-424b-9868-57a2d4851a1d" relativeResultsDirectory="645e01a3-a904-4c4d-8e66-78b1b5f5b153" />
    <UnitTestResult executionId="038d6feb-83e5-4726-977c-5c93f3dffc56" testId="2602613f-c8e2-a6d9-fcf7-5b27d4a770a6" testName="BL.Tests.CheckPermissionsServiceTests.AuthorizedHasNoAccessToAdminSkiPatrolFunctions(functionName: &quot;GetMessagesAsync&quot;)" computerName="DESKTOP-TJ9D65N" duration="00:00:00.0028011" startTime="2022-10-15T21:36:16.8947095+03:00" endTime="2022-10-15T21:36:16.8947097+03:00" testType="13cdc9d9-ddb5-4fa4-a97d-d965ccfc6d4b" outcome="Passed" testListId="8c84fa94-04c1-424b-9868-57a2d4851a1d" relativeResultsDirectory="038d6feb-83e5-4726-977c-5c93f3dffc56" />
  </Results>
  <TestDefinitions>
    <UnitTest name="BL.Tests.SlopesServiceTest.TestAdminAddAutoIncrementSlopeAsync(userID: 39, slope: Slope { SlopeID = 197, SlopeName = slopeNameefdd8f1c-66f4-4520-824f-3b0e5d54b880, IsOpen = True, DifficultyLevel = 134, ConnectedLifts =  }, checkPermissionServiceMock: Mock&lt;ICheckPermissionService:10&gt;, slopesRepositoryStub: Mock&lt;ISlopesRepository:8&gt;, sut: SlopesService { })" storage="c:\users\alena\desktop\7_sem\testing_and_debugging\skiresort\bl.tests\bin\debug\net6.0\bl.tests.dll" id="2bea626f-587c-e706-c23a-c24aa890d998">
      <Execution id="809c9896-1a1e-4169-a4ec-512d74c20ee3" />
      <TestMethod codeBase="C:\Users\alena\Desktop\7_sem\testing_and_debugging\SkiResort\BL.Tests\bin\Debug\net6.0\BL.Tests.dll" adapterTypeName="executor://xunit/VsTestRunner2/netcoreapp" className="BL.Tests.SlopesServiceTest" name="TestAdminAddAutoIncrementSlopeAsync" />
    </UnitTest>
    <UnitTest name="BL.Tests.LiftsServiceTest.TestAdminDeleteLiftAsync(userID: 192, lift: Lift { LiftID = 6, LiftName = liftNamedddc1158-2c89-40ef-b445-ec687f14aadf, IsOpen = True, SeatsAmount = 177, LiftingTime = 129, QueueTime = 133, ConnectedSlopes =  }, checkPermissionServiceMock: Mock&lt;ICheckPermissionService:4&gt;, liftsRepositoryStub: Mock&lt;ILiftsRepository:4&gt;, liftsSlopesRepositoryStub: Mock&lt;ILiftsSlopesRepository:4&gt;, sut: LiftsService { })" storage="c:\users\alena\desktop\7_sem\testing_and_debugging\skiresort\bl.tests\bin\debug\net6.0\bl.tests.dll" id="379ae60c-3290-05c7-07a5-3b2366fcadf4">
      <Execution id="d2eb1c3b-3b01-4514-bcb2-bebc494bc2c0" />
      <TestMethod codeBase="C:\Users\alena\Desktop\7_sem\testing_and_debugging\SkiResort\BL.Tests\bin\Debug\net6.0\BL.Tests.dll" adapterTypeName="executor://xunit/VsTestRunner2/netcoreapp" className="BL.Tests.LiftsServiceTest" name="TestAdminDeleteLiftAsync" />
    </UnitTest>
    <UnitTest name="BL.Tests.CheckPermissionsServiceTests.AuthorizedHasNoAccessToAdminSkiPatrolFunctions(functionName: &quot;MarkMessageReadByUserAsync&quot;)" storage="c:\users\alena\desktop\7_sem\testing_and_debugging\skiresort\bl.tests\bin\debug\net6.0\bl.tests.dll" id="9c7df5e2-1b23-ebea-889f-b78ca86b60ab">
      <Execution id="b1880afe-9aae-48dc-ae16-736a11d352fa" />
      <TestMethod codeBase="C:\Users\alena\Desktop\7_sem\testing_and_debugging\SkiResort\BL.Tests\bin\Debug\net6.0\BL.Tests.dll" adapterTypeName="executor://xunit/VsTestRunner2/netcoreapp" className="BL.Tests.CheckPermissionsServiceTests" name="AuthorizedHasNoAccessToAdminSkiPatrolFunctions" />
    </UnitTest>
    <UnitTest name="BL.Tests.CheckPermissionsServiceTests.UnauthorizedHasNoAccessToAdminSkiPatrolFunctions(functionName: &quot;MarkMessageReadByUserAsync&quot;)" storage="c:\users\alena\desktop\7_sem\testing_and_debugging\skiresort\bl.tests\bin\debug\net6.0\bl.tests.dll" id="a19a5fcf-c5d2-7d44-5d7d-84403042f4e0">
      <Execution id="fa8ee7a7-d248-4484-9c14-2642a4eeed3e" />
      <TestMethod codeBase="C:\Users\alena\Desktop\7_sem\testing_and_debugging\SkiResort\BL.Tests\bin\Debug\net6.0\BL.Tests.dll" adapterTypeName="executor://xunit/VsTestRunner2/netcoreapp" className="BL.Tests.CheckPermissionsServiceTests" name="UnauthorizedHasNoAccessToAdminSkiPatrolFunctions" />
    </UnitTest>
    <UnitTest name="BL.Tests.CheckPermissionsServiceTests.AuthorizedHasNoAccessToAdminSkiPatrolFunctions(functionName: &quot;GetMessagesAsync&quot;)" storage="c:\users\alena\desktop\7_sem\testing_and_debugging\skiresort\bl.tests\bin\debug\net6.0\bl.tests.dll" id="2602613f-c8e2-a6d9-fcf7-5b27d4a770a6">
      <Execution id="038d6feb-83e5-4726-977c-5c93f3dffc56" />
      <TestMethod codeBase="C:\Users\alena\Desktop\7_sem\testing_and_debugging\SkiResort\BL.Tests\bin\Debug\net6.0\BL.Tests.dll" adapterTypeName="executor://xunit/VsTestRunner2/netcoreapp" className="BL.Tests.CheckPermissionsServiceTests" name="AuthorizedHasNoAccessToAdminSkiPatrolFunctions" />
    </UnitTest>
    <UnitTest name="BL.Tests.CheckPermissionsServiceTests.AuthorizedHasNoAccessToAdminFunctions" storage="c:\users\alena\desktop\7_sem\testing_and_debugging\skiresort\bl.tests\bin\debug\net6.0\bl.tests.dll" id="a2e59116-cb53-1d70-9cb8-21c286516866">
      <Execution id="a58ead0d-13da-4177-af9b-a0525f5afa93" />
      <TestMethod codeBase="C:\Users\alena\Desktop\7_sem\testing_and_debugging\SkiResort\BL.Tests\bin\Debug\net6.0\BL.Tests.dll" adapterTypeName="executor://xunit/VsTestRunner2/netcoreapp" className="BL.Tests.CheckPermissionsServiceTests" name="AuthorizedHasNoAccessToAdminFunctions" />
    </UnitTest>
    <UnitTest name="BL.Tests.CheckPermissionsServiceTests.SkiPatrolHasAccessToAdminSkiPatrolFunctions(functionName: &quot;GetMessagesAsync&quot;)" storage="c:\users\alena\desktop\7_sem\testing_and_debugging\skiresort\bl.tests\bin\debug\net6.0\bl.tests.dll" id="c36970dc-93f7-753e-fa47-157133b01644">
      <Execution id="c865a403-1ccf-47da-b606-f9ce64dcbe90" />
      <TestMethod codeBase="C:\Users\alena\Desktop\7_sem\testing_and_debugging\SkiResort\BL.Tests\bin\Debug\net6.0\BL.Tests.dll" adapterTypeName="executor://xunit/VsTestRunner2/netcoreapp" className="BL.Tests.CheckPermissionsServiceTests" name="SkiPatrolHasAccessToAdminSkiPatrolFunctions" />
    </UnitTest>
    <UnitTest name="BL.Tests.CheckPermissionsServiceTests.AdminHasAccessToAllFunctions" storage="c:\users\alena\desktop\7_sem\testing_and_debugging\skiresort\bl.tests\bin\debug\net6.0\bl.tests.dll" id="f3efc418-a8a6-c7b7-9bac-90b33aa8472f">
      <Execution id="112a73bb-1bba-430b-9ead-ca7a34078928" />
      <TestMethod codeBase="C:\Users\alena\Desktop\7_sem\testing_and_debugging\SkiResort\BL.Tests\bin\Debug\net6.0\BL.Tests.dll" adapterTypeName="executor://xunit/VsTestRunner2/netcoreapp" className="BL.Tests.CheckPermissionsServiceTests" name="AdminHasAccessToAllFunctions" />
    </UnitTest>
    <UnitTest name="BL.Tests.LiftsSlopesServiceTests.TestAdminDeleteLiftSlopeAsync(lift: Lift { LiftID = 110, LiftName = liftName43354037-2188-48f0-b43e-b239caa688ed, IsOpen = True, SeatsAmount = 19, LiftingTime = 221, QueueTime = 5, ConnectedSlopes =  }, slope: Slope { SlopeID = 122, SlopeName = slopeName44d595ee-8a76-4bec-84bb-a757aca1ebc9, IsOpen = False, DifficultyLevel = 1, ConnectedLifts =  }, slopesRepositoryStub: Mock&lt;ISlopesRepository:2&gt;, liftsReposit..." storage="c:\users\alena\desktop\7_sem\testing_and_debugging\skiresort\bl.tests\bin\debug\net6.0\bl.tests.dll" id="e2800b00-f2ed-1c0c-9000-730bd5c2d9af">
      <Execution id="d728d967-3d0c-4b52-9b0f-29c6b6ddf1c8" />
      <TestMethod codeBase="C:\Users\alena\Desktop\7_sem\testing_and_debugging\SkiResort\BL.Tests\bin\Debug\net6.0\BL.Tests.dll" adapterTypeName="executor://xunit/VsTestRunner2/netcoreapp" className="BL.Tests.LiftsSlopesServiceTests" name="TestAdminDeleteLiftSlopeAsync" />
    </UnitTest>
    <UnitTest name="BL.Tests.UsersServiceTests.TestRegisterUserWithNoPassword" storage="c:\users\alena\desktop\7_sem\testing_and_debugging\skiresort\bl.tests\bin\debug\net6.0\bl.tests.dll" id="f44a1b21-8efc-bfac-63b4-d534442def31">
      <Execution id="ce1afb27-b03c-4dce-af29-fe0e0f257bf0" />
      <TestMethod codeBase="C:\Users\alena\Desktop\7_sem\testing_and_debugging\SkiResort\BL.Tests\bin\Debug\net6.0\BL.Tests.dll" adapterTypeName="executor://xunit/VsTestRunner2/netcoreapp" className="BL.Tests.UsersServiceTests" name="TestRegisterUserWithNoPassword" />
    </UnitTest>
    <UnitTest name="BL.Tests.UsersServiceTests.TestAdminGetUserByIDAsync" storage="c:\users\alena\desktop\7_sem\testing_and_debugging\skiresort\bl.tests\bin\debug\net6.0\bl.tests.dll" id="e5497347-2721-b7a6-0bd4-69a9921f6947">
      <Execution id="2a43d746-e661-4cd6-b24f-d1659d4c4587" />
      <TestMethod codeBase="C:\Users\alena\Desktop\7_sem\testing_and_debugging\SkiResort\BL.Tests\bin\Debug\net6.0\BL.Tests.dll" adapterTypeName="executor://xunit/VsTestRunner2/netcoreapp" className="BL.Tests.UsersServiceTests" name="TestAdminGetUserByIDAsync" />
    </UnitTest>
    <UnitTest name="BL.Tests.LiftsSlopesServiceTests.TestAdminAddAutoIncrementLiftSlopeAsync(lift: Lift { LiftID = 219, LiftName = liftNamed0c2a4e9-1c96-4c18-87b2-722ede44dea6, IsOpen = True, SeatsAmount = 17, LiftingTime = 47, QueueTime = 6, ConnectedSlopes =  }, slope: Slope { SlopeID = 160, SlopeName = slopeName9b52bd88-b4ea-4f99-8f06-18dae34574b7, IsOpen = False, DifficultyLevel = 234, ConnectedLifts =  }, slopesRepositoryStub: Mock&lt;ISlopesRepository:3&gt;, l..." storage="c:\users\alena\desktop\7_sem\testing_and_debugging\skiresort\bl.tests\bin\debug\net6.0\bl.tests.dll" id="04782d20-8d11-f837-9f99-847dc8cd6715">
      <Execution id="62cfe34d-58fc-4a85-9c7c-b892aa514c8c" />
      <TestMethod codeBase="C:\Users\alena\Desktop\7_sem\testing_and_debugging\SkiResort\BL.Tests\bin\Debug\net6.0\BL.Tests.dll" adapterTypeName="executor://xunit/VsTestRunner2/netcoreapp" className="BL.Tests.LiftsSlopesServiceTests" name="TestAdminAddAutoIncrementLiftSlopeAsync" />
    </UnitTest>
    <UnitTest name="BL.Tests.LiftsServiceTest.TestGetLiftInfoAsync(userID: 15, lift: Lift { LiftID = 150, LiftName = liftName07545bba-f3d2-4043-9d35-85dbe1150fe5, IsOpen = True, SeatsAmount = 36, LiftingTime = 245, QueueTime = 148, ConnectedSlopes =  }, checkPermissionServiceMock: Mock&lt;ICheckPermissionService:1&gt;, liftsRepositoryStub: Mock&lt;ILiftsRepository:1&gt;, liftsSlopesRepositoryStub: Mock&lt;ILiftsSlopesRepository:1&gt;, sut: LiftsService { })" storage="c:\users\alena\desktop\7_sem\testing_and_debugging\skiresort\bl.tests\bin\debug\net6.0\bl.tests.dll" id="af39abc2-a53f-dc9d-562b-4f9664f6b218">
      <Execution id="1acf6c37-6cd3-44cc-8372-6c39505bf585" />
      <TestMethod codeBase="C:\Users\alena\Desktop\7_sem\testing_and_debugging\SkiResort\BL.Tests\bin\Debug\net6.0\BL.Tests.dll" adapterTypeName="executor://xunit/VsTestRunner2/netcoreapp" className="BL.Tests.LiftsServiceTest" name="TestGetLiftInfoAsync" />
    </UnitTest>
    <UnitTest name="BL.Tests.UsersServiceTests.TestAdminAddAutoIncrementUser" storage="c:\users\alena\desktop\7_sem\testing_and_debugging\skiresort\bl.tests\bin\debug\net6.0\bl.tests.dll" id="834c739b-eca4-b36d-6a66-5a1bd75377b8">
      <Execution id="f8a631dc-e4d1-45c4-9f3b-ad10ec5b28b7" />
      <TestMethod codeBase="C:\Users\alena\Desktop\7_sem\testing_and_debugging\SkiResort\BL.Tests\bin\Debug\net6.0\BL.Tests.dll" adapterTypeName="executor://xunit/VsTestRunner2/netcoreapp" className="BL.Tests.UsersServiceTests" name="TestAdminAddAutoIncrementUser" />
    </UnitTest>
    <UnitTest name="BL.Tests.CheckPermissionsServiceTests.UnauthorizedHasNoAccessToAdminSkiPatrolFunctions(functionName: &quot;GetLiftsSlopesInfoAsync&quot;)" storage="c:\users\alena\desktop\7_sem\testing_and_debugging\skiresort\bl.tests\bin\debug\net6.0\bl.tests.dll" id="387c9729-48c1-486e-5e67-f5d11a9f0db8">
      <Execution id="75147149-f8cf-4209-9e66-ddc12c3e8803" />
      <TestMethod codeBase="C:\Users\alena\Desktop\7_sem\testing_and_debugging\SkiResort\BL.Tests\bin\Debug\net6.0\BL.Tests.dll" adapterTypeName="executor://xunit/VsTestRunner2/netcoreapp" className="BL.Tests.CheckPermissionsServiceTests" name="UnauthorizedHasNoAccessToAdminSkiPatrolFunctions" />
    </UnitTest>
    <UnitTest name="BL.Tests.CheckPermissionsServiceTests.SkiPatrolHasAccessToAdminSkiPatrolFunctions(functionName: &quot;MarkMessageReadByUserAsync&quot;)" storage="c:\users\alena\desktop\7_sem\testing_and_debugging\skiresort\bl.tests\bin\debug\net6.0\bl.tests.dll" id="60bd668f-04df-da5e-b79b-5d9aedb5234d">
      <Execution id="f371058b-bb7f-4d35-99f9-06b1dc8328a5" />
      <TestMethod codeBase="C:\Users\alena\Desktop\7_sem\testing_and_debugging\SkiResort\BL.Tests\bin\Debug\net6.0\BL.Tests.dll" adapterTypeName="executor://xunit/VsTestRunner2/netcoreapp" className="BL.Tests.CheckPermissionsServiceTests" name="SkiPatrolHasAccessToAdminSkiPatrolFunctions" />
    </UnitTest>
    <UnitTest name="BL.Tests.CheckPermissionsServiceTests.UnauthorizedHasNoAccessToAdminFunctions" storage="c:\users\alena\desktop\7_sem\testing_and_debugging\skiresort\bl.tests\bin\debug\net6.0\bl.tests.dll" id="e2d7e5be-3dae-33ae-fb17-c704b6fd58d6">
      <Execution id="fdf4ce87-d1d5-420d-8fb7-e9df9dc1a24e" />
      <TestMethod codeBase="C:\Users\alena\Desktop\7_sem\testing_and_debugging\SkiResort\BL.Tests\bin\Debug\net6.0\BL.Tests.dll" adapterTypeName="executor://xunit/VsTestRunner2/netcoreapp" className="BL.Tests.CheckPermissionsServiceTests" name="UnauthorizedHasNoAccessToAdminFunctions" />
    </UnitTest>
    <UnitTest name="BL.Tests.UsersServiceTests.TestLogInWithWrongPassword" storage="c:\users\alena\desktop\7_sem\testing_and_debugging\skiresort\bl.tests\bin\debug\net6.0\bl.tests.dll" id="69340bb6-3645-f9dd-971e-29d8b2a009bb">
      <Execution id="95d18e85-cf78-431e-97dd-3f4aaea899f9" />
      <TestMethod codeBase="C:\Users\alena\Desktop\7_sem\testing_and_debugging\SkiResort\BL.Tests\bin\Debug\net6.0\BL.Tests.dll" adapterTypeName="executor://xunit/VsTestRunner2/netcoreapp" className="BL.Tests.UsersServiceTests" name="TestLogInWithWrongPassword" />
    </UnitTest>
    <UnitTest name="BL.Tests.CheckPermissionsServiceTests.SkiPatrolHasAccessToAdminSkiPatrolFunctions(functionName: &quot;GetLiftsSlopesInfoAsync&quot;)" storage="c:\users\alena\desktop\7_sem\testing_and_debugging\skiresort\bl.tests\bin\debug\net6.0\bl.tests.dll" id="2d706594-f2b3-b3c8-21d4-86c9798c3306">
      <Execution id="df666ed9-2d84-4a99-a12d-d9f12366afc0" />
      <TestMethod codeBase="C:\Users\alena\Desktop\7_sem\testing_and_debugging\SkiResort\BL.Tests\bin\Debug\net6.0\BL.Tests.dll" adapterTypeName="executor://xunit/VsTestRunner2/netcoreapp" className="BL.Tests.CheckPermissionsServiceTests" name="SkiPatrolHasAccessToAdminSkiPatrolFunctions" />
    </UnitTest>
    <UnitTest name="BL.Tests.TurnstilesServiceTest.TestAdminAddAutoIncrementTurnstileAsync(userID: 197, turnstile: Turnstile { TurnstileID = 64, LiftID = 176, IsOpen = True }, checkPermissionServiceMock: Mock&lt;ICheckPermissionService:16&gt;, turnstilesRepositoryStub: Mock&lt;ITurnstilesRepository:10&gt;, sut: TurnstilesService { })" storage="c:\users\alena\desktop\7_sem\testing_and_debugging\skiresort\bl.tests\bin\debug\net6.0\bl.tests.dll" id="b87a996a-ec8d-7a54-9fc1-27e80518823b">
      <Execution id="a6a8403f-8314-4e68-9df0-161223631c5c" />
      <TestMethod codeBase="C:\Users\alena\Desktop\7_sem\testing_and_debugging\SkiResort\BL.Tests\bin\Debug\net6.0\BL.Tests.dll" adapterTypeName="executor://xunit/VsTestRunner2/netcoreapp" className="BL.Tests.TurnstilesServiceTest" name="TestAdminAddAutoIncrementTurnstileAsync" />
    </UnitTest>
    <UnitTest name="BL.Tests.CheckPermissionsServiceTests.SkiPatrolHasNoAccessToAdminFunctions" storage="c:\users\alena\desktop\7_sem\testing_and_debugging\skiresort\bl.tests\bin\debug\net6.0\bl.tests.dll" id="492c0393-35b4-df26-a537-21ca08302f3c">
      <Execution id="0f7bdd18-1be8-4d9d-9dc5-b64912c575eb" />
      <TestMethod codeBase="C:\Users\alena\Desktop\7_sem\testing_and_debugging\SkiResort\BL.Tests\bin\Debug\net6.0\BL.Tests.dll" adapterTypeName="executor://xunit/VsTestRunner2/netcoreapp" className="BL.Tests.CheckPermissionsServiceTests" name="SkiPatrolHasNoAccessToAdminFunctions" />
    </UnitTest>
    <UnitTest name="BL.Tests.UsersServiceTests.TestAdminDeleteUser" storage="c:\users\alena\desktop\7_sem\testing_and_debugging\skiresort\bl.tests\bin\debug\net6.0\bl.tests.dll" id="18fa8c62-e27d-e1fc-8182-4d7db62b008d">
      <Execution id="d8496a8a-be6a-4971-856c-991b9777d581" />
      <TestMethod codeBase="C:\Users\alena\Desktop\7_sem\testing_and_debugging\SkiResort\BL.Tests\bin\Debug\net6.0\BL.Tests.dll" adapterTypeName="executor://xunit/VsTestRunner2/netcoreapp" className="BL.Tests.UsersServiceTests" name="TestAdminDeleteUser" />
    </UnitTest>
    <UnitTest name="BL.Tests.CheckPermissionsServiceTests.AuthorizedHasAccessToAuthorizedFunctions(functionName: &quot;LogOutAsync&quot;)" storage="c:\users\alena\desktop\7_sem\testing_and_debugging\skiresort\bl.tests\bin\debug\net6.0\bl.tests.dll" id="aa28a6b3-21d3-aa45-24d3-bef2facbc899">
      <Execution id="da46f9fa-ba29-41fe-a76f-e01eaf94b859" />
      <TestMethod codeBase="C:\Users\alena\Desktop\7_sem\testing_and_debugging\SkiResort\BL.Tests\bin\Debug\net6.0\BL.Tests.dll" adapterTypeName="executor://xunit/VsTestRunner2/netcoreapp" className="BL.Tests.CheckPermissionsServiceTests" name="AuthorizedHasAccessToAuthorizedFunctions" />
    </UnitTest>
    <UnitTest name="BL.Tests.SlopesServiceTest.TestUpdateSlopeInfoAsync(userID: 158, slope: Slope { SlopeID = 233, SlopeName = slopeNameff73da82-f98e-4a43-8d1b-c130258e58e9, IsOpen = True, DifficultyLevel = 223, ConnectedLifts =  }, checkPermissionServiceMock: Mock&lt;ICheckPermissionService:8&gt;, slopesRepositoryStub: Mock&lt;ISlopesRepository:6&gt;, sut: SlopesService { })" storage="c:\users\alena\desktop\7_sem\testing_and_debugging\skiresort\bl.tests\bin\debug\net6.0\bl.tests.dll" id="d8e174b5-87b4-9d07-4de5-46327a25ae5e">
      <Execution id="1529a663-0bbd-411b-9ada-622908a61ef2" />
      <TestMethod codeBase="C:\Users\alena\Desktop\7_sem\testing_and_debugging\SkiResort\BL.Tests\bin\Debug\net6.0\BL.Tests.dll" adapterTypeName="executor://xunit/VsTestRunner2/netcoreapp" className="BL.Tests.SlopesServiceTest" name="TestUpdateSlopeInfoAsync" />
    </UnitTest>
    <UnitTest name="BL.Tests.TurnstilesServiceTest.TestAdminDeleteTurnstileAsync(userID: 183, turnstile: Turnstile { TurnstileID = 161, LiftID = 38, IsOpen = True }, checkPermissionServiceMock: Mock&lt;ICheckPermissionService:15&gt;, turnstilesRepositoryStub: Mock&lt;ITurnstilesRepository:9&gt;, sut: TurnstilesService { })" storage="c:\users\alena\desktop\7_sem\testing_and_debugging\skiresort\bl.tests\bin\debug\net6.0\bl.tests.dll" id="33a07324-d719-6b61-5ea4-565c12739bfa">
      <Execution id="2188d5d5-056d-4071-92e9-72fba7a4e4ea" />
      <TestMethod codeBase="C:\Users\alena\Desktop\7_sem\testing_and_debugging\SkiResort\BL.Tests\bin\Debug\net6.0\BL.Tests.dll" adapterTypeName="executor://xunit/VsTestRunner2/netcoreapp" className="BL.Tests.TurnstilesServiceTest" name="TestAdminDeleteTurnstileAsync" />
    </UnitTest>
    <UnitTest name="BL.Tests.UsersServiceTests.TestAdminUpdateUser" storage="c:\users\alena\desktop\7_sem\testing_and_debugging\skiresort\bl.tests\bin\debug\net6.0\bl.tests.dll" id="06d0bc3a-24a0-fb7f-4277-e9ae6d21c7dd">
      <Execution id="877cf095-308a-4a40-ad95-ed7704e75e20" />
      <TestMethod codeBase="C:\Users\alena\Desktop\7_sem\testing_and_debugging\SkiResort\BL.Tests\bin\Debug\net6.0\BL.Tests.dll" adapterTypeName="executor://xunit/VsTestRunner2/netcoreapp" className="BL.Tests.UsersServiceTests" name="TestAdminUpdateUser" />
    </UnitTest>
    <UnitTest name="BL.Tests.UsersServiceTests.TestLogInOk" storage="c:\users\alena\desktop\7_sem\testing_and_debugging\skiresort\bl.tests\bin\debug\net6.0\bl.tests.dll" id="1ca07ad8-f799-c5d4-e7cc-34fd950198a2">
      <Execution id="0734644f-4c9f-41f0-92f0-7142dee1ed15" />
      <TestMethod codeBase="C:\Users\alena\Desktop\7_sem\testing_and_debugging\SkiResort\BL.Tests\bin\Debug\net6.0\BL.Tests.dll" adapterTypeName="executor://xunit/VsTestRunner2/netcoreapp" className="BL.Tests.UsersServiceTests" name="TestLogInOk" />
    </UnitTest>
    <UnitTest name="BL.Tests.UsersServiceTests.TestAdminGetUsers" storage="c:\users\alena\desktop\7_sem\testing_and_debugging\skiresort\bl.tests\bin\debug\net6.0\bl.tests.dll" id="20ad8570-0170-85de-dcd7-2f109dd7bcd6">
      <Execution id="9432f76f-8f7e-4aca-b2e9-8944e4027f2c" />
      <TestMethod codeBase="C:\Users\alena\Desktop\7_sem\testing_and_debugging\SkiResort\BL.Tests\bin\Debug\net6.0\BL.Tests.dll" adapterTypeName="executor://xunit/VsTestRunner2/netcoreapp" className="BL.Tests.UsersServiceTests" name="TestAdminGetUsers" />
    </UnitTest>
    <UnitTest name="BL.Tests.CheckPermissionsServiceTests.UnauthorizedHasNoAccessToAdminSkiPatrolFunctions(functionName: &quot;GetMessagesAsync&quot;)" storage="c:\users\alena\desktop\7_sem\testing_and_debugging\skiresort\bl.tests\bin\debug\net6.0\bl.tests.dll" id="229812f5-9a73-5335-11f5-31330d1348a5">
      <Execution id="611777d7-94b1-4d70-ae5e-27fd82bc1c80" />
      <TestMethod codeBase="C:\Users\alena\Desktop\7_sem\testing_and_debugging\SkiResort\BL.Tests\bin\Debug\net6.0\BL.Tests.dll" adapterTypeName="executor://xunit/VsTestRunner2/netcoreapp" className="BL.Tests.CheckPermissionsServiceTests" name="UnauthorizedHasNoAccessToAdminSkiPatrolFunctions" />
    </UnitTest>
    <UnitTest name="BL.Tests.SlopesServiceTest.TestAdminDeleteSlopeAsync(userID: 82, slope: Slope { SlopeID = 74, SlopeName = slopeNamef69f1e14-c58d-4038-8a59-4a21e14ba76f, IsOpen = True, DifficultyLevel = 30, ConnectedLifts =  }, checkPermissionServiceMock: Mock&lt;ICheckPermissionService:9&gt;, slopesRepositoryStub: Mock&lt;ISlopesRepository:7&gt;, liftsSlopesRepositoryStub: Mock&lt;ILiftsSlopesRepository:12&gt;, sut: SlopesService { })" storage="c:\users\alena\desktop\7_sem\testing_and_debugging\skiresort\bl.tests\bin\debug\net6.0\bl.tests.dll" id="19036dbb-7094-53b6-6bf4-b3d116f32e00">
      <Execution id="2c328ca7-6018-4e66-8e37-45f5c19e3494" />
      <TestMethod codeBase="C:\Users\alena\Desktop\7_sem\testing_and_debugging\SkiResort\BL.Tests\bin\Debug\net6.0\BL.Tests.dll" adapterTypeName="executor://xunit/VsTestRunner2/netcoreapp" className="BL.Tests.SlopesServiceTest" name="TestAdminDeleteSlopeAsync" />
    </UnitTest>
    <UnitTest name="BL.Tests.LiftsServiceTest.TestAdminAddAutoIncrementLiftAsync(userID: 207, lift: Lift { LiftID = 30, LiftName = liftName11193f0e-37e1-4051-8da7-75fffe70198f, IsOpen = True, SeatsAmount = 88, LiftingTime = 71, QueueTime = 46, ConnectedSlopes =  }, checkPermissionServiceMock: Mock&lt;ICheckPermissionService:5&gt;, liftsRepositoryStub: Mock&lt;ILiftsRepository:5&gt;, sut: LiftsService { })" storage="c:\users\alena\desktop\7_sem\testing_and_debugging\skiresort\bl.tests\bin\debug\net6.0\bl.tests.dll" id="482be8a5-4df7-cf22-08c5-68d464188cfc">
      <Execution id="7c4872d4-5a9f-47ec-979a-36605a780404" />
      <TestMethod codeBase="C:\Users\alena\Desktop\7_sem\testing_and_debugging\SkiResort\BL.Tests\bin\Debug\net6.0\BL.Tests.dll" adapterTypeName="executor://xunit/VsTestRunner2/netcoreapp" className="BL.Tests.LiftsServiceTest" name="TestAdminAddAutoIncrementLiftAsync" />
    </UnitTest>
    <UnitTest name="BL.Tests.LiftsSlopesServiceTests.TestGetLiftsSlopesInfoAsync(liftsSlopes: [LiftSlope { RecordID = 107, LiftID = 197, SlopeID = 83 }, LiftSlope { RecordID = 133, LiftID = 144, SlopeID = 159 }, LiftSlope { RecordID = 79, LiftID = 113, SlopeID = 158 }], slopesRepositoryStub: Mock&lt;ISlopesRepository:1&gt;, liftsRepositoryStub: Mock&lt;ILiftsRepository:6&gt;, liftsSlopesRepositoryStub: Mock&lt;ILiftsSlopesRepository:6&gt;)" storage="c:\users\alena\desktop\7_sem\testing_and_debugging\skiresort\bl.tests\bin\debug\net6.0\bl.tests.dll" id="39be9b5e-0bc4-57dc-37d3-aec6b520299d">
      <Execution id="ce8042d1-bc68-44a6-88d3-7654d2638e03" />
      <TestMethod codeBase="C:\Users\alena\Desktop\7_sem\testing_and_debugging\SkiResort\BL.Tests\bin\Debug\net6.0\BL.Tests.dll" adapterTypeName="executor://xunit/VsTestRunner2/netcoreapp" className="BL.Tests.LiftsSlopesServiceTests" name="TestGetLiftsSlopesInfoAsync" />
    </UnitTest>
    <UnitTest name="BL.Tests.TurnstilesServiceTest.TestAdminGetTurnstilesAsync(userID: 129, initialTurnstiles: [Turnstile { TurnstileID = 75, LiftID = 171, IsOpen = True }, Turnstile { TurnstileID = 243, LiftID = 118, IsOpen = False }, Turnstile { TurnstileID = 112, LiftID = 201, IsOpen = True }], checkPermissionServiceMock: Mock&lt;ICheckPermissionService:13&gt;, turnstilesRepositoryStub: Mock&lt;ITurnstilesRepository:7&gt;, sut: TurnstilesService { })" storage="c:\users\alena\desktop\7_sem\testing_and_debugging\skiresort\bl.tests\bin\debug\net6.0\bl.tests.dll" id="728555db-0aba-a02b-5219-164bd626e01a">
      <Execution id="be286639-580d-41ca-b5ef-ffec4f654fc7" />
      <TestMethod codeBase="C:\Users\alena\Desktop\7_sem\testing_and_debugging\SkiResort\BL.Tests\bin\Debug\net6.0\BL.Tests.dll" adapterTypeName="executor://xunit/VsTestRunner2/netcoreapp" className="BL.Tests.TurnstilesServiceTest" name="TestAdminGetTurnstilesAsync" />
    </UnitTest>
    <UnitTest name="BL.Tests.LiftsServiceTest.TestGetLiftsInfoAsync(userID: 232, initialLifts: [Lift { LiftID = 158, LiftName = liftName576cfd1e-73be-4d1e-823d-50e6aefc3e92, IsOpen = True, SeatsAmount = 176, LiftingTime = 25, QueueTime = 40, ConnectedSlopes =  }, Lift { LiftID = 146, LiftName = liftName10649461-3061-4184-8866-fecb7e53fd02, IsOpen = False, SeatsAmount = 116, LiftingTime = 227, QueueTime = 4, ConnectedSlopes =  }, Lift { LiftID = 32, LiftName = ..." storage="c:\users\alena\desktop\7_sem\testing_and_debugging\skiresort\bl.tests\bin\debug\net6.0\bl.tests.dll" id="28e4ce44-0240-a82d-6352-060aa03d06e8">
      <Execution id="406489b9-6b26-4c3c-82d7-aefb29491e97" />
      <TestMethod codeBase="C:\Users\alena\Desktop\7_sem\testing_and_debugging\SkiResort\BL.Tests\bin\Debug\net6.0\BL.Tests.dll" adapterTypeName="executor://xunit/VsTestRunner2/netcoreapp" className="BL.Tests.LiftsServiceTest" name="TestGetLiftsInfoAsync" />
    </UnitTest>
    <UnitTest name="BL.Tests.CheckPermissionsServiceTests.AuthorizedHasNoAccessToAdminSkiPatrolFunctions(functionName: &quot;GetLiftsSlopesInfoAsync&quot;)" storage="c:\users\alena\desktop\7_sem\testing_and_debugging\skiresort\bl.tests\bin\debug\net6.0\bl.tests.dll" id="4f297306-d4f3-8d63-e7f4-1ac0b8c58c74">
      <Execution id="74df4861-7dfb-4c65-ba5e-5907859621e5" />
      <TestMethod codeBase="C:\Users\alena\Desktop\7_sem\testing_and_debugging\SkiResort\BL.Tests\bin\Debug\net6.0\BL.Tests.dll" adapterTypeName="executor://xunit/VsTestRunner2/netcoreapp" className="BL.Tests.CheckPermissionsServiceTests" name="AuthorizedHasNoAccessToAdminSkiPatrolFunctions" />
    </UnitTest>
    <UnitTest name="BL.Tests.LiftsServiceTest.TestUpdateLiftInfoAsync(userID: 96, lift: Lift { LiftID = 254, LiftName = liftNameec483305-a1ad-46f1-a784-59fb942916b5, IsOpen = True, SeatsAmount = 195, LiftingTime = 242, QueueTime = 81, ConnectedSlopes =  }, checkPermissionServiceMock: Mock&lt;ICheckPermissionService:3&gt;, liftsRepositoryStub: Mock&lt;ILiftsRepository:3&gt;, sut: LiftsService { })" storage="c:\users\alena\desktop\7_sem\testing_and_debugging\skiresort\bl.tests\bin\debug\net6.0\bl.tests.dll" id="c955d32e-4a5a-a1b2-7dce-55d537557073">
      <Execution id="cf09ee0e-431f-4ccd-904e-f4053c817014" />
      <TestMethod codeBase="C:\Users\alena\Desktop\7_sem\testing_and_debugging\SkiResort\BL.Tests\bin\Debug\net6.0\BL.Tests.dll" adapterTypeName="executor://xunit/VsTestRunner2/netcoreapp" className="BL.Tests.LiftsServiceTest" name="TestUpdateLiftInfoAsync" />
    </UnitTest>
    <UnitTest name="BL.Tests.SlopesServiceTest.TestAdminAddSlopeAsync(userID: 84, slope: Slope { SlopeID = 4, SlopeName = slopeNamed5c45a57-fb20-4433-b62d-3f631768d2f5, IsOpen = True, DifficultyLevel = 94, ConnectedLifts =  }, checkPermissionServiceMock: Mock&lt;ICheckPermissionService:11&gt;, slopesRepositoryStub: Mock&lt;ISlopesRepository:9&gt;, sut: SlopesService { })" storage="c:\users\alena\desktop\7_sem\testing_and_debugging\skiresort\bl.tests\bin\debug\net6.0\bl.tests.dll" id="8b1ba20a-6b08-3982-bc96-5b620d7e2ec4">
      <Execution id="6cdbb7f8-dc0e-4de5-90f4-95fe1f1969bb" />
      <TestMethod codeBase="C:\Users\alena\Desktop\7_sem\testing_and_debugging\SkiResort\BL.Tests\bin\Debug\net6.0\BL.Tests.dll" adapterTypeName="executor://xunit/VsTestRunner2/netcoreapp" className="BL.Tests.SlopesServiceTest" name="TestAdminAddSlopeAsync" />
    </UnitTest>
    <UnitTest name="BL.Tests.UsersServiceTests.TestRegisterOk" storage="c:\users\alena\desktop\7_sem\testing_and_debugging\skiresort\bl.tests\bin\debug\net6.0\bl.tests.dll" id="0eeef75f-6e38-7893-a8fe-cff3e0a970a7">
      <Execution id="5074a6f0-3f90-4dd0-b56f-a6dd55e25e0e" />
      <TestMethod codeBase="C:\Users\alena\Desktop\7_sem\testing_and_debugging\SkiResort\BL.Tests\bin\Debug\net6.0\BL.Tests.dll" adapterTypeName="executor://xunit/VsTestRunner2/netcoreapp" className="BL.Tests.UsersServiceTests" name="TestRegisterOk" />
    </UnitTest>
    <UnitTest name="BL.Tests.SlopesServiceTest.TestGetSlopesInfoAsync(userID: 215, initialSlopes: [Slope { SlopeID = 206, SlopeName = slopeNamedd343769-6ef1-4139-a023-5387f99f447e, IsOpen = True, DifficultyLevel = 211, ConnectedLifts =  }, Slope { SlopeID = 24, SlopeName = slopeName9acbcbc4-ed53-4062-bbcd-4c865bcbee00, IsOpen = False, DifficultyLevel = 18, ConnectedLifts =  }, Slope { SlopeID = 247, SlopeName = slopeNamec4a291fb-105a-4907-bbfd-9f886384e881, Is..." storage="c:\users\alena\desktop\7_sem\testing_and_debugging\skiresort\bl.tests\bin\debug\net6.0\bl.tests.dll" id="553b7a23-b134-9401-9cba-fa1ff940ae35">
      <Execution id="0cfdc13d-646d-418b-8f00-44fe83d29a88" />
      <TestMethod codeBase="C:\Users\alena\Desktop\7_sem\testing_and_debugging\SkiResort\BL.Tests\bin\Debug\net6.0\BL.Tests.dll" adapterTypeName="executor://xunit/VsTestRunner2/netcoreapp" className="BL.Tests.SlopesServiceTest" name="TestGetSlopesInfoAsync" />
    </UnitTest>
    <UnitTest name="BL.Tests.SlopesServiceTest.TestGetSlopeInfoAsync(userID: 24, slope: Slope { SlopeID = 197, SlopeName = slopeName8f1c2f86-3efb-4033-9277-027c3fc6526d, IsOpen = True, DifficultyLevel = 129, ConnectedLifts =  }, checkPermissionServiceMock: Mock&lt;ICheckPermissionService:6&gt;, slopesRepositoryStub: Mock&lt;ISlopesRepository:4&gt;, liftsSlopesRepositoryStub: Mock&lt;ILiftsSlopesRepository:9&gt;, sut: SlopesService { })" storage="c:\users\alena\desktop\7_sem\testing_and_debugging\skiresort\bl.tests\bin\debug\net6.0\bl.tests.dll" id="076084c8-a10e-19fa-fcbb-8a81eb6e255b">
      <Execution id="66d5415d-648c-41a4-9ac8-cd1983b89ad0" />
      <TestMethod codeBase="C:\Users\alena\Desktop\7_sem\testing_and_debugging\SkiResort\BL.Tests\bin\Debug\net6.0\BL.Tests.dll" adapterTypeName="executor://xunit/VsTestRunner2/netcoreapp" className="BL.Tests.SlopesServiceTest" name="TestGetSlopeInfoAsync" />
    </UnitTest>
    <UnitTest name="BL.Tests.CheckPermissionsServiceTests.AuthorizedHasAccessToAuthorizedFunctions(functionName: &quot;SendMessageAsync&quot;)" storage="c:\users\alena\desktop\7_sem\testing_and_debugging\skiresort\bl.tests\bin\debug\net6.0\bl.tests.dll" id="644ec43e-70cd-c82d-42e7-0d990be1414d">
      <Execution id="c48b501c-bb83-40f0-9e65-73ec46cc15e1" />
      <TestMethod codeBase="C:\Users\alena\Desktop\7_sem\testing_and_debugging\SkiResort\BL.Tests\bin\Debug\net6.0\BL.Tests.dll" adapterTypeName="executor://xunit/VsTestRunner2/netcoreapp" className="BL.Tests.CheckPermissionsServiceTests" name="AuthorizedHasAccessToAuthorizedFunctions" />
    </UnitTest>
    <UnitTest name="BL.Tests.CheckPermissionsServiceTests.UnauthorizedHasNoAccessToAuthorizedFunctions(functionName: &quot;LogOutAsync&quot;)" storage="c:\users\alena\desktop\7_sem\testing_and_debugging\skiresort\bl.tests\bin\debug\net6.0\bl.tests.dll" id="fa960c5e-f989-2880-784e-8efe538c5231">
      <Execution id="a29eb59e-8615-4793-b363-5239a3a37657" />
      <TestMethod codeBase="C:\Users\alena\Desktop\7_sem\testing_and_debugging\SkiResort\BL.Tests\bin\Debug\net6.0\BL.Tests.dll" adapterTypeName="executor://xunit/VsTestRunner2/netcoreapp" className="BL.Tests.CheckPermissionsServiceTests" name="UnauthorizedHasNoAccessToAuthorizedFunctions" />
    </UnitTest>
    <UnitTest name="BL.Tests.CheckPermissionsServiceTests.UnauthorizedHasNoAccessToAuthorizedFunctions(functionName: &quot;SendMessageAsync&quot;)" storage="c:\users\alena\desktop\7_sem\testing_and_debugging\skiresort\bl.tests\bin\debug\net6.0\bl.tests.dll" id="eaabd2fc-2f4b-5689-59c8-c7ad34a8f634">
      <Execution id="f68db5ac-1df3-4960-bb28-bc814e41aa9f" />
      <TestMethod codeBase="C:\Users\alena\Desktop\7_sem\testing_and_debugging\SkiResort\BL.Tests\bin\Debug\net6.0\BL.Tests.dll" adapterTypeName="executor://xunit/VsTestRunner2/netcoreapp" className="BL.Tests.CheckPermissionsServiceTests" name="UnauthorizedHasNoAccessToAuthorizedFunctions" />
    </UnitTest>
    <UnitTest name="BL.Tests.UsersServiceTests.TestRegisterUserWithRepeatedEmail" storage="c:\users\alena\desktop\7_sem\testing_and_debugging\skiresort\bl.tests\bin\debug\net6.0\bl.tests.dll" id="894941c1-bfa7-d8f9-c047-1e1ceefe2c2f">
      <Execution id="645e01a3-a904-4c4d-8e66-78b1b5f5b153" />
      <TestMethod codeBase="C:\Users\alena\Desktop\7_sem\testing_and_debugging\SkiResort\BL.Tests\bin\Debug\net6.0\BL.Tests.dll" adapterTypeName="executor://xunit/VsTestRunner2/netcoreapp" className="BL.Tests.UsersServiceTests" name="TestRegisterUserWithRepeatedEmail" />
    </UnitTest>
    <UnitTest name="BL.Tests.TurnstilesServiceTest.TestAdminGetTurnstileAsync(userID: 46, turnstile: Turnstile { TurnstileID = 61, LiftID = 22, IsOpen = True }, checkPermissionServiceMock: Mock&lt;ICheckPermissionService:12&gt;, turnstilesRepositoryStub: Mock&lt;ITurnstilesRepository:6&gt;, sut: TurnstilesService { })" storage="c:\users\alena\desktop\7_sem\testing_and_debugging\skiresort\bl.tests\bin\debug\net6.0\bl.tests.dll" id="72829d38-692e-478f-f22c-8b11edb97db3">
      <Execution id="58f9fbd7-4834-4b3a-94a0-7da20454eec8" />
      <TestMethod codeBase="C:\Users\alena\Desktop\7_sem\testing_and_debugging\SkiResort\BL.Tests\bin\Debug\net6.0\BL.Tests.dll" adapterTypeName="executor://xunit/VsTestRunner2/netcoreapp" className="BL.Tests.TurnstilesServiceTest" name="TestAdminGetTurnstileAsync" />
    </UnitTest>
    <UnitTest name="BL.Tests.UsersServiceTests.TestRegisterUserWithNoEmail" storage="c:\users\alena\desktop\7_sem\testing_and_debugging\skiresort\bl.tests\bin\debug\net6.0\bl.tests.dll" id="8184bd30-991c-b78d-b4ec-99a485eac0dd">
      <Execution id="ff900bb0-0520-406d-aeea-c23ffa96cff9" />
      <TestMethod codeBase="C:\Users\alena\Desktop\7_sem\testing_and_debugging\SkiResort\BL.Tests\bin\Debug\net6.0\BL.Tests.dll" adapterTypeName="executor://xunit/VsTestRunner2/netcoreapp" className="BL.Tests.UsersServiceTests" name="TestRegisterUserWithNoEmail" />
    </UnitTest>
    <UnitTest name="BL.Tests.TurnstilesServiceTest.TestAdminUpdateTurnstileAsync(userID: 46, turnstile: Turnstile { TurnstileID = 217, LiftID = 244, IsOpen = True }, checkPermissionServiceMock: Mock&lt;ICheckPermissionService:14&gt;, turnstilesRepositoryStub: Mock&lt;ITurnstilesRepository:8&gt;, sut: TurnstilesService { })" storage="c:\users\alena\desktop\7_sem\testing_and_debugging\skiresort\bl.tests\bin\debug\net6.0\bl.tests.dll" id="4e507d4b-8e06-3235-ad22-cab71e9dae98">
      <Execution id="92cfc3cd-9eab-45b6-a63a-30b2718f8844" />
      <TestMethod codeBase="C:\Users\alena\Desktop\7_sem\testing_and_debugging\SkiResort\BL.Tests\bin\Debug\net6.0\BL.Tests.dll" adapterTypeName="executor://xunit/VsTestRunner2/netcoreapp" className="BL.Tests.TurnstilesServiceTest" name="TestAdminUpdateTurnstileAsync" />
    </UnitTest>
  </TestDefinitions>
  <TestEntries>
    <TestEntry testId="a2e59116-cb53-1d70-9cb8-21c286516866" executionId="a58ead0d-13da-4177-af9b-a0525f5afa93" testListId="8c84fa94-04c1-424b-9868-57a2d4851a1d" />
    <TestEntry testId="fa960c5e-f989-2880-784e-8efe538c5231" executionId="a29eb59e-8615-4793-b363-5239a3a37657" testListId="8c84fa94-04c1-424b-9868-57a2d4851a1d" />
    <TestEntry testId="728555db-0aba-a02b-5219-164bd626e01a" executionId="be286639-580d-41ca-b5ef-ffec4f654fc7" testListId="8c84fa94-04c1-424b-9868-57a2d4851a1d" />
    <TestEntry testId="1ca07ad8-f799-c5d4-e7cc-34fd950198a2" executionId="0734644f-4c9f-41f0-92f0-7142dee1ed15" testListId="8c84fa94-04c1-424b-9868-57a2d4851a1d" />
    <TestEntry testId="482be8a5-4df7-cf22-08c5-68d464188cfc" executionId="7c4872d4-5a9f-47ec-979a-36605a780404" testListId="8c84fa94-04c1-424b-9868-57a2d4851a1d" />
    <TestEntry testId="28e4ce44-0240-a82d-6352-060aa03d06e8" executionId="406489b9-6b26-4c3c-82d7-aefb29491e97" testListId="8c84fa94-04c1-424b-9868-57a2d4851a1d" />
    <TestEntry testId="8b1ba20a-6b08-3982-bc96-5b620d7e2ec4" executionId="6cdbb7f8-dc0e-4de5-90f4-95fe1f1969bb" testListId="8c84fa94-04c1-424b-9868-57a2d4851a1d" />
    <TestEntry testId="d8e174b5-87b4-9d07-4de5-46327a25ae5e" executionId="1529a663-0bbd-411b-9ada-622908a61ef2" testListId="8c84fa94-04c1-424b-9868-57a2d4851a1d" />
    <TestEntry testId="33a07324-d719-6b61-5ea4-565c12739bfa" executionId="2188d5d5-056d-4071-92e9-72fba7a4e4ea" testListId="8c84fa94-04c1-424b-9868-57a2d4851a1d" />
    <TestEntry testId="8184bd30-991c-b78d-b4ec-99a485eac0dd" executionId="ff900bb0-0520-406d-aeea-c23ffa96cff9" testListId="8c84fa94-04c1-424b-9868-57a2d4851a1d" />
    <TestEntry testId="2d706594-f2b3-b3c8-21d4-86c9798c3306" executionId="df666ed9-2d84-4a99-a12d-d9f12366afc0" testListId="8c84fa94-04c1-424b-9868-57a2d4851a1d" />
    <TestEntry testId="379ae60c-3290-05c7-07a5-3b2366fcadf4" executionId="d2eb1c3b-3b01-4514-bcb2-bebc494bc2c0" testListId="8c84fa94-04c1-424b-9868-57a2d4851a1d" />
    <TestEntry testId="a19a5fcf-c5d2-7d44-5d7d-84403042f4e0" executionId="fa8ee7a7-d248-4484-9c14-2642a4eeed3e" testListId="8c84fa94-04c1-424b-9868-57a2d4851a1d" />
    <TestEntry testId="69340bb6-3645-f9dd-971e-29d8b2a009bb" executionId="95d18e85-cf78-431e-97dd-3f4aaea899f9" testListId="8c84fa94-04c1-424b-9868-57a2d4851a1d" />
    <TestEntry testId="e2800b00-f2ed-1c0c-9000-730bd5c2d9af" executionId="d728d967-3d0c-4b52-9b0f-29c6b6ddf1c8" testListId="8c84fa94-04c1-424b-9868-57a2d4851a1d" />
    <TestEntry testId="644ec43e-70cd-c82d-42e7-0d990be1414d" executionId="c48b501c-bb83-40f0-9e65-73ec46cc15e1" testListId="8c84fa94-04c1-424b-9868-57a2d4851a1d" />
    <TestEntry testId="f44a1b21-8efc-bfac-63b4-d534442def31" executionId="ce1afb27-b03c-4dce-af29-fe0e0f257bf0" testListId="8c84fa94-04c1-424b-9868-57a2d4851a1d" />
    <TestEntry testId="60bd668f-04df-da5e-b79b-5d9aedb5234d" executionId="f371058b-bb7f-4d35-99f9-06b1dc8328a5" testListId="8c84fa94-04c1-424b-9868-57a2d4851a1d" />
    <TestEntry testId="e2d7e5be-3dae-33ae-fb17-c704b6fd58d6" executionId="fdf4ce87-d1d5-420d-8fb7-e9df9dc1a24e" testListId="8c84fa94-04c1-424b-9868-57a2d4851a1d" />
    <TestEntry testId="06d0bc3a-24a0-fb7f-4277-e9ae6d21c7dd" executionId="877cf095-308a-4a40-ad95-ed7704e75e20" testListId="8c84fa94-04c1-424b-9868-57a2d4851a1d" />
    <TestEntry testId="4e507d4b-8e06-3235-ad22-cab71e9dae98" executionId="92cfc3cd-9eab-45b6-a63a-30b2718f8844" testListId="8c84fa94-04c1-424b-9868-57a2d4851a1d" />
    <TestEntry testId="19036dbb-7094-53b6-6bf4-b3d116f32e00" executionId="2c328ca7-6018-4e66-8e37-45f5c19e3494" testListId="8c84fa94-04c1-424b-9868-57a2d4851a1d" />
    <TestEntry testId="9c7df5e2-1b23-ebea-889f-b78ca86b60ab" executionId="b1880afe-9aae-48dc-ae16-736a11d352fa" testListId="8c84fa94-04c1-424b-9868-57a2d4851a1d" />
    <TestEntry testId="f3efc418-a8a6-c7b7-9bac-90b33aa8472f" executionId="112a73bb-1bba-430b-9ead-ca7a34078928" testListId="8c84fa94-04c1-424b-9868-57a2d4851a1d" />
    <TestEntry testId="af39abc2-a53f-dc9d-562b-4f9664f6b218" executionId="1acf6c37-6cd3-44cc-8372-6c39505bf585" testListId="8c84fa94-04c1-424b-9868-57a2d4851a1d" />
    <TestEntry testId="2bea626f-587c-e706-c23a-c24aa890d998" executionId="809c9896-1a1e-4169-a4ec-512d74c20ee3" testListId="8c84fa94-04c1-424b-9868-57a2d4851a1d" />
    <TestEntry testId="0eeef75f-6e38-7893-a8fe-cff3e0a970a7" executionId="5074a6f0-3f90-4dd0-b56f-a6dd55e25e0e" testListId="8c84fa94-04c1-424b-9868-57a2d4851a1d" />
    <TestEntry testId="39be9b5e-0bc4-57dc-37d3-aec6b520299d" executionId="ce8042d1-bc68-44a6-88d3-7654d2638e03" testListId="8c84fa94-04c1-424b-9868-57a2d4851a1d" />
    <TestEntry testId="18fa8c62-e27d-e1fc-8182-4d7db62b008d" executionId="d8496a8a-be6a-4971-856c-991b9777d581" testListId="8c84fa94-04c1-424b-9868-57a2d4851a1d" />
    <TestEntry testId="834c739b-eca4-b36d-6a66-5a1bd75377b8" executionId="f8a631dc-e4d1-45c4-9f3b-ad10ec5b28b7" testListId="8c84fa94-04c1-424b-9868-57a2d4851a1d" />
    <TestEntry testId="4f297306-d4f3-8d63-e7f4-1ac0b8c58c74" executionId="74df4861-7dfb-4c65-ba5e-5907859621e5" testListId="8c84fa94-04c1-424b-9868-57a2d4851a1d" />
    <TestEntry testId="076084c8-a10e-19fa-fcbb-8a81eb6e255b" executionId="66d5415d-648c-41a4-9ac8-cd1983b89ad0" testListId="8c84fa94-04c1-424b-9868-57a2d4851a1d" />
    <TestEntry testId="20ad8570-0170-85de-dcd7-2f109dd7bcd6" executionId="9432f76f-8f7e-4aca-b2e9-8944e4027f2c" testListId="8c84fa94-04c1-424b-9868-57a2d4851a1d" />
    <TestEntry testId="e5497347-2721-b7a6-0bd4-69a9921f6947" executionId="2a43d746-e661-4cd6-b24f-d1659d4c4587" testListId="8c84fa94-04c1-424b-9868-57a2d4851a1d" />
    <TestEntry testId="387c9729-48c1-486e-5e67-f5d11a9f0db8" executionId="75147149-f8cf-4209-9e66-ddc12c3e8803" testListId="8c84fa94-04c1-424b-9868-57a2d4851a1d" />
    <TestEntry testId="c955d32e-4a5a-a1b2-7dce-55d537557073" executionId="cf09ee0e-431f-4ccd-904e-f4053c817014" testListId="8c84fa94-04c1-424b-9868-57a2d4851a1d" />
    <TestEntry testId="553b7a23-b134-9401-9cba-fa1ff940ae35" executionId="0cfdc13d-646d-418b-8f00-44fe83d29a88" testListId="8c84fa94-04c1-424b-9868-57a2d4851a1d" />
    <TestEntry testId="b87a996a-ec8d-7a54-9fc1-27e80518823b" executionId="a6a8403f-8314-4e68-9df0-161223631c5c" testListId="8c84fa94-04c1-424b-9868-57a2d4851a1d" />
    <TestEntry testId="72829d38-692e-478f-f22c-8b11edb97db3" executionId="58f9fbd7-4834-4b3a-94a0-7da20454eec8" testListId="8c84fa94-04c1-424b-9868-57a2d4851a1d" />
    <TestEntry testId="eaabd2fc-2f4b-5689-59c8-c7ad34a8f634" executionId="f68db5ac-1df3-4960-bb28-bc814e41aa9f" testListId="8c84fa94-04c1-424b-9868-57a2d4851a1d" />
    <TestEntry testId="c36970dc-93f7-753e-fa47-157133b01644" executionId="c865a403-1ccf-47da-b606-f9ce64dcbe90" testListId="8c84fa94-04c1-424b-9868-57a2d4851a1d" />
    <TestEntry testId="229812f5-9a73-5335-11f5-31330d1348a5" executionId="611777d7-94b1-4d70-ae5e-27fd82bc1c80" testListId="8c84fa94-04c1-424b-9868-57a2d4851a1d" />
    <TestEntry testId="04782d20-8d11-f837-9f99-847dc8cd6715" executionId="62cfe34d-58fc-4a85-9c7c-b892aa514c8c" testListId="8c84fa94-04c1-424b-9868-57a2d4851a1d" />
    <TestEntry testId="492c0393-35b4-df26-a537-21ca08302f3c" executionId="0f7bdd18-1be8-4d9d-9dc5-b64912c575eb" testListId="8c84fa94-04c1-424b-9868-57a2d4851a1d" />
    <TestEntry testId="aa28a6b3-21d3-aa45-24d3-bef2facbc899" executionId="da46f9fa-ba29-41fe-a76f-e01eaf94b859" testListId="8c84fa94-04c1-424b-9868-57a2d4851a1d" />
    <TestEntry testId="894941c1-bfa7-d8f9-c047-1e1ceefe2c2f" executionId="645e01a3-a904-4c4d-8e66-78b1b5f5b153" testListId="8c84fa94-04c1-424b-9868-57a2d4851a1d" />
    <TestEntry testId="2602613f-c8e2-a6d9-fcf7-5b27d4a770a6" executionId="038d6feb-83e5-4726-977c-5c93f3dffc56" testListId="8c84fa94-04c1-424b-9868-57a2d4851a1d" />
  </TestEntries>
  <TestLists>
    <TestList name="Список результатов" id="8c84fa94-04c1-424b-9868-57a2d4851a1d" />
    <TestList name="Все загруженные результаты" id="19431567-8539-422a-85d7-44ee4e166bda" />
  </TestLists>
  <ResultSummary outcome="Completed">
    <Counters total="47" executed="47" passed="47" failed="0" error="0" timeout="0" aborted="0" inconclusive="0" passedButRunAborted="0" notRunnable="0" notExecuted="0" disconnected="0" warning="0" completed="0" inProgress="0" pending="0" />
    <Output>
      <StdOut>[xUnit.net 00:00:00.00] xUnit.net VSTest Adapter v2.4.5+1caef2f33e (64-bit .NET 6.0.3)&#xD;
[xUnit.net 00:00:00.44]   Discovering: BL.Tests&#xD;
[xUnit.net 00:00:00.66]   Discovered:  BL.Tests&#xD;
[xUnit.net 00:00:00.67]   Starting:    BL.Tests&#xD;
[xUnit.net 00:00:00.93]   Finished:    BL.Tests&#xD;
</StdOut>
    </Output>
  </ResultSummary>
</TestRun>