<?xml version="1.0" encoding="utf-8"?>
<TestRun id="5cf5ee26-943f-4215-9c73-e6ad0b1d1b47" name="alena@DESKTOP-TJ9D65N 2022-10-15 20:55:38" runUser="DESKTOP-TJ9D65N\alena" xmlns="http://microsoft.com/schemas/VisualStudio/TeamTest/2010">
  <Times creation="2022-10-15T20:55:38.5932410+03:00" queuing="2022-10-15T20:55:38.5932412+03:00" start="2022-10-15T20:55:37.1548414+03:00" finish="2022-10-15T20:55:38.6543464+03:00" />
  <TestSettings name="default" id="620e4904-905d-4149-93e7-b450068e6d64">
    <Deployment runDeploymentRoot="alena_DESKTOP-TJ9D65N_2022-10-15_20_55_38" />
  </TestSettings>
  <Results>
    <UnitTestResult executionId="042cf10e-c129-43f5-b0f9-89b265dd5bd5" testId="eaabd2fc-2f4b-5689-59c8-c7ad34a8f634" testName="BL.Tests.CheckPermissionsServiceTests.UnauthorizedHasNoAccessToAuthorizedFunctions(functionName: &quot;SendMessageAsync&quot;)" computerName="DESKTOP-TJ9D65N" duration="00:00:00.0029266" startTime="2022-10-15T20:55:38.5448536+03:00" endTime="2022-10-15T20:55:38.5448537+03:00" testType="13cdc9d9-ddb5-4fa4-a97d-d965ccfc6d4b" outcome="Passed" testListId="8c84fa94-04c1-424b-9868-57a2d4851a1d" relativeResultsDirectory="042cf10e-c129-43f5-b0f9-89b265dd5bd5" />
    <UnitTestResult executionId="e4c32e1a-34b5-47a4-867a-58e132061061" testId="387c9729-48c1-486e-5e67-f5d11a9f0db8" testName="BL.Tests.CheckPermissionsServiceTests.UnauthorizedHasNoAccessToAdminSkiPatrolFunctions(functionName: &quot;GetLiftsSlopesInfoAsync&quot;)" computerName="DESKTOP-TJ9D65N" duration="00:00:00.0010349" startTime="2022-10-15T20:55:38.5433871+03:00" endTime="2022-10-15T20:55:38.5433871+03:00" testType="13cdc9d9-ddb5-4fa4-a97d-d965ccfc6d4b" outcome="Passed" testListId="8c84fa94-04c1-424b-9868-57a2d4851a1d" relativeResultsDirectory="e4c32e1a-34b5-47a4-867a-58e132061061" />
    <UnitTestResult executionId="f1fd0d0e-73aa-45fe-b2a3-875e9240d03f" testId="83f8baa7-b55b-6515-73d7-bec17330a26d" testName="BL.Tests.LiftsServiceTest.TestGetLiftInfoAsync(userID: 206, lift: Lift { LiftID = 147, LiftName = liftName8be67317-d7d4-4bd7-a868-bac8c6e56092, IsOpen = True, SeatsAmount = 145, LiftingTime = 148, QueueTime = 52, ConnectedSlopes =  }, checkPermissionServiceMock: Mock&lt;ICheckPermissionService:1&gt;, liftsRepositoryStub: Mock&lt;ILiftsRepository:1&gt;, liftsSlopesRepositoryStub: Mock&lt;ILiftsSlopesRepository:1&gt;, sut: LiftsService { })" computerName="DESKTOP-TJ9D65N" duration="00:00:00.0067481" startTime="2022-10-15T20:55:38.5465831+03:00" endTime="2022-10-15T20:55:38.5465832+03:00" testType="13cdc9d9-ddb5-4fa4-a97d-d965ccfc6d4b" outcome="Passed" testListId="8c84fa94-04c1-424b-9868-57a2d4851a1d" relativeResultsDirectory="f1fd0d0e-73aa-45fe-b2a3-875e9240d03f" />
    <UnitTestResult executionId="a75f5c54-2dff-4837-a5f6-e9033208f4c8" testId="2602613f-c8e2-a6d9-fcf7-5b27d4a770a6" testName="BL.Tests.CheckPermissionsServiceTests.AuthorizedHasNoAccessToAdminSkiPatrolFunctions(functionName: &quot;GetMessagesAsync&quot;)" computerName="DESKTOP-TJ9D65N" duration="00:00:00.0032214" startTime="2022-10-15T20:55:38.5472694+03:00" endTime="2022-10-15T20:55:38.5472695+03:00" testType="13cdc9d9-ddb5-4fa4-a97d-d965ccfc6d4b" outcome="Passed" testListId="8c84fa94-04c1-424b-9868-57a2d4851a1d" relativeResultsDirectory="a75f5c54-2dff-4837-a5f6-e9033208f4c8" />
    <UnitTestResult executionId="232ea728-d22c-46a4-9fa5-177231ab8f88" testId="0871342f-670e-0f35-3d76-db2d7f3ad102" testName="BL.Tests.TurnstilesServiceTest.TestAdminGetTurnstileAsync(userID: 77, turnstile: Turnstile { TurnstileID = 31, LiftID = 155, IsOpen = True }, checkPermissionServiceMock: Mock&lt;ICheckPermissionService:12&gt;, turnstilesRepositoryStub: Mock&lt;ITurnstilesRepository:6&gt;, sut: TurnstilesService { })" computerName="DESKTOP-TJ9D65N" duration="00:00:00.0048568" startTime="2022-10-15T20:55:38.5455874+03:00" endTime="2022-10-15T20:55:38.5455874+03:00" testType="13cdc9d9-ddb5-4fa4-a97d-d965ccfc6d4b" outcome="Passed" testListId="8c84fa94-04c1-424b-9868-57a2d4851a1d" relativeResultsDirectory="232ea728-d22c-46a4-9fa5-177231ab8f88" />
    <UnitTestResult executionId="c8491285-05b4-450d-a885-dd90d7a48b9e" testId="f9411c36-535e-4c25-174a-fbeb5154b386" testName="BL.Tests.LiftsSlopesServiceTests.TestAdminDeleteLiftSlopeAsync(lift: Lift { LiftID = 34, LiftName = liftNamed9e55dca-1dc9-4065-99d7-b27384f003dc, IsOpen = True, SeatsAmount = 137, LiftingTime = 167, QueueTime = 2, ConnectedSlopes =  }, slope: Slope { SlopeID = 243, SlopeName = slopeNameda473cdc-c805-42d5-842e-f4e9ff85f7a7, IsOpen = False, DifficultyLevel = 238, ConnectedLifts =  }, slopesRepositoryStub: Mock&lt;ISlopesRepository:2&gt;, liftsRepositoryStub: Mock&lt;ILiftsRepository:7&gt;, liftsSlopesRepositoryStub: Mock&lt;ILiftsSlopesRepository:7&gt;)" computerName="DESKTOP-TJ9D65N" duration="00:00:00.0310512" startTime="2022-10-15T20:55:38.4599795+03:00" endTime="2022-10-15T20:55:38.4600008+03:00" testType="13cdc9d9-ddb5-4fa4-a97d-d965ccfc6d4b" outcome="Passed" testListId="8c84fa94-04c1-424b-9868-57a2d4851a1d" relativeResultsDirectory="c8491285-05b4-450d-a885-dd90d7a48b9e" />
    <UnitTestResult executionId="1364f53a-10d0-4b9e-9f90-04244f2bcc1c" testId="82863221-a63c-667f-0ae6-f97268e2b317" testName="BL.Tests.LiftsSlopesServiceTests.TestAdminAddAutoIncrementLiftSlopeAsync(lift: Lift { LiftID = 134, LiftName = liftNamefcf874fa-0f3b-46f2-88d5-ad9804b2c047, IsOpen = True, SeatsAmount = 35, LiftingTime = 168, QueueTime = 96, ConnectedSlopes =  }, slope: Slope { SlopeID = 160, SlopeName = slopeName01682498-d944-4605-8b74-ed023fc909ae, IsOpen = False, DifficultyLevel = 143, ConnectedLifts =  }, slopesRepositoryStub: Mock&lt;ISlopesRepository:3&gt;, liftsRepositoryStub: Mock&lt;ILiftsRepository:8&gt;, liftsSlopesRepositoryStub: Mock&lt;ILiftsSlopesRepository:8&gt;)" computerName="DESKTOP-TJ9D65N" duration="00:00:00.0074874" startTime="2022-10-15T20:55:38.5449491+03:00" endTime="2022-10-15T20:55:38.5449492+03:00" testType="13cdc9d9-ddb5-4fa4-a97d-d965ccfc6d4b" outcome="Passed" testListId="8c84fa94-04c1-424b-9868-57a2d4851a1d" relativeResultsDirectory="1364f53a-10d0-4b9e-9f90-04244f2bcc1c" />
    <UnitTestResult executionId="e9bc1da8-1e9c-4718-af77-5bb742ba4a56" testId="644ec43e-70cd-c82d-42e7-0d990be1414d" testName="BL.Tests.CheckPermissionsServiceTests.AuthorizedHasAccessToAuthorizedFunctions(functionName: &quot;SendMessageAsync&quot;)" computerName="DESKTOP-TJ9D65N" duration="00:00:00.0015413" startTime="2022-10-15T20:55:38.5596540+03:00" endTime="2022-10-15T20:55:38.5596542+03:00" testType="13cdc9d9-ddb5-4fa4-a97d-d965ccfc6d4b" outcome="Passed" testListId="8c84fa94-04c1-424b-9868-57a2d4851a1d" relativeResultsDirectory="e9bc1da8-1e9c-4718-af77-5bb742ba4a56" />
    <UnitTestResult executionId="4aa825b1-5654-4351-96dd-b764712ef74f" testId="894941c1-bfa7-d8f9-c047-1e1ceefe2c2f" testName="BL.Tests.UsersServiceTests.TestRegisterUserWithRepeatedEmail" computerName="DESKTOP-TJ9D65N" duration="00:00:00.0037630" startTime="2022-10-15T20:55:38.5449032+03:00" endTime="2022-10-15T20:55:38.5449033+03:00" testType="13cdc9d9-ddb5-4fa4-a97d-d965ccfc6d4b" outcome="Passed" testListId="8c84fa94-04c1-424b-9868-57a2d4851a1d" relativeResultsDirectory="4aa825b1-5654-4351-96dd-b764712ef74f" />
    <UnitTestResult executionId="476935af-fed1-481c-a865-62b35c14011c" testId="101f6750-a5df-a4fb-ef0b-9cc56b336f43" testName="BL.Tests.LiftsServiceTest.TestAdminDeleteLiftAsync(userID: 29, lift: Lift { LiftID = 170, LiftName = liftNamefefea7d1-984f-4368-8c5a-a6543e2fd96a, IsOpen = True, SeatsAmount = 93, LiftingTime = 146, QueueTime = 64, ConnectedSlopes =  }, checkPermissionServiceMock: Mock&lt;ICheckPermissionService:4&gt;, liftsRepositoryStub: Mock&lt;ILiftsRepository:4&gt;, liftsSlopesRepositoryStub: Mock&lt;ILiftsSlopesRepository:4&gt;, sut: LiftsService { })" computerName="DESKTOP-TJ9D65N" duration="00:00:00.0098651" startTime="2022-10-15T20:55:38.5454388+03:00" endTime="2022-10-15T20:55:38.5454389+03:00" testType="13cdc9d9-ddb5-4fa4-a97d-d965ccfc6d4b" outcome="Passed" testListId="8c84fa94-04c1-424b-9868-57a2d4851a1d" relativeResultsDirectory="476935af-fed1-481c-a865-62b35c14011c" />
    <UnitTestResult executionId="8bd8cbd6-8424-4616-a176-c4c6ec84e36d" testId="20ad8570-0170-85de-dcd7-2f109dd7bcd6" testName="BL.Tests.UsersServiceTests.TestAdminGetUsers" computerName="DESKTOP-TJ9D65N" duration="00:00:00.0362946" startTime="2022-10-15T20:55:38.4635128+03:00" endTime="2022-10-15T20:55:38.4635128+03:00" testType="13cdc9d9-ddb5-4fa4-a97d-d965ccfc6d4b" outcome="Passed" testListId="8c84fa94-04c1-424b-9868-57a2d4851a1d" relativeResultsDirectory="8bd8cbd6-8424-4616-a176-c4c6ec84e36d" />
    <UnitTestResult executionId="97380e0d-14b6-452b-9c6e-8357f906193c" testId="95f27258-f02f-4a12-676c-b4bf1d98887a" testName="BL.Tests.SlopesServiceTest.TestUpdateSlopeInfoAsync(userID: 220, slope: Slope { SlopeID = 12, SlopeName = slopeName42eabff3-0cfe-468c-b448-f3103d2cf256, IsOpen = True, DifficultyLevel = 92, ConnectedLifts =  }, checkPermissionServiceMock: Mock&lt;ICheckPermissionService:8&gt;, slopesRepositoryStub: Mock&lt;ISlopesRepository:6&gt;, sut: SlopesService { })" computerName="DESKTOP-TJ9D65N" duration="00:00:00.0091792" startTime="2022-10-15T20:55:38.5456100+03:00" endTime="2022-10-15T20:55:38.5456100+03:00" testType="13cdc9d9-ddb5-4fa4-a97d-d965ccfc6d4b" outcome="Passed" testListId="8c84fa94-04c1-424b-9868-57a2d4851a1d" relativeResultsDirectory="97380e0d-14b6-452b-9c6e-8357f906193c" />
    <UnitTestResult executionId="507572e3-1559-4578-9089-52abe69724ca" testId="4f297306-d4f3-8d63-e7f4-1ac0b8c58c74" testName="BL.Tests.CheckPermissionsServiceTests.AuthorizedHasNoAccessToAdminSkiPatrolFunctions(functionName: &quot;GetLiftsSlopesInfoAsync&quot;)" computerName="DESKTOP-TJ9D65N" duration="00:00:00.0014296" startTime="2022-10-15T20:55:38.5552525+03:00" endTime="2022-10-15T20:55:38.5552526+03:00" testType="13cdc9d9-ddb5-4fa4-a97d-d965ccfc6d4b" outcome="Passed" testListId="8c84fa94-04c1-424b-9868-57a2d4851a1d" relativeResultsDirectory="507572e3-1559-4578-9089-52abe69724ca" />
    <UnitTestResult executionId="af653c92-039d-4d33-993d-65b5aa101dfa" testId="d6662de9-1814-42c4-15ca-e742b8a1781d" testName="BL.Tests.SlopesServiceTest.TestAdminAddSlopeAsync(userID: 249, slope: Slope { SlopeID = 69, SlopeName = slopeName4cba5715-bab9-4f15-b3c9-8e537579a736, IsOpen = True, DifficultyLevel = 156, ConnectedLifts =  }, checkPermissionServiceMock: Mock&lt;ICheckPermissionService:11&gt;, slopesRepositoryStub: Mock&lt;ISlopesRepository:9&gt;, sut: SlopesService { })" computerName="DESKTOP-TJ9D65N" duration="00:00:00.0100432" startTime="2022-10-15T20:55:38.5463495+03:00" endTime="2022-10-15T20:55:38.5463495+03:00" testType="13cdc9d9-ddb5-4fa4-a97d-d965ccfc6d4b" outcome="Passed" testListId="8c84fa94-04c1-424b-9868-57a2d4851a1d" relativeResultsDirectory="af653c92-039d-4d33-993d-65b5aa101dfa" />
    <UnitTestResult executionId="38b8e71f-b052-4d86-82e8-792ec4b75e0a" testId="8184bd30-991c-b78d-b4ec-99a485eac0dd" testName="BL.Tests.UsersServiceTests.TestRegisterUserWithNoEmail" computerName="DESKTOP-TJ9D65N" duration="00:00:00.0028406" startTime="2022-10-15T20:55:38.5436727+03:00" endTime="2022-10-15T20:55:38.5436733+03:00" testType="13cdc9d9-ddb5-4fa4-a97d-d965ccfc6d4b" outcome="Passed" testListId="8c84fa94-04c1-424b-9868-57a2d4851a1d" relativeResultsDirectory="38b8e71f-b052-4d86-82e8-792ec4b75e0a" />
    <UnitTestResult executionId="ae152d6d-97a9-4477-b228-537b84327933" testId="a19a5fcf-c5d2-7d44-5d7d-84403042f4e0" testName="BL.Tests.CheckPermissionsServiceTests.UnauthorizedHasNoAccessToAdminSkiPatrolFunctions(functionName: &quot;MarkMessageReadByUserAsync&quot;)" computerName="DESKTOP-TJ9D65N" duration="00:00:00.0310835" startTime="2022-10-15T20:55:38.4634303+03:00" endTime="2022-10-15T20:55:38.4634304+03:00" testType="13cdc9d9-ddb5-4fa4-a97d-d965ccfc6d4b" outcome="Passed" testListId="8c84fa94-04c1-424b-9868-57a2d4851a1d" relativeResultsDirectory="ae152d6d-97a9-4477-b228-537b84327933" />
    <UnitTestResult executionId="6a1f3f35-c95b-4d46-a1de-43a15fc87dc0" testId="9c7df5e2-1b23-ebea-889f-b78ca86b60ab" testName="BL.Tests.CheckPermissionsServiceTests.AuthorizedHasNoAccessToAdminSkiPatrolFunctions(functionName: &quot;MarkMessageReadByUserAsync&quot;)" computerName="DESKTOP-TJ9D65N" duration="00:00:00.0009304" startTime="2022-10-15T20:55:38.5510181+03:00" endTime="2022-10-15T20:55:38.5510182+03:00" testType="13cdc9d9-ddb5-4fa4-a97d-d965ccfc6d4b" outcome="Passed" testListId="8c84fa94-04c1-424b-9868-57a2d4851a1d" relativeResultsDirectory="6a1f3f35-c95b-4d46-a1de-43a15fc87dc0" />
    <UnitTestResult executionId="b81b7fe7-925b-47da-8760-712d22910118" testId="fa960c5e-f989-2880-784e-8efe538c5231" testName="BL.Tests.CheckPermissionsServiceTests.UnauthorizedHasNoAccessToAuthorizedFunctions(functionName: &quot;LogOutAsync&quot;)" computerName="DESKTOP-TJ9D65N" duration="00:00:00.0013630" startTime="2022-10-15T20:55:38.5449602+03:00" endTime="2022-10-15T20:55:38.5449602+03:00" testType="13cdc9d9-ddb5-4fa4-a97d-d965ccfc6d4b" outcome="Passed" testListId="8c84fa94-04c1-424b-9868-57a2d4851a1d" relativeResultsDirectory="b81b7fe7-925b-47da-8760-712d22910118" />
    <UnitTestResult executionId="1937b81b-263c-4b00-afbd-29f247957f34" testId="4a51c282-d26a-486f-b429-15020d956c78" testName="BL.Tests.TurnstilesServiceTest.TestAdminDeleteTurnstileAsync(userID: 128, turnstile: Turnstile { TurnstileID = 51, LiftID = 44, IsOpen = True }, checkPermissionServiceMock: Mock&lt;ICheckPermissionService:15&gt;, turnstilesRepositoryStub: Mock&lt;ITurnstilesRepository:9&gt;, sut: TurnstilesService { })" computerName="DESKTOP-TJ9D65N" duration="00:00:00.0048072" startTime="2022-10-15T20:55:38.5437777+03:00" endTime="2022-10-15T20:55:38.5437777+03:00" testType="13cdc9d9-ddb5-4fa4-a97d-d965ccfc6d4b" outcome="Passed" testListId="8c84fa94-04c1-424b-9868-57a2d4851a1d" relativeResultsDirectory="1937b81b-263c-4b00-afbd-29f247957f34" />
    <UnitTestResult executionId="a121fe95-88c2-4bc4-8704-c05ec4af2d15" testId="cc73ca50-8f7a-c99f-fe68-9d939e2177da" testName="BL.Tests.LiftsServiceTest.TestGetLiftsInfoAsync(userID: 82, initialLifts: [Lift { LiftID = 146, LiftName = liftName42315441-4905-412b-8383-8d7c13c48906, IsOpen = True, SeatsAmount = 222, LiftingTime = 62, QueueTime = 155, ConnectedSlopes =  }, Lift { LiftID = 141, LiftName = liftName44831bd4-bf89-4d61-9cfc-e248fec95586, IsOpen = False, SeatsAmount = 85, LiftingTime = 165, QueueTime = 246, ConnectedSlopes =  }, Lift { LiftID = 81, LiftName = liftName4dc23d54-5ade-4dce-9a23-357459359aca, IsOpen = True, SeatsAmount = 185, LiftingTime = 242, QueueTime = 117, ConnectedSlopes =  }], checkPermissionServiceMock: Mock&lt;ICheckPermissionService:2&gt;, liftsRepositoryStub: Mock&lt;ILiftsRepository:2&gt;, liftsSlopesRepositoryStub: Mock&lt;ILiftsSlopesRepository:2&gt;, sut: LiftsService { })" computerName="DESKTOP-TJ9D65N" duration="00:00:00.0108267" startTime="2022-10-15T20:55:38.5448115+03:00" endTime="2022-10-15T20:55:38.5448116+03:00" testType="13cdc9d9-ddb5-4fa4-a97d-d965ccfc6d4b" outcome="Passed" testListId="8c84fa94-04c1-424b-9868-57a2d4851a1d" relativeResultsDirectory="a121fe95-88c2-4bc4-8704-c05ec4af2d15" />
    <UnitTestResult executionId="31fb02c6-92a7-4173-bb49-bad11b4f70ce" testId="1ca07ad8-f799-c5d4-e7cc-34fd950198a2" testName="BL.Tests.UsersServiceTests.TestLogInOk" computerName="DESKTOP-TJ9D65N" duration="00:00:00.0028612" startTime="2022-10-15T20:55:38.5465485+03:00" endTime="2022-10-15T20:55:38.5465487+03:00" testType="13cdc9d9-ddb5-4fa4-a97d-d965ccfc6d4b" outcome="Passed" testListId="8c84fa94-04c1-424b-9868-57a2d4851a1d" relativeResultsDirectory="31fb02c6-92a7-4173-bb49-bad11b4f70ce" />
    <UnitTestResult executionId="71032282-22d7-4d96-bba2-21adf784b163" testId="c36970dc-93f7-753e-fa47-157133b01644" testName="BL.Tests.CheckPermissionsServiceTests.SkiPatrolHasAccessToAdminSkiPatrolFunctions(functionName: &quot;GetMessagesAsync&quot;)" computerName="DESKTOP-TJ9D65N" duration="00:00:00.0007873" startTime="2022-10-15T20:55:38.5462465+03:00" endTime="2022-10-15T20:55:38.5462466+03:00" testType="13cdc9d9-ddb5-4fa4-a97d-d965ccfc6d4b" outcome="Passed" testListId="8c84fa94-04c1-424b-9868-57a2d4851a1d" relativeResultsDirectory="71032282-22d7-4d96-bba2-21adf784b163" />
    <UnitTestResult executionId="c36bf80f-3a9c-4062-9574-d45e5946da98" testId="06d9bd10-cb52-f718-822f-836214b9283c" testName="BL.Tests.SlopesServiceTest.TestAdminDeleteSlopeAsync(userID: 12, slope: Slope { SlopeID = 3, SlopeName = slopeNamefee3294b-ddc5-48d9-91d5-90628ffc3630, IsOpen = True, DifficultyLevel = 19, ConnectedLifts =  }, checkPermissionServiceMock: Mock&lt;ICheckPermissionService:9&gt;, slopesRepositoryStub: Mock&lt;ISlopesRepository:7&gt;, liftsSlopesRepositoryStub: Mock&lt;ILiftsSlopesRepository:12&gt;, sut: SlopesService { })" computerName="DESKTOP-TJ9D65N" duration="00:00:00.0066754" startTime="2022-10-15T20:55:38.5449384+03:00" endTime="2022-10-15T20:55:38.5449385+03:00" testType="13cdc9d9-ddb5-4fa4-a97d-d965ccfc6d4b" outcome="Passed" testListId="8c84fa94-04c1-424b-9868-57a2d4851a1d" relativeResultsDirectory="c36bf80f-3a9c-4062-9574-d45e5946da98" />
    <UnitTestResult executionId="0af79159-131a-4a45-bc37-7b293e5083f3" testId="9e22818f-9c4f-a7da-f3d6-eda5bab2eb97" testName="BL.Tests.SlopesServiceTest.TestGetSlopeInfoAsync(userID: 15, slope: Slope { SlopeID = 34, SlopeName = slopeNamefdaac27b-8f56-47c1-a555-43fb9ab884f2, IsOpen = True, DifficultyLevel = 122, ConnectedLifts =  }, checkPermissionServiceMock: Mock&lt;ICheckPermissionService:6&gt;, slopesRepositoryStub: Mock&lt;ISlopesRepository:4&gt;, liftsSlopesRepositoryStub: Mock&lt;ILiftsSlopesRepository:9&gt;, sut: SlopesService { })" computerName="DESKTOP-TJ9D65N" duration="00:00:00.0059112" startTime="2022-10-15T20:55:38.5466135+03:00" endTime="2022-10-15T20:55:38.5466136+03:00" testType="13cdc9d9-ddb5-4fa4-a97d-d965ccfc6d4b" outcome="Passed" testListId="8c84fa94-04c1-424b-9868-57a2d4851a1d" relativeResultsDirectory="0af79159-131a-4a45-bc37-7b293e5083f3" />
    <UnitTestResult executionId="44d7bd11-a999-46d1-a9ea-c2620735b018" testId="a2e59116-cb53-1d70-9cb8-21c286516866" testName="BL.Tests.CheckPermissionsServiceTests.AuthorizedHasNoAccessToAdminFunctions" computerName="DESKTOP-TJ9D65N" duration="00:00:00.0030132" startTime="2022-10-15T20:55:38.5464500+03:00" endTime="2022-10-15T20:55:38.5464500+03:00" testType="13cdc9d9-ddb5-4fa4-a97d-d965ccfc6d4b" outcome="Passed" testListId="8c84fa94-04c1-424b-9868-57a2d4851a1d" relativeResultsDirectory="44d7bd11-a999-46d1-a9ea-c2620735b018" />
    <UnitTestResult executionId="1c1abb52-f6c9-4ad2-ad42-b67d44463643" testId="4f1f9099-a434-c4dd-8e68-cef8be67d8f3" testName="BL.Tests.LiftsServiceTest.TestAdminAddAutoIncrementLiftAsync(userID: 248, lift: Lift { LiftID = 199, LiftName = liftName3292c317-eb9b-4fbf-b6c7-57232965f2e5, IsOpen = True, SeatsAmount = 250, LiftingTime = 124, QueueTime = 249, ConnectedSlopes =  }, checkPermissionServiceMock: Mock&lt;ICheckPermissionService:5&gt;, liftsRepositoryStub: Mock&lt;ILiftsRepository:5&gt;, sut: LiftsService { })" computerName="DESKTOP-TJ9D65N" duration="00:00:00.0093615" startTime="2022-10-15T20:55:38.5462944+03:00" endTime="2022-10-15T20:55:38.5462945+03:00" testType="13cdc9d9-ddb5-4fa4-a97d-d965ccfc6d4b" outcome="Passed" testListId="8c84fa94-04c1-424b-9868-57a2d4851a1d" relativeResultsDirectory="1c1abb52-f6c9-4ad2-ad42-b67d44463643" />
    <UnitTestResult executionId="4afadc84-2f5b-4cd4-b8b7-85686943c058" testId="aa28a6b3-21d3-aa45-24d3-bef2facbc899" testName="BL.Tests.CheckPermissionsServiceTests.AuthorizedHasAccessToAuthorizedFunctions(functionName: &quot;LogOutAsync&quot;)" computerName="DESKTOP-TJ9D65N" duration="00:00:00.0009519" startTime="2022-10-15T20:55:38.5629351+03:00" endTime="2022-10-15T20:55:38.5629352+03:00" testType="13cdc9d9-ddb5-4fa4-a97d-d965ccfc6d4b" outcome="Passed" testListId="8c84fa94-04c1-424b-9868-57a2d4851a1d" relativeResultsDirectory="4afadc84-2f5b-4cd4-b8b7-85686943c058" />
    <UnitTestResult executionId="960232e5-f45a-4886-b8ad-300ea9bcd91c" testId="60bd668f-04df-da5e-b79b-5d9aedb5234d" testName="BL.Tests.CheckPermissionsServiceTests.SkiPatrolHasAccessToAdminSkiPatrolFunctions(functionName: &quot;MarkMessageReadByUserAsync&quot;)" computerName="DESKTOP-TJ9D65N" duration="00:00:00.0011665" startTime="2022-10-15T20:55:38.5456201+03:00" endTime="2022-10-15T20:55:38.5456202+03:00" testType="13cdc9d9-ddb5-4fa4-a97d-d965ccfc6d4b" outcome="Passed" testListId="8c84fa94-04c1-424b-9868-57a2d4851a1d" relativeResultsDirectory="960232e5-f45a-4886-b8ad-300ea9bcd91c" />
    <UnitTestResult executionId="bb778918-d841-4322-b471-40b94520db4f" testId="49eafa4a-dce1-f010-241c-548f141a651b" testName="BL.Tests.SlopesServiceTest.TestAdminAddAutoIncrementSlopeAsync(userID: 246, slope: Slope { SlopeID = 115, SlopeName = slopeName97f875f2-0c4b-442c-968f-e201f99cd23b, IsOpen = True, DifficultyLevel = 91, ConnectedLifts =  }, checkPermissionServiceMock: Mock&lt;ICheckPermissionService:10&gt;, slopesRepositoryStub: Mock&lt;ISlopesRepository:8&gt;, sut: SlopesService { })" computerName="DESKTOP-TJ9D65N" duration="00:00:00.0066578" startTime="2022-10-15T20:55:38.5438708+03:00" endTime="2022-10-15T20:55:38.5438709+03:00" testType="13cdc9d9-ddb5-4fa4-a97d-d965ccfc6d4b" outcome="Passed" testListId="8c84fa94-04c1-424b-9868-57a2d4851a1d" relativeResultsDirectory="bb778918-d841-4322-b471-40b94520db4f" />
    <UnitTestResult executionId="06fe0383-6bd4-4167-a0d5-80df1092173c" testId="06d0bc3a-24a0-fb7f-4277-e9ae6d21c7dd" testName="BL.Tests.UsersServiceTests.TestAdminUpdateUser" computerName="DESKTOP-TJ9D65N" duration="00:00:00.0065219" startTime="2022-10-15T20:55:38.5455026+03:00" endTime="2022-10-15T20:55:38.5455026+03:00" testType="13cdc9d9-ddb5-4fa4-a97d-d965ccfc6d4b" outcome="Passed" testListId="8c84fa94-04c1-424b-9868-57a2d4851a1d" relativeResultsDirectory="06fe0383-6bd4-4167-a0d5-80df1092173c" />
    <UnitTestResult executionId="25cb957a-e3df-4432-a1ad-ea758c691d3d" testId="f3efc418-a8a6-c7b7-9bac-90b33aa8472f" testName="BL.Tests.CheckPermissionsServiceTests.AdminHasAccessToAllFunctions" computerName="DESKTOP-TJ9D65N" duration="00:00:00.0016387" startTime="2022-10-15T20:55:38.5758919+03:00" endTime="2022-10-15T20:55:38.5758920+03:00" testType="13cdc9d9-ddb5-4fa4-a97d-d965ccfc6d4b" outcome="Passed" testListId="8c84fa94-04c1-424b-9868-57a2d4851a1d" relativeResultsDirectory="25cb957a-e3df-4432-a1ad-ea758c691d3d" />
    <UnitTestResult executionId="a2749011-5321-4db6-aeca-6a5d4d5fa98a" testId="8010c185-1122-1b73-80a9-504d75caab2c" testName="BL.Tests.LiftsServiceTest.TestUpdateLiftInfoAsync(userID: 144, lift: Lift { LiftID = 102, LiftName = liftName846576b8-88a4-4d82-8949-ea19a73a60d7, IsOpen = True, SeatsAmount = 2, LiftingTime = 47, QueueTime = 78, ConnectedSlopes =  }, checkPermissionServiceMock: Mock&lt;ICheckPermissionService:3&gt;, liftsRepositoryStub: Mock&lt;ILiftsRepository:3&gt;, sut: LiftsService { })" computerName="DESKTOP-TJ9D65N" duration="00:00:00.0327189" startTime="2022-10-15T20:55:38.4634586+03:00" endTime="2022-10-15T20:55:38.4634586+03:00" testType="13cdc9d9-ddb5-4fa4-a97d-d965ccfc6d4b" outcome="Passed" testListId="8c84fa94-04c1-424b-9868-57a2d4851a1d" relativeResultsDirectory="a2749011-5321-4db6-aeca-6a5d4d5fa98a" />
    <UnitTestResult executionId="84a702b0-79b1-420d-9064-5a7e51010976" testId="69340bb6-3645-f9dd-971e-29d8b2a009bb" testName="BL.Tests.UsersServiceTests.TestLogInWithWrongPassword" computerName="DESKTOP-TJ9D65N" duration="00:00:00.0026725" startTime="2022-10-15T20:55:38.5510516+03:00" endTime="2022-10-15T20:55:38.5510516+03:00" testType="13cdc9d9-ddb5-4fa4-a97d-d965ccfc6d4b" outcome="Passed" testListId="8c84fa94-04c1-424b-9868-57a2d4851a1d" relativeResultsDirectory="84a702b0-79b1-420d-9064-5a7e51010976" />
    <UnitTestResult executionId="3ccaf9d8-8002-4b7f-9e97-6e3a8f309e51" testId="39be9b5e-0bc4-57dc-37d3-aec6b520299d" testName="BL.Tests.LiftsSlopesServiceTests.TestGetLiftsSlopesInfoAsync(liftsSlopes: [LiftSlope { RecordID = 255, LiftID = 12, SlopeID = 54 }, LiftSlope { RecordID = 146, LiftID = 58, SlopeID = 190 }, LiftSlope { RecordID = 118, LiftID = 19, SlopeID = 101 }], slopesRepositoryStub: Mock&lt;ISlopesRepository:1&gt;, liftsRepositoryStub: Mock&lt;ILiftsRepository:6&gt;, liftsSlopesRepositoryStub: Mock&lt;ILiftsSlopesRepository:6&gt;)" computerName="DESKTOP-TJ9D65N" duration="00:00:00.0046966" startTime="2022-10-15T20:55:38.5437477+03:00" endTime="2022-10-15T20:55:38.5437478+03:00" testType="13cdc9d9-ddb5-4fa4-a97d-d965ccfc6d4b" outcome="Passed" testListId="8c84fa94-04c1-424b-9868-57a2d4851a1d" relativeResultsDirectory="3ccaf9d8-8002-4b7f-9e97-6e3a8f309e51" />
    <UnitTestResult executionId="5b6f2f26-f2b5-4b86-97dc-325c503250a2" testId="e2d7e5be-3dae-33ae-fb17-c704b6fd58d6" testName="BL.Tests.CheckPermissionsServiceTests.UnauthorizedHasNoAccessToAdminFunctions" computerName="DESKTOP-TJ9D65N" duration="00:00:00.0024602" startTime="2022-10-15T20:55:38.5677735+03:00" endTime="2022-10-15T20:55:38.5677736+03:00" testType="13cdc9d9-ddb5-4fa4-a97d-d965ccfc6d4b" outcome="Passed" testListId="8c84fa94-04c1-424b-9868-57a2d4851a1d" relativeResultsDirectory="5b6f2f26-f2b5-4b86-97dc-325c503250a2" />
    <UnitTestResult executionId="3e107414-00c8-4a04-b04b-e26b7d26d5d1" testId="a3f6bc94-1807-c5d5-b024-57a259d0c602" testName="BL.Tests.SlopesServiceTest.TestGetSlopesInfoAsync(userID: 249, initialSlopes: [Slope { SlopeID = 239, SlopeName = slopeName38940ac5-5434-4692-a993-c5d86bb35e10, IsOpen = True, DifficultyLevel = 135, ConnectedLifts =  }, Slope { SlopeID = 64, SlopeName = slopeName35abf423-7137-46b6-86b7-6b5f9e4a5679, IsOpen = False, DifficultyLevel = 132, ConnectedLifts =  }, Slope { SlopeID = 123, SlopeName = slopeName49323d38-66a8-4733-841d-eeb34377726a, IsOpen = True, DifficultyLevel = 196, ConnectedLifts =  }], checkPermissionServiceMock: Mock&lt;ICheckPermissionService:7&gt;, slopesRepositoryStub: Mock&lt;ISlopesRepository:5&gt;, liftsSlopesRepositoryStub: Mock&lt;ILiftsSlopesRepository:10&gt;, sut: SlopesService { })" computerName="DESKTOP-TJ9D65N" duration="00:00:00.0584125" startTime="2022-10-15T20:55:38.4830517+03:00" endTime="2022-10-15T20:55:38.4830518+03:00" testType="13cdc9d9-ddb5-4fa4-a97d-d965ccfc6d4b" outcome="Passed" testListId="8c84fa94-04c1-424b-9868-57a2d4851a1d" relativeResultsDirectory="3e107414-00c8-4a04-b04b-e26b7d26d5d1" />
    <UnitTestResult executionId="92683dc9-bcee-4ce0-8547-8a6e609b37db" testId="6058ef00-5662-854c-9d96-8478858f411f" testName="BL.Tests.TurnstilesServiceTest.TestAdminGetTurnstilesAsync(userID: 175, initialTurnstiles: [Turnstile { TurnstileID = 171, LiftID = 15, IsOpen = True }, Turnstile { TurnstileID = 128, LiftID = 11, IsOpen = False }, Turnstile { TurnstileID = 236, LiftID = 18, IsOpen = True }], checkPermissionServiceMock: Mock&lt;ICheckPermissionService:13&gt;, turnstilesRepositoryStub: Mock&lt;ITurnstilesRepository:7&gt;, sut: TurnstilesService { })" computerName="DESKTOP-TJ9D65N" duration="00:00:00.0044783" startTime="2022-10-15T20:55:38.5448659+03:00" endTime="2022-10-15T20:55:38.5448660+03:00" testType="13cdc9d9-ddb5-4fa4-a97d-d965ccfc6d4b" outcome="Passed" testListId="8c84fa94-04c1-424b-9868-57a2d4851a1d" relativeResultsDirectory="92683dc9-bcee-4ce0-8547-8a6e609b37db" />
    <UnitTestResult executionId="c2283e57-6770-4cec-b1e0-be209cf97e57" testId="834c739b-eca4-b36d-6a66-5a1bd75377b8" testName="BL.Tests.UsersServiceTests.TestAdminAddAutoIncrementUser" computerName="DESKTOP-TJ9D65N" duration="00:00:00.0060899" startTime="2022-10-15T20:55:38.5599309+03:00" endTime="2022-10-15T20:55:38.5599310+03:00" testType="13cdc9d9-ddb5-4fa4-a97d-d965ccfc6d4b" outcome="Passed" testListId="8c84fa94-04c1-424b-9868-57a2d4851a1d" relativeResultsDirectory="c2283e57-6770-4cec-b1e0-be209cf97e57" />
    <UnitTestResult executionId="b3da07ad-f2ac-4c44-b47e-ed4edd2c148d" testId="492c0393-35b4-df26-a537-21ca08302f3c" testName="BL.Tests.CheckPermissionsServiceTests.SkiPatrolHasNoAccessToAdminFunctions" computerName="DESKTOP-TJ9D65N" duration="00:00:00.0022892" startTime="2022-10-15T20:55:38.5722205+03:00" endTime="2022-10-15T20:55:38.5722206+03:00" testType="13cdc9d9-ddb5-4fa4-a97d-d965ccfc6d4b" outcome="Passed" testListId="8c84fa94-04c1-424b-9868-57a2d4851a1d" relativeResultsDirectory="b3da07ad-f2ac-4c44-b47e-ed4edd2c148d" />
    <UnitTestResult executionId="f34fd88f-7ffa-4ea5-b07a-094354ad153a" testId="f44a1b21-8efc-bfac-63b4-d534442def31" testName="BL.Tests.UsersServiceTests.TestRegisterUserWithNoPassword" computerName="DESKTOP-TJ9D65N" duration="00:00:00.0016206" startTime="2022-10-15T20:55:38.5438909+03:00" endTime="2022-10-15T20:55:38.5438910+03:00" testType="13cdc9d9-ddb5-4fa4-a97d-d965ccfc6d4b" outcome="Passed" testListId="8c84fa94-04c1-424b-9868-57a2d4851a1d" relativeResultsDirectory="f34fd88f-7ffa-4ea5-b07a-094354ad153a" />
    <UnitTestResult executionId="6173da4b-64f1-4859-9b74-20e30b0f8ff9" testId="18fa8c62-e27d-e1fc-8182-4d7db62b008d" testName="BL.Tests.UsersServiceTests.TestAdminDeleteUser" computerName="DESKTOP-TJ9D65N" duration="00:00:00.0027982" startTime="2022-10-15T20:55:38.5706130+03:00" endTime="2022-10-15T20:55:38.5706131+03:00" testType="13cdc9d9-ddb5-4fa4-a97d-d965ccfc6d4b" outcome="Passed" testListId="8c84fa94-04c1-424b-9868-57a2d4851a1d" relativeResultsDirectory="6173da4b-64f1-4859-9b74-20e30b0f8ff9" />
    <UnitTestResult executionId="95a1a2ee-e808-472d-bbfd-67fe9ec2990a" testId="a8b7fa48-e684-c5de-8c8f-bd84ded44cbe" testName="BL.Tests.TurnstilesServiceTest.TestAdminUpdateTurnstileAsync(userID: 237, turnstile: Turnstile { TurnstileID = 25, LiftID = 15, IsOpen = True }, checkPermissionServiceMock: Mock&lt;ICheckPermissionService:14&gt;, turnstilesRepositoryStub: Mock&lt;ITurnstilesRepository:8&gt;, sut: TurnstilesService { })" computerName="DESKTOP-TJ9D65N" duration="00:00:00.0055562" startTime="2022-10-15T20:55:38.5453774+03:00" endTime="2022-10-15T20:55:38.5453775+03:00" testType="13cdc9d9-ddb5-4fa4-a97d-d965ccfc6d4b" outcome="Passed" testListId="8c84fa94-04c1-424b-9868-57a2d4851a1d" relativeResultsDirectory="95a1a2ee-e808-472d-bbfd-67fe9ec2990a" />
    <UnitTestResult executionId="4c6a726f-4ed9-4a00-b79a-9453707237e9" testId="e5497347-2721-b7a6-0bd4-69a9921f6947" testName="BL.Tests.UsersServiceTests.TestAdminGetUserByIDAsync" computerName="DESKTOP-TJ9D65N" duration="00:00:00.0034025" startTime="2022-10-15T20:55:38.5656470+03:00" endTime="2022-10-15T20:55:38.5656471+03:00" testType="13cdc9d9-ddb5-4fa4-a97d-d965ccfc6d4b" outcome="Passed" testListId="8c84fa94-04c1-424b-9868-57a2d4851a1d" relativeResultsDirectory="4c6a726f-4ed9-4a00-b79a-9453707237e9" />
    <UnitTestResult executionId="12a16677-f4f7-4279-8987-247d972f6d17" testId="0eeef75f-6e38-7893-a8fe-cff3e0a970a7" testName="BL.Tests.UsersServiceTests.TestRegisterOk" computerName="DESKTOP-TJ9D65N" duration="00:00:00.0160047" startTime="2022-10-15T20:55:38.5463862+03:00" endTime="2022-10-15T20:55:38.5463863+03:00" testType="13cdc9d9-ddb5-4fa4-a97d-d965ccfc6d4b" outcome="Passed" testListId="8c84fa94-04c1-424b-9868-57a2d4851a1d" relativeResultsDirectory="12a16677-f4f7-4279-8987-247d972f6d17" />
    <UnitTestResult executionId="069c8f48-47b1-4d19-a62d-58bf4445df80" testId="229812f5-9a73-5335-11f5-31330d1348a5" testName="BL.Tests.CheckPermissionsServiceTests.UnauthorizedHasNoAccessToAdminSkiPatrolFunctions(functionName: &quot;GetMessagesAsync&quot;)" computerName="DESKTOP-TJ9D65N" duration="00:00:00.0011198" startTime="2022-10-15T20:55:38.5437976+03:00" endTime="2022-10-15T20:55:38.5437976+03:00" testType="13cdc9d9-ddb5-4fa4-a97d-d965ccfc6d4b" outcome="Passed" testListId="8c84fa94-04c1-424b-9868-57a2d4851a1d" relativeResultsDirectory="069c8f48-47b1-4d19-a62d-58bf4445df80" />
    <UnitTestResult executionId="b1d24706-1a88-41be-9dc4-753b215b3f4d" testId="cef47694-a409-30c9-5bec-cdb978c5ed76" testName="BL.Tests.TurnstilesServiceTest.TestAdminAddAutoIncrementTurnstileAsync(userID: 209, turnstile: Turnstile { TurnstileID = 34, LiftID = 212, IsOpen = True }, checkPermissionServiceMock: Mock&lt;ICheckPermissionService:16&gt;, turnstilesRepositoryStub: Mock&lt;ITurnstilesRepository:10&gt;, sut: TurnstilesService { })" computerName="DESKTOP-TJ9D65N" duration="00:00:00.0333263" startTime="2022-10-15T20:55:38.4633120+03:00" endTime="2022-10-15T20:55:38.4633121+03:00" testType="13cdc9d9-ddb5-4fa4-a97d-d965ccfc6d4b" outcome="Passed" testListId="8c84fa94-04c1-424b-9868-57a2d4851a1d" relativeResultsDirectory="b1d24706-1a88-41be-9dc4-753b215b3f4d" />
    <UnitTestResult executionId="08100c0a-2de0-4b5f-8d25-9d3ea214835b" testId="2d706594-f2b3-b3c8-21d4-86c9798c3306" testName="BL.Tests.CheckPermissionsServiceTests.SkiPatrolHasAccessToAdminSkiPatrolFunctions(functionName: &quot;GetLiftsSlopesInfoAsync&quot;)" computerName="DESKTOP-TJ9D65N" duration="00:00:00.0050785" startTime="2022-10-15T20:55:38.5455175+03:00" endTime="2022-10-15T20:55:38.5455175+03:00" testType="13cdc9d9-ddb5-4fa4-a97d-d965ccfc6d4b" outcome="Passed" testListId="8c84fa94-04c1-424b-9868-57a2d4851a1d" relativeResultsDirectory="08100c0a-2de0-4b5f-8d25-9d3ea214835b" />
  </Results>
  <TestDefinitions>
    <UnitTest name="BL.Tests.UsersServiceTests.TestAdminAddAutoIncrementUser" storage="c:\users\alena\desktop\7_sem\testing_and_debugging\skiresort\bl.tests\bin\debug\net6.0\bl.tests.dll" id="834c739b-eca4-b36d-6a66-5a1bd75377b8">
      <Execution id="c2283e57-6770-4cec-b1e0-be209cf97e57" />
      <TestMethod codeBase="C:\Users\alena\Desktop\7_sem\testing_and_debugging\SkiResort\BL.Tests\bin\Debug\net6.0\BL.Tests.dll" adapterTypeName="executor://xunit/VsTestRunner2/netcoreapp" className="BL.Tests.UsersServiceTests" name="TestAdminAddAutoIncrementUser" />
    </UnitTest>
    <UnitTest name="BL.Tests.CheckPermissionsServiceTests.SkiPatrolHasAccessToAdminSkiPatrolFunctions(functionName: &quot;MarkMessageReadByUserAsync&quot;)" storage="c:\users\alena\desktop\7_sem\testing_and_debugging\skiresort\bl.tests\bin\debug\net6.0\bl.tests.dll" id="60bd668f-04df-da5e-b79b-5d9aedb5234d">
      <Execution id="960232e5-f45a-4886-b8ad-300ea9bcd91c" />
      <TestMethod codeBase="C:\Users\alena\Desktop\7_sem\testing_and_debugging\SkiResort\BL.Tests\bin\Debug\net6.0\BL.Tests.dll" adapterTypeName="executor://xunit/VsTestRunner2/netcoreapp" className="BL.Tests.CheckPermissionsServiceTests" name="SkiPatrolHasAccessToAdminSkiPatrolFunctions" />
    </UnitTest>
    <UnitTest name="BL.Tests.CheckPermissionsServiceTests.AuthorizedHasAccessToAuthorizedFunctions(functionName: &quot;SendMessageAsync&quot;)" storage="c:\users\alena\desktop\7_sem\testing_and_debugging\skiresort\bl.tests\bin\debug\net6.0\bl.tests.dll" id="644ec43e-70cd-c82d-42e7-0d990be1414d">
      <Execution id="e9bc1da8-1e9c-4718-af77-5bb742ba4a56" />
      <TestMethod codeBase="C:\Users\alena\Desktop\7_sem\testing_and_debugging\SkiResort\BL.Tests\bin\Debug\net6.0\BL.Tests.dll" adapterTypeName="executor://xunit/VsTestRunner2/netcoreapp" className="BL.Tests.CheckPermissionsServiceTests" name="AuthorizedHasAccessToAuthorizedFunctions" />
    </UnitTest>
    <UnitTest name="BL.Tests.LiftsServiceTest.TestAdminDeleteLiftAsync(userID: 29, lift: Lift { LiftID = 170, LiftName = liftNamefefea7d1-984f-4368-8c5a-a6543e2fd96a, IsOpen = True, SeatsAmount = 93, LiftingTime = 146, QueueTime = 64, ConnectedSlopes =  }, checkPermissionServiceMock: Mock&lt;ICheckPermissionService:4&gt;, liftsRepositoryStub: Mock&lt;ILiftsRepository:4&gt;, liftsSlopesRepositoryStub: Mock&lt;ILiftsSlopesRepository:4&gt;, sut: LiftsService { })" storage="c:\users\alena\desktop\7_sem\testing_and_debugging\skiresort\bl.tests\bin\debug\net6.0\bl.tests.dll" id="101f6750-a5df-a4fb-ef0b-9cc56b336f43">
      <Execution id="476935af-fed1-481c-a865-62b35c14011c" />
      <TestMethod codeBase="C:\Users\alena\Desktop\7_sem\testing_and_debugging\SkiResort\BL.Tests\bin\Debug\net6.0\BL.Tests.dll" adapterTypeName="executor://xunit/VsTestRunner2/netcoreapp" className="BL.Tests.LiftsServiceTest" name="TestAdminDeleteLiftAsync" />
    </UnitTest>
    <UnitTest name="BL.Tests.CheckPermissionsServiceTests.AuthorizedHasNoAccessToAdminSkiPatrolFunctions(functionName: &quot;MarkMessageReadByUserAsync&quot;)" storage="c:\users\alena\desktop\7_sem\testing_and_debugging\skiresort\bl.tests\bin\debug\net6.0\bl.tests.dll" id="9c7df5e2-1b23-ebea-889f-b78ca86b60ab">
      <Execution id="6a1f3f35-c95b-4d46-a1de-43a15fc87dc0" />
      <TestMethod codeBase="C:\Users\alena\Desktop\7_sem\testing_and_debugging\SkiResort\BL.Tests\bin\Debug\net6.0\BL.Tests.dll" adapterTypeName="executor://xunit/VsTestRunner2/netcoreapp" className="BL.Tests.CheckPermissionsServiceTests" name="AuthorizedHasNoAccessToAdminSkiPatrolFunctions" />
    </UnitTest>
    <UnitTest name="BL.Tests.SlopesServiceTest.TestUpdateSlopeInfoAsync(userID: 220, slope: Slope { SlopeID = 12, SlopeName = slopeName42eabff3-0cfe-468c-b448-f3103d2cf256, IsOpen = True, DifficultyLevel = 92, ConnectedLifts =  }, checkPermissionServiceMock: Mock&lt;ICheckPermissionService:8&gt;, slopesRepositoryStub: Mock&lt;ISlopesRepository:6&gt;, sut: SlopesService { })" storage="c:\users\alena\desktop\7_sem\testing_and_debugging\skiresort\bl.tests\bin\debug\net6.0\bl.tests.dll" id="95f27258-f02f-4a12-676c-b4bf1d98887a">
      <Execution id="97380e0d-14b6-452b-9c6e-8357f906193c" />
      <TestMethod codeBase="C:\Users\alena\Desktop\7_sem\testing_and_debugging\SkiResort\BL.Tests\bin\Debug\net6.0\BL.Tests.dll" adapterTypeName="executor://xunit/VsTestRunner2/netcoreapp" className="BL.Tests.SlopesServiceTest" name="TestUpdateSlopeInfoAsync" />
    </UnitTest>
    <UnitTest name="BL.Tests.CheckPermissionsServiceTests.UnauthorizedHasNoAccessToAuthorizedFunctions(functionName: &quot;SendMessageAsync&quot;)" storage="c:\users\alena\desktop\7_sem\testing_and_debugging\skiresort\bl.tests\bin\debug\net6.0\bl.tests.dll" id="eaabd2fc-2f4b-5689-59c8-c7ad34a8f634">
      <Execution id="042cf10e-c129-43f5-b0f9-89b265dd5bd5" />
      <TestMethod codeBase="C:\Users\alena\Desktop\7_sem\testing_and_debugging\SkiResort\BL.Tests\bin\Debug\net6.0\BL.Tests.dll" adapterTypeName="executor://xunit/VsTestRunner2/netcoreapp" className="BL.Tests.CheckPermissionsServiceTests" name="UnauthorizedHasNoAccessToAuthorizedFunctions" />
    </UnitTest>
    <UnitTest name="BL.Tests.CheckPermissionsServiceTests.AdminHasAccessToAllFunctions" storage="c:\users\alena\desktop\7_sem\testing_and_debugging\skiresort\bl.tests\bin\debug\net6.0\bl.tests.dll" id="f3efc418-a8a6-c7b7-9bac-90b33aa8472f">
      <Execution id="25cb957a-e3df-4432-a1ad-ea758c691d3d" />
      <TestMethod codeBase="C:\Users\alena\Desktop\7_sem\testing_and_debugging\SkiResort\BL.Tests\bin\Debug\net6.0\BL.Tests.dll" adapterTypeName="executor://xunit/VsTestRunner2/netcoreapp" className="BL.Tests.CheckPermissionsServiceTests" name="AdminHasAccessToAllFunctions" />
    </UnitTest>
    <UnitTest name="BL.Tests.LiftsServiceTest.TestAdminAddAutoIncrementLiftAsync(userID: 248, lift: Lift { LiftID = 199, LiftName = liftName3292c317-eb9b-4fbf-b6c7-57232965f2e5, IsOpen = True, SeatsAmount = 250, LiftingTime = 124, QueueTime = 249, ConnectedSlopes =  }, checkPermissionServiceMock: Mock&lt;ICheckPermissionService:5&gt;, liftsRepositoryStub: Mock&lt;ILiftsRepository:5&gt;, sut: LiftsService { })" storage="c:\users\alena\desktop\7_sem\testing_and_debugging\skiresort\bl.tests\bin\debug\net6.0\bl.tests.dll" id="4f1f9099-a434-c4dd-8e68-cef8be67d8f3">
      <Execution id="1c1abb52-f6c9-4ad2-ad42-b67d44463643" />
      <TestMethod codeBase="C:\Users\alena\Desktop\7_sem\testing_and_debugging\SkiResort\BL.Tests\bin\Debug\net6.0\BL.Tests.dll" adapterTypeName="executor://xunit/VsTestRunner2/netcoreapp" className="BL.Tests.LiftsServiceTest" name="TestAdminAddAutoIncrementLiftAsync" />
    </UnitTest>
    <UnitTest name="BL.Tests.UsersServiceTests.TestLogInOk" storage="c:\users\alena\desktop\7_sem\testing_and_debugging\skiresort\bl.tests\bin\debug\net6.0\bl.tests.dll" id="1ca07ad8-f799-c5d4-e7cc-34fd950198a2">
      <Execution id="31fb02c6-92a7-4173-bb49-bad11b4f70ce" />
      <TestMethod codeBase="C:\Users\alena\Desktop\7_sem\testing_and_debugging\SkiResort\BL.Tests\bin\Debug\net6.0\BL.Tests.dll" adapterTypeName="executor://xunit/VsTestRunner2/netcoreapp" className="BL.Tests.UsersServiceTests" name="TestLogInOk" />
    </UnitTest>
    <UnitTest name="BL.Tests.CheckPermissionsServiceTests.UnauthorizedHasNoAccessToAdminSkiPatrolFunctions(functionName: &quot;MarkMessageReadByUserAsync&quot;)" storage="c:\users\alena\desktop\7_sem\testing_and_debugging\skiresort\bl.tests\bin\debug\net6.0\bl.tests.dll" id="a19a5fcf-c5d2-7d44-5d7d-84403042f4e0">
      <Execution id="ae152d6d-97a9-4477-b228-537b84327933" />
      <TestMethod codeBase="C:\Users\alena\Desktop\7_sem\testing_and_debugging\SkiResort\BL.Tests\bin\Debug\net6.0\BL.Tests.dll" adapterTypeName="executor://xunit/VsTestRunner2/netcoreapp" className="BL.Tests.CheckPermissionsServiceTests" name="UnauthorizedHasNoAccessToAdminSkiPatrolFunctions" />
    </UnitTest>
    <UnitTest name="BL.Tests.LiftsSlopesServiceTests.TestGetLiftsSlopesInfoAsync(liftsSlopes: [LiftSlope { RecordID = 255, LiftID = 12, SlopeID = 54 }, LiftSlope { RecordID = 146, LiftID = 58, SlopeID = 190 }, LiftSlope { RecordID = 118, LiftID = 19, SlopeID = 101 }], slopesRepositoryStub: Mock&lt;ISlopesRepository:1&gt;, liftsRepositoryStub: Mock&lt;ILiftsRepository:6&gt;, liftsSlopesRepositoryStub: Mock&lt;ILiftsSlopesRepository:6&gt;)" storage="c:\users\alena\desktop\7_sem\testing_and_debugging\skiresort\bl.tests\bin\debug\net6.0\bl.tests.dll" id="39be9b5e-0bc4-57dc-37d3-aec6b520299d">
      <Execution id="3ccaf9d8-8002-4b7f-9e97-6e3a8f309e51" />
      <TestMethod codeBase="C:\Users\alena\Desktop\7_sem\testing_and_debugging\SkiResort\BL.Tests\bin\Debug\net6.0\BL.Tests.dll" adapterTypeName="executor://xunit/VsTestRunner2/netcoreapp" className="BL.Tests.LiftsSlopesServiceTests" name="TestGetLiftsSlopesInfoAsync" />
    </UnitTest>
    <UnitTest name="BL.Tests.CheckPermissionsServiceTests.AuthorizedHasAccessToAuthorizedFunctions(functionName: &quot;LogOutAsync&quot;)" storage="c:\users\alena\desktop\7_sem\testing_and_debugging\skiresort\bl.tests\bin\debug\net6.0\bl.tests.dll" id="aa28a6b3-21d3-aa45-24d3-bef2facbc899">
      <Execution id="4afadc84-2f5b-4cd4-b8b7-85686943c058" />
      <TestMethod codeBase="C:\Users\alena\Desktop\7_sem\testing_and_debugging\SkiResort\BL.Tests\bin\Debug\net6.0\BL.Tests.dll" adapterTypeName="executor://xunit/VsTestRunner2/netcoreapp" className="BL.Tests.CheckPermissionsServiceTests" name="AuthorizedHasAccessToAuthorizedFunctions" />
    </UnitTest>
    <UnitTest name="BL.Tests.CheckPermissionsServiceTests.SkiPatrolHasAccessToAdminSkiPatrolFunctions(functionName: &quot;GetMessagesAsync&quot;)" storage="c:\users\alena\desktop\7_sem\testing_and_debugging\skiresort\bl.tests\bin\debug\net6.0\bl.tests.dll" id="c36970dc-93f7-753e-fa47-157133b01644">
      <Execution id="71032282-22d7-4d96-bba2-21adf784b163" />
      <TestMethod codeBase="C:\Users\alena\Desktop\7_sem\testing_and_debugging\SkiResort\BL.Tests\bin\Debug\net6.0\BL.Tests.dll" adapterTypeName="executor://xunit/VsTestRunner2/netcoreapp" className="BL.Tests.CheckPermissionsServiceTests" name="SkiPatrolHasAccessToAdminSkiPatrolFunctions" />
    </UnitTest>
    <UnitTest name="BL.Tests.TurnstilesServiceTest.TestAdminDeleteTurnstileAsync(userID: 128, turnstile: Turnstile { TurnstileID = 51, LiftID = 44, IsOpen = True }, checkPermissionServiceMock: Mock&lt;ICheckPermissionService:15&gt;, turnstilesRepositoryStub: Mock&lt;ITurnstilesRepository:9&gt;, sut: TurnstilesService { })" storage="c:\users\alena\desktop\7_sem\testing_and_debugging\skiresort\bl.tests\bin\debug\net6.0\bl.tests.dll" id="4a51c282-d26a-486f-b429-15020d956c78">
      <Execution id="1937b81b-263c-4b00-afbd-29f247957f34" />
      <TestMethod codeBase="C:\Users\alena\Desktop\7_sem\testing_and_debugging\SkiResort\BL.Tests\bin\Debug\net6.0\BL.Tests.dll" adapterTypeName="executor://xunit/VsTestRunner2/netcoreapp" className="BL.Tests.TurnstilesServiceTest" name="TestAdminDeleteTurnstileAsync" />
    </UnitTest>
    <UnitTest name="BL.Tests.CheckPermissionsServiceTests.AuthorizedHasNoAccessToAdminFunctions" storage="c:\users\alena\desktop\7_sem\testing_and_debugging\skiresort\bl.tests\bin\debug\net6.0\bl.tests.dll" id="a2e59116-cb53-1d70-9cb8-21c286516866">
      <Execution id="44d7bd11-a999-46d1-a9ea-c2620735b018" />
      <TestMethod codeBase="C:\Users\alena\Desktop\7_sem\testing_and_debugging\SkiResort\BL.Tests\bin\Debug\net6.0\BL.Tests.dll" adapterTypeName="executor://xunit/VsTestRunner2/netcoreapp" className="BL.Tests.CheckPermissionsServiceTests" name="AuthorizedHasNoAccessToAdminFunctions" />
    </UnitTest>
    <UnitTest name="BL.Tests.SlopesServiceTest.TestAdminAddSlopeAsync(userID: 249, slope: Slope { SlopeID = 69, SlopeName = slopeName4cba5715-bab9-4f15-b3c9-8e537579a736, IsOpen = True, DifficultyLevel = 156, ConnectedLifts =  }, checkPermissionServiceMock: Mock&lt;ICheckPermissionService:11&gt;, slopesRepositoryStub: Mock&lt;ISlopesRepository:9&gt;, sut: SlopesService { })" storage="c:\users\alena\desktop\7_sem\testing_and_debugging\skiresort\bl.tests\bin\debug\net6.0\bl.tests.dll" id="d6662de9-1814-42c4-15ca-e742b8a1781d">
      <Execution id="af653c92-039d-4d33-993d-65b5aa101dfa" />
      <TestMethod codeBase="C:\Users\alena\Desktop\7_sem\testing_and_debugging\SkiResort\BL.Tests\bin\Debug\net6.0\BL.Tests.dll" adapterTypeName="executor://xunit/VsTestRunner2/netcoreapp" className="BL.Tests.SlopesServiceTest" name="TestAdminAddSlopeAsync" />
    </UnitTest>
    <UnitTest name="BL.Tests.CheckPermissionsServiceTests.SkiPatrolHasAccessToAdminSkiPatrolFunctions(functionName: &quot;GetLiftsSlopesInfoAsync&quot;)" storage="c:\users\alena\desktop\7_sem\testing_and_debugging\skiresort\bl.tests\bin\debug\net6.0\bl.tests.dll" id="2d706594-f2b3-b3c8-21d4-86c9798c3306">
      <Execution id="08100c0a-2de0-4b5f-8d25-9d3ea214835b" />
      <TestMethod codeBase="C:\Users\alena\Desktop\7_sem\testing_and_debugging\SkiResort\BL.Tests\bin\Debug\net6.0\BL.Tests.dll" adapterTypeName="executor://xunit/VsTestRunner2/netcoreapp" className="BL.Tests.CheckPermissionsServiceTests" name="SkiPatrolHasAccessToAdminSkiPatrolFunctions" />
    </UnitTest>
    <UnitTest name="BL.Tests.CheckPermissionsServiceTests.AuthorizedHasNoAccessToAdminSkiPatrolFunctions(functionName: &quot;GetLiftsSlopesInfoAsync&quot;)" storage="c:\users\alena\desktop\7_sem\testing_and_debugging\skiresort\bl.tests\bin\debug\net6.0\bl.tests.dll" id="4f297306-d4f3-8d63-e7f4-1ac0b8c58c74">
      <Execution id="507572e3-1559-4578-9089-52abe69724ca" />
      <TestMethod codeBase="C:\Users\alena\Desktop\7_sem\testing_and_debugging\SkiResort\BL.Tests\bin\Debug\net6.0\BL.Tests.dll" adapterTypeName="executor://xunit/VsTestRunner2/netcoreapp" className="BL.Tests.CheckPermissionsServiceTests" name="AuthorizedHasNoAccessToAdminSkiPatrolFunctions" />
    </UnitTest>
    <UnitTest name="BL.Tests.CheckPermissionsServiceTests.UnauthorizedHasNoAccessToAdminSkiPatrolFunctions(functionName: &quot;GetLiftsSlopesInfoAsync&quot;)" storage="c:\users\alena\desktop\7_sem\testing_and_debugging\skiresort\bl.tests\bin\debug\net6.0\bl.tests.dll" id="387c9729-48c1-486e-5e67-f5d11a9f0db8">
      <Execution id="e4c32e1a-34b5-47a4-867a-58e132061061" />
      <TestMethod codeBase="C:\Users\alena\Desktop\7_sem\testing_and_debugging\SkiResort\BL.Tests\bin\Debug\net6.0\BL.Tests.dll" adapterTypeName="executor://xunit/VsTestRunner2/netcoreapp" className="BL.Tests.CheckPermissionsServiceTests" name="UnauthorizedHasNoAccessToAdminSkiPatrolFunctions" />
    </UnitTest>
    <UnitTest name="BL.Tests.UsersServiceTests.TestRegisterUserWithRepeatedEmail" storage="c:\users\alena\desktop\7_sem\testing_and_debugging\skiresort\bl.tests\bin\debug\net6.0\bl.tests.dll" id="894941c1-bfa7-d8f9-c047-1e1ceefe2c2f">
      <Execution id="4aa825b1-5654-4351-96dd-b764712ef74f" />
      <TestMethod codeBase="C:\Users\alena\Desktop\7_sem\testing_and_debugging\SkiResort\BL.Tests\bin\Debug\net6.0\BL.Tests.dll" adapterTypeName="executor://xunit/VsTestRunner2/netcoreapp" className="BL.Tests.UsersServiceTests" name="TestRegisterUserWithRepeatedEmail" />
    </UnitTest>
    <UnitTest name="BL.Tests.LiftsServiceTest.TestUpdateLiftInfoAsync(userID: 144, lift: Lift { LiftID = 102, LiftName = liftName846576b8-88a4-4d82-8949-ea19a73a60d7, IsOpen = True, SeatsAmount = 2, LiftingTime = 47, QueueTime = 78, ConnectedSlopes =  }, checkPermissionServiceMock: Mock&lt;ICheckPermissionService:3&gt;, liftsRepositoryStub: Mock&lt;ILiftsRepository:3&gt;, sut: LiftsService { })" storage="c:\users\alena\desktop\7_sem\testing_and_debugging\skiresort\bl.tests\bin\debug\net6.0\bl.tests.dll" id="8010c185-1122-1b73-80a9-504d75caab2c">
      <Execution id="a2749011-5321-4db6-aeca-6a5d4d5fa98a" />
      <TestMethod codeBase="C:\Users\alena\Desktop\7_sem\testing_and_debugging\SkiResort\BL.Tests\bin\Debug\net6.0\BL.Tests.dll" adapterTypeName="executor://xunit/VsTestRunner2/netcoreapp" className="BL.Tests.LiftsServiceTest" name="TestUpdateLiftInfoAsync" />
    </UnitTest>
    <UnitTest name="BL.Tests.CheckPermissionsServiceTests.UnauthorizedHasNoAccessToAdminFunctions" storage="c:\users\alena\desktop\7_sem\testing_and_debugging\skiresort\bl.tests\bin\debug\net6.0\bl.tests.dll" id="e2d7e5be-3dae-33ae-fb17-c704b6fd58d6">
      <Execution id="5b6f2f26-f2b5-4b86-97dc-325c503250a2" />
      <TestMethod codeBase="C:\Users\alena\Desktop\7_sem\testing_and_debugging\SkiResort\BL.Tests\bin\Debug\net6.0\BL.Tests.dll" adapterTypeName="executor://xunit/VsTestRunner2/netcoreapp" className="BL.Tests.CheckPermissionsServiceTests" name="UnauthorizedHasNoAccessToAdminFunctions" />
    </UnitTest>
    <UnitTest name="BL.Tests.UsersServiceTests.TestRegisterUserWithNoPassword" storage="c:\users\alena\desktop\7_sem\testing_and_debugging\skiresort\bl.tests\bin\debug\net6.0\bl.tests.dll" id="f44a1b21-8efc-bfac-63b4-d534442def31">
      <Execution id="f34fd88f-7ffa-4ea5-b07a-094354ad153a" />
      <TestMethod codeBase="C:\Users\alena\Desktop\7_sem\testing_and_debugging\SkiResort\BL.Tests\bin\Debug\net6.0\BL.Tests.dll" adapterTypeName="executor://xunit/VsTestRunner2/netcoreapp" className="BL.Tests.UsersServiceTests" name="TestRegisterUserWithNoPassword" />
    </UnitTest>
    <UnitTest name="BL.Tests.TurnstilesServiceTest.TestAdminUpdateTurnstileAsync(userID: 237, turnstile: Turnstile { TurnstileID = 25, LiftID = 15, IsOpen = True }, checkPermissionServiceMock: Mock&lt;ICheckPermissionService:14&gt;, turnstilesRepositoryStub: Mock&lt;ITurnstilesRepository:8&gt;, sut: TurnstilesService { })" storage="c:\users\alena\desktop\7_sem\testing_and_debugging\skiresort\bl.tests\bin\debug\net6.0\bl.tests.dll" id="a8b7fa48-e684-c5de-8c8f-bd84ded44cbe">
      <Execution id="95a1a2ee-e808-472d-bbfd-67fe9ec2990a" />
      <TestMethod codeBase="C:\Users\alena\Desktop\7_sem\testing_and_debugging\SkiResort\BL.Tests\bin\Debug\net6.0\BL.Tests.dll" adapterTypeName="executor://xunit/VsTestRunner2/netcoreapp" className="BL.Tests.TurnstilesServiceTest" name="TestAdminUpdateTurnstileAsync" />
    </UnitTest>
    <UnitTest name="BL.Tests.LiftsSlopesServiceTests.TestAdminDeleteLiftSlopeAsync(lift: Lift { LiftID = 34, LiftName = liftNamed9e55dca-1dc9-4065-99d7-b27384f003dc, IsOpen = True, SeatsAmount = 137, LiftingTime = 167, QueueTime = 2, ConnectedSlopes =  }, slope: Slope { SlopeID = 243, SlopeName = slopeNameda473cdc-c805-42d5-842e-f4e9ff85f7a7, IsOpen = False, DifficultyLevel = 238, ConnectedLifts =  }, slopesRepositoryStub: Mock&lt;ISlopesRepository:2&gt;, liftsRepos..." storage="c:\users\alena\desktop\7_sem\testing_and_debugging\skiresort\bl.tests\bin\debug\net6.0\bl.tests.dll" id="f9411c36-535e-4c25-174a-fbeb5154b386">
      <Execution id="c8491285-05b4-450d-a885-dd90d7a48b9e" />
      <TestMethod codeBase="C:\Users\alena\Desktop\7_sem\testing_and_debugging\SkiResort\BL.Tests\bin\Debug\net6.0\BL.Tests.dll" adapterTypeName="executor://xunit/VsTestRunner2/netcoreapp" className="BL.Tests.LiftsSlopesServiceTests" name="TestAdminDeleteLiftSlopeAsync" />
    </UnitTest>
    <UnitTest name="BL.Tests.CheckPermissionsServiceTests.SkiPatrolHasNoAccessToAdminFunctions" storage="c:\users\alena\desktop\7_sem\testing_and_debugging\skiresort\bl.tests\bin\debug\net6.0\bl.tests.dll" id="492c0393-35b4-df26-a537-21ca08302f3c">
      <Execution id="b3da07ad-f2ac-4c44-b47e-ed4edd2c148d" />
      <TestMethod codeBase="C:\Users\alena\Desktop\7_sem\testing_and_debugging\SkiResort\BL.Tests\bin\Debug\net6.0\BL.Tests.dll" adapterTypeName="executor://xunit/VsTestRunner2/netcoreapp" className="BL.Tests.CheckPermissionsServiceTests" name="SkiPatrolHasNoAccessToAdminFunctions" />
    </UnitTest>
    <UnitTest name="BL.Tests.UsersServiceTests.TestAdminDeleteUser" storage="c:\users\alena\desktop\7_sem\testing_and_debugging\skiresort\bl.tests\bin\debug\net6.0\bl.tests.dll" id="18fa8c62-e27d-e1fc-8182-4d7db62b008d">
      <Execution id="6173da4b-64f1-4859-9b74-20e30b0f8ff9" />
      <TestMethod codeBase="C:\Users\alena\Desktop\7_sem\testing_and_debugging\SkiResort\BL.Tests\bin\Debug\net6.0\BL.Tests.dll" adapterTypeName="executor://xunit/VsTestRunner2/netcoreapp" className="BL.Tests.UsersServiceTests" name="TestAdminDeleteUser" />
    </UnitTest>
    <UnitTest name="BL.Tests.UsersServiceTests.TestLogInWithWrongPassword" storage="c:\users\alena\desktop\7_sem\testing_and_debugging\skiresort\bl.tests\bin\debug\net6.0\bl.tests.dll" id="69340bb6-3645-f9dd-971e-29d8b2a009bb">
      <Execution id="84a702b0-79b1-420d-9064-5a7e51010976" />
      <TestMethod codeBase="C:\Users\alena\Desktop\7_sem\testing_and_debugging\SkiResort\BL.Tests\bin\Debug\net6.0\BL.Tests.dll" adapterTypeName="executor://xunit/VsTestRunner2/netcoreapp" className="BL.Tests.UsersServiceTests" name="TestLogInWithWrongPassword" />
    </UnitTest>
    <UnitTest name="BL.Tests.TurnstilesServiceTest.TestAdminAddAutoIncrementTurnstileAsync(userID: 209, turnstile: Turnstile { TurnstileID = 34, LiftID = 212, IsOpen = True }, checkPermissionServiceMock: Mock&lt;ICheckPermissionService:16&gt;, turnstilesRepositoryStub: Mock&lt;ITurnstilesRepository:10&gt;, sut: TurnstilesService { })" storage="c:\users\alena\desktop\7_sem\testing_and_debugging\skiresort\bl.tests\bin\debug\net6.0\bl.tests.dll" id="cef47694-a409-30c9-5bec-cdb978c5ed76">
      <Execution id="b1d24706-1a88-41be-9dc4-753b215b3f4d" />
      <TestMethod codeBase="C:\Users\alena\Desktop\7_sem\testing_and_debugging\SkiResort\BL.Tests\bin\Debug\net6.0\BL.Tests.dll" adapterTypeName="executor://xunit/VsTestRunner2/netcoreapp" className="BL.Tests.TurnstilesServiceTest" name="TestAdminAddAutoIncrementTurnstileAsync" />
    </UnitTest>
    <UnitTest name="BL.Tests.LiftsSlopesServiceTests.TestAdminAddAutoIncrementLiftSlopeAsync(lift: Lift { LiftID = 134, LiftName = liftNamefcf874fa-0f3b-46f2-88d5-ad9804b2c047, IsOpen = True, SeatsAmount = 35, LiftingTime = 168, QueueTime = 96, ConnectedSlopes =  }, slope: Slope { SlopeID = 160, SlopeName = slopeName01682498-d944-4605-8b74-ed023fc909ae, IsOpen = False, DifficultyLevel = 143, ConnectedLifts =  }, slopesRepositoryStub: Mock&lt;ISlopesRepository:3&gt;,..." storage="c:\users\alena\desktop\7_sem\testing_and_debugging\skiresort\bl.tests\bin\debug\net6.0\bl.tests.dll" id="82863221-a63c-667f-0ae6-f97268e2b317">
      <Execution id="1364f53a-10d0-4b9e-9f90-04244f2bcc1c" />
      <TestMethod codeBase="C:\Users\alena\Desktop\7_sem\testing_and_debugging\SkiResort\BL.Tests\bin\Debug\net6.0\BL.Tests.dll" adapterTypeName="executor://xunit/VsTestRunner2/netcoreapp" className="BL.Tests.LiftsSlopesServiceTests" name="TestAdminAddAutoIncrementLiftSlopeAsync" />
    </UnitTest>
    <UnitTest name="BL.Tests.CheckPermissionsServiceTests.UnauthorizedHasNoAccessToAdminSkiPatrolFunctions(functionName: &quot;GetMessagesAsync&quot;)" storage="c:\users\alena\desktop\7_sem\testing_and_debugging\skiresort\bl.tests\bin\debug\net6.0\bl.tests.dll" id="229812f5-9a73-5335-11f5-31330d1348a5">
      <Execution id="069c8f48-47b1-4d19-a62d-58bf4445df80" />
      <TestMethod codeBase="C:\Users\alena\Desktop\7_sem\testing_and_debugging\SkiResort\BL.Tests\bin\Debug\net6.0\BL.Tests.dll" adapterTypeName="executor://xunit/VsTestRunner2/netcoreapp" className="BL.Tests.CheckPermissionsServiceTests" name="UnauthorizedHasNoAccessToAdminSkiPatrolFunctions" />
    </UnitTest>
    <UnitTest name="BL.Tests.UsersServiceTests.TestRegisterUserWithNoEmail" storage="c:\users\alena\desktop\7_sem\testing_and_debugging\skiresort\bl.tests\bin\debug\net6.0\bl.tests.dll" id="8184bd30-991c-b78d-b4ec-99a485eac0dd">
      <Execution id="38b8e71f-b052-4d86-82e8-792ec4b75e0a" />
      <TestMethod codeBase="C:\Users\alena\Desktop\7_sem\testing_and_debugging\SkiResort\BL.Tests\bin\Debug\net6.0\BL.Tests.dll" adapterTypeName="executor://xunit/VsTestRunner2/netcoreapp" className="BL.Tests.UsersServiceTests" name="TestRegisterUserWithNoEmail" />
    </UnitTest>
    <UnitTest name="BL.Tests.CheckPermissionsServiceTests.AuthorizedHasNoAccessToAdminSkiPatrolFunctions(functionName: &quot;GetMessagesAsync&quot;)" storage="c:\users\alena\desktop\7_sem\testing_and_debugging\skiresort\bl.tests\bin\debug\net6.0\bl.tests.dll" id="2602613f-c8e2-a6d9-fcf7-5b27d4a770a6">
      <Execution id="a75f5c54-2dff-4837-a5f6-e9033208f4c8" />
      <TestMethod codeBase="C:\Users\alena\Desktop\7_sem\testing_and_debugging\SkiResort\BL.Tests\bin\Debug\net6.0\BL.Tests.dll" adapterTypeName="executor://xunit/VsTestRunner2/netcoreapp" className="BL.Tests.CheckPermissionsServiceTests" name="AuthorizedHasNoAccessToAdminSkiPatrolFunctions" />
    </UnitTest>
    <UnitTest name="BL.Tests.UsersServiceTests.TestRegisterOk" storage="c:\users\alena\desktop\7_sem\testing_and_debugging\skiresort\bl.tests\bin\debug\net6.0\bl.tests.dll" id="0eeef75f-6e38-7893-a8fe-cff3e0a970a7">
      <Execution id="12a16677-f4f7-4279-8987-247d972f6d17" />
      <TestMethod codeBase="C:\Users\alena\Desktop\7_sem\testing_and_debugging\SkiResort\BL.Tests\bin\Debug\net6.0\BL.Tests.dll" adapterTypeName="executor://xunit/VsTestRunner2/netcoreapp" className="BL.Tests.UsersServiceTests" name="TestRegisterOk" />
    </UnitTest>
    <UnitTest name="BL.Tests.SlopesServiceTest.TestAdminDeleteSlopeAsync(userID: 12, slope: Slope { SlopeID = 3, SlopeName = slopeNamefee3294b-ddc5-48d9-91d5-90628ffc3630, IsOpen = True, DifficultyLevel = 19, ConnectedLifts =  }, checkPermissionServiceMock: Mock&lt;ICheckPermissionService:9&gt;, slopesRepositoryStub: Mock&lt;ISlopesRepository:7&gt;, liftsSlopesRepositoryStub: Mock&lt;ILiftsSlopesRepository:12&gt;, sut: SlopesService { })" storage="c:\users\alena\desktop\7_sem\testing_and_debugging\skiresort\bl.tests\bin\debug\net6.0\bl.tests.dll" id="06d9bd10-cb52-f718-822f-836214b9283c">
      <Execution id="c36bf80f-3a9c-4062-9574-d45e5946da98" />
      <TestMethod codeBase="C:\Users\alena\Desktop\7_sem\testing_and_debugging\SkiResort\BL.Tests\bin\Debug\net6.0\BL.Tests.dll" adapterTypeName="executor://xunit/VsTestRunner2/netcoreapp" className="BL.Tests.SlopesServiceTest" name="TestAdminDeleteSlopeAsync" />
    </UnitTest>
    <UnitTest name="BL.Tests.TurnstilesServiceTest.TestAdminGetTurnstilesAsync(userID: 175, initialTurnstiles: [Turnstile { TurnstileID = 171, LiftID = 15, IsOpen = True }, Turnstile { TurnstileID = 128, LiftID = 11, IsOpen = False }, Turnstile { TurnstileID = 236, LiftID = 18, IsOpen = True }], checkPermissionServiceMock: Mock&lt;ICheckPermissionService:13&gt;, turnstilesRepositoryStub: Mock&lt;ITurnstilesRepository:7&gt;, sut: TurnstilesService { })" storage="c:\users\alena\desktop\7_sem\testing_and_debugging\skiresort\bl.tests\bin\debug\net6.0\bl.tests.dll" id="6058ef00-5662-854c-9d96-8478858f411f">
      <Execution id="92683dc9-bcee-4ce0-8547-8a6e609b37db" />
      <TestMethod codeBase="C:\Users\alena\Desktop\7_sem\testing_and_debugging\SkiResort\BL.Tests\bin\Debug\net6.0\BL.Tests.dll" adapterTypeName="executor://xunit/VsTestRunner2/netcoreapp" className="BL.Tests.TurnstilesServiceTest" name="TestAdminGetTurnstilesAsync" />
    </UnitTest>
    <UnitTest name="BL.Tests.CheckPermissionsServiceTests.UnauthorizedHasNoAccessToAuthorizedFunctions(functionName: &quot;LogOutAsync&quot;)" storage="c:\users\alena\desktop\7_sem\testing_and_debugging\skiresort\bl.tests\bin\debug\net6.0\bl.tests.dll" id="fa960c5e-f989-2880-784e-8efe538c5231">
      <Execution id="b81b7fe7-925b-47da-8760-712d22910118" />
      <TestMethod codeBase="C:\Users\alena\Desktop\7_sem\testing_and_debugging\SkiResort\BL.Tests\bin\Debug\net6.0\BL.Tests.dll" adapterTypeName="executor://xunit/VsTestRunner2/netcoreapp" className="BL.Tests.CheckPermissionsServiceTests" name="UnauthorizedHasNoAccessToAuthorizedFunctions" />
    </UnitTest>
    <UnitTest name="BL.Tests.SlopesServiceTest.TestAdminAddAutoIncrementSlopeAsync(userID: 246, slope: Slope { SlopeID = 115, SlopeName = slopeName97f875f2-0c4b-442c-968f-e201f99cd23b, IsOpen = True, DifficultyLevel = 91, ConnectedLifts =  }, checkPermissionServiceMock: Mock&lt;ICheckPermissionService:10&gt;, slopesRepositoryStub: Mock&lt;ISlopesRepository:8&gt;, sut: SlopesService { })" storage="c:\users\alena\desktop\7_sem\testing_and_debugging\skiresort\bl.tests\bin\debug\net6.0\bl.tests.dll" id="49eafa4a-dce1-f010-241c-548f141a651b">
      <Execution id="bb778918-d841-4322-b471-40b94520db4f" />
      <TestMethod codeBase="C:\Users\alena\Desktop\7_sem\testing_and_debugging\SkiResort\BL.Tests\bin\Debug\net6.0\BL.Tests.dll" adapterTypeName="executor://xunit/VsTestRunner2/netcoreapp" className="BL.Tests.SlopesServiceTest" name="TestAdminAddAutoIncrementSlopeAsync" />
    </UnitTest>
    <UnitTest name="BL.Tests.TurnstilesServiceTest.TestAdminGetTurnstileAsync(userID: 77, turnstile: Turnstile { TurnstileID = 31, LiftID = 155, IsOpen = True }, checkPermissionServiceMock: Mock&lt;ICheckPermissionService:12&gt;, turnstilesRepositoryStub: Mock&lt;ITurnstilesRepository:6&gt;, sut: TurnstilesService { })" storage="c:\users\alena\desktop\7_sem\testing_and_debugging\skiresort\bl.tests\bin\debug\net6.0\bl.tests.dll" id="0871342f-670e-0f35-3d76-db2d7f3ad102">
      <Execution id="232ea728-d22c-46a4-9fa5-177231ab8f88" />
      <TestMethod codeBase="C:\Users\alena\Desktop\7_sem\testing_and_debugging\SkiResort\BL.Tests\bin\Debug\net6.0\BL.Tests.dll" adapterTypeName="executor://xunit/VsTestRunner2/netcoreapp" className="BL.Tests.TurnstilesServiceTest" name="TestAdminGetTurnstileAsync" />
    </UnitTest>
    <UnitTest name="BL.Tests.UsersServiceTests.TestAdminUpdateUser" storage="c:\users\alena\desktop\7_sem\testing_and_debugging\skiresort\bl.tests\bin\debug\net6.0\bl.tests.dll" id="06d0bc3a-24a0-fb7f-4277-e9ae6d21c7dd">
      <Execution id="06fe0383-6bd4-4167-a0d5-80df1092173c" />
      <TestMethod codeBase="C:\Users\alena\Desktop\7_sem\testing_and_debugging\SkiResort\BL.Tests\bin\Debug\net6.0\BL.Tests.dll" adapterTypeName="executor://xunit/VsTestRunner2/netcoreapp" className="BL.Tests.UsersServiceTests" name="TestAdminUpdateUser" />
    </UnitTest>
    <UnitTest name="BL.Tests.UsersServiceTests.TestAdminGetUserByIDAsync" storage="c:\users\alena\desktop\7_sem\testing_and_debugging\skiresort\bl.tests\bin\debug\net6.0\bl.tests.dll" id="e5497347-2721-b7a6-0bd4-69a9921f6947">
      <Execution id="4c6a726f-4ed9-4a00-b79a-9453707237e9" />
      <TestMethod codeBase="C:\Users\alena\Desktop\7_sem\testing_and_debugging\SkiResort\BL.Tests\bin\Debug\net6.0\BL.Tests.dll" adapterTypeName="executor://xunit/VsTestRunner2/netcoreapp" className="BL.Tests.UsersServiceTests" name="TestAdminGetUserByIDAsync" />
    </UnitTest>
    <UnitTest name="BL.Tests.SlopesServiceTest.TestGetSlopeInfoAsync(userID: 15, slope: Slope { SlopeID = 34, SlopeName = slopeNamefdaac27b-8f56-47c1-a555-43fb9ab884f2, IsOpen = True, DifficultyLevel = 122, ConnectedLifts =  }, checkPermissionServiceMock: Mock&lt;ICheckPermissionService:6&gt;, slopesRepositoryStub: Mock&lt;ISlopesRepository:4&gt;, liftsSlopesRepositoryStub: Mock&lt;ILiftsSlopesRepository:9&gt;, sut: SlopesService { })" storage="c:\users\alena\desktop\7_sem\testing_and_debugging\skiresort\bl.tests\bin\debug\net6.0\bl.tests.dll" id="9e22818f-9c4f-a7da-f3d6-eda5bab2eb97">
      <Execution id="0af79159-131a-4a45-bc37-7b293e5083f3" />
      <TestMethod codeBase="C:\Users\alena\Desktop\7_sem\testing_and_debugging\SkiResort\BL.Tests\bin\Debug\net6.0\BL.Tests.dll" adapterTypeName="executor://xunit/VsTestRunner2/netcoreapp" className="BL.Tests.SlopesServiceTest" name="TestGetSlopeInfoAsync" />
    </UnitTest>
    <UnitTest name="BL.Tests.LiftsServiceTest.TestGetLiftInfoAsync(userID: 206, lift: Lift { LiftID = 147, LiftName = liftName8be67317-d7d4-4bd7-a868-bac8c6e56092, IsOpen = True, SeatsAmount = 145, LiftingTime = 148, QueueTime = 52, ConnectedSlopes =  }, checkPermissionServiceMock: Mock&lt;ICheckPermissionService:1&gt;, liftsRepositoryStub: Mock&lt;ILiftsRepository:1&gt;, liftsSlopesRepositoryStub: Mock&lt;ILiftsSlopesRepository:1&gt;, sut: LiftsService { })" storage="c:\users\alena\desktop\7_sem\testing_and_debugging\skiresort\bl.tests\bin\debug\net6.0\bl.tests.dll" id="83f8baa7-b55b-6515-73d7-bec17330a26d">
      <Execution id="f1fd0d0e-73aa-45fe-b2a3-875e9240d03f" />
      <TestMethod codeBase="C:\Users\alena\Desktop\7_sem\testing_and_debugging\SkiResort\BL.Tests\bin\Debug\net6.0\BL.Tests.dll" adapterTypeName="executor://xunit/VsTestRunner2/netcoreapp" className="BL.Tests.LiftsServiceTest" name="TestGetLiftInfoAsync" />
    </UnitTest>
    <UnitTest name="BL.Tests.UsersServiceTests.TestAdminGetUsers" storage="c:\users\alena\desktop\7_sem\testing_and_debugging\skiresort\bl.tests\bin\debug\net6.0\bl.tests.dll" id="20ad8570-0170-85de-dcd7-2f109dd7bcd6">
      <Execution id="8bd8cbd6-8424-4616-a176-c4c6ec84e36d" />
      <TestMethod codeBase="C:\Users\alena\Desktop\7_sem\testing_and_debugging\SkiResort\BL.Tests\bin\Debug\net6.0\BL.Tests.dll" adapterTypeName="executor://xunit/VsTestRunner2/netcoreapp" className="BL.Tests.UsersServiceTests" name="TestAdminGetUsers" />
    </UnitTest>
    <UnitTest name="BL.Tests.LiftsServiceTest.TestGetLiftsInfoAsync(userID: 82, initialLifts: [Lift { LiftID = 146, LiftName = liftName42315441-4905-412b-8383-8d7c13c48906, IsOpen = True, SeatsAmount = 222, LiftingTime = 62, QueueTime = 155, ConnectedSlopes =  }, Lift { LiftID = 141, LiftName = liftName44831bd4-bf89-4d61-9cfc-e248fec95586, IsOpen = False, SeatsAmount = 85, LiftingTime = 165, QueueTime = 246, ConnectedSlopes =  }, Lift { LiftID = 81, LiftName =..." storage="c:\users\alena\desktop\7_sem\testing_and_debugging\skiresort\bl.tests\bin\debug\net6.0\bl.tests.dll" id="cc73ca50-8f7a-c99f-fe68-9d939e2177da">
      <Execution id="a121fe95-88c2-4bc4-8704-c05ec4af2d15" />
      <TestMethod codeBase="C:\Users\alena\Desktop\7_sem\testing_and_debugging\SkiResort\BL.Tests\bin\Debug\net6.0\BL.Tests.dll" adapterTypeName="executor://xunit/VsTestRunner2/netcoreapp" className="BL.Tests.LiftsServiceTest" name="TestGetLiftsInfoAsync" />
    </UnitTest>
    <UnitTest name="BL.Tests.SlopesServiceTest.TestGetSlopesInfoAsync(userID: 249, initialSlopes: [Slope { SlopeID = 239, SlopeName = slopeName38940ac5-5434-4692-a993-c5d86bb35e10, IsOpen = True, DifficultyLevel = 135, ConnectedLifts =  }, Slope { SlopeID = 64, SlopeName = slopeName35abf423-7137-46b6-86b7-6b5f9e4a5679, IsOpen = False, DifficultyLevel = 132, ConnectedLifts =  }, Slope { SlopeID = 123, SlopeName = slopeName49323d38-66a8-4733-841d-eeb34377726a, I..." storage="c:\users\alena\desktop\7_sem\testing_and_debugging\skiresort\bl.tests\bin\debug\net6.0\bl.tests.dll" id="a3f6bc94-1807-c5d5-b024-57a259d0c602">
      <Execution id="3e107414-00c8-4a04-b04b-e26b7d26d5d1" />
      <TestMethod codeBase="C:\Users\alena\Desktop\7_sem\testing_and_debugging\SkiResort\BL.Tests\bin\Debug\net6.0\BL.Tests.dll" adapterTypeName="executor://xunit/VsTestRunner2/netcoreapp" className="BL.Tests.SlopesServiceTest" name="TestGetSlopesInfoAsync" />
    </UnitTest>
  </TestDefinitions>
  <TestEntries>
    <TestEntry testId="eaabd2fc-2f4b-5689-59c8-c7ad34a8f634" executionId="042cf10e-c129-43f5-b0f9-89b265dd5bd5" testListId="8c84fa94-04c1-424b-9868-57a2d4851a1d" />
    <TestEntry testId="387c9729-48c1-486e-5e67-f5d11a9f0db8" executionId="e4c32e1a-34b5-47a4-867a-58e132061061" testListId="8c84fa94-04c1-424b-9868-57a2d4851a1d" />
    <TestEntry testId="83f8baa7-b55b-6515-73d7-bec17330a26d" executionId="f1fd0d0e-73aa-45fe-b2a3-875e9240d03f" testListId="8c84fa94-04c1-424b-9868-57a2d4851a1d" />
    <TestEntry testId="2602613f-c8e2-a6d9-fcf7-5b27d4a770a6" executionId="a75f5c54-2dff-4837-a5f6-e9033208f4c8" testListId="8c84fa94-04c1-424b-9868-57a2d4851a1d" />
    <TestEntry testId="0871342f-670e-0f35-3d76-db2d7f3ad102" executionId="232ea728-d22c-46a4-9fa5-177231ab8f88" testListId="8c84fa94-04c1-424b-9868-57a2d4851a1d" />
    <TestEntry testId="f9411c36-535e-4c25-174a-fbeb5154b386" executionId="c8491285-05b4-450d-a885-dd90d7a48b9e" testListId="8c84fa94-04c1-424b-9868-57a2d4851a1d" />
    <TestEntry testId="82863221-a63c-667f-0ae6-f97268e2b317" executionId="1364f53a-10d0-4b9e-9f90-04244f2bcc1c" testListId="8c84fa94-04c1-424b-9868-57a2d4851a1d" />
    <TestEntry testId="644ec43e-70cd-c82d-42e7-0d990be1414d" executionId="e9bc1da8-1e9c-4718-af77-5bb742ba4a56" testListId="8c84fa94-04c1-424b-9868-57a2d4851a1d" />
    <TestEntry testId="894941c1-bfa7-d8f9-c047-1e1ceefe2c2f" executionId="4aa825b1-5654-4351-96dd-b764712ef74f" testListId="8c84fa94-04c1-424b-9868-57a2d4851a1d" />
    <TestEntry testId="101f6750-a5df-a4fb-ef0b-9cc56b336f43" executionId="476935af-fed1-481c-a865-62b35c14011c" testListId="8c84fa94-04c1-424b-9868-57a2d4851a1d" />
    <TestEntry testId="20ad8570-0170-85de-dcd7-2f109dd7bcd6" executionId="8bd8cbd6-8424-4616-a176-c4c6ec84e36d" testListId="8c84fa94-04c1-424b-9868-57a2d4851a1d" />
    <TestEntry testId="95f27258-f02f-4a12-676c-b4bf1d98887a" executionId="97380e0d-14b6-452b-9c6e-8357f906193c" testListId="8c84fa94-04c1-424b-9868-57a2d4851a1d" />
    <TestEntry testId="4f297306-d4f3-8d63-e7f4-1ac0b8c58c74" executionId="507572e3-1559-4578-9089-52abe69724ca" testListId="8c84fa94-04c1-424b-9868-57a2d4851a1d" />
    <TestEntry testId="d6662de9-1814-42c4-15ca-e742b8a1781d" executionId="af653c92-039d-4d33-993d-65b5aa101dfa" testListId="8c84fa94-04c1-424b-9868-57a2d4851a1d" />
    <TestEntry testId="8184bd30-991c-b78d-b4ec-99a485eac0dd" executionId="38b8e71f-b052-4d86-82e8-792ec4b75e0a" testListId="8c84fa94-04c1-424b-9868-57a2d4851a1d" />
    <TestEntry testId="a19a5fcf-c5d2-7d44-5d7d-84403042f4e0" executionId="ae152d6d-97a9-4477-b228-537b84327933" testListId="8c84fa94-04c1-424b-9868-57a2d4851a1d" />
    <TestEntry testId="9c7df5e2-1b23-ebea-889f-b78ca86b60ab" executionId="6a1f3f35-c95b-4d46-a1de-43a15fc87dc0" testListId="8c84fa94-04c1-424b-9868-57a2d4851a1d" />
    <TestEntry testId="fa960c5e-f989-2880-784e-8efe538c5231" executionId="b81b7fe7-925b-47da-8760-712d22910118" testListId="8c84fa94-04c1-424b-9868-57a2d4851a1d" />
    <TestEntry testId="4a51c282-d26a-486f-b429-15020d956c78" executionId="1937b81b-263c-4b00-afbd-29f247957f34" testListId="8c84fa94-04c1-424b-9868-57a2d4851a1d" />
    <TestEntry testId="cc73ca50-8f7a-c99f-fe68-9d939e2177da" executionId="a121fe95-88c2-4bc4-8704-c05ec4af2d15" testListId="8c84fa94-04c1-424b-9868-57a2d4851a1d" />
    <TestEntry testId="1ca07ad8-f799-c5d4-e7cc-34fd950198a2" executionId="31fb02c6-92a7-4173-bb49-bad11b4f70ce" testListId="8c84fa94-04c1-424b-9868-57a2d4851a1d" />
    <TestEntry testId="c36970dc-93f7-753e-fa47-157133b01644" executionId="71032282-22d7-4d96-bba2-21adf784b163" testListId="8c84fa94-04c1-424b-9868-57a2d4851a1d" />
    <TestEntry testId="06d9bd10-cb52-f718-822f-836214b9283c" executionId="c36bf80f-3a9c-4062-9574-d45e5946da98" testListId="8c84fa94-04c1-424b-9868-57a2d4851a1d" />
    <TestEntry testId="9e22818f-9c4f-a7da-f3d6-eda5bab2eb97" executionId="0af79159-131a-4a45-bc37-7b293e5083f3" testListId="8c84fa94-04c1-424b-9868-57a2d4851a1d" />
    <TestEntry testId="a2e59116-cb53-1d70-9cb8-21c286516866" executionId="44d7bd11-a999-46d1-a9ea-c2620735b018" testListId="8c84fa94-04c1-424b-9868-57a2d4851a1d" />
    <TestEntry testId="4f1f9099-a434-c4dd-8e68-cef8be67d8f3" executionId="1c1abb52-f6c9-4ad2-ad42-b67d44463643" testListId="8c84fa94-04c1-424b-9868-57a2d4851a1d" />
    <TestEntry testId="aa28a6b3-21d3-aa45-24d3-bef2facbc899" executionId="4afadc84-2f5b-4cd4-b8b7-85686943c058" testListId="8c84fa94-04c1-424b-9868-57a2d4851a1d" />
    <TestEntry testId="60bd668f-04df-da5e-b79b-5d9aedb5234d" executionId="960232e5-f45a-4886-b8ad-300ea9bcd91c" testListId="8c84fa94-04c1-424b-9868-57a2d4851a1d" />
    <TestEntry testId="49eafa4a-dce1-f010-241c-548f141a651b" executionId="bb778918-d841-4322-b471-40b94520db4f" testListId="8c84fa94-04c1-424b-9868-57a2d4851a1d" />
    <TestEntry testId="06d0bc3a-24a0-fb7f-4277-e9ae6d21c7dd" executionId="06fe0383-6bd4-4167-a0d5-80df1092173c" testListId="8c84fa94-04c1-424b-9868-57a2d4851a1d" />
    <TestEntry testId="f3efc418-a8a6-c7b7-9bac-90b33aa8472f" executionId="25cb957a-e3df-4432-a1ad-ea758c691d3d" testListId="8c84fa94-04c1-424b-9868-57a2d4851a1d" />
    <TestEntry testId="8010c185-1122-1b73-80a9-504d75caab2c" executionId="a2749011-5321-4db6-aeca-6a5d4d5fa98a" testListId="8c84fa94-04c1-424b-9868-57a2d4851a1d" />
    <TestEntry testId="69340bb6-3645-f9dd-971e-29d8b2a009bb" executionId="84a702b0-79b1-420d-9064-5a7e51010976" testListId="8c84fa94-04c1-424b-9868-57a2d4851a1d" />
    <TestEntry testId="39be9b5e-0bc4-57dc-37d3-aec6b520299d" executionId="3ccaf9d8-8002-4b7f-9e97-6e3a8f309e51" testListId="8c84fa94-04c1-424b-9868-57a2d4851a1d" />
    <TestEntry testId="e2d7e5be-3dae-33ae-fb17-c704b6fd58d6" executionId="5b6f2f26-f2b5-4b86-97dc-325c503250a2" testListId="8c84fa94-04c1-424b-9868-57a2d4851a1d" />
    <TestEntry testId="a3f6bc94-1807-c5d5-b024-57a259d0c602" executionId="3e107414-00c8-4a04-b04b-e26b7d26d5d1" testListId="8c84fa94-04c1-424b-9868-57a2d4851a1d" />
    <TestEntry testId="6058ef00-5662-854c-9d96-8478858f411f" executionId="92683dc9-bcee-4ce0-8547-8a6e609b37db" testListId="8c84fa94-04c1-424b-9868-57a2d4851a1d" />
    <TestEntry testId="834c739b-eca4-b36d-6a66-5a1bd75377b8" executionId="c2283e57-6770-4cec-b1e0-be209cf97e57" testListId="8c84fa94-04c1-424b-9868-57a2d4851a1d" />
    <TestEntry testId="492c0393-35b4-df26-a537-21ca08302f3c" executionId="b3da07ad-f2ac-4c44-b47e-ed4edd2c148d" testListId="8c84fa94-04c1-424b-9868-57a2d4851a1d" />
    <TestEntry testId="f44a1b21-8efc-bfac-63b4-d534442def31" executionId="f34fd88f-7ffa-4ea5-b07a-094354ad153a" testListId="8c84fa94-04c1-424b-9868-57a2d4851a1d" />
    <TestEntry testId="18fa8c62-e27d-e1fc-8182-4d7db62b008d" executionId="6173da4b-64f1-4859-9b74-20e30b0f8ff9" testListId="8c84fa94-04c1-424b-9868-57a2d4851a1d" />
    <TestEntry testId="a8b7fa48-e684-c5de-8c8f-bd84ded44cbe" executionId="95a1a2ee-e808-472d-bbfd-67fe9ec2990a" testListId="8c84fa94-04c1-424b-9868-57a2d4851a1d" />
    <TestEntry testId="e5497347-2721-b7a6-0bd4-69a9921f6947" executionId="4c6a726f-4ed9-4a00-b79a-9453707237e9" testListId="8c84fa94-04c1-424b-9868-57a2d4851a1d" />
    <TestEntry testId="0eeef75f-6e38-7893-a8fe-cff3e0a970a7" executionId="12a16677-f4f7-4279-8987-247d972f6d17" testListId="8c84fa94-04c1-424b-9868-57a2d4851a1d" />
    <TestEntry testId="229812f5-9a73-5335-11f5-31330d1348a5" executionId="069c8f48-47b1-4d19-a62d-58bf4445df80" testListId="8c84fa94-04c1-424b-9868-57a2d4851a1d" />
    <TestEntry testId="cef47694-a409-30c9-5bec-cdb978c5ed76" executionId="b1d24706-1a88-41be-9dc4-753b215b3f4d" testListId="8c84fa94-04c1-424b-9868-57a2d4851a1d" />
    <TestEntry testId="2d706594-f2b3-b3c8-21d4-86c9798c3306" executionId="08100c0a-2de0-4b5f-8d25-9d3ea214835b" testListId="8c84fa94-04c1-424b-9868-57a2d4851a1d" />
  </TestEntries>
  <TestLists>
    <TestList name="Список результатов" id="8c84fa94-04c1-424b-9868-57a2d4851a1d" />
    <TestList name="Все загруженные результаты" id="19431567-8539-422a-85d7-44ee4e166bda" />
  </TestLists>
  <ResultSummary outcome="Completed">
    <Counters total="47" executed="47" passed="47" failed="0" error="0" timeout="0" aborted="0" inconclusive="0" passedButRunAborted="0" notRunnable="0" notExecuted="0" disconnected="0" warning="0" completed="0" inProgress="0" pending="0" />
    <Output>
      <StdOut>[xUnit.net 00:00:00.00] xUnit.net VSTest Adapter v2.4.5+1caef2f33e (64-bit .NET 6.0.3)&#xD;
[xUnit.net 00:00:00.46]   Discovering: BL.Tests&#xD;
[xUnit.net 00:00:00.65]   Discovered:  BL.Tests&#xD;
[xUnit.net 00:00:00.65]   Starting:    BL.Tests&#xD;
[xUnit.net 00:00:00.88]   Finished:    BL.Tests&#xD;
</StdOut>
    </Output>
  </ResultSummary>
</TestRun>