<?xml version="1.0" encoding="utf-8"?>
<TestRun id="2e4a0120-c8d9-471d-a0e6-0fd7a5597d5c" name="alena@DESKTOP-TJ9D65N 2022-10-15 20:11:20" runUser="DESKTOP-TJ9D65N\alena" xmlns="http://microsoft.com/schemas/VisualStudio/TeamTest/2010">
  <Times creation="2022-10-15T20:11:20.8092761+03:00" queuing="2022-10-15T20:11:20.8092763+03:00" start="2022-10-15T20:11:19.1879066+03:00" finish="2022-10-15T20:11:20.8570811+03:00" />
  <TestSettings name="default" id="031d790b-8f7e-4d70-b07a-bc70ad8b8a1d">
    <Deployment runDeploymentRoot="alena_DESKTOP-TJ9D65N_2022-10-15_20_11_20" />
  </TestSettings>
  <Results>
    <UnitTestResult executionId="8d916308-72e2-4971-88e8-9a5c9a205dcf" testId="2602613f-c8e2-a6d9-fcf7-5b27d4a770a6" testName="BL.Tests.CheckPermissionsServiceTests.AuthorizedHasNoAccessToAdminSkiPatrolFunctions(functionName: &quot;GetMessagesAsync&quot;)" computerName="DESKTOP-TJ9D65N" duration="00:00:00.0024614" startTime="2022-10-15T20:11:20.7663244+03:00" endTime="2022-10-15T20:11:20.7663245+03:00" testType="13cdc9d9-ddb5-4fa4-a97d-d965ccfc6d4b" outcome="Passed" testListId="8c84fa94-04c1-424b-9868-57a2d4851a1d" relativeResultsDirectory="8d916308-72e2-4971-88e8-9a5c9a205dcf" />
    <UnitTestResult executionId="5c38d04a-3b46-4c0c-86a1-320054b89dce" testId="75b00ce7-ab36-3193-f8c7-5e2f1203ada1" testName="BL.Tests.TurnstilesServiceTest.TestAdminAddAutoIncrementTurnstileAsync(userID: 50, turnstile: Turnstile { TurnstileID = 234, LiftID = 220, IsOpen = True }, checkPermissionServiceMock: Mock&lt;ICheckPermissionService:16&gt;, turnstilesRepositoryStub: Mock&lt;ITurnstilesRepository:10&gt;, sut: TurnstilesService { })" computerName="DESKTOP-TJ9D65N" duration="00:00:00.0065146" startTime="2022-10-15T20:11:20.7644189+03:00" endTime="2022-10-15T20:11:20.7644189+03:00" testType="13cdc9d9-ddb5-4fa4-a97d-d965ccfc6d4b" outcome="Passed" testListId="8c84fa94-04c1-424b-9868-57a2d4851a1d" relativeResultsDirectory="5c38d04a-3b46-4c0c-86a1-320054b89dce" />
    <UnitTestResult executionId="5dad12d6-4383-4ff6-9e3b-8af92d6d2c4c" testId="fa90b0ed-1874-143b-b965-53077121868c" testName="BL.Tests.SlopesServiceTest.TestAdminDeleteSlopeAsync(userID: 182, slope: Slope { SlopeID = 167, SlopeName = slopeName518bfdc7-7aab-4f4d-a2e0-f1e9c5ac68f2, IsOpen = True, DifficultyLevel = 23, ConnectedLifts =  }, checkPermissionServiceMock: Mock&lt;ICheckPermissionService:9&gt;, slopesRepositoryStub: Mock&lt;ISlopesRepository:7&gt;, liftsSlopesRepositoryStub: Mock&lt;ILiftsSlopesRepository:12&gt;, sut: SlopesService { })" computerName="DESKTOP-TJ9D65N" duration="00:00:00.0053919" startTime="2022-10-15T20:11:20.7621149+03:00" endTime="2022-10-15T20:11:20.7621149+03:00" testType="13cdc9d9-ddb5-4fa4-a97d-d965ccfc6d4b" outcome="Passed" testListId="8c84fa94-04c1-424b-9868-57a2d4851a1d" relativeResultsDirectory="5dad12d6-4383-4ff6-9e3b-8af92d6d2c4c" />
    <UnitTestResult executionId="6b99aecd-e0ab-4046-8b6f-22f8f08b28af" testId="f5be7f5f-150b-f830-7ff4-4c61f942c51b" testName="BL.Tests.TurnstilesServiceTest.TestAdminUpdateTurnstileAsync(userID: 51, turnstile: Turnstile { TurnstileID = 204, LiftID = 59, IsOpen = True }, checkPermissionServiceMock: Mock&lt;ICheckPermissionService:14&gt;, turnstilesRepositoryStub: Mock&lt;ITurnstilesRepository:8&gt;, sut: TurnstilesService { })" computerName="DESKTOP-TJ9D65N" duration="00:00:00.0353387" startTime="2022-10-15T20:11:20.6599944+03:00" endTime="2022-10-15T20:11:20.6599944+03:00" testType="13cdc9d9-ddb5-4fa4-a97d-d965ccfc6d4b" outcome="Passed" testListId="8c84fa94-04c1-424b-9868-57a2d4851a1d" relativeResultsDirectory="6b99aecd-e0ab-4046-8b6f-22f8f08b28af" />
    <UnitTestResult executionId="6ca27460-30a1-4bd7-8dd7-ffcf8dcd8971" testId="1ca07ad8-f799-c5d4-e7cc-34fd950198a2" testName="BL.Tests.UsersServiceTests.TestLogInOk" computerName="DESKTOP-TJ9D65N" duration="00:00:00.0035250" startTime="2022-10-15T20:11:20.7662614+03:00" endTime="2022-10-15T20:11:20.7662615+03:00" testType="13cdc9d9-ddb5-4fa4-a97d-d965ccfc6d4b" outcome="Passed" testListId="8c84fa94-04c1-424b-9868-57a2d4851a1d" relativeResultsDirectory="6ca27460-30a1-4bd7-8dd7-ffcf8dcd8971" />
    <UnitTestResult executionId="d2599ff0-59a7-49fc-a817-46f08f9ec875" testId="8184bd30-991c-b78d-b4ec-99a485eac0dd" testName="BL.Tests.UsersServiceTests.TestRegisterUserWithNoEmail" computerName="DESKTOP-TJ9D65N" duration="00:00:00.0043147" startTime="2022-10-15T20:11:20.7619094+03:00" endTime="2022-10-15T20:11:20.7619095+03:00" testType="13cdc9d9-ddb5-4fa4-a97d-d965ccfc6d4b" outcome="Passed" testListId="8c84fa94-04c1-424b-9868-57a2d4851a1d" relativeResultsDirectory="d2599ff0-59a7-49fc-a817-46f08f9ec875" />
    <UnitTestResult executionId="6be80ddf-9f68-4a44-a3b6-b439aea4771f" testId="cfd034e2-e7b9-0ad0-ab4f-b50f792ff475" testName="BL.Tests.LiftsServiceTest.TestAdminAddAutoIncrementLiftAsync(userID: 237, lift: Lift { LiftID = 178, LiftName = liftName2fdbaca3-7033-4b8d-ac77-86118fb57c01, IsOpen = True, SeatsAmount = 114, LiftingTime = 110, QueueTime = 40, ConnectedSlopes =  }, checkPermissionServiceMock: Mock&lt;ICheckPermissionService:5&gt;, liftsRepositoryStub: Mock&lt;ILiftsRepository:5&gt;, sut: LiftsService { })" computerName="DESKTOP-TJ9D65N" duration="00:00:00.0124886" startTime="2022-10-15T20:11:20.7636422+03:00" endTime="2022-10-15T20:11:20.7636422+03:00" testType="13cdc9d9-ddb5-4fa4-a97d-d965ccfc6d4b" outcome="Passed" testListId="8c84fa94-04c1-424b-9868-57a2d4851a1d" relativeResultsDirectory="6be80ddf-9f68-4a44-a3b6-b439aea4771f" />
    <UnitTestResult executionId="0b721cde-2348-4668-b06b-df276dfbeeee" testId="e5497347-2721-b7a6-0bd4-69a9921f6947" testName="BL.Tests.UsersServiceTests.TestAdminGetUserByIDAsync" computerName="DESKTOP-TJ9D65N" duration="00:00:00.0032801" startTime="2022-10-15T20:11:20.7703362+03:00" endTime="2022-10-15T20:11:20.7703363+03:00" testType="13cdc9d9-ddb5-4fa4-a97d-d965ccfc6d4b" outcome="Passed" testListId="8c84fa94-04c1-424b-9868-57a2d4851a1d" relativeResultsDirectory="0b721cde-2348-4668-b06b-df276dfbeeee" />
    <UnitTestResult executionId="31e7bfa1-3fdc-4d72-a5a4-a1f208eafb75" testId="8d83dca1-1303-9f76-0fc7-411b7c245487" testName="BL.Tests.LiftsSlopesServiceTests.TestAdminAddAutoIncrementLiftSlopeAsync(lift: Lift { LiftID = 189, LiftName = liftNameabc3887f-49e7-4e5b-97f9-0e6d7bf0e883, IsOpen = True, SeatsAmount = 113, LiftingTime = 223, QueueTime = 60, ConnectedSlopes =  }, slope: Slope { SlopeID = 209, SlopeName = slopeNameac32ae8f-0e71-464d-b7a2-0efc6866d9cf, IsOpen = False, DifficultyLevel = 19, ConnectedLifts =  }, slopesRepositoryStub: Mock&lt;ISlopesRepository:3&gt;, liftsRepositoryStub: Mock&lt;ILiftsRepository:8&gt;, liftsSlopesRepositoryStub: Mock&lt;ILiftsSlopesRepository:8&gt;)" computerName="DESKTOP-TJ9D65N" duration="00:00:00.0347220" startTime="2022-10-15T20:11:20.6546144+03:00" endTime="2022-10-15T20:11:20.6546540+03:00" testType="13cdc9d9-ddb5-4fa4-a97d-d965ccfc6d4b" outcome="Passed" testListId="8c84fa94-04c1-424b-9868-57a2d4851a1d" relativeResultsDirectory="31e7bfa1-3fdc-4d72-a5a4-a1f208eafb75" />
    <UnitTestResult executionId="0d4cf3e8-6ac2-4192-b683-e876eb0937cd" testId="a2e59116-cb53-1d70-9cb8-21c286516866" testName="BL.Tests.CheckPermissionsServiceTests.AuthorizedHasNoAccessToAdminFunctions" computerName="DESKTOP-TJ9D65N" duration="00:00:00.0091064" startTime="2022-10-15T20:11:20.7656457+03:00" endTime="2022-10-15T20:11:20.7656457+03:00" testType="13cdc9d9-ddb5-4fa4-a97d-d965ccfc6d4b" outcome="Passed" testListId="8c84fa94-04c1-424b-9868-57a2d4851a1d" relativeResultsDirectory="0d4cf3e8-6ac2-4192-b683-e876eb0937cd" />
    <UnitTestResult executionId="3aa5d19e-d728-4e40-bd49-ce28a6cf6779" testId="e3521de4-3068-b9d4-5114-2dd5d65f18ed" testName="BL.Tests.SlopesServiceTest.TestGetSlopesInfoAsync(userID: 76, initialSlopes: [Slope { SlopeID = 16, SlopeName = slopeNameaaffaf77-be2d-4db2-a50f-dfd84b01fc19, IsOpen = True, DifficultyLevel = 14, ConnectedLifts =  }, Slope { SlopeID = 177, SlopeName = slopeName1a907067-8606-452f-8204-ed99659950b8, IsOpen = False, DifficultyLevel = 205, ConnectedLifts =  }, Slope { SlopeID = 54, SlopeName = slopeNamefb8515eb-7535-40b7-ac2d-b4b5296a76f1, IsOpen = True, DifficultyLevel = 35, ConnectedLifts =  }], checkPermissionServiceMock: Mock&lt;ICheckPermissionService:7&gt;, slopesRepositoryStub: Mock&lt;ISlopesRepository:5&gt;, liftsSlopesRepositoryStub: Mock&lt;ILiftsSlopesRepository:10&gt;, sut: SlopesService { })" computerName="DESKTOP-TJ9D65N" duration="00:00:00.0157881" startTime="2022-10-15T20:11:20.7663048+03:00" endTime="2022-10-15T20:11:20.7663049+03:00" testType="13cdc9d9-ddb5-4fa4-a97d-d965ccfc6d4b" outcome="Passed" testListId="8c84fa94-04c1-424b-9868-57a2d4851a1d" relativeResultsDirectory="3aa5d19e-d728-4e40-bd49-ce28a6cf6779" />
    <UnitTestResult executionId="76260687-c95b-4074-ac05-60d76c25f733" testId="60bd668f-04df-da5e-b79b-5d9aedb5234d" testName="BL.Tests.CheckPermissionsServiceTests.SkiPatrolHasAccessToAdminSkiPatrolFunctions(functionName: &quot;MarkMessageReadByUserAsync&quot;)" computerName="DESKTOP-TJ9D65N" duration="00:00:00.0011906" startTime="2022-10-15T20:11:20.7653389+03:00" endTime="2022-10-15T20:11:20.7653389+03:00" testType="13cdc9d9-ddb5-4fa4-a97d-d965ccfc6d4b" outcome="Passed" testListId="8c84fa94-04c1-424b-9868-57a2d4851a1d" relativeResultsDirectory="76260687-c95b-4074-ac05-60d76c25f733" />
    <UnitTestResult executionId="90853377-b95e-4b39-8cff-310eb420de34" testId="18f8401f-b49b-25fe-5f9a-5022c3a3162b" testName="BL.Tests.SlopesServiceTest.TestAdminAddAutoIncrementSlopeAsync(userID: 27, slope: Slope { SlopeID = 170, SlopeName = slopeNamedd2f205a-6705-485a-8752-587de3de07b6, IsOpen = True, DifficultyLevel = 95, ConnectedLifts =  }, checkPermissionServiceMock: Mock&lt;ICheckPermissionService:10&gt;, slopesRepositoryStub: Mock&lt;ISlopesRepository:8&gt;, sut: SlopesService { })" computerName="DESKTOP-TJ9D65N" duration="00:00:00.0071464" startTime="2022-10-15T20:11:20.7644997+03:00" endTime="2022-10-15T20:11:20.7644997+03:00" testType="13cdc9d9-ddb5-4fa4-a97d-d965ccfc6d4b" outcome="Passed" testListId="8c84fa94-04c1-424b-9868-57a2d4851a1d" relativeResultsDirectory="90853377-b95e-4b39-8cff-310eb420de34" />
    <UnitTestResult executionId="26e04874-b325-47be-adc9-4969438238dd" testId="0eeef75f-6e38-7893-a8fe-cff3e0a970a7" testName="BL.Tests.UsersServiceTests.TestRegisterOk" computerName="DESKTOP-TJ9D65N" duration="00:00:00.0149215" startTime="2022-10-15T20:11:20.7656153+03:00" endTime="2022-10-15T20:11:20.7656154+03:00" testType="13cdc9d9-ddb5-4fa4-a97d-d965ccfc6d4b" outcome="Passed" testListId="8c84fa94-04c1-424b-9868-57a2d4851a1d" relativeResultsDirectory="26e04874-b325-47be-adc9-4969438238dd" />
    <UnitTestResult executionId="1fd1caf1-49da-483a-89f4-fad3c25d2e14" testId="1f5033b4-365a-350c-1e0e-9af11555afc2" testName="BL.Tests.LiftsServiceTest.TestAdminDeleteLiftAsync(userID: 55, lift: Lift { LiftID = 53, LiftName = liftName199d7c0b-338d-49c1-be80-f37ee03631dc, IsOpen = True, SeatsAmount = 168, LiftingTime = 191, QueueTime = 109, ConnectedSlopes =  }, checkPermissionServiceMock: Mock&lt;ICheckPermissionService:4&gt;, liftsRepositoryStub: Mock&lt;ILiftsRepository:4&gt;, liftsSlopesRepositoryStub: Mock&lt;ILiftsSlopesRepository:4&gt;, sut: LiftsService { })" computerName="DESKTOP-TJ9D65N" duration="00:00:00.0107281" startTime="2022-10-15T20:11:20.7644793+03:00" endTime="2022-10-15T20:11:20.7644794+03:00" testType="13cdc9d9-ddb5-4fa4-a97d-d965ccfc6d4b" outcome="Passed" testListId="8c84fa94-04c1-424b-9868-57a2d4851a1d" relativeResultsDirectory="1fd1caf1-49da-483a-89f4-fad3c25d2e14" />
    <UnitTestResult executionId="6bdb3145-28ec-47b3-9205-2a98e2e4076c" testId="2d01aaf7-b466-b35e-c376-fbd11f28b976" testName="BL.Tests.LiftsServiceTest.TestGetLiftsInfoAsync(userID: 106, initialLifts: [Lift { LiftID = 146, LiftName = liftName657c38d9-1e2a-45e2-89f1-6ed84dc96b9f, IsOpen = True, SeatsAmount = 98, LiftingTime = 134, QueueTime = 246, ConnectedSlopes =  }, Lift { LiftID = 177, LiftName = liftNamecb48163e-c8cb-48e6-9371-9ddb8bc55519, IsOpen = False, SeatsAmount = 149, LiftingTime = 12, QueueTime = 138, ConnectedSlopes =  }, Lift { LiftID = 209, LiftName = liftName326da65d-c765-4d2c-9876-a61000658032, IsOpen = True, SeatsAmount = 167, LiftingTime = 159, QueueTime = 184, ConnectedSlopes =  }], checkPermissionServiceMock: Mock&lt;ICheckPermissionService:2&gt;, liftsRepositoryStub: Mock&lt;ILiftsRepository:2&gt;, liftsSlopesRepositoryStub: Mock&lt;ILiftsSlopesRepository:2&gt;, sut: LiftsService { })" computerName="DESKTOP-TJ9D65N" duration="00:00:00.0715631" startTime="2022-10-15T20:11:20.6862691+03:00" endTime="2022-10-15T20:11:20.6862692+03:00" testType="13cdc9d9-ddb5-4fa4-a97d-d965ccfc6d4b" outcome="Passed" testListId="8c84fa94-04c1-424b-9868-57a2d4851a1d" relativeResultsDirectory="6bdb3145-28ec-47b3-9205-2a98e2e4076c" />
    <UnitTestResult executionId="3a51914d-a9f0-4935-9aaa-a3b62739bc7b" testId="20ad8570-0170-85de-dcd7-2f109dd7bcd6" testName="BL.Tests.UsersServiceTests.TestAdminGetUsers" computerName="DESKTOP-TJ9D65N" duration="00:00:00.0436271" startTime="2022-10-15T20:11:20.6600487+03:00" endTime="2022-10-15T20:11:20.6600488+03:00" testType="13cdc9d9-ddb5-4fa4-a97d-d965ccfc6d4b" outcome="Passed" testListId="8c84fa94-04c1-424b-9868-57a2d4851a1d" relativeResultsDirectory="3a51914d-a9f0-4935-9aaa-a3b62739bc7b" />
    <UnitTestResult executionId="e9598c04-0ea6-45d5-9ff4-e15ae96f4ff0" testId="644ec43e-70cd-c82d-42e7-0d990be1414d" testName="BL.Tests.CheckPermissionsServiceTests.AuthorizedHasAccessToAuthorizedFunctions(functionName: &quot;SendMessageAsync&quot;)" computerName="DESKTOP-TJ9D65N" duration="00:00:00.0021943" startTime="2022-10-15T20:11:20.7665762+03:00" endTime="2022-10-15T20:11:20.7665762+03:00" testType="13cdc9d9-ddb5-4fa4-a97d-d965ccfc6d4b" outcome="Passed" testListId="8c84fa94-04c1-424b-9868-57a2d4851a1d" relativeResultsDirectory="e9598c04-0ea6-45d5-9ff4-e15ae96f4ff0" />
    <UnitTestResult executionId="45f71b49-ab78-4f11-92d6-9da699897bdc" testId="39be9b5e-0bc4-57dc-37d3-aec6b520299d" testName="BL.Tests.LiftsSlopesServiceTests.TestGetLiftsSlopesInfoAsync(liftsSlopes: [LiftSlope { RecordID = 41, LiftID = 117, SlopeID = 210 }, LiftSlope { RecordID = 90, LiftID = 196, SlopeID = 87 }, LiftSlope { RecordID = 149, LiftID = 150, SlopeID = 31 }], slopesRepositoryStub: Mock&lt;ISlopesRepository:1&gt;, liftsRepositoryStub: Mock&lt;ILiftsRepository:6&gt;, liftsSlopesRepositoryStub: Mock&lt;ILiftsSlopesRepository:6&gt;)" computerName="DESKTOP-TJ9D65N" duration="00:00:00.0053503" startTime="2022-10-15T20:11:20.7620856+03:00" endTime="2022-10-15T20:11:20.7620857+03:00" testType="13cdc9d9-ddb5-4fa4-a97d-d965ccfc6d4b" outcome="Passed" testListId="8c84fa94-04c1-424b-9868-57a2d4851a1d" relativeResultsDirectory="45f71b49-ab78-4f11-92d6-9da699897bdc" />
    <UnitTestResult executionId="400adb43-8602-404c-9a47-87306342d540" testId="f75988d3-ef56-e2b8-0443-5d22629133a4" testName="BL.Tests.LiftsSlopesServiceTests.TestAdminDeleteLiftSlopeAsync(lift: Lift { LiftID = 147, LiftName = liftName7e66f25d-f3d5-4131-98d9-c9ed6a29cdf7, IsOpen = True, SeatsAmount = 160, LiftingTime = 248, QueueTime = 183, ConnectedSlopes =  }, slope: Slope { SlopeID = 213, SlopeName = slopeNamec580df91-090d-4968-bd9e-9ef219469798, IsOpen = False, DifficultyLevel = 162, ConnectedLifts =  }, slopesRepositoryStub: Mock&lt;ISlopesRepository:2&gt;, liftsRepositoryStub: Mock&lt;ILiftsRepository:7&gt;, liftsSlopesRepositoryStub: Mock&lt;ILiftsSlopesRepository:7&gt;)" computerName="DESKTOP-TJ9D65N" duration="00:00:00.0080614" startTime="2022-10-15T20:11:20.7637899+03:00" endTime="2022-10-15T20:11:20.7637900+03:00" testType="13cdc9d9-ddb5-4fa4-a97d-d965ccfc6d4b" outcome="Passed" testListId="8c84fa94-04c1-424b-9868-57a2d4851a1d" relativeResultsDirectory="400adb43-8602-404c-9a47-87306342d540" />
    <UnitTestResult executionId="c8fcbfc2-49d9-4f31-add1-786ebeb4f2d9" testId="b9a081ad-037b-7a6a-4206-55bbfe2428fb" testName="BL.Tests.SlopesServiceTest.TestAdminAddSlopeAsync(userID: 14, slope: Slope { SlopeID = 6, SlopeName = slopeName6d698c57-2fd4-4f9f-8ea1-9bf9f58e0b6a, IsOpen = True, DifficultyLevel = 50, ConnectedLifts =  }, checkPermissionServiceMock: Mock&lt;ICheckPermissionService:11&gt;, slopesRepositoryStub: Mock&lt;ISlopesRepository:9&gt;, sut: SlopesService { })" computerName="DESKTOP-TJ9D65N" duration="00:00:00.0049808" startTime="2022-10-15T20:11:20.7637716+03:00" endTime="2022-10-15T20:11:20.7637716+03:00" testType="13cdc9d9-ddb5-4fa4-a97d-d965ccfc6d4b" outcome="Passed" testListId="8c84fa94-04c1-424b-9868-57a2d4851a1d" relativeResultsDirectory="c8fcbfc2-49d9-4f31-add1-786ebeb4f2d9" />
    <UnitTestResult executionId="d112106a-a7a7-4fb0-883c-989593dc3287" testId="894941c1-bfa7-d8f9-c047-1e1ceefe2c2f" testName="BL.Tests.UsersServiceTests.TestRegisterUserWithRepeatedEmail" computerName="DESKTOP-TJ9D65N" duration="00:00:00.0040952" startTime="2022-10-15T20:11:20.7638381+03:00" endTime="2022-10-15T20:11:20.7638382+03:00" testType="13cdc9d9-ddb5-4fa4-a97d-d965ccfc6d4b" outcome="Passed" testListId="8c84fa94-04c1-424b-9868-57a2d4851a1d" relativeResultsDirectory="d112106a-a7a7-4fb0-883c-989593dc3287" />
    <UnitTestResult executionId="50885df9-1c32-440d-96ea-7d9c10453b9f" testId="834c739b-eca4-b36d-6a66-5a1bd75377b8" testName="BL.Tests.UsersServiceTests.TestAdminAddAutoIncrementUser" computerName="DESKTOP-TJ9D65N" duration="00:00:00.0055902" startTime="2022-10-15T20:11:20.7665648+03:00" endTime="2022-10-15T20:11:20.7665649+03:00" testType="13cdc9d9-ddb5-4fa4-a97d-d965ccfc6d4b" outcome="Passed" testListId="8c84fa94-04c1-424b-9868-57a2d4851a1d" relativeResultsDirectory="50885df9-1c32-440d-96ea-7d9c10453b9f" />
    <UnitTestResult executionId="6aeda55d-7b1a-4679-a050-3fc9ea7d8edb" testId="06d0bc3a-24a0-fb7f-4277-e9ae6d21c7dd" testName="BL.Tests.UsersServiceTests.TestAdminUpdateUser" computerName="DESKTOP-TJ9D65N" duration="00:00:00.0083053" startTime="2022-10-15T20:11:20.7646364+03:00" endTime="2022-10-15T20:11:20.7646365+03:00" testType="13cdc9d9-ddb5-4fa4-a97d-d965ccfc6d4b" outcome="Passed" testListId="8c84fa94-04c1-424b-9868-57a2d4851a1d" relativeResultsDirectory="6aeda55d-7b1a-4679-a050-3fc9ea7d8edb" />
    <UnitTestResult executionId="4082c731-39c0-4786-9fc2-2cf86a59ebaf" testId="18fa8c62-e27d-e1fc-8182-4d7db62b008d" testName="BL.Tests.UsersServiceTests.TestAdminDeleteUser" computerName="DESKTOP-TJ9D65N" duration="00:00:00.0028994" startTime="2022-10-15T20:11:20.7751583+03:00" endTime="2022-10-15T20:11:20.7751585+03:00" testType="13cdc9d9-ddb5-4fa4-a97d-d965ccfc6d4b" outcome="Passed" testListId="8c84fa94-04c1-424b-9868-57a2d4851a1d" relativeResultsDirectory="4082c731-39c0-4786-9fc2-2cf86a59ebaf" />
    <UnitTestResult executionId="472f83c1-82d9-435a-95b1-5e645e7471fb" testId="e9fa1bea-f712-ae22-3b95-6ce7ed16dff2" testName="BL.Tests.LiftsServiceTest.TestUpdateLiftInfoAsync(userID: 86, lift: Lift { LiftID = 28, LiftName = liftNamecabc2904-3fe7-40d3-acae-ac67fe5b8c9e, IsOpen = True, SeatsAmount = 4, LiftingTime = 84, QueueTime = 139, ConnectedSlopes =  }, checkPermissionServiceMock: Mock&lt;ICheckPermissionService:3&gt;, liftsRepositoryStub: Mock&lt;ILiftsRepository:3&gt;, sut: LiftsService { })" computerName="DESKTOP-TJ9D65N" duration="00:00:00.0077905" startTime="2022-10-15T20:11:20.7654375+03:00" endTime="2022-10-15T20:11:20.7654376+03:00" testType="13cdc9d9-ddb5-4fa4-a97d-d965ccfc6d4b" outcome="Passed" testListId="8c84fa94-04c1-424b-9868-57a2d4851a1d" relativeResultsDirectory="472f83c1-82d9-435a-95b1-5e645e7471fb" />
    <UnitTestResult executionId="fc162d05-a637-4ac3-88ae-004eed6967d8" testId="9c7df5e2-1b23-ebea-889f-b78ca86b60ab" testName="BL.Tests.CheckPermissionsServiceTests.AuthorizedHasNoAccessToAdminSkiPatrolFunctions(functionName: &quot;MarkMessageReadByUserAsync&quot;)" computerName="DESKTOP-TJ9D65N" duration="00:00:00.0011608" startTime="2022-10-15T20:11:20.7664791+03:00" endTime="2022-10-15T20:11:20.7664792+03:00" testType="13cdc9d9-ddb5-4fa4-a97d-d965ccfc6d4b" outcome="Passed" testListId="8c84fa94-04c1-424b-9868-57a2d4851a1d" relativeResultsDirectory="fc162d05-a637-4ac3-88ae-004eed6967d8" />
    <UnitTestResult executionId="347fb402-6db3-42f2-8cf8-1b39f6de8511" testId="eaabd2fc-2f4b-5689-59c8-c7ad34a8f634" testName="BL.Tests.CheckPermissionsServiceTests.UnauthorizedHasNoAccessToAuthorizedFunctions(functionName: &quot;SendMessageAsync&quot;)" computerName="DESKTOP-TJ9D65N" duration="00:00:00.0031210" startTime="2022-10-15T20:11:20.7637222+03:00" endTime="2022-10-15T20:11:20.7637222+03:00" testType="13cdc9d9-ddb5-4fa4-a97d-d965ccfc6d4b" outcome="Passed" testListId="8c84fa94-04c1-424b-9868-57a2d4851a1d" relativeResultsDirectory="347fb402-6db3-42f2-8cf8-1b39f6de8511" />
    <UnitTestResult executionId="c7157056-4a33-469e-9110-c3e741be338a" testId="aa28a6b3-21d3-aa45-24d3-bef2facbc899" testName="BL.Tests.CheckPermissionsServiceTests.AuthorizedHasAccessToAuthorizedFunctions(functionName: &quot;LogOutAsync&quot;)" computerName="DESKTOP-TJ9D65N" duration="00:00:00.0009009" startTime="2022-10-15T20:11:20.7681583+03:00" endTime="2022-10-15T20:11:20.7681584+03:00" testType="13cdc9d9-ddb5-4fa4-a97d-d965ccfc6d4b" outcome="Passed" testListId="8c84fa94-04c1-424b-9868-57a2d4851a1d" relativeResultsDirectory="c7157056-4a33-469e-9110-c3e741be338a" />
    <UnitTestResult executionId="e9a49d6d-f513-4934-8bc5-f0c7ad3e9431" testId="69340bb6-3645-f9dd-971e-29d8b2a009bb" testName="BL.Tests.UsersServiceTests.TestLogInWithWrongPassword" computerName="DESKTOP-TJ9D65N" duration="00:00:00.0021600" startTime="2022-10-15T20:11:20.7664616+03:00" endTime="2022-10-15T20:11:20.7664617+03:00" testType="13cdc9d9-ddb5-4fa4-a97d-d965ccfc6d4b" outcome="Passed" testListId="8c84fa94-04c1-424b-9868-57a2d4851a1d" relativeResultsDirectory="e9a49d6d-f513-4934-8bc5-f0c7ad3e9431" />
    <UnitTestResult executionId="2cbec949-e244-4ac2-9eff-6dbdec07a1e1" testId="917808d9-d555-0530-3572-3e011b98a572" testName="BL.Tests.TurnstilesServiceTest.TestAdminDeleteTurnstileAsync(userID: 80, turnstile: Turnstile { TurnstileID = 17, LiftID = 99, IsOpen = True }, checkPermissionServiceMock: Mock&lt;ICheckPermissionService:15&gt;, turnstilesRepositoryStub: Mock&lt;ITurnstilesRepository:9&gt;, sut: TurnstilesService { })" computerName="DESKTOP-TJ9D65N" duration="00:00:00.0057668" startTime="2022-10-15T20:11:20.7637036+03:00" endTime="2022-10-15T20:11:20.7637036+03:00" testType="13cdc9d9-ddb5-4fa4-a97d-d965ccfc6d4b" outcome="Passed" testListId="8c84fa94-04c1-424b-9868-57a2d4851a1d" relativeResultsDirectory="2cbec949-e244-4ac2-9eff-6dbdec07a1e1" />
    <UnitTestResult executionId="cba11578-e600-4a1d-a533-0a0bff193d77" testId="229812f5-9a73-5335-11f5-31330d1348a5" testName="BL.Tests.CheckPermissionsServiceTests.UnauthorizedHasNoAccessToAdminSkiPatrolFunctions(functionName: &quot;GetMessagesAsync&quot;)" computerName="DESKTOP-TJ9D65N" duration="00:00:00.0016057" startTime="2022-10-15T20:11:20.7621547+03:00" endTime="2022-10-15T20:11:20.7621548+03:00" testType="13cdc9d9-ddb5-4fa4-a97d-d965ccfc6d4b" outcome="Passed" testListId="8c84fa94-04c1-424b-9868-57a2d4851a1d" relativeResultsDirectory="cba11578-e600-4a1d-a533-0a0bff193d77" />
    <UnitTestResult executionId="141f5b07-9e06-4ee4-ba20-160e9d475d4c" testId="f44a1b21-8efc-bfac-63b4-d534442def31" testName="BL.Tests.UsersServiceTests.TestRegisterUserWithNoPassword" computerName="DESKTOP-TJ9D65N" duration="00:00:00.0017092" startTime="2022-10-15T20:11:20.7625350+03:00" endTime="2022-10-15T20:11:20.7625351+03:00" testType="13cdc9d9-ddb5-4fa4-a97d-d965ccfc6d4b" outcome="Passed" testListId="8c84fa94-04c1-424b-9868-57a2d4851a1d" relativeResultsDirectory="141f5b07-9e06-4ee4-ba20-160e9d475d4c" />
    <UnitTestResult executionId="b89ccd0c-82c6-41ab-ac3d-371fff5f00a4" testId="ef0dbb9b-a951-cd79-cf92-c25bcb83f6ea" testName="BL.Tests.SlopesServiceTest.TestGetSlopeInfoAsync(userID: 141, slope: Slope { SlopeID = 254, SlopeName = slopeNamedccf8806-9fd0-4a82-9a76-c35938b83ec3, IsOpen = True, DifficultyLevel = 139, ConnectedLifts =  }, checkPermissionServiceMock: Mock&lt;ICheckPermissionService:6&gt;, slopesRepositoryStub: Mock&lt;ISlopesRepository:4&gt;, liftsSlopesRepositoryStub: Mock&lt;ILiftsSlopesRepository:9&gt;, sut: SlopesService { })" computerName="DESKTOP-TJ9D65N" duration="00:00:00.0070280" startTime="2022-10-15T20:11:20.7653946+03:00" endTime="2022-10-15T20:11:20.7653947+03:00" testType="13cdc9d9-ddb5-4fa4-a97d-d965ccfc6d4b" outcome="Passed" testListId="8c84fa94-04c1-424b-9868-57a2d4851a1d" relativeResultsDirectory="b89ccd0c-82c6-41ab-ac3d-371fff5f00a4" />
    <UnitTestResult executionId="5bae420e-19f8-4d5a-94a1-8f33b9a1f197" testId="a19a5fcf-c5d2-7d44-5d7d-84403042f4e0" testName="BL.Tests.CheckPermissionsServiceTests.UnauthorizedHasNoAccessToAdminSkiPatrolFunctions(functionName: &quot;MarkMessageReadByUserAsync&quot;)" computerName="DESKTOP-TJ9D65N" duration="00:00:00.0347336" startTime="2022-10-15T20:11:20.6599778+03:00" endTime="2022-10-15T20:11:20.6599779+03:00" testType="13cdc9d9-ddb5-4fa4-a97d-d965ccfc6d4b" outcome="Passed" testListId="8c84fa94-04c1-424b-9868-57a2d4851a1d" relativeResultsDirectory="5bae420e-19f8-4d5a-94a1-8f33b9a1f197" />
    <UnitTestResult executionId="7d9a2a9c-5abc-4b59-bb3e-6de7cc95bf4c" testId="2d706594-f2b3-b3c8-21d4-86c9798c3306" testName="BL.Tests.CheckPermissionsServiceTests.SkiPatrolHasAccessToAdminSkiPatrolFunctions(functionName: &quot;GetLiftsSlopesInfoAsync&quot;)" computerName="DESKTOP-TJ9D65N" duration="00:00:00.0057283" startTime="2022-10-15T20:11:20.7646576+03:00" endTime="2022-10-15T20:11:20.7646577+03:00" testType="13cdc9d9-ddb5-4fa4-a97d-d965ccfc6d4b" outcome="Passed" testListId="8c84fa94-04c1-424b-9868-57a2d4851a1d" relativeResultsDirectory="7d9a2a9c-5abc-4b59-bb3e-6de7cc95bf4c" />
    <UnitTestResult executionId="01dd36ae-fff9-4efa-9ea9-f9cf8ba5ca29" testId="387c9729-48c1-486e-5e67-f5d11a9f0db8" testName="BL.Tests.CheckPermissionsServiceTests.UnauthorizedHasNoAccessToAdminSkiPatrolFunctions(functionName: &quot;GetLiftsSlopesInfoAsync&quot;)" computerName="DESKTOP-TJ9D65N" duration="00:00:00.0021605" startTime="2022-10-15T20:11:20.7618779+03:00" endTime="2022-10-15T20:11:20.7618780+03:00" testType="13cdc9d9-ddb5-4fa4-a97d-d965ccfc6d4b" outcome="Passed" testListId="8c84fa94-04c1-424b-9868-57a2d4851a1d" relativeResultsDirectory="01dd36ae-fff9-4efa-9ea9-f9cf8ba5ca29" />
    <UnitTestResult executionId="a1557888-af9f-4236-af3c-5fddade1b1fa" testId="492c0393-35b4-df26-a537-21ca08302f3c" testName="BL.Tests.CheckPermissionsServiceTests.SkiPatrolHasNoAccessToAdminFunctions" computerName="DESKTOP-TJ9D65N" duration="00:00:00.0027541" startTime="2022-10-15T20:11:20.7775103+03:00" endTime="2022-10-15T20:11:20.7775105+03:00" testType="13cdc9d9-ddb5-4fa4-a97d-d965ccfc6d4b" outcome="Passed" testListId="8c84fa94-04c1-424b-9868-57a2d4851a1d" relativeResultsDirectory="a1557888-af9f-4236-af3c-5fddade1b1fa" />
    <UnitTestResult executionId="3b457ea8-d0b3-4034-a99b-9bbbf506f911" testId="e2d7e5be-3dae-33ae-fb17-c704b6fd58d6" testName="BL.Tests.CheckPermissionsServiceTests.UnauthorizedHasNoAccessToAdminFunctions" computerName="DESKTOP-TJ9D65N" duration="00:00:00.0023248" startTime="2022-10-15T20:11:20.7725184+03:00" endTime="2022-10-15T20:11:20.7725185+03:00" testType="13cdc9d9-ddb5-4fa4-a97d-d965ccfc6d4b" outcome="Passed" testListId="8c84fa94-04c1-424b-9868-57a2d4851a1d" relativeResultsDirectory="3b457ea8-d0b3-4034-a99b-9bbbf506f911" />
    <UnitTestResult executionId="50fc86a9-a324-4627-a2d5-1fe78687b5dd" testId="a089a787-eb9b-16ae-f76c-6d3ba5abed5a" testName="BL.Tests.LiftsServiceTest.TestGetLiftInfoAsync(userID: 174, lift: Lift { LiftID = 173, LiftName = liftName77404805-0185-4ebb-a377-a621df1e11da, IsOpen = True, SeatsAmount = 199, LiftingTime = 21, QueueTime = 169, ConnectedSlopes =  }, checkPermissionServiceMock: Mock&lt;ICheckPermissionService:1&gt;, liftsRepositoryStub: Mock&lt;ILiftsRepository:1&gt;, liftsSlopesRepositoryStub: Mock&lt;ILiftsSlopesRepository:1&gt;, sut: LiftsService { })" computerName="DESKTOP-TJ9D65N" duration="00:00:00.0116241" startTime="2022-10-15T20:11:20.7656937+03:00" endTime="2022-10-15T20:11:20.7656937+03:00" testType="13cdc9d9-ddb5-4fa4-a97d-d965ccfc6d4b" outcome="Passed" testListId="8c84fa94-04c1-424b-9868-57a2d4851a1d" relativeResultsDirectory="50fc86a9-a324-4627-a2d5-1fe78687b5dd" />
    <UnitTestResult executionId="de22c6ff-32fc-4c6e-ab53-ec2a9d4e279f" testId="4f297306-d4f3-8d63-e7f4-1ac0b8c58c74" testName="BL.Tests.CheckPermissionsServiceTests.AuthorizedHasNoAccessToAdminSkiPatrolFunctions(functionName: &quot;GetLiftsSlopesInfoAsync&quot;)" computerName="DESKTOP-TJ9D65N" duration="00:00:00.0009644" startTime="2022-10-15T20:11:20.7665255+03:00" endTime="2022-10-15T20:11:20.7665255+03:00" testType="13cdc9d9-ddb5-4fa4-a97d-d965ccfc6d4b" outcome="Passed" testListId="8c84fa94-04c1-424b-9868-57a2d4851a1d" relativeResultsDirectory="de22c6ff-32fc-4c6e-ab53-ec2a9d4e279f" />
    <UnitTestResult executionId="55407350-0c61-471f-bdf9-71b4572b6f90" testId="f3efc418-a8a6-c7b7-9bac-90b33aa8472f" testName="BL.Tests.CheckPermissionsServiceTests.AdminHasAccessToAllFunctions" computerName="DESKTOP-TJ9D65N" duration="00:00:00.0015749" startTime="2022-10-15T20:11:20.7811290+03:00" endTime="2022-10-15T20:11:20.7811291+03:00" testType="13cdc9d9-ddb5-4fa4-a97d-d965ccfc6d4b" outcome="Passed" testListId="8c84fa94-04c1-424b-9868-57a2d4851a1d" relativeResultsDirectory="55407350-0c61-471f-bdf9-71b4572b6f90" />
    <UnitTestResult executionId="e4c1b002-4906-4428-b429-9d2670738440" testId="0d4a9e18-a967-29bd-73bb-10ca49ef5777" testName="BL.Tests.SlopesServiceTest.TestUpdateSlopeInfoAsync(userID: 17, slope: Slope { SlopeID = 240, SlopeName = slopeName77adcf7d-879f-44c0-b58d-3cbab5037c2c, IsOpen = True, DifficultyLevel = 239, ConnectedLifts =  }, checkPermissionServiceMock: Mock&lt;ICheckPermissionService:8&gt;, slopesRepositoryStub: Mock&lt;ISlopesRepository:6&gt;, sut: SlopesService { })" computerName="DESKTOP-TJ9D65N" duration="00:00:00.0358449" startTime="2022-10-15T20:11:20.6599091+03:00" endTime="2022-10-15T20:11:20.6599093+03:00" testType="13cdc9d9-ddb5-4fa4-a97d-d965ccfc6d4b" outcome="Passed" testListId="8c84fa94-04c1-424b-9868-57a2d4851a1d" relativeResultsDirectory="e4c1b002-4906-4428-b429-9d2670738440" />
    <UnitTestResult executionId="b6da7f78-1c75-445c-84e4-b992446f171e" testId="fc506bfb-cdde-149e-f9dc-eec8266c5f52" testName="BL.Tests.TurnstilesServiceTest.TestAdminGetTurnstilesAsync(userID: 81, initialTurnstiles: [Turnstile { TurnstileID = 77, LiftID = 209, IsOpen = True }, Turnstile { TurnstileID = 186, LiftID = 141, IsOpen = False }, Turnstile { TurnstileID = 239, LiftID = 117, IsOpen = True }], checkPermissionServiceMock: Mock&lt;ICheckPermissionService:13&gt;, turnstilesRepositoryStub: Mock&lt;ITurnstilesRepository:7&gt;, sut: TurnstilesService { })" computerName="DESKTOP-TJ9D65N" duration="00:00:00.0049235" startTime="2022-10-15T20:11:20.7619370+03:00" endTime="2022-10-15T20:11:20.7619370+03:00" testType="13cdc9d9-ddb5-4fa4-a97d-d965ccfc6d4b" outcome="Passed" testListId="8c84fa94-04c1-424b-9868-57a2d4851a1d" relativeResultsDirectory="b6da7f78-1c75-445c-84e4-b992446f171e" />
    <UnitTestResult executionId="f53e164a-9202-44b3-a0ab-e30414da6231" testId="107dd12a-62b8-a5b1-9702-be7c62fd9087" testName="BL.Tests.TurnstilesServiceTest.TestAdminGetTurnstileAsync(userID: 82, turnstile: Turnstile { TurnstileID = 215, LiftID = 109, IsOpen = True }, checkPermissionServiceMock: Mock&lt;ICheckPermissionService:12&gt;, turnstilesRepositoryStub: Mock&lt;ITurnstilesRepository:6&gt;, sut: TurnstilesService { })" computerName="DESKTOP-TJ9D65N" duration="00:00:00.0050552" startTime="2022-10-15T20:11:20.7646744+03:00" endTime="2022-10-15T20:11:20.7646744+03:00" testType="13cdc9d9-ddb5-4fa4-a97d-d965ccfc6d4b" outcome="Passed" testListId="8c84fa94-04c1-424b-9868-57a2d4851a1d" relativeResultsDirectory="f53e164a-9202-44b3-a0ab-e30414da6231" />
    <UnitTestResult executionId="aead1360-d949-4924-b96d-63310919b713" testId="fa960c5e-f989-2880-784e-8efe538c5231" testName="BL.Tests.CheckPermissionsServiceTests.UnauthorizedHasNoAccessToAuthorizedFunctions(functionName: &quot;LogOutAsync&quot;)" computerName="DESKTOP-TJ9D65N" duration="00:00:00.0016321" startTime="2022-10-15T20:11:20.7643126+03:00" endTime="2022-10-15T20:11:20.7643127+03:00" testType="13cdc9d9-ddb5-4fa4-a97d-d965ccfc6d4b" outcome="Passed" testListId="8c84fa94-04c1-424b-9868-57a2d4851a1d" relativeResultsDirectory="aead1360-d949-4924-b96d-63310919b713" />
    <UnitTestResult executionId="ced139c6-1b77-405b-bcad-bb173b0ed6f0" testId="c36970dc-93f7-753e-fa47-157133b01644" testName="BL.Tests.CheckPermissionsServiceTests.SkiPatrolHasAccessToAdminSkiPatrolFunctions(functionName: &quot;GetMessagesAsync&quot;)" computerName="DESKTOP-TJ9D65N" duration="00:00:00.0011804" startTime="2022-10-15T20:11:20.7654592+03:00" endTime="2022-10-15T20:11:20.7654593+03:00" testType="13cdc9d9-ddb5-4fa4-a97d-d965ccfc6d4b" outcome="Passed" testListId="8c84fa94-04c1-424b-9868-57a2d4851a1d" relativeResultsDirectory="ced139c6-1b77-405b-bcad-bb173b0ed6f0" />
  </Results>
  <TestDefinitions>
    <UnitTest name="BL.Tests.UsersServiceTests.TestAdminAddAutoIncrementUser" storage="c:\users\alena\desktop\7_sem\testing_and_debugging\skiresort\bl.tests\bin\debug\net6.0\bl.tests.dll" id="834c739b-eca4-b36d-6a66-5a1bd75377b8">
      <Execution id="50885df9-1c32-440d-96ea-7d9c10453b9f" />
      <TestMethod codeBase="C:\Users\alena\Desktop\7_sem\testing_and_debugging\SkiResort\BL.Tests\bin\Debug\net6.0\BL.Tests.dll" adapterTypeName="executor://xunit/VsTestRunner2/netcoreapp" className="BL.Tests.UsersServiceTests" name="TestAdminAddAutoIncrementUser" />
    </UnitTest>
    <UnitTest name="BL.Tests.CheckPermissionsServiceTests.SkiPatrolHasAccessToAdminSkiPatrolFunctions(functionName: &quot;MarkMessageReadByUserAsync&quot;)" storage="c:\users\alena\desktop\7_sem\testing_and_debugging\skiresort\bl.tests\bin\debug\net6.0\bl.tests.dll" id="60bd668f-04df-da5e-b79b-5d9aedb5234d">
      <Execution id="76260687-c95b-4074-ac05-60d76c25f733" />
      <TestMethod codeBase="C:\Users\alena\Desktop\7_sem\testing_and_debugging\SkiResort\BL.Tests\bin\Debug\net6.0\BL.Tests.dll" adapterTypeName="executor://xunit/VsTestRunner2/netcoreapp" className="BL.Tests.CheckPermissionsServiceTests" name="SkiPatrolHasAccessToAdminSkiPatrolFunctions" />
    </UnitTest>
    <UnitTest name="BL.Tests.CheckPermissionsServiceTests.AuthorizedHasAccessToAuthorizedFunctions(functionName: &quot;SendMessageAsync&quot;)" storage="c:\users\alena\desktop\7_sem\testing_and_debugging\skiresort\bl.tests\bin\debug\net6.0\bl.tests.dll" id="644ec43e-70cd-c82d-42e7-0d990be1414d">
      <Execution id="e9598c04-0ea6-45d5-9ff4-e15ae96f4ff0" />
      <TestMethod codeBase="C:\Users\alena\Desktop\7_sem\testing_and_debugging\SkiResort\BL.Tests\bin\Debug\net6.0\BL.Tests.dll" adapterTypeName="executor://xunit/VsTestRunner2/netcoreapp" className="BL.Tests.CheckPermissionsServiceTests" name="AuthorizedHasAccessToAuthorizedFunctions" />
    </UnitTest>
    <UnitTest name="BL.Tests.LiftsServiceTest.TestAdminDeleteLiftAsync(userID: 55, lift: Lift { LiftID = 53, LiftName = liftName199d7c0b-338d-49c1-be80-f37ee03631dc, IsOpen = True, SeatsAmount = 168, LiftingTime = 191, QueueTime = 109, ConnectedSlopes =  }, checkPermissionServiceMock: Mock&lt;ICheckPermissionService:4&gt;, liftsRepositoryStub: Mock&lt;ILiftsRepository:4&gt;, liftsSlopesRepositoryStub: Mock&lt;ILiftsSlopesRepository:4&gt;, sut: LiftsService { })" storage="c:\users\alena\desktop\7_sem\testing_and_debugging\skiresort\bl.tests\bin\debug\net6.0\bl.tests.dll" id="1f5033b4-365a-350c-1e0e-9af11555afc2">
      <Execution id="1fd1caf1-49da-483a-89f4-fad3c25d2e14" />
      <TestMethod codeBase="C:\Users\alena\Desktop\7_sem\testing_and_debugging\SkiResort\BL.Tests\bin\Debug\net6.0\BL.Tests.dll" adapterTypeName="executor://xunit/VsTestRunner2/netcoreapp" className="BL.Tests.LiftsServiceTest" name="TestAdminDeleteLiftAsync" />
    </UnitTest>
    <UnitTest name="BL.Tests.TurnstilesServiceTest.TestAdminGetTurnstilesAsync(userID: 81, initialTurnstiles: [Turnstile { TurnstileID = 77, LiftID = 209, IsOpen = True }, Turnstile { TurnstileID = 186, LiftID = 141, IsOpen = False }, Turnstile { TurnstileID = 239, LiftID = 117, IsOpen = True }], checkPermissionServiceMock: Mock&lt;ICheckPermissionService:13&gt;, turnstilesRepositoryStub: Mock&lt;ITurnstilesRepository:7&gt;, sut: TurnstilesService { })" storage="c:\users\alena\desktop\7_sem\testing_and_debugging\skiresort\bl.tests\bin\debug\net6.0\bl.tests.dll" id="fc506bfb-cdde-149e-f9dc-eec8266c5f52">
      <Execution id="b6da7f78-1c75-445c-84e4-b992446f171e" />
      <TestMethod codeBase="C:\Users\alena\Desktop\7_sem\testing_and_debugging\SkiResort\BL.Tests\bin\Debug\net6.0\BL.Tests.dll" adapterTypeName="executor://xunit/VsTestRunner2/netcoreapp" className="BL.Tests.TurnstilesServiceTest" name="TestAdminGetTurnstilesAsync" />
    </UnitTest>
    <UnitTest name="BL.Tests.CheckPermissionsServiceTests.AuthorizedHasNoAccessToAdminSkiPatrolFunctions(functionName: &quot;MarkMessageReadByUserAsync&quot;)" storage="c:\users\alena\desktop\7_sem\testing_and_debugging\skiresort\bl.tests\bin\debug\net6.0\bl.tests.dll" id="9c7df5e2-1b23-ebea-889f-b78ca86b60ab">
      <Execution id="fc162d05-a637-4ac3-88ae-004eed6967d8" />
      <TestMethod codeBase="C:\Users\alena\Desktop\7_sem\testing_and_debugging\SkiResort\BL.Tests\bin\Debug\net6.0\BL.Tests.dll" adapterTypeName="executor://xunit/VsTestRunner2/netcoreapp" className="BL.Tests.CheckPermissionsServiceTests" name="AuthorizedHasNoAccessToAdminSkiPatrolFunctions" />
    </UnitTest>
    <UnitTest name="BL.Tests.LiftsSlopesServiceTests.TestAdminDeleteLiftSlopeAsync(lift: Lift { LiftID = 147, LiftName = liftName7e66f25d-f3d5-4131-98d9-c9ed6a29cdf7, IsOpen = True, SeatsAmount = 160, LiftingTime = 248, QueueTime = 183, ConnectedSlopes =  }, slope: Slope { SlopeID = 213, SlopeName = slopeNamec580df91-090d-4968-bd9e-9ef219469798, IsOpen = False, DifficultyLevel = 162, ConnectedLifts =  }, slopesRepositoryStub: Mock&lt;ISlopesRepository:2&gt;, liftsRe..." storage="c:\users\alena\desktop\7_sem\testing_and_debugging\skiresort\bl.tests\bin\debug\net6.0\bl.tests.dll" id="f75988d3-ef56-e2b8-0443-5d22629133a4">
      <Execution id="400adb43-8602-404c-9a47-87306342d540" />
      <TestMethod codeBase="C:\Users\alena\Desktop\7_sem\testing_and_debugging\SkiResort\BL.Tests\bin\Debug\net6.0\BL.Tests.dll" adapterTypeName="executor://xunit/VsTestRunner2/netcoreapp" className="BL.Tests.LiftsSlopesServiceTests" name="TestAdminDeleteLiftSlopeAsync" />
    </UnitTest>
    <UnitTest name="BL.Tests.CheckPermissionsServiceTests.UnauthorizedHasNoAccessToAuthorizedFunctions(functionName: &quot;SendMessageAsync&quot;)" storage="c:\users\alena\desktop\7_sem\testing_and_debugging\skiresort\bl.tests\bin\debug\net6.0\bl.tests.dll" id="eaabd2fc-2f4b-5689-59c8-c7ad34a8f634">
      <Execution id="347fb402-6db3-42f2-8cf8-1b39f6de8511" />
      <TestMethod codeBase="C:\Users\alena\Desktop\7_sem\testing_and_debugging\SkiResort\BL.Tests\bin\Debug\net6.0\BL.Tests.dll" adapterTypeName="executor://xunit/VsTestRunner2/netcoreapp" className="BL.Tests.CheckPermissionsServiceTests" name="UnauthorizedHasNoAccessToAuthorizedFunctions" />
    </UnitTest>
    <UnitTest name="BL.Tests.CheckPermissionsServiceTests.AdminHasAccessToAllFunctions" storage="c:\users\alena\desktop\7_sem\testing_and_debugging\skiresort\bl.tests\bin\debug\net6.0\bl.tests.dll" id="f3efc418-a8a6-c7b7-9bac-90b33aa8472f">
      <Execution id="55407350-0c61-471f-bdf9-71b4572b6f90" />
      <TestMethod codeBase="C:\Users\alena\Desktop\7_sem\testing_and_debugging\SkiResort\BL.Tests\bin\Debug\net6.0\BL.Tests.dll" adapterTypeName="executor://xunit/VsTestRunner2/netcoreapp" className="BL.Tests.CheckPermissionsServiceTests" name="AdminHasAccessToAllFunctions" />
    </UnitTest>
    <UnitTest name="BL.Tests.UsersServiceTests.TestLogInOk" storage="c:\users\alena\desktop\7_sem\testing_and_debugging\skiresort\bl.tests\bin\debug\net6.0\bl.tests.dll" id="1ca07ad8-f799-c5d4-e7cc-34fd950198a2">
      <Execution id="6ca27460-30a1-4bd7-8dd7-ffcf8dcd8971" />
      <TestMethod codeBase="C:\Users\alena\Desktop\7_sem\testing_and_debugging\SkiResort\BL.Tests\bin\Debug\net6.0\BL.Tests.dll" adapterTypeName="executor://xunit/VsTestRunner2/netcoreapp" className="BL.Tests.UsersServiceTests" name="TestLogInOk" />
    </UnitTest>
    <UnitTest name="BL.Tests.CheckPermissionsServiceTests.UnauthorizedHasNoAccessToAdminSkiPatrolFunctions(functionName: &quot;MarkMessageReadByUserAsync&quot;)" storage="c:\users\alena\desktop\7_sem\testing_and_debugging\skiresort\bl.tests\bin\debug\net6.0\bl.tests.dll" id="a19a5fcf-c5d2-7d44-5d7d-84403042f4e0">
      <Execution id="5bae420e-19f8-4d5a-94a1-8f33b9a1f197" />
      <TestMethod codeBase="C:\Users\alena\Desktop\7_sem\testing_and_debugging\SkiResort\BL.Tests\bin\Debug\net6.0\BL.Tests.dll" adapterTypeName="executor://xunit/VsTestRunner2/netcoreapp" className="BL.Tests.CheckPermissionsServiceTests" name="UnauthorizedHasNoAccessToAdminSkiPatrolFunctions" />
    </UnitTest>
    <UnitTest name="BL.Tests.LiftsSlopesServiceTests.TestGetLiftsSlopesInfoAsync(liftsSlopes: [LiftSlope { RecordID = 41, LiftID = 117, SlopeID = 210 }, LiftSlope { RecordID = 90, LiftID = 196, SlopeID = 87 }, LiftSlope { RecordID = 149, LiftID = 150, SlopeID = 31 }], slopesRepositoryStub: Mock&lt;ISlopesRepository:1&gt;, liftsRepositoryStub: Mock&lt;ILiftsRepository:6&gt;, liftsSlopesRepositoryStub: Mock&lt;ILiftsSlopesRepository:6&gt;)" storage="c:\users\alena\desktop\7_sem\testing_and_debugging\skiresort\bl.tests\bin\debug\net6.0\bl.tests.dll" id="39be9b5e-0bc4-57dc-37d3-aec6b520299d">
      <Execution id="45f71b49-ab78-4f11-92d6-9da699897bdc" />
      <TestMethod codeBase="C:\Users\alena\Desktop\7_sem\testing_and_debugging\SkiResort\BL.Tests\bin\Debug\net6.0\BL.Tests.dll" adapterTypeName="executor://xunit/VsTestRunner2/netcoreapp" className="BL.Tests.LiftsSlopesServiceTests" name="TestGetLiftsSlopesInfoAsync" />
    </UnitTest>
    <UnitTest name="BL.Tests.SlopesServiceTest.TestAdminDeleteSlopeAsync(userID: 182, slope: Slope { SlopeID = 167, SlopeName = slopeName518bfdc7-7aab-4f4d-a2e0-f1e9c5ac68f2, IsOpen = True, DifficultyLevel = 23, ConnectedLifts =  }, checkPermissionServiceMock: Mock&lt;ICheckPermissionService:9&gt;, slopesRepositoryStub: Mock&lt;ISlopesRepository:7&gt;, liftsSlopesRepositoryStub: Mock&lt;ILiftsSlopesRepository:12&gt;, sut: SlopesService { })" storage="c:\users\alena\desktop\7_sem\testing_and_debugging\skiresort\bl.tests\bin\debug\net6.0\bl.tests.dll" id="fa90b0ed-1874-143b-b965-53077121868c">
      <Execution id="5dad12d6-4383-4ff6-9e3b-8af92d6d2c4c" />
      <TestMethod codeBase="C:\Users\alena\Desktop\7_sem\testing_and_debugging\SkiResort\BL.Tests\bin\Debug\net6.0\BL.Tests.dll" adapterTypeName="executor://xunit/VsTestRunner2/netcoreapp" className="BL.Tests.SlopesServiceTest" name="TestAdminDeleteSlopeAsync" />
    </UnitTest>
    <UnitTest name="BL.Tests.CheckPermissionsServiceTests.AuthorizedHasAccessToAuthorizedFunctions(functionName: &quot;LogOutAsync&quot;)" storage="c:\users\alena\desktop\7_sem\testing_and_debugging\skiresort\bl.tests\bin\debug\net6.0\bl.tests.dll" id="aa28a6b3-21d3-aa45-24d3-bef2facbc899">
      <Execution id="c7157056-4a33-469e-9110-c3e741be338a" />
      <TestMethod codeBase="C:\Users\alena\Desktop\7_sem\testing_and_debugging\SkiResort\BL.Tests\bin\Debug\net6.0\BL.Tests.dll" adapterTypeName="executor://xunit/VsTestRunner2/netcoreapp" className="BL.Tests.CheckPermissionsServiceTests" name="AuthorizedHasAccessToAuthorizedFunctions" />
    </UnitTest>
    <UnitTest name="BL.Tests.TurnstilesServiceTest.TestAdminDeleteTurnstileAsync(userID: 80, turnstile: Turnstile { TurnstileID = 17, LiftID = 99, IsOpen = True }, checkPermissionServiceMock: Mock&lt;ICheckPermissionService:15&gt;, turnstilesRepositoryStub: Mock&lt;ITurnstilesRepository:9&gt;, sut: TurnstilesService { })" storage="c:\users\alena\desktop\7_sem\testing_and_debugging\skiresort\bl.tests\bin\debug\net6.0\bl.tests.dll" id="917808d9-d555-0530-3572-3e011b98a572">
      <Execution id="2cbec949-e244-4ac2-9eff-6dbdec07a1e1" />
      <TestMethod codeBase="C:\Users\alena\Desktop\7_sem\testing_and_debugging\SkiResort\BL.Tests\bin\Debug\net6.0\BL.Tests.dll" adapterTypeName="executor://xunit/VsTestRunner2/netcoreapp" className="BL.Tests.TurnstilesServiceTest" name="TestAdminDeleteTurnstileAsync" />
    </UnitTest>
    <UnitTest name="BL.Tests.CheckPermissionsServiceTests.SkiPatrolHasAccessToAdminSkiPatrolFunctions(functionName: &quot;GetMessagesAsync&quot;)" storage="c:\users\alena\desktop\7_sem\testing_and_debugging\skiresort\bl.tests\bin\debug\net6.0\bl.tests.dll" id="c36970dc-93f7-753e-fa47-157133b01644">
      <Execution id="ced139c6-1b77-405b-bcad-bb173b0ed6f0" />
      <TestMethod codeBase="C:\Users\alena\Desktop\7_sem\testing_and_debugging\SkiResort\BL.Tests\bin\Debug\net6.0\BL.Tests.dll" adapterTypeName="executor://xunit/VsTestRunner2/netcoreapp" className="BL.Tests.CheckPermissionsServiceTests" name="SkiPatrolHasAccessToAdminSkiPatrolFunctions" />
    </UnitTest>
    <UnitTest name="BL.Tests.CheckPermissionsServiceTests.AuthorizedHasNoAccessToAdminFunctions" storage="c:\users\alena\desktop\7_sem\testing_and_debugging\skiresort\bl.tests\bin\debug\net6.0\bl.tests.dll" id="a2e59116-cb53-1d70-9cb8-21c286516866">
      <Execution id="0d4cf3e8-6ac2-4192-b683-e876eb0937cd" />
      <TestMethod codeBase="C:\Users\alena\Desktop\7_sem\testing_and_debugging\SkiResort\BL.Tests\bin\Debug\net6.0\BL.Tests.dll" adapterTypeName="executor://xunit/VsTestRunner2/netcoreapp" className="BL.Tests.CheckPermissionsServiceTests" name="AuthorizedHasNoAccessToAdminFunctions" />
    </UnitTest>
    <UnitTest name="BL.Tests.TurnstilesServiceTest.TestAdminAddAutoIncrementTurnstileAsync(userID: 50, turnstile: Turnstile { TurnstileID = 234, LiftID = 220, IsOpen = True }, checkPermissionServiceMock: Mock&lt;ICheckPermissionService:16&gt;, turnstilesRepositoryStub: Mock&lt;ITurnstilesRepository:10&gt;, sut: TurnstilesService { })" storage="c:\users\alena\desktop\7_sem\testing_and_debugging\skiresort\bl.tests\bin\debug\net6.0\bl.tests.dll" id="75b00ce7-ab36-3193-f8c7-5e2f1203ada1">
      <Execution id="5c38d04a-3b46-4c0c-86a1-320054b89dce" />
      <TestMethod codeBase="C:\Users\alena\Desktop\7_sem\testing_and_debugging\SkiResort\BL.Tests\bin\Debug\net6.0\BL.Tests.dll" adapterTypeName="executor://xunit/VsTestRunner2/netcoreapp" className="BL.Tests.TurnstilesServiceTest" name="TestAdminAddAutoIncrementTurnstileAsync" />
    </UnitTest>
    <UnitTest name="BL.Tests.CheckPermissionsServiceTests.SkiPatrolHasAccessToAdminSkiPatrolFunctions(functionName: &quot;GetLiftsSlopesInfoAsync&quot;)" storage="c:\users\alena\desktop\7_sem\testing_and_debugging\skiresort\bl.tests\bin\debug\net6.0\bl.tests.dll" id="2d706594-f2b3-b3c8-21d4-86c9798c3306">
      <Execution id="7d9a2a9c-5abc-4b59-bb3e-6de7cc95bf4c" />
      <TestMethod codeBase="C:\Users\alena\Desktop\7_sem\testing_and_debugging\SkiResort\BL.Tests\bin\Debug\net6.0\BL.Tests.dll" adapterTypeName="executor://xunit/VsTestRunner2/netcoreapp" className="BL.Tests.CheckPermissionsServiceTests" name="SkiPatrolHasAccessToAdminSkiPatrolFunctions" />
    </UnitTest>
    <UnitTest name="BL.Tests.CheckPermissionsServiceTests.AuthorizedHasNoAccessToAdminSkiPatrolFunctions(functionName: &quot;GetLiftsSlopesInfoAsync&quot;)" storage="c:\users\alena\desktop\7_sem\testing_and_debugging\skiresort\bl.tests\bin\debug\net6.0\bl.tests.dll" id="4f297306-d4f3-8d63-e7f4-1ac0b8c58c74">
      <Execution id="de22c6ff-32fc-4c6e-ab53-ec2a9d4e279f" />
      <TestMethod codeBase="C:\Users\alena\Desktop\7_sem\testing_and_debugging\SkiResort\BL.Tests\bin\Debug\net6.0\BL.Tests.dll" adapterTypeName="executor://xunit/VsTestRunner2/netcoreapp" className="BL.Tests.CheckPermissionsServiceTests" name="AuthorizedHasNoAccessToAdminSkiPatrolFunctions" />
    </UnitTest>
    <UnitTest name="BL.Tests.CheckPermissionsServiceTests.UnauthorizedHasNoAccessToAdminSkiPatrolFunctions(functionName: &quot;GetLiftsSlopesInfoAsync&quot;)" storage="c:\users\alena\desktop\7_sem\testing_and_debugging\skiresort\bl.tests\bin\debug\net6.0\bl.tests.dll" id="387c9729-48c1-486e-5e67-f5d11a9f0db8">
      <Execution id="01dd36ae-fff9-4efa-9ea9-f9cf8ba5ca29" />
      <TestMethod codeBase="C:\Users\alena\Desktop\7_sem\testing_and_debugging\SkiResort\BL.Tests\bin\Debug\net6.0\BL.Tests.dll" adapterTypeName="executor://xunit/VsTestRunner2/netcoreapp" className="BL.Tests.CheckPermissionsServiceTests" name="UnauthorizedHasNoAccessToAdminSkiPatrolFunctions" />
    </UnitTest>
    <UnitTest name="BL.Tests.UsersServiceTests.TestRegisterUserWithRepeatedEmail" storage="c:\users\alena\desktop\7_sem\testing_and_debugging\skiresort\bl.tests\bin\debug\net6.0\bl.tests.dll" id="894941c1-bfa7-d8f9-c047-1e1ceefe2c2f">
      <Execution id="d112106a-a7a7-4fb0-883c-989593dc3287" />
      <TestMethod codeBase="C:\Users\alena\Desktop\7_sem\testing_and_debugging\SkiResort\BL.Tests\bin\Debug\net6.0\BL.Tests.dll" adapterTypeName="executor://xunit/VsTestRunner2/netcoreapp" className="BL.Tests.UsersServiceTests" name="TestRegisterUserWithRepeatedEmail" />
    </UnitTest>
    <UnitTest name="BL.Tests.CheckPermissionsServiceTests.UnauthorizedHasNoAccessToAdminFunctions" storage="c:\users\alena\desktop\7_sem\testing_and_debugging\skiresort\bl.tests\bin\debug\net6.0\bl.tests.dll" id="e2d7e5be-3dae-33ae-fb17-c704b6fd58d6">
      <Execution id="3b457ea8-d0b3-4034-a99b-9bbbf506f911" />
      <TestMethod codeBase="C:\Users\alena\Desktop\7_sem\testing_and_debugging\SkiResort\BL.Tests\bin\Debug\net6.0\BL.Tests.dll" adapterTypeName="executor://xunit/VsTestRunner2/netcoreapp" className="BL.Tests.CheckPermissionsServiceTests" name="UnauthorizedHasNoAccessToAdminFunctions" />
    </UnitTest>
    <UnitTest name="BL.Tests.UsersServiceTests.TestRegisterUserWithNoPassword" storage="c:\users\alena\desktop\7_sem\testing_and_debugging\skiresort\bl.tests\bin\debug\net6.0\bl.tests.dll" id="f44a1b21-8efc-bfac-63b4-d534442def31">
      <Execution id="141f5b07-9e06-4ee4-ba20-160e9d475d4c" />
      <TestMethod codeBase="C:\Users\alena\Desktop\7_sem\testing_and_debugging\SkiResort\BL.Tests\bin\Debug\net6.0\BL.Tests.dll" adapterTypeName="executor://xunit/VsTestRunner2/netcoreapp" className="BL.Tests.UsersServiceTests" name="TestRegisterUserWithNoPassword" />
    </UnitTest>
    <UnitTest name="BL.Tests.LiftsServiceTest.TestGetLiftInfoAsync(userID: 174, lift: Lift { LiftID = 173, LiftName = liftName77404805-0185-4ebb-a377-a621df1e11da, IsOpen = True, SeatsAmount = 199, LiftingTime = 21, QueueTime = 169, ConnectedSlopes =  }, checkPermissionServiceMock: Mock&lt;ICheckPermissionService:1&gt;, liftsRepositoryStub: Mock&lt;ILiftsRepository:1&gt;, liftsSlopesRepositoryStub: Mock&lt;ILiftsSlopesRepository:1&gt;, sut: LiftsService { })" storage="c:\users\alena\desktop\7_sem\testing_and_debugging\skiresort\bl.tests\bin\debug\net6.0\bl.tests.dll" id="a089a787-eb9b-16ae-f76c-6d3ba5abed5a">
      <Execution id="50fc86a9-a324-4627-a2d5-1fe78687b5dd" />
      <TestMethod codeBase="C:\Users\alena\Desktop\7_sem\testing_and_debugging\SkiResort\BL.Tests\bin\Debug\net6.0\BL.Tests.dll" adapterTypeName="executor://xunit/VsTestRunner2/netcoreapp" className="BL.Tests.LiftsServiceTest" name="TestGetLiftInfoAsync" />
    </UnitTest>
    <UnitTest name="BL.Tests.LiftsSlopesServiceTests.TestAdminAddAutoIncrementLiftSlopeAsync(lift: Lift { LiftID = 189, LiftName = liftNameabc3887f-49e7-4e5b-97f9-0e6d7bf0e883, IsOpen = True, SeatsAmount = 113, LiftingTime = 223, QueueTime = 60, ConnectedSlopes =  }, slope: Slope { SlopeID = 209, SlopeName = slopeNameac32ae8f-0e71-464d-b7a2-0efc6866d9cf, IsOpen = False, DifficultyLevel = 19, ConnectedLifts =  }, slopesRepositoryStub: Mock&lt;ISlopesRepository:3&gt;,..." storage="c:\users\alena\desktop\7_sem\testing_and_debugging\skiresort\bl.tests\bin\debug\net6.0\bl.tests.dll" id="8d83dca1-1303-9f76-0fc7-411b7c245487">
      <Execution id="31e7bfa1-3fdc-4d72-a5a4-a1f208eafb75" />
      <TestMethod codeBase="C:\Users\alena\Desktop\7_sem\testing_and_debugging\SkiResort\BL.Tests\bin\Debug\net6.0\BL.Tests.dll" adapterTypeName="executor://xunit/VsTestRunner2/netcoreapp" className="BL.Tests.LiftsSlopesServiceTests" name="TestAdminAddAutoIncrementLiftSlopeAsync" />
    </UnitTest>
    <UnitTest name="BL.Tests.CheckPermissionsServiceTests.SkiPatrolHasNoAccessToAdminFunctions" storage="c:\users\alena\desktop\7_sem\testing_and_debugging\skiresort\bl.tests\bin\debug\net6.0\bl.tests.dll" id="492c0393-35b4-df26-a537-21ca08302f3c">
      <Execution id="a1557888-af9f-4236-af3c-5fddade1b1fa" />
      <TestMethod codeBase="C:\Users\alena\Desktop\7_sem\testing_and_debugging\SkiResort\BL.Tests\bin\Debug\net6.0\BL.Tests.dll" adapterTypeName="executor://xunit/VsTestRunner2/netcoreapp" className="BL.Tests.CheckPermissionsServiceTests" name="SkiPatrolHasNoAccessToAdminFunctions" />
    </UnitTest>
    <UnitTest name="BL.Tests.UsersServiceTests.TestAdminDeleteUser" storage="c:\users\alena\desktop\7_sem\testing_and_debugging\skiresort\bl.tests\bin\debug\net6.0\bl.tests.dll" id="18fa8c62-e27d-e1fc-8182-4d7db62b008d">
      <Execution id="4082c731-39c0-4786-9fc2-2cf86a59ebaf" />
      <TestMethod codeBase="C:\Users\alena\Desktop\7_sem\testing_and_debugging\SkiResort\BL.Tests\bin\Debug\net6.0\BL.Tests.dll" adapterTypeName="executor://xunit/VsTestRunner2/netcoreapp" className="BL.Tests.UsersServiceTests" name="TestAdminDeleteUser" />
    </UnitTest>
    <UnitTest name="BL.Tests.UsersServiceTests.TestLogInWithWrongPassword" storage="c:\users\alena\desktop\7_sem\testing_and_debugging\skiresort\bl.tests\bin\debug\net6.0\bl.tests.dll" id="69340bb6-3645-f9dd-971e-29d8b2a009bb">
      <Execution id="e9a49d6d-f513-4934-8bc5-f0c7ad3e9431" />
      <TestMethod codeBase="C:\Users\alena\Desktop\7_sem\testing_and_debugging\SkiResort\BL.Tests\bin\Debug\net6.0\BL.Tests.dll" adapterTypeName="executor://xunit/VsTestRunner2/netcoreapp" className="BL.Tests.UsersServiceTests" name="TestLogInWithWrongPassword" />
    </UnitTest>
    <UnitTest name="BL.Tests.LiftsServiceTest.TestUpdateLiftInfoAsync(userID: 86, lift: Lift { LiftID = 28, LiftName = liftNamecabc2904-3fe7-40d3-acae-ac67fe5b8c9e, IsOpen = True, SeatsAmount = 4, LiftingTime = 84, QueueTime = 139, ConnectedSlopes =  }, checkPermissionServiceMock: Mock&lt;ICheckPermissionService:3&gt;, liftsRepositoryStub: Mock&lt;ILiftsRepository:3&gt;, sut: LiftsService { })" storage="c:\users\alena\desktop\7_sem\testing_and_debugging\skiresort\bl.tests\bin\debug\net6.0\bl.tests.dll" id="e9fa1bea-f712-ae22-3b95-6ce7ed16dff2">
      <Execution id="472f83c1-82d9-435a-95b1-5e645e7471fb" />
      <TestMethod codeBase="C:\Users\alena\Desktop\7_sem\testing_and_debugging\SkiResort\BL.Tests\bin\Debug\net6.0\BL.Tests.dll" adapterTypeName="executor://xunit/VsTestRunner2/netcoreapp" className="BL.Tests.LiftsServiceTest" name="TestUpdateLiftInfoAsync" />
    </UnitTest>
    <UnitTest name="BL.Tests.TurnstilesServiceTest.TestAdminGetTurnstileAsync(userID: 82, turnstile: Turnstile { TurnstileID = 215, LiftID = 109, IsOpen = True }, checkPermissionServiceMock: Mock&lt;ICheckPermissionService:12&gt;, turnstilesRepositoryStub: Mock&lt;ITurnstilesRepository:6&gt;, sut: TurnstilesService { })" storage="c:\users\alena\desktop\7_sem\testing_and_debugging\skiresort\bl.tests\bin\debug\net6.0\bl.tests.dll" id="107dd12a-62b8-a5b1-9702-be7c62fd9087">
      <Execution id="f53e164a-9202-44b3-a0ab-e30414da6231" />
      <TestMethod codeBase="C:\Users\alena\Desktop\7_sem\testing_and_debugging\SkiResort\BL.Tests\bin\Debug\net6.0\BL.Tests.dll" adapterTypeName="executor://xunit/VsTestRunner2/netcoreapp" className="BL.Tests.TurnstilesServiceTest" name="TestAdminGetTurnstileAsync" />
    </UnitTest>
    <UnitTest name="BL.Tests.CheckPermissionsServiceTests.UnauthorizedHasNoAccessToAdminSkiPatrolFunctions(functionName: &quot;GetMessagesAsync&quot;)" storage="c:\users\alena\desktop\7_sem\testing_and_debugging\skiresort\bl.tests\bin\debug\net6.0\bl.tests.dll" id="229812f5-9a73-5335-11f5-31330d1348a5">
      <Execution id="cba11578-e600-4a1d-a533-0a0bff193d77" />
      <TestMethod codeBase="C:\Users\alena\Desktop\7_sem\testing_and_debugging\SkiResort\BL.Tests\bin\Debug\net6.0\BL.Tests.dll" adapterTypeName="executor://xunit/VsTestRunner2/netcoreapp" className="BL.Tests.CheckPermissionsServiceTests" name="UnauthorizedHasNoAccessToAdminSkiPatrolFunctions" />
    </UnitTest>
    <UnitTest name="BL.Tests.SlopesServiceTest.TestUpdateSlopeInfoAsync(userID: 17, slope: Slope { SlopeID = 240, SlopeName = slopeName77adcf7d-879f-44c0-b58d-3cbab5037c2c, IsOpen = True, DifficultyLevel = 239, ConnectedLifts =  }, checkPermissionServiceMock: Mock&lt;ICheckPermissionService:8&gt;, slopesRepositoryStub: Mock&lt;ISlopesRepository:6&gt;, sut: SlopesService { })" storage="c:\users\alena\desktop\7_sem\testing_and_debugging\skiresort\bl.tests\bin\debug\net6.0\bl.tests.dll" id="0d4a9e18-a967-29bd-73bb-10ca49ef5777">
      <Execution id="e4c1b002-4906-4428-b429-9d2670738440" />
      <TestMethod codeBase="C:\Users\alena\Desktop\7_sem\testing_and_debugging\SkiResort\BL.Tests\bin\Debug\net6.0\BL.Tests.dll" adapterTypeName="executor://xunit/VsTestRunner2/netcoreapp" className="BL.Tests.SlopesServiceTest" name="TestUpdateSlopeInfoAsync" />
    </UnitTest>
    <UnitTest name="BL.Tests.LiftsServiceTest.TestAdminAddAutoIncrementLiftAsync(userID: 237, lift: Lift { LiftID = 178, LiftName = liftName2fdbaca3-7033-4b8d-ac77-86118fb57c01, IsOpen = True, SeatsAmount = 114, LiftingTime = 110, QueueTime = 40, ConnectedSlopes =  }, checkPermissionServiceMock: Mock&lt;ICheckPermissionService:5&gt;, liftsRepositoryStub: Mock&lt;ILiftsRepository:5&gt;, sut: LiftsService { })" storage="c:\users\alena\desktop\7_sem\testing_and_debugging\skiresort\bl.tests\bin\debug\net6.0\bl.tests.dll" id="cfd034e2-e7b9-0ad0-ab4f-b50f792ff475">
      <Execution id="6be80ddf-9f68-4a44-a3b6-b439aea4771f" />
      <TestMethod codeBase="C:\Users\alena\Desktop\7_sem\testing_and_debugging\SkiResort\BL.Tests\bin\Debug\net6.0\BL.Tests.dll" adapterTypeName="executor://xunit/VsTestRunner2/netcoreapp" className="BL.Tests.LiftsServiceTest" name="TestAdminAddAutoIncrementLiftAsync" />
    </UnitTest>
    <UnitTest name="BL.Tests.UsersServiceTests.TestRegisterUserWithNoEmail" storage="c:\users\alena\desktop\7_sem\testing_and_debugging\skiresort\bl.tests\bin\debug\net6.0\bl.tests.dll" id="8184bd30-991c-b78d-b4ec-99a485eac0dd">
      <Execution id="d2599ff0-59a7-49fc-a817-46f08f9ec875" />
      <TestMethod codeBase="C:\Users\alena\Desktop\7_sem\testing_and_debugging\SkiResort\BL.Tests\bin\Debug\net6.0\BL.Tests.dll" adapterTypeName="executor://xunit/VsTestRunner2/netcoreapp" className="BL.Tests.UsersServiceTests" name="TestRegisterUserWithNoEmail" />
    </UnitTest>
    <UnitTest name="BL.Tests.CheckPermissionsServiceTests.AuthorizedHasNoAccessToAdminSkiPatrolFunctions(functionName: &quot;GetMessagesAsync&quot;)" storage="c:\users\alena\desktop\7_sem\testing_and_debugging\skiresort\bl.tests\bin\debug\net6.0\bl.tests.dll" id="2602613f-c8e2-a6d9-fcf7-5b27d4a770a6">
      <Execution id="8d916308-72e2-4971-88e8-9a5c9a205dcf" />
      <TestMethod codeBase="C:\Users\alena\Desktop\7_sem\testing_and_debugging\SkiResort\BL.Tests\bin\Debug\net6.0\BL.Tests.dll" adapterTypeName="executor://xunit/VsTestRunner2/netcoreapp" className="BL.Tests.CheckPermissionsServiceTests" name="AuthorizedHasNoAccessToAdminSkiPatrolFunctions" />
    </UnitTest>
    <UnitTest name="BL.Tests.TurnstilesServiceTest.TestAdminUpdateTurnstileAsync(userID: 51, turnstile: Turnstile { TurnstileID = 204, LiftID = 59, IsOpen = True }, checkPermissionServiceMock: Mock&lt;ICheckPermissionService:14&gt;, turnstilesRepositoryStub: Mock&lt;ITurnstilesRepository:8&gt;, sut: TurnstilesService { })" storage="c:\users\alena\desktop\7_sem\testing_and_debugging\skiresort\bl.tests\bin\debug\net6.0\bl.tests.dll" id="f5be7f5f-150b-f830-7ff4-4c61f942c51b">
      <Execution id="6b99aecd-e0ab-4046-8b6f-22f8f08b28af" />
      <TestMethod codeBase="C:\Users\alena\Desktop\7_sem\testing_and_debugging\SkiResort\BL.Tests\bin\Debug\net6.0\BL.Tests.dll" adapterTypeName="executor://xunit/VsTestRunner2/netcoreapp" className="BL.Tests.TurnstilesServiceTest" name="TestAdminUpdateTurnstileAsync" />
    </UnitTest>
    <UnitTest name="BL.Tests.UsersServiceTests.TestRegisterOk" storage="c:\users\alena\desktop\7_sem\testing_and_debugging\skiresort\bl.tests\bin\debug\net6.0\bl.tests.dll" id="0eeef75f-6e38-7893-a8fe-cff3e0a970a7">
      <Execution id="26e04874-b325-47be-adc9-4969438238dd" />
      <TestMethod codeBase="C:\Users\alena\Desktop\7_sem\testing_and_debugging\SkiResort\BL.Tests\bin\Debug\net6.0\BL.Tests.dll" adapterTypeName="executor://xunit/VsTestRunner2/netcoreapp" className="BL.Tests.UsersServiceTests" name="TestRegisterOk" />
    </UnitTest>
    <UnitTest name="BL.Tests.SlopesServiceTest.TestGetSlopeInfoAsync(userID: 141, slope: Slope { SlopeID = 254, SlopeName = slopeNamedccf8806-9fd0-4a82-9a76-c35938b83ec3, IsOpen = True, DifficultyLevel = 139, ConnectedLifts =  }, checkPermissionServiceMock: Mock&lt;ICheckPermissionService:6&gt;, slopesRepositoryStub: Mock&lt;ISlopesRepository:4&gt;, liftsSlopesRepositoryStub: Mock&lt;ILiftsSlopesRepository:9&gt;, sut: SlopesService { })" storage="c:\users\alena\desktop\7_sem\testing_and_debugging\skiresort\bl.tests\bin\debug\net6.0\bl.tests.dll" id="ef0dbb9b-a951-cd79-cf92-c25bcb83f6ea">
      <Execution id="b89ccd0c-82c6-41ab-ac3d-371fff5f00a4" />
      <TestMethod codeBase="C:\Users\alena\Desktop\7_sem\testing_and_debugging\SkiResort\BL.Tests\bin\Debug\net6.0\BL.Tests.dll" adapterTypeName="executor://xunit/VsTestRunner2/netcoreapp" className="BL.Tests.SlopesServiceTest" name="TestGetSlopeInfoAsync" />
    </UnitTest>
    <UnitTest name="BL.Tests.CheckPermissionsServiceTests.UnauthorizedHasNoAccessToAuthorizedFunctions(functionName: &quot;LogOutAsync&quot;)" storage="c:\users\alena\desktop\7_sem\testing_and_debugging\skiresort\bl.tests\bin\debug\net6.0\bl.tests.dll" id="fa960c5e-f989-2880-784e-8efe538c5231">
      <Execution id="aead1360-d949-4924-b96d-63310919b713" />
      <TestMethod codeBase="C:\Users\alena\Desktop\7_sem\testing_and_debugging\SkiResort\BL.Tests\bin\Debug\net6.0\BL.Tests.dll" adapterTypeName="executor://xunit/VsTestRunner2/netcoreapp" className="BL.Tests.CheckPermissionsServiceTests" name="UnauthorizedHasNoAccessToAuthorizedFunctions" />
    </UnitTest>
    <UnitTest name="BL.Tests.SlopesServiceTest.TestGetSlopesInfoAsync(userID: 76, initialSlopes: [Slope { SlopeID = 16, SlopeName = slopeNameaaffaf77-be2d-4db2-a50f-dfd84b01fc19, IsOpen = True, DifficultyLevel = 14, ConnectedLifts =  }, Slope { SlopeID = 177, SlopeName = slopeName1a907067-8606-452f-8204-ed99659950b8, IsOpen = False, DifficultyLevel = 205, ConnectedLifts =  }, Slope { SlopeID = 54, SlopeName = slopeNamefb8515eb-7535-40b7-ac2d-b4b5296a76f1, IsOp..." storage="c:\users\alena\desktop\7_sem\testing_and_debugging\skiresort\bl.tests\bin\debug\net6.0\bl.tests.dll" id="e3521de4-3068-b9d4-5114-2dd5d65f18ed">
      <Execution id="3aa5d19e-d728-4e40-bd49-ce28a6cf6779" />
      <TestMethod codeBase="C:\Users\alena\Desktop\7_sem\testing_and_debugging\SkiResort\BL.Tests\bin\Debug\net6.0\BL.Tests.dll" adapterTypeName="executor://xunit/VsTestRunner2/netcoreapp" className="BL.Tests.SlopesServiceTest" name="TestGetSlopesInfoAsync" />
    </UnitTest>
    <UnitTest name="BL.Tests.SlopesServiceTest.TestAdminAddSlopeAsync(userID: 14, slope: Slope { SlopeID = 6, SlopeName = slopeName6d698c57-2fd4-4f9f-8ea1-9bf9f58e0b6a, IsOpen = True, DifficultyLevel = 50, ConnectedLifts =  }, checkPermissionServiceMock: Mock&lt;ICheckPermissionService:11&gt;, slopesRepositoryStub: Mock&lt;ISlopesRepository:9&gt;, sut: SlopesService { })" storage="c:\users\alena\desktop\7_sem\testing_and_debugging\skiresort\bl.tests\bin\debug\net6.0\bl.tests.dll" id="b9a081ad-037b-7a6a-4206-55bbfe2428fb">
      <Execution id="c8fcbfc2-49d9-4f31-add1-786ebeb4f2d9" />
      <TestMethod codeBase="C:\Users\alena\Desktop\7_sem\testing_and_debugging\SkiResort\BL.Tests\bin\Debug\net6.0\BL.Tests.dll" adapterTypeName="executor://xunit/VsTestRunner2/netcoreapp" className="BL.Tests.SlopesServiceTest" name="TestAdminAddSlopeAsync" />
    </UnitTest>
    <UnitTest name="BL.Tests.UsersServiceTests.TestAdminUpdateUser" storage="c:\users\alena\desktop\7_sem\testing_and_debugging\skiresort\bl.tests\bin\debug\net6.0\bl.tests.dll" id="06d0bc3a-24a0-fb7f-4277-e9ae6d21c7dd">
      <Execution id="6aeda55d-7b1a-4679-a050-3fc9ea7d8edb" />
      <TestMethod codeBase="C:\Users\alena\Desktop\7_sem\testing_and_debugging\SkiResort\BL.Tests\bin\Debug\net6.0\BL.Tests.dll" adapterTypeName="executor://xunit/VsTestRunner2/netcoreapp" className="BL.Tests.UsersServiceTests" name="TestAdminUpdateUser" />
    </UnitTest>
    <UnitTest name="BL.Tests.LiftsServiceTest.TestGetLiftsInfoAsync(userID: 106, initialLifts: [Lift { LiftID = 146, LiftName = liftName657c38d9-1e2a-45e2-89f1-6ed84dc96b9f, IsOpen = True, SeatsAmount = 98, LiftingTime = 134, QueueTime = 246, ConnectedSlopes =  }, Lift { LiftID = 177, LiftName = liftNamecb48163e-c8cb-48e6-9371-9ddb8bc55519, IsOpen = False, SeatsAmount = 149, LiftingTime = 12, QueueTime = 138, ConnectedSlopes =  }, Lift { LiftID = 209, LiftName..." storage="c:\users\alena\desktop\7_sem\testing_and_debugging\skiresort\bl.tests\bin\debug\net6.0\bl.tests.dll" id="2d01aaf7-b466-b35e-c376-fbd11f28b976">
      <Execution id="6bdb3145-28ec-47b3-9205-2a98e2e4076c" />
      <TestMethod codeBase="C:\Users\alena\Desktop\7_sem\testing_and_debugging\SkiResort\BL.Tests\bin\Debug\net6.0\BL.Tests.dll" adapterTypeName="executor://xunit/VsTestRunner2/netcoreapp" className="BL.Tests.LiftsServiceTest" name="TestGetLiftsInfoAsync" />
    </UnitTest>
    <UnitTest name="BL.Tests.SlopesServiceTest.TestAdminAddAutoIncrementSlopeAsync(userID: 27, slope: Slope { SlopeID = 170, SlopeName = slopeNamedd2f205a-6705-485a-8752-587de3de07b6, IsOpen = True, DifficultyLevel = 95, ConnectedLifts =  }, checkPermissionServiceMock: Mock&lt;ICheckPermissionService:10&gt;, slopesRepositoryStub: Mock&lt;ISlopesRepository:8&gt;, sut: SlopesService { })" storage="c:\users\alena\desktop\7_sem\testing_and_debugging\skiresort\bl.tests\bin\debug\net6.0\bl.tests.dll" id="18f8401f-b49b-25fe-5f9a-5022c3a3162b">
      <Execution id="90853377-b95e-4b39-8cff-310eb420de34" />
      <TestMethod codeBase="C:\Users\alena\Desktop\7_sem\testing_and_debugging\SkiResort\BL.Tests\bin\Debug\net6.0\BL.Tests.dll" adapterTypeName="executor://xunit/VsTestRunner2/netcoreapp" className="BL.Tests.SlopesServiceTest" name="TestAdminAddAutoIncrementSlopeAsync" />
    </UnitTest>
    <UnitTest name="BL.Tests.UsersServiceTests.TestAdminGetUserByIDAsync" storage="c:\users\alena\desktop\7_sem\testing_and_debugging\skiresort\bl.tests\bin\debug\net6.0\bl.tests.dll" id="e5497347-2721-b7a6-0bd4-69a9921f6947">
      <Execution id="0b721cde-2348-4668-b06b-df276dfbeeee" />
      <TestMethod codeBase="C:\Users\alena\Desktop\7_sem\testing_and_debugging\SkiResort\BL.Tests\bin\Debug\net6.0\BL.Tests.dll" adapterTypeName="executor://xunit/VsTestRunner2/netcoreapp" className="BL.Tests.UsersServiceTests" name="TestAdminGetUserByIDAsync" />
    </UnitTest>
    <UnitTest name="BL.Tests.UsersServiceTests.TestAdminGetUsers" storage="c:\users\alena\desktop\7_sem\testing_and_debugging\skiresort\bl.tests\bin\debug\net6.0\bl.tests.dll" id="20ad8570-0170-85de-dcd7-2f109dd7bcd6">
      <Execution id="3a51914d-a9f0-4935-9aaa-a3b62739bc7b" />
      <TestMethod codeBase="C:\Users\alena\Desktop\7_sem\testing_and_debugging\SkiResort\BL.Tests\bin\Debug\net6.0\BL.Tests.dll" adapterTypeName="executor://xunit/VsTestRunner2/netcoreapp" className="BL.Tests.UsersServiceTests" name="TestAdminGetUsers" />
    </UnitTest>
  </TestDefinitions>
  <TestEntries>
    <TestEntry testId="2602613f-c8e2-a6d9-fcf7-5b27d4a770a6" executionId="8d916308-72e2-4971-88e8-9a5c9a205dcf" testListId="8c84fa94-04c1-424b-9868-57a2d4851a1d" />
    <TestEntry testId="75b00ce7-ab36-3193-f8c7-5e2f1203ada1" executionId="5c38d04a-3b46-4c0c-86a1-320054b89dce" testListId="8c84fa94-04c1-424b-9868-57a2d4851a1d" />
    <TestEntry testId="fa90b0ed-1874-143b-b965-53077121868c" executionId="5dad12d6-4383-4ff6-9e3b-8af92d6d2c4c" testListId="8c84fa94-04c1-424b-9868-57a2d4851a1d" />
    <TestEntry testId="f5be7f5f-150b-f830-7ff4-4c61f942c51b" executionId="6b99aecd-e0ab-4046-8b6f-22f8f08b28af" testListId="8c84fa94-04c1-424b-9868-57a2d4851a1d" />
    <TestEntry testId="1ca07ad8-f799-c5d4-e7cc-34fd950198a2" executionId="6ca27460-30a1-4bd7-8dd7-ffcf8dcd8971" testListId="8c84fa94-04c1-424b-9868-57a2d4851a1d" />
    <TestEntry testId="8184bd30-991c-b78d-b4ec-99a485eac0dd" executionId="d2599ff0-59a7-49fc-a817-46f08f9ec875" testListId="8c84fa94-04c1-424b-9868-57a2d4851a1d" />
    <TestEntry testId="cfd034e2-e7b9-0ad0-ab4f-b50f792ff475" executionId="6be80ddf-9f68-4a44-a3b6-b439aea4771f" testListId="8c84fa94-04c1-424b-9868-57a2d4851a1d" />
    <TestEntry testId="e5497347-2721-b7a6-0bd4-69a9921f6947" executionId="0b721cde-2348-4668-b06b-df276dfbeeee" testListId="8c84fa94-04c1-424b-9868-57a2d4851a1d" />
    <TestEntry testId="8d83dca1-1303-9f76-0fc7-411b7c245487" executionId="31e7bfa1-3fdc-4d72-a5a4-a1f208eafb75" testListId="8c84fa94-04c1-424b-9868-57a2d4851a1d" />
    <TestEntry testId="a2e59116-cb53-1d70-9cb8-21c286516866" executionId="0d4cf3e8-6ac2-4192-b683-e876eb0937cd" testListId="8c84fa94-04c1-424b-9868-57a2d4851a1d" />
    <TestEntry testId="e3521de4-3068-b9d4-5114-2dd5d65f18ed" executionId="3aa5d19e-d728-4e40-bd49-ce28a6cf6779" testListId="8c84fa94-04c1-424b-9868-57a2d4851a1d" />
    <TestEntry testId="60bd668f-04df-da5e-b79b-5d9aedb5234d" executionId="76260687-c95b-4074-ac05-60d76c25f733" testListId="8c84fa94-04c1-424b-9868-57a2d4851a1d" />
    <TestEntry testId="18f8401f-b49b-25fe-5f9a-5022c3a3162b" executionId="90853377-b95e-4b39-8cff-310eb420de34" testListId="8c84fa94-04c1-424b-9868-57a2d4851a1d" />
    <TestEntry testId="0eeef75f-6e38-7893-a8fe-cff3e0a970a7" executionId="26e04874-b325-47be-adc9-4969438238dd" testListId="8c84fa94-04c1-424b-9868-57a2d4851a1d" />
    <TestEntry testId="1f5033b4-365a-350c-1e0e-9af11555afc2" executionId="1fd1caf1-49da-483a-89f4-fad3c25d2e14" testListId="8c84fa94-04c1-424b-9868-57a2d4851a1d" />
    <TestEntry testId="2d01aaf7-b466-b35e-c376-fbd11f28b976" executionId="6bdb3145-28ec-47b3-9205-2a98e2e4076c" testListId="8c84fa94-04c1-424b-9868-57a2d4851a1d" />
    <TestEntry testId="20ad8570-0170-85de-dcd7-2f109dd7bcd6" executionId="3a51914d-a9f0-4935-9aaa-a3b62739bc7b" testListId="8c84fa94-04c1-424b-9868-57a2d4851a1d" />
    <TestEntry testId="644ec43e-70cd-c82d-42e7-0d990be1414d" executionId="e9598c04-0ea6-45d5-9ff4-e15ae96f4ff0" testListId="8c84fa94-04c1-424b-9868-57a2d4851a1d" />
    <TestEntry testId="39be9b5e-0bc4-57dc-37d3-aec6b520299d" executionId="45f71b49-ab78-4f11-92d6-9da699897bdc" testListId="8c84fa94-04c1-424b-9868-57a2d4851a1d" />
    <TestEntry testId="f75988d3-ef56-e2b8-0443-5d22629133a4" executionId="400adb43-8602-404c-9a47-87306342d540" testListId="8c84fa94-04c1-424b-9868-57a2d4851a1d" />
    <TestEntry testId="b9a081ad-037b-7a6a-4206-55bbfe2428fb" executionId="c8fcbfc2-49d9-4f31-add1-786ebeb4f2d9" testListId="8c84fa94-04c1-424b-9868-57a2d4851a1d" />
    <TestEntry testId="894941c1-bfa7-d8f9-c047-1e1ceefe2c2f" executionId="d112106a-a7a7-4fb0-883c-989593dc3287" testListId="8c84fa94-04c1-424b-9868-57a2d4851a1d" />
    <TestEntry testId="834c739b-eca4-b36d-6a66-5a1bd75377b8" executionId="50885df9-1c32-440d-96ea-7d9c10453b9f" testListId="8c84fa94-04c1-424b-9868-57a2d4851a1d" />
    <TestEntry testId="06d0bc3a-24a0-fb7f-4277-e9ae6d21c7dd" executionId="6aeda55d-7b1a-4679-a050-3fc9ea7d8edb" testListId="8c84fa94-04c1-424b-9868-57a2d4851a1d" />
    <TestEntry testId="18fa8c62-e27d-e1fc-8182-4d7db62b008d" executionId="4082c731-39c0-4786-9fc2-2cf86a59ebaf" testListId="8c84fa94-04c1-424b-9868-57a2d4851a1d" />
    <TestEntry testId="e9fa1bea-f712-ae22-3b95-6ce7ed16dff2" executionId="472f83c1-82d9-435a-95b1-5e645e7471fb" testListId="8c84fa94-04c1-424b-9868-57a2d4851a1d" />
    <TestEntry testId="9c7df5e2-1b23-ebea-889f-b78ca86b60ab" executionId="fc162d05-a637-4ac3-88ae-004eed6967d8" testListId="8c84fa94-04c1-424b-9868-57a2d4851a1d" />
    <TestEntry testId="eaabd2fc-2f4b-5689-59c8-c7ad34a8f634" executionId="347fb402-6db3-42f2-8cf8-1b39f6de8511" testListId="8c84fa94-04c1-424b-9868-57a2d4851a1d" />
    <TestEntry testId="aa28a6b3-21d3-aa45-24d3-bef2facbc899" executionId="c7157056-4a33-469e-9110-c3e741be338a" testListId="8c84fa94-04c1-424b-9868-57a2d4851a1d" />
    <TestEntry testId="69340bb6-3645-f9dd-971e-29d8b2a009bb" executionId="e9a49d6d-f513-4934-8bc5-f0c7ad3e9431" testListId="8c84fa94-04c1-424b-9868-57a2d4851a1d" />
    <TestEntry testId="917808d9-d555-0530-3572-3e011b98a572" executionId="2cbec949-e244-4ac2-9eff-6dbdec07a1e1" testListId="8c84fa94-04c1-424b-9868-57a2d4851a1d" />
    <TestEntry testId="229812f5-9a73-5335-11f5-31330d1348a5" executionId="cba11578-e600-4a1d-a533-0a0bff193d77" testListId="8c84fa94-04c1-424b-9868-57a2d4851a1d" />
    <TestEntry testId="f44a1b21-8efc-bfac-63b4-d534442def31" executionId="141f5b07-9e06-4ee4-ba20-160e9d475d4c" testListId="8c84fa94-04c1-424b-9868-57a2d4851a1d" />
    <TestEntry testId="ef0dbb9b-a951-cd79-cf92-c25bcb83f6ea" executionId="b89ccd0c-82c6-41ab-ac3d-371fff5f00a4" testListId="8c84fa94-04c1-424b-9868-57a2d4851a1d" />
    <TestEntry testId="a19a5fcf-c5d2-7d44-5d7d-84403042f4e0" executionId="5bae420e-19f8-4d5a-94a1-8f33b9a1f197" testListId="8c84fa94-04c1-424b-9868-57a2d4851a1d" />
    <TestEntry testId="2d706594-f2b3-b3c8-21d4-86c9798c3306" executionId="7d9a2a9c-5abc-4b59-bb3e-6de7cc95bf4c" testListId="8c84fa94-04c1-424b-9868-57a2d4851a1d" />
    <TestEntry testId="387c9729-48c1-486e-5e67-f5d11a9f0db8" executionId="01dd36ae-fff9-4efa-9ea9-f9cf8ba5ca29" testListId="8c84fa94-04c1-424b-9868-57a2d4851a1d" />
    <TestEntry testId="492c0393-35b4-df26-a537-21ca08302f3c" executionId="a1557888-af9f-4236-af3c-5fddade1b1fa" testListId="8c84fa94-04c1-424b-9868-57a2d4851a1d" />
    <TestEntry testId="e2d7e5be-3dae-33ae-fb17-c704b6fd58d6" executionId="3b457ea8-d0b3-4034-a99b-9bbbf506f911" testListId="8c84fa94-04c1-424b-9868-57a2d4851a1d" />
    <TestEntry testId="a089a787-eb9b-16ae-f76c-6d3ba5abed5a" executionId="50fc86a9-a324-4627-a2d5-1fe78687b5dd" testListId="8c84fa94-04c1-424b-9868-57a2d4851a1d" />
    <TestEntry testId="4f297306-d4f3-8d63-e7f4-1ac0b8c58c74" executionId="de22c6ff-32fc-4c6e-ab53-ec2a9d4e279f" testListId="8c84fa94-04c1-424b-9868-57a2d4851a1d" />
    <TestEntry testId="f3efc418-a8a6-c7b7-9bac-90b33aa8472f" executionId="55407350-0c61-471f-bdf9-71b4572b6f90" testListId="8c84fa94-04c1-424b-9868-57a2d4851a1d" />
    <TestEntry testId="0d4a9e18-a967-29bd-73bb-10ca49ef5777" executionId="e4c1b002-4906-4428-b429-9d2670738440" testListId="8c84fa94-04c1-424b-9868-57a2d4851a1d" />
    <TestEntry testId="fc506bfb-cdde-149e-f9dc-eec8266c5f52" executionId="b6da7f78-1c75-445c-84e4-b992446f171e" testListId="8c84fa94-04c1-424b-9868-57a2d4851a1d" />
    <TestEntry testId="107dd12a-62b8-a5b1-9702-be7c62fd9087" executionId="f53e164a-9202-44b3-a0ab-e30414da6231" testListId="8c84fa94-04c1-424b-9868-57a2d4851a1d" />
    <TestEntry testId="fa960c5e-f989-2880-784e-8efe538c5231" executionId="aead1360-d949-4924-b96d-63310919b713" testListId="8c84fa94-04c1-424b-9868-57a2d4851a1d" />
    <TestEntry testId="c36970dc-93f7-753e-fa47-157133b01644" executionId="ced139c6-1b77-405b-bcad-bb173b0ed6f0" testListId="8c84fa94-04c1-424b-9868-57a2d4851a1d" />
  </TestEntries>
  <TestLists>
    <TestList name="Список результатов" id="8c84fa94-04c1-424b-9868-57a2d4851a1d" />
    <TestList name="Все загруженные результаты" id="19431567-8539-422a-85d7-44ee4e166bda" />
  </TestLists>
  <ResultSummary outcome="Completed">
    <Counters total="47" executed="47" passed="47" failed="0" error="0" timeout="0" aborted="0" inconclusive="0" passedButRunAborted="0" notRunnable="0" notExecuted="0" disconnected="0" warning="0" completed="0" inProgress="0" pending="0" />
    <Output>
      <StdOut>[xUnit.net 00:00:00.00] xUnit.net VSTest Adapter v2.4.5+1caef2f33e (64-bit .NET 6.0.3)&#xD;
[xUnit.net 00:00:00.53]   Discovering: BL.Tests&#xD;
[xUnit.net 00:00:00.75]   Discovered:  BL.Tests&#xD;
[xUnit.net 00:00:00.76]   Starting:    BL.Tests&#xD;
[xUnit.net 00:00:01.02]   Finished:    BL.Tests&#xD;
</StdOut>
    </Output>
  </ResultSummary>
</TestRun>