<?xml version="1.0" encoding="utf-8"?>
<TestRun id="3c7877ed-46c2-4af6-b49e-d4620643d00a" name="alena@DESKTOP-TJ9D65N 2022-10-15 20:46:45" runUser="DESKTOP-TJ9D65N\alena" xmlns="http://microsoft.com/schemas/VisualStudio/TeamTest/2010">
  <Times creation="2022-10-15T20:46:45.1081770+03:00" queuing="2022-10-15T20:46:45.1081772+03:00" start="2022-10-15T20:46:43.6833337+03:00" finish="2022-10-15T20:46:45.1735962+03:00" />
  <TestSettings name="default" id="546e2f17-73d1-410e-aa68-e1f96f41a580">
    <Deployment runDeploymentRoot="alena_DESKTOP-TJ9D65N_2022-10-15_20_46_45" />
  </TestSettings>
  <Results>
    <UnitTestResult executionId="10c6e735-9df6-4305-999e-9f4bc486fcf1" testId="0bfc2104-9289-c3f6-7111-18735a0d76f8" testName="BL.Tests.LiftsServiceTest.TestAdminDeleteLiftAsync(userID: 142, lift: Lift { LiftID = 113, LiftName = liftName54cb546c-c79b-460c-9bc4-43a3e752b539, IsOpen = True, SeatsAmount = 207, LiftingTime = 19, QueueTime = 2, ConnectedSlopes =  }, checkPermissionServiceMock: Mock&lt;ICheckPermissionService:4&gt;, liftsRepositoryStub: Mock&lt;ILiftsRepository:4&gt;, liftsSlopesRepositoryStub: Mock&lt;ILiftsSlopesRepository:4&gt;, sut: LiftsService { })" computerName="DESKTOP-TJ9D65N" duration="00:00:00.0332423" startTime="2022-10-15T20:46:45.0747661+03:00" endTime="2022-10-15T20:46:45.0747662+03:00" testType="13cdc9d9-ddb5-4fa4-a97d-d965ccfc6d4b" outcome="Passed" testListId="8c84fa94-04c1-424b-9868-57a2d4851a1d" relativeResultsDirectory="10c6e735-9df6-4305-999e-9f4bc486fcf1" />
    <UnitTestResult executionId="bced95da-560d-4fa1-b1ea-c62022358912" testId="86ef6096-97db-14e1-cd16-79ac453dc3b0" testName="BL.Tests.TurnstilesServiceTest.TestAdminDeleteTurnstileAsync(userID: 183, turnstile: Turnstile { TurnstileID = 202, LiftID = 233, IsOpen = True }, checkPermissionServiceMock: Mock&lt;ICheckPermissionService:15&gt;, turnstilesRepositoryStub: Mock&lt;ITurnstilesRepository:9&gt;, sut: TurnstilesService { })" computerName="DESKTOP-TJ9D65N" duration="00:00:00.0301295" startTime="2022-10-15T20:46:44.9880838+03:00" endTime="2022-10-15T20:46:44.9880839+03:00" testType="13cdc9d9-ddb5-4fa4-a97d-d965ccfc6d4b" outcome="Passed" testListId="8c84fa94-04c1-424b-9868-57a2d4851a1d" relativeResultsDirectory="bced95da-560d-4fa1-b1ea-c62022358912" />
    <UnitTestResult executionId="bc32dd8f-2c29-49bd-bb1d-029765536ee1" testId="06d0bc3a-24a0-fb7f-4277-e9ae6d21c7dd" testName="BL.Tests.UsersServiceTests.TestAdminUpdateUser" computerName="DESKTOP-TJ9D65N" duration="00:00:00.0061447" startTime="2022-10-15T20:46:45.0700616+03:00" endTime="2022-10-15T20:46:45.0700616+03:00" testType="13cdc9d9-ddb5-4fa4-a97d-d965ccfc6d4b" outcome="Passed" testListId="8c84fa94-04c1-424b-9868-57a2d4851a1d" relativeResultsDirectory="bc32dd8f-2c29-49bd-bb1d-029765536ee1" />
    <UnitTestResult executionId="50d77eb5-3823-4a6f-9a97-afcd22dedbf8" testId="52f7e89d-f162-fbd5-0adc-8928808ec1a6" testName="BL.Tests.LiftsServiceTest.TestGetLiftInfoAsync(userID: 154, lift: Lift { LiftID = 196, LiftName = liftName419b9900-eac4-45f5-940e-f1baff0411b0, IsOpen = True, SeatsAmount = 1, LiftingTime = 118, QueueTime = 123, ConnectedSlopes =  }, checkPermissionServiceMock: Mock&lt;ICheckPermissionService:1&gt;, liftsRepositoryStub: Mock&lt;ILiftsRepository:1&gt;, liftsSlopesRepositoryStub: Mock&lt;ILiftsSlopesRepository:1&gt;, sut: LiftsService { })" computerName="DESKTOP-TJ9D65N" duration="00:00:00.0065976" startTime="2022-10-15T20:46:45.0616960+03:00" endTime="2022-10-15T20:46:45.0616961+03:00" testType="13cdc9d9-ddb5-4fa4-a97d-d965ccfc6d4b" outcome="Passed" testListId="8c84fa94-04c1-424b-9868-57a2d4851a1d" relativeResultsDirectory="50d77eb5-3823-4a6f-9a97-afcd22dedbf8" />
    <UnitTestResult executionId="414fdd58-c4cd-403e-ac9b-e9f244429599" testId="9c7df5e2-1b23-ebea-889f-b78ca86b60ab" testName="BL.Tests.CheckPermissionsServiceTests.AuthorizedHasNoAccessToAdminSkiPatrolFunctions(functionName: &quot;MarkMessageReadByUserAsync&quot;)" computerName="DESKTOP-TJ9D65N" duration="00:00:00.0009226" startTime="2022-10-15T20:46:45.0744829+03:00" endTime="2022-10-15T20:46:45.0744830+03:00" testType="13cdc9d9-ddb5-4fa4-a97d-d965ccfc6d4b" outcome="Passed" testListId="8c84fa94-04c1-424b-9868-57a2d4851a1d" relativeResultsDirectory="414fdd58-c4cd-403e-ac9b-e9f244429599" />
    <UnitTestResult executionId="d4220d25-4fce-48ac-896c-c915a8a69cb0" testId="71a604c4-d162-0e55-56ce-7ddfb4caf3e3" testName="BL.Tests.TurnstilesServiceTest.TestAdminUpdateTurnstileAsync(userID: 7, turnstile: Turnstile { TurnstileID = 221, LiftID = 200, IsOpen = True }, checkPermissionServiceMock: Mock&lt;ICheckPermissionService:14&gt;, turnstilesRepositoryStub: Mock&lt;ITurnstilesRepository:8&gt;, sut: TurnstilesService { })" computerName="DESKTOP-TJ9D65N" duration="00:00:00.0049099" startTime="2022-10-15T20:46:45.0702175+03:00" endTime="2022-10-15T20:46:45.0702176+03:00" testType="13cdc9d9-ddb5-4fa4-a97d-d965ccfc6d4b" outcome="Passed" testListId="8c84fa94-04c1-424b-9868-57a2d4851a1d" relativeResultsDirectory="d4220d25-4fce-48ac-896c-c915a8a69cb0" />
    <UnitTestResult executionId="8f9bb07d-f5be-4c15-8623-06fd3cecb791" testId="e5497347-2721-b7a6-0bd4-69a9921f6947" testName="BL.Tests.UsersServiceTests.TestAdminGetUserByIDAsync" computerName="DESKTOP-TJ9D65N" duration="00:00:00.0035570" startTime="2022-10-15T20:46:45.0922943+03:00" endTime="2022-10-15T20:46:45.0922944+03:00" testType="13cdc9d9-ddb5-4fa4-a97d-d965ccfc6d4b" outcome="Passed" testListId="8c84fa94-04c1-424b-9868-57a2d4851a1d" relativeResultsDirectory="8f9bb07d-f5be-4c15-8623-06fd3cecb791" />
    <UnitTestResult executionId="8e3a2d22-682e-44ba-9b5c-2c23fb758b17" testId="873280d0-c03a-7e48-dd29-70f050e9c569" testName="BL.Tests.SlopesServiceTest.TestAdminAddAutoIncrementSlopeAsync(userID: 200, slope: Slope { SlopeID = 204, SlopeName = slopeName90fc0164-9c6e-4a0e-b34e-dd44391b46d9, IsOpen = True, DifficultyLevel = 213, ConnectedLifts =  }, checkPermissionServiceMock: Mock&lt;ICheckPermissionService:10&gt;, slopesRepositoryStub: Mock&lt;ISlopesRepository:8&gt;, sut: SlopesService { })" computerName="DESKTOP-TJ9D65N" duration="00:00:00.0071291" startTime="2022-10-15T20:46:45.0617606+03:00" endTime="2022-10-15T20:46:45.0617607+03:00" testType="13cdc9d9-ddb5-4fa4-a97d-d965ccfc6d4b" outcome="Passed" testListId="8c84fa94-04c1-424b-9868-57a2d4851a1d" relativeResultsDirectory="8e3a2d22-682e-44ba-9b5c-2c23fb758b17" />
    <UnitTestResult executionId="61a0ae62-0e24-4ebc-ba7f-d1a1cc2bf151" testId="171461cd-e535-59e3-0c26-4c8d97cbe319" testName="BL.Tests.SlopesServiceTest.TestUpdateSlopeInfoAsync(userID: 72, slope: Slope { SlopeID = 25, SlopeName = slopeName283623c0-7d41-47ec-ab5f-53603b7ea478, IsOpen = True, DifficultyLevel = 117, ConnectedLifts =  }, checkPermissionServiceMock: Mock&lt;ICheckPermissionService:8&gt;, slopesRepositoryStub: Mock&lt;ISlopesRepository:6&gt;, sut: SlopesService { })" computerName="DESKTOP-TJ9D65N" duration="00:00:00.0061590" startTime="2022-10-15T20:46:45.0874192+03:00" endTime="2022-10-15T20:46:45.0874193+03:00" testType="13cdc9d9-ddb5-4fa4-a97d-d965ccfc6d4b" outcome="Passed" testListId="8c84fa94-04c1-424b-9868-57a2d4851a1d" relativeResultsDirectory="61a0ae62-0e24-4ebc-ba7f-d1a1cc2bf151" />
    <UnitTestResult executionId="17f277f0-9a99-4fb7-8511-1aa896325a7f" testId="8184bd30-991c-b78d-b4ec-99a485eac0dd" testName="BL.Tests.UsersServiceTests.TestRegisterUserWithNoEmail" computerName="DESKTOP-TJ9D65N" duration="00:00:00.0030274" startTime="2022-10-15T20:46:45.0615136+03:00" endTime="2022-10-15T20:46:45.0615136+03:00" testType="13cdc9d9-ddb5-4fa4-a97d-d965ccfc6d4b" outcome="Passed" testListId="8c84fa94-04c1-424b-9868-57a2d4851a1d" relativeResultsDirectory="17f277f0-9a99-4fb7-8511-1aa896325a7f" />
    <UnitTestResult executionId="79df41f5-6d07-4574-94db-45428b490f19" testId="cd4e364f-1811-8ed9-e273-d02411a07933" testName="BL.Tests.TurnstilesServiceTest.TestAdminGetTurnstilesAsync(userID: 61, initialTurnstiles: [Turnstile { TurnstileID = 15, LiftID = 106, IsOpen = True }, Turnstile { TurnstileID = 196, LiftID = 252, IsOpen = False }, Turnstile { TurnstileID = 202, LiftID = 138, IsOpen = True }], checkPermissionServiceMock: Mock&lt;ICheckPermissionService:13&gt;, turnstilesRepositoryStub: Mock&lt;ITurnstilesRepository:7&gt;, sut: TurnstilesService { })" computerName="DESKTOP-TJ9D65N" duration="00:00:00.0071096" startTime="2022-10-15T20:46:45.0617246+03:00" endTime="2022-10-15T20:46:45.0617247+03:00" testType="13cdc9d9-ddb5-4fa4-a97d-d965ccfc6d4b" outcome="Passed" testListId="8c84fa94-04c1-424b-9868-57a2d4851a1d" relativeResultsDirectory="79df41f5-6d07-4574-94db-45428b490f19" />
    <UnitTestResult executionId="c189139d-ba10-47a8-812b-9990da8d9357" testId="644ec43e-70cd-c82d-42e7-0d990be1414d" testName="BL.Tests.CheckPermissionsServiceTests.AuthorizedHasAccessToAuthorizedFunctions(functionName: &quot;SendMessageAsync&quot;)" computerName="DESKTOP-TJ9D65N" duration="00:00:00.0020750" startTime="2022-10-15T20:46:45.0842095+03:00" endTime="2022-10-15T20:46:45.0842096+03:00" testType="13cdc9d9-ddb5-4fa4-a97d-d965ccfc6d4b" outcome="Passed" testListId="8c84fa94-04c1-424b-9868-57a2d4851a1d" relativeResultsDirectory="c189139d-ba10-47a8-812b-9990da8d9357" />
    <UnitTestResult executionId="4ef98e26-da4a-45ef-8ef0-c95fb7abb841" testId="60bd668f-04df-da5e-b79b-5d9aedb5234d" testName="BL.Tests.CheckPermissionsServiceTests.SkiPatrolHasAccessToAdminSkiPatrolFunctions(functionName: &quot;MarkMessageReadByUserAsync&quot;)" computerName="DESKTOP-TJ9D65N" duration="00:00:00.0013692" startTime="2022-10-15T20:46:45.0701723+03:00" endTime="2022-10-15T20:46:45.0701723+03:00" testType="13cdc9d9-ddb5-4fa4-a97d-d965ccfc6d4b" outcome="Passed" testListId="8c84fa94-04c1-424b-9868-57a2d4851a1d" relativeResultsDirectory="4ef98e26-da4a-45ef-8ef0-c95fb7abb841" />
    <UnitTestResult executionId="cc46ac3f-75bc-4b26-ae82-5a58405b0564" testId="77f80123-7ec6-5d8f-9dab-2b9c8a8cef17" testName="BL.Tests.SlopesServiceTest.TestGetSlopesInfoAsync(userID: 243, initialSlopes: [Slope { SlopeID = 143, SlopeName = slopeNamefab0e457-9d5f-419f-9913-d41587e1e46d, IsOpen = True, DifficultyLevel = 75, ConnectedLifts =  }, Slope { SlopeID = 140, SlopeName = slopeName78e0d3fb-3297-4d55-ad37-c1f95c6fd838, IsOpen = False, DifficultyLevel = 205, ConnectedLifts =  }, Slope { SlopeID = 50, SlopeName = slopeName549a0cb6-9317-4920-98a0-d5e2575e3acb, IsOpen = True, DifficultyLevel = 159, ConnectedLifts =  }], checkPermissionServiceMock: Mock&lt;ICheckPermissionService:7&gt;, slopesRepositoryStub: Mock&lt;ISlopesRepository:5&gt;, liftsSlopesRepositoryStub: Mock&lt;ILiftsSlopesRepository:10&gt;, sut: SlopesService { })" computerName="DESKTOP-TJ9D65N" duration="00:00:00.0463671" startTime="2022-10-15T20:46:45.0786842+03:00" endTime="2022-10-15T20:46:45.0786844+03:00" testType="13cdc9d9-ddb5-4fa4-a97d-d965ccfc6d4b" outcome="Passed" testListId="8c84fa94-04c1-424b-9868-57a2d4851a1d" relativeResultsDirectory="cc46ac3f-75bc-4b26-ae82-5a58405b0564" />
    <UnitTestResult executionId="b0e58a21-5afa-47bc-97fe-929cec46d8f2" testId="69340bb6-3645-f9dd-971e-29d8b2a009bb" testName="BL.Tests.UsersServiceTests.TestLogInWithWrongPassword" computerName="DESKTOP-TJ9D65N" duration="00:00:00.0021665" startTime="2022-10-15T20:46:45.0757411+03:00" endTime="2022-10-15T20:46:45.0757412+03:00" testType="13cdc9d9-ddb5-4fa4-a97d-d965ccfc6d4b" outcome="Passed" testListId="8c84fa94-04c1-424b-9868-57a2d4851a1d" relativeResultsDirectory="b0e58a21-5afa-47bc-97fe-929cec46d8f2" />
    <UnitTestResult executionId="aef15ab7-8c47-4fc5-ad26-c2e09a5b1dd1" testId="fa960c5e-f989-2880-784e-8efe538c5231" testName="BL.Tests.CheckPermissionsServiceTests.UnauthorizedHasNoAccessToAuthorizedFunctions(functionName: &quot;LogOutAsync&quot;)" computerName="DESKTOP-TJ9D65N" duration="00:00:00.0014764" startTime="2022-10-15T20:46:45.0693096+03:00" endTime="2022-10-15T20:46:45.0693097+03:00" testType="13cdc9d9-ddb5-4fa4-a97d-d965ccfc6d4b" outcome="Passed" testListId="8c84fa94-04c1-424b-9868-57a2d4851a1d" relativeResultsDirectory="aef15ab7-8c47-4fc5-ad26-c2e09a5b1dd1" />
    <UnitTestResult executionId="1b2c340b-f74b-407a-845d-d3f94ffd8503" testId="894941c1-bfa7-d8f9-c047-1e1ceefe2c2f" testName="BL.Tests.UsersServiceTests.TestRegisterUserWithRepeatedEmail" computerName="DESKTOP-TJ9D65N" duration="00:00:00.0055930" startTime="2022-10-15T20:46:45.0692908+03:00" endTime="2022-10-15T20:46:45.0692908+03:00" testType="13cdc9d9-ddb5-4fa4-a97d-d965ccfc6d4b" outcome="Passed" testListId="8c84fa94-04c1-424b-9868-57a2d4851a1d" relativeResultsDirectory="1b2c340b-f74b-407a-845d-d3f94ffd8503" />
    <UnitTestResult executionId="5701d9ef-a8ba-43df-959f-dbc5cd1fb8bc" testId="229812f5-9a73-5335-11f5-31330d1348a5" testName="BL.Tests.CheckPermissionsServiceTests.UnauthorizedHasNoAccessToAdminSkiPatrolFunctions(functionName: &quot;GetMessagesAsync&quot;)" computerName="DESKTOP-TJ9D65N" duration="00:00:00.0012293" startTime="2022-10-15T20:46:45.0617938+03:00" endTime="2022-10-15T20:46:45.0617939+03:00" testType="13cdc9d9-ddb5-4fa4-a97d-d965ccfc6d4b" outcome="Passed" testListId="8c84fa94-04c1-424b-9868-57a2d4851a1d" relativeResultsDirectory="5701d9ef-a8ba-43df-959f-dbc5cd1fb8bc" />
    <UnitTestResult executionId="7524796a-c42c-436e-817f-a766575b4acf" testId="f7785e6a-b5f3-539c-e224-299e7306d910" testName="BL.Tests.SlopesServiceTest.TestAdminAddSlopeAsync(userID: 95, slope: Slope { SlopeID = 80, SlopeName = slopeName90d6fdc6-475a-47f4-9e57-c1a4be8625a6, IsOpen = True, DifficultyLevel = 250, ConnectedLifts =  }, checkPermissionServiceMock: Mock&lt;ICheckPermissionService:11&gt;, slopesRepositoryStub: Mock&lt;ISlopesRepository:9&gt;, sut: SlopesService { })" computerName="DESKTOP-TJ9D65N" duration="00:00:00.0045675" startTime="2022-10-15T20:46:45.1004579+03:00" endTime="2022-10-15T20:46:45.1004580+03:00" testType="13cdc9d9-ddb5-4fa4-a97d-d965ccfc6d4b" outcome="Passed" testListId="8c84fa94-04c1-424b-9868-57a2d4851a1d" relativeResultsDirectory="7524796a-c42c-436e-817f-a766575b4acf" />
    <UnitTestResult executionId="e47c23c7-9728-4c10-abf1-c915eab9e55c" testId="d6a55a47-26a4-dc69-4384-be85c407bf33" testName="BL.Tests.SlopesServiceTest.TestGetSlopeInfoAsync(userID: 125, slope: Slope { SlopeID = 255, SlopeName = slopeName9d0a9eee-72b3-4802-b446-0b01b93b19bf, IsOpen = True, DifficultyLevel = 80, ConnectedLifts =  }, checkPermissionServiceMock: Mock&lt;ICheckPermissionService:6&gt;, slopesRepositoryStub: Mock&lt;ISlopesRepository:4&gt;, liftsSlopesRepositoryStub: Mock&lt;ILiftsSlopesRepository:9&gt;, sut: SlopesService { })" computerName="DESKTOP-TJ9D65N" duration="00:00:00.0326578" startTime="2022-10-15T20:46:44.9880647+03:00" endTime="2022-10-15T20:46:44.9880648+03:00" testType="13cdc9d9-ddb5-4fa4-a97d-d965ccfc6d4b" outcome="Passed" testListId="8c84fa94-04c1-424b-9868-57a2d4851a1d" relativeResultsDirectory="e47c23c7-9728-4c10-abf1-c915eab9e55c" />
    <UnitTestResult executionId="3ec4693d-708c-402a-9468-5abc3f22f8be" testId="32e39ae5-c24b-8ab4-3d78-d492e35d0508" testName="BL.Tests.LiftsSlopesServiceTests.TestAdminDeleteLiftSlopeAsync(lift: Lift { LiftID = 35, LiftName = liftNamec3e6e79a-1e20-4dcc-a5f7-3d041f068813, IsOpen = True, SeatsAmount = 254, LiftingTime = 180, QueueTime = 237, ConnectedSlopes =  }, slope: Slope { SlopeID = 9, SlopeName = slopeName22ba17df-5b2d-4017-9a81-be17a8e8f200, IsOpen = False, DifficultyLevel = 221, ConnectedLifts =  }, slopesRepositoryStub: Mock&lt;ISlopesRepository:2&gt;, liftsRepositoryStub: Mock&lt;ILiftsRepository:7&gt;, liftsSlopesRepositoryStub: Mock&lt;ILiftsSlopesRepository:7&gt;)" computerName="DESKTOP-TJ9D65N" duration="00:00:00.0059919" startTime="2022-10-15T20:46:45.0615789+03:00" endTime="2022-10-15T20:46:45.0615789+03:00" testType="13cdc9d9-ddb5-4fa4-a97d-d965ccfc6d4b" outcome="Passed" testListId="8c84fa94-04c1-424b-9868-57a2d4851a1d" relativeResultsDirectory="3ec4693d-708c-402a-9468-5abc3f22f8be" />
    <UnitTestResult executionId="f1747c79-0177-405b-8c1b-dbfeb6d26301" testId="492c0393-35b4-df26-a537-21ca08302f3c" testName="BL.Tests.CheckPermissionsServiceTests.SkiPatrolHasNoAccessToAdminFunctions" computerName="DESKTOP-TJ9D65N" duration="00:00:00.0027850" startTime="2022-10-15T20:46:45.0986887+03:00" endTime="2022-10-15T20:46:45.0986889+03:00" testType="13cdc9d9-ddb5-4fa4-a97d-d965ccfc6d4b" outcome="Passed" testListId="8c84fa94-04c1-424b-9868-57a2d4851a1d" relativeResultsDirectory="f1747c79-0177-405b-8c1b-dbfeb6d26301" />
    <UnitTestResult executionId="ceff39c1-bc15-4747-b26a-b523a4afda90" testId="f3efc418-a8a6-c7b7-9bac-90b33aa8472f" testName="BL.Tests.CheckPermissionsServiceTests.AdminHasAccessToAllFunctions" computerName="DESKTOP-TJ9D65N" duration="00:00:00.0024602" startTime="2022-10-15T20:46:45.1034328+03:00" endTime="2022-10-15T20:46:45.1034330+03:00" testType="13cdc9d9-ddb5-4fa4-a97d-d965ccfc6d4b" outcome="Passed" testListId="8c84fa94-04c1-424b-9868-57a2d4851a1d" relativeResultsDirectory="ceff39c1-bc15-4747-b26a-b523a4afda90" />
    <UnitTestResult executionId="1297eddb-d64c-4c06-aaaf-18b416483872" testId="a19a5fcf-c5d2-7d44-5d7d-84403042f4e0" testName="BL.Tests.CheckPermissionsServiceTests.UnauthorizedHasNoAccessToAdminSkiPatrolFunctions(functionName: &quot;MarkMessageReadByUserAsync&quot;)" computerName="DESKTOP-TJ9D65N" duration="00:00:00.0299296" startTime="2022-10-15T20:46:44.9843365+03:00" endTime="2022-10-15T20:46:44.9843691+03:00" testType="13cdc9d9-ddb5-4fa4-a97d-d965ccfc6d4b" outcome="Passed" testListId="8c84fa94-04c1-424b-9868-57a2d4851a1d" relativeResultsDirectory="1297eddb-d64c-4c06-aaaf-18b416483872" />
    <UnitTestResult executionId="15a2a4c0-c63f-43b9-bd87-e52822a401c6" testId="5a63d193-3186-1433-2a56-1839dff9b877" testName="BL.Tests.LiftsServiceTest.TestUpdateLiftInfoAsync(userID: 188, lift: Lift { LiftID = 179, LiftName = liftName70c4ba79-5de2-4636-a136-ce8c21109c26, IsOpen = True, SeatsAmount = 230, LiftingTime = 143, QueueTime = 39, ConnectedSlopes =  }, checkPermissionServiceMock: Mock&lt;ICheckPermissionService:3&gt;, liftsRepositoryStub: Mock&lt;ILiftsRepository:3&gt;, sut: LiftsService { })" computerName="DESKTOP-TJ9D65N" duration="00:00:00.0064402" startTime="2022-10-15T20:46:45.0692601+03:00" endTime="2022-10-15T20:46:45.0692602+03:00" testType="13cdc9d9-ddb5-4fa4-a97d-d965ccfc6d4b" outcome="Passed" testListId="8c84fa94-04c1-424b-9868-57a2d4851a1d" relativeResultsDirectory="15a2a4c0-c63f-43b9-bd87-e52822a401c6" />
    <UnitTestResult executionId="9ea3ca33-d9ff-4d1f-8e83-668d33dbfb09" testId="834c739b-eca4-b36d-6a66-5a1bd75377b8" testName="BL.Tests.UsersServiceTests.TestAdminAddAutoIncrementUser" computerName="DESKTOP-TJ9D65N" duration="00:00:00.0072748" startTime="2022-10-15T20:46:45.0863734+03:00" endTime="2022-10-15T20:46:45.0863735+03:00" testType="13cdc9d9-ddb5-4fa4-a97d-d965ccfc6d4b" outcome="Passed" testListId="8c84fa94-04c1-424b-9868-57a2d4851a1d" relativeResultsDirectory="9ea3ca33-d9ff-4d1f-8e83-668d33dbfb09" />
    <UnitTestResult executionId="81dfa429-bd80-45f5-84c7-7abfdaa7426e" testId="e2d7e5be-3dae-33ae-fb17-c704b6fd58d6" testName="BL.Tests.CheckPermissionsServiceTests.UnauthorizedHasNoAccessToAdminFunctions" computerName="DESKTOP-TJ9D65N" duration="00:00:00.0024458" startTime="2022-10-15T20:46:45.0938625+03:00" endTime="2022-10-15T20:46:45.0938626+03:00" testType="13cdc9d9-ddb5-4fa4-a97d-d965ccfc6d4b" outcome="Passed" testListId="8c84fa94-04c1-424b-9868-57a2d4851a1d" relativeResultsDirectory="81dfa429-bd80-45f5-84c7-7abfdaa7426e" />
    <UnitTestResult executionId="e8f434ea-2bb7-4c7f-99ab-c69170cf9743" testId="4f297306-d4f3-8d63-e7f4-1ac0b8c58c74" testName="BL.Tests.CheckPermissionsServiceTests.AuthorizedHasNoAccessToAdminSkiPatrolFunctions(functionName: &quot;GetLiftsSlopesInfoAsync&quot;)" computerName="DESKTOP-TJ9D65N" duration="00:00:00.0012937" startTime="2022-10-15T20:46:45.0795450+03:00" endTime="2022-10-15T20:46:45.0795452+03:00" testType="13cdc9d9-ddb5-4fa4-a97d-d965ccfc6d4b" outcome="Passed" testListId="8c84fa94-04c1-424b-9868-57a2d4851a1d" relativeResultsDirectory="e8f434ea-2bb7-4c7f-99ab-c69170cf9743" />
    <UnitTestResult executionId="948dbe0f-a49c-4304-b565-04f9abe84f54" testId="39be9b5e-0bc4-57dc-37d3-aec6b520299d" testName="BL.Tests.LiftsSlopesServiceTests.TestGetLiftsSlopesInfoAsync(liftsSlopes: [LiftSlope { RecordID = 185, LiftID = 108, SlopeID = 16 }, LiftSlope { RecordID = 226, LiftID = 162, SlopeID = 128 }, LiftSlope { RecordID = 148, LiftID = 4, SlopeID = 195 }], slopesRepositoryStub: Mock&lt;ISlopesRepository:1&gt;, liftsRepositoryStub: Mock&lt;ILiftsRepository:6&gt;, liftsSlopesRepositoryStub: Mock&lt;ILiftsSlopesRepository:6&gt;)" computerName="DESKTOP-TJ9D65N" duration="00:00:00.0047678" startTime="2022-10-15T20:46:45.0692091+03:00" endTime="2022-10-15T20:46:45.0692092+03:00" testType="13cdc9d9-ddb5-4fa4-a97d-d965ccfc6d4b" outcome="Passed" testListId="8c84fa94-04c1-424b-9868-57a2d4851a1d" relativeResultsDirectory="948dbe0f-a49c-4304-b565-04f9abe84f54" />
    <UnitTestResult executionId="f0a6a52b-dc77-417a-904b-71049e0ade14" testId="20ad8570-0170-85de-dcd7-2f109dd7bcd6" testName="BL.Tests.UsersServiceTests.TestAdminGetUsers" computerName="DESKTOP-TJ9D65N" duration="00:00:00.0365234" startTime="2022-10-15T20:46:44.9881248+03:00" endTime="2022-10-15T20:46:44.9881249+03:00" testType="13cdc9d9-ddb5-4fa4-a97d-d965ccfc6d4b" outcome="Passed" testListId="8c84fa94-04c1-424b-9868-57a2d4851a1d" relativeResultsDirectory="f0a6a52b-dc77-417a-904b-71049e0ade14" />
    <UnitTestResult executionId="fd91eeb1-74d2-48da-849c-34a647dff6d0" testId="18fa8c62-e27d-e1fc-8182-4d7db62b008d" testName="BL.Tests.UsersServiceTests.TestAdminDeleteUser" computerName="DESKTOP-TJ9D65N" duration="00:00:00.0029890" startTime="2022-10-15T20:46:45.0971288+03:00" endTime="2022-10-15T20:46:45.0971289+03:00" testType="13cdc9d9-ddb5-4fa4-a97d-d965ccfc6d4b" outcome="Passed" testListId="8c84fa94-04c1-424b-9868-57a2d4851a1d" relativeResultsDirectory="fd91eeb1-74d2-48da-849c-34a647dff6d0" />
    <UnitTestResult executionId="312ee67e-9472-495a-a958-af978328499a" testId="aa28a6b3-21d3-aa45-24d3-bef2facbc899" testName="BL.Tests.CheckPermissionsServiceTests.AuthorizedHasAccessToAuthorizedFunctions(functionName: &quot;LogOutAsync&quot;)" computerName="DESKTOP-TJ9D65N" duration="00:00:00.0011081" startTime="2022-10-15T20:46:45.0888834+03:00" endTime="2022-10-15T20:46:45.0888835+03:00" testType="13cdc9d9-ddb5-4fa4-a97d-d965ccfc6d4b" outcome="Passed" testListId="8c84fa94-04c1-424b-9868-57a2d4851a1d" relativeResultsDirectory="312ee67e-9472-495a-a958-af978328499a" />
    <UnitTestResult executionId="47888b09-05a1-4d1c-9503-f7530e120e51" testId="2d706594-f2b3-b3c8-21d4-86c9798c3306" testName="BL.Tests.CheckPermissionsServiceTests.SkiPatrolHasAccessToAdminSkiPatrolFunctions(functionName: &quot;GetLiftsSlopesInfoAsync&quot;)" computerName="DESKTOP-TJ9D65N" duration="00:00:00.0044361" startTime="2022-10-15T20:46:45.0700390+03:00" endTime="2022-10-15T20:46:45.0700391+03:00" testType="13cdc9d9-ddb5-4fa4-a97d-d965ccfc6d4b" outcome="Passed" testListId="8c84fa94-04c1-424b-9868-57a2d4851a1d" relativeResultsDirectory="47888b09-05a1-4d1c-9503-f7530e120e51" />
    <UnitTestResult executionId="1af02a62-90bf-4455-8830-e1ed21f02c9f" testId="afd7fb92-addd-4d69-1f58-58ccb53915b9" testName="BL.Tests.LiftsServiceTest.TestAdminAddAutoIncrementLiftAsync(userID: 185, lift: Lift { LiftID = 190, LiftName = liftNamec33b6791-c766-4a9e-9f58-0cc740dff6dc, IsOpen = True, SeatsAmount = 253, LiftingTime = 122, QueueTime = 161, ConnectedSlopes =  }, checkPermissionServiceMock: Mock&lt;ICheckPermissionService:5&gt;, liftsRepositoryStub: Mock&lt;ILiftsRepository:5&gt;, sut: LiftsService { })" computerName="DESKTOP-TJ9D65N" duration="00:00:00.0319809" startTime="2022-10-15T20:46:44.9880333+03:00" endTime="2022-10-15T20:46:44.9880334+03:00" testType="13cdc9d9-ddb5-4fa4-a97d-d965ccfc6d4b" outcome="Passed" testListId="8c84fa94-04c1-424b-9868-57a2d4851a1d" relativeResultsDirectory="1af02a62-90bf-4455-8830-e1ed21f02c9f" />
    <UnitTestResult executionId="0d448a64-e5db-425f-ad5f-f047a1401f22" testId="eaabd2fc-2f4b-5689-59c8-c7ad34a8f634" testName="BL.Tests.CheckPermissionsServiceTests.UnauthorizedHasNoAccessToAuthorizedFunctions(functionName: &quot;SendMessageAsync&quot;)" computerName="DESKTOP-TJ9D65N" duration="00:00:00.0028636" startTime="2022-10-15T20:46:45.0691775+03:00" endTime="2022-10-15T20:46:45.0691775+03:00" testType="13cdc9d9-ddb5-4fa4-a97d-d965ccfc6d4b" outcome="Passed" testListId="8c84fa94-04c1-424b-9868-57a2d4851a1d" relativeResultsDirectory="0d448a64-e5db-425f-ad5f-f047a1401f22" />
    <UnitTestResult executionId="f17a46f6-a4c7-4cbb-9779-97eefb3c34eb" testId="387c9729-48c1-486e-5e67-f5d11a9f0db8" testName="BL.Tests.CheckPermissionsServiceTests.UnauthorizedHasNoAccessToAdminSkiPatrolFunctions(functionName: &quot;GetLiftsSlopesInfoAsync&quot;)" computerName="DESKTOP-TJ9D65N" duration="00:00:00.0014522" startTime="2022-10-15T20:46:45.0611347+03:00" endTime="2022-10-15T20:46:45.0611348+03:00" testType="13cdc9d9-ddb5-4fa4-a97d-d965ccfc6d4b" outcome="Passed" testListId="8c84fa94-04c1-424b-9868-57a2d4851a1d" relativeResultsDirectory="f17a46f6-a4c7-4cbb-9779-97eefb3c34eb" />
    <UnitTestResult executionId="1df91247-a204-44d3-81cf-0404cb64e897" testId="d1728e1d-ba8a-3234-60fe-1d91dde3576d" testName="BL.Tests.LiftsServiceTest.TestGetLiftsInfoAsync(userID: 199, initialLifts: [Lift { LiftID = 165, LiftName = liftName79b5e8b9-baa0-4a6c-927b-720144059b03, IsOpen = True, SeatsAmount = 237, LiftingTime = 76, QueueTime = 114, ConnectedSlopes =  }, Lift { LiftID = 14, LiftName = liftName4fb4608d-a02d-4aeb-9783-3a72e483c84c, IsOpen = False, SeatsAmount = 107, LiftingTime = 127, QueueTime = 144, ConnectedSlopes =  }, Lift { LiftID = 90, LiftName = liftName8d741791-ba96-4cc5-82dc-060150fdca52, IsOpen = True, SeatsAmount = 206, LiftingTime = 64, QueueTime = 96, ConnectedSlopes =  }], checkPermissionServiceMock: Mock&lt;ICheckPermissionService:2&gt;, liftsRepositoryStub: Mock&lt;ILiftsRepository:2&gt;, liftsSlopesRepositoryStub: Mock&lt;ILiftsSlopesRepository:2&gt;, sut: LiftsService { })" computerName="DESKTOP-TJ9D65N" duration="00:00:00.0095343" startTime="2022-10-15T20:46:45.0878408+03:00" endTime="2022-10-15T20:46:45.0878410+03:00" testType="13cdc9d9-ddb5-4fa4-a97d-d965ccfc6d4b" outcome="Passed" testListId="8c84fa94-04c1-424b-9868-57a2d4851a1d" relativeResultsDirectory="1df91247-a204-44d3-81cf-0404cb64e897" />
    <UnitTestResult executionId="9139687a-761c-4c94-8139-d6df453e220a" testId="a2e59116-cb53-1d70-9cb8-21c286516866" testName="BL.Tests.CheckPermissionsServiceTests.AuthorizedHasNoAccessToAdminFunctions" computerName="DESKTOP-TJ9D65N" duration="00:00:00.0019889" startTime="2022-10-15T20:46:45.0703191+03:00" endTime="2022-10-15T20:46:45.0703192+03:00" testType="13cdc9d9-ddb5-4fa4-a97d-d965ccfc6d4b" outcome="Passed" testListId="8c84fa94-04c1-424b-9868-57a2d4851a1d" relativeResultsDirectory="9139687a-761c-4c94-8139-d6df453e220a" />
    <UnitTestResult executionId="dde99748-6f1b-4dba-91cf-a053bec4359f" testId="c36970dc-93f7-753e-fa47-157133b01644" testName="BL.Tests.CheckPermissionsServiceTests.SkiPatrolHasAccessToAdminSkiPatrolFunctions(functionName: &quot;GetMessagesAsync&quot;)" computerName="DESKTOP-TJ9D65N" duration="00:00:00.0010587" startTime="2022-10-15T20:46:45.0702363+03:00" endTime="2022-10-15T20:46:45.0702364+03:00" testType="13cdc9d9-ddb5-4fa4-a97d-d965ccfc6d4b" outcome="Passed" testListId="8c84fa94-04c1-424b-9868-57a2d4851a1d" relativeResultsDirectory="dde99748-6f1b-4dba-91cf-a053bec4359f" />
    <UnitTestResult executionId="bc2efa4f-1163-44bc-90f7-1bc794b605c0" testId="0d6b30f7-2ea3-be2d-2b44-fbe10d76af3c" testName="BL.Tests.SlopesServiceTest.TestAdminDeleteSlopeAsync(userID: 109, slope: Slope { SlopeID = 26, SlopeName = slopeName15f914b5-6275-452e-9d78-63685fd2eb6f, IsOpen = True, DifficultyLevel = 85, ConnectedLifts =  }, checkPermissionServiceMock: Mock&lt;ICheckPermissionService:9&gt;, slopesRepositoryStub: Mock&lt;ISlopesRepository:7&gt;, liftsSlopesRepositoryStub: Mock&lt;ILiftsSlopesRepository:12&gt;, sut: SlopesService { })" computerName="DESKTOP-TJ9D65N" duration="00:00:00.0039906" startTime="2022-10-15T20:46:45.0939012+03:00" endTime="2022-10-15T20:46:45.0939012+03:00" testType="13cdc9d9-ddb5-4fa4-a97d-d965ccfc6d4b" outcome="Passed" testListId="8c84fa94-04c1-424b-9868-57a2d4851a1d" relativeResultsDirectory="bc2efa4f-1163-44bc-90f7-1bc794b605c0" />
    <UnitTestResult executionId="c1e58c7d-130a-4daf-b451-737ed05b67f5" testId="f44a1b21-8efc-bfac-63b4-d534442def31" testName="BL.Tests.UsersServiceTests.TestRegisterUserWithNoPassword" computerName="DESKTOP-TJ9D65N" duration="00:00:00.0015303" startTime="2022-10-15T20:46:45.0618214+03:00" endTime="2022-10-15T20:46:45.0618215+03:00" testType="13cdc9d9-ddb5-4fa4-a97d-d965ccfc6d4b" outcome="Passed" testListId="8c84fa94-04c1-424b-9868-57a2d4851a1d" relativeResultsDirectory="c1e58c7d-130a-4daf-b451-737ed05b67f5" />
    <UnitTestResult executionId="d449d943-65a7-425b-bd9c-c38cd9d579df" testId="2602613f-c8e2-a6d9-fcf7-5b27d4a770a6" testName="BL.Tests.CheckPermissionsServiceTests.AuthorizedHasNoAccessToAdminSkiPatrolFunctions(functionName: &quot;GetMessagesAsync&quot;)" computerName="DESKTOP-TJ9D65N" duration="00:00:00.0026990" startTime="2022-10-15T20:46:45.0709924+03:00" endTime="2022-10-15T20:46:45.0709925+03:00" testType="13cdc9d9-ddb5-4fa4-a97d-d965ccfc6d4b" outcome="Passed" testListId="8c84fa94-04c1-424b-9868-57a2d4851a1d" relativeResultsDirectory="d449d943-65a7-425b-bd9c-c38cd9d579df" />
    <UnitTestResult executionId="90bac2b5-8d33-48bf-992a-e06729a1e108" testId="1b096158-d432-356b-03ac-1201b9df4a6b" testName="BL.Tests.TurnstilesServiceTest.TestAdminGetTurnstileAsync(userID: 210, turnstile: Turnstile { TurnstileID = 11, LiftID = 93, IsOpen = True }, checkPermissionServiceMock: Mock&lt;ICheckPermissionService:12&gt;, turnstilesRepositoryStub: Mock&lt;ITurnstilesRepository:6&gt;, sut: TurnstilesService { })" computerName="DESKTOP-TJ9D65N" duration="00:00:00.0043843" startTime="2022-10-15T20:46:45.0692303+03:00" endTime="2022-10-15T20:46:45.0692303+03:00" testType="13cdc9d9-ddb5-4fa4-a97d-d965ccfc6d4b" outcome="Passed" testListId="8c84fa94-04c1-424b-9868-57a2d4851a1d" relativeResultsDirectory="90bac2b5-8d33-48bf-992a-e06729a1e108" />
    <UnitTestResult executionId="0968e03d-c9bb-4bf1-9dc6-c4f1a1a29894" testId="0eeef75f-6e38-7893-a8fe-cff3e0a970a7" testName="BL.Tests.UsersServiceTests.TestRegisterOk" computerName="DESKTOP-TJ9D65N" duration="00:00:00.0087475" startTime="2022-10-15T20:46:45.0703019+03:00" endTime="2022-10-15T20:46:45.0703019+03:00" testType="13cdc9d9-ddb5-4fa4-a97d-d965ccfc6d4b" outcome="Passed" testListId="8c84fa94-04c1-424b-9868-57a2d4851a1d" relativeResultsDirectory="0968e03d-c9bb-4bf1-9dc6-c4f1a1a29894" />
    <UnitTestResult executionId="fceff251-f1d8-48ab-99bd-74f019c1888f" testId="1ca07ad8-f799-c5d4-e7cc-34fd950198a2" testName="BL.Tests.UsersServiceTests.TestLogInOk" computerName="DESKTOP-TJ9D65N" duration="00:00:00.0083936" startTime="2022-10-15T20:46:45.0708982+03:00" endTime="2022-10-15T20:46:45.0708982+03:00" testType="13cdc9d9-ddb5-4fa4-a97d-d965ccfc6d4b" outcome="Passed" testListId="8c84fa94-04c1-424b-9868-57a2d4851a1d" relativeResultsDirectory="fceff251-f1d8-48ab-99bd-74f019c1888f" />
    <UnitTestResult executionId="46c9294a-1b8e-4b34-a50f-9cb94b2192cc" testId="5e4c7cf6-c6ac-d863-8b5a-2df9b03fcd3d" testName="BL.Tests.TurnstilesServiceTest.TestAdminAddAutoIncrementTurnstileAsync(userID: 196, turnstile: Turnstile { TurnstileID = 160, LiftID = 7, IsOpen = True }, checkPermissionServiceMock: Mock&lt;ICheckPermissionService:16&gt;, turnstilesRepositoryStub: Mock&lt;ITurnstilesRepository:10&gt;, sut: TurnstilesService { })" computerName="DESKTOP-TJ9D65N" duration="00:00:00.0052377" startTime="2022-10-15T20:46:45.0700087+03:00" endTime="2022-10-15T20:46:45.0700088+03:00" testType="13cdc9d9-ddb5-4fa4-a97d-d965ccfc6d4b" outcome="Passed" testListId="8c84fa94-04c1-424b-9868-57a2d4851a1d" relativeResultsDirectory="46c9294a-1b8e-4b34-a50f-9cb94b2192cc" />
    <UnitTestResult executionId="6596f738-d17e-4839-802b-a0b9389f673b" testId="716e6a9b-4f5f-3816-b413-52b9c55a3aae" testName="BL.Tests.LiftsSlopesServiceTests.TestAdminAddAutoIncrementLiftSlopeAsync(lift: Lift { LiftID = 226, LiftName = liftNamea16795c1-f723-4667-9307-5e851dc73e07, IsOpen = True, SeatsAmount = 190, LiftingTime = 41, QueueTime = 173, ConnectedSlopes =  }, slope: Slope { SlopeID = 212, SlopeName = slopeName5ad01eef-4f12-46d4-861b-09f28af180d7, IsOpen = False, DifficultyLevel = 184, ConnectedLifts =  }, slopesRepositoryStub: Mock&lt;ISlopesRepository:3&gt;, liftsRepositoryStub: Mock&lt;ILiftsRepository:8&gt;, liftsSlopesRepositoryStub: Mock&lt;ILiftsSlopesRepository:8&gt;)" computerName="DESKTOP-TJ9D65N" duration="00:00:00.0300278" startTime="2022-10-15T20:46:44.9880755+03:00" endTime="2022-10-15T20:46:44.9880755+03:00" testType="13cdc9d9-ddb5-4fa4-a97d-d965ccfc6d4b" outcome="Passed" testListId="8c84fa94-04c1-424b-9868-57a2d4851a1d" relativeResultsDirectory="6596f738-d17e-4839-802b-a0b9389f673b" />
  </Results>
  <TestDefinitions>
    <UnitTest name="BL.Tests.SlopesServiceTest.TestGetSlopeInfoAsync(userID: 125, slope: Slope { SlopeID = 255, SlopeName = slopeName9d0a9eee-72b3-4802-b446-0b01b93b19bf, IsOpen = True, DifficultyLevel = 80, ConnectedLifts =  }, checkPermissionServiceMock: Mock&lt;ICheckPermissionService:6&gt;, slopesRepositoryStub: Mock&lt;ISlopesRepository:4&gt;, liftsSlopesRepositoryStub: Mock&lt;ILiftsSlopesRepository:9&gt;, sut: SlopesService { })" storage="c:\users\alena\desktop\7_sem\testing_and_debugging\skiresort\bl.tests\bin\debug\net6.0\bl.tests.dll" id="d6a55a47-26a4-dc69-4384-be85c407bf33">
      <Execution id="e47c23c7-9728-4c10-abf1-c915eab9e55c" />
      <TestMethod codeBase="C:\Users\alena\Desktop\7_sem\testing_and_debugging\SkiResort\BL.Tests\bin\Debug\net6.0\BL.Tests.dll" adapterTypeName="executor://xunit/VsTestRunner2/netcoreapp" className="BL.Tests.SlopesServiceTest" name="TestGetSlopeInfoAsync" />
    </UnitTest>
    <UnitTest name="BL.Tests.SlopesServiceTest.TestAdminAddSlopeAsync(userID: 95, slope: Slope { SlopeID = 80, SlopeName = slopeName90d6fdc6-475a-47f4-9e57-c1a4be8625a6, IsOpen = True, DifficultyLevel = 250, ConnectedLifts =  }, checkPermissionServiceMock: Mock&lt;ICheckPermissionService:11&gt;, slopesRepositoryStub: Mock&lt;ISlopesRepository:9&gt;, sut: SlopesService { })" storage="c:\users\alena\desktop\7_sem\testing_and_debugging\skiresort\bl.tests\bin\debug\net6.0\bl.tests.dll" id="f7785e6a-b5f3-539c-e224-299e7306d910">
      <Execution id="7524796a-c42c-436e-817f-a766575b4acf" />
      <TestMethod codeBase="C:\Users\alena\Desktop\7_sem\testing_and_debugging\SkiResort\BL.Tests\bin\Debug\net6.0\BL.Tests.dll" adapterTypeName="executor://xunit/VsTestRunner2/netcoreapp" className="BL.Tests.SlopesServiceTest" name="TestAdminAddSlopeAsync" />
    </UnitTest>
    <UnitTest name="BL.Tests.CheckPermissionsServiceTests.AuthorizedHasNoAccessToAdminSkiPatrolFunctions(functionName: &quot;MarkMessageReadByUserAsync&quot;)" storage="c:\users\alena\desktop\7_sem\testing_and_debugging\skiresort\bl.tests\bin\debug\net6.0\bl.tests.dll" id="9c7df5e2-1b23-ebea-889f-b78ca86b60ab">
      <Execution id="414fdd58-c4cd-403e-ac9b-e9f244429599" />
      <TestMethod codeBase="C:\Users\alena\Desktop\7_sem\testing_and_debugging\SkiResort\BL.Tests\bin\Debug\net6.0\BL.Tests.dll" adapterTypeName="executor://xunit/VsTestRunner2/netcoreapp" className="BL.Tests.CheckPermissionsServiceTests" name="AuthorizedHasNoAccessToAdminSkiPatrolFunctions" />
    </UnitTest>
    <UnitTest name="BL.Tests.CheckPermissionsServiceTests.UnauthorizedHasNoAccessToAdminSkiPatrolFunctions(functionName: &quot;MarkMessageReadByUserAsync&quot;)" storage="c:\users\alena\desktop\7_sem\testing_and_debugging\skiresort\bl.tests\bin\debug\net6.0\bl.tests.dll" id="a19a5fcf-c5d2-7d44-5d7d-84403042f4e0">
      <Execution id="1297eddb-d64c-4c06-aaaf-18b416483872" />
      <TestMethod codeBase="C:\Users\alena\Desktop\7_sem\testing_and_debugging\SkiResort\BL.Tests\bin\Debug\net6.0\BL.Tests.dll" adapterTypeName="executor://xunit/VsTestRunner2/netcoreapp" className="BL.Tests.CheckPermissionsServiceTests" name="UnauthorizedHasNoAccessToAdminSkiPatrolFunctions" />
    </UnitTest>
    <UnitTest name="BL.Tests.CheckPermissionsServiceTests.AuthorizedHasNoAccessToAdminFunctions" storage="c:\users\alena\desktop\7_sem\testing_and_debugging\skiresort\bl.tests\bin\debug\net6.0\bl.tests.dll" id="a2e59116-cb53-1d70-9cb8-21c286516866">
      <Execution id="9139687a-761c-4c94-8139-d6df453e220a" />
      <TestMethod codeBase="C:\Users\alena\Desktop\7_sem\testing_and_debugging\SkiResort\BL.Tests\bin\Debug\net6.0\BL.Tests.dll" adapterTypeName="executor://xunit/VsTestRunner2/netcoreapp" className="BL.Tests.CheckPermissionsServiceTests" name="AuthorizedHasNoAccessToAdminFunctions" />
    </UnitTest>
    <UnitTest name="BL.Tests.CheckPermissionsServiceTests.SkiPatrolHasAccessToAdminSkiPatrolFunctions(functionName: &quot;GetMessagesAsync&quot;)" storage="c:\users\alena\desktop\7_sem\testing_and_debugging\skiresort\bl.tests\bin\debug\net6.0\bl.tests.dll" id="c36970dc-93f7-753e-fa47-157133b01644">
      <Execution id="dde99748-6f1b-4dba-91cf-a053bec4359f" />
      <TestMethod codeBase="C:\Users\alena\Desktop\7_sem\testing_and_debugging\SkiResort\BL.Tests\bin\Debug\net6.0\BL.Tests.dll" adapterTypeName="executor://xunit/VsTestRunner2/netcoreapp" className="BL.Tests.CheckPermissionsServiceTests" name="SkiPatrolHasAccessToAdminSkiPatrolFunctions" />
    </UnitTest>
    <UnitTest name="BL.Tests.CheckPermissionsServiceTests.AuthorizedHasNoAccessToAdminSkiPatrolFunctions(functionName: &quot;GetMessagesAsync&quot;)" storage="c:\users\alena\desktop\7_sem\testing_and_debugging\skiresort\bl.tests\bin\debug\net6.0\bl.tests.dll" id="2602613f-c8e2-a6d9-fcf7-5b27d4a770a6">
      <Execution id="d449d943-65a7-425b-bd9c-c38cd9d579df" />
      <TestMethod codeBase="C:\Users\alena\Desktop\7_sem\testing_and_debugging\SkiResort\BL.Tests\bin\Debug\net6.0\BL.Tests.dll" adapterTypeName="executor://xunit/VsTestRunner2/netcoreapp" className="BL.Tests.CheckPermissionsServiceTests" name="AuthorizedHasNoAccessToAdminSkiPatrolFunctions" />
    </UnitTest>
    <UnitTest name="BL.Tests.CheckPermissionsServiceTests.AdminHasAccessToAllFunctions" storage="c:\users\alena\desktop\7_sem\testing_and_debugging\skiresort\bl.tests\bin\debug\net6.0\bl.tests.dll" id="f3efc418-a8a6-c7b7-9bac-90b33aa8472f">
      <Execution id="ceff39c1-bc15-4747-b26a-b523a4afda90" />
      <TestMethod codeBase="C:\Users\alena\Desktop\7_sem\testing_and_debugging\SkiResort\BL.Tests\bin\Debug\net6.0\BL.Tests.dll" adapterTypeName="executor://xunit/VsTestRunner2/netcoreapp" className="BL.Tests.CheckPermissionsServiceTests" name="AdminHasAccessToAllFunctions" />
    </UnitTest>
    <UnitTest name="BL.Tests.UsersServiceTests.TestRegisterUserWithNoPassword" storage="c:\users\alena\desktop\7_sem\testing_and_debugging\skiresort\bl.tests\bin\debug\net6.0\bl.tests.dll" id="f44a1b21-8efc-bfac-63b4-d534442def31">
      <Execution id="c1e58c7d-130a-4daf-b451-737ed05b67f5" />
      <TestMethod codeBase="C:\Users\alena\Desktop\7_sem\testing_and_debugging\SkiResort\BL.Tests\bin\Debug\net6.0\BL.Tests.dll" adapterTypeName="executor://xunit/VsTestRunner2/netcoreapp" className="BL.Tests.UsersServiceTests" name="TestRegisterUserWithNoPassword" />
    </UnitTest>
    <UnitTest name="BL.Tests.UsersServiceTests.TestAdminGetUserByIDAsync" storage="c:\users\alena\desktop\7_sem\testing_and_debugging\skiresort\bl.tests\bin\debug\net6.0\bl.tests.dll" id="e5497347-2721-b7a6-0bd4-69a9921f6947">
      <Execution id="8f9bb07d-f5be-4c15-8623-06fd3cecb791" />
      <TestMethod codeBase="C:\Users\alena\Desktop\7_sem\testing_and_debugging\SkiResort\BL.Tests\bin\Debug\net6.0\BL.Tests.dll" adapterTypeName="executor://xunit/VsTestRunner2/netcoreapp" className="BL.Tests.UsersServiceTests" name="TestAdminGetUserByIDAsync" />
    </UnitTest>
    <UnitTest name="BL.Tests.LiftsServiceTest.TestAdminAddAutoIncrementLiftAsync(userID: 185, lift: Lift { LiftID = 190, LiftName = liftNamec33b6791-c766-4a9e-9f58-0cc740dff6dc, IsOpen = True, SeatsAmount = 253, LiftingTime = 122, QueueTime = 161, ConnectedSlopes =  }, checkPermissionServiceMock: Mock&lt;ICheckPermissionService:5&gt;, liftsRepositoryStub: Mock&lt;ILiftsRepository:5&gt;, sut: LiftsService { })" storage="c:\users\alena\desktop\7_sem\testing_and_debugging\skiresort\bl.tests\bin\debug\net6.0\bl.tests.dll" id="afd7fb92-addd-4d69-1f58-58ccb53915b9">
      <Execution id="1af02a62-90bf-4455-8830-e1ed21f02c9f" />
      <TestMethod codeBase="C:\Users\alena\Desktop\7_sem\testing_and_debugging\SkiResort\BL.Tests\bin\Debug\net6.0\BL.Tests.dll" adapterTypeName="executor://xunit/VsTestRunner2/netcoreapp" className="BL.Tests.LiftsServiceTest" name="TestAdminAddAutoIncrementLiftAsync" />
    </UnitTest>
    <UnitTest name="BL.Tests.UsersServiceTests.TestAdminAddAutoIncrementUser" storage="c:\users\alena\desktop\7_sem\testing_and_debugging\skiresort\bl.tests\bin\debug\net6.0\bl.tests.dll" id="834c739b-eca4-b36d-6a66-5a1bd75377b8">
      <Execution id="9ea3ca33-d9ff-4d1f-8e83-668d33dbfb09" />
      <TestMethod codeBase="C:\Users\alena\Desktop\7_sem\testing_and_debugging\SkiResort\BL.Tests\bin\Debug\net6.0\BL.Tests.dll" adapterTypeName="executor://xunit/VsTestRunner2/netcoreapp" className="BL.Tests.UsersServiceTests" name="TestAdminAddAutoIncrementUser" />
    </UnitTest>
    <UnitTest name="BL.Tests.CheckPermissionsServiceTests.UnauthorizedHasNoAccessToAdminSkiPatrolFunctions(functionName: &quot;GetLiftsSlopesInfoAsync&quot;)" storage="c:\users\alena\desktop\7_sem\testing_and_debugging\skiresort\bl.tests\bin\debug\net6.0\bl.tests.dll" id="387c9729-48c1-486e-5e67-f5d11a9f0db8">
      <Execution id="f17a46f6-a4c7-4cbb-9779-97eefb3c34eb" />
      <TestMethod codeBase="C:\Users\alena\Desktop\7_sem\testing_and_debugging\SkiResort\BL.Tests\bin\Debug\net6.0\BL.Tests.dll" adapterTypeName="executor://xunit/VsTestRunner2/netcoreapp" className="BL.Tests.CheckPermissionsServiceTests" name="UnauthorizedHasNoAccessToAdminSkiPatrolFunctions" />
    </UnitTest>
    <UnitTest name="BL.Tests.CheckPermissionsServiceTests.SkiPatrolHasAccessToAdminSkiPatrolFunctions(functionName: &quot;MarkMessageReadByUserAsync&quot;)" storage="c:\users\alena\desktop\7_sem\testing_and_debugging\skiresort\bl.tests\bin\debug\net6.0\bl.tests.dll" id="60bd668f-04df-da5e-b79b-5d9aedb5234d">
      <Execution id="4ef98e26-da4a-45ef-8ef0-c95fb7abb841" />
      <TestMethod codeBase="C:\Users\alena\Desktop\7_sem\testing_and_debugging\SkiResort\BL.Tests\bin\Debug\net6.0\BL.Tests.dll" adapterTypeName="executor://xunit/VsTestRunner2/netcoreapp" className="BL.Tests.CheckPermissionsServiceTests" name="SkiPatrolHasAccessToAdminSkiPatrolFunctions" />
    </UnitTest>
    <UnitTest name="BL.Tests.CheckPermissionsServiceTests.UnauthorizedHasNoAccessToAdminFunctions" storage="c:\users\alena\desktop\7_sem\testing_and_debugging\skiresort\bl.tests\bin\debug\net6.0\bl.tests.dll" id="e2d7e5be-3dae-33ae-fb17-c704b6fd58d6">
      <Execution id="81dfa429-bd80-45f5-84c7-7abfdaa7426e" />
      <TestMethod codeBase="C:\Users\alena\Desktop\7_sem\testing_and_debugging\SkiResort\BL.Tests\bin\Debug\net6.0\BL.Tests.dll" adapterTypeName="executor://xunit/VsTestRunner2/netcoreapp" className="BL.Tests.CheckPermissionsServiceTests" name="UnauthorizedHasNoAccessToAdminFunctions" />
    </UnitTest>
    <UnitTest name="BL.Tests.CheckPermissionsServiceTests.SkiPatrolHasAccessToAdminSkiPatrolFunctions(functionName: &quot;GetLiftsSlopesInfoAsync&quot;)" storage="c:\users\alena\desktop\7_sem\testing_and_debugging\skiresort\bl.tests\bin\debug\net6.0\bl.tests.dll" id="2d706594-f2b3-b3c8-21d4-86c9798c3306">
      <Execution id="47888b09-05a1-4d1c-9503-f7530e120e51" />
      <TestMethod codeBase="C:\Users\alena\Desktop\7_sem\testing_and_debugging\SkiResort\BL.Tests\bin\Debug\net6.0\BL.Tests.dll" adapterTypeName="executor://xunit/VsTestRunner2/netcoreapp" className="BL.Tests.CheckPermissionsServiceTests" name="SkiPatrolHasAccessToAdminSkiPatrolFunctions" />
    </UnitTest>
    <UnitTest name="BL.Tests.UsersServiceTests.TestLogInWithWrongPassword" storage="c:\users\alena\desktop\7_sem\testing_and_debugging\skiresort\bl.tests\bin\debug\net6.0\bl.tests.dll" id="69340bb6-3645-f9dd-971e-29d8b2a009bb">
      <Execution id="b0e58a21-5afa-47bc-97fe-929cec46d8f2" />
      <TestMethod codeBase="C:\Users\alena\Desktop\7_sem\testing_and_debugging\SkiResort\BL.Tests\bin\Debug\net6.0\BL.Tests.dll" adapterTypeName="executor://xunit/VsTestRunner2/netcoreapp" className="BL.Tests.UsersServiceTests" name="TestLogInWithWrongPassword" />
    </UnitTest>
    <UnitTest name="BL.Tests.CheckPermissionsServiceTests.SkiPatrolHasNoAccessToAdminFunctions" storage="c:\users\alena\desktop\7_sem\testing_and_debugging\skiresort\bl.tests\bin\debug\net6.0\bl.tests.dll" id="492c0393-35b4-df26-a537-21ca08302f3c">
      <Execution id="f1747c79-0177-405b-8c1b-dbfeb6d26301" />
      <TestMethod codeBase="C:\Users\alena\Desktop\7_sem\testing_and_debugging\SkiResort\BL.Tests\bin\Debug\net6.0\BL.Tests.dll" adapterTypeName="executor://xunit/VsTestRunner2/netcoreapp" className="BL.Tests.CheckPermissionsServiceTests" name="SkiPatrolHasNoAccessToAdminFunctions" />
    </UnitTest>
    <UnitTest name="BL.Tests.TurnstilesServiceTest.TestAdminAddAutoIncrementTurnstileAsync(userID: 196, turnstile: Turnstile { TurnstileID = 160, LiftID = 7, IsOpen = True }, checkPermissionServiceMock: Mock&lt;ICheckPermissionService:16&gt;, turnstilesRepositoryStub: Mock&lt;ITurnstilesRepository:10&gt;, sut: TurnstilesService { })" storage="c:\users\alena\desktop\7_sem\testing_and_debugging\skiresort\bl.tests\bin\debug\net6.0\bl.tests.dll" id="5e4c7cf6-c6ac-d863-8b5a-2df9b03fcd3d">
      <Execution id="46c9294a-1b8e-4b34-a50f-9cb94b2192cc" />
      <TestMethod codeBase="C:\Users\alena\Desktop\7_sem\testing_and_debugging\SkiResort\BL.Tests\bin\Debug\net6.0\BL.Tests.dll" adapterTypeName="executor://xunit/VsTestRunner2/netcoreapp" className="BL.Tests.TurnstilesServiceTest" name="TestAdminAddAutoIncrementTurnstileAsync" />
    </UnitTest>
    <UnitTest name="BL.Tests.TurnstilesServiceTest.TestAdminDeleteTurnstileAsync(userID: 183, turnstile: Turnstile { TurnstileID = 202, LiftID = 233, IsOpen = True }, checkPermissionServiceMock: Mock&lt;ICheckPermissionService:15&gt;, turnstilesRepositoryStub: Mock&lt;ITurnstilesRepository:9&gt;, sut: TurnstilesService { })" storage="c:\users\alena\desktop\7_sem\testing_and_debugging\skiresort\bl.tests\bin\debug\net6.0\bl.tests.dll" id="86ef6096-97db-14e1-cd16-79ac453dc3b0">
      <Execution id="bced95da-560d-4fa1-b1ea-c62022358912" />
      <TestMethod codeBase="C:\Users\alena\Desktop\7_sem\testing_and_debugging\SkiResort\BL.Tests\bin\Debug\net6.0\BL.Tests.dll" adapterTypeName="executor://xunit/VsTestRunner2/netcoreapp" className="BL.Tests.TurnstilesServiceTest" name="TestAdminDeleteTurnstileAsync" />
    </UnitTest>
    <UnitTest name="BL.Tests.UsersServiceTests.TestAdminDeleteUser" storage="c:\users\alena\desktop\7_sem\testing_and_debugging\skiresort\bl.tests\bin\debug\net6.0\bl.tests.dll" id="18fa8c62-e27d-e1fc-8182-4d7db62b008d">
      <Execution id="fd91eeb1-74d2-48da-849c-34a647dff6d0" />
      <TestMethod codeBase="C:\Users\alena\Desktop\7_sem\testing_and_debugging\SkiResort\BL.Tests\bin\Debug\net6.0\BL.Tests.dll" adapterTypeName="executor://xunit/VsTestRunner2/netcoreapp" className="BL.Tests.UsersServiceTests" name="TestAdminDeleteUser" />
    </UnitTest>
    <UnitTest name="BL.Tests.CheckPermissionsServiceTests.AuthorizedHasAccessToAuthorizedFunctions(functionName: &quot;LogOutAsync&quot;)" storage="c:\users\alena\desktop\7_sem\testing_and_debugging\skiresort\bl.tests\bin\debug\net6.0\bl.tests.dll" id="aa28a6b3-21d3-aa45-24d3-bef2facbc899">
      <Execution id="312ee67e-9472-495a-a958-af978328499a" />
      <TestMethod codeBase="C:\Users\alena\Desktop\7_sem\testing_and_debugging\SkiResort\BL.Tests\bin\Debug\net6.0\BL.Tests.dll" adapterTypeName="executor://xunit/VsTestRunner2/netcoreapp" className="BL.Tests.CheckPermissionsServiceTests" name="AuthorizedHasAccessToAuthorizedFunctions" />
    </UnitTest>
    <UnitTest name="BL.Tests.LiftsSlopesServiceTests.TestAdminAddAutoIncrementLiftSlopeAsync(lift: Lift { LiftID = 226, LiftName = liftNamea16795c1-f723-4667-9307-5e851dc73e07, IsOpen = True, SeatsAmount = 190, LiftingTime = 41, QueueTime = 173, ConnectedSlopes =  }, slope: Slope { SlopeID = 212, SlopeName = slopeName5ad01eef-4f12-46d4-861b-09f28af180d7, IsOpen = False, DifficultyLevel = 184, ConnectedLifts =  }, slopesRepositoryStub: Mock&lt;ISlopesRepository:3&gt;..." storage="c:\users\alena\desktop\7_sem\testing_and_debugging\skiresort\bl.tests\bin\debug\net6.0\bl.tests.dll" id="716e6a9b-4f5f-3816-b413-52b9c55a3aae">
      <Execution id="6596f738-d17e-4839-802b-a0b9389f673b" />
      <TestMethod codeBase="C:\Users\alena\Desktop\7_sem\testing_and_debugging\SkiResort\BL.Tests\bin\Debug\net6.0\BL.Tests.dll" adapterTypeName="executor://xunit/VsTestRunner2/netcoreapp" className="BL.Tests.LiftsSlopesServiceTests" name="TestAdminAddAutoIncrementLiftSlopeAsync" />
    </UnitTest>
    <UnitTest name="BL.Tests.LiftsServiceTest.TestGetLiftInfoAsync(userID: 154, lift: Lift { LiftID = 196, LiftName = liftName419b9900-eac4-45f5-940e-f1baff0411b0, IsOpen = True, SeatsAmount = 1, LiftingTime = 118, QueueTime = 123, ConnectedSlopes =  }, checkPermissionServiceMock: Mock&lt;ICheckPermissionService:1&gt;, liftsRepositoryStub: Mock&lt;ILiftsRepository:1&gt;, liftsSlopesRepositoryStub: Mock&lt;ILiftsSlopesRepository:1&gt;, sut: LiftsService { })" storage="c:\users\alena\desktop\7_sem\testing_and_debugging\skiresort\bl.tests\bin\debug\net6.0\bl.tests.dll" id="52f7e89d-f162-fbd5-0adc-8928808ec1a6">
      <Execution id="50d77eb5-3823-4a6f-9a97-afcd22dedbf8" />
      <TestMethod codeBase="C:\Users\alena\Desktop\7_sem\testing_and_debugging\SkiResort\BL.Tests\bin\Debug\net6.0\BL.Tests.dll" adapterTypeName="executor://xunit/VsTestRunner2/netcoreapp" className="BL.Tests.LiftsServiceTest" name="TestGetLiftInfoAsync" />
    </UnitTest>
    <UnitTest name="BL.Tests.UsersServiceTests.TestAdminUpdateUser" storage="c:\users\alena\desktop\7_sem\testing_and_debugging\skiresort\bl.tests\bin\debug\net6.0\bl.tests.dll" id="06d0bc3a-24a0-fb7f-4277-e9ae6d21c7dd">
      <Execution id="bc32dd8f-2c29-49bd-bb1d-029765536ee1" />
      <TestMethod codeBase="C:\Users\alena\Desktop\7_sem\testing_and_debugging\SkiResort\BL.Tests\bin\Debug\net6.0\BL.Tests.dll" adapterTypeName="executor://xunit/VsTestRunner2/netcoreapp" className="BL.Tests.UsersServiceTests" name="TestAdminUpdateUser" />
    </UnitTest>
    <UnitTest name="BL.Tests.UsersServiceTests.TestLogInOk" storage="c:\users\alena\desktop\7_sem\testing_and_debugging\skiresort\bl.tests\bin\debug\net6.0\bl.tests.dll" id="1ca07ad8-f799-c5d4-e7cc-34fd950198a2">
      <Execution id="fceff251-f1d8-48ab-99bd-74f019c1888f" />
      <TestMethod codeBase="C:\Users\alena\Desktop\7_sem\testing_and_debugging\SkiResort\BL.Tests\bin\Debug\net6.0\BL.Tests.dll" adapterTypeName="executor://xunit/VsTestRunner2/netcoreapp" className="BL.Tests.UsersServiceTests" name="TestLogInOk" />
    </UnitTest>
    <UnitTest name="BL.Tests.TurnstilesServiceTest.TestAdminUpdateTurnstileAsync(userID: 7, turnstile: Turnstile { TurnstileID = 221, LiftID = 200, IsOpen = True }, checkPermissionServiceMock: Mock&lt;ICheckPermissionService:14&gt;, turnstilesRepositoryStub: Mock&lt;ITurnstilesRepository:8&gt;, sut: TurnstilesService { })" storage="c:\users\alena\desktop\7_sem\testing_and_debugging\skiresort\bl.tests\bin\debug\net6.0\bl.tests.dll" id="71a604c4-d162-0e55-56ce-7ddfb4caf3e3">
      <Execution id="d4220d25-4fce-48ac-896c-c915a8a69cb0" />
      <TestMethod codeBase="C:\Users\alena\Desktop\7_sem\testing_and_debugging\SkiResort\BL.Tests\bin\Debug\net6.0\BL.Tests.dll" adapterTypeName="executor://xunit/VsTestRunner2/netcoreapp" className="BL.Tests.TurnstilesServiceTest" name="TestAdminUpdateTurnstileAsync" />
    </UnitTest>
    <UnitTest name="BL.Tests.UsersServiceTests.TestAdminGetUsers" storage="c:\users\alena\desktop\7_sem\testing_and_debugging\skiresort\bl.tests\bin\debug\net6.0\bl.tests.dll" id="20ad8570-0170-85de-dcd7-2f109dd7bcd6">
      <Execution id="f0a6a52b-dc77-417a-904b-71049e0ade14" />
      <TestMethod codeBase="C:\Users\alena\Desktop\7_sem\testing_and_debugging\SkiResort\BL.Tests\bin\Debug\net6.0\BL.Tests.dll" adapterTypeName="executor://xunit/VsTestRunner2/netcoreapp" className="BL.Tests.UsersServiceTests" name="TestAdminGetUsers" />
    </UnitTest>
    <UnitTest name="BL.Tests.CheckPermissionsServiceTests.UnauthorizedHasNoAccessToAdminSkiPatrolFunctions(functionName: &quot;GetMessagesAsync&quot;)" storage="c:\users\alena\desktop\7_sem\testing_and_debugging\skiresort\bl.tests\bin\debug\net6.0\bl.tests.dll" id="229812f5-9a73-5335-11f5-31330d1348a5">
      <Execution id="5701d9ef-a8ba-43df-959f-dbc5cd1fb8bc" />
      <TestMethod codeBase="C:\Users\alena\Desktop\7_sem\testing_and_debugging\SkiResort\BL.Tests\bin\Debug\net6.0\BL.Tests.dll" adapterTypeName="executor://xunit/VsTestRunner2/netcoreapp" className="BL.Tests.CheckPermissionsServiceTests" name="UnauthorizedHasNoAccessToAdminSkiPatrolFunctions" />
    </UnitTest>
    <UnitTest name="BL.Tests.LiftsSlopesServiceTests.TestGetLiftsSlopesInfoAsync(liftsSlopes: [LiftSlope { RecordID = 185, LiftID = 108, SlopeID = 16 }, LiftSlope { RecordID = 226, LiftID = 162, SlopeID = 128 }, LiftSlope { RecordID = 148, LiftID = 4, SlopeID = 195 }], slopesRepositoryStub: Mock&lt;ISlopesRepository:1&gt;, liftsRepositoryStub: Mock&lt;ILiftsRepository:6&gt;, liftsSlopesRepositoryStub: Mock&lt;ILiftsSlopesRepository:6&gt;)" storage="c:\users\alena\desktop\7_sem\testing_and_debugging\skiresort\bl.tests\bin\debug\net6.0\bl.tests.dll" id="39be9b5e-0bc4-57dc-37d3-aec6b520299d">
      <Execution id="948dbe0f-a49c-4304-b565-04f9abe84f54" />
      <TestMethod codeBase="C:\Users\alena\Desktop\7_sem\testing_and_debugging\SkiResort\BL.Tests\bin\Debug\net6.0\BL.Tests.dll" adapterTypeName="executor://xunit/VsTestRunner2/netcoreapp" className="BL.Tests.LiftsSlopesServiceTests" name="TestGetLiftsSlopesInfoAsync" />
    </UnitTest>
    <UnitTest name="BL.Tests.LiftsServiceTest.TestAdminDeleteLiftAsync(userID: 142, lift: Lift { LiftID = 113, LiftName = liftName54cb546c-c79b-460c-9bc4-43a3e752b539, IsOpen = True, SeatsAmount = 207, LiftingTime = 19, QueueTime = 2, ConnectedSlopes =  }, checkPermissionServiceMock: Mock&lt;ICheckPermissionService:4&gt;, liftsRepositoryStub: Mock&lt;ILiftsRepository:4&gt;, liftsSlopesRepositoryStub: Mock&lt;ILiftsSlopesRepository:4&gt;, sut: LiftsService { })" storage="c:\users\alena\desktop\7_sem\testing_and_debugging\skiresort\bl.tests\bin\debug\net6.0\bl.tests.dll" id="0bfc2104-9289-c3f6-7111-18735a0d76f8">
      <Execution id="10c6e735-9df6-4305-999e-9f4bc486fcf1" />
      <TestMethod codeBase="C:\Users\alena\Desktop\7_sem\testing_and_debugging\SkiResort\BL.Tests\bin\Debug\net6.0\BL.Tests.dll" adapterTypeName="executor://xunit/VsTestRunner2/netcoreapp" className="BL.Tests.LiftsServiceTest" name="TestAdminDeleteLiftAsync" />
    </UnitTest>
    <UnitTest name="BL.Tests.CheckPermissionsServiceTests.AuthorizedHasNoAccessToAdminSkiPatrolFunctions(functionName: &quot;GetLiftsSlopesInfoAsync&quot;)" storage="c:\users\alena\desktop\7_sem\testing_and_debugging\skiresort\bl.tests\bin\debug\net6.0\bl.tests.dll" id="4f297306-d4f3-8d63-e7f4-1ac0b8c58c74">
      <Execution id="e8f434ea-2bb7-4c7f-99ab-c69170cf9743" />
      <TestMethod codeBase="C:\Users\alena\Desktop\7_sem\testing_and_debugging\SkiResort\BL.Tests\bin\Debug\net6.0\BL.Tests.dll" adapterTypeName="executor://xunit/VsTestRunner2/netcoreapp" className="BL.Tests.CheckPermissionsServiceTests" name="AuthorizedHasNoAccessToAdminSkiPatrolFunctions" />
    </UnitTest>
    <UnitTest name="BL.Tests.LiftsServiceTest.TestGetLiftsInfoAsync(userID: 199, initialLifts: [Lift { LiftID = 165, LiftName = liftName79b5e8b9-baa0-4a6c-927b-720144059b03, IsOpen = True, SeatsAmount = 237, LiftingTime = 76, QueueTime = 114, ConnectedSlopes =  }, Lift { LiftID = 14, LiftName = liftName4fb4608d-a02d-4aeb-9783-3a72e483c84c, IsOpen = False, SeatsAmount = 107, LiftingTime = 127, QueueTime = 144, ConnectedSlopes =  }, Lift { LiftID = 90, LiftName ..." storage="c:\users\alena\desktop\7_sem\testing_and_debugging\skiresort\bl.tests\bin\debug\net6.0\bl.tests.dll" id="d1728e1d-ba8a-3234-60fe-1d91dde3576d">
      <Execution id="1df91247-a204-44d3-81cf-0404cb64e897" />
      <TestMethod codeBase="C:\Users\alena\Desktop\7_sem\testing_and_debugging\SkiResort\BL.Tests\bin\Debug\net6.0\BL.Tests.dll" adapterTypeName="executor://xunit/VsTestRunner2/netcoreapp" className="BL.Tests.LiftsServiceTest" name="TestGetLiftsInfoAsync" />
    </UnitTest>
    <UnitTest name="BL.Tests.UsersServiceTests.TestRegisterOk" storage="c:\users\alena\desktop\7_sem\testing_and_debugging\skiresort\bl.tests\bin\debug\net6.0\bl.tests.dll" id="0eeef75f-6e38-7893-a8fe-cff3e0a970a7">
      <Execution id="0968e03d-c9bb-4bf1-9dc6-c4f1a1a29894" />
      <TestMethod codeBase="C:\Users\alena\Desktop\7_sem\testing_and_debugging\SkiResort\BL.Tests\bin\Debug\net6.0\BL.Tests.dll" adapterTypeName="executor://xunit/VsTestRunner2/netcoreapp" className="BL.Tests.UsersServiceTests" name="TestRegisterOk" />
    </UnitTest>
    <UnitTest name="BL.Tests.CheckPermissionsServiceTests.AuthorizedHasAccessToAuthorizedFunctions(functionName: &quot;SendMessageAsync&quot;)" storage="c:\users\alena\desktop\7_sem\testing_and_debugging\skiresort\bl.tests\bin\debug\net6.0\bl.tests.dll" id="644ec43e-70cd-c82d-42e7-0d990be1414d">
      <Execution id="c189139d-ba10-47a8-812b-9990da8d9357" />
      <TestMethod codeBase="C:\Users\alena\Desktop\7_sem\testing_and_debugging\SkiResort\BL.Tests\bin\Debug\net6.0\BL.Tests.dll" adapterTypeName="executor://xunit/VsTestRunner2/netcoreapp" className="BL.Tests.CheckPermissionsServiceTests" name="AuthorizedHasAccessToAuthorizedFunctions" />
    </UnitTest>
    <UnitTest name="BL.Tests.SlopesServiceTest.TestAdminAddAutoIncrementSlopeAsync(userID: 200, slope: Slope { SlopeID = 204, SlopeName = slopeName90fc0164-9c6e-4a0e-b34e-dd44391b46d9, IsOpen = True, DifficultyLevel = 213, ConnectedLifts =  }, checkPermissionServiceMock: Mock&lt;ICheckPermissionService:10&gt;, slopesRepositoryStub: Mock&lt;ISlopesRepository:8&gt;, sut: SlopesService { })" storage="c:\users\alena\desktop\7_sem\testing_and_debugging\skiresort\bl.tests\bin\debug\net6.0\bl.tests.dll" id="873280d0-c03a-7e48-dd29-70f050e9c569">
      <Execution id="8e3a2d22-682e-44ba-9b5c-2c23fb758b17" />
      <TestMethod codeBase="C:\Users\alena\Desktop\7_sem\testing_and_debugging\SkiResort\BL.Tests\bin\Debug\net6.0\BL.Tests.dll" adapterTypeName="executor://xunit/VsTestRunner2/netcoreapp" className="BL.Tests.SlopesServiceTest" name="TestAdminAddAutoIncrementSlopeAsync" />
    </UnitTest>
    <UnitTest name="BL.Tests.CheckPermissionsServiceTests.UnauthorizedHasNoAccessToAuthorizedFunctions(functionName: &quot;LogOutAsync&quot;)" storage="c:\users\alena\desktop\7_sem\testing_and_debugging\skiresort\bl.tests\bin\debug\net6.0\bl.tests.dll" id="fa960c5e-f989-2880-784e-8efe538c5231">
      <Execution id="aef15ab7-8c47-4fc5-ad26-c2e09a5b1dd1" />
      <TestMethod codeBase="C:\Users\alena\Desktop\7_sem\testing_and_debugging\SkiResort\BL.Tests\bin\Debug\net6.0\BL.Tests.dll" adapterTypeName="executor://xunit/VsTestRunner2/netcoreapp" className="BL.Tests.CheckPermissionsServiceTests" name="UnauthorizedHasNoAccessToAuthorizedFunctions" />
    </UnitTest>
    <UnitTest name="BL.Tests.TurnstilesServiceTest.TestAdminGetTurnstilesAsync(userID: 61, initialTurnstiles: [Turnstile { TurnstileID = 15, LiftID = 106, IsOpen = True }, Turnstile { TurnstileID = 196, LiftID = 252, IsOpen = False }, Turnstile { TurnstileID = 202, LiftID = 138, IsOpen = True }], checkPermissionServiceMock: Mock&lt;ICheckPermissionService:13&gt;, turnstilesRepositoryStub: Mock&lt;ITurnstilesRepository:7&gt;, sut: TurnstilesService { })" storage="c:\users\alena\desktop\7_sem\testing_and_debugging\skiresort\bl.tests\bin\debug\net6.0\bl.tests.dll" id="cd4e364f-1811-8ed9-e273-d02411a07933">
      <Execution id="79df41f5-6d07-4574-94db-45428b490f19" />
      <TestMethod codeBase="C:\Users\alena\Desktop\7_sem\testing_and_debugging\SkiResort\BL.Tests\bin\Debug\net6.0\BL.Tests.dll" adapterTypeName="executor://xunit/VsTestRunner2/netcoreapp" className="BL.Tests.TurnstilesServiceTest" name="TestAdminGetTurnstilesAsync" />
    </UnitTest>
    <UnitTest name="BL.Tests.CheckPermissionsServiceTests.UnauthorizedHasNoAccessToAuthorizedFunctions(functionName: &quot;SendMessageAsync&quot;)" storage="c:\users\alena\desktop\7_sem\testing_and_debugging\skiresort\bl.tests\bin\debug\net6.0\bl.tests.dll" id="eaabd2fc-2f4b-5689-59c8-c7ad34a8f634">
      <Execution id="0d448a64-e5db-425f-ad5f-f047a1401f22" />
      <TestMethod codeBase="C:\Users\alena\Desktop\7_sem\testing_and_debugging\SkiResort\BL.Tests\bin\Debug\net6.0\BL.Tests.dll" adapterTypeName="executor://xunit/VsTestRunner2/netcoreapp" className="BL.Tests.CheckPermissionsServiceTests" name="UnauthorizedHasNoAccessToAuthorizedFunctions" />
    </UnitTest>
    <UnitTest name="BL.Tests.UsersServiceTests.TestRegisterUserWithRepeatedEmail" storage="c:\users\alena\desktop\7_sem\testing_and_debugging\skiresort\bl.tests\bin\debug\net6.0\bl.tests.dll" id="894941c1-bfa7-d8f9-c047-1e1ceefe2c2f">
      <Execution id="1b2c340b-f74b-407a-845d-d3f94ffd8503" />
      <TestMethod codeBase="C:\Users\alena\Desktop\7_sem\testing_and_debugging\SkiResort\BL.Tests\bin\Debug\net6.0\BL.Tests.dll" adapterTypeName="executor://xunit/VsTestRunner2/netcoreapp" className="BL.Tests.UsersServiceTests" name="TestRegisterUserWithRepeatedEmail" />
    </UnitTest>
    <UnitTest name="BL.Tests.LiftsServiceTest.TestUpdateLiftInfoAsync(userID: 188, lift: Lift { LiftID = 179, LiftName = liftName70c4ba79-5de2-4636-a136-ce8c21109c26, IsOpen = True, SeatsAmount = 230, LiftingTime = 143, QueueTime = 39, ConnectedSlopes =  }, checkPermissionServiceMock: Mock&lt;ICheckPermissionService:3&gt;, liftsRepositoryStub: Mock&lt;ILiftsRepository:3&gt;, sut: LiftsService { })" storage="c:\users\alena\desktop\7_sem\testing_and_debugging\skiresort\bl.tests\bin\debug\net6.0\bl.tests.dll" id="5a63d193-3186-1433-2a56-1839dff9b877">
      <Execution id="15a2a4c0-c63f-43b9-bd87-e52822a401c6" />
      <TestMethod codeBase="C:\Users\alena\Desktop\7_sem\testing_and_debugging\SkiResort\BL.Tests\bin\Debug\net6.0\BL.Tests.dll" adapterTypeName="executor://xunit/VsTestRunner2/netcoreapp" className="BL.Tests.LiftsServiceTest" name="TestUpdateLiftInfoAsync" />
    </UnitTest>
    <UnitTest name="BL.Tests.SlopesServiceTest.TestGetSlopesInfoAsync(userID: 243, initialSlopes: [Slope { SlopeID = 143, SlopeName = slopeNamefab0e457-9d5f-419f-9913-d41587e1e46d, IsOpen = True, DifficultyLevel = 75, ConnectedLifts =  }, Slope { SlopeID = 140, SlopeName = slopeName78e0d3fb-3297-4d55-ad37-c1f95c6fd838, IsOpen = False, DifficultyLevel = 205, ConnectedLifts =  }, Slope { SlopeID = 50, SlopeName = slopeName549a0cb6-9317-4920-98a0-d5e2575e3acb, Is..." storage="c:\users\alena\desktop\7_sem\testing_and_debugging\skiresort\bl.tests\bin\debug\net6.0\bl.tests.dll" id="77f80123-7ec6-5d8f-9dab-2b9c8a8cef17">
      <Execution id="cc46ac3f-75bc-4b26-ae82-5a58405b0564" />
      <TestMethod codeBase="C:\Users\alena\Desktop\7_sem\testing_and_debugging\SkiResort\BL.Tests\bin\Debug\net6.0\BL.Tests.dll" adapterTypeName="executor://xunit/VsTestRunner2/netcoreapp" className="BL.Tests.SlopesServiceTest" name="TestGetSlopesInfoAsync" />
    </UnitTest>
    <UnitTest name="BL.Tests.SlopesServiceTest.TestUpdateSlopeInfoAsync(userID: 72, slope: Slope { SlopeID = 25, SlopeName = slopeName283623c0-7d41-47ec-ab5f-53603b7ea478, IsOpen = True, DifficultyLevel = 117, ConnectedLifts =  }, checkPermissionServiceMock: Mock&lt;ICheckPermissionService:8&gt;, slopesRepositoryStub: Mock&lt;ISlopesRepository:6&gt;, sut: SlopesService { })" storage="c:\users\alena\desktop\7_sem\testing_and_debugging\skiresort\bl.tests\bin\debug\net6.0\bl.tests.dll" id="171461cd-e535-59e3-0c26-4c8d97cbe319">
      <Execution id="61a0ae62-0e24-4ebc-ba7f-d1a1cc2bf151" />
      <TestMethod codeBase="C:\Users\alena\Desktop\7_sem\testing_and_debugging\SkiResort\BL.Tests\bin\Debug\net6.0\BL.Tests.dll" adapterTypeName="executor://xunit/VsTestRunner2/netcoreapp" className="BL.Tests.SlopesServiceTest" name="TestUpdateSlopeInfoAsync" />
    </UnitTest>
    <UnitTest name="BL.Tests.LiftsSlopesServiceTests.TestAdminDeleteLiftSlopeAsync(lift: Lift { LiftID = 35, LiftName = liftNamec3e6e79a-1e20-4dcc-a5f7-3d041f068813, IsOpen = True, SeatsAmount = 254, LiftingTime = 180, QueueTime = 237, ConnectedSlopes =  }, slope: Slope { SlopeID = 9, SlopeName = slopeName22ba17df-5b2d-4017-9a81-be17a8e8f200, IsOpen = False, DifficultyLevel = 221, ConnectedLifts =  }, slopesRepositoryStub: Mock&lt;ISlopesRepository:2&gt;, liftsRepos..." storage="c:\users\alena\desktop\7_sem\testing_and_debugging\skiresort\bl.tests\bin\debug\net6.0\bl.tests.dll" id="32e39ae5-c24b-8ab4-3d78-d492e35d0508">
      <Execution id="3ec4693d-708c-402a-9468-5abc3f22f8be" />
      <TestMethod codeBase="C:\Users\alena\Desktop\7_sem\testing_and_debugging\SkiResort\BL.Tests\bin\Debug\net6.0\BL.Tests.dll" adapterTypeName="executor://xunit/VsTestRunner2/netcoreapp" className="BL.Tests.LiftsSlopesServiceTests" name="TestAdminDeleteLiftSlopeAsync" />
    </UnitTest>
    <UnitTest name="BL.Tests.TurnstilesServiceTest.TestAdminGetTurnstileAsync(userID: 210, turnstile: Turnstile { TurnstileID = 11, LiftID = 93, IsOpen = True }, checkPermissionServiceMock: Mock&lt;ICheckPermissionService:12&gt;, turnstilesRepositoryStub: Mock&lt;ITurnstilesRepository:6&gt;, sut: TurnstilesService { })" storage="c:\users\alena\desktop\7_sem\testing_and_debugging\skiresort\bl.tests\bin\debug\net6.0\bl.tests.dll" id="1b096158-d432-356b-03ac-1201b9df4a6b">
      <Execution id="90bac2b5-8d33-48bf-992a-e06729a1e108" />
      <TestMethod codeBase="C:\Users\alena\Desktop\7_sem\testing_and_debugging\SkiResort\BL.Tests\bin\Debug\net6.0\BL.Tests.dll" adapterTypeName="executor://xunit/VsTestRunner2/netcoreapp" className="BL.Tests.TurnstilesServiceTest" name="TestAdminGetTurnstileAsync" />
    </UnitTest>
    <UnitTest name="BL.Tests.UsersServiceTests.TestRegisterUserWithNoEmail" storage="c:\users\alena\desktop\7_sem\testing_and_debugging\skiresort\bl.tests\bin\debug\net6.0\bl.tests.dll" id="8184bd30-991c-b78d-b4ec-99a485eac0dd">
      <Execution id="17f277f0-9a99-4fb7-8511-1aa896325a7f" />
      <TestMethod codeBase="C:\Users\alena\Desktop\7_sem\testing_and_debugging\SkiResort\BL.Tests\bin\Debug\net6.0\BL.Tests.dll" adapterTypeName="executor://xunit/VsTestRunner2/netcoreapp" className="BL.Tests.UsersServiceTests" name="TestRegisterUserWithNoEmail" />
    </UnitTest>
    <UnitTest name="BL.Tests.SlopesServiceTest.TestAdminDeleteSlopeAsync(userID: 109, slope: Slope { SlopeID = 26, SlopeName = slopeName15f914b5-6275-452e-9d78-63685fd2eb6f, IsOpen = True, DifficultyLevel = 85, ConnectedLifts =  }, checkPermissionServiceMock: Mock&lt;ICheckPermissionService:9&gt;, slopesRepositoryStub: Mock&lt;ISlopesRepository:7&gt;, liftsSlopesRepositoryStub: Mock&lt;ILiftsSlopesRepository:12&gt;, sut: SlopesService { })" storage="c:\users\alena\desktop\7_sem\testing_and_debugging\skiresort\bl.tests\bin\debug\net6.0\bl.tests.dll" id="0d6b30f7-2ea3-be2d-2b44-fbe10d76af3c">
      <Execution id="bc2efa4f-1163-44bc-90f7-1bc794b605c0" />
      <TestMethod codeBase="C:\Users\alena\Desktop\7_sem\testing_and_debugging\SkiResort\BL.Tests\bin\Debug\net6.0\BL.Tests.dll" adapterTypeName="executor://xunit/VsTestRunner2/netcoreapp" className="BL.Tests.SlopesServiceTest" name="TestAdminDeleteSlopeAsync" />
    </UnitTest>
  </TestDefinitions>
  <TestEntries>
    <TestEntry testId="0bfc2104-9289-c3f6-7111-18735a0d76f8" executionId="10c6e735-9df6-4305-999e-9f4bc486fcf1" testListId="8c84fa94-04c1-424b-9868-57a2d4851a1d" />
    <TestEntry testId="86ef6096-97db-14e1-cd16-79ac453dc3b0" executionId="bced95da-560d-4fa1-b1ea-c62022358912" testListId="8c84fa94-04c1-424b-9868-57a2d4851a1d" />
    <TestEntry testId="06d0bc3a-24a0-fb7f-4277-e9ae6d21c7dd" executionId="bc32dd8f-2c29-49bd-bb1d-029765536ee1" testListId="8c84fa94-04c1-424b-9868-57a2d4851a1d" />
    <TestEntry testId="52f7e89d-f162-fbd5-0adc-8928808ec1a6" executionId="50d77eb5-3823-4a6f-9a97-afcd22dedbf8" testListId="8c84fa94-04c1-424b-9868-57a2d4851a1d" />
    <TestEntry testId="9c7df5e2-1b23-ebea-889f-b78ca86b60ab" executionId="414fdd58-c4cd-403e-ac9b-e9f244429599" testListId="8c84fa94-04c1-424b-9868-57a2d4851a1d" />
    <TestEntry testId="71a604c4-d162-0e55-56ce-7ddfb4caf3e3" executionId="d4220d25-4fce-48ac-896c-c915a8a69cb0" testListId="8c84fa94-04c1-424b-9868-57a2d4851a1d" />
    <TestEntry testId="e5497347-2721-b7a6-0bd4-69a9921f6947" executionId="8f9bb07d-f5be-4c15-8623-06fd3cecb791" testListId="8c84fa94-04c1-424b-9868-57a2d4851a1d" />
    <TestEntry testId="873280d0-c03a-7e48-dd29-70f050e9c569" executionId="8e3a2d22-682e-44ba-9b5c-2c23fb758b17" testListId="8c84fa94-04c1-424b-9868-57a2d4851a1d" />
    <TestEntry testId="171461cd-e535-59e3-0c26-4c8d97cbe319" executionId="61a0ae62-0e24-4ebc-ba7f-d1a1cc2bf151" testListId="8c84fa94-04c1-424b-9868-57a2d4851a1d" />
    <TestEntry testId="8184bd30-991c-b78d-b4ec-99a485eac0dd" executionId="17f277f0-9a99-4fb7-8511-1aa896325a7f" testListId="8c84fa94-04c1-424b-9868-57a2d4851a1d" />
    <TestEntry testId="cd4e364f-1811-8ed9-e273-d02411a07933" executionId="79df41f5-6d07-4574-94db-45428b490f19" testListId="8c84fa94-04c1-424b-9868-57a2d4851a1d" />
    <TestEntry testId="644ec43e-70cd-c82d-42e7-0d990be1414d" executionId="c189139d-ba10-47a8-812b-9990da8d9357" testListId="8c84fa94-04c1-424b-9868-57a2d4851a1d" />
    <TestEntry testId="60bd668f-04df-da5e-b79b-5d9aedb5234d" executionId="4ef98e26-da4a-45ef-8ef0-c95fb7abb841" testListId="8c84fa94-04c1-424b-9868-57a2d4851a1d" />
    <TestEntry testId="77f80123-7ec6-5d8f-9dab-2b9c8a8cef17" executionId="cc46ac3f-75bc-4b26-ae82-5a58405b0564" testListId="8c84fa94-04c1-424b-9868-57a2d4851a1d" />
    <TestEntry testId="69340bb6-3645-f9dd-971e-29d8b2a009bb" executionId="b0e58a21-5afa-47bc-97fe-929cec46d8f2" testListId="8c84fa94-04c1-424b-9868-57a2d4851a1d" />
    <TestEntry testId="fa960c5e-f989-2880-784e-8efe538c5231" executionId="aef15ab7-8c47-4fc5-ad26-c2e09a5b1dd1" testListId="8c84fa94-04c1-424b-9868-57a2d4851a1d" />
    <TestEntry testId="894941c1-bfa7-d8f9-c047-1e1ceefe2c2f" executionId="1b2c340b-f74b-407a-845d-d3f94ffd8503" testListId="8c84fa94-04c1-424b-9868-57a2d4851a1d" />
    <TestEntry testId="229812f5-9a73-5335-11f5-31330d1348a5" executionId="5701d9ef-a8ba-43df-959f-dbc5cd1fb8bc" testListId="8c84fa94-04c1-424b-9868-57a2d4851a1d" />
    <TestEntry testId="f7785e6a-b5f3-539c-e224-299e7306d910" executionId="7524796a-c42c-436e-817f-a766575b4acf" testListId="8c84fa94-04c1-424b-9868-57a2d4851a1d" />
    <TestEntry testId="d6a55a47-26a4-dc69-4384-be85c407bf33" executionId="e47c23c7-9728-4c10-abf1-c915eab9e55c" testListId="8c84fa94-04c1-424b-9868-57a2d4851a1d" />
    <TestEntry testId="32e39ae5-c24b-8ab4-3d78-d492e35d0508" executionId="3ec4693d-708c-402a-9468-5abc3f22f8be" testListId="8c84fa94-04c1-424b-9868-57a2d4851a1d" />
    <TestEntry testId="492c0393-35b4-df26-a537-21ca08302f3c" executionId="f1747c79-0177-405b-8c1b-dbfeb6d26301" testListId="8c84fa94-04c1-424b-9868-57a2d4851a1d" />
    <TestEntry testId="f3efc418-a8a6-c7b7-9bac-90b33aa8472f" executionId="ceff39c1-bc15-4747-b26a-b523a4afda90" testListId="8c84fa94-04c1-424b-9868-57a2d4851a1d" />
    <TestEntry testId="a19a5fcf-c5d2-7d44-5d7d-84403042f4e0" executionId="1297eddb-d64c-4c06-aaaf-18b416483872" testListId="8c84fa94-04c1-424b-9868-57a2d4851a1d" />
    <TestEntry testId="5a63d193-3186-1433-2a56-1839dff9b877" executionId="15a2a4c0-c63f-43b9-bd87-e52822a401c6" testListId="8c84fa94-04c1-424b-9868-57a2d4851a1d" />
    <TestEntry testId="834c739b-eca4-b36d-6a66-5a1bd75377b8" executionId="9ea3ca33-d9ff-4d1f-8e83-668d33dbfb09" testListId="8c84fa94-04c1-424b-9868-57a2d4851a1d" />
    <TestEntry testId="e2d7e5be-3dae-33ae-fb17-c704b6fd58d6" executionId="81dfa429-bd80-45f5-84c7-7abfdaa7426e" testListId="8c84fa94-04c1-424b-9868-57a2d4851a1d" />
    <TestEntry testId="4f297306-d4f3-8d63-e7f4-1ac0b8c58c74" executionId="e8f434ea-2bb7-4c7f-99ab-c69170cf9743" testListId="8c84fa94-04c1-424b-9868-57a2d4851a1d" />
    <TestEntry testId="39be9b5e-0bc4-57dc-37d3-aec6b520299d" executionId="948dbe0f-a49c-4304-b565-04f9abe84f54" testListId="8c84fa94-04c1-424b-9868-57a2d4851a1d" />
    <TestEntry testId="20ad8570-0170-85de-dcd7-2f109dd7bcd6" executionId="f0a6a52b-dc77-417a-904b-71049e0ade14" testListId="8c84fa94-04c1-424b-9868-57a2d4851a1d" />
    <TestEntry testId="18fa8c62-e27d-e1fc-8182-4d7db62b008d" executionId="fd91eeb1-74d2-48da-849c-34a647dff6d0" testListId="8c84fa94-04c1-424b-9868-57a2d4851a1d" />
    <TestEntry testId="aa28a6b3-21d3-aa45-24d3-bef2facbc899" executionId="312ee67e-9472-495a-a958-af978328499a" testListId="8c84fa94-04c1-424b-9868-57a2d4851a1d" />
    <TestEntry testId="2d706594-f2b3-b3c8-21d4-86c9798c3306" executionId="47888b09-05a1-4d1c-9503-f7530e120e51" testListId="8c84fa94-04c1-424b-9868-57a2d4851a1d" />
    <TestEntry testId="afd7fb92-addd-4d69-1f58-58ccb53915b9" executionId="1af02a62-90bf-4455-8830-e1ed21f02c9f" testListId="8c84fa94-04c1-424b-9868-57a2d4851a1d" />
    <TestEntry testId="eaabd2fc-2f4b-5689-59c8-c7ad34a8f634" executionId="0d448a64-e5db-425f-ad5f-f047a1401f22" testListId="8c84fa94-04c1-424b-9868-57a2d4851a1d" />
    <TestEntry testId="387c9729-48c1-486e-5e67-f5d11a9f0db8" executionId="f17a46f6-a4c7-4cbb-9779-97eefb3c34eb" testListId="8c84fa94-04c1-424b-9868-57a2d4851a1d" />
    <TestEntry testId="d1728e1d-ba8a-3234-60fe-1d91dde3576d" executionId="1df91247-a204-44d3-81cf-0404cb64e897" testListId="8c84fa94-04c1-424b-9868-57a2d4851a1d" />
    <TestEntry testId="a2e59116-cb53-1d70-9cb8-21c286516866" executionId="9139687a-761c-4c94-8139-d6df453e220a" testListId="8c84fa94-04c1-424b-9868-57a2d4851a1d" />
    <TestEntry testId="c36970dc-93f7-753e-fa47-157133b01644" executionId="dde99748-6f1b-4dba-91cf-a053bec4359f" testListId="8c84fa94-04c1-424b-9868-57a2d4851a1d" />
    <TestEntry testId="0d6b30f7-2ea3-be2d-2b44-fbe10d76af3c" executionId="bc2efa4f-1163-44bc-90f7-1bc794b605c0" testListId="8c84fa94-04c1-424b-9868-57a2d4851a1d" />
    <TestEntry testId="f44a1b21-8efc-bfac-63b4-d534442def31" executionId="c1e58c7d-130a-4daf-b451-737ed05b67f5" testListId="8c84fa94-04c1-424b-9868-57a2d4851a1d" />
    <TestEntry testId="2602613f-c8e2-a6d9-fcf7-5b27d4a770a6" executionId="d449d943-65a7-425b-bd9c-c38cd9d579df" testListId="8c84fa94-04c1-424b-9868-57a2d4851a1d" />
    <TestEntry testId="1b096158-d432-356b-03ac-1201b9df4a6b" executionId="90bac2b5-8d33-48bf-992a-e06729a1e108" testListId="8c84fa94-04c1-424b-9868-57a2d4851a1d" />
    <TestEntry testId="0eeef75f-6e38-7893-a8fe-cff3e0a970a7" executionId="0968e03d-c9bb-4bf1-9dc6-c4f1a1a29894" testListId="8c84fa94-04c1-424b-9868-57a2d4851a1d" />
    <TestEntry testId="1ca07ad8-f799-c5d4-e7cc-34fd950198a2" executionId="fceff251-f1d8-48ab-99bd-74f019c1888f" testListId="8c84fa94-04c1-424b-9868-57a2d4851a1d" />
    <TestEntry testId="5e4c7cf6-c6ac-d863-8b5a-2df9b03fcd3d" executionId="46c9294a-1b8e-4b34-a50f-9cb94b2192cc" testListId="8c84fa94-04c1-424b-9868-57a2d4851a1d" />
    <TestEntry testId="716e6a9b-4f5f-3816-b413-52b9c55a3aae" executionId="6596f738-d17e-4839-802b-a0b9389f673b" testListId="8c84fa94-04c1-424b-9868-57a2d4851a1d" />
  </TestEntries>
  <TestLists>
    <TestList name="Список результатов" id="8c84fa94-04c1-424b-9868-57a2d4851a1d" />
    <TestList name="Все загруженные результаты" id="19431567-8539-422a-85d7-44ee4e166bda" />
  </TestLists>
  <ResultSummary outcome="Completed">
    <Counters total="47" executed="47" passed="47" failed="0" error="0" timeout="0" aborted="0" inconclusive="0" passedButRunAborted="0" notRunnable="0" notExecuted="0" disconnected="0" warning="0" completed="0" inProgress="0" pending="0" />
    <Output>
      <StdOut>[xUnit.net 00:00:00.00] xUnit.net VSTest Adapter v2.4.5+1caef2f33e (64-bit .NET 6.0.3)&#xD;
[xUnit.net 00:00:00.47]   Discovering: BL.Tests&#xD;
[xUnit.net 00:00:00.65]   Discovered:  BL.Tests&#xD;
[xUnit.net 00:00:00.66]   Starting:    BL.Tests&#xD;
[xUnit.net 00:00:00.89]   Finished:    BL.Tests&#xD;
</StdOut>
    </Output>
  </ResultSummary>
</TestRun>