<?xml version="1.0" encoding="utf-8"?>
<TestRun id="27078c3b-2e1d-4f01-b0ac-e34736863cda" name="alena@DESKTOP-TJ9D65N 2022-10-15 20:21:32" runUser="DESKTOP-TJ9D65N\alena" xmlns="http://microsoft.com/schemas/VisualStudio/TeamTest/2010">
  <Times creation="2022-10-15T20:21:32.0495685+03:00" queuing="2022-10-15T20:21:32.0495687+03:00" start="2022-10-15T20:21:30.5439750+03:00" finish="2022-10-15T20:21:32.1127713+03:00" />
  <TestSettings name="default" id="910f60d0-43b6-4e88-bb2e-8aba356ec106">
    <Deployment runDeploymentRoot="alena_DESKTOP-TJ9D65N_2022-10-15_20_21_32" />
  </TestSettings>
  <Results>
    <UnitTestResult executionId="8d7ea423-f855-4bae-81db-6a4f367460fd" testId="dd7d4ce7-48d3-5120-01b3-2fe6d2034c96" testName="BL.Tests.TurnstilesServiceTest.TestAdminGetTurnstileAsync(userID: 251, turnstile: Turnstile { TurnstileID = 116, LiftID = 31, IsOpen = True }, checkPermissionServiceMock: Mock&lt;ICheckPermissionService:12&gt;, turnstilesRepositoryStub: Mock&lt;ITurnstilesRepository:6&gt;, sut: TurnstilesService { })" computerName="DESKTOP-TJ9D65N" duration="00:00:00.0044818" startTime="2022-10-15T20:21:31.9990746+03:00" endTime="2022-10-15T20:21:31.9990747+03:00" testType="13cdc9d9-ddb5-4fa4-a97d-d965ccfc6d4b" outcome="Passed" testListId="8c84fa94-04c1-424b-9868-57a2d4851a1d" relativeResultsDirectory="8d7ea423-f855-4bae-81db-6a4f367460fd" />
    <UnitTestResult executionId="1ed36755-0e9b-42ab-81dd-a91b9d9b145e" testId="bff31c77-ad81-4984-df16-a1da49e1ffa7" testName="BL.Tests.TurnstilesServiceTest.TestAdminDeleteTurnstileAsync(userID: 84, turnstile: Turnstile { TurnstileID = 173, LiftID = 219, IsOpen = True }, checkPermissionServiceMock: Mock&lt;ICheckPermissionService:15&gt;, turnstilesRepositoryStub: Mock&lt;ITurnstilesRepository:9&gt;, sut: TurnstilesService { })" computerName="DESKTOP-TJ9D65N" duration="00:00:00.0046512" startTime="2022-10-15T20:21:32.0086182+03:00" endTime="2022-10-15T20:21:32.0086183+03:00" testType="13cdc9d9-ddb5-4fa4-a97d-d965ccfc6d4b" outcome="Passed" testListId="8c84fa94-04c1-424b-9868-57a2d4851a1d" relativeResultsDirectory="1ed36755-0e9b-42ab-81dd-a91b9d9b145e" />
    <UnitTestResult executionId="41632667-5acf-4a03-bfc6-72268198b2fc" testId="39be9b5e-0bc4-57dc-37d3-aec6b520299d" testName="BL.Tests.LiftsSlopesServiceTests.TestGetLiftsSlopesInfoAsync(liftsSlopes: [LiftSlope { RecordID = 6, LiftID = 42, SlopeID = 167 }, LiftSlope { RecordID = 27, LiftID = 49, SlopeID = 175 }, LiftSlope { RecordID = 164, LiftID = 116, SlopeID = 208 }], slopesRepositoryStub: Mock&lt;ISlopesRepository:1&gt;, liftsRepositoryStub: Mock&lt;ILiftsRepository:6&gt;, liftsSlopesRepositoryStub: Mock&lt;ILiftsSlopesRepository:6&gt;)" computerName="DESKTOP-TJ9D65N" duration="00:00:00.0078209" startTime="2022-10-15T20:21:32.0073081+03:00" endTime="2022-10-15T20:21:32.0073081+03:00" testType="13cdc9d9-ddb5-4fa4-a97d-d965ccfc6d4b" outcome="Passed" testListId="8c84fa94-04c1-424b-9868-57a2d4851a1d" relativeResultsDirectory="41632667-5acf-4a03-bfc6-72268198b2fc" />
    <UnitTestResult executionId="5f0c2ce4-b5c7-4ebc-b6f5-8d162de11fb9" testId="8184bd30-991c-b78d-b4ec-99a485eac0dd" testName="BL.Tests.UsersServiceTests.TestRegisterUserWithNoEmail" computerName="DESKTOP-TJ9D65N" duration="00:00:00.0026365" startTime="2022-10-15T20:21:31.9990183+03:00" endTime="2022-10-15T20:21:31.9990183+03:00" testType="13cdc9d9-ddb5-4fa4-a97d-d965ccfc6d4b" outcome="Passed" testListId="8c84fa94-04c1-424b-9868-57a2d4851a1d" relativeResultsDirectory="5f0c2ce4-b5c7-4ebc-b6f5-8d162de11fb9" />
    <UnitTestResult executionId="2934e43d-37e4-4957-bb22-6ce01d6dae12" testId="9c7df5e2-1b23-ebea-889f-b78ca86b60ab" testName="BL.Tests.CheckPermissionsServiceTests.AuthorizedHasNoAccessToAdminSkiPatrolFunctions(functionName: &quot;MarkMessageReadByUserAsync&quot;)" computerName="DESKTOP-TJ9D65N" duration="00:00:00.0014013" startTime="2022-10-15T20:21:32.0224021+03:00" endTime="2022-10-15T20:21:32.0224022+03:00" testType="13cdc9d9-ddb5-4fa4-a97d-d965ccfc6d4b" outcome="Passed" testListId="8c84fa94-04c1-424b-9868-57a2d4851a1d" relativeResultsDirectory="2934e43d-37e4-4957-bb22-6ce01d6dae12" />
    <UnitTestResult executionId="0fbb622b-9466-411d-ad0f-b257efecd4ea" testId="9f9fe663-068d-d869-cf85-bf7fb878356c" testName="BL.Tests.LiftsServiceTest.TestAdminAddAutoIncrementLiftAsync(userID: 165, lift: Lift { LiftID = 115, LiftName = liftName4ee60ef8-d289-4092-bdce-2644605731e4, IsOpen = True, SeatsAmount = 198, LiftingTime = 195, QueueTime = 252, ConnectedSlopes =  }, checkPermissionServiceMock: Mock&lt;ICheckPermissionService:5&gt;, liftsRepositoryStub: Mock&lt;ILiftsRepository:5&gt;, sut: LiftsService { })" computerName="DESKTOP-TJ9D65N" duration="00:00:00.0095101" startTime="2022-10-15T20:21:31.9992065+03:00" endTime="2022-10-15T20:21:31.9992065+03:00" testType="13cdc9d9-ddb5-4fa4-a97d-d965ccfc6d4b" outcome="Passed" testListId="8c84fa94-04c1-424b-9868-57a2d4851a1d" relativeResultsDirectory="0fbb622b-9466-411d-ad0f-b257efecd4ea" />
    <UnitTestResult executionId="74e22537-f065-4382-9adc-40660159f524" testId="17dbb5c6-2d3e-e8d6-b7e1-5fe9152004ac" testName="BL.Tests.LiftsServiceTest.TestUpdateLiftInfoAsync(userID: 180, lift: Lift { LiftID = 60, LiftName = liftNamea459f0de-8e72-423b-8a98-847eab2b797d, IsOpen = True, SeatsAmount = 244, LiftingTime = 36, QueueTime = 152, ConnectedSlopes =  }, checkPermissionServiceMock: Mock&lt;ICheckPermissionService:3&gt;, liftsRepositoryStub: Mock&lt;ILiftsRepository:3&gt;, sut: LiftsService { })" computerName="DESKTOP-TJ9D65N" duration="00:00:00.0135242" startTime="2022-10-15T20:21:32.0098814+03:00" endTime="2022-10-15T20:21:32.0098814+03:00" testType="13cdc9d9-ddb5-4fa4-a97d-d965ccfc6d4b" outcome="Passed" testListId="8c84fa94-04c1-424b-9868-57a2d4851a1d" relativeResultsDirectory="74e22537-f065-4382-9adc-40660159f524" />
    <UnitTestResult executionId="49384585-b9f3-48ad-b715-0a212c545fe1" testId="eaabd2fc-2f4b-5689-59c8-c7ad34a8f634" testName="BL.Tests.CheckPermissionsServiceTests.UnauthorizedHasNoAccessToAuthorizedFunctions(functionName: &quot;SendMessageAsync&quot;)" computerName="DESKTOP-TJ9D65N" duration="00:00:00.0055572" startTime="2022-10-15T20:21:32.0072794+03:00" endTime="2022-10-15T20:21:32.0072794+03:00" testType="13cdc9d9-ddb5-4fa4-a97d-d965ccfc6d4b" outcome="Passed" testListId="8c84fa94-04c1-424b-9868-57a2d4851a1d" relativeResultsDirectory="49384585-b9f3-48ad-b715-0a212c545fe1" />
    <UnitTestResult executionId="94239cc1-1e00-4338-9468-e0cf17621531" testId="229812f5-9a73-5335-11f5-31330d1348a5" testName="BL.Tests.CheckPermissionsServiceTests.UnauthorizedHasNoAccessToAdminSkiPatrolFunctions(functionName: &quot;GetMessagesAsync&quot;)" computerName="DESKTOP-TJ9D65N" duration="00:00:00.0022785" startTime="2022-10-15T20:21:31.9991504+03:00" endTime="2022-10-15T20:21:31.9991504+03:00" testType="13cdc9d9-ddb5-4fa4-a97d-d965ccfc6d4b" outcome="Passed" testListId="8c84fa94-04c1-424b-9868-57a2d4851a1d" relativeResultsDirectory="94239cc1-1e00-4338-9468-e0cf17621531" />
    <UnitTestResult executionId="2ca66701-b734-4931-aa53-98a8e1927df1" testId="a19a5fcf-c5d2-7d44-5d7d-84403042f4e0" testName="BL.Tests.CheckPermissionsServiceTests.UnauthorizedHasNoAccessToAdminSkiPatrolFunctions(functionName: &quot;MarkMessageReadByUserAsync&quot;)" computerName="DESKTOP-TJ9D65N" duration="00:00:00.0328511" startTime="2022-10-15T20:21:31.9153994+03:00" endTime="2022-10-15T20:21:31.9154325+03:00" testType="13cdc9d9-ddb5-4fa4-a97d-d965ccfc6d4b" outcome="Passed" testListId="8c84fa94-04c1-424b-9868-57a2d4851a1d" relativeResultsDirectory="2ca66701-b734-4931-aa53-98a8e1927df1" />
    <UnitTestResult executionId="b8f27cc7-0046-4570-bfa7-3cfd9e5be997" testId="1b4c1fe8-7513-e3ec-9e0e-0fd367514d25" testName="BL.Tests.SlopesServiceTest.TestAdminAddAutoIncrementSlopeAsync(userID: 188, slope: Slope { SlopeID = 99, SlopeName = slopeNamedff7b3c8-72ed-4dc7-9d35-40e642e4f10b, IsOpen = True, DifficultyLevel = 81, ConnectedLifts =  }, checkPermissionServiceMock: Mock&lt;ICheckPermissionService:10&gt;, slopesRepositoryStub: Mock&lt;ISlopesRepository:8&gt;, sut: SlopesService { })" computerName="DESKTOP-TJ9D65N" duration="00:00:00.0075481" startTime="2022-10-15T20:21:31.9991685+03:00" endTime="2022-10-15T20:21:31.9991685+03:00" testType="13cdc9d9-ddb5-4fa4-a97d-d965ccfc6d4b" outcome="Passed" testListId="8c84fa94-04c1-424b-9868-57a2d4851a1d" relativeResultsDirectory="b8f27cc7-0046-4570-bfa7-3cfd9e5be997" />
    <UnitTestResult executionId="b4d66d9e-fca7-4363-9c77-86ddd2a2bac1" testId="387c9729-48c1-486e-5e67-f5d11a9f0db8" testName="BL.Tests.CheckPermissionsServiceTests.UnauthorizedHasNoAccessToAdminSkiPatrolFunctions(functionName: &quot;GetLiftsSlopesInfoAsync&quot;)" computerName="DESKTOP-TJ9D65N" duration="00:00:00.0013921" startTime="2022-10-15T20:21:31.9987330+03:00" endTime="2022-10-15T20:21:31.9987331+03:00" testType="13cdc9d9-ddb5-4fa4-a97d-d965ccfc6d4b" outcome="Passed" testListId="8c84fa94-04c1-424b-9868-57a2d4851a1d" relativeResultsDirectory="b4d66d9e-fca7-4363-9c77-86ddd2a2bac1" />
    <UnitTestResult executionId="bfd60dd8-03bb-452a-8e72-761b8c151c6e" testId="64fde9c2-1183-0dc8-c1d4-bf7d6c0b76b8" testName="BL.Tests.SlopesServiceTest.TestGetSlopesInfoAsync(userID: 240, initialSlopes: [Slope { SlopeID = 72, SlopeName = slopeName39de0075-f3b2-4d2a-80c6-5707df01f177, IsOpen = True, DifficultyLevel = 172, ConnectedLifts =  }, Slope { SlopeID = 142, SlopeName = slopeNamec2d3ff5f-a18b-4b09-885b-67430dd44d45, IsOpen = False, DifficultyLevel = 81, ConnectedLifts =  }, Slope { SlopeID = 2, SlopeName = slopeNameeb3b19c0-7983-462f-ace7-a550c89cb5c4, IsOpen = True, DifficultyLevel = 220, ConnectedLifts =  }], checkPermissionServiceMock: Mock&lt;ICheckPermissionService:7&gt;, slopesRepositoryStub: Mock&lt;ISlopesRepository:5&gt;, liftsSlopesRepositoryStub: Mock&lt;ILiftsSlopesRepository:10&gt;, sut: SlopesService { })" computerName="DESKTOP-TJ9D65N" duration="00:00:00.0639735" startTime="2022-10-15T20:21:31.9413707+03:00" endTime="2022-10-15T20:21:31.9413708+03:00" testType="13cdc9d9-ddb5-4fa4-a97d-d965ccfc6d4b" outcome="Passed" testListId="8c84fa94-04c1-424b-9868-57a2d4851a1d" relativeResultsDirectory="bfd60dd8-03bb-452a-8e72-761b8c151c6e" />
    <UnitTestResult executionId="499f500e-4bf4-456b-b3d3-adf5df52fb3f" testId="69340bb6-3645-f9dd-971e-29d8b2a009bb" testName="BL.Tests.UsersServiceTests.TestLogInWithWrongPassword" computerName="DESKTOP-TJ9D65N" duration="00:00:00.0025586" startTime="2022-10-15T20:21:32.0221631+03:00" endTime="2022-10-15T20:21:32.0221633+03:00" testType="13cdc9d9-ddb5-4fa4-a97d-d965ccfc6d4b" outcome="Passed" testListId="8c84fa94-04c1-424b-9868-57a2d4851a1d" relativeResultsDirectory="499f500e-4bf4-456b-b3d3-adf5df52fb3f" />
    <UnitTestResult executionId="9f82a989-83da-4384-b0fb-ce8f9ba05fdd" testId="e5497347-2721-b7a6-0bd4-69a9921f6947" testName="BL.Tests.UsersServiceTests.TestAdminGetUserByIDAsync" computerName="DESKTOP-TJ9D65N" duration="00:00:00.0029305" startTime="2022-10-15T20:21:32.0397067+03:00" endTime="2022-10-15T20:21:32.0397068+03:00" testType="13cdc9d9-ddb5-4fa4-a97d-d965ccfc6d4b" outcome="Passed" testListId="8c84fa94-04c1-424b-9868-57a2d4851a1d" relativeResultsDirectory="9f82a989-83da-4384-b0fb-ce8f9ba05fdd" />
    <UnitTestResult executionId="525d837e-2d2e-4b96-bdfe-eae9d55bf8fc" testId="20ad8570-0170-85de-dcd7-2f109dd7bcd6" testName="BL.Tests.UsersServiceTests.TestAdminGetUsers" computerName="DESKTOP-TJ9D65N" duration="00:00:00.0397265" startTime="2022-10-15T20:21:31.9201727+03:00" endTime="2022-10-15T20:21:31.9201727+03:00" testType="13cdc9d9-ddb5-4fa4-a97d-d965ccfc6d4b" outcome="Passed" testListId="8c84fa94-04c1-424b-9868-57a2d4851a1d" relativeResultsDirectory="525d837e-2d2e-4b96-bdfe-eae9d55bf8fc" />
    <UnitTestResult executionId="048e5a93-10a0-4317-9140-a18ba3b3ed2d" testId="fd8a4122-0e6f-0ff0-b389-a18442cb9e6b" testName="BL.Tests.TurnstilesServiceTest.TestAdminGetTurnstilesAsync(userID: 58, initialTurnstiles: [Turnstile { TurnstileID = 100, LiftID = 228, IsOpen = True }, Turnstile { TurnstileID = 195, LiftID = 62, IsOpen = False }, Turnstile { TurnstileID = 132, LiftID = 203, IsOpen = True }], checkPermissionServiceMock: Mock&lt;ICheckPermissionService:13&gt;, turnstilesRepositoryStub: Mock&lt;ITurnstilesRepository:7&gt;, sut: TurnstilesService { })" computerName="DESKTOP-TJ9D65N" duration="00:00:00.0039653" startTime="2022-10-15T20:21:32.0089787+03:00" endTime="2022-10-15T20:21:32.0089788+03:00" testType="13cdc9d9-ddb5-4fa4-a97d-d965ccfc6d4b" outcome="Passed" testListId="8c84fa94-04c1-424b-9868-57a2d4851a1d" relativeResultsDirectory="048e5a93-10a0-4317-9140-a18ba3b3ed2d" />
    <UnitTestResult executionId="05819de9-aa01-47e5-8cbc-40acaee2f2a9" testId="3a770ed2-a597-95b1-4a1a-6c85ec5cccfe" testName="BL.Tests.SlopesServiceTest.TestAdminAddSlopeAsync(userID: 127, slope: Slope { SlopeID = 159, SlopeName = slopeName51c93612-b9e3-4aee-ba16-ca966f49ffdd, IsOpen = True, DifficultyLevel = 30, ConnectedLifts =  }, checkPermissionServiceMock: Mock&lt;ICheckPermissionService:11&gt;, slopesRepositoryStub: Mock&lt;ISlopesRepository:9&gt;, sut: SlopesService { })" computerName="DESKTOP-TJ9D65N" duration="00:00:00.0049369" startTime="2022-10-15T20:21:32.0089975+03:00" endTime="2022-10-15T20:21:32.0089976+03:00" testType="13cdc9d9-ddb5-4fa4-a97d-d965ccfc6d4b" outcome="Passed" testListId="8c84fa94-04c1-424b-9868-57a2d4851a1d" relativeResultsDirectory="05819de9-aa01-47e5-8cbc-40acaee2f2a9" />
    <UnitTestResult executionId="9805d8d7-c44e-4f1a-bd4f-5cb6d51cd6ca" testId="dbe498bc-5c06-7371-f058-b127d468860d" testName="BL.Tests.LiftsSlopesServiceTests.TestAdminDeleteLiftSlopeAsync(lift: Lift { LiftID = 67, LiftName = liftName86d9c989-3775-40a2-afa0-f77533d376e4, IsOpen = True, SeatsAmount = 196, LiftingTime = 56, QueueTime = 91, ConnectedSlopes =  }, slope: Slope { SlopeID = 32, SlopeName = slopeNamee8dfb812-c085-46d5-a610-7ffc66f799e6, IsOpen = False, DifficultyLevel = 12, ConnectedLifts =  }, slopesRepositoryStub: Mock&lt;ISlopesRepository:2&gt;, liftsRepositoryStub: Mock&lt;ILiftsRepository:7&gt;, liftsSlopesRepositoryStub: Mock&lt;ILiftsSlopesRepository:7&gt;)" computerName="DESKTOP-TJ9D65N" duration="00:00:00.0329676" startTime="2022-10-15T20:21:31.9201194+03:00" endTime="2022-10-15T20:21:31.9201194+03:00" testType="13cdc9d9-ddb5-4fa4-a97d-d965ccfc6d4b" outcome="Passed" testListId="8c84fa94-04c1-424b-9868-57a2d4851a1d" relativeResultsDirectory="9805d8d7-c44e-4f1a-bd4f-5cb6d51cd6ca" />
    <UnitTestResult executionId="03ab585b-b17f-4b25-bdf5-5641cb8daa8c" testId="492c0393-35b4-df26-a537-21ca08302f3c" testName="BL.Tests.CheckPermissionsServiceTests.SkiPatrolHasNoAccessToAdminFunctions" computerName="DESKTOP-TJ9D65N" duration="00:00:00.0028615" startTime="2022-10-15T20:21:32.0453086+03:00" endTime="2022-10-15T20:21:32.0453088+03:00" testType="13cdc9d9-ddb5-4fa4-a97d-d965ccfc6d4b" outcome="Passed" testListId="8c84fa94-04c1-424b-9868-57a2d4851a1d" relativeResultsDirectory="03ab585b-b17f-4b25-bdf5-5641cb8daa8c" />
    <UnitTestResult executionId="bd5df6eb-a2cd-4d6b-b1aa-837d3e2a9044" testId="e7eb7d69-e2c4-cad6-75c7-1d325b625f4e" testName="BL.Tests.SlopesServiceTest.TestAdminDeleteSlopeAsync(userID: 27, slope: Slope { SlopeID = 21, SlopeName = slopeName5e9c6de1-91b2-4a8e-88a9-521201455119, IsOpen = True, DifficultyLevel = 82, ConnectedLifts =  }, checkPermissionServiceMock: Mock&lt;ICheckPermissionService:9&gt;, slopesRepositoryStub: Mock&lt;ISlopesRepository:7&gt;, liftsSlopesRepositoryStub: Mock&lt;ILiftsSlopesRepository:12&gt;, sut: SlopesService { })" computerName="DESKTOP-TJ9D65N" duration="00:00:00.0064799" startTime="2022-10-15T20:21:32.0191391+03:00" endTime="2022-10-15T20:21:32.0191392+03:00" testType="13cdc9d9-ddb5-4fa4-a97d-d965ccfc6d4b" outcome="Passed" testListId="8c84fa94-04c1-424b-9868-57a2d4851a1d" relativeResultsDirectory="bd5df6eb-a2cd-4d6b-b1aa-837d3e2a9044" />
    <UnitTestResult executionId="15bb15bd-43c4-4340-834c-925708d05ea2" testId="4a2a97f9-5b72-59ae-a3bc-9b5458baa406" testName="BL.Tests.SlopesServiceTest.TestGetSlopeInfoAsync(userID: 214, slope: Slope { SlopeID = 110, SlopeName = slopeNamee2dcea7f-7745-4450-b22e-fee50f0cb933, IsOpen = True, DifficultyLevel = 210, ConnectedLifts =  }, checkPermissionServiceMock: Mock&lt;ICheckPermissionService:6&gt;, slopesRepositoryStub: Mock&lt;ISlopesRepository:4&gt;, liftsSlopesRepositoryStub: Mock&lt;ILiftsSlopesRepository:9&gt;, sut: SlopesService { })" computerName="DESKTOP-TJ9D65N" duration="00:00:00.0130427" startTime="2022-10-15T20:21:32.0099499+03:00" endTime="2022-10-15T20:21:32.0099500+03:00" testType="13cdc9d9-ddb5-4fa4-a97d-d965ccfc6d4b" outcome="Passed" testListId="8c84fa94-04c1-424b-9868-57a2d4851a1d" relativeResultsDirectory="15bb15bd-43c4-4340-834c-925708d05ea2" />
    <UnitTestResult executionId="b77a851d-14d9-41cc-bda0-799fb064a349" testId="fa960c5e-f989-2880-784e-8efe538c5231" testName="BL.Tests.CheckPermissionsServiceTests.UnauthorizedHasNoAccessToAuthorizedFunctions(functionName: &quot;LogOutAsync&quot;)" computerName="DESKTOP-TJ9D65N" duration="00:00:00.0014883" startTime="2022-10-15T20:21:32.0075600+03:00" endTime="2022-10-15T20:21:32.0075600+03:00" testType="13cdc9d9-ddb5-4fa4-a97d-d965ccfc6d4b" outcome="Passed" testListId="8c84fa94-04c1-424b-9868-57a2d4851a1d" relativeResultsDirectory="b77a851d-14d9-41cc-bda0-799fb064a349" />
    <UnitTestResult executionId="59efbd96-5c8b-4746-8641-2c03b33fe2e8" testId="c36970dc-93f7-753e-fa47-157133b01644" testName="BL.Tests.CheckPermissionsServiceTests.SkiPatrolHasAccessToAdminSkiPatrolFunctions(functionName: &quot;GetMessagesAsync&quot;)" computerName="DESKTOP-TJ9D65N" duration="00:00:00.0010421" startTime="2022-10-15T20:21:32.0097914+03:00" endTime="2022-10-15T20:21:32.0097915+03:00" testType="13cdc9d9-ddb5-4fa4-a97d-d965ccfc6d4b" outcome="Passed" testListId="8c84fa94-04c1-424b-9868-57a2d4851a1d" relativeResultsDirectory="59efbd96-5c8b-4746-8641-2c03b33fe2e8" />
    <UnitTestResult executionId="6be48b11-6cee-4411-85a9-3d3312b348c8" testId="26012e5c-5285-fbe6-86f4-d3746c0e26d1" testName="BL.Tests.LiftsSlopesServiceTests.TestAdminAddAutoIncrementLiftSlopeAsync(lift: Lift { LiftID = 210, LiftName = liftName10e01652-f0a3-40c7-8b6e-ecfcd36393bf, IsOpen = True, SeatsAmount = 175, LiftingTime = 94, QueueTime = 124, ConnectedSlopes =  }, slope: Slope { SlopeID = 75, SlopeName = slopeNamed2b3cc95-0709-46d3-a0cd-108d7fd60ed3, IsOpen = False, DifficultyLevel = 241, ConnectedLifts =  }, slopesRepositoryStub: Mock&lt;ISlopesRepository:3&gt;, liftsRepositoryStub: Mock&lt;ILiftsRepository:8&gt;, liftsSlopesRepositoryStub: Mock&lt;ILiftsSlopesRepository:8&gt;)" computerName="DESKTOP-TJ9D65N" duration="00:00:00.0058192" startTime="2022-10-15T20:21:31.9991298+03:00" endTime="2022-10-15T20:21:31.9991298+03:00" testType="13cdc9d9-ddb5-4fa4-a97d-d965ccfc6d4b" outcome="Passed" testListId="8c84fa94-04c1-424b-9868-57a2d4851a1d" relativeResultsDirectory="6be48b11-6cee-4411-85a9-3d3312b348c8" />
    <UnitTestResult executionId="e0565c40-b041-4cee-9777-03c773ca8915" testId="1ca07ad8-f799-c5d4-e7cc-34fd950198a2" testName="BL.Tests.UsersServiceTests.TestLogInOk" computerName="DESKTOP-TJ9D65N" duration="00:00:00.0037744" startTime="2022-10-15T20:21:32.0153916+03:00" endTime="2022-10-15T20:21:32.0153918+03:00" testType="13cdc9d9-ddb5-4fa4-a97d-d965ccfc6d4b" outcome="Passed" testListId="8c84fa94-04c1-424b-9868-57a2d4851a1d" relativeResultsDirectory="e0565c40-b041-4cee-9777-03c773ca8915" />
    <UnitTestResult executionId="22e706da-1286-4394-a42e-1322a3fb4f3a" testId="0ad22dff-3a6e-d09a-13d2-bfa2d01b882d" testName="BL.Tests.SlopesServiceTest.TestUpdateSlopeInfoAsync(userID: 245, slope: Slope { SlopeID = 83, SlopeName = slopeName91057c57-4c37-44b6-b963-b1e623a08104, IsOpen = True, DifficultyLevel = 172, ConnectedLifts =  }, checkPermissionServiceMock: Mock&lt;ICheckPermissionService:8&gt;, slopesRepositoryStub: Mock&lt;ISlopesRepository:6&gt;, sut: SlopesService { })" computerName="DESKTOP-TJ9D65N" duration="00:00:00.0121588" startTime="2022-10-15T20:21:32.0085731+03:00" endTime="2022-10-15T20:21:32.0085731+03:00" testType="13cdc9d9-ddb5-4fa4-a97d-d965ccfc6d4b" outcome="Passed" testListId="8c84fa94-04c1-424b-9868-57a2d4851a1d" relativeResultsDirectory="22e706da-1286-4394-a42e-1322a3fb4f3a" />
    <UnitTestResult executionId="ff65d51f-74b2-4cb1-a0a6-c83f3c50d917" testId="c60f2192-226d-8724-61cd-ad16370bcdb3" testName="BL.Tests.LiftsServiceTest.TestGetLiftsInfoAsync(userID: 118, initialLifts: [Lift { LiftID = 202, LiftName = liftNamee8c09f28-647a-41e0-bf2d-0e1e43eba03f, IsOpen = True, SeatsAmount = 19, LiftingTime = 91, QueueTime = 241, ConnectedSlopes =  }, Lift { LiftID = 3, LiftName = liftName1fd3a7a6-d21c-4128-8607-397f9ad27fa4, IsOpen = False, SeatsAmount = 190, LiftingTime = 121, QueueTime = 53, ConnectedSlopes =  }, Lift { LiftID = 185, LiftName = liftName163e8eb6-245b-4f97-9fc9-7eda10bff851, IsOpen = True, SeatsAmount = 250, LiftingTime = 124, QueueTime = 138, ConnectedSlopes =  }], checkPermissionServiceMock: Mock&lt;ICheckPermissionService:2&gt;, liftsRepositoryStub: Mock&lt;ILiftsRepository:2&gt;, liftsSlopesRepositoryStub: Mock&lt;ILiftsSlopesRepository:2&gt;, sut: LiftsService { })" computerName="DESKTOP-TJ9D65N" duration="00:00:00.0639004" startTime="2022-10-15T20:21:31.9414088+03:00" endTime="2022-10-15T20:21:31.9414089+03:00" testType="13cdc9d9-ddb5-4fa4-a97d-d965ccfc6d4b" outcome="Passed" testListId="8c84fa94-04c1-424b-9868-57a2d4851a1d" relativeResultsDirectory="ff65d51f-74b2-4cb1-a0a6-c83f3c50d917" />
    <UnitTestResult executionId="b3ca75f4-073a-4da5-9026-792d38fef57b" testId="60bd668f-04df-da5e-b79b-5d9aedb5234d" testName="BL.Tests.CheckPermissionsServiceTests.SkiPatrolHasAccessToAdminSkiPatrolFunctions(functionName: &quot;MarkMessageReadByUserAsync&quot;)" computerName="DESKTOP-TJ9D65N" duration="00:00:00.0010807" startTime="2022-10-15T20:21:32.0089567+03:00" endTime="2022-10-15T20:21:32.0089567+03:00" testType="13cdc9d9-ddb5-4fa4-a97d-d965ccfc6d4b" outcome="Passed" testListId="8c84fa94-04c1-424b-9868-57a2d4851a1d" relativeResultsDirectory="b3ca75f4-073a-4da5-9026-792d38fef57b" />
    <UnitTestResult executionId="5f4ec4eb-a724-4bfb-83b0-53c8ec7267ee" testId="f44a1b21-8efc-bfac-63b4-d534442def31" testName="BL.Tests.UsersServiceTests.TestRegisterUserWithNoPassword" computerName="DESKTOP-TJ9D65N" duration="00:00:00.0018196" startTime="2022-10-15T20:21:31.9991818+03:00" endTime="2022-10-15T20:21:31.9991819+03:00" testType="13cdc9d9-ddb5-4fa4-a97d-d965ccfc6d4b" outcome="Passed" testListId="8c84fa94-04c1-424b-9868-57a2d4851a1d" relativeResultsDirectory="5f4ec4eb-a724-4bfb-83b0-53c8ec7267ee" />
    <UnitTestResult executionId="ac20e7a0-2693-4778-b3c3-741ebb5b05d9" testId="8cf22a79-e91e-8a8f-1936-cdea483af220" testName="BL.Tests.LiftsServiceTest.TestAdminDeleteLiftAsync(userID: 82, lift: Lift { LiftID = 185, LiftName = liftName179300a3-a6e9-43b6-9c2d-36dd6340b05c, IsOpen = True, SeatsAmount = 231, LiftingTime = 114, QueueTime = 40, ConnectedSlopes =  }, checkPermissionServiceMock: Mock&lt;ICheckPermissionService:4&gt;, liftsRepositoryStub: Mock&lt;ILiftsRepository:4&gt;, liftsSlopesRepositoryStub: Mock&lt;ILiftsSlopesRepository:4&gt;, sut: LiftsService { })" computerName="DESKTOP-TJ9D65N" duration="00:00:00.0103087" startTime="2022-10-15T20:21:32.0088899+03:00" endTime="2022-10-15T20:21:32.0088900+03:00" testType="13cdc9d9-ddb5-4fa4-a97d-d965ccfc6d4b" outcome="Passed" testListId="8c84fa94-04c1-424b-9868-57a2d4851a1d" relativeResultsDirectory="ac20e7a0-2693-4778-b3c3-741ebb5b05d9" />
    <UnitTestResult executionId="406ff608-e071-46eb-a1b3-ebe6564f5630" testId="e2d7e5be-3dae-33ae-fb17-c704b6fd58d6" testName="BL.Tests.CheckPermissionsServiceTests.UnauthorizedHasNoAccessToAdminFunctions" computerName="DESKTOP-TJ9D65N" duration="00:00:00.0029846" startTime="2022-10-15T20:21:32.0399181+03:00" endTime="2022-10-15T20:21:32.0399182+03:00" testType="13cdc9d9-ddb5-4fa4-a97d-d965ccfc6d4b" outcome="Passed" testListId="8c84fa94-04c1-424b-9868-57a2d4851a1d" relativeResultsDirectory="406ff608-e071-46eb-a1b3-ebe6564f5630" />
    <UnitTestResult executionId="2884424a-889f-431b-89a9-401fe40f4aa2" testId="f3efc418-a8a6-c7b7-9bac-90b33aa8472f" testName="BL.Tests.CheckPermissionsServiceTests.AdminHasAccessToAllFunctions" computerName="DESKTOP-TJ9D65N" duration="00:00:00.0018364" startTime="2022-10-15T20:21:32.0496555+03:00" endTime="2022-10-15T20:21:32.0496556+03:00" testType="13cdc9d9-ddb5-4fa4-a97d-d965ccfc6d4b" outcome="Passed" testListId="8c84fa94-04c1-424b-9868-57a2d4851a1d" relativeResultsDirectory="2884424a-889f-431b-89a9-401fe40f4aa2" />
    <UnitTestResult executionId="b744c906-68c1-4dfd-8b16-5226f53d0f59" testId="06d0bc3a-24a0-fb7f-4277-e9ae6d21c7dd" testName="BL.Tests.UsersServiceTests.TestAdminUpdateUser" computerName="DESKTOP-TJ9D65N" duration="00:00:00.0068659" startTime="2022-10-15T20:21:32.0086531+03:00" endTime="2022-10-15T20:21:32.0086532+03:00" testType="13cdc9d9-ddb5-4fa4-a97d-d965ccfc6d4b" outcome="Passed" testListId="8c84fa94-04c1-424b-9868-57a2d4851a1d" relativeResultsDirectory="b744c906-68c1-4dfd-8b16-5226f53d0f59" />
    <UnitTestResult executionId="4fc65b7f-7bbf-4657-82fe-9189dc5dbccd" testId="0eeef75f-6e38-7893-a8fe-cff3e0a970a7" testName="BL.Tests.UsersServiceTests.TestRegisterOk" computerName="DESKTOP-TJ9D65N" duration="00:00:00.0168039" startTime="2022-10-15T20:21:32.0098574+03:00" endTime="2022-10-15T20:21:32.0098575+03:00" testType="13cdc9d9-ddb5-4fa4-a97d-d965ccfc6d4b" outcome="Passed" testListId="8c84fa94-04c1-424b-9868-57a2d4851a1d" relativeResultsDirectory="4fc65b7f-7bbf-4657-82fe-9189dc5dbccd" />
    <UnitTestResult executionId="9517d584-6fe3-4875-8f7c-9733cd8c5107" testId="aa28a6b3-21d3-aa45-24d3-bef2facbc899" testName="BL.Tests.CheckPermissionsServiceTests.AuthorizedHasAccessToAuthorizedFunctions(functionName: &quot;LogOutAsync&quot;)" computerName="DESKTOP-TJ9D65N" duration="00:00:00.0011107" startTime="2022-10-15T20:21:32.0344377+03:00" endTime="2022-10-15T20:21:32.0344379+03:00" testType="13cdc9d9-ddb5-4fa4-a97d-d965ccfc6d4b" outcome="Passed" testListId="8c84fa94-04c1-424b-9868-57a2d4851a1d" relativeResultsDirectory="9517d584-6fe3-4875-8f7c-9733cd8c5107" />
    <UnitTestResult executionId="75d53bd3-4891-4bf3-a5d8-d2047c1e6b0e" testId="4f297306-d4f3-8d63-e7f4-1ac0b8c58c74" testName="BL.Tests.CheckPermissionsServiceTests.AuthorizedHasNoAccessToAdminSkiPatrolFunctions(functionName: &quot;GetLiftsSlopesInfoAsync&quot;)" computerName="DESKTOP-TJ9D65N" duration="00:00:00.0013029" startTime="2022-10-15T20:21:32.0264968+03:00" endTime="2022-10-15T20:21:32.0264969+03:00" testType="13cdc9d9-ddb5-4fa4-a97d-d965ccfc6d4b" outcome="Passed" testListId="8c84fa94-04c1-424b-9868-57a2d4851a1d" relativeResultsDirectory="75d53bd3-4891-4bf3-a5d8-d2047c1e6b0e" />
    <UnitTestResult executionId="543cb1fa-30ae-4292-bd10-b384e2278ced" testId="2d706594-f2b3-b3c8-21d4-86c9798c3306" testName="BL.Tests.CheckPermissionsServiceTests.SkiPatrolHasAccessToAdminSkiPatrolFunctions(functionName: &quot;GetLiftsSlopesInfoAsync&quot;)" computerName="DESKTOP-TJ9D65N" duration="00:00:00.0053892" startTime="2022-10-15T20:21:32.0087110+03:00" endTime="2022-10-15T20:21:32.0087111+03:00" testType="13cdc9d9-ddb5-4fa4-a97d-d965ccfc6d4b" outcome="Passed" testListId="8c84fa94-04c1-424b-9868-57a2d4851a1d" relativeResultsDirectory="543cb1fa-30ae-4292-bd10-b384e2278ced" />
    <UnitTestResult executionId="1ab0684f-b952-44a8-abcd-9747c999709c" testId="18fa8c62-e27d-e1fc-8182-4d7db62b008d" testName="BL.Tests.UsersServiceTests.TestAdminDeleteUser" computerName="DESKTOP-TJ9D65N" duration="00:00:00.0031326" startTime="2022-10-15T20:21:32.0453896+03:00" endTime="2022-10-15T20:21:32.0453897+03:00" testType="13cdc9d9-ddb5-4fa4-a97d-d965ccfc6d4b" outcome="Passed" testListId="8c84fa94-04c1-424b-9868-57a2d4851a1d" relativeResultsDirectory="1ab0684f-b952-44a8-abcd-9747c999709c" />
    <UnitTestResult executionId="fdbc2650-717f-4b66-91a8-62fb4c88c49f" testId="583afff3-557f-5ab4-0ec9-5ebf99dc6e25" testName="BL.Tests.TurnstilesServiceTest.TestAdminUpdateTurnstileAsync(userID: 116, turnstile: Turnstile { TurnstileID = 13, LiftID = 103, IsOpen = True }, checkPermissionServiceMock: Mock&lt;ICheckPermissionService:14&gt;, turnstilesRepositoryStub: Mock&lt;ITurnstilesRepository:8&gt;, sut: TurnstilesService { })" computerName="DESKTOP-TJ9D65N" duration="00:00:00.0106014" startTime="2022-10-15T20:21:32.0074294+03:00" endTime="2022-10-15T20:21:32.0074296+03:00" testType="13cdc9d9-ddb5-4fa4-a97d-d965ccfc6d4b" outcome="Passed" testListId="8c84fa94-04c1-424b-9868-57a2d4851a1d" relativeResultsDirectory="fdbc2650-717f-4b66-91a8-62fb4c88c49f" />
    <UnitTestResult executionId="d38b1aab-3b7c-4ed8-a312-9298113ed0db" testId="7ee9ecaf-80ba-add3-06f2-3cfac15c2c31" testName="BL.Tests.LiftsServiceTest.TestGetLiftInfoAsync(userID: 53, lift: Lift { LiftID = 42, LiftName = liftNamebbedef5c-36ad-491e-8fdf-232d11400aa9, IsOpen = True, SeatsAmount = 51, LiftingTime = 82, QueueTime = 159, ConnectedSlopes =  }, checkPermissionServiceMock: Mock&lt;ICheckPermissionService:1&gt;, liftsRepositoryStub: Mock&lt;ILiftsRepository:1&gt;, liftsSlopesRepositoryStub: Mock&lt;ILiftsSlopesRepository:1&gt;, sut: LiftsService { })" computerName="DESKTOP-TJ9D65N" duration="00:00:00.0069378" startTime="2022-10-15T20:21:32.0075393+03:00" endTime="2022-10-15T20:21:32.0075393+03:00" testType="13cdc9d9-ddb5-4fa4-a97d-d965ccfc6d4b" outcome="Passed" testListId="8c84fa94-04c1-424b-9868-57a2d4851a1d" relativeResultsDirectory="d38b1aab-3b7c-4ed8-a312-9298113ed0db" />
    <UnitTestResult executionId="a9fdd4ce-0f60-4499-bf25-ec8e2a57cca6" testId="644ec43e-70cd-c82d-42e7-0d990be1414d" testName="BL.Tests.CheckPermissionsServiceTests.AuthorizedHasAccessToAuthorizedFunctions(functionName: &quot;SendMessageAsync&quot;)" computerName="DESKTOP-TJ9D65N" duration="00:00:00.0019069" startTime="2022-10-15T20:21:32.0307619+03:00" endTime="2022-10-15T20:21:32.0307620+03:00" testType="13cdc9d9-ddb5-4fa4-a97d-d965ccfc6d4b" outcome="Passed" testListId="8c84fa94-04c1-424b-9868-57a2d4851a1d" relativeResultsDirectory="a9fdd4ce-0f60-4499-bf25-ec8e2a57cca6" />
    <UnitTestResult executionId="5cf59bee-9b4f-4029-8ead-58654fdffecb" testId="834c739b-eca4-b36d-6a66-5a1bd75377b8" testName="BL.Tests.UsersServiceTests.TestAdminAddAutoIncrementUser" computerName="DESKTOP-TJ9D65N" duration="00:00:00.0090387" startTime="2022-10-15T20:21:32.0339844+03:00" endTime="2022-10-15T20:21:32.0339846+03:00" testType="13cdc9d9-ddb5-4fa4-a97d-d965ccfc6d4b" outcome="Passed" testListId="8c84fa94-04c1-424b-9868-57a2d4851a1d" relativeResultsDirectory="5cf59bee-9b4f-4029-8ead-58654fdffecb" />
    <UnitTestResult executionId="bf1558c2-7421-41c4-ab78-9e8affb2e8b8" testId="894941c1-bfa7-d8f9-c047-1e1ceefe2c2f" testName="BL.Tests.UsersServiceTests.TestRegisterUserWithRepeatedEmail" computerName="DESKTOP-TJ9D65N" duration="00:00:00.0040243" startTime="2022-10-15T20:21:32.0074881+03:00" endTime="2022-10-15T20:21:32.0074882+03:00" testType="13cdc9d9-ddb5-4fa4-a97d-d965ccfc6d4b" outcome="Passed" testListId="8c84fa94-04c1-424b-9868-57a2d4851a1d" relativeResultsDirectory="bf1558c2-7421-41c4-ab78-9e8affb2e8b8" />
    <UnitTestResult executionId="da46dfc3-0127-4be0-942f-19a0aad4937c" testId="2602613f-c8e2-a6d9-fcf7-5b27d4a770a6" testName="BL.Tests.CheckPermissionsServiceTests.AuthorizedHasNoAccessToAdminSkiPatrolFunctions(functionName: &quot;GetMessagesAsync&quot;)" computerName="DESKTOP-TJ9D65N" duration="00:00:00.0031191" startTime="2022-10-15T20:21:32.0159487+03:00" endTime="2022-10-15T20:21:32.0159488+03:00" testType="13cdc9d9-ddb5-4fa4-a97d-d965ccfc6d4b" outcome="Passed" testListId="8c84fa94-04c1-424b-9868-57a2d4851a1d" relativeResultsDirectory="da46dfc3-0127-4be0-942f-19a0aad4937c" />
    <UnitTestResult executionId="b99c0f2f-740f-4afe-a434-28338db3ba89" testId="a2e59116-cb53-1d70-9cb8-21c286516866" testName="BL.Tests.CheckPermissionsServiceTests.AuthorizedHasNoAccessToAdminFunctions" computerName="DESKTOP-TJ9D65N" duration="00:00:00.0093415" startTime="2022-10-15T20:21:32.0099167+03:00" endTime="2022-10-15T20:21:32.0099168+03:00" testType="13cdc9d9-ddb5-4fa4-a97d-d965ccfc6d4b" outcome="Passed" testListId="8c84fa94-04c1-424b-9868-57a2d4851a1d" relativeResultsDirectory="b99c0f2f-740f-4afe-a434-28338db3ba89" />
    <UnitTestResult executionId="70979a14-3454-4119-a795-36e05d04a588" testId="ed514c04-c13f-b93f-9733-0f5615e9dc1e" testName="BL.Tests.TurnstilesServiceTest.TestAdminAddAutoIncrementTurnstileAsync(userID: 228, turnstile: Turnstile { TurnstileID = 17, LiftID = 212, IsOpen = True }, checkPermissionServiceMock: Mock&lt;ICheckPermissionService:16&gt;, turnstilesRepositoryStub: Mock&lt;ITurnstilesRepository:10&gt;, sut: TurnstilesService { })" computerName="DESKTOP-TJ9D65N" duration="00:00:00.0344094" startTime="2022-10-15T20:21:31.9200665+03:00" endTime="2022-10-15T20:21:31.9200666+03:00" testType="13cdc9d9-ddb5-4fa4-a97d-d965ccfc6d4b" outcome="Passed" testListId="8c84fa94-04c1-424b-9868-57a2d4851a1d" relativeResultsDirectory="70979a14-3454-4119-a795-36e05d04a588" />
  </Results>
  <TestDefinitions>
    <UnitTest name="BL.Tests.LiftsSlopesServiceTests.TestAdminAddAutoIncrementLiftSlopeAsync(lift: Lift { LiftID = 210, LiftName = liftName10e01652-f0a3-40c7-8b6e-ecfcd36393bf, IsOpen = True, SeatsAmount = 175, LiftingTime = 94, QueueTime = 124, ConnectedSlopes =  }, slope: Slope { SlopeID = 75, SlopeName = slopeNamed2b3cc95-0709-46d3-a0cd-108d7fd60ed3, IsOpen = False, DifficultyLevel = 241, ConnectedLifts =  }, slopesRepositoryStub: Mock&lt;ISlopesRepository:3&gt;,..." storage="c:\users\alena\desktop\7_sem\testing_and_debugging\skiresort\bl.tests\bin\debug\net6.0\bl.tests.dll" id="26012e5c-5285-fbe6-86f4-d3746c0e26d1">
      <Execution id="6be48b11-6cee-4411-85a9-3d3312b348c8" />
      <TestMethod codeBase="C:\Users\alena\Desktop\7_sem\testing_and_debugging\SkiResort\BL.Tests\bin\Debug\net6.0\BL.Tests.dll" adapterTypeName="executor://xunit/VsTestRunner2/netcoreapp" className="BL.Tests.LiftsSlopesServiceTests" name="TestAdminAddAutoIncrementLiftSlopeAsync" />
    </UnitTest>
    <UnitTest name="BL.Tests.CheckPermissionsServiceTests.AuthorizedHasNoAccessToAdminSkiPatrolFunctions(functionName: &quot;MarkMessageReadByUserAsync&quot;)" storage="c:\users\alena\desktop\7_sem\testing_and_debugging\skiresort\bl.tests\bin\debug\net6.0\bl.tests.dll" id="9c7df5e2-1b23-ebea-889f-b78ca86b60ab">
      <Execution id="2934e43d-37e4-4957-bb22-6ce01d6dae12" />
      <TestMethod codeBase="C:\Users\alena\Desktop\7_sem\testing_and_debugging\SkiResort\BL.Tests\bin\Debug\net6.0\BL.Tests.dll" adapterTypeName="executor://xunit/VsTestRunner2/netcoreapp" className="BL.Tests.CheckPermissionsServiceTests" name="AuthorizedHasNoAccessToAdminSkiPatrolFunctions" />
    </UnitTest>
    <UnitTest name="BL.Tests.SlopesServiceTest.TestAdminAddSlopeAsync(userID: 127, slope: Slope { SlopeID = 159, SlopeName = slopeName51c93612-b9e3-4aee-ba16-ca966f49ffdd, IsOpen = True, DifficultyLevel = 30, ConnectedLifts =  }, checkPermissionServiceMock: Mock&lt;ICheckPermissionService:11&gt;, slopesRepositoryStub: Mock&lt;ISlopesRepository:9&gt;, sut: SlopesService { })" storage="c:\users\alena\desktop\7_sem\testing_and_debugging\skiresort\bl.tests\bin\debug\net6.0\bl.tests.dll" id="3a770ed2-a597-95b1-4a1a-6c85ec5cccfe">
      <Execution id="05819de9-aa01-47e5-8cbc-40acaee2f2a9" />
      <TestMethod codeBase="C:\Users\alena\Desktop\7_sem\testing_and_debugging\SkiResort\BL.Tests\bin\Debug\net6.0\BL.Tests.dll" adapterTypeName="executor://xunit/VsTestRunner2/netcoreapp" className="BL.Tests.SlopesServiceTest" name="TestAdminAddSlopeAsync" />
    </UnitTest>
    <UnitTest name="BL.Tests.CheckPermissionsServiceTests.UnauthorizedHasNoAccessToAdminSkiPatrolFunctions(functionName: &quot;MarkMessageReadByUserAsync&quot;)" storage="c:\users\alena\desktop\7_sem\testing_and_debugging\skiresort\bl.tests\bin\debug\net6.0\bl.tests.dll" id="a19a5fcf-c5d2-7d44-5d7d-84403042f4e0">
      <Execution id="2ca66701-b734-4931-aa53-98a8e1927df1" />
      <TestMethod codeBase="C:\Users\alena\Desktop\7_sem\testing_and_debugging\SkiResort\BL.Tests\bin\Debug\net6.0\BL.Tests.dll" adapterTypeName="executor://xunit/VsTestRunner2/netcoreapp" className="BL.Tests.CheckPermissionsServiceTests" name="UnauthorizedHasNoAccessToAdminSkiPatrolFunctions" />
    </UnitTest>
    <UnitTest name="BL.Tests.CheckPermissionsServiceTests.AuthorizedHasNoAccessToAdminSkiPatrolFunctions(functionName: &quot;GetMessagesAsync&quot;)" storage="c:\users\alena\desktop\7_sem\testing_and_debugging\skiresort\bl.tests\bin\debug\net6.0\bl.tests.dll" id="2602613f-c8e2-a6d9-fcf7-5b27d4a770a6">
      <Execution id="da46dfc3-0127-4be0-942f-19a0aad4937c" />
      <TestMethod codeBase="C:\Users\alena\Desktop\7_sem\testing_and_debugging\SkiResort\BL.Tests\bin\Debug\net6.0\BL.Tests.dll" adapterTypeName="executor://xunit/VsTestRunner2/netcoreapp" className="BL.Tests.CheckPermissionsServiceTests" name="AuthorizedHasNoAccessToAdminSkiPatrolFunctions" />
    </UnitTest>
    <UnitTest name="BL.Tests.CheckPermissionsServiceTests.AuthorizedHasNoAccessToAdminFunctions" storage="c:\users\alena\desktop\7_sem\testing_and_debugging\skiresort\bl.tests\bin\debug\net6.0\bl.tests.dll" id="a2e59116-cb53-1d70-9cb8-21c286516866">
      <Execution id="b99c0f2f-740f-4afe-a434-28338db3ba89" />
      <TestMethod codeBase="C:\Users\alena\Desktop\7_sem\testing_and_debugging\SkiResort\BL.Tests\bin\Debug\net6.0\BL.Tests.dll" adapterTypeName="executor://xunit/VsTestRunner2/netcoreapp" className="BL.Tests.CheckPermissionsServiceTests" name="AuthorizedHasNoAccessToAdminFunctions" />
    </UnitTest>
    <UnitTest name="BL.Tests.CheckPermissionsServiceTests.SkiPatrolHasAccessToAdminSkiPatrolFunctions(functionName: &quot;GetMessagesAsync&quot;)" storage="c:\users\alena\desktop\7_sem\testing_and_debugging\skiresort\bl.tests\bin\debug\net6.0\bl.tests.dll" id="c36970dc-93f7-753e-fa47-157133b01644">
      <Execution id="59efbd96-5c8b-4746-8641-2c03b33fe2e8" />
      <TestMethod codeBase="C:\Users\alena\Desktop\7_sem\testing_and_debugging\SkiResort\BL.Tests\bin\Debug\net6.0\BL.Tests.dll" adapterTypeName="executor://xunit/VsTestRunner2/netcoreapp" className="BL.Tests.CheckPermissionsServiceTests" name="SkiPatrolHasAccessToAdminSkiPatrolFunctions" />
    </UnitTest>
    <UnitTest name="BL.Tests.CheckPermissionsServiceTests.AdminHasAccessToAllFunctions" storage="c:\users\alena\desktop\7_sem\testing_and_debugging\skiresort\bl.tests\bin\debug\net6.0\bl.tests.dll" id="f3efc418-a8a6-c7b7-9bac-90b33aa8472f">
      <Execution id="2884424a-889f-431b-89a9-401fe40f4aa2" />
      <TestMethod codeBase="C:\Users\alena\Desktop\7_sem\testing_and_debugging\SkiResort\BL.Tests\bin\Debug\net6.0\BL.Tests.dll" adapterTypeName="executor://xunit/VsTestRunner2/netcoreapp" className="BL.Tests.CheckPermissionsServiceTests" name="AdminHasAccessToAllFunctions" />
    </UnitTest>
    <UnitTest name="BL.Tests.UsersServiceTests.TestRegisterUserWithNoPassword" storage="c:\users\alena\desktop\7_sem\testing_and_debugging\skiresort\bl.tests\bin\debug\net6.0\bl.tests.dll" id="f44a1b21-8efc-bfac-63b4-d534442def31">
      <Execution id="5f4ec4eb-a724-4bfb-83b0-53c8ec7267ee" />
      <TestMethod codeBase="C:\Users\alena\Desktop\7_sem\testing_and_debugging\SkiResort\BL.Tests\bin\Debug\net6.0\BL.Tests.dll" adapterTypeName="executor://xunit/VsTestRunner2/netcoreapp" className="BL.Tests.UsersServiceTests" name="TestRegisterUserWithNoPassword" />
    </UnitTest>
    <UnitTest name="BL.Tests.LiftsServiceTest.TestAdminDeleteLiftAsync(userID: 82, lift: Lift { LiftID = 185, LiftName = liftName179300a3-a6e9-43b6-9c2d-36dd6340b05c, IsOpen = True, SeatsAmount = 231, LiftingTime = 114, QueueTime = 40, ConnectedSlopes =  }, checkPermissionServiceMock: Mock&lt;ICheckPermissionService:4&gt;, liftsRepositoryStub: Mock&lt;ILiftsRepository:4&gt;, liftsSlopesRepositoryStub: Mock&lt;ILiftsSlopesRepository:4&gt;, sut: LiftsService { })" storage="c:\users\alena\desktop\7_sem\testing_and_debugging\skiresort\bl.tests\bin\debug\net6.0\bl.tests.dll" id="8cf22a79-e91e-8a8f-1936-cdea483af220">
      <Execution id="ac20e7a0-2693-4778-b3c3-741ebb5b05d9" />
      <TestMethod codeBase="C:\Users\alena\Desktop\7_sem\testing_and_debugging\SkiResort\BL.Tests\bin\Debug\net6.0\BL.Tests.dll" adapterTypeName="executor://xunit/VsTestRunner2/netcoreapp" className="BL.Tests.LiftsServiceTest" name="TestAdminDeleteLiftAsync" />
    </UnitTest>
    <UnitTest name="BL.Tests.UsersServiceTests.TestAdminGetUserByIDAsync" storage="c:\users\alena\desktop\7_sem\testing_and_debugging\skiresort\bl.tests\bin\debug\net6.0\bl.tests.dll" id="e5497347-2721-b7a6-0bd4-69a9921f6947">
      <Execution id="9f82a989-83da-4384-b0fb-ce8f9ba05fdd" />
      <TestMethod codeBase="C:\Users\alena\Desktop\7_sem\testing_and_debugging\SkiResort\BL.Tests\bin\Debug\net6.0\BL.Tests.dll" adapterTypeName="executor://xunit/VsTestRunner2/netcoreapp" className="BL.Tests.UsersServiceTests" name="TestAdminGetUserByIDAsync" />
    </UnitTest>
    <UnitTest name="BL.Tests.TurnstilesServiceTest.TestAdminGetTurnstileAsync(userID: 251, turnstile: Turnstile { TurnstileID = 116, LiftID = 31, IsOpen = True }, checkPermissionServiceMock: Mock&lt;ICheckPermissionService:12&gt;, turnstilesRepositoryStub: Mock&lt;ITurnstilesRepository:6&gt;, sut: TurnstilesService { })" storage="c:\users\alena\desktop\7_sem\testing_and_debugging\skiresort\bl.tests\bin\debug\net6.0\bl.tests.dll" id="dd7d4ce7-48d3-5120-01b3-2fe6d2034c96">
      <Execution id="8d7ea423-f855-4bae-81db-6a4f367460fd" />
      <TestMethod codeBase="C:\Users\alena\Desktop\7_sem\testing_and_debugging\SkiResort\BL.Tests\bin\Debug\net6.0\BL.Tests.dll" adapterTypeName="executor://xunit/VsTestRunner2/netcoreapp" className="BL.Tests.TurnstilesServiceTest" name="TestAdminGetTurnstileAsync" />
    </UnitTest>
    <UnitTest name="BL.Tests.LiftsSlopesServiceTests.TestAdminDeleteLiftSlopeAsync(lift: Lift { LiftID = 67, LiftName = liftName86d9c989-3775-40a2-afa0-f77533d376e4, IsOpen = True, SeatsAmount = 196, LiftingTime = 56, QueueTime = 91, ConnectedSlopes =  }, slope: Slope { SlopeID = 32, SlopeName = slopeNamee8dfb812-c085-46d5-a610-7ffc66f799e6, IsOpen = False, DifficultyLevel = 12, ConnectedLifts =  }, slopesRepositoryStub: Mock&lt;ISlopesRepository:2&gt;, liftsReposit..." storage="c:\users\alena\desktop\7_sem\testing_and_debugging\skiresort\bl.tests\bin\debug\net6.0\bl.tests.dll" id="dbe498bc-5c06-7371-f058-b127d468860d">
      <Execution id="9805d8d7-c44e-4f1a-bd4f-5cb6d51cd6ca" />
      <TestMethod codeBase="C:\Users\alena\Desktop\7_sem\testing_and_debugging\SkiResort\BL.Tests\bin\Debug\net6.0\BL.Tests.dll" adapterTypeName="executor://xunit/VsTestRunner2/netcoreapp" className="BL.Tests.LiftsSlopesServiceTests" name="TestAdminDeleteLiftSlopeAsync" />
    </UnitTest>
    <UnitTest name="BL.Tests.UsersServiceTests.TestAdminAddAutoIncrementUser" storage="c:\users\alena\desktop\7_sem\testing_and_debugging\skiresort\bl.tests\bin\debug\net6.0\bl.tests.dll" id="834c739b-eca4-b36d-6a66-5a1bd75377b8">
      <Execution id="5cf59bee-9b4f-4029-8ead-58654fdffecb" />
      <TestMethod codeBase="C:\Users\alena\Desktop\7_sem\testing_and_debugging\SkiResort\BL.Tests\bin\Debug\net6.0\BL.Tests.dll" adapterTypeName="executor://xunit/VsTestRunner2/netcoreapp" className="BL.Tests.UsersServiceTests" name="TestAdminAddAutoIncrementUser" />
    </UnitTest>
    <UnitTest name="BL.Tests.CheckPermissionsServiceTests.UnauthorizedHasNoAccessToAdminSkiPatrolFunctions(functionName: &quot;GetLiftsSlopesInfoAsync&quot;)" storage="c:\users\alena\desktop\7_sem\testing_and_debugging\skiresort\bl.tests\bin\debug\net6.0\bl.tests.dll" id="387c9729-48c1-486e-5e67-f5d11a9f0db8">
      <Execution id="b4d66d9e-fca7-4363-9c77-86ddd2a2bac1" />
      <TestMethod codeBase="C:\Users\alena\Desktop\7_sem\testing_and_debugging\SkiResort\BL.Tests\bin\Debug\net6.0\BL.Tests.dll" adapterTypeName="executor://xunit/VsTestRunner2/netcoreapp" className="BL.Tests.CheckPermissionsServiceTests" name="UnauthorizedHasNoAccessToAdminSkiPatrolFunctions" />
    </UnitTest>
    <UnitTest name="BL.Tests.CheckPermissionsServiceTests.SkiPatrolHasAccessToAdminSkiPatrolFunctions(functionName: &quot;MarkMessageReadByUserAsync&quot;)" storage="c:\users\alena\desktop\7_sem\testing_and_debugging\skiresort\bl.tests\bin\debug\net6.0\bl.tests.dll" id="60bd668f-04df-da5e-b79b-5d9aedb5234d">
      <Execution id="b3ca75f4-073a-4da5-9026-792d38fef57b" />
      <TestMethod codeBase="C:\Users\alena\Desktop\7_sem\testing_and_debugging\SkiResort\BL.Tests\bin\Debug\net6.0\BL.Tests.dll" adapterTypeName="executor://xunit/VsTestRunner2/netcoreapp" className="BL.Tests.CheckPermissionsServiceTests" name="SkiPatrolHasAccessToAdminSkiPatrolFunctions" />
    </UnitTest>
    <UnitTest name="BL.Tests.TurnstilesServiceTest.TestAdminDeleteTurnstileAsync(userID: 84, turnstile: Turnstile { TurnstileID = 173, LiftID = 219, IsOpen = True }, checkPermissionServiceMock: Mock&lt;ICheckPermissionService:15&gt;, turnstilesRepositoryStub: Mock&lt;ITurnstilesRepository:9&gt;, sut: TurnstilesService { })" storage="c:\users\alena\desktop\7_sem\testing_and_debugging\skiresort\bl.tests\bin\debug\net6.0\bl.tests.dll" id="bff31c77-ad81-4984-df16-a1da49e1ffa7">
      <Execution id="1ed36755-0e9b-42ab-81dd-a91b9d9b145e" />
      <TestMethod codeBase="C:\Users\alena\Desktop\7_sem\testing_and_debugging\SkiResort\BL.Tests\bin\Debug\net6.0\BL.Tests.dll" adapterTypeName="executor://xunit/VsTestRunner2/netcoreapp" className="BL.Tests.TurnstilesServiceTest" name="TestAdminDeleteTurnstileAsync" />
    </UnitTest>
    <UnitTest name="BL.Tests.TurnstilesServiceTest.TestAdminGetTurnstilesAsync(userID: 58, initialTurnstiles: [Turnstile { TurnstileID = 100, LiftID = 228, IsOpen = True }, Turnstile { TurnstileID = 195, LiftID = 62, IsOpen = False }, Turnstile { TurnstileID = 132, LiftID = 203, IsOpen = True }], checkPermissionServiceMock: Mock&lt;ICheckPermissionService:13&gt;, turnstilesRepositoryStub: Mock&lt;ITurnstilesRepository:7&gt;, sut: TurnstilesService { })" storage="c:\users\alena\desktop\7_sem\testing_and_debugging\skiresort\bl.tests\bin\debug\net6.0\bl.tests.dll" id="fd8a4122-0e6f-0ff0-b389-a18442cb9e6b">
      <Execution id="048e5a93-10a0-4317-9140-a18ba3b3ed2d" />
      <TestMethod codeBase="C:\Users\alena\Desktop\7_sem\testing_and_debugging\SkiResort\BL.Tests\bin\Debug\net6.0\BL.Tests.dll" adapterTypeName="executor://xunit/VsTestRunner2/netcoreapp" className="BL.Tests.TurnstilesServiceTest" name="TestAdminGetTurnstilesAsync" />
    </UnitTest>
    <UnitTest name="BL.Tests.CheckPermissionsServiceTests.UnauthorizedHasNoAccessToAdminFunctions" storage="c:\users\alena\desktop\7_sem\testing_and_debugging\skiresort\bl.tests\bin\debug\net6.0\bl.tests.dll" id="e2d7e5be-3dae-33ae-fb17-c704b6fd58d6">
      <Execution id="406ff608-e071-46eb-a1b3-ebe6564f5630" />
      <TestMethod codeBase="C:\Users\alena\Desktop\7_sem\testing_and_debugging\SkiResort\BL.Tests\bin\Debug\net6.0\BL.Tests.dll" adapterTypeName="executor://xunit/VsTestRunner2/netcoreapp" className="BL.Tests.CheckPermissionsServiceTests" name="UnauthorizedHasNoAccessToAdminFunctions" />
    </UnitTest>
    <UnitTest name="BL.Tests.UsersServiceTests.TestLogInWithWrongPassword" storage="c:\users\alena\desktop\7_sem\testing_and_debugging\skiresort\bl.tests\bin\debug\net6.0\bl.tests.dll" id="69340bb6-3645-f9dd-971e-29d8b2a009bb">
      <Execution id="499f500e-4bf4-456b-b3d3-adf5df52fb3f" />
      <TestMethod codeBase="C:\Users\alena\Desktop\7_sem\testing_and_debugging\SkiResort\BL.Tests\bin\Debug\net6.0\BL.Tests.dll" adapterTypeName="executor://xunit/VsTestRunner2/netcoreapp" className="BL.Tests.UsersServiceTests" name="TestLogInWithWrongPassword" />
    </UnitTest>
    <UnitTest name="BL.Tests.CheckPermissionsServiceTests.SkiPatrolHasAccessToAdminSkiPatrolFunctions(functionName: &quot;GetLiftsSlopesInfoAsync&quot;)" storage="c:\users\alena\desktop\7_sem\testing_and_debugging\skiresort\bl.tests\bin\debug\net6.0\bl.tests.dll" id="2d706594-f2b3-b3c8-21d4-86c9798c3306">
      <Execution id="543cb1fa-30ae-4292-bd10-b384e2278ced" />
      <TestMethod codeBase="C:\Users\alena\Desktop\7_sem\testing_and_debugging\SkiResort\BL.Tests\bin\Debug\net6.0\BL.Tests.dll" adapterTypeName="executor://xunit/VsTestRunner2/netcoreapp" className="BL.Tests.CheckPermissionsServiceTests" name="SkiPatrolHasAccessToAdminSkiPatrolFunctions" />
    </UnitTest>
    <UnitTest name="BL.Tests.CheckPermissionsServiceTests.SkiPatrolHasNoAccessToAdminFunctions" storage="c:\users\alena\desktop\7_sem\testing_and_debugging\skiresort\bl.tests\bin\debug\net6.0\bl.tests.dll" id="492c0393-35b4-df26-a537-21ca08302f3c">
      <Execution id="03ab585b-b17f-4b25-bdf5-5641cb8daa8c" />
      <TestMethod codeBase="C:\Users\alena\Desktop\7_sem\testing_and_debugging\SkiResort\BL.Tests\bin\Debug\net6.0\BL.Tests.dll" adapterTypeName="executor://xunit/VsTestRunner2/netcoreapp" className="BL.Tests.CheckPermissionsServiceTests" name="SkiPatrolHasNoAccessToAdminFunctions" />
    </UnitTest>
    <UnitTest name="BL.Tests.SlopesServiceTest.TestUpdateSlopeInfoAsync(userID: 245, slope: Slope { SlopeID = 83, SlopeName = slopeName91057c57-4c37-44b6-b963-b1e623a08104, IsOpen = True, DifficultyLevel = 172, ConnectedLifts =  }, checkPermissionServiceMock: Mock&lt;ICheckPermissionService:8&gt;, slopesRepositoryStub: Mock&lt;ISlopesRepository:6&gt;, sut: SlopesService { })" storage="c:\users\alena\desktop\7_sem\testing_and_debugging\skiresort\bl.tests\bin\debug\net6.0\bl.tests.dll" id="0ad22dff-3a6e-d09a-13d2-bfa2d01b882d">
      <Execution id="22e706da-1286-4394-a42e-1322a3fb4f3a" />
      <TestMethod codeBase="C:\Users\alena\Desktop\7_sem\testing_and_debugging\SkiResort\BL.Tests\bin\Debug\net6.0\BL.Tests.dll" adapterTypeName="executor://xunit/VsTestRunner2/netcoreapp" className="BL.Tests.SlopesServiceTest" name="TestUpdateSlopeInfoAsync" />
    </UnitTest>
    <UnitTest name="BL.Tests.UsersServiceTests.TestAdminDeleteUser" storage="c:\users\alena\desktop\7_sem\testing_and_debugging\skiresort\bl.tests\bin\debug\net6.0\bl.tests.dll" id="18fa8c62-e27d-e1fc-8182-4d7db62b008d">
      <Execution id="1ab0684f-b952-44a8-abcd-9747c999709c" />
      <TestMethod codeBase="C:\Users\alena\Desktop\7_sem\testing_and_debugging\SkiResort\BL.Tests\bin\Debug\net6.0\BL.Tests.dll" adapterTypeName="executor://xunit/VsTestRunner2/netcoreapp" className="BL.Tests.UsersServiceTests" name="TestAdminDeleteUser" />
    </UnitTest>
    <UnitTest name="BL.Tests.CheckPermissionsServiceTests.AuthorizedHasAccessToAuthorizedFunctions(functionName: &quot;LogOutAsync&quot;)" storage="c:\users\alena\desktop\7_sem\testing_and_debugging\skiresort\bl.tests\bin\debug\net6.0\bl.tests.dll" id="aa28a6b3-21d3-aa45-24d3-bef2facbc899">
      <Execution id="9517d584-6fe3-4875-8f7c-9733cd8c5107" />
      <TestMethod codeBase="C:\Users\alena\Desktop\7_sem\testing_and_debugging\SkiResort\BL.Tests\bin\Debug\net6.0\BL.Tests.dll" adapterTypeName="executor://xunit/VsTestRunner2/netcoreapp" className="BL.Tests.CheckPermissionsServiceTests" name="AuthorizedHasAccessToAuthorizedFunctions" />
    </UnitTest>
    <UnitTest name="BL.Tests.LiftsServiceTest.TestUpdateLiftInfoAsync(userID: 180, lift: Lift { LiftID = 60, LiftName = liftNamea459f0de-8e72-423b-8a98-847eab2b797d, IsOpen = True, SeatsAmount = 244, LiftingTime = 36, QueueTime = 152, ConnectedSlopes =  }, checkPermissionServiceMock: Mock&lt;ICheckPermissionService:3&gt;, liftsRepositoryStub: Mock&lt;ILiftsRepository:3&gt;, sut: LiftsService { })" storage="c:\users\alena\desktop\7_sem\testing_and_debugging\skiresort\bl.tests\bin\debug\net6.0\bl.tests.dll" id="17dbb5c6-2d3e-e8d6-b7e1-5fe9152004ac">
      <Execution id="74e22537-f065-4382-9adc-40660159f524" />
      <TestMethod codeBase="C:\Users\alena\Desktop\7_sem\testing_and_debugging\SkiResort\BL.Tests\bin\Debug\net6.0\BL.Tests.dll" adapterTypeName="executor://xunit/VsTestRunner2/netcoreapp" className="BL.Tests.LiftsServiceTest" name="TestUpdateLiftInfoAsync" />
    </UnitTest>
    <UnitTest name="BL.Tests.UsersServiceTests.TestAdminUpdateUser" storage="c:\users\alena\desktop\7_sem\testing_and_debugging\skiresort\bl.tests\bin\debug\net6.0\bl.tests.dll" id="06d0bc3a-24a0-fb7f-4277-e9ae6d21c7dd">
      <Execution id="b744c906-68c1-4dfd-8b16-5226f53d0f59" />
      <TestMethod codeBase="C:\Users\alena\Desktop\7_sem\testing_and_debugging\SkiResort\BL.Tests\bin\Debug\net6.0\BL.Tests.dll" adapterTypeName="executor://xunit/VsTestRunner2/netcoreapp" className="BL.Tests.UsersServiceTests" name="TestAdminUpdateUser" />
    </UnitTest>
    <UnitTest name="BL.Tests.UsersServiceTests.TestLogInOk" storage="c:\users\alena\desktop\7_sem\testing_and_debugging\skiresort\bl.tests\bin\debug\net6.0\bl.tests.dll" id="1ca07ad8-f799-c5d4-e7cc-34fd950198a2">
      <Execution id="e0565c40-b041-4cee-9777-03c773ca8915" />
      <TestMethod codeBase="C:\Users\alena\Desktop\7_sem\testing_and_debugging\SkiResort\BL.Tests\bin\Debug\net6.0\BL.Tests.dll" adapterTypeName="executor://xunit/VsTestRunner2/netcoreapp" className="BL.Tests.UsersServiceTests" name="TestLogInOk" />
    </UnitTest>
    <UnitTest name="BL.Tests.SlopesServiceTest.TestGetSlopeInfoAsync(userID: 214, slope: Slope { SlopeID = 110, SlopeName = slopeNamee2dcea7f-7745-4450-b22e-fee50f0cb933, IsOpen = True, DifficultyLevel = 210, ConnectedLifts =  }, checkPermissionServiceMock: Mock&lt;ICheckPermissionService:6&gt;, slopesRepositoryStub: Mock&lt;ISlopesRepository:4&gt;, liftsSlopesRepositoryStub: Mock&lt;ILiftsSlopesRepository:9&gt;, sut: SlopesService { })" storage="c:\users\alena\desktop\7_sem\testing_and_debugging\skiresort\bl.tests\bin\debug\net6.0\bl.tests.dll" id="4a2a97f9-5b72-59ae-a3bc-9b5458baa406">
      <Execution id="15bb15bd-43c4-4340-834c-925708d05ea2" />
      <TestMethod codeBase="C:\Users\alena\Desktop\7_sem\testing_and_debugging\SkiResort\BL.Tests\bin\Debug\net6.0\BL.Tests.dll" adapterTypeName="executor://xunit/VsTestRunner2/netcoreapp" className="BL.Tests.SlopesServiceTest" name="TestGetSlopeInfoAsync" />
    </UnitTest>
    <UnitTest name="BL.Tests.UsersServiceTests.TestAdminGetUsers" storage="c:\users\alena\desktop\7_sem\testing_and_debugging\skiresort\bl.tests\bin\debug\net6.0\bl.tests.dll" id="20ad8570-0170-85de-dcd7-2f109dd7bcd6">
      <Execution id="525d837e-2d2e-4b96-bdfe-eae9d55bf8fc" />
      <TestMethod codeBase="C:\Users\alena\Desktop\7_sem\testing_and_debugging\SkiResort\BL.Tests\bin\Debug\net6.0\BL.Tests.dll" adapterTypeName="executor://xunit/VsTestRunner2/netcoreapp" className="BL.Tests.UsersServiceTests" name="TestAdminGetUsers" />
    </UnitTest>
    <UnitTest name="BL.Tests.CheckPermissionsServiceTests.UnauthorizedHasNoAccessToAdminSkiPatrolFunctions(functionName: &quot;GetMessagesAsync&quot;)" storage="c:\users\alena\desktop\7_sem\testing_and_debugging\skiresort\bl.tests\bin\debug\net6.0\bl.tests.dll" id="229812f5-9a73-5335-11f5-31330d1348a5">
      <Execution id="94239cc1-1e00-4338-9468-e0cf17621531" />
      <TestMethod codeBase="C:\Users\alena\Desktop\7_sem\testing_and_debugging\SkiResort\BL.Tests\bin\Debug\net6.0\BL.Tests.dll" adapterTypeName="executor://xunit/VsTestRunner2/netcoreapp" className="BL.Tests.CheckPermissionsServiceTests" name="UnauthorizedHasNoAccessToAdminSkiPatrolFunctions" />
    </UnitTest>
    <UnitTest name="BL.Tests.SlopesServiceTest.TestAdminAddAutoIncrementSlopeAsync(userID: 188, slope: Slope { SlopeID = 99, SlopeName = slopeNamedff7b3c8-72ed-4dc7-9d35-40e642e4f10b, IsOpen = True, DifficultyLevel = 81, ConnectedLifts =  }, checkPermissionServiceMock: Mock&lt;ICheckPermissionService:10&gt;, slopesRepositoryStub: Mock&lt;ISlopesRepository:8&gt;, sut: SlopesService { })" storage="c:\users\alena\desktop\7_sem\testing_and_debugging\skiresort\bl.tests\bin\debug\net6.0\bl.tests.dll" id="1b4c1fe8-7513-e3ec-9e0e-0fd367514d25">
      <Execution id="b8f27cc7-0046-4570-bfa7-3cfd9e5be997" />
      <TestMethod codeBase="C:\Users\alena\Desktop\7_sem\testing_and_debugging\SkiResort\BL.Tests\bin\Debug\net6.0\BL.Tests.dll" adapterTypeName="executor://xunit/VsTestRunner2/netcoreapp" className="BL.Tests.SlopesServiceTest" name="TestAdminAddAutoIncrementSlopeAsync" />
    </UnitTest>
    <UnitTest name="BL.Tests.SlopesServiceTest.TestAdminDeleteSlopeAsync(userID: 27, slope: Slope { SlopeID = 21, SlopeName = slopeName5e9c6de1-91b2-4a8e-88a9-521201455119, IsOpen = True, DifficultyLevel = 82, ConnectedLifts =  }, checkPermissionServiceMock: Mock&lt;ICheckPermissionService:9&gt;, slopesRepositoryStub: Mock&lt;ISlopesRepository:7&gt;, liftsSlopesRepositoryStub: Mock&lt;ILiftsSlopesRepository:12&gt;, sut: SlopesService { })" storage="c:\users\alena\desktop\7_sem\testing_and_debugging\skiresort\bl.tests\bin\debug\net6.0\bl.tests.dll" id="e7eb7d69-e2c4-cad6-75c7-1d325b625f4e">
      <Execution id="bd5df6eb-a2cd-4d6b-b1aa-837d3e2a9044" />
      <TestMethod codeBase="C:\Users\alena\Desktop\7_sem\testing_and_debugging\SkiResort\BL.Tests\bin\Debug\net6.0\BL.Tests.dll" adapterTypeName="executor://xunit/VsTestRunner2/netcoreapp" className="BL.Tests.SlopesServiceTest" name="TestAdminDeleteSlopeAsync" />
    </UnitTest>
    <UnitTest name="BL.Tests.LiftsSlopesServiceTests.TestGetLiftsSlopesInfoAsync(liftsSlopes: [LiftSlope { RecordID = 6, LiftID = 42, SlopeID = 167 }, LiftSlope { RecordID = 27, LiftID = 49, SlopeID = 175 }, LiftSlope { RecordID = 164, LiftID = 116, SlopeID = 208 }], slopesRepositoryStub: Mock&lt;ISlopesRepository:1&gt;, liftsRepositoryStub: Mock&lt;ILiftsRepository:6&gt;, liftsSlopesRepositoryStub: Mock&lt;ILiftsSlopesRepository:6&gt;)" storage="c:\users\alena\desktop\7_sem\testing_and_debugging\skiresort\bl.tests\bin\debug\net6.0\bl.tests.dll" id="39be9b5e-0bc4-57dc-37d3-aec6b520299d">
      <Execution id="41632667-5acf-4a03-bfc6-72268198b2fc" />
      <TestMethod codeBase="C:\Users\alena\Desktop\7_sem\testing_and_debugging\SkiResort\BL.Tests\bin\Debug\net6.0\BL.Tests.dll" adapterTypeName="executor://xunit/VsTestRunner2/netcoreapp" className="BL.Tests.LiftsSlopesServiceTests" name="TestGetLiftsSlopesInfoAsync" />
    </UnitTest>
    <UnitTest name="BL.Tests.CheckPermissionsServiceTests.AuthorizedHasNoAccessToAdminSkiPatrolFunctions(functionName: &quot;GetLiftsSlopesInfoAsync&quot;)" storage="c:\users\alena\desktop\7_sem\testing_and_debugging\skiresort\bl.tests\bin\debug\net6.0\bl.tests.dll" id="4f297306-d4f3-8d63-e7f4-1ac0b8c58c74">
      <Execution id="75d53bd3-4891-4bf3-a5d8-d2047c1e6b0e" />
      <TestMethod codeBase="C:\Users\alena\Desktop\7_sem\testing_and_debugging\SkiResort\BL.Tests\bin\Debug\net6.0\BL.Tests.dll" adapterTypeName="executor://xunit/VsTestRunner2/netcoreapp" className="BL.Tests.CheckPermissionsServiceTests" name="AuthorizedHasNoAccessToAdminSkiPatrolFunctions" />
    </UnitTest>
    <UnitTest name="BL.Tests.SlopesServiceTest.TestGetSlopesInfoAsync(userID: 240, initialSlopes: [Slope { SlopeID = 72, SlopeName = slopeName39de0075-f3b2-4d2a-80c6-5707df01f177, IsOpen = True, DifficultyLevel = 172, ConnectedLifts =  }, Slope { SlopeID = 142, SlopeName = slopeNamec2d3ff5f-a18b-4b09-885b-67430dd44d45, IsOpen = False, DifficultyLevel = 81, ConnectedLifts =  }, Slope { SlopeID = 2, SlopeName = slopeNameeb3b19c0-7983-462f-ace7-a550c89cb5c4, IsOp..." storage="c:\users\alena\desktop\7_sem\testing_and_debugging\skiresort\bl.tests\bin\debug\net6.0\bl.tests.dll" id="64fde9c2-1183-0dc8-c1d4-bf7d6c0b76b8">
      <Execution id="bfd60dd8-03bb-452a-8e72-761b8c151c6e" />
      <TestMethod codeBase="C:\Users\alena\Desktop\7_sem\testing_and_debugging\SkiResort\BL.Tests\bin\Debug\net6.0\BL.Tests.dll" adapterTypeName="executor://xunit/VsTestRunner2/netcoreapp" className="BL.Tests.SlopesServiceTest" name="TestGetSlopesInfoAsync" />
    </UnitTest>
    <UnitTest name="BL.Tests.LiftsServiceTest.TestGetLiftInfoAsync(userID: 53, lift: Lift { LiftID = 42, LiftName = liftNamebbedef5c-36ad-491e-8fdf-232d11400aa9, IsOpen = True, SeatsAmount = 51, LiftingTime = 82, QueueTime = 159, ConnectedSlopes =  }, checkPermissionServiceMock: Mock&lt;ICheckPermissionService:1&gt;, liftsRepositoryStub: Mock&lt;ILiftsRepository:1&gt;, liftsSlopesRepositoryStub: Mock&lt;ILiftsSlopesRepository:1&gt;, sut: LiftsService { })" storage="c:\users\alena\desktop\7_sem\testing_and_debugging\skiresort\bl.tests\bin\debug\net6.0\bl.tests.dll" id="7ee9ecaf-80ba-add3-06f2-3cfac15c2c31">
      <Execution id="d38b1aab-3b7c-4ed8-a312-9298113ed0db" />
      <TestMethod codeBase="C:\Users\alena\Desktop\7_sem\testing_and_debugging\SkiResort\BL.Tests\bin\Debug\net6.0\BL.Tests.dll" adapterTypeName="executor://xunit/VsTestRunner2/netcoreapp" className="BL.Tests.LiftsServiceTest" name="TestGetLiftInfoAsync" />
    </UnitTest>
    <UnitTest name="BL.Tests.UsersServiceTests.TestRegisterOk" storage="c:\users\alena\desktop\7_sem\testing_and_debugging\skiresort\bl.tests\bin\debug\net6.0\bl.tests.dll" id="0eeef75f-6e38-7893-a8fe-cff3e0a970a7">
      <Execution id="4fc65b7f-7bbf-4657-82fe-9189dc5dbccd" />
      <TestMethod codeBase="C:\Users\alena\Desktop\7_sem\testing_and_debugging\SkiResort\BL.Tests\bin\Debug\net6.0\BL.Tests.dll" adapterTypeName="executor://xunit/VsTestRunner2/netcoreapp" className="BL.Tests.UsersServiceTests" name="TestRegisterOk" />
    </UnitTest>
    <UnitTest name="BL.Tests.LiftsServiceTest.TestAdminAddAutoIncrementLiftAsync(userID: 165, lift: Lift { LiftID = 115, LiftName = liftName4ee60ef8-d289-4092-bdce-2644605731e4, IsOpen = True, SeatsAmount = 198, LiftingTime = 195, QueueTime = 252, ConnectedSlopes =  }, checkPermissionServiceMock: Mock&lt;ICheckPermissionService:5&gt;, liftsRepositoryStub: Mock&lt;ILiftsRepository:5&gt;, sut: LiftsService { })" storage="c:\users\alena\desktop\7_sem\testing_and_debugging\skiresort\bl.tests\bin\debug\net6.0\bl.tests.dll" id="9f9fe663-068d-d869-cf85-bf7fb878356c">
      <Execution id="0fbb622b-9466-411d-ad0f-b257efecd4ea" />
      <TestMethod codeBase="C:\Users\alena\Desktop\7_sem\testing_and_debugging\SkiResort\BL.Tests\bin\Debug\net6.0\BL.Tests.dll" adapterTypeName="executor://xunit/VsTestRunner2/netcoreapp" className="BL.Tests.LiftsServiceTest" name="TestAdminAddAutoIncrementLiftAsync" />
    </UnitTest>
    <UnitTest name="BL.Tests.CheckPermissionsServiceTests.AuthorizedHasAccessToAuthorizedFunctions(functionName: &quot;SendMessageAsync&quot;)" storage="c:\users\alena\desktop\7_sem\testing_and_debugging\skiresort\bl.tests\bin\debug\net6.0\bl.tests.dll" id="644ec43e-70cd-c82d-42e7-0d990be1414d">
      <Execution id="a9fdd4ce-0f60-4499-bf25-ec8e2a57cca6" />
      <TestMethod codeBase="C:\Users\alena\Desktop\7_sem\testing_and_debugging\SkiResort\BL.Tests\bin\Debug\net6.0\BL.Tests.dll" adapterTypeName="executor://xunit/VsTestRunner2/netcoreapp" className="BL.Tests.CheckPermissionsServiceTests" name="AuthorizedHasAccessToAuthorizedFunctions" />
    </UnitTest>
    <UnitTest name="BL.Tests.CheckPermissionsServiceTests.UnauthorizedHasNoAccessToAuthorizedFunctions(functionName: &quot;LogOutAsync&quot;)" storage="c:\users\alena\desktop\7_sem\testing_and_debugging\skiresort\bl.tests\bin\debug\net6.0\bl.tests.dll" id="fa960c5e-f989-2880-784e-8efe538c5231">
      <Execution id="b77a851d-14d9-41cc-bda0-799fb064a349" />
      <TestMethod codeBase="C:\Users\alena\Desktop\7_sem\testing_and_debugging\SkiResort\BL.Tests\bin\Debug\net6.0\BL.Tests.dll" adapterTypeName="executor://xunit/VsTestRunner2/netcoreapp" className="BL.Tests.CheckPermissionsServiceTests" name="UnauthorizedHasNoAccessToAuthorizedFunctions" />
    </UnitTest>
    <UnitTest name="BL.Tests.CheckPermissionsServiceTests.UnauthorizedHasNoAccessToAuthorizedFunctions(functionName: &quot;SendMessageAsync&quot;)" storage="c:\users\alena\desktop\7_sem\testing_and_debugging\skiresort\bl.tests\bin\debug\net6.0\bl.tests.dll" id="eaabd2fc-2f4b-5689-59c8-c7ad34a8f634">
      <Execution id="49384585-b9f3-48ad-b715-0a212c545fe1" />
      <TestMethod codeBase="C:\Users\alena\Desktop\7_sem\testing_and_debugging\SkiResort\BL.Tests\bin\Debug\net6.0\BL.Tests.dll" adapterTypeName="executor://xunit/VsTestRunner2/netcoreapp" className="BL.Tests.CheckPermissionsServiceTests" name="UnauthorizedHasNoAccessToAuthorizedFunctions" />
    </UnitTest>
    <UnitTest name="BL.Tests.UsersServiceTests.TestRegisterUserWithRepeatedEmail" storage="c:\users\alena\desktop\7_sem\testing_and_debugging\skiresort\bl.tests\bin\debug\net6.0\bl.tests.dll" id="894941c1-bfa7-d8f9-c047-1e1ceefe2c2f">
      <Execution id="bf1558c2-7421-41c4-ab78-9e8affb2e8b8" />
      <TestMethod codeBase="C:\Users\alena\Desktop\7_sem\testing_and_debugging\SkiResort\BL.Tests\bin\Debug\net6.0\BL.Tests.dll" adapterTypeName="executor://xunit/VsTestRunner2/netcoreapp" className="BL.Tests.UsersServiceTests" name="TestRegisterUserWithRepeatedEmail" />
    </UnitTest>
    <UnitTest name="BL.Tests.TurnstilesServiceTest.TestAdminUpdateTurnstileAsync(userID: 116, turnstile: Turnstile { TurnstileID = 13, LiftID = 103, IsOpen = True }, checkPermissionServiceMock: Mock&lt;ICheckPermissionService:14&gt;, turnstilesRepositoryStub: Mock&lt;ITurnstilesRepository:8&gt;, sut: TurnstilesService { })" storage="c:\users\alena\desktop\7_sem\testing_and_debugging\skiresort\bl.tests\bin\debug\net6.0\bl.tests.dll" id="583afff3-557f-5ab4-0ec9-5ebf99dc6e25">
      <Execution id="fdbc2650-717f-4b66-91a8-62fb4c88c49f" />
      <TestMethod codeBase="C:\Users\alena\Desktop\7_sem\testing_and_debugging\SkiResort\BL.Tests\bin\Debug\net6.0\BL.Tests.dll" adapterTypeName="executor://xunit/VsTestRunner2/netcoreapp" className="BL.Tests.TurnstilesServiceTest" name="TestAdminUpdateTurnstileAsync" />
    </UnitTest>
    <UnitTest name="BL.Tests.LiftsServiceTest.TestGetLiftsInfoAsync(userID: 118, initialLifts: [Lift { LiftID = 202, LiftName = liftNamee8c09f28-647a-41e0-bf2d-0e1e43eba03f, IsOpen = True, SeatsAmount = 19, LiftingTime = 91, QueueTime = 241, ConnectedSlopes =  }, Lift { LiftID = 3, LiftName = liftName1fd3a7a6-d21c-4128-8607-397f9ad27fa4, IsOpen = False, SeatsAmount = 190, LiftingTime = 121, QueueTime = 53, ConnectedSlopes =  }, Lift { LiftID = 185, LiftName = ..." storage="c:\users\alena\desktop\7_sem\testing_and_debugging\skiresort\bl.tests\bin\debug\net6.0\bl.tests.dll" id="c60f2192-226d-8724-61cd-ad16370bcdb3">
      <Execution id="ff65d51f-74b2-4cb1-a0a6-c83f3c50d917" />
      <TestMethod codeBase="C:\Users\alena\Desktop\7_sem\testing_and_debugging\SkiResort\BL.Tests\bin\Debug\net6.0\BL.Tests.dll" adapterTypeName="executor://xunit/VsTestRunner2/netcoreapp" className="BL.Tests.LiftsServiceTest" name="TestGetLiftsInfoAsync" />
    </UnitTest>
    <UnitTest name="BL.Tests.TurnstilesServiceTest.TestAdminAddAutoIncrementTurnstileAsync(userID: 228, turnstile: Turnstile { TurnstileID = 17, LiftID = 212, IsOpen = True }, checkPermissionServiceMock: Mock&lt;ICheckPermissionService:16&gt;, turnstilesRepositoryStub: Mock&lt;ITurnstilesRepository:10&gt;, sut: TurnstilesService { })" storage="c:\users\alena\desktop\7_sem\testing_and_debugging\skiresort\bl.tests\bin\debug\net6.0\bl.tests.dll" id="ed514c04-c13f-b93f-9733-0f5615e9dc1e">
      <Execution id="70979a14-3454-4119-a795-36e05d04a588" />
      <TestMethod codeBase="C:\Users\alena\Desktop\7_sem\testing_and_debugging\SkiResort\BL.Tests\bin\Debug\net6.0\BL.Tests.dll" adapterTypeName="executor://xunit/VsTestRunner2/netcoreapp" className="BL.Tests.TurnstilesServiceTest" name="TestAdminAddAutoIncrementTurnstileAsync" />
    </UnitTest>
    <UnitTest name="BL.Tests.UsersServiceTests.TestRegisterUserWithNoEmail" storage="c:\users\alena\desktop\7_sem\testing_and_debugging\skiresort\bl.tests\bin\debug\net6.0\bl.tests.dll" id="8184bd30-991c-b78d-b4ec-99a485eac0dd">
      <Execution id="5f0c2ce4-b5c7-4ebc-b6f5-8d162de11fb9" />
      <TestMethod codeBase="C:\Users\alena\Desktop\7_sem\testing_and_debugging\SkiResort\BL.Tests\bin\Debug\net6.0\BL.Tests.dll" adapterTypeName="executor://xunit/VsTestRunner2/netcoreapp" className="BL.Tests.UsersServiceTests" name="TestRegisterUserWithNoEmail" />
    </UnitTest>
  </TestDefinitions>
  <TestEntries>
    <TestEntry testId="dd7d4ce7-48d3-5120-01b3-2fe6d2034c96" executionId="8d7ea423-f855-4bae-81db-6a4f367460fd" testListId="8c84fa94-04c1-424b-9868-57a2d4851a1d" />
    <TestEntry testId="bff31c77-ad81-4984-df16-a1da49e1ffa7" executionId="1ed36755-0e9b-42ab-81dd-a91b9d9b145e" testListId="8c84fa94-04c1-424b-9868-57a2d4851a1d" />
    <TestEntry testId="39be9b5e-0bc4-57dc-37d3-aec6b520299d" executionId="41632667-5acf-4a03-bfc6-72268198b2fc" testListId="8c84fa94-04c1-424b-9868-57a2d4851a1d" />
    <TestEntry testId="8184bd30-991c-b78d-b4ec-99a485eac0dd" executionId="5f0c2ce4-b5c7-4ebc-b6f5-8d162de11fb9" testListId="8c84fa94-04c1-424b-9868-57a2d4851a1d" />
    <TestEntry testId="9c7df5e2-1b23-ebea-889f-b78ca86b60ab" executionId="2934e43d-37e4-4957-bb22-6ce01d6dae12" testListId="8c84fa94-04c1-424b-9868-57a2d4851a1d" />
    <TestEntry testId="9f9fe663-068d-d869-cf85-bf7fb878356c" executionId="0fbb622b-9466-411d-ad0f-b257efecd4ea" testListId="8c84fa94-04c1-424b-9868-57a2d4851a1d" />
    <TestEntry testId="17dbb5c6-2d3e-e8d6-b7e1-5fe9152004ac" executionId="74e22537-f065-4382-9adc-40660159f524" testListId="8c84fa94-04c1-424b-9868-57a2d4851a1d" />
    <TestEntry testId="eaabd2fc-2f4b-5689-59c8-c7ad34a8f634" executionId="49384585-b9f3-48ad-b715-0a212c545fe1" testListId="8c84fa94-04c1-424b-9868-57a2d4851a1d" />
    <TestEntry testId="229812f5-9a73-5335-11f5-31330d1348a5" executionId="94239cc1-1e00-4338-9468-e0cf17621531" testListId="8c84fa94-04c1-424b-9868-57a2d4851a1d" />
    <TestEntry testId="a19a5fcf-c5d2-7d44-5d7d-84403042f4e0" executionId="2ca66701-b734-4931-aa53-98a8e1927df1" testListId="8c84fa94-04c1-424b-9868-57a2d4851a1d" />
    <TestEntry testId="1b4c1fe8-7513-e3ec-9e0e-0fd367514d25" executionId="b8f27cc7-0046-4570-bfa7-3cfd9e5be997" testListId="8c84fa94-04c1-424b-9868-57a2d4851a1d" />
    <TestEntry testId="387c9729-48c1-486e-5e67-f5d11a9f0db8" executionId="b4d66d9e-fca7-4363-9c77-86ddd2a2bac1" testListId="8c84fa94-04c1-424b-9868-57a2d4851a1d" />
    <TestEntry testId="64fde9c2-1183-0dc8-c1d4-bf7d6c0b76b8" executionId="bfd60dd8-03bb-452a-8e72-761b8c151c6e" testListId="8c84fa94-04c1-424b-9868-57a2d4851a1d" />
    <TestEntry testId="69340bb6-3645-f9dd-971e-29d8b2a009bb" executionId="499f500e-4bf4-456b-b3d3-adf5df52fb3f" testListId="8c84fa94-04c1-424b-9868-57a2d4851a1d" />
    <TestEntry testId="e5497347-2721-b7a6-0bd4-69a9921f6947" executionId="9f82a989-83da-4384-b0fb-ce8f9ba05fdd" testListId="8c84fa94-04c1-424b-9868-57a2d4851a1d" />
    <TestEntry testId="20ad8570-0170-85de-dcd7-2f109dd7bcd6" executionId="525d837e-2d2e-4b96-bdfe-eae9d55bf8fc" testListId="8c84fa94-04c1-424b-9868-57a2d4851a1d" />
    <TestEntry testId="fd8a4122-0e6f-0ff0-b389-a18442cb9e6b" executionId="048e5a93-10a0-4317-9140-a18ba3b3ed2d" testListId="8c84fa94-04c1-424b-9868-57a2d4851a1d" />
    <TestEntry testId="3a770ed2-a597-95b1-4a1a-6c85ec5cccfe" executionId="05819de9-aa01-47e5-8cbc-40acaee2f2a9" testListId="8c84fa94-04c1-424b-9868-57a2d4851a1d" />
    <TestEntry testId="dbe498bc-5c06-7371-f058-b127d468860d" executionId="9805d8d7-c44e-4f1a-bd4f-5cb6d51cd6ca" testListId="8c84fa94-04c1-424b-9868-57a2d4851a1d" />
    <TestEntry testId="492c0393-35b4-df26-a537-21ca08302f3c" executionId="03ab585b-b17f-4b25-bdf5-5641cb8daa8c" testListId="8c84fa94-04c1-424b-9868-57a2d4851a1d" />
    <TestEntry testId="e7eb7d69-e2c4-cad6-75c7-1d325b625f4e" executionId="bd5df6eb-a2cd-4d6b-b1aa-837d3e2a9044" testListId="8c84fa94-04c1-424b-9868-57a2d4851a1d" />
    <TestEntry testId="4a2a97f9-5b72-59ae-a3bc-9b5458baa406" executionId="15bb15bd-43c4-4340-834c-925708d05ea2" testListId="8c84fa94-04c1-424b-9868-57a2d4851a1d" />
    <TestEntry testId="fa960c5e-f989-2880-784e-8efe538c5231" executionId="b77a851d-14d9-41cc-bda0-799fb064a349" testListId="8c84fa94-04c1-424b-9868-57a2d4851a1d" />
    <TestEntry testId="c36970dc-93f7-753e-fa47-157133b01644" executionId="59efbd96-5c8b-4746-8641-2c03b33fe2e8" testListId="8c84fa94-04c1-424b-9868-57a2d4851a1d" />
    <TestEntry testId="26012e5c-5285-fbe6-86f4-d3746c0e26d1" executionId="6be48b11-6cee-4411-85a9-3d3312b348c8" testListId="8c84fa94-04c1-424b-9868-57a2d4851a1d" />
    <TestEntry testId="1ca07ad8-f799-c5d4-e7cc-34fd950198a2" executionId="e0565c40-b041-4cee-9777-03c773ca8915" testListId="8c84fa94-04c1-424b-9868-57a2d4851a1d" />
    <TestEntry testId="0ad22dff-3a6e-d09a-13d2-bfa2d01b882d" executionId="22e706da-1286-4394-a42e-1322a3fb4f3a" testListId="8c84fa94-04c1-424b-9868-57a2d4851a1d" />
    <TestEntry testId="c60f2192-226d-8724-61cd-ad16370bcdb3" executionId="ff65d51f-74b2-4cb1-a0a6-c83f3c50d917" testListId="8c84fa94-04c1-424b-9868-57a2d4851a1d" />
    <TestEntry testId="60bd668f-04df-da5e-b79b-5d9aedb5234d" executionId="b3ca75f4-073a-4da5-9026-792d38fef57b" testListId="8c84fa94-04c1-424b-9868-57a2d4851a1d" />
    <TestEntry testId="f44a1b21-8efc-bfac-63b4-d534442def31" executionId="5f4ec4eb-a724-4bfb-83b0-53c8ec7267ee" testListId="8c84fa94-04c1-424b-9868-57a2d4851a1d" />
    <TestEntry testId="8cf22a79-e91e-8a8f-1936-cdea483af220" executionId="ac20e7a0-2693-4778-b3c3-741ebb5b05d9" testListId="8c84fa94-04c1-424b-9868-57a2d4851a1d" />
    <TestEntry testId="e2d7e5be-3dae-33ae-fb17-c704b6fd58d6" executionId="406ff608-e071-46eb-a1b3-ebe6564f5630" testListId="8c84fa94-04c1-424b-9868-57a2d4851a1d" />
    <TestEntry testId="f3efc418-a8a6-c7b7-9bac-90b33aa8472f" executionId="2884424a-889f-431b-89a9-401fe40f4aa2" testListId="8c84fa94-04c1-424b-9868-57a2d4851a1d" />
    <TestEntry testId="06d0bc3a-24a0-fb7f-4277-e9ae6d21c7dd" executionId="b744c906-68c1-4dfd-8b16-5226f53d0f59" testListId="8c84fa94-04c1-424b-9868-57a2d4851a1d" />
    <TestEntry testId="0eeef75f-6e38-7893-a8fe-cff3e0a970a7" executionId="4fc65b7f-7bbf-4657-82fe-9189dc5dbccd" testListId="8c84fa94-04c1-424b-9868-57a2d4851a1d" />
    <TestEntry testId="aa28a6b3-21d3-aa45-24d3-bef2facbc899" executionId="9517d584-6fe3-4875-8f7c-9733cd8c5107" testListId="8c84fa94-04c1-424b-9868-57a2d4851a1d" />
    <TestEntry testId="4f297306-d4f3-8d63-e7f4-1ac0b8c58c74" executionId="75d53bd3-4891-4bf3-a5d8-d2047c1e6b0e" testListId="8c84fa94-04c1-424b-9868-57a2d4851a1d" />
    <TestEntry testId="2d706594-f2b3-b3c8-21d4-86c9798c3306" executionId="543cb1fa-30ae-4292-bd10-b384e2278ced" testListId="8c84fa94-04c1-424b-9868-57a2d4851a1d" />
    <TestEntry testId="18fa8c62-e27d-e1fc-8182-4d7db62b008d" executionId="1ab0684f-b952-44a8-abcd-9747c999709c" testListId="8c84fa94-04c1-424b-9868-57a2d4851a1d" />
    <TestEntry testId="583afff3-557f-5ab4-0ec9-5ebf99dc6e25" executionId="fdbc2650-717f-4b66-91a8-62fb4c88c49f" testListId="8c84fa94-04c1-424b-9868-57a2d4851a1d" />
    <TestEntry testId="7ee9ecaf-80ba-add3-06f2-3cfac15c2c31" executionId="d38b1aab-3b7c-4ed8-a312-9298113ed0db" testListId="8c84fa94-04c1-424b-9868-57a2d4851a1d" />
    <TestEntry testId="644ec43e-70cd-c82d-42e7-0d990be1414d" executionId="a9fdd4ce-0f60-4499-bf25-ec8e2a57cca6" testListId="8c84fa94-04c1-424b-9868-57a2d4851a1d" />
    <TestEntry testId="834c739b-eca4-b36d-6a66-5a1bd75377b8" executionId="5cf59bee-9b4f-4029-8ead-58654fdffecb" testListId="8c84fa94-04c1-424b-9868-57a2d4851a1d" />
    <TestEntry testId="894941c1-bfa7-d8f9-c047-1e1ceefe2c2f" executionId="bf1558c2-7421-41c4-ab78-9e8affb2e8b8" testListId="8c84fa94-04c1-424b-9868-57a2d4851a1d" />
    <TestEntry testId="2602613f-c8e2-a6d9-fcf7-5b27d4a770a6" executionId="da46dfc3-0127-4be0-942f-19a0aad4937c" testListId="8c84fa94-04c1-424b-9868-57a2d4851a1d" />
    <TestEntry testId="a2e59116-cb53-1d70-9cb8-21c286516866" executionId="b99c0f2f-740f-4afe-a434-28338db3ba89" testListId="8c84fa94-04c1-424b-9868-57a2d4851a1d" />
    <TestEntry testId="ed514c04-c13f-b93f-9733-0f5615e9dc1e" executionId="70979a14-3454-4119-a795-36e05d04a588" testListId="8c84fa94-04c1-424b-9868-57a2d4851a1d" />
  </TestEntries>
  <TestLists>
    <TestList name="Список результатов" id="8c84fa94-04c1-424b-9868-57a2d4851a1d" />
    <TestList name="Все загруженные результаты" id="19431567-8539-422a-85d7-44ee4e166bda" />
  </TestLists>
  <ResultSummary outcome="Completed">
    <Counters total="47" executed="47" passed="47" failed="0" error="0" timeout="0" aborted="0" inconclusive="0" passedButRunAborted="0" notRunnable="0" notExecuted="0" disconnected="0" warning="0" completed="0" inProgress="0" pending="0" />
    <Output>
      <StdOut>[xUnit.net 00:00:00.00] xUnit.net VSTest Adapter v2.4.5+1caef2f33e (64-bit .NET 6.0.3)&#xD;
[xUnit.net 00:00:00.49]   Discovering: BL.Tests&#xD;
[xUnit.net 00:00:00.71]   Discovered:  BL.Tests&#xD;
[xUnit.net 00:00:00.72]   Starting:    BL.Tests&#xD;
[xUnit.net 00:00:00.97]   Finished:    BL.Tests&#xD;
</StdOut>
    </Output>
  </ResultSummary>
</TestRun>