<?xml version="1.0" encoding="utf-8"?>
<TestRun id="0387a44a-cb47-48f7-b8b5-c6856cc85155" name="alena@DESKTOP-TJ9D65N 2022-10-15 21:16:43" runUser="DESKTOP-TJ9D65N\alena" xmlns="http://microsoft.com/schemas/VisualStudio/TeamTest/2010">
  <Times creation="2022-10-15T21:16:43.7717500+03:00" queuing="2022-10-15T21:16:43.7717502+03:00" start="2022-10-15T21:16:42.2341493+03:00" finish="2022-10-15T21:16:43.8296217+03:00" />
  <TestSettings name="default" id="2d845cfa-0f60-4ab8-90c8-065b30a966a1">
    <Deployment runDeploymentRoot="alena_DESKTOP-TJ9D65N_2022-10-15_21_16_43" />
  </TestSettings>
  <Results>
    <UnitTestResult executionId="577b8f02-fd0a-4ec4-a7e5-3ac206e9e712" testId="e5497347-2721-b7a6-0bd4-69a9921f6947" testName="BL.Tests.UsersServiceTests.TestAdminGetUserByIDAsync" computerName="DESKTOP-TJ9D65N" duration="00:00:00.0028440" startTime="2022-10-15T21:16:43.7572303+03:00" endTime="2022-10-15T21:16:43.7572304+03:00" testType="13cdc9d9-ddb5-4fa4-a97d-d965ccfc6d4b" outcome="Passed" testListId="8c84fa94-04c1-424b-9868-57a2d4851a1d" relativeResultsDirectory="577b8f02-fd0a-4ec4-a7e5-3ac206e9e712" />
    <UnitTestResult executionId="45ce584e-5070-4f6c-9ec3-7dbba4739e97" testId="b183acd9-d61d-9bfe-68b0-28c67de95d39" testName="BL.Tests.SlopesServiceTest.TestAdminDeleteSlopeAsync(userID: 178, slope: Slope { SlopeID = 232, SlopeName = slopeName8e9de0fa-8b48-44fc-a3fc-0f70761de312, IsOpen = True, DifficultyLevel = 70, ConnectedLifts =  }, checkPermissionServiceMock: Mock&lt;ICheckPermissionService:9&gt;, slopesRepositoryStub: Mock&lt;ISlopesRepository:7&gt;, liftsSlopesRepositoryStub: Mock&lt;ILiftsSlopesRepository:12&gt;, sut: SlopesService { })" computerName="DESKTOP-TJ9D65N" duration="00:00:00.0051628" startTime="2022-10-15T21:16:43.7364131+03:00" endTime="2022-10-15T21:16:43.7364132+03:00" testType="13cdc9d9-ddb5-4fa4-a97d-d965ccfc6d4b" outcome="Passed" testListId="8c84fa94-04c1-424b-9868-57a2d4851a1d" relativeResultsDirectory="45ce584e-5070-4f6c-9ec3-7dbba4739e97" />
    <UnitTestResult executionId="42bae3c2-0919-4902-a0a9-c88b4f022a1e" testId="492c0393-35b4-df26-a537-21ca08302f3c" testName="BL.Tests.CheckPermissionsServiceTests.SkiPatrolHasNoAccessToAdminFunctions" computerName="DESKTOP-TJ9D65N" duration="00:00:00.0026993" startTime="2022-10-15T21:16:43.7611443+03:00" endTime="2022-10-15T21:16:43.7611444+03:00" testType="13cdc9d9-ddb5-4fa4-a97d-d965ccfc6d4b" outcome="Passed" testListId="8c84fa94-04c1-424b-9868-57a2d4851a1d" relativeResultsDirectory="42bae3c2-0919-4902-a0a9-c88b4f022a1e" />
    <UnitTestResult executionId="bfbb2a4b-9da8-4fea-82d9-314ab45ea19b" testId="eaabd2fc-2f4b-5689-59c8-c7ad34a8f634" testName="BL.Tests.CheckPermissionsServiceTests.UnauthorizedHasNoAccessToAuthorizedFunctions(functionName: &quot;SendMessageAsync&quot;)" computerName="DESKTOP-TJ9D65N" duration="00:00:00.0031128" startTime="2022-10-15T21:16:43.7356649+03:00" endTime="2022-10-15T21:16:43.7356650+03:00" testType="13cdc9d9-ddb5-4fa4-a97d-d965ccfc6d4b" outcome="Passed" testListId="8c84fa94-04c1-424b-9868-57a2d4851a1d" relativeResultsDirectory="bfbb2a4b-9da8-4fea-82d9-314ab45ea19b" />
    <UnitTestResult executionId="6f1ef3fd-a88c-4f83-b381-d6b8b4c01755" testId="644ec43e-70cd-c82d-42e7-0d990be1414d" testName="BL.Tests.CheckPermissionsServiceTests.AuthorizedHasAccessToAuthorizedFunctions(functionName: &quot;SendMessageAsync&quot;)" computerName="DESKTOP-TJ9D65N" duration="00:00:00.0021757" startTime="2022-10-15T21:16:43.7487429+03:00" endTime="2022-10-15T21:16:43.7487430+03:00" testType="13cdc9d9-ddb5-4fa4-a97d-d965ccfc6d4b" outcome="Passed" testListId="8c84fa94-04c1-424b-9868-57a2d4851a1d" relativeResultsDirectory="6f1ef3fd-a88c-4f83-b381-d6b8b4c01755" />
    <UnitTestResult executionId="63812111-ed0f-408a-92ac-d7caa3ed209e" testId="894941c1-bfa7-d8f9-c047-1e1ceefe2c2f" testName="BL.Tests.UsersServiceTests.TestRegisterUserWithRepeatedEmail" computerName="DESKTOP-TJ9D65N" duration="00:00:00.0042412" startTime="2022-10-15T21:16:43.7357920+03:00" endTime="2022-10-15T21:16:43.7357920+03:00" testType="13cdc9d9-ddb5-4fa4-a97d-d965ccfc6d4b" outcome="Passed" testListId="8c84fa94-04c1-424b-9868-57a2d4851a1d" relativeResultsDirectory="63812111-ed0f-408a-92ac-d7caa3ed209e" />
    <UnitTestResult executionId="066cfc7d-cc85-4b78-9ddd-83ac88205ffc" testId="0eeef75f-6e38-7893-a8fe-cff3e0a970a7" testName="BL.Tests.UsersServiceTests.TestRegisterOk" computerName="DESKTOP-TJ9D65N" duration="00:00:00.0099212" startTime="2022-10-15T21:16:43.7377003+03:00" endTime="2022-10-15T21:16:43.7377004+03:00" testType="13cdc9d9-ddb5-4fa4-a97d-d965ccfc6d4b" outcome="Passed" testListId="8c84fa94-04c1-424b-9868-57a2d4851a1d" relativeResultsDirectory="066cfc7d-cc85-4b78-9ddd-83ac88205ffc" />
    <UnitTestResult executionId="17a3e851-cd16-45b5-a9ca-9febc4ee556e" testId="56326794-f1cb-682c-3781-00c41f75aa7a" testName="BL.Tests.TurnstilesServiceTest.TestAdminAddAutoIncrementTurnstileAsync(userID: 142, turnstile: Turnstile { TurnstileID = 200, LiftID = 56, IsOpen = True }, checkPermissionServiceMock: Mock&lt;ICheckPermissionService:16&gt;, turnstilesRepositoryStub: Mock&lt;ITurnstilesRepository:10&gt;, sut: TurnstilesService { })" computerName="DESKTOP-TJ9D65N" duration="00:00:00.0099744" startTime="2022-10-15T21:16:43.7366346+03:00" endTime="2022-10-15T21:16:43.7366346+03:00" testType="13cdc9d9-ddb5-4fa4-a97d-d965ccfc6d4b" outcome="Passed" testListId="8c84fa94-04c1-424b-9868-57a2d4851a1d" relativeResultsDirectory="17a3e851-cd16-45b5-a9ca-9febc4ee556e" />
    <UnitTestResult executionId="dee6026e-1cd5-408f-ac63-edab626fe3ad" testId="e2d7e5be-3dae-33ae-fb17-c704b6fd58d6" testName="BL.Tests.CheckPermissionsServiceTests.UnauthorizedHasNoAccessToAdminFunctions" computerName="DESKTOP-TJ9D65N" duration="00:00:00.0022445" startTime="2022-10-15T21:16:43.7563154+03:00" endTime="2022-10-15T21:16:43.7563155+03:00" testType="13cdc9d9-ddb5-4fa4-a97d-d965ccfc6d4b" outcome="Passed" testListId="8c84fa94-04c1-424b-9868-57a2d4851a1d" relativeResultsDirectory="dee6026e-1cd5-408f-ac63-edab626fe3ad" />
    <UnitTestResult executionId="9873ec9b-0d2a-442d-9565-7397c5df9cc5" testId="09f9d19f-31ac-0d3f-43a9-5c2baa8a8de5" testName="BL.Tests.SlopesServiceTest.TestGetSlopeInfoAsync(userID: 133, slope: Slope { SlopeID = 155, SlopeName = slopeName02e9eedf-7c8f-4870-a0fb-f8126de9abdb, IsOpen = True, DifficultyLevel = 94, ConnectedLifts =  }, checkPermissionServiceMock: Mock&lt;ICheckPermissionService:6&gt;, slopesRepositoryStub: Mock&lt;ISlopesRepository:4&gt;, liftsSlopesRepositoryStub: Mock&lt;ILiftsSlopesRepository:9&gt;, sut: SlopesService { })" computerName="DESKTOP-TJ9D65N" duration="00:00:00.0121191" startTime="2022-10-15T21:16:43.7379900+03:00" endTime="2022-10-15T21:16:43.7379900+03:00" testType="13cdc9d9-ddb5-4fa4-a97d-d965ccfc6d4b" outcome="Passed" testListId="8c84fa94-04c1-424b-9868-57a2d4851a1d" relativeResultsDirectory="9873ec9b-0d2a-442d-9565-7397c5df9cc5" />
    <UnitTestResult executionId="51555f01-86c7-4b81-9a52-fee736c3fac3" testId="fc368899-8bba-a59d-95dd-4a19a2db7365" testName="BL.Tests.LiftsSlopesServiceTests.TestAdminDeleteLiftSlopeAsync(lift: Lift { LiftID = 220, LiftName = liftNamea2fd2431-2e6d-4ce6-abb0-f895a14808e7, IsOpen = True, SeatsAmount = 139, LiftingTime = 56, QueueTime = 239, ConnectedSlopes =  }, slope: Slope { SlopeID = 130, SlopeName = slopeName22fbe7b5-f365-4a6b-ade8-71237ddc20b9, IsOpen = False, DifficultyLevel = 88, ConnectedLifts =  }, slopesRepositoryStub: Mock&lt;ISlopesRepository:2&gt;, liftsRepositoryStub: Mock&lt;ILiftsRepository:7&gt;, liftsSlopesRepositoryStub: Mock&lt;ILiftsSlopesRepository:7&gt;)" computerName="DESKTOP-TJ9D65N" duration="00:00:00.0071880" startTime="2022-10-15T21:16:43.7343414+03:00" endTime="2022-10-15T21:16:43.7343415+03:00" testType="13cdc9d9-ddb5-4fa4-a97d-d965ccfc6d4b" outcome="Passed" testListId="8c84fa94-04c1-424b-9868-57a2d4851a1d" relativeResultsDirectory="51555f01-86c7-4b81-9a52-fee736c3fac3" />
    <UnitTestResult executionId="90f3a225-f86f-4b69-a365-d77595feab8c" testId="fa960c5e-f989-2880-784e-8efe538c5231" testName="BL.Tests.CheckPermissionsServiceTests.UnauthorizedHasNoAccessToAuthorizedFunctions(functionName: &quot;LogOutAsync&quot;)" computerName="DESKTOP-TJ9D65N" duration="00:00:00.0012065" startTime="2022-10-15T21:16:43.7357742+03:00" endTime="2022-10-15T21:16:43.7357743+03:00" testType="13cdc9d9-ddb5-4fa4-a97d-d965ccfc6d4b" outcome="Passed" testListId="8c84fa94-04c1-424b-9868-57a2d4851a1d" relativeResultsDirectory="90f3a225-f86f-4b69-a365-d77595feab8c" />
    <UnitTestResult executionId="df2dcf00-6c74-410b-945b-ffea4e5268e6" testId="553b7a23-b134-9401-9cba-fa1ff940ae35" testName="BL.Tests.SlopesServiceTest.TestGetSlopesInfoAsync(userID: 215, initialSlopes: [Slope { SlopeID = 158, SlopeName = slopeNameef202ff6-2556-4fa4-9fcc-1ab7339312c5, IsOpen = True, DifficultyLevel = 218, ConnectedLifts =  }, Slope { SlopeID = 77, SlopeName = slopeNamebb240c27-dca6-4ea8-8e07-97de4511228b, IsOpen = False, DifficultyLevel = 113, ConnectedLifts =  }, Slope { SlopeID = 224, SlopeName = slopeName13ad8434-f2d3-4a51-ab8a-a8ae234ac14e, IsOpen = True, DifficultyLevel = 179, ConnectedLifts =  }], checkPermissionServiceMock: Mock&lt;ICheckPermissionService:7&gt;, slopesRepositoryStub: Mock&lt;ISlopesRepository:5&gt;, liftsSlopesRepositoryStub: Mock&lt;ILiftsSlopesRepository:10&gt;, sut: SlopesService { })" computerName="DESKTOP-TJ9D65N" duration="00:00:00.0589275" startTime="2022-10-15T21:16:43.6803963+03:00" endTime="2022-10-15T21:16:43.6803965+03:00" testType="13cdc9d9-ddb5-4fa4-a97d-d965ccfc6d4b" outcome="Passed" testListId="8c84fa94-04c1-424b-9868-57a2d4851a1d" relativeResultsDirectory="df2dcf00-6c74-410b-945b-ffea4e5268e6" />
    <UnitTestResult executionId="299f2901-6c74-4164-8107-7417e92cdb37" testId="a19a5fcf-c5d2-7d44-5d7d-84403042f4e0" testName="BL.Tests.CheckPermissionsServiceTests.UnauthorizedHasNoAccessToAdminSkiPatrolFunctions(functionName: &quot;MarkMessageReadByUserAsync&quot;)" computerName="DESKTOP-TJ9D65N" duration="00:00:00.0314976" startTime="2022-10-15T21:16:43.6572018+03:00" endTime="2022-10-15T21:16:43.6572340+03:00" testType="13cdc9d9-ddb5-4fa4-a97d-d965ccfc6d4b" outcome="Passed" testListId="8c84fa94-04c1-424b-9868-57a2d4851a1d" relativeResultsDirectory="299f2901-6c74-4164-8107-7417e92cdb37" />
    <UnitTestResult executionId="a7154bee-2f3a-48cc-9d31-5beb30be3c68" testId="cee44211-c459-1489-c558-06c450280e3e" testName="BL.Tests.TurnstilesServiceTest.TestAdminGetTurnstileAsync(userID: 226, turnstile: Turnstile { TurnstileID = 61, LiftID = 131, IsOpen = True }, checkPermissionServiceMock: Mock&lt;ICheckPermissionService:12&gt;, turnstilesRepositoryStub: Mock&lt;ITurnstilesRepository:6&gt;, sut: TurnstilesService { })" computerName="DESKTOP-TJ9D65N" duration="00:00:00.0046759" startTime="2022-10-15T21:16:43.7280367+03:00" endTime="2022-10-15T21:16:43.7280368+03:00" testType="13cdc9d9-ddb5-4fa4-a97d-d965ccfc6d4b" outcome="Passed" testListId="8c84fa94-04c1-424b-9868-57a2d4851a1d" relativeResultsDirectory="a7154bee-2f3a-48cc-9d31-5beb30be3c68" />
    <UnitTestResult executionId="2214d706-fbaa-4024-8250-f25f255fcc05" testId="60bd668f-04df-da5e-b79b-5d9aedb5234d" testName="BL.Tests.CheckPermissionsServiceTests.SkiPatrolHasAccessToAdminSkiPatrolFunctions(functionName: &quot;MarkMessageReadByUserAsync&quot;)" computerName="DESKTOP-TJ9D65N" duration="00:00:00.0011332" startTime="2022-10-15T21:16:43.7365816+03:00" endTime="2022-10-15T21:16:43.7365816+03:00" testType="13cdc9d9-ddb5-4fa4-a97d-d965ccfc6d4b" outcome="Passed" testListId="8c84fa94-04c1-424b-9868-57a2d4851a1d" relativeResultsDirectory="2214d706-fbaa-4024-8250-f25f255fcc05" />
    <UnitTestResult executionId="e5c17332-548e-4184-b97f-28b8b08fe238" testId="20ad8570-0170-85de-dcd7-2f109dd7bcd6" testName="BL.Tests.UsersServiceTests.TestAdminGetUsers" computerName="DESKTOP-TJ9D65N" duration="00:00:00.0366952" startTime="2022-10-15T21:16:43.6616836+03:00" endTime="2022-10-15T21:16:43.6616837+03:00" testType="13cdc9d9-ddb5-4fa4-a97d-d965ccfc6d4b" outcome="Passed" testListId="8c84fa94-04c1-424b-9868-57a2d4851a1d" relativeResultsDirectory="e5c17332-548e-4184-b97f-28b8b08fe238" />
    <UnitTestResult executionId="c1e6bd13-d259-4cf8-a441-8f7867025b91" testId="18fa8c62-e27d-e1fc-8182-4d7db62b008d" testName="BL.Tests.UsersServiceTests.TestAdminDeleteUser" computerName="DESKTOP-TJ9D65N" duration="00:00:00.0037608" startTime="2022-10-15T21:16:43.7632990+03:00" endTime="2022-10-15T21:16:43.7632991+03:00" testType="13cdc9d9-ddb5-4fa4-a97d-d965ccfc6d4b" outcome="Passed" testListId="8c84fa94-04c1-424b-9868-57a2d4851a1d" relativeResultsDirectory="c1e6bd13-d259-4cf8-a441-8f7867025b91" />
    <UnitTestResult executionId="e6940a08-9023-45af-a6fa-b599eef4081f" testId="7fbc3f21-3a80-1ac4-f312-c9d6511ac6e1" testName="BL.Tests.SlopesServiceTest.TestUpdateSlopeInfoAsync(userID: 11, slope: Slope { SlopeID = 104, SlopeName = slopeName1f22bb8b-bcd6-4ef8-ba75-1c9efa4effde, IsOpen = True, DifficultyLevel = 124, ConnectedLifts =  }, checkPermissionServiceMock: Mock&lt;ICheckPermissionService:8&gt;, slopesRepositoryStub: Mock&lt;ISlopesRepository:6&gt;, sut: SlopesService { })" computerName="DESKTOP-TJ9D65N" duration="00:00:00.0058605" startTime="2022-10-15T21:16:43.7342880+03:00" endTime="2022-10-15T21:16:43.7342881+03:00" testType="13cdc9d9-ddb5-4fa4-a97d-d965ccfc6d4b" outcome="Passed" testListId="8c84fa94-04c1-424b-9868-57a2d4851a1d" relativeResultsDirectory="e6940a08-9023-45af-a6fa-b599eef4081f" />
    <UnitTestResult executionId="2d0f4ce7-0962-4d55-aff3-ae30f8e25660" testId="aa28a6b3-21d3-aa45-24d3-bef2facbc899" testName="BL.Tests.CheckPermissionsServiceTests.AuthorizedHasAccessToAuthorizedFunctions(functionName: &quot;LogOutAsync&quot;)" computerName="DESKTOP-TJ9D65N" duration="00:00:00.0008133" startTime="2022-10-15T21:16:43.7516433+03:00" endTime="2022-10-15T21:16:43.7516434+03:00" testType="13cdc9d9-ddb5-4fa4-a97d-d965ccfc6d4b" outcome="Passed" testListId="8c84fa94-04c1-424b-9868-57a2d4851a1d" relativeResultsDirectory="2d0f4ce7-0962-4d55-aff3-ae30f8e25660" />
    <UnitTestResult executionId="85bf9a78-bee5-47fe-8a6b-4906883e4112" testId="69340bb6-3645-f9dd-971e-29d8b2a009bb" testName="BL.Tests.UsersServiceTests.TestLogInWithWrongPassword" computerName="DESKTOP-TJ9D65N" duration="00:00:00.0021273" startTime="2022-10-15T21:16:43.7432736+03:00" endTime="2022-10-15T21:16:43.7432737+03:00" testType="13cdc9d9-ddb5-4fa4-a97d-d965ccfc6d4b" outcome="Passed" testListId="8c84fa94-04c1-424b-9868-57a2d4851a1d" relativeResultsDirectory="85bf9a78-bee5-47fe-8a6b-4906883e4112" />
    <UnitTestResult executionId="b81c8adb-88e8-4a8e-b299-8483d334fa62" testId="2d706594-f2b3-b3c8-21d4-86c9798c3306" testName="BL.Tests.CheckPermissionsServiceTests.SkiPatrolHasAccessToAdminSkiPatrolFunctions(functionName: &quot;GetLiftsSlopesInfoAsync&quot;)" computerName="DESKTOP-TJ9D65N" duration="00:00:00.0045842" startTime="2022-10-15T21:16:43.7364617+03:00" endTime="2022-10-15T21:16:43.7364617+03:00" testType="13cdc9d9-ddb5-4fa4-a97d-d965ccfc6d4b" outcome="Passed" testListId="8c84fa94-04c1-424b-9868-57a2d4851a1d" relativeResultsDirectory="b81c8adb-88e8-4a8e-b299-8483d334fa62" />
    <UnitTestResult executionId="f15bb8fc-5237-4200-9d37-526d996cbd12" testId="8b2b29bd-7f6f-8820-23ef-99d085372456" testName="BL.Tests.SlopesServiceTest.TestAdminAddSlopeAsync(userID: 124, slope: Slope { SlopeID = 63, SlopeName = slopeNamea40bd224-46e7-49b3-8c56-7181d891d694, IsOpen = True, DifficultyLevel = 156, ConnectedLifts =  }, checkPermissionServiceMock: Mock&lt;ICheckPermissionService:11&gt;, slopesRepositoryStub: Mock&lt;ISlopesRepository:9&gt;, sut: SlopesService { })" computerName="DESKTOP-TJ9D65N" duration="00:00:00.0046341" startTime="2022-10-15T21:16:43.7356998+03:00" endTime="2022-10-15T21:16:43.7356999+03:00" testType="13cdc9d9-ddb5-4fa4-a97d-d965ccfc6d4b" outcome="Passed" testListId="8c84fa94-04c1-424b-9868-57a2d4851a1d" relativeResultsDirectory="f15bb8fc-5237-4200-9d37-526d996cbd12" />
    <UnitTestResult executionId="cd3d0c38-1fe2-4a66-866d-e82efef5aa1e" testId="c36970dc-93f7-753e-fa47-157133b01644" testName="BL.Tests.CheckPermissionsServiceTests.SkiPatrolHasAccessToAdminSkiPatrolFunctions(functionName: &quot;GetMessagesAsync&quot;)" computerName="DESKTOP-TJ9D65N" duration="00:00:00.0011788" startTime="2022-10-15T21:16:43.7372393+03:00" endTime="2022-10-15T21:16:43.7372395+03:00" testType="13cdc9d9-ddb5-4fa4-a97d-d965ccfc6d4b" outcome="Passed" testListId="8c84fa94-04c1-424b-9868-57a2d4851a1d" relativeResultsDirectory="cd3d0c38-1fe2-4a66-866d-e82efef5aa1e" />
    <UnitTestResult executionId="06826921-1abc-416f-8e87-34434386c837" testId="93fb81d8-8bcc-057b-1f86-c853ca0d303c" testName="BL.Tests.LiftsServiceTest.TestUpdateLiftInfoAsync(userID: 18, lift: Lift { LiftID = 215, LiftName = liftName431e7fd1-e9ef-4442-a24d-f29267ffe41d, IsOpen = True, SeatsAmount = 22, LiftingTime = 221, QueueTime = 182, ConnectedSlopes =  }, checkPermissionServiceMock: Mock&lt;ICheckPermissionService:3&gt;, liftsRepositoryStub: Mock&lt;ILiftsRepository:3&gt;, sut: LiftsService { })" computerName="DESKTOP-TJ9D65N" duration="00:00:00.0334820" startTime="2022-10-15T21:16:43.6616300+03:00" endTime="2022-10-15T21:16:43.6616301+03:00" testType="13cdc9d9-ddb5-4fa4-a97d-d965ccfc6d4b" outcome="Passed" testListId="8c84fa94-04c1-424b-9868-57a2d4851a1d" relativeResultsDirectory="06826921-1abc-416f-8e87-34434386c837" />
    <UnitTestResult executionId="985f1171-9920-4612-be1e-b8334bfaccbf" testId="f3efc418-a8a6-c7b7-9bac-90b33aa8472f" testName="BL.Tests.CheckPermissionsServiceTests.AdminHasAccessToAllFunctions" computerName="DESKTOP-TJ9D65N" duration="00:00:00.0019192" startTime="2022-10-15T21:16:43.7654308+03:00" endTime="2022-10-15T21:16:43.7654310+03:00" testType="13cdc9d9-ddb5-4fa4-a97d-d965ccfc6d4b" outcome="Passed" testListId="8c84fa94-04c1-424b-9868-57a2d4851a1d" relativeResultsDirectory="985f1171-9920-4612-be1e-b8334bfaccbf" />
    <UnitTestResult executionId="74f24525-d3de-4153-9035-85adc1002eac" testId="2602613f-c8e2-a6d9-fcf7-5b27d4a770a6" testName="BL.Tests.CheckPermissionsServiceTests.AuthorizedHasNoAccessToAdminSkiPatrolFunctions(functionName: &quot;GetMessagesAsync&quot;)" computerName="DESKTOP-TJ9D65N" duration="00:00:00.0027231" startTime="2022-10-15T21:16:43.7379592+03:00" endTime="2022-10-15T21:16:43.7379593+03:00" testType="13cdc9d9-ddb5-4fa4-a97d-d965ccfc6d4b" outcome="Passed" testListId="8c84fa94-04c1-424b-9868-57a2d4851a1d" relativeResultsDirectory="74f24525-d3de-4153-9035-85adc1002eac" />
    <UnitTestResult executionId="11bc99a7-44a5-49c6-afe7-112e8fcfc258" testId="bb698a5c-fc79-784d-5af5-f827014511c3" testName="BL.Tests.LiftsServiceTest.TestAdminAddAutoIncrementLiftAsync(userID: 176, lift: Lift { LiftID = 181, LiftName = liftNamef20ea5b1-3375-4bd4-895f-32851f6712fd, IsOpen = True, SeatsAmount = 163, LiftingTime = 230, QueueTime = 71, ConnectedSlopes =  }, checkPermissionServiceMock: Mock&lt;ICheckPermissionService:5&gt;, liftsRepositoryStub: Mock&lt;ILiftsRepository:5&gt;, sut: LiftsService { })" computerName="DESKTOP-TJ9D65N" duration="00:00:00.0071973" startTime="2022-10-15T21:16:43.7462409+03:00" endTime="2022-10-15T21:16:43.7462410+03:00" testType="13cdc9d9-ddb5-4fa4-a97d-d965ccfc6d4b" outcome="Passed" testListId="8c84fa94-04c1-424b-9868-57a2d4851a1d" relativeResultsDirectory="11bc99a7-44a5-49c6-afe7-112e8fcfc258" />
    <UnitTestResult executionId="f8b32077-646a-4503-a18d-d2b19a28d87c" testId="39be9b5e-0bc4-57dc-37d3-aec6b520299d" testName="BL.Tests.LiftsSlopesServiceTests.TestGetLiftsSlopesInfoAsync(liftsSlopes: [LiftSlope { RecordID = 251, LiftID = 105, SlopeID = 56 }, LiftSlope { RecordID = 74, LiftID = 57, SlopeID = 45 }, LiftSlope { RecordID = 54, LiftID = 95, SlopeID = 183 }], slopesRepositoryStub: Mock&lt;ISlopesRepository:1&gt;, liftsRepositoryStub: Mock&lt;ILiftsRepository:6&gt;, liftsSlopesRepositoryStub: Mock&lt;ILiftsSlopesRepository:6&gt;)" computerName="DESKTOP-TJ9D65N" duration="00:00:00.0045981" startTime="2022-10-15T21:16:43.7357563+03:00" endTime="2022-10-15T21:16:43.7357564+03:00" testType="13cdc9d9-ddb5-4fa4-a97d-d965ccfc6d4b" outcome="Passed" testListId="8c84fa94-04c1-424b-9868-57a2d4851a1d" relativeResultsDirectory="f8b32077-646a-4503-a18d-d2b19a28d87c" />
    <UnitTestResult executionId="623ab099-5e5d-4a03-95a2-27c0b1d1cc5b" testId="8184bd30-991c-b78d-b4ec-99a485eac0dd" testName="BL.Tests.UsersServiceTests.TestRegisterUserWithNoEmail" computerName="DESKTOP-TJ9D65N" duration="00:00:00.0027704" startTime="2022-10-15T21:16:43.7279780+03:00" endTime="2022-10-15T21:16:43.7279781+03:00" testType="13cdc9d9-ddb5-4fa4-a97d-d965ccfc6d4b" outcome="Passed" testListId="8c84fa94-04c1-424b-9868-57a2d4851a1d" relativeResultsDirectory="623ab099-5e5d-4a03-95a2-27c0b1d1cc5b" />
    <UnitTestResult executionId="0e4615f7-6c7c-498d-bda1-d0218c1d5308" testId="4f297306-d4f3-8d63-e7f4-1ac0b8c58c74" testName="BL.Tests.CheckPermissionsServiceTests.AuthorizedHasNoAccessToAdminSkiPatrolFunctions(functionName: &quot;GetLiftsSlopesInfoAsync&quot;)" computerName="DESKTOP-TJ9D65N" duration="00:00:00.0010993" startTime="2022-10-15T21:16:43.7445018+03:00" endTime="2022-10-15T21:16:43.7445019+03:00" testType="13cdc9d9-ddb5-4fa4-a97d-d965ccfc6d4b" outcome="Passed" testListId="8c84fa94-04c1-424b-9868-57a2d4851a1d" relativeResultsDirectory="0e4615f7-6c7c-498d-bda1-d0218c1d5308" />
    <UnitTestResult executionId="9ef5f083-843d-41f8-bce9-d294c69ce5d9" testId="bffd3001-937f-05cd-5291-de77ea1bd44d" testName="BL.Tests.SlopesServiceTest.TestAdminAddAutoIncrementSlopeAsync(userID: 166, slope: Slope { SlopeID = 204, SlopeName = slopeName45358141-a4e3-4d37-a825-9beff99d4986, IsOpen = True, DifficultyLevel = 44, ConnectedLifts =  }, checkPermissionServiceMock: Mock&lt;ICheckPermissionService:10&gt;, slopesRepositoryStub: Mock&lt;ISlopesRepository:8&gt;, sut: SlopesService { })" computerName="DESKTOP-TJ9D65N" duration="00:00:00.0095703" startTime="2022-10-15T21:16:43.7374040+03:00" endTime="2022-10-15T21:16:43.7374041+03:00" testType="13cdc9d9-ddb5-4fa4-a97d-d965ccfc6d4b" outcome="Passed" testListId="8c84fa94-04c1-424b-9868-57a2d4851a1d" relativeResultsDirectory="9ef5f083-843d-41f8-bce9-d294c69ce5d9" />
    <UnitTestResult executionId="a62195a6-0739-4738-9095-aa4728c0aaf7" testId="c2778f68-f85a-b403-6ca5-a701baf1e070" testName="BL.Tests.LiftsServiceTest.TestGetLiftInfoAsync(userID: 226, lift: Lift { LiftID = 74, LiftName = liftName0f1cc302-5239-4153-9489-7969fe229123, IsOpen = True, SeatsAmount = 16, LiftingTime = 85, QueueTime = 145, ConnectedSlopes =  }, checkPermissionServiceMock: Mock&lt;ICheckPermissionService:1&gt;, liftsRepositoryStub: Mock&lt;ILiftsRepository:1&gt;, liftsSlopesRepositoryStub: Mock&lt;ILiftsSlopesRepository:1&gt;, sut: LiftsService { })" computerName="DESKTOP-TJ9D65N" duration="00:00:00.0076579" startTime="2022-10-15T21:16:43.7343629+03:00" endTime="2022-10-15T21:16:43.7343629+03:00" testType="13cdc9d9-ddb5-4fa4-a97d-d965ccfc6d4b" outcome="Passed" testListId="8c84fa94-04c1-424b-9868-57a2d4851a1d" relativeResultsDirectory="a62195a6-0739-4738-9095-aa4728c0aaf7" />
    <UnitTestResult executionId="99b612b9-e2ad-4450-8658-bb9e83024ee9" testId="9c7df5e2-1b23-ebea-889f-b78ca86b60ab" testName="BL.Tests.CheckPermissionsServiceTests.AuthorizedHasNoAccessToAdminSkiPatrolFunctions(functionName: &quot;MarkMessageReadByUserAsync&quot;)" computerName="DESKTOP-TJ9D65N" duration="00:00:00.0011799" startTime="2022-10-15T21:16:43.7412824+03:00" endTime="2022-10-15T21:16:43.7412825+03:00" testType="13cdc9d9-ddb5-4fa4-a97d-d965ccfc6d4b" outcome="Passed" testListId="8c84fa94-04c1-424b-9868-57a2d4851a1d" relativeResultsDirectory="99b612b9-e2ad-4450-8658-bb9e83024ee9" />
    <UnitTestResult executionId="400f75dd-ca4f-445d-8d14-e17539faa73b" testId="387c9729-48c1-486e-5e67-f5d11a9f0db8" testName="BL.Tests.CheckPermissionsServiceTests.UnauthorizedHasNoAccessToAdminSkiPatrolFunctions(functionName: &quot;GetLiftsSlopesInfoAsync&quot;)" computerName="DESKTOP-TJ9D65N" duration="00:00:00.0013166" startTime="2022-10-15T21:16:43.7279346+03:00" endTime="2022-10-15T21:16:43.7279347+03:00" testType="13cdc9d9-ddb5-4fa4-a97d-d965ccfc6d4b" outcome="Passed" testListId="8c84fa94-04c1-424b-9868-57a2d4851a1d" relativeResultsDirectory="400f75dd-ca4f-445d-8d14-e17539faa73b" />
    <UnitTestResult executionId="831ed1bf-52f5-4dc6-b7af-d7bca2dbf215" testId="1ca07ad8-f799-c5d4-e7cc-34fd950198a2" testName="BL.Tests.UsersServiceTests.TestLogInOk" computerName="DESKTOP-TJ9D65N" duration="00:00:00.0034374" startTime="2022-10-15T21:16:43.7388533+03:00" endTime="2022-10-15T21:16:43.7388534+03:00" testType="13cdc9d9-ddb5-4fa4-a97d-d965ccfc6d4b" outcome="Passed" testListId="8c84fa94-04c1-424b-9868-57a2d4851a1d" relativeResultsDirectory="831ed1bf-52f5-4dc6-b7af-d7bca2dbf215" />
    <UnitTestResult executionId="9270a2f3-ca15-4a36-8c58-b791eba1e6f9" testId="a80c00db-c358-0e69-5826-07ba946238b0" testName="BL.Tests.TurnstilesServiceTest.TestAdminGetTurnstilesAsync(userID: 96, initialTurnstiles: [Turnstile { TurnstileID = 205, LiftID = 107, IsOpen = True }, Turnstile { TurnstileID = 42, LiftID = 78, IsOpen = False }, Turnstile { TurnstileID = 202, LiftID = 110, IsOpen = True }], checkPermissionServiceMock: Mock&lt;ICheckPermissionService:13&gt;, turnstilesRepositoryStub: Mock&lt;ITurnstilesRepository:7&gt;, sut: TurnstilesService { })" computerName="DESKTOP-TJ9D65N" duration="00:00:00.0326619" startTime="2022-10-15T21:16:43.6616417+03:00" endTime="2022-10-15T21:16:43.6616418+03:00" testType="13cdc9d9-ddb5-4fa4-a97d-d965ccfc6d4b" outcome="Passed" testListId="8c84fa94-04c1-424b-9868-57a2d4851a1d" relativeResultsDirectory="9270a2f3-ca15-4a36-8c58-b791eba1e6f9" />
    <UnitTestResult executionId="60104fa2-67d0-4e17-8ad1-7345c568f039" testId="f44a1b21-8efc-bfac-63b4-d534442def31" testName="BL.Tests.UsersServiceTests.TestRegisterUserWithNoPassword" computerName="DESKTOP-TJ9D65N" duration="00:00:00.0013848" startTime="2022-10-15T21:16:43.7344097+03:00" endTime="2022-10-15T21:16:43.7344097+03:00" testType="13cdc9d9-ddb5-4fa4-a97d-d965ccfc6d4b" outcome="Passed" testListId="8c84fa94-04c1-424b-9868-57a2d4851a1d" relativeResultsDirectory="60104fa2-67d0-4e17-8ad1-7345c568f039" />
    <UnitTestResult executionId="1df5433d-aed7-497e-95f8-dca507e53b73" testId="7027b176-59c0-e302-4a96-314c5cd716b7" testName="BL.Tests.TurnstilesServiceTest.TestAdminUpdateTurnstileAsync(userID: 53, turnstile: Turnstile { TurnstileID = 248, LiftID = 210, IsOpen = True }, checkPermissionServiceMock: Mock&lt;ICheckPermissionService:14&gt;, turnstilesRepositoryStub: Mock&lt;ITurnstilesRepository:8&gt;, sut: TurnstilesService { })" computerName="DESKTOP-TJ9D65N" duration="00:00:00.0050410" startTime="2022-10-15T21:16:43.7375853+03:00" endTime="2022-10-15T21:16:43.7375854+03:00" testType="13cdc9d9-ddb5-4fa4-a97d-d965ccfc6d4b" outcome="Passed" testListId="8c84fa94-04c1-424b-9868-57a2d4851a1d" relativeResultsDirectory="1df5433d-aed7-497e-95f8-dca507e53b73" />
    <UnitTestResult executionId="68bbf1ac-fa7b-4a99-9d0b-7dda7614b63e" testId="834c739b-eca4-b36d-6a66-5a1bd75377b8" testName="BL.Tests.UsersServiceTests.TestAdminAddAutoIncrementUser" computerName="DESKTOP-TJ9D65N" duration="00:00:00.0066462" startTime="2022-10-15T21:16:43.7521521+03:00" endTime="2022-10-15T21:16:43.7521522+03:00" testType="13cdc9d9-ddb5-4fa4-a97d-d965ccfc6d4b" outcome="Passed" testListId="8c84fa94-04c1-424b-9868-57a2d4851a1d" relativeResultsDirectory="68bbf1ac-fa7b-4a99-9d0b-7dda7614b63e" />
    <UnitTestResult executionId="b58a9f71-511f-499e-91ea-c9897896722b" testId="06d0bc3a-24a0-fb7f-4277-e9ae6d21c7dd" testName="BL.Tests.UsersServiceTests.TestAdminUpdateUser" computerName="DESKTOP-TJ9D65N" duration="00:00:00.0061973" startTime="2022-10-15T21:16:43.7365237+03:00" endTime="2022-10-15T21:16:43.7365238+03:00" testType="13cdc9d9-ddb5-4fa4-a97d-d965ccfc6d4b" outcome="Passed" testListId="8c84fa94-04c1-424b-9868-57a2d4851a1d" relativeResultsDirectory="b58a9f71-511f-499e-91ea-c9897896722b" />
    <UnitTestResult executionId="6b298e37-b858-4630-b6c4-eb58d65c92b8" testId="229812f5-9a73-5335-11f5-31330d1348a5" testName="BL.Tests.CheckPermissionsServiceTests.UnauthorizedHasNoAccessToAdminSkiPatrolFunctions(functionName: &quot;GetMessagesAsync&quot;)" computerName="DESKTOP-TJ9D65N" duration="00:00:00.0012049" startTime="2022-10-15T21:16:43.7342501+03:00" endTime="2022-10-15T21:16:43.7342502+03:00" testType="13cdc9d9-ddb5-4fa4-a97d-d965ccfc6d4b" outcome="Passed" testListId="8c84fa94-04c1-424b-9868-57a2d4851a1d" relativeResultsDirectory="6b298e37-b858-4630-b6c4-eb58d65c92b8" />
    <UnitTestResult executionId="55298f3e-9897-41e4-a5e4-4eff4037369e" testId="ae65b844-a4c8-c73d-598e-9840205dafcd" testName="BL.Tests.LiftsSlopesServiceTests.TestAdminAddAutoIncrementLiftSlopeAsync(lift: Lift { LiftID = 41, LiftName = liftNamee31f6b9a-91e4-4bb0-9323-87fd10cfbcbc, IsOpen = True, SeatsAmount = 35, LiftingTime = 51, QueueTime = 173, ConnectedSlopes =  }, slope: Slope { SlopeID = 18, SlopeName = slopeName6b69005f-9214-40d8-950f-261c30619fb5, IsOpen = False, DifficultyLevel = 16, ConnectedLifts =  }, slopesRepositoryStub: Mock&lt;ISlopesRepository:3&gt;, liftsRepositoryStub: Mock&lt;ILiftsRepository:8&gt;, liftsSlopesRepositoryStub: Mock&lt;ILiftsSlopesRepository:8&gt;)" computerName="DESKTOP-TJ9D65N" duration="00:00:00.0316535" startTime="2022-10-15T21:16:43.6615939+03:00" endTime="2022-10-15T21:16:43.6615940+03:00" testType="13cdc9d9-ddb5-4fa4-a97d-d965ccfc6d4b" outcome="Passed" testListId="8c84fa94-04c1-424b-9868-57a2d4851a1d" relativeResultsDirectory="55298f3e-9897-41e4-a5e4-4eff4037369e" />
    <UnitTestResult executionId="ad5461d3-1f42-443e-93b3-44dc08d24f16" testId="69dfeece-57cf-1ce5-98d2-3857892ec470" testName="BL.Tests.LiftsServiceTest.TestAdminDeleteLiftAsync(userID: 97, lift: Lift { LiftID = 213, LiftName = liftName07be4b4f-15d2-4174-943b-946500b41674, IsOpen = True, SeatsAmount = 13, LiftingTime = 62, QueueTime = 38, ConnectedSlopes =  }, checkPermissionServiceMock: Mock&lt;ICheckPermissionService:4&gt;, liftsRepositoryStub: Mock&lt;ILiftsRepository:4&gt;, liftsSlopesRepositoryStub: Mock&lt;ILiftsSlopesRepository:4&gt;, sut: LiftsService { })" computerName="DESKTOP-TJ9D65N" duration="00:00:00.0151703" startTime="2022-10-15T21:16:43.7365604+03:00" endTime="2022-10-15T21:16:43.7365605+03:00" testType="13cdc9d9-ddb5-4fa4-a97d-d965ccfc6d4b" outcome="Passed" testListId="8c84fa94-04c1-424b-9868-57a2d4851a1d" relativeResultsDirectory="ad5461d3-1f42-443e-93b3-44dc08d24f16" />
    <UnitTestResult executionId="b400cbe8-9c78-4e1c-a581-c37f4d652bee" testId="a2e59116-cb53-1d70-9cb8-21c286516866" testName="BL.Tests.CheckPermissionsServiceTests.AuthorizedHasNoAccessToAdminFunctions" computerName="DESKTOP-TJ9D65N" duration="00:00:00.0028300" startTime="2022-10-15T21:16:43.7376525+03:00" endTime="2022-10-15T21:16:43.7376526+03:00" testType="13cdc9d9-ddb5-4fa4-a97d-d965ccfc6d4b" outcome="Passed" testListId="8c84fa94-04c1-424b-9868-57a2d4851a1d" relativeResultsDirectory="b400cbe8-9c78-4e1c-a581-c37f4d652bee" />
    <UnitTestResult executionId="ad86623a-634c-45ba-9135-e61a33df01bb" testId="6e54f82c-4ba3-7a9c-7d18-ebbb73271355" testName="BL.Tests.TurnstilesServiceTest.TestAdminDeleteTurnstileAsync(userID: 74, turnstile: Turnstile { TurnstileID = 1, LiftID = 201, IsOpen = True }, checkPermissionServiceMock: Mock&lt;ICheckPermissionService:15&gt;, turnstilesRepositoryStub: Mock&lt;ITurnstilesRepository:9&gt;, sut: TurnstilesService { })" computerName="DESKTOP-TJ9D65N" duration="00:00:00.0065660" startTime="2022-10-15T21:16:43.7357362+03:00" endTime="2022-10-15T21:16:43.7357363+03:00" testType="13cdc9d9-ddb5-4fa4-a97d-d965ccfc6d4b" outcome="Passed" testListId="8c84fa94-04c1-424b-9868-57a2d4851a1d" relativeResultsDirectory="ad86623a-634c-45ba-9135-e61a33df01bb" />
    <UnitTestResult executionId="c7c5037c-820d-4a8b-9193-3ceb9e5fbb4d" testId="6a0ccfbc-8fc9-14ea-a0ec-f4383a5eded0" testName="BL.Tests.LiftsServiceTest.TestGetLiftsInfoAsync(userID: 50, initialLifts: [Lift { LiftID = 95, LiftName = liftName90e98d17-85c5-422f-8914-1e7ddc715b29, IsOpen = True, SeatsAmount = 233, LiftingTime = 55, QueueTime = 237, ConnectedSlopes =  }, Lift { LiftID = 241, LiftName = liftNamee8e41ab6-bd36-420a-ac51-8655f3c17fd0, IsOpen = False, SeatsAmount = 103, LiftingTime = 185, QueueTime = 77, ConnectedSlopes =  }, Lift { LiftID = 160, LiftName = liftNamef611ecc2-9ce8-4f01-86a1-80b58231bddc, IsOpen = True, SeatsAmount = 39, LiftingTime = 148, QueueTime = 116, ConnectedSlopes =  }], checkPermissionServiceMock: Mock&lt;ICheckPermissionService:2&gt;, liftsRepositoryStub: Mock&lt;ILiftsRepository:2&gt;, liftsSlopesRepositoryStub: Mock&lt;ILiftsSlopesRepository:2&gt;, sut: LiftsService { })" computerName="DESKTOP-TJ9D65N" duration="00:00:00.0176837" startTime="2022-10-15T21:16:43.7379223+03:00" endTime="2022-10-15T21:16:43.7379224+03:00" testType="13cdc9d9-ddb5-4fa4-a97d-d965ccfc6d4b" outcome="Passed" testListId="8c84fa94-04c1-424b-9868-57a2d4851a1d" relativeResultsDirectory="c7c5037c-820d-4a8b-9193-3ceb9e5fbb4d" />
  </Results>
  <TestDefinitions>
    <UnitTest name="BL.Tests.LiftsServiceTest.TestGetLiftsInfoAsync(userID: 50, initialLifts: [Lift { LiftID = 95, LiftName = liftName90e98d17-85c5-422f-8914-1e7ddc715b29, IsOpen = True, SeatsAmount = 233, LiftingTime = 55, QueueTime = 237, ConnectedSlopes =  }, Lift { LiftID = 241, LiftName = liftNamee8e41ab6-bd36-420a-ac51-8655f3c17fd0, IsOpen = False, SeatsAmount = 103, LiftingTime = 185, QueueTime = 77, ConnectedSlopes =  }, Lift { LiftID = 160, LiftName =..." storage="c:\users\alena\desktop\7_sem\testing_and_debugging\skiresort\bl.tests\bin\debug\net6.0\bl.tests.dll" id="6a0ccfbc-8fc9-14ea-a0ec-f4383a5eded0">
      <Execution id="c7c5037c-820d-4a8b-9193-3ceb9e5fbb4d" />
      <TestMethod codeBase="C:\Users\alena\Desktop\7_sem\testing_and_debugging\SkiResort\BL.Tests\bin\Debug\net6.0\BL.Tests.dll" adapterTypeName="executor://xunit/VsTestRunner2/netcoreapp" className="BL.Tests.LiftsServiceTest" name="TestGetLiftsInfoAsync" />
    </UnitTest>
    <UnitTest name="BL.Tests.CheckPermissionsServiceTests.AuthorizedHasNoAccessToAdminSkiPatrolFunctions(functionName: &quot;MarkMessageReadByUserAsync&quot;)" storage="c:\users\alena\desktop\7_sem\testing_and_debugging\skiresort\bl.tests\bin\debug\net6.0\bl.tests.dll" id="9c7df5e2-1b23-ebea-889f-b78ca86b60ab">
      <Execution id="99b612b9-e2ad-4450-8658-bb9e83024ee9" />
      <TestMethod codeBase="C:\Users\alena\Desktop\7_sem\testing_and_debugging\SkiResort\BL.Tests\bin\Debug\net6.0\BL.Tests.dll" adapterTypeName="executor://xunit/VsTestRunner2/netcoreapp" className="BL.Tests.CheckPermissionsServiceTests" name="AuthorizedHasNoAccessToAdminSkiPatrolFunctions" />
    </UnitTest>
    <UnitTest name="BL.Tests.CheckPermissionsServiceTests.UnauthorizedHasNoAccessToAdminSkiPatrolFunctions(functionName: &quot;MarkMessageReadByUserAsync&quot;)" storage="c:\users\alena\desktop\7_sem\testing_and_debugging\skiresort\bl.tests\bin\debug\net6.0\bl.tests.dll" id="a19a5fcf-c5d2-7d44-5d7d-84403042f4e0">
      <Execution id="299f2901-6c74-4164-8107-7417e92cdb37" />
      <TestMethod codeBase="C:\Users\alena\Desktop\7_sem\testing_and_debugging\SkiResort\BL.Tests\bin\Debug\net6.0\BL.Tests.dll" adapterTypeName="executor://xunit/VsTestRunner2/netcoreapp" className="BL.Tests.CheckPermissionsServiceTests" name="UnauthorizedHasNoAccessToAdminSkiPatrolFunctions" />
    </UnitTest>
    <UnitTest name="BL.Tests.SlopesServiceTest.TestUpdateSlopeInfoAsync(userID: 11, slope: Slope { SlopeID = 104, SlopeName = slopeName1f22bb8b-bcd6-4ef8-ba75-1c9efa4effde, IsOpen = True, DifficultyLevel = 124, ConnectedLifts =  }, checkPermissionServiceMock: Mock&lt;ICheckPermissionService:8&gt;, slopesRepositoryStub: Mock&lt;ISlopesRepository:6&gt;, sut: SlopesService { })" storage="c:\users\alena\desktop\7_sem\testing_and_debugging\skiresort\bl.tests\bin\debug\net6.0\bl.tests.dll" id="7fbc3f21-3a80-1ac4-f312-c9d6511ac6e1">
      <Execution id="e6940a08-9023-45af-a6fa-b599eef4081f" />
      <TestMethod codeBase="C:\Users\alena\Desktop\7_sem\testing_and_debugging\SkiResort\BL.Tests\bin\Debug\net6.0\BL.Tests.dll" adapterTypeName="executor://xunit/VsTestRunner2/netcoreapp" className="BL.Tests.SlopesServiceTest" name="TestUpdateSlopeInfoAsync" />
    </UnitTest>
    <UnitTest name="BL.Tests.CheckPermissionsServiceTests.AuthorizedHasNoAccessToAdminSkiPatrolFunctions(functionName: &quot;GetMessagesAsync&quot;)" storage="c:\users\alena\desktop\7_sem\testing_and_debugging\skiresort\bl.tests\bin\debug\net6.0\bl.tests.dll" id="2602613f-c8e2-a6d9-fcf7-5b27d4a770a6">
      <Execution id="74f24525-d3de-4153-9035-85adc1002eac" />
      <TestMethod codeBase="C:\Users\alena\Desktop\7_sem\testing_and_debugging\SkiResort\BL.Tests\bin\Debug\net6.0\BL.Tests.dll" adapterTypeName="executor://xunit/VsTestRunner2/netcoreapp" className="BL.Tests.CheckPermissionsServiceTests" name="AuthorizedHasNoAccessToAdminSkiPatrolFunctions" />
    </UnitTest>
    <UnitTest name="BL.Tests.CheckPermissionsServiceTests.AuthorizedHasNoAccessToAdminFunctions" storage="c:\users\alena\desktop\7_sem\testing_and_debugging\skiresort\bl.tests\bin\debug\net6.0\bl.tests.dll" id="a2e59116-cb53-1d70-9cb8-21c286516866">
      <Execution id="b400cbe8-9c78-4e1c-a581-c37f4d652bee" />
      <TestMethod codeBase="C:\Users\alena\Desktop\7_sem\testing_and_debugging\SkiResort\BL.Tests\bin\Debug\net6.0\BL.Tests.dll" adapterTypeName="executor://xunit/VsTestRunner2/netcoreapp" className="BL.Tests.CheckPermissionsServiceTests" name="AuthorizedHasNoAccessToAdminFunctions" />
    </UnitTest>
    <UnitTest name="BL.Tests.CheckPermissionsServiceTests.SkiPatrolHasAccessToAdminSkiPatrolFunctions(functionName: &quot;GetMessagesAsync&quot;)" storage="c:\users\alena\desktop\7_sem\testing_and_debugging\skiresort\bl.tests\bin\debug\net6.0\bl.tests.dll" id="c36970dc-93f7-753e-fa47-157133b01644">
      <Execution id="cd3d0c38-1fe2-4a66-866d-e82efef5aa1e" />
      <TestMethod codeBase="C:\Users\alena\Desktop\7_sem\testing_and_debugging\SkiResort\BL.Tests\bin\Debug\net6.0\BL.Tests.dll" adapterTypeName="executor://xunit/VsTestRunner2/netcoreapp" className="BL.Tests.CheckPermissionsServiceTests" name="SkiPatrolHasAccessToAdminSkiPatrolFunctions" />
    </UnitTest>
    <UnitTest name="BL.Tests.CheckPermissionsServiceTests.AdminHasAccessToAllFunctions" storage="c:\users\alena\desktop\7_sem\testing_and_debugging\skiresort\bl.tests\bin\debug\net6.0\bl.tests.dll" id="f3efc418-a8a6-c7b7-9bac-90b33aa8472f">
      <Execution id="985f1171-9920-4612-be1e-b8334bfaccbf" />
      <TestMethod codeBase="C:\Users\alena\Desktop\7_sem\testing_and_debugging\SkiResort\BL.Tests\bin\Debug\net6.0\BL.Tests.dll" adapterTypeName="executor://xunit/VsTestRunner2/netcoreapp" className="BL.Tests.CheckPermissionsServiceTests" name="AdminHasAccessToAllFunctions" />
    </UnitTest>
    <UnitTest name="BL.Tests.UsersServiceTests.TestRegisterUserWithNoPassword" storage="c:\users\alena\desktop\7_sem\testing_and_debugging\skiresort\bl.tests\bin\debug\net6.0\bl.tests.dll" id="f44a1b21-8efc-bfac-63b4-d534442def31">
      <Execution id="60104fa2-67d0-4e17-8ad1-7345c568f039" />
      <TestMethod codeBase="C:\Users\alena\Desktop\7_sem\testing_and_debugging\SkiResort\BL.Tests\bin\Debug\net6.0\BL.Tests.dll" adapterTypeName="executor://xunit/VsTestRunner2/netcoreapp" className="BL.Tests.UsersServiceTests" name="TestRegisterUserWithNoPassword" />
    </UnitTest>
    <UnitTest name="BL.Tests.UsersServiceTests.TestAdminGetUserByIDAsync" storage="c:\users\alena\desktop\7_sem\testing_and_debugging\skiresort\bl.tests\bin\debug\net6.0\bl.tests.dll" id="e5497347-2721-b7a6-0bd4-69a9921f6947">
      <Execution id="577b8f02-fd0a-4ec4-a7e5-3ac206e9e712" />
      <TestMethod codeBase="C:\Users\alena\Desktop\7_sem\testing_and_debugging\SkiResort\BL.Tests\bin\Debug\net6.0\BL.Tests.dll" adapterTypeName="executor://xunit/VsTestRunner2/netcoreapp" className="BL.Tests.UsersServiceTests" name="TestAdminGetUserByIDAsync" />
    </UnitTest>
    <UnitTest name="BL.Tests.LiftsSlopesServiceTests.TestAdminAddAutoIncrementLiftSlopeAsync(lift: Lift { LiftID = 41, LiftName = liftNamee31f6b9a-91e4-4bb0-9323-87fd10cfbcbc, IsOpen = True, SeatsAmount = 35, LiftingTime = 51, QueueTime = 173, ConnectedSlopes =  }, slope: Slope { SlopeID = 18, SlopeName = slopeName6b69005f-9214-40d8-950f-261c30619fb5, IsOpen = False, DifficultyLevel = 16, ConnectedLifts =  }, slopesRepositoryStub: Mock&lt;ISlopesRepository:3&gt;, li..." storage="c:\users\alena\desktop\7_sem\testing_and_debugging\skiresort\bl.tests\bin\debug\net6.0\bl.tests.dll" id="ae65b844-a4c8-c73d-598e-9840205dafcd">
      <Execution id="55298f3e-9897-41e4-a5e4-4eff4037369e" />
      <TestMethod codeBase="C:\Users\alena\Desktop\7_sem\testing_and_debugging\SkiResort\BL.Tests\bin\Debug\net6.0\BL.Tests.dll" adapterTypeName="executor://xunit/VsTestRunner2/netcoreapp" className="BL.Tests.LiftsSlopesServiceTests" name="TestAdminAddAutoIncrementLiftSlopeAsync" />
    </UnitTest>
    <UnitTest name="BL.Tests.UsersServiceTests.TestAdminAddAutoIncrementUser" storage="c:\users\alena\desktop\7_sem\testing_and_debugging\skiresort\bl.tests\bin\debug\net6.0\bl.tests.dll" id="834c739b-eca4-b36d-6a66-5a1bd75377b8">
      <Execution id="68bbf1ac-fa7b-4a99-9d0b-7dda7614b63e" />
      <TestMethod codeBase="C:\Users\alena\Desktop\7_sem\testing_and_debugging\SkiResort\BL.Tests\bin\Debug\net6.0\BL.Tests.dll" adapterTypeName="executor://xunit/VsTestRunner2/netcoreapp" className="BL.Tests.UsersServiceTests" name="TestAdminAddAutoIncrementUser" />
    </UnitTest>
    <UnitTest name="BL.Tests.CheckPermissionsServiceTests.UnauthorizedHasNoAccessToAdminSkiPatrolFunctions(functionName: &quot;GetLiftsSlopesInfoAsync&quot;)" storage="c:\users\alena\desktop\7_sem\testing_and_debugging\skiresort\bl.tests\bin\debug\net6.0\bl.tests.dll" id="387c9729-48c1-486e-5e67-f5d11a9f0db8">
      <Execution id="400f75dd-ca4f-445d-8d14-e17539faa73b" />
      <TestMethod codeBase="C:\Users\alena\Desktop\7_sem\testing_and_debugging\SkiResort\BL.Tests\bin\Debug\net6.0\BL.Tests.dll" adapterTypeName="executor://xunit/VsTestRunner2/netcoreapp" className="BL.Tests.CheckPermissionsServiceTests" name="UnauthorizedHasNoAccessToAdminSkiPatrolFunctions" />
    </UnitTest>
    <UnitTest name="BL.Tests.CheckPermissionsServiceTests.SkiPatrolHasAccessToAdminSkiPatrolFunctions(functionName: &quot;MarkMessageReadByUserAsync&quot;)" storage="c:\users\alena\desktop\7_sem\testing_and_debugging\skiresort\bl.tests\bin\debug\net6.0\bl.tests.dll" id="60bd668f-04df-da5e-b79b-5d9aedb5234d">
      <Execution id="2214d706-fbaa-4024-8250-f25f255fcc05" />
      <TestMethod codeBase="C:\Users\alena\Desktop\7_sem\testing_and_debugging\SkiResort\BL.Tests\bin\Debug\net6.0\BL.Tests.dll" adapterTypeName="executor://xunit/VsTestRunner2/netcoreapp" className="BL.Tests.CheckPermissionsServiceTests" name="SkiPatrolHasAccessToAdminSkiPatrolFunctions" />
    </UnitTest>
    <UnitTest name="BL.Tests.CheckPermissionsServiceTests.UnauthorizedHasNoAccessToAdminFunctions" storage="c:\users\alena\desktop\7_sem\testing_and_debugging\skiresort\bl.tests\bin\debug\net6.0\bl.tests.dll" id="e2d7e5be-3dae-33ae-fb17-c704b6fd58d6">
      <Execution id="dee6026e-1cd5-408f-ac63-edab626fe3ad" />
      <TestMethod codeBase="C:\Users\alena\Desktop\7_sem\testing_and_debugging\SkiResort\BL.Tests\bin\Debug\net6.0\BL.Tests.dll" adapterTypeName="executor://xunit/VsTestRunner2/netcoreapp" className="BL.Tests.CheckPermissionsServiceTests" name="UnauthorizedHasNoAccessToAdminFunctions" />
    </UnitTest>
    <UnitTest name="BL.Tests.SlopesServiceTest.TestAdminAddAutoIncrementSlopeAsync(userID: 166, slope: Slope { SlopeID = 204, SlopeName = slopeName45358141-a4e3-4d37-a825-9beff99d4986, IsOpen = True, DifficultyLevel = 44, ConnectedLifts =  }, checkPermissionServiceMock: Mock&lt;ICheckPermissionService:10&gt;, slopesRepositoryStub: Mock&lt;ISlopesRepository:8&gt;, sut: SlopesService { })" storage="c:\users\alena\desktop\7_sem\testing_and_debugging\skiresort\bl.tests\bin\debug\net6.0\bl.tests.dll" id="bffd3001-937f-05cd-5291-de77ea1bd44d">
      <Execution id="9ef5f083-843d-41f8-bce9-d294c69ce5d9" />
      <TestMethod codeBase="C:\Users\alena\Desktop\7_sem\testing_and_debugging\SkiResort\BL.Tests\bin\Debug\net6.0\BL.Tests.dll" adapterTypeName="executor://xunit/VsTestRunner2/netcoreapp" className="BL.Tests.SlopesServiceTest" name="TestAdminAddAutoIncrementSlopeAsync" />
    </UnitTest>
    <UnitTest name="BL.Tests.UsersServiceTests.TestLogInWithWrongPassword" storage="c:\users\alena\desktop\7_sem\testing_and_debugging\skiresort\bl.tests\bin\debug\net6.0\bl.tests.dll" id="69340bb6-3645-f9dd-971e-29d8b2a009bb">
      <Execution id="85bf9a78-bee5-47fe-8a6b-4906883e4112" />
      <TestMethod codeBase="C:\Users\alena\Desktop\7_sem\testing_and_debugging\SkiResort\BL.Tests\bin\Debug\net6.0\BL.Tests.dll" adapterTypeName="executor://xunit/VsTestRunner2/netcoreapp" className="BL.Tests.UsersServiceTests" name="TestLogInWithWrongPassword" />
    </UnitTest>
    <UnitTest name="BL.Tests.SlopesServiceTest.TestGetSlopeInfoAsync(userID: 133, slope: Slope { SlopeID = 155, SlopeName = slopeName02e9eedf-7c8f-4870-a0fb-f8126de9abdb, IsOpen = True, DifficultyLevel = 94, ConnectedLifts =  }, checkPermissionServiceMock: Mock&lt;ICheckPermissionService:6&gt;, slopesRepositoryStub: Mock&lt;ISlopesRepository:4&gt;, liftsSlopesRepositoryStub: Mock&lt;ILiftsSlopesRepository:9&gt;, sut: SlopesService { })" storage="c:\users\alena\desktop\7_sem\testing_and_debugging\skiresort\bl.tests\bin\debug\net6.0\bl.tests.dll" id="09f9d19f-31ac-0d3f-43a9-5c2baa8a8de5">
      <Execution id="9873ec9b-0d2a-442d-9565-7397c5df9cc5" />
      <TestMethod codeBase="C:\Users\alena\Desktop\7_sem\testing_and_debugging\SkiResort\BL.Tests\bin\Debug\net6.0\BL.Tests.dll" adapterTypeName="executor://xunit/VsTestRunner2/netcoreapp" className="BL.Tests.SlopesServiceTest" name="TestGetSlopeInfoAsync" />
    </UnitTest>
    <UnitTest name="BL.Tests.CheckPermissionsServiceTests.SkiPatrolHasAccessToAdminSkiPatrolFunctions(functionName: &quot;GetLiftsSlopesInfoAsync&quot;)" storage="c:\users\alena\desktop\7_sem\testing_and_debugging\skiresort\bl.tests\bin\debug\net6.0\bl.tests.dll" id="2d706594-f2b3-b3c8-21d4-86c9798c3306">
      <Execution id="b81c8adb-88e8-4a8e-b299-8483d334fa62" />
      <TestMethod codeBase="C:\Users\alena\Desktop\7_sem\testing_and_debugging\SkiResort\BL.Tests\bin\Debug\net6.0\BL.Tests.dll" adapterTypeName="executor://xunit/VsTestRunner2/netcoreapp" className="BL.Tests.CheckPermissionsServiceTests" name="SkiPatrolHasAccessToAdminSkiPatrolFunctions" />
    </UnitTest>
    <UnitTest name="BL.Tests.CheckPermissionsServiceTests.SkiPatrolHasNoAccessToAdminFunctions" storage="c:\users\alena\desktop\7_sem\testing_and_debugging\skiresort\bl.tests\bin\debug\net6.0\bl.tests.dll" id="492c0393-35b4-df26-a537-21ca08302f3c">
      <Execution id="42bae3c2-0919-4902-a0a9-c88b4f022a1e" />
      <TestMethod codeBase="C:\Users\alena\Desktop\7_sem\testing_and_debugging\SkiResort\BL.Tests\bin\Debug\net6.0\BL.Tests.dll" adapterTypeName="executor://xunit/VsTestRunner2/netcoreapp" className="BL.Tests.CheckPermissionsServiceTests" name="SkiPatrolHasNoAccessToAdminFunctions" />
    </UnitTest>
    <UnitTest name="BL.Tests.UsersServiceTests.TestAdminDeleteUser" storage="c:\users\alena\desktop\7_sem\testing_and_debugging\skiresort\bl.tests\bin\debug\net6.0\bl.tests.dll" id="18fa8c62-e27d-e1fc-8182-4d7db62b008d">
      <Execution id="c1e6bd13-d259-4cf8-a441-8f7867025b91" />
      <TestMethod codeBase="C:\Users\alena\Desktop\7_sem\testing_and_debugging\SkiResort\BL.Tests\bin\Debug\net6.0\BL.Tests.dll" adapterTypeName="executor://xunit/VsTestRunner2/netcoreapp" className="BL.Tests.UsersServiceTests" name="TestAdminDeleteUser" />
    </UnitTest>
    <UnitTest name="BL.Tests.CheckPermissionsServiceTests.AuthorizedHasAccessToAuthorizedFunctions(functionName: &quot;LogOutAsync&quot;)" storage="c:\users\alena\desktop\7_sem\testing_and_debugging\skiresort\bl.tests\bin\debug\net6.0\bl.tests.dll" id="aa28a6b3-21d3-aa45-24d3-bef2facbc899">
      <Execution id="2d0f4ce7-0962-4d55-aff3-ae30f8e25660" />
      <TestMethod codeBase="C:\Users\alena\Desktop\7_sem\testing_and_debugging\SkiResort\BL.Tests\bin\Debug\net6.0\BL.Tests.dll" adapterTypeName="executor://xunit/VsTestRunner2/netcoreapp" className="BL.Tests.CheckPermissionsServiceTests" name="AuthorizedHasAccessToAuthorizedFunctions" />
    </UnitTest>
    <UnitTest name="BL.Tests.TurnstilesServiceTest.TestAdminUpdateTurnstileAsync(userID: 53, turnstile: Turnstile { TurnstileID = 248, LiftID = 210, IsOpen = True }, checkPermissionServiceMock: Mock&lt;ICheckPermissionService:14&gt;, turnstilesRepositoryStub: Mock&lt;ITurnstilesRepository:8&gt;, sut: TurnstilesService { })" storage="c:\users\alena\desktop\7_sem\testing_and_debugging\skiresort\bl.tests\bin\debug\net6.0\bl.tests.dll" id="7027b176-59c0-e302-4a96-314c5cd716b7">
      <Execution id="1df5433d-aed7-497e-95f8-dca507e53b73" />
      <TestMethod codeBase="C:\Users\alena\Desktop\7_sem\testing_and_debugging\SkiResort\BL.Tests\bin\Debug\net6.0\BL.Tests.dll" adapterTypeName="executor://xunit/VsTestRunner2/netcoreapp" className="BL.Tests.TurnstilesServiceTest" name="TestAdminUpdateTurnstileAsync" />
    </UnitTest>
    <UnitTest name="BL.Tests.UsersServiceTests.TestAdminUpdateUser" storage="c:\users\alena\desktop\7_sem\testing_and_debugging\skiresort\bl.tests\bin\debug\net6.0\bl.tests.dll" id="06d0bc3a-24a0-fb7f-4277-e9ae6d21c7dd">
      <Execution id="b58a9f71-511f-499e-91ea-c9897896722b" />
      <TestMethod codeBase="C:\Users\alena\Desktop\7_sem\testing_and_debugging\SkiResort\BL.Tests\bin\Debug\net6.0\BL.Tests.dll" adapterTypeName="executor://xunit/VsTestRunner2/netcoreapp" className="BL.Tests.UsersServiceTests" name="TestAdminUpdateUser" />
    </UnitTest>
    <UnitTest name="BL.Tests.LiftsServiceTest.TestUpdateLiftInfoAsync(userID: 18, lift: Lift { LiftID = 215, LiftName = liftName431e7fd1-e9ef-4442-a24d-f29267ffe41d, IsOpen = True, SeatsAmount = 22, LiftingTime = 221, QueueTime = 182, ConnectedSlopes =  }, checkPermissionServiceMock: Mock&lt;ICheckPermissionService:3&gt;, liftsRepositoryStub: Mock&lt;ILiftsRepository:3&gt;, sut: LiftsService { })" storage="c:\users\alena\desktop\7_sem\testing_and_debugging\skiresort\bl.tests\bin\debug\net6.0\bl.tests.dll" id="93fb81d8-8bcc-057b-1f86-c853ca0d303c">
      <Execution id="06826921-1abc-416f-8e87-34434386c837" />
      <TestMethod codeBase="C:\Users\alena\Desktop\7_sem\testing_and_debugging\SkiResort\BL.Tests\bin\Debug\net6.0\BL.Tests.dll" adapterTypeName="executor://xunit/VsTestRunner2/netcoreapp" className="BL.Tests.LiftsServiceTest" name="TestUpdateLiftInfoAsync" />
    </UnitTest>
    <UnitTest name="BL.Tests.UsersServiceTests.TestLogInOk" storage="c:\users\alena\desktop\7_sem\testing_and_debugging\skiresort\bl.tests\bin\debug\net6.0\bl.tests.dll" id="1ca07ad8-f799-c5d4-e7cc-34fd950198a2">
      <Execution id="831ed1bf-52f5-4dc6-b7af-d7bca2dbf215" />
      <TestMethod codeBase="C:\Users\alena\Desktop\7_sem\testing_and_debugging\SkiResort\BL.Tests\bin\Debug\net6.0\BL.Tests.dll" adapterTypeName="executor://xunit/VsTestRunner2/netcoreapp" className="BL.Tests.UsersServiceTests" name="TestLogInOk" />
    </UnitTest>
    <UnitTest name="BL.Tests.LiftsServiceTest.TestAdminAddAutoIncrementLiftAsync(userID: 176, lift: Lift { LiftID = 181, LiftName = liftNamef20ea5b1-3375-4bd4-895f-32851f6712fd, IsOpen = True, SeatsAmount = 163, LiftingTime = 230, QueueTime = 71, ConnectedSlopes =  }, checkPermissionServiceMock: Mock&lt;ICheckPermissionService:5&gt;, liftsRepositoryStub: Mock&lt;ILiftsRepository:5&gt;, sut: LiftsService { })" storage="c:\users\alena\desktop\7_sem\testing_and_debugging\skiresort\bl.tests\bin\debug\net6.0\bl.tests.dll" id="bb698a5c-fc79-784d-5af5-f827014511c3">
      <Execution id="11bc99a7-44a5-49c6-afe7-112e8fcfc258" />
      <TestMethod codeBase="C:\Users\alena\Desktop\7_sem\testing_and_debugging\SkiResort\BL.Tests\bin\Debug\net6.0\BL.Tests.dll" adapterTypeName="executor://xunit/VsTestRunner2/netcoreapp" className="BL.Tests.LiftsServiceTest" name="TestAdminAddAutoIncrementLiftAsync" />
    </UnitTest>
    <UnitTest name="BL.Tests.UsersServiceTests.TestAdminGetUsers" storage="c:\users\alena\desktop\7_sem\testing_and_debugging\skiresort\bl.tests\bin\debug\net6.0\bl.tests.dll" id="20ad8570-0170-85de-dcd7-2f109dd7bcd6">
      <Execution id="e5c17332-548e-4184-b97f-28b8b08fe238" />
      <TestMethod codeBase="C:\Users\alena\Desktop\7_sem\testing_and_debugging\SkiResort\BL.Tests\bin\Debug\net6.0\BL.Tests.dll" adapterTypeName="executor://xunit/VsTestRunner2/netcoreapp" className="BL.Tests.UsersServiceTests" name="TestAdminGetUsers" />
    </UnitTest>
    <UnitTest name="BL.Tests.CheckPermissionsServiceTests.UnauthorizedHasNoAccessToAdminSkiPatrolFunctions(functionName: &quot;GetMessagesAsync&quot;)" storage="c:\users\alena\desktop\7_sem\testing_and_debugging\skiresort\bl.tests\bin\debug\net6.0\bl.tests.dll" id="229812f5-9a73-5335-11f5-31330d1348a5">
      <Execution id="6b298e37-b858-4630-b6c4-eb58d65c92b8" />
      <TestMethod codeBase="C:\Users\alena\Desktop\7_sem\testing_and_debugging\SkiResort\BL.Tests\bin\Debug\net6.0\BL.Tests.dll" adapterTypeName="executor://xunit/VsTestRunner2/netcoreapp" className="BL.Tests.CheckPermissionsServiceTests" name="UnauthorizedHasNoAccessToAdminSkiPatrolFunctions" />
    </UnitTest>
    <UnitTest name="BL.Tests.LiftsSlopesServiceTests.TestGetLiftsSlopesInfoAsync(liftsSlopes: [LiftSlope { RecordID = 251, LiftID = 105, SlopeID = 56 }, LiftSlope { RecordID = 74, LiftID = 57, SlopeID = 45 }, LiftSlope { RecordID = 54, LiftID = 95, SlopeID = 183 }], slopesRepositoryStub: Mock&lt;ISlopesRepository:1&gt;, liftsRepositoryStub: Mock&lt;ILiftsRepository:6&gt;, liftsSlopesRepositoryStub: Mock&lt;ILiftsSlopesRepository:6&gt;)" storage="c:\users\alena\desktop\7_sem\testing_and_debugging\skiresort\bl.tests\bin\debug\net6.0\bl.tests.dll" id="39be9b5e-0bc4-57dc-37d3-aec6b520299d">
      <Execution id="f8b32077-646a-4503-a18d-d2b19a28d87c" />
      <TestMethod codeBase="C:\Users\alena\Desktop\7_sem\testing_and_debugging\SkiResort\BL.Tests\bin\Debug\net6.0\BL.Tests.dll" adapterTypeName="executor://xunit/VsTestRunner2/netcoreapp" className="BL.Tests.LiftsSlopesServiceTests" name="TestGetLiftsSlopesInfoAsync" />
    </UnitTest>
    <UnitTest name="BL.Tests.SlopesServiceTest.TestAdminDeleteSlopeAsync(userID: 178, slope: Slope { SlopeID = 232, SlopeName = slopeName8e9de0fa-8b48-44fc-a3fc-0f70761de312, IsOpen = True, DifficultyLevel = 70, ConnectedLifts =  }, checkPermissionServiceMock: Mock&lt;ICheckPermissionService:9&gt;, slopesRepositoryStub: Mock&lt;ISlopesRepository:7&gt;, liftsSlopesRepositoryStub: Mock&lt;ILiftsSlopesRepository:12&gt;, sut: SlopesService { })" storage="c:\users\alena\desktop\7_sem\testing_and_debugging\skiresort\bl.tests\bin\debug\net6.0\bl.tests.dll" id="b183acd9-d61d-9bfe-68b0-28c67de95d39">
      <Execution id="45ce584e-5070-4f6c-9ec3-7dbba4739e97" />
      <TestMethod codeBase="C:\Users\alena\Desktop\7_sem\testing_and_debugging\SkiResort\BL.Tests\bin\Debug\net6.0\BL.Tests.dll" adapterTypeName="executor://xunit/VsTestRunner2/netcoreapp" className="BL.Tests.SlopesServiceTest" name="TestAdminDeleteSlopeAsync" />
    </UnitTest>
    <UnitTest name="BL.Tests.LiftsServiceTest.TestAdminDeleteLiftAsync(userID: 97, lift: Lift { LiftID = 213, LiftName = liftName07be4b4f-15d2-4174-943b-946500b41674, IsOpen = True, SeatsAmount = 13, LiftingTime = 62, QueueTime = 38, ConnectedSlopes =  }, checkPermissionServiceMock: Mock&lt;ICheckPermissionService:4&gt;, liftsRepositoryStub: Mock&lt;ILiftsRepository:4&gt;, liftsSlopesRepositoryStub: Mock&lt;ILiftsSlopesRepository:4&gt;, sut: LiftsService { })" storage="c:\users\alena\desktop\7_sem\testing_and_debugging\skiresort\bl.tests\bin\debug\net6.0\bl.tests.dll" id="69dfeece-57cf-1ce5-98d2-3857892ec470">
      <Execution id="ad5461d3-1f42-443e-93b3-44dc08d24f16" />
      <TestMethod codeBase="C:\Users\alena\Desktop\7_sem\testing_and_debugging\SkiResort\BL.Tests\bin\Debug\net6.0\BL.Tests.dll" adapterTypeName="executor://xunit/VsTestRunner2/netcoreapp" className="BL.Tests.LiftsServiceTest" name="TestAdminDeleteLiftAsync" />
    </UnitTest>
    <UnitTest name="BL.Tests.CheckPermissionsServiceTests.AuthorizedHasNoAccessToAdminSkiPatrolFunctions(functionName: &quot;GetLiftsSlopesInfoAsync&quot;)" storage="c:\users\alena\desktop\7_sem\testing_and_debugging\skiresort\bl.tests\bin\debug\net6.0\bl.tests.dll" id="4f297306-d4f3-8d63-e7f4-1ac0b8c58c74">
      <Execution id="0e4615f7-6c7c-498d-bda1-d0218c1d5308" />
      <TestMethod codeBase="C:\Users\alena\Desktop\7_sem\testing_and_debugging\SkiResort\BL.Tests\bin\Debug\net6.0\BL.Tests.dll" adapterTypeName="executor://xunit/VsTestRunner2/netcoreapp" className="BL.Tests.CheckPermissionsServiceTests" name="AuthorizedHasNoAccessToAdminSkiPatrolFunctions" />
    </UnitTest>
    <UnitTest name="BL.Tests.LiftsServiceTest.TestGetLiftInfoAsync(userID: 226, lift: Lift { LiftID = 74, LiftName = liftName0f1cc302-5239-4153-9489-7969fe229123, IsOpen = True, SeatsAmount = 16, LiftingTime = 85, QueueTime = 145, ConnectedSlopes =  }, checkPermissionServiceMock: Mock&lt;ICheckPermissionService:1&gt;, liftsRepositoryStub: Mock&lt;ILiftsRepository:1&gt;, liftsSlopesRepositoryStub: Mock&lt;ILiftsSlopesRepository:1&gt;, sut: LiftsService { })" storage="c:\users\alena\desktop\7_sem\testing_and_debugging\skiresort\bl.tests\bin\debug\net6.0\bl.tests.dll" id="c2778f68-f85a-b403-6ca5-a701baf1e070">
      <Execution id="a62195a6-0739-4738-9095-aa4728c0aaf7" />
      <TestMethod codeBase="C:\Users\alena\Desktop\7_sem\testing_and_debugging\SkiResort\BL.Tests\bin\Debug\net6.0\BL.Tests.dll" adapterTypeName="executor://xunit/VsTestRunner2/netcoreapp" className="BL.Tests.LiftsServiceTest" name="TestGetLiftInfoAsync" />
    </UnitTest>
    <UnitTest name="BL.Tests.LiftsSlopesServiceTests.TestAdminDeleteLiftSlopeAsync(lift: Lift { LiftID = 220, LiftName = liftNamea2fd2431-2e6d-4ce6-abb0-f895a14808e7, IsOpen = True, SeatsAmount = 139, LiftingTime = 56, QueueTime = 239, ConnectedSlopes =  }, slope: Slope { SlopeID = 130, SlopeName = slopeName22fbe7b5-f365-4a6b-ade8-71237ddc20b9, IsOpen = False, DifficultyLevel = 88, ConnectedLifts =  }, slopesRepositoryStub: Mock&lt;ISlopesRepository:2&gt;, liftsRepo..." storage="c:\users\alena\desktop\7_sem\testing_and_debugging\skiresort\bl.tests\bin\debug\net6.0\bl.tests.dll" id="fc368899-8bba-a59d-95dd-4a19a2db7365">
      <Execution id="51555f01-86c7-4b81-9a52-fee736c3fac3" />
      <TestMethod codeBase="C:\Users\alena\Desktop\7_sem\testing_and_debugging\SkiResort\BL.Tests\bin\Debug\net6.0\BL.Tests.dll" adapterTypeName="executor://xunit/VsTestRunner2/netcoreapp" className="BL.Tests.LiftsSlopesServiceTests" name="TestAdminDeleteLiftSlopeAsync" />
    </UnitTest>
    <UnitTest name="BL.Tests.UsersServiceTests.TestRegisterOk" storage="c:\users\alena\desktop\7_sem\testing_and_debugging\skiresort\bl.tests\bin\debug\net6.0\bl.tests.dll" id="0eeef75f-6e38-7893-a8fe-cff3e0a970a7">
      <Execution id="066cfc7d-cc85-4b78-9ddd-83ac88205ffc" />
      <TestMethod codeBase="C:\Users\alena\Desktop\7_sem\testing_and_debugging\SkiResort\BL.Tests\bin\Debug\net6.0\BL.Tests.dll" adapterTypeName="executor://xunit/VsTestRunner2/netcoreapp" className="BL.Tests.UsersServiceTests" name="TestRegisterOk" />
    </UnitTest>
    <UnitTest name="BL.Tests.TurnstilesServiceTest.TestAdminDeleteTurnstileAsync(userID: 74, turnstile: Turnstile { TurnstileID = 1, LiftID = 201, IsOpen = True }, checkPermissionServiceMock: Mock&lt;ICheckPermissionService:15&gt;, turnstilesRepositoryStub: Mock&lt;ITurnstilesRepository:9&gt;, sut: TurnstilesService { })" storage="c:\users\alena\desktop\7_sem\testing_and_debugging\skiresort\bl.tests\bin\debug\net6.0\bl.tests.dll" id="6e54f82c-4ba3-7a9c-7d18-ebbb73271355">
      <Execution id="ad86623a-634c-45ba-9135-e61a33df01bb" />
      <TestMethod codeBase="C:\Users\alena\Desktop\7_sem\testing_and_debugging\SkiResort\BL.Tests\bin\Debug\net6.0\BL.Tests.dll" adapterTypeName="executor://xunit/VsTestRunner2/netcoreapp" className="BL.Tests.TurnstilesServiceTest" name="TestAdminDeleteTurnstileAsync" />
    </UnitTest>
    <UnitTest name="BL.Tests.SlopesServiceTest.TestGetSlopesInfoAsync(userID: 215, initialSlopes: [Slope { SlopeID = 158, SlopeName = slopeNameef202ff6-2556-4fa4-9fcc-1ab7339312c5, IsOpen = True, DifficultyLevel = 218, ConnectedLifts =  }, Slope { SlopeID = 77, SlopeName = slopeNamebb240c27-dca6-4ea8-8e07-97de4511228b, IsOpen = False, DifficultyLevel = 113, ConnectedLifts =  }, Slope { SlopeID = 224, SlopeName = slopeName13ad8434-f2d3-4a51-ab8a-a8ae234ac14e, I..." storage="c:\users\alena\desktop\7_sem\testing_and_debugging\skiresort\bl.tests\bin\debug\net6.0\bl.tests.dll" id="553b7a23-b134-9401-9cba-fa1ff940ae35">
      <Execution id="df2dcf00-6c74-410b-945b-ffea4e5268e6" />
      <TestMethod codeBase="C:\Users\alena\Desktop\7_sem\testing_and_debugging\SkiResort\BL.Tests\bin\Debug\net6.0\BL.Tests.dll" adapterTypeName="executor://xunit/VsTestRunner2/netcoreapp" className="BL.Tests.SlopesServiceTest" name="TestGetSlopesInfoAsync" />
    </UnitTest>
    <UnitTest name="BL.Tests.TurnstilesServiceTest.TestAdminGetTurnstilesAsync(userID: 96, initialTurnstiles: [Turnstile { TurnstileID = 205, LiftID = 107, IsOpen = True }, Turnstile { TurnstileID = 42, LiftID = 78, IsOpen = False }, Turnstile { TurnstileID = 202, LiftID = 110, IsOpen = True }], checkPermissionServiceMock: Mock&lt;ICheckPermissionService:13&gt;, turnstilesRepositoryStub: Mock&lt;ITurnstilesRepository:7&gt;, sut: TurnstilesService { })" storage="c:\users\alena\desktop\7_sem\testing_and_debugging\skiresort\bl.tests\bin\debug\net6.0\bl.tests.dll" id="a80c00db-c358-0e69-5826-07ba946238b0">
      <Execution id="9270a2f3-ca15-4a36-8c58-b791eba1e6f9" />
      <TestMethod codeBase="C:\Users\alena\Desktop\7_sem\testing_and_debugging\SkiResort\BL.Tests\bin\Debug\net6.0\BL.Tests.dll" adapterTypeName="executor://xunit/VsTestRunner2/netcoreapp" className="BL.Tests.TurnstilesServiceTest" name="TestAdminGetTurnstilesAsync" />
    </UnitTest>
    <UnitTest name="BL.Tests.CheckPermissionsServiceTests.AuthorizedHasAccessToAuthorizedFunctions(functionName: &quot;SendMessageAsync&quot;)" storage="c:\users\alena\desktop\7_sem\testing_and_debugging\skiresort\bl.tests\bin\debug\net6.0\bl.tests.dll" id="644ec43e-70cd-c82d-42e7-0d990be1414d">
      <Execution id="6f1ef3fd-a88c-4f83-b381-d6b8b4c01755" />
      <TestMethod codeBase="C:\Users\alena\Desktop\7_sem\testing_and_debugging\SkiResort\BL.Tests\bin\Debug\net6.0\BL.Tests.dll" adapterTypeName="executor://xunit/VsTestRunner2/netcoreapp" className="BL.Tests.CheckPermissionsServiceTests" name="AuthorizedHasAccessToAuthorizedFunctions" />
    </UnitTest>
    <UnitTest name="BL.Tests.TurnstilesServiceTest.TestAdminAddAutoIncrementTurnstileAsync(userID: 142, turnstile: Turnstile { TurnstileID = 200, LiftID = 56, IsOpen = True }, checkPermissionServiceMock: Mock&lt;ICheckPermissionService:16&gt;, turnstilesRepositoryStub: Mock&lt;ITurnstilesRepository:10&gt;, sut: TurnstilesService { })" storage="c:\users\alena\desktop\7_sem\testing_and_debugging\skiresort\bl.tests\bin\debug\net6.0\bl.tests.dll" id="56326794-f1cb-682c-3781-00c41f75aa7a">
      <Execution id="17a3e851-cd16-45b5-a9ca-9febc4ee556e" />
      <TestMethod codeBase="C:\Users\alena\Desktop\7_sem\testing_and_debugging\SkiResort\BL.Tests\bin\Debug\net6.0\BL.Tests.dll" adapterTypeName="executor://xunit/VsTestRunner2/netcoreapp" className="BL.Tests.TurnstilesServiceTest" name="TestAdminAddAutoIncrementTurnstileAsync" />
    </UnitTest>
    <UnitTest name="BL.Tests.CheckPermissionsServiceTests.UnauthorizedHasNoAccessToAuthorizedFunctions(functionName: &quot;LogOutAsync&quot;)" storage="c:\users\alena\desktop\7_sem\testing_and_debugging\skiresort\bl.tests\bin\debug\net6.0\bl.tests.dll" id="fa960c5e-f989-2880-784e-8efe538c5231">
      <Execution id="90f3a225-f86f-4b69-a365-d77595feab8c" />
      <TestMethod codeBase="C:\Users\alena\Desktop\7_sem\testing_and_debugging\SkiResort\BL.Tests\bin\Debug\net6.0\BL.Tests.dll" adapterTypeName="executor://xunit/VsTestRunner2/netcoreapp" className="BL.Tests.CheckPermissionsServiceTests" name="UnauthorizedHasNoAccessToAuthorizedFunctions" />
    </UnitTest>
    <UnitTest name="BL.Tests.CheckPermissionsServiceTests.UnauthorizedHasNoAccessToAuthorizedFunctions(functionName: &quot;SendMessageAsync&quot;)" storage="c:\users\alena\desktop\7_sem\testing_and_debugging\skiresort\bl.tests\bin\debug\net6.0\bl.tests.dll" id="eaabd2fc-2f4b-5689-59c8-c7ad34a8f634">
      <Execution id="bfbb2a4b-9da8-4fea-82d9-314ab45ea19b" />
      <TestMethod codeBase="C:\Users\alena\Desktop\7_sem\testing_and_debugging\SkiResort\BL.Tests\bin\Debug\net6.0\BL.Tests.dll" adapterTypeName="executor://xunit/VsTestRunner2/netcoreapp" className="BL.Tests.CheckPermissionsServiceTests" name="UnauthorizedHasNoAccessToAuthorizedFunctions" />
    </UnitTest>
    <UnitTest name="BL.Tests.UsersServiceTests.TestRegisterUserWithRepeatedEmail" storage="c:\users\alena\desktop\7_sem\testing_and_debugging\skiresort\bl.tests\bin\debug\net6.0\bl.tests.dll" id="894941c1-bfa7-d8f9-c047-1e1ceefe2c2f">
      <Execution id="63812111-ed0f-408a-92ac-d7caa3ed209e" />
      <TestMethod codeBase="C:\Users\alena\Desktop\7_sem\testing_and_debugging\SkiResort\BL.Tests\bin\Debug\net6.0\BL.Tests.dll" adapterTypeName="executor://xunit/VsTestRunner2/netcoreapp" className="BL.Tests.UsersServiceTests" name="TestRegisterUserWithRepeatedEmail" />
    </UnitTest>
    <UnitTest name="BL.Tests.SlopesServiceTest.TestAdminAddSlopeAsync(userID: 124, slope: Slope { SlopeID = 63, SlopeName = slopeNamea40bd224-46e7-49b3-8c56-7181d891d694, IsOpen = True, DifficultyLevel = 156, ConnectedLifts =  }, checkPermissionServiceMock: Mock&lt;ICheckPermissionService:11&gt;, slopesRepositoryStub: Mock&lt;ISlopesRepository:9&gt;, sut: SlopesService { })" storage="c:\users\alena\desktop\7_sem\testing_and_debugging\skiresort\bl.tests\bin\debug\net6.0\bl.tests.dll" id="8b2b29bd-7f6f-8820-23ef-99d085372456">
      <Execution id="f15bb8fc-5237-4200-9d37-526d996cbd12" />
      <TestMethod codeBase="C:\Users\alena\Desktop\7_sem\testing_and_debugging\SkiResort\BL.Tests\bin\Debug\net6.0\BL.Tests.dll" adapterTypeName="executor://xunit/VsTestRunner2/netcoreapp" className="BL.Tests.SlopesServiceTest" name="TestAdminAddSlopeAsync" />
    </UnitTest>
    <UnitTest name="BL.Tests.TurnstilesServiceTest.TestAdminGetTurnstileAsync(userID: 226, turnstile: Turnstile { TurnstileID = 61, LiftID = 131, IsOpen = True }, checkPermissionServiceMock: Mock&lt;ICheckPermissionService:12&gt;, turnstilesRepositoryStub: Mock&lt;ITurnstilesRepository:6&gt;, sut: TurnstilesService { })" storage="c:\users\alena\desktop\7_sem\testing_and_debugging\skiresort\bl.tests\bin\debug\net6.0\bl.tests.dll" id="cee44211-c459-1489-c558-06c450280e3e">
      <Execution id="a7154bee-2f3a-48cc-9d31-5beb30be3c68" />
      <TestMethod codeBase="C:\Users\alena\Desktop\7_sem\testing_and_debugging\SkiResort\BL.Tests\bin\Debug\net6.0\BL.Tests.dll" adapterTypeName="executor://xunit/VsTestRunner2/netcoreapp" className="BL.Tests.TurnstilesServiceTest" name="TestAdminGetTurnstileAsync" />
    </UnitTest>
    <UnitTest name="BL.Tests.UsersServiceTests.TestRegisterUserWithNoEmail" storage="c:\users\alena\desktop\7_sem\testing_and_debugging\skiresort\bl.tests\bin\debug\net6.0\bl.tests.dll" id="8184bd30-991c-b78d-b4ec-99a485eac0dd">
      <Execution id="623ab099-5e5d-4a03-95a2-27c0b1d1cc5b" />
      <TestMethod codeBase="C:\Users\alena\Desktop\7_sem\testing_and_debugging\SkiResort\BL.Tests\bin\Debug\net6.0\BL.Tests.dll" adapterTypeName="executor://xunit/VsTestRunner2/netcoreapp" className="BL.Tests.UsersServiceTests" name="TestRegisterUserWithNoEmail" />
    </UnitTest>
  </TestDefinitions>
  <TestEntries>
    <TestEntry testId="e5497347-2721-b7a6-0bd4-69a9921f6947" executionId="577b8f02-fd0a-4ec4-a7e5-3ac206e9e712" testListId="8c84fa94-04c1-424b-9868-57a2d4851a1d" />
    <TestEntry testId="b183acd9-d61d-9bfe-68b0-28c67de95d39" executionId="45ce584e-5070-4f6c-9ec3-7dbba4739e97" testListId="8c84fa94-04c1-424b-9868-57a2d4851a1d" />
    <TestEntry testId="492c0393-35b4-df26-a537-21ca08302f3c" executionId="42bae3c2-0919-4902-a0a9-c88b4f022a1e" testListId="8c84fa94-04c1-424b-9868-57a2d4851a1d" />
    <TestEntry testId="eaabd2fc-2f4b-5689-59c8-c7ad34a8f634" executionId="bfbb2a4b-9da8-4fea-82d9-314ab45ea19b" testListId="8c84fa94-04c1-424b-9868-57a2d4851a1d" />
    <TestEntry testId="644ec43e-70cd-c82d-42e7-0d990be1414d" executionId="6f1ef3fd-a88c-4f83-b381-d6b8b4c01755" testListId="8c84fa94-04c1-424b-9868-57a2d4851a1d" />
    <TestEntry testId="894941c1-bfa7-d8f9-c047-1e1ceefe2c2f" executionId="63812111-ed0f-408a-92ac-d7caa3ed209e" testListId="8c84fa94-04c1-424b-9868-57a2d4851a1d" />
    <TestEntry testId="0eeef75f-6e38-7893-a8fe-cff3e0a970a7" executionId="066cfc7d-cc85-4b78-9ddd-83ac88205ffc" testListId="8c84fa94-04c1-424b-9868-57a2d4851a1d" />
    <TestEntry testId="56326794-f1cb-682c-3781-00c41f75aa7a" executionId="17a3e851-cd16-45b5-a9ca-9febc4ee556e" testListId="8c84fa94-04c1-424b-9868-57a2d4851a1d" />
    <TestEntry testId="e2d7e5be-3dae-33ae-fb17-c704b6fd58d6" executionId="dee6026e-1cd5-408f-ac63-edab626fe3ad" testListId="8c84fa94-04c1-424b-9868-57a2d4851a1d" />
    <TestEntry testId="09f9d19f-31ac-0d3f-43a9-5c2baa8a8de5" executionId="9873ec9b-0d2a-442d-9565-7397c5df9cc5" testListId="8c84fa94-04c1-424b-9868-57a2d4851a1d" />
    <TestEntry testId="fc368899-8bba-a59d-95dd-4a19a2db7365" executionId="51555f01-86c7-4b81-9a52-fee736c3fac3" testListId="8c84fa94-04c1-424b-9868-57a2d4851a1d" />
    <TestEntry testId="fa960c5e-f989-2880-784e-8efe538c5231" executionId="90f3a225-f86f-4b69-a365-d77595feab8c" testListId="8c84fa94-04c1-424b-9868-57a2d4851a1d" />
    <TestEntry testId="553b7a23-b134-9401-9cba-fa1ff940ae35" executionId="df2dcf00-6c74-410b-945b-ffea4e5268e6" testListId="8c84fa94-04c1-424b-9868-57a2d4851a1d" />
    <TestEntry testId="a19a5fcf-c5d2-7d44-5d7d-84403042f4e0" executionId="299f2901-6c74-4164-8107-7417e92cdb37" testListId="8c84fa94-04c1-424b-9868-57a2d4851a1d" />
    <TestEntry testId="cee44211-c459-1489-c558-06c450280e3e" executionId="a7154bee-2f3a-48cc-9d31-5beb30be3c68" testListId="8c84fa94-04c1-424b-9868-57a2d4851a1d" />
    <TestEntry testId="60bd668f-04df-da5e-b79b-5d9aedb5234d" executionId="2214d706-fbaa-4024-8250-f25f255fcc05" testListId="8c84fa94-04c1-424b-9868-57a2d4851a1d" />
    <TestEntry testId="20ad8570-0170-85de-dcd7-2f109dd7bcd6" executionId="e5c17332-548e-4184-b97f-28b8b08fe238" testListId="8c84fa94-04c1-424b-9868-57a2d4851a1d" />
    <TestEntry testId="18fa8c62-e27d-e1fc-8182-4d7db62b008d" executionId="c1e6bd13-d259-4cf8-a441-8f7867025b91" testListId="8c84fa94-04c1-424b-9868-57a2d4851a1d" />
    <TestEntry testId="7fbc3f21-3a80-1ac4-f312-c9d6511ac6e1" executionId="e6940a08-9023-45af-a6fa-b599eef4081f" testListId="8c84fa94-04c1-424b-9868-57a2d4851a1d" />
    <TestEntry testId="aa28a6b3-21d3-aa45-24d3-bef2facbc899" executionId="2d0f4ce7-0962-4d55-aff3-ae30f8e25660" testListId="8c84fa94-04c1-424b-9868-57a2d4851a1d" />
    <TestEntry testId="69340bb6-3645-f9dd-971e-29d8b2a009bb" executionId="85bf9a78-bee5-47fe-8a6b-4906883e4112" testListId="8c84fa94-04c1-424b-9868-57a2d4851a1d" />
    <TestEntry testId="2d706594-f2b3-b3c8-21d4-86c9798c3306" executionId="b81c8adb-88e8-4a8e-b299-8483d334fa62" testListId="8c84fa94-04c1-424b-9868-57a2d4851a1d" />
    <TestEntry testId="8b2b29bd-7f6f-8820-23ef-99d085372456" executionId="f15bb8fc-5237-4200-9d37-526d996cbd12" testListId="8c84fa94-04c1-424b-9868-57a2d4851a1d" />
    <TestEntry testId="c36970dc-93f7-753e-fa47-157133b01644" executionId="cd3d0c38-1fe2-4a66-866d-e82efef5aa1e" testListId="8c84fa94-04c1-424b-9868-57a2d4851a1d" />
    <TestEntry testId="93fb81d8-8bcc-057b-1f86-c853ca0d303c" executionId="06826921-1abc-416f-8e87-34434386c837" testListId="8c84fa94-04c1-424b-9868-57a2d4851a1d" />
    <TestEntry testId="f3efc418-a8a6-c7b7-9bac-90b33aa8472f" executionId="985f1171-9920-4612-be1e-b8334bfaccbf" testListId="8c84fa94-04c1-424b-9868-57a2d4851a1d" />
    <TestEntry testId="2602613f-c8e2-a6d9-fcf7-5b27d4a770a6" executionId="74f24525-d3de-4153-9035-85adc1002eac" testListId="8c84fa94-04c1-424b-9868-57a2d4851a1d" />
    <TestEntry testId="bb698a5c-fc79-784d-5af5-f827014511c3" executionId="11bc99a7-44a5-49c6-afe7-112e8fcfc258" testListId="8c84fa94-04c1-424b-9868-57a2d4851a1d" />
    <TestEntry testId="39be9b5e-0bc4-57dc-37d3-aec6b520299d" executionId="f8b32077-646a-4503-a18d-d2b19a28d87c" testListId="8c84fa94-04c1-424b-9868-57a2d4851a1d" />
    <TestEntry testId="8184bd30-991c-b78d-b4ec-99a485eac0dd" executionId="623ab099-5e5d-4a03-95a2-27c0b1d1cc5b" testListId="8c84fa94-04c1-424b-9868-57a2d4851a1d" />
    <TestEntry testId="4f297306-d4f3-8d63-e7f4-1ac0b8c58c74" executionId="0e4615f7-6c7c-498d-bda1-d0218c1d5308" testListId="8c84fa94-04c1-424b-9868-57a2d4851a1d" />
    <TestEntry testId="bffd3001-937f-05cd-5291-de77ea1bd44d" executionId="9ef5f083-843d-41f8-bce9-d294c69ce5d9" testListId="8c84fa94-04c1-424b-9868-57a2d4851a1d" />
    <TestEntry testId="c2778f68-f85a-b403-6ca5-a701baf1e070" executionId="a62195a6-0739-4738-9095-aa4728c0aaf7" testListId="8c84fa94-04c1-424b-9868-57a2d4851a1d" />
    <TestEntry testId="9c7df5e2-1b23-ebea-889f-b78ca86b60ab" executionId="99b612b9-e2ad-4450-8658-bb9e83024ee9" testListId="8c84fa94-04c1-424b-9868-57a2d4851a1d" />
    <TestEntry testId="387c9729-48c1-486e-5e67-f5d11a9f0db8" executionId="400f75dd-ca4f-445d-8d14-e17539faa73b" testListId="8c84fa94-04c1-424b-9868-57a2d4851a1d" />
    <TestEntry testId="1ca07ad8-f799-c5d4-e7cc-34fd950198a2" executionId="831ed1bf-52f5-4dc6-b7af-d7bca2dbf215" testListId="8c84fa94-04c1-424b-9868-57a2d4851a1d" />
    <TestEntry testId="a80c00db-c358-0e69-5826-07ba946238b0" executionId="9270a2f3-ca15-4a36-8c58-b791eba1e6f9" testListId="8c84fa94-04c1-424b-9868-57a2d4851a1d" />
    <TestEntry testId="f44a1b21-8efc-bfac-63b4-d534442def31" executionId="60104fa2-67d0-4e17-8ad1-7345c568f039" testListId="8c84fa94-04c1-424b-9868-57a2d4851a1d" />
    <TestEntry testId="7027b176-59c0-e302-4a96-314c5cd716b7" executionId="1df5433d-aed7-497e-95f8-dca507e53b73" testListId="8c84fa94-04c1-424b-9868-57a2d4851a1d" />
    <TestEntry testId="834c739b-eca4-b36d-6a66-5a1bd75377b8" executionId="68bbf1ac-fa7b-4a99-9d0b-7dda7614b63e" testListId="8c84fa94-04c1-424b-9868-57a2d4851a1d" />
    <TestEntry testId="06d0bc3a-24a0-fb7f-4277-e9ae6d21c7dd" executionId="b58a9f71-511f-499e-91ea-c9897896722b" testListId="8c84fa94-04c1-424b-9868-57a2d4851a1d" />
    <TestEntry testId="229812f5-9a73-5335-11f5-31330d1348a5" executionId="6b298e37-b858-4630-b6c4-eb58d65c92b8" testListId="8c84fa94-04c1-424b-9868-57a2d4851a1d" />
    <TestEntry testId="ae65b844-a4c8-c73d-598e-9840205dafcd" executionId="55298f3e-9897-41e4-a5e4-4eff4037369e" testListId="8c84fa94-04c1-424b-9868-57a2d4851a1d" />
    <TestEntry testId="69dfeece-57cf-1ce5-98d2-3857892ec470" executionId="ad5461d3-1f42-443e-93b3-44dc08d24f16" testListId="8c84fa94-04c1-424b-9868-57a2d4851a1d" />
    <TestEntry testId="a2e59116-cb53-1d70-9cb8-21c286516866" executionId="b400cbe8-9c78-4e1c-a581-c37f4d652bee" testListId="8c84fa94-04c1-424b-9868-57a2d4851a1d" />
    <TestEntry testId="6e54f82c-4ba3-7a9c-7d18-ebbb73271355" executionId="ad86623a-634c-45ba-9135-e61a33df01bb" testListId="8c84fa94-04c1-424b-9868-57a2d4851a1d" />
    <TestEntry testId="6a0ccfbc-8fc9-14ea-a0ec-f4383a5eded0" executionId="c7c5037c-820d-4a8b-9193-3ceb9e5fbb4d" testListId="8c84fa94-04c1-424b-9868-57a2d4851a1d" />
  </TestEntries>
  <TestLists>
    <TestList name="Список результатов" id="8c84fa94-04c1-424b-9868-57a2d4851a1d" />
    <TestList name="Все загруженные результаты" id="19431567-8539-422a-85d7-44ee4e166bda" />
  </TestLists>
  <ResultSummary outcome="Completed">
    <Counters total="47" executed="47" passed="47" failed="0" error="0" timeout="0" aborted="0" inconclusive="0" passedButRunAborted="0" notRunnable="0" notExecuted="0" disconnected="0" warning="0" completed="0" inProgress="0" pending="0" />
    <Output>
      <StdOut>[xUnit.net 00:00:00.00] xUnit.net VSTest Adapter v2.4.5+1caef2f33e (64-bit .NET 6.0.3)&#xD;
[xUnit.net 00:00:00.51]   Discovering: BL.Tests&#xD;
[xUnit.net 00:00:00.72]   Discovered:  BL.Tests&#xD;
[xUnit.net 00:00:00.72]   Starting:    BL.Tests&#xD;
[xUnit.net 00:00:00.95]   Finished:    BL.Tests&#xD;
</StdOut>
    </Output>
  </ResultSummary>
</TestRun>