<?xml version="1.0" encoding="utf-8"?>
<TestRun id="2cf133dd-2f9c-40ca-a20d-fe6e1ba62d8b" name="alena@DESKTOP-TJ9D65N 2022-10-15 20:34:14" runUser="DESKTOP-TJ9D65N\alena" xmlns="http://microsoft.com/schemas/VisualStudio/TeamTest/2010">
  <Times creation="2022-10-15T20:34:14.0562971+03:00" queuing="2022-10-15T20:34:14.0562973+03:00" start="2022-10-15T20:34:12.6146856+03:00" finish="2022-10-15T20:34:14.1045001+03:00" />
  <TestSettings name="default" id="62f60fe1-8876-4c94-9c83-1aae6445e23d">
    <Deployment runDeploymentRoot="alena_DESKTOP-TJ9D65N_2022-10-15_20_34_14" />
  </TestSettings>
  <Results>
    <UnitTestResult executionId="d9e86cd8-4132-4c9f-8a73-ebf7317e1741" testId="f3efc418-a8a6-c7b7-9bac-90b33aa8472f" testName="BL.Tests.CheckPermissionsServiceTests.AdminHasAccessToAllFunctions" computerName="DESKTOP-TJ9D65N" duration="00:00:00.0023410" startTime="2022-10-15T20:34:14.0375171+03:00" endTime="2022-10-15T20:34:14.0375172+03:00" testType="13cdc9d9-ddb5-4fa4-a97d-d965ccfc6d4b" outcome="Passed" testListId="8c84fa94-04c1-424b-9868-57a2d4851a1d" relativeResultsDirectory="d9e86cd8-4132-4c9f-8a73-ebf7317e1741" />
    <UnitTestResult executionId="0fbd3957-97ac-4c36-bc30-0fc09d3837a0" testId="9c7df5e2-1b23-ebea-889f-b78ca86b60ab" testName="BL.Tests.CheckPermissionsServiceTests.AuthorizedHasNoAccessToAdminSkiPatrolFunctions(functionName: &quot;MarkMessageReadByUserAsync&quot;)" computerName="DESKTOP-TJ9D65N" duration="00:00:00.0015744" startTime="2022-10-15T20:34:14.0082274+03:00" endTime="2022-10-15T20:34:14.0082275+03:00" testType="13cdc9d9-ddb5-4fa4-a97d-d965ccfc6d4b" outcome="Passed" testListId="8c84fa94-04c1-424b-9868-57a2d4851a1d" relativeResultsDirectory="0fbd3957-97ac-4c36-bc30-0fc09d3837a0" />
    <UnitTestResult executionId="48df6eda-d4f3-4a46-892a-882b7faed797" testId="2d706594-f2b3-b3c8-21d4-86c9798c3306" testName="BL.Tests.CheckPermissionsServiceTests.SkiPatrolHasAccessToAdminSkiPatrolFunctions(functionName: &quot;GetLiftsSlopesInfoAsync&quot;)" computerName="DESKTOP-TJ9D65N" duration="00:00:00.0050861" startTime="2022-10-15T20:34:14.0052542+03:00" endTime="2022-10-15T20:34:14.0052543+03:00" testType="13cdc9d9-ddb5-4fa4-a97d-d965ccfc6d4b" outcome="Passed" testListId="8c84fa94-04c1-424b-9868-57a2d4851a1d" relativeResultsDirectory="48df6eda-d4f3-4a46-892a-882b7faed797" />
    <UnitTestResult executionId="d3eacb99-e264-4942-8c7e-33e7a183766a" testId="60bd668f-04df-da5e-b79b-5d9aedb5234d" testName="BL.Tests.CheckPermissionsServiceTests.SkiPatrolHasAccessToAdminSkiPatrolFunctions(functionName: &quot;MarkMessageReadByUserAsync&quot;)" computerName="DESKTOP-TJ9D65N" duration="00:00:00.0010338" startTime="2022-10-15T20:34:14.0058384+03:00" endTime="2022-10-15T20:34:14.0058385+03:00" testType="13cdc9d9-ddb5-4fa4-a97d-d965ccfc6d4b" outcome="Passed" testListId="8c84fa94-04c1-424b-9868-57a2d4851a1d" relativeResultsDirectory="d3eacb99-e264-4942-8c7e-33e7a183766a" />
    <UnitTestResult executionId="98d6a698-94bf-46ca-a440-0811cb1b7cdd" testId="a2e59116-cb53-1d70-9cb8-21c286516866" testName="BL.Tests.CheckPermissionsServiceTests.AuthorizedHasNoAccessToAdminFunctions" computerName="DESKTOP-TJ9D65N" duration="00:00:00.0021453" startTime="2022-10-15T20:34:14.0068108+03:00" endTime="2022-10-15T20:34:14.0068108+03:00" testType="13cdc9d9-ddb5-4fa4-a97d-d965ccfc6d4b" outcome="Passed" testListId="8c84fa94-04c1-424b-9868-57a2d4851a1d" relativeResultsDirectory="98d6a698-94bf-46ca-a440-0811cb1b7cdd" />
    <UnitTestResult executionId="4e1754c1-546e-4572-ad35-dcabb1115535" testId="229812f5-9a73-5335-11f5-31330d1348a5" testName="BL.Tests.CheckPermissionsServiceTests.UnauthorizedHasNoAccessToAdminSkiPatrolFunctions(functionName: &quot;GetMessagesAsync&quot;)" computerName="DESKTOP-TJ9D65N" duration="00:00:00.0013096" startTime="2022-10-15T20:34:14.0025912+03:00" endTime="2022-10-15T20:34:14.0025913+03:00" testType="13cdc9d9-ddb5-4fa4-a97d-d965ccfc6d4b" outcome="Passed" testListId="8c84fa94-04c1-424b-9868-57a2d4851a1d" relativeResultsDirectory="4e1754c1-546e-4572-ad35-dcabb1115535" />
    <UnitTestResult executionId="3e7d2261-1dad-49bf-8ef8-59eff8277317" testId="73c852b6-f376-ce7f-ba7b-59247074f494" testName="BL.Tests.SlopesServiceTest.TestAdminAddSlopeAsync(userID: 60, slope: Slope { SlopeID = 47, SlopeName = slopeName1478f7ed-35f0-4d23-9b28-b9fb65a721de, IsOpen = True, DifficultyLevel = 199, ConnectedLifts =  }, checkPermissionServiceMock: Mock&lt;ICheckPermissionService:11&gt;, slopesRepositoryStub: Mock&lt;ISlopesRepository:9&gt;, sut: SlopesService { })" computerName="DESKTOP-TJ9D65N" duration="00:00:00.0045472" startTime="2022-10-15T20:34:14.0069170+03:00" endTime="2022-10-15T20:34:14.0069171+03:00" testType="13cdc9d9-ddb5-4fa4-a97d-d965ccfc6d4b" outcome="Passed" testListId="8c84fa94-04c1-424b-9868-57a2d4851a1d" relativeResultsDirectory="3e7d2261-1dad-49bf-8ef8-59eff8277317" />
    <UnitTestResult executionId="043f72e4-9205-4124-a691-aed72d2b61e3" testId="a081bb43-b39d-bcfe-91e6-051206be27b8" testName="BL.Tests.LiftsServiceTest.TestAdminDeleteLiftAsync(userID: 42, lift: Lift { LiftID = 126, LiftName = liftName0b5749e1-dcdd-43ae-a266-8364be38a36f, IsOpen = True, SeatsAmount = 71, LiftingTime = 238, QueueTime = 147, ConnectedSlopes =  }, checkPermissionServiceMock: Mock&lt;ICheckPermissionService:4&gt;, liftsRepositoryStub: Mock&lt;ILiftsRepository:4&gt;, liftsSlopesRepositoryStub: Mock&lt;ILiftsSlopesRepository:4&gt;, sut: LiftsService { })" computerName="DESKTOP-TJ9D65N" duration="00:00:00.0186876" startTime="2022-10-15T20:34:14.0069269+03:00" endTime="2022-10-15T20:34:14.0069270+03:00" testType="13cdc9d9-ddb5-4fa4-a97d-d965ccfc6d4b" outcome="Passed" testListId="8c84fa94-04c1-424b-9868-57a2d4851a1d" relativeResultsDirectory="043f72e4-9205-4124-a691-aed72d2b61e3" />
    <UnitTestResult executionId="056cd586-5bbd-4c59-bf6a-7498a8957ed5" testId="d4857927-5e3c-389f-a4cb-4c823bf8d2a6" testName="BL.Tests.SlopesServiceTest.TestAdminAddAutoIncrementSlopeAsync(userID: 4, slope: Slope { SlopeID = 163, SlopeName = slopeNamed8c2b785-f645-4bd7-a83f-55061bc7b782, IsOpen = True, DifficultyLevel = 175, ConnectedLifts =  }, checkPermissionServiceMock: Mock&lt;ICheckPermissionService:10&gt;, slopesRepositoryStub: Mock&lt;ISlopesRepository:8&gt;, sut: SlopesService { })" computerName="DESKTOP-TJ9D65N" duration="00:00:00.0068688" startTime="2022-10-15T20:34:14.0067876+03:00" endTime="2022-10-15T20:34:14.0067877+03:00" testType="13cdc9d9-ddb5-4fa4-a97d-d965ccfc6d4b" outcome="Passed" testListId="8c84fa94-04c1-424b-9868-57a2d4851a1d" relativeResultsDirectory="056cd586-5bbd-4c59-bf6a-7498a8957ed5" />
    <UnitTestResult executionId="1eba6f2c-3c00-480c-8e45-b3f1d37a6832" testId="196767da-f187-ad6f-0017-8762be9622c6" testName="BL.Tests.TurnstilesServiceTest.TestAdminUpdateTurnstileAsync(userID: 76, turnstile: Turnstile { TurnstileID = 111, LiftID = 234, IsOpen = True }, checkPermissionServiceMock: Mock&lt;ICheckPermissionService:14&gt;, turnstilesRepositoryStub: Mock&lt;ITurnstilesRepository:8&gt;, sut: TurnstilesService { })" computerName="DESKTOP-TJ9D65N" duration="00:00:00.0070071" startTime="2022-10-15T20:34:14.0050098+03:00" endTime="2022-10-15T20:34:14.0050100+03:00" testType="13cdc9d9-ddb5-4fa4-a97d-d965ccfc6d4b" outcome="Passed" testListId="8c84fa94-04c1-424b-9868-57a2d4851a1d" relativeResultsDirectory="1eba6f2c-3c00-480c-8e45-b3f1d37a6832" />
    <UnitTestResult executionId="5a6945d6-39ec-480c-ae2c-4d0aa29c539a" testId="39be9b5e-0bc4-57dc-37d3-aec6b520299d" testName="BL.Tests.LiftsSlopesServiceTests.TestGetLiftsSlopesInfoAsync(liftsSlopes: [LiftSlope { RecordID = 34, LiftID = 97, SlopeID = 160 }, LiftSlope { RecordID = 103, LiftID = 40, SlopeID = 111 }, LiftSlope { RecordID = 126, LiftID = 188, SlopeID = 147 }], slopesRepositoryStub: Mock&lt;ISlopesRepository:1&gt;, liftsRepositoryStub: Mock&lt;ILiftsRepository:6&gt;, liftsSlopesRepositoryStub: Mock&lt;ILiftsSlopesRepository:6&gt;)" computerName="DESKTOP-TJ9D65N" duration="00:00:00.0047177" startTime="2022-10-15T20:34:14.0041316+03:00" endTime="2022-10-15T20:34:14.0041317+03:00" testType="13cdc9d9-ddb5-4fa4-a97d-d965ccfc6d4b" outcome="Passed" testListId="8c84fa94-04c1-424b-9868-57a2d4851a1d" relativeResultsDirectory="5a6945d6-39ec-480c-ae2c-4d0aa29c539a" />
    <UnitTestResult executionId="3567a940-6adc-4b03-9d4d-ffa666daf6c2" testId="f06902fb-f615-33cd-5613-c811449bd692" testName="BL.Tests.SlopesServiceTest.TestUpdateSlopeInfoAsync(userID: 57, slope: Slope { SlopeID = 230, SlopeName = slopeNamed0100c1f-c37b-4152-ae52-00bb2d456ed9, IsOpen = True, DifficultyLevel = 105, ConnectedLifts =  }, checkPermissionServiceMock: Mock&lt;ICheckPermissionService:8&gt;, slopesRepositoryStub: Mock&lt;ISlopesRepository:6&gt;, sut: SlopesService { })" computerName="DESKTOP-TJ9D65N" duration="00:00:00.0319515" startTime="2022-10-15T20:34:13.9193313+03:00" endTime="2022-10-15T20:34:13.9193314+03:00" testType="13cdc9d9-ddb5-4fa4-a97d-d965ccfc6d4b" outcome="Passed" testListId="8c84fa94-04c1-424b-9868-57a2d4851a1d" relativeResultsDirectory="3567a940-6adc-4b03-9d4d-ffa666daf6c2" />
    <UnitTestResult executionId="ee2bd9b9-0959-4295-abc8-a099f937f1e9" testId="8184bd30-991c-b78d-b4ec-99a485eac0dd" testName="BL.Tests.UsersServiceTests.TestRegisterUserWithNoEmail" computerName="DESKTOP-TJ9D65N" duration="00:00:00.0028941" startTime="2022-10-15T20:34:14.0021841+03:00" endTime="2022-10-15T20:34:14.0021841+03:00" testType="13cdc9d9-ddb5-4fa4-a97d-d965ccfc6d4b" outcome="Passed" testListId="8c84fa94-04c1-424b-9868-57a2d4851a1d" relativeResultsDirectory="ee2bd9b9-0959-4295-abc8-a099f937f1e9" />
    <UnitTestResult executionId="b7eb8591-a61d-4ad2-bacc-0b416b27ed1a" testId="06d0bc3a-24a0-fb7f-4277-e9ae6d21c7dd" testName="BL.Tests.UsersServiceTests.TestAdminUpdateUser" computerName="DESKTOP-TJ9D65N" duration="00:00:00.0063526" startTime="2022-10-15T20:34:14.0051047+03:00" endTime="2022-10-15T20:34:14.0051047+03:00" testType="13cdc9d9-ddb5-4fa4-a97d-d965ccfc6d4b" outcome="Passed" testListId="8c84fa94-04c1-424b-9868-57a2d4851a1d" relativeResultsDirectory="b7eb8591-a61d-4ad2-bacc-0b416b27ed1a" />
    <UnitTestResult executionId="10c6158a-be58-4dc5-8a69-a151e920f61c" testId="da5f976c-3b8e-489a-8a23-105731487204" testName="BL.Tests.TurnstilesServiceTest.TestAdminGetTurnstileAsync(userID: 148, turnstile: Turnstile { TurnstileID = 72, LiftID = 214, IsOpen = True }, checkPermissionServiceMock: Mock&lt;ICheckPermissionService:12&gt;, turnstilesRepositoryStub: Mock&lt;ITurnstilesRepository:6&gt;, sut: TurnstilesService { })" computerName="DESKTOP-TJ9D65N" duration="00:00:00.0044807" startTime="2022-10-15T20:34:14.0022031+03:00" endTime="2022-10-15T20:34:14.0022031+03:00" testType="13cdc9d9-ddb5-4fa4-a97d-d965ccfc6d4b" outcome="Passed" testListId="8c84fa94-04c1-424b-9868-57a2d4851a1d" relativeResultsDirectory="10c6158a-be58-4dc5-8a69-a151e920f61c" />
    <UnitTestResult executionId="d09099ad-6efe-4092-9603-a063263fbb99" testId="a8af3aec-b6b8-e908-db73-b6c280a539c4" testName="BL.Tests.TurnstilesServiceTest.TestAdminGetTurnstilesAsync(userID: 86, initialTurnstiles: [Turnstile { TurnstileID = 114, LiftID = 252, IsOpen = True }, Turnstile { TurnstileID = 84, LiftID = 77, IsOpen = False }, Turnstile { TurnstileID = 89, LiftID = 233, IsOpen = True }], checkPermissionServiceMock: Mock&lt;ICheckPermissionService:13&gt;, turnstilesRepositoryStub: Mock&lt;ITurnstilesRepository:7&gt;, sut: TurnstilesService { })" computerName="DESKTOP-TJ9D65N" duration="00:00:00.0042839" startTime="2022-10-15T20:34:14.0039991+03:00" endTime="2022-10-15T20:34:14.0039992+03:00" testType="13cdc9d9-ddb5-4fa4-a97d-d965ccfc6d4b" outcome="Passed" testListId="8c84fa94-04c1-424b-9868-57a2d4851a1d" relativeResultsDirectory="d09099ad-6efe-4092-9603-a063263fbb99" />
    <UnitTestResult executionId="7829776b-d273-4696-b15d-d872a61e5894" testId="a19a5fcf-c5d2-7d44-5d7d-84403042f4e0" testName="BL.Tests.CheckPermissionsServiceTests.UnauthorizedHasNoAccessToAdminSkiPatrolFunctions(functionName: &quot;MarkMessageReadByUserAsync&quot;)" computerName="DESKTOP-TJ9D65N" duration="00:00:00.0301623" startTime="2022-10-15T20:34:13.9192609+03:00" endTime="2022-10-15T20:34:13.9192610+03:00" testType="13cdc9d9-ddb5-4fa4-a97d-d965ccfc6d4b" outcome="Passed" testListId="8c84fa94-04c1-424b-9868-57a2d4851a1d" relativeResultsDirectory="7829776b-d273-4696-b15d-d872a61e5894" />
    <UnitTestResult executionId="e8e6bddc-371e-4d86-afdd-7228f06aa70e" testId="d4a48e66-ed6d-176a-dea4-7638b5baf91b" testName="BL.Tests.TurnstilesServiceTest.TestAdminAddAutoIncrementTurnstileAsync(userID: 245, turnstile: Turnstile { TurnstileID = 220, LiftID = 251, IsOpen = True }, checkPermissionServiceMock: Mock&lt;ICheckPermissionService:16&gt;, turnstilesRepositoryStub: Mock&lt;ITurnstilesRepository:10&gt;, sut: TurnstilesService { })" computerName="DESKTOP-TJ9D65N" duration="00:00:00.0051636" startTime="2022-10-15T20:34:14.0058033+03:00" endTime="2022-10-15T20:34:14.0058034+03:00" testType="13cdc9d9-ddb5-4fa4-a97d-d965ccfc6d4b" outcome="Passed" testListId="8c84fa94-04c1-424b-9868-57a2d4851a1d" relativeResultsDirectory="e8e6bddc-371e-4d86-afdd-7228f06aa70e" />
    <UnitTestResult executionId="474cb159-a597-4342-9375-e89e6980cb2f" testId="2c4c39d3-5db1-9bbc-06bb-37aaccda78f7" testName="BL.Tests.LiftsServiceTest.TestGetLiftsInfoAsync(userID: 183, initialLifts: [Lift { LiftID = 219, LiftName = liftName84a8e806-bdf0-4d98-81a3-397d09bd4237, IsOpen = True, SeatsAmount = 14, LiftingTime = 128, QueueTime = 218, ConnectedSlopes =  }, Lift { LiftID = 146, LiftName = liftName95abbc29-a1c8-4cac-83fd-e0567bc10b45, IsOpen = False, SeatsAmount = 67, LiftingTime = 191, QueueTime = 246, ConnectedSlopes =  }, Lift { LiftID = 138, LiftName = liftName0db64f92-7fa2-4672-819a-4cb39bf44515, IsOpen = True, SeatsAmount = 251, LiftingTime = 9, QueueTime = 220, ConnectedSlopes =  }], checkPermissionServiceMock: Mock&lt;ICheckPermissionService:2&gt;, liftsRepositoryStub: Mock&lt;ILiftsRepository:2&gt;, liftsSlopesRepositoryStub: Mock&lt;ILiftsSlopesRepository:2&gt;, sut: LiftsService { })" computerName="DESKTOP-TJ9D65N" duration="00:00:00.0581787" startTime="2022-10-15T20:34:13.9394537+03:00" endTime="2022-10-15T20:34:13.9394538+03:00" testType="13cdc9d9-ddb5-4fa4-a97d-d965ccfc6d4b" outcome="Passed" testListId="8c84fa94-04c1-424b-9868-57a2d4851a1d" relativeResultsDirectory="474cb159-a597-4342-9375-e89e6980cb2f" />
    <UnitTestResult executionId="50c76859-1883-4fc9-ad74-3c638acb499a" testId="834c739b-eca4-b36d-6a66-5a1bd75377b8" testName="BL.Tests.UsersServiceTests.TestAdminAddAutoIncrementUser" computerName="DESKTOP-TJ9D65N" duration="00:00:00.0084007" startTime="2022-10-15T20:34:14.0143272+03:00" endTime="2022-10-15T20:34:14.0143275+03:00" testType="13cdc9d9-ddb5-4fa4-a97d-d965ccfc6d4b" outcome="Passed" testListId="8c84fa94-04c1-424b-9868-57a2d4851a1d" relativeResultsDirectory="50c76859-1883-4fc9-ad74-3c638acb499a" />
    <UnitTestResult executionId="3070061c-4be8-4071-8f00-7b8e94178b49" testId="387c9729-48c1-486e-5e67-f5d11a9f0db8" testName="BL.Tests.CheckPermissionsServiceTests.UnauthorizedHasNoAccessToAdminSkiPatrolFunctions(functionName: &quot;GetLiftsSlopesInfoAsync&quot;)" computerName="DESKTOP-TJ9D65N" duration="00:00:00.0018442" startTime="2022-10-15T20:34:14.0021526+03:00" endTime="2022-10-15T20:34:14.0021528+03:00" testType="13cdc9d9-ddb5-4fa4-a97d-d965ccfc6d4b" outcome="Passed" testListId="8c84fa94-04c1-424b-9868-57a2d4851a1d" relativeResultsDirectory="3070061c-4be8-4071-8f00-7b8e94178b49" />
    <UnitTestResult executionId="5fd0f81b-ba94-4a7d-a028-3cf1134c49cd" testId="75ec3981-ba75-d559-e961-cec2297e533a" testName="BL.Tests.SlopesServiceTest.TestGetSlopesInfoAsync(userID: 209, initialSlopes: [Slope { SlopeID = 226, SlopeName = slopeName9cf7a28e-c610-451c-83d9-fc9245abaf55, IsOpen = True, DifficultyLevel = 206, ConnectedLifts =  }, Slope { SlopeID = 222, SlopeName = slopeName423e0d08-8b90-4039-bcee-63759de14a47, IsOpen = False, DifficultyLevel = 107, ConnectedLifts =  }, Slope { SlopeID = 93, SlopeName = slopeNameb9bd072d-941c-4a56-a5dd-e5fdeddb9148, IsOpen = True, DifficultyLevel = 98, ConnectedLifts =  }], checkPermissionServiceMock: Mock&lt;ICheckPermissionService:7&gt;, slopesRepositoryStub: Mock&lt;ISlopesRepository:5&gt;, liftsSlopesRepositoryStub: Mock&lt;ILiftsSlopesRepository:10&gt;, sut: SlopesService { })" computerName="DESKTOP-TJ9D65N" duration="00:00:00.0182931" startTime="2022-10-15T20:34:14.0043017+03:00" endTime="2022-10-15T20:34:14.0043017+03:00" testType="13cdc9d9-ddb5-4fa4-a97d-d965ccfc6d4b" outcome="Passed" testListId="8c84fa94-04c1-424b-9868-57a2d4851a1d" relativeResultsDirectory="5fd0f81b-ba94-4a7d-a028-3cf1134c49cd" />
    <UnitTestResult executionId="baa69c5f-0f22-4787-bfa8-1157ed8b17ab" testId="894941c1-bfa7-d8f9-c047-1e1ceefe2c2f" testName="BL.Tests.UsersServiceTests.TestRegisterUserWithRepeatedEmail" computerName="DESKTOP-TJ9D65N" duration="00:00:00.0037266" startTime="2022-10-15T20:34:14.0041115+03:00" endTime="2022-10-15T20:34:14.0041115+03:00" testType="13cdc9d9-ddb5-4fa4-a97d-d965ccfc6d4b" outcome="Passed" testListId="8c84fa94-04c1-424b-9868-57a2d4851a1d" relativeResultsDirectory="baa69c5f-0f22-4787-bfa8-1157ed8b17ab" />
    <UnitTestResult executionId="082cd523-22a2-4a8c-9cff-4859e08cd121" testId="1ca07ad8-f799-c5d4-e7cc-34fd950198a2" testName="BL.Tests.UsersServiceTests.TestLogInOk" computerName="DESKTOP-TJ9D65N" duration="00:00:00.0023717" startTime="2022-10-15T20:34:14.0068221+03:00" endTime="2022-10-15T20:34:14.0068221+03:00" testType="13cdc9d9-ddb5-4fa4-a97d-d965ccfc6d4b" outcome="Passed" testListId="8c84fa94-04c1-424b-9868-57a2d4851a1d" relativeResultsDirectory="082cd523-22a2-4a8c-9cff-4859e08cd121" />
    <UnitTestResult executionId="427ff8db-7920-43a9-ab79-37bfd5421f35" testId="eaabd2fc-2f4b-5689-59c8-c7ad34a8f634" testName="BL.Tests.CheckPermissionsServiceTests.UnauthorizedHasNoAccessToAuthorizedFunctions(functionName: &quot;SendMessageAsync&quot;)" computerName="DESKTOP-TJ9D65N" duration="00:00:00.0029572" startTime="2022-10-15T20:34:14.0040904+03:00" endTime="2022-10-15T20:34:14.0040904+03:00" testType="13cdc9d9-ddb5-4fa4-a97d-d965ccfc6d4b" outcome="Passed" testListId="8c84fa94-04c1-424b-9868-57a2d4851a1d" relativeResultsDirectory="427ff8db-7920-43a9-ab79-37bfd5421f35" />
    <UnitTestResult executionId="d75e4e11-ca97-4ebf-a10e-99f5bfa271b9" testId="b5a5abd0-0f95-b283-605c-813936817efc" testName="BL.Tests.LiftsServiceTest.TestAdminAddAutoIncrementLiftAsync(userID: 124, lift: Lift { LiftID = 245, LiftName = liftName0d7f90b7-8fe5-4e58-8f8e-e9e7710cd985, IsOpen = True, SeatsAmount = 96, LiftingTime = 90, QueueTime = 65, ConnectedSlopes =  }, checkPermissionServiceMock: Mock&lt;ICheckPermissionService:5&gt;, liftsRepositoryStub: Mock&lt;ILiftsRepository:5&gt;, sut: LiftsService { })" computerName="DESKTOP-TJ9D65N" duration="00:00:00.0122851" startTime="2022-10-15T20:34:14.0040642+03:00" endTime="2022-10-15T20:34:14.0040643+03:00" testType="13cdc9d9-ddb5-4fa4-a97d-d965ccfc6d4b" outcome="Passed" testListId="8c84fa94-04c1-424b-9868-57a2d4851a1d" relativeResultsDirectory="d75e4e11-ca97-4ebf-a10e-99f5bfa271b9" />
    <UnitTestResult executionId="952c8329-4549-4c5b-9f1e-7ab74dea54bc" testId="c36970dc-93f7-753e-fa47-157133b01644" testName="BL.Tests.CheckPermissionsServiceTests.SkiPatrolHasAccessToAdminSkiPatrolFunctions(functionName: &quot;GetMessagesAsync&quot;)" computerName="DESKTOP-TJ9D65N" duration="00:00:00.0015200" startTime="2022-10-15T20:34:14.0060079+03:00" endTime="2022-10-15T20:34:14.0060080+03:00" testType="13cdc9d9-ddb5-4fa4-a97d-d965ccfc6d4b" outcome="Passed" testListId="8c84fa94-04c1-424b-9868-57a2d4851a1d" relativeResultsDirectory="952c8329-4549-4c5b-9f1e-7ab74dea54bc" />
    <UnitTestResult executionId="f87607e8-8db6-4ea9-80e7-f604d7f775c6" testId="20ad8570-0170-85de-dcd7-2f109dd7bcd6" testName="BL.Tests.UsersServiceTests.TestAdminGetUsers" computerName="DESKTOP-TJ9D65N" duration="00:00:00.0360200" startTime="2022-10-15T20:34:13.9194407+03:00" endTime="2022-10-15T20:34:13.9194408+03:00" testType="13cdc9d9-ddb5-4fa4-a97d-d965ccfc6d4b" outcome="Passed" testListId="8c84fa94-04c1-424b-9868-57a2d4851a1d" relativeResultsDirectory="f87607e8-8db6-4ea9-80e7-f604d7f775c6" />
    <UnitTestResult executionId="c49889b9-2ced-4cd4-96db-c493b48b3341" testId="644ec43e-70cd-c82d-42e7-0d990be1414d" testName="BL.Tests.CheckPermissionsServiceTests.AuthorizedHasAccessToAuthorizedFunctions(functionName: &quot;SendMessageAsync&quot;)" computerName="DESKTOP-TJ9D65N" duration="00:00:00.0027019" startTime="2022-10-15T20:34:14.0191372+03:00" endTime="2022-10-15T20:34:14.0191373+03:00" testType="13cdc9d9-ddb5-4fa4-a97d-d965ccfc6d4b" outcome="Passed" testListId="8c84fa94-04c1-424b-9868-57a2d4851a1d" relativeResultsDirectory="c49889b9-2ced-4cd4-96db-c493b48b3341" />
    <UnitTestResult executionId="6ce6c9a3-047c-4c14-a916-a21c5270c243" testId="492c0393-35b4-df26-a537-21ca08302f3c" testName="BL.Tests.CheckPermissionsServiceTests.SkiPatrolHasNoAccessToAdminFunctions" computerName="DESKTOP-TJ9D65N" duration="00:00:00.0023655" startTime="2022-10-15T20:34:14.0328165+03:00" endTime="2022-10-15T20:34:14.0328167+03:00" testType="13cdc9d9-ddb5-4fa4-a97d-d965ccfc6d4b" outcome="Passed" testListId="8c84fa94-04c1-424b-9868-57a2d4851a1d" relativeResultsDirectory="6ce6c9a3-047c-4c14-a916-a21c5270c243" />
    <UnitTestResult executionId="9eba16f0-feaa-4d01-93e2-67a3fd4fba37" testId="18fa8c62-e27d-e1fc-8182-4d7db62b008d" testName="BL.Tests.UsersServiceTests.TestAdminDeleteUser" computerName="DESKTOP-TJ9D65N" duration="00:00:00.0024227" startTime="2022-10-15T20:34:14.0273045+03:00" endTime="2022-10-15T20:34:14.0273047+03:00" testType="13cdc9d9-ddb5-4fa4-a97d-d965ccfc6d4b" outcome="Passed" testListId="8c84fa94-04c1-424b-9868-57a2d4851a1d" relativeResultsDirectory="9eba16f0-feaa-4d01-93e2-67a3fd4fba37" />
    <UnitTestResult executionId="72db7bb4-f787-4326-b252-3ce6aa0f534c" testId="e2d7e5be-3dae-33ae-fb17-c704b6fd58d6" testName="BL.Tests.CheckPermissionsServiceTests.UnauthorizedHasNoAccessToAdminFunctions" computerName="DESKTOP-TJ9D65N" duration="00:00:00.0028982" startTime="2022-10-15T20:34:14.0281255+03:00" endTime="2022-10-15T20:34:14.0281256+03:00" testType="13cdc9d9-ddb5-4fa4-a97d-d965ccfc6d4b" outcome="Passed" testListId="8c84fa94-04c1-424b-9868-57a2d4851a1d" relativeResultsDirectory="72db7bb4-f787-4326-b252-3ce6aa0f534c" />
    <UnitTestResult executionId="a5202db8-9a77-4ac9-98af-23d53cea63ba" testId="aa4038ae-7d36-950a-d71c-81f33bc239bb" testName="BL.Tests.SlopesServiceTest.TestGetSlopeInfoAsync(userID: 221, slope: Slope { SlopeID = 159, SlopeName = slopeNamede04fd5e-1b78-4520-b454-be56fb4819e5, IsOpen = True, DifficultyLevel = 88, ConnectedLifts =  }, checkPermissionServiceMock: Mock&lt;ICheckPermissionService:6&gt;, slopesRepositoryStub: Mock&lt;ISlopesRepository:4&gt;, liftsSlopesRepositoryStub: Mock&lt;ILiftsSlopesRepository:9&gt;, sut: SlopesService { })" computerName="DESKTOP-TJ9D65N" duration="00:00:00.0082906" startTime="2022-10-15T20:34:14.0057744+03:00" endTime="2022-10-15T20:34:14.0057745+03:00" testType="13cdc9d9-ddb5-4fa4-a97d-d965ccfc6d4b" outcome="Passed" testListId="8c84fa94-04c1-424b-9868-57a2d4851a1d" relativeResultsDirectory="a5202db8-9a77-4ac9-98af-23d53cea63ba" />
    <UnitTestResult executionId="49b1d4b0-8657-418b-a191-25d6b1501a94" testId="3ce507e5-ba56-126d-b0d4-918fa348eeda" testName="BL.Tests.LiftsSlopesServiceTests.TestAdminAddAutoIncrementLiftSlopeAsync(lift: Lift { LiftID = 84, LiftName = liftNamebc63962f-1b83-4955-a233-de5b518a81fe, IsOpen = True, SeatsAmount = 132, LiftingTime = 138, QueueTime = 134, ConnectedSlopes =  }, slope: Slope { SlopeID = 136, SlopeName = slopeName58304cb9-54f9-4f47-954b-3698ba87314f, IsOpen = False, DifficultyLevel = 67, ConnectedLifts =  }, slopesRepositoryStub: Mock&lt;ISlopesRepository:3&gt;, liftsRepositoryStub: Mock&lt;ILiftsRepository:8&gt;, liftsSlopesRepositoryStub: Mock&lt;ILiftsSlopesRepository:8&gt;)" computerName="DESKTOP-TJ9D65N" duration="00:00:00.0303006" startTime="2022-10-15T20:34:13.9193612+03:00" endTime="2022-10-15T20:34:13.9193613+03:00" testType="13cdc9d9-ddb5-4fa4-a97d-d965ccfc6d4b" outcome="Passed" testListId="8c84fa94-04c1-424b-9868-57a2d4851a1d" relativeResultsDirectory="49b1d4b0-8657-418b-a191-25d6b1501a94" />
    <UnitTestResult executionId="97994154-87cb-469f-9274-a5eb6c1effbc" testId="0eeef75f-6e38-7893-a8fe-cff3e0a970a7" testName="BL.Tests.UsersServiceTests.TestRegisterOk" computerName="DESKTOP-TJ9D65N" duration="00:00:00.0090383" startTime="2022-10-15T20:34:14.0060511+03:00" endTime="2022-10-15T20:34:14.0060512+03:00" testType="13cdc9d9-ddb5-4fa4-a97d-d965ccfc6d4b" outcome="Passed" testListId="8c84fa94-04c1-424b-9868-57a2d4851a1d" relativeResultsDirectory="97994154-87cb-469f-9274-a5eb6c1effbc" />
    <UnitTestResult executionId="df849bcf-0868-4cc5-ab50-0a0a543ab039" testId="0570298b-cbd6-a84b-84b5-7ee05ec1a55f" testName="BL.Tests.SlopesServiceTest.TestAdminDeleteSlopeAsync(userID: 124, slope: Slope { SlopeID = 42, SlopeName = slopeName5f274218-1d35-4510-828d-fbb51bfcd6f6, IsOpen = True, DifficultyLevel = 108, ConnectedLifts =  }, checkPermissionServiceMock: Mock&lt;ICheckPermissionService:9&gt;, slopesRepositoryStub: Mock&lt;ISlopesRepository:7&gt;, liftsSlopesRepositoryStub: Mock&lt;ILiftsSlopesRepository:12&gt;, sut: SlopesService { })" computerName="DESKTOP-TJ9D65N" duration="00:00:00.0050927" startTime="2022-10-15T20:34:14.0128993+03:00" endTime="2022-10-15T20:34:14.0128994+03:00" testType="13cdc9d9-ddb5-4fa4-a97d-d965ccfc6d4b" outcome="Passed" testListId="8c84fa94-04c1-424b-9868-57a2d4851a1d" relativeResultsDirectory="df849bcf-0868-4cc5-ab50-0a0a543ab039" />
    <UnitTestResult executionId="214315d1-78f9-41ba-ad50-3d53cce93fb5" testId="d6e61488-1bcc-91e3-9ef4-fa911befd3e1" testName="BL.Tests.LiftsServiceTest.TestGetLiftInfoAsync(userID: 7, lift: Lift { LiftID = 117, LiftName = liftName72f5ee13-1fd4-43a7-be89-e99673052422, IsOpen = True, SeatsAmount = 219, LiftingTime = 136, QueueTime = 27, ConnectedSlopes =  }, checkPermissionServiceMock: Mock&lt;ICheckPermissionService:1&gt;, liftsRepositoryStub: Mock&lt;ILiftsRepository:1&gt;, liftsSlopesRepositoryStub: Mock&lt;ILiftsSlopesRepository:1&gt;, sut: LiftsService { })" computerName="DESKTOP-TJ9D65N" duration="00:00:00.0083497" startTime="2022-10-15T20:34:14.0050800+03:00" endTime="2022-10-15T20:34:14.0050801+03:00" testType="13cdc9d9-ddb5-4fa4-a97d-d965ccfc6d4b" outcome="Passed" testListId="8c84fa94-04c1-424b-9868-57a2d4851a1d" relativeResultsDirectory="214315d1-78f9-41ba-ad50-3d53cce93fb5" />
    <UnitTestResult executionId="5cc13c4c-f1d9-42de-9c6f-a78530001dbb" testId="3851f154-1a55-bdfe-69c4-619c9ce4546b" testName="BL.Tests.LiftsServiceTest.TestUpdateLiftInfoAsync(userID: 81, lift: Lift { LiftID = 22, LiftName = liftNameb49e5e30-c38d-4492-8beb-7c303210ca2a, IsOpen = True, SeatsAmount = 18, LiftingTime = 100, QueueTime = 70, ConnectedSlopes =  }, checkPermissionServiceMock: Mock&lt;ICheckPermissionService:3&gt;, liftsRepositoryStub: Mock&lt;ILiftsRepository:3&gt;, sut: LiftsService { })" computerName="DESKTOP-TJ9D65N" duration="00:00:00.0067723" startTime="2022-10-15T20:34:14.0059093+03:00" endTime="2022-10-15T20:34:14.0059094+03:00" testType="13cdc9d9-ddb5-4fa4-a97d-d965ccfc6d4b" outcome="Passed" testListId="8c84fa94-04c1-424b-9868-57a2d4851a1d" relativeResultsDirectory="5cc13c4c-f1d9-42de-9c6f-a78530001dbb" />
    <UnitTestResult executionId="3bc5bc78-a090-47e6-bd14-39e7e78bd551" testId="4f297306-d4f3-8d63-e7f4-1ac0b8c58c74" testName="BL.Tests.CheckPermissionsServiceTests.AuthorizedHasNoAccessToAdminSkiPatrolFunctions(functionName: &quot;GetLiftsSlopesInfoAsync&quot;)" computerName="DESKTOP-TJ9D65N" duration="00:00:00.0014287" startTime="2022-10-15T20:34:14.0134294+03:00" endTime="2022-10-15T20:34:14.0134295+03:00" testType="13cdc9d9-ddb5-4fa4-a97d-d965ccfc6d4b" outcome="Passed" testListId="8c84fa94-04c1-424b-9868-57a2d4851a1d" relativeResultsDirectory="3bc5bc78-a090-47e6-bd14-39e7e78bd551" />
    <UnitTestResult executionId="95e948c9-9f11-4226-a60b-49df2383d055" testId="69340bb6-3645-f9dd-971e-29d8b2a009bb" testName="BL.Tests.UsersServiceTests.TestLogInWithWrongPassword" computerName="DESKTOP-TJ9D65N" duration="00:00:00.0023921" startTime="2022-10-15T20:34:14.0068942+03:00" endTime="2022-10-15T20:34:14.0068943+03:00" testType="13cdc9d9-ddb5-4fa4-a97d-d965ccfc6d4b" outcome="Passed" testListId="8c84fa94-04c1-424b-9868-57a2d4851a1d" relativeResultsDirectory="95e948c9-9f11-4226-a60b-49df2383d055" />
    <UnitTestResult executionId="1b9b9366-f107-441a-bcb1-6e3dde824e39" testId="fa960c5e-f989-2880-784e-8efe538c5231" testName="BL.Tests.CheckPermissionsServiceTests.UnauthorizedHasNoAccessToAuthorizedFunctions(functionName: &quot;LogOutAsync&quot;)" computerName="DESKTOP-TJ9D65N" duration="00:00:00.0014889" startTime="2022-10-15T20:34:14.0048388+03:00" endTime="2022-10-15T20:34:14.0048389+03:00" testType="13cdc9d9-ddb5-4fa4-a97d-d965ccfc6d4b" outcome="Passed" testListId="8c84fa94-04c1-424b-9868-57a2d4851a1d" relativeResultsDirectory="1b9b9366-f107-441a-bcb1-6e3dde824e39" />
    <UnitTestResult executionId="ad473beb-0985-456b-949b-1f95e84103b4" testId="f44a1b21-8efc-bfac-63b4-d534442def31" testName="BL.Tests.UsersServiceTests.TestRegisterUserWithNoPassword" computerName="DESKTOP-TJ9D65N" duration="00:00:00.0014911" startTime="2022-10-15T20:34:14.0026102+03:00" endTime="2022-10-15T20:34:14.0026102+03:00" testType="13cdc9d9-ddb5-4fa4-a97d-d965ccfc6d4b" outcome="Passed" testListId="8c84fa94-04c1-424b-9868-57a2d4851a1d" relativeResultsDirectory="ad473beb-0985-456b-949b-1f95e84103b4" />
    <UnitTestResult executionId="cb31ab18-6efa-4084-8ed7-99a3955e522a" testId="2602613f-c8e2-a6d9-fcf7-5b27d4a770a6" testName="BL.Tests.CheckPermissionsServiceTests.AuthorizedHasNoAccessToAdminSkiPatrolFunctions(functionName: &quot;GetMessagesAsync&quot;)" computerName="DESKTOP-TJ9D65N" duration="00:00:00.0028314" startTime="2022-10-15T20:34:14.0069064+03:00" endTime="2022-10-15T20:34:14.0069064+03:00" testType="13cdc9d9-ddb5-4fa4-a97d-d965ccfc6d4b" outcome="Passed" testListId="8c84fa94-04c1-424b-9868-57a2d4851a1d" relativeResultsDirectory="cb31ab18-6efa-4084-8ed7-99a3955e522a" />
    <UnitTestResult executionId="0b709b0b-03cc-4196-a944-cbf329edc524" testId="41d42a60-ad3e-0b8e-4d50-50f36892c2cc" testName="BL.Tests.LiftsSlopesServiceTests.TestAdminDeleteLiftSlopeAsync(lift: Lift { LiftID = 95, LiftName = liftNameacad4010-dd5d-4b8a-aa9f-33cfda21040d, IsOpen = True, SeatsAmount = 189, LiftingTime = 23, QueueTime = 120, ConnectedSlopes =  }, slope: Slope { SlopeID = 172, SlopeName = slopeName2e7fb98c-a1ea-444b-975a-3b4e5dd280e7, IsOpen = False, DifficultyLevel = 68, ConnectedLifts =  }, slopesRepositoryStub: Mock&lt;ISlopesRepository:2&gt;, liftsRepositoryStub: Mock&lt;ILiftsRepository:7&gt;, liftsSlopesRepositoryStub: Mock&lt;ILiftsSlopesRepository:7&gt;)" computerName="DESKTOP-TJ9D65N" duration="00:00:00.0062075" startTime="2022-10-15T20:34:14.0025644+03:00" endTime="2022-10-15T20:34:14.0025645+03:00" testType="13cdc9d9-ddb5-4fa4-a97d-d965ccfc6d4b" outcome="Passed" testListId="8c84fa94-04c1-424b-9868-57a2d4851a1d" relativeResultsDirectory="0b709b0b-03cc-4196-a944-cbf329edc524" />
    <UnitTestResult executionId="86702dfd-5afc-4948-ae5e-6241c7e75c64" testId="aa28a6b3-21d3-aa45-24d3-bef2facbc899" testName="BL.Tests.CheckPermissionsServiceTests.AuthorizedHasAccessToAuthorizedFunctions(functionName: &quot;LogOutAsync&quot;)" computerName="DESKTOP-TJ9D65N" duration="00:00:00.0009421" startTime="2022-10-15T20:34:14.0225466+03:00" endTime="2022-10-15T20:34:14.0225469+03:00" testType="13cdc9d9-ddb5-4fa4-a97d-d965ccfc6d4b" outcome="Passed" testListId="8c84fa94-04c1-424b-9868-57a2d4851a1d" relativeResultsDirectory="86702dfd-5afc-4948-ae5e-6241c7e75c64" />
    <UnitTestResult executionId="66b0cd38-89a8-429c-b6b1-ce0a465022d8" testId="d9ea10e3-c63f-12b4-7832-d484b7933c85" testName="BL.Tests.TurnstilesServiceTest.TestAdminDeleteTurnstileAsync(userID: 46, turnstile: Turnstile { TurnstileID = 166, LiftID = 109, IsOpen = True }, checkPermissionServiceMock: Mock&lt;ICheckPermissionService:15&gt;, turnstilesRepositoryStub: Mock&lt;ITurnstilesRepository:9&gt;, sut: TurnstilesService { })" computerName="DESKTOP-TJ9D65N" duration="00:00:00.0301585" startTime="2022-10-15T20:34:13.9156847+03:00" endTime="2022-10-15T20:34:13.9157068+03:00" testType="13cdc9d9-ddb5-4fa4-a97d-d965ccfc6d4b" outcome="Passed" testListId="8c84fa94-04c1-424b-9868-57a2d4851a1d" relativeResultsDirectory="66b0cd38-89a8-429c-b6b1-ce0a465022d8" />
    <UnitTestResult executionId="1aa2b18c-0424-4a4e-801f-80e53799e318" testId="e5497347-2721-b7a6-0bd4-69a9921f6947" testName="BL.Tests.UsersServiceTests.TestAdminGetUserByIDAsync" computerName="DESKTOP-TJ9D65N" duration="00:00:00.0047324" startTime="2022-10-15T20:34:14.0219433+03:00" endTime="2022-10-15T20:34:14.0219434+03:00" testType="13cdc9d9-ddb5-4fa4-a97d-d965ccfc6d4b" outcome="Passed" testListId="8c84fa94-04c1-424b-9868-57a2d4851a1d" relativeResultsDirectory="1aa2b18c-0424-4a4e-801f-80e53799e318" />
  </Results>
  <TestDefinitions>
    <UnitTest name="BL.Tests.CheckPermissionsServiceTests.AuthorizedHasNoAccessToAdminSkiPatrolFunctions(functionName: &quot;MarkMessageReadByUserAsync&quot;)" storage="c:\users\alena\desktop\7_sem\testing_and_debugging\skiresort\bl.tests\bin\debug\net6.0\bl.tests.dll" id="9c7df5e2-1b23-ebea-889f-b78ca86b60ab">
      <Execution id="0fbd3957-97ac-4c36-bc30-0fc09d3837a0" />
      <TestMethod codeBase="C:\Users\alena\Desktop\7_sem\testing_and_debugging\SkiResort\BL.Tests\bin\Debug\net6.0\BL.Tests.dll" adapterTypeName="executor://xunit/VsTestRunner2/netcoreapp" className="BL.Tests.CheckPermissionsServiceTests" name="AuthorizedHasNoAccessToAdminSkiPatrolFunctions" />
    </UnitTest>
    <UnitTest name="BL.Tests.CheckPermissionsServiceTests.UnauthorizedHasNoAccessToAdminSkiPatrolFunctions(functionName: &quot;MarkMessageReadByUserAsync&quot;)" storage="c:\users\alena\desktop\7_sem\testing_and_debugging\skiresort\bl.tests\bin\debug\net6.0\bl.tests.dll" id="a19a5fcf-c5d2-7d44-5d7d-84403042f4e0">
      <Execution id="7829776b-d273-4696-b15d-d872a61e5894" />
      <TestMethod codeBase="C:\Users\alena\Desktop\7_sem\testing_and_debugging\SkiResort\BL.Tests\bin\Debug\net6.0\BL.Tests.dll" adapterTypeName="executor://xunit/VsTestRunner2/netcoreapp" className="BL.Tests.CheckPermissionsServiceTests" name="UnauthorizedHasNoAccessToAdminSkiPatrolFunctions" />
    </UnitTest>
    <UnitTest name="BL.Tests.SlopesServiceTest.TestGetSlopeInfoAsync(userID: 221, slope: Slope { SlopeID = 159, SlopeName = slopeNamede04fd5e-1b78-4520-b454-be56fb4819e5, IsOpen = True, DifficultyLevel = 88, ConnectedLifts =  }, checkPermissionServiceMock: Mock&lt;ICheckPermissionService:6&gt;, slopesRepositoryStub: Mock&lt;ISlopesRepository:4&gt;, liftsSlopesRepositoryStub: Mock&lt;ILiftsSlopesRepository:9&gt;, sut: SlopesService { })" storage="c:\users\alena\desktop\7_sem\testing_and_debugging\skiresort\bl.tests\bin\debug\net6.0\bl.tests.dll" id="aa4038ae-7d36-950a-d71c-81f33bc239bb">
      <Execution id="a5202db8-9a77-4ac9-98af-23d53cea63ba" />
      <TestMethod codeBase="C:\Users\alena\Desktop\7_sem\testing_and_debugging\SkiResort\BL.Tests\bin\Debug\net6.0\BL.Tests.dll" adapterTypeName="executor://xunit/VsTestRunner2/netcoreapp" className="BL.Tests.SlopesServiceTest" name="TestGetSlopeInfoAsync" />
    </UnitTest>
    <UnitTest name="BL.Tests.LiftsServiceTest.TestGetLiftsInfoAsync(userID: 183, initialLifts: [Lift { LiftID = 219, LiftName = liftName84a8e806-bdf0-4d98-81a3-397d09bd4237, IsOpen = True, SeatsAmount = 14, LiftingTime = 128, QueueTime = 218, ConnectedSlopes =  }, Lift { LiftID = 146, LiftName = liftName95abbc29-a1c8-4cac-83fd-e0567bc10b45, IsOpen = False, SeatsAmount = 67, LiftingTime = 191, QueueTime = 246, ConnectedSlopes =  }, Lift { LiftID = 138, LiftName..." storage="c:\users\alena\desktop\7_sem\testing_and_debugging\skiresort\bl.tests\bin\debug\net6.0\bl.tests.dll" id="2c4c39d3-5db1-9bbc-06bb-37aaccda78f7">
      <Execution id="474cb159-a597-4342-9375-e89e6980cb2f" />
      <TestMethod codeBase="C:\Users\alena\Desktop\7_sem\testing_and_debugging\SkiResort\BL.Tests\bin\Debug\net6.0\BL.Tests.dll" adapterTypeName="executor://xunit/VsTestRunner2/netcoreapp" className="BL.Tests.LiftsServiceTest" name="TestGetLiftsInfoAsync" />
    </UnitTest>
    <UnitTest name="BL.Tests.CheckPermissionsServiceTests.AuthorizedHasNoAccessToAdminFunctions" storage="c:\users\alena\desktop\7_sem\testing_and_debugging\skiresort\bl.tests\bin\debug\net6.0\bl.tests.dll" id="a2e59116-cb53-1d70-9cb8-21c286516866">
      <Execution id="98d6a698-94bf-46ca-a440-0811cb1b7cdd" />
      <TestMethod codeBase="C:\Users\alena\Desktop\7_sem\testing_and_debugging\SkiResort\BL.Tests\bin\Debug\net6.0\BL.Tests.dll" adapterTypeName="executor://xunit/VsTestRunner2/netcoreapp" className="BL.Tests.CheckPermissionsServiceTests" name="AuthorizedHasNoAccessToAdminFunctions" />
    </UnitTest>
    <UnitTest name="BL.Tests.CheckPermissionsServiceTests.SkiPatrolHasAccessToAdminSkiPatrolFunctions(functionName: &quot;GetMessagesAsync&quot;)" storage="c:\users\alena\desktop\7_sem\testing_and_debugging\skiresort\bl.tests\bin\debug\net6.0\bl.tests.dll" id="c36970dc-93f7-753e-fa47-157133b01644">
      <Execution id="952c8329-4549-4c5b-9f1e-7ab74dea54bc" />
      <TestMethod codeBase="C:\Users\alena\Desktop\7_sem\testing_and_debugging\SkiResort\BL.Tests\bin\Debug\net6.0\BL.Tests.dll" adapterTypeName="executor://xunit/VsTestRunner2/netcoreapp" className="BL.Tests.CheckPermissionsServiceTests" name="SkiPatrolHasAccessToAdminSkiPatrolFunctions" />
    </UnitTest>
    <UnitTest name="BL.Tests.CheckPermissionsServiceTests.AuthorizedHasNoAccessToAdminSkiPatrolFunctions(functionName: &quot;GetMessagesAsync&quot;)" storage="c:\users\alena\desktop\7_sem\testing_and_debugging\skiresort\bl.tests\bin\debug\net6.0\bl.tests.dll" id="2602613f-c8e2-a6d9-fcf7-5b27d4a770a6">
      <Execution id="cb31ab18-6efa-4084-8ed7-99a3955e522a" />
      <TestMethod codeBase="C:\Users\alena\Desktop\7_sem\testing_and_debugging\SkiResort\BL.Tests\bin\Debug\net6.0\BL.Tests.dll" adapterTypeName="executor://xunit/VsTestRunner2/netcoreapp" className="BL.Tests.CheckPermissionsServiceTests" name="AuthorizedHasNoAccessToAdminSkiPatrolFunctions" />
    </UnitTest>
    <UnitTest name="BL.Tests.CheckPermissionsServiceTests.AdminHasAccessToAllFunctions" storage="c:\users\alena\desktop\7_sem\testing_and_debugging\skiresort\bl.tests\bin\debug\net6.0\bl.tests.dll" id="f3efc418-a8a6-c7b7-9bac-90b33aa8472f">
      <Execution id="d9e86cd8-4132-4c9f-8a73-ebf7317e1741" />
      <TestMethod codeBase="C:\Users\alena\Desktop\7_sem\testing_and_debugging\SkiResort\BL.Tests\bin\Debug\net6.0\BL.Tests.dll" adapterTypeName="executor://xunit/VsTestRunner2/netcoreapp" className="BL.Tests.CheckPermissionsServiceTests" name="AdminHasAccessToAllFunctions" />
    </UnitTest>
    <UnitTest name="BL.Tests.UsersServiceTests.TestRegisterUserWithNoPassword" storage="c:\users\alena\desktop\7_sem\testing_and_debugging\skiresort\bl.tests\bin\debug\net6.0\bl.tests.dll" id="f44a1b21-8efc-bfac-63b4-d534442def31">
      <Execution id="ad473beb-0985-456b-949b-1f95e84103b4" />
      <TestMethod codeBase="C:\Users\alena\Desktop\7_sem\testing_and_debugging\SkiResort\BL.Tests\bin\Debug\net6.0\BL.Tests.dll" adapterTypeName="executor://xunit/VsTestRunner2/netcoreapp" className="BL.Tests.UsersServiceTests" name="TestRegisterUserWithNoPassword" />
    </UnitTest>
    <UnitTest name="BL.Tests.UsersServiceTests.TestAdminGetUserByIDAsync" storage="c:\users\alena\desktop\7_sem\testing_and_debugging\skiresort\bl.tests\bin\debug\net6.0\bl.tests.dll" id="e5497347-2721-b7a6-0bd4-69a9921f6947">
      <Execution id="1aa2b18c-0424-4a4e-801f-80e53799e318" />
      <TestMethod codeBase="C:\Users\alena\Desktop\7_sem\testing_and_debugging\SkiResort\BL.Tests\bin\Debug\net6.0\BL.Tests.dll" adapterTypeName="executor://xunit/VsTestRunner2/netcoreapp" className="BL.Tests.UsersServiceTests" name="TestAdminGetUserByIDAsync" />
    </UnitTest>
    <UnitTest name="BL.Tests.LiftsSlopesServiceTests.TestAdminDeleteLiftSlopeAsync(lift: Lift { LiftID = 95, LiftName = liftNameacad4010-dd5d-4b8a-aa9f-33cfda21040d, IsOpen = True, SeatsAmount = 189, LiftingTime = 23, QueueTime = 120, ConnectedSlopes =  }, slope: Slope { SlopeID = 172, SlopeName = slopeName2e7fb98c-a1ea-444b-975a-3b4e5dd280e7, IsOpen = False, DifficultyLevel = 68, ConnectedLifts =  }, slopesRepositoryStub: Mock&lt;ISlopesRepository:2&gt;, liftsRepos..." storage="c:\users\alena\desktop\7_sem\testing_and_debugging\skiresort\bl.tests\bin\debug\net6.0\bl.tests.dll" id="41d42a60-ad3e-0b8e-4d50-50f36892c2cc">
      <Execution id="0b709b0b-03cc-4196-a944-cbf329edc524" />
      <TestMethod codeBase="C:\Users\alena\Desktop\7_sem\testing_and_debugging\SkiResort\BL.Tests\bin\Debug\net6.0\BL.Tests.dll" adapterTypeName="executor://xunit/VsTestRunner2/netcoreapp" className="BL.Tests.LiftsSlopesServiceTests" name="TestAdminDeleteLiftSlopeAsync" />
    </UnitTest>
    <UnitTest name="BL.Tests.CheckPermissionsServiceTests.UnauthorizedHasNoAccessToAdminSkiPatrolFunctions(functionName: &quot;GetLiftsSlopesInfoAsync&quot;)" storage="c:\users\alena\desktop\7_sem\testing_and_debugging\skiresort\bl.tests\bin\debug\net6.0\bl.tests.dll" id="387c9729-48c1-486e-5e67-f5d11a9f0db8">
      <Execution id="3070061c-4be8-4071-8f00-7b8e94178b49" />
      <TestMethod codeBase="C:\Users\alena\Desktop\7_sem\testing_and_debugging\SkiResort\BL.Tests\bin\Debug\net6.0\BL.Tests.dll" adapterTypeName="executor://xunit/VsTestRunner2/netcoreapp" className="BL.Tests.CheckPermissionsServiceTests" name="UnauthorizedHasNoAccessToAdminSkiPatrolFunctions" />
    </UnitTest>
    <UnitTest name="BL.Tests.SlopesServiceTest.TestAdminAddSlopeAsync(userID: 60, slope: Slope { SlopeID = 47, SlopeName = slopeName1478f7ed-35f0-4d23-9b28-b9fb65a721de, IsOpen = True, DifficultyLevel = 199, ConnectedLifts =  }, checkPermissionServiceMock: Mock&lt;ICheckPermissionService:11&gt;, slopesRepositoryStub: Mock&lt;ISlopesRepository:9&gt;, sut: SlopesService { })" storage="c:\users\alena\desktop\7_sem\testing_and_debugging\skiresort\bl.tests\bin\debug\net6.0\bl.tests.dll" id="73c852b6-f376-ce7f-ba7b-59247074f494">
      <Execution id="3e7d2261-1dad-49bf-8ef8-59eff8277317" />
      <TestMethod codeBase="C:\Users\alena\Desktop\7_sem\testing_and_debugging\SkiResort\BL.Tests\bin\Debug\net6.0\BL.Tests.dll" adapterTypeName="executor://xunit/VsTestRunner2/netcoreapp" className="BL.Tests.SlopesServiceTest" name="TestAdminAddSlopeAsync" />
    </UnitTest>
    <UnitTest name="BL.Tests.UsersServiceTests.TestAdminAddAutoIncrementUser" storage="c:\users\alena\desktop\7_sem\testing_and_debugging\skiresort\bl.tests\bin\debug\net6.0\bl.tests.dll" id="834c739b-eca4-b36d-6a66-5a1bd75377b8">
      <Execution id="50c76859-1883-4fc9-ad74-3c638acb499a" />
      <TestMethod codeBase="C:\Users\alena\Desktop\7_sem\testing_and_debugging\SkiResort\BL.Tests\bin\Debug\net6.0\BL.Tests.dll" adapterTypeName="executor://xunit/VsTestRunner2/netcoreapp" className="BL.Tests.UsersServiceTests" name="TestAdminAddAutoIncrementUser" />
    </UnitTest>
    <UnitTest name="BL.Tests.CheckPermissionsServiceTests.SkiPatrolHasAccessToAdminSkiPatrolFunctions(functionName: &quot;MarkMessageReadByUserAsync&quot;)" storage="c:\users\alena\desktop\7_sem\testing_and_debugging\skiresort\bl.tests\bin\debug\net6.0\bl.tests.dll" id="60bd668f-04df-da5e-b79b-5d9aedb5234d">
      <Execution id="d3eacb99-e264-4942-8c7e-33e7a183766a" />
      <TestMethod codeBase="C:\Users\alena\Desktop\7_sem\testing_and_debugging\SkiResort\BL.Tests\bin\Debug\net6.0\BL.Tests.dll" adapterTypeName="executor://xunit/VsTestRunner2/netcoreapp" className="BL.Tests.CheckPermissionsServiceTests" name="SkiPatrolHasAccessToAdminSkiPatrolFunctions" />
    </UnitTest>
    <UnitTest name="BL.Tests.CheckPermissionsServiceTests.UnauthorizedHasNoAccessToAdminFunctions" storage="c:\users\alena\desktop\7_sem\testing_and_debugging\skiresort\bl.tests\bin\debug\net6.0\bl.tests.dll" id="e2d7e5be-3dae-33ae-fb17-c704b6fd58d6">
      <Execution id="72db7bb4-f787-4326-b252-3ce6aa0f534c" />
      <TestMethod codeBase="C:\Users\alena\Desktop\7_sem\testing_and_debugging\SkiResort\BL.Tests\bin\Debug\net6.0\BL.Tests.dll" adapterTypeName="executor://xunit/VsTestRunner2/netcoreapp" className="BL.Tests.CheckPermissionsServiceTests" name="UnauthorizedHasNoAccessToAdminFunctions" />
    </UnitTest>
    <UnitTest name="BL.Tests.LiftsServiceTest.TestAdminDeleteLiftAsync(userID: 42, lift: Lift { LiftID = 126, LiftName = liftName0b5749e1-dcdd-43ae-a266-8364be38a36f, IsOpen = True, SeatsAmount = 71, LiftingTime = 238, QueueTime = 147, ConnectedSlopes =  }, checkPermissionServiceMock: Mock&lt;ICheckPermissionService:4&gt;, liftsRepositoryStub: Mock&lt;ILiftsRepository:4&gt;, liftsSlopesRepositoryStub: Mock&lt;ILiftsSlopesRepository:4&gt;, sut: LiftsService { })" storage="c:\users\alena\desktop\7_sem\testing_and_debugging\skiresort\bl.tests\bin\debug\net6.0\bl.tests.dll" id="a081bb43-b39d-bcfe-91e6-051206be27b8">
      <Execution id="043f72e4-9205-4124-a691-aed72d2b61e3" />
      <TestMethod codeBase="C:\Users\alena\Desktop\7_sem\testing_and_debugging\SkiResort\BL.Tests\bin\Debug\net6.0\BL.Tests.dll" adapterTypeName="executor://xunit/VsTestRunner2/netcoreapp" className="BL.Tests.LiftsServiceTest" name="TestAdminDeleteLiftAsync" />
    </UnitTest>
    <UnitTest name="BL.Tests.CheckPermissionsServiceTests.SkiPatrolHasAccessToAdminSkiPatrolFunctions(functionName: &quot;GetLiftsSlopesInfoAsync&quot;)" storage="c:\users\alena\desktop\7_sem\testing_and_debugging\skiresort\bl.tests\bin\debug\net6.0\bl.tests.dll" id="2d706594-f2b3-b3c8-21d4-86c9798c3306">
      <Execution id="48df6eda-d4f3-4a46-892a-882b7faed797" />
      <TestMethod codeBase="C:\Users\alena\Desktop\7_sem\testing_and_debugging\SkiResort\BL.Tests\bin\Debug\net6.0\BL.Tests.dll" adapterTypeName="executor://xunit/VsTestRunner2/netcoreapp" className="BL.Tests.CheckPermissionsServiceTests" name="SkiPatrolHasAccessToAdminSkiPatrolFunctions" />
    </UnitTest>
    <UnitTest name="BL.Tests.UsersServiceTests.TestLogInWithWrongPassword" storage="c:\users\alena\desktop\7_sem\testing_and_debugging\skiresort\bl.tests\bin\debug\net6.0\bl.tests.dll" id="69340bb6-3645-f9dd-971e-29d8b2a009bb">
      <Execution id="95e948c9-9f11-4226-a60b-49df2383d055" />
      <TestMethod codeBase="C:\Users\alena\Desktop\7_sem\testing_and_debugging\SkiResort\BL.Tests\bin\Debug\net6.0\BL.Tests.dll" adapterTypeName="executor://xunit/VsTestRunner2/netcoreapp" className="BL.Tests.UsersServiceTests" name="TestLogInWithWrongPassword" />
    </UnitTest>
    <UnitTest name="BL.Tests.CheckPermissionsServiceTests.SkiPatrolHasNoAccessToAdminFunctions" storage="c:\users\alena\desktop\7_sem\testing_and_debugging\skiresort\bl.tests\bin\debug\net6.0\bl.tests.dll" id="492c0393-35b4-df26-a537-21ca08302f3c">
      <Execution id="6ce6c9a3-047c-4c14-a916-a21c5270c243" />
      <TestMethod codeBase="C:\Users\alena\Desktop\7_sem\testing_and_debugging\SkiResort\BL.Tests\bin\Debug\net6.0\BL.Tests.dll" adapterTypeName="executor://xunit/VsTestRunner2/netcoreapp" className="BL.Tests.CheckPermissionsServiceTests" name="SkiPatrolHasNoAccessToAdminFunctions" />
    </UnitTest>
    <UnitTest name="BL.Tests.SlopesServiceTest.TestGetSlopesInfoAsync(userID: 209, initialSlopes: [Slope { SlopeID = 226, SlopeName = slopeName9cf7a28e-c610-451c-83d9-fc9245abaf55, IsOpen = True, DifficultyLevel = 206, ConnectedLifts =  }, Slope { SlopeID = 222, SlopeName = slopeName423e0d08-8b90-4039-bcee-63759de14a47, IsOpen = False, DifficultyLevel = 107, ConnectedLifts =  }, Slope { SlopeID = 93, SlopeName = slopeNameb9bd072d-941c-4a56-a5dd-e5fdeddb9148, I..." storage="c:\users\alena\desktop\7_sem\testing_and_debugging\skiresort\bl.tests\bin\debug\net6.0\bl.tests.dll" id="75ec3981-ba75-d559-e961-cec2297e533a">
      <Execution id="5fd0f81b-ba94-4a7d-a028-3cf1134c49cd" />
      <TestMethod codeBase="C:\Users\alena\Desktop\7_sem\testing_and_debugging\SkiResort\BL.Tests\bin\Debug\net6.0\BL.Tests.dll" adapterTypeName="executor://xunit/VsTestRunner2/netcoreapp" className="BL.Tests.SlopesServiceTest" name="TestGetSlopesInfoAsync" />
    </UnitTest>
    <UnitTest name="BL.Tests.UsersServiceTests.TestAdminDeleteUser" storage="c:\users\alena\desktop\7_sem\testing_and_debugging\skiresort\bl.tests\bin\debug\net6.0\bl.tests.dll" id="18fa8c62-e27d-e1fc-8182-4d7db62b008d">
      <Execution id="9eba16f0-feaa-4d01-93e2-67a3fd4fba37" />
      <TestMethod codeBase="C:\Users\alena\Desktop\7_sem\testing_and_debugging\SkiResort\BL.Tests\bin\Debug\net6.0\BL.Tests.dll" adapterTypeName="executor://xunit/VsTestRunner2/netcoreapp" className="BL.Tests.UsersServiceTests" name="TestAdminDeleteUser" />
    </UnitTest>
    <UnitTest name="BL.Tests.LiftsServiceTest.TestUpdateLiftInfoAsync(userID: 81, lift: Lift { LiftID = 22, LiftName = liftNameb49e5e30-c38d-4492-8beb-7c303210ca2a, IsOpen = True, SeatsAmount = 18, LiftingTime = 100, QueueTime = 70, ConnectedSlopes =  }, checkPermissionServiceMock: Mock&lt;ICheckPermissionService:3&gt;, liftsRepositoryStub: Mock&lt;ILiftsRepository:3&gt;, sut: LiftsService { })" storage="c:\users\alena\desktop\7_sem\testing_and_debugging\skiresort\bl.tests\bin\debug\net6.0\bl.tests.dll" id="3851f154-1a55-bdfe-69c4-619c9ce4546b">
      <Execution id="5cc13c4c-f1d9-42de-9c6f-a78530001dbb" />
      <TestMethod codeBase="C:\Users\alena\Desktop\7_sem\testing_and_debugging\SkiResort\BL.Tests\bin\Debug\net6.0\BL.Tests.dll" adapterTypeName="executor://xunit/VsTestRunner2/netcoreapp" className="BL.Tests.LiftsServiceTest" name="TestUpdateLiftInfoAsync" />
    </UnitTest>
    <UnitTest name="BL.Tests.CheckPermissionsServiceTests.AuthorizedHasAccessToAuthorizedFunctions(functionName: &quot;LogOutAsync&quot;)" storage="c:\users\alena\desktop\7_sem\testing_and_debugging\skiresort\bl.tests\bin\debug\net6.0\bl.tests.dll" id="aa28a6b3-21d3-aa45-24d3-bef2facbc899">
      <Execution id="86702dfd-5afc-4948-ae5e-6241c7e75c64" />
      <TestMethod codeBase="C:\Users\alena\Desktop\7_sem\testing_and_debugging\SkiResort\BL.Tests\bin\Debug\net6.0\BL.Tests.dll" adapterTypeName="executor://xunit/VsTestRunner2/netcoreapp" className="BL.Tests.CheckPermissionsServiceTests" name="AuthorizedHasAccessToAuthorizedFunctions" />
    </UnitTest>
    <UnitTest name="BL.Tests.TurnstilesServiceTest.TestAdminGetTurnstilesAsync(userID: 86, initialTurnstiles: [Turnstile { TurnstileID = 114, LiftID = 252, IsOpen = True }, Turnstile { TurnstileID = 84, LiftID = 77, IsOpen = False }, Turnstile { TurnstileID = 89, LiftID = 233, IsOpen = True }], checkPermissionServiceMock: Mock&lt;ICheckPermissionService:13&gt;, turnstilesRepositoryStub: Mock&lt;ITurnstilesRepository:7&gt;, sut: TurnstilesService { })" storage="c:\users\alena\desktop\7_sem\testing_and_debugging\skiresort\bl.tests\bin\debug\net6.0\bl.tests.dll" id="a8af3aec-b6b8-e908-db73-b6c280a539c4">
      <Execution id="d09099ad-6efe-4092-9603-a063263fbb99" />
      <TestMethod codeBase="C:\Users\alena\Desktop\7_sem\testing_and_debugging\SkiResort\BL.Tests\bin\Debug\net6.0\BL.Tests.dll" adapterTypeName="executor://xunit/VsTestRunner2/netcoreapp" className="BL.Tests.TurnstilesServiceTest" name="TestAdminGetTurnstilesAsync" />
    </UnitTest>
    <UnitTest name="BL.Tests.TurnstilesServiceTest.TestAdminAddAutoIncrementTurnstileAsync(userID: 245, turnstile: Turnstile { TurnstileID = 220, LiftID = 251, IsOpen = True }, checkPermissionServiceMock: Mock&lt;ICheckPermissionService:16&gt;, turnstilesRepositoryStub: Mock&lt;ITurnstilesRepository:10&gt;, sut: TurnstilesService { })" storage="c:\users\alena\desktop\7_sem\testing_and_debugging\skiresort\bl.tests\bin\debug\net6.0\bl.tests.dll" id="d4a48e66-ed6d-176a-dea4-7638b5baf91b">
      <Execution id="e8e6bddc-371e-4d86-afdd-7228f06aa70e" />
      <TestMethod codeBase="C:\Users\alena\Desktop\7_sem\testing_and_debugging\SkiResort\BL.Tests\bin\Debug\net6.0\BL.Tests.dll" adapterTypeName="executor://xunit/VsTestRunner2/netcoreapp" className="BL.Tests.TurnstilesServiceTest" name="TestAdminAddAutoIncrementTurnstileAsync" />
    </UnitTest>
    <UnitTest name="BL.Tests.UsersServiceTests.TestAdminUpdateUser" storage="c:\users\alena\desktop\7_sem\testing_and_debugging\skiresort\bl.tests\bin\debug\net6.0\bl.tests.dll" id="06d0bc3a-24a0-fb7f-4277-e9ae6d21c7dd">
      <Execution id="b7eb8591-a61d-4ad2-bacc-0b416b27ed1a" />
      <TestMethod codeBase="C:\Users\alena\Desktop\7_sem\testing_and_debugging\SkiResort\BL.Tests\bin\Debug\net6.0\BL.Tests.dll" adapterTypeName="executor://xunit/VsTestRunner2/netcoreapp" className="BL.Tests.UsersServiceTests" name="TestAdminUpdateUser" />
    </UnitTest>
    <UnitTest name="BL.Tests.UsersServiceTests.TestLogInOk" storage="c:\users\alena\desktop\7_sem\testing_and_debugging\skiresort\bl.tests\bin\debug\net6.0\bl.tests.dll" id="1ca07ad8-f799-c5d4-e7cc-34fd950198a2">
      <Execution id="082cd523-22a2-4a8c-9cff-4859e08cd121" />
      <TestMethod codeBase="C:\Users\alena\Desktop\7_sem\testing_and_debugging\SkiResort\BL.Tests\bin\Debug\net6.0\BL.Tests.dll" adapterTypeName="executor://xunit/VsTestRunner2/netcoreapp" className="BL.Tests.UsersServiceTests" name="TestLogInOk" />
    </UnitTest>
    <UnitTest name="BL.Tests.UsersServiceTests.TestAdminGetUsers" storage="c:\users\alena\desktop\7_sem\testing_and_debugging\skiresort\bl.tests\bin\debug\net6.0\bl.tests.dll" id="20ad8570-0170-85de-dcd7-2f109dd7bcd6">
      <Execution id="f87607e8-8db6-4ea9-80e7-f604d7f775c6" />
      <TestMethod codeBase="C:\Users\alena\Desktop\7_sem\testing_and_debugging\SkiResort\BL.Tests\bin\Debug\net6.0\BL.Tests.dll" adapterTypeName="executor://xunit/VsTestRunner2/netcoreapp" className="BL.Tests.UsersServiceTests" name="TestAdminGetUsers" />
    </UnitTest>
    <UnitTest name="BL.Tests.CheckPermissionsServiceTests.UnauthorizedHasNoAccessToAdminSkiPatrolFunctions(functionName: &quot;GetMessagesAsync&quot;)" storage="c:\users\alena\desktop\7_sem\testing_and_debugging\skiresort\bl.tests\bin\debug\net6.0\bl.tests.dll" id="229812f5-9a73-5335-11f5-31330d1348a5">
      <Execution id="4e1754c1-546e-4572-ad35-dcabb1115535" />
      <TestMethod codeBase="C:\Users\alena\Desktop\7_sem\testing_and_debugging\SkiResort\BL.Tests\bin\Debug\net6.0\BL.Tests.dll" adapterTypeName="executor://xunit/VsTestRunner2/netcoreapp" className="BL.Tests.CheckPermissionsServiceTests" name="UnauthorizedHasNoAccessToAdminSkiPatrolFunctions" />
    </UnitTest>
    <UnitTest name="BL.Tests.LiftsServiceTest.TestGetLiftInfoAsync(userID: 7, lift: Lift { LiftID = 117, LiftName = liftName72f5ee13-1fd4-43a7-be89-e99673052422, IsOpen = True, SeatsAmount = 219, LiftingTime = 136, QueueTime = 27, ConnectedSlopes =  }, checkPermissionServiceMock: Mock&lt;ICheckPermissionService:1&gt;, liftsRepositoryStub: Mock&lt;ILiftsRepository:1&gt;, liftsSlopesRepositoryStub: Mock&lt;ILiftsSlopesRepository:1&gt;, sut: LiftsService { })" storage="c:\users\alena\desktop\7_sem\testing_and_debugging\skiresort\bl.tests\bin\debug\net6.0\bl.tests.dll" id="d6e61488-1bcc-91e3-9ef4-fa911befd3e1">
      <Execution id="214315d1-78f9-41ba-ad50-3d53cce93fb5" />
      <TestMethod codeBase="C:\Users\alena\Desktop\7_sem\testing_and_debugging\SkiResort\BL.Tests\bin\Debug\net6.0\BL.Tests.dll" adapterTypeName="executor://xunit/VsTestRunner2/netcoreapp" className="BL.Tests.LiftsServiceTest" name="TestGetLiftInfoAsync" />
    </UnitTest>
    <UnitTest name="BL.Tests.TurnstilesServiceTest.TestAdminGetTurnstileAsync(userID: 148, turnstile: Turnstile { TurnstileID = 72, LiftID = 214, IsOpen = True }, checkPermissionServiceMock: Mock&lt;ICheckPermissionService:12&gt;, turnstilesRepositoryStub: Mock&lt;ITurnstilesRepository:6&gt;, sut: TurnstilesService { })" storage="c:\users\alena\desktop\7_sem\testing_and_debugging\skiresort\bl.tests\bin\debug\net6.0\bl.tests.dll" id="da5f976c-3b8e-489a-8a23-105731487204">
      <Execution id="10c6158a-be58-4dc5-8a69-a151e920f61c" />
      <TestMethod codeBase="C:\Users\alena\Desktop\7_sem\testing_and_debugging\SkiResort\BL.Tests\bin\Debug\net6.0\BL.Tests.dll" adapterTypeName="executor://xunit/VsTestRunner2/netcoreapp" className="BL.Tests.TurnstilesServiceTest" name="TestAdminGetTurnstileAsync" />
    </UnitTest>
    <UnitTest name="BL.Tests.LiftsSlopesServiceTests.TestGetLiftsSlopesInfoAsync(liftsSlopes: [LiftSlope { RecordID = 34, LiftID = 97, SlopeID = 160 }, LiftSlope { RecordID = 103, LiftID = 40, SlopeID = 111 }, LiftSlope { RecordID = 126, LiftID = 188, SlopeID = 147 }], slopesRepositoryStub: Mock&lt;ISlopesRepository:1&gt;, liftsRepositoryStub: Mock&lt;ILiftsRepository:6&gt;, liftsSlopesRepositoryStub: Mock&lt;ILiftsSlopesRepository:6&gt;)" storage="c:\users\alena\desktop\7_sem\testing_and_debugging\skiresort\bl.tests\bin\debug\net6.0\bl.tests.dll" id="39be9b5e-0bc4-57dc-37d3-aec6b520299d">
      <Execution id="5a6945d6-39ec-480c-ae2c-4d0aa29c539a" />
      <TestMethod codeBase="C:\Users\alena\Desktop\7_sem\testing_and_debugging\SkiResort\BL.Tests\bin\Debug\net6.0\BL.Tests.dll" adapterTypeName="executor://xunit/VsTestRunner2/netcoreapp" className="BL.Tests.LiftsSlopesServiceTests" name="TestGetLiftsSlopesInfoAsync" />
    </UnitTest>
    <UnitTest name="BL.Tests.SlopesServiceTest.TestAdminAddAutoIncrementSlopeAsync(userID: 4, slope: Slope { SlopeID = 163, SlopeName = slopeNamed8c2b785-f645-4bd7-a83f-55061bc7b782, IsOpen = True, DifficultyLevel = 175, ConnectedLifts =  }, checkPermissionServiceMock: Mock&lt;ICheckPermissionService:10&gt;, slopesRepositoryStub: Mock&lt;ISlopesRepository:8&gt;, sut: SlopesService { })" storage="c:\users\alena\desktop\7_sem\testing_and_debugging\skiresort\bl.tests\bin\debug\net6.0\bl.tests.dll" id="d4857927-5e3c-389f-a4cb-4c823bf8d2a6">
      <Execution id="056cd586-5bbd-4c59-bf6a-7498a8957ed5" />
      <TestMethod codeBase="C:\Users\alena\Desktop\7_sem\testing_and_debugging\SkiResort\BL.Tests\bin\Debug\net6.0\BL.Tests.dll" adapterTypeName="executor://xunit/VsTestRunner2/netcoreapp" className="BL.Tests.SlopesServiceTest" name="TestAdminAddAutoIncrementSlopeAsync" />
    </UnitTest>
    <UnitTest name="BL.Tests.CheckPermissionsServiceTests.AuthorizedHasNoAccessToAdminSkiPatrolFunctions(functionName: &quot;GetLiftsSlopesInfoAsync&quot;)" storage="c:\users\alena\desktop\7_sem\testing_and_debugging\skiresort\bl.tests\bin\debug\net6.0\bl.tests.dll" id="4f297306-d4f3-8d63-e7f4-1ac0b8c58c74">
      <Execution id="3bc5bc78-a090-47e6-bd14-39e7e78bd551" />
      <TestMethod codeBase="C:\Users\alena\Desktop\7_sem\testing_and_debugging\SkiResort\BL.Tests\bin\Debug\net6.0\BL.Tests.dll" adapterTypeName="executor://xunit/VsTestRunner2/netcoreapp" className="BL.Tests.CheckPermissionsServiceTests" name="AuthorizedHasNoAccessToAdminSkiPatrolFunctions" />
    </UnitTest>
    <UnitTest name="BL.Tests.TurnstilesServiceTest.TestAdminUpdateTurnstileAsync(userID: 76, turnstile: Turnstile { TurnstileID = 111, LiftID = 234, IsOpen = True }, checkPermissionServiceMock: Mock&lt;ICheckPermissionService:14&gt;, turnstilesRepositoryStub: Mock&lt;ITurnstilesRepository:8&gt;, sut: TurnstilesService { })" storage="c:\users\alena\desktop\7_sem\testing_and_debugging\skiresort\bl.tests\bin\debug\net6.0\bl.tests.dll" id="196767da-f187-ad6f-0017-8762be9622c6">
      <Execution id="1eba6f2c-3c00-480c-8e45-b3f1d37a6832" />
      <TestMethod codeBase="C:\Users\alena\Desktop\7_sem\testing_and_debugging\SkiResort\BL.Tests\bin\Debug\net6.0\BL.Tests.dll" adapterTypeName="executor://xunit/VsTestRunner2/netcoreapp" className="BL.Tests.TurnstilesServiceTest" name="TestAdminUpdateTurnstileAsync" />
    </UnitTest>
    <UnitTest name="BL.Tests.UsersServiceTests.TestRegisterOk" storage="c:\users\alena\desktop\7_sem\testing_and_debugging\skiresort\bl.tests\bin\debug\net6.0\bl.tests.dll" id="0eeef75f-6e38-7893-a8fe-cff3e0a970a7">
      <Execution id="97994154-87cb-469f-9274-a5eb6c1effbc" />
      <TestMethod codeBase="C:\Users\alena\Desktop\7_sem\testing_and_debugging\SkiResort\BL.Tests\bin\Debug\net6.0\BL.Tests.dll" adapterTypeName="executor://xunit/VsTestRunner2/netcoreapp" className="BL.Tests.UsersServiceTests" name="TestRegisterOk" />
    </UnitTest>
    <UnitTest name="BL.Tests.SlopesServiceTest.TestAdminDeleteSlopeAsync(userID: 124, slope: Slope { SlopeID = 42, SlopeName = slopeName5f274218-1d35-4510-828d-fbb51bfcd6f6, IsOpen = True, DifficultyLevel = 108, ConnectedLifts =  }, checkPermissionServiceMock: Mock&lt;ICheckPermissionService:9&gt;, slopesRepositoryStub: Mock&lt;ISlopesRepository:7&gt;, liftsSlopesRepositoryStub: Mock&lt;ILiftsSlopesRepository:12&gt;, sut: SlopesService { })" storage="c:\users\alena\desktop\7_sem\testing_and_debugging\skiresort\bl.tests\bin\debug\net6.0\bl.tests.dll" id="0570298b-cbd6-a84b-84b5-7ee05ec1a55f">
      <Execution id="df849bcf-0868-4cc5-ab50-0a0a543ab039" />
      <TestMethod codeBase="C:\Users\alena\Desktop\7_sem\testing_and_debugging\SkiResort\BL.Tests\bin\Debug\net6.0\BL.Tests.dll" adapterTypeName="executor://xunit/VsTestRunner2/netcoreapp" className="BL.Tests.SlopesServiceTest" name="TestAdminDeleteSlopeAsync" />
    </UnitTest>
    <UnitTest name="BL.Tests.CheckPermissionsServiceTests.AuthorizedHasAccessToAuthorizedFunctions(functionName: &quot;SendMessageAsync&quot;)" storage="c:\users\alena\desktop\7_sem\testing_and_debugging\skiresort\bl.tests\bin\debug\net6.0\bl.tests.dll" id="644ec43e-70cd-c82d-42e7-0d990be1414d">
      <Execution id="c49889b9-2ced-4cd4-96db-c493b48b3341" />
      <TestMethod codeBase="C:\Users\alena\Desktop\7_sem\testing_and_debugging\SkiResort\BL.Tests\bin\Debug\net6.0\BL.Tests.dll" adapterTypeName="executor://xunit/VsTestRunner2/netcoreapp" className="BL.Tests.CheckPermissionsServiceTests" name="AuthorizedHasAccessToAuthorizedFunctions" />
    </UnitTest>
    <UnitTest name="BL.Tests.CheckPermissionsServiceTests.UnauthorizedHasNoAccessToAuthorizedFunctions(functionName: &quot;LogOutAsync&quot;)" storage="c:\users\alena\desktop\7_sem\testing_and_debugging\skiresort\bl.tests\bin\debug\net6.0\bl.tests.dll" id="fa960c5e-f989-2880-784e-8efe538c5231">
      <Execution id="1b9b9366-f107-441a-bcb1-6e3dde824e39" />
      <TestMethod codeBase="C:\Users\alena\Desktop\7_sem\testing_and_debugging\SkiResort\BL.Tests\bin\Debug\net6.0\BL.Tests.dll" adapterTypeName="executor://xunit/VsTestRunner2/netcoreapp" className="BL.Tests.CheckPermissionsServiceTests" name="UnauthorizedHasNoAccessToAuthorizedFunctions" />
    </UnitTest>
    <UnitTest name="BL.Tests.CheckPermissionsServiceTests.UnauthorizedHasNoAccessToAuthorizedFunctions(functionName: &quot;SendMessageAsync&quot;)" storage="c:\users\alena\desktop\7_sem\testing_and_debugging\skiresort\bl.tests\bin\debug\net6.0\bl.tests.dll" id="eaabd2fc-2f4b-5689-59c8-c7ad34a8f634">
      <Execution id="427ff8db-7920-43a9-ab79-37bfd5421f35" />
      <TestMethod codeBase="C:\Users\alena\Desktop\7_sem\testing_and_debugging\SkiResort\BL.Tests\bin\Debug\net6.0\BL.Tests.dll" adapterTypeName="executor://xunit/VsTestRunner2/netcoreapp" className="BL.Tests.CheckPermissionsServiceTests" name="UnauthorizedHasNoAccessToAuthorizedFunctions" />
    </UnitTest>
    <UnitTest name="BL.Tests.UsersServiceTests.TestRegisterUserWithRepeatedEmail" storage="c:\users\alena\desktop\7_sem\testing_and_debugging\skiresort\bl.tests\bin\debug\net6.0\bl.tests.dll" id="894941c1-bfa7-d8f9-c047-1e1ceefe2c2f">
      <Execution id="baa69c5f-0f22-4787-bfa8-1157ed8b17ab" />
      <TestMethod codeBase="C:\Users\alena\Desktop\7_sem\testing_and_debugging\SkiResort\BL.Tests\bin\Debug\net6.0\BL.Tests.dll" adapterTypeName="executor://xunit/VsTestRunner2/netcoreapp" className="BL.Tests.UsersServiceTests" name="TestRegisterUserWithRepeatedEmail" />
    </UnitTest>
    <UnitTest name="BL.Tests.TurnstilesServiceTest.TestAdminDeleteTurnstileAsync(userID: 46, turnstile: Turnstile { TurnstileID = 166, LiftID = 109, IsOpen = True }, checkPermissionServiceMock: Mock&lt;ICheckPermissionService:15&gt;, turnstilesRepositoryStub: Mock&lt;ITurnstilesRepository:9&gt;, sut: TurnstilesService { })" storage="c:\users\alena\desktop\7_sem\testing_and_debugging\skiresort\bl.tests\bin\debug\net6.0\bl.tests.dll" id="d9ea10e3-c63f-12b4-7832-d484b7933c85">
      <Execution id="66b0cd38-89a8-429c-b6b1-ce0a465022d8" />
      <TestMethod codeBase="C:\Users\alena\Desktop\7_sem\testing_and_debugging\SkiResort\BL.Tests\bin\Debug\net6.0\BL.Tests.dll" adapterTypeName="executor://xunit/VsTestRunner2/netcoreapp" className="BL.Tests.TurnstilesServiceTest" name="TestAdminDeleteTurnstileAsync" />
    </UnitTest>
    <UnitTest name="BL.Tests.LiftsSlopesServiceTests.TestAdminAddAutoIncrementLiftSlopeAsync(lift: Lift { LiftID = 84, LiftName = liftNamebc63962f-1b83-4955-a233-de5b518a81fe, IsOpen = True, SeatsAmount = 132, LiftingTime = 138, QueueTime = 134, ConnectedSlopes =  }, slope: Slope { SlopeID = 136, SlopeName = slopeName58304cb9-54f9-4f47-954b-3698ba87314f, IsOpen = False, DifficultyLevel = 67, ConnectedLifts =  }, slopesRepositoryStub: Mock&lt;ISlopesRepository:3&gt;,..." storage="c:\users\alena\desktop\7_sem\testing_and_debugging\skiresort\bl.tests\bin\debug\net6.0\bl.tests.dll" id="3ce507e5-ba56-126d-b0d4-918fa348eeda">
      <Execution id="49b1d4b0-8657-418b-a191-25d6b1501a94" />
      <TestMethod codeBase="C:\Users\alena\Desktop\7_sem\testing_and_debugging\SkiResort\BL.Tests\bin\Debug\net6.0\BL.Tests.dll" adapterTypeName="executor://xunit/VsTestRunner2/netcoreapp" className="BL.Tests.LiftsSlopesServiceTests" name="TestAdminAddAutoIncrementLiftSlopeAsync" />
    </UnitTest>
    <UnitTest name="BL.Tests.UsersServiceTests.TestRegisterUserWithNoEmail" storage="c:\users\alena\desktop\7_sem\testing_and_debugging\skiresort\bl.tests\bin\debug\net6.0\bl.tests.dll" id="8184bd30-991c-b78d-b4ec-99a485eac0dd">
      <Execution id="ee2bd9b9-0959-4295-abc8-a099f937f1e9" />
      <TestMethod codeBase="C:\Users\alena\Desktop\7_sem\testing_and_debugging\SkiResort\BL.Tests\bin\Debug\net6.0\BL.Tests.dll" adapterTypeName="executor://xunit/VsTestRunner2/netcoreapp" className="BL.Tests.UsersServiceTests" name="TestRegisterUserWithNoEmail" />
    </UnitTest>
    <UnitTest name="BL.Tests.LiftsServiceTest.TestAdminAddAutoIncrementLiftAsync(userID: 124, lift: Lift { LiftID = 245, LiftName = liftName0d7f90b7-8fe5-4e58-8f8e-e9e7710cd985, IsOpen = True, SeatsAmount = 96, LiftingTime = 90, QueueTime = 65, ConnectedSlopes =  }, checkPermissionServiceMock: Mock&lt;ICheckPermissionService:5&gt;, liftsRepositoryStub: Mock&lt;ILiftsRepository:5&gt;, sut: LiftsService { })" storage="c:\users\alena\desktop\7_sem\testing_and_debugging\skiresort\bl.tests\bin\debug\net6.0\bl.tests.dll" id="b5a5abd0-0f95-b283-605c-813936817efc">
      <Execution id="d75e4e11-ca97-4ebf-a10e-99f5bfa271b9" />
      <TestMethod codeBase="C:\Users\alena\Desktop\7_sem\testing_and_debugging\SkiResort\BL.Tests\bin\Debug\net6.0\BL.Tests.dll" adapterTypeName="executor://xunit/VsTestRunner2/netcoreapp" className="BL.Tests.LiftsServiceTest" name="TestAdminAddAutoIncrementLiftAsync" />
    </UnitTest>
    <UnitTest name="BL.Tests.SlopesServiceTest.TestUpdateSlopeInfoAsync(userID: 57, slope: Slope { SlopeID = 230, SlopeName = slopeNamed0100c1f-c37b-4152-ae52-00bb2d456ed9, IsOpen = True, DifficultyLevel = 105, ConnectedLifts =  }, checkPermissionServiceMock: Mock&lt;ICheckPermissionService:8&gt;, slopesRepositoryStub: Mock&lt;ISlopesRepository:6&gt;, sut: SlopesService { })" storage="c:\users\alena\desktop\7_sem\testing_and_debugging\skiresort\bl.tests\bin\debug\net6.0\bl.tests.dll" id="f06902fb-f615-33cd-5613-c811449bd692">
      <Execution id="3567a940-6adc-4b03-9d4d-ffa666daf6c2" />
      <TestMethod codeBase="C:\Users\alena\Desktop\7_sem\testing_and_debugging\SkiResort\BL.Tests\bin\Debug\net6.0\BL.Tests.dll" adapterTypeName="executor://xunit/VsTestRunner2/netcoreapp" className="BL.Tests.SlopesServiceTest" name="TestUpdateSlopeInfoAsync" />
    </UnitTest>
  </TestDefinitions>
  <TestEntries>
    <TestEntry testId="f3efc418-a8a6-c7b7-9bac-90b33aa8472f" executionId="d9e86cd8-4132-4c9f-8a73-ebf7317e1741" testListId="8c84fa94-04c1-424b-9868-57a2d4851a1d" />
    <TestEntry testId="9c7df5e2-1b23-ebea-889f-b78ca86b60ab" executionId="0fbd3957-97ac-4c36-bc30-0fc09d3837a0" testListId="8c84fa94-04c1-424b-9868-57a2d4851a1d" />
    <TestEntry testId="2d706594-f2b3-b3c8-21d4-86c9798c3306" executionId="48df6eda-d4f3-4a46-892a-882b7faed797" testListId="8c84fa94-04c1-424b-9868-57a2d4851a1d" />
    <TestEntry testId="60bd668f-04df-da5e-b79b-5d9aedb5234d" executionId="d3eacb99-e264-4942-8c7e-33e7a183766a" testListId="8c84fa94-04c1-424b-9868-57a2d4851a1d" />
    <TestEntry testId="a2e59116-cb53-1d70-9cb8-21c286516866" executionId="98d6a698-94bf-46ca-a440-0811cb1b7cdd" testListId="8c84fa94-04c1-424b-9868-57a2d4851a1d" />
    <TestEntry testId="229812f5-9a73-5335-11f5-31330d1348a5" executionId="4e1754c1-546e-4572-ad35-dcabb1115535" testListId="8c84fa94-04c1-424b-9868-57a2d4851a1d" />
    <TestEntry testId="73c852b6-f376-ce7f-ba7b-59247074f494" executionId="3e7d2261-1dad-49bf-8ef8-59eff8277317" testListId="8c84fa94-04c1-424b-9868-57a2d4851a1d" />
    <TestEntry testId="a081bb43-b39d-bcfe-91e6-051206be27b8" executionId="043f72e4-9205-4124-a691-aed72d2b61e3" testListId="8c84fa94-04c1-424b-9868-57a2d4851a1d" />
    <TestEntry testId="d4857927-5e3c-389f-a4cb-4c823bf8d2a6" executionId="056cd586-5bbd-4c59-bf6a-7498a8957ed5" testListId="8c84fa94-04c1-424b-9868-57a2d4851a1d" />
    <TestEntry testId="196767da-f187-ad6f-0017-8762be9622c6" executionId="1eba6f2c-3c00-480c-8e45-b3f1d37a6832" testListId="8c84fa94-04c1-424b-9868-57a2d4851a1d" />
    <TestEntry testId="39be9b5e-0bc4-57dc-37d3-aec6b520299d" executionId="5a6945d6-39ec-480c-ae2c-4d0aa29c539a" testListId="8c84fa94-04c1-424b-9868-57a2d4851a1d" />
    <TestEntry testId="f06902fb-f615-33cd-5613-c811449bd692" executionId="3567a940-6adc-4b03-9d4d-ffa666daf6c2" testListId="8c84fa94-04c1-424b-9868-57a2d4851a1d" />
    <TestEntry testId="8184bd30-991c-b78d-b4ec-99a485eac0dd" executionId="ee2bd9b9-0959-4295-abc8-a099f937f1e9" testListId="8c84fa94-04c1-424b-9868-57a2d4851a1d" />
    <TestEntry testId="06d0bc3a-24a0-fb7f-4277-e9ae6d21c7dd" executionId="b7eb8591-a61d-4ad2-bacc-0b416b27ed1a" testListId="8c84fa94-04c1-424b-9868-57a2d4851a1d" />
    <TestEntry testId="da5f976c-3b8e-489a-8a23-105731487204" executionId="10c6158a-be58-4dc5-8a69-a151e920f61c" testListId="8c84fa94-04c1-424b-9868-57a2d4851a1d" />
    <TestEntry testId="a8af3aec-b6b8-e908-db73-b6c280a539c4" executionId="d09099ad-6efe-4092-9603-a063263fbb99" testListId="8c84fa94-04c1-424b-9868-57a2d4851a1d" />
    <TestEntry testId="a19a5fcf-c5d2-7d44-5d7d-84403042f4e0" executionId="7829776b-d273-4696-b15d-d872a61e5894" testListId="8c84fa94-04c1-424b-9868-57a2d4851a1d" />
    <TestEntry testId="d4a48e66-ed6d-176a-dea4-7638b5baf91b" executionId="e8e6bddc-371e-4d86-afdd-7228f06aa70e" testListId="8c84fa94-04c1-424b-9868-57a2d4851a1d" />
    <TestEntry testId="2c4c39d3-5db1-9bbc-06bb-37aaccda78f7" executionId="474cb159-a597-4342-9375-e89e6980cb2f" testListId="8c84fa94-04c1-424b-9868-57a2d4851a1d" />
    <TestEntry testId="834c739b-eca4-b36d-6a66-5a1bd75377b8" executionId="50c76859-1883-4fc9-ad74-3c638acb499a" testListId="8c84fa94-04c1-424b-9868-57a2d4851a1d" />
    <TestEntry testId="387c9729-48c1-486e-5e67-f5d11a9f0db8" executionId="3070061c-4be8-4071-8f00-7b8e94178b49" testListId="8c84fa94-04c1-424b-9868-57a2d4851a1d" />
    <TestEntry testId="75ec3981-ba75-d559-e961-cec2297e533a" executionId="5fd0f81b-ba94-4a7d-a028-3cf1134c49cd" testListId="8c84fa94-04c1-424b-9868-57a2d4851a1d" />
    <TestEntry testId="894941c1-bfa7-d8f9-c047-1e1ceefe2c2f" executionId="baa69c5f-0f22-4787-bfa8-1157ed8b17ab" testListId="8c84fa94-04c1-424b-9868-57a2d4851a1d" />
    <TestEntry testId="1ca07ad8-f799-c5d4-e7cc-34fd950198a2" executionId="082cd523-22a2-4a8c-9cff-4859e08cd121" testListId="8c84fa94-04c1-424b-9868-57a2d4851a1d" />
    <TestEntry testId="eaabd2fc-2f4b-5689-59c8-c7ad34a8f634" executionId="427ff8db-7920-43a9-ab79-37bfd5421f35" testListId="8c84fa94-04c1-424b-9868-57a2d4851a1d" />
    <TestEntry testId="b5a5abd0-0f95-b283-605c-813936817efc" executionId="d75e4e11-ca97-4ebf-a10e-99f5bfa271b9" testListId="8c84fa94-04c1-424b-9868-57a2d4851a1d" />
    <TestEntry testId="c36970dc-93f7-753e-fa47-157133b01644" executionId="952c8329-4549-4c5b-9f1e-7ab74dea54bc" testListId="8c84fa94-04c1-424b-9868-57a2d4851a1d" />
    <TestEntry testId="20ad8570-0170-85de-dcd7-2f109dd7bcd6" executionId="f87607e8-8db6-4ea9-80e7-f604d7f775c6" testListId="8c84fa94-04c1-424b-9868-57a2d4851a1d" />
    <TestEntry testId="644ec43e-70cd-c82d-42e7-0d990be1414d" executionId="c49889b9-2ced-4cd4-96db-c493b48b3341" testListId="8c84fa94-04c1-424b-9868-57a2d4851a1d" />
    <TestEntry testId="492c0393-35b4-df26-a537-21ca08302f3c" executionId="6ce6c9a3-047c-4c14-a916-a21c5270c243" testListId="8c84fa94-04c1-424b-9868-57a2d4851a1d" />
    <TestEntry testId="18fa8c62-e27d-e1fc-8182-4d7db62b008d" executionId="9eba16f0-feaa-4d01-93e2-67a3fd4fba37" testListId="8c84fa94-04c1-424b-9868-57a2d4851a1d" />
    <TestEntry testId="e2d7e5be-3dae-33ae-fb17-c704b6fd58d6" executionId="72db7bb4-f787-4326-b252-3ce6aa0f534c" testListId="8c84fa94-04c1-424b-9868-57a2d4851a1d" />
    <TestEntry testId="aa4038ae-7d36-950a-d71c-81f33bc239bb" executionId="a5202db8-9a77-4ac9-98af-23d53cea63ba" testListId="8c84fa94-04c1-424b-9868-57a2d4851a1d" />
    <TestEntry testId="3ce507e5-ba56-126d-b0d4-918fa348eeda" executionId="49b1d4b0-8657-418b-a191-25d6b1501a94" testListId="8c84fa94-04c1-424b-9868-57a2d4851a1d" />
    <TestEntry testId="0eeef75f-6e38-7893-a8fe-cff3e0a970a7" executionId="97994154-87cb-469f-9274-a5eb6c1effbc" testListId="8c84fa94-04c1-424b-9868-57a2d4851a1d" />
    <TestEntry testId="0570298b-cbd6-a84b-84b5-7ee05ec1a55f" executionId="df849bcf-0868-4cc5-ab50-0a0a543ab039" testListId="8c84fa94-04c1-424b-9868-57a2d4851a1d" />
    <TestEntry testId="d6e61488-1bcc-91e3-9ef4-fa911befd3e1" executionId="214315d1-78f9-41ba-ad50-3d53cce93fb5" testListId="8c84fa94-04c1-424b-9868-57a2d4851a1d" />
    <TestEntry testId="3851f154-1a55-bdfe-69c4-619c9ce4546b" executionId="5cc13c4c-f1d9-42de-9c6f-a78530001dbb" testListId="8c84fa94-04c1-424b-9868-57a2d4851a1d" />
    <TestEntry testId="4f297306-d4f3-8d63-e7f4-1ac0b8c58c74" executionId="3bc5bc78-a090-47e6-bd14-39e7e78bd551" testListId="8c84fa94-04c1-424b-9868-57a2d4851a1d" />
    <TestEntry testId="69340bb6-3645-f9dd-971e-29d8b2a009bb" executionId="95e948c9-9f11-4226-a60b-49df2383d055" testListId="8c84fa94-04c1-424b-9868-57a2d4851a1d" />
    <TestEntry testId="fa960c5e-f989-2880-784e-8efe538c5231" executionId="1b9b9366-f107-441a-bcb1-6e3dde824e39" testListId="8c84fa94-04c1-424b-9868-57a2d4851a1d" />
    <TestEntry testId="f44a1b21-8efc-bfac-63b4-d534442def31" executionId="ad473beb-0985-456b-949b-1f95e84103b4" testListId="8c84fa94-04c1-424b-9868-57a2d4851a1d" />
    <TestEntry testId="2602613f-c8e2-a6d9-fcf7-5b27d4a770a6" executionId="cb31ab18-6efa-4084-8ed7-99a3955e522a" testListId="8c84fa94-04c1-424b-9868-57a2d4851a1d" />
    <TestEntry testId="41d42a60-ad3e-0b8e-4d50-50f36892c2cc" executionId="0b709b0b-03cc-4196-a944-cbf329edc524" testListId="8c84fa94-04c1-424b-9868-57a2d4851a1d" />
    <TestEntry testId="aa28a6b3-21d3-aa45-24d3-bef2facbc899" executionId="86702dfd-5afc-4948-ae5e-6241c7e75c64" testListId="8c84fa94-04c1-424b-9868-57a2d4851a1d" />
    <TestEntry testId="d9ea10e3-c63f-12b4-7832-d484b7933c85" executionId="66b0cd38-89a8-429c-b6b1-ce0a465022d8" testListId="8c84fa94-04c1-424b-9868-57a2d4851a1d" />
    <TestEntry testId="e5497347-2721-b7a6-0bd4-69a9921f6947" executionId="1aa2b18c-0424-4a4e-801f-80e53799e318" testListId="8c84fa94-04c1-424b-9868-57a2d4851a1d" />
  </TestEntries>
  <TestLists>
    <TestList name="Список результатов" id="8c84fa94-04c1-424b-9868-57a2d4851a1d" />
    <TestList name="Все загруженные результаты" id="19431567-8539-422a-85d7-44ee4e166bda" />
  </TestLists>
  <ResultSummary outcome="Completed">
    <Counters total="47" executed="47" passed="47" failed="0" error="0" timeout="0" aborted="0" inconclusive="0" passedButRunAborted="0" notRunnable="0" notExecuted="0" disconnected="0" warning="0" completed="0" inProgress="0" pending="0" />
    <Output>
      <StdOut>[xUnit.net 00:00:00.00] xUnit.net VSTest Adapter v2.4.5+1caef2f33e (64-bit .NET 6.0.3)&#xD;
[xUnit.net 00:00:00.44]   Discovering: BL.Tests&#xD;
[xUnit.net 00:00:00.63]   Discovered:  BL.Tests&#xD;
[xUnit.net 00:00:00.63]   Starting:    BL.Tests&#xD;
[xUnit.net 00:00:00.87]   Finished:    BL.Tests&#xD;
</StdOut>
    </Output>
  </ResultSummary>
</TestRun>