<?xml version="1.0" encoding="utf-8"?>
<TestRun id="aef66d3e-317a-4250-997e-781664284664" name="alena@DESKTOP-TJ9D65N 2022-10-15 20:17:17" runUser="DESKTOP-TJ9D65N\alena" xmlns="http://microsoft.com/schemas/VisualStudio/TeamTest/2010">
  <Times creation="2022-10-15T20:17:17.9050108+03:00" queuing="2022-10-15T20:17:17.9050111+03:00" start="2022-10-15T20:17:16.2552687+03:00" finish="2022-10-15T20:17:17.9630542+03:00" />
  <TestSettings name="default" id="73d72d42-ddfd-429f-96fa-a060e90ed02d">
    <Deployment runDeploymentRoot="alena_DESKTOP-TJ9D65N_2022-10-15_20_17_17" />
  </TestSettings>
  <Results>
    <UnitTestResult executionId="11841000-448d-45e7-a033-71760ea0efc9" testId="387c9729-48c1-486e-5e67-f5d11a9f0db8" testName="BL.Tests.CheckPermissionsServiceTests.UnauthorizedHasNoAccessToAdminSkiPatrolFunctions(functionName: &quot;GetLiftsSlopesInfoAsync&quot;)" computerName="DESKTOP-TJ9D65N" duration="00:00:00.0014235" startTime="2022-10-15T20:17:17.8503978+03:00" endTime="2022-10-15T20:17:17.8503979+03:00" testType="13cdc9d9-ddb5-4fa4-a97d-d965ccfc6d4b" outcome="Passed" testListId="8c84fa94-04c1-424b-9868-57a2d4851a1d" relativeResultsDirectory="11841000-448d-45e7-a033-71760ea0efc9" />
    <UnitTestResult executionId="7fdc7ab5-bfed-4e9a-acaf-6411c50c0330" testId="c18562b8-c2ad-919a-d86a-ead8be0418e1" testName="BL.Tests.LiftsServiceTest.TestAdminAddAutoIncrementLiftAsync(userID: 173, lift: Lift { LiftID = 42, LiftName = liftName41c603a7-98c0-4c42-a5a2-359877e2bf39, IsOpen = True, SeatsAmount = 117, LiftingTime = 95, QueueTime = 126, ConnectedSlopes =  }, checkPermissionServiceMock: Mock&lt;ICheckPermissionService:5&gt;, liftsRepositoryStub: Mock&lt;ILiftsRepository:5&gt;, sut: LiftsService { })" computerName="DESKTOP-TJ9D65N" duration="00:00:00.0251493" startTime="2022-10-15T20:17:17.8538827+03:00" endTime="2022-10-15T20:17:17.8538828+03:00" testType="13cdc9d9-ddb5-4fa4-a97d-d965ccfc6d4b" outcome="Passed" testListId="8c84fa94-04c1-424b-9868-57a2d4851a1d" relativeResultsDirectory="7fdc7ab5-bfed-4e9a-acaf-6411c50c0330" />
    <UnitTestResult executionId="fa98f53f-e14d-44a4-9ba2-20760b980ed8" testId="aa28a6b3-21d3-aa45-24d3-bef2facbc899" testName="BL.Tests.CheckPermissionsServiceTests.AuthorizedHasAccessToAuthorizedFunctions(functionName: &quot;LogOutAsync&quot;)" computerName="DESKTOP-TJ9D65N" duration="00:00:00.0011920" startTime="2022-10-15T20:17:17.8752233+03:00" endTime="2022-10-15T20:17:17.8752235+03:00" testType="13cdc9d9-ddb5-4fa4-a97d-d965ccfc6d4b" outcome="Passed" testListId="8c84fa94-04c1-424b-9868-57a2d4851a1d" relativeResultsDirectory="fa98f53f-e14d-44a4-9ba2-20760b980ed8" />
    <UnitTestResult executionId="80a45c13-d3be-4cbf-ac31-f9550fa8b97c" testId="2602613f-c8e2-a6d9-fcf7-5b27d4a770a6" testName="BL.Tests.CheckPermissionsServiceTests.AuthorizedHasNoAccessToAdminSkiPatrolFunctions(functionName: &quot;GetMessagesAsync&quot;)" computerName="DESKTOP-TJ9D65N" duration="00:00:00.0026922" startTime="2022-10-15T20:17:17.8594076+03:00" endTime="2022-10-15T20:17:17.8594078+03:00" testType="13cdc9d9-ddb5-4fa4-a97d-d965ccfc6d4b" outcome="Passed" testListId="8c84fa94-04c1-424b-9868-57a2d4851a1d" relativeResultsDirectory="80a45c13-d3be-4cbf-ac31-f9550fa8b97c" />
    <UnitTestResult executionId="3b6f93c1-b32c-4e9e-87d7-f4d702ffcb08" testId="ca176b1d-5fe5-78e1-7e7a-b13824d336b9" testName="BL.Tests.TurnstilesServiceTest.TestAdminDeleteTurnstileAsync(userID: 248, turnstile: Turnstile { TurnstileID = 244, LiftID = 208, IsOpen = True }, checkPermissionServiceMock: Mock&lt;ICheckPermissionService:15&gt;, turnstilesRepositoryStub: Mock&lt;ITurnstilesRepository:9&gt;, sut: TurnstilesService { })" computerName="DESKTOP-TJ9D65N" duration="00:00:00.0039195" startTime="2022-10-15T20:17:17.8538360+03:00" endTime="2022-10-15T20:17:17.8538363+03:00" testType="13cdc9d9-ddb5-4fa4-a97d-d965ccfc6d4b" outcome="Passed" testListId="8c84fa94-04c1-424b-9868-57a2d4851a1d" relativeResultsDirectory="3b6f93c1-b32c-4e9e-87d7-f4d702ffcb08" />
    <UnitTestResult executionId="f01cb0d1-f006-49bf-bb99-2fb2db19c46c" testId="e38014b1-0d68-3b1b-12e5-f93ea4af678a" testName="BL.Tests.LiftsServiceTest.TestGetLiftInfoAsync(userID: 14, lift: Lift { LiftID = 4, LiftName = liftNameb1d8c553-d036-4f70-9acc-17485ed8c83b, IsOpen = True, SeatsAmount = 44, LiftingTime = 179, QueueTime = 171, ConnectedSlopes =  }, checkPermissionServiceMock: Mock&lt;ICheckPermissionService:1&gt;, liftsRepositoryStub: Mock&lt;ILiftsRepository:1&gt;, liftsSlopesRepositoryStub: Mock&lt;ILiftsSlopesRepository:1&gt;, sut: LiftsService { })" computerName="DESKTOP-TJ9D65N" duration="00:00:00.0071544" startTime="2022-10-15T20:17:17.8598318+03:00" endTime="2022-10-15T20:17:17.8598319+03:00" testType="13cdc9d9-ddb5-4fa4-a97d-d965ccfc6d4b" outcome="Passed" testListId="8c84fa94-04c1-424b-9868-57a2d4851a1d" relativeResultsDirectory="f01cb0d1-f006-49bf-bb99-2fb2db19c46c" />
    <UnitTestResult executionId="7df917e2-0a78-4743-8cf8-95a0548b66a6" testId="1fe28d61-54a7-5a22-314b-1e3e7af32451" testName="BL.Tests.TurnstilesServiceTest.TestAdminUpdateTurnstileAsync(userID: 126, turnstile: Turnstile { TurnstileID = 57, LiftID = 110, IsOpen = True }, checkPermissionServiceMock: Mock&lt;ICheckPermissionService:14&gt;, turnstilesRepositoryStub: Mock&lt;ITurnstilesRepository:8&gt;, sut: TurnstilesService { })" computerName="DESKTOP-TJ9D65N" duration="00:00:00.0076594" startTime="2022-10-15T20:17:17.8506333+03:00" endTime="2022-10-15T20:17:17.8506334+03:00" testType="13cdc9d9-ddb5-4fa4-a97d-d965ccfc6d4b" outcome="Passed" testListId="8c84fa94-04c1-424b-9868-57a2d4851a1d" relativeResultsDirectory="7df917e2-0a78-4743-8cf8-95a0548b66a6" />
    <UnitTestResult executionId="4f19ad8d-a980-43af-a78a-62f1d1fdc0c0" testId="4f297306-d4f3-8d63-e7f4-1ac0b8c58c74" testName="BL.Tests.CheckPermissionsServiceTests.AuthorizedHasNoAccessToAdminSkiPatrolFunctions(functionName: &quot;GetLiftsSlopesInfoAsync&quot;)" computerName="DESKTOP-TJ9D65N" duration="00:00:00.0015454" startTime="2022-10-15T20:17:17.8672373+03:00" endTime="2022-10-15T20:17:17.8672375+03:00" testType="13cdc9d9-ddb5-4fa4-a97d-d965ccfc6d4b" outcome="Passed" testListId="8c84fa94-04c1-424b-9868-57a2d4851a1d" relativeResultsDirectory="4f19ad8d-a980-43af-a78a-62f1d1fdc0c0" />
    <UnitTestResult executionId="f5d1b4f3-cb62-45da-87ab-025c45944b42" testId="3cb6d5c1-ae7f-2890-be6a-ed3608485122" testName="BL.Tests.SlopesServiceTest.TestAdminAddAutoIncrementSlopeAsync(userID: 207, slope: Slope { SlopeID = 175, SlopeName = slopeName60b07b11-99d3-442a-967c-786413def248, IsOpen = True, DifficultyLevel = 49, ConnectedLifts =  }, checkPermissionServiceMock: Mock&lt;ICheckPermissionService:10&gt;, slopesRepositoryStub: Mock&lt;ISlopesRepository:8&gt;, sut: SlopesService { })" computerName="DESKTOP-TJ9D65N" duration="00:00:00.0459993" startTime="2022-10-15T20:17:17.7310209+03:00" endTime="2022-10-15T20:17:17.7310537+03:00" testType="13cdc9d9-ddb5-4fa4-a97d-d965ccfc6d4b" outcome="Passed" testListId="8c84fa94-04c1-424b-9868-57a2d4851a1d" relativeResultsDirectory="f5d1b4f3-cb62-45da-87ab-025c45944b42" />
    <UnitTestResult executionId="a78541b3-063d-4013-8bed-f73219b5181b" testId="1ca07ad8-f799-c5d4-e7cc-34fd950198a2" testName="BL.Tests.UsersServiceTests.TestLogInOk" computerName="DESKTOP-TJ9D65N" duration="00:00:00.0061544" startTime="2022-10-15T20:17:17.8563868+03:00" endTime="2022-10-15T20:17:17.8563871+03:00" testType="13cdc9d9-ddb5-4fa4-a97d-d965ccfc6d4b" outcome="Passed" testListId="8c84fa94-04c1-424b-9868-57a2d4851a1d" relativeResultsDirectory="a78541b3-063d-4013-8bed-f73219b5181b" />
    <UnitTestResult executionId="9ef968f6-2151-4867-aa9d-902b4447b470" testId="e23b0667-71b4-6ce5-e3c2-ad7c9216d9ec" testName="BL.Tests.SlopesServiceTest.TestAdminAddSlopeAsync(userID: 68, slope: Slope { SlopeID = 7, SlopeName = slopeName963d38ea-5de9-47bd-9439-d0bdc0530412, IsOpen = True, DifficultyLevel = 131, ConnectedLifts =  }, checkPermissionServiceMock: Mock&lt;ICheckPermissionService:11&gt;, slopesRepositoryStub: Mock&lt;ISlopesRepository:9&gt;, sut: SlopesService { })" computerName="DESKTOP-TJ9D65N" duration="00:00:00.0081848" startTime="2022-10-15T20:17:17.8530058+03:00" endTime="2022-10-15T20:17:17.8530059+03:00" testType="13cdc9d9-ddb5-4fa4-a97d-d965ccfc6d4b" outcome="Passed" testListId="8c84fa94-04c1-424b-9868-57a2d4851a1d" relativeResultsDirectory="9ef968f6-2151-4867-aa9d-902b4447b470" />
    <UnitTestResult executionId="31c7c7df-c4ab-4ea1-8c30-ef974150e394" testId="eaabd2fc-2f4b-5689-59c8-c7ad34a8f634" testName="BL.Tests.CheckPermissionsServiceTests.UnauthorizedHasNoAccessToAuthorizedFunctions(functionName: &quot;SendMessageAsync&quot;)" computerName="DESKTOP-TJ9D65N" duration="00:00:00.0043631" startTime="2022-10-15T20:17:17.8526368+03:00" endTime="2022-10-15T20:17:17.8526369+03:00" testType="13cdc9d9-ddb5-4fa4-a97d-d965ccfc6d4b" outcome="Passed" testListId="8c84fa94-04c1-424b-9868-57a2d4851a1d" relativeResultsDirectory="31c7c7df-c4ab-4ea1-8c30-ef974150e394" />
    <UnitTestResult executionId="c2e2c092-0e22-4b6a-b769-9a2223f06c52" testId="229812f5-9a73-5335-11f5-31330d1348a5" testName="BL.Tests.CheckPermissionsServiceTests.UnauthorizedHasNoAccessToAdminSkiPatrolFunctions(functionName: &quot;GetMessagesAsync&quot;)" computerName="DESKTOP-TJ9D65N" duration="00:00:00.0028883" startTime="2022-10-15T20:17:17.8507634+03:00" endTime="2022-10-15T20:17:17.8507634+03:00" testType="13cdc9d9-ddb5-4fa4-a97d-d965ccfc6d4b" outcome="Passed" testListId="8c84fa94-04c1-424b-9868-57a2d4851a1d" relativeResultsDirectory="c2e2c092-0e22-4b6a-b769-9a2223f06c52" />
    <UnitTestResult executionId="aa6647f0-9285-44b9-8f0b-41f29befb5da" testId="39be9b5e-0bc4-57dc-37d3-aec6b520299d" testName="BL.Tests.LiftsSlopesServiceTests.TestGetLiftsSlopesInfoAsync(liftsSlopes: [LiftSlope { RecordID = 214, LiftID = 57, SlopeID = 204 }, LiftSlope { RecordID = 152, LiftID = 210, SlopeID = 9 }, LiftSlope { RecordID = 4, LiftID = 2, SlopeID = 85 }], slopesRepositoryStub: Mock&lt;ISlopesRepository:1&gt;, liftsRepositoryStub: Mock&lt;ILiftsRepository:6&gt;, liftsSlopesRepositoryStub: Mock&lt;ILiftsSlopesRepository:6&gt;)" computerName="DESKTOP-TJ9D65N" duration="00:00:00.0050185" startTime="2022-10-15T20:17:17.8524892+03:00" endTime="2022-10-15T20:17:17.8524893+03:00" testType="13cdc9d9-ddb5-4fa4-a97d-d965ccfc6d4b" outcome="Passed" testListId="8c84fa94-04c1-424b-9868-57a2d4851a1d" relativeResultsDirectory="aa6647f0-9285-44b9-8f0b-41f29befb5da" />
    <UnitTestResult executionId="4ecd03e1-84ff-4bc6-a0f0-a5a61d641c89" testId="18fa8c62-e27d-e1fc-8182-4d7db62b008d" testName="BL.Tests.UsersServiceTests.TestAdminDeleteUser" computerName="DESKTOP-TJ9D65N" duration="00:00:00.0036922" startTime="2022-10-15T20:17:17.8862413+03:00" endTime="2022-10-15T20:17:17.8862415+03:00" testType="13cdc9d9-ddb5-4fa4-a97d-d965ccfc6d4b" outcome="Passed" testListId="8c84fa94-04c1-424b-9868-57a2d4851a1d" relativeResultsDirectory="4ecd03e1-84ff-4bc6-a0f0-a5a61d641c89" />
    <UnitTestResult executionId="378183bf-a0fb-4d8a-9964-4dd31cd5da25" testId="8184bd30-991c-b78d-b4ec-99a485eac0dd" testName="BL.Tests.UsersServiceTests.TestRegisterUserWithNoEmail" computerName="DESKTOP-TJ9D65N" duration="00:00:00.0033700" startTime="2022-10-15T20:17:17.8505965+03:00" endTime="2022-10-15T20:17:17.8505966+03:00" testType="13cdc9d9-ddb5-4fa4-a97d-d965ccfc6d4b" outcome="Passed" testListId="8c84fa94-04c1-424b-9868-57a2d4851a1d" relativeResultsDirectory="378183bf-a0fb-4d8a-9964-4dd31cd5da25" />
    <UnitTestResult executionId="9016aed8-dfa4-4e5c-a701-46ae532bece8" testId="20ad8570-0170-85de-dcd7-2f109dd7bcd6" testName="BL.Tests.UsersServiceTests.TestAdminGetUsers" computerName="DESKTOP-TJ9D65N" duration="00:00:00.0518188" startTime="2022-10-15T20:17:17.7366198+03:00" endTime="2022-10-15T20:17:17.7366199+03:00" testType="13cdc9d9-ddb5-4fa4-a97d-d965ccfc6d4b" outcome="Passed" testListId="8c84fa94-04c1-424b-9868-57a2d4851a1d" relativeResultsDirectory="9016aed8-dfa4-4e5c-a701-46ae532bece8" />
    <UnitTestResult executionId="8e1d806a-c49f-4492-aac5-56c41634baa6" testId="644ec43e-70cd-c82d-42e7-0d990be1414d" testName="BL.Tests.CheckPermissionsServiceTests.AuthorizedHasAccessToAuthorizedFunctions(functionName: &quot;SendMessageAsync&quot;)" computerName="DESKTOP-TJ9D65N" duration="00:00:00.0016250" startTime="2022-10-15T20:17:17.8715999+03:00" endTime="2022-10-15T20:17:17.8716000+03:00" testType="13cdc9d9-ddb5-4fa4-a97d-d965ccfc6d4b" outcome="Passed" testListId="8c84fa94-04c1-424b-9868-57a2d4851a1d" relativeResultsDirectory="8e1d806a-c49f-4492-aac5-56c41634baa6" />
    <UnitTestResult executionId="551e98d2-d321-4467-9c82-afd796fe2f00" testId="567b0366-766f-3517-69e1-fbd886ec938b" testName="BL.Tests.LiftsSlopesServiceTests.TestAdminDeleteLiftSlopeAsync(lift: Lift { LiftID = 45, LiftName = liftName264c2d89-003e-41e6-afba-e2e2d4dcb753, IsOpen = True, SeatsAmount = 237, LiftingTime = 152, QueueTime = 20, ConnectedSlopes =  }, slope: Slope { SlopeID = 238, SlopeName = slopeNameb719bd83-fc66-48d2-8569-30eca14bb9f3, IsOpen = False, DifficultyLevel = 142, ConnectedLifts =  }, slopesRepositoryStub: Mock&lt;ISlopesRepository:2&gt;, liftsRepositoryStub: Mock&lt;ILiftsRepository:7&gt;, liftsSlopesRepositoryStub: Mock&lt;ILiftsSlopesRepository:7&gt;)" computerName="DESKTOP-TJ9D65N" duration="00:00:00.0430209" startTime="2022-10-15T20:17:17.7365620+03:00" endTime="2022-10-15T20:17:17.7365621+03:00" testType="13cdc9d9-ddb5-4fa4-a97d-d965ccfc6d4b" outcome="Passed" testListId="8c84fa94-04c1-424b-9868-57a2d4851a1d" relativeResultsDirectory="551e98d2-d321-4467-9c82-afd796fe2f00" />
    <UnitTestResult executionId="1bf4c284-5967-46f5-8707-93193dbf279e" testId="f44a1b21-8efc-bfac-63b4-d534442def31" testName="BL.Tests.UsersServiceTests.TestRegisterUserWithNoPassword" computerName="DESKTOP-TJ9D65N" duration="00:00:00.0024262" startTime="2022-10-15T20:17:17.8507816+03:00" endTime="2022-10-15T20:17:17.8507817+03:00" testType="13cdc9d9-ddb5-4fa4-a97d-d965ccfc6d4b" outcome="Passed" testListId="8c84fa94-04c1-424b-9868-57a2d4851a1d" relativeResultsDirectory="1bf4c284-5967-46f5-8707-93193dbf279e" />
    <UnitTestResult executionId="4ae2220b-8410-45ee-8e37-f9f86c09a0c8" testId="a19a5fcf-c5d2-7d44-5d7d-84403042f4e0" testName="BL.Tests.CheckPermissionsServiceTests.UnauthorizedHasNoAccessToAdminSkiPatrolFunctions(functionName: &quot;MarkMessageReadByUserAsync&quot;)" computerName="DESKTOP-TJ9D65N" duration="00:00:00.0430363" startTime="2022-10-15T20:17:17.7364891+03:00" endTime="2022-10-15T20:17:17.7364892+03:00" testType="13cdc9d9-ddb5-4fa4-a97d-d965ccfc6d4b" outcome="Passed" testListId="8c84fa94-04c1-424b-9868-57a2d4851a1d" relativeResultsDirectory="4ae2220b-8410-45ee-8e37-f9f86c09a0c8" />
    <UnitTestResult executionId="b1d6bcfb-d840-4a41-bf64-5d877f5f3bd9" testId="35b14e8a-0c73-fbba-6c29-80718cfad795" testName="BL.Tests.SlopesServiceTest.TestUpdateSlopeInfoAsync(userID: 1, slope: Slope { SlopeID = 96, SlopeName = slopeName02e0e0d0-c1c7-4a28-b3c1-962f59a07ef3, IsOpen = True, DifficultyLevel = 103, ConnectedLifts =  }, checkPermissionServiceMock: Mock&lt;ICheckPermissionService:8&gt;, slopesRepositoryStub: Mock&lt;ISlopesRepository:6&gt;, sut: SlopesService { })" computerName="DESKTOP-TJ9D65N" duration="00:00:00.0058134" startTime="2022-10-15T20:17:17.8541190+03:00" endTime="2022-10-15T20:17:17.8541191+03:00" testType="13cdc9d9-ddb5-4fa4-a97d-d965ccfc6d4b" outcome="Passed" testListId="8c84fa94-04c1-424b-9868-57a2d4851a1d" relativeResultsDirectory="b1d6bcfb-d840-4a41-bf64-5d877f5f3bd9" />
    <UnitTestResult executionId="b1eb1fc2-641b-49e2-aa5e-1d089e75481b" testId="e5497347-2721-b7a6-0bd4-69a9921f6947" testName="BL.Tests.UsersServiceTests.TestAdminGetUserByIDAsync" computerName="DESKTOP-TJ9D65N" duration="00:00:00.0042365" startTime="2022-10-15T20:17:17.8799779+03:00" endTime="2022-10-15T20:17:17.8799781+03:00" testType="13cdc9d9-ddb5-4fa4-a97d-d965ccfc6d4b" outcome="Passed" testListId="8c84fa94-04c1-424b-9868-57a2d4851a1d" relativeResultsDirectory="b1eb1fc2-641b-49e2-aa5e-1d089e75481b" />
    <UnitTestResult executionId="a10a2122-1668-469d-b4fb-9716292d7969" testId="60bd668f-04df-da5e-b79b-5d9aedb5234d" testName="BL.Tests.CheckPermissionsServiceTests.SkiPatrolHasAccessToAdminSkiPatrolFunctions(functionName: &quot;MarkMessageReadByUserAsync&quot;)" computerName="DESKTOP-TJ9D65N" duration="00:00:00.0011951" startTime="2022-10-15T20:17:17.8540614+03:00" endTime="2022-10-15T20:17:17.8540615+03:00" testType="13cdc9d9-ddb5-4fa4-a97d-d965ccfc6d4b" outcome="Passed" testListId="8c84fa94-04c1-424b-9868-57a2d4851a1d" relativeResultsDirectory="a10a2122-1668-469d-b4fb-9716292d7969" />
    <UnitTestResult executionId="f9fd205d-7924-4a06-b5a7-92ee914ff283" testId="0eeef75f-6e38-7893-a8fe-cff3e0a970a7" testName="BL.Tests.UsersServiceTests.TestRegisterOk" computerName="DESKTOP-TJ9D65N" duration="00:00:00.0201268" startTime="2022-10-15T20:17:17.8548306+03:00" endTime="2022-10-15T20:17:17.8548307+03:00" testType="13cdc9d9-ddb5-4fa4-a97d-d965ccfc6d4b" outcome="Passed" testListId="8c84fa94-04c1-424b-9868-57a2d4851a1d" relativeResultsDirectory="f9fd205d-7924-4a06-b5a7-92ee914ff283" />
    <UnitTestResult executionId="252ebb8b-b371-440a-b47b-3aafda593946" testId="8586282e-9ba8-3276-ba4e-c6c89b84a293" testName="BL.Tests.SlopesServiceTest.TestGetSlopesInfoAsync(userID: 220, initialSlopes: [Slope { SlopeID = 61, SlopeName = slopeName0beac3e1-852e-4006-ad64-be2f751d14c5, IsOpen = True, DifficultyLevel = 146, ConnectedLifts =  }, Slope { SlopeID = 149, SlopeName = slopeName11ff9c97-fede-4010-bd00-383330075eb4, IsOpen = False, DifficultyLevel = 10, ConnectedLifts =  }, Slope { SlopeID = 253, SlopeName = slopeNamedbd4257b-f165-470f-bd56-a4970752c019, IsOpen = True, DifficultyLevel = 75, ConnectedLifts =  }], checkPermissionServiceMock: Mock&lt;ICheckPermissionService:7&gt;, slopesRepositoryStub: Mock&lt;ISlopesRepository:5&gt;, liftsSlopesRepositoryStub: Mock&lt;ILiftsSlopesRepository:10&gt;, sut: SlopesService { })" computerName="DESKTOP-TJ9D65N" duration="00:00:00.0158149" startTime="2022-10-15T20:17:17.8524007+03:00" endTime="2022-10-15T20:17:17.8524008+03:00" testType="13cdc9d9-ddb5-4fa4-a97d-d965ccfc6d4b" outcome="Passed" testListId="8c84fa94-04c1-424b-9868-57a2d4851a1d" relativeResultsDirectory="252ebb8b-b371-440a-b47b-3aafda593946" />
    <UnitTestResult executionId="862de8cf-cbe7-495a-8a3b-83582ecd16de" testId="6ff8ce2c-045d-9f9c-e839-f0133f49e216" testName="BL.Tests.TurnstilesServiceTest.TestAdminGetTurnstilesAsync(userID: 145, initialTurnstiles: [Turnstile { TurnstileID = 226, LiftID = 10, IsOpen = True }, Turnstile { TurnstileID = 249, LiftID = 211, IsOpen = False }, Turnstile { TurnstileID = 28, LiftID = 115, IsOpen = True }], checkPermissionServiceMock: Mock&lt;ICheckPermissionService:13&gt;, turnstilesRepositoryStub: Mock&lt;ITurnstilesRepository:7&gt;, sut: TurnstilesService { })" computerName="DESKTOP-TJ9D65N" duration="00:00:00.0455007" startTime="2022-10-15T20:17:17.7365432+03:00" endTime="2022-10-15T20:17:17.7365432+03:00" testType="13cdc9d9-ddb5-4fa4-a97d-d965ccfc6d4b" outcome="Passed" testListId="8c84fa94-04c1-424b-9868-57a2d4851a1d" relativeResultsDirectory="862de8cf-cbe7-495a-8a3b-83582ecd16de" />
    <UnitTestResult executionId="116dbc2b-52b0-4dce-b772-cb73c8d165f8" testId="cc380b3f-11c4-5062-9914-4eab548c57bb" testName="BL.Tests.TurnstilesServiceTest.TestAdminAddAutoIncrementTurnstileAsync(userID: 123, turnstile: Turnstile { TurnstileID = 32, LiftID = 161, IsOpen = True }, checkPermissionServiceMock: Mock&lt;ICheckPermissionService:16&gt;, turnstilesRepositoryStub: Mock&lt;ITurnstilesRepository:10&gt;, sut: TurnstilesService { })" computerName="DESKTOP-TJ9D65N" duration="00:00:00.0056327" startTime="2022-10-15T20:17:17.8529771+03:00" endTime="2022-10-15T20:17:17.8529772+03:00" testType="13cdc9d9-ddb5-4fa4-a97d-d965ccfc6d4b" outcome="Passed" testListId="8c84fa94-04c1-424b-9868-57a2d4851a1d" relativeResultsDirectory="116dbc2b-52b0-4dce-b772-cb73c8d165f8" />
    <UnitTestResult executionId="417e84e4-d286-4d6a-9add-82a266a51483" testId="81c03ccb-b887-7cc3-b67f-722c0a7e897a" testName="BL.Tests.TurnstilesServiceTest.TestAdminGetTurnstileAsync(userID: 97, turnstile: Turnstile { TurnstileID = 180, LiftID = 98, IsOpen = True }, checkPermissionServiceMock: Mock&lt;ICheckPermissionService:12&gt;, turnstilesRepositoryStub: Mock&lt;ITurnstilesRepository:6&gt;, sut: TurnstilesService { })" computerName="DESKTOP-TJ9D65N" duration="00:00:00.0049607" startTime="2022-10-15T20:17:17.8524666+03:00" endTime="2022-10-15T20:17:17.8524667+03:00" testType="13cdc9d9-ddb5-4fa4-a97d-d965ccfc6d4b" outcome="Passed" testListId="8c84fa94-04c1-424b-9868-57a2d4851a1d" relativeResultsDirectory="417e84e4-d286-4d6a-9add-82a266a51483" />
    <UnitTestResult executionId="92fffbb7-f71c-4126-8e8c-324c1443cd3f" testId="06d0bc3a-24a0-fb7f-4277-e9ae6d21c7dd" testName="BL.Tests.UsersServiceTests.TestAdminUpdateUser" computerName="DESKTOP-TJ9D65N" duration="00:00:00.0115085" startTime="2022-10-15T20:17:17.8537927+03:00" endTime="2022-10-15T20:17:17.8537928+03:00" testType="13cdc9d9-ddb5-4fa4-a97d-d965ccfc6d4b" outcome="Passed" testListId="8c84fa94-04c1-424b-9868-57a2d4851a1d" relativeResultsDirectory="92fffbb7-f71c-4126-8e8c-324c1443cd3f" />
    <UnitTestResult executionId="63424014-934d-42ed-8576-8e116a8813c3" testId="b3db15bc-8266-6bf8-b546-ab40dc3ae955" testName="BL.Tests.SlopesServiceTest.TestGetSlopeInfoAsync(userID: 7, slope: Slope { SlopeID = 29, SlopeName = slopeNameffb926e9-87d9-4846-a05c-ded10bd24b67, IsOpen = True, DifficultyLevel = 62, ConnectedLifts =  }, checkPermissionServiceMock: Mock&lt;ICheckPermissionService:6&gt;, slopesRepositoryStub: Mock&lt;ISlopesRepository:4&gt;, liftsSlopesRepositoryStub: Mock&lt;ILiftsSlopesRepository:9&gt;, sut: SlopesService { })" computerName="DESKTOP-TJ9D65N" duration="00:00:00.0069925" startTime="2022-10-15T20:17:17.8539313+03:00" endTime="2022-10-15T20:17:17.8539313+03:00" testType="13cdc9d9-ddb5-4fa4-a97d-d965ccfc6d4b" outcome="Passed" testListId="8c84fa94-04c1-424b-9868-57a2d4851a1d" relativeResultsDirectory="63424014-934d-42ed-8576-8e116a8813c3" />
    <UnitTestResult executionId="600c02a4-80d1-4b7a-b3ee-e171b8b25aab" testId="f3efc418-a8a6-c7b7-9bac-90b33aa8472f" testName="BL.Tests.CheckPermissionsServiceTests.AdminHasAccessToAllFunctions" computerName="DESKTOP-TJ9D65N" duration="00:00:00.0027072" startTime="2022-10-15T20:17:17.8912968+03:00" endTime="2022-10-15T20:17:17.8912970+03:00" testType="13cdc9d9-ddb5-4fa4-a97d-d965ccfc6d4b" outcome="Passed" testListId="8c84fa94-04c1-424b-9868-57a2d4851a1d" relativeResultsDirectory="600c02a4-80d1-4b7a-b3ee-e171b8b25aab" />
    <UnitTestResult executionId="8f7c4a59-8756-4446-b2c0-6db57d39c418" testId="1fe7f794-6e0d-bc64-e95c-576fed104ad1" testName="BL.Tests.LiftsServiceTest.TestUpdateLiftInfoAsync(userID: 255, lift: Lift { LiftID = 116, LiftName = liftNamed6c2ff9a-7a7e-435a-8258-f210c579a988, IsOpen = True, SeatsAmount = 181, LiftingTime = 223, QueueTime = 121, ConnectedSlopes =  }, checkPermissionServiceMock: Mock&lt;ICheckPermissionService:3&gt;, liftsRepositoryStub: Mock&lt;ILiftsRepository:3&gt;, sut: LiftsService { })" computerName="DESKTOP-TJ9D65N" duration="00:00:00.0154186" startTime="2022-10-15T20:17:17.8549769+03:00" endTime="2022-10-15T20:17:17.8549770+03:00" testType="13cdc9d9-ddb5-4fa4-a97d-d965ccfc6d4b" outcome="Passed" testListId="8c84fa94-04c1-424b-9868-57a2d4851a1d" relativeResultsDirectory="8f7c4a59-8756-4446-b2c0-6db57d39c418" />
    <UnitTestResult executionId="bde21843-3170-41fc-9725-d83b41e99d1a" testId="9c7df5e2-1b23-ebea-889f-b78ca86b60ab" testName="BL.Tests.CheckPermissionsServiceTests.AuthorizedHasNoAccessToAdminSkiPatrolFunctions(functionName: &quot;MarkMessageReadByUserAsync&quot;)" computerName="DESKTOP-TJ9D65N" duration="00:00:00.0015481" startTime="2022-10-15T20:17:17.8634586+03:00" endTime="2022-10-15T20:17:17.8634587+03:00" testType="13cdc9d9-ddb5-4fa4-a97d-d965ccfc6d4b" outcome="Passed" testListId="8c84fa94-04c1-424b-9868-57a2d4851a1d" relativeResultsDirectory="bde21843-3170-41fc-9725-d83b41e99d1a" />
    <UnitTestResult executionId="e4272454-d515-4b14-bba9-6e12d213d534" testId="492c0393-35b4-df26-a537-21ca08302f3c" testName="BL.Tests.CheckPermissionsServiceTests.SkiPatrolHasNoAccessToAdminFunctions" computerName="DESKTOP-TJ9D65N" duration="00:00:00.0029849" startTime="2022-10-15T20:17:17.8858371+03:00" endTime="2022-10-15T20:17:17.8858373+03:00" testType="13cdc9d9-ddb5-4fa4-a97d-d965ccfc6d4b" outcome="Passed" testListId="8c84fa94-04c1-424b-9868-57a2d4851a1d" relativeResultsDirectory="e4272454-d515-4b14-bba9-6e12d213d534" />
    <UnitTestResult executionId="a60c8f18-41a6-46f9-89e6-3c6743603b58" testId="cc73ca50-8f7a-c99f-fe68-9d939e2177da" testName="BL.Tests.LiftsServiceTest.TestGetLiftsInfoAsync(userID: 82, initialLifts: [Lift { LiftID = 50, LiftName = liftNamec509c8b8-df5b-4cc4-8421-145e7ff87e10, IsOpen = True, SeatsAmount = 12, LiftingTime = 208, QueueTime = 180, ConnectedSlopes =  }, Lift { LiftID = 58, LiftName = liftName4512abf1-1cb3-4d4f-a10e-0083d868d353, IsOpen = False, SeatsAmount = 206, LiftingTime = 247, QueueTime = 127, ConnectedSlopes =  }, Lift { LiftID = 96, LiftName = liftNamec1de059b-8743-47c4-ba1a-35dcf3a1cb34, IsOpen = True, SeatsAmount = 59, LiftingTime = 31, QueueTime = 37, ConnectedSlopes =  }], checkPermissionServiceMock: Mock&lt;ICheckPermissionService:2&gt;, liftsRepositoryStub: Mock&lt;ILiftsRepository:2&gt;, liftsSlopesRepositoryStub: Mock&lt;ILiftsSlopesRepository:2&gt;, sut: LiftsService { })" computerName="DESKTOP-TJ9D65N" duration="00:00:00.0869155" startTime="2022-10-15T20:17:17.7703366+03:00" endTime="2022-10-15T20:17:17.7703367+03:00" testType="13cdc9d9-ddb5-4fa4-a97d-d965ccfc6d4b" outcome="Passed" testListId="8c84fa94-04c1-424b-9868-57a2d4851a1d" relativeResultsDirectory="a60c8f18-41a6-46f9-89e6-3c6743603b58" />
    <UnitTestResult executionId="3428e3e6-021f-4cdd-99c5-39f901b32a8b" testId="e2d7e5be-3dae-33ae-fb17-c704b6fd58d6" testName="BL.Tests.CheckPermissionsServiceTests.UnauthorizedHasNoAccessToAdminFunctions" computerName="DESKTOP-TJ9D65N" duration="00:00:00.0025440" startTime="2022-10-15T20:17:17.8802240+03:00" endTime="2022-10-15T20:17:17.8802241+03:00" testType="13cdc9d9-ddb5-4fa4-a97d-d965ccfc6d4b" outcome="Passed" testListId="8c84fa94-04c1-424b-9868-57a2d4851a1d" relativeResultsDirectory="3428e3e6-021f-4cdd-99c5-39f901b32a8b" />
    <UnitTestResult executionId="874c4caf-1430-4046-bd6f-f32eac31e167" testId="69340bb6-3645-f9dd-971e-29d8b2a009bb" testName="BL.Tests.UsersServiceTests.TestLogInWithWrongPassword" computerName="DESKTOP-TJ9D65N" duration="00:00:00.0026632" startTime="2022-10-15T20:17:17.8615228+03:00" endTime="2022-10-15T20:17:17.8615231+03:00" testType="13cdc9d9-ddb5-4fa4-a97d-d965ccfc6d4b" outcome="Passed" testListId="8c84fa94-04c1-424b-9868-57a2d4851a1d" relativeResultsDirectory="874c4caf-1430-4046-bd6f-f32eac31e167" />
    <UnitTestResult executionId="052b24ce-1fe0-4810-9f4d-d048ca05421b" testId="fa960c5e-f989-2880-784e-8efe538c5231" testName="BL.Tests.CheckPermissionsServiceTests.UnauthorizedHasNoAccessToAuthorizedFunctions(functionName: &quot;LogOutAsync&quot;)" computerName="DESKTOP-TJ9D65N" duration="00:00:00.0021900" startTime="2022-10-15T20:17:17.8529305+03:00" endTime="2022-10-15T20:17:17.8529306+03:00" testType="13cdc9d9-ddb5-4fa4-a97d-d965ccfc6d4b" outcome="Passed" testListId="8c84fa94-04c1-424b-9868-57a2d4851a1d" relativeResultsDirectory="052b24ce-1fe0-4810-9f4d-d048ca05421b" />
    <UnitTestResult executionId="809c87f4-67d4-45de-a85b-e45b373adebd" testId="f7d4cbbc-3b58-1c6b-76f1-c3b7c9892343" testName="BL.Tests.LiftsSlopesServiceTests.TestAdminAddAutoIncrementLiftSlopeAsync(lift: Lift { LiftID = 191, LiftName = liftName00d3738e-9d6c-4aef-b153-44280586721e, IsOpen = True, SeatsAmount = 164, LiftingTime = 227, QueueTime = 135, ConnectedSlopes =  }, slope: Slope { SlopeID = 177, SlopeName = slopeNameca2321ce-b5a6-4595-b81e-3fcf7b74262c, IsOpen = False, DifficultyLevel = 240, ConnectedLifts =  }, slopesRepositoryStub: Mock&lt;ISlopesRepository:3&gt;, liftsRepositoryStub: Mock&lt;ILiftsRepository:8&gt;, liftsSlopesRepositoryStub: Mock&lt;ILiftsSlopesRepository:8&gt;)" computerName="DESKTOP-TJ9D65N" duration="00:00:00.0092608" startTime="2022-10-15T20:17:17.8506848+03:00" endTime="2022-10-15T20:17:17.8506849+03:00" testType="13cdc9d9-ddb5-4fa4-a97d-d965ccfc6d4b" outcome="Passed" testListId="8c84fa94-04c1-424b-9868-57a2d4851a1d" relativeResultsDirectory="809c87f4-67d4-45de-a85b-e45b373adebd" />
    <UnitTestResult executionId="1c4e1632-66c5-477f-87e5-5c97156636db" testId="660e19ad-7abe-044f-958f-cad175bb1ec8" testName="BL.Tests.LiftsServiceTest.TestAdminDeleteLiftAsync(userID: 153, lift: Lift { LiftID = 123, LiftName = liftName48a95862-86cd-42c2-b1eb-dc992e005abd, IsOpen = True, SeatsAmount = 39, LiftingTime = 98, QueueTime = 225, ConnectedSlopes =  }, checkPermissionServiceMock: Mock&lt;ICheckPermissionService:4&gt;, liftsRepositoryStub: Mock&lt;ILiftsRepository:4&gt;, liftsSlopesRepositoryStub: Mock&lt;ILiftsSlopesRepository:4&gt;, sut: LiftsService { })" computerName="DESKTOP-TJ9D65N" duration="00:00:00.0114178" startTime="2022-10-15T20:17:17.8506592+03:00" endTime="2022-10-15T20:17:17.8506593+03:00" testType="13cdc9d9-ddb5-4fa4-a97d-d965ccfc6d4b" outcome="Passed" testListId="8c84fa94-04c1-424b-9868-57a2d4851a1d" relativeResultsDirectory="1c4e1632-66c5-477f-87e5-5c97156636db" />
    <UnitTestResult executionId="ed89678a-9c97-4a7f-800d-85b7d4ebd319" testId="834c739b-eca4-b36d-6a66-5a1bd75377b8" testName="BL.Tests.UsersServiceTests.TestAdminAddAutoIncrementUser" computerName="DESKTOP-TJ9D65N" duration="00:00:00.0084365" startTime="2022-10-15T20:17:17.8729308+03:00" endTime="2022-10-15T20:17:17.8729309+03:00" testType="13cdc9d9-ddb5-4fa4-a97d-d965ccfc6d4b" outcome="Passed" testListId="8c84fa94-04c1-424b-9868-57a2d4851a1d" relativeResultsDirectory="ed89678a-9c97-4a7f-800d-85b7d4ebd319" />
    <UnitTestResult executionId="ed07c7a4-05c1-4deb-9b82-69e44be5e84f" testId="894941c1-bfa7-d8f9-c047-1e1ceefe2c2f" testName="BL.Tests.UsersServiceTests.TestRegisterUserWithRepeatedEmail" computerName="DESKTOP-TJ9D65N" duration="00:00:00.0042040" startTime="2022-10-15T20:17:17.8525220+03:00" endTime="2022-10-15T20:17:17.8525221+03:00" testType="13cdc9d9-ddb5-4fa4-a97d-d965ccfc6d4b" outcome="Passed" testListId="8c84fa94-04c1-424b-9868-57a2d4851a1d" relativeResultsDirectory="ed07c7a4-05c1-4deb-9b82-69e44be5e84f" />
    <UnitTestResult executionId="9fe3c871-1ee4-4598-924c-0f036fbc35f5" testId="c6b877fd-67c1-b1fa-b546-41934fc2bb69" testName="BL.Tests.SlopesServiceTest.TestAdminDeleteSlopeAsync(userID: 82, slope: Slope { SlopeID = 202, SlopeName = slopeName8d231169-2e00-42d6-aa03-14525ee93d52, IsOpen = True, DifficultyLevel = 212, ConnectedLifts =  }, checkPermissionServiceMock: Mock&lt;ICheckPermissionService:9&gt;, slopesRepositoryStub: Mock&lt;ISlopesRepository:7&gt;, liftsSlopesRepositoryStub: Mock&lt;ILiftsSlopesRepository:12&gt;, sut: SlopesService { })" computerName="DESKTOP-TJ9D65N" duration="00:00:00.0054244" startTime="2022-10-15T20:17:17.8552583+03:00" endTime="2022-10-15T20:17:17.8552584+03:00" testType="13cdc9d9-ddb5-4fa4-a97d-d965ccfc6d4b" outcome="Passed" testListId="8c84fa94-04c1-424b-9868-57a2d4851a1d" relativeResultsDirectory="9fe3c871-1ee4-4598-924c-0f036fbc35f5" />
    <UnitTestResult executionId="4c3d08e5-3353-4a4c-a1ea-956156a192f4" testId="2d706594-f2b3-b3c8-21d4-86c9798c3306" testName="BL.Tests.CheckPermissionsServiceTests.SkiPatrolHasAccessToAdminSkiPatrolFunctions(functionName: &quot;GetLiftsSlopesInfoAsync&quot;)" computerName="DESKTOP-TJ9D65N" duration="00:00:00.0053982" startTime="2022-10-15T20:17:17.8538632+03:00" endTime="2022-10-15T20:17:17.8538632+03:00" testType="13cdc9d9-ddb5-4fa4-a97d-d965ccfc6d4b" outcome="Passed" testListId="8c84fa94-04c1-424b-9868-57a2d4851a1d" relativeResultsDirectory="4c3d08e5-3353-4a4c-a1ea-956156a192f4" />
    <UnitTestResult executionId="d5324f6f-9da6-4426-a78f-0fd2196b47ba" testId="a2e59116-cb53-1d70-9cb8-21c286516866" testName="BL.Tests.CheckPermissionsServiceTests.AuthorizedHasNoAccessToAdminFunctions" computerName="DESKTOP-TJ9D65N" duration="00:00:00.0034050" startTime="2022-10-15T20:17:17.8552256+03:00" endTime="2022-10-15T20:17:17.8552257+03:00" testType="13cdc9d9-ddb5-4fa4-a97d-d965ccfc6d4b" outcome="Passed" testListId="8c84fa94-04c1-424b-9868-57a2d4851a1d" relativeResultsDirectory="d5324f6f-9da6-4426-a78f-0fd2196b47ba" />
    <UnitTestResult executionId="74e85b77-ea36-4d08-a96b-5addc0b8e585" testId="c36970dc-93f7-753e-fa47-157133b01644" testName="BL.Tests.CheckPermissionsServiceTests.SkiPatrolHasAccessToAdminSkiPatrolFunctions(functionName: &quot;GetMessagesAsync&quot;)" computerName="DESKTOP-TJ9D65N" duration="00:00:00.0093170" startTime="2022-10-15T20:17:17.8547882+03:00" endTime="2022-10-15T20:17:17.8547883+03:00" testType="13cdc9d9-ddb5-4fa4-a97d-d965ccfc6d4b" outcome="Passed" testListId="8c84fa94-04c1-424b-9868-57a2d4851a1d" relativeResultsDirectory="74e85b77-ea36-4d08-a96b-5addc0b8e585" />
  </Results>
  <TestDefinitions>
    <UnitTest name="BL.Tests.CheckPermissionsServiceTests.AuthorizedHasNoAccessToAdminSkiPatrolFunctions(functionName: &quot;MarkMessageReadByUserAsync&quot;)" storage="c:\users\alena\desktop\7_sem\testing_and_debugging\skiresort\bl.tests\bin\debug\net6.0\bl.tests.dll" id="9c7df5e2-1b23-ebea-889f-b78ca86b60ab">
      <Execution id="bde21843-3170-41fc-9725-d83b41e99d1a" />
      <TestMethod codeBase="C:\Users\alena\Desktop\7_sem\testing_and_debugging\SkiResort\BL.Tests\bin\Debug\net6.0\BL.Tests.dll" adapterTypeName="executor://xunit/VsTestRunner2/netcoreapp" className="BL.Tests.CheckPermissionsServiceTests" name="AuthorizedHasNoAccessToAdminSkiPatrolFunctions" />
    </UnitTest>
    <UnitTest name="BL.Tests.LiftsSlopesServiceTests.TestAdminDeleteLiftSlopeAsync(lift: Lift { LiftID = 45, LiftName = liftName264c2d89-003e-41e6-afba-e2e2d4dcb753, IsOpen = True, SeatsAmount = 237, LiftingTime = 152, QueueTime = 20, ConnectedSlopes =  }, slope: Slope { SlopeID = 238, SlopeName = slopeNameb719bd83-fc66-48d2-8569-30eca14bb9f3, IsOpen = False, DifficultyLevel = 142, ConnectedLifts =  }, slopesRepositoryStub: Mock&lt;ISlopesRepository:2&gt;, liftsRepo..." storage="c:\users\alena\desktop\7_sem\testing_and_debugging\skiresort\bl.tests\bin\debug\net6.0\bl.tests.dll" id="567b0366-766f-3517-69e1-fbd886ec938b">
      <Execution id="551e98d2-d321-4467-9c82-afd796fe2f00" />
      <TestMethod codeBase="C:\Users\alena\Desktop\7_sem\testing_and_debugging\SkiResort\BL.Tests\bin\Debug\net6.0\BL.Tests.dll" adapterTypeName="executor://xunit/VsTestRunner2/netcoreapp" className="BL.Tests.LiftsSlopesServiceTests" name="TestAdminDeleteLiftSlopeAsync" />
    </UnitTest>
    <UnitTest name="BL.Tests.CheckPermissionsServiceTests.UnauthorizedHasNoAccessToAdminSkiPatrolFunctions(functionName: &quot;MarkMessageReadByUserAsync&quot;)" storage="c:\users\alena\desktop\7_sem\testing_and_debugging\skiresort\bl.tests\bin\debug\net6.0\bl.tests.dll" id="a19a5fcf-c5d2-7d44-5d7d-84403042f4e0">
      <Execution id="4ae2220b-8410-45ee-8e37-f9f86c09a0c8" />
      <TestMethod codeBase="C:\Users\alena\Desktop\7_sem\testing_and_debugging\SkiResort\BL.Tests\bin\Debug\net6.0\BL.Tests.dll" adapterTypeName="executor://xunit/VsTestRunner2/netcoreapp" className="BL.Tests.CheckPermissionsServiceTests" name="UnauthorizedHasNoAccessToAdminSkiPatrolFunctions" />
    </UnitTest>
    <UnitTest name="BL.Tests.TurnstilesServiceTest.TestAdminAddAutoIncrementTurnstileAsync(userID: 123, turnstile: Turnstile { TurnstileID = 32, LiftID = 161, IsOpen = True }, checkPermissionServiceMock: Mock&lt;ICheckPermissionService:16&gt;, turnstilesRepositoryStub: Mock&lt;ITurnstilesRepository:10&gt;, sut: TurnstilesService { })" storage="c:\users\alena\desktop\7_sem\testing_and_debugging\skiresort\bl.tests\bin\debug\net6.0\bl.tests.dll" id="cc380b3f-11c4-5062-9914-4eab548c57bb">
      <Execution id="116dbc2b-52b0-4dce-b772-cb73c8d165f8" />
      <TestMethod codeBase="C:\Users\alena\Desktop\7_sem\testing_and_debugging\SkiResort\BL.Tests\bin\Debug\net6.0\BL.Tests.dll" adapterTypeName="executor://xunit/VsTestRunner2/netcoreapp" className="BL.Tests.TurnstilesServiceTest" name="TestAdminAddAutoIncrementTurnstileAsync" />
    </UnitTest>
    <UnitTest name="BL.Tests.CheckPermissionsServiceTests.AuthorizedHasNoAccessToAdminFunctions" storage="c:\users\alena\desktop\7_sem\testing_and_debugging\skiresort\bl.tests\bin\debug\net6.0\bl.tests.dll" id="a2e59116-cb53-1d70-9cb8-21c286516866">
      <Execution id="d5324f6f-9da6-4426-a78f-0fd2196b47ba" />
      <TestMethod codeBase="C:\Users\alena\Desktop\7_sem\testing_and_debugging\SkiResort\BL.Tests\bin\Debug\net6.0\BL.Tests.dll" adapterTypeName="executor://xunit/VsTestRunner2/netcoreapp" className="BL.Tests.CheckPermissionsServiceTests" name="AuthorizedHasNoAccessToAdminFunctions" />
    </UnitTest>
    <UnitTest name="BL.Tests.CheckPermissionsServiceTests.SkiPatrolHasAccessToAdminSkiPatrolFunctions(functionName: &quot;GetMessagesAsync&quot;)" storage="c:\users\alena\desktop\7_sem\testing_and_debugging\skiresort\bl.tests\bin\debug\net6.0\bl.tests.dll" id="c36970dc-93f7-753e-fa47-157133b01644">
      <Execution id="74e85b77-ea36-4d08-a96b-5addc0b8e585" />
      <TestMethod codeBase="C:\Users\alena\Desktop\7_sem\testing_and_debugging\SkiResort\BL.Tests\bin\Debug\net6.0\BL.Tests.dll" adapterTypeName="executor://xunit/VsTestRunner2/netcoreapp" className="BL.Tests.CheckPermissionsServiceTests" name="SkiPatrolHasAccessToAdminSkiPatrolFunctions" />
    </UnitTest>
    <UnitTest name="BL.Tests.CheckPermissionsServiceTests.AuthorizedHasNoAccessToAdminSkiPatrolFunctions(functionName: &quot;GetMessagesAsync&quot;)" storage="c:\users\alena\desktop\7_sem\testing_and_debugging\skiresort\bl.tests\bin\debug\net6.0\bl.tests.dll" id="2602613f-c8e2-a6d9-fcf7-5b27d4a770a6">
      <Execution id="80a45c13-d3be-4cbf-ac31-f9550fa8b97c" />
      <TestMethod codeBase="C:\Users\alena\Desktop\7_sem\testing_and_debugging\SkiResort\BL.Tests\bin\Debug\net6.0\BL.Tests.dll" adapterTypeName="executor://xunit/VsTestRunner2/netcoreapp" className="BL.Tests.CheckPermissionsServiceTests" name="AuthorizedHasNoAccessToAdminSkiPatrolFunctions" />
    </UnitTest>
    <UnitTest name="BL.Tests.CheckPermissionsServiceTests.AdminHasAccessToAllFunctions" storage="c:\users\alena\desktop\7_sem\testing_and_debugging\skiresort\bl.tests\bin\debug\net6.0\bl.tests.dll" id="f3efc418-a8a6-c7b7-9bac-90b33aa8472f">
      <Execution id="600c02a4-80d1-4b7a-b3ee-e171b8b25aab" />
      <TestMethod codeBase="C:\Users\alena\Desktop\7_sem\testing_and_debugging\SkiResort\BL.Tests\bin\Debug\net6.0\BL.Tests.dll" adapterTypeName="executor://xunit/VsTestRunner2/netcoreapp" className="BL.Tests.CheckPermissionsServiceTests" name="AdminHasAccessToAllFunctions" />
    </UnitTest>
    <UnitTest name="BL.Tests.SlopesServiceTest.TestGetSlopeInfoAsync(userID: 7, slope: Slope { SlopeID = 29, SlopeName = slopeNameffb926e9-87d9-4846-a05c-ded10bd24b67, IsOpen = True, DifficultyLevel = 62, ConnectedLifts =  }, checkPermissionServiceMock: Mock&lt;ICheckPermissionService:6&gt;, slopesRepositoryStub: Mock&lt;ISlopesRepository:4&gt;, liftsSlopesRepositoryStub: Mock&lt;ILiftsSlopesRepository:9&gt;, sut: SlopesService { })" storage="c:\users\alena\desktop\7_sem\testing_and_debugging\skiresort\bl.tests\bin\debug\net6.0\bl.tests.dll" id="b3db15bc-8266-6bf8-b546-ab40dc3ae955">
      <Execution id="63424014-934d-42ed-8576-8e116a8813c3" />
      <TestMethod codeBase="C:\Users\alena\Desktop\7_sem\testing_and_debugging\SkiResort\BL.Tests\bin\Debug\net6.0\BL.Tests.dll" adapterTypeName="executor://xunit/VsTestRunner2/netcoreapp" className="BL.Tests.SlopesServiceTest" name="TestGetSlopeInfoAsync" />
    </UnitTest>
    <UnitTest name="BL.Tests.UsersServiceTests.TestRegisterUserWithNoPassword" storage="c:\users\alena\desktop\7_sem\testing_and_debugging\skiresort\bl.tests\bin\debug\net6.0\bl.tests.dll" id="f44a1b21-8efc-bfac-63b4-d534442def31">
      <Execution id="1bf4c284-5967-46f5-8707-93193dbf279e" />
      <TestMethod codeBase="C:\Users\alena\Desktop\7_sem\testing_and_debugging\SkiResort\BL.Tests\bin\Debug\net6.0\BL.Tests.dll" adapterTypeName="executor://xunit/VsTestRunner2/netcoreapp" className="BL.Tests.UsersServiceTests" name="TestRegisterUserWithNoPassword" />
    </UnitTest>
    <UnitTest name="BL.Tests.UsersServiceTests.TestAdminGetUserByIDAsync" storage="c:\users\alena\desktop\7_sem\testing_and_debugging\skiresort\bl.tests\bin\debug\net6.0\bl.tests.dll" id="e5497347-2721-b7a6-0bd4-69a9921f6947">
      <Execution id="b1eb1fc2-641b-49e2-aa5e-1d089e75481b" />
      <TestMethod codeBase="C:\Users\alena\Desktop\7_sem\testing_and_debugging\SkiResort\BL.Tests\bin\Debug\net6.0\BL.Tests.dll" adapterTypeName="executor://xunit/VsTestRunner2/netcoreapp" className="BL.Tests.UsersServiceTests" name="TestAdminGetUserByIDAsync" />
    </UnitTest>
    <UnitTest name="BL.Tests.LiftsServiceTest.TestGetLiftInfoAsync(userID: 14, lift: Lift { LiftID = 4, LiftName = liftNameb1d8c553-d036-4f70-9acc-17485ed8c83b, IsOpen = True, SeatsAmount = 44, LiftingTime = 179, QueueTime = 171, ConnectedSlopes =  }, checkPermissionServiceMock: Mock&lt;ICheckPermissionService:1&gt;, liftsRepositoryStub: Mock&lt;ILiftsRepository:1&gt;, liftsSlopesRepositoryStub: Mock&lt;ILiftsSlopesRepository:1&gt;, sut: LiftsService { })" storage="c:\users\alena\desktop\7_sem\testing_and_debugging\skiresort\bl.tests\bin\debug\net6.0\bl.tests.dll" id="e38014b1-0d68-3b1b-12e5-f93ea4af678a">
      <Execution id="f01cb0d1-f006-49bf-bb99-2fb2db19c46c" />
      <TestMethod codeBase="C:\Users\alena\Desktop\7_sem\testing_and_debugging\SkiResort\BL.Tests\bin\Debug\net6.0\BL.Tests.dll" adapterTypeName="executor://xunit/VsTestRunner2/netcoreapp" className="BL.Tests.LiftsServiceTest" name="TestGetLiftInfoAsync" />
    </UnitTest>
    <UnitTest name="BL.Tests.UsersServiceTests.TestAdminAddAutoIncrementUser" storage="c:\users\alena\desktop\7_sem\testing_and_debugging\skiresort\bl.tests\bin\debug\net6.0\bl.tests.dll" id="834c739b-eca4-b36d-6a66-5a1bd75377b8">
      <Execution id="ed89678a-9c97-4a7f-800d-85b7d4ebd319" />
      <TestMethod codeBase="C:\Users\alena\Desktop\7_sem\testing_and_debugging\SkiResort\BL.Tests\bin\Debug\net6.0\BL.Tests.dll" adapterTypeName="executor://xunit/VsTestRunner2/netcoreapp" className="BL.Tests.UsersServiceTests" name="TestAdminAddAutoIncrementUser" />
    </UnitTest>
    <UnitTest name="BL.Tests.CheckPermissionsServiceTests.UnauthorizedHasNoAccessToAdminSkiPatrolFunctions(functionName: &quot;GetLiftsSlopesInfoAsync&quot;)" storage="c:\users\alena\desktop\7_sem\testing_and_debugging\skiresort\bl.tests\bin\debug\net6.0\bl.tests.dll" id="387c9729-48c1-486e-5e67-f5d11a9f0db8">
      <Execution id="11841000-448d-45e7-a033-71760ea0efc9" />
      <TestMethod codeBase="C:\Users\alena\Desktop\7_sem\testing_and_debugging\SkiResort\BL.Tests\bin\Debug\net6.0\BL.Tests.dll" adapterTypeName="executor://xunit/VsTestRunner2/netcoreapp" className="BL.Tests.CheckPermissionsServiceTests" name="UnauthorizedHasNoAccessToAdminSkiPatrolFunctions" />
    </UnitTest>
    <UnitTest name="BL.Tests.LiftsServiceTest.TestUpdateLiftInfoAsync(userID: 255, lift: Lift { LiftID = 116, LiftName = liftNamed6c2ff9a-7a7e-435a-8258-f210c579a988, IsOpen = True, SeatsAmount = 181, LiftingTime = 223, QueueTime = 121, ConnectedSlopes =  }, checkPermissionServiceMock: Mock&lt;ICheckPermissionService:3&gt;, liftsRepositoryStub: Mock&lt;ILiftsRepository:3&gt;, sut: LiftsService { })" storage="c:\users\alena\desktop\7_sem\testing_and_debugging\skiresort\bl.tests\bin\debug\net6.0\bl.tests.dll" id="1fe7f794-6e0d-bc64-e95c-576fed104ad1">
      <Execution id="8f7c4a59-8756-4446-b2c0-6db57d39c418" />
      <TestMethod codeBase="C:\Users\alena\Desktop\7_sem\testing_and_debugging\SkiResort\BL.Tests\bin\Debug\net6.0\BL.Tests.dll" adapterTypeName="executor://xunit/VsTestRunner2/netcoreapp" className="BL.Tests.LiftsServiceTest" name="TestUpdateLiftInfoAsync" />
    </UnitTest>
    <UnitTest name="BL.Tests.CheckPermissionsServiceTests.SkiPatrolHasAccessToAdminSkiPatrolFunctions(functionName: &quot;MarkMessageReadByUserAsync&quot;)" storage="c:\users\alena\desktop\7_sem\testing_and_debugging\skiresort\bl.tests\bin\debug\net6.0\bl.tests.dll" id="60bd668f-04df-da5e-b79b-5d9aedb5234d">
      <Execution id="a10a2122-1668-469d-b4fb-9716292d7969" />
      <TestMethod codeBase="C:\Users\alena\Desktop\7_sem\testing_and_debugging\SkiResort\BL.Tests\bin\Debug\net6.0\BL.Tests.dll" adapterTypeName="executor://xunit/VsTestRunner2/netcoreapp" className="BL.Tests.CheckPermissionsServiceTests" name="SkiPatrolHasAccessToAdminSkiPatrolFunctions" />
    </UnitTest>
    <UnitTest name="BL.Tests.CheckPermissionsServiceTests.UnauthorizedHasNoAccessToAdminFunctions" storage="c:\users\alena\desktop\7_sem\testing_and_debugging\skiresort\bl.tests\bin\debug\net6.0\bl.tests.dll" id="e2d7e5be-3dae-33ae-fb17-c704b6fd58d6">
      <Execution id="3428e3e6-021f-4cdd-99c5-39f901b32a8b" />
      <TestMethod codeBase="C:\Users\alena\Desktop\7_sem\testing_and_debugging\SkiResort\BL.Tests\bin\Debug\net6.0\BL.Tests.dll" adapterTypeName="executor://xunit/VsTestRunner2/netcoreapp" className="BL.Tests.CheckPermissionsServiceTests" name="UnauthorizedHasNoAccessToAdminFunctions" />
    </UnitTest>
    <UnitTest name="BL.Tests.TurnstilesServiceTest.TestAdminGetTurnstilesAsync(userID: 145, initialTurnstiles: [Turnstile { TurnstileID = 226, LiftID = 10, IsOpen = True }, Turnstile { TurnstileID = 249, LiftID = 211, IsOpen = False }, Turnstile { TurnstileID = 28, LiftID = 115, IsOpen = True }], checkPermissionServiceMock: Mock&lt;ICheckPermissionService:13&gt;, turnstilesRepositoryStub: Mock&lt;ITurnstilesRepository:7&gt;, sut: TurnstilesService { })" storage="c:\users\alena\desktop\7_sem\testing_and_debugging\skiresort\bl.tests\bin\debug\net6.0\bl.tests.dll" id="6ff8ce2c-045d-9f9c-e839-f0133f49e216">
      <Execution id="862de8cf-cbe7-495a-8a3b-83582ecd16de" />
      <TestMethod codeBase="C:\Users\alena\Desktop\7_sem\testing_and_debugging\SkiResort\BL.Tests\bin\Debug\net6.0\BL.Tests.dll" adapterTypeName="executor://xunit/VsTestRunner2/netcoreapp" className="BL.Tests.TurnstilesServiceTest" name="TestAdminGetTurnstilesAsync" />
    </UnitTest>
    <UnitTest name="BL.Tests.CheckPermissionsServiceTests.SkiPatrolHasAccessToAdminSkiPatrolFunctions(functionName: &quot;GetLiftsSlopesInfoAsync&quot;)" storage="c:\users\alena\desktop\7_sem\testing_and_debugging\skiresort\bl.tests\bin\debug\net6.0\bl.tests.dll" id="2d706594-f2b3-b3c8-21d4-86c9798c3306">
      <Execution id="4c3d08e5-3353-4a4c-a1ea-956156a192f4" />
      <TestMethod codeBase="C:\Users\alena\Desktop\7_sem\testing_and_debugging\SkiResort\BL.Tests\bin\Debug\net6.0\BL.Tests.dll" adapterTypeName="executor://xunit/VsTestRunner2/netcoreapp" className="BL.Tests.CheckPermissionsServiceTests" name="SkiPatrolHasAccessToAdminSkiPatrolFunctions" />
    </UnitTest>
    <UnitTest name="BL.Tests.UsersServiceTests.TestLogInWithWrongPassword" storage="c:\users\alena\desktop\7_sem\testing_and_debugging\skiresort\bl.tests\bin\debug\net6.0\bl.tests.dll" id="69340bb6-3645-f9dd-971e-29d8b2a009bb">
      <Execution id="874c4caf-1430-4046-bd6f-f32eac31e167" />
      <TestMethod codeBase="C:\Users\alena\Desktop\7_sem\testing_and_debugging\SkiResort\BL.Tests\bin\Debug\net6.0\BL.Tests.dll" adapterTypeName="executor://xunit/VsTestRunner2/netcoreapp" className="BL.Tests.UsersServiceTests" name="TestLogInWithWrongPassword" />
    </UnitTest>
    <UnitTest name="BL.Tests.CheckPermissionsServiceTests.SkiPatrolHasNoAccessToAdminFunctions" storage="c:\users\alena\desktop\7_sem\testing_and_debugging\skiresort\bl.tests\bin\debug\net6.0\bl.tests.dll" id="492c0393-35b4-df26-a537-21ca08302f3c">
      <Execution id="e4272454-d515-4b14-bba9-6e12d213d534" />
      <TestMethod codeBase="C:\Users\alena\Desktop\7_sem\testing_and_debugging\SkiResort\BL.Tests\bin\Debug\net6.0\BL.Tests.dll" adapterTypeName="executor://xunit/VsTestRunner2/netcoreapp" className="BL.Tests.CheckPermissionsServiceTests" name="SkiPatrolHasNoAccessToAdminFunctions" />
    </UnitTest>
    <UnitTest name="BL.Tests.UsersServiceTests.TestAdminDeleteUser" storage="c:\users\alena\desktop\7_sem\testing_and_debugging\skiresort\bl.tests\bin\debug\net6.0\bl.tests.dll" id="18fa8c62-e27d-e1fc-8182-4d7db62b008d">
      <Execution id="4ecd03e1-84ff-4bc6-a0f0-a5a61d641c89" />
      <TestMethod codeBase="C:\Users\alena\Desktop\7_sem\testing_and_debugging\SkiResort\BL.Tests\bin\Debug\net6.0\BL.Tests.dll" adapterTypeName="executor://xunit/VsTestRunner2/netcoreapp" className="BL.Tests.UsersServiceTests" name="TestAdminDeleteUser" />
    </UnitTest>
    <UnitTest name="BL.Tests.CheckPermissionsServiceTests.AuthorizedHasAccessToAuthorizedFunctions(functionName: &quot;LogOutAsync&quot;)" storage="c:\users\alena\desktop\7_sem\testing_and_debugging\skiresort\bl.tests\bin\debug\net6.0\bl.tests.dll" id="aa28a6b3-21d3-aa45-24d3-bef2facbc899">
      <Execution id="fa98f53f-e14d-44a4-9ba2-20760b980ed8" />
      <TestMethod codeBase="C:\Users\alena\Desktop\7_sem\testing_and_debugging\SkiResort\BL.Tests\bin\Debug\net6.0\BL.Tests.dll" adapterTypeName="executor://xunit/VsTestRunner2/netcoreapp" className="BL.Tests.CheckPermissionsServiceTests" name="AuthorizedHasAccessToAuthorizedFunctions" />
    </UnitTest>
    <UnitTest name="BL.Tests.TurnstilesServiceTest.TestAdminGetTurnstileAsync(userID: 97, turnstile: Turnstile { TurnstileID = 180, LiftID = 98, IsOpen = True }, checkPermissionServiceMock: Mock&lt;ICheckPermissionService:12&gt;, turnstilesRepositoryStub: Mock&lt;ITurnstilesRepository:6&gt;, sut: TurnstilesService { })" storage="c:\users\alena\desktop\7_sem\testing_and_debugging\skiresort\bl.tests\bin\debug\net6.0\bl.tests.dll" id="81c03ccb-b887-7cc3-b67f-722c0a7e897a">
      <Execution id="417e84e4-d286-4d6a-9add-82a266a51483" />
      <TestMethod codeBase="C:\Users\alena\Desktop\7_sem\testing_and_debugging\SkiResort\BL.Tests\bin\Debug\net6.0\BL.Tests.dll" adapterTypeName="executor://xunit/VsTestRunner2/netcoreapp" className="BL.Tests.TurnstilesServiceTest" name="TestAdminGetTurnstileAsync" />
    </UnitTest>
    <UnitTest name="BL.Tests.UsersServiceTests.TestAdminUpdateUser" storage="c:\users\alena\desktop\7_sem\testing_and_debugging\skiresort\bl.tests\bin\debug\net6.0\bl.tests.dll" id="06d0bc3a-24a0-fb7f-4277-e9ae6d21c7dd">
      <Execution id="92fffbb7-f71c-4126-8e8c-324c1443cd3f" />
      <TestMethod codeBase="C:\Users\alena\Desktop\7_sem\testing_and_debugging\SkiResort\BL.Tests\bin\Debug\net6.0\BL.Tests.dll" adapterTypeName="executor://xunit/VsTestRunner2/netcoreapp" className="BL.Tests.UsersServiceTests" name="TestAdminUpdateUser" />
    </UnitTest>
    <UnitTest name="BL.Tests.LiftsServiceTest.TestAdminAddAutoIncrementLiftAsync(userID: 173, lift: Lift { LiftID = 42, LiftName = liftName41c603a7-98c0-4c42-a5a2-359877e2bf39, IsOpen = True, SeatsAmount = 117, LiftingTime = 95, QueueTime = 126, ConnectedSlopes =  }, checkPermissionServiceMock: Mock&lt;ICheckPermissionService:5&gt;, liftsRepositoryStub: Mock&lt;ILiftsRepository:5&gt;, sut: LiftsService { })" storage="c:\users\alena\desktop\7_sem\testing_and_debugging\skiresort\bl.tests\bin\debug\net6.0\bl.tests.dll" id="c18562b8-c2ad-919a-d86a-ead8be0418e1">
      <Execution id="7fdc7ab5-bfed-4e9a-acaf-6411c50c0330" />
      <TestMethod codeBase="C:\Users\alena\Desktop\7_sem\testing_and_debugging\SkiResort\BL.Tests\bin\Debug\net6.0\BL.Tests.dll" adapterTypeName="executor://xunit/VsTestRunner2/netcoreapp" className="BL.Tests.LiftsServiceTest" name="TestAdminAddAutoIncrementLiftAsync" />
    </UnitTest>
    <UnitTest name="BL.Tests.UsersServiceTests.TestLogInOk" storage="c:\users\alena\desktop\7_sem\testing_and_debugging\skiresort\bl.tests\bin\debug\net6.0\bl.tests.dll" id="1ca07ad8-f799-c5d4-e7cc-34fd950198a2">
      <Execution id="a78541b3-063d-4013-8bed-f73219b5181b" />
      <TestMethod codeBase="C:\Users\alena\Desktop\7_sem\testing_and_debugging\SkiResort\BL.Tests\bin\Debug\net6.0\BL.Tests.dll" adapterTypeName="executor://xunit/VsTestRunner2/netcoreapp" className="BL.Tests.UsersServiceTests" name="TestLogInOk" />
    </UnitTest>
    <UnitTest name="BL.Tests.UsersServiceTests.TestAdminGetUsers" storage="c:\users\alena\desktop\7_sem\testing_and_debugging\skiresort\bl.tests\bin\debug\net6.0\bl.tests.dll" id="20ad8570-0170-85de-dcd7-2f109dd7bcd6">
      <Execution id="9016aed8-dfa4-4e5c-a701-46ae532bece8" />
      <TestMethod codeBase="C:\Users\alena\Desktop\7_sem\testing_and_debugging\SkiResort\BL.Tests\bin\Debug\net6.0\BL.Tests.dll" adapterTypeName="executor://xunit/VsTestRunner2/netcoreapp" className="BL.Tests.UsersServiceTests" name="TestAdminGetUsers" />
    </UnitTest>
    <UnitTest name="BL.Tests.CheckPermissionsServiceTests.UnauthorizedHasNoAccessToAdminSkiPatrolFunctions(functionName: &quot;GetMessagesAsync&quot;)" storage="c:\users\alena\desktop\7_sem\testing_and_debugging\skiresort\bl.tests\bin\debug\net6.0\bl.tests.dll" id="229812f5-9a73-5335-11f5-31330d1348a5">
      <Execution id="c2e2c092-0e22-4b6a-b769-9a2223f06c52" />
      <TestMethod codeBase="C:\Users\alena\Desktop\7_sem\testing_and_debugging\SkiResort\BL.Tests\bin\Debug\net6.0\BL.Tests.dll" adapterTypeName="executor://xunit/VsTestRunner2/netcoreapp" className="BL.Tests.CheckPermissionsServiceTests" name="UnauthorizedHasNoAccessToAdminSkiPatrolFunctions" />
    </UnitTest>
    <UnitTest name="BL.Tests.LiftsSlopesServiceTests.TestGetLiftsSlopesInfoAsync(liftsSlopes: [LiftSlope { RecordID = 214, LiftID = 57, SlopeID = 204 }, LiftSlope { RecordID = 152, LiftID = 210, SlopeID = 9 }, LiftSlope { RecordID = 4, LiftID = 2, SlopeID = 85 }], slopesRepositoryStub: Mock&lt;ISlopesRepository:1&gt;, liftsRepositoryStub: Mock&lt;ILiftsRepository:6&gt;, liftsSlopesRepositoryStub: Mock&lt;ILiftsSlopesRepository:6&gt;)" storage="c:\users\alena\desktop\7_sem\testing_and_debugging\skiresort\bl.tests\bin\debug\net6.0\bl.tests.dll" id="39be9b5e-0bc4-57dc-37d3-aec6b520299d">
      <Execution id="aa6647f0-9285-44b9-8f0b-41f29befb5da" />
      <TestMethod codeBase="C:\Users\alena\Desktop\7_sem\testing_and_debugging\SkiResort\BL.Tests\bin\Debug\net6.0\BL.Tests.dll" adapterTypeName="executor://xunit/VsTestRunner2/netcoreapp" className="BL.Tests.LiftsSlopesServiceTests" name="TestGetLiftsSlopesInfoAsync" />
    </UnitTest>
    <UnitTest name="BL.Tests.SlopesServiceTest.TestAdminAddAutoIncrementSlopeAsync(userID: 207, slope: Slope { SlopeID = 175, SlopeName = slopeName60b07b11-99d3-442a-967c-786413def248, IsOpen = True, DifficultyLevel = 49, ConnectedLifts =  }, checkPermissionServiceMock: Mock&lt;ICheckPermissionService:10&gt;, slopesRepositoryStub: Mock&lt;ISlopesRepository:8&gt;, sut: SlopesService { })" storage="c:\users\alena\desktop\7_sem\testing_and_debugging\skiresort\bl.tests\bin\debug\net6.0\bl.tests.dll" id="3cb6d5c1-ae7f-2890-be6a-ed3608485122">
      <Execution id="f5d1b4f3-cb62-45da-87ab-025c45944b42" />
      <TestMethod codeBase="C:\Users\alena\Desktop\7_sem\testing_and_debugging\SkiResort\BL.Tests\bin\Debug\net6.0\BL.Tests.dll" adapterTypeName="executor://xunit/VsTestRunner2/netcoreapp" className="BL.Tests.SlopesServiceTest" name="TestAdminAddAutoIncrementSlopeAsync" />
    </UnitTest>
    <UnitTest name="BL.Tests.TurnstilesServiceTest.TestAdminUpdateTurnstileAsync(userID: 126, turnstile: Turnstile { TurnstileID = 57, LiftID = 110, IsOpen = True }, checkPermissionServiceMock: Mock&lt;ICheckPermissionService:14&gt;, turnstilesRepositoryStub: Mock&lt;ITurnstilesRepository:8&gt;, sut: TurnstilesService { })" storage="c:\users\alena\desktop\7_sem\testing_and_debugging\skiresort\bl.tests\bin\debug\net6.0\bl.tests.dll" id="1fe28d61-54a7-5a22-314b-1e3e7af32451">
      <Execution id="7df917e2-0a78-4743-8cf8-95a0548b66a6" />
      <TestMethod codeBase="C:\Users\alena\Desktop\7_sem\testing_and_debugging\SkiResort\BL.Tests\bin\Debug\net6.0\BL.Tests.dll" adapterTypeName="executor://xunit/VsTestRunner2/netcoreapp" className="BL.Tests.TurnstilesServiceTest" name="TestAdminUpdateTurnstileAsync" />
    </UnitTest>
    <UnitTest name="BL.Tests.CheckPermissionsServiceTests.AuthorizedHasNoAccessToAdminSkiPatrolFunctions(functionName: &quot;GetLiftsSlopesInfoAsync&quot;)" storage="c:\users\alena\desktop\7_sem\testing_and_debugging\skiresort\bl.tests\bin\debug\net6.0\bl.tests.dll" id="4f297306-d4f3-8d63-e7f4-1ac0b8c58c74">
      <Execution id="4f19ad8d-a980-43af-a78a-62f1d1fdc0c0" />
      <TestMethod codeBase="C:\Users\alena\Desktop\7_sem\testing_and_debugging\SkiResort\BL.Tests\bin\Debug\net6.0\BL.Tests.dll" adapterTypeName="executor://xunit/VsTestRunner2/netcoreapp" className="BL.Tests.CheckPermissionsServiceTests" name="AuthorizedHasNoAccessToAdminSkiPatrolFunctions" />
    </UnitTest>
    <UnitTest name="BL.Tests.LiftsServiceTest.TestAdminDeleteLiftAsync(userID: 153, lift: Lift { LiftID = 123, LiftName = liftName48a95862-86cd-42c2-b1eb-dc992e005abd, IsOpen = True, SeatsAmount = 39, LiftingTime = 98, QueueTime = 225, ConnectedSlopes =  }, checkPermissionServiceMock: Mock&lt;ICheckPermissionService:4&gt;, liftsRepositoryStub: Mock&lt;ILiftsRepository:4&gt;, liftsSlopesRepositoryStub: Mock&lt;ILiftsSlopesRepository:4&gt;, sut: LiftsService { })" storage="c:\users\alena\desktop\7_sem\testing_and_debugging\skiresort\bl.tests\bin\debug\net6.0\bl.tests.dll" id="660e19ad-7abe-044f-958f-cad175bb1ec8">
      <Execution id="1c4e1632-66c5-477f-87e5-5c97156636db" />
      <TestMethod codeBase="C:\Users\alena\Desktop\7_sem\testing_and_debugging\SkiResort\BL.Tests\bin\Debug\net6.0\BL.Tests.dll" adapterTypeName="executor://xunit/VsTestRunner2/netcoreapp" className="BL.Tests.LiftsServiceTest" name="TestAdminDeleteLiftAsync" />
    </UnitTest>
    <UnitTest name="BL.Tests.UsersServiceTests.TestRegisterOk" storage="c:\users\alena\desktop\7_sem\testing_and_debugging\skiresort\bl.tests\bin\debug\net6.0\bl.tests.dll" id="0eeef75f-6e38-7893-a8fe-cff3e0a970a7">
      <Execution id="f9fd205d-7924-4a06-b5a7-92ee914ff283" />
      <TestMethod codeBase="C:\Users\alena\Desktop\7_sem\testing_and_debugging\SkiResort\BL.Tests\bin\Debug\net6.0\BL.Tests.dll" adapterTypeName="executor://xunit/VsTestRunner2/netcoreapp" className="BL.Tests.UsersServiceTests" name="TestRegisterOk" />
    </UnitTest>
    <UnitTest name="BL.Tests.SlopesServiceTest.TestAdminAddSlopeAsync(userID: 68, slope: Slope { SlopeID = 7, SlopeName = slopeName963d38ea-5de9-47bd-9439-d0bdc0530412, IsOpen = True, DifficultyLevel = 131, ConnectedLifts =  }, checkPermissionServiceMock: Mock&lt;ICheckPermissionService:11&gt;, slopesRepositoryStub: Mock&lt;ISlopesRepository:9&gt;, sut: SlopesService { })" storage="c:\users\alena\desktop\7_sem\testing_and_debugging\skiresort\bl.tests\bin\debug\net6.0\bl.tests.dll" id="e23b0667-71b4-6ce5-e3c2-ad7c9216d9ec">
      <Execution id="9ef968f6-2151-4867-aa9d-902b4447b470" />
      <TestMethod codeBase="C:\Users\alena\Desktop\7_sem\testing_and_debugging\SkiResort\BL.Tests\bin\Debug\net6.0\BL.Tests.dll" adapterTypeName="executor://xunit/VsTestRunner2/netcoreapp" className="BL.Tests.SlopesServiceTest" name="TestAdminAddSlopeAsync" />
    </UnitTest>
    <UnitTest name="BL.Tests.TurnstilesServiceTest.TestAdminDeleteTurnstileAsync(userID: 248, turnstile: Turnstile { TurnstileID = 244, LiftID = 208, IsOpen = True }, checkPermissionServiceMock: Mock&lt;ICheckPermissionService:15&gt;, turnstilesRepositoryStub: Mock&lt;ITurnstilesRepository:9&gt;, sut: TurnstilesService { })" storage="c:\users\alena\desktop\7_sem\testing_and_debugging\skiresort\bl.tests\bin\debug\net6.0\bl.tests.dll" id="ca176b1d-5fe5-78e1-7e7a-b13824d336b9">
      <Execution id="3b6f93c1-b32c-4e9e-87d7-f4d702ffcb08" />
      <TestMethod codeBase="C:\Users\alena\Desktop\7_sem\testing_and_debugging\SkiResort\BL.Tests\bin\Debug\net6.0\BL.Tests.dll" adapterTypeName="executor://xunit/VsTestRunner2/netcoreapp" className="BL.Tests.TurnstilesServiceTest" name="TestAdminDeleteTurnstileAsync" />
    </UnitTest>
    <UnitTest name="BL.Tests.SlopesServiceTest.TestUpdateSlopeInfoAsync(userID: 1, slope: Slope { SlopeID = 96, SlopeName = slopeName02e0e0d0-c1c7-4a28-b3c1-962f59a07ef3, IsOpen = True, DifficultyLevel = 103, ConnectedLifts =  }, checkPermissionServiceMock: Mock&lt;ICheckPermissionService:8&gt;, slopesRepositoryStub: Mock&lt;ISlopesRepository:6&gt;, sut: SlopesService { })" storage="c:\users\alena\desktop\7_sem\testing_and_debugging\skiresort\bl.tests\bin\debug\net6.0\bl.tests.dll" id="35b14e8a-0c73-fbba-6c29-80718cfad795">
      <Execution id="b1d6bcfb-d840-4a41-bf64-5d877f5f3bd9" />
      <TestMethod codeBase="C:\Users\alena\Desktop\7_sem\testing_and_debugging\SkiResort\BL.Tests\bin\Debug\net6.0\BL.Tests.dll" adapterTypeName="executor://xunit/VsTestRunner2/netcoreapp" className="BL.Tests.SlopesServiceTest" name="TestUpdateSlopeInfoAsync" />
    </UnitTest>
    <UnitTest name="BL.Tests.CheckPermissionsServiceTests.AuthorizedHasAccessToAuthorizedFunctions(functionName: &quot;SendMessageAsync&quot;)" storage="c:\users\alena\desktop\7_sem\testing_and_debugging\skiresort\bl.tests\bin\debug\net6.0\bl.tests.dll" id="644ec43e-70cd-c82d-42e7-0d990be1414d">
      <Execution id="8e1d806a-c49f-4492-aac5-56c41634baa6" />
      <TestMethod codeBase="C:\Users\alena\Desktop\7_sem\testing_and_debugging\SkiResort\BL.Tests\bin\Debug\net6.0\BL.Tests.dll" adapterTypeName="executor://xunit/VsTestRunner2/netcoreapp" className="BL.Tests.CheckPermissionsServiceTests" name="AuthorizedHasAccessToAuthorizedFunctions" />
    </UnitTest>
    <UnitTest name="BL.Tests.LiftsSlopesServiceTests.TestAdminAddAutoIncrementLiftSlopeAsync(lift: Lift { LiftID = 191, LiftName = liftName00d3738e-9d6c-4aef-b153-44280586721e, IsOpen = True, SeatsAmount = 164, LiftingTime = 227, QueueTime = 135, ConnectedSlopes =  }, slope: Slope { SlopeID = 177, SlopeName = slopeNameca2321ce-b5a6-4595-b81e-3fcf7b74262c, IsOpen = False, DifficultyLevel = 240, ConnectedLifts =  }, slopesRepositoryStub: Mock&lt;ISlopesRepository:3..." storage="c:\users\alena\desktop\7_sem\testing_and_debugging\skiresort\bl.tests\bin\debug\net6.0\bl.tests.dll" id="f7d4cbbc-3b58-1c6b-76f1-c3b7c9892343">
      <Execution id="809c87f4-67d4-45de-a85b-e45b373adebd" />
      <TestMethod codeBase="C:\Users\alena\Desktop\7_sem\testing_and_debugging\SkiResort\BL.Tests\bin\Debug\net6.0\BL.Tests.dll" adapterTypeName="executor://xunit/VsTestRunner2/netcoreapp" className="BL.Tests.LiftsSlopesServiceTests" name="TestAdminAddAutoIncrementLiftSlopeAsync" />
    </UnitTest>
    <UnitTest name="BL.Tests.CheckPermissionsServiceTests.UnauthorizedHasNoAccessToAuthorizedFunctions(functionName: &quot;LogOutAsync&quot;)" storage="c:\users\alena\desktop\7_sem\testing_and_debugging\skiresort\bl.tests\bin\debug\net6.0\bl.tests.dll" id="fa960c5e-f989-2880-784e-8efe538c5231">
      <Execution id="052b24ce-1fe0-4810-9f4d-d048ca05421b" />
      <TestMethod codeBase="C:\Users\alena\Desktop\7_sem\testing_and_debugging\SkiResort\BL.Tests\bin\Debug\net6.0\BL.Tests.dll" adapterTypeName="executor://xunit/VsTestRunner2/netcoreapp" className="BL.Tests.CheckPermissionsServiceTests" name="UnauthorizedHasNoAccessToAuthorizedFunctions" />
    </UnitTest>
    <UnitTest name="BL.Tests.CheckPermissionsServiceTests.UnauthorizedHasNoAccessToAuthorizedFunctions(functionName: &quot;SendMessageAsync&quot;)" storage="c:\users\alena\desktop\7_sem\testing_and_debugging\skiresort\bl.tests\bin\debug\net6.0\bl.tests.dll" id="eaabd2fc-2f4b-5689-59c8-c7ad34a8f634">
      <Execution id="31c7c7df-c4ab-4ea1-8c30-ef974150e394" />
      <TestMethod codeBase="C:\Users\alena\Desktop\7_sem\testing_and_debugging\SkiResort\BL.Tests\bin\Debug\net6.0\BL.Tests.dll" adapterTypeName="executor://xunit/VsTestRunner2/netcoreapp" className="BL.Tests.CheckPermissionsServiceTests" name="UnauthorizedHasNoAccessToAuthorizedFunctions" />
    </UnitTest>
    <UnitTest name="BL.Tests.UsersServiceTests.TestRegisterUserWithRepeatedEmail" storage="c:\users\alena\desktop\7_sem\testing_and_debugging\skiresort\bl.tests\bin\debug\net6.0\bl.tests.dll" id="894941c1-bfa7-d8f9-c047-1e1ceefe2c2f">
      <Execution id="ed07c7a4-05c1-4deb-9b82-69e44be5e84f" />
      <TestMethod codeBase="C:\Users\alena\Desktop\7_sem\testing_and_debugging\SkiResort\BL.Tests\bin\Debug\net6.0\BL.Tests.dll" adapterTypeName="executor://xunit/VsTestRunner2/netcoreapp" className="BL.Tests.UsersServiceTests" name="TestRegisterUserWithRepeatedEmail" />
    </UnitTest>
    <UnitTest name="BL.Tests.SlopesServiceTest.TestAdminDeleteSlopeAsync(userID: 82, slope: Slope { SlopeID = 202, SlopeName = slopeName8d231169-2e00-42d6-aa03-14525ee93d52, IsOpen = True, DifficultyLevel = 212, ConnectedLifts =  }, checkPermissionServiceMock: Mock&lt;ICheckPermissionService:9&gt;, slopesRepositoryStub: Mock&lt;ISlopesRepository:7&gt;, liftsSlopesRepositoryStub: Mock&lt;ILiftsSlopesRepository:12&gt;, sut: SlopesService { })" storage="c:\users\alena\desktop\7_sem\testing_and_debugging\skiresort\bl.tests\bin\debug\net6.0\bl.tests.dll" id="c6b877fd-67c1-b1fa-b546-41934fc2bb69">
      <Execution id="9fe3c871-1ee4-4598-924c-0f036fbc35f5" />
      <TestMethod codeBase="C:\Users\alena\Desktop\7_sem\testing_and_debugging\SkiResort\BL.Tests\bin\Debug\net6.0\BL.Tests.dll" adapterTypeName="executor://xunit/VsTestRunner2/netcoreapp" className="BL.Tests.SlopesServiceTest" name="TestAdminDeleteSlopeAsync" />
    </UnitTest>
    <UnitTest name="BL.Tests.LiftsServiceTest.TestGetLiftsInfoAsync(userID: 82, initialLifts: [Lift { LiftID = 50, LiftName = liftNamec509c8b8-df5b-4cc4-8421-145e7ff87e10, IsOpen = True, SeatsAmount = 12, LiftingTime = 208, QueueTime = 180, ConnectedSlopes =  }, Lift { LiftID = 58, LiftName = liftName4512abf1-1cb3-4d4f-a10e-0083d868d353, IsOpen = False, SeatsAmount = 206, LiftingTime = 247, QueueTime = 127, ConnectedSlopes =  }, Lift { LiftID = 96, LiftName = ..." storage="c:\users\alena\desktop\7_sem\testing_and_debugging\skiresort\bl.tests\bin\debug\net6.0\bl.tests.dll" id="cc73ca50-8f7a-c99f-fe68-9d939e2177da">
      <Execution id="a60c8f18-41a6-46f9-89e6-3c6743603b58" />
      <TestMethod codeBase="C:\Users\alena\Desktop\7_sem\testing_and_debugging\SkiResort\BL.Tests\bin\Debug\net6.0\BL.Tests.dll" adapterTypeName="executor://xunit/VsTestRunner2/netcoreapp" className="BL.Tests.LiftsServiceTest" name="TestGetLiftsInfoAsync" />
    </UnitTest>
    <UnitTest name="BL.Tests.UsersServiceTests.TestRegisterUserWithNoEmail" storage="c:\users\alena\desktop\7_sem\testing_and_debugging\skiresort\bl.tests\bin\debug\net6.0\bl.tests.dll" id="8184bd30-991c-b78d-b4ec-99a485eac0dd">
      <Execution id="378183bf-a0fb-4d8a-9964-4dd31cd5da25" />
      <TestMethod codeBase="C:\Users\alena\Desktop\7_sem\testing_and_debugging\SkiResort\BL.Tests\bin\Debug\net6.0\BL.Tests.dll" adapterTypeName="executor://xunit/VsTestRunner2/netcoreapp" className="BL.Tests.UsersServiceTests" name="TestRegisterUserWithNoEmail" />
    </UnitTest>
    <UnitTest name="BL.Tests.SlopesServiceTest.TestGetSlopesInfoAsync(userID: 220, initialSlopes: [Slope { SlopeID = 61, SlopeName = slopeName0beac3e1-852e-4006-ad64-be2f751d14c5, IsOpen = True, DifficultyLevel = 146, ConnectedLifts =  }, Slope { SlopeID = 149, SlopeName = slopeName11ff9c97-fede-4010-bd00-383330075eb4, IsOpen = False, DifficultyLevel = 10, ConnectedLifts =  }, Slope { SlopeID = 253, SlopeName = slopeNamedbd4257b-f165-470f-bd56-a4970752c019, Is..." storage="c:\users\alena\desktop\7_sem\testing_and_debugging\skiresort\bl.tests\bin\debug\net6.0\bl.tests.dll" id="8586282e-9ba8-3276-ba4e-c6c89b84a293">
      <Execution id="252ebb8b-b371-440a-b47b-3aafda593946" />
      <TestMethod codeBase="C:\Users\alena\Desktop\7_sem\testing_and_debugging\SkiResort\BL.Tests\bin\Debug\net6.0\BL.Tests.dll" adapterTypeName="executor://xunit/VsTestRunner2/netcoreapp" className="BL.Tests.SlopesServiceTest" name="TestGetSlopesInfoAsync" />
    </UnitTest>
  </TestDefinitions>
  <TestEntries>
    <TestEntry testId="387c9729-48c1-486e-5e67-f5d11a9f0db8" executionId="11841000-448d-45e7-a033-71760ea0efc9" testListId="8c84fa94-04c1-424b-9868-57a2d4851a1d" />
    <TestEntry testId="c18562b8-c2ad-919a-d86a-ead8be0418e1" executionId="7fdc7ab5-bfed-4e9a-acaf-6411c50c0330" testListId="8c84fa94-04c1-424b-9868-57a2d4851a1d" />
    <TestEntry testId="aa28a6b3-21d3-aa45-24d3-bef2facbc899" executionId="fa98f53f-e14d-44a4-9ba2-20760b980ed8" testListId="8c84fa94-04c1-424b-9868-57a2d4851a1d" />
    <TestEntry testId="2602613f-c8e2-a6d9-fcf7-5b27d4a770a6" executionId="80a45c13-d3be-4cbf-ac31-f9550fa8b97c" testListId="8c84fa94-04c1-424b-9868-57a2d4851a1d" />
    <TestEntry testId="ca176b1d-5fe5-78e1-7e7a-b13824d336b9" executionId="3b6f93c1-b32c-4e9e-87d7-f4d702ffcb08" testListId="8c84fa94-04c1-424b-9868-57a2d4851a1d" />
    <TestEntry testId="e38014b1-0d68-3b1b-12e5-f93ea4af678a" executionId="f01cb0d1-f006-49bf-bb99-2fb2db19c46c" testListId="8c84fa94-04c1-424b-9868-57a2d4851a1d" />
    <TestEntry testId="1fe28d61-54a7-5a22-314b-1e3e7af32451" executionId="7df917e2-0a78-4743-8cf8-95a0548b66a6" testListId="8c84fa94-04c1-424b-9868-57a2d4851a1d" />
    <TestEntry testId="4f297306-d4f3-8d63-e7f4-1ac0b8c58c74" executionId="4f19ad8d-a980-43af-a78a-62f1d1fdc0c0" testListId="8c84fa94-04c1-424b-9868-57a2d4851a1d" />
    <TestEntry testId="3cb6d5c1-ae7f-2890-be6a-ed3608485122" executionId="f5d1b4f3-cb62-45da-87ab-025c45944b42" testListId="8c84fa94-04c1-424b-9868-57a2d4851a1d" />
    <TestEntry testId="1ca07ad8-f799-c5d4-e7cc-34fd950198a2" executionId="a78541b3-063d-4013-8bed-f73219b5181b" testListId="8c84fa94-04c1-424b-9868-57a2d4851a1d" />
    <TestEntry testId="e23b0667-71b4-6ce5-e3c2-ad7c9216d9ec" executionId="9ef968f6-2151-4867-aa9d-902b4447b470" testListId="8c84fa94-04c1-424b-9868-57a2d4851a1d" />
    <TestEntry testId="eaabd2fc-2f4b-5689-59c8-c7ad34a8f634" executionId="31c7c7df-c4ab-4ea1-8c30-ef974150e394" testListId="8c84fa94-04c1-424b-9868-57a2d4851a1d" />
    <TestEntry testId="229812f5-9a73-5335-11f5-31330d1348a5" executionId="c2e2c092-0e22-4b6a-b769-9a2223f06c52" testListId="8c84fa94-04c1-424b-9868-57a2d4851a1d" />
    <TestEntry testId="39be9b5e-0bc4-57dc-37d3-aec6b520299d" executionId="aa6647f0-9285-44b9-8f0b-41f29befb5da" testListId="8c84fa94-04c1-424b-9868-57a2d4851a1d" />
    <TestEntry testId="18fa8c62-e27d-e1fc-8182-4d7db62b008d" executionId="4ecd03e1-84ff-4bc6-a0f0-a5a61d641c89" testListId="8c84fa94-04c1-424b-9868-57a2d4851a1d" />
    <TestEntry testId="8184bd30-991c-b78d-b4ec-99a485eac0dd" executionId="378183bf-a0fb-4d8a-9964-4dd31cd5da25" testListId="8c84fa94-04c1-424b-9868-57a2d4851a1d" />
    <TestEntry testId="20ad8570-0170-85de-dcd7-2f109dd7bcd6" executionId="9016aed8-dfa4-4e5c-a701-46ae532bece8" testListId="8c84fa94-04c1-424b-9868-57a2d4851a1d" />
    <TestEntry testId="644ec43e-70cd-c82d-42e7-0d990be1414d" executionId="8e1d806a-c49f-4492-aac5-56c41634baa6" testListId="8c84fa94-04c1-424b-9868-57a2d4851a1d" />
    <TestEntry testId="567b0366-766f-3517-69e1-fbd886ec938b" executionId="551e98d2-d321-4467-9c82-afd796fe2f00" testListId="8c84fa94-04c1-424b-9868-57a2d4851a1d" />
    <TestEntry testId="f44a1b21-8efc-bfac-63b4-d534442def31" executionId="1bf4c284-5967-46f5-8707-93193dbf279e" testListId="8c84fa94-04c1-424b-9868-57a2d4851a1d" />
    <TestEntry testId="a19a5fcf-c5d2-7d44-5d7d-84403042f4e0" executionId="4ae2220b-8410-45ee-8e37-f9f86c09a0c8" testListId="8c84fa94-04c1-424b-9868-57a2d4851a1d" />
    <TestEntry testId="35b14e8a-0c73-fbba-6c29-80718cfad795" executionId="b1d6bcfb-d840-4a41-bf64-5d877f5f3bd9" testListId="8c84fa94-04c1-424b-9868-57a2d4851a1d" />
    <TestEntry testId="e5497347-2721-b7a6-0bd4-69a9921f6947" executionId="b1eb1fc2-641b-49e2-aa5e-1d089e75481b" testListId="8c84fa94-04c1-424b-9868-57a2d4851a1d" />
    <TestEntry testId="60bd668f-04df-da5e-b79b-5d9aedb5234d" executionId="a10a2122-1668-469d-b4fb-9716292d7969" testListId="8c84fa94-04c1-424b-9868-57a2d4851a1d" />
    <TestEntry testId="0eeef75f-6e38-7893-a8fe-cff3e0a970a7" executionId="f9fd205d-7924-4a06-b5a7-92ee914ff283" testListId="8c84fa94-04c1-424b-9868-57a2d4851a1d" />
    <TestEntry testId="8586282e-9ba8-3276-ba4e-c6c89b84a293" executionId="252ebb8b-b371-440a-b47b-3aafda593946" testListId="8c84fa94-04c1-424b-9868-57a2d4851a1d" />
    <TestEntry testId="6ff8ce2c-045d-9f9c-e839-f0133f49e216" executionId="862de8cf-cbe7-495a-8a3b-83582ecd16de" testListId="8c84fa94-04c1-424b-9868-57a2d4851a1d" />
    <TestEntry testId="cc380b3f-11c4-5062-9914-4eab548c57bb" executionId="116dbc2b-52b0-4dce-b772-cb73c8d165f8" testListId="8c84fa94-04c1-424b-9868-57a2d4851a1d" />
    <TestEntry testId="81c03ccb-b887-7cc3-b67f-722c0a7e897a" executionId="417e84e4-d286-4d6a-9add-82a266a51483" testListId="8c84fa94-04c1-424b-9868-57a2d4851a1d" />
    <TestEntry testId="06d0bc3a-24a0-fb7f-4277-e9ae6d21c7dd" executionId="92fffbb7-f71c-4126-8e8c-324c1443cd3f" testListId="8c84fa94-04c1-424b-9868-57a2d4851a1d" />
    <TestEntry testId="b3db15bc-8266-6bf8-b546-ab40dc3ae955" executionId="63424014-934d-42ed-8576-8e116a8813c3" testListId="8c84fa94-04c1-424b-9868-57a2d4851a1d" />
    <TestEntry testId="f3efc418-a8a6-c7b7-9bac-90b33aa8472f" executionId="600c02a4-80d1-4b7a-b3ee-e171b8b25aab" testListId="8c84fa94-04c1-424b-9868-57a2d4851a1d" />
    <TestEntry testId="1fe7f794-6e0d-bc64-e95c-576fed104ad1" executionId="8f7c4a59-8756-4446-b2c0-6db57d39c418" testListId="8c84fa94-04c1-424b-9868-57a2d4851a1d" />
    <TestEntry testId="9c7df5e2-1b23-ebea-889f-b78ca86b60ab" executionId="bde21843-3170-41fc-9725-d83b41e99d1a" testListId="8c84fa94-04c1-424b-9868-57a2d4851a1d" />
    <TestEntry testId="492c0393-35b4-df26-a537-21ca08302f3c" executionId="e4272454-d515-4b14-bba9-6e12d213d534" testListId="8c84fa94-04c1-424b-9868-57a2d4851a1d" />
    <TestEntry testId="cc73ca50-8f7a-c99f-fe68-9d939e2177da" executionId="a60c8f18-41a6-46f9-89e6-3c6743603b58" testListId="8c84fa94-04c1-424b-9868-57a2d4851a1d" />
    <TestEntry testId="e2d7e5be-3dae-33ae-fb17-c704b6fd58d6" executionId="3428e3e6-021f-4cdd-99c5-39f901b32a8b" testListId="8c84fa94-04c1-424b-9868-57a2d4851a1d" />
    <TestEntry testId="69340bb6-3645-f9dd-971e-29d8b2a009bb" executionId="874c4caf-1430-4046-bd6f-f32eac31e167" testListId="8c84fa94-04c1-424b-9868-57a2d4851a1d" />
    <TestEntry testId="fa960c5e-f989-2880-784e-8efe538c5231" executionId="052b24ce-1fe0-4810-9f4d-d048ca05421b" testListId="8c84fa94-04c1-424b-9868-57a2d4851a1d" />
    <TestEntry testId="f7d4cbbc-3b58-1c6b-76f1-c3b7c9892343" executionId="809c87f4-67d4-45de-a85b-e45b373adebd" testListId="8c84fa94-04c1-424b-9868-57a2d4851a1d" />
    <TestEntry testId="660e19ad-7abe-044f-958f-cad175bb1ec8" executionId="1c4e1632-66c5-477f-87e5-5c97156636db" testListId="8c84fa94-04c1-424b-9868-57a2d4851a1d" />
    <TestEntry testId="834c739b-eca4-b36d-6a66-5a1bd75377b8" executionId="ed89678a-9c97-4a7f-800d-85b7d4ebd319" testListId="8c84fa94-04c1-424b-9868-57a2d4851a1d" />
    <TestEntry testId="894941c1-bfa7-d8f9-c047-1e1ceefe2c2f" executionId="ed07c7a4-05c1-4deb-9b82-69e44be5e84f" testListId="8c84fa94-04c1-424b-9868-57a2d4851a1d" />
    <TestEntry testId="c6b877fd-67c1-b1fa-b546-41934fc2bb69" executionId="9fe3c871-1ee4-4598-924c-0f036fbc35f5" testListId="8c84fa94-04c1-424b-9868-57a2d4851a1d" />
    <TestEntry testId="2d706594-f2b3-b3c8-21d4-86c9798c3306" executionId="4c3d08e5-3353-4a4c-a1ea-956156a192f4" testListId="8c84fa94-04c1-424b-9868-57a2d4851a1d" />
    <TestEntry testId="a2e59116-cb53-1d70-9cb8-21c286516866" executionId="d5324f6f-9da6-4426-a78f-0fd2196b47ba" testListId="8c84fa94-04c1-424b-9868-57a2d4851a1d" />
    <TestEntry testId="c36970dc-93f7-753e-fa47-157133b01644" executionId="74e85b77-ea36-4d08-a96b-5addc0b8e585" testListId="8c84fa94-04c1-424b-9868-57a2d4851a1d" />
  </TestEntries>
  <TestLists>
    <TestList name="Список результатов" id="8c84fa94-04c1-424b-9868-57a2d4851a1d" />
    <TestList name="Все загруженные результаты" id="19431567-8539-422a-85d7-44ee4e166bda" />
  </TestLists>
  <ResultSummary outcome="Completed">
    <Counters total="47" executed="47" passed="47" failed="0" error="0" timeout="0" aborted="0" inconclusive="0" passedButRunAborted="0" notRunnable="0" notExecuted="0" disconnected="0" warning="0" completed="0" inProgress="0" pending="0" />
    <Output>
      <StdOut>[xUnit.net 00:00:00.00] xUnit.net VSTest Adapter v2.4.5+1caef2f33e (64-bit .NET 6.0.3)&#xD;
[xUnit.net 00:00:00.50]   Discovering: BL.Tests&#xD;
[xUnit.net 00:00:00.71]   Discovered:  BL.Tests&#xD;
[xUnit.net 00:00:00.72]   Starting:    BL.Tests&#xD;
[xUnit.net 00:00:01.02]   Finished:    BL.Tests&#xD;
</StdOut>
    </Output>
  </ResultSummary>
</TestRun>