<?xml version="1.0" encoding="utf-8"?>
<TestRun id="683c444c-feb0-40b8-a49b-bbafb7aecf6b" name="alena@DESKTOP-TJ9D65N 2022-10-15 20:35:02" runUser="DESKTOP-TJ9D65N\alena" xmlns="http://microsoft.com/schemas/VisualStudio/TeamTest/2010">
  <Times creation="2022-10-15T20:35:02.4617740+03:00" queuing="2022-10-15T20:35:02.4617743+03:00" start="2022-10-15T20:35:00.9564370+03:00" finish="2022-10-15T20:35:02.5179883+03:00" />
  <TestSettings name="default" id="aa77a3db-c4d3-4973-a61f-b98bdae15bea">
    <Deployment runDeploymentRoot="alena_DESKTOP-TJ9D65N_2022-10-15_20_35_02" />
  </TestSettings>
  <Results>
    <UnitTestResult executionId="36dc2c3a-5e0d-4e7d-8cef-12c7e7417b07" testId="f44a1b21-8efc-bfac-63b4-d534442def31" testName="BL.Tests.UsersServiceTests.TestRegisterUserWithNoPassword" computerName="DESKTOP-TJ9D65N" duration="00:00:00.0015742" startTime="2022-10-15T20:35:02.4190845+03:00" endTime="2022-10-15T20:35:02.4190845+03:00" testType="13cdc9d9-ddb5-4fa4-a97d-d965ccfc6d4b" outcome="Passed" testListId="8c84fa94-04c1-424b-9868-57a2d4851a1d" relativeResultsDirectory="36dc2c3a-5e0d-4e7d-8cef-12c7e7417b07" />
    <UnitTestResult executionId="9e871edb-4f7f-40d9-b4c2-38c181fb494f" testId="a19a5fcf-c5d2-7d44-5d7d-84403042f4e0" testName="BL.Tests.CheckPermissionsServiceTests.UnauthorizedHasNoAccessToAdminSkiPatrolFunctions(functionName: &quot;MarkMessageReadByUserAsync&quot;)" computerName="DESKTOP-TJ9D65N" duration="00:00:00.0302371" startTime="2022-10-15T20:35:02.3373710+03:00" endTime="2022-10-15T20:35:02.3373710+03:00" testType="13cdc9d9-ddb5-4fa4-a97d-d965ccfc6d4b" outcome="Passed" testListId="8c84fa94-04c1-424b-9868-57a2d4851a1d" relativeResultsDirectory="9e871edb-4f7f-40d9-b4c2-38c181fb494f" />
    <UnitTestResult executionId="04beb7e5-bf61-4a42-aabe-813a61b79b17" testId="4f297306-d4f3-8d63-e7f4-1ac0b8c58c74" testName="BL.Tests.CheckPermissionsServiceTests.AuthorizedHasNoAccessToAdminSkiPatrolFunctions(functionName: &quot;GetLiftsSlopesInfoAsync&quot;)" computerName="DESKTOP-TJ9D65N" duration="00:00:00.0013369" startTime="2022-10-15T20:35:02.4276449+03:00" endTime="2022-10-15T20:35:02.4276450+03:00" testType="13cdc9d9-ddb5-4fa4-a97d-d965ccfc6d4b" outcome="Passed" testListId="8c84fa94-04c1-424b-9868-57a2d4851a1d" relativeResultsDirectory="04beb7e5-bf61-4a42-aabe-813a61b79b17" />
    <UnitTestResult executionId="08465815-d028-4e20-938e-c6eef39c20f9" testId="492c0393-35b4-df26-a537-21ca08302f3c" testName="BL.Tests.CheckPermissionsServiceTests.SkiPatrolHasNoAccessToAdminFunctions" computerName="DESKTOP-TJ9D65N" duration="00:00:00.0022612" startTime="2022-10-15T20:35:02.4453432+03:00" endTime="2022-10-15T20:35:02.4453433+03:00" testType="13cdc9d9-ddb5-4fa4-a97d-d965ccfc6d4b" outcome="Passed" testListId="8c84fa94-04c1-424b-9868-57a2d4851a1d" relativeResultsDirectory="08465815-d028-4e20-938e-c6eef39c20f9" />
    <UnitTestResult executionId="28f9c12d-0936-484f-b2f2-c07f0f2c1230" testId="229812f5-9a73-5335-11f5-31330d1348a5" testName="BL.Tests.CheckPermissionsServiceTests.UnauthorizedHasNoAccessToAdminSkiPatrolFunctions(functionName: &quot;GetMessagesAsync&quot;)" computerName="DESKTOP-TJ9D65N" duration="00:00:00.0013337" startTime="2022-10-15T20:35:02.4190659+03:00" endTime="2022-10-15T20:35:02.4190659+03:00" testType="13cdc9d9-ddb5-4fa4-a97d-d965ccfc6d4b" outcome="Passed" testListId="8c84fa94-04c1-424b-9868-57a2d4851a1d" relativeResultsDirectory="28f9c12d-0936-484f-b2f2-c07f0f2c1230" />
    <UnitTestResult executionId="0d718ded-e23c-45ac-a789-85a0d9b374b7" testId="64798963-41c5-25a6-d52d-eae12f23c414" testName="BL.Tests.TurnstilesServiceTest.TestAdminAddAutoIncrementTurnstileAsync(userID: 79, turnstile: Turnstile { TurnstileID = 240, LiftID = 66, IsOpen = True }, checkPermissionServiceMock: Mock&lt;ICheckPermissionService:16&gt;, turnstilesRepositoryStub: Mock&lt;ITurnstilesRepository:10&gt;, sut: TurnstilesService { })" computerName="DESKTOP-TJ9D65N" duration="00:00:00.0066991" startTime="2022-10-15T20:35:02.4204734+03:00" endTime="2022-10-15T20:35:02.4204734+03:00" testType="13cdc9d9-ddb5-4fa4-a97d-d965ccfc6d4b" outcome="Passed" testListId="8c84fa94-04c1-424b-9868-57a2d4851a1d" relativeResultsDirectory="0d718ded-e23c-45ac-a789-85a0d9b374b7" />
    <UnitTestResult executionId="8bc1813b-c38f-41b1-9179-d9545c9300d0" testId="eaabd2fc-2f4b-5689-59c8-c7ad34a8f634" testName="BL.Tests.CheckPermissionsServiceTests.UnauthorizedHasNoAccessToAuthorizedFunctions(functionName: &quot;SendMessageAsync&quot;)" computerName="DESKTOP-TJ9D65N" duration="00:00:00.0028700" startTime="2022-10-15T20:35:02.4199508+03:00" endTime="2022-10-15T20:35:02.4199508+03:00" testType="13cdc9d9-ddb5-4fa4-a97d-d965ccfc6d4b" outcome="Passed" testListId="8c84fa94-04c1-424b-9868-57a2d4851a1d" relativeResultsDirectory="8bc1813b-c38f-41b1-9179-d9545c9300d0" />
    <UnitTestResult executionId="1c003d4a-a522-45ae-9af0-8f7d1473a30f" testId="a20a232d-e1f5-6496-d1c6-540593fd0b28" testName="BL.Tests.LiftsServiceTest.TestAdminAddAutoIncrementLiftAsync(userID: 169, lift: Lift { LiftID = 212, LiftName = liftNamea617fe4f-50bb-4004-92e4-23ffe80755f3, IsOpen = True, SeatsAmount = 181, LiftingTime = 105, QueueTime = 71, ConnectedSlopes =  }, checkPermissionServiceMock: Mock&lt;ICheckPermissionService:5&gt;, liftsRepositoryStub: Mock&lt;ILiftsRepository:5&gt;, sut: LiftsService { })" computerName="DESKTOP-TJ9D65N" duration="00:00:00.0126257" startTime="2022-10-15T20:35:02.4199613+03:00" endTime="2022-10-15T20:35:02.4199613+03:00" testType="13cdc9d9-ddb5-4fa4-a97d-d965ccfc6d4b" outcome="Passed" testListId="8c84fa94-04c1-424b-9868-57a2d4851a1d" relativeResultsDirectory="1c003d4a-a522-45ae-9af0-8f7d1473a30f" />
    <UnitTestResult executionId="52e1632b-ee5a-4fc6-8421-56bf6d3837bc" testId="644ec43e-70cd-c82d-42e7-0d990be1414d" testName="BL.Tests.CheckPermissionsServiceTests.AuthorizedHasAccessToAuthorizedFunctions(functionName: &quot;SendMessageAsync&quot;)" computerName="DESKTOP-TJ9D65N" duration="00:00:00.0023524" startTime="2022-10-15T20:35:02.4327090+03:00" endTime="2022-10-15T20:35:02.4327092+03:00" testType="13cdc9d9-ddb5-4fa4-a97d-d965ccfc6d4b" outcome="Passed" testListId="8c84fa94-04c1-424b-9868-57a2d4851a1d" relativeResultsDirectory="52e1632b-ee5a-4fc6-8421-56bf6d3837bc" />
    <UnitTestResult executionId="6d833a4e-1d55-48a7-b740-71bc2c55a27c" testId="cb2fd47e-2cbd-21cc-2c73-9a0a60838bc1" testName="BL.Tests.SlopesServiceTest.TestUpdateSlopeInfoAsync(userID: 250, slope: Slope { SlopeID = 41, SlopeName = slopeName4c45c498-0105-4ddd-9226-eb86ab72c09f, IsOpen = True, DifficultyLevel = 224, ConnectedLifts =  }, checkPermissionServiceMock: Mock&lt;ICheckPermissionService:8&gt;, slopesRepositoryStub: Mock&lt;ISlopesRepository:6&gt;, sut: SlopesService { })" computerName="DESKTOP-TJ9D65N" duration="00:00:00.0311162" startTime="2022-10-15T20:35:02.3373537+03:00" endTime="2022-10-15T20:35:02.3373538+03:00" testType="13cdc9d9-ddb5-4fa4-a97d-d965ccfc6d4b" outcome="Passed" testListId="8c84fa94-04c1-424b-9868-57a2d4851a1d" relativeResultsDirectory="6d833a4e-1d55-48a7-b740-71bc2c55a27c" />
    <UnitTestResult executionId="13c016f8-3768-4f4b-81bf-d5de97b97f4f" testId="16e04c0f-b935-cb9d-1338-f3fc9abeeb33" testName="BL.Tests.TurnstilesServiceTest.TestAdminGetTurnstileAsync(userID: 177, turnstile: Turnstile { TurnstileID = 13, LiftID = 113, IsOpen = True }, checkPermissionServiceMock: Mock&lt;ICheckPermissionService:12&gt;, turnstilesRepositoryStub: Mock&lt;ITurnstilesRepository:6&gt;, sut: TurnstilesService { })" computerName="DESKTOP-TJ9D65N" duration="00:00:00.0043171" startTime="2022-10-15T20:35:02.4190169+03:00" endTime="2022-10-15T20:35:02.4190170+03:00" testType="13cdc9d9-ddb5-4fa4-a97d-d965ccfc6d4b" outcome="Passed" testListId="8c84fa94-04c1-424b-9868-57a2d4851a1d" relativeResultsDirectory="13c016f8-3768-4f4b-81bf-d5de97b97f4f" />
    <UnitTestResult executionId="d2c7783c-daac-423d-a511-eae46cd42a9c" testId="3eb099c2-7bc4-0bc8-c603-4f6971cdff84" testName="BL.Tests.LiftsServiceTest.TestUpdateLiftInfoAsync(userID: 131, lift: Lift { LiftID = 247, LiftName = liftName6a9fa8ac-04c5-4666-a826-dc410837a346, IsOpen = True, SeatsAmount = 235, LiftingTime = 153, QueueTime = 91, ConnectedSlopes =  }, checkPermissionServiceMock: Mock&lt;ICheckPermissionService:3&gt;, liftsRepositoryStub: Mock&lt;ILiftsRepository:3&gt;, sut: LiftsService { })" computerName="DESKTOP-TJ9D65N" duration="00:00:00.0092971" startTime="2022-10-15T20:35:02.4206039+03:00" endTime="2022-10-15T20:35:02.4206039+03:00" testType="13cdc9d9-ddb5-4fa4-a97d-d965ccfc6d4b" outcome="Passed" testListId="8c84fa94-04c1-424b-9868-57a2d4851a1d" relativeResultsDirectory="d2c7783c-daac-423d-a511-eae46cd42a9c" />
    <UnitTestResult executionId="1d105ecb-ff14-4733-8370-ededaf5ff96f" testId="2602613f-c8e2-a6d9-fcf7-5b27d4a770a6" testName="BL.Tests.CheckPermissionsServiceTests.AuthorizedHasNoAccessToAdminSkiPatrolFunctions(functionName: &quot;GetMessagesAsync&quot;)" computerName="DESKTOP-TJ9D65N" duration="00:00:00.0028069" startTime="2022-10-15T20:35:02.4223676+03:00" endTime="2022-10-15T20:35:02.4223676+03:00" testType="13cdc9d9-ddb5-4fa4-a97d-d965ccfc6d4b" outcome="Passed" testListId="8c84fa94-04c1-424b-9868-57a2d4851a1d" relativeResultsDirectory="1d105ecb-ff14-4733-8370-ededaf5ff96f" />
    <UnitTestResult executionId="eaac2aaa-1ea2-40bb-8ca3-54c0df3d6a07" testId="18fa8c62-e27d-e1fc-8182-4d7db62b008d" testName="BL.Tests.UsersServiceTests.TestAdminDeleteUser" computerName="DESKTOP-TJ9D65N" duration="00:00:00.0022922" startTime="2022-10-15T20:35:02.4413708+03:00" endTime="2022-10-15T20:35:02.4413710+03:00" testType="13cdc9d9-ddb5-4fa4-a97d-d965ccfc6d4b" outcome="Passed" testListId="8c84fa94-04c1-424b-9868-57a2d4851a1d" relativeResultsDirectory="eaac2aaa-1ea2-40bb-8ca3-54c0df3d6a07" />
    <UnitTestResult executionId="55146b79-a685-4698-a058-44c26121ae23" testId="0eeef75f-6e38-7893-a8fe-cff3e0a970a7" testName="BL.Tests.UsersServiceTests.TestRegisterOk" computerName="DESKTOP-TJ9D65N" duration="00:00:00.0085556" startTime="2022-10-15T20:35:02.4215480+03:00" endTime="2022-10-15T20:35:02.4215481+03:00" testType="13cdc9d9-ddb5-4fa4-a97d-d965ccfc6d4b" outcome="Passed" testListId="8c84fa94-04c1-424b-9868-57a2d4851a1d" relativeResultsDirectory="55146b79-a685-4698-a058-44c26121ae23" />
    <UnitTestResult executionId="277628f2-964d-4a96-b4d2-e024f07a26d1" testId="c36970dc-93f7-753e-fa47-157133b01644" testName="BL.Tests.CheckPermissionsServiceTests.SkiPatrolHasAccessToAdminSkiPatrolFunctions(functionName: &quot;GetMessagesAsync&quot;)" computerName="DESKTOP-TJ9D65N" duration="00:00:00.0010629" startTime="2022-10-15T20:35:02.4215290+03:00" endTime="2022-10-15T20:35:02.4215291+03:00" testType="13cdc9d9-ddb5-4fa4-a97d-d965ccfc6d4b" outcome="Passed" testListId="8c84fa94-04c1-424b-9868-57a2d4851a1d" relativeResultsDirectory="277628f2-964d-4a96-b4d2-e024f07a26d1" />
    <UnitTestResult executionId="2be9e0d4-ffa3-4dfb-bd22-68c930e93cce" testId="20ad8570-0170-85de-dcd7-2f109dd7bcd6" testName="BL.Tests.UsersServiceTests.TestAdminGetUsers" computerName="DESKTOP-TJ9D65N" duration="00:00:00.0373366" startTime="2022-10-15T20:35:02.3374307+03:00" endTime="2022-10-15T20:35:02.3374307+03:00" testType="13cdc9d9-ddb5-4fa4-a97d-d965ccfc6d4b" outcome="Passed" testListId="8c84fa94-04c1-424b-9868-57a2d4851a1d" relativeResultsDirectory="2be9e0d4-ffa3-4dfb-bd22-68c930e93cce" />
    <UnitTestResult executionId="e056e9be-4727-46b6-b0d8-bc8840f6aec3" testId="2d706594-f2b3-b3c8-21d4-86c9798c3306" testName="BL.Tests.CheckPermissionsServiceTests.SkiPatrolHasAccessToAdminSkiPatrolFunctions(functionName: &quot;GetLiftsSlopesInfoAsync&quot;)" computerName="DESKTOP-TJ9D65N" duration="00:00:00.0049058" startTime="2022-10-15T20:35:02.4205259+03:00" endTime="2022-10-15T20:35:02.4205259+03:00" testType="13cdc9d9-ddb5-4fa4-a97d-d965ccfc6d4b" outcome="Passed" testListId="8c84fa94-04c1-424b-9868-57a2d4851a1d" relativeResultsDirectory="e056e9be-4727-46b6-b0d8-bc8840f6aec3" />
    <UnitTestResult executionId="0d8fb8f5-cbc9-400b-87f9-a3baddb6dc6e" testId="d5d75577-6f1a-674e-337f-d1c84dde86fe" testName="BL.Tests.LiftsServiceTest.TestAdminDeleteLiftAsync(userID: 214, lift: Lift { LiftID = 97, LiftName = liftName3ece8288-b320-41e6-95ff-57fcd165ae59, IsOpen = True, SeatsAmount = 181, LiftingTime = 64, QueueTime = 162, ConnectedSlopes =  }, checkPermissionServiceMock: Mock&lt;ICheckPermissionService:4&gt;, liftsRepositoryStub: Mock&lt;ILiftsRepository:4&gt;, liftsSlopesRepositoryStub: Mock&lt;ILiftsSlopesRepository:4&gt;, sut: LiftsService { })" computerName="DESKTOP-TJ9D65N" duration="00:00:00.0100435" startTime="2022-10-15T20:35:02.4217092+03:00" endTime="2022-10-15T20:35:02.4217093+03:00" testType="13cdc9d9-ddb5-4fa4-a97d-d965ccfc6d4b" outcome="Passed" testListId="8c84fa94-04c1-424b-9868-57a2d4851a1d" relativeResultsDirectory="0d8fb8f5-cbc9-400b-87f9-a3baddb6dc6e" />
    <UnitTestResult executionId="55323978-27a0-4114-b5a1-b193e1fe4cf3" testId="9ba784f6-60af-d019-a5c5-e80bcc1ed8e8" testName="BL.Tests.TurnstilesServiceTest.TestAdminDeleteTurnstileAsync(userID: 186, turnstile: Turnstile { TurnstileID = 166, LiftID = 60, IsOpen = True }, checkPermissionServiceMock: Mock&lt;ICheckPermissionService:15&gt;, turnstilesRepositoryStub: Mock&lt;ITurnstilesRepository:9&gt;, sut: TurnstilesService { })" computerName="DESKTOP-TJ9D65N" duration="00:00:00.0057689" startTime="2022-10-15T20:35:02.4215031+03:00" endTime="2022-10-15T20:35:02.4215032+03:00" testType="13cdc9d9-ddb5-4fa4-a97d-d965ccfc6d4b" outcome="Passed" testListId="8c84fa94-04c1-424b-9868-57a2d4851a1d" relativeResultsDirectory="55323978-27a0-4114-b5a1-b193e1fe4cf3" />
    <UnitTestResult executionId="9866e272-b11c-483d-925c-a988c53530a9" testId="387c9729-48c1-486e-5e67-f5d11a9f0db8" testName="BL.Tests.CheckPermissionsServiceTests.UnauthorizedHasNoAccessToAdminSkiPatrolFunctions(functionName: &quot;GetLiftsSlopesInfoAsync&quot;)" computerName="DESKTOP-TJ9D65N" duration="00:00:00.0013530" startTime="2022-10-15T20:35:02.4187731+03:00" endTime="2022-10-15T20:35:02.4187731+03:00" testType="13cdc9d9-ddb5-4fa4-a97d-d965ccfc6d4b" outcome="Passed" testListId="8c84fa94-04c1-424b-9868-57a2d4851a1d" relativeResultsDirectory="9866e272-b11c-483d-925c-a988c53530a9" />
    <UnitTestResult executionId="822a48ab-f2f5-4e68-aa9e-90857e2cd715" testId="8184bd30-991c-b78d-b4ec-99a485eac0dd" testName="BL.Tests.UsersServiceTests.TestRegisterUserWithNoEmail" computerName="DESKTOP-TJ9D65N" duration="00:00:00.0026519" startTime="2022-10-15T20:35:02.4189992+03:00" endTime="2022-10-15T20:35:02.4189992+03:00" testType="13cdc9d9-ddb5-4fa4-a97d-d965ccfc6d4b" outcome="Passed" testListId="8c84fa94-04c1-424b-9868-57a2d4851a1d" relativeResultsDirectory="822a48ab-f2f5-4e68-aa9e-90857e2cd715" />
    <UnitTestResult executionId="35036761-f6e1-4530-b9db-0610bec6885c" testId="69340bb6-3645-f9dd-971e-29d8b2a009bb" testName="BL.Tests.UsersServiceTests.TestLogInWithWrongPassword" computerName="DESKTOP-TJ9D65N" duration="00:00:00.0019055" startTime="2022-10-15T20:35:02.4223445+03:00" endTime="2022-10-15T20:35:02.4223446+03:00" testType="13cdc9d9-ddb5-4fa4-a97d-d965ccfc6d4b" outcome="Passed" testListId="8c84fa94-04c1-424b-9868-57a2d4851a1d" relativeResultsDirectory="35036761-f6e1-4530-b9db-0610bec6885c" />
    <UnitTestResult executionId="79a10301-0416-4ca9-a8b8-a0014096adfc" testId="40072ed4-cca2-e927-669d-a327598a0333" testName="BL.Tests.LiftsSlopesServiceTests.TestAdminDeleteLiftSlopeAsync(lift: Lift { LiftID = 84, LiftName = liftName0d4ddcc8-2ae9-4b77-a651-6390a2a07254, IsOpen = True, SeatsAmount = 161, LiftingTime = 30, QueueTime = 241, ConnectedSlopes =  }, slope: Slope { SlopeID = 113, SlopeName = slopeName7d45dee2-d8ae-4f9d-9631-29f92c0f4a6f, IsOpen = False, DifficultyLevel = 233, ConnectedLifts =  }, slopesRepositoryStub: Mock&lt;ISlopesRepository:2&gt;, liftsRepositoryStub: Mock&lt;ILiftsRepository:7&gt;, liftsSlopesRepositoryStub: Mock&lt;ILiftsSlopesRepository:7&gt;)" computerName="DESKTOP-TJ9D65N" duration="00:00:00.0301655" startTime="2022-10-15T20:35:02.3372891+03:00" endTime="2022-10-15T20:35:02.3372892+03:00" testType="13cdc9d9-ddb5-4fa4-a97d-d965ccfc6d4b" outcome="Passed" testListId="8c84fa94-04c1-424b-9868-57a2d4851a1d" relativeResultsDirectory="79a10301-0416-4ca9-a8b8-a0014096adfc" />
    <UnitTestResult executionId="7de549ee-bac0-4880-8a46-a8d53c370351" testId="87249371-056f-b6ed-b882-86f506c0d3f5" testName="BL.Tests.SlopesServiceTest.TestAdminAddAutoIncrementSlopeAsync(userID: 228, slope: Slope { SlopeID = 53, SlopeName = slopeName06a648c9-6ef8-434c-b90c-cdd3ea2ab037, IsOpen = True, DifficultyLevel = 174, ConnectedLifts =  }, checkPermissionServiceMock: Mock&lt;ICheckPermissionService:10&gt;, slopesRepositoryStub: Mock&lt;ISlopesRepository:8&gt;, sut: SlopesService { })" computerName="DESKTOP-TJ9D65N" duration="00:00:00.0108317" startTime="2022-10-15T20:35:02.4199176+03:00" endTime="2022-10-15T20:35:02.4199177+03:00" testType="13cdc9d9-ddb5-4fa4-a97d-d965ccfc6d4b" outcome="Passed" testListId="8c84fa94-04c1-424b-9868-57a2d4851a1d" relativeResultsDirectory="7de549ee-bac0-4880-8a46-a8d53c370351" />
    <UnitTestResult executionId="ac2da18d-8a61-40bd-b8ba-5f7eae51fb41" testId="39be9b5e-0bc4-57dc-37d3-aec6b520299d" testName="BL.Tests.LiftsSlopesServiceTests.TestGetLiftsSlopesInfoAsync(liftsSlopes: [LiftSlope { RecordID = 80, LiftID = 50, SlopeID = 58 }, LiftSlope { RecordID = 44, LiftID = 35, SlopeID = 124 }, LiftSlope { RecordID = 137, LiftID = 228, SlopeID = 63 }], slopesRepositoryStub: Mock&lt;ISlopesRepository:1&gt;, liftsRepositoryStub: Mock&lt;ILiftsRepository:6&gt;, liftsSlopesRepositoryStub: Mock&lt;ILiftsSlopesRepository:6&gt;)" computerName="DESKTOP-TJ9D65N" duration="00:00:00.0072137" startTime="2022-10-15T20:35:02.4203599+03:00" endTime="2022-10-15T20:35:02.4203599+03:00" testType="13cdc9d9-ddb5-4fa4-a97d-d965ccfc6d4b" outcome="Passed" testListId="8c84fa94-04c1-424b-9868-57a2d4851a1d" relativeResultsDirectory="ac2da18d-8a61-40bd-b8ba-5f7eae51fb41" />
    <UnitTestResult executionId="be1716fd-d192-4f6c-8ef1-598329d00164" testId="f3efc418-a8a6-c7b7-9bac-90b33aa8472f" testName="BL.Tests.CheckPermissionsServiceTests.AdminHasAccessToAllFunctions" computerName="DESKTOP-TJ9D65N" duration="00:00:00.0016198" startTime="2022-10-15T20:35:02.4490724+03:00" endTime="2022-10-15T20:35:02.4490726+03:00" testType="13cdc9d9-ddb5-4fa4-a97d-d965ccfc6d4b" outcome="Passed" testListId="8c84fa94-04c1-424b-9868-57a2d4851a1d" relativeResultsDirectory="be1716fd-d192-4f6c-8ef1-598329d00164" />
    <UnitTestResult executionId="5729073d-62dc-4dbc-acc2-1002da2a3ed8" testId="458ea17a-a07b-fb12-62ed-f452738aab77" testName="BL.Tests.SlopesServiceTest.TestAdminDeleteSlopeAsync(userID: 210, slope: Slope { SlopeID = 128, SlopeName = slopeName05cb45b0-b98b-4eda-bb2f-6e1bd6c806c6, IsOpen = True, DifficultyLevel = 24, ConnectedLifts =  }, checkPermissionServiceMock: Mock&lt;ICheckPermissionService:9&gt;, slopesRepositoryStub: Mock&lt;ISlopesRepository:7&gt;, liftsSlopesRepositoryStub: Mock&lt;ILiftsSlopesRepository:12&gt;, sut: SlopesService { })" computerName="DESKTOP-TJ9D65N" duration="00:00:00.0054402" startTime="2022-10-15T20:35:02.4216709+03:00" endTime="2022-10-15T20:35:02.4216710+03:00" testType="13cdc9d9-ddb5-4fa4-a97d-d965ccfc6d4b" outcome="Passed" testListId="8c84fa94-04c1-424b-9868-57a2d4851a1d" relativeResultsDirectory="5729073d-62dc-4dbc-acc2-1002da2a3ed8" />
    <UnitTestResult executionId="13c0fbc1-47f1-4413-8c40-d079198d9768" testId="42cb9c6c-163e-a88f-b0ca-1d8e752deafb" testName="BL.Tests.TurnstilesServiceTest.TestAdminUpdateTurnstileAsync(userID: 9, turnstile: Turnstile { TurnstileID = 138, LiftID = 39, IsOpen = True }, checkPermissionServiceMock: Mock&lt;ICheckPermissionService:14&gt;, turnstilesRepositoryStub: Mock&lt;ITurnstilesRepository:8&gt;, sut: TurnstilesService { })" computerName="DESKTOP-TJ9D65N" duration="00:00:00.0308531" startTime="2022-10-15T20:35:02.3330096+03:00" endTime="2022-10-15T20:35:02.3330429+03:00" testType="13cdc9d9-ddb5-4fa4-a97d-d965ccfc6d4b" outcome="Passed" testListId="8c84fa94-04c1-424b-9868-57a2d4851a1d" relativeResultsDirectory="13c0fbc1-47f1-4413-8c40-d079198d9768" />
    <UnitTestResult executionId="bffb17c0-8115-45e8-9610-7b51c498ce98" testId="a2e59116-cb53-1d70-9cb8-21c286516866" testName="BL.Tests.CheckPermissionsServiceTests.AuthorizedHasNoAccessToAdminFunctions" computerName="DESKTOP-TJ9D65N" duration="00:00:00.0031529" startTime="2022-10-15T20:35:02.4217451+03:00" endTime="2022-10-15T20:35:02.4217452+03:00" testType="13cdc9d9-ddb5-4fa4-a97d-d965ccfc6d4b" outcome="Passed" testListId="8c84fa94-04c1-424b-9868-57a2d4851a1d" relativeResultsDirectory="bffb17c0-8115-45e8-9610-7b51c498ce98" />
    <UnitTestResult executionId="adae23c3-18af-4e49-acff-b74a591b1c44" testId="894941c1-bfa7-d8f9-c047-1e1ceefe2c2f" testName="BL.Tests.UsersServiceTests.TestRegisterUserWithRepeatedEmail" computerName="DESKTOP-TJ9D65N" duration="00:00:00.0037410" startTime="2022-10-15T20:35:02.4199712+03:00" endTime="2022-10-15T20:35:02.4199713+03:00" testType="13cdc9d9-ddb5-4fa4-a97d-d965ccfc6d4b" outcome="Passed" testListId="8c84fa94-04c1-424b-9868-57a2d4851a1d" relativeResultsDirectory="adae23c3-18af-4e49-acff-b74a591b1c44" />
    <UnitTestResult executionId="4cea25d6-1cf1-4285-9d23-40ae1acd7c6b" testId="f44285e0-31a6-e794-f6aa-ee9d30285e6f" testName="BL.Tests.SlopesServiceTest.TestGetSlopeInfoAsync(userID: 110, slope: Slope { SlopeID = 170, SlopeName = slopeName9193b614-60c2-4ea9-8068-7bbe37bf0591, IsOpen = True, DifficultyLevel = 187, ConnectedLifts =  }, checkPermissionServiceMock: Mock&lt;ICheckPermissionService:6&gt;, slopesRepositoryStub: Mock&lt;ISlopesRepository:4&gt;, liftsSlopesRepositoryStub: Mock&lt;ILiftsSlopesRepository:9&gt;, sut: SlopesService { })" computerName="DESKTOP-TJ9D65N" duration="00:00:00.0068459" startTime="2022-10-15T20:35:02.4204175+03:00" endTime="2022-10-15T20:35:02.4204176+03:00" testType="13cdc9d9-ddb5-4fa4-a97d-d965ccfc6d4b" outcome="Passed" testListId="8c84fa94-04c1-424b-9868-57a2d4851a1d" relativeResultsDirectory="4cea25d6-1cf1-4285-9d23-40ae1acd7c6b" />
    <UnitTestResult executionId="29f9535e-3378-4925-ad62-d3b0f01fc8ab" testId="e5497347-2721-b7a6-0bd4-69a9921f6947" testName="BL.Tests.UsersServiceTests.TestAdminGetUserByIDAsync" computerName="DESKTOP-TJ9D65N" duration="00:00:00.0035907" startTime="2022-10-15T20:35:02.4367274+03:00" endTime="2022-10-15T20:35:02.4367276+03:00" testType="13cdc9d9-ddb5-4fa4-a97d-d965ccfc6d4b" outcome="Passed" testListId="8c84fa94-04c1-424b-9868-57a2d4851a1d" relativeResultsDirectory="29f9535e-3378-4925-ad62-d3b0f01fc8ab" />
    <UnitTestResult executionId="2b1a70c2-e187-4752-8f35-7556083ff084" testId="fd3ed4d6-8f5c-980d-5b09-c7392944524b" testName="BL.Tests.LiftsServiceTest.TestGetLiftInfoAsync(userID: 112, lift: Lift { LiftID = 140, LiftName = liftName3943d219-f09d-42a1-b30f-c7fdca637285, IsOpen = True, SeatsAmount = 117, LiftingTime = 69, QueueTime = 103, ConnectedSlopes =  }, checkPermissionServiceMock: Mock&lt;ICheckPermissionService:1&gt;, liftsRepositoryStub: Mock&lt;ILiftsRepository:1&gt;, liftsSlopesRepositoryStub: Mock&lt;ILiftsSlopesRepository:1&gt;, sut: LiftsService { })" computerName="DESKTOP-TJ9D65N" duration="00:00:00.0064352" startTime="2022-10-15T20:35:02.4237757+03:00" endTime="2022-10-15T20:35:02.4237758+03:00" testType="13cdc9d9-ddb5-4fa4-a97d-d965ccfc6d4b" outcome="Passed" testListId="8c84fa94-04c1-424b-9868-57a2d4851a1d" relativeResultsDirectory="2b1a70c2-e187-4752-8f35-7556083ff084" />
    <UnitTestResult executionId="6488404d-10e9-4ec4-9ee2-1d60d8eab11b" testId="a215b767-2742-16e4-2a57-0958b9222d24" testName="BL.Tests.TurnstilesServiceTest.TestAdminGetTurnstilesAsync(userID: 41, initialTurnstiles: [Turnstile { TurnstileID = 76, LiftID = 28, IsOpen = True }, Turnstile { TurnstileID = 46, LiftID = 124, IsOpen = False }, Turnstile { TurnstileID = 142, LiftID = 161, IsOpen = True }], checkPermissionServiceMock: Mock&lt;ICheckPermissionService:13&gt;, turnstilesRepositoryStub: Mock&lt;ITurnstilesRepository:7&gt;, sut: TurnstilesService { })" computerName="DESKTOP-TJ9D65N" duration="00:00:00.0043781" startTime="2022-10-15T20:35:02.4199395+03:00" endTime="2022-10-15T20:35:02.4199395+03:00" testType="13cdc9d9-ddb5-4fa4-a97d-d965ccfc6d4b" outcome="Passed" testListId="8c84fa94-04c1-424b-9868-57a2d4851a1d" relativeResultsDirectory="6488404d-10e9-4ec4-9ee2-1d60d8eab11b" />
    <UnitTestResult executionId="3a5f8bde-80c0-4af9-b59c-4981fc9eb45d" testId="2b512b36-17f1-d63f-5a2b-10905891480d" testName="BL.Tests.SlopesServiceTest.TestAdminAddSlopeAsync(userID: 32, slope: Slope { SlopeID = 166, SlopeName = slopeName828c49e7-2038-4163-b713-7e305f2ba7f8, IsOpen = True, DifficultyLevel = 207, ConnectedLifts =  }, checkPermissionServiceMock: Mock&lt;ICheckPermissionService:11&gt;, slopesRepositoryStub: Mock&lt;ISlopesRepository:9&gt;, sut: SlopesService { })" computerName="DESKTOP-TJ9D65N" duration="00:00:00.0050799" startTime="2022-10-15T20:35:02.4213906+03:00" endTime="2022-10-15T20:35:02.4213907+03:00" testType="13cdc9d9-ddb5-4fa4-a97d-d965ccfc6d4b" outcome="Passed" testListId="8c84fa94-04c1-424b-9868-57a2d4851a1d" relativeResultsDirectory="3a5f8bde-80c0-4af9-b59c-4981fc9eb45d" />
    <UnitTestResult executionId="b9274c07-93ce-47cb-9329-70e663398de8" testId="1ca07ad8-f799-c5d4-e7cc-34fd950198a2" testName="BL.Tests.UsersServiceTests.TestLogInOk" computerName="DESKTOP-TJ9D65N" duration="00:00:00.0026793" startTime="2022-10-15T20:35:02.4217622+03:00" endTime="2022-10-15T20:35:02.4217622+03:00" testType="13cdc9d9-ddb5-4fa4-a97d-d965ccfc6d4b" outcome="Passed" testListId="8c84fa94-04c1-424b-9868-57a2d4851a1d" relativeResultsDirectory="b9274c07-93ce-47cb-9329-70e663398de8" />
    <UnitTestResult executionId="7fd939d6-a056-4ad2-854a-a963aa127db1" testId="60bd668f-04df-da5e-b79b-5d9aedb5234d" testName="BL.Tests.CheckPermissionsServiceTests.SkiPatrolHasAccessToAdminSkiPatrolFunctions(functionName: &quot;MarkMessageReadByUserAsync&quot;)" computerName="DESKTOP-TJ9D65N" duration="00:00:00.0011452" startTime="2022-10-15T20:35:02.4213348+03:00" endTime="2022-10-15T20:35:02.4213349+03:00" testType="13cdc9d9-ddb5-4fa4-a97d-d965ccfc6d4b" outcome="Passed" testListId="8c84fa94-04c1-424b-9868-57a2d4851a1d" relativeResultsDirectory="7fd939d6-a056-4ad2-854a-a963aa127db1" />
    <UnitTestResult executionId="59bd0050-27dc-46fc-abcc-fcbf11dee3cb" testId="adddbb2b-04c0-443a-3079-82ec91c070b3" testName="BL.Tests.SlopesServiceTest.TestGetSlopesInfoAsync(userID: 204, initialSlopes: [Slope { SlopeID = 244, SlopeName = slopeName3ecb7f7d-f974-428f-a031-736b1f0a5e75, IsOpen = True, DifficultyLevel = 26, ConnectedLifts =  }, Slope { SlopeID = 241, SlopeName = slopeNamecc76f66f-8cb5-4415-85de-f08a9aac621e, IsOpen = False, DifficultyLevel = 46, ConnectedLifts =  }, Slope { SlopeID = 185, SlopeName = slopeNamedf6bc10f-4884-4eb0-81b9-79a6094e3fb2, IsOpen = True, DifficultyLevel = 66, ConnectedLifts =  }], checkPermissionServiceMock: Mock&lt;ICheckPermissionService:7&gt;, slopesRepositoryStub: Mock&lt;ISlopesRepository:5&gt;, liftsSlopesRepositoryStub: Mock&lt;ILiftsSlopesRepository:10&gt;, sut: SlopesService { })" computerName="DESKTOP-TJ9D65N" duration="00:00:00.0149372" startTime="2022-10-15T20:35:02.4261594+03:00" endTime="2022-10-15T20:35:02.4261596+03:00" testType="13cdc9d9-ddb5-4fa4-a97d-d965ccfc6d4b" outcome="Passed" testListId="8c84fa94-04c1-424b-9868-57a2d4851a1d" relativeResultsDirectory="59bd0050-27dc-46fc-abcc-fcbf11dee3cb" />
    <UnitTestResult executionId="c123e983-b651-41f3-bcd0-8b56d70c6e77" testId="6ecdab7d-ebe1-ef42-c215-5382d904f772" testName="BL.Tests.LiftsServiceTest.TestGetLiftsInfoAsync(userID: 60, initialLifts: [Lift { LiftID = 172, LiftName = liftName3d2c4822-8ecd-4912-8f08-ec00aa6257cb, IsOpen = True, SeatsAmount = 136, LiftingTime = 185, QueueTime = 137, ConnectedSlopes =  }, Lift { LiftID = 253, LiftName = liftName7e8a5e4a-3cd0-4fac-97cd-bba5589dbdb6, IsOpen = False, SeatsAmount = 187, LiftingTime = 101, QueueTime = 108, ConnectedSlopes =  }, Lift { LiftID = 69, LiftName = liftName384fd75c-c87f-489a-be9f-039b76ea6401, IsOpen = True, SeatsAmount = 33, LiftingTime = 224, QueueTime = 84, ConnectedSlopes =  }], checkPermissionServiceMock: Mock&lt;ICheckPermissionService:2&gt;, liftsRepositoryStub: Mock&lt;ILiftsRepository:2&gt;, liftsSlopesRepositoryStub: Mock&lt;ILiftsSlopesRepository:2&gt;, sut: LiftsService { })" computerName="DESKTOP-TJ9D65N" duration="00:00:00.0675770" startTime="2022-10-15T20:35:02.3661136+03:00" endTime="2022-10-15T20:35:02.3661137+03:00" testType="13cdc9d9-ddb5-4fa4-a97d-d965ccfc6d4b" outcome="Passed" testListId="8c84fa94-04c1-424b-9868-57a2d4851a1d" relativeResultsDirectory="c123e983-b651-41f3-bcd0-8b56d70c6e77" />
    <UnitTestResult executionId="47a87668-0487-4e11-ba0c-cbb9998756ae" testId="06d0bc3a-24a0-fb7f-4277-e9ae6d21c7dd" testName="BL.Tests.UsersServiceTests.TestAdminUpdateUser" computerName="DESKTOP-TJ9D65N" duration="00:00:00.0058960" startTime="2022-10-15T20:35:02.4204511+03:00" endTime="2022-10-15T20:35:02.4204512+03:00" testType="13cdc9d9-ddb5-4fa4-a97d-d965ccfc6d4b" outcome="Passed" testListId="8c84fa94-04c1-424b-9868-57a2d4851a1d" relativeResultsDirectory="47a87668-0487-4e11-ba0c-cbb9998756ae" />
    <UnitTestResult executionId="870c5f06-715e-401e-884b-5b811a487d92" testId="834c739b-eca4-b36d-6a66-5a1bd75377b8" testName="BL.Tests.UsersServiceTests.TestAdminAddAutoIncrementUser" computerName="DESKTOP-TJ9D65N" duration="00:00:00.0078142" startTime="2022-10-15T20:35:02.4305496+03:00" endTime="2022-10-15T20:35:02.4305497+03:00" testType="13cdc9d9-ddb5-4fa4-a97d-d965ccfc6d4b" outcome="Passed" testListId="8c84fa94-04c1-424b-9868-57a2d4851a1d" relativeResultsDirectory="870c5f06-715e-401e-884b-5b811a487d92" />
    <UnitTestResult executionId="548d1b20-a933-4cac-99d2-ee3beefb4d2d" testId="fa960c5e-f989-2880-784e-8efe538c5231" testName="BL.Tests.CheckPermissionsServiceTests.UnauthorizedHasNoAccessToAuthorizedFunctions(functionName: &quot;LogOutAsync&quot;)" computerName="DESKTOP-TJ9D65N" duration="00:00:00.0013685" startTime="2022-10-15T20:35:02.4203414+03:00" endTime="2022-10-15T20:35:02.4203414+03:00" testType="13cdc9d9-ddb5-4fa4-a97d-d965ccfc6d4b" outcome="Passed" testListId="8c84fa94-04c1-424b-9868-57a2d4851a1d" relativeResultsDirectory="548d1b20-a933-4cac-99d2-ee3beefb4d2d" />
    <UnitTestResult executionId="913dc496-3f25-47d7-9ad7-9387d55e28db" testId="fccedc7b-c0ae-e2d8-6c70-6d06e2bba61a" testName="BL.Tests.LiftsSlopesServiceTests.TestAdminAddAutoIncrementLiftSlopeAsync(lift: Lift { LiftID = 122, LiftName = liftNamef8e6014a-5402-4459-ae26-cee05be3c31f, IsOpen = True, SeatsAmount = 20, LiftingTime = 54, QueueTime = 205, ConnectedSlopes =  }, slope: Slope { SlopeID = 172, SlopeName = slopeName5809fec5-8aec-4b87-919e-2ee798c9f281, IsOpen = False, DifficultyLevel = 3, ConnectedLifts =  }, slopesRepositoryStub: Mock&lt;ISlopesRepository:3&gt;, liftsRepositoryStub: Mock&lt;ILiftsRepository:8&gt;, liftsSlopesRepositoryStub: Mock&lt;ILiftsSlopesRepository:8&gt;)" computerName="DESKTOP-TJ9D65N" duration="00:00:00.0075447" startTime="2022-10-15T20:35:02.4191113+03:00" endTime="2022-10-15T20:35:02.4191114+03:00" testType="13cdc9d9-ddb5-4fa4-a97d-d965ccfc6d4b" outcome="Passed" testListId="8c84fa94-04c1-424b-9868-57a2d4851a1d" relativeResultsDirectory="913dc496-3f25-47d7-9ad7-9387d55e28db" />
    <UnitTestResult executionId="bfdc3d4e-baaf-4ec0-a08f-653d08a5df53" testId="9c7df5e2-1b23-ebea-889f-b78ca86b60ab" testName="BL.Tests.CheckPermissionsServiceTests.AuthorizedHasNoAccessToAdminSkiPatrolFunctions(functionName: &quot;MarkMessageReadByUserAsync&quot;)" computerName="DESKTOP-TJ9D65N" duration="00:00:00.0009966" startTime="2022-10-15T20:35:02.4237457+03:00" endTime="2022-10-15T20:35:02.4237458+03:00" testType="13cdc9d9-ddb5-4fa4-a97d-d965ccfc6d4b" outcome="Passed" testListId="8c84fa94-04c1-424b-9868-57a2d4851a1d" relativeResultsDirectory="bfdc3d4e-baaf-4ec0-a08f-653d08a5df53" />
    <UnitTestResult executionId="b2a09c6c-9af1-445d-a278-795966655185" testId="aa28a6b3-21d3-aa45-24d3-bef2facbc899" testName="BL.Tests.CheckPermissionsServiceTests.AuthorizedHasAccessToAuthorizedFunctions(functionName: &quot;LogOutAsync&quot;)" computerName="DESKTOP-TJ9D65N" duration="00:00:00.0008181" startTime="2022-10-15T20:35:02.4359776+03:00" endTime="2022-10-15T20:35:02.4359777+03:00" testType="13cdc9d9-ddb5-4fa4-a97d-d965ccfc6d4b" outcome="Passed" testListId="8c84fa94-04c1-424b-9868-57a2d4851a1d" relativeResultsDirectory="b2a09c6c-9af1-445d-a278-795966655185" />
    <UnitTestResult executionId="b97be035-f7fc-480e-8aaf-074caf5f21be" testId="e2d7e5be-3dae-33ae-fb17-c704b6fd58d6" testName="BL.Tests.CheckPermissionsServiceTests.UnauthorizedHasNoAccessToAdminFunctions" computerName="DESKTOP-TJ9D65N" duration="00:00:00.0021735" startTime="2022-10-15T20:35:02.4404944+03:00" endTime="2022-10-15T20:35:02.4404945+03:00" testType="13cdc9d9-ddb5-4fa4-a97d-d965ccfc6d4b" outcome="Passed" testListId="8c84fa94-04c1-424b-9868-57a2d4851a1d" relativeResultsDirectory="b97be035-f7fc-480e-8aaf-074caf5f21be" />
  </Results>
  <TestDefinitions>
    <UnitTest name="BL.Tests.UsersServiceTests.TestAdminAddAutoIncrementUser" storage="c:\users\alena\desktop\7_sem\testing_and_debugging\skiresort\bl.tests\bin\debug\net6.0\bl.tests.dll" id="834c739b-eca4-b36d-6a66-5a1bd75377b8">
      <Execution id="870c5f06-715e-401e-884b-5b811a487d92" />
      <TestMethod codeBase="C:\Users\alena\Desktop\7_sem\testing_and_debugging\SkiResort\BL.Tests\bin\Debug\net6.0\BL.Tests.dll" adapterTypeName="executor://xunit/VsTestRunner2/netcoreapp" className="BL.Tests.UsersServiceTests" name="TestAdminAddAutoIncrementUser" />
    </UnitTest>
    <UnitTest name="BL.Tests.LiftsSlopesServiceTests.TestAdminAddAutoIncrementLiftSlopeAsync(lift: Lift { LiftID = 122, LiftName = liftNamef8e6014a-5402-4459-ae26-cee05be3c31f, IsOpen = True, SeatsAmount = 20, LiftingTime = 54, QueueTime = 205, ConnectedSlopes =  }, slope: Slope { SlopeID = 172, SlopeName = slopeName5809fec5-8aec-4b87-919e-2ee798c9f281, IsOpen = False, DifficultyLevel = 3, ConnectedLifts =  }, slopesRepositoryStub: Mock&lt;ISlopesRepository:3&gt;, l..." storage="c:\users\alena\desktop\7_sem\testing_and_debugging\skiresort\bl.tests\bin\debug\net6.0\bl.tests.dll" id="fccedc7b-c0ae-e2d8-6c70-6d06e2bba61a">
      <Execution id="913dc496-3f25-47d7-9ad7-9387d55e28db" />
      <TestMethod codeBase="C:\Users\alena\Desktop\7_sem\testing_and_debugging\SkiResort\BL.Tests\bin\Debug\net6.0\BL.Tests.dll" adapterTypeName="executor://xunit/VsTestRunner2/netcoreapp" className="BL.Tests.LiftsSlopesServiceTests" name="TestAdminAddAutoIncrementLiftSlopeAsync" />
    </UnitTest>
    <UnitTest name="BL.Tests.CheckPermissionsServiceTests.SkiPatrolHasAccessToAdminSkiPatrolFunctions(functionName: &quot;MarkMessageReadByUserAsync&quot;)" storage="c:\users\alena\desktop\7_sem\testing_and_debugging\skiresort\bl.tests\bin\debug\net6.0\bl.tests.dll" id="60bd668f-04df-da5e-b79b-5d9aedb5234d">
      <Execution id="7fd939d6-a056-4ad2-854a-a963aa127db1" />
      <TestMethod codeBase="C:\Users\alena\Desktop\7_sem\testing_and_debugging\SkiResort\BL.Tests\bin\Debug\net6.0\BL.Tests.dll" adapterTypeName="executor://xunit/VsTestRunner2/netcoreapp" className="BL.Tests.CheckPermissionsServiceTests" name="SkiPatrolHasAccessToAdminSkiPatrolFunctions" />
    </UnitTest>
    <UnitTest name="BL.Tests.CheckPermissionsServiceTests.AuthorizedHasAccessToAuthorizedFunctions(functionName: &quot;SendMessageAsync&quot;)" storage="c:\users\alena\desktop\7_sem\testing_and_debugging\skiresort\bl.tests\bin\debug\net6.0\bl.tests.dll" id="644ec43e-70cd-c82d-42e7-0d990be1414d">
      <Execution id="52e1632b-ee5a-4fc6-8421-56bf6d3837bc" />
      <TestMethod codeBase="C:\Users\alena\Desktop\7_sem\testing_and_debugging\SkiResort\BL.Tests\bin\Debug\net6.0\BL.Tests.dll" adapterTypeName="executor://xunit/VsTestRunner2/netcoreapp" className="BL.Tests.CheckPermissionsServiceTests" name="AuthorizedHasAccessToAuthorizedFunctions" />
    </UnitTest>
    <UnitTest name="BL.Tests.TurnstilesServiceTest.TestAdminAddAutoIncrementTurnstileAsync(userID: 79, turnstile: Turnstile { TurnstileID = 240, LiftID = 66, IsOpen = True }, checkPermissionServiceMock: Mock&lt;ICheckPermissionService:16&gt;, turnstilesRepositoryStub: Mock&lt;ITurnstilesRepository:10&gt;, sut: TurnstilesService { })" storage="c:\users\alena\desktop\7_sem\testing_and_debugging\skiresort\bl.tests\bin\debug\net6.0\bl.tests.dll" id="64798963-41c5-25a6-d52d-eae12f23c414">
      <Execution id="0d718ded-e23c-45ac-a789-85a0d9b374b7" />
      <TestMethod codeBase="C:\Users\alena\Desktop\7_sem\testing_and_debugging\SkiResort\BL.Tests\bin\Debug\net6.0\BL.Tests.dll" adapterTypeName="executor://xunit/VsTestRunner2/netcoreapp" className="BL.Tests.TurnstilesServiceTest" name="TestAdminAddAutoIncrementTurnstileAsync" />
    </UnitTest>
    <UnitTest name="BL.Tests.CheckPermissionsServiceTests.AuthorizedHasNoAccessToAdminSkiPatrolFunctions(functionName: &quot;MarkMessageReadByUserAsync&quot;)" storage="c:\users\alena\desktop\7_sem\testing_and_debugging\skiresort\bl.tests\bin\debug\net6.0\bl.tests.dll" id="9c7df5e2-1b23-ebea-889f-b78ca86b60ab">
      <Execution id="bfdc3d4e-baaf-4ec0-a08f-653d08a5df53" />
      <TestMethod codeBase="C:\Users\alena\Desktop\7_sem\testing_and_debugging\SkiResort\BL.Tests\bin\Debug\net6.0\BL.Tests.dll" adapterTypeName="executor://xunit/VsTestRunner2/netcoreapp" className="BL.Tests.CheckPermissionsServiceTests" name="AuthorizedHasNoAccessToAdminSkiPatrolFunctions" />
    </UnitTest>
    <UnitTest name="BL.Tests.LiftsServiceTest.TestAdminDeleteLiftAsync(userID: 214, lift: Lift { LiftID = 97, LiftName = liftName3ece8288-b320-41e6-95ff-57fcd165ae59, IsOpen = True, SeatsAmount = 181, LiftingTime = 64, QueueTime = 162, ConnectedSlopes =  }, checkPermissionServiceMock: Mock&lt;ICheckPermissionService:4&gt;, liftsRepositoryStub: Mock&lt;ILiftsRepository:4&gt;, liftsSlopesRepositoryStub: Mock&lt;ILiftsSlopesRepository:4&gt;, sut: LiftsService { })" storage="c:\users\alena\desktop\7_sem\testing_and_debugging\skiresort\bl.tests\bin\debug\net6.0\bl.tests.dll" id="d5d75577-6f1a-674e-337f-d1c84dde86fe">
      <Execution id="0d8fb8f5-cbc9-400b-87f9-a3baddb6dc6e" />
      <TestMethod codeBase="C:\Users\alena\Desktop\7_sem\testing_and_debugging\SkiResort\BL.Tests\bin\Debug\net6.0\BL.Tests.dll" adapterTypeName="executor://xunit/VsTestRunner2/netcoreapp" className="BL.Tests.LiftsServiceTest" name="TestAdminDeleteLiftAsync" />
    </UnitTest>
    <UnitTest name="BL.Tests.CheckPermissionsServiceTests.UnauthorizedHasNoAccessToAuthorizedFunctions(functionName: &quot;SendMessageAsync&quot;)" storage="c:\users\alena\desktop\7_sem\testing_and_debugging\skiresort\bl.tests\bin\debug\net6.0\bl.tests.dll" id="eaabd2fc-2f4b-5689-59c8-c7ad34a8f634">
      <Execution id="8bc1813b-c38f-41b1-9179-d9545c9300d0" />
      <TestMethod codeBase="C:\Users\alena\Desktop\7_sem\testing_and_debugging\SkiResort\BL.Tests\bin\Debug\net6.0\BL.Tests.dll" adapterTypeName="executor://xunit/VsTestRunner2/netcoreapp" className="BL.Tests.CheckPermissionsServiceTests" name="UnauthorizedHasNoAccessToAuthorizedFunctions" />
    </UnitTest>
    <UnitTest name="BL.Tests.CheckPermissionsServiceTests.AdminHasAccessToAllFunctions" storage="c:\users\alena\desktop\7_sem\testing_and_debugging\skiresort\bl.tests\bin\debug\net6.0\bl.tests.dll" id="f3efc418-a8a6-c7b7-9bac-90b33aa8472f">
      <Execution id="be1716fd-d192-4f6c-8ef1-598329d00164" />
      <TestMethod codeBase="C:\Users\alena\Desktop\7_sem\testing_and_debugging\SkiResort\BL.Tests\bin\Debug\net6.0\BL.Tests.dll" adapterTypeName="executor://xunit/VsTestRunner2/netcoreapp" className="BL.Tests.CheckPermissionsServiceTests" name="AdminHasAccessToAllFunctions" />
    </UnitTest>
    <UnitTest name="BL.Tests.LiftsServiceTest.TestUpdateLiftInfoAsync(userID: 131, lift: Lift { LiftID = 247, LiftName = liftName6a9fa8ac-04c5-4666-a826-dc410837a346, IsOpen = True, SeatsAmount = 235, LiftingTime = 153, QueueTime = 91, ConnectedSlopes =  }, checkPermissionServiceMock: Mock&lt;ICheckPermissionService:3&gt;, liftsRepositoryStub: Mock&lt;ILiftsRepository:3&gt;, sut: LiftsService { })" storage="c:\users\alena\desktop\7_sem\testing_and_debugging\skiresort\bl.tests\bin\debug\net6.0\bl.tests.dll" id="3eb099c2-7bc4-0bc8-c603-4f6971cdff84">
      <Execution id="d2c7783c-daac-423d-a511-eae46cd42a9c" />
      <TestMethod codeBase="C:\Users\alena\Desktop\7_sem\testing_and_debugging\SkiResort\BL.Tests\bin\Debug\net6.0\BL.Tests.dll" adapterTypeName="executor://xunit/VsTestRunner2/netcoreapp" className="BL.Tests.LiftsServiceTest" name="TestUpdateLiftInfoAsync" />
    </UnitTest>
    <UnitTest name="BL.Tests.UsersServiceTests.TestLogInOk" storage="c:\users\alena\desktop\7_sem\testing_and_debugging\skiresort\bl.tests\bin\debug\net6.0\bl.tests.dll" id="1ca07ad8-f799-c5d4-e7cc-34fd950198a2">
      <Execution id="b9274c07-93ce-47cb-9329-70e663398de8" />
      <TestMethod codeBase="C:\Users\alena\Desktop\7_sem\testing_and_debugging\SkiResort\BL.Tests\bin\Debug\net6.0\BL.Tests.dll" adapterTypeName="executor://xunit/VsTestRunner2/netcoreapp" className="BL.Tests.UsersServiceTests" name="TestLogInOk" />
    </UnitTest>
    <UnitTest name="BL.Tests.CheckPermissionsServiceTests.UnauthorizedHasNoAccessToAdminSkiPatrolFunctions(functionName: &quot;MarkMessageReadByUserAsync&quot;)" storage="c:\users\alena\desktop\7_sem\testing_and_debugging\skiresort\bl.tests\bin\debug\net6.0\bl.tests.dll" id="a19a5fcf-c5d2-7d44-5d7d-84403042f4e0">
      <Execution id="9e871edb-4f7f-40d9-b4c2-38c181fb494f" />
      <TestMethod codeBase="C:\Users\alena\Desktop\7_sem\testing_and_debugging\SkiResort\BL.Tests\bin\Debug\net6.0\BL.Tests.dll" adapterTypeName="executor://xunit/VsTestRunner2/netcoreapp" className="BL.Tests.CheckPermissionsServiceTests" name="UnauthorizedHasNoAccessToAdminSkiPatrolFunctions" />
    </UnitTest>
    <UnitTest name="BL.Tests.LiftsSlopesServiceTests.TestGetLiftsSlopesInfoAsync(liftsSlopes: [LiftSlope { RecordID = 80, LiftID = 50, SlopeID = 58 }, LiftSlope { RecordID = 44, LiftID = 35, SlopeID = 124 }, LiftSlope { RecordID = 137, LiftID = 228, SlopeID = 63 }], slopesRepositoryStub: Mock&lt;ISlopesRepository:1&gt;, liftsRepositoryStub: Mock&lt;ILiftsRepository:6&gt;, liftsSlopesRepositoryStub: Mock&lt;ILiftsSlopesRepository:6&gt;)" storage="c:\users\alena\desktop\7_sem\testing_and_debugging\skiresort\bl.tests\bin\debug\net6.0\bl.tests.dll" id="39be9b5e-0bc4-57dc-37d3-aec6b520299d">
      <Execution id="ac2da18d-8a61-40bd-b8ba-5f7eae51fb41" />
      <TestMethod codeBase="C:\Users\alena\Desktop\7_sem\testing_and_debugging\SkiResort\BL.Tests\bin\Debug\net6.0\BL.Tests.dll" adapterTypeName="executor://xunit/VsTestRunner2/netcoreapp" className="BL.Tests.LiftsSlopesServiceTests" name="TestGetLiftsSlopesInfoAsync" />
    </UnitTest>
    <UnitTest name="BL.Tests.CheckPermissionsServiceTests.AuthorizedHasAccessToAuthorizedFunctions(functionName: &quot;LogOutAsync&quot;)" storage="c:\users\alena\desktop\7_sem\testing_and_debugging\skiresort\bl.tests\bin\debug\net6.0\bl.tests.dll" id="aa28a6b3-21d3-aa45-24d3-bef2facbc899">
      <Execution id="b2a09c6c-9af1-445d-a278-795966655185" />
      <TestMethod codeBase="C:\Users\alena\Desktop\7_sem\testing_and_debugging\SkiResort\BL.Tests\bin\Debug\net6.0\BL.Tests.dll" adapterTypeName="executor://xunit/VsTestRunner2/netcoreapp" className="BL.Tests.CheckPermissionsServiceTests" name="AuthorizedHasAccessToAuthorizedFunctions" />
    </UnitTest>
    <UnitTest name="BL.Tests.CheckPermissionsServiceTests.SkiPatrolHasAccessToAdminSkiPatrolFunctions(functionName: &quot;GetMessagesAsync&quot;)" storage="c:\users\alena\desktop\7_sem\testing_and_debugging\skiresort\bl.tests\bin\debug\net6.0\bl.tests.dll" id="c36970dc-93f7-753e-fa47-157133b01644">
      <Execution id="277628f2-964d-4a96-b4d2-e024f07a26d1" />
      <TestMethod codeBase="C:\Users\alena\Desktop\7_sem\testing_and_debugging\SkiResort\BL.Tests\bin\Debug\net6.0\BL.Tests.dll" adapterTypeName="executor://xunit/VsTestRunner2/netcoreapp" className="BL.Tests.CheckPermissionsServiceTests" name="SkiPatrolHasAccessToAdminSkiPatrolFunctions" />
    </UnitTest>
    <UnitTest name="BL.Tests.SlopesServiceTest.TestGetSlopeInfoAsync(userID: 110, slope: Slope { SlopeID = 170, SlopeName = slopeName9193b614-60c2-4ea9-8068-7bbe37bf0591, IsOpen = True, DifficultyLevel = 187, ConnectedLifts =  }, checkPermissionServiceMock: Mock&lt;ICheckPermissionService:6&gt;, slopesRepositoryStub: Mock&lt;ISlopesRepository:4&gt;, liftsSlopesRepositoryStub: Mock&lt;ILiftsSlopesRepository:9&gt;, sut: SlopesService { })" storage="c:\users\alena\desktop\7_sem\testing_and_debugging\skiresort\bl.tests\bin\debug\net6.0\bl.tests.dll" id="f44285e0-31a6-e794-f6aa-ee9d30285e6f">
      <Execution id="4cea25d6-1cf1-4285-9d23-40ae1acd7c6b" />
      <TestMethod codeBase="C:\Users\alena\Desktop\7_sem\testing_and_debugging\SkiResort\BL.Tests\bin\Debug\net6.0\BL.Tests.dll" adapterTypeName="executor://xunit/VsTestRunner2/netcoreapp" className="BL.Tests.SlopesServiceTest" name="TestGetSlopeInfoAsync" />
    </UnitTest>
    <UnitTest name="BL.Tests.LiftsServiceTest.TestAdminAddAutoIncrementLiftAsync(userID: 169, lift: Lift { LiftID = 212, LiftName = liftNamea617fe4f-50bb-4004-92e4-23ffe80755f3, IsOpen = True, SeatsAmount = 181, LiftingTime = 105, QueueTime = 71, ConnectedSlopes =  }, checkPermissionServiceMock: Mock&lt;ICheckPermissionService:5&gt;, liftsRepositoryStub: Mock&lt;ILiftsRepository:5&gt;, sut: LiftsService { })" storage="c:\users\alena\desktop\7_sem\testing_and_debugging\skiresort\bl.tests\bin\debug\net6.0\bl.tests.dll" id="a20a232d-e1f5-6496-d1c6-540593fd0b28">
      <Execution id="1c003d4a-a522-45ae-9af0-8f7d1473a30f" />
      <TestMethod codeBase="C:\Users\alena\Desktop\7_sem\testing_and_debugging\SkiResort\BL.Tests\bin\Debug\net6.0\BL.Tests.dll" adapterTypeName="executor://xunit/VsTestRunner2/netcoreapp" className="BL.Tests.LiftsServiceTest" name="TestAdminAddAutoIncrementLiftAsync" />
    </UnitTest>
    <UnitTest name="BL.Tests.CheckPermissionsServiceTests.AuthorizedHasNoAccessToAdminFunctions" storage="c:\users\alena\desktop\7_sem\testing_and_debugging\skiresort\bl.tests\bin\debug\net6.0\bl.tests.dll" id="a2e59116-cb53-1d70-9cb8-21c286516866">
      <Execution id="bffb17c0-8115-45e8-9610-7b51c498ce98" />
      <TestMethod codeBase="C:\Users\alena\Desktop\7_sem\testing_and_debugging\SkiResort\BL.Tests\bin\Debug\net6.0\BL.Tests.dll" adapterTypeName="executor://xunit/VsTestRunner2/netcoreapp" className="BL.Tests.CheckPermissionsServiceTests" name="AuthorizedHasNoAccessToAdminFunctions" />
    </UnitTest>
    <UnitTest name="BL.Tests.CheckPermissionsServiceTests.SkiPatrolHasAccessToAdminSkiPatrolFunctions(functionName: &quot;GetLiftsSlopesInfoAsync&quot;)" storage="c:\users\alena\desktop\7_sem\testing_and_debugging\skiresort\bl.tests\bin\debug\net6.0\bl.tests.dll" id="2d706594-f2b3-b3c8-21d4-86c9798c3306">
      <Execution id="e056e9be-4727-46b6-b0d8-bc8840f6aec3" />
      <TestMethod codeBase="C:\Users\alena\Desktop\7_sem\testing_and_debugging\SkiResort\BL.Tests\bin\Debug\net6.0\BL.Tests.dll" adapterTypeName="executor://xunit/VsTestRunner2/netcoreapp" className="BL.Tests.CheckPermissionsServiceTests" name="SkiPatrolHasAccessToAdminSkiPatrolFunctions" />
    </UnitTest>
    <UnitTest name="BL.Tests.CheckPermissionsServiceTests.AuthorizedHasNoAccessToAdminSkiPatrolFunctions(functionName: &quot;GetLiftsSlopesInfoAsync&quot;)" storage="c:\users\alena\desktop\7_sem\testing_and_debugging\skiresort\bl.tests\bin\debug\net6.0\bl.tests.dll" id="4f297306-d4f3-8d63-e7f4-1ac0b8c58c74">
      <Execution id="04beb7e5-bf61-4a42-aabe-813a61b79b17" />
      <TestMethod codeBase="C:\Users\alena\Desktop\7_sem\testing_and_debugging\SkiResort\BL.Tests\bin\Debug\net6.0\BL.Tests.dll" adapterTypeName="executor://xunit/VsTestRunner2/netcoreapp" className="BL.Tests.CheckPermissionsServiceTests" name="AuthorizedHasNoAccessToAdminSkiPatrolFunctions" />
    </UnitTest>
    <UnitTest name="BL.Tests.CheckPermissionsServiceTests.UnauthorizedHasNoAccessToAdminSkiPatrolFunctions(functionName: &quot;GetLiftsSlopesInfoAsync&quot;)" storage="c:\users\alena\desktop\7_sem\testing_and_debugging\skiresort\bl.tests\bin\debug\net6.0\bl.tests.dll" id="387c9729-48c1-486e-5e67-f5d11a9f0db8">
      <Execution id="9866e272-b11c-483d-925c-a988c53530a9" />
      <TestMethod codeBase="C:\Users\alena\Desktop\7_sem\testing_and_debugging\SkiResort\BL.Tests\bin\Debug\net6.0\BL.Tests.dll" adapterTypeName="executor://xunit/VsTestRunner2/netcoreapp" className="BL.Tests.CheckPermissionsServiceTests" name="UnauthorizedHasNoAccessToAdminSkiPatrolFunctions" />
    </UnitTest>
    <UnitTest name="BL.Tests.TurnstilesServiceTest.TestAdminUpdateTurnstileAsync(userID: 9, turnstile: Turnstile { TurnstileID = 138, LiftID = 39, IsOpen = True }, checkPermissionServiceMock: Mock&lt;ICheckPermissionService:14&gt;, turnstilesRepositoryStub: Mock&lt;ITurnstilesRepository:8&gt;, sut: TurnstilesService { })" storage="c:\users\alena\desktop\7_sem\testing_and_debugging\skiresort\bl.tests\bin\debug\net6.0\bl.tests.dll" id="42cb9c6c-163e-a88f-b0ca-1d8e752deafb">
      <Execution id="13c0fbc1-47f1-4413-8c40-d079198d9768" />
      <TestMethod codeBase="C:\Users\alena\Desktop\7_sem\testing_and_debugging\SkiResort\BL.Tests\bin\Debug\net6.0\BL.Tests.dll" adapterTypeName="executor://xunit/VsTestRunner2/netcoreapp" className="BL.Tests.TurnstilesServiceTest" name="TestAdminUpdateTurnstileAsync" />
    </UnitTest>
    <UnitTest name="BL.Tests.UsersServiceTests.TestRegisterUserWithRepeatedEmail" storage="c:\users\alena\desktop\7_sem\testing_and_debugging\skiresort\bl.tests\bin\debug\net6.0\bl.tests.dll" id="894941c1-bfa7-d8f9-c047-1e1ceefe2c2f">
      <Execution id="adae23c3-18af-4e49-acff-b74a591b1c44" />
      <TestMethod codeBase="C:\Users\alena\Desktop\7_sem\testing_and_debugging\SkiResort\BL.Tests\bin\Debug\net6.0\BL.Tests.dll" adapterTypeName="executor://xunit/VsTestRunner2/netcoreapp" className="BL.Tests.UsersServiceTests" name="TestRegisterUserWithRepeatedEmail" />
    </UnitTest>
    <UnitTest name="BL.Tests.SlopesServiceTest.TestGetSlopesInfoAsync(userID: 204, initialSlopes: [Slope { SlopeID = 244, SlopeName = slopeName3ecb7f7d-f974-428f-a031-736b1f0a5e75, IsOpen = True, DifficultyLevel = 26, ConnectedLifts =  }, Slope { SlopeID = 241, SlopeName = slopeNamecc76f66f-8cb5-4415-85de-f08a9aac621e, IsOpen = False, DifficultyLevel = 46, ConnectedLifts =  }, Slope { SlopeID = 185, SlopeName = slopeNamedf6bc10f-4884-4eb0-81b9-79a6094e3fb2, Is..." storage="c:\users\alena\desktop\7_sem\testing_and_debugging\skiresort\bl.tests\bin\debug\net6.0\bl.tests.dll" id="adddbb2b-04c0-443a-3079-82ec91c070b3">
      <Execution id="59bd0050-27dc-46fc-abcc-fcbf11dee3cb" />
      <TestMethod codeBase="C:\Users\alena\Desktop\7_sem\testing_and_debugging\SkiResort\BL.Tests\bin\Debug\net6.0\BL.Tests.dll" adapterTypeName="executor://xunit/VsTestRunner2/netcoreapp" className="BL.Tests.SlopesServiceTest" name="TestGetSlopesInfoAsync" />
    </UnitTest>
    <UnitTest name="BL.Tests.CheckPermissionsServiceTests.UnauthorizedHasNoAccessToAdminFunctions" storage="c:\users\alena\desktop\7_sem\testing_and_debugging\skiresort\bl.tests\bin\debug\net6.0\bl.tests.dll" id="e2d7e5be-3dae-33ae-fb17-c704b6fd58d6">
      <Execution id="b97be035-f7fc-480e-8aaf-074caf5f21be" />
      <TestMethod codeBase="C:\Users\alena\Desktop\7_sem\testing_and_debugging\SkiResort\BL.Tests\bin\Debug\net6.0\BL.Tests.dll" adapterTypeName="executor://xunit/VsTestRunner2/netcoreapp" className="BL.Tests.CheckPermissionsServiceTests" name="UnauthorizedHasNoAccessToAdminFunctions" />
    </UnitTest>
    <UnitTest name="BL.Tests.UsersServiceTests.TestRegisterUserWithNoPassword" storage="c:\users\alena\desktop\7_sem\testing_and_debugging\skiresort\bl.tests\bin\debug\net6.0\bl.tests.dll" id="f44a1b21-8efc-bfac-63b4-d534442def31">
      <Execution id="36dc2c3a-5e0d-4e7d-8cef-12c7e7417b07" />
      <TestMethod codeBase="C:\Users\alena\Desktop\7_sem\testing_and_debugging\SkiResort\BL.Tests\bin\Debug\net6.0\BL.Tests.dll" adapterTypeName="executor://xunit/VsTestRunner2/netcoreapp" className="BL.Tests.UsersServiceTests" name="TestRegisterUserWithNoPassword" />
    </UnitTest>
    <UnitTest name="BL.Tests.LiftsServiceTest.TestGetLiftInfoAsync(userID: 112, lift: Lift { LiftID = 140, LiftName = liftName3943d219-f09d-42a1-b30f-c7fdca637285, IsOpen = True, SeatsAmount = 117, LiftingTime = 69, QueueTime = 103, ConnectedSlopes =  }, checkPermissionServiceMock: Mock&lt;ICheckPermissionService:1&gt;, liftsRepositoryStub: Mock&lt;ILiftsRepository:1&gt;, liftsSlopesRepositoryStub: Mock&lt;ILiftsSlopesRepository:1&gt;, sut: LiftsService { })" storage="c:\users\alena\desktop\7_sem\testing_and_debugging\skiresort\bl.tests\bin\debug\net6.0\bl.tests.dll" id="fd3ed4d6-8f5c-980d-5b09-c7392944524b">
      <Execution id="2b1a70c2-e187-4752-8f35-7556083ff084" />
      <TestMethod codeBase="C:\Users\alena\Desktop\7_sem\testing_and_debugging\SkiResort\BL.Tests\bin\Debug\net6.0\BL.Tests.dll" adapterTypeName="executor://xunit/VsTestRunner2/netcoreapp" className="BL.Tests.LiftsServiceTest" name="TestGetLiftInfoAsync" />
    </UnitTest>
    <UnitTest name="BL.Tests.CheckPermissionsServiceTests.SkiPatrolHasNoAccessToAdminFunctions" storage="c:\users\alena\desktop\7_sem\testing_and_debugging\skiresort\bl.tests\bin\debug\net6.0\bl.tests.dll" id="492c0393-35b4-df26-a537-21ca08302f3c">
      <Execution id="08465815-d028-4e20-938e-c6eef39c20f9" />
      <TestMethod codeBase="C:\Users\alena\Desktop\7_sem\testing_and_debugging\SkiResort\BL.Tests\bin\Debug\net6.0\BL.Tests.dll" adapterTypeName="executor://xunit/VsTestRunner2/netcoreapp" className="BL.Tests.CheckPermissionsServiceTests" name="SkiPatrolHasNoAccessToAdminFunctions" />
    </UnitTest>
    <UnitTest name="BL.Tests.UsersServiceTests.TestAdminDeleteUser" storage="c:\users\alena\desktop\7_sem\testing_and_debugging\skiresort\bl.tests\bin\debug\net6.0\bl.tests.dll" id="18fa8c62-e27d-e1fc-8182-4d7db62b008d">
      <Execution id="eaac2aaa-1ea2-40bb-8ca3-54c0df3d6a07" />
      <TestMethod codeBase="C:\Users\alena\Desktop\7_sem\testing_and_debugging\SkiResort\BL.Tests\bin\Debug\net6.0\BL.Tests.dll" adapterTypeName="executor://xunit/VsTestRunner2/netcoreapp" className="BL.Tests.UsersServiceTests" name="TestAdminDeleteUser" />
    </UnitTest>
    <UnitTest name="BL.Tests.UsersServiceTests.TestLogInWithWrongPassword" storage="c:\users\alena\desktop\7_sem\testing_and_debugging\skiresort\bl.tests\bin\debug\net6.0\bl.tests.dll" id="69340bb6-3645-f9dd-971e-29d8b2a009bb">
      <Execution id="35036761-f6e1-4530-b9db-0610bec6885c" />
      <TestMethod codeBase="C:\Users\alena\Desktop\7_sem\testing_and_debugging\SkiResort\BL.Tests\bin\Debug\net6.0\BL.Tests.dll" adapterTypeName="executor://xunit/VsTestRunner2/netcoreapp" className="BL.Tests.UsersServiceTests" name="TestLogInWithWrongPassword" />
    </UnitTest>
    <UnitTest name="BL.Tests.LiftsSlopesServiceTests.TestAdminDeleteLiftSlopeAsync(lift: Lift { LiftID = 84, LiftName = liftName0d4ddcc8-2ae9-4b77-a651-6390a2a07254, IsOpen = True, SeatsAmount = 161, LiftingTime = 30, QueueTime = 241, ConnectedSlopes =  }, slope: Slope { SlopeID = 113, SlopeName = slopeName7d45dee2-d8ae-4f9d-9631-29f92c0f4a6f, IsOpen = False, DifficultyLevel = 233, ConnectedLifts =  }, slopesRepositoryStub: Mock&lt;ISlopesRepository:2&gt;, liftsRepo..." storage="c:\users\alena\desktop\7_sem\testing_and_debugging\skiresort\bl.tests\bin\debug\net6.0\bl.tests.dll" id="40072ed4-cca2-e927-669d-a327598a0333">
      <Execution id="79a10301-0416-4ca9-a8b8-a0014096adfc" />
      <TestMethod codeBase="C:\Users\alena\Desktop\7_sem\testing_and_debugging\SkiResort\BL.Tests\bin\Debug\net6.0\BL.Tests.dll" adapterTypeName="executor://xunit/VsTestRunner2/netcoreapp" className="BL.Tests.LiftsSlopesServiceTests" name="TestAdminDeleteLiftSlopeAsync" />
    </UnitTest>
    <UnitTest name="BL.Tests.SlopesServiceTest.TestAdminDeleteSlopeAsync(userID: 210, slope: Slope { SlopeID = 128, SlopeName = slopeName05cb45b0-b98b-4eda-bb2f-6e1bd6c806c6, IsOpen = True, DifficultyLevel = 24, ConnectedLifts =  }, checkPermissionServiceMock: Mock&lt;ICheckPermissionService:9&gt;, slopesRepositoryStub: Mock&lt;ISlopesRepository:7&gt;, liftsSlopesRepositoryStub: Mock&lt;ILiftsSlopesRepository:12&gt;, sut: SlopesService { })" storage="c:\users\alena\desktop\7_sem\testing_and_debugging\skiresort\bl.tests\bin\debug\net6.0\bl.tests.dll" id="458ea17a-a07b-fb12-62ed-f452738aab77">
      <Execution id="5729073d-62dc-4dbc-acc2-1002da2a3ed8" />
      <TestMethod codeBase="C:\Users\alena\Desktop\7_sem\testing_and_debugging\SkiResort\BL.Tests\bin\Debug\net6.0\BL.Tests.dll" adapterTypeName="executor://xunit/VsTestRunner2/netcoreapp" className="BL.Tests.SlopesServiceTest" name="TestAdminDeleteSlopeAsync" />
    </UnitTest>
    <UnitTest name="BL.Tests.SlopesServiceTest.TestAdminAddAutoIncrementSlopeAsync(userID: 228, slope: Slope { SlopeID = 53, SlopeName = slopeName06a648c9-6ef8-434c-b90c-cdd3ea2ab037, IsOpen = True, DifficultyLevel = 174, ConnectedLifts =  }, checkPermissionServiceMock: Mock&lt;ICheckPermissionService:10&gt;, slopesRepositoryStub: Mock&lt;ISlopesRepository:8&gt;, sut: SlopesService { })" storage="c:\users\alena\desktop\7_sem\testing_and_debugging\skiresort\bl.tests\bin\debug\net6.0\bl.tests.dll" id="87249371-056f-b6ed-b882-86f506c0d3f5">
      <Execution id="7de549ee-bac0-4880-8a46-a8d53c370351" />
      <TestMethod codeBase="C:\Users\alena\Desktop\7_sem\testing_and_debugging\SkiResort\BL.Tests\bin\Debug\net6.0\BL.Tests.dll" adapterTypeName="executor://xunit/VsTestRunner2/netcoreapp" className="BL.Tests.SlopesServiceTest" name="TestAdminAddAutoIncrementSlopeAsync" />
    </UnitTest>
    <UnitTest name="BL.Tests.CheckPermissionsServiceTests.UnauthorizedHasNoAccessToAdminSkiPatrolFunctions(functionName: &quot;GetMessagesAsync&quot;)" storage="c:\users\alena\desktop\7_sem\testing_and_debugging\skiresort\bl.tests\bin\debug\net6.0\bl.tests.dll" id="229812f5-9a73-5335-11f5-31330d1348a5">
      <Execution id="28f9c12d-0936-484f-b2f2-c07f0f2c1230" />
      <TestMethod codeBase="C:\Users\alena\Desktop\7_sem\testing_and_debugging\SkiResort\BL.Tests\bin\Debug\net6.0\BL.Tests.dll" adapterTypeName="executor://xunit/VsTestRunner2/netcoreapp" className="BL.Tests.CheckPermissionsServiceTests" name="UnauthorizedHasNoAccessToAdminSkiPatrolFunctions" />
    </UnitTest>
    <UnitTest name="BL.Tests.UsersServiceTests.TestRegisterUserWithNoEmail" storage="c:\users\alena\desktop\7_sem\testing_and_debugging\skiresort\bl.tests\bin\debug\net6.0\bl.tests.dll" id="8184bd30-991c-b78d-b4ec-99a485eac0dd">
      <Execution id="822a48ab-f2f5-4e68-aa9e-90857e2cd715" />
      <TestMethod codeBase="C:\Users\alena\Desktop\7_sem\testing_and_debugging\SkiResort\BL.Tests\bin\Debug\net6.0\BL.Tests.dll" adapterTypeName="executor://xunit/VsTestRunner2/netcoreapp" className="BL.Tests.UsersServiceTests" name="TestRegisterUserWithNoEmail" />
    </UnitTest>
    <UnitTest name="BL.Tests.CheckPermissionsServiceTests.AuthorizedHasNoAccessToAdminSkiPatrolFunctions(functionName: &quot;GetMessagesAsync&quot;)" storage="c:\users\alena\desktop\7_sem\testing_and_debugging\skiresort\bl.tests\bin\debug\net6.0\bl.tests.dll" id="2602613f-c8e2-a6d9-fcf7-5b27d4a770a6">
      <Execution id="1d105ecb-ff14-4733-8370-ededaf5ff96f" />
      <TestMethod codeBase="C:\Users\alena\Desktop\7_sem\testing_and_debugging\SkiResort\BL.Tests\bin\Debug\net6.0\BL.Tests.dll" adapterTypeName="executor://xunit/VsTestRunner2/netcoreapp" className="BL.Tests.CheckPermissionsServiceTests" name="AuthorizedHasNoAccessToAdminSkiPatrolFunctions" />
    </UnitTest>
    <UnitTest name="BL.Tests.UsersServiceTests.TestRegisterOk" storage="c:\users\alena\desktop\7_sem\testing_and_debugging\skiresort\bl.tests\bin\debug\net6.0\bl.tests.dll" id="0eeef75f-6e38-7893-a8fe-cff3e0a970a7">
      <Execution id="55146b79-a685-4698-a058-44c26121ae23" />
      <TestMethod codeBase="C:\Users\alena\Desktop\7_sem\testing_and_debugging\SkiResort\BL.Tests\bin\Debug\net6.0\BL.Tests.dll" adapterTypeName="executor://xunit/VsTestRunner2/netcoreapp" className="BL.Tests.UsersServiceTests" name="TestRegisterOk" />
    </UnitTest>
    <UnitTest name="BL.Tests.TurnstilesServiceTest.TestAdminDeleteTurnstileAsync(userID: 186, turnstile: Turnstile { TurnstileID = 166, LiftID = 60, IsOpen = True }, checkPermissionServiceMock: Mock&lt;ICheckPermissionService:15&gt;, turnstilesRepositoryStub: Mock&lt;ITurnstilesRepository:9&gt;, sut: TurnstilesService { })" storage="c:\users\alena\desktop\7_sem\testing_and_debugging\skiresort\bl.tests\bin\debug\net6.0\bl.tests.dll" id="9ba784f6-60af-d019-a5c5-e80bcc1ed8e8">
      <Execution id="55323978-27a0-4114-b5a1-b193e1fe4cf3" />
      <TestMethod codeBase="C:\Users\alena\Desktop\7_sem\testing_and_debugging\SkiResort\BL.Tests\bin\Debug\net6.0\BL.Tests.dll" adapterTypeName="executor://xunit/VsTestRunner2/netcoreapp" className="BL.Tests.TurnstilesServiceTest" name="TestAdminDeleteTurnstileAsync" />
    </UnitTest>
    <UnitTest name="BL.Tests.TurnstilesServiceTest.TestAdminGetTurnstilesAsync(userID: 41, initialTurnstiles: [Turnstile { TurnstileID = 76, LiftID = 28, IsOpen = True }, Turnstile { TurnstileID = 46, LiftID = 124, IsOpen = False }, Turnstile { TurnstileID = 142, LiftID = 161, IsOpen = True }], checkPermissionServiceMock: Mock&lt;ICheckPermissionService:13&gt;, turnstilesRepositoryStub: Mock&lt;ITurnstilesRepository:7&gt;, sut: TurnstilesService { })" storage="c:\users\alena\desktop\7_sem\testing_and_debugging\skiresort\bl.tests\bin\debug\net6.0\bl.tests.dll" id="a215b767-2742-16e4-2a57-0958b9222d24">
      <Execution id="6488404d-10e9-4ec4-9ee2-1d60d8eab11b" />
      <TestMethod codeBase="C:\Users\alena\Desktop\7_sem\testing_and_debugging\SkiResort\BL.Tests\bin\Debug\net6.0\BL.Tests.dll" adapterTypeName="executor://xunit/VsTestRunner2/netcoreapp" className="BL.Tests.TurnstilesServiceTest" name="TestAdminGetTurnstilesAsync" />
    </UnitTest>
    <UnitTest name="BL.Tests.CheckPermissionsServiceTests.UnauthorizedHasNoAccessToAuthorizedFunctions(functionName: &quot;LogOutAsync&quot;)" storage="c:\users\alena\desktop\7_sem\testing_and_debugging\skiresort\bl.tests\bin\debug\net6.0\bl.tests.dll" id="fa960c5e-f989-2880-784e-8efe538c5231">
      <Execution id="548d1b20-a933-4cac-99d2-ee3beefb4d2d" />
      <TestMethod codeBase="C:\Users\alena\Desktop\7_sem\testing_and_debugging\SkiResort\BL.Tests\bin\Debug\net6.0\BL.Tests.dll" adapterTypeName="executor://xunit/VsTestRunner2/netcoreapp" className="BL.Tests.CheckPermissionsServiceTests" name="UnauthorizedHasNoAccessToAuthorizedFunctions" />
    </UnitTest>
    <UnitTest name="BL.Tests.LiftsServiceTest.TestGetLiftsInfoAsync(userID: 60, initialLifts: [Lift { LiftID = 172, LiftName = liftName3d2c4822-8ecd-4912-8f08-ec00aa6257cb, IsOpen = True, SeatsAmount = 136, LiftingTime = 185, QueueTime = 137, ConnectedSlopes =  }, Lift { LiftID = 253, LiftName = liftName7e8a5e4a-3cd0-4fac-97cd-bba5589dbdb6, IsOpen = False, SeatsAmount = 187, LiftingTime = 101, QueueTime = 108, ConnectedSlopes =  }, Lift { LiftID = 69, LiftName..." storage="c:\users\alena\desktop\7_sem\testing_and_debugging\skiresort\bl.tests\bin\debug\net6.0\bl.tests.dll" id="6ecdab7d-ebe1-ef42-c215-5382d904f772">
      <Execution id="c123e983-b651-41f3-bcd0-8b56d70c6e77" />
      <TestMethod codeBase="C:\Users\alena\Desktop\7_sem\testing_and_debugging\SkiResort\BL.Tests\bin\Debug\net6.0\BL.Tests.dll" adapterTypeName="executor://xunit/VsTestRunner2/netcoreapp" className="BL.Tests.LiftsServiceTest" name="TestGetLiftsInfoAsync" />
    </UnitTest>
    <UnitTest name="BL.Tests.SlopesServiceTest.TestUpdateSlopeInfoAsync(userID: 250, slope: Slope { SlopeID = 41, SlopeName = slopeName4c45c498-0105-4ddd-9226-eb86ab72c09f, IsOpen = True, DifficultyLevel = 224, ConnectedLifts =  }, checkPermissionServiceMock: Mock&lt;ICheckPermissionService:8&gt;, slopesRepositoryStub: Mock&lt;ISlopesRepository:6&gt;, sut: SlopesService { })" storage="c:\users\alena\desktop\7_sem\testing_and_debugging\skiresort\bl.tests\bin\debug\net6.0\bl.tests.dll" id="cb2fd47e-2cbd-21cc-2c73-9a0a60838bc1">
      <Execution id="6d833a4e-1d55-48a7-b740-71bc2c55a27c" />
      <TestMethod codeBase="C:\Users\alena\Desktop\7_sem\testing_and_debugging\SkiResort\BL.Tests\bin\Debug\net6.0\BL.Tests.dll" adapterTypeName="executor://xunit/VsTestRunner2/netcoreapp" className="BL.Tests.SlopesServiceTest" name="TestUpdateSlopeInfoAsync" />
    </UnitTest>
    <UnitTest name="BL.Tests.UsersServiceTests.TestAdminUpdateUser" storage="c:\users\alena\desktop\7_sem\testing_and_debugging\skiresort\bl.tests\bin\debug\net6.0\bl.tests.dll" id="06d0bc3a-24a0-fb7f-4277-e9ae6d21c7dd">
      <Execution id="47a87668-0487-4e11-ba0c-cbb9998756ae" />
      <TestMethod codeBase="C:\Users\alena\Desktop\7_sem\testing_and_debugging\SkiResort\BL.Tests\bin\Debug\net6.0\BL.Tests.dll" adapterTypeName="executor://xunit/VsTestRunner2/netcoreapp" className="BL.Tests.UsersServiceTests" name="TestAdminUpdateUser" />
    </UnitTest>
    <UnitTest name="BL.Tests.UsersServiceTests.TestAdminGetUserByIDAsync" storage="c:\users\alena\desktop\7_sem\testing_and_debugging\skiresort\bl.tests\bin\debug\net6.0\bl.tests.dll" id="e5497347-2721-b7a6-0bd4-69a9921f6947">
      <Execution id="29f9535e-3378-4925-ad62-d3b0f01fc8ab" />
      <TestMethod codeBase="C:\Users\alena\Desktop\7_sem\testing_and_debugging\SkiResort\BL.Tests\bin\Debug\net6.0\BL.Tests.dll" adapterTypeName="executor://xunit/VsTestRunner2/netcoreapp" className="BL.Tests.UsersServiceTests" name="TestAdminGetUserByIDAsync" />
    </UnitTest>
    <UnitTest name="BL.Tests.TurnstilesServiceTest.TestAdminGetTurnstileAsync(userID: 177, turnstile: Turnstile { TurnstileID = 13, LiftID = 113, IsOpen = True }, checkPermissionServiceMock: Mock&lt;ICheckPermissionService:12&gt;, turnstilesRepositoryStub: Mock&lt;ITurnstilesRepository:6&gt;, sut: TurnstilesService { })" storage="c:\users\alena\desktop\7_sem\testing_and_debugging\skiresort\bl.tests\bin\debug\net6.0\bl.tests.dll" id="16e04c0f-b935-cb9d-1338-f3fc9abeeb33">
      <Execution id="13c016f8-3768-4f4b-81bf-d5de97b97f4f" />
      <TestMethod codeBase="C:\Users\alena\Desktop\7_sem\testing_and_debugging\SkiResort\BL.Tests\bin\Debug\net6.0\BL.Tests.dll" adapterTypeName="executor://xunit/VsTestRunner2/netcoreapp" className="BL.Tests.TurnstilesServiceTest" name="TestAdminGetTurnstileAsync" />
    </UnitTest>
    <UnitTest name="BL.Tests.SlopesServiceTest.TestAdminAddSlopeAsync(userID: 32, slope: Slope { SlopeID = 166, SlopeName = slopeName828c49e7-2038-4163-b713-7e305f2ba7f8, IsOpen = True, DifficultyLevel = 207, ConnectedLifts =  }, checkPermissionServiceMock: Mock&lt;ICheckPermissionService:11&gt;, slopesRepositoryStub: Mock&lt;ISlopesRepository:9&gt;, sut: SlopesService { })" storage="c:\users\alena\desktop\7_sem\testing_and_debugging\skiresort\bl.tests\bin\debug\net6.0\bl.tests.dll" id="2b512b36-17f1-d63f-5a2b-10905891480d">
      <Execution id="3a5f8bde-80c0-4af9-b59c-4981fc9eb45d" />
      <TestMethod codeBase="C:\Users\alena\Desktop\7_sem\testing_and_debugging\SkiResort\BL.Tests\bin\Debug\net6.0\BL.Tests.dll" adapterTypeName="executor://xunit/VsTestRunner2/netcoreapp" className="BL.Tests.SlopesServiceTest" name="TestAdminAddSlopeAsync" />
    </UnitTest>
    <UnitTest name="BL.Tests.UsersServiceTests.TestAdminGetUsers" storage="c:\users\alena\desktop\7_sem\testing_and_debugging\skiresort\bl.tests\bin\debug\net6.0\bl.tests.dll" id="20ad8570-0170-85de-dcd7-2f109dd7bcd6">
      <Execution id="2be9e0d4-ffa3-4dfb-bd22-68c930e93cce" />
      <TestMethod codeBase="C:\Users\alena\Desktop\7_sem\testing_and_debugging\SkiResort\BL.Tests\bin\Debug\net6.0\BL.Tests.dll" adapterTypeName="executor://xunit/VsTestRunner2/netcoreapp" className="BL.Tests.UsersServiceTests" name="TestAdminGetUsers" />
    </UnitTest>
  </TestDefinitions>
  <TestEntries>
    <TestEntry testId="f44a1b21-8efc-bfac-63b4-d534442def31" executionId="36dc2c3a-5e0d-4e7d-8cef-12c7e7417b07" testListId="8c84fa94-04c1-424b-9868-57a2d4851a1d" />
    <TestEntry testId="a19a5fcf-c5d2-7d44-5d7d-84403042f4e0" executionId="9e871edb-4f7f-40d9-b4c2-38c181fb494f" testListId="8c84fa94-04c1-424b-9868-57a2d4851a1d" />
    <TestEntry testId="4f297306-d4f3-8d63-e7f4-1ac0b8c58c74" executionId="04beb7e5-bf61-4a42-aabe-813a61b79b17" testListId="8c84fa94-04c1-424b-9868-57a2d4851a1d" />
    <TestEntry testId="492c0393-35b4-df26-a537-21ca08302f3c" executionId="08465815-d028-4e20-938e-c6eef39c20f9" testListId="8c84fa94-04c1-424b-9868-57a2d4851a1d" />
    <TestEntry testId="229812f5-9a73-5335-11f5-31330d1348a5" executionId="28f9c12d-0936-484f-b2f2-c07f0f2c1230" testListId="8c84fa94-04c1-424b-9868-57a2d4851a1d" />
    <TestEntry testId="64798963-41c5-25a6-d52d-eae12f23c414" executionId="0d718ded-e23c-45ac-a789-85a0d9b374b7" testListId="8c84fa94-04c1-424b-9868-57a2d4851a1d" />
    <TestEntry testId="eaabd2fc-2f4b-5689-59c8-c7ad34a8f634" executionId="8bc1813b-c38f-41b1-9179-d9545c9300d0" testListId="8c84fa94-04c1-424b-9868-57a2d4851a1d" />
    <TestEntry testId="a20a232d-e1f5-6496-d1c6-540593fd0b28" executionId="1c003d4a-a522-45ae-9af0-8f7d1473a30f" testListId="8c84fa94-04c1-424b-9868-57a2d4851a1d" />
    <TestEntry testId="644ec43e-70cd-c82d-42e7-0d990be1414d" executionId="52e1632b-ee5a-4fc6-8421-56bf6d3837bc" testListId="8c84fa94-04c1-424b-9868-57a2d4851a1d" />
    <TestEntry testId="cb2fd47e-2cbd-21cc-2c73-9a0a60838bc1" executionId="6d833a4e-1d55-48a7-b740-71bc2c55a27c" testListId="8c84fa94-04c1-424b-9868-57a2d4851a1d" />
    <TestEntry testId="16e04c0f-b935-cb9d-1338-f3fc9abeeb33" executionId="13c016f8-3768-4f4b-81bf-d5de97b97f4f" testListId="8c84fa94-04c1-424b-9868-57a2d4851a1d" />
    <TestEntry testId="3eb099c2-7bc4-0bc8-c603-4f6971cdff84" executionId="d2c7783c-daac-423d-a511-eae46cd42a9c" testListId="8c84fa94-04c1-424b-9868-57a2d4851a1d" />
    <TestEntry testId="2602613f-c8e2-a6d9-fcf7-5b27d4a770a6" executionId="1d105ecb-ff14-4733-8370-ededaf5ff96f" testListId="8c84fa94-04c1-424b-9868-57a2d4851a1d" />
    <TestEntry testId="18fa8c62-e27d-e1fc-8182-4d7db62b008d" executionId="eaac2aaa-1ea2-40bb-8ca3-54c0df3d6a07" testListId="8c84fa94-04c1-424b-9868-57a2d4851a1d" />
    <TestEntry testId="0eeef75f-6e38-7893-a8fe-cff3e0a970a7" executionId="55146b79-a685-4698-a058-44c26121ae23" testListId="8c84fa94-04c1-424b-9868-57a2d4851a1d" />
    <TestEntry testId="c36970dc-93f7-753e-fa47-157133b01644" executionId="277628f2-964d-4a96-b4d2-e024f07a26d1" testListId="8c84fa94-04c1-424b-9868-57a2d4851a1d" />
    <TestEntry testId="20ad8570-0170-85de-dcd7-2f109dd7bcd6" executionId="2be9e0d4-ffa3-4dfb-bd22-68c930e93cce" testListId="8c84fa94-04c1-424b-9868-57a2d4851a1d" />
    <TestEntry testId="2d706594-f2b3-b3c8-21d4-86c9798c3306" executionId="e056e9be-4727-46b6-b0d8-bc8840f6aec3" testListId="8c84fa94-04c1-424b-9868-57a2d4851a1d" />
    <TestEntry testId="d5d75577-6f1a-674e-337f-d1c84dde86fe" executionId="0d8fb8f5-cbc9-400b-87f9-a3baddb6dc6e" testListId="8c84fa94-04c1-424b-9868-57a2d4851a1d" />
    <TestEntry testId="9ba784f6-60af-d019-a5c5-e80bcc1ed8e8" executionId="55323978-27a0-4114-b5a1-b193e1fe4cf3" testListId="8c84fa94-04c1-424b-9868-57a2d4851a1d" />
    <TestEntry testId="387c9729-48c1-486e-5e67-f5d11a9f0db8" executionId="9866e272-b11c-483d-925c-a988c53530a9" testListId="8c84fa94-04c1-424b-9868-57a2d4851a1d" />
    <TestEntry testId="8184bd30-991c-b78d-b4ec-99a485eac0dd" executionId="822a48ab-f2f5-4e68-aa9e-90857e2cd715" testListId="8c84fa94-04c1-424b-9868-57a2d4851a1d" />
    <TestEntry testId="69340bb6-3645-f9dd-971e-29d8b2a009bb" executionId="35036761-f6e1-4530-b9db-0610bec6885c" testListId="8c84fa94-04c1-424b-9868-57a2d4851a1d" />
    <TestEntry testId="40072ed4-cca2-e927-669d-a327598a0333" executionId="79a10301-0416-4ca9-a8b8-a0014096adfc" testListId="8c84fa94-04c1-424b-9868-57a2d4851a1d" />
    <TestEntry testId="87249371-056f-b6ed-b882-86f506c0d3f5" executionId="7de549ee-bac0-4880-8a46-a8d53c370351" testListId="8c84fa94-04c1-424b-9868-57a2d4851a1d" />
    <TestEntry testId="39be9b5e-0bc4-57dc-37d3-aec6b520299d" executionId="ac2da18d-8a61-40bd-b8ba-5f7eae51fb41" testListId="8c84fa94-04c1-424b-9868-57a2d4851a1d" />
    <TestEntry testId="f3efc418-a8a6-c7b7-9bac-90b33aa8472f" executionId="be1716fd-d192-4f6c-8ef1-598329d00164" testListId="8c84fa94-04c1-424b-9868-57a2d4851a1d" />
    <TestEntry testId="458ea17a-a07b-fb12-62ed-f452738aab77" executionId="5729073d-62dc-4dbc-acc2-1002da2a3ed8" testListId="8c84fa94-04c1-424b-9868-57a2d4851a1d" />
    <TestEntry testId="42cb9c6c-163e-a88f-b0ca-1d8e752deafb" executionId="13c0fbc1-47f1-4413-8c40-d079198d9768" testListId="8c84fa94-04c1-424b-9868-57a2d4851a1d" />
    <TestEntry testId="a2e59116-cb53-1d70-9cb8-21c286516866" executionId="bffb17c0-8115-45e8-9610-7b51c498ce98" testListId="8c84fa94-04c1-424b-9868-57a2d4851a1d" />
    <TestEntry testId="894941c1-bfa7-d8f9-c047-1e1ceefe2c2f" executionId="adae23c3-18af-4e49-acff-b74a591b1c44" testListId="8c84fa94-04c1-424b-9868-57a2d4851a1d" />
    <TestEntry testId="f44285e0-31a6-e794-f6aa-ee9d30285e6f" executionId="4cea25d6-1cf1-4285-9d23-40ae1acd7c6b" testListId="8c84fa94-04c1-424b-9868-57a2d4851a1d" />
    <TestEntry testId="e5497347-2721-b7a6-0bd4-69a9921f6947" executionId="29f9535e-3378-4925-ad62-d3b0f01fc8ab" testListId="8c84fa94-04c1-424b-9868-57a2d4851a1d" />
    <TestEntry testId="fd3ed4d6-8f5c-980d-5b09-c7392944524b" executionId="2b1a70c2-e187-4752-8f35-7556083ff084" testListId="8c84fa94-04c1-424b-9868-57a2d4851a1d" />
    <TestEntry testId="a215b767-2742-16e4-2a57-0958b9222d24" executionId="6488404d-10e9-4ec4-9ee2-1d60d8eab11b" testListId="8c84fa94-04c1-424b-9868-57a2d4851a1d" />
    <TestEntry testId="2b512b36-17f1-d63f-5a2b-10905891480d" executionId="3a5f8bde-80c0-4af9-b59c-4981fc9eb45d" testListId="8c84fa94-04c1-424b-9868-57a2d4851a1d" />
    <TestEntry testId="1ca07ad8-f799-c5d4-e7cc-34fd950198a2" executionId="b9274c07-93ce-47cb-9329-70e663398de8" testListId="8c84fa94-04c1-424b-9868-57a2d4851a1d" />
    <TestEntry testId="60bd668f-04df-da5e-b79b-5d9aedb5234d" executionId="7fd939d6-a056-4ad2-854a-a963aa127db1" testListId="8c84fa94-04c1-424b-9868-57a2d4851a1d" />
    <TestEntry testId="adddbb2b-04c0-443a-3079-82ec91c070b3" executionId="59bd0050-27dc-46fc-abcc-fcbf11dee3cb" testListId="8c84fa94-04c1-424b-9868-57a2d4851a1d" />
    <TestEntry testId="6ecdab7d-ebe1-ef42-c215-5382d904f772" executionId="c123e983-b651-41f3-bcd0-8b56d70c6e77" testListId="8c84fa94-04c1-424b-9868-57a2d4851a1d" />
    <TestEntry testId="06d0bc3a-24a0-fb7f-4277-e9ae6d21c7dd" executionId="47a87668-0487-4e11-ba0c-cbb9998756ae" testListId="8c84fa94-04c1-424b-9868-57a2d4851a1d" />
    <TestEntry testId="834c739b-eca4-b36d-6a66-5a1bd75377b8" executionId="870c5f06-715e-401e-884b-5b811a487d92" testListId="8c84fa94-04c1-424b-9868-57a2d4851a1d" />
    <TestEntry testId="fa960c5e-f989-2880-784e-8efe538c5231" executionId="548d1b20-a933-4cac-99d2-ee3beefb4d2d" testListId="8c84fa94-04c1-424b-9868-57a2d4851a1d" />
    <TestEntry testId="fccedc7b-c0ae-e2d8-6c70-6d06e2bba61a" executionId="913dc496-3f25-47d7-9ad7-9387d55e28db" testListId="8c84fa94-04c1-424b-9868-57a2d4851a1d" />
    <TestEntry testId="9c7df5e2-1b23-ebea-889f-b78ca86b60ab" executionId="bfdc3d4e-baaf-4ec0-a08f-653d08a5df53" testListId="8c84fa94-04c1-424b-9868-57a2d4851a1d" />
    <TestEntry testId="aa28a6b3-21d3-aa45-24d3-bef2facbc899" executionId="b2a09c6c-9af1-445d-a278-795966655185" testListId="8c84fa94-04c1-424b-9868-57a2d4851a1d" />
    <TestEntry testId="e2d7e5be-3dae-33ae-fb17-c704b6fd58d6" executionId="b97be035-f7fc-480e-8aaf-074caf5f21be" testListId="8c84fa94-04c1-424b-9868-57a2d4851a1d" />
  </TestEntries>
  <TestLists>
    <TestList name="Список результатов" id="8c84fa94-04c1-424b-9868-57a2d4851a1d" />
    <TestList name="Все загруженные результаты" id="19431567-8539-422a-85d7-44ee4e166bda" />
  </TestLists>
  <ResultSummary outcome="Completed">
    <Counters total="47" executed="47" passed="47" failed="0" error="0" timeout="0" aborted="0" inconclusive="0" passedButRunAborted="0" notRunnable="0" notExecuted="0" disconnected="0" warning="0" completed="0" inProgress="0" pending="0" />
    <Output>
      <StdOut>[xUnit.net 00:00:00.00] xUnit.net VSTest Adapter v2.4.5+1caef2f33e (64-bit .NET 6.0.3)&#xD;
[xUnit.net 00:00:00.51]   Discovering: BL.Tests&#xD;
[xUnit.net 00:00:00.70]   Discovered:  BL.Tests&#xD;
[xUnit.net 00:00:00.70]   Starting:    BL.Tests&#xD;
[xUnit.net 00:00:00.94]   Finished:    BL.Tests&#xD;
</StdOut>
    </Output>
  </ResultSummary>
</TestRun>