<?xml version="1.0" encoding="utf-8"?>
<TestRun id="749dd986-7698-40dc-9dc0-97bdc461d4c5" name="alena@DESKTOP-TJ9D65N 2022-10-15 21:14:54" runUser="DESKTOP-TJ9D65N\alena" xmlns="http://microsoft.com/schemas/VisualStudio/TeamTest/2010">
  <Times creation="2022-10-15T21:14:54.7973179+03:00" queuing="2022-10-15T21:14:54.7973180+03:00" start="2022-10-15T21:14:53.3813596+03:00" finish="2022-10-15T21:14:54.8634836+03:00" />
  <TestSettings name="default" id="f5a455b9-4ae6-43ec-99c9-dc63ed4bc312">
    <Deployment runDeploymentRoot="alena_DESKTOP-TJ9D65N_2022-10-15_21_14_54" />
  </TestSettings>
  <Results>
    <UnitTestResult executionId="c0f6ee68-09c3-4293-ab50-2b5cee094145" testId="39be9b5e-0bc4-57dc-37d3-aec6b520299d" testName="BL.Tests.LiftsSlopesServiceTests.TestGetLiftsSlopesInfoAsync(liftsSlopes: [LiftSlope { RecordID = 2, LiftID = 76, SlopeID = 174 }, LiftSlope { RecordID = 29, LiftID = 177, SlopeID = 160 }, LiftSlope { RecordID = 72, LiftID = 200, SlopeID = 32 }], slopesRepositoryStub: Mock&lt;ISlopesRepository:1&gt;, liftsRepositoryStub: Mock&lt;ILiftsRepository:6&gt;, liftsSlopesRepositoryStub: Mock&lt;ILiftsSlopesRepository:6&gt;)" computerName="DESKTOP-TJ9D65N" duration="00:00:00.0046694" startTime="2022-10-15T21:14:54.7565099+03:00" endTime="2022-10-15T21:14:54.7565100+03:00" testType="13cdc9d9-ddb5-4fa4-a97d-d965ccfc6d4b" outcome="Passed" testListId="8c84fa94-04c1-424b-9868-57a2d4851a1d" relativeResultsDirectory="c0f6ee68-09c3-4293-ab50-2b5cee094145" />
    <UnitTestResult executionId="ccfbe625-e8ca-4106-b7e2-3d5403fb1408" testId="26b8078b-0a2f-3575-0f66-0128fdc93748" testName="BL.Tests.LiftsSlopesServiceTests.TestAdminAddAutoIncrementLiftSlopeAsync(lift: Lift { LiftID = 251, LiftName = liftName679ec104-c6c3-419d-83b9-11379a7f7521, IsOpen = True, SeatsAmount = 210, LiftingTime = 171, QueueTime = 59, ConnectedSlopes =  }, slope: Slope { SlopeID = 12, SlopeName = slopeName0766afb6-bfa5-492c-8e78-e68419fbb15c, IsOpen = False, DifficultyLevel = 150, ConnectedLifts =  }, slopesRepositoryStub: Mock&lt;ISlopesRepository:3&gt;, liftsRepositoryStub: Mock&lt;ILiftsRepository:8&gt;, liftsSlopesRepositoryStub: Mock&lt;ILiftsSlopesRepository:8&gt;)" computerName="DESKTOP-TJ9D65N" duration="00:00:00.0309104" startTime="2022-10-15T21:14:54.6736163+03:00" endTime="2022-10-15T21:14:54.6736163+03:00" testType="13cdc9d9-ddb5-4fa4-a97d-d965ccfc6d4b" outcome="Passed" testListId="8c84fa94-04c1-424b-9868-57a2d4851a1d" relativeResultsDirectory="ccfbe625-e8ca-4106-b7e2-3d5403fb1408" />
    <UnitTestResult executionId="12c877ff-6977-49a2-9914-aa946a5df954" testId="fa960c5e-f989-2880-784e-8efe538c5231" testName="BL.Tests.CheckPermissionsServiceTests.UnauthorizedHasNoAccessToAuthorizedFunctions(functionName: &quot;LogOutAsync&quot;)" computerName="DESKTOP-TJ9D65N" duration="00:00:00.0012692" startTime="2022-10-15T21:14:54.7564835+03:00" endTime="2022-10-15T21:14:54.7564837+03:00" testType="13cdc9d9-ddb5-4fa4-a97d-d965ccfc6d4b" outcome="Passed" testListId="8c84fa94-04c1-424b-9868-57a2d4851a1d" relativeResultsDirectory="12c877ff-6977-49a2-9914-aa946a5df954" />
    <UnitTestResult executionId="543b862b-a42b-4ebd-808c-40ef586bb6a2" testId="de2f7ee9-9073-da1d-a4be-bc5771a5dc33" testName="BL.Tests.SlopesServiceTest.TestUpdateSlopeInfoAsync(userID: 165, slope: Slope { SlopeID = 127, SlopeName = slopeName90370ae7-525d-42c3-a790-93a47e4b9f04, IsOpen = True, DifficultyLevel = 94, ConnectedLifts =  }, checkPermissionServiceMock: Mock&lt;ICheckPermissionService:8&gt;, slopesRepositoryStub: Mock&lt;ISlopesRepository:6&gt;, sut: SlopesService { })" computerName="DESKTOP-TJ9D65N" duration="00:00:00.0315360" startTime="2022-10-15T21:14:54.6735690+03:00" endTime="2022-10-15T21:14:54.6735691+03:00" testType="13cdc9d9-ddb5-4fa4-a97d-d965ccfc6d4b" outcome="Passed" testListId="8c84fa94-04c1-424b-9868-57a2d4851a1d" relativeResultsDirectory="543b862b-a42b-4ebd-808c-40ef586bb6a2" />
    <UnitTestResult executionId="dc912490-0b27-4ddc-a378-b25728ceea2b" testId="9a5b5ed1-e351-b643-aba4-775ca54a4754" testName="BL.Tests.TurnstilesServiceTest.TestAdminGetTurnstileAsync(userID: 41, turnstile: Turnstile { TurnstileID = 38, LiftID = 161, IsOpen = True }, checkPermissionServiceMock: Mock&lt;ICheckPermissionService:12&gt;, turnstilesRepositoryStub: Mock&lt;ITurnstilesRepository:6&gt;, sut: TurnstilesService { })" computerName="DESKTOP-TJ9D65N" duration="00:00:00.0044567" startTime="2022-10-15T21:14:54.7576228+03:00" endTime="2022-10-15T21:14:54.7576229+03:00" testType="13cdc9d9-ddb5-4fa4-a97d-d965ccfc6d4b" outcome="Passed" testListId="8c84fa94-04c1-424b-9868-57a2d4851a1d" relativeResultsDirectory="dc912490-0b27-4ddc-a378-b25728ceea2b" />
    <UnitTestResult executionId="23768ba9-beda-42a2-ac7f-3d93d576f835" testId="229812f5-9a73-5335-11f5-31330d1348a5" testName="BL.Tests.CheckPermissionsServiceTests.UnauthorizedHasNoAccessToAdminSkiPatrolFunctions(functionName: &quot;GetMessagesAsync&quot;)" computerName="DESKTOP-TJ9D65N" duration="00:00:00.0011574" startTime="2022-10-15T21:14:54.7544669+03:00" endTime="2022-10-15T21:14:54.7544670+03:00" testType="13cdc9d9-ddb5-4fa4-a97d-d965ccfc6d4b" outcome="Passed" testListId="8c84fa94-04c1-424b-9868-57a2d4851a1d" relativeResultsDirectory="23768ba9-beda-42a2-ac7f-3d93d576f835" />
    <UnitTestResult executionId="0ac6dc33-387f-451b-b1ce-f17a18f6599e" testId="34a19bd2-641b-e181-aa1a-56c4de4c0b9a" testName="BL.Tests.SlopesServiceTest.TestGetSlopeInfoAsync(userID: 138, slope: Slope { SlopeID = 148, SlopeName = slopeName2f40da17-28a2-4655-a42b-ba621ba263e8, IsOpen = True, DifficultyLevel = 14, ConnectedLifts =  }, checkPermissionServiceMock: Mock&lt;ICheckPermissionService:6&gt;, slopesRepositoryStub: Mock&lt;ISlopesRepository:4&gt;, liftsSlopesRepositoryStub: Mock&lt;ILiftsSlopesRepository:9&gt;, sut: SlopesService { })" computerName="DESKTOP-TJ9D65N" duration="00:00:00.0070427" startTime="2022-10-15T21:14:54.7563345+03:00" endTime="2022-10-15T21:14:54.7563346+03:00" testType="13cdc9d9-ddb5-4fa4-a97d-d965ccfc6d4b" outcome="Passed" testListId="8c84fa94-04c1-424b-9868-57a2d4851a1d" relativeResultsDirectory="0ac6dc33-387f-451b-b1ce-f17a18f6599e" />
    <UnitTestResult executionId="5dd32284-ec07-42e4-bc97-1261161a10f2" testId="eaabd2fc-2f4b-5689-59c8-c7ad34a8f634" testName="BL.Tests.CheckPermissionsServiceTests.UnauthorizedHasNoAccessToAuthorizedFunctions(functionName: &quot;SendMessageAsync&quot;)" computerName="DESKTOP-TJ9D65N" duration="00:00:00.0027969" startTime="2022-10-15T21:14:54.7561413+03:00" endTime="2022-10-15T21:14:54.7561415+03:00" testType="13cdc9d9-ddb5-4fa4-a97d-d965ccfc6d4b" outcome="Passed" testListId="8c84fa94-04c1-424b-9868-57a2d4851a1d" relativeResultsDirectory="5dd32284-ec07-42e4-bc97-1261161a10f2" />
    <UnitTestResult executionId="b4882dc4-f384-47b6-a0b5-35417673cd07" testId="2602613f-c8e2-a6d9-fcf7-5b27d4a770a6" testName="BL.Tests.CheckPermissionsServiceTests.AuthorizedHasNoAccessToAdminSkiPatrolFunctions(functionName: &quot;GetMessagesAsync&quot;)" computerName="DESKTOP-TJ9D65N" duration="00:00:00.0029294" startTime="2022-10-15T21:14:54.7595940+03:00" endTime="2022-10-15T21:14:54.7595941+03:00" testType="13cdc9d9-ddb5-4fa4-a97d-d965ccfc6d4b" outcome="Passed" testListId="8c84fa94-04c1-424b-9868-57a2d4851a1d" relativeResultsDirectory="b4882dc4-f384-47b6-a0b5-35417673cd07" />
    <UnitTestResult executionId="332f3b7d-c530-4821-b9ea-495774423a3b" testId="fde1edf9-39f9-2327-75d8-4c5404ea2d37" testName="BL.Tests.SlopesServiceTest.TestAdminAddSlopeAsync(userID: 95, slope: Slope { SlopeID = 122, SlopeName = slopeName99c486a1-517c-419d-939a-c0c454cb9848, IsOpen = True, DifficultyLevel = 34, ConnectedLifts =  }, checkPermissionServiceMock: Mock&lt;ICheckPermissionService:11&gt;, slopesRepositoryStub: Mock&lt;ISlopesRepository:9&gt;, sut: SlopesService { })" computerName="DESKTOP-TJ9D65N" duration="00:00:00.0066772" startTime="2022-10-15T21:14:54.7674280+03:00" endTime="2022-10-15T21:14:54.7674282+03:00" testType="13cdc9d9-ddb5-4fa4-a97d-d965ccfc6d4b" outcome="Passed" testListId="8c84fa94-04c1-424b-9868-57a2d4851a1d" relativeResultsDirectory="332f3b7d-c530-4821-b9ea-495774423a3b" />
    <UnitTestResult executionId="a8a4e23e-0ba9-4d09-97b0-c1223e4f3059" testId="60bd668f-04df-da5e-b79b-5d9aedb5234d" testName="BL.Tests.CheckPermissionsServiceTests.SkiPatrolHasAccessToAdminSkiPatrolFunctions(functionName: &quot;MarkMessageReadByUserAsync&quot;)" computerName="DESKTOP-TJ9D65N" duration="00:00:00.0012163" startTime="2022-10-15T21:14:54.7585733+03:00" endTime="2022-10-15T21:14:54.7585734+03:00" testType="13cdc9d9-ddb5-4fa4-a97d-d965ccfc6d4b" outcome="Passed" testListId="8c84fa94-04c1-424b-9868-57a2d4851a1d" relativeResultsDirectory="a8a4e23e-0ba9-4d09-97b0-c1223e4f3059" />
    <UnitTestResult executionId="b8785da9-642a-4d57-b9f8-3a69968d337a" testId="18fa8c62-e27d-e1fc-8182-4d7db62b008d" testName="BL.Tests.UsersServiceTests.TestAdminDeleteUser" computerName="DESKTOP-TJ9D65N" duration="00:00:00.0022056" startTime="2022-10-15T21:14:54.7971823+03:00" endTime="2022-10-15T21:14:54.7971824+03:00" testType="13cdc9d9-ddb5-4fa4-a97d-d965ccfc6d4b" outcome="Passed" testListId="8c84fa94-04c1-424b-9868-57a2d4851a1d" relativeResultsDirectory="b8785da9-642a-4d57-b9f8-3a69968d337a" />
    <UnitTestResult executionId="e06c0a3d-1c6b-4efa-b62b-a81a7f4ce58e" testId="f3efc418-a8a6-c7b7-9bac-90b33aa8472f" testName="BL.Tests.CheckPermissionsServiceTests.AdminHasAccessToAllFunctions" computerName="DESKTOP-TJ9D65N" duration="00:00:00.0015919" startTime="2022-10-15T21:14:54.8014775+03:00" endTime="2022-10-15T21:14:54.8014777+03:00" testType="13cdc9d9-ddb5-4fa4-a97d-d965ccfc6d4b" outcome="Passed" testListId="8c84fa94-04c1-424b-9868-57a2d4851a1d" relativeResultsDirectory="e06c0a3d-1c6b-4efa-b62b-a81a7f4ce58e" />
    <UnitTestResult executionId="3c0a239b-dcc2-4e65-ac3e-32f4799dfd1f" testId="9c7df5e2-1b23-ebea-889f-b78ca86b60ab" testName="BL.Tests.CheckPermissionsServiceTests.AuthorizedHasNoAccessToAdminSkiPatrolFunctions(functionName: &quot;MarkMessageReadByUserAsync&quot;)" computerName="DESKTOP-TJ9D65N" duration="00:00:00.0010640" startTime="2022-10-15T21:14:54.7639165+03:00" endTime="2022-10-15T21:14:54.7639166+03:00" testType="13cdc9d9-ddb5-4fa4-a97d-d965ccfc6d4b" outcome="Passed" testListId="8c84fa94-04c1-424b-9868-57a2d4851a1d" relativeResultsDirectory="3c0a239b-dcc2-4e65-ac3e-32f4799dfd1f" />
    <UnitTestResult executionId="a1d1110e-a1c7-4d1d-8722-c8ebf716fc39" testId="f44a1b21-8efc-bfac-63b4-d534442def31" testName="BL.Tests.UsersServiceTests.TestRegisterUserWithNoPassword" computerName="DESKTOP-TJ9D65N" duration="00:00:00.0015363" startTime="2022-10-15T21:14:54.7545808+03:00" endTime="2022-10-15T21:14:54.7545809+03:00" testType="13cdc9d9-ddb5-4fa4-a97d-d965ccfc6d4b" outcome="Passed" testListId="8c84fa94-04c1-424b-9868-57a2d4851a1d" relativeResultsDirectory="a1d1110e-a1c7-4d1d-8722-c8ebf716fc39" />
    <UnitTestResult executionId="970d5ddb-ab99-499b-8d13-1f12d7cf4b7c" testId="0eeef75f-6e38-7893-a8fe-cff3e0a970a7" testName="BL.Tests.UsersServiceTests.TestRegisterOk" computerName="DESKTOP-TJ9D65N" duration="00:00:00.0159559" startTime="2022-10-15T21:14:54.7588214+03:00" endTime="2022-10-15T21:14:54.7588215+03:00" testType="13cdc9d9-ddb5-4fa4-a97d-d965ccfc6d4b" outcome="Passed" testListId="8c84fa94-04c1-424b-9868-57a2d4851a1d" relativeResultsDirectory="970d5ddb-ab99-499b-8d13-1f12d7cf4b7c" />
    <UnitTestResult executionId="f9b6caac-e4f6-4142-8bb9-d942e9e3a655" testId="e5497347-2721-b7a6-0bd4-69a9921f6947" testName="BL.Tests.UsersServiceTests.TestAdminGetUserByIDAsync" computerName="DESKTOP-TJ9D65N" duration="00:00:00.0031364" startTime="2022-10-15T21:14:54.7929421+03:00" endTime="2022-10-15T21:14:54.7929423+03:00" testType="13cdc9d9-ddb5-4fa4-a97d-d965ccfc6d4b" outcome="Passed" testListId="8c84fa94-04c1-424b-9868-57a2d4851a1d" relativeResultsDirectory="f9b6caac-e4f6-4142-8bb9-d942e9e3a655" />
    <UnitTestResult executionId="467610ad-9365-4211-bc34-d9eb400c9a1f" testId="f28b07a9-d1a7-bbd8-097b-b1b3beccb4ea" testName="BL.Tests.TurnstilesServiceTest.TestAdminGetTurnstilesAsync(userID: 215, initialTurnstiles: [Turnstile { TurnstileID = 100, LiftID = 162, IsOpen = True }, Turnstile { TurnstileID = 208, LiftID = 175, IsOpen = False }, Turnstile { TurnstileID = 36, LiftID = 248, IsOpen = True }], checkPermissionServiceMock: Mock&lt;ICheckPermissionService:13&gt;, turnstilesRepositoryStub: Mock&lt;ITurnstilesRepository:7&gt;, sut: TurnstilesService { })" computerName="DESKTOP-TJ9D65N" duration="00:00:00.0040948" startTime="2022-10-15T21:14:54.7572744+03:00" endTime="2022-10-15T21:14:54.7572746+03:00" testType="13cdc9d9-ddb5-4fa4-a97d-d965ccfc6d4b" outcome="Passed" testListId="8c84fa94-04c1-424b-9868-57a2d4851a1d" relativeResultsDirectory="467610ad-9365-4211-bc34-d9eb400c9a1f" />
    <UnitTestResult executionId="3fc1040e-0ed2-4f41-8967-1c0c7715762c" testId="69340bb6-3645-f9dd-971e-29d8b2a009bb" testName="BL.Tests.UsersServiceTests.TestLogInWithWrongPassword" computerName="DESKTOP-TJ9D65N" duration="00:00:00.0025716" startTime="2022-10-15T21:14:54.7652305+03:00" endTime="2022-10-15T21:14:54.7652307+03:00" testType="13cdc9d9-ddb5-4fa4-a97d-d965ccfc6d4b" outcome="Passed" testListId="8c84fa94-04c1-424b-9868-57a2d4851a1d" relativeResultsDirectory="3fc1040e-0ed2-4f41-8967-1c0c7715762c" />
    <UnitTestResult executionId="9cfb1de7-062c-4b0b-bd65-fb1ae6f231a1" testId="024eca78-b605-9f23-6811-e54f7b89b829" testName="BL.Tests.TurnstilesServiceTest.TestAdminUpdateTurnstileAsync(userID: 27, turnstile: Turnstile { TurnstileID = 242, LiftID = 185, IsOpen = True }, checkPermissionServiceMock: Mock&lt;ICheckPermissionService:14&gt;, turnstilesRepositoryStub: Mock&lt;ITurnstilesRepository:8&gt;, sut: TurnstilesService { })" computerName="DESKTOP-TJ9D65N" duration="00:00:00.0055001" startTime="2022-10-15T21:14:54.7561883+03:00" endTime="2022-10-15T21:14:54.7561884+03:00" testType="13cdc9d9-ddb5-4fa4-a97d-d965ccfc6d4b" outcome="Passed" testListId="8c84fa94-04c1-424b-9868-57a2d4851a1d" relativeResultsDirectory="9cfb1de7-062c-4b0b-bd65-fb1ae6f231a1" />
    <UnitTestResult executionId="26a6ca53-3bb1-448a-bbfe-8fa7abb1a382" testId="8184bd30-991c-b78d-b4ec-99a485eac0dd" testName="BL.Tests.UsersServiceTests.TestRegisterUserWithNoEmail" computerName="DESKTOP-TJ9D65N" duration="00:00:00.0026359" startTime="2022-10-15T21:14:54.7542856+03:00" endTime="2022-10-15T21:14:54.7542858+03:00" testType="13cdc9d9-ddb5-4fa4-a97d-d965ccfc6d4b" outcome="Passed" testListId="8c84fa94-04c1-424b-9868-57a2d4851a1d" relativeResultsDirectory="26a6ca53-3bb1-448a-bbfe-8fa7abb1a382" />
    <UnitTestResult executionId="8cfdb5bf-419e-4fee-bbc7-3e6e2d30f162" testId="a19a5fcf-c5d2-7d44-5d7d-84403042f4e0" testName="BL.Tests.CheckPermissionsServiceTests.UnauthorizedHasNoAccessToAdminSkiPatrolFunctions(functionName: &quot;MarkMessageReadByUserAsync&quot;)" computerName="DESKTOP-TJ9D65N" duration="00:00:00.0309109" startTime="2022-10-15T21:14:54.6736044+03:00" endTime="2022-10-15T21:14:54.6736045+03:00" testType="13cdc9d9-ddb5-4fa4-a97d-d965ccfc6d4b" outcome="Passed" testListId="8c84fa94-04c1-424b-9868-57a2d4851a1d" relativeResultsDirectory="8cfdb5bf-419e-4fee-bbc7-3e6e2d30f162" />
    <UnitTestResult executionId="4bd997cf-5149-4470-a585-62de64581fa3" testId="dfb9ad28-bbf8-e701-ac26-896741e89984" testName="BL.Tests.SlopesServiceTest.TestAdminAddAutoIncrementSlopeAsync(userID: 218, slope: Slope { SlopeID = 9, SlopeName = slopeName90789a31-e4f7-47bd-8954-548459a7f411, IsOpen = True, DifficultyLevel = 116, ConnectedLifts =  }, checkPermissionServiceMock: Mock&lt;ICheckPermissionService:10&gt;, slopesRepositoryStub: Mock&lt;ISlopesRepository:8&gt;, sut: SlopesService { })" computerName="DESKTOP-TJ9D65N" duration="00:00:00.0071497" startTime="2022-10-15T21:14:54.7574944+03:00" endTime="2022-10-15T21:14:54.7574945+03:00" testType="13cdc9d9-ddb5-4fa4-a97d-d965ccfc6d4b" outcome="Passed" testListId="8c84fa94-04c1-424b-9868-57a2d4851a1d" relativeResultsDirectory="4bd997cf-5149-4470-a585-62de64581fa3" />
    <UnitTestResult executionId="612b3ff6-bb92-4af6-874b-dd3543e20f5b" testId="387c9729-48c1-486e-5e67-f5d11a9f0db8" testName="BL.Tests.CheckPermissionsServiceTests.UnauthorizedHasNoAccessToAdminSkiPatrolFunctions(functionName: &quot;GetLiftsSlopesInfoAsync&quot;)" computerName="DESKTOP-TJ9D65N" duration="00:00:00.0013595" startTime="2022-10-15T21:14:54.7538942+03:00" endTime="2022-10-15T21:14:54.7538945+03:00" testType="13cdc9d9-ddb5-4fa4-a97d-d965ccfc6d4b" outcome="Passed" testListId="8c84fa94-04c1-424b-9868-57a2d4851a1d" relativeResultsDirectory="612b3ff6-bb92-4af6-874b-dd3543e20f5b" />
    <UnitTestResult executionId="af2f7f5d-ab7e-412a-b74a-cb3d8f90e8ba" testId="20ad8570-0170-85de-dcd7-2f109dd7bcd6" testName="BL.Tests.UsersServiceTests.TestAdminGetUsers" computerName="DESKTOP-TJ9D65N" duration="00:00:00.0374580" startTime="2022-10-15T21:14:54.6736542+03:00" endTime="2022-10-15T21:14:54.6736543+03:00" testType="13cdc9d9-ddb5-4fa4-a97d-d965ccfc6d4b" outcome="Passed" testListId="8c84fa94-04c1-424b-9868-57a2d4851a1d" relativeResultsDirectory="af2f7f5d-ab7e-412a-b74a-cb3d8f90e8ba" />
    <UnitTestResult executionId="56ffb0f7-ae35-41d5-b9a8-2a588e5f1717" testId="acd6a537-76c7-b795-1446-66bc06815c83" testName="BL.Tests.TurnstilesServiceTest.TestAdminAddAutoIncrementTurnstileAsync(userID: 132, turnstile: Turnstile { TurnstileID = 189, LiftID = 9, IsOpen = True }, checkPermissionServiceMock: Mock&lt;ICheckPermissionService:16&gt;, turnstilesRepositoryStub: Mock&lt;ITurnstilesRepository:10&gt;, sut: TurnstilesService { })" computerName="DESKTOP-TJ9D65N" duration="00:00:00.0332014" startTime="2022-10-15T21:14:54.6695854+03:00" endTime="2022-10-15T21:14:54.6696088+03:00" testType="13cdc9d9-ddb5-4fa4-a97d-d965ccfc6d4b" outcome="Passed" testListId="8c84fa94-04c1-424b-9868-57a2d4851a1d" relativeResultsDirectory="56ffb0f7-ae35-41d5-b9a8-2a588e5f1717" />
    <UnitTestResult executionId="2c454d22-0cc2-454b-8cf4-a5e20c95b7ab" testId="06d0bc3a-24a0-fb7f-4277-e9ae6d21c7dd" testName="BL.Tests.UsersServiceTests.TestAdminUpdateUser" computerName="DESKTOP-TJ9D65N" duration="00:00:00.0100940" startTime="2022-10-15T21:14:54.7575548+03:00" endTime="2022-10-15T21:14:54.7575549+03:00" testType="13cdc9d9-ddb5-4fa4-a97d-d965ccfc6d4b" outcome="Passed" testListId="8c84fa94-04c1-424b-9868-57a2d4851a1d" relativeResultsDirectory="2c454d22-0cc2-454b-8cf4-a5e20c95b7ab" />
    <UnitTestResult executionId="72c92c7c-f14d-478d-87a3-a8d7c6b7f18e" testId="721f3ca3-3a4c-21a2-3702-380a1c07cd29" testName="BL.Tests.TurnstilesServiceTest.TestAdminDeleteTurnstileAsync(userID: 253, turnstile: Turnstile { TurnstileID = 210, LiftID = 200, IsOpen = True }, checkPermissionServiceMock: Mock&lt;ICheckPermissionService:15&gt;, turnstilesRepositoryStub: Mock&lt;ITurnstilesRepository:9&gt;, sut: TurnstilesService { })" computerName="DESKTOP-TJ9D65N" duration="00:00:00.0045335" startTime="2022-10-15T21:14:54.7543390+03:00" endTime="2022-10-15T21:14:54.7543391+03:00" testType="13cdc9d9-ddb5-4fa4-a97d-d965ccfc6d4b" outcome="Passed" testListId="8c84fa94-04c1-424b-9868-57a2d4851a1d" relativeResultsDirectory="72c92c7c-f14d-478d-87a3-a8d7c6b7f18e" />
    <UnitTestResult executionId="ab458f00-dc07-4a31-bbd1-10d0449405d5" testId="0e6ba488-95f7-70d5-200e-dc459623ce78" testName="BL.Tests.LiftsServiceTest.TestUpdateLiftInfoAsync(userID: 192, lift: Lift { LiftID = 240, LiftName = liftNamed029d96c-7054-4a72-a2c3-16ffcc158c4c, IsOpen = True, SeatsAmount = 40, LiftingTime = 212, QueueTime = 99, ConnectedSlopes =  }, checkPermissionServiceMock: Mock&lt;ICheckPermissionService:3&gt;, liftsRepositoryStub: Mock&lt;ILiftsRepository:3&gt;, sut: LiftsService { })" computerName="DESKTOP-TJ9D65N" duration="00:00:00.0065333" startTime="2022-10-15T21:14:54.7544864+03:00" endTime="2022-10-15T21:14:54.7544865+03:00" testType="13cdc9d9-ddb5-4fa4-a97d-d965ccfc6d4b" outcome="Passed" testListId="8c84fa94-04c1-424b-9868-57a2d4851a1d" relativeResultsDirectory="ab458f00-dc07-4a31-bbd1-10d0449405d5" />
    <UnitTestResult executionId="b1d05485-1c99-4514-a73f-08d77c01e2e6" testId="cb0d9b7b-5dce-464a-d62c-d93b1c854d8d" testName="BL.Tests.LiftsServiceTest.TestGetLiftInfoAsync(userID: 145, lift: Lift { LiftID = 245, LiftName = liftName68a33dd8-668e-4442-89df-71c094a14ba3, IsOpen = True, SeatsAmount = 14, LiftingTime = 253, QueueTime = 219, ConnectedSlopes =  }, checkPermissionServiceMock: Mock&lt;ICheckPermissionService:1&gt;, liftsRepositoryStub: Mock&lt;ILiftsRepository:1&gt;, liftsSlopesRepositoryStub: Mock&lt;ILiftsSlopesRepository:1&gt;, sut: LiftsService { })" computerName="DESKTOP-TJ9D65N" duration="00:00:00.0067569" startTime="2022-10-15T21:14:54.7585023+03:00" endTime="2022-10-15T21:14:54.7585024+03:00" testType="13cdc9d9-ddb5-4fa4-a97d-d965ccfc6d4b" outcome="Passed" testListId="8c84fa94-04c1-424b-9868-57a2d4851a1d" relativeResultsDirectory="b1d05485-1c99-4514-a73f-08d77c01e2e6" />
    <UnitTestResult executionId="e8399c64-e20c-4cad-9aca-bf8277317b86" testId="e2d7e5be-3dae-33ae-fb17-c704b6fd58d6" testName="BL.Tests.CheckPermissionsServiceTests.UnauthorizedHasNoAccessToAdminFunctions" computerName="DESKTOP-TJ9D65N" duration="00:00:00.0019107" startTime="2022-10-15T21:14:54.7923850+03:00" endTime="2022-10-15T21:14:54.7923851+03:00" testType="13cdc9d9-ddb5-4fa4-a97d-d965ccfc6d4b" outcome="Passed" testListId="8c84fa94-04c1-424b-9868-57a2d4851a1d" relativeResultsDirectory="e8399c64-e20c-4cad-9aca-bf8277317b86" />
    <UnitTestResult executionId="f7be26c9-4b46-4ebd-be1e-b416ffdf10c0" testId="aa28a6b3-21d3-aa45-24d3-bef2facbc899" testName="BL.Tests.CheckPermissionsServiceTests.AuthorizedHasAccessToAuthorizedFunctions(functionName: &quot;LogOutAsync&quot;)" computerName="DESKTOP-TJ9D65N" duration="00:00:00.0009335" startTime="2022-10-15T21:14:54.7757284+03:00" endTime="2022-10-15T21:14:54.7757286+03:00" testType="13cdc9d9-ddb5-4fa4-a97d-d965ccfc6d4b" outcome="Passed" testListId="8c84fa94-04c1-424b-9868-57a2d4851a1d" relativeResultsDirectory="f7be26c9-4b46-4ebd-be1e-b416ffdf10c0" />
    <UnitTestResult executionId="47194800-af9a-489c-92e8-52cd915024be" testId="a2e59116-cb53-1d70-9cb8-21c286516866" testName="BL.Tests.CheckPermissionsServiceTests.AuthorizedHasNoAccessToAdminFunctions" computerName="DESKTOP-TJ9D65N" duration="00:00:00.0087019" startTime="2022-10-15T21:14:54.7588436+03:00" endTime="2022-10-15T21:14:54.7588437+03:00" testType="13cdc9d9-ddb5-4fa4-a97d-d965ccfc6d4b" outcome="Passed" testListId="8c84fa94-04c1-424b-9868-57a2d4851a1d" relativeResultsDirectory="47194800-af9a-489c-92e8-52cd915024be" />
    <UnitTestResult executionId="ca6736c7-a8fe-42d3-91e5-9db4e01f5f78" testId="72407daa-49b8-48b9-d289-78977e1bb87f" testName="BL.Tests.LiftsServiceTest.TestGetLiftsInfoAsync(userID: 211, initialLifts: [Lift { LiftID = 178, LiftName = liftName43741cec-4687-458d-929b-4f01e5087ee9, IsOpen = True, SeatsAmount = 47, LiftingTime = 117, QueueTime = 237, ConnectedSlopes =  }, Lift { LiftID = 235, LiftName = liftName44f4fa8b-d4ae-4542-8da8-f45a624fe10f, IsOpen = False, SeatsAmount = 152, LiftingTime = 254, QueueTime = 206, ConnectedSlopes =  }, Lift { LiftID = 35, LiftName = liftName1046e5e9-8699-4d67-8c0d-2cb18aa54954, IsOpen = True, SeatsAmount = 41, LiftingTime = 173, QueueTime = 161, ConnectedSlopes =  }], checkPermissionServiceMock: Mock&lt;ICheckPermissionService:2&gt;, liftsRepositoryStub: Mock&lt;ILiftsRepository:2&gt;, liftsSlopesRepositoryStub: Mock&lt;ILiftsSlopesRepository:2&gt;, sut: LiftsService { })" computerName="DESKTOP-TJ9D65N" duration="00:00:00.0612983" startTime="2022-10-15T21:14:54.6962294+03:00" endTime="2022-10-15T21:14:54.6962295+03:00" testType="13cdc9d9-ddb5-4fa4-a97d-d965ccfc6d4b" outcome="Passed" testListId="8c84fa94-04c1-424b-9868-57a2d4851a1d" relativeResultsDirectory="ca6736c7-a8fe-42d3-91e5-9db4e01f5f78" />
    <UnitTestResult executionId="6eede44e-c362-4346-a964-87c920efd4c6" testId="dbf9b6ae-5432-2e90-ceff-56468fce1ed2" testName="BL.Tests.LiftsServiceTest.TestAdminDeleteLiftAsync(userID: 190, lift: Lift { LiftID = 178, LiftName = liftName210aa474-6a25-4484-a433-e0309b9d8fe9, IsOpen = True, SeatsAmount = 129, LiftingTime = 5, QueueTime = 149, ConnectedSlopes =  }, checkPermissionServiceMock: Mock&lt;ICheckPermissionService:4&gt;, liftsRepositoryStub: Mock&lt;ILiftsRepository:4&gt;, liftsSlopesRepositoryStub: Mock&lt;ILiftsSlopesRepository:4&gt;, sut: LiftsService { })" computerName="DESKTOP-TJ9D65N" duration="00:00:00.0118847" startTime="2022-10-15T21:14:54.7573145+03:00" endTime="2022-10-15T21:14:54.7573145+03:00" testType="13cdc9d9-ddb5-4fa4-a97d-d965ccfc6d4b" outcome="Passed" testListId="8c84fa94-04c1-424b-9868-57a2d4851a1d" relativeResultsDirectory="6eede44e-c362-4346-a964-87c920efd4c6" />
    <UnitTestResult executionId="e823922b-da57-4f59-ac89-fde42e4ebbbc" testId="2d706594-f2b3-b3c8-21d4-86c9798c3306" testName="BL.Tests.CheckPermissionsServiceTests.SkiPatrolHasAccessToAdminSkiPatrolFunctions(functionName: &quot;GetLiftsSlopesInfoAsync&quot;)" computerName="DESKTOP-TJ9D65N" duration="00:00:00.0054775" startTime="2022-10-15T21:14:54.7575902+03:00" endTime="2022-10-15T21:14:54.7575903+03:00" testType="13cdc9d9-ddb5-4fa4-a97d-d965ccfc6d4b" outcome="Passed" testListId="8c84fa94-04c1-424b-9868-57a2d4851a1d" relativeResultsDirectory="e823922b-da57-4f59-ac89-fde42e4ebbbc" />
    <UnitTestResult executionId="93b51869-b8ba-44b5-a3c0-b8c45c53e02c" testId="4f297306-d4f3-8d63-e7f4-1ac0b8c58c74" testName="BL.Tests.CheckPermissionsServiceTests.AuthorizedHasNoAccessToAdminSkiPatrolFunctions(functionName: &quot;GetLiftsSlopesInfoAsync&quot;)" computerName="DESKTOP-TJ9D65N" duration="00:00:00.0013420" startTime="2022-10-15T21:14:54.7684628+03:00" endTime="2022-10-15T21:14:54.7684629+03:00" testType="13cdc9d9-ddb5-4fa4-a97d-d965ccfc6d4b" outcome="Passed" testListId="8c84fa94-04c1-424b-9868-57a2d4851a1d" relativeResultsDirectory="93b51869-b8ba-44b5-a3c0-b8c45c53e02c" />
    <UnitTestResult executionId="3270584a-89e3-4068-9c30-42fc56fab2c1" testId="faa50d78-6537-2105-76eb-fd83efd463b1" testName="BL.Tests.LiftsSlopesServiceTests.TestAdminDeleteLiftSlopeAsync(lift: Lift { LiftID = 118, LiftName = liftNamec949bf68-969e-45b3-9ca2-8135f49cac2f, IsOpen = True, SeatsAmount = 127, LiftingTime = 129, QueueTime = 44, ConnectedSlopes =  }, slope: Slope { SlopeID = 26, SlopeName = slopeNameb8e28f89-bd75-4e34-80be-c933dba793be, IsOpen = False, DifficultyLevel = 88, ConnectedLifts =  }, slopesRepositoryStub: Mock&lt;ISlopesRepository:2&gt;, liftsRepositoryStub: Mock&lt;ILiftsRepository:7&gt;, liftsSlopesRepositoryStub: Mock&lt;ILiftsSlopesRepository:7&gt;)" computerName="DESKTOP-TJ9D65N" duration="00:00:00.0097148" startTime="2022-10-15T21:14:54.7546951+03:00" endTime="2022-10-15T21:14:54.7546952+03:00" testType="13cdc9d9-ddb5-4fa4-a97d-d965ccfc6d4b" outcome="Passed" testListId="8c84fa94-04c1-424b-9868-57a2d4851a1d" relativeResultsDirectory="3270584a-89e3-4068-9c30-42fc56fab2c1" />
    <UnitTestResult executionId="b9c4aabe-8c70-46e5-b4ba-005de0eb11e8" testId="43fae31f-e8a8-d757-2f67-fe76fc0ee13c" testName="BL.Tests.SlopesServiceTest.TestGetSlopesInfoAsync(userID: 23, initialSlopes: [Slope { SlopeID = 121, SlopeName = slopeNameca18d2d2-1fbd-4582-b68b-2d8abf97374f, IsOpen = True, DifficultyLevel = 6, ConnectedLifts =  }, Slope { SlopeID = 170, SlopeName = slopeName9afb010a-1a3b-4755-8879-3c598313a08e, IsOpen = False, DifficultyLevel = 196, ConnectedLifts =  }, Slope { SlopeID = 127, SlopeName = slopeNamebad3e90b-73b5-46aa-8021-4dd32a0d7d3a, IsOpen = True, DifficultyLevel = 44, ConnectedLifts =  }], checkPermissionServiceMock: Mock&lt;ICheckPermissionService:7&gt;, slopesRepositoryStub: Mock&lt;ISlopesRepository:5&gt;, liftsSlopesRepositoryStub: Mock&lt;ILiftsSlopesRepository:10&gt;, sut: SlopesService { })" computerName="DESKTOP-TJ9D65N" duration="00:00:00.0201184" startTime="2022-10-15T21:14:54.7589777+03:00" endTime="2022-10-15T21:14:54.7589777+03:00" testType="13cdc9d9-ddb5-4fa4-a97d-d965ccfc6d4b" outcome="Passed" testListId="8c84fa94-04c1-424b-9868-57a2d4851a1d" relativeResultsDirectory="b9c4aabe-8c70-46e5-b4ba-005de0eb11e8" />
    <UnitTestResult executionId="29bfbf66-2b77-4d56-85fb-8679b57342fc" testId="894941c1-bfa7-d8f9-c047-1e1ceefe2c2f" testName="BL.Tests.UsersServiceTests.TestRegisterUserWithRepeatedEmail" computerName="DESKTOP-TJ9D65N" duration="00:00:00.0034604" startTime="2022-10-15T21:14:54.7562575+03:00" endTime="2022-10-15T21:14:54.7562575+03:00" testType="13cdc9d9-ddb5-4fa4-a97d-d965ccfc6d4b" outcome="Passed" testListId="8c84fa94-04c1-424b-9868-57a2d4851a1d" relativeResultsDirectory="29bfbf66-2b77-4d56-85fb-8679b57342fc" />
    <UnitTestResult executionId="d1160b80-36fb-47a2-912f-557c211f23f2" testId="d8327f8f-7182-9f62-cebf-0b0e1adf3dbc" testName="BL.Tests.SlopesServiceTest.TestAdminDeleteSlopeAsync(userID: 244, slope: Slope { SlopeID = 144, SlopeName = slopeName3724aacb-f5fa-4d2d-89c0-addac3c15e84, IsOpen = True, DifficultyLevel = 69, ConnectedLifts =  }, checkPermissionServiceMock: Mock&lt;ICheckPermissionService:9&gt;, slopesRepositoryStub: Mock&lt;ISlopesRepository:7&gt;, liftsSlopesRepositoryStub: Mock&lt;ILiftsSlopesRepository:12&gt;, sut: SlopesService { })" computerName="DESKTOP-TJ9D65N" duration="00:00:00.0060824" startTime="2022-10-15T21:14:54.7544446+03:00" endTime="2022-10-15T21:14:54.7544447+03:00" testType="13cdc9d9-ddb5-4fa4-a97d-d965ccfc6d4b" outcome="Passed" testListId="8c84fa94-04c1-424b-9868-57a2d4851a1d" relativeResultsDirectory="d1160b80-36fb-47a2-912f-557c211f23f2" />
    <UnitTestResult executionId="a95e12b1-a9d8-44c6-92f3-0156f1e6daff" testId="1ca07ad8-f799-c5d4-e7cc-34fd950198a2" testName="BL.Tests.UsersServiceTests.TestLogInOk" computerName="DESKTOP-TJ9D65N" duration="00:00:00.0030858" startTime="2022-10-15T21:14:54.7597683+03:00" endTime="2022-10-15T21:14:54.7597684+03:00" testType="13cdc9d9-ddb5-4fa4-a97d-d965ccfc6d4b" outcome="Passed" testListId="8c84fa94-04c1-424b-9868-57a2d4851a1d" relativeResultsDirectory="a95e12b1-a9d8-44c6-92f3-0156f1e6daff" />
    <UnitTestResult executionId="1d41f691-5f3f-47a1-89af-4494c6e92ed1" testId="834c739b-eca4-b36d-6a66-5a1bd75377b8" testName="BL.Tests.UsersServiceTests.TestAdminAddAutoIncrementUser" computerName="DESKTOP-TJ9D65N" duration="00:00:00.0066665" startTime="2022-10-15T21:14:54.7751568+03:00" endTime="2022-10-15T21:14:54.7751568+03:00" testType="13cdc9d9-ddb5-4fa4-a97d-d965ccfc6d4b" outcome="Passed" testListId="8c84fa94-04c1-424b-9868-57a2d4851a1d" relativeResultsDirectory="1d41f691-5f3f-47a1-89af-4494c6e92ed1" />
    <UnitTestResult executionId="d11e38e4-a0a4-47ed-aab9-cbd12f5ae1e1" testId="644ec43e-70cd-c82d-42e7-0d990be1414d" testName="BL.Tests.CheckPermissionsServiceTests.AuthorizedHasAccessToAuthorizedFunctions(functionName: &quot;SendMessageAsync&quot;)" computerName="DESKTOP-TJ9D65N" duration="00:00:00.0017072" startTime="2022-10-15T21:14:54.7727284+03:00" endTime="2022-10-15T21:14:54.7727285+03:00" testType="13cdc9d9-ddb5-4fa4-a97d-d965ccfc6d4b" outcome="Passed" testListId="8c84fa94-04c1-424b-9868-57a2d4851a1d" relativeResultsDirectory="d11e38e4-a0a4-47ed-aab9-cbd12f5ae1e1" />
    <UnitTestResult executionId="0c369f47-e0ea-410f-b0c9-73a60ff8e6b9" testId="2f228675-41fc-becf-f9de-4f309e55eb43" testName="BL.Tests.LiftsServiceTest.TestAdminAddAutoIncrementLiftAsync(userID: 178, lift: Lift { LiftID = 247, LiftName = liftName1c3c6bbd-6e3d-47a9-9c8a-9d6a16f6eceb, IsOpen = True, SeatsAmount = 211, LiftingTime = 21, QueueTime = 129, ConnectedSlopes =  }, checkPermissionServiceMock: Mock&lt;ICheckPermissionService:5&gt;, liftsRepositoryStub: Mock&lt;ILiftsRepository:5&gt;, sut: LiftsService { })" computerName="DESKTOP-TJ9D65N" duration="00:00:00.0138852" startTime="2022-10-15T21:14:54.7588749+03:00" endTime="2022-10-15T21:14:54.7588750+03:00" testType="13cdc9d9-ddb5-4fa4-a97d-d965ccfc6d4b" outcome="Passed" testListId="8c84fa94-04c1-424b-9868-57a2d4851a1d" relativeResultsDirectory="0c369f47-e0ea-410f-b0c9-73a60ff8e6b9" />
    <UnitTestResult executionId="cc7a0bd6-f3ef-44cd-a1c0-01308baf464c" testId="c36970dc-93f7-753e-fa47-157133b01644" testName="BL.Tests.CheckPermissionsServiceTests.SkiPatrolHasAccessToAdminSkiPatrolFunctions(functionName: &quot;GetMessagesAsync&quot;)" computerName="DESKTOP-TJ9D65N" duration="00:00:00.0008045" startTime="2022-10-15T21:14:54.7587366+03:00" endTime="2022-10-15T21:14:54.7587367+03:00" testType="13cdc9d9-ddb5-4fa4-a97d-d965ccfc6d4b" outcome="Passed" testListId="8c84fa94-04c1-424b-9868-57a2d4851a1d" relativeResultsDirectory="cc7a0bd6-f3ef-44cd-a1c0-01308baf464c" />
    <UnitTestResult executionId="182c9e4e-e969-4079-930f-dcbf436e6b68" testId="492c0393-35b4-df26-a537-21ca08302f3c" testName="BL.Tests.CheckPermissionsServiceTests.SkiPatrolHasNoAccessToAdminFunctions" computerName="DESKTOP-TJ9D65N" duration="00:00:00.0027967" startTime="2022-10-15T21:14:54.7976869+03:00" endTime="2022-10-15T21:14:54.7976870+03:00" testType="13cdc9d9-ddb5-4fa4-a97d-d965ccfc6d4b" outcome="Passed" testListId="8c84fa94-04c1-424b-9868-57a2d4851a1d" relativeResultsDirectory="182c9e4e-e969-4079-930f-dcbf436e6b68" />
  </Results>
  <TestDefinitions>
    <UnitTest name="BL.Tests.CheckPermissionsServiceTests.AuthorizedHasNoAccessToAdminSkiPatrolFunctions(functionName: &quot;MarkMessageReadByUserAsync&quot;)" storage="c:\users\alena\desktop\7_sem\testing_and_debugging\skiresort\bl.tests\bin\debug\net6.0\bl.tests.dll" id="9c7df5e2-1b23-ebea-889f-b78ca86b60ab">
      <Execution id="3c0a239b-dcc2-4e65-ac3e-32f4799dfd1f" />
      <TestMethod codeBase="C:\Users\alena\Desktop\7_sem\testing_and_debugging\SkiResort\BL.Tests\bin\Debug\net6.0\BL.Tests.dll" adapterTypeName="executor://xunit/VsTestRunner2/netcoreapp" className="BL.Tests.CheckPermissionsServiceTests" name="AuthorizedHasNoAccessToAdminSkiPatrolFunctions" />
    </UnitTest>
    <UnitTest name="BL.Tests.CheckPermissionsServiceTests.UnauthorizedHasNoAccessToAdminSkiPatrolFunctions(functionName: &quot;MarkMessageReadByUserAsync&quot;)" storage="c:\users\alena\desktop\7_sem\testing_and_debugging\skiresort\bl.tests\bin\debug\net6.0\bl.tests.dll" id="a19a5fcf-c5d2-7d44-5d7d-84403042f4e0">
      <Execution id="8cfdb5bf-419e-4fee-bbc7-3e6e2d30f162" />
      <TestMethod codeBase="C:\Users\alena\Desktop\7_sem\testing_and_debugging\SkiResort\BL.Tests\bin\Debug\net6.0\BL.Tests.dll" adapterTypeName="executor://xunit/VsTestRunner2/netcoreapp" className="BL.Tests.CheckPermissionsServiceTests" name="UnauthorizedHasNoAccessToAdminSkiPatrolFunctions" />
    </UnitTest>
    <UnitTest name="BL.Tests.CheckPermissionsServiceTests.AuthorizedHasNoAccessToAdminFunctions" storage="c:\users\alena\desktop\7_sem\testing_and_debugging\skiresort\bl.tests\bin\debug\net6.0\bl.tests.dll" id="a2e59116-cb53-1d70-9cb8-21c286516866">
      <Execution id="47194800-af9a-489c-92e8-52cd915024be" />
      <TestMethod codeBase="C:\Users\alena\Desktop\7_sem\testing_and_debugging\SkiResort\BL.Tests\bin\Debug\net6.0\BL.Tests.dll" adapterTypeName="executor://xunit/VsTestRunner2/netcoreapp" className="BL.Tests.CheckPermissionsServiceTests" name="AuthorizedHasNoAccessToAdminFunctions" />
    </UnitTest>
    <UnitTest name="BL.Tests.CheckPermissionsServiceTests.SkiPatrolHasAccessToAdminSkiPatrolFunctions(functionName: &quot;GetMessagesAsync&quot;)" storage="c:\users\alena\desktop\7_sem\testing_and_debugging\skiresort\bl.tests\bin\debug\net6.0\bl.tests.dll" id="c36970dc-93f7-753e-fa47-157133b01644">
      <Execution id="cc7a0bd6-f3ef-44cd-a1c0-01308baf464c" />
      <TestMethod codeBase="C:\Users\alena\Desktop\7_sem\testing_and_debugging\SkiResort\BL.Tests\bin\Debug\net6.0\BL.Tests.dll" adapterTypeName="executor://xunit/VsTestRunner2/netcoreapp" className="BL.Tests.CheckPermissionsServiceTests" name="SkiPatrolHasAccessToAdminSkiPatrolFunctions" />
    </UnitTest>
    <UnitTest name="BL.Tests.CheckPermissionsServiceTests.AuthorizedHasNoAccessToAdminSkiPatrolFunctions(functionName: &quot;GetMessagesAsync&quot;)" storage="c:\users\alena\desktop\7_sem\testing_and_debugging\skiresort\bl.tests\bin\debug\net6.0\bl.tests.dll" id="2602613f-c8e2-a6d9-fcf7-5b27d4a770a6">
      <Execution id="b4882dc4-f384-47b6-a0b5-35417673cd07" />
      <TestMethod codeBase="C:\Users\alena\Desktop\7_sem\testing_and_debugging\SkiResort\BL.Tests\bin\Debug\net6.0\BL.Tests.dll" adapterTypeName="executor://xunit/VsTestRunner2/netcoreapp" className="BL.Tests.CheckPermissionsServiceTests" name="AuthorizedHasNoAccessToAdminSkiPatrolFunctions" />
    </UnitTest>
    <UnitTest name="BL.Tests.CheckPermissionsServiceTests.AdminHasAccessToAllFunctions" storage="c:\users\alena\desktop\7_sem\testing_and_debugging\skiresort\bl.tests\bin\debug\net6.0\bl.tests.dll" id="f3efc418-a8a6-c7b7-9bac-90b33aa8472f">
      <Execution id="e06c0a3d-1c6b-4efa-b62b-a81a7f4ce58e" />
      <TestMethod codeBase="C:\Users\alena\Desktop\7_sem\testing_and_debugging\SkiResort\BL.Tests\bin\Debug\net6.0\BL.Tests.dll" adapterTypeName="executor://xunit/VsTestRunner2/netcoreapp" className="BL.Tests.CheckPermissionsServiceTests" name="AdminHasAccessToAllFunctions" />
    </UnitTest>
    <UnitTest name="BL.Tests.LiftsSlopesServiceTests.TestAdminDeleteLiftSlopeAsync(lift: Lift { LiftID = 118, LiftName = liftNamec949bf68-969e-45b3-9ca2-8135f49cac2f, IsOpen = True, SeatsAmount = 127, LiftingTime = 129, QueueTime = 44, ConnectedSlopes =  }, slope: Slope { SlopeID = 26, SlopeName = slopeNameb8e28f89-bd75-4e34-80be-c933dba793be, IsOpen = False, DifficultyLevel = 88, ConnectedLifts =  }, slopesRepositoryStub: Mock&lt;ISlopesRepository:2&gt;, liftsRepos..." storage="c:\users\alena\desktop\7_sem\testing_and_debugging\skiresort\bl.tests\bin\debug\net6.0\bl.tests.dll" id="faa50d78-6537-2105-76eb-fd83efd463b1">
      <Execution id="3270584a-89e3-4068-9c30-42fc56fab2c1" />
      <TestMethod codeBase="C:\Users\alena\Desktop\7_sem\testing_and_debugging\SkiResort\BL.Tests\bin\Debug\net6.0\BL.Tests.dll" adapterTypeName="executor://xunit/VsTestRunner2/netcoreapp" className="BL.Tests.LiftsSlopesServiceTests" name="TestAdminDeleteLiftSlopeAsync" />
    </UnitTest>
    <UnitTest name="BL.Tests.UsersServiceTests.TestRegisterUserWithNoPassword" storage="c:\users\alena\desktop\7_sem\testing_and_debugging\skiresort\bl.tests\bin\debug\net6.0\bl.tests.dll" id="f44a1b21-8efc-bfac-63b4-d534442def31">
      <Execution id="a1d1110e-a1c7-4d1d-8722-c8ebf716fc39" />
      <TestMethod codeBase="C:\Users\alena\Desktop\7_sem\testing_and_debugging\SkiResort\BL.Tests\bin\Debug\net6.0\BL.Tests.dll" adapterTypeName="executor://xunit/VsTestRunner2/netcoreapp" className="BL.Tests.UsersServiceTests" name="TestRegisterUserWithNoPassword" />
    </UnitTest>
    <UnitTest name="BL.Tests.UsersServiceTests.TestAdminGetUserByIDAsync" storage="c:\users\alena\desktop\7_sem\testing_and_debugging\skiresort\bl.tests\bin\debug\net6.0\bl.tests.dll" id="e5497347-2721-b7a6-0bd4-69a9921f6947">
      <Execution id="f9b6caac-e4f6-4142-8bb9-d942e9e3a655" />
      <TestMethod codeBase="C:\Users\alena\Desktop\7_sem\testing_and_debugging\SkiResort\BL.Tests\bin\Debug\net6.0\BL.Tests.dll" adapterTypeName="executor://xunit/VsTestRunner2/netcoreapp" className="BL.Tests.UsersServiceTests" name="TestAdminGetUserByIDAsync" />
    </UnitTest>
    <UnitTest name="BL.Tests.TurnstilesServiceTest.TestAdminGetTurnstileAsync(userID: 41, turnstile: Turnstile { TurnstileID = 38, LiftID = 161, IsOpen = True }, checkPermissionServiceMock: Mock&lt;ICheckPermissionService:12&gt;, turnstilesRepositoryStub: Mock&lt;ITurnstilesRepository:6&gt;, sut: TurnstilesService { })" storage="c:\users\alena\desktop\7_sem\testing_and_debugging\skiresort\bl.tests\bin\debug\net6.0\bl.tests.dll" id="9a5b5ed1-e351-b643-aba4-775ca54a4754">
      <Execution id="dc912490-0b27-4ddc-a378-b25728ceea2b" />
      <TestMethod codeBase="C:\Users\alena\Desktop\7_sem\testing_and_debugging\SkiResort\BL.Tests\bin\Debug\net6.0\BL.Tests.dll" adapterTypeName="executor://xunit/VsTestRunner2/netcoreapp" className="BL.Tests.TurnstilesServiceTest" name="TestAdminGetTurnstileAsync" />
    </UnitTest>
    <UnitTest name="BL.Tests.UsersServiceTests.TestAdminAddAutoIncrementUser" storage="c:\users\alena\desktop\7_sem\testing_and_debugging\skiresort\bl.tests\bin\debug\net6.0\bl.tests.dll" id="834c739b-eca4-b36d-6a66-5a1bd75377b8">
      <Execution id="1d41f691-5f3f-47a1-89af-4494c6e92ed1" />
      <TestMethod codeBase="C:\Users\alena\Desktop\7_sem\testing_and_debugging\SkiResort\BL.Tests\bin\Debug\net6.0\BL.Tests.dll" adapterTypeName="executor://xunit/VsTestRunner2/netcoreapp" className="BL.Tests.UsersServiceTests" name="TestAdminAddAutoIncrementUser" />
    </UnitTest>
    <UnitTest name="BL.Tests.CheckPermissionsServiceTests.UnauthorizedHasNoAccessToAdminSkiPatrolFunctions(functionName: &quot;GetLiftsSlopesInfoAsync&quot;)" storage="c:\users\alena\desktop\7_sem\testing_and_debugging\skiresort\bl.tests\bin\debug\net6.0\bl.tests.dll" id="387c9729-48c1-486e-5e67-f5d11a9f0db8">
      <Execution id="612b3ff6-bb92-4af6-874b-dd3543e20f5b" />
      <TestMethod codeBase="C:\Users\alena\Desktop\7_sem\testing_and_debugging\SkiResort\BL.Tests\bin\Debug\net6.0\BL.Tests.dll" adapterTypeName="executor://xunit/VsTestRunner2/netcoreapp" className="BL.Tests.CheckPermissionsServiceTests" name="UnauthorizedHasNoAccessToAdminSkiPatrolFunctions" />
    </UnitTest>
    <UnitTest name="BL.Tests.CheckPermissionsServiceTests.SkiPatrolHasAccessToAdminSkiPatrolFunctions(functionName: &quot;MarkMessageReadByUserAsync&quot;)" storage="c:\users\alena\desktop\7_sem\testing_and_debugging\skiresort\bl.tests\bin\debug\net6.0\bl.tests.dll" id="60bd668f-04df-da5e-b79b-5d9aedb5234d">
      <Execution id="a8a4e23e-0ba9-4d09-97b0-c1223e4f3059" />
      <TestMethod codeBase="C:\Users\alena\Desktop\7_sem\testing_and_debugging\SkiResort\BL.Tests\bin\Debug\net6.0\BL.Tests.dll" adapterTypeName="executor://xunit/VsTestRunner2/netcoreapp" className="BL.Tests.CheckPermissionsServiceTests" name="SkiPatrolHasAccessToAdminSkiPatrolFunctions" />
    </UnitTest>
    <UnitTest name="BL.Tests.CheckPermissionsServiceTests.UnauthorizedHasNoAccessToAdminFunctions" storage="c:\users\alena\desktop\7_sem\testing_and_debugging\skiresort\bl.tests\bin\debug\net6.0\bl.tests.dll" id="e2d7e5be-3dae-33ae-fb17-c704b6fd58d6">
      <Execution id="e8399c64-e20c-4cad-9aca-bf8277317b86" />
      <TestMethod codeBase="C:\Users\alena\Desktop\7_sem\testing_and_debugging\SkiResort\BL.Tests\bin\Debug\net6.0\BL.Tests.dll" adapterTypeName="executor://xunit/VsTestRunner2/netcoreapp" className="BL.Tests.CheckPermissionsServiceTests" name="UnauthorizedHasNoAccessToAdminFunctions" />
    </UnitTest>
    <UnitTest name="BL.Tests.UsersServiceTests.TestLogInWithWrongPassword" storage="c:\users\alena\desktop\7_sem\testing_and_debugging\skiresort\bl.tests\bin\debug\net6.0\bl.tests.dll" id="69340bb6-3645-f9dd-971e-29d8b2a009bb">
      <Execution id="3fc1040e-0ed2-4f41-8967-1c0c7715762c" />
      <TestMethod codeBase="C:\Users\alena\Desktop\7_sem\testing_and_debugging\SkiResort\BL.Tests\bin\Debug\net6.0\BL.Tests.dll" adapterTypeName="executor://xunit/VsTestRunner2/netcoreapp" className="BL.Tests.UsersServiceTests" name="TestLogInWithWrongPassword" />
    </UnitTest>
    <UnitTest name="BL.Tests.CheckPermissionsServiceTests.SkiPatrolHasAccessToAdminSkiPatrolFunctions(functionName: &quot;GetLiftsSlopesInfoAsync&quot;)" storage="c:\users\alena\desktop\7_sem\testing_and_debugging\skiresort\bl.tests\bin\debug\net6.0\bl.tests.dll" id="2d706594-f2b3-b3c8-21d4-86c9798c3306">
      <Execution id="e823922b-da57-4f59-ac89-fde42e4ebbbc" />
      <TestMethod codeBase="C:\Users\alena\Desktop\7_sem\testing_and_debugging\SkiResort\BL.Tests\bin\Debug\net6.0\BL.Tests.dll" adapterTypeName="executor://xunit/VsTestRunner2/netcoreapp" className="BL.Tests.CheckPermissionsServiceTests" name="SkiPatrolHasAccessToAdminSkiPatrolFunctions" />
    </UnitTest>
    <UnitTest name="BL.Tests.CheckPermissionsServiceTests.SkiPatrolHasNoAccessToAdminFunctions" storage="c:\users\alena\desktop\7_sem\testing_and_debugging\skiresort\bl.tests\bin\debug\net6.0\bl.tests.dll" id="492c0393-35b4-df26-a537-21ca08302f3c">
      <Execution id="182c9e4e-e969-4079-930f-dcbf436e6b68" />
      <TestMethod codeBase="C:\Users\alena\Desktop\7_sem\testing_and_debugging\SkiResort\BL.Tests\bin\Debug\net6.0\BL.Tests.dll" adapterTypeName="executor://xunit/VsTestRunner2/netcoreapp" className="BL.Tests.CheckPermissionsServiceTests" name="SkiPatrolHasNoAccessToAdminFunctions" />
    </UnitTest>
    <UnitTest name="BL.Tests.UsersServiceTests.TestAdminDeleteUser" storage="c:\users\alena\desktop\7_sem\testing_and_debugging\skiresort\bl.tests\bin\debug\net6.0\bl.tests.dll" id="18fa8c62-e27d-e1fc-8182-4d7db62b008d">
      <Execution id="b8785da9-642a-4d57-b9f8-3a69968d337a" />
      <TestMethod codeBase="C:\Users\alena\Desktop\7_sem\testing_and_debugging\SkiResort\BL.Tests\bin\Debug\net6.0\BL.Tests.dll" adapterTypeName="executor://xunit/VsTestRunner2/netcoreapp" className="BL.Tests.UsersServiceTests" name="TestAdminDeleteUser" />
    </UnitTest>
    <UnitTest name="BL.Tests.LiftsServiceTest.TestUpdateLiftInfoAsync(userID: 192, lift: Lift { LiftID = 240, LiftName = liftNamed029d96c-7054-4a72-a2c3-16ffcc158c4c, IsOpen = True, SeatsAmount = 40, LiftingTime = 212, QueueTime = 99, ConnectedSlopes =  }, checkPermissionServiceMock: Mock&lt;ICheckPermissionService:3&gt;, liftsRepositoryStub: Mock&lt;ILiftsRepository:3&gt;, sut: LiftsService { })" storage="c:\users\alena\desktop\7_sem\testing_and_debugging\skiresort\bl.tests\bin\debug\net6.0\bl.tests.dll" id="0e6ba488-95f7-70d5-200e-dc459623ce78">
      <Execution id="ab458f00-dc07-4a31-bbd1-10d0449405d5" />
      <TestMethod codeBase="C:\Users\alena\Desktop\7_sem\testing_and_debugging\SkiResort\BL.Tests\bin\Debug\net6.0\BL.Tests.dll" adapterTypeName="executor://xunit/VsTestRunner2/netcoreapp" className="BL.Tests.LiftsServiceTest" name="TestUpdateLiftInfoAsync" />
    </UnitTest>
    <UnitTest name="BL.Tests.SlopesServiceTest.TestGetSlopesInfoAsync(userID: 23, initialSlopes: [Slope { SlopeID = 121, SlopeName = slopeNameca18d2d2-1fbd-4582-b68b-2d8abf97374f, IsOpen = True, DifficultyLevel = 6, ConnectedLifts =  }, Slope { SlopeID = 170, SlopeName = slopeName9afb010a-1a3b-4755-8879-3c598313a08e, IsOpen = False, DifficultyLevel = 196, ConnectedLifts =  }, Slope { SlopeID = 127, SlopeName = slopeNamebad3e90b-73b5-46aa-8021-4dd32a0d7d3a, IsO..." storage="c:\users\alena\desktop\7_sem\testing_and_debugging\skiresort\bl.tests\bin\debug\net6.0\bl.tests.dll" id="43fae31f-e8a8-d757-2f67-fe76fc0ee13c">
      <Execution id="b9c4aabe-8c70-46e5-b4ba-005de0eb11e8" />
      <TestMethod codeBase="C:\Users\alena\Desktop\7_sem\testing_and_debugging\SkiResort\BL.Tests\bin\Debug\net6.0\BL.Tests.dll" adapterTypeName="executor://xunit/VsTestRunner2/netcoreapp" className="BL.Tests.SlopesServiceTest" name="TestGetSlopesInfoAsync" />
    </UnitTest>
    <UnitTest name="BL.Tests.CheckPermissionsServiceTests.AuthorizedHasAccessToAuthorizedFunctions(functionName: &quot;LogOutAsync&quot;)" storage="c:\users\alena\desktop\7_sem\testing_and_debugging\skiresort\bl.tests\bin\debug\net6.0\bl.tests.dll" id="aa28a6b3-21d3-aa45-24d3-bef2facbc899">
      <Execution id="f7be26c9-4b46-4ebd-be1e-b416ffdf10c0" />
      <TestMethod codeBase="C:\Users\alena\Desktop\7_sem\testing_and_debugging\SkiResort\BL.Tests\bin\Debug\net6.0\BL.Tests.dll" adapterTypeName="executor://xunit/VsTestRunner2/netcoreapp" className="BL.Tests.CheckPermissionsServiceTests" name="AuthorizedHasAccessToAuthorizedFunctions" />
    </UnitTest>
    <UnitTest name="BL.Tests.TurnstilesServiceTest.TestAdminUpdateTurnstileAsync(userID: 27, turnstile: Turnstile { TurnstileID = 242, LiftID = 185, IsOpen = True }, checkPermissionServiceMock: Mock&lt;ICheckPermissionService:14&gt;, turnstilesRepositoryStub: Mock&lt;ITurnstilesRepository:8&gt;, sut: TurnstilesService { })" storage="c:\users\alena\desktop\7_sem\testing_and_debugging\skiresort\bl.tests\bin\debug\net6.0\bl.tests.dll" id="024eca78-b605-9f23-6811-e54f7b89b829">
      <Execution id="9cfb1de7-062c-4b0b-bd65-fb1ae6f231a1" />
      <TestMethod codeBase="C:\Users\alena\Desktop\7_sem\testing_and_debugging\SkiResort\BL.Tests\bin\Debug\net6.0\BL.Tests.dll" adapterTypeName="executor://xunit/VsTestRunner2/netcoreapp" className="BL.Tests.TurnstilesServiceTest" name="TestAdminUpdateTurnstileAsync" />
    </UnitTest>
    <UnitTest name="BL.Tests.LiftsSlopesServiceTests.TestAdminAddAutoIncrementLiftSlopeAsync(lift: Lift { LiftID = 251, LiftName = liftName679ec104-c6c3-419d-83b9-11379a7f7521, IsOpen = True, SeatsAmount = 210, LiftingTime = 171, QueueTime = 59, ConnectedSlopes =  }, slope: Slope { SlopeID = 12, SlopeName = slopeName0766afb6-bfa5-492c-8e78-e68419fbb15c, IsOpen = False, DifficultyLevel = 150, ConnectedLifts =  }, slopesRepositoryStub: Mock&lt;ISlopesRepository:3&gt;,..." storage="c:\users\alena\desktop\7_sem\testing_and_debugging\skiresort\bl.tests\bin\debug\net6.0\bl.tests.dll" id="26b8078b-0a2f-3575-0f66-0128fdc93748">
      <Execution id="ccfbe625-e8ca-4106-b7e2-3d5403fb1408" />
      <TestMethod codeBase="C:\Users\alena\Desktop\7_sem\testing_and_debugging\SkiResort\BL.Tests\bin\Debug\net6.0\BL.Tests.dll" adapterTypeName="executor://xunit/VsTestRunner2/netcoreapp" className="BL.Tests.LiftsSlopesServiceTests" name="TestAdminAddAutoIncrementLiftSlopeAsync" />
    </UnitTest>
    <UnitTest name="BL.Tests.UsersServiceTests.TestAdminUpdateUser" storage="c:\users\alena\desktop\7_sem\testing_and_debugging\skiresort\bl.tests\bin\debug\net6.0\bl.tests.dll" id="06d0bc3a-24a0-fb7f-4277-e9ae6d21c7dd">
      <Execution id="2c454d22-0cc2-454b-8cf4-a5e20c95b7ab" />
      <TestMethod codeBase="C:\Users\alena\Desktop\7_sem\testing_and_debugging\SkiResort\BL.Tests\bin\Debug\net6.0\BL.Tests.dll" adapterTypeName="executor://xunit/VsTestRunner2/netcoreapp" className="BL.Tests.UsersServiceTests" name="TestAdminUpdateUser" />
    </UnitTest>
    <UnitTest name="BL.Tests.UsersServiceTests.TestLogInOk" storage="c:\users\alena\desktop\7_sem\testing_and_debugging\skiresort\bl.tests\bin\debug\net6.0\bl.tests.dll" id="1ca07ad8-f799-c5d4-e7cc-34fd950198a2">
      <Execution id="a95e12b1-a9d8-44c6-92f3-0156f1e6daff" />
      <TestMethod codeBase="C:\Users\alena\Desktop\7_sem\testing_and_debugging\SkiResort\BL.Tests\bin\Debug\net6.0\BL.Tests.dll" adapterTypeName="executor://xunit/VsTestRunner2/netcoreapp" className="BL.Tests.UsersServiceTests" name="TestLogInOk" />
    </UnitTest>
    <UnitTest name="BL.Tests.UsersServiceTests.TestAdminGetUsers" storage="c:\users\alena\desktop\7_sem\testing_and_debugging\skiresort\bl.tests\bin\debug\net6.0\bl.tests.dll" id="20ad8570-0170-85de-dcd7-2f109dd7bcd6">
      <Execution id="af2f7f5d-ab7e-412a-b74a-cb3d8f90e8ba" />
      <TestMethod codeBase="C:\Users\alena\Desktop\7_sem\testing_and_debugging\SkiResort\BL.Tests\bin\Debug\net6.0\BL.Tests.dll" adapterTypeName="executor://xunit/VsTestRunner2/netcoreapp" className="BL.Tests.UsersServiceTests" name="TestAdminGetUsers" />
    </UnitTest>
    <UnitTest name="BL.Tests.CheckPermissionsServiceTests.UnauthorizedHasNoAccessToAdminSkiPatrolFunctions(functionName: &quot;GetMessagesAsync&quot;)" storage="c:\users\alena\desktop\7_sem\testing_and_debugging\skiresort\bl.tests\bin\debug\net6.0\bl.tests.dll" id="229812f5-9a73-5335-11f5-31330d1348a5">
      <Execution id="23768ba9-beda-42a2-ac7f-3d93d576f835" />
      <TestMethod codeBase="C:\Users\alena\Desktop\7_sem\testing_and_debugging\SkiResort\BL.Tests\bin\Debug\net6.0\BL.Tests.dll" adapterTypeName="executor://xunit/VsTestRunner2/netcoreapp" className="BL.Tests.CheckPermissionsServiceTests" name="UnauthorizedHasNoAccessToAdminSkiPatrolFunctions" />
    </UnitTest>
    <UnitTest name="BL.Tests.TurnstilesServiceTest.TestAdminDeleteTurnstileAsync(userID: 253, turnstile: Turnstile { TurnstileID = 210, LiftID = 200, IsOpen = True }, checkPermissionServiceMock: Mock&lt;ICheckPermissionService:15&gt;, turnstilesRepositoryStub: Mock&lt;ITurnstilesRepository:9&gt;, sut: TurnstilesService { })" storage="c:\users\alena\desktop\7_sem\testing_and_debugging\skiresort\bl.tests\bin\debug\net6.0\bl.tests.dll" id="721f3ca3-3a4c-21a2-3702-380a1c07cd29">
      <Execution id="72c92c7c-f14d-478d-87a3-a8d7c6b7f18e" />
      <TestMethod codeBase="C:\Users\alena\Desktop\7_sem\testing_and_debugging\SkiResort\BL.Tests\bin\Debug\net6.0\BL.Tests.dll" adapterTypeName="executor://xunit/VsTestRunner2/netcoreapp" className="BL.Tests.TurnstilesServiceTest" name="TestAdminDeleteTurnstileAsync" />
    </UnitTest>
    <UnitTest name="BL.Tests.LiftsSlopesServiceTests.TestGetLiftsSlopesInfoAsync(liftsSlopes: [LiftSlope { RecordID = 2, LiftID = 76, SlopeID = 174 }, LiftSlope { RecordID = 29, LiftID = 177, SlopeID = 160 }, LiftSlope { RecordID = 72, LiftID = 200, SlopeID = 32 }], slopesRepositoryStub: Mock&lt;ISlopesRepository:1&gt;, liftsRepositoryStub: Mock&lt;ILiftsRepository:6&gt;, liftsSlopesRepositoryStub: Mock&lt;ILiftsSlopesRepository:6&gt;)" storage="c:\users\alena\desktop\7_sem\testing_and_debugging\skiresort\bl.tests\bin\debug\net6.0\bl.tests.dll" id="39be9b5e-0bc4-57dc-37d3-aec6b520299d">
      <Execution id="c0f6ee68-09c3-4293-ab50-2b5cee094145" />
      <TestMethod codeBase="C:\Users\alena\Desktop\7_sem\testing_and_debugging\SkiResort\BL.Tests\bin\Debug\net6.0\BL.Tests.dll" adapterTypeName="executor://xunit/VsTestRunner2/netcoreapp" className="BL.Tests.LiftsSlopesServiceTests" name="TestGetLiftsSlopesInfoAsync" />
    </UnitTest>
    <UnitTest name="BL.Tests.CheckPermissionsServiceTests.AuthorizedHasNoAccessToAdminSkiPatrolFunctions(functionName: &quot;GetLiftsSlopesInfoAsync&quot;)" storage="c:\users\alena\desktop\7_sem\testing_and_debugging\skiresort\bl.tests\bin\debug\net6.0\bl.tests.dll" id="4f297306-d4f3-8d63-e7f4-1ac0b8c58c74">
      <Execution id="93b51869-b8ba-44b5-a3c0-b8c45c53e02c" />
      <TestMethod codeBase="C:\Users\alena\Desktop\7_sem\testing_and_debugging\SkiResort\BL.Tests\bin\Debug\net6.0\BL.Tests.dll" adapterTypeName="executor://xunit/VsTestRunner2/netcoreapp" className="BL.Tests.CheckPermissionsServiceTests" name="AuthorizedHasNoAccessToAdminSkiPatrolFunctions" />
    </UnitTest>
    <UnitTest name="BL.Tests.SlopesServiceTest.TestUpdateSlopeInfoAsync(userID: 165, slope: Slope { SlopeID = 127, SlopeName = slopeName90370ae7-525d-42c3-a790-93a47e4b9f04, IsOpen = True, DifficultyLevel = 94, ConnectedLifts =  }, checkPermissionServiceMock: Mock&lt;ICheckPermissionService:8&gt;, slopesRepositoryStub: Mock&lt;ISlopesRepository:6&gt;, sut: SlopesService { })" storage="c:\users\alena\desktop\7_sem\testing_and_debugging\skiresort\bl.tests\bin\debug\net6.0\bl.tests.dll" id="de2f7ee9-9073-da1d-a4be-bc5771a5dc33">
      <Execution id="543b862b-a42b-4ebd-808c-40ef586bb6a2" />
      <TestMethod codeBase="C:\Users\alena\Desktop\7_sem\testing_and_debugging\SkiResort\BL.Tests\bin\Debug\net6.0\BL.Tests.dll" adapterTypeName="executor://xunit/VsTestRunner2/netcoreapp" className="BL.Tests.SlopesServiceTest" name="TestUpdateSlopeInfoAsync" />
    </UnitTest>
    <UnitTest name="BL.Tests.SlopesServiceTest.TestGetSlopeInfoAsync(userID: 138, slope: Slope { SlopeID = 148, SlopeName = slopeName2f40da17-28a2-4655-a42b-ba621ba263e8, IsOpen = True, DifficultyLevel = 14, ConnectedLifts =  }, checkPermissionServiceMock: Mock&lt;ICheckPermissionService:6&gt;, slopesRepositoryStub: Mock&lt;ISlopesRepository:4&gt;, liftsSlopesRepositoryStub: Mock&lt;ILiftsSlopesRepository:9&gt;, sut: SlopesService { })" storage="c:\users\alena\desktop\7_sem\testing_and_debugging\skiresort\bl.tests\bin\debug\net6.0\bl.tests.dll" id="34a19bd2-641b-e181-aa1a-56c4de4c0b9a">
      <Execution id="0ac6dc33-387f-451b-b1ce-f17a18f6599e" />
      <TestMethod codeBase="C:\Users\alena\Desktop\7_sem\testing_and_debugging\SkiResort\BL.Tests\bin\Debug\net6.0\BL.Tests.dll" adapterTypeName="executor://xunit/VsTestRunner2/netcoreapp" className="BL.Tests.SlopesServiceTest" name="TestGetSlopeInfoAsync" />
    </UnitTest>
    <UnitTest name="BL.Tests.TurnstilesServiceTest.TestAdminAddAutoIncrementTurnstileAsync(userID: 132, turnstile: Turnstile { TurnstileID = 189, LiftID = 9, IsOpen = True }, checkPermissionServiceMock: Mock&lt;ICheckPermissionService:16&gt;, turnstilesRepositoryStub: Mock&lt;ITurnstilesRepository:10&gt;, sut: TurnstilesService { })" storage="c:\users\alena\desktop\7_sem\testing_and_debugging\skiresort\bl.tests\bin\debug\net6.0\bl.tests.dll" id="acd6a537-76c7-b795-1446-66bc06815c83">
      <Execution id="56ffb0f7-ae35-41d5-b9a8-2a588e5f1717" />
      <TestMethod codeBase="C:\Users\alena\Desktop\7_sem\testing_and_debugging\SkiResort\BL.Tests\bin\Debug\net6.0\BL.Tests.dll" adapterTypeName="executor://xunit/VsTestRunner2/netcoreapp" className="BL.Tests.TurnstilesServiceTest" name="TestAdminAddAutoIncrementTurnstileAsync" />
    </UnitTest>
    <UnitTest name="BL.Tests.SlopesServiceTest.TestAdminAddAutoIncrementSlopeAsync(userID: 218, slope: Slope { SlopeID = 9, SlopeName = slopeName90789a31-e4f7-47bd-8954-548459a7f411, IsOpen = True, DifficultyLevel = 116, ConnectedLifts =  }, checkPermissionServiceMock: Mock&lt;ICheckPermissionService:10&gt;, slopesRepositoryStub: Mock&lt;ISlopesRepository:8&gt;, sut: SlopesService { })" storage="c:\users\alena\desktop\7_sem\testing_and_debugging\skiresort\bl.tests\bin\debug\net6.0\bl.tests.dll" id="dfb9ad28-bbf8-e701-ac26-896741e89984">
      <Execution id="4bd997cf-5149-4470-a585-62de64581fa3" />
      <TestMethod codeBase="C:\Users\alena\Desktop\7_sem\testing_and_debugging\SkiResort\BL.Tests\bin\Debug\net6.0\BL.Tests.dll" adapterTypeName="executor://xunit/VsTestRunner2/netcoreapp" className="BL.Tests.SlopesServiceTest" name="TestAdminAddAutoIncrementSlopeAsync" />
    </UnitTest>
    <UnitTest name="BL.Tests.LiftsServiceTest.TestAdminDeleteLiftAsync(userID: 190, lift: Lift { LiftID = 178, LiftName = liftName210aa474-6a25-4484-a433-e0309b9d8fe9, IsOpen = True, SeatsAmount = 129, LiftingTime = 5, QueueTime = 149, ConnectedSlopes =  }, checkPermissionServiceMock: Mock&lt;ICheckPermissionService:4&gt;, liftsRepositoryStub: Mock&lt;ILiftsRepository:4&gt;, liftsSlopesRepositoryStub: Mock&lt;ILiftsSlopesRepository:4&gt;, sut: LiftsService { })" storage="c:\users\alena\desktop\7_sem\testing_and_debugging\skiresort\bl.tests\bin\debug\net6.0\bl.tests.dll" id="dbf9b6ae-5432-2e90-ceff-56468fce1ed2">
      <Execution id="6eede44e-c362-4346-a964-87c920efd4c6" />
      <TestMethod codeBase="C:\Users\alena\Desktop\7_sem\testing_and_debugging\SkiResort\BL.Tests\bin\Debug\net6.0\BL.Tests.dll" adapterTypeName="executor://xunit/VsTestRunner2/netcoreapp" className="BL.Tests.LiftsServiceTest" name="TestAdminDeleteLiftAsync" />
    </UnitTest>
    <UnitTest name="BL.Tests.UsersServiceTests.TestRegisterOk" storage="c:\users\alena\desktop\7_sem\testing_and_debugging\skiresort\bl.tests\bin\debug\net6.0\bl.tests.dll" id="0eeef75f-6e38-7893-a8fe-cff3e0a970a7">
      <Execution id="970d5ddb-ab99-499b-8d13-1f12d7cf4b7c" />
      <TestMethod codeBase="C:\Users\alena\Desktop\7_sem\testing_and_debugging\SkiResort\BL.Tests\bin\Debug\net6.0\BL.Tests.dll" adapterTypeName="executor://xunit/VsTestRunner2/netcoreapp" className="BL.Tests.UsersServiceTests" name="TestRegisterOk" />
    </UnitTest>
    <UnitTest name="BL.Tests.LiftsServiceTest.TestAdminAddAutoIncrementLiftAsync(userID: 178, lift: Lift { LiftID = 247, LiftName = liftName1c3c6bbd-6e3d-47a9-9c8a-9d6a16f6eceb, IsOpen = True, SeatsAmount = 211, LiftingTime = 21, QueueTime = 129, ConnectedSlopes =  }, checkPermissionServiceMock: Mock&lt;ICheckPermissionService:5&gt;, liftsRepositoryStub: Mock&lt;ILiftsRepository:5&gt;, sut: LiftsService { })" storage="c:\users\alena\desktop\7_sem\testing_and_debugging\skiresort\bl.tests\bin\debug\net6.0\bl.tests.dll" id="2f228675-41fc-becf-f9de-4f309e55eb43">
      <Execution id="0c369f47-e0ea-410f-b0c9-73a60ff8e6b9" />
      <TestMethod codeBase="C:\Users\alena\Desktop\7_sem\testing_and_debugging\SkiResort\BL.Tests\bin\Debug\net6.0\BL.Tests.dll" adapterTypeName="executor://xunit/VsTestRunner2/netcoreapp" className="BL.Tests.LiftsServiceTest" name="TestAdminAddAutoIncrementLiftAsync" />
    </UnitTest>
    <UnitTest name="BL.Tests.LiftsServiceTest.TestGetLiftInfoAsync(userID: 145, lift: Lift { LiftID = 245, LiftName = liftName68a33dd8-668e-4442-89df-71c094a14ba3, IsOpen = True, SeatsAmount = 14, LiftingTime = 253, QueueTime = 219, ConnectedSlopes =  }, checkPermissionServiceMock: Mock&lt;ICheckPermissionService:1&gt;, liftsRepositoryStub: Mock&lt;ILiftsRepository:1&gt;, liftsSlopesRepositoryStub: Mock&lt;ILiftsSlopesRepository:1&gt;, sut: LiftsService { })" storage="c:\users\alena\desktop\7_sem\testing_and_debugging\skiresort\bl.tests\bin\debug\net6.0\bl.tests.dll" id="cb0d9b7b-5dce-464a-d62c-d93b1c854d8d">
      <Execution id="b1d05485-1c99-4514-a73f-08d77c01e2e6" />
      <TestMethod codeBase="C:\Users\alena\Desktop\7_sem\testing_and_debugging\SkiResort\BL.Tests\bin\Debug\net6.0\BL.Tests.dll" adapterTypeName="executor://xunit/VsTestRunner2/netcoreapp" className="BL.Tests.LiftsServiceTest" name="TestGetLiftInfoAsync" />
    </UnitTest>
    <UnitTest name="BL.Tests.CheckPermissionsServiceTests.AuthorizedHasAccessToAuthorizedFunctions(functionName: &quot;SendMessageAsync&quot;)" storage="c:\users\alena\desktop\7_sem\testing_and_debugging\skiresort\bl.tests\bin\debug\net6.0\bl.tests.dll" id="644ec43e-70cd-c82d-42e7-0d990be1414d">
      <Execution id="d11e38e4-a0a4-47ed-aab9-cbd12f5ae1e1" />
      <TestMethod codeBase="C:\Users\alena\Desktop\7_sem\testing_and_debugging\SkiResort\BL.Tests\bin\Debug\net6.0\BL.Tests.dll" adapterTypeName="executor://xunit/VsTestRunner2/netcoreapp" className="BL.Tests.CheckPermissionsServiceTests" name="AuthorizedHasAccessToAuthorizedFunctions" />
    </UnitTest>
    <UnitTest name="BL.Tests.LiftsServiceTest.TestGetLiftsInfoAsync(userID: 211, initialLifts: [Lift { LiftID = 178, LiftName = liftName43741cec-4687-458d-929b-4f01e5087ee9, IsOpen = True, SeatsAmount = 47, LiftingTime = 117, QueueTime = 237, ConnectedSlopes =  }, Lift { LiftID = 235, LiftName = liftName44f4fa8b-d4ae-4542-8da8-f45a624fe10f, IsOpen = False, SeatsAmount = 152, LiftingTime = 254, QueueTime = 206, ConnectedSlopes =  }, Lift { LiftID = 35, LiftName..." storage="c:\users\alena\desktop\7_sem\testing_and_debugging\skiresort\bl.tests\bin\debug\net6.0\bl.tests.dll" id="72407daa-49b8-48b9-d289-78977e1bb87f">
      <Execution id="ca6736c7-a8fe-42d3-91e5-9db4e01f5f78" />
      <TestMethod codeBase="C:\Users\alena\Desktop\7_sem\testing_and_debugging\SkiResort\BL.Tests\bin\Debug\net6.0\BL.Tests.dll" adapterTypeName="executor://xunit/VsTestRunner2/netcoreapp" className="BL.Tests.LiftsServiceTest" name="TestGetLiftsInfoAsync" />
    </UnitTest>
    <UnitTest name="BL.Tests.CheckPermissionsServiceTests.UnauthorizedHasNoAccessToAuthorizedFunctions(functionName: &quot;LogOutAsync&quot;)" storage="c:\users\alena\desktop\7_sem\testing_and_debugging\skiresort\bl.tests\bin\debug\net6.0\bl.tests.dll" id="fa960c5e-f989-2880-784e-8efe538c5231">
      <Execution id="12c877ff-6977-49a2-9914-aa946a5df954" />
      <TestMethod codeBase="C:\Users\alena\Desktop\7_sem\testing_and_debugging\SkiResort\BL.Tests\bin\Debug\net6.0\BL.Tests.dll" adapterTypeName="executor://xunit/VsTestRunner2/netcoreapp" className="BL.Tests.CheckPermissionsServiceTests" name="UnauthorizedHasNoAccessToAuthorizedFunctions" />
    </UnitTest>
    <UnitTest name="BL.Tests.CheckPermissionsServiceTests.UnauthorizedHasNoAccessToAuthorizedFunctions(functionName: &quot;SendMessageAsync&quot;)" storage="c:\users\alena\desktop\7_sem\testing_and_debugging\skiresort\bl.tests\bin\debug\net6.0\bl.tests.dll" id="eaabd2fc-2f4b-5689-59c8-c7ad34a8f634">
      <Execution id="5dd32284-ec07-42e4-bc97-1261161a10f2" />
      <TestMethod codeBase="C:\Users\alena\Desktop\7_sem\testing_and_debugging\SkiResort\BL.Tests\bin\Debug\net6.0\BL.Tests.dll" adapterTypeName="executor://xunit/VsTestRunner2/netcoreapp" className="BL.Tests.CheckPermissionsServiceTests" name="UnauthorizedHasNoAccessToAuthorizedFunctions" />
    </UnitTest>
    <UnitTest name="BL.Tests.UsersServiceTests.TestRegisterUserWithRepeatedEmail" storage="c:\users\alena\desktop\7_sem\testing_and_debugging\skiresort\bl.tests\bin\debug\net6.0\bl.tests.dll" id="894941c1-bfa7-d8f9-c047-1e1ceefe2c2f">
      <Execution id="29bfbf66-2b77-4d56-85fb-8679b57342fc" />
      <TestMethod codeBase="C:\Users\alena\Desktop\7_sem\testing_and_debugging\SkiResort\BL.Tests\bin\Debug\net6.0\BL.Tests.dll" adapterTypeName="executor://xunit/VsTestRunner2/netcoreapp" className="BL.Tests.UsersServiceTests" name="TestRegisterUserWithRepeatedEmail" />
    </UnitTest>
    <UnitTest name="BL.Tests.SlopesServiceTest.TestAdminDeleteSlopeAsync(userID: 244, slope: Slope { SlopeID = 144, SlopeName = slopeName3724aacb-f5fa-4d2d-89c0-addac3c15e84, IsOpen = True, DifficultyLevel = 69, ConnectedLifts =  }, checkPermissionServiceMock: Mock&lt;ICheckPermissionService:9&gt;, slopesRepositoryStub: Mock&lt;ISlopesRepository:7&gt;, liftsSlopesRepositoryStub: Mock&lt;ILiftsSlopesRepository:12&gt;, sut: SlopesService { })" storage="c:\users\alena\desktop\7_sem\testing_and_debugging\skiresort\bl.tests\bin\debug\net6.0\bl.tests.dll" id="d8327f8f-7182-9f62-cebf-0b0e1adf3dbc">
      <Execution id="d1160b80-36fb-47a2-912f-557c211f23f2" />
      <TestMethod codeBase="C:\Users\alena\Desktop\7_sem\testing_and_debugging\SkiResort\BL.Tests\bin\Debug\net6.0\BL.Tests.dll" adapterTypeName="executor://xunit/VsTestRunner2/netcoreapp" className="BL.Tests.SlopesServiceTest" name="TestAdminDeleteSlopeAsync" />
    </UnitTest>
    <UnitTest name="BL.Tests.TurnstilesServiceTest.TestAdminGetTurnstilesAsync(userID: 215, initialTurnstiles: [Turnstile { TurnstileID = 100, LiftID = 162, IsOpen = True }, Turnstile { TurnstileID = 208, LiftID = 175, IsOpen = False }, Turnstile { TurnstileID = 36, LiftID = 248, IsOpen = True }], checkPermissionServiceMock: Mock&lt;ICheckPermissionService:13&gt;, turnstilesRepositoryStub: Mock&lt;ITurnstilesRepository:7&gt;, sut: TurnstilesService { })" storage="c:\users\alena\desktop\7_sem\testing_and_debugging\skiresort\bl.tests\bin\debug\net6.0\bl.tests.dll" id="f28b07a9-d1a7-bbd8-097b-b1b3beccb4ea">
      <Execution id="467610ad-9365-4211-bc34-d9eb400c9a1f" />
      <TestMethod codeBase="C:\Users\alena\Desktop\7_sem\testing_and_debugging\SkiResort\BL.Tests\bin\Debug\net6.0\BL.Tests.dll" adapterTypeName="executor://xunit/VsTestRunner2/netcoreapp" className="BL.Tests.TurnstilesServiceTest" name="TestAdminGetTurnstilesAsync" />
    </UnitTest>
    <UnitTest name="BL.Tests.SlopesServiceTest.TestAdminAddSlopeAsync(userID: 95, slope: Slope { SlopeID = 122, SlopeName = slopeName99c486a1-517c-419d-939a-c0c454cb9848, IsOpen = True, DifficultyLevel = 34, ConnectedLifts =  }, checkPermissionServiceMock: Mock&lt;ICheckPermissionService:11&gt;, slopesRepositoryStub: Mock&lt;ISlopesRepository:9&gt;, sut: SlopesService { })" storage="c:\users\alena\desktop\7_sem\testing_and_debugging\skiresort\bl.tests\bin\debug\net6.0\bl.tests.dll" id="fde1edf9-39f9-2327-75d8-4c5404ea2d37">
      <Execution id="332f3b7d-c530-4821-b9ea-495774423a3b" />
      <TestMethod codeBase="C:\Users\alena\Desktop\7_sem\testing_and_debugging\SkiResort\BL.Tests\bin\Debug\net6.0\BL.Tests.dll" adapterTypeName="executor://xunit/VsTestRunner2/netcoreapp" className="BL.Tests.SlopesServiceTest" name="TestAdminAddSlopeAsync" />
    </UnitTest>
    <UnitTest name="BL.Tests.UsersServiceTests.TestRegisterUserWithNoEmail" storage="c:\users\alena\desktop\7_sem\testing_and_debugging\skiresort\bl.tests\bin\debug\net6.0\bl.tests.dll" id="8184bd30-991c-b78d-b4ec-99a485eac0dd">
      <Execution id="26a6ca53-3bb1-448a-bbfe-8fa7abb1a382" />
      <TestMethod codeBase="C:\Users\alena\Desktop\7_sem\testing_and_debugging\SkiResort\BL.Tests\bin\Debug\net6.0\BL.Tests.dll" adapterTypeName="executor://xunit/VsTestRunner2/netcoreapp" className="BL.Tests.UsersServiceTests" name="TestRegisterUserWithNoEmail" />
    </UnitTest>
  </TestDefinitions>
  <TestEntries>
    <TestEntry testId="39be9b5e-0bc4-57dc-37d3-aec6b520299d" executionId="c0f6ee68-09c3-4293-ab50-2b5cee094145" testListId="8c84fa94-04c1-424b-9868-57a2d4851a1d" />
    <TestEntry testId="26b8078b-0a2f-3575-0f66-0128fdc93748" executionId="ccfbe625-e8ca-4106-b7e2-3d5403fb1408" testListId="8c84fa94-04c1-424b-9868-57a2d4851a1d" />
    <TestEntry testId="fa960c5e-f989-2880-784e-8efe538c5231" executionId="12c877ff-6977-49a2-9914-aa946a5df954" testListId="8c84fa94-04c1-424b-9868-57a2d4851a1d" />
    <TestEntry testId="de2f7ee9-9073-da1d-a4be-bc5771a5dc33" executionId="543b862b-a42b-4ebd-808c-40ef586bb6a2" testListId="8c84fa94-04c1-424b-9868-57a2d4851a1d" />
    <TestEntry testId="9a5b5ed1-e351-b643-aba4-775ca54a4754" executionId="dc912490-0b27-4ddc-a378-b25728ceea2b" testListId="8c84fa94-04c1-424b-9868-57a2d4851a1d" />
    <TestEntry testId="229812f5-9a73-5335-11f5-31330d1348a5" executionId="23768ba9-beda-42a2-ac7f-3d93d576f835" testListId="8c84fa94-04c1-424b-9868-57a2d4851a1d" />
    <TestEntry testId="34a19bd2-641b-e181-aa1a-56c4de4c0b9a" executionId="0ac6dc33-387f-451b-b1ce-f17a18f6599e" testListId="8c84fa94-04c1-424b-9868-57a2d4851a1d" />
    <TestEntry testId="eaabd2fc-2f4b-5689-59c8-c7ad34a8f634" executionId="5dd32284-ec07-42e4-bc97-1261161a10f2" testListId="8c84fa94-04c1-424b-9868-57a2d4851a1d" />
    <TestEntry testId="2602613f-c8e2-a6d9-fcf7-5b27d4a770a6" executionId="b4882dc4-f384-47b6-a0b5-35417673cd07" testListId="8c84fa94-04c1-424b-9868-57a2d4851a1d" />
    <TestEntry testId="fde1edf9-39f9-2327-75d8-4c5404ea2d37" executionId="332f3b7d-c530-4821-b9ea-495774423a3b" testListId="8c84fa94-04c1-424b-9868-57a2d4851a1d" />
    <TestEntry testId="60bd668f-04df-da5e-b79b-5d9aedb5234d" executionId="a8a4e23e-0ba9-4d09-97b0-c1223e4f3059" testListId="8c84fa94-04c1-424b-9868-57a2d4851a1d" />
    <TestEntry testId="18fa8c62-e27d-e1fc-8182-4d7db62b008d" executionId="b8785da9-642a-4d57-b9f8-3a69968d337a" testListId="8c84fa94-04c1-424b-9868-57a2d4851a1d" />
    <TestEntry testId="f3efc418-a8a6-c7b7-9bac-90b33aa8472f" executionId="e06c0a3d-1c6b-4efa-b62b-a81a7f4ce58e" testListId="8c84fa94-04c1-424b-9868-57a2d4851a1d" />
    <TestEntry testId="9c7df5e2-1b23-ebea-889f-b78ca86b60ab" executionId="3c0a239b-dcc2-4e65-ac3e-32f4799dfd1f" testListId="8c84fa94-04c1-424b-9868-57a2d4851a1d" />
    <TestEntry testId="f44a1b21-8efc-bfac-63b4-d534442def31" executionId="a1d1110e-a1c7-4d1d-8722-c8ebf716fc39" testListId="8c84fa94-04c1-424b-9868-57a2d4851a1d" />
    <TestEntry testId="0eeef75f-6e38-7893-a8fe-cff3e0a970a7" executionId="970d5ddb-ab99-499b-8d13-1f12d7cf4b7c" testListId="8c84fa94-04c1-424b-9868-57a2d4851a1d" />
    <TestEntry testId="e5497347-2721-b7a6-0bd4-69a9921f6947" executionId="f9b6caac-e4f6-4142-8bb9-d942e9e3a655" testListId="8c84fa94-04c1-424b-9868-57a2d4851a1d" />
    <TestEntry testId="f28b07a9-d1a7-bbd8-097b-b1b3beccb4ea" executionId="467610ad-9365-4211-bc34-d9eb400c9a1f" testListId="8c84fa94-04c1-424b-9868-57a2d4851a1d" />
    <TestEntry testId="69340bb6-3645-f9dd-971e-29d8b2a009bb" executionId="3fc1040e-0ed2-4f41-8967-1c0c7715762c" testListId="8c84fa94-04c1-424b-9868-57a2d4851a1d" />
    <TestEntry testId="024eca78-b605-9f23-6811-e54f7b89b829" executionId="9cfb1de7-062c-4b0b-bd65-fb1ae6f231a1" testListId="8c84fa94-04c1-424b-9868-57a2d4851a1d" />
    <TestEntry testId="8184bd30-991c-b78d-b4ec-99a485eac0dd" executionId="26a6ca53-3bb1-448a-bbfe-8fa7abb1a382" testListId="8c84fa94-04c1-424b-9868-57a2d4851a1d" />
    <TestEntry testId="a19a5fcf-c5d2-7d44-5d7d-84403042f4e0" executionId="8cfdb5bf-419e-4fee-bbc7-3e6e2d30f162" testListId="8c84fa94-04c1-424b-9868-57a2d4851a1d" />
    <TestEntry testId="dfb9ad28-bbf8-e701-ac26-896741e89984" executionId="4bd997cf-5149-4470-a585-62de64581fa3" testListId="8c84fa94-04c1-424b-9868-57a2d4851a1d" />
    <TestEntry testId="387c9729-48c1-486e-5e67-f5d11a9f0db8" executionId="612b3ff6-bb92-4af6-874b-dd3543e20f5b" testListId="8c84fa94-04c1-424b-9868-57a2d4851a1d" />
    <TestEntry testId="20ad8570-0170-85de-dcd7-2f109dd7bcd6" executionId="af2f7f5d-ab7e-412a-b74a-cb3d8f90e8ba" testListId="8c84fa94-04c1-424b-9868-57a2d4851a1d" />
    <TestEntry testId="acd6a537-76c7-b795-1446-66bc06815c83" executionId="56ffb0f7-ae35-41d5-b9a8-2a588e5f1717" testListId="8c84fa94-04c1-424b-9868-57a2d4851a1d" />
    <TestEntry testId="06d0bc3a-24a0-fb7f-4277-e9ae6d21c7dd" executionId="2c454d22-0cc2-454b-8cf4-a5e20c95b7ab" testListId="8c84fa94-04c1-424b-9868-57a2d4851a1d" />
    <TestEntry testId="721f3ca3-3a4c-21a2-3702-380a1c07cd29" executionId="72c92c7c-f14d-478d-87a3-a8d7c6b7f18e" testListId="8c84fa94-04c1-424b-9868-57a2d4851a1d" />
    <TestEntry testId="0e6ba488-95f7-70d5-200e-dc459623ce78" executionId="ab458f00-dc07-4a31-bbd1-10d0449405d5" testListId="8c84fa94-04c1-424b-9868-57a2d4851a1d" />
    <TestEntry testId="cb0d9b7b-5dce-464a-d62c-d93b1c854d8d" executionId="b1d05485-1c99-4514-a73f-08d77c01e2e6" testListId="8c84fa94-04c1-424b-9868-57a2d4851a1d" />
    <TestEntry testId="e2d7e5be-3dae-33ae-fb17-c704b6fd58d6" executionId="e8399c64-e20c-4cad-9aca-bf8277317b86" testListId="8c84fa94-04c1-424b-9868-57a2d4851a1d" />
    <TestEntry testId="aa28a6b3-21d3-aa45-24d3-bef2facbc899" executionId="f7be26c9-4b46-4ebd-be1e-b416ffdf10c0" testListId="8c84fa94-04c1-424b-9868-57a2d4851a1d" />
    <TestEntry testId="a2e59116-cb53-1d70-9cb8-21c286516866" executionId="47194800-af9a-489c-92e8-52cd915024be" testListId="8c84fa94-04c1-424b-9868-57a2d4851a1d" />
    <TestEntry testId="72407daa-49b8-48b9-d289-78977e1bb87f" executionId="ca6736c7-a8fe-42d3-91e5-9db4e01f5f78" testListId="8c84fa94-04c1-424b-9868-57a2d4851a1d" />
    <TestEntry testId="dbf9b6ae-5432-2e90-ceff-56468fce1ed2" executionId="6eede44e-c362-4346-a964-87c920efd4c6" testListId="8c84fa94-04c1-424b-9868-57a2d4851a1d" />
    <TestEntry testId="2d706594-f2b3-b3c8-21d4-86c9798c3306" executionId="e823922b-da57-4f59-ac89-fde42e4ebbbc" testListId="8c84fa94-04c1-424b-9868-57a2d4851a1d" />
    <TestEntry testId="4f297306-d4f3-8d63-e7f4-1ac0b8c58c74" executionId="93b51869-b8ba-44b5-a3c0-b8c45c53e02c" testListId="8c84fa94-04c1-424b-9868-57a2d4851a1d" />
    <TestEntry testId="faa50d78-6537-2105-76eb-fd83efd463b1" executionId="3270584a-89e3-4068-9c30-42fc56fab2c1" testListId="8c84fa94-04c1-424b-9868-57a2d4851a1d" />
    <TestEntry testId="43fae31f-e8a8-d757-2f67-fe76fc0ee13c" executionId="b9c4aabe-8c70-46e5-b4ba-005de0eb11e8" testListId="8c84fa94-04c1-424b-9868-57a2d4851a1d" />
    <TestEntry testId="894941c1-bfa7-d8f9-c047-1e1ceefe2c2f" executionId="29bfbf66-2b77-4d56-85fb-8679b57342fc" testListId="8c84fa94-04c1-424b-9868-57a2d4851a1d" />
    <TestEntry testId="d8327f8f-7182-9f62-cebf-0b0e1adf3dbc" executionId="d1160b80-36fb-47a2-912f-557c211f23f2" testListId="8c84fa94-04c1-424b-9868-57a2d4851a1d" />
    <TestEntry testId="1ca07ad8-f799-c5d4-e7cc-34fd950198a2" executionId="a95e12b1-a9d8-44c6-92f3-0156f1e6daff" testListId="8c84fa94-04c1-424b-9868-57a2d4851a1d" />
    <TestEntry testId="834c739b-eca4-b36d-6a66-5a1bd75377b8" executionId="1d41f691-5f3f-47a1-89af-4494c6e92ed1" testListId="8c84fa94-04c1-424b-9868-57a2d4851a1d" />
    <TestEntry testId="644ec43e-70cd-c82d-42e7-0d990be1414d" executionId="d11e38e4-a0a4-47ed-aab9-cbd12f5ae1e1" testListId="8c84fa94-04c1-424b-9868-57a2d4851a1d" />
    <TestEntry testId="2f228675-41fc-becf-f9de-4f309e55eb43" executionId="0c369f47-e0ea-410f-b0c9-73a60ff8e6b9" testListId="8c84fa94-04c1-424b-9868-57a2d4851a1d" />
    <TestEntry testId="c36970dc-93f7-753e-fa47-157133b01644" executionId="cc7a0bd6-f3ef-44cd-a1c0-01308baf464c" testListId="8c84fa94-04c1-424b-9868-57a2d4851a1d" />
    <TestEntry testId="492c0393-35b4-df26-a537-21ca08302f3c" executionId="182c9e4e-e969-4079-930f-dcbf436e6b68" testListId="8c84fa94-04c1-424b-9868-57a2d4851a1d" />
  </TestEntries>
  <TestLists>
    <TestList name="Список результатов" id="8c84fa94-04c1-424b-9868-57a2d4851a1d" />
    <TestList name="Все загруженные результаты" id="19431567-8539-422a-85d7-44ee4e166bda" />
  </TestLists>
  <ResultSummary outcome="Completed">
    <Counters total="47" executed="47" passed="47" failed="0" error="0" timeout="0" aborted="0" inconclusive="0" passedButRunAborted="0" notRunnable="0" notExecuted="0" disconnected="0" warning="0" completed="0" inProgress="0" pending="0" />
    <Output>
      <StdOut>[xUnit.net 00:00:00.00] xUnit.net VSTest Adapter v2.4.5+1caef2f33e (64-bit .NET 6.0.3)&#xD;
[xUnit.net 00:00:00.44]   Discovering: BL.Tests&#xD;
[xUnit.net 00:00:00.63]   Discovered:  BL.Tests&#xD;
[xUnit.net 00:00:00.64]   Starting:    BL.Tests&#xD;
[xUnit.net 00:00:00.88]   Finished:    BL.Tests&#xD;
</StdOut>
    </Output>
  </ResultSummary>
</TestRun>