<?xml version="1.0" encoding="utf-8"?>
<TestRun id="ea011966-77fd-4992-a199-bb1273b659e1" name="alena@DESKTOP-TJ9D65N 2022-10-15 20:42:39" runUser="DESKTOP-TJ9D65N\alena" xmlns="http://microsoft.com/schemas/VisualStudio/TeamTest/2010">
  <Times creation="2022-10-15T20:42:39.2076208+03:00" queuing="2022-10-15T20:42:39.2076210+03:00" start="2022-10-15T20:42:37.7981997+03:00" finish="2022-10-15T20:42:39.2616127+03:00" />
  <TestSettings name="default" id="52195841-a704-442b-9c2c-0e7f3b6b7438">
    <Deployment runDeploymentRoot="alena_DESKTOP-TJ9D65N_2022-10-15_20_42_39" />
  </TestSettings>
  <Results>
    <UnitTestResult executionId="8bb90868-fbd8-4e5d-8aee-be56e6af0f52" testId="b458e2b8-639e-0939-5bd3-cc6668f25c4a" testName="BL.Tests.LiftsServiceTest.TestAdminAddAutoIncrementLiftAsync(userID: 19, lift: Lift { LiftID = 30, LiftName = liftName2ef711b6-9072-45ab-b08a-100148bd933c, IsOpen = True, SeatsAmount = 231, LiftingTime = 128, QueueTime = 209, ConnectedSlopes =  }, checkPermissionServiceMock: Mock&lt;ICheckPermissionService:5&gt;, liftsRepositoryStub: Mock&lt;ILiftsRepository:5&gt;, sut: LiftsService { })" computerName="DESKTOP-TJ9D65N" duration="00:00:00.0153686" startTime="2022-10-15T20:42:39.1618857+03:00" endTime="2022-10-15T20:42:39.1618858+03:00" testType="13cdc9d9-ddb5-4fa4-a97d-d965ccfc6d4b" outcome="Passed" testListId="8c84fa94-04c1-424b-9868-57a2d4851a1d" relativeResultsDirectory="8bb90868-fbd8-4e5d-8aee-be56e6af0f52" />
    <UnitTestResult executionId="74fada50-924c-4107-9d71-de42487b3c89" testId="06d0bc3a-24a0-fb7f-4277-e9ae6d21c7dd" testName="BL.Tests.UsersServiceTests.TestAdminUpdateUser" computerName="DESKTOP-TJ9D65N" duration="00:00:00.0060483" startTime="2022-10-15T20:42:39.1629605+03:00" endTime="2022-10-15T20:42:39.1629605+03:00" testType="13cdc9d9-ddb5-4fa4-a97d-d965ccfc6d4b" outcome="Passed" testListId="8c84fa94-04c1-424b-9868-57a2d4851a1d" relativeResultsDirectory="74fada50-924c-4107-9d71-de42487b3c89" />
    <UnitTestResult executionId="8152193c-2b1c-4749-a7c5-482ac53b3b5c" testId="fa960c5e-f989-2880-784e-8efe538c5231" testName="BL.Tests.CheckPermissionsServiceTests.UnauthorizedHasNoAccessToAuthorizedFunctions(functionName: &quot;LogOutAsync&quot;)" computerName="DESKTOP-TJ9D65N" duration="00:00:00.0019832" startTime="2022-10-15T20:42:39.1626789+03:00" endTime="2022-10-15T20:42:39.1626790+03:00" testType="13cdc9d9-ddb5-4fa4-a97d-d965ccfc6d4b" outcome="Passed" testListId="8c84fa94-04c1-424b-9868-57a2d4851a1d" relativeResultsDirectory="8152193c-2b1c-4749-a7c5-482ac53b3b5c" />
    <UnitTestResult executionId="232f2722-d2df-475d-8963-319dd59a9079" testId="9c7df5e2-1b23-ebea-889f-b78ca86b60ab" testName="BL.Tests.CheckPermissionsServiceTests.AuthorizedHasNoAccessToAdminSkiPatrolFunctions(functionName: &quot;MarkMessageReadByUserAsync&quot;)" computerName="DESKTOP-TJ9D65N" duration="00:00:00.0012671" startTime="2022-10-15T20:42:39.1718486+03:00" endTime="2022-10-15T20:42:39.1718486+03:00" testType="13cdc9d9-ddb5-4fa4-a97d-d965ccfc6d4b" outcome="Passed" testListId="8c84fa94-04c1-424b-9868-57a2d4851a1d" relativeResultsDirectory="232f2722-d2df-475d-8963-319dd59a9079" />
    <UnitTestResult executionId="6501ef62-e86d-4fb8-b296-e36af25cfd76" testId="4bc7891f-01a8-4d4f-9af1-474b345ff3a3" testName="BL.Tests.SlopesServiceTest.TestAdminDeleteSlopeAsync(userID: 11, slope: Slope { SlopeID = 210, SlopeName = slopeName555f8e92-b834-4163-9a54-5d3995ef68a0, IsOpen = True, DifficultyLevel = 51, ConnectedLifts =  }, checkPermissionServiceMock: Mock&lt;ICheckPermissionService:9&gt;, slopesRepositoryStub: Mock&lt;ISlopesRepository:7&gt;, liftsSlopesRepositoryStub: Mock&lt;ILiftsSlopesRepository:12&gt;, sut: SlopesService { })" computerName="DESKTOP-TJ9D65N" duration="00:00:00.0113294" startTime="2022-10-15T20:42:39.1644862+03:00" endTime="2022-10-15T20:42:39.1644862+03:00" testType="13cdc9d9-ddb5-4fa4-a97d-d965ccfc6d4b" outcome="Passed" testListId="8c84fa94-04c1-424b-9868-57a2d4851a1d" relativeResultsDirectory="6501ef62-e86d-4fb8-b296-e36af25cfd76" />
    <UnitTestResult executionId="ba38151e-f981-43f0-8cb4-d61613759753" testId="834c739b-eca4-b36d-6a66-5a1bd75377b8" testName="BL.Tests.UsersServiceTests.TestAdminAddAutoIncrementUser" computerName="DESKTOP-TJ9D65N" duration="00:00:00.0069038" startTime="2022-10-15T20:42:39.1751370+03:00" endTime="2022-10-15T20:42:39.1751371+03:00" testType="13cdc9d9-ddb5-4fa4-a97d-d965ccfc6d4b" outcome="Passed" testListId="8c84fa94-04c1-424b-9868-57a2d4851a1d" relativeResultsDirectory="ba38151e-f981-43f0-8cb4-d61613759753" />
    <UnitTestResult executionId="5a21dcbf-068d-427d-8acc-dbc493fed8ab" testId="492c0393-35b4-df26-a537-21ca08302f3c" testName="BL.Tests.CheckPermissionsServiceTests.SkiPatrolHasNoAccessToAdminFunctions" computerName="DESKTOP-TJ9D65N" duration="00:00:00.0020201" startTime="2022-10-15T20:42:39.1914035+03:00" endTime="2022-10-15T20:42:39.1914036+03:00" testType="13cdc9d9-ddb5-4fa4-a97d-d965ccfc6d4b" outcome="Passed" testListId="8c84fa94-04c1-424b-9868-57a2d4851a1d" relativeResultsDirectory="5a21dcbf-068d-427d-8acc-dbc493fed8ab" />
    <UnitTestResult executionId="df92abe7-2dd9-422b-9c43-202808ca83cb" testId="e2d7e5be-3dae-33ae-fb17-c704b6fd58d6" testName="BL.Tests.CheckPermissionsServiceTests.UnauthorizedHasNoAccessToAdminFunctions" computerName="DESKTOP-TJ9D65N" duration="00:00:00.0023128" startTime="2022-10-15T20:42:39.1872728+03:00" endTime="2022-10-15T20:42:39.1872729+03:00" testType="13cdc9d9-ddb5-4fa4-a97d-d965ccfc6d4b" outcome="Passed" testListId="8c84fa94-04c1-424b-9868-57a2d4851a1d" relativeResultsDirectory="df92abe7-2dd9-422b-9c43-202808ca83cb" />
    <UnitTestResult executionId="73308430-3799-49a4-89c7-4d5f6477f750" testId="14055ffe-7caa-00eb-91d3-d65ee2a68149" testName="BL.Tests.TurnstilesServiceTest.TestAdminGetTurnstilesAsync(userID: 169, initialTurnstiles: [Turnstile { TurnstileID = 227, LiftID = 2, IsOpen = True }, Turnstile { TurnstileID = 110, LiftID = 179, IsOpen = False }, Turnstile { TurnstileID = 90, LiftID = 92, IsOpen = True }], checkPermissionServiceMock: Mock&lt;ICheckPermissionService:13&gt;, turnstilesRepositoryStub: Mock&lt;ITurnstilesRepository:7&gt;, sut: TurnstilesService { })" computerName="DESKTOP-TJ9D65N" duration="00:00:00.0069992" startTime="2022-10-15T20:42:39.1636216+03:00" endTime="2022-10-15T20:42:39.1636217+03:00" testType="13cdc9d9-ddb5-4fa4-a97d-d965ccfc6d4b" outcome="Passed" testListId="8c84fa94-04c1-424b-9868-57a2d4851a1d" relativeResultsDirectory="73308430-3799-49a4-89c7-4d5f6477f750" />
    <UnitTestResult executionId="8b26f916-48b8-4c0c-906d-d6b6b323cf96" testId="1ca07ad8-f799-c5d4-e7cc-34fd950198a2" testName="BL.Tests.UsersServiceTests.TestLogInOk" computerName="DESKTOP-TJ9D65N" duration="00:00:00.0036652" startTime="2022-10-15T20:42:39.1645441+03:00" endTime="2022-10-15T20:42:39.1645442+03:00" testType="13cdc9d9-ddb5-4fa4-a97d-d965ccfc6d4b" outcome="Passed" testListId="8c84fa94-04c1-424b-9868-57a2d4851a1d" relativeResultsDirectory="8b26f916-48b8-4c0c-906d-d6b6b323cf96" />
    <UnitTestResult executionId="c193eb00-9651-4a24-aa11-9d40b5b34fb1" testId="b6814d58-0358-bae8-b8b9-4795fb44dd8c" testName="BL.Tests.TurnstilesServiceTest.TestAdminDeleteTurnstileAsync(userID: 253, turnstile: Turnstile { TurnstileID = 94, LiftID = 86, IsOpen = True }, checkPermissionServiceMock: Mock&lt;ICheckPermissionService:15&gt;, turnstilesRepositoryStub: Mock&lt;ITurnstilesRepository:9&gt;, sut: TurnstilesService { })" computerName="DESKTOP-TJ9D65N" duration="00:00:00.0043108" startTime="2022-10-15T20:42:39.1627622+03:00" endTime="2022-10-15T20:42:39.1627622+03:00" testType="13cdc9d9-ddb5-4fa4-a97d-d965ccfc6d4b" outcome="Passed" testListId="8c84fa94-04c1-424b-9868-57a2d4851a1d" relativeResultsDirectory="c193eb00-9651-4a24-aa11-9d40b5b34fb1" />
    <UnitTestResult executionId="edddaecd-49dc-4a0d-8c09-3a9924adc02b" testId="d8605099-51c0-5f20-79a7-ae8be9aa61c6" testName="BL.Tests.SlopesServiceTest.TestGetSlopesInfoAsync(userID: 139, initialSlopes: [Slope { SlopeID = 84, SlopeName = slopeName1424a49e-8d55-493c-81bb-8938ebe28068, IsOpen = True, DifficultyLevel = 213, ConnectedLifts =  }, Slope { SlopeID = 170, SlopeName = slopeNameeac6eb68-07f6-46b8-98cc-4b1f6103f6cd, IsOpen = False, DifficultyLevel = 71, ConnectedLifts =  }, Slope { SlopeID = 83, SlopeName = slopeName4565768a-07e7-47fb-a5a4-e3578ffd4f0d, IsOpen = True, DifficultyLevel = 2, ConnectedLifts =  }], checkPermissionServiceMock: Mock&lt;ICheckPermissionService:7&gt;, slopesRepositoryStub: Mock&lt;ISlopesRepository:5&gt;, liftsSlopesRepositoryStub: Mock&lt;ILiftsSlopesRepository:10&gt;, sut: SlopesService { })" computerName="DESKTOP-TJ9D65N" duration="00:00:00.0117141" startTime="2022-10-15T20:42:39.1636475+03:00" endTime="2022-10-15T20:42:39.1636475+03:00" testType="13cdc9d9-ddb5-4fa4-a97d-d965ccfc6d4b" outcome="Passed" testListId="8c84fa94-04c1-424b-9868-57a2d4851a1d" relativeResultsDirectory="edddaecd-49dc-4a0d-8c09-3a9924adc02b" />
    <UnitTestResult executionId="cfec8d3c-2172-4654-a1f9-1e421c304b37" testId="f3efc418-a8a6-c7b7-9bac-90b33aa8472f" testName="BL.Tests.CheckPermissionsServiceTests.AdminHasAccessToAllFunctions" computerName="DESKTOP-TJ9D65N" duration="00:00:00.0017100" startTime="2022-10-15T20:42:39.1952806+03:00" endTime="2022-10-15T20:42:39.1952807+03:00" testType="13cdc9d9-ddb5-4fa4-a97d-d965ccfc6d4b" outcome="Passed" testListId="8c84fa94-04c1-424b-9868-57a2d4851a1d" relativeResultsDirectory="cfec8d3c-2172-4654-a1f9-1e421c304b37" />
    <UnitTestResult executionId="5a5a85ef-f74b-4972-959e-44e726038c7f" testId="4f297306-d4f3-8d63-e7f4-1ac0b8c58c74" testName="BL.Tests.CheckPermissionsServiceTests.AuthorizedHasNoAccessToAdminSkiPatrolFunctions(functionName: &quot;GetLiftsSlopesInfoAsync&quot;)" computerName="DESKTOP-TJ9D65N" duration="00:00:00.0009726" startTime="2022-10-15T20:42:39.1753656+03:00" endTime="2022-10-15T20:42:39.1753657+03:00" testType="13cdc9d9-ddb5-4fa4-a97d-d965ccfc6d4b" outcome="Passed" testListId="8c84fa94-04c1-424b-9868-57a2d4851a1d" relativeResultsDirectory="5a5a85ef-f74b-4972-959e-44e726038c7f" />
    <UnitTestResult executionId="c99050ea-08b1-449c-b3c0-7c1c8281af46" testId="644ec43e-70cd-c82d-42e7-0d990be1414d" testName="BL.Tests.CheckPermissionsServiceTests.AuthorizedHasAccessToAuthorizedFunctions(functionName: &quot;SendMessageAsync&quot;)" computerName="DESKTOP-TJ9D65N" duration="00:00:00.0016060" startTime="2022-10-15T20:42:39.1793310+03:00" endTime="2022-10-15T20:42:39.1793311+03:00" testType="13cdc9d9-ddb5-4fa4-a97d-d965ccfc6d4b" outcome="Passed" testListId="8c84fa94-04c1-424b-9868-57a2d4851a1d" relativeResultsDirectory="c99050ea-08b1-449c-b3c0-7c1c8281af46" />
    <UnitTestResult executionId="62d01874-0765-4fc2-b219-6f88d0a50f65" testId="69340bb6-3645-f9dd-971e-29d8b2a009bb" testName="BL.Tests.UsersServiceTests.TestLogInWithWrongPassword" computerName="DESKTOP-TJ9D65N" duration="00:00:00.0026915" startTime="2022-10-15T20:42:39.1657243+03:00" endTime="2022-10-15T20:42:39.1657244+03:00" testType="13cdc9d9-ddb5-4fa4-a97d-d965ccfc6d4b" outcome="Passed" testListId="8c84fa94-04c1-424b-9868-57a2d4851a1d" relativeResultsDirectory="62d01874-0765-4fc2-b219-6f88d0a50f65" />
    <UnitTestResult executionId="33ac101c-667f-4721-bec0-959040b0d1c6" testId="eaabd2fc-2f4b-5689-59c8-c7ad34a8f634" testName="BL.Tests.CheckPermissionsServiceTests.UnauthorizedHasNoAccessToAuthorizedFunctions(functionName: &quot;SendMessageAsync&quot;)" computerName="DESKTOP-TJ9D65N" duration="00:00:00.0025428" startTime="2022-10-15T20:42:39.1619121+03:00" endTime="2022-10-15T20:42:39.1619121+03:00" testType="13cdc9d9-ddb5-4fa4-a97d-d965ccfc6d4b" outcome="Passed" testListId="8c84fa94-04c1-424b-9868-57a2d4851a1d" relativeResultsDirectory="33ac101c-667f-4721-bec0-959040b0d1c6" />
    <UnitTestResult executionId="00316f66-156d-4d94-9c16-7af5c8efad47" testId="d742a5cc-6d01-ebb9-a0ee-106f9dae10c5" testName="BL.Tests.LiftsServiceTest.TestUpdateLiftInfoAsync(userID: 144, lift: Lift { LiftID = 164, LiftName = liftName81920d37-a074-4951-9eb6-178478db36c5, IsOpen = True, SeatsAmount = 64, LiftingTime = 115, QueueTime = 229, ConnectedSlopes =  }, checkPermissionServiceMock: Mock&lt;ICheckPermissionService:3&gt;, liftsRepositoryStub: Mock&lt;ILiftsRepository:3&gt;, sut: LiftsService { })" computerName="DESKTOP-TJ9D65N" duration="00:00:00.0066977" startTime="2022-10-15T20:42:39.1628140+03:00" endTime="2022-10-15T20:42:39.1628140+03:00" testType="13cdc9d9-ddb5-4fa4-a97d-d965ccfc6d4b" outcome="Passed" testListId="8c84fa94-04c1-424b-9868-57a2d4851a1d" relativeResultsDirectory="00316f66-156d-4d94-9c16-7af5c8efad47" />
    <UnitTestResult executionId="44391d8e-66ca-4605-84c9-374ee08fc7a7" testId="2602613f-c8e2-a6d9-fcf7-5b27d4a770a6" testName="BL.Tests.CheckPermissionsServiceTests.AuthorizedHasNoAccessToAdminSkiPatrolFunctions(functionName: &quot;GetMessagesAsync&quot;)" computerName="DESKTOP-TJ9D65N" duration="00:00:00.0031388" startTime="2022-10-15T20:42:39.1679902+03:00" endTime="2022-10-15T20:42:39.1679905+03:00" testType="13cdc9d9-ddb5-4fa4-a97d-d965ccfc6d4b" outcome="Passed" testListId="8c84fa94-04c1-424b-9868-57a2d4851a1d" relativeResultsDirectory="44391d8e-66ca-4605-84c9-374ee08fc7a7" />
    <UnitTestResult executionId="cd177568-3137-4b3a-9f9e-b3efbf2e0adb" testId="229812f5-9a73-5335-11f5-31330d1348a5" testName="BL.Tests.CheckPermissionsServiceTests.UnauthorizedHasNoAccessToAdminSkiPatrolFunctions(functionName: &quot;GetMessagesAsync&quot;)" computerName="DESKTOP-TJ9D65N" duration="00:00:00.0013936" startTime="2022-10-15T20:42:39.1603037+03:00" endTime="2022-10-15T20:42:39.1603038+03:00" testType="13cdc9d9-ddb5-4fa4-a97d-d965ccfc6d4b" outcome="Passed" testListId="8c84fa94-04c1-424b-9868-57a2d4851a1d" relativeResultsDirectory="cd177568-3137-4b3a-9f9e-b3efbf2e0adb" />
    <UnitTestResult executionId="c08a8fa0-f904-44a1-9f64-c37be0506872" testId="f1443a9d-46cc-e98e-3412-a7d556cdf92e" testName="BL.Tests.SlopesServiceTest.TestAdminAddSlopeAsync(userID: 186, slope: Slope { SlopeID = 170, SlopeName = slopeNameb83f3a28-56ee-4ce5-8307-a98eb762a202, IsOpen = True, DifficultyLevel = 57, ConnectedLifts =  }, checkPermissionServiceMock: Mock&lt;ICheckPermissionService:11&gt;, slopesRepositoryStub: Mock&lt;ISlopesRepository:9&gt;, sut: SlopesService { })" computerName="DESKTOP-TJ9D65N" duration="00:00:00.0246003" startTime="2022-10-15T20:42:39.0735750+03:00" endTime="2022-10-15T20:42:39.0735977+03:00" testType="13cdc9d9-ddb5-4fa4-a97d-d965ccfc6d4b" outcome="Passed" testListId="8c84fa94-04c1-424b-9868-57a2d4851a1d" relativeResultsDirectory="c08a8fa0-f904-44a1-9f64-c37be0506872" />
    <UnitTestResult executionId="0b4d75ea-3871-4ed2-8433-b9f66c29bc34" testId="8184bd30-991c-b78d-b4ec-99a485eac0dd" testName="BL.Tests.UsersServiceTests.TestRegisterUserWithNoEmail" computerName="DESKTOP-TJ9D65N" duration="00:00:00.0030307" startTime="2022-10-15T20:42:39.1602073+03:00" endTime="2022-10-15T20:42:39.1602073+03:00" testType="13cdc9d9-ddb5-4fa4-a97d-d965ccfc6d4b" outcome="Passed" testListId="8c84fa94-04c1-424b-9868-57a2d4851a1d" relativeResultsDirectory="0b4d75ea-3871-4ed2-8433-b9f66c29bc34" />
    <UnitTestResult executionId="14f9c705-c96f-429f-9f2b-6e7f3b18fe44" testId="894941c1-bfa7-d8f9-c047-1e1ceefe2c2f" testName="BL.Tests.UsersServiceTests.TestRegisterUserWithRepeatedEmail" computerName="DESKTOP-TJ9D65N" duration="00:00:00.0035838" startTime="2022-10-15T20:42:39.1619543+03:00" endTime="2022-10-15T20:42:39.1619544+03:00" testType="13cdc9d9-ddb5-4fa4-a97d-d965ccfc6d4b" outcome="Passed" testListId="8c84fa94-04c1-424b-9868-57a2d4851a1d" relativeResultsDirectory="14f9c705-c96f-429f-9f2b-6e7f3b18fe44" />
    <UnitTestResult executionId="88770235-b513-4a69-863c-95b16304f7e9" testId="2d706594-f2b3-b3c8-21d4-86c9798c3306" testName="BL.Tests.CheckPermissionsServiceTests.SkiPatrolHasAccessToAdminSkiPatrolFunctions(functionName: &quot;GetLiftsSlopesInfoAsync&quot;)" computerName="DESKTOP-TJ9D65N" duration="00:00:00.0048599" startTime="2022-10-15T20:42:39.1630860+03:00" endTime="2022-10-15T20:42:39.1630860+03:00" testType="13cdc9d9-ddb5-4fa4-a97d-d965ccfc6d4b" outcome="Passed" testListId="8c84fa94-04c1-424b-9868-57a2d4851a1d" relativeResultsDirectory="88770235-b513-4a69-863c-95b16304f7e9" />
    <UnitTestResult executionId="fa2a257c-780f-4f44-9e00-39c764d712f0" testId="72371564-8f23-8d9e-5caa-2a5073a8cbbf" testName="BL.Tests.LiftsServiceTest.TestGetLiftInfoAsync(userID: 9, lift: Lift { LiftID = 147, LiftName = liftName64eaaae8-5b13-4af0-be6d-3e3f3c26e83b, IsOpen = True, SeatsAmount = 215, LiftingTime = 212, QueueTime = 103, ConnectedSlopes =  }, checkPermissionServiceMock: Mock&lt;ICheckPermissionService:1&gt;, liftsRepositoryStub: Mock&lt;ILiftsRepository:1&gt;, liftsSlopesRepositoryStub: Mock&lt;ILiftsSlopesRepository:1&gt;, sut: LiftsService { })" computerName="DESKTOP-TJ9D65N" duration="00:00:00.0065416" startTime="2022-10-15T20:42:39.1636709+03:00" endTime="2022-10-15T20:42:39.1636710+03:00" testType="13cdc9d9-ddb5-4fa4-a97d-d965ccfc6d4b" outcome="Passed" testListId="8c84fa94-04c1-424b-9868-57a2d4851a1d" relativeResultsDirectory="fa2a257c-780f-4f44-9e00-39c764d712f0" />
    <UnitTestResult executionId="5a29aa3a-04b5-49e7-ab9f-1e3a7b4a9139" testId="6b3e0550-c5c3-9035-6443-a8debc594fec" testName="BL.Tests.LiftsSlopesServiceTests.TestAdminDeleteLiftSlopeAsync(lift: Lift { LiftID = 242, LiftName = liftName14a42a97-de25-4815-aeb8-20311dcdf07b, IsOpen = True, SeatsAmount = 134, LiftingTime = 122, QueueTime = 15, ConnectedSlopes =  }, slope: Slope { SlopeID = 252, SlopeName = slopeNameac59335b-8032-4540-96c0-f0dd35e10022, IsOpen = False, DifficultyLevel = 73, ConnectedLifts =  }, slopesRepositoryStub: Mock&lt;ISlopesRepository:2&gt;, liftsRepositoryStub: Mock&lt;ILiftsRepository:7&gt;, liftsSlopesRepositoryStub: Mock&lt;ILiftsSlopesRepository:7&gt;)" computerName="DESKTOP-TJ9D65N" duration="00:00:00.0244323" startTime="2022-10-15T20:42:39.0769949+03:00" endTime="2022-10-15T20:42:39.0769950+03:00" testType="13cdc9d9-ddb5-4fa4-a97d-d965ccfc6d4b" outcome="Passed" testListId="8c84fa94-04c1-424b-9868-57a2d4851a1d" relativeResultsDirectory="5a29aa3a-04b5-49e7-ab9f-1e3a7b4a9139" />
    <UnitTestResult executionId="ab6383a7-0c8b-4bfb-a717-93695f6b2269" testId="ad2b2d3c-bde9-2573-ca21-a4a3d413b0b9" testName="BL.Tests.TurnstilesServiceTest.TestAdminAddAutoIncrementTurnstileAsync(userID: 132, turnstile: Turnstile { TurnstileID = 30, LiftID = 103, IsOpen = True }, checkPermissionServiceMock: Mock&lt;ICheckPermissionService:16&gt;, turnstilesRepositoryStub: Mock&lt;ITurnstilesRepository:10&gt;, sut: TurnstilesService { })" computerName="DESKTOP-TJ9D65N" duration="00:00:00.0153879" startTime="2022-10-15T20:42:39.1618527+03:00" endTime="2022-10-15T20:42:39.1618528+03:00" testType="13cdc9d9-ddb5-4fa4-a97d-d965ccfc6d4b" outcome="Passed" testListId="8c84fa94-04c1-424b-9868-57a2d4851a1d" relativeResultsDirectory="ab6383a7-0c8b-4bfb-a717-93695f6b2269" />
    <UnitTestResult executionId="cd4c0621-84d2-4c72-809f-ef5d46ad3079" testId="b7bb6222-e6b7-aa98-3a13-bc3602f9cc0d" testName="BL.Tests.TurnstilesServiceTest.TestAdminGetTurnstileAsync(userID: 156, turnstile: Turnstile { TurnstileID = 147, LiftID = 31, IsOpen = True }, checkPermissionServiceMock: Mock&lt;ICheckPermissionService:12&gt;, turnstilesRepositoryStub: Mock&lt;ITurnstilesRepository:6&gt;, sut: TurnstilesService { })" computerName="DESKTOP-TJ9D65N" duration="00:00:00.0267681" startTime="2022-10-15T20:42:39.0770684+03:00" endTime="2022-10-15T20:42:39.0770684+03:00" testType="13cdc9d9-ddb5-4fa4-a97d-d965ccfc6d4b" outcome="Passed" testListId="8c84fa94-04c1-424b-9868-57a2d4851a1d" relativeResultsDirectory="cd4c0621-84d2-4c72-809f-ef5d46ad3079" />
    <UnitTestResult executionId="50e10ce9-c872-4c0d-b328-01f6e179d7c9" testId="e5497347-2721-b7a6-0bd4-69a9921f6947" testName="BL.Tests.UsersServiceTests.TestAdminGetUserByIDAsync" computerName="DESKTOP-TJ9D65N" duration="00:00:00.0029374" startTime="2022-10-15T20:42:39.1806676+03:00" endTime="2022-10-15T20:42:39.1806677+03:00" testType="13cdc9d9-ddb5-4fa4-a97d-d965ccfc6d4b" outcome="Passed" testListId="8c84fa94-04c1-424b-9868-57a2d4851a1d" relativeResultsDirectory="50e10ce9-c872-4c0d-b328-01f6e179d7c9" />
    <UnitTestResult executionId="9693baf6-8d5e-4218-966b-1eb3e4b6e7ef" testId="77b0fdc5-733c-e2df-b175-435e6b7031c9" testName="BL.Tests.LiftsServiceTest.TestGetLiftsInfoAsync(userID: 209, initialLifts: [Lift { LiftID = 205, LiftName = liftNamefe3c9ab4-0b12-4831-b489-2c34d2fefedc, IsOpen = True, SeatsAmount = 23, LiftingTime = 206, QueueTime = 34, ConnectedSlopes =  }, Lift { LiftID = 232, LiftName = liftName0fb55690-4ac5-4d10-b288-c8021cd5d11c, IsOpen = False, SeatsAmount = 119, LiftingTime = 21, QueueTime = 117, ConnectedSlopes =  }, Lift { LiftID = 191, LiftName = liftName56b28fa7-1656-41b1-a5eb-373f9eb30f67, IsOpen = True, SeatsAmount = 142, LiftingTime = 92, QueueTime = 73, ConnectedSlopes =  }], checkPermissionServiceMock: Mock&lt;ICheckPermissionService:2&gt;, liftsRepositoryStub: Mock&lt;ILiftsRepository:2&gt;, liftsSlopesRepositoryStub: Mock&lt;ILiftsSlopesRepository:2&gt;, sut: LiftsService { })" computerName="DESKTOP-TJ9D65N" duration="00:00:00.0157520" startTime="2022-10-15T20:42:39.1646596+03:00" endTime="2022-10-15T20:42:39.1646597+03:00" testType="13cdc9d9-ddb5-4fa4-a97d-d965ccfc6d4b" outcome="Passed" testListId="8c84fa94-04c1-424b-9868-57a2d4851a1d" relativeResultsDirectory="9693baf6-8d5e-4218-966b-1eb3e4b6e7ef" />
    <UnitTestResult executionId="5004a554-6f0d-4bf4-9b24-e37dd6c1f34b" testId="0eeef75f-6e38-7893-a8fe-cff3e0a970a7" testName="BL.Tests.UsersServiceTests.TestRegisterOk" computerName="DESKTOP-TJ9D65N" duration="00:00:00.0083237" startTime="2022-10-15T20:42:39.1637788+03:00" endTime="2022-10-15T20:42:39.1637788+03:00" testType="13cdc9d9-ddb5-4fa4-a97d-d965ccfc6d4b" outcome="Passed" testListId="8c84fa94-04c1-424b-9868-57a2d4851a1d" relativeResultsDirectory="5004a554-6f0d-4bf4-9b24-e37dd6c1f34b" />
    <UnitTestResult executionId="efca13e5-f524-424f-9e7a-101754276b65" testId="20ad8570-0170-85de-dcd7-2f109dd7bcd6" testName="BL.Tests.UsersServiceTests.TestAdminGetUsers" computerName="DESKTOP-TJ9D65N" duration="00:00:00.0312025" startTime="2022-10-15T20:42:39.0771265+03:00" endTime="2022-10-15T20:42:39.0771266+03:00" testType="13cdc9d9-ddb5-4fa4-a97d-d965ccfc6d4b" outcome="Passed" testListId="8c84fa94-04c1-424b-9868-57a2d4851a1d" relativeResultsDirectory="efca13e5-f524-424f-9e7a-101754276b65" />
    <UnitTestResult executionId="9f446cdc-ec10-4263-a05d-4d9c3494401b" testId="db186423-9568-ede6-04b6-7ef1156c3c81" testName="BL.Tests.SlopesServiceTest.TestGetSlopeInfoAsync(userID: 235, slope: Slope { SlopeID = 161, SlopeName = slopeNamef770128b-a0e9-4ed1-99eb-837264d5f008, IsOpen = True, DifficultyLevel = 89, ConnectedLifts =  }, checkPermissionServiceMock: Mock&lt;ICheckPermissionService:6&gt;, slopesRepositoryStub: Mock&lt;ISlopesRepository:4&gt;, liftsSlopesRepositoryStub: Mock&lt;ILiftsSlopesRepository:9&gt;, sut: SlopesService { })" computerName="DESKTOP-TJ9D65N" duration="00:00:00.0107829" startTime="2022-10-15T20:42:39.1603369+03:00" endTime="2022-10-15T20:42:39.1603370+03:00" testType="13cdc9d9-ddb5-4fa4-a97d-d965ccfc6d4b" outcome="Passed" testListId="8c84fa94-04c1-424b-9868-57a2d4851a1d" relativeResultsDirectory="9f446cdc-ec10-4263-a05d-4d9c3494401b" />
    <UnitTestResult executionId="759200de-3e42-4937-bdfe-ddc7c6e362f2" testId="094aa402-cba2-10f9-3cf8-1ef2e8178589" testName="BL.Tests.LiftsServiceTest.TestAdminDeleteLiftAsync(userID: 15, lift: Lift { LiftID = 46, LiftName = liftNameb0616dde-bb0d-4963-b730-0b5f7fc25529, IsOpen = True, SeatsAmount = 40, LiftingTime = 4, QueueTime = 95, ConnectedSlopes =  }, checkPermissionServiceMock: Mock&lt;ICheckPermissionService:4&gt;, liftsRepositoryStub: Mock&lt;ILiftsRepository:4&gt;, liftsSlopesRepositoryStub: Mock&lt;ILiftsSlopesRepository:4&gt;, sut: LiftsService { })" computerName="DESKTOP-TJ9D65N" duration="00:00:00.0551880" startTime="2022-10-15T20:42:39.1006689+03:00" endTime="2022-10-15T20:42:39.1006692+03:00" testType="13cdc9d9-ddb5-4fa4-a97d-d965ccfc6d4b" outcome="Passed" testListId="8c84fa94-04c1-424b-9868-57a2d4851a1d" relativeResultsDirectory="759200de-3e42-4937-bdfe-ddc7c6e362f2" />
    <UnitTestResult executionId="f0d62902-ee99-4a0e-bac7-c765f715588d" testId="aa28a6b3-21d3-aa45-24d3-bef2facbc899" testName="BL.Tests.CheckPermissionsServiceTests.AuthorizedHasAccessToAuthorizedFunctions(functionName: &quot;LogOutAsync&quot;)" computerName="DESKTOP-TJ9D65N" duration="00:00:00.0011204" startTime="2022-10-15T20:42:39.1829536+03:00" endTime="2022-10-15T20:42:39.1829536+03:00" testType="13cdc9d9-ddb5-4fa4-a97d-d965ccfc6d4b" outcome="Passed" testListId="8c84fa94-04c1-424b-9868-57a2d4851a1d" relativeResultsDirectory="f0d62902-ee99-4a0e-bac7-c765f715588d" />
    <UnitTestResult executionId="9b3e0ee0-6eec-4503-a003-4475ef6fbfb2" testId="5673f0c7-7e66-564e-96ee-7592f59efb48" testName="BL.Tests.LiftsSlopesServiceTests.TestAdminAddAutoIncrementLiftSlopeAsync(lift: Lift { LiftID = 40, LiftName = liftName1f2f8773-ebce-4b24-92d0-b517c577e6df, IsOpen = True, SeatsAmount = 175, LiftingTime = 255, QueueTime = 59, ConnectedSlopes =  }, slope: Slope { SlopeID = 4, SlopeName = slopeName78777de9-a05c-4cd6-8828-be4103fbfaa3, IsOpen = False, DifficultyLevel = 31, ConnectedLifts =  }, slopesRepositoryStub: Mock&lt;ISlopesRepository:3&gt;, liftsRepositoryStub: Mock&lt;ILiftsRepository:8&gt;, liftsSlopesRepositoryStub: Mock&lt;ILiftsSlopesRepository:8&gt;)" computerName="DESKTOP-TJ9D65N" duration="00:00:00.0113481" startTime="2022-10-15T20:42:39.1603922+03:00" endTime="2022-10-15T20:42:39.1603923+03:00" testType="13cdc9d9-ddb5-4fa4-a97d-d965ccfc6d4b" outcome="Passed" testListId="8c84fa94-04c1-424b-9868-57a2d4851a1d" relativeResultsDirectory="9b3e0ee0-6eec-4503-a003-4475ef6fbfb2" />
    <UnitTestResult executionId="5de64c4f-cfed-42ef-979f-fb07c10911e1" testId="c36970dc-93f7-753e-fa47-157133b01644" testName="BL.Tests.CheckPermissionsServiceTests.SkiPatrolHasAccessToAdminSkiPatrolFunctions(functionName: &quot;GetMessagesAsync&quot;)" computerName="DESKTOP-TJ9D65N" duration="00:00:00.0014325" startTime="2022-10-15T20:42:39.1638186+03:00" endTime="2022-10-15T20:42:39.1638186+03:00" testType="13cdc9d9-ddb5-4fa4-a97d-d965ccfc6d4b" outcome="Passed" testListId="8c84fa94-04c1-424b-9868-57a2d4851a1d" relativeResultsDirectory="5de64c4f-cfed-42ef-979f-fb07c10911e1" />
    <UnitTestResult executionId="6f9f635f-e509-4ccc-a595-f73e2b5eb57b" testId="18fa8c62-e27d-e1fc-8182-4d7db62b008d" testName="BL.Tests.UsersServiceTests.TestAdminDeleteUser" computerName="DESKTOP-TJ9D65N" duration="00:00:00.0025228" startTime="2022-10-15T20:42:39.1855628+03:00" endTime="2022-10-15T20:42:39.1855629+03:00" testType="13cdc9d9-ddb5-4fa4-a97d-d965ccfc6d4b" outcome="Passed" testListId="8c84fa94-04c1-424b-9868-57a2d4851a1d" relativeResultsDirectory="6f9f635f-e509-4ccc-a595-f73e2b5eb57b" />
    <UnitTestResult executionId="998f7c52-5b93-4098-a5f2-06e5d22fb44b" testId="85cd3b38-ba95-a479-1f40-3df4cf086b0c" testName="BL.Tests.SlopesServiceTest.TestUpdateSlopeInfoAsync(userID: 104, slope: Slope { SlopeID = 125, SlopeName = slopeName43826c9a-5b1d-43e8-b80c-9568409cf79c, IsOpen = True, DifficultyLevel = 61, ConnectedLifts =  }, checkPermissionServiceMock: Mock&lt;ICheckPermissionService:8&gt;, slopesRepositoryStub: Mock&lt;ISlopesRepository:6&gt;, sut: SlopesService { })" computerName="DESKTOP-TJ9D65N" duration="00:00:00.0062175" startTime="2022-10-15T20:42:39.1620354+03:00" endTime="2022-10-15T20:42:39.1620354+03:00" testType="13cdc9d9-ddb5-4fa4-a97d-d965ccfc6d4b" outcome="Passed" testListId="8c84fa94-04c1-424b-9868-57a2d4851a1d" relativeResultsDirectory="998f7c52-5b93-4098-a5f2-06e5d22fb44b" />
    <UnitTestResult executionId="bc395b56-b541-4418-bf80-146f5ba55360" testId="a2e59116-cb53-1d70-9cb8-21c286516866" testName="BL.Tests.CheckPermissionsServiceTests.AuthorizedHasNoAccessToAdminFunctions" computerName="DESKTOP-TJ9D65N" duration="00:00:00.0033815" startTime="2022-10-15T20:42:39.1646250+03:00" endTime="2022-10-15T20:42:39.1646251+03:00" testType="13cdc9d9-ddb5-4fa4-a97d-d965ccfc6d4b" outcome="Passed" testListId="8c84fa94-04c1-424b-9868-57a2d4851a1d" relativeResultsDirectory="bc395b56-b541-4418-bf80-146f5ba55360" />
    <UnitTestResult executionId="c1dff920-18ad-423e-a9e3-7a4f4c5b3bea" testId="070fe6f8-7712-8bf6-f7cd-bf05014fb872" testName="BL.Tests.SlopesServiceTest.TestAdminAddAutoIncrementSlopeAsync(userID: 117, slope: Slope { SlopeID = 46, SlopeName = slopeNamef0bf5c95-a19b-4988-a7ae-d2907d3896fb, IsOpen = True, DifficultyLevel = 214, ConnectedLifts =  }, checkPermissionServiceMock: Mock&lt;ICheckPermissionService:10&gt;, slopesRepositoryStub: Mock&lt;ISlopesRepository:8&gt;, sut: SlopesService { })" computerName="DESKTOP-TJ9D65N" duration="00:00:00.0083476" startTime="2022-10-15T20:42:39.1700919+03:00" endTime="2022-10-15T20:42:39.1700921+03:00" testType="13cdc9d9-ddb5-4fa4-a97d-d965ccfc6d4b" outcome="Passed" testListId="8c84fa94-04c1-424b-9868-57a2d4851a1d" relativeResultsDirectory="c1dff920-18ad-423e-a9e3-7a4f4c5b3bea" />
    <UnitTestResult executionId="ab522204-6368-49dc-a2e7-779a0aaadcb5" testId="9cad80a7-3b86-20ae-ecce-ede934c5a2c9" testName="BL.Tests.TurnstilesServiceTest.TestAdminUpdateTurnstileAsync(userID: 5, turnstile: Turnstile { TurnstileID = 127, LiftID = 230, IsOpen = True }, checkPermissionServiceMock: Mock&lt;ICheckPermissionService:14&gt;, turnstilesRepositoryStub: Mock&lt;ITurnstilesRepository:8&gt;, sut: TurnstilesService { })" computerName="DESKTOP-TJ9D65N" duration="00:00:00.0111574" startTime="2022-10-15T20:42:39.1644496+03:00" endTime="2022-10-15T20:42:39.1644498+03:00" testType="13cdc9d9-ddb5-4fa4-a97d-d965ccfc6d4b" outcome="Passed" testListId="8c84fa94-04c1-424b-9868-57a2d4851a1d" relativeResultsDirectory="ab522204-6368-49dc-a2e7-779a0aaadcb5" />
    <UnitTestResult executionId="9ebad717-7703-45ec-9e84-26f57b5c11dd" testId="387c9729-48c1-486e-5e67-f5d11a9f0db8" testName="BL.Tests.CheckPermissionsServiceTests.UnauthorizedHasNoAccessToAdminSkiPatrolFunctions(functionName: &quot;GetLiftsSlopesInfoAsync&quot;)" computerName="DESKTOP-TJ9D65N" duration="00:00:00.0011516" startTime="2022-10-15T20:42:39.1598643+03:00" endTime="2022-10-15T20:42:39.1598644+03:00" testType="13cdc9d9-ddb5-4fa4-a97d-d965ccfc6d4b" outcome="Passed" testListId="8c84fa94-04c1-424b-9868-57a2d4851a1d" relativeResultsDirectory="9ebad717-7703-45ec-9e84-26f57b5c11dd" />
    <UnitTestResult executionId="0881e675-876c-45fd-861a-c1953fb911bd" testId="60bd668f-04df-da5e-b79b-5d9aedb5234d" testName="BL.Tests.CheckPermissionsServiceTests.SkiPatrolHasAccessToAdminSkiPatrolFunctions(functionName: &quot;MarkMessageReadByUserAsync&quot;)" computerName="DESKTOP-TJ9D65N" duration="00:00:00.0011173" startTime="2022-10-15T20:42:39.1636918+03:00" endTime="2022-10-15T20:42:39.1636919+03:00" testType="13cdc9d9-ddb5-4fa4-a97d-d965ccfc6d4b" outcome="Passed" testListId="8c84fa94-04c1-424b-9868-57a2d4851a1d" relativeResultsDirectory="0881e675-876c-45fd-861a-c1953fb911bd" />
    <UnitTestResult executionId="70af414e-8f1d-45be-a67c-edf3bb01c99e" testId="39be9b5e-0bc4-57dc-37d3-aec6b520299d" testName="BL.Tests.LiftsSlopesServiceTests.TestGetLiftsSlopesInfoAsync(liftsSlopes: [LiftSlope { RecordID = 95, LiftID = 116, SlopeID = 123 }, LiftSlope { RecordID = 193, LiftID = 14, SlopeID = 127 }, LiftSlope { RecordID = 202, LiftID = 176, SlopeID = 245 }], slopesRepositoryStub: Mock&lt;ISlopesRepository:1&gt;, liftsRepositoryStub: Mock&lt;ILiftsRepository:6&gt;, liftsSlopesRepositoryStub: Mock&lt;ILiftsSlopesRepository:6&gt;)" computerName="DESKTOP-TJ9D65N" duration="00:00:00.0034871" startTime="2022-10-15T20:42:39.1619341+03:00" endTime="2022-10-15T20:42:39.1619342+03:00" testType="13cdc9d9-ddb5-4fa4-a97d-d965ccfc6d4b" outcome="Passed" testListId="8c84fa94-04c1-424b-9868-57a2d4851a1d" relativeResultsDirectory="70af414e-8f1d-45be-a67c-edf3bb01c99e" />
    <UnitTestResult executionId="ac502748-598b-4468-9d7f-3aa3b4acb6eb" testId="a19a5fcf-c5d2-7d44-5d7d-84403042f4e0" testName="BL.Tests.CheckPermissionsServiceTests.UnauthorizedHasNoAccessToAdminSkiPatrolFunctions(functionName: &quot;MarkMessageReadByUserAsync&quot;)" computerName="DESKTOP-TJ9D65N" duration="00:00:00.0243381" startTime="2022-10-15T20:42:39.0770507+03:00" endTime="2022-10-15T20:42:39.0770507+03:00" testType="13cdc9d9-ddb5-4fa4-a97d-d965ccfc6d4b" outcome="Passed" testListId="8c84fa94-04c1-424b-9868-57a2d4851a1d" relativeResultsDirectory="ac502748-598b-4468-9d7f-3aa3b4acb6eb" />
    <UnitTestResult executionId="76f467a4-4028-4cc1-a179-2000a020ebff" testId="f44a1b21-8efc-bfac-63b4-d534442def31" testName="BL.Tests.UsersServiceTests.TestRegisterUserWithNoPassword" computerName="DESKTOP-TJ9D65N" duration="00:00:00.0014510" startTime="2022-10-15T20:42:39.1603655+03:00" endTime="2022-10-15T20:42:39.1603657+03:00" testType="13cdc9d9-ddb5-4fa4-a97d-d965ccfc6d4b" outcome="Passed" testListId="8c84fa94-04c1-424b-9868-57a2d4851a1d" relativeResultsDirectory="76f467a4-4028-4cc1-a179-2000a020ebff" />
  </Results>
  <TestDefinitions>
    <UnitTest name="BL.Tests.CheckPermissionsServiceTests.AuthorizedHasNoAccessToAdminSkiPatrolFunctions(functionName: &quot;MarkMessageReadByUserAsync&quot;)" storage="c:\users\alena\desktop\7_sem\testing_and_debugging\skiresort\bl.tests\bin\debug\net6.0\bl.tests.dll" id="9c7df5e2-1b23-ebea-889f-b78ca86b60ab">
      <Execution id="232f2722-d2df-475d-8963-319dd59a9079" />
      <TestMethod codeBase="C:\Users\alena\Desktop\7_sem\testing_and_debugging\SkiResort\BL.Tests\bin\Debug\net6.0\BL.Tests.dll" adapterTypeName="executor://xunit/VsTestRunner2/netcoreapp" className="BL.Tests.CheckPermissionsServiceTests" name="AuthorizedHasNoAccessToAdminSkiPatrolFunctions" />
    </UnitTest>
    <UnitTest name="BL.Tests.CheckPermissionsServiceTests.UnauthorizedHasNoAccessToAdminSkiPatrolFunctions(functionName: &quot;MarkMessageReadByUserAsync&quot;)" storage="c:\users\alena\desktop\7_sem\testing_and_debugging\skiresort\bl.tests\bin\debug\net6.0\bl.tests.dll" id="a19a5fcf-c5d2-7d44-5d7d-84403042f4e0">
      <Execution id="ac502748-598b-4468-9d7f-3aa3b4acb6eb" />
      <TestMethod codeBase="C:\Users\alena\Desktop\7_sem\testing_and_debugging\SkiResort\BL.Tests\bin\Debug\net6.0\BL.Tests.dll" adapterTypeName="executor://xunit/VsTestRunner2/netcoreapp" className="BL.Tests.CheckPermissionsServiceTests" name="UnauthorizedHasNoAccessToAdminSkiPatrolFunctions" />
    </UnitTest>
    <UnitTest name="BL.Tests.SlopesServiceTest.TestGetSlopesInfoAsync(userID: 139, initialSlopes: [Slope { SlopeID = 84, SlopeName = slopeName1424a49e-8d55-493c-81bb-8938ebe28068, IsOpen = True, DifficultyLevel = 213, ConnectedLifts =  }, Slope { SlopeID = 170, SlopeName = slopeNameeac6eb68-07f6-46b8-98cc-4b1f6103f6cd, IsOpen = False, DifficultyLevel = 71, ConnectedLifts =  }, Slope { SlopeID = 83, SlopeName = slopeName4565768a-07e7-47fb-a5a4-e3578ffd4f0d, IsO..." storage="c:\users\alena\desktop\7_sem\testing_and_debugging\skiresort\bl.tests\bin\debug\net6.0\bl.tests.dll" id="d8605099-51c0-5f20-79a7-ae8be9aa61c6">
      <Execution id="edddaecd-49dc-4a0d-8c09-3a9924adc02b" />
      <TestMethod codeBase="C:\Users\alena\Desktop\7_sem\testing_and_debugging\SkiResort\BL.Tests\bin\Debug\net6.0\BL.Tests.dll" adapterTypeName="executor://xunit/VsTestRunner2/netcoreapp" className="BL.Tests.SlopesServiceTest" name="TestGetSlopesInfoAsync" />
    </UnitTest>
    <UnitTest name="BL.Tests.LiftsServiceTest.TestUpdateLiftInfoAsync(userID: 144, lift: Lift { LiftID = 164, LiftName = liftName81920d37-a074-4951-9eb6-178478db36c5, IsOpen = True, SeatsAmount = 64, LiftingTime = 115, QueueTime = 229, ConnectedSlopes =  }, checkPermissionServiceMock: Mock&lt;ICheckPermissionService:3&gt;, liftsRepositoryStub: Mock&lt;ILiftsRepository:3&gt;, sut: LiftsService { })" storage="c:\users\alena\desktop\7_sem\testing_and_debugging\skiresort\bl.tests\bin\debug\net6.0\bl.tests.dll" id="d742a5cc-6d01-ebb9-a0ee-106f9dae10c5">
      <Execution id="00316f66-156d-4d94-9c16-7af5c8efad47" />
      <TestMethod codeBase="C:\Users\alena\Desktop\7_sem\testing_and_debugging\SkiResort\BL.Tests\bin\Debug\net6.0\BL.Tests.dll" adapterTypeName="executor://xunit/VsTestRunner2/netcoreapp" className="BL.Tests.LiftsServiceTest" name="TestUpdateLiftInfoAsync" />
    </UnitTest>
    <UnitTest name="BL.Tests.CheckPermissionsServiceTests.AuthorizedHasNoAccessToAdminFunctions" storage="c:\users\alena\desktop\7_sem\testing_and_debugging\skiresort\bl.tests\bin\debug\net6.0\bl.tests.dll" id="a2e59116-cb53-1d70-9cb8-21c286516866">
      <Execution id="bc395b56-b541-4418-bf80-146f5ba55360" />
      <TestMethod codeBase="C:\Users\alena\Desktop\7_sem\testing_and_debugging\SkiResort\BL.Tests\bin\Debug\net6.0\BL.Tests.dll" adapterTypeName="executor://xunit/VsTestRunner2/netcoreapp" className="BL.Tests.CheckPermissionsServiceTests" name="AuthorizedHasNoAccessToAdminFunctions" />
    </UnitTest>
    <UnitTest name="BL.Tests.CheckPermissionsServiceTests.SkiPatrolHasAccessToAdminSkiPatrolFunctions(functionName: &quot;GetMessagesAsync&quot;)" storage="c:\users\alena\desktop\7_sem\testing_and_debugging\skiresort\bl.tests\bin\debug\net6.0\bl.tests.dll" id="c36970dc-93f7-753e-fa47-157133b01644">
      <Execution id="5de64c4f-cfed-42ef-979f-fb07c10911e1" />
      <TestMethod codeBase="C:\Users\alena\Desktop\7_sem\testing_and_debugging\SkiResort\BL.Tests\bin\Debug\net6.0\BL.Tests.dll" adapterTypeName="executor://xunit/VsTestRunner2/netcoreapp" className="BL.Tests.CheckPermissionsServiceTests" name="SkiPatrolHasAccessToAdminSkiPatrolFunctions" />
    </UnitTest>
    <UnitTest name="BL.Tests.CheckPermissionsServiceTests.AuthorizedHasNoAccessToAdminSkiPatrolFunctions(functionName: &quot;GetMessagesAsync&quot;)" storage="c:\users\alena\desktop\7_sem\testing_and_debugging\skiresort\bl.tests\bin\debug\net6.0\bl.tests.dll" id="2602613f-c8e2-a6d9-fcf7-5b27d4a770a6">
      <Execution id="44391d8e-66ca-4605-84c9-374ee08fc7a7" />
      <TestMethod codeBase="C:\Users\alena\Desktop\7_sem\testing_and_debugging\SkiResort\BL.Tests\bin\Debug\net6.0\BL.Tests.dll" adapterTypeName="executor://xunit/VsTestRunner2/netcoreapp" className="BL.Tests.CheckPermissionsServiceTests" name="AuthorizedHasNoAccessToAdminSkiPatrolFunctions" />
    </UnitTest>
    <UnitTest name="BL.Tests.CheckPermissionsServiceTests.AdminHasAccessToAllFunctions" storage="c:\users\alena\desktop\7_sem\testing_and_debugging\skiresort\bl.tests\bin\debug\net6.0\bl.tests.dll" id="f3efc418-a8a6-c7b7-9bac-90b33aa8472f">
      <Execution id="cfec8d3c-2172-4654-a1f9-1e421c304b37" />
      <TestMethod codeBase="C:\Users\alena\Desktop\7_sem\testing_and_debugging\SkiResort\BL.Tests\bin\Debug\net6.0\BL.Tests.dll" adapterTypeName="executor://xunit/VsTestRunner2/netcoreapp" className="BL.Tests.CheckPermissionsServiceTests" name="AdminHasAccessToAllFunctions" />
    </UnitTest>
    <UnitTest name="BL.Tests.UsersServiceTests.TestRegisterUserWithNoPassword" storage="c:\users\alena\desktop\7_sem\testing_and_debugging\skiresort\bl.tests\bin\debug\net6.0\bl.tests.dll" id="f44a1b21-8efc-bfac-63b4-d534442def31">
      <Execution id="76f467a4-4028-4cc1-a179-2000a020ebff" />
      <TestMethod codeBase="C:\Users\alena\Desktop\7_sem\testing_and_debugging\SkiResort\BL.Tests\bin\Debug\net6.0\BL.Tests.dll" adapterTypeName="executor://xunit/VsTestRunner2/netcoreapp" className="BL.Tests.UsersServiceTests" name="TestRegisterUserWithNoPassword" />
    </UnitTest>
    <UnitTest name="BL.Tests.UsersServiceTests.TestAdminGetUserByIDAsync" storage="c:\users\alena\desktop\7_sem\testing_and_debugging\skiresort\bl.tests\bin\debug\net6.0\bl.tests.dll" id="e5497347-2721-b7a6-0bd4-69a9921f6947">
      <Execution id="50e10ce9-c872-4c0d-b328-01f6e179d7c9" />
      <TestMethod codeBase="C:\Users\alena\Desktop\7_sem\testing_and_debugging\SkiResort\BL.Tests\bin\Debug\net6.0\BL.Tests.dll" adapterTypeName="executor://xunit/VsTestRunner2/netcoreapp" className="BL.Tests.UsersServiceTests" name="TestAdminGetUserByIDAsync" />
    </UnitTest>
    <UnitTest name="BL.Tests.LiftsSlopesServiceTests.TestAdminAddAutoIncrementLiftSlopeAsync(lift: Lift { LiftID = 40, LiftName = liftName1f2f8773-ebce-4b24-92d0-b517c577e6df, IsOpen = True, SeatsAmount = 175, LiftingTime = 255, QueueTime = 59, ConnectedSlopes =  }, slope: Slope { SlopeID = 4, SlopeName = slopeName78777de9-a05c-4cd6-8828-be4103fbfaa3, IsOpen = False, DifficultyLevel = 31, ConnectedLifts =  }, slopesRepositoryStub: Mock&lt;ISlopesRepository:3&gt;, li..." storage="c:\users\alena\desktop\7_sem\testing_and_debugging\skiresort\bl.tests\bin\debug\net6.0\bl.tests.dll" id="5673f0c7-7e66-564e-96ee-7592f59efb48">
      <Execution id="9b3e0ee0-6eec-4503-a003-4475ef6fbfb2" />
      <TestMethod codeBase="C:\Users\alena\Desktop\7_sem\testing_and_debugging\SkiResort\BL.Tests\bin\Debug\net6.0\BL.Tests.dll" adapterTypeName="executor://xunit/VsTestRunner2/netcoreapp" className="BL.Tests.LiftsSlopesServiceTests" name="TestAdminAddAutoIncrementLiftSlopeAsync" />
    </UnitTest>
    <UnitTest name="BL.Tests.UsersServiceTests.TestAdminAddAutoIncrementUser" storage="c:\users\alena\desktop\7_sem\testing_and_debugging\skiresort\bl.tests\bin\debug\net6.0\bl.tests.dll" id="834c739b-eca4-b36d-6a66-5a1bd75377b8">
      <Execution id="ba38151e-f981-43f0-8cb4-d61613759753" />
      <TestMethod codeBase="C:\Users\alena\Desktop\7_sem\testing_and_debugging\SkiResort\BL.Tests\bin\Debug\net6.0\BL.Tests.dll" adapterTypeName="executor://xunit/VsTestRunner2/netcoreapp" className="BL.Tests.UsersServiceTests" name="TestAdminAddAutoIncrementUser" />
    </UnitTest>
    <UnitTest name="BL.Tests.CheckPermissionsServiceTests.UnauthorizedHasNoAccessToAdminSkiPatrolFunctions(functionName: &quot;GetLiftsSlopesInfoAsync&quot;)" storage="c:\users\alena\desktop\7_sem\testing_and_debugging\skiresort\bl.tests\bin\debug\net6.0\bl.tests.dll" id="387c9729-48c1-486e-5e67-f5d11a9f0db8">
      <Execution id="9ebad717-7703-45ec-9e84-26f57b5c11dd" />
      <TestMethod codeBase="C:\Users\alena\Desktop\7_sem\testing_and_debugging\SkiResort\BL.Tests\bin\Debug\net6.0\BL.Tests.dll" adapterTypeName="executor://xunit/VsTestRunner2/netcoreapp" className="BL.Tests.CheckPermissionsServiceTests" name="UnauthorizedHasNoAccessToAdminSkiPatrolFunctions" />
    </UnitTest>
    <UnitTest name="BL.Tests.CheckPermissionsServiceTests.SkiPatrolHasAccessToAdminSkiPatrolFunctions(functionName: &quot;MarkMessageReadByUserAsync&quot;)" storage="c:\users\alena\desktop\7_sem\testing_and_debugging\skiresort\bl.tests\bin\debug\net6.0\bl.tests.dll" id="60bd668f-04df-da5e-b79b-5d9aedb5234d">
      <Execution id="0881e675-876c-45fd-861a-c1953fb911bd" />
      <TestMethod codeBase="C:\Users\alena\Desktop\7_sem\testing_and_debugging\SkiResort\BL.Tests\bin\Debug\net6.0\BL.Tests.dll" adapterTypeName="executor://xunit/VsTestRunner2/netcoreapp" className="BL.Tests.CheckPermissionsServiceTests" name="SkiPatrolHasAccessToAdminSkiPatrolFunctions" />
    </UnitTest>
    <UnitTest name="BL.Tests.CheckPermissionsServiceTests.UnauthorizedHasNoAccessToAdminFunctions" storage="c:\users\alena\desktop\7_sem\testing_and_debugging\skiresort\bl.tests\bin\debug\net6.0\bl.tests.dll" id="e2d7e5be-3dae-33ae-fb17-c704b6fd58d6">
      <Execution id="df92abe7-2dd9-422b-9c43-202808ca83cb" />
      <TestMethod codeBase="C:\Users\alena\Desktop\7_sem\testing_and_debugging\SkiResort\BL.Tests\bin\Debug\net6.0\BL.Tests.dll" adapterTypeName="executor://xunit/VsTestRunner2/netcoreapp" className="BL.Tests.CheckPermissionsServiceTests" name="UnauthorizedHasNoAccessToAdminFunctions" />
    </UnitTest>
    <UnitTest name="BL.Tests.CheckPermissionsServiceTests.SkiPatrolHasAccessToAdminSkiPatrolFunctions(functionName: &quot;GetLiftsSlopesInfoAsync&quot;)" storage="c:\users\alena\desktop\7_sem\testing_and_debugging\skiresort\bl.tests\bin\debug\net6.0\bl.tests.dll" id="2d706594-f2b3-b3c8-21d4-86c9798c3306">
      <Execution id="88770235-b513-4a69-863c-95b16304f7e9" />
      <TestMethod codeBase="C:\Users\alena\Desktop\7_sem\testing_and_debugging\SkiResort\BL.Tests\bin\Debug\net6.0\BL.Tests.dll" adapterTypeName="executor://xunit/VsTestRunner2/netcoreapp" className="BL.Tests.CheckPermissionsServiceTests" name="SkiPatrolHasAccessToAdminSkiPatrolFunctions" />
    </UnitTest>
    <UnitTest name="BL.Tests.UsersServiceTests.TestLogInWithWrongPassword" storage="c:\users\alena\desktop\7_sem\testing_and_debugging\skiresort\bl.tests\bin\debug\net6.0\bl.tests.dll" id="69340bb6-3645-f9dd-971e-29d8b2a009bb">
      <Execution id="62d01874-0765-4fc2-b219-6f88d0a50f65" />
      <TestMethod codeBase="C:\Users\alena\Desktop\7_sem\testing_and_debugging\SkiResort\BL.Tests\bin\Debug\net6.0\BL.Tests.dll" adapterTypeName="executor://xunit/VsTestRunner2/netcoreapp" className="BL.Tests.UsersServiceTests" name="TestLogInWithWrongPassword" />
    </UnitTest>
    <UnitTest name="BL.Tests.CheckPermissionsServiceTests.SkiPatrolHasNoAccessToAdminFunctions" storage="c:\users\alena\desktop\7_sem\testing_and_debugging\skiresort\bl.tests\bin\debug\net6.0\bl.tests.dll" id="492c0393-35b4-df26-a537-21ca08302f3c">
      <Execution id="5a21dcbf-068d-427d-8acc-dbc493fed8ab" />
      <TestMethod codeBase="C:\Users\alena\Desktop\7_sem\testing_and_debugging\SkiResort\BL.Tests\bin\Debug\net6.0\BL.Tests.dll" adapterTypeName="executor://xunit/VsTestRunner2/netcoreapp" className="BL.Tests.CheckPermissionsServiceTests" name="SkiPatrolHasNoAccessToAdminFunctions" />
    </UnitTest>
    <UnitTest name="BL.Tests.UsersServiceTests.TestAdminDeleteUser" storage="c:\users\alena\desktop\7_sem\testing_and_debugging\skiresort\bl.tests\bin\debug\net6.0\bl.tests.dll" id="18fa8c62-e27d-e1fc-8182-4d7db62b008d">
      <Execution id="6f9f635f-e509-4ccc-a595-f73e2b5eb57b" />
      <TestMethod codeBase="C:\Users\alena\Desktop\7_sem\testing_and_debugging\SkiResort\BL.Tests\bin\Debug\net6.0\BL.Tests.dll" adapterTypeName="executor://xunit/VsTestRunner2/netcoreapp" className="BL.Tests.UsersServiceTests" name="TestAdminDeleteUser" />
    </UnitTest>
    <UnitTest name="BL.Tests.CheckPermissionsServiceTests.AuthorizedHasAccessToAuthorizedFunctions(functionName: &quot;LogOutAsync&quot;)" storage="c:\users\alena\desktop\7_sem\testing_and_debugging\skiresort\bl.tests\bin\debug\net6.0\bl.tests.dll" id="aa28a6b3-21d3-aa45-24d3-bef2facbc899">
      <Execution id="f0d62902-ee99-4a0e-bac7-c765f715588d" />
      <TestMethod codeBase="C:\Users\alena\Desktop\7_sem\testing_and_debugging\SkiResort\BL.Tests\bin\Debug\net6.0\BL.Tests.dll" adapterTypeName="executor://xunit/VsTestRunner2/netcoreapp" className="BL.Tests.CheckPermissionsServiceTests" name="AuthorizedHasAccessToAuthorizedFunctions" />
    </UnitTest>
    <UnitTest name="BL.Tests.SlopesServiceTest.TestUpdateSlopeInfoAsync(userID: 104, slope: Slope { SlopeID = 125, SlopeName = slopeName43826c9a-5b1d-43e8-b80c-9568409cf79c, IsOpen = True, DifficultyLevel = 61, ConnectedLifts =  }, checkPermissionServiceMock: Mock&lt;ICheckPermissionService:8&gt;, slopesRepositoryStub: Mock&lt;ISlopesRepository:6&gt;, sut: SlopesService { })" storage="c:\users\alena\desktop\7_sem\testing_and_debugging\skiresort\bl.tests\bin\debug\net6.0\bl.tests.dll" id="85cd3b38-ba95-a479-1f40-3df4cf086b0c">
      <Execution id="998f7c52-5b93-4098-a5f2-06e5d22fb44b" />
      <TestMethod codeBase="C:\Users\alena\Desktop\7_sem\testing_and_debugging\SkiResort\BL.Tests\bin\Debug\net6.0\BL.Tests.dll" adapterTypeName="executor://xunit/VsTestRunner2/netcoreapp" className="BL.Tests.SlopesServiceTest" name="TestUpdateSlopeInfoAsync" />
    </UnitTest>
    <UnitTest name="BL.Tests.LiftsServiceTest.TestGetLiftsInfoAsync(userID: 209, initialLifts: [Lift { LiftID = 205, LiftName = liftNamefe3c9ab4-0b12-4831-b489-2c34d2fefedc, IsOpen = True, SeatsAmount = 23, LiftingTime = 206, QueueTime = 34, ConnectedSlopes =  }, Lift { LiftID = 232, LiftName = liftName0fb55690-4ac5-4d10-b288-c8021cd5d11c, IsOpen = False, SeatsAmount = 119, LiftingTime = 21, QueueTime = 117, ConnectedSlopes =  }, Lift { LiftID = 191, LiftName ..." storage="c:\users\alena\desktop\7_sem\testing_and_debugging\skiresort\bl.tests\bin\debug\net6.0\bl.tests.dll" id="77b0fdc5-733c-e2df-b175-435e6b7031c9">
      <Execution id="9693baf6-8d5e-4218-966b-1eb3e4b6e7ef" />
      <TestMethod codeBase="C:\Users\alena\Desktop\7_sem\testing_and_debugging\SkiResort\BL.Tests\bin\Debug\net6.0\BL.Tests.dll" adapterTypeName="executor://xunit/VsTestRunner2/netcoreapp" className="BL.Tests.LiftsServiceTest" name="TestGetLiftsInfoAsync" />
    </UnitTest>
    <UnitTest name="BL.Tests.TurnstilesServiceTest.TestAdminGetTurnstileAsync(userID: 156, turnstile: Turnstile { TurnstileID = 147, LiftID = 31, IsOpen = True }, checkPermissionServiceMock: Mock&lt;ICheckPermissionService:12&gt;, turnstilesRepositoryStub: Mock&lt;ITurnstilesRepository:6&gt;, sut: TurnstilesService { })" storage="c:\users\alena\desktop\7_sem\testing_and_debugging\skiresort\bl.tests\bin\debug\net6.0\bl.tests.dll" id="b7bb6222-e6b7-aa98-3a13-bc3602f9cc0d">
      <Execution id="cd4c0621-84d2-4c72-809f-ef5d46ad3079" />
      <TestMethod codeBase="C:\Users\alena\Desktop\7_sem\testing_and_debugging\SkiResort\BL.Tests\bin\Debug\net6.0\BL.Tests.dll" adapterTypeName="executor://xunit/VsTestRunner2/netcoreapp" className="BL.Tests.TurnstilesServiceTest" name="TestAdminGetTurnstileAsync" />
    </UnitTest>
    <UnitTest name="BL.Tests.UsersServiceTests.TestAdminUpdateUser" storage="c:\users\alena\desktop\7_sem\testing_and_debugging\skiresort\bl.tests\bin\debug\net6.0\bl.tests.dll" id="06d0bc3a-24a0-fb7f-4277-e9ae6d21c7dd">
      <Execution id="74fada50-924c-4107-9d71-de42487b3c89" />
      <TestMethod codeBase="C:\Users\alena\Desktop\7_sem\testing_and_debugging\SkiResort\BL.Tests\bin\Debug\net6.0\BL.Tests.dll" adapterTypeName="executor://xunit/VsTestRunner2/netcoreapp" className="BL.Tests.UsersServiceTests" name="TestAdminUpdateUser" />
    </UnitTest>
    <UnitTest name="BL.Tests.UsersServiceTests.TestLogInOk" storage="c:\users\alena\desktop\7_sem\testing_and_debugging\skiresort\bl.tests\bin\debug\net6.0\bl.tests.dll" id="1ca07ad8-f799-c5d4-e7cc-34fd950198a2">
      <Execution id="8b26f916-48b8-4c0c-906d-d6b6b323cf96" />
      <TestMethod codeBase="C:\Users\alena\Desktop\7_sem\testing_and_debugging\SkiResort\BL.Tests\bin\Debug\net6.0\BL.Tests.dll" adapterTypeName="executor://xunit/VsTestRunner2/netcoreapp" className="BL.Tests.UsersServiceTests" name="TestLogInOk" />
    </UnitTest>
    <UnitTest name="BL.Tests.SlopesServiceTest.TestAdminAddAutoIncrementSlopeAsync(userID: 117, slope: Slope { SlopeID = 46, SlopeName = slopeNamef0bf5c95-a19b-4988-a7ae-d2907d3896fb, IsOpen = True, DifficultyLevel = 214, ConnectedLifts =  }, checkPermissionServiceMock: Mock&lt;ICheckPermissionService:10&gt;, slopesRepositoryStub: Mock&lt;ISlopesRepository:8&gt;, sut: SlopesService { })" storage="c:\users\alena\desktop\7_sem\testing_and_debugging\skiresort\bl.tests\bin\debug\net6.0\bl.tests.dll" id="070fe6f8-7712-8bf6-f7cd-bf05014fb872">
      <Execution id="c1dff920-18ad-423e-a9e3-7a4f4c5b3bea" />
      <TestMethod codeBase="C:\Users\alena\Desktop\7_sem\testing_and_debugging\SkiResort\BL.Tests\bin\Debug\net6.0\BL.Tests.dll" adapterTypeName="executor://xunit/VsTestRunner2/netcoreapp" className="BL.Tests.SlopesServiceTest" name="TestAdminAddAutoIncrementSlopeAsync" />
    </UnitTest>
    <UnitTest name="BL.Tests.UsersServiceTests.TestAdminGetUsers" storage="c:\users\alena\desktop\7_sem\testing_and_debugging\skiresort\bl.tests\bin\debug\net6.0\bl.tests.dll" id="20ad8570-0170-85de-dcd7-2f109dd7bcd6">
      <Execution id="efca13e5-f524-424f-9e7a-101754276b65" />
      <TestMethod codeBase="C:\Users\alena\Desktop\7_sem\testing_and_debugging\SkiResort\BL.Tests\bin\Debug\net6.0\BL.Tests.dll" adapterTypeName="executor://xunit/VsTestRunner2/netcoreapp" className="BL.Tests.UsersServiceTests" name="TestAdminGetUsers" />
    </UnitTest>
    <UnitTest name="BL.Tests.CheckPermissionsServiceTests.UnauthorizedHasNoAccessToAdminSkiPatrolFunctions(functionName: &quot;GetMessagesAsync&quot;)" storage="c:\users\alena\desktop\7_sem\testing_and_debugging\skiresort\bl.tests\bin\debug\net6.0\bl.tests.dll" id="229812f5-9a73-5335-11f5-31330d1348a5">
      <Execution id="cd177568-3137-4b3a-9f9e-b3efbf2e0adb" />
      <TestMethod codeBase="C:\Users\alena\Desktop\7_sem\testing_and_debugging\SkiResort\BL.Tests\bin\Debug\net6.0\BL.Tests.dll" adapterTypeName="executor://xunit/VsTestRunner2/netcoreapp" className="BL.Tests.CheckPermissionsServiceTests" name="UnauthorizedHasNoAccessToAdminSkiPatrolFunctions" />
    </UnitTest>
    <UnitTest name="BL.Tests.LiftsServiceTest.TestAdminAddAutoIncrementLiftAsync(userID: 19, lift: Lift { LiftID = 30, LiftName = liftName2ef711b6-9072-45ab-b08a-100148bd933c, IsOpen = True, SeatsAmount = 231, LiftingTime = 128, QueueTime = 209, ConnectedSlopes =  }, checkPermissionServiceMock: Mock&lt;ICheckPermissionService:5&gt;, liftsRepositoryStub: Mock&lt;ILiftsRepository:5&gt;, sut: LiftsService { })" storage="c:\users\alena\desktop\7_sem\testing_and_debugging\skiresort\bl.tests\bin\debug\net6.0\bl.tests.dll" id="b458e2b8-639e-0939-5bd3-cc6668f25c4a">
      <Execution id="8bb90868-fbd8-4e5d-8aee-be56e6af0f52" />
      <TestMethod codeBase="C:\Users\alena\Desktop\7_sem\testing_and_debugging\SkiResort\BL.Tests\bin\Debug\net6.0\BL.Tests.dll" adapterTypeName="executor://xunit/VsTestRunner2/netcoreapp" className="BL.Tests.LiftsServiceTest" name="TestAdminAddAutoIncrementLiftAsync" />
    </UnitTest>
    <UnitTest name="BL.Tests.LiftsSlopesServiceTests.TestGetLiftsSlopesInfoAsync(liftsSlopes: [LiftSlope { RecordID = 95, LiftID = 116, SlopeID = 123 }, LiftSlope { RecordID = 193, LiftID = 14, SlopeID = 127 }, LiftSlope { RecordID = 202, LiftID = 176, SlopeID = 245 }], slopesRepositoryStub: Mock&lt;ISlopesRepository:1&gt;, liftsRepositoryStub: Mock&lt;ILiftsRepository:6&gt;, liftsSlopesRepositoryStub: Mock&lt;ILiftsSlopesRepository:6&gt;)" storage="c:\users\alena\desktop\7_sem\testing_and_debugging\skiresort\bl.tests\bin\debug\net6.0\bl.tests.dll" id="39be9b5e-0bc4-57dc-37d3-aec6b520299d">
      <Execution id="70af414e-8f1d-45be-a67c-edf3bb01c99e" />
      <TestMethod codeBase="C:\Users\alena\Desktop\7_sem\testing_and_debugging\SkiResort\BL.Tests\bin\Debug\net6.0\BL.Tests.dll" adapterTypeName="executor://xunit/VsTestRunner2/netcoreapp" className="BL.Tests.LiftsSlopesServiceTests" name="TestGetLiftsSlopesInfoAsync" />
    </UnitTest>
    <UnitTest name="BL.Tests.SlopesServiceTest.TestAdminDeleteSlopeAsync(userID: 11, slope: Slope { SlopeID = 210, SlopeName = slopeName555f8e92-b834-4163-9a54-5d3995ef68a0, IsOpen = True, DifficultyLevel = 51, ConnectedLifts =  }, checkPermissionServiceMock: Mock&lt;ICheckPermissionService:9&gt;, slopesRepositoryStub: Mock&lt;ISlopesRepository:7&gt;, liftsSlopesRepositoryStub: Mock&lt;ILiftsSlopesRepository:12&gt;, sut: SlopesService { })" storage="c:\users\alena\desktop\7_sem\testing_and_debugging\skiresort\bl.tests\bin\debug\net6.0\bl.tests.dll" id="4bc7891f-01a8-4d4f-9af1-474b345ff3a3">
      <Execution id="6501ef62-e86d-4fb8-b296-e36af25cfd76" />
      <TestMethod codeBase="C:\Users\alena\Desktop\7_sem\testing_and_debugging\SkiResort\BL.Tests\bin\Debug\net6.0\BL.Tests.dll" adapterTypeName="executor://xunit/VsTestRunner2/netcoreapp" className="BL.Tests.SlopesServiceTest" name="TestAdminDeleteSlopeAsync" />
    </UnitTest>
    <UnitTest name="BL.Tests.LiftsSlopesServiceTests.TestAdminDeleteLiftSlopeAsync(lift: Lift { LiftID = 242, LiftName = liftName14a42a97-de25-4815-aeb8-20311dcdf07b, IsOpen = True, SeatsAmount = 134, LiftingTime = 122, QueueTime = 15, ConnectedSlopes =  }, slope: Slope { SlopeID = 252, SlopeName = slopeNameac59335b-8032-4540-96c0-f0dd35e10022, IsOpen = False, DifficultyLevel = 73, ConnectedLifts =  }, slopesRepositoryStub: Mock&lt;ISlopesRepository:2&gt;, liftsRepo..." storage="c:\users\alena\desktop\7_sem\testing_and_debugging\skiresort\bl.tests\bin\debug\net6.0\bl.tests.dll" id="6b3e0550-c5c3-9035-6443-a8debc594fec">
      <Execution id="5a29aa3a-04b5-49e7-ab9f-1e3a7b4a9139" />
      <TestMethod codeBase="C:\Users\alena\Desktop\7_sem\testing_and_debugging\SkiResort\BL.Tests\bin\Debug\net6.0\BL.Tests.dll" adapterTypeName="executor://xunit/VsTestRunner2/netcoreapp" className="BL.Tests.LiftsSlopesServiceTests" name="TestAdminDeleteLiftSlopeAsync" />
    </UnitTest>
    <UnitTest name="BL.Tests.TurnstilesServiceTest.TestAdminUpdateTurnstileAsync(userID: 5, turnstile: Turnstile { TurnstileID = 127, LiftID = 230, IsOpen = True }, checkPermissionServiceMock: Mock&lt;ICheckPermissionService:14&gt;, turnstilesRepositoryStub: Mock&lt;ITurnstilesRepository:8&gt;, sut: TurnstilesService { })" storage="c:\users\alena\desktop\7_sem\testing_and_debugging\skiresort\bl.tests\bin\debug\net6.0\bl.tests.dll" id="9cad80a7-3b86-20ae-ecce-ede934c5a2c9">
      <Execution id="ab522204-6368-49dc-a2e7-779a0aaadcb5" />
      <TestMethod codeBase="C:\Users\alena\Desktop\7_sem\testing_and_debugging\SkiResort\BL.Tests\bin\Debug\net6.0\BL.Tests.dll" adapterTypeName="executor://xunit/VsTestRunner2/netcoreapp" className="BL.Tests.TurnstilesServiceTest" name="TestAdminUpdateTurnstileAsync" />
    </UnitTest>
    <UnitTest name="BL.Tests.CheckPermissionsServiceTests.AuthorizedHasNoAccessToAdminSkiPatrolFunctions(functionName: &quot;GetLiftsSlopesInfoAsync&quot;)" storage="c:\users\alena\desktop\7_sem\testing_and_debugging\skiresort\bl.tests\bin\debug\net6.0\bl.tests.dll" id="4f297306-d4f3-8d63-e7f4-1ac0b8c58c74">
      <Execution id="5a5a85ef-f74b-4972-959e-44e726038c7f" />
      <TestMethod codeBase="C:\Users\alena\Desktop\7_sem\testing_and_debugging\SkiResort\BL.Tests\bin\Debug\net6.0\BL.Tests.dll" adapterTypeName="executor://xunit/VsTestRunner2/netcoreapp" className="BL.Tests.CheckPermissionsServiceTests" name="AuthorizedHasNoAccessToAdminSkiPatrolFunctions" />
    </UnitTest>
    <UnitTest name="BL.Tests.TurnstilesServiceTest.TestAdminDeleteTurnstileAsync(userID: 253, turnstile: Turnstile { TurnstileID = 94, LiftID = 86, IsOpen = True }, checkPermissionServiceMock: Mock&lt;ICheckPermissionService:15&gt;, turnstilesRepositoryStub: Mock&lt;ITurnstilesRepository:9&gt;, sut: TurnstilesService { })" storage="c:\users\alena\desktop\7_sem\testing_and_debugging\skiresort\bl.tests\bin\debug\net6.0\bl.tests.dll" id="b6814d58-0358-bae8-b8b9-4795fb44dd8c">
      <Execution id="c193eb00-9651-4a24-aa11-9d40b5b34fb1" />
      <TestMethod codeBase="C:\Users\alena\Desktop\7_sem\testing_and_debugging\SkiResort\BL.Tests\bin\Debug\net6.0\BL.Tests.dll" adapterTypeName="executor://xunit/VsTestRunner2/netcoreapp" className="BL.Tests.TurnstilesServiceTest" name="TestAdminDeleteTurnstileAsync" />
    </UnitTest>
    <UnitTest name="BL.Tests.UsersServiceTests.TestRegisterOk" storage="c:\users\alena\desktop\7_sem\testing_and_debugging\skiresort\bl.tests\bin\debug\net6.0\bl.tests.dll" id="0eeef75f-6e38-7893-a8fe-cff3e0a970a7">
      <Execution id="5004a554-6f0d-4bf4-9b24-e37dd6c1f34b" />
      <TestMethod codeBase="C:\Users\alena\Desktop\7_sem\testing_and_debugging\SkiResort\BL.Tests\bin\Debug\net6.0\BL.Tests.dll" adapterTypeName="executor://xunit/VsTestRunner2/netcoreapp" className="BL.Tests.UsersServiceTests" name="TestRegisterOk" />
    </UnitTest>
    <UnitTest name="BL.Tests.SlopesServiceTest.TestAdminAddSlopeAsync(userID: 186, slope: Slope { SlopeID = 170, SlopeName = slopeNameb83f3a28-56ee-4ce5-8307-a98eb762a202, IsOpen = True, DifficultyLevel = 57, ConnectedLifts =  }, checkPermissionServiceMock: Mock&lt;ICheckPermissionService:11&gt;, slopesRepositoryStub: Mock&lt;ISlopesRepository:9&gt;, sut: SlopesService { })" storage="c:\users\alena\desktop\7_sem\testing_and_debugging\skiresort\bl.tests\bin\debug\net6.0\bl.tests.dll" id="f1443a9d-46cc-e98e-3412-a7d556cdf92e">
      <Execution id="c08a8fa0-f904-44a1-9f64-c37be0506872" />
      <TestMethod codeBase="C:\Users\alena\Desktop\7_sem\testing_and_debugging\SkiResort\BL.Tests\bin\Debug\net6.0\BL.Tests.dll" adapterTypeName="executor://xunit/VsTestRunner2/netcoreapp" className="BL.Tests.SlopesServiceTest" name="TestAdminAddSlopeAsync" />
    </UnitTest>
    <UnitTest name="BL.Tests.SlopesServiceTest.TestGetSlopeInfoAsync(userID: 235, slope: Slope { SlopeID = 161, SlopeName = slopeNamef770128b-a0e9-4ed1-99eb-837264d5f008, IsOpen = True, DifficultyLevel = 89, ConnectedLifts =  }, checkPermissionServiceMock: Mock&lt;ICheckPermissionService:6&gt;, slopesRepositoryStub: Mock&lt;ISlopesRepository:4&gt;, liftsSlopesRepositoryStub: Mock&lt;ILiftsSlopesRepository:9&gt;, sut: SlopesService { })" storage="c:\users\alena\desktop\7_sem\testing_and_debugging\skiresort\bl.tests\bin\debug\net6.0\bl.tests.dll" id="db186423-9568-ede6-04b6-7ef1156c3c81">
      <Execution id="9f446cdc-ec10-4263-a05d-4d9c3494401b" />
      <TestMethod codeBase="C:\Users\alena\Desktop\7_sem\testing_and_debugging\SkiResort\BL.Tests\bin\Debug\net6.0\BL.Tests.dll" adapterTypeName="executor://xunit/VsTestRunner2/netcoreapp" className="BL.Tests.SlopesServiceTest" name="TestGetSlopeInfoAsync" />
    </UnitTest>
    <UnitTest name="BL.Tests.TurnstilesServiceTest.TestAdminGetTurnstilesAsync(userID: 169, initialTurnstiles: [Turnstile { TurnstileID = 227, LiftID = 2, IsOpen = True }, Turnstile { TurnstileID = 110, LiftID = 179, IsOpen = False }, Turnstile { TurnstileID = 90, LiftID = 92, IsOpen = True }], checkPermissionServiceMock: Mock&lt;ICheckPermissionService:13&gt;, turnstilesRepositoryStub: Mock&lt;ITurnstilesRepository:7&gt;, sut: TurnstilesService { })" storage="c:\users\alena\desktop\7_sem\testing_and_debugging\skiresort\bl.tests\bin\debug\net6.0\bl.tests.dll" id="14055ffe-7caa-00eb-91d3-d65ee2a68149">
      <Execution id="73308430-3799-49a4-89c7-4d5f6477f750" />
      <TestMethod codeBase="C:\Users\alena\Desktop\7_sem\testing_and_debugging\SkiResort\BL.Tests\bin\Debug\net6.0\BL.Tests.dll" adapterTypeName="executor://xunit/VsTestRunner2/netcoreapp" className="BL.Tests.TurnstilesServiceTest" name="TestAdminGetTurnstilesAsync" />
    </UnitTest>
    <UnitTest name="BL.Tests.CheckPermissionsServiceTests.AuthorizedHasAccessToAuthorizedFunctions(functionName: &quot;SendMessageAsync&quot;)" storage="c:\users\alena\desktop\7_sem\testing_and_debugging\skiresort\bl.tests\bin\debug\net6.0\bl.tests.dll" id="644ec43e-70cd-c82d-42e7-0d990be1414d">
      <Execution id="c99050ea-08b1-449c-b3c0-7c1c8281af46" />
      <TestMethod codeBase="C:\Users\alena\Desktop\7_sem\testing_and_debugging\SkiResort\BL.Tests\bin\Debug\net6.0\BL.Tests.dll" adapterTypeName="executor://xunit/VsTestRunner2/netcoreapp" className="BL.Tests.CheckPermissionsServiceTests" name="AuthorizedHasAccessToAuthorizedFunctions" />
    </UnitTest>
    <UnitTest name="BL.Tests.TurnstilesServiceTest.TestAdminAddAutoIncrementTurnstileAsync(userID: 132, turnstile: Turnstile { TurnstileID = 30, LiftID = 103, IsOpen = True }, checkPermissionServiceMock: Mock&lt;ICheckPermissionService:16&gt;, turnstilesRepositoryStub: Mock&lt;ITurnstilesRepository:10&gt;, sut: TurnstilesService { })" storage="c:\users\alena\desktop\7_sem\testing_and_debugging\skiresort\bl.tests\bin\debug\net6.0\bl.tests.dll" id="ad2b2d3c-bde9-2573-ca21-a4a3d413b0b9">
      <Execution id="ab6383a7-0c8b-4bfb-a717-93695f6b2269" />
      <TestMethod codeBase="C:\Users\alena\Desktop\7_sem\testing_and_debugging\SkiResort\BL.Tests\bin\Debug\net6.0\BL.Tests.dll" adapterTypeName="executor://xunit/VsTestRunner2/netcoreapp" className="BL.Tests.TurnstilesServiceTest" name="TestAdminAddAutoIncrementTurnstileAsync" />
    </UnitTest>
    <UnitTest name="BL.Tests.CheckPermissionsServiceTests.UnauthorizedHasNoAccessToAuthorizedFunctions(functionName: &quot;LogOutAsync&quot;)" storage="c:\users\alena\desktop\7_sem\testing_and_debugging\skiresort\bl.tests\bin\debug\net6.0\bl.tests.dll" id="fa960c5e-f989-2880-784e-8efe538c5231">
      <Execution id="8152193c-2b1c-4749-a7c5-482ac53b3b5c" />
      <TestMethod codeBase="C:\Users\alena\Desktop\7_sem\testing_and_debugging\SkiResort\BL.Tests\bin\Debug\net6.0\BL.Tests.dll" adapterTypeName="executor://xunit/VsTestRunner2/netcoreapp" className="BL.Tests.CheckPermissionsServiceTests" name="UnauthorizedHasNoAccessToAuthorizedFunctions" />
    </UnitTest>
    <UnitTest name="BL.Tests.CheckPermissionsServiceTests.UnauthorizedHasNoAccessToAuthorizedFunctions(functionName: &quot;SendMessageAsync&quot;)" storage="c:\users\alena\desktop\7_sem\testing_and_debugging\skiresort\bl.tests\bin\debug\net6.0\bl.tests.dll" id="eaabd2fc-2f4b-5689-59c8-c7ad34a8f634">
      <Execution id="33ac101c-667f-4721-bec0-959040b0d1c6" />
      <TestMethod codeBase="C:\Users\alena\Desktop\7_sem\testing_and_debugging\SkiResort\BL.Tests\bin\Debug\net6.0\BL.Tests.dll" adapterTypeName="executor://xunit/VsTestRunner2/netcoreapp" className="BL.Tests.CheckPermissionsServiceTests" name="UnauthorizedHasNoAccessToAuthorizedFunctions" />
    </UnitTest>
    <UnitTest name="BL.Tests.LiftsServiceTest.TestAdminDeleteLiftAsync(userID: 15, lift: Lift { LiftID = 46, LiftName = liftNameb0616dde-bb0d-4963-b730-0b5f7fc25529, IsOpen = True, SeatsAmount = 40, LiftingTime = 4, QueueTime = 95, ConnectedSlopes =  }, checkPermissionServiceMock: Mock&lt;ICheckPermissionService:4&gt;, liftsRepositoryStub: Mock&lt;ILiftsRepository:4&gt;, liftsSlopesRepositoryStub: Mock&lt;ILiftsSlopesRepository:4&gt;, sut: LiftsService { })" storage="c:\users\alena\desktop\7_sem\testing_and_debugging\skiresort\bl.tests\bin\debug\net6.0\bl.tests.dll" id="094aa402-cba2-10f9-3cf8-1ef2e8178589">
      <Execution id="759200de-3e42-4937-bdfe-ddc7c6e362f2" />
      <TestMethod codeBase="C:\Users\alena\Desktop\7_sem\testing_and_debugging\SkiResort\BL.Tests\bin\Debug\net6.0\BL.Tests.dll" adapterTypeName="executor://xunit/VsTestRunner2/netcoreapp" className="BL.Tests.LiftsServiceTest" name="TestAdminDeleteLiftAsync" />
    </UnitTest>
    <UnitTest name="BL.Tests.UsersServiceTests.TestRegisterUserWithRepeatedEmail" storage="c:\users\alena\desktop\7_sem\testing_and_debugging\skiresort\bl.tests\bin\debug\net6.0\bl.tests.dll" id="894941c1-bfa7-d8f9-c047-1e1ceefe2c2f">
      <Execution id="14f9c705-c96f-429f-9f2b-6e7f3b18fe44" />
      <TestMethod codeBase="C:\Users\alena\Desktop\7_sem\testing_and_debugging\SkiResort\BL.Tests\bin\Debug\net6.0\BL.Tests.dll" adapterTypeName="executor://xunit/VsTestRunner2/netcoreapp" className="BL.Tests.UsersServiceTests" name="TestRegisterUserWithRepeatedEmail" />
    </UnitTest>
    <UnitTest name="BL.Tests.LiftsServiceTest.TestGetLiftInfoAsync(userID: 9, lift: Lift { LiftID = 147, LiftName = liftName64eaaae8-5b13-4af0-be6d-3e3f3c26e83b, IsOpen = True, SeatsAmount = 215, LiftingTime = 212, QueueTime = 103, ConnectedSlopes =  }, checkPermissionServiceMock: Mock&lt;ICheckPermissionService:1&gt;, liftsRepositoryStub: Mock&lt;ILiftsRepository:1&gt;, liftsSlopesRepositoryStub: Mock&lt;ILiftsSlopesRepository:1&gt;, sut: LiftsService { })" storage="c:\users\alena\desktop\7_sem\testing_and_debugging\skiresort\bl.tests\bin\debug\net6.0\bl.tests.dll" id="72371564-8f23-8d9e-5caa-2a5073a8cbbf">
      <Execution id="fa2a257c-780f-4f44-9e00-39c764d712f0" />
      <TestMethod codeBase="C:\Users\alena\Desktop\7_sem\testing_and_debugging\SkiResort\BL.Tests\bin\Debug\net6.0\BL.Tests.dll" adapterTypeName="executor://xunit/VsTestRunner2/netcoreapp" className="BL.Tests.LiftsServiceTest" name="TestGetLiftInfoAsync" />
    </UnitTest>
    <UnitTest name="BL.Tests.UsersServiceTests.TestRegisterUserWithNoEmail" storage="c:\users\alena\desktop\7_sem\testing_and_debugging\skiresort\bl.tests\bin\debug\net6.0\bl.tests.dll" id="8184bd30-991c-b78d-b4ec-99a485eac0dd">
      <Execution id="0b4d75ea-3871-4ed2-8433-b9f66c29bc34" />
      <TestMethod codeBase="C:\Users\alena\Desktop\7_sem\testing_and_debugging\SkiResort\BL.Tests\bin\Debug\net6.0\BL.Tests.dll" adapterTypeName="executor://xunit/VsTestRunner2/netcoreapp" className="BL.Tests.UsersServiceTests" name="TestRegisterUserWithNoEmail" />
    </UnitTest>
  </TestDefinitions>
  <TestEntries>
    <TestEntry testId="b458e2b8-639e-0939-5bd3-cc6668f25c4a" executionId="8bb90868-fbd8-4e5d-8aee-be56e6af0f52" testListId="8c84fa94-04c1-424b-9868-57a2d4851a1d" />
    <TestEntry testId="06d0bc3a-24a0-fb7f-4277-e9ae6d21c7dd" executionId="74fada50-924c-4107-9d71-de42487b3c89" testListId="8c84fa94-04c1-424b-9868-57a2d4851a1d" />
    <TestEntry testId="fa960c5e-f989-2880-784e-8efe538c5231" executionId="8152193c-2b1c-4749-a7c5-482ac53b3b5c" testListId="8c84fa94-04c1-424b-9868-57a2d4851a1d" />
    <TestEntry testId="9c7df5e2-1b23-ebea-889f-b78ca86b60ab" executionId="232f2722-d2df-475d-8963-319dd59a9079" testListId="8c84fa94-04c1-424b-9868-57a2d4851a1d" />
    <TestEntry testId="4bc7891f-01a8-4d4f-9af1-474b345ff3a3" executionId="6501ef62-e86d-4fb8-b296-e36af25cfd76" testListId="8c84fa94-04c1-424b-9868-57a2d4851a1d" />
    <TestEntry testId="834c739b-eca4-b36d-6a66-5a1bd75377b8" executionId="ba38151e-f981-43f0-8cb4-d61613759753" testListId="8c84fa94-04c1-424b-9868-57a2d4851a1d" />
    <TestEntry testId="492c0393-35b4-df26-a537-21ca08302f3c" executionId="5a21dcbf-068d-427d-8acc-dbc493fed8ab" testListId="8c84fa94-04c1-424b-9868-57a2d4851a1d" />
    <TestEntry testId="e2d7e5be-3dae-33ae-fb17-c704b6fd58d6" executionId="df92abe7-2dd9-422b-9c43-202808ca83cb" testListId="8c84fa94-04c1-424b-9868-57a2d4851a1d" />
    <TestEntry testId="14055ffe-7caa-00eb-91d3-d65ee2a68149" executionId="73308430-3799-49a4-89c7-4d5f6477f750" testListId="8c84fa94-04c1-424b-9868-57a2d4851a1d" />
    <TestEntry testId="1ca07ad8-f799-c5d4-e7cc-34fd950198a2" executionId="8b26f916-48b8-4c0c-906d-d6b6b323cf96" testListId="8c84fa94-04c1-424b-9868-57a2d4851a1d" />
    <TestEntry testId="b6814d58-0358-bae8-b8b9-4795fb44dd8c" executionId="c193eb00-9651-4a24-aa11-9d40b5b34fb1" testListId="8c84fa94-04c1-424b-9868-57a2d4851a1d" />
    <TestEntry testId="d8605099-51c0-5f20-79a7-ae8be9aa61c6" executionId="edddaecd-49dc-4a0d-8c09-3a9924adc02b" testListId="8c84fa94-04c1-424b-9868-57a2d4851a1d" />
    <TestEntry testId="f3efc418-a8a6-c7b7-9bac-90b33aa8472f" executionId="cfec8d3c-2172-4654-a1f9-1e421c304b37" testListId="8c84fa94-04c1-424b-9868-57a2d4851a1d" />
    <TestEntry testId="4f297306-d4f3-8d63-e7f4-1ac0b8c58c74" executionId="5a5a85ef-f74b-4972-959e-44e726038c7f" testListId="8c84fa94-04c1-424b-9868-57a2d4851a1d" />
    <TestEntry testId="644ec43e-70cd-c82d-42e7-0d990be1414d" executionId="c99050ea-08b1-449c-b3c0-7c1c8281af46" testListId="8c84fa94-04c1-424b-9868-57a2d4851a1d" />
    <TestEntry testId="69340bb6-3645-f9dd-971e-29d8b2a009bb" executionId="62d01874-0765-4fc2-b219-6f88d0a50f65" testListId="8c84fa94-04c1-424b-9868-57a2d4851a1d" />
    <TestEntry testId="eaabd2fc-2f4b-5689-59c8-c7ad34a8f634" executionId="33ac101c-667f-4721-bec0-959040b0d1c6" testListId="8c84fa94-04c1-424b-9868-57a2d4851a1d" />
    <TestEntry testId="d742a5cc-6d01-ebb9-a0ee-106f9dae10c5" executionId="00316f66-156d-4d94-9c16-7af5c8efad47" testListId="8c84fa94-04c1-424b-9868-57a2d4851a1d" />
    <TestEntry testId="2602613f-c8e2-a6d9-fcf7-5b27d4a770a6" executionId="44391d8e-66ca-4605-84c9-374ee08fc7a7" testListId="8c84fa94-04c1-424b-9868-57a2d4851a1d" />
    <TestEntry testId="229812f5-9a73-5335-11f5-31330d1348a5" executionId="cd177568-3137-4b3a-9f9e-b3efbf2e0adb" testListId="8c84fa94-04c1-424b-9868-57a2d4851a1d" />
    <TestEntry testId="f1443a9d-46cc-e98e-3412-a7d556cdf92e" executionId="c08a8fa0-f904-44a1-9f64-c37be0506872" testListId="8c84fa94-04c1-424b-9868-57a2d4851a1d" />
    <TestEntry testId="8184bd30-991c-b78d-b4ec-99a485eac0dd" executionId="0b4d75ea-3871-4ed2-8433-b9f66c29bc34" testListId="8c84fa94-04c1-424b-9868-57a2d4851a1d" />
    <TestEntry testId="894941c1-bfa7-d8f9-c047-1e1ceefe2c2f" executionId="14f9c705-c96f-429f-9f2b-6e7f3b18fe44" testListId="8c84fa94-04c1-424b-9868-57a2d4851a1d" />
    <TestEntry testId="2d706594-f2b3-b3c8-21d4-86c9798c3306" executionId="88770235-b513-4a69-863c-95b16304f7e9" testListId="8c84fa94-04c1-424b-9868-57a2d4851a1d" />
    <TestEntry testId="72371564-8f23-8d9e-5caa-2a5073a8cbbf" executionId="fa2a257c-780f-4f44-9e00-39c764d712f0" testListId="8c84fa94-04c1-424b-9868-57a2d4851a1d" />
    <TestEntry testId="6b3e0550-c5c3-9035-6443-a8debc594fec" executionId="5a29aa3a-04b5-49e7-ab9f-1e3a7b4a9139" testListId="8c84fa94-04c1-424b-9868-57a2d4851a1d" />
    <TestEntry testId="ad2b2d3c-bde9-2573-ca21-a4a3d413b0b9" executionId="ab6383a7-0c8b-4bfb-a717-93695f6b2269" testListId="8c84fa94-04c1-424b-9868-57a2d4851a1d" />
    <TestEntry testId="b7bb6222-e6b7-aa98-3a13-bc3602f9cc0d" executionId="cd4c0621-84d2-4c72-809f-ef5d46ad3079" testListId="8c84fa94-04c1-424b-9868-57a2d4851a1d" />
    <TestEntry testId="e5497347-2721-b7a6-0bd4-69a9921f6947" executionId="50e10ce9-c872-4c0d-b328-01f6e179d7c9" testListId="8c84fa94-04c1-424b-9868-57a2d4851a1d" />
    <TestEntry testId="77b0fdc5-733c-e2df-b175-435e6b7031c9" executionId="9693baf6-8d5e-4218-966b-1eb3e4b6e7ef" testListId="8c84fa94-04c1-424b-9868-57a2d4851a1d" />
    <TestEntry testId="0eeef75f-6e38-7893-a8fe-cff3e0a970a7" executionId="5004a554-6f0d-4bf4-9b24-e37dd6c1f34b" testListId="8c84fa94-04c1-424b-9868-57a2d4851a1d" />
    <TestEntry testId="20ad8570-0170-85de-dcd7-2f109dd7bcd6" executionId="efca13e5-f524-424f-9e7a-101754276b65" testListId="8c84fa94-04c1-424b-9868-57a2d4851a1d" />
    <TestEntry testId="db186423-9568-ede6-04b6-7ef1156c3c81" executionId="9f446cdc-ec10-4263-a05d-4d9c3494401b" testListId="8c84fa94-04c1-424b-9868-57a2d4851a1d" />
    <TestEntry testId="094aa402-cba2-10f9-3cf8-1ef2e8178589" executionId="759200de-3e42-4937-bdfe-ddc7c6e362f2" testListId="8c84fa94-04c1-424b-9868-57a2d4851a1d" />
    <TestEntry testId="aa28a6b3-21d3-aa45-24d3-bef2facbc899" executionId="f0d62902-ee99-4a0e-bac7-c765f715588d" testListId="8c84fa94-04c1-424b-9868-57a2d4851a1d" />
    <TestEntry testId="5673f0c7-7e66-564e-96ee-7592f59efb48" executionId="9b3e0ee0-6eec-4503-a003-4475ef6fbfb2" testListId="8c84fa94-04c1-424b-9868-57a2d4851a1d" />
    <TestEntry testId="c36970dc-93f7-753e-fa47-157133b01644" executionId="5de64c4f-cfed-42ef-979f-fb07c10911e1" testListId="8c84fa94-04c1-424b-9868-57a2d4851a1d" />
    <TestEntry testId="18fa8c62-e27d-e1fc-8182-4d7db62b008d" executionId="6f9f635f-e509-4ccc-a595-f73e2b5eb57b" testListId="8c84fa94-04c1-424b-9868-57a2d4851a1d" />
    <TestEntry testId="85cd3b38-ba95-a479-1f40-3df4cf086b0c" executionId="998f7c52-5b93-4098-a5f2-06e5d22fb44b" testListId="8c84fa94-04c1-424b-9868-57a2d4851a1d" />
    <TestEntry testId="a2e59116-cb53-1d70-9cb8-21c286516866" executionId="bc395b56-b541-4418-bf80-146f5ba55360" testListId="8c84fa94-04c1-424b-9868-57a2d4851a1d" />
    <TestEntry testId="070fe6f8-7712-8bf6-f7cd-bf05014fb872" executionId="c1dff920-18ad-423e-a9e3-7a4f4c5b3bea" testListId="8c84fa94-04c1-424b-9868-57a2d4851a1d" />
    <TestEntry testId="9cad80a7-3b86-20ae-ecce-ede934c5a2c9" executionId="ab522204-6368-49dc-a2e7-779a0aaadcb5" testListId="8c84fa94-04c1-424b-9868-57a2d4851a1d" />
    <TestEntry testId="387c9729-48c1-486e-5e67-f5d11a9f0db8" executionId="9ebad717-7703-45ec-9e84-26f57b5c11dd" testListId="8c84fa94-04c1-424b-9868-57a2d4851a1d" />
    <TestEntry testId="60bd668f-04df-da5e-b79b-5d9aedb5234d" executionId="0881e675-876c-45fd-861a-c1953fb911bd" testListId="8c84fa94-04c1-424b-9868-57a2d4851a1d" />
    <TestEntry testId="39be9b5e-0bc4-57dc-37d3-aec6b520299d" executionId="70af414e-8f1d-45be-a67c-edf3bb01c99e" testListId="8c84fa94-04c1-424b-9868-57a2d4851a1d" />
    <TestEntry testId="a19a5fcf-c5d2-7d44-5d7d-84403042f4e0" executionId="ac502748-598b-4468-9d7f-3aa3b4acb6eb" testListId="8c84fa94-04c1-424b-9868-57a2d4851a1d" />
    <TestEntry testId="f44a1b21-8efc-bfac-63b4-d534442def31" executionId="76f467a4-4028-4cc1-a179-2000a020ebff" testListId="8c84fa94-04c1-424b-9868-57a2d4851a1d" />
  </TestEntries>
  <TestLists>
    <TestList name="Список результатов" id="8c84fa94-04c1-424b-9868-57a2d4851a1d" />
    <TestList name="Все загруженные результаты" id="19431567-8539-422a-85d7-44ee4e166bda" />
  </TestLists>
  <ResultSummary outcome="Completed">
    <Counters total="47" executed="47" passed="47" failed="0" error="0" timeout="0" aborted="0" inconclusive="0" passedButRunAborted="0" notRunnable="0" notExecuted="0" disconnected="0" warning="0" completed="0" inProgress="0" pending="0" />
    <Output>
      <StdOut>[xUnit.net 00:00:00.00] xUnit.net VSTest Adapter v2.4.5+1caef2f33e (64-bit .NET 6.0.3)&#xD;
[xUnit.net 00:00:00.43]   Discovering: BL.Tests&#xD;
[xUnit.net 00:00:00.61]   Discovered:  BL.Tests&#xD;
[xUnit.net 00:00:00.62]   Starting:    BL.Tests&#xD;
[xUnit.net 00:00:00.85]   Finished:    BL.Tests&#xD;
</StdOut>
    </Output>
  </ResultSummary>
</TestRun>