<?xml version="1.0" encoding="utf-8"?>
<TestRun id="f4277077-ec47-4cce-a378-0bb7ad172894" name="alena@DESKTOP-TJ9D65N 2022-10-15 21:27:20" runUser="DESKTOP-TJ9D65N\alena" xmlns="http://microsoft.com/schemas/VisualStudio/TeamTest/2010">
  <Times creation="2022-10-15T21:27:20.6122146+03:00" queuing="2022-10-15T21:27:20.6122147+03:00" start="2022-10-15T21:27:19.0213161+03:00" finish="2022-10-15T21:27:20.6862040+03:00" />
  <TestSettings name="default" id="65f6e238-bf45-40c0-a3fe-274548e24555">
    <Deployment runDeploymentRoot="alena_DESKTOP-TJ9D65N_2022-10-15_21_27_20" />
  </TestSettings>
  <Results>
    <UnitTestResult executionId="b936d1f8-532f-4cc6-aba6-5e080a10f599" testId="360f52e7-4e1f-8583-0b10-68a41e6f8e5d" testName="BL.Tests.LiftsServiceTest.TestAdminDeleteLiftAsync(userID: 216, lift: Lift { LiftID = 101, LiftName = liftNameee175d09-a318-4b7a-b626-d7e8db9231a7, IsOpen = True, SeatsAmount = 155, LiftingTime = 122, QueueTime = 241, ConnectedSlopes =  }, checkPermissionServiceMock: Mock&lt;ICheckPermissionService:4&gt;, liftsRepositoryStub: Mock&lt;ILiftsRepository:4&gt;, liftsSlopesRepositoryStub: Mock&lt;ILiftsSlopesRepository:4&gt;, sut: LiftsService { })" computerName="DESKTOP-TJ9D65N" duration="00:00:00.0126041" startTime="2022-10-15T21:27:20.5694393+03:00" endTime="2022-10-15T21:27:20.5694393+03:00" testType="13cdc9d9-ddb5-4fa4-a97d-d965ccfc6d4b" outcome="Passed" testListId="8c84fa94-04c1-424b-9868-57a2d4851a1d" relativeResultsDirectory="b936d1f8-532f-4cc6-aba6-5e080a10f599" />
    <UnitTestResult executionId="fd43da3f-369d-4c01-bba4-db00fe51c335" testId="a2e59116-cb53-1d70-9cb8-21c286516866" testName="BL.Tests.CheckPermissionsServiceTests.AuthorizedHasNoAccessToAdminFunctions" computerName="DESKTOP-TJ9D65N" duration="00:00:00.0038998" startTime="2022-10-15T21:27:20.5694191+03:00" endTime="2022-10-15T21:27:20.5694191+03:00" testType="13cdc9d9-ddb5-4fa4-a97d-d965ccfc6d4b" outcome="Passed" testListId="8c84fa94-04c1-424b-9868-57a2d4851a1d" relativeResultsDirectory="fd43da3f-369d-4c01-bba4-db00fe51c335" />
    <UnitTestResult executionId="48efebb1-d414-486c-8584-5c9004002c56" testId="eaabd2fc-2f4b-5689-59c8-c7ad34a8f634" testName="BL.Tests.CheckPermissionsServiceTests.UnauthorizedHasNoAccessToAuthorizedFunctions(functionName: &quot;SendMessageAsync&quot;)" computerName="DESKTOP-TJ9D65N" duration="00:00:00.0028375" startTime="2022-10-15T21:27:20.5675285+03:00" endTime="2022-10-15T21:27:20.5675285+03:00" testType="13cdc9d9-ddb5-4fa4-a97d-d965ccfc6d4b" outcome="Passed" testListId="8c84fa94-04c1-424b-9868-57a2d4851a1d" relativeResultsDirectory="48efebb1-d414-486c-8584-5c9004002c56" />
    <UnitTestResult executionId="c6906658-29d2-4fbf-a481-a59c2b292d97" testId="bf4ce089-746c-4262-0ee4-ff284a168ef9" testName="BL.Tests.LiftsServiceTest.TestGetLiftInfoAsync(userID: 56, lift: Lift { LiftID = 236, LiftName = liftNamedc7f1f44-4b4c-4c0f-9996-1ee4153653da, IsOpen = True, SeatsAmount = 215, LiftingTime = 154, QueueTime = 20, ConnectedSlopes =  }, checkPermissionServiceMock: Mock&lt;ICheckPermissionService:1&gt;, liftsRepositoryStub: Mock&lt;ILiftsRepository:1&gt;, liftsSlopesRepositoryStub: Mock&lt;ILiftsSlopesRepository:1&gt;, sut: LiftsService { })" computerName="DESKTOP-TJ9D65N" duration="00:00:00.0350369" startTime="2022-10-15T21:27:20.4791124+03:00" endTime="2022-10-15T21:27:20.4791125+03:00" testType="13cdc9d9-ddb5-4fa4-a97d-d965ccfc6d4b" outcome="Passed" testListId="8c84fa94-04c1-424b-9868-57a2d4851a1d" relativeResultsDirectory="c6906658-29d2-4fbf-a481-a59c2b292d97" />
    <UnitTestResult executionId="93361ab7-d16f-4d70-9059-94299f7bad5e" testId="60bd668f-04df-da5e-b79b-5d9aedb5234d" testName="BL.Tests.CheckPermissionsServiceTests.SkiPatrolHasAccessToAdminSkiPatrolFunctions(functionName: &quot;MarkMessageReadByUserAsync&quot;)" computerName="DESKTOP-TJ9D65N" duration="00:00:00.0013133" startTime="2022-10-15T21:27:20.5687580+03:00" endTime="2022-10-15T21:27:20.5687580+03:00" testType="13cdc9d9-ddb5-4fa4-a97d-d965ccfc6d4b" outcome="Passed" testListId="8c84fa94-04c1-424b-9868-57a2d4851a1d" relativeResultsDirectory="93361ab7-d16f-4d70-9059-94299f7bad5e" />
    <UnitTestResult executionId="1cfaf598-9647-42d9-9705-ca205f08a607" testId="5c52ffb3-c684-4286-c9e8-61f2a15a9198" testName="BL.Tests.TurnstilesServiceTest.TestAdminGetTurnstileAsync(userID: 34, turnstile: Turnstile { TurnstileID = 40, LiftID = 130, IsOpen = True }, checkPermissionServiceMock: Mock&lt;ICheckPermissionService:12&gt;, turnstilesRepositoryStub: Mock&lt;ITurnstilesRepository:6&gt;, sut: TurnstilesService { })" computerName="DESKTOP-TJ9D65N" duration="00:00:00.0045331" startTime="2022-10-15T21:27:20.5651164+03:00" endTime="2022-10-15T21:27:20.5651165+03:00" testType="13cdc9d9-ddb5-4fa4-a97d-d965ccfc6d4b" outcome="Passed" testListId="8c84fa94-04c1-424b-9868-57a2d4851a1d" relativeResultsDirectory="1cfaf598-9647-42d9-9705-ca205f08a607" />
    <UnitTestResult executionId="a38e07e1-abd4-4c58-89e0-05ad5501a505" testId="a19a5fcf-c5d2-7d44-5d7d-84403042f4e0" testName="BL.Tests.CheckPermissionsServiceTests.UnauthorizedHasNoAccessToAdminSkiPatrolFunctions(functionName: &quot;MarkMessageReadByUserAsync&quot;)" computerName="DESKTOP-TJ9D65N" duration="00:00:00.0314286" startTime="2022-10-15T21:27:20.4790526+03:00" endTime="2022-10-15T21:27:20.4790527+03:00" testType="13cdc9d9-ddb5-4fa4-a97d-d965ccfc6d4b" outcome="Passed" testListId="8c84fa94-04c1-424b-9868-57a2d4851a1d" relativeResultsDirectory="a38e07e1-abd4-4c58-89e0-05ad5501a505" />
    <UnitTestResult executionId="a9b333e8-3c2e-46ca-b053-91672cc3c019" testId="8e150c35-eedc-628c-3083-9d8a8e7e5232" testName="BL.Tests.TurnstilesServiceTest.TestAdminAddAutoIncrementTurnstileAsync(userID: 150, turnstile: Turnstile { TurnstileID = 74, LiftID = 39, IsOpen = True }, checkPermissionServiceMock: Mock&lt;ICheckPermissionService:16&gt;, turnstilesRepositoryStub: Mock&lt;ITurnstilesRepository:10&gt;, sut: TurnstilesService { })" computerName="DESKTOP-TJ9D65N" duration="00:00:00.0108594" startTime="2022-10-15T21:27:20.5686755+03:00" endTime="2022-10-15T21:27:20.5686755+03:00" testType="13cdc9d9-ddb5-4fa4-a97d-d965ccfc6d4b" outcome="Passed" testListId="8c84fa94-04c1-424b-9868-57a2d4851a1d" relativeResultsDirectory="a9b333e8-3c2e-46ca-b053-91672cc3c019" />
    <UnitTestResult executionId="a3ae74a9-b848-42fa-9c9f-57dc6427540f" testId="2d706594-f2b3-b3c8-21d4-86c9798c3306" testName="BL.Tests.CheckPermissionsServiceTests.SkiPatrolHasAccessToAdminSkiPatrolFunctions(functionName: &quot;GetLiftsSlopesInfoAsync&quot;)" computerName="DESKTOP-TJ9D65N" duration="00:00:00.0047043" startTime="2022-10-15T21:27:20.5685763+03:00" endTime="2022-10-15T21:27:20.5685763+03:00" testType="13cdc9d9-ddb5-4fa4-a97d-d965ccfc6d4b" outcome="Passed" testListId="8c84fa94-04c1-424b-9868-57a2d4851a1d" relativeResultsDirectory="a3ae74a9-b848-42fa-9c9f-57dc6427540f" />
    <UnitTestResult executionId="eb8377b6-a7e0-46ae-9d35-2933042a949b" testId="6e5a8908-c7ce-ea4a-9d3e-a48699d97d4a" testName="BL.Tests.LiftsServiceTest.TestUpdateLiftInfoAsync(userID: 176, lift: Lift { LiftID = 142, LiftName = liftName66a33b83-abb1-4060-bc21-99e66bfad780, IsOpen = True, SeatsAmount = 15, LiftingTime = 183, QueueTime = 90, ConnectedSlopes =  }, checkPermissionServiceMock: Mock&lt;ICheckPermissionService:3&gt;, liftsRepositoryStub: Mock&lt;ILiftsRepository:3&gt;, sut: LiftsService { })" computerName="DESKTOP-TJ9D65N" duration="00:00:00.0067791" startTime="2022-10-15T21:27:20.5686314+03:00" endTime="2022-10-15T21:27:20.5686315+03:00" testType="13cdc9d9-ddb5-4fa4-a97d-d965ccfc6d4b" outcome="Passed" testListId="8c84fa94-04c1-424b-9868-57a2d4851a1d" relativeResultsDirectory="eb8377b6-a7e0-46ae-9d35-2933042a949b" />
    <UnitTestResult executionId="6e7acbb8-6610-4dfc-aed5-4f5708ed542d" testId="a292f872-8a08-66f0-18b7-f31d593fcd0c" testName="BL.Tests.LiftsSlopesServiceTests.TestAdminAddAutoIncrementLiftSlopeAsync(lift: Lift { LiftID = 37, LiftName = liftName5a29c1de-fe58-43e5-b31a-f49e2d6309ad, IsOpen = True, SeatsAmount = 63, LiftingTime = 223, QueueTime = 228, ConnectedSlopes =  }, slope: Slope { SlopeID = 118, SlopeName = slopeName7e93fb45-106a-46e9-9616-e776dcda092b, IsOpen = False, DifficultyLevel = 86, ConnectedLifts =  }, slopesRepositoryStub: Mock&lt;ISlopesRepository:3&gt;, liftsRepositoryStub: Mock&lt;ILiftsRepository:8&gt;, liftsSlopesRepositoryStub: Mock&lt;ILiftsSlopesRepository:8&gt;)" computerName="DESKTOP-TJ9D65N" duration="00:00:00.0314671" startTime="2022-10-15T21:27:20.4755899+03:00" endTime="2022-10-15T21:27:20.4756105+03:00" testType="13cdc9d9-ddb5-4fa4-a97d-d965ccfc6d4b" outcome="Passed" testListId="8c84fa94-04c1-424b-9868-57a2d4851a1d" relativeResultsDirectory="6e7acbb8-6610-4dfc-aed5-4f5708ed542d" />
    <UnitTestResult executionId="0585c045-06b8-4fa6-9a76-5e97d7d1f140" testId="e5497347-2721-b7a6-0bd4-69a9921f6947" testName="BL.Tests.UsersServiceTests.TestAdminGetUserByIDAsync" computerName="DESKTOP-TJ9D65N" duration="00:00:00.0045107" startTime="2022-10-15T21:27:20.5941462+03:00" endTime="2022-10-15T21:27:20.5941464+03:00" testType="13cdc9d9-ddb5-4fa4-a97d-d965ccfc6d4b" outcome="Passed" testListId="8c84fa94-04c1-424b-9868-57a2d4851a1d" relativeResultsDirectory="0585c045-06b8-4fa6-9a76-5e97d7d1f140" />
    <UnitTestResult executionId="dfe053e2-c84a-4a47-89e1-4338db7cbdfe" testId="29e15026-f9cb-0b18-3f33-03fbef4d91f8" testName="BL.Tests.TurnstilesServiceTest.TestAdminUpdateTurnstileAsync(userID: 29, turnstile: Turnstile { TurnstileID = 138, LiftID = 146, IsOpen = True }, checkPermissionServiceMock: Mock&lt;ICheckPermissionService:14&gt;, turnstilesRepositoryStub: Mock&lt;ITurnstilesRepository:8&gt;, sut: TurnstilesService { })" computerName="DESKTOP-TJ9D65N" duration="00:00:00.0320571" startTime="2022-10-15T21:27:20.4789784+03:00" endTime="2022-10-15T21:27:20.4789786+03:00" testType="13cdc9d9-ddb5-4fa4-a97d-d965ccfc6d4b" outcome="Passed" testListId="8c84fa94-04c1-424b-9868-57a2d4851a1d" relativeResultsDirectory="dfe053e2-c84a-4a47-89e1-4338db7cbdfe" />
    <UnitTestResult executionId="e98ab5fb-43b0-4f38-aa2b-5fc8311eac38" testId="492c0393-35b4-df26-a537-21ca08302f3c" testName="BL.Tests.CheckPermissionsServiceTests.SkiPatrolHasNoAccessToAdminFunctions" computerName="DESKTOP-TJ9D65N" duration="00:00:00.0022932" startTime="2022-10-15T21:27:20.5956614+03:00" endTime="2022-10-15T21:27:20.5956616+03:00" testType="13cdc9d9-ddb5-4fa4-a97d-d965ccfc6d4b" outcome="Passed" testListId="8c84fa94-04c1-424b-9868-57a2d4851a1d" relativeResultsDirectory="e98ab5fb-43b0-4f38-aa2b-5fc8311eac38" />
    <UnitTestResult executionId="acc4f719-037e-45c4-a820-529add1a629e" testId="9c7df5e2-1b23-ebea-889f-b78ca86b60ab" testName="BL.Tests.CheckPermissionsServiceTests.AuthorizedHasNoAccessToAdminSkiPatrolFunctions(functionName: &quot;MarkMessageReadByUserAsync&quot;)" computerName="DESKTOP-TJ9D65N" duration="00:00:00.0012626" startTime="2022-10-15T21:27:20.5740340+03:00" endTime="2022-10-15T21:27:20.5740341+03:00" testType="13cdc9d9-ddb5-4fa4-a97d-d965ccfc6d4b" outcome="Passed" testListId="8c84fa94-04c1-424b-9868-57a2d4851a1d" relativeResultsDirectory="acc4f719-037e-45c4-a820-529add1a629e" />
    <UnitTestResult executionId="b51d92a7-a092-4554-a02a-4a5cafc8cd72" testId="2602613f-c8e2-a6d9-fcf7-5b27d4a770a6" testName="BL.Tests.CheckPermissionsServiceTests.AuthorizedHasNoAccessToAdminSkiPatrolFunctions(functionName: &quot;GetMessagesAsync&quot;)" computerName="DESKTOP-TJ9D65N" duration="00:00:00.0029577" startTime="2022-10-15T21:27:20.5704072+03:00" endTime="2022-10-15T21:27:20.5704073+03:00" testType="13cdc9d9-ddb5-4fa4-a97d-d965ccfc6d4b" outcome="Passed" testListId="8c84fa94-04c1-424b-9868-57a2d4851a1d" relativeResultsDirectory="b51d92a7-a092-4554-a02a-4a5cafc8cd72" />
    <UnitTestResult executionId="1257e385-477e-4a7e-9b53-8723d6aac7aa" testId="894941c1-bfa7-d8f9-c047-1e1ceefe2c2f" testName="BL.Tests.UsersServiceTests.TestRegisterUserWithRepeatedEmail" computerName="DESKTOP-TJ9D65N" duration="00:00:00.0039014" startTime="2022-10-15T21:27:20.5676138+03:00" endTime="2022-10-15T21:27:20.5676138+03:00" testType="13cdc9d9-ddb5-4fa4-a97d-d965ccfc6d4b" outcome="Passed" testListId="8c84fa94-04c1-424b-9868-57a2d4851a1d" relativeResultsDirectory="1257e385-477e-4a7e-9b53-8723d6aac7aa" />
    <UnitTestResult executionId="e719655d-c4cb-4559-ab2a-2f54bb949fe8" testId="4f297306-d4f3-8d63-e7f4-1ac0b8c58c74" testName="BL.Tests.CheckPermissionsServiceTests.AuthorizedHasNoAccessToAdminSkiPatrolFunctions(functionName: &quot;GetLiftsSlopesInfoAsync&quot;)" computerName="DESKTOP-TJ9D65N" duration="00:00:00.0015927" startTime="2022-10-15T21:27:20.5783481+03:00" endTime="2022-10-15T21:27:20.5783483+03:00" testType="13cdc9d9-ddb5-4fa4-a97d-d965ccfc6d4b" outcome="Passed" testListId="8c84fa94-04c1-424b-9868-57a2d4851a1d" relativeResultsDirectory="e719655d-c4cb-4559-ab2a-2f54bb949fe8" />
    <UnitTestResult executionId="0ff86ac4-1136-44b8-bc03-a9d4300314ea" testId="1ca07ad8-f799-c5d4-e7cc-34fd950198a2" testName="BL.Tests.UsersServiceTests.TestLogInOk" computerName="DESKTOP-TJ9D65N" duration="00:00:00.0039531" startTime="2022-10-15T21:27:20.5732768+03:00" endTime="2022-10-15T21:27:20.5732769+03:00" testType="13cdc9d9-ddb5-4fa4-a97d-d965ccfc6d4b" outcome="Passed" testListId="8c84fa94-04c1-424b-9868-57a2d4851a1d" relativeResultsDirectory="0ff86ac4-1136-44b8-bc03-a9d4300314ea" />
    <UnitTestResult executionId="bc898832-467c-4d56-8621-b196b4db3694" testId="06d0bc3a-24a0-fb7f-4277-e9ae6d21c7dd" testName="BL.Tests.UsersServiceTests.TestAdminUpdateUser" computerName="DESKTOP-TJ9D65N" duration="00:00:00.0064602" startTime="2022-10-15T21:27:20.5685481+03:00" endTime="2022-10-15T21:27:20.5685482+03:00" testType="13cdc9d9-ddb5-4fa4-a97d-d965ccfc6d4b" outcome="Passed" testListId="8c84fa94-04c1-424b-9868-57a2d4851a1d" relativeResultsDirectory="bc898832-467c-4d56-8621-b196b4db3694" />
    <UnitTestResult executionId="9644a112-ed41-4f67-b180-a26208a31317" testId="20ad8570-0170-85de-dcd7-2f109dd7bcd6" testName="BL.Tests.UsersServiceTests.TestAdminGetUsers" computerName="DESKTOP-TJ9D65N" duration="00:00:00.0388810" startTime="2022-10-15T21:27:20.4791387+03:00" endTime="2022-10-15T21:27:20.4791388+03:00" testType="13cdc9d9-ddb5-4fa4-a97d-d965ccfc6d4b" outcome="Passed" testListId="8c84fa94-04c1-424b-9868-57a2d4851a1d" relativeResultsDirectory="9644a112-ed41-4f67-b180-a26208a31317" />
    <UnitTestResult executionId="4da466c5-2f32-444a-94b8-219b6b6bde95" testId="b37e97c1-abd9-2014-035e-e04805b32692" testName="BL.Tests.SlopesServiceTest.TestAdminAddSlopeAsync(userID: 232, slope: Slope { SlopeID = 145, SlopeName = slopeName03bdcaef-ead0-4532-b2cb-558b3d969663, IsOpen = True, DifficultyLevel = 165, ConnectedLifts =  }, checkPermissionServiceMock: Mock&lt;ICheckPermissionService:11&gt;, slopesRepositoryStub: Mock&lt;ISlopesRepository:9&gt;, sut: SlopesService { })" computerName="DESKTOP-TJ9D65N" duration="00:00:00.0082199" startTime="2022-10-15T21:27:20.5687384+03:00" endTime="2022-10-15T21:27:20.5687385+03:00" testType="13cdc9d9-ddb5-4fa4-a97d-d965ccfc6d4b" outcome="Passed" testListId="8c84fa94-04c1-424b-9868-57a2d4851a1d" relativeResultsDirectory="4da466c5-2f32-444a-94b8-219b6b6bde95" />
    <UnitTestResult executionId="d7d0f7ab-f13b-4361-ab52-768687fb305a" testId="7a75c27c-0253-e1a2-9a23-4fa18a5d9db4" testName="BL.Tests.SlopesServiceTest.TestGetSlopeInfoAsync(userID: 34, slope: Slope { SlopeID = 166, SlopeName = slopeName9675110e-d137-44b0-8ab6-10d779cdd4d4, IsOpen = True, DifficultyLevel = 74, ConnectedLifts =  }, checkPermissionServiceMock: Mock&lt;ICheckPermissionService:6&gt;, slopesRepositoryStub: Mock&lt;ISlopesRepository:4&gt;, liftsSlopesRepositoryStub: Mock&lt;ILiftsSlopesRepository:9&gt;, sut: SlopesService { })" computerName="DESKTOP-TJ9D65N" duration="00:00:00.0110972" startTime="2022-10-15T21:27:20.5677770+03:00" endTime="2022-10-15T21:27:20.5677771+03:00" testType="13cdc9d9-ddb5-4fa4-a97d-d965ccfc6d4b" outcome="Passed" testListId="8c84fa94-04c1-424b-9868-57a2d4851a1d" relativeResultsDirectory="d7d0f7ab-f13b-4361-ab52-768687fb305a" />
    <UnitTestResult executionId="548a7716-c2a0-49ed-917f-c13f4d9d871c" testId="0eeef75f-6e38-7893-a8fe-cff3e0a970a7" testName="BL.Tests.UsersServiceTests.TestRegisterOk" computerName="DESKTOP-TJ9D65N" duration="00:00:00.0239467" startTime="2022-10-15T21:27:20.5694665+03:00" endTime="2022-10-15T21:27:20.5694665+03:00" testType="13cdc9d9-ddb5-4fa4-a97d-d965ccfc6d4b" outcome="Passed" testListId="8c84fa94-04c1-424b-9868-57a2d4851a1d" relativeResultsDirectory="548a7716-c2a0-49ed-917f-c13f4d9d871c" />
    <UnitTestResult executionId="627ca3ea-c882-4087-ac46-a27bfb0a1cd5" testId="229812f5-9a73-5335-11f5-31330d1348a5" testName="BL.Tests.CheckPermissionsServiceTests.UnauthorizedHasNoAccessToAdminSkiPatrolFunctions(functionName: &quot;GetMessagesAsync&quot;)" computerName="DESKTOP-TJ9D65N" duration="00:00:00.0015016" startTime="2022-10-15T21:27:20.5652202+03:00" endTime="2022-10-15T21:27:20.5652202+03:00" testType="13cdc9d9-ddb5-4fa4-a97d-d965ccfc6d4b" outcome="Passed" testListId="8c84fa94-04c1-424b-9868-57a2d4851a1d" relativeResultsDirectory="627ca3ea-c882-4087-ac46-a27bfb0a1cd5" />
    <UnitTestResult executionId="c5baeadc-4790-4dd1-bb0d-c24fe00b8865" testId="2962304c-0328-f01c-0fc4-a6b7e45d4040" testName="BL.Tests.SlopesServiceTest.TestGetSlopesInfoAsync(userID: 35, initialSlopes: [Slope { SlopeID = 63, SlopeName = slopeName4c90eef0-0cc4-42de-b676-61befd0678de, IsOpen = True, DifficultyLevel = 23, ConnectedLifts =  }, Slope { SlopeID = 161, SlopeName = slopeName9e8842fe-cbf8-46b1-aa2f-fd5e23cfb45d, IsOpen = False, DifficultyLevel = 44, ConnectedLifts =  }, Slope { SlopeID = 90, SlopeName = slopeName1273a515-8b3f-4033-a3c3-88a84cc53688, IsOpen = True, DifficultyLevel = 6, ConnectedLifts =  }], checkPermissionServiceMock: Mock&lt;ICheckPermissionService:7&gt;, slopesRepositoryStub: Mock&lt;ISlopesRepository:5&gt;, liftsSlopesRepositoryStub: Mock&lt;ILiftsSlopesRepository:10&gt;, sut: SlopesService { })" computerName="DESKTOP-TJ9D65N" duration="00:00:00.0640068" startTime="2022-10-15T21:27:20.5040088+03:00" endTime="2022-10-15T21:27:20.5040091+03:00" testType="13cdc9d9-ddb5-4fa4-a97d-d965ccfc6d4b" outcome="Passed" testListId="8c84fa94-04c1-424b-9868-57a2d4851a1d" relativeResultsDirectory="c5baeadc-4790-4dd1-bb0d-c24fe00b8865" />
    <UnitTestResult executionId="21e4751c-47ef-4cfb-a5b5-43f38ae4515d" testId="e58c09a8-50d7-b6d6-18fd-1ef7c189bdda" testName="BL.Tests.LiftsServiceTest.TestAdminAddAutoIncrementLiftAsync(userID: 207, lift: Lift { LiftID = 196, LiftName = liftNameff9a907e-49d4-4d0e-a39c-7e41d334e85c, IsOpen = True, SeatsAmount = 166, LiftingTime = 79, QueueTime = 246, ConnectedSlopes =  }, checkPermissionServiceMock: Mock&lt;ICheckPermissionService:5&gt;, liftsRepositoryStub: Mock&lt;ILiftsRepository:5&gt;, sut: LiftsService { })" computerName="DESKTOP-TJ9D65N" duration="00:00:00.0077870" startTime="2022-10-15T21:27:20.5756566+03:00" endTime="2022-10-15T21:27:20.5756567+03:00" testType="13cdc9d9-ddb5-4fa4-a97d-d965ccfc6d4b" outcome="Passed" testListId="8c84fa94-04c1-424b-9868-57a2d4851a1d" relativeResultsDirectory="21e4751c-47ef-4cfb-a5b5-43f38ae4515d" />
    <UnitTestResult executionId="89e345ad-288f-4cdb-9603-09cd0a911ec0" testId="b0d7cf74-5ab3-7be2-6de2-7f265967edee" testName="BL.Tests.TurnstilesServiceTest.TestAdminGetTurnstilesAsync(userID: 53, initialTurnstiles: [Turnstile { TurnstileID = 238, LiftID = 222, IsOpen = True }, Turnstile { TurnstileID = 15, LiftID = 118, IsOpen = False }, Turnstile { TurnstileID = 159, LiftID = 13, IsOpen = True }], checkPermissionServiceMock: Mock&lt;ICheckPermissionService:13&gt;, turnstilesRepositoryStub: Mock&lt;ITurnstilesRepository:7&gt;, sut: TurnstilesService { })" computerName="DESKTOP-TJ9D65N" duration="00:00:00.0049146" startTime="2022-10-15T21:27:20.5674601+03:00" endTime="2022-10-15T21:27:20.5674602+03:00" testType="13cdc9d9-ddb5-4fa4-a97d-d965ccfc6d4b" outcome="Passed" testListId="8c84fa94-04c1-424b-9868-57a2d4851a1d" relativeResultsDirectory="89e345ad-288f-4cdb-9603-09cd0a911ec0" />
    <UnitTestResult executionId="ce57bd03-96ef-4674-b926-7372d74c918e" testId="f3efc418-a8a6-c7b7-9bac-90b33aa8472f" testName="BL.Tests.CheckPermissionsServiceTests.AdminHasAccessToAllFunctions" computerName="DESKTOP-TJ9D65N" duration="00:00:00.0017939" startTime="2022-10-15T21:27:20.5995278+03:00" endTime="2022-10-15T21:27:20.5995279+03:00" testType="13cdc9d9-ddb5-4fa4-a97d-d965ccfc6d4b" outcome="Passed" testListId="8c84fa94-04c1-424b-9868-57a2d4851a1d" relativeResultsDirectory="ce57bd03-96ef-4674-b926-7372d74c918e" />
    <UnitTestResult executionId="8d5e15a5-5497-4871-a6ab-06095a0181bf" testId="69340bb6-3645-f9dd-971e-29d8b2a009bb" testName="BL.Tests.UsersServiceTests.TestLogInWithWrongPassword" computerName="DESKTOP-TJ9D65N" duration="00:00:00.0026397" startTime="2022-10-15T21:27:20.5786867+03:00" endTime="2022-10-15T21:27:20.5786868+03:00" testType="13cdc9d9-ddb5-4fa4-a97d-d965ccfc6d4b" outcome="Passed" testListId="8c84fa94-04c1-424b-9868-57a2d4851a1d" relativeResultsDirectory="8d5e15a5-5497-4871-a6ab-06095a0181bf" />
    <UnitTestResult executionId="c29fe43d-f6df-41e2-bba3-775c7a704c0a" testId="644ec43e-70cd-c82d-42e7-0d990be1414d" testName="BL.Tests.CheckPermissionsServiceTests.AuthorizedHasAccessToAuthorizedFunctions(functionName: &quot;SendMessageAsync&quot;)" computerName="DESKTOP-TJ9D65N" duration="00:00:00.0023596" startTime="2022-10-15T21:27:20.5833111+03:00" endTime="2022-10-15T21:27:20.5833114+03:00" testType="13cdc9d9-ddb5-4fa4-a97d-d965ccfc6d4b" outcome="Passed" testListId="8c84fa94-04c1-424b-9868-57a2d4851a1d" relativeResultsDirectory="c29fe43d-f6df-41e2-bba3-775c7a704c0a" />
    <UnitTestResult executionId="f47276dc-3d18-4754-b1fb-75b129430d25" testId="387c9729-48c1-486e-5e67-f5d11a9f0db8" testName="BL.Tests.CheckPermissionsServiceTests.UnauthorizedHasNoAccessToAdminSkiPatrolFunctions(functionName: &quot;GetLiftsSlopesInfoAsync&quot;)" computerName="DESKTOP-TJ9D65N" duration="00:00:00.0016001" startTime="2022-10-15T21:27:20.5648829+03:00" endTime="2022-10-15T21:27:20.5648830+03:00" testType="13cdc9d9-ddb5-4fa4-a97d-d965ccfc6d4b" outcome="Passed" testListId="8c84fa94-04c1-424b-9868-57a2d4851a1d" relativeResultsDirectory="f47276dc-3d18-4754-b1fb-75b129430d25" />
    <UnitTestResult executionId="ecc207e6-3342-4b26-84e7-735a6c920d65" testId="39be9b5e-0bc4-57dc-37d3-aec6b520299d" testName="BL.Tests.LiftsSlopesServiceTests.TestGetLiftsSlopesInfoAsync(liftsSlopes: [LiftSlope { RecordID = 64, LiftID = 243, SlopeID = 237 }, LiftSlope { RecordID = 220, LiftID = 54, SlopeID = 28 }, LiftSlope { RecordID = 47, LiftID = 159, SlopeID = 251 }], slopesRepositoryStub: Mock&lt;ISlopesRepository:1&gt;, liftsRepositoryStub: Mock&lt;ILiftsRepository:6&gt;, liftsSlopesRepositoryStub: Mock&lt;ILiftsSlopesRepository:6&gt;)" computerName="DESKTOP-TJ9D65N" duration="00:00:00.0047373" startTime="2022-10-15T21:27:20.5651382+03:00" endTime="2022-10-15T21:27:20.5651383+03:00" testType="13cdc9d9-ddb5-4fa4-a97d-d965ccfc6d4b" outcome="Passed" testListId="8c84fa94-04c1-424b-9868-57a2d4851a1d" relativeResultsDirectory="ecc207e6-3342-4b26-84e7-735a6c920d65" />
    <UnitTestResult executionId="314317f7-3345-402f-8163-6566f5c9532c" testId="ee58577d-6f09-11d0-2209-a2bbe7d2429f" testName="BL.Tests.SlopesServiceTest.TestUpdateSlopeInfoAsync(userID: 54, slope: Slope { SlopeID = 185, SlopeName = slopeName97ba3dca-470e-4e80-954a-ffec8a2fee5f, IsOpen = True, DifficultyLevel = 89, ConnectedLifts =  }, checkPermissionServiceMock: Mock&lt;ICheckPermissionService:8&gt;, slopesRepositoryStub: Mock&lt;ISlopesRepository:6&gt;, sut: SlopesService { })" computerName="DESKTOP-TJ9D65N" duration="00:00:00.0081364" startTime="2022-10-15T21:27:20.5693968+03:00" endTime="2022-10-15T21:27:20.5693969+03:00" testType="13cdc9d9-ddb5-4fa4-a97d-d965ccfc6d4b" outcome="Passed" testListId="8c84fa94-04c1-424b-9868-57a2d4851a1d" relativeResultsDirectory="314317f7-3345-402f-8163-6566f5c9532c" />
    <UnitTestResult executionId="23cdbc70-365e-4004-b8c4-b53e9e4cdeba" testId="f44a1b21-8efc-bfac-63b4-d534442def31" testName="BL.Tests.UsersServiceTests.TestRegisterUserWithNoPassword" computerName="DESKTOP-TJ9D65N" duration="00:00:00.0016736" startTime="2022-10-15T21:27:20.5653092+03:00" endTime="2022-10-15T21:27:20.5653092+03:00" testType="13cdc9d9-ddb5-4fa4-a97d-d965ccfc6d4b" outcome="Passed" testListId="8c84fa94-04c1-424b-9868-57a2d4851a1d" relativeResultsDirectory="23cdbc70-365e-4004-b8c4-b53e9e4cdeba" />
    <UnitTestResult executionId="23be72d2-24f1-43b6-8445-afa1e471a109" testId="aa28a6b3-21d3-aa45-24d3-bef2facbc899" testName="BL.Tests.CheckPermissionsServiceTests.AuthorizedHasAccessToAuthorizedFunctions(functionName: &quot;LogOutAsync&quot;)" computerName="DESKTOP-TJ9D65N" duration="00:00:00.0007788" startTime="2022-10-15T21:27:20.5862988+03:00" endTime="2022-10-15T21:27:20.5862989+03:00" testType="13cdc9d9-ddb5-4fa4-a97d-d965ccfc6d4b" outcome="Passed" testListId="8c84fa94-04c1-424b-9868-57a2d4851a1d" relativeResultsDirectory="23be72d2-24f1-43b6-8445-afa1e471a109" />
    <UnitTestResult executionId="472cf10a-eeb5-4b03-b4f0-3be4639de358" testId="24da9b4c-6652-e4a3-661a-71e53d090094" testName="BL.Tests.LiftsSlopesServiceTests.TestAdminDeleteLiftSlopeAsync(lift: Lift { LiftID = 8, LiftName = liftName9193b433-d8a3-4a50-91f8-703275b136c5, IsOpen = True, SeatsAmount = 53, LiftingTime = 123, QueueTime = 29, ConnectedSlopes =  }, slope: Slope { SlopeID = 61, SlopeName = slopeName358a1fec-0458-474e-8a6e-487bbf8bef8b, IsOpen = False, DifficultyLevel = 106, ConnectedLifts =  }, slopesRepositoryStub: Mock&lt;ISlopesRepository:2&gt;, liftsRepositoryStub: Mock&lt;ILiftsRepository:7&gt;, liftsSlopesRepositoryStub: Mock&lt;ILiftsSlopesRepository:7&gt;)" computerName="DESKTOP-TJ9D65N" duration="00:00:00.0063616" startTime="2022-10-15T21:27:20.5675907+03:00" endTime="2022-10-15T21:27:20.5675908+03:00" testType="13cdc9d9-ddb5-4fa4-a97d-d965ccfc6d4b" outcome="Passed" testListId="8c84fa94-04c1-424b-9868-57a2d4851a1d" relativeResultsDirectory="472cf10a-eeb5-4b03-b4f0-3be4639de358" />
    <UnitTestResult executionId="4de07195-8784-4280-be3f-e8d3f1fb91bb" testId="8184bd30-991c-b78d-b4ec-99a485eac0dd" testName="BL.Tests.UsersServiceTests.TestRegisterUserWithNoEmail" computerName="DESKTOP-TJ9D65N" duration="00:00:00.0030283" startTime="2022-10-15T21:27:20.5650885+03:00" endTime="2022-10-15T21:27:20.5650886+03:00" testType="13cdc9d9-ddb5-4fa4-a97d-d965ccfc6d4b" outcome="Passed" testListId="8c84fa94-04c1-424b-9868-57a2d4851a1d" relativeResultsDirectory="4de07195-8784-4280-be3f-e8d3f1fb91bb" />
    <UnitTestResult executionId="a10eeef6-bc6c-4383-a9e9-8afe478f88ed" testId="e2d7e5be-3dae-33ae-fb17-c704b6fd58d6" testName="BL.Tests.CheckPermissionsServiceTests.UnauthorizedHasNoAccessToAdminFunctions" computerName="DESKTOP-TJ9D65N" duration="00:00:00.0023282" startTime="2022-10-15T21:27:20.5913090+03:00" endTime="2022-10-15T21:27:20.5913092+03:00" testType="13cdc9d9-ddb5-4fa4-a97d-d965ccfc6d4b" outcome="Passed" testListId="8c84fa94-04c1-424b-9868-57a2d4851a1d" relativeResultsDirectory="a10eeef6-bc6c-4383-a9e9-8afe478f88ed" />
    <UnitTestResult executionId="1a9aa47e-e927-41b7-bbae-5e450c7d39b3" testId="834c739b-eca4-b36d-6a66-5a1bd75377b8" testName="BL.Tests.UsersServiceTests.TestAdminAddAutoIncrementUser" computerName="DESKTOP-TJ9D65N" duration="00:00:00.0065397" startTime="2022-10-15T21:27:20.5872839+03:00" endTime="2022-10-15T21:27:20.5872840+03:00" testType="13cdc9d9-ddb5-4fa4-a97d-d965ccfc6d4b" outcome="Passed" testListId="8c84fa94-04c1-424b-9868-57a2d4851a1d" relativeResultsDirectory="1a9aa47e-e927-41b7-bbae-5e450c7d39b3" />
    <UnitTestResult executionId="d4963c13-a587-43bc-a800-52b4718ea33c" testId="4cd1ff55-f372-4e5e-f130-f543d0cbbae1" testName="BL.Tests.TurnstilesServiceTest.TestAdminDeleteTurnstileAsync(userID: 80, turnstile: Turnstile { TurnstileID = 6, LiftID = 90, IsOpen = True }, checkPermissionServiceMock: Mock&lt;ICheckPermissionService:15&gt;, turnstilesRepositoryStub: Mock&lt;ITurnstilesRepository:9&gt;, sut: TurnstilesService { })" computerName="DESKTOP-TJ9D65N" duration="00:00:00.0040006" startTime="2022-10-15T21:27:20.5676729+03:00" endTime="2022-10-15T21:27:20.5676729+03:00" testType="13cdc9d9-ddb5-4fa4-a97d-d965ccfc6d4b" outcome="Passed" testListId="8c84fa94-04c1-424b-9868-57a2d4851a1d" relativeResultsDirectory="d4963c13-a587-43bc-a800-52b4718ea33c" />
    <UnitTestResult executionId="78f6c41e-5edb-418a-b981-0d982c6a85b0" testId="c36970dc-93f7-753e-fa47-157133b01644" testName="BL.Tests.CheckPermissionsServiceTests.SkiPatrolHasAccessToAdminSkiPatrolFunctions(functionName: &quot;GetMessagesAsync&quot;)" computerName="DESKTOP-TJ9D65N" duration="00:00:00.0012401" startTime="2022-10-15T21:27:20.5693277+03:00" endTime="2022-10-15T21:27:20.5693278+03:00" testType="13cdc9d9-ddb5-4fa4-a97d-d965ccfc6d4b" outcome="Passed" testListId="8c84fa94-04c1-424b-9868-57a2d4851a1d" relativeResultsDirectory="78f6c41e-5edb-418a-b981-0d982c6a85b0" />
    <UnitTestResult executionId="98a7947c-91c8-47a9-a48c-11cf82c1a657" testId="a78a5ff2-cbb5-8864-6f2c-15614abac6ff" testName="BL.Tests.LiftsServiceTest.TestGetLiftsInfoAsync(userID: 204, initialLifts: [Lift { LiftID = 218, LiftName = liftName0ccb8057-d278-41f7-ae0a-5de9edb4e6f0, IsOpen = True, SeatsAmount = 181, LiftingTime = 192, QueueTime = 87, ConnectedSlopes =  }, Lift { LiftID = 44, LiftName = liftName9eb2c182-e2aa-455a-9dcb-8c65294b278e, IsOpen = False, SeatsAmount = 234, LiftingTime = 100, QueueTime = 49, ConnectedSlopes =  }, Lift { LiftID = 151, LiftName = liftName5be2531b-8449-49a1-951e-589a4187f831, IsOpen = True, SeatsAmount = 45, LiftingTime = 224, QueueTime = 250, ConnectedSlopes =  }], checkPermissionServiceMock: Mock&lt;ICheckPermissionService:2&gt;, liftsRepositoryStub: Mock&lt;ILiftsRepository:2&gt;, liftsSlopesRepositoryStub: Mock&lt;ILiftsSlopesRepository:2&gt;, sut: LiftsService { })" computerName="DESKTOP-TJ9D65N" duration="00:00:00.0197123" startTime="2022-10-15T21:27:20.5676936+03:00" endTime="2022-10-15T21:27:20.5676937+03:00" testType="13cdc9d9-ddb5-4fa4-a97d-d965ccfc6d4b" outcome="Passed" testListId="8c84fa94-04c1-424b-9868-57a2d4851a1d" relativeResultsDirectory="98a7947c-91c8-47a9-a48c-11cf82c1a657" />
    <UnitTestResult executionId="c4b31bd7-58b5-4abe-9c4b-c629184c6bfe" testId="e0d4aa68-a87b-0643-068b-efcb30f4033f" testName="BL.Tests.SlopesServiceTest.TestAdminAddAutoIncrementSlopeAsync(userID: 109, slope: Slope { SlopeID = 1, SlopeName = slopeNamef5e56890-a5c4-40c8-92c1-a5a38f3f93b3, IsOpen = True, DifficultyLevel = 114, ConnectedLifts =  }, checkPermissionServiceMock: Mock&lt;ICheckPermissionService:10&gt;, slopesRepositoryStub: Mock&lt;ISlopesRepository:8&gt;, sut: SlopesService { })" computerName="DESKTOP-TJ9D65N" duration="00:00:00.0094376" startTime="2022-10-15T21:27:20.5763644+03:00" endTime="2022-10-15T21:27:20.5763646+03:00" testType="13cdc9d9-ddb5-4fa4-a97d-d965ccfc6d4b" outcome="Passed" testListId="8c84fa94-04c1-424b-9868-57a2d4851a1d" relativeResultsDirectory="c4b31bd7-58b5-4abe-9c4b-c629184c6bfe" />
    <UnitTestResult executionId="91668c7c-373c-4229-94a4-37504162d144" testId="fa960c5e-f989-2880-784e-8efe538c5231" testName="BL.Tests.CheckPermissionsServiceTests.UnauthorizedHasNoAccessToAuthorizedFunctions(functionName: &quot;LogOutAsync&quot;)" computerName="DESKTOP-TJ9D65N" duration="00:00:00.0013560" startTime="2022-10-15T21:27:20.5677131+03:00" endTime="2022-10-15T21:27:20.5677131+03:00" testType="13cdc9d9-ddb5-4fa4-a97d-d965ccfc6d4b" outcome="Passed" testListId="8c84fa94-04c1-424b-9868-57a2d4851a1d" relativeResultsDirectory="91668c7c-373c-4229-94a4-37504162d144" />
    <UnitTestResult executionId="599f627f-15b6-447b-9e08-7528638ae2d1" testId="48213ae0-c67d-e899-9249-3a71df85ba0f" testName="BL.Tests.SlopesServiceTest.TestAdminDeleteSlopeAsync(userID: 16, slope: Slope { SlopeID = 21, SlopeName = slopeNamecacc1a3c-c033-4a4a-ad10-b8cee602c729, IsOpen = True, DifficultyLevel = 30, ConnectedLifts =  }, checkPermissionServiceMock: Mock&lt;ICheckPermissionService:9&gt;, slopesRepositoryStub: Mock&lt;ISlopesRepository:7&gt;, liftsSlopesRepositoryStub: Mock&lt;ILiftsSlopesRepository:12&gt;, sut: SlopesService { })" computerName="DESKTOP-TJ9D65N" duration="00:00:00.0056364" startTime="2022-10-15T21:27:20.5651670+03:00" endTime="2022-10-15T21:27:20.5651671+03:00" testType="13cdc9d9-ddb5-4fa4-a97d-d965ccfc6d4b" outcome="Passed" testListId="8c84fa94-04c1-424b-9868-57a2d4851a1d" relativeResultsDirectory="599f627f-15b6-447b-9e08-7528638ae2d1" />
    <UnitTestResult executionId="b2e8fb82-0807-4d30-a666-c109e59bfac5" testId="18fa8c62-e27d-e1fc-8182-4d7db62b008d" testName="BL.Tests.UsersServiceTests.TestAdminDeleteUser" computerName="DESKTOP-TJ9D65N" duration="00:00:00.0028788" startTime="2022-10-15T21:27:20.5990182+03:00" endTime="2022-10-15T21:27:20.5990183+03:00" testType="13cdc9d9-ddb5-4fa4-a97d-d965ccfc6d4b" outcome="Passed" testListId="8c84fa94-04c1-424b-9868-57a2d4851a1d" relativeResultsDirectory="b2e8fb82-0807-4d30-a666-c109e59bfac5" />
  </Results>
  <TestDefinitions>
    <UnitTest name="BL.Tests.CheckPermissionsServiceTests.AuthorizedHasNoAccessToAdminSkiPatrolFunctions(functionName: &quot;MarkMessageReadByUserAsync&quot;)" storage="c:\users\alena\desktop\7_sem\testing_and_debugging\skiresort\bl.tests\bin\debug\net6.0\bl.tests.dll" id="9c7df5e2-1b23-ebea-889f-b78ca86b60ab">
      <Execution id="acc4f719-037e-45c4-a820-529add1a629e" />
      <TestMethod codeBase="C:\Users\alena\Desktop\7_sem\testing_and_debugging\SkiResort\BL.Tests\bin\Debug\net6.0\BL.Tests.dll" adapterTypeName="executor://xunit/VsTestRunner2/netcoreapp" className="BL.Tests.CheckPermissionsServiceTests" name="AuthorizedHasNoAccessToAdminSkiPatrolFunctions" />
    </UnitTest>
    <UnitTest name="BL.Tests.CheckPermissionsServiceTests.UnauthorizedHasNoAccessToAdminSkiPatrolFunctions(functionName: &quot;MarkMessageReadByUserAsync&quot;)" storage="c:\users\alena\desktop\7_sem\testing_and_debugging\skiresort\bl.tests\bin\debug\net6.0\bl.tests.dll" id="a19a5fcf-c5d2-7d44-5d7d-84403042f4e0">
      <Execution id="a38e07e1-abd4-4c58-89e0-05ad5501a505" />
      <TestMethod codeBase="C:\Users\alena\Desktop\7_sem\testing_and_debugging\SkiResort\BL.Tests\bin\Debug\net6.0\BL.Tests.dll" adapterTypeName="executor://xunit/VsTestRunner2/netcoreapp" className="BL.Tests.CheckPermissionsServiceTests" name="UnauthorizedHasNoAccessToAdminSkiPatrolFunctions" />
    </UnitTest>
    <UnitTest name="BL.Tests.CheckPermissionsServiceTests.AuthorizedHasNoAccessToAdminSkiPatrolFunctions(functionName: &quot;GetMessagesAsync&quot;)" storage="c:\users\alena\desktop\7_sem\testing_and_debugging\skiresort\bl.tests\bin\debug\net6.0\bl.tests.dll" id="2602613f-c8e2-a6d9-fcf7-5b27d4a770a6">
      <Execution id="b51d92a7-a092-4554-a02a-4a5cafc8cd72" />
      <TestMethod codeBase="C:\Users\alena\Desktop\7_sem\testing_and_debugging\SkiResort\BL.Tests\bin\Debug\net6.0\BL.Tests.dll" adapterTypeName="executor://xunit/VsTestRunner2/netcoreapp" className="BL.Tests.CheckPermissionsServiceTests" name="AuthorizedHasNoAccessToAdminSkiPatrolFunctions" />
    </UnitTest>
    <UnitTest name="BL.Tests.CheckPermissionsServiceTests.AuthorizedHasNoAccessToAdminFunctions" storage="c:\users\alena\desktop\7_sem\testing_and_debugging\skiresort\bl.tests\bin\debug\net6.0\bl.tests.dll" id="a2e59116-cb53-1d70-9cb8-21c286516866">
      <Execution id="fd43da3f-369d-4c01-bba4-db00fe51c335" />
      <TestMethod codeBase="C:\Users\alena\Desktop\7_sem\testing_and_debugging\SkiResort\BL.Tests\bin\Debug\net6.0\BL.Tests.dll" adapterTypeName="executor://xunit/VsTestRunner2/netcoreapp" className="BL.Tests.CheckPermissionsServiceTests" name="AuthorizedHasNoAccessToAdminFunctions" />
    </UnitTest>
    <UnitTest name="BL.Tests.CheckPermissionsServiceTests.SkiPatrolHasAccessToAdminSkiPatrolFunctions(functionName: &quot;GetMessagesAsync&quot;)" storage="c:\users\alena\desktop\7_sem\testing_and_debugging\skiresort\bl.tests\bin\debug\net6.0\bl.tests.dll" id="c36970dc-93f7-753e-fa47-157133b01644">
      <Execution id="78f6c41e-5edb-418a-b981-0d982c6a85b0" />
      <TestMethod codeBase="C:\Users\alena\Desktop\7_sem\testing_and_debugging\SkiResort\BL.Tests\bin\Debug\net6.0\BL.Tests.dll" adapterTypeName="executor://xunit/VsTestRunner2/netcoreapp" className="BL.Tests.CheckPermissionsServiceTests" name="SkiPatrolHasAccessToAdminSkiPatrolFunctions" />
    </UnitTest>
    <UnitTest name="BL.Tests.CheckPermissionsServiceTests.AdminHasAccessToAllFunctions" storage="c:\users\alena\desktop\7_sem\testing_and_debugging\skiresort\bl.tests\bin\debug\net6.0\bl.tests.dll" id="f3efc418-a8a6-c7b7-9bac-90b33aa8472f">
      <Execution id="ce57bd03-96ef-4674-b926-7372d74c918e" />
      <TestMethod codeBase="C:\Users\alena\Desktop\7_sem\testing_and_debugging\SkiResort\BL.Tests\bin\Debug\net6.0\BL.Tests.dll" adapterTypeName="executor://xunit/VsTestRunner2/netcoreapp" className="BL.Tests.CheckPermissionsServiceTests" name="AdminHasAccessToAllFunctions" />
    </UnitTest>
    <UnitTest name="BL.Tests.TurnstilesServiceTest.TestAdminAddAutoIncrementTurnstileAsync(userID: 150, turnstile: Turnstile { TurnstileID = 74, LiftID = 39, IsOpen = True }, checkPermissionServiceMock: Mock&lt;ICheckPermissionService:16&gt;, turnstilesRepositoryStub: Mock&lt;ITurnstilesRepository:10&gt;, sut: TurnstilesService { })" storage="c:\users\alena\desktop\7_sem\testing_and_debugging\skiresort\bl.tests\bin\debug\net6.0\bl.tests.dll" id="8e150c35-eedc-628c-3083-9d8a8e7e5232">
      <Execution id="a9b333e8-3c2e-46ca-b053-91672cc3c019" />
      <TestMethod codeBase="C:\Users\alena\Desktop\7_sem\testing_and_debugging\SkiResort\BL.Tests\bin\Debug\net6.0\BL.Tests.dll" adapterTypeName="executor://xunit/VsTestRunner2/netcoreapp" className="BL.Tests.TurnstilesServiceTest" name="TestAdminAddAutoIncrementTurnstileAsync" />
    </UnitTest>
    <UnitTest name="BL.Tests.UsersServiceTests.TestRegisterUserWithNoPassword" storage="c:\users\alena\desktop\7_sem\testing_and_debugging\skiresort\bl.tests\bin\debug\net6.0\bl.tests.dll" id="f44a1b21-8efc-bfac-63b4-d534442def31">
      <Execution id="23cdbc70-365e-4004-b8c4-b53e9e4cdeba" />
      <TestMethod codeBase="C:\Users\alena\Desktop\7_sem\testing_and_debugging\SkiResort\BL.Tests\bin\Debug\net6.0\BL.Tests.dll" adapterTypeName="executor://xunit/VsTestRunner2/netcoreapp" className="BL.Tests.UsersServiceTests" name="TestRegisterUserWithNoPassword" />
    </UnitTest>
    <UnitTest name="BL.Tests.UsersServiceTests.TestAdminGetUserByIDAsync" storage="c:\users\alena\desktop\7_sem\testing_and_debugging\skiresort\bl.tests\bin\debug\net6.0\bl.tests.dll" id="e5497347-2721-b7a6-0bd4-69a9921f6947">
      <Execution id="0585c045-06b8-4fa6-9a76-5e97d7d1f140" />
      <TestMethod codeBase="C:\Users\alena\Desktop\7_sem\testing_and_debugging\SkiResort\BL.Tests\bin\Debug\net6.0\BL.Tests.dll" adapterTypeName="executor://xunit/VsTestRunner2/netcoreapp" className="BL.Tests.UsersServiceTests" name="TestAdminGetUserByIDAsync" />
    </UnitTest>
    <UnitTest name="BL.Tests.SlopesServiceTest.TestAdminDeleteSlopeAsync(userID: 16, slope: Slope { SlopeID = 21, SlopeName = slopeNamecacc1a3c-c033-4a4a-ad10-b8cee602c729, IsOpen = True, DifficultyLevel = 30, ConnectedLifts =  }, checkPermissionServiceMock: Mock&lt;ICheckPermissionService:9&gt;, slopesRepositoryStub: Mock&lt;ISlopesRepository:7&gt;, liftsSlopesRepositoryStub: Mock&lt;ILiftsSlopesRepository:12&gt;, sut: SlopesService { })" storage="c:\users\alena\desktop\7_sem\testing_and_debugging\skiresort\bl.tests\bin\debug\net6.0\bl.tests.dll" id="48213ae0-c67d-e899-9249-3a71df85ba0f">
      <Execution id="599f627f-15b6-447b-9e08-7528638ae2d1" />
      <TestMethod codeBase="C:\Users\alena\Desktop\7_sem\testing_and_debugging\SkiResort\BL.Tests\bin\Debug\net6.0\BL.Tests.dll" adapterTypeName="executor://xunit/VsTestRunner2/netcoreapp" className="BL.Tests.SlopesServiceTest" name="TestAdminDeleteSlopeAsync" />
    </UnitTest>
    <UnitTest name="BL.Tests.LiftsServiceTest.TestAdminDeleteLiftAsync(userID: 216, lift: Lift { LiftID = 101, LiftName = liftNameee175d09-a318-4b7a-b626-d7e8db9231a7, IsOpen = True, SeatsAmount = 155, LiftingTime = 122, QueueTime = 241, ConnectedSlopes =  }, checkPermissionServiceMock: Mock&lt;ICheckPermissionService:4&gt;, liftsRepositoryStub: Mock&lt;ILiftsRepository:4&gt;, liftsSlopesRepositoryStub: Mock&lt;ILiftsSlopesRepository:4&gt;, sut: LiftsService { })" storage="c:\users\alena\desktop\7_sem\testing_and_debugging\skiresort\bl.tests\bin\debug\net6.0\bl.tests.dll" id="360f52e7-4e1f-8583-0b10-68a41e6f8e5d">
      <Execution id="b936d1f8-532f-4cc6-aba6-5e080a10f599" />
      <TestMethod codeBase="C:\Users\alena\Desktop\7_sem\testing_and_debugging\SkiResort\BL.Tests\bin\Debug\net6.0\BL.Tests.dll" adapterTypeName="executor://xunit/VsTestRunner2/netcoreapp" className="BL.Tests.LiftsServiceTest" name="TestAdminDeleteLiftAsync" />
    </UnitTest>
    <UnitTest name="BL.Tests.UsersServiceTests.TestAdminAddAutoIncrementUser" storage="c:\users\alena\desktop\7_sem\testing_and_debugging\skiresort\bl.tests\bin\debug\net6.0\bl.tests.dll" id="834c739b-eca4-b36d-6a66-5a1bd75377b8">
      <Execution id="1a9aa47e-e927-41b7-bbae-5e450c7d39b3" />
      <TestMethod codeBase="C:\Users\alena\Desktop\7_sem\testing_and_debugging\SkiResort\BL.Tests\bin\Debug\net6.0\BL.Tests.dll" adapterTypeName="executor://xunit/VsTestRunner2/netcoreapp" className="BL.Tests.UsersServiceTests" name="TestAdminAddAutoIncrementUser" />
    </UnitTest>
    <UnitTest name="BL.Tests.CheckPermissionsServiceTests.UnauthorizedHasNoAccessToAdminSkiPatrolFunctions(functionName: &quot;GetLiftsSlopesInfoAsync&quot;)" storage="c:\users\alena\desktop\7_sem\testing_and_debugging\skiresort\bl.tests\bin\debug\net6.0\bl.tests.dll" id="387c9729-48c1-486e-5e67-f5d11a9f0db8">
      <Execution id="f47276dc-3d18-4754-b1fb-75b129430d25" />
      <TestMethod codeBase="C:\Users\alena\Desktop\7_sem\testing_and_debugging\SkiResort\BL.Tests\bin\Debug\net6.0\BL.Tests.dll" adapterTypeName="executor://xunit/VsTestRunner2/netcoreapp" className="BL.Tests.CheckPermissionsServiceTests" name="UnauthorizedHasNoAccessToAdminSkiPatrolFunctions" />
    </UnitTest>
    <UnitTest name="BL.Tests.CheckPermissionsServiceTests.SkiPatrolHasAccessToAdminSkiPatrolFunctions(functionName: &quot;MarkMessageReadByUserAsync&quot;)" storage="c:\users\alena\desktop\7_sem\testing_and_debugging\skiresort\bl.tests\bin\debug\net6.0\bl.tests.dll" id="60bd668f-04df-da5e-b79b-5d9aedb5234d">
      <Execution id="93361ab7-d16f-4d70-9059-94299f7bad5e" />
      <TestMethod codeBase="C:\Users\alena\Desktop\7_sem\testing_and_debugging\SkiResort\BL.Tests\bin\Debug\net6.0\BL.Tests.dll" adapterTypeName="executor://xunit/VsTestRunner2/netcoreapp" className="BL.Tests.CheckPermissionsServiceTests" name="SkiPatrolHasAccessToAdminSkiPatrolFunctions" />
    </UnitTest>
    <UnitTest name="BL.Tests.CheckPermissionsServiceTests.UnauthorizedHasNoAccessToAdminFunctions" storage="c:\users\alena\desktop\7_sem\testing_and_debugging\skiresort\bl.tests\bin\debug\net6.0\bl.tests.dll" id="e2d7e5be-3dae-33ae-fb17-c704b6fd58d6">
      <Execution id="a10eeef6-bc6c-4383-a9e9-8afe478f88ed" />
      <TestMethod codeBase="C:\Users\alena\Desktop\7_sem\testing_and_debugging\SkiResort\BL.Tests\bin\Debug\net6.0\BL.Tests.dll" adapterTypeName="executor://xunit/VsTestRunner2/netcoreapp" className="BL.Tests.CheckPermissionsServiceTests" name="UnauthorizedHasNoAccessToAdminFunctions" />
    </UnitTest>
    <UnitTest name="BL.Tests.UsersServiceTests.TestLogInWithWrongPassword" storage="c:\users\alena\desktop\7_sem\testing_and_debugging\skiresort\bl.tests\bin\debug\net6.0\bl.tests.dll" id="69340bb6-3645-f9dd-971e-29d8b2a009bb">
      <Execution id="8d5e15a5-5497-4871-a6ab-06095a0181bf" />
      <TestMethod codeBase="C:\Users\alena\Desktop\7_sem\testing_and_debugging\SkiResort\BL.Tests\bin\Debug\net6.0\BL.Tests.dll" adapterTypeName="executor://xunit/VsTestRunner2/netcoreapp" className="BL.Tests.UsersServiceTests" name="TestLogInWithWrongPassword" />
    </UnitTest>
    <UnitTest name="BL.Tests.CheckPermissionsServiceTests.SkiPatrolHasAccessToAdminSkiPatrolFunctions(functionName: &quot;GetLiftsSlopesInfoAsync&quot;)" storage="c:\users\alena\desktop\7_sem\testing_and_debugging\skiresort\bl.tests\bin\debug\net6.0\bl.tests.dll" id="2d706594-f2b3-b3c8-21d4-86c9798c3306">
      <Execution id="a3ae74a9-b848-42fa-9c9f-57dc6427540f" />
      <TestMethod codeBase="C:\Users\alena\Desktop\7_sem\testing_and_debugging\SkiResort\BL.Tests\bin\Debug\net6.0\BL.Tests.dll" adapterTypeName="executor://xunit/VsTestRunner2/netcoreapp" className="BL.Tests.CheckPermissionsServiceTests" name="SkiPatrolHasAccessToAdminSkiPatrolFunctions" />
    </UnitTest>
    <UnitTest name="BL.Tests.CheckPermissionsServiceTests.SkiPatrolHasNoAccessToAdminFunctions" storage="c:\users\alena\desktop\7_sem\testing_and_debugging\skiresort\bl.tests\bin\debug\net6.0\bl.tests.dll" id="492c0393-35b4-df26-a537-21ca08302f3c">
      <Execution id="e98ab5fb-43b0-4f38-aa2b-5fc8311eac38" />
      <TestMethod codeBase="C:\Users\alena\Desktop\7_sem\testing_and_debugging\SkiResort\BL.Tests\bin\Debug\net6.0\BL.Tests.dll" adapterTypeName="executor://xunit/VsTestRunner2/netcoreapp" className="BL.Tests.CheckPermissionsServiceTests" name="SkiPatrolHasNoAccessToAdminFunctions" />
    </UnitTest>
    <UnitTest name="BL.Tests.LiftsSlopesServiceTests.TestAdminDeleteLiftSlopeAsync(lift: Lift { LiftID = 8, LiftName = liftName9193b433-d8a3-4a50-91f8-703275b136c5, IsOpen = True, SeatsAmount = 53, LiftingTime = 123, QueueTime = 29, ConnectedSlopes =  }, slope: Slope { SlopeID = 61, SlopeName = slopeName358a1fec-0458-474e-8a6e-487bbf8bef8b, IsOpen = False, DifficultyLevel = 106, ConnectedLifts =  }, slopesRepositoryStub: Mock&lt;ISlopesRepository:2&gt;, liftsReposit..." storage="c:\users\alena\desktop\7_sem\testing_and_debugging\skiresort\bl.tests\bin\debug\net6.0\bl.tests.dll" id="24da9b4c-6652-e4a3-661a-71e53d090094">
      <Execution id="472cf10a-eeb5-4b03-b4f0-3be4639de358" />
      <TestMethod codeBase="C:\Users\alena\Desktop\7_sem\testing_and_debugging\SkiResort\BL.Tests\bin\Debug\net6.0\BL.Tests.dll" adapterTypeName="executor://xunit/VsTestRunner2/netcoreapp" className="BL.Tests.LiftsSlopesServiceTests" name="TestAdminDeleteLiftSlopeAsync" />
    </UnitTest>
    <UnitTest name="BL.Tests.UsersServiceTests.TestAdminDeleteUser" storage="c:\users\alena\desktop\7_sem\testing_and_debugging\skiresort\bl.tests\bin\debug\net6.0\bl.tests.dll" id="18fa8c62-e27d-e1fc-8182-4d7db62b008d">
      <Execution id="b2e8fb82-0807-4d30-a666-c109e59bfac5" />
      <TestMethod codeBase="C:\Users\alena\Desktop\7_sem\testing_and_debugging\SkiResort\BL.Tests\bin\Debug\net6.0\BL.Tests.dll" adapterTypeName="executor://xunit/VsTestRunner2/netcoreapp" className="BL.Tests.UsersServiceTests" name="TestAdminDeleteUser" />
    </UnitTest>
    <UnitTest name="BL.Tests.LiftsServiceTest.TestGetLiftInfoAsync(userID: 56, lift: Lift { LiftID = 236, LiftName = liftNamedc7f1f44-4b4c-4c0f-9996-1ee4153653da, IsOpen = True, SeatsAmount = 215, LiftingTime = 154, QueueTime = 20, ConnectedSlopes =  }, checkPermissionServiceMock: Mock&lt;ICheckPermissionService:1&gt;, liftsRepositoryStub: Mock&lt;ILiftsRepository:1&gt;, liftsSlopesRepositoryStub: Mock&lt;ILiftsSlopesRepository:1&gt;, sut: LiftsService { })" storage="c:\users\alena\desktop\7_sem\testing_and_debugging\skiresort\bl.tests\bin\debug\net6.0\bl.tests.dll" id="bf4ce089-746c-4262-0ee4-ff284a168ef9">
      <Execution id="c6906658-29d2-4fbf-a481-a59c2b292d97" />
      <TestMethod codeBase="C:\Users\alena\Desktop\7_sem\testing_and_debugging\SkiResort\BL.Tests\bin\Debug\net6.0\BL.Tests.dll" adapterTypeName="executor://xunit/VsTestRunner2/netcoreapp" className="BL.Tests.LiftsServiceTest" name="TestGetLiftInfoAsync" />
    </UnitTest>
    <UnitTest name="BL.Tests.CheckPermissionsServiceTests.AuthorizedHasAccessToAuthorizedFunctions(functionName: &quot;LogOutAsync&quot;)" storage="c:\users\alena\desktop\7_sem\testing_and_debugging\skiresort\bl.tests\bin\debug\net6.0\bl.tests.dll" id="aa28a6b3-21d3-aa45-24d3-bef2facbc899">
      <Execution id="23be72d2-24f1-43b6-8445-afa1e471a109" />
      <TestMethod codeBase="C:\Users\alena\Desktop\7_sem\testing_and_debugging\SkiResort\BL.Tests\bin\Debug\net6.0\BL.Tests.dll" adapterTypeName="executor://xunit/VsTestRunner2/netcoreapp" className="BL.Tests.CheckPermissionsServiceTests" name="AuthorizedHasAccessToAuthorizedFunctions" />
    </UnitTest>
    <UnitTest name="BL.Tests.LiftsServiceTest.TestAdminAddAutoIncrementLiftAsync(userID: 207, lift: Lift { LiftID = 196, LiftName = liftNameff9a907e-49d4-4d0e-a39c-7e41d334e85c, IsOpen = True, SeatsAmount = 166, LiftingTime = 79, QueueTime = 246, ConnectedSlopes =  }, checkPermissionServiceMock: Mock&lt;ICheckPermissionService:5&gt;, liftsRepositoryStub: Mock&lt;ILiftsRepository:5&gt;, sut: LiftsService { })" storage="c:\users\alena\desktop\7_sem\testing_and_debugging\skiresort\bl.tests\bin\debug\net6.0\bl.tests.dll" id="e58c09a8-50d7-b6d6-18fd-1ef7c189bdda">
      <Execution id="21e4751c-47ef-4cfb-a5b5-43f38ae4515d" />
      <TestMethod codeBase="C:\Users\alena\Desktop\7_sem\testing_and_debugging\SkiResort\BL.Tests\bin\Debug\net6.0\BL.Tests.dll" adapterTypeName="executor://xunit/VsTestRunner2/netcoreapp" className="BL.Tests.LiftsServiceTest" name="TestAdminAddAutoIncrementLiftAsync" />
    </UnitTest>
    <UnitTest name="BL.Tests.TurnstilesServiceTest.TestAdminUpdateTurnstileAsync(userID: 29, turnstile: Turnstile { TurnstileID = 138, LiftID = 146, IsOpen = True }, checkPermissionServiceMock: Mock&lt;ICheckPermissionService:14&gt;, turnstilesRepositoryStub: Mock&lt;ITurnstilesRepository:8&gt;, sut: TurnstilesService { })" storage="c:\users\alena\desktop\7_sem\testing_and_debugging\skiresort\bl.tests\bin\debug\net6.0\bl.tests.dll" id="29e15026-f9cb-0b18-3f33-03fbef4d91f8">
      <Execution id="dfe053e2-c84a-4a47-89e1-4338db7cbdfe" />
      <TestMethod codeBase="C:\Users\alena\Desktop\7_sem\testing_and_debugging\SkiResort\BL.Tests\bin\Debug\net6.0\BL.Tests.dll" adapterTypeName="executor://xunit/VsTestRunner2/netcoreapp" className="BL.Tests.TurnstilesServiceTest" name="TestAdminUpdateTurnstileAsync" />
    </UnitTest>
    <UnitTest name="BL.Tests.SlopesServiceTest.TestGetSlopeInfoAsync(userID: 34, slope: Slope { SlopeID = 166, SlopeName = slopeName9675110e-d137-44b0-8ab6-10d779cdd4d4, IsOpen = True, DifficultyLevel = 74, ConnectedLifts =  }, checkPermissionServiceMock: Mock&lt;ICheckPermissionService:6&gt;, slopesRepositoryStub: Mock&lt;ISlopesRepository:4&gt;, liftsSlopesRepositoryStub: Mock&lt;ILiftsSlopesRepository:9&gt;, sut: SlopesService { })" storage="c:\users\alena\desktop\7_sem\testing_and_debugging\skiresort\bl.tests\bin\debug\net6.0\bl.tests.dll" id="7a75c27c-0253-e1a2-9a23-4fa18a5d9db4">
      <Execution id="d7d0f7ab-f13b-4361-ab52-768687fb305a" />
      <TestMethod codeBase="C:\Users\alena\Desktop\7_sem\testing_and_debugging\SkiResort\BL.Tests\bin\Debug\net6.0\BL.Tests.dll" adapterTypeName="executor://xunit/VsTestRunner2/netcoreapp" className="BL.Tests.SlopesServiceTest" name="TestGetSlopeInfoAsync" />
    </UnitTest>
    <UnitTest name="BL.Tests.SlopesServiceTest.TestAdminAddAutoIncrementSlopeAsync(userID: 109, slope: Slope { SlopeID = 1, SlopeName = slopeNamef5e56890-a5c4-40c8-92c1-a5a38f3f93b3, IsOpen = True, DifficultyLevel = 114, ConnectedLifts =  }, checkPermissionServiceMock: Mock&lt;ICheckPermissionService:10&gt;, slopesRepositoryStub: Mock&lt;ISlopesRepository:8&gt;, sut: SlopesService { })" storage="c:\users\alena\desktop\7_sem\testing_and_debugging\skiresort\bl.tests\bin\debug\net6.0\bl.tests.dll" id="e0d4aa68-a87b-0643-068b-efcb30f4033f">
      <Execution id="c4b31bd7-58b5-4abe-9c4b-c629184c6bfe" />
      <TestMethod codeBase="C:\Users\alena\Desktop\7_sem\testing_and_debugging\SkiResort\BL.Tests\bin\Debug\net6.0\BL.Tests.dll" adapterTypeName="executor://xunit/VsTestRunner2/netcoreapp" className="BL.Tests.SlopesServiceTest" name="TestAdminAddAutoIncrementSlopeAsync" />
    </UnitTest>
    <UnitTest name="BL.Tests.UsersServiceTests.TestAdminUpdateUser" storage="c:\users\alena\desktop\7_sem\testing_and_debugging\skiresort\bl.tests\bin\debug\net6.0\bl.tests.dll" id="06d0bc3a-24a0-fb7f-4277-e9ae6d21c7dd">
      <Execution id="bc898832-467c-4d56-8621-b196b4db3694" />
      <TestMethod codeBase="C:\Users\alena\Desktop\7_sem\testing_and_debugging\SkiResort\BL.Tests\bin\Debug\net6.0\BL.Tests.dll" adapterTypeName="executor://xunit/VsTestRunner2/netcoreapp" className="BL.Tests.UsersServiceTests" name="TestAdminUpdateUser" />
    </UnitTest>
    <UnitTest name="BL.Tests.UsersServiceTests.TestLogInOk" storage="c:\users\alena\desktop\7_sem\testing_and_debugging\skiresort\bl.tests\bin\debug\net6.0\bl.tests.dll" id="1ca07ad8-f799-c5d4-e7cc-34fd950198a2">
      <Execution id="0ff86ac4-1136-44b8-bc03-a9d4300314ea" />
      <TestMethod codeBase="C:\Users\alena\Desktop\7_sem\testing_and_debugging\SkiResort\BL.Tests\bin\Debug\net6.0\BL.Tests.dll" adapterTypeName="executor://xunit/VsTestRunner2/netcoreapp" className="BL.Tests.UsersServiceTests" name="TestLogInOk" />
    </UnitTest>
    <UnitTest name="BL.Tests.UsersServiceTests.TestAdminGetUsers" storage="c:\users\alena\desktop\7_sem\testing_and_debugging\skiresort\bl.tests\bin\debug\net6.0\bl.tests.dll" id="20ad8570-0170-85de-dcd7-2f109dd7bcd6">
      <Execution id="9644a112-ed41-4f67-b180-a26208a31317" />
      <TestMethod codeBase="C:\Users\alena\Desktop\7_sem\testing_and_debugging\SkiResort\BL.Tests\bin\Debug\net6.0\BL.Tests.dll" adapterTypeName="executor://xunit/VsTestRunner2/netcoreapp" className="BL.Tests.UsersServiceTests" name="TestAdminGetUsers" />
    </UnitTest>
    <UnitTest name="BL.Tests.CheckPermissionsServiceTests.UnauthorizedHasNoAccessToAdminSkiPatrolFunctions(functionName: &quot;GetMessagesAsync&quot;)" storage="c:\users\alena\desktop\7_sem\testing_and_debugging\skiresort\bl.tests\bin\debug\net6.0\bl.tests.dll" id="229812f5-9a73-5335-11f5-31330d1348a5">
      <Execution id="627ca3ea-c882-4087-ac46-a27bfb0a1cd5" />
      <TestMethod codeBase="C:\Users\alena\Desktop\7_sem\testing_and_debugging\SkiResort\BL.Tests\bin\Debug\net6.0\BL.Tests.dll" adapterTypeName="executor://xunit/VsTestRunner2/netcoreapp" className="BL.Tests.CheckPermissionsServiceTests" name="UnauthorizedHasNoAccessToAdminSkiPatrolFunctions" />
    </UnitTest>
    <UnitTest name="BL.Tests.TurnstilesServiceTest.TestAdminGetTurnstileAsync(userID: 34, turnstile: Turnstile { TurnstileID = 40, LiftID = 130, IsOpen = True }, checkPermissionServiceMock: Mock&lt;ICheckPermissionService:12&gt;, turnstilesRepositoryStub: Mock&lt;ITurnstilesRepository:6&gt;, sut: TurnstilesService { })" storage="c:\users\alena\desktop\7_sem\testing_and_debugging\skiresort\bl.tests\bin\debug\net6.0\bl.tests.dll" id="5c52ffb3-c684-4286-c9e8-61f2a15a9198">
      <Execution id="1cfaf598-9647-42d9-9705-ca205f08a607" />
      <TestMethod codeBase="C:\Users\alena\Desktop\7_sem\testing_and_debugging\SkiResort\BL.Tests\bin\Debug\net6.0\BL.Tests.dll" adapterTypeName="executor://xunit/VsTestRunner2/netcoreapp" className="BL.Tests.TurnstilesServiceTest" name="TestAdminGetTurnstileAsync" />
    </UnitTest>
    <UnitTest name="BL.Tests.TurnstilesServiceTest.TestAdminDeleteTurnstileAsync(userID: 80, turnstile: Turnstile { TurnstileID = 6, LiftID = 90, IsOpen = True }, checkPermissionServiceMock: Mock&lt;ICheckPermissionService:15&gt;, turnstilesRepositoryStub: Mock&lt;ITurnstilesRepository:9&gt;, sut: TurnstilesService { })" storage="c:\users\alena\desktop\7_sem\testing_and_debugging\skiresort\bl.tests\bin\debug\net6.0\bl.tests.dll" id="4cd1ff55-f372-4e5e-f130-f543d0cbbae1">
      <Execution id="d4963c13-a587-43bc-a800-52b4718ea33c" />
      <TestMethod codeBase="C:\Users\alena\Desktop\7_sem\testing_and_debugging\SkiResort\BL.Tests\bin\Debug\net6.0\BL.Tests.dll" adapterTypeName="executor://xunit/VsTestRunner2/netcoreapp" className="BL.Tests.TurnstilesServiceTest" name="TestAdminDeleteTurnstileAsync" />
    </UnitTest>
    <UnitTest name="BL.Tests.LiftsSlopesServiceTests.TestGetLiftsSlopesInfoAsync(liftsSlopes: [LiftSlope { RecordID = 64, LiftID = 243, SlopeID = 237 }, LiftSlope { RecordID = 220, LiftID = 54, SlopeID = 28 }, LiftSlope { RecordID = 47, LiftID = 159, SlopeID = 251 }], slopesRepositoryStub: Mock&lt;ISlopesRepository:1&gt;, liftsRepositoryStub: Mock&lt;ILiftsRepository:6&gt;, liftsSlopesRepositoryStub: Mock&lt;ILiftsSlopesRepository:6&gt;)" storage="c:\users\alena\desktop\7_sem\testing_and_debugging\skiresort\bl.tests\bin\debug\net6.0\bl.tests.dll" id="39be9b5e-0bc4-57dc-37d3-aec6b520299d">
      <Execution id="ecc207e6-3342-4b26-84e7-735a6c920d65" />
      <TestMethod codeBase="C:\Users\alena\Desktop\7_sem\testing_and_debugging\SkiResort\BL.Tests\bin\Debug\net6.0\BL.Tests.dll" adapterTypeName="executor://xunit/VsTestRunner2/netcoreapp" className="BL.Tests.LiftsSlopesServiceTests" name="TestGetLiftsSlopesInfoAsync" />
    </UnitTest>
    <UnitTest name="BL.Tests.LiftsServiceTest.TestUpdateLiftInfoAsync(userID: 176, lift: Lift { LiftID = 142, LiftName = liftName66a33b83-abb1-4060-bc21-99e66bfad780, IsOpen = True, SeatsAmount = 15, LiftingTime = 183, QueueTime = 90, ConnectedSlopes =  }, checkPermissionServiceMock: Mock&lt;ICheckPermissionService:3&gt;, liftsRepositoryStub: Mock&lt;ILiftsRepository:3&gt;, sut: LiftsService { })" storage="c:\users\alena\desktop\7_sem\testing_and_debugging\skiresort\bl.tests\bin\debug\net6.0\bl.tests.dll" id="6e5a8908-c7ce-ea4a-9d3e-a48699d97d4a">
      <Execution id="eb8377b6-a7e0-46ae-9d35-2933042a949b" />
      <TestMethod codeBase="C:\Users\alena\Desktop\7_sem\testing_and_debugging\SkiResort\BL.Tests\bin\Debug\net6.0\BL.Tests.dll" adapterTypeName="executor://xunit/VsTestRunner2/netcoreapp" className="BL.Tests.LiftsServiceTest" name="TestUpdateLiftInfoAsync" />
    </UnitTest>
    <UnitTest name="BL.Tests.CheckPermissionsServiceTests.AuthorizedHasNoAccessToAdminSkiPatrolFunctions(functionName: &quot;GetLiftsSlopesInfoAsync&quot;)" storage="c:\users\alena\desktop\7_sem\testing_and_debugging\skiresort\bl.tests\bin\debug\net6.0\bl.tests.dll" id="4f297306-d4f3-8d63-e7f4-1ac0b8c58c74">
      <Execution id="e719655d-c4cb-4559-ab2a-2f54bb949fe8" />
      <TestMethod codeBase="C:\Users\alena\Desktop\7_sem\testing_and_debugging\SkiResort\BL.Tests\bin\Debug\net6.0\BL.Tests.dll" adapterTypeName="executor://xunit/VsTestRunner2/netcoreapp" className="BL.Tests.CheckPermissionsServiceTests" name="AuthorizedHasNoAccessToAdminSkiPatrolFunctions" />
    </UnitTest>
    <UnitTest name="BL.Tests.UsersServiceTests.TestRegisterOk" storage="c:\users\alena\desktop\7_sem\testing_and_debugging\skiresort\bl.tests\bin\debug\net6.0\bl.tests.dll" id="0eeef75f-6e38-7893-a8fe-cff3e0a970a7">
      <Execution id="548a7716-c2a0-49ed-917f-c13f4d9d871c" />
      <TestMethod codeBase="C:\Users\alena\Desktop\7_sem\testing_and_debugging\SkiResort\BL.Tests\bin\Debug\net6.0\BL.Tests.dll" adapterTypeName="executor://xunit/VsTestRunner2/netcoreapp" className="BL.Tests.UsersServiceTests" name="TestRegisterOk" />
    </UnitTest>
    <UnitTest name="BL.Tests.SlopesServiceTest.TestUpdateSlopeInfoAsync(userID: 54, slope: Slope { SlopeID = 185, SlopeName = slopeName97ba3dca-470e-4e80-954a-ffec8a2fee5f, IsOpen = True, DifficultyLevel = 89, ConnectedLifts =  }, checkPermissionServiceMock: Mock&lt;ICheckPermissionService:8&gt;, slopesRepositoryStub: Mock&lt;ISlopesRepository:6&gt;, sut: SlopesService { })" storage="c:\users\alena\desktop\7_sem\testing_and_debugging\skiresort\bl.tests\bin\debug\net6.0\bl.tests.dll" id="ee58577d-6f09-11d0-2209-a2bbe7d2429f">
      <Execution id="314317f7-3345-402f-8163-6566f5c9532c" />
      <TestMethod codeBase="C:\Users\alena\Desktop\7_sem\testing_and_debugging\SkiResort\BL.Tests\bin\Debug\net6.0\BL.Tests.dll" adapterTypeName="executor://xunit/VsTestRunner2/netcoreapp" className="BL.Tests.SlopesServiceTest" name="TestUpdateSlopeInfoAsync" />
    </UnitTest>
    <UnitTest name="BL.Tests.CheckPermissionsServiceTests.AuthorizedHasAccessToAuthorizedFunctions(functionName: &quot;SendMessageAsync&quot;)" storage="c:\users\alena\desktop\7_sem\testing_and_debugging\skiresort\bl.tests\bin\debug\net6.0\bl.tests.dll" id="644ec43e-70cd-c82d-42e7-0d990be1414d">
      <Execution id="c29fe43d-f6df-41e2-bba3-775c7a704c0a" />
      <TestMethod codeBase="C:\Users\alena\Desktop\7_sem\testing_and_debugging\SkiResort\BL.Tests\bin\Debug\net6.0\BL.Tests.dll" adapterTypeName="executor://xunit/VsTestRunner2/netcoreapp" className="BL.Tests.CheckPermissionsServiceTests" name="AuthorizedHasAccessToAuthorizedFunctions" />
    </UnitTest>
    <UnitTest name="BL.Tests.CheckPermissionsServiceTests.UnauthorizedHasNoAccessToAuthorizedFunctions(functionName: &quot;LogOutAsync&quot;)" storage="c:\users\alena\desktop\7_sem\testing_and_debugging\skiresort\bl.tests\bin\debug\net6.0\bl.tests.dll" id="fa960c5e-f989-2880-784e-8efe538c5231">
      <Execution id="91668c7c-373c-4229-94a4-37504162d144" />
      <TestMethod codeBase="C:\Users\alena\Desktop\7_sem\testing_and_debugging\SkiResort\BL.Tests\bin\Debug\net6.0\BL.Tests.dll" adapterTypeName="executor://xunit/VsTestRunner2/netcoreapp" className="BL.Tests.CheckPermissionsServiceTests" name="UnauthorizedHasNoAccessToAuthorizedFunctions" />
    </UnitTest>
    <UnitTest name="BL.Tests.CheckPermissionsServiceTests.UnauthorizedHasNoAccessToAuthorizedFunctions(functionName: &quot;SendMessageAsync&quot;)" storage="c:\users\alena\desktop\7_sem\testing_and_debugging\skiresort\bl.tests\bin\debug\net6.0\bl.tests.dll" id="eaabd2fc-2f4b-5689-59c8-c7ad34a8f634">
      <Execution id="48efebb1-d414-486c-8584-5c9004002c56" />
      <TestMethod codeBase="C:\Users\alena\Desktop\7_sem\testing_and_debugging\SkiResort\BL.Tests\bin\Debug\net6.0\BL.Tests.dll" adapterTypeName="executor://xunit/VsTestRunner2/netcoreapp" className="BL.Tests.CheckPermissionsServiceTests" name="UnauthorizedHasNoAccessToAuthorizedFunctions" />
    </UnitTest>
    <UnitTest name="BL.Tests.UsersServiceTests.TestRegisterUserWithRepeatedEmail" storage="c:\users\alena\desktop\7_sem\testing_and_debugging\skiresort\bl.tests\bin\debug\net6.0\bl.tests.dll" id="894941c1-bfa7-d8f9-c047-1e1ceefe2c2f">
      <Execution id="1257e385-477e-4a7e-9b53-8723d6aac7aa" />
      <TestMethod codeBase="C:\Users\alena\Desktop\7_sem\testing_and_debugging\SkiResort\BL.Tests\bin\Debug\net6.0\BL.Tests.dll" adapterTypeName="executor://xunit/VsTestRunner2/netcoreapp" className="BL.Tests.UsersServiceTests" name="TestRegisterUserWithRepeatedEmail" />
    </UnitTest>
    <UnitTest name="BL.Tests.LiftsSlopesServiceTests.TestAdminAddAutoIncrementLiftSlopeAsync(lift: Lift { LiftID = 37, LiftName = liftName5a29c1de-fe58-43e5-b31a-f49e2d6309ad, IsOpen = True, SeatsAmount = 63, LiftingTime = 223, QueueTime = 228, ConnectedSlopes =  }, slope: Slope { SlopeID = 118, SlopeName = slopeName7e93fb45-106a-46e9-9616-e776dcda092b, IsOpen = False, DifficultyLevel = 86, ConnectedLifts =  }, slopesRepositoryStub: Mock&lt;ISlopesRepository:3&gt;, ..." storage="c:\users\alena\desktop\7_sem\testing_and_debugging\skiresort\bl.tests\bin\debug\net6.0\bl.tests.dll" id="a292f872-8a08-66f0-18b7-f31d593fcd0c">
      <Execution id="6e7acbb8-6610-4dfc-aed5-4f5708ed542d" />
      <TestMethod codeBase="C:\Users\alena\Desktop\7_sem\testing_and_debugging\SkiResort\BL.Tests\bin\Debug\net6.0\BL.Tests.dll" adapterTypeName="executor://xunit/VsTestRunner2/netcoreapp" className="BL.Tests.LiftsSlopesServiceTests" name="TestAdminAddAutoIncrementLiftSlopeAsync" />
    </UnitTest>
    <UnitTest name="BL.Tests.TurnstilesServiceTest.TestAdminGetTurnstilesAsync(userID: 53, initialTurnstiles: [Turnstile { TurnstileID = 238, LiftID = 222, IsOpen = True }, Turnstile { TurnstileID = 15, LiftID = 118, IsOpen = False }, Turnstile { TurnstileID = 159, LiftID = 13, IsOpen = True }], checkPermissionServiceMock: Mock&lt;ICheckPermissionService:13&gt;, turnstilesRepositoryStub: Mock&lt;ITurnstilesRepository:7&gt;, sut: TurnstilesService { })" storage="c:\users\alena\desktop\7_sem\testing_and_debugging\skiresort\bl.tests\bin\debug\net6.0\bl.tests.dll" id="b0d7cf74-5ab3-7be2-6de2-7f265967edee">
      <Execution id="89e345ad-288f-4cdb-9603-09cd0a911ec0" />
      <TestMethod codeBase="C:\Users\alena\Desktop\7_sem\testing_and_debugging\SkiResort\BL.Tests\bin\Debug\net6.0\BL.Tests.dll" adapterTypeName="executor://xunit/VsTestRunner2/netcoreapp" className="BL.Tests.TurnstilesServiceTest" name="TestAdminGetTurnstilesAsync" />
    </UnitTest>
    <UnitTest name="BL.Tests.LiftsServiceTest.TestGetLiftsInfoAsync(userID: 204, initialLifts: [Lift { LiftID = 218, LiftName = liftName0ccb8057-d278-41f7-ae0a-5de9edb4e6f0, IsOpen = True, SeatsAmount = 181, LiftingTime = 192, QueueTime = 87, ConnectedSlopes =  }, Lift { LiftID = 44, LiftName = liftName9eb2c182-e2aa-455a-9dcb-8c65294b278e, IsOpen = False, SeatsAmount = 234, LiftingTime = 100, QueueTime = 49, ConnectedSlopes =  }, Lift { LiftID = 151, LiftName ..." storage="c:\users\alena\desktop\7_sem\testing_and_debugging\skiresort\bl.tests\bin\debug\net6.0\bl.tests.dll" id="a78a5ff2-cbb5-8864-6f2c-15614abac6ff">
      <Execution id="98a7947c-91c8-47a9-a48c-11cf82c1a657" />
      <TestMethod codeBase="C:\Users\alena\Desktop\7_sem\testing_and_debugging\SkiResort\BL.Tests\bin\Debug\net6.0\BL.Tests.dll" adapterTypeName="executor://xunit/VsTestRunner2/netcoreapp" className="BL.Tests.LiftsServiceTest" name="TestGetLiftsInfoAsync" />
    </UnitTest>
    <UnitTest name="BL.Tests.UsersServiceTests.TestRegisterUserWithNoEmail" storage="c:\users\alena\desktop\7_sem\testing_and_debugging\skiresort\bl.tests\bin\debug\net6.0\bl.tests.dll" id="8184bd30-991c-b78d-b4ec-99a485eac0dd">
      <Execution id="4de07195-8784-4280-be3f-e8d3f1fb91bb" />
      <TestMethod codeBase="C:\Users\alena\Desktop\7_sem\testing_and_debugging\SkiResort\BL.Tests\bin\Debug\net6.0\BL.Tests.dll" adapterTypeName="executor://xunit/VsTestRunner2/netcoreapp" className="BL.Tests.UsersServiceTests" name="TestRegisterUserWithNoEmail" />
    </UnitTest>
    <UnitTest name="BL.Tests.SlopesServiceTest.TestAdminAddSlopeAsync(userID: 232, slope: Slope { SlopeID = 145, SlopeName = slopeName03bdcaef-ead0-4532-b2cb-558b3d969663, IsOpen = True, DifficultyLevel = 165, ConnectedLifts =  }, checkPermissionServiceMock: Mock&lt;ICheckPermissionService:11&gt;, slopesRepositoryStub: Mock&lt;ISlopesRepository:9&gt;, sut: SlopesService { })" storage="c:\users\alena\desktop\7_sem\testing_and_debugging\skiresort\bl.tests\bin\debug\net6.0\bl.tests.dll" id="b37e97c1-abd9-2014-035e-e04805b32692">
      <Execution id="4da466c5-2f32-444a-94b8-219b6b6bde95" />
      <TestMethod codeBase="C:\Users\alena\Desktop\7_sem\testing_and_debugging\SkiResort\BL.Tests\bin\Debug\net6.0\BL.Tests.dll" adapterTypeName="executor://xunit/VsTestRunner2/netcoreapp" className="BL.Tests.SlopesServiceTest" name="TestAdminAddSlopeAsync" />
    </UnitTest>
    <UnitTest name="BL.Tests.SlopesServiceTest.TestGetSlopesInfoAsync(userID: 35, initialSlopes: [Slope { SlopeID = 63, SlopeName = slopeName4c90eef0-0cc4-42de-b676-61befd0678de, IsOpen = True, DifficultyLevel = 23, ConnectedLifts =  }, Slope { SlopeID = 161, SlopeName = slopeName9e8842fe-cbf8-46b1-aa2f-fd5e23cfb45d, IsOpen = False, DifficultyLevel = 44, ConnectedLifts =  }, Slope { SlopeID = 90, SlopeName = slopeName1273a515-8b3f-4033-a3c3-88a84cc53688, IsOpe..." storage="c:\users\alena\desktop\7_sem\testing_and_debugging\skiresort\bl.tests\bin\debug\net6.0\bl.tests.dll" id="2962304c-0328-f01c-0fc4-a6b7e45d4040">
      <Execution id="c5baeadc-4790-4dd1-bb0d-c24fe00b8865" />
      <TestMethod codeBase="C:\Users\alena\Desktop\7_sem\testing_and_debugging\SkiResort\BL.Tests\bin\Debug\net6.0\BL.Tests.dll" adapterTypeName="executor://xunit/VsTestRunner2/netcoreapp" className="BL.Tests.SlopesServiceTest" name="TestGetSlopesInfoAsync" />
    </UnitTest>
  </TestDefinitions>
  <TestEntries>
    <TestEntry testId="360f52e7-4e1f-8583-0b10-68a41e6f8e5d" executionId="b936d1f8-532f-4cc6-aba6-5e080a10f599" testListId="8c84fa94-04c1-424b-9868-57a2d4851a1d" />
    <TestEntry testId="a2e59116-cb53-1d70-9cb8-21c286516866" executionId="fd43da3f-369d-4c01-bba4-db00fe51c335" testListId="8c84fa94-04c1-424b-9868-57a2d4851a1d" />
    <TestEntry testId="eaabd2fc-2f4b-5689-59c8-c7ad34a8f634" executionId="48efebb1-d414-486c-8584-5c9004002c56" testListId="8c84fa94-04c1-424b-9868-57a2d4851a1d" />
    <TestEntry testId="bf4ce089-746c-4262-0ee4-ff284a168ef9" executionId="c6906658-29d2-4fbf-a481-a59c2b292d97" testListId="8c84fa94-04c1-424b-9868-57a2d4851a1d" />
    <TestEntry testId="60bd668f-04df-da5e-b79b-5d9aedb5234d" executionId="93361ab7-d16f-4d70-9059-94299f7bad5e" testListId="8c84fa94-04c1-424b-9868-57a2d4851a1d" />
    <TestEntry testId="5c52ffb3-c684-4286-c9e8-61f2a15a9198" executionId="1cfaf598-9647-42d9-9705-ca205f08a607" testListId="8c84fa94-04c1-424b-9868-57a2d4851a1d" />
    <TestEntry testId="a19a5fcf-c5d2-7d44-5d7d-84403042f4e0" executionId="a38e07e1-abd4-4c58-89e0-05ad5501a505" testListId="8c84fa94-04c1-424b-9868-57a2d4851a1d" />
    <TestEntry testId="8e150c35-eedc-628c-3083-9d8a8e7e5232" executionId="a9b333e8-3c2e-46ca-b053-91672cc3c019" testListId="8c84fa94-04c1-424b-9868-57a2d4851a1d" />
    <TestEntry testId="2d706594-f2b3-b3c8-21d4-86c9798c3306" executionId="a3ae74a9-b848-42fa-9c9f-57dc6427540f" testListId="8c84fa94-04c1-424b-9868-57a2d4851a1d" />
    <TestEntry testId="6e5a8908-c7ce-ea4a-9d3e-a48699d97d4a" executionId="eb8377b6-a7e0-46ae-9d35-2933042a949b" testListId="8c84fa94-04c1-424b-9868-57a2d4851a1d" />
    <TestEntry testId="a292f872-8a08-66f0-18b7-f31d593fcd0c" executionId="6e7acbb8-6610-4dfc-aed5-4f5708ed542d" testListId="8c84fa94-04c1-424b-9868-57a2d4851a1d" />
    <TestEntry testId="e5497347-2721-b7a6-0bd4-69a9921f6947" executionId="0585c045-06b8-4fa6-9a76-5e97d7d1f140" testListId="8c84fa94-04c1-424b-9868-57a2d4851a1d" />
    <TestEntry testId="29e15026-f9cb-0b18-3f33-03fbef4d91f8" executionId="dfe053e2-c84a-4a47-89e1-4338db7cbdfe" testListId="8c84fa94-04c1-424b-9868-57a2d4851a1d" />
    <TestEntry testId="492c0393-35b4-df26-a537-21ca08302f3c" executionId="e98ab5fb-43b0-4f38-aa2b-5fc8311eac38" testListId="8c84fa94-04c1-424b-9868-57a2d4851a1d" />
    <TestEntry testId="9c7df5e2-1b23-ebea-889f-b78ca86b60ab" executionId="acc4f719-037e-45c4-a820-529add1a629e" testListId="8c84fa94-04c1-424b-9868-57a2d4851a1d" />
    <TestEntry testId="2602613f-c8e2-a6d9-fcf7-5b27d4a770a6" executionId="b51d92a7-a092-4554-a02a-4a5cafc8cd72" testListId="8c84fa94-04c1-424b-9868-57a2d4851a1d" />
    <TestEntry testId="894941c1-bfa7-d8f9-c047-1e1ceefe2c2f" executionId="1257e385-477e-4a7e-9b53-8723d6aac7aa" testListId="8c84fa94-04c1-424b-9868-57a2d4851a1d" />
    <TestEntry testId="4f297306-d4f3-8d63-e7f4-1ac0b8c58c74" executionId="e719655d-c4cb-4559-ab2a-2f54bb949fe8" testListId="8c84fa94-04c1-424b-9868-57a2d4851a1d" />
    <TestEntry testId="1ca07ad8-f799-c5d4-e7cc-34fd950198a2" executionId="0ff86ac4-1136-44b8-bc03-a9d4300314ea" testListId="8c84fa94-04c1-424b-9868-57a2d4851a1d" />
    <TestEntry testId="06d0bc3a-24a0-fb7f-4277-e9ae6d21c7dd" executionId="bc898832-467c-4d56-8621-b196b4db3694" testListId="8c84fa94-04c1-424b-9868-57a2d4851a1d" />
    <TestEntry testId="20ad8570-0170-85de-dcd7-2f109dd7bcd6" executionId="9644a112-ed41-4f67-b180-a26208a31317" testListId="8c84fa94-04c1-424b-9868-57a2d4851a1d" />
    <TestEntry testId="b37e97c1-abd9-2014-035e-e04805b32692" executionId="4da466c5-2f32-444a-94b8-219b6b6bde95" testListId="8c84fa94-04c1-424b-9868-57a2d4851a1d" />
    <TestEntry testId="7a75c27c-0253-e1a2-9a23-4fa18a5d9db4" executionId="d7d0f7ab-f13b-4361-ab52-768687fb305a" testListId="8c84fa94-04c1-424b-9868-57a2d4851a1d" />
    <TestEntry testId="0eeef75f-6e38-7893-a8fe-cff3e0a970a7" executionId="548a7716-c2a0-49ed-917f-c13f4d9d871c" testListId="8c84fa94-04c1-424b-9868-57a2d4851a1d" />
    <TestEntry testId="229812f5-9a73-5335-11f5-31330d1348a5" executionId="627ca3ea-c882-4087-ac46-a27bfb0a1cd5" testListId="8c84fa94-04c1-424b-9868-57a2d4851a1d" />
    <TestEntry testId="2962304c-0328-f01c-0fc4-a6b7e45d4040" executionId="c5baeadc-4790-4dd1-bb0d-c24fe00b8865" testListId="8c84fa94-04c1-424b-9868-57a2d4851a1d" />
    <TestEntry testId="e58c09a8-50d7-b6d6-18fd-1ef7c189bdda" executionId="21e4751c-47ef-4cfb-a5b5-43f38ae4515d" testListId="8c84fa94-04c1-424b-9868-57a2d4851a1d" />
    <TestEntry testId="b0d7cf74-5ab3-7be2-6de2-7f265967edee" executionId="89e345ad-288f-4cdb-9603-09cd0a911ec0" testListId="8c84fa94-04c1-424b-9868-57a2d4851a1d" />
    <TestEntry testId="f3efc418-a8a6-c7b7-9bac-90b33aa8472f" executionId="ce57bd03-96ef-4674-b926-7372d74c918e" testListId="8c84fa94-04c1-424b-9868-57a2d4851a1d" />
    <TestEntry testId="69340bb6-3645-f9dd-971e-29d8b2a009bb" executionId="8d5e15a5-5497-4871-a6ab-06095a0181bf" testListId="8c84fa94-04c1-424b-9868-57a2d4851a1d" />
    <TestEntry testId="644ec43e-70cd-c82d-42e7-0d990be1414d" executionId="c29fe43d-f6df-41e2-bba3-775c7a704c0a" testListId="8c84fa94-04c1-424b-9868-57a2d4851a1d" />
    <TestEntry testId="387c9729-48c1-486e-5e67-f5d11a9f0db8" executionId="f47276dc-3d18-4754-b1fb-75b129430d25" testListId="8c84fa94-04c1-424b-9868-57a2d4851a1d" />
    <TestEntry testId="39be9b5e-0bc4-57dc-37d3-aec6b520299d" executionId="ecc207e6-3342-4b26-84e7-735a6c920d65" testListId="8c84fa94-04c1-424b-9868-57a2d4851a1d" />
    <TestEntry testId="ee58577d-6f09-11d0-2209-a2bbe7d2429f" executionId="314317f7-3345-402f-8163-6566f5c9532c" testListId="8c84fa94-04c1-424b-9868-57a2d4851a1d" />
    <TestEntry testId="f44a1b21-8efc-bfac-63b4-d534442def31" executionId="23cdbc70-365e-4004-b8c4-b53e9e4cdeba" testListId="8c84fa94-04c1-424b-9868-57a2d4851a1d" />
    <TestEntry testId="aa28a6b3-21d3-aa45-24d3-bef2facbc899" executionId="23be72d2-24f1-43b6-8445-afa1e471a109" testListId="8c84fa94-04c1-424b-9868-57a2d4851a1d" />
    <TestEntry testId="24da9b4c-6652-e4a3-661a-71e53d090094" executionId="472cf10a-eeb5-4b03-b4f0-3be4639de358" testListId="8c84fa94-04c1-424b-9868-57a2d4851a1d" />
    <TestEntry testId="8184bd30-991c-b78d-b4ec-99a485eac0dd" executionId="4de07195-8784-4280-be3f-e8d3f1fb91bb" testListId="8c84fa94-04c1-424b-9868-57a2d4851a1d" />
    <TestEntry testId="e2d7e5be-3dae-33ae-fb17-c704b6fd58d6" executionId="a10eeef6-bc6c-4383-a9e9-8afe478f88ed" testListId="8c84fa94-04c1-424b-9868-57a2d4851a1d" />
    <TestEntry testId="834c739b-eca4-b36d-6a66-5a1bd75377b8" executionId="1a9aa47e-e927-41b7-bbae-5e450c7d39b3" testListId="8c84fa94-04c1-424b-9868-57a2d4851a1d" />
    <TestEntry testId="4cd1ff55-f372-4e5e-f130-f543d0cbbae1" executionId="d4963c13-a587-43bc-a800-52b4718ea33c" testListId="8c84fa94-04c1-424b-9868-57a2d4851a1d" />
    <TestEntry testId="c36970dc-93f7-753e-fa47-157133b01644" executionId="78f6c41e-5edb-418a-b981-0d982c6a85b0" testListId="8c84fa94-04c1-424b-9868-57a2d4851a1d" />
    <TestEntry testId="a78a5ff2-cbb5-8864-6f2c-15614abac6ff" executionId="98a7947c-91c8-47a9-a48c-11cf82c1a657" testListId="8c84fa94-04c1-424b-9868-57a2d4851a1d" />
    <TestEntry testId="e0d4aa68-a87b-0643-068b-efcb30f4033f" executionId="c4b31bd7-58b5-4abe-9c4b-c629184c6bfe" testListId="8c84fa94-04c1-424b-9868-57a2d4851a1d" />
    <TestEntry testId="fa960c5e-f989-2880-784e-8efe538c5231" executionId="91668c7c-373c-4229-94a4-37504162d144" testListId="8c84fa94-04c1-424b-9868-57a2d4851a1d" />
    <TestEntry testId="48213ae0-c67d-e899-9249-3a71df85ba0f" executionId="599f627f-15b6-447b-9e08-7528638ae2d1" testListId="8c84fa94-04c1-424b-9868-57a2d4851a1d" />
    <TestEntry testId="18fa8c62-e27d-e1fc-8182-4d7db62b008d" executionId="b2e8fb82-0807-4d30-a666-c109e59bfac5" testListId="8c84fa94-04c1-424b-9868-57a2d4851a1d" />
  </TestEntries>
  <TestLists>
    <TestList name="Список результатов" id="8c84fa94-04c1-424b-9868-57a2d4851a1d" />
    <TestList name="Все загруженные результаты" id="19431567-8539-422a-85d7-44ee4e166bda" />
  </TestLists>
  <ResultSummary outcome="Completed">
    <Counters total="47" executed="47" passed="47" failed="0" error="0" timeout="0" aborted="0" inconclusive="0" passedButRunAborted="0" notRunnable="0" notExecuted="0" disconnected="0" warning="0" completed="0" inProgress="0" pending="0" />
    <Output>
      <StdOut>[xUnit.net 00:00:00.00] xUnit.net VSTest Adapter v2.4.5+1caef2f33e (64-bit .NET 6.0.3)&#xD;
[xUnit.net 00:00:00.52]   Discovering: BL.Tests&#xD;
[xUnit.net 00:00:00.72]   Discovered:  BL.Tests&#xD;
[xUnit.net 00:00:00.72]   Starting:    BL.Tests&#xD;
[xUnit.net 00:00:00.96]   Finished:    BL.Tests&#xD;
</StdOut>
    </Output>
  </ResultSummary>
</TestRun>