<?xml version="1.0" encoding="utf-8"?>
<TestRun id="c234acf9-e04c-44f5-89e6-69d441ebc607" name="alena@DESKTOP-TJ9D65N 2022-10-15 22:06:29" runUser="DESKTOP-TJ9D65N\alena" xmlns="http://microsoft.com/schemas/VisualStudio/TeamTest/2010">
  <Times creation="2022-10-15T22:06:29.5801115+03:00" queuing="2022-10-15T22:06:29.5801117+03:00" start="2022-10-15T22:06:28.0990663+03:00" finish="2022-10-15T22:06:29.6367632+03:00" />
  <TestSettings name="default" id="027e2cdf-859c-4fd8-ba86-d9c1e9a105d8">
    <Deployment runDeploymentRoot="alena_DESKTOP-TJ9D65N_2022-10-15_22_06_29" />
  </TestSettings>
  <Results>
    <UnitTestResult executionId="5437f779-e16a-4fa6-b04c-ca68a494fe40" testId="06d0bc3a-24a0-fb7f-4277-e9ae6d21c7dd" testName="BL.Tests.UsersServiceTests.TestAdminUpdateUser" computerName="DESKTOP-TJ9D65N" duration="00:00:00.0061723" startTime="2022-10-15T22:06:29.5341671+03:00" endTime="2022-10-15T22:06:29.5341672+03:00" testType="13cdc9d9-ddb5-4fa4-a97d-d965ccfc6d4b" outcome="Passed" testListId="8c84fa94-04c1-424b-9868-57a2d4851a1d" relativeResultsDirectory="5437f779-e16a-4fa6-b04c-ca68a494fe40" />
    <UnitTestResult executionId="884dc815-1dfa-4719-bbad-c15cc04df3cf" testId="1ca07ad8-f799-c5d4-e7cc-34fd950198a2" testName="BL.Tests.UsersServiceTests.TestLogInOk" computerName="DESKTOP-TJ9D65N" duration="00:00:00.0028539" startTime="2022-10-15T22:06:29.5362294+03:00" endTime="2022-10-15T22:06:29.5362295+03:00" testType="13cdc9d9-ddb5-4fa4-a97d-d965ccfc6d4b" outcome="Passed" testListId="8c84fa94-04c1-424b-9868-57a2d4851a1d" relativeResultsDirectory="884dc815-1dfa-4719-bbad-c15cc04df3cf" />
    <UnitTestResult executionId="a8aeceda-82fa-48e8-8b65-72159d6d6cd9" testId="ddbbb335-e211-83c5-f6d7-a1a04ec84a2b" testName="BL.Tests.SlopesServiceTest.TestAdminAddAutoIncrementSlopeAsync(userID: 219, slope: Slope { SlopeID = 165, SlopeName = slopeNamedf0fd4bd-9d66-4924-9820-90044a9875c9, IsOpen = True, DifficultyLevel = 107, ConnectedLifts =  }, checkPermissionServiceMock: Mock&lt;ICheckPermissionService:10&gt;, slopesRepositoryStub: Mock&lt;ISlopesRepository:8&gt;, sut: SlopesService { })" computerName="DESKTOP-TJ9D65N" duration="00:00:00.0122861" startTime="2022-10-15T22:06:29.5313690+03:00" endTime="2022-10-15T22:06:29.5313691+03:00" testType="13cdc9d9-ddb5-4fa4-a97d-d965ccfc6d4b" outcome="Passed" testListId="8c84fa94-04c1-424b-9868-57a2d4851a1d" relativeResultsDirectory="a8aeceda-82fa-48e8-8b65-72159d6d6cd9" />
    <UnitTestResult executionId="a87331ad-57db-4718-af50-53bd74609b98" testId="8c073627-e894-049a-cc2b-cfdcc918f6ec" testName="BL.Tests.LiftsServiceTest.TestAdminDeleteLiftAsync(userID: 237, lift: Lift { LiftID = 251, LiftName = liftName634e835a-781d-41ab-8476-0ad7825436c8, IsOpen = True, SeatsAmount = 197, LiftingTime = 175, QueueTime = 250, ConnectedSlopes =  }, checkPermissionServiceMock: Mock&lt;ICheckPermissionService:4&gt;, liftsRepositoryStub: Mock&lt;ILiftsRepository:4&gt;, liftsSlopesRepositoryStub: Mock&lt;ILiftsSlopesRepository:4&gt;, sut: LiftsService { })" computerName="DESKTOP-TJ9D65N" duration="00:00:00.0581652" startTime="2022-10-15T22:06:29.4657036+03:00" endTime="2022-10-15T22:06:29.4657037+03:00" testType="13cdc9d9-ddb5-4fa4-a97d-d965ccfc6d4b" outcome="Passed" testListId="8c84fa94-04c1-424b-9868-57a2d4851a1d" relativeResultsDirectory="a87331ad-57db-4718-af50-53bd74609b98" />
    <UnitTestResult executionId="669a7c07-5abb-4d5f-a0ad-1032fee07531" testId="60bd668f-04df-da5e-b79b-5d9aedb5234d" testName="BL.Tests.CheckPermissionsServiceTests.SkiPatrolHasAccessToAdminSkiPatrolFunctions(functionName: &quot;MarkMessageReadByUserAsync&quot;)" computerName="DESKTOP-TJ9D65N" duration="00:00:00.0011633" startTime="2022-10-15T22:06:29.5342949+03:00" endTime="2022-10-15T22:06:29.5342950+03:00" testType="13cdc9d9-ddb5-4fa4-a97d-d965ccfc6d4b" outcome="Passed" testListId="8c84fa94-04c1-424b-9868-57a2d4851a1d" relativeResultsDirectory="669a7c07-5abb-4d5f-a0ad-1032fee07531" />
    <UnitTestResult executionId="dd5b9aec-2113-4bcf-af09-1a0281987f44" testId="aa28a6b3-21d3-aa45-24d3-bef2facbc899" testName="BL.Tests.CheckPermissionsServiceTests.AuthorizedHasAccessToAuthorizedFunctions(functionName: &quot;LogOutAsync&quot;)" computerName="DESKTOP-TJ9D65N" duration="00:00:00.0010548" startTime="2022-10-15T22:06:29.5489336+03:00" endTime="2022-10-15T22:06:29.5489337+03:00" testType="13cdc9d9-ddb5-4fa4-a97d-d965ccfc6d4b" outcome="Passed" testListId="8c84fa94-04c1-424b-9868-57a2d4851a1d" relativeResultsDirectory="dd5b9aec-2113-4bcf-af09-1a0281987f44" />
    <UnitTestResult executionId="0e66ce48-4f3a-4fd2-aae1-42ec8881b1db" testId="834c739b-eca4-b36d-6a66-5a1bd75377b8" testName="BL.Tests.UsersServiceTests.TestAdminAddAutoIncrementUser" computerName="DESKTOP-TJ9D65N" duration="00:00:00.0062304" startTime="2022-10-15T22:06:29.5476640+03:00" endTime="2022-10-15T22:06:29.5476641+03:00" testType="13cdc9d9-ddb5-4fa4-a97d-d965ccfc6d4b" outcome="Passed" testListId="8c84fa94-04c1-424b-9868-57a2d4851a1d" relativeResultsDirectory="0e66ce48-4f3a-4fd2-aae1-42ec8881b1db" />
    <UnitTestResult executionId="5d312ac1-cb3c-4a31-b4d8-b3968e232a23" testId="3396e8eb-36a7-56e8-8713-dd2f3a208862" testName="BL.Tests.SlopesServiceTest.TestAdminAddSlopeAsync(userID: 72, slope: Slope { SlopeID = 195, SlopeName = slopeName44789364-f991-48a7-84a4-5926cf292bbf, IsOpen = True, DifficultyLevel = 34, ConnectedLifts =  }, checkPermissionServiceMock: Mock&lt;ICheckPermissionService:11&gt;, slopesRepositoryStub: Mock&lt;ISlopesRepository:9&gt;, sut: SlopesService { })" computerName="DESKTOP-TJ9D65N" duration="00:00:00.0052769" startTime="2022-10-15T22:06:29.5343909+03:00" endTime="2022-10-15T22:06:29.5343910+03:00" testType="13cdc9d9-ddb5-4fa4-a97d-d965ccfc6d4b" outcome="Passed" testListId="8c84fa94-04c1-424b-9868-57a2d4851a1d" relativeResultsDirectory="5d312ac1-cb3c-4a31-b4d8-b3968e232a23" />
    <UnitTestResult executionId="afd9c550-ceb7-44a6-90a6-5838df718915" testId="640c3d7d-c77a-fc50-4ab5-6f8eb4f3ed8e" testName="BL.Tests.TurnstilesServiceTest.TestAdminGetTurnstileAsync(userID: 140, turnstile: Turnstile { TurnstileID = 84, LiftID = 40, IsOpen = True }, checkPermissionServiceMock: Mock&lt;ICheckPermissionService:12&gt;, turnstilesRepositoryStub: Mock&lt;ITurnstilesRepository:6&gt;, sut: TurnstilesService { })" computerName="DESKTOP-TJ9D65N" duration="00:00:00.0111269" startTime="2022-10-15T22:06:29.5352815+03:00" endTime="2022-10-15T22:06:29.5352816+03:00" testType="13cdc9d9-ddb5-4fa4-a97d-d965ccfc6d4b" outcome="Passed" testListId="8c84fa94-04c1-424b-9868-57a2d4851a1d" relativeResultsDirectory="afd9c550-ceb7-44a6-90a6-5838df718915" />
    <UnitTestResult executionId="f05e622a-97fb-4f83-bd39-f1ba79261cf3" testId="3485b32c-d6bd-171b-1205-be400adfbd7b" testName="BL.Tests.LiftsSlopesServiceTests.TestAdminAddAutoIncrementLiftSlopeAsync(lift: Lift { LiftID = 83, LiftName = liftNamef69282c9-8b9b-491f-b9f0-761c7c5da673, IsOpen = True, SeatsAmount = 234, LiftingTime = 251, QueueTime = 121, ConnectedSlopes =  }, slope: Slope { SlopeID = 253, SlopeName = slopeNamea840e5b5-e71e-4fb9-97b7-f1fda9fb8456, IsOpen = False, DifficultyLevel = 7, ConnectedLifts =  }, slopesRepositoryStub: Mock&lt;ISlopesRepository:3&gt;, liftsRepositoryStub: Mock&lt;ILiftsRepository:8&gt;, liftsSlopesRepositoryStub: Mock&lt;ILiftsSlopesRepository:8&gt;)" computerName="DESKTOP-TJ9D65N" duration="00:00:00.0320110" startTime="2022-10-15T22:06:29.4472673+03:00" endTime="2022-10-15T22:06:29.4472673+03:00" testType="13cdc9d9-ddb5-4fa4-a97d-d965ccfc6d4b" outcome="Passed" testListId="8c84fa94-04c1-424b-9868-57a2d4851a1d" relativeResultsDirectory="f05e622a-97fb-4f83-bd39-f1ba79261cf3" />
    <UnitTestResult executionId="12373367-81d2-4243-9c33-81c8f6ee53be" testId="2602613f-c8e2-a6d9-fcf7-5b27d4a770a6" testName="BL.Tests.CheckPermissionsServiceTests.AuthorizedHasNoAccessToAdminSkiPatrolFunctions(functionName: &quot;GetMessagesAsync&quot;)" computerName="DESKTOP-TJ9D65N" duration="00:00:00.0027464" startTime="2022-10-15T22:06:29.5356204+03:00" endTime="2022-10-15T22:06:29.5356205+03:00" testType="13cdc9d9-ddb5-4fa4-a97d-d965ccfc6d4b" outcome="Passed" testListId="8c84fa94-04c1-424b-9868-57a2d4851a1d" relativeResultsDirectory="12373367-81d2-4243-9c33-81c8f6ee53be" />
    <UnitTestResult executionId="e82647b6-e676-4dff-ba77-79d664f9fc1f" testId="029b8245-ecae-f3a2-6e17-8e5e88c14b8f" testName="BL.Tests.LiftsServiceTest.TestGetLiftInfoAsync(userID: 239, lift: Lift { LiftID = 28, LiftName = liftNameb2664c3c-7c99-4b1a-968f-6cf53154c268, IsOpen = True, SeatsAmount = 203, LiftingTime = 167, QueueTime = 67, ConnectedSlopes =  }, checkPermissionServiceMock: Mock&lt;ICheckPermissionService:1&gt;, liftsRepositoryStub: Mock&lt;ILiftsRepository:1&gt;, liftsSlopesRepositoryStub: Mock&lt;ILiftsSlopesRepository:1&gt;, sut: LiftsService { })" computerName="DESKTOP-TJ9D65N" duration="00:00:00.0141187" startTime="2022-10-15T22:06:29.5353219+03:00" endTime="2022-10-15T22:06:29.5353220+03:00" testType="13cdc9d9-ddb5-4fa4-a97d-d965ccfc6d4b" outcome="Passed" testListId="8c84fa94-04c1-424b-9868-57a2d4851a1d" relativeResultsDirectory="e82647b6-e676-4dff-ba77-79d664f9fc1f" />
    <UnitTestResult executionId="0f4721c9-8a50-4013-8f00-6f00115f934b" testId="c36970dc-93f7-753e-fa47-157133b01644" testName="BL.Tests.CheckPermissionsServiceTests.SkiPatrolHasAccessToAdminSkiPatrolFunctions(functionName: &quot;GetMessagesAsync&quot;)" computerName="DESKTOP-TJ9D65N" duration="00:00:00.0014845" startTime="2022-10-15T22:06:29.5351073+03:00" endTime="2022-10-15T22:06:29.5351075+03:00" testType="13cdc9d9-ddb5-4fa4-a97d-d965ccfc6d4b" outcome="Passed" testListId="8c84fa94-04c1-424b-9868-57a2d4851a1d" relativeResultsDirectory="0f4721c9-8a50-4013-8f00-6f00115f934b" />
    <UnitTestResult executionId="52962cd8-b57b-4fbf-a26f-af5ca5b08bb5" testId="69340bb6-3645-f9dd-971e-29d8b2a009bb" testName="BL.Tests.UsersServiceTests.TestLogInWithWrongPassword" computerName="DESKTOP-TJ9D65N" duration="00:00:00.0026346" startTime="2022-10-15T22:06:29.5389230+03:00" endTime="2022-10-15T22:06:29.5389232+03:00" testType="13cdc9d9-ddb5-4fa4-a97d-d965ccfc6d4b" outcome="Passed" testListId="8c84fa94-04c1-424b-9868-57a2d4851a1d" relativeResultsDirectory="52962cd8-b57b-4fbf-a26f-af5ca5b08bb5" />
    <UnitTestResult executionId="8102550c-75bc-4498-ab60-8c7bc390c825" testId="1e1907fe-d82a-f40a-c67a-a8ebbb9dae91" testName="BL.Tests.TurnstilesServiceTest.TestAdminAddAutoIncrementTurnstileAsync(userID: 213, turnstile: Turnstile { TurnstileID = 123, LiftID = 247, IsOpen = True }, checkPermissionServiceMock: Mock&lt;ICheckPermissionService:16&gt;, turnstilesRepositoryStub: Mock&lt;ITurnstilesRepository:10&gt;, sut: TurnstilesService { })" computerName="DESKTOP-TJ9D65N" duration="00:00:00.0122851" startTime="2022-10-15T22:06:29.5313515+03:00" endTime="2022-10-15T22:06:29.5313516+03:00" testType="13cdc9d9-ddb5-4fa4-a97d-d965ccfc6d4b" outcome="Passed" testListId="8c84fa94-04c1-424b-9868-57a2d4851a1d" relativeResultsDirectory="8102550c-75bc-4498-ab60-8c7bc390c825" />
    <UnitTestResult executionId="0134746f-09b0-434b-8c71-aba7fb2d6148" testId="4f297306-d4f3-8d63-e7f4-1ac0b8c58c74" testName="BL.Tests.CheckPermissionsServiceTests.AuthorizedHasNoAccessToAdminSkiPatrolFunctions(functionName: &quot;GetLiftsSlopesInfoAsync&quot;)" computerName="DESKTOP-TJ9D65N" duration="00:00:00.0017594" startTime="2022-10-15T22:06:29.5415990+03:00" endTime="2022-10-15T22:06:29.5415991+03:00" testType="13cdc9d9-ddb5-4fa4-a97d-d965ccfc6d4b" outcome="Passed" testListId="8c84fa94-04c1-424b-9868-57a2d4851a1d" relativeResultsDirectory="0134746f-09b0-434b-8c71-aba7fb2d6148" />
    <UnitTestResult executionId="1834667d-242d-4d1f-999d-1c60cd5e8219" testId="387c9729-48c1-486e-5e67-f5d11a9f0db8" testName="BL.Tests.CheckPermissionsServiceTests.UnauthorizedHasNoAccessToAdminSkiPatrolFunctions(functionName: &quot;GetLiftsSlopesInfoAsync&quot;)" computerName="DESKTOP-TJ9D65N" duration="00:00:00.0014315" startTime="2022-10-15T22:06:29.5309744+03:00" endTime="2022-10-15T22:06:29.5309745+03:00" testType="13cdc9d9-ddb5-4fa4-a97d-d965ccfc6d4b" outcome="Passed" testListId="8c84fa94-04c1-424b-9868-57a2d4851a1d" relativeResultsDirectory="1834667d-242d-4d1f-999d-1c60cd5e8219" />
    <UnitTestResult executionId="34be0d0f-edce-4fd8-95fc-0d4e412b0ba5" testId="f97f4585-6de5-f5fd-49f0-701ee524c257" testName="BL.Tests.SlopesServiceTest.TestGetSlopeInfoAsync(userID: 109, slope: Slope { SlopeID = 192, SlopeName = slopeName76823826-468c-49f7-bcfe-0491e1c3d975, IsOpen = True, DifficultyLevel = 187, ConnectedLifts =  }, checkPermissionServiceMock: Mock&lt;ICheckPermissionService:6&gt;, slopesRepositoryStub: Mock&lt;ISlopesRepository:4&gt;, liftsSlopesRepositoryStub: Mock&lt;ILiftsSlopesRepository:9&gt;, sut: SlopesService { })" computerName="DESKTOP-TJ9D65N" duration="00:00:00.0144842" startTime="2022-10-15T22:06:29.5354793+03:00" endTime="2022-10-15T22:06:29.5354794+03:00" testType="13cdc9d9-ddb5-4fa4-a97d-d965ccfc6d4b" outcome="Passed" testListId="8c84fa94-04c1-424b-9868-57a2d4851a1d" relativeResultsDirectory="34be0d0f-edce-4fd8-95fc-0d4e412b0ba5" />
    <UnitTestResult executionId="836325b1-db25-4e58-b59e-e14b74e9d8d8" testId="a19a5fcf-c5d2-7d44-5d7d-84403042f4e0" testName="BL.Tests.CheckPermissionsServiceTests.UnauthorizedHasNoAccessToAdminSkiPatrolFunctions(functionName: &quot;MarkMessageReadByUserAsync&quot;)" computerName="DESKTOP-TJ9D65N" duration="00:00:00.0321793" startTime="2022-10-15T22:06:29.4473152+03:00" endTime="2022-10-15T22:06:29.4473153+03:00" testType="13cdc9d9-ddb5-4fa4-a97d-d965ccfc6d4b" outcome="Passed" testListId="8c84fa94-04c1-424b-9868-57a2d4851a1d" relativeResultsDirectory="836325b1-db25-4e58-b59e-e14b74e9d8d8" />
    <UnitTestResult executionId="d094779f-ae81-48f5-b2ef-20a6d4329f1d" testId="2d706594-f2b3-b3c8-21d4-86c9798c3306" testName="BL.Tests.CheckPermissionsServiceTests.SkiPatrolHasAccessToAdminSkiPatrolFunctions(functionName: &quot;GetLiftsSlopesInfoAsync&quot;)" computerName="DESKTOP-TJ9D65N" duration="00:00:00.0047367" startTime="2022-10-15T22:06:29.5340170+03:00" endTime="2022-10-15T22:06:29.5340173+03:00" testType="13cdc9d9-ddb5-4fa4-a97d-d965ccfc6d4b" outcome="Passed" testListId="8c84fa94-04c1-424b-9868-57a2d4851a1d" relativeResultsDirectory="d094779f-ae81-48f5-b2ef-20a6d4329f1d" />
    <UnitTestResult executionId="0ef85016-d745-4192-99bd-d7d7a84fe41b" testId="894941c1-bfa7-d8f9-c047-1e1ceefe2c2f" testName="BL.Tests.UsersServiceTests.TestRegisterUserWithRepeatedEmail" computerName="DESKTOP-TJ9D65N" duration="00:00:00.0038834" startTime="2022-10-15T22:06:29.5329791+03:00" endTime="2022-10-15T22:06:29.5329793+03:00" testType="13cdc9d9-ddb5-4fa4-a97d-d965ccfc6d4b" outcome="Passed" testListId="8c84fa94-04c1-424b-9868-57a2d4851a1d" relativeResultsDirectory="0ef85016-d745-4192-99bd-d7d7a84fe41b" />
    <UnitTestResult executionId="66b75f1d-aa99-401f-a2d0-407bdcd24c6a" testId="644ec43e-70cd-c82d-42e7-0d990be1414d" testName="BL.Tests.CheckPermissionsServiceTests.AuthorizedHasAccessToAuthorizedFunctions(functionName: &quot;SendMessageAsync&quot;)" computerName="DESKTOP-TJ9D65N" duration="00:00:00.0015766" startTime="2022-10-15T22:06:29.5456916+03:00" endTime="2022-10-15T22:06:29.5456917+03:00" testType="13cdc9d9-ddb5-4fa4-a97d-d965ccfc6d4b" outcome="Passed" testListId="8c84fa94-04c1-424b-9868-57a2d4851a1d" relativeResultsDirectory="66b75f1d-aa99-401f-a2d0-407bdcd24c6a" />
    <UnitTestResult executionId="50f74cbb-cca0-4b97-96c5-2c582ecc2bfb" testId="f403e8ae-0812-dc3a-d54d-91d328f58101" testName="BL.Tests.SlopesServiceTest.TestUpdateSlopeInfoAsync(userID: 56, slope: Slope { SlopeID = 39, SlopeName = slopeName1bbb059e-1f82-4e00-ada3-60ffee2cecc4, IsOpen = True, DifficultyLevel = 164, ConnectedLifts =  }, checkPermissionServiceMock: Mock&lt;ICheckPermissionService:8&gt;, slopesRepositoryStub: Mock&lt;ISlopesRepository:6&gt;, sut: SlopesService { })" computerName="DESKTOP-TJ9D65N" duration="00:00:00.0076888" startTime="2022-10-15T22:06:29.5332638+03:00" endTime="2022-10-15T22:06:29.5332639+03:00" testType="13cdc9d9-ddb5-4fa4-a97d-d965ccfc6d4b" outcome="Passed" testListId="8c84fa94-04c1-424b-9868-57a2d4851a1d" relativeResultsDirectory="50f74cbb-cca0-4b97-96c5-2c582ecc2bfb" />
    <UnitTestResult executionId="7c0dd4e4-4c7d-4f87-96fa-378cce7e1e9b" testId="e2d7e5be-3dae-33ae-fb17-c704b6fd58d6" testName="BL.Tests.CheckPermissionsServiceTests.UnauthorizedHasNoAccessToAdminFunctions" computerName="DESKTOP-TJ9D65N" duration="00:00:00.0019947" startTime="2022-10-15T22:06:29.5533633+03:00" endTime="2022-10-15T22:06:29.5533634+03:00" testType="13cdc9d9-ddb5-4fa4-a97d-d965ccfc6d4b" outcome="Passed" testListId="8c84fa94-04c1-424b-9868-57a2d4851a1d" relativeResultsDirectory="7c0dd4e4-4c7d-4f87-96fa-378cce7e1e9b" />
    <UnitTestResult executionId="955d2da9-f781-482a-9e7f-60644cde9b49" testId="22b88091-2f5d-5fad-aa66-895b5be0ed58" testName="BL.Tests.LiftsSlopesServiceTests.TestAdminDeleteLiftSlopeAsync(lift: Lift { LiftID = 102, LiftName = liftName5e284d75-9426-43a2-8226-da8b9239aea1, IsOpen = True, SeatsAmount = 123, LiftingTime = 199, QueueTime = 23, ConnectedSlopes =  }, slope: Slope { SlopeID = 242, SlopeName = slopeNamec5bf4f79-7f42-4bf0-bffd-15550990984e, IsOpen = False, DifficultyLevel = 158, ConnectedLifts =  }, slopesRepositoryStub: Mock&lt;ISlopesRepository:2&gt;, liftsRepositoryStub: Mock&lt;ILiftsRepository:7&gt;, liftsSlopesRepositoryStub: Mock&lt;ILiftsSlopesRepository:7&gt;)" computerName="DESKTOP-TJ9D65N" duration="00:00:00.0090636" startTime="2022-10-15T22:06:29.5312028+03:00" endTime="2022-10-15T22:06:29.5312029+03:00" testType="13cdc9d9-ddb5-4fa4-a97d-d965ccfc6d4b" outcome="Passed" testListId="8c84fa94-04c1-424b-9868-57a2d4851a1d" relativeResultsDirectory="955d2da9-f781-482a-9e7f-60644cde9b49" />
    <UnitTestResult executionId="a0beb2b9-24a9-4928-8f73-f2d3080ffb25" testId="20ad8570-0170-85de-dcd7-2f109dd7bcd6" testName="BL.Tests.UsersServiceTests.TestAdminGetUsers" computerName="DESKTOP-TJ9D65N" duration="00:00:00.0387447" startTime="2022-10-15T22:06:29.4473549+03:00" endTime="2022-10-15T22:06:29.4473549+03:00" testType="13cdc9d9-ddb5-4fa4-a97d-d965ccfc6d4b" outcome="Passed" testListId="8c84fa94-04c1-424b-9868-57a2d4851a1d" relativeResultsDirectory="a0beb2b9-24a9-4928-8f73-f2d3080ffb25" />
    <UnitTestResult executionId="6b8b2936-8ccf-4bb2-bf79-ef54331b7f21" testId="39be9b5e-0bc4-57dc-37d3-aec6b520299d" testName="BL.Tests.LiftsSlopesServiceTests.TestGetLiftsSlopesInfoAsync(liftsSlopes: [LiftSlope { RecordID = 54, LiftID = 203, SlopeID = 194 }, LiftSlope { RecordID = 112, LiftID = 79, SlopeID = 170 }, LiftSlope { RecordID = 162, LiftID = 11, SlopeID = 51 }], slopesRepositoryStub: Mock&lt;ISlopesRepository:1&gt;, liftsRepositoryStub: Mock&lt;ILiftsRepository:6&gt;, liftsSlopesRepositoryStub: Mock&lt;ILiftsSlopesRepository:6&gt;)" computerName="DESKTOP-TJ9D65N" duration="00:00:00.0045097" startTime="2022-10-15T22:06:29.5328345+03:00" endTime="2022-10-15T22:06:29.5328346+03:00" testType="13cdc9d9-ddb5-4fa4-a97d-d965ccfc6d4b" outcome="Passed" testListId="8c84fa94-04c1-424b-9868-57a2d4851a1d" relativeResultsDirectory="6b8b2936-8ccf-4bb2-bf79-ef54331b7f21" />
    <UnitTestResult executionId="a58af0a8-9d91-4ddf-8eda-812702cf5100" testId="492c0393-35b4-df26-a537-21ca08302f3c" testName="BL.Tests.CheckPermissionsServiceTests.SkiPatrolHasNoAccessToAdminFunctions" computerName="DESKTOP-TJ9D65N" duration="00:00:00.0026070" startTime="2022-10-15T22:06:29.5583233+03:00" endTime="2022-10-15T22:06:29.5583235+03:00" testType="13cdc9d9-ddb5-4fa4-a97d-d965ccfc6d4b" outcome="Passed" testListId="8c84fa94-04c1-424b-9868-57a2d4851a1d" relativeResultsDirectory="a58af0a8-9d91-4ddf-8eda-812702cf5100" />
    <UnitTestResult executionId="a4aa4273-17cc-489f-8570-e521ee4b3761" testId="c54df631-dcaf-ee1a-e67d-584ecc04b89f" testName="BL.Tests.LiftsServiceTest.TestUpdateLiftInfoAsync(userID: 72, lift: Lift { LiftID = 56, LiftName = liftNamea4f2f9b8-044e-4688-aec9-4a972eae27ab, IsOpen = True, SeatsAmount = 210, LiftingTime = 116, QueueTime = 163, ConnectedSlopes =  }, checkPermissionServiceMock: Mock&lt;ICheckPermissionService:3&gt;, liftsRepositoryStub: Mock&lt;ILiftsRepository:3&gt;, sut: LiftsService { })" computerName="DESKTOP-TJ9D65N" duration="00:00:00.0067230" startTime="2022-10-15T22:06:29.5363203+03:00" endTime="2022-10-15T22:06:29.5363203+03:00" testType="13cdc9d9-ddb5-4fa4-a97d-d965ccfc6d4b" outcome="Passed" testListId="8c84fa94-04c1-424b-9868-57a2d4851a1d" relativeResultsDirectory="a4aa4273-17cc-489f-8570-e521ee4b3761" />
    <UnitTestResult executionId="7f26605e-5f9f-4e67-a17e-57aac2e83e90" testId="0eeef75f-6e38-7893-a8fe-cff3e0a970a7" testName="BL.Tests.UsersServiceTests.TestRegisterOk" computerName="DESKTOP-TJ9D65N" duration="00:00:00.0168931" startTime="2022-10-15T22:06:29.5353961+03:00" endTime="2022-10-15T22:06:29.5353962+03:00" testType="13cdc9d9-ddb5-4fa4-a97d-d965ccfc6d4b" outcome="Passed" testListId="8c84fa94-04c1-424b-9868-57a2d4851a1d" relativeResultsDirectory="7f26605e-5f9f-4e67-a17e-57aac2e83e90" />
    <UnitTestResult executionId="687104e4-9541-46a3-96cb-c54d5ba27500" testId="56be9130-88e2-f8ba-89ed-3a9ef74b92b7" testName="BL.Tests.TurnstilesServiceTest.TestAdminUpdateTurnstileAsync(userID: 101, turnstile: Turnstile { TurnstileID = 207, LiftID = 28, IsOpen = True }, checkPermissionServiceMock: Mock&lt;ICheckPermissionService:14&gt;, turnstilesRepositoryStub: Mock&lt;ITurnstilesRepository:8&gt;, sut: TurnstilesService { })" computerName="DESKTOP-TJ9D65N" duration="00:00:00.0327025" startTime="2022-10-15T22:06:29.4438457+03:00" endTime="2022-10-15T22:06:29.4438674+03:00" testType="13cdc9d9-ddb5-4fa4-a97d-d965ccfc6d4b" outcome="Passed" testListId="8c84fa94-04c1-424b-9868-57a2d4851a1d" relativeResultsDirectory="687104e4-9541-46a3-96cb-c54d5ba27500" />
    <UnitTestResult executionId="1f20b162-4441-4aba-8c68-53a418e9cda3" testId="eaabd2fc-2f4b-5689-59c8-c7ad34a8f634" testName="BL.Tests.CheckPermissionsServiceTests.UnauthorizedHasNoAccessToAuthorizedFunctions(functionName: &quot;SendMessageAsync&quot;)" computerName="DESKTOP-TJ9D65N" duration="00:00:00.0031208" startTime="2022-10-15T22:06:29.5325905+03:00" endTime="2022-10-15T22:06:29.5325907+03:00" testType="13cdc9d9-ddb5-4fa4-a97d-d965ccfc6d4b" outcome="Passed" testListId="8c84fa94-04c1-424b-9868-57a2d4851a1d" relativeResultsDirectory="1f20b162-4441-4aba-8c68-53a418e9cda3" />
    <UnitTestResult executionId="80fb6107-41b0-4527-b699-f0d97c7075be" testId="fa960c5e-f989-2880-784e-8efe538c5231" testName="BL.Tests.CheckPermissionsServiceTests.UnauthorizedHasNoAccessToAuthorizedFunctions(functionName: &quot;LogOutAsync&quot;)" computerName="DESKTOP-TJ9D65N" duration="00:00:00.0012696" startTime="2022-10-15T22:06:29.5330142+03:00" endTime="2022-10-15T22:06:29.5330144+03:00" testType="13cdc9d9-ddb5-4fa4-a97d-d965ccfc6d4b" outcome="Passed" testListId="8c84fa94-04c1-424b-9868-57a2d4851a1d" relativeResultsDirectory="80fb6107-41b0-4527-b699-f0d97c7075be" />
    <UnitTestResult executionId="329d64a6-3251-4bf1-b792-83c389c7901c" testId="a8ddb76e-508f-294b-1bef-7bbac5ee773f" testName="BL.Tests.SlopesServiceTest.TestAdminDeleteSlopeAsync(userID: 152, slope: Slope { SlopeID = 56, SlopeName = slopeName20d0b435-b9ab-43e6-a34a-cadd592a579f, IsOpen = True, DifficultyLevel = 247, ConnectedLifts =  }, checkPermissionServiceMock: Mock&lt;ICheckPermissionService:9&gt;, slopesRepositoryStub: Mock&lt;ISlopesRepository:7&gt;, liftsSlopesRepositoryStub: Mock&lt;ILiftsSlopesRepository:12&gt;, sut: SlopesService { })" computerName="DESKTOP-TJ9D65N" duration="00:00:00.0321411" startTime="2022-10-15T22:06:29.4473048+03:00" endTime="2022-10-15T22:06:29.4473048+03:00" testType="13cdc9d9-ddb5-4fa4-a97d-d965ccfc6d4b" outcome="Passed" testListId="8c84fa94-04c1-424b-9868-57a2d4851a1d" relativeResultsDirectory="329d64a6-3251-4bf1-b792-83c389c7901c" />
    <UnitTestResult executionId="b9952264-c805-475d-aeeb-cb9ffea6e4a2" testId="229812f5-9a73-5335-11f5-31330d1348a5" testName="BL.Tests.CheckPermissionsServiceTests.UnauthorizedHasNoAccessToAdminSkiPatrolFunctions(functionName: &quot;GetMessagesAsync&quot;)" computerName="DESKTOP-TJ9D65N" duration="00:00:00.0012451" startTime="2022-10-15T22:06:29.5311830+03:00" endTime="2022-10-15T22:06:29.5311831+03:00" testType="13cdc9d9-ddb5-4fa4-a97d-d965ccfc6d4b" outcome="Passed" testListId="8c84fa94-04c1-424b-9868-57a2d4851a1d" relativeResultsDirectory="b9952264-c805-475d-aeeb-cb9ffea6e4a2" />
    <UnitTestResult executionId="650919ce-deef-4ff1-8db7-22e765d1771a" testId="9c7df5e2-1b23-ebea-889f-b78ca86b60ab" testName="BL.Tests.CheckPermissionsServiceTests.AuthorizedHasNoAccessToAdminSkiPatrolFunctions(functionName: &quot;MarkMessageReadByUserAsync&quot;)" computerName="DESKTOP-TJ9D65N" duration="00:00:00.0014544" startTime="2022-10-15T22:06:29.5373665+03:00" endTime="2022-10-15T22:06:29.5373666+03:00" testType="13cdc9d9-ddb5-4fa4-a97d-d965ccfc6d4b" outcome="Passed" testListId="8c84fa94-04c1-424b-9868-57a2d4851a1d" relativeResultsDirectory="650919ce-deef-4ff1-8db7-22e765d1771a" />
    <UnitTestResult executionId="27d52eb9-8926-4a23-80ff-78dfd872c779" testId="a2e59116-cb53-1d70-9cb8-21c286516866" testName="BL.Tests.CheckPermissionsServiceTests.AuthorizedHasNoAccessToAdminFunctions" computerName="DESKTOP-TJ9D65N" duration="00:00:00.0099992" startTime="2022-10-15T22:06:29.5353589+03:00" endTime="2022-10-15T22:06:29.5353590+03:00" testType="13cdc9d9-ddb5-4fa4-a97d-d965ccfc6d4b" outcome="Passed" testListId="8c84fa94-04c1-424b-9868-57a2d4851a1d" relativeResultsDirectory="27d52eb9-8926-4a23-80ff-78dfd872c779" />
    <UnitTestResult executionId="509b5ba6-4add-44f4-905c-724fcaba0bc7" testId="f44a1b21-8efc-bfac-63b4-d534442def31" testName="BL.Tests.UsersServiceTests.TestRegisterUserWithNoPassword" computerName="DESKTOP-TJ9D65N" duration="00:00:00.0015511" startTime="2022-10-15T22:06:29.5313139+03:00" endTime="2022-10-15T22:06:29.5313139+03:00" testType="13cdc9d9-ddb5-4fa4-a97d-d965ccfc6d4b" outcome="Passed" testListId="8c84fa94-04c1-424b-9868-57a2d4851a1d" relativeResultsDirectory="509b5ba6-4add-44f4-905c-724fcaba0bc7" />
    <UnitTestResult executionId="ae1ad00f-0544-45dc-9d22-237eb74b5793" testId="f3efc418-a8a6-c7b7-9bac-90b33aa8472f" testName="BL.Tests.CheckPermissionsServiceTests.AdminHasAccessToAllFunctions" computerName="DESKTOP-TJ9D65N" duration="00:00:00.0018350" startTime="2022-10-15T22:06:29.5624734+03:00" endTime="2022-10-15T22:06:29.5624736+03:00" testType="13cdc9d9-ddb5-4fa4-a97d-d965ccfc6d4b" outcome="Passed" testListId="8c84fa94-04c1-424b-9868-57a2d4851a1d" relativeResultsDirectory="ae1ad00f-0544-45dc-9d22-237eb74b5793" />
    <UnitTestResult executionId="b38cbce4-af5b-45cd-9edd-85b8d5feb794" testId="7adae79b-706e-cdf1-6578-7116f470839b" testName="BL.Tests.TurnstilesServiceTest.TestAdminGetTurnstilesAsync(userID: 254, initialTurnstiles: [Turnstile { TurnstileID = 120, LiftID = 91, IsOpen = True }, Turnstile { TurnstileID = 25, LiftID = 36, IsOpen = False }, Turnstile { TurnstileID = 69, LiftID = 55, IsOpen = True }], checkPermissionServiceMock: Mock&lt;ICheckPermissionService:13&gt;, turnstilesRepositoryStub: Mock&lt;ITurnstilesRepository:7&gt;, sut: TurnstilesService { })" computerName="DESKTOP-TJ9D65N" duration="00:00:00.0065173" startTime="2022-10-15T22:06:29.5331802+03:00" endTime="2022-10-15T22:06:29.5331803+03:00" testType="13cdc9d9-ddb5-4fa4-a97d-d965ccfc6d4b" outcome="Passed" testListId="8c84fa94-04c1-424b-9868-57a2d4851a1d" relativeResultsDirectory="b38cbce4-af5b-45cd-9edd-85b8d5feb794" />
    <UnitTestResult executionId="63e2f034-1c01-487b-aab0-ecc2010a1c8d" testId="11c2a273-5b90-b628-293c-17dc7ea1ff34" testName="BL.Tests.LiftsServiceTest.TestAdminAddAutoIncrementLiftAsync(userID: 200, lift: Lift { LiftID = 220, LiftName = liftNamee8653dca-a63d-4439-875d-d8b08c40a06b, IsOpen = True, SeatsAmount = 84, LiftingTime = 50, QueueTime = 60, ConnectedSlopes =  }, checkPermissionServiceMock: Mock&lt;ICheckPermissionService:5&gt;, liftsRepositoryStub: Mock&lt;ILiftsRepository:5&gt;, sut: LiftsService { })" computerName="DESKTOP-TJ9D65N" duration="00:00:00.0123773" startTime="2022-10-15T22:06:29.5313930+03:00" endTime="2022-10-15T22:06:29.5313932+03:00" testType="13cdc9d9-ddb5-4fa4-a97d-d965ccfc6d4b" outcome="Passed" testListId="8c84fa94-04c1-424b-9868-57a2d4851a1d" relativeResultsDirectory="63e2f034-1c01-487b-aab0-ecc2010a1c8d" />
    <UnitTestResult executionId="e5a23e94-1996-46eb-8f5e-15a2b42019b4" testId="ae085b26-6d7f-63be-7e8b-f71dab21ac9c" testName="BL.Tests.TurnstilesServiceTest.TestAdminDeleteTurnstileAsync(userID: 137, turnstile: Turnstile { TurnstileID = 202, LiftID = 24, IsOpen = True }, checkPermissionServiceMock: Mock&lt;ICheckPermissionService:15&gt;, turnstilesRepositoryStub: Mock&lt;ITurnstilesRepository:9&gt;, sut: TurnstilesService { })" computerName="DESKTOP-TJ9D65N" duration="00:00:00.0045778" startTime="2022-10-15T22:06:29.5343333+03:00" endTime="2022-10-15T22:06:29.5343334+03:00" testType="13cdc9d9-ddb5-4fa4-a97d-d965ccfc6d4b" outcome="Passed" testListId="8c84fa94-04c1-424b-9868-57a2d4851a1d" relativeResultsDirectory="e5a23e94-1996-46eb-8f5e-15a2b42019b4" />
    <UnitTestResult executionId="99a907db-e8c3-457b-93c2-0e11b7fbb0e8" testId="18fa8c62-e27d-e1fc-8182-4d7db62b008d" testName="BL.Tests.UsersServiceTests.TestAdminDeleteUser" computerName="DESKTOP-TJ9D65N" duration="00:00:00.0025087" startTime="2022-10-15T22:06:29.5589763+03:00" endTime="2022-10-15T22:06:29.5589765+03:00" testType="13cdc9d9-ddb5-4fa4-a97d-d965ccfc6d4b" outcome="Passed" testListId="8c84fa94-04c1-424b-9868-57a2d4851a1d" relativeResultsDirectory="99a907db-e8c3-457b-93c2-0e11b7fbb0e8" />
    <UnitTestResult executionId="865c8e77-3d6f-4776-8de8-e6f0243c4925" testId="f70beacc-37f2-fe18-483a-82b299aa3728" testName="BL.Tests.SlopesServiceTest.TestGetSlopesInfoAsync(userID: 19, initialSlopes: [Slope { SlopeID = 45, SlopeName = slopeNamef1331c01-3bda-4f11-9150-33e38541ed58, IsOpen = True, DifficultyLevel = 116, ConnectedLifts =  }, Slope { SlopeID = 206, SlopeName = slopeNamedbfac3cb-b4d4-4597-a082-8a159d777522, IsOpen = False, DifficultyLevel = 143, ConnectedLifts =  }, Slope { SlopeID = 209, SlopeName = slopeNamed999aafc-c081-450c-9502-5cba6b256d60, IsOpen = True, DifficultyLevel = 189, ConnectedLifts =  }], checkPermissionServiceMock: Mock&lt;ICheckPermissionService:7&gt;, slopesRepositoryStub: Mock&lt;ISlopesRepository:5&gt;, liftsSlopesRepositoryStub: Mock&lt;ILiftsSlopesRepository:10&gt;, sut: SlopesService { })" computerName="DESKTOP-TJ9D65N" duration="00:00:00.0115336" startTime="2022-10-15T22:06:29.5450271+03:00" endTime="2022-10-15T22:06:29.5450272+03:00" testType="13cdc9d9-ddb5-4fa4-a97d-d965ccfc6d4b" outcome="Passed" testListId="8c84fa94-04c1-424b-9868-57a2d4851a1d" relativeResultsDirectory="865c8e77-3d6f-4776-8de8-e6f0243c4925" />
    <UnitTestResult executionId="c7b6d971-70a0-4d52-a220-1022c2aa24e9" testId="1be8669c-8286-3718-a726-27fd70e2afe2" testName="BL.Tests.LiftsServiceTest.TestGetLiftsInfoAsync(userID: 47, initialLifts: [Lift { LiftID = 169, LiftName = liftName5b966a5b-28c6-4351-bd6e-060613d03f87, IsOpen = True, SeatsAmount = 250, LiftingTime = 25, QueueTime = 30, ConnectedSlopes =  }, Lift { LiftID = 233, LiftName = liftName7ecd2f86-14be-4529-9c9a-e76c01cf0242, IsOpen = False, SeatsAmount = 150, LiftingTime = 124, QueueTime = 56, ConnectedSlopes =  }, Lift { LiftID = 146, LiftName = liftName0e86ef40-d7fc-40be-9e07-3bd4286fb8ed, IsOpen = True, SeatsAmount = 2, LiftingTime = 239, QueueTime = 16, ConnectedSlopes =  }], checkPermissionServiceMock: Mock&lt;ICheckPermissionService:2&gt;, liftsRepositoryStub: Mock&lt;ILiftsRepository:2&gt;, liftsSlopesRepositoryStub: Mock&lt;ILiftsSlopesRepository:2&gt;, sut: LiftsService { })" computerName="DESKTOP-TJ9D65N" duration="00:00:00.0128574" startTime="2022-10-15T22:06:29.5341995+03:00" endTime="2022-10-15T22:06:29.5341996+03:00" testType="13cdc9d9-ddb5-4fa4-a97d-d965ccfc6d4b" outcome="Passed" testListId="8c84fa94-04c1-424b-9868-57a2d4851a1d" relativeResultsDirectory="c7b6d971-70a0-4d52-a220-1022c2aa24e9" />
    <UnitTestResult executionId="844171e6-9fdc-4680-8eb6-ab293617f2e4" testId="8184bd30-991c-b78d-b4ec-99a485eac0dd" testName="BL.Tests.UsersServiceTests.TestRegisterUserWithNoEmail" computerName="DESKTOP-TJ9D65N" duration="00:00:00.0060561" startTime="2022-10-15T22:06:29.5311290+03:00" endTime="2022-10-15T22:06:29.5311290+03:00" testType="13cdc9d9-ddb5-4fa4-a97d-d965ccfc6d4b" outcome="Passed" testListId="8c84fa94-04c1-424b-9868-57a2d4851a1d" relativeResultsDirectory="844171e6-9fdc-4680-8eb6-ab293617f2e4" />
    <UnitTestResult executionId="0931cfc2-86cf-4f43-91b6-32c8ede51cc2" testId="e5497347-2721-b7a6-0bd4-69a9921f6947" testName="BL.Tests.UsersServiceTests.TestAdminGetUserByIDAsync" computerName="DESKTOP-TJ9D65N" duration="00:00:00.0042081" startTime="2022-10-15T22:06:29.5541351+03:00" endTime="2022-10-15T22:06:29.5541352+03:00" testType="13cdc9d9-ddb5-4fa4-a97d-d965ccfc6d4b" outcome="Passed" testListId="8c84fa94-04c1-424b-9868-57a2d4851a1d" relativeResultsDirectory="0931cfc2-86cf-4f43-91b6-32c8ede51cc2" />
  </Results>
  <TestDefinitions>
    <UnitTest name="BL.Tests.SlopesServiceTest.TestAdminAddAutoIncrementSlopeAsync(userID: 219, slope: Slope { SlopeID = 165, SlopeName = slopeNamedf0fd4bd-9d66-4924-9820-90044a9875c9, IsOpen = True, DifficultyLevel = 107, ConnectedLifts =  }, checkPermissionServiceMock: Mock&lt;ICheckPermissionService:10&gt;, slopesRepositoryStub: Mock&lt;ISlopesRepository:8&gt;, sut: SlopesService { })" storage="c:\users\alena\desktop\7_sem\testing_and_debugging\skiresort\bl.tests\bin\debug\net6.0\bl.tests.dll" id="ddbbb335-e211-83c5-f6d7-a1a04ec84a2b">
      <Execution id="a8aeceda-82fa-48e8-8b65-72159d6d6cd9" />
      <TestMethod codeBase="C:\Users\alena\Desktop\7_sem\testing_and_debugging\SkiResort\BL.Tests\bin\Debug\net6.0\BL.Tests.dll" adapterTypeName="executor://xunit/VsTestRunner2/netcoreapp" className="BL.Tests.SlopesServiceTest" name="TestAdminAddAutoIncrementSlopeAsync" />
    </UnitTest>
    <UnitTest name="BL.Tests.TurnstilesServiceTest.TestAdminGetTurnstilesAsync(userID: 254, initialTurnstiles: [Turnstile { TurnstileID = 120, LiftID = 91, IsOpen = True }, Turnstile { TurnstileID = 25, LiftID = 36, IsOpen = False }, Turnstile { TurnstileID = 69, LiftID = 55, IsOpen = True }], checkPermissionServiceMock: Mock&lt;ICheckPermissionService:13&gt;, turnstilesRepositoryStub: Mock&lt;ITurnstilesRepository:7&gt;, sut: TurnstilesService { })" storage="c:\users\alena\desktop\7_sem\testing_and_debugging\skiresort\bl.tests\bin\debug\net6.0\bl.tests.dll" id="7adae79b-706e-cdf1-6578-7116f470839b">
      <Execution id="b38cbce4-af5b-45cd-9edd-85b8d5feb794" />
      <TestMethod codeBase="C:\Users\alena\Desktop\7_sem\testing_and_debugging\SkiResort\BL.Tests\bin\Debug\net6.0\BL.Tests.dll" adapterTypeName="executor://xunit/VsTestRunner2/netcoreapp" className="BL.Tests.TurnstilesServiceTest" name="TestAdminGetTurnstilesAsync" />
    </UnitTest>
    <UnitTest name="BL.Tests.CheckPermissionsServiceTests.AuthorizedHasNoAccessToAdminSkiPatrolFunctions(functionName: &quot;MarkMessageReadByUserAsync&quot;)" storage="c:\users\alena\desktop\7_sem\testing_and_debugging\skiresort\bl.tests\bin\debug\net6.0\bl.tests.dll" id="9c7df5e2-1b23-ebea-889f-b78ca86b60ab">
      <Execution id="650919ce-deef-4ff1-8db7-22e765d1771a" />
      <TestMethod codeBase="C:\Users\alena\Desktop\7_sem\testing_and_debugging\SkiResort\BL.Tests\bin\Debug\net6.0\BL.Tests.dll" adapterTypeName="executor://xunit/VsTestRunner2/netcoreapp" className="BL.Tests.CheckPermissionsServiceTests" name="AuthorizedHasNoAccessToAdminSkiPatrolFunctions" />
    </UnitTest>
    <UnitTest name="BL.Tests.CheckPermissionsServiceTests.UnauthorizedHasNoAccessToAdminSkiPatrolFunctions(functionName: &quot;MarkMessageReadByUserAsync&quot;)" storage="c:\users\alena\desktop\7_sem\testing_and_debugging\skiresort\bl.tests\bin\debug\net6.0\bl.tests.dll" id="a19a5fcf-c5d2-7d44-5d7d-84403042f4e0">
      <Execution id="836325b1-db25-4e58-b59e-e14b74e9d8d8" />
      <TestMethod codeBase="C:\Users\alena\Desktop\7_sem\testing_and_debugging\SkiResort\BL.Tests\bin\Debug\net6.0\BL.Tests.dll" adapterTypeName="executor://xunit/VsTestRunner2/netcoreapp" className="BL.Tests.CheckPermissionsServiceTests" name="UnauthorizedHasNoAccessToAdminSkiPatrolFunctions" />
    </UnitTest>
    <UnitTest name="BL.Tests.LiftsServiceTest.TestGetLiftsInfoAsync(userID: 47, initialLifts: [Lift { LiftID = 169, LiftName = liftName5b966a5b-28c6-4351-bd6e-060613d03f87, IsOpen = True, SeatsAmount = 250, LiftingTime = 25, QueueTime = 30, ConnectedSlopes =  }, Lift { LiftID = 233, LiftName = liftName7ecd2f86-14be-4529-9c9a-e76c01cf0242, IsOpen = False, SeatsAmount = 150, LiftingTime = 124, QueueTime = 56, ConnectedSlopes =  }, Lift { LiftID = 146, LiftName =..." storage="c:\users\alena\desktop\7_sem\testing_and_debugging\skiresort\bl.tests\bin\debug\net6.0\bl.tests.dll" id="1be8669c-8286-3718-a726-27fd70e2afe2">
      <Execution id="c7b6d971-70a0-4d52-a220-1022c2aa24e9" />
      <TestMethod codeBase="C:\Users\alena\Desktop\7_sem\testing_and_debugging\SkiResort\BL.Tests\bin\Debug\net6.0\BL.Tests.dll" adapterTypeName="executor://xunit/VsTestRunner2/netcoreapp" className="BL.Tests.LiftsServiceTest" name="TestGetLiftsInfoAsync" />
    </UnitTest>
    <UnitTest name="BL.Tests.TurnstilesServiceTest.TestAdminUpdateTurnstileAsync(userID: 101, turnstile: Turnstile { TurnstileID = 207, LiftID = 28, IsOpen = True }, checkPermissionServiceMock: Mock&lt;ICheckPermissionService:14&gt;, turnstilesRepositoryStub: Mock&lt;ITurnstilesRepository:8&gt;, sut: TurnstilesService { })" storage="c:\users\alena\desktop\7_sem\testing_and_debugging\skiresort\bl.tests\bin\debug\net6.0\bl.tests.dll" id="56be9130-88e2-f8ba-89ed-3a9ef74b92b7">
      <Execution id="687104e4-9541-46a3-96cb-c54d5ba27500" />
      <TestMethod codeBase="C:\Users\alena\Desktop\7_sem\testing_and_debugging\SkiResort\BL.Tests\bin\Debug\net6.0\BL.Tests.dll" adapterTypeName="executor://xunit/VsTestRunner2/netcoreapp" className="BL.Tests.TurnstilesServiceTest" name="TestAdminUpdateTurnstileAsync" />
    </UnitTest>
    <UnitTest name="BL.Tests.CheckPermissionsServiceTests.AuthorizedHasNoAccessToAdminSkiPatrolFunctions(functionName: &quot;GetMessagesAsync&quot;)" storage="c:\users\alena\desktop\7_sem\testing_and_debugging\skiresort\bl.tests\bin\debug\net6.0\bl.tests.dll" id="2602613f-c8e2-a6d9-fcf7-5b27d4a770a6">
      <Execution id="12373367-81d2-4243-9c33-81c8f6ee53be" />
      <TestMethod codeBase="C:\Users\alena\Desktop\7_sem\testing_and_debugging\SkiResort\BL.Tests\bin\Debug\net6.0\BL.Tests.dll" adapterTypeName="executor://xunit/VsTestRunner2/netcoreapp" className="BL.Tests.CheckPermissionsServiceTests" name="AuthorizedHasNoAccessToAdminSkiPatrolFunctions" />
    </UnitTest>
    <UnitTest name="BL.Tests.CheckPermissionsServiceTests.AuthorizedHasNoAccessToAdminFunctions" storage="c:\users\alena\desktop\7_sem\testing_and_debugging\skiresort\bl.tests\bin\debug\net6.0\bl.tests.dll" id="a2e59116-cb53-1d70-9cb8-21c286516866">
      <Execution id="27d52eb9-8926-4a23-80ff-78dfd872c779" />
      <TestMethod codeBase="C:\Users\alena\Desktop\7_sem\testing_and_debugging\SkiResort\BL.Tests\bin\Debug\net6.0\BL.Tests.dll" adapterTypeName="executor://xunit/VsTestRunner2/netcoreapp" className="BL.Tests.CheckPermissionsServiceTests" name="AuthorizedHasNoAccessToAdminFunctions" />
    </UnitTest>
    <UnitTest name="BL.Tests.CheckPermissionsServiceTests.SkiPatrolHasAccessToAdminSkiPatrolFunctions(functionName: &quot;GetMessagesAsync&quot;)" storage="c:\users\alena\desktop\7_sem\testing_and_debugging\skiresort\bl.tests\bin\debug\net6.0\bl.tests.dll" id="c36970dc-93f7-753e-fa47-157133b01644">
      <Execution id="0f4721c9-8a50-4013-8f00-6f00115f934b" />
      <TestMethod codeBase="C:\Users\alena\Desktop\7_sem\testing_and_debugging\SkiResort\BL.Tests\bin\Debug\net6.0\BL.Tests.dll" adapterTypeName="executor://xunit/VsTestRunner2/netcoreapp" className="BL.Tests.CheckPermissionsServiceTests" name="SkiPatrolHasAccessToAdminSkiPatrolFunctions" />
    </UnitTest>
    <UnitTest name="BL.Tests.CheckPermissionsServiceTests.AdminHasAccessToAllFunctions" storage="c:\users\alena\desktop\7_sem\testing_and_debugging\skiresort\bl.tests\bin\debug\net6.0\bl.tests.dll" id="f3efc418-a8a6-c7b7-9bac-90b33aa8472f">
      <Execution id="ae1ad00f-0544-45dc-9d22-237eb74b5793" />
      <TestMethod codeBase="C:\Users\alena\Desktop\7_sem\testing_and_debugging\SkiResort\BL.Tests\bin\Debug\net6.0\BL.Tests.dll" adapterTypeName="executor://xunit/VsTestRunner2/netcoreapp" className="BL.Tests.CheckPermissionsServiceTests" name="AdminHasAccessToAllFunctions" />
    </UnitTest>
    <UnitTest name="BL.Tests.UsersServiceTests.TestRegisterUserWithNoPassword" storage="c:\users\alena\desktop\7_sem\testing_and_debugging\skiresort\bl.tests\bin\debug\net6.0\bl.tests.dll" id="f44a1b21-8efc-bfac-63b4-d534442def31">
      <Execution id="509b5ba6-4add-44f4-905c-724fcaba0bc7" />
      <TestMethod codeBase="C:\Users\alena\Desktop\7_sem\testing_and_debugging\SkiResort\BL.Tests\bin\Debug\net6.0\BL.Tests.dll" adapterTypeName="executor://xunit/VsTestRunner2/netcoreapp" className="BL.Tests.UsersServiceTests" name="TestRegisterUserWithNoPassword" />
    </UnitTest>
    <UnitTest name="BL.Tests.UsersServiceTests.TestAdminGetUserByIDAsync" storage="c:\users\alena\desktop\7_sem\testing_and_debugging\skiresort\bl.tests\bin\debug\net6.0\bl.tests.dll" id="e5497347-2721-b7a6-0bd4-69a9921f6947">
      <Execution id="0931cfc2-86cf-4f43-91b6-32c8ede51cc2" />
      <TestMethod codeBase="C:\Users\alena\Desktop\7_sem\testing_and_debugging\SkiResort\BL.Tests\bin\Debug\net6.0\BL.Tests.dll" adapterTypeName="executor://xunit/VsTestRunner2/netcoreapp" className="BL.Tests.UsersServiceTests" name="TestAdminGetUserByIDAsync" />
    </UnitTest>
    <UnitTest name="BL.Tests.SlopesServiceTest.TestAdminDeleteSlopeAsync(userID: 152, slope: Slope { SlopeID = 56, SlopeName = slopeName20d0b435-b9ab-43e6-a34a-cadd592a579f, IsOpen = True, DifficultyLevel = 247, ConnectedLifts =  }, checkPermissionServiceMock: Mock&lt;ICheckPermissionService:9&gt;, slopesRepositoryStub: Mock&lt;ISlopesRepository:7&gt;, liftsSlopesRepositoryStub: Mock&lt;ILiftsSlopesRepository:12&gt;, sut: SlopesService { })" storage="c:\users\alena\desktop\7_sem\testing_and_debugging\skiresort\bl.tests\bin\debug\net6.0\bl.tests.dll" id="a8ddb76e-508f-294b-1bef-7bbac5ee773f">
      <Execution id="329d64a6-3251-4bf1-b792-83c389c7901c" />
      <TestMethod codeBase="C:\Users\alena\Desktop\7_sem\testing_and_debugging\SkiResort\BL.Tests\bin\Debug\net6.0\BL.Tests.dll" adapterTypeName="executor://xunit/VsTestRunner2/netcoreapp" className="BL.Tests.SlopesServiceTest" name="TestAdminDeleteSlopeAsync" />
    </UnitTest>
    <UnitTest name="BL.Tests.LiftsServiceTest.TestAdminDeleteLiftAsync(userID: 237, lift: Lift { LiftID = 251, LiftName = liftName634e835a-781d-41ab-8476-0ad7825436c8, IsOpen = True, SeatsAmount = 197, LiftingTime = 175, QueueTime = 250, ConnectedSlopes =  }, checkPermissionServiceMock: Mock&lt;ICheckPermissionService:4&gt;, liftsRepositoryStub: Mock&lt;ILiftsRepository:4&gt;, liftsSlopesRepositoryStub: Mock&lt;ILiftsSlopesRepository:4&gt;, sut: LiftsService { })" storage="c:\users\alena\desktop\7_sem\testing_and_debugging\skiresort\bl.tests\bin\debug\net6.0\bl.tests.dll" id="8c073627-e894-049a-cc2b-cfdcc918f6ec">
      <Execution id="a87331ad-57db-4718-af50-53bd74609b98" />
      <TestMethod codeBase="C:\Users\alena\Desktop\7_sem\testing_and_debugging\SkiResort\BL.Tests\bin\Debug\net6.0\BL.Tests.dll" adapterTypeName="executor://xunit/VsTestRunner2/netcoreapp" className="BL.Tests.LiftsServiceTest" name="TestAdminDeleteLiftAsync" />
    </UnitTest>
    <UnitTest name="BL.Tests.UsersServiceTests.TestAdminAddAutoIncrementUser" storage="c:\users\alena\desktop\7_sem\testing_and_debugging\skiresort\bl.tests\bin\debug\net6.0\bl.tests.dll" id="834c739b-eca4-b36d-6a66-5a1bd75377b8">
      <Execution id="0e66ce48-4f3a-4fd2-aae1-42ec8881b1db" />
      <TestMethod codeBase="C:\Users\alena\Desktop\7_sem\testing_and_debugging\SkiResort\BL.Tests\bin\Debug\net6.0\BL.Tests.dll" adapterTypeName="executor://xunit/VsTestRunner2/netcoreapp" className="BL.Tests.UsersServiceTests" name="TestAdminAddAutoIncrementUser" />
    </UnitTest>
    <UnitTest name="BL.Tests.CheckPermissionsServiceTests.UnauthorizedHasNoAccessToAdminSkiPatrolFunctions(functionName: &quot;GetLiftsSlopesInfoAsync&quot;)" storage="c:\users\alena\desktop\7_sem\testing_and_debugging\skiresort\bl.tests\bin\debug\net6.0\bl.tests.dll" id="387c9729-48c1-486e-5e67-f5d11a9f0db8">
      <Execution id="1834667d-242d-4d1f-999d-1c60cd5e8219" />
      <TestMethod codeBase="C:\Users\alena\Desktop\7_sem\testing_and_debugging\SkiResort\BL.Tests\bin\Debug\net6.0\BL.Tests.dll" adapterTypeName="executor://xunit/VsTestRunner2/netcoreapp" className="BL.Tests.CheckPermissionsServiceTests" name="UnauthorizedHasNoAccessToAdminSkiPatrolFunctions" />
    </UnitTest>
    <UnitTest name="BL.Tests.CheckPermissionsServiceTests.SkiPatrolHasAccessToAdminSkiPatrolFunctions(functionName: &quot;MarkMessageReadByUserAsync&quot;)" storage="c:\users\alena\desktop\7_sem\testing_and_debugging\skiresort\bl.tests\bin\debug\net6.0\bl.tests.dll" id="60bd668f-04df-da5e-b79b-5d9aedb5234d">
      <Execution id="669a7c07-5abb-4d5f-a0ad-1032fee07531" />
      <TestMethod codeBase="C:\Users\alena\Desktop\7_sem\testing_and_debugging\SkiResort\BL.Tests\bin\Debug\net6.0\BL.Tests.dll" adapterTypeName="executor://xunit/VsTestRunner2/netcoreapp" className="BL.Tests.CheckPermissionsServiceTests" name="SkiPatrolHasAccessToAdminSkiPatrolFunctions" />
    </UnitTest>
    <UnitTest name="BL.Tests.CheckPermissionsServiceTests.UnauthorizedHasNoAccessToAdminFunctions" storage="c:\users\alena\desktop\7_sem\testing_and_debugging\skiresort\bl.tests\bin\debug\net6.0\bl.tests.dll" id="e2d7e5be-3dae-33ae-fb17-c704b6fd58d6">
      <Execution id="7c0dd4e4-4c7d-4f87-96fa-378cce7e1e9b" />
      <TestMethod codeBase="C:\Users\alena\Desktop\7_sem\testing_and_debugging\SkiResort\BL.Tests\bin\Debug\net6.0\BL.Tests.dll" adapterTypeName="executor://xunit/VsTestRunner2/netcoreapp" className="BL.Tests.CheckPermissionsServiceTests" name="UnauthorizedHasNoAccessToAdminFunctions" />
    </UnitTest>
    <UnitTest name="BL.Tests.UsersServiceTests.TestLogInWithWrongPassword" storage="c:\users\alena\desktop\7_sem\testing_and_debugging\skiresort\bl.tests\bin\debug\net6.0\bl.tests.dll" id="69340bb6-3645-f9dd-971e-29d8b2a009bb">
      <Execution id="52962cd8-b57b-4fbf-a26f-af5ca5b08bb5" />
      <TestMethod codeBase="C:\Users\alena\Desktop\7_sem\testing_and_debugging\SkiResort\BL.Tests\bin\Debug\net6.0\BL.Tests.dll" adapterTypeName="executor://xunit/VsTestRunner2/netcoreapp" className="BL.Tests.UsersServiceTests" name="TestLogInWithWrongPassword" />
    </UnitTest>
    <UnitTest name="BL.Tests.CheckPermissionsServiceTests.SkiPatrolHasAccessToAdminSkiPatrolFunctions(functionName: &quot;GetLiftsSlopesInfoAsync&quot;)" storage="c:\users\alena\desktop\7_sem\testing_and_debugging\skiresort\bl.tests\bin\debug\net6.0\bl.tests.dll" id="2d706594-f2b3-b3c8-21d4-86c9798c3306">
      <Execution id="d094779f-ae81-48f5-b2ef-20a6d4329f1d" />
      <TestMethod codeBase="C:\Users\alena\Desktop\7_sem\testing_and_debugging\SkiResort\BL.Tests\bin\Debug\net6.0\BL.Tests.dll" adapterTypeName="executor://xunit/VsTestRunner2/netcoreapp" className="BL.Tests.CheckPermissionsServiceTests" name="SkiPatrolHasAccessToAdminSkiPatrolFunctions" />
    </UnitTest>
    <UnitTest name="BL.Tests.CheckPermissionsServiceTests.SkiPatrolHasNoAccessToAdminFunctions" storage="c:\users\alena\desktop\7_sem\testing_and_debugging\skiresort\bl.tests\bin\debug\net6.0\bl.tests.dll" id="492c0393-35b4-df26-a537-21ca08302f3c">
      <Execution id="a58af0a8-9d91-4ddf-8eda-812702cf5100" />
      <TestMethod codeBase="C:\Users\alena\Desktop\7_sem\testing_and_debugging\SkiResort\BL.Tests\bin\Debug\net6.0\BL.Tests.dll" adapterTypeName="executor://xunit/VsTestRunner2/netcoreapp" className="BL.Tests.CheckPermissionsServiceTests" name="SkiPatrolHasNoAccessToAdminFunctions" />
    </UnitTest>
    <UnitTest name="BL.Tests.UsersServiceTests.TestAdminDeleteUser" storage="c:\users\alena\desktop\7_sem\testing_and_debugging\skiresort\bl.tests\bin\debug\net6.0\bl.tests.dll" id="18fa8c62-e27d-e1fc-8182-4d7db62b008d">
      <Execution id="99a907db-e8c3-457b-93c2-0e11b7fbb0e8" />
      <TestMethod codeBase="C:\Users\alena\Desktop\7_sem\testing_and_debugging\SkiResort\BL.Tests\bin\Debug\net6.0\BL.Tests.dll" adapterTypeName="executor://xunit/VsTestRunner2/netcoreapp" className="BL.Tests.UsersServiceTests" name="TestAdminDeleteUser" />
    </UnitTest>
    <UnitTest name="BL.Tests.CheckPermissionsServiceTests.AuthorizedHasAccessToAuthorizedFunctions(functionName: &quot;LogOutAsync&quot;)" storage="c:\users\alena\desktop\7_sem\testing_and_debugging\skiresort\bl.tests\bin\debug\net6.0\bl.tests.dll" id="aa28a6b3-21d3-aa45-24d3-bef2facbc899">
      <Execution id="dd5b9aec-2113-4bcf-af09-1a0281987f44" />
      <TestMethod codeBase="C:\Users\alena\Desktop\7_sem\testing_and_debugging\SkiResort\BL.Tests\bin\Debug\net6.0\BL.Tests.dll" adapterTypeName="executor://xunit/VsTestRunner2/netcoreapp" className="BL.Tests.CheckPermissionsServiceTests" name="AuthorizedHasAccessToAuthorizedFunctions" />
    </UnitTest>
    <UnitTest name="BL.Tests.UsersServiceTests.TestAdminUpdateUser" storage="c:\users\alena\desktop\7_sem\testing_and_debugging\skiresort\bl.tests\bin\debug\net6.0\bl.tests.dll" id="06d0bc3a-24a0-fb7f-4277-e9ae6d21c7dd">
      <Execution id="5437f779-e16a-4fa6-b04c-ca68a494fe40" />
      <TestMethod codeBase="C:\Users\alena\Desktop\7_sem\testing_and_debugging\SkiResort\BL.Tests\bin\Debug\net6.0\BL.Tests.dll" adapterTypeName="executor://xunit/VsTestRunner2/netcoreapp" className="BL.Tests.UsersServiceTests" name="TestAdminUpdateUser" />
    </UnitTest>
    <UnitTest name="BL.Tests.UsersServiceTests.TestLogInOk" storage="c:\users\alena\desktop\7_sem\testing_and_debugging\skiresort\bl.tests\bin\debug\net6.0\bl.tests.dll" id="1ca07ad8-f799-c5d4-e7cc-34fd950198a2">
      <Execution id="884dc815-1dfa-4719-bbad-c15cc04df3cf" />
      <TestMethod codeBase="C:\Users\alena\Desktop\7_sem\testing_and_debugging\SkiResort\BL.Tests\bin\Debug\net6.0\BL.Tests.dll" adapterTypeName="executor://xunit/VsTestRunner2/netcoreapp" className="BL.Tests.UsersServiceTests" name="TestLogInOk" />
    </UnitTest>
    <UnitTest name="BL.Tests.SlopesServiceTest.TestGetSlopesInfoAsync(userID: 19, initialSlopes: [Slope { SlopeID = 45, SlopeName = slopeNamef1331c01-3bda-4f11-9150-33e38541ed58, IsOpen = True, DifficultyLevel = 116, ConnectedLifts =  }, Slope { SlopeID = 206, SlopeName = slopeNamedbfac3cb-b4d4-4597-a082-8a159d777522, IsOpen = False, DifficultyLevel = 143, ConnectedLifts =  }, Slope { SlopeID = 209, SlopeName = slopeNamed999aafc-c081-450c-9502-5cba6b256d60, Is..." storage="c:\users\alena\desktop\7_sem\testing_and_debugging\skiresort\bl.tests\bin\debug\net6.0\bl.tests.dll" id="f70beacc-37f2-fe18-483a-82b299aa3728">
      <Execution id="865c8e77-3d6f-4776-8de8-e6f0243c4925" />
      <TestMethod codeBase="C:\Users\alena\Desktop\7_sem\testing_and_debugging\SkiResort\BL.Tests\bin\Debug\net6.0\BL.Tests.dll" adapterTypeName="executor://xunit/VsTestRunner2/netcoreapp" className="BL.Tests.SlopesServiceTest" name="TestGetSlopesInfoAsync" />
    </UnitTest>
    <UnitTest name="BL.Tests.UsersServiceTests.TestAdminGetUsers" storage="c:\users\alena\desktop\7_sem\testing_and_debugging\skiresort\bl.tests\bin\debug\net6.0\bl.tests.dll" id="20ad8570-0170-85de-dcd7-2f109dd7bcd6">
      <Execution id="a0beb2b9-24a9-4928-8f73-f2d3080ffb25" />
      <TestMethod codeBase="C:\Users\alena\Desktop\7_sem\testing_and_debugging\SkiResort\BL.Tests\bin\Debug\net6.0\BL.Tests.dll" adapterTypeName="executor://xunit/VsTestRunner2/netcoreapp" className="BL.Tests.UsersServiceTests" name="TestAdminGetUsers" />
    </UnitTest>
    <UnitTest name="BL.Tests.CheckPermissionsServiceTests.UnauthorizedHasNoAccessToAdminSkiPatrolFunctions(functionName: &quot;GetMessagesAsync&quot;)" storage="c:\users\alena\desktop\7_sem\testing_and_debugging\skiresort\bl.tests\bin\debug\net6.0\bl.tests.dll" id="229812f5-9a73-5335-11f5-31330d1348a5">
      <Execution id="b9952264-c805-475d-aeeb-cb9ffea6e4a2" />
      <TestMethod codeBase="C:\Users\alena\Desktop\7_sem\testing_and_debugging\SkiResort\BL.Tests\bin\Debug\net6.0\BL.Tests.dll" adapterTypeName="executor://xunit/VsTestRunner2/netcoreapp" className="BL.Tests.CheckPermissionsServiceTests" name="UnauthorizedHasNoAccessToAdminSkiPatrolFunctions" />
    </UnitTest>
    <UnitTest name="BL.Tests.SlopesServiceTest.TestAdminAddSlopeAsync(userID: 72, slope: Slope { SlopeID = 195, SlopeName = slopeName44789364-f991-48a7-84a4-5926cf292bbf, IsOpen = True, DifficultyLevel = 34, ConnectedLifts =  }, checkPermissionServiceMock: Mock&lt;ICheckPermissionService:11&gt;, slopesRepositoryStub: Mock&lt;ISlopesRepository:9&gt;, sut: SlopesService { })" storage="c:\users\alena\desktop\7_sem\testing_and_debugging\skiresort\bl.tests\bin\debug\net6.0\bl.tests.dll" id="3396e8eb-36a7-56e8-8713-dd2f3a208862">
      <Execution id="5d312ac1-cb3c-4a31-b4d8-b3968e232a23" />
      <TestMethod codeBase="C:\Users\alena\Desktop\7_sem\testing_and_debugging\SkiResort\BL.Tests\bin\Debug\net6.0\BL.Tests.dll" adapterTypeName="executor://xunit/VsTestRunner2/netcoreapp" className="BL.Tests.SlopesServiceTest" name="TestAdminAddSlopeAsync" />
    </UnitTest>
    <UnitTest name="BL.Tests.SlopesServiceTest.TestUpdateSlopeInfoAsync(userID: 56, slope: Slope { SlopeID = 39, SlopeName = slopeName1bbb059e-1f82-4e00-ada3-60ffee2cecc4, IsOpen = True, DifficultyLevel = 164, ConnectedLifts =  }, checkPermissionServiceMock: Mock&lt;ICheckPermissionService:8&gt;, slopesRepositoryStub: Mock&lt;ISlopesRepository:6&gt;, sut: SlopesService { })" storage="c:\users\alena\desktop\7_sem\testing_and_debugging\skiresort\bl.tests\bin\debug\net6.0\bl.tests.dll" id="f403e8ae-0812-dc3a-d54d-91d328f58101">
      <Execution id="50f74cbb-cca0-4b97-96c5-2c582ecc2bfb" />
      <TestMethod codeBase="C:\Users\alena\Desktop\7_sem\testing_and_debugging\SkiResort\BL.Tests\bin\Debug\net6.0\BL.Tests.dll" adapterTypeName="executor://xunit/VsTestRunner2/netcoreapp" className="BL.Tests.SlopesServiceTest" name="TestUpdateSlopeInfoAsync" />
    </UnitTest>
    <UnitTest name="BL.Tests.LiftsSlopesServiceTests.TestAdminAddAutoIncrementLiftSlopeAsync(lift: Lift { LiftID = 83, LiftName = liftNamef69282c9-8b9b-491f-b9f0-761c7c5da673, IsOpen = True, SeatsAmount = 234, LiftingTime = 251, QueueTime = 121, ConnectedSlopes =  }, slope: Slope { SlopeID = 253, SlopeName = slopeNamea840e5b5-e71e-4fb9-97b7-f1fda9fb8456, IsOpen = False, DifficultyLevel = 7, ConnectedLifts =  }, slopesRepositoryStub: Mock&lt;ISlopesRepository:3&gt;, ..." storage="c:\users\alena\desktop\7_sem\testing_and_debugging\skiresort\bl.tests\bin\debug\net6.0\bl.tests.dll" id="3485b32c-d6bd-171b-1205-be400adfbd7b">
      <Execution id="f05e622a-97fb-4f83-bd39-f1ba79261cf3" />
      <TestMethod codeBase="C:\Users\alena\Desktop\7_sem\testing_and_debugging\SkiResort\BL.Tests\bin\Debug\net6.0\BL.Tests.dll" adapterTypeName="executor://xunit/VsTestRunner2/netcoreapp" className="BL.Tests.LiftsSlopesServiceTests" name="TestAdminAddAutoIncrementLiftSlopeAsync" />
    </UnitTest>
    <UnitTest name="BL.Tests.TurnstilesServiceTest.TestAdminAddAutoIncrementTurnstileAsync(userID: 213, turnstile: Turnstile { TurnstileID = 123, LiftID = 247, IsOpen = True }, checkPermissionServiceMock: Mock&lt;ICheckPermissionService:16&gt;, turnstilesRepositoryStub: Mock&lt;ITurnstilesRepository:10&gt;, sut: TurnstilesService { })" storage="c:\users\alena\desktop\7_sem\testing_and_debugging\skiresort\bl.tests\bin\debug\net6.0\bl.tests.dll" id="1e1907fe-d82a-f40a-c67a-a8ebbb9dae91">
      <Execution id="8102550c-75bc-4498-ab60-8c7bc390c825" />
      <TestMethod codeBase="C:\Users\alena\Desktop\7_sem\testing_and_debugging\SkiResort\BL.Tests\bin\Debug\net6.0\BL.Tests.dll" adapterTypeName="executor://xunit/VsTestRunner2/netcoreapp" className="BL.Tests.TurnstilesServiceTest" name="TestAdminAddAutoIncrementTurnstileAsync" />
    </UnitTest>
    <UnitTest name="BL.Tests.LiftsSlopesServiceTests.TestAdminDeleteLiftSlopeAsync(lift: Lift { LiftID = 102, LiftName = liftName5e284d75-9426-43a2-8226-da8b9239aea1, IsOpen = True, SeatsAmount = 123, LiftingTime = 199, QueueTime = 23, ConnectedSlopes =  }, slope: Slope { SlopeID = 242, SlopeName = slopeNamec5bf4f79-7f42-4bf0-bffd-15550990984e, IsOpen = False, DifficultyLevel = 158, ConnectedLifts =  }, slopesRepositoryStub: Mock&lt;ISlopesRepository:2&gt;, liftsRep..." storage="c:\users\alena\desktop\7_sem\testing_and_debugging\skiresort\bl.tests\bin\debug\net6.0\bl.tests.dll" id="22b88091-2f5d-5fad-aa66-895b5be0ed58">
      <Execution id="955d2da9-f781-482a-9e7f-60644cde9b49" />
      <TestMethod codeBase="C:\Users\alena\Desktop\7_sem\testing_and_debugging\SkiResort\BL.Tests\bin\Debug\net6.0\BL.Tests.dll" adapterTypeName="executor://xunit/VsTestRunner2/netcoreapp" className="BL.Tests.LiftsSlopesServiceTests" name="TestAdminDeleteLiftSlopeAsync" />
    </UnitTest>
    <UnitTest name="BL.Tests.LiftsSlopesServiceTests.TestGetLiftsSlopesInfoAsync(liftsSlopes: [LiftSlope { RecordID = 54, LiftID = 203, SlopeID = 194 }, LiftSlope { RecordID = 112, LiftID = 79, SlopeID = 170 }, LiftSlope { RecordID = 162, LiftID = 11, SlopeID = 51 }], slopesRepositoryStub: Mock&lt;ISlopesRepository:1&gt;, liftsRepositoryStub: Mock&lt;ILiftsRepository:6&gt;, liftsSlopesRepositoryStub: Mock&lt;ILiftsSlopesRepository:6&gt;)" storage="c:\users\alena\desktop\7_sem\testing_and_debugging\skiresort\bl.tests\bin\debug\net6.0\bl.tests.dll" id="39be9b5e-0bc4-57dc-37d3-aec6b520299d">
      <Execution id="6b8b2936-8ccf-4bb2-bf79-ef54331b7f21" />
      <TestMethod codeBase="C:\Users\alena\Desktop\7_sem\testing_and_debugging\SkiResort\BL.Tests\bin\Debug\net6.0\BL.Tests.dll" adapterTypeName="executor://xunit/VsTestRunner2/netcoreapp" className="BL.Tests.LiftsSlopesServiceTests" name="TestGetLiftsSlopesInfoAsync" />
    </UnitTest>
    <UnitTest name="BL.Tests.TurnstilesServiceTest.TestAdminGetTurnstileAsync(userID: 140, turnstile: Turnstile { TurnstileID = 84, LiftID = 40, IsOpen = True }, checkPermissionServiceMock: Mock&lt;ICheckPermissionService:12&gt;, turnstilesRepositoryStub: Mock&lt;ITurnstilesRepository:6&gt;, sut: TurnstilesService { })" storage="c:\users\alena\desktop\7_sem\testing_and_debugging\skiresort\bl.tests\bin\debug\net6.0\bl.tests.dll" id="640c3d7d-c77a-fc50-4ab5-6f8eb4f3ed8e">
      <Execution id="afd9c550-ceb7-44a6-90a6-5838df718915" />
      <TestMethod codeBase="C:\Users\alena\Desktop\7_sem\testing_and_debugging\SkiResort\BL.Tests\bin\Debug\net6.0\BL.Tests.dll" adapterTypeName="executor://xunit/VsTestRunner2/netcoreapp" className="BL.Tests.TurnstilesServiceTest" name="TestAdminGetTurnstileAsync" />
    </UnitTest>
    <UnitTest name="BL.Tests.SlopesServiceTest.TestGetSlopeInfoAsync(userID: 109, slope: Slope { SlopeID = 192, SlopeName = slopeName76823826-468c-49f7-bcfe-0491e1c3d975, IsOpen = True, DifficultyLevel = 187, ConnectedLifts =  }, checkPermissionServiceMock: Mock&lt;ICheckPermissionService:6&gt;, slopesRepositoryStub: Mock&lt;ISlopesRepository:4&gt;, liftsSlopesRepositoryStub: Mock&lt;ILiftsSlopesRepository:9&gt;, sut: SlopesService { })" storage="c:\users\alena\desktop\7_sem\testing_and_debugging\skiresort\bl.tests\bin\debug\net6.0\bl.tests.dll" id="f97f4585-6de5-f5fd-49f0-701ee524c257">
      <Execution id="34be0d0f-edce-4fd8-95fc-0d4e412b0ba5" />
      <TestMethod codeBase="C:\Users\alena\Desktop\7_sem\testing_and_debugging\SkiResort\BL.Tests\bin\Debug\net6.0\BL.Tests.dll" adapterTypeName="executor://xunit/VsTestRunner2/netcoreapp" className="BL.Tests.SlopesServiceTest" name="TestGetSlopeInfoAsync" />
    </UnitTest>
    <UnitTest name="BL.Tests.CheckPermissionsServiceTests.AuthorizedHasNoAccessToAdminSkiPatrolFunctions(functionName: &quot;GetLiftsSlopesInfoAsync&quot;)" storage="c:\users\alena\desktop\7_sem\testing_and_debugging\skiresort\bl.tests\bin\debug\net6.0\bl.tests.dll" id="4f297306-d4f3-8d63-e7f4-1ac0b8c58c74">
      <Execution id="0134746f-09b0-434b-8c71-aba7fb2d6148" />
      <TestMethod codeBase="C:\Users\alena\Desktop\7_sem\testing_and_debugging\SkiResort\BL.Tests\bin\Debug\net6.0\BL.Tests.dll" adapterTypeName="executor://xunit/VsTestRunner2/netcoreapp" className="BL.Tests.CheckPermissionsServiceTests" name="AuthorizedHasNoAccessToAdminSkiPatrolFunctions" />
    </UnitTest>
    <UnitTest name="BL.Tests.LiftsServiceTest.TestGetLiftInfoAsync(userID: 239, lift: Lift { LiftID = 28, LiftName = liftNameb2664c3c-7c99-4b1a-968f-6cf53154c268, IsOpen = True, SeatsAmount = 203, LiftingTime = 167, QueueTime = 67, ConnectedSlopes =  }, checkPermissionServiceMock: Mock&lt;ICheckPermissionService:1&gt;, liftsRepositoryStub: Mock&lt;ILiftsRepository:1&gt;, liftsSlopesRepositoryStub: Mock&lt;ILiftsSlopesRepository:1&gt;, sut: LiftsService { })" storage="c:\users\alena\desktop\7_sem\testing_and_debugging\skiresort\bl.tests\bin\debug\net6.0\bl.tests.dll" id="029b8245-ecae-f3a2-6e17-8e5e88c14b8f">
      <Execution id="e82647b6-e676-4dff-ba77-79d664f9fc1f" />
      <TestMethod codeBase="C:\Users\alena\Desktop\7_sem\testing_and_debugging\SkiResort\BL.Tests\bin\Debug\net6.0\BL.Tests.dll" adapterTypeName="executor://xunit/VsTestRunner2/netcoreapp" className="BL.Tests.LiftsServiceTest" name="TestGetLiftInfoAsync" />
    </UnitTest>
    <UnitTest name="BL.Tests.UsersServiceTests.TestRegisterOk" storage="c:\users\alena\desktop\7_sem\testing_and_debugging\skiresort\bl.tests\bin\debug\net6.0\bl.tests.dll" id="0eeef75f-6e38-7893-a8fe-cff3e0a970a7">
      <Execution id="7f26605e-5f9f-4e67-a17e-57aac2e83e90" />
      <TestMethod codeBase="C:\Users\alena\Desktop\7_sem\testing_and_debugging\SkiResort\BL.Tests\bin\Debug\net6.0\BL.Tests.dll" adapterTypeName="executor://xunit/VsTestRunner2/netcoreapp" className="BL.Tests.UsersServiceTests" name="TestRegisterOk" />
    </UnitTest>
    <UnitTest name="BL.Tests.TurnstilesServiceTest.TestAdminDeleteTurnstileAsync(userID: 137, turnstile: Turnstile { TurnstileID = 202, LiftID = 24, IsOpen = True }, checkPermissionServiceMock: Mock&lt;ICheckPermissionService:15&gt;, turnstilesRepositoryStub: Mock&lt;ITurnstilesRepository:9&gt;, sut: TurnstilesService { })" storage="c:\users\alena\desktop\7_sem\testing_and_debugging\skiresort\bl.tests\bin\debug\net6.0\bl.tests.dll" id="ae085b26-6d7f-63be-7e8b-f71dab21ac9c">
      <Execution id="e5a23e94-1996-46eb-8f5e-15a2b42019b4" />
      <TestMethod codeBase="C:\Users\alena\Desktop\7_sem\testing_and_debugging\SkiResort\BL.Tests\bin\Debug\net6.0\BL.Tests.dll" adapterTypeName="executor://xunit/VsTestRunner2/netcoreapp" className="BL.Tests.TurnstilesServiceTest" name="TestAdminDeleteTurnstileAsync" />
    </UnitTest>
    <UnitTest name="BL.Tests.CheckPermissionsServiceTests.AuthorizedHasAccessToAuthorizedFunctions(functionName: &quot;SendMessageAsync&quot;)" storage="c:\users\alena\desktop\7_sem\testing_and_debugging\skiresort\bl.tests\bin\debug\net6.0\bl.tests.dll" id="644ec43e-70cd-c82d-42e7-0d990be1414d">
      <Execution id="66b75f1d-aa99-401f-a2d0-407bdcd24c6a" />
      <TestMethod codeBase="C:\Users\alena\Desktop\7_sem\testing_and_debugging\SkiResort\BL.Tests\bin\Debug\net6.0\BL.Tests.dll" adapterTypeName="executor://xunit/VsTestRunner2/netcoreapp" className="BL.Tests.CheckPermissionsServiceTests" name="AuthorizedHasAccessToAuthorizedFunctions" />
    </UnitTest>
    <UnitTest name="BL.Tests.CheckPermissionsServiceTests.UnauthorizedHasNoAccessToAuthorizedFunctions(functionName: &quot;LogOutAsync&quot;)" storage="c:\users\alena\desktop\7_sem\testing_and_debugging\skiresort\bl.tests\bin\debug\net6.0\bl.tests.dll" id="fa960c5e-f989-2880-784e-8efe538c5231">
      <Execution id="80fb6107-41b0-4527-b699-f0d97c7075be" />
      <TestMethod codeBase="C:\Users\alena\Desktop\7_sem\testing_and_debugging\SkiResort\BL.Tests\bin\Debug\net6.0\BL.Tests.dll" adapterTypeName="executor://xunit/VsTestRunner2/netcoreapp" className="BL.Tests.CheckPermissionsServiceTests" name="UnauthorizedHasNoAccessToAuthorizedFunctions" />
    </UnitTest>
    <UnitTest name="BL.Tests.CheckPermissionsServiceTests.UnauthorizedHasNoAccessToAuthorizedFunctions(functionName: &quot;SendMessageAsync&quot;)" storage="c:\users\alena\desktop\7_sem\testing_and_debugging\skiresort\bl.tests\bin\debug\net6.0\bl.tests.dll" id="eaabd2fc-2f4b-5689-59c8-c7ad34a8f634">
      <Execution id="1f20b162-4441-4aba-8c68-53a418e9cda3" />
      <TestMethod codeBase="C:\Users\alena\Desktop\7_sem\testing_and_debugging\SkiResort\BL.Tests\bin\Debug\net6.0\BL.Tests.dll" adapterTypeName="executor://xunit/VsTestRunner2/netcoreapp" className="BL.Tests.CheckPermissionsServiceTests" name="UnauthorizedHasNoAccessToAuthorizedFunctions" />
    </UnitTest>
    <UnitTest name="BL.Tests.UsersServiceTests.TestRegisterUserWithRepeatedEmail" storage="c:\users\alena\desktop\7_sem\testing_and_debugging\skiresort\bl.tests\bin\debug\net6.0\bl.tests.dll" id="894941c1-bfa7-d8f9-c047-1e1ceefe2c2f">
      <Execution id="0ef85016-d745-4192-99bd-d7d7a84fe41b" />
      <TestMethod codeBase="C:\Users\alena\Desktop\7_sem\testing_and_debugging\SkiResort\BL.Tests\bin\Debug\net6.0\BL.Tests.dll" adapterTypeName="executor://xunit/VsTestRunner2/netcoreapp" className="BL.Tests.UsersServiceTests" name="TestRegisterUserWithRepeatedEmail" />
    </UnitTest>
    <UnitTest name="BL.Tests.LiftsServiceTest.TestUpdateLiftInfoAsync(userID: 72, lift: Lift { LiftID = 56, LiftName = liftNamea4f2f9b8-044e-4688-aec9-4a972eae27ab, IsOpen = True, SeatsAmount = 210, LiftingTime = 116, QueueTime = 163, ConnectedSlopes =  }, checkPermissionServiceMock: Mock&lt;ICheckPermissionService:3&gt;, liftsRepositoryStub: Mock&lt;ILiftsRepository:3&gt;, sut: LiftsService { })" storage="c:\users\alena\desktop\7_sem\testing_and_debugging\skiresort\bl.tests\bin\debug\net6.0\bl.tests.dll" id="c54df631-dcaf-ee1a-e67d-584ecc04b89f">
      <Execution id="a4aa4273-17cc-489f-8570-e521ee4b3761" />
      <TestMethod codeBase="C:\Users\alena\Desktop\7_sem\testing_and_debugging\SkiResort\BL.Tests\bin\Debug\net6.0\BL.Tests.dll" adapterTypeName="executor://xunit/VsTestRunner2/netcoreapp" className="BL.Tests.LiftsServiceTest" name="TestUpdateLiftInfoAsync" />
    </UnitTest>
    <UnitTest name="BL.Tests.LiftsServiceTest.TestAdminAddAutoIncrementLiftAsync(userID: 200, lift: Lift { LiftID = 220, LiftName = liftNamee8653dca-a63d-4439-875d-d8b08c40a06b, IsOpen = True, SeatsAmount = 84, LiftingTime = 50, QueueTime = 60, ConnectedSlopes =  }, checkPermissionServiceMock: Mock&lt;ICheckPermissionService:5&gt;, liftsRepositoryStub: Mock&lt;ILiftsRepository:5&gt;, sut: LiftsService { })" storage="c:\users\alena\desktop\7_sem\testing_and_debugging\skiresort\bl.tests\bin\debug\net6.0\bl.tests.dll" id="11c2a273-5b90-b628-293c-17dc7ea1ff34">
      <Execution id="63e2f034-1c01-487b-aab0-ecc2010a1c8d" />
      <TestMethod codeBase="C:\Users\alena\Desktop\7_sem\testing_and_debugging\SkiResort\BL.Tests\bin\Debug\net6.0\BL.Tests.dll" adapterTypeName="executor://xunit/VsTestRunner2/netcoreapp" className="BL.Tests.LiftsServiceTest" name="TestAdminAddAutoIncrementLiftAsync" />
    </UnitTest>
    <UnitTest name="BL.Tests.UsersServiceTests.TestRegisterUserWithNoEmail" storage="c:\users\alena\desktop\7_sem\testing_and_debugging\skiresort\bl.tests\bin\debug\net6.0\bl.tests.dll" id="8184bd30-991c-b78d-b4ec-99a485eac0dd">
      <Execution id="844171e6-9fdc-4680-8eb6-ab293617f2e4" />
      <TestMethod codeBase="C:\Users\alena\Desktop\7_sem\testing_and_debugging\SkiResort\BL.Tests\bin\Debug\net6.0\BL.Tests.dll" adapterTypeName="executor://xunit/VsTestRunner2/netcoreapp" className="BL.Tests.UsersServiceTests" name="TestRegisterUserWithNoEmail" />
    </UnitTest>
  </TestDefinitions>
  <TestEntries>
    <TestEntry testId="06d0bc3a-24a0-fb7f-4277-e9ae6d21c7dd" executionId="5437f779-e16a-4fa6-b04c-ca68a494fe40" testListId="8c84fa94-04c1-424b-9868-57a2d4851a1d" />
    <TestEntry testId="1ca07ad8-f799-c5d4-e7cc-34fd950198a2" executionId="884dc815-1dfa-4719-bbad-c15cc04df3cf" testListId="8c84fa94-04c1-424b-9868-57a2d4851a1d" />
    <TestEntry testId="ddbbb335-e211-83c5-f6d7-a1a04ec84a2b" executionId="a8aeceda-82fa-48e8-8b65-72159d6d6cd9" testListId="8c84fa94-04c1-424b-9868-57a2d4851a1d" />
    <TestEntry testId="8c073627-e894-049a-cc2b-cfdcc918f6ec" executionId="a87331ad-57db-4718-af50-53bd74609b98" testListId="8c84fa94-04c1-424b-9868-57a2d4851a1d" />
    <TestEntry testId="60bd668f-04df-da5e-b79b-5d9aedb5234d" executionId="669a7c07-5abb-4d5f-a0ad-1032fee07531" testListId="8c84fa94-04c1-424b-9868-57a2d4851a1d" />
    <TestEntry testId="aa28a6b3-21d3-aa45-24d3-bef2facbc899" executionId="dd5b9aec-2113-4bcf-af09-1a0281987f44" testListId="8c84fa94-04c1-424b-9868-57a2d4851a1d" />
    <TestEntry testId="834c739b-eca4-b36d-6a66-5a1bd75377b8" executionId="0e66ce48-4f3a-4fd2-aae1-42ec8881b1db" testListId="8c84fa94-04c1-424b-9868-57a2d4851a1d" />
    <TestEntry testId="3396e8eb-36a7-56e8-8713-dd2f3a208862" executionId="5d312ac1-cb3c-4a31-b4d8-b3968e232a23" testListId="8c84fa94-04c1-424b-9868-57a2d4851a1d" />
    <TestEntry testId="640c3d7d-c77a-fc50-4ab5-6f8eb4f3ed8e" executionId="afd9c550-ceb7-44a6-90a6-5838df718915" testListId="8c84fa94-04c1-424b-9868-57a2d4851a1d" />
    <TestEntry testId="3485b32c-d6bd-171b-1205-be400adfbd7b" executionId="f05e622a-97fb-4f83-bd39-f1ba79261cf3" testListId="8c84fa94-04c1-424b-9868-57a2d4851a1d" />
    <TestEntry testId="2602613f-c8e2-a6d9-fcf7-5b27d4a770a6" executionId="12373367-81d2-4243-9c33-81c8f6ee53be" testListId="8c84fa94-04c1-424b-9868-57a2d4851a1d" />
    <TestEntry testId="029b8245-ecae-f3a2-6e17-8e5e88c14b8f" executionId="e82647b6-e676-4dff-ba77-79d664f9fc1f" testListId="8c84fa94-04c1-424b-9868-57a2d4851a1d" />
    <TestEntry testId="c36970dc-93f7-753e-fa47-157133b01644" executionId="0f4721c9-8a50-4013-8f00-6f00115f934b" testListId="8c84fa94-04c1-424b-9868-57a2d4851a1d" />
    <TestEntry testId="69340bb6-3645-f9dd-971e-29d8b2a009bb" executionId="52962cd8-b57b-4fbf-a26f-af5ca5b08bb5" testListId="8c84fa94-04c1-424b-9868-57a2d4851a1d" />
    <TestEntry testId="1e1907fe-d82a-f40a-c67a-a8ebbb9dae91" executionId="8102550c-75bc-4498-ab60-8c7bc390c825" testListId="8c84fa94-04c1-424b-9868-57a2d4851a1d" />
    <TestEntry testId="4f297306-d4f3-8d63-e7f4-1ac0b8c58c74" executionId="0134746f-09b0-434b-8c71-aba7fb2d6148" testListId="8c84fa94-04c1-424b-9868-57a2d4851a1d" />
    <TestEntry testId="387c9729-48c1-486e-5e67-f5d11a9f0db8" executionId="1834667d-242d-4d1f-999d-1c60cd5e8219" testListId="8c84fa94-04c1-424b-9868-57a2d4851a1d" />
    <TestEntry testId="f97f4585-6de5-f5fd-49f0-701ee524c257" executionId="34be0d0f-edce-4fd8-95fc-0d4e412b0ba5" testListId="8c84fa94-04c1-424b-9868-57a2d4851a1d" />
    <TestEntry testId="a19a5fcf-c5d2-7d44-5d7d-84403042f4e0" executionId="836325b1-db25-4e58-b59e-e14b74e9d8d8" testListId="8c84fa94-04c1-424b-9868-57a2d4851a1d" />
    <TestEntry testId="2d706594-f2b3-b3c8-21d4-86c9798c3306" executionId="d094779f-ae81-48f5-b2ef-20a6d4329f1d" testListId="8c84fa94-04c1-424b-9868-57a2d4851a1d" />
    <TestEntry testId="894941c1-bfa7-d8f9-c047-1e1ceefe2c2f" executionId="0ef85016-d745-4192-99bd-d7d7a84fe41b" testListId="8c84fa94-04c1-424b-9868-57a2d4851a1d" />
    <TestEntry testId="644ec43e-70cd-c82d-42e7-0d990be1414d" executionId="66b75f1d-aa99-401f-a2d0-407bdcd24c6a" testListId="8c84fa94-04c1-424b-9868-57a2d4851a1d" />
    <TestEntry testId="f403e8ae-0812-dc3a-d54d-91d328f58101" executionId="50f74cbb-cca0-4b97-96c5-2c582ecc2bfb" testListId="8c84fa94-04c1-424b-9868-57a2d4851a1d" />
    <TestEntry testId="e2d7e5be-3dae-33ae-fb17-c704b6fd58d6" executionId="7c0dd4e4-4c7d-4f87-96fa-378cce7e1e9b" testListId="8c84fa94-04c1-424b-9868-57a2d4851a1d" />
    <TestEntry testId="22b88091-2f5d-5fad-aa66-895b5be0ed58" executionId="955d2da9-f781-482a-9e7f-60644cde9b49" testListId="8c84fa94-04c1-424b-9868-57a2d4851a1d" />
    <TestEntry testId="20ad8570-0170-85de-dcd7-2f109dd7bcd6" executionId="a0beb2b9-24a9-4928-8f73-f2d3080ffb25" testListId="8c84fa94-04c1-424b-9868-57a2d4851a1d" />
    <TestEntry testId="39be9b5e-0bc4-57dc-37d3-aec6b520299d" executionId="6b8b2936-8ccf-4bb2-bf79-ef54331b7f21" testListId="8c84fa94-04c1-424b-9868-57a2d4851a1d" />
    <TestEntry testId="492c0393-35b4-df26-a537-21ca08302f3c" executionId="a58af0a8-9d91-4ddf-8eda-812702cf5100" testListId="8c84fa94-04c1-424b-9868-57a2d4851a1d" />
    <TestEntry testId="c54df631-dcaf-ee1a-e67d-584ecc04b89f" executionId="a4aa4273-17cc-489f-8570-e521ee4b3761" testListId="8c84fa94-04c1-424b-9868-57a2d4851a1d" />
    <TestEntry testId="0eeef75f-6e38-7893-a8fe-cff3e0a970a7" executionId="7f26605e-5f9f-4e67-a17e-57aac2e83e90" testListId="8c84fa94-04c1-424b-9868-57a2d4851a1d" />
    <TestEntry testId="56be9130-88e2-f8ba-89ed-3a9ef74b92b7" executionId="687104e4-9541-46a3-96cb-c54d5ba27500" testListId="8c84fa94-04c1-424b-9868-57a2d4851a1d" />
    <TestEntry testId="eaabd2fc-2f4b-5689-59c8-c7ad34a8f634" executionId="1f20b162-4441-4aba-8c68-53a418e9cda3" testListId="8c84fa94-04c1-424b-9868-57a2d4851a1d" />
    <TestEntry testId="fa960c5e-f989-2880-784e-8efe538c5231" executionId="80fb6107-41b0-4527-b699-f0d97c7075be" testListId="8c84fa94-04c1-424b-9868-57a2d4851a1d" />
    <TestEntry testId="a8ddb76e-508f-294b-1bef-7bbac5ee773f" executionId="329d64a6-3251-4bf1-b792-83c389c7901c" testListId="8c84fa94-04c1-424b-9868-57a2d4851a1d" />
    <TestEntry testId="229812f5-9a73-5335-11f5-31330d1348a5" executionId="b9952264-c805-475d-aeeb-cb9ffea6e4a2" testListId="8c84fa94-04c1-424b-9868-57a2d4851a1d" />
    <TestEntry testId="9c7df5e2-1b23-ebea-889f-b78ca86b60ab" executionId="650919ce-deef-4ff1-8db7-22e765d1771a" testListId="8c84fa94-04c1-424b-9868-57a2d4851a1d" />
    <TestEntry testId="a2e59116-cb53-1d70-9cb8-21c286516866" executionId="27d52eb9-8926-4a23-80ff-78dfd872c779" testListId="8c84fa94-04c1-424b-9868-57a2d4851a1d" />
    <TestEntry testId="f44a1b21-8efc-bfac-63b4-d534442def31" executionId="509b5ba6-4add-44f4-905c-724fcaba0bc7" testListId="8c84fa94-04c1-424b-9868-57a2d4851a1d" />
    <TestEntry testId="f3efc418-a8a6-c7b7-9bac-90b33aa8472f" executionId="ae1ad00f-0544-45dc-9d22-237eb74b5793" testListId="8c84fa94-04c1-424b-9868-57a2d4851a1d" />
    <TestEntry testId="7adae79b-706e-cdf1-6578-7116f470839b" executionId="b38cbce4-af5b-45cd-9edd-85b8d5feb794" testListId="8c84fa94-04c1-424b-9868-57a2d4851a1d" />
    <TestEntry testId="11c2a273-5b90-b628-293c-17dc7ea1ff34" executionId="63e2f034-1c01-487b-aab0-ecc2010a1c8d" testListId="8c84fa94-04c1-424b-9868-57a2d4851a1d" />
    <TestEntry testId="ae085b26-6d7f-63be-7e8b-f71dab21ac9c" executionId="e5a23e94-1996-46eb-8f5e-15a2b42019b4" testListId="8c84fa94-04c1-424b-9868-57a2d4851a1d" />
    <TestEntry testId="18fa8c62-e27d-e1fc-8182-4d7db62b008d" executionId="99a907db-e8c3-457b-93c2-0e11b7fbb0e8" testListId="8c84fa94-04c1-424b-9868-57a2d4851a1d" />
    <TestEntry testId="f70beacc-37f2-fe18-483a-82b299aa3728" executionId="865c8e77-3d6f-4776-8de8-e6f0243c4925" testListId="8c84fa94-04c1-424b-9868-57a2d4851a1d" />
    <TestEntry testId="1be8669c-8286-3718-a726-27fd70e2afe2" executionId="c7b6d971-70a0-4d52-a220-1022c2aa24e9" testListId="8c84fa94-04c1-424b-9868-57a2d4851a1d" />
    <TestEntry testId="8184bd30-991c-b78d-b4ec-99a485eac0dd" executionId="844171e6-9fdc-4680-8eb6-ab293617f2e4" testListId="8c84fa94-04c1-424b-9868-57a2d4851a1d" />
    <TestEntry testId="e5497347-2721-b7a6-0bd4-69a9921f6947" executionId="0931cfc2-86cf-4f43-91b6-32c8ede51cc2" testListId="8c84fa94-04c1-424b-9868-57a2d4851a1d" />
  </TestEntries>
  <TestLists>
    <TestList name="Список результатов" id="8c84fa94-04c1-424b-9868-57a2d4851a1d" />
    <TestList name="Все загруженные результаты" id="19431567-8539-422a-85d7-44ee4e166bda" />
  </TestLists>
  <ResultSummary outcome="Completed">
    <Counters total="47" executed="47" passed="47" failed="0" error="0" timeout="0" aborted="0" inconclusive="0" passedButRunAborted="0" notRunnable="0" notExecuted="0" disconnected="0" warning="0" completed="0" inProgress="0" pending="0" />
    <Output>
      <StdOut>[xUnit.net 00:00:00.00] xUnit.net VSTest Adapter v2.4.5+1caef2f33e (64-bit .NET 6.0.3)&#xD;
[xUnit.net 00:00:00.48]   Discovering: BL.Tests&#xD;
[xUnit.net 00:00:00.67]   Discovered:  BL.Tests&#xD;
[xUnit.net 00:00:00.67]   Starting:    BL.Tests&#xD;
[xUnit.net 00:00:00.93]   Finished:    BL.Tests&#xD;
</StdOut>
    </Output>
  </ResultSummary>
</TestRun>