<?xml version="1.0" encoding="utf-8"?>
<TestRun id="1f216c9e-d647-4b56-a2ff-669dcda69707" name="alena@DESKTOP-TJ9D65N 2022-10-16 16:16:53" runUser="DESKTOP-TJ9D65N\alena" xmlns="http://microsoft.com/schemas/VisualStudio/TeamTest/2010">
  <Times creation="2022-10-16T16:16:53.9661488+03:00" queuing="2022-10-16T16:16:53.9661490+03:00" start="2022-10-16T16:16:51.8452067+03:00" finish="2022-10-16T16:16:54.0641724+03:00" />
  <TestSettings name="default" id="ece63d14-231c-4534-9f50-964b8841798b">
    <Deployment runDeploymentRoot="alena_DESKTOP-TJ9D65N_2022-10-16_16_16_53" />
  </TestSettings>
  <Results>
    <UnitTestResult executionId="05ec71bf-596c-47c0-b025-efa3eae9a44e" testId="25998e4a-3178-d366-e968-0e836b73591a" testName="BL.Tests.SlopesServiceTest.TestAdminDeleteSlopeAsync(userID: 157, slope: Slope { SlopeID = 236, SlopeName = slopeName8c32ccec-043b-4a8c-80bc-ae7990491e16, IsOpen = True, DifficultyLevel = 4, ConnectedLifts =  }, checkPermissionServiceMock: Mock&lt;ICheckPermissionService:9&gt;, slopesRepositoryStub: Mock&lt;ISlopesRepository:7&gt;, liftsSlopesRepositoryStub: Mock&lt;ILiftsSlopesRepository:12&gt;, sut: SlopesService { })" computerName="DESKTOP-TJ9D65N" duration="00:00:00.0052516" startTime="2022-10-16T16:16:53.9050265+03:00" endTime="2022-10-16T16:16:53.9050265+03:00" testType="13cdc9d9-ddb5-4fa4-a97d-d965ccfc6d4b" outcome="Passed" testListId="8c84fa94-04c1-424b-9868-57a2d4851a1d" relativeResultsDirectory="05ec71bf-596c-47c0-b025-efa3eae9a44e" />
    <UnitTestResult executionId="8fb5f35c-452e-410a-b660-3a6cd0dfb3c2" testId="28790365-a939-208f-f603-cd0e17395c3b" testName="BL.Tests.LiftsSlopesServiceTests.TestAdminAddAutoIncrementLiftSlopeAsync(lift: Lift { LiftID = 97, LiftName = liftName20cc9442-931a-4699-bb6b-0cac05a9c63e, IsOpen = True, SeatsAmount = 63, LiftingTime = 158, QueueTime = 68, ConnectedSlopes =  }, slope: Slope { SlopeID = 77, SlopeName = slopeName5ddc1ca1-9a25-4b5b-86cd-935a1118bb34, IsOpen = False, DifficultyLevel = 39, ConnectedLifts =  }, slopesRepositoryStub: Mock&lt;ISlopesRepository:3&gt;, liftsRepositoryStub: Mock&lt;ILiftsRepository:8&gt;, liftsSlopesRepositoryStub: Mock&lt;ILiftsSlopesRepository:8&gt;)" computerName="DESKTOP-TJ9D65N" duration="00:00:00.0069926" startTime="2022-10-16T16:16:53.9021048+03:00" endTime="2022-10-16T16:16:53.9021049+03:00" testType="13cdc9d9-ddb5-4fa4-a97d-d965ccfc6d4b" outcome="Passed" testListId="8c84fa94-04c1-424b-9868-57a2d4851a1d" relativeResultsDirectory="8fb5f35c-452e-410a-b660-3a6cd0dfb3c2" />
    <UnitTestResult executionId="72637280-edd9-40b6-85b9-a9c17195f0d2" testId="9c7df5e2-1b23-ebea-889f-b78ca86b60ab" testName="BL.Tests.CheckPermissionsServiceTests.AuthorizedHasNoAccessToAdminSkiPatrolFunctions(functionName: &quot;MarkMessageReadByUserAsync&quot;)" computerName="DESKTOP-TJ9D65N" duration="00:00:00.0011828" startTime="2022-10-16T16:16:53.9366819+03:00" endTime="2022-10-16T16:16:53.9366820+03:00" testType="13cdc9d9-ddb5-4fa4-a97d-d965ccfc6d4b" outcome="Passed" testListId="8c84fa94-04c1-424b-9868-57a2d4851a1d" relativeResultsDirectory="72637280-edd9-40b6-85b9-a9c17195f0d2" />
    <UnitTestResult executionId="e9d0ceb2-2e75-4d18-b4fb-8cccfb044509" testId="a2e59116-cb53-1d70-9cb8-21c286516866" testName="BL.Tests.CheckPermissionsServiceTests.AuthorizedHasNoAccessToAdminFunctions" computerName="DESKTOP-TJ9D65N" duration="00:00:00.0048329" startTime="2022-10-16T16:16:53.9260604+03:00" endTime="2022-10-16T16:16:53.9260605+03:00" testType="13cdc9d9-ddb5-4fa4-a97d-d965ccfc6d4b" outcome="Passed" testListId="8c84fa94-04c1-424b-9868-57a2d4851a1d" relativeResultsDirectory="e9d0ceb2-2e75-4d18-b4fb-8cccfb044509" />
    <UnitTestResult executionId="e77b4708-9afe-4358-a384-5b5c92949ad2" testId="20ad8570-0170-85de-dcd7-2f109dd7bcd6" testName="BL.Tests.UsersServiceTests.TestAdminGetUsers" computerName="DESKTOP-TJ9D65N" duration="00:00:00.0533472" startTime="2022-10-16T16:16:53.8081635+03:00" endTime="2022-10-16T16:16:53.8081636+03:00" testType="13cdc9d9-ddb5-4fa4-a97d-d965ccfc6d4b" outcome="Passed" testListId="8c84fa94-04c1-424b-9868-57a2d4851a1d" relativeResultsDirectory="e77b4708-9afe-4358-a384-5b5c92949ad2" />
    <UnitTestResult executionId="a6a17c58-1dec-4c8d-8094-02961349bb43" testId="f44a1b21-8efc-bfac-63b4-d534442def31" testName="BL.Tests.UsersServiceTests.TestRegisterUserWithNoPassword" computerName="DESKTOP-TJ9D65N" duration="00:00:00.0015138" startTime="2022-10-16T16:16:53.9050073+03:00" endTime="2022-10-16T16:16:53.9050074+03:00" testType="13cdc9d9-ddb5-4fa4-a97d-d965ccfc6d4b" outcome="Passed" testListId="8c84fa94-04c1-424b-9868-57a2d4851a1d" relativeResultsDirectory="a6a17c58-1dec-4c8d-8094-02961349bb43" />
    <UnitTestResult executionId="c523f7a9-e153-4c12-b2bc-256ed8b28085" testId="3b37c310-95f6-9daa-2a30-9f328c6bd7f1" testName="BL.Tests.LiftsServiceTest.TestAdminAddAutoIncrementLiftAsync(userID: 149, lift: Lift { LiftID = 6, LiftName = liftName122f8def-df52-405c-a596-e2217813ff5f, IsOpen = True, SeatsAmount = 121, LiftingTime = 117, QueueTime = 122, ConnectedSlopes =  }, checkPermissionServiceMock: Mock&lt;ICheckPermissionService:5&gt;, liftsRepositoryStub: Mock&lt;ILiftsRepository:5&gt;, sut: LiftsService { })" computerName="DESKTOP-TJ9D65N" duration="00:00:00.0146387" startTime="2022-10-16T16:16:53.9080957+03:00" endTime="2022-10-16T16:16:53.9080958+03:00" testType="13cdc9d9-ddb5-4fa4-a97d-d965ccfc6d4b" outcome="Passed" testListId="8c84fa94-04c1-424b-9868-57a2d4851a1d" relativeResultsDirectory="c523f7a9-e153-4c12-b2bc-256ed8b28085" />
    <UnitTestResult executionId="c1ef60b3-82e7-4573-a416-d3672de2c175" testId="e2d7e5be-3dae-33ae-fb17-c704b6fd58d6" testName="BL.Tests.CheckPermissionsServiceTests.UnauthorizedHasNoAccessToAdminFunctions" computerName="DESKTOP-TJ9D65N" duration="00:00:00.0028534" startTime="2022-10-16T16:16:53.9626940+03:00" endTime="2022-10-16T16:16:53.9626941+03:00" testType="13cdc9d9-ddb5-4fa4-a97d-d965ccfc6d4b" outcome="Passed" testListId="8c84fa94-04c1-424b-9868-57a2d4851a1d" relativeResultsDirectory="c1ef60b3-82e7-4573-a416-d3672de2c175" />
    <UnitTestResult executionId="9467932c-5682-4d88-8a87-d4b4ba9207e7" testId="35598624-5e48-2b48-00c7-671a52aee976" testName="BL.Tests.SlopesServiceTest.TestAdminAddSlopeAsync(userID: 6, slope: Slope { SlopeID = 61, SlopeName = slopeName1cd7d105-88c4-4688-ac38-cb4248229fae, IsOpen = True, DifficultyLevel = 74, ConnectedLifts =  }, checkPermissionServiceMock: Mock&lt;ICheckPermissionService:11&gt;, slopesRepositoryStub: Mock&lt;ISlopesRepository:9&gt;, sut: SlopesService { })" computerName="DESKTOP-TJ9D65N" duration="00:00:00.0093876" startTime="2022-10-16T16:16:53.9045326+03:00" endTime="2022-10-16T16:16:53.9045326+03:00" testType="13cdc9d9-ddb5-4fa4-a97d-d965ccfc6d4b" outcome="Passed" testListId="8c84fa94-04c1-424b-9868-57a2d4851a1d" relativeResultsDirectory="9467932c-5682-4d88-8a87-d4b4ba9207e7" />
    <UnitTestResult executionId="ecab3b55-ccbd-462e-8eec-de9f71b5d53b" testId="fa960c5e-f989-2880-784e-8efe538c5231" testName="BL.Tests.CheckPermissionsServiceTests.UnauthorizedHasNoAccessToAuthorizedFunctions(functionName: &quot;LogOutAsync&quot;)" computerName="DESKTOP-TJ9D65N" duration="00:00:00.0025612" startTime="2022-10-16T16:16:53.9048989+03:00" endTime="2022-10-16T16:16:53.9048990+03:00" testType="13cdc9d9-ddb5-4fa4-a97d-d965ccfc6d4b" outcome="Passed" testListId="8c84fa94-04c1-424b-9868-57a2d4851a1d" relativeResultsDirectory="ecab3b55-ccbd-462e-8eec-de9f71b5d53b" />
    <UnitTestResult executionId="2a488916-bc56-4e4c-b0e3-0b94e37e6573" testId="69340bb6-3645-f9dd-971e-29d8b2a009bb" testName="BL.Tests.UsersServiceTests.TestLogInWithWrongPassword" computerName="DESKTOP-TJ9D65N" duration="00:00:00.0027647" startTime="2022-10-16T16:16:53.9393846+03:00" endTime="2022-10-16T16:16:53.9393847+03:00" testType="13cdc9d9-ddb5-4fa4-a97d-d965ccfc6d4b" outcome="Passed" testListId="8c84fa94-04c1-424b-9868-57a2d4851a1d" relativeResultsDirectory="2a488916-bc56-4e4c-b0e3-0b94e37e6573" />
    <UnitTestResult executionId="b33733ec-7db1-44ec-892a-b1c911ba5854" testId="d57398e3-c369-2c28-f641-5c76a8f5b146" testName="BL.Tests.SlopesServiceTest.TestGetSlopeInfoAsync(userID: 44, slope: Slope { SlopeID = 210, SlopeName = slopeNamee18e682d-843c-4d0c-a776-cdc7f3318bd7, IsOpen = True, DifficultyLevel = 217, ConnectedLifts =  }, checkPermissionServiceMock: Mock&lt;ICheckPermissionService:6&gt;, slopesRepositoryStub: Mock&lt;ISlopesRepository:4&gt;, liftsSlopesRepositoryStub: Mock&lt;ILiftsSlopesRepository:9&gt;, sut: SlopesService { })" computerName="DESKTOP-TJ9D65N" duration="00:00:00.0487627" startTime="2022-10-16T16:16:53.8080846+03:00" endTime="2022-10-16T16:16:53.8080846+03:00" testType="13cdc9d9-ddb5-4fa4-a97d-d965ccfc6d4b" outcome="Passed" testListId="8c84fa94-04c1-424b-9868-57a2d4851a1d" relativeResultsDirectory="b33733ec-7db1-44ec-892a-b1c911ba5854" />
    <UnitTestResult executionId="307e8e7e-1960-464e-bc4a-e268815a76a9" testId="a19a5fcf-c5d2-7d44-5d7d-84403042f4e0" testName="BL.Tests.CheckPermissionsServiceTests.UnauthorizedHasNoAccessToAdminSkiPatrolFunctions(functionName: &quot;MarkMessageReadByUserAsync&quot;)" computerName="DESKTOP-TJ9D65N" duration="00:00:00.0428069" startTime="2022-10-16T16:16:53.8080345+03:00" endTime="2022-10-16T16:16:53.8080346+03:00" testType="13cdc9d9-ddb5-4fa4-a97d-d965ccfc6d4b" outcome="Passed" testListId="8c84fa94-04c1-424b-9868-57a2d4851a1d" relativeResultsDirectory="307e8e7e-1960-464e-bc4a-e268815a76a9" />
    <UnitTestResult executionId="3496808f-740a-469c-a1e4-f7a32df1ff74" testId="06d0bc3a-24a0-fb7f-4277-e9ae6d21c7dd" testName="BL.Tests.UsersServiceTests.TestAdminUpdateUser" computerName="DESKTOP-TJ9D65N" duration="00:00:00.0064752" startTime="2022-10-16T16:16:53.9153548+03:00" endTime="2022-10-16T16:16:53.9153549+03:00" testType="13cdc9d9-ddb5-4fa4-a97d-d965ccfc6d4b" outcome="Passed" testListId="8c84fa94-04c1-424b-9868-57a2d4851a1d" relativeResultsDirectory="3496808f-740a-469c-a1e4-f7a32df1ff74" />
    <UnitTestResult executionId="6511583b-8734-42d6-8254-b03db907dc77" testId="0eeef75f-6e38-7893-a8fe-cff3e0a970a7" testName="BL.Tests.UsersServiceTests.TestRegisterOk" computerName="DESKTOP-TJ9D65N" duration="00:00:00.0097528" startTime="2022-10-16T16:16:53.9292812+03:00" endTime="2022-10-16T16:16:53.9292814+03:00" testType="13cdc9d9-ddb5-4fa4-a97d-d965ccfc6d4b" outcome="Passed" testListId="8c84fa94-04c1-424b-9868-57a2d4851a1d" relativeResultsDirectory="6511583b-8734-42d6-8254-b03db907dc77" />
    <UnitTestResult executionId="9b9e86a6-909a-46f9-8b76-58b18087ded4" testId="2d706594-f2b3-b3c8-21d4-86c9798c3306" testName="BL.Tests.CheckPermissionsServiceTests.SkiPatrolHasAccessToAdminSkiPatrolFunctions(functionName: &quot;GetLiftsSlopesInfoAsync&quot;)" computerName="DESKTOP-TJ9D65N" duration="00:00:00.0073078" startTime="2022-10-16T16:16:53.9074849+03:00" endTime="2022-10-16T16:16:53.9074850+03:00" testType="13cdc9d9-ddb5-4fa4-a97d-d965ccfc6d4b" outcome="Passed" testListId="8c84fa94-04c1-424b-9868-57a2d4851a1d" relativeResultsDirectory="9b9e86a6-909a-46f9-8b76-58b18087ded4" />
    <UnitTestResult executionId="88d07bd2-121f-4360-b05d-c446e6bd0038" testId="4f297306-d4f3-8d63-e7f4-1ac0b8c58c74" testName="BL.Tests.CheckPermissionsServiceTests.AuthorizedHasNoAccessToAdminSkiPatrolFunctions(functionName: &quot;GetLiftsSlopesInfoAsync&quot;)" computerName="DESKTOP-TJ9D65N" duration="00:00:00.0011443" startTime="2022-10-16T16:16:53.9400881+03:00" endTime="2022-10-16T16:16:53.9400883+03:00" testType="13cdc9d9-ddb5-4fa4-a97d-d965ccfc6d4b" outcome="Passed" testListId="8c84fa94-04c1-424b-9868-57a2d4851a1d" relativeResultsDirectory="88d07bd2-121f-4360-b05d-c446e6bd0038" />
    <UnitTestResult executionId="001f1974-00b2-4280-85a7-f1d42626b08d" testId="c2d1be2b-65dc-dc6b-a3ea-49f49ae988a8" testName="BL.Tests.LiftsServiceTest.TestUpdateLiftInfoAsync(userID: 182, lift: Lift { LiftID = 143, LiftName = liftNamef8374862-299a-4380-a0b3-9a466f52a14c, IsOpen = True, SeatsAmount = 123, LiftingTime = 164, QueueTime = 18, ConnectedSlopes =  }, checkPermissionServiceMock: Mock&lt;ICheckPermissionService:3&gt;, liftsRepositoryStub: Mock&lt;ILiftsRepository:3&gt;, sut: LiftsService { })" computerName="DESKTOP-TJ9D65N" duration="00:00:00.0063420" startTime="2022-10-16T16:16:53.9049234+03:00" endTime="2022-10-16T16:16:53.9049234+03:00" testType="13cdc9d9-ddb5-4fa4-a97d-d965ccfc6d4b" outcome="Passed" testListId="8c84fa94-04c1-424b-9868-57a2d4851a1d" relativeResultsDirectory="001f1974-00b2-4280-85a7-f1d42626b08d" />
    <UnitTestResult executionId="52c10048-b68d-4d6b-b6ce-893b34ceafa9" testId="1ca07ad8-f799-c5d4-e7cc-34fd950198a2" testName="BL.Tests.UsersServiceTests.TestLogInOk" computerName="DESKTOP-TJ9D65N" duration="00:00:00.0023193" startTime="2022-10-16T16:16:53.9339852+03:00" endTime="2022-10-16T16:16:53.9339853+03:00" testType="13cdc9d9-ddb5-4fa4-a97d-d965ccfc6d4b" outcome="Passed" testListId="8c84fa94-04c1-424b-9868-57a2d4851a1d" relativeResultsDirectory="52c10048-b68d-4d6b-b6ce-893b34ceafa9" />
    <UnitTestResult executionId="3a108628-d760-4c47-bf82-2716c518d94a" testId="2602613f-c8e2-a6d9-fcf7-5b27d4a770a6" testName="BL.Tests.CheckPermissionsServiceTests.AuthorizedHasNoAccessToAdminSkiPatrolFunctions(functionName: &quot;GetMessagesAsync&quot;)" computerName="DESKTOP-TJ9D65N" duration="00:00:00.0027618" startTime="2022-10-16T16:16:53.9331034+03:00" endTime="2022-10-16T16:16:53.9331035+03:00" testType="13cdc9d9-ddb5-4fa4-a97d-d965ccfc6d4b" outcome="Passed" testListId="8c84fa94-04c1-424b-9868-57a2d4851a1d" relativeResultsDirectory="3a108628-d760-4c47-bf82-2716c518d94a" />
    <UnitTestResult executionId="378ef339-b936-485f-b2e1-b9cee38b4947" testId="aa28a6b3-21d3-aa45-24d3-bef2facbc899" testName="BL.Tests.CheckPermissionsServiceTests.AuthorizedHasAccessToAuthorizedFunctions(functionName: &quot;LogOutAsync&quot;)" computerName="DESKTOP-TJ9D65N" duration="00:00:00.0011469" startTime="2022-10-16T16:16:53.9492298+03:00" endTime="2022-10-16T16:16:53.9492300+03:00" testType="13cdc9d9-ddb5-4fa4-a97d-d965ccfc6d4b" outcome="Passed" testListId="8c84fa94-04c1-424b-9868-57a2d4851a1d" relativeResultsDirectory="378ef339-b936-485f-b2e1-b9cee38b4947" />
    <UnitTestResult executionId="82bd35ee-3ff9-4314-87c3-b1687bea7801" testId="508f3704-c424-772f-ef1f-1692c9a1a889" testName="BL.Tests.SlopesServiceTest.TestAdminAddAutoIncrementSlopeAsync(userID: 172, slope: Slope { SlopeID = 6, SlopeName = slopeName3830732c-2828-4a8a-8564-fe0297e1ce97, IsOpen = True, DifficultyLevel = 182, ConnectedLifts =  }, checkPermissionServiceMock: Mock&lt;ICheckPermissionService:10&gt;, slopesRepositoryStub: Mock&lt;ISlopesRepository:8&gt;, sut: SlopesService { })" computerName="DESKTOP-TJ9D65N" duration="00:00:00.0065508" startTime="2022-10-16T16:16:53.9083026+03:00" endTime="2022-10-16T16:16:53.9083029+03:00" testType="13cdc9d9-ddb5-4fa4-a97d-d965ccfc6d4b" outcome="Passed" testListId="8c84fa94-04c1-424b-9868-57a2d4851a1d" relativeResultsDirectory="82bd35ee-3ff9-4314-87c3-b1687bea7801" />
    <UnitTestResult executionId="413e15c0-df29-4f5e-87cb-8e933465dcce" testId="229812f5-9a73-5335-11f5-31330d1348a5" testName="BL.Tests.CheckPermissionsServiceTests.UnauthorizedHasNoAccessToAdminSkiPatrolFunctions(functionName: &quot;GetMessagesAsync&quot;)" computerName="DESKTOP-TJ9D65N" duration="00:00:00.0012309" startTime="2022-10-16T16:16:53.9025095+03:00" endTime="2022-10-16T16:16:53.9025096+03:00" testType="13cdc9d9-ddb5-4fa4-a97d-d965ccfc6d4b" outcome="Passed" testListId="8c84fa94-04c1-424b-9868-57a2d4851a1d" relativeResultsDirectory="413e15c0-df29-4f5e-87cb-8e933465dcce" />
    <UnitTestResult executionId="4603aa38-b272-4056-899a-0e624c184348" testId="7afef5c2-020e-93a0-757c-a2774d5eb93f" testName="BL.Tests.LiftsServiceTest.TestGetLiftInfoAsync(userID: 2, lift: Lift { LiftID = 52, LiftName = liftName908cf9eb-eb62-4304-b169-797d3d0b049d, IsOpen = True, SeatsAmount = 217, LiftingTime = 71, QueueTime = 132, ConnectedSlopes =  }, checkPermissionServiceMock: Mock&lt;ICheckPermissionService:1&gt;, liftsRepositoryStub: Mock&lt;ILiftsRepository:1&gt;, liftsSlopesRepositoryStub: Mock&lt;ILiftsSlopesRepository:1&gt;, sut: LiftsService { })" computerName="DESKTOP-TJ9D65N" duration="00:00:00.0072324" startTime="2022-10-16T16:16:53.9024437+03:00" endTime="2022-10-16T16:16:53.9024438+03:00" testType="13cdc9d9-ddb5-4fa4-a97d-d965ccfc6d4b" outcome="Passed" testListId="8c84fa94-04c1-424b-9868-57a2d4851a1d" relativeResultsDirectory="4603aa38-b272-4056-899a-0e624c184348" />
    <UnitTestResult executionId="b6d81354-dcdb-4080-bc1e-a99f380bc71c" testId="73794395-02a3-7376-70e8-c8503ed8fbe6" testName="BL.Tests.LiftsSlopesServiceTests.TestAdminDeleteLiftSlopeAsync(lift: Lift { LiftID = 102, LiftName = liftName20869cef-ad17-4134-9e45-a68c1a622281, IsOpen = True, SeatsAmount = 18, LiftingTime = 249, QueueTime = 71, ConnectedSlopes =  }, slope: Slope { SlopeID = 120, SlopeName = slopeName9ee51645-d9b0-4b4a-b048-27cfb2f12564, IsOpen = False, DifficultyLevel = 56, ConnectedLifts =  }, slopesRepositoryStub: Mock&lt;ISlopesRepository:2&gt;, liftsRepositoryStub: Mock&lt;ILiftsRepository:7&gt;, liftsSlopesRepositoryStub: Mock&lt;ILiftsSlopesRepository:7&gt;)" computerName="DESKTOP-TJ9D65N" duration="00:00:00.0477131" startTime="2022-10-16T16:16:53.8081359+03:00" endTime="2022-10-16T16:16:53.8081359+03:00" testType="13cdc9d9-ddb5-4fa4-a97d-d965ccfc6d4b" outcome="Passed" testListId="8c84fa94-04c1-424b-9868-57a2d4851a1d" relativeResultsDirectory="b6d81354-dcdb-4080-bc1e-a99f380bc71c" />
    <UnitTestResult executionId="7b2e98d8-da89-457a-80ae-bd1e73ad76ab" testId="387c9729-48c1-486e-5e67-f5d11a9f0db8" testName="BL.Tests.CheckPermissionsServiceTests.UnauthorizedHasNoAccessToAdminSkiPatrolFunctions(functionName: &quot;GetLiftsSlopesInfoAsync&quot;)" computerName="DESKTOP-TJ9D65N" duration="00:00:00.0018243" startTime="2022-10-16T16:16:53.9023375+03:00" endTime="2022-10-16T16:16:53.9023377+03:00" testType="13cdc9d9-ddb5-4fa4-a97d-d965ccfc6d4b" outcome="Passed" testListId="8c84fa94-04c1-424b-9868-57a2d4851a1d" relativeResultsDirectory="7b2e98d8-da89-457a-80ae-bd1e73ad76ab" />
    <UnitTestResult executionId="57c19163-bdb5-480e-829d-0a68a5aed652" testId="644ec43e-70cd-c82d-42e7-0d990be1414d" testName="BL.Tests.CheckPermissionsServiceTests.AuthorizedHasAccessToAuthorizedFunctions(functionName: &quot;SendMessageAsync&quot;)" computerName="DESKTOP-TJ9D65N" duration="00:00:00.0026367" startTime="2022-10-16T16:16:53.9455395+03:00" endTime="2022-10-16T16:16:53.9455397+03:00" testType="13cdc9d9-ddb5-4fa4-a97d-d965ccfc6d4b" outcome="Passed" testListId="8c84fa94-04c1-424b-9868-57a2d4851a1d" relativeResultsDirectory="57c19163-bdb5-480e-829d-0a68a5aed652" />
    <UnitTestResult executionId="5a455d0d-4bd4-4727-8649-19730bf890e9" testId="d5fa6f2e-214b-6f14-3813-4a12dfacdb0d" testName="BL.Tests.TurnstilesServiceTest.TestAdminGetTurnstilesAsync(userID: 246, initialTurnstiles: [Turnstile { TurnstileID = 147, LiftID = 152, IsOpen = True }, Turnstile { TurnstileID = 70, LiftID = 171, IsOpen = False }, Turnstile { TurnstileID = 218, LiftID = 47, IsOpen = True }], checkPermissionServiceMock: Mock&lt;ICheckPermissionService:13&gt;, turnstilesRepositoryStub: Mock&lt;ITurnstilesRepository:7&gt;, sut: TurnstilesService { })" computerName="DESKTOP-TJ9D65N" duration="00:00:00.0041745" startTime="2022-10-16T16:16:53.9072980+03:00" endTime="2022-10-16T16:16:53.9072982+03:00" testType="13cdc9d9-ddb5-4fa4-a97d-d965ccfc6d4b" outcome="Passed" testListId="8c84fa94-04c1-424b-9868-57a2d4851a1d" relativeResultsDirectory="5a455d0d-4bd4-4727-8649-19730bf890e9" />
    <UnitTestResult executionId="ffc84a55-798b-41ee-acc7-23da292c04d1" testId="03d63459-7b58-3705-3389-594e69dc4971" testName="BL.Tests.TurnstilesServiceTest.TestAdminGetTurnstileAsync(userID: 39, turnstile: Turnstile { TurnstileID = 12, LiftID = 128, IsOpen = True }, checkPermissionServiceMock: Mock&lt;ICheckPermissionService:12&gt;, turnstilesRepositoryStub: Mock&lt;ITurnstilesRepository:6&gt;, sut: TurnstilesService { })" computerName="DESKTOP-TJ9D65N" duration="00:00:00.0041593" startTime="2022-10-16T16:16:53.9083337+03:00" endTime="2022-10-16T16:16:53.9083337+03:00" testType="13cdc9d9-ddb5-4fa4-a97d-d965ccfc6d4b" outcome="Passed" testListId="8c84fa94-04c1-424b-9868-57a2d4851a1d" relativeResultsDirectory="ffc84a55-798b-41ee-acc7-23da292c04d1" />
    <UnitTestResult executionId="ad2ba898-c941-4ec6-9cab-f0383a79f1b0" testId="f3efc418-a8a6-c7b7-9bac-90b33aa8472f" testName="BL.Tests.CheckPermissionsServiceTests.AdminHasAccessToAllFunctions" computerName="DESKTOP-TJ9D65N" duration="00:00:00.0024156" startTime="2022-10-16T16:16:53.9728771+03:00" endTime="2022-10-16T16:16:53.9728773+03:00" testType="13cdc9d9-ddb5-4fa4-a97d-d965ccfc6d4b" outcome="Passed" testListId="8c84fa94-04c1-424b-9868-57a2d4851a1d" relativeResultsDirectory="ad2ba898-c941-4ec6-9cab-f0383a79f1b0" />
    <UnitTestResult executionId="a5719116-b7c6-4882-a68b-ed430378c03a" testId="18fa8c62-e27d-e1fc-8182-4d7db62b008d" testName="BL.Tests.UsersServiceTests.TestAdminDeleteUser" computerName="DESKTOP-TJ9D65N" duration="00:00:00.0031782" startTime="2022-10-16T16:16:53.9687808+03:00" endTime="2022-10-16T16:16:53.9687809+03:00" testType="13cdc9d9-ddb5-4fa4-a97d-d965ccfc6d4b" outcome="Passed" testListId="8c84fa94-04c1-424b-9868-57a2d4851a1d" relativeResultsDirectory="a5719116-b7c6-4882-a68b-ed430378c03a" />
    <UnitTestResult executionId="c1182dbb-20cf-4830-b908-35617fb28947" testId="16ce60c0-24e9-68b4-436c-5e8905d21bbc" testName="BL.Tests.TurnstilesServiceTest.TestAdminUpdateTurnstileAsync(userID: 34, turnstile: Turnstile { TurnstileID = 74, LiftID = 68, IsOpen = True }, checkPermissionServiceMock: Mock&lt;ICheckPermissionService:14&gt;, turnstilesRepositoryStub: Mock&lt;ITurnstilesRepository:8&gt;, sut: TurnstilesService { })" computerName="DESKTOP-TJ9D65N" duration="00:00:00.0047135" startTime="2022-10-16T16:16:53.9173977+03:00" endTime="2022-10-16T16:16:53.9173978+03:00" testType="13cdc9d9-ddb5-4fa4-a97d-d965ccfc6d4b" outcome="Passed" testListId="8c84fa94-04c1-424b-9868-57a2d4851a1d" relativeResultsDirectory="c1182dbb-20cf-4830-b908-35617fb28947" />
    <UnitTestResult executionId="39f4ca13-ae4a-40df-ae6b-bc88f7e883b4" testId="47da674e-21f8-9382-7d73-b5d7e53b6f18" testName="BL.Tests.TurnstilesServiceTest.TestAdminAddAutoIncrementTurnstileAsync(userID: 98, turnstile: Turnstile { TurnstileID = 160, LiftID = 141, IsOpen = True }, checkPermissionServiceMock: Mock&lt;ICheckPermissionService:16&gt;, turnstilesRepositoryStub: Mock&lt;ITurnstilesRepository:10&gt;, sut: TurnstilesService { })" computerName="DESKTOP-TJ9D65N" duration="00:00:00.0089103" startTime="2022-10-16T16:16:53.9023635+03:00" endTime="2022-10-16T16:16:53.9023636+03:00" testType="13cdc9d9-ddb5-4fa4-a97d-d965ccfc6d4b" outcome="Passed" testListId="8c84fa94-04c1-424b-9868-57a2d4851a1d" relativeResultsDirectory="39f4ca13-ae4a-40df-ae6b-bc88f7e883b4" />
    <UnitTestResult executionId="e13bf6e9-a827-43e5-bd57-03b8bf5f8f9b" testId="8184bd30-991c-b78d-b4ec-99a485eac0dd" testName="BL.Tests.UsersServiceTests.TestRegisterUserWithNoEmail" computerName="DESKTOP-TJ9D65N" duration="00:00:00.0031690" startTime="2022-10-16T16:16:53.9045522+03:00" endTime="2022-10-16T16:16:53.9045523+03:00" testType="13cdc9d9-ddb5-4fa4-a97d-d965ccfc6d4b" outcome="Passed" testListId="8c84fa94-04c1-424b-9868-57a2d4851a1d" relativeResultsDirectory="e13bf6e9-a827-43e5-bd57-03b8bf5f8f9b" />
    <UnitTestResult executionId="b8c27aa0-96b0-4be0-a7f3-67e71aa82c59" testId="492c0393-35b4-df26-a537-21ca08302f3c" testName="BL.Tests.CheckPermissionsServiceTests.SkiPatrolHasNoAccessToAdminFunctions" computerName="DESKTOP-TJ9D65N" duration="00:00:00.0027324" startTime="2022-10-16T16:16:53.9680934+03:00" endTime="2022-10-16T16:16:53.9680935+03:00" testType="13cdc9d9-ddb5-4fa4-a97d-d965ccfc6d4b" outcome="Passed" testListId="8c84fa94-04c1-424b-9868-57a2d4851a1d" relativeResultsDirectory="b8c27aa0-96b0-4be0-a7f3-67e71aa82c59" />
    <UnitTestResult executionId="a4f2e8ba-bb82-4162-8e38-b41bf26f12a8" testId="e5497347-2721-b7a6-0bd4-69a9921f6947" testName="BL.Tests.UsersServiceTests.TestAdminGetUserByIDAsync" computerName="DESKTOP-TJ9D65N" duration="00:00:00.0034870" startTime="2022-10-16T16:16:53.9633225+03:00" endTime="2022-10-16T16:16:53.9633226+03:00" testType="13cdc9d9-ddb5-4fa4-a97d-d965ccfc6d4b" outcome="Passed" testListId="8c84fa94-04c1-424b-9868-57a2d4851a1d" relativeResultsDirectory="a4f2e8ba-bb82-4162-8e38-b41bf26f12a8" />
    <UnitTestResult executionId="946066e5-4fa6-4731-a631-33968222576a" testId="af1f5d26-e448-ba2b-6d81-0dce5fe94216" testName="BL.Tests.LiftsServiceTest.TestAdminDeleteLiftAsync(userID: 19, lift: Lift { LiftID = 158, LiftName = liftName8e4fbff1-4933-4b85-a532-1e4d714d6f94, IsOpen = True, SeatsAmount = 179, LiftingTime = 249, QueueTime = 164, ConnectedSlopes =  }, checkPermissionServiceMock: Mock&lt;ICheckPermissionService:4&gt;, liftsRepositoryStub: Mock&lt;ILiftsRepository:4&gt;, liftsSlopesRepositoryStub: Mock&lt;ILiftsSlopesRepository:4&gt;, sut: LiftsService { })" computerName="DESKTOP-TJ9D65N" duration="00:00:00.0099331" startTime="2022-10-16T16:16:53.9210600+03:00" endTime="2022-10-16T16:16:53.9210601+03:00" testType="13cdc9d9-ddb5-4fa4-a97d-d965ccfc6d4b" outcome="Passed" testListId="8c84fa94-04c1-424b-9868-57a2d4851a1d" relativeResultsDirectory="946066e5-4fa6-4731-a631-33968222576a" />
    <UnitTestResult executionId="5b3f768c-81eb-4ea7-9370-eab0431c1fde" testId="834c739b-eca4-b36d-6a66-5a1bd75377b8" testName="BL.Tests.UsersServiceTests.TestAdminAddAutoIncrementUser" computerName="DESKTOP-TJ9D65N" duration="00:00:00.0071885" startTime="2022-10-16T16:16:53.9496447+03:00" endTime="2022-10-16T16:16:53.9496448+03:00" testType="13cdc9d9-ddb5-4fa4-a97d-d965ccfc6d4b" outcome="Passed" testListId="8c84fa94-04c1-424b-9868-57a2d4851a1d" relativeResultsDirectory="5b3f768c-81eb-4ea7-9370-eab0431c1fde" />
    <UnitTestResult executionId="9e89024a-bc44-40ca-a1c2-d37eedbfe93b" testId="ec592251-02d0-df33-ca0c-5e1506020b4c" testName="BL.Tests.TurnstilesServiceTest.TestAdminDeleteTurnstileAsync(userID: 230, turnstile: Turnstile { TurnstileID = 90, LiftID = 78, IsOpen = True }, checkPermissionServiceMock: Mock&lt;ICheckPermissionService:15&gt;, turnstilesRepositoryStub: Mock&lt;ITurnstilesRepository:9&gt;, sut: TurnstilesService { })" computerName="DESKTOP-TJ9D65N" duration="00:00:00.0436400" startTime="2022-10-16T16:16:53.8031153+03:00" endTime="2022-10-16T16:16:53.8031491+03:00" testType="13cdc9d9-ddb5-4fa4-a97d-d965ccfc6d4b" outcome="Passed" testListId="8c84fa94-04c1-424b-9868-57a2d4851a1d" relativeResultsDirectory="9e89024a-bc44-40ca-a1c2-d37eedbfe93b" />
    <UnitTestResult executionId="05db2d28-8319-47ed-8467-e88beb943d56" testId="97eca814-002a-1a3a-342f-47fc1b00104a" testName="BL.Tests.LiftsServiceTest.TestGetLiftsInfoAsync(userID: 19, initialLifts: [Lift { LiftID = 175, LiftName = liftName3827d994-c3ed-4e23-a0a5-3ae56aa8b7be, IsOpen = True, SeatsAmount = 9, LiftingTime = 222, QueueTime = 214, ConnectedSlopes =  }, Lift { LiftID = 23, LiftName = liftName951613f6-3f07-4291-af15-64f6749be58e, IsOpen = False, SeatsAmount = 220, LiftingTime = 165, QueueTime = 176, ConnectedSlopes =  }, Lift { LiftID = 192, LiftName = liftNameb3b64fb6-2336-4db2-9fb2-71a2e2f02a6d, IsOpen = True, SeatsAmount = 139, LiftingTime = 29, QueueTime = 110, ConnectedSlopes =  }], checkPermissionServiceMock: Mock&lt;ICheckPermissionService:2&gt;, liftsRepositoryStub: Mock&lt;ILiftsRepository:2&gt;, liftsSlopesRepositoryStub: Mock&lt;ILiftsSlopesRepository:2&gt;, sut: LiftsService { })" computerName="DESKTOP-TJ9D65N" duration="00:00:00.0928267" startTime="2022-10-16T16:16:53.8446776+03:00" endTime="2022-10-16T16:16:53.8446778+03:00" testType="13cdc9d9-ddb5-4fa4-a97d-d965ccfc6d4b" outcome="Passed" testListId="8c84fa94-04c1-424b-9868-57a2d4851a1d" relativeResultsDirectory="05db2d28-8319-47ed-8467-e88beb943d56" />
    <UnitTestResult executionId="f01db222-d42f-48a8-ac98-d24c7fa28cd0" testId="60bd668f-04df-da5e-b79b-5d9aedb5234d" testName="BL.Tests.CheckPermissionsServiceTests.SkiPatrolHasAccessToAdminSkiPatrolFunctions(functionName: &quot;MarkMessageReadByUserAsync&quot;)" computerName="DESKTOP-TJ9D65N" duration="00:00:00.0014134" startTime="2022-10-16T16:16:53.9105881+03:00" endTime="2022-10-16T16:16:53.9105882+03:00" testType="13cdc9d9-ddb5-4fa4-a97d-d965ccfc6d4b" outcome="Passed" testListId="8c84fa94-04c1-424b-9868-57a2d4851a1d" relativeResultsDirectory="f01db222-d42f-48a8-ac98-d24c7fa28cd0" />
    <UnitTestResult executionId="8db79000-af7c-457f-ac8b-b8bc5974c331" testId="eaabd2fc-2f4b-5689-59c8-c7ad34a8f634" testName="BL.Tests.CheckPermissionsServiceTests.UnauthorizedHasNoAccessToAuthorizedFunctions(functionName: &quot;SendMessageAsync&quot;)" computerName="DESKTOP-TJ9D65N" duration="00:00:00.0030111" startTime="2022-10-16T16:16:53.9045012+03:00" endTime="2022-10-16T16:16:53.9045013+03:00" testType="13cdc9d9-ddb5-4fa4-a97d-d965ccfc6d4b" outcome="Passed" testListId="8c84fa94-04c1-424b-9868-57a2d4851a1d" relativeResultsDirectory="8db79000-af7c-457f-ac8b-b8bc5974c331" />
    <UnitTestResult executionId="e1a60785-2ab0-46b4-ac32-26d08ef4f19b" testId="c36970dc-93f7-753e-fa47-157133b01644" testName="BL.Tests.CheckPermissionsServiceTests.SkiPatrolHasAccessToAdminSkiPatrolFunctions(functionName: &quot;GetMessagesAsync&quot;)" computerName="DESKTOP-TJ9D65N" duration="00:00:00.0011730" startTime="2022-10-16T16:16:53.9165750+03:00" endTime="2022-10-16T16:16:53.9165751+03:00" testType="13cdc9d9-ddb5-4fa4-a97d-d965ccfc6d4b" outcome="Passed" testListId="8c84fa94-04c1-424b-9868-57a2d4851a1d" relativeResultsDirectory="e1a60785-2ab0-46b4-ac32-26d08ef4f19b" />
    <UnitTestResult executionId="c1eaf1a7-4052-4017-9875-0aa8339abf6d" testId="39be9b5e-0bc4-57dc-37d3-aec6b520299d" testName="BL.Tests.LiftsSlopesServiceTests.TestGetLiftsSlopesInfoAsync(liftsSlopes: [LiftSlope { RecordID = 38, LiftID = 21, SlopeID = 93 }, LiftSlope { RecordID = 121, LiftID = 230, SlopeID = 80 }, LiftSlope { RecordID = 72, LiftID = 109, SlopeID = 204 }], slopesRepositoryStub: Mock&lt;ISlopesRepository:1&gt;, liftsRepositoryStub: Mock&lt;ILiftsRepository:6&gt;, liftsSlopesRepositoryStub: Mock&lt;ILiftsSlopesRepository:6&gt;)" computerName="DESKTOP-TJ9D65N" duration="00:00:00.0045348" startTime="2022-10-16T16:16:53.9046849+03:00" endTime="2022-10-16T16:16:53.9046849+03:00" testType="13cdc9d9-ddb5-4fa4-a97d-d965ccfc6d4b" outcome="Passed" testListId="8c84fa94-04c1-424b-9868-57a2d4851a1d" relativeResultsDirectory="c1eaf1a7-4052-4017-9875-0aa8339abf6d" />
    <UnitTestResult executionId="49d86101-a5f4-4361-8371-15f96ba2d108" testId="4192076a-a79a-b9c7-d74d-6a12d1cdcd50" testName="BL.Tests.SlopesServiceTest.TestGetSlopesInfoAsync(userID: 21, initialSlopes: [Slope { SlopeID = 96, SlopeName = slopeName1acc34f8-0eca-41a5-944d-0d12e26054f0, IsOpen = True, DifficultyLevel = 174, ConnectedLifts =  }, Slope { SlopeID = 15, SlopeName = slopeName99474130-df2b-4e6d-b52d-683b50d86934, IsOpen = False, DifficultyLevel = 167, ConnectedLifts =  }, Slope { SlopeID = 229, SlopeName = slopeName430fe4da-3944-4dba-8cb7-4833f1fa8a3b, IsOpen = True, DifficultyLevel = 142, ConnectedLifts =  }], checkPermissionServiceMock: Mock&lt;ICheckPermissionService:7&gt;, slopesRepositoryStub: Mock&lt;ISlopesRepository:5&gt;, liftsSlopesRepositoryStub: Mock&lt;ILiftsSlopesRepository:10&gt;, sut: SlopesService { })" computerName="DESKTOP-TJ9D65N" duration="00:00:00.0082975" startTime="2022-10-16T16:16:53.8558510+03:00" endTime="2022-10-16T16:16:53.8558513+03:00" testType="13cdc9d9-ddb5-4fa4-a97d-d965ccfc6d4b" outcome="Passed" testListId="8c84fa94-04c1-424b-9868-57a2d4851a1d" relativeResultsDirectory="49d86101-a5f4-4361-8371-15f96ba2d108" />
    <UnitTestResult executionId="b03e3c58-38f7-4836-b5ec-c9d2c099275a" testId="894941c1-bfa7-d8f9-c047-1e1ceefe2c2f" testName="BL.Tests.UsersServiceTests.TestRegisterUserWithRepeatedEmail" computerName="DESKTOP-TJ9D65N" duration="00:00:00.0036439" startTime="2022-10-16T16:16:53.9076959+03:00" endTime="2022-10-16T16:16:53.9076960+03:00" testType="13cdc9d9-ddb5-4fa4-a97d-d965ccfc6d4b" outcome="Passed" testListId="8c84fa94-04c1-424b-9868-57a2d4851a1d" relativeResultsDirectory="b03e3c58-38f7-4836-b5ec-c9d2c099275a" />
    <UnitTestResult executionId="73363ed9-bb2e-4636-a965-f32f4b33d008" testId="c2f0ddd1-1168-41dc-95f5-9731b4d4a3dd" testName="BL.Tests.SlopesServiceTest.TestUpdateSlopeInfoAsync(userID: 129, slope: Slope { SlopeID = 131, SlopeName = slopeName1f53bfe5-685e-4eea-875c-c00afdeee134, IsOpen = True, DifficultyLevel = 37, ConnectedLifts =  }, checkPermissionServiceMock: Mock&lt;ICheckPermissionService:8&gt;, slopesRepositoryStub: Mock&lt;ISlopesRepository:6&gt;, sut: SlopesService { })" computerName="DESKTOP-TJ9D65N" duration="00:00:00.0055807" startTime="2022-10-16T16:16:53.9180573+03:00" endTime="2022-10-16T16:16:53.9180575+03:00" testType="13cdc9d9-ddb5-4fa4-a97d-d965ccfc6d4b" outcome="Passed" testListId="8c84fa94-04c1-424b-9868-57a2d4851a1d" relativeResultsDirectory="73363ed9-bb2e-4636-a965-f32f4b33d008" />
  </Results>
  <TestDefinitions>
    <UnitTest name="BL.Tests.SlopesServiceTest.TestGetSlopesInfoAsync(userID: 21, initialSlopes: [Slope { SlopeID = 96, SlopeName = slopeName1acc34f8-0eca-41a5-944d-0d12e26054f0, IsOpen = True, DifficultyLevel = 174, ConnectedLifts =  }, Slope { SlopeID = 15, SlopeName = slopeName99474130-df2b-4e6d-b52d-683b50d86934, IsOpen = False, DifficultyLevel = 167, ConnectedLifts =  }, Slope { SlopeID = 229, SlopeName = slopeName430fe4da-3944-4dba-8cb7-4833f1fa8a3b, IsO..." storage="c:\users\alena\desktop\7_sem\testing_and_debugging\skiresort\bl.tests\bin\debug\net6.0\bl.tests.dll" id="4192076a-a79a-b9c7-d74d-6a12d1cdcd50">
      <Execution id="49d86101-a5f4-4361-8371-15f96ba2d108" />
      <TestMethod codeBase="C:\Users\alena\Desktop\7_sem\testing_and_debugging\SkiResort\BL.Tests\bin\Debug\net6.0\BL.Tests.dll" adapterTypeName="executor://xunit/VsTestRunner2/netcoreapp" className="BL.Tests.SlopesServiceTest" name="TestGetSlopesInfoAsync" />
    </UnitTest>
    <UnitTest name="BL.Tests.CheckPermissionsServiceTests.AuthorizedHasNoAccessToAdminSkiPatrolFunctions(functionName: &quot;MarkMessageReadByUserAsync&quot;)" storage="c:\users\alena\desktop\7_sem\testing_and_debugging\skiresort\bl.tests\bin\debug\net6.0\bl.tests.dll" id="9c7df5e2-1b23-ebea-889f-b78ca86b60ab">
      <Execution id="72637280-edd9-40b6-85b9-a9c17195f0d2" />
      <TestMethod codeBase="C:\Users\alena\Desktop\7_sem\testing_and_debugging\SkiResort\BL.Tests\bin\Debug\net6.0\BL.Tests.dll" adapterTypeName="executor://xunit/VsTestRunner2/netcoreapp" className="BL.Tests.CheckPermissionsServiceTests" name="AuthorizedHasNoAccessToAdminSkiPatrolFunctions" />
    </UnitTest>
    <UnitTest name="BL.Tests.CheckPermissionsServiceTests.UnauthorizedHasNoAccessToAdminSkiPatrolFunctions(functionName: &quot;MarkMessageReadByUserAsync&quot;)" storage="c:\users\alena\desktop\7_sem\testing_and_debugging\skiresort\bl.tests\bin\debug\net6.0\bl.tests.dll" id="a19a5fcf-c5d2-7d44-5d7d-84403042f4e0">
      <Execution id="307e8e7e-1960-464e-bc4a-e268815a76a9" />
      <TestMethod codeBase="C:\Users\alena\Desktop\7_sem\testing_and_debugging\SkiResort\BL.Tests\bin\Debug\net6.0\BL.Tests.dll" adapterTypeName="executor://xunit/VsTestRunner2/netcoreapp" className="BL.Tests.CheckPermissionsServiceTests" name="UnauthorizedHasNoAccessToAdminSkiPatrolFunctions" />
    </UnitTest>
    <UnitTest name="BL.Tests.CheckPermissionsServiceTests.AuthorizedHasNoAccessToAdminFunctions" storage="c:\users\alena\desktop\7_sem\testing_and_debugging\skiresort\bl.tests\bin\debug\net6.0\bl.tests.dll" id="a2e59116-cb53-1d70-9cb8-21c286516866">
      <Execution id="e9d0ceb2-2e75-4d18-b4fb-8cccfb044509" />
      <TestMethod codeBase="C:\Users\alena\Desktop\7_sem\testing_and_debugging\SkiResort\BL.Tests\bin\Debug\net6.0\BL.Tests.dll" adapterTypeName="executor://xunit/VsTestRunner2/netcoreapp" className="BL.Tests.CheckPermissionsServiceTests" name="AuthorizedHasNoAccessToAdminFunctions" />
    </UnitTest>
    <UnitTest name="BL.Tests.CheckPermissionsServiceTests.SkiPatrolHasAccessToAdminSkiPatrolFunctions(functionName: &quot;GetMessagesAsync&quot;)" storage="c:\users\alena\desktop\7_sem\testing_and_debugging\skiresort\bl.tests\bin\debug\net6.0\bl.tests.dll" id="c36970dc-93f7-753e-fa47-157133b01644">
      <Execution id="e1a60785-2ab0-46b4-ac32-26d08ef4f19b" />
      <TestMethod codeBase="C:\Users\alena\Desktop\7_sem\testing_and_debugging\SkiResort\BL.Tests\bin\Debug\net6.0\BL.Tests.dll" adapterTypeName="executor://xunit/VsTestRunner2/netcoreapp" className="BL.Tests.CheckPermissionsServiceTests" name="SkiPatrolHasAccessToAdminSkiPatrolFunctions" />
    </UnitTest>
    <UnitTest name="BL.Tests.CheckPermissionsServiceTests.AuthorizedHasNoAccessToAdminSkiPatrolFunctions(functionName: &quot;GetMessagesAsync&quot;)" storage="c:\users\alena\desktop\7_sem\testing_and_debugging\skiresort\bl.tests\bin\debug\net6.0\bl.tests.dll" id="2602613f-c8e2-a6d9-fcf7-5b27d4a770a6">
      <Execution id="3a108628-d760-4c47-bf82-2716c518d94a" />
      <TestMethod codeBase="C:\Users\alena\Desktop\7_sem\testing_and_debugging\SkiResort\BL.Tests\bin\Debug\net6.0\BL.Tests.dll" adapterTypeName="executor://xunit/VsTestRunner2/netcoreapp" className="BL.Tests.CheckPermissionsServiceTests" name="AuthorizedHasNoAccessToAdminSkiPatrolFunctions" />
    </UnitTest>
    <UnitTest name="BL.Tests.CheckPermissionsServiceTests.AdminHasAccessToAllFunctions" storage="c:\users\alena\desktop\7_sem\testing_and_debugging\skiresort\bl.tests\bin\debug\net6.0\bl.tests.dll" id="f3efc418-a8a6-c7b7-9bac-90b33aa8472f">
      <Execution id="ad2ba898-c941-4ec6-9cab-f0383a79f1b0" />
      <TestMethod codeBase="C:\Users\alena\Desktop\7_sem\testing_and_debugging\SkiResort\BL.Tests\bin\Debug\net6.0\BL.Tests.dll" adapterTypeName="executor://xunit/VsTestRunner2/netcoreapp" className="BL.Tests.CheckPermissionsServiceTests" name="AdminHasAccessToAllFunctions" />
    </UnitTest>
    <UnitTest name="BL.Tests.UsersServiceTests.TestRegisterUserWithNoPassword" storage="c:\users\alena\desktop\7_sem\testing_and_debugging\skiresort\bl.tests\bin\debug\net6.0\bl.tests.dll" id="f44a1b21-8efc-bfac-63b4-d534442def31">
      <Execution id="a6a17c58-1dec-4c8d-8094-02961349bb43" />
      <TestMethod codeBase="C:\Users\alena\Desktop\7_sem\testing_and_debugging\SkiResort\BL.Tests\bin\Debug\net6.0\BL.Tests.dll" adapterTypeName="executor://xunit/VsTestRunner2/netcoreapp" className="BL.Tests.UsersServiceTests" name="TestRegisterUserWithNoPassword" />
    </UnitTest>
    <UnitTest name="BL.Tests.SlopesServiceTest.TestGetSlopeInfoAsync(userID: 44, slope: Slope { SlopeID = 210, SlopeName = slopeNamee18e682d-843c-4d0c-a776-cdc7f3318bd7, IsOpen = True, DifficultyLevel = 217, ConnectedLifts =  }, checkPermissionServiceMock: Mock&lt;ICheckPermissionService:6&gt;, slopesRepositoryStub: Mock&lt;ISlopesRepository:4&gt;, liftsSlopesRepositoryStub: Mock&lt;ILiftsSlopesRepository:9&gt;, sut: SlopesService { })" storage="c:\users\alena\desktop\7_sem\testing_and_debugging\skiresort\bl.tests\bin\debug\net6.0\bl.tests.dll" id="d57398e3-c369-2c28-f641-5c76a8f5b146">
      <Execution id="b33733ec-7db1-44ec-892a-b1c911ba5854" />
      <TestMethod codeBase="C:\Users\alena\Desktop\7_sem\testing_and_debugging\SkiResort\BL.Tests\bin\Debug\net6.0\BL.Tests.dll" adapterTypeName="executor://xunit/VsTestRunner2/netcoreapp" className="BL.Tests.SlopesServiceTest" name="TestGetSlopeInfoAsync" />
    </UnitTest>
    <UnitTest name="BL.Tests.TurnstilesServiceTest.TestAdminGetTurnstileAsync(userID: 39, turnstile: Turnstile { TurnstileID = 12, LiftID = 128, IsOpen = True }, checkPermissionServiceMock: Mock&lt;ICheckPermissionService:12&gt;, turnstilesRepositoryStub: Mock&lt;ITurnstilesRepository:6&gt;, sut: TurnstilesService { })" storage="c:\users\alena\desktop\7_sem\testing_and_debugging\skiresort\bl.tests\bin\debug\net6.0\bl.tests.dll" id="03d63459-7b58-3705-3389-594e69dc4971">
      <Execution id="ffc84a55-798b-41ee-acc7-23da292c04d1" />
      <TestMethod codeBase="C:\Users\alena\Desktop\7_sem\testing_and_debugging\SkiResort\BL.Tests\bin\Debug\net6.0\BL.Tests.dll" adapterTypeName="executor://xunit/VsTestRunner2/netcoreapp" className="BL.Tests.TurnstilesServiceTest" name="TestAdminGetTurnstileAsync" />
    </UnitTest>
    <UnitTest name="BL.Tests.UsersServiceTests.TestAdminGetUserByIDAsync" storage="c:\users\alena\desktop\7_sem\testing_and_debugging\skiresort\bl.tests\bin\debug\net6.0\bl.tests.dll" id="e5497347-2721-b7a6-0bd4-69a9921f6947">
      <Execution id="a4f2e8ba-bb82-4162-8e38-b41bf26f12a8" />
      <TestMethod codeBase="C:\Users\alena\Desktop\7_sem\testing_and_debugging\SkiResort\BL.Tests\bin\Debug\net6.0\BL.Tests.dll" adapterTypeName="executor://xunit/VsTestRunner2/netcoreapp" className="BL.Tests.UsersServiceTests" name="TestAdminGetUserByIDAsync" />
    </UnitTest>
    <UnitTest name="BL.Tests.TurnstilesServiceTest.TestAdminDeleteTurnstileAsync(userID: 230, turnstile: Turnstile { TurnstileID = 90, LiftID = 78, IsOpen = True }, checkPermissionServiceMock: Mock&lt;ICheckPermissionService:15&gt;, turnstilesRepositoryStub: Mock&lt;ITurnstilesRepository:9&gt;, sut: TurnstilesService { })" storage="c:\users\alena\desktop\7_sem\testing_and_debugging\skiresort\bl.tests\bin\debug\net6.0\bl.tests.dll" id="ec592251-02d0-df33-ca0c-5e1506020b4c">
      <Execution id="9e89024a-bc44-40ca-a1c2-d37eedbfe93b" />
      <TestMethod codeBase="C:\Users\alena\Desktop\7_sem\testing_and_debugging\SkiResort\BL.Tests\bin\Debug\net6.0\BL.Tests.dll" adapterTypeName="executor://xunit/VsTestRunner2/netcoreapp" className="BL.Tests.TurnstilesServiceTest" name="TestAdminDeleteTurnstileAsync" />
    </UnitTest>
    <UnitTest name="BL.Tests.TurnstilesServiceTest.TestAdminUpdateTurnstileAsync(userID: 34, turnstile: Turnstile { TurnstileID = 74, LiftID = 68, IsOpen = True }, checkPermissionServiceMock: Mock&lt;ICheckPermissionService:14&gt;, turnstilesRepositoryStub: Mock&lt;ITurnstilesRepository:8&gt;, sut: TurnstilesService { })" storage="c:\users\alena\desktop\7_sem\testing_and_debugging\skiresort\bl.tests\bin\debug\net6.0\bl.tests.dll" id="16ce60c0-24e9-68b4-436c-5e8905d21bbc">
      <Execution id="c1182dbb-20cf-4830-b908-35617fb28947" />
      <TestMethod codeBase="C:\Users\alena\Desktop\7_sem\testing_and_debugging\SkiResort\BL.Tests\bin\Debug\net6.0\BL.Tests.dll" adapterTypeName="executor://xunit/VsTestRunner2/netcoreapp" className="BL.Tests.TurnstilesServiceTest" name="TestAdminUpdateTurnstileAsync" />
    </UnitTest>
    <UnitTest name="BL.Tests.UsersServiceTests.TestAdminAddAutoIncrementUser" storage="c:\users\alena\desktop\7_sem\testing_and_debugging\skiresort\bl.tests\bin\debug\net6.0\bl.tests.dll" id="834c739b-eca4-b36d-6a66-5a1bd75377b8">
      <Execution id="5b3f768c-81eb-4ea7-9370-eab0431c1fde" />
      <TestMethod codeBase="C:\Users\alena\Desktop\7_sem\testing_and_debugging\SkiResort\BL.Tests\bin\Debug\net6.0\BL.Tests.dll" adapterTypeName="executor://xunit/VsTestRunner2/netcoreapp" className="BL.Tests.UsersServiceTests" name="TestAdminAddAutoIncrementUser" />
    </UnitTest>
    <UnitTest name="BL.Tests.CheckPermissionsServiceTests.UnauthorizedHasNoAccessToAdminSkiPatrolFunctions(functionName: &quot;GetLiftsSlopesInfoAsync&quot;)" storage="c:\users\alena\desktop\7_sem\testing_and_debugging\skiresort\bl.tests\bin\debug\net6.0\bl.tests.dll" id="387c9729-48c1-486e-5e67-f5d11a9f0db8">
      <Execution id="7b2e98d8-da89-457a-80ae-bd1e73ad76ab" />
      <TestMethod codeBase="C:\Users\alena\Desktop\7_sem\testing_and_debugging\SkiResort\BL.Tests\bin\Debug\net6.0\BL.Tests.dll" adapterTypeName="executor://xunit/VsTestRunner2/netcoreapp" className="BL.Tests.CheckPermissionsServiceTests" name="UnauthorizedHasNoAccessToAdminSkiPatrolFunctions" />
    </UnitTest>
    <UnitTest name="BL.Tests.LiftsSlopesServiceTests.TestAdminDeleteLiftSlopeAsync(lift: Lift { LiftID = 102, LiftName = liftName20869cef-ad17-4134-9e45-a68c1a622281, IsOpen = True, SeatsAmount = 18, LiftingTime = 249, QueueTime = 71, ConnectedSlopes =  }, slope: Slope { SlopeID = 120, SlopeName = slopeName9ee51645-d9b0-4b4a-b048-27cfb2f12564, IsOpen = False, DifficultyLevel = 56, ConnectedLifts =  }, slopesRepositoryStub: Mock&lt;ISlopesRepository:2&gt;, liftsRepos..." storage="c:\users\alena\desktop\7_sem\testing_and_debugging\skiresort\bl.tests\bin\debug\net6.0\bl.tests.dll" id="73794395-02a3-7376-70e8-c8503ed8fbe6">
      <Execution id="b6d81354-dcdb-4080-bc1e-a99f380bc71c" />
      <TestMethod codeBase="C:\Users\alena\Desktop\7_sem\testing_and_debugging\SkiResort\BL.Tests\bin\Debug\net6.0\BL.Tests.dll" adapterTypeName="executor://xunit/VsTestRunner2/netcoreapp" className="BL.Tests.LiftsSlopesServiceTests" name="TestAdminDeleteLiftSlopeAsync" />
    </UnitTest>
    <UnitTest name="BL.Tests.LiftsServiceTest.TestGetLiftInfoAsync(userID: 2, lift: Lift { LiftID = 52, LiftName = liftName908cf9eb-eb62-4304-b169-797d3d0b049d, IsOpen = True, SeatsAmount = 217, LiftingTime = 71, QueueTime = 132, ConnectedSlopes =  }, checkPermissionServiceMock: Mock&lt;ICheckPermissionService:1&gt;, liftsRepositoryStub: Mock&lt;ILiftsRepository:1&gt;, liftsSlopesRepositoryStub: Mock&lt;ILiftsSlopesRepository:1&gt;, sut: LiftsService { })" storage="c:\users\alena\desktop\7_sem\testing_and_debugging\skiresort\bl.tests\bin\debug\net6.0\bl.tests.dll" id="7afef5c2-020e-93a0-757c-a2774d5eb93f">
      <Execution id="4603aa38-b272-4056-899a-0e624c184348" />
      <TestMethod codeBase="C:\Users\alena\Desktop\7_sem\testing_and_debugging\SkiResort\BL.Tests\bin\Debug\net6.0\BL.Tests.dll" adapterTypeName="executor://xunit/VsTestRunner2/netcoreapp" className="BL.Tests.LiftsServiceTest" name="TestGetLiftInfoAsync" />
    </UnitTest>
    <UnitTest name="BL.Tests.SlopesServiceTest.TestAdminAddSlopeAsync(userID: 6, slope: Slope { SlopeID = 61, SlopeName = slopeName1cd7d105-88c4-4688-ac38-cb4248229fae, IsOpen = True, DifficultyLevel = 74, ConnectedLifts =  }, checkPermissionServiceMock: Mock&lt;ICheckPermissionService:11&gt;, slopesRepositoryStub: Mock&lt;ISlopesRepository:9&gt;, sut: SlopesService { })" storage="c:\users\alena\desktop\7_sem\testing_and_debugging\skiresort\bl.tests\bin\debug\net6.0\bl.tests.dll" id="35598624-5e48-2b48-00c7-671a52aee976">
      <Execution id="9467932c-5682-4d88-8a87-d4b4ba9207e7" />
      <TestMethod codeBase="C:\Users\alena\Desktop\7_sem\testing_and_debugging\SkiResort\BL.Tests\bin\Debug\net6.0\BL.Tests.dll" adapterTypeName="executor://xunit/VsTestRunner2/netcoreapp" className="BL.Tests.SlopesServiceTest" name="TestAdminAddSlopeAsync" />
    </UnitTest>
    <UnitTest name="BL.Tests.LiftsSlopesServiceTests.TestAdminAddAutoIncrementLiftSlopeAsync(lift: Lift { LiftID = 97, LiftName = liftName20cc9442-931a-4699-bb6b-0cac05a9c63e, IsOpen = True, SeatsAmount = 63, LiftingTime = 158, QueueTime = 68, ConnectedSlopes =  }, slope: Slope { SlopeID = 77, SlopeName = slopeName5ddc1ca1-9a25-4b5b-86cd-935a1118bb34, IsOpen = False, DifficultyLevel = 39, ConnectedLifts =  }, slopesRepositoryStub: Mock&lt;ISlopesRepository:3&gt;, li..." storage="c:\users\alena\desktop\7_sem\testing_and_debugging\skiresort\bl.tests\bin\debug\net6.0\bl.tests.dll" id="28790365-a939-208f-f603-cd0e17395c3b">
      <Execution id="8fb5f35c-452e-410a-b660-3a6cd0dfb3c2" />
      <TestMethod codeBase="C:\Users\alena\Desktop\7_sem\testing_and_debugging\SkiResort\BL.Tests\bin\Debug\net6.0\BL.Tests.dll" adapterTypeName="executor://xunit/VsTestRunner2/netcoreapp" className="BL.Tests.LiftsSlopesServiceTests" name="TestAdminAddAutoIncrementLiftSlopeAsync" />
    </UnitTest>
    <UnitTest name="BL.Tests.CheckPermissionsServiceTests.SkiPatrolHasAccessToAdminSkiPatrolFunctions(functionName: &quot;MarkMessageReadByUserAsync&quot;)" storage="c:\users\alena\desktop\7_sem\testing_and_debugging\skiresort\bl.tests\bin\debug\net6.0\bl.tests.dll" id="60bd668f-04df-da5e-b79b-5d9aedb5234d">
      <Execution id="f01db222-d42f-48a8-ac98-d24c7fa28cd0" />
      <TestMethod codeBase="C:\Users\alena\Desktop\7_sem\testing_and_debugging\SkiResort\BL.Tests\bin\Debug\net6.0\BL.Tests.dll" adapterTypeName="executor://xunit/VsTestRunner2/netcoreapp" className="BL.Tests.CheckPermissionsServiceTests" name="SkiPatrolHasAccessToAdminSkiPatrolFunctions" />
    </UnitTest>
    <UnitTest name="BL.Tests.CheckPermissionsServiceTests.UnauthorizedHasNoAccessToAdminFunctions" storage="c:\users\alena\desktop\7_sem\testing_and_debugging\skiresort\bl.tests\bin\debug\net6.0\bl.tests.dll" id="e2d7e5be-3dae-33ae-fb17-c704b6fd58d6">
      <Execution id="c1ef60b3-82e7-4573-a416-d3672de2c175" />
      <TestMethod codeBase="C:\Users\alena\Desktop\7_sem\testing_and_debugging\SkiResort\BL.Tests\bin\Debug\net6.0\BL.Tests.dll" adapterTypeName="executor://xunit/VsTestRunner2/netcoreapp" className="BL.Tests.CheckPermissionsServiceTests" name="UnauthorizedHasNoAccessToAdminFunctions" />
    </UnitTest>
    <UnitTest name="BL.Tests.CheckPermissionsServiceTests.SkiPatrolHasAccessToAdminSkiPatrolFunctions(functionName: &quot;GetLiftsSlopesInfoAsync&quot;)" storage="c:\users\alena\desktop\7_sem\testing_and_debugging\skiresort\bl.tests\bin\debug\net6.0\bl.tests.dll" id="2d706594-f2b3-b3c8-21d4-86c9798c3306">
      <Execution id="9b9e86a6-909a-46f9-8b76-58b18087ded4" />
      <TestMethod codeBase="C:\Users\alena\Desktop\7_sem\testing_and_debugging\SkiResort\BL.Tests\bin\Debug\net6.0\BL.Tests.dll" adapterTypeName="executor://xunit/VsTestRunner2/netcoreapp" className="BL.Tests.CheckPermissionsServiceTests" name="SkiPatrolHasAccessToAdminSkiPatrolFunctions" />
    </UnitTest>
    <UnitTest name="BL.Tests.UsersServiceTests.TestLogInWithWrongPassword" storage="c:\users\alena\desktop\7_sem\testing_and_debugging\skiresort\bl.tests\bin\debug\net6.0\bl.tests.dll" id="69340bb6-3645-f9dd-971e-29d8b2a009bb">
      <Execution id="2a488916-bc56-4e4c-b0e3-0b94e37e6573" />
      <TestMethod codeBase="C:\Users\alena\Desktop\7_sem\testing_and_debugging\SkiResort\BL.Tests\bin\Debug\net6.0\BL.Tests.dll" adapterTypeName="executor://xunit/VsTestRunner2/netcoreapp" className="BL.Tests.UsersServiceTests" name="TestLogInWithWrongPassword" />
    </UnitTest>
    <UnitTest name="BL.Tests.CheckPermissionsServiceTests.SkiPatrolHasNoAccessToAdminFunctions" storage="c:\users\alena\desktop\7_sem\testing_and_debugging\skiresort\bl.tests\bin\debug\net6.0\bl.tests.dll" id="492c0393-35b4-df26-a537-21ca08302f3c">
      <Execution id="b8c27aa0-96b0-4be0-a7f3-67e71aa82c59" />
      <TestMethod codeBase="C:\Users\alena\Desktop\7_sem\testing_and_debugging\SkiResort\BL.Tests\bin\Debug\net6.0\BL.Tests.dll" adapterTypeName="executor://xunit/VsTestRunner2/netcoreapp" className="BL.Tests.CheckPermissionsServiceTests" name="SkiPatrolHasNoAccessToAdminFunctions" />
    </UnitTest>
    <UnitTest name="BL.Tests.LiftsServiceTest.TestAdminDeleteLiftAsync(userID: 19, lift: Lift { LiftID = 158, LiftName = liftName8e4fbff1-4933-4b85-a532-1e4d714d6f94, IsOpen = True, SeatsAmount = 179, LiftingTime = 249, QueueTime = 164, ConnectedSlopes =  }, checkPermissionServiceMock: Mock&lt;ICheckPermissionService:4&gt;, liftsRepositoryStub: Mock&lt;ILiftsRepository:4&gt;, liftsSlopesRepositoryStub: Mock&lt;ILiftsSlopesRepository:4&gt;, sut: LiftsService { })" storage="c:\users\alena\desktop\7_sem\testing_and_debugging\skiresort\bl.tests\bin\debug\net6.0\bl.tests.dll" id="af1f5d26-e448-ba2b-6d81-0dce5fe94216">
      <Execution id="946066e5-4fa6-4731-a631-33968222576a" />
      <TestMethod codeBase="C:\Users\alena\Desktop\7_sem\testing_and_debugging\SkiResort\BL.Tests\bin\Debug\net6.0\BL.Tests.dll" adapterTypeName="executor://xunit/VsTestRunner2/netcoreapp" className="BL.Tests.LiftsServiceTest" name="TestAdminDeleteLiftAsync" />
    </UnitTest>
    <UnitTest name="BL.Tests.UsersServiceTests.TestAdminDeleteUser" storage="c:\users\alena\desktop\7_sem\testing_and_debugging\skiresort\bl.tests\bin\debug\net6.0\bl.tests.dll" id="18fa8c62-e27d-e1fc-8182-4d7db62b008d">
      <Execution id="a5719116-b7c6-4882-a68b-ed430378c03a" />
      <TestMethod codeBase="C:\Users\alena\Desktop\7_sem\testing_and_debugging\SkiResort\BL.Tests\bin\Debug\net6.0\BL.Tests.dll" adapterTypeName="executor://xunit/VsTestRunner2/netcoreapp" className="BL.Tests.UsersServiceTests" name="TestAdminDeleteUser" />
    </UnitTest>
    <UnitTest name="BL.Tests.CheckPermissionsServiceTests.AuthorizedHasAccessToAuthorizedFunctions(functionName: &quot;LogOutAsync&quot;)" storage="c:\users\alena\desktop\7_sem\testing_and_debugging\skiresort\bl.tests\bin\debug\net6.0\bl.tests.dll" id="aa28a6b3-21d3-aa45-24d3-bef2facbc899">
      <Execution id="378ef339-b936-485f-b2e1-b9cee38b4947" />
      <TestMethod codeBase="C:\Users\alena\Desktop\7_sem\testing_and_debugging\SkiResort\BL.Tests\bin\Debug\net6.0\BL.Tests.dll" adapterTypeName="executor://xunit/VsTestRunner2/netcoreapp" className="BL.Tests.CheckPermissionsServiceTests" name="AuthorizedHasAccessToAuthorizedFunctions" />
    </UnitTest>
    <UnitTest name="BL.Tests.LiftsServiceTest.TestUpdateLiftInfoAsync(userID: 182, lift: Lift { LiftID = 143, LiftName = liftNamef8374862-299a-4380-a0b3-9a466f52a14c, IsOpen = True, SeatsAmount = 123, LiftingTime = 164, QueueTime = 18, ConnectedSlopes =  }, checkPermissionServiceMock: Mock&lt;ICheckPermissionService:3&gt;, liftsRepositoryStub: Mock&lt;ILiftsRepository:3&gt;, sut: LiftsService { })" storage="c:\users\alena\desktop\7_sem\testing_and_debugging\skiresort\bl.tests\bin\debug\net6.0\bl.tests.dll" id="c2d1be2b-65dc-dc6b-a3ea-49f49ae988a8">
      <Execution id="001f1974-00b2-4280-85a7-f1d42626b08d" />
      <TestMethod codeBase="C:\Users\alena\Desktop\7_sem\testing_and_debugging\SkiResort\BL.Tests\bin\Debug\net6.0\BL.Tests.dll" adapterTypeName="executor://xunit/VsTestRunner2/netcoreapp" className="BL.Tests.LiftsServiceTest" name="TestUpdateLiftInfoAsync" />
    </UnitTest>
    <UnitTest name="BL.Tests.UsersServiceTests.TestAdminUpdateUser" storage="c:\users\alena\desktop\7_sem\testing_and_debugging\skiresort\bl.tests\bin\debug\net6.0\bl.tests.dll" id="06d0bc3a-24a0-fb7f-4277-e9ae6d21c7dd">
      <Execution id="3496808f-740a-469c-a1e4-f7a32df1ff74" />
      <TestMethod codeBase="C:\Users\alena\Desktop\7_sem\testing_and_debugging\SkiResort\BL.Tests\bin\Debug\net6.0\BL.Tests.dll" adapterTypeName="executor://xunit/VsTestRunner2/netcoreapp" className="BL.Tests.UsersServiceTests" name="TestAdminUpdateUser" />
    </UnitTest>
    <UnitTest name="BL.Tests.UsersServiceTests.TestLogInOk" storage="c:\users\alena\desktop\7_sem\testing_and_debugging\skiresort\bl.tests\bin\debug\net6.0\bl.tests.dll" id="1ca07ad8-f799-c5d4-e7cc-34fd950198a2">
      <Execution id="52c10048-b68d-4d6b-b6ce-893b34ceafa9" />
      <TestMethod codeBase="C:\Users\alena\Desktop\7_sem\testing_and_debugging\SkiResort\BL.Tests\bin\Debug\net6.0\BL.Tests.dll" adapterTypeName="executor://xunit/VsTestRunner2/netcoreapp" className="BL.Tests.UsersServiceTests" name="TestLogInOk" />
    </UnitTest>
    <UnitTest name="BL.Tests.UsersServiceTests.TestAdminGetUsers" storage="c:\users\alena\desktop\7_sem\testing_and_debugging\skiresort\bl.tests\bin\debug\net6.0\bl.tests.dll" id="20ad8570-0170-85de-dcd7-2f109dd7bcd6">
      <Execution id="e77b4708-9afe-4358-a384-5b5c92949ad2" />
      <TestMethod codeBase="C:\Users\alena\Desktop\7_sem\testing_and_debugging\SkiResort\BL.Tests\bin\Debug\net6.0\BL.Tests.dll" adapterTypeName="executor://xunit/VsTestRunner2/netcoreapp" className="BL.Tests.UsersServiceTests" name="TestAdminGetUsers" />
    </UnitTest>
    <UnitTest name="BL.Tests.CheckPermissionsServiceTests.UnauthorizedHasNoAccessToAdminSkiPatrolFunctions(functionName: &quot;GetMessagesAsync&quot;)" storage="c:\users\alena\desktop\7_sem\testing_and_debugging\skiresort\bl.tests\bin\debug\net6.0\bl.tests.dll" id="229812f5-9a73-5335-11f5-31330d1348a5">
      <Execution id="413e15c0-df29-4f5e-87cb-8e933465dcce" />
      <TestMethod codeBase="C:\Users\alena\Desktop\7_sem\testing_and_debugging\SkiResort\BL.Tests\bin\Debug\net6.0\BL.Tests.dll" adapterTypeName="executor://xunit/VsTestRunner2/netcoreapp" className="BL.Tests.CheckPermissionsServiceTests" name="UnauthorizedHasNoAccessToAdminSkiPatrolFunctions" />
    </UnitTest>
    <UnitTest name="BL.Tests.SlopesServiceTest.TestUpdateSlopeInfoAsync(userID: 129, slope: Slope { SlopeID = 131, SlopeName = slopeName1f53bfe5-685e-4eea-875c-c00afdeee134, IsOpen = True, DifficultyLevel = 37, ConnectedLifts =  }, checkPermissionServiceMock: Mock&lt;ICheckPermissionService:8&gt;, slopesRepositoryStub: Mock&lt;ISlopesRepository:6&gt;, sut: SlopesService { })" storage="c:\users\alena\desktop\7_sem\testing_and_debugging\skiresort\bl.tests\bin\debug\net6.0\bl.tests.dll" id="c2f0ddd1-1168-41dc-95f5-9731b4d4a3dd">
      <Execution id="73363ed9-bb2e-4636-a965-f32f4b33d008" />
      <TestMethod codeBase="C:\Users\alena\Desktop\7_sem\testing_and_debugging\SkiResort\BL.Tests\bin\Debug\net6.0\BL.Tests.dll" adapterTypeName="executor://xunit/VsTestRunner2/netcoreapp" className="BL.Tests.SlopesServiceTest" name="TestUpdateSlopeInfoAsync" />
    </UnitTest>
    <UnitTest name="BL.Tests.LiftsSlopesServiceTests.TestGetLiftsSlopesInfoAsync(liftsSlopes: [LiftSlope { RecordID = 38, LiftID = 21, SlopeID = 93 }, LiftSlope { RecordID = 121, LiftID = 230, SlopeID = 80 }, LiftSlope { RecordID = 72, LiftID = 109, SlopeID = 204 }], slopesRepositoryStub: Mock&lt;ISlopesRepository:1&gt;, liftsRepositoryStub: Mock&lt;ILiftsRepository:6&gt;, liftsSlopesRepositoryStub: Mock&lt;ILiftsSlopesRepository:6&gt;)" storage="c:\users\alena\desktop\7_sem\testing_and_debugging\skiresort\bl.tests\bin\debug\net6.0\bl.tests.dll" id="39be9b5e-0bc4-57dc-37d3-aec6b520299d">
      <Execution id="c1eaf1a7-4052-4017-9875-0aa8339abf6d" />
      <TestMethod codeBase="C:\Users\alena\Desktop\7_sem\testing_and_debugging\SkiResort\BL.Tests\bin\Debug\net6.0\BL.Tests.dll" adapterTypeName="executor://xunit/VsTestRunner2/netcoreapp" className="BL.Tests.LiftsSlopesServiceTests" name="TestGetLiftsSlopesInfoAsync" />
    </UnitTest>
    <UnitTest name="BL.Tests.TurnstilesServiceTest.TestAdminAddAutoIncrementTurnstileAsync(userID: 98, turnstile: Turnstile { TurnstileID = 160, LiftID = 141, IsOpen = True }, checkPermissionServiceMock: Mock&lt;ICheckPermissionService:16&gt;, turnstilesRepositoryStub: Mock&lt;ITurnstilesRepository:10&gt;, sut: TurnstilesService { })" storage="c:\users\alena\desktop\7_sem\testing_and_debugging\skiresort\bl.tests\bin\debug\net6.0\bl.tests.dll" id="47da674e-21f8-9382-7d73-b5d7e53b6f18">
      <Execution id="39f4ca13-ae4a-40df-ae6b-bc88f7e883b4" />
      <TestMethod codeBase="C:\Users\alena\Desktop\7_sem\testing_and_debugging\SkiResort\BL.Tests\bin\Debug\net6.0\BL.Tests.dll" adapterTypeName="executor://xunit/VsTestRunner2/netcoreapp" className="BL.Tests.TurnstilesServiceTest" name="TestAdminAddAutoIncrementTurnstileAsync" />
    </UnitTest>
    <UnitTest name="BL.Tests.CheckPermissionsServiceTests.AuthorizedHasNoAccessToAdminSkiPatrolFunctions(functionName: &quot;GetLiftsSlopesInfoAsync&quot;)" storage="c:\users\alena\desktop\7_sem\testing_and_debugging\skiresort\bl.tests\bin\debug\net6.0\bl.tests.dll" id="4f297306-d4f3-8d63-e7f4-1ac0b8c58c74">
      <Execution id="88d07bd2-121f-4360-b05d-c446e6bd0038" />
      <TestMethod codeBase="C:\Users\alena\Desktop\7_sem\testing_and_debugging\SkiResort\BL.Tests\bin\Debug\net6.0\BL.Tests.dll" adapterTypeName="executor://xunit/VsTestRunner2/netcoreapp" className="BL.Tests.CheckPermissionsServiceTests" name="AuthorizedHasNoAccessToAdminSkiPatrolFunctions" />
    </UnitTest>
    <UnitTest name="BL.Tests.TurnstilesServiceTest.TestAdminGetTurnstilesAsync(userID: 246, initialTurnstiles: [Turnstile { TurnstileID = 147, LiftID = 152, IsOpen = True }, Turnstile { TurnstileID = 70, LiftID = 171, IsOpen = False }, Turnstile { TurnstileID = 218, LiftID = 47, IsOpen = True }], checkPermissionServiceMock: Mock&lt;ICheckPermissionService:13&gt;, turnstilesRepositoryStub: Mock&lt;ITurnstilesRepository:7&gt;, sut: TurnstilesService { })" storage="c:\users\alena\desktop\7_sem\testing_and_debugging\skiresort\bl.tests\bin\debug\net6.0\bl.tests.dll" id="d5fa6f2e-214b-6f14-3813-4a12dfacdb0d">
      <Execution id="5a455d0d-4bd4-4727-8649-19730bf890e9" />
      <TestMethod codeBase="C:\Users\alena\Desktop\7_sem\testing_and_debugging\SkiResort\BL.Tests\bin\Debug\net6.0\BL.Tests.dll" adapterTypeName="executor://xunit/VsTestRunner2/netcoreapp" className="BL.Tests.TurnstilesServiceTest" name="TestAdminGetTurnstilesAsync" />
    </UnitTest>
    <UnitTest name="BL.Tests.SlopesServiceTest.TestAdminAddAutoIncrementSlopeAsync(userID: 172, slope: Slope { SlopeID = 6, SlopeName = slopeName3830732c-2828-4a8a-8564-fe0297e1ce97, IsOpen = True, DifficultyLevel = 182, ConnectedLifts =  }, checkPermissionServiceMock: Mock&lt;ICheckPermissionService:10&gt;, slopesRepositoryStub: Mock&lt;ISlopesRepository:8&gt;, sut: SlopesService { })" storage="c:\users\alena\desktop\7_sem\testing_and_debugging\skiresort\bl.tests\bin\debug\net6.0\bl.tests.dll" id="508f3704-c424-772f-ef1f-1692c9a1a889">
      <Execution id="82bd35ee-3ff9-4314-87c3-b1687bea7801" />
      <TestMethod codeBase="C:\Users\alena\Desktop\7_sem\testing_and_debugging\SkiResort\BL.Tests\bin\Debug\net6.0\BL.Tests.dll" adapterTypeName="executor://xunit/VsTestRunner2/netcoreapp" className="BL.Tests.SlopesServiceTest" name="TestAdminAddAutoIncrementSlopeAsync" />
    </UnitTest>
    <UnitTest name="BL.Tests.UsersServiceTests.TestRegisterOk" storage="c:\users\alena\desktop\7_sem\testing_and_debugging\skiresort\bl.tests\bin\debug\net6.0\bl.tests.dll" id="0eeef75f-6e38-7893-a8fe-cff3e0a970a7">
      <Execution id="6511583b-8734-42d6-8254-b03db907dc77" />
      <TestMethod codeBase="C:\Users\alena\Desktop\7_sem\testing_and_debugging\SkiResort\BL.Tests\bin\Debug\net6.0\BL.Tests.dll" adapterTypeName="executor://xunit/VsTestRunner2/netcoreapp" className="BL.Tests.UsersServiceTests" name="TestRegisterOk" />
    </UnitTest>
    <UnitTest name="BL.Tests.CheckPermissionsServiceTests.AuthorizedHasAccessToAuthorizedFunctions(functionName: &quot;SendMessageAsync&quot;)" storage="c:\users\alena\desktop\7_sem\testing_and_debugging\skiresort\bl.tests\bin\debug\net6.0\bl.tests.dll" id="644ec43e-70cd-c82d-42e7-0d990be1414d">
      <Execution id="57c19163-bdb5-480e-829d-0a68a5aed652" />
      <TestMethod codeBase="C:\Users\alena\Desktop\7_sem\testing_and_debugging\SkiResort\BL.Tests\bin\Debug\net6.0\BL.Tests.dll" adapterTypeName="executor://xunit/VsTestRunner2/netcoreapp" className="BL.Tests.CheckPermissionsServiceTests" name="AuthorizedHasAccessToAuthorizedFunctions" />
    </UnitTest>
    <UnitTest name="BL.Tests.CheckPermissionsServiceTests.UnauthorizedHasNoAccessToAuthorizedFunctions(functionName: &quot;LogOutAsync&quot;)" storage="c:\users\alena\desktop\7_sem\testing_and_debugging\skiresort\bl.tests\bin\debug\net6.0\bl.tests.dll" id="fa960c5e-f989-2880-784e-8efe538c5231">
      <Execution id="ecab3b55-ccbd-462e-8eec-de9f71b5d53b" />
      <TestMethod codeBase="C:\Users\alena\Desktop\7_sem\testing_and_debugging\SkiResort\BL.Tests\bin\Debug\net6.0\BL.Tests.dll" adapterTypeName="executor://xunit/VsTestRunner2/netcoreapp" className="BL.Tests.CheckPermissionsServiceTests" name="UnauthorizedHasNoAccessToAuthorizedFunctions" />
    </UnitTest>
    <UnitTest name="BL.Tests.CheckPermissionsServiceTests.UnauthorizedHasNoAccessToAuthorizedFunctions(functionName: &quot;SendMessageAsync&quot;)" storage="c:\users\alena\desktop\7_sem\testing_and_debugging\skiresort\bl.tests\bin\debug\net6.0\bl.tests.dll" id="eaabd2fc-2f4b-5689-59c8-c7ad34a8f634">
      <Execution id="8db79000-af7c-457f-ac8b-b8bc5974c331" />
      <TestMethod codeBase="C:\Users\alena\Desktop\7_sem\testing_and_debugging\SkiResort\BL.Tests\bin\Debug\net6.0\BL.Tests.dll" adapterTypeName="executor://xunit/VsTestRunner2/netcoreapp" className="BL.Tests.CheckPermissionsServiceTests" name="UnauthorizedHasNoAccessToAuthorizedFunctions" />
    </UnitTest>
    <UnitTest name="BL.Tests.UsersServiceTests.TestRegisterUserWithRepeatedEmail" storage="c:\users\alena\desktop\7_sem\testing_and_debugging\skiresort\bl.tests\bin\debug\net6.0\bl.tests.dll" id="894941c1-bfa7-d8f9-c047-1e1ceefe2c2f">
      <Execution id="b03e3c58-38f7-4836-b5ec-c9d2c099275a" />
      <TestMethod codeBase="C:\Users\alena\Desktop\7_sem\testing_and_debugging\SkiResort\BL.Tests\bin\Debug\net6.0\BL.Tests.dll" adapterTypeName="executor://xunit/VsTestRunner2/netcoreapp" className="BL.Tests.UsersServiceTests" name="TestRegisterUserWithRepeatedEmail" />
    </UnitTest>
    <UnitTest name="BL.Tests.SlopesServiceTest.TestAdminDeleteSlopeAsync(userID: 157, slope: Slope { SlopeID = 236, SlopeName = slopeName8c32ccec-043b-4a8c-80bc-ae7990491e16, IsOpen = True, DifficultyLevel = 4, ConnectedLifts =  }, checkPermissionServiceMock: Mock&lt;ICheckPermissionService:9&gt;, slopesRepositoryStub: Mock&lt;ISlopesRepository:7&gt;, liftsSlopesRepositoryStub: Mock&lt;ILiftsSlopesRepository:12&gt;, sut: SlopesService { })" storage="c:\users\alena\desktop\7_sem\testing_and_debugging\skiresort\bl.tests\bin\debug\net6.0\bl.tests.dll" id="25998e4a-3178-d366-e968-0e836b73591a">
      <Execution id="05ec71bf-596c-47c0-b025-efa3eae9a44e" />
      <TestMethod codeBase="C:\Users\alena\Desktop\7_sem\testing_and_debugging\SkiResort\BL.Tests\bin\Debug\net6.0\BL.Tests.dll" adapterTypeName="executor://xunit/VsTestRunner2/netcoreapp" className="BL.Tests.SlopesServiceTest" name="TestAdminDeleteSlopeAsync" />
    </UnitTest>
    <UnitTest name="BL.Tests.LiftsServiceTest.TestGetLiftsInfoAsync(userID: 19, initialLifts: [Lift { LiftID = 175, LiftName = liftName3827d994-c3ed-4e23-a0a5-3ae56aa8b7be, IsOpen = True, SeatsAmount = 9, LiftingTime = 222, QueueTime = 214, ConnectedSlopes =  }, Lift { LiftID = 23, LiftName = liftName951613f6-3f07-4291-af15-64f6749be58e, IsOpen = False, SeatsAmount = 220, LiftingTime = 165, QueueTime = 176, ConnectedSlopes =  }, Lift { LiftID = 192, LiftName =..." storage="c:\users\alena\desktop\7_sem\testing_and_debugging\skiresort\bl.tests\bin\debug\net6.0\bl.tests.dll" id="97eca814-002a-1a3a-342f-47fc1b00104a">
      <Execution id="05db2d28-8319-47ed-8467-e88beb943d56" />
      <TestMethod codeBase="C:\Users\alena\Desktop\7_sem\testing_and_debugging\SkiResort\BL.Tests\bin\Debug\net6.0\BL.Tests.dll" adapterTypeName="executor://xunit/VsTestRunner2/netcoreapp" className="BL.Tests.LiftsServiceTest" name="TestGetLiftsInfoAsync" />
    </UnitTest>
    <UnitTest name="BL.Tests.UsersServiceTests.TestRegisterUserWithNoEmail" storage="c:\users\alena\desktop\7_sem\testing_and_debugging\skiresort\bl.tests\bin\debug\net6.0\bl.tests.dll" id="8184bd30-991c-b78d-b4ec-99a485eac0dd">
      <Execution id="e13bf6e9-a827-43e5-bd57-03b8bf5f8f9b" />
      <TestMethod codeBase="C:\Users\alena\Desktop\7_sem\testing_and_debugging\SkiResort\BL.Tests\bin\Debug\net6.0\BL.Tests.dll" adapterTypeName="executor://xunit/VsTestRunner2/netcoreapp" className="BL.Tests.UsersServiceTests" name="TestRegisterUserWithNoEmail" />
    </UnitTest>
    <UnitTest name="BL.Tests.LiftsServiceTest.TestAdminAddAutoIncrementLiftAsync(userID: 149, lift: Lift { LiftID = 6, LiftName = liftName122f8def-df52-405c-a596-e2217813ff5f, IsOpen = True, SeatsAmount = 121, LiftingTime = 117, QueueTime = 122, ConnectedSlopes =  }, checkPermissionServiceMock: Mock&lt;ICheckPermissionService:5&gt;, liftsRepositoryStub: Mock&lt;ILiftsRepository:5&gt;, sut: LiftsService { })" storage="c:\users\alena\desktop\7_sem\testing_and_debugging\skiresort\bl.tests\bin\debug\net6.0\bl.tests.dll" id="3b37c310-95f6-9daa-2a30-9f328c6bd7f1">
      <Execution id="c523f7a9-e153-4c12-b2bc-256ed8b28085" />
      <TestMethod codeBase="C:\Users\alena\Desktop\7_sem\testing_and_debugging\SkiResort\BL.Tests\bin\Debug\net6.0\BL.Tests.dll" adapterTypeName="executor://xunit/VsTestRunner2/netcoreapp" className="BL.Tests.LiftsServiceTest" name="TestAdminAddAutoIncrementLiftAsync" />
    </UnitTest>
  </TestDefinitions>
  <TestEntries>
    <TestEntry testId="25998e4a-3178-d366-e968-0e836b73591a" executionId="05ec71bf-596c-47c0-b025-efa3eae9a44e" testListId="8c84fa94-04c1-424b-9868-57a2d4851a1d" />
    <TestEntry testId="28790365-a939-208f-f603-cd0e17395c3b" executionId="8fb5f35c-452e-410a-b660-3a6cd0dfb3c2" testListId="8c84fa94-04c1-424b-9868-57a2d4851a1d" />
    <TestEntry testId="9c7df5e2-1b23-ebea-889f-b78ca86b60ab" executionId="72637280-edd9-40b6-85b9-a9c17195f0d2" testListId="8c84fa94-04c1-424b-9868-57a2d4851a1d" />
    <TestEntry testId="a2e59116-cb53-1d70-9cb8-21c286516866" executionId="e9d0ceb2-2e75-4d18-b4fb-8cccfb044509" testListId="8c84fa94-04c1-424b-9868-57a2d4851a1d" />
    <TestEntry testId="20ad8570-0170-85de-dcd7-2f109dd7bcd6" executionId="e77b4708-9afe-4358-a384-5b5c92949ad2" testListId="8c84fa94-04c1-424b-9868-57a2d4851a1d" />
    <TestEntry testId="f44a1b21-8efc-bfac-63b4-d534442def31" executionId="a6a17c58-1dec-4c8d-8094-02961349bb43" testListId="8c84fa94-04c1-424b-9868-57a2d4851a1d" />
    <TestEntry testId="3b37c310-95f6-9daa-2a30-9f328c6bd7f1" executionId="c523f7a9-e153-4c12-b2bc-256ed8b28085" testListId="8c84fa94-04c1-424b-9868-57a2d4851a1d" />
    <TestEntry testId="e2d7e5be-3dae-33ae-fb17-c704b6fd58d6" executionId="c1ef60b3-82e7-4573-a416-d3672de2c175" testListId="8c84fa94-04c1-424b-9868-57a2d4851a1d" />
    <TestEntry testId="35598624-5e48-2b48-00c7-671a52aee976" executionId="9467932c-5682-4d88-8a87-d4b4ba9207e7" testListId="8c84fa94-04c1-424b-9868-57a2d4851a1d" />
    <TestEntry testId="fa960c5e-f989-2880-784e-8efe538c5231" executionId="ecab3b55-ccbd-462e-8eec-de9f71b5d53b" testListId="8c84fa94-04c1-424b-9868-57a2d4851a1d" />
    <TestEntry testId="69340bb6-3645-f9dd-971e-29d8b2a009bb" executionId="2a488916-bc56-4e4c-b0e3-0b94e37e6573" testListId="8c84fa94-04c1-424b-9868-57a2d4851a1d" />
    <TestEntry testId="d57398e3-c369-2c28-f641-5c76a8f5b146" executionId="b33733ec-7db1-44ec-892a-b1c911ba5854" testListId="8c84fa94-04c1-424b-9868-57a2d4851a1d" />
    <TestEntry testId="a19a5fcf-c5d2-7d44-5d7d-84403042f4e0" executionId="307e8e7e-1960-464e-bc4a-e268815a76a9" testListId="8c84fa94-04c1-424b-9868-57a2d4851a1d" />
    <TestEntry testId="06d0bc3a-24a0-fb7f-4277-e9ae6d21c7dd" executionId="3496808f-740a-469c-a1e4-f7a32df1ff74" testListId="8c84fa94-04c1-424b-9868-57a2d4851a1d" />
    <TestEntry testId="0eeef75f-6e38-7893-a8fe-cff3e0a970a7" executionId="6511583b-8734-42d6-8254-b03db907dc77" testListId="8c84fa94-04c1-424b-9868-57a2d4851a1d" />
    <TestEntry testId="2d706594-f2b3-b3c8-21d4-86c9798c3306" executionId="9b9e86a6-909a-46f9-8b76-58b18087ded4" testListId="8c84fa94-04c1-424b-9868-57a2d4851a1d" />
    <TestEntry testId="4f297306-d4f3-8d63-e7f4-1ac0b8c58c74" executionId="88d07bd2-121f-4360-b05d-c446e6bd0038" testListId="8c84fa94-04c1-424b-9868-57a2d4851a1d" />
    <TestEntry testId="c2d1be2b-65dc-dc6b-a3ea-49f49ae988a8" executionId="001f1974-00b2-4280-85a7-f1d42626b08d" testListId="8c84fa94-04c1-424b-9868-57a2d4851a1d" />
    <TestEntry testId="1ca07ad8-f799-c5d4-e7cc-34fd950198a2" executionId="52c10048-b68d-4d6b-b6ce-893b34ceafa9" testListId="8c84fa94-04c1-424b-9868-57a2d4851a1d" />
    <TestEntry testId="2602613f-c8e2-a6d9-fcf7-5b27d4a770a6" executionId="3a108628-d760-4c47-bf82-2716c518d94a" testListId="8c84fa94-04c1-424b-9868-57a2d4851a1d" />
    <TestEntry testId="aa28a6b3-21d3-aa45-24d3-bef2facbc899" executionId="378ef339-b936-485f-b2e1-b9cee38b4947" testListId="8c84fa94-04c1-424b-9868-57a2d4851a1d" />
    <TestEntry testId="508f3704-c424-772f-ef1f-1692c9a1a889" executionId="82bd35ee-3ff9-4314-87c3-b1687bea7801" testListId="8c84fa94-04c1-424b-9868-57a2d4851a1d" />
    <TestEntry testId="229812f5-9a73-5335-11f5-31330d1348a5" executionId="413e15c0-df29-4f5e-87cb-8e933465dcce" testListId="8c84fa94-04c1-424b-9868-57a2d4851a1d" />
    <TestEntry testId="7afef5c2-020e-93a0-757c-a2774d5eb93f" executionId="4603aa38-b272-4056-899a-0e624c184348" testListId="8c84fa94-04c1-424b-9868-57a2d4851a1d" />
    <TestEntry testId="73794395-02a3-7376-70e8-c8503ed8fbe6" executionId="b6d81354-dcdb-4080-bc1e-a99f380bc71c" testListId="8c84fa94-04c1-424b-9868-57a2d4851a1d" />
    <TestEntry testId="387c9729-48c1-486e-5e67-f5d11a9f0db8" executionId="7b2e98d8-da89-457a-80ae-bd1e73ad76ab" testListId="8c84fa94-04c1-424b-9868-57a2d4851a1d" />
    <TestEntry testId="644ec43e-70cd-c82d-42e7-0d990be1414d" executionId="57c19163-bdb5-480e-829d-0a68a5aed652" testListId="8c84fa94-04c1-424b-9868-57a2d4851a1d" />
    <TestEntry testId="d5fa6f2e-214b-6f14-3813-4a12dfacdb0d" executionId="5a455d0d-4bd4-4727-8649-19730bf890e9" testListId="8c84fa94-04c1-424b-9868-57a2d4851a1d" />
    <TestEntry testId="03d63459-7b58-3705-3389-594e69dc4971" executionId="ffc84a55-798b-41ee-acc7-23da292c04d1" testListId="8c84fa94-04c1-424b-9868-57a2d4851a1d" />
    <TestEntry testId="f3efc418-a8a6-c7b7-9bac-90b33aa8472f" executionId="ad2ba898-c941-4ec6-9cab-f0383a79f1b0" testListId="8c84fa94-04c1-424b-9868-57a2d4851a1d" />
    <TestEntry testId="18fa8c62-e27d-e1fc-8182-4d7db62b008d" executionId="a5719116-b7c6-4882-a68b-ed430378c03a" testListId="8c84fa94-04c1-424b-9868-57a2d4851a1d" />
    <TestEntry testId="16ce60c0-24e9-68b4-436c-5e8905d21bbc" executionId="c1182dbb-20cf-4830-b908-35617fb28947" testListId="8c84fa94-04c1-424b-9868-57a2d4851a1d" />
    <TestEntry testId="47da674e-21f8-9382-7d73-b5d7e53b6f18" executionId="39f4ca13-ae4a-40df-ae6b-bc88f7e883b4" testListId="8c84fa94-04c1-424b-9868-57a2d4851a1d" />
    <TestEntry testId="8184bd30-991c-b78d-b4ec-99a485eac0dd" executionId="e13bf6e9-a827-43e5-bd57-03b8bf5f8f9b" testListId="8c84fa94-04c1-424b-9868-57a2d4851a1d" />
    <TestEntry testId="492c0393-35b4-df26-a537-21ca08302f3c" executionId="b8c27aa0-96b0-4be0-a7f3-67e71aa82c59" testListId="8c84fa94-04c1-424b-9868-57a2d4851a1d" />
    <TestEntry testId="e5497347-2721-b7a6-0bd4-69a9921f6947" executionId="a4f2e8ba-bb82-4162-8e38-b41bf26f12a8" testListId="8c84fa94-04c1-424b-9868-57a2d4851a1d" />
    <TestEntry testId="af1f5d26-e448-ba2b-6d81-0dce5fe94216" executionId="946066e5-4fa6-4731-a631-33968222576a" testListId="8c84fa94-04c1-424b-9868-57a2d4851a1d" />
    <TestEntry testId="834c739b-eca4-b36d-6a66-5a1bd75377b8" executionId="5b3f768c-81eb-4ea7-9370-eab0431c1fde" testListId="8c84fa94-04c1-424b-9868-57a2d4851a1d" />
    <TestEntry testId="ec592251-02d0-df33-ca0c-5e1506020b4c" executionId="9e89024a-bc44-40ca-a1c2-d37eedbfe93b" testListId="8c84fa94-04c1-424b-9868-57a2d4851a1d" />
    <TestEntry testId="97eca814-002a-1a3a-342f-47fc1b00104a" executionId="05db2d28-8319-47ed-8467-e88beb943d56" testListId="8c84fa94-04c1-424b-9868-57a2d4851a1d" />
    <TestEntry testId="60bd668f-04df-da5e-b79b-5d9aedb5234d" executionId="f01db222-d42f-48a8-ac98-d24c7fa28cd0" testListId="8c84fa94-04c1-424b-9868-57a2d4851a1d" />
    <TestEntry testId="eaabd2fc-2f4b-5689-59c8-c7ad34a8f634" executionId="8db79000-af7c-457f-ac8b-b8bc5974c331" testListId="8c84fa94-04c1-424b-9868-57a2d4851a1d" />
    <TestEntry testId="c36970dc-93f7-753e-fa47-157133b01644" executionId="e1a60785-2ab0-46b4-ac32-26d08ef4f19b" testListId="8c84fa94-04c1-424b-9868-57a2d4851a1d" />
    <TestEntry testId="39be9b5e-0bc4-57dc-37d3-aec6b520299d" executionId="c1eaf1a7-4052-4017-9875-0aa8339abf6d" testListId="8c84fa94-04c1-424b-9868-57a2d4851a1d" />
    <TestEntry testId="4192076a-a79a-b9c7-d74d-6a12d1cdcd50" executionId="49d86101-a5f4-4361-8371-15f96ba2d108" testListId="8c84fa94-04c1-424b-9868-57a2d4851a1d" />
    <TestEntry testId="894941c1-bfa7-d8f9-c047-1e1ceefe2c2f" executionId="b03e3c58-38f7-4836-b5ec-c9d2c099275a" testListId="8c84fa94-04c1-424b-9868-57a2d4851a1d" />
    <TestEntry testId="c2f0ddd1-1168-41dc-95f5-9731b4d4a3dd" executionId="73363ed9-bb2e-4636-a965-f32f4b33d008" testListId="8c84fa94-04c1-424b-9868-57a2d4851a1d" />
  </TestEntries>
  <TestLists>
    <TestList name="Список результатов" id="8c84fa94-04c1-424b-9868-57a2d4851a1d" />
    <TestList name="Все загруженные результаты" id="19431567-8539-422a-85d7-44ee4e166bda" />
  </TestLists>
  <ResultSummary outcome="Completed">
    <Counters total="47" executed="47" passed="47" failed="0" error="0" timeout="0" aborted="0" inconclusive="0" passedButRunAborted="0" notRunnable="0" notExecuted="0" disconnected="0" warning="0" completed="0" inProgress="0" pending="0" />
    <Output>
      <StdOut>[xUnit.net 00:00:00.00] xUnit.net VSTest Adapter v2.4.5+1caef2f33e (64-bit .NET 6.0.3)&#xD;
[xUnit.net 00:00:00.86]   Discovering: BL.Tests&#xD;
[xUnit.net 00:00:01.14]   Discovered:  BL.Tests&#xD;
[xUnit.net 00:00:01.15]   Starting:    BL.Tests&#xD;
[xUnit.net 00:00:01.47]   Finished:    BL.Tests&#xD;
</StdOut>
    </Output>
  </ResultSummary>
</TestRun>