<?xml version="1.0" encoding="utf-8"?>
<TestRun id="be1ab312-b373-4bc2-a075-39fc402e0b17" name="alena@DESKTOP-TJ9D65N 2022-10-10 16:55:49" runUser="DESKTOP-TJ9D65N\alena" xmlns="http://microsoft.com/schemas/VisualStudio/TeamTest/2010">
  <Times creation="2022-10-10T16:55:49.0815325+03:00" queuing="2022-10-10T16:55:49.0815328+03:00" start="2022-10-10T16:55:47.4736873+03:00" finish="2022-10-10T16:55:49.1369283+03:00" />
  <TestSettings name="default" id="0cb32455-0b42-4bc0-bdbc-8b55de74c636">
    <Deployment runDeploymentRoot="alena_DESKTOP-TJ9D65N_2022-10-10_16_55_49" />
  </TestSettings>
  <Results>
    <UnitTestResult executionId="123171d9-d395-4554-9ffc-7b88f7c7cac9" testId="b9281a2d-ed8b-16db-bc52-099ac9664af1" testName="BL.Tests.SlopesServiceTest.TestAdminDeleteSlopeAsync(userID: 44, slope: Slope { SlopeID = 92, SlopeName = slopeName93259379-91ee-449e-8ebe-3b5db59d0e6b, IsOpen = True, DifficultyLevel = 36, ConnectedLifts =  }, checkPermissionServiceMock: Mock&lt;ICheckPermissionService:9&gt;, slopesRepositoryMock: Mock&lt;ISlopesRepository:4&gt;, liftsSlopesRepositoryMock: Mock&lt;ILiftsSlopesRepository:9&gt;, sut: SlopesService { })" computerName="DESKTOP-TJ9D65N" duration="00:00:00.0054284" startTime="2022-10-10T16:55:49.0549365+03:00" endTime="2022-10-10T16:55:49.0549366+03:00" testType="13cdc9d9-ddb5-4fa4-a97d-d965ccfc6d4b" outcome="Passed" testListId="8c84fa94-04c1-424b-9868-57a2d4851a1d" relativeResultsDirectory="123171d9-d395-4554-9ffc-7b88f7c7cac9" />
    <UnitTestResult executionId="8eacad5e-31de-4b79-b9a4-c85bdc33c2e2" testId="c36970dc-93f7-753e-fa47-157133b01644" testName="BL.Tests.CheckPermissionsServiceTests.SkiPatrolHasAccessToAdminSkiPatrolFunctions(functionName: &quot;GetMessagesAsync&quot;)" computerName="DESKTOP-TJ9D65N" duration="00:00:00.0010755" startTime="2022-10-10T16:55:49.0336080+03:00" endTime="2022-10-10T16:55:49.0336080+03:00" testType="13cdc9d9-ddb5-4fa4-a97d-d965ccfc6d4b" outcome="Passed" testListId="8c84fa94-04c1-424b-9868-57a2d4851a1d" relativeResultsDirectory="8eacad5e-31de-4b79-b9a4-c85bdc33c2e2" />
    <UnitTestResult executionId="5b915e28-098e-47b1-a097-d2451d0a0a2d" testId="2d706594-f2b3-b3c8-21d4-86c9798c3306" testName="BL.Tests.CheckPermissionsServiceTests.SkiPatrolHasAccessToAdminSkiPatrolFunctions(functionName: &quot;GetLiftsSlopesInfoAsync&quot;)" computerName="DESKTOP-TJ9D65N" duration="00:00:00.0046441" startTime="2022-10-10T16:55:49.0323810+03:00" endTime="2022-10-10T16:55:49.0323811+03:00" testType="13cdc9d9-ddb5-4fa4-a97d-d965ccfc6d4b" outcome="Passed" testListId="8c84fa94-04c1-424b-9868-57a2d4851a1d" relativeResultsDirectory="5b915e28-098e-47b1-a097-d2451d0a0a2d" />
    <UnitTestResult executionId="5c489eae-e845-4ef8-b1e3-69968e47d833" testId="834c739b-eca4-b36d-6a66-5a1bd75377b8" testName="BL.Tests.UsersServiceTests.TestAdminAddAutoIncrementUser" computerName="DESKTOP-TJ9D65N" duration="00:00:00.0073234" startTime="2022-10-10T16:55:49.0431039+03:00" endTime="2022-10-10T16:55:49.0431040+03:00" testType="13cdc9d9-ddb5-4fa4-a97d-d965ccfc6d4b" outcome="Passed" testListId="8c84fa94-04c1-424b-9868-57a2d4851a1d" relativeResultsDirectory="5c489eae-e845-4ef8-b1e3-69968e47d833" />
    <UnitTestResult executionId="f9709263-bee6-4ded-8e18-0ae9bcde27c7" testId="fa960c5e-f989-2880-784e-8efe538c5231" testName="BL.Tests.CheckPermissionsServiceTests.UnauthorizedHasNoAccessToAuthorizedFunctions(functionName: &quot;LogOutAsync&quot;)" computerName="DESKTOP-TJ9D65N" duration="00:00:00.0014300" startTime="2022-10-10T16:55:49.0322580+03:00" endTime="2022-10-10T16:55:49.0322581+03:00" testType="13cdc9d9-ddb5-4fa4-a97d-d965ccfc6d4b" outcome="Passed" testListId="8c84fa94-04c1-424b-9868-57a2d4851a1d" relativeResultsDirectory="f9709263-bee6-4ded-8e18-0ae9bcde27c7" />
    <UnitTestResult executionId="97d9c98f-7501-437f-9240-2297d7d321e7" testId="18fa8c62-e27d-e1fc-8182-4d7db62b008d" testName="BL.Tests.UsersServiceTests.TestAdminDeleteUser" computerName="DESKTOP-TJ9D65N" duration="00:00:00.0030887" startTime="2022-10-10T16:55:49.0563457+03:00" endTime="2022-10-10T16:55:49.0563457+03:00" testType="13cdc9d9-ddb5-4fa4-a97d-d965ccfc6d4b" outcome="Passed" testListId="8c84fa94-04c1-424b-9868-57a2d4851a1d" relativeResultsDirectory="97d9c98f-7501-437f-9240-2297d7d321e7" />
    <UnitTestResult executionId="d025cb36-82af-4afd-8a36-c122783dcfd5" testId="3643413d-264f-1069-01df-b1f63dcac9d6" testName="BL.Tests.SlopesServiceTest.TestAdminAddAutoIncrementSlopeAsync(userID: 77, slope: Slope { SlopeID = 111, SlopeName = slopeName035a2b1d-36b6-411e-a9bb-ab409aad65b9, IsOpen = True, DifficultyLevel = 24, ConnectedLifts =  }, checkPermissionServiceMock: Mock&lt;ICheckPermissionService:10&gt;, slopesRepositoryMock: Mock&lt;ISlopesRepository:5&gt;, sut: SlopesService { })" computerName="DESKTOP-TJ9D65N" duration="00:00:00.0148160" startTime="2022-10-10T16:55:49.0321451+03:00" endTime="2022-10-10T16:55:49.0321452+03:00" testType="13cdc9d9-ddb5-4fa4-a97d-d965ccfc6d4b" outcome="Passed" testListId="8c84fa94-04c1-424b-9868-57a2d4851a1d" relativeResultsDirectory="d025cb36-82af-4afd-8a36-c122783dcfd5" />
    <UnitTestResult executionId="dd4ba7cf-26cc-4a54-8ca9-7de6d9e1f0c3" testId="e5497347-2721-b7a6-0bd4-69a9921f6947" testName="BL.Tests.UsersServiceTests.TestAdminGetUserByIDAsync" computerName="DESKTOP-TJ9D65N" duration="00:00:00.0042904" startTime="2022-10-10T16:55:49.0508510+03:00" endTime="2022-10-10T16:55:49.0508512+03:00" testType="13cdc9d9-ddb5-4fa4-a97d-d965ccfc6d4b" outcome="Passed" testListId="8c84fa94-04c1-424b-9868-57a2d4851a1d" relativeResultsDirectory="dd4ba7cf-26cc-4a54-8ca9-7de6d9e1f0c3" />
    <UnitTestResult executionId="a10b5d0b-eced-4643-a1f1-abf90e92cd8f" testId="608662cc-1e16-fc05-46af-0f45045f7dcd" testName="BL.Tests.SlopesServiceTest.TestGetSlopeInfoAsync(userID: 251, slope: Slope { SlopeID = 17, SlopeName = slopeName5ea80336-d32b-499d-82c0-f8479dfc04aa, IsOpen = True, DifficultyLevel = 134, ConnectedLifts =  }, checkPermissionServiceMock: Mock&lt;ICheckPermissionService:6&gt;, slopesRepositoryMock: Mock&lt;ISlopesRepository:1&gt;, liftsSlopesRepositoryMock: Mock&lt;ILiftsSlopesRepository:6&gt;, sut: SlopesService { })" computerName="DESKTOP-TJ9D65N" duration="00:00:00.0064070" startTime="2022-10-10T16:55:49.0399325+03:00" endTime="2022-10-10T16:55:49.0399326+03:00" testType="13cdc9d9-ddb5-4fa4-a97d-d965ccfc6d4b" outcome="Passed" testListId="8c84fa94-04c1-424b-9868-57a2d4851a1d" relativeResultsDirectory="a10b5d0b-eced-4643-a1f1-abf90e92cd8f" />
    <UnitTestResult executionId="4dccff44-1ce8-42ae-a34a-ec05d7a58479" testId="650d2714-b3a5-0b42-e18f-bb92d0ded6de" testName="BL.Tests.LiftsServiceTest.TestGetLiftInfoAsync(userID: 118, lift: Lift { LiftID = 73, LiftName = liftNamed2dca348-0dc9-49f2-9feb-c0e09ef1ee3a, IsOpen = True, SeatsAmount = 88, LiftingTime = 48, QueueTime = 108, ConnectedSlopes =  }, checkPermissionServiceMock: Mock&lt;ICheckPermissionService:1&gt;, liftsRepositoryMock: Mock&lt;ILiftsRepository:1&gt;, liftsSlopesRepositoryMock: Mock&lt;ILiftsSlopesRepository:1&gt;, sut: LiftsService { })" computerName="DESKTOP-TJ9D65N" duration="00:00:00.0355810" startTime="2022-10-10T16:55:48.9639405+03:00" endTime="2022-10-10T16:55:48.9639406+03:00" testType="13cdc9d9-ddb5-4fa4-a97d-d965ccfc6d4b" outcome="Passed" testListId="8c84fa94-04c1-424b-9868-57a2d4851a1d" relativeResultsDirectory="4dccff44-1ce8-42ae-a34a-ec05d7a58479" />
    <UnitTestResult executionId="591e43e8-f148-44b1-87ce-c31d09d5d662" testId="1ca07ad8-f799-c5d4-e7cc-34fd950198a2" testName="BL.Tests.UsersServiceTests.TestLogInOk" computerName="DESKTOP-TJ9D65N" duration="00:00:00.0030566" startTime="2022-10-10T16:55:49.0342419+03:00" endTime="2022-10-10T16:55:49.0342420+03:00" testType="13cdc9d9-ddb5-4fa4-a97d-d965ccfc6d4b" outcome="Passed" testListId="8c84fa94-04c1-424b-9868-57a2d4851a1d" relativeResultsDirectory="591e43e8-f148-44b1-87ce-c31d09d5d662" />
    <UnitTestResult executionId="4ac0f3b4-7617-4126-9e19-b945b9b4f0fc" testId="229812f5-9a73-5335-11f5-31330d1348a5" testName="BL.Tests.CheckPermissionsServiceTests.UnauthorizedHasNoAccessToAdminSkiPatrolFunctions(functionName: &quot;GetMessagesAsync&quot;)" computerName="DESKTOP-TJ9D65N" duration="00:00:00.0013293" startTime="2022-10-10T16:55:49.0316001+03:00" endTime="2022-10-10T16:55:49.0316003+03:00" testType="13cdc9d9-ddb5-4fa4-a97d-d965ccfc6d4b" outcome="Passed" testListId="8c84fa94-04c1-424b-9868-57a2d4851a1d" relativeResultsDirectory="4ac0f3b4-7617-4126-9e19-b945b9b4f0fc" />
    <UnitTestResult executionId="725a64d7-3a10-451f-bff8-d6d5d73a8849" testId="4f297306-d4f3-8d63-e7f4-1ac0b8c58c74" testName="BL.Tests.CheckPermissionsServiceTests.AuthorizedHasNoAccessToAdminSkiPatrolFunctions(functionName: &quot;GetLiftsSlopesInfoAsync&quot;)" computerName="DESKTOP-TJ9D65N" duration="00:00:00.0011221" startTime="2022-10-10T16:55:49.0383281+03:00" endTime="2022-10-10T16:55:49.0383282+03:00" testType="13cdc9d9-ddb5-4fa4-a97d-d965ccfc6d4b" outcome="Passed" testListId="8c84fa94-04c1-424b-9868-57a2d4851a1d" relativeResultsDirectory="725a64d7-3a10-451f-bff8-d6d5d73a8849" />
    <UnitTestResult executionId="c82980af-7937-45ab-99a9-b1bc8f0ceaa4" testId="20ad8570-0170-85de-dcd7-2f109dd7bcd6" testName="BL.Tests.UsersServiceTests.TestAdminGetUsers" computerName="DESKTOP-TJ9D65N" duration="00:00:00.0389401" startTime="2022-10-10T16:55:48.9640383+03:00" endTime="2022-10-10T16:55:48.9640383+03:00" testType="13cdc9d9-ddb5-4fa4-a97d-d965ccfc6d4b" outcome="Passed" testListId="8c84fa94-04c1-424b-9868-57a2d4851a1d" relativeResultsDirectory="c82980af-7937-45ab-99a9-b1bc8f0ceaa4" />
    <UnitTestResult executionId="3eb4be07-f44c-4eb0-892e-2010294c283e" testId="f3efc418-a8a6-c7b7-9bac-90b33aa8472f" testName="BL.Tests.CheckPermissionsServiceTests.AdminHasAccessToAllFunctions" computerName="DESKTOP-TJ9D65N" duration="00:00:00.0022350" startTime="2022-10-10T16:55:49.0631414+03:00" endTime="2022-10-10T16:55:49.0631416+03:00" testType="13cdc9d9-ddb5-4fa4-a97d-d965ccfc6d4b" outcome="Passed" testListId="8c84fa94-04c1-424b-9868-57a2d4851a1d" relativeResultsDirectory="3eb4be07-f44c-4eb0-892e-2010294c283e" />
    <UnitTestResult executionId="649d5f79-0b27-443f-b522-c8e36b92faab" testId="492c0393-35b4-df26-a537-21ca08302f3c" testName="BL.Tests.CheckPermissionsServiceTests.SkiPatrolHasNoAccessToAdminFunctions" computerName="DESKTOP-TJ9D65N" duration="00:00:00.0030193" startTime="2022-10-10T16:55:49.0584336+03:00" endTime="2022-10-10T16:55:49.0584338+03:00" testType="13cdc9d9-ddb5-4fa4-a97d-d965ccfc6d4b" outcome="Passed" testListId="8c84fa94-04c1-424b-9868-57a2d4851a1d" relativeResultsDirectory="649d5f79-0b27-443f-b522-c8e36b92faab" />
    <UnitTestResult executionId="cb7276f1-8811-421d-a798-b7e7b0129aa9" testId="8184bd30-991c-b78d-b4ec-99a485eac0dd" testName="BL.Tests.UsersServiceTests.TestRegisterUserWithNoEmail" computerName="DESKTOP-TJ9D65N" duration="00:00:00.0027259" startTime="2022-10-10T16:55:48.9873881+03:00" endTime="2022-10-10T16:55:48.9873882+03:00" testType="13cdc9d9-ddb5-4fa4-a97d-d965ccfc6d4b" outcome="Passed" testListId="8c84fa94-04c1-424b-9868-57a2d4851a1d" relativeResultsDirectory="cb7276f1-8811-421d-a798-b7e7b0129aa9" />
    <UnitTestResult executionId="6e9f6c04-a2d8-436e-8c4a-63963b814960" testId="833dd10e-a907-8f0a-5df9-601037cf8201" testName="BL.Tests.LiftsServiceTest.TestAdminAddAutoIncrementLiftAsync(userID: 239, lift: Lift { LiftID = 243, LiftName = liftName84e293eb-77d2-49d7-864a-fef7c878e84e, IsOpen = True, SeatsAmount = 113, LiftingTime = 160, QueueTime = 170, ConnectedSlopes =  }, checkPermissionServiceMock: Mock&lt;ICheckPermissionService:5&gt;, liftsRepositoryMock: Mock&lt;ILiftsRepository:5&gt;, sut: LiftsService { })" computerName="DESKTOP-TJ9D65N" duration="00:00:00.0079604" startTime="2022-10-10T16:55:49.0426870+03:00" endTime="2022-10-10T16:55:49.0426871+03:00" testType="13cdc9d9-ddb5-4fa4-a97d-d965ccfc6d4b" outcome="Passed" testListId="8c84fa94-04c1-424b-9868-57a2d4851a1d" relativeResultsDirectory="6e9f6c04-a2d8-436e-8c4a-63963b814960" />
    <UnitTestResult executionId="5765866d-68e4-44da-a78c-804d8b635384" testId="387c9729-48c1-486e-5e67-f5d11a9f0db8" testName="BL.Tests.CheckPermissionsServiceTests.UnauthorizedHasNoAccessToAdminSkiPatrolFunctions(functionName: &quot;GetLiftsSlopesInfoAsync&quot;)" computerName="DESKTOP-TJ9D65N" duration="00:00:00.0012871" startTime="2022-10-10T16:55:48.9858903+03:00" endTime="2022-10-10T16:55:48.9858905+03:00" testType="13cdc9d9-ddb5-4fa4-a97d-d965ccfc6d4b" outcome="Passed" testListId="8c84fa94-04c1-424b-9868-57a2d4851a1d" relativeResultsDirectory="5765866d-68e4-44da-a78c-804d8b635384" />
    <UnitTestResult executionId="7fd75146-9209-43ff-a52f-897ecbacc6f7" testId="60bd668f-04df-da5e-b79b-5d9aedb5234d" testName="BL.Tests.CheckPermissionsServiceTests.SkiPatrolHasAccessToAdminSkiPatrolFunctions(functionName: &quot;MarkMessageReadByUserAsync&quot;)" computerName="DESKTOP-TJ9D65N" duration="00:00:00.0010891" startTime="2022-10-10T16:55:49.0335575+03:00" endTime="2022-10-10T16:55:49.0335576+03:00" testType="13cdc9d9-ddb5-4fa4-a97d-d965ccfc6d4b" outcome="Passed" testListId="8c84fa94-04c1-424b-9868-57a2d4851a1d" relativeResultsDirectory="7fd75146-9209-43ff-a52f-897ecbacc6f7" />
    <UnitTestResult executionId="9d498d0b-3734-441c-833e-fae49b5fd329" testId="eaabd2fc-2f4b-5689-59c8-c7ad34a8f634" testName="BL.Tests.CheckPermissionsServiceTests.UnauthorizedHasNoAccessToAuthorizedFunctions(functionName: &quot;SendMessageAsync&quot;)" computerName="DESKTOP-TJ9D65N" duration="00:00:00.0027895" startTime="2022-10-10T16:55:49.0321178+03:00" endTime="2022-10-10T16:55:49.0321179+03:00" testType="13cdc9d9-ddb5-4fa4-a97d-d965ccfc6d4b" outcome="Passed" testListId="8c84fa94-04c1-424b-9868-57a2d4851a1d" relativeResultsDirectory="9d498d0b-3734-441c-833e-fae49b5fd329" />
    <UnitTestResult executionId="9190eea8-2d1f-4692-b9ac-be0596d410e3" testId="0eeef75f-6e38-7893-a8fe-cff3e0a970a7" testName="BL.Tests.UsersServiceTests.TestRegisterOk" computerName="DESKTOP-TJ9D65N" duration="00:00:00.0085400" startTime="2022-10-10T16:55:49.0336776+03:00" endTime="2022-10-10T16:55:49.0336777+03:00" testType="13cdc9d9-ddb5-4fa4-a97d-d965ccfc6d4b" outcome="Passed" testListId="8c84fa94-04c1-424b-9868-57a2d4851a1d" relativeResultsDirectory="9190eea8-2d1f-4692-b9ac-be0596d410e3" />
    <UnitTestResult executionId="112663e2-43ca-4b7f-820e-250776bf14b2" testId="894941c1-bfa7-d8f9-c047-1e1ceefe2c2f" testName="BL.Tests.UsersServiceTests.TestRegisterUserWithRepeatedEmail" computerName="DESKTOP-TJ9D65N" duration="00:00:00.0037728" startTime="2022-10-10T16:55:49.0321668+03:00" endTime="2022-10-10T16:55:49.0321669+03:00" testType="13cdc9d9-ddb5-4fa4-a97d-d965ccfc6d4b" outcome="Passed" testListId="8c84fa94-04c1-424b-9868-57a2d4851a1d" relativeResultsDirectory="112663e2-43ca-4b7f-820e-250776bf14b2" />
    <UnitTestResult executionId="caebb278-92c1-4a18-9a34-41373337337b" testId="a19a5fcf-c5d2-7d44-5d7d-84403042f4e0" testName="BL.Tests.CheckPermissionsServiceTests.UnauthorizedHasNoAccessToAdminSkiPatrolFunctions(functionName: &quot;MarkMessageReadByUserAsync&quot;)" computerName="DESKTOP-TJ9D65N" duration="00:00:00.0326542" startTime="2022-10-10T16:55:48.9591514+03:00" endTime="2022-10-10T16:55:48.9591860+03:00" testType="13cdc9d9-ddb5-4fa4-a97d-d965ccfc6d4b" outcome="Passed" testListId="8c84fa94-04c1-424b-9868-57a2d4851a1d" relativeResultsDirectory="caebb278-92c1-4a18-9a34-41373337337b" />
    <UnitTestResult executionId="79367e09-2384-4a4c-acca-489db01e3c63" testId="aa28a6b3-21d3-aa45-24d3-bef2facbc899" testName="BL.Tests.CheckPermissionsServiceTests.AuthorizedHasAccessToAuthorizedFunctions(functionName: &quot;LogOutAsync&quot;)" computerName="DESKTOP-TJ9D65N" duration="00:00:00.0011477" startTime="2022-10-10T16:55:49.0475124+03:00" endTime="2022-10-10T16:55:49.0475125+03:00" testType="13cdc9d9-ddb5-4fa4-a97d-d965ccfc6d4b" outcome="Passed" testListId="8c84fa94-04c1-424b-9868-57a2d4851a1d" relativeResultsDirectory="79367e09-2384-4a4c-acca-489db01e3c63" />
    <UnitTestResult executionId="e9eb5141-f01a-4335-bc48-ea85d72f7aa9" testId="2602613f-c8e2-a6d9-fcf7-5b27d4a770a6" testName="BL.Tests.CheckPermissionsServiceTests.AuthorizedHasNoAccessToAdminSkiPatrolFunctions(functionName: &quot;GetMessagesAsync&quot;)" computerName="DESKTOP-TJ9D65N" duration="00:00:00.0026419" startTime="2022-10-10T16:55:49.0342715+03:00" endTime="2022-10-10T16:55:49.0342715+03:00" testType="13cdc9d9-ddb5-4fa4-a97d-d965ccfc6d4b" outcome="Passed" testListId="8c84fa94-04c1-424b-9868-57a2d4851a1d" relativeResultsDirectory="e9eb5141-f01a-4335-bc48-ea85d72f7aa9" />
    <UnitTestResult executionId="3bac5a05-4501-4541-9e8a-f13cfc989d86" testId="e2d7e5be-3dae-33ae-fb17-c704b6fd58d6" testName="BL.Tests.CheckPermissionsServiceTests.UnauthorizedHasNoAccessToAdminFunctions" computerName="DESKTOP-TJ9D65N" duration="00:00:00.0028489" startTime="2022-10-10T16:55:49.0529903+03:00" endTime="2022-10-10T16:55:49.0529906+03:00" testType="13cdc9d9-ddb5-4fa4-a97d-d965ccfc6d4b" outcome="Passed" testListId="8c84fa94-04c1-424b-9868-57a2d4851a1d" relativeResultsDirectory="3bac5a05-4501-4541-9e8a-f13cfc989d86" />
    <UnitTestResult executionId="72fc9e84-51b6-4275-8ba0-023320ca0633" testId="9c7df5e2-1b23-ebea-889f-b78ca86b60ab" testName="BL.Tests.CheckPermissionsServiceTests.AuthorizedHasNoAccessToAdminSkiPatrolFunctions(functionName: &quot;MarkMessageReadByUserAsync&quot;)" computerName="DESKTOP-TJ9D65N" duration="00:00:00.0017989" startTime="2022-10-10T16:55:49.0351734+03:00" endTime="2022-10-10T16:55:49.0351735+03:00" testType="13cdc9d9-ddb5-4fa4-a97d-d965ccfc6d4b" outcome="Passed" testListId="8c84fa94-04c1-424b-9868-57a2d4851a1d" relativeResultsDirectory="72fc9e84-51b6-4275-8ba0-023320ca0633" />
    <UnitTestResult executionId="f72732e4-609d-4814-809a-e9e3b665061b" testId="531222da-a6ec-317a-a234-c669a492dcdc" testName="BL.Tests.SlopesServiceTest.TestUpdateSlopeInfoAsync(userID: 167, slope: Slope { SlopeID = 71, SlopeName = slopeName9432ad97-ac28-47a1-8d00-1800c89fea05, IsOpen = True, DifficultyLevel = 78, ConnectedLifts =  }, checkPermissionServiceMock: Mock&lt;ICheckPermissionService:8&gt;, slopesRepositoryMock: Mock&lt;ISlopesRepository:3&gt;, sut: SlopesService { })" computerName="DESKTOP-TJ9D65N" duration="00:00:00.0343041" startTime="2022-10-10T16:55:48.9639883+03:00" endTime="2022-10-10T16:55:48.9639884+03:00" testType="13cdc9d9-ddb5-4fa4-a97d-d965ccfc6d4b" outcome="Passed" testListId="8c84fa94-04c1-424b-9868-57a2d4851a1d" relativeResultsDirectory="f72732e4-609d-4814-809a-e9e3b665061b" />
    <UnitTestResult executionId="0927e533-fe1d-497c-b067-0d0bad501fa5" testId="f44a1b21-8efc-bfac-63b4-d534442def31" testName="BL.Tests.UsersServiceTests.TestRegisterUserWithNoPassword" computerName="DESKTOP-TJ9D65N" duration="00:00:00.0014277" startTime="2022-10-10T16:55:49.0319425+03:00" endTime="2022-10-10T16:55:49.0319426+03:00" testType="13cdc9d9-ddb5-4fa4-a97d-d965ccfc6d4b" outcome="Passed" testListId="8c84fa94-04c1-424b-9868-57a2d4851a1d" relativeResultsDirectory="0927e533-fe1d-497c-b067-0d0bad501fa5" />
    <UnitTestResult executionId="6efc0068-7cf0-49fa-8304-83e198582518" testId="644ec43e-70cd-c82d-42e7-0d990be1414d" testName="BL.Tests.CheckPermissionsServiceTests.AuthorizedHasAccessToAuthorizedFunctions(functionName: &quot;SendMessageAsync&quot;)" computerName="DESKTOP-TJ9D65N" duration="00:00:00.0022009" startTime="2022-10-10T16:55:49.0431333+03:00" endTime="2022-10-10T16:55:49.0431334+03:00" testType="13cdc9d9-ddb5-4fa4-a97d-d965ccfc6d4b" outcome="Passed" testListId="8c84fa94-04c1-424b-9868-57a2d4851a1d" relativeResultsDirectory="6efc0068-7cf0-49fa-8304-83e198582518" />
    <UnitTestResult executionId="c0c36e0d-1e7c-456c-a7bd-3ff12f87caca" testId="dc8e2bbf-7e28-8ee9-86f7-eefbfaee0a16" testName="BL.Tests.LiftsServiceTest.TestGetLiftsInfoAsync(userID: 123, initialLifts: [Lift { LiftID = 200, LiftName = liftNamea4f02094-4668-4b3a-b953-0540ffe26483, IsOpen = True, SeatsAmount = 39, LiftingTime = 7, QueueTime = 51, ConnectedSlopes =  }, Lift { LiftID = 185, LiftName = liftName327aa080-55d8-498e-900f-8546e44cc28c, IsOpen = False, SeatsAmount = 75, LiftingTime = 77, QueueTime = 59, ConnectedSlopes =  }, Lift { LiftID = 15, LiftName = liftName7bf397e1-0f95-4523-b8bf-8eb9dc21cb9e, IsOpen = True, SeatsAmount = 148, LiftingTime = 115, QueueTime = 226, ConnectedSlopes =  }], checkPermissionServiceMock: Mock&lt;ICheckPermissionService:2&gt;, liftsRepositoryMock: Mock&lt;ILiftsRepository:2&gt;, liftsSlopesRepositoryMock: Mock&lt;ILiftsSlopesRepository:2&gt;, sut: LiftsService { })" computerName="DESKTOP-TJ9D65N" duration="00:00:00.0453750" startTime="2022-10-10T16:55:49.0344177+03:00" endTime="2022-10-10T16:55:49.0344177+03:00" testType="13cdc9d9-ddb5-4fa4-a97d-d965ccfc6d4b" outcome="Passed" testListId="8c84fa94-04c1-424b-9868-57a2d4851a1d" relativeResultsDirectory="c0c36e0d-1e7c-456c-a7bd-3ff12f87caca" />
    <UnitTestResult executionId="6a23c69a-e96a-43e0-9249-fe67501e1831" testId="83428072-000c-fcb5-b3ac-d1228dcbfea1" testName="BL.Tests.LiftsServiceTest.TestAdminDeleteLiftAsync(userID: 6, lift: Lift { LiftID = 150, LiftName = liftName081608f0-df6e-4c3d-8b81-62b1d24c7952, IsOpen = True, SeatsAmount = 157, LiftingTime = 22, QueueTime = 88, ConnectedSlopes =  }, checkPermissionServiceMock: Mock&lt;ICheckPermissionService:4&gt;, liftsRepositoryMock: Mock&lt;ILiftsRepository:4&gt;, liftsSlopesRepositoryMock: Mock&lt;ILiftsSlopesRepository:4&gt;, sut: LiftsService { })" computerName="DESKTOP-TJ9D65N" duration="00:00:00.0105509" startTime="2022-10-10T16:55:49.0563791+03:00" endTime="2022-10-10T16:55:49.0563792+03:00" testType="13cdc9d9-ddb5-4fa4-a97d-d965ccfc6d4b" outcome="Passed" testListId="8c84fa94-04c1-424b-9868-57a2d4851a1d" relativeResultsDirectory="6a23c69a-e96a-43e0-9249-fe67501e1831" />
    <UnitTestResult executionId="6bcc861b-5e20-40bf-a72c-fc6e7a2a77f2" testId="e37cedcd-edff-3528-d108-8632b3514b4e" testName="BL.Tests.SlopesServiceTest.TestAdminAddSlopeAsync(userID: 36, slope: Slope { SlopeID = 108, SlopeName = slopeName9b16bf9b-837b-40bf-a576-2bc94347b976, IsOpen = True, DifficultyLevel = 27, ConnectedLifts =  }, checkPermissionServiceMock: Mock&lt;ICheckPermissionService:11&gt;, slopesRepositoryMock: Mock&lt;ISlopesRepository:6&gt;, sut: SlopesService { })" computerName="DESKTOP-TJ9D65N" duration="00:00:00.0046776" startTime="2022-10-10T16:55:49.0469668+03:00" endTime="2022-10-10T16:55:49.0469669+03:00" testType="13cdc9d9-ddb5-4fa4-a97d-d965ccfc6d4b" outcome="Passed" testListId="8c84fa94-04c1-424b-9868-57a2d4851a1d" relativeResultsDirectory="6bcc861b-5e20-40bf-a72c-fc6e7a2a77f2" />
    <UnitTestResult executionId="e184555b-b0c0-42ad-b01f-113ce56c7437" testId="06d0bc3a-24a0-fb7f-4277-e9ae6d21c7dd" testName="BL.Tests.UsersServiceTests.TestAdminUpdateUser" computerName="DESKTOP-TJ9D65N" duration="00:00:00.0060387" startTime="2022-10-10T16:55:49.0323592+03:00" endTime="2022-10-10T16:55:49.0323593+03:00" testType="13cdc9d9-ddb5-4fa4-a97d-d965ccfc6d4b" outcome="Passed" testListId="8c84fa94-04c1-424b-9868-57a2d4851a1d" relativeResultsDirectory="e184555b-b0c0-42ad-b01f-113ce56c7437" />
    <UnitTestResult executionId="3b7d00ef-0a30-4cf7-a2bb-5497ec9421fb" testId="25012f7d-016d-73e6-c748-0cc2ed87bbdb" testName="BL.Tests.LiftsServiceTest.TestUpdateLiftInfoAsync(userID: 175, lift: Lift { LiftID = 255, LiftName = liftNamebf6975de-c402-4a7f-9693-5d9442c1ec47, IsOpen = True, SeatsAmount = 188, LiftingTime = 32, QueueTime = 92, ConnectedSlopes =  }, checkPermissionServiceMock: Mock&lt;ICheckPermissionService:3&gt;, liftsRepositoryMock: Mock&lt;ILiftsRepository:3&gt;, sut: LiftsService { })" computerName="DESKTOP-TJ9D65N" duration="00:00:00.0063976" startTime="2022-10-10T16:55:49.0658158+03:00" endTime="2022-10-10T16:55:49.0658159+03:00" testType="13cdc9d9-ddb5-4fa4-a97d-d965ccfc6d4b" outcome="Passed" testListId="8c84fa94-04c1-424b-9868-57a2d4851a1d" relativeResultsDirectory="3b7d00ef-0a30-4cf7-a2bb-5497ec9421fb" />
    <UnitTestResult executionId="cc0ee176-a1c0-4a8d-8eae-988c3e68bec7" testId="69340bb6-3645-f9dd-971e-29d8b2a009bb" testName="BL.Tests.UsersServiceTests.TestLogInWithWrongPassword" computerName="DESKTOP-TJ9D65N" duration="00:00:00.0027780" startTime="2022-10-10T16:55:49.0344454+03:00" endTime="2022-10-10T16:55:49.0344454+03:00" testType="13cdc9d9-ddb5-4fa4-a97d-d965ccfc6d4b" outcome="Passed" testListId="8c84fa94-04c1-424b-9868-57a2d4851a1d" relativeResultsDirectory="cc0ee176-a1c0-4a8d-8eae-988c3e68bec7" />
    <UnitTestResult executionId="e9be7104-d475-4428-a80c-746ebf3455e0" testId="b8047669-cdb6-19f5-161c-4dd137e4d8b7" testName="BL.Tests.SlopesServiceTest.TestGetSlopesInfoAsync(userID: 139, initialSlopes: [Slope { SlopeID = 222, SlopeName = slopeName0f1f6d80-b9ef-457a-be5b-1439de3739e5, IsOpen = True, DifficultyLevel = 81, ConnectedLifts =  }, Slope { SlopeID = 30, SlopeName = slopeNamee7084c51-fd16-4d66-87d0-7dfaf964fb92, IsOpen = False, DifficultyLevel = 239, ConnectedLifts =  }, Slope { SlopeID = 111, SlopeName = slopeName9a7b9c0a-4391-46d5-b4ea-9864999ebbb3, IsOpen = True, DifficultyLevel = 150, ConnectedLifts =  }], checkPermissionServiceMock: Mock&lt;ICheckPermissionService:7&gt;, slopesRepositoryMock: Mock&lt;ISlopesRepository:2&gt;, liftsSlopesRepositoryMock: Mock&lt;ILiftsSlopesRepository:7&gt;, sut: SlopesService { })" computerName="DESKTOP-TJ9D65N" duration="00:00:00.0271909" startTime="2022-10-10T16:55:49.0343921+03:00" endTime="2022-10-10T16:55:49.0343921+03:00" testType="13cdc9d9-ddb5-4fa4-a97d-d965ccfc6d4b" outcome="Passed" testListId="8c84fa94-04c1-424b-9868-57a2d4851a1d" relativeResultsDirectory="e9be7104-d475-4428-a80c-746ebf3455e0" />
    <UnitTestResult executionId="0c0fb35a-82fa-465b-ba4b-1d54b3383512" testId="a2e59116-cb53-1d70-9cb8-21c286516866" testName="BL.Tests.CheckPermissionsServiceTests.AuthorizedHasNoAccessToAdminFunctions" computerName="DESKTOP-TJ9D65N" duration="00:00:00.0027849" startTime="2022-10-10T16:55:49.0339714+03:00" endTime="2022-10-10T16:55:49.0339715+03:00" testType="13cdc9d9-ddb5-4fa4-a97d-d965ccfc6d4b" outcome="Passed" testListId="8c84fa94-04c1-424b-9868-57a2d4851a1d" relativeResultsDirectory="0c0fb35a-82fa-465b-ba4b-1d54b3383512" />
  </Results>
  <TestDefinitions>
    <UnitTest name="BL.Tests.UsersServiceTests.TestAdminAddAutoIncrementUser" storage="c:\users\alena\desktop\7_sem\testing_and_debugging\skiresort\bl.tests\bin\debug\net6.0\bl.tests.dll" id="834c739b-eca4-b36d-6a66-5a1bd75377b8">
      <Execution id="5c489eae-e845-4ef8-b1e3-69968e47d833" />
      <TestMethod codeBase="C:\Users\alena\Desktop\7_sem\testing_and_debugging\SkiResort\BL.Tests\bin\Debug\net6.0\BL.Tests.dll" adapterTypeName="executor://xunit/VsTestRunner2/netcoreapp" className="BL.Tests.UsersServiceTests" name="TestAdminAddAutoIncrementUser" />
    </UnitTest>
    <UnitTest name="BL.Tests.CheckPermissionsServiceTests.SkiPatrolHasAccessToAdminSkiPatrolFunctions(functionName: &quot;MarkMessageReadByUserAsync&quot;)" storage="c:\users\alena\desktop\7_sem\testing_and_debugging\skiresort\bl.tests\bin\debug\net6.0\bl.tests.dll" id="60bd668f-04df-da5e-b79b-5d9aedb5234d">
      <Execution id="7fd75146-9209-43ff-a52f-897ecbacc6f7" />
      <TestMethod codeBase="C:\Users\alena\Desktop\7_sem\testing_and_debugging\SkiResort\BL.Tests\bin\Debug\net6.0\BL.Tests.dll" adapterTypeName="executor://xunit/VsTestRunner2/netcoreapp" className="BL.Tests.CheckPermissionsServiceTests" name="SkiPatrolHasAccessToAdminSkiPatrolFunctions" />
    </UnitTest>
    <UnitTest name="BL.Tests.CheckPermissionsServiceTests.AuthorizedHasAccessToAuthorizedFunctions(functionName: &quot;SendMessageAsync&quot;)" storage="c:\users\alena\desktop\7_sem\testing_and_debugging\skiresort\bl.tests\bin\debug\net6.0\bl.tests.dll" id="644ec43e-70cd-c82d-42e7-0d990be1414d">
      <Execution id="6efc0068-7cf0-49fa-8304-83e198582518" />
      <TestMethod codeBase="C:\Users\alena\Desktop\7_sem\testing_and_debugging\SkiResort\BL.Tests\bin\Debug\net6.0\BL.Tests.dll" adapterTypeName="executor://xunit/VsTestRunner2/netcoreapp" className="BL.Tests.CheckPermissionsServiceTests" name="AuthorizedHasAccessToAuthorizedFunctions" />
    </UnitTest>
    <UnitTest name="BL.Tests.CheckPermissionsServiceTests.AuthorizedHasNoAccessToAdminSkiPatrolFunctions(functionName: &quot;MarkMessageReadByUserAsync&quot;)" storage="c:\users\alena\desktop\7_sem\testing_and_debugging\skiresort\bl.tests\bin\debug\net6.0\bl.tests.dll" id="9c7df5e2-1b23-ebea-889f-b78ca86b60ab">
      <Execution id="72fc9e84-51b6-4275-8ba0-023320ca0633" />
      <TestMethod codeBase="C:\Users\alena\Desktop\7_sem\testing_and_debugging\SkiResort\BL.Tests\bin\Debug\net6.0\BL.Tests.dll" adapterTypeName="executor://xunit/VsTestRunner2/netcoreapp" className="BL.Tests.CheckPermissionsServiceTests" name="AuthorizedHasNoAccessToAdminSkiPatrolFunctions" />
    </UnitTest>
    <UnitTest name="BL.Tests.CheckPermissionsServiceTests.UnauthorizedHasNoAccessToAuthorizedFunctions(functionName: &quot;SendMessageAsync&quot;)" storage="c:\users\alena\desktop\7_sem\testing_and_debugging\skiresort\bl.tests\bin\debug\net6.0\bl.tests.dll" id="eaabd2fc-2f4b-5689-59c8-c7ad34a8f634">
      <Execution id="9d498d0b-3734-441c-833e-fae49b5fd329" />
      <TestMethod codeBase="C:\Users\alena\Desktop\7_sem\testing_and_debugging\SkiResort\BL.Tests\bin\Debug\net6.0\BL.Tests.dll" adapterTypeName="executor://xunit/VsTestRunner2/netcoreapp" className="BL.Tests.CheckPermissionsServiceTests" name="UnauthorizedHasNoAccessToAuthorizedFunctions" />
    </UnitTest>
    <UnitTest name="BL.Tests.CheckPermissionsServiceTests.AdminHasAccessToAllFunctions" storage="c:\users\alena\desktop\7_sem\testing_and_debugging\skiresort\bl.tests\bin\debug\net6.0\bl.tests.dll" id="f3efc418-a8a6-c7b7-9bac-90b33aa8472f">
      <Execution id="3eb4be07-f44c-4eb0-892e-2010294c283e" />
      <TestMethod codeBase="C:\Users\alena\Desktop\7_sem\testing_and_debugging\SkiResort\BL.Tests\bin\Debug\net6.0\BL.Tests.dll" adapterTypeName="executor://xunit/VsTestRunner2/netcoreapp" className="BL.Tests.CheckPermissionsServiceTests" name="AdminHasAccessToAllFunctions" />
    </UnitTest>
    <UnitTest name="BL.Tests.UsersServiceTests.TestLogInOk" storage="c:\users\alena\desktop\7_sem\testing_and_debugging\skiresort\bl.tests\bin\debug\net6.0\bl.tests.dll" id="1ca07ad8-f799-c5d4-e7cc-34fd950198a2">
      <Execution id="591e43e8-f148-44b1-87ce-c31d09d5d662" />
      <TestMethod codeBase="C:\Users\alena\Desktop\7_sem\testing_and_debugging\SkiResort\BL.Tests\bin\Debug\net6.0\BL.Tests.dll" adapterTypeName="executor://xunit/VsTestRunner2/netcoreapp" className="BL.Tests.UsersServiceTests" name="TestLogInOk" />
    </UnitTest>
    <UnitTest name="BL.Tests.CheckPermissionsServiceTests.UnauthorizedHasNoAccessToAdminSkiPatrolFunctions(functionName: &quot;MarkMessageReadByUserAsync&quot;)" storage="c:\users\alena\desktop\7_sem\testing_and_debugging\skiresort\bl.tests\bin\debug\net6.0\bl.tests.dll" id="a19a5fcf-c5d2-7d44-5d7d-84403042f4e0">
      <Execution id="caebb278-92c1-4a18-9a34-41373337337b" />
      <TestMethod codeBase="C:\Users\alena\Desktop\7_sem\testing_and_debugging\SkiResort\BL.Tests\bin\Debug\net6.0\BL.Tests.dll" adapterTypeName="executor://xunit/VsTestRunner2/netcoreapp" className="BL.Tests.CheckPermissionsServiceTests" name="UnauthorizedHasNoAccessToAdminSkiPatrolFunctions" />
    </UnitTest>
    <UnitTest name="BL.Tests.CheckPermissionsServiceTests.AuthorizedHasAccessToAuthorizedFunctions(functionName: &quot;LogOutAsync&quot;)" storage="c:\users\alena\desktop\7_sem\testing_and_debugging\skiresort\bl.tests\bin\debug\net6.0\bl.tests.dll" id="aa28a6b3-21d3-aa45-24d3-bef2facbc899">
      <Execution id="79367e09-2384-4a4c-acca-489db01e3c63" />
      <TestMethod codeBase="C:\Users\alena\Desktop\7_sem\testing_and_debugging\SkiResort\BL.Tests\bin\Debug\net6.0\BL.Tests.dll" adapterTypeName="executor://xunit/VsTestRunner2/netcoreapp" className="BL.Tests.CheckPermissionsServiceTests" name="AuthorizedHasAccessToAuthorizedFunctions" />
    </UnitTest>
    <UnitTest name="BL.Tests.SlopesServiceTest.TestAdminDeleteSlopeAsync(userID: 44, slope: Slope { SlopeID = 92, SlopeName = slopeName93259379-91ee-449e-8ebe-3b5db59d0e6b, IsOpen = True, DifficultyLevel = 36, ConnectedLifts =  }, checkPermissionServiceMock: Mock&lt;ICheckPermissionService:9&gt;, slopesRepositoryMock: Mock&lt;ISlopesRepository:4&gt;, liftsSlopesRepositoryMock: Mock&lt;ILiftsSlopesRepository:9&gt;, sut: SlopesService { })" storage="c:\users\alena\desktop\7_sem\testing_and_debugging\skiresort\bl.tests\bin\debug\net6.0\bl.tests.dll" id="b9281a2d-ed8b-16db-bc52-099ac9664af1">
      <Execution id="123171d9-d395-4554-9ffc-7b88f7c7cac9" />
      <TestMethod codeBase="C:\Users\alena\Desktop\7_sem\testing_and_debugging\SkiResort\BL.Tests\bin\Debug\net6.0\BL.Tests.dll" adapterTypeName="executor://xunit/VsTestRunner2/netcoreapp" className="BL.Tests.SlopesServiceTest" name="TestAdminDeleteSlopeAsync" />
    </UnitTest>
    <UnitTest name="BL.Tests.CheckPermissionsServiceTests.SkiPatrolHasAccessToAdminSkiPatrolFunctions(functionName: &quot;GetMessagesAsync&quot;)" storage="c:\users\alena\desktop\7_sem\testing_and_debugging\skiresort\bl.tests\bin\debug\net6.0\bl.tests.dll" id="c36970dc-93f7-753e-fa47-157133b01644">
      <Execution id="8eacad5e-31de-4b79-b9a4-c85bdc33c2e2" />
      <TestMethod codeBase="C:\Users\alena\Desktop\7_sem\testing_and_debugging\SkiResort\BL.Tests\bin\Debug\net6.0\BL.Tests.dll" adapterTypeName="executor://xunit/VsTestRunner2/netcoreapp" className="BL.Tests.CheckPermissionsServiceTests" name="SkiPatrolHasAccessToAdminSkiPatrolFunctions" />
    </UnitTest>
    <UnitTest name="BL.Tests.LiftsServiceTest.TestUpdateLiftInfoAsync(userID: 175, lift: Lift { LiftID = 255, LiftName = liftNamebf6975de-c402-4a7f-9693-5d9442c1ec47, IsOpen = True, SeatsAmount = 188, LiftingTime = 32, QueueTime = 92, ConnectedSlopes =  }, checkPermissionServiceMock: Mock&lt;ICheckPermissionService:3&gt;, liftsRepositoryMock: Mock&lt;ILiftsRepository:3&gt;, sut: LiftsService { })" storage="c:\users\alena\desktop\7_sem\testing_and_debugging\skiresort\bl.tests\bin\debug\net6.0\bl.tests.dll" id="25012f7d-016d-73e6-c748-0cc2ed87bbdb">
      <Execution id="3b7d00ef-0a30-4cf7-a2bb-5497ec9421fb" />
      <TestMethod codeBase="C:\Users\alena\Desktop\7_sem\testing_and_debugging\SkiResort\BL.Tests\bin\Debug\net6.0\BL.Tests.dll" adapterTypeName="executor://xunit/VsTestRunner2/netcoreapp" className="BL.Tests.LiftsServiceTest" name="TestUpdateLiftInfoAsync" />
    </UnitTest>
    <UnitTest name="BL.Tests.CheckPermissionsServiceTests.AuthorizedHasNoAccessToAdminFunctions" storage="c:\users\alena\desktop\7_sem\testing_and_debugging\skiresort\bl.tests\bin\debug\net6.0\bl.tests.dll" id="a2e59116-cb53-1d70-9cb8-21c286516866">
      <Execution id="0c0fb35a-82fa-465b-ba4b-1d54b3383512" />
      <TestMethod codeBase="C:\Users\alena\Desktop\7_sem\testing_and_debugging\SkiResort\BL.Tests\bin\Debug\net6.0\BL.Tests.dll" adapterTypeName="executor://xunit/VsTestRunner2/netcoreapp" className="BL.Tests.CheckPermissionsServiceTests" name="AuthorizedHasNoAccessToAdminFunctions" />
    </UnitTest>
    <UnitTest name="BL.Tests.CheckPermissionsServiceTests.SkiPatrolHasAccessToAdminSkiPatrolFunctions(functionName: &quot;GetLiftsSlopesInfoAsync&quot;)" storage="c:\users\alena\desktop\7_sem\testing_and_debugging\skiresort\bl.tests\bin\debug\net6.0\bl.tests.dll" id="2d706594-f2b3-b3c8-21d4-86c9798c3306">
      <Execution id="5b915e28-098e-47b1-a097-d2451d0a0a2d" />
      <TestMethod codeBase="C:\Users\alena\Desktop\7_sem\testing_and_debugging\SkiResort\BL.Tests\bin\Debug\net6.0\BL.Tests.dll" adapterTypeName="executor://xunit/VsTestRunner2/netcoreapp" className="BL.Tests.CheckPermissionsServiceTests" name="SkiPatrolHasAccessToAdminSkiPatrolFunctions" />
    </UnitTest>
    <UnitTest name="BL.Tests.CheckPermissionsServiceTests.AuthorizedHasNoAccessToAdminSkiPatrolFunctions(functionName: &quot;GetLiftsSlopesInfoAsync&quot;)" storage="c:\users\alena\desktop\7_sem\testing_and_debugging\skiresort\bl.tests\bin\debug\net6.0\bl.tests.dll" id="4f297306-d4f3-8d63-e7f4-1ac0b8c58c74">
      <Execution id="725a64d7-3a10-451f-bff8-d6d5d73a8849" />
      <TestMethod codeBase="C:\Users\alena\Desktop\7_sem\testing_and_debugging\SkiResort\BL.Tests\bin\Debug\net6.0\BL.Tests.dll" adapterTypeName="executor://xunit/VsTestRunner2/netcoreapp" className="BL.Tests.CheckPermissionsServiceTests" name="AuthorizedHasNoAccessToAdminSkiPatrolFunctions" />
    </UnitTest>
    <UnitTest name="BL.Tests.CheckPermissionsServiceTests.UnauthorizedHasNoAccessToAdminSkiPatrolFunctions(functionName: &quot;GetLiftsSlopesInfoAsync&quot;)" storage="c:\users\alena\desktop\7_sem\testing_and_debugging\skiresort\bl.tests\bin\debug\net6.0\bl.tests.dll" id="387c9729-48c1-486e-5e67-f5d11a9f0db8">
      <Execution id="5765866d-68e4-44da-a78c-804d8b635384" />
      <TestMethod codeBase="C:\Users\alena\Desktop\7_sem\testing_and_debugging\SkiResort\BL.Tests\bin\Debug\net6.0\BL.Tests.dll" adapterTypeName="executor://xunit/VsTestRunner2/netcoreapp" className="BL.Tests.CheckPermissionsServiceTests" name="UnauthorizedHasNoAccessToAdminSkiPatrolFunctions" />
    </UnitTest>
    <UnitTest name="BL.Tests.UsersServiceTests.TestRegisterUserWithRepeatedEmail" storage="c:\users\alena\desktop\7_sem\testing_and_debugging\skiresort\bl.tests\bin\debug\net6.0\bl.tests.dll" id="894941c1-bfa7-d8f9-c047-1e1ceefe2c2f">
      <Execution id="112663e2-43ca-4b7f-820e-250776bf14b2" />
      <TestMethod codeBase="C:\Users\alena\Desktop\7_sem\testing_and_debugging\SkiResort\BL.Tests\bin\Debug\net6.0\BL.Tests.dll" adapterTypeName="executor://xunit/VsTestRunner2/netcoreapp" className="BL.Tests.UsersServiceTests" name="TestRegisterUserWithRepeatedEmail" />
    </UnitTest>
    <UnitTest name="BL.Tests.CheckPermissionsServiceTests.UnauthorizedHasNoAccessToAdminFunctions" storage="c:\users\alena\desktop\7_sem\testing_and_debugging\skiresort\bl.tests\bin\debug\net6.0\bl.tests.dll" id="e2d7e5be-3dae-33ae-fb17-c704b6fd58d6">
      <Execution id="3bac5a05-4501-4541-9e8a-f13cfc989d86" />
      <TestMethod codeBase="C:\Users\alena\Desktop\7_sem\testing_and_debugging\SkiResort\BL.Tests\bin\Debug\net6.0\BL.Tests.dll" adapterTypeName="executor://xunit/VsTestRunner2/netcoreapp" className="BL.Tests.CheckPermissionsServiceTests" name="UnauthorizedHasNoAccessToAdminFunctions" />
    </UnitTest>
    <UnitTest name="BL.Tests.LiftsServiceTest.TestAdminDeleteLiftAsync(userID: 6, lift: Lift { LiftID = 150, LiftName = liftName081608f0-df6e-4c3d-8b81-62b1d24c7952, IsOpen = True, SeatsAmount = 157, LiftingTime = 22, QueueTime = 88, ConnectedSlopes =  }, checkPermissionServiceMock: Mock&lt;ICheckPermissionService:4&gt;, liftsRepositoryMock: Mock&lt;ILiftsRepository:4&gt;, liftsSlopesRepositoryMock: Mock&lt;ILiftsSlopesRepository:4&gt;, sut: LiftsService { })" storage="c:\users\alena\desktop\7_sem\testing_and_debugging\skiresort\bl.tests\bin\debug\net6.0\bl.tests.dll" id="83428072-000c-fcb5-b3ac-d1228dcbfea1">
      <Execution id="6a23c69a-e96a-43e0-9249-fe67501e1831" />
      <TestMethod codeBase="C:\Users\alena\Desktop\7_sem\testing_and_debugging\SkiResort\BL.Tests\bin\Debug\net6.0\BL.Tests.dll" adapterTypeName="executor://xunit/VsTestRunner2/netcoreapp" className="BL.Tests.LiftsServiceTest" name="TestAdminDeleteLiftAsync" />
    </UnitTest>
    <UnitTest name="BL.Tests.UsersServiceTests.TestRegisterUserWithNoPassword" storage="c:\users\alena\desktop\7_sem\testing_and_debugging\skiresort\bl.tests\bin\debug\net6.0\bl.tests.dll" id="f44a1b21-8efc-bfac-63b4-d534442def31">
      <Execution id="0927e533-fe1d-497c-b067-0d0bad501fa5" />
      <TestMethod codeBase="C:\Users\alena\Desktop\7_sem\testing_and_debugging\SkiResort\BL.Tests\bin\Debug\net6.0\BL.Tests.dll" adapterTypeName="executor://xunit/VsTestRunner2/netcoreapp" className="BL.Tests.UsersServiceTests" name="TestRegisterUserWithNoPassword" />
    </UnitTest>
    <UnitTest name="BL.Tests.SlopesServiceTest.TestAdminAddSlopeAsync(userID: 36, slope: Slope { SlopeID = 108, SlopeName = slopeName9b16bf9b-837b-40bf-a576-2bc94347b976, IsOpen = True, DifficultyLevel = 27, ConnectedLifts =  }, checkPermissionServiceMock: Mock&lt;ICheckPermissionService:11&gt;, slopesRepositoryMock: Mock&lt;ISlopesRepository:6&gt;, sut: SlopesService { })" storage="c:\users\alena\desktop\7_sem\testing_and_debugging\skiresort\bl.tests\bin\debug\net6.0\bl.tests.dll" id="e37cedcd-edff-3528-d108-8632b3514b4e">
      <Execution id="6bcc861b-5e20-40bf-a72c-fc6e7a2a77f2" />
      <TestMethod codeBase="C:\Users\alena\Desktop\7_sem\testing_and_debugging\SkiResort\BL.Tests\bin\Debug\net6.0\BL.Tests.dll" adapterTypeName="executor://xunit/VsTestRunner2/netcoreapp" className="BL.Tests.SlopesServiceTest" name="TestAdminAddSlopeAsync" />
    </UnitTest>
    <UnitTest name="BL.Tests.CheckPermissionsServiceTests.SkiPatrolHasNoAccessToAdminFunctions" storage="c:\users\alena\desktop\7_sem\testing_and_debugging\skiresort\bl.tests\bin\debug\net6.0\bl.tests.dll" id="492c0393-35b4-df26-a537-21ca08302f3c">
      <Execution id="649d5f79-0b27-443f-b522-c8e36b92faab" />
      <TestMethod codeBase="C:\Users\alena\Desktop\7_sem\testing_and_debugging\SkiResort\BL.Tests\bin\Debug\net6.0\BL.Tests.dll" adapterTypeName="executor://xunit/VsTestRunner2/netcoreapp" className="BL.Tests.CheckPermissionsServiceTests" name="SkiPatrolHasNoAccessToAdminFunctions" />
    </UnitTest>
    <UnitTest name="BL.Tests.UsersServiceTests.TestAdminDeleteUser" storage="c:\users\alena\desktop\7_sem\testing_and_debugging\skiresort\bl.tests\bin\debug\net6.0\bl.tests.dll" id="18fa8c62-e27d-e1fc-8182-4d7db62b008d">
      <Execution id="97d9c98f-7501-437f-9240-2297d7d321e7" />
      <TestMethod codeBase="C:\Users\alena\Desktop\7_sem\testing_and_debugging\SkiResort\BL.Tests\bin\Debug\net6.0\BL.Tests.dll" adapterTypeName="executor://xunit/VsTestRunner2/netcoreapp" className="BL.Tests.UsersServiceTests" name="TestAdminDeleteUser" />
    </UnitTest>
    <UnitTest name="BL.Tests.UsersServiceTests.TestLogInWithWrongPassword" storage="c:\users\alena\desktop\7_sem\testing_and_debugging\skiresort\bl.tests\bin\debug\net6.0\bl.tests.dll" id="69340bb6-3645-f9dd-971e-29d8b2a009bb">
      <Execution id="cc0ee176-a1c0-4a8d-8eae-988c3e68bec7" />
      <TestMethod codeBase="C:\Users\alena\Desktop\7_sem\testing_and_debugging\SkiResort\BL.Tests\bin\Debug\net6.0\BL.Tests.dll" adapterTypeName="executor://xunit/VsTestRunner2/netcoreapp" className="BL.Tests.UsersServiceTests" name="TestLogInWithWrongPassword" />
    </UnitTest>
    <UnitTest name="BL.Tests.SlopesServiceTest.TestAdminAddAutoIncrementSlopeAsync(userID: 77, slope: Slope { SlopeID = 111, SlopeName = slopeName035a2b1d-36b6-411e-a9bb-ab409aad65b9, IsOpen = True, DifficultyLevel = 24, ConnectedLifts =  }, checkPermissionServiceMock: Mock&lt;ICheckPermissionService:10&gt;, slopesRepositoryMock: Mock&lt;ISlopesRepository:5&gt;, sut: SlopesService { })" storage="c:\users\alena\desktop\7_sem\testing_and_debugging\skiresort\bl.tests\bin\debug\net6.0\bl.tests.dll" id="3643413d-264f-1069-01df-b1f63dcac9d6">
      <Execution id="d025cb36-82af-4afd-8a36-c122783dcfd5" />
      <TestMethod codeBase="C:\Users\alena\Desktop\7_sem\testing_and_debugging\SkiResort\BL.Tests\bin\Debug\net6.0\BL.Tests.dll" adapterTypeName="executor://xunit/VsTestRunner2/netcoreapp" className="BL.Tests.SlopesServiceTest" name="TestAdminAddAutoIncrementSlopeAsync" />
    </UnitTest>
    <UnitTest name="BL.Tests.CheckPermissionsServiceTests.UnauthorizedHasNoAccessToAdminSkiPatrolFunctions(functionName: &quot;GetMessagesAsync&quot;)" storage="c:\users\alena\desktop\7_sem\testing_and_debugging\skiresort\bl.tests\bin\debug\net6.0\bl.tests.dll" id="229812f5-9a73-5335-11f5-31330d1348a5">
      <Execution id="4ac0f3b4-7617-4126-9e19-b945b9b4f0fc" />
      <TestMethod codeBase="C:\Users\alena\Desktop\7_sem\testing_and_debugging\SkiResort\BL.Tests\bin\Debug\net6.0\BL.Tests.dll" adapterTypeName="executor://xunit/VsTestRunner2/netcoreapp" className="BL.Tests.CheckPermissionsServiceTests" name="UnauthorizedHasNoAccessToAdminSkiPatrolFunctions" />
    </UnitTest>
    <UnitTest name="BL.Tests.UsersServiceTests.TestRegisterUserWithNoEmail" storage="c:\users\alena\desktop\7_sem\testing_and_debugging\skiresort\bl.tests\bin\debug\net6.0\bl.tests.dll" id="8184bd30-991c-b78d-b4ec-99a485eac0dd">
      <Execution id="cb7276f1-8811-421d-a798-b7e7b0129aa9" />
      <TestMethod codeBase="C:\Users\alena\Desktop\7_sem\testing_and_debugging\SkiResort\BL.Tests\bin\Debug\net6.0\BL.Tests.dll" adapterTypeName="executor://xunit/VsTestRunner2/netcoreapp" className="BL.Tests.UsersServiceTests" name="TestRegisterUserWithNoEmail" />
    </UnitTest>
    <UnitTest name="BL.Tests.CheckPermissionsServiceTests.AuthorizedHasNoAccessToAdminSkiPatrolFunctions(functionName: &quot;GetMessagesAsync&quot;)" storage="c:\users\alena\desktop\7_sem\testing_and_debugging\skiresort\bl.tests\bin\debug\net6.0\bl.tests.dll" id="2602613f-c8e2-a6d9-fcf7-5b27d4a770a6">
      <Execution id="e9eb5141-f01a-4335-bc48-ea85d72f7aa9" />
      <TestMethod codeBase="C:\Users\alena\Desktop\7_sem\testing_and_debugging\SkiResort\BL.Tests\bin\Debug\net6.0\BL.Tests.dll" adapterTypeName="executor://xunit/VsTestRunner2/netcoreapp" className="BL.Tests.CheckPermissionsServiceTests" name="AuthorizedHasNoAccessToAdminSkiPatrolFunctions" />
    </UnitTest>
    <UnitTest name="BL.Tests.UsersServiceTests.TestRegisterOk" storage="c:\users\alena\desktop\7_sem\testing_and_debugging\skiresort\bl.tests\bin\debug\net6.0\bl.tests.dll" id="0eeef75f-6e38-7893-a8fe-cff3e0a970a7">
      <Execution id="9190eea8-2d1f-4692-b9ac-be0596d410e3" />
      <TestMethod codeBase="C:\Users\alena\Desktop\7_sem\testing_and_debugging\SkiResort\BL.Tests\bin\Debug\net6.0\BL.Tests.dll" adapterTypeName="executor://xunit/VsTestRunner2/netcoreapp" className="BL.Tests.UsersServiceTests" name="TestRegisterOk" />
    </UnitTest>
    <UnitTest name="BL.Tests.CheckPermissionsServiceTests.UnauthorizedHasNoAccessToAuthorizedFunctions(functionName: &quot;LogOutAsync&quot;)" storage="c:\users\alena\desktop\7_sem\testing_and_debugging\skiresort\bl.tests\bin\debug\net6.0\bl.tests.dll" id="fa960c5e-f989-2880-784e-8efe538c5231">
      <Execution id="f9709263-bee6-4ded-8e18-0ae9bcde27c7" />
      <TestMethod codeBase="C:\Users\alena\Desktop\7_sem\testing_and_debugging\SkiResort\BL.Tests\bin\Debug\net6.0\BL.Tests.dll" adapterTypeName="executor://xunit/VsTestRunner2/netcoreapp" className="BL.Tests.CheckPermissionsServiceTests" name="UnauthorizedHasNoAccessToAuthorizedFunctions" />
    </UnitTest>
    <UnitTest name="BL.Tests.SlopesServiceTest.TestGetSlopesInfoAsync(userID: 139, initialSlopes: [Slope { SlopeID = 222, SlopeName = slopeName0f1f6d80-b9ef-457a-be5b-1439de3739e5, IsOpen = True, DifficultyLevel = 81, ConnectedLifts =  }, Slope { SlopeID = 30, SlopeName = slopeNamee7084c51-fd16-4d66-87d0-7dfaf964fb92, IsOpen = False, DifficultyLevel = 239, ConnectedLifts =  }, Slope { SlopeID = 111, SlopeName = slopeName9a7b9c0a-4391-46d5-b4ea-9864999ebbb3, Is..." storage="c:\users\alena\desktop\7_sem\testing_and_debugging\skiresort\bl.tests\bin\debug\net6.0\bl.tests.dll" id="b8047669-cdb6-19f5-161c-4dd137e4d8b7">
      <Execution id="e9be7104-d475-4428-a80c-746ebf3455e0" />
      <TestMethod codeBase="C:\Users\alena\Desktop\7_sem\testing_and_debugging\SkiResort\BL.Tests\bin\Debug\net6.0\BL.Tests.dll" adapterTypeName="executor://xunit/VsTestRunner2/netcoreapp" className="BL.Tests.SlopesServiceTest" name="TestGetSlopesInfoAsync" />
    </UnitTest>
    <UnitTest name="BL.Tests.UsersServiceTests.TestAdminUpdateUser" storage="c:\users\alena\desktop\7_sem\testing_and_debugging\skiresort\bl.tests\bin\debug\net6.0\bl.tests.dll" id="06d0bc3a-24a0-fb7f-4277-e9ae6d21c7dd">
      <Execution id="e184555b-b0c0-42ad-b01f-113ce56c7437" />
      <TestMethod codeBase="C:\Users\alena\Desktop\7_sem\testing_and_debugging\SkiResort\BL.Tests\bin\Debug\net6.0\BL.Tests.dll" adapterTypeName="executor://xunit/VsTestRunner2/netcoreapp" className="BL.Tests.UsersServiceTests" name="TestAdminUpdateUser" />
    </UnitTest>
    <UnitTest name="BL.Tests.LiftsServiceTest.TestGetLiftsInfoAsync(userID: 123, initialLifts: [Lift { LiftID = 200, LiftName = liftNamea4f02094-4668-4b3a-b953-0540ffe26483, IsOpen = True, SeatsAmount = 39, LiftingTime = 7, QueueTime = 51, ConnectedSlopes =  }, Lift { LiftID = 185, LiftName = liftName327aa080-55d8-498e-900f-8546e44cc28c, IsOpen = False, SeatsAmount = 75, LiftingTime = 77, QueueTime = 59, ConnectedSlopes =  }, Lift { LiftID = 15, LiftName = lif..." storage="c:\users\alena\desktop\7_sem\testing_and_debugging\skiresort\bl.tests\bin\debug\net6.0\bl.tests.dll" id="dc8e2bbf-7e28-8ee9-86f7-eefbfaee0a16">
      <Execution id="c0c36e0d-1e7c-456c-a7bd-3ff12f87caca" />
      <TestMethod codeBase="C:\Users\alena\Desktop\7_sem\testing_and_debugging\SkiResort\BL.Tests\bin\Debug\net6.0\BL.Tests.dll" adapterTypeName="executor://xunit/VsTestRunner2/netcoreapp" className="BL.Tests.LiftsServiceTest" name="TestGetLiftsInfoAsync" />
    </UnitTest>
    <UnitTest name="BL.Tests.UsersServiceTests.TestAdminGetUserByIDAsync" storage="c:\users\alena\desktop\7_sem\testing_and_debugging\skiresort\bl.tests\bin\debug\net6.0\bl.tests.dll" id="e5497347-2721-b7a6-0bd4-69a9921f6947">
      <Execution id="dd4ba7cf-26cc-4a54-8ca9-7de6d9e1f0c3" />
      <TestMethod codeBase="C:\Users\alena\Desktop\7_sem\testing_and_debugging\SkiResort\BL.Tests\bin\Debug\net6.0\BL.Tests.dll" adapterTypeName="executor://xunit/VsTestRunner2/netcoreapp" className="BL.Tests.UsersServiceTests" name="TestAdminGetUserByIDAsync" />
    </UnitTest>
    <UnitTest name="BL.Tests.LiftsServiceTest.TestGetLiftInfoAsync(userID: 118, lift: Lift { LiftID = 73, LiftName = liftNamed2dca348-0dc9-49f2-9feb-c0e09ef1ee3a, IsOpen = True, SeatsAmount = 88, LiftingTime = 48, QueueTime = 108, ConnectedSlopes =  }, checkPermissionServiceMock: Mock&lt;ICheckPermissionService:1&gt;, liftsRepositoryMock: Mock&lt;ILiftsRepository:1&gt;, liftsSlopesRepositoryMock: Mock&lt;ILiftsSlopesRepository:1&gt;, sut: LiftsService { })" storage="c:\users\alena\desktop\7_sem\testing_and_debugging\skiresort\bl.tests\bin\debug\net6.0\bl.tests.dll" id="650d2714-b3a5-0b42-e18f-bb92d0ded6de">
      <Execution id="4dccff44-1ce8-42ae-a34a-ec05d7a58479" />
      <TestMethod codeBase="C:\Users\alena\Desktop\7_sem\testing_and_debugging\SkiResort\BL.Tests\bin\Debug\net6.0\BL.Tests.dll" adapterTypeName="executor://xunit/VsTestRunner2/netcoreapp" className="BL.Tests.LiftsServiceTest" name="TestGetLiftInfoAsync" />
    </UnitTest>
    <UnitTest name="BL.Tests.SlopesServiceTest.TestUpdateSlopeInfoAsync(userID: 167, slope: Slope { SlopeID = 71, SlopeName = slopeName9432ad97-ac28-47a1-8d00-1800c89fea05, IsOpen = True, DifficultyLevel = 78, ConnectedLifts =  }, checkPermissionServiceMock: Mock&lt;ICheckPermissionService:8&gt;, slopesRepositoryMock: Mock&lt;ISlopesRepository:3&gt;, sut: SlopesService { })" storage="c:\users\alena\desktop\7_sem\testing_and_debugging\skiresort\bl.tests\bin\debug\net6.0\bl.tests.dll" id="531222da-a6ec-317a-a234-c669a492dcdc">
      <Execution id="f72732e4-609d-4814-809a-e9e3b665061b" />
      <TestMethod codeBase="C:\Users\alena\Desktop\7_sem\testing_and_debugging\SkiResort\BL.Tests\bin\Debug\net6.0\BL.Tests.dll" adapterTypeName="executor://xunit/VsTestRunner2/netcoreapp" className="BL.Tests.SlopesServiceTest" name="TestUpdateSlopeInfoAsync" />
    </UnitTest>
    <UnitTest name="BL.Tests.SlopesServiceTest.TestGetSlopeInfoAsync(userID: 251, slope: Slope { SlopeID = 17, SlopeName = slopeName5ea80336-d32b-499d-82c0-f8479dfc04aa, IsOpen = True, DifficultyLevel = 134, ConnectedLifts =  }, checkPermissionServiceMock: Mock&lt;ICheckPermissionService:6&gt;, slopesRepositoryMock: Mock&lt;ISlopesRepository:1&gt;, liftsSlopesRepositoryMock: Mock&lt;ILiftsSlopesRepository:6&gt;, sut: SlopesService { })" storage="c:\users\alena\desktop\7_sem\testing_and_debugging\skiresort\bl.tests\bin\debug\net6.0\bl.tests.dll" id="608662cc-1e16-fc05-46af-0f45045f7dcd">
      <Execution id="a10b5d0b-eced-4643-a1f1-abf90e92cd8f" />
      <TestMethod codeBase="C:\Users\alena\Desktop\7_sem\testing_and_debugging\SkiResort\BL.Tests\bin\Debug\net6.0\BL.Tests.dll" adapterTypeName="executor://xunit/VsTestRunner2/netcoreapp" className="BL.Tests.SlopesServiceTest" name="TestGetSlopeInfoAsync" />
    </UnitTest>
    <UnitTest name="BL.Tests.UsersServiceTests.TestAdminGetUsers" storage="c:\users\alena\desktop\7_sem\testing_and_debugging\skiresort\bl.tests\bin\debug\net6.0\bl.tests.dll" id="20ad8570-0170-85de-dcd7-2f109dd7bcd6">
      <Execution id="c82980af-7937-45ab-99a9-b1bc8f0ceaa4" />
      <TestMethod codeBase="C:\Users\alena\Desktop\7_sem\testing_and_debugging\SkiResort\BL.Tests\bin\Debug\net6.0\BL.Tests.dll" adapterTypeName="executor://xunit/VsTestRunner2/netcoreapp" className="BL.Tests.UsersServiceTests" name="TestAdminGetUsers" />
    </UnitTest>
    <UnitTest name="BL.Tests.LiftsServiceTest.TestAdminAddAutoIncrementLiftAsync(userID: 239, lift: Lift { LiftID = 243, LiftName = liftName84e293eb-77d2-49d7-864a-fef7c878e84e, IsOpen = True, SeatsAmount = 113, LiftingTime = 160, QueueTime = 170, ConnectedSlopes =  }, checkPermissionServiceMock: Mock&lt;ICheckPermissionService:5&gt;, liftsRepositoryMock: Mock&lt;ILiftsRepository:5&gt;, sut: LiftsService { })" storage="c:\users\alena\desktop\7_sem\testing_and_debugging\skiresort\bl.tests\bin\debug\net6.0\bl.tests.dll" id="833dd10e-a907-8f0a-5df9-601037cf8201">
      <Execution id="6e9f6c04-a2d8-436e-8c4a-63963b814960" />
      <TestMethod codeBase="C:\Users\alena\Desktop\7_sem\testing_and_debugging\SkiResort\BL.Tests\bin\Debug\net6.0\BL.Tests.dll" adapterTypeName="executor://xunit/VsTestRunner2/netcoreapp" className="BL.Tests.LiftsServiceTest" name="TestAdminAddAutoIncrementLiftAsync" />
    </UnitTest>
  </TestDefinitions>
  <TestEntries>
    <TestEntry testId="b9281a2d-ed8b-16db-bc52-099ac9664af1" executionId="123171d9-d395-4554-9ffc-7b88f7c7cac9" testListId="8c84fa94-04c1-424b-9868-57a2d4851a1d" />
    <TestEntry testId="c36970dc-93f7-753e-fa47-157133b01644" executionId="8eacad5e-31de-4b79-b9a4-c85bdc33c2e2" testListId="8c84fa94-04c1-424b-9868-57a2d4851a1d" />
    <TestEntry testId="2d706594-f2b3-b3c8-21d4-86c9798c3306" executionId="5b915e28-098e-47b1-a097-d2451d0a0a2d" testListId="8c84fa94-04c1-424b-9868-57a2d4851a1d" />
    <TestEntry testId="834c739b-eca4-b36d-6a66-5a1bd75377b8" executionId="5c489eae-e845-4ef8-b1e3-69968e47d833" testListId="8c84fa94-04c1-424b-9868-57a2d4851a1d" />
    <TestEntry testId="fa960c5e-f989-2880-784e-8efe538c5231" executionId="f9709263-bee6-4ded-8e18-0ae9bcde27c7" testListId="8c84fa94-04c1-424b-9868-57a2d4851a1d" />
    <TestEntry testId="18fa8c62-e27d-e1fc-8182-4d7db62b008d" executionId="97d9c98f-7501-437f-9240-2297d7d321e7" testListId="8c84fa94-04c1-424b-9868-57a2d4851a1d" />
    <TestEntry testId="3643413d-264f-1069-01df-b1f63dcac9d6" executionId="d025cb36-82af-4afd-8a36-c122783dcfd5" testListId="8c84fa94-04c1-424b-9868-57a2d4851a1d" />
    <TestEntry testId="e5497347-2721-b7a6-0bd4-69a9921f6947" executionId="dd4ba7cf-26cc-4a54-8ca9-7de6d9e1f0c3" testListId="8c84fa94-04c1-424b-9868-57a2d4851a1d" />
    <TestEntry testId="608662cc-1e16-fc05-46af-0f45045f7dcd" executionId="a10b5d0b-eced-4643-a1f1-abf90e92cd8f" testListId="8c84fa94-04c1-424b-9868-57a2d4851a1d" />
    <TestEntry testId="650d2714-b3a5-0b42-e18f-bb92d0ded6de" executionId="4dccff44-1ce8-42ae-a34a-ec05d7a58479" testListId="8c84fa94-04c1-424b-9868-57a2d4851a1d" />
    <TestEntry testId="1ca07ad8-f799-c5d4-e7cc-34fd950198a2" executionId="591e43e8-f148-44b1-87ce-c31d09d5d662" testListId="8c84fa94-04c1-424b-9868-57a2d4851a1d" />
    <TestEntry testId="229812f5-9a73-5335-11f5-31330d1348a5" executionId="4ac0f3b4-7617-4126-9e19-b945b9b4f0fc" testListId="8c84fa94-04c1-424b-9868-57a2d4851a1d" />
    <TestEntry testId="4f297306-d4f3-8d63-e7f4-1ac0b8c58c74" executionId="725a64d7-3a10-451f-bff8-d6d5d73a8849" testListId="8c84fa94-04c1-424b-9868-57a2d4851a1d" />
    <TestEntry testId="20ad8570-0170-85de-dcd7-2f109dd7bcd6" executionId="c82980af-7937-45ab-99a9-b1bc8f0ceaa4" testListId="8c84fa94-04c1-424b-9868-57a2d4851a1d" />
    <TestEntry testId="f3efc418-a8a6-c7b7-9bac-90b33aa8472f" executionId="3eb4be07-f44c-4eb0-892e-2010294c283e" testListId="8c84fa94-04c1-424b-9868-57a2d4851a1d" />
    <TestEntry testId="492c0393-35b4-df26-a537-21ca08302f3c" executionId="649d5f79-0b27-443f-b522-c8e36b92faab" testListId="8c84fa94-04c1-424b-9868-57a2d4851a1d" />
    <TestEntry testId="8184bd30-991c-b78d-b4ec-99a485eac0dd" executionId="cb7276f1-8811-421d-a798-b7e7b0129aa9" testListId="8c84fa94-04c1-424b-9868-57a2d4851a1d" />
    <TestEntry testId="833dd10e-a907-8f0a-5df9-601037cf8201" executionId="6e9f6c04-a2d8-436e-8c4a-63963b814960" testListId="8c84fa94-04c1-424b-9868-57a2d4851a1d" />
    <TestEntry testId="387c9729-48c1-486e-5e67-f5d11a9f0db8" executionId="5765866d-68e4-44da-a78c-804d8b635384" testListId="8c84fa94-04c1-424b-9868-57a2d4851a1d" />
    <TestEntry testId="60bd668f-04df-da5e-b79b-5d9aedb5234d" executionId="7fd75146-9209-43ff-a52f-897ecbacc6f7" testListId="8c84fa94-04c1-424b-9868-57a2d4851a1d" />
    <TestEntry testId="eaabd2fc-2f4b-5689-59c8-c7ad34a8f634" executionId="9d498d0b-3734-441c-833e-fae49b5fd329" testListId="8c84fa94-04c1-424b-9868-57a2d4851a1d" />
    <TestEntry testId="0eeef75f-6e38-7893-a8fe-cff3e0a970a7" executionId="9190eea8-2d1f-4692-b9ac-be0596d410e3" testListId="8c84fa94-04c1-424b-9868-57a2d4851a1d" />
    <TestEntry testId="894941c1-bfa7-d8f9-c047-1e1ceefe2c2f" executionId="112663e2-43ca-4b7f-820e-250776bf14b2" testListId="8c84fa94-04c1-424b-9868-57a2d4851a1d" />
    <TestEntry testId="a19a5fcf-c5d2-7d44-5d7d-84403042f4e0" executionId="caebb278-92c1-4a18-9a34-41373337337b" testListId="8c84fa94-04c1-424b-9868-57a2d4851a1d" />
    <TestEntry testId="aa28a6b3-21d3-aa45-24d3-bef2facbc899" executionId="79367e09-2384-4a4c-acca-489db01e3c63" testListId="8c84fa94-04c1-424b-9868-57a2d4851a1d" />
    <TestEntry testId="2602613f-c8e2-a6d9-fcf7-5b27d4a770a6" executionId="e9eb5141-f01a-4335-bc48-ea85d72f7aa9" testListId="8c84fa94-04c1-424b-9868-57a2d4851a1d" />
    <TestEntry testId="e2d7e5be-3dae-33ae-fb17-c704b6fd58d6" executionId="3bac5a05-4501-4541-9e8a-f13cfc989d86" testListId="8c84fa94-04c1-424b-9868-57a2d4851a1d" />
    <TestEntry testId="9c7df5e2-1b23-ebea-889f-b78ca86b60ab" executionId="72fc9e84-51b6-4275-8ba0-023320ca0633" testListId="8c84fa94-04c1-424b-9868-57a2d4851a1d" />
    <TestEntry testId="531222da-a6ec-317a-a234-c669a492dcdc" executionId="f72732e4-609d-4814-809a-e9e3b665061b" testListId="8c84fa94-04c1-424b-9868-57a2d4851a1d" />
    <TestEntry testId="f44a1b21-8efc-bfac-63b4-d534442def31" executionId="0927e533-fe1d-497c-b067-0d0bad501fa5" testListId="8c84fa94-04c1-424b-9868-57a2d4851a1d" />
    <TestEntry testId="644ec43e-70cd-c82d-42e7-0d990be1414d" executionId="6efc0068-7cf0-49fa-8304-83e198582518" testListId="8c84fa94-04c1-424b-9868-57a2d4851a1d" />
    <TestEntry testId="dc8e2bbf-7e28-8ee9-86f7-eefbfaee0a16" executionId="c0c36e0d-1e7c-456c-a7bd-3ff12f87caca" testListId="8c84fa94-04c1-424b-9868-57a2d4851a1d" />
    <TestEntry testId="83428072-000c-fcb5-b3ac-d1228dcbfea1" executionId="6a23c69a-e96a-43e0-9249-fe67501e1831" testListId="8c84fa94-04c1-424b-9868-57a2d4851a1d" />
    <TestEntry testId="e37cedcd-edff-3528-d108-8632b3514b4e" executionId="6bcc861b-5e20-40bf-a72c-fc6e7a2a77f2" testListId="8c84fa94-04c1-424b-9868-57a2d4851a1d" />
    <TestEntry testId="06d0bc3a-24a0-fb7f-4277-e9ae6d21c7dd" executionId="e184555b-b0c0-42ad-b01f-113ce56c7437" testListId="8c84fa94-04c1-424b-9868-57a2d4851a1d" />
    <TestEntry testId="25012f7d-016d-73e6-c748-0cc2ed87bbdb" executionId="3b7d00ef-0a30-4cf7-a2bb-5497ec9421fb" testListId="8c84fa94-04c1-424b-9868-57a2d4851a1d" />
    <TestEntry testId="69340bb6-3645-f9dd-971e-29d8b2a009bb" executionId="cc0ee176-a1c0-4a8d-8eae-988c3e68bec7" testListId="8c84fa94-04c1-424b-9868-57a2d4851a1d" />
    <TestEntry testId="b8047669-cdb6-19f5-161c-4dd137e4d8b7" executionId="e9be7104-d475-4428-a80c-746ebf3455e0" testListId="8c84fa94-04c1-424b-9868-57a2d4851a1d" />
    <TestEntry testId="a2e59116-cb53-1d70-9cb8-21c286516866" executionId="0c0fb35a-82fa-465b-ba4b-1d54b3383512" testListId="8c84fa94-04c1-424b-9868-57a2d4851a1d" />
  </TestEntries>
  <TestLists>
    <TestList name="Список результатов" id="8c84fa94-04c1-424b-9868-57a2d4851a1d" />
    <TestList name="Все загруженные результаты" id="19431567-8539-422a-85d7-44ee4e166bda" />
  </TestLists>
  <ResultSummary outcome="Completed">
    <Counters total="39" executed="39" passed="39" failed="0" error="0" timeout="0" aborted="0" inconclusive="0" passedButRunAborted="0" notRunnable="0" notExecuted="0" disconnected="0" warning="0" completed="0" inProgress="0" pending="0" />
    <Output>
      <StdOut>[xUnit.net 00:00:00.00] xUnit.net VSTest Adapter v2.4.5+1caef2f33e (64-bit .NET 6.0.3)&#xD;
[xUnit.net 00:00:00.53]   Discovering: BL.Tests&#xD;
[xUnit.net 00:00:00.72]   Discovered:  BL.Tests&#xD;
[xUnit.net 00:00:00.73]   Starting:    BL.Tests&#xD;
[xUnit.net 00:00:00.97]   Finished:    BL.Tests&#xD;
</StdOut>
    </Output>
  </ResultSummary>
</TestRun>