<?xml version="1.0" encoding="utf-8"?>
<TestRun id="99ff3de3-80f9-4260-98d2-5d170ed58ebb" name="alena@DESKTOP-TJ9D65N 2022-10-15 20:44:51" runUser="DESKTOP-TJ9D65N\alena" xmlns="http://microsoft.com/schemas/VisualStudio/TeamTest/2010">
  <Times creation="2022-10-15T20:44:51.3893166+03:00" queuing="2022-10-15T20:44:51.3893168+03:00" start="2022-10-15T20:44:49.9715858+03:00" finish="2022-10-15T20:44:51.4449241+03:00" />
  <TestSettings name="default" id="62ddc680-dfad-4279-9a16-1a95bf8668a2">
    <Deployment runDeploymentRoot="alena_DESKTOP-TJ9D65N_2022-10-15_20_44_51" />
  </TestSettings>
  <Results>
    <UnitTestResult executionId="e91d0bca-7245-4783-b773-148eabf743df" testId="69340bb6-3645-f9dd-971e-29d8b2a009bb" testName="BL.Tests.UsersServiceTests.TestLogInWithWrongPassword" computerName="DESKTOP-TJ9D65N" duration="00:00:00.0027988" startTime="2022-10-15T20:44:51.3520468+03:00" endTime="2022-10-15T20:44:51.3520469+03:00" testType="13cdc9d9-ddb5-4fa4-a97d-d965ccfc6d4b" outcome="Passed" testListId="8c84fa94-04c1-424b-9868-57a2d4851a1d" relativeResultsDirectory="e91d0bca-7245-4783-b773-148eabf743df" />
    <UnitTestResult executionId="b5927c37-2ce8-4069-bc9f-f8e2052109f6" testId="59fee12f-9244-70a5-a148-bb45b1c3c02a" testName="BL.Tests.LiftsServiceTest.TestGetLiftsInfoAsync(userID: 119, initialLifts: [Lift { LiftID = 86, LiftName = liftName0adf1d05-7ad7-4f10-94dd-5aaffd27d4a1, IsOpen = True, SeatsAmount = 216, LiftingTime = 78, QueueTime = 136, ConnectedSlopes =  }, Lift { LiftID = 204, LiftName = liftName59dfb0aa-6207-4f00-b14b-cc6c6e800936, IsOpen = False, SeatsAmount = 233, LiftingTime = 67, QueueTime = 249, ConnectedSlopes =  }, Lift { LiftID = 149, LiftName = liftName77a26517-49a1-44a7-ad25-093f22b8d3d8, IsOpen = True, SeatsAmount = 18, LiftingTime = 206, QueueTime = 36, ConnectedSlopes =  }], checkPermissionServiceMock: Mock&lt;ICheckPermissionService:2&gt;, liftsRepositoryStub: Mock&lt;ILiftsRepository:2&gt;, liftsSlopesRepositoryStub: Mock&lt;ILiftsSlopesRepository:2&gt;, sut: LiftsService { })" computerName="DESKTOP-TJ9D65N" duration="00:00:00.0093008" startTime="2022-10-15T20:44:51.3462593+03:00" endTime="2022-10-15T20:44:51.3462593+03:00" testType="13cdc9d9-ddb5-4fa4-a97d-d965ccfc6d4b" outcome="Passed" testListId="8c84fa94-04c1-424b-9868-57a2d4851a1d" relativeResultsDirectory="b5927c37-2ce8-4069-bc9f-f8e2052109f6" />
    <UnitTestResult executionId="32c57194-6454-4772-a742-a8c6cd3b5939" testId="f3efc418-a8a6-c7b7-9bac-90b33aa8472f" testName="BL.Tests.CheckPermissionsServiceTests.AdminHasAccessToAllFunctions" computerName="DESKTOP-TJ9D65N" duration="00:00:00.0017206" startTime="2022-10-15T20:44:51.3765292+03:00" endTime="2022-10-15T20:44:51.3765294+03:00" testType="13cdc9d9-ddb5-4fa4-a97d-d965ccfc6d4b" outcome="Passed" testListId="8c84fa94-04c1-424b-9868-57a2d4851a1d" relativeResultsDirectory="32c57194-6454-4772-a742-a8c6cd3b5939" />
    <UnitTestResult executionId="594a7e60-9a94-48ff-8d97-b9052f62be2a" testId="387c9729-48c1-486e-5e67-f5d11a9f0db8" testName="BL.Tests.CheckPermissionsServiceTests.UnauthorizedHasNoAccessToAdminSkiPatrolFunctions(functionName: &quot;GetLiftsSlopesInfoAsync&quot;)" computerName="DESKTOP-TJ9D65N" duration="00:00:00.0015421" startTime="2022-10-15T20:44:51.3424844+03:00" endTime="2022-10-15T20:44:51.3424845+03:00" testType="13cdc9d9-ddb5-4fa4-a97d-d965ccfc6d4b" outcome="Passed" testListId="8c84fa94-04c1-424b-9868-57a2d4851a1d" relativeResultsDirectory="594a7e60-9a94-48ff-8d97-b9052f62be2a" />
    <UnitTestResult executionId="e416e17f-8967-4dff-9110-045a1579b351" testId="4f297306-d4f3-8d63-e7f4-1ac0b8c58c74" testName="BL.Tests.CheckPermissionsServiceTests.AuthorizedHasNoAccessToAdminSkiPatrolFunctions(functionName: &quot;GetLiftsSlopesInfoAsync&quot;)" computerName="DESKTOP-TJ9D65N" duration="00:00:00.0010759" startTime="2022-10-15T20:44:51.3556144+03:00" endTime="2022-10-15T20:44:51.3556145+03:00" testType="13cdc9d9-ddb5-4fa4-a97d-d965ccfc6d4b" outcome="Passed" testListId="8c84fa94-04c1-424b-9868-57a2d4851a1d" relativeResultsDirectory="e416e17f-8967-4dff-9110-045a1579b351" />
    <UnitTestResult executionId="2adfa9f3-f7b7-4df4-8594-37236fe8e3bd" testId="6887034d-caa0-2cfe-45a4-0f33b8a1f1f6" testName="BL.Tests.SlopesServiceTest.TestAdminDeleteSlopeAsync(userID: 149, slope: Slope { SlopeID = 85, SlopeName = slopeName4800994b-a018-4fab-b68c-f3c8776a38d0, IsOpen = True, DifficultyLevel = 41, ConnectedLifts =  }, checkPermissionServiceMock: Mock&lt;ICheckPermissionService:9&gt;, slopesRepositoryStub: Mock&lt;ISlopesRepository:7&gt;, liftsSlopesRepositoryStub: Mock&lt;ILiftsSlopesRepository:12&gt;, sut: SlopesService { })" computerName="DESKTOP-TJ9D65N" duration="00:00:00.0054041" startTime="2022-10-15T20:44:51.3461128+03:00" endTime="2022-10-15T20:44:51.3461129+03:00" testType="13cdc9d9-ddb5-4fa4-a97d-d965ccfc6d4b" outcome="Passed" testListId="8c84fa94-04c1-424b-9868-57a2d4851a1d" relativeResultsDirectory="2adfa9f3-f7b7-4df4-8594-37236fe8e3bd" />
    <UnitTestResult executionId="ca453494-9e63-4116-94c7-cd5c77f97eaf" testId="c36970dc-93f7-753e-fa47-157133b01644" testName="BL.Tests.CheckPermissionsServiceTests.SkiPatrolHasAccessToAdminSkiPatrolFunctions(functionName: &quot;GetMessagesAsync&quot;)" computerName="DESKTOP-TJ9D65N" duration="00:00:00.0007959" startTime="2022-10-15T20:44:51.3462806+03:00" endTime="2022-10-15T20:44:51.3462807+03:00" testType="13cdc9d9-ddb5-4fa4-a97d-d965ccfc6d4b" outcome="Passed" testListId="8c84fa94-04c1-424b-9868-57a2d4851a1d" relativeResultsDirectory="ca453494-9e63-4116-94c7-cd5c77f97eaf" />
    <UnitTestResult executionId="0d7a282f-b9aa-4257-9ac4-f44291ee574e" testId="54f7b4fe-af59-3ec9-5a79-ebd157c1c15b" testName="BL.Tests.LiftsServiceTest.TestAdminDeleteLiftAsync(userID: 16, lift: Lift { LiftID = 85, LiftName = liftName1e6f2f69-278a-460a-9aee-9900d79badac, IsOpen = True, SeatsAmount = 50, LiftingTime = 254, QueueTime = 147, ConnectedSlopes =  }, checkPermissionServiceMock: Mock&lt;ICheckPermissionService:4&gt;, liftsRepositoryStub: Mock&lt;ILiftsRepository:4&gt;, liftsSlopesRepositoryStub: Mock&lt;ILiftsSlopesRepository:4&gt;, sut: LiftsService { })" computerName="DESKTOP-TJ9D65N" duration="00:00:00.0116516" startTime="2022-10-15T20:44:51.3445355+03:00" endTime="2022-10-15T20:44:51.3445356+03:00" testType="13cdc9d9-ddb5-4fa4-a97d-d965ccfc6d4b" outcome="Passed" testListId="8c84fa94-04c1-424b-9868-57a2d4851a1d" relativeResultsDirectory="0d7a282f-b9aa-4257-9ac4-f44291ee574e" />
    <UnitTestResult executionId="1e128d76-0ae2-4530-99ab-979f5c1838a9" testId="39be9b5e-0bc4-57dc-37d3-aec6b520299d" testName="BL.Tests.LiftsSlopesServiceTests.TestGetLiftsSlopesInfoAsync(liftsSlopes: [LiftSlope { RecordID = 133, LiftID = 130, SlopeID = 5 }, LiftSlope { RecordID = 216, LiftID = 210, SlopeID = 241 }, LiftSlope { RecordID = 58, LiftID = 157, SlopeID = 236 }], slopesRepositoryStub: Mock&lt;ISlopesRepository:1&gt;, liftsRepositoryStub: Mock&lt;ILiftsRepository:6&gt;, liftsSlopesRepositoryStub: Mock&lt;ILiftsSlopesRepository:6&gt;)" computerName="DESKTOP-TJ9D65N" duration="00:00:00.0043106" startTime="2022-10-15T20:44:51.3446881+03:00" endTime="2022-10-15T20:44:51.3446881+03:00" testType="13cdc9d9-ddb5-4fa4-a97d-d965ccfc6d4b" outcome="Passed" testListId="8c84fa94-04c1-424b-9868-57a2d4851a1d" relativeResultsDirectory="1e128d76-0ae2-4530-99ab-979f5c1838a9" />
    <UnitTestResult executionId="5e4435bf-b99a-44cc-adf1-bdb961592f64" testId="229812f5-9a73-5335-11f5-31330d1348a5" testName="BL.Tests.CheckPermissionsServiceTests.UnauthorizedHasNoAccessToAdminSkiPatrolFunctions(functionName: &quot;GetMessagesAsync&quot;)" computerName="DESKTOP-TJ9D65N" duration="00:00:00.0012813" startTime="2022-10-15T20:44:51.3429660+03:00" endTime="2022-10-15T20:44:51.3429660+03:00" testType="13cdc9d9-ddb5-4fa4-a97d-d965ccfc6d4b" outcome="Passed" testListId="8c84fa94-04c1-424b-9868-57a2d4851a1d" relativeResultsDirectory="5e4435bf-b99a-44cc-adf1-bdb961592f64" />
    <UnitTestResult executionId="255ce79f-9a7b-47df-91a9-a475f80bc164" testId="1ca07ad8-f799-c5d4-e7cc-34fd950198a2" testName="BL.Tests.UsersServiceTests.TestLogInOk" computerName="DESKTOP-TJ9D65N" duration="00:00:00.0032307" startTime="2022-10-15T20:44:51.3471224+03:00" endTime="2022-10-15T20:44:51.3471225+03:00" testType="13cdc9d9-ddb5-4fa4-a97d-d965ccfc6d4b" outcome="Passed" testListId="8c84fa94-04c1-424b-9868-57a2d4851a1d" relativeResultsDirectory="255ce79f-9a7b-47df-91a9-a475f80bc164" />
    <UnitTestResult executionId="520b0b74-854c-4231-8752-673479c8c12c" testId="32f37061-9f26-5f64-6522-4348e67edda1" testName="BL.Tests.SlopesServiceTest.TestUpdateSlopeInfoAsync(userID: 79, slope: Slope { SlopeID = 205, SlopeName = slopeName347a4da0-2cde-4131-bcda-cc04e4b5c2e1, IsOpen = True, DifficultyLevel = 80, ConnectedLifts =  }, checkPermissionServiceMock: Mock&lt;ICheckPermissionService:8&gt;, slopesRepositoryStub: Mock&lt;ISlopesRepository:6&gt;, sut: SlopesService { })" computerName="DESKTOP-TJ9D65N" duration="00:00:00.0105717" startTime="2022-10-15T20:44:51.3463685+03:00" endTime="2022-10-15T20:44:51.3463686+03:00" testType="13cdc9d9-ddb5-4fa4-a97d-d965ccfc6d4b" outcome="Passed" testListId="8c84fa94-04c1-424b-9868-57a2d4851a1d" relativeResultsDirectory="520b0b74-854c-4231-8752-673479c8c12c" />
    <UnitTestResult executionId="09a65123-cddd-4b39-b476-da3aa976d3f4" testId="107c4a19-225c-f9df-ba5a-f215bf2b59c2" testName="BL.Tests.TurnstilesServiceTest.TestAdminUpdateTurnstileAsync(userID: 59, turnstile: Turnstile { TurnstileID = 150, LiftID = 36, IsOpen = True }, checkPermissionServiceMock: Mock&lt;ICheckPermissionService:14&gt;, turnstilesRepositoryStub: Mock&lt;ITurnstilesRepository:8&gt;, sut: TurnstilesService { })" computerName="DESKTOP-TJ9D65N" duration="00:00:00.0311629" startTime="2022-10-15T20:44:51.2605166+03:00" endTime="2022-10-15T20:44:51.2605387+03:00" testType="13cdc9d9-ddb5-4fa4-a97d-d965ccfc6d4b" outcome="Passed" testListId="8c84fa94-04c1-424b-9868-57a2d4851a1d" relativeResultsDirectory="09a65123-cddd-4b39-b476-da3aa976d3f4" />
    <UnitTestResult executionId="27fbdecd-dbfa-44eb-9601-69ff515e20b2" testId="e2d7e5be-3dae-33ae-fb17-c704b6fd58d6" testName="BL.Tests.CheckPermissionsServiceTests.UnauthorizedHasNoAccessToAdminFunctions" computerName="DESKTOP-TJ9D65N" duration="00:00:00.0023012" startTime="2022-10-15T20:44:51.3682925+03:00" endTime="2022-10-15T20:44:51.3682927+03:00" testType="13cdc9d9-ddb5-4fa4-a97d-d965ccfc6d4b" outcome="Passed" testListId="8c84fa94-04c1-424b-9868-57a2d4851a1d" relativeResultsDirectory="27fbdecd-dbfa-44eb-9601-69ff515e20b2" />
    <UnitTestResult executionId="287088b8-9049-44cd-aae2-c15a46253ecf" testId="492c0393-35b4-df26-a537-21ca08302f3c" testName="BL.Tests.CheckPermissionsServiceTests.SkiPatrolHasNoAccessToAdminFunctions" computerName="DESKTOP-TJ9D65N" duration="00:00:00.0020531" startTime="2022-10-15T20:44:51.3723794+03:00" endTime="2022-10-15T20:44:51.3723796+03:00" testType="13cdc9d9-ddb5-4fa4-a97d-d965ccfc6d4b" outcome="Passed" testListId="8c84fa94-04c1-424b-9868-57a2d4851a1d" relativeResultsDirectory="287088b8-9049-44cd-aae2-c15a46253ecf" />
    <UnitTestResult executionId="b3ea5db3-a111-44e2-9e5a-70b07f3c39d4" testId="9a91a85b-0b58-19c8-5194-7dc1c7364c0d" testName="BL.Tests.LiftsServiceTest.TestAdminAddAutoIncrementLiftAsync(userID: 18, lift: Lift { LiftID = 17, LiftName = liftName8c20e3dd-e9c2-40f1-821c-0e9594723d50, IsOpen = True, SeatsAmount = 118, LiftingTime = 82, QueueTime = 88, ConnectedSlopes =  }, checkPermissionServiceMock: Mock&lt;ICheckPermissionService:5&gt;, liftsRepositoryStub: Mock&lt;ILiftsRepository:5&gt;, sut: LiftsService { })" computerName="DESKTOP-TJ9D65N" duration="00:00:00.0078558" startTime="2022-10-15T20:44:51.3470920+03:00" endTime="2022-10-15T20:44:51.3470921+03:00" testType="13cdc9d9-ddb5-4fa4-a97d-d965ccfc6d4b" outcome="Passed" testListId="8c84fa94-04c1-424b-9868-57a2d4851a1d" relativeResultsDirectory="b3ea5db3-a111-44e2-9e5a-70b07f3c39d4" />
    <UnitTestResult executionId="a87b2f4e-088c-40d2-b724-9915cd6264e8" testId="9c7df5e2-1b23-ebea-889f-b78ca86b60ab" testName="BL.Tests.CheckPermissionsServiceTests.AuthorizedHasNoAccessToAdminSkiPatrolFunctions(functionName: &quot;MarkMessageReadByUserAsync&quot;)" computerName="DESKTOP-TJ9D65N" duration="00:00:00.0013583" startTime="2022-10-15T20:44:51.3516953+03:00" endTime="2022-10-15T20:44:51.3516954+03:00" testType="13cdc9d9-ddb5-4fa4-a97d-d965ccfc6d4b" outcome="Passed" testListId="8c84fa94-04c1-424b-9868-57a2d4851a1d" relativeResultsDirectory="a87b2f4e-088c-40d2-b724-9915cd6264e8" />
    <UnitTestResult executionId="d50cba3a-7d72-4a4b-9dc6-2c09471c8a38" testId="cfb69110-1d8c-a4dd-4029-5deacc788e01" testName="BL.Tests.LiftsServiceTest.TestUpdateLiftInfoAsync(userID: 81, lift: Lift { LiftID = 145, LiftName = liftNameb2ffcb30-cda3-430d-a41b-7fa67533c5c3, IsOpen = True, SeatsAmount = 221, LiftingTime = 141, QueueTime = 85, ConnectedSlopes =  }, checkPermissionServiceMock: Mock&lt;ICheckPermissionService:3&gt;, liftsRepositoryStub: Mock&lt;ILiftsRepository:3&gt;, sut: LiftsService { })" computerName="DESKTOP-TJ9D65N" duration="00:00:00.0068923" startTime="2022-10-15T20:44:51.3453583+03:00" endTime="2022-10-15T20:44:51.3453584+03:00" testType="13cdc9d9-ddb5-4fa4-a97d-d965ccfc6d4b" outcome="Passed" testListId="8c84fa94-04c1-424b-9868-57a2d4851a1d" relativeResultsDirectory="d50cba3a-7d72-4a4b-9dc6-2c09471c8a38" />
    <UnitTestResult executionId="834c802d-5895-4973-93ad-f20a0c64e005" testId="14a6540f-0ddd-e7d4-da57-d5addd63f6bb" testName="BL.Tests.TurnstilesServiceTest.TestAdminAddAutoIncrementTurnstileAsync(userID: 214, turnstile: Turnstile { TurnstileID = 143, LiftID = 199, IsOpen = True }, checkPermissionServiceMock: Mock&lt;ICheckPermissionService:16&gt;, turnstilesRepositoryStub: Mock&lt;ITurnstilesRepository:10&gt;, sut: TurnstilesService { })" computerName="DESKTOP-TJ9D65N" duration="00:00:00.0090291" startTime="2022-10-15T20:44:51.3454127+03:00" endTime="2022-10-15T20:44:51.3454127+03:00" testType="13cdc9d9-ddb5-4fa4-a97d-d965ccfc6d4b" outcome="Passed" testListId="8c84fa94-04c1-424b-9868-57a2d4851a1d" relativeResultsDirectory="834c802d-5895-4973-93ad-f20a0c64e005" />
    <UnitTestResult executionId="81f951eb-f744-461e-bf3b-e5538227838f" testId="81fdb3d4-668b-1234-3bd0-88b425f3d62b" testName="BL.Tests.SlopesServiceTest.TestAdminAddSlopeAsync(userID: 152, slope: Slope { SlopeID = 45, SlopeName = slopeName907de618-d503-4bca-a9e3-e2295170ab68, IsOpen = True, DifficultyLevel = 62, ConnectedLifts =  }, checkPermissionServiceMock: Mock&lt;ICheckPermissionService:11&gt;, slopesRepositoryStub: Mock&lt;ISlopesRepository:9&gt;, sut: SlopesService { })" computerName="DESKTOP-TJ9D65N" duration="00:00:00.0051663" startTime="2022-10-15T20:44:51.3429088+03:00" endTime="2022-10-15T20:44:51.3429089+03:00" testType="13cdc9d9-ddb5-4fa4-a97d-d965ccfc6d4b" outcome="Passed" testListId="8c84fa94-04c1-424b-9868-57a2d4851a1d" relativeResultsDirectory="81f951eb-f744-461e-bf3b-e5538227838f" />
    <UnitTestResult executionId="f16c8b66-419f-4045-a666-233e00481ea2" testId="fed48ebf-b8c6-356f-6395-7592f7396337" testName="BL.Tests.TurnstilesServiceTest.TestAdminDeleteTurnstileAsync(userID: 201, turnstile: Turnstile { TurnstileID = 87, LiftID = 187, IsOpen = True }, checkPermissionServiceMock: Mock&lt;ICheckPermissionService:15&gt;, turnstilesRepositoryStub: Mock&lt;ITurnstilesRepository:9&gt;, sut: TurnstilesService { })" computerName="DESKTOP-TJ9D65N" duration="00:00:00.0034079" startTime="2022-10-15T20:44:51.3428602+03:00" endTime="2022-10-15T20:44:51.3428603+03:00" testType="13cdc9d9-ddb5-4fa4-a97d-d965ccfc6d4b" outcome="Passed" testListId="8c84fa94-04c1-424b-9868-57a2d4851a1d" relativeResultsDirectory="f16c8b66-419f-4045-a666-233e00481ea2" />
    <UnitTestResult executionId="32274e69-af9f-499b-985f-9975fc88ee28" testId="78e4cfb9-d76a-178a-fa80-70deb3014460" testName="BL.Tests.LiftsServiceTest.TestGetLiftInfoAsync(userID: 83, lift: Lift { LiftID = 248, LiftName = liftName1255b1be-fcf0-4bf4-8f85-e289b569a10c, IsOpen = True, SeatsAmount = 149, LiftingTime = 254, QueueTime = 85, ConnectedSlopes =  }, checkPermissionServiceMock: Mock&lt;ICheckPermissionService:1&gt;, liftsRepositoryStub: Mock&lt;ILiftsRepository:1&gt;, liftsSlopesRepositoryStub: Mock&lt;ILiftsSlopesRepository:1&gt;, sut: LiftsService { })" computerName="DESKTOP-TJ9D65N" duration="00:00:00.0330656" startTime="2022-10-15T20:44:51.2638570+03:00" endTime="2022-10-15T20:44:51.2638571+03:00" testType="13cdc9d9-ddb5-4fa4-a97d-d965ccfc6d4b" outcome="Passed" testListId="8c84fa94-04c1-424b-9868-57a2d4851a1d" relativeResultsDirectory="32274e69-af9f-499b-985f-9975fc88ee28" />
    <UnitTestResult executionId="6aa0b3ca-23f5-44e5-8f39-432b6f93d886" testId="20ad8570-0170-85de-dcd7-2f109dd7bcd6" testName="BL.Tests.UsersServiceTests.TestAdminGetUsers" computerName="DESKTOP-TJ9D65N" duration="00:00:00.0359162" startTime="2022-10-15T20:44:51.2638979+03:00" endTime="2022-10-15T20:44:51.2638979+03:00" testType="13cdc9d9-ddb5-4fa4-a97d-d965ccfc6d4b" outcome="Passed" testListId="8c84fa94-04c1-424b-9868-57a2d4851a1d" relativeResultsDirectory="6aa0b3ca-23f5-44e5-8f39-432b6f93d886" />
    <UnitTestResult executionId="aa740a72-bd55-48d2-9b71-c0fa83ccc6bf" testId="23b6c968-3044-fcb0-2976-974e9e4079ce" testName="BL.Tests.SlopesServiceTest.TestAdminAddAutoIncrementSlopeAsync(userID: 134, slope: Slope { SlopeID = 111, SlopeName = slopeName60a062a5-c77e-4374-8e8f-e4f71526607b, IsOpen = True, DifficultyLevel = 215, ConnectedLifts =  }, checkPermissionServiceMock: Mock&lt;ICheckPermissionService:10&gt;, slopesRepositoryStub: Mock&lt;ISlopesRepository:8&gt;, sut: SlopesService { })" computerName="DESKTOP-TJ9D65N" duration="00:00:00.0076971" startTime="2022-10-15T20:44:51.3499590+03:00" endTime="2022-10-15T20:44:51.3499591+03:00" testType="13cdc9d9-ddb5-4fa4-a97d-d965ccfc6d4b" outcome="Passed" testListId="8c84fa94-04c1-424b-9868-57a2d4851a1d" relativeResultsDirectory="aa740a72-bd55-48d2-9b71-c0fa83ccc6bf" />
    <UnitTestResult executionId="068f098e-376f-4600-bebe-87faec5bce84" testId="1be53ca6-7d3f-3742-cc0f-4c3b0507e288" testName="BL.Tests.SlopesServiceTest.TestGetSlopesInfoAsync(userID: 51, initialSlopes: [Slope { SlopeID = 33, SlopeName = slopeName8121036a-09e9-4def-bec7-0f70e1cb58df, IsOpen = True, DifficultyLevel = 139, ConnectedLifts =  }, Slope { SlopeID = 55, SlopeName = slopeName933bc178-03da-4ec0-82c9-33d0f6f9064a, IsOpen = False, DifficultyLevel = 95, ConnectedLifts =  }, Slope { SlopeID = 231, SlopeName = slopeName9aa6fc10-481c-45a4-8835-cdc0b2844dbf, IsOpen = True, DifficultyLevel = 174, ConnectedLifts =  }], checkPermissionServiceMock: Mock&lt;ICheckPermissionService:7&gt;, slopesRepositoryStub: Mock&lt;ISlopesRepository:5&gt;, liftsSlopesRepositoryStub: Mock&lt;ILiftsSlopesRepository:10&gt;, sut: SlopesService { })" computerName="DESKTOP-TJ9D65N" duration="00:00:00.0573214" startTime="2022-10-15T20:44:51.2831494+03:00" endTime="2022-10-15T20:44:51.2831495+03:00" testType="13cdc9d9-ddb5-4fa4-a97d-d965ccfc6d4b" outcome="Passed" testListId="8c84fa94-04c1-424b-9868-57a2d4851a1d" relativeResultsDirectory="068f098e-376f-4600-bebe-87faec5bce84" />
    <UnitTestResult executionId="235dc593-d3fd-4493-b298-bd1a42622326" testId="60bd668f-04df-da5e-b79b-5d9aedb5234d" testName="BL.Tests.CheckPermissionsServiceTests.SkiPatrolHasAccessToAdminSkiPatrolFunctions(functionName: &quot;MarkMessageReadByUserAsync&quot;)" computerName="DESKTOP-TJ9D65N" duration="00:00:00.0010258" startTime="2022-10-15T20:44:51.3461596+03:00" endTime="2022-10-15T20:44:51.3461596+03:00" testType="13cdc9d9-ddb5-4fa4-a97d-d965ccfc6d4b" outcome="Passed" testListId="8c84fa94-04c1-424b-9868-57a2d4851a1d" relativeResultsDirectory="235dc593-d3fd-4493-b298-bd1a42622326" />
    <UnitTestResult executionId="3eb7f84f-4d53-45fe-a653-43897dae04bb" testId="a19a5fcf-c5d2-7d44-5d7d-84403042f4e0" testName="BL.Tests.CheckPermissionsServiceTests.UnauthorizedHasNoAccessToAdminSkiPatrolFunctions(functionName: &quot;MarkMessageReadByUserAsync&quot;)" computerName="DESKTOP-TJ9D65N" duration="00:00:00.0303953" startTime="2022-10-15T20:44:51.2638452+03:00" endTime="2022-10-15T20:44:51.2638452+03:00" testType="13cdc9d9-ddb5-4fa4-a97d-d965ccfc6d4b" outcome="Passed" testListId="8c84fa94-04c1-424b-9868-57a2d4851a1d" relativeResultsDirectory="3eb7f84f-4d53-45fe-a653-43897dae04bb" />
    <UnitTestResult executionId="0849252c-4ba3-4f91-9189-5722de0a180c" testId="2d706594-f2b3-b3c8-21d4-86c9798c3306" testName="BL.Tests.CheckPermissionsServiceTests.SkiPatrolHasAccessToAdminSkiPatrolFunctions(functionName: &quot;GetLiftsSlopesInfoAsync&quot;)" computerName="DESKTOP-TJ9D65N" duration="00:00:00.0051415" startTime="2022-10-15T20:44:51.3456118+03:00" endTime="2022-10-15T20:44:51.3456119+03:00" testType="13cdc9d9-ddb5-4fa4-a97d-d965ccfc6d4b" outcome="Passed" testListId="8c84fa94-04c1-424b-9868-57a2d4851a1d" relativeResultsDirectory="0849252c-4ba3-4f91-9189-5722de0a180c" />
    <UnitTestResult executionId="51dfc504-2cc1-476a-a685-c749052b720b" testId="f44a1b21-8efc-bfac-63b4-d534442def31" testName="BL.Tests.UsersServiceTests.TestRegisterUserWithNoPassword" computerName="DESKTOP-TJ9D65N" duration="00:00:00.0015562" startTime="2022-10-15T20:44:51.3430325+03:00" endTime="2022-10-15T20:44:51.3430325+03:00" testType="13cdc9d9-ddb5-4fa4-a97d-d965ccfc6d4b" outcome="Passed" testListId="8c84fa94-04c1-424b-9868-57a2d4851a1d" relativeResultsDirectory="51dfc504-2cc1-476a-a685-c749052b720b" />
    <UnitTestResult executionId="64c8aa4c-d6b2-4155-bfb9-13e210ef547b" testId="2602613f-c8e2-a6d9-fcf7-5b27d4a770a6" testName="BL.Tests.CheckPermissionsServiceTests.AuthorizedHasNoAccessToAdminSkiPatrolFunctions(functionName: &quot;GetMessagesAsync&quot;)" computerName="DESKTOP-TJ9D65N" duration="00:00:00.0026042" startTime="2022-10-15T20:44:51.3478409+03:00" endTime="2022-10-15T20:44:51.3478411+03:00" testType="13cdc9d9-ddb5-4fa4-a97d-d965ccfc6d4b" outcome="Passed" testListId="8c84fa94-04c1-424b-9868-57a2d4851a1d" relativeResultsDirectory="64c8aa4c-d6b2-4155-bfb9-13e210ef547b" />
    <UnitTestResult executionId="1e5d9f97-f8f4-488f-86a5-eae95561aae8" testId="06d0bc3a-24a0-fb7f-4277-e9ae6d21c7dd" testName="BL.Tests.UsersServiceTests.TestAdminUpdateUser" computerName="DESKTOP-TJ9D65N" duration="00:00:00.0063781" startTime="2022-10-15T20:44:51.3455895+03:00" endTime="2022-10-15T20:44:51.3455896+03:00" testType="13cdc9d9-ddb5-4fa4-a97d-d965ccfc6d4b" outcome="Passed" testListId="8c84fa94-04c1-424b-9868-57a2d4851a1d" relativeResultsDirectory="1e5d9f97-f8f4-488f-86a5-eae95561aae8" />
    <UnitTestResult executionId="4ad2b24b-3cfd-4a2d-b55b-68aa838bfbc0" testId="317c2f2c-ca56-ff1b-1c19-c4db96eac32b" testName="BL.Tests.LiftsSlopesServiceTests.TestAdminDeleteLiftSlopeAsync(lift: Lift { LiftID = 20, LiftName = liftNameb764dda5-f9f6-462b-9332-d37257596479, IsOpen = True, SeatsAmount = 218, LiftingTime = 167, QueueTime = 22, ConnectedSlopes =  }, slope: Slope { SlopeID = 58, SlopeName = slopeName58af53e3-58ca-4b8b-9d7e-d7317075deaf, IsOpen = False, DifficultyLevel = 153, ConnectedLifts =  }, slopesRepositoryStub: Mock&lt;ISlopesRepository:2&gt;, liftsRepositoryStub: Mock&lt;ILiftsRepository:7&gt;, liftsSlopesRepositoryStub: Mock&lt;ILiftsSlopesRepository:7&gt;)" computerName="DESKTOP-TJ9D65N" duration="00:00:00.0305061" startTime="2022-10-15T20:44:51.2638116+03:00" endTime="2022-10-15T20:44:51.2638117+03:00" testType="13cdc9d9-ddb5-4fa4-a97d-d965ccfc6d4b" outcome="Passed" testListId="8c84fa94-04c1-424b-9868-57a2d4851a1d" relativeResultsDirectory="4ad2b24b-3cfd-4a2d-b55b-68aa838bfbc0" />
    <UnitTestResult executionId="f1ead7fc-c6ad-4afb-a3dd-e788378eaf7a" testId="aa28a6b3-21d3-aa45-24d3-bef2facbc899" testName="BL.Tests.CheckPermissionsServiceTests.AuthorizedHasAccessToAuthorizedFunctions(functionName: &quot;LogOutAsync&quot;)" computerName="DESKTOP-TJ9D65N" duration="00:00:00.0012018" startTime="2022-10-15T20:44:51.3638755+03:00" endTime="2022-10-15T20:44:51.3638756+03:00" testType="13cdc9d9-ddb5-4fa4-a97d-d965ccfc6d4b" outcome="Passed" testListId="8c84fa94-04c1-424b-9868-57a2d4851a1d" relativeResultsDirectory="f1ead7fc-c6ad-4afb-a3dd-e788378eaf7a" />
    <UnitTestResult executionId="58e32971-f8ea-4070-bcf1-7ef7a0fc413c" testId="18fa8c62-e27d-e1fc-8182-4d7db62b008d" testName="BL.Tests.UsersServiceTests.TestAdminDeleteUser" computerName="DESKTOP-TJ9D65N" duration="00:00:00.0024839" startTime="2022-10-15T20:44:51.3715895+03:00" endTime="2022-10-15T20:44:51.3715897+03:00" testType="13cdc9d9-ddb5-4fa4-a97d-d965ccfc6d4b" outcome="Passed" testListId="8c84fa94-04c1-424b-9868-57a2d4851a1d" relativeResultsDirectory="58e32971-f8ea-4070-bcf1-7ef7a0fc413c" />
    <UnitTestResult executionId="050ad476-0a61-4f3b-8d7c-86bc4000dbf8" testId="0eeef75f-6e38-7893-a8fe-cff3e0a970a7" testName="BL.Tests.UsersServiceTests.TestRegisterOk" computerName="DESKTOP-TJ9D65N" duration="00:00:00.0147918" startTime="2022-10-15T20:44:51.3463898+03:00" endTime="2022-10-15T20:44:51.3463899+03:00" testType="13cdc9d9-ddb5-4fa4-a97d-d965ccfc6d4b" outcome="Passed" testListId="8c84fa94-04c1-424b-9868-57a2d4851a1d" relativeResultsDirectory="050ad476-0a61-4f3b-8d7c-86bc4000dbf8" />
    <UnitTestResult executionId="c7b56870-6901-4380-bb68-387506b7aec2" testId="e5497347-2721-b7a6-0bd4-69a9921f6947" testName="BL.Tests.UsersServiceTests.TestAdminGetUserByIDAsync" computerName="DESKTOP-TJ9D65N" duration="00:00:00.0032684" startTime="2022-10-15T20:44:51.3668757+03:00" endTime="2022-10-15T20:44:51.3668758+03:00" testType="13cdc9d9-ddb5-4fa4-a97d-d965ccfc6d4b" outcome="Passed" testListId="8c84fa94-04c1-424b-9868-57a2d4851a1d" relativeResultsDirectory="c7b56870-6901-4380-bb68-387506b7aec2" />
    <UnitTestResult executionId="3d830f56-1091-46b7-9047-2e13d23c4f95" testId="4c47be58-d19b-de65-9524-5ee68ae06a2f" testName="BL.Tests.LiftsSlopesServiceTests.TestAdminAddAutoIncrementLiftSlopeAsync(lift: Lift { LiftID = 152, LiftName = liftNamebee20e9c-684b-42fd-9f2d-004f9d9c6627, IsOpen = True, SeatsAmount = 104, LiftingTime = 193, QueueTime = 167, ConnectedSlopes =  }, slope: Slope { SlopeID = 151, SlopeName = slopeName705771a4-4c9d-46df-96ec-2cd018f8778a, IsOpen = False, DifficultyLevel = 189, ConnectedLifts =  }, slopesRepositoryStub: Mock&lt;ISlopesRepository:3&gt;, liftsRepositoryStub: Mock&lt;ILiftsRepository:8&gt;, liftsSlopesRepositoryStub: Mock&lt;ILiftsSlopesRepository:8&gt;)" computerName="DESKTOP-TJ9D65N" duration="00:00:00.0080871" startTime="2022-10-15T20:44:51.3430509+03:00" endTime="2022-10-15T20:44:51.3430510+03:00" testType="13cdc9d9-ddb5-4fa4-a97d-d965ccfc6d4b" outcome="Passed" testListId="8c84fa94-04c1-424b-9868-57a2d4851a1d" relativeResultsDirectory="3d830f56-1091-46b7-9047-2e13d23c4f95" />
    <UnitTestResult executionId="d7f7ecb1-20ed-4827-90e1-2839670a66a8" testId="fa960c5e-f989-2880-784e-8efe538c5231" testName="BL.Tests.CheckPermissionsServiceTests.UnauthorizedHasNoAccessToAuthorizedFunctions(functionName: &quot;LogOutAsync&quot;)" computerName="DESKTOP-TJ9D65N" duration="00:00:00.0015333" startTime="2022-10-15T20:44:51.3447284+03:00" endTime="2022-10-15T20:44:51.3447284+03:00" testType="13cdc9d9-ddb5-4fa4-a97d-d965ccfc6d4b" outcome="Passed" testListId="8c84fa94-04c1-424b-9868-57a2d4851a1d" relativeResultsDirectory="d7f7ecb1-20ed-4827-90e1-2839670a66a8" />
    <UnitTestResult executionId="e8615ef5-ad3e-4573-9032-59e9e0f0e6a7" testId="eaabd2fc-2f4b-5689-59c8-c7ad34a8f634" testName="BL.Tests.CheckPermissionsServiceTests.UnauthorizedHasNoAccessToAuthorizedFunctions(functionName: &quot;SendMessageAsync&quot;)" computerName="DESKTOP-TJ9D65N" duration="00:00:00.0031641" startTime="2022-10-15T20:44:51.3445869+03:00" endTime="2022-10-15T20:44:51.3445869+03:00" testType="13cdc9d9-ddb5-4fa4-a97d-d965ccfc6d4b" outcome="Passed" testListId="8c84fa94-04c1-424b-9868-57a2d4851a1d" relativeResultsDirectory="e8615ef5-ad3e-4573-9032-59e9e0f0e6a7" />
    <UnitTestResult executionId="4a1ac314-12a5-4fd0-8d54-bd06295a6dae" testId="3f19f1f2-31fa-532a-ee17-08b28e8b7d5b" testName="BL.Tests.TurnstilesServiceTest.TestAdminGetTurnstileAsync(userID: 196, turnstile: Turnstile { TurnstileID = 8, LiftID = 176, IsOpen = True }, checkPermissionServiceMock: Mock&lt;ICheckPermissionService:12&gt;, turnstilesRepositoryStub: Mock&lt;ITurnstilesRepository:6&gt;, sut: TurnstilesService { })" computerName="DESKTOP-TJ9D65N" duration="00:00:00.0049102" startTime="2022-10-15T20:44:51.3445683+03:00" endTime="2022-10-15T20:44:51.3445684+03:00" testType="13cdc9d9-ddb5-4fa4-a97d-d965ccfc6d4b" outcome="Passed" testListId="8c84fa94-04c1-424b-9868-57a2d4851a1d" relativeResultsDirectory="4a1ac314-12a5-4fd0-8d54-bd06295a6dae" />
    <UnitTestResult executionId="54692e51-f905-41ee-b42e-8ba5c5bcf908" testId="8184bd30-991c-b78d-b4ec-99a485eac0dd" testName="BL.Tests.UsersServiceTests.TestRegisterUserWithNoEmail" computerName="DESKTOP-TJ9D65N" duration="00:00:00.0028888" startTime="2022-10-15T20:44:51.3428223+03:00" endTime="2022-10-15T20:44:51.3428224+03:00" testType="13cdc9d9-ddb5-4fa4-a97d-d965ccfc6d4b" outcome="Passed" testListId="8c84fa94-04c1-424b-9868-57a2d4851a1d" relativeResultsDirectory="54692e51-f905-41ee-b42e-8ba5c5bcf908" />
    <UnitTestResult executionId="7f1ebe24-6071-4021-940c-5847faa71db5" testId="894941c1-bfa7-d8f9-c047-1e1ceefe2c2f" testName="BL.Tests.UsersServiceTests.TestRegisterUserWithRepeatedEmail" computerName="DESKTOP-TJ9D65N" duration="00:00:00.0040191" startTime="2022-10-15T20:44:51.3446690+03:00" endTime="2022-10-15T20:44:51.3446690+03:00" testType="13cdc9d9-ddb5-4fa4-a97d-d965ccfc6d4b" outcome="Passed" testListId="8c84fa94-04c1-424b-9868-57a2d4851a1d" relativeResultsDirectory="7f1ebe24-6071-4021-940c-5847faa71db5" />
    <UnitTestResult executionId="cb6c1db8-9c33-42bf-967a-e35c3ba64f35" testId="834c739b-eca4-b36d-6a66-5a1bd75377b8" testName="BL.Tests.UsersServiceTests.TestAdminAddAutoIncrementUser" computerName="DESKTOP-TJ9D65N" duration="00:00:00.0062790" startTime="2022-10-15T20:44:51.3610290+03:00" endTime="2022-10-15T20:44:51.3610291+03:00" testType="13cdc9d9-ddb5-4fa4-a97d-d965ccfc6d4b" outcome="Passed" testListId="8c84fa94-04c1-424b-9868-57a2d4851a1d" relativeResultsDirectory="cb6c1db8-9c33-42bf-967a-e35c3ba64f35" />
    <UnitTestResult executionId="da33884e-f1d7-42f0-a4af-e0a94482a428" testId="a2e59116-cb53-1d70-9cb8-21c286516866" testName="BL.Tests.CheckPermissionsServiceTests.AuthorizedHasNoAccessToAdminFunctions" computerName="DESKTOP-TJ9D65N" duration="00:00:00.0028861" startTime="2022-10-15T20:44:51.3464086+03:00" endTime="2022-10-15T20:44:51.3464086+03:00" testType="13cdc9d9-ddb5-4fa4-a97d-d965ccfc6d4b" outcome="Passed" testListId="8c84fa94-04c1-424b-9868-57a2d4851a1d" relativeResultsDirectory="da33884e-f1d7-42f0-a4af-e0a94482a428" />
    <UnitTestResult executionId="abbf916e-a030-493e-afbf-3a05740486d2" testId="644ec43e-70cd-c82d-42e7-0d990be1414d" testName="BL.Tests.CheckPermissionsServiceTests.AuthorizedHasAccessToAuthorizedFunctions(functionName: &quot;SendMessageAsync&quot;)" computerName="DESKTOP-TJ9D65N" duration="00:00:00.0015479" startTime="2022-10-15T20:44:51.3601768+03:00" endTime="2022-10-15T20:44:51.3601770+03:00" testType="13cdc9d9-ddb5-4fa4-a97d-d965ccfc6d4b" outcome="Passed" testListId="8c84fa94-04c1-424b-9868-57a2d4851a1d" relativeResultsDirectory="abbf916e-a030-493e-afbf-3a05740486d2" />
    <UnitTestResult executionId="fe120a06-d9f5-46e2-b815-0734eecf1081" testId="7dafa5eb-2cf1-f81c-b986-d809be7a7f2c" testName="BL.Tests.TurnstilesServiceTest.TestAdminGetTurnstilesAsync(userID: 153, initialTurnstiles: [Turnstile { TurnstileID = 89, LiftID = 162, IsOpen = True }, Turnstile { TurnstileID = 163, LiftID = 123, IsOpen = False }, Turnstile { TurnstileID = 97, LiftID = 118, IsOpen = True }], checkPermissionServiceMock: Mock&lt;ICheckPermissionService:13&gt;, turnstilesRepositoryStub: Mock&lt;ITurnstilesRepository:7&gt;, sut: TurnstilesService { })" computerName="DESKTOP-TJ9D65N" duration="00:00:00.0038858" startTime="2022-10-15T20:44:51.3461409+03:00" endTime="2022-10-15T20:44:51.3461409+03:00" testType="13cdc9d9-ddb5-4fa4-a97d-d965ccfc6d4b" outcome="Passed" testListId="8c84fa94-04c1-424b-9868-57a2d4851a1d" relativeResultsDirectory="fe120a06-d9f5-46e2-b815-0734eecf1081" />
    <UnitTestResult executionId="dd248a05-60f8-47c5-8f99-7f142ca3f625" testId="a00fbd93-edb9-e55c-59ca-c6408f36f6a4" testName="BL.Tests.SlopesServiceTest.TestGetSlopeInfoAsync(userID: 16, slope: Slope { SlopeID = 89, SlopeName = slopeNamec01455f9-eee7-4fd3-9e83-f4de7593e488, IsOpen = True, DifficultyLevel = 69, ConnectedLifts =  }, checkPermissionServiceMock: Mock&lt;ICheckPermissionService:6&gt;, slopesRepositoryStub: Mock&lt;ISlopesRepository:4&gt;, liftsSlopesRepositoryStub: Mock&lt;ILiftsSlopesRepository:9&gt;, sut: SlopesService { })" computerName="DESKTOP-TJ9D65N" duration="00:00:00.0125181" startTime="2022-10-15T20:44:51.3453098+03:00" endTime="2022-10-15T20:44:51.3453099+03:00" testType="13cdc9d9-ddb5-4fa4-a97d-d965ccfc6d4b" outcome="Passed" testListId="8c84fa94-04c1-424b-9868-57a2d4851a1d" relativeResultsDirectory="dd248a05-60f8-47c5-8f99-7f142ca3f625" />
  </Results>
  <TestDefinitions>
    <UnitTest name="BL.Tests.TurnstilesServiceTest.TestAdminDeleteTurnstileAsync(userID: 201, turnstile: Turnstile { TurnstileID = 87, LiftID = 187, IsOpen = True }, checkPermissionServiceMock: Mock&lt;ICheckPermissionService:15&gt;, turnstilesRepositoryStub: Mock&lt;ITurnstilesRepository:9&gt;, sut: TurnstilesService { })" storage="c:\users\alena\desktop\7_sem\testing_and_debugging\skiresort\bl.tests\bin\debug\net6.0\bl.tests.dll" id="fed48ebf-b8c6-356f-6395-7592f7396337">
      <Execution id="f16c8b66-419f-4045-a666-233e00481ea2" />
      <TestMethod codeBase="C:\Users\alena\Desktop\7_sem\testing_and_debugging\SkiResort\BL.Tests\bin\Debug\net6.0\BL.Tests.dll" adapterTypeName="executor://xunit/VsTestRunner2/netcoreapp" className="BL.Tests.TurnstilesServiceTest" name="TestAdminDeleteTurnstileAsync" />
    </UnitTest>
    <UnitTest name="BL.Tests.CheckPermissionsServiceTests.AuthorizedHasNoAccessToAdminSkiPatrolFunctions(functionName: &quot;MarkMessageReadByUserAsync&quot;)" storage="c:\users\alena\desktop\7_sem\testing_and_debugging\skiresort\bl.tests\bin\debug\net6.0\bl.tests.dll" id="9c7df5e2-1b23-ebea-889f-b78ca86b60ab">
      <Execution id="a87b2f4e-088c-40d2-b724-9915cd6264e8" />
      <TestMethod codeBase="C:\Users\alena\Desktop\7_sem\testing_and_debugging\SkiResort\BL.Tests\bin\Debug\net6.0\BL.Tests.dll" adapterTypeName="executor://xunit/VsTestRunner2/netcoreapp" className="BL.Tests.CheckPermissionsServiceTests" name="AuthorizedHasNoAccessToAdminSkiPatrolFunctions" />
    </UnitTest>
    <UnitTest name="BL.Tests.SlopesServiceTest.TestUpdateSlopeInfoAsync(userID: 79, slope: Slope { SlopeID = 205, SlopeName = slopeName347a4da0-2cde-4131-bcda-cc04e4b5c2e1, IsOpen = True, DifficultyLevel = 80, ConnectedLifts =  }, checkPermissionServiceMock: Mock&lt;ICheckPermissionService:8&gt;, slopesRepositoryStub: Mock&lt;ISlopesRepository:6&gt;, sut: SlopesService { })" storage="c:\users\alena\desktop\7_sem\testing_and_debugging\skiresort\bl.tests\bin\debug\net6.0\bl.tests.dll" id="32f37061-9f26-5f64-6522-4348e67edda1">
      <Execution id="520b0b74-854c-4231-8752-673479c8c12c" />
      <TestMethod codeBase="C:\Users\alena\Desktop\7_sem\testing_and_debugging\SkiResort\BL.Tests\bin\Debug\net6.0\BL.Tests.dll" adapterTypeName="executor://xunit/VsTestRunner2/netcoreapp" className="BL.Tests.SlopesServiceTest" name="TestUpdateSlopeInfoAsync" />
    </UnitTest>
    <UnitTest name="BL.Tests.TurnstilesServiceTest.TestAdminGetTurnstilesAsync(userID: 153, initialTurnstiles: [Turnstile { TurnstileID = 89, LiftID = 162, IsOpen = True }, Turnstile { TurnstileID = 163, LiftID = 123, IsOpen = False }, Turnstile { TurnstileID = 97, LiftID = 118, IsOpen = True }], checkPermissionServiceMock: Mock&lt;ICheckPermissionService:13&gt;, turnstilesRepositoryStub: Mock&lt;ITurnstilesRepository:7&gt;, sut: TurnstilesService { })" storage="c:\users\alena\desktop\7_sem\testing_and_debugging\skiresort\bl.tests\bin\debug\net6.0\bl.tests.dll" id="7dafa5eb-2cf1-f81c-b986-d809be7a7f2c">
      <Execution id="fe120a06-d9f5-46e2-b815-0734eecf1081" />
      <TestMethod codeBase="C:\Users\alena\Desktop\7_sem\testing_and_debugging\SkiResort\BL.Tests\bin\Debug\net6.0\BL.Tests.dll" adapterTypeName="executor://xunit/VsTestRunner2/netcoreapp" className="BL.Tests.TurnstilesServiceTest" name="TestAdminGetTurnstilesAsync" />
    </UnitTest>
    <UnitTest name="BL.Tests.CheckPermissionsServiceTests.UnauthorizedHasNoAccessToAdminSkiPatrolFunctions(functionName: &quot;MarkMessageReadByUserAsync&quot;)" storage="c:\users\alena\desktop\7_sem\testing_and_debugging\skiresort\bl.tests\bin\debug\net6.0\bl.tests.dll" id="a19a5fcf-c5d2-7d44-5d7d-84403042f4e0">
      <Execution id="3eb7f84f-4d53-45fe-a653-43897dae04bb" />
      <TestMethod codeBase="C:\Users\alena\Desktop\7_sem\testing_and_debugging\SkiResort\BL.Tests\bin\Debug\net6.0\BL.Tests.dll" adapterTypeName="executor://xunit/VsTestRunner2/netcoreapp" className="BL.Tests.CheckPermissionsServiceTests" name="UnauthorizedHasNoAccessToAdminSkiPatrolFunctions" />
    </UnitTest>
    <UnitTest name="BL.Tests.CheckPermissionsServiceTests.AuthorizedHasNoAccessToAdminSkiPatrolFunctions(functionName: &quot;GetMessagesAsync&quot;)" storage="c:\users\alena\desktop\7_sem\testing_and_debugging\skiresort\bl.tests\bin\debug\net6.0\bl.tests.dll" id="2602613f-c8e2-a6d9-fcf7-5b27d4a770a6">
      <Execution id="64c8aa4c-d6b2-4155-bfb9-13e210ef547b" />
      <TestMethod codeBase="C:\Users\alena\Desktop\7_sem\testing_and_debugging\SkiResort\BL.Tests\bin\Debug\net6.0\BL.Tests.dll" adapterTypeName="executor://xunit/VsTestRunner2/netcoreapp" className="BL.Tests.CheckPermissionsServiceTests" name="AuthorizedHasNoAccessToAdminSkiPatrolFunctions" />
    </UnitTest>
    <UnitTest name="BL.Tests.CheckPermissionsServiceTests.AuthorizedHasNoAccessToAdminFunctions" storage="c:\users\alena\desktop\7_sem\testing_and_debugging\skiresort\bl.tests\bin\debug\net6.0\bl.tests.dll" id="a2e59116-cb53-1d70-9cb8-21c286516866">
      <Execution id="da33884e-f1d7-42f0-a4af-e0a94482a428" />
      <TestMethod codeBase="C:\Users\alena\Desktop\7_sem\testing_and_debugging\SkiResort\BL.Tests\bin\Debug\net6.0\BL.Tests.dll" adapterTypeName="executor://xunit/VsTestRunner2/netcoreapp" className="BL.Tests.CheckPermissionsServiceTests" name="AuthorizedHasNoAccessToAdminFunctions" />
    </UnitTest>
    <UnitTest name="BL.Tests.CheckPermissionsServiceTests.SkiPatrolHasAccessToAdminSkiPatrolFunctions(functionName: &quot;GetMessagesAsync&quot;)" storage="c:\users\alena\desktop\7_sem\testing_and_debugging\skiresort\bl.tests\bin\debug\net6.0\bl.tests.dll" id="c36970dc-93f7-753e-fa47-157133b01644">
      <Execution id="ca453494-9e63-4116-94c7-cd5c77f97eaf" />
      <TestMethod codeBase="C:\Users\alena\Desktop\7_sem\testing_and_debugging\SkiResort\BL.Tests\bin\Debug\net6.0\BL.Tests.dll" adapterTypeName="executor://xunit/VsTestRunner2/netcoreapp" className="BL.Tests.CheckPermissionsServiceTests" name="SkiPatrolHasAccessToAdminSkiPatrolFunctions" />
    </UnitTest>
    <UnitTest name="BL.Tests.CheckPermissionsServiceTests.AdminHasAccessToAllFunctions" storage="c:\users\alena\desktop\7_sem\testing_and_debugging\skiresort\bl.tests\bin\debug\net6.0\bl.tests.dll" id="f3efc418-a8a6-c7b7-9bac-90b33aa8472f">
      <Execution id="32c57194-6454-4772-a742-a8c6cd3b5939" />
      <TestMethod codeBase="C:\Users\alena\Desktop\7_sem\testing_and_debugging\SkiResort\BL.Tests\bin\Debug\net6.0\BL.Tests.dll" adapterTypeName="executor://xunit/VsTestRunner2/netcoreapp" className="BL.Tests.CheckPermissionsServiceTests" name="AdminHasAccessToAllFunctions" />
    </UnitTest>
    <UnitTest name="BL.Tests.UsersServiceTests.TestRegisterUserWithNoPassword" storage="c:\users\alena\desktop\7_sem\testing_and_debugging\skiresort\bl.tests\bin\debug\net6.0\bl.tests.dll" id="f44a1b21-8efc-bfac-63b4-d534442def31">
      <Execution id="51dfc504-2cc1-476a-a685-c749052b720b" />
      <TestMethod codeBase="C:\Users\alena\Desktop\7_sem\testing_and_debugging\SkiResort\BL.Tests\bin\Debug\net6.0\BL.Tests.dll" adapterTypeName="executor://xunit/VsTestRunner2/netcoreapp" className="BL.Tests.UsersServiceTests" name="TestRegisterUserWithNoPassword" />
    </UnitTest>
    <UnitTest name="BL.Tests.LiftsServiceTest.TestGetLiftsInfoAsync(userID: 119, initialLifts: [Lift { LiftID = 86, LiftName = liftName0adf1d05-7ad7-4f10-94dd-5aaffd27d4a1, IsOpen = True, SeatsAmount = 216, LiftingTime = 78, QueueTime = 136, ConnectedSlopes =  }, Lift { LiftID = 204, LiftName = liftName59dfb0aa-6207-4f00-b14b-cc6c6e800936, IsOpen = False, SeatsAmount = 233, LiftingTime = 67, QueueTime = 249, ConnectedSlopes =  }, Lift { LiftID = 149, LiftName ..." storage="c:\users\alena\desktop\7_sem\testing_and_debugging\skiresort\bl.tests\bin\debug\net6.0\bl.tests.dll" id="59fee12f-9244-70a5-a148-bb45b1c3c02a">
      <Execution id="b5927c37-2ce8-4069-bc9f-f8e2052109f6" />
      <TestMethod codeBase="C:\Users\alena\Desktop\7_sem\testing_and_debugging\SkiResort\BL.Tests\bin\Debug\net6.0\BL.Tests.dll" adapterTypeName="executor://xunit/VsTestRunner2/netcoreapp" className="BL.Tests.LiftsServiceTest" name="TestGetLiftsInfoAsync" />
    </UnitTest>
    <UnitTest name="BL.Tests.SlopesServiceTest.TestAdminDeleteSlopeAsync(userID: 149, slope: Slope { SlopeID = 85, SlopeName = slopeName4800994b-a018-4fab-b68c-f3c8776a38d0, IsOpen = True, DifficultyLevel = 41, ConnectedLifts =  }, checkPermissionServiceMock: Mock&lt;ICheckPermissionService:9&gt;, slopesRepositoryStub: Mock&lt;ISlopesRepository:7&gt;, liftsSlopesRepositoryStub: Mock&lt;ILiftsSlopesRepository:12&gt;, sut: SlopesService { })" storage="c:\users\alena\desktop\7_sem\testing_and_debugging\skiresort\bl.tests\bin\debug\net6.0\bl.tests.dll" id="6887034d-caa0-2cfe-45a4-0f33b8a1f1f6">
      <Execution id="2adfa9f3-f7b7-4df4-8594-37236fe8e3bd" />
      <TestMethod codeBase="C:\Users\alena\Desktop\7_sem\testing_and_debugging\SkiResort\BL.Tests\bin\Debug\net6.0\BL.Tests.dll" adapterTypeName="executor://xunit/VsTestRunner2/netcoreapp" className="BL.Tests.SlopesServiceTest" name="TestAdminDeleteSlopeAsync" />
    </UnitTest>
    <UnitTest name="BL.Tests.UsersServiceTests.TestAdminGetUserByIDAsync" storage="c:\users\alena\desktop\7_sem\testing_and_debugging\skiresort\bl.tests\bin\debug\net6.0\bl.tests.dll" id="e5497347-2721-b7a6-0bd4-69a9921f6947">
      <Execution id="c7b56870-6901-4380-bb68-387506b7aec2" />
      <TestMethod codeBase="C:\Users\alena\Desktop\7_sem\testing_and_debugging\SkiResort\BL.Tests\bin\Debug\net6.0\BL.Tests.dll" adapterTypeName="executor://xunit/VsTestRunner2/netcoreapp" className="BL.Tests.UsersServiceTests" name="TestAdminGetUserByIDAsync" />
    </UnitTest>
    <UnitTest name="BL.Tests.UsersServiceTests.TestAdminAddAutoIncrementUser" storage="c:\users\alena\desktop\7_sem\testing_and_debugging\skiresort\bl.tests\bin\debug\net6.0\bl.tests.dll" id="834c739b-eca4-b36d-6a66-5a1bd75377b8">
      <Execution id="cb6c1db8-9c33-42bf-967a-e35c3ba64f35" />
      <TestMethod codeBase="C:\Users\alena\Desktop\7_sem\testing_and_debugging\SkiResort\BL.Tests\bin\Debug\net6.0\BL.Tests.dll" adapterTypeName="executor://xunit/VsTestRunner2/netcoreapp" className="BL.Tests.UsersServiceTests" name="TestAdminAddAutoIncrementUser" />
    </UnitTest>
    <UnitTest name="BL.Tests.CheckPermissionsServiceTests.UnauthorizedHasNoAccessToAdminSkiPatrolFunctions(functionName: &quot;GetLiftsSlopesInfoAsync&quot;)" storage="c:\users\alena\desktop\7_sem\testing_and_debugging\skiresort\bl.tests\bin\debug\net6.0\bl.tests.dll" id="387c9729-48c1-486e-5e67-f5d11a9f0db8">
      <Execution id="594a7e60-9a94-48ff-8d97-b9052f62be2a" />
      <TestMethod codeBase="C:\Users\alena\Desktop\7_sem\testing_and_debugging\SkiResort\BL.Tests\bin\Debug\net6.0\BL.Tests.dll" adapterTypeName="executor://xunit/VsTestRunner2/netcoreapp" className="BL.Tests.CheckPermissionsServiceTests" name="UnauthorizedHasNoAccessToAdminSkiPatrolFunctions" />
    </UnitTest>
    <UnitTest name="BL.Tests.CheckPermissionsServiceTests.SkiPatrolHasAccessToAdminSkiPatrolFunctions(functionName: &quot;MarkMessageReadByUserAsync&quot;)" storage="c:\users\alena\desktop\7_sem\testing_and_debugging\skiresort\bl.tests\bin\debug\net6.0\bl.tests.dll" id="60bd668f-04df-da5e-b79b-5d9aedb5234d">
      <Execution id="235dc593-d3fd-4493-b298-bd1a42622326" />
      <TestMethod codeBase="C:\Users\alena\Desktop\7_sem\testing_and_debugging\SkiResort\BL.Tests\bin\Debug\net6.0\BL.Tests.dll" adapterTypeName="executor://xunit/VsTestRunner2/netcoreapp" className="BL.Tests.CheckPermissionsServiceTests" name="SkiPatrolHasAccessToAdminSkiPatrolFunctions" />
    </UnitTest>
    <UnitTest name="BL.Tests.CheckPermissionsServiceTests.UnauthorizedHasNoAccessToAdminFunctions" storage="c:\users\alena\desktop\7_sem\testing_and_debugging\skiresort\bl.tests\bin\debug\net6.0\bl.tests.dll" id="e2d7e5be-3dae-33ae-fb17-c704b6fd58d6">
      <Execution id="27fbdecd-dbfa-44eb-9601-69ff515e20b2" />
      <TestMethod codeBase="C:\Users\alena\Desktop\7_sem\testing_and_debugging\SkiResort\BL.Tests\bin\Debug\net6.0\BL.Tests.dll" adapterTypeName="executor://xunit/VsTestRunner2/netcoreapp" className="BL.Tests.CheckPermissionsServiceTests" name="UnauthorizedHasNoAccessToAdminFunctions" />
    </UnitTest>
    <UnitTest name="BL.Tests.UsersServiceTests.TestLogInWithWrongPassword" storage="c:\users\alena\desktop\7_sem\testing_and_debugging\skiresort\bl.tests\bin\debug\net6.0\bl.tests.dll" id="69340bb6-3645-f9dd-971e-29d8b2a009bb">
      <Execution id="e91d0bca-7245-4783-b773-148eabf743df" />
      <TestMethod codeBase="C:\Users\alena\Desktop\7_sem\testing_and_debugging\SkiResort\BL.Tests\bin\Debug\net6.0\BL.Tests.dll" adapterTypeName="executor://xunit/VsTestRunner2/netcoreapp" className="BL.Tests.UsersServiceTests" name="TestLogInWithWrongPassword" />
    </UnitTest>
    <UnitTest name="BL.Tests.CheckPermissionsServiceTests.SkiPatrolHasAccessToAdminSkiPatrolFunctions(functionName: &quot;GetLiftsSlopesInfoAsync&quot;)" storage="c:\users\alena\desktop\7_sem\testing_and_debugging\skiresort\bl.tests\bin\debug\net6.0\bl.tests.dll" id="2d706594-f2b3-b3c8-21d4-86c9798c3306">
      <Execution id="0849252c-4ba3-4f91-9189-5722de0a180c" />
      <TestMethod codeBase="C:\Users\alena\Desktop\7_sem\testing_and_debugging\SkiResort\BL.Tests\bin\Debug\net6.0\BL.Tests.dll" adapterTypeName="executor://xunit/VsTestRunner2/netcoreapp" className="BL.Tests.CheckPermissionsServiceTests" name="SkiPatrolHasAccessToAdminSkiPatrolFunctions" />
    </UnitTest>
    <UnitTest name="BL.Tests.LiftsServiceTest.TestUpdateLiftInfoAsync(userID: 81, lift: Lift { LiftID = 145, LiftName = liftNameb2ffcb30-cda3-430d-a41b-7fa67533c5c3, IsOpen = True, SeatsAmount = 221, LiftingTime = 141, QueueTime = 85, ConnectedSlopes =  }, checkPermissionServiceMock: Mock&lt;ICheckPermissionService:3&gt;, liftsRepositoryStub: Mock&lt;ILiftsRepository:3&gt;, sut: LiftsService { })" storage="c:\users\alena\desktop\7_sem\testing_and_debugging\skiresort\bl.tests\bin\debug\net6.0\bl.tests.dll" id="cfb69110-1d8c-a4dd-4029-5deacc788e01">
      <Execution id="d50cba3a-7d72-4a4b-9dc6-2c09471c8a38" />
      <TestMethod codeBase="C:\Users\alena\Desktop\7_sem\testing_and_debugging\SkiResort\BL.Tests\bin\Debug\net6.0\BL.Tests.dll" adapterTypeName="executor://xunit/VsTestRunner2/netcoreapp" className="BL.Tests.LiftsServiceTest" name="TestUpdateLiftInfoAsync" />
    </UnitTest>
    <UnitTest name="BL.Tests.LiftsSlopesServiceTests.TestAdminAddAutoIncrementLiftSlopeAsync(lift: Lift { LiftID = 152, LiftName = liftNamebee20e9c-684b-42fd-9f2d-004f9d9c6627, IsOpen = True, SeatsAmount = 104, LiftingTime = 193, QueueTime = 167, ConnectedSlopes =  }, slope: Slope { SlopeID = 151, SlopeName = slopeName705771a4-4c9d-46df-96ec-2cd018f8778a, IsOpen = False, DifficultyLevel = 189, ConnectedLifts =  }, slopesRepositoryStub: Mock&lt;ISlopesRepository:3..." storage="c:\users\alena\desktop\7_sem\testing_and_debugging\skiresort\bl.tests\bin\debug\net6.0\bl.tests.dll" id="4c47be58-d19b-de65-9524-5ee68ae06a2f">
      <Execution id="3d830f56-1091-46b7-9047-2e13d23c4f95" />
      <TestMethod codeBase="C:\Users\alena\Desktop\7_sem\testing_and_debugging\SkiResort\BL.Tests\bin\Debug\net6.0\BL.Tests.dll" adapterTypeName="executor://xunit/VsTestRunner2/netcoreapp" className="BL.Tests.LiftsSlopesServiceTests" name="TestAdminAddAutoIncrementLiftSlopeAsync" />
    </UnitTest>
    <UnitTest name="BL.Tests.CheckPermissionsServiceTests.SkiPatrolHasNoAccessToAdminFunctions" storage="c:\users\alena\desktop\7_sem\testing_and_debugging\skiresort\bl.tests\bin\debug\net6.0\bl.tests.dll" id="492c0393-35b4-df26-a537-21ca08302f3c">
      <Execution id="287088b8-9049-44cd-aae2-c15a46253ecf" />
      <TestMethod codeBase="C:\Users\alena\Desktop\7_sem\testing_and_debugging\SkiResort\BL.Tests\bin\Debug\net6.0\BL.Tests.dll" adapterTypeName="executor://xunit/VsTestRunner2/netcoreapp" className="BL.Tests.CheckPermissionsServiceTests" name="SkiPatrolHasNoAccessToAdminFunctions" />
    </UnitTest>
    <UnitTest name="BL.Tests.UsersServiceTests.TestAdminDeleteUser" storage="c:\users\alena\desktop\7_sem\testing_and_debugging\skiresort\bl.tests\bin\debug\net6.0\bl.tests.dll" id="18fa8c62-e27d-e1fc-8182-4d7db62b008d">
      <Execution id="58e32971-f8ea-4070-bcf1-7ef7a0fc413c" />
      <TestMethod codeBase="C:\Users\alena\Desktop\7_sem\testing_and_debugging\SkiResort\BL.Tests\bin\Debug\net6.0\BL.Tests.dll" adapterTypeName="executor://xunit/VsTestRunner2/netcoreapp" className="BL.Tests.UsersServiceTests" name="TestAdminDeleteUser" />
    </UnitTest>
    <UnitTest name="BL.Tests.TurnstilesServiceTest.TestAdminAddAutoIncrementTurnstileAsync(userID: 214, turnstile: Turnstile { TurnstileID = 143, LiftID = 199, IsOpen = True }, checkPermissionServiceMock: Mock&lt;ICheckPermissionService:16&gt;, turnstilesRepositoryStub: Mock&lt;ITurnstilesRepository:10&gt;, sut: TurnstilesService { })" storage="c:\users\alena\desktop\7_sem\testing_and_debugging\skiresort\bl.tests\bin\debug\net6.0\bl.tests.dll" id="14a6540f-0ddd-e7d4-da57-d5addd63f6bb">
      <Execution id="834c802d-5895-4973-93ad-f20a0c64e005" />
      <TestMethod codeBase="C:\Users\alena\Desktop\7_sem\testing_and_debugging\SkiResort\BL.Tests\bin\Debug\net6.0\BL.Tests.dll" adapterTypeName="executor://xunit/VsTestRunner2/netcoreapp" className="BL.Tests.TurnstilesServiceTest" name="TestAdminAddAutoIncrementTurnstileAsync" />
    </UnitTest>
    <UnitTest name="BL.Tests.CheckPermissionsServiceTests.AuthorizedHasAccessToAuthorizedFunctions(functionName: &quot;LogOutAsync&quot;)" storage="c:\users\alena\desktop\7_sem\testing_and_debugging\skiresort\bl.tests\bin\debug\net6.0\bl.tests.dll" id="aa28a6b3-21d3-aa45-24d3-bef2facbc899">
      <Execution id="f1ead7fc-c6ad-4afb-a3dd-e788378eaf7a" />
      <TestMethod codeBase="C:\Users\alena\Desktop\7_sem\testing_and_debugging\SkiResort\BL.Tests\bin\Debug\net6.0\BL.Tests.dll" adapterTypeName="executor://xunit/VsTestRunner2/netcoreapp" className="BL.Tests.CheckPermissionsServiceTests" name="AuthorizedHasAccessToAuthorizedFunctions" />
    </UnitTest>
    <UnitTest name="BL.Tests.SlopesServiceTest.TestAdminAddSlopeAsync(userID: 152, slope: Slope { SlopeID = 45, SlopeName = slopeName907de618-d503-4bca-a9e3-e2295170ab68, IsOpen = True, DifficultyLevel = 62, ConnectedLifts =  }, checkPermissionServiceMock: Mock&lt;ICheckPermissionService:11&gt;, slopesRepositoryStub: Mock&lt;ISlopesRepository:9&gt;, sut: SlopesService { })" storage="c:\users\alena\desktop\7_sem\testing_and_debugging\skiresort\bl.tests\bin\debug\net6.0\bl.tests.dll" id="81fdb3d4-668b-1234-3bd0-88b425f3d62b">
      <Execution id="81f951eb-f744-461e-bf3b-e5538227838f" />
      <TestMethod codeBase="C:\Users\alena\Desktop\7_sem\testing_and_debugging\SkiResort\BL.Tests\bin\Debug\net6.0\BL.Tests.dll" adapterTypeName="executor://xunit/VsTestRunner2/netcoreapp" className="BL.Tests.SlopesServiceTest" name="TestAdminAddSlopeAsync" />
    </UnitTest>
    <UnitTest name="BL.Tests.UsersServiceTests.TestAdminUpdateUser" storage="c:\users\alena\desktop\7_sem\testing_and_debugging\skiresort\bl.tests\bin\debug\net6.0\bl.tests.dll" id="06d0bc3a-24a0-fb7f-4277-e9ae6d21c7dd">
      <Execution id="1e5d9f97-f8f4-488f-86a5-eae95561aae8" />
      <TestMethod codeBase="C:\Users\alena\Desktop\7_sem\testing_and_debugging\SkiResort\BL.Tests\bin\Debug\net6.0\BL.Tests.dll" adapterTypeName="executor://xunit/VsTestRunner2/netcoreapp" className="BL.Tests.UsersServiceTests" name="TestAdminUpdateUser" />
    </UnitTest>
    <UnitTest name="BL.Tests.TurnstilesServiceTest.TestAdminGetTurnstileAsync(userID: 196, turnstile: Turnstile { TurnstileID = 8, LiftID = 176, IsOpen = True }, checkPermissionServiceMock: Mock&lt;ICheckPermissionService:12&gt;, turnstilesRepositoryStub: Mock&lt;ITurnstilesRepository:6&gt;, sut: TurnstilesService { })" storage="c:\users\alena\desktop\7_sem\testing_and_debugging\skiresort\bl.tests\bin\debug\net6.0\bl.tests.dll" id="3f19f1f2-31fa-532a-ee17-08b28e8b7d5b">
      <Execution id="4a1ac314-12a5-4fd0-8d54-bd06295a6dae" />
      <TestMethod codeBase="C:\Users\alena\Desktop\7_sem\testing_and_debugging\SkiResort\BL.Tests\bin\Debug\net6.0\BL.Tests.dll" adapterTypeName="executor://xunit/VsTestRunner2/netcoreapp" className="BL.Tests.TurnstilesServiceTest" name="TestAdminGetTurnstileAsync" />
    </UnitTest>
    <UnitTest name="BL.Tests.UsersServiceTests.TestLogInOk" storage="c:\users\alena\desktop\7_sem\testing_and_debugging\skiresort\bl.tests\bin\debug\net6.0\bl.tests.dll" id="1ca07ad8-f799-c5d4-e7cc-34fd950198a2">
      <Execution id="255ce79f-9a7b-47df-91a9-a475f80bc164" />
      <TestMethod codeBase="C:\Users\alena\Desktop\7_sem\testing_and_debugging\SkiResort\BL.Tests\bin\Debug\net6.0\BL.Tests.dll" adapterTypeName="executor://xunit/VsTestRunner2/netcoreapp" className="BL.Tests.UsersServiceTests" name="TestLogInOk" />
    </UnitTest>
    <UnitTest name="BL.Tests.SlopesServiceTest.TestAdminAddAutoIncrementSlopeAsync(userID: 134, slope: Slope { SlopeID = 111, SlopeName = slopeName60a062a5-c77e-4374-8e8f-e4f71526607b, IsOpen = True, DifficultyLevel = 215, ConnectedLifts =  }, checkPermissionServiceMock: Mock&lt;ICheckPermissionService:10&gt;, slopesRepositoryStub: Mock&lt;ISlopesRepository:8&gt;, sut: SlopesService { })" storage="c:\users\alena\desktop\7_sem\testing_and_debugging\skiresort\bl.tests\bin\debug\net6.0\bl.tests.dll" id="23b6c968-3044-fcb0-2976-974e9e4079ce">
      <Execution id="aa740a72-bd55-48d2-9b71-c0fa83ccc6bf" />
      <TestMethod codeBase="C:\Users\alena\Desktop\7_sem\testing_and_debugging\SkiResort\BL.Tests\bin\Debug\net6.0\BL.Tests.dll" adapterTypeName="executor://xunit/VsTestRunner2/netcoreapp" className="BL.Tests.SlopesServiceTest" name="TestAdminAddAutoIncrementSlopeAsync" />
    </UnitTest>
    <UnitTest name="BL.Tests.UsersServiceTests.TestAdminGetUsers" storage="c:\users\alena\desktop\7_sem\testing_and_debugging\skiresort\bl.tests\bin\debug\net6.0\bl.tests.dll" id="20ad8570-0170-85de-dcd7-2f109dd7bcd6">
      <Execution id="6aa0b3ca-23f5-44e5-8f39-432b6f93d886" />
      <TestMethod codeBase="C:\Users\alena\Desktop\7_sem\testing_and_debugging\SkiResort\BL.Tests\bin\Debug\net6.0\BL.Tests.dll" adapterTypeName="executor://xunit/VsTestRunner2/netcoreapp" className="BL.Tests.UsersServiceTests" name="TestAdminGetUsers" />
    </UnitTest>
    <UnitTest name="BL.Tests.CheckPermissionsServiceTests.UnauthorizedHasNoAccessToAdminSkiPatrolFunctions(functionName: &quot;GetMessagesAsync&quot;)" storage="c:\users\alena\desktop\7_sem\testing_and_debugging\skiresort\bl.tests\bin\debug\net6.0\bl.tests.dll" id="229812f5-9a73-5335-11f5-31330d1348a5">
      <Execution id="5e4435bf-b99a-44cc-adf1-bdb961592f64" />
      <TestMethod codeBase="C:\Users\alena\Desktop\7_sem\testing_and_debugging\SkiResort\BL.Tests\bin\Debug\net6.0\BL.Tests.dll" adapterTypeName="executor://xunit/VsTestRunner2/netcoreapp" className="BL.Tests.CheckPermissionsServiceTests" name="UnauthorizedHasNoAccessToAdminSkiPatrolFunctions" />
    </UnitTest>
    <UnitTest name="BL.Tests.LiftsSlopesServiceTests.TestGetLiftsSlopesInfoAsync(liftsSlopes: [LiftSlope { RecordID = 133, LiftID = 130, SlopeID = 5 }, LiftSlope { RecordID = 216, LiftID = 210, SlopeID = 241 }, LiftSlope { RecordID = 58, LiftID = 157, SlopeID = 236 }], slopesRepositoryStub: Mock&lt;ISlopesRepository:1&gt;, liftsRepositoryStub: Mock&lt;ILiftsRepository:6&gt;, liftsSlopesRepositoryStub: Mock&lt;ILiftsSlopesRepository:6&gt;)" storage="c:\users\alena\desktop\7_sem\testing_and_debugging\skiresort\bl.tests\bin\debug\net6.0\bl.tests.dll" id="39be9b5e-0bc4-57dc-37d3-aec6b520299d">
      <Execution id="1e128d76-0ae2-4530-99ab-979f5c1838a9" />
      <TestMethod codeBase="C:\Users\alena\Desktop\7_sem\testing_and_debugging\SkiResort\BL.Tests\bin\Debug\net6.0\BL.Tests.dll" adapterTypeName="executor://xunit/VsTestRunner2/netcoreapp" className="BL.Tests.LiftsSlopesServiceTests" name="TestGetLiftsSlopesInfoAsync" />
    </UnitTest>
    <UnitTest name="BL.Tests.LiftsServiceTest.TestAdminDeleteLiftAsync(userID: 16, lift: Lift { LiftID = 85, LiftName = liftName1e6f2f69-278a-460a-9aee-9900d79badac, IsOpen = True, SeatsAmount = 50, LiftingTime = 254, QueueTime = 147, ConnectedSlopes =  }, checkPermissionServiceMock: Mock&lt;ICheckPermissionService:4&gt;, liftsRepositoryStub: Mock&lt;ILiftsRepository:4&gt;, liftsSlopesRepositoryStub: Mock&lt;ILiftsSlopesRepository:4&gt;, sut: LiftsService { })" storage="c:\users\alena\desktop\7_sem\testing_and_debugging\skiresort\bl.tests\bin\debug\net6.0\bl.tests.dll" id="54f7b4fe-af59-3ec9-5a79-ebd157c1c15b">
      <Execution id="0d7a282f-b9aa-4257-9ac4-f44291ee574e" />
      <TestMethod codeBase="C:\Users\alena\Desktop\7_sem\testing_and_debugging\SkiResort\BL.Tests\bin\Debug\net6.0\BL.Tests.dll" adapterTypeName="executor://xunit/VsTestRunner2/netcoreapp" className="BL.Tests.LiftsServiceTest" name="TestAdminDeleteLiftAsync" />
    </UnitTest>
    <UnitTest name="BL.Tests.LiftsSlopesServiceTests.TestAdminDeleteLiftSlopeAsync(lift: Lift { LiftID = 20, LiftName = liftNameb764dda5-f9f6-462b-9332-d37257596479, IsOpen = True, SeatsAmount = 218, LiftingTime = 167, QueueTime = 22, ConnectedSlopes =  }, slope: Slope { SlopeID = 58, SlopeName = slopeName58af53e3-58ca-4b8b-9d7e-d7317075deaf, IsOpen = False, DifficultyLevel = 153, ConnectedLifts =  }, slopesRepositoryStub: Mock&lt;ISlopesRepository:2&gt;, liftsRepos..." storage="c:\users\alena\desktop\7_sem\testing_and_debugging\skiresort\bl.tests\bin\debug\net6.0\bl.tests.dll" id="317c2f2c-ca56-ff1b-1c19-c4db96eac32b">
      <Execution id="4ad2b24b-3cfd-4a2d-b55b-68aa838bfbc0" />
      <TestMethod codeBase="C:\Users\alena\Desktop\7_sem\testing_and_debugging\SkiResort\BL.Tests\bin\Debug\net6.0\BL.Tests.dll" adapterTypeName="executor://xunit/VsTestRunner2/netcoreapp" className="BL.Tests.LiftsSlopesServiceTests" name="TestAdminDeleteLiftSlopeAsync" />
    </UnitTest>
    <UnitTest name="BL.Tests.CheckPermissionsServiceTests.AuthorizedHasNoAccessToAdminSkiPatrolFunctions(functionName: &quot;GetLiftsSlopesInfoAsync&quot;)" storage="c:\users\alena\desktop\7_sem\testing_and_debugging\skiresort\bl.tests\bin\debug\net6.0\bl.tests.dll" id="4f297306-d4f3-8d63-e7f4-1ac0b8c58c74">
      <Execution id="e416e17f-8967-4dff-9110-045a1579b351" />
      <TestMethod codeBase="C:\Users\alena\Desktop\7_sem\testing_and_debugging\SkiResort\BL.Tests\bin\Debug\net6.0\BL.Tests.dll" adapterTypeName="executor://xunit/VsTestRunner2/netcoreapp" className="BL.Tests.CheckPermissionsServiceTests" name="AuthorizedHasNoAccessToAdminSkiPatrolFunctions" />
    </UnitTest>
    <UnitTest name="BL.Tests.SlopesServiceTest.TestGetSlopeInfoAsync(userID: 16, slope: Slope { SlopeID = 89, SlopeName = slopeNamec01455f9-eee7-4fd3-9e83-f4de7593e488, IsOpen = True, DifficultyLevel = 69, ConnectedLifts =  }, checkPermissionServiceMock: Mock&lt;ICheckPermissionService:6&gt;, slopesRepositoryStub: Mock&lt;ISlopesRepository:4&gt;, liftsSlopesRepositoryStub: Mock&lt;ILiftsSlopesRepository:9&gt;, sut: SlopesService { })" storage="c:\users\alena\desktop\7_sem\testing_and_debugging\skiresort\bl.tests\bin\debug\net6.0\bl.tests.dll" id="a00fbd93-edb9-e55c-59ca-c6408f36f6a4">
      <Execution id="dd248a05-60f8-47c5-8f99-7f142ca3f625" />
      <TestMethod codeBase="C:\Users\alena\Desktop\7_sem\testing_and_debugging\SkiResort\BL.Tests\bin\Debug\net6.0\BL.Tests.dll" adapterTypeName="executor://xunit/VsTestRunner2/netcoreapp" className="BL.Tests.SlopesServiceTest" name="TestGetSlopeInfoAsync" />
    </UnitTest>
    <UnitTest name="BL.Tests.UsersServiceTests.TestRegisterOk" storage="c:\users\alena\desktop\7_sem\testing_and_debugging\skiresort\bl.tests\bin\debug\net6.0\bl.tests.dll" id="0eeef75f-6e38-7893-a8fe-cff3e0a970a7">
      <Execution id="050ad476-0a61-4f3b-8d7c-86bc4000dbf8" />
      <TestMethod codeBase="C:\Users\alena\Desktop\7_sem\testing_and_debugging\SkiResort\BL.Tests\bin\Debug\net6.0\BL.Tests.dll" adapterTypeName="executor://xunit/VsTestRunner2/netcoreapp" className="BL.Tests.UsersServiceTests" name="TestRegisterOk" />
    </UnitTest>
    <UnitTest name="BL.Tests.SlopesServiceTest.TestGetSlopesInfoAsync(userID: 51, initialSlopes: [Slope { SlopeID = 33, SlopeName = slopeName8121036a-09e9-4def-bec7-0f70e1cb58df, IsOpen = True, DifficultyLevel = 139, ConnectedLifts =  }, Slope { SlopeID = 55, SlopeName = slopeName933bc178-03da-4ec0-82c9-33d0f6f9064a, IsOpen = False, DifficultyLevel = 95, ConnectedLifts =  }, Slope { SlopeID = 231, SlopeName = slopeName9aa6fc10-481c-45a4-8835-cdc0b2844dbf, IsOp..." storage="c:\users\alena\desktop\7_sem\testing_and_debugging\skiresort\bl.tests\bin\debug\net6.0\bl.tests.dll" id="1be53ca6-7d3f-3742-cc0f-4c3b0507e288">
      <Execution id="068f098e-376f-4600-bebe-87faec5bce84" />
      <TestMethod codeBase="C:\Users\alena\Desktop\7_sem\testing_and_debugging\SkiResort\BL.Tests\bin\Debug\net6.0\BL.Tests.dll" adapterTypeName="executor://xunit/VsTestRunner2/netcoreapp" className="BL.Tests.SlopesServiceTest" name="TestGetSlopesInfoAsync" />
    </UnitTest>
    <UnitTest name="BL.Tests.CheckPermissionsServiceTests.AuthorizedHasAccessToAuthorizedFunctions(functionName: &quot;SendMessageAsync&quot;)" storage="c:\users\alena\desktop\7_sem\testing_and_debugging\skiresort\bl.tests\bin\debug\net6.0\bl.tests.dll" id="644ec43e-70cd-c82d-42e7-0d990be1414d">
      <Execution id="abbf916e-a030-493e-afbf-3a05740486d2" />
      <TestMethod codeBase="C:\Users\alena\Desktop\7_sem\testing_and_debugging\SkiResort\BL.Tests\bin\Debug\net6.0\BL.Tests.dll" adapterTypeName="executor://xunit/VsTestRunner2/netcoreapp" className="BL.Tests.CheckPermissionsServiceTests" name="AuthorizedHasAccessToAuthorizedFunctions" />
    </UnitTest>
    <UnitTest name="BL.Tests.TurnstilesServiceTest.TestAdminUpdateTurnstileAsync(userID: 59, turnstile: Turnstile { TurnstileID = 150, LiftID = 36, IsOpen = True }, checkPermissionServiceMock: Mock&lt;ICheckPermissionService:14&gt;, turnstilesRepositoryStub: Mock&lt;ITurnstilesRepository:8&gt;, sut: TurnstilesService { })" storage="c:\users\alena\desktop\7_sem\testing_and_debugging\skiresort\bl.tests\bin\debug\net6.0\bl.tests.dll" id="107c4a19-225c-f9df-ba5a-f215bf2b59c2">
      <Execution id="09a65123-cddd-4b39-b476-da3aa976d3f4" />
      <TestMethod codeBase="C:\Users\alena\Desktop\7_sem\testing_and_debugging\SkiResort\BL.Tests\bin\Debug\net6.0\BL.Tests.dll" adapterTypeName="executor://xunit/VsTestRunner2/netcoreapp" className="BL.Tests.TurnstilesServiceTest" name="TestAdminUpdateTurnstileAsync" />
    </UnitTest>
    <UnitTest name="BL.Tests.CheckPermissionsServiceTests.UnauthorizedHasNoAccessToAuthorizedFunctions(functionName: &quot;LogOutAsync&quot;)" storage="c:\users\alena\desktop\7_sem\testing_and_debugging\skiresort\bl.tests\bin\debug\net6.0\bl.tests.dll" id="fa960c5e-f989-2880-784e-8efe538c5231">
      <Execution id="d7f7ecb1-20ed-4827-90e1-2839670a66a8" />
      <TestMethod codeBase="C:\Users\alena\Desktop\7_sem\testing_and_debugging\SkiResort\BL.Tests\bin\Debug\net6.0\BL.Tests.dll" adapterTypeName="executor://xunit/VsTestRunner2/netcoreapp" className="BL.Tests.CheckPermissionsServiceTests" name="UnauthorizedHasNoAccessToAuthorizedFunctions" />
    </UnitTest>
    <UnitTest name="BL.Tests.CheckPermissionsServiceTests.UnauthorizedHasNoAccessToAuthorizedFunctions(functionName: &quot;SendMessageAsync&quot;)" storage="c:\users\alena\desktop\7_sem\testing_and_debugging\skiresort\bl.tests\bin\debug\net6.0\bl.tests.dll" id="eaabd2fc-2f4b-5689-59c8-c7ad34a8f634">
      <Execution id="e8615ef5-ad3e-4573-9032-59e9e0f0e6a7" />
      <TestMethod codeBase="C:\Users\alena\Desktop\7_sem\testing_and_debugging\SkiResort\BL.Tests\bin\Debug\net6.0\BL.Tests.dll" adapterTypeName="executor://xunit/VsTestRunner2/netcoreapp" className="BL.Tests.CheckPermissionsServiceTests" name="UnauthorizedHasNoAccessToAuthorizedFunctions" />
    </UnitTest>
    <UnitTest name="BL.Tests.UsersServiceTests.TestRegisterUserWithRepeatedEmail" storage="c:\users\alena\desktop\7_sem\testing_and_debugging\skiresort\bl.tests\bin\debug\net6.0\bl.tests.dll" id="894941c1-bfa7-d8f9-c047-1e1ceefe2c2f">
      <Execution id="7f1ebe24-6071-4021-940c-5847faa71db5" />
      <TestMethod codeBase="C:\Users\alena\Desktop\7_sem\testing_and_debugging\SkiResort\BL.Tests\bin\Debug\net6.0\BL.Tests.dll" adapterTypeName="executor://xunit/VsTestRunner2/netcoreapp" className="BL.Tests.UsersServiceTests" name="TestRegisterUserWithRepeatedEmail" />
    </UnitTest>
    <UnitTest name="BL.Tests.LiftsServiceTest.TestGetLiftInfoAsync(userID: 83, lift: Lift { LiftID = 248, LiftName = liftName1255b1be-fcf0-4bf4-8f85-e289b569a10c, IsOpen = True, SeatsAmount = 149, LiftingTime = 254, QueueTime = 85, ConnectedSlopes =  }, checkPermissionServiceMock: Mock&lt;ICheckPermissionService:1&gt;, liftsRepositoryStub: Mock&lt;ILiftsRepository:1&gt;, liftsSlopesRepositoryStub: Mock&lt;ILiftsSlopesRepository:1&gt;, sut: LiftsService { })" storage="c:\users\alena\desktop\7_sem\testing_and_debugging\skiresort\bl.tests\bin\debug\net6.0\bl.tests.dll" id="78e4cfb9-d76a-178a-fa80-70deb3014460">
      <Execution id="32274e69-af9f-499b-985f-9975fc88ee28" />
      <TestMethod codeBase="C:\Users\alena\Desktop\7_sem\testing_and_debugging\SkiResort\BL.Tests\bin\Debug\net6.0\BL.Tests.dll" adapterTypeName="executor://xunit/VsTestRunner2/netcoreapp" className="BL.Tests.LiftsServiceTest" name="TestGetLiftInfoAsync" />
    </UnitTest>
    <UnitTest name="BL.Tests.LiftsServiceTest.TestAdminAddAutoIncrementLiftAsync(userID: 18, lift: Lift { LiftID = 17, LiftName = liftName8c20e3dd-e9c2-40f1-821c-0e9594723d50, IsOpen = True, SeatsAmount = 118, LiftingTime = 82, QueueTime = 88, ConnectedSlopes =  }, checkPermissionServiceMock: Mock&lt;ICheckPermissionService:5&gt;, liftsRepositoryStub: Mock&lt;ILiftsRepository:5&gt;, sut: LiftsService { })" storage="c:\users\alena\desktop\7_sem\testing_and_debugging\skiresort\bl.tests\bin\debug\net6.0\bl.tests.dll" id="9a91a85b-0b58-19c8-5194-7dc1c7364c0d">
      <Execution id="b3ea5db3-a111-44e2-9e5a-70b07f3c39d4" />
      <TestMethod codeBase="C:\Users\alena\Desktop\7_sem\testing_and_debugging\SkiResort\BL.Tests\bin\Debug\net6.0\BL.Tests.dll" adapterTypeName="executor://xunit/VsTestRunner2/netcoreapp" className="BL.Tests.LiftsServiceTest" name="TestAdminAddAutoIncrementLiftAsync" />
    </UnitTest>
    <UnitTest name="BL.Tests.UsersServiceTests.TestRegisterUserWithNoEmail" storage="c:\users\alena\desktop\7_sem\testing_and_debugging\skiresort\bl.tests\bin\debug\net6.0\bl.tests.dll" id="8184bd30-991c-b78d-b4ec-99a485eac0dd">
      <Execution id="54692e51-f905-41ee-b42e-8ba5c5bcf908" />
      <TestMethod codeBase="C:\Users\alena\Desktop\7_sem\testing_and_debugging\SkiResort\BL.Tests\bin\Debug\net6.0\BL.Tests.dll" adapterTypeName="executor://xunit/VsTestRunner2/netcoreapp" className="BL.Tests.UsersServiceTests" name="TestRegisterUserWithNoEmail" />
    </UnitTest>
  </TestDefinitions>
  <TestEntries>
    <TestEntry testId="69340bb6-3645-f9dd-971e-29d8b2a009bb" executionId="e91d0bca-7245-4783-b773-148eabf743df" testListId="8c84fa94-04c1-424b-9868-57a2d4851a1d" />
    <TestEntry testId="59fee12f-9244-70a5-a148-bb45b1c3c02a" executionId="b5927c37-2ce8-4069-bc9f-f8e2052109f6" testListId="8c84fa94-04c1-424b-9868-57a2d4851a1d" />
    <TestEntry testId="f3efc418-a8a6-c7b7-9bac-90b33aa8472f" executionId="32c57194-6454-4772-a742-a8c6cd3b5939" testListId="8c84fa94-04c1-424b-9868-57a2d4851a1d" />
    <TestEntry testId="387c9729-48c1-486e-5e67-f5d11a9f0db8" executionId="594a7e60-9a94-48ff-8d97-b9052f62be2a" testListId="8c84fa94-04c1-424b-9868-57a2d4851a1d" />
    <TestEntry testId="4f297306-d4f3-8d63-e7f4-1ac0b8c58c74" executionId="e416e17f-8967-4dff-9110-045a1579b351" testListId="8c84fa94-04c1-424b-9868-57a2d4851a1d" />
    <TestEntry testId="6887034d-caa0-2cfe-45a4-0f33b8a1f1f6" executionId="2adfa9f3-f7b7-4df4-8594-37236fe8e3bd" testListId="8c84fa94-04c1-424b-9868-57a2d4851a1d" />
    <TestEntry testId="c36970dc-93f7-753e-fa47-157133b01644" executionId="ca453494-9e63-4116-94c7-cd5c77f97eaf" testListId="8c84fa94-04c1-424b-9868-57a2d4851a1d" />
    <TestEntry testId="54f7b4fe-af59-3ec9-5a79-ebd157c1c15b" executionId="0d7a282f-b9aa-4257-9ac4-f44291ee574e" testListId="8c84fa94-04c1-424b-9868-57a2d4851a1d" />
    <TestEntry testId="39be9b5e-0bc4-57dc-37d3-aec6b520299d" executionId="1e128d76-0ae2-4530-99ab-979f5c1838a9" testListId="8c84fa94-04c1-424b-9868-57a2d4851a1d" />
    <TestEntry testId="229812f5-9a73-5335-11f5-31330d1348a5" executionId="5e4435bf-b99a-44cc-adf1-bdb961592f64" testListId="8c84fa94-04c1-424b-9868-57a2d4851a1d" />
    <TestEntry testId="1ca07ad8-f799-c5d4-e7cc-34fd950198a2" executionId="255ce79f-9a7b-47df-91a9-a475f80bc164" testListId="8c84fa94-04c1-424b-9868-57a2d4851a1d" />
    <TestEntry testId="32f37061-9f26-5f64-6522-4348e67edda1" executionId="520b0b74-854c-4231-8752-673479c8c12c" testListId="8c84fa94-04c1-424b-9868-57a2d4851a1d" />
    <TestEntry testId="107c4a19-225c-f9df-ba5a-f215bf2b59c2" executionId="09a65123-cddd-4b39-b476-da3aa976d3f4" testListId="8c84fa94-04c1-424b-9868-57a2d4851a1d" />
    <TestEntry testId="e2d7e5be-3dae-33ae-fb17-c704b6fd58d6" executionId="27fbdecd-dbfa-44eb-9601-69ff515e20b2" testListId="8c84fa94-04c1-424b-9868-57a2d4851a1d" />
    <TestEntry testId="492c0393-35b4-df26-a537-21ca08302f3c" executionId="287088b8-9049-44cd-aae2-c15a46253ecf" testListId="8c84fa94-04c1-424b-9868-57a2d4851a1d" />
    <TestEntry testId="9a91a85b-0b58-19c8-5194-7dc1c7364c0d" executionId="b3ea5db3-a111-44e2-9e5a-70b07f3c39d4" testListId="8c84fa94-04c1-424b-9868-57a2d4851a1d" />
    <TestEntry testId="9c7df5e2-1b23-ebea-889f-b78ca86b60ab" executionId="a87b2f4e-088c-40d2-b724-9915cd6264e8" testListId="8c84fa94-04c1-424b-9868-57a2d4851a1d" />
    <TestEntry testId="cfb69110-1d8c-a4dd-4029-5deacc788e01" executionId="d50cba3a-7d72-4a4b-9dc6-2c09471c8a38" testListId="8c84fa94-04c1-424b-9868-57a2d4851a1d" />
    <TestEntry testId="14a6540f-0ddd-e7d4-da57-d5addd63f6bb" executionId="834c802d-5895-4973-93ad-f20a0c64e005" testListId="8c84fa94-04c1-424b-9868-57a2d4851a1d" />
    <TestEntry testId="81fdb3d4-668b-1234-3bd0-88b425f3d62b" executionId="81f951eb-f744-461e-bf3b-e5538227838f" testListId="8c84fa94-04c1-424b-9868-57a2d4851a1d" />
    <TestEntry testId="fed48ebf-b8c6-356f-6395-7592f7396337" executionId="f16c8b66-419f-4045-a666-233e00481ea2" testListId="8c84fa94-04c1-424b-9868-57a2d4851a1d" />
    <TestEntry testId="78e4cfb9-d76a-178a-fa80-70deb3014460" executionId="32274e69-af9f-499b-985f-9975fc88ee28" testListId="8c84fa94-04c1-424b-9868-57a2d4851a1d" />
    <TestEntry testId="20ad8570-0170-85de-dcd7-2f109dd7bcd6" executionId="6aa0b3ca-23f5-44e5-8f39-432b6f93d886" testListId="8c84fa94-04c1-424b-9868-57a2d4851a1d" />
    <TestEntry testId="23b6c968-3044-fcb0-2976-974e9e4079ce" executionId="aa740a72-bd55-48d2-9b71-c0fa83ccc6bf" testListId="8c84fa94-04c1-424b-9868-57a2d4851a1d" />
    <TestEntry testId="1be53ca6-7d3f-3742-cc0f-4c3b0507e288" executionId="068f098e-376f-4600-bebe-87faec5bce84" testListId="8c84fa94-04c1-424b-9868-57a2d4851a1d" />
    <TestEntry testId="60bd668f-04df-da5e-b79b-5d9aedb5234d" executionId="235dc593-d3fd-4493-b298-bd1a42622326" testListId="8c84fa94-04c1-424b-9868-57a2d4851a1d" />
    <TestEntry testId="a19a5fcf-c5d2-7d44-5d7d-84403042f4e0" executionId="3eb7f84f-4d53-45fe-a653-43897dae04bb" testListId="8c84fa94-04c1-424b-9868-57a2d4851a1d" />
    <TestEntry testId="2d706594-f2b3-b3c8-21d4-86c9798c3306" executionId="0849252c-4ba3-4f91-9189-5722de0a180c" testListId="8c84fa94-04c1-424b-9868-57a2d4851a1d" />
    <TestEntry testId="f44a1b21-8efc-bfac-63b4-d534442def31" executionId="51dfc504-2cc1-476a-a685-c749052b720b" testListId="8c84fa94-04c1-424b-9868-57a2d4851a1d" />
    <TestEntry testId="2602613f-c8e2-a6d9-fcf7-5b27d4a770a6" executionId="64c8aa4c-d6b2-4155-bfb9-13e210ef547b" testListId="8c84fa94-04c1-424b-9868-57a2d4851a1d" />
    <TestEntry testId="06d0bc3a-24a0-fb7f-4277-e9ae6d21c7dd" executionId="1e5d9f97-f8f4-488f-86a5-eae95561aae8" testListId="8c84fa94-04c1-424b-9868-57a2d4851a1d" />
    <TestEntry testId="317c2f2c-ca56-ff1b-1c19-c4db96eac32b" executionId="4ad2b24b-3cfd-4a2d-b55b-68aa838bfbc0" testListId="8c84fa94-04c1-424b-9868-57a2d4851a1d" />
    <TestEntry testId="aa28a6b3-21d3-aa45-24d3-bef2facbc899" executionId="f1ead7fc-c6ad-4afb-a3dd-e788378eaf7a" testListId="8c84fa94-04c1-424b-9868-57a2d4851a1d" />
    <TestEntry testId="18fa8c62-e27d-e1fc-8182-4d7db62b008d" executionId="58e32971-f8ea-4070-bcf1-7ef7a0fc413c" testListId="8c84fa94-04c1-424b-9868-57a2d4851a1d" />
    <TestEntry testId="0eeef75f-6e38-7893-a8fe-cff3e0a970a7" executionId="050ad476-0a61-4f3b-8d7c-86bc4000dbf8" testListId="8c84fa94-04c1-424b-9868-57a2d4851a1d" />
    <TestEntry testId="e5497347-2721-b7a6-0bd4-69a9921f6947" executionId="c7b56870-6901-4380-bb68-387506b7aec2" testListId="8c84fa94-04c1-424b-9868-57a2d4851a1d" />
    <TestEntry testId="4c47be58-d19b-de65-9524-5ee68ae06a2f" executionId="3d830f56-1091-46b7-9047-2e13d23c4f95" testListId="8c84fa94-04c1-424b-9868-57a2d4851a1d" />
    <TestEntry testId="fa960c5e-f989-2880-784e-8efe538c5231" executionId="d7f7ecb1-20ed-4827-90e1-2839670a66a8" testListId="8c84fa94-04c1-424b-9868-57a2d4851a1d" />
    <TestEntry testId="eaabd2fc-2f4b-5689-59c8-c7ad34a8f634" executionId="e8615ef5-ad3e-4573-9032-59e9e0f0e6a7" testListId="8c84fa94-04c1-424b-9868-57a2d4851a1d" />
    <TestEntry testId="3f19f1f2-31fa-532a-ee17-08b28e8b7d5b" executionId="4a1ac314-12a5-4fd0-8d54-bd06295a6dae" testListId="8c84fa94-04c1-424b-9868-57a2d4851a1d" />
    <TestEntry testId="8184bd30-991c-b78d-b4ec-99a485eac0dd" executionId="54692e51-f905-41ee-b42e-8ba5c5bcf908" testListId="8c84fa94-04c1-424b-9868-57a2d4851a1d" />
    <TestEntry testId="894941c1-bfa7-d8f9-c047-1e1ceefe2c2f" executionId="7f1ebe24-6071-4021-940c-5847faa71db5" testListId="8c84fa94-04c1-424b-9868-57a2d4851a1d" />
    <TestEntry testId="834c739b-eca4-b36d-6a66-5a1bd75377b8" executionId="cb6c1db8-9c33-42bf-967a-e35c3ba64f35" testListId="8c84fa94-04c1-424b-9868-57a2d4851a1d" />
    <TestEntry testId="a2e59116-cb53-1d70-9cb8-21c286516866" executionId="da33884e-f1d7-42f0-a4af-e0a94482a428" testListId="8c84fa94-04c1-424b-9868-57a2d4851a1d" />
    <TestEntry testId="644ec43e-70cd-c82d-42e7-0d990be1414d" executionId="abbf916e-a030-493e-afbf-3a05740486d2" testListId="8c84fa94-04c1-424b-9868-57a2d4851a1d" />
    <TestEntry testId="7dafa5eb-2cf1-f81c-b986-d809be7a7f2c" executionId="fe120a06-d9f5-46e2-b815-0734eecf1081" testListId="8c84fa94-04c1-424b-9868-57a2d4851a1d" />
    <TestEntry testId="a00fbd93-edb9-e55c-59ca-c6408f36f6a4" executionId="dd248a05-60f8-47c5-8f99-7f142ca3f625" testListId="8c84fa94-04c1-424b-9868-57a2d4851a1d" />
  </TestEntries>
  <TestLists>
    <TestList name="Список результатов" id="8c84fa94-04c1-424b-9868-57a2d4851a1d" />
    <TestList name="Все загруженные результаты" id="19431567-8539-422a-85d7-44ee4e166bda" />
  </TestLists>
  <ResultSummary outcome="Completed">
    <Counters total="47" executed="47" passed="47" failed="0" error="0" timeout="0" aborted="0" inconclusive="0" passedButRunAborted="0" notRunnable="0" notExecuted="0" disconnected="0" warning="0" completed="0" inProgress="0" pending="0" />
    <Output>
      <StdOut>[xUnit.net 00:00:00.00] xUnit.net VSTest Adapter v2.4.5+1caef2f33e (64-bit .NET 6.0.3)&#xD;
[xUnit.net 00:00:00.45]   Discovering: BL.Tests&#xD;
[xUnit.net 00:00:00.64]   Discovered:  BL.Tests&#xD;
[xUnit.net 00:00:00.64]   Starting:    BL.Tests&#xD;
[xUnit.net 00:00:00.88]   Finished:    BL.Tests&#xD;
</StdOut>
    </Output>
  </ResultSummary>
</TestRun>