<?xml version="1.0" encoding="utf-8"?>
<TestRun id="c217a521-d872-4696-9afc-4ba6070b2ba0" name="alena@DESKTOP-TJ9D65N 2022-10-15 20:06:21" runUser="DESKTOP-TJ9D65N\alena" xmlns="http://microsoft.com/schemas/VisualStudio/TeamTest/2010">
  <Times creation="2022-10-15T20:06:21.2961407+03:00" queuing="2022-10-15T20:06:21.2961409+03:00" start="2022-10-15T20:06:19.7679510+03:00" finish="2022-10-15T20:06:21.3566483+03:00" />
  <TestSettings name="default" id="c9290de8-7c60-407f-8b33-79c0f629c534">
    <Deployment runDeploymentRoot="alena_DESKTOP-TJ9D65N_2022-10-15_20_06_21" />
  </TestSettings>
  <Results>
    <UnitTestResult executionId="29dd8dbf-510b-4a65-9860-af06126a221a" testId="229812f5-9a73-5335-11f5-31330d1348a5" testName="BL.Tests.CheckPermissionsServiceTests.UnauthorizedHasNoAccessToAdminSkiPatrolFunctions(functionName: &quot;GetMessagesAsync&quot;)" computerName="DESKTOP-TJ9D65N" duration="00:00:00.0030601" startTime="2022-10-15T20:06:21.2459876+03:00" endTime="2022-10-15T20:06:21.2459877+03:00" testType="13cdc9d9-ddb5-4fa4-a97d-d965ccfc6d4b" outcome="Passed" testListId="8c84fa94-04c1-424b-9868-57a2d4851a1d" relativeResultsDirectory="29dd8dbf-510b-4a65-9860-af06126a221a" />
    <UnitTestResult executionId="b41fece4-558c-42c8-851b-6aad2a043ca9" testId="834c739b-eca4-b36d-6a66-5a1bd75377b8" testName="BL.Tests.UsersServiceTests.TestAdminAddAutoIncrementUser" computerName="DESKTOP-TJ9D65N" duration="00:00:00.0075691" startTime="2022-10-15T20:06:21.2685066+03:00" endTime="2022-10-15T20:06:21.2685067+03:00" testType="13cdc9d9-ddb5-4fa4-a97d-d965ccfc6d4b" outcome="Passed" testListId="8c84fa94-04c1-424b-9868-57a2d4851a1d" relativeResultsDirectory="b41fece4-558c-42c8-851b-6aad2a043ca9" />
    <UnitTestResult executionId="1fba3cdd-afb9-48cb-84d9-e0d24295ed56" testId="4f297306-d4f3-8d63-e7f4-1ac0b8c58c74" testName="BL.Tests.CheckPermissionsServiceTests.AuthorizedHasNoAccessToAdminSkiPatrolFunctions(functionName: &quot;GetLiftsSlopesInfoAsync&quot;)" computerName="DESKTOP-TJ9D65N" duration="00:00:00.0014201" startTime="2022-10-15T20:06:21.2678315+03:00" endTime="2022-10-15T20:06:21.2678316+03:00" testType="13cdc9d9-ddb5-4fa4-a97d-d965ccfc6d4b" outcome="Passed" testListId="8c84fa94-04c1-424b-9868-57a2d4851a1d" relativeResultsDirectory="1fba3cdd-afb9-48cb-84d9-e0d24295ed56" />
    <UnitTestResult executionId="8c10fc36-f0ba-4f33-99a1-398884c2d3ab" testId="1ca07ad8-f799-c5d4-e7cc-34fd950198a2" testName="BL.Tests.UsersServiceTests.TestLogInOk" computerName="DESKTOP-TJ9D65N" duration="00:00:00.0031440" startTime="2022-10-15T20:06:21.2520779+03:00" endTime="2022-10-15T20:06:21.2520780+03:00" testType="13cdc9d9-ddb5-4fa4-a97d-d965ccfc6d4b" outcome="Passed" testListId="8c84fa94-04c1-424b-9868-57a2d4851a1d" relativeResultsDirectory="8c10fc36-f0ba-4f33-99a1-398884c2d3ab" />
    <UnitTestResult executionId="65d610d3-a612-47a3-86d7-a812550b3fe3" testId="415e82bb-79b9-d024-e464-9cb1c0022d1c" testName="BL.Tests.LiftsServiceTest.TestAdminAddAutoIncrementLiftAsync(userID: 233, lift: Lift { LiftID = 65, LiftName = liftNameb6f60667-eab0-4af1-9b2e-5b450be60a4f, IsOpen = True, SeatsAmount = 113, LiftingTime = 138, QueueTime = 121, ConnectedSlopes =  }, checkPermissionServiceMock: Mock&lt;ICheckPermissionService:5&gt;, liftsRepositoryStub: Mock&lt;ILiftsRepository:5&gt;, sut: LiftsService { })" computerName="DESKTOP-TJ9D65N" duration="00:00:00.0076429" startTime="2022-10-15T20:06:21.2754173+03:00" endTime="2022-10-15T20:06:21.2754175+03:00" testType="13cdc9d9-ddb5-4fa4-a97d-d965ccfc6d4b" outcome="Passed" testListId="8c84fa94-04c1-424b-9868-57a2d4851a1d" relativeResultsDirectory="65d610d3-a612-47a3-86d7-a812550b3fe3" />
    <UnitTestResult executionId="8463034b-cd8a-45fb-9e8d-0a179d547a83" testId="ac44e368-ad86-0c67-75c0-962d586ff7c7" testName="BL.Tests.SlopesServiceTest.TestUpdateSlopeInfoAsync(userID: 102, slope: Slope { SlopeID = 110, SlopeName = slopeNameed7216ea-4930-4739-9f84-37b7dd15fcbe, IsOpen = True, DifficultyLevel = 68, ConnectedLifts =  }, checkPermissionServiceMock: Mock&lt;ICheckPermissionService:8&gt;, slopesRepositoryStub: Mock&lt;ISlopesRepository:6&gt;, sut: SlopesService { })" computerName="DESKTOP-TJ9D65N" duration="00:00:00.0053985" startTime="2022-10-15T20:06:21.2734535+03:00" endTime="2022-10-15T20:06:21.2734536+03:00" testType="13cdc9d9-ddb5-4fa4-a97d-d965ccfc6d4b" outcome="Passed" testListId="8c84fa94-04c1-424b-9868-57a2d4851a1d" relativeResultsDirectory="8463034b-cd8a-45fb-9e8d-0a179d547a83" />
    <UnitTestResult executionId="2b2b86eb-83ba-4b40-b3f4-c58704a501ac" testId="e2d7e5be-3dae-33ae-fb17-c704b6fd58d6" testName="BL.Tests.CheckPermissionsServiceTests.UnauthorizedHasNoAccessToAdminFunctions" computerName="DESKTOP-TJ9D65N" duration="00:00:00.0020499" startTime="2022-10-15T20:06:21.2804791+03:00" endTime="2022-10-15T20:06:21.2804792+03:00" testType="13cdc9d9-ddb5-4fa4-a97d-d965ccfc6d4b" outcome="Passed" testListId="8c84fa94-04c1-424b-9868-57a2d4851a1d" relativeResultsDirectory="2b2b86eb-83ba-4b40-b3f4-c58704a501ac" />
    <UnitTestResult executionId="285ca3c7-6494-4bf2-bb95-b95af23f9682" testId="644ec43e-70cd-c82d-42e7-0d990be1414d" testName="BL.Tests.CheckPermissionsServiceTests.AuthorizedHasAccessToAuthorizedFunctions(functionName: &quot;SendMessageAsync&quot;)" computerName="DESKTOP-TJ9D65N" duration="00:00:00.0015345" startTime="2022-10-15T20:06:21.2723311+03:00" endTime="2022-10-15T20:06:21.2723312+03:00" testType="13cdc9d9-ddb5-4fa4-a97d-d965ccfc6d4b" outcome="Passed" testListId="8c84fa94-04c1-424b-9868-57a2d4851a1d" relativeResultsDirectory="285ca3c7-6494-4bf2-bb95-b95af23f9682" />
    <UnitTestResult executionId="6e15c2fa-635e-4297-88e1-9dd672325e2f" testId="e94296ee-ca28-815a-6272-98db6a1fd24a" testName="BL.Tests.TurnstilesServiceTest.TestAdminGetTurnstilesAsync(userID: 141, initialTurnstiles: [Turnstile { TurnstileID = 238, LiftID = 6, IsOpen = True }, Turnstile { TurnstileID = 128, LiftID = 227, IsOpen = False }, Turnstile { TurnstileID = 26, LiftID = 92, IsOpen = True }], checkPermissionServiceMock: Mock&lt;ICheckPermissionService:13&gt;, turnstilesRepositoryStub: Mock&lt;ITurnstilesRepository:7&gt;, sut: TurnstilesService { })" computerName="DESKTOP-TJ9D65N" duration="00:00:00.0355279" startTime="2022-10-15T20:06:21.1602068+03:00" endTime="2022-10-15T20:06:21.1602303+03:00" testType="13cdc9d9-ddb5-4fa4-a97d-d965ccfc6d4b" outcome="Passed" testListId="8c84fa94-04c1-424b-9868-57a2d4851a1d" relativeResultsDirectory="6e15c2fa-635e-4297-88e1-9dd672325e2f" />
    <UnitTestResult executionId="1ea605a9-6796-4b79-a16c-5fbc129d69ab" testId="9d2bbe06-203b-8891-ca92-b888eb35844a" testName="BL.Tests.SlopesServiceTest.TestAdminAddAutoIncrementSlopeAsync(userID: 164, slope: Slope { SlopeID = 143, SlopeName = slopeName9de5217d-1bb2-405f-83c5-bba4d0a66dc8, IsOpen = True, DifficultyLevel = 199, ConnectedLifts =  }, checkPermissionServiceMock: Mock&lt;ICheckPermissionService:10&gt;, slopesRepositoryStub: Mock&lt;ISlopesRepository:8&gt;, sut: SlopesService { })" computerName="DESKTOP-TJ9D65N" duration="00:00:00.0067918" startTime="2022-10-15T20:06:21.2652137+03:00" endTime="2022-10-15T20:06:21.2652138+03:00" testType="13cdc9d9-ddb5-4fa4-a97d-d965ccfc6d4b" outcome="Passed" testListId="8c84fa94-04c1-424b-9868-57a2d4851a1d" relativeResultsDirectory="1ea605a9-6796-4b79-a16c-5fbc129d69ab" />
    <UnitTestResult executionId="4e51b5c1-ac35-425a-8735-925c19b2098f" testId="06d0bc3a-24a0-fb7f-4277-e9ae6d21c7dd" testName="BL.Tests.UsersServiceTests.TestAdminUpdateUser" computerName="DESKTOP-TJ9D65N" duration="00:00:00.0061814" startTime="2022-10-15T20:06:21.2477274+03:00" endTime="2022-10-15T20:06:21.2477275+03:00" testType="13cdc9d9-ddb5-4fa4-a97d-d965ccfc6d4b" outcome="Passed" testListId="8c84fa94-04c1-424b-9868-57a2d4851a1d" relativeResultsDirectory="4e51b5c1-ac35-425a-8735-925c19b2098f" />
    <UnitTestResult executionId="32b97726-8131-47a1-9469-1d90dcade0b0" testId="894941c1-bfa7-d8f9-c047-1e1ceefe2c2f" testName="BL.Tests.UsersServiceTests.TestRegisterUserWithRepeatedEmail" computerName="DESKTOP-TJ9D65N" duration="00:00:00.0042215" startTime="2022-10-15T20:06:21.2474928+03:00" endTime="2022-10-15T20:06:21.2474929+03:00" testType="13cdc9d9-ddb5-4fa4-a97d-d965ccfc6d4b" outcome="Passed" testListId="8c84fa94-04c1-424b-9868-57a2d4851a1d" relativeResultsDirectory="32b97726-8131-47a1-9469-1d90dcade0b0" />
    <UnitTestResult executionId="db995fb4-f03a-421c-928d-cbb22366a5f4" testId="91f44bc5-cec5-2027-1881-55197cb53d03" testName="BL.Tests.SlopesServiceTest.TestAdminDeleteSlopeAsync(userID: 185, slope: Slope { SlopeID = 38, SlopeName = slopeNameebfc4673-bb6e-469b-85ab-e2c3429889f1, IsOpen = True, DifficultyLevel = 129, ConnectedLifts =  }, checkPermissionServiceMock: Mock&lt;ICheckPermissionService:9&gt;, slopesRepositoryStub: Mock&lt;ISlopesRepository:7&gt;, liftsSlopesRepositoryStub: Mock&lt;ILiftsSlopesRepository:12&gt;, sut: SlopesService { })" computerName="DESKTOP-TJ9D65N" duration="00:00:00.0058493" startTime="2022-10-15T20:06:21.2457783+03:00" endTime="2022-10-15T20:06:21.2457784+03:00" testType="13cdc9d9-ddb5-4fa4-a97d-d965ccfc6d4b" outcome="Passed" testListId="8c84fa94-04c1-424b-9868-57a2d4851a1d" relativeResultsDirectory="db995fb4-f03a-421c-928d-cbb22366a5f4" />
    <UnitTestResult executionId="11368059-4f78-4d7f-8e75-d2e9604de2d2" testId="e880bb9e-93f8-d394-8069-8a1beb8946ba" testName="BL.Tests.LiftsServiceTest.TestUpdateLiftInfoAsync(userID: 180, lift: Lift { LiftID = 135, LiftName = liftName50f2c5cf-9b69-4673-90b9-93acd507a43a, IsOpen = True, SeatsAmount = 233, LiftingTime = 6, QueueTime = 151, ConnectedSlopes =  }, checkPermissionServiceMock: Mock&lt;ICheckPermissionService:3&gt;, liftsRepositoryStub: Mock&lt;ILiftsRepository:3&gt;, sut: LiftsService { })" computerName="DESKTOP-TJ9D65N" duration="00:00:00.0350718" startTime="2022-10-15T20:06:21.1645900+03:00" endTime="2022-10-15T20:06:21.1645905+03:00" testType="13cdc9d9-ddb5-4fa4-a97d-d965ccfc6d4b" outcome="Passed" testListId="8c84fa94-04c1-424b-9868-57a2d4851a1d" relativeResultsDirectory="11368059-4f78-4d7f-8e75-d2e9604de2d2" />
    <UnitTestResult executionId="8fcf4584-153f-4fdb-a217-d8d835972e13" testId="44602fd4-2607-4d4d-b7b2-e71a04ad7db1" testName="BL.Tests.LiftsSlopesServiceTests.TestAdminAddAutoIncrementLiftSlopeAsync(lift: Lift { LiftID = 195, LiftName = liftName2a1cb6da-f9e4-4b78-8a3a-c9fc281cff7a, IsOpen = True, SeatsAmount = 122, LiftingTime = 76, QueueTime = 96, ConnectedSlopes =  }, slope: Slope { SlopeID = 119, SlopeName = slopeNamebeb173dc-85dd-4164-a437-28e393138e29, IsOpen = False, DifficultyLevel = 135, ConnectedLifts =  }, slopesRepositoryStub: Mock&lt;ISlopesRepository:3&gt;, liftsRepositoryStub: Mock&lt;ILiftsRepository:8&gt;, liftsSlopesRepositoryStub: Mock&lt;ILiftsSlopesRepository:8&gt;)" computerName="DESKTOP-TJ9D65N" duration="00:00:00.0337280" startTime="2022-10-15T20:06:21.1646062+03:00" endTime="2022-10-15T20:06:21.1646063+03:00" testType="13cdc9d9-ddb5-4fa4-a97d-d965ccfc6d4b" outcome="Passed" testListId="8c84fa94-04c1-424b-9868-57a2d4851a1d" relativeResultsDirectory="8fcf4584-153f-4fdb-a217-d8d835972e13" />
    <UnitTestResult executionId="24cd9714-2307-457f-b98a-04f99623dfad" testId="60bd668f-04df-da5e-b79b-5d9aedb5234d" testName="BL.Tests.CheckPermissionsServiceTests.SkiPatrolHasAccessToAdminSkiPatrolFunctions(functionName: &quot;MarkMessageReadByUserAsync&quot;)" computerName="DESKTOP-TJ9D65N" duration="00:00:00.0008732" startTime="2022-10-15T20:06:21.2486853+03:00" endTime="2022-10-15T20:06:21.2486854+03:00" testType="13cdc9d9-ddb5-4fa4-a97d-d965ccfc6d4b" outcome="Passed" testListId="8c84fa94-04c1-424b-9868-57a2d4851a1d" relativeResultsDirectory="24cd9714-2307-457f-b98a-04f99623dfad" />
    <UnitTestResult executionId="34c3c6b7-27b9-40c7-ae72-69e9fb458ea1" testId="3bc57ed5-dcfa-60cf-f9e5-61cadcd4c0eb" testName="BL.Tests.TurnstilesServiceTest.TestAdminDeleteTurnstileAsync(userID: 63, turnstile: Turnstile { TurnstileID = 126, LiftID = 52, IsOpen = True }, checkPermissionServiceMock: Mock&lt;ICheckPermissionService:15&gt;, turnstilesRepositoryStub: Mock&lt;ITurnstilesRepository:9&gt;, sut: TurnstilesService { })" computerName="DESKTOP-TJ9D65N" duration="00:00:00.0046364" startTime="2022-10-15T20:06:21.2474771+03:00" endTime="2022-10-15T20:06:21.2474772+03:00" testType="13cdc9d9-ddb5-4fa4-a97d-d965ccfc6d4b" outcome="Passed" testListId="8c84fa94-04c1-424b-9868-57a2d4851a1d" relativeResultsDirectory="34c3c6b7-27b9-40c7-ae72-69e9fb458ea1" />
    <UnitTestResult executionId="a84db605-e8a9-4466-ba80-b5c46f52718b" testId="8184bd30-991c-b78d-b4ec-99a485eac0dd" testName="BL.Tests.UsersServiceTests.TestRegisterUserWithNoEmail" computerName="DESKTOP-TJ9D65N" duration="00:00:00.0029834" startTime="2022-10-15T20:06:21.2457461+03:00" endTime="2022-10-15T20:06:21.2457461+03:00" testType="13cdc9d9-ddb5-4fa4-a97d-d965ccfc6d4b" outcome="Passed" testListId="8c84fa94-04c1-424b-9868-57a2d4851a1d" relativeResultsDirectory="a84db605-e8a9-4466-ba80-b5c46f52718b" />
    <UnitTestResult executionId="9d1d96cf-4f4c-4ce7-98bd-495cc0edc1b0" testId="eaabd2fc-2f4b-5689-59c8-c7ad34a8f634" testName="BL.Tests.CheckPermissionsServiceTests.UnauthorizedHasNoAccessToAuthorizedFunctions(functionName: &quot;SendMessageAsync&quot;)" computerName="DESKTOP-TJ9D65N" duration="00:00:00.0048643" startTime="2022-10-15T20:06:21.2475683+03:00" endTime="2022-10-15T20:06:21.2475684+03:00" testType="13cdc9d9-ddb5-4fa4-a97d-d965ccfc6d4b" outcome="Passed" testListId="8c84fa94-04c1-424b-9868-57a2d4851a1d" relativeResultsDirectory="9d1d96cf-4f4c-4ce7-98bd-495cc0edc1b0" />
    <UnitTestResult executionId="7347540b-2f50-47b4-9b06-e54b7af789a9" testId="daab06bd-70a8-6876-f6e8-ba38942e582f" testName="BL.Tests.SlopesServiceTest.TestGetSlopeInfoAsync(userID: 232, slope: Slope { SlopeID = 72, SlopeName = slopeName6a88ea86-d718-40e7-bd16-3d98f13028bc, IsOpen = True, DifficultyLevel = 204, ConnectedLifts =  }, checkPermissionServiceMock: Mock&lt;ICheckPermissionService:6&gt;, slopesRepositoryStub: Mock&lt;ISlopesRepository:4&gt;, liftsSlopesRepositoryStub: Mock&lt;ILiftsSlopesRepository:9&gt;, sut: SlopesService { })" computerName="DESKTOP-TJ9D65N" duration="00:00:00.0376330" startTime="2022-10-15T20:06:21.1646522+03:00" endTime="2022-10-15T20:06:21.1646523+03:00" testType="13cdc9d9-ddb5-4fa4-a97d-d965ccfc6d4b" outcome="Passed" testListId="8c84fa94-04c1-424b-9868-57a2d4851a1d" relativeResultsDirectory="7347540b-2f50-47b4-9b06-e54b7af789a9" />
    <UnitTestResult executionId="18996fa8-17fa-4d07-a5b4-07e562654a4e" testId="df5d93cc-f515-37f3-7c6d-4238c8cd96e6" testName="BL.Tests.TurnstilesServiceTest.TestAdminGetTurnstileAsync(userID: 74, turnstile: Turnstile { TurnstileID = 47, LiftID = 245, IsOpen = True }, checkPermissionServiceMock: Mock&lt;ICheckPermissionService:12&gt;, turnstilesRepositoryStub: Mock&lt;ITurnstilesRepository:6&gt;, sut: TurnstilesService { })" computerName="DESKTOP-TJ9D65N" duration="00:00:00.0037139" startTime="2022-10-15T20:06:21.2485771+03:00" endTime="2022-10-15T20:06:21.2485772+03:00" testType="13cdc9d9-ddb5-4fa4-a97d-d965ccfc6d4b" outcome="Passed" testListId="8c84fa94-04c1-424b-9868-57a2d4851a1d" relativeResultsDirectory="18996fa8-17fa-4d07-a5b4-07e562654a4e" />
    <UnitTestResult executionId="025c13eb-1306-4293-bab4-d925c9344e7d" testId="a2e59116-cb53-1d70-9cb8-21c286516866" testName="BL.Tests.CheckPermissionsServiceTests.AuthorizedHasNoAccessToAdminFunctions" computerName="DESKTOP-TJ9D65N" duration="00:00:00.0028852" startTime="2022-10-15T20:06:21.2526704+03:00" endTime="2022-10-15T20:06:21.2526706+03:00" testType="13cdc9d9-ddb5-4fa4-a97d-d965ccfc6d4b" outcome="Passed" testListId="8c84fa94-04c1-424b-9868-57a2d4851a1d" relativeResultsDirectory="025c13eb-1306-4293-bab4-d925c9344e7d" />
    <UnitTestResult executionId="b25c9e78-5f55-4b0f-8187-c28f884a7df0" testId="68a05744-3ecb-ff6d-e56d-ec0d27fc6f1d" testName="BL.Tests.TurnstilesServiceTest.TestAdminUpdateTurnstileAsync(userID: 80, turnstile: Turnstile { TurnstileID = 6, LiftID = 82, IsOpen = True }, checkPermissionServiceMock: Mock&lt;ICheckPermissionService:14&gt;, turnstilesRepositoryStub: Mock&lt;ITurnstilesRepository:8&gt;, sut: TurnstilesService { })" computerName="DESKTOP-TJ9D65N" duration="00:00:00.0060903" startTime="2022-10-15T20:06:21.2476711+03:00" endTime="2022-10-15T20:06:21.2476712+03:00" testType="13cdc9d9-ddb5-4fa4-a97d-d965ccfc6d4b" outcome="Passed" testListId="8c84fa94-04c1-424b-9868-57a2d4851a1d" relativeResultsDirectory="b25c9e78-5f55-4b0f-8187-c28f884a7df0" />
    <UnitTestResult executionId="1b748019-74f3-490f-9d01-58ad9efb8c80" testId="a19a5fcf-c5d2-7d44-5d7d-84403042f4e0" testName="BL.Tests.CheckPermissionsServiceTests.UnauthorizedHasNoAccessToAdminSkiPatrolFunctions(functionName: &quot;MarkMessageReadByUserAsync&quot;)" computerName="DESKTOP-TJ9D65N" duration="00:00:00.0336773" startTime="2022-10-15T20:06:21.1645031+03:00" endTime="2022-10-15T20:06:21.1645032+03:00" testType="13cdc9d9-ddb5-4fa4-a97d-d965ccfc6d4b" outcome="Passed" testListId="8c84fa94-04c1-424b-9868-57a2d4851a1d" relativeResultsDirectory="1b748019-74f3-490f-9d01-58ad9efb8c80" />
    <UnitTestResult executionId="ce1df132-c33b-4c21-9da6-dae9f114ab32" testId="c36970dc-93f7-753e-fa47-157133b01644" testName="BL.Tests.CheckPermissionsServiceTests.SkiPatrolHasAccessToAdminSkiPatrolFunctions(functionName: &quot;GetMessagesAsync&quot;)" computerName="DESKTOP-TJ9D65N" duration="00:00:00.0012830" startTime="2022-10-15T20:06:21.2487497+03:00" endTime="2022-10-15T20:06:21.2487498+03:00" testType="13cdc9d9-ddb5-4fa4-a97d-d965ccfc6d4b" outcome="Passed" testListId="8c84fa94-04c1-424b-9868-57a2d4851a1d" relativeResultsDirectory="ce1df132-c33b-4c21-9da6-dae9f114ab32" />
    <UnitTestResult executionId="ab59a7fa-67c7-45df-b448-64bc526795a9" testId="7be06902-fb80-bc69-5f6e-149060f1e681" testName="BL.Tests.LiftsServiceTest.TestGetLiftInfoAsync(userID: 146, lift: Lift { LiftID = 139, LiftName = liftNamea6c4a49e-da5b-421f-b196-bccc47613094, IsOpen = True, SeatsAmount = 37, LiftingTime = 9, QueueTime = 56, ConnectedSlopes =  }, checkPermissionServiceMock: Mock&lt;ICheckPermissionService:1&gt;, liftsRepositoryStub: Mock&lt;ILiftsRepository:1&gt;, liftsSlopesRepositoryStub: Mock&lt;ILiftsSlopesRepository:1&gt;, sut: LiftsService { })" computerName="DESKTOP-TJ9D65N" duration="00:00:00.0067104" startTime="2022-10-15T20:06:21.2458315+03:00" endTime="2022-10-15T20:06:21.2458315+03:00" testType="13cdc9d9-ddb5-4fa4-a97d-d965ccfc6d4b" outcome="Passed" testListId="8c84fa94-04c1-424b-9868-57a2d4851a1d" relativeResultsDirectory="ab59a7fa-67c7-45df-b448-64bc526795a9" />
    <UnitTestResult executionId="79759ed8-1af5-481a-8b40-ae5f45d9e5c3" testId="0eeef75f-6e38-7893-a8fe-cff3e0a970a7" testName="BL.Tests.UsersServiceTests.TestRegisterOk" computerName="DESKTOP-TJ9D65N" duration="00:00:00.0142436" startTime="2022-10-15T20:06:21.2487306+03:00" endTime="2022-10-15T20:06:21.2487307+03:00" testType="13cdc9d9-ddb5-4fa4-a97d-d965ccfc6d4b" outcome="Passed" testListId="8c84fa94-04c1-424b-9868-57a2d4851a1d" relativeResultsDirectory="79759ed8-1af5-481a-8b40-ae5f45d9e5c3" />
    <UnitTestResult executionId="5291a1d7-20e0-461c-82fa-02ceabd15daa" testId="69340bb6-3645-f9dd-971e-29d8b2a009bb" testName="BL.Tests.UsersServiceTests.TestLogInWithWrongPassword" computerName="DESKTOP-TJ9D65N" duration="00:00:00.0025206" startTime="2022-10-15T20:06:21.2579433+03:00" endTime="2022-10-15T20:06:21.2579434+03:00" testType="13cdc9d9-ddb5-4fa4-a97d-d965ccfc6d4b" outcome="Passed" testListId="8c84fa94-04c1-424b-9868-57a2d4851a1d" relativeResultsDirectory="5291a1d7-20e0-461c-82fa-02ceabd15daa" />
    <UnitTestResult executionId="b00abd59-6ee4-4dfa-aebd-c6aa92f30367" testId="c4002230-67a9-bb64-d5da-18b168470095" testName="BL.Tests.SlopesServiceTest.TestGetSlopesInfoAsync(userID: 212, initialSlopes: [Slope { SlopeID = 59, SlopeName = slopeName4403d419-99b3-4597-8c38-e704cc45a9b5, IsOpen = True, DifficultyLevel = 137, ConnectedLifts =  }, Slope { SlopeID = 139, SlopeName = slopeNameb110401a-5d1e-4357-bd54-67c56f7bcbd5, IsOpen = False, DifficultyLevel = 50, ConnectedLifts =  }, Slope { SlopeID = 52, SlopeName = slopeNamedd95e613-763d-4294-ad6b-c7222d4a4205, IsOpen = True, DifficultyLevel = 67, ConnectedLifts =  }], checkPermissionServiceMock: Mock&lt;ICheckPermissionService:7&gt;, slopesRepositoryStub: Mock&lt;ISlopesRepository:5&gt;, liftsSlopesRepositoryStub: Mock&lt;ILiftsSlopesRepository:10&gt;, sut: SlopesService { })" computerName="DESKTOP-TJ9D65N" duration="00:00:00.0375725" startTime="2022-10-15T20:06:21.2559004+03:00" endTime="2022-10-15T20:06:21.2559005+03:00" testType="13cdc9d9-ddb5-4fa4-a97d-d965ccfc6d4b" outcome="Passed" testListId="8c84fa94-04c1-424b-9868-57a2d4851a1d" relativeResultsDirectory="b00abd59-6ee4-4dfa-aebd-c6aa92f30367" />
    <UnitTestResult executionId="cfbe729f-05e8-4840-ba06-c1402c19a7fc" testId="f44a1b21-8efc-bfac-63b4-d534442def31" testName="BL.Tests.UsersServiceTests.TestRegisterUserWithNoPassword" computerName="DESKTOP-TJ9D65N" duration="00:00:00.0015494" startTime="2022-10-15T20:06:21.2459656+03:00" endTime="2022-10-15T20:06:21.2459657+03:00" testType="13cdc9d9-ddb5-4fa4-a97d-d965ccfc6d4b" outcome="Passed" testListId="8c84fa94-04c1-424b-9868-57a2d4851a1d" relativeResultsDirectory="cfbe729f-05e8-4840-ba06-c1402c19a7fc" />
    <UnitTestResult executionId="e19a2af8-c043-45a1-adef-7b3fd620c8ef" testId="1d5a2671-6bc3-8f31-d39f-90f830d48fe1" testName="BL.Tests.SlopesServiceTest.TestAdminAddSlopeAsync(userID: 143, slope: Slope { SlopeID = 239, SlopeName = slopeName7c42804c-d39d-4faf-860e-b3eee93c3400, IsOpen = True, DifficultyLevel = 102, ConnectedLifts =  }, checkPermissionServiceMock: Mock&lt;ICheckPermissionService:11&gt;, slopesRepositoryStub: Mock&lt;ISlopesRepository:9&gt;, sut: SlopesService { })" computerName="DESKTOP-TJ9D65N" duration="00:00:00.0057593" startTime="2022-10-15T20:06:21.2473824+03:00" endTime="2022-10-15T20:06:21.2473825+03:00" testType="13cdc9d9-ddb5-4fa4-a97d-d965ccfc6d4b" outcome="Passed" testListId="8c84fa94-04c1-424b-9868-57a2d4851a1d" relativeResultsDirectory="e19a2af8-c043-45a1-adef-7b3fd620c8ef" />
    <UnitTestResult executionId="6940a8d6-7d3c-495b-8d7f-11acadd3742d" testId="aa28a6b3-21d3-aa45-24d3-bef2facbc899" testName="BL.Tests.CheckPermissionsServiceTests.AuthorizedHasAccessToAuthorizedFunctions(functionName: &quot;LogOutAsync&quot;)" computerName="DESKTOP-TJ9D65N" duration="00:00:00.0010953" startTime="2022-10-15T20:06:21.2757873+03:00" endTime="2022-10-15T20:06:21.2757874+03:00" testType="13cdc9d9-ddb5-4fa4-a97d-d965ccfc6d4b" outcome="Passed" testListId="8c84fa94-04c1-424b-9868-57a2d4851a1d" relativeResultsDirectory="6940a8d6-7d3c-495b-8d7f-11acadd3742d" />
    <UnitTestResult executionId="b9ed852a-fdba-416b-bd6d-9a0bb20b1586" testId="e5497347-2721-b7a6-0bd4-69a9921f6947" testName="BL.Tests.UsersServiceTests.TestAdminGetUserByIDAsync" computerName="DESKTOP-TJ9D65N" duration="00:00:00.0031066" startTime="2022-10-15T20:06:21.2741896+03:00" endTime="2022-10-15T20:06:21.2741897+03:00" testType="13cdc9d9-ddb5-4fa4-a97d-d965ccfc6d4b" outcome="Passed" testListId="8c84fa94-04c1-424b-9868-57a2d4851a1d" relativeResultsDirectory="b9ed852a-fdba-416b-bd6d-9a0bb20b1586" />
    <UnitTestResult executionId="1d05d518-e7f1-41ec-8844-8f859dacb0b3" testId="18fa8c62-e27d-e1fc-8182-4d7db62b008d" testName="BL.Tests.UsersServiceTests.TestAdminDeleteUser" computerName="DESKTOP-TJ9D65N" duration="00:00:00.0036696" startTime="2022-10-15T20:06:21.2807523+03:00" endTime="2022-10-15T20:06:21.2807524+03:00" testType="13cdc9d9-ddb5-4fa4-a97d-d965ccfc6d4b" outcome="Passed" testListId="8c84fa94-04c1-424b-9868-57a2d4851a1d" relativeResultsDirectory="1d05d518-e7f1-41ec-8844-8f859dacb0b3" />
    <UnitTestResult executionId="911f680f-f241-4929-8da1-4679267f0f8f" testId="fa960c5e-f989-2880-784e-8efe538c5231" testName="BL.Tests.CheckPermissionsServiceTests.UnauthorizedHasNoAccessToAuthorizedFunctions(functionName: &quot;LogOutAsync&quot;)" computerName="DESKTOP-TJ9D65N" duration="00:00:00.0009753" startTime="2022-10-15T20:06:21.2476205+03:00" endTime="2022-10-15T20:06:21.2476205+03:00" testType="13cdc9d9-ddb5-4fa4-a97d-d965ccfc6d4b" outcome="Passed" testListId="8c84fa94-04c1-424b-9868-57a2d4851a1d" relativeResultsDirectory="911f680f-f241-4929-8da1-4679267f0f8f" />
    <UnitTestResult executionId="5d9db37d-5b4e-4e5d-8fff-5328d13925dc" testId="8cc3f5c4-eaac-58e6-9b00-97112933aed1" testName="BL.Tests.LiftsServiceTest.TestAdminDeleteLiftAsync(userID: 68, lift: Lift { LiftID = 85, LiftName = liftNamefce98942-54ad-42db-87f5-9ac0d80433e3, IsOpen = True, SeatsAmount = 14, LiftingTime = 199, QueueTime = 255, ConnectedSlopes =  }, checkPermissionServiceMock: Mock&lt;ICheckPermissionService:4&gt;, liftsRepositoryStub: Mock&lt;ILiftsRepository:4&gt;, liftsSlopesRepositoryStub: Mock&lt;ILiftsSlopesRepository:4&gt;, sut: LiftsService { })" computerName="DESKTOP-TJ9D65N" duration="00:00:00.0418426" startTime="2022-10-15T20:06:21.2518758+03:00" endTime="2022-10-15T20:06:21.2518760+03:00" testType="13cdc9d9-ddb5-4fa4-a97d-d965ccfc6d4b" outcome="Passed" testListId="8c84fa94-04c1-424b-9868-57a2d4851a1d" relativeResultsDirectory="5d9db37d-5b4e-4e5d-8fff-5328d13925dc" />
    <UnitTestResult executionId="94f91d86-8b3b-41c0-bebb-e98c219d72e0" testId="4313f7c0-ac07-d340-d768-12e3181dbf41" testName="BL.Tests.LiftsSlopesServiceTests.TestAdminDeleteLiftSlopeAsync(lift: Lift { LiftID = 28, LiftName = liftNamecaaae2ca-e90b-4d87-8c9e-727cd65d726d, IsOpen = True, SeatsAmount = 132, LiftingTime = 58, QueueTime = 171, ConnectedSlopes =  }, slope: Slope { SlopeID = 189, SlopeName = slopeName83032c92-91c2-47a2-8e43-bdf6d2cdb75c, IsOpen = False, DifficultyLevel = 99, ConnectedLifts =  }, slopesRepositoryStub: Mock&lt;ISlopesRepository:2&gt;, liftsRepositoryStub: Mock&lt;ILiftsRepository:7&gt;, liftsSlopesRepositoryStub: Mock&lt;ILiftsSlopesRepository:7&gt;)" computerName="DESKTOP-TJ9D65N" duration="00:00:00.0081344" startTime="2022-10-15T20:06:21.2458889+03:00" endTime="2022-10-15T20:06:21.2458890+03:00" testType="13cdc9d9-ddb5-4fa4-a97d-d965ccfc6d4b" outcome="Passed" testListId="8c84fa94-04c1-424b-9868-57a2d4851a1d" relativeResultsDirectory="94f91d86-8b3b-41c0-bebb-e98c219d72e0" />
    <UnitTestResult executionId="2ccc409a-8429-422e-a9f4-f24df9fb2f0e" testId="2602613f-c8e2-a6d9-fcf7-5b27d4a770a6" testName="BL.Tests.CheckPermissionsServiceTests.AuthorizedHasNoAccessToAdminSkiPatrolFunctions(functionName: &quot;GetMessagesAsync&quot;)" computerName="DESKTOP-TJ9D65N" duration="00:00:00.0032096" startTime="2022-10-15T20:06:21.2591407+03:00" endTime="2022-10-15T20:06:21.2591408+03:00" testType="13cdc9d9-ddb5-4fa4-a97d-d965ccfc6d4b" outcome="Passed" testListId="8c84fa94-04c1-424b-9868-57a2d4851a1d" relativeResultsDirectory="2ccc409a-8429-422e-a9f4-f24df9fb2f0e" />
    <UnitTestResult executionId="1f25fc43-9853-4c94-bdaa-b93c47c2e80f" testId="387c9729-48c1-486e-5e67-f5d11a9f0db8" testName="BL.Tests.CheckPermissionsServiceTests.UnauthorizedHasNoAccessToAdminSkiPatrolFunctions(functionName: &quot;GetLiftsSlopesInfoAsync&quot;)" computerName="DESKTOP-TJ9D65N" duration="00:00:00.0014462" startTime="2022-10-15T20:06:21.2453941+03:00" endTime="2022-10-15T20:06:21.2453941+03:00" testType="13cdc9d9-ddb5-4fa4-a97d-d965ccfc6d4b" outcome="Passed" testListId="8c84fa94-04c1-424b-9868-57a2d4851a1d" relativeResultsDirectory="1f25fc43-9853-4c94-bdaa-b93c47c2e80f" />
    <UnitTestResult executionId="20255cfa-7f5f-43a2-b5ef-96fc4cd8b558" testId="39be9b5e-0bc4-57dc-37d3-aec6b520299d" testName="BL.Tests.LiftsSlopesServiceTests.TestGetLiftsSlopesInfoAsync(liftsSlopes: [LiftSlope { RecordID = 73, LiftID = 26, SlopeID = 252 }, LiftSlope { RecordID = 132, LiftID = 120, SlopeID = 31 }, LiftSlope { RecordID = 74, LiftID = 116, SlopeID = 59 }], slopesRepositoryStub: Mock&lt;ISlopesRepository:1&gt;, liftsRepositoryStub: Mock&lt;ILiftsRepository:6&gt;, liftsSlopesRepositoryStub: Mock&lt;ILiftsSlopesRepository:6&gt;)" computerName="DESKTOP-TJ9D65N" duration="00:00:00.0064038" startTime="2022-10-15T20:06:21.2475245+03:00" endTime="2022-10-15T20:06:21.2475246+03:00" testType="13cdc9d9-ddb5-4fa4-a97d-d965ccfc6d4b" outcome="Passed" testListId="8c84fa94-04c1-424b-9868-57a2d4851a1d" relativeResultsDirectory="20255cfa-7f5f-43a2-b5ef-96fc4cd8b558" />
    <UnitTestResult executionId="54bb453f-bc68-4d31-bbaa-9d40a7129936" testId="492c0393-35b4-df26-a537-21ca08302f3c" testName="BL.Tests.CheckPermissionsServiceTests.SkiPatrolHasNoAccessToAdminFunctions" computerName="DESKTOP-TJ9D65N" duration="00:00:00.0020669" startTime="2022-10-15T20:06:21.2849491+03:00" endTime="2022-10-15T20:06:21.2849493+03:00" testType="13cdc9d9-ddb5-4fa4-a97d-d965ccfc6d4b" outcome="Passed" testListId="8c84fa94-04c1-424b-9868-57a2d4851a1d" relativeResultsDirectory="54bb453f-bc68-4d31-bbaa-9d40a7129936" />
    <UnitTestResult executionId="c4f4322b-a945-4d01-aeaf-783db9198266" testId="3a3b2077-df02-28c5-a39c-40b4fe9959e8" testName="BL.Tests.LiftsServiceTest.TestGetLiftsInfoAsync(userID: 5, initialLifts: [Lift { LiftID = 216, LiftName = liftName4d7d9b2a-7100-4680-9a4d-29b970f77bab, IsOpen = True, SeatsAmount = 170, LiftingTime = 169, QueueTime = 253, ConnectedSlopes =  }, Lift { LiftID = 227, LiftName = liftName89cfd32c-fb5e-472a-9c69-9346edbd1b39, IsOpen = False, SeatsAmount = 87, LiftingTime = 135, QueueTime = 206, ConnectedSlopes =  }, Lift { LiftID = 183, LiftName = liftName13149d9c-3f01-466b-a109-492644840338, IsOpen = True, SeatsAmount = 254, LiftingTime = 168, QueueTime = 13, ConnectedSlopes =  }], checkPermissionServiceMock: Mock&lt;ICheckPermissionService:2&gt;, liftsRepositoryStub: Mock&lt;ILiftsRepository:2&gt;, liftsSlopesRepositoryStub: Mock&lt;ILiftsSlopesRepository:2&gt;, sut: LiftsService { })" computerName="DESKTOP-TJ9D65N" duration="00:00:00.0093059" startTime="2022-10-15T20:06:21.2642136+03:00" endTime="2022-10-15T20:06:21.2642137+03:00" testType="13cdc9d9-ddb5-4fa4-a97d-d965ccfc6d4b" outcome="Passed" testListId="8c84fa94-04c1-424b-9868-57a2d4851a1d" relativeResultsDirectory="c4f4322b-a945-4d01-aeaf-783db9198266" />
    <UnitTestResult executionId="a9d3529f-856c-4589-921c-60d2ac1fd2e3" testId="f3efc418-a8a6-c7b7-9bac-90b33aa8472f" testName="BL.Tests.CheckPermissionsServiceTests.AdminHasAccessToAllFunctions" computerName="DESKTOP-TJ9D65N" duration="00:00:00.0015643" startTime="2022-10-15T20:06:21.2884769+03:00" endTime="2022-10-15T20:06:21.2884770+03:00" testType="13cdc9d9-ddb5-4fa4-a97d-d965ccfc6d4b" outcome="Passed" testListId="8c84fa94-04c1-424b-9868-57a2d4851a1d" relativeResultsDirectory="a9d3529f-856c-4589-921c-60d2ac1fd2e3" />
    <UnitTestResult executionId="4506deb8-3dba-4c41-b2da-eaaf621a62b2" testId="2d706594-f2b3-b3c8-21d4-86c9798c3306" testName="BL.Tests.CheckPermissionsServiceTests.SkiPatrolHasAccessToAdminSkiPatrolFunctions(functionName: &quot;GetLiftsSlopesInfoAsync&quot;)" computerName="DESKTOP-TJ9D65N" duration="00:00:00.0110242" startTime="2022-10-15T20:06:21.2486104+03:00" endTime="2022-10-15T20:06:21.2486105+03:00" testType="13cdc9d9-ddb5-4fa4-a97d-d965ccfc6d4b" outcome="Passed" testListId="8c84fa94-04c1-424b-9868-57a2d4851a1d" relativeResultsDirectory="4506deb8-3dba-4c41-b2da-eaaf621a62b2" />
    <UnitTestResult executionId="ca7a7608-fa4d-4deb-8cae-3a31514e9e76" testId="955f5bcb-e777-9116-9edd-ed01d548a411" testName="BL.Tests.TurnstilesServiceTest.TestAdminAddAutoIncrementTurnstileAsync(userID: 153, turnstile: Turnstile { TurnstileID = 224, LiftID = 132, IsOpen = True }, checkPermissionServiceMock: Mock&lt;ICheckPermissionService:16&gt;, turnstilesRepositoryStub: Mock&lt;ITurnstilesRepository:10&gt;, sut: TurnstilesService { })" computerName="DESKTOP-TJ9D65N" duration="00:00:00.0091597" startTime="2022-10-15T20:06:21.2459259+03:00" endTime="2022-10-15T20:06:21.2459260+03:00" testType="13cdc9d9-ddb5-4fa4-a97d-d965ccfc6d4b" outcome="Passed" testListId="8c84fa94-04c1-424b-9868-57a2d4851a1d" relativeResultsDirectory="ca7a7608-fa4d-4deb-8cae-3a31514e9e76" />
    <UnitTestResult executionId="f6968162-1202-4e8b-94fe-82c3841098c2" testId="9c7df5e2-1b23-ebea-889f-b78ca86b60ab" testName="BL.Tests.CheckPermissionsServiceTests.AuthorizedHasNoAccessToAdminSkiPatrolFunctions(functionName: &quot;MarkMessageReadByUserAsync&quot;)" computerName="DESKTOP-TJ9D65N" duration="00:00:00.0010972" startTime="2022-10-15T20:06:21.2632641+03:00" endTime="2022-10-15T20:06:21.2632642+03:00" testType="13cdc9d9-ddb5-4fa4-a97d-d965ccfc6d4b" outcome="Passed" testListId="8c84fa94-04c1-424b-9868-57a2d4851a1d" relativeResultsDirectory="f6968162-1202-4e8b-94fe-82c3841098c2" />
    <UnitTestResult executionId="59bc3f28-279d-48f4-a20a-68f7fb17a99a" testId="20ad8570-0170-85de-dcd7-2f109dd7bcd6" testName="BL.Tests.UsersServiceTests.TestAdminGetUsers" computerName="DESKTOP-TJ9D65N" duration="00:00:00.0421708" startTime="2022-10-15T20:06:21.1646665+03:00" endTime="2022-10-15T20:06:21.1646666+03:00" testType="13cdc9d9-ddb5-4fa4-a97d-d965ccfc6d4b" outcome="Passed" testListId="8c84fa94-04c1-424b-9868-57a2d4851a1d" relativeResultsDirectory="59bc3f28-279d-48f4-a20a-68f7fb17a99a" />
  </Results>
  <TestDefinitions>
    <UnitTest name="BL.Tests.SlopesServiceTest.TestAdminAddSlopeAsync(userID: 143, slope: Slope { SlopeID = 239, SlopeName = slopeName7c42804c-d39d-4faf-860e-b3eee93c3400, IsOpen = True, DifficultyLevel = 102, ConnectedLifts =  }, checkPermissionServiceMock: Mock&lt;ICheckPermissionService:11&gt;, slopesRepositoryStub: Mock&lt;ISlopesRepository:9&gt;, sut: SlopesService { })" storage="c:\users\alena\desktop\7_sem\testing_and_debugging\skiresort\bl.tests\bin\debug\net6.0\bl.tests.dll" id="1d5a2671-6bc3-8f31-d39f-90f830d48fe1">
      <Execution id="e19a2af8-c043-45a1-adef-7b3fd620c8ef" />
      <TestMethod codeBase="C:\Users\alena\Desktop\7_sem\testing_and_debugging\SkiResort\BL.Tests\bin\Debug\net6.0\BL.Tests.dll" adapterTypeName="executor://xunit/VsTestRunner2/netcoreapp" className="BL.Tests.SlopesServiceTest" name="TestAdminAddSlopeAsync" />
    </UnitTest>
    <UnitTest name="BL.Tests.TurnstilesServiceTest.TestAdminAddAutoIncrementTurnstileAsync(userID: 153, turnstile: Turnstile { TurnstileID = 224, LiftID = 132, IsOpen = True }, checkPermissionServiceMock: Mock&lt;ICheckPermissionService:16&gt;, turnstilesRepositoryStub: Mock&lt;ITurnstilesRepository:10&gt;, sut: TurnstilesService { })" storage="c:\users\alena\desktop\7_sem\testing_and_debugging\skiresort\bl.tests\bin\debug\net6.0\bl.tests.dll" id="955f5bcb-e777-9116-9edd-ed01d548a411">
      <Execution id="ca7a7608-fa4d-4deb-8cae-3a31514e9e76" />
      <TestMethod codeBase="C:\Users\alena\Desktop\7_sem\testing_and_debugging\SkiResort\BL.Tests\bin\Debug\net6.0\BL.Tests.dll" adapterTypeName="executor://xunit/VsTestRunner2/netcoreapp" className="BL.Tests.TurnstilesServiceTest" name="TestAdminAddAutoIncrementTurnstileAsync" />
    </UnitTest>
    <UnitTest name="BL.Tests.CheckPermissionsServiceTests.AuthorizedHasNoAccessToAdminSkiPatrolFunctions(functionName: &quot;MarkMessageReadByUserAsync&quot;)" storage="c:\users\alena\desktop\7_sem\testing_and_debugging\skiresort\bl.tests\bin\debug\net6.0\bl.tests.dll" id="9c7df5e2-1b23-ebea-889f-b78ca86b60ab">
      <Execution id="f6968162-1202-4e8b-94fe-82c3841098c2" />
      <TestMethod codeBase="C:\Users\alena\Desktop\7_sem\testing_and_debugging\SkiResort\BL.Tests\bin\Debug\net6.0\BL.Tests.dll" adapterTypeName="executor://xunit/VsTestRunner2/netcoreapp" className="BL.Tests.CheckPermissionsServiceTests" name="AuthorizedHasNoAccessToAdminSkiPatrolFunctions" />
    </UnitTest>
    <UnitTest name="BL.Tests.CheckPermissionsServiceTests.UnauthorizedHasNoAccessToAdminSkiPatrolFunctions(functionName: &quot;MarkMessageReadByUserAsync&quot;)" storage="c:\users\alena\desktop\7_sem\testing_and_debugging\skiresort\bl.tests\bin\debug\net6.0\bl.tests.dll" id="a19a5fcf-c5d2-7d44-5d7d-84403042f4e0">
      <Execution id="1b748019-74f3-490f-9d01-58ad9efb8c80" />
      <TestMethod codeBase="C:\Users\alena\Desktop\7_sem\testing_and_debugging\SkiResort\BL.Tests\bin\Debug\net6.0\BL.Tests.dll" adapterTypeName="executor://xunit/VsTestRunner2/netcoreapp" className="BL.Tests.CheckPermissionsServiceTests" name="UnauthorizedHasNoAccessToAdminSkiPatrolFunctions" />
    </UnitTest>
    <UnitTest name="BL.Tests.CheckPermissionsServiceTests.AuthorizedHasNoAccessToAdminFunctions" storage="c:\users\alena\desktop\7_sem\testing_and_debugging\skiresort\bl.tests\bin\debug\net6.0\bl.tests.dll" id="a2e59116-cb53-1d70-9cb8-21c286516866">
      <Execution id="025c13eb-1306-4293-bab4-d925c9344e7d" />
      <TestMethod codeBase="C:\Users\alena\Desktop\7_sem\testing_and_debugging\SkiResort\BL.Tests\bin\Debug\net6.0\BL.Tests.dll" adapterTypeName="executor://xunit/VsTestRunner2/netcoreapp" className="BL.Tests.CheckPermissionsServiceTests" name="AuthorizedHasNoAccessToAdminFunctions" />
    </UnitTest>
    <UnitTest name="BL.Tests.CheckPermissionsServiceTests.SkiPatrolHasAccessToAdminSkiPatrolFunctions(functionName: &quot;GetMessagesAsync&quot;)" storage="c:\users\alena\desktop\7_sem\testing_and_debugging\skiresort\bl.tests\bin\debug\net6.0\bl.tests.dll" id="c36970dc-93f7-753e-fa47-157133b01644">
      <Execution id="ce1df132-c33b-4c21-9da6-dae9f114ab32" />
      <TestMethod codeBase="C:\Users\alena\Desktop\7_sem\testing_and_debugging\SkiResort\BL.Tests\bin\Debug\net6.0\BL.Tests.dll" adapterTypeName="executor://xunit/VsTestRunner2/netcoreapp" className="BL.Tests.CheckPermissionsServiceTests" name="SkiPatrolHasAccessToAdminSkiPatrolFunctions" />
    </UnitTest>
    <UnitTest name="BL.Tests.CheckPermissionsServiceTests.AuthorizedHasNoAccessToAdminSkiPatrolFunctions(functionName: &quot;GetMessagesAsync&quot;)" storage="c:\users\alena\desktop\7_sem\testing_and_debugging\skiresort\bl.tests\bin\debug\net6.0\bl.tests.dll" id="2602613f-c8e2-a6d9-fcf7-5b27d4a770a6">
      <Execution id="2ccc409a-8429-422e-a9f4-f24df9fb2f0e" />
      <TestMethod codeBase="C:\Users\alena\Desktop\7_sem\testing_and_debugging\SkiResort\BL.Tests\bin\Debug\net6.0\BL.Tests.dll" adapterTypeName="executor://xunit/VsTestRunner2/netcoreapp" className="BL.Tests.CheckPermissionsServiceTests" name="AuthorizedHasNoAccessToAdminSkiPatrolFunctions" />
    </UnitTest>
    <UnitTest name="BL.Tests.CheckPermissionsServiceTests.AdminHasAccessToAllFunctions" storage="c:\users\alena\desktop\7_sem\testing_and_debugging\skiresort\bl.tests\bin\debug\net6.0\bl.tests.dll" id="f3efc418-a8a6-c7b7-9bac-90b33aa8472f">
      <Execution id="a9d3529f-856c-4589-921c-60d2ac1fd2e3" />
      <TestMethod codeBase="C:\Users\alena\Desktop\7_sem\testing_and_debugging\SkiResort\BL.Tests\bin\Debug\net6.0\BL.Tests.dll" adapterTypeName="executor://xunit/VsTestRunner2/netcoreapp" className="BL.Tests.CheckPermissionsServiceTests" name="AdminHasAccessToAllFunctions" />
    </UnitTest>
    <UnitTest name="BL.Tests.UsersServiceTests.TestRegisterUserWithNoPassword" storage="c:\users\alena\desktop\7_sem\testing_and_debugging\skiresort\bl.tests\bin\debug\net6.0\bl.tests.dll" id="f44a1b21-8efc-bfac-63b4-d534442def31">
      <Execution id="cfbe729f-05e8-4840-ba06-c1402c19a7fc" />
      <TestMethod codeBase="C:\Users\alena\Desktop\7_sem\testing_and_debugging\SkiResort\BL.Tests\bin\Debug\net6.0\BL.Tests.dll" adapterTypeName="executor://xunit/VsTestRunner2/netcoreapp" className="BL.Tests.UsersServiceTests" name="TestRegisterUserWithNoPassword" />
    </UnitTest>
    <UnitTest name="BL.Tests.UsersServiceTests.TestAdminGetUserByIDAsync" storage="c:\users\alena\desktop\7_sem\testing_and_debugging\skiresort\bl.tests\bin\debug\net6.0\bl.tests.dll" id="e5497347-2721-b7a6-0bd4-69a9921f6947">
      <Execution id="b9ed852a-fdba-416b-bd6d-9a0bb20b1586" />
      <TestMethod codeBase="C:\Users\alena\Desktop\7_sem\testing_and_debugging\SkiResort\BL.Tests\bin\Debug\net6.0\BL.Tests.dll" adapterTypeName="executor://xunit/VsTestRunner2/netcoreapp" className="BL.Tests.UsersServiceTests" name="TestAdminGetUserByIDAsync" />
    </UnitTest>
    <UnitTest name="BL.Tests.SlopesServiceTest.TestAdminAddAutoIncrementSlopeAsync(userID: 164, slope: Slope { SlopeID = 143, SlopeName = slopeName9de5217d-1bb2-405f-83c5-bba4d0a66dc8, IsOpen = True, DifficultyLevel = 199, ConnectedLifts =  }, checkPermissionServiceMock: Mock&lt;ICheckPermissionService:10&gt;, slopesRepositoryStub: Mock&lt;ISlopesRepository:8&gt;, sut: SlopesService { })" storage="c:\users\alena\desktop\7_sem\testing_and_debugging\skiresort\bl.tests\bin\debug\net6.0\bl.tests.dll" id="9d2bbe06-203b-8891-ca92-b888eb35844a">
      <Execution id="1ea605a9-6796-4b79-a16c-5fbc129d69ab" />
      <TestMethod codeBase="C:\Users\alena\Desktop\7_sem\testing_and_debugging\SkiResort\BL.Tests\bin\Debug\net6.0\BL.Tests.dll" adapterTypeName="executor://xunit/VsTestRunner2/netcoreapp" className="BL.Tests.SlopesServiceTest" name="TestAdminAddAutoIncrementSlopeAsync" />
    </UnitTest>
    <UnitTest name="BL.Tests.TurnstilesServiceTest.TestAdminGetTurnstilesAsync(userID: 141, initialTurnstiles: [Turnstile { TurnstileID = 238, LiftID = 6, IsOpen = True }, Turnstile { TurnstileID = 128, LiftID = 227, IsOpen = False }, Turnstile { TurnstileID = 26, LiftID = 92, IsOpen = True }], checkPermissionServiceMock: Mock&lt;ICheckPermissionService:13&gt;, turnstilesRepositoryStub: Mock&lt;ITurnstilesRepository:7&gt;, sut: TurnstilesService { })" storage="c:\users\alena\desktop\7_sem\testing_and_debugging\skiresort\bl.tests\bin\debug\net6.0\bl.tests.dll" id="e94296ee-ca28-815a-6272-98db6a1fd24a">
      <Execution id="6e15c2fa-635e-4297-88e1-9dd672325e2f" />
      <TestMethod codeBase="C:\Users\alena\Desktop\7_sem\testing_and_debugging\SkiResort\BL.Tests\bin\Debug\net6.0\BL.Tests.dll" adapterTypeName="executor://xunit/VsTestRunner2/netcoreapp" className="BL.Tests.TurnstilesServiceTest" name="TestAdminGetTurnstilesAsync" />
    </UnitTest>
    <UnitTest name="BL.Tests.LiftsSlopesServiceTests.TestAdminDeleteLiftSlopeAsync(lift: Lift { LiftID = 28, LiftName = liftNamecaaae2ca-e90b-4d87-8c9e-727cd65d726d, IsOpen = True, SeatsAmount = 132, LiftingTime = 58, QueueTime = 171, ConnectedSlopes =  }, slope: Slope { SlopeID = 189, SlopeName = slopeName83032c92-91c2-47a2-8e43-bdf6d2cdb75c, IsOpen = False, DifficultyLevel = 99, ConnectedLifts =  }, slopesRepositoryStub: Mock&lt;ISlopesRepository:2&gt;, liftsRepos..." storage="c:\users\alena\desktop\7_sem\testing_and_debugging\skiresort\bl.tests\bin\debug\net6.0\bl.tests.dll" id="4313f7c0-ac07-d340-d768-12e3181dbf41">
      <Execution id="94f91d86-8b3b-41c0-bebb-e98c219d72e0" />
      <TestMethod codeBase="C:\Users\alena\Desktop\7_sem\testing_and_debugging\SkiResort\BL.Tests\bin\Debug\net6.0\BL.Tests.dll" adapterTypeName="executor://xunit/VsTestRunner2/netcoreapp" className="BL.Tests.LiftsSlopesServiceTests" name="TestAdminDeleteLiftSlopeAsync" />
    </UnitTest>
    <UnitTest name="BL.Tests.UsersServiceTests.TestAdminAddAutoIncrementUser" storage="c:\users\alena\desktop\7_sem\testing_and_debugging\skiresort\bl.tests\bin\debug\net6.0\bl.tests.dll" id="834c739b-eca4-b36d-6a66-5a1bd75377b8">
      <Execution id="b41fece4-558c-42c8-851b-6aad2a043ca9" />
      <TestMethod codeBase="C:\Users\alena\Desktop\7_sem\testing_and_debugging\SkiResort\BL.Tests\bin\Debug\net6.0\BL.Tests.dll" adapterTypeName="executor://xunit/VsTestRunner2/netcoreapp" className="BL.Tests.UsersServiceTests" name="TestAdminAddAutoIncrementUser" />
    </UnitTest>
    <UnitTest name="BL.Tests.CheckPermissionsServiceTests.UnauthorizedHasNoAccessToAdminSkiPatrolFunctions(functionName: &quot;GetLiftsSlopesInfoAsync&quot;)" storage="c:\users\alena\desktop\7_sem\testing_and_debugging\skiresort\bl.tests\bin\debug\net6.0\bl.tests.dll" id="387c9729-48c1-486e-5e67-f5d11a9f0db8">
      <Execution id="1f25fc43-9853-4c94-bdaa-b93c47c2e80f" />
      <TestMethod codeBase="C:\Users\alena\Desktop\7_sem\testing_and_debugging\SkiResort\BL.Tests\bin\Debug\net6.0\BL.Tests.dll" adapterTypeName="executor://xunit/VsTestRunner2/netcoreapp" className="BL.Tests.CheckPermissionsServiceTests" name="UnauthorizedHasNoAccessToAdminSkiPatrolFunctions" />
    </UnitTest>
    <UnitTest name="BL.Tests.CheckPermissionsServiceTests.SkiPatrolHasAccessToAdminSkiPatrolFunctions(functionName: &quot;MarkMessageReadByUserAsync&quot;)" storage="c:\users\alena\desktop\7_sem\testing_and_debugging\skiresort\bl.tests\bin\debug\net6.0\bl.tests.dll" id="60bd668f-04df-da5e-b79b-5d9aedb5234d">
      <Execution id="24cd9714-2307-457f-b98a-04f99623dfad" />
      <TestMethod codeBase="C:\Users\alena\Desktop\7_sem\testing_and_debugging\SkiResort\BL.Tests\bin\Debug\net6.0\BL.Tests.dll" adapterTypeName="executor://xunit/VsTestRunner2/netcoreapp" className="BL.Tests.CheckPermissionsServiceTests" name="SkiPatrolHasAccessToAdminSkiPatrolFunctions" />
    </UnitTest>
    <UnitTest name="BL.Tests.SlopesServiceTest.TestGetSlopesInfoAsync(userID: 212, initialSlopes: [Slope { SlopeID = 59, SlopeName = slopeName4403d419-99b3-4597-8c38-e704cc45a9b5, IsOpen = True, DifficultyLevel = 137, ConnectedLifts =  }, Slope { SlopeID = 139, SlopeName = slopeNameb110401a-5d1e-4357-bd54-67c56f7bcbd5, IsOpen = False, DifficultyLevel = 50, ConnectedLifts =  }, Slope { SlopeID = 52, SlopeName = slopeNamedd95e613-763d-4294-ad6b-c7222d4a4205, IsO..." storage="c:\users\alena\desktop\7_sem\testing_and_debugging\skiresort\bl.tests\bin\debug\net6.0\bl.tests.dll" id="c4002230-67a9-bb64-d5da-18b168470095">
      <Execution id="b00abd59-6ee4-4dfa-aebd-c6aa92f30367" />
      <TestMethod codeBase="C:\Users\alena\Desktop\7_sem\testing_and_debugging\SkiResort\BL.Tests\bin\Debug\net6.0\BL.Tests.dll" adapterTypeName="executor://xunit/VsTestRunner2/netcoreapp" className="BL.Tests.SlopesServiceTest" name="TestGetSlopesInfoAsync" />
    </UnitTest>
    <UnitTest name="BL.Tests.CheckPermissionsServiceTests.UnauthorizedHasNoAccessToAdminFunctions" storage="c:\users\alena\desktop\7_sem\testing_and_debugging\skiresort\bl.tests\bin\debug\net6.0\bl.tests.dll" id="e2d7e5be-3dae-33ae-fb17-c704b6fd58d6">
      <Execution id="2b2b86eb-83ba-4b40-b3f4-c58704a501ac" />
      <TestMethod codeBase="C:\Users\alena\Desktop\7_sem\testing_and_debugging\SkiResort\BL.Tests\bin\Debug\net6.0\BL.Tests.dll" adapterTypeName="executor://xunit/VsTestRunner2/netcoreapp" className="BL.Tests.CheckPermissionsServiceTests" name="UnauthorizedHasNoAccessToAdminFunctions" />
    </UnitTest>
    <UnitTest name="BL.Tests.LiftsServiceTest.TestGetLiftsInfoAsync(userID: 5, initialLifts: [Lift { LiftID = 216, LiftName = liftName4d7d9b2a-7100-4680-9a4d-29b970f77bab, IsOpen = True, SeatsAmount = 170, LiftingTime = 169, QueueTime = 253, ConnectedSlopes =  }, Lift { LiftID = 227, LiftName = liftName89cfd32c-fb5e-472a-9c69-9346edbd1b39, IsOpen = False, SeatsAmount = 87, LiftingTime = 135, QueueTime = 206, ConnectedSlopes =  }, Lift { LiftID = 183, LiftName ..." storage="c:\users\alena\desktop\7_sem\testing_and_debugging\skiresort\bl.tests\bin\debug\net6.0\bl.tests.dll" id="3a3b2077-df02-28c5-a39c-40b4fe9959e8">
      <Execution id="c4f4322b-a945-4d01-aeaf-783db9198266" />
      <TestMethod codeBase="C:\Users\alena\Desktop\7_sem\testing_and_debugging\SkiResort\BL.Tests\bin\Debug\net6.0\BL.Tests.dll" adapterTypeName="executor://xunit/VsTestRunner2/netcoreapp" className="BL.Tests.LiftsServiceTest" name="TestGetLiftsInfoAsync" />
    </UnitTest>
    <UnitTest name="BL.Tests.CheckPermissionsServiceTests.SkiPatrolHasAccessToAdminSkiPatrolFunctions(functionName: &quot;GetLiftsSlopesInfoAsync&quot;)" storage="c:\users\alena\desktop\7_sem\testing_and_debugging\skiresort\bl.tests\bin\debug\net6.0\bl.tests.dll" id="2d706594-f2b3-b3c8-21d4-86c9798c3306">
      <Execution id="4506deb8-3dba-4c41-b2da-eaaf621a62b2" />
      <TestMethod codeBase="C:\Users\alena\Desktop\7_sem\testing_and_debugging\SkiResort\BL.Tests\bin\Debug\net6.0\BL.Tests.dll" adapterTypeName="executor://xunit/VsTestRunner2/netcoreapp" className="BL.Tests.CheckPermissionsServiceTests" name="SkiPatrolHasAccessToAdminSkiPatrolFunctions" />
    </UnitTest>
    <UnitTest name="BL.Tests.UsersServiceTests.TestLogInWithWrongPassword" storage="c:\users\alena\desktop\7_sem\testing_and_debugging\skiresort\bl.tests\bin\debug\net6.0\bl.tests.dll" id="69340bb6-3645-f9dd-971e-29d8b2a009bb">
      <Execution id="5291a1d7-20e0-461c-82fa-02ceabd15daa" />
      <TestMethod codeBase="C:\Users\alena\Desktop\7_sem\testing_and_debugging\SkiResort\BL.Tests\bin\Debug\net6.0\BL.Tests.dll" adapterTypeName="executor://xunit/VsTestRunner2/netcoreapp" className="BL.Tests.UsersServiceTests" name="TestLogInWithWrongPassword" />
    </UnitTest>
    <UnitTest name="BL.Tests.LiftsSlopesServiceTests.TestAdminAddAutoIncrementLiftSlopeAsync(lift: Lift { LiftID = 195, LiftName = liftName2a1cb6da-f9e4-4b78-8a3a-c9fc281cff7a, IsOpen = True, SeatsAmount = 122, LiftingTime = 76, QueueTime = 96, ConnectedSlopes =  }, slope: Slope { SlopeID = 119, SlopeName = slopeNamebeb173dc-85dd-4164-a437-28e393138e29, IsOpen = False, DifficultyLevel = 135, ConnectedLifts =  }, slopesRepositoryStub: Mock&lt;ISlopesRepository:3&gt;,..." storage="c:\users\alena\desktop\7_sem\testing_and_debugging\skiresort\bl.tests\bin\debug\net6.0\bl.tests.dll" id="44602fd4-2607-4d4d-b7b2-e71a04ad7db1">
      <Execution id="8fcf4584-153f-4fdb-a217-d8d835972e13" />
      <TestMethod codeBase="C:\Users\alena\Desktop\7_sem\testing_and_debugging\SkiResort\BL.Tests\bin\Debug\net6.0\BL.Tests.dll" adapterTypeName="executor://xunit/VsTestRunner2/netcoreapp" className="BL.Tests.LiftsSlopesServiceTests" name="TestAdminAddAutoIncrementLiftSlopeAsync" />
    </UnitTest>
    <UnitTest name="BL.Tests.SlopesServiceTest.TestAdminDeleteSlopeAsync(userID: 185, slope: Slope { SlopeID = 38, SlopeName = slopeNameebfc4673-bb6e-469b-85ab-e2c3429889f1, IsOpen = True, DifficultyLevel = 129, ConnectedLifts =  }, checkPermissionServiceMock: Mock&lt;ICheckPermissionService:9&gt;, slopesRepositoryStub: Mock&lt;ISlopesRepository:7&gt;, liftsSlopesRepositoryStub: Mock&lt;ILiftsSlopesRepository:12&gt;, sut: SlopesService { })" storage="c:\users\alena\desktop\7_sem\testing_and_debugging\skiresort\bl.tests\bin\debug\net6.0\bl.tests.dll" id="91f44bc5-cec5-2027-1881-55197cb53d03">
      <Execution id="db995fb4-f03a-421c-928d-cbb22366a5f4" />
      <TestMethod codeBase="C:\Users\alena\Desktop\7_sem\testing_and_debugging\SkiResort\BL.Tests\bin\Debug\net6.0\BL.Tests.dll" adapterTypeName="executor://xunit/VsTestRunner2/netcoreapp" className="BL.Tests.SlopesServiceTest" name="TestAdminDeleteSlopeAsync" />
    </UnitTest>
    <UnitTest name="BL.Tests.CheckPermissionsServiceTests.SkiPatrolHasNoAccessToAdminFunctions" storage="c:\users\alena\desktop\7_sem\testing_and_debugging\skiresort\bl.tests\bin\debug\net6.0\bl.tests.dll" id="492c0393-35b4-df26-a537-21ca08302f3c">
      <Execution id="54bb453f-bc68-4d31-bbaa-9d40a7129936" />
      <TestMethod codeBase="C:\Users\alena\Desktop\7_sem\testing_and_debugging\SkiResort\BL.Tests\bin\Debug\net6.0\BL.Tests.dll" adapterTypeName="executor://xunit/VsTestRunner2/netcoreapp" className="BL.Tests.CheckPermissionsServiceTests" name="SkiPatrolHasNoAccessToAdminFunctions" />
    </UnitTest>
    <UnitTest name="BL.Tests.UsersServiceTests.TestAdminDeleteUser" storage="c:\users\alena\desktop\7_sem\testing_and_debugging\skiresort\bl.tests\bin\debug\net6.0\bl.tests.dll" id="18fa8c62-e27d-e1fc-8182-4d7db62b008d">
      <Execution id="1d05d518-e7f1-41ec-8844-8f859dacb0b3" />
      <TestMethod codeBase="C:\Users\alena\Desktop\7_sem\testing_and_debugging\SkiResort\BL.Tests\bin\Debug\net6.0\BL.Tests.dll" adapterTypeName="executor://xunit/VsTestRunner2/netcoreapp" className="BL.Tests.UsersServiceTests" name="TestAdminDeleteUser" />
    </UnitTest>
    <UnitTest name="BL.Tests.CheckPermissionsServiceTests.AuthorizedHasAccessToAuthorizedFunctions(functionName: &quot;LogOutAsync&quot;)" storage="c:\users\alena\desktop\7_sem\testing_and_debugging\skiresort\bl.tests\bin\debug\net6.0\bl.tests.dll" id="aa28a6b3-21d3-aa45-24d3-bef2facbc899">
      <Execution id="6940a8d6-7d3c-495b-8d7f-11acadd3742d" />
      <TestMethod codeBase="C:\Users\alena\Desktop\7_sem\testing_and_debugging\SkiResort\BL.Tests\bin\Debug\net6.0\BL.Tests.dll" adapterTypeName="executor://xunit/VsTestRunner2/netcoreapp" className="BL.Tests.CheckPermissionsServiceTests" name="AuthorizedHasAccessToAuthorizedFunctions" />
    </UnitTest>
    <UnitTest name="BL.Tests.UsersServiceTests.TestAdminUpdateUser" storage="c:\users\alena\desktop\7_sem\testing_and_debugging\skiresort\bl.tests\bin\debug\net6.0\bl.tests.dll" id="06d0bc3a-24a0-fb7f-4277-e9ae6d21c7dd">
      <Execution id="4e51b5c1-ac35-425a-8735-925c19b2098f" />
      <TestMethod codeBase="C:\Users\alena\Desktop\7_sem\testing_and_debugging\SkiResort\BL.Tests\bin\Debug\net6.0\BL.Tests.dll" adapterTypeName="executor://xunit/VsTestRunner2/netcoreapp" className="BL.Tests.UsersServiceTests" name="TestAdminUpdateUser" />
    </UnitTest>
    <UnitTest name="BL.Tests.UsersServiceTests.TestLogInOk" storage="c:\users\alena\desktop\7_sem\testing_and_debugging\skiresort\bl.tests\bin\debug\net6.0\bl.tests.dll" id="1ca07ad8-f799-c5d4-e7cc-34fd950198a2">
      <Execution id="8c10fc36-f0ba-4f33-99a1-398884c2d3ab" />
      <TestMethod codeBase="C:\Users\alena\Desktop\7_sem\testing_and_debugging\SkiResort\BL.Tests\bin\Debug\net6.0\BL.Tests.dll" adapterTypeName="executor://xunit/VsTestRunner2/netcoreapp" className="BL.Tests.UsersServiceTests" name="TestLogInOk" />
    </UnitTest>
    <UnitTest name="BL.Tests.UsersServiceTests.TestAdminGetUsers" storage="c:\users\alena\desktop\7_sem\testing_and_debugging\skiresort\bl.tests\bin\debug\net6.0\bl.tests.dll" id="20ad8570-0170-85de-dcd7-2f109dd7bcd6">
      <Execution id="59bc3f28-279d-48f4-a20a-68f7fb17a99a" />
      <TestMethod codeBase="C:\Users\alena\Desktop\7_sem\testing_and_debugging\SkiResort\BL.Tests\bin\Debug\net6.0\BL.Tests.dll" adapterTypeName="executor://xunit/VsTestRunner2/netcoreapp" className="BL.Tests.UsersServiceTests" name="TestAdminGetUsers" />
    </UnitTest>
    <UnitTest name="BL.Tests.CheckPermissionsServiceTests.UnauthorizedHasNoAccessToAdminSkiPatrolFunctions(functionName: &quot;GetMessagesAsync&quot;)" storage="c:\users\alena\desktop\7_sem\testing_and_debugging\skiresort\bl.tests\bin\debug\net6.0\bl.tests.dll" id="229812f5-9a73-5335-11f5-31330d1348a5">
      <Execution id="29dd8dbf-510b-4a65-9860-af06126a221a" />
      <TestMethod codeBase="C:\Users\alena\Desktop\7_sem\testing_and_debugging\SkiResort\BL.Tests\bin\Debug\net6.0\BL.Tests.dll" adapterTypeName="executor://xunit/VsTestRunner2/netcoreapp" className="BL.Tests.CheckPermissionsServiceTests" name="UnauthorizedHasNoAccessToAdminSkiPatrolFunctions" />
    </UnitTest>
    <UnitTest name="BL.Tests.TurnstilesServiceTest.TestAdminGetTurnstileAsync(userID: 74, turnstile: Turnstile { TurnstileID = 47, LiftID = 245, IsOpen = True }, checkPermissionServiceMock: Mock&lt;ICheckPermissionService:12&gt;, turnstilesRepositoryStub: Mock&lt;ITurnstilesRepository:6&gt;, sut: TurnstilesService { })" storage="c:\users\alena\desktop\7_sem\testing_and_debugging\skiresort\bl.tests\bin\debug\net6.0\bl.tests.dll" id="df5d93cc-f515-37f3-7c6d-4238c8cd96e6">
      <Execution id="18996fa8-17fa-4d07-a5b4-07e562654a4e" />
      <TestMethod codeBase="C:\Users\alena\Desktop\7_sem\testing_and_debugging\SkiResort\BL.Tests\bin\Debug\net6.0\BL.Tests.dll" adapterTypeName="executor://xunit/VsTestRunner2/netcoreapp" className="BL.Tests.TurnstilesServiceTest" name="TestAdminGetTurnstileAsync" />
    </UnitTest>
    <UnitTest name="BL.Tests.LiftsSlopesServiceTests.TestGetLiftsSlopesInfoAsync(liftsSlopes: [LiftSlope { RecordID = 73, LiftID = 26, SlopeID = 252 }, LiftSlope { RecordID = 132, LiftID = 120, SlopeID = 31 }, LiftSlope { RecordID = 74, LiftID = 116, SlopeID = 59 }], slopesRepositoryStub: Mock&lt;ISlopesRepository:1&gt;, liftsRepositoryStub: Mock&lt;ILiftsRepository:6&gt;, liftsSlopesRepositoryStub: Mock&lt;ILiftsSlopesRepository:6&gt;)" storage="c:\users\alena\desktop\7_sem\testing_and_debugging\skiresort\bl.tests\bin\debug\net6.0\bl.tests.dll" id="39be9b5e-0bc4-57dc-37d3-aec6b520299d">
      <Execution id="20255cfa-7f5f-43a2-b5ef-96fc4cd8b558" />
      <TestMethod codeBase="C:\Users\alena\Desktop\7_sem\testing_and_debugging\SkiResort\BL.Tests\bin\Debug\net6.0\BL.Tests.dll" adapterTypeName="executor://xunit/VsTestRunner2/netcoreapp" className="BL.Tests.LiftsSlopesServiceTests" name="TestGetLiftsSlopesInfoAsync" />
    </UnitTest>
    <UnitTest name="BL.Tests.LiftsServiceTest.TestAdminAddAutoIncrementLiftAsync(userID: 233, lift: Lift { LiftID = 65, LiftName = liftNameb6f60667-eab0-4af1-9b2e-5b450be60a4f, IsOpen = True, SeatsAmount = 113, LiftingTime = 138, QueueTime = 121, ConnectedSlopes =  }, checkPermissionServiceMock: Mock&lt;ICheckPermissionService:5&gt;, liftsRepositoryStub: Mock&lt;ILiftsRepository:5&gt;, sut: LiftsService { })" storage="c:\users\alena\desktop\7_sem\testing_and_debugging\skiresort\bl.tests\bin\debug\net6.0\bl.tests.dll" id="415e82bb-79b9-d024-e464-9cb1c0022d1c">
      <Execution id="65d610d3-a612-47a3-86d7-a812550b3fe3" />
      <TestMethod codeBase="C:\Users\alena\Desktop\7_sem\testing_and_debugging\SkiResort\BL.Tests\bin\Debug\net6.0\BL.Tests.dll" adapterTypeName="executor://xunit/VsTestRunner2/netcoreapp" className="BL.Tests.LiftsServiceTest" name="TestAdminAddAutoIncrementLiftAsync" />
    </UnitTest>
    <UnitTest name="BL.Tests.TurnstilesServiceTest.TestAdminUpdateTurnstileAsync(userID: 80, turnstile: Turnstile { TurnstileID = 6, LiftID = 82, IsOpen = True }, checkPermissionServiceMock: Mock&lt;ICheckPermissionService:14&gt;, turnstilesRepositoryStub: Mock&lt;ITurnstilesRepository:8&gt;, sut: TurnstilesService { })" storage="c:\users\alena\desktop\7_sem\testing_and_debugging\skiresort\bl.tests\bin\debug\net6.0\bl.tests.dll" id="68a05744-3ecb-ff6d-e56d-ec0d27fc6f1d">
      <Execution id="b25c9e78-5f55-4b0f-8187-c28f884a7df0" />
      <TestMethod codeBase="C:\Users\alena\Desktop\7_sem\testing_and_debugging\SkiResort\BL.Tests\bin\Debug\net6.0\BL.Tests.dll" adapterTypeName="executor://xunit/VsTestRunner2/netcoreapp" className="BL.Tests.TurnstilesServiceTest" name="TestAdminUpdateTurnstileAsync" />
    </UnitTest>
    <UnitTest name="BL.Tests.CheckPermissionsServiceTests.AuthorizedHasNoAccessToAdminSkiPatrolFunctions(functionName: &quot;GetLiftsSlopesInfoAsync&quot;)" storage="c:\users\alena\desktop\7_sem\testing_and_debugging\skiresort\bl.tests\bin\debug\net6.0\bl.tests.dll" id="4f297306-d4f3-8d63-e7f4-1ac0b8c58c74">
      <Execution id="1fba3cdd-afb9-48cb-84d9-e0d24295ed56" />
      <TestMethod codeBase="C:\Users\alena\Desktop\7_sem\testing_and_debugging\SkiResort\BL.Tests\bin\Debug\net6.0\BL.Tests.dll" adapterTypeName="executor://xunit/VsTestRunner2/netcoreapp" className="BL.Tests.CheckPermissionsServiceTests" name="AuthorizedHasNoAccessToAdminSkiPatrolFunctions" />
    </UnitTest>
    <UnitTest name="BL.Tests.LiftsServiceTest.TestAdminDeleteLiftAsync(userID: 68, lift: Lift { LiftID = 85, LiftName = liftNamefce98942-54ad-42db-87f5-9ac0d80433e3, IsOpen = True, SeatsAmount = 14, LiftingTime = 199, QueueTime = 255, ConnectedSlopes =  }, checkPermissionServiceMock: Mock&lt;ICheckPermissionService:4&gt;, liftsRepositoryStub: Mock&lt;ILiftsRepository:4&gt;, liftsSlopesRepositoryStub: Mock&lt;ILiftsSlopesRepository:4&gt;, sut: LiftsService { })" storage="c:\users\alena\desktop\7_sem\testing_and_debugging\skiresort\bl.tests\bin\debug\net6.0\bl.tests.dll" id="8cc3f5c4-eaac-58e6-9b00-97112933aed1">
      <Execution id="5d9db37d-5b4e-4e5d-8fff-5328d13925dc" />
      <TestMethod codeBase="C:\Users\alena\Desktop\7_sem\testing_and_debugging\SkiResort\BL.Tests\bin\Debug\net6.0\BL.Tests.dll" adapterTypeName="executor://xunit/VsTestRunner2/netcoreapp" className="BL.Tests.LiftsServiceTest" name="TestAdminDeleteLiftAsync" />
    </UnitTest>
    <UnitTest name="BL.Tests.TurnstilesServiceTest.TestAdminDeleteTurnstileAsync(userID: 63, turnstile: Turnstile { TurnstileID = 126, LiftID = 52, IsOpen = True }, checkPermissionServiceMock: Mock&lt;ICheckPermissionService:15&gt;, turnstilesRepositoryStub: Mock&lt;ITurnstilesRepository:9&gt;, sut: TurnstilesService { })" storage="c:\users\alena\desktop\7_sem\testing_and_debugging\skiresort\bl.tests\bin\debug\net6.0\bl.tests.dll" id="3bc57ed5-dcfa-60cf-f9e5-61cadcd4c0eb">
      <Execution id="34c3c6b7-27b9-40c7-ae72-69e9fb458ea1" />
      <TestMethod codeBase="C:\Users\alena\Desktop\7_sem\testing_and_debugging\SkiResort\BL.Tests\bin\Debug\net6.0\BL.Tests.dll" adapterTypeName="executor://xunit/VsTestRunner2/netcoreapp" className="BL.Tests.TurnstilesServiceTest" name="TestAdminDeleteTurnstileAsync" />
    </UnitTest>
    <UnitTest name="BL.Tests.UsersServiceTests.TestRegisterOk" storage="c:\users\alena\desktop\7_sem\testing_and_debugging\skiresort\bl.tests\bin\debug\net6.0\bl.tests.dll" id="0eeef75f-6e38-7893-a8fe-cff3e0a970a7">
      <Execution id="79759ed8-1af5-481a-8b40-ae5f45d9e5c3" />
      <TestMethod codeBase="C:\Users\alena\Desktop\7_sem\testing_and_debugging\SkiResort\BL.Tests\bin\Debug\net6.0\BL.Tests.dll" adapterTypeName="executor://xunit/VsTestRunner2/netcoreapp" className="BL.Tests.UsersServiceTests" name="TestRegisterOk" />
    </UnitTest>
    <UnitTest name="BL.Tests.LiftsServiceTest.TestGetLiftInfoAsync(userID: 146, lift: Lift { LiftID = 139, LiftName = liftNamea6c4a49e-da5b-421f-b196-bccc47613094, IsOpen = True, SeatsAmount = 37, LiftingTime = 9, QueueTime = 56, ConnectedSlopes =  }, checkPermissionServiceMock: Mock&lt;ICheckPermissionService:1&gt;, liftsRepositoryStub: Mock&lt;ILiftsRepository:1&gt;, liftsSlopesRepositoryStub: Mock&lt;ILiftsSlopesRepository:1&gt;, sut: LiftsService { })" storage="c:\users\alena\desktop\7_sem\testing_and_debugging\skiresort\bl.tests\bin\debug\net6.0\bl.tests.dll" id="7be06902-fb80-bc69-5f6e-149060f1e681">
      <Execution id="ab59a7fa-67c7-45df-b448-64bc526795a9" />
      <TestMethod codeBase="C:\Users\alena\Desktop\7_sem\testing_and_debugging\SkiResort\BL.Tests\bin\Debug\net6.0\BL.Tests.dll" adapterTypeName="executor://xunit/VsTestRunner2/netcoreapp" className="BL.Tests.LiftsServiceTest" name="TestGetLiftInfoAsync" />
    </UnitTest>
    <UnitTest name="BL.Tests.SlopesServiceTest.TestGetSlopeInfoAsync(userID: 232, slope: Slope { SlopeID = 72, SlopeName = slopeName6a88ea86-d718-40e7-bd16-3d98f13028bc, IsOpen = True, DifficultyLevel = 204, ConnectedLifts =  }, checkPermissionServiceMock: Mock&lt;ICheckPermissionService:6&gt;, slopesRepositoryStub: Mock&lt;ISlopesRepository:4&gt;, liftsSlopesRepositoryStub: Mock&lt;ILiftsSlopesRepository:9&gt;, sut: SlopesService { })" storage="c:\users\alena\desktop\7_sem\testing_and_debugging\skiresort\bl.tests\bin\debug\net6.0\bl.tests.dll" id="daab06bd-70a8-6876-f6e8-ba38942e582f">
      <Execution id="7347540b-2f50-47b4-9b06-e54b7af789a9" />
      <TestMethod codeBase="C:\Users\alena\Desktop\7_sem\testing_and_debugging\SkiResort\BL.Tests\bin\Debug\net6.0\BL.Tests.dll" adapterTypeName="executor://xunit/VsTestRunner2/netcoreapp" className="BL.Tests.SlopesServiceTest" name="TestGetSlopeInfoAsync" />
    </UnitTest>
    <UnitTest name="BL.Tests.CheckPermissionsServiceTests.AuthorizedHasAccessToAuthorizedFunctions(functionName: &quot;SendMessageAsync&quot;)" storage="c:\users\alena\desktop\7_sem\testing_and_debugging\skiresort\bl.tests\bin\debug\net6.0\bl.tests.dll" id="644ec43e-70cd-c82d-42e7-0d990be1414d">
      <Execution id="285ca3c7-6494-4bf2-bb95-b95af23f9682" />
      <TestMethod codeBase="C:\Users\alena\Desktop\7_sem\testing_and_debugging\SkiResort\BL.Tests\bin\Debug\net6.0\BL.Tests.dll" adapterTypeName="executor://xunit/VsTestRunner2/netcoreapp" className="BL.Tests.CheckPermissionsServiceTests" name="AuthorizedHasAccessToAuthorizedFunctions" />
    </UnitTest>
    <UnitTest name="BL.Tests.SlopesServiceTest.TestUpdateSlopeInfoAsync(userID: 102, slope: Slope { SlopeID = 110, SlopeName = slopeNameed7216ea-4930-4739-9f84-37b7dd15fcbe, IsOpen = True, DifficultyLevel = 68, ConnectedLifts =  }, checkPermissionServiceMock: Mock&lt;ICheckPermissionService:8&gt;, slopesRepositoryStub: Mock&lt;ISlopesRepository:6&gt;, sut: SlopesService { })" storage="c:\users\alena\desktop\7_sem\testing_and_debugging\skiresort\bl.tests\bin\debug\net6.0\bl.tests.dll" id="ac44e368-ad86-0c67-75c0-962d586ff7c7">
      <Execution id="8463034b-cd8a-45fb-9e8d-0a179d547a83" />
      <TestMethod codeBase="C:\Users\alena\Desktop\7_sem\testing_and_debugging\SkiResort\BL.Tests\bin\Debug\net6.0\BL.Tests.dll" adapterTypeName="executor://xunit/VsTestRunner2/netcoreapp" className="BL.Tests.SlopesServiceTest" name="TestUpdateSlopeInfoAsync" />
    </UnitTest>
    <UnitTest name="BL.Tests.CheckPermissionsServiceTests.UnauthorizedHasNoAccessToAuthorizedFunctions(functionName: &quot;LogOutAsync&quot;)" storage="c:\users\alena\desktop\7_sem\testing_and_debugging\skiresort\bl.tests\bin\debug\net6.0\bl.tests.dll" id="fa960c5e-f989-2880-784e-8efe538c5231">
      <Execution id="911f680f-f241-4929-8da1-4679267f0f8f" />
      <TestMethod codeBase="C:\Users\alena\Desktop\7_sem\testing_and_debugging\SkiResort\BL.Tests\bin\Debug\net6.0\BL.Tests.dll" adapterTypeName="executor://xunit/VsTestRunner2/netcoreapp" className="BL.Tests.CheckPermissionsServiceTests" name="UnauthorizedHasNoAccessToAuthorizedFunctions" />
    </UnitTest>
    <UnitTest name="BL.Tests.CheckPermissionsServiceTests.UnauthorizedHasNoAccessToAuthorizedFunctions(functionName: &quot;SendMessageAsync&quot;)" storage="c:\users\alena\desktop\7_sem\testing_and_debugging\skiresort\bl.tests\bin\debug\net6.0\bl.tests.dll" id="eaabd2fc-2f4b-5689-59c8-c7ad34a8f634">
      <Execution id="9d1d96cf-4f4c-4ce7-98bd-495cc0edc1b0" />
      <TestMethod codeBase="C:\Users\alena\Desktop\7_sem\testing_and_debugging\SkiResort\BL.Tests\bin\Debug\net6.0\BL.Tests.dll" adapterTypeName="executor://xunit/VsTestRunner2/netcoreapp" className="BL.Tests.CheckPermissionsServiceTests" name="UnauthorizedHasNoAccessToAuthorizedFunctions" />
    </UnitTest>
    <UnitTest name="BL.Tests.UsersServiceTests.TestRegisterUserWithRepeatedEmail" storage="c:\users\alena\desktop\7_sem\testing_and_debugging\skiresort\bl.tests\bin\debug\net6.0\bl.tests.dll" id="894941c1-bfa7-d8f9-c047-1e1ceefe2c2f">
      <Execution id="32b97726-8131-47a1-9469-1d90dcade0b0" />
      <TestMethod codeBase="C:\Users\alena\Desktop\7_sem\testing_and_debugging\SkiResort\BL.Tests\bin\Debug\net6.0\BL.Tests.dll" adapterTypeName="executor://xunit/VsTestRunner2/netcoreapp" className="BL.Tests.UsersServiceTests" name="TestRegisterUserWithRepeatedEmail" />
    </UnitTest>
    <UnitTest name="BL.Tests.UsersServiceTests.TestRegisterUserWithNoEmail" storage="c:\users\alena\desktop\7_sem\testing_and_debugging\skiresort\bl.tests\bin\debug\net6.0\bl.tests.dll" id="8184bd30-991c-b78d-b4ec-99a485eac0dd">
      <Execution id="a84db605-e8a9-4466-ba80-b5c46f52718b" />
      <TestMethod codeBase="C:\Users\alena\Desktop\7_sem\testing_and_debugging\SkiResort\BL.Tests\bin\Debug\net6.0\BL.Tests.dll" adapterTypeName="executor://xunit/VsTestRunner2/netcoreapp" className="BL.Tests.UsersServiceTests" name="TestRegisterUserWithNoEmail" />
    </UnitTest>
    <UnitTest name="BL.Tests.LiftsServiceTest.TestUpdateLiftInfoAsync(userID: 180, lift: Lift { LiftID = 135, LiftName = liftName50f2c5cf-9b69-4673-90b9-93acd507a43a, IsOpen = True, SeatsAmount = 233, LiftingTime = 6, QueueTime = 151, ConnectedSlopes =  }, checkPermissionServiceMock: Mock&lt;ICheckPermissionService:3&gt;, liftsRepositoryStub: Mock&lt;ILiftsRepository:3&gt;, sut: LiftsService { })" storage="c:\users\alena\desktop\7_sem\testing_and_debugging\skiresort\bl.tests\bin\debug\net6.0\bl.tests.dll" id="e880bb9e-93f8-d394-8069-8a1beb8946ba">
      <Execution id="11368059-4f78-4d7f-8e75-d2e9604de2d2" />
      <TestMethod codeBase="C:\Users\alena\Desktop\7_sem\testing_and_debugging\SkiResort\BL.Tests\bin\Debug\net6.0\BL.Tests.dll" adapterTypeName="executor://xunit/VsTestRunner2/netcoreapp" className="BL.Tests.LiftsServiceTest" name="TestUpdateLiftInfoAsync" />
    </UnitTest>
  </TestDefinitions>
  <TestEntries>
    <TestEntry testId="229812f5-9a73-5335-11f5-31330d1348a5" executionId="29dd8dbf-510b-4a65-9860-af06126a221a" testListId="8c84fa94-04c1-424b-9868-57a2d4851a1d" />
    <TestEntry testId="834c739b-eca4-b36d-6a66-5a1bd75377b8" executionId="b41fece4-558c-42c8-851b-6aad2a043ca9" testListId="8c84fa94-04c1-424b-9868-57a2d4851a1d" />
    <TestEntry testId="4f297306-d4f3-8d63-e7f4-1ac0b8c58c74" executionId="1fba3cdd-afb9-48cb-84d9-e0d24295ed56" testListId="8c84fa94-04c1-424b-9868-57a2d4851a1d" />
    <TestEntry testId="1ca07ad8-f799-c5d4-e7cc-34fd950198a2" executionId="8c10fc36-f0ba-4f33-99a1-398884c2d3ab" testListId="8c84fa94-04c1-424b-9868-57a2d4851a1d" />
    <TestEntry testId="415e82bb-79b9-d024-e464-9cb1c0022d1c" executionId="65d610d3-a612-47a3-86d7-a812550b3fe3" testListId="8c84fa94-04c1-424b-9868-57a2d4851a1d" />
    <TestEntry testId="ac44e368-ad86-0c67-75c0-962d586ff7c7" executionId="8463034b-cd8a-45fb-9e8d-0a179d547a83" testListId="8c84fa94-04c1-424b-9868-57a2d4851a1d" />
    <TestEntry testId="e2d7e5be-3dae-33ae-fb17-c704b6fd58d6" executionId="2b2b86eb-83ba-4b40-b3f4-c58704a501ac" testListId="8c84fa94-04c1-424b-9868-57a2d4851a1d" />
    <TestEntry testId="644ec43e-70cd-c82d-42e7-0d990be1414d" executionId="285ca3c7-6494-4bf2-bb95-b95af23f9682" testListId="8c84fa94-04c1-424b-9868-57a2d4851a1d" />
    <TestEntry testId="e94296ee-ca28-815a-6272-98db6a1fd24a" executionId="6e15c2fa-635e-4297-88e1-9dd672325e2f" testListId="8c84fa94-04c1-424b-9868-57a2d4851a1d" />
    <TestEntry testId="9d2bbe06-203b-8891-ca92-b888eb35844a" executionId="1ea605a9-6796-4b79-a16c-5fbc129d69ab" testListId="8c84fa94-04c1-424b-9868-57a2d4851a1d" />
    <TestEntry testId="06d0bc3a-24a0-fb7f-4277-e9ae6d21c7dd" executionId="4e51b5c1-ac35-425a-8735-925c19b2098f" testListId="8c84fa94-04c1-424b-9868-57a2d4851a1d" />
    <TestEntry testId="894941c1-bfa7-d8f9-c047-1e1ceefe2c2f" executionId="32b97726-8131-47a1-9469-1d90dcade0b0" testListId="8c84fa94-04c1-424b-9868-57a2d4851a1d" />
    <TestEntry testId="91f44bc5-cec5-2027-1881-55197cb53d03" executionId="db995fb4-f03a-421c-928d-cbb22366a5f4" testListId="8c84fa94-04c1-424b-9868-57a2d4851a1d" />
    <TestEntry testId="e880bb9e-93f8-d394-8069-8a1beb8946ba" executionId="11368059-4f78-4d7f-8e75-d2e9604de2d2" testListId="8c84fa94-04c1-424b-9868-57a2d4851a1d" />
    <TestEntry testId="44602fd4-2607-4d4d-b7b2-e71a04ad7db1" executionId="8fcf4584-153f-4fdb-a217-d8d835972e13" testListId="8c84fa94-04c1-424b-9868-57a2d4851a1d" />
    <TestEntry testId="60bd668f-04df-da5e-b79b-5d9aedb5234d" executionId="24cd9714-2307-457f-b98a-04f99623dfad" testListId="8c84fa94-04c1-424b-9868-57a2d4851a1d" />
    <TestEntry testId="3bc57ed5-dcfa-60cf-f9e5-61cadcd4c0eb" executionId="34c3c6b7-27b9-40c7-ae72-69e9fb458ea1" testListId="8c84fa94-04c1-424b-9868-57a2d4851a1d" />
    <TestEntry testId="8184bd30-991c-b78d-b4ec-99a485eac0dd" executionId="a84db605-e8a9-4466-ba80-b5c46f52718b" testListId="8c84fa94-04c1-424b-9868-57a2d4851a1d" />
    <TestEntry testId="eaabd2fc-2f4b-5689-59c8-c7ad34a8f634" executionId="9d1d96cf-4f4c-4ce7-98bd-495cc0edc1b0" testListId="8c84fa94-04c1-424b-9868-57a2d4851a1d" />
    <TestEntry testId="daab06bd-70a8-6876-f6e8-ba38942e582f" executionId="7347540b-2f50-47b4-9b06-e54b7af789a9" testListId="8c84fa94-04c1-424b-9868-57a2d4851a1d" />
    <TestEntry testId="df5d93cc-f515-37f3-7c6d-4238c8cd96e6" executionId="18996fa8-17fa-4d07-a5b4-07e562654a4e" testListId="8c84fa94-04c1-424b-9868-57a2d4851a1d" />
    <TestEntry testId="a2e59116-cb53-1d70-9cb8-21c286516866" executionId="025c13eb-1306-4293-bab4-d925c9344e7d" testListId="8c84fa94-04c1-424b-9868-57a2d4851a1d" />
    <TestEntry testId="68a05744-3ecb-ff6d-e56d-ec0d27fc6f1d" executionId="b25c9e78-5f55-4b0f-8187-c28f884a7df0" testListId="8c84fa94-04c1-424b-9868-57a2d4851a1d" />
    <TestEntry testId="a19a5fcf-c5d2-7d44-5d7d-84403042f4e0" executionId="1b748019-74f3-490f-9d01-58ad9efb8c80" testListId="8c84fa94-04c1-424b-9868-57a2d4851a1d" />
    <TestEntry testId="c36970dc-93f7-753e-fa47-157133b01644" executionId="ce1df132-c33b-4c21-9da6-dae9f114ab32" testListId="8c84fa94-04c1-424b-9868-57a2d4851a1d" />
    <TestEntry testId="7be06902-fb80-bc69-5f6e-149060f1e681" executionId="ab59a7fa-67c7-45df-b448-64bc526795a9" testListId="8c84fa94-04c1-424b-9868-57a2d4851a1d" />
    <TestEntry testId="0eeef75f-6e38-7893-a8fe-cff3e0a970a7" executionId="79759ed8-1af5-481a-8b40-ae5f45d9e5c3" testListId="8c84fa94-04c1-424b-9868-57a2d4851a1d" />
    <TestEntry testId="69340bb6-3645-f9dd-971e-29d8b2a009bb" executionId="5291a1d7-20e0-461c-82fa-02ceabd15daa" testListId="8c84fa94-04c1-424b-9868-57a2d4851a1d" />
    <TestEntry testId="c4002230-67a9-bb64-d5da-18b168470095" executionId="b00abd59-6ee4-4dfa-aebd-c6aa92f30367" testListId="8c84fa94-04c1-424b-9868-57a2d4851a1d" />
    <TestEntry testId="f44a1b21-8efc-bfac-63b4-d534442def31" executionId="cfbe729f-05e8-4840-ba06-c1402c19a7fc" testListId="8c84fa94-04c1-424b-9868-57a2d4851a1d" />
    <TestEntry testId="1d5a2671-6bc3-8f31-d39f-90f830d48fe1" executionId="e19a2af8-c043-45a1-adef-7b3fd620c8ef" testListId="8c84fa94-04c1-424b-9868-57a2d4851a1d" />
    <TestEntry testId="aa28a6b3-21d3-aa45-24d3-bef2facbc899" executionId="6940a8d6-7d3c-495b-8d7f-11acadd3742d" testListId="8c84fa94-04c1-424b-9868-57a2d4851a1d" />
    <TestEntry testId="e5497347-2721-b7a6-0bd4-69a9921f6947" executionId="b9ed852a-fdba-416b-bd6d-9a0bb20b1586" testListId="8c84fa94-04c1-424b-9868-57a2d4851a1d" />
    <TestEntry testId="18fa8c62-e27d-e1fc-8182-4d7db62b008d" executionId="1d05d518-e7f1-41ec-8844-8f859dacb0b3" testListId="8c84fa94-04c1-424b-9868-57a2d4851a1d" />
    <TestEntry testId="fa960c5e-f989-2880-784e-8efe538c5231" executionId="911f680f-f241-4929-8da1-4679267f0f8f" testListId="8c84fa94-04c1-424b-9868-57a2d4851a1d" />
    <TestEntry testId="8cc3f5c4-eaac-58e6-9b00-97112933aed1" executionId="5d9db37d-5b4e-4e5d-8fff-5328d13925dc" testListId="8c84fa94-04c1-424b-9868-57a2d4851a1d" />
    <TestEntry testId="4313f7c0-ac07-d340-d768-12e3181dbf41" executionId="94f91d86-8b3b-41c0-bebb-e98c219d72e0" testListId="8c84fa94-04c1-424b-9868-57a2d4851a1d" />
    <TestEntry testId="2602613f-c8e2-a6d9-fcf7-5b27d4a770a6" executionId="2ccc409a-8429-422e-a9f4-f24df9fb2f0e" testListId="8c84fa94-04c1-424b-9868-57a2d4851a1d" />
    <TestEntry testId="387c9729-48c1-486e-5e67-f5d11a9f0db8" executionId="1f25fc43-9853-4c94-bdaa-b93c47c2e80f" testListId="8c84fa94-04c1-424b-9868-57a2d4851a1d" />
    <TestEntry testId="39be9b5e-0bc4-57dc-37d3-aec6b520299d" executionId="20255cfa-7f5f-43a2-b5ef-96fc4cd8b558" testListId="8c84fa94-04c1-424b-9868-57a2d4851a1d" />
    <TestEntry testId="492c0393-35b4-df26-a537-21ca08302f3c" executionId="54bb453f-bc68-4d31-bbaa-9d40a7129936" testListId="8c84fa94-04c1-424b-9868-57a2d4851a1d" />
    <TestEntry testId="3a3b2077-df02-28c5-a39c-40b4fe9959e8" executionId="c4f4322b-a945-4d01-aeaf-783db9198266" testListId="8c84fa94-04c1-424b-9868-57a2d4851a1d" />
    <TestEntry testId="f3efc418-a8a6-c7b7-9bac-90b33aa8472f" executionId="a9d3529f-856c-4589-921c-60d2ac1fd2e3" testListId="8c84fa94-04c1-424b-9868-57a2d4851a1d" />
    <TestEntry testId="2d706594-f2b3-b3c8-21d4-86c9798c3306" executionId="4506deb8-3dba-4c41-b2da-eaaf621a62b2" testListId="8c84fa94-04c1-424b-9868-57a2d4851a1d" />
    <TestEntry testId="955f5bcb-e777-9116-9edd-ed01d548a411" executionId="ca7a7608-fa4d-4deb-8cae-3a31514e9e76" testListId="8c84fa94-04c1-424b-9868-57a2d4851a1d" />
    <TestEntry testId="9c7df5e2-1b23-ebea-889f-b78ca86b60ab" executionId="f6968162-1202-4e8b-94fe-82c3841098c2" testListId="8c84fa94-04c1-424b-9868-57a2d4851a1d" />
    <TestEntry testId="20ad8570-0170-85de-dcd7-2f109dd7bcd6" executionId="59bc3f28-279d-48f4-a20a-68f7fb17a99a" testListId="8c84fa94-04c1-424b-9868-57a2d4851a1d" />
  </TestEntries>
  <TestLists>
    <TestList name="Список результатов" id="8c84fa94-04c1-424b-9868-57a2d4851a1d" />
    <TestList name="Все загруженные результаты" id="19431567-8539-422a-85d7-44ee4e166bda" />
  </TestLists>
  <ResultSummary outcome="Completed">
    <Counters total="47" executed="47" passed="47" failed="0" error="0" timeout="0" aborted="0" inconclusive="0" passedButRunAborted="0" notRunnable="0" notExecuted="0" disconnected="0" warning="0" completed="0" inProgress="0" pending="0" />
    <Output>
      <StdOut>[xUnit.net 00:00:00.00] xUnit.net VSTest Adapter v2.4.5+1caef2f33e (64-bit .NET 6.0.3)&#xD;
[xUnit.net 00:00:00.50]   Discovering: BL.Tests&#xD;
[xUnit.net 00:00:00.70]   Discovered:  BL.Tests&#xD;
[xUnit.net 00:00:00.70]   Starting:    BL.Tests&#xD;
[xUnit.net 00:00:00.96]   Finished:    BL.Tests&#xD;
</StdOut>
    </Output>
  </ResultSummary>
</TestRun>