<?xml version="1.0" encoding="utf-8"?>
<TestRun id="215f52cb-9ac9-414f-b220-f137e169f0d3" name="alena@DESKTOP-TJ9D65N 2022-10-15 21:13:49" runUser="DESKTOP-TJ9D65N\alena" xmlns="http://microsoft.com/schemas/VisualStudio/TeamTest/2010">
  <Times creation="2022-10-15T21:13:49.2090380+03:00" queuing="2022-10-15T21:13:49.2090382+03:00" start="2022-10-15T21:13:47.5969829+03:00" finish="2022-10-15T21:13:49.2686370+03:00" />
  <TestSettings name="default" id="e24bf15c-8135-4e6b-a134-7c15bbce13a6">
    <Deployment runDeploymentRoot="alena_DESKTOP-TJ9D65N_2022-10-15_21_13_49" />
  </TestSettings>
  <Results>
    <UnitTestResult executionId="6aedfce0-a350-4f99-8eb9-0715fdc46f32" testId="53b41627-f124-ee04-526c-bf5558913b15" testName="BL.Tests.TurnstilesServiceTest.TestAdminAddAutoIncrementTurnstileAsync(userID: 86, turnstile: Turnstile { TurnstileID = 118, LiftID = 136, IsOpen = True }, checkPermissionServiceMock: Mock&lt;ICheckPermissionService:16&gt;, turnstilesRepositoryStub: Mock&lt;ITurnstilesRepository:10&gt;, sut: TurnstilesService { })" computerName="DESKTOP-TJ9D65N" duration="00:00:00.0166054" startTime="2022-10-15T21:13:49.1629949+03:00" endTime="2022-10-15T21:13:49.1629950+03:00" testType="13cdc9d9-ddb5-4fa4-a97d-d965ccfc6d4b" outcome="Passed" testListId="8c84fa94-04c1-424b-9868-57a2d4851a1d" relativeResultsDirectory="6aedfce0-a350-4f99-8eb9-0715fdc46f32" />
    <UnitTestResult executionId="3b41b662-3b51-40cf-8ff7-36377371cb9d" testId="354c6a14-82c5-0fcf-fce5-3c69619f5f6b" testName="BL.Tests.LiftsServiceTest.TestGetLiftsInfoAsync(userID: 148, initialLifts: [Lift { LiftID = 88, LiftName = liftName64fbc31f-8fd5-4001-9220-aa715b80584d, IsOpen = True, SeatsAmount = 31, LiftingTime = 160, QueueTime = 149, ConnectedSlopes =  }, Lift { LiftID = 197, LiftName = liftName055a740f-7869-4f60-9d6a-ff3dcc11f593, IsOpen = False, SeatsAmount = 85, LiftingTime = 246, QueueTime = 82, ConnectedSlopes =  }, Lift { LiftID = 163, LiftName = liftNamebf4653b1-2af9-42fa-ad5d-3a0b7d054cab, IsOpen = True, SeatsAmount = 196, LiftingTime = 202, QueueTime = 65, ConnectedSlopes =  }], checkPermissionServiceMock: Mock&lt;ICheckPermissionService:2&gt;, liftsRepositoryStub: Mock&lt;ILiftsRepository:2&gt;, liftsSlopesRepositoryStub: Mock&lt;ILiftsSlopesRepository:2&gt;, sut: LiftsService { })" computerName="DESKTOP-TJ9D65N" duration="00:00:00.0579348" startTime="2022-10-15T21:13:49.0914156+03:00" endTime="2022-10-15T21:13:49.0914157+03:00" testType="13cdc9d9-ddb5-4fa4-a97d-d965ccfc6d4b" outcome="Passed" testListId="8c84fa94-04c1-424b-9868-57a2d4851a1d" relativeResultsDirectory="3b41b662-3b51-40cf-8ff7-36377371cb9d" />
    <UnitTestResult executionId="cee3306f-e23e-44ae-949f-9390a821bd0b" testId="834c739b-eca4-b36d-6a66-5a1bd75377b8" testName="BL.Tests.UsersServiceTests.TestAdminAddAutoIncrementUser" computerName="DESKTOP-TJ9D65N" duration="00:00:00.0068079" startTime="2022-10-15T21:13:49.1834798+03:00" endTime="2022-10-15T21:13:49.1834799+03:00" testType="13cdc9d9-ddb5-4fa4-a97d-d965ccfc6d4b" outcome="Passed" testListId="8c84fa94-04c1-424b-9868-57a2d4851a1d" relativeResultsDirectory="cee3306f-e23e-44ae-949f-9390a821bd0b" />
    <UnitTestResult executionId="29d307dd-984e-4b62-b6d6-0e4e8fd08b41" testId="b2ce632d-a654-185f-1a75-32df9948cdf7" testName="BL.Tests.SlopesServiceTest.TestAdminAddAutoIncrementSlopeAsync(userID: 133, slope: Slope { SlopeID = 131, SlopeName = slopeName61a4be67-b05c-4a05-b84b-30af38076341, IsOpen = True, DifficultyLevel = 136, ConnectedLifts =  }, checkPermissionServiceMock: Mock&lt;ICheckPermissionService:10&gt;, slopesRepositoryStub: Mock&lt;ISlopesRepository:8&gt;, sut: SlopesService { })" computerName="DESKTOP-TJ9D65N" duration="00:00:00.0080011" startTime="2022-10-15T21:13:49.1645309+03:00" endTime="2022-10-15T21:13:49.1645310+03:00" testType="13cdc9d9-ddb5-4fa4-a97d-d965ccfc6d4b" outcome="Passed" testListId="8c84fa94-04c1-424b-9868-57a2d4851a1d" relativeResultsDirectory="29d307dd-984e-4b62-b6d6-0e4e8fd08b41" />
    <UnitTestResult executionId="dbf947cc-bb9f-42a8-aece-6b9ac3ea582b" testId="18fa8c62-e27d-e1fc-8182-4d7db62b008d" testName="BL.Tests.UsersServiceTests.TestAdminDeleteUser" computerName="DESKTOP-TJ9D65N" duration="00:00:00.0022694" startTime="2022-10-15T21:13:49.1927244+03:00" endTime="2022-10-15T21:13:49.1927245+03:00" testType="13cdc9d9-ddb5-4fa4-a97d-d965ccfc6d4b" outcome="Passed" testListId="8c84fa94-04c1-424b-9868-57a2d4851a1d" relativeResultsDirectory="dbf947cc-bb9f-42a8-aece-6b9ac3ea582b" />
    <UnitTestResult executionId="17ba2d95-46b7-4880-ae11-a2a1a08928a0" testId="56500506-f224-2b2b-d598-d479e53432c4" testName="BL.Tests.SlopesServiceTest.TestUpdateSlopeInfoAsync(userID: 166, slope: Slope { SlopeID = 116, SlopeName = slopeNamed23feb30-417c-4ba0-8707-54eaa7d20b8d, IsOpen = True, DifficultyLevel = 18, ConnectedLifts =  }, checkPermissionServiceMock: Mock&lt;ICheckPermissionService:8&gt;, slopesRepositoryStub: Mock&lt;ISlopesRepository:6&gt;, sut: SlopesService { })" computerName="DESKTOP-TJ9D65N" duration="00:00:00.0057281" startTime="2022-10-15T21:13:49.1653907+03:00" endTime="2022-10-15T21:13:49.1653908+03:00" testType="13cdc9d9-ddb5-4fa4-a97d-d965ccfc6d4b" outcome="Passed" testListId="8c84fa94-04c1-424b-9868-57a2d4851a1d" relativeResultsDirectory="17ba2d95-46b7-4880-ae11-a2a1a08928a0" />
    <UnitTestResult executionId="935fad29-6dcc-45a2-b410-8e2d490af943" testId="1b6108a7-3751-da24-4eec-efa9d048fdce" testName="BL.Tests.TurnstilesServiceTest.TestAdminUpdateTurnstileAsync(userID: 18, turnstile: Turnstile { TurnstileID = 21, LiftID = 38, IsOpen = True }, checkPermissionServiceMock: Mock&lt;ICheckPermissionService:14&gt;, turnstilesRepositoryStub: Mock&lt;ITurnstilesRepository:8&gt;, sut: TurnstilesService { })" computerName="DESKTOP-TJ9D65N" duration="00:00:00.0061158" startTime="2022-10-15T21:13:49.1653142+03:00" endTime="2022-10-15T21:13:49.1653143+03:00" testType="13cdc9d9-ddb5-4fa4-a97d-d965ccfc6d4b" outcome="Passed" testListId="8c84fa94-04c1-424b-9868-57a2d4851a1d" relativeResultsDirectory="935fad29-6dcc-45a2-b410-8e2d490af943" />
    <UnitTestResult executionId="4fb0a9fc-48c0-4e96-be2c-d2fc12ea89e9" testId="a89ea785-fddb-eeb8-353b-f68ed6bb3425" testName="BL.Tests.LiftsServiceTest.TestAdminAddAutoIncrementLiftAsync(userID: 99, lift: Lift { LiftID = 239, LiftName = liftName0ff12609-2550-4697-999a-596a32f7e01b, IsOpen = True, SeatsAmount = 31, LiftingTime = 38, QueueTime = 160, ConnectedSlopes =  }, checkPermissionServiceMock: Mock&lt;ICheckPermissionService:5&gt;, liftsRepositoryStub: Mock&lt;ILiftsRepository:5&gt;, sut: LiftsService { })" computerName="DESKTOP-TJ9D65N" duration="00:00:00.0168727" startTime="2022-10-15T21:13:49.1628622+03:00" endTime="2022-10-15T21:13:49.1628623+03:00" testType="13cdc9d9-ddb5-4fa4-a97d-d965ccfc6d4b" outcome="Passed" testListId="8c84fa94-04c1-424b-9868-57a2d4851a1d" relativeResultsDirectory="4fb0a9fc-48c0-4e96-be2c-d2fc12ea89e9" />
    <UnitTestResult executionId="f092fa71-b47a-432b-857f-72ff8f96ff84" testId="a2e59116-cb53-1d70-9cb8-21c286516866" testName="BL.Tests.CheckPermissionsServiceTests.AuthorizedHasNoAccessToAdminFunctions" computerName="DESKTOP-TJ9D65N" duration="00:00:00.0034677" startTime="2022-10-15T21:13:49.1654828+03:00" endTime="2022-10-15T21:13:49.1654829+03:00" testType="13cdc9d9-ddb5-4fa4-a97d-d965ccfc6d4b" outcome="Passed" testListId="8c84fa94-04c1-424b-9868-57a2d4851a1d" relativeResultsDirectory="f092fa71-b47a-432b-857f-72ff8f96ff84" />
    <UnitTestResult executionId="f9e8c29b-41f1-4e94-a76c-6ec62f57bb1a" testId="86bc0409-a5d2-93c4-d8cd-dcdb9f467cc7" testName="BL.Tests.LiftsServiceTest.TestUpdateLiftInfoAsync(userID: 26, lift: Lift { LiftID = 87, LiftName = liftName7272ab0d-d373-4c68-84eb-47a0c2d11796, IsOpen = True, SeatsAmount = 51, LiftingTime = 229, QueueTime = 86, ConnectedSlopes =  }, checkPermissionServiceMock: Mock&lt;ICheckPermissionService:3&gt;, liftsRepositoryStub: Mock&lt;ILiftsRepository:3&gt;, sut: LiftsService { })" computerName="DESKTOP-TJ9D65N" duration="00:00:00.0075102" startTime="2022-10-15T21:13:49.1643396+03:00" endTime="2022-10-15T21:13:49.1643397+03:00" testType="13cdc9d9-ddb5-4fa4-a97d-d965ccfc6d4b" outcome="Passed" testListId="8c84fa94-04c1-424b-9868-57a2d4851a1d" relativeResultsDirectory="f9e8c29b-41f1-4e94-a76c-6ec62f57bb1a" />
    <UnitTestResult executionId="1040289a-fe52-431e-842e-02182ad45877" testId="caf0144a-029e-c15e-0ffd-11e6b10a98b0" testName="BL.Tests.LiftsServiceTest.TestAdminDeleteLiftAsync(userID: 185, lift: Lift { LiftID = 195, LiftName = liftName72df6856-ce85-42ec-99bf-5858fd72d864, IsOpen = True, SeatsAmount = 215, LiftingTime = 71, QueueTime = 210, ConnectedSlopes =  }, checkPermissionServiceMock: Mock&lt;ICheckPermissionService:4&gt;, liftsRepositoryStub: Mock&lt;ILiftsRepository:4&gt;, liftsSlopesRepositoryStub: Mock&lt;ILiftsSlopesRepository:4&gt;, sut: LiftsService { })" computerName="DESKTOP-TJ9D65N" duration="00:00:00.0204631" startTime="2022-10-15T21:13:49.1665407+03:00" endTime="2022-10-15T21:13:49.1665408+03:00" testType="13cdc9d9-ddb5-4fa4-a97d-d965ccfc6d4b" outcome="Passed" testListId="8c84fa94-04c1-424b-9868-57a2d4851a1d" relativeResultsDirectory="1040289a-fe52-431e-842e-02182ad45877" />
    <UnitTestResult executionId="198eebe4-35ca-4b4c-8008-569994555408" testId="d7b52ed2-6719-e1ae-7bd1-6ceedaa4e4b1" testName="BL.Tests.SlopesServiceTest.TestAdminAddSlopeAsync(userID: 224, slope: Slope { SlopeID = 220, SlopeName = slopeNamefcd94992-f218-4c08-9b35-dc21c4780b2f, IsOpen = True, DifficultyLevel = 166, ConnectedLifts =  }, checkPermissionServiceMock: Mock&lt;ICheckPermissionService:11&gt;, slopesRepositoryStub: Mock&lt;ISlopesRepository:9&gt;, sut: SlopesService { })" computerName="DESKTOP-TJ9D65N" duration="00:00:00.0057918" startTime="2022-10-15T21:13:49.1632571+03:00" endTime="2022-10-15T21:13:49.1632571+03:00" testType="13cdc9d9-ddb5-4fa4-a97d-d965ccfc6d4b" outcome="Passed" testListId="8c84fa94-04c1-424b-9868-57a2d4851a1d" relativeResultsDirectory="198eebe4-35ca-4b4c-8008-569994555408" />
    <UnitTestResult executionId="a0680190-d434-42ad-9997-5d68abbf47c5" testId="df8d1e65-88a0-3c1d-df7a-8cd65a3de163" testName="BL.Tests.TurnstilesServiceTest.TestAdminGetTurnstilesAsync(userID: 217, initialTurnstiles: [Turnstile { TurnstileID = 105, LiftID = 80, IsOpen = True }, Turnstile { TurnstileID = 75, LiftID = 230, IsOpen = False }, Turnstile { TurnstileID = 3, LiftID = 61, IsOpen = True }], checkPermissionServiceMock: Mock&lt;ICheckPermissionService:13&gt;, turnstilesRepositoryStub: Mock&lt;ITurnstilesRepository:7&gt;, sut: TurnstilesService { })" computerName="DESKTOP-TJ9D65N" duration="00:00:00.0070607" startTime="2022-10-15T21:13:49.1643736+03:00" endTime="2022-10-15T21:13:49.1643737+03:00" testType="13cdc9d9-ddb5-4fa4-a97d-d965ccfc6d4b" outcome="Passed" testListId="8c84fa94-04c1-424b-9868-57a2d4851a1d" relativeResultsDirectory="a0680190-d434-42ad-9997-5d68abbf47c5" />
    <UnitTestResult executionId="d080323f-49f8-498b-bd15-3271bd9b7db3" testId="16f86297-da7d-63fa-c4fb-31391397a3fd" testName="BL.Tests.SlopesServiceTest.TestGetSlopesInfoAsync(userID: 184, initialSlopes: [Slope { SlopeID = 254, SlopeName = slopeNamefe7c9bc0-6062-49a5-a0db-1b7ef14bd277, IsOpen = True, DifficultyLevel = 230, ConnectedLifts =  }, Slope { SlopeID = 185, SlopeName = slopeName114b3063-c356-4b49-ae73-144d0b20811d, IsOpen = False, DifficultyLevel = 108, ConnectedLifts =  }, Slope { SlopeID = 178, SlopeName = slopeNamefb4c04c2-9005-49ab-8289-725e00b20f7a, IsOpen = True, DifficultyLevel = 106, ConnectedLifts =  }], checkPermissionServiceMock: Mock&lt;ICheckPermissionService:7&gt;, slopesRepositoryStub: Mock&lt;ISlopesRepository:5&gt;, liftsSlopesRepositoryStub: Mock&lt;ILiftsSlopesRepository:10&gt;, sut: SlopesService { })" computerName="DESKTOP-TJ9D65N" duration="00:00:00.0580532" startTime="2022-10-15T21:13:49.0913804+03:00" endTime="2022-10-15T21:13:49.0913806+03:00" testType="13cdc9d9-ddb5-4fa4-a97d-d965ccfc6d4b" outcome="Passed" testListId="8c84fa94-04c1-424b-9868-57a2d4851a1d" relativeResultsDirectory="d080323f-49f8-498b-bd15-3271bd9b7db3" />
    <UnitTestResult executionId="27746286-2d12-429e-99fb-44afdb915214" testId="f44a1b21-8efc-bfac-63b4-d534442def31" testName="BL.Tests.UsersServiceTests.TestRegisterUserWithNoPassword" computerName="DESKTOP-TJ9D65N" duration="00:00:00.0016814" startTime="2022-10-15T21:13:49.1601201+03:00" endTime="2022-10-15T21:13:49.1601202+03:00" testType="13cdc9d9-ddb5-4fa4-a97d-d965ccfc6d4b" outcome="Passed" testListId="8c84fa94-04c1-424b-9868-57a2d4851a1d" relativeResultsDirectory="27746286-2d12-429e-99fb-44afdb915214" />
    <UnitTestResult executionId="af59ac7a-5980-4933-af6e-1296d8c91dda" testId="a19a5fcf-c5d2-7d44-5d7d-84403042f4e0" testName="BL.Tests.CheckPermissionsServiceTests.UnauthorizedHasNoAccessToAdminSkiPatrolFunctions(functionName: &quot;MarkMessageReadByUserAsync&quot;)" computerName="DESKTOP-TJ9D65N" duration="00:00:00.0310096" startTime="2022-10-15T21:13:49.0688281+03:00" endTime="2022-10-15T21:13:49.0688616+03:00" testType="13cdc9d9-ddb5-4fa4-a97d-d965ccfc6d4b" outcome="Passed" testListId="8c84fa94-04c1-424b-9868-57a2d4851a1d" relativeResultsDirectory="af59ac7a-5980-4933-af6e-1296d8c91dda" />
    <UnitTestResult executionId="9c74de3e-894d-4381-b835-b452fccf67e2" testId="1ca07ad8-f799-c5d4-e7cc-34fd950198a2" testName="BL.Tests.UsersServiceTests.TestLogInOk" computerName="DESKTOP-TJ9D65N" duration="00:00:00.0059394" startTime="2022-10-15T21:13:49.1697241+03:00" endTime="2022-10-15T21:13:49.1697243+03:00" testType="13cdc9d9-ddb5-4fa4-a97d-d965ccfc6d4b" outcome="Passed" testListId="8c84fa94-04c1-424b-9868-57a2d4851a1d" relativeResultsDirectory="9c74de3e-894d-4381-b835-b452fccf67e2" />
    <UnitTestResult executionId="5cbd7c14-2d14-4747-8737-9c9b585769f8" testId="8184bd30-991c-b78d-b4ec-99a485eac0dd" testName="BL.Tests.UsersServiceTests.TestRegisterUserWithNoEmail" computerName="DESKTOP-TJ9D65N" duration="00:00:00.0027301" startTime="2022-10-15T21:13:49.1599129+03:00" endTime="2022-10-15T21:13:49.1599130+03:00" testType="13cdc9d9-ddb5-4fa4-a97d-d965ccfc6d4b" outcome="Passed" testListId="8c84fa94-04c1-424b-9868-57a2d4851a1d" relativeResultsDirectory="5cbd7c14-2d14-4747-8737-9c9b585769f8" />
    <UnitTestResult executionId="8b619656-dfe9-4116-97b5-d946cead5420" testId="69340bb6-3645-f9dd-971e-29d8b2a009bb" testName="BL.Tests.UsersServiceTests.TestLogInWithWrongPassword" computerName="DESKTOP-TJ9D65N" duration="00:00:00.0022454" startTime="2022-10-15T21:13:49.1740560+03:00" endTime="2022-10-15T21:13:49.1740561+03:00" testType="13cdc9d9-ddb5-4fa4-a97d-d965ccfc6d4b" outcome="Passed" testListId="8c84fa94-04c1-424b-9868-57a2d4851a1d" relativeResultsDirectory="8b619656-dfe9-4116-97b5-d946cead5420" />
    <UnitTestResult executionId="5ced6a83-f1b0-4a99-9b9c-f39fe687421d" testId="28a860d6-502e-8393-4c9e-fa60bd4ebedb" testName="BL.Tests.LiftsSlopesServiceTests.TestAdminAddAutoIncrementLiftSlopeAsync(lift: Lift { LiftID = 162, LiftName = liftName5dec0f14-3f62-479b-b521-1a4125f63819, IsOpen = True, SeatsAmount = 1, LiftingTime = 238, QueueTime = 153, ConnectedSlopes =  }, slope: Slope { SlopeID = 221, SlopeName = slopeName4af09294-6c96-4d09-acde-b9245be3ea90, IsOpen = False, DifficultyLevel = 10, ConnectedLifts =  }, slopesRepositoryStub: Mock&lt;ISlopesRepository:3&gt;, liftsRepositoryStub: Mock&lt;ILiftsRepository:8&gt;, liftsSlopesRepositoryStub: Mock&lt;ILiftsSlopesRepository:8&gt;)" computerName="DESKTOP-TJ9D65N" duration="00:00:00.0129899" startTime="2022-10-15T21:13:49.1602134+03:00" endTime="2022-10-15T21:13:49.1602135+03:00" testType="13cdc9d9-ddb5-4fa4-a97d-d965ccfc6d4b" outcome="Passed" testListId="8c84fa94-04c1-424b-9868-57a2d4851a1d" relativeResultsDirectory="5ced6a83-f1b0-4a99-9b9c-f39fe687421d" />
    <UnitTestResult executionId="16dd16d0-28a9-44b7-9ca5-ff6bee09ba0d" testId="644ec43e-70cd-c82d-42e7-0d990be1414d" testName="BL.Tests.CheckPermissionsServiceTests.AuthorizedHasAccessToAuthorizedFunctions(functionName: &quot;SendMessageAsync&quot;)" computerName="DESKTOP-TJ9D65N" duration="00:00:00.0017179" startTime="2022-10-15T21:13:49.1750913+03:00" endTime="2022-10-15T21:13:49.1750914+03:00" testType="13cdc9d9-ddb5-4fa4-a97d-d965ccfc6d4b" outcome="Passed" testListId="8c84fa94-04c1-424b-9868-57a2d4851a1d" relativeResultsDirectory="16dd16d0-28a9-44b7-9ca5-ff6bee09ba0d" />
    <UnitTestResult executionId="e704883e-5491-45a8-aef8-9631638656f0" testId="dad0b8a2-fc5c-e836-5c42-360ad6c00ae7" testName="BL.Tests.LiftsServiceTest.TestGetLiftInfoAsync(userID: 235, lift: Lift { LiftID = 78, LiftName = liftName06f8d9ce-2676-4dd3-a2a6-df8fcdefea83, IsOpen = True, SeatsAmount = 63, LiftingTime = 208, QueueTime = 93, ConnectedSlopes =  }, checkPermissionServiceMock: Mock&lt;ICheckPermissionService:1&gt;, liftsRepositoryStub: Mock&lt;ILiftsRepository:1&gt;, liftsSlopesRepositoryStub: Mock&lt;ILiftsSlopesRepository:1&gt;, sut: LiftsService { })" computerName="DESKTOP-TJ9D65N" duration="00:00:00.0074453" startTime="2022-10-15T21:13:49.1653360+03:00" endTime="2022-10-15T21:13:49.1653361+03:00" testType="13cdc9d9-ddb5-4fa4-a97d-d965ccfc6d4b" outcome="Passed" testListId="8c84fa94-04c1-424b-9868-57a2d4851a1d" relativeResultsDirectory="e704883e-5491-45a8-aef8-9631638656f0" />
    <UnitTestResult executionId="0fd14b0b-0d5c-4984-b008-366ea4585d2b" testId="2d706594-f2b3-b3c8-21d4-86c9798c3306" testName="BL.Tests.CheckPermissionsServiceTests.SkiPatrolHasAccessToAdminSkiPatrolFunctions(functionName: &quot;GetLiftsSlopesInfoAsync&quot;)" computerName="DESKTOP-TJ9D65N" duration="00:00:00.0056925" startTime="2022-10-15T21:13:49.1643921+03:00" endTime="2022-10-15T21:13:49.1643921+03:00" testType="13cdc9d9-ddb5-4fa4-a97d-d965ccfc6d4b" outcome="Passed" testListId="8c84fa94-04c1-424b-9868-57a2d4851a1d" relativeResultsDirectory="0fd14b0b-0d5c-4984-b008-366ea4585d2b" />
    <UnitTestResult executionId="5b9fdd93-cc08-49fb-b55f-53dee945fe98" testId="229812f5-9a73-5335-11f5-31330d1348a5" testName="BL.Tests.CheckPermissionsServiceTests.UnauthorizedHasNoAccessToAdminSkiPatrolFunctions(functionName: &quot;GetMessagesAsync&quot;)" computerName="DESKTOP-TJ9D65N" duration="00:00:00.0013380" startTime="2022-10-15T21:13:49.1600850+03:00" endTime="2022-10-15T21:13:49.1600852+03:00" testType="13cdc9d9-ddb5-4fa4-a97d-d965ccfc6d4b" outcome="Passed" testListId="8c84fa94-04c1-424b-9868-57a2d4851a1d" relativeResultsDirectory="5b9fdd93-cc08-49fb-b55f-53dee945fe98" />
    <UnitTestResult executionId="57113d50-428b-48b4-934a-698a50a8f775" testId="492c0393-35b4-df26-a537-21ca08302f3c" testName="BL.Tests.CheckPermissionsServiceTests.SkiPatrolHasNoAccessToAdminFunctions" computerName="DESKTOP-TJ9D65N" duration="00:00:00.0020221" startTime="2022-10-15T21:13:49.1878407+03:00" endTime="2022-10-15T21:13:49.1878408+03:00" testType="13cdc9d9-ddb5-4fa4-a97d-d965ccfc6d4b" outcome="Passed" testListId="8c84fa94-04c1-424b-9868-57a2d4851a1d" relativeResultsDirectory="57113d50-428b-48b4-934a-698a50a8f775" />
    <UnitTestResult executionId="0561353b-7bfb-4fd8-b3d7-e62e98b7056a" testId="60bd668f-04df-da5e-b79b-5d9aedb5234d" testName="BL.Tests.CheckPermissionsServiceTests.SkiPatrolHasAccessToAdminSkiPatrolFunctions(functionName: &quot;MarkMessageReadByUserAsync&quot;)" computerName="DESKTOP-TJ9D65N" duration="00:00:00.0010519" startTime="2022-10-15T21:13:49.1645735+03:00" endTime="2022-10-15T21:13:49.1645735+03:00" testType="13cdc9d9-ddb5-4fa4-a97d-d965ccfc6d4b" outcome="Passed" testListId="8c84fa94-04c1-424b-9868-57a2d4851a1d" relativeResultsDirectory="0561353b-7bfb-4fd8-b3d7-e62e98b7056a" />
    <UnitTestResult executionId="c12cb810-1b1c-4a32-9da8-0eb09738c565" testId="95903878-7a7f-2f92-a4b5-f4b0fef7def4" testName="BL.Tests.SlopesServiceTest.TestGetSlopeInfoAsync(userID: 64, slope: Slope { SlopeID = 215, SlopeName = slopeName29fb90c9-a993-47bb-ac82-0e05542edd16, IsOpen = True, DifficultyLevel = 109, ConnectedLifts =  }, checkPermissionServiceMock: Mock&lt;ICheckPermissionService:6&gt;, slopesRepositoryStub: Mock&lt;ISlopesRepository:4&gt;, liftsSlopesRepositoryStub: Mock&lt;ILiftsSlopesRepository:9&gt;, sut: SlopesService { })" computerName="DESKTOP-TJ9D65N" duration="00:00:00.0149825" startTime="2022-10-15T21:13:49.1664838+03:00" endTime="2022-10-15T21:13:49.1664839+03:00" testType="13cdc9d9-ddb5-4fa4-a97d-d965ccfc6d4b" outcome="Passed" testListId="8c84fa94-04c1-424b-9868-57a2d4851a1d" relativeResultsDirectory="c12cb810-1b1c-4a32-9da8-0eb09738c565" />
    <UnitTestResult executionId="465a4fcb-f108-4185-bc40-37fec5a89adc" testId="fa960c5e-f989-2880-784e-8efe538c5231" testName="BL.Tests.CheckPermissionsServiceTests.UnauthorizedHasNoAccessToAuthorizedFunctions(functionName: &quot;LogOutAsync&quot;)" computerName="DESKTOP-TJ9D65N" duration="00:00:00.0015270" startTime="2022-10-15T21:13:49.1632312+03:00" endTime="2022-10-15T21:13:49.1632313+03:00" testType="13cdc9d9-ddb5-4fa4-a97d-d965ccfc6d4b" outcome="Passed" testListId="8c84fa94-04c1-424b-9868-57a2d4851a1d" relativeResultsDirectory="465a4fcb-f108-4185-bc40-37fec5a89adc" />
    <UnitTestResult executionId="cd113f72-9365-4c19-866e-369131ed617d" testId="f3efc418-a8a6-c7b7-9bac-90b33aa8472f" testName="BL.Tests.CheckPermissionsServiceTests.AdminHasAccessToAllFunctions" computerName="DESKTOP-TJ9D65N" duration="00:00:00.0019734" startTime="2022-10-15T21:13:49.1918164+03:00" endTime="2022-10-15T21:13:49.1918165+03:00" testType="13cdc9d9-ddb5-4fa4-a97d-d965ccfc6d4b" outcome="Passed" testListId="8c84fa94-04c1-424b-9868-57a2d4851a1d" relativeResultsDirectory="cd113f72-9365-4c19-866e-369131ed617d" />
    <UnitTestResult executionId="9753960f-50b9-48aa-89c9-b0bd8179994c" testId="2602613f-c8e2-a6d9-fcf7-5b27d4a770a6" testName="BL.Tests.CheckPermissionsServiceTests.AuthorizedHasNoAccessToAdminSkiPatrolFunctions(functionName: &quot;GetMessagesAsync&quot;)" computerName="DESKTOP-TJ9D65N" duration="00:00:00.0104441" startTime="2022-10-15T21:13:49.1663967+03:00" endTime="2022-10-15T21:13:49.1663968+03:00" testType="13cdc9d9-ddb5-4fa4-a97d-d965ccfc6d4b" outcome="Passed" testListId="8c84fa94-04c1-424b-9868-57a2d4851a1d" relativeResultsDirectory="9753960f-50b9-48aa-89c9-b0bd8179994c" />
    <UnitTestResult executionId="3a3ac893-0311-42c5-9702-6dfe0469a3da" testId="c36970dc-93f7-753e-fa47-157133b01644" testName="BL.Tests.CheckPermissionsServiceTests.SkiPatrolHasAccessToAdminSkiPatrolFunctions(functionName: &quot;GetMessagesAsync&quot;)" computerName="DESKTOP-TJ9D65N" duration="00:00:00.0007916" startTime="2022-10-15T21:13:49.1652805+03:00" endTime="2022-10-15T21:13:49.1652806+03:00" testType="13cdc9d9-ddb5-4fa4-a97d-d965ccfc6d4b" outcome="Passed" testListId="8c84fa94-04c1-424b-9868-57a2d4851a1d" relativeResultsDirectory="3a3ac893-0311-42c5-9702-6dfe0469a3da" />
    <UnitTestResult executionId="2f418e88-2f0a-4917-9977-9a3fab080942" testId="9c7df5e2-1b23-ebea-889f-b78ca86b60ab" testName="BL.Tests.CheckPermissionsServiceTests.AuthorizedHasNoAccessToAdminSkiPatrolFunctions(functionName: &quot;MarkMessageReadByUserAsync&quot;)" computerName="DESKTOP-TJ9D65N" duration="00:00:00.0019581" startTime="2022-10-15T21:13:49.1675506+03:00" endTime="2022-10-15T21:13:49.1675506+03:00" testType="13cdc9d9-ddb5-4fa4-a97d-d965ccfc6d4b" outcome="Passed" testListId="8c84fa94-04c1-424b-9868-57a2d4851a1d" relativeResultsDirectory="2f418e88-2f0a-4917-9977-9a3fab080942" />
    <UnitTestResult executionId="908a22dc-a0c1-4b77-a4e7-ee427e6709aa" testId="cecc757b-806d-a164-3a9b-603a0cf74d8f" testName="BL.Tests.TurnstilesServiceTest.TestAdminDeleteTurnstileAsync(userID: 48, turnstile: Turnstile { TurnstileID = 233, LiftID = 73, IsOpen = True }, checkPermissionServiceMock: Mock&lt;ICheckPermissionService:15&gt;, turnstilesRepositoryStub: Mock&lt;ITurnstilesRepository:9&gt;, sut: TurnstilesService { })" computerName="DESKTOP-TJ9D65N" duration="00:00:00.0123236" startTime="2022-10-15T21:13:49.1663180+03:00" endTime="2022-10-15T21:13:49.1663181+03:00" testType="13cdc9d9-ddb5-4fa4-a97d-d965ccfc6d4b" outcome="Passed" testListId="8c84fa94-04c1-424b-9868-57a2d4851a1d" relativeResultsDirectory="908a22dc-a0c1-4b77-a4e7-ee427e6709aa" />
    <UnitTestResult executionId="1a1ba961-7e5d-402e-a2c5-d139bfd61888" testId="4f297306-d4f3-8d63-e7f4-1ac0b8c58c74" testName="BL.Tests.CheckPermissionsServiceTests.AuthorizedHasNoAccessToAdminSkiPatrolFunctions(functionName: &quot;GetLiftsSlopesInfoAsync&quot;)" computerName="DESKTOP-TJ9D65N" duration="00:00:00.0012339" startTime="2022-10-15T21:13:49.1712919+03:00" endTime="2022-10-15T21:13:49.1712919+03:00" testType="13cdc9d9-ddb5-4fa4-a97d-d965ccfc6d4b" outcome="Passed" testListId="8c84fa94-04c1-424b-9868-57a2d4851a1d" relativeResultsDirectory="1a1ba961-7e5d-402e-a2c5-d139bfd61888" />
    <UnitTestResult executionId="a3c5af2c-c8be-4b6b-a75d-543c858079c1" testId="387c9729-48c1-486e-5e67-f5d11a9f0db8" testName="BL.Tests.CheckPermissionsServiceTests.UnauthorizedHasNoAccessToAdminSkiPatrolFunctions(functionName: &quot;GetLiftsSlopesInfoAsync&quot;)" computerName="DESKTOP-TJ9D65N" duration="00:00:00.0014093" startTime="2022-10-15T21:13:49.1595096+03:00" endTime="2022-10-15T21:13:49.1595097+03:00" testType="13cdc9d9-ddb5-4fa4-a97d-d965ccfc6d4b" outcome="Passed" testListId="8c84fa94-04c1-424b-9868-57a2d4851a1d" relativeResultsDirectory="a3c5af2c-c8be-4b6b-a75d-543c858079c1" />
    <UnitTestResult executionId="3d97a153-aedd-4be1-bba0-fcb013c8ff12" testId="17f9cb89-e4c7-59bb-fe2a-8bef5c657b27" testName="BL.Tests.LiftsSlopesServiceTests.TestAdminDeleteLiftSlopeAsync(lift: Lift { LiftID = 48, LiftName = liftNameae6cb011-7c33-432a-8a0c-30e1967aff2a, IsOpen = True, SeatsAmount = 118, LiftingTime = 50, QueueTime = 195, ConnectedSlopes =  }, slope: Slope { SlopeID = 80, SlopeName = slopeName5d3d5c23-8046-4aa5-af32-92ea1ca6ef0c, IsOpen = False, DifficultyLevel = 246, ConnectedLifts =  }, slopesRepositoryStub: Mock&lt;ISlopesRepository:2&gt;, liftsRepositoryStub: Mock&lt;ILiftsRepository:7&gt;, liftsSlopesRepositoryStub: Mock&lt;ILiftsSlopesRepository:7&gt;)" computerName="DESKTOP-TJ9D65N" duration="00:00:00.0309235" startTime="2022-10-15T21:13:49.0723916+03:00" endTime="2022-10-15T21:13:49.0723917+03:00" testType="13cdc9d9-ddb5-4fa4-a97d-d965ccfc6d4b" outcome="Passed" testListId="8c84fa94-04c1-424b-9868-57a2d4851a1d" relativeResultsDirectory="3d97a153-aedd-4be1-bba0-fcb013c8ff12" />
    <UnitTestResult executionId="d351e67b-b1af-4fa4-9dce-2dc91419fde3" testId="894941c1-bfa7-d8f9-c047-1e1ceefe2c2f" testName="BL.Tests.UsersServiceTests.TestRegisterUserWithRepeatedEmail" computerName="DESKTOP-TJ9D65N" duration="00:00:00.0041036" startTime="2022-10-15T21:13:49.1630416+03:00" endTime="2022-10-15T21:13:49.1630416+03:00" testType="13cdc9d9-ddb5-4fa4-a97d-d965ccfc6d4b" outcome="Passed" testListId="8c84fa94-04c1-424b-9868-57a2d4851a1d" relativeResultsDirectory="d351e67b-b1af-4fa4-9dce-2dc91419fde3" />
    <UnitTestResult executionId="ce7c2412-21e6-4292-8ba0-7e1e9c09605a" testId="20ad8570-0170-85de-dcd7-2f109dd7bcd6" testName="BL.Tests.UsersServiceTests.TestAdminGetUsers" computerName="DESKTOP-TJ9D65N" duration="00:00:00.0366070" startTime="2022-10-15T21:13:49.0724334+03:00" endTime="2022-10-15T21:13:49.0724334+03:00" testType="13cdc9d9-ddb5-4fa4-a97d-d965ccfc6d4b" outcome="Passed" testListId="8c84fa94-04c1-424b-9868-57a2d4851a1d" relativeResultsDirectory="ce7c2412-21e6-4292-8ba0-7e1e9c09605a" />
    <UnitTestResult executionId="b40b6380-f507-42b8-af37-73b4051ae7f2" testId="aa28a6b3-21d3-aa45-24d3-bef2facbc899" testName="BL.Tests.CheckPermissionsServiceTests.AuthorizedHasAccessToAuthorizedFunctions(functionName: &quot;LogOutAsync&quot;)" computerName="DESKTOP-TJ9D65N" duration="00:00:00.0016121" startTime="2022-10-15T21:13:49.1794095+03:00" endTime="2022-10-15T21:13:49.1794096+03:00" testType="13cdc9d9-ddb5-4fa4-a97d-d965ccfc6d4b" outcome="Passed" testListId="8c84fa94-04c1-424b-9868-57a2d4851a1d" relativeResultsDirectory="b40b6380-f507-42b8-af37-73b4051ae7f2" />
    <UnitTestResult executionId="bf388e1b-4295-43c0-b422-9b79ca9e2730" testId="0eeef75f-6e38-7893-a8fe-cff3e0a970a7" testName="BL.Tests.UsersServiceTests.TestRegisterOk" computerName="DESKTOP-TJ9D65N" duration="00:00:00.0101896" startTime="2022-10-15T21:13:49.1655469+03:00" endTime="2022-10-15T21:13:49.1655469+03:00" testType="13cdc9d9-ddb5-4fa4-a97d-d965ccfc6d4b" outcome="Passed" testListId="8c84fa94-04c1-424b-9868-57a2d4851a1d" relativeResultsDirectory="bf388e1b-4295-43c0-b422-9b79ca9e2730" />
    <UnitTestResult executionId="0f064a73-82ed-4c07-a4ea-c4fb3646755d" testId="1af6a672-7ae1-5acb-3255-5651240cad63" testName="BL.Tests.SlopesServiceTest.TestAdminDeleteSlopeAsync(userID: 67, slope: Slope { SlopeID = 39, SlopeName = slopeName08273c6a-ece7-4602-94f7-e88310a8e9ec, IsOpen = True, DifficultyLevel = 134, ConnectedLifts =  }, checkPermissionServiceMock: Mock&lt;ICheckPermissionService:9&gt;, slopesRepositoryStub: Mock&lt;ISlopesRepository:7&gt;, liftsSlopesRepositoryStub: Mock&lt;ILiftsSlopesRepository:12&gt;, sut: SlopesService { })" computerName="DESKTOP-TJ9D65N" duration="00:00:00.0122671" startTime="2022-10-15T21:13:49.1601519+03:00" endTime="2022-10-15T21:13:49.1601520+03:00" testType="13cdc9d9-ddb5-4fa4-a97d-d965ccfc6d4b" outcome="Passed" testListId="8c84fa94-04c1-424b-9868-57a2d4851a1d" relativeResultsDirectory="0f064a73-82ed-4c07-a4ea-c4fb3646755d" />
    <UnitTestResult executionId="8df7b4a3-7149-4b55-b5fa-f06ce603ec7b" testId="b09b7139-e2e1-8c94-2121-f9a772673254" testName="BL.Tests.TurnstilesServiceTest.TestAdminGetTurnstileAsync(userID: 97, turnstile: Turnstile { TurnstileID = 34, LiftID = 54, IsOpen = True }, checkPermissionServiceMock: Mock&lt;ICheckPermissionService:12&gt;, turnstilesRepositoryStub: Mock&lt;ITurnstilesRepository:6&gt;, sut: TurnstilesService { })" computerName="DESKTOP-TJ9D65N" duration="00:00:00.0335680" startTime="2022-10-15T21:13:49.0723558+03:00" endTime="2022-10-15T21:13:49.0723559+03:00" testType="13cdc9d9-ddb5-4fa4-a97d-d965ccfc6d4b" outcome="Passed" testListId="8c84fa94-04c1-424b-9868-57a2d4851a1d" relativeResultsDirectory="8df7b4a3-7149-4b55-b5fa-f06ce603ec7b" />
    <UnitTestResult executionId="80d42456-06da-4bad-bae3-fb98ed28c475" testId="06d0bc3a-24a0-fb7f-4277-e9ae6d21c7dd" testName="BL.Tests.UsersServiceTests.TestAdminUpdateUser" computerName="DESKTOP-TJ9D65N" duration="00:00:00.0094572" startTime="2022-10-15T21:13:49.1645513+03:00" endTime="2022-10-15T21:13:49.1645513+03:00" testType="13cdc9d9-ddb5-4fa4-a97d-d965ccfc6d4b" outcome="Passed" testListId="8c84fa94-04c1-424b-9868-57a2d4851a1d" relativeResultsDirectory="80d42456-06da-4bad-bae3-fb98ed28c475" />
    <UnitTestResult executionId="4da05801-b201-4426-8072-7dd85497cb92" testId="eaabd2fc-2f4b-5689-59c8-c7ad34a8f634" testName="BL.Tests.CheckPermissionsServiceTests.UnauthorizedHasNoAccessToAuthorizedFunctions(functionName: &quot;SendMessageAsync&quot;)" computerName="DESKTOP-TJ9D65N" duration="00:00:00.0030569" startTime="2022-10-15T21:13:49.1628197+03:00" endTime="2022-10-15T21:13:49.1628198+03:00" testType="13cdc9d9-ddb5-4fa4-a97d-d965ccfc6d4b" outcome="Passed" testListId="8c84fa94-04c1-424b-9868-57a2d4851a1d" relativeResultsDirectory="4da05801-b201-4426-8072-7dd85497cb92" />
    <UnitTestResult executionId="4f1b2c55-bcc5-4c39-b5bd-8b86c99a6a44" testId="39be9b5e-0bc4-57dc-37d3-aec6b520299d" testName="BL.Tests.LiftsSlopesServiceTests.TestGetLiftsSlopesInfoAsync(liftsSlopes: [LiftSlope { RecordID = 118, LiftID = 94, SlopeID = 6 }, LiftSlope { RecordID = 205, LiftID = 52, SlopeID = 2 }, LiftSlope { RecordID = 34, LiftID = 110, SlopeID = 239 }], slopesRepositoryStub: Mock&lt;ISlopesRepository:1&gt;, liftsRepositoryStub: Mock&lt;ILiftsRepository:6&gt;, liftsSlopesRepositoryStub: Mock&lt;ILiftsSlopesRepository:6&gt;)" computerName="DESKTOP-TJ9D65N" duration="00:00:00.0054889" startTime="2022-10-15T21:13:49.1633186+03:00" endTime="2022-10-15T21:13:49.1633187+03:00" testType="13cdc9d9-ddb5-4fa4-a97d-d965ccfc6d4b" outcome="Passed" testListId="8c84fa94-04c1-424b-9868-57a2d4851a1d" relativeResultsDirectory="4f1b2c55-bcc5-4c39-b5bd-8b86c99a6a44" />
    <UnitTestResult executionId="edab34fe-ef57-426d-9d9b-fe17695eadfb" testId="e2d7e5be-3dae-33ae-fb17-c704b6fd58d6" testName="BL.Tests.CheckPermissionsServiceTests.UnauthorizedHasNoAccessToAdminFunctions" computerName="DESKTOP-TJ9D65N" duration="00:00:00.0019704" startTime="2022-10-15T21:13:49.1837452+03:00" endTime="2022-10-15T21:13:49.1837452+03:00" testType="13cdc9d9-ddb5-4fa4-a97d-d965ccfc6d4b" outcome="Passed" testListId="8c84fa94-04c1-424b-9868-57a2d4851a1d" relativeResultsDirectory="edab34fe-ef57-426d-9d9b-fe17695eadfb" />
    <UnitTestResult executionId="b561b7e9-80db-4527-8be4-0969df492a7c" testId="e5497347-2721-b7a6-0bd4-69a9921f6947" testName="BL.Tests.UsersServiceTests.TestAdminGetUserByIDAsync" computerName="DESKTOP-TJ9D65N" duration="00:00:00.0028616" startTime="2022-10-15T21:13:49.1886844+03:00" endTime="2022-10-15T21:13:49.1886845+03:00" testType="13cdc9d9-ddb5-4fa4-a97d-d965ccfc6d4b" outcome="Passed" testListId="8c84fa94-04c1-424b-9868-57a2d4851a1d" relativeResultsDirectory="b561b7e9-80db-4527-8be4-0969df492a7c" />
  </Results>
  <TestDefinitions>
    <UnitTest name="BL.Tests.LiftsServiceTest.TestAdminAddAutoIncrementLiftAsync(userID: 99, lift: Lift { LiftID = 239, LiftName = liftName0ff12609-2550-4697-999a-596a32f7e01b, IsOpen = True, SeatsAmount = 31, LiftingTime = 38, QueueTime = 160, ConnectedSlopes =  }, checkPermissionServiceMock: Mock&lt;ICheckPermissionService:5&gt;, liftsRepositoryStub: Mock&lt;ILiftsRepository:5&gt;, sut: LiftsService { })" storage="c:\users\alena\desktop\7_sem\testing_and_debugging\skiresort\bl.tests\bin\debug\net6.0\bl.tests.dll" id="a89ea785-fddb-eeb8-353b-f68ed6bb3425">
      <Execution id="4fb0a9fc-48c0-4e96-be2c-d2fc12ea89e9" />
      <TestMethod codeBase="C:\Users\alena\Desktop\7_sem\testing_and_debugging\SkiResort\BL.Tests\bin\Debug\net6.0\BL.Tests.dll" adapterTypeName="executor://xunit/VsTestRunner2/netcoreapp" className="BL.Tests.LiftsServiceTest" name="TestAdminAddAutoIncrementLiftAsync" />
    </UnitTest>
    <UnitTest name="BL.Tests.CheckPermissionsServiceTests.AuthorizedHasNoAccessToAdminSkiPatrolFunctions(functionName: &quot;MarkMessageReadByUserAsync&quot;)" storage="c:\users\alena\desktop\7_sem\testing_and_debugging\skiresort\bl.tests\bin\debug\net6.0\bl.tests.dll" id="9c7df5e2-1b23-ebea-889f-b78ca86b60ab">
      <Execution id="2f418e88-2f0a-4917-9977-9a3fab080942" />
      <TestMethod codeBase="C:\Users\alena\Desktop\7_sem\testing_and_debugging\SkiResort\BL.Tests\bin\Debug\net6.0\BL.Tests.dll" adapterTypeName="executor://xunit/VsTestRunner2/netcoreapp" className="BL.Tests.CheckPermissionsServiceTests" name="AuthorizedHasNoAccessToAdminSkiPatrolFunctions" />
    </UnitTest>
    <UnitTest name="BL.Tests.CheckPermissionsServiceTests.UnauthorizedHasNoAccessToAdminSkiPatrolFunctions(functionName: &quot;MarkMessageReadByUserAsync&quot;)" storage="c:\users\alena\desktop\7_sem\testing_and_debugging\skiresort\bl.tests\bin\debug\net6.0\bl.tests.dll" id="a19a5fcf-c5d2-7d44-5d7d-84403042f4e0">
      <Execution id="af59ac7a-5980-4933-af6e-1296d8c91dda" />
      <TestMethod codeBase="C:\Users\alena\Desktop\7_sem\testing_and_debugging\SkiResort\BL.Tests\bin\Debug\net6.0\BL.Tests.dll" adapterTypeName="executor://xunit/VsTestRunner2/netcoreapp" className="BL.Tests.CheckPermissionsServiceTests" name="UnauthorizedHasNoAccessToAdminSkiPatrolFunctions" />
    </UnitTest>
    <UnitTest name="BL.Tests.CheckPermissionsServiceTests.AuthorizedHasNoAccessToAdminSkiPatrolFunctions(functionName: &quot;GetMessagesAsync&quot;)" storage="c:\users\alena\desktop\7_sem\testing_and_debugging\skiresort\bl.tests\bin\debug\net6.0\bl.tests.dll" id="2602613f-c8e2-a6d9-fcf7-5b27d4a770a6">
      <Execution id="9753960f-50b9-48aa-89c9-b0bd8179994c" />
      <TestMethod codeBase="C:\Users\alena\Desktop\7_sem\testing_and_debugging\SkiResort\BL.Tests\bin\Debug\net6.0\BL.Tests.dll" adapterTypeName="executor://xunit/VsTestRunner2/netcoreapp" className="BL.Tests.CheckPermissionsServiceTests" name="AuthorizedHasNoAccessToAdminSkiPatrolFunctions" />
    </UnitTest>
    <UnitTest name="BL.Tests.CheckPermissionsServiceTests.AuthorizedHasNoAccessToAdminFunctions" storage="c:\users\alena\desktop\7_sem\testing_and_debugging\skiresort\bl.tests\bin\debug\net6.0\bl.tests.dll" id="a2e59116-cb53-1d70-9cb8-21c286516866">
      <Execution id="f092fa71-b47a-432b-857f-72ff8f96ff84" />
      <TestMethod codeBase="C:\Users\alena\Desktop\7_sem\testing_and_debugging\SkiResort\BL.Tests\bin\Debug\net6.0\BL.Tests.dll" adapterTypeName="executor://xunit/VsTestRunner2/netcoreapp" className="BL.Tests.CheckPermissionsServiceTests" name="AuthorizedHasNoAccessToAdminFunctions" />
    </UnitTest>
    <UnitTest name="BL.Tests.CheckPermissionsServiceTests.SkiPatrolHasAccessToAdminSkiPatrolFunctions(functionName: &quot;GetMessagesAsync&quot;)" storage="c:\users\alena\desktop\7_sem\testing_and_debugging\skiresort\bl.tests\bin\debug\net6.0\bl.tests.dll" id="c36970dc-93f7-753e-fa47-157133b01644">
      <Execution id="3a3ac893-0311-42c5-9702-6dfe0469a3da" />
      <TestMethod codeBase="C:\Users\alena\Desktop\7_sem\testing_and_debugging\SkiResort\BL.Tests\bin\Debug\net6.0\BL.Tests.dll" adapterTypeName="executor://xunit/VsTestRunner2/netcoreapp" className="BL.Tests.CheckPermissionsServiceTests" name="SkiPatrolHasAccessToAdminSkiPatrolFunctions" />
    </UnitTest>
    <UnitTest name="BL.Tests.CheckPermissionsServiceTests.AdminHasAccessToAllFunctions" storage="c:\users\alena\desktop\7_sem\testing_and_debugging\skiresort\bl.tests\bin\debug\net6.0\bl.tests.dll" id="f3efc418-a8a6-c7b7-9bac-90b33aa8472f">
      <Execution id="cd113f72-9365-4c19-866e-369131ed617d" />
      <TestMethod codeBase="C:\Users\alena\Desktop\7_sem\testing_and_debugging\SkiResort\BL.Tests\bin\Debug\net6.0\BL.Tests.dll" adapterTypeName="executor://xunit/VsTestRunner2/netcoreapp" className="BL.Tests.CheckPermissionsServiceTests" name="AdminHasAccessToAllFunctions" />
    </UnitTest>
    <UnitTest name="BL.Tests.UsersServiceTests.TestRegisterUserWithNoPassword" storage="c:\users\alena\desktop\7_sem\testing_and_debugging\skiresort\bl.tests\bin\debug\net6.0\bl.tests.dll" id="f44a1b21-8efc-bfac-63b4-d534442def31">
      <Execution id="27746286-2d12-429e-99fb-44afdb915214" />
      <TestMethod codeBase="C:\Users\alena\Desktop\7_sem\testing_and_debugging\SkiResort\BL.Tests\bin\Debug\net6.0\BL.Tests.dll" adapterTypeName="executor://xunit/VsTestRunner2/netcoreapp" className="BL.Tests.UsersServiceTests" name="TestRegisterUserWithNoPassword" />
    </UnitTest>
    <UnitTest name="BL.Tests.UsersServiceTests.TestAdminGetUserByIDAsync" storage="c:\users\alena\desktop\7_sem\testing_and_debugging\skiresort\bl.tests\bin\debug\net6.0\bl.tests.dll" id="e5497347-2721-b7a6-0bd4-69a9921f6947">
      <Execution id="b561b7e9-80db-4527-8be4-0969df492a7c" />
      <TestMethod codeBase="C:\Users\alena\Desktop\7_sem\testing_and_debugging\SkiResort\BL.Tests\bin\Debug\net6.0\BL.Tests.dll" adapterTypeName="executor://xunit/VsTestRunner2/netcoreapp" className="BL.Tests.UsersServiceTests" name="TestAdminGetUserByIDAsync" />
    </UnitTest>
    <UnitTest name="BL.Tests.SlopesServiceTest.TestUpdateSlopeInfoAsync(userID: 166, slope: Slope { SlopeID = 116, SlopeName = slopeNamed23feb30-417c-4ba0-8707-54eaa7d20b8d, IsOpen = True, DifficultyLevel = 18, ConnectedLifts =  }, checkPermissionServiceMock: Mock&lt;ICheckPermissionService:8&gt;, slopesRepositoryStub: Mock&lt;ISlopesRepository:6&gt;, sut: SlopesService { })" storage="c:\users\alena\desktop\7_sem\testing_and_debugging\skiresort\bl.tests\bin\debug\net6.0\bl.tests.dll" id="56500506-f224-2b2b-d598-d479e53432c4">
      <Execution id="17ba2d95-46b7-4880-ae11-a2a1a08928a0" />
      <TestMethod codeBase="C:\Users\alena\Desktop\7_sem\testing_and_debugging\SkiResort\BL.Tests\bin\Debug\net6.0\BL.Tests.dll" adapterTypeName="executor://xunit/VsTestRunner2/netcoreapp" className="BL.Tests.SlopesServiceTest" name="TestUpdateSlopeInfoAsync" />
    </UnitTest>
    <UnitTest name="BL.Tests.LiftsServiceTest.TestGetLiftsInfoAsync(userID: 148, initialLifts: [Lift { LiftID = 88, LiftName = liftName64fbc31f-8fd5-4001-9220-aa715b80584d, IsOpen = True, SeatsAmount = 31, LiftingTime = 160, QueueTime = 149, ConnectedSlopes =  }, Lift { LiftID = 197, LiftName = liftName055a740f-7869-4f60-9d6a-ff3dcc11f593, IsOpen = False, SeatsAmount = 85, LiftingTime = 246, QueueTime = 82, ConnectedSlopes =  }, Lift { LiftID = 163, LiftName =..." storage="c:\users\alena\desktop\7_sem\testing_and_debugging\skiresort\bl.tests\bin\debug\net6.0\bl.tests.dll" id="354c6a14-82c5-0fcf-fce5-3c69619f5f6b">
      <Execution id="3b41b662-3b51-40cf-8ff7-36377371cb9d" />
      <TestMethod codeBase="C:\Users\alena\Desktop\7_sem\testing_and_debugging\SkiResort\BL.Tests\bin\Debug\net6.0\BL.Tests.dll" adapterTypeName="executor://xunit/VsTestRunner2/netcoreapp" className="BL.Tests.LiftsServiceTest" name="TestGetLiftsInfoAsync" />
    </UnitTest>
    <UnitTest name="BL.Tests.UsersServiceTests.TestAdminAddAutoIncrementUser" storage="c:\users\alena\desktop\7_sem\testing_and_debugging\skiresort\bl.tests\bin\debug\net6.0\bl.tests.dll" id="834c739b-eca4-b36d-6a66-5a1bd75377b8">
      <Execution id="cee3306f-e23e-44ae-949f-9390a821bd0b" />
      <TestMethod codeBase="C:\Users\alena\Desktop\7_sem\testing_and_debugging\SkiResort\BL.Tests\bin\Debug\net6.0\BL.Tests.dll" adapterTypeName="executor://xunit/VsTestRunner2/netcoreapp" className="BL.Tests.UsersServiceTests" name="TestAdminAddAutoIncrementUser" />
    </UnitTest>
    <UnitTest name="BL.Tests.CheckPermissionsServiceTests.UnauthorizedHasNoAccessToAdminSkiPatrolFunctions(functionName: &quot;GetLiftsSlopesInfoAsync&quot;)" storage="c:\users\alena\desktop\7_sem\testing_and_debugging\skiresort\bl.tests\bin\debug\net6.0\bl.tests.dll" id="387c9729-48c1-486e-5e67-f5d11a9f0db8">
      <Execution id="a3c5af2c-c8be-4b6b-a75d-543c858079c1" />
      <TestMethod codeBase="C:\Users\alena\Desktop\7_sem\testing_and_debugging\SkiResort\BL.Tests\bin\Debug\net6.0\BL.Tests.dll" adapterTypeName="executor://xunit/VsTestRunner2/netcoreapp" className="BL.Tests.CheckPermissionsServiceTests" name="UnauthorizedHasNoAccessToAdminSkiPatrolFunctions" />
    </UnitTest>
    <UnitTest name="BL.Tests.LiftsServiceTest.TestUpdateLiftInfoAsync(userID: 26, lift: Lift { LiftID = 87, LiftName = liftName7272ab0d-d373-4c68-84eb-47a0c2d11796, IsOpen = True, SeatsAmount = 51, LiftingTime = 229, QueueTime = 86, ConnectedSlopes =  }, checkPermissionServiceMock: Mock&lt;ICheckPermissionService:3&gt;, liftsRepositoryStub: Mock&lt;ILiftsRepository:3&gt;, sut: LiftsService { })" storage="c:\users\alena\desktop\7_sem\testing_and_debugging\skiresort\bl.tests\bin\debug\net6.0\bl.tests.dll" id="86bc0409-a5d2-93c4-d8cd-dcdb9f467cc7">
      <Execution id="f9e8c29b-41f1-4e94-a76c-6ec62f57bb1a" />
      <TestMethod codeBase="C:\Users\alena\Desktop\7_sem\testing_and_debugging\SkiResort\BL.Tests\bin\Debug\net6.0\BL.Tests.dll" adapterTypeName="executor://xunit/VsTestRunner2/netcoreapp" className="BL.Tests.LiftsServiceTest" name="TestUpdateLiftInfoAsync" />
    </UnitTest>
    <UnitTest name="BL.Tests.CheckPermissionsServiceTests.SkiPatrolHasAccessToAdminSkiPatrolFunctions(functionName: &quot;MarkMessageReadByUserAsync&quot;)" storage="c:\users\alena\desktop\7_sem\testing_and_debugging\skiresort\bl.tests\bin\debug\net6.0\bl.tests.dll" id="60bd668f-04df-da5e-b79b-5d9aedb5234d">
      <Execution id="0561353b-7bfb-4fd8-b3d7-e62e98b7056a" />
      <TestMethod codeBase="C:\Users\alena\Desktop\7_sem\testing_and_debugging\SkiResort\BL.Tests\bin\Debug\net6.0\BL.Tests.dll" adapterTypeName="executor://xunit/VsTestRunner2/netcoreapp" className="BL.Tests.CheckPermissionsServiceTests" name="SkiPatrolHasAccessToAdminSkiPatrolFunctions" />
    </UnitTest>
    <UnitTest name="BL.Tests.CheckPermissionsServiceTests.UnauthorizedHasNoAccessToAdminFunctions" storage="c:\users\alena\desktop\7_sem\testing_and_debugging\skiresort\bl.tests\bin\debug\net6.0\bl.tests.dll" id="e2d7e5be-3dae-33ae-fb17-c704b6fd58d6">
      <Execution id="edab34fe-ef57-426d-9d9b-fe17695eadfb" />
      <TestMethod codeBase="C:\Users\alena\Desktop\7_sem\testing_and_debugging\SkiResort\BL.Tests\bin\Debug\net6.0\BL.Tests.dll" adapterTypeName="executor://xunit/VsTestRunner2/netcoreapp" className="BL.Tests.CheckPermissionsServiceTests" name="UnauthorizedHasNoAccessToAdminFunctions" />
    </UnitTest>
    <UnitTest name="BL.Tests.UsersServiceTests.TestLogInWithWrongPassword" storage="c:\users\alena\desktop\7_sem\testing_and_debugging\skiresort\bl.tests\bin\debug\net6.0\bl.tests.dll" id="69340bb6-3645-f9dd-971e-29d8b2a009bb">
      <Execution id="8b619656-dfe9-4116-97b5-d946cead5420" />
      <TestMethod codeBase="C:\Users\alena\Desktop\7_sem\testing_and_debugging\SkiResort\BL.Tests\bin\Debug\net6.0\BL.Tests.dll" adapterTypeName="executor://xunit/VsTestRunner2/netcoreapp" className="BL.Tests.UsersServiceTests" name="TestLogInWithWrongPassword" />
    </UnitTest>
    <UnitTest name="BL.Tests.CheckPermissionsServiceTests.SkiPatrolHasAccessToAdminSkiPatrolFunctions(functionName: &quot;GetLiftsSlopesInfoAsync&quot;)" storage="c:\users\alena\desktop\7_sem\testing_and_debugging\skiresort\bl.tests\bin\debug\net6.0\bl.tests.dll" id="2d706594-f2b3-b3c8-21d4-86c9798c3306">
      <Execution id="0fd14b0b-0d5c-4984-b008-366ea4585d2b" />
      <TestMethod codeBase="C:\Users\alena\Desktop\7_sem\testing_and_debugging\SkiResort\BL.Tests\bin\Debug\net6.0\BL.Tests.dll" adapterTypeName="executor://xunit/VsTestRunner2/netcoreapp" className="BL.Tests.CheckPermissionsServiceTests" name="SkiPatrolHasAccessToAdminSkiPatrolFunctions" />
    </UnitTest>
    <UnitTest name="BL.Tests.CheckPermissionsServiceTests.SkiPatrolHasNoAccessToAdminFunctions" storage="c:\users\alena\desktop\7_sem\testing_and_debugging\skiresort\bl.tests\bin\debug\net6.0\bl.tests.dll" id="492c0393-35b4-df26-a537-21ca08302f3c">
      <Execution id="57113d50-428b-48b4-934a-698a50a8f775" />
      <TestMethod codeBase="C:\Users\alena\Desktop\7_sem\testing_and_debugging\SkiResort\BL.Tests\bin\Debug\net6.0\BL.Tests.dll" adapterTypeName="executor://xunit/VsTestRunner2/netcoreapp" className="BL.Tests.CheckPermissionsServiceTests" name="SkiPatrolHasNoAccessToAdminFunctions" />
    </UnitTest>
    <UnitTest name="BL.Tests.SlopesServiceTest.TestAdminAddAutoIncrementSlopeAsync(userID: 133, slope: Slope { SlopeID = 131, SlopeName = slopeName61a4be67-b05c-4a05-b84b-30af38076341, IsOpen = True, DifficultyLevel = 136, ConnectedLifts =  }, checkPermissionServiceMock: Mock&lt;ICheckPermissionService:10&gt;, slopesRepositoryStub: Mock&lt;ISlopesRepository:8&gt;, sut: SlopesService { })" storage="c:\users\alena\desktop\7_sem\testing_and_debugging\skiresort\bl.tests\bin\debug\net6.0\bl.tests.dll" id="b2ce632d-a654-185f-1a75-32df9948cdf7">
      <Execution id="29d307dd-984e-4b62-b6d6-0e4e8fd08b41" />
      <TestMethod codeBase="C:\Users\alena\Desktop\7_sem\testing_and_debugging\SkiResort\BL.Tests\bin\Debug\net6.0\BL.Tests.dll" adapterTypeName="executor://xunit/VsTestRunner2/netcoreapp" className="BL.Tests.SlopesServiceTest" name="TestAdminAddAutoIncrementSlopeAsync" />
    </UnitTest>
    <UnitTest name="BL.Tests.SlopesServiceTest.TestGetSlopesInfoAsync(userID: 184, initialSlopes: [Slope { SlopeID = 254, SlopeName = slopeNamefe7c9bc0-6062-49a5-a0db-1b7ef14bd277, IsOpen = True, DifficultyLevel = 230, ConnectedLifts =  }, Slope { SlopeID = 185, SlopeName = slopeName114b3063-c356-4b49-ae73-144d0b20811d, IsOpen = False, DifficultyLevel = 108, ConnectedLifts =  }, Slope { SlopeID = 178, SlopeName = slopeNamefb4c04c2-9005-49ab-8289-725e00b20f7a, ..." storage="c:\users\alena\desktop\7_sem\testing_and_debugging\skiresort\bl.tests\bin\debug\net6.0\bl.tests.dll" id="16f86297-da7d-63fa-c4fb-31391397a3fd">
      <Execution id="d080323f-49f8-498b-bd15-3271bd9b7db3" />
      <TestMethod codeBase="C:\Users\alena\Desktop\7_sem\testing_and_debugging\SkiResort\BL.Tests\bin\Debug\net6.0\BL.Tests.dll" adapterTypeName="executor://xunit/VsTestRunner2/netcoreapp" className="BL.Tests.SlopesServiceTest" name="TestGetSlopesInfoAsync" />
    </UnitTest>
    <UnitTest name="BL.Tests.TurnstilesServiceTest.TestAdminGetTurnstilesAsync(userID: 217, initialTurnstiles: [Turnstile { TurnstileID = 105, LiftID = 80, IsOpen = True }, Turnstile { TurnstileID = 75, LiftID = 230, IsOpen = False }, Turnstile { TurnstileID = 3, LiftID = 61, IsOpen = True }], checkPermissionServiceMock: Mock&lt;ICheckPermissionService:13&gt;, turnstilesRepositoryStub: Mock&lt;ITurnstilesRepository:7&gt;, sut: TurnstilesService { })" storage="c:\users\alena\desktop\7_sem\testing_and_debugging\skiresort\bl.tests\bin\debug\net6.0\bl.tests.dll" id="df8d1e65-88a0-3c1d-df7a-8cd65a3de163">
      <Execution id="a0680190-d434-42ad-9997-5d68abbf47c5" />
      <TestMethod codeBase="C:\Users\alena\Desktop\7_sem\testing_and_debugging\SkiResort\BL.Tests\bin\Debug\net6.0\BL.Tests.dll" adapterTypeName="executor://xunit/VsTestRunner2/netcoreapp" className="BL.Tests.TurnstilesServiceTest" name="TestAdminGetTurnstilesAsync" />
    </UnitTest>
    <UnitTest name="BL.Tests.UsersServiceTests.TestAdminDeleteUser" storage="c:\users\alena\desktop\7_sem\testing_and_debugging\skiresort\bl.tests\bin\debug\net6.0\bl.tests.dll" id="18fa8c62-e27d-e1fc-8182-4d7db62b008d">
      <Execution id="dbf947cc-bb9f-42a8-aece-6b9ac3ea582b" />
      <TestMethod codeBase="C:\Users\alena\Desktop\7_sem\testing_and_debugging\SkiResort\BL.Tests\bin\Debug\net6.0\BL.Tests.dll" adapterTypeName="executor://xunit/VsTestRunner2/netcoreapp" className="BL.Tests.UsersServiceTests" name="TestAdminDeleteUser" />
    </UnitTest>
    <UnitTest name="BL.Tests.CheckPermissionsServiceTests.AuthorizedHasAccessToAuthorizedFunctions(functionName: &quot;LogOutAsync&quot;)" storage="c:\users\alena\desktop\7_sem\testing_and_debugging\skiresort\bl.tests\bin\debug\net6.0\bl.tests.dll" id="aa28a6b3-21d3-aa45-24d3-bef2facbc899">
      <Execution id="b40b6380-f507-42b8-af37-73b4051ae7f2" />
      <TestMethod codeBase="C:\Users\alena\Desktop\7_sem\testing_and_debugging\SkiResort\BL.Tests\bin\Debug\net6.0\BL.Tests.dll" adapterTypeName="executor://xunit/VsTestRunner2/netcoreapp" className="BL.Tests.CheckPermissionsServiceTests" name="AuthorizedHasAccessToAuthorizedFunctions" />
    </UnitTest>
    <UnitTest name="BL.Tests.LiftsServiceTest.TestGetLiftInfoAsync(userID: 235, lift: Lift { LiftID = 78, LiftName = liftName06f8d9ce-2676-4dd3-a2a6-df8fcdefea83, IsOpen = True, SeatsAmount = 63, LiftingTime = 208, QueueTime = 93, ConnectedSlopes =  }, checkPermissionServiceMock: Mock&lt;ICheckPermissionService:1&gt;, liftsRepositoryStub: Mock&lt;ILiftsRepository:1&gt;, liftsSlopesRepositoryStub: Mock&lt;ILiftsSlopesRepository:1&gt;, sut: LiftsService { })" storage="c:\users\alena\desktop\7_sem\testing_and_debugging\skiresort\bl.tests\bin\debug\net6.0\bl.tests.dll" id="dad0b8a2-fc5c-e836-5c42-360ad6c00ae7">
      <Execution id="e704883e-5491-45a8-aef8-9631638656f0" />
      <TestMethod codeBase="C:\Users\alena\Desktop\7_sem\testing_and_debugging\SkiResort\BL.Tests\bin\Debug\net6.0\BL.Tests.dll" adapterTypeName="executor://xunit/VsTestRunner2/netcoreapp" className="BL.Tests.LiftsServiceTest" name="TestGetLiftInfoAsync" />
    </UnitTest>
    <UnitTest name="BL.Tests.UsersServiceTests.TestAdminUpdateUser" storage="c:\users\alena\desktop\7_sem\testing_and_debugging\skiresort\bl.tests\bin\debug\net6.0\bl.tests.dll" id="06d0bc3a-24a0-fb7f-4277-e9ae6d21c7dd">
      <Execution id="80d42456-06da-4bad-bae3-fb98ed28c475" />
      <TestMethod codeBase="C:\Users\alena\Desktop\7_sem\testing_and_debugging\SkiResort\BL.Tests\bin\Debug\net6.0\BL.Tests.dll" adapterTypeName="executor://xunit/VsTestRunner2/netcoreapp" className="BL.Tests.UsersServiceTests" name="TestAdminUpdateUser" />
    </UnitTest>
    <UnitTest name="BL.Tests.LiftsServiceTest.TestAdminDeleteLiftAsync(userID: 185, lift: Lift { LiftID = 195, LiftName = liftName72df6856-ce85-42ec-99bf-5858fd72d864, IsOpen = True, SeatsAmount = 215, LiftingTime = 71, QueueTime = 210, ConnectedSlopes =  }, checkPermissionServiceMock: Mock&lt;ICheckPermissionService:4&gt;, liftsRepositoryStub: Mock&lt;ILiftsRepository:4&gt;, liftsSlopesRepositoryStub: Mock&lt;ILiftsSlopesRepository:4&gt;, sut: LiftsService { })" storage="c:\users\alena\desktop\7_sem\testing_and_debugging\skiresort\bl.tests\bin\debug\net6.0\bl.tests.dll" id="caf0144a-029e-c15e-0ffd-11e6b10a98b0">
      <Execution id="1040289a-fe52-431e-842e-02182ad45877" />
      <TestMethod codeBase="C:\Users\alena\Desktop\7_sem\testing_and_debugging\SkiResort\BL.Tests\bin\Debug\net6.0\BL.Tests.dll" adapterTypeName="executor://xunit/VsTestRunner2/netcoreapp" className="BL.Tests.LiftsServiceTest" name="TestAdminDeleteLiftAsync" />
    </UnitTest>
    <UnitTest name="BL.Tests.UsersServiceTests.TestLogInOk" storage="c:\users\alena\desktop\7_sem\testing_and_debugging\skiresort\bl.tests\bin\debug\net6.0\bl.tests.dll" id="1ca07ad8-f799-c5d4-e7cc-34fd950198a2">
      <Execution id="9c74de3e-894d-4381-b835-b452fccf67e2" />
      <TestMethod codeBase="C:\Users\alena\Desktop\7_sem\testing_and_debugging\SkiResort\BL.Tests\bin\Debug\net6.0\BL.Tests.dll" adapterTypeName="executor://xunit/VsTestRunner2/netcoreapp" className="BL.Tests.UsersServiceTests" name="TestLogInOk" />
    </UnitTest>
    <UnitTest name="BL.Tests.UsersServiceTests.TestAdminGetUsers" storage="c:\users\alena\desktop\7_sem\testing_and_debugging\skiresort\bl.tests\bin\debug\net6.0\bl.tests.dll" id="20ad8570-0170-85de-dcd7-2f109dd7bcd6">
      <Execution id="ce7c2412-21e6-4292-8ba0-7e1e9c09605a" />
      <TestMethod codeBase="C:\Users\alena\Desktop\7_sem\testing_and_debugging\SkiResort\BL.Tests\bin\Debug\net6.0\BL.Tests.dll" adapterTypeName="executor://xunit/VsTestRunner2/netcoreapp" className="BL.Tests.UsersServiceTests" name="TestAdminGetUsers" />
    </UnitTest>
    <UnitTest name="BL.Tests.CheckPermissionsServiceTests.UnauthorizedHasNoAccessToAdminSkiPatrolFunctions(functionName: &quot;GetMessagesAsync&quot;)" storage="c:\users\alena\desktop\7_sem\testing_and_debugging\skiresort\bl.tests\bin\debug\net6.0\bl.tests.dll" id="229812f5-9a73-5335-11f5-31330d1348a5">
      <Execution id="5b9fdd93-cc08-49fb-b55f-53dee945fe98" />
      <TestMethod codeBase="C:\Users\alena\Desktop\7_sem\testing_and_debugging\SkiResort\BL.Tests\bin\Debug\net6.0\BL.Tests.dll" adapterTypeName="executor://xunit/VsTestRunner2/netcoreapp" className="BL.Tests.CheckPermissionsServiceTests" name="UnauthorizedHasNoAccessToAdminSkiPatrolFunctions" />
    </UnitTest>
    <UnitTest name="BL.Tests.TurnstilesServiceTest.TestAdminDeleteTurnstileAsync(userID: 48, turnstile: Turnstile { TurnstileID = 233, LiftID = 73, IsOpen = True }, checkPermissionServiceMock: Mock&lt;ICheckPermissionService:15&gt;, turnstilesRepositoryStub: Mock&lt;ITurnstilesRepository:9&gt;, sut: TurnstilesService { })" storage="c:\users\alena\desktop\7_sem\testing_and_debugging\skiresort\bl.tests\bin\debug\net6.0\bl.tests.dll" id="cecc757b-806d-a164-3a9b-603a0cf74d8f">
      <Execution id="908a22dc-a0c1-4b77-a4e7-ee427e6709aa" />
      <TestMethod codeBase="C:\Users\alena\Desktop\7_sem\testing_and_debugging\SkiResort\BL.Tests\bin\Debug\net6.0\BL.Tests.dll" adapterTypeName="executor://xunit/VsTestRunner2/netcoreapp" className="BL.Tests.TurnstilesServiceTest" name="TestAdminDeleteTurnstileAsync" />
    </UnitTest>
    <UnitTest name="BL.Tests.LiftsSlopesServiceTests.TestGetLiftsSlopesInfoAsync(liftsSlopes: [LiftSlope { RecordID = 118, LiftID = 94, SlopeID = 6 }, LiftSlope { RecordID = 205, LiftID = 52, SlopeID = 2 }, LiftSlope { RecordID = 34, LiftID = 110, SlopeID = 239 }], slopesRepositoryStub: Mock&lt;ISlopesRepository:1&gt;, liftsRepositoryStub: Mock&lt;ILiftsRepository:6&gt;, liftsSlopesRepositoryStub: Mock&lt;ILiftsSlopesRepository:6&gt;)" storage="c:\users\alena\desktop\7_sem\testing_and_debugging\skiresort\bl.tests\bin\debug\net6.0\bl.tests.dll" id="39be9b5e-0bc4-57dc-37d3-aec6b520299d">
      <Execution id="4f1b2c55-bcc5-4c39-b5bd-8b86c99a6a44" />
      <TestMethod codeBase="C:\Users\alena\Desktop\7_sem\testing_and_debugging\SkiResort\BL.Tests\bin\Debug\net6.0\BL.Tests.dll" adapterTypeName="executor://xunit/VsTestRunner2/netcoreapp" className="BL.Tests.LiftsSlopesServiceTests" name="TestGetLiftsSlopesInfoAsync" />
    </UnitTest>
    <UnitTest name="BL.Tests.TurnstilesServiceTest.TestAdminAddAutoIncrementTurnstileAsync(userID: 86, turnstile: Turnstile { TurnstileID = 118, LiftID = 136, IsOpen = True }, checkPermissionServiceMock: Mock&lt;ICheckPermissionService:16&gt;, turnstilesRepositoryStub: Mock&lt;ITurnstilesRepository:10&gt;, sut: TurnstilesService { })" storage="c:\users\alena\desktop\7_sem\testing_and_debugging\skiresort\bl.tests\bin\debug\net6.0\bl.tests.dll" id="53b41627-f124-ee04-526c-bf5558913b15">
      <Execution id="6aedfce0-a350-4f99-8eb9-0715fdc46f32" />
      <TestMethod codeBase="C:\Users\alena\Desktop\7_sem\testing_and_debugging\SkiResort\BL.Tests\bin\Debug\net6.0\BL.Tests.dll" adapterTypeName="executor://xunit/VsTestRunner2/netcoreapp" className="BL.Tests.TurnstilesServiceTest" name="TestAdminAddAutoIncrementTurnstileAsync" />
    </UnitTest>
    <UnitTest name="BL.Tests.TurnstilesServiceTest.TestAdminUpdateTurnstileAsync(userID: 18, turnstile: Turnstile { TurnstileID = 21, LiftID = 38, IsOpen = True }, checkPermissionServiceMock: Mock&lt;ICheckPermissionService:14&gt;, turnstilesRepositoryStub: Mock&lt;ITurnstilesRepository:8&gt;, sut: TurnstilesService { })" storage="c:\users\alena\desktop\7_sem\testing_and_debugging\skiresort\bl.tests\bin\debug\net6.0\bl.tests.dll" id="1b6108a7-3751-da24-4eec-efa9d048fdce">
      <Execution id="935fad29-6dcc-45a2-b410-8e2d490af943" />
      <TestMethod codeBase="C:\Users\alena\Desktop\7_sem\testing_and_debugging\SkiResort\BL.Tests\bin\Debug\net6.0\BL.Tests.dll" adapterTypeName="executor://xunit/VsTestRunner2/netcoreapp" className="BL.Tests.TurnstilesServiceTest" name="TestAdminUpdateTurnstileAsync" />
    </UnitTest>
    <UnitTest name="BL.Tests.CheckPermissionsServiceTests.AuthorizedHasNoAccessToAdminSkiPatrolFunctions(functionName: &quot;GetLiftsSlopesInfoAsync&quot;)" storage="c:\users\alena\desktop\7_sem\testing_and_debugging\skiresort\bl.tests\bin\debug\net6.0\bl.tests.dll" id="4f297306-d4f3-8d63-e7f4-1ac0b8c58c74">
      <Execution id="1a1ba961-7e5d-402e-a2c5-d139bfd61888" />
      <TestMethod codeBase="C:\Users\alena\Desktop\7_sem\testing_and_debugging\SkiResort\BL.Tests\bin\Debug\net6.0\BL.Tests.dll" adapterTypeName="executor://xunit/VsTestRunner2/netcoreapp" className="BL.Tests.CheckPermissionsServiceTests" name="AuthorizedHasNoAccessToAdminSkiPatrolFunctions" />
    </UnitTest>
    <UnitTest name="BL.Tests.SlopesServiceTest.TestGetSlopeInfoAsync(userID: 64, slope: Slope { SlopeID = 215, SlopeName = slopeName29fb90c9-a993-47bb-ac82-0e05542edd16, IsOpen = True, DifficultyLevel = 109, ConnectedLifts =  }, checkPermissionServiceMock: Mock&lt;ICheckPermissionService:6&gt;, slopesRepositoryStub: Mock&lt;ISlopesRepository:4&gt;, liftsSlopesRepositoryStub: Mock&lt;ILiftsSlopesRepository:9&gt;, sut: SlopesService { })" storage="c:\users\alena\desktop\7_sem\testing_and_debugging\skiresort\bl.tests\bin\debug\net6.0\bl.tests.dll" id="95903878-7a7f-2f92-a4b5-f4b0fef7def4">
      <Execution id="c12cb810-1b1c-4a32-9da8-0eb09738c565" />
      <TestMethod codeBase="C:\Users\alena\Desktop\7_sem\testing_and_debugging\SkiResort\BL.Tests\bin\Debug\net6.0\BL.Tests.dll" adapterTypeName="executor://xunit/VsTestRunner2/netcoreapp" className="BL.Tests.SlopesServiceTest" name="TestGetSlopeInfoAsync" />
    </UnitTest>
    <UnitTest name="BL.Tests.TurnstilesServiceTest.TestAdminGetTurnstileAsync(userID: 97, turnstile: Turnstile { TurnstileID = 34, LiftID = 54, IsOpen = True }, checkPermissionServiceMock: Mock&lt;ICheckPermissionService:12&gt;, turnstilesRepositoryStub: Mock&lt;ITurnstilesRepository:6&gt;, sut: TurnstilesService { })" storage="c:\users\alena\desktop\7_sem\testing_and_debugging\skiresort\bl.tests\bin\debug\net6.0\bl.tests.dll" id="b09b7139-e2e1-8c94-2121-f9a772673254">
      <Execution id="8df7b4a3-7149-4b55-b5fa-f06ce603ec7b" />
      <TestMethod codeBase="C:\Users\alena\Desktop\7_sem\testing_and_debugging\SkiResort\BL.Tests\bin\Debug\net6.0\BL.Tests.dll" adapterTypeName="executor://xunit/VsTestRunner2/netcoreapp" className="BL.Tests.TurnstilesServiceTest" name="TestAdminGetTurnstileAsync" />
    </UnitTest>
    <UnitTest name="BL.Tests.UsersServiceTests.TestRegisterOk" storage="c:\users\alena\desktop\7_sem\testing_and_debugging\skiresort\bl.tests\bin\debug\net6.0\bl.tests.dll" id="0eeef75f-6e38-7893-a8fe-cff3e0a970a7">
      <Execution id="bf388e1b-4295-43c0-b422-9b79ca9e2730" />
      <TestMethod codeBase="C:\Users\alena\Desktop\7_sem\testing_and_debugging\SkiResort\BL.Tests\bin\Debug\net6.0\BL.Tests.dll" adapterTypeName="executor://xunit/VsTestRunner2/netcoreapp" className="BL.Tests.UsersServiceTests" name="TestRegisterOk" />
    </UnitTest>
    <UnitTest name="BL.Tests.SlopesServiceTest.TestAdminAddSlopeAsync(userID: 224, slope: Slope { SlopeID = 220, SlopeName = slopeNamefcd94992-f218-4c08-9b35-dc21c4780b2f, IsOpen = True, DifficultyLevel = 166, ConnectedLifts =  }, checkPermissionServiceMock: Mock&lt;ICheckPermissionService:11&gt;, slopesRepositoryStub: Mock&lt;ISlopesRepository:9&gt;, sut: SlopesService { })" storage="c:\users\alena\desktop\7_sem\testing_and_debugging\skiresort\bl.tests\bin\debug\net6.0\bl.tests.dll" id="d7b52ed2-6719-e1ae-7bd1-6ceedaa4e4b1">
      <Execution id="198eebe4-35ca-4b4c-8008-569994555408" />
      <TestMethod codeBase="C:\Users\alena\Desktop\7_sem\testing_and_debugging\SkiResort\BL.Tests\bin\Debug\net6.0\BL.Tests.dll" adapterTypeName="executor://xunit/VsTestRunner2/netcoreapp" className="BL.Tests.SlopesServiceTest" name="TestAdminAddSlopeAsync" />
    </UnitTest>
    <UnitTest name="BL.Tests.LiftsSlopesServiceTests.TestAdminDeleteLiftSlopeAsync(lift: Lift { LiftID = 48, LiftName = liftNameae6cb011-7c33-432a-8a0c-30e1967aff2a, IsOpen = True, SeatsAmount = 118, LiftingTime = 50, QueueTime = 195, ConnectedSlopes =  }, slope: Slope { SlopeID = 80, SlopeName = slopeName5d3d5c23-8046-4aa5-af32-92ea1ca6ef0c, IsOpen = False, DifficultyLevel = 246, ConnectedLifts =  }, slopesRepositoryStub: Mock&lt;ISlopesRepository:2&gt;, liftsRepos..." storage="c:\users\alena\desktop\7_sem\testing_and_debugging\skiresort\bl.tests\bin\debug\net6.0\bl.tests.dll" id="17f9cb89-e4c7-59bb-fe2a-8bef5c657b27">
      <Execution id="3d97a153-aedd-4be1-bba0-fcb013c8ff12" />
      <TestMethod codeBase="C:\Users\alena\Desktop\7_sem\testing_and_debugging\SkiResort\BL.Tests\bin\Debug\net6.0\BL.Tests.dll" adapterTypeName="executor://xunit/VsTestRunner2/netcoreapp" className="BL.Tests.LiftsSlopesServiceTests" name="TestAdminDeleteLiftSlopeAsync" />
    </UnitTest>
    <UnitTest name="BL.Tests.CheckPermissionsServiceTests.AuthorizedHasAccessToAuthorizedFunctions(functionName: &quot;SendMessageAsync&quot;)" storage="c:\users\alena\desktop\7_sem\testing_and_debugging\skiresort\bl.tests\bin\debug\net6.0\bl.tests.dll" id="644ec43e-70cd-c82d-42e7-0d990be1414d">
      <Execution id="16dd16d0-28a9-44b7-9ca5-ff6bee09ba0d" />
      <TestMethod codeBase="C:\Users\alena\Desktop\7_sem\testing_and_debugging\SkiResort\BL.Tests\bin\Debug\net6.0\BL.Tests.dll" adapterTypeName="executor://xunit/VsTestRunner2/netcoreapp" className="BL.Tests.CheckPermissionsServiceTests" name="AuthorizedHasAccessToAuthorizedFunctions" />
    </UnitTest>
    <UnitTest name="BL.Tests.CheckPermissionsServiceTests.UnauthorizedHasNoAccessToAuthorizedFunctions(functionName: &quot;LogOutAsync&quot;)" storage="c:\users\alena\desktop\7_sem\testing_and_debugging\skiresort\bl.tests\bin\debug\net6.0\bl.tests.dll" id="fa960c5e-f989-2880-784e-8efe538c5231">
      <Execution id="465a4fcb-f108-4185-bc40-37fec5a89adc" />
      <TestMethod codeBase="C:\Users\alena\Desktop\7_sem\testing_and_debugging\SkiResort\BL.Tests\bin\Debug\net6.0\BL.Tests.dll" adapterTypeName="executor://xunit/VsTestRunner2/netcoreapp" className="BL.Tests.CheckPermissionsServiceTests" name="UnauthorizedHasNoAccessToAuthorizedFunctions" />
    </UnitTest>
    <UnitTest name="BL.Tests.CheckPermissionsServiceTests.UnauthorizedHasNoAccessToAuthorizedFunctions(functionName: &quot;SendMessageAsync&quot;)" storage="c:\users\alena\desktop\7_sem\testing_and_debugging\skiresort\bl.tests\bin\debug\net6.0\bl.tests.dll" id="eaabd2fc-2f4b-5689-59c8-c7ad34a8f634">
      <Execution id="4da05801-b201-4426-8072-7dd85497cb92" />
      <TestMethod codeBase="C:\Users\alena\Desktop\7_sem\testing_and_debugging\SkiResort\BL.Tests\bin\Debug\net6.0\BL.Tests.dll" adapterTypeName="executor://xunit/VsTestRunner2/netcoreapp" className="BL.Tests.CheckPermissionsServiceTests" name="UnauthorizedHasNoAccessToAuthorizedFunctions" />
    </UnitTest>
    <UnitTest name="BL.Tests.UsersServiceTests.TestRegisterUserWithRepeatedEmail" storage="c:\users\alena\desktop\7_sem\testing_and_debugging\skiresort\bl.tests\bin\debug\net6.0\bl.tests.dll" id="894941c1-bfa7-d8f9-c047-1e1ceefe2c2f">
      <Execution id="d351e67b-b1af-4fa4-9dce-2dc91419fde3" />
      <TestMethod codeBase="C:\Users\alena\Desktop\7_sem\testing_and_debugging\SkiResort\BL.Tests\bin\Debug\net6.0\BL.Tests.dll" adapterTypeName="executor://xunit/VsTestRunner2/netcoreapp" className="BL.Tests.UsersServiceTests" name="TestRegisterUserWithRepeatedEmail" />
    </UnitTest>
    <UnitTest name="BL.Tests.SlopesServiceTest.TestAdminDeleteSlopeAsync(userID: 67, slope: Slope { SlopeID = 39, SlopeName = slopeName08273c6a-ece7-4602-94f7-e88310a8e9ec, IsOpen = True, DifficultyLevel = 134, ConnectedLifts =  }, checkPermissionServiceMock: Mock&lt;ICheckPermissionService:9&gt;, slopesRepositoryStub: Mock&lt;ISlopesRepository:7&gt;, liftsSlopesRepositoryStub: Mock&lt;ILiftsSlopesRepository:12&gt;, sut: SlopesService { })" storage="c:\users\alena\desktop\7_sem\testing_and_debugging\skiresort\bl.tests\bin\debug\net6.0\bl.tests.dll" id="1af6a672-7ae1-5acb-3255-5651240cad63">
      <Execution id="0f064a73-82ed-4c07-a4ea-c4fb3646755d" />
      <TestMethod codeBase="C:\Users\alena\Desktop\7_sem\testing_and_debugging\SkiResort\BL.Tests\bin\Debug\net6.0\BL.Tests.dll" adapterTypeName="executor://xunit/VsTestRunner2/netcoreapp" className="BL.Tests.SlopesServiceTest" name="TestAdminDeleteSlopeAsync" />
    </UnitTest>
    <UnitTest name="BL.Tests.LiftsSlopesServiceTests.TestAdminAddAutoIncrementLiftSlopeAsync(lift: Lift { LiftID = 162, LiftName = liftName5dec0f14-3f62-479b-b521-1a4125f63819, IsOpen = True, SeatsAmount = 1, LiftingTime = 238, QueueTime = 153, ConnectedSlopes =  }, slope: Slope { SlopeID = 221, SlopeName = slopeName4af09294-6c96-4d09-acde-b9245be3ea90, IsOpen = False, DifficultyLevel = 10, ConnectedLifts =  }, slopesRepositoryStub: Mock&lt;ISlopesRepository:3&gt;, ..." storage="c:\users\alena\desktop\7_sem\testing_and_debugging\skiresort\bl.tests\bin\debug\net6.0\bl.tests.dll" id="28a860d6-502e-8393-4c9e-fa60bd4ebedb">
      <Execution id="5ced6a83-f1b0-4a99-9b9c-f39fe687421d" />
      <TestMethod codeBase="C:\Users\alena\Desktop\7_sem\testing_and_debugging\SkiResort\BL.Tests\bin\Debug\net6.0\BL.Tests.dll" adapterTypeName="executor://xunit/VsTestRunner2/netcoreapp" className="BL.Tests.LiftsSlopesServiceTests" name="TestAdminAddAutoIncrementLiftSlopeAsync" />
    </UnitTest>
    <UnitTest name="BL.Tests.UsersServiceTests.TestRegisterUserWithNoEmail" storage="c:\users\alena\desktop\7_sem\testing_and_debugging\skiresort\bl.tests\bin\debug\net6.0\bl.tests.dll" id="8184bd30-991c-b78d-b4ec-99a485eac0dd">
      <Execution id="5cbd7c14-2d14-4747-8737-9c9b585769f8" />
      <TestMethod codeBase="C:\Users\alena\Desktop\7_sem\testing_and_debugging\SkiResort\BL.Tests\bin\Debug\net6.0\BL.Tests.dll" adapterTypeName="executor://xunit/VsTestRunner2/netcoreapp" className="BL.Tests.UsersServiceTests" name="TestRegisterUserWithNoEmail" />
    </UnitTest>
  </TestDefinitions>
  <TestEntries>
    <TestEntry testId="53b41627-f124-ee04-526c-bf5558913b15" executionId="6aedfce0-a350-4f99-8eb9-0715fdc46f32" testListId="8c84fa94-04c1-424b-9868-57a2d4851a1d" />
    <TestEntry testId="354c6a14-82c5-0fcf-fce5-3c69619f5f6b" executionId="3b41b662-3b51-40cf-8ff7-36377371cb9d" testListId="8c84fa94-04c1-424b-9868-57a2d4851a1d" />
    <TestEntry testId="834c739b-eca4-b36d-6a66-5a1bd75377b8" executionId="cee3306f-e23e-44ae-949f-9390a821bd0b" testListId="8c84fa94-04c1-424b-9868-57a2d4851a1d" />
    <TestEntry testId="b2ce632d-a654-185f-1a75-32df9948cdf7" executionId="29d307dd-984e-4b62-b6d6-0e4e8fd08b41" testListId="8c84fa94-04c1-424b-9868-57a2d4851a1d" />
    <TestEntry testId="18fa8c62-e27d-e1fc-8182-4d7db62b008d" executionId="dbf947cc-bb9f-42a8-aece-6b9ac3ea582b" testListId="8c84fa94-04c1-424b-9868-57a2d4851a1d" />
    <TestEntry testId="56500506-f224-2b2b-d598-d479e53432c4" executionId="17ba2d95-46b7-4880-ae11-a2a1a08928a0" testListId="8c84fa94-04c1-424b-9868-57a2d4851a1d" />
    <TestEntry testId="1b6108a7-3751-da24-4eec-efa9d048fdce" executionId="935fad29-6dcc-45a2-b410-8e2d490af943" testListId="8c84fa94-04c1-424b-9868-57a2d4851a1d" />
    <TestEntry testId="a89ea785-fddb-eeb8-353b-f68ed6bb3425" executionId="4fb0a9fc-48c0-4e96-be2c-d2fc12ea89e9" testListId="8c84fa94-04c1-424b-9868-57a2d4851a1d" />
    <TestEntry testId="a2e59116-cb53-1d70-9cb8-21c286516866" executionId="f092fa71-b47a-432b-857f-72ff8f96ff84" testListId="8c84fa94-04c1-424b-9868-57a2d4851a1d" />
    <TestEntry testId="86bc0409-a5d2-93c4-d8cd-dcdb9f467cc7" executionId="f9e8c29b-41f1-4e94-a76c-6ec62f57bb1a" testListId="8c84fa94-04c1-424b-9868-57a2d4851a1d" />
    <TestEntry testId="caf0144a-029e-c15e-0ffd-11e6b10a98b0" executionId="1040289a-fe52-431e-842e-02182ad45877" testListId="8c84fa94-04c1-424b-9868-57a2d4851a1d" />
    <TestEntry testId="d7b52ed2-6719-e1ae-7bd1-6ceedaa4e4b1" executionId="198eebe4-35ca-4b4c-8008-569994555408" testListId="8c84fa94-04c1-424b-9868-57a2d4851a1d" />
    <TestEntry testId="df8d1e65-88a0-3c1d-df7a-8cd65a3de163" executionId="a0680190-d434-42ad-9997-5d68abbf47c5" testListId="8c84fa94-04c1-424b-9868-57a2d4851a1d" />
    <TestEntry testId="16f86297-da7d-63fa-c4fb-31391397a3fd" executionId="d080323f-49f8-498b-bd15-3271bd9b7db3" testListId="8c84fa94-04c1-424b-9868-57a2d4851a1d" />
    <TestEntry testId="f44a1b21-8efc-bfac-63b4-d534442def31" executionId="27746286-2d12-429e-99fb-44afdb915214" testListId="8c84fa94-04c1-424b-9868-57a2d4851a1d" />
    <TestEntry testId="a19a5fcf-c5d2-7d44-5d7d-84403042f4e0" executionId="af59ac7a-5980-4933-af6e-1296d8c91dda" testListId="8c84fa94-04c1-424b-9868-57a2d4851a1d" />
    <TestEntry testId="1ca07ad8-f799-c5d4-e7cc-34fd950198a2" executionId="9c74de3e-894d-4381-b835-b452fccf67e2" testListId="8c84fa94-04c1-424b-9868-57a2d4851a1d" />
    <TestEntry testId="8184bd30-991c-b78d-b4ec-99a485eac0dd" executionId="5cbd7c14-2d14-4747-8737-9c9b585769f8" testListId="8c84fa94-04c1-424b-9868-57a2d4851a1d" />
    <TestEntry testId="69340bb6-3645-f9dd-971e-29d8b2a009bb" executionId="8b619656-dfe9-4116-97b5-d946cead5420" testListId="8c84fa94-04c1-424b-9868-57a2d4851a1d" />
    <TestEntry testId="28a860d6-502e-8393-4c9e-fa60bd4ebedb" executionId="5ced6a83-f1b0-4a99-9b9c-f39fe687421d" testListId="8c84fa94-04c1-424b-9868-57a2d4851a1d" />
    <TestEntry testId="644ec43e-70cd-c82d-42e7-0d990be1414d" executionId="16dd16d0-28a9-44b7-9ca5-ff6bee09ba0d" testListId="8c84fa94-04c1-424b-9868-57a2d4851a1d" />
    <TestEntry testId="dad0b8a2-fc5c-e836-5c42-360ad6c00ae7" executionId="e704883e-5491-45a8-aef8-9631638656f0" testListId="8c84fa94-04c1-424b-9868-57a2d4851a1d" />
    <TestEntry testId="2d706594-f2b3-b3c8-21d4-86c9798c3306" executionId="0fd14b0b-0d5c-4984-b008-366ea4585d2b" testListId="8c84fa94-04c1-424b-9868-57a2d4851a1d" />
    <TestEntry testId="229812f5-9a73-5335-11f5-31330d1348a5" executionId="5b9fdd93-cc08-49fb-b55f-53dee945fe98" testListId="8c84fa94-04c1-424b-9868-57a2d4851a1d" />
    <TestEntry testId="492c0393-35b4-df26-a537-21ca08302f3c" executionId="57113d50-428b-48b4-934a-698a50a8f775" testListId="8c84fa94-04c1-424b-9868-57a2d4851a1d" />
    <TestEntry testId="60bd668f-04df-da5e-b79b-5d9aedb5234d" executionId="0561353b-7bfb-4fd8-b3d7-e62e98b7056a" testListId="8c84fa94-04c1-424b-9868-57a2d4851a1d" />
    <TestEntry testId="95903878-7a7f-2f92-a4b5-f4b0fef7def4" executionId="c12cb810-1b1c-4a32-9da8-0eb09738c565" testListId="8c84fa94-04c1-424b-9868-57a2d4851a1d" />
    <TestEntry testId="fa960c5e-f989-2880-784e-8efe538c5231" executionId="465a4fcb-f108-4185-bc40-37fec5a89adc" testListId="8c84fa94-04c1-424b-9868-57a2d4851a1d" />
    <TestEntry testId="f3efc418-a8a6-c7b7-9bac-90b33aa8472f" executionId="cd113f72-9365-4c19-866e-369131ed617d" testListId="8c84fa94-04c1-424b-9868-57a2d4851a1d" />
    <TestEntry testId="2602613f-c8e2-a6d9-fcf7-5b27d4a770a6" executionId="9753960f-50b9-48aa-89c9-b0bd8179994c" testListId="8c84fa94-04c1-424b-9868-57a2d4851a1d" />
    <TestEntry testId="c36970dc-93f7-753e-fa47-157133b01644" executionId="3a3ac893-0311-42c5-9702-6dfe0469a3da" testListId="8c84fa94-04c1-424b-9868-57a2d4851a1d" />
    <TestEntry testId="9c7df5e2-1b23-ebea-889f-b78ca86b60ab" executionId="2f418e88-2f0a-4917-9977-9a3fab080942" testListId="8c84fa94-04c1-424b-9868-57a2d4851a1d" />
    <TestEntry testId="cecc757b-806d-a164-3a9b-603a0cf74d8f" executionId="908a22dc-a0c1-4b77-a4e7-ee427e6709aa" testListId="8c84fa94-04c1-424b-9868-57a2d4851a1d" />
    <TestEntry testId="4f297306-d4f3-8d63-e7f4-1ac0b8c58c74" executionId="1a1ba961-7e5d-402e-a2c5-d139bfd61888" testListId="8c84fa94-04c1-424b-9868-57a2d4851a1d" />
    <TestEntry testId="387c9729-48c1-486e-5e67-f5d11a9f0db8" executionId="a3c5af2c-c8be-4b6b-a75d-543c858079c1" testListId="8c84fa94-04c1-424b-9868-57a2d4851a1d" />
    <TestEntry testId="17f9cb89-e4c7-59bb-fe2a-8bef5c657b27" executionId="3d97a153-aedd-4be1-bba0-fcb013c8ff12" testListId="8c84fa94-04c1-424b-9868-57a2d4851a1d" />
    <TestEntry testId="894941c1-bfa7-d8f9-c047-1e1ceefe2c2f" executionId="d351e67b-b1af-4fa4-9dce-2dc91419fde3" testListId="8c84fa94-04c1-424b-9868-57a2d4851a1d" />
    <TestEntry testId="20ad8570-0170-85de-dcd7-2f109dd7bcd6" executionId="ce7c2412-21e6-4292-8ba0-7e1e9c09605a" testListId="8c84fa94-04c1-424b-9868-57a2d4851a1d" />
    <TestEntry testId="aa28a6b3-21d3-aa45-24d3-bef2facbc899" executionId="b40b6380-f507-42b8-af37-73b4051ae7f2" testListId="8c84fa94-04c1-424b-9868-57a2d4851a1d" />
    <TestEntry testId="0eeef75f-6e38-7893-a8fe-cff3e0a970a7" executionId="bf388e1b-4295-43c0-b422-9b79ca9e2730" testListId="8c84fa94-04c1-424b-9868-57a2d4851a1d" />
    <TestEntry testId="1af6a672-7ae1-5acb-3255-5651240cad63" executionId="0f064a73-82ed-4c07-a4ea-c4fb3646755d" testListId="8c84fa94-04c1-424b-9868-57a2d4851a1d" />
    <TestEntry testId="b09b7139-e2e1-8c94-2121-f9a772673254" executionId="8df7b4a3-7149-4b55-b5fa-f06ce603ec7b" testListId="8c84fa94-04c1-424b-9868-57a2d4851a1d" />
    <TestEntry testId="06d0bc3a-24a0-fb7f-4277-e9ae6d21c7dd" executionId="80d42456-06da-4bad-bae3-fb98ed28c475" testListId="8c84fa94-04c1-424b-9868-57a2d4851a1d" />
    <TestEntry testId="eaabd2fc-2f4b-5689-59c8-c7ad34a8f634" executionId="4da05801-b201-4426-8072-7dd85497cb92" testListId="8c84fa94-04c1-424b-9868-57a2d4851a1d" />
    <TestEntry testId="39be9b5e-0bc4-57dc-37d3-aec6b520299d" executionId="4f1b2c55-bcc5-4c39-b5bd-8b86c99a6a44" testListId="8c84fa94-04c1-424b-9868-57a2d4851a1d" />
    <TestEntry testId="e2d7e5be-3dae-33ae-fb17-c704b6fd58d6" executionId="edab34fe-ef57-426d-9d9b-fe17695eadfb" testListId="8c84fa94-04c1-424b-9868-57a2d4851a1d" />
    <TestEntry testId="e5497347-2721-b7a6-0bd4-69a9921f6947" executionId="b561b7e9-80db-4527-8be4-0969df492a7c" testListId="8c84fa94-04c1-424b-9868-57a2d4851a1d" />
  </TestEntries>
  <TestLists>
    <TestList name="Список результатов" id="8c84fa94-04c1-424b-9868-57a2d4851a1d" />
    <TestList name="Все загруженные результаты" id="19431567-8539-422a-85d7-44ee4e166bda" />
  </TestLists>
  <ResultSummary outcome="Completed">
    <Counters total="47" executed="47" passed="47" failed="0" error="0" timeout="0" aborted="0" inconclusive="0" passedButRunAborted="0" notRunnable="0" notExecuted="0" disconnected="0" warning="0" completed="0" inProgress="0" pending="0" />
    <Output>
      <StdOut>[xUnit.net 00:00:00.00] xUnit.net VSTest Adapter v2.4.5+1caef2f33e (64-bit .NET 6.0.3)&#xD;
[xUnit.net 00:00:00.50]   Discovering: BL.Tests&#xD;
[xUnit.net 00:00:00.70]   Discovered:  BL.Tests&#xD;
[xUnit.net 00:00:00.70]   Starting:    BL.Tests&#xD;
[xUnit.net 00:00:00.94]   Finished:    BL.Tests&#xD;
</StdOut>
    </Output>
  </ResultSummary>
</TestRun>