<?xml version="1.0" encoding="utf-8"?>
<TestRun id="968c8510-4fb5-48fa-b5ce-feee1de7352c" name="alena@DESKTOP-TJ9D65N 2022-10-15 21:25:08" runUser="DESKTOP-TJ9D65N\alena" xmlns="http://microsoft.com/schemas/VisualStudio/TeamTest/2010">
  <Times creation="2022-10-15T21:25:08.2246656+03:00" queuing="2022-10-15T21:25:08.2246658+03:00" start="2022-10-15T21:25:06.7971020+03:00" finish="2022-10-15T21:25:08.2866343+03:00" />
  <TestSettings name="default" id="e1d84004-7e9e-4152-a330-da30a44a5174">
    <Deployment runDeploymentRoot="alena_DESKTOP-TJ9D65N_2022-10-15_21_25_08" />
  </TestSettings>
  <Results>
    <UnitTestResult executionId="70518e91-f828-483e-bd39-503efe397afa" testId="e2b8c27a-60aa-8cea-d688-b14b9a85ad7c" testName="BL.Tests.LiftsServiceTest.TestAdminDeleteLiftAsync(userID: 235, lift: Lift { LiftID = 243, LiftName = liftNamea3de8209-1424-4aa5-8a03-0d7c249e1b57, IsOpen = True, SeatsAmount = 211, LiftingTime = 91, QueueTime = 179, ConnectedSlopes =  }, checkPermissionServiceMock: Mock&lt;ICheckPermissionService:4&gt;, liftsRepositoryStub: Mock&lt;ILiftsRepository:4&gt;, liftsSlopesRepositoryStub: Mock&lt;ILiftsSlopesRepository:4&gt;, sut: LiftsService { })" computerName="DESKTOP-TJ9D65N" duration="00:00:00.0543504" startTime="2022-10-15T21:25:08.1197418+03:00" endTime="2022-10-15T21:25:08.1197419+03:00" testType="13cdc9d9-ddb5-4fa4-a97d-d965ccfc6d4b" outcome="Passed" testListId="8c84fa94-04c1-424b-9868-57a2d4851a1d" relativeResultsDirectory="70518e91-f828-483e-bd39-503efe397afa" />
    <UnitTestResult executionId="91547a6d-d020-4ebe-8de3-147b8be826e7" testId="a19a5fcf-c5d2-7d44-5d7d-84403042f4e0" testName="BL.Tests.CheckPermissionsServiceTests.UnauthorizedHasNoAccessToAdminSkiPatrolFunctions(functionName: &quot;MarkMessageReadByUserAsync&quot;)" computerName="DESKTOP-TJ9D65N" duration="00:00:00.0253693" startTime="2022-10-15T21:25:08.0980585+03:00" endTime="2022-10-15T21:25:08.0980585+03:00" testType="13cdc9d9-ddb5-4fa4-a97d-d965ccfc6d4b" outcome="Passed" testListId="8c84fa94-04c1-424b-9868-57a2d4851a1d" relativeResultsDirectory="91547a6d-d020-4ebe-8de3-147b8be826e7" />
    <UnitTestResult executionId="5dc86038-8988-4f2f-bb5f-4919be87d4cc" testId="523441cd-f093-db03-3e72-a128d10d8295" testName="BL.Tests.TurnstilesServiceTest.TestAdminGetTurnstilesAsync(userID: 194, initialTurnstiles: [Turnstile { TurnstileID = 175, LiftID = 225, IsOpen = True }, Turnstile { TurnstileID = 13, LiftID = 69, IsOpen = False }, Turnstile { TurnstileID = 96, LiftID = 186, IsOpen = True }], checkPermissionServiceMock: Mock&lt;ICheckPermissionService:13&gt;, turnstilesRepositoryStub: Mock&lt;ITurnstilesRepository:7&gt;, sut: TurnstilesService { })" computerName="DESKTOP-TJ9D65N" duration="00:00:00.0085855" startTime="2022-10-15T21:25:08.1789820+03:00" endTime="2022-10-15T21:25:08.1789821+03:00" testType="13cdc9d9-ddb5-4fa4-a97d-d965ccfc6d4b" outcome="Passed" testListId="8c84fa94-04c1-424b-9868-57a2d4851a1d" relativeResultsDirectory="5dc86038-8988-4f2f-bb5f-4919be87d4cc" />
    <UnitTestResult executionId="58c523f4-813c-4984-afd6-2a46296add33" testId="894941c1-bfa7-d8f9-c047-1e1ceefe2c2f" testName="BL.Tests.UsersServiceTests.TestRegisterUserWithRepeatedEmail" computerName="DESKTOP-TJ9D65N" duration="00:00:00.0066362" startTime="2022-10-15T21:25:08.1807886+03:00" endTime="2022-10-15T21:25:08.1807886+03:00" testType="13cdc9d9-ddb5-4fa4-a97d-d965ccfc6d4b" outcome="Passed" testListId="8c84fa94-04c1-424b-9868-57a2d4851a1d" relativeResultsDirectory="58c523f4-813c-4984-afd6-2a46296add33" />
    <UnitTestResult executionId="0689725e-6680-4c52-a5ad-72035ddef49b" testId="d8e2888e-4b80-84f8-f0bb-da5f71c638a6" testName="BL.Tests.LiftsServiceTest.TestGetLiftsInfoAsync(userID: 155, initialLifts: [Lift { LiftID = 241, LiftName = liftName13eae9bb-214d-4259-b3bd-d8aad0b089a2, IsOpen = True, SeatsAmount = 214, LiftingTime = 221, QueueTime = 227, ConnectedSlopes =  }, Lift { LiftID = 40, LiftName = liftNamef1d1c905-edb6-4e57-aed1-3de01f3bfa61, IsOpen = False, SeatsAmount = 61, LiftingTime = 20, QueueTime = 115, ConnectedSlopes =  }, Lift { LiftID = 34, LiftName = liftName6620f714-2e7d-4026-af39-d83cb8c17892, IsOpen = True, SeatsAmount = 95, LiftingTime = 233, QueueTime = 220, ConnectedSlopes =  }], checkPermissionServiceMock: Mock&lt;ICheckPermissionService:2&gt;, liftsRepositoryStub: Mock&lt;ILiftsRepository:2&gt;, liftsSlopesRepositoryStub: Mock&lt;ILiftsSlopesRepository:2&gt;, sut: LiftsService { })" computerName="DESKTOP-TJ9D65N" duration="00:00:00.0151617" startTime="2022-10-15T21:25:08.1806774+03:00" endTime="2022-10-15T21:25:08.1806774+03:00" testType="13cdc9d9-ddb5-4fa4-a97d-d965ccfc6d4b" outcome="Passed" testListId="8c84fa94-04c1-424b-9868-57a2d4851a1d" relativeResultsDirectory="0689725e-6680-4c52-a5ad-72035ddef49b" />
    <UnitTestResult executionId="ecee4622-c2d3-4b08-9f24-3c6714fa1076" testId="644ec43e-70cd-c82d-42e7-0d990be1414d" testName="BL.Tests.CheckPermissionsServiceTests.AuthorizedHasAccessToAuthorizedFunctions(functionName: &quot;SendMessageAsync&quot;)" computerName="DESKTOP-TJ9D65N" duration="00:00:00.0017630" startTime="2022-10-15T21:25:08.1960111+03:00" endTime="2022-10-15T21:25:08.1960111+03:00" testType="13cdc9d9-ddb5-4fa4-a97d-d965ccfc6d4b" outcome="Passed" testListId="8c84fa94-04c1-424b-9868-57a2d4851a1d" relativeResultsDirectory="ecee4622-c2d3-4b08-9f24-3c6714fa1076" />
    <UnitTestResult executionId="9212a4c9-0db4-4e94-afb8-9b27854f2d46" testId="69340bb6-3645-f9dd-971e-29d8b2a009bb" testName="BL.Tests.UsersServiceTests.TestLogInWithWrongPassword" computerName="DESKTOP-TJ9D65N" duration="00:00:00.0022407" startTime="2022-10-15T21:25:08.1911303+03:00" endTime="2022-10-15T21:25:08.1911304+03:00" testType="13cdc9d9-ddb5-4fa4-a97d-d965ccfc6d4b" outcome="Passed" testListId="8c84fa94-04c1-424b-9868-57a2d4851a1d" relativeResultsDirectory="9212a4c9-0db4-4e94-afb8-9b27854f2d46" />
    <UnitTestResult executionId="0964768c-9148-49fe-a06f-e698b2837f12" testId="229812f5-9a73-5335-11f5-31330d1348a5" testName="BL.Tests.CheckPermissionsServiceTests.UnauthorizedHasNoAccessToAdminSkiPatrolFunctions(functionName: &quot;GetMessagesAsync&quot;)" computerName="DESKTOP-TJ9D65N" duration="00:00:00.0013333" startTime="2022-10-15T21:25:08.1787864+03:00" endTime="2022-10-15T21:25:08.1787864+03:00" testType="13cdc9d9-ddb5-4fa4-a97d-d965ccfc6d4b" outcome="Passed" testListId="8c84fa94-04c1-424b-9868-57a2d4851a1d" relativeResultsDirectory="0964768c-9148-49fe-a06f-e698b2837f12" />
    <UnitTestResult executionId="6b112f9b-5762-4d65-9e8d-79b632dd3c12" testId="eaabd2fc-2f4b-5689-59c8-c7ad34a8f634" testName="BL.Tests.CheckPermissionsServiceTests.UnauthorizedHasNoAccessToAuthorizedFunctions(functionName: &quot;SendMessageAsync&quot;)" computerName="DESKTOP-TJ9D65N" duration="00:00:00.0031697" startTime="2022-10-15T21:25:08.1805881+03:00" endTime="2022-10-15T21:25:08.1805882+03:00" testType="13cdc9d9-ddb5-4fa4-a97d-d965ccfc6d4b" outcome="Passed" testListId="8c84fa94-04c1-424b-9868-57a2d4851a1d" relativeResultsDirectory="6b112f9b-5762-4d65-9e8d-79b632dd3c12" />
    <UnitTestResult executionId="e879863b-57a2-467f-a729-c782326ab7ea" testId="9c7df5e2-1b23-ebea-889f-b78ca86b60ab" testName="BL.Tests.CheckPermissionsServiceTests.AuthorizedHasNoAccessToAdminSkiPatrolFunctions(functionName: &quot;MarkMessageReadByUserAsync&quot;)" computerName="DESKTOP-TJ9D65N" duration="00:00:00.0016458" startTime="2022-10-15T21:25:08.1884255+03:00" endTime="2022-10-15T21:25:08.1884256+03:00" testType="13cdc9d9-ddb5-4fa4-a97d-d965ccfc6d4b" outcome="Passed" testListId="8c84fa94-04c1-424b-9868-57a2d4851a1d" relativeResultsDirectory="e879863b-57a2-467f-a729-c782326ab7ea" />
    <UnitTestResult executionId="628e6696-a9e7-455f-a515-c0f05a6c4c8c" testId="144faa78-6703-1227-e04e-06473e19fd24" testName="BL.Tests.SlopesServiceTest.TestGetSlopeInfoAsync(userID: 85, slope: Slope { SlopeID = 91, SlopeName = slopeName867b0c0b-5968-4f14-980d-d19c9fa6aa44, IsOpen = True, DifficultyLevel = 220, ConnectedLifts =  }, checkPermissionServiceMock: Mock&lt;ICheckPermissionService:6&gt;, slopesRepositoryStub: Mock&lt;ISlopesRepository:4&gt;, liftsSlopesRepositoryStub: Mock&lt;ILiftsSlopesRepository:9&gt;, sut: SlopesService { })" computerName="DESKTOP-TJ9D65N" duration="00:00:00.0107236" startTime="2022-10-15T21:25:08.1815370+03:00" endTime="2022-10-15T21:25:08.1815371+03:00" testType="13cdc9d9-ddb5-4fa4-a97d-d965ccfc6d4b" outcome="Passed" testListId="8c84fa94-04c1-424b-9868-57a2d4851a1d" relativeResultsDirectory="628e6696-a9e7-455f-a515-c0f05a6c4c8c" />
    <UnitTestResult executionId="84671682-2044-471d-bb0a-6ed84e56bef1" testId="ed0e8a92-4d4c-e36f-bf3c-e501fc4ff386" testName="BL.Tests.LiftsServiceTest.TestUpdateLiftInfoAsync(userID: 17, lift: Lift { LiftID = 114, LiftName = liftName1ceb828e-7f51-44b7-832c-e4d6b0ac7a1c, IsOpen = True, SeatsAmount = 185, LiftingTime = 81, QueueTime = 33, ConnectedSlopes =  }, checkPermissionServiceMock: Mock&lt;ICheckPermissionService:3&gt;, liftsRepositoryStub: Mock&lt;ILiftsRepository:3&gt;, sut: LiftsService { })" computerName="DESKTOP-TJ9D65N" duration="00:00:00.0075993" startTime="2022-10-15T21:25:08.1816044+03:00" endTime="2022-10-15T21:25:08.1816045+03:00" testType="13cdc9d9-ddb5-4fa4-a97d-d965ccfc6d4b" outcome="Passed" testListId="8c84fa94-04c1-424b-9868-57a2d4851a1d" relativeResultsDirectory="84671682-2044-471d-bb0a-6ed84e56bef1" />
    <UnitTestResult executionId="0165a994-6664-4d8b-9ebf-950c20395aff" testId="1ca07ad8-f799-c5d4-e7cc-34fd950198a2" testName="BL.Tests.UsersServiceTests.TestLogInOk" computerName="DESKTOP-TJ9D65N" duration="00:00:00.0046847" startTime="2022-10-15T21:25:08.1860005+03:00" endTime="2022-10-15T21:25:08.1860006+03:00" testType="13cdc9d9-ddb5-4fa4-a97d-d965ccfc6d4b" outcome="Passed" testListId="8c84fa94-04c1-424b-9868-57a2d4851a1d" relativeResultsDirectory="0165a994-6664-4d8b-9ebf-950c20395aff" />
    <UnitTestResult executionId="7cf2716e-7fd6-450a-9508-c417fc9aebdf" testId="60bd668f-04df-da5e-b79b-5d9aedb5234d" testName="BL.Tests.CheckPermissionsServiceTests.SkiPatrolHasAccessToAdminSkiPatrolFunctions(functionName: &quot;MarkMessageReadByUserAsync&quot;)" computerName="DESKTOP-TJ9D65N" duration="00:00:00.0013080" startTime="2022-10-15T21:25:08.1822917+03:00" endTime="2022-10-15T21:25:08.1822918+03:00" testType="13cdc9d9-ddb5-4fa4-a97d-d965ccfc6d4b" outcome="Passed" testListId="8c84fa94-04c1-424b-9868-57a2d4851a1d" relativeResultsDirectory="7cf2716e-7fd6-450a-9508-c417fc9aebdf" />
    <UnitTestResult executionId="f7ff8ea2-8981-44d4-b401-f24e8635dc10" testId="7614405e-6a39-163b-aff3-1e01028fb6dc" testName="BL.Tests.LiftsServiceTest.TestGetLiftInfoAsync(userID: 76, lift: Lift { LiftID = 27, LiftName = liftNameb4316676-d4e9-4a3b-a9a7-b4b8ae69b1fa, IsOpen = True, SeatsAmount = 115, LiftingTime = 197, QueueTime = 255, ConnectedSlopes =  }, checkPermissionServiceMock: Mock&lt;ICheckPermissionService:1&gt;, liftsRepositoryStub: Mock&lt;ILiftsRepository:1&gt;, liftsSlopesRepositoryStub: Mock&lt;ILiftsSlopesRepository:1&gt;, sut: LiftsService { })" computerName="DESKTOP-TJ9D65N" duration="00:00:00.0065682" startTime="2022-10-15T21:25:08.1854113+03:00" endTime="2022-10-15T21:25:08.1854115+03:00" testType="13cdc9d9-ddb5-4fa4-a97d-d965ccfc6d4b" outcome="Passed" testListId="8c84fa94-04c1-424b-9868-57a2d4851a1d" relativeResultsDirectory="f7ff8ea2-8981-44d4-b401-f24e8635dc10" />
    <UnitTestResult executionId="dc563af6-0276-4cb3-9b62-5e03f5f44a35" testId="06d0bc3a-24a0-fb7f-4277-e9ae6d21c7dd" testName="BL.Tests.UsersServiceTests.TestAdminUpdateUser" computerName="DESKTOP-TJ9D65N" duration="00:00:00.0050453" startTime="2022-10-15T21:25:08.1816369+03:00" endTime="2022-10-15T21:25:08.1816370+03:00" testType="13cdc9d9-ddb5-4fa4-a97d-d965ccfc6d4b" outcome="Passed" testListId="8c84fa94-04c1-424b-9868-57a2d4851a1d" relativeResultsDirectory="dc563af6-0276-4cb3-9b62-5e03f5f44a35" />
    <UnitTestResult executionId="c8900e17-454c-496e-bf3a-04f8d53bab7c" testId="5c4f8618-b362-eb73-0a7c-54d1f3ebd450" testName="BL.Tests.SlopesServiceTest.TestAdminAddAutoIncrementSlopeAsync(userID: 46, slope: Slope { SlopeID = 49, SlopeName = slopeName2a81bf93-b1cc-4ce6-beea-a987be4b9636, IsOpen = True, DifficultyLevel = 242, ConnectedLifts =  }, checkPermissionServiceMock: Mock&lt;ICheckPermissionService:10&gt;, slopesRepositoryStub: Mock&lt;ISlopesRepository:8&gt;, sut: SlopesService { })" computerName="DESKTOP-TJ9D65N" duration="00:00:00.0115681" startTime="2022-10-15T21:25:08.1791075+03:00" endTime="2022-10-15T21:25:08.1791076+03:00" testType="13cdc9d9-ddb5-4fa4-a97d-d965ccfc6d4b" outcome="Passed" testListId="8c84fa94-04c1-424b-9868-57a2d4851a1d" relativeResultsDirectory="c8900e17-454c-496e-bf3a-04f8d53bab7c" />
    <UnitTestResult executionId="7a0c67c8-4597-4fc9-9a7d-d29b74f1071d" testId="a2e59116-cb53-1d70-9cb8-21c286516866" testName="BL.Tests.CheckPermissionsServiceTests.AuthorizedHasNoAccessToAdminFunctions" computerName="DESKTOP-TJ9D65N" duration="00:00:00.0088572" startTime="2022-10-15T21:25:08.1825391+03:00" endTime="2022-10-15T21:25:08.1825392+03:00" testType="13cdc9d9-ddb5-4fa4-a97d-d965ccfc6d4b" outcome="Passed" testListId="8c84fa94-04c1-424b-9868-57a2d4851a1d" relativeResultsDirectory="7a0c67c8-4597-4fc9-9a7d-d29b74f1071d" />
    <UnitTestResult executionId="7002d5cc-69b8-4d47-9095-3eda6ce5a5aa" testId="2602613f-c8e2-a6d9-fcf7-5b27d4a770a6" testName="BL.Tests.CheckPermissionsServiceTests.AuthorizedHasNoAccessToAdminSkiPatrolFunctions(functionName: &quot;GetMessagesAsync&quot;)" computerName="DESKTOP-TJ9D65N" duration="00:00:00.0019778" startTime="2022-10-15T21:25:08.1843635+03:00" endTime="2022-10-15T21:25:08.1843636+03:00" testType="13cdc9d9-ddb5-4fa4-a97d-d965ccfc6d4b" outcome="Passed" testListId="8c84fa94-04c1-424b-9868-57a2d4851a1d" relativeResultsDirectory="7002d5cc-69b8-4d47-9095-3eda6ce5a5aa" />
    <UnitTestResult executionId="d4ef00ea-4ee5-4674-a1f4-2ace3cba805d" testId="492c0393-35b4-df26-a537-21ca08302f3c" testName="BL.Tests.CheckPermissionsServiceTests.SkiPatrolHasNoAccessToAdminFunctions" computerName="DESKTOP-TJ9D65N" duration="00:00:00.0021962" startTime="2022-10-15T21:25:08.2070784+03:00" endTime="2022-10-15T21:25:08.2070785+03:00" testType="13cdc9d9-ddb5-4fa4-a97d-d965ccfc6d4b" outcome="Passed" testListId="8c84fa94-04c1-424b-9868-57a2d4851a1d" relativeResultsDirectory="d4ef00ea-4ee5-4674-a1f4-2ace3cba805d" />
    <UnitTestResult executionId="ec22ed64-3f1e-4b5d-b4df-454cea8ea734" testId="2d706594-f2b3-b3c8-21d4-86c9798c3306" testName="BL.Tests.CheckPermissionsServiceTests.SkiPatrolHasAccessToAdminSkiPatrolFunctions(functionName: &quot;GetLiftsSlopesInfoAsync&quot;)" computerName="DESKTOP-TJ9D65N" duration="00:00:00.0055945" startTime="2022-10-15T21:25:08.1816181+03:00" endTime="2022-10-15T21:25:08.1816181+03:00" testType="13cdc9d9-ddb5-4fa4-a97d-d965ccfc6d4b" outcome="Passed" testListId="8c84fa94-04c1-424b-9868-57a2d4851a1d" relativeResultsDirectory="ec22ed64-3f1e-4b5d-b4df-454cea8ea734" />
    <UnitTestResult executionId="192018a7-f8bd-472d-a5bc-cb37b65b2bcb" testId="f3efc418-a8a6-c7b7-9bac-90b33aa8472f" testName="BL.Tests.CheckPermissionsServiceTests.AdminHasAccessToAllFunctions" computerName="DESKTOP-TJ9D65N" duration="00:00:00.0017989" startTime="2022-10-15T21:25:08.2107238+03:00" endTime="2022-10-15T21:25:08.2107239+03:00" testType="13cdc9d9-ddb5-4fa4-a97d-d965ccfc6d4b" outcome="Passed" testListId="8c84fa94-04c1-424b-9868-57a2d4851a1d" relativeResultsDirectory="192018a7-f8bd-472d-a5bc-cb37b65b2bcb" />
    <UnitTestResult executionId="3a684d60-20bf-4859-b4c8-64092f744ec0" testId="834c739b-eca4-b36d-6a66-5a1bd75377b8" testName="BL.Tests.UsersServiceTests.TestAdminAddAutoIncrementUser" computerName="DESKTOP-TJ9D65N" duration="00:00:00.0060776" startTime="2022-10-15T21:25:08.1998420+03:00" endTime="2022-10-15T21:25:08.1998421+03:00" testType="13cdc9d9-ddb5-4fa4-a97d-d965ccfc6d4b" outcome="Passed" testListId="8c84fa94-04c1-424b-9868-57a2d4851a1d" relativeResultsDirectory="3a684d60-20bf-4859-b4c8-64092f744ec0" />
    <UnitTestResult executionId="1b3c3755-de62-4ea9-b1f7-4757bd33b7a7" testId="39be9b5e-0bc4-57dc-37d3-aec6b520299d" testName="BL.Tests.LiftsSlopesServiceTests.TestGetLiftsSlopesInfoAsync(liftsSlopes: [LiftSlope { RecordID = 205, LiftID = 99, SlopeID = 124 }, LiftSlope { RecordID = 70, LiftID = 194, SlopeID = 253 }, LiftSlope { RecordID = 158, LiftID = 115, SlopeID = 67 }], slopesRepositoryStub: Mock&lt;ISlopesRepository:1&gt;, liftsRepositoryStub: Mock&lt;ILiftsRepository:6&gt;, liftsSlopesRepositoryStub: Mock&lt;ILiftsSlopesRepository:6&gt;)" computerName="DESKTOP-TJ9D65N" duration="00:00:00.0042384" startTime="2022-10-15T21:25:08.1807292+03:00" endTime="2022-10-15T21:25:08.1807293+03:00" testType="13cdc9d9-ddb5-4fa4-a97d-d965ccfc6d4b" outcome="Passed" testListId="8c84fa94-04c1-424b-9868-57a2d4851a1d" relativeResultsDirectory="1b3c3755-de62-4ea9-b1f7-4757bd33b7a7" />
    <UnitTestResult executionId="efeeab1e-0b7c-482b-82ac-b52009a9ea75" testId="c36970dc-93f7-753e-fa47-157133b01644" testName="BL.Tests.CheckPermissionsServiceTests.SkiPatrolHasAccessToAdminSkiPatrolFunctions(functionName: &quot;GetMessagesAsync&quot;)" computerName="DESKTOP-TJ9D65N" duration="00:00:00.0008211" startTime="2022-10-15T21:25:08.1823742+03:00" endTime="2022-10-15T21:25:08.1823743+03:00" testType="13cdc9d9-ddb5-4fa4-a97d-d965ccfc6d4b" outcome="Passed" testListId="8c84fa94-04c1-424b-9868-57a2d4851a1d" relativeResultsDirectory="efeeab1e-0b7c-482b-82ac-b52009a9ea75" />
    <UnitTestResult executionId="a2ed1aa8-700b-4fbc-99a5-3f98391ceab6" testId="0eeef75f-6e38-7893-a8fe-cff3e0a970a7" testName="BL.Tests.UsersServiceTests.TestRegisterOk" computerName="DESKTOP-TJ9D65N" duration="00:00:00.0157389" startTime="2022-10-15T21:25:08.1824863+03:00" endTime="2022-10-15T21:25:08.1824864+03:00" testType="13cdc9d9-ddb5-4fa4-a97d-d965ccfc6d4b" outcome="Passed" testListId="8c84fa94-04c1-424b-9868-57a2d4851a1d" relativeResultsDirectory="a2ed1aa8-700b-4fbc-99a5-3f98391ceab6" />
    <UnitTestResult executionId="e26cf212-ab68-4f55-9001-73600a623c70" testId="18fa8c62-e27d-e1fc-8182-4d7db62b008d" testName="BL.Tests.UsersServiceTests.TestAdminDeleteUser" computerName="DESKTOP-TJ9D65N" duration="00:00:00.0025864" startTime="2022-10-15T21:25:08.2093584+03:00" endTime="2022-10-15T21:25:08.2093585+03:00" testType="13cdc9d9-ddb5-4fa4-a97d-d965ccfc6d4b" outcome="Passed" testListId="8c84fa94-04c1-424b-9868-57a2d4851a1d" relativeResultsDirectory="e26cf212-ab68-4f55-9001-73600a623c70" />
    <UnitTestResult executionId="48b97551-1669-43e7-939b-a48d33c49a2c" testId="4f297306-d4f3-8d63-e7f4-1ac0b8c58c74" testName="BL.Tests.CheckPermissionsServiceTests.AuthorizedHasNoAccessToAdminSkiPatrolFunctions(functionName: &quot;GetLiftsSlopesInfoAsync&quot;)" computerName="DESKTOP-TJ9D65N" duration="00:00:00.0010420" startTime="2022-10-15T21:25:08.1919346+03:00" endTime="2022-10-15T21:25:08.1919346+03:00" testType="13cdc9d9-ddb5-4fa4-a97d-d965ccfc6d4b" outcome="Passed" testListId="8c84fa94-04c1-424b-9868-57a2d4851a1d" relativeResultsDirectory="48b97551-1669-43e7-939b-a48d33c49a2c" />
    <UnitTestResult executionId="cbb93445-8f95-45f9-86bd-f1a5f383f93d" testId="aad4a245-1c32-7711-32e5-32d477ddf285" testName="BL.Tests.TurnstilesServiceTest.TestAdminDeleteTurnstileAsync(userID: 218, turnstile: Turnstile { TurnstileID = 24, LiftID = 159, IsOpen = True }, checkPermissionServiceMock: Mock&lt;ICheckPermissionService:15&gt;, turnstilesRepositoryStub: Mock&lt;ITurnstilesRepository:9&gt;, sut: TurnstilesService { })" computerName="DESKTOP-TJ9D65N" duration="00:00:00.0046334" startTime="2022-10-15T21:25:08.1823505+03:00" endTime="2022-10-15T21:25:08.1823505+03:00" testType="13cdc9d9-ddb5-4fa4-a97d-d965ccfc6d4b" outcome="Passed" testListId="8c84fa94-04c1-424b-9868-57a2d4851a1d" relativeResultsDirectory="cbb93445-8f95-45f9-86bd-f1a5f383f93d" />
    <UnitTestResult executionId="1592c9cb-ee54-4a89-9268-488e3dd25de1" testId="1d7d8aa5-91bb-0e14-a9f0-02adb3b15bc9" testName="BL.Tests.TurnstilesServiceTest.TestAdminGetTurnstileAsync(userID: 249, turnstile: Turnstile { TurnstileID = 17, LiftID = 22, IsOpen = True }, checkPermissionServiceMock: Mock&lt;ICheckPermissionService:12&gt;, turnstilesRepositoryStub: Mock&lt;ITurnstilesRepository:6&gt;, sut: TurnstilesService { })" computerName="DESKTOP-TJ9D65N" duration="00:00:00.0266458" startTime="2022-10-15T21:25:08.0980921+03:00" endTime="2022-10-15T21:25:08.0980921+03:00" testType="13cdc9d9-ddb5-4fa4-a97d-d965ccfc6d4b" outcome="Passed" testListId="8c84fa94-04c1-424b-9868-57a2d4851a1d" relativeResultsDirectory="1592c9cb-ee54-4a89-9268-488e3dd25de1" />
    <UnitTestResult executionId="e5aa51a1-92e7-44fa-af24-5a67f53c15df" testId="e2d7e5be-3dae-33ae-fb17-c704b6fd58d6" testName="BL.Tests.CheckPermissionsServiceTests.UnauthorizedHasNoAccessToAdminFunctions" computerName="DESKTOP-TJ9D65N" duration="00:00:00.0023406" startTime="2022-10-15T21:25:08.2030418+03:00" endTime="2022-10-15T21:25:08.2030419+03:00" testType="13cdc9d9-ddb5-4fa4-a97d-d965ccfc6d4b" outcome="Passed" testListId="8c84fa94-04c1-424b-9868-57a2d4851a1d" relativeResultsDirectory="e5aa51a1-92e7-44fa-af24-5a67f53c15df" />
    <UnitTestResult executionId="1ecd1d2a-1412-47bc-8773-553762ae1288" testId="e7fc63db-6186-c5ae-0635-01bae6edfbd4" testName="BL.Tests.SlopesServiceTest.TestUpdateSlopeInfoAsync(userID: 48, slope: Slope { SlopeID = 44, SlopeName = slopeName997c86a9-e242-42c2-b1d1-d6f06c76997c, IsOpen = True, DifficultyLevel = 112, ConnectedLifts =  }, checkPermissionServiceMock: Mock&lt;ICheckPermissionService:8&gt;, slopesRepositoryStub: Mock&lt;ISlopesRepository:6&gt;, sut: SlopesService { })" computerName="DESKTOP-TJ9D65N" duration="00:00:00.0063140" startTime="2022-10-15T21:25:08.1936114+03:00" endTime="2022-10-15T21:25:08.1936115+03:00" testType="13cdc9d9-ddb5-4fa4-a97d-d965ccfc6d4b" outcome="Passed" testListId="8c84fa94-04c1-424b-9868-57a2d4851a1d" relativeResultsDirectory="1ecd1d2a-1412-47bc-8773-553762ae1288" />
    <UnitTestResult executionId="d0e53e99-dd27-4f75-b7e9-3a2208b2fcf6" testId="0a1a4554-01f0-6177-f4c3-70ee6e500a8a" testName="BL.Tests.LiftsServiceTest.TestAdminAddAutoIncrementLiftAsync(userID: 218, lift: Lift { LiftID = 25, LiftName = liftName7597e706-9066-4aa9-b43e-19879d7af1fd, IsOpen = True, SeatsAmount = 12, LiftingTime = 119, QueueTime = 145, ConnectedSlopes =  }, checkPermissionServiceMock: Mock&lt;ICheckPermissionService:5&gt;, liftsRepositoryStub: Mock&lt;ILiftsRepository:5&gt;, sut: LiftsService { })" computerName="DESKTOP-TJ9D65N" duration="00:00:00.0083411" startTime="2022-10-15T21:25:08.1824440+03:00" endTime="2022-10-15T21:25:08.1824440+03:00" testType="13cdc9d9-ddb5-4fa4-a97d-d965ccfc6d4b" outcome="Passed" testListId="8c84fa94-04c1-424b-9868-57a2d4851a1d" relativeResultsDirectory="d0e53e99-dd27-4f75-b7e9-3a2208b2fcf6" />
    <UnitTestResult executionId="4d61c2bd-c6cf-4472-8883-c0a0092b21db" testId="aa28a6b3-21d3-aa45-24d3-bef2facbc899" testName="BL.Tests.CheckPermissionsServiceTests.AuthorizedHasAccessToAuthorizedFunctions(functionName: &quot;LogOutAsync&quot;)" computerName="DESKTOP-TJ9D65N" duration="00:00:00.0007708" startTime="2022-10-15T21:25:08.1987917+03:00" endTime="2022-10-15T21:25:08.1987918+03:00" testType="13cdc9d9-ddb5-4fa4-a97d-d965ccfc6d4b" outcome="Passed" testListId="8c84fa94-04c1-424b-9868-57a2d4851a1d" relativeResultsDirectory="4d61c2bd-c6cf-4472-8883-c0a0092b21db" />
    <UnitTestResult executionId="32b52dce-6ae3-47f3-b6a6-8f34f8c0e662" testId="387c9729-48c1-486e-5e67-f5d11a9f0db8" testName="BL.Tests.CheckPermissionsServiceTests.UnauthorizedHasNoAccessToAdminSkiPatrolFunctions(functionName: &quot;GetLiftsSlopesInfoAsync&quot;)" computerName="DESKTOP-TJ9D65N" duration="00:00:00.0018483" startTime="2022-10-15T21:25:08.1784117+03:00" endTime="2022-10-15T21:25:08.1784119+03:00" testType="13cdc9d9-ddb5-4fa4-a97d-d965ccfc6d4b" outcome="Passed" testListId="8c84fa94-04c1-424b-9868-57a2d4851a1d" relativeResultsDirectory="32b52dce-6ae3-47f3-b6a6-8f34f8c0e662" />
    <UnitTestResult executionId="ca63ac6a-bb8a-4ce5-9359-acffef6a8a0f" testId="2dfce00f-d37b-54e1-deb8-7df5cb36d803" testName="BL.Tests.LiftsSlopesServiceTests.TestAdminDeleteLiftSlopeAsync(lift: Lift { LiftID = 237, LiftName = liftNamec54945af-b4a3-4b5d-8108-74887fd5305e, IsOpen = True, SeatsAmount = 1, LiftingTime = 202, QueueTime = 100, ConnectedSlopes =  }, slope: Slope { SlopeID = 75, SlopeName = slopeName899b8286-de5e-4c79-be75-8356d2eab4a7, IsOpen = False, DifficultyLevel = 144, ConnectedLifts =  }, slopesRepositoryStub: Mock&lt;ISlopesRepository:2&gt;, liftsRepositoryStub: Mock&lt;ILiftsRepository:7&gt;, liftsSlopesRepositoryStub: Mock&lt;ILiftsSlopesRepository:7&gt;)" computerName="DESKTOP-TJ9D65N" duration="00:00:00.0255250" startTime="2022-10-15T21:25:08.0981034+03:00" endTime="2022-10-15T21:25:08.0981035+03:00" testType="13cdc9d9-ddb5-4fa4-a97d-d965ccfc6d4b" outcome="Passed" testListId="8c84fa94-04c1-424b-9868-57a2d4851a1d" relativeResultsDirectory="ca63ac6a-bb8a-4ce5-9359-acffef6a8a0f" />
    <UnitTestResult executionId="9c3c0dce-9a9d-49c8-89dd-b962ae74f3f9" testId="f44a1b21-8efc-bfac-63b4-d534442def31" testName="BL.Tests.UsersServiceTests.TestRegisterUserWithNoPassword" computerName="DESKTOP-TJ9D65N" duration="00:00:00.0013858" startTime="2022-10-15T21:25:08.1788142+03:00" endTime="2022-10-15T21:25:08.1788142+03:00" testType="13cdc9d9-ddb5-4fa4-a97d-d965ccfc6d4b" outcome="Passed" testListId="8c84fa94-04c1-424b-9868-57a2d4851a1d" relativeResultsDirectory="9c3c0dce-9a9d-49c8-89dd-b962ae74f3f9" />
    <UnitTestResult executionId="7c75386d-6254-4e62-9979-69fccbb42d1c" testId="fa960c5e-f989-2880-784e-8efe538c5231" testName="BL.Tests.CheckPermissionsServiceTests.UnauthorizedHasNoAccessToAuthorizedFunctions(functionName: &quot;LogOutAsync&quot;)" computerName="DESKTOP-TJ9D65N" duration="00:00:00.0012832" startTime="2022-10-15T21:25:08.1807497+03:00" endTime="2022-10-15T21:25:08.1807497+03:00" testType="13cdc9d9-ddb5-4fa4-a97d-d965ccfc6d4b" outcome="Passed" testListId="8c84fa94-04c1-424b-9868-57a2d4851a1d" relativeResultsDirectory="7c75386d-6254-4e62-9979-69fccbb42d1c" />
    <UnitTestResult executionId="851a2a73-5121-4828-9795-65a3b2804ced" testId="e4d9ea71-894d-0d46-6199-972c4b07bc26" testName="BL.Tests.TurnstilesServiceTest.TestAdminUpdateTurnstileAsync(userID: 164, turnstile: Turnstile { TurnstileID = 39, LiftID = 68, IsOpen = True }, checkPermissionServiceMock: Mock&lt;ICheckPermissionService:14&gt;, turnstilesRepositoryStub: Mock&lt;ITurnstilesRepository:8&gt;, sut: TurnstilesService { })" computerName="DESKTOP-TJ9D65N" duration="00:00:00.0051043" startTime="2022-10-15T21:25:08.1815859+03:00" endTime="2022-10-15T21:25:08.1815860+03:00" testType="13cdc9d9-ddb5-4fa4-a97d-d965ccfc6d4b" outcome="Passed" testListId="8c84fa94-04c1-424b-9868-57a2d4851a1d" relativeResultsDirectory="851a2a73-5121-4828-9795-65a3b2804ced" />
    <UnitTestResult executionId="7d7abc72-2589-4886-80ce-d5695faf86c0" testId="860e5b70-b84f-1947-cf17-8d19b6a5f899" testName="BL.Tests.SlopesServiceTest.TestAdminDeleteSlopeAsync(userID: 89, slope: Slope { SlopeID = 110, SlopeName = slopeName6819ef56-06e0-4966-b9c3-454d4a194ab4, IsOpen = True, DifficultyLevel = 94, ConnectedLifts =  }, checkPermissionServiceMock: Mock&lt;ICheckPermissionService:9&gt;, slopesRepositoryStub: Mock&lt;ISlopesRepository:7&gt;, liftsSlopesRepositoryStub: Mock&lt;ILiftsSlopesRepository:12&gt;, sut: SlopesService { })" computerName="DESKTOP-TJ9D65N" duration="00:00:00.0046945" startTime="2022-10-15T21:25:08.1848302+03:00" endTime="2022-10-15T21:25:08.1848303+03:00" testType="13cdc9d9-ddb5-4fa4-a97d-d965ccfc6d4b" outcome="Passed" testListId="8c84fa94-04c1-424b-9868-57a2d4851a1d" relativeResultsDirectory="7d7abc72-2589-4886-80ce-d5695faf86c0" />
    <UnitTestResult executionId="3fe32ea0-e75b-41ad-b244-2a6ee9888914" testId="3897176d-3c1c-47c1-8538-004e416c3754" testName="BL.Tests.SlopesServiceTest.TestAdminAddSlopeAsync(userID: 231, slope: Slope { SlopeID = 222, SlopeName = slopeName6ab876d3-3580-4896-b99c-9aef9ab62598, IsOpen = True, DifficultyLevel = 129, ConnectedLifts =  }, checkPermissionServiceMock: Mock&lt;ICheckPermissionService:11&gt;, slopesRepositoryStub: Mock&lt;ISlopesRepository:9&gt;, sut: SlopesService { })" computerName="DESKTOP-TJ9D65N" duration="00:00:00.0254773" startTime="2022-10-15T21:25:08.0947913+03:00" endTime="2022-10-15T21:25:08.0948125+03:00" testType="13cdc9d9-ddb5-4fa4-a97d-d965ccfc6d4b" outcome="Passed" testListId="8c84fa94-04c1-424b-9868-57a2d4851a1d" relativeResultsDirectory="3fe32ea0-e75b-41ad-b244-2a6ee9888914" />
    <UnitTestResult executionId="679d6b16-3a3c-4c11-a302-2d0a9e2ec6b0" testId="e5497347-2721-b7a6-0bd4-69a9921f6947" testName="BL.Tests.UsersServiceTests.TestAdminGetUserByIDAsync" computerName="DESKTOP-TJ9D65N" duration="00:00:00.0031022" startTime="2022-10-15T21:25:08.2049652+03:00" endTime="2022-10-15T21:25:08.2049652+03:00" testType="13cdc9d9-ddb5-4fa4-a97d-d965ccfc6d4b" outcome="Passed" testListId="8c84fa94-04c1-424b-9868-57a2d4851a1d" relativeResultsDirectory="679d6b16-3a3c-4c11-a302-2d0a9e2ec6b0" />
    <UnitTestResult executionId="8f14582b-d454-424c-80c9-1558517e19c9" testId="8184bd30-991c-b78d-b4ec-99a485eac0dd" testName="BL.Tests.UsersServiceTests.TestRegisterUserWithNoEmail" computerName="DESKTOP-TJ9D65N" duration="00:00:00.0029022" startTime="2022-10-15T21:25:08.1784601+03:00" endTime="2022-10-15T21:25:08.1784602+03:00" testType="13cdc9d9-ddb5-4fa4-a97d-d965ccfc6d4b" outcome="Passed" testListId="8c84fa94-04c1-424b-9868-57a2d4851a1d" relativeResultsDirectory="8f14582b-d454-424c-80c9-1558517e19c9" />
    <UnitTestResult executionId="72c0775d-1fd0-4811-80eb-c96380ee7497" testId="20ad8570-0170-85de-dcd7-2f109dd7bcd6" testName="BL.Tests.UsersServiceTests.TestAdminGetUsers" computerName="DESKTOP-TJ9D65N" duration="00:00:00.0311015" startTime="2022-10-15T21:25:08.0981395+03:00" endTime="2022-10-15T21:25:08.0981395+03:00" testType="13cdc9d9-ddb5-4fa4-a97d-d965ccfc6d4b" outcome="Passed" testListId="8c84fa94-04c1-424b-9868-57a2d4851a1d" relativeResultsDirectory="72c0775d-1fd0-4811-80eb-c96380ee7497" />
    <UnitTestResult executionId="d5ee2e54-23ce-4722-bb3c-1c475442b304" testId="4166223d-b03e-57f8-34b2-8325fa5ff651" testName="BL.Tests.SlopesServiceTest.TestGetSlopesInfoAsync(userID: 143, initialSlopes: [Slope { SlopeID = 182, SlopeName = slopeNameff1c2e2c-8de0-4806-8968-2f85242c8a16, IsOpen = True, DifficultyLevel = 40, ConnectedLifts =  }, Slope { SlopeID = 53, SlopeName = slopeName921fbfc0-ab21-42e2-9f02-412771bec329, IsOpen = False, DifficultyLevel = 162, ConnectedLifts =  }, Slope { SlopeID = 249, SlopeName = slopeName4dbc77a6-114e-430d-a176-9656a3cc5978, IsOpen = True, DifficultyLevel = 34, ConnectedLifts =  }], checkPermissionServiceMock: Mock&lt;ICheckPermissionService:7&gt;, slopesRepositoryStub: Mock&lt;ISlopesRepository:5&gt;, liftsSlopesRepositoryStub: Mock&lt;ILiftsSlopesRepository:10&gt;, sut: SlopesService { })" computerName="DESKTOP-TJ9D65N" duration="00:00:00.0166083" startTime="2022-10-15T21:25:08.1824676+03:00" endTime="2022-10-15T21:25:08.1824677+03:00" testType="13cdc9d9-ddb5-4fa4-a97d-d965ccfc6d4b" outcome="Passed" testListId="8c84fa94-04c1-424b-9868-57a2d4851a1d" relativeResultsDirectory="d5ee2e54-23ce-4722-bb3c-1c475442b304" />
    <UnitTestResult executionId="69f881c4-2315-445c-becd-5c16f66fc0d9" testId="223e579d-3e64-f990-c58e-f8c91122e2b4" testName="BL.Tests.TurnstilesServiceTest.TestAdminAddAutoIncrementTurnstileAsync(userID: 171, turnstile: Turnstile { TurnstileID = 179, LiftID = 38, IsOpen = True }, checkPermissionServiceMock: Mock&lt;ICheckPermissionService:16&gt;, turnstilesRepositoryStub: Mock&lt;ITurnstilesRepository:10&gt;, sut: TurnstilesService { })" computerName="DESKTOP-TJ9D65N" duration="00:00:00.0056968" startTime="2022-10-15T21:25:08.1807684+03:00" endTime="2022-10-15T21:25:08.1807684+03:00" testType="13cdc9d9-ddb5-4fa4-a97d-d965ccfc6d4b" outcome="Passed" testListId="8c84fa94-04c1-424b-9868-57a2d4851a1d" relativeResultsDirectory="69f881c4-2315-445c-becd-5c16f66fc0d9" />
    <UnitTestResult executionId="2120426a-6844-4bf3-a41b-1a94ec0a9755" testId="19d28482-22d9-71ae-9996-9f95069301ac" testName="BL.Tests.LiftsSlopesServiceTests.TestAdminAddAutoIncrementLiftSlopeAsync(lift: Lift { LiftID = 103, LiftName = liftNamec85a9a6d-bf65-4bc7-88b6-9e658bad55c4, IsOpen = True, SeatsAmount = 254, LiftingTime = 190, QueueTime = 39, ConnectedSlopes =  }, slope: Slope { SlopeID = 62, SlopeName = slopeNamec465c5bc-8d00-4589-8953-a1f7113079ac, IsOpen = False, DifficultyLevel = 51, ConnectedLifts =  }, slopesRepositoryStub: Mock&lt;ISlopesRepository:3&gt;, liftsRepositoryStub: Mock&lt;ILiftsRepository:8&gt;, liftsSlopesRepositoryStub: Mock&lt;ILiftsSlopesRepository:8&gt;)" computerName="DESKTOP-TJ9D65N" duration="00:00:00.0079891" startTime="2022-10-15T21:25:08.1788344+03:00" endTime="2022-10-15T21:25:08.1788345+03:00" testType="13cdc9d9-ddb5-4fa4-a97d-d965ccfc6d4b" outcome="Passed" testListId="8c84fa94-04c1-424b-9868-57a2d4851a1d" relativeResultsDirectory="2120426a-6844-4bf3-a41b-1a94ec0a9755" />
  </Results>
  <TestDefinitions>
    <UnitTest name="BL.Tests.CheckPermissionsServiceTests.AuthorizedHasNoAccessToAdminSkiPatrolFunctions(functionName: &quot;MarkMessageReadByUserAsync&quot;)" storage="c:\users\alena\desktop\7_sem\testing_and_debugging\skiresort\bl.tests\bin\debug\net6.0\bl.tests.dll" id="9c7df5e2-1b23-ebea-889f-b78ca86b60ab">
      <Execution id="e879863b-57a2-467f-a729-c782326ab7ea" />
      <TestMethod codeBase="C:\Users\alena\Desktop\7_sem\testing_and_debugging\SkiResort\BL.Tests\bin\Debug\net6.0\BL.Tests.dll" adapterTypeName="executor://xunit/VsTestRunner2/netcoreapp" className="BL.Tests.CheckPermissionsServiceTests" name="AuthorizedHasNoAccessToAdminSkiPatrolFunctions" />
    </UnitTest>
    <UnitTest name="BL.Tests.CheckPermissionsServiceTests.UnauthorizedHasNoAccessToAdminSkiPatrolFunctions(functionName: &quot;MarkMessageReadByUserAsync&quot;)" storage="c:\users\alena\desktop\7_sem\testing_and_debugging\skiresort\bl.tests\bin\debug\net6.0\bl.tests.dll" id="a19a5fcf-c5d2-7d44-5d7d-84403042f4e0">
      <Execution id="91547a6d-d020-4ebe-8de3-147b8be826e7" />
      <TestMethod codeBase="C:\Users\alena\Desktop\7_sem\testing_and_debugging\SkiResort\BL.Tests\bin\Debug\net6.0\BL.Tests.dll" adapterTypeName="executor://xunit/VsTestRunner2/netcoreapp" className="BL.Tests.CheckPermissionsServiceTests" name="UnauthorizedHasNoAccessToAdminSkiPatrolFunctions" />
    </UnitTest>
    <UnitTest name="BL.Tests.LiftsServiceTest.TestAdminAddAutoIncrementLiftAsync(userID: 218, lift: Lift { LiftID = 25, LiftName = liftName7597e706-9066-4aa9-b43e-19879d7af1fd, IsOpen = True, SeatsAmount = 12, LiftingTime = 119, QueueTime = 145, ConnectedSlopes =  }, checkPermissionServiceMock: Mock&lt;ICheckPermissionService:5&gt;, liftsRepositoryStub: Mock&lt;ILiftsRepository:5&gt;, sut: LiftsService { })" storage="c:\users\alena\desktop\7_sem\testing_and_debugging\skiresort\bl.tests\bin\debug\net6.0\bl.tests.dll" id="0a1a4554-01f0-6177-f4c3-70ee6e500a8a">
      <Execution id="d0e53e99-dd27-4f75-b7e9-3a2208b2fcf6" />
      <TestMethod codeBase="C:\Users\alena\Desktop\7_sem\testing_and_debugging\SkiResort\BL.Tests\bin\Debug\net6.0\BL.Tests.dll" adapterTypeName="executor://xunit/VsTestRunner2/netcoreapp" className="BL.Tests.LiftsServiceTest" name="TestAdminAddAutoIncrementLiftAsync" />
    </UnitTest>
    <UnitTest name="BL.Tests.CheckPermissionsServiceTests.AuthorizedHasNoAccessToAdminSkiPatrolFunctions(functionName: &quot;GetMessagesAsync&quot;)" storage="c:\users\alena\desktop\7_sem\testing_and_debugging\skiresort\bl.tests\bin\debug\net6.0\bl.tests.dll" id="2602613f-c8e2-a6d9-fcf7-5b27d4a770a6">
      <Execution id="7002d5cc-69b8-4d47-9095-3eda6ce5a5aa" />
      <TestMethod codeBase="C:\Users\alena\Desktop\7_sem\testing_and_debugging\SkiResort\BL.Tests\bin\Debug\net6.0\BL.Tests.dll" adapterTypeName="executor://xunit/VsTestRunner2/netcoreapp" className="BL.Tests.CheckPermissionsServiceTests" name="AuthorizedHasNoAccessToAdminSkiPatrolFunctions" />
    </UnitTest>
    <UnitTest name="BL.Tests.CheckPermissionsServiceTests.AuthorizedHasNoAccessToAdminFunctions" storage="c:\users\alena\desktop\7_sem\testing_and_debugging\skiresort\bl.tests\bin\debug\net6.0\bl.tests.dll" id="a2e59116-cb53-1d70-9cb8-21c286516866">
      <Execution id="7a0c67c8-4597-4fc9-9a7d-d29b74f1071d" />
      <TestMethod codeBase="C:\Users\alena\Desktop\7_sem\testing_and_debugging\SkiResort\BL.Tests\bin\Debug\net6.0\BL.Tests.dll" adapterTypeName="executor://xunit/VsTestRunner2/netcoreapp" className="BL.Tests.CheckPermissionsServiceTests" name="AuthorizedHasNoAccessToAdminFunctions" />
    </UnitTest>
    <UnitTest name="BL.Tests.CheckPermissionsServiceTests.SkiPatrolHasAccessToAdminSkiPatrolFunctions(functionName: &quot;GetMessagesAsync&quot;)" storage="c:\users\alena\desktop\7_sem\testing_and_debugging\skiresort\bl.tests\bin\debug\net6.0\bl.tests.dll" id="c36970dc-93f7-753e-fa47-157133b01644">
      <Execution id="efeeab1e-0b7c-482b-82ac-b52009a9ea75" />
      <TestMethod codeBase="C:\Users\alena\Desktop\7_sem\testing_and_debugging\SkiResort\BL.Tests\bin\Debug\net6.0\BL.Tests.dll" adapterTypeName="executor://xunit/VsTestRunner2/netcoreapp" className="BL.Tests.CheckPermissionsServiceTests" name="SkiPatrolHasAccessToAdminSkiPatrolFunctions" />
    </UnitTest>
    <UnitTest name="BL.Tests.CheckPermissionsServiceTests.AdminHasAccessToAllFunctions" storage="c:\users\alena\desktop\7_sem\testing_and_debugging\skiresort\bl.tests\bin\debug\net6.0\bl.tests.dll" id="f3efc418-a8a6-c7b7-9bac-90b33aa8472f">
      <Execution id="192018a7-f8bd-472d-a5bc-cb37b65b2bcb" />
      <TestMethod codeBase="C:\Users\alena\Desktop\7_sem\testing_and_debugging\SkiResort\BL.Tests\bin\Debug\net6.0\BL.Tests.dll" adapterTypeName="executor://xunit/VsTestRunner2/netcoreapp" className="BL.Tests.CheckPermissionsServiceTests" name="AdminHasAccessToAllFunctions" />
    </UnitTest>
    <UnitTest name="BL.Tests.SlopesServiceTest.TestAdminDeleteSlopeAsync(userID: 89, slope: Slope { SlopeID = 110, SlopeName = slopeName6819ef56-06e0-4966-b9c3-454d4a194ab4, IsOpen = True, DifficultyLevel = 94, ConnectedLifts =  }, checkPermissionServiceMock: Mock&lt;ICheckPermissionService:9&gt;, slopesRepositoryStub: Mock&lt;ISlopesRepository:7&gt;, liftsSlopesRepositoryStub: Mock&lt;ILiftsSlopesRepository:12&gt;, sut: SlopesService { })" storage="c:\users\alena\desktop\7_sem\testing_and_debugging\skiresort\bl.tests\bin\debug\net6.0\bl.tests.dll" id="860e5b70-b84f-1947-cf17-8d19b6a5f899">
      <Execution id="7d7abc72-2589-4886-80ce-d5695faf86c0" />
      <TestMethod codeBase="C:\Users\alena\Desktop\7_sem\testing_and_debugging\SkiResort\BL.Tests\bin\Debug\net6.0\BL.Tests.dll" adapterTypeName="executor://xunit/VsTestRunner2/netcoreapp" className="BL.Tests.SlopesServiceTest" name="TestAdminDeleteSlopeAsync" />
    </UnitTest>
    <UnitTest name="BL.Tests.SlopesServiceTest.TestGetSlopeInfoAsync(userID: 85, slope: Slope { SlopeID = 91, SlopeName = slopeName867b0c0b-5968-4f14-980d-d19c9fa6aa44, IsOpen = True, DifficultyLevel = 220, ConnectedLifts =  }, checkPermissionServiceMock: Mock&lt;ICheckPermissionService:6&gt;, slopesRepositoryStub: Mock&lt;ISlopesRepository:4&gt;, liftsSlopesRepositoryStub: Mock&lt;ILiftsSlopesRepository:9&gt;, sut: SlopesService { })" storage="c:\users\alena\desktop\7_sem\testing_and_debugging\skiresort\bl.tests\bin\debug\net6.0\bl.tests.dll" id="144faa78-6703-1227-e04e-06473e19fd24">
      <Execution id="628e6696-a9e7-455f-a515-c0f05a6c4c8c" />
      <TestMethod codeBase="C:\Users\alena\Desktop\7_sem\testing_and_debugging\SkiResort\BL.Tests\bin\Debug\net6.0\BL.Tests.dll" adapterTypeName="executor://xunit/VsTestRunner2/netcoreapp" className="BL.Tests.SlopesServiceTest" name="TestGetSlopeInfoAsync" />
    </UnitTest>
    <UnitTest name="BL.Tests.UsersServiceTests.TestRegisterUserWithNoPassword" storage="c:\users\alena\desktop\7_sem\testing_and_debugging\skiresort\bl.tests\bin\debug\net6.0\bl.tests.dll" id="f44a1b21-8efc-bfac-63b4-d534442def31">
      <Execution id="9c3c0dce-9a9d-49c8-89dd-b962ae74f3f9" />
      <TestMethod codeBase="C:\Users\alena\Desktop\7_sem\testing_and_debugging\SkiResort\BL.Tests\bin\Debug\net6.0\BL.Tests.dll" adapterTypeName="executor://xunit/VsTestRunner2/netcoreapp" className="BL.Tests.UsersServiceTests" name="TestRegisterUserWithNoPassword" />
    </UnitTest>
    <UnitTest name="BL.Tests.UsersServiceTests.TestAdminGetUserByIDAsync" storage="c:\users\alena\desktop\7_sem\testing_and_debugging\skiresort\bl.tests\bin\debug\net6.0\bl.tests.dll" id="e5497347-2721-b7a6-0bd4-69a9921f6947">
      <Execution id="679d6b16-3a3c-4c11-a302-2d0a9e2ec6b0" />
      <TestMethod codeBase="C:\Users\alena\Desktop\7_sem\testing_and_debugging\SkiResort\BL.Tests\bin\Debug\net6.0\BL.Tests.dll" adapterTypeName="executor://xunit/VsTestRunner2/netcoreapp" className="BL.Tests.UsersServiceTests" name="TestAdminGetUserByIDAsync" />
    </UnitTest>
    <UnitTest name="BL.Tests.UsersServiceTests.TestAdminAddAutoIncrementUser" storage="c:\users\alena\desktop\7_sem\testing_and_debugging\skiresort\bl.tests\bin\debug\net6.0\bl.tests.dll" id="834c739b-eca4-b36d-6a66-5a1bd75377b8">
      <Execution id="3a684d60-20bf-4859-b4c8-64092f744ec0" />
      <TestMethod codeBase="C:\Users\alena\Desktop\7_sem\testing_and_debugging\SkiResort\BL.Tests\bin\Debug\net6.0\BL.Tests.dll" adapterTypeName="executor://xunit/VsTestRunner2/netcoreapp" className="BL.Tests.UsersServiceTests" name="TestAdminAddAutoIncrementUser" />
    </UnitTest>
    <UnitTest name="BL.Tests.CheckPermissionsServiceTests.UnauthorizedHasNoAccessToAdminSkiPatrolFunctions(functionName: &quot;GetLiftsSlopesInfoAsync&quot;)" storage="c:\users\alena\desktop\7_sem\testing_and_debugging\skiresort\bl.tests\bin\debug\net6.0\bl.tests.dll" id="387c9729-48c1-486e-5e67-f5d11a9f0db8">
      <Execution id="32b52dce-6ae3-47f3-b6a6-8f34f8c0e662" />
      <TestMethod codeBase="C:\Users\alena\Desktop\7_sem\testing_and_debugging\SkiResort\BL.Tests\bin\Debug\net6.0\BL.Tests.dll" adapterTypeName="executor://xunit/VsTestRunner2/netcoreapp" className="BL.Tests.CheckPermissionsServiceTests" name="UnauthorizedHasNoAccessToAdminSkiPatrolFunctions" />
    </UnitTest>
    <UnitTest name="BL.Tests.CheckPermissionsServiceTests.SkiPatrolHasAccessToAdminSkiPatrolFunctions(functionName: &quot;MarkMessageReadByUserAsync&quot;)" storage="c:\users\alena\desktop\7_sem\testing_and_debugging\skiresort\bl.tests\bin\debug\net6.0\bl.tests.dll" id="60bd668f-04df-da5e-b79b-5d9aedb5234d">
      <Execution id="7cf2716e-7fd6-450a-9508-c417fc9aebdf" />
      <TestMethod codeBase="C:\Users\alena\Desktop\7_sem\testing_and_debugging\SkiResort\BL.Tests\bin\Debug\net6.0\BL.Tests.dll" adapterTypeName="executor://xunit/VsTestRunner2/netcoreapp" className="BL.Tests.CheckPermissionsServiceTests" name="SkiPatrolHasAccessToAdminSkiPatrolFunctions" />
    </UnitTest>
    <UnitTest name="BL.Tests.CheckPermissionsServiceTests.UnauthorizedHasNoAccessToAdminFunctions" storage="c:\users\alena\desktop\7_sem\testing_and_debugging\skiresort\bl.tests\bin\debug\net6.0\bl.tests.dll" id="e2d7e5be-3dae-33ae-fb17-c704b6fd58d6">
      <Execution id="e5aa51a1-92e7-44fa-af24-5a67f53c15df" />
      <TestMethod codeBase="C:\Users\alena\Desktop\7_sem\testing_and_debugging\SkiResort\BL.Tests\bin\Debug\net6.0\BL.Tests.dll" adapterTypeName="executor://xunit/VsTestRunner2/netcoreapp" className="BL.Tests.CheckPermissionsServiceTests" name="UnauthorizedHasNoAccessToAdminFunctions" />
    </UnitTest>
    <UnitTest name="BL.Tests.UsersServiceTests.TestLogInWithWrongPassword" storage="c:\users\alena\desktop\7_sem\testing_and_debugging\skiresort\bl.tests\bin\debug\net6.0\bl.tests.dll" id="69340bb6-3645-f9dd-971e-29d8b2a009bb">
      <Execution id="9212a4c9-0db4-4e94-afb8-9b27854f2d46" />
      <TestMethod codeBase="C:\Users\alena\Desktop\7_sem\testing_and_debugging\SkiResort\BL.Tests\bin\Debug\net6.0\BL.Tests.dll" adapterTypeName="executor://xunit/VsTestRunner2/netcoreapp" className="BL.Tests.UsersServiceTests" name="TestLogInWithWrongPassword" />
    </UnitTest>
    <UnitTest name="BL.Tests.CheckPermissionsServiceTests.SkiPatrolHasAccessToAdminSkiPatrolFunctions(functionName: &quot;GetLiftsSlopesInfoAsync&quot;)" storage="c:\users\alena\desktop\7_sem\testing_and_debugging\skiresort\bl.tests\bin\debug\net6.0\bl.tests.dll" id="2d706594-f2b3-b3c8-21d4-86c9798c3306">
      <Execution id="ec22ed64-3f1e-4b5d-b4df-454cea8ea734" />
      <TestMethod codeBase="C:\Users\alena\Desktop\7_sem\testing_and_debugging\SkiResort\BL.Tests\bin\Debug\net6.0\BL.Tests.dll" adapterTypeName="executor://xunit/VsTestRunner2/netcoreapp" className="BL.Tests.CheckPermissionsServiceTests" name="SkiPatrolHasAccessToAdminSkiPatrolFunctions" />
    </UnitTest>
    <UnitTest name="BL.Tests.CheckPermissionsServiceTests.SkiPatrolHasNoAccessToAdminFunctions" storage="c:\users\alena\desktop\7_sem\testing_and_debugging\skiresort\bl.tests\bin\debug\net6.0\bl.tests.dll" id="492c0393-35b4-df26-a537-21ca08302f3c">
      <Execution id="d4ef00ea-4ee5-4674-a1f4-2ace3cba805d" />
      <TestMethod codeBase="C:\Users\alena\Desktop\7_sem\testing_and_debugging\SkiResort\BL.Tests\bin\Debug\net6.0\BL.Tests.dll" adapterTypeName="executor://xunit/VsTestRunner2/netcoreapp" className="BL.Tests.CheckPermissionsServiceTests" name="SkiPatrolHasNoAccessToAdminFunctions" />
    </UnitTest>
    <UnitTest name="BL.Tests.TurnstilesServiceTest.TestAdminUpdateTurnstileAsync(userID: 164, turnstile: Turnstile { TurnstileID = 39, LiftID = 68, IsOpen = True }, checkPermissionServiceMock: Mock&lt;ICheckPermissionService:14&gt;, turnstilesRepositoryStub: Mock&lt;ITurnstilesRepository:8&gt;, sut: TurnstilesService { })" storage="c:\users\alena\desktop\7_sem\testing_and_debugging\skiresort\bl.tests\bin\debug\net6.0\bl.tests.dll" id="e4d9ea71-894d-0d46-6199-972c4b07bc26">
      <Execution id="851a2a73-5121-4828-9795-65a3b2804ced" />
      <TestMethod codeBase="C:\Users\alena\Desktop\7_sem\testing_and_debugging\SkiResort\BL.Tests\bin\Debug\net6.0\BL.Tests.dll" adapterTypeName="executor://xunit/VsTestRunner2/netcoreapp" className="BL.Tests.TurnstilesServiceTest" name="TestAdminUpdateTurnstileAsync" />
    </UnitTest>
    <UnitTest name="BL.Tests.LiftsSlopesServiceTests.TestAdminAddAutoIncrementLiftSlopeAsync(lift: Lift { LiftID = 103, LiftName = liftNamec85a9a6d-bf65-4bc7-88b6-9e658bad55c4, IsOpen = True, SeatsAmount = 254, LiftingTime = 190, QueueTime = 39, ConnectedSlopes =  }, slope: Slope { SlopeID = 62, SlopeName = slopeNamec465c5bc-8d00-4589-8953-a1f7113079ac, IsOpen = False, DifficultyLevel = 51, ConnectedLifts =  }, slopesRepositoryStub: Mock&lt;ISlopesRepository:3&gt;, ..." storage="c:\users\alena\desktop\7_sem\testing_and_debugging\skiresort\bl.tests\bin\debug\net6.0\bl.tests.dll" id="19d28482-22d9-71ae-9996-9f95069301ac">
      <Execution id="2120426a-6844-4bf3-a41b-1a94ec0a9755" />
      <TestMethod codeBase="C:\Users\alena\Desktop\7_sem\testing_and_debugging\SkiResort\BL.Tests\bin\Debug\net6.0\BL.Tests.dll" adapterTypeName="executor://xunit/VsTestRunner2/netcoreapp" className="BL.Tests.LiftsSlopesServiceTests" name="TestAdminAddAutoIncrementLiftSlopeAsync" />
    </UnitTest>
    <UnitTest name="BL.Tests.UsersServiceTests.TestAdminDeleteUser" storage="c:\users\alena\desktop\7_sem\testing_and_debugging\skiresort\bl.tests\bin\debug\net6.0\bl.tests.dll" id="18fa8c62-e27d-e1fc-8182-4d7db62b008d">
      <Execution id="e26cf212-ab68-4f55-9001-73600a623c70" />
      <TestMethod codeBase="C:\Users\alena\Desktop\7_sem\testing_and_debugging\SkiResort\BL.Tests\bin\Debug\net6.0\BL.Tests.dll" adapterTypeName="executor://xunit/VsTestRunner2/netcoreapp" className="BL.Tests.UsersServiceTests" name="TestAdminDeleteUser" />
    </UnitTest>
    <UnitTest name="BL.Tests.CheckPermissionsServiceTests.AuthorizedHasAccessToAuthorizedFunctions(functionName: &quot;LogOutAsync&quot;)" storage="c:\users\alena\desktop\7_sem\testing_and_debugging\skiresort\bl.tests\bin\debug\net6.0\bl.tests.dll" id="aa28a6b3-21d3-aa45-24d3-bef2facbc899">
      <Execution id="4d61c2bd-c6cf-4472-8883-c0a0092b21db" />
      <TestMethod codeBase="C:\Users\alena\Desktop\7_sem\testing_and_debugging\SkiResort\BL.Tests\bin\Debug\net6.0\BL.Tests.dll" adapterTypeName="executor://xunit/VsTestRunner2/netcoreapp" className="BL.Tests.CheckPermissionsServiceTests" name="AuthorizedHasAccessToAuthorizedFunctions" />
    </UnitTest>
    <UnitTest name="BL.Tests.UsersServiceTests.TestAdminUpdateUser" storage="c:\users\alena\desktop\7_sem\testing_and_debugging\skiresort\bl.tests\bin\debug\net6.0\bl.tests.dll" id="06d0bc3a-24a0-fb7f-4277-e9ae6d21c7dd">
      <Execution id="dc563af6-0276-4cb3-9b62-5e03f5f44a35" />
      <TestMethod codeBase="C:\Users\alena\Desktop\7_sem\testing_and_debugging\SkiResort\BL.Tests\bin\Debug\net6.0\BL.Tests.dll" adapterTypeName="executor://xunit/VsTestRunner2/netcoreapp" className="BL.Tests.UsersServiceTests" name="TestAdminUpdateUser" />
    </UnitTest>
    <UnitTest name="BL.Tests.UsersServiceTests.TestLogInOk" storage="c:\users\alena\desktop\7_sem\testing_and_debugging\skiresort\bl.tests\bin\debug\net6.0\bl.tests.dll" id="1ca07ad8-f799-c5d4-e7cc-34fd950198a2">
      <Execution id="0165a994-6664-4d8b-9ebf-950c20395aff" />
      <TestMethod codeBase="C:\Users\alena\Desktop\7_sem\testing_and_debugging\SkiResort\BL.Tests\bin\Debug\net6.0\BL.Tests.dll" adapterTypeName="executor://xunit/VsTestRunner2/netcoreapp" className="BL.Tests.UsersServiceTests" name="TestLogInOk" />
    </UnitTest>
    <UnitTest name="BL.Tests.UsersServiceTests.TestAdminGetUsers" storage="c:\users\alena\desktop\7_sem\testing_and_debugging\skiresort\bl.tests\bin\debug\net6.0\bl.tests.dll" id="20ad8570-0170-85de-dcd7-2f109dd7bcd6">
      <Execution id="72c0775d-1fd0-4811-80eb-c96380ee7497" />
      <TestMethod codeBase="C:\Users\alena\Desktop\7_sem\testing_and_debugging\SkiResort\BL.Tests\bin\Debug\net6.0\BL.Tests.dll" adapterTypeName="executor://xunit/VsTestRunner2/netcoreapp" className="BL.Tests.UsersServiceTests" name="TestAdminGetUsers" />
    </UnitTest>
    <UnitTest name="BL.Tests.CheckPermissionsServiceTests.UnauthorizedHasNoAccessToAdminSkiPatrolFunctions(functionName: &quot;GetMessagesAsync&quot;)" storage="c:\users\alena\desktop\7_sem\testing_and_debugging\skiresort\bl.tests\bin\debug\net6.0\bl.tests.dll" id="229812f5-9a73-5335-11f5-31330d1348a5">
      <Execution id="0964768c-9148-49fe-a06f-e698b2837f12" />
      <TestMethod codeBase="C:\Users\alena\Desktop\7_sem\testing_and_debugging\SkiResort\BL.Tests\bin\Debug\net6.0\BL.Tests.dll" adapterTypeName="executor://xunit/VsTestRunner2/netcoreapp" className="BL.Tests.CheckPermissionsServiceTests" name="UnauthorizedHasNoAccessToAdminSkiPatrolFunctions" />
    </UnitTest>
    <UnitTest name="BL.Tests.SlopesServiceTest.TestAdminAddSlopeAsync(userID: 231, slope: Slope { SlopeID = 222, SlopeName = slopeName6ab876d3-3580-4896-b99c-9aef9ab62598, IsOpen = True, DifficultyLevel = 129, ConnectedLifts =  }, checkPermissionServiceMock: Mock&lt;ICheckPermissionService:11&gt;, slopesRepositoryStub: Mock&lt;ISlopesRepository:9&gt;, sut: SlopesService { })" storage="c:\users\alena\desktop\7_sem\testing_and_debugging\skiresort\bl.tests\bin\debug\net6.0\bl.tests.dll" id="3897176d-3c1c-47c1-8538-004e416c3754">
      <Execution id="3fe32ea0-e75b-41ad-b244-2a6ee9888914" />
      <TestMethod codeBase="C:\Users\alena\Desktop\7_sem\testing_and_debugging\SkiResort\BL.Tests\bin\Debug\net6.0\BL.Tests.dll" adapterTypeName="executor://xunit/VsTestRunner2/netcoreapp" className="BL.Tests.SlopesServiceTest" name="TestAdminAddSlopeAsync" />
    </UnitTest>
    <UnitTest name="BL.Tests.SlopesServiceTest.TestAdminAddAutoIncrementSlopeAsync(userID: 46, slope: Slope { SlopeID = 49, SlopeName = slopeName2a81bf93-b1cc-4ce6-beea-a987be4b9636, IsOpen = True, DifficultyLevel = 242, ConnectedLifts =  }, checkPermissionServiceMock: Mock&lt;ICheckPermissionService:10&gt;, slopesRepositoryStub: Mock&lt;ISlopesRepository:8&gt;, sut: SlopesService { })" storage="c:\users\alena\desktop\7_sem\testing_and_debugging\skiresort\bl.tests\bin\debug\net6.0\bl.tests.dll" id="5c4f8618-b362-eb73-0a7c-54d1f3ebd450">
      <Execution id="c8900e17-454c-496e-bf3a-04f8d53bab7c" />
      <TestMethod codeBase="C:\Users\alena\Desktop\7_sem\testing_and_debugging\SkiResort\BL.Tests\bin\Debug\net6.0\BL.Tests.dll" adapterTypeName="executor://xunit/VsTestRunner2/netcoreapp" className="BL.Tests.SlopesServiceTest" name="TestAdminAddAutoIncrementSlopeAsync" />
    </UnitTest>
    <UnitTest name="BL.Tests.LiftsSlopesServiceTests.TestGetLiftsSlopesInfoAsync(liftsSlopes: [LiftSlope { RecordID = 205, LiftID = 99, SlopeID = 124 }, LiftSlope { RecordID = 70, LiftID = 194, SlopeID = 253 }, LiftSlope { RecordID = 158, LiftID = 115, SlopeID = 67 }], slopesRepositoryStub: Mock&lt;ISlopesRepository:1&gt;, liftsRepositoryStub: Mock&lt;ILiftsRepository:6&gt;, liftsSlopesRepositoryStub: Mock&lt;ILiftsSlopesRepository:6&gt;)" storage="c:\users\alena\desktop\7_sem\testing_and_debugging\skiresort\bl.tests\bin\debug\net6.0\bl.tests.dll" id="39be9b5e-0bc4-57dc-37d3-aec6b520299d">
      <Execution id="1b3c3755-de62-4ea9-b1f7-4757bd33b7a7" />
      <TestMethod codeBase="C:\Users\alena\Desktop\7_sem\testing_and_debugging\SkiResort\BL.Tests\bin\Debug\net6.0\BL.Tests.dll" adapterTypeName="executor://xunit/VsTestRunner2/netcoreapp" className="BL.Tests.LiftsSlopesServiceTests" name="TestGetLiftsSlopesInfoAsync" />
    </UnitTest>
    <UnitTest name="BL.Tests.LiftsSlopesServiceTests.TestAdminDeleteLiftSlopeAsync(lift: Lift { LiftID = 237, LiftName = liftNamec54945af-b4a3-4b5d-8108-74887fd5305e, IsOpen = True, SeatsAmount = 1, LiftingTime = 202, QueueTime = 100, ConnectedSlopes =  }, slope: Slope { SlopeID = 75, SlopeName = slopeName899b8286-de5e-4c79-be75-8356d2eab4a7, IsOpen = False, DifficultyLevel = 144, ConnectedLifts =  }, slopesRepositoryStub: Mock&lt;ISlopesRepository:2&gt;, liftsRepos..." storage="c:\users\alena\desktop\7_sem\testing_and_debugging\skiresort\bl.tests\bin\debug\net6.0\bl.tests.dll" id="2dfce00f-d37b-54e1-deb8-7df5cb36d803">
      <Execution id="ca63ac6a-bb8a-4ce5-9359-acffef6a8a0f" />
      <TestMethod codeBase="C:\Users\alena\Desktop\7_sem\testing_and_debugging\SkiResort\BL.Tests\bin\Debug\net6.0\BL.Tests.dll" adapterTypeName="executor://xunit/VsTestRunner2/netcoreapp" className="BL.Tests.LiftsSlopesServiceTests" name="TestAdminDeleteLiftSlopeAsync" />
    </UnitTest>
    <UnitTest name="BL.Tests.TurnstilesServiceTest.TestAdminAddAutoIncrementTurnstileAsync(userID: 171, turnstile: Turnstile { TurnstileID = 179, LiftID = 38, IsOpen = True }, checkPermissionServiceMock: Mock&lt;ICheckPermissionService:16&gt;, turnstilesRepositoryStub: Mock&lt;ITurnstilesRepository:10&gt;, sut: TurnstilesService { })" storage="c:\users\alena\desktop\7_sem\testing_and_debugging\skiresort\bl.tests\bin\debug\net6.0\bl.tests.dll" id="223e579d-3e64-f990-c58e-f8c91122e2b4">
      <Execution id="69f881c4-2315-445c-becd-5c16f66fc0d9" />
      <TestMethod codeBase="C:\Users\alena\Desktop\7_sem\testing_and_debugging\SkiResort\BL.Tests\bin\Debug\net6.0\BL.Tests.dll" adapterTypeName="executor://xunit/VsTestRunner2/netcoreapp" className="BL.Tests.TurnstilesServiceTest" name="TestAdminAddAutoIncrementTurnstileAsync" />
    </UnitTest>
    <UnitTest name="BL.Tests.CheckPermissionsServiceTests.AuthorizedHasNoAccessToAdminSkiPatrolFunctions(functionName: &quot;GetLiftsSlopesInfoAsync&quot;)" storage="c:\users\alena\desktop\7_sem\testing_and_debugging\skiresort\bl.tests\bin\debug\net6.0\bl.tests.dll" id="4f297306-d4f3-8d63-e7f4-1ac0b8c58c74">
      <Execution id="48b97551-1669-43e7-939b-a48d33c49a2c" />
      <TestMethod codeBase="C:\Users\alena\Desktop\7_sem\testing_and_debugging\SkiResort\BL.Tests\bin\Debug\net6.0\BL.Tests.dll" adapterTypeName="executor://xunit/VsTestRunner2/netcoreapp" className="BL.Tests.CheckPermissionsServiceTests" name="AuthorizedHasNoAccessToAdminSkiPatrolFunctions" />
    </UnitTest>
    <UnitTest name="BL.Tests.LiftsServiceTest.TestGetLiftsInfoAsync(userID: 155, initialLifts: [Lift { LiftID = 241, LiftName = liftName13eae9bb-214d-4259-b3bd-d8aad0b089a2, IsOpen = True, SeatsAmount = 214, LiftingTime = 221, QueueTime = 227, ConnectedSlopes =  }, Lift { LiftID = 40, LiftName = liftNamef1d1c905-edb6-4e57-aed1-3de01f3bfa61, IsOpen = False, SeatsAmount = 61, LiftingTime = 20, QueueTime = 115, ConnectedSlopes =  }, Lift { LiftID = 34, LiftName =..." storage="c:\users\alena\desktop\7_sem\testing_and_debugging\skiresort\bl.tests\bin\debug\net6.0\bl.tests.dll" id="d8e2888e-4b80-84f8-f0bb-da5f71c638a6">
      <Execution id="0689725e-6680-4c52-a5ad-72035ddef49b" />
      <TestMethod codeBase="C:\Users\alena\Desktop\7_sem\testing_and_debugging\SkiResort\BL.Tests\bin\Debug\net6.0\BL.Tests.dll" adapterTypeName="executor://xunit/VsTestRunner2/netcoreapp" className="BL.Tests.LiftsServiceTest" name="TestGetLiftsInfoAsync" />
    </UnitTest>
    <UnitTest name="BL.Tests.UsersServiceTests.TestRegisterOk" storage="c:\users\alena\desktop\7_sem\testing_and_debugging\skiresort\bl.tests\bin\debug\net6.0\bl.tests.dll" id="0eeef75f-6e38-7893-a8fe-cff3e0a970a7">
      <Execution id="a2ed1aa8-700b-4fbc-99a5-3f98391ceab6" />
      <TestMethod codeBase="C:\Users\alena\Desktop\7_sem\testing_and_debugging\SkiResort\BL.Tests\bin\Debug\net6.0\BL.Tests.dll" adapterTypeName="executor://xunit/VsTestRunner2/netcoreapp" className="BL.Tests.UsersServiceTests" name="TestRegisterOk" />
    </UnitTest>
    <UnitTest name="BL.Tests.SlopesServiceTest.TestUpdateSlopeInfoAsync(userID: 48, slope: Slope { SlopeID = 44, SlopeName = slopeName997c86a9-e242-42c2-b1d1-d6f06c76997c, IsOpen = True, DifficultyLevel = 112, ConnectedLifts =  }, checkPermissionServiceMock: Mock&lt;ICheckPermissionService:8&gt;, slopesRepositoryStub: Mock&lt;ISlopesRepository:6&gt;, sut: SlopesService { })" storage="c:\users\alena\desktop\7_sem\testing_and_debugging\skiresort\bl.tests\bin\debug\net6.0\bl.tests.dll" id="e7fc63db-6186-c5ae-0635-01bae6edfbd4">
      <Execution id="1ecd1d2a-1412-47bc-8773-553762ae1288" />
      <TestMethod codeBase="C:\Users\alena\Desktop\7_sem\testing_and_debugging\SkiResort\BL.Tests\bin\Debug\net6.0\BL.Tests.dll" adapterTypeName="executor://xunit/VsTestRunner2/netcoreapp" className="BL.Tests.SlopesServiceTest" name="TestUpdateSlopeInfoAsync" />
    </UnitTest>
    <UnitTest name="BL.Tests.SlopesServiceTest.TestGetSlopesInfoAsync(userID: 143, initialSlopes: [Slope { SlopeID = 182, SlopeName = slopeNameff1c2e2c-8de0-4806-8968-2f85242c8a16, IsOpen = True, DifficultyLevel = 40, ConnectedLifts =  }, Slope { SlopeID = 53, SlopeName = slopeName921fbfc0-ab21-42e2-9f02-412771bec329, IsOpen = False, DifficultyLevel = 162, ConnectedLifts =  }, Slope { SlopeID = 249, SlopeName = slopeName4dbc77a6-114e-430d-a176-9656a3cc5978, Is..." storage="c:\users\alena\desktop\7_sem\testing_and_debugging\skiresort\bl.tests\bin\debug\net6.0\bl.tests.dll" id="4166223d-b03e-57f8-34b2-8325fa5ff651">
      <Execution id="d5ee2e54-23ce-4722-bb3c-1c475442b304" />
      <TestMethod codeBase="C:\Users\alena\Desktop\7_sem\testing_and_debugging\SkiResort\BL.Tests\bin\Debug\net6.0\BL.Tests.dll" adapterTypeName="executor://xunit/VsTestRunner2/netcoreapp" className="BL.Tests.SlopesServiceTest" name="TestGetSlopesInfoAsync" />
    </UnitTest>
    <UnitTest name="BL.Tests.CheckPermissionsServiceTests.AuthorizedHasAccessToAuthorizedFunctions(functionName: &quot;SendMessageAsync&quot;)" storage="c:\users\alena\desktop\7_sem\testing_and_debugging\skiresort\bl.tests\bin\debug\net6.0\bl.tests.dll" id="644ec43e-70cd-c82d-42e7-0d990be1414d">
      <Execution id="ecee4622-c2d3-4b08-9f24-3c6714fa1076" />
      <TestMethod codeBase="C:\Users\alena\Desktop\7_sem\testing_and_debugging\SkiResort\BL.Tests\bin\Debug\net6.0\BL.Tests.dll" adapterTypeName="executor://xunit/VsTestRunner2/netcoreapp" className="BL.Tests.CheckPermissionsServiceTests" name="AuthorizedHasAccessToAuthorizedFunctions" />
    </UnitTest>
    <UnitTest name="BL.Tests.CheckPermissionsServiceTests.UnauthorizedHasNoAccessToAuthorizedFunctions(functionName: &quot;LogOutAsync&quot;)" storage="c:\users\alena\desktop\7_sem\testing_and_debugging\skiresort\bl.tests\bin\debug\net6.0\bl.tests.dll" id="fa960c5e-f989-2880-784e-8efe538c5231">
      <Execution id="7c75386d-6254-4e62-9979-69fccbb42d1c" />
      <TestMethod codeBase="C:\Users\alena\Desktop\7_sem\testing_and_debugging\SkiResort\BL.Tests\bin\Debug\net6.0\BL.Tests.dll" adapterTypeName="executor://xunit/VsTestRunner2/netcoreapp" className="BL.Tests.CheckPermissionsServiceTests" name="UnauthorizedHasNoAccessToAuthorizedFunctions" />
    </UnitTest>
    <UnitTest name="BL.Tests.CheckPermissionsServiceTests.UnauthorizedHasNoAccessToAuthorizedFunctions(functionName: &quot;SendMessageAsync&quot;)" storage="c:\users\alena\desktop\7_sem\testing_and_debugging\skiresort\bl.tests\bin\debug\net6.0\bl.tests.dll" id="eaabd2fc-2f4b-5689-59c8-c7ad34a8f634">
      <Execution id="6b112f9b-5762-4d65-9e8d-79b632dd3c12" />
      <TestMethod codeBase="C:\Users\alena\Desktop\7_sem\testing_and_debugging\SkiResort\BL.Tests\bin\Debug\net6.0\BL.Tests.dll" adapterTypeName="executor://xunit/VsTestRunner2/netcoreapp" className="BL.Tests.CheckPermissionsServiceTests" name="UnauthorizedHasNoAccessToAuthorizedFunctions" />
    </UnitTest>
    <UnitTest name="BL.Tests.LiftsServiceTest.TestGetLiftInfoAsync(userID: 76, lift: Lift { LiftID = 27, LiftName = liftNameb4316676-d4e9-4a3b-a9a7-b4b8ae69b1fa, IsOpen = True, SeatsAmount = 115, LiftingTime = 197, QueueTime = 255, ConnectedSlopes =  }, checkPermissionServiceMock: Mock&lt;ICheckPermissionService:1&gt;, liftsRepositoryStub: Mock&lt;ILiftsRepository:1&gt;, liftsSlopesRepositoryStub: Mock&lt;ILiftsSlopesRepository:1&gt;, sut: LiftsService { })" storage="c:\users\alena\desktop\7_sem\testing_and_debugging\skiresort\bl.tests\bin\debug\net6.0\bl.tests.dll" id="7614405e-6a39-163b-aff3-1e01028fb6dc">
      <Execution id="f7ff8ea2-8981-44d4-b401-f24e8635dc10" />
      <TestMethod codeBase="C:\Users\alena\Desktop\7_sem\testing_and_debugging\SkiResort\BL.Tests\bin\Debug\net6.0\BL.Tests.dll" adapterTypeName="executor://xunit/VsTestRunner2/netcoreapp" className="BL.Tests.LiftsServiceTest" name="TestGetLiftInfoAsync" />
    </UnitTest>
    <UnitTest name="BL.Tests.UsersServiceTests.TestRegisterUserWithRepeatedEmail" storage="c:\users\alena\desktop\7_sem\testing_and_debugging\skiresort\bl.tests\bin\debug\net6.0\bl.tests.dll" id="894941c1-bfa7-d8f9-c047-1e1ceefe2c2f">
      <Execution id="58c523f4-813c-4984-afd6-2a46296add33" />
      <TestMethod codeBase="C:\Users\alena\Desktop\7_sem\testing_and_debugging\SkiResort\BL.Tests\bin\Debug\net6.0\BL.Tests.dll" adapterTypeName="executor://xunit/VsTestRunner2/netcoreapp" className="BL.Tests.UsersServiceTests" name="TestRegisterUserWithRepeatedEmail" />
    </UnitTest>
    <UnitTest name="BL.Tests.TurnstilesServiceTest.TestAdminDeleteTurnstileAsync(userID: 218, turnstile: Turnstile { TurnstileID = 24, LiftID = 159, IsOpen = True }, checkPermissionServiceMock: Mock&lt;ICheckPermissionService:15&gt;, turnstilesRepositoryStub: Mock&lt;ITurnstilesRepository:9&gt;, sut: TurnstilesService { })" storage="c:\users\alena\desktop\7_sem\testing_and_debugging\skiresort\bl.tests\bin\debug\net6.0\bl.tests.dll" id="aad4a245-1c32-7711-32e5-32d477ddf285">
      <Execution id="cbb93445-8f95-45f9-86bd-f1a5f383f93d" />
      <TestMethod codeBase="C:\Users\alena\Desktop\7_sem\testing_and_debugging\SkiResort\BL.Tests\bin\Debug\net6.0\BL.Tests.dll" adapterTypeName="executor://xunit/VsTestRunner2/netcoreapp" className="BL.Tests.TurnstilesServiceTest" name="TestAdminDeleteTurnstileAsync" />
    </UnitTest>
    <UnitTest name="BL.Tests.TurnstilesServiceTest.TestAdminGetTurnstilesAsync(userID: 194, initialTurnstiles: [Turnstile { TurnstileID = 175, LiftID = 225, IsOpen = True }, Turnstile { TurnstileID = 13, LiftID = 69, IsOpen = False }, Turnstile { TurnstileID = 96, LiftID = 186, IsOpen = True }], checkPermissionServiceMock: Mock&lt;ICheckPermissionService:13&gt;, turnstilesRepositoryStub: Mock&lt;ITurnstilesRepository:7&gt;, sut: TurnstilesService { })" storage="c:\users\alena\desktop\7_sem\testing_and_debugging\skiresort\bl.tests\bin\debug\net6.0\bl.tests.dll" id="523441cd-f093-db03-3e72-a128d10d8295">
      <Execution id="5dc86038-8988-4f2f-bb5f-4919be87d4cc" />
      <TestMethod codeBase="C:\Users\alena\Desktop\7_sem\testing_and_debugging\SkiResort\BL.Tests\bin\Debug\net6.0\BL.Tests.dll" adapterTypeName="executor://xunit/VsTestRunner2/netcoreapp" className="BL.Tests.TurnstilesServiceTest" name="TestAdminGetTurnstilesAsync" />
    </UnitTest>
    <UnitTest name="BL.Tests.LiftsServiceTest.TestUpdateLiftInfoAsync(userID: 17, lift: Lift { LiftID = 114, LiftName = liftName1ceb828e-7f51-44b7-832c-e4d6b0ac7a1c, IsOpen = True, SeatsAmount = 185, LiftingTime = 81, QueueTime = 33, ConnectedSlopes =  }, checkPermissionServiceMock: Mock&lt;ICheckPermissionService:3&gt;, liftsRepositoryStub: Mock&lt;ILiftsRepository:3&gt;, sut: LiftsService { })" storage="c:\users\alena\desktop\7_sem\testing_and_debugging\skiresort\bl.tests\bin\debug\net6.0\bl.tests.dll" id="ed0e8a92-4d4c-e36f-bf3c-e501fc4ff386">
      <Execution id="84671682-2044-471d-bb0a-6ed84e56bef1" />
      <TestMethod codeBase="C:\Users\alena\Desktop\7_sem\testing_and_debugging\SkiResort\BL.Tests\bin\Debug\net6.0\BL.Tests.dll" adapterTypeName="executor://xunit/VsTestRunner2/netcoreapp" className="BL.Tests.LiftsServiceTest" name="TestUpdateLiftInfoAsync" />
    </UnitTest>
    <UnitTest name="BL.Tests.LiftsServiceTest.TestAdminDeleteLiftAsync(userID: 235, lift: Lift { LiftID = 243, LiftName = liftNamea3de8209-1424-4aa5-8a03-0d7c249e1b57, IsOpen = True, SeatsAmount = 211, LiftingTime = 91, QueueTime = 179, ConnectedSlopes =  }, checkPermissionServiceMock: Mock&lt;ICheckPermissionService:4&gt;, liftsRepositoryStub: Mock&lt;ILiftsRepository:4&gt;, liftsSlopesRepositoryStub: Mock&lt;ILiftsSlopesRepository:4&gt;, sut: LiftsService { })" storage="c:\users\alena\desktop\7_sem\testing_and_debugging\skiresort\bl.tests\bin\debug\net6.0\bl.tests.dll" id="e2b8c27a-60aa-8cea-d688-b14b9a85ad7c">
      <Execution id="70518e91-f828-483e-bd39-503efe397afa" />
      <TestMethod codeBase="C:\Users\alena\Desktop\7_sem\testing_and_debugging\SkiResort\BL.Tests\bin\Debug\net6.0\BL.Tests.dll" adapterTypeName="executor://xunit/VsTestRunner2/netcoreapp" className="BL.Tests.LiftsServiceTest" name="TestAdminDeleteLiftAsync" />
    </UnitTest>
    <UnitTest name="BL.Tests.UsersServiceTests.TestRegisterUserWithNoEmail" storage="c:\users\alena\desktop\7_sem\testing_and_debugging\skiresort\bl.tests\bin\debug\net6.0\bl.tests.dll" id="8184bd30-991c-b78d-b4ec-99a485eac0dd">
      <Execution id="8f14582b-d454-424c-80c9-1558517e19c9" />
      <TestMethod codeBase="C:\Users\alena\Desktop\7_sem\testing_and_debugging\SkiResort\BL.Tests\bin\Debug\net6.0\BL.Tests.dll" adapterTypeName="executor://xunit/VsTestRunner2/netcoreapp" className="BL.Tests.UsersServiceTests" name="TestRegisterUserWithNoEmail" />
    </UnitTest>
    <UnitTest name="BL.Tests.TurnstilesServiceTest.TestAdminGetTurnstileAsync(userID: 249, turnstile: Turnstile { TurnstileID = 17, LiftID = 22, IsOpen = True }, checkPermissionServiceMock: Mock&lt;ICheckPermissionService:12&gt;, turnstilesRepositoryStub: Mock&lt;ITurnstilesRepository:6&gt;, sut: TurnstilesService { })" storage="c:\users\alena\desktop\7_sem\testing_and_debugging\skiresort\bl.tests\bin\debug\net6.0\bl.tests.dll" id="1d7d8aa5-91bb-0e14-a9f0-02adb3b15bc9">
      <Execution id="1592c9cb-ee54-4a89-9268-488e3dd25de1" />
      <TestMethod codeBase="C:\Users\alena\Desktop\7_sem\testing_and_debugging\SkiResort\BL.Tests\bin\Debug\net6.0\BL.Tests.dll" adapterTypeName="executor://xunit/VsTestRunner2/netcoreapp" className="BL.Tests.TurnstilesServiceTest" name="TestAdminGetTurnstileAsync" />
    </UnitTest>
  </TestDefinitions>
  <TestEntries>
    <TestEntry testId="e2b8c27a-60aa-8cea-d688-b14b9a85ad7c" executionId="70518e91-f828-483e-bd39-503efe397afa" testListId="8c84fa94-04c1-424b-9868-57a2d4851a1d" />
    <TestEntry testId="a19a5fcf-c5d2-7d44-5d7d-84403042f4e0" executionId="91547a6d-d020-4ebe-8de3-147b8be826e7" testListId="8c84fa94-04c1-424b-9868-57a2d4851a1d" />
    <TestEntry testId="523441cd-f093-db03-3e72-a128d10d8295" executionId="5dc86038-8988-4f2f-bb5f-4919be87d4cc" testListId="8c84fa94-04c1-424b-9868-57a2d4851a1d" />
    <TestEntry testId="894941c1-bfa7-d8f9-c047-1e1ceefe2c2f" executionId="58c523f4-813c-4984-afd6-2a46296add33" testListId="8c84fa94-04c1-424b-9868-57a2d4851a1d" />
    <TestEntry testId="d8e2888e-4b80-84f8-f0bb-da5f71c638a6" executionId="0689725e-6680-4c52-a5ad-72035ddef49b" testListId="8c84fa94-04c1-424b-9868-57a2d4851a1d" />
    <TestEntry testId="644ec43e-70cd-c82d-42e7-0d990be1414d" executionId="ecee4622-c2d3-4b08-9f24-3c6714fa1076" testListId="8c84fa94-04c1-424b-9868-57a2d4851a1d" />
    <TestEntry testId="69340bb6-3645-f9dd-971e-29d8b2a009bb" executionId="9212a4c9-0db4-4e94-afb8-9b27854f2d46" testListId="8c84fa94-04c1-424b-9868-57a2d4851a1d" />
    <TestEntry testId="229812f5-9a73-5335-11f5-31330d1348a5" executionId="0964768c-9148-49fe-a06f-e698b2837f12" testListId="8c84fa94-04c1-424b-9868-57a2d4851a1d" />
    <TestEntry testId="eaabd2fc-2f4b-5689-59c8-c7ad34a8f634" executionId="6b112f9b-5762-4d65-9e8d-79b632dd3c12" testListId="8c84fa94-04c1-424b-9868-57a2d4851a1d" />
    <TestEntry testId="9c7df5e2-1b23-ebea-889f-b78ca86b60ab" executionId="e879863b-57a2-467f-a729-c782326ab7ea" testListId="8c84fa94-04c1-424b-9868-57a2d4851a1d" />
    <TestEntry testId="144faa78-6703-1227-e04e-06473e19fd24" executionId="628e6696-a9e7-455f-a515-c0f05a6c4c8c" testListId="8c84fa94-04c1-424b-9868-57a2d4851a1d" />
    <TestEntry testId="ed0e8a92-4d4c-e36f-bf3c-e501fc4ff386" executionId="84671682-2044-471d-bb0a-6ed84e56bef1" testListId="8c84fa94-04c1-424b-9868-57a2d4851a1d" />
    <TestEntry testId="1ca07ad8-f799-c5d4-e7cc-34fd950198a2" executionId="0165a994-6664-4d8b-9ebf-950c20395aff" testListId="8c84fa94-04c1-424b-9868-57a2d4851a1d" />
    <TestEntry testId="60bd668f-04df-da5e-b79b-5d9aedb5234d" executionId="7cf2716e-7fd6-450a-9508-c417fc9aebdf" testListId="8c84fa94-04c1-424b-9868-57a2d4851a1d" />
    <TestEntry testId="7614405e-6a39-163b-aff3-1e01028fb6dc" executionId="f7ff8ea2-8981-44d4-b401-f24e8635dc10" testListId="8c84fa94-04c1-424b-9868-57a2d4851a1d" />
    <TestEntry testId="06d0bc3a-24a0-fb7f-4277-e9ae6d21c7dd" executionId="dc563af6-0276-4cb3-9b62-5e03f5f44a35" testListId="8c84fa94-04c1-424b-9868-57a2d4851a1d" />
    <TestEntry testId="5c4f8618-b362-eb73-0a7c-54d1f3ebd450" executionId="c8900e17-454c-496e-bf3a-04f8d53bab7c" testListId="8c84fa94-04c1-424b-9868-57a2d4851a1d" />
    <TestEntry testId="a2e59116-cb53-1d70-9cb8-21c286516866" executionId="7a0c67c8-4597-4fc9-9a7d-d29b74f1071d" testListId="8c84fa94-04c1-424b-9868-57a2d4851a1d" />
    <TestEntry testId="2602613f-c8e2-a6d9-fcf7-5b27d4a770a6" executionId="7002d5cc-69b8-4d47-9095-3eda6ce5a5aa" testListId="8c84fa94-04c1-424b-9868-57a2d4851a1d" />
    <TestEntry testId="492c0393-35b4-df26-a537-21ca08302f3c" executionId="d4ef00ea-4ee5-4674-a1f4-2ace3cba805d" testListId="8c84fa94-04c1-424b-9868-57a2d4851a1d" />
    <TestEntry testId="2d706594-f2b3-b3c8-21d4-86c9798c3306" executionId="ec22ed64-3f1e-4b5d-b4df-454cea8ea734" testListId="8c84fa94-04c1-424b-9868-57a2d4851a1d" />
    <TestEntry testId="f3efc418-a8a6-c7b7-9bac-90b33aa8472f" executionId="192018a7-f8bd-472d-a5bc-cb37b65b2bcb" testListId="8c84fa94-04c1-424b-9868-57a2d4851a1d" />
    <TestEntry testId="834c739b-eca4-b36d-6a66-5a1bd75377b8" executionId="3a684d60-20bf-4859-b4c8-64092f744ec0" testListId="8c84fa94-04c1-424b-9868-57a2d4851a1d" />
    <TestEntry testId="39be9b5e-0bc4-57dc-37d3-aec6b520299d" executionId="1b3c3755-de62-4ea9-b1f7-4757bd33b7a7" testListId="8c84fa94-04c1-424b-9868-57a2d4851a1d" />
    <TestEntry testId="c36970dc-93f7-753e-fa47-157133b01644" executionId="efeeab1e-0b7c-482b-82ac-b52009a9ea75" testListId="8c84fa94-04c1-424b-9868-57a2d4851a1d" />
    <TestEntry testId="0eeef75f-6e38-7893-a8fe-cff3e0a970a7" executionId="a2ed1aa8-700b-4fbc-99a5-3f98391ceab6" testListId="8c84fa94-04c1-424b-9868-57a2d4851a1d" />
    <TestEntry testId="18fa8c62-e27d-e1fc-8182-4d7db62b008d" executionId="e26cf212-ab68-4f55-9001-73600a623c70" testListId="8c84fa94-04c1-424b-9868-57a2d4851a1d" />
    <TestEntry testId="4f297306-d4f3-8d63-e7f4-1ac0b8c58c74" executionId="48b97551-1669-43e7-939b-a48d33c49a2c" testListId="8c84fa94-04c1-424b-9868-57a2d4851a1d" />
    <TestEntry testId="aad4a245-1c32-7711-32e5-32d477ddf285" executionId="cbb93445-8f95-45f9-86bd-f1a5f383f93d" testListId="8c84fa94-04c1-424b-9868-57a2d4851a1d" />
    <TestEntry testId="1d7d8aa5-91bb-0e14-a9f0-02adb3b15bc9" executionId="1592c9cb-ee54-4a89-9268-488e3dd25de1" testListId="8c84fa94-04c1-424b-9868-57a2d4851a1d" />
    <TestEntry testId="e2d7e5be-3dae-33ae-fb17-c704b6fd58d6" executionId="e5aa51a1-92e7-44fa-af24-5a67f53c15df" testListId="8c84fa94-04c1-424b-9868-57a2d4851a1d" />
    <TestEntry testId="e7fc63db-6186-c5ae-0635-01bae6edfbd4" executionId="1ecd1d2a-1412-47bc-8773-553762ae1288" testListId="8c84fa94-04c1-424b-9868-57a2d4851a1d" />
    <TestEntry testId="0a1a4554-01f0-6177-f4c3-70ee6e500a8a" executionId="d0e53e99-dd27-4f75-b7e9-3a2208b2fcf6" testListId="8c84fa94-04c1-424b-9868-57a2d4851a1d" />
    <TestEntry testId="aa28a6b3-21d3-aa45-24d3-bef2facbc899" executionId="4d61c2bd-c6cf-4472-8883-c0a0092b21db" testListId="8c84fa94-04c1-424b-9868-57a2d4851a1d" />
    <TestEntry testId="387c9729-48c1-486e-5e67-f5d11a9f0db8" executionId="32b52dce-6ae3-47f3-b6a6-8f34f8c0e662" testListId="8c84fa94-04c1-424b-9868-57a2d4851a1d" />
    <TestEntry testId="2dfce00f-d37b-54e1-deb8-7df5cb36d803" executionId="ca63ac6a-bb8a-4ce5-9359-acffef6a8a0f" testListId="8c84fa94-04c1-424b-9868-57a2d4851a1d" />
    <TestEntry testId="f44a1b21-8efc-bfac-63b4-d534442def31" executionId="9c3c0dce-9a9d-49c8-89dd-b962ae74f3f9" testListId="8c84fa94-04c1-424b-9868-57a2d4851a1d" />
    <TestEntry testId="fa960c5e-f989-2880-784e-8efe538c5231" executionId="7c75386d-6254-4e62-9979-69fccbb42d1c" testListId="8c84fa94-04c1-424b-9868-57a2d4851a1d" />
    <TestEntry testId="e4d9ea71-894d-0d46-6199-972c4b07bc26" executionId="851a2a73-5121-4828-9795-65a3b2804ced" testListId="8c84fa94-04c1-424b-9868-57a2d4851a1d" />
    <TestEntry testId="860e5b70-b84f-1947-cf17-8d19b6a5f899" executionId="7d7abc72-2589-4886-80ce-d5695faf86c0" testListId="8c84fa94-04c1-424b-9868-57a2d4851a1d" />
    <TestEntry testId="3897176d-3c1c-47c1-8538-004e416c3754" executionId="3fe32ea0-e75b-41ad-b244-2a6ee9888914" testListId="8c84fa94-04c1-424b-9868-57a2d4851a1d" />
    <TestEntry testId="e5497347-2721-b7a6-0bd4-69a9921f6947" executionId="679d6b16-3a3c-4c11-a302-2d0a9e2ec6b0" testListId="8c84fa94-04c1-424b-9868-57a2d4851a1d" />
    <TestEntry testId="8184bd30-991c-b78d-b4ec-99a485eac0dd" executionId="8f14582b-d454-424c-80c9-1558517e19c9" testListId="8c84fa94-04c1-424b-9868-57a2d4851a1d" />
    <TestEntry testId="20ad8570-0170-85de-dcd7-2f109dd7bcd6" executionId="72c0775d-1fd0-4811-80eb-c96380ee7497" testListId="8c84fa94-04c1-424b-9868-57a2d4851a1d" />
    <TestEntry testId="4166223d-b03e-57f8-34b2-8325fa5ff651" executionId="d5ee2e54-23ce-4722-bb3c-1c475442b304" testListId="8c84fa94-04c1-424b-9868-57a2d4851a1d" />
    <TestEntry testId="223e579d-3e64-f990-c58e-f8c91122e2b4" executionId="69f881c4-2315-445c-becd-5c16f66fc0d9" testListId="8c84fa94-04c1-424b-9868-57a2d4851a1d" />
    <TestEntry testId="19d28482-22d9-71ae-9996-9f95069301ac" executionId="2120426a-6844-4bf3-a41b-1a94ec0a9755" testListId="8c84fa94-04c1-424b-9868-57a2d4851a1d" />
  </TestEntries>
  <TestLists>
    <TestList name="Список результатов" id="8c84fa94-04c1-424b-9868-57a2d4851a1d" />
    <TestList name="Все загруженные результаты" id="19431567-8539-422a-85d7-44ee4e166bda" />
  </TestLists>
  <ResultSummary outcome="Completed">
    <Counters total="47" executed="47" passed="47" failed="0" error="0" timeout="0" aborted="0" inconclusive="0" passedButRunAborted="0" notRunnable="0" notExecuted="0" disconnected="0" warning="0" completed="0" inProgress="0" pending="0" />
    <Output>
      <StdOut>[xUnit.net 00:00:00.00] xUnit.net VSTest Adapter v2.4.5+1caef2f33e (64-bit .NET 6.0.3)&#xD;
[xUnit.net 00:00:00.43]   Discovering: BL.Tests&#xD;
[xUnit.net 00:00:00.65]   Discovered:  BL.Tests&#xD;
[xUnit.net 00:00:00.65]   Starting:    BL.Tests&#xD;
[xUnit.net 00:00:00.88]   Finished:    BL.Tests&#xD;
</StdOut>
    </Output>
  </ResultSummary>
</TestRun>