<?xml version="1.0" encoding="utf-8"?>
<TestRun id="ac1b694a-300f-41df-982c-a8c8c1cf4d0d" name="alena@DESKTOP-TJ9D65N 2022-10-15 20:37:58" runUser="DESKTOP-TJ9D65N\alena" xmlns="http://microsoft.com/schemas/VisualStudio/TeamTest/2010">
  <Times creation="2022-10-15T20:37:58.0928621+03:00" queuing="2022-10-15T20:37:58.0928623+03:00" start="2022-10-15T20:37:56.6048059+03:00" finish="2022-10-15T20:37:58.1479172+03:00" />
  <TestSettings name="default" id="7a38e13c-9da1-4e2a-a33f-00abb8915bcd">
    <Deployment runDeploymentRoot="alena_DESKTOP-TJ9D65N_2022-10-15_20_37_58" />
  </TestSettings>
  <Results>
    <UnitTestResult executionId="0997edda-6ac2-44f9-8ffc-9d0e4967e687" testId="78909725-127e-dd12-4f98-b6a94a0a9ea0" testName="BL.Tests.TurnstilesServiceTest.TestAdminGetTurnstilesAsync(userID: 208, initialTurnstiles: [Turnstile { TurnstileID = 60, LiftID = 68, IsOpen = True }, Turnstile { TurnstileID = 219, LiftID = 85, IsOpen = False }, Turnstile { TurnstileID = 221, LiftID = 140, IsOpen = True }], checkPermissionServiceMock: Mock&lt;ICheckPermissionService:13&gt;, turnstilesRepositoryStub: Mock&lt;ITurnstilesRepository:7&gt;, sut: TurnstilesService { })" computerName="DESKTOP-TJ9D65N" duration="00:00:00.0069975" startTime="2022-10-15T20:37:58.0503103+03:00" endTime="2022-10-15T20:37:58.0503104+03:00" testType="13cdc9d9-ddb5-4fa4-a97d-d965ccfc6d4b" outcome="Passed" testListId="8c84fa94-04c1-424b-9868-57a2d4851a1d" relativeResultsDirectory="0997edda-6ac2-44f9-8ffc-9d0e4967e687" />
    <UnitTestResult executionId="f597f8e3-84d0-461c-8f3d-22e208e9793c" testId="229812f5-9a73-5335-11f5-31330d1348a5" testName="BL.Tests.CheckPermissionsServiceTests.UnauthorizedHasNoAccessToAdminSkiPatrolFunctions(functionName: &quot;GetMessagesAsync&quot;)" computerName="DESKTOP-TJ9D65N" duration="00:00:00.0012962" startTime="2022-10-15T20:37:58.0477820+03:00" endTime="2022-10-15T20:37:58.0477820+03:00" testType="13cdc9d9-ddb5-4fa4-a97d-d965ccfc6d4b" outcome="Passed" testListId="8c84fa94-04c1-424b-9868-57a2d4851a1d" relativeResultsDirectory="f597f8e3-84d0-461c-8f3d-22e208e9793c" />
    <UnitTestResult executionId="4e5cc58d-a333-495a-94c8-745d6e34dd69" testId="20ad8570-0170-85de-dcd7-2f109dd7bcd6" testName="BL.Tests.UsersServiceTests.TestAdminGetUsers" computerName="DESKTOP-TJ9D65N" duration="00:00:00.0354776" startTime="2022-10-15T20:37:57.9687033+03:00" endTime="2022-10-15T20:37:57.9687033+03:00" testType="13cdc9d9-ddb5-4fa4-a97d-d965ccfc6d4b" outcome="Passed" testListId="8c84fa94-04c1-424b-9868-57a2d4851a1d" relativeResultsDirectory="4e5cc58d-a333-495a-94c8-745d6e34dd69" />
    <UnitTestResult executionId="f962e223-2f7e-462c-830b-fee86633ab96" testId="f44a1b21-8efc-bfac-63b4-d534442def31" testName="BL.Tests.UsersServiceTests.TestRegisterUserWithNoPassword" computerName="DESKTOP-TJ9D65N" duration="00:00:00.0014641" startTime="2022-10-15T20:37:58.0478375+03:00" endTime="2022-10-15T20:37:58.0478375+03:00" testType="13cdc9d9-ddb5-4fa4-a97d-d965ccfc6d4b" outcome="Passed" testListId="8c84fa94-04c1-424b-9868-57a2d4851a1d" relativeResultsDirectory="f962e223-2f7e-462c-830b-fee86633ab96" />
    <UnitTestResult executionId="44983b34-1953-42ae-bc1f-ce6815a660ef" testId="3870d603-9ef8-df4d-2ded-2090ee47c078" testName="BL.Tests.SlopesServiceTest.TestAdminDeleteSlopeAsync(userID: 148, slope: Slope { SlopeID = 169, SlopeName = slopeName23dd86ca-75a1-40df-a00f-7e7c0b5159f8, IsOpen = True, DifficultyLevel = 161, ConnectedLifts =  }, checkPermissionServiceMock: Mock&lt;ICheckPermissionService:9&gt;, slopesRepositoryStub: Mock&lt;ISlopesRepository:7&gt;, liftsSlopesRepositoryStub: Mock&lt;ILiftsSlopesRepository:12&gt;, sut: SlopesService { })" computerName="DESKTOP-TJ9D65N" duration="00:00:00.0045224" startTime="2022-10-15T20:37:58.0500530+03:00" endTime="2022-10-15T20:37:58.0500530+03:00" testType="13cdc9d9-ddb5-4fa4-a97d-d965ccfc6d4b" outcome="Passed" testListId="8c84fa94-04c1-424b-9868-57a2d4851a1d" relativeResultsDirectory="44983b34-1953-42ae-bc1f-ce6815a660ef" />
    <UnitTestResult executionId="8cc75acb-9e07-4c36-9162-74728270958e" testId="492c0393-35b4-df26-a537-21ca08302f3c" testName="BL.Tests.CheckPermissionsServiceTests.SkiPatrolHasNoAccessToAdminFunctions" computerName="DESKTOP-TJ9D65N" duration="00:00:00.0020799" startTime="2022-10-15T20:37:58.0765238+03:00" endTime="2022-10-15T20:37:58.0765240+03:00" testType="13cdc9d9-ddb5-4fa4-a97d-d965ccfc6d4b" outcome="Passed" testListId="8c84fa94-04c1-424b-9868-57a2d4851a1d" relativeResultsDirectory="8cc75acb-9e07-4c36-9162-74728270958e" />
    <UnitTestResult executionId="86658ddf-ad46-43e2-81fd-8d85c546670d" testId="39be9b5e-0bc4-57dc-37d3-aec6b520299d" testName="BL.Tests.LiftsSlopesServiceTests.TestGetLiftsSlopesInfoAsync(liftsSlopes: [LiftSlope { RecordID = 218, LiftID = 118, SlopeID = 28 }, LiftSlope { RecordID = 44, LiftID = 97, SlopeID = 153 }, LiftSlope { RecordID = 32, LiftID = 48, SlopeID = 242 }], slopesRepositoryStub: Mock&lt;ISlopesRepository:1&gt;, liftsRepositoryStub: Mock&lt;ILiftsRepository:6&gt;, liftsSlopesRepositoryStub: Mock&lt;ILiftsSlopesRepository:6&gt;)" computerName="DESKTOP-TJ9D65N" duration="00:00:00.0043540" startTime="2022-10-15T20:37:58.0492567+03:00" endTime="2022-10-15T20:37:58.0492567+03:00" testType="13cdc9d9-ddb5-4fa4-a97d-d965ccfc6d4b" outcome="Passed" testListId="8c84fa94-04c1-424b-9868-57a2d4851a1d" relativeResultsDirectory="86658ddf-ad46-43e2-81fd-8d85c546670d" />
    <UnitTestResult executionId="9c9af344-f042-4f55-ba2f-0eba78c59cf8" testId="92838c66-15fa-c5da-ad41-9a61cdcfca4a" testName="BL.Tests.LiftsServiceTest.TestUpdateLiftInfoAsync(userID: 205, lift: Lift { LiftID = 12, LiftName = liftName314b4448-3385-42b4-a853-5fa67333b549, IsOpen = True, SeatsAmount = 138, LiftingTime = 228, QueueTime = 62, ConnectedSlopes =  }, checkPermissionServiceMock: Mock&lt;ICheckPermissionService:3&gt;, liftsRepositoryStub: Mock&lt;ILiftsRepository:3&gt;, sut: LiftsService { })" computerName="DESKTOP-TJ9D65N" duration="00:00:00.0064420" startTime="2022-10-15T20:37:58.0537304+03:00" endTime="2022-10-15T20:37:58.0537306+03:00" testType="13cdc9d9-ddb5-4fa4-a97d-d965ccfc6d4b" outcome="Passed" testListId="8c84fa94-04c1-424b-9868-57a2d4851a1d" relativeResultsDirectory="9c9af344-f042-4f55-ba2f-0eba78c59cf8" />
    <UnitTestResult executionId="7407a5dc-6ee0-48c3-a3ce-2c3f1dc90661" testId="0eeef75f-6e38-7893-a8fe-cff3e0a970a7" testName="BL.Tests.UsersServiceTests.TestRegisterOk" computerName="DESKTOP-TJ9D65N" duration="00:00:00.0087247" startTime="2022-10-15T20:37:58.0508763+03:00" endTime="2022-10-15T20:37:58.0508763+03:00" testType="13cdc9d9-ddb5-4fa4-a97d-d965ccfc6d4b" outcome="Passed" testListId="8c84fa94-04c1-424b-9868-57a2d4851a1d" relativeResultsDirectory="7407a5dc-6ee0-48c3-a3ce-2c3f1dc90661" />
    <UnitTestResult executionId="774c9239-ca9e-4b8e-8823-f3aaf5239a7c" testId="d37511d6-5d86-6c71-4986-874c12a158c7" testName="BL.Tests.TurnstilesServiceTest.TestAdminDeleteTurnstileAsync(userID: 155, turnstile: Turnstile { TurnstileID = 64, LiftID = 86, IsOpen = True }, checkPermissionServiceMock: Mock&lt;ICheckPermissionService:15&gt;, turnstilesRepositoryStub: Mock&lt;ITurnstilesRepository:9&gt;, sut: TurnstilesService { })" computerName="DESKTOP-TJ9D65N" duration="00:00:00.0054059" startTime="2022-10-15T20:37:58.0477590+03:00" endTime="2022-10-15T20:37:58.0477591+03:00" testType="13cdc9d9-ddb5-4fa4-a97d-d965ccfc6d4b" outcome="Passed" testListId="8c84fa94-04c1-424b-9868-57a2d4851a1d" relativeResultsDirectory="774c9239-ca9e-4b8e-8823-f3aaf5239a7c" />
    <UnitTestResult executionId="2f0f889e-52b2-47da-9d3b-1acf133bc28b" testId="9c7df5e2-1b23-ebea-889f-b78ca86b60ab" testName="BL.Tests.CheckPermissionsServiceTests.AuthorizedHasNoAccessToAdminSkiPatrolFunctions(functionName: &quot;MarkMessageReadByUserAsync&quot;)" computerName="DESKTOP-TJ9D65N" duration="00:00:00.0014760" startTime="2022-10-15T20:37:58.0555613+03:00" endTime="2022-10-15T20:37:58.0555614+03:00" testType="13cdc9d9-ddb5-4fa4-a97d-d965ccfc6d4b" outcome="Passed" testListId="8c84fa94-04c1-424b-9868-57a2d4851a1d" relativeResultsDirectory="2f0f889e-52b2-47da-9d3b-1acf133bc28b" />
    <UnitTestResult executionId="f6c744c1-54da-49b6-af94-099dc2c92290" testId="7c248934-8e71-5854-d245-1c12a456fc63" testName="BL.Tests.LiftsServiceTest.TestGetLiftInfoAsync(userID: 74, lift: Lift { LiftID = 71, LiftName = liftName340b39f4-9063-403b-8f54-a65b9c3d4b1b, IsOpen = True, SeatsAmount = 132, LiftingTime = 8, QueueTime = 6, ConnectedSlopes =  }, checkPermissionServiceMock: Mock&lt;ICheckPermissionService:1&gt;, liftsRepositoryStub: Mock&lt;ILiftsRepository:1&gt;, liftsSlopesRepositoryStub: Mock&lt;ILiftsSlopesRepository:1&gt;, sut: LiftsService { })" computerName="DESKTOP-TJ9D65N" duration="00:00:00.0325427" startTime="2022-10-15T20:37:57.9686427+03:00" endTime="2022-10-15T20:37:57.9686427+03:00" testType="13cdc9d9-ddb5-4fa4-a97d-d965ccfc6d4b" outcome="Passed" testListId="8c84fa94-04c1-424b-9868-57a2d4851a1d" relativeResultsDirectory="f6c744c1-54da-49b6-af94-099dc2c92290" />
    <UnitTestResult executionId="73cfa4d2-eae0-4e17-80ad-61f40b9ef76e" testId="387c9729-48c1-486e-5e67-f5d11a9f0db8" testName="BL.Tests.CheckPermissionsServiceTests.UnauthorizedHasNoAccessToAdminSkiPatrolFunctions(functionName: &quot;GetLiftsSlopesInfoAsync&quot;)" computerName="DESKTOP-TJ9D65N" duration="00:00:00.0013744" startTime="2022-10-15T20:37:58.0473436+03:00" endTime="2022-10-15T20:37:58.0473436+03:00" testType="13cdc9d9-ddb5-4fa4-a97d-d965ccfc6d4b" outcome="Passed" testListId="8c84fa94-04c1-424b-9868-57a2d4851a1d" relativeResultsDirectory="73cfa4d2-eae0-4e17-80ad-61f40b9ef76e" />
    <UnitTestResult executionId="f65f0c52-b86e-4b85-9799-053ad10d1eb1" testId="894941c1-bfa7-d8f9-c047-1e1ceefe2c2f" testName="BL.Tests.UsersServiceTests.TestRegisterUserWithRepeatedEmail" computerName="DESKTOP-TJ9D65N" duration="00:00:00.0036961" startTime="2022-10-15T20:37:58.0492227+03:00" endTime="2022-10-15T20:37:58.0492228+03:00" testType="13cdc9d9-ddb5-4fa4-a97d-d965ccfc6d4b" outcome="Passed" testListId="8c84fa94-04c1-424b-9868-57a2d4851a1d" relativeResultsDirectory="f65f0c52-b86e-4b85-9799-053ad10d1eb1" />
    <UnitTestResult executionId="240dc0e8-0828-415e-a1e7-429501d8328c" testId="2602613f-c8e2-a6d9-fcf7-5b27d4a770a6" testName="BL.Tests.CheckPermissionsServiceTests.AuthorizedHasNoAccessToAdminSkiPatrolFunctions(functionName: &quot;GetMessagesAsync&quot;)" computerName="DESKTOP-TJ9D65N" duration="00:00:00.0024294" startTime="2022-10-15T20:37:58.0519046+03:00" endTime="2022-10-15T20:37:58.0519047+03:00" testType="13cdc9d9-ddb5-4fa4-a97d-d965ccfc6d4b" outcome="Passed" testListId="8c84fa94-04c1-424b-9868-57a2d4851a1d" relativeResultsDirectory="240dc0e8-0828-415e-a1e7-429501d8328c" />
    <UnitTestResult executionId="42aadd0e-5ceb-4f0d-9a39-72546d8ec79c" testId="d0458a0b-6597-3697-c7fe-3f48f2b0814f" testName="BL.Tests.LiftsServiceTest.TestAdminDeleteLiftAsync(userID: 249, lift: Lift { LiftID = 152, LiftName = liftName559e5d4a-f0f8-43b4-9278-c2f2cd705e58, IsOpen = True, SeatsAmount = 24, LiftingTime = 127, QueueTime = 185, ConnectedSlopes =  }, checkPermissionServiceMock: Mock&lt;ICheckPermissionService:4&gt;, liftsRepositoryStub: Mock&lt;ILiftsRepository:4&gt;, liftsSlopesRepositoryStub: Mock&lt;ILiftsSlopesRepository:4&gt;, sut: LiftsService { })" computerName="DESKTOP-TJ9D65N" duration="00:00:00.0373780" startTime="2022-10-15T20:37:58.0509198+03:00" endTime="2022-10-15T20:37:58.0509199+03:00" testType="13cdc9d9-ddb5-4fa4-a97d-d965ccfc6d4b" outcome="Passed" testListId="8c84fa94-04c1-424b-9868-57a2d4851a1d" relativeResultsDirectory="42aadd0e-5ceb-4f0d-9a39-72546d8ec79c" />
    <UnitTestResult executionId="27993048-4bc2-48ff-afc5-9ca0cb5db2c5" testId="a2e59116-cb53-1d70-9cb8-21c286516866" testName="BL.Tests.CheckPermissionsServiceTests.AuthorizedHasNoAccessToAdminFunctions" computerName="DESKTOP-TJ9D65N" duration="00:00:00.0085097" startTime="2022-10-15T20:37:58.0509727+03:00" endTime="2022-10-15T20:37:58.0509727+03:00" testType="13cdc9d9-ddb5-4fa4-a97d-d965ccfc6d4b" outcome="Passed" testListId="8c84fa94-04c1-424b-9868-57a2d4851a1d" relativeResultsDirectory="27993048-4bc2-48ff-afc5-9ca0cb5db2c5" />
    <UnitTestResult executionId="f5c2153f-cabf-43f1-9579-73569ce8497f" testId="644ec43e-70cd-c82d-42e7-0d990be1414d" testName="BL.Tests.CheckPermissionsServiceTests.AuthorizedHasAccessToAuthorizedFunctions(functionName: &quot;SendMessageAsync&quot;)" computerName="DESKTOP-TJ9D65N" duration="00:00:00.0015903" startTime="2022-10-15T20:37:58.0638905+03:00" endTime="2022-10-15T20:37:58.0638906+03:00" testType="13cdc9d9-ddb5-4fa4-a97d-d965ccfc6d4b" outcome="Passed" testListId="8c84fa94-04c1-424b-9868-57a2d4851a1d" relativeResultsDirectory="f5c2153f-cabf-43f1-9579-73569ce8497f" />
    <UnitTestResult executionId="74a6df85-bd9e-43e6-98cb-2ae4df23db24" testId="8184bd30-991c-b78d-b4ec-99a485eac0dd" testName="BL.Tests.UsersServiceTests.TestRegisterUserWithNoEmail" computerName="DESKTOP-TJ9D65N" duration="00:00:00.0025165" startTime="2022-10-15T20:37:58.0476632+03:00" endTime="2022-10-15T20:37:58.0476632+03:00" testType="13cdc9d9-ddb5-4fa4-a97d-d965ccfc6d4b" outcome="Passed" testListId="8c84fa94-04c1-424b-9868-57a2d4851a1d" relativeResultsDirectory="74a6df85-bd9e-43e6-98cb-2ae4df23db24" />
    <UnitTestResult executionId="c2e85d9e-38ee-44c2-9382-b17819ed5a1b" testId="eaabd2fc-2f4b-5689-59c8-c7ad34a8f634" testName="BL.Tests.CheckPermissionsServiceTests.UnauthorizedHasNoAccessToAuthorizedFunctions(functionName: &quot;SendMessageAsync&quot;)" computerName="DESKTOP-TJ9D65N" duration="00:00:00.0033444" startTime="2022-10-15T20:37:58.0491914+03:00" endTime="2022-10-15T20:37:58.0491915+03:00" testType="13cdc9d9-ddb5-4fa4-a97d-d965ccfc6d4b" outcome="Passed" testListId="8c84fa94-04c1-424b-9868-57a2d4851a1d" relativeResultsDirectory="c2e85d9e-38ee-44c2-9382-b17819ed5a1b" />
    <UnitTestResult executionId="a9fcc50c-5eec-4922-8032-64ca1769ac75" testId="e5497347-2721-b7a6-0bd4-69a9921f6947" testName="BL.Tests.UsersServiceTests.TestAdminGetUserByIDAsync" computerName="DESKTOP-TJ9D65N" duration="00:00:00.0044028" startTime="2022-10-15T20:37:58.0724406+03:00" endTime="2022-10-15T20:37:58.0724408+03:00" testType="13cdc9d9-ddb5-4fa4-a97d-d965ccfc6d4b" outcome="Passed" testListId="8c84fa94-04c1-424b-9868-57a2d4851a1d" relativeResultsDirectory="a9fcc50c-5eec-4922-8032-64ca1769ac75" />
    <UnitTestResult executionId="59899866-a130-4ce7-9be5-57f6880de2f7" testId="577beeeb-9c99-8d03-5be9-05863a49bdeb" testName="BL.Tests.LiftsSlopesServiceTests.TestAdminDeleteLiftSlopeAsync(lift: Lift { LiftID = 209, LiftName = liftName8bd726e4-5bef-4915-bed0-34506af183c6, IsOpen = True, SeatsAmount = 96, LiftingTime = 129, QueueTime = 31, ConnectedSlopes =  }, slope: Slope { SlopeID = 149, SlopeName = slopeName25093694-1f26-41bf-98aa-456d92a7a5dd, IsOpen = False, DifficultyLevel = 139, ConnectedLifts =  }, slopesRepositoryStub: Mock&lt;ISlopesRepository:2&gt;, liftsRepositoryStub: Mock&lt;ILiftsRepository:7&gt;, liftsSlopesRepositoryStub: Mock&lt;ILiftsSlopesRepository:7&gt;)" computerName="DESKTOP-TJ9D65N" duration="00:00:00.0301041" startTime="2022-10-15T20:37:57.9654504+03:00" endTime="2022-10-15T20:37:57.9654717+03:00" testType="13cdc9d9-ddb5-4fa4-a97d-d965ccfc6d4b" outcome="Passed" testListId="8c84fa94-04c1-424b-9868-57a2d4851a1d" relativeResultsDirectory="59899866-a130-4ce7-9be5-57f6880de2f7" />
    <UnitTestResult executionId="65fd9f4c-d423-4065-befd-b996a79d96fd" testId="60bd668f-04df-da5e-b79b-5d9aedb5234d" testName="BL.Tests.CheckPermissionsServiceTests.SkiPatrolHasAccessToAdminSkiPatrolFunctions(functionName: &quot;MarkMessageReadByUserAsync&quot;)" computerName="DESKTOP-TJ9D65N" duration="00:00:00.0013858" startTime="2022-10-15T20:37:58.0502193+03:00" endTime="2022-10-15T20:37:58.0502194+03:00" testType="13cdc9d9-ddb5-4fa4-a97d-d965ccfc6d4b" outcome="Passed" testListId="8c84fa94-04c1-424b-9868-57a2d4851a1d" relativeResultsDirectory="65fd9f4c-d423-4065-befd-b996a79d96fd" />
    <UnitTestResult executionId="f501c9ca-bf00-4d51-96b3-59886969c383" testId="69340bb6-3645-f9dd-971e-29d8b2a009bb" testName="BL.Tests.UsersServiceTests.TestLogInWithWrongPassword" computerName="DESKTOP-TJ9D65N" duration="00:00:00.0032046" startTime="2022-10-15T20:37:58.0561461+03:00" endTime="2022-10-15T20:37:58.0561462+03:00" testType="13cdc9d9-ddb5-4fa4-a97d-d965ccfc6d4b" outcome="Passed" testListId="8c84fa94-04c1-424b-9868-57a2d4851a1d" relativeResultsDirectory="f501c9ca-bf00-4d51-96b3-59886969c383" />
    <UnitTestResult executionId="cfc363a3-958c-43cc-a2fe-ae27c39c7059" testId="e2d7e5be-3dae-33ae-fb17-c704b6fd58d6" testName="BL.Tests.CheckPermissionsServiceTests.UnauthorizedHasNoAccessToAdminFunctions" computerName="DESKTOP-TJ9D65N" duration="00:00:00.0021139" startTime="2022-10-15T20:37:58.0720536+03:00" endTime="2022-10-15T20:37:58.0720538+03:00" testType="13cdc9d9-ddb5-4fa4-a97d-d965ccfc6d4b" outcome="Passed" testListId="8c84fa94-04c1-424b-9868-57a2d4851a1d" relativeResultsDirectory="cfc363a3-958c-43cc-a2fe-ae27c39c7059" />
    <UnitTestResult executionId="e59354b5-3ae9-45d8-976b-f52ac8e8583a" testId="aa28a6b3-21d3-aa45-24d3-bef2facbc899" testName="BL.Tests.CheckPermissionsServiceTests.AuthorizedHasAccessToAuthorizedFunctions(functionName: &quot;LogOutAsync&quot;)" computerName="DESKTOP-TJ9D65N" duration="00:00:00.0012840" startTime="2022-10-15T20:37:58.0674801+03:00" endTime="2022-10-15T20:37:58.0674802+03:00" testType="13cdc9d9-ddb5-4fa4-a97d-d965ccfc6d4b" outcome="Passed" testListId="8c84fa94-04c1-424b-9868-57a2d4851a1d" relativeResultsDirectory="e59354b5-3ae9-45d8-976b-f52ac8e8583a" />
    <UnitTestResult executionId="8a6c4ee0-c18e-4b9e-8975-19a838f4bb4b" testId="c36970dc-93f7-753e-fa47-157133b01644" testName="BL.Tests.CheckPermissionsServiceTests.SkiPatrolHasAccessToAdminSkiPatrolFunctions(functionName: &quot;GetMessagesAsync&quot;)" computerName="DESKTOP-TJ9D65N" duration="00:00:00.0010904" startTime="2022-10-15T20:37:58.0502829+03:00" endTime="2022-10-15T20:37:58.0502830+03:00" testType="13cdc9d9-ddb5-4fa4-a97d-d965ccfc6d4b" outcome="Passed" testListId="8c84fa94-04c1-424b-9868-57a2d4851a1d" relativeResultsDirectory="8a6c4ee0-c18e-4b9e-8975-19a838f4bb4b" />
    <UnitTestResult executionId="34ff5158-747f-4b3c-a559-00b3f54eae8c" testId="997573b1-5b7a-a272-7176-2044d24e3328" testName="BL.Tests.TurnstilesServiceTest.TestAdminUpdateTurnstileAsync(userID: 98, turnstile: Turnstile { TurnstileID = 255, LiftID = 230, IsOpen = True }, checkPermissionServiceMock: Mock&lt;ICheckPermissionService:14&gt;, turnstilesRepositoryStub: Mock&lt;ITurnstilesRepository:8&gt;, sut: TurnstilesService { })" computerName="DESKTOP-TJ9D65N" duration="00:00:00.0050876" startTime="2022-10-15T20:37:58.0492402+03:00" endTime="2022-10-15T20:37:58.0492402+03:00" testType="13cdc9d9-ddb5-4fa4-a97d-d965ccfc6d4b" outcome="Passed" testListId="8c84fa94-04c1-424b-9868-57a2d4851a1d" relativeResultsDirectory="34ff5158-747f-4b3c-a559-00b3f54eae8c" />
    <UnitTestResult executionId="45effae6-5c27-425b-96e4-ba2e156501bb" testId="9c16b3a4-bca2-e7be-f7ac-7b7ff67e5113" testName="BL.Tests.SlopesServiceTest.TestUpdateSlopeInfoAsync(userID: 145, slope: Slope { SlopeID = 146, SlopeName = slopeName9790fa12-e46c-45f0-9f42-d25ce7778498, IsOpen = True, DifficultyLevel = 204, ConnectedLifts =  }, checkPermissionServiceMock: Mock&lt;ICheckPermissionService:8&gt;, slopesRepositoryStub: Mock&lt;ISlopesRepository:6&gt;, sut: SlopesService { })" computerName="DESKTOP-TJ9D65N" duration="00:00:00.0064087" startTime="2022-10-15T20:37:58.0478002+03:00" endTime="2022-10-15T20:37:58.0478002+03:00" testType="13cdc9d9-ddb5-4fa4-a97d-d965ccfc6d4b" outcome="Passed" testListId="8c84fa94-04c1-424b-9868-57a2d4851a1d" relativeResultsDirectory="45effae6-5c27-425b-96e4-ba2e156501bb" />
    <UnitTestResult executionId="a3027c99-c870-4b76-97a0-74a563b61572" testId="834c739b-eca4-b36d-6a66-5a1bd75377b8" testName="BL.Tests.UsersServiceTests.TestAdminAddAutoIncrementUser" computerName="DESKTOP-TJ9D65N" duration="00:00:00.0065479" startTime="2022-10-15T20:37:58.0658718+03:00" endTime="2022-10-15T20:37:58.0658719+03:00" testType="13cdc9d9-ddb5-4fa4-a97d-d965ccfc6d4b" outcome="Passed" testListId="8c84fa94-04c1-424b-9868-57a2d4851a1d" relativeResultsDirectory="a3027c99-c870-4b76-97a0-74a563b61572" />
    <UnitTestResult executionId="5599dc90-9064-4db4-b562-0c0b25447753" testId="1ca07ad8-f799-c5d4-e7cc-34fd950198a2" testName="BL.Tests.UsersServiceTests.TestLogInOk" computerName="DESKTOP-TJ9D65N" duration="00:00:00.0036428" startTime="2022-10-15T20:37:58.0510612+03:00" endTime="2022-10-15T20:37:58.0510612+03:00" testType="13cdc9d9-ddb5-4fa4-a97d-d965ccfc6d4b" outcome="Passed" testListId="8c84fa94-04c1-424b-9868-57a2d4851a1d" relativeResultsDirectory="5599dc90-9064-4db4-b562-0c0b25447753" />
    <UnitTestResult executionId="29acede2-a688-4214-b4b8-dd4aeed24425" testId="31de9c7a-bea8-f9f0-6e2f-688eb1f6a6cc" testName="BL.Tests.SlopesServiceTest.TestAdminAddSlopeAsync(userID: 113, slope: Slope { SlopeID = 145, SlopeName = slopeName7ee90a3b-f4d3-4d13-99da-b287eff5e845, IsOpen = True, DifficultyLevel = 83, ConnectedLifts =  }, checkPermissionServiceMock: Mock&lt;ICheckPermissionService:11&gt;, slopesRepositoryStub: Mock&lt;ISlopesRepository:9&gt;, sut: SlopesService { })" computerName="DESKTOP-TJ9D65N" duration="00:00:00.0042347" startTime="2022-10-15T20:37:58.0502470+03:00" endTime="2022-10-15T20:37:58.0502470+03:00" testType="13cdc9d9-ddb5-4fa4-a97d-d965ccfc6d4b" outcome="Passed" testListId="8c84fa94-04c1-424b-9868-57a2d4851a1d" relativeResultsDirectory="29acede2-a688-4214-b4b8-dd4aeed24425" />
    <UnitTestResult executionId="ebad810c-f9e3-46d2-a1bf-81850ee46ff9" testId="07bfd385-0c41-0670-4e0d-c214d73cb473" testName="BL.Tests.TurnstilesServiceTest.TestAdminGetTurnstileAsync(userID: 15, turnstile: Turnstile { TurnstileID = 54, LiftID = 112, IsOpen = True }, checkPermissionServiceMock: Mock&lt;ICheckPermissionService:12&gt;, turnstilesRepositoryStub: Mock&lt;ITurnstilesRepository:6&gt;, sut: TurnstilesService { })" computerName="DESKTOP-TJ9D65N" duration="00:00:00.0054528" startTime="2022-10-15T20:37:58.0499894+03:00" endTime="2022-10-15T20:37:58.0499895+03:00" testType="13cdc9d9-ddb5-4fa4-a97d-d965ccfc6d4b" outcome="Passed" testListId="8c84fa94-04c1-424b-9868-57a2d4851a1d" relativeResultsDirectory="ebad810c-f9e3-46d2-a1bf-81850ee46ff9" />
    <UnitTestResult executionId="cfa73020-4038-4586-b342-801af044a6a8" testId="18fa8c62-e27d-e1fc-8182-4d7db62b008d" testName="BL.Tests.UsersServiceTests.TestAdminDeleteUser" computerName="DESKTOP-TJ9D65N" duration="00:00:00.0024626" startTime="2022-10-15T20:37:58.0772851+03:00" endTime="2022-10-15T20:37:58.0772852+03:00" testType="13cdc9d9-ddb5-4fa4-a97d-d965ccfc6d4b" outcome="Passed" testListId="8c84fa94-04c1-424b-9868-57a2d4851a1d" relativeResultsDirectory="cfa73020-4038-4586-b342-801af044a6a8" />
    <UnitTestResult executionId="8b1ed0de-ed99-43e8-a279-370a0ef7cfb1" testId="43fae31f-e8a8-d757-2f67-fe76fc0ee13c" testName="BL.Tests.SlopesServiceTest.TestGetSlopesInfoAsync(userID: 23, initialSlopes: [Slope { SlopeID = 160, SlopeName = slopeName79a8453b-d765-4ea1-840c-00afa4e72827, IsOpen = True, DifficultyLevel = 219, ConnectedLifts =  }, Slope { SlopeID = 122, SlopeName = slopeName01298574-672e-4b87-b69f-121647f44d07, IsOpen = False, DifficultyLevel = 8, ConnectedLifts =  }, Slope { SlopeID = 46, SlopeName = slopeName90837693-3dc9-4d06-8a96-9bba5a6f6e74, IsOpen = True, DifficultyLevel = 194, ConnectedLifts =  }], checkPermissionServiceMock: Mock&lt;ICheckPermissionService:7&gt;, slopesRepositoryStub: Mock&lt;ISlopesRepository:5&gt;, liftsSlopesRepositoryStub: Mock&lt;ILiftsSlopesRepository:10&gt;, sut: SlopesService { })" computerName="DESKTOP-TJ9D65N" duration="00:00:00.0175374" startTime="2022-10-15T20:37:58.0548072+03:00" endTime="2022-10-15T20:37:58.0548073+03:00" testType="13cdc9d9-ddb5-4fa4-a97d-d965ccfc6d4b" outcome="Passed" testListId="8c84fa94-04c1-424b-9868-57a2d4851a1d" relativeResultsDirectory="8b1ed0de-ed99-43e8-a279-370a0ef7cfb1" />
    <UnitTestResult executionId="55fab6e2-d745-40a8-be7f-51e29dbabe2e" testId="5adad7c5-6c0c-1ac9-a254-3f3c4141946b" testName="BL.Tests.SlopesServiceTest.TestGetSlopeInfoAsync(userID: 250, slope: Slope { SlopeID = 188, SlopeName = slopeName27bb50b9-f746-441c-956e-094c7c37c1fc, IsOpen = True, DifficultyLevel = 95, ConnectedLifts =  }, checkPermissionServiceMock: Mock&lt;ICheckPermissionService:6&gt;, slopesRepositoryStub: Mock&lt;ISlopesRepository:4&gt;, liftsSlopesRepositoryStub: Mock&lt;ILiftsSlopesRepository:9&gt;, sut: SlopesService { })" computerName="DESKTOP-TJ9D65N" duration="00:00:00.0324418" startTime="2022-10-15T20:37:57.9686607+03:00" endTime="2022-10-15T20:37:57.9686607+03:00" testType="13cdc9d9-ddb5-4fa4-a97d-d965ccfc6d4b" outcome="Passed" testListId="8c84fa94-04c1-424b-9868-57a2d4851a1d" relativeResultsDirectory="55fab6e2-d745-40a8-be7f-51e29dbabe2e" />
    <UnitTestResult executionId="46cdfb50-b6a5-462b-b296-a610390a3e18" testId="f3efc418-a8a6-c7b7-9bac-90b33aa8472f" testName="BL.Tests.CheckPermissionsServiceTests.AdminHasAccessToAllFunctions" computerName="DESKTOP-TJ9D65N" duration="00:00:00.0016267" startTime="2022-10-15T20:37:58.0808467+03:00" endTime="2022-10-15T20:37:58.0808468+03:00" testType="13cdc9d9-ddb5-4fa4-a97d-d965ccfc6d4b" outcome="Passed" testListId="8c84fa94-04c1-424b-9868-57a2d4851a1d" relativeResultsDirectory="46cdfb50-b6a5-462b-b296-a610390a3e18" />
    <UnitTestResult executionId="74eeef7e-b194-476d-8190-33d7d5806a16" testId="fa960c5e-f989-2880-784e-8efe538c5231" testName="BL.Tests.CheckPermissionsServiceTests.UnauthorizedHasNoAccessToAuthorizedFunctions(functionName: &quot;LogOutAsync&quot;)" computerName="DESKTOP-TJ9D65N" duration="00:00:00.0019215" startTime="2022-10-15T20:37:58.0494056+03:00" endTime="2022-10-15T20:37:58.0494056+03:00" testType="13cdc9d9-ddb5-4fa4-a97d-d965ccfc6d4b" outcome="Passed" testListId="8c84fa94-04c1-424b-9868-57a2d4851a1d" relativeResultsDirectory="74eeef7e-b194-476d-8190-33d7d5806a16" />
    <UnitTestResult executionId="713b8410-7993-48fa-9e3a-892c0a1f6d0e" testId="a19a5fcf-c5d2-7d44-5d7d-84403042f4e0" testName="BL.Tests.CheckPermissionsServiceTests.UnauthorizedHasNoAccessToAdminSkiPatrolFunctions(functionName: &quot;MarkMessageReadByUserAsync&quot;)" computerName="DESKTOP-TJ9D65N" duration="00:00:00.0301095" startTime="2022-10-15T20:37:57.9686529+03:00" endTime="2022-10-15T20:37:57.9686529+03:00" testType="13cdc9d9-ddb5-4fa4-a97d-d965ccfc6d4b" outcome="Passed" testListId="8c84fa94-04c1-424b-9868-57a2d4851a1d" relativeResultsDirectory="713b8410-7993-48fa-9e3a-892c0a1f6d0e" />
    <UnitTestResult executionId="6ac6efd3-383c-4964-85bd-7af6c7e72392" testId="b393296a-7f17-ec6d-7f4f-338b2fd8204c" testName="BL.Tests.TurnstilesServiceTest.TestAdminAddAutoIncrementTurnstileAsync(userID: 206, turnstile: Turnstile { TurnstileID = 8, LiftID = 34, IsOpen = True }, checkPermissionServiceMock: Mock&lt;ICheckPermissionService:16&gt;, turnstilesRepositoryStub: Mock&lt;ITurnstilesRepository:10&gt;, sut: TurnstilesService { })" computerName="DESKTOP-TJ9D65N" duration="00:00:00.0315279" startTime="2022-10-15T20:37:57.9686106+03:00" endTime="2022-10-15T20:37:57.9686106+03:00" testType="13cdc9d9-ddb5-4fa4-a97d-d965ccfc6d4b" outcome="Passed" testListId="8c84fa94-04c1-424b-9868-57a2d4851a1d" relativeResultsDirectory="6ac6efd3-383c-4964-85bd-7af6c7e72392" />
    <UnitTestResult executionId="1c995d89-2b7e-49b7-a04f-668d149ff51e" testId="1765d400-7190-cb3e-d146-a5ab61b25c8b" testName="BL.Tests.SlopesServiceTest.TestAdminAddAutoIncrementSlopeAsync(userID: 203, slope: Slope { SlopeID = 245, SlopeName = slopeName10ba08dd-f667-4c83-a7e5-82bd942a35ca, IsOpen = True, DifficultyLevel = 35, ConnectedLifts =  }, checkPermissionServiceMock: Mock&lt;ICheckPermissionService:10&gt;, slopesRepositoryStub: Mock&lt;ISlopesRepository:8&gt;, sut: SlopesService { })" computerName="DESKTOP-TJ9D65N" duration="00:00:00.0064970" startTime="2022-10-15T20:37:58.0493737+03:00" endTime="2022-10-15T20:37:58.0493737+03:00" testType="13cdc9d9-ddb5-4fa4-a97d-d965ccfc6d4b" outcome="Passed" testListId="8c84fa94-04c1-424b-9868-57a2d4851a1d" relativeResultsDirectory="1c995d89-2b7e-49b7-a04f-668d149ff51e" />
    <UnitTestResult executionId="8763b3b4-e03b-4b66-9f43-0cb1219b08e2" testId="74b6d1cc-547f-b09c-08ad-ae1f904c5404" testName="BL.Tests.LiftsServiceTest.TestGetLiftsInfoAsync(userID: 86, initialLifts: [Lift { LiftID = 70, LiftName = liftName026ce7b5-e191-445f-a2a7-65d1c5cc6fe6, IsOpen = True, SeatsAmount = 229, LiftingTime = 240, QueueTime = 34, ConnectedSlopes =  }, Lift { LiftID = 88, LiftName = liftName05e99db2-1bf1-402f-8139-2a567c92b5cd, IsOpen = False, SeatsAmount = 25, LiftingTime = 255, QueueTime = 106, ConnectedSlopes =  }, Lift { LiftID = 63, LiftName = liftName3f549c4a-cca3-4965-af1f-c914b1b26063, IsOpen = True, SeatsAmount = 40, LiftingTime = 12, QueueTime = 131, ConnectedSlopes =  }], checkPermissionServiceMock: Mock&lt;ICheckPermissionService:2&gt;, liftsRepositoryStub: Mock&lt;ILiftsRepository:2&gt;, liftsSlopesRepositoryStub: Mock&lt;ILiftsSlopesRepository:2&gt;, sut: LiftsService { })" computerName="DESKTOP-TJ9D65N" duration="00:00:00.0092866" startTime="2022-10-15T20:37:58.0655524+03:00" endTime="2022-10-15T20:37:58.0655526+03:00" testType="13cdc9d9-ddb5-4fa4-a97d-d965ccfc6d4b" outcome="Passed" testListId="8c84fa94-04c1-424b-9868-57a2d4851a1d" relativeResultsDirectory="8763b3b4-e03b-4b66-9f43-0cb1219b08e2" />
    <UnitTestResult executionId="d3ef0f43-7d31-453e-a3b3-65340e4d8d02" testId="b486f6ba-3c0f-0a8c-4b3a-5131a0315620" testName="BL.Tests.LiftsSlopesServiceTests.TestAdminAddAutoIncrementLiftSlopeAsync(lift: Lift { LiftID = 177, LiftName = liftName669364fe-5f56-470c-b56c-584160c5b210, IsOpen = True, SeatsAmount = 161, LiftingTime = 220, QueueTime = 46, ConnectedSlopes =  }, slope: Slope { SlopeID = 164, SlopeName = slopeName8d1889a0-611c-4878-a7be-8e964ddd8183, IsOpen = False, DifficultyLevel = 82, ConnectedLifts =  }, slopesRepositoryStub: Mock&lt;ISlopesRepository:3&gt;, liftsRepositoryStub: Mock&lt;ILiftsRepository:8&gt;, liftsSlopesRepositoryStub: Mock&lt;ILiftsSlopesRepository:8&gt;)" computerName="DESKTOP-TJ9D65N" duration="00:00:00.0066026" startTime="2022-10-15T20:37:58.0478199+03:00" endTime="2022-10-15T20:37:58.0478199+03:00" testType="13cdc9d9-ddb5-4fa4-a97d-d965ccfc6d4b" outcome="Passed" testListId="8c84fa94-04c1-424b-9868-57a2d4851a1d" relativeResultsDirectory="d3ef0f43-7d31-453e-a3b3-65340e4d8d02" />
    <UnitTestResult executionId="14ad6c40-2fcf-4add-84ca-93218a2a94f6" testId="06d0bc3a-24a0-fb7f-4277-e9ae6d21c7dd" testName="BL.Tests.UsersServiceTests.TestAdminUpdateUser" computerName="DESKTOP-TJ9D65N" duration="00:00:00.0070586" startTime="2022-10-15T20:37:58.0500333+03:00" endTime="2022-10-15T20:37:58.0500333+03:00" testType="13cdc9d9-ddb5-4fa4-a97d-d965ccfc6d4b" outcome="Passed" testListId="8c84fa94-04c1-424b-9868-57a2d4851a1d" relativeResultsDirectory="14ad6c40-2fcf-4add-84ca-93218a2a94f6" />
    <UnitTestResult executionId="0e51a835-d417-4e2c-9b3b-cbf123ceca27" testId="5a8fb599-ab1a-c083-1513-349d302804a2" testName="BL.Tests.LiftsServiceTest.TestAdminAddAutoIncrementLiftAsync(userID: 250, lift: Lift { LiftID = 220, LiftName = liftName39674875-d7e1-4209-bdfe-bc32e700c691, IsOpen = True, SeatsAmount = 31, LiftingTime = 225, QueueTime = 5, ConnectedSlopes =  }, checkPermissionServiceMock: Mock&lt;ICheckPermissionService:5&gt;, liftsRepositoryStub: Mock&lt;ILiftsRepository:5&gt;, sut: LiftsService { })" computerName="DESKTOP-TJ9D65N" duration="00:00:00.0079565" startTime="2022-10-15T20:37:58.0759868+03:00" endTime="2022-10-15T20:37:58.0759869+03:00" testType="13cdc9d9-ddb5-4fa4-a97d-d965ccfc6d4b" outcome="Passed" testListId="8c84fa94-04c1-424b-9868-57a2d4851a1d" relativeResultsDirectory="0e51a835-d417-4e2c-9b3b-cbf123ceca27" />
    <UnitTestResult executionId="a30bb764-c3b3-4d5b-915f-7c8ea6a3f415" testId="4f297306-d4f3-8d63-e7f4-1ac0b8c58c74" testName="BL.Tests.CheckPermissionsServiceTests.AuthorizedHasNoAccessToAdminSkiPatrolFunctions(functionName: &quot;GetLiftsSlopesInfoAsync&quot;)" computerName="DESKTOP-TJ9D65N" duration="00:00:00.0016061" startTime="2022-10-15T20:37:58.0599555+03:00" endTime="2022-10-15T20:37:58.0599556+03:00" testType="13cdc9d9-ddb5-4fa4-a97d-d965ccfc6d4b" outcome="Passed" testListId="8c84fa94-04c1-424b-9868-57a2d4851a1d" relativeResultsDirectory="a30bb764-c3b3-4d5b-915f-7c8ea6a3f415" />
    <UnitTestResult executionId="6cdf73e5-35b7-4447-baf6-0f7a21f80c96" testId="2d706594-f2b3-b3c8-21d4-86c9798c3306" testName="BL.Tests.CheckPermissionsServiceTests.SkiPatrolHasAccessToAdminSkiPatrolFunctions(functionName: &quot;GetLiftsSlopesInfoAsync&quot;)" computerName="DESKTOP-TJ9D65N" duration="00:00:00.0046351" startTime="2022-10-15T20:37:58.0500706+03:00" endTime="2022-10-15T20:37:58.0500707+03:00" testType="13cdc9d9-ddb5-4fa4-a97d-d965ccfc6d4b" outcome="Passed" testListId="8c84fa94-04c1-424b-9868-57a2d4851a1d" relativeResultsDirectory="6cdf73e5-35b7-4447-baf6-0f7a21f80c96" />
  </Results>
  <TestDefinitions>
    <UnitTest name="BL.Tests.CheckPermissionsServiceTests.AuthorizedHasNoAccessToAdminSkiPatrolFunctions(functionName: &quot;MarkMessageReadByUserAsync&quot;)" storage="c:\users\alena\desktop\7_sem\testing_and_debugging\skiresort\bl.tests\bin\debug\net6.0\bl.tests.dll" id="9c7df5e2-1b23-ebea-889f-b78ca86b60ab">
      <Execution id="2f0f889e-52b2-47da-9d3b-1acf133bc28b" />
      <TestMethod codeBase="C:\Users\alena\Desktop\7_sem\testing_and_debugging\SkiResort\BL.Tests\bin\Debug\net6.0\BL.Tests.dll" adapterTypeName="executor://xunit/VsTestRunner2/netcoreapp" className="BL.Tests.CheckPermissionsServiceTests" name="AuthorizedHasNoAccessToAdminSkiPatrolFunctions" />
    </UnitTest>
    <UnitTest name="BL.Tests.CheckPermissionsServiceTests.UnauthorizedHasNoAccessToAdminSkiPatrolFunctions(functionName: &quot;MarkMessageReadByUserAsync&quot;)" storage="c:\users\alena\desktop\7_sem\testing_and_debugging\skiresort\bl.tests\bin\debug\net6.0\bl.tests.dll" id="a19a5fcf-c5d2-7d44-5d7d-84403042f4e0">
      <Execution id="713b8410-7993-48fa-9e3a-892c0a1f6d0e" />
      <TestMethod codeBase="C:\Users\alena\Desktop\7_sem\testing_and_debugging\SkiResort\BL.Tests\bin\Debug\net6.0\BL.Tests.dll" adapterTypeName="executor://xunit/VsTestRunner2/netcoreapp" className="BL.Tests.CheckPermissionsServiceTests" name="UnauthorizedHasNoAccessToAdminSkiPatrolFunctions" />
    </UnitTest>
    <UnitTest name="BL.Tests.CheckPermissionsServiceTests.AuthorizedHasNoAccessToAdminSkiPatrolFunctions(functionName: &quot;GetMessagesAsync&quot;)" storage="c:\users\alena\desktop\7_sem\testing_and_debugging\skiresort\bl.tests\bin\debug\net6.0\bl.tests.dll" id="2602613f-c8e2-a6d9-fcf7-5b27d4a770a6">
      <Execution id="240dc0e8-0828-415e-a1e7-429501d8328c" />
      <TestMethod codeBase="C:\Users\alena\Desktop\7_sem\testing_and_debugging\SkiResort\BL.Tests\bin\Debug\net6.0\BL.Tests.dll" adapterTypeName="executor://xunit/VsTestRunner2/netcoreapp" className="BL.Tests.CheckPermissionsServiceTests" name="AuthorizedHasNoAccessToAdminSkiPatrolFunctions" />
    </UnitTest>
    <UnitTest name="BL.Tests.CheckPermissionsServiceTests.AuthorizedHasNoAccessToAdminFunctions" storage="c:\users\alena\desktop\7_sem\testing_and_debugging\skiresort\bl.tests\bin\debug\net6.0\bl.tests.dll" id="a2e59116-cb53-1d70-9cb8-21c286516866">
      <Execution id="27993048-4bc2-48ff-afc5-9ca0cb5db2c5" />
      <TestMethod codeBase="C:\Users\alena\Desktop\7_sem\testing_and_debugging\SkiResort\BL.Tests\bin\Debug\net6.0\BL.Tests.dll" adapterTypeName="executor://xunit/VsTestRunner2/netcoreapp" className="BL.Tests.CheckPermissionsServiceTests" name="AuthorizedHasNoAccessToAdminFunctions" />
    </UnitTest>
    <UnitTest name="BL.Tests.CheckPermissionsServiceTests.SkiPatrolHasAccessToAdminSkiPatrolFunctions(functionName: &quot;GetMessagesAsync&quot;)" storage="c:\users\alena\desktop\7_sem\testing_and_debugging\skiresort\bl.tests\bin\debug\net6.0\bl.tests.dll" id="c36970dc-93f7-753e-fa47-157133b01644">
      <Execution id="8a6c4ee0-c18e-4b9e-8975-19a838f4bb4b" />
      <TestMethod codeBase="C:\Users\alena\Desktop\7_sem\testing_and_debugging\SkiResort\BL.Tests\bin\Debug\net6.0\BL.Tests.dll" adapterTypeName="executor://xunit/VsTestRunner2/netcoreapp" className="BL.Tests.CheckPermissionsServiceTests" name="SkiPatrolHasAccessToAdminSkiPatrolFunctions" />
    </UnitTest>
    <UnitTest name="BL.Tests.CheckPermissionsServiceTests.AdminHasAccessToAllFunctions" storage="c:\users\alena\desktop\7_sem\testing_and_debugging\skiresort\bl.tests\bin\debug\net6.0\bl.tests.dll" id="f3efc418-a8a6-c7b7-9bac-90b33aa8472f">
      <Execution id="46cdfb50-b6a5-462b-b296-a610390a3e18" />
      <TestMethod codeBase="C:\Users\alena\Desktop\7_sem\testing_and_debugging\SkiResort\BL.Tests\bin\Debug\net6.0\BL.Tests.dll" adapterTypeName="executor://xunit/VsTestRunner2/netcoreapp" className="BL.Tests.CheckPermissionsServiceTests" name="AdminHasAccessToAllFunctions" />
    </UnitTest>
    <UnitTest name="BL.Tests.LiftsServiceTest.TestGetLiftsInfoAsync(userID: 86, initialLifts: [Lift { LiftID = 70, LiftName = liftName026ce7b5-e191-445f-a2a7-65d1c5cc6fe6, IsOpen = True, SeatsAmount = 229, LiftingTime = 240, QueueTime = 34, ConnectedSlopes =  }, Lift { LiftID = 88, LiftName = liftName05e99db2-1bf1-402f-8139-2a567c92b5cd, IsOpen = False, SeatsAmount = 25, LiftingTime = 255, QueueTime = 106, ConnectedSlopes =  }, Lift { LiftID = 63, LiftName = l..." storage="c:\users\alena\desktop\7_sem\testing_and_debugging\skiresort\bl.tests\bin\debug\net6.0\bl.tests.dll" id="74b6d1cc-547f-b09c-08ad-ae1f904c5404">
      <Execution id="8763b3b4-e03b-4b66-9f43-0cb1219b08e2" />
      <TestMethod codeBase="C:\Users\alena\Desktop\7_sem\testing_and_debugging\SkiResort\BL.Tests\bin\Debug\net6.0\BL.Tests.dll" adapterTypeName="executor://xunit/VsTestRunner2/netcoreapp" className="BL.Tests.LiftsServiceTest" name="TestGetLiftsInfoAsync" />
    </UnitTest>
    <UnitTest name="BL.Tests.UsersServiceTests.TestRegisterUserWithNoPassword" storage="c:\users\alena\desktop\7_sem\testing_and_debugging\skiresort\bl.tests\bin\debug\net6.0\bl.tests.dll" id="f44a1b21-8efc-bfac-63b4-d534442def31">
      <Execution id="f962e223-2f7e-462c-830b-fee86633ab96" />
      <TestMethod codeBase="C:\Users\alena\Desktop\7_sem\testing_and_debugging\SkiResort\BL.Tests\bin\Debug\net6.0\BL.Tests.dll" adapterTypeName="executor://xunit/VsTestRunner2/netcoreapp" className="BL.Tests.UsersServiceTests" name="TestRegisterUserWithNoPassword" />
    </UnitTest>
    <UnitTest name="BL.Tests.UsersServiceTests.TestAdminGetUserByIDAsync" storage="c:\users\alena\desktop\7_sem\testing_and_debugging\skiresort\bl.tests\bin\debug\net6.0\bl.tests.dll" id="e5497347-2721-b7a6-0bd4-69a9921f6947">
      <Execution id="a9fcc50c-5eec-4922-8032-64ca1769ac75" />
      <TestMethod codeBase="C:\Users\alena\Desktop\7_sem\testing_and_debugging\SkiResort\BL.Tests\bin\Debug\net6.0\BL.Tests.dll" adapterTypeName="executor://xunit/VsTestRunner2/netcoreapp" className="BL.Tests.UsersServiceTests" name="TestAdminGetUserByIDAsync" />
    </UnitTest>
    <UnitTest name="BL.Tests.SlopesServiceTest.TestAdminAddAutoIncrementSlopeAsync(userID: 203, slope: Slope { SlopeID = 245, SlopeName = slopeName10ba08dd-f667-4c83-a7e5-82bd942a35ca, IsOpen = True, DifficultyLevel = 35, ConnectedLifts =  }, checkPermissionServiceMock: Mock&lt;ICheckPermissionService:10&gt;, slopesRepositoryStub: Mock&lt;ISlopesRepository:8&gt;, sut: SlopesService { })" storage="c:\users\alena\desktop\7_sem\testing_and_debugging\skiresort\bl.tests\bin\debug\net6.0\bl.tests.dll" id="1765d400-7190-cb3e-d146-a5ab61b25c8b">
      <Execution id="1c995d89-2b7e-49b7-a04f-668d149ff51e" />
      <TestMethod codeBase="C:\Users\alena\Desktop\7_sem\testing_and_debugging\SkiResort\BL.Tests\bin\Debug\net6.0\BL.Tests.dll" adapterTypeName="executor://xunit/VsTestRunner2/netcoreapp" className="BL.Tests.SlopesServiceTest" name="TestAdminAddAutoIncrementSlopeAsync" />
    </UnitTest>
    <UnitTest name="BL.Tests.UsersServiceTests.TestAdminAddAutoIncrementUser" storage="c:\users\alena\desktop\7_sem\testing_and_debugging\skiresort\bl.tests\bin\debug\net6.0\bl.tests.dll" id="834c739b-eca4-b36d-6a66-5a1bd75377b8">
      <Execution id="a3027c99-c870-4b76-97a0-74a563b61572" />
      <TestMethod codeBase="C:\Users\alena\Desktop\7_sem\testing_and_debugging\SkiResort\BL.Tests\bin\Debug\net6.0\BL.Tests.dll" adapterTypeName="executor://xunit/VsTestRunner2/netcoreapp" className="BL.Tests.UsersServiceTests" name="TestAdminAddAutoIncrementUser" />
    </UnitTest>
    <UnitTest name="BL.Tests.SlopesServiceTest.TestAdminAddSlopeAsync(userID: 113, slope: Slope { SlopeID = 145, SlopeName = slopeName7ee90a3b-f4d3-4d13-99da-b287eff5e845, IsOpen = True, DifficultyLevel = 83, ConnectedLifts =  }, checkPermissionServiceMock: Mock&lt;ICheckPermissionService:11&gt;, slopesRepositoryStub: Mock&lt;ISlopesRepository:9&gt;, sut: SlopesService { })" storage="c:\users\alena\desktop\7_sem\testing_and_debugging\skiresort\bl.tests\bin\debug\net6.0\bl.tests.dll" id="31de9c7a-bea8-f9f0-6e2f-688eb1f6a6cc">
      <Execution id="29acede2-a688-4214-b4b8-dd4aeed24425" />
      <TestMethod codeBase="C:\Users\alena\Desktop\7_sem\testing_and_debugging\SkiResort\BL.Tests\bin\Debug\net6.0\BL.Tests.dll" adapterTypeName="executor://xunit/VsTestRunner2/netcoreapp" className="BL.Tests.SlopesServiceTest" name="TestAdminAddSlopeAsync" />
    </UnitTest>
    <UnitTest name="BL.Tests.CheckPermissionsServiceTests.UnauthorizedHasNoAccessToAdminSkiPatrolFunctions(functionName: &quot;GetLiftsSlopesInfoAsync&quot;)" storage="c:\users\alena\desktop\7_sem\testing_and_debugging\skiresort\bl.tests\bin\debug\net6.0\bl.tests.dll" id="387c9729-48c1-486e-5e67-f5d11a9f0db8">
      <Execution id="73cfa4d2-eae0-4e17-80ad-61f40b9ef76e" />
      <TestMethod codeBase="C:\Users\alena\Desktop\7_sem\testing_and_debugging\SkiResort\BL.Tests\bin\Debug\net6.0\BL.Tests.dll" adapterTypeName="executor://xunit/VsTestRunner2/netcoreapp" className="BL.Tests.CheckPermissionsServiceTests" name="UnauthorizedHasNoAccessToAdminSkiPatrolFunctions" />
    </UnitTest>
    <UnitTest name="BL.Tests.LiftsServiceTest.TestAdminAddAutoIncrementLiftAsync(userID: 250, lift: Lift { LiftID = 220, LiftName = liftName39674875-d7e1-4209-bdfe-bc32e700c691, IsOpen = True, SeatsAmount = 31, LiftingTime = 225, QueueTime = 5, ConnectedSlopes =  }, checkPermissionServiceMock: Mock&lt;ICheckPermissionService:5&gt;, liftsRepositoryStub: Mock&lt;ILiftsRepository:5&gt;, sut: LiftsService { })" storage="c:\users\alena\desktop\7_sem\testing_and_debugging\skiresort\bl.tests\bin\debug\net6.0\bl.tests.dll" id="5a8fb599-ab1a-c083-1513-349d302804a2">
      <Execution id="0e51a835-d417-4e2c-9b3b-cbf123ceca27" />
      <TestMethod codeBase="C:\Users\alena\Desktop\7_sem\testing_and_debugging\SkiResort\BL.Tests\bin\Debug\net6.0\BL.Tests.dll" adapterTypeName="executor://xunit/VsTestRunner2/netcoreapp" className="BL.Tests.LiftsServiceTest" name="TestAdminAddAutoIncrementLiftAsync" />
    </UnitTest>
    <UnitTest name="BL.Tests.CheckPermissionsServiceTests.SkiPatrolHasAccessToAdminSkiPatrolFunctions(functionName: &quot;MarkMessageReadByUserAsync&quot;)" storage="c:\users\alena\desktop\7_sem\testing_and_debugging\skiresort\bl.tests\bin\debug\net6.0\bl.tests.dll" id="60bd668f-04df-da5e-b79b-5d9aedb5234d">
      <Execution id="65fd9f4c-d423-4065-befd-b996a79d96fd" />
      <TestMethod codeBase="C:\Users\alena\Desktop\7_sem\testing_and_debugging\SkiResort\BL.Tests\bin\Debug\net6.0\BL.Tests.dll" adapterTypeName="executor://xunit/VsTestRunner2/netcoreapp" className="BL.Tests.CheckPermissionsServiceTests" name="SkiPatrolHasAccessToAdminSkiPatrolFunctions" />
    </UnitTest>
    <UnitTest name="BL.Tests.CheckPermissionsServiceTests.UnauthorizedHasNoAccessToAdminFunctions" storage="c:\users\alena\desktop\7_sem\testing_and_debugging\skiresort\bl.tests\bin\debug\net6.0\bl.tests.dll" id="e2d7e5be-3dae-33ae-fb17-c704b6fd58d6">
      <Execution id="cfc363a3-958c-43cc-a2fe-ae27c39c7059" />
      <TestMethod codeBase="C:\Users\alena\Desktop\7_sem\testing_and_debugging\SkiResort\BL.Tests\bin\Debug\net6.0\BL.Tests.dll" adapterTypeName="executor://xunit/VsTestRunner2/netcoreapp" className="BL.Tests.CheckPermissionsServiceTests" name="UnauthorizedHasNoAccessToAdminFunctions" />
    </UnitTest>
    <UnitTest name="BL.Tests.TurnstilesServiceTest.TestAdminDeleteTurnstileAsync(userID: 155, turnstile: Turnstile { TurnstileID = 64, LiftID = 86, IsOpen = True }, checkPermissionServiceMock: Mock&lt;ICheckPermissionService:15&gt;, turnstilesRepositoryStub: Mock&lt;ITurnstilesRepository:9&gt;, sut: TurnstilesService { })" storage="c:\users\alena\desktop\7_sem\testing_and_debugging\skiresort\bl.tests\bin\debug\net6.0\bl.tests.dll" id="d37511d6-5d86-6c71-4986-874c12a158c7">
      <Execution id="774c9239-ca9e-4b8e-8823-f3aaf5239a7c" />
      <TestMethod codeBase="C:\Users\alena\Desktop\7_sem\testing_and_debugging\SkiResort\BL.Tests\bin\Debug\net6.0\BL.Tests.dll" adapterTypeName="executor://xunit/VsTestRunner2/netcoreapp" className="BL.Tests.TurnstilesServiceTest" name="TestAdminDeleteTurnstileAsync" />
    </UnitTest>
    <UnitTest name="BL.Tests.UsersServiceTests.TestLogInWithWrongPassword" storage="c:\users\alena\desktop\7_sem\testing_and_debugging\skiresort\bl.tests\bin\debug\net6.0\bl.tests.dll" id="69340bb6-3645-f9dd-971e-29d8b2a009bb">
      <Execution id="f501c9ca-bf00-4d51-96b3-59886969c383" />
      <TestMethod codeBase="C:\Users\alena\Desktop\7_sem\testing_and_debugging\SkiResort\BL.Tests\bin\Debug\net6.0\BL.Tests.dll" adapterTypeName="executor://xunit/VsTestRunner2/netcoreapp" className="BL.Tests.UsersServiceTests" name="TestLogInWithWrongPassword" />
    </UnitTest>
    <UnitTest name="BL.Tests.CheckPermissionsServiceTests.SkiPatrolHasAccessToAdminSkiPatrolFunctions(functionName: &quot;GetLiftsSlopesInfoAsync&quot;)" storage="c:\users\alena\desktop\7_sem\testing_and_debugging\skiresort\bl.tests\bin\debug\net6.0\bl.tests.dll" id="2d706594-f2b3-b3c8-21d4-86c9798c3306">
      <Execution id="6cdf73e5-35b7-4447-baf6-0f7a21f80c96" />
      <TestMethod codeBase="C:\Users\alena\Desktop\7_sem\testing_and_debugging\SkiResort\BL.Tests\bin\Debug\net6.0\BL.Tests.dll" adapterTypeName="executor://xunit/VsTestRunner2/netcoreapp" className="BL.Tests.CheckPermissionsServiceTests" name="SkiPatrolHasAccessToAdminSkiPatrolFunctions" />
    </UnitTest>
    <UnitTest name="BL.Tests.SlopesServiceTest.TestUpdateSlopeInfoAsync(userID: 145, slope: Slope { SlopeID = 146, SlopeName = slopeName9790fa12-e46c-45f0-9f42-d25ce7778498, IsOpen = True, DifficultyLevel = 204, ConnectedLifts =  }, checkPermissionServiceMock: Mock&lt;ICheckPermissionService:8&gt;, slopesRepositoryStub: Mock&lt;ISlopesRepository:6&gt;, sut: SlopesService { })" storage="c:\users\alena\desktop\7_sem\testing_and_debugging\skiresort\bl.tests\bin\debug\net6.0\bl.tests.dll" id="9c16b3a4-bca2-e7be-f7ac-7b7ff67e5113">
      <Execution id="45effae6-5c27-425b-96e4-ba2e156501bb" />
      <TestMethod codeBase="C:\Users\alena\Desktop\7_sem\testing_and_debugging\SkiResort\BL.Tests\bin\Debug\net6.0\BL.Tests.dll" adapterTypeName="executor://xunit/VsTestRunner2/netcoreapp" className="BL.Tests.SlopesServiceTest" name="TestUpdateSlopeInfoAsync" />
    </UnitTest>
    <UnitTest name="BL.Tests.CheckPermissionsServiceTests.SkiPatrolHasNoAccessToAdminFunctions" storage="c:\users\alena\desktop\7_sem\testing_and_debugging\skiresort\bl.tests\bin\debug\net6.0\bl.tests.dll" id="492c0393-35b4-df26-a537-21ca08302f3c">
      <Execution id="8cc75acb-9e07-4c36-9162-74728270958e" />
      <TestMethod codeBase="C:\Users\alena\Desktop\7_sem\testing_and_debugging\SkiResort\BL.Tests\bin\Debug\net6.0\BL.Tests.dll" adapterTypeName="executor://xunit/VsTestRunner2/netcoreapp" className="BL.Tests.CheckPermissionsServiceTests" name="SkiPatrolHasNoAccessToAdminFunctions" />
    </UnitTest>
    <UnitTest name="BL.Tests.UsersServiceTests.TestAdminDeleteUser" storage="c:\users\alena\desktop\7_sem\testing_and_debugging\skiresort\bl.tests\bin\debug\net6.0\bl.tests.dll" id="18fa8c62-e27d-e1fc-8182-4d7db62b008d">
      <Execution id="cfa73020-4038-4586-b342-801af044a6a8" />
      <TestMethod codeBase="C:\Users\alena\Desktop\7_sem\testing_and_debugging\SkiResort\BL.Tests\bin\Debug\net6.0\BL.Tests.dll" adapterTypeName="executor://xunit/VsTestRunner2/netcoreapp" className="BL.Tests.UsersServiceTests" name="TestAdminDeleteUser" />
    </UnitTest>
    <UnitTest name="BL.Tests.LiftsServiceTest.TestAdminDeleteLiftAsync(userID: 249, lift: Lift { LiftID = 152, LiftName = liftName559e5d4a-f0f8-43b4-9278-c2f2cd705e58, IsOpen = True, SeatsAmount = 24, LiftingTime = 127, QueueTime = 185, ConnectedSlopes =  }, checkPermissionServiceMock: Mock&lt;ICheckPermissionService:4&gt;, liftsRepositoryStub: Mock&lt;ILiftsRepository:4&gt;, liftsSlopesRepositoryStub: Mock&lt;ILiftsSlopesRepository:4&gt;, sut: LiftsService { })" storage="c:\users\alena\desktop\7_sem\testing_and_debugging\skiresort\bl.tests\bin\debug\net6.0\bl.tests.dll" id="d0458a0b-6597-3697-c7fe-3f48f2b0814f">
      <Execution id="42aadd0e-5ceb-4f0d-9a39-72546d8ec79c" />
      <TestMethod codeBase="C:\Users\alena\Desktop\7_sem\testing_and_debugging\SkiResort\BL.Tests\bin\Debug\net6.0\BL.Tests.dll" adapterTypeName="executor://xunit/VsTestRunner2/netcoreapp" className="BL.Tests.LiftsServiceTest" name="TestAdminDeleteLiftAsync" />
    </UnitTest>
    <UnitTest name="BL.Tests.SlopesServiceTest.TestGetSlopesInfoAsync(userID: 23, initialSlopes: [Slope { SlopeID = 160, SlopeName = slopeName79a8453b-d765-4ea1-840c-00afa4e72827, IsOpen = True, DifficultyLevel = 219, ConnectedLifts =  }, Slope { SlopeID = 122, SlopeName = slopeName01298574-672e-4b87-b69f-121647f44d07, IsOpen = False, DifficultyLevel = 8, ConnectedLifts =  }, Slope { SlopeID = 46, SlopeName = slopeName90837693-3dc9-4d06-8a96-9bba5a6f6e74, IsOp..." storage="c:\users\alena\desktop\7_sem\testing_and_debugging\skiresort\bl.tests\bin\debug\net6.0\bl.tests.dll" id="43fae31f-e8a8-d757-2f67-fe76fc0ee13c">
      <Execution id="8b1ed0de-ed99-43e8-a279-370a0ef7cfb1" />
      <TestMethod codeBase="C:\Users\alena\Desktop\7_sem\testing_and_debugging\SkiResort\BL.Tests\bin\Debug\net6.0\BL.Tests.dll" adapterTypeName="executor://xunit/VsTestRunner2/netcoreapp" className="BL.Tests.SlopesServiceTest" name="TestGetSlopesInfoAsync" />
    </UnitTest>
    <UnitTest name="BL.Tests.TurnstilesServiceTest.TestAdminUpdateTurnstileAsync(userID: 98, turnstile: Turnstile { TurnstileID = 255, LiftID = 230, IsOpen = True }, checkPermissionServiceMock: Mock&lt;ICheckPermissionService:14&gt;, turnstilesRepositoryStub: Mock&lt;ITurnstilesRepository:8&gt;, sut: TurnstilesService { })" storage="c:\users\alena\desktop\7_sem\testing_and_debugging\skiresort\bl.tests\bin\debug\net6.0\bl.tests.dll" id="997573b1-5b7a-a272-7176-2044d24e3328">
      <Execution id="34ff5158-747f-4b3c-a559-00b3f54eae8c" />
      <TestMethod codeBase="C:\Users\alena\Desktop\7_sem\testing_and_debugging\SkiResort\BL.Tests\bin\Debug\net6.0\BL.Tests.dll" adapterTypeName="executor://xunit/VsTestRunner2/netcoreapp" className="BL.Tests.TurnstilesServiceTest" name="TestAdminUpdateTurnstileAsync" />
    </UnitTest>
    <UnitTest name="BL.Tests.CheckPermissionsServiceTests.AuthorizedHasAccessToAuthorizedFunctions(functionName: &quot;LogOutAsync&quot;)" storage="c:\users\alena\desktop\7_sem\testing_and_debugging\skiresort\bl.tests\bin\debug\net6.0\bl.tests.dll" id="aa28a6b3-21d3-aa45-24d3-bef2facbc899">
      <Execution id="e59354b5-3ae9-45d8-976b-f52ac8e8583a" />
      <TestMethod codeBase="C:\Users\alena\Desktop\7_sem\testing_and_debugging\SkiResort\BL.Tests\bin\Debug\net6.0\BL.Tests.dll" adapterTypeName="executor://xunit/VsTestRunner2/netcoreapp" className="BL.Tests.CheckPermissionsServiceTests" name="AuthorizedHasAccessToAuthorizedFunctions" />
    </UnitTest>
    <UnitTest name="BL.Tests.LiftsSlopesServiceTests.TestAdminDeleteLiftSlopeAsync(lift: Lift { LiftID = 209, LiftName = liftName8bd726e4-5bef-4915-bed0-34506af183c6, IsOpen = True, SeatsAmount = 96, LiftingTime = 129, QueueTime = 31, ConnectedSlopes =  }, slope: Slope { SlopeID = 149, SlopeName = slopeName25093694-1f26-41bf-98aa-456d92a7a5dd, IsOpen = False, DifficultyLevel = 139, ConnectedLifts =  }, slopesRepositoryStub: Mock&lt;ISlopesRepository:2&gt;, liftsRepo..." storage="c:\users\alena\desktop\7_sem\testing_and_debugging\skiresort\bl.tests\bin\debug\net6.0\bl.tests.dll" id="577beeeb-9c99-8d03-5be9-05863a49bdeb">
      <Execution id="59899866-a130-4ce7-9be5-57f6880de2f7" />
      <TestMethod codeBase="C:\Users\alena\Desktop\7_sem\testing_and_debugging\SkiResort\BL.Tests\bin\Debug\net6.0\BL.Tests.dll" adapterTypeName="executor://xunit/VsTestRunner2/netcoreapp" className="BL.Tests.LiftsSlopesServiceTests" name="TestAdminDeleteLiftSlopeAsync" />
    </UnitTest>
    <UnitTest name="BL.Tests.LiftsSlopesServiceTests.TestAdminAddAutoIncrementLiftSlopeAsync(lift: Lift { LiftID = 177, LiftName = liftName669364fe-5f56-470c-b56c-584160c5b210, IsOpen = True, SeatsAmount = 161, LiftingTime = 220, QueueTime = 46, ConnectedSlopes =  }, slope: Slope { SlopeID = 164, SlopeName = slopeName8d1889a0-611c-4878-a7be-8e964ddd8183, IsOpen = False, DifficultyLevel = 82, ConnectedLifts =  }, slopesRepositoryStub: Mock&lt;ISlopesRepository:3&gt;,..." storage="c:\users\alena\desktop\7_sem\testing_and_debugging\skiresort\bl.tests\bin\debug\net6.0\bl.tests.dll" id="b486f6ba-3c0f-0a8c-4b3a-5131a0315620">
      <Execution id="d3ef0f43-7d31-453e-a3b3-65340e4d8d02" />
      <TestMethod codeBase="C:\Users\alena\Desktop\7_sem\testing_and_debugging\SkiResort\BL.Tests\bin\Debug\net6.0\BL.Tests.dll" adapterTypeName="executor://xunit/VsTestRunner2/netcoreapp" className="BL.Tests.LiftsSlopesServiceTests" name="TestAdminAddAutoIncrementLiftSlopeAsync" />
    </UnitTest>
    <UnitTest name="BL.Tests.UsersServiceTests.TestAdminUpdateUser" storage="c:\users\alena\desktop\7_sem\testing_and_debugging\skiresort\bl.tests\bin\debug\net6.0\bl.tests.dll" id="06d0bc3a-24a0-fb7f-4277-e9ae6d21c7dd">
      <Execution id="14ad6c40-2fcf-4add-84ca-93218a2a94f6" />
      <TestMethod codeBase="C:\Users\alena\Desktop\7_sem\testing_and_debugging\SkiResort\BL.Tests\bin\Debug\net6.0\BL.Tests.dll" adapterTypeName="executor://xunit/VsTestRunner2/netcoreapp" className="BL.Tests.UsersServiceTests" name="TestAdminUpdateUser" />
    </UnitTest>
    <UnitTest name="BL.Tests.LiftsServiceTest.TestUpdateLiftInfoAsync(userID: 205, lift: Lift { LiftID = 12, LiftName = liftName314b4448-3385-42b4-a853-5fa67333b549, IsOpen = True, SeatsAmount = 138, LiftingTime = 228, QueueTime = 62, ConnectedSlopes =  }, checkPermissionServiceMock: Mock&lt;ICheckPermissionService:3&gt;, liftsRepositoryStub: Mock&lt;ILiftsRepository:3&gt;, sut: LiftsService { })" storage="c:\users\alena\desktop\7_sem\testing_and_debugging\skiresort\bl.tests\bin\debug\net6.0\bl.tests.dll" id="92838c66-15fa-c5da-ad41-9a61cdcfca4a">
      <Execution id="9c9af344-f042-4f55-ba2f-0eba78c59cf8" />
      <TestMethod codeBase="C:\Users\alena\Desktop\7_sem\testing_and_debugging\SkiResort\BL.Tests\bin\Debug\net6.0\BL.Tests.dll" adapterTypeName="executor://xunit/VsTestRunner2/netcoreapp" className="BL.Tests.LiftsServiceTest" name="TestUpdateLiftInfoAsync" />
    </UnitTest>
    <UnitTest name="BL.Tests.UsersServiceTests.TestLogInOk" storage="c:\users\alena\desktop\7_sem\testing_and_debugging\skiresort\bl.tests\bin\debug\net6.0\bl.tests.dll" id="1ca07ad8-f799-c5d4-e7cc-34fd950198a2">
      <Execution id="5599dc90-9064-4db4-b562-0c0b25447753" />
      <TestMethod codeBase="C:\Users\alena\Desktop\7_sem\testing_and_debugging\SkiResort\BL.Tests\bin\Debug\net6.0\BL.Tests.dll" adapterTypeName="executor://xunit/VsTestRunner2/netcoreapp" className="BL.Tests.UsersServiceTests" name="TestLogInOk" />
    </UnitTest>
    <UnitTest name="BL.Tests.SlopesServiceTest.TestGetSlopeInfoAsync(userID: 250, slope: Slope { SlopeID = 188, SlopeName = slopeName27bb50b9-f746-441c-956e-094c7c37c1fc, IsOpen = True, DifficultyLevel = 95, ConnectedLifts =  }, checkPermissionServiceMock: Mock&lt;ICheckPermissionService:6&gt;, slopesRepositoryStub: Mock&lt;ISlopesRepository:4&gt;, liftsSlopesRepositoryStub: Mock&lt;ILiftsSlopesRepository:9&gt;, sut: SlopesService { })" storage="c:\users\alena\desktop\7_sem\testing_and_debugging\skiresort\bl.tests\bin\debug\net6.0\bl.tests.dll" id="5adad7c5-6c0c-1ac9-a254-3f3c4141946b">
      <Execution id="55fab6e2-d745-40a8-be7f-51e29dbabe2e" />
      <TestMethod codeBase="C:\Users\alena\Desktop\7_sem\testing_and_debugging\SkiResort\BL.Tests\bin\Debug\net6.0\BL.Tests.dll" adapterTypeName="executor://xunit/VsTestRunner2/netcoreapp" className="BL.Tests.SlopesServiceTest" name="TestGetSlopeInfoAsync" />
    </UnitTest>
    <UnitTest name="BL.Tests.UsersServiceTests.TestAdminGetUsers" storage="c:\users\alena\desktop\7_sem\testing_and_debugging\skiresort\bl.tests\bin\debug\net6.0\bl.tests.dll" id="20ad8570-0170-85de-dcd7-2f109dd7bcd6">
      <Execution id="4e5cc58d-a333-495a-94c8-745d6e34dd69" />
      <TestMethod codeBase="C:\Users\alena\Desktop\7_sem\testing_and_debugging\SkiResort\BL.Tests\bin\Debug\net6.0\BL.Tests.dll" adapterTypeName="executor://xunit/VsTestRunner2/netcoreapp" className="BL.Tests.UsersServiceTests" name="TestAdminGetUsers" />
    </UnitTest>
    <UnitTest name="BL.Tests.CheckPermissionsServiceTests.UnauthorizedHasNoAccessToAdminSkiPatrolFunctions(functionName: &quot;GetMessagesAsync&quot;)" storage="c:\users\alena\desktop\7_sem\testing_and_debugging\skiresort\bl.tests\bin\debug\net6.0\bl.tests.dll" id="229812f5-9a73-5335-11f5-31330d1348a5">
      <Execution id="f597f8e3-84d0-461c-8f3d-22e208e9793c" />
      <TestMethod codeBase="C:\Users\alena\Desktop\7_sem\testing_and_debugging\SkiResort\BL.Tests\bin\Debug\net6.0\BL.Tests.dll" adapterTypeName="executor://xunit/VsTestRunner2/netcoreapp" className="BL.Tests.CheckPermissionsServiceTests" name="UnauthorizedHasNoAccessToAdminSkiPatrolFunctions" />
    </UnitTest>
    <UnitTest name="BL.Tests.LiftsSlopesServiceTests.TestGetLiftsSlopesInfoAsync(liftsSlopes: [LiftSlope { RecordID = 218, LiftID = 118, SlopeID = 28 }, LiftSlope { RecordID = 44, LiftID = 97, SlopeID = 153 }, LiftSlope { RecordID = 32, LiftID = 48, SlopeID = 242 }], slopesRepositoryStub: Mock&lt;ISlopesRepository:1&gt;, liftsRepositoryStub: Mock&lt;ILiftsRepository:6&gt;, liftsSlopesRepositoryStub: Mock&lt;ILiftsSlopesRepository:6&gt;)" storage="c:\users\alena\desktop\7_sem\testing_and_debugging\skiresort\bl.tests\bin\debug\net6.0\bl.tests.dll" id="39be9b5e-0bc4-57dc-37d3-aec6b520299d">
      <Execution id="86658ddf-ad46-43e2-81fd-8d85c546670d" />
      <TestMethod codeBase="C:\Users\alena\Desktop\7_sem\testing_and_debugging\SkiResort\BL.Tests\bin\Debug\net6.0\BL.Tests.dll" adapterTypeName="executor://xunit/VsTestRunner2/netcoreapp" className="BL.Tests.LiftsSlopesServiceTests" name="TestGetLiftsSlopesInfoAsync" />
    </UnitTest>
    <UnitTest name="BL.Tests.CheckPermissionsServiceTests.AuthorizedHasNoAccessToAdminSkiPatrolFunctions(functionName: &quot;GetLiftsSlopesInfoAsync&quot;)" storage="c:\users\alena\desktop\7_sem\testing_and_debugging\skiresort\bl.tests\bin\debug\net6.0\bl.tests.dll" id="4f297306-d4f3-8d63-e7f4-1ac0b8c58c74">
      <Execution id="a30bb764-c3b3-4d5b-915f-7c8ea6a3f415" />
      <TestMethod codeBase="C:\Users\alena\Desktop\7_sem\testing_and_debugging\SkiResort\BL.Tests\bin\Debug\net6.0\BL.Tests.dll" adapterTypeName="executor://xunit/VsTestRunner2/netcoreapp" className="BL.Tests.CheckPermissionsServiceTests" name="AuthorizedHasNoAccessToAdminSkiPatrolFunctions" />
    </UnitTest>
    <UnitTest name="BL.Tests.UsersServiceTests.TestRegisterOk" storage="c:\users\alena\desktop\7_sem\testing_and_debugging\skiresort\bl.tests\bin\debug\net6.0\bl.tests.dll" id="0eeef75f-6e38-7893-a8fe-cff3e0a970a7">
      <Execution id="7407a5dc-6ee0-48c3-a3ce-2c3f1dc90661" />
      <TestMethod codeBase="C:\Users\alena\Desktop\7_sem\testing_and_debugging\SkiResort\BL.Tests\bin\Debug\net6.0\BL.Tests.dll" adapterTypeName="executor://xunit/VsTestRunner2/netcoreapp" className="BL.Tests.UsersServiceTests" name="TestRegisterOk" />
    </UnitTest>
    <UnitTest name="BL.Tests.TurnstilesServiceTest.TestAdminGetTurnstilesAsync(userID: 208, initialTurnstiles: [Turnstile { TurnstileID = 60, LiftID = 68, IsOpen = True }, Turnstile { TurnstileID = 219, LiftID = 85, IsOpen = False }, Turnstile { TurnstileID = 221, LiftID = 140, IsOpen = True }], checkPermissionServiceMock: Mock&lt;ICheckPermissionService:13&gt;, turnstilesRepositoryStub: Mock&lt;ITurnstilesRepository:7&gt;, sut: TurnstilesService { })" storage="c:\users\alena\desktop\7_sem\testing_and_debugging\skiresort\bl.tests\bin\debug\net6.0\bl.tests.dll" id="78909725-127e-dd12-4f98-b6a94a0a9ea0">
      <Execution id="0997edda-6ac2-44f9-8ffc-9d0e4967e687" />
      <TestMethod codeBase="C:\Users\alena\Desktop\7_sem\testing_and_debugging\SkiResort\BL.Tests\bin\Debug\net6.0\BL.Tests.dll" adapterTypeName="executor://xunit/VsTestRunner2/netcoreapp" className="BL.Tests.TurnstilesServiceTest" name="TestAdminGetTurnstilesAsync" />
    </UnitTest>
    <UnitTest name="BL.Tests.CheckPermissionsServiceTests.AuthorizedHasAccessToAuthorizedFunctions(functionName: &quot;SendMessageAsync&quot;)" storage="c:\users\alena\desktop\7_sem\testing_and_debugging\skiresort\bl.tests\bin\debug\net6.0\bl.tests.dll" id="644ec43e-70cd-c82d-42e7-0d990be1414d">
      <Execution id="f5c2153f-cabf-43f1-9579-73569ce8497f" />
      <TestMethod codeBase="C:\Users\alena\Desktop\7_sem\testing_and_debugging\SkiResort\BL.Tests\bin\Debug\net6.0\BL.Tests.dll" adapterTypeName="executor://xunit/VsTestRunner2/netcoreapp" className="BL.Tests.CheckPermissionsServiceTests" name="AuthorizedHasAccessToAuthorizedFunctions" />
    </UnitTest>
    <UnitTest name="BL.Tests.CheckPermissionsServiceTests.UnauthorizedHasNoAccessToAuthorizedFunctions(functionName: &quot;LogOutAsync&quot;)" storage="c:\users\alena\desktop\7_sem\testing_and_debugging\skiresort\bl.tests\bin\debug\net6.0\bl.tests.dll" id="fa960c5e-f989-2880-784e-8efe538c5231">
      <Execution id="74eeef7e-b194-476d-8190-33d7d5806a16" />
      <TestMethod codeBase="C:\Users\alena\Desktop\7_sem\testing_and_debugging\SkiResort\BL.Tests\bin\Debug\net6.0\BL.Tests.dll" adapterTypeName="executor://xunit/VsTestRunner2/netcoreapp" className="BL.Tests.CheckPermissionsServiceTests" name="UnauthorizedHasNoAccessToAuthorizedFunctions" />
    </UnitTest>
    <UnitTest name="BL.Tests.CheckPermissionsServiceTests.UnauthorizedHasNoAccessToAuthorizedFunctions(functionName: &quot;SendMessageAsync&quot;)" storage="c:\users\alena\desktop\7_sem\testing_and_debugging\skiresort\bl.tests\bin\debug\net6.0\bl.tests.dll" id="eaabd2fc-2f4b-5689-59c8-c7ad34a8f634">
      <Execution id="c2e85d9e-38ee-44c2-9382-b17819ed5a1b" />
      <TestMethod codeBase="C:\Users\alena\Desktop\7_sem\testing_and_debugging\SkiResort\BL.Tests\bin\Debug\net6.0\BL.Tests.dll" adapterTypeName="executor://xunit/VsTestRunner2/netcoreapp" className="BL.Tests.CheckPermissionsServiceTests" name="UnauthorizedHasNoAccessToAuthorizedFunctions" />
    </UnitTest>
    <UnitTest name="BL.Tests.SlopesServiceTest.TestAdminDeleteSlopeAsync(userID: 148, slope: Slope { SlopeID = 169, SlopeName = slopeName23dd86ca-75a1-40df-a00f-7e7c0b5159f8, IsOpen = True, DifficultyLevel = 161, ConnectedLifts =  }, checkPermissionServiceMock: Mock&lt;ICheckPermissionService:9&gt;, slopesRepositoryStub: Mock&lt;ISlopesRepository:7&gt;, liftsSlopesRepositoryStub: Mock&lt;ILiftsSlopesRepository:12&gt;, sut: SlopesService { })" storage="c:\users\alena\desktop\7_sem\testing_and_debugging\skiresort\bl.tests\bin\debug\net6.0\bl.tests.dll" id="3870d603-9ef8-df4d-2ded-2090ee47c078">
      <Execution id="44983b34-1953-42ae-bc1f-ce6815a660ef" />
      <TestMethod codeBase="C:\Users\alena\Desktop\7_sem\testing_and_debugging\SkiResort\BL.Tests\bin\Debug\net6.0\BL.Tests.dll" adapterTypeName="executor://xunit/VsTestRunner2/netcoreapp" className="BL.Tests.SlopesServiceTest" name="TestAdminDeleteSlopeAsync" />
    </UnitTest>
    <UnitTest name="BL.Tests.UsersServiceTests.TestRegisterUserWithRepeatedEmail" storage="c:\users\alena\desktop\7_sem\testing_and_debugging\skiresort\bl.tests\bin\debug\net6.0\bl.tests.dll" id="894941c1-bfa7-d8f9-c047-1e1ceefe2c2f">
      <Execution id="f65f0c52-b86e-4b85-9799-053ad10d1eb1" />
      <TestMethod codeBase="C:\Users\alena\Desktop\7_sem\testing_and_debugging\SkiResort\BL.Tests\bin\Debug\net6.0\BL.Tests.dll" adapterTypeName="executor://xunit/VsTestRunner2/netcoreapp" className="BL.Tests.UsersServiceTests" name="TestRegisterUserWithRepeatedEmail" />
    </UnitTest>
    <UnitTest name="BL.Tests.TurnstilesServiceTest.TestAdminGetTurnstileAsync(userID: 15, turnstile: Turnstile { TurnstileID = 54, LiftID = 112, IsOpen = True }, checkPermissionServiceMock: Mock&lt;ICheckPermissionService:12&gt;, turnstilesRepositoryStub: Mock&lt;ITurnstilesRepository:6&gt;, sut: TurnstilesService { })" storage="c:\users\alena\desktop\7_sem\testing_and_debugging\skiresort\bl.tests\bin\debug\net6.0\bl.tests.dll" id="07bfd385-0c41-0670-4e0d-c214d73cb473">
      <Execution id="ebad810c-f9e3-46d2-a1bf-81850ee46ff9" />
      <TestMethod codeBase="C:\Users\alena\Desktop\7_sem\testing_and_debugging\SkiResort\BL.Tests\bin\Debug\net6.0\BL.Tests.dll" adapterTypeName="executor://xunit/VsTestRunner2/netcoreapp" className="BL.Tests.TurnstilesServiceTest" name="TestAdminGetTurnstileAsync" />
    </UnitTest>
    <UnitTest name="BL.Tests.LiftsServiceTest.TestGetLiftInfoAsync(userID: 74, lift: Lift { LiftID = 71, LiftName = liftName340b39f4-9063-403b-8f54-a65b9c3d4b1b, IsOpen = True, SeatsAmount = 132, LiftingTime = 8, QueueTime = 6, ConnectedSlopes =  }, checkPermissionServiceMock: Mock&lt;ICheckPermissionService:1&gt;, liftsRepositoryStub: Mock&lt;ILiftsRepository:1&gt;, liftsSlopesRepositoryStub: Mock&lt;ILiftsSlopesRepository:1&gt;, sut: LiftsService { })" storage="c:\users\alena\desktop\7_sem\testing_and_debugging\skiresort\bl.tests\bin\debug\net6.0\bl.tests.dll" id="7c248934-8e71-5854-d245-1c12a456fc63">
      <Execution id="f6c744c1-54da-49b6-af94-099dc2c92290" />
      <TestMethod codeBase="C:\Users\alena\Desktop\7_sem\testing_and_debugging\SkiResort\BL.Tests\bin\Debug\net6.0\BL.Tests.dll" adapterTypeName="executor://xunit/VsTestRunner2/netcoreapp" className="BL.Tests.LiftsServiceTest" name="TestGetLiftInfoAsync" />
    </UnitTest>
    <UnitTest name="BL.Tests.TurnstilesServiceTest.TestAdminAddAutoIncrementTurnstileAsync(userID: 206, turnstile: Turnstile { TurnstileID = 8, LiftID = 34, IsOpen = True }, checkPermissionServiceMock: Mock&lt;ICheckPermissionService:16&gt;, turnstilesRepositoryStub: Mock&lt;ITurnstilesRepository:10&gt;, sut: TurnstilesService { })" storage="c:\users\alena\desktop\7_sem\testing_and_debugging\skiresort\bl.tests\bin\debug\net6.0\bl.tests.dll" id="b393296a-7f17-ec6d-7f4f-338b2fd8204c">
      <Execution id="6ac6efd3-383c-4964-85bd-7af6c7e72392" />
      <TestMethod codeBase="C:\Users\alena\Desktop\7_sem\testing_and_debugging\SkiResort\BL.Tests\bin\Debug\net6.0\BL.Tests.dll" adapterTypeName="executor://xunit/VsTestRunner2/netcoreapp" className="BL.Tests.TurnstilesServiceTest" name="TestAdminAddAutoIncrementTurnstileAsync" />
    </UnitTest>
    <UnitTest name="BL.Tests.UsersServiceTests.TestRegisterUserWithNoEmail" storage="c:\users\alena\desktop\7_sem\testing_and_debugging\skiresort\bl.tests\bin\debug\net6.0\bl.tests.dll" id="8184bd30-991c-b78d-b4ec-99a485eac0dd">
      <Execution id="74a6df85-bd9e-43e6-98cb-2ae4df23db24" />
      <TestMethod codeBase="C:\Users\alena\Desktop\7_sem\testing_and_debugging\SkiResort\BL.Tests\bin\Debug\net6.0\BL.Tests.dll" adapterTypeName="executor://xunit/VsTestRunner2/netcoreapp" className="BL.Tests.UsersServiceTests" name="TestRegisterUserWithNoEmail" />
    </UnitTest>
  </TestDefinitions>
  <TestEntries>
    <TestEntry testId="78909725-127e-dd12-4f98-b6a94a0a9ea0" executionId="0997edda-6ac2-44f9-8ffc-9d0e4967e687" testListId="8c84fa94-04c1-424b-9868-57a2d4851a1d" />
    <TestEntry testId="229812f5-9a73-5335-11f5-31330d1348a5" executionId="f597f8e3-84d0-461c-8f3d-22e208e9793c" testListId="8c84fa94-04c1-424b-9868-57a2d4851a1d" />
    <TestEntry testId="20ad8570-0170-85de-dcd7-2f109dd7bcd6" executionId="4e5cc58d-a333-495a-94c8-745d6e34dd69" testListId="8c84fa94-04c1-424b-9868-57a2d4851a1d" />
    <TestEntry testId="f44a1b21-8efc-bfac-63b4-d534442def31" executionId="f962e223-2f7e-462c-830b-fee86633ab96" testListId="8c84fa94-04c1-424b-9868-57a2d4851a1d" />
    <TestEntry testId="3870d603-9ef8-df4d-2ded-2090ee47c078" executionId="44983b34-1953-42ae-bc1f-ce6815a660ef" testListId="8c84fa94-04c1-424b-9868-57a2d4851a1d" />
    <TestEntry testId="492c0393-35b4-df26-a537-21ca08302f3c" executionId="8cc75acb-9e07-4c36-9162-74728270958e" testListId="8c84fa94-04c1-424b-9868-57a2d4851a1d" />
    <TestEntry testId="39be9b5e-0bc4-57dc-37d3-aec6b520299d" executionId="86658ddf-ad46-43e2-81fd-8d85c546670d" testListId="8c84fa94-04c1-424b-9868-57a2d4851a1d" />
    <TestEntry testId="92838c66-15fa-c5da-ad41-9a61cdcfca4a" executionId="9c9af344-f042-4f55-ba2f-0eba78c59cf8" testListId="8c84fa94-04c1-424b-9868-57a2d4851a1d" />
    <TestEntry testId="0eeef75f-6e38-7893-a8fe-cff3e0a970a7" executionId="7407a5dc-6ee0-48c3-a3ce-2c3f1dc90661" testListId="8c84fa94-04c1-424b-9868-57a2d4851a1d" />
    <TestEntry testId="d37511d6-5d86-6c71-4986-874c12a158c7" executionId="774c9239-ca9e-4b8e-8823-f3aaf5239a7c" testListId="8c84fa94-04c1-424b-9868-57a2d4851a1d" />
    <TestEntry testId="9c7df5e2-1b23-ebea-889f-b78ca86b60ab" executionId="2f0f889e-52b2-47da-9d3b-1acf133bc28b" testListId="8c84fa94-04c1-424b-9868-57a2d4851a1d" />
    <TestEntry testId="7c248934-8e71-5854-d245-1c12a456fc63" executionId="f6c744c1-54da-49b6-af94-099dc2c92290" testListId="8c84fa94-04c1-424b-9868-57a2d4851a1d" />
    <TestEntry testId="387c9729-48c1-486e-5e67-f5d11a9f0db8" executionId="73cfa4d2-eae0-4e17-80ad-61f40b9ef76e" testListId="8c84fa94-04c1-424b-9868-57a2d4851a1d" />
    <TestEntry testId="894941c1-bfa7-d8f9-c047-1e1ceefe2c2f" executionId="f65f0c52-b86e-4b85-9799-053ad10d1eb1" testListId="8c84fa94-04c1-424b-9868-57a2d4851a1d" />
    <TestEntry testId="2602613f-c8e2-a6d9-fcf7-5b27d4a770a6" executionId="240dc0e8-0828-415e-a1e7-429501d8328c" testListId="8c84fa94-04c1-424b-9868-57a2d4851a1d" />
    <TestEntry testId="d0458a0b-6597-3697-c7fe-3f48f2b0814f" executionId="42aadd0e-5ceb-4f0d-9a39-72546d8ec79c" testListId="8c84fa94-04c1-424b-9868-57a2d4851a1d" />
    <TestEntry testId="a2e59116-cb53-1d70-9cb8-21c286516866" executionId="27993048-4bc2-48ff-afc5-9ca0cb5db2c5" testListId="8c84fa94-04c1-424b-9868-57a2d4851a1d" />
    <TestEntry testId="644ec43e-70cd-c82d-42e7-0d990be1414d" executionId="f5c2153f-cabf-43f1-9579-73569ce8497f" testListId="8c84fa94-04c1-424b-9868-57a2d4851a1d" />
    <TestEntry testId="8184bd30-991c-b78d-b4ec-99a485eac0dd" executionId="74a6df85-bd9e-43e6-98cb-2ae4df23db24" testListId="8c84fa94-04c1-424b-9868-57a2d4851a1d" />
    <TestEntry testId="eaabd2fc-2f4b-5689-59c8-c7ad34a8f634" executionId="c2e85d9e-38ee-44c2-9382-b17819ed5a1b" testListId="8c84fa94-04c1-424b-9868-57a2d4851a1d" />
    <TestEntry testId="e5497347-2721-b7a6-0bd4-69a9921f6947" executionId="a9fcc50c-5eec-4922-8032-64ca1769ac75" testListId="8c84fa94-04c1-424b-9868-57a2d4851a1d" />
    <TestEntry testId="577beeeb-9c99-8d03-5be9-05863a49bdeb" executionId="59899866-a130-4ce7-9be5-57f6880de2f7" testListId="8c84fa94-04c1-424b-9868-57a2d4851a1d" />
    <TestEntry testId="60bd668f-04df-da5e-b79b-5d9aedb5234d" executionId="65fd9f4c-d423-4065-befd-b996a79d96fd" testListId="8c84fa94-04c1-424b-9868-57a2d4851a1d" />
    <TestEntry testId="69340bb6-3645-f9dd-971e-29d8b2a009bb" executionId="f501c9ca-bf00-4d51-96b3-59886969c383" testListId="8c84fa94-04c1-424b-9868-57a2d4851a1d" />
    <TestEntry testId="e2d7e5be-3dae-33ae-fb17-c704b6fd58d6" executionId="cfc363a3-958c-43cc-a2fe-ae27c39c7059" testListId="8c84fa94-04c1-424b-9868-57a2d4851a1d" />
    <TestEntry testId="aa28a6b3-21d3-aa45-24d3-bef2facbc899" executionId="e59354b5-3ae9-45d8-976b-f52ac8e8583a" testListId="8c84fa94-04c1-424b-9868-57a2d4851a1d" />
    <TestEntry testId="c36970dc-93f7-753e-fa47-157133b01644" executionId="8a6c4ee0-c18e-4b9e-8975-19a838f4bb4b" testListId="8c84fa94-04c1-424b-9868-57a2d4851a1d" />
    <TestEntry testId="997573b1-5b7a-a272-7176-2044d24e3328" executionId="34ff5158-747f-4b3c-a559-00b3f54eae8c" testListId="8c84fa94-04c1-424b-9868-57a2d4851a1d" />
    <TestEntry testId="9c16b3a4-bca2-e7be-f7ac-7b7ff67e5113" executionId="45effae6-5c27-425b-96e4-ba2e156501bb" testListId="8c84fa94-04c1-424b-9868-57a2d4851a1d" />
    <TestEntry testId="834c739b-eca4-b36d-6a66-5a1bd75377b8" executionId="a3027c99-c870-4b76-97a0-74a563b61572" testListId="8c84fa94-04c1-424b-9868-57a2d4851a1d" />
    <TestEntry testId="1ca07ad8-f799-c5d4-e7cc-34fd950198a2" executionId="5599dc90-9064-4db4-b562-0c0b25447753" testListId="8c84fa94-04c1-424b-9868-57a2d4851a1d" />
    <TestEntry testId="31de9c7a-bea8-f9f0-6e2f-688eb1f6a6cc" executionId="29acede2-a688-4214-b4b8-dd4aeed24425" testListId="8c84fa94-04c1-424b-9868-57a2d4851a1d" />
    <TestEntry testId="07bfd385-0c41-0670-4e0d-c214d73cb473" executionId="ebad810c-f9e3-46d2-a1bf-81850ee46ff9" testListId="8c84fa94-04c1-424b-9868-57a2d4851a1d" />
    <TestEntry testId="18fa8c62-e27d-e1fc-8182-4d7db62b008d" executionId="cfa73020-4038-4586-b342-801af044a6a8" testListId="8c84fa94-04c1-424b-9868-57a2d4851a1d" />
    <TestEntry testId="43fae31f-e8a8-d757-2f67-fe76fc0ee13c" executionId="8b1ed0de-ed99-43e8-a279-370a0ef7cfb1" testListId="8c84fa94-04c1-424b-9868-57a2d4851a1d" />
    <TestEntry testId="5adad7c5-6c0c-1ac9-a254-3f3c4141946b" executionId="55fab6e2-d745-40a8-be7f-51e29dbabe2e" testListId="8c84fa94-04c1-424b-9868-57a2d4851a1d" />
    <TestEntry testId="f3efc418-a8a6-c7b7-9bac-90b33aa8472f" executionId="46cdfb50-b6a5-462b-b296-a610390a3e18" testListId="8c84fa94-04c1-424b-9868-57a2d4851a1d" />
    <TestEntry testId="fa960c5e-f989-2880-784e-8efe538c5231" executionId="74eeef7e-b194-476d-8190-33d7d5806a16" testListId="8c84fa94-04c1-424b-9868-57a2d4851a1d" />
    <TestEntry testId="a19a5fcf-c5d2-7d44-5d7d-84403042f4e0" executionId="713b8410-7993-48fa-9e3a-892c0a1f6d0e" testListId="8c84fa94-04c1-424b-9868-57a2d4851a1d" />
    <TestEntry testId="b393296a-7f17-ec6d-7f4f-338b2fd8204c" executionId="6ac6efd3-383c-4964-85bd-7af6c7e72392" testListId="8c84fa94-04c1-424b-9868-57a2d4851a1d" />
    <TestEntry testId="1765d400-7190-cb3e-d146-a5ab61b25c8b" executionId="1c995d89-2b7e-49b7-a04f-668d149ff51e" testListId="8c84fa94-04c1-424b-9868-57a2d4851a1d" />
    <TestEntry testId="74b6d1cc-547f-b09c-08ad-ae1f904c5404" executionId="8763b3b4-e03b-4b66-9f43-0cb1219b08e2" testListId="8c84fa94-04c1-424b-9868-57a2d4851a1d" />
    <TestEntry testId="b486f6ba-3c0f-0a8c-4b3a-5131a0315620" executionId="d3ef0f43-7d31-453e-a3b3-65340e4d8d02" testListId="8c84fa94-04c1-424b-9868-57a2d4851a1d" />
    <TestEntry testId="06d0bc3a-24a0-fb7f-4277-e9ae6d21c7dd" executionId="14ad6c40-2fcf-4add-84ca-93218a2a94f6" testListId="8c84fa94-04c1-424b-9868-57a2d4851a1d" />
    <TestEntry testId="5a8fb599-ab1a-c083-1513-349d302804a2" executionId="0e51a835-d417-4e2c-9b3b-cbf123ceca27" testListId="8c84fa94-04c1-424b-9868-57a2d4851a1d" />
    <TestEntry testId="4f297306-d4f3-8d63-e7f4-1ac0b8c58c74" executionId="a30bb764-c3b3-4d5b-915f-7c8ea6a3f415" testListId="8c84fa94-04c1-424b-9868-57a2d4851a1d" />
    <TestEntry testId="2d706594-f2b3-b3c8-21d4-86c9798c3306" executionId="6cdf73e5-35b7-4447-baf6-0f7a21f80c96" testListId="8c84fa94-04c1-424b-9868-57a2d4851a1d" />
  </TestEntries>
  <TestLists>
    <TestList name="Список результатов" id="8c84fa94-04c1-424b-9868-57a2d4851a1d" />
    <TestList name="Все загруженные результаты" id="19431567-8539-422a-85d7-44ee4e166bda" />
  </TestLists>
  <ResultSummary outcome="Completed">
    <Counters total="47" executed="47" passed="47" failed="0" error="0" timeout="0" aborted="0" inconclusive="0" passedButRunAborted="0" notRunnable="0" notExecuted="0" disconnected="0" warning="0" completed="0" inProgress="0" pending="0" />
    <Output>
      <StdOut>[xUnit.net 00:00:00.00] xUnit.net VSTest Adapter v2.4.5+1caef2f33e (64-bit .NET 6.0.3)&#xD;
[xUnit.net 00:00:00.44]   Discovering: BL.Tests&#xD;
[xUnit.net 00:00:00.66]   Discovered:  BL.Tests&#xD;
[xUnit.net 00:00:00.66]   Starting:    BL.Tests&#xD;
[xUnit.net 00:00:00.90]   Finished:    BL.Tests&#xD;
</StdOut>
    </Output>
  </ResultSummary>
</TestRun>