<?xml version="1.0" encoding="utf-8"?>
<TestRun id="b95e2ea7-34a5-4ca8-8f7b-b4ce50c726d8" name="alena@DESKTOP-TJ9D65N 2022-10-17 14:59:42" runUser="DESKTOP-TJ9D65N\alena" xmlns="http://microsoft.com/schemas/VisualStudio/TeamTest/2010">
  <Times creation="2022-10-17T14:59:42.1632823+03:00" queuing="2022-10-17T14:59:42.1632825+03:00" start="2022-10-17T14:59:40.4492162+03:00" finish="2022-10-17T14:59:42.2093017+03:00" />
  <TestSettings name="default" id="c3c7d367-eb37-44c9-bb88-e5ba1dab5784">
    <Deployment runDeploymentRoot="alena_DESKTOP-TJ9D65N_2022-10-17_14_59_42" />
  </TestSettings>
  <Results>
    <UnitTestResult executionId="ca55c1c2-86c0-45ec-ab5e-60f134f9e26c" testId="a2e59116-cb53-1d70-9cb8-21c286516866" testName="BL.Tests.CheckPermissionsServiceTests.AuthorizedHasNoAccessToAdminFunctions" computerName="DESKTOP-TJ9D65N" duration="00:00:00.0026425" startTime="2022-10-17T14:59:42.1175659+03:00" endTime="2022-10-17T14:59:42.1175660+03:00" testType="13cdc9d9-ddb5-4fa4-a97d-d965ccfc6d4b" outcome="Passed" testListId="8c84fa94-04c1-424b-9868-57a2d4851a1d" relativeResultsDirectory="ca55c1c2-86c0-45ec-ab5e-60f134f9e26c" />
    <UnitTestResult executionId="af31b30b-cef6-4224-bc82-f1fd8e95d6fb" testId="492c0393-35b4-df26-a537-21ca08302f3c" testName="BL.Tests.CheckPermissionsServiceTests.SkiPatrolHasNoAccessToAdminFunctions" computerName="DESKTOP-TJ9D65N" duration="00:00:00.0021556" startTime="2022-10-17T14:59:42.1395364+03:00" endTime="2022-10-17T14:59:42.1395365+03:00" testType="13cdc9d9-ddb5-4fa4-a97d-d965ccfc6d4b" outcome="Passed" testListId="8c84fa94-04c1-424b-9868-57a2d4851a1d" relativeResultsDirectory="af31b30b-cef6-4224-bc82-f1fd8e95d6fb" />
    <UnitTestResult executionId="1567587c-c120-4014-8b4e-c6be1d8d51b0" testId="69340bb6-3645-f9dd-971e-29d8b2a009bb" testName="BL.Tests.UsersServiceTests.TestLogInWithWrongPassword" computerName="DESKTOP-TJ9D65N" duration="00:00:00.0019393" startTime="2022-10-17T14:59:42.1232134+03:00" endTime="2022-10-17T14:59:42.1232135+03:00" testType="13cdc9d9-ddb5-4fa4-a97d-d965ccfc6d4b" outcome="Passed" testListId="8c84fa94-04c1-424b-9868-57a2d4851a1d" relativeResultsDirectory="1567587c-c120-4014-8b4e-c6be1d8d51b0" />
    <UnitTestResult executionId="f94ece7f-332a-4a79-8e20-4ce89110895e" testId="f3efc418-a8a6-c7b7-9bac-90b33aa8472f" testName="BL.Tests.CheckPermissionsServiceTests.AdminHasAccessToAllFunctions" computerName="DESKTOP-TJ9D65N" duration="00:00:00.0014780" startTime="2022-10-17T14:59:42.1433954+03:00" endTime="2022-10-17T14:59:42.1433955+03:00" testType="13cdc9d9-ddb5-4fa4-a97d-d965ccfc6d4b" outcome="Passed" testListId="8c84fa94-04c1-424b-9868-57a2d4851a1d" relativeResultsDirectory="f94ece7f-332a-4a79-8e20-4ce89110895e" />
    <UnitTestResult executionId="05cd03dc-7bdd-4948-a146-ce9eae7804cd" testId="56c28929-8421-140f-8013-087093b4680e" testName="BL.Tests.LiftsServiceTest.TestGetLiftInfoAsync(userID: 4, lift: Lift { LiftID = 166, LiftName = liftNamea3a59b97-6db6-4031-b0fe-06833806151e, IsOpen = True, SeatsAmount = 176, LiftingTime = 26, QueueTime = 122, ConnectedSlopes =  }, checkPermissionServiceMock: Mock&lt;ICheckPermissionService:1&gt;, liftsRepositoryStub: Mock&lt;ILiftsRepository:1&gt;, liftsSlopesRepositoryStub: Mock&lt;ILiftsSlopesRepository:1&gt;, sut: LiftsService { })" computerName="DESKTOP-TJ9D65N" duration="00:00:00.0353659" startTime="2022-10-17T14:59:42.0447171+03:00" endTime="2022-10-17T14:59:42.0447171+03:00" testType="13cdc9d9-ddb5-4fa4-a97d-d965ccfc6d4b" outcome="Passed" testListId="8c84fa94-04c1-424b-9868-57a2d4851a1d" relativeResultsDirectory="05cd03dc-7bdd-4948-a146-ce9eae7804cd" />
    <UnitTestResult executionId="8cbaed5b-1e5f-42f5-ac12-15ddfa2b77cd" testId="20ad8570-0170-85de-dcd7-2f109dd7bcd6" testName="BL.Tests.UsersServiceTests.TestAdminGetUsers" computerName="DESKTOP-TJ9D65N" duration="00:00:00.0386226" startTime="2022-10-17T14:59:42.0447976+03:00" endTime="2022-10-17T14:59:42.0447976+03:00" testType="13cdc9d9-ddb5-4fa4-a97d-d965ccfc6d4b" outcome="Passed" testListId="8c84fa94-04c1-424b-9868-57a2d4851a1d" relativeResultsDirectory="8cbaed5b-1e5f-42f5-ac12-15ddfa2b77cd" />
    <UnitTestResult executionId="2fb3b175-84ec-4556-ae9e-2d2987acfaa4" testId="1ca07ad8-f799-c5d4-e7cc-34fd950198a2" testName="BL.Tests.UsersServiceTests.TestLogInOk" computerName="DESKTOP-TJ9D65N" duration="00:00:00.0031081" startTime="2022-10-17T14:59:42.1194502+03:00" endTime="2022-10-17T14:59:42.1194503+03:00" testType="13cdc9d9-ddb5-4fa4-a97d-d965ccfc6d4b" outcome="Passed" testListId="8c84fa94-04c1-424b-9868-57a2d4851a1d" relativeResultsDirectory="2fb3b175-84ec-4556-ae9e-2d2987acfaa4" />
    <UnitTestResult executionId="49ea731d-24e9-4f24-a2ff-95c942e18279" testId="60bd668f-04df-da5e-b79b-5d9aedb5234d" testName="BL.Tests.CheckPermissionsServiceTests.SkiPatrolHasAccessToAdminSkiPatrolFunctions(functionName: &quot;MarkMessageReadByUserAsync&quot;)" computerName="DESKTOP-TJ9D65N" duration="00:00:00.0010906" startTime="2022-10-17T14:59:42.1169168+03:00" endTime="2022-10-17T14:59:42.1169168+03:00" testType="13cdc9d9-ddb5-4fa4-a97d-d965ccfc6d4b" outcome="Passed" testListId="8c84fa94-04c1-424b-9868-57a2d4851a1d" relativeResultsDirectory="49ea731d-24e9-4f24-a2ff-95c942e18279" />
    <UnitTestResult executionId="81a6f5bf-cb7e-42e4-9289-880c14291bb6" testId="eaabd2fc-2f4b-5689-59c8-c7ad34a8f634" testName="BL.Tests.CheckPermissionsServiceTests.UnauthorizedHasNoAccessToAuthorizedFunctions(functionName: &quot;SendMessageAsync&quot;)" computerName="DESKTOP-TJ9D65N" duration="00:00:00.0027331" startTime="2022-10-17T14:59:42.1164805+03:00" endTime="2022-10-17T14:59:42.1164805+03:00" testType="13cdc9d9-ddb5-4fa4-a97d-d965ccfc6d4b" outcome="Passed" testListId="8c84fa94-04c1-424b-9868-57a2d4851a1d" relativeResultsDirectory="81a6f5bf-cb7e-42e4-9289-880c14291bb6" />
    <UnitTestResult executionId="ad48f381-2ab8-400c-99ce-645fd3c24b0d" testId="938272c5-b3dc-7317-4b52-213d57365099" testName="BL.Tests.LiftsServiceTest.TestAdminDeleteLiftAsync(userID: 52, lift: Lift { LiftID = 137, LiftName = liftName6a8dbb77-5eae-4c1f-ab9c-1504c2a32d89, IsOpen = True, SeatsAmount = 178, LiftingTime = 174, QueueTime = 23, ConnectedSlopes =  }, checkPermissionServiceMock: Mock&lt;ICheckPermissionService:4&gt;, liftsRepositoryStub: Mock&lt;ILiftsRepository:4&gt;, liftsSlopesRepositoryStub: Mock&lt;ILiftsSlopesRepository:4&gt;, sut: LiftsService { })" computerName="DESKTOP-TJ9D65N" duration="00:00:00.0318056" startTime="2022-10-17T14:59:42.1175766+03:00" endTime="2022-10-17T14:59:42.1175767+03:00" testType="13cdc9d9-ddb5-4fa4-a97d-d965ccfc6d4b" outcome="Passed" testListId="8c84fa94-04c1-424b-9868-57a2d4851a1d" relativeResultsDirectory="ad48f381-2ab8-400c-99ce-645fd3c24b0d" />
    <UnitTestResult executionId="42a52dca-f925-449f-a16f-3fa72a0452c9" testId="18fa8c62-e27d-e1fc-8182-4d7db62b008d" testName="BL.Tests.UsersServiceTests.TestAdminDeleteUser" computerName="DESKTOP-TJ9D65N" duration="00:00:00.0022158" startTime="2022-10-17T14:59:42.1439470+03:00" endTime="2022-10-17T14:59:42.1439471+03:00" testType="13cdc9d9-ddb5-4fa4-a97d-d965ccfc6d4b" outcome="Passed" testListId="8c84fa94-04c1-424b-9868-57a2d4851a1d" relativeResultsDirectory="42a52dca-f925-449f-a16f-3fa72a0452c9" />
    <UnitTestResult executionId="b2e3a6a7-d734-43eb-bb03-988012a84dd8" testId="d4da1c84-1c08-e9af-60dc-9d70a9371e74" testName="BL.Tests.SlopesServiceTest.TestGetSlopeInfoAsync(userID: 176, slope: Slope { SlopeID = 160, SlopeName = slopeName7bcb249e-d7ce-4fc7-8994-77dc35534da2, IsOpen = True, DifficultyLevel = 66, ConnectedLifts =  }, checkPermissionServiceMock: Mock&lt;ICheckPermissionService:6&gt;, slopesRepositoryStub: Mock&lt;ISlopesRepository:4&gt;, liftsSlopesRepositoryStub: Mock&lt;ILiftsSlopesRepository:9&gt;, sut: SlopesService { })" computerName="DESKTOP-TJ9D65N" duration="00:00:00.0062138" startTime="2022-10-17T14:59:42.1152958+03:00" endTime="2022-10-17T14:59:42.1152959+03:00" testType="13cdc9d9-ddb5-4fa4-a97d-d965ccfc6d4b" outcome="Passed" testListId="8c84fa94-04c1-424b-9868-57a2d4851a1d" relativeResultsDirectory="b2e3a6a7-d734-43eb-bb03-988012a84dd8" />
    <UnitTestResult executionId="dc673fcb-0c03-4005-9fe7-d09d1ef98b42" testId="938f91f8-8052-ef8e-cc91-829fb3724cff" testName="BL.Tests.SlopesServiceTest.TestAdminDeleteSlopeAsync(userID: 156, slope: Slope { SlopeID = 207, SlopeName = slopeNamedd50e3c5-717f-41f0-a545-60a5a2b94450, IsOpen = True, DifficultyLevel = 134, ConnectedLifts =  }, checkPermissionServiceMock: Mock&lt;ICheckPermissionService:9&gt;, slopesRepositoryStub: Mock&lt;ISlopesRepository:7&gt;, liftsSlopesRepositoryStub: Mock&lt;ILiftsSlopesRepository:12&gt;, sut: SlopesService { })" computerName="DESKTOP-TJ9D65N" duration="00:00:00.0040136" startTime="2022-10-17T14:59:42.1294842+03:00" endTime="2022-10-17T14:59:42.1294844+03:00" testType="13cdc9d9-ddb5-4fa4-a97d-d965ccfc6d4b" outcome="Passed" testListId="8c84fa94-04c1-424b-9868-57a2d4851a1d" relativeResultsDirectory="dc673fcb-0c03-4005-9fe7-d09d1ef98b42" />
    <UnitTestResult executionId="a2a7898c-522d-4b1a-901a-9b1d87125791" testId="f44a1b21-8efc-bfac-63b4-d534442def31" testName="BL.Tests.UsersServiceTests.TestRegisterUserWithNoPassword" computerName="DESKTOP-TJ9D65N" duration="00:00:00.0014137" startTime="2022-10-17T14:59:42.1153857+03:00" endTime="2022-10-17T14:59:42.1153857+03:00" testType="13cdc9d9-ddb5-4fa4-a97d-d965ccfc6d4b" outcome="Passed" testListId="8c84fa94-04c1-424b-9868-57a2d4851a1d" relativeResultsDirectory="a2a7898c-522d-4b1a-901a-9b1d87125791" />
    <UnitTestResult executionId="b8c61040-5d04-4068-ae00-077a39407e97" testId="39be9b5e-0bc4-57dc-37d3-aec6b520299d" testName="BL.Tests.LiftsSlopesServiceTests.TestGetLiftsSlopesInfoAsync(liftsSlopes: [LiftSlope { RecordID = 82, LiftID = 205, SlopeID = 169 }, LiftSlope { RecordID = 93, LiftID = 58, SlopeID = 188 }, LiftSlope { RecordID = 86, LiftID = 124, SlopeID = 38 }], slopesRepositoryStub: Mock&lt;ISlopesRepository:1&gt;, liftsRepositoryStub: Mock&lt;ILiftsRepository:6&gt;, liftsSlopesRepositoryStub: Mock&lt;ILiftsSlopesRepository:6&gt;)" computerName="DESKTOP-TJ9D65N" duration="00:00:00.0040088" startTime="2022-10-17T14:59:42.1165488+03:00" endTime="2022-10-17T14:59:42.1165489+03:00" testType="13cdc9d9-ddb5-4fa4-a97d-d965ccfc6d4b" outcome="Passed" testListId="8c84fa94-04c1-424b-9868-57a2d4851a1d" relativeResultsDirectory="b8c61040-5d04-4068-ae00-077a39407e97" />
    <UnitTestResult executionId="fd20f33b-7ed6-45c6-9f17-53e3b7e8f178" testId="c36970dc-93f7-753e-fa47-157133b01644" testName="BL.Tests.CheckPermissionsServiceTests.SkiPatrolHasAccessToAdminSkiPatrolFunctions(functionName: &quot;GetMessagesAsync&quot;)" computerName="DESKTOP-TJ9D65N" duration="00:00:00.0010971" startTime="2022-10-17T14:59:42.1175025+03:00" endTime="2022-10-17T14:59:42.1175026+03:00" testType="13cdc9d9-ddb5-4fa4-a97d-d965ccfc6d4b" outcome="Passed" testListId="8c84fa94-04c1-424b-9868-57a2d4851a1d" relativeResultsDirectory="fd20f33b-7ed6-45c6-9f17-53e3b7e8f178" />
    <UnitTestResult executionId="8c3b64ad-6a50-49d0-9291-47fec8304825" testId="8184bd30-991c-b78d-b4ec-99a485eac0dd" testName="BL.Tests.UsersServiceTests.TestRegisterUserWithNoEmail" computerName="DESKTOP-TJ9D65N" duration="00:00:00.0031292" startTime="2022-10-17T14:59:42.1152252+03:00" endTime="2022-10-17T14:59:42.1152252+03:00" testType="13cdc9d9-ddb5-4fa4-a97d-d965ccfc6d4b" outcome="Passed" testListId="8c84fa94-04c1-424b-9868-57a2d4851a1d" relativeResultsDirectory="8c3b64ad-6a50-49d0-9291-47fec8304825" />
    <UnitTestResult executionId="02c22c6b-ec1e-4152-aff8-57c5db4a6a74" testId="9443d42b-d60e-654c-a22c-912d603eb582" testName="BL.Tests.TurnstilesServiceTest.TestAdminAddAutoIncrementTurnstileAsync(userID: 197, turnstile: Turnstile { TurnstileID = 67, LiftID = 236, IsOpen = True }, checkPermissionServiceMock: Mock&lt;ICheckPermissionService:16&gt;, turnstilesRepositoryStub: Mock&lt;ITurnstilesRepository:10&gt;, sut: TurnstilesService { })" computerName="DESKTOP-TJ9D65N" duration="00:00:00.0082118" startTime="2022-10-17T14:59:42.1169013+03:00" endTime="2022-10-17T14:59:42.1169013+03:00" testType="13cdc9d9-ddb5-4fa4-a97d-d965ccfc6d4b" outcome="Passed" testListId="8c84fa94-04c1-424b-9868-57a2d4851a1d" relativeResultsDirectory="02c22c6b-ec1e-4152-aff8-57c5db4a6a74" />
    <UnitTestResult executionId="7faca1e2-d052-457a-b6ad-46d6e0bbfbf6" testId="b667525a-f84f-83db-33f0-a58b942f8c0f" testName="BL.Tests.TurnstilesServiceTest.TestAdminDeleteTurnstileAsync(userID: 239, turnstile: Turnstile { TurnstileID = 183, LiftID = 23, IsOpen = True }, checkPermissionServiceMock: Mock&lt;ICheckPermissionService:15&gt;, turnstilesRepositoryStub: Mock&lt;ITurnstilesRepository:9&gt;, sut: TurnstilesService { })" computerName="DESKTOP-TJ9D65N" duration="00:00:00.0035055" startTime="2022-10-17T14:59:42.1175421+03:00" endTime="2022-10-17T14:59:42.1175422+03:00" testType="13cdc9d9-ddb5-4fa4-a97d-d965ccfc6d4b" outcome="Passed" testListId="8c84fa94-04c1-424b-9868-57a2d4851a1d" relativeResultsDirectory="7faca1e2-d052-457a-b6ad-46d6e0bbfbf6" />
    <UnitTestResult executionId="cf57248b-1705-4704-9f0f-cc4d6585409b" testId="644ec43e-70cd-c82d-42e7-0d990be1414d" testName="BL.Tests.CheckPermissionsServiceTests.AuthorizedHasAccessToAuthorizedFunctions(functionName: &quot;SendMessageAsync&quot;)" computerName="DESKTOP-TJ9D65N" duration="00:00:00.0020943" startTime="2022-10-17T14:59:42.1285903+03:00" endTime="2022-10-17T14:59:42.1285904+03:00" testType="13cdc9d9-ddb5-4fa4-a97d-d965ccfc6d4b" outcome="Passed" testListId="8c84fa94-04c1-424b-9868-57a2d4851a1d" relativeResultsDirectory="cf57248b-1705-4704-9f0f-cc4d6585409b" />
    <UnitTestResult executionId="2b11f378-4726-40c0-a0af-7cdd59939238" testId="06d0bc3a-24a0-fb7f-4277-e9ae6d21c7dd" testName="BL.Tests.UsersServiceTests.TestAdminUpdateUser" computerName="DESKTOP-TJ9D65N" duration="00:00:00.0056997" startTime="2022-10-17T14:59:42.1168746+03:00" endTime="2022-10-17T14:59:42.1168746+03:00" testType="13cdc9d9-ddb5-4fa4-a97d-d965ccfc6d4b" outcome="Passed" testListId="8c84fa94-04c1-424b-9868-57a2d4851a1d" relativeResultsDirectory="2b11f378-4726-40c0-a0af-7cdd59939238" />
    <UnitTestResult executionId="3f54c66b-1beb-4d2d-b022-9abb62f364b9" testId="5cf206b9-81a8-51bd-22c5-b58bbfaa9ae7" testName="BL.Tests.LiftsSlopesServiceTests.TestAdminDeleteLiftSlopeAsync(lift: Lift { LiftID = 216, LiftName = liftName16f86cde-f5c5-4666-ac3c-788b1b8de6da, IsOpen = True, SeatsAmount = 183, LiftingTime = 34, QueueTime = 225, ConnectedSlopes =  }, slope: Slope { SlopeID = 186, SlopeName = slopeName622b7b8a-1bfc-42a5-8f0f-fb70417e2ace, IsOpen = False, DifficultyLevel = 171, ConnectedLifts =  }, slopesRepositoryStub: Mock&lt;ISlopesRepository:2&gt;, liftsRepositoryStub: Mock&lt;ILiftsRepository:7&gt;, liftsSlopesRepositoryStub: Mock&lt;ILiftsSlopesRepository:7&gt;)" computerName="DESKTOP-TJ9D65N" duration="00:00:00.0061836" startTime="2022-10-17T14:59:42.1152845+03:00" endTime="2022-10-17T14:59:42.1152846+03:00" testType="13cdc9d9-ddb5-4fa4-a97d-d965ccfc6d4b" outcome="Passed" testListId="8c84fa94-04c1-424b-9868-57a2d4851a1d" relativeResultsDirectory="3f54c66b-1beb-4d2d-b022-9abb62f364b9" />
    <UnitTestResult executionId="90a39a7b-7071-4b6e-948a-601aa2192ac5" testId="4f297306-d4f3-8d63-e7f4-1ac0b8c58c74" testName="BL.Tests.CheckPermissionsServiceTests.AuthorizedHasNoAccessToAdminSkiPatrolFunctions(functionName: &quot;GetLiftsSlopesInfoAsync&quot;)" computerName="DESKTOP-TJ9D65N" duration="00:00:00.0012242" startTime="2022-10-17T14:59:42.1240299+03:00" endTime="2022-10-17T14:59:42.1240300+03:00" testType="13cdc9d9-ddb5-4fa4-a97d-d965ccfc6d4b" outcome="Passed" testListId="8c84fa94-04c1-424b-9868-57a2d4851a1d" relativeResultsDirectory="90a39a7b-7071-4b6e-948a-601aa2192ac5" />
    <UnitTestResult executionId="e1b9f853-bcff-40cf-bbf3-0f9eacc41f54" testId="2f4d2eaa-6d83-ef2b-ce11-65d24abd25e2" testName="BL.Tests.TurnstilesServiceTest.TestAdminGetTurnstileAsync(userID: 83, turnstile: Turnstile { TurnstileID = 202, LiftID = 45, IsOpen = True }, checkPermissionServiceMock: Mock&lt;ICheckPermissionService:12&gt;, turnstilesRepositoryStub: Mock&lt;ITurnstilesRepository:6&gt;, sut: TurnstilesService { })" computerName="DESKTOP-TJ9D65N" duration="00:00:00.0044140" startTime="2022-10-17T14:59:42.1152607+03:00" endTime="2022-10-17T14:59:42.1152607+03:00" testType="13cdc9d9-ddb5-4fa4-a97d-d965ccfc6d4b" outcome="Passed" testListId="8c84fa94-04c1-424b-9868-57a2d4851a1d" relativeResultsDirectory="e1b9f853-bcff-40cf-bbf3-0f9eacc41f54" />
    <UnitTestResult executionId="253a947d-82e7-4dc0-aef7-32ace111209c" testId="fa960c5e-f989-2880-784e-8efe538c5231" testName="BL.Tests.CheckPermissionsServiceTests.UnauthorizedHasNoAccessToAuthorizedFunctions(functionName: &quot;LogOutAsync&quot;)" computerName="DESKTOP-TJ9D65N" duration="00:00:00.0011677" startTime="2022-10-17T14:59:42.1165812+03:00" endTime="2022-10-17T14:59:42.1165813+03:00" testType="13cdc9d9-ddb5-4fa4-a97d-d965ccfc6d4b" outcome="Passed" testListId="8c84fa94-04c1-424b-9868-57a2d4851a1d" relativeResultsDirectory="253a947d-82e7-4dc0-aef7-32ace111209c" />
    <UnitTestResult executionId="eede959b-6683-4439-9dcc-9f5dada77058" testId="c865ae08-54b0-4bb5-870d-9f1c997df573" testName="BL.Tests.TurnstilesServiceTest.TestAdminUpdateTurnstileAsync(userID: 223, turnstile: Turnstile { TurnstileID = 12, LiftID = 124, IsOpen = True }, checkPermissionServiceMock: Mock&lt;ICheckPermissionService:14&gt;, turnstilesRepositoryStub: Mock&lt;ITurnstilesRepository:8&gt;, sut: TurnstilesService { })" computerName="DESKTOP-TJ9D65N" duration="00:00:00.0053548" startTime="2022-10-17T14:59:42.1165067+03:00" endTime="2022-10-17T14:59:42.1165068+03:00" testType="13cdc9d9-ddb5-4fa4-a97d-d965ccfc6d4b" outcome="Passed" testListId="8c84fa94-04c1-424b-9868-57a2d4851a1d" relativeResultsDirectory="eede959b-6683-4439-9dcc-9f5dada77058" />
    <UnitTestResult executionId="28469c08-293b-4b93-9096-46c42daa93a1" testId="e5497347-2721-b7a6-0bd4-69a9921f6947" testName="BL.Tests.UsersServiceTests.TestAdminGetUserByIDAsync" computerName="DESKTOP-TJ9D65N" duration="00:00:00.0043122" startTime="2022-10-17T14:59:42.1393758+03:00" endTime="2022-10-17T14:59:42.1393759+03:00" testType="13cdc9d9-ddb5-4fa4-a97d-d965ccfc6d4b" outcome="Passed" testListId="8c84fa94-04c1-424b-9868-57a2d4851a1d" relativeResultsDirectory="28469c08-293b-4b93-9096-46c42daa93a1" />
    <UnitTestResult executionId="6a5fc65a-0aa7-4e91-8f0c-bc0a37e4564f" testId="8f667b5d-44b2-ea26-3707-a5833313a3b4" testName="BL.Tests.LiftsServiceTest.TestAdminAddAutoIncrementLiftAsync(userID: 111, lift: Lift { LiftID = 18, LiftName = liftName855e7c65-e166-4ec7-90e1-6f289dc4dc24, IsOpen = True, SeatsAmount = 168, LiftingTime = 248, QueueTime = 143, ConnectedSlopes =  }, checkPermissionServiceMock: Mock&lt;ICheckPermissionService:5&gt;, liftsRepositoryStub: Mock&lt;ILiftsRepository:5&gt;, sut: LiftsService { })" computerName="DESKTOP-TJ9D65N" duration="00:00:00.0080864" startTime="2022-10-17T14:59:42.1234598+03:00" endTime="2022-10-17T14:59:42.1234600+03:00" testType="13cdc9d9-ddb5-4fa4-a97d-d965ccfc6d4b" outcome="Passed" testListId="8c84fa94-04c1-424b-9868-57a2d4851a1d" relativeResultsDirectory="6a5fc65a-0aa7-4e91-8f0c-bc0a37e4564f" />
    <UnitTestResult executionId="cfdac1e0-ad36-44c5-a020-91ce9bebe42c" testId="266a0ae2-49b5-6abd-4842-fa0a1db8159a" testName="BL.Tests.SlopesServiceTest.TestAdminAddAutoIncrementSlopeAsync(userID: 105, slope: Slope { SlopeID = 118, SlopeName = slopeName588d2ebb-b919-4aef-86bc-b6148c10d54f, IsOpen = True, DifficultyLevel = 182, ConnectedLifts =  }, checkPermissionServiceMock: Mock&lt;ICheckPermissionService:10&gt;, slopesRepositoryStub: Mock&lt;ISlopesRepository:8&gt;, sut: SlopesService { })" computerName="DESKTOP-TJ9D65N" duration="00:00:00.0066720" startTime="2022-10-17T14:59:42.1385375+03:00" endTime="2022-10-17T14:59:42.1385376+03:00" testType="13cdc9d9-ddb5-4fa4-a97d-d965ccfc6d4b" outcome="Passed" testListId="8c84fa94-04c1-424b-9868-57a2d4851a1d" relativeResultsDirectory="cfdac1e0-ad36-44c5-a020-91ce9bebe42c" />
    <UnitTestResult executionId="2a250a5c-d8cc-4771-8236-769f82513343" testId="aa28a6b3-21d3-aa45-24d3-bef2facbc899" testName="BL.Tests.CheckPermissionsServiceTests.AuthorizedHasAccessToAuthorizedFunctions(functionName: &quot;LogOutAsync&quot;)" computerName="DESKTOP-TJ9D65N" duration="00:00:00.0008249" startTime="2022-10-17T14:59:42.1316159+03:00" endTime="2022-10-17T14:59:42.1316160+03:00" testType="13cdc9d9-ddb5-4fa4-a97d-d965ccfc6d4b" outcome="Passed" testListId="8c84fa94-04c1-424b-9868-57a2d4851a1d" relativeResultsDirectory="2a250a5c-d8cc-4771-8236-769f82513343" />
    <UnitTestResult executionId="de8748bd-9169-4c13-8b13-17aa6a569bcc" testId="a1105b90-3783-7834-aa48-212c1c7a6ffc" testName="BL.Tests.LiftsServiceTest.TestUpdateLiftInfoAsync(userID: 102, lift: Lift { LiftID = 13, LiftName = liftNamec52a3bf1-1a23-4278-8c01-24c1f6b0a796, IsOpen = True, SeatsAmount = 182, LiftingTime = 89, QueueTime = 168, ConnectedSlopes =  }, checkPermissionServiceMock: Mock&lt;ICheckPermissionService:3&gt;, liftsRepositoryStub: Mock&lt;ILiftsRepository:3&gt;, sut: LiftsService { })" computerName="DESKTOP-TJ9D65N" duration="00:00:00.0052988" startTime="2022-10-17T14:59:42.1426889+03:00" endTime="2022-10-17T14:59:42.1426891+03:00" testType="13cdc9d9-ddb5-4fa4-a97d-d965ccfc6d4b" outcome="Passed" testListId="8c84fa94-04c1-424b-9868-57a2d4851a1d" relativeResultsDirectory="de8748bd-9169-4c13-8b13-17aa6a569bcc" />
    <UnitTestResult executionId="68a86a48-64c5-48ee-9430-3c165396deef" testId="229812f5-9a73-5335-11f5-31330d1348a5" testName="BL.Tests.CheckPermissionsServiceTests.UnauthorizedHasNoAccessToAdminSkiPatrolFunctions(functionName: &quot;GetMessagesAsync&quot;)" computerName="DESKTOP-TJ9D65N" duration="00:00:00.0011542" startTime="2022-10-17T14:59:42.1152735+03:00" endTime="2022-10-17T14:59:42.1152736+03:00" testType="13cdc9d9-ddb5-4fa4-a97d-d965ccfc6d4b" outcome="Passed" testListId="8c84fa94-04c1-424b-9868-57a2d4851a1d" relativeResultsDirectory="68a86a48-64c5-48ee-9430-3c165396deef" />
    <UnitTestResult executionId="3c060d5d-e9f9-4cbc-bfd0-b9f7d5328f3b" testId="695bb9e2-8d8d-2377-f307-0e6e512b5e10" testName="BL.Tests.SlopesServiceTest.TestUpdateSlopeInfoAsync(userID: 6, slope: Slope { SlopeID = 197, SlopeName = slopeNamed446e315-7dcb-4725-b13f-ae7a923ff148, IsOpen = True, DifficultyLevel = 59, ConnectedLifts =  }, checkPermissionServiceMock: Mock&lt;ICheckPermissionService:8&gt;, slopesRepositoryStub: Mock&lt;ISlopesRepository:6&gt;, sut: SlopesService { })" computerName="DESKTOP-TJ9D65N" duration="00:00:00.0342840" startTime="2022-10-17T14:59:42.0446339+03:00" endTime="2022-10-17T14:59:42.0446340+03:00" testType="13cdc9d9-ddb5-4fa4-a97d-d965ccfc6d4b" outcome="Passed" testListId="8c84fa94-04c1-424b-9868-57a2d4851a1d" relativeResultsDirectory="3c060d5d-e9f9-4cbc-bfd0-b9f7d5328f3b" />
    <UnitTestResult executionId="21857219-ac93-4919-9548-7776388a7151" testId="0eeef75f-6e38-7893-a8fe-cff3e0a970a7" testName="BL.Tests.UsersServiceTests.TestRegisterOk" computerName="DESKTOP-TJ9D65N" duration="00:00:00.0088762" startTime="2022-10-17T14:59:42.1175865+03:00" endTime="2022-10-17T14:59:42.1175865+03:00" testType="13cdc9d9-ddb5-4fa4-a97d-d965ccfc6d4b" outcome="Passed" testListId="8c84fa94-04c1-424b-9868-57a2d4851a1d" relativeResultsDirectory="21857219-ac93-4919-9548-7776388a7151" />
    <UnitTestResult executionId="49aef5fe-19d4-43f2-9d84-e67bb2d5a037" testId="2d706594-f2b3-b3c8-21d4-86c9798c3306" testName="BL.Tests.CheckPermissionsServiceTests.SkiPatrolHasAccessToAdminSkiPatrolFunctions(functionName: &quot;GetLiftsSlopesInfoAsync&quot;)" computerName="DESKTOP-TJ9D65N" duration="00:00:00.0039778" startTime="2022-10-17T14:59:42.1168468+03:00" endTime="2022-10-17T14:59:42.1168468+03:00" testType="13cdc9d9-ddb5-4fa4-a97d-d965ccfc6d4b" outcome="Passed" testListId="8c84fa94-04c1-424b-9868-57a2d4851a1d" relativeResultsDirectory="49aef5fe-19d4-43f2-9d84-e67bb2d5a037" />
    <UnitTestResult executionId="ed865d43-d16c-42c2-88c8-ccdbfddfcee4" testId="2602613f-c8e2-a6d9-fcf7-5b27d4a770a6" testName="BL.Tests.CheckPermissionsServiceTests.AuthorizedHasNoAccessToAdminSkiPatrolFunctions(functionName: &quot;GetMessagesAsync&quot;)" computerName="DESKTOP-TJ9D65N" duration="00:00:00.0082819" startTime="2022-10-17T14:59:42.1176875+03:00" endTime="2022-10-17T14:59:42.1176876+03:00" testType="13cdc9d9-ddb5-4fa4-a97d-d965ccfc6d4b" outcome="Passed" testListId="8c84fa94-04c1-424b-9868-57a2d4851a1d" relativeResultsDirectory="ed865d43-d16c-42c2-88c8-ccdbfddfcee4" />
    <UnitTestResult executionId="f91c94fd-9855-4865-9c51-8943dea06ea1" testId="d0129375-24ba-c1ee-b140-45833b218377" testName="BL.Tests.SlopesServiceTest.TestAdminAddSlopeAsync(userID: 1, slope: Slope { SlopeID = 96, SlopeName = slopeNamee6df9e10-5cf7-4c20-970f-8cef9ca6c90c, IsOpen = True, DifficultyLevel = 224, ConnectedLifts =  }, checkPermissionServiceMock: Mock&lt;ICheckPermissionService:11&gt;, slopesRepositoryStub: Mock&lt;ISlopesRepository:9&gt;, sut: SlopesService { })" computerName="DESKTOP-TJ9D65N" duration="00:00:00.0046656" startTime="2022-10-17T14:59:42.1229568+03:00" endTime="2022-10-17T14:59:42.1229569+03:00" testType="13cdc9d9-ddb5-4fa4-a97d-d965ccfc6d4b" outcome="Passed" testListId="8c84fa94-04c1-424b-9868-57a2d4851a1d" relativeResultsDirectory="f91c94fd-9855-4865-9c51-8943dea06ea1" />
    <UnitTestResult executionId="f5317256-3099-4227-8920-5544f447840c" testId="9c7df5e2-1b23-ebea-889f-b78ca86b60ab" testName="BL.Tests.CheckPermissionsServiceTests.AuthorizedHasNoAccessToAdminSkiPatrolFunctions(functionName: &quot;MarkMessageReadByUserAsync&quot;)" computerName="DESKTOP-TJ9D65N" duration="00:00:00.0012169" startTime="2022-10-17T14:59:42.1202972+03:00" endTime="2022-10-17T14:59:42.1202973+03:00" testType="13cdc9d9-ddb5-4fa4-a97d-d965ccfc6d4b" outcome="Passed" testListId="8c84fa94-04c1-424b-9868-57a2d4851a1d" relativeResultsDirectory="f5317256-3099-4227-8920-5544f447840c" />
    <UnitTestResult executionId="4dbabb22-5e9a-4951-9071-3fd885a82ee1" testId="26a99b8f-02c5-d817-1f43-1f815ae836ac" testName="BL.Tests.LiftsServiceTest.TestGetLiftsInfoAsync(userID: 210, initialLifts: [Lift { LiftID = 133, LiftName = liftName937490ee-836c-46ba-9c68-e4fb39088d13, IsOpen = True, SeatsAmount = 3, LiftingTime = 142, QueueTime = 89, ConnectedSlopes =  }, Lift { LiftID = 221, LiftName = liftName4285311d-251f-42b4-b211-459f58b0333c, IsOpen = False, SeatsAmount = 135, LiftingTime = 229, QueueTime = 202, ConnectedSlopes =  }, Lift { LiftID = 44, LiftName = liftNamec73d3014-9fd0-4b7a-9f5b-291b97eb711f, IsOpen = True, SeatsAmount = 66, LiftingTime = 6, QueueTime = 117, ConnectedSlopes =  }], checkPermissionServiceMock: Mock&lt;ICheckPermissionService:2&gt;, liftsRepositoryStub: Mock&lt;ILiftsRepository:2&gt;, liftsSlopesRepositoryStub: Mock&lt;ILiftsSlopesRepository:2&gt;, sut: LiftsService { })" computerName="DESKTOP-TJ9D65N" duration="00:00:00.0089059" startTime="2022-10-17T14:59:42.1350015+03:00" endTime="2022-10-17T14:59:42.1350016+03:00" testType="13cdc9d9-ddb5-4fa4-a97d-d965ccfc6d4b" outcome="Passed" testListId="8c84fa94-04c1-424b-9868-57a2d4851a1d" relativeResultsDirectory="4dbabb22-5e9a-4951-9071-3fd885a82ee1" />
    <UnitTestResult executionId="21575b26-44f1-485b-9b66-8c5c4e074492" testId="e2d7e5be-3dae-33ae-fb17-c704b6fd58d6" testName="BL.Tests.CheckPermissionsServiceTests.UnauthorizedHasNoAccessToAdminFunctions" computerName="DESKTOP-TJ9D65N" duration="00:00:00.0021289" startTime="2022-10-17T14:59:42.1352973+03:00" endTime="2022-10-17T14:59:42.1352974+03:00" testType="13cdc9d9-ddb5-4fa4-a97d-d965ccfc6d4b" outcome="Passed" testListId="8c84fa94-04c1-424b-9868-57a2d4851a1d" relativeResultsDirectory="21575b26-44f1-485b-9b66-8c5c4e074492" />
    <UnitTestResult executionId="a524d4fd-6c3d-40c7-a1c9-1496de835a27" testId="387c9729-48c1-486e-5e67-f5d11a9f0db8" testName="BL.Tests.CheckPermissionsServiceTests.UnauthorizedHasNoAccessToAdminSkiPatrolFunctions(functionName: &quot;GetLiftsSlopesInfoAsync&quot;)" computerName="DESKTOP-TJ9D65N" duration="00:00:00.0013029" startTime="2022-10-17T14:59:42.1149540+03:00" endTime="2022-10-17T14:59:42.1149540+03:00" testType="13cdc9d9-ddb5-4fa4-a97d-d965ccfc6d4b" outcome="Passed" testListId="8c84fa94-04c1-424b-9868-57a2d4851a1d" relativeResultsDirectory="a524d4fd-6c3d-40c7-a1c9-1496de835a27" />
    <UnitTestResult executionId="d8463ba5-495a-4ed8-8279-526846bb9308" testId="a19a5fcf-c5d2-7d44-5d7d-84403042f4e0" testName="BL.Tests.CheckPermissionsServiceTests.UnauthorizedHasNoAccessToAdminSkiPatrolFunctions(functionName: &quot;MarkMessageReadByUserAsync&quot;)" computerName="DESKTOP-TJ9D65N" duration="00:00:00.0333148" startTime="2022-10-17T14:59:42.0411600+03:00" endTime="2022-10-17T14:59:42.0411819+03:00" testType="13cdc9d9-ddb5-4fa4-a97d-d965ccfc6d4b" outcome="Passed" testListId="8c84fa94-04c1-424b-9868-57a2d4851a1d" relativeResultsDirectory="d8463ba5-495a-4ed8-8279-526846bb9308" />
    <UnitTestResult executionId="ed5d22e1-25ff-4d31-9c3b-df556ab6a926" testId="894941c1-bfa7-d8f9-c047-1e1ceefe2c2f" testName="BL.Tests.UsersServiceTests.TestRegisterUserWithRepeatedEmail" computerName="DESKTOP-TJ9D65N" duration="00:00:00.0035589" startTime="2022-10-17T14:59:42.1166102+03:00" endTime="2022-10-17T14:59:42.1166102+03:00" testType="13cdc9d9-ddb5-4fa4-a97d-d965ccfc6d4b" outcome="Passed" testListId="8c84fa94-04c1-424b-9868-57a2d4851a1d" relativeResultsDirectory="ed5d22e1-25ff-4d31-9c3b-df556ab6a926" />
    <UnitTestResult executionId="c097420e-af4c-4b78-8089-56b96f323945" testId="23bc22ff-13a9-965f-e9a6-f9b31a578c63" testName="BL.Tests.TurnstilesServiceTest.TestAdminGetTurnstilesAsync(userID: 52, initialTurnstiles: [Turnstile { TurnstileID = 18, LiftID = 188, IsOpen = True }, Turnstile { TurnstileID = 175, LiftID = 176, IsOpen = False }, Turnstile { TurnstileID = 243, LiftID = 129, IsOpen = True }], checkPermissionServiceMock: Mock&lt;ICheckPermissionService:13&gt;, turnstilesRepositoryStub: Mock&lt;ITurnstilesRepository:7&gt;, sut: TurnstilesService { })" computerName="DESKTOP-TJ9D65N" duration="00:00:00.0351230" startTime="2022-10-17T14:59:42.0447322+03:00" endTime="2022-10-17T14:59:42.0447322+03:00" testType="13cdc9d9-ddb5-4fa4-a97d-d965ccfc6d4b" outcome="Passed" testListId="8c84fa94-04c1-424b-9868-57a2d4851a1d" relativeResultsDirectory="c097420e-af4c-4b78-8089-56b96f323945" />
    <UnitTestResult executionId="a39b6e5c-13e7-4f29-9aee-98c69d047d5b" testId="d8605099-51c0-5f20-79a7-ae8be9aa61c6" testName="BL.Tests.SlopesServiceTest.TestGetSlopesInfoAsync(userID: 139, initialSlopes: [Slope { SlopeID = 164, SlopeName = slopeNameaa3195bf-24cf-47ab-b623-cac05fba5cc9, IsOpen = True, DifficultyLevel = 66, ConnectedLifts =  }, Slope { SlopeID = 207, SlopeName = slopeNamec531627d-5097-4c1b-a2c8-43c9a82231c5, IsOpen = False, DifficultyLevel = 72, ConnectedLifts =  }, Slope { SlopeID = 133, SlopeName = slopeNamea176aac7-1386-471d-9843-d0e1659719c5, IsOpen = True, DifficultyLevel = 54, ConnectedLifts =  }], checkPermissionServiceMock: Mock&lt;ICheckPermissionService:7&gt;, slopesRepositoryStub: Mock&lt;ISlopesRepository:5&gt;, liftsSlopesRepositoryStub: Mock&lt;ILiftsSlopesRepository:10&gt;, sut: SlopesService { })" computerName="DESKTOP-TJ9D65N" duration="00:00:00.0318043" startTime="2022-10-17T14:59:42.1176271+03:00" endTime="2022-10-17T14:59:42.1176271+03:00" testType="13cdc9d9-ddb5-4fa4-a97d-d965ccfc6d4b" outcome="Passed" testListId="8c84fa94-04c1-424b-9868-57a2d4851a1d" relativeResultsDirectory="a39b6e5c-13e7-4f29-9aee-98c69d047d5b" />
    <UnitTestResult executionId="7f496ecb-27ed-4e25-84c2-9f8e7e6a6971" testId="834c739b-eca4-b36d-6a66-5a1bd75377b8" testName="BL.Tests.UsersServiceTests.TestAdminAddAutoIncrementUser" computerName="DESKTOP-TJ9D65N" duration="00:00:00.0071978" startTime="2022-10-17T14:59:42.1329879+03:00" endTime="2022-10-17T14:59:42.1329881+03:00" testType="13cdc9d9-ddb5-4fa4-a97d-d965ccfc6d4b" outcome="Passed" testListId="8c84fa94-04c1-424b-9868-57a2d4851a1d" relativeResultsDirectory="7f496ecb-27ed-4e25-84c2-9f8e7e6a6971" />
    <UnitTestResult executionId="40b59fc0-9d84-4c0f-b830-1cecb2961fa2" testId="4caa62f6-2c04-cd66-24eb-7497c114a553" testName="BL.Tests.LiftsSlopesServiceTests.TestAdminAddAutoIncrementLiftSlopeAsync(lift: Lift { LiftID = 143, LiftName = liftName932103d9-54c6-459c-9f25-b3bc23caaa39, IsOpen = True, SeatsAmount = 105, LiftingTime = 34, QueueTime = 35, ConnectedSlopes =  }, slope: Slope { SlopeID = 120, SlopeName = slopeName92e1e6c6-2ffb-4267-b969-1639c66ae51f, IsOpen = False, DifficultyLevel = 188, ConnectedLifts =  }, slopesRepositoryStub: Mock&lt;ISlopesRepository:3&gt;, liftsRepositoryStub: Mock&lt;ILiftsRepository:8&gt;, liftsSlopesRepositoryStub: Mock&lt;ILiftsSlopesRepository:8&gt;)" computerName="DESKTOP-TJ9D65N" duration="00:00:00.0333330" startTime="2022-10-17T14:59:42.0446967+03:00" endTime="2022-10-17T14:59:42.0446968+03:00" testType="13cdc9d9-ddb5-4fa4-a97d-d965ccfc6d4b" outcome="Passed" testListId="8c84fa94-04c1-424b-9868-57a2d4851a1d" relativeResultsDirectory="40b59fc0-9d84-4c0f-b830-1cecb2961fa2" />
  </Results>
  <TestDefinitions>
    <UnitTest name="BL.Tests.CheckPermissionsServiceTests.AuthorizedHasNoAccessToAdminSkiPatrolFunctions(functionName: &quot;MarkMessageReadByUserAsync&quot;)" storage="c:\users\alena\desktop\7_sem\testing_and_debugging\skiresort\bl.tests\bin\debug\net6.0\bl.tests.dll" id="9c7df5e2-1b23-ebea-889f-b78ca86b60ab">
      <Execution id="f5317256-3099-4227-8920-5544f447840c" />
      <TestMethod codeBase="C:\Users\alena\Desktop\7_sem\testing_and_debugging\SkiResort\BL.Tests\bin\Debug\net6.0\BL.Tests.dll" adapterTypeName="executor://xunit/VsTestRunner2/netcoreapp" className="BL.Tests.CheckPermissionsServiceTests" name="AuthorizedHasNoAccessToAdminSkiPatrolFunctions" />
    </UnitTest>
    <UnitTest name="BL.Tests.CheckPermissionsServiceTests.UnauthorizedHasNoAccessToAdminSkiPatrolFunctions(functionName: &quot;MarkMessageReadByUserAsync&quot;)" storage="c:\users\alena\desktop\7_sem\testing_and_debugging\skiresort\bl.tests\bin\debug\net6.0\bl.tests.dll" id="a19a5fcf-c5d2-7d44-5d7d-84403042f4e0">
      <Execution id="d8463ba5-495a-4ed8-8279-526846bb9308" />
      <TestMethod codeBase="C:\Users\alena\Desktop\7_sem\testing_and_debugging\SkiResort\BL.Tests\bin\Debug\net6.0\BL.Tests.dll" adapterTypeName="executor://xunit/VsTestRunner2/netcoreapp" className="BL.Tests.CheckPermissionsServiceTests" name="UnauthorizedHasNoAccessToAdminSkiPatrolFunctions" />
    </UnitTest>
    <UnitTest name="BL.Tests.SlopesServiceTest.TestGetSlopesInfoAsync(userID: 139, initialSlopes: [Slope { SlopeID = 164, SlopeName = slopeNameaa3195bf-24cf-47ab-b623-cac05fba5cc9, IsOpen = True, DifficultyLevel = 66, ConnectedLifts =  }, Slope { SlopeID = 207, SlopeName = slopeNamec531627d-5097-4c1b-a2c8-43c9a82231c5, IsOpen = False, DifficultyLevel = 72, ConnectedLifts =  }, Slope { SlopeID = 133, SlopeName = slopeNamea176aac7-1386-471d-9843-d0e1659719c5, Is..." storage="c:\users\alena\desktop\7_sem\testing_and_debugging\skiresort\bl.tests\bin\debug\net6.0\bl.tests.dll" id="d8605099-51c0-5f20-79a7-ae8be9aa61c6">
      <Execution id="a39b6e5c-13e7-4f29-9aee-98c69d047d5b" />
      <TestMethod codeBase="C:\Users\alena\Desktop\7_sem\testing_and_debugging\SkiResort\BL.Tests\bin\Debug\net6.0\BL.Tests.dll" adapterTypeName="executor://xunit/VsTestRunner2/netcoreapp" className="BL.Tests.SlopesServiceTest" name="TestGetSlopesInfoAsync" />
    </UnitTest>
    <UnitTest name="BL.Tests.TurnstilesServiceTest.TestAdminGetTurnstileAsync(userID: 83, turnstile: Turnstile { TurnstileID = 202, LiftID = 45, IsOpen = True }, checkPermissionServiceMock: Mock&lt;ICheckPermissionService:12&gt;, turnstilesRepositoryStub: Mock&lt;ITurnstilesRepository:6&gt;, sut: TurnstilesService { })" storage="c:\users\alena\desktop\7_sem\testing_and_debugging\skiresort\bl.tests\bin\debug\net6.0\bl.tests.dll" id="2f4d2eaa-6d83-ef2b-ce11-65d24abd25e2">
      <Execution id="e1b9f853-bcff-40cf-bbf3-0f9eacc41f54" />
      <TestMethod codeBase="C:\Users\alena\Desktop\7_sem\testing_and_debugging\SkiResort\BL.Tests\bin\Debug\net6.0\BL.Tests.dll" adapterTypeName="executor://xunit/VsTestRunner2/netcoreapp" className="BL.Tests.TurnstilesServiceTest" name="TestAdminGetTurnstileAsync" />
    </UnitTest>
    <UnitTest name="BL.Tests.CheckPermissionsServiceTests.AuthorizedHasNoAccessToAdminFunctions" storage="c:\users\alena\desktop\7_sem\testing_and_debugging\skiresort\bl.tests\bin\debug\net6.0\bl.tests.dll" id="a2e59116-cb53-1d70-9cb8-21c286516866">
      <Execution id="ca55c1c2-86c0-45ec-ab5e-60f134f9e26c" />
      <TestMethod codeBase="C:\Users\alena\Desktop\7_sem\testing_and_debugging\SkiResort\BL.Tests\bin\Debug\net6.0\BL.Tests.dll" adapterTypeName="executor://xunit/VsTestRunner2/netcoreapp" className="BL.Tests.CheckPermissionsServiceTests" name="AuthorizedHasNoAccessToAdminFunctions" />
    </UnitTest>
    <UnitTest name="BL.Tests.CheckPermissionsServiceTests.SkiPatrolHasAccessToAdminSkiPatrolFunctions(functionName: &quot;GetMessagesAsync&quot;)" storage="c:\users\alena\desktop\7_sem\testing_and_debugging\skiresort\bl.tests\bin\debug\net6.0\bl.tests.dll" id="c36970dc-93f7-753e-fa47-157133b01644">
      <Execution id="fd20f33b-7ed6-45c6-9f17-53e3b7e8f178" />
      <TestMethod codeBase="C:\Users\alena\Desktop\7_sem\testing_and_debugging\SkiResort\BL.Tests\bin\Debug\net6.0\BL.Tests.dll" adapterTypeName="executor://xunit/VsTestRunner2/netcoreapp" className="BL.Tests.CheckPermissionsServiceTests" name="SkiPatrolHasAccessToAdminSkiPatrolFunctions" />
    </UnitTest>
    <UnitTest name="BL.Tests.CheckPermissionsServiceTests.AuthorizedHasNoAccessToAdminSkiPatrolFunctions(functionName: &quot;GetMessagesAsync&quot;)" storage="c:\users\alena\desktop\7_sem\testing_and_debugging\skiresort\bl.tests\bin\debug\net6.0\bl.tests.dll" id="2602613f-c8e2-a6d9-fcf7-5b27d4a770a6">
      <Execution id="ed865d43-d16c-42c2-88c8-ccdbfddfcee4" />
      <TestMethod codeBase="C:\Users\alena\Desktop\7_sem\testing_and_debugging\SkiResort\BL.Tests\bin\Debug\net6.0\BL.Tests.dll" adapterTypeName="executor://xunit/VsTestRunner2/netcoreapp" className="BL.Tests.CheckPermissionsServiceTests" name="AuthorizedHasNoAccessToAdminSkiPatrolFunctions" />
    </UnitTest>
    <UnitTest name="BL.Tests.CheckPermissionsServiceTests.AdminHasAccessToAllFunctions" storage="c:\users\alena\desktop\7_sem\testing_and_debugging\skiresort\bl.tests\bin\debug\net6.0\bl.tests.dll" id="f3efc418-a8a6-c7b7-9bac-90b33aa8472f">
      <Execution id="f94ece7f-332a-4a79-8e20-4ce89110895e" />
      <TestMethod codeBase="C:\Users\alena\Desktop\7_sem\testing_and_debugging\SkiResort\BL.Tests\bin\Debug\net6.0\BL.Tests.dll" adapterTypeName="executor://xunit/VsTestRunner2/netcoreapp" className="BL.Tests.CheckPermissionsServiceTests" name="AdminHasAccessToAllFunctions" />
    </UnitTest>
    <UnitTest name="BL.Tests.UsersServiceTests.TestRegisterUserWithNoPassword" storage="c:\users\alena\desktop\7_sem\testing_and_debugging\skiresort\bl.tests\bin\debug\net6.0\bl.tests.dll" id="f44a1b21-8efc-bfac-63b4-d534442def31">
      <Execution id="a2a7898c-522d-4b1a-901a-9b1d87125791" />
      <TestMethod codeBase="C:\Users\alena\Desktop\7_sem\testing_and_debugging\SkiResort\BL.Tests\bin\Debug\net6.0\BL.Tests.dll" adapterTypeName="executor://xunit/VsTestRunner2/netcoreapp" className="BL.Tests.UsersServiceTests" name="TestRegisterUserWithNoPassword" />
    </UnitTest>
    <UnitTest name="BL.Tests.UsersServiceTests.TestAdminGetUserByIDAsync" storage="c:\users\alena\desktop\7_sem\testing_and_debugging\skiresort\bl.tests\bin\debug\net6.0\bl.tests.dll" id="e5497347-2721-b7a6-0bd4-69a9921f6947">
      <Execution id="28469c08-293b-4b93-9096-46c42daa93a1" />
      <TestMethod codeBase="C:\Users\alena\Desktop\7_sem\testing_and_debugging\SkiResort\BL.Tests\bin\Debug\net6.0\BL.Tests.dll" adapterTypeName="executor://xunit/VsTestRunner2/netcoreapp" className="BL.Tests.UsersServiceTests" name="TestAdminGetUserByIDAsync" />
    </UnitTest>
    <UnitTest name="BL.Tests.SlopesServiceTest.TestAdminAddSlopeAsync(userID: 1, slope: Slope { SlopeID = 96, SlopeName = slopeNamee6df9e10-5cf7-4c20-970f-8cef9ca6c90c, IsOpen = True, DifficultyLevel = 224, ConnectedLifts =  }, checkPermissionServiceMock: Mock&lt;ICheckPermissionService:11&gt;, slopesRepositoryStub: Mock&lt;ISlopesRepository:9&gt;, sut: SlopesService { })" storage="c:\users\alena\desktop\7_sem\testing_and_debugging\skiresort\bl.tests\bin\debug\net6.0\bl.tests.dll" id="d0129375-24ba-c1ee-b140-45833b218377">
      <Execution id="f91c94fd-9855-4865-9c51-8943dea06ea1" />
      <TestMethod codeBase="C:\Users\alena\Desktop\7_sem\testing_and_debugging\SkiResort\BL.Tests\bin\Debug\net6.0\BL.Tests.dll" adapterTypeName="executor://xunit/VsTestRunner2/netcoreapp" className="BL.Tests.SlopesServiceTest" name="TestAdminAddSlopeAsync" />
    </UnitTest>
    <UnitTest name="BL.Tests.LiftsSlopesServiceTests.TestAdminAddAutoIncrementLiftSlopeAsync(lift: Lift { LiftID = 143, LiftName = liftName932103d9-54c6-459c-9f25-b3bc23caaa39, IsOpen = True, SeatsAmount = 105, LiftingTime = 34, QueueTime = 35, ConnectedSlopes =  }, slope: Slope { SlopeID = 120, SlopeName = slopeName92e1e6c6-2ffb-4267-b969-1639c66ae51f, IsOpen = False, DifficultyLevel = 188, ConnectedLifts =  }, slopesRepositoryStub: Mock&lt;ISlopesRepository:3&gt;,..." storage="c:\users\alena\desktop\7_sem\testing_and_debugging\skiresort\bl.tests\bin\debug\net6.0\bl.tests.dll" id="4caa62f6-2c04-cd66-24eb-7497c114a553">
      <Execution id="40b59fc0-9d84-4c0f-b830-1cecb2961fa2" />
      <TestMethod codeBase="C:\Users\alena\Desktop\7_sem\testing_and_debugging\SkiResort\BL.Tests\bin\Debug\net6.0\BL.Tests.dll" adapterTypeName="executor://xunit/VsTestRunner2/netcoreapp" className="BL.Tests.LiftsSlopesServiceTests" name="TestAdminAddAutoIncrementLiftSlopeAsync" />
    </UnitTest>
    <UnitTest name="BL.Tests.TurnstilesServiceTest.TestAdminGetTurnstilesAsync(userID: 52, initialTurnstiles: [Turnstile { TurnstileID = 18, LiftID = 188, IsOpen = True }, Turnstile { TurnstileID = 175, LiftID = 176, IsOpen = False }, Turnstile { TurnstileID = 243, LiftID = 129, IsOpen = True }], checkPermissionServiceMock: Mock&lt;ICheckPermissionService:13&gt;, turnstilesRepositoryStub: Mock&lt;ITurnstilesRepository:7&gt;, sut: TurnstilesService { })" storage="c:\users\alena\desktop\7_sem\testing_and_debugging\skiresort\bl.tests\bin\debug\net6.0\bl.tests.dll" id="23bc22ff-13a9-965f-e9a6-f9b31a578c63">
      <Execution id="c097420e-af4c-4b78-8089-56b96f323945" />
      <TestMethod codeBase="C:\Users\alena\Desktop\7_sem\testing_and_debugging\SkiResort\BL.Tests\bin\Debug\net6.0\BL.Tests.dll" adapterTypeName="executor://xunit/VsTestRunner2/netcoreapp" className="BL.Tests.TurnstilesServiceTest" name="TestAdminGetTurnstilesAsync" />
    </UnitTest>
    <UnitTest name="BL.Tests.UsersServiceTests.TestAdminAddAutoIncrementUser" storage="c:\users\alena\desktop\7_sem\testing_and_debugging\skiresort\bl.tests\bin\debug\net6.0\bl.tests.dll" id="834c739b-eca4-b36d-6a66-5a1bd75377b8">
      <Execution id="7f496ecb-27ed-4e25-84c2-9f8e7e6a6971" />
      <TestMethod codeBase="C:\Users\alena\Desktop\7_sem\testing_and_debugging\SkiResort\BL.Tests\bin\Debug\net6.0\BL.Tests.dll" adapterTypeName="executor://xunit/VsTestRunner2/netcoreapp" className="BL.Tests.UsersServiceTests" name="TestAdminAddAutoIncrementUser" />
    </UnitTest>
    <UnitTest name="BL.Tests.CheckPermissionsServiceTests.UnauthorizedHasNoAccessToAdminSkiPatrolFunctions(functionName: &quot;GetLiftsSlopesInfoAsync&quot;)" storage="c:\users\alena\desktop\7_sem\testing_and_debugging\skiresort\bl.tests\bin\debug\net6.0\bl.tests.dll" id="387c9729-48c1-486e-5e67-f5d11a9f0db8">
      <Execution id="a524d4fd-6c3d-40c7-a1c9-1496de835a27" />
      <TestMethod codeBase="C:\Users\alena\Desktop\7_sem\testing_and_debugging\SkiResort\BL.Tests\bin\Debug\net6.0\BL.Tests.dll" adapterTypeName="executor://xunit/VsTestRunner2/netcoreapp" className="BL.Tests.CheckPermissionsServiceTests" name="UnauthorizedHasNoAccessToAdminSkiPatrolFunctions" />
    </UnitTest>
    <UnitTest name="BL.Tests.CheckPermissionsServiceTests.SkiPatrolHasAccessToAdminSkiPatrolFunctions(functionName: &quot;MarkMessageReadByUserAsync&quot;)" storage="c:\users\alena\desktop\7_sem\testing_and_debugging\skiresort\bl.tests\bin\debug\net6.0\bl.tests.dll" id="60bd668f-04df-da5e-b79b-5d9aedb5234d">
      <Execution id="49ea731d-24e9-4f24-a2ff-95c942e18279" />
      <TestMethod codeBase="C:\Users\alena\Desktop\7_sem\testing_and_debugging\SkiResort\BL.Tests\bin\Debug\net6.0\BL.Tests.dll" adapterTypeName="executor://xunit/VsTestRunner2/netcoreapp" className="BL.Tests.CheckPermissionsServiceTests" name="SkiPatrolHasAccessToAdminSkiPatrolFunctions" />
    </UnitTest>
    <UnitTest name="BL.Tests.CheckPermissionsServiceTests.UnauthorizedHasNoAccessToAdminFunctions" storage="c:\users\alena\desktop\7_sem\testing_and_debugging\skiresort\bl.tests\bin\debug\net6.0\bl.tests.dll" id="e2d7e5be-3dae-33ae-fb17-c704b6fd58d6">
      <Execution id="21575b26-44f1-485b-9b66-8c5c4e074492" />
      <TestMethod codeBase="C:\Users\alena\Desktop\7_sem\testing_and_debugging\SkiResort\BL.Tests\bin\Debug\net6.0\BL.Tests.dll" adapterTypeName="executor://xunit/VsTestRunner2/netcoreapp" className="BL.Tests.CheckPermissionsServiceTests" name="UnauthorizedHasNoAccessToAdminFunctions" />
    </UnitTest>
    <UnitTest name="BL.Tests.LiftsSlopesServiceTests.TestAdminDeleteLiftSlopeAsync(lift: Lift { LiftID = 216, LiftName = liftName16f86cde-f5c5-4666-ac3c-788b1b8de6da, IsOpen = True, SeatsAmount = 183, LiftingTime = 34, QueueTime = 225, ConnectedSlopes =  }, slope: Slope { SlopeID = 186, SlopeName = slopeName622b7b8a-1bfc-42a5-8f0f-fb70417e2ace, IsOpen = False, DifficultyLevel = 171, ConnectedLifts =  }, slopesRepositoryStub: Mock&lt;ISlopesRepository:2&gt;, liftsRep..." storage="c:\users\alena\desktop\7_sem\testing_and_debugging\skiresort\bl.tests\bin\debug\net6.0\bl.tests.dll" id="5cf206b9-81a8-51bd-22c5-b58bbfaa9ae7">
      <Execution id="3f54c66b-1beb-4d2d-b022-9abb62f364b9" />
      <TestMethod codeBase="C:\Users\alena\Desktop\7_sem\testing_and_debugging\SkiResort\BL.Tests\bin\Debug\net6.0\BL.Tests.dll" adapterTypeName="executor://xunit/VsTestRunner2/netcoreapp" className="BL.Tests.LiftsSlopesServiceTests" name="TestAdminDeleteLiftSlopeAsync" />
    </UnitTest>
    <UnitTest name="BL.Tests.CheckPermissionsServiceTests.SkiPatrolHasAccessToAdminSkiPatrolFunctions(functionName: &quot;GetLiftsSlopesInfoAsync&quot;)" storage="c:\users\alena\desktop\7_sem\testing_and_debugging\skiresort\bl.tests\bin\debug\net6.0\bl.tests.dll" id="2d706594-f2b3-b3c8-21d4-86c9798c3306">
      <Execution id="49aef5fe-19d4-43f2-9d84-e67bb2d5a037" />
      <TestMethod codeBase="C:\Users\alena\Desktop\7_sem\testing_and_debugging\SkiResort\BL.Tests\bin\Debug\net6.0\BL.Tests.dll" adapterTypeName="executor://xunit/VsTestRunner2/netcoreapp" className="BL.Tests.CheckPermissionsServiceTests" name="SkiPatrolHasAccessToAdminSkiPatrolFunctions" />
    </UnitTest>
    <UnitTest name="BL.Tests.UsersServiceTests.TestLogInWithWrongPassword" storage="c:\users\alena\desktop\7_sem\testing_and_debugging\skiresort\bl.tests\bin\debug\net6.0\bl.tests.dll" id="69340bb6-3645-f9dd-971e-29d8b2a009bb">
      <Execution id="1567587c-c120-4014-8b4e-c6be1d8d51b0" />
      <TestMethod codeBase="C:\Users\alena\Desktop\7_sem\testing_and_debugging\SkiResort\BL.Tests\bin\Debug\net6.0\BL.Tests.dll" adapterTypeName="executor://xunit/VsTestRunner2/netcoreapp" className="BL.Tests.UsersServiceTests" name="TestLogInWithWrongPassword" />
    </UnitTest>
    <UnitTest name="BL.Tests.SlopesServiceTest.TestAdminDeleteSlopeAsync(userID: 156, slope: Slope { SlopeID = 207, SlopeName = slopeNamedd50e3c5-717f-41f0-a545-60a5a2b94450, IsOpen = True, DifficultyLevel = 134, ConnectedLifts =  }, checkPermissionServiceMock: Mock&lt;ICheckPermissionService:9&gt;, slopesRepositoryStub: Mock&lt;ISlopesRepository:7&gt;, liftsSlopesRepositoryStub: Mock&lt;ILiftsSlopesRepository:12&gt;, sut: SlopesService { })" storage="c:\users\alena\desktop\7_sem\testing_and_debugging\skiresort\bl.tests\bin\debug\net6.0\bl.tests.dll" id="938f91f8-8052-ef8e-cc91-829fb3724cff">
      <Execution id="dc673fcb-0c03-4005-9fe7-d09d1ef98b42" />
      <TestMethod codeBase="C:\Users\alena\Desktop\7_sem\testing_and_debugging\SkiResort\BL.Tests\bin\Debug\net6.0\BL.Tests.dll" adapterTypeName="executor://xunit/VsTestRunner2/netcoreapp" className="BL.Tests.SlopesServiceTest" name="TestAdminDeleteSlopeAsync" />
    </UnitTest>
    <UnitTest name="BL.Tests.CheckPermissionsServiceTests.SkiPatrolHasNoAccessToAdminFunctions" storage="c:\users\alena\desktop\7_sem\testing_and_debugging\skiresort\bl.tests\bin\debug\net6.0\bl.tests.dll" id="492c0393-35b4-df26-a537-21ca08302f3c">
      <Execution id="af31b30b-cef6-4224-bc82-f1fd8e95d6fb" />
      <TestMethod codeBase="C:\Users\alena\Desktop\7_sem\testing_and_debugging\SkiResort\BL.Tests\bin\Debug\net6.0\BL.Tests.dll" adapterTypeName="executor://xunit/VsTestRunner2/netcoreapp" className="BL.Tests.CheckPermissionsServiceTests" name="SkiPatrolHasNoAccessToAdminFunctions" />
    </UnitTest>
    <UnitTest name="BL.Tests.UsersServiceTests.TestAdminDeleteUser" storage="c:\users\alena\desktop\7_sem\testing_and_debugging\skiresort\bl.tests\bin\debug\net6.0\bl.tests.dll" id="18fa8c62-e27d-e1fc-8182-4d7db62b008d">
      <Execution id="42a52dca-f925-449f-a16f-3fa72a0452c9" />
      <TestMethod codeBase="C:\Users\alena\Desktop\7_sem\testing_and_debugging\SkiResort\BL.Tests\bin\Debug\net6.0\BL.Tests.dll" adapterTypeName="executor://xunit/VsTestRunner2/netcoreapp" className="BL.Tests.UsersServiceTests" name="TestAdminDeleteUser" />
    </UnitTest>
    <UnitTest name="BL.Tests.LiftsServiceTest.TestUpdateLiftInfoAsync(userID: 102, lift: Lift { LiftID = 13, LiftName = liftNamec52a3bf1-1a23-4278-8c01-24c1f6b0a796, IsOpen = True, SeatsAmount = 182, LiftingTime = 89, QueueTime = 168, ConnectedSlopes =  }, checkPermissionServiceMock: Mock&lt;ICheckPermissionService:3&gt;, liftsRepositoryStub: Mock&lt;ILiftsRepository:3&gt;, sut: LiftsService { })" storage="c:\users\alena\desktop\7_sem\testing_and_debugging\skiresort\bl.tests\bin\debug\net6.0\bl.tests.dll" id="a1105b90-3783-7834-aa48-212c1c7a6ffc">
      <Execution id="de8748bd-9169-4c13-8b13-17aa6a569bcc" />
      <TestMethod codeBase="C:\Users\alena\Desktop\7_sem\testing_and_debugging\SkiResort\BL.Tests\bin\Debug\net6.0\BL.Tests.dll" adapterTypeName="executor://xunit/VsTestRunner2/netcoreapp" className="BL.Tests.LiftsServiceTest" name="TestUpdateLiftInfoAsync" />
    </UnitTest>
    <UnitTest name="BL.Tests.CheckPermissionsServiceTests.AuthorizedHasAccessToAuthorizedFunctions(functionName: &quot;LogOutAsync&quot;)" storage="c:\users\alena\desktop\7_sem\testing_and_debugging\skiresort\bl.tests\bin\debug\net6.0\bl.tests.dll" id="aa28a6b3-21d3-aa45-24d3-bef2facbc899">
      <Execution id="2a250a5c-d8cc-4771-8236-769f82513343" />
      <TestMethod codeBase="C:\Users\alena\Desktop\7_sem\testing_and_debugging\SkiResort\BL.Tests\bin\Debug\net6.0\BL.Tests.dll" adapterTypeName="executor://xunit/VsTestRunner2/netcoreapp" className="BL.Tests.CheckPermissionsServiceTests" name="AuthorizedHasAccessToAuthorizedFunctions" />
    </UnitTest>
    <UnitTest name="BL.Tests.UsersServiceTests.TestAdminUpdateUser" storage="c:\users\alena\desktop\7_sem\testing_and_debugging\skiresort\bl.tests\bin\debug\net6.0\bl.tests.dll" id="06d0bc3a-24a0-fb7f-4277-e9ae6d21c7dd">
      <Execution id="2b11f378-4726-40c0-a0af-7cdd59939238" />
      <TestMethod codeBase="C:\Users\alena\Desktop\7_sem\testing_and_debugging\SkiResort\BL.Tests\bin\Debug\net6.0\BL.Tests.dll" adapterTypeName="executor://xunit/VsTestRunner2/netcoreapp" className="BL.Tests.UsersServiceTests" name="TestAdminUpdateUser" />
    </UnitTest>
    <UnitTest name="BL.Tests.UsersServiceTests.TestLogInOk" storage="c:\users\alena\desktop\7_sem\testing_and_debugging\skiresort\bl.tests\bin\debug\net6.0\bl.tests.dll" id="1ca07ad8-f799-c5d4-e7cc-34fd950198a2">
      <Execution id="2fb3b175-84ec-4556-ae9e-2d2987acfaa4" />
      <TestMethod codeBase="C:\Users\alena\Desktop\7_sem\testing_and_debugging\SkiResort\BL.Tests\bin\Debug\net6.0\BL.Tests.dll" adapterTypeName="executor://xunit/VsTestRunner2/netcoreapp" className="BL.Tests.UsersServiceTests" name="TestLogInOk" />
    </UnitTest>
    <UnitTest name="BL.Tests.LiftsServiceTest.TestGetLiftsInfoAsync(userID: 210, initialLifts: [Lift { LiftID = 133, LiftName = liftName937490ee-836c-46ba-9c68-e4fb39088d13, IsOpen = True, SeatsAmount = 3, LiftingTime = 142, QueueTime = 89, ConnectedSlopes =  }, Lift { LiftID = 221, LiftName = liftName4285311d-251f-42b4-b211-459f58b0333c, IsOpen = False, SeatsAmount = 135, LiftingTime = 229, QueueTime = 202, ConnectedSlopes =  }, Lift { LiftID = 44, LiftName =..." storage="c:\users\alena\desktop\7_sem\testing_and_debugging\skiresort\bl.tests\bin\debug\net6.0\bl.tests.dll" id="26a99b8f-02c5-d817-1f43-1f815ae836ac">
      <Execution id="4dbabb22-5e9a-4951-9071-3fd885a82ee1" />
      <TestMethod codeBase="C:\Users\alena\Desktop\7_sem\testing_and_debugging\SkiResort\BL.Tests\bin\Debug\net6.0\BL.Tests.dll" adapterTypeName="executor://xunit/VsTestRunner2/netcoreapp" className="BL.Tests.LiftsServiceTest" name="TestGetLiftsInfoAsync" />
    </UnitTest>
    <UnitTest name="BL.Tests.UsersServiceTests.TestAdminGetUsers" storage="c:\users\alena\desktop\7_sem\testing_and_debugging\skiresort\bl.tests\bin\debug\net6.0\bl.tests.dll" id="20ad8570-0170-85de-dcd7-2f109dd7bcd6">
      <Execution id="8cbaed5b-1e5f-42f5-ac12-15ddfa2b77cd" />
      <TestMethod codeBase="C:\Users\alena\Desktop\7_sem\testing_and_debugging\SkiResort\BL.Tests\bin\Debug\net6.0\BL.Tests.dll" adapterTypeName="executor://xunit/VsTestRunner2/netcoreapp" className="BL.Tests.UsersServiceTests" name="TestAdminGetUsers" />
    </UnitTest>
    <UnitTest name="BL.Tests.CheckPermissionsServiceTests.UnauthorizedHasNoAccessToAdminSkiPatrolFunctions(functionName: &quot;GetMessagesAsync&quot;)" storage="c:\users\alena\desktop\7_sem\testing_and_debugging\skiresort\bl.tests\bin\debug\net6.0\bl.tests.dll" id="229812f5-9a73-5335-11f5-31330d1348a5">
      <Execution id="68a86a48-64c5-48ee-9430-3c165396deef" />
      <TestMethod codeBase="C:\Users\alena\Desktop\7_sem\testing_and_debugging\SkiResort\BL.Tests\bin\Debug\net6.0\BL.Tests.dll" adapterTypeName="executor://xunit/VsTestRunner2/netcoreapp" className="BL.Tests.CheckPermissionsServiceTests" name="UnauthorizedHasNoAccessToAdminSkiPatrolFunctions" />
    </UnitTest>
    <UnitTest name="BL.Tests.TurnstilesServiceTest.TestAdminDeleteTurnstileAsync(userID: 239, turnstile: Turnstile { TurnstileID = 183, LiftID = 23, IsOpen = True }, checkPermissionServiceMock: Mock&lt;ICheckPermissionService:15&gt;, turnstilesRepositoryStub: Mock&lt;ITurnstilesRepository:9&gt;, sut: TurnstilesService { })" storage="c:\users\alena\desktop\7_sem\testing_and_debugging\skiresort\bl.tests\bin\debug\net6.0\bl.tests.dll" id="b667525a-f84f-83db-33f0-a58b942f8c0f">
      <Execution id="7faca1e2-d052-457a-b6ad-46d6e0bbfbf6" />
      <TestMethod codeBase="C:\Users\alena\Desktop\7_sem\testing_and_debugging\SkiResort\BL.Tests\bin\Debug\net6.0\BL.Tests.dll" adapterTypeName="executor://xunit/VsTestRunner2/netcoreapp" className="BL.Tests.TurnstilesServiceTest" name="TestAdminDeleteTurnstileAsync" />
    </UnitTest>
    <UnitTest name="BL.Tests.LiftsSlopesServiceTests.TestGetLiftsSlopesInfoAsync(liftsSlopes: [LiftSlope { RecordID = 82, LiftID = 205, SlopeID = 169 }, LiftSlope { RecordID = 93, LiftID = 58, SlopeID = 188 }, LiftSlope { RecordID = 86, LiftID = 124, SlopeID = 38 }], slopesRepositoryStub: Mock&lt;ISlopesRepository:1&gt;, liftsRepositoryStub: Mock&lt;ILiftsRepository:6&gt;, liftsSlopesRepositoryStub: Mock&lt;ILiftsSlopesRepository:6&gt;)" storage="c:\users\alena\desktop\7_sem\testing_and_debugging\skiresort\bl.tests\bin\debug\net6.0\bl.tests.dll" id="39be9b5e-0bc4-57dc-37d3-aec6b520299d">
      <Execution id="b8c61040-5d04-4068-ae00-077a39407e97" />
      <TestMethod codeBase="C:\Users\alena\Desktop\7_sem\testing_and_debugging\SkiResort\BL.Tests\bin\Debug\net6.0\BL.Tests.dll" adapterTypeName="executor://xunit/VsTestRunner2/netcoreapp" className="BL.Tests.LiftsSlopesServiceTests" name="TestGetLiftsSlopesInfoAsync" />
    </UnitTest>
    <UnitTest name="BL.Tests.TurnstilesServiceTest.TestAdminUpdateTurnstileAsync(userID: 223, turnstile: Turnstile { TurnstileID = 12, LiftID = 124, IsOpen = True }, checkPermissionServiceMock: Mock&lt;ICheckPermissionService:14&gt;, turnstilesRepositoryStub: Mock&lt;ITurnstilesRepository:8&gt;, sut: TurnstilesService { })" storage="c:\users\alena\desktop\7_sem\testing_and_debugging\skiresort\bl.tests\bin\debug\net6.0\bl.tests.dll" id="c865ae08-54b0-4bb5-870d-9f1c997df573">
      <Execution id="eede959b-6683-4439-9dcc-9f5dada77058" />
      <TestMethod codeBase="C:\Users\alena\Desktop\7_sem\testing_and_debugging\SkiResort\BL.Tests\bin\Debug\net6.0\BL.Tests.dll" adapterTypeName="executor://xunit/VsTestRunner2/netcoreapp" className="BL.Tests.TurnstilesServiceTest" name="TestAdminUpdateTurnstileAsync" />
    </UnitTest>
    <UnitTest name="BL.Tests.CheckPermissionsServiceTests.AuthorizedHasNoAccessToAdminSkiPatrolFunctions(functionName: &quot;GetLiftsSlopesInfoAsync&quot;)" storage="c:\users\alena\desktop\7_sem\testing_and_debugging\skiresort\bl.tests\bin\debug\net6.0\bl.tests.dll" id="4f297306-d4f3-8d63-e7f4-1ac0b8c58c74">
      <Execution id="90a39a7b-7071-4b6e-948a-601aa2192ac5" />
      <TestMethod codeBase="C:\Users\alena\Desktop\7_sem\testing_and_debugging\SkiResort\BL.Tests\bin\Debug\net6.0\BL.Tests.dll" adapterTypeName="executor://xunit/VsTestRunner2/netcoreapp" className="BL.Tests.CheckPermissionsServiceTests" name="AuthorizedHasNoAccessToAdminSkiPatrolFunctions" />
    </UnitTest>
    <UnitTest name="BL.Tests.UsersServiceTests.TestRegisterOk" storage="c:\users\alena\desktop\7_sem\testing_and_debugging\skiresort\bl.tests\bin\debug\net6.0\bl.tests.dll" id="0eeef75f-6e38-7893-a8fe-cff3e0a970a7">
      <Execution id="21857219-ac93-4919-9548-7776388a7151" />
      <TestMethod codeBase="C:\Users\alena\Desktop\7_sem\testing_and_debugging\SkiResort\BL.Tests\bin\Debug\net6.0\BL.Tests.dll" adapterTypeName="executor://xunit/VsTestRunner2/netcoreapp" className="BL.Tests.UsersServiceTests" name="TestRegisterOk" />
    </UnitTest>
    <UnitTest name="BL.Tests.TurnstilesServiceTest.TestAdminAddAutoIncrementTurnstileAsync(userID: 197, turnstile: Turnstile { TurnstileID = 67, LiftID = 236, IsOpen = True }, checkPermissionServiceMock: Mock&lt;ICheckPermissionService:16&gt;, turnstilesRepositoryStub: Mock&lt;ITurnstilesRepository:10&gt;, sut: TurnstilesService { })" storage="c:\users\alena\desktop\7_sem\testing_and_debugging\skiresort\bl.tests\bin\debug\net6.0\bl.tests.dll" id="9443d42b-d60e-654c-a22c-912d603eb582">
      <Execution id="02c22c6b-ec1e-4152-aff8-57c5db4a6a74" />
      <TestMethod codeBase="C:\Users\alena\Desktop\7_sem\testing_and_debugging\SkiResort\BL.Tests\bin\Debug\net6.0\BL.Tests.dll" adapterTypeName="executor://xunit/VsTestRunner2/netcoreapp" className="BL.Tests.TurnstilesServiceTest" name="TestAdminAddAutoIncrementTurnstileAsync" />
    </UnitTest>
    <UnitTest name="BL.Tests.CheckPermissionsServiceTests.AuthorizedHasAccessToAuthorizedFunctions(functionName: &quot;SendMessageAsync&quot;)" storage="c:\users\alena\desktop\7_sem\testing_and_debugging\skiresort\bl.tests\bin\debug\net6.0\bl.tests.dll" id="644ec43e-70cd-c82d-42e7-0d990be1414d">
      <Execution id="cf57248b-1705-4704-9f0f-cc4d6585409b" />
      <TestMethod codeBase="C:\Users\alena\Desktop\7_sem\testing_and_debugging\SkiResort\BL.Tests\bin\Debug\net6.0\BL.Tests.dll" adapterTypeName="executor://xunit/VsTestRunner2/netcoreapp" className="BL.Tests.CheckPermissionsServiceTests" name="AuthorizedHasAccessToAuthorizedFunctions" />
    </UnitTest>
    <UnitTest name="BL.Tests.CheckPermissionsServiceTests.UnauthorizedHasNoAccessToAuthorizedFunctions(functionName: &quot;LogOutAsync&quot;)" storage="c:\users\alena\desktop\7_sem\testing_and_debugging\skiresort\bl.tests\bin\debug\net6.0\bl.tests.dll" id="fa960c5e-f989-2880-784e-8efe538c5231">
      <Execution id="253a947d-82e7-4dc0-aef7-32ace111209c" />
      <TestMethod codeBase="C:\Users\alena\Desktop\7_sem\testing_and_debugging\SkiResort\BL.Tests\bin\Debug\net6.0\BL.Tests.dll" adapterTypeName="executor://xunit/VsTestRunner2/netcoreapp" className="BL.Tests.CheckPermissionsServiceTests" name="UnauthorizedHasNoAccessToAuthorizedFunctions" />
    </UnitTest>
    <UnitTest name="BL.Tests.CheckPermissionsServiceTests.UnauthorizedHasNoAccessToAuthorizedFunctions(functionName: &quot;SendMessageAsync&quot;)" storage="c:\users\alena\desktop\7_sem\testing_and_debugging\skiresort\bl.tests\bin\debug\net6.0\bl.tests.dll" id="eaabd2fc-2f4b-5689-59c8-c7ad34a8f634">
      <Execution id="81a6f5bf-cb7e-42e4-9289-880c14291bb6" />
      <TestMethod codeBase="C:\Users\alena\Desktop\7_sem\testing_and_debugging\SkiResort\BL.Tests\bin\Debug\net6.0\BL.Tests.dll" adapterTypeName="executor://xunit/VsTestRunner2/netcoreapp" className="BL.Tests.CheckPermissionsServiceTests" name="UnauthorizedHasNoAccessToAuthorizedFunctions" />
    </UnitTest>
    <UnitTest name="BL.Tests.LiftsServiceTest.TestGetLiftInfoAsync(userID: 4, lift: Lift { LiftID = 166, LiftName = liftNamea3a59b97-6db6-4031-b0fe-06833806151e, IsOpen = True, SeatsAmount = 176, LiftingTime = 26, QueueTime = 122, ConnectedSlopes =  }, checkPermissionServiceMock: Mock&lt;ICheckPermissionService:1&gt;, liftsRepositoryStub: Mock&lt;ILiftsRepository:1&gt;, liftsSlopesRepositoryStub: Mock&lt;ILiftsSlopesRepository:1&gt;, sut: LiftsService { })" storage="c:\users\alena\desktop\7_sem\testing_and_debugging\skiresort\bl.tests\bin\debug\net6.0\bl.tests.dll" id="56c28929-8421-140f-8013-087093b4680e">
      <Execution id="05cd03dc-7bdd-4948-a146-ce9eae7804cd" />
      <TestMethod codeBase="C:\Users\alena\Desktop\7_sem\testing_and_debugging\SkiResort\BL.Tests\bin\Debug\net6.0\BL.Tests.dll" adapterTypeName="executor://xunit/VsTestRunner2/netcoreapp" className="BL.Tests.LiftsServiceTest" name="TestGetLiftInfoAsync" />
    </UnitTest>
    <UnitTest name="BL.Tests.UsersServiceTests.TestRegisterUserWithRepeatedEmail" storage="c:\users\alena\desktop\7_sem\testing_and_debugging\skiresort\bl.tests\bin\debug\net6.0\bl.tests.dll" id="894941c1-bfa7-d8f9-c047-1e1ceefe2c2f">
      <Execution id="ed5d22e1-25ff-4d31-9c3b-df556ab6a926" />
      <TestMethod codeBase="C:\Users\alena\Desktop\7_sem\testing_and_debugging\SkiResort\BL.Tests\bin\Debug\net6.0\BL.Tests.dll" adapterTypeName="executor://xunit/VsTestRunner2/netcoreapp" className="BL.Tests.UsersServiceTests" name="TestRegisterUserWithRepeatedEmail" />
    </UnitTest>
    <UnitTest name="BL.Tests.LiftsServiceTest.TestAdminDeleteLiftAsync(userID: 52, lift: Lift { LiftID = 137, LiftName = liftName6a8dbb77-5eae-4c1f-ab9c-1504c2a32d89, IsOpen = True, SeatsAmount = 178, LiftingTime = 174, QueueTime = 23, ConnectedSlopes =  }, checkPermissionServiceMock: Mock&lt;ICheckPermissionService:4&gt;, liftsRepositoryStub: Mock&lt;ILiftsRepository:4&gt;, liftsSlopesRepositoryStub: Mock&lt;ILiftsSlopesRepository:4&gt;, sut: LiftsService { })" storage="c:\users\alena\desktop\7_sem\testing_and_debugging\skiresort\bl.tests\bin\debug\net6.0\bl.tests.dll" id="938272c5-b3dc-7317-4b52-213d57365099">
      <Execution id="ad48f381-2ab8-400c-99ce-645fd3c24b0d" />
      <TestMethod codeBase="C:\Users\alena\Desktop\7_sem\testing_and_debugging\SkiResort\BL.Tests\bin\Debug\net6.0\BL.Tests.dll" adapterTypeName="executor://xunit/VsTestRunner2/netcoreapp" className="BL.Tests.LiftsServiceTest" name="TestAdminDeleteLiftAsync" />
    </UnitTest>
    <UnitTest name="BL.Tests.SlopesServiceTest.TestAdminAddAutoIncrementSlopeAsync(userID: 105, slope: Slope { SlopeID = 118, SlopeName = slopeName588d2ebb-b919-4aef-86bc-b6148c10d54f, IsOpen = True, DifficultyLevel = 182, ConnectedLifts =  }, checkPermissionServiceMock: Mock&lt;ICheckPermissionService:10&gt;, slopesRepositoryStub: Mock&lt;ISlopesRepository:8&gt;, sut: SlopesService { })" storage="c:\users\alena\desktop\7_sem\testing_and_debugging\skiresort\bl.tests\bin\debug\net6.0\bl.tests.dll" id="266a0ae2-49b5-6abd-4842-fa0a1db8159a">
      <Execution id="cfdac1e0-ad36-44c5-a020-91ce9bebe42c" />
      <TestMethod codeBase="C:\Users\alena\Desktop\7_sem\testing_and_debugging\SkiResort\BL.Tests\bin\Debug\net6.0\BL.Tests.dll" adapterTypeName="executor://xunit/VsTestRunner2/netcoreapp" className="BL.Tests.SlopesServiceTest" name="TestAdminAddAutoIncrementSlopeAsync" />
    </UnitTest>
    <UnitTest name="BL.Tests.LiftsServiceTest.TestAdminAddAutoIncrementLiftAsync(userID: 111, lift: Lift { LiftID = 18, LiftName = liftName855e7c65-e166-4ec7-90e1-6f289dc4dc24, IsOpen = True, SeatsAmount = 168, LiftingTime = 248, QueueTime = 143, ConnectedSlopes =  }, checkPermissionServiceMock: Mock&lt;ICheckPermissionService:5&gt;, liftsRepositoryStub: Mock&lt;ILiftsRepository:5&gt;, sut: LiftsService { })" storage="c:\users\alena\desktop\7_sem\testing_and_debugging\skiresort\bl.tests\bin\debug\net6.0\bl.tests.dll" id="8f667b5d-44b2-ea26-3707-a5833313a3b4">
      <Execution id="6a5fc65a-0aa7-4e91-8f0c-bc0a37e4564f" />
      <TestMethod codeBase="C:\Users\alena\Desktop\7_sem\testing_and_debugging\SkiResort\BL.Tests\bin\Debug\net6.0\BL.Tests.dll" adapterTypeName="executor://xunit/VsTestRunner2/netcoreapp" className="BL.Tests.LiftsServiceTest" name="TestAdminAddAutoIncrementLiftAsync" />
    </UnitTest>
    <UnitTest name="BL.Tests.SlopesServiceTest.TestGetSlopeInfoAsync(userID: 176, slope: Slope { SlopeID = 160, SlopeName = slopeName7bcb249e-d7ce-4fc7-8994-77dc35534da2, IsOpen = True, DifficultyLevel = 66, ConnectedLifts =  }, checkPermissionServiceMock: Mock&lt;ICheckPermissionService:6&gt;, slopesRepositoryStub: Mock&lt;ISlopesRepository:4&gt;, liftsSlopesRepositoryStub: Mock&lt;ILiftsSlopesRepository:9&gt;, sut: SlopesService { })" storage="c:\users\alena\desktop\7_sem\testing_and_debugging\skiresort\bl.tests\bin\debug\net6.0\bl.tests.dll" id="d4da1c84-1c08-e9af-60dc-9d70a9371e74">
      <Execution id="b2e3a6a7-d734-43eb-bb03-988012a84dd8" />
      <TestMethod codeBase="C:\Users\alena\Desktop\7_sem\testing_and_debugging\SkiResort\BL.Tests\bin\Debug\net6.0\BL.Tests.dll" adapterTypeName="executor://xunit/VsTestRunner2/netcoreapp" className="BL.Tests.SlopesServiceTest" name="TestGetSlopeInfoAsync" />
    </UnitTest>
    <UnitTest name="BL.Tests.UsersServiceTests.TestRegisterUserWithNoEmail" storage="c:\users\alena\desktop\7_sem\testing_and_debugging\skiresort\bl.tests\bin\debug\net6.0\bl.tests.dll" id="8184bd30-991c-b78d-b4ec-99a485eac0dd">
      <Execution id="8c3b64ad-6a50-49d0-9291-47fec8304825" />
      <TestMethod codeBase="C:\Users\alena\Desktop\7_sem\testing_and_debugging\SkiResort\BL.Tests\bin\Debug\net6.0\BL.Tests.dll" adapterTypeName="executor://xunit/VsTestRunner2/netcoreapp" className="BL.Tests.UsersServiceTests" name="TestRegisterUserWithNoEmail" />
    </UnitTest>
    <UnitTest name="BL.Tests.SlopesServiceTest.TestUpdateSlopeInfoAsync(userID: 6, slope: Slope { SlopeID = 197, SlopeName = slopeNamed446e315-7dcb-4725-b13f-ae7a923ff148, IsOpen = True, DifficultyLevel = 59, ConnectedLifts =  }, checkPermissionServiceMock: Mock&lt;ICheckPermissionService:8&gt;, slopesRepositoryStub: Mock&lt;ISlopesRepository:6&gt;, sut: SlopesService { })" storage="c:\users\alena\desktop\7_sem\testing_and_debugging\skiresort\bl.tests\bin\debug\net6.0\bl.tests.dll" id="695bb9e2-8d8d-2377-f307-0e6e512b5e10">
      <Execution id="3c060d5d-e9f9-4cbc-bfd0-b9f7d5328f3b" />
      <TestMethod codeBase="C:\Users\alena\Desktop\7_sem\testing_and_debugging\SkiResort\BL.Tests\bin\Debug\net6.0\BL.Tests.dll" adapterTypeName="executor://xunit/VsTestRunner2/netcoreapp" className="BL.Tests.SlopesServiceTest" name="TestUpdateSlopeInfoAsync" />
    </UnitTest>
  </TestDefinitions>
  <TestEntries>
    <TestEntry testId="a2e59116-cb53-1d70-9cb8-21c286516866" executionId="ca55c1c2-86c0-45ec-ab5e-60f134f9e26c" testListId="8c84fa94-04c1-424b-9868-57a2d4851a1d" />
    <TestEntry testId="492c0393-35b4-df26-a537-21ca08302f3c" executionId="af31b30b-cef6-4224-bc82-f1fd8e95d6fb" testListId="8c84fa94-04c1-424b-9868-57a2d4851a1d" />
    <TestEntry testId="69340bb6-3645-f9dd-971e-29d8b2a009bb" executionId="1567587c-c120-4014-8b4e-c6be1d8d51b0" testListId="8c84fa94-04c1-424b-9868-57a2d4851a1d" />
    <TestEntry testId="f3efc418-a8a6-c7b7-9bac-90b33aa8472f" executionId="f94ece7f-332a-4a79-8e20-4ce89110895e" testListId="8c84fa94-04c1-424b-9868-57a2d4851a1d" />
    <TestEntry testId="56c28929-8421-140f-8013-087093b4680e" executionId="05cd03dc-7bdd-4948-a146-ce9eae7804cd" testListId="8c84fa94-04c1-424b-9868-57a2d4851a1d" />
    <TestEntry testId="20ad8570-0170-85de-dcd7-2f109dd7bcd6" executionId="8cbaed5b-1e5f-42f5-ac12-15ddfa2b77cd" testListId="8c84fa94-04c1-424b-9868-57a2d4851a1d" />
    <TestEntry testId="1ca07ad8-f799-c5d4-e7cc-34fd950198a2" executionId="2fb3b175-84ec-4556-ae9e-2d2987acfaa4" testListId="8c84fa94-04c1-424b-9868-57a2d4851a1d" />
    <TestEntry testId="60bd668f-04df-da5e-b79b-5d9aedb5234d" executionId="49ea731d-24e9-4f24-a2ff-95c942e18279" testListId="8c84fa94-04c1-424b-9868-57a2d4851a1d" />
    <TestEntry testId="eaabd2fc-2f4b-5689-59c8-c7ad34a8f634" executionId="81a6f5bf-cb7e-42e4-9289-880c14291bb6" testListId="8c84fa94-04c1-424b-9868-57a2d4851a1d" />
    <TestEntry testId="938272c5-b3dc-7317-4b52-213d57365099" executionId="ad48f381-2ab8-400c-99ce-645fd3c24b0d" testListId="8c84fa94-04c1-424b-9868-57a2d4851a1d" />
    <TestEntry testId="18fa8c62-e27d-e1fc-8182-4d7db62b008d" executionId="42a52dca-f925-449f-a16f-3fa72a0452c9" testListId="8c84fa94-04c1-424b-9868-57a2d4851a1d" />
    <TestEntry testId="d4da1c84-1c08-e9af-60dc-9d70a9371e74" executionId="b2e3a6a7-d734-43eb-bb03-988012a84dd8" testListId="8c84fa94-04c1-424b-9868-57a2d4851a1d" />
    <TestEntry testId="938f91f8-8052-ef8e-cc91-829fb3724cff" executionId="dc673fcb-0c03-4005-9fe7-d09d1ef98b42" testListId="8c84fa94-04c1-424b-9868-57a2d4851a1d" />
    <TestEntry testId="f44a1b21-8efc-bfac-63b4-d534442def31" executionId="a2a7898c-522d-4b1a-901a-9b1d87125791" testListId="8c84fa94-04c1-424b-9868-57a2d4851a1d" />
    <TestEntry testId="39be9b5e-0bc4-57dc-37d3-aec6b520299d" executionId="b8c61040-5d04-4068-ae00-077a39407e97" testListId="8c84fa94-04c1-424b-9868-57a2d4851a1d" />
    <TestEntry testId="c36970dc-93f7-753e-fa47-157133b01644" executionId="fd20f33b-7ed6-45c6-9f17-53e3b7e8f178" testListId="8c84fa94-04c1-424b-9868-57a2d4851a1d" />
    <TestEntry testId="8184bd30-991c-b78d-b4ec-99a485eac0dd" executionId="8c3b64ad-6a50-49d0-9291-47fec8304825" testListId="8c84fa94-04c1-424b-9868-57a2d4851a1d" />
    <TestEntry testId="9443d42b-d60e-654c-a22c-912d603eb582" executionId="02c22c6b-ec1e-4152-aff8-57c5db4a6a74" testListId="8c84fa94-04c1-424b-9868-57a2d4851a1d" />
    <TestEntry testId="b667525a-f84f-83db-33f0-a58b942f8c0f" executionId="7faca1e2-d052-457a-b6ad-46d6e0bbfbf6" testListId="8c84fa94-04c1-424b-9868-57a2d4851a1d" />
    <TestEntry testId="644ec43e-70cd-c82d-42e7-0d990be1414d" executionId="cf57248b-1705-4704-9f0f-cc4d6585409b" testListId="8c84fa94-04c1-424b-9868-57a2d4851a1d" />
    <TestEntry testId="06d0bc3a-24a0-fb7f-4277-e9ae6d21c7dd" executionId="2b11f378-4726-40c0-a0af-7cdd59939238" testListId="8c84fa94-04c1-424b-9868-57a2d4851a1d" />
    <TestEntry testId="5cf206b9-81a8-51bd-22c5-b58bbfaa9ae7" executionId="3f54c66b-1beb-4d2d-b022-9abb62f364b9" testListId="8c84fa94-04c1-424b-9868-57a2d4851a1d" />
    <TestEntry testId="4f297306-d4f3-8d63-e7f4-1ac0b8c58c74" executionId="90a39a7b-7071-4b6e-948a-601aa2192ac5" testListId="8c84fa94-04c1-424b-9868-57a2d4851a1d" />
    <TestEntry testId="2f4d2eaa-6d83-ef2b-ce11-65d24abd25e2" executionId="e1b9f853-bcff-40cf-bbf3-0f9eacc41f54" testListId="8c84fa94-04c1-424b-9868-57a2d4851a1d" />
    <TestEntry testId="fa960c5e-f989-2880-784e-8efe538c5231" executionId="253a947d-82e7-4dc0-aef7-32ace111209c" testListId="8c84fa94-04c1-424b-9868-57a2d4851a1d" />
    <TestEntry testId="c865ae08-54b0-4bb5-870d-9f1c997df573" executionId="eede959b-6683-4439-9dcc-9f5dada77058" testListId="8c84fa94-04c1-424b-9868-57a2d4851a1d" />
    <TestEntry testId="e5497347-2721-b7a6-0bd4-69a9921f6947" executionId="28469c08-293b-4b93-9096-46c42daa93a1" testListId="8c84fa94-04c1-424b-9868-57a2d4851a1d" />
    <TestEntry testId="8f667b5d-44b2-ea26-3707-a5833313a3b4" executionId="6a5fc65a-0aa7-4e91-8f0c-bc0a37e4564f" testListId="8c84fa94-04c1-424b-9868-57a2d4851a1d" />
    <TestEntry testId="266a0ae2-49b5-6abd-4842-fa0a1db8159a" executionId="cfdac1e0-ad36-44c5-a020-91ce9bebe42c" testListId="8c84fa94-04c1-424b-9868-57a2d4851a1d" />
    <TestEntry testId="aa28a6b3-21d3-aa45-24d3-bef2facbc899" executionId="2a250a5c-d8cc-4771-8236-769f82513343" testListId="8c84fa94-04c1-424b-9868-57a2d4851a1d" />
    <TestEntry testId="a1105b90-3783-7834-aa48-212c1c7a6ffc" executionId="de8748bd-9169-4c13-8b13-17aa6a569bcc" testListId="8c84fa94-04c1-424b-9868-57a2d4851a1d" />
    <TestEntry testId="229812f5-9a73-5335-11f5-31330d1348a5" executionId="68a86a48-64c5-48ee-9430-3c165396deef" testListId="8c84fa94-04c1-424b-9868-57a2d4851a1d" />
    <TestEntry testId="695bb9e2-8d8d-2377-f307-0e6e512b5e10" executionId="3c060d5d-e9f9-4cbc-bfd0-b9f7d5328f3b" testListId="8c84fa94-04c1-424b-9868-57a2d4851a1d" />
    <TestEntry testId="0eeef75f-6e38-7893-a8fe-cff3e0a970a7" executionId="21857219-ac93-4919-9548-7776388a7151" testListId="8c84fa94-04c1-424b-9868-57a2d4851a1d" />
    <TestEntry testId="2d706594-f2b3-b3c8-21d4-86c9798c3306" executionId="49aef5fe-19d4-43f2-9d84-e67bb2d5a037" testListId="8c84fa94-04c1-424b-9868-57a2d4851a1d" />
    <TestEntry testId="2602613f-c8e2-a6d9-fcf7-5b27d4a770a6" executionId="ed865d43-d16c-42c2-88c8-ccdbfddfcee4" testListId="8c84fa94-04c1-424b-9868-57a2d4851a1d" />
    <TestEntry testId="d0129375-24ba-c1ee-b140-45833b218377" executionId="f91c94fd-9855-4865-9c51-8943dea06ea1" testListId="8c84fa94-04c1-424b-9868-57a2d4851a1d" />
    <TestEntry testId="9c7df5e2-1b23-ebea-889f-b78ca86b60ab" executionId="f5317256-3099-4227-8920-5544f447840c" testListId="8c84fa94-04c1-424b-9868-57a2d4851a1d" />
    <TestEntry testId="26a99b8f-02c5-d817-1f43-1f815ae836ac" executionId="4dbabb22-5e9a-4951-9071-3fd885a82ee1" testListId="8c84fa94-04c1-424b-9868-57a2d4851a1d" />
    <TestEntry testId="e2d7e5be-3dae-33ae-fb17-c704b6fd58d6" executionId="21575b26-44f1-485b-9b66-8c5c4e074492" testListId="8c84fa94-04c1-424b-9868-57a2d4851a1d" />
    <TestEntry testId="387c9729-48c1-486e-5e67-f5d11a9f0db8" executionId="a524d4fd-6c3d-40c7-a1c9-1496de835a27" testListId="8c84fa94-04c1-424b-9868-57a2d4851a1d" />
    <TestEntry testId="a19a5fcf-c5d2-7d44-5d7d-84403042f4e0" executionId="d8463ba5-495a-4ed8-8279-526846bb9308" testListId="8c84fa94-04c1-424b-9868-57a2d4851a1d" />
    <TestEntry testId="894941c1-bfa7-d8f9-c047-1e1ceefe2c2f" executionId="ed5d22e1-25ff-4d31-9c3b-df556ab6a926" testListId="8c84fa94-04c1-424b-9868-57a2d4851a1d" />
    <TestEntry testId="23bc22ff-13a9-965f-e9a6-f9b31a578c63" executionId="c097420e-af4c-4b78-8089-56b96f323945" testListId="8c84fa94-04c1-424b-9868-57a2d4851a1d" />
    <TestEntry testId="d8605099-51c0-5f20-79a7-ae8be9aa61c6" executionId="a39b6e5c-13e7-4f29-9aee-98c69d047d5b" testListId="8c84fa94-04c1-424b-9868-57a2d4851a1d" />
    <TestEntry testId="834c739b-eca4-b36d-6a66-5a1bd75377b8" executionId="7f496ecb-27ed-4e25-84c2-9f8e7e6a6971" testListId="8c84fa94-04c1-424b-9868-57a2d4851a1d" />
    <TestEntry testId="4caa62f6-2c04-cd66-24eb-7497c114a553" executionId="40b59fc0-9d84-4c0f-b830-1cecb2961fa2" testListId="8c84fa94-04c1-424b-9868-57a2d4851a1d" />
  </TestEntries>
  <TestLists>
    <TestList name="Список результатов" id="8c84fa94-04c1-424b-9868-57a2d4851a1d" />
    <TestList name="Все загруженные результаты" id="19431567-8539-422a-85d7-44ee4e166bda" />
  </TestLists>
  <ResultSummary outcome="Completed">
    <Counters total="47" executed="47" passed="47" failed="0" error="0" timeout="0" aborted="0" inconclusive="0" passedButRunAborted="0" notRunnable="0" notExecuted="0" disconnected="0" warning="0" completed="0" inProgress="0" pending="0" />
    <Output>
      <StdOut>[xUnit.net 00:00:00.00] xUnit.net VSTest Adapter v2.4.5+1caef2f33e (64-bit .NET 6.0.3)&#xD;
[xUnit.net 00:00:00.56]   Discovering: BL.Tests&#xD;
[xUnit.net 00:00:00.80]   Discovered:  BL.Tests&#xD;
[xUnit.net 00:00:00.80]   Starting:    BL.Tests&#xD;
[xUnit.net 00:00:01.03]   Finished:    BL.Tests&#xD;
</StdOut>
    </Output>
  </ResultSummary>
</TestRun>