<?xml version="1.0" encoding="utf-8"?>
<TestRun id="72cd4e24-9f85-418a-8e55-abda1cfcdfde" name="alena@DESKTOP-TJ9D65N 2022-10-15 20:19:50" runUser="DESKTOP-TJ9D65N\alena" xmlns="http://microsoft.com/schemas/VisualStudio/TeamTest/2010">
  <Times creation="2022-10-15T20:19:50.0622274+03:00" queuing="2022-10-15T20:19:50.0622277+03:00" start="2022-10-15T20:19:48.6570372+03:00" finish="2022-10-15T20:19:50.1395960+03:00" />
  <TestSettings name="default" id="d49f762b-70aa-4ab5-952a-bdccd1fb3822">
    <Deployment runDeploymentRoot="alena_DESKTOP-TJ9D65N_2022-10-15_20_19_50" />
  </TestSettings>
  <Results>
    <UnitTestResult executionId="fb122859-496c-4957-86ce-0b898fe0a3ea" testId="a2e59116-cb53-1d70-9cb8-21c286516866" testName="BL.Tests.CheckPermissionsServiceTests.AuthorizedHasNoAccessToAdminFunctions" computerName="DESKTOP-TJ9D65N" duration="00:00:00.0084857" startTime="2022-10-15T20:19:50.0200340+03:00" endTime="2022-10-15T20:19:50.0200341+03:00" testType="13cdc9d9-ddb5-4fa4-a97d-d965ccfc6d4b" outcome="Passed" testListId="8c84fa94-04c1-424b-9868-57a2d4851a1d" relativeResultsDirectory="fb122859-496c-4957-86ce-0b898fe0a3ea" />
    <UnitTestResult executionId="f1f5b788-e19a-4731-847e-80c6062a8cd1" testId="4f297306-d4f3-8d63-e7f4-1ac0b8c58c74" testName="BL.Tests.CheckPermissionsServiceTests.AuthorizedHasNoAccessToAdminSkiPatrolFunctions(functionName: &quot;GetLiftsSlopesInfoAsync&quot;)" computerName="DESKTOP-TJ9D65N" duration="00:00:00.0014441" startTime="2022-10-15T20:19:50.0307605+03:00" endTime="2022-10-15T20:19:50.0307606+03:00" testType="13cdc9d9-ddb5-4fa4-a97d-d965ccfc6d4b" outcome="Passed" testListId="8c84fa94-04c1-424b-9868-57a2d4851a1d" relativeResultsDirectory="f1f5b788-e19a-4731-847e-80c6062a8cd1" />
    <UnitTestResult executionId="db07b376-7df6-4a06-bf5f-9e519e7d5b0f" testId="69340bb6-3645-f9dd-971e-29d8b2a009bb" testName="BL.Tests.UsersServiceTests.TestLogInWithWrongPassword" computerName="DESKTOP-TJ9D65N" duration="00:00:00.0023552" startTime="2022-10-15T20:19:50.0245979+03:00" endTime="2022-10-15T20:19:50.0245981+03:00" testType="13cdc9d9-ddb5-4fa4-a97d-d965ccfc6d4b" outcome="Passed" testListId="8c84fa94-04c1-424b-9868-57a2d4851a1d" relativeResultsDirectory="db07b376-7df6-4a06-bf5f-9e519e7d5b0f" />
    <UnitTestResult executionId="f0ec65ce-4c29-41f4-827b-9ae3bc698a08" testId="55f4b34e-e90c-15ba-56f9-3caff433d690" testName="BL.Tests.LiftsServiceTest.TestAdminAddAutoIncrementLiftAsync(userID: 211, lift: Lift { LiftID = 155, LiftName = liftNamebf517fb5-6337-44c6-a992-fb3398a878b9, IsOpen = True, SeatsAmount = 226, LiftingTime = 250, QueueTime = 44, ConnectedSlopes =  }, checkPermissionServiceMock: Mock&lt;ICheckPermissionService:5&gt;, liftsRepositoryStub: Mock&lt;ILiftsRepository:5&gt;, sut: LiftsService { })" computerName="DESKTOP-TJ9D65N" duration="00:00:00.0327158" startTime="2022-10-15T20:19:49.9364168+03:00" endTime="2022-10-15T20:19:49.9364169+03:00" testType="13cdc9d9-ddb5-4fa4-a97d-d965ccfc6d4b" outcome="Passed" testListId="8c84fa94-04c1-424b-9868-57a2d4851a1d" relativeResultsDirectory="f0ec65ce-4c29-41f4-827b-9ae3bc698a08" />
    <UnitTestResult executionId="414c371c-6ff4-452d-b767-e024482a324b" testId="a19a5fcf-c5d2-7d44-5d7d-84403042f4e0" testName="BL.Tests.CheckPermissionsServiceTests.UnauthorizedHasNoAccessToAdminSkiPatrolFunctions(functionName: &quot;MarkMessageReadByUserAsync&quot;)" computerName="DESKTOP-TJ9D65N" duration="00:00:00.0310155" startTime="2022-10-15T20:19:49.9364509+03:00" endTime="2022-10-15T20:19:49.9364509+03:00" testType="13cdc9d9-ddb5-4fa4-a97d-d965ccfc6d4b" outcome="Passed" testListId="8c84fa94-04c1-424b-9868-57a2d4851a1d" relativeResultsDirectory="414c371c-6ff4-452d-b767-e024482a324b" />
    <UnitTestResult executionId="7fd97e8e-cf13-4fde-aa40-4efa3cb3f9a5" testId="9c7df5e2-1b23-ebea-889f-b78ca86b60ab" testName="BL.Tests.CheckPermissionsServiceTests.AuthorizedHasNoAccessToAdminSkiPatrolFunctions(functionName: &quot;MarkMessageReadByUserAsync&quot;)" computerName="DESKTOP-TJ9D65N" duration="00:00:00.0010601" startTime="2022-10-15T20:19:50.0260155+03:00" endTime="2022-10-15T20:19:50.0260156+03:00" testType="13cdc9d9-ddb5-4fa4-a97d-d965ccfc6d4b" outcome="Passed" testListId="8c84fa94-04c1-424b-9868-57a2d4851a1d" relativeResultsDirectory="7fd97e8e-cf13-4fde-aa40-4efa3cb3f9a5" />
    <UnitTestResult executionId="9568d79d-1170-4b9f-a056-127d7129bdbf" testId="c36970dc-93f7-753e-fa47-157133b01644" testName="BL.Tests.CheckPermissionsServiceTests.SkiPatrolHasAccessToAdminSkiPatrolFunctions(functionName: &quot;GetMessagesAsync&quot;)" computerName="DESKTOP-TJ9D65N" duration="00:00:00.0010700" startTime="2022-10-15T20:19:50.0192204+03:00" endTime="2022-10-15T20:19:50.0192205+03:00" testType="13cdc9d9-ddb5-4fa4-a97d-d965ccfc6d4b" outcome="Passed" testListId="8c84fa94-04c1-424b-9868-57a2d4851a1d" relativeResultsDirectory="9568d79d-1170-4b9f-a056-127d7129bdbf" />
    <UnitTestResult executionId="9829921c-8962-4376-8b96-9df0f704acb7" testId="2c70422f-d2c5-0215-e1be-57fb0f26788a" testName="BL.Tests.LiftsServiceTest.TestAdminDeleteLiftAsync(userID: 140, lift: Lift { LiftID = 214, LiftName = liftNamef50f5066-884e-41cf-bd89-c30444f1bd3e, IsOpen = True, SeatsAmount = 199, LiftingTime = 250, QueueTime = 19, ConnectedSlopes =  }, checkPermissionServiceMock: Mock&lt;ICheckPermissionService:4&gt;, liftsRepositoryStub: Mock&lt;ILiftsRepository:4&gt;, liftsSlopesRepositoryStub: Mock&lt;ILiftsSlopesRepository:4&gt;, sut: LiftsService { })" computerName="DESKTOP-TJ9D65N" duration="00:00:00.0377969" startTime="2022-10-15T20:19:50.0193049+03:00" endTime="2022-10-15T20:19:50.0193050+03:00" testType="13cdc9d9-ddb5-4fa4-a97d-d965ccfc6d4b" outcome="Passed" testListId="8c84fa94-04c1-424b-9868-57a2d4851a1d" relativeResultsDirectory="9829921c-8962-4376-8b96-9df0f704acb7" />
    <UnitTestResult executionId="99c807ee-cdf0-4517-a17b-05b2be7579cb" testId="87d29278-b40b-ce9f-b049-430cc0c740d8" testName="BL.Tests.TurnstilesServiceTest.TestAdminDeleteTurnstileAsync(userID: 211, turnstile: Turnstile { TurnstileID = 48, LiftID = 185, IsOpen = True }, checkPermissionServiceMock: Mock&lt;ICheckPermissionService:15&gt;, turnstilesRepositoryStub: Mock&lt;ITurnstilesRepository:9&gt;, sut: TurnstilesService { })" computerName="DESKTOP-TJ9D65N" duration="00:00:00.0309443" startTime="2022-10-15T20:19:49.9364609+03:00" endTime="2022-10-15T20:19:49.9364610+03:00" testType="13cdc9d9-ddb5-4fa4-a97d-d965ccfc6d4b" outcome="Passed" testListId="8c84fa94-04c1-424b-9868-57a2d4851a1d" relativeResultsDirectory="99c807ee-cdf0-4517-a17b-05b2be7579cb" />
    <UnitTestResult executionId="3e31ade5-fc58-466c-b334-9b9146ad073e" testId="bcd977e6-f68e-efee-64cc-3af2e23d523b" testName="BL.Tests.TurnstilesServiceTest.TestAdminGetTurnstileAsync(userID: 235, turnstile: Turnstile { TurnstileID = 184, LiftID = 149, IsOpen = True }, checkPermissionServiceMock: Mock&lt;ICheckPermissionService:12&gt;, turnstilesRepositoryStub: Mock&lt;ITurnstilesRepository:6&gt;, sut: TurnstilesService { })" computerName="DESKTOP-TJ9D65N" duration="00:00:00.0044117" startTime="2022-10-15T20:19:50.0166864+03:00" endTime="2022-10-15T20:19:50.0166864+03:00" testType="13cdc9d9-ddb5-4fa4-a97d-d965ccfc6d4b" outcome="Passed" testListId="8c84fa94-04c1-424b-9868-57a2d4851a1d" relativeResultsDirectory="3e31ade5-fc58-466c-b334-9b9146ad073e" />
    <UnitTestResult executionId="5dab537c-be5f-4317-86f2-9eea48b5c942" testId="adbbaf3a-aa20-17f1-6cdb-db4c285dde3e" testName="BL.Tests.SlopesServiceTest.TestGetSlopesInfoAsync(userID: 165, initialSlopes: [Slope { SlopeID = 9, SlopeName = slopeName0c285800-e3a3-4688-b077-341f33e88acb, IsOpen = True, DifficultyLevel = 148, ConnectedLifts =  }, Slope { SlopeID = 54, SlopeName = slopeNamea04e404e-bf60-48f1-b8af-7384e8f96f15, IsOpen = False, DifficultyLevel = 172, ConnectedLifts =  }, Slope { SlopeID = 89, SlopeName = slopeNameb3248feb-38b1-4443-9473-737cee6d286a, IsOpen = True, DifficultyLevel = 51, ConnectedLifts =  }], checkPermissionServiceMock: Mock&lt;ICheckPermissionService:7&gt;, slopesRepositoryStub: Mock&lt;ISlopesRepository:5&gt;, liftsSlopesRepositoryStub: Mock&lt;ILiftsSlopesRepository:10&gt;, sut: SlopesService { })" computerName="DESKTOP-TJ9D65N" duration="00:00:00.0179436" startTime="2022-10-15T20:19:50.0200552+03:00" endTime="2022-10-15T20:19:50.0200553+03:00" testType="13cdc9d9-ddb5-4fa4-a97d-d965ccfc6d4b" outcome="Passed" testListId="8c84fa94-04c1-424b-9868-57a2d4851a1d" relativeResultsDirectory="5dab537c-be5f-4317-86f2-9eea48b5c942" />
    <UnitTestResult executionId="901bd563-90e9-4d01-8349-d984db5cab03" testId="b19a0163-9df5-aa3f-bff6-ffd2e8ded3f6" testName="BL.Tests.SlopesServiceTest.TestAdminAddAutoIncrementSlopeAsync(userID: 75, slope: Slope { SlopeID = 41, SlopeName = slopeName406e465c-6a9d-414b-a0e4-23fef2a80d4d, IsOpen = True, DifficultyLevel = 98, ConnectedLifts =  }, checkPermissionServiceMock: Mock&lt;ICheckPermissionService:10&gt;, slopesRepositoryStub: Mock&lt;ISlopesRepository:8&gt;, sut: SlopesService { })" computerName="DESKTOP-TJ9D65N" duration="00:00:00.0326727" startTime="2022-10-15T20:19:49.9327518+03:00" endTime="2022-10-15T20:19:49.9327884+03:00" testType="13cdc9d9-ddb5-4fa4-a97d-d965ccfc6d4b" outcome="Passed" testListId="8c84fa94-04c1-424b-9868-57a2d4851a1d" relativeResultsDirectory="901bd563-90e9-4d01-8349-d984db5cab03" />
    <UnitTestResult executionId="3b9a6032-4054-42a6-b8fe-c9726a07c38a" testId="fa960c5e-f989-2880-784e-8efe538c5231" testName="BL.Tests.CheckPermissionsServiceTests.UnauthorizedHasNoAccessToAuthorizedFunctions(functionName: &quot;LogOutAsync&quot;)" computerName="DESKTOP-TJ9D65N" duration="00:00:00.0014730" startTime="2022-10-15T20:19:50.0182603+03:00" endTime="2022-10-15T20:19:50.0182603+03:00" testType="13cdc9d9-ddb5-4fa4-a97d-d965ccfc6d4b" outcome="Passed" testListId="8c84fa94-04c1-424b-9868-57a2d4851a1d" relativeResultsDirectory="3b9a6032-4054-42a6-b8fe-c9726a07c38a" />
    <UnitTestResult executionId="90f1ec26-726a-46db-a719-e9e3d458481d" testId="18fa8c62-e27d-e1fc-8182-4d7db62b008d" testName="BL.Tests.UsersServiceTests.TestAdminDeleteUser" computerName="DESKTOP-TJ9D65N" duration="00:00:00.0029201" startTime="2022-10-15T20:19:50.0463610+03:00" endTime="2022-10-15T20:19:50.0463611+03:00" testType="13cdc9d9-ddb5-4fa4-a97d-d965ccfc6d4b" outcome="Passed" testListId="8c84fa94-04c1-424b-9868-57a2d4851a1d" relativeResultsDirectory="90f1ec26-726a-46db-a719-e9e3d458481d" />
    <UnitTestResult executionId="b6097fe1-5468-45d3-8a43-61112db96893" testId="3216ac93-6dca-dec3-1e97-8c216649c74c" testName="BL.Tests.SlopesServiceTest.TestAdminDeleteSlopeAsync(userID: 206, slope: Slope { SlopeID = 92, SlopeName = slopeName107dd53b-7536-4d82-850d-66af806b28ab, IsOpen = True, DifficultyLevel = 24, ConnectedLifts =  }, checkPermissionServiceMock: Mock&lt;ICheckPermissionService:9&gt;, slopesRepositoryStub: Mock&lt;ISlopesRepository:7&gt;, liftsSlopesRepositoryStub: Mock&lt;ILiftsSlopesRepository:12&gt;, sut: SlopesService { })" computerName="DESKTOP-TJ9D65N" duration="00:00:00.0048877" startTime="2022-10-15T20:19:50.0189596+03:00" endTime="2022-10-15T20:19:50.0189597+03:00" testType="13cdc9d9-ddb5-4fa4-a97d-d965ccfc6d4b" outcome="Passed" testListId="8c84fa94-04c1-424b-9868-57a2d4851a1d" relativeResultsDirectory="b6097fe1-5468-45d3-8a43-61112db96893" />
    <UnitTestResult executionId="ad770d76-d260-4cee-900a-520962a9b4d7" testId="834c739b-eca4-b36d-6a66-5a1bd75377b8" testName="BL.Tests.UsersServiceTests.TestAdminAddAutoIncrementUser" computerName="DESKTOP-TJ9D65N" duration="00:00:00.0065530" startTime="2022-10-15T20:19:50.0338023+03:00" endTime="2022-10-15T20:19:50.0338024+03:00" testType="13cdc9d9-ddb5-4fa4-a97d-d965ccfc6d4b" outcome="Passed" testListId="8c84fa94-04c1-424b-9868-57a2d4851a1d" relativeResultsDirectory="ad770d76-d260-4cee-900a-520962a9b4d7" />
    <UnitTestResult executionId="7a63ada2-a183-4402-b7dd-6e7c026bf08b" testId="2602613f-c8e2-a6d9-fcf7-5b27d4a770a6" testName="BL.Tests.CheckPermissionsServiceTests.AuthorizedHasNoAccessToAdminSkiPatrolFunctions(functionName: &quot;GetMessagesAsync&quot;)" computerName="DESKTOP-TJ9D65N" duration="00:00:00.0028214" startTime="2022-10-15T20:19:50.0225674+03:00" endTime="2022-10-15T20:19:50.0225675+03:00" testType="13cdc9d9-ddb5-4fa4-a97d-d965ccfc6d4b" outcome="Passed" testListId="8c84fa94-04c1-424b-9868-57a2d4851a1d" relativeResultsDirectory="7a63ada2-a183-4402-b7dd-6e7c026bf08b" />
    <UnitTestResult executionId="d32f5ee8-b5c5-4b57-ae65-52119fa0715e" testId="6ddb0f8b-5391-2940-bd42-a2ad98a11492" testName="BL.Tests.SlopesServiceTest.TestGetSlopeInfoAsync(userID: 214, slope: Slope { SlopeID = 30, SlopeName = slopeNamee95c4de8-1147-4af7-96e5-c6df810ab39a, IsOpen = True, DifficultyLevel = 71, ConnectedLifts =  }, checkPermissionServiceMock: Mock&lt;ICheckPermissionService:6&gt;, slopesRepositoryStub: Mock&lt;ISlopesRepository:4&gt;, liftsSlopesRepositoryStub: Mock&lt;ILiftsSlopesRepository:9&gt;, sut: SlopesService { })" computerName="DESKTOP-TJ9D65N" duration="00:00:00.0071090" startTime="2022-10-15T20:19:50.0182125+03:00" endTime="2022-10-15T20:19:50.0182125+03:00" testType="13cdc9d9-ddb5-4fa4-a97d-d965ccfc6d4b" outcome="Passed" testListId="8c84fa94-04c1-424b-9868-57a2d4851a1d" relativeResultsDirectory="d32f5ee8-b5c5-4b57-ae65-52119fa0715e" />
    <UnitTestResult executionId="c398e371-82f7-43b4-ac67-1e42e9754b2e" testId="0eeef75f-6e38-7893-a8fe-cff3e0a970a7" testName="BL.Tests.UsersServiceTests.TestRegisterOk" computerName="DESKTOP-TJ9D65N" duration="00:00:00.0093470" startTime="2022-10-15T20:19:50.0192554+03:00" endTime="2022-10-15T20:19:50.0192555+03:00" testType="13cdc9d9-ddb5-4fa4-a97d-d965ccfc6d4b" outcome="Passed" testListId="8c84fa94-04c1-424b-9868-57a2d4851a1d" relativeResultsDirectory="c398e371-82f7-43b4-ac67-1e42e9754b2e" />
    <UnitTestResult executionId="17e758a0-cb59-42ec-81d3-289ab228c8f4" testId="e2d7e5be-3dae-33ae-fb17-c704b6fd58d6" testName="BL.Tests.CheckPermissionsServiceTests.UnauthorizedHasNoAccessToAdminFunctions" computerName="DESKTOP-TJ9D65N" duration="00:00:00.0025208" startTime="2022-10-15T20:19:50.0446570+03:00" endTime="2022-10-15T20:19:50.0446574+03:00" testType="13cdc9d9-ddb5-4fa4-a97d-d965ccfc6d4b" outcome="Passed" testListId="8c84fa94-04c1-424b-9868-57a2d4851a1d" relativeResultsDirectory="17e758a0-cb59-42ec-81d3-289ab228c8f4" />
    <UnitTestResult executionId="023dbb17-e8a1-4a50-aed8-3963277ec19e" testId="c2828d93-6362-5c21-0344-b9780c796969" testName="BL.Tests.TurnstilesServiceTest.TestAdminUpdateTurnstileAsync(userID: 79, turnstile: Turnstile { TurnstileID = 224, LiftID = 32, IsOpen = True }, checkPermissionServiceMock: Mock&lt;ICheckPermissionService:14&gt;, turnstilesRepositoryStub: Mock&lt;ITurnstilesRepository:8&gt;, sut: TurnstilesService { })" computerName="DESKTOP-TJ9D65N" duration="00:00:00.0039877" startTime="2022-10-15T20:19:50.0192392+03:00" endTime="2022-10-15T20:19:50.0192392+03:00" testType="13cdc9d9-ddb5-4fa4-a97d-d965ccfc6d4b" outcome="Passed" testListId="8c84fa94-04c1-424b-9868-57a2d4851a1d" relativeResultsDirectory="023dbb17-e8a1-4a50-aed8-3963277ec19e" />
    <UnitTestResult executionId="caec8444-9323-4014-8dba-38b5b9671201" testId="eaabd2fc-2f4b-5689-59c8-c7ad34a8f634" testName="BL.Tests.CheckPermissionsServiceTests.UnauthorizedHasNoAccessToAuthorizedFunctions(functionName: &quot;SendMessageAsync&quot;)" computerName="DESKTOP-TJ9D65N" duration="00:00:00.0042544" startTime="2022-10-15T20:19:50.0181080+03:00" endTime="2022-10-15T20:19:50.0181080+03:00" testType="13cdc9d9-ddb5-4fa4-a97d-d965ccfc6d4b" outcome="Passed" testListId="8c84fa94-04c1-424b-9868-57a2d4851a1d" relativeResultsDirectory="caec8444-9323-4014-8dba-38b5b9671201" />
    <UnitTestResult executionId="f74418e7-4bc1-479d-9b5a-1965829a4eec" testId="644ec43e-70cd-c82d-42e7-0d990be1414d" testName="BL.Tests.CheckPermissionsServiceTests.AuthorizedHasAccessToAuthorizedFunctions(functionName: &quot;SendMessageAsync&quot;)" computerName="DESKTOP-TJ9D65N" duration="00:00:00.0017879" startTime="2022-10-15T20:19:50.0352429+03:00" endTime="2022-10-15T20:19:50.0352430+03:00" testType="13cdc9d9-ddb5-4fa4-a97d-d965ccfc6d4b" outcome="Passed" testListId="8c84fa94-04c1-424b-9868-57a2d4851a1d" relativeResultsDirectory="f74418e7-4bc1-479d-9b5a-1965829a4eec" />
    <UnitTestResult executionId="0e1782a6-3a48-4801-9ab5-8d2b9cbfd202" testId="2ae68acf-603d-337d-ca7a-aa7cf66aa48b" testName="BL.Tests.SlopesServiceTest.TestUpdateSlopeInfoAsync(userID: 126, slope: Slope { SlopeID = 71, SlopeName = slopeNamef3609af1-a6fd-4638-bb2c-9bbb1e8ef058, IsOpen = True, DifficultyLevel = 21, ConnectedLifts =  }, checkPermissionServiceMock: Mock&lt;ICheckPermissionService:8&gt;, slopesRepositoryStub: Mock&lt;ISlopesRepository:6&gt;, sut: SlopesService { })" computerName="DESKTOP-TJ9D65N" duration="00:00:00.0066393" startTime="2022-10-15T20:19:50.0167613+03:00" endTime="2022-10-15T20:19:50.0167613+03:00" testType="13cdc9d9-ddb5-4fa4-a97d-d965ccfc6d4b" outcome="Passed" testListId="8c84fa94-04c1-424b-9868-57a2d4851a1d" relativeResultsDirectory="0e1782a6-3a48-4801-9ab5-8d2b9cbfd202" />
    <UnitTestResult executionId="299df0e6-eaa3-4860-8335-e2b950df8d04" testId="d0173bf2-9209-31ac-b1cf-e0f6c83cc532" testName="BL.Tests.TurnstilesServiceTest.TestAdminGetTurnstilesAsync(userID: 166, initialTurnstiles: [Turnstile { TurnstileID = 25, LiftID = 176, IsOpen = True }, Turnstile { TurnstileID = 129, LiftID = 211, IsOpen = False }, Turnstile { TurnstileID = 201, LiftID = 142, IsOpen = True }], checkPermissionServiceMock: Mock&lt;ICheckPermissionService:13&gt;, turnstilesRepositoryStub: Mock&lt;ITurnstilesRepository:7&gt;, sut: TurnstilesService { })" computerName="DESKTOP-TJ9D65N" duration="00:00:00.0089984" startTime="2022-10-15T20:19:50.0181844+03:00" endTime="2022-10-15T20:19:50.0181845+03:00" testType="13cdc9d9-ddb5-4fa4-a97d-d965ccfc6d4b" outcome="Passed" testListId="8c84fa94-04c1-424b-9868-57a2d4851a1d" relativeResultsDirectory="299df0e6-eaa3-4860-8335-e2b950df8d04" />
    <UnitTestResult executionId="b8917f4a-b8eb-48be-9d4d-1083dda93ccf" testId="f039421c-a708-7111-9fae-f288e47b0d11" testName="BL.Tests.SlopesServiceTest.TestAdminAddSlopeAsync(userID: 237, slope: Slope { SlopeID = 137, SlopeName = slopeNamec74f2806-6e85-4d2b-b748-ecea2a662fbd, IsOpen = True, DifficultyLevel = 202, ConnectedLifts =  }, checkPermissionServiceMock: Mock&lt;ICheckPermissionService:11&gt;, slopesRepositoryStub: Mock&lt;ISlopesRepository:9&gt;, sut: SlopesService { })" computerName="DESKTOP-TJ9D65N" duration="00:00:00.0048488" startTime="2022-10-15T20:19:50.0263380+03:00" endTime="2022-10-15T20:19:50.0263382+03:00" testType="13cdc9d9-ddb5-4fa4-a97d-d965ccfc6d4b" outcome="Passed" testListId="8c84fa94-04c1-424b-9868-57a2d4851a1d" relativeResultsDirectory="b8917f4a-b8eb-48be-9d4d-1083dda93ccf" />
    <UnitTestResult executionId="c327334d-c526-415b-82ba-65c5f1106d54" testId="f564d127-5a8c-1843-3e12-9286a9dcbd93" testName="BL.Tests.LiftsSlopesServiceTests.TestAdminAddAutoIncrementLiftSlopeAsync(lift: Lift { LiftID = 240, LiftName = liftName095f07ec-0b7a-4d66-a975-ac811c77ec95, IsOpen = True, SeatsAmount = 254, LiftingTime = 106, QueueTime = 192, ConnectedSlopes =  }, slope: Slope { SlopeID = 31, SlopeName = slopeName1d43d65b-9736-4460-ab30-18279ad7e36f, IsOpen = False, DifficultyLevel = 115, ConnectedLifts =  }, slopesRepositoryStub: Mock&lt;ISlopesRepository:3&gt;, liftsRepositoryStub: Mock&lt;ILiftsRepository:8&gt;, liftsSlopesRepositoryStub: Mock&lt;ILiftsSlopesRepository:8&gt;)" computerName="DESKTOP-TJ9D65N" duration="00:00:00.0073417" startTime="2022-10-15T20:19:50.0167980+03:00" endTime="2022-10-15T20:19:50.0167981+03:00" testType="13cdc9d9-ddb5-4fa4-a97d-d965ccfc6d4b" outcome="Passed" testListId="8c84fa94-04c1-424b-9868-57a2d4851a1d" relativeResultsDirectory="c327334d-c526-415b-82ba-65c5f1106d54" />
    <UnitTestResult executionId="687a0848-95dd-48d4-908c-dd5449385659" testId="f44a1b21-8efc-bfac-63b4-d534442def31" testName="BL.Tests.UsersServiceTests.TestRegisterUserWithNoPassword" computerName="DESKTOP-TJ9D65N" duration="00:00:00.0014319" startTime="2022-10-15T20:19:50.0167810+03:00" endTime="2022-10-15T20:19:50.0167810+03:00" testType="13cdc9d9-ddb5-4fa4-a97d-d965ccfc6d4b" outcome="Passed" testListId="8c84fa94-04c1-424b-9868-57a2d4851a1d" relativeResultsDirectory="687a0848-95dd-48d4-908c-dd5449385659" />
    <UnitTestResult executionId="949720e3-271b-4600-a5cb-a20e342bdfec" testId="e5497347-2721-b7a6-0bd4-69a9921f6947" testName="BL.Tests.UsersServiceTests.TestAdminGetUserByIDAsync" computerName="DESKTOP-TJ9D65N" duration="00:00:00.0044349" startTime="2022-10-15T20:19:50.0411106+03:00" endTime="2022-10-15T20:19:50.0411107+03:00" testType="13cdc9d9-ddb5-4fa4-a97d-d965ccfc6d4b" outcome="Passed" testListId="8c84fa94-04c1-424b-9868-57a2d4851a1d" relativeResultsDirectory="949720e3-271b-4600-a5cb-a20e342bdfec" />
    <UnitTestResult executionId="000edf2f-8ea9-4dd0-8893-55256906d3fe" testId="4c7d2a15-3628-88e0-4d02-d06db17f9d9b" testName="BL.Tests.LiftsServiceTest.TestGetLiftInfoAsync(userID: 66, lift: Lift { LiftID = 142, LiftName = liftName389b470b-2af4-4d0b-8d90-0a9253a16672, IsOpen = True, SeatsAmount = 132, LiftingTime = 40, QueueTime = 247, ConnectedSlopes =  }, checkPermissionServiceMock: Mock&lt;ICheckPermissionService:1&gt;, liftsRepositoryStub: Mock&lt;ILiftsRepository:1&gt;, liftsSlopesRepositoryStub: Mock&lt;ILiftsSlopesRepository:1&gt;, sut: LiftsService { })" computerName="DESKTOP-TJ9D65N" duration="00:00:00.0050002" startTime="2022-10-15T20:19:50.0351971+03:00" endTime="2022-10-15T20:19:50.0351972+03:00" testType="13cdc9d9-ddb5-4fa4-a97d-d965ccfc6d4b" outcome="Passed" testListId="8c84fa94-04c1-424b-9868-57a2d4851a1d" relativeResultsDirectory="000edf2f-8ea9-4dd0-8893-55256906d3fe" />
    <UnitTestResult executionId="8f62850e-23eb-41c9-9acb-537c98c64748" testId="0fab9683-d895-5aa8-5770-09a5f5af9464" testName="BL.Tests.LiftsServiceTest.TestGetLiftsInfoAsync(userID: 48, initialLifts: [Lift { LiftID = 243, LiftName = liftName182877b5-3cf9-48bb-b427-2181ff2ebf8a, IsOpen = True, SeatsAmount = 143, LiftingTime = 98, QueueTime = 92, ConnectedSlopes =  }, Lift { LiftID = 157, LiftName = liftNameaeaeee35-77be-4403-959c-e3f8b87b0918, IsOpen = False, SeatsAmount = 193, LiftingTime = 77, QueueTime = 212, ConnectedSlopes =  }, Lift { LiftID = 167, LiftName = liftName209dd456-e0fe-4a46-b835-8e5289f24e52, IsOpen = True, SeatsAmount = 223, LiftingTime = 65, QueueTime = 115, ConnectedSlopes =  }], checkPermissionServiceMock: Mock&lt;ICheckPermissionService:2&gt;, liftsRepositoryStub: Mock&lt;ILiftsRepository:2&gt;, liftsSlopesRepositoryStub: Mock&lt;ILiftsSlopesRepository:2&gt;, sut: LiftsService { })" computerName="DESKTOP-TJ9D65N" duration="00:00:00.0101074" startTime="2022-10-15T20:19:50.0268884+03:00" endTime="2022-10-15T20:19:50.0268885+03:00" testType="13cdc9d9-ddb5-4fa4-a97d-d965ccfc6d4b" outcome="Passed" testListId="8c84fa94-04c1-424b-9868-57a2d4851a1d" relativeResultsDirectory="8f62850e-23eb-41c9-9acb-537c98c64748" />
    <UnitTestResult executionId="a7720f5b-7a8b-4d71-9db3-3ecd8924ebf8" testId="aa28a6b3-21d3-aa45-24d3-bef2facbc899" testName="BL.Tests.CheckPermissionsServiceTests.AuthorizedHasAccessToAuthorizedFunctions(functionName: &quot;LogOutAsync&quot;)" computerName="DESKTOP-TJ9D65N" duration="00:00:00.0007884" startTime="2022-10-15T20:19:50.0396875+03:00" endTime="2022-10-15T20:19:50.0396876+03:00" testType="13cdc9d9-ddb5-4fa4-a97d-d965ccfc6d4b" outcome="Passed" testListId="8c84fa94-04c1-424b-9868-57a2d4851a1d" relativeResultsDirectory="a7720f5b-7a8b-4d71-9db3-3ecd8924ebf8" />
    <UnitTestResult executionId="ca60a6f5-0ccf-4c12-b75e-eba578c3b8bf" testId="06d0bc3a-24a0-fb7f-4277-e9ae6d21c7dd" testName="BL.Tests.UsersServiceTests.TestAdminUpdateUser" computerName="DESKTOP-TJ9D65N" duration="00:00:00.0059770" startTime="2022-10-15T20:19:50.0188915+03:00" endTime="2022-10-15T20:19:50.0188915+03:00" testType="13cdc9d9-ddb5-4fa4-a97d-d965ccfc6d4b" outcome="Passed" testListId="8c84fa94-04c1-424b-9868-57a2d4851a1d" relativeResultsDirectory="ca60a6f5-0ccf-4c12-b75e-eba578c3b8bf" />
    <UnitTestResult executionId="fab0862d-2647-4208-936f-a4cc038b7af4" testId="9706de6f-8f26-9c81-1fbc-3a00df2e6103" testName="BL.Tests.LiftsSlopesServiceTests.TestAdminDeleteLiftSlopeAsync(lift: Lift { LiftID = 156, LiftName = liftName0f512d69-9f12-4578-8010-31f251ff6605, IsOpen = True, SeatsAmount = 89, LiftingTime = 221, QueueTime = 77, ConnectedSlopes =  }, slope: Slope { SlopeID = 205, SlopeName = slopeName52a15b6a-598f-493e-b454-8f7e18471f05, IsOpen = False, DifficultyLevel = 157, ConnectedLifts =  }, slopesRepositoryStub: Mock&lt;ISlopesRepository:2&gt;, liftsRepositoryStub: Mock&lt;ILiftsRepository:7&gt;, liftsSlopesRepositoryStub: Mock&lt;ILiftsSlopesRepository:7&gt;)" computerName="DESKTOP-TJ9D65N" duration="00:00:00.0066284" startTime="2022-10-15T20:19:50.0182830+03:00" endTime="2022-10-15T20:19:50.0182831+03:00" testType="13cdc9d9-ddb5-4fa4-a97d-d965ccfc6d4b" outcome="Passed" testListId="8c84fa94-04c1-424b-9868-57a2d4851a1d" relativeResultsDirectory="fab0862d-2647-4208-936f-a4cc038b7af4" />
    <UnitTestResult executionId="ef2b22d1-94ce-4a2b-886e-5bf676fe3fcd" testId="9981969c-70c2-4661-04a4-2a49cc6c4b4d" testName="BL.Tests.TurnstilesServiceTest.TestAdminAddAutoIncrementTurnstileAsync(userID: 240, turnstile: Turnstile { TurnstileID = 4, LiftID = 203, IsOpen = True }, checkPermissionServiceMock: Mock&lt;ICheckPermissionService:16&gt;, turnstilesRepositoryStub: Mock&lt;ITurnstilesRepository:10&gt;, sut: TurnstilesService { })" computerName="DESKTOP-TJ9D65N" duration="00:00:00.0057904" startTime="2022-10-15T20:19:50.0190022+03:00" endTime="2022-10-15T20:19:50.0190023+03:00" testType="13cdc9d9-ddb5-4fa4-a97d-d965ccfc6d4b" outcome="Passed" testListId="8c84fa94-04c1-424b-9868-57a2d4851a1d" relativeResultsDirectory="ef2b22d1-94ce-4a2b-886e-5bf676fe3fcd" />
    <UnitTestResult executionId="0f6daf82-338d-44ae-8acd-c057f457e82a" testId="387c9729-48c1-486e-5e67-f5d11a9f0db8" testName="BL.Tests.CheckPermissionsServiceTests.UnauthorizedHasNoAccessToAdminSkiPatrolFunctions(functionName: &quot;GetLiftsSlopesInfoAsync&quot;)" computerName="DESKTOP-TJ9D65N" duration="00:00:00.0010241" startTime="2022-10-15T20:19:50.0163065+03:00" endTime="2022-10-15T20:19:50.0163065+03:00" testType="13cdc9d9-ddb5-4fa4-a97d-d965ccfc6d4b" outcome="Passed" testListId="8c84fa94-04c1-424b-9868-57a2d4851a1d" relativeResultsDirectory="0f6daf82-338d-44ae-8acd-c057f457e82a" />
    <UnitTestResult executionId="c4dc65f7-5959-41aa-9222-817882a98d38" testId="8184bd30-991c-b78d-b4ec-99a485eac0dd" testName="BL.Tests.UsersServiceTests.TestRegisterUserWithNoEmail" computerName="DESKTOP-TJ9D65N" duration="00:00:00.0027307" startTime="2022-10-15T20:19:50.0166285+03:00" endTime="2022-10-15T20:19:50.0166286+03:00" testType="13cdc9d9-ddb5-4fa4-a97d-d965ccfc6d4b" outcome="Passed" testListId="8c84fa94-04c1-424b-9868-57a2d4851a1d" relativeResultsDirectory="c4dc65f7-5959-41aa-9222-817882a98d38" />
    <UnitTestResult executionId="2aed004a-8727-4a58-811e-9951c63c7007" testId="f3efc418-a8a6-c7b7-9bac-90b33aa8472f" testName="BL.Tests.CheckPermissionsServiceTests.AdminHasAccessToAllFunctions" computerName="DESKTOP-TJ9D65N" duration="00:00:00.0018989" startTime="2022-10-15T20:19:50.0759191+03:00" endTime="2022-10-15T20:19:50.0759192+03:00" testType="13cdc9d9-ddb5-4fa4-a97d-d965ccfc6d4b" outcome="Passed" testListId="8c84fa94-04c1-424b-9868-57a2d4851a1d" relativeResultsDirectory="2aed004a-8727-4a58-811e-9951c63c7007" />
    <UnitTestResult executionId="13fef985-8f28-49ab-a0fc-faabbfcac3df" testId="20ad8570-0170-85de-dcd7-2f109dd7bcd6" testName="BL.Tests.UsersServiceTests.TestAdminGetUsers" computerName="DESKTOP-TJ9D65N" duration="00:00:00.0359512" startTime="2022-10-15T20:19:49.9365143+03:00" endTime="2022-10-15T20:19:49.9365144+03:00" testType="13cdc9d9-ddb5-4fa4-a97d-d965ccfc6d4b" outcome="Passed" testListId="8c84fa94-04c1-424b-9868-57a2d4851a1d" relativeResultsDirectory="13fef985-8f28-49ab-a0fc-faabbfcac3df" />
    <UnitTestResult executionId="3b016fa9-2254-4c43-8447-5afedbfd9be9" testId="5875fab7-ebef-dac4-468b-d1d6a6b7d317" testName="BL.Tests.LiftsServiceTest.TestUpdateLiftInfoAsync(userID: 124, lift: Lift { LiftID = 1, LiftName = liftNamedcb89f9b-264c-4810-9f9c-e9899060abc3, IsOpen = True, SeatsAmount = 135, LiftingTime = 174, QueueTime = 253, ConnectedSlopes =  }, checkPermissionServiceMock: Mock&lt;ICheckPermissionService:3&gt;, liftsRepositoryStub: Mock&lt;ILiftsRepository:3&gt;, sut: LiftsService { })" computerName="DESKTOP-TJ9D65N" duration="00:00:00.0047873" startTime="2022-10-15T20:19:50.0436683+03:00" endTime="2022-10-15T20:19:50.0436684+03:00" testType="13cdc9d9-ddb5-4fa4-a97d-d965ccfc6d4b" outcome="Passed" testListId="8c84fa94-04c1-424b-9868-57a2d4851a1d" relativeResultsDirectory="3b016fa9-2254-4c43-8447-5afedbfd9be9" />
    <UnitTestResult executionId="ea8dfc01-0dd6-411e-b6a6-36486f27c3ed" testId="492c0393-35b4-df26-a537-21ca08302f3c" testName="BL.Tests.CheckPermissionsServiceTests.SkiPatrolHasNoAccessToAdminFunctions" computerName="DESKTOP-TJ9D65N" duration="00:00:00.0022908" startTime="2022-10-15T20:19:50.0720004+03:00" endTime="2022-10-15T20:19:50.0720006+03:00" testType="13cdc9d9-ddb5-4fa4-a97d-d965ccfc6d4b" outcome="Passed" testListId="8c84fa94-04c1-424b-9868-57a2d4851a1d" relativeResultsDirectory="ea8dfc01-0dd6-411e-b6a6-36486f27c3ed" />
    <UnitTestResult executionId="1671c23f-2013-473a-9822-7c083032df5f" testId="39be9b5e-0bc4-57dc-37d3-aec6b520299d" testName="BL.Tests.LiftsSlopesServiceTests.TestGetLiftsSlopesInfoAsync(liftsSlopes: [LiftSlope { RecordID = 44, LiftID = 130, SlopeID = 101 }, LiftSlope { RecordID = 237, LiftID = 89, SlopeID = 3 }, LiftSlope { RecordID = 245, LiftID = 85, SlopeID = 158 }], slopesRepositoryStub: Mock&lt;ISlopesRepository:1&gt;, liftsRepositoryStub: Mock&lt;ILiftsRepository:6&gt;, liftsSlopesRepositoryStub: Mock&lt;ILiftsSlopesRepository:6&gt;)" computerName="DESKTOP-TJ9D65N" duration="00:00:00.0358270" startTime="2022-10-15T20:19:49.9365023+03:00" endTime="2022-10-15T20:19:49.9365024+03:00" testType="13cdc9d9-ddb5-4fa4-a97d-d965ccfc6d4b" outcome="Passed" testListId="8c84fa94-04c1-424b-9868-57a2d4851a1d" relativeResultsDirectory="1671c23f-2013-473a-9822-7c083032df5f" />
    <UnitTestResult executionId="72866d6e-297d-4793-be44-5c4da3c37daf" testId="60bd668f-04df-da5e-b79b-5d9aedb5234d" testName="BL.Tests.CheckPermissionsServiceTests.SkiPatrolHasAccessToAdminSkiPatrolFunctions(functionName: &quot;MarkMessageReadByUserAsync&quot;)" computerName="DESKTOP-TJ9D65N" duration="00:00:00.0011500" startTime="2022-10-15T20:19:50.0191562+03:00" endTime="2022-10-15T20:19:50.0191563+03:00" testType="13cdc9d9-ddb5-4fa4-a97d-d965ccfc6d4b" outcome="Passed" testListId="8c84fa94-04c1-424b-9868-57a2d4851a1d" relativeResultsDirectory="72866d6e-297d-4793-be44-5c4da3c37daf" />
    <UnitTestResult executionId="b97b83e7-c034-486c-8b9f-70169cdb3a59" testId="2d706594-f2b3-b3c8-21d4-86c9798c3306" testName="BL.Tests.CheckPermissionsServiceTests.SkiPatrolHasAccessToAdminSkiPatrolFunctions(functionName: &quot;GetLiftsSlopesInfoAsync&quot;)" computerName="DESKTOP-TJ9D65N" duration="00:00:00.0046897" startTime="2022-10-15T20:19:50.0189807+03:00" endTime="2022-10-15T20:19:50.0189808+03:00" testType="13cdc9d9-ddb5-4fa4-a97d-d965ccfc6d4b" outcome="Passed" testListId="8c84fa94-04c1-424b-9868-57a2d4851a1d" relativeResultsDirectory="b97b83e7-c034-486c-8b9f-70169cdb3a59" />
    <UnitTestResult executionId="f76f5088-3b4f-40cc-a7b9-43cfdddd6926" testId="894941c1-bfa7-d8f9-c047-1e1ceefe2c2f" testName="BL.Tests.UsersServiceTests.TestRegisterUserWithRepeatedEmail" computerName="DESKTOP-TJ9D65N" duration="00:00:00.0034562" startTime="2022-10-15T20:19:50.0181401+03:00" endTime="2022-10-15T20:19:50.0181401+03:00" testType="13cdc9d9-ddb5-4fa4-a97d-d965ccfc6d4b" outcome="Passed" testListId="8c84fa94-04c1-424b-9868-57a2d4851a1d" relativeResultsDirectory="f76f5088-3b4f-40cc-a7b9-43cfdddd6926" />
    <UnitTestResult executionId="2f2c09e6-b8d3-4e3a-8c6f-39e88693bd52" testId="1ca07ad8-f799-c5d4-e7cc-34fd950198a2" testName="BL.Tests.UsersServiceTests.TestLogInOk" computerName="DESKTOP-TJ9D65N" duration="00:00:00.0034993" startTime="2022-10-15T20:19:50.0200840+03:00" endTime="2022-10-15T20:19:50.0200840+03:00" testType="13cdc9d9-ddb5-4fa4-a97d-d965ccfc6d4b" outcome="Passed" testListId="8c84fa94-04c1-424b-9868-57a2d4851a1d" relativeResultsDirectory="2f2c09e6-b8d3-4e3a-8c6f-39e88693bd52" />
    <UnitTestResult executionId="1e9d7776-0532-4b95-a4c8-15a5cd9bc9fc" testId="229812f5-9a73-5335-11f5-31330d1348a5" testName="BL.Tests.CheckPermissionsServiceTests.UnauthorizedHasNoAccessToAdminSkiPatrolFunctions(functionName: &quot;GetMessagesAsync&quot;)" computerName="DESKTOP-TJ9D65N" duration="00:00:00.0012788" startTime="2022-10-15T20:19:50.0167086+03:00" endTime="2022-10-15T20:19:50.0167087+03:00" testType="13cdc9d9-ddb5-4fa4-a97d-d965ccfc6d4b" outcome="Passed" testListId="8c84fa94-04c1-424b-9868-57a2d4851a1d" relativeResultsDirectory="1e9d7776-0532-4b95-a4c8-15a5cd9bc9fc" />
  </Results>
  <TestDefinitions>
    <UnitTest name="BL.Tests.TurnstilesServiceTest.TestAdminGetTurnstileAsync(userID: 235, turnstile: Turnstile { TurnstileID = 184, LiftID = 149, IsOpen = True }, checkPermissionServiceMock: Mock&lt;ICheckPermissionService:12&gt;, turnstilesRepositoryStub: Mock&lt;ITurnstilesRepository:6&gt;, sut: TurnstilesService { })" storage="c:\users\alena\desktop\7_sem\testing_and_debugging\skiresort\bl.tests\bin\debug\net6.0\bl.tests.dll" id="bcd977e6-f68e-efee-64cc-3af2e23d523b">
      <Execution id="3e31ade5-fc58-466c-b334-9b9146ad073e" />
      <TestMethod codeBase="C:\Users\alena\Desktop\7_sem\testing_and_debugging\SkiResort\BL.Tests\bin\Debug\net6.0\BL.Tests.dll" adapterTypeName="executor://xunit/VsTestRunner2/netcoreapp" className="BL.Tests.TurnstilesServiceTest" name="TestAdminGetTurnstileAsync" />
    </UnitTest>
    <UnitTest name="BL.Tests.TurnstilesServiceTest.TestAdminDeleteTurnstileAsync(userID: 211, turnstile: Turnstile { TurnstileID = 48, LiftID = 185, IsOpen = True }, checkPermissionServiceMock: Mock&lt;ICheckPermissionService:15&gt;, turnstilesRepositoryStub: Mock&lt;ITurnstilesRepository:9&gt;, sut: TurnstilesService { })" storage="c:\users\alena\desktop\7_sem\testing_and_debugging\skiresort\bl.tests\bin\debug\net6.0\bl.tests.dll" id="87d29278-b40b-ce9f-b049-430cc0c740d8">
      <Execution id="99c807ee-cdf0-4517-a17b-05b2be7579cb" />
      <TestMethod codeBase="C:\Users\alena\Desktop\7_sem\testing_and_debugging\SkiResort\BL.Tests\bin\Debug\net6.0\BL.Tests.dll" adapterTypeName="executor://xunit/VsTestRunner2/netcoreapp" className="BL.Tests.TurnstilesServiceTest" name="TestAdminDeleteTurnstileAsync" />
    </UnitTest>
    <UnitTest name="BL.Tests.CheckPermissionsServiceTests.AuthorizedHasNoAccessToAdminSkiPatrolFunctions(functionName: &quot;MarkMessageReadByUserAsync&quot;)" storage="c:\users\alena\desktop\7_sem\testing_and_debugging\skiresort\bl.tests\bin\debug\net6.0\bl.tests.dll" id="9c7df5e2-1b23-ebea-889f-b78ca86b60ab">
      <Execution id="7fd97e8e-cf13-4fde-aa40-4efa3cb3f9a5" />
      <TestMethod codeBase="C:\Users\alena\Desktop\7_sem\testing_and_debugging\SkiResort\BL.Tests\bin\Debug\net6.0\BL.Tests.dll" adapterTypeName="executor://xunit/VsTestRunner2/netcoreapp" className="BL.Tests.CheckPermissionsServiceTests" name="AuthorizedHasNoAccessToAdminSkiPatrolFunctions" />
    </UnitTest>
    <UnitTest name="BL.Tests.CheckPermissionsServiceTests.UnauthorizedHasNoAccessToAdminSkiPatrolFunctions(functionName: &quot;MarkMessageReadByUserAsync&quot;)" storage="c:\users\alena\desktop\7_sem\testing_and_debugging\skiresort\bl.tests\bin\debug\net6.0\bl.tests.dll" id="a19a5fcf-c5d2-7d44-5d7d-84403042f4e0">
      <Execution id="414c371c-6ff4-452d-b767-e024482a324b" />
      <TestMethod codeBase="C:\Users\alena\Desktop\7_sem\testing_and_debugging\SkiResort\BL.Tests\bin\Debug\net6.0\BL.Tests.dll" adapterTypeName="executor://xunit/VsTestRunner2/netcoreapp" className="BL.Tests.CheckPermissionsServiceTests" name="UnauthorizedHasNoAccessToAdminSkiPatrolFunctions" />
    </UnitTest>
    <UnitTest name="BL.Tests.CheckPermissionsServiceTests.AuthorizedHasNoAccessToAdminFunctions" storage="c:\users\alena\desktop\7_sem\testing_and_debugging\skiresort\bl.tests\bin\debug\net6.0\bl.tests.dll" id="a2e59116-cb53-1d70-9cb8-21c286516866">
      <Execution id="fb122859-496c-4957-86ce-0b898fe0a3ea" />
      <TestMethod codeBase="C:\Users\alena\Desktop\7_sem\testing_and_debugging\SkiResort\BL.Tests\bin\Debug\net6.0\BL.Tests.dll" adapterTypeName="executor://xunit/VsTestRunner2/netcoreapp" className="BL.Tests.CheckPermissionsServiceTests" name="AuthorizedHasNoAccessToAdminFunctions" />
    </UnitTest>
    <UnitTest name="BL.Tests.CheckPermissionsServiceTests.SkiPatrolHasAccessToAdminSkiPatrolFunctions(functionName: &quot;GetMessagesAsync&quot;)" storage="c:\users\alena\desktop\7_sem\testing_and_debugging\skiresort\bl.tests\bin\debug\net6.0\bl.tests.dll" id="c36970dc-93f7-753e-fa47-157133b01644">
      <Execution id="9568d79d-1170-4b9f-a056-127d7129bdbf" />
      <TestMethod codeBase="C:\Users\alena\Desktop\7_sem\testing_and_debugging\SkiResort\BL.Tests\bin\Debug\net6.0\BL.Tests.dll" adapterTypeName="executor://xunit/VsTestRunner2/netcoreapp" className="BL.Tests.CheckPermissionsServiceTests" name="SkiPatrolHasAccessToAdminSkiPatrolFunctions" />
    </UnitTest>
    <UnitTest name="BL.Tests.LiftsSlopesServiceTests.TestAdminAddAutoIncrementLiftSlopeAsync(lift: Lift { LiftID = 240, LiftName = liftName095f07ec-0b7a-4d66-a975-ac811c77ec95, IsOpen = True, SeatsAmount = 254, LiftingTime = 106, QueueTime = 192, ConnectedSlopes =  }, slope: Slope { SlopeID = 31, SlopeName = slopeName1d43d65b-9736-4460-ab30-18279ad7e36f, IsOpen = False, DifficultyLevel = 115, ConnectedLifts =  }, slopesRepositoryStub: Mock&lt;ISlopesRepository:3&gt;..." storage="c:\users\alena\desktop\7_sem\testing_and_debugging\skiresort\bl.tests\bin\debug\net6.0\bl.tests.dll" id="f564d127-5a8c-1843-3e12-9286a9dcbd93">
      <Execution id="c327334d-c526-415b-82ba-65c5f1106d54" />
      <TestMethod codeBase="C:\Users\alena\Desktop\7_sem\testing_and_debugging\SkiResort\BL.Tests\bin\Debug\net6.0\BL.Tests.dll" adapterTypeName="executor://xunit/VsTestRunner2/netcoreapp" className="BL.Tests.LiftsSlopesServiceTests" name="TestAdminAddAutoIncrementLiftSlopeAsync" />
    </UnitTest>
    <UnitTest name="BL.Tests.CheckPermissionsServiceTests.AuthorizedHasNoAccessToAdminSkiPatrolFunctions(functionName: &quot;GetMessagesAsync&quot;)" storage="c:\users\alena\desktop\7_sem\testing_and_debugging\skiresort\bl.tests\bin\debug\net6.0\bl.tests.dll" id="2602613f-c8e2-a6d9-fcf7-5b27d4a770a6">
      <Execution id="7a63ada2-a183-4402-b7dd-6e7c026bf08b" />
      <TestMethod codeBase="C:\Users\alena\Desktop\7_sem\testing_and_debugging\SkiResort\BL.Tests\bin\Debug\net6.0\BL.Tests.dll" adapterTypeName="executor://xunit/VsTestRunner2/netcoreapp" className="BL.Tests.CheckPermissionsServiceTests" name="AuthorizedHasNoAccessToAdminSkiPatrolFunctions" />
    </UnitTest>
    <UnitTest name="BL.Tests.CheckPermissionsServiceTests.AdminHasAccessToAllFunctions" storage="c:\users\alena\desktop\7_sem\testing_and_debugging\skiresort\bl.tests\bin\debug\net6.0\bl.tests.dll" id="f3efc418-a8a6-c7b7-9bac-90b33aa8472f">
      <Execution id="2aed004a-8727-4a58-811e-9951c63c7007" />
      <TestMethod codeBase="C:\Users\alena\Desktop\7_sem\testing_and_debugging\SkiResort\BL.Tests\bin\Debug\net6.0\BL.Tests.dll" adapterTypeName="executor://xunit/VsTestRunner2/netcoreapp" className="BL.Tests.CheckPermissionsServiceTests" name="AdminHasAccessToAllFunctions" />
    </UnitTest>
    <UnitTest name="BL.Tests.LiftsServiceTest.TestGetLiftInfoAsync(userID: 66, lift: Lift { LiftID = 142, LiftName = liftName389b470b-2af4-4d0b-8d90-0a9253a16672, IsOpen = True, SeatsAmount = 132, LiftingTime = 40, QueueTime = 247, ConnectedSlopes =  }, checkPermissionServiceMock: Mock&lt;ICheckPermissionService:1&gt;, liftsRepositoryStub: Mock&lt;ILiftsRepository:1&gt;, liftsSlopesRepositoryStub: Mock&lt;ILiftsSlopesRepository:1&gt;, sut: LiftsService { })" storage="c:\users\alena\desktop\7_sem\testing_and_debugging\skiresort\bl.tests\bin\debug\net6.0\bl.tests.dll" id="4c7d2a15-3628-88e0-4d02-d06db17f9d9b">
      <Execution id="000edf2f-8ea9-4dd0-8893-55256906d3fe" />
      <TestMethod codeBase="C:\Users\alena\Desktop\7_sem\testing_and_debugging\SkiResort\BL.Tests\bin\Debug\net6.0\BL.Tests.dll" adapterTypeName="executor://xunit/VsTestRunner2/netcoreapp" className="BL.Tests.LiftsServiceTest" name="TestGetLiftInfoAsync" />
    </UnitTest>
    <UnitTest name="BL.Tests.LiftsSlopesServiceTests.TestAdminDeleteLiftSlopeAsync(lift: Lift { LiftID = 156, LiftName = liftName0f512d69-9f12-4578-8010-31f251ff6605, IsOpen = True, SeatsAmount = 89, LiftingTime = 221, QueueTime = 77, ConnectedSlopes =  }, slope: Slope { SlopeID = 205, SlopeName = slopeName52a15b6a-598f-493e-b454-8f7e18471f05, IsOpen = False, DifficultyLevel = 157, ConnectedLifts =  }, slopesRepositoryStub: Mock&lt;ISlopesRepository:2&gt;, liftsRepo..." storage="c:\users\alena\desktop\7_sem\testing_and_debugging\skiresort\bl.tests\bin\debug\net6.0\bl.tests.dll" id="9706de6f-8f26-9c81-1fbc-3a00df2e6103">
      <Execution id="fab0862d-2647-4208-936f-a4cc038b7af4" />
      <TestMethod codeBase="C:\Users\alena\Desktop\7_sem\testing_and_debugging\SkiResort\BL.Tests\bin\Debug\net6.0\BL.Tests.dll" adapterTypeName="executor://xunit/VsTestRunner2/netcoreapp" className="BL.Tests.LiftsSlopesServiceTests" name="TestAdminDeleteLiftSlopeAsync" />
    </UnitTest>
    <UnitTest name="BL.Tests.UsersServiceTests.TestRegisterUserWithNoPassword" storage="c:\users\alena\desktop\7_sem\testing_and_debugging\skiresort\bl.tests\bin\debug\net6.0\bl.tests.dll" id="f44a1b21-8efc-bfac-63b4-d534442def31">
      <Execution id="687a0848-95dd-48d4-908c-dd5449385659" />
      <TestMethod codeBase="C:\Users\alena\Desktop\7_sem\testing_and_debugging\SkiResort\BL.Tests\bin\Debug\net6.0\BL.Tests.dll" adapterTypeName="executor://xunit/VsTestRunner2/netcoreapp" className="BL.Tests.UsersServiceTests" name="TestRegisterUserWithNoPassword" />
    </UnitTest>
    <UnitTest name="BL.Tests.UsersServiceTests.TestAdminGetUserByIDAsync" storage="c:\users\alena\desktop\7_sem\testing_and_debugging\skiresort\bl.tests\bin\debug\net6.0\bl.tests.dll" id="e5497347-2721-b7a6-0bd4-69a9921f6947">
      <Execution id="949720e3-271b-4600-a5cb-a20e342bdfec" />
      <TestMethod codeBase="C:\Users\alena\Desktop\7_sem\testing_and_debugging\SkiResort\BL.Tests\bin\Debug\net6.0\BL.Tests.dll" adapterTypeName="executor://xunit/VsTestRunner2/netcoreapp" className="BL.Tests.UsersServiceTests" name="TestAdminGetUserByIDAsync" />
    </UnitTest>
    <UnitTest name="BL.Tests.LiftsServiceTest.TestAdminAddAutoIncrementLiftAsync(userID: 211, lift: Lift { LiftID = 155, LiftName = liftNamebf517fb5-6337-44c6-a992-fb3398a878b9, IsOpen = True, SeatsAmount = 226, LiftingTime = 250, QueueTime = 44, ConnectedSlopes =  }, checkPermissionServiceMock: Mock&lt;ICheckPermissionService:5&gt;, liftsRepositoryStub: Mock&lt;ILiftsRepository:5&gt;, sut: LiftsService { })" storage="c:\users\alena\desktop\7_sem\testing_and_debugging\skiresort\bl.tests\bin\debug\net6.0\bl.tests.dll" id="55f4b34e-e90c-15ba-56f9-3caff433d690">
      <Execution id="f0ec65ce-4c29-41f4-827b-9ae3bc698a08" />
      <TestMethod codeBase="C:\Users\alena\Desktop\7_sem\testing_and_debugging\SkiResort\BL.Tests\bin\Debug\net6.0\BL.Tests.dll" adapterTypeName="executor://xunit/VsTestRunner2/netcoreapp" className="BL.Tests.LiftsServiceTest" name="TestAdminAddAutoIncrementLiftAsync" />
    </UnitTest>
    <UnitTest name="BL.Tests.UsersServiceTests.TestAdminAddAutoIncrementUser" storage="c:\users\alena\desktop\7_sem\testing_and_debugging\skiresort\bl.tests\bin\debug\net6.0\bl.tests.dll" id="834c739b-eca4-b36d-6a66-5a1bd75377b8">
      <Execution id="ad770d76-d260-4cee-900a-520962a9b4d7" />
      <TestMethod codeBase="C:\Users\alena\Desktop\7_sem\testing_and_debugging\SkiResort\BL.Tests\bin\Debug\net6.0\BL.Tests.dll" adapterTypeName="executor://xunit/VsTestRunner2/netcoreapp" className="BL.Tests.UsersServiceTests" name="TestAdminAddAutoIncrementUser" />
    </UnitTest>
    <UnitTest name="BL.Tests.CheckPermissionsServiceTests.UnauthorizedHasNoAccessToAdminSkiPatrolFunctions(functionName: &quot;GetLiftsSlopesInfoAsync&quot;)" storage="c:\users\alena\desktop\7_sem\testing_and_debugging\skiresort\bl.tests\bin\debug\net6.0\bl.tests.dll" id="387c9729-48c1-486e-5e67-f5d11a9f0db8">
      <Execution id="0f6daf82-338d-44ae-8acd-c057f457e82a" />
      <TestMethod codeBase="C:\Users\alena\Desktop\7_sem\testing_and_debugging\SkiResort\BL.Tests\bin\Debug\net6.0\BL.Tests.dll" adapterTypeName="executor://xunit/VsTestRunner2/netcoreapp" className="BL.Tests.CheckPermissionsServiceTests" name="UnauthorizedHasNoAccessToAdminSkiPatrolFunctions" />
    </UnitTest>
    <UnitTest name="BL.Tests.SlopesServiceTest.TestAdminAddSlopeAsync(userID: 237, slope: Slope { SlopeID = 137, SlopeName = slopeNamec74f2806-6e85-4d2b-b748-ecea2a662fbd, IsOpen = True, DifficultyLevel = 202, ConnectedLifts =  }, checkPermissionServiceMock: Mock&lt;ICheckPermissionService:11&gt;, slopesRepositoryStub: Mock&lt;ISlopesRepository:9&gt;, sut: SlopesService { })" storage="c:\users\alena\desktop\7_sem\testing_and_debugging\skiresort\bl.tests\bin\debug\net6.0\bl.tests.dll" id="f039421c-a708-7111-9fae-f288e47b0d11">
      <Execution id="b8917f4a-b8eb-48be-9d4d-1083dda93ccf" />
      <TestMethod codeBase="C:\Users\alena\Desktop\7_sem\testing_and_debugging\SkiResort\BL.Tests\bin\Debug\net6.0\BL.Tests.dll" adapterTypeName="executor://xunit/VsTestRunner2/netcoreapp" className="BL.Tests.SlopesServiceTest" name="TestAdminAddSlopeAsync" />
    </UnitTest>
    <UnitTest name="BL.Tests.CheckPermissionsServiceTests.SkiPatrolHasAccessToAdminSkiPatrolFunctions(functionName: &quot;MarkMessageReadByUserAsync&quot;)" storage="c:\users\alena\desktop\7_sem\testing_and_debugging\skiresort\bl.tests\bin\debug\net6.0\bl.tests.dll" id="60bd668f-04df-da5e-b79b-5d9aedb5234d">
      <Execution id="72866d6e-297d-4793-be44-5c4da3c37daf" />
      <TestMethod codeBase="C:\Users\alena\Desktop\7_sem\testing_and_debugging\SkiResort\BL.Tests\bin\Debug\net6.0\BL.Tests.dll" adapterTypeName="executor://xunit/VsTestRunner2/netcoreapp" className="BL.Tests.CheckPermissionsServiceTests" name="SkiPatrolHasAccessToAdminSkiPatrolFunctions" />
    </UnitTest>
    <UnitTest name="BL.Tests.CheckPermissionsServiceTests.UnauthorizedHasNoAccessToAdminFunctions" storage="c:\users\alena\desktop\7_sem\testing_and_debugging\skiresort\bl.tests\bin\debug\net6.0\bl.tests.dll" id="e2d7e5be-3dae-33ae-fb17-c704b6fd58d6">
      <Execution id="17e758a0-cb59-42ec-81d3-289ab228c8f4" />
      <TestMethod codeBase="C:\Users\alena\Desktop\7_sem\testing_and_debugging\SkiResort\BL.Tests\bin\Debug\net6.0\BL.Tests.dll" adapterTypeName="executor://xunit/VsTestRunner2/netcoreapp" className="BL.Tests.CheckPermissionsServiceTests" name="UnauthorizedHasNoAccessToAdminFunctions" />
    </UnitTest>
    <UnitTest name="BL.Tests.CheckPermissionsServiceTests.SkiPatrolHasAccessToAdminSkiPatrolFunctions(functionName: &quot;GetLiftsSlopesInfoAsync&quot;)" storage="c:\users\alena\desktop\7_sem\testing_and_debugging\skiresort\bl.tests\bin\debug\net6.0\bl.tests.dll" id="2d706594-f2b3-b3c8-21d4-86c9798c3306">
      <Execution id="b97b83e7-c034-486c-8b9f-70169cdb3a59" />
      <TestMethod codeBase="C:\Users\alena\Desktop\7_sem\testing_and_debugging\SkiResort\BL.Tests\bin\Debug\net6.0\BL.Tests.dll" adapterTypeName="executor://xunit/VsTestRunner2/netcoreapp" className="BL.Tests.CheckPermissionsServiceTests" name="SkiPatrolHasAccessToAdminSkiPatrolFunctions" />
    </UnitTest>
    <UnitTest name="BL.Tests.UsersServiceTests.TestLogInWithWrongPassword" storage="c:\users\alena\desktop\7_sem\testing_and_debugging\skiresort\bl.tests\bin\debug\net6.0\bl.tests.dll" id="69340bb6-3645-f9dd-971e-29d8b2a009bb">
      <Execution id="db07b376-7df6-4a06-bf5f-9e519e7d5b0f" />
      <TestMethod codeBase="C:\Users\alena\Desktop\7_sem\testing_and_debugging\SkiResort\BL.Tests\bin\Debug\net6.0\BL.Tests.dll" adapterTypeName="executor://xunit/VsTestRunner2/netcoreapp" className="BL.Tests.UsersServiceTests" name="TestLogInWithWrongPassword" />
    </UnitTest>
    <UnitTest name="BL.Tests.CheckPermissionsServiceTests.SkiPatrolHasNoAccessToAdminFunctions" storage="c:\users\alena\desktop\7_sem\testing_and_debugging\skiresort\bl.tests\bin\debug\net6.0\bl.tests.dll" id="492c0393-35b4-df26-a537-21ca08302f3c">
      <Execution id="ea8dfc01-0dd6-411e-b6a6-36486f27c3ed" />
      <TestMethod codeBase="C:\Users\alena\Desktop\7_sem\testing_and_debugging\SkiResort\BL.Tests\bin\Debug\net6.0\BL.Tests.dll" adapterTypeName="executor://xunit/VsTestRunner2/netcoreapp" className="BL.Tests.CheckPermissionsServiceTests" name="SkiPatrolHasNoAccessToAdminFunctions" />
    </UnitTest>
    <UnitTest name="BL.Tests.SlopesServiceTest.TestAdminDeleteSlopeAsync(userID: 206, slope: Slope { SlopeID = 92, SlopeName = slopeName107dd53b-7536-4d82-850d-66af806b28ab, IsOpen = True, DifficultyLevel = 24, ConnectedLifts =  }, checkPermissionServiceMock: Mock&lt;ICheckPermissionService:9&gt;, slopesRepositoryStub: Mock&lt;ISlopesRepository:7&gt;, liftsSlopesRepositoryStub: Mock&lt;ILiftsSlopesRepository:12&gt;, sut: SlopesService { })" storage="c:\users\alena\desktop\7_sem\testing_and_debugging\skiresort\bl.tests\bin\debug\net6.0\bl.tests.dll" id="3216ac93-6dca-dec3-1e97-8c216649c74c">
      <Execution id="b6097fe1-5468-45d3-8a43-61112db96893" />
      <TestMethod codeBase="C:\Users\alena\Desktop\7_sem\testing_and_debugging\SkiResort\BL.Tests\bin\Debug\net6.0\BL.Tests.dll" adapterTypeName="executor://xunit/VsTestRunner2/netcoreapp" className="BL.Tests.SlopesServiceTest" name="TestAdminDeleteSlopeAsync" />
    </UnitTest>
    <UnitTest name="BL.Tests.UsersServiceTests.TestAdminDeleteUser" storage="c:\users\alena\desktop\7_sem\testing_and_debugging\skiresort\bl.tests\bin\debug\net6.0\bl.tests.dll" id="18fa8c62-e27d-e1fc-8182-4d7db62b008d">
      <Execution id="90f1ec26-726a-46db-a719-e9e3d458481d" />
      <TestMethod codeBase="C:\Users\alena\Desktop\7_sem\testing_and_debugging\SkiResort\BL.Tests\bin\Debug\net6.0\BL.Tests.dll" adapterTypeName="executor://xunit/VsTestRunner2/netcoreapp" className="BL.Tests.UsersServiceTests" name="TestAdminDeleteUser" />
    </UnitTest>
    <UnitTest name="BL.Tests.CheckPermissionsServiceTests.AuthorizedHasAccessToAuthorizedFunctions(functionName: &quot;LogOutAsync&quot;)" storage="c:\users\alena\desktop\7_sem\testing_and_debugging\skiresort\bl.tests\bin\debug\net6.0\bl.tests.dll" id="aa28a6b3-21d3-aa45-24d3-bef2facbc899">
      <Execution id="a7720f5b-7a8b-4d71-9db3-3ecd8924ebf8" />
      <TestMethod codeBase="C:\Users\alena\Desktop\7_sem\testing_and_debugging\SkiResort\BL.Tests\bin\Debug\net6.0\BL.Tests.dll" adapterTypeName="executor://xunit/VsTestRunner2/netcoreapp" className="BL.Tests.CheckPermissionsServiceTests" name="AuthorizedHasAccessToAuthorizedFunctions" />
    </UnitTest>
    <UnitTest name="BL.Tests.SlopesServiceTest.TestGetSlopesInfoAsync(userID: 165, initialSlopes: [Slope { SlopeID = 9, SlopeName = slopeName0c285800-e3a3-4688-b077-341f33e88acb, IsOpen = True, DifficultyLevel = 148, ConnectedLifts =  }, Slope { SlopeID = 54, SlopeName = slopeNamea04e404e-bf60-48f1-b8af-7384e8f96f15, IsOpen = False, DifficultyLevel = 172, ConnectedLifts =  }, Slope { SlopeID = 89, SlopeName = slopeNameb3248feb-38b1-4443-9473-737cee6d286a, IsOp..." storage="c:\users\alena\desktop\7_sem\testing_and_debugging\skiresort\bl.tests\bin\debug\net6.0\bl.tests.dll" id="adbbaf3a-aa20-17f1-6cdb-db4c285dde3e">
      <Execution id="5dab537c-be5f-4317-86f2-9eea48b5c942" />
      <TestMethod codeBase="C:\Users\alena\Desktop\7_sem\testing_and_debugging\SkiResort\BL.Tests\bin\Debug\net6.0\BL.Tests.dll" adapterTypeName="executor://xunit/VsTestRunner2/netcoreapp" className="BL.Tests.SlopesServiceTest" name="TestGetSlopesInfoAsync" />
    </UnitTest>
    <UnitTest name="BL.Tests.TurnstilesServiceTest.TestAdminAddAutoIncrementTurnstileAsync(userID: 240, turnstile: Turnstile { TurnstileID = 4, LiftID = 203, IsOpen = True }, checkPermissionServiceMock: Mock&lt;ICheckPermissionService:16&gt;, turnstilesRepositoryStub: Mock&lt;ITurnstilesRepository:10&gt;, sut: TurnstilesService { })" storage="c:\users\alena\desktop\7_sem\testing_and_debugging\skiresort\bl.tests\bin\debug\net6.0\bl.tests.dll" id="9981969c-70c2-4661-04a4-2a49cc6c4b4d">
      <Execution id="ef2b22d1-94ce-4a2b-886e-5bf676fe3fcd" />
      <TestMethod codeBase="C:\Users\alena\Desktop\7_sem\testing_and_debugging\SkiResort\BL.Tests\bin\Debug\net6.0\BL.Tests.dll" adapterTypeName="executor://xunit/VsTestRunner2/netcoreapp" className="BL.Tests.TurnstilesServiceTest" name="TestAdminAddAutoIncrementTurnstileAsync" />
    </UnitTest>
    <UnitTest name="BL.Tests.UsersServiceTests.TestAdminUpdateUser" storage="c:\users\alena\desktop\7_sem\testing_and_debugging\skiresort\bl.tests\bin\debug\net6.0\bl.tests.dll" id="06d0bc3a-24a0-fb7f-4277-e9ae6d21c7dd">
      <Execution id="ca60a6f5-0ccf-4c12-b75e-eba578c3b8bf" />
      <TestMethod codeBase="C:\Users\alena\Desktop\7_sem\testing_and_debugging\SkiResort\BL.Tests\bin\Debug\net6.0\BL.Tests.dll" adapterTypeName="executor://xunit/VsTestRunner2/netcoreapp" className="BL.Tests.UsersServiceTests" name="TestAdminUpdateUser" />
    </UnitTest>
    <UnitTest name="BL.Tests.UsersServiceTests.TestLogInOk" storage="c:\users\alena\desktop\7_sem\testing_and_debugging\skiresort\bl.tests\bin\debug\net6.0\bl.tests.dll" id="1ca07ad8-f799-c5d4-e7cc-34fd950198a2">
      <Execution id="2f2c09e6-b8d3-4e3a-8c6f-39e88693bd52" />
      <TestMethod codeBase="C:\Users\alena\Desktop\7_sem\testing_and_debugging\SkiResort\BL.Tests\bin\Debug\net6.0\BL.Tests.dll" adapterTypeName="executor://xunit/VsTestRunner2/netcoreapp" className="BL.Tests.UsersServiceTests" name="TestLogInOk" />
    </UnitTest>
    <UnitTest name="BL.Tests.UsersServiceTests.TestAdminGetUsers" storage="c:\users\alena\desktop\7_sem\testing_and_debugging\skiresort\bl.tests\bin\debug\net6.0\bl.tests.dll" id="20ad8570-0170-85de-dcd7-2f109dd7bcd6">
      <Execution id="13fef985-8f28-49ab-a0fc-faabbfcac3df" />
      <TestMethod codeBase="C:\Users\alena\Desktop\7_sem\testing_and_debugging\SkiResort\BL.Tests\bin\Debug\net6.0\BL.Tests.dll" adapterTypeName="executor://xunit/VsTestRunner2/netcoreapp" className="BL.Tests.UsersServiceTests" name="TestAdminGetUsers" />
    </UnitTest>
    <UnitTest name="BL.Tests.CheckPermissionsServiceTests.UnauthorizedHasNoAccessToAdminSkiPatrolFunctions(functionName: &quot;GetMessagesAsync&quot;)" storage="c:\users\alena\desktop\7_sem\testing_and_debugging\skiresort\bl.tests\bin\debug\net6.0\bl.tests.dll" id="229812f5-9a73-5335-11f5-31330d1348a5">
      <Execution id="1e9d7776-0532-4b95-a4c8-15a5cd9bc9fc" />
      <TestMethod codeBase="C:\Users\alena\Desktop\7_sem\testing_and_debugging\SkiResort\BL.Tests\bin\Debug\net6.0\BL.Tests.dll" adapterTypeName="executor://xunit/VsTestRunner2/netcoreapp" className="BL.Tests.CheckPermissionsServiceTests" name="UnauthorizedHasNoAccessToAdminSkiPatrolFunctions" />
    </UnitTest>
    <UnitTest name="BL.Tests.SlopesServiceTest.TestUpdateSlopeInfoAsync(userID: 126, slope: Slope { SlopeID = 71, SlopeName = slopeNamef3609af1-a6fd-4638-bb2c-9bbb1e8ef058, IsOpen = True, DifficultyLevel = 21, ConnectedLifts =  }, checkPermissionServiceMock: Mock&lt;ICheckPermissionService:8&gt;, slopesRepositoryStub: Mock&lt;ISlopesRepository:6&gt;, sut: SlopesService { })" storage="c:\users\alena\desktop\7_sem\testing_and_debugging\skiresort\bl.tests\bin\debug\net6.0\bl.tests.dll" id="2ae68acf-603d-337d-ca7a-aa7cf66aa48b">
      <Execution id="0e1782a6-3a48-4801-9ab5-8d2b9cbfd202" />
      <TestMethod codeBase="C:\Users\alena\Desktop\7_sem\testing_and_debugging\SkiResort\BL.Tests\bin\Debug\net6.0\BL.Tests.dll" adapterTypeName="executor://xunit/VsTestRunner2/netcoreapp" className="BL.Tests.SlopesServiceTest" name="TestUpdateSlopeInfoAsync" />
    </UnitTest>
    <UnitTest name="BL.Tests.LiftsSlopesServiceTests.TestGetLiftsSlopesInfoAsync(liftsSlopes: [LiftSlope { RecordID = 44, LiftID = 130, SlopeID = 101 }, LiftSlope { RecordID = 237, LiftID = 89, SlopeID = 3 }, LiftSlope { RecordID = 245, LiftID = 85, SlopeID = 158 }], slopesRepositoryStub: Mock&lt;ISlopesRepository:1&gt;, liftsRepositoryStub: Mock&lt;ILiftsRepository:6&gt;, liftsSlopesRepositoryStub: Mock&lt;ILiftsSlopesRepository:6&gt;)" storage="c:\users\alena\desktop\7_sem\testing_and_debugging\skiresort\bl.tests\bin\debug\net6.0\bl.tests.dll" id="39be9b5e-0bc4-57dc-37d3-aec6b520299d">
      <Execution id="1671c23f-2013-473a-9822-7c083032df5f" />
      <TestMethod codeBase="C:\Users\alena\Desktop\7_sem\testing_and_debugging\SkiResort\BL.Tests\bin\Debug\net6.0\BL.Tests.dll" adapterTypeName="executor://xunit/VsTestRunner2/netcoreapp" className="BL.Tests.LiftsSlopesServiceTests" name="TestGetLiftsSlopesInfoAsync" />
    </UnitTest>
    <UnitTest name="BL.Tests.LiftsServiceTest.TestUpdateLiftInfoAsync(userID: 124, lift: Lift { LiftID = 1, LiftName = liftNamedcb89f9b-264c-4810-9f9c-e9899060abc3, IsOpen = True, SeatsAmount = 135, LiftingTime = 174, QueueTime = 253, ConnectedSlopes =  }, checkPermissionServiceMock: Mock&lt;ICheckPermissionService:3&gt;, liftsRepositoryStub: Mock&lt;ILiftsRepository:3&gt;, sut: LiftsService { })" storage="c:\users\alena\desktop\7_sem\testing_and_debugging\skiresort\bl.tests\bin\debug\net6.0\bl.tests.dll" id="5875fab7-ebef-dac4-468b-d1d6a6b7d317">
      <Execution id="3b016fa9-2254-4c43-8447-5afedbfd9be9" />
      <TestMethod codeBase="C:\Users\alena\Desktop\7_sem\testing_and_debugging\SkiResort\BL.Tests\bin\Debug\net6.0\BL.Tests.dll" adapterTypeName="executor://xunit/VsTestRunner2/netcoreapp" className="BL.Tests.LiftsServiceTest" name="TestUpdateLiftInfoAsync" />
    </UnitTest>
    <UnitTest name="BL.Tests.CheckPermissionsServiceTests.AuthorizedHasNoAccessToAdminSkiPatrolFunctions(functionName: &quot;GetLiftsSlopesInfoAsync&quot;)" storage="c:\users\alena\desktop\7_sem\testing_and_debugging\skiresort\bl.tests\bin\debug\net6.0\bl.tests.dll" id="4f297306-d4f3-8d63-e7f4-1ac0b8c58c74">
      <Execution id="f1f5b788-e19a-4731-847e-80c6062a8cd1" />
      <TestMethod codeBase="C:\Users\alena\Desktop\7_sem\testing_and_debugging\SkiResort\BL.Tests\bin\Debug\net6.0\BL.Tests.dll" adapterTypeName="executor://xunit/VsTestRunner2/netcoreapp" className="BL.Tests.CheckPermissionsServiceTests" name="AuthorizedHasNoAccessToAdminSkiPatrolFunctions" />
    </UnitTest>
    <UnitTest name="BL.Tests.LiftsServiceTest.TestGetLiftsInfoAsync(userID: 48, initialLifts: [Lift { LiftID = 243, LiftName = liftName182877b5-3cf9-48bb-b427-2181ff2ebf8a, IsOpen = True, SeatsAmount = 143, LiftingTime = 98, QueueTime = 92, ConnectedSlopes =  }, Lift { LiftID = 157, LiftName = liftNameaeaeee35-77be-4403-959c-e3f8b87b0918, IsOpen = False, SeatsAmount = 193, LiftingTime = 77, QueueTime = 212, ConnectedSlopes =  }, Lift { LiftID = 167, LiftName =..." storage="c:\users\alena\desktop\7_sem\testing_and_debugging\skiresort\bl.tests\bin\debug\net6.0\bl.tests.dll" id="0fab9683-d895-5aa8-5770-09a5f5af9464">
      <Execution id="8f62850e-23eb-41c9-9acb-537c98c64748" />
      <TestMethod codeBase="C:\Users\alena\Desktop\7_sem\testing_and_debugging\SkiResort\BL.Tests\bin\Debug\net6.0\BL.Tests.dll" adapterTypeName="executor://xunit/VsTestRunner2/netcoreapp" className="BL.Tests.LiftsServiceTest" name="TestGetLiftsInfoAsync" />
    </UnitTest>
    <UnitTest name="BL.Tests.TurnstilesServiceTest.TestAdminUpdateTurnstileAsync(userID: 79, turnstile: Turnstile { TurnstileID = 224, LiftID = 32, IsOpen = True }, checkPermissionServiceMock: Mock&lt;ICheckPermissionService:14&gt;, turnstilesRepositoryStub: Mock&lt;ITurnstilesRepository:8&gt;, sut: TurnstilesService { })" storage="c:\users\alena\desktop\7_sem\testing_and_debugging\skiresort\bl.tests\bin\debug\net6.0\bl.tests.dll" id="c2828d93-6362-5c21-0344-b9780c796969">
      <Execution id="023dbb17-e8a1-4a50-aed8-3963277ec19e" />
      <TestMethod codeBase="C:\Users\alena\Desktop\7_sem\testing_and_debugging\SkiResort\BL.Tests\bin\Debug\net6.0\BL.Tests.dll" adapterTypeName="executor://xunit/VsTestRunner2/netcoreapp" className="BL.Tests.TurnstilesServiceTest" name="TestAdminUpdateTurnstileAsync" />
    </UnitTest>
    <UnitTest name="BL.Tests.UsersServiceTests.TestRegisterOk" storage="c:\users\alena\desktop\7_sem\testing_and_debugging\skiresort\bl.tests\bin\debug\net6.0\bl.tests.dll" id="0eeef75f-6e38-7893-a8fe-cff3e0a970a7">
      <Execution id="c398e371-82f7-43b4-ac67-1e42e9754b2e" />
      <TestMethod codeBase="C:\Users\alena\Desktop\7_sem\testing_and_debugging\SkiResort\BL.Tests\bin\Debug\net6.0\BL.Tests.dll" adapterTypeName="executor://xunit/VsTestRunner2/netcoreapp" className="BL.Tests.UsersServiceTests" name="TestRegisterOk" />
    </UnitTest>
    <UnitTest name="BL.Tests.TurnstilesServiceTest.TestAdminGetTurnstilesAsync(userID: 166, initialTurnstiles: [Turnstile { TurnstileID = 25, LiftID = 176, IsOpen = True }, Turnstile { TurnstileID = 129, LiftID = 211, IsOpen = False }, Turnstile { TurnstileID = 201, LiftID = 142, IsOpen = True }], checkPermissionServiceMock: Mock&lt;ICheckPermissionService:13&gt;, turnstilesRepositoryStub: Mock&lt;ITurnstilesRepository:7&gt;, sut: TurnstilesService { })" storage="c:\users\alena\desktop\7_sem\testing_and_debugging\skiresort\bl.tests\bin\debug\net6.0\bl.tests.dll" id="d0173bf2-9209-31ac-b1cf-e0f6c83cc532">
      <Execution id="299df0e6-eaa3-4860-8335-e2b950df8d04" />
      <TestMethod codeBase="C:\Users\alena\Desktop\7_sem\testing_and_debugging\SkiResort\BL.Tests\bin\Debug\net6.0\BL.Tests.dll" adapterTypeName="executor://xunit/VsTestRunner2/netcoreapp" className="BL.Tests.TurnstilesServiceTest" name="TestAdminGetTurnstilesAsync" />
    </UnitTest>
    <UnitTest name="BL.Tests.SlopesServiceTest.TestGetSlopeInfoAsync(userID: 214, slope: Slope { SlopeID = 30, SlopeName = slopeNamee95c4de8-1147-4af7-96e5-c6df810ab39a, IsOpen = True, DifficultyLevel = 71, ConnectedLifts =  }, checkPermissionServiceMock: Mock&lt;ICheckPermissionService:6&gt;, slopesRepositoryStub: Mock&lt;ISlopesRepository:4&gt;, liftsSlopesRepositoryStub: Mock&lt;ILiftsSlopesRepository:9&gt;, sut: SlopesService { })" storage="c:\users\alena\desktop\7_sem\testing_and_debugging\skiresort\bl.tests\bin\debug\net6.0\bl.tests.dll" id="6ddb0f8b-5391-2940-bd42-a2ad98a11492">
      <Execution id="d32f5ee8-b5c5-4b57-ae65-52119fa0715e" />
      <TestMethod codeBase="C:\Users\alena\Desktop\7_sem\testing_and_debugging\SkiResort\BL.Tests\bin\Debug\net6.0\BL.Tests.dll" adapterTypeName="executor://xunit/VsTestRunner2/netcoreapp" className="BL.Tests.SlopesServiceTest" name="TestGetSlopeInfoAsync" />
    </UnitTest>
    <UnitTest name="BL.Tests.CheckPermissionsServiceTests.AuthorizedHasAccessToAuthorizedFunctions(functionName: &quot;SendMessageAsync&quot;)" storage="c:\users\alena\desktop\7_sem\testing_and_debugging\skiresort\bl.tests\bin\debug\net6.0\bl.tests.dll" id="644ec43e-70cd-c82d-42e7-0d990be1414d">
      <Execution id="f74418e7-4bc1-479d-9b5a-1965829a4eec" />
      <TestMethod codeBase="C:\Users\alena\Desktop\7_sem\testing_and_debugging\SkiResort\BL.Tests\bin\Debug\net6.0\BL.Tests.dll" adapterTypeName="executor://xunit/VsTestRunner2/netcoreapp" className="BL.Tests.CheckPermissionsServiceTests" name="AuthorizedHasAccessToAuthorizedFunctions" />
    </UnitTest>
    <UnitTest name="BL.Tests.CheckPermissionsServiceTests.UnauthorizedHasNoAccessToAuthorizedFunctions(functionName: &quot;LogOutAsync&quot;)" storage="c:\users\alena\desktop\7_sem\testing_and_debugging\skiresort\bl.tests\bin\debug\net6.0\bl.tests.dll" id="fa960c5e-f989-2880-784e-8efe538c5231">
      <Execution id="3b9a6032-4054-42a6-b8fe-c9726a07c38a" />
      <TestMethod codeBase="C:\Users\alena\Desktop\7_sem\testing_and_debugging\SkiResort\BL.Tests\bin\Debug\net6.0\BL.Tests.dll" adapterTypeName="executor://xunit/VsTestRunner2/netcoreapp" className="BL.Tests.CheckPermissionsServiceTests" name="UnauthorizedHasNoAccessToAuthorizedFunctions" />
    </UnitTest>
    <UnitTest name="BL.Tests.CheckPermissionsServiceTests.UnauthorizedHasNoAccessToAuthorizedFunctions(functionName: &quot;SendMessageAsync&quot;)" storage="c:\users\alena\desktop\7_sem\testing_and_debugging\skiresort\bl.tests\bin\debug\net6.0\bl.tests.dll" id="eaabd2fc-2f4b-5689-59c8-c7ad34a8f634">
      <Execution id="caec8444-9323-4014-8dba-38b5b9671201" />
      <TestMethod codeBase="C:\Users\alena\Desktop\7_sem\testing_and_debugging\SkiResort\BL.Tests\bin\Debug\net6.0\BL.Tests.dll" adapterTypeName="executor://xunit/VsTestRunner2/netcoreapp" className="BL.Tests.CheckPermissionsServiceTests" name="UnauthorizedHasNoAccessToAuthorizedFunctions" />
    </UnitTest>
    <UnitTest name="BL.Tests.UsersServiceTests.TestRegisterUserWithRepeatedEmail" storage="c:\users\alena\desktop\7_sem\testing_and_debugging\skiresort\bl.tests\bin\debug\net6.0\bl.tests.dll" id="894941c1-bfa7-d8f9-c047-1e1ceefe2c2f">
      <Execution id="f76f5088-3b4f-40cc-a7b9-43cfdddd6926" />
      <TestMethod codeBase="C:\Users\alena\Desktop\7_sem\testing_and_debugging\SkiResort\BL.Tests\bin\Debug\net6.0\BL.Tests.dll" adapterTypeName="executor://xunit/VsTestRunner2/netcoreapp" className="BL.Tests.UsersServiceTests" name="TestRegisterUserWithRepeatedEmail" />
    </UnitTest>
    <UnitTest name="BL.Tests.SlopesServiceTest.TestAdminAddAutoIncrementSlopeAsync(userID: 75, slope: Slope { SlopeID = 41, SlopeName = slopeName406e465c-6a9d-414b-a0e4-23fef2a80d4d, IsOpen = True, DifficultyLevel = 98, ConnectedLifts =  }, checkPermissionServiceMock: Mock&lt;ICheckPermissionService:10&gt;, slopesRepositoryStub: Mock&lt;ISlopesRepository:8&gt;, sut: SlopesService { })" storage="c:\users\alena\desktop\7_sem\testing_and_debugging\skiresort\bl.tests\bin\debug\net6.0\bl.tests.dll" id="b19a0163-9df5-aa3f-bff6-ffd2e8ded3f6">
      <Execution id="901bd563-90e9-4d01-8349-d984db5cab03" />
      <TestMethod codeBase="C:\Users\alena\Desktop\7_sem\testing_and_debugging\SkiResort\BL.Tests\bin\Debug\net6.0\BL.Tests.dll" adapterTypeName="executor://xunit/VsTestRunner2/netcoreapp" className="BL.Tests.SlopesServiceTest" name="TestAdminAddAutoIncrementSlopeAsync" />
    </UnitTest>
    <UnitTest name="BL.Tests.LiftsServiceTest.TestAdminDeleteLiftAsync(userID: 140, lift: Lift { LiftID = 214, LiftName = liftNamef50f5066-884e-41cf-bd89-c30444f1bd3e, IsOpen = True, SeatsAmount = 199, LiftingTime = 250, QueueTime = 19, ConnectedSlopes =  }, checkPermissionServiceMock: Mock&lt;ICheckPermissionService:4&gt;, liftsRepositoryStub: Mock&lt;ILiftsRepository:4&gt;, liftsSlopesRepositoryStub: Mock&lt;ILiftsSlopesRepository:4&gt;, sut: LiftsService { })" storage="c:\users\alena\desktop\7_sem\testing_and_debugging\skiresort\bl.tests\bin\debug\net6.0\bl.tests.dll" id="2c70422f-d2c5-0215-e1be-57fb0f26788a">
      <Execution id="9829921c-8962-4376-8b96-9df0f704acb7" />
      <TestMethod codeBase="C:\Users\alena\Desktop\7_sem\testing_and_debugging\SkiResort\BL.Tests\bin\Debug\net6.0\BL.Tests.dll" adapterTypeName="executor://xunit/VsTestRunner2/netcoreapp" className="BL.Tests.LiftsServiceTest" name="TestAdminDeleteLiftAsync" />
    </UnitTest>
    <UnitTest name="BL.Tests.UsersServiceTests.TestRegisterUserWithNoEmail" storage="c:\users\alena\desktop\7_sem\testing_and_debugging\skiresort\bl.tests\bin\debug\net6.0\bl.tests.dll" id="8184bd30-991c-b78d-b4ec-99a485eac0dd">
      <Execution id="c4dc65f7-5959-41aa-9222-817882a98d38" />
      <TestMethod codeBase="C:\Users\alena\Desktop\7_sem\testing_and_debugging\SkiResort\BL.Tests\bin\Debug\net6.0\BL.Tests.dll" adapterTypeName="executor://xunit/VsTestRunner2/netcoreapp" className="BL.Tests.UsersServiceTests" name="TestRegisterUserWithNoEmail" />
    </UnitTest>
  </TestDefinitions>
  <TestEntries>
    <TestEntry testId="a2e59116-cb53-1d70-9cb8-21c286516866" executionId="fb122859-496c-4957-86ce-0b898fe0a3ea" testListId="8c84fa94-04c1-424b-9868-57a2d4851a1d" />
    <TestEntry testId="4f297306-d4f3-8d63-e7f4-1ac0b8c58c74" executionId="f1f5b788-e19a-4731-847e-80c6062a8cd1" testListId="8c84fa94-04c1-424b-9868-57a2d4851a1d" />
    <TestEntry testId="69340bb6-3645-f9dd-971e-29d8b2a009bb" executionId="db07b376-7df6-4a06-bf5f-9e519e7d5b0f" testListId="8c84fa94-04c1-424b-9868-57a2d4851a1d" />
    <TestEntry testId="55f4b34e-e90c-15ba-56f9-3caff433d690" executionId="f0ec65ce-4c29-41f4-827b-9ae3bc698a08" testListId="8c84fa94-04c1-424b-9868-57a2d4851a1d" />
    <TestEntry testId="a19a5fcf-c5d2-7d44-5d7d-84403042f4e0" executionId="414c371c-6ff4-452d-b767-e024482a324b" testListId="8c84fa94-04c1-424b-9868-57a2d4851a1d" />
    <TestEntry testId="9c7df5e2-1b23-ebea-889f-b78ca86b60ab" executionId="7fd97e8e-cf13-4fde-aa40-4efa3cb3f9a5" testListId="8c84fa94-04c1-424b-9868-57a2d4851a1d" />
    <TestEntry testId="c36970dc-93f7-753e-fa47-157133b01644" executionId="9568d79d-1170-4b9f-a056-127d7129bdbf" testListId="8c84fa94-04c1-424b-9868-57a2d4851a1d" />
    <TestEntry testId="2c70422f-d2c5-0215-e1be-57fb0f26788a" executionId="9829921c-8962-4376-8b96-9df0f704acb7" testListId="8c84fa94-04c1-424b-9868-57a2d4851a1d" />
    <TestEntry testId="87d29278-b40b-ce9f-b049-430cc0c740d8" executionId="99c807ee-cdf0-4517-a17b-05b2be7579cb" testListId="8c84fa94-04c1-424b-9868-57a2d4851a1d" />
    <TestEntry testId="bcd977e6-f68e-efee-64cc-3af2e23d523b" executionId="3e31ade5-fc58-466c-b334-9b9146ad073e" testListId="8c84fa94-04c1-424b-9868-57a2d4851a1d" />
    <TestEntry testId="adbbaf3a-aa20-17f1-6cdb-db4c285dde3e" executionId="5dab537c-be5f-4317-86f2-9eea48b5c942" testListId="8c84fa94-04c1-424b-9868-57a2d4851a1d" />
    <TestEntry testId="b19a0163-9df5-aa3f-bff6-ffd2e8ded3f6" executionId="901bd563-90e9-4d01-8349-d984db5cab03" testListId="8c84fa94-04c1-424b-9868-57a2d4851a1d" />
    <TestEntry testId="fa960c5e-f989-2880-784e-8efe538c5231" executionId="3b9a6032-4054-42a6-b8fe-c9726a07c38a" testListId="8c84fa94-04c1-424b-9868-57a2d4851a1d" />
    <TestEntry testId="18fa8c62-e27d-e1fc-8182-4d7db62b008d" executionId="90f1ec26-726a-46db-a719-e9e3d458481d" testListId="8c84fa94-04c1-424b-9868-57a2d4851a1d" />
    <TestEntry testId="3216ac93-6dca-dec3-1e97-8c216649c74c" executionId="b6097fe1-5468-45d3-8a43-61112db96893" testListId="8c84fa94-04c1-424b-9868-57a2d4851a1d" />
    <TestEntry testId="834c739b-eca4-b36d-6a66-5a1bd75377b8" executionId="ad770d76-d260-4cee-900a-520962a9b4d7" testListId="8c84fa94-04c1-424b-9868-57a2d4851a1d" />
    <TestEntry testId="2602613f-c8e2-a6d9-fcf7-5b27d4a770a6" executionId="7a63ada2-a183-4402-b7dd-6e7c026bf08b" testListId="8c84fa94-04c1-424b-9868-57a2d4851a1d" />
    <TestEntry testId="6ddb0f8b-5391-2940-bd42-a2ad98a11492" executionId="d32f5ee8-b5c5-4b57-ae65-52119fa0715e" testListId="8c84fa94-04c1-424b-9868-57a2d4851a1d" />
    <TestEntry testId="0eeef75f-6e38-7893-a8fe-cff3e0a970a7" executionId="c398e371-82f7-43b4-ac67-1e42e9754b2e" testListId="8c84fa94-04c1-424b-9868-57a2d4851a1d" />
    <TestEntry testId="e2d7e5be-3dae-33ae-fb17-c704b6fd58d6" executionId="17e758a0-cb59-42ec-81d3-289ab228c8f4" testListId="8c84fa94-04c1-424b-9868-57a2d4851a1d" />
    <TestEntry testId="c2828d93-6362-5c21-0344-b9780c796969" executionId="023dbb17-e8a1-4a50-aed8-3963277ec19e" testListId="8c84fa94-04c1-424b-9868-57a2d4851a1d" />
    <TestEntry testId="eaabd2fc-2f4b-5689-59c8-c7ad34a8f634" executionId="caec8444-9323-4014-8dba-38b5b9671201" testListId="8c84fa94-04c1-424b-9868-57a2d4851a1d" />
    <TestEntry testId="644ec43e-70cd-c82d-42e7-0d990be1414d" executionId="f74418e7-4bc1-479d-9b5a-1965829a4eec" testListId="8c84fa94-04c1-424b-9868-57a2d4851a1d" />
    <TestEntry testId="2ae68acf-603d-337d-ca7a-aa7cf66aa48b" executionId="0e1782a6-3a48-4801-9ab5-8d2b9cbfd202" testListId="8c84fa94-04c1-424b-9868-57a2d4851a1d" />
    <TestEntry testId="d0173bf2-9209-31ac-b1cf-e0f6c83cc532" executionId="299df0e6-eaa3-4860-8335-e2b950df8d04" testListId="8c84fa94-04c1-424b-9868-57a2d4851a1d" />
    <TestEntry testId="f039421c-a708-7111-9fae-f288e47b0d11" executionId="b8917f4a-b8eb-48be-9d4d-1083dda93ccf" testListId="8c84fa94-04c1-424b-9868-57a2d4851a1d" />
    <TestEntry testId="f564d127-5a8c-1843-3e12-9286a9dcbd93" executionId="c327334d-c526-415b-82ba-65c5f1106d54" testListId="8c84fa94-04c1-424b-9868-57a2d4851a1d" />
    <TestEntry testId="f44a1b21-8efc-bfac-63b4-d534442def31" executionId="687a0848-95dd-48d4-908c-dd5449385659" testListId="8c84fa94-04c1-424b-9868-57a2d4851a1d" />
    <TestEntry testId="e5497347-2721-b7a6-0bd4-69a9921f6947" executionId="949720e3-271b-4600-a5cb-a20e342bdfec" testListId="8c84fa94-04c1-424b-9868-57a2d4851a1d" />
    <TestEntry testId="4c7d2a15-3628-88e0-4d02-d06db17f9d9b" executionId="000edf2f-8ea9-4dd0-8893-55256906d3fe" testListId="8c84fa94-04c1-424b-9868-57a2d4851a1d" />
    <TestEntry testId="0fab9683-d895-5aa8-5770-09a5f5af9464" executionId="8f62850e-23eb-41c9-9acb-537c98c64748" testListId="8c84fa94-04c1-424b-9868-57a2d4851a1d" />
    <TestEntry testId="aa28a6b3-21d3-aa45-24d3-bef2facbc899" executionId="a7720f5b-7a8b-4d71-9db3-3ecd8924ebf8" testListId="8c84fa94-04c1-424b-9868-57a2d4851a1d" />
    <TestEntry testId="06d0bc3a-24a0-fb7f-4277-e9ae6d21c7dd" executionId="ca60a6f5-0ccf-4c12-b75e-eba578c3b8bf" testListId="8c84fa94-04c1-424b-9868-57a2d4851a1d" />
    <TestEntry testId="9706de6f-8f26-9c81-1fbc-3a00df2e6103" executionId="fab0862d-2647-4208-936f-a4cc038b7af4" testListId="8c84fa94-04c1-424b-9868-57a2d4851a1d" />
    <TestEntry testId="9981969c-70c2-4661-04a4-2a49cc6c4b4d" executionId="ef2b22d1-94ce-4a2b-886e-5bf676fe3fcd" testListId="8c84fa94-04c1-424b-9868-57a2d4851a1d" />
    <TestEntry testId="387c9729-48c1-486e-5e67-f5d11a9f0db8" executionId="0f6daf82-338d-44ae-8acd-c057f457e82a" testListId="8c84fa94-04c1-424b-9868-57a2d4851a1d" />
    <TestEntry testId="8184bd30-991c-b78d-b4ec-99a485eac0dd" executionId="c4dc65f7-5959-41aa-9222-817882a98d38" testListId="8c84fa94-04c1-424b-9868-57a2d4851a1d" />
    <TestEntry testId="f3efc418-a8a6-c7b7-9bac-90b33aa8472f" executionId="2aed004a-8727-4a58-811e-9951c63c7007" testListId="8c84fa94-04c1-424b-9868-57a2d4851a1d" />
    <TestEntry testId="20ad8570-0170-85de-dcd7-2f109dd7bcd6" executionId="13fef985-8f28-49ab-a0fc-faabbfcac3df" testListId="8c84fa94-04c1-424b-9868-57a2d4851a1d" />
    <TestEntry testId="5875fab7-ebef-dac4-468b-d1d6a6b7d317" executionId="3b016fa9-2254-4c43-8447-5afedbfd9be9" testListId="8c84fa94-04c1-424b-9868-57a2d4851a1d" />
    <TestEntry testId="492c0393-35b4-df26-a537-21ca08302f3c" executionId="ea8dfc01-0dd6-411e-b6a6-36486f27c3ed" testListId="8c84fa94-04c1-424b-9868-57a2d4851a1d" />
    <TestEntry testId="39be9b5e-0bc4-57dc-37d3-aec6b520299d" executionId="1671c23f-2013-473a-9822-7c083032df5f" testListId="8c84fa94-04c1-424b-9868-57a2d4851a1d" />
    <TestEntry testId="60bd668f-04df-da5e-b79b-5d9aedb5234d" executionId="72866d6e-297d-4793-be44-5c4da3c37daf" testListId="8c84fa94-04c1-424b-9868-57a2d4851a1d" />
    <TestEntry testId="2d706594-f2b3-b3c8-21d4-86c9798c3306" executionId="b97b83e7-c034-486c-8b9f-70169cdb3a59" testListId="8c84fa94-04c1-424b-9868-57a2d4851a1d" />
    <TestEntry testId="894941c1-bfa7-d8f9-c047-1e1ceefe2c2f" executionId="f76f5088-3b4f-40cc-a7b9-43cfdddd6926" testListId="8c84fa94-04c1-424b-9868-57a2d4851a1d" />
    <TestEntry testId="1ca07ad8-f799-c5d4-e7cc-34fd950198a2" executionId="2f2c09e6-b8d3-4e3a-8c6f-39e88693bd52" testListId="8c84fa94-04c1-424b-9868-57a2d4851a1d" />
    <TestEntry testId="229812f5-9a73-5335-11f5-31330d1348a5" executionId="1e9d7776-0532-4b95-a4c8-15a5cd9bc9fc" testListId="8c84fa94-04c1-424b-9868-57a2d4851a1d" />
  </TestEntries>
  <TestLists>
    <TestList name="Список результатов" id="8c84fa94-04c1-424b-9868-57a2d4851a1d" />
    <TestList name="Все загруженные результаты" id="19431567-8539-422a-85d7-44ee4e166bda" />
  </TestLists>
  <ResultSummary outcome="Completed">
    <Counters total="47" executed="47" passed="47" failed="0" error="0" timeout="0" aborted="0" inconclusive="0" passedButRunAborted="0" notRunnable="0" notExecuted="0" disconnected="0" warning="0" completed="0" inProgress="0" pending="0" />
    <Output>
      <StdOut>[xUnit.net 00:00:00.00] xUnit.net VSTest Adapter v2.4.5+1caef2f33e (64-bit .NET 6.0.3)&#xD;
[xUnit.net 00:00:00.44]   Discovering: BL.Tests&#xD;
[xUnit.net 00:00:00.63]   Discovered:  BL.Tests&#xD;
[xUnit.net 00:00:00.64]   Starting:    BL.Tests&#xD;
[xUnit.net 00:00:00.90]   Finished:    BL.Tests&#xD;
</StdOut>
    </Output>
  </ResultSummary>
</TestRun>