<?xml version="1.0" encoding="utf-8"?>
<TestRun id="024666a6-e73d-4b71-aae7-5a8256c19a3d" name="alena@DESKTOP-TJ9D65N 2022-10-10 17:19:56" runUser="DESKTOP-TJ9D65N\alena" xmlns="http://microsoft.com/schemas/VisualStudio/TeamTest/2010">
  <Times creation="2022-10-10T17:19:56.6542291+03:00" queuing="2022-10-10T17:19:56.6542295+03:00" start="2022-10-10T17:19:55.2509423+03:00" finish="2022-10-10T17:19:56.7094489+03:00" />
  <TestSettings name="default" id="73d4a94f-13af-4035-9071-a396deb73acc">
    <Deployment runDeploymentRoot="alena_DESKTOP-TJ9D65N_2022-10-10_17_19_56" />
  </TestSettings>
  <Results>
    <UnitTestResult executionId="e69cef6e-349a-4a5c-9d6f-c97dfcd9d812" testId="1ca07ad8-f799-c5d4-e7cc-34fd950198a2" testName="BL.Tests.UsersServiceTests.TestLogInOk" computerName="DESKTOP-TJ9D65N" duration="00:00:00.0034166" startTime="2022-10-10T17:19:56.6140242+03:00" endTime="2022-10-10T17:19:56.6140243+03:00" testType="13cdc9d9-ddb5-4fa4-a97d-d965ccfc6d4b" outcome="Passed" testListId="8c84fa94-04c1-424b-9868-57a2d4851a1d" relativeResultsDirectory="e69cef6e-349a-4a5c-9d6f-c97dfcd9d812" />
    <UnitTestResult executionId="352ac1ae-5e9e-4dd2-8958-98b73cd32a42" testId="20ad8570-0170-85de-dcd7-2f109dd7bcd6" testName="BL.Tests.UsersServiceTests.TestAdminGetUsers" computerName="DESKTOP-TJ9D65N" duration="00:00:00.0357316" startTime="2022-10-10T17:19:56.5358059+03:00" endTime="2022-10-10T17:19:56.5358060+03:00" testType="13cdc9d9-ddb5-4fa4-a97d-d965ccfc6d4b" outcome="Passed" testListId="8c84fa94-04c1-424b-9868-57a2d4851a1d" relativeResultsDirectory="352ac1ae-5e9e-4dd2-8958-98b73cd32a42" />
    <UnitTestResult executionId="358fc621-8547-49d4-b31f-808a85afa2f5" testId="644ec43e-70cd-c82d-42e7-0d990be1414d" testName="BL.Tests.CheckPermissionsServiceTests.AuthorizedHasAccessToAuthorizedFunctions(functionName: &quot;SendMessageAsync&quot;)" computerName="DESKTOP-TJ9D65N" duration="00:00:00.0026541" startTime="2022-10-10T17:19:56.6202770+03:00" endTime="2022-10-10T17:19:56.6202771+03:00" testType="13cdc9d9-ddb5-4fa4-a97d-d965ccfc6d4b" outcome="Passed" testListId="8c84fa94-04c1-424b-9868-57a2d4851a1d" relativeResultsDirectory="358fc621-8547-49d4-b31f-808a85afa2f5" />
    <UnitTestResult executionId="768c287a-844e-446b-a934-3790b424f414" testId="f3efc418-a8a6-c7b7-9bac-90b33aa8472f" testName="BL.Tests.CheckPermissionsServiceTests.AdminHasAccessToAllFunctions" computerName="DESKTOP-TJ9D65N" duration="00:00:00.0023191" startTime="2022-10-10T17:19:56.6397955+03:00" endTime="2022-10-10T17:19:56.6397956+03:00" testType="13cdc9d9-ddb5-4fa4-a97d-d965ccfc6d4b" outcome="Passed" testListId="8c84fa94-04c1-424b-9868-57a2d4851a1d" relativeResultsDirectory="768c287a-844e-446b-a934-3790b424f414" />
    <UnitTestResult executionId="83de595c-4bf3-4060-bad1-2a849468d859" testId="4f297306-d4f3-8d63-e7f4-1ac0b8c58c74" testName="BL.Tests.CheckPermissionsServiceTests.AuthorizedHasNoAccessToAdminSkiPatrolFunctions(functionName: &quot;GetLiftsSlopesInfoAsync&quot;)" computerName="DESKTOP-TJ9D65N" duration="00:00:00.0009227" startTime="2022-10-10T17:19:56.6148116+03:00" endTime="2022-10-10T17:19:56.6148117+03:00" testType="13cdc9d9-ddb5-4fa4-a97d-d965ccfc6d4b" outcome="Passed" testListId="8c84fa94-04c1-424b-9868-57a2d4851a1d" relativeResultsDirectory="83de595c-4bf3-4060-bad1-2a849468d859" />
    <UnitTestResult executionId="2e2b4a89-8ea3-4847-a2ce-4ecdb466f336" testId="e2d7e5be-3dae-33ae-fb17-c704b6fd58d6" testName="BL.Tests.CheckPermissionsServiceTests.UnauthorizedHasNoAccessToAdminFunctions" computerName="DESKTOP-TJ9D65N" duration="00:00:00.0025391" startTime="2022-10-10T17:19:56.6290483+03:00" endTime="2022-10-10T17:19:56.6290484+03:00" testType="13cdc9d9-ddb5-4fa4-a97d-d965ccfc6d4b" outcome="Passed" testListId="8c84fa94-04c1-424b-9868-57a2d4851a1d" relativeResultsDirectory="2e2b4a89-8ea3-4847-a2ce-4ecdb466f336" />
    <UnitTestResult executionId="89dda276-c12d-4037-b605-33a8f4ee8aa8" testId="1c57533a-f501-9b91-056c-dec41216ddc2" testName="BL.Tests.SlopesServiceTest.TestAdminAddAutoIncrementSlopeAsync(userID: 58, slope: Slope { SlopeID = 176, SlopeName = slopeName0011ef9b-231e-46f3-ae3f-0b273760efe3, IsOpen = True, DifficultyLevel = 245, ConnectedLifts =  }, checkPermissionServiceMock: Mock&lt;ICheckPermissionService:10&gt;, slopesRepositoryStub: Mock&lt;ISlopesRepository:5&gt;, sut: SlopesService { })" computerName="DESKTOP-TJ9D65N" duration="00:00:00.0308295" startTime="2022-10-10T17:19:56.5314476+03:00" endTime="2022-10-10T17:19:56.5314809+03:00" testType="13cdc9d9-ddb5-4fa4-a97d-d965ccfc6d4b" outcome="Passed" testListId="8c84fa94-04c1-424b-9868-57a2d4851a1d" relativeResultsDirectory="89dda276-c12d-4037-b605-33a8f4ee8aa8" />
    <UnitTestResult executionId="79cfe971-8568-40ad-886d-71111133aafc" testId="8184bd30-991c-b78d-b4ec-99a485eac0dd" testName="BL.Tests.UsersServiceTests.TestRegisterUserWithNoEmail" computerName="DESKTOP-TJ9D65N" duration="00:00:00.0026481" startTime="2022-10-10T17:19:56.5620431+03:00" endTime="2022-10-10T17:19:56.5620432+03:00" testType="13cdc9d9-ddb5-4fa4-a97d-d965ccfc6d4b" outcome="Passed" testListId="8c84fa94-04c1-424b-9868-57a2d4851a1d" relativeResultsDirectory="79cfe971-8568-40ad-886d-71111133aafc" />
    <UnitTestResult executionId="53d4045a-c257-4a47-91a8-fc787ee645a0" testId="06d0bc3a-24a0-fb7f-4277-e9ae6d21c7dd" testName="BL.Tests.UsersServiceTests.TestAdminUpdateUser" computerName="DESKTOP-TJ9D65N" duration="00:00:00.0058305" startTime="2022-10-10T17:19:56.6080117+03:00" endTime="2022-10-10T17:19:56.6080118+03:00" testType="13cdc9d9-ddb5-4fa4-a97d-d965ccfc6d4b" outcome="Passed" testListId="8c84fa94-04c1-424b-9868-57a2d4851a1d" relativeResultsDirectory="53d4045a-c257-4a47-91a8-fc787ee645a0" />
    <UnitTestResult executionId="e8deb4e4-deff-400a-bfc2-c18900e24857" testId="69340bb6-3645-f9dd-971e-29d8b2a009bb" testName="BL.Tests.UsersServiceTests.TestLogInWithWrongPassword" computerName="DESKTOP-TJ9D65N" duration="00:00:00.0068377" startTime="2022-10-10T17:19:56.6147270+03:00" endTime="2022-10-10T17:19:56.6147270+03:00" testType="13cdc9d9-ddb5-4fa4-a97d-d965ccfc6d4b" outcome="Passed" testListId="8c84fa94-04c1-424b-9868-57a2d4851a1d" relativeResultsDirectory="e8deb4e4-deff-400a-bfc2-c18900e24857" />
    <UnitTestResult executionId="6f9d45df-db72-46a8-a127-80639c3c725f" testId="0eeef75f-6e38-7893-a8fe-cff3e0a970a7" testName="BL.Tests.UsersServiceTests.TestRegisterOk" computerName="DESKTOP-TJ9D65N" duration="00:00:00.0094877" startTime="2022-10-10T17:19:56.6139104+03:00" endTime="2022-10-10T17:19:56.6139104+03:00" testType="13cdc9d9-ddb5-4fa4-a97d-d965ccfc6d4b" outcome="Passed" testListId="8c84fa94-04c1-424b-9868-57a2d4851a1d" relativeResultsDirectory="6f9d45df-db72-46a8-a127-80639c3c725f" />
    <UnitTestResult executionId="244bf1fb-d0cc-4fec-b9fb-afdac92facda" testId="c36970dc-93f7-753e-fa47-157133b01644" testName="BL.Tests.CheckPermissionsServiceTests.SkiPatrolHasAccessToAdminSkiPatrolFunctions(functionName: &quot;GetMessagesAsync&quot;)" computerName="DESKTOP-TJ9D65N" duration="00:00:00.0007641" startTime="2022-10-10T17:19:56.6137878+03:00" endTime="2022-10-10T17:19:56.6137879+03:00" testType="13cdc9d9-ddb5-4fa4-a97d-d965ccfc6d4b" outcome="Passed" testListId="8c84fa94-04c1-424b-9868-57a2d4851a1d" relativeResultsDirectory="244bf1fb-d0cc-4fec-b9fb-afdac92facda" />
    <UnitTestResult executionId="6023f974-ba8d-403e-9624-f9afb70a52c1" testId="be0d10b3-1da7-ebfc-4edb-57c44a055aaf" testName="BL.Tests.SlopesServiceTest.TestGetSlopeInfoAsync(userID: 229, slope: Slope { SlopeID = 121, SlopeName = slopeNameeb4bd1ad-0d9f-4225-a0dd-378a4103ed4d, IsOpen = True, DifficultyLevel = 19, ConnectedLifts =  }, checkPermissionServiceMock: Mock&lt;ICheckPermissionService:6&gt;, slopesRepositoryStub: Mock&lt;ISlopesRepository:1&gt;, liftsSlopesRepositoryStub: Mock&lt;ILiftsSlopesRepository:6&gt;, sut: SlopesService { })" computerName="DESKTOP-TJ9D65N" duration="00:00:00.0109424" startTime="2022-10-10T17:19:56.6071775+03:00" endTime="2022-10-10T17:19:56.6071776+03:00" testType="13cdc9d9-ddb5-4fa4-a97d-d965ccfc6d4b" outcome="Passed" testListId="8c84fa94-04c1-424b-9868-57a2d4851a1d" relativeResultsDirectory="6023f974-ba8d-403e-9624-f9afb70a52c1" />
    <UnitTestResult executionId="9801ccc0-050d-4b10-9a5a-4db3ed8c682f" testId="60bd668f-04df-da5e-b79b-5d9aedb5234d" testName="BL.Tests.CheckPermissionsServiceTests.SkiPatrolHasAccessToAdminSkiPatrolFunctions(functionName: &quot;MarkMessageReadByUserAsync&quot;)" computerName="DESKTOP-TJ9D65N" duration="00:00:00.0012418" startTime="2022-10-10T17:19:56.6136504+03:00" endTime="2022-10-10T17:19:56.6136506+03:00" testType="13cdc9d9-ddb5-4fa4-a97d-d965ccfc6d4b" outcome="Passed" testListId="8c84fa94-04c1-424b-9868-57a2d4851a1d" relativeResultsDirectory="9801ccc0-050d-4b10-9a5a-4db3ed8c682f" />
    <UnitTestResult executionId="032ae6d1-5690-4d02-bfe8-45d0ec2d40a6" testId="a2e59116-cb53-1d70-9cb8-21c286516866" testName="BL.Tests.CheckPermissionsServiceTests.AuthorizedHasNoAccessToAdminFunctions" computerName="DESKTOP-TJ9D65N" duration="00:00:00.0023971" startTime="2022-10-10T17:19:56.6138922+03:00" endTime="2022-10-10T17:19:56.6138923+03:00" testType="13cdc9d9-ddb5-4fa4-a97d-d965ccfc6d4b" outcome="Passed" testListId="8c84fa94-04c1-424b-9868-57a2d4851a1d" relativeResultsDirectory="032ae6d1-5690-4d02-bfe8-45d0ec2d40a6" />
    <UnitTestResult executionId="9db0b287-05e1-4569-b67c-ea1a6e69c9b6" testId="ef4ba245-d5e4-46e2-e420-3e9459dba087" testName="BL.Tests.SlopesServiceTest.TestAdminAddSlopeAsync(userID: 2, slope: Slope { SlopeID = 254, SlopeName = slopeName9014f517-c89a-466c-a0ac-7696b5708ead, IsOpen = True, DifficultyLevel = 90, ConnectedLifts =  }, checkPermissionServiceMock: Mock&lt;ICheckPermissionService:11&gt;, slopesRepositoryStub: Mock&lt;ISlopesRepository:6&gt;, sut: SlopesService { })" computerName="DESKTOP-TJ9D65N" duration="00:00:00.0040559" startTime="2022-10-10T17:19:56.6078060+03:00" endTime="2022-10-10T17:19:56.6078061+03:00" testType="13cdc9d9-ddb5-4fa4-a97d-d965ccfc6d4b" outcome="Passed" testListId="8c84fa94-04c1-424b-9868-57a2d4851a1d" relativeResultsDirectory="9db0b287-05e1-4569-b67c-ea1a6e69c9b6" />
    <UnitTestResult executionId="694a2900-b63b-4229-afb1-a04a9dc14bb0" testId="2602613f-c8e2-a6d9-fcf7-5b27d4a770a6" testName="BL.Tests.CheckPermissionsServiceTests.AuthorizedHasNoAccessToAdminSkiPatrolFunctions(functionName: &quot;GetMessagesAsync&quot;)" computerName="DESKTOP-TJ9D65N" duration="00:00:00.0028097" startTime="2022-10-10T17:19:56.6140086+03:00" endTime="2022-10-10T17:19:56.6140087+03:00" testType="13cdc9d9-ddb5-4fa4-a97d-d965ccfc6d4b" outcome="Passed" testListId="8c84fa94-04c1-424b-9868-57a2d4851a1d" relativeResultsDirectory="694a2900-b63b-4229-afb1-a04a9dc14bb0" />
    <UnitTestResult executionId="5658e5ea-aaae-4f41-a4b1-f81c706045d8" testId="9c7df5e2-1b23-ebea-889f-b78ca86b60ab" testName="BL.Tests.CheckPermissionsServiceTests.AuthorizedHasNoAccessToAdminSkiPatrolFunctions(functionName: &quot;MarkMessageReadByUserAsync&quot;)" computerName="DESKTOP-TJ9D65N" duration="00:00:00.0012516" startTime="2022-10-10T17:19:56.6146396+03:00" endTime="2022-10-10T17:19:56.6146396+03:00" testType="13cdc9d9-ddb5-4fa4-a97d-d965ccfc6d4b" outcome="Passed" testListId="8c84fa94-04c1-424b-9868-57a2d4851a1d" relativeResultsDirectory="5658e5ea-aaae-4f41-a4b1-f81c706045d8" />
    <UnitTestResult executionId="f8c91e40-f348-4759-b65f-0102cb5a1749" testId="e5497347-2721-b7a6-0bd4-69a9921f6947" testName="BL.Tests.UsersServiceTests.TestAdminGetUserByIDAsync" computerName="DESKTOP-TJ9D65N" duration="00:00:00.0035315" startTime="2022-10-10T17:19:56.6301103+03:00" endTime="2022-10-10T17:19:56.6301104+03:00" testType="13cdc9d9-ddb5-4fa4-a97d-d965ccfc6d4b" outcome="Passed" testListId="8c84fa94-04c1-424b-9868-57a2d4851a1d" relativeResultsDirectory="f8c91e40-f348-4759-b65f-0102cb5a1749" />
    <UnitTestResult executionId="41765e34-db74-4f58-9d11-6c6298ef048b" testId="a6a8ea31-2001-391e-d24b-50a5c23daaea" testName="BL.Tests.SlopesServiceTest.TestGetSlopesInfoAsync(userID: 134, initialSlopes: [Slope { SlopeID = 87, SlopeName = slopeName7be228df-fd65-45e6-853a-e00563fc23a2, IsOpen = True, DifficultyLevel = 55, ConnectedLifts =  }, Slope { SlopeID = 188, SlopeName = slopeName1721245d-9ceb-47e6-bbcb-69213b4a4649, IsOpen = False, DifficultyLevel = 214, ConnectedLifts =  }, Slope { SlopeID = 204, SlopeName = slopeName1a8645e0-f0fe-497e-83e5-78240cd6fc10, IsOpen = True, DifficultyLevel = 43, ConnectedLifts =  }], checkPermissionServiceMock: Mock&lt;ICheckPermissionService:7&gt;, slopesRepositoryStub: Mock&lt;ISlopesRepository:2&gt;, liftsSlopesRepositoryStub: Mock&lt;ILiftsSlopesRepository:7&gt;, sut: SlopesService { })" computerName="DESKTOP-TJ9D65N" duration="00:00:00.0093262" startTime="2022-10-10T17:19:56.6146119+03:00" endTime="2022-10-10T17:19:56.6146119+03:00" testType="13cdc9d9-ddb5-4fa4-a97d-d965ccfc6d4b" outcome="Passed" testListId="8c84fa94-04c1-424b-9868-57a2d4851a1d" relativeResultsDirectory="41765e34-db74-4f58-9d11-6c6298ef048b" />
    <UnitTestResult executionId="bfc4c50a-0b06-4c39-8a96-651cd4921a19" testId="fa960c5e-f989-2880-784e-8efe538c5231" testName="BL.Tests.CheckPermissionsServiceTests.UnauthorizedHasNoAccessToAuthorizedFunctions(functionName: &quot;LogOutAsync&quot;)" computerName="DESKTOP-TJ9D65N" duration="00:00:00.0011898" startTime="2022-10-10T17:19:56.6078368+03:00" endTime="2022-10-10T17:19:56.6078369+03:00" testType="13cdc9d9-ddb5-4fa4-a97d-d965ccfc6d4b" outcome="Passed" testListId="8c84fa94-04c1-424b-9868-57a2d4851a1d" relativeResultsDirectory="bfc4c50a-0b06-4c39-8a96-651cd4921a19" />
    <UnitTestResult executionId="a609e427-9d89-4d0b-9ea5-1c44e0cd1325" testId="a19a5fcf-c5d2-7d44-5d7d-84403042f4e0" testName="BL.Tests.CheckPermissionsServiceTests.UnauthorizedHasNoAccessToAdminSkiPatrolFunctions(functionName: &quot;MarkMessageReadByUserAsync&quot;)" computerName="DESKTOP-TJ9D65N" duration="00:00:00.0289143" startTime="2022-10-10T17:19:56.5357323+03:00" endTime="2022-10-10T17:19:56.5357324+03:00" testType="13cdc9d9-ddb5-4fa4-a97d-d965ccfc6d4b" outcome="Passed" testListId="8c84fa94-04c1-424b-9868-57a2d4851a1d" relativeResultsDirectory="a609e427-9d89-4d0b-9ea5-1c44e0cd1325" />
    <UnitTestResult executionId="87de0c12-bbb4-42fb-9dd9-196fdc4a6a92" testId="0ca06dc7-5db1-c422-07ed-5d78f44c8bdd" testName="BL.Tests.SlopesServiceTest.TestUpdateSlopeInfoAsync(userID: 214, slope: Slope { SlopeID = 37, SlopeName = slopeName2ac9271d-900c-4738-933c-2010e1745a0e, IsOpen = True, DifficultyLevel = 248, ConnectedLifts =  }, checkPermissionServiceMock: Mock&lt;ICheckPermissionService:8&gt;, slopesRepositoryStub: Mock&lt;ISlopesRepository:3&gt;, sut: SlopesService { })" computerName="DESKTOP-TJ9D65N" duration="00:00:00.0061992" startTime="2022-10-10T17:19:56.6080318+03:00" endTime="2022-10-10T17:19:56.6080319+03:00" testType="13cdc9d9-ddb5-4fa4-a97d-d965ccfc6d4b" outcome="Passed" testListId="8c84fa94-04c1-424b-9868-57a2d4851a1d" relativeResultsDirectory="87de0c12-bbb4-42fb-9dd9-196fdc4a6a92" />
    <UnitTestResult executionId="9c9fc170-9423-48ba-ab7b-be87584eeade" testId="229812f5-9a73-5335-11f5-31330d1348a5" testName="BL.Tests.CheckPermissionsServiceTests.UnauthorizedHasNoAccessToAdminSkiPatrolFunctions(functionName: &quot;GetMessagesAsync&quot;)" computerName="DESKTOP-TJ9D65N" duration="00:00:00.0012872" startTime="2022-10-10T17:19:56.5645161+03:00" endTime="2022-10-10T17:19:56.5645162+03:00" testType="13cdc9d9-ddb5-4fa4-a97d-d965ccfc6d4b" outcome="Passed" testListId="8c84fa94-04c1-424b-9868-57a2d4851a1d" relativeResultsDirectory="9c9fc170-9423-48ba-ab7b-be87584eeade" />
    <UnitTestResult executionId="9338d564-9a17-44a7-9c85-ed47a04ba7dd" testId="894941c1-bfa7-d8f9-c047-1e1ceefe2c2f" testName="BL.Tests.UsersServiceTests.TestRegisterUserWithRepeatedEmail" computerName="DESKTOP-TJ9D65N" duration="00:00:00.0035748" startTime="2022-10-10T17:19:56.6077939+03:00" endTime="2022-10-10T17:19:56.6077940+03:00" testType="13cdc9d9-ddb5-4fa4-a97d-d965ccfc6d4b" outcome="Passed" testListId="8c84fa94-04c1-424b-9868-57a2d4851a1d" relativeResultsDirectory="9338d564-9a17-44a7-9c85-ed47a04ba7dd" />
    <UnitTestResult executionId="aa4e7fc5-5d29-4158-8b9a-14924c04655f" testId="e3393061-422f-379c-8a5c-36ef6665b5cf" testName="BL.Tests.LiftsServiceTest.TestGetLiftsInfoAsync(userID: 44, initialLifts: [Lift { LiftID = 37, LiftName = liftNamee20a43e2-53ea-4d67-8da5-7538df4412c6, IsOpen = True, SeatsAmount = 47, LiftingTime = 24, QueueTime = 31, ConnectedSlopes =  }, Lift { LiftID = 153, LiftName = liftName86979c09-e1d3-47b1-8b81-1499337cdee2, IsOpen = False, SeatsAmount = 4, LiftingTime = 242, QueueTime = 10, ConnectedSlopes =  }, Lift { LiftID = 72, LiftName = liftName1304b347-a03a-4d56-8c19-314ab66b4bd2, IsOpen = True, SeatsAmount = 224, LiftingTime = 240, QueueTime = 212, ConnectedSlopes =  }], checkPermissionServiceMock: Mock&lt;ICheckPermissionService:2&gt;, liftsRepositoryStub: Mock&lt;ILiftsRepository:2&gt;, liftsSlopesRepositoryStub: Mock&lt;ILiftsSlopesRepository:2&gt;, sut: LiftsService { })" computerName="DESKTOP-TJ9D65N" duration="00:00:00.0420692" startTime="2022-10-10T17:19:56.6139892+03:00" endTime="2022-10-10T17:19:56.6139892+03:00" testType="13cdc9d9-ddb5-4fa4-a97d-d965ccfc6d4b" outcome="Passed" testListId="8c84fa94-04c1-424b-9868-57a2d4851a1d" relativeResultsDirectory="aa4e7fc5-5d29-4158-8b9a-14924c04655f" />
    <UnitTestResult executionId="08b56d7e-295f-4668-bb7a-be9c19d7cd49" testId="aa28a6b3-21d3-aa45-24d3-bef2facbc899" testName="BL.Tests.CheckPermissionsServiceTests.AuthorizedHasAccessToAuthorizedFunctions(functionName: &quot;LogOutAsync&quot;)" computerName="DESKTOP-TJ9D65N" duration="00:00:00.0008007" startTime="2022-10-10T17:19:56.6239423+03:00" endTime="2022-10-10T17:19:56.6239423+03:00" testType="13cdc9d9-ddb5-4fa4-a97d-d965ccfc6d4b" outcome="Passed" testListId="8c84fa94-04c1-424b-9868-57a2d4851a1d" relativeResultsDirectory="08b56d7e-295f-4668-bb7a-be9c19d7cd49" />
    <UnitTestResult executionId="7b33c381-2c4f-4562-abd4-0952c7dfb067" testId="27cde1d0-e820-9d13-1f48-6db74668a18f" testName="BL.Tests.LiftsServiceTest.TestAdminDeleteLiftAsync(userID: 213, lift: Lift { LiftID = 128, LiftName = liftName06d95d68-a125-41fa-9cc4-40e5a9e1e247, IsOpen = True, SeatsAmount = 152, LiftingTime = 252, QueueTime = 245, ConnectedSlopes =  }, checkPermissionServiceMock: Mock&lt;ICheckPermissionService:4&gt;, liftsRepositoryStub: Mock&lt;ILiftsRepository:4&gt;, liftsSlopesRepositoryStub: Mock&lt;ILiftsSlopesRepository:4&gt;, sut: LiftsService { })" computerName="DESKTOP-TJ9D65N" duration="00:00:00.0082241" startTime="2022-10-10T17:19:56.6281105+03:00" endTime="2022-10-10T17:19:56.6281106+03:00" testType="13cdc9d9-ddb5-4fa4-a97d-d965ccfc6d4b" outcome="Passed" testListId="8c84fa94-04c1-424b-9868-57a2d4851a1d" relativeResultsDirectory="7b33c381-2c4f-4562-abd4-0952c7dfb067" />
    <UnitTestResult executionId="439280e1-ebef-4638-bb7f-717ab2421efd" testId="492c0393-35b4-df26-a537-21ca08302f3c" testName="BL.Tests.CheckPermissionsServiceTests.SkiPatrolHasNoAccessToAdminFunctions" computerName="DESKTOP-TJ9D65N" duration="00:00:00.0022359" startTime="2022-10-10T17:19:56.6344620+03:00" endTime="2022-10-10T17:19:56.6344621+03:00" testType="13cdc9d9-ddb5-4fa4-a97d-d965ccfc6d4b" outcome="Passed" testListId="8c84fa94-04c1-424b-9868-57a2d4851a1d" relativeResultsDirectory="439280e1-ebef-4638-bb7f-717ab2421efd" />
    <UnitTestResult executionId="83d21655-30a7-473b-81b7-965903c5e023" testId="eaabd2fc-2f4b-5689-59c8-c7ad34a8f634" testName="BL.Tests.CheckPermissionsServiceTests.UnauthorizedHasNoAccessToAuthorizedFunctions(functionName: &quot;SendMessageAsync&quot;)" computerName="DESKTOP-TJ9D65N" duration="00:00:00.0024557" startTime="2022-10-10T17:19:56.6077556+03:00" endTime="2022-10-10T17:19:56.6077556+03:00" testType="13cdc9d9-ddb5-4fa4-a97d-d965ccfc6d4b" outcome="Passed" testListId="8c84fa94-04c1-424b-9868-57a2d4851a1d" relativeResultsDirectory="83d21655-30a7-473b-81b7-965903c5e023" />
    <UnitTestResult executionId="a4c094fc-5691-4cbd-b759-853bcf82bb65" testId="e89e7696-7e9b-3c8f-4731-63cb69a1981c" testName="BL.Tests.LiftsServiceTest.TestUpdateLiftInfoAsync(userID: 39, lift: Lift { LiftID = 64, LiftName = liftName3aaaf3a9-9f1f-4f3b-b9bf-b34e53f166e5, IsOpen = True, SeatsAmount = 172, LiftingTime = 50, QueueTime = 178, ConnectedSlopes =  }, checkPermissionServiceMock: Mock&lt;ICheckPermissionService:3&gt;, liftsRepositoryStub: Mock&lt;ILiftsRepository:3&gt;, sut: LiftsService { })" computerName="DESKTOP-TJ9D65N" duration="00:00:00.0119138" startTime="2022-10-10T17:19:56.6169512+03:00" endTime="2022-10-10T17:19:56.6169513+03:00" testType="13cdc9d9-ddb5-4fa4-a97d-d965ccfc6d4b" outcome="Passed" testListId="8c84fa94-04c1-424b-9868-57a2d4851a1d" relativeResultsDirectory="a4c094fc-5691-4cbd-b759-853bcf82bb65" />
    <UnitTestResult executionId="569afaae-51e2-410c-b0ec-c660a38e1950" testId="aa0d9282-b26c-004e-26cd-bbb2845ee282" testName="BL.Tests.LiftsServiceTest.TestAdminAddAutoIncrementLiftAsync(userID: 181, lift: Lift { LiftID = 204, LiftName = liftName4425f31c-0e17-4fd8-9b20-d435b97e24cc, IsOpen = True, SeatsAmount = 63, LiftingTime = 149, QueueTime = 27, ConnectedSlopes =  }, checkPermissionServiceMock: Mock&lt;ICheckPermissionService:5&gt;, liftsRepositoryStub: Mock&lt;ILiftsRepository:5&gt;, sut: LiftsService { })" computerName="DESKTOP-TJ9D65N" duration="00:00:00.0308838" startTime="2022-10-10T17:19:56.5357682+03:00" endTime="2022-10-10T17:19:56.5357682+03:00" testType="13cdc9d9-ddb5-4fa4-a97d-d965ccfc6d4b" outcome="Passed" testListId="8c84fa94-04c1-424b-9868-57a2d4851a1d" relativeResultsDirectory="569afaae-51e2-410c-b0ec-c660a38e1950" />
    <UnitTestResult executionId="5be3bd3d-c809-40ea-b433-d426dd142da7" testId="2d706594-f2b3-b3c8-21d4-86c9798c3306" testName="BL.Tests.CheckPermissionsServiceTests.SkiPatrolHasAccessToAdminSkiPatrolFunctions(functionName: &quot;GetLiftsSlopesInfoAsync&quot;)" computerName="DESKTOP-TJ9D65N" duration="00:00:00.0031349" startTime="2022-10-10T17:19:56.6079890+03:00" endTime="2022-10-10T17:19:56.6079890+03:00" testType="13cdc9d9-ddb5-4fa4-a97d-d965ccfc6d4b" outcome="Passed" testListId="8c84fa94-04c1-424b-9868-57a2d4851a1d" relativeResultsDirectory="5be3bd3d-c809-40ea-b433-d426dd142da7" />
    <UnitTestResult executionId="d3c44576-c0fb-4b10-92e8-d2f60d7fd35a" testId="834c739b-eca4-b36d-6a66-5a1bd75377b8" testName="BL.Tests.UsersServiceTests.TestAdminAddAutoIncrementUser" computerName="DESKTOP-TJ9D65N" duration="00:00:00.0063440" startTime="2022-10-10T17:19:56.6238964+03:00" endTime="2022-10-10T17:19:56.6238965+03:00" testType="13cdc9d9-ddb5-4fa4-a97d-d965ccfc6d4b" outcome="Passed" testListId="8c84fa94-04c1-424b-9868-57a2d4851a1d" relativeResultsDirectory="d3c44576-c0fb-4b10-92e8-d2f60d7fd35a" />
    <UnitTestResult executionId="7fe64ca6-b29f-4f0a-bd9f-eafc9a6c3f43" testId="12d1e038-9f4a-a480-3d26-e29f92416250" testName="BL.Tests.SlopesServiceTest.TestAdminDeleteSlopeAsync(userID: 51, slope: Slope { SlopeID = 72, SlopeName = slopeName3b68c9fa-4350-4571-a94b-0ec7998cb769, IsOpen = True, DifficultyLevel = 253, ConnectedLifts =  }, checkPermissionServiceMock: Mock&lt;ICheckPermissionService:9&gt;, slopesRepositoryStub: Mock&lt;ISlopesRepository:4&gt;, liftsSlopesRepositoryStub: Mock&lt;ILiftsSlopesRepository:9&gt;, sut: SlopesService { })" computerName="DESKTOP-TJ9D65N" duration="00:00:00.0050584" startTime="2022-10-10T17:19:56.6138081+03:00" endTime="2022-10-10T17:19:56.6138081+03:00" testType="13cdc9d9-ddb5-4fa4-a97d-d965ccfc6d4b" outcome="Passed" testListId="8c84fa94-04c1-424b-9868-57a2d4851a1d" relativeResultsDirectory="7fe64ca6-b29f-4f0a-bd9f-eafc9a6c3f43" />
    <UnitTestResult executionId="e86e63fb-e4b1-42f9-963d-578b59da8f64" testId="387c9729-48c1-486e-5e67-f5d11a9f0db8" testName="BL.Tests.CheckPermissionsServiceTests.UnauthorizedHasNoAccessToAdminSkiPatrolFunctions(functionName: &quot;GetLiftsSlopesInfoAsync&quot;)" computerName="DESKTOP-TJ9D65N" duration="00:00:00.0013040" startTime="2022-10-10T17:19:56.5605912+03:00" endTime="2022-10-10T17:19:56.5605914+03:00" testType="13cdc9d9-ddb5-4fa4-a97d-d965ccfc6d4b" outcome="Passed" testListId="8c84fa94-04c1-424b-9868-57a2d4851a1d" relativeResultsDirectory="e86e63fb-e4b1-42f9-963d-578b59da8f64" />
    <UnitTestResult executionId="ba91a321-4dc4-4689-b225-2e6771e095b5" testId="18fa8c62-e27d-e1fc-8182-4d7db62b008d" testName="BL.Tests.UsersServiceTests.TestAdminDeleteUser" computerName="DESKTOP-TJ9D65N" duration="00:00:00.0022352" startTime="2022-10-10T17:19:56.6352628+03:00" endTime="2022-10-10T17:19:56.6352629+03:00" testType="13cdc9d9-ddb5-4fa4-a97d-d965ccfc6d4b" outcome="Passed" testListId="8c84fa94-04c1-424b-9868-57a2d4851a1d" relativeResultsDirectory="ba91a321-4dc4-4689-b225-2e6771e095b5" />
    <UnitTestResult executionId="ef82358e-7439-4c01-9e18-801a32d298b1" testId="f44a1b21-8efc-bfac-63b4-d534442def31" testName="BL.Tests.UsersServiceTests.TestRegisterUserWithNoPassword" computerName="DESKTOP-TJ9D65N" duration="00:00:00.0058100" startTime="2022-10-10T17:19:56.6075541+03:00" endTime="2022-10-10T17:19:56.6075542+03:00" testType="13cdc9d9-ddb5-4fa4-a97d-d965ccfc6d4b" outcome="Passed" testListId="8c84fa94-04c1-424b-9868-57a2d4851a1d" relativeResultsDirectory="ef82358e-7439-4c01-9e18-801a32d298b1" />
    <UnitTestResult executionId="fcfbb0b4-c221-4b9a-85ae-6f38025fdeb0" testId="89a90046-88f0-b02f-1baf-22eb929cc463" testName="BL.Tests.LiftsServiceTest.TestGetLiftInfoAsync(userID: 73, lift: Lift { LiftID = 137, LiftName = liftName5900cb3f-4c5e-4cec-953a-a2f337a7e05a, IsOpen = True, SeatsAmount = 58, LiftingTime = 138, QueueTime = 136, ConnectedSlopes =  }, checkPermissionServiceMock: Mock&lt;ICheckPermissionService:1&gt;, liftsRepositoryStub: Mock&lt;ILiftsRepository:1&gt;, liftsSlopesRepositoryStub: Mock&lt;ILiftsSlopesRepository:1&gt;, sut: LiftsService { })" computerName="DESKTOP-TJ9D65N" duration="00:00:00.0052932" startTime="2022-10-10T17:19:56.6364966+03:00" endTime="2022-10-10T17:19:56.6364968+03:00" testType="13cdc9d9-ddb5-4fa4-a97d-d965ccfc6d4b" outcome="Passed" testListId="8c84fa94-04c1-424b-9868-57a2d4851a1d" relativeResultsDirectory="fcfbb0b4-c221-4b9a-85ae-6f38025fdeb0" />
  </Results>
  <TestDefinitions>
    <UnitTest name="BL.Tests.CheckPermissionsServiceTests.AuthorizedHasNoAccessToAdminSkiPatrolFunctions(functionName: &quot;MarkMessageReadByUserAsync&quot;)" storage="c:\users\alena\desktop\7_sem\testing_and_debugging\skiresort\bl.tests\bin\debug\net6.0\bl.tests.dll" id="9c7df5e2-1b23-ebea-889f-b78ca86b60ab">
      <Execution id="5658e5ea-aaae-4f41-a4b1-f81c706045d8" />
      <TestMethod codeBase="C:\Users\alena\Desktop\7_sem\testing_and_debugging\SkiResort\BL.Tests\bin\Debug\net6.0\BL.Tests.dll" adapterTypeName="executor://xunit/VsTestRunner2/netcoreapp" className="BL.Tests.CheckPermissionsServiceTests" name="AuthorizedHasNoAccessToAdminSkiPatrolFunctions" />
    </UnitTest>
    <UnitTest name="BL.Tests.CheckPermissionsServiceTests.UnauthorizedHasNoAccessToAdminSkiPatrolFunctions(functionName: &quot;MarkMessageReadByUserAsync&quot;)" storage="c:\users\alena\desktop\7_sem\testing_and_debugging\skiresort\bl.tests\bin\debug\net6.0\bl.tests.dll" id="a19a5fcf-c5d2-7d44-5d7d-84403042f4e0">
      <Execution id="a609e427-9d89-4d0b-9ea5-1c44e0cd1325" />
      <TestMethod codeBase="C:\Users\alena\Desktop\7_sem\testing_and_debugging\SkiResort\BL.Tests\bin\Debug\net6.0\BL.Tests.dll" adapterTypeName="executor://xunit/VsTestRunner2/netcoreapp" className="BL.Tests.CheckPermissionsServiceTests" name="UnauthorizedHasNoAccessToAdminSkiPatrolFunctions" />
    </UnitTest>
    <UnitTest name="BL.Tests.SlopesServiceTest.TestGetSlopeInfoAsync(userID: 229, slope: Slope { SlopeID = 121, SlopeName = slopeNameeb4bd1ad-0d9f-4225-a0dd-378a4103ed4d, IsOpen = True, DifficultyLevel = 19, ConnectedLifts =  }, checkPermissionServiceMock: Mock&lt;ICheckPermissionService:6&gt;, slopesRepositoryStub: Mock&lt;ISlopesRepository:1&gt;, liftsSlopesRepositoryStub: Mock&lt;ILiftsSlopesRepository:6&gt;, sut: SlopesService { })" storage="c:\users\alena\desktop\7_sem\testing_and_debugging\skiresort\bl.tests\bin\debug\net6.0\bl.tests.dll" id="be0d10b3-1da7-ebfc-4edb-57c44a055aaf">
      <Execution id="6023f974-ba8d-403e-9624-f9afb70a52c1" />
      <TestMethod codeBase="C:\Users\alena\Desktop\7_sem\testing_and_debugging\SkiResort\BL.Tests\bin\Debug\net6.0\BL.Tests.dll" adapterTypeName="executor://xunit/VsTestRunner2/netcoreapp" className="BL.Tests.SlopesServiceTest" name="TestGetSlopeInfoAsync" />
    </UnitTest>
    <UnitTest name="BL.Tests.CheckPermissionsServiceTests.AuthorizedHasNoAccessToAdminFunctions" storage="c:\users\alena\desktop\7_sem\testing_and_debugging\skiresort\bl.tests\bin\debug\net6.0\bl.tests.dll" id="a2e59116-cb53-1d70-9cb8-21c286516866">
      <Execution id="032ae6d1-5690-4d02-bfe8-45d0ec2d40a6" />
      <TestMethod codeBase="C:\Users\alena\Desktop\7_sem\testing_and_debugging\SkiResort\BL.Tests\bin\Debug\net6.0\BL.Tests.dll" adapterTypeName="executor://xunit/VsTestRunner2/netcoreapp" className="BL.Tests.CheckPermissionsServiceTests" name="AuthorizedHasNoAccessToAdminFunctions" />
    </UnitTest>
    <UnitTest name="BL.Tests.CheckPermissionsServiceTests.SkiPatrolHasAccessToAdminSkiPatrolFunctions(functionName: &quot;GetMessagesAsync&quot;)" storage="c:\users\alena\desktop\7_sem\testing_and_debugging\skiresort\bl.tests\bin\debug\net6.0\bl.tests.dll" id="c36970dc-93f7-753e-fa47-157133b01644">
      <Execution id="244bf1fb-d0cc-4fec-b9fb-afdac92facda" />
      <TestMethod codeBase="C:\Users\alena\Desktop\7_sem\testing_and_debugging\SkiResort\BL.Tests\bin\Debug\net6.0\BL.Tests.dll" adapterTypeName="executor://xunit/VsTestRunner2/netcoreapp" className="BL.Tests.CheckPermissionsServiceTests" name="SkiPatrolHasAccessToAdminSkiPatrolFunctions" />
    </UnitTest>
    <UnitTest name="BL.Tests.CheckPermissionsServiceTests.AuthorizedHasNoAccessToAdminSkiPatrolFunctions(functionName: &quot;GetMessagesAsync&quot;)" storage="c:\users\alena\desktop\7_sem\testing_and_debugging\skiresort\bl.tests\bin\debug\net6.0\bl.tests.dll" id="2602613f-c8e2-a6d9-fcf7-5b27d4a770a6">
      <Execution id="694a2900-b63b-4229-afb1-a04a9dc14bb0" />
      <TestMethod codeBase="C:\Users\alena\Desktop\7_sem\testing_and_debugging\SkiResort\BL.Tests\bin\Debug\net6.0\BL.Tests.dll" adapterTypeName="executor://xunit/VsTestRunner2/netcoreapp" className="BL.Tests.CheckPermissionsServiceTests" name="AuthorizedHasNoAccessToAdminSkiPatrolFunctions" />
    </UnitTest>
    <UnitTest name="BL.Tests.CheckPermissionsServiceTests.AdminHasAccessToAllFunctions" storage="c:\users\alena\desktop\7_sem\testing_and_debugging\skiresort\bl.tests\bin\debug\net6.0\bl.tests.dll" id="f3efc418-a8a6-c7b7-9bac-90b33aa8472f">
      <Execution id="768c287a-844e-446b-a934-3790b424f414" />
      <TestMethod codeBase="C:\Users\alena\Desktop\7_sem\testing_and_debugging\SkiResort\BL.Tests\bin\Debug\net6.0\BL.Tests.dll" adapterTypeName="executor://xunit/VsTestRunner2/netcoreapp" className="BL.Tests.CheckPermissionsServiceTests" name="AdminHasAccessToAllFunctions" />
    </UnitTest>
    <UnitTest name="BL.Tests.UsersServiceTests.TestRegisterUserWithNoPassword" storage="c:\users\alena\desktop\7_sem\testing_and_debugging\skiresort\bl.tests\bin\debug\net6.0\bl.tests.dll" id="f44a1b21-8efc-bfac-63b4-d534442def31">
      <Execution id="ef82358e-7439-4c01-9e18-801a32d298b1" />
      <TestMethod codeBase="C:\Users\alena\Desktop\7_sem\testing_and_debugging\SkiResort\BL.Tests\bin\Debug\net6.0\BL.Tests.dll" adapterTypeName="executor://xunit/VsTestRunner2/netcoreapp" className="BL.Tests.UsersServiceTests" name="TestRegisterUserWithNoPassword" />
    </UnitTest>
    <UnitTest name="BL.Tests.LiftsServiceTest.TestGetLiftInfoAsync(userID: 73, lift: Lift { LiftID = 137, LiftName = liftName5900cb3f-4c5e-4cec-953a-a2f337a7e05a, IsOpen = True, SeatsAmount = 58, LiftingTime = 138, QueueTime = 136, ConnectedSlopes =  }, checkPermissionServiceMock: Mock&lt;ICheckPermissionService:1&gt;, liftsRepositoryStub: Mock&lt;ILiftsRepository:1&gt;, liftsSlopesRepositoryStub: Mock&lt;ILiftsSlopesRepository:1&gt;, sut: LiftsService { })" storage="c:\users\alena\desktop\7_sem\testing_and_debugging\skiresort\bl.tests\bin\debug\net6.0\bl.tests.dll" id="89a90046-88f0-b02f-1baf-22eb929cc463">
      <Execution id="fcfbb0b4-c221-4b9a-85ae-6f38025fdeb0" />
      <TestMethod codeBase="C:\Users\alena\Desktop\7_sem\testing_and_debugging\SkiResort\BL.Tests\bin\Debug\net6.0\BL.Tests.dll" adapterTypeName="executor://xunit/VsTestRunner2/netcoreapp" className="BL.Tests.LiftsServiceTest" name="TestGetLiftInfoAsync" />
    </UnitTest>
    <UnitTest name="BL.Tests.UsersServiceTests.TestAdminGetUserByIDAsync" storage="c:\users\alena\desktop\7_sem\testing_and_debugging\skiresort\bl.tests\bin\debug\net6.0\bl.tests.dll" id="e5497347-2721-b7a6-0bd4-69a9921f6947">
      <Execution id="f8c91e40-f348-4759-b65f-0102cb5a1749" />
      <TestMethod codeBase="C:\Users\alena\Desktop\7_sem\testing_and_debugging\SkiResort\BL.Tests\bin\Debug\net6.0\BL.Tests.dll" adapterTypeName="executor://xunit/VsTestRunner2/netcoreapp" className="BL.Tests.UsersServiceTests" name="TestAdminGetUserByIDAsync" />
    </UnitTest>
    <UnitTest name="BL.Tests.LiftsServiceTest.TestGetLiftsInfoAsync(userID: 44, initialLifts: [Lift { LiftID = 37, LiftName = liftNamee20a43e2-53ea-4d67-8da5-7538df4412c6, IsOpen = True, SeatsAmount = 47, LiftingTime = 24, QueueTime = 31, ConnectedSlopes =  }, Lift { LiftID = 153, LiftName = liftName86979c09-e1d3-47b1-8b81-1499337cdee2, IsOpen = False, SeatsAmount = 4, LiftingTime = 242, QueueTime = 10, ConnectedSlopes =  }, Lift { LiftID = 72, LiftName = lift..." storage="c:\users\alena\desktop\7_sem\testing_and_debugging\skiresort\bl.tests\bin\debug\net6.0\bl.tests.dll" id="e3393061-422f-379c-8a5c-36ef6665b5cf">
      <Execution id="aa4e7fc5-5d29-4158-8b9a-14924c04655f" />
      <TestMethod codeBase="C:\Users\alena\Desktop\7_sem\testing_and_debugging\SkiResort\BL.Tests\bin\Debug\net6.0\BL.Tests.dll" adapterTypeName="executor://xunit/VsTestRunner2/netcoreapp" className="BL.Tests.LiftsServiceTest" name="TestGetLiftsInfoAsync" />
    </UnitTest>
    <UnitTest name="BL.Tests.CheckPermissionsServiceTests.UnauthorizedHasNoAccessToAdminSkiPatrolFunctions(functionName: &quot;GetLiftsSlopesInfoAsync&quot;)" storage="c:\users\alena\desktop\7_sem\testing_and_debugging\skiresort\bl.tests\bin\debug\net6.0\bl.tests.dll" id="387c9729-48c1-486e-5e67-f5d11a9f0db8">
      <Execution id="e86e63fb-e4b1-42f9-963d-578b59da8f64" />
      <TestMethod codeBase="C:\Users\alena\Desktop\7_sem\testing_and_debugging\SkiResort\BL.Tests\bin\Debug\net6.0\BL.Tests.dll" adapterTypeName="executor://xunit/VsTestRunner2/netcoreapp" className="BL.Tests.CheckPermissionsServiceTests" name="UnauthorizedHasNoAccessToAdminSkiPatrolFunctions" />
    </UnitTest>
    <UnitTest name="BL.Tests.UsersServiceTests.TestAdminAddAutoIncrementUser" storage="c:\users\alena\desktop\7_sem\testing_and_debugging\skiresort\bl.tests\bin\debug\net6.0\bl.tests.dll" id="834c739b-eca4-b36d-6a66-5a1bd75377b8">
      <Execution id="d3c44576-c0fb-4b10-92e8-d2f60d7fd35a" />
      <TestMethod codeBase="C:\Users\alena\Desktop\7_sem\testing_and_debugging\SkiResort\BL.Tests\bin\Debug\net6.0\BL.Tests.dll" adapterTypeName="executor://xunit/VsTestRunner2/netcoreapp" className="BL.Tests.UsersServiceTests" name="TestAdminAddAutoIncrementUser" />
    </UnitTest>
    <UnitTest name="BL.Tests.CheckPermissionsServiceTests.SkiPatrolHasAccessToAdminSkiPatrolFunctions(functionName: &quot;MarkMessageReadByUserAsync&quot;)" storage="c:\users\alena\desktop\7_sem\testing_and_debugging\skiresort\bl.tests\bin\debug\net6.0\bl.tests.dll" id="60bd668f-04df-da5e-b79b-5d9aedb5234d">
      <Execution id="9801ccc0-050d-4b10-9a5a-4db3ed8c682f" />
      <TestMethod codeBase="C:\Users\alena\Desktop\7_sem\testing_and_debugging\SkiResort\BL.Tests\bin\Debug\net6.0\BL.Tests.dll" adapterTypeName="executor://xunit/VsTestRunner2/netcoreapp" className="BL.Tests.CheckPermissionsServiceTests" name="SkiPatrolHasAccessToAdminSkiPatrolFunctions" />
    </UnitTest>
    <UnitTest name="BL.Tests.CheckPermissionsServiceTests.UnauthorizedHasNoAccessToAdminFunctions" storage="c:\users\alena\desktop\7_sem\testing_and_debugging\skiresort\bl.tests\bin\debug\net6.0\bl.tests.dll" id="e2d7e5be-3dae-33ae-fb17-c704b6fd58d6">
      <Execution id="2e2b4a89-8ea3-4847-a2ce-4ecdb466f336" />
      <TestMethod codeBase="C:\Users\alena\Desktop\7_sem\testing_and_debugging\SkiResort\BL.Tests\bin\Debug\net6.0\BL.Tests.dll" adapterTypeName="executor://xunit/VsTestRunner2/netcoreapp" className="BL.Tests.CheckPermissionsServiceTests" name="UnauthorizedHasNoAccessToAdminFunctions" />
    </UnitTest>
    <UnitTest name="BL.Tests.CheckPermissionsServiceTests.SkiPatrolHasAccessToAdminSkiPatrolFunctions(functionName: &quot;GetLiftsSlopesInfoAsync&quot;)" storage="c:\users\alena\desktop\7_sem\testing_and_debugging\skiresort\bl.tests\bin\debug\net6.0\bl.tests.dll" id="2d706594-f2b3-b3c8-21d4-86c9798c3306">
      <Execution id="5be3bd3d-c809-40ea-b433-d426dd142da7" />
      <TestMethod codeBase="C:\Users\alena\Desktop\7_sem\testing_and_debugging\SkiResort\BL.Tests\bin\Debug\net6.0\BL.Tests.dll" adapterTypeName="executor://xunit/VsTestRunner2/netcoreapp" className="BL.Tests.CheckPermissionsServiceTests" name="SkiPatrolHasAccessToAdminSkiPatrolFunctions" />
    </UnitTest>
    <UnitTest name="BL.Tests.UsersServiceTests.TestLogInWithWrongPassword" storage="c:\users\alena\desktop\7_sem\testing_and_debugging\skiresort\bl.tests\bin\debug\net6.0\bl.tests.dll" id="69340bb6-3645-f9dd-971e-29d8b2a009bb">
      <Execution id="e8deb4e4-deff-400a-bfc2-c18900e24857" />
      <TestMethod codeBase="C:\Users\alena\Desktop\7_sem\testing_and_debugging\SkiResort\BL.Tests\bin\Debug\net6.0\BL.Tests.dll" adapterTypeName="executor://xunit/VsTestRunner2/netcoreapp" className="BL.Tests.UsersServiceTests" name="TestLogInWithWrongPassword" />
    </UnitTest>
    <UnitTest name="BL.Tests.CheckPermissionsServiceTests.SkiPatrolHasNoAccessToAdminFunctions" storage="c:\users\alena\desktop\7_sem\testing_and_debugging\skiresort\bl.tests\bin\debug\net6.0\bl.tests.dll" id="492c0393-35b4-df26-a537-21ca08302f3c">
      <Execution id="439280e1-ebef-4638-bb7f-717ab2421efd" />
      <TestMethod codeBase="C:\Users\alena\Desktop\7_sem\testing_and_debugging\SkiResort\BL.Tests\bin\Debug\net6.0\BL.Tests.dll" adapterTypeName="executor://xunit/VsTestRunner2/netcoreapp" className="BL.Tests.CheckPermissionsServiceTests" name="SkiPatrolHasNoAccessToAdminFunctions" />
    </UnitTest>
    <UnitTest name="BL.Tests.UsersServiceTests.TestAdminDeleteUser" storage="c:\users\alena\desktop\7_sem\testing_and_debugging\skiresort\bl.tests\bin\debug\net6.0\bl.tests.dll" id="18fa8c62-e27d-e1fc-8182-4d7db62b008d">
      <Execution id="ba91a321-4dc4-4689-b225-2e6771e095b5" />
      <TestMethod codeBase="C:\Users\alena\Desktop\7_sem\testing_and_debugging\SkiResort\BL.Tests\bin\Debug\net6.0\BL.Tests.dll" adapterTypeName="executor://xunit/VsTestRunner2/netcoreapp" className="BL.Tests.UsersServiceTests" name="TestAdminDeleteUser" />
    </UnitTest>
    <UnitTest name="BL.Tests.LiftsServiceTest.TestAdminDeleteLiftAsync(userID: 213, lift: Lift { LiftID = 128, LiftName = liftName06d95d68-a125-41fa-9cc4-40e5a9e1e247, IsOpen = True, SeatsAmount = 152, LiftingTime = 252, QueueTime = 245, ConnectedSlopes =  }, checkPermissionServiceMock: Mock&lt;ICheckPermissionService:4&gt;, liftsRepositoryStub: Mock&lt;ILiftsRepository:4&gt;, liftsSlopesRepositoryStub: Mock&lt;ILiftsSlopesRepository:4&gt;, sut: LiftsService { })" storage="c:\users\alena\desktop\7_sem\testing_and_debugging\skiresort\bl.tests\bin\debug\net6.0\bl.tests.dll" id="27cde1d0-e820-9d13-1f48-6db74668a18f">
      <Execution id="7b33c381-2c4f-4562-abd4-0952c7dfb067" />
      <TestMethod codeBase="C:\Users\alena\Desktop\7_sem\testing_and_debugging\SkiResort\BL.Tests\bin\Debug\net6.0\BL.Tests.dll" adapterTypeName="executor://xunit/VsTestRunner2/netcoreapp" className="BL.Tests.LiftsServiceTest" name="TestAdminDeleteLiftAsync" />
    </UnitTest>
    <UnitTest name="BL.Tests.CheckPermissionsServiceTests.AuthorizedHasAccessToAuthorizedFunctions(functionName: &quot;LogOutAsync&quot;)" storage="c:\users\alena\desktop\7_sem\testing_and_debugging\skiresort\bl.tests\bin\debug\net6.0\bl.tests.dll" id="aa28a6b3-21d3-aa45-24d3-bef2facbc899">
      <Execution id="08b56d7e-295f-4668-bb7a-be9c19d7cd49" />
      <TestMethod codeBase="C:\Users\alena\Desktop\7_sem\testing_and_debugging\SkiResort\BL.Tests\bin\Debug\net6.0\BL.Tests.dll" adapterTypeName="executor://xunit/VsTestRunner2/netcoreapp" className="BL.Tests.CheckPermissionsServiceTests" name="AuthorizedHasAccessToAuthorizedFunctions" />
    </UnitTest>
    <UnitTest name="BL.Tests.UsersServiceTests.TestAdminUpdateUser" storage="c:\users\alena\desktop\7_sem\testing_and_debugging\skiresort\bl.tests\bin\debug\net6.0\bl.tests.dll" id="06d0bc3a-24a0-fb7f-4277-e9ae6d21c7dd">
      <Execution id="53d4045a-c257-4a47-91a8-fc787ee645a0" />
      <TestMethod codeBase="C:\Users\alena\Desktop\7_sem\testing_and_debugging\SkiResort\BL.Tests\bin\Debug\net6.0\BL.Tests.dll" adapterTypeName="executor://xunit/VsTestRunner2/netcoreapp" className="BL.Tests.UsersServiceTests" name="TestAdminUpdateUser" />
    </UnitTest>
    <UnitTest name="BL.Tests.UsersServiceTests.TestLogInOk" storage="c:\users\alena\desktop\7_sem\testing_and_debugging\skiresort\bl.tests\bin\debug\net6.0\bl.tests.dll" id="1ca07ad8-f799-c5d4-e7cc-34fd950198a2">
      <Execution id="e69cef6e-349a-4a5c-9d6f-c97dfcd9d812" />
      <TestMethod codeBase="C:\Users\alena\Desktop\7_sem\testing_and_debugging\SkiResort\BL.Tests\bin\Debug\net6.0\BL.Tests.dll" adapterTypeName="executor://xunit/VsTestRunner2/netcoreapp" className="BL.Tests.UsersServiceTests" name="TestLogInOk" />
    </UnitTest>
    <UnitTest name="BL.Tests.UsersServiceTests.TestAdminGetUsers" storage="c:\users\alena\desktop\7_sem\testing_and_debugging\skiresort\bl.tests\bin\debug\net6.0\bl.tests.dll" id="20ad8570-0170-85de-dcd7-2f109dd7bcd6">
      <Execution id="352ac1ae-5e9e-4dd2-8958-98b73cd32a42" />
      <TestMethod codeBase="C:\Users\alena\Desktop\7_sem\testing_and_debugging\SkiResort\BL.Tests\bin\Debug\net6.0\BL.Tests.dll" adapterTypeName="executor://xunit/VsTestRunner2/netcoreapp" className="BL.Tests.UsersServiceTests" name="TestAdminGetUsers" />
    </UnitTest>
    <UnitTest name="BL.Tests.SlopesServiceTest.TestUpdateSlopeInfoAsync(userID: 214, slope: Slope { SlopeID = 37, SlopeName = slopeName2ac9271d-900c-4738-933c-2010e1745a0e, IsOpen = True, DifficultyLevel = 248, ConnectedLifts =  }, checkPermissionServiceMock: Mock&lt;ICheckPermissionService:8&gt;, slopesRepositoryStub: Mock&lt;ISlopesRepository:3&gt;, sut: SlopesService { })" storage="c:\users\alena\desktop\7_sem\testing_and_debugging\skiresort\bl.tests\bin\debug\net6.0\bl.tests.dll" id="0ca06dc7-5db1-c422-07ed-5d78f44c8bdd">
      <Execution id="87de0c12-bbb4-42fb-9dd9-196fdc4a6a92" />
      <TestMethod codeBase="C:\Users\alena\Desktop\7_sem\testing_and_debugging\SkiResort\BL.Tests\bin\Debug\net6.0\BL.Tests.dll" adapterTypeName="executor://xunit/VsTestRunner2/netcoreapp" className="BL.Tests.SlopesServiceTest" name="TestUpdateSlopeInfoAsync" />
    </UnitTest>
    <UnitTest name="BL.Tests.CheckPermissionsServiceTests.UnauthorizedHasNoAccessToAdminSkiPatrolFunctions(functionName: &quot;GetMessagesAsync&quot;)" storage="c:\users\alena\desktop\7_sem\testing_and_debugging\skiresort\bl.tests\bin\debug\net6.0\bl.tests.dll" id="229812f5-9a73-5335-11f5-31330d1348a5">
      <Execution id="9c9fc170-9423-48ba-ab7b-be87584eeade" />
      <TestMethod codeBase="C:\Users\alena\Desktop\7_sem\testing_and_debugging\SkiResort\BL.Tests\bin\Debug\net6.0\BL.Tests.dll" adapterTypeName="executor://xunit/VsTestRunner2/netcoreapp" className="BL.Tests.CheckPermissionsServiceTests" name="UnauthorizedHasNoAccessToAdminSkiPatrolFunctions" />
    </UnitTest>
    <UnitTest name="BL.Tests.CheckPermissionsServiceTests.AuthorizedHasNoAccessToAdminSkiPatrolFunctions(functionName: &quot;GetLiftsSlopesInfoAsync&quot;)" storage="c:\users\alena\desktop\7_sem\testing_and_debugging\skiresort\bl.tests\bin\debug\net6.0\bl.tests.dll" id="4f297306-d4f3-8d63-e7f4-1ac0b8c58c74">
      <Execution id="83de595c-4bf3-4060-bad1-2a849468d859" />
      <TestMethod codeBase="C:\Users\alena\Desktop\7_sem\testing_and_debugging\SkiResort\BL.Tests\bin\Debug\net6.0\BL.Tests.dll" adapterTypeName="executor://xunit/VsTestRunner2/netcoreapp" className="BL.Tests.CheckPermissionsServiceTests" name="AuthorizedHasNoAccessToAdminSkiPatrolFunctions" />
    </UnitTest>
    <UnitTest name="BL.Tests.UsersServiceTests.TestRegisterOk" storage="c:\users\alena\desktop\7_sem\testing_and_debugging\skiresort\bl.tests\bin\debug\net6.0\bl.tests.dll" id="0eeef75f-6e38-7893-a8fe-cff3e0a970a7">
      <Execution id="6f9d45df-db72-46a8-a127-80639c3c725f" />
      <TestMethod codeBase="C:\Users\alena\Desktop\7_sem\testing_and_debugging\SkiResort\BL.Tests\bin\Debug\net6.0\BL.Tests.dll" adapterTypeName="executor://xunit/VsTestRunner2/netcoreapp" className="BL.Tests.UsersServiceTests" name="TestRegisterOk" />
    </UnitTest>
    <UnitTest name="BL.Tests.CheckPermissionsServiceTests.AuthorizedHasAccessToAuthorizedFunctions(functionName: &quot;SendMessageAsync&quot;)" storage="c:\users\alena\desktop\7_sem\testing_and_debugging\skiresort\bl.tests\bin\debug\net6.0\bl.tests.dll" id="644ec43e-70cd-c82d-42e7-0d990be1414d">
      <Execution id="358fc621-8547-49d4-b31f-808a85afa2f5" />
      <TestMethod codeBase="C:\Users\alena\Desktop\7_sem\testing_and_debugging\SkiResort\BL.Tests\bin\Debug\net6.0\BL.Tests.dll" adapterTypeName="executor://xunit/VsTestRunner2/netcoreapp" className="BL.Tests.CheckPermissionsServiceTests" name="AuthorizedHasAccessToAuthorizedFunctions" />
    </UnitTest>
    <UnitTest name="BL.Tests.CheckPermissionsServiceTests.UnauthorizedHasNoAccessToAuthorizedFunctions(functionName: &quot;LogOutAsync&quot;)" storage="c:\users\alena\desktop\7_sem\testing_and_debugging\skiresort\bl.tests\bin\debug\net6.0\bl.tests.dll" id="fa960c5e-f989-2880-784e-8efe538c5231">
      <Execution id="bfc4c50a-0b06-4c39-8a96-651cd4921a19" />
      <TestMethod codeBase="C:\Users\alena\Desktop\7_sem\testing_and_debugging\SkiResort\BL.Tests\bin\Debug\net6.0\BL.Tests.dll" adapterTypeName="executor://xunit/VsTestRunner2/netcoreapp" className="BL.Tests.CheckPermissionsServiceTests" name="UnauthorizedHasNoAccessToAuthorizedFunctions" />
    </UnitTest>
    <UnitTest name="BL.Tests.CheckPermissionsServiceTests.UnauthorizedHasNoAccessToAuthorizedFunctions(functionName: &quot;SendMessageAsync&quot;)" storage="c:\users\alena\desktop\7_sem\testing_and_debugging\skiresort\bl.tests\bin\debug\net6.0\bl.tests.dll" id="eaabd2fc-2f4b-5689-59c8-c7ad34a8f634">
      <Execution id="83d21655-30a7-473b-81b7-965903c5e023" />
      <TestMethod codeBase="C:\Users\alena\Desktop\7_sem\testing_and_debugging\SkiResort\BL.Tests\bin\Debug\net6.0\BL.Tests.dll" adapterTypeName="executor://xunit/VsTestRunner2/netcoreapp" className="BL.Tests.CheckPermissionsServiceTests" name="UnauthorizedHasNoAccessToAuthorizedFunctions" />
    </UnitTest>
    <UnitTest name="BL.Tests.SlopesServiceTest.TestGetSlopesInfoAsync(userID: 134, initialSlopes: [Slope { SlopeID = 87, SlopeName = slopeName7be228df-fd65-45e6-853a-e00563fc23a2, IsOpen = True, DifficultyLevel = 55, ConnectedLifts =  }, Slope { SlopeID = 188, SlopeName = slopeName1721245d-9ceb-47e6-bbcb-69213b4a4649, IsOpen = False, DifficultyLevel = 214, ConnectedLifts =  }, Slope { SlopeID = 204, SlopeName = slopeName1a8645e0-f0fe-497e-83e5-78240cd6fc10, Is..." storage="c:\users\alena\desktop\7_sem\testing_and_debugging\skiresort\bl.tests\bin\debug\net6.0\bl.tests.dll" id="a6a8ea31-2001-391e-d24b-50a5c23daaea">
      <Execution id="41765e34-db74-4f58-9d11-6c6298ef048b" />
      <TestMethod codeBase="C:\Users\alena\Desktop\7_sem\testing_and_debugging\SkiResort\BL.Tests\bin\Debug\net6.0\BL.Tests.dll" adapterTypeName="executor://xunit/VsTestRunner2/netcoreapp" className="BL.Tests.SlopesServiceTest" name="TestGetSlopesInfoAsync" />
    </UnitTest>
    <UnitTest name="BL.Tests.SlopesServiceTest.TestAdminDeleteSlopeAsync(userID: 51, slope: Slope { SlopeID = 72, SlopeName = slopeName3b68c9fa-4350-4571-a94b-0ec7998cb769, IsOpen = True, DifficultyLevel = 253, ConnectedLifts =  }, checkPermissionServiceMock: Mock&lt;ICheckPermissionService:9&gt;, slopesRepositoryStub: Mock&lt;ISlopesRepository:4&gt;, liftsSlopesRepositoryStub: Mock&lt;ILiftsSlopesRepository:9&gt;, sut: SlopesService { })" storage="c:\users\alena\desktop\7_sem\testing_and_debugging\skiresort\bl.tests\bin\debug\net6.0\bl.tests.dll" id="12d1e038-9f4a-a480-3d26-e29f92416250">
      <Execution id="7fe64ca6-b29f-4f0a-bd9f-eafc9a6c3f43" />
      <TestMethod codeBase="C:\Users\alena\Desktop\7_sem\testing_and_debugging\SkiResort\BL.Tests\bin\Debug\net6.0\BL.Tests.dll" adapterTypeName="executor://xunit/VsTestRunner2/netcoreapp" className="BL.Tests.SlopesServiceTest" name="TestAdminDeleteSlopeAsync" />
    </UnitTest>
    <UnitTest name="BL.Tests.UsersServiceTests.TestRegisterUserWithRepeatedEmail" storage="c:\users\alena\desktop\7_sem\testing_and_debugging\skiresort\bl.tests\bin\debug\net6.0\bl.tests.dll" id="894941c1-bfa7-d8f9-c047-1e1ceefe2c2f">
      <Execution id="9338d564-9a17-44a7-9c85-ed47a04ba7dd" />
      <TestMethod codeBase="C:\Users\alena\Desktop\7_sem\testing_and_debugging\SkiResort\BL.Tests\bin\Debug\net6.0\BL.Tests.dll" adapterTypeName="executor://xunit/VsTestRunner2/netcoreapp" className="BL.Tests.UsersServiceTests" name="TestRegisterUserWithRepeatedEmail" />
    </UnitTest>
    <UnitTest name="BL.Tests.LiftsServiceTest.TestAdminAddAutoIncrementLiftAsync(userID: 181, lift: Lift { LiftID = 204, LiftName = liftName4425f31c-0e17-4fd8-9b20-d435b97e24cc, IsOpen = True, SeatsAmount = 63, LiftingTime = 149, QueueTime = 27, ConnectedSlopes =  }, checkPermissionServiceMock: Mock&lt;ICheckPermissionService:5&gt;, liftsRepositoryStub: Mock&lt;ILiftsRepository:5&gt;, sut: LiftsService { })" storage="c:\users\alena\desktop\7_sem\testing_and_debugging\skiresort\bl.tests\bin\debug\net6.0\bl.tests.dll" id="aa0d9282-b26c-004e-26cd-bbb2845ee282">
      <Execution id="569afaae-51e2-410c-b0ec-c660a38e1950" />
      <TestMethod codeBase="C:\Users\alena\Desktop\7_sem\testing_and_debugging\SkiResort\BL.Tests\bin\Debug\net6.0\BL.Tests.dll" adapterTypeName="executor://xunit/VsTestRunner2/netcoreapp" className="BL.Tests.LiftsServiceTest" name="TestAdminAddAutoIncrementLiftAsync" />
    </UnitTest>
    <UnitTest name="BL.Tests.SlopesServiceTest.TestAdminAddAutoIncrementSlopeAsync(userID: 58, slope: Slope { SlopeID = 176, SlopeName = slopeName0011ef9b-231e-46f3-ae3f-0b273760efe3, IsOpen = True, DifficultyLevel = 245, ConnectedLifts =  }, checkPermissionServiceMock: Mock&lt;ICheckPermissionService:10&gt;, slopesRepositoryStub: Mock&lt;ISlopesRepository:5&gt;, sut: SlopesService { })" storage="c:\users\alena\desktop\7_sem\testing_and_debugging\skiresort\bl.tests\bin\debug\net6.0\bl.tests.dll" id="1c57533a-f501-9b91-056c-dec41216ddc2">
      <Execution id="89dda276-c12d-4037-b605-33a8f4ee8aa8" />
      <TestMethod codeBase="C:\Users\alena\Desktop\7_sem\testing_and_debugging\SkiResort\BL.Tests\bin\Debug\net6.0\BL.Tests.dll" adapterTypeName="executor://xunit/VsTestRunner2/netcoreapp" className="BL.Tests.SlopesServiceTest" name="TestAdminAddAutoIncrementSlopeAsync" />
    </UnitTest>
    <UnitTest name="BL.Tests.UsersServiceTests.TestRegisterUserWithNoEmail" storage="c:\users\alena\desktop\7_sem\testing_and_debugging\skiresort\bl.tests\bin\debug\net6.0\bl.tests.dll" id="8184bd30-991c-b78d-b4ec-99a485eac0dd">
      <Execution id="79cfe971-8568-40ad-886d-71111133aafc" />
      <TestMethod codeBase="C:\Users\alena\Desktop\7_sem\testing_and_debugging\SkiResort\BL.Tests\bin\Debug\net6.0\BL.Tests.dll" adapterTypeName="executor://xunit/VsTestRunner2/netcoreapp" className="BL.Tests.UsersServiceTests" name="TestRegisterUserWithNoEmail" />
    </UnitTest>
    <UnitTest name="BL.Tests.LiftsServiceTest.TestUpdateLiftInfoAsync(userID: 39, lift: Lift { LiftID = 64, LiftName = liftName3aaaf3a9-9f1f-4f3b-b9bf-b34e53f166e5, IsOpen = True, SeatsAmount = 172, LiftingTime = 50, QueueTime = 178, ConnectedSlopes =  }, checkPermissionServiceMock: Mock&lt;ICheckPermissionService:3&gt;, liftsRepositoryStub: Mock&lt;ILiftsRepository:3&gt;, sut: LiftsService { })" storage="c:\users\alena\desktop\7_sem\testing_and_debugging\skiresort\bl.tests\bin\debug\net6.0\bl.tests.dll" id="e89e7696-7e9b-3c8f-4731-63cb69a1981c">
      <Execution id="a4c094fc-5691-4cbd-b759-853bcf82bb65" />
      <TestMethod codeBase="C:\Users\alena\Desktop\7_sem\testing_and_debugging\SkiResort\BL.Tests\bin\Debug\net6.0\BL.Tests.dll" adapterTypeName="executor://xunit/VsTestRunner2/netcoreapp" className="BL.Tests.LiftsServiceTest" name="TestUpdateLiftInfoAsync" />
    </UnitTest>
    <UnitTest name="BL.Tests.SlopesServiceTest.TestAdminAddSlopeAsync(userID: 2, slope: Slope { SlopeID = 254, SlopeName = slopeName9014f517-c89a-466c-a0ac-7696b5708ead, IsOpen = True, DifficultyLevel = 90, ConnectedLifts =  }, checkPermissionServiceMock: Mock&lt;ICheckPermissionService:11&gt;, slopesRepositoryStub: Mock&lt;ISlopesRepository:6&gt;, sut: SlopesService { })" storage="c:\users\alena\desktop\7_sem\testing_and_debugging\skiresort\bl.tests\bin\debug\net6.0\bl.tests.dll" id="ef4ba245-d5e4-46e2-e420-3e9459dba087">
      <Execution id="9db0b287-05e1-4569-b67c-ea1a6e69c9b6" />
      <TestMethod codeBase="C:\Users\alena\Desktop\7_sem\testing_and_debugging\SkiResort\BL.Tests\bin\Debug\net6.0\BL.Tests.dll" adapterTypeName="executor://xunit/VsTestRunner2/netcoreapp" className="BL.Tests.SlopesServiceTest" name="TestAdminAddSlopeAsync" />
    </UnitTest>
  </TestDefinitions>
  <TestEntries>
    <TestEntry testId="1ca07ad8-f799-c5d4-e7cc-34fd950198a2" executionId="e69cef6e-349a-4a5c-9d6f-c97dfcd9d812" testListId="8c84fa94-04c1-424b-9868-57a2d4851a1d" />
    <TestEntry testId="20ad8570-0170-85de-dcd7-2f109dd7bcd6" executionId="352ac1ae-5e9e-4dd2-8958-98b73cd32a42" testListId="8c84fa94-04c1-424b-9868-57a2d4851a1d" />
    <TestEntry testId="644ec43e-70cd-c82d-42e7-0d990be1414d" executionId="358fc621-8547-49d4-b31f-808a85afa2f5" testListId="8c84fa94-04c1-424b-9868-57a2d4851a1d" />
    <TestEntry testId="f3efc418-a8a6-c7b7-9bac-90b33aa8472f" executionId="768c287a-844e-446b-a934-3790b424f414" testListId="8c84fa94-04c1-424b-9868-57a2d4851a1d" />
    <TestEntry testId="4f297306-d4f3-8d63-e7f4-1ac0b8c58c74" executionId="83de595c-4bf3-4060-bad1-2a849468d859" testListId="8c84fa94-04c1-424b-9868-57a2d4851a1d" />
    <TestEntry testId="e2d7e5be-3dae-33ae-fb17-c704b6fd58d6" executionId="2e2b4a89-8ea3-4847-a2ce-4ecdb466f336" testListId="8c84fa94-04c1-424b-9868-57a2d4851a1d" />
    <TestEntry testId="1c57533a-f501-9b91-056c-dec41216ddc2" executionId="89dda276-c12d-4037-b605-33a8f4ee8aa8" testListId="8c84fa94-04c1-424b-9868-57a2d4851a1d" />
    <TestEntry testId="8184bd30-991c-b78d-b4ec-99a485eac0dd" executionId="79cfe971-8568-40ad-886d-71111133aafc" testListId="8c84fa94-04c1-424b-9868-57a2d4851a1d" />
    <TestEntry testId="06d0bc3a-24a0-fb7f-4277-e9ae6d21c7dd" executionId="53d4045a-c257-4a47-91a8-fc787ee645a0" testListId="8c84fa94-04c1-424b-9868-57a2d4851a1d" />
    <TestEntry testId="69340bb6-3645-f9dd-971e-29d8b2a009bb" executionId="e8deb4e4-deff-400a-bfc2-c18900e24857" testListId="8c84fa94-04c1-424b-9868-57a2d4851a1d" />
    <TestEntry testId="0eeef75f-6e38-7893-a8fe-cff3e0a970a7" executionId="6f9d45df-db72-46a8-a127-80639c3c725f" testListId="8c84fa94-04c1-424b-9868-57a2d4851a1d" />
    <TestEntry testId="c36970dc-93f7-753e-fa47-157133b01644" executionId="244bf1fb-d0cc-4fec-b9fb-afdac92facda" testListId="8c84fa94-04c1-424b-9868-57a2d4851a1d" />
    <TestEntry testId="be0d10b3-1da7-ebfc-4edb-57c44a055aaf" executionId="6023f974-ba8d-403e-9624-f9afb70a52c1" testListId="8c84fa94-04c1-424b-9868-57a2d4851a1d" />
    <TestEntry testId="60bd668f-04df-da5e-b79b-5d9aedb5234d" executionId="9801ccc0-050d-4b10-9a5a-4db3ed8c682f" testListId="8c84fa94-04c1-424b-9868-57a2d4851a1d" />
    <TestEntry testId="a2e59116-cb53-1d70-9cb8-21c286516866" executionId="032ae6d1-5690-4d02-bfe8-45d0ec2d40a6" testListId="8c84fa94-04c1-424b-9868-57a2d4851a1d" />
    <TestEntry testId="ef4ba245-d5e4-46e2-e420-3e9459dba087" executionId="9db0b287-05e1-4569-b67c-ea1a6e69c9b6" testListId="8c84fa94-04c1-424b-9868-57a2d4851a1d" />
    <TestEntry testId="2602613f-c8e2-a6d9-fcf7-5b27d4a770a6" executionId="694a2900-b63b-4229-afb1-a04a9dc14bb0" testListId="8c84fa94-04c1-424b-9868-57a2d4851a1d" />
    <TestEntry testId="9c7df5e2-1b23-ebea-889f-b78ca86b60ab" executionId="5658e5ea-aaae-4f41-a4b1-f81c706045d8" testListId="8c84fa94-04c1-424b-9868-57a2d4851a1d" />
    <TestEntry testId="e5497347-2721-b7a6-0bd4-69a9921f6947" executionId="f8c91e40-f348-4759-b65f-0102cb5a1749" testListId="8c84fa94-04c1-424b-9868-57a2d4851a1d" />
    <TestEntry testId="a6a8ea31-2001-391e-d24b-50a5c23daaea" executionId="41765e34-db74-4f58-9d11-6c6298ef048b" testListId="8c84fa94-04c1-424b-9868-57a2d4851a1d" />
    <TestEntry testId="fa960c5e-f989-2880-784e-8efe538c5231" executionId="bfc4c50a-0b06-4c39-8a96-651cd4921a19" testListId="8c84fa94-04c1-424b-9868-57a2d4851a1d" />
    <TestEntry testId="a19a5fcf-c5d2-7d44-5d7d-84403042f4e0" executionId="a609e427-9d89-4d0b-9ea5-1c44e0cd1325" testListId="8c84fa94-04c1-424b-9868-57a2d4851a1d" />
    <TestEntry testId="0ca06dc7-5db1-c422-07ed-5d78f44c8bdd" executionId="87de0c12-bbb4-42fb-9dd9-196fdc4a6a92" testListId="8c84fa94-04c1-424b-9868-57a2d4851a1d" />
    <TestEntry testId="229812f5-9a73-5335-11f5-31330d1348a5" executionId="9c9fc170-9423-48ba-ab7b-be87584eeade" testListId="8c84fa94-04c1-424b-9868-57a2d4851a1d" />
    <TestEntry testId="894941c1-bfa7-d8f9-c047-1e1ceefe2c2f" executionId="9338d564-9a17-44a7-9c85-ed47a04ba7dd" testListId="8c84fa94-04c1-424b-9868-57a2d4851a1d" />
    <TestEntry testId="e3393061-422f-379c-8a5c-36ef6665b5cf" executionId="aa4e7fc5-5d29-4158-8b9a-14924c04655f" testListId="8c84fa94-04c1-424b-9868-57a2d4851a1d" />
    <TestEntry testId="aa28a6b3-21d3-aa45-24d3-bef2facbc899" executionId="08b56d7e-295f-4668-bb7a-be9c19d7cd49" testListId="8c84fa94-04c1-424b-9868-57a2d4851a1d" />
    <TestEntry testId="27cde1d0-e820-9d13-1f48-6db74668a18f" executionId="7b33c381-2c4f-4562-abd4-0952c7dfb067" testListId="8c84fa94-04c1-424b-9868-57a2d4851a1d" />
    <TestEntry testId="492c0393-35b4-df26-a537-21ca08302f3c" executionId="439280e1-ebef-4638-bb7f-717ab2421efd" testListId="8c84fa94-04c1-424b-9868-57a2d4851a1d" />
    <TestEntry testId="eaabd2fc-2f4b-5689-59c8-c7ad34a8f634" executionId="83d21655-30a7-473b-81b7-965903c5e023" testListId="8c84fa94-04c1-424b-9868-57a2d4851a1d" />
    <TestEntry testId="e89e7696-7e9b-3c8f-4731-63cb69a1981c" executionId="a4c094fc-5691-4cbd-b759-853bcf82bb65" testListId="8c84fa94-04c1-424b-9868-57a2d4851a1d" />
    <TestEntry testId="aa0d9282-b26c-004e-26cd-bbb2845ee282" executionId="569afaae-51e2-410c-b0ec-c660a38e1950" testListId="8c84fa94-04c1-424b-9868-57a2d4851a1d" />
    <TestEntry testId="2d706594-f2b3-b3c8-21d4-86c9798c3306" executionId="5be3bd3d-c809-40ea-b433-d426dd142da7" testListId="8c84fa94-04c1-424b-9868-57a2d4851a1d" />
    <TestEntry testId="834c739b-eca4-b36d-6a66-5a1bd75377b8" executionId="d3c44576-c0fb-4b10-92e8-d2f60d7fd35a" testListId="8c84fa94-04c1-424b-9868-57a2d4851a1d" />
    <TestEntry testId="12d1e038-9f4a-a480-3d26-e29f92416250" executionId="7fe64ca6-b29f-4f0a-bd9f-eafc9a6c3f43" testListId="8c84fa94-04c1-424b-9868-57a2d4851a1d" />
    <TestEntry testId="387c9729-48c1-486e-5e67-f5d11a9f0db8" executionId="e86e63fb-e4b1-42f9-963d-578b59da8f64" testListId="8c84fa94-04c1-424b-9868-57a2d4851a1d" />
    <TestEntry testId="18fa8c62-e27d-e1fc-8182-4d7db62b008d" executionId="ba91a321-4dc4-4689-b225-2e6771e095b5" testListId="8c84fa94-04c1-424b-9868-57a2d4851a1d" />
    <TestEntry testId="f44a1b21-8efc-bfac-63b4-d534442def31" executionId="ef82358e-7439-4c01-9e18-801a32d298b1" testListId="8c84fa94-04c1-424b-9868-57a2d4851a1d" />
    <TestEntry testId="89a90046-88f0-b02f-1baf-22eb929cc463" executionId="fcfbb0b4-c221-4b9a-85ae-6f38025fdeb0" testListId="8c84fa94-04c1-424b-9868-57a2d4851a1d" />
  </TestEntries>
  <TestLists>
    <TestList name="Список результатов" id="8c84fa94-04c1-424b-9868-57a2d4851a1d" />
    <TestList name="Все загруженные результаты" id="19431567-8539-422a-85d7-44ee4e166bda" />
  </TestLists>
  <ResultSummary outcome="Completed">
    <Counters total="39" executed="39" passed="39" failed="0" error="0" timeout="0" aborted="0" inconclusive="0" passedButRunAborted="0" notRunnable="0" notExecuted="0" disconnected="0" warning="0" completed="0" inProgress="0" pending="0" />
    <Output>
      <StdOut>[xUnit.net 00:00:00.00] xUnit.net VSTest Adapter v2.4.5+1caef2f33e (64-bit .NET 6.0.3)&#xD;
[xUnit.net 00:00:00.46]   Discovering: BL.Tests&#xD;
[xUnit.net 00:00:00.64]   Discovered:  BL.Tests&#xD;
[xUnit.net 00:00:00.64]   Starting:    BL.Tests&#xD;
[xUnit.net 00:00:00.87]   Finished:    BL.Tests&#xD;
</StdOut>
    </Output>
  </ResultSummary>
</TestRun>