<?xml version="1.0" encoding="utf-8"?>
<TestRun id="fe007bcb-eea0-4aa2-9241-c1823cbdd933" name="alena@DESKTOP-TJ9D65N 2022-10-15 20:01:36" runUser="DESKTOP-TJ9D65N\alena" xmlns="http://microsoft.com/schemas/VisualStudio/TeamTest/2010">
  <Times creation="2022-10-15T20:01:36.6808626+03:00" queuing="2022-10-15T20:01:36.6808629+03:00" start="2022-10-15T20:01:35.1775880+03:00" finish="2022-10-15T20:01:36.7712988+03:00" />
  <TestSettings name="default" id="194a04a5-dda3-4c4f-8e3f-826855402e31">
    <Deployment runDeploymentRoot="alena_DESKTOP-TJ9D65N_2022-10-15_20_01_36" />
  </TestSettings>
  <Results>
    <UnitTestResult executionId="a91af6c6-f9ff-496f-9fdc-af2bc850273f" testId="28fea1e7-cfa9-dc69-78ef-5468eb1b24fa" testName="BL.Tests.TurnstilesServiceTest.TestAdminAddAutoIncrementTurnstileAsync(userID: 197, turnstile: Turnstile { TurnstileID = 206, LiftID = 242, IsOpen = True }, checkPermissionServiceMock: Mock&lt;ICheckPermissionService:16&gt;, turnstilesRepositoryStub: Mock&lt;ITurnstilesRepository:10&gt;, sut: TurnstilesService { })" computerName="DESKTOP-TJ9D65N" duration="00:00:00.0099031" startTime="2022-10-15T20:01:36.6320916+03:00" endTime="2022-10-15T20:01:36.6320916+03:00" testType="13cdc9d9-ddb5-4fa4-a97d-d965ccfc6d4b" outcome="Passed" testListId="8c84fa94-04c1-424b-9868-57a2d4851a1d" relativeResultsDirectory="a91af6c6-f9ff-496f-9fdc-af2bc850273f" />
    <UnitTestResult executionId="3a501c09-049c-4807-8b73-a7c868c6c8ea" testId="229812f5-9a73-5335-11f5-31330d1348a5" testName="BL.Tests.CheckPermissionsServiceTests.UnauthorizedHasNoAccessToAdminSkiPatrolFunctions(functionName: &quot;GetMessagesAsync&quot;)" computerName="DESKTOP-TJ9D65N" duration="00:00:00.0022075" startTime="2022-10-15T20:01:36.6304773+03:00" endTime="2022-10-15T20:01:36.6304774+03:00" testType="13cdc9d9-ddb5-4fa4-a97d-d965ccfc6d4b" outcome="Passed" testListId="8c84fa94-04c1-424b-9868-57a2d4851a1d" relativeResultsDirectory="3a501c09-049c-4807-8b73-a7c868c6c8ea" />
    <UnitTestResult executionId="9f28cf40-d65e-4696-9bff-8ab00d29cbbf" testId="ff2e00bc-711e-36e0-5fa6-8be0211a4202" testName="BL.Tests.SlopesServiceTest.TestAdminDeleteSlopeAsync(userID: 6, slope: Slope { SlopeID = 76, SlopeName = slopeName51be60d1-94d8-4caf-a78f-fa6bd9e66bb6, IsOpen = True, DifficultyLevel = 252, ConnectedLifts =  }, checkPermissionServiceMock: Mock&lt;ICheckPermissionService:9&gt;, slopesRepositoryStub: Mock&lt;ISlopesRepository:7&gt;, liftsSlopesRepositoryStub: Mock&lt;ILiftsSlopesRepository:12&gt;, sut: SlopesService { })" computerName="DESKTOP-TJ9D65N" duration="00:00:00.0401791" startTime="2022-10-15T20:01:36.5389398+03:00" endTime="2022-10-15T20:01:36.5389771+03:00" testType="13cdc9d9-ddb5-4fa4-a97d-d965ccfc6d4b" outcome="Passed" testListId="8c84fa94-04c1-424b-9868-57a2d4851a1d" relativeResultsDirectory="9f28cf40-d65e-4696-9bff-8ab00d29cbbf" />
    <UnitTestResult executionId="aafead3f-9cf0-4a83-bb6c-46e8f528e3ed" testId="598e116a-4f29-3f92-5ffb-a7b81fea11ba" testName="BL.Tests.LiftsServiceTest.TestGetLiftsInfoAsync(userID: 40, initialLifts: [Lift { LiftID = 124, LiftName = liftName94e2b1e3-648a-401e-9542-230472d62840, IsOpen = True, SeatsAmount = 16, LiftingTime = 196, QueueTime = 41, ConnectedSlopes =  }, Lift { LiftID = 30, LiftName = liftNamec09eb354-8b47-4544-9c57-7c81eddfaf75, IsOpen = False, SeatsAmount = 114, LiftingTime = 244, QueueTime = 68, ConnectedSlopes =  }, Lift { LiftID = 94, LiftName = liftName96ef58fa-e3e4-40d2-b586-4c3d0643a6e0, IsOpen = True, SeatsAmount = 67, LiftingTime = 61, QueueTime = 162, ConnectedSlopes =  }], checkPermissionServiceMock: Mock&lt;ICheckPermissionService:2&gt;, liftsRepositoryStub: Mock&lt;ILiftsRepository:2&gt;, liftsSlopesRepositoryStub: Mock&lt;ILiftsSlopesRepository:2&gt;, sut: LiftsService { })" computerName="DESKTOP-TJ9D65N" duration="00:00:00.0525161" startTime="2022-10-15T20:01:36.6337474+03:00" endTime="2022-10-15T20:01:36.6337475+03:00" testType="13cdc9d9-ddb5-4fa4-a97d-d965ccfc6d4b" outcome="Passed" testListId="8c84fa94-04c1-424b-9868-57a2d4851a1d" relativeResultsDirectory="aafead3f-9cf0-4a83-bb6c-46e8f528e3ed" />
    <UnitTestResult executionId="8441cfa9-e114-4ae1-a532-5d3662f4a2b9" testId="18fa8c62-e27d-e1fc-8182-4d7db62b008d" testName="BL.Tests.UsersServiceTests.TestAdminDeleteUser" computerName="DESKTOP-TJ9D65N" duration="00:00:00.0033482" startTime="2022-10-15T20:01:36.6750459+03:00" endTime="2022-10-15T20:01:36.6750461+03:00" testType="13cdc9d9-ddb5-4fa4-a97d-d965ccfc6d4b" outcome="Passed" testListId="8c84fa94-04c1-424b-9868-57a2d4851a1d" relativeResultsDirectory="8441cfa9-e114-4ae1-a532-5d3662f4a2b9" />
    <UnitTestResult executionId="2b2f5c0d-597a-4d7f-991e-94d697c23009" testId="f3efc418-a8a6-c7b7-9bac-90b33aa8472f" testName="BL.Tests.CheckPermissionsServiceTests.AdminHasAccessToAllFunctions" computerName="DESKTOP-TJ9D65N" duration="00:00:00.0021555" startTime="2022-10-15T20:01:36.6847535+03:00" endTime="2022-10-15T20:01:36.6847537+03:00" testType="13cdc9d9-ddb5-4fa4-a97d-d965ccfc6d4b" outcome="Passed" testListId="8c84fa94-04c1-424b-9868-57a2d4851a1d" relativeResultsDirectory="2b2f5c0d-597a-4d7f-991e-94d697c23009" />
    <UnitTestResult executionId="f1467e3a-553c-46aa-94bd-68002db649fa" testId="387c9729-48c1-486e-5e67-f5d11a9f0db8" testName="BL.Tests.CheckPermissionsServiceTests.UnauthorizedHasNoAccessToAdminSkiPatrolFunctions(functionName: &quot;GetLiftsSlopesInfoAsync&quot;)" computerName="DESKTOP-TJ9D65N" duration="00:00:00.0014467" startTime="2022-10-15T20:01:36.6218481+03:00" endTime="2022-10-15T20:01:36.6218482+03:00" testType="13cdc9d9-ddb5-4fa4-a97d-d965ccfc6d4b" outcome="Passed" testListId="8c84fa94-04c1-424b-9868-57a2d4851a1d" relativeResultsDirectory="f1467e3a-553c-46aa-94bd-68002db649fa" />
    <UnitTestResult executionId="faa29856-bf40-4c16-915d-79e87e46b0b2" testId="60bd668f-04df-da5e-b79b-5d9aedb5234d" testName="BL.Tests.CheckPermissionsServiceTests.SkiPatrolHasAccessToAdminSkiPatrolFunctions(functionName: &quot;MarkMessageReadByUserAsync&quot;)" computerName="DESKTOP-TJ9D65N" duration="00:00:00.0010399" startTime="2022-10-15T20:01:36.6326875+03:00" endTime="2022-10-15T20:01:36.6326875+03:00" testType="13cdc9d9-ddb5-4fa4-a97d-d965ccfc6d4b" outcome="Passed" testListId="8c84fa94-04c1-424b-9868-57a2d4851a1d" relativeResultsDirectory="faa29856-bf40-4c16-915d-79e87e46b0b2" />
    <UnitTestResult executionId="a887c0f0-279e-4e80-b800-48f03564f9f4" testId="d8465e12-10b3-79f0-c260-8743a1624612" testName="BL.Tests.SlopesServiceTest.TestGetSlopesInfoAsync(userID: 192, initialSlopes: [Slope { SlopeID = 147, SlopeName = slopeNameb354d694-8bbb-4db1-a1c4-8039cf92cab4, IsOpen = True, DifficultyLevel = 210, ConnectedLifts =  }, Slope { SlopeID = 37, SlopeName = slopeName1f1ce55b-ebd7-4fe0-a857-bbd35ea76631, IsOpen = False, DifficultyLevel = 72, ConnectedLifts =  }, Slope { SlopeID = 73, SlopeName = slopeNamee6183c0c-11ef-4c2e-84ad-95ae639cae36, IsOpen = True, DifficultyLevel = 237, ConnectedLifts =  }], checkPermissionServiceMock: Mock&lt;ICheckPermissionService:7&gt;, slopesRepositoryStub: Mock&lt;ISlopesRepository:5&gt;, liftsSlopesRepositoryStub: Mock&lt;ILiftsSlopesRepository:10&gt;, sut: SlopesService { })" computerName="DESKTOP-TJ9D65N" duration="00:00:00.0240407" startTime="2022-10-15T20:01:36.6337095+03:00" endTime="2022-10-15T20:01:36.6337096+03:00" testType="13cdc9d9-ddb5-4fa4-a97d-d965ccfc6d4b" outcome="Passed" testListId="8c84fa94-04c1-424b-9868-57a2d4851a1d" relativeResultsDirectory="a887c0f0-279e-4e80-b800-48f03564f9f4" />
    <UnitTestResult executionId="a8e92c77-5b34-441d-a3e7-aaa8af0cafb6" testId="894941c1-bfa7-d8f9-c047-1e1ceefe2c2f" testName="BL.Tests.UsersServiceTests.TestRegisterUserWithRepeatedEmail" computerName="DESKTOP-TJ9D65N" duration="00:00:00.0041344" startTime="2022-10-15T20:01:36.6317470+03:00" endTime="2022-10-15T20:01:36.6317471+03:00" testType="13cdc9d9-ddb5-4fa4-a97d-d965ccfc6d4b" outcome="Passed" testListId="8c84fa94-04c1-424b-9868-57a2d4851a1d" relativeResultsDirectory="a8e92c77-5b34-441d-a3e7-aaa8af0cafb6" />
    <UnitTestResult executionId="5ba5ebd4-3ba1-475e-a8d5-a4c78a44205f" testId="1ca07ad8-f799-c5d4-e7cc-34fd950198a2" testName="BL.Tests.UsersServiceTests.TestLogInOk" computerName="DESKTOP-TJ9D65N" duration="00:00:00.0034502" startTime="2022-10-15T20:01:36.6421478+03:00" endTime="2022-10-15T20:01:36.6421479+03:00" testType="13cdc9d9-ddb5-4fa4-a97d-d965ccfc6d4b" outcome="Passed" testListId="8c84fa94-04c1-424b-9868-57a2d4851a1d" relativeResultsDirectory="5ba5ebd4-3ba1-475e-a8d5-a4c78a44205f" />
    <UnitTestResult executionId="50e219c2-eec1-4e39-aca3-00690d230fc1" testId="e2d7e5be-3dae-33ae-fb17-c704b6fd58d6" testName="BL.Tests.CheckPermissionsServiceTests.UnauthorizedHasNoAccessToAdminFunctions" computerName="DESKTOP-TJ9D65N" duration="00:00:00.0036606" startTime="2022-10-15T20:01:36.6740330+03:00" endTime="2022-10-15T20:01:36.6740332+03:00" testType="13cdc9d9-ddb5-4fa4-a97d-d965ccfc6d4b" outcome="Passed" testListId="8c84fa94-04c1-424b-9868-57a2d4851a1d" relativeResultsDirectory="50e219c2-eec1-4e39-aca3-00690d230fc1" />
    <UnitTestResult executionId="f65ed672-d038-4c62-b59b-38702cd6e86c" testId="cfce90f3-18ca-f3dd-21d3-20f98103e3eb" testName="BL.Tests.SlopesServiceTest.TestAdminAddAutoIncrementSlopeAsync(userID: 20, slope: Slope { SlopeID = 225, SlopeName = slopeName70b63579-36ee-4e8e-8e08-d6b18ec3fcde, IsOpen = True, DifficultyLevel = 219, ConnectedLifts =  }, checkPermissionServiceMock: Mock&lt;ICheckPermissionService:10&gt;, slopesRepositoryStub: Mock&lt;ISlopesRepository:8&gt;, sut: SlopesService { })" computerName="DESKTOP-TJ9D65N" duration="00:00:00.0112901" startTime="2022-10-15T20:01:36.6318493+03:00" endTime="2022-10-15T20:01:36.6318494+03:00" testType="13cdc9d9-ddb5-4fa4-a97d-d965ccfc6d4b" outcome="Passed" testListId="8c84fa94-04c1-424b-9868-57a2d4851a1d" relativeResultsDirectory="f65ed672-d038-4c62-b59b-38702cd6e86c" />
    <UnitTestResult executionId="dd023f3c-787e-4d1f-853e-f6a43601469e" testId="492c0393-35b4-df26-a537-21ca08302f3c" testName="BL.Tests.CheckPermissionsServiceTests.SkiPatrolHasNoAccessToAdminFunctions" computerName="DESKTOP-TJ9D65N" duration="00:00:00.0028074" startTime="2022-10-15T20:01:36.6803477+03:00" endTime="2022-10-15T20:01:36.6803478+03:00" testType="13cdc9d9-ddb5-4fa4-a97d-d965ccfc6d4b" outcome="Passed" testListId="8c84fa94-04c1-424b-9868-57a2d4851a1d" relativeResultsDirectory="dd023f3c-787e-4d1f-853e-f6a43601469e" />
    <UnitTestResult executionId="3873fdb2-83ef-440c-af82-acfa3910ffa8" testId="f44a1b21-8efc-bfac-63b4-d534442def31" testName="BL.Tests.UsersServiceTests.TestRegisterUserWithNoPassword" computerName="DESKTOP-TJ9D65N" duration="00:00:00.0014922" startTime="2022-10-15T20:01:36.6304426+03:00" endTime="2022-10-15T20:01:36.6304426+03:00" testType="13cdc9d9-ddb5-4fa4-a97d-d965ccfc6d4b" outcome="Passed" testListId="8c84fa94-04c1-424b-9868-57a2d4851a1d" relativeResultsDirectory="3873fdb2-83ef-440c-af82-acfa3910ffa8" />
    <UnitTestResult executionId="ae9f6880-ba3c-4593-82bf-a6cdfa7d41f2" testId="e564dc13-0c57-7b7e-31fe-2959481d2540" testName="BL.Tests.SlopesServiceTest.TestAdminAddSlopeAsync(userID: 5, slope: Slope { SlopeID = 121, SlopeName = slopeName4468c309-a845-4514-8ea3-e1c458e4aa56, IsOpen = True, DifficultyLevel = 206, ConnectedLifts =  }, checkPermissionServiceMock: Mock&lt;ICheckPermissionService:11&gt;, slopesRepositoryStub: Mock&lt;ISlopesRepository:9&gt;, sut: SlopesService { })" computerName="DESKTOP-TJ9D65N" duration="00:00:00.0056188" startTime="2022-10-15T20:01:36.6525003+03:00" endTime="2022-10-15T20:01:36.6525004+03:00" testType="13cdc9d9-ddb5-4fa4-a97d-d965ccfc6d4b" outcome="Passed" testListId="8c84fa94-04c1-424b-9868-57a2d4851a1d" relativeResultsDirectory="ae9f6880-ba3c-4593-82bf-a6cdfa7d41f2" />
    <UnitTestResult executionId="7a210963-7a56-49c1-a1b6-1cc7348181b4" testId="20ad8570-0170-85de-dcd7-2f109dd7bcd6" testName="BL.Tests.UsersServiceTests.TestAdminGetUsers" computerName="DESKTOP-TJ9D65N" duration="00:00:00.0499024" startTime="2022-10-15T20:01:36.5445998+03:00" endTime="2022-10-15T20:01:36.5446000+03:00" testType="13cdc9d9-ddb5-4fa4-a97d-d965ccfc6d4b" outcome="Passed" testListId="8c84fa94-04c1-424b-9868-57a2d4851a1d" relativeResultsDirectory="7a210963-7a56-49c1-a1b6-1cc7348181b4" />
    <UnitTestResult executionId="bb21a316-d732-4793-9457-e4693a81a615" testId="0eeef75f-6e38-7893-a8fe-cff3e0a970a7" testName="BL.Tests.UsersServiceTests.TestRegisterOk" computerName="DESKTOP-TJ9D65N" duration="00:00:00.0190588" startTime="2022-10-15T20:01:36.6349176+03:00" endTime="2022-10-15T20:01:36.6349177+03:00" testType="13cdc9d9-ddb5-4fa4-a97d-d965ccfc6d4b" outcome="Passed" testListId="8c84fa94-04c1-424b-9868-57a2d4851a1d" relativeResultsDirectory="bb21a316-d732-4793-9457-e4693a81a615" />
    <UnitTestResult executionId="7c6b7fac-c7d3-43ab-b1cb-d2b8509ff245" testId="e5497347-2721-b7a6-0bd4-69a9921f6947" testName="BL.Tests.UsersServiceTests.TestAdminGetUserByIDAsync" computerName="DESKTOP-TJ9D65N" duration="00:00:00.0037051" startTime="2022-10-15T20:01:36.6662109+03:00" endTime="2022-10-15T20:01:36.6662110+03:00" testType="13cdc9d9-ddb5-4fa4-a97d-d965ccfc6d4b" outcome="Passed" testListId="8c84fa94-04c1-424b-9868-57a2d4851a1d" relativeResultsDirectory="7c6b7fac-c7d3-43ab-b1cb-d2b8509ff245" />
    <UnitTestResult executionId="a084f1e5-1fb9-4662-b770-fef0d296b804" testId="6d6c9931-4670-553d-8af6-b95c2fca985b" testName="BL.Tests.TurnstilesServiceTest.TestAdminUpdateTurnstileAsync(userID: 172, turnstile: Turnstile { TurnstileID = 25, LiftID = 253, IsOpen = True }, checkPermissionServiceMock: Mock&lt;ICheckPermissionService:14&gt;, turnstilesRepositoryStub: Mock&lt;ITurnstilesRepository:8&gt;, sut: TurnstilesService { })" computerName="DESKTOP-TJ9D65N" duration="00:00:00.0058095" startTime="2022-10-15T20:01:36.6305499+03:00" endTime="2022-10-15T20:01:36.6305500+03:00" testType="13cdc9d9-ddb5-4fa4-a97d-d965ccfc6d4b" outcome="Passed" testListId="8c84fa94-04c1-424b-9868-57a2d4851a1d" relativeResultsDirectory="a084f1e5-1fb9-4662-b770-fef0d296b804" />
    <UnitTestResult executionId="248ab178-7d2c-4548-8888-b86827ed4045" testId="c36970dc-93f7-753e-fa47-157133b01644" testName="BL.Tests.CheckPermissionsServiceTests.SkiPatrolHasAccessToAdminSkiPatrolFunctions(functionName: &quot;GetMessagesAsync&quot;)" computerName="DESKTOP-TJ9D65N" duration="00:00:00.0011375" startTime="2022-10-15T20:01:36.6348862+03:00" endTime="2022-10-15T20:01:36.6348863+03:00" testType="13cdc9d9-ddb5-4fa4-a97d-d965ccfc6d4b" outcome="Passed" testListId="8c84fa94-04c1-424b-9868-57a2d4851a1d" relativeResultsDirectory="248ab178-7d2c-4548-8888-b86827ed4045" />
    <UnitTestResult executionId="f0008bec-4dbb-4340-9406-cc0054eabacd" testId="2602613f-c8e2-a6d9-fcf7-5b27d4a770a6" testName="BL.Tests.CheckPermissionsServiceTests.AuthorizedHasNoAccessToAdminSkiPatrolFunctions(functionName: &quot;GetMessagesAsync&quot;)" computerName="DESKTOP-TJ9D65N" duration="00:00:00.0033895" startTime="2022-10-15T20:01:36.6476393+03:00" endTime="2022-10-15T20:01:36.6476394+03:00" testType="13cdc9d9-ddb5-4fa4-a97d-d965ccfc6d4b" outcome="Passed" testListId="8c84fa94-04c1-424b-9868-57a2d4851a1d" relativeResultsDirectory="f0008bec-4dbb-4340-9406-cc0054eabacd" />
    <UnitTestResult executionId="8fc8fb79-e655-4744-9fa8-d876b5946fde" testId="8184bd30-991c-b78d-b4ec-99a485eac0dd" testName="BL.Tests.UsersServiceTests.TestRegisterUserWithNoEmail" computerName="DESKTOP-TJ9D65N" duration="00:00:00.0027701" startTime="2022-10-15T20:01:36.6218782+03:00" endTime="2022-10-15T20:01:36.6218782+03:00" testType="13cdc9d9-ddb5-4fa4-a97d-d965ccfc6d4b" outcome="Passed" testListId="8c84fa94-04c1-424b-9868-57a2d4851a1d" relativeResultsDirectory="8fc8fb79-e655-4744-9fa8-d876b5946fde" />
    <UnitTestResult executionId="6f1d32e6-35cd-4f1b-b4f3-af02cb267681" testId="d200211c-0b5f-17b4-908f-5bd37ccb7873" testName="BL.Tests.LiftsSlopesServiceTests.TestAdminDeleteLiftSlopeAsync(lift: Lift { LiftID = 216, LiftName = liftName9cf2c5f5-b944-462e-9b37-06eee7036394, IsOpen = True, SeatsAmount = 177, LiftingTime = 141, QueueTime = 3, ConnectedSlopes =  }, slope: Slope { SlopeID = 151, SlopeName = slopeNamea69b3c34-c357-406b-81f6-9fab30bb4db9, IsOpen = False, DifficultyLevel = 240, ConnectedLifts =  }, slopesRepositoryStub: Mock&lt;ISlopesRepository:2&gt;, liftsRepositoryStub: Mock&lt;ILiftsRepository:7&gt;, liftsSlopesRepositoryStub: Mock&lt;ILiftsSlopesRepository:7&gt;)" computerName="DESKTOP-TJ9D65N" duration="00:00:00.0079970" startTime="2022-10-15T20:01:36.6304975+03:00" endTime="2022-10-15T20:01:36.6304976+03:00" testType="13cdc9d9-ddb5-4fa4-a97d-d965ccfc6d4b" outcome="Passed" testListId="8c84fa94-04c1-424b-9868-57a2d4851a1d" relativeResultsDirectory="6f1d32e6-35cd-4f1b-b4f3-af02cb267681" />
    <UnitTestResult executionId="7e0df7d1-9929-4f00-9ee5-9109e3075755" testId="f836e592-001a-43e5-d8c3-39b9743d337c" testName="BL.Tests.TurnstilesServiceTest.TestAdminGetTurnstileAsync(userID: 241, turnstile: Turnstile { TurnstileID = 221, LiftID = 73, IsOpen = True }, checkPermissionServiceMock: Mock&lt;ICheckPermissionService:12&gt;, turnstilesRepositoryStub: Mock&lt;ITurnstilesRepository:6&gt;, sut: TurnstilesService { })" computerName="DESKTOP-TJ9D65N" duration="00:00:00.0444401" startTime="2022-10-15T20:01:36.5439451+03:00" endTime="2022-10-15T20:01:36.5439451+03:00" testType="13cdc9d9-ddb5-4fa4-a97d-d965ccfc6d4b" outcome="Passed" testListId="8c84fa94-04c1-424b-9868-57a2d4851a1d" relativeResultsDirectory="7e0df7d1-9929-4f00-9ee5-9109e3075755" />
    <UnitTestResult executionId="be6c9466-4f74-4bfe-94a0-b80d3fcd011f" testId="a19a5fcf-c5d2-7d44-5d7d-84403042f4e0" testName="BL.Tests.CheckPermissionsServiceTests.UnauthorizedHasNoAccessToAdminSkiPatrolFunctions(functionName: &quot;MarkMessageReadByUserAsync&quot;)" computerName="DESKTOP-TJ9D65N" duration="00:00:00.0402530" startTime="2022-10-15T20:01:36.5437907+03:00" endTime="2022-10-15T20:01:36.5437910+03:00" testType="13cdc9d9-ddb5-4fa4-a97d-d965ccfc6d4b" outcome="Passed" testListId="8c84fa94-04c1-424b-9868-57a2d4851a1d" relativeResultsDirectory="be6c9466-4f74-4bfe-94a0-b80d3fcd011f" />
    <UnitTestResult executionId="27b9bd4e-a09f-494b-b2ca-5ecdb38c6391" testId="aa28a6b3-21d3-aa45-24d3-bef2facbc899" testName="BL.Tests.CheckPermissionsServiceTests.AuthorizedHasAccessToAuthorizedFunctions(functionName: &quot;LogOutAsync&quot;)" computerName="DESKTOP-TJ9D65N" duration="00:00:00.0011601" startTime="2022-10-15T20:01:36.6661755+03:00" endTime="2022-10-15T20:01:36.6661757+03:00" testType="13cdc9d9-ddb5-4fa4-a97d-d965ccfc6d4b" outcome="Passed" testListId="8c84fa94-04c1-424b-9868-57a2d4851a1d" relativeResultsDirectory="27b9bd4e-a09f-494b-b2ca-5ecdb38c6391" />
    <UnitTestResult executionId="ec73a5ba-8cf4-48a1-bfd6-3b12fe159abc" testId="c384176b-69e3-d4be-0e25-0dabc536fe95" testName="BL.Tests.SlopesServiceTest.TestUpdateSlopeInfoAsync(userID: 121, slope: Slope { SlopeID = 249, SlopeName = slopeNamef486bedc-4393-46c8-a207-0fc2737c9328, IsOpen = True, DifficultyLevel = 64, ConnectedLifts =  }, checkPermissionServiceMock: Mock&lt;ICheckPermissionService:8&gt;, slopesRepositoryStub: Mock&lt;ISlopesRepository:6&gt;, sut: SlopesService { })" computerName="DESKTOP-TJ9D65N" duration="00:00:00.0060746" startTime="2022-10-15T20:01:36.6439225+03:00" endTime="2022-10-15T20:01:36.6439227+03:00" testType="13cdc9d9-ddb5-4fa4-a97d-d965ccfc6d4b" outcome="Passed" testListId="8c84fa94-04c1-424b-9868-57a2d4851a1d" relativeResultsDirectory="ec73a5ba-8cf4-48a1-bfd6-3b12fe159abc" />
    <UnitTestResult executionId="5c2bc84e-02fe-432d-b778-e77afd50df7b" testId="dff8d9f6-6384-849c-1f6a-9c9f359e6d0e" testName="BL.Tests.LiftsServiceTest.TestAdminDeleteLiftAsync(userID: 208, lift: Lift { LiftID = 77, LiftName = liftName96d859e2-e3c8-420a-b3c3-e4aedeaa3964, IsOpen = True, SeatsAmount = 210, LiftingTime = 114, QueueTime = 129, ConnectedSlopes =  }, checkPermissionServiceMock: Mock&lt;ICheckPermissionService:4&gt;, liftsRepositoryStub: Mock&lt;ILiftsRepository:4&gt;, liftsSlopesRepositoryStub: Mock&lt;ILiftsSlopesRepository:4&gt;, sut: LiftsService { })" computerName="DESKTOP-TJ9D65N" duration="00:00:00.0096461" startTime="2022-10-15T20:01:36.6474913+03:00" endTime="2022-10-15T20:01:36.6474915+03:00" testType="13cdc9d9-ddb5-4fa4-a97d-d965ccfc6d4b" outcome="Passed" testListId="8c84fa94-04c1-424b-9868-57a2d4851a1d" relativeResultsDirectory="5c2bc84e-02fe-432d-b778-e77afd50df7b" />
    <UnitTestResult executionId="7bfb72a5-81f1-4294-9939-a065b4fafbdb" testId="fa960c5e-f989-2880-784e-8efe538c5231" testName="BL.Tests.CheckPermissionsServiceTests.UnauthorizedHasNoAccessToAuthorizedFunctions(functionName: &quot;LogOutAsync&quot;)" computerName="DESKTOP-TJ9D65N" duration="00:00:00.0013534" startTime="2022-10-15T20:01:36.6319037+03:00" endTime="2022-10-15T20:01:36.6319038+03:00" testType="13cdc9d9-ddb5-4fa4-a97d-d965ccfc6d4b" outcome="Passed" testListId="8c84fa94-04c1-424b-9868-57a2d4851a1d" relativeResultsDirectory="7bfb72a5-81f1-4294-9939-a065b4fafbdb" />
    <UnitTestResult executionId="26ed3f78-d0fb-4947-91b3-610f0da0cad1" testId="a2e59116-cb53-1d70-9cb8-21c286516866" testName="BL.Tests.CheckPermissionsServiceTests.AuthorizedHasNoAccessToAdminFunctions" computerName="DESKTOP-TJ9D65N" duration="00:00:00.0028264" startTime="2022-10-15T20:01:36.6411938+03:00" endTime="2022-10-15T20:01:36.6411939+03:00" testType="13cdc9d9-ddb5-4fa4-a97d-d965ccfc6d4b" outcome="Passed" testListId="8c84fa94-04c1-424b-9868-57a2d4851a1d" relativeResultsDirectory="26ed3f78-d0fb-4947-91b3-610f0da0cad1" />
    <UnitTestResult executionId="90b806b5-eeb0-4bb4-ba6b-04513b3edce8" testId="39be9b5e-0bc4-57dc-37d3-aec6b520299d" testName="BL.Tests.LiftsSlopesServiceTests.TestGetLiftsSlopesInfoAsync(liftsSlopes: [LiftSlope { RecordID = 52, LiftID = 77, SlopeID = 74 }, LiftSlope { RecordID = 8, LiftID = 216, SlopeID = 42 }, LiftSlope { RecordID = 21, LiftID = 241, SlopeID = 213 }], slopesRepositoryStub: Mock&lt;ISlopesRepository:1&gt;, liftsRepositoryStub: Mock&lt;ILiftsRepository:6&gt;, liftsSlopesRepositoryStub: Mock&lt;ILiftsSlopesRepository:6&gt;)" computerName="DESKTOP-TJ9D65N" duration="00:00:00.0049209" startTime="2022-10-15T20:01:36.6317667+03:00" endTime="2022-10-15T20:01:36.6317668+03:00" testType="13cdc9d9-ddb5-4fa4-a97d-d965ccfc6d4b" outcome="Passed" testListId="8c84fa94-04c1-424b-9868-57a2d4851a1d" relativeResultsDirectory="90b806b5-eeb0-4bb4-ba6b-04513b3edce8" />
    <UnitTestResult executionId="f25e92a0-95fa-4010-9a0b-e75bfc986f71" testId="9c7df5e2-1b23-ebea-889f-b78ca86b60ab" testName="BL.Tests.CheckPermissionsServiceTests.AuthorizedHasNoAccessToAdminSkiPatrolFunctions(functionName: &quot;MarkMessageReadByUserAsync&quot;)" computerName="DESKTOP-TJ9D65N" duration="00:00:00.0014106" startTime="2022-10-15T20:01:36.6525462+03:00" endTime="2022-10-15T20:01:36.6525463+03:00" testType="13cdc9d9-ddb5-4fa4-a97d-d965ccfc6d4b" outcome="Passed" testListId="8c84fa94-04c1-424b-9868-57a2d4851a1d" relativeResultsDirectory="f25e92a0-95fa-4010-9a0b-e75bfc986f71" />
    <UnitTestResult executionId="9755a464-859f-49d8-882a-f76f301682f1" testId="4f297306-d4f3-8d63-e7f4-1ac0b8c58c74" testName="BL.Tests.CheckPermissionsServiceTests.AuthorizedHasNoAccessToAdminSkiPatrolFunctions(functionName: &quot;GetLiftsSlopesInfoAsync&quot;)" computerName="DESKTOP-TJ9D65N" duration="00:00:00.0012853" startTime="2022-10-15T20:01:36.6566584+03:00" endTime="2022-10-15T20:01:36.6566585+03:00" testType="13cdc9d9-ddb5-4fa4-a97d-d965ccfc6d4b" outcome="Passed" testListId="8c84fa94-04c1-424b-9868-57a2d4851a1d" relativeResultsDirectory="9755a464-859f-49d8-882a-f76f301682f1" />
    <UnitTestResult executionId="33a75ac2-eeaa-4455-aa76-ea1b19f81f1c" testId="e3d0d2f3-e9ab-7df2-efa4-b1814439915d" testName="BL.Tests.LiftsSlopesServiceTests.TestAdminAddAutoIncrementLiftSlopeAsync(lift: Lift { LiftID = 171, LiftName = liftNameac1e0007-9ba1-4aec-aae0-6bef741ef3ff, IsOpen = True, SeatsAmount = 167, LiftingTime = 168, QueueTime = 60, ConnectedSlopes =  }, slope: Slope { SlopeID = 18, SlopeName = slopeName56a57b03-6459-41ae-bd16-a28e547ec193, IsOpen = False, DifficultyLevel = 78, ConnectedLifts =  }, slopesRepositoryStub: Mock&lt;ISlopesRepository:3&gt;, liftsRepositoryStub: Mock&lt;ILiftsRepository:8&gt;, liftsSlopesRepositoryStub: Mock&lt;ILiftsSlopesRepository:8&gt;)" computerName="DESKTOP-TJ9D65N" duration="00:00:00.0402740" startTime="2022-10-15T20:01:36.5438881+03:00" endTime="2022-10-15T20:01:36.5438882+03:00" testType="13cdc9d9-ddb5-4fa4-a97d-d965ccfc6d4b" outcome="Passed" testListId="8c84fa94-04c1-424b-9868-57a2d4851a1d" relativeResultsDirectory="33a75ac2-eeaa-4455-aa76-ea1b19f81f1c" />
    <UnitTestResult executionId="814df958-c315-4652-b8a5-5ea3b0e8d573" testId="0d00cbd1-6daa-0d0b-427e-7c4708123b49" testName="BL.Tests.SlopesServiceTest.TestGetSlopeInfoAsync(userID: 107, slope: Slope { SlopeID = 236, SlopeName = slopeName4228056f-393e-46c9-a18f-59823825e07e, IsOpen = True, DifficultyLevel = 113, ConnectedLifts =  }, checkPermissionServiceMock: Mock&lt;ICheckPermissionService:6&gt;, slopesRepositoryStub: Mock&lt;ISlopesRepository:4&gt;, liftsSlopesRepositoryStub: Mock&lt;ILiftsSlopesRepository:9&gt;, sut: SlopesService { })" computerName="DESKTOP-TJ9D65N" duration="00:00:00.0071145" startTime="2022-10-15T20:01:36.6302876+03:00" endTime="2022-10-15T20:01:36.6302877+03:00" testType="13cdc9d9-ddb5-4fa4-a97d-d965ccfc6d4b" outcome="Passed" testListId="8c84fa94-04c1-424b-9868-57a2d4851a1d" relativeResultsDirectory="814df958-c315-4652-b8a5-5ea3b0e8d573" />
    <UnitTestResult executionId="86a195ec-aa6a-42af-bf68-88be1c878c83" testId="e5f4e93b-1544-0b50-ee10-d84c01a1a4a9" testName="BL.Tests.LiftsServiceTest.TestGetLiftInfoAsync(userID: 132, lift: Lift { LiftID = 218, LiftName = liftNamee89a9a76-7689-4976-8651-05cfa59070a5, IsOpen = True, SeatsAmount = 52, LiftingTime = 137, QueueTime = 151, ConnectedSlopes =  }, checkPermissionServiceMock: Mock&lt;ICheckPermissionService:1&gt;, liftsRepositoryStub: Mock&lt;ILiftsRepository:1&gt;, liftsSlopesRepositoryStub: Mock&lt;ILiftsSlopesRepository:1&gt;, sut: LiftsService { })" computerName="DESKTOP-TJ9D65N" duration="00:00:00.0069439" startTime="2022-10-15T20:01:36.6682910+03:00" endTime="2022-10-15T20:01:36.6682911+03:00" testType="13cdc9d9-ddb5-4fa4-a97d-d965ccfc6d4b" outcome="Passed" testListId="8c84fa94-04c1-424b-9868-57a2d4851a1d" relativeResultsDirectory="86a195ec-aa6a-42af-bf68-88be1c878c83" />
    <UnitTestResult executionId="6e8f6812-1e0f-4614-b7ad-0f25cd728ebd" testId="644ec43e-70cd-c82d-42e7-0d990be1414d" testName="BL.Tests.CheckPermissionsServiceTests.AuthorizedHasAccessToAuthorizedFunctions(functionName: &quot;SendMessageAsync&quot;)" computerName="DESKTOP-TJ9D65N" duration="00:00:00.0025812" startTime="2022-10-15T20:01:36.6621490+03:00" endTime="2022-10-15T20:01:36.6621492+03:00" testType="13cdc9d9-ddb5-4fa4-a97d-d965ccfc6d4b" outcome="Passed" testListId="8c84fa94-04c1-424b-9868-57a2d4851a1d" relativeResultsDirectory="6e8f6812-1e0f-4614-b7ad-0f25cd728ebd" />
    <UnitTestResult executionId="ec3681ab-458a-4a99-96cb-c776a32ff2ee" testId="813fb092-9fbc-8236-bcd0-a28929ab7873" testName="BL.Tests.LiftsServiceTest.TestAdminAddAutoIncrementLiftAsync(userID: 80, lift: Lift { LiftID = 93, LiftName = liftName6bb3778c-5bad-456f-b433-12cb13b876ec, IsOpen = True, SeatsAmount = 45, LiftingTime = 52, QueueTime = 31, ConnectedSlopes =  }, checkPermissionServiceMock: Mock&lt;ICheckPermissionService:5&gt;, liftsRepositoryStub: Mock&lt;ILiftsRepository:5&gt;, sut: LiftsService { })" computerName="DESKTOP-TJ9D65N" duration="00:00:00.0075516" startTime="2022-10-15T20:01:36.6580922+03:00" endTime="2022-10-15T20:01:36.6580924+03:00" testType="13cdc9d9-ddb5-4fa4-a97d-d965ccfc6d4b" outcome="Passed" testListId="8c84fa94-04c1-424b-9868-57a2d4851a1d" relativeResultsDirectory="ec3681ab-458a-4a99-96cb-c776a32ff2ee" />
    <UnitTestResult executionId="e1f6dd6a-ed28-44cb-bc0e-b6e9cbd43e91" testId="2d706594-f2b3-b3c8-21d4-86c9798c3306" testName="BL.Tests.CheckPermissionsServiceTests.SkiPatrolHasAccessToAdminSkiPatrolFunctions(functionName: &quot;GetLiftsSlopesInfoAsync&quot;)" computerName="DESKTOP-TJ9D65N" duration="00:00:00.0048972" startTime="2022-10-15T20:01:36.6320719+03:00" endTime="2022-10-15T20:01:36.6320720+03:00" testType="13cdc9d9-ddb5-4fa4-a97d-d965ccfc6d4b" outcome="Passed" testListId="8c84fa94-04c1-424b-9868-57a2d4851a1d" relativeResultsDirectory="e1f6dd6a-ed28-44cb-bc0e-b6e9cbd43e91" />
    <UnitTestResult executionId="0f7734bd-1b2e-425c-8934-3cfcb62446d1" testId="2bcd0fb1-868a-d4fe-6a9e-7c8d803f7a46" testName="BL.Tests.TurnstilesServiceTest.TestAdminDeleteTurnstileAsync(userID: 240, turnstile: Turnstile { TurnstileID = 57, LiftID = 227, IsOpen = True }, checkPermissionServiceMock: Mock&lt;ICheckPermissionService:15&gt;, turnstilesRepositoryStub: Mock&lt;ITurnstilesRepository:9&gt;, sut: TurnstilesService { })" computerName="DESKTOP-TJ9D65N" duration="00:00:00.0041123" startTime="2022-10-15T20:01:36.6220553+03:00" endTime="2022-10-15T20:01:36.6220554+03:00" testType="13cdc9d9-ddb5-4fa4-a97d-d965ccfc6d4b" outcome="Passed" testListId="8c84fa94-04c1-424b-9868-57a2d4851a1d" relativeResultsDirectory="0f7734bd-1b2e-425c-8934-3cfcb62446d1" />
    <UnitTestResult executionId="ef6b57b2-f36a-4a99-8114-4f02a565e69b" testId="06d0bc3a-24a0-fb7f-4277-e9ae6d21c7dd" testName="BL.Tests.UsersServiceTests.TestAdminUpdateUser" computerName="DESKTOP-TJ9D65N" duration="00:00:00.0059188" startTime="2022-10-15T20:01:36.6320325+03:00" endTime="2022-10-15T20:01:36.6320326+03:00" testType="13cdc9d9-ddb5-4fa4-a97d-d965ccfc6d4b" outcome="Passed" testListId="8c84fa94-04c1-424b-9868-57a2d4851a1d" relativeResultsDirectory="ef6b57b2-f36a-4a99-8114-4f02a565e69b" />
    <UnitTestResult executionId="30015680-297b-4cb0-8c2c-b1caef0c57c5" testId="a77db57a-a2e0-0d76-c40d-75fd79595ea5" testName="BL.Tests.TurnstilesServiceTest.TestAdminGetTurnstilesAsync(userID: 179, initialTurnstiles: [Turnstile { TurnstileID = 9, LiftID = 55, IsOpen = True }, Turnstile { TurnstileID = 99, LiftID = 126, IsOpen = False }, Turnstile { TurnstileID = 81, LiftID = 231, IsOpen = True }], checkPermissionServiceMock: Mock&lt;ICheckPermissionService:13&gt;, turnstilesRepositoryStub: Mock&lt;ITurnstilesRepository:7&gt;, sut: TurnstilesService { })" computerName="DESKTOP-TJ9D65N" duration="00:00:00.0148391" startTime="2022-10-15T20:01:36.6338124+03:00" endTime="2022-10-15T20:01:36.6338125+03:00" testType="13cdc9d9-ddb5-4fa4-a97d-d965ccfc6d4b" outcome="Passed" testListId="8c84fa94-04c1-424b-9868-57a2d4851a1d" relativeResultsDirectory="30015680-297b-4cb0-8c2c-b1caef0c57c5" />
    <UnitTestResult executionId="f31662d0-4c1e-4cf6-8752-cf16b73f7480" testId="eaabd2fc-2f4b-5689-59c8-c7ad34a8f634" testName="BL.Tests.CheckPermissionsServiceTests.UnauthorizedHasNoAccessToAuthorizedFunctions(functionName: &quot;SendMessageAsync&quot;)" computerName="DESKTOP-TJ9D65N" duration="00:00:00.0032361" startTime="2022-10-15T20:01:36.6317177+03:00" endTime="2022-10-15T20:01:36.6317178+03:00" testType="13cdc9d9-ddb5-4fa4-a97d-d965ccfc6d4b" outcome="Passed" testListId="8c84fa94-04c1-424b-9868-57a2d4851a1d" relativeResultsDirectory="f31662d0-4c1e-4cf6-8752-cf16b73f7480" />
    <UnitTestResult executionId="46685b2f-0056-4511-95d7-4f96c3440f30" testId="834c739b-eca4-b36d-6a66-5a1bd75377b8" testName="BL.Tests.UsersServiceTests.TestAdminAddAutoIncrementUser" computerName="DESKTOP-TJ9D65N" duration="00:00:00.0087581" startTime="2022-10-15T20:01:36.6598615+03:00" endTime="2022-10-15T20:01:36.6598617+03:00" testType="13cdc9d9-ddb5-4fa4-a97d-d965ccfc6d4b" outcome="Passed" testListId="8c84fa94-04c1-424b-9868-57a2d4851a1d" relativeResultsDirectory="46685b2f-0056-4511-95d7-4f96c3440f30" />
    <UnitTestResult executionId="c83d93f1-fdc6-4583-9b8b-64e5878a876b" testId="868206ff-ca00-0558-2f8b-c094ea7a9a11" testName="BL.Tests.LiftsServiceTest.TestUpdateLiftInfoAsync(userID: 168, lift: Lift { LiftID = 57, LiftName = liftName4e7e3e27-bb54-4a05-8a9d-e20a6afaa3f1, IsOpen = True, SeatsAmount = 244, LiftingTime = 43, QueueTime = 65, ConnectedSlopes =  }, checkPermissionServiceMock: Mock&lt;ICheckPermissionService:3&gt;, liftsRepositoryStub: Mock&lt;ILiftsRepository:3&gt;, sut: LiftsService { })" computerName="DESKTOP-TJ9D65N" duration="00:00:00.0416625" startTime="2022-10-15T20:01:36.5438660+03:00" endTime="2022-10-15T20:01:36.5438660+03:00" testType="13cdc9d9-ddb5-4fa4-a97d-d965ccfc6d4b" outcome="Passed" testListId="8c84fa94-04c1-424b-9868-57a2d4851a1d" relativeResultsDirectory="c83d93f1-fdc6-4583-9b8b-64e5878a876b" />
    <UnitTestResult executionId="5fd22650-8824-414e-bfae-8fadccdd0915" testId="69340bb6-3645-f9dd-971e-29d8b2a009bb" testName="BL.Tests.UsersServiceTests.TestLogInWithWrongPassword" computerName="DESKTOP-TJ9D65N" duration="00:00:00.0027477" startTime="2022-10-15T20:01:36.6478598+03:00" endTime="2022-10-15T20:01:36.6478599+03:00" testType="13cdc9d9-ddb5-4fa4-a97d-d965ccfc6d4b" outcome="Passed" testListId="8c84fa94-04c1-424b-9868-57a2d4851a1d" relativeResultsDirectory="5fd22650-8824-414e-bfae-8fadccdd0915" />
  </Results>
  <TestDefinitions>
    <UnitTest name="BL.Tests.TurnstilesServiceTest.TestAdminDeleteTurnstileAsync(userID: 240, turnstile: Turnstile { TurnstileID = 57, LiftID = 227, IsOpen = True }, checkPermissionServiceMock: Mock&lt;ICheckPermissionService:15&gt;, turnstilesRepositoryStub: Mock&lt;ITurnstilesRepository:9&gt;, sut: TurnstilesService { })" storage="c:\users\alena\desktop\7_sem\testing_and_debugging\skiresort\bl.tests\bin\debug\net6.0\bl.tests.dll" id="2bcd0fb1-868a-d4fe-6a9e-7c8d803f7a46">
      <Execution id="0f7734bd-1b2e-425c-8934-3cfcb62446d1" />
      <TestMethod codeBase="C:\Users\alena\Desktop\7_sem\testing_and_debugging\SkiResort\BL.Tests\bin\Debug\net6.0\BL.Tests.dll" adapterTypeName="executor://xunit/VsTestRunner2/netcoreapp" className="BL.Tests.TurnstilesServiceTest" name="TestAdminDeleteTurnstileAsync" />
    </UnitTest>
    <UnitTest name="BL.Tests.CheckPermissionsServiceTests.AuthorizedHasNoAccessToAdminSkiPatrolFunctions(functionName: &quot;MarkMessageReadByUserAsync&quot;)" storage="c:\users\alena\desktop\7_sem\testing_and_debugging\skiresort\bl.tests\bin\debug\net6.0\bl.tests.dll" id="9c7df5e2-1b23-ebea-889f-b78ca86b60ab">
      <Execution id="f25e92a0-95fa-4010-9a0b-e75bfc986f71" />
      <TestMethod codeBase="C:\Users\alena\Desktop\7_sem\testing_and_debugging\SkiResort\BL.Tests\bin\Debug\net6.0\BL.Tests.dll" adapterTypeName="executor://xunit/VsTestRunner2/netcoreapp" className="BL.Tests.CheckPermissionsServiceTests" name="AuthorizedHasNoAccessToAdminSkiPatrolFunctions" />
    </UnitTest>
    <UnitTest name="BL.Tests.CheckPermissionsServiceTests.UnauthorizedHasNoAccessToAdminSkiPatrolFunctions(functionName: &quot;MarkMessageReadByUserAsync&quot;)" storage="c:\users\alena\desktop\7_sem\testing_and_debugging\skiresort\bl.tests\bin\debug\net6.0\bl.tests.dll" id="a19a5fcf-c5d2-7d44-5d7d-84403042f4e0">
      <Execution id="be6c9466-4f74-4bfe-94a0-b80d3fcd011f" />
      <TestMethod codeBase="C:\Users\alena\Desktop\7_sem\testing_and_debugging\SkiResort\BL.Tests\bin\Debug\net6.0\BL.Tests.dll" adapterTypeName="executor://xunit/VsTestRunner2/netcoreapp" className="BL.Tests.CheckPermissionsServiceTests" name="UnauthorizedHasNoAccessToAdminSkiPatrolFunctions" />
    </UnitTest>
    <UnitTest name="BL.Tests.CheckPermissionsServiceTests.AuthorizedHasNoAccessToAdminFunctions" storage="c:\users\alena\desktop\7_sem\testing_and_debugging\skiresort\bl.tests\bin\debug\net6.0\bl.tests.dll" id="a2e59116-cb53-1d70-9cb8-21c286516866">
      <Execution id="26ed3f78-d0fb-4947-91b3-610f0da0cad1" />
      <TestMethod codeBase="C:\Users\alena\Desktop\7_sem\testing_and_debugging\SkiResort\BL.Tests\bin\Debug\net6.0\BL.Tests.dll" adapterTypeName="executor://xunit/VsTestRunner2/netcoreapp" className="BL.Tests.CheckPermissionsServiceTests" name="AuthorizedHasNoAccessToAdminFunctions" />
    </UnitTest>
    <UnitTest name="BL.Tests.CheckPermissionsServiceTests.SkiPatrolHasAccessToAdminSkiPatrolFunctions(functionName: &quot;GetMessagesAsync&quot;)" storage="c:\users\alena\desktop\7_sem\testing_and_debugging\skiresort\bl.tests\bin\debug\net6.0\bl.tests.dll" id="c36970dc-93f7-753e-fa47-157133b01644">
      <Execution id="248ab178-7d2c-4548-8888-b86827ed4045" />
      <TestMethod codeBase="C:\Users\alena\Desktop\7_sem\testing_and_debugging\SkiResort\BL.Tests\bin\Debug\net6.0\BL.Tests.dll" adapterTypeName="executor://xunit/VsTestRunner2/netcoreapp" className="BL.Tests.CheckPermissionsServiceTests" name="SkiPatrolHasAccessToAdminSkiPatrolFunctions" />
    </UnitTest>
    <UnitTest name="BL.Tests.CheckPermissionsServiceTests.AuthorizedHasNoAccessToAdminSkiPatrolFunctions(functionName: &quot;GetMessagesAsync&quot;)" storage="c:\users\alena\desktop\7_sem\testing_and_debugging\skiresort\bl.tests\bin\debug\net6.0\bl.tests.dll" id="2602613f-c8e2-a6d9-fcf7-5b27d4a770a6">
      <Execution id="f0008bec-4dbb-4340-9406-cc0054eabacd" />
      <TestMethod codeBase="C:\Users\alena\Desktop\7_sem\testing_and_debugging\SkiResort\BL.Tests\bin\Debug\net6.0\BL.Tests.dll" adapterTypeName="executor://xunit/VsTestRunner2/netcoreapp" className="BL.Tests.CheckPermissionsServiceTests" name="AuthorizedHasNoAccessToAdminSkiPatrolFunctions" />
    </UnitTest>
    <UnitTest name="BL.Tests.CheckPermissionsServiceTests.AdminHasAccessToAllFunctions" storage="c:\users\alena\desktop\7_sem\testing_and_debugging\skiresort\bl.tests\bin\debug\net6.0\bl.tests.dll" id="f3efc418-a8a6-c7b7-9bac-90b33aa8472f">
      <Execution id="2b2f5c0d-597a-4d7f-991e-94d697c23009" />
      <TestMethod codeBase="C:\Users\alena\Desktop\7_sem\testing_and_debugging\SkiResort\BL.Tests\bin\Debug\net6.0\BL.Tests.dll" adapterTypeName="executor://xunit/VsTestRunner2/netcoreapp" className="BL.Tests.CheckPermissionsServiceTests" name="AdminHasAccessToAllFunctions" />
    </UnitTest>
    <UnitTest name="BL.Tests.LiftsSlopesServiceTests.TestAdminAddAutoIncrementLiftSlopeAsync(lift: Lift { LiftID = 171, LiftName = liftNameac1e0007-9ba1-4aec-aae0-6bef741ef3ff, IsOpen = True, SeatsAmount = 167, LiftingTime = 168, QueueTime = 60, ConnectedSlopes =  }, slope: Slope { SlopeID = 18, SlopeName = slopeName56a57b03-6459-41ae-bd16-a28e547ec193, IsOpen = False, DifficultyLevel = 78, ConnectedLifts =  }, slopesRepositoryStub: Mock&lt;ISlopesRepository:3&gt;, ..." storage="c:\users\alena\desktop\7_sem\testing_and_debugging\skiresort\bl.tests\bin\debug\net6.0\bl.tests.dll" id="e3d0d2f3-e9ab-7df2-efa4-b1814439915d">
      <Execution id="33a75ac2-eeaa-4455-aa76-ea1b19f81f1c" />
      <TestMethod codeBase="C:\Users\alena\Desktop\7_sem\testing_and_debugging\SkiResort\BL.Tests\bin\Debug\net6.0\BL.Tests.dll" adapterTypeName="executor://xunit/VsTestRunner2/netcoreapp" className="BL.Tests.LiftsSlopesServiceTests" name="TestAdminAddAutoIncrementLiftSlopeAsync" />
    </UnitTest>
    <UnitTest name="BL.Tests.UsersServiceTests.TestRegisterUserWithNoPassword" storage="c:\users\alena\desktop\7_sem\testing_and_debugging\skiresort\bl.tests\bin\debug\net6.0\bl.tests.dll" id="f44a1b21-8efc-bfac-63b4-d534442def31">
      <Execution id="3873fdb2-83ef-440c-af82-acfa3910ffa8" />
      <TestMethod codeBase="C:\Users\alena\Desktop\7_sem\testing_and_debugging\SkiResort\BL.Tests\bin\Debug\net6.0\BL.Tests.dll" adapterTypeName="executor://xunit/VsTestRunner2/netcoreapp" className="BL.Tests.UsersServiceTests" name="TestRegisterUserWithNoPassword" />
    </UnitTest>
    <UnitTest name="BL.Tests.UsersServiceTests.TestAdminGetUserByIDAsync" storage="c:\users\alena\desktop\7_sem\testing_and_debugging\skiresort\bl.tests\bin\debug\net6.0\bl.tests.dll" id="e5497347-2721-b7a6-0bd4-69a9921f6947">
      <Execution id="7c6b7fac-c7d3-43ab-b1cb-d2b8509ff245" />
      <TestMethod codeBase="C:\Users\alena\Desktop\7_sem\testing_and_debugging\SkiResort\BL.Tests\bin\Debug\net6.0\BL.Tests.dll" adapterTypeName="executor://xunit/VsTestRunner2/netcoreapp" className="BL.Tests.UsersServiceTests" name="TestAdminGetUserByIDAsync" />
    </UnitTest>
    <UnitTest name="BL.Tests.TurnstilesServiceTest.TestAdminGetTurnstileAsync(userID: 241, turnstile: Turnstile { TurnstileID = 221, LiftID = 73, IsOpen = True }, checkPermissionServiceMock: Mock&lt;ICheckPermissionService:12&gt;, turnstilesRepositoryStub: Mock&lt;ITurnstilesRepository:6&gt;, sut: TurnstilesService { })" storage="c:\users\alena\desktop\7_sem\testing_and_debugging\skiresort\bl.tests\bin\debug\net6.0\bl.tests.dll" id="f836e592-001a-43e5-d8c3-39b9743d337c">
      <Execution id="7e0df7d1-9929-4f00-9ee5-9109e3075755" />
      <TestMethod codeBase="C:\Users\alena\Desktop\7_sem\testing_and_debugging\SkiResort\BL.Tests\bin\Debug\net6.0\BL.Tests.dll" adapterTypeName="executor://xunit/VsTestRunner2/netcoreapp" className="BL.Tests.TurnstilesServiceTest" name="TestAdminGetTurnstileAsync" />
    </UnitTest>
    <UnitTest name="BL.Tests.SlopesServiceTest.TestUpdateSlopeInfoAsync(userID: 121, slope: Slope { SlopeID = 249, SlopeName = slopeNamef486bedc-4393-46c8-a207-0fc2737c9328, IsOpen = True, DifficultyLevel = 64, ConnectedLifts =  }, checkPermissionServiceMock: Mock&lt;ICheckPermissionService:8&gt;, slopesRepositoryStub: Mock&lt;ISlopesRepository:6&gt;, sut: SlopesService { })" storage="c:\users\alena\desktop\7_sem\testing_and_debugging\skiresort\bl.tests\bin\debug\net6.0\bl.tests.dll" id="c384176b-69e3-d4be-0e25-0dabc536fe95">
      <Execution id="ec73a5ba-8cf4-48a1-bfd6-3b12fe159abc" />
      <TestMethod codeBase="C:\Users\alena\Desktop\7_sem\testing_and_debugging\SkiResort\BL.Tests\bin\Debug\net6.0\BL.Tests.dll" adapterTypeName="executor://xunit/VsTestRunner2/netcoreapp" className="BL.Tests.SlopesServiceTest" name="TestUpdateSlopeInfoAsync" />
    </UnitTest>
    <UnitTest name="BL.Tests.SlopesServiceTest.TestGetSlopesInfoAsync(userID: 192, initialSlopes: [Slope { SlopeID = 147, SlopeName = slopeNameb354d694-8bbb-4db1-a1c4-8039cf92cab4, IsOpen = True, DifficultyLevel = 210, ConnectedLifts =  }, Slope { SlopeID = 37, SlopeName = slopeName1f1ce55b-ebd7-4fe0-a857-bbd35ea76631, IsOpen = False, DifficultyLevel = 72, ConnectedLifts =  }, Slope { SlopeID = 73, SlopeName = slopeNamee6183c0c-11ef-4c2e-84ad-95ae639cae36, IsO..." storage="c:\users\alena\desktop\7_sem\testing_and_debugging\skiresort\bl.tests\bin\debug\net6.0\bl.tests.dll" id="d8465e12-10b3-79f0-c260-8743a1624612">
      <Execution id="a887c0f0-279e-4e80-b800-48f03564f9f4" />
      <TestMethod codeBase="C:\Users\alena\Desktop\7_sem\testing_and_debugging\SkiResort\BL.Tests\bin\Debug\net6.0\BL.Tests.dll" adapterTypeName="executor://xunit/VsTestRunner2/netcoreapp" className="BL.Tests.SlopesServiceTest" name="TestGetSlopesInfoAsync" />
    </UnitTest>
    <UnitTest name="BL.Tests.SlopesServiceTest.TestAdminAddAutoIncrementSlopeAsync(userID: 20, slope: Slope { SlopeID = 225, SlopeName = slopeName70b63579-36ee-4e8e-8e08-d6b18ec3fcde, IsOpen = True, DifficultyLevel = 219, ConnectedLifts =  }, checkPermissionServiceMock: Mock&lt;ICheckPermissionService:10&gt;, slopesRepositoryStub: Mock&lt;ISlopesRepository:8&gt;, sut: SlopesService { })" storage="c:\users\alena\desktop\7_sem\testing_and_debugging\skiresort\bl.tests\bin\debug\net6.0\bl.tests.dll" id="cfce90f3-18ca-f3dd-21d3-20f98103e3eb">
      <Execution id="f65ed672-d038-4c62-b59b-38702cd6e86c" />
      <TestMethod codeBase="C:\Users\alena\Desktop\7_sem\testing_and_debugging\SkiResort\BL.Tests\bin\Debug\net6.0\BL.Tests.dll" adapterTypeName="executor://xunit/VsTestRunner2/netcoreapp" className="BL.Tests.SlopesServiceTest" name="TestAdminAddAutoIncrementSlopeAsync" />
    </UnitTest>
    <UnitTest name="BL.Tests.UsersServiceTests.TestAdminAddAutoIncrementUser" storage="c:\users\alena\desktop\7_sem\testing_and_debugging\skiresort\bl.tests\bin\debug\net6.0\bl.tests.dll" id="834c739b-eca4-b36d-6a66-5a1bd75377b8">
      <Execution id="46685b2f-0056-4511-95d7-4f96c3440f30" />
      <TestMethod codeBase="C:\Users\alena\Desktop\7_sem\testing_and_debugging\SkiResort\BL.Tests\bin\Debug\net6.0\BL.Tests.dll" adapterTypeName="executor://xunit/VsTestRunner2/netcoreapp" className="BL.Tests.UsersServiceTests" name="TestAdminAddAutoIncrementUser" />
    </UnitTest>
    <UnitTest name="BL.Tests.CheckPermissionsServiceTests.UnauthorizedHasNoAccessToAdminSkiPatrolFunctions(functionName: &quot;GetLiftsSlopesInfoAsync&quot;)" storage="c:\users\alena\desktop\7_sem\testing_and_debugging\skiresort\bl.tests\bin\debug\net6.0\bl.tests.dll" id="387c9729-48c1-486e-5e67-f5d11a9f0db8">
      <Execution id="f1467e3a-553c-46aa-94bd-68002db649fa" />
      <TestMethod codeBase="C:\Users\alena\Desktop\7_sem\testing_and_debugging\SkiResort\BL.Tests\bin\Debug\net6.0\BL.Tests.dll" adapterTypeName="executor://xunit/VsTestRunner2/netcoreapp" className="BL.Tests.CheckPermissionsServiceTests" name="UnauthorizedHasNoAccessToAdminSkiPatrolFunctions" />
    </UnitTest>
    <UnitTest name="BL.Tests.CheckPermissionsServiceTests.SkiPatrolHasAccessToAdminSkiPatrolFunctions(functionName: &quot;MarkMessageReadByUserAsync&quot;)" storage="c:\users\alena\desktop\7_sem\testing_and_debugging\skiresort\bl.tests\bin\debug\net6.0\bl.tests.dll" id="60bd668f-04df-da5e-b79b-5d9aedb5234d">
      <Execution id="faa29856-bf40-4c16-915d-79e87e46b0b2" />
      <TestMethod codeBase="C:\Users\alena\Desktop\7_sem\testing_and_debugging\SkiResort\BL.Tests\bin\Debug\net6.0\BL.Tests.dll" adapterTypeName="executor://xunit/VsTestRunner2/netcoreapp" className="BL.Tests.CheckPermissionsServiceTests" name="SkiPatrolHasAccessToAdminSkiPatrolFunctions" />
    </UnitTest>
    <UnitTest name="BL.Tests.CheckPermissionsServiceTests.UnauthorizedHasNoAccessToAdminFunctions" storage="c:\users\alena\desktop\7_sem\testing_and_debugging\skiresort\bl.tests\bin\debug\net6.0\bl.tests.dll" id="e2d7e5be-3dae-33ae-fb17-c704b6fd58d6">
      <Execution id="50e219c2-eec1-4e39-aca3-00690d230fc1" />
      <TestMethod codeBase="C:\Users\alena\Desktop\7_sem\testing_and_debugging\SkiResort\BL.Tests\bin\Debug\net6.0\BL.Tests.dll" adapterTypeName="executor://xunit/VsTestRunner2/netcoreapp" className="BL.Tests.CheckPermissionsServiceTests" name="UnauthorizedHasNoAccessToAdminFunctions" />
    </UnitTest>
    <UnitTest name="BL.Tests.CheckPermissionsServiceTests.SkiPatrolHasAccessToAdminSkiPatrolFunctions(functionName: &quot;GetLiftsSlopesInfoAsync&quot;)" storage="c:\users\alena\desktop\7_sem\testing_and_debugging\skiresort\bl.tests\bin\debug\net6.0\bl.tests.dll" id="2d706594-f2b3-b3c8-21d4-86c9798c3306">
      <Execution id="e1f6dd6a-ed28-44cb-bc0e-b6e9cbd43e91" />
      <TestMethod codeBase="C:\Users\alena\Desktop\7_sem\testing_and_debugging\SkiResort\BL.Tests\bin\Debug\net6.0\BL.Tests.dll" adapterTypeName="executor://xunit/VsTestRunner2/netcoreapp" className="BL.Tests.CheckPermissionsServiceTests" name="SkiPatrolHasAccessToAdminSkiPatrolFunctions" />
    </UnitTest>
    <UnitTest name="BL.Tests.UsersServiceTests.TestLogInWithWrongPassword" storage="c:\users\alena\desktop\7_sem\testing_and_debugging\skiresort\bl.tests\bin\debug\net6.0\bl.tests.dll" id="69340bb6-3645-f9dd-971e-29d8b2a009bb">
      <Execution id="5fd22650-8824-414e-bfae-8fadccdd0915" />
      <TestMethod codeBase="C:\Users\alena\Desktop\7_sem\testing_and_debugging\SkiResort\BL.Tests\bin\Debug\net6.0\BL.Tests.dll" adapterTypeName="executor://xunit/VsTestRunner2/netcoreapp" className="BL.Tests.UsersServiceTests" name="TestLogInWithWrongPassword" />
    </UnitTest>
    <UnitTest name="BL.Tests.CheckPermissionsServiceTests.SkiPatrolHasNoAccessToAdminFunctions" storage="c:\users\alena\desktop\7_sem\testing_and_debugging\skiresort\bl.tests\bin\debug\net6.0\bl.tests.dll" id="492c0393-35b4-df26-a537-21ca08302f3c">
      <Execution id="dd023f3c-787e-4d1f-853e-f6a43601469e" />
      <TestMethod codeBase="C:\Users\alena\Desktop\7_sem\testing_and_debugging\SkiResort\BL.Tests\bin\Debug\net6.0\BL.Tests.dll" adapterTypeName="executor://xunit/VsTestRunner2/netcoreapp" className="BL.Tests.CheckPermissionsServiceTests" name="SkiPatrolHasNoAccessToAdminFunctions" />
    </UnitTest>
    <UnitTest name="BL.Tests.TurnstilesServiceTest.TestAdminGetTurnstilesAsync(userID: 179, initialTurnstiles: [Turnstile { TurnstileID = 9, LiftID = 55, IsOpen = True }, Turnstile { TurnstileID = 99, LiftID = 126, IsOpen = False }, Turnstile { TurnstileID = 81, LiftID = 231, IsOpen = True }], checkPermissionServiceMock: Mock&lt;ICheckPermissionService:13&gt;, turnstilesRepositoryStub: Mock&lt;ITurnstilesRepository:7&gt;, sut: TurnstilesService { })" storage="c:\users\alena\desktop\7_sem\testing_and_debugging\skiresort\bl.tests\bin\debug\net6.0\bl.tests.dll" id="a77db57a-a2e0-0d76-c40d-75fd79595ea5">
      <Execution id="30015680-297b-4cb0-8c2c-b1caef0c57c5" />
      <TestMethod codeBase="C:\Users\alena\Desktop\7_sem\testing_and_debugging\SkiResort\BL.Tests\bin\Debug\net6.0\BL.Tests.dll" adapterTypeName="executor://xunit/VsTestRunner2/netcoreapp" className="BL.Tests.TurnstilesServiceTest" name="TestAdminGetTurnstilesAsync" />
    </UnitTest>
    <UnitTest name="BL.Tests.UsersServiceTests.TestAdminDeleteUser" storage="c:\users\alena\desktop\7_sem\testing_and_debugging\skiresort\bl.tests\bin\debug\net6.0\bl.tests.dll" id="18fa8c62-e27d-e1fc-8182-4d7db62b008d">
      <Execution id="8441cfa9-e114-4ae1-a532-5d3662f4a2b9" />
      <TestMethod codeBase="C:\Users\alena\Desktop\7_sem\testing_and_debugging\SkiResort\BL.Tests\bin\Debug\net6.0\BL.Tests.dll" adapterTypeName="executor://xunit/VsTestRunner2/netcoreapp" className="BL.Tests.UsersServiceTests" name="TestAdminDeleteUser" />
    </UnitTest>
    <UnitTest name="BL.Tests.CheckPermissionsServiceTests.AuthorizedHasAccessToAuthorizedFunctions(functionName: &quot;LogOutAsync&quot;)" storage="c:\users\alena\desktop\7_sem\testing_and_debugging\skiresort\bl.tests\bin\debug\net6.0\bl.tests.dll" id="aa28a6b3-21d3-aa45-24d3-bef2facbc899">
      <Execution id="27b9bd4e-a09f-494b-b2ca-5ecdb38c6391" />
      <TestMethod codeBase="C:\Users\alena\Desktop\7_sem\testing_and_debugging\SkiResort\BL.Tests\bin\Debug\net6.0\BL.Tests.dll" adapterTypeName="executor://xunit/VsTestRunner2/netcoreapp" className="BL.Tests.CheckPermissionsServiceTests" name="AuthorizedHasAccessToAuthorizedFunctions" />
    </UnitTest>
    <UnitTest name="BL.Tests.LiftsSlopesServiceTests.TestAdminDeleteLiftSlopeAsync(lift: Lift { LiftID = 216, LiftName = liftName9cf2c5f5-b944-462e-9b37-06eee7036394, IsOpen = True, SeatsAmount = 177, LiftingTime = 141, QueueTime = 3, ConnectedSlopes =  }, slope: Slope { SlopeID = 151, SlopeName = slopeNamea69b3c34-c357-406b-81f6-9fab30bb4db9, IsOpen = False, DifficultyLevel = 240, ConnectedLifts =  }, slopesRepositoryStub: Mock&lt;ISlopesRepository:2&gt;, liftsRepo..." storage="c:\users\alena\desktop\7_sem\testing_and_debugging\skiresort\bl.tests\bin\debug\net6.0\bl.tests.dll" id="d200211c-0b5f-17b4-908f-5bd37ccb7873">
      <Execution id="6f1d32e6-35cd-4f1b-b4f3-af02cb267681" />
      <TestMethod codeBase="C:\Users\alena\Desktop\7_sem\testing_and_debugging\SkiResort\BL.Tests\bin\Debug\net6.0\BL.Tests.dll" adapterTypeName="executor://xunit/VsTestRunner2/netcoreapp" className="BL.Tests.LiftsSlopesServiceTests" name="TestAdminDeleteLiftSlopeAsync" />
    </UnitTest>
    <UnitTest name="BL.Tests.UsersServiceTests.TestAdminUpdateUser" storage="c:\users\alena\desktop\7_sem\testing_and_debugging\skiresort\bl.tests\bin\debug\net6.0\bl.tests.dll" id="06d0bc3a-24a0-fb7f-4277-e9ae6d21c7dd">
      <Execution id="ef6b57b2-f36a-4a99-8114-4f02a565e69b" />
      <TestMethod codeBase="C:\Users\alena\Desktop\7_sem\testing_and_debugging\SkiResort\BL.Tests\bin\Debug\net6.0\BL.Tests.dll" adapterTypeName="executor://xunit/VsTestRunner2/netcoreapp" className="BL.Tests.UsersServiceTests" name="TestAdminUpdateUser" />
    </UnitTest>
    <UnitTest name="BL.Tests.LiftsServiceTest.TestGetLiftInfoAsync(userID: 132, lift: Lift { LiftID = 218, LiftName = liftNamee89a9a76-7689-4976-8651-05cfa59070a5, IsOpen = True, SeatsAmount = 52, LiftingTime = 137, QueueTime = 151, ConnectedSlopes =  }, checkPermissionServiceMock: Mock&lt;ICheckPermissionService:1&gt;, liftsRepositoryStub: Mock&lt;ILiftsRepository:1&gt;, liftsSlopesRepositoryStub: Mock&lt;ILiftsSlopesRepository:1&gt;, sut: LiftsService { })" storage="c:\users\alena\desktop\7_sem\testing_and_debugging\skiresort\bl.tests\bin\debug\net6.0\bl.tests.dll" id="e5f4e93b-1544-0b50-ee10-d84c01a1a4a9">
      <Execution id="86a195ec-aa6a-42af-bf68-88be1c878c83" />
      <TestMethod codeBase="C:\Users\alena\Desktop\7_sem\testing_and_debugging\SkiResort\BL.Tests\bin\Debug\net6.0\BL.Tests.dll" adapterTypeName="executor://xunit/VsTestRunner2/netcoreapp" className="BL.Tests.LiftsServiceTest" name="TestGetLiftInfoAsync" />
    </UnitTest>
    <UnitTest name="BL.Tests.UsersServiceTests.TestLogInOk" storage="c:\users\alena\desktop\7_sem\testing_and_debugging\skiresort\bl.tests\bin\debug\net6.0\bl.tests.dll" id="1ca07ad8-f799-c5d4-e7cc-34fd950198a2">
      <Execution id="5ba5ebd4-3ba1-475e-a8d5-a4c78a44205f" />
      <TestMethod codeBase="C:\Users\alena\Desktop\7_sem\testing_and_debugging\SkiResort\BL.Tests\bin\Debug\net6.0\BL.Tests.dll" adapterTypeName="executor://xunit/VsTestRunner2/netcoreapp" className="BL.Tests.UsersServiceTests" name="TestLogInOk" />
    </UnitTest>
    <UnitTest name="BL.Tests.UsersServiceTests.TestAdminGetUsers" storage="c:\users\alena\desktop\7_sem\testing_and_debugging\skiresort\bl.tests\bin\debug\net6.0\bl.tests.dll" id="20ad8570-0170-85de-dcd7-2f109dd7bcd6">
      <Execution id="7a210963-7a56-49c1-a1b6-1cc7348181b4" />
      <TestMethod codeBase="C:\Users\alena\Desktop\7_sem\testing_and_debugging\SkiResort\BL.Tests\bin\Debug\net6.0\BL.Tests.dll" adapterTypeName="executor://xunit/VsTestRunner2/netcoreapp" className="BL.Tests.UsersServiceTests" name="TestAdminGetUsers" />
    </UnitTest>
    <UnitTest name="BL.Tests.CheckPermissionsServiceTests.UnauthorizedHasNoAccessToAdminSkiPatrolFunctions(functionName: &quot;GetMessagesAsync&quot;)" storage="c:\users\alena\desktop\7_sem\testing_and_debugging\skiresort\bl.tests\bin\debug\net6.0\bl.tests.dll" id="229812f5-9a73-5335-11f5-31330d1348a5">
      <Execution id="3a501c09-049c-4807-8b73-a7c868c6c8ea" />
      <TestMethod codeBase="C:\Users\alena\Desktop\7_sem\testing_and_debugging\SkiResort\BL.Tests\bin\Debug\net6.0\BL.Tests.dll" adapterTypeName="executor://xunit/VsTestRunner2/netcoreapp" className="BL.Tests.CheckPermissionsServiceTests" name="UnauthorizedHasNoAccessToAdminSkiPatrolFunctions" />
    </UnitTest>
    <UnitTest name="BL.Tests.LiftsServiceTest.TestAdminAddAutoIncrementLiftAsync(userID: 80, lift: Lift { LiftID = 93, LiftName = liftName6bb3778c-5bad-456f-b433-12cb13b876ec, IsOpen = True, SeatsAmount = 45, LiftingTime = 52, QueueTime = 31, ConnectedSlopes =  }, checkPermissionServiceMock: Mock&lt;ICheckPermissionService:5&gt;, liftsRepositoryStub: Mock&lt;ILiftsRepository:5&gt;, sut: LiftsService { })" storage="c:\users\alena\desktop\7_sem\testing_and_debugging\skiresort\bl.tests\bin\debug\net6.0\bl.tests.dll" id="813fb092-9fbc-8236-bcd0-a28929ab7873">
      <Execution id="ec3681ab-458a-4a99-96cb-c776a32ff2ee" />
      <TestMethod codeBase="C:\Users\alena\Desktop\7_sem\testing_and_debugging\SkiResort\BL.Tests\bin\Debug\net6.0\BL.Tests.dll" adapterTypeName="executor://xunit/VsTestRunner2/netcoreapp" className="BL.Tests.LiftsServiceTest" name="TestAdminAddAutoIncrementLiftAsync" />
    </UnitTest>
    <UnitTest name="BL.Tests.LiftsSlopesServiceTests.TestGetLiftsSlopesInfoAsync(liftsSlopes: [LiftSlope { RecordID = 52, LiftID = 77, SlopeID = 74 }, LiftSlope { RecordID = 8, LiftID = 216, SlopeID = 42 }, LiftSlope { RecordID = 21, LiftID = 241, SlopeID = 213 }], slopesRepositoryStub: Mock&lt;ISlopesRepository:1&gt;, liftsRepositoryStub: Mock&lt;ILiftsRepository:6&gt;, liftsSlopesRepositoryStub: Mock&lt;ILiftsSlopesRepository:6&gt;)" storage="c:\users\alena\desktop\7_sem\testing_and_debugging\skiresort\bl.tests\bin\debug\net6.0\bl.tests.dll" id="39be9b5e-0bc4-57dc-37d3-aec6b520299d">
      <Execution id="90b806b5-eeb0-4bb4-ba6b-04513b3edce8" />
      <TestMethod codeBase="C:\Users\alena\Desktop\7_sem\testing_and_debugging\SkiResort\BL.Tests\bin\Debug\net6.0\BL.Tests.dll" adapterTypeName="executor://xunit/VsTestRunner2/netcoreapp" className="BL.Tests.LiftsSlopesServiceTests" name="TestGetLiftsSlopesInfoAsync" />
    </UnitTest>
    <UnitTest name="BL.Tests.SlopesServiceTest.TestGetSlopeInfoAsync(userID: 107, slope: Slope { SlopeID = 236, SlopeName = slopeName4228056f-393e-46c9-a18f-59823825e07e, IsOpen = True, DifficultyLevel = 113, ConnectedLifts =  }, checkPermissionServiceMock: Mock&lt;ICheckPermissionService:6&gt;, slopesRepositoryStub: Mock&lt;ISlopesRepository:4&gt;, liftsSlopesRepositoryStub: Mock&lt;ILiftsSlopesRepository:9&gt;, sut: SlopesService { })" storage="c:\users\alena\desktop\7_sem\testing_and_debugging\skiresort\bl.tests\bin\debug\net6.0\bl.tests.dll" id="0d00cbd1-6daa-0d0b-427e-7c4708123b49">
      <Execution id="814df958-c315-4652-b8a5-5ea3b0e8d573" />
      <TestMethod codeBase="C:\Users\alena\Desktop\7_sem\testing_and_debugging\SkiResort\BL.Tests\bin\Debug\net6.0\BL.Tests.dll" adapterTypeName="executor://xunit/VsTestRunner2/netcoreapp" className="BL.Tests.SlopesServiceTest" name="TestGetSlopeInfoAsync" />
    </UnitTest>
    <UnitTest name="BL.Tests.TurnstilesServiceTest.TestAdminAddAutoIncrementTurnstileAsync(userID: 197, turnstile: Turnstile { TurnstileID = 206, LiftID = 242, IsOpen = True }, checkPermissionServiceMock: Mock&lt;ICheckPermissionService:16&gt;, turnstilesRepositoryStub: Mock&lt;ITurnstilesRepository:10&gt;, sut: TurnstilesService { })" storage="c:\users\alena\desktop\7_sem\testing_and_debugging\skiresort\bl.tests\bin\debug\net6.0\bl.tests.dll" id="28fea1e7-cfa9-dc69-78ef-5468eb1b24fa">
      <Execution id="a91af6c6-f9ff-496f-9fdc-af2bc850273f" />
      <TestMethod codeBase="C:\Users\alena\Desktop\7_sem\testing_and_debugging\SkiResort\BL.Tests\bin\Debug\net6.0\BL.Tests.dll" adapterTypeName="executor://xunit/VsTestRunner2/netcoreapp" className="BL.Tests.TurnstilesServiceTest" name="TestAdminAddAutoIncrementTurnstileAsync" />
    </UnitTest>
    <UnitTest name="BL.Tests.CheckPermissionsServiceTests.AuthorizedHasNoAccessToAdminSkiPatrolFunctions(functionName: &quot;GetLiftsSlopesInfoAsync&quot;)" storage="c:\users\alena\desktop\7_sem\testing_and_debugging\skiresort\bl.tests\bin\debug\net6.0\bl.tests.dll" id="4f297306-d4f3-8d63-e7f4-1ac0b8c58c74">
      <Execution id="9755a464-859f-49d8-882a-f76f301682f1" />
      <TestMethod codeBase="C:\Users\alena\Desktop\7_sem\testing_and_debugging\SkiResort\BL.Tests\bin\Debug\net6.0\BL.Tests.dll" adapterTypeName="executor://xunit/VsTestRunner2/netcoreapp" className="BL.Tests.CheckPermissionsServiceTests" name="AuthorizedHasNoAccessToAdminSkiPatrolFunctions" />
    </UnitTest>
    <UnitTest name="BL.Tests.LiftsServiceTest.TestUpdateLiftInfoAsync(userID: 168, lift: Lift { LiftID = 57, LiftName = liftName4e7e3e27-bb54-4a05-8a9d-e20a6afaa3f1, IsOpen = True, SeatsAmount = 244, LiftingTime = 43, QueueTime = 65, ConnectedSlopes =  }, checkPermissionServiceMock: Mock&lt;ICheckPermissionService:3&gt;, liftsRepositoryStub: Mock&lt;ILiftsRepository:3&gt;, sut: LiftsService { })" storage="c:\users\alena\desktop\7_sem\testing_and_debugging\skiresort\bl.tests\bin\debug\net6.0\bl.tests.dll" id="868206ff-ca00-0558-2f8b-c094ea7a9a11">
      <Execution id="c83d93f1-fdc6-4583-9b8b-64e5878a876b" />
      <TestMethod codeBase="C:\Users\alena\Desktop\7_sem\testing_and_debugging\SkiResort\BL.Tests\bin\Debug\net6.0\BL.Tests.dll" adapterTypeName="executor://xunit/VsTestRunner2/netcoreapp" className="BL.Tests.LiftsServiceTest" name="TestUpdateLiftInfoAsync" />
    </UnitTest>
    <UnitTest name="BL.Tests.UsersServiceTests.TestRegisterOk" storage="c:\users\alena\desktop\7_sem\testing_and_debugging\skiresort\bl.tests\bin\debug\net6.0\bl.tests.dll" id="0eeef75f-6e38-7893-a8fe-cff3e0a970a7">
      <Execution id="bb21a316-d732-4793-9457-e4693a81a615" />
      <TestMethod codeBase="C:\Users\alena\Desktop\7_sem\testing_and_debugging\SkiResort\BL.Tests\bin\Debug\net6.0\BL.Tests.dll" adapterTypeName="executor://xunit/VsTestRunner2/netcoreapp" className="BL.Tests.UsersServiceTests" name="TestRegisterOk" />
    </UnitTest>
    <UnitTest name="BL.Tests.SlopesServiceTest.TestAdminDeleteSlopeAsync(userID: 6, slope: Slope { SlopeID = 76, SlopeName = slopeName51be60d1-94d8-4caf-a78f-fa6bd9e66bb6, IsOpen = True, DifficultyLevel = 252, ConnectedLifts =  }, checkPermissionServiceMock: Mock&lt;ICheckPermissionService:9&gt;, slopesRepositoryStub: Mock&lt;ISlopesRepository:7&gt;, liftsSlopesRepositoryStub: Mock&lt;ILiftsSlopesRepository:12&gt;, sut: SlopesService { })" storage="c:\users\alena\desktop\7_sem\testing_and_debugging\skiresort\bl.tests\bin\debug\net6.0\bl.tests.dll" id="ff2e00bc-711e-36e0-5fa6-8be0211a4202">
      <Execution id="9f28cf40-d65e-4696-9bff-8ab00d29cbbf" />
      <TestMethod codeBase="C:\Users\alena\Desktop\7_sem\testing_and_debugging\SkiResort\BL.Tests\bin\Debug\net6.0\BL.Tests.dll" adapterTypeName="executor://xunit/VsTestRunner2/netcoreapp" className="BL.Tests.SlopesServiceTest" name="TestAdminDeleteSlopeAsync" />
    </UnitTest>
    <UnitTest name="BL.Tests.LiftsServiceTest.TestGetLiftsInfoAsync(userID: 40, initialLifts: [Lift { LiftID = 124, LiftName = liftName94e2b1e3-648a-401e-9542-230472d62840, IsOpen = True, SeatsAmount = 16, LiftingTime = 196, QueueTime = 41, ConnectedSlopes =  }, Lift { LiftID = 30, LiftName = liftNamec09eb354-8b47-4544-9c57-7c81eddfaf75, IsOpen = False, SeatsAmount = 114, LiftingTime = 244, QueueTime = 68, ConnectedSlopes =  }, Lift { LiftID = 94, LiftName = l..." storage="c:\users\alena\desktop\7_sem\testing_and_debugging\skiresort\bl.tests\bin\debug\net6.0\bl.tests.dll" id="598e116a-4f29-3f92-5ffb-a7b81fea11ba">
      <Execution id="aafead3f-9cf0-4a83-bb6c-46e8f528e3ed" />
      <TestMethod codeBase="C:\Users\alena\Desktop\7_sem\testing_and_debugging\SkiResort\BL.Tests\bin\Debug\net6.0\BL.Tests.dll" adapterTypeName="executor://xunit/VsTestRunner2/netcoreapp" className="BL.Tests.LiftsServiceTest" name="TestGetLiftsInfoAsync" />
    </UnitTest>
    <UnitTest name="BL.Tests.LiftsServiceTest.TestAdminDeleteLiftAsync(userID: 208, lift: Lift { LiftID = 77, LiftName = liftName96d859e2-e3c8-420a-b3c3-e4aedeaa3964, IsOpen = True, SeatsAmount = 210, LiftingTime = 114, QueueTime = 129, ConnectedSlopes =  }, checkPermissionServiceMock: Mock&lt;ICheckPermissionService:4&gt;, liftsRepositoryStub: Mock&lt;ILiftsRepository:4&gt;, liftsSlopesRepositoryStub: Mock&lt;ILiftsSlopesRepository:4&gt;, sut: LiftsService { })" storage="c:\users\alena\desktop\7_sem\testing_and_debugging\skiresort\bl.tests\bin\debug\net6.0\bl.tests.dll" id="dff8d9f6-6384-849c-1f6a-9c9f359e6d0e">
      <Execution id="5c2bc84e-02fe-432d-b778-e77afd50df7b" />
      <TestMethod codeBase="C:\Users\alena\Desktop\7_sem\testing_and_debugging\SkiResort\BL.Tests\bin\Debug\net6.0\BL.Tests.dll" adapterTypeName="executor://xunit/VsTestRunner2/netcoreapp" className="BL.Tests.LiftsServiceTest" name="TestAdminDeleteLiftAsync" />
    </UnitTest>
    <UnitTest name="BL.Tests.CheckPermissionsServiceTests.AuthorizedHasAccessToAuthorizedFunctions(functionName: &quot;SendMessageAsync&quot;)" storage="c:\users\alena\desktop\7_sem\testing_and_debugging\skiresort\bl.tests\bin\debug\net6.0\bl.tests.dll" id="644ec43e-70cd-c82d-42e7-0d990be1414d">
      <Execution id="6e8f6812-1e0f-4614-b7ad-0f25cd728ebd" />
      <TestMethod codeBase="C:\Users\alena\Desktop\7_sem\testing_and_debugging\SkiResort\BL.Tests\bin\Debug\net6.0\BL.Tests.dll" adapterTypeName="executor://xunit/VsTestRunner2/netcoreapp" className="BL.Tests.CheckPermissionsServiceTests" name="AuthorizedHasAccessToAuthorizedFunctions" />
    </UnitTest>
    <UnitTest name="BL.Tests.CheckPermissionsServiceTests.UnauthorizedHasNoAccessToAuthorizedFunctions(functionName: &quot;LogOutAsync&quot;)" storage="c:\users\alena\desktop\7_sem\testing_and_debugging\skiresort\bl.tests\bin\debug\net6.0\bl.tests.dll" id="fa960c5e-f989-2880-784e-8efe538c5231">
      <Execution id="7bfb72a5-81f1-4294-9939-a065b4fafbdb" />
      <TestMethod codeBase="C:\Users\alena\Desktop\7_sem\testing_and_debugging\SkiResort\BL.Tests\bin\Debug\net6.0\BL.Tests.dll" adapterTypeName="executor://xunit/VsTestRunner2/netcoreapp" className="BL.Tests.CheckPermissionsServiceTests" name="UnauthorizedHasNoAccessToAuthorizedFunctions" />
    </UnitTest>
    <UnitTest name="BL.Tests.CheckPermissionsServiceTests.UnauthorizedHasNoAccessToAuthorizedFunctions(functionName: &quot;SendMessageAsync&quot;)" storage="c:\users\alena\desktop\7_sem\testing_and_debugging\skiresort\bl.tests\bin\debug\net6.0\bl.tests.dll" id="eaabd2fc-2f4b-5689-59c8-c7ad34a8f634">
      <Execution id="f31662d0-4c1e-4cf6-8752-cf16b73f7480" />
      <TestMethod codeBase="C:\Users\alena\Desktop\7_sem\testing_and_debugging\SkiResort\BL.Tests\bin\Debug\net6.0\BL.Tests.dll" adapterTypeName="executor://xunit/VsTestRunner2/netcoreapp" className="BL.Tests.CheckPermissionsServiceTests" name="UnauthorizedHasNoAccessToAuthorizedFunctions" />
    </UnitTest>
    <UnitTest name="BL.Tests.TurnstilesServiceTest.TestAdminUpdateTurnstileAsync(userID: 172, turnstile: Turnstile { TurnstileID = 25, LiftID = 253, IsOpen = True }, checkPermissionServiceMock: Mock&lt;ICheckPermissionService:14&gt;, turnstilesRepositoryStub: Mock&lt;ITurnstilesRepository:8&gt;, sut: TurnstilesService { })" storage="c:\users\alena\desktop\7_sem\testing_and_debugging\skiresort\bl.tests\bin\debug\net6.0\bl.tests.dll" id="6d6c9931-4670-553d-8af6-b95c2fca985b">
      <Execution id="a084f1e5-1fb9-4662-b770-fef0d296b804" />
      <TestMethod codeBase="C:\Users\alena\Desktop\7_sem\testing_and_debugging\SkiResort\BL.Tests\bin\Debug\net6.0\BL.Tests.dll" adapterTypeName="executor://xunit/VsTestRunner2/netcoreapp" className="BL.Tests.TurnstilesServiceTest" name="TestAdminUpdateTurnstileAsync" />
    </UnitTest>
    <UnitTest name="BL.Tests.UsersServiceTests.TestRegisterUserWithRepeatedEmail" storage="c:\users\alena\desktop\7_sem\testing_and_debugging\skiresort\bl.tests\bin\debug\net6.0\bl.tests.dll" id="894941c1-bfa7-d8f9-c047-1e1ceefe2c2f">
      <Execution id="a8e92c77-5b34-441d-a3e7-aaa8af0cafb6" />
      <TestMethod codeBase="C:\Users\alena\Desktop\7_sem\testing_and_debugging\SkiResort\BL.Tests\bin\Debug\net6.0\BL.Tests.dll" adapterTypeName="executor://xunit/VsTestRunner2/netcoreapp" className="BL.Tests.UsersServiceTests" name="TestRegisterUserWithRepeatedEmail" />
    </UnitTest>
    <UnitTest name="BL.Tests.SlopesServiceTest.TestAdminAddSlopeAsync(userID: 5, slope: Slope { SlopeID = 121, SlopeName = slopeName4468c309-a845-4514-8ea3-e1c458e4aa56, IsOpen = True, DifficultyLevel = 206, ConnectedLifts =  }, checkPermissionServiceMock: Mock&lt;ICheckPermissionService:11&gt;, slopesRepositoryStub: Mock&lt;ISlopesRepository:9&gt;, sut: SlopesService { })" storage="c:\users\alena\desktop\7_sem\testing_and_debugging\skiresort\bl.tests\bin\debug\net6.0\bl.tests.dll" id="e564dc13-0c57-7b7e-31fe-2959481d2540">
      <Execution id="ae9f6880-ba3c-4593-82bf-a6cdfa7d41f2" />
      <TestMethod codeBase="C:\Users\alena\Desktop\7_sem\testing_and_debugging\SkiResort\BL.Tests\bin\Debug\net6.0\BL.Tests.dll" adapterTypeName="executor://xunit/VsTestRunner2/netcoreapp" className="BL.Tests.SlopesServiceTest" name="TestAdminAddSlopeAsync" />
    </UnitTest>
    <UnitTest name="BL.Tests.UsersServiceTests.TestRegisterUserWithNoEmail" storage="c:\users\alena\desktop\7_sem\testing_and_debugging\skiresort\bl.tests\bin\debug\net6.0\bl.tests.dll" id="8184bd30-991c-b78d-b4ec-99a485eac0dd">
      <Execution id="8fc8fb79-e655-4744-9fa8-d876b5946fde" />
      <TestMethod codeBase="C:\Users\alena\Desktop\7_sem\testing_and_debugging\SkiResort\BL.Tests\bin\Debug\net6.0\BL.Tests.dll" adapterTypeName="executor://xunit/VsTestRunner2/netcoreapp" className="BL.Tests.UsersServiceTests" name="TestRegisterUserWithNoEmail" />
    </UnitTest>
  </TestDefinitions>
  <TestEntries>
    <TestEntry testId="28fea1e7-cfa9-dc69-78ef-5468eb1b24fa" executionId="a91af6c6-f9ff-496f-9fdc-af2bc850273f" testListId="8c84fa94-04c1-424b-9868-57a2d4851a1d" />
    <TestEntry testId="229812f5-9a73-5335-11f5-31330d1348a5" executionId="3a501c09-049c-4807-8b73-a7c868c6c8ea" testListId="8c84fa94-04c1-424b-9868-57a2d4851a1d" />
    <TestEntry testId="ff2e00bc-711e-36e0-5fa6-8be0211a4202" executionId="9f28cf40-d65e-4696-9bff-8ab00d29cbbf" testListId="8c84fa94-04c1-424b-9868-57a2d4851a1d" />
    <TestEntry testId="598e116a-4f29-3f92-5ffb-a7b81fea11ba" executionId="aafead3f-9cf0-4a83-bb6c-46e8f528e3ed" testListId="8c84fa94-04c1-424b-9868-57a2d4851a1d" />
    <TestEntry testId="18fa8c62-e27d-e1fc-8182-4d7db62b008d" executionId="8441cfa9-e114-4ae1-a532-5d3662f4a2b9" testListId="8c84fa94-04c1-424b-9868-57a2d4851a1d" />
    <TestEntry testId="f3efc418-a8a6-c7b7-9bac-90b33aa8472f" executionId="2b2f5c0d-597a-4d7f-991e-94d697c23009" testListId="8c84fa94-04c1-424b-9868-57a2d4851a1d" />
    <TestEntry testId="387c9729-48c1-486e-5e67-f5d11a9f0db8" executionId="f1467e3a-553c-46aa-94bd-68002db649fa" testListId="8c84fa94-04c1-424b-9868-57a2d4851a1d" />
    <TestEntry testId="60bd668f-04df-da5e-b79b-5d9aedb5234d" executionId="faa29856-bf40-4c16-915d-79e87e46b0b2" testListId="8c84fa94-04c1-424b-9868-57a2d4851a1d" />
    <TestEntry testId="d8465e12-10b3-79f0-c260-8743a1624612" executionId="a887c0f0-279e-4e80-b800-48f03564f9f4" testListId="8c84fa94-04c1-424b-9868-57a2d4851a1d" />
    <TestEntry testId="894941c1-bfa7-d8f9-c047-1e1ceefe2c2f" executionId="a8e92c77-5b34-441d-a3e7-aaa8af0cafb6" testListId="8c84fa94-04c1-424b-9868-57a2d4851a1d" />
    <TestEntry testId="1ca07ad8-f799-c5d4-e7cc-34fd950198a2" executionId="5ba5ebd4-3ba1-475e-a8d5-a4c78a44205f" testListId="8c84fa94-04c1-424b-9868-57a2d4851a1d" />
    <TestEntry testId="e2d7e5be-3dae-33ae-fb17-c704b6fd58d6" executionId="50e219c2-eec1-4e39-aca3-00690d230fc1" testListId="8c84fa94-04c1-424b-9868-57a2d4851a1d" />
    <TestEntry testId="cfce90f3-18ca-f3dd-21d3-20f98103e3eb" executionId="f65ed672-d038-4c62-b59b-38702cd6e86c" testListId="8c84fa94-04c1-424b-9868-57a2d4851a1d" />
    <TestEntry testId="492c0393-35b4-df26-a537-21ca08302f3c" executionId="dd023f3c-787e-4d1f-853e-f6a43601469e" testListId="8c84fa94-04c1-424b-9868-57a2d4851a1d" />
    <TestEntry testId="f44a1b21-8efc-bfac-63b4-d534442def31" executionId="3873fdb2-83ef-440c-af82-acfa3910ffa8" testListId="8c84fa94-04c1-424b-9868-57a2d4851a1d" />
    <TestEntry testId="e564dc13-0c57-7b7e-31fe-2959481d2540" executionId="ae9f6880-ba3c-4593-82bf-a6cdfa7d41f2" testListId="8c84fa94-04c1-424b-9868-57a2d4851a1d" />
    <TestEntry testId="20ad8570-0170-85de-dcd7-2f109dd7bcd6" executionId="7a210963-7a56-49c1-a1b6-1cc7348181b4" testListId="8c84fa94-04c1-424b-9868-57a2d4851a1d" />
    <TestEntry testId="0eeef75f-6e38-7893-a8fe-cff3e0a970a7" executionId="bb21a316-d732-4793-9457-e4693a81a615" testListId="8c84fa94-04c1-424b-9868-57a2d4851a1d" />
    <TestEntry testId="e5497347-2721-b7a6-0bd4-69a9921f6947" executionId="7c6b7fac-c7d3-43ab-b1cb-d2b8509ff245" testListId="8c84fa94-04c1-424b-9868-57a2d4851a1d" />
    <TestEntry testId="6d6c9931-4670-553d-8af6-b95c2fca985b" executionId="a084f1e5-1fb9-4662-b770-fef0d296b804" testListId="8c84fa94-04c1-424b-9868-57a2d4851a1d" />
    <TestEntry testId="c36970dc-93f7-753e-fa47-157133b01644" executionId="248ab178-7d2c-4548-8888-b86827ed4045" testListId="8c84fa94-04c1-424b-9868-57a2d4851a1d" />
    <TestEntry testId="2602613f-c8e2-a6d9-fcf7-5b27d4a770a6" executionId="f0008bec-4dbb-4340-9406-cc0054eabacd" testListId="8c84fa94-04c1-424b-9868-57a2d4851a1d" />
    <TestEntry testId="8184bd30-991c-b78d-b4ec-99a485eac0dd" executionId="8fc8fb79-e655-4744-9fa8-d876b5946fde" testListId="8c84fa94-04c1-424b-9868-57a2d4851a1d" />
    <TestEntry testId="d200211c-0b5f-17b4-908f-5bd37ccb7873" executionId="6f1d32e6-35cd-4f1b-b4f3-af02cb267681" testListId="8c84fa94-04c1-424b-9868-57a2d4851a1d" />
    <TestEntry testId="f836e592-001a-43e5-d8c3-39b9743d337c" executionId="7e0df7d1-9929-4f00-9ee5-9109e3075755" testListId="8c84fa94-04c1-424b-9868-57a2d4851a1d" />
    <TestEntry testId="a19a5fcf-c5d2-7d44-5d7d-84403042f4e0" executionId="be6c9466-4f74-4bfe-94a0-b80d3fcd011f" testListId="8c84fa94-04c1-424b-9868-57a2d4851a1d" />
    <TestEntry testId="aa28a6b3-21d3-aa45-24d3-bef2facbc899" executionId="27b9bd4e-a09f-494b-b2ca-5ecdb38c6391" testListId="8c84fa94-04c1-424b-9868-57a2d4851a1d" />
    <TestEntry testId="c384176b-69e3-d4be-0e25-0dabc536fe95" executionId="ec73a5ba-8cf4-48a1-bfd6-3b12fe159abc" testListId="8c84fa94-04c1-424b-9868-57a2d4851a1d" />
    <TestEntry testId="dff8d9f6-6384-849c-1f6a-9c9f359e6d0e" executionId="5c2bc84e-02fe-432d-b778-e77afd50df7b" testListId="8c84fa94-04c1-424b-9868-57a2d4851a1d" />
    <TestEntry testId="fa960c5e-f989-2880-784e-8efe538c5231" executionId="7bfb72a5-81f1-4294-9939-a065b4fafbdb" testListId="8c84fa94-04c1-424b-9868-57a2d4851a1d" />
    <TestEntry testId="a2e59116-cb53-1d70-9cb8-21c286516866" executionId="26ed3f78-d0fb-4947-91b3-610f0da0cad1" testListId="8c84fa94-04c1-424b-9868-57a2d4851a1d" />
    <TestEntry testId="39be9b5e-0bc4-57dc-37d3-aec6b520299d" executionId="90b806b5-eeb0-4bb4-ba6b-04513b3edce8" testListId="8c84fa94-04c1-424b-9868-57a2d4851a1d" />
    <TestEntry testId="9c7df5e2-1b23-ebea-889f-b78ca86b60ab" executionId="f25e92a0-95fa-4010-9a0b-e75bfc986f71" testListId="8c84fa94-04c1-424b-9868-57a2d4851a1d" />
    <TestEntry testId="4f297306-d4f3-8d63-e7f4-1ac0b8c58c74" executionId="9755a464-859f-49d8-882a-f76f301682f1" testListId="8c84fa94-04c1-424b-9868-57a2d4851a1d" />
    <TestEntry testId="e3d0d2f3-e9ab-7df2-efa4-b1814439915d" executionId="33a75ac2-eeaa-4455-aa76-ea1b19f81f1c" testListId="8c84fa94-04c1-424b-9868-57a2d4851a1d" />
    <TestEntry testId="0d00cbd1-6daa-0d0b-427e-7c4708123b49" executionId="814df958-c315-4652-b8a5-5ea3b0e8d573" testListId="8c84fa94-04c1-424b-9868-57a2d4851a1d" />
    <TestEntry testId="e5f4e93b-1544-0b50-ee10-d84c01a1a4a9" executionId="86a195ec-aa6a-42af-bf68-88be1c878c83" testListId="8c84fa94-04c1-424b-9868-57a2d4851a1d" />
    <TestEntry testId="644ec43e-70cd-c82d-42e7-0d990be1414d" executionId="6e8f6812-1e0f-4614-b7ad-0f25cd728ebd" testListId="8c84fa94-04c1-424b-9868-57a2d4851a1d" />
    <TestEntry testId="813fb092-9fbc-8236-bcd0-a28929ab7873" executionId="ec3681ab-458a-4a99-96cb-c776a32ff2ee" testListId="8c84fa94-04c1-424b-9868-57a2d4851a1d" />
    <TestEntry testId="2d706594-f2b3-b3c8-21d4-86c9798c3306" executionId="e1f6dd6a-ed28-44cb-bc0e-b6e9cbd43e91" testListId="8c84fa94-04c1-424b-9868-57a2d4851a1d" />
    <TestEntry testId="2bcd0fb1-868a-d4fe-6a9e-7c8d803f7a46" executionId="0f7734bd-1b2e-425c-8934-3cfcb62446d1" testListId="8c84fa94-04c1-424b-9868-57a2d4851a1d" />
    <TestEntry testId="06d0bc3a-24a0-fb7f-4277-e9ae6d21c7dd" executionId="ef6b57b2-f36a-4a99-8114-4f02a565e69b" testListId="8c84fa94-04c1-424b-9868-57a2d4851a1d" />
    <TestEntry testId="a77db57a-a2e0-0d76-c40d-75fd79595ea5" executionId="30015680-297b-4cb0-8c2c-b1caef0c57c5" testListId="8c84fa94-04c1-424b-9868-57a2d4851a1d" />
    <TestEntry testId="eaabd2fc-2f4b-5689-59c8-c7ad34a8f634" executionId="f31662d0-4c1e-4cf6-8752-cf16b73f7480" testListId="8c84fa94-04c1-424b-9868-57a2d4851a1d" />
    <TestEntry testId="834c739b-eca4-b36d-6a66-5a1bd75377b8" executionId="46685b2f-0056-4511-95d7-4f96c3440f30" testListId="8c84fa94-04c1-424b-9868-57a2d4851a1d" />
    <TestEntry testId="868206ff-ca00-0558-2f8b-c094ea7a9a11" executionId="c83d93f1-fdc6-4583-9b8b-64e5878a876b" testListId="8c84fa94-04c1-424b-9868-57a2d4851a1d" />
    <TestEntry testId="69340bb6-3645-f9dd-971e-29d8b2a009bb" executionId="5fd22650-8824-414e-bfae-8fadccdd0915" testListId="8c84fa94-04c1-424b-9868-57a2d4851a1d" />
  </TestEntries>
  <TestLists>
    <TestList name="Список результатов" id="8c84fa94-04c1-424b-9868-57a2d4851a1d" />
    <TestList name="Все загруженные результаты" id="19431567-8539-422a-85d7-44ee4e166bda" />
  </TestLists>
  <ResultSummary outcome="Completed">
    <Counters total="47" executed="47" passed="47" failed="0" error="0" timeout="0" aborted="0" inconclusive="0" passedButRunAborted="0" notRunnable="0" notExecuted="0" disconnected="0" warning="0" completed="0" inProgress="0" pending="0" />
    <Output>
      <StdOut>[xUnit.net 00:00:00.00] xUnit.net VSTest Adapter v2.4.5+1caef2f33e (64-bit .NET 6.0.3)&#xD;
[xUnit.net 00:00:00.46]   Discovering: BL.Tests&#xD;
[xUnit.net 00:00:00.66]   Discovered:  BL.Tests&#xD;
[xUnit.net 00:00:00.66]   Starting:    BL.Tests&#xD;
[xUnit.net 00:00:00.94]   Finished:    BL.Tests&#xD;
</StdOut>
    </Output>
  </ResultSummary>
</TestRun>