<?xml version="1.0" encoding="utf-8"?>
<TestRun id="74a8702e-25fd-4244-aa35-cd3d98e012db" name="alena@DESKTOP-TJ9D65N 2022-10-15 20:00:00" runUser="DESKTOP-TJ9D65N\alena" xmlns="http://microsoft.com/schemas/VisualStudio/TeamTest/2010">
  <Times creation="2022-10-15T20:00:00.6301461+03:00" queuing="2022-10-15T20:00:00.6301462+03:00" start="2022-10-15T19:59:59.1214851+03:00" finish="2022-10-15T20:00:00.6809231+03:00" />
  <TestSettings name="default" id="dea1917e-3dae-40a4-8f07-8ffca219dafa">
    <Deployment runDeploymentRoot="alena_DESKTOP-TJ9D65N_2022-10-15_20_00_00" />
  </TestSettings>
  <Results>
    <UnitTestResult executionId="9d8d4361-60a6-4bea-af79-c93f4ed85a72" testId="492c0393-35b4-df26-a537-21ca08302f3c" testName="BL.Tests.CheckPermissionsServiceTests.SkiPatrolHasNoAccessToAdminFunctions" computerName="DESKTOP-TJ9D65N" duration="00:00:00.0023075" startTime="2022-10-15T20:00:00.6124977+03:00" endTime="2022-10-15T20:00:00.6124978+03:00" testType="13cdc9d9-ddb5-4fa4-a97d-d965ccfc6d4b" outcome="Passed" testListId="8c84fa94-04c1-424b-9868-57a2d4851a1d" relativeResultsDirectory="9d8d4361-60a6-4bea-af79-c93f4ed85a72" />
    <UnitTestResult executionId="247be0c4-f7e2-47c1-9551-1246ddf5677e" testId="f44a1b21-8efc-bfac-63b4-d534442def31" testName="BL.Tests.UsersServiceTests.TestRegisterUserWithNoPassword" computerName="DESKTOP-TJ9D65N" duration="00:00:00.0015451" startTime="2022-10-15T20:00:00.5830947+03:00" endTime="2022-10-15T20:00:00.5830947+03:00" testType="13cdc9d9-ddb5-4fa4-a97d-d965ccfc6d4b" outcome="Passed" testListId="8c84fa94-04c1-424b-9868-57a2d4851a1d" relativeResultsDirectory="247be0c4-f7e2-47c1-9551-1246ddf5677e" />
    <UnitTestResult executionId="f28f7ae6-2812-4814-912c-2835f593cc96" testId="fa960c5e-f989-2880-784e-8efe538c5231" testName="BL.Tests.CheckPermissionsServiceTests.UnauthorizedHasNoAccessToAuthorizedFunctions(functionName: &quot;LogOutAsync&quot;)" computerName="DESKTOP-TJ9D65N" duration="00:00:00.0014863" startTime="2022-10-15T20:00:00.5849715+03:00" endTime="2022-10-15T20:00:00.5849716+03:00" testType="13cdc9d9-ddb5-4fa4-a97d-d965ccfc6d4b" outcome="Passed" testListId="8c84fa94-04c1-424b-9868-57a2d4851a1d" relativeResultsDirectory="f28f7ae6-2812-4814-912c-2835f593cc96" />
    <UnitTestResult executionId="387fc16b-9a7b-45e7-8cc8-4056f14b2a79" testId="a19a5fcf-c5d2-7d44-5d7d-84403042f4e0" testName="BL.Tests.CheckPermissionsServiceTests.UnauthorizedHasNoAccessToAdminSkiPatrolFunctions(functionName: &quot;MarkMessageReadByUserAsync&quot;)" computerName="DESKTOP-TJ9D65N" duration="00:00:00.0325888" startTime="2022-10-15T20:00:00.4999219+03:00" endTime="2022-10-15T20:00:00.4999219+03:00" testType="13cdc9d9-ddb5-4fa4-a97d-d965ccfc6d4b" outcome="Passed" testListId="8c84fa94-04c1-424b-9868-57a2d4851a1d" relativeResultsDirectory="387fc16b-9a7b-45e7-8cc8-4056f14b2a79" />
    <UnitTestResult executionId="483dec65-c063-4629-ae2f-71f3b2cde4be" testId="0eeef75f-6e38-7893-a8fe-cff3e0a970a7" testName="BL.Tests.UsersServiceTests.TestRegisterOk" computerName="DESKTOP-TJ9D65N" duration="00:00:00.0102709" startTime="2022-10-15T20:00:00.5872280+03:00" endTime="2022-10-15T20:00:00.5872281+03:00" testType="13cdc9d9-ddb5-4fa4-a97d-d965ccfc6d4b" outcome="Passed" testListId="8c84fa94-04c1-424b-9868-57a2d4851a1d" relativeResultsDirectory="483dec65-c063-4629-ae2f-71f3b2cde4be" />
    <UnitTestResult executionId="953b6770-e71c-410c-8631-4a63729ceaed" testId="8287ba1a-bb89-7910-aabb-6a4e6476a690" testName="BL.Tests.TurnstilesServiceTest.TestAdminDeleteTurnstileAsync(userID: 107, turnstile: Turnstile { TurnstileID = 105, LiftID = 130, IsOpen = True }, checkPermissionServiceMock: Mock&lt;ICheckPermissionService:15&gt;, turnstilesRepositoryStub: Mock&lt;ITurnstilesRepository:9&gt;, sut: TurnstilesService { })" computerName="DESKTOP-TJ9D65N" duration="00:00:00.0044608" startTime="2022-10-15T20:00:00.5846112+03:00" endTime="2022-10-15T20:00:00.5846113+03:00" testType="13cdc9d9-ddb5-4fa4-a97d-d965ccfc6d4b" outcome="Passed" testListId="8c84fa94-04c1-424b-9868-57a2d4851a1d" relativeResultsDirectory="953b6770-e71c-410c-8631-4a63729ceaed" />
    <UnitTestResult executionId="d78bbf59-a631-4605-8ab2-79bbaa771f0a" testId="1b7ecb9e-571d-73ae-bcc9-f386febbe032" testName="BL.Tests.LiftsServiceTest.TestAdminAddAutoIncrementLiftAsync(userID: 181, lift: Lift { LiftID = 255, LiftName = liftName764676c8-403a-4af4-bafb-88d35cef8a05, IsOpen = True, SeatsAmount = 168, LiftingTime = 132, QueueTime = 74, ConnectedSlopes =  }, checkPermissionServiceMock: Mock&lt;ICheckPermissionService:5&gt;, liftsRepositoryStub: Mock&lt;ILiftsRepository:5&gt;, sut: LiftsService { })" computerName="DESKTOP-TJ9D65N" duration="00:00:00.0079136" startTime="2022-10-15T20:00:00.5860998+03:00" endTime="2022-10-15T20:00:00.5860999+03:00" testType="13cdc9d9-ddb5-4fa4-a97d-d965ccfc6d4b" outcome="Passed" testListId="8c84fa94-04c1-424b-9868-57a2d4851a1d" relativeResultsDirectory="d78bbf59-a631-4605-8ab2-79bbaa771f0a" />
    <UnitTestResult executionId="730576a2-2acf-4275-a8d8-bfa1f8e4e6d4" testId="aa28a6b3-21d3-aa45-24d3-bef2facbc899" testName="BL.Tests.CheckPermissionsServiceTests.AuthorizedHasAccessToAuthorizedFunctions(functionName: &quot;LogOutAsync&quot;)" computerName="DESKTOP-TJ9D65N" duration="00:00:00.0008690" startTime="2022-10-15T20:00:00.6039513+03:00" endTime="2022-10-15T20:00:00.6039514+03:00" testType="13cdc9d9-ddb5-4fa4-a97d-d965ccfc6d4b" outcome="Passed" testListId="8c84fa94-04c1-424b-9868-57a2d4851a1d" relativeResultsDirectory="730576a2-2acf-4275-a8d8-bfa1f8e4e6d4" />
    <UnitTestResult executionId="af076fa4-9157-4fc0-ba34-85facf55f5b0" testId="3da3997b-48af-53c6-4b00-23567e47a038" testName="BL.Tests.TurnstilesServiceTest.TestAdminGetTurnstilesAsync(userID: 255, initialTurnstiles: [Turnstile { TurnstileID = 55, LiftID = 217, IsOpen = True }, Turnstile { TurnstileID = 182, LiftID = 169, IsOpen = False }, Turnstile { TurnstileID = 177, LiftID = 65, IsOpen = True }], checkPermissionServiceMock: Mock&lt;ICheckPermissionService:13&gt;, turnstilesRepositoryStub: Mock&lt;ITurnstilesRepository:7&gt;, sut: TurnstilesService { })" computerName="DESKTOP-TJ9D65N" duration="00:00:00.0047777" startTime="2022-10-15T20:00:00.5862238+03:00" endTime="2022-10-15T20:00:00.5862239+03:00" testType="13cdc9d9-ddb5-4fa4-a97d-d965ccfc6d4b" outcome="Passed" testListId="8c84fa94-04c1-424b-9868-57a2d4851a1d" relativeResultsDirectory="af076fa4-9157-4fc0-ba34-85facf55f5b0" />
    <UnitTestResult executionId="15ae60cf-b5cf-4eb2-9ae8-c7850170da0b" testId="18fa8c62-e27d-e1fc-8182-4d7db62b008d" testName="BL.Tests.UsersServiceTests.TestAdminDeleteUser" computerName="DESKTOP-TJ9D65N" duration="00:00:00.0024451" startTime="2022-10-15T20:00:00.6099382+03:00" endTime="2022-10-15T20:00:00.6099383+03:00" testType="13cdc9d9-ddb5-4fa4-a97d-d965ccfc6d4b" outcome="Passed" testListId="8c84fa94-04c1-424b-9868-57a2d4851a1d" relativeResultsDirectory="15ae60cf-b5cf-4eb2-9ae8-c7850170da0b" />
    <UnitTestResult executionId="407b0369-8d7b-43a9-911c-d71871777ed9" testId="eaabd2fc-2f4b-5689-59c8-c7ad34a8f634" testName="BL.Tests.CheckPermissionsServiceTests.UnauthorizedHasNoAccessToAuthorizedFunctions(functionName: &quot;SendMessageAsync&quot;)" computerName="DESKTOP-TJ9D65N" duration="00:00:00.0032737" startTime="2022-10-15T20:00:00.5846333+03:00" endTime="2022-10-15T20:00:00.5846333+03:00" testType="13cdc9d9-ddb5-4fa4-a97d-d965ccfc6d4b" outcome="Passed" testListId="8c84fa94-04c1-424b-9868-57a2d4851a1d" relativeResultsDirectory="407b0369-8d7b-43a9-911c-d71871777ed9" />
    <UnitTestResult executionId="d03859df-5c67-4a37-af5b-2887795febb1" testId="06d0bc3a-24a0-fb7f-4277-e9ae6d21c7dd" testName="BL.Tests.UsersServiceTests.TestAdminUpdateUser" computerName="DESKTOP-TJ9D65N" duration="00:00:00.0058138" startTime="2022-10-15T20:00:00.5859570+03:00" endTime="2022-10-15T20:00:00.5859570+03:00" testType="13cdc9d9-ddb5-4fa4-a97d-d965ccfc6d4b" outcome="Passed" testListId="8c84fa94-04c1-424b-9868-57a2d4851a1d" relativeResultsDirectory="d03859df-5c67-4a37-af5b-2887795febb1" />
    <UnitTestResult executionId="03022501-3c1c-4cf8-9aec-f9f28ac51256" testId="21f863fe-07b5-679b-d240-1e2ac7a5e315" testName="BL.Tests.LiftsServiceTest.TestGetLiftInfoAsync(userID: 36, lift: Lift { LiftID = 128, LiftName = liftName3d39c224-209d-4c26-909b-f6f8f09cf19f, IsOpen = True, SeatsAmount = 151, LiftingTime = 15, QueueTime = 27, ConnectedSlopes =  }, checkPermissionServiceMock: Mock&lt;ICheckPermissionService:1&gt;, liftsRepositoryStub: Mock&lt;ILiftsRepository:1&gt;, liftsSlopesRepositoryStub: Mock&lt;ILiftsSlopesRepository:1&gt;, sut: LiftsService { })" computerName="DESKTOP-TJ9D65N" duration="00:00:00.0065481" startTime="2022-10-15T20:00:00.5849407+03:00" endTime="2022-10-15T20:00:00.5849408+03:00" testType="13cdc9d9-ddb5-4fa4-a97d-d965ccfc6d4b" outcome="Passed" testListId="8c84fa94-04c1-424b-9868-57a2d4851a1d" relativeResultsDirectory="03022501-3c1c-4cf8-9aec-f9f28ac51256" />
    <UnitTestResult executionId="4eb591f9-8d39-4756-8f73-c69f493f6edd" testId="e3803bf6-f7a6-a0f3-215c-efff568a765f" testName="BL.Tests.LiftsServiceTest.TestAdminDeleteLiftAsync(userID: 132, lift: Lift { LiftID = 198, LiftName = liftName3ea2b5db-60f6-4c2b-8737-5cff103c41db, IsOpen = True, SeatsAmount = 165, LiftingTime = 234, QueueTime = 46, ConnectedSlopes =  }, checkPermissionServiceMock: Mock&lt;ICheckPermissionService:4&gt;, liftsRepositoryStub: Mock&lt;ILiftsRepository:4&gt;, liftsSlopesRepositoryStub: Mock&lt;ILiftsSlopesRepository:4&gt;, sut: LiftsService { })" computerName="DESKTOP-TJ9D65N" duration="00:00:00.0173381" startTime="2022-10-15T20:00:00.5873835+03:00" endTime="2022-10-15T20:00:00.5873836+03:00" testType="13cdc9d9-ddb5-4fa4-a97d-d965ccfc6d4b" outcome="Passed" testListId="8c84fa94-04c1-424b-9868-57a2d4851a1d" relativeResultsDirectory="4eb591f9-8d39-4756-8f73-c69f493f6edd" />
    <UnitTestResult executionId="534a526c-f12d-4f70-ae2b-70dc4752a431" testId="41918b5f-df70-7d84-e31b-08f89c0fa6a9" testName="BL.Tests.TurnstilesServiceTest.TestAdminUpdateTurnstileAsync(userID: 184, turnstile: Turnstile { TurnstileID = 82, LiftID = 122, IsOpen = True }, checkPermissionServiceMock: Mock&lt;ICheckPermissionService:14&gt;, turnstilesRepositoryStub: Mock&lt;ITurnstilesRepository:8&gt;, sut: TurnstilesService { })" computerName="DESKTOP-TJ9D65N" duration="00:00:00.0332174" startTime="2022-10-15T20:00:00.4956444+03:00" endTime="2022-10-15T20:00:00.4956837+03:00" testType="13cdc9d9-ddb5-4fa4-a97d-d965ccfc6d4b" outcome="Passed" testListId="8c84fa94-04c1-424b-9868-57a2d4851a1d" relativeResultsDirectory="534a526c-f12d-4f70-ae2b-70dc4752a431" />
    <UnitTestResult executionId="e1054820-32f2-4e05-af57-5dbe0f386633" testId="0d6d1aee-5298-ffa1-730b-306b41e19495" testName="BL.Tests.LiftsSlopesServiceTests.TestAdminDeleteLiftSlopeAsync(lift: Lift { LiftID = 167, LiftName = liftNameea620cd1-44b4-4b32-8713-af1b37c0664d, IsOpen = True, SeatsAmount = 219, LiftingTime = 243, QueueTime = 217, ConnectedSlopes =  }, slope: Slope { SlopeID = 191, SlopeName = slopeName47704ce6-8b10-422c-ba53-8a4f70df4aa7, IsOpen = False, DifficultyLevel = 119, ConnectedLifts =  }, slopesRepositoryStub: Mock&lt;ISlopesRepository:2&gt;, liftsRepositoryStub: Mock&lt;ILiftsRepository:7&gt;, liftsSlopesRepositoryStub: Mock&lt;ILiftsSlopesRepository:7&gt;)" computerName="DESKTOP-TJ9D65N" duration="00:00:00.0064458" startTime="2022-10-15T20:00:00.5830322+03:00" endTime="2022-10-15T20:00:00.5830324+03:00" testType="13cdc9d9-ddb5-4fa4-a97d-d965ccfc6d4b" outcome="Passed" testListId="8c84fa94-04c1-424b-9868-57a2d4851a1d" relativeResultsDirectory="e1054820-32f2-4e05-af57-5dbe0f386633" />
    <UnitTestResult executionId="1dbe04af-ae02-4223-934a-62d1d76777ff" testId="e2d7e5be-3dae-33ae-fb17-c704b6fd58d6" testName="BL.Tests.CheckPermissionsServiceTests.UnauthorizedHasNoAccessToAdminFunctions" computerName="DESKTOP-TJ9D65N" duration="00:00:00.0023707" startTime="2022-10-15T20:00:00.6082551+03:00" endTime="2022-10-15T20:00:00.6082552+03:00" testType="13cdc9d9-ddb5-4fa4-a97d-d965ccfc6d4b" outcome="Passed" testListId="8c84fa94-04c1-424b-9868-57a2d4851a1d" relativeResultsDirectory="1dbe04af-ae02-4223-934a-62d1d76777ff" />
    <UnitTestResult executionId="3d0e7751-b480-4b64-a24d-3fda743c97c3" testId="229812f5-9a73-5335-11f5-31330d1348a5" testName="BL.Tests.CheckPermissionsServiceTests.UnauthorizedHasNoAccessToAdminSkiPatrolFunctions(functionName: &quot;GetMessagesAsync&quot;)" computerName="DESKTOP-TJ9D65N" duration="00:00:00.0013806" startTime="2022-10-15T20:00:00.5830136+03:00" endTime="2022-10-15T20:00:00.5830137+03:00" testType="13cdc9d9-ddb5-4fa4-a97d-d965ccfc6d4b" outcome="Passed" testListId="8c84fa94-04c1-424b-9868-57a2d4851a1d" relativeResultsDirectory="3d0e7751-b480-4b64-a24d-3fda743c97c3" />
    <UnitTestResult executionId="a48e288a-8180-437b-a63c-129f1e01c1f9" testId="4822fb7a-15e2-6a1a-874a-62f2b6c744f2" testName="BL.Tests.SlopesServiceTest.TestGetSlopeInfoAsync(userID: 164, slope: Slope { SlopeID = 243, SlopeName = slopeName46b9dfdc-f252-4b28-9008-b10b73bb4113, IsOpen = True, DifficultyLevel = 225, ConnectedLifts =  }, checkPermissionServiceMock: Mock&lt;ICheckPermissionService:6&gt;, slopesRepositoryStub: Mock&lt;ISlopesRepository:4&gt;, liftsSlopesRepositoryStub: Mock&lt;ILiftsSlopesRepository:9&gt;, sut: SlopesService { })" computerName="DESKTOP-TJ9D65N" duration="00:00:00.0074451" startTime="2022-10-15T20:00:00.5848216+03:00" endTime="2022-10-15T20:00:00.5848217+03:00" testType="13cdc9d9-ddb5-4fa4-a97d-d965ccfc6d4b" outcome="Passed" testListId="8c84fa94-04c1-424b-9868-57a2d4851a1d" relativeResultsDirectory="a48e288a-8180-437b-a63c-129f1e01c1f9" />
    <UnitTestResult executionId="85f51073-ad92-4c25-a2e9-120d45772230" testId="20ad8570-0170-85de-dcd7-2f109dd7bcd6" testName="BL.Tests.UsersServiceTests.TestAdminGetUsers" computerName="DESKTOP-TJ9D65N" duration="00:00:00.0387105" startTime="2022-10-15T20:00:00.4999921+03:00" endTime="2022-10-15T20:00:00.4999922+03:00" testType="13cdc9d9-ddb5-4fa4-a97d-d965ccfc6d4b" outcome="Passed" testListId="8c84fa94-04c1-424b-9868-57a2d4851a1d" relativeResultsDirectory="85f51073-ad92-4c25-a2e9-120d45772230" />
    <UnitTestResult executionId="1de114be-f8f1-4db2-bf71-7149404e035c" testId="1e88fb7a-f80b-9ea3-80c2-89ec26080086" testName="BL.Tests.LiftsServiceTest.TestGetLiftsInfoAsync(userID: 251, initialLifts: [Lift { LiftID = 243, LiftName = liftName8e6472bd-1404-4f1f-9794-3b81fec09ebd, IsOpen = True, SeatsAmount = 140, LiftingTime = 6, QueueTime = 141, ConnectedSlopes =  }, Lift { LiftID = 96, LiftName = liftName9576ae3e-885e-402c-8c29-30fc437c190e, IsOpen = False, SeatsAmount = 217, LiftingTime = 169, QueueTime = 87, ConnectedSlopes =  }, Lift { LiftID = 14, LiftName = liftNamedd68345c-dc59-4202-a4d0-4a78e06fabdf, IsOpen = True, SeatsAmount = 27, LiftingTime = 220, QueueTime = 11, ConnectedSlopes =  }], checkPermissionServiceMock: Mock&lt;ICheckPermissionService:2&gt;, liftsRepositoryStub: Mock&lt;ILiftsRepository:2&gt;, liftsSlopesRepositoryStub: Mock&lt;ILiftsSlopesRepository:2&gt;, sut: LiftsService { })" computerName="DESKTOP-TJ9D65N" duration="00:00:00.0688216" startTime="2022-10-15T20:00:00.5266915+03:00" endTime="2022-10-15T20:00:00.5266916+03:00" testType="13cdc9d9-ddb5-4fa4-a97d-d965ccfc6d4b" outcome="Passed" testListId="8c84fa94-04c1-424b-9868-57a2d4851a1d" relativeResultsDirectory="1de114be-f8f1-4db2-bf71-7149404e035c" />
    <UnitTestResult executionId="1c39da90-0e4c-411b-9d58-0ad1bec754e8" testId="9c7df5e2-1b23-ebea-889f-b78ca86b60ab" testName="BL.Tests.CheckPermissionsServiceTests.AuthorizedHasNoAccessToAdminSkiPatrolFunctions(functionName: &quot;MarkMessageReadByUserAsync&quot;)" computerName="DESKTOP-TJ9D65N" duration="00:00:00.0015948" startTime="2022-10-15T20:00:00.5931048+03:00" endTime="2022-10-15T20:00:00.5931049+03:00" testType="13cdc9d9-ddb5-4fa4-a97d-d965ccfc6d4b" outcome="Passed" testListId="8c84fa94-04c1-424b-9868-57a2d4851a1d" relativeResultsDirectory="1c39da90-0e4c-411b-9d58-0ad1bec754e8" />
    <UnitTestResult executionId="295463c9-d4ea-40aa-b3f3-667692aaef91" testId="27315842-9923-cf12-63ed-4e8371aef3cd" testName="BL.Tests.SlopesServiceTest.TestAdminAddAutoIncrementSlopeAsync(userID: 7, slope: Slope { SlopeID = 146, SlopeName = slopeName8e123964-611b-4946-a063-6282c7e20dfd, IsOpen = True, DifficultyLevel = 150, ConnectedLifts =  }, checkPermissionServiceMock: Mock&lt;ICheckPermissionService:10&gt;, slopesRepositoryStub: Mock&lt;ISlopesRepository:8&gt;, sut: SlopesService { })" computerName="DESKTOP-TJ9D65N" duration="00:00:00.0347552" startTime="2022-10-15T20:00:00.4998502+03:00" endTime="2022-10-15T20:00:00.4998503+03:00" testType="13cdc9d9-ddb5-4fa4-a97d-d965ccfc6d4b" outcome="Passed" testListId="8c84fa94-04c1-424b-9868-57a2d4851a1d" relativeResultsDirectory="295463c9-d4ea-40aa-b3f3-667692aaef91" />
    <UnitTestResult executionId="ed8117a6-a8ae-45b2-8bbc-e11e0e77a7bf" testId="387c9729-48c1-486e-5e67-f5d11a9f0db8" testName="BL.Tests.CheckPermissionsServiceTests.UnauthorizedHasNoAccessToAdminSkiPatrolFunctions(functionName: &quot;GetLiftsSlopesInfoAsync&quot;)" computerName="DESKTOP-TJ9D65N" duration="00:00:00.0015522" startTime="2022-10-15T20:00:00.5824694+03:00" endTime="2022-10-15T20:00:00.5824695+03:00" testType="13cdc9d9-ddb5-4fa4-a97d-d965ccfc6d4b" outcome="Passed" testListId="8c84fa94-04c1-424b-9868-57a2d4851a1d" relativeResultsDirectory="ed8117a6-a8ae-45b2-8bbc-e11e0e77a7bf" />
    <UnitTestResult executionId="944f86c6-a3b1-48f0-8cdc-09413cbe8949" testId="8184bd30-991c-b78d-b4ec-99a485eac0dd" testName="BL.Tests.UsersServiceTests.TestRegisterUserWithNoEmail" computerName="DESKTOP-TJ9D65N" duration="00:00:00.0026723" startTime="2022-10-15T20:00:00.5828642+03:00" endTime="2022-10-15T20:00:00.5828643+03:00" testType="13cdc9d9-ddb5-4fa4-a97d-d965ccfc6d4b" outcome="Passed" testListId="8c84fa94-04c1-424b-9868-57a2d4851a1d" relativeResultsDirectory="944f86c6-a3b1-48f0-8cdc-09413cbe8949" />
    <UnitTestResult executionId="15b3e2c6-92a4-46e6-9323-ce7f14b311e9" testId="0b33fa1e-a21a-9c74-c16b-1eab3c0514a7" testName="BL.Tests.LiftsServiceTest.TestUpdateLiftInfoAsync(userID: 105, lift: Lift { LiftID = 88, LiftName = liftNameda8bb116-b522-4d84-beda-3641c3fd01ea, IsOpen = True, SeatsAmount = 99, LiftingTime = 241, QueueTime = 37, ConnectedSlopes =  }, checkPermissionServiceMock: Mock&lt;ICheckPermissionService:3&gt;, liftsRepositoryStub: Mock&lt;ILiftsRepository:3&gt;, sut: LiftsService { })" computerName="DESKTOP-TJ9D65N" duration="00:00:00.0078288" startTime="2022-10-15T20:00:00.5830692+03:00" endTime="2022-10-15T20:00:00.5830693+03:00" testType="13cdc9d9-ddb5-4fa4-a97d-d965ccfc6d4b" outcome="Passed" testListId="8c84fa94-04c1-424b-9868-57a2d4851a1d" relativeResultsDirectory="15b3e2c6-92a4-46e6-9323-ce7f14b311e9" />
    <UnitTestResult executionId="22d6b616-a5f1-4453-b61a-e8751d277c18" testId="664417ad-c7b0-2194-1af0-d73022397285" testName="BL.Tests.SlopesServiceTest.TestGetSlopesInfoAsync(userID: 194, initialSlopes: [Slope { SlopeID = 245, SlopeName = slopeName0fc13625-5c1e-4d4c-8c14-71a134f9c1cf, IsOpen = True, DifficultyLevel = 236, ConnectedLifts =  }, Slope { SlopeID = 58, SlopeName = slopeName73957468-c1cf-4961-9ac1-316272911108, IsOpen = False, DifficultyLevel = 166, ConnectedLifts =  }, Slope { SlopeID = 45, SlopeName = slopeName3ff27ddd-56c3-4958-a125-859d3e627e57, IsOpen = True, DifficultyLevel = 251, ConnectedLifts =  }], checkPermissionServiceMock: Mock&lt;ICheckPermissionService:7&gt;, slopesRepositoryStub: Mock&lt;ISlopesRepository:5&gt;, liftsSlopesRepositoryStub: Mock&lt;ILiftsSlopesRepository:10&gt;, sut: SlopesService { })" computerName="DESKTOP-TJ9D65N" duration="00:00:00.0096247" startTime="2022-10-15T20:00:00.5860804+03:00" endTime="2022-10-15T20:00:00.5860804+03:00" testType="13cdc9d9-ddb5-4fa4-a97d-d965ccfc6d4b" outcome="Passed" testListId="8c84fa94-04c1-424b-9868-57a2d4851a1d" relativeResultsDirectory="22d6b616-a5f1-4453-b61a-e8751d277c18" />
    <UnitTestResult executionId="a2913df3-00ca-43ec-a882-4048e850dfcc" testId="69340bb6-3645-f9dd-971e-29d8b2a009bb" testName="BL.Tests.UsersServiceTests.TestLogInWithWrongPassword" computerName="DESKTOP-TJ9D65N" duration="00:00:00.0030079" startTime="2022-10-15T20:00:00.5906286+03:00" endTime="2022-10-15T20:00:00.5906287+03:00" testType="13cdc9d9-ddb5-4fa4-a97d-d965ccfc6d4b" outcome="Passed" testListId="8c84fa94-04c1-424b-9868-57a2d4851a1d" relativeResultsDirectory="a2913df3-00ca-43ec-a882-4048e850dfcc" />
    <UnitTestResult executionId="5494058c-c29e-49e9-907d-3a2750ad7954" testId="e325fc0d-3ac7-d84c-672e-f8d853e4e870" testName="BL.Tests.LiftsSlopesServiceTests.TestAdminAddAutoIncrementLiftSlopeAsync(lift: Lift { LiftID = 14, LiftName = liftName7b54faaa-ed8b-49e3-9b52-d11762fdf08f, IsOpen = True, SeatsAmount = 141, LiftingTime = 181, QueueTime = 206, ConnectedSlopes =  }, slope: Slope { SlopeID = 140, SlopeName = slopeNameb196196b-fa5c-406f-b84b-45192a78935a, IsOpen = False, DifficultyLevel = 28, ConnectedLifts =  }, slopesRepositoryStub: Mock&lt;ISlopesRepository:3&gt;, liftsRepositoryStub: Mock&lt;ILiftsRepository:8&gt;, liftsSlopesRepositoryStub: Mock&lt;ILiftsSlopesRepository:8&gt;)" computerName="DESKTOP-TJ9D65N" duration="00:00:00.0325140" startTime="2022-10-15T20:00:00.4999058+03:00" endTime="2022-10-15T20:00:00.4999058+03:00" testType="13cdc9d9-ddb5-4fa4-a97d-d965ccfc6d4b" outcome="Passed" testListId="8c84fa94-04c1-424b-9868-57a2d4851a1d" relativeResultsDirectory="5494058c-c29e-49e9-907d-3a2750ad7954" />
    <UnitTestResult executionId="23647ce0-c57b-41b4-9b71-8f94cd5ae79d" testId="a8c9eda2-3e5e-973d-6a5b-48802584b686" testName="BL.Tests.SlopesServiceTest.TestUpdateSlopeInfoAsync(userID: 60, slope: Slope { SlopeID = 45, SlopeName = slopeName5687b757-6f51-49b2-a392-a5eccacf10d6, IsOpen = True, DifficultyLevel = 202, ConnectedLifts =  }, checkPermissionServiceMock: Mock&lt;ICheckPermissionService:8&gt;, slopesRepositoryStub: Mock&lt;ISlopesRepository:6&gt;, sut: SlopesService { })" computerName="DESKTOP-TJ9D65N" duration="00:00:00.0063291" startTime="2022-10-15T20:00:00.5871785+03:00" endTime="2022-10-15T20:00:00.5871786+03:00" testType="13cdc9d9-ddb5-4fa4-a97d-d965ccfc6d4b" outcome="Passed" testListId="8c84fa94-04c1-424b-9868-57a2d4851a1d" relativeResultsDirectory="23647ce0-c57b-41b4-9b71-8f94cd5ae79d" />
    <UnitTestResult executionId="5d9397bc-2e17-4fe3-9f78-554248c6e535" testId="c36970dc-93f7-753e-fa47-157133b01644" testName="BL.Tests.CheckPermissionsServiceTests.SkiPatrolHasAccessToAdminSkiPatrolFunctions(functionName: &quot;GetMessagesAsync&quot;)" computerName="DESKTOP-TJ9D65N" duration="00:00:00.0011735" startTime="2022-10-15T20:00:00.5871381+03:00" endTime="2022-10-15T20:00:00.5871382+03:00" testType="13cdc9d9-ddb5-4fa4-a97d-d965ccfc6d4b" outcome="Passed" testListId="8c84fa94-04c1-424b-9868-57a2d4851a1d" relativeResultsDirectory="5d9397bc-2e17-4fe3-9f78-554248c6e535" />
    <UnitTestResult executionId="2b139ac8-c8ad-4e11-adb4-1441bd324b80" testId="f3efc418-a8a6-c7b7-9bac-90b33aa8472f" testName="BL.Tests.CheckPermissionsServiceTests.AdminHasAccessToAllFunctions" computerName="DESKTOP-TJ9D65N" duration="00:00:00.0016260" startTime="2022-10-15T20:00:00.6162302+03:00" endTime="2022-10-15T20:00:00.6162303+03:00" testType="13cdc9d9-ddb5-4fa4-a97d-d965ccfc6d4b" outcome="Passed" testListId="8c84fa94-04c1-424b-9868-57a2d4851a1d" relativeResultsDirectory="2b139ac8-c8ad-4e11-adb4-1441bd324b80" />
    <UnitTestResult executionId="2988e81c-88c7-4e6e-a315-3ce084b25cbd" testId="02c3871d-07d6-d36a-18f7-961bf533f3cd" testName="BL.Tests.SlopesServiceTest.TestAdminDeleteSlopeAsync(userID: 8, slope: Slope { SlopeID = 103, SlopeName = slopeName57a2e97d-34ee-49ce-a874-8fcb04da37c1, IsOpen = True, DifficultyLevel = 44, ConnectedLifts =  }, checkPermissionServiceMock: Mock&lt;ICheckPermissionService:9&gt;, slopesRepositoryStub: Mock&lt;ISlopesRepository:7&gt;, liftsSlopesRepositoryStub: Mock&lt;ILiftsSlopesRepository:12&gt;, sut: SlopesService { })" computerName="DESKTOP-TJ9D65N" duration="00:00:00.0062294" startTime="2022-10-15T20:00:00.5874264+03:00" endTime="2022-10-15T20:00:00.5874264+03:00" testType="13cdc9d9-ddb5-4fa4-a97d-d965ccfc6d4b" outcome="Passed" testListId="8c84fa94-04c1-424b-9868-57a2d4851a1d" relativeResultsDirectory="2988e81c-88c7-4e6e-a315-3ce084b25cbd" />
    <UnitTestResult executionId="39cd153e-301b-4b00-bfce-47e65bf209b6" testId="44520667-f682-6742-4eca-a5a47e496a31" testName="BL.Tests.SlopesServiceTest.TestAdminAddSlopeAsync(userID: 103, slope: Slope { SlopeID = 196, SlopeName = slopeName08f5cb9b-a8bb-4c0d-a60e-a97cdda29354, IsOpen = True, DifficultyLevel = 115, ConnectedLifts =  }, checkPermissionServiceMock: Mock&lt;ICheckPermissionService:11&gt;, slopesRepositoryStub: Mock&lt;ISlopesRepository:9&gt;, sut: SlopesService { })" computerName="DESKTOP-TJ9D65N" duration="00:00:00.0053365" startTime="2022-10-15T20:00:00.5829476+03:00" endTime="2022-10-15T20:00:00.5829476+03:00" testType="13cdc9d9-ddb5-4fa4-a97d-d965ccfc6d4b" outcome="Passed" testListId="8c84fa94-04c1-424b-9868-57a2d4851a1d" relativeResultsDirectory="39cd153e-301b-4b00-bfce-47e65bf209b6" />
    <UnitTestResult executionId="27b6ee89-20b2-4523-b46b-230f9b1cd934" testId="644ec43e-70cd-c82d-42e7-0d990be1414d" testName="BL.Tests.CheckPermissionsServiceTests.AuthorizedHasAccessToAuthorizedFunctions(functionName: &quot;SendMessageAsync&quot;)" computerName="DESKTOP-TJ9D65N" duration="00:00:00.0016341" startTime="2022-10-15T20:00:00.6005537+03:00" endTime="2022-10-15T20:00:00.6005538+03:00" testType="13cdc9d9-ddb5-4fa4-a97d-d965ccfc6d4b" outcome="Passed" testListId="8c84fa94-04c1-424b-9868-57a2d4851a1d" relativeResultsDirectory="27b6ee89-20b2-4523-b46b-230f9b1cd934" />
    <UnitTestResult executionId="db938774-c4d2-42a4-aeae-8a2ddc0b1072" testId="834c739b-eca4-b36d-6a66-5a1bd75377b8" testName="BL.Tests.UsersServiceTests.TestAdminAddAutoIncrementUser" computerName="DESKTOP-TJ9D65N" duration="00:00:00.0069154" startTime="2022-10-15T20:00:00.6000484+03:00" endTime="2022-10-15T20:00:00.6000485+03:00" testType="13cdc9d9-ddb5-4fa4-a97d-d965ccfc6d4b" outcome="Passed" testListId="8c84fa94-04c1-424b-9868-57a2d4851a1d" relativeResultsDirectory="db938774-c4d2-42a4-aeae-8a2ddc0b1072" />
    <UnitTestResult executionId="82b32184-1bdf-4178-ab90-0f0b7869496f" testId="a2e59116-cb53-1d70-9cb8-21c286516866" testName="BL.Tests.CheckPermissionsServiceTests.AuthorizedHasNoAccessToAdminFunctions" computerName="DESKTOP-TJ9D65N" duration="00:00:00.0091090" startTime="2022-10-15T20:00:00.5873700+03:00" endTime="2022-10-15T20:00:00.5873700+03:00" testType="13cdc9d9-ddb5-4fa4-a97d-d965ccfc6d4b" outcome="Passed" testListId="8c84fa94-04c1-424b-9868-57a2d4851a1d" relativeResultsDirectory="82b32184-1bdf-4178-ab90-0f0b7869496f" />
    <UnitTestResult executionId="6ba56e45-a5dc-4a24-8ddb-a55619180329" testId="fc784b17-bd6e-5987-9aa8-ca914218abc8" testName="BL.Tests.TurnstilesServiceTest.TestAdminAddAutoIncrementTurnstileAsync(userID: 63, turnstile: Turnstile { TurnstileID = 231, LiftID = 163, IsOpen = True }, checkPermissionServiceMock: Mock&lt;ICheckPermissionService:16&gt;, turnstilesRepositoryStub: Mock&lt;ITurnstilesRepository:10&gt;, sut: TurnstilesService { })" computerName="DESKTOP-TJ9D65N" duration="00:00:00.0094435" startTime="2022-10-15T20:00:00.5859249+03:00" endTime="2022-10-15T20:00:00.5859250+03:00" testType="13cdc9d9-ddb5-4fa4-a97d-d965ccfc6d4b" outcome="Passed" testListId="8c84fa94-04c1-424b-9868-57a2d4851a1d" relativeResultsDirectory="6ba56e45-a5dc-4a24-8ddb-a55619180329" />
    <UnitTestResult executionId="77cfd443-187f-4f8e-a4b3-7ff9a564d0cf" testId="4f297306-d4f3-8d63-e7f4-1ac0b8c58c74" testName="BL.Tests.CheckPermissionsServiceTests.AuthorizedHasNoAccessToAdminSkiPatrolFunctions(functionName: &quot;GetLiftsSlopesInfoAsync&quot;)" computerName="DESKTOP-TJ9D65N" duration="00:00:00.0010433" startTime="2022-10-15T20:00:00.5964026+03:00" endTime="2022-10-15T20:00:00.5964027+03:00" testType="13cdc9d9-ddb5-4fa4-a97d-d965ccfc6d4b" outcome="Passed" testListId="8c84fa94-04c1-424b-9868-57a2d4851a1d" relativeResultsDirectory="77cfd443-187f-4f8e-a4b3-7ff9a564d0cf" />
    <UnitTestResult executionId="0d1d7e61-8ba9-44f0-8bca-7dc98aaec17f" testId="2d706594-f2b3-b3c8-21d4-86c9798c3306" testName="BL.Tests.CheckPermissionsServiceTests.SkiPatrolHasAccessToAdminSkiPatrolFunctions(functionName: &quot;GetLiftsSlopesInfoAsync&quot;)" computerName="DESKTOP-TJ9D65N" duration="00:00:00.0050045" startTime="2022-10-15T20:00:00.5859926+03:00" endTime="2022-10-15T20:00:00.5859927+03:00" testType="13cdc9d9-ddb5-4fa4-a97d-d965ccfc6d4b" outcome="Passed" testListId="8c84fa94-04c1-424b-9868-57a2d4851a1d" relativeResultsDirectory="0d1d7e61-8ba9-44f0-8bca-7dc98aaec17f" />
    <UnitTestResult executionId="875013af-4a12-45f0-b3e2-8ed0f16f3096" testId="1ca07ad8-f799-c5d4-e7cc-34fd950198a2" testName="BL.Tests.UsersServiceTests.TestLogInOk" computerName="DESKTOP-TJ9D65N" duration="00:00:00.0036002" startTime="2022-10-15T20:00:00.5873956+03:00" endTime="2022-10-15T20:00:00.5873957+03:00" testType="13cdc9d9-ddb5-4fa4-a97d-d965ccfc6d4b" outcome="Passed" testListId="8c84fa94-04c1-424b-9868-57a2d4851a1d" relativeResultsDirectory="875013af-4a12-45f0-b3e2-8ed0f16f3096" />
    <UnitTestResult executionId="1d281d75-bd1c-43f3-8969-5cb2d4708b43" testId="d46e42dc-02a6-557a-4069-52467c3a61a9" testName="BL.Tests.TurnstilesServiceTest.TestAdminGetTurnstileAsync(userID: 18, turnstile: Turnstile { TurnstileID = 156, LiftID = 13, IsOpen = True }, checkPermissionServiceMock: Mock&lt;ICheckPermissionService:12&gt;, turnstilesRepositoryStub: Mock&lt;ITurnstilesRepository:6&gt;, sut: TurnstilesService { })" computerName="DESKTOP-TJ9D65N" duration="00:00:00.0043628" startTime="2022-10-15T20:00:00.5828992+03:00" endTime="2022-10-15T20:00:00.5828992+03:00" testType="13cdc9d9-ddb5-4fa4-a97d-d965ccfc6d4b" outcome="Passed" testListId="8c84fa94-04c1-424b-9868-57a2d4851a1d" relativeResultsDirectory="1d281d75-bd1c-43f3-8969-5cb2d4708b43" />
    <UnitTestResult executionId="13390204-f9cf-4754-a96d-4f187241db66" testId="e5497347-2721-b7a6-0bd4-69a9921f6947" testName="BL.Tests.UsersServiceTests.TestAdminGetUserByIDAsync" computerName="DESKTOP-TJ9D65N" duration="00:00:00.0031811" startTime="2022-10-15T20:00:00.6056577+03:00" endTime="2022-10-15T20:00:00.6056578+03:00" testType="13cdc9d9-ddb5-4fa4-a97d-d965ccfc6d4b" outcome="Passed" testListId="8c84fa94-04c1-424b-9868-57a2d4851a1d" relativeResultsDirectory="13390204-f9cf-4754-a96d-4f187241db66" />
    <UnitTestResult executionId="d902edcc-ad86-4404-bc8e-269afe7ac5d4" testId="894941c1-bfa7-d8f9-c047-1e1ceefe2c2f" testName="BL.Tests.UsersServiceTests.TestRegisterUserWithRepeatedEmail" computerName="DESKTOP-TJ9D65N" duration="00:00:00.0034142" startTime="2022-10-15T20:00:00.5846488+03:00" endTime="2022-10-15T20:00:00.5846488+03:00" testType="13cdc9d9-ddb5-4fa4-a97d-d965ccfc6d4b" outcome="Passed" testListId="8c84fa94-04c1-424b-9868-57a2d4851a1d" relativeResultsDirectory="d902edcc-ad86-4404-bc8e-269afe7ac5d4" />
    <UnitTestResult executionId="2f243ee6-f600-494b-993c-c7f476ffd1e0" testId="39be9b5e-0bc4-57dc-37d3-aec6b520299d" testName="BL.Tests.LiftsSlopesServiceTests.TestGetLiftsSlopesInfoAsync(liftsSlopes: [LiftSlope { RecordID = 104, LiftID = 253, SlopeID = 27 }, LiftSlope { RecordID = 252, LiftID = 153, SlopeID = 176 }, LiftSlope { RecordID = 170, LiftID = 30, SlopeID = 135 }], slopesRepositoryStub: Mock&lt;ISlopesRepository:1&gt;, liftsRepositoryStub: Mock&lt;ILiftsRepository:6&gt;, liftsSlopesRepositoryStub: Mock&lt;ILiftsSlopesRepository:6&gt;)" computerName="DESKTOP-TJ9D65N" duration="00:00:00.0054695" startTime="2022-10-15T20:00:00.5848631+03:00" endTime="2022-10-15T20:00:00.5848631+03:00" testType="13cdc9d9-ddb5-4fa4-a97d-d965ccfc6d4b" outcome="Passed" testListId="8c84fa94-04c1-424b-9868-57a2d4851a1d" relativeResultsDirectory="2f243ee6-f600-494b-993c-c7f476ffd1e0" />
    <UnitTestResult executionId="c6307afb-0e5c-4d2b-afd3-2db2ed056944" testId="2602613f-c8e2-a6d9-fcf7-5b27d4a770a6" testName="BL.Tests.CheckPermissionsServiceTests.AuthorizedHasNoAccessToAdminSkiPatrolFunctions(functionName: &quot;GetMessagesAsync&quot;)" computerName="DESKTOP-TJ9D65N" duration="00:00:00.0034367" startTime="2022-10-15T20:00:00.5886903+03:00" endTime="2022-10-15T20:00:00.5886904+03:00" testType="13cdc9d9-ddb5-4fa4-a97d-d965ccfc6d4b" outcome="Passed" testListId="8c84fa94-04c1-424b-9868-57a2d4851a1d" relativeResultsDirectory="c6307afb-0e5c-4d2b-afd3-2db2ed056944" />
    <UnitTestResult executionId="35958105-08a7-4067-bb66-16e1400b47f5" testId="60bd668f-04df-da5e-b79b-5d9aedb5234d" testName="BL.Tests.CheckPermissionsServiceTests.SkiPatrolHasAccessToAdminSkiPatrolFunctions(functionName: &quot;MarkMessageReadByUserAsync&quot;)" computerName="DESKTOP-TJ9D65N" duration="00:00:00.0013658" startTime="2022-10-15T20:00:00.5861413+03:00" endTime="2022-10-15T20:00:00.5861414+03:00" testType="13cdc9d9-ddb5-4fa4-a97d-d965ccfc6d4b" outcome="Passed" testListId="8c84fa94-04c1-424b-9868-57a2d4851a1d" relativeResultsDirectory="35958105-08a7-4067-bb66-16e1400b47f5" />
  </Results>
  <TestDefinitions>
    <UnitTest name="BL.Tests.TurnstilesServiceTest.TestAdminDeleteTurnstileAsync(userID: 107, turnstile: Turnstile { TurnstileID = 105, LiftID = 130, IsOpen = True }, checkPermissionServiceMock: Mock&lt;ICheckPermissionService:15&gt;, turnstilesRepositoryStub: Mock&lt;ITurnstilesRepository:9&gt;, sut: TurnstilesService { })" storage="c:\users\alena\desktop\7_sem\testing_and_debugging\skiresort\bl.tests\bin\debug\net6.0\bl.tests.dll" id="8287ba1a-bb89-7910-aabb-6a4e6476a690">
      <Execution id="953b6770-e71c-410c-8631-4a63729ceaed" />
      <TestMethod codeBase="C:\Users\alena\Desktop\7_sem\testing_and_debugging\SkiResort\BL.Tests\bin\Debug\net6.0\BL.Tests.dll" adapterTypeName="executor://xunit/VsTestRunner2/netcoreapp" className="BL.Tests.TurnstilesServiceTest" name="TestAdminDeleteTurnstileAsync" />
    </UnitTest>
    <UnitTest name="BL.Tests.LiftsServiceTest.TestAdminDeleteLiftAsync(userID: 132, lift: Lift { LiftID = 198, LiftName = liftName3ea2b5db-60f6-4c2b-8737-5cff103c41db, IsOpen = True, SeatsAmount = 165, LiftingTime = 234, QueueTime = 46, ConnectedSlopes =  }, checkPermissionServiceMock: Mock&lt;ICheckPermissionService:4&gt;, liftsRepositoryStub: Mock&lt;ILiftsRepository:4&gt;, liftsSlopesRepositoryStub: Mock&lt;ILiftsSlopesRepository:4&gt;, sut: LiftsService { })" storage="c:\users\alena\desktop\7_sem\testing_and_debugging\skiresort\bl.tests\bin\debug\net6.0\bl.tests.dll" id="e3803bf6-f7a6-a0f3-215c-efff568a765f">
      <Execution id="4eb591f9-8d39-4756-8f73-c69f493f6edd" />
      <TestMethod codeBase="C:\Users\alena\Desktop\7_sem\testing_and_debugging\SkiResort\BL.Tests\bin\Debug\net6.0\BL.Tests.dll" adapterTypeName="executor://xunit/VsTestRunner2/netcoreapp" className="BL.Tests.LiftsServiceTest" name="TestAdminDeleteLiftAsync" />
    </UnitTest>
    <UnitTest name="BL.Tests.CheckPermissionsServiceTests.AuthorizedHasNoAccessToAdminSkiPatrolFunctions(functionName: &quot;MarkMessageReadByUserAsync&quot;)" storage="c:\users\alena\desktop\7_sem\testing_and_debugging\skiresort\bl.tests\bin\debug\net6.0\bl.tests.dll" id="9c7df5e2-1b23-ebea-889f-b78ca86b60ab">
      <Execution id="1c39da90-0e4c-411b-9d58-0ad1bec754e8" />
      <TestMethod codeBase="C:\Users\alena\Desktop\7_sem\testing_and_debugging\SkiResort\BL.Tests\bin\Debug\net6.0\BL.Tests.dll" adapterTypeName="executor://xunit/VsTestRunner2/netcoreapp" className="BL.Tests.CheckPermissionsServiceTests" name="AuthorizedHasNoAccessToAdminSkiPatrolFunctions" />
    </UnitTest>
    <UnitTest name="BL.Tests.CheckPermissionsServiceTests.UnauthorizedHasNoAccessToAdminSkiPatrolFunctions(functionName: &quot;MarkMessageReadByUserAsync&quot;)" storage="c:\users\alena\desktop\7_sem\testing_and_debugging\skiresort\bl.tests\bin\debug\net6.0\bl.tests.dll" id="a19a5fcf-c5d2-7d44-5d7d-84403042f4e0">
      <Execution id="387fc16b-9a7b-45e7-8cc8-4056f14b2a79" />
      <TestMethod codeBase="C:\Users\alena\Desktop\7_sem\testing_and_debugging\SkiResort\BL.Tests\bin\Debug\net6.0\BL.Tests.dll" adapterTypeName="executor://xunit/VsTestRunner2/netcoreapp" className="BL.Tests.CheckPermissionsServiceTests" name="UnauthorizedHasNoAccessToAdminSkiPatrolFunctions" />
    </UnitTest>
    <UnitTest name="BL.Tests.LiftsServiceTest.TestAdminAddAutoIncrementLiftAsync(userID: 181, lift: Lift { LiftID = 255, LiftName = liftName764676c8-403a-4af4-bafb-88d35cef8a05, IsOpen = True, SeatsAmount = 168, LiftingTime = 132, QueueTime = 74, ConnectedSlopes =  }, checkPermissionServiceMock: Mock&lt;ICheckPermissionService:5&gt;, liftsRepositoryStub: Mock&lt;ILiftsRepository:5&gt;, sut: LiftsService { })" storage="c:\users\alena\desktop\7_sem\testing_and_debugging\skiresort\bl.tests\bin\debug\net6.0\bl.tests.dll" id="1b7ecb9e-571d-73ae-bcc9-f386febbe032">
      <Execution id="d78bbf59-a631-4605-8ab2-79bbaa771f0a" />
      <TestMethod codeBase="C:\Users\alena\Desktop\7_sem\testing_and_debugging\SkiResort\BL.Tests\bin\Debug\net6.0\BL.Tests.dll" adapterTypeName="executor://xunit/VsTestRunner2/netcoreapp" className="BL.Tests.LiftsServiceTest" name="TestAdminAddAutoIncrementLiftAsync" />
    </UnitTest>
    <UnitTest name="BL.Tests.LiftsServiceTest.TestGetLiftsInfoAsync(userID: 251, initialLifts: [Lift { LiftID = 243, LiftName = liftName8e6472bd-1404-4f1f-9794-3b81fec09ebd, IsOpen = True, SeatsAmount = 140, LiftingTime = 6, QueueTime = 141, ConnectedSlopes =  }, Lift { LiftID = 96, LiftName = liftName9576ae3e-885e-402c-8c29-30fc437c190e, IsOpen = False, SeatsAmount = 217, LiftingTime = 169, QueueTime = 87, ConnectedSlopes =  }, Lift { LiftID = 14, LiftName = ..." storage="c:\users\alena\desktop\7_sem\testing_and_debugging\skiresort\bl.tests\bin\debug\net6.0\bl.tests.dll" id="1e88fb7a-f80b-9ea3-80c2-89ec26080086">
      <Execution id="1de114be-f8f1-4db2-bf71-7149404e035c" />
      <TestMethod codeBase="C:\Users\alena\Desktop\7_sem\testing_and_debugging\SkiResort\BL.Tests\bin\Debug\net6.0\BL.Tests.dll" adapterTypeName="executor://xunit/VsTestRunner2/netcoreapp" className="BL.Tests.LiftsServiceTest" name="TestGetLiftsInfoAsync" />
    </UnitTest>
    <UnitTest name="BL.Tests.CheckPermissionsServiceTests.AuthorizedHasNoAccessToAdminSkiPatrolFunctions(functionName: &quot;GetMessagesAsync&quot;)" storage="c:\users\alena\desktop\7_sem\testing_and_debugging\skiresort\bl.tests\bin\debug\net6.0\bl.tests.dll" id="2602613f-c8e2-a6d9-fcf7-5b27d4a770a6">
      <Execution id="c6307afb-0e5c-4d2b-afd3-2db2ed056944" />
      <TestMethod codeBase="C:\Users\alena\Desktop\7_sem\testing_and_debugging\SkiResort\BL.Tests\bin\Debug\net6.0\BL.Tests.dll" adapterTypeName="executor://xunit/VsTestRunner2/netcoreapp" className="BL.Tests.CheckPermissionsServiceTests" name="AuthorizedHasNoAccessToAdminSkiPatrolFunctions" />
    </UnitTest>
    <UnitTest name="BL.Tests.CheckPermissionsServiceTests.AuthorizedHasNoAccessToAdminFunctions" storage="c:\users\alena\desktop\7_sem\testing_and_debugging\skiresort\bl.tests\bin\debug\net6.0\bl.tests.dll" id="a2e59116-cb53-1d70-9cb8-21c286516866">
      <Execution id="82b32184-1bdf-4178-ab90-0f0b7869496f" />
      <TestMethod codeBase="C:\Users\alena\Desktop\7_sem\testing_and_debugging\SkiResort\BL.Tests\bin\Debug\net6.0\BL.Tests.dll" adapterTypeName="executor://xunit/VsTestRunner2/netcoreapp" className="BL.Tests.CheckPermissionsServiceTests" name="AuthorizedHasNoAccessToAdminFunctions" />
    </UnitTest>
    <UnitTest name="BL.Tests.CheckPermissionsServiceTests.SkiPatrolHasAccessToAdminSkiPatrolFunctions(functionName: &quot;GetMessagesAsync&quot;)" storage="c:\users\alena\desktop\7_sem\testing_and_debugging\skiresort\bl.tests\bin\debug\net6.0\bl.tests.dll" id="c36970dc-93f7-753e-fa47-157133b01644">
      <Execution id="5d9397bc-2e17-4fe3-9f78-554248c6e535" />
      <TestMethod codeBase="C:\Users\alena\Desktop\7_sem\testing_and_debugging\SkiResort\BL.Tests\bin\Debug\net6.0\BL.Tests.dll" adapterTypeName="executor://xunit/VsTestRunner2/netcoreapp" className="BL.Tests.CheckPermissionsServiceTests" name="SkiPatrolHasAccessToAdminSkiPatrolFunctions" />
    </UnitTest>
    <UnitTest name="BL.Tests.CheckPermissionsServiceTests.AdminHasAccessToAllFunctions" storage="c:\users\alena\desktop\7_sem\testing_and_debugging\skiresort\bl.tests\bin\debug\net6.0\bl.tests.dll" id="f3efc418-a8a6-c7b7-9bac-90b33aa8472f">
      <Execution id="2b139ac8-c8ad-4e11-adb4-1441bd324b80" />
      <TestMethod codeBase="C:\Users\alena\Desktop\7_sem\testing_and_debugging\SkiResort\BL.Tests\bin\Debug\net6.0\BL.Tests.dll" adapterTypeName="executor://xunit/VsTestRunner2/netcoreapp" className="BL.Tests.CheckPermissionsServiceTests" name="AdminHasAccessToAllFunctions" />
    </UnitTest>
    <UnitTest name="BL.Tests.UsersServiceTests.TestRegisterUserWithNoPassword" storage="c:\users\alena\desktop\7_sem\testing_and_debugging\skiresort\bl.tests\bin\debug\net6.0\bl.tests.dll" id="f44a1b21-8efc-bfac-63b4-d534442def31">
      <Execution id="247be0c4-f7e2-47c1-9551-1246ddf5677e" />
      <TestMethod codeBase="C:\Users\alena\Desktop\7_sem\testing_and_debugging\SkiResort\BL.Tests\bin\Debug\net6.0\BL.Tests.dll" adapterTypeName="executor://xunit/VsTestRunner2/netcoreapp" className="BL.Tests.UsersServiceTests" name="TestRegisterUserWithNoPassword" />
    </UnitTest>
    <UnitTest name="BL.Tests.UsersServiceTests.TestAdminGetUserByIDAsync" storage="c:\users\alena\desktop\7_sem\testing_and_debugging\skiresort\bl.tests\bin\debug\net6.0\bl.tests.dll" id="e5497347-2721-b7a6-0bd4-69a9921f6947">
      <Execution id="13390204-f9cf-4754-a96d-4f187241db66" />
      <TestMethod codeBase="C:\Users\alena\Desktop\7_sem\testing_and_debugging\SkiResort\BL.Tests\bin\Debug\net6.0\BL.Tests.dll" adapterTypeName="executor://xunit/VsTestRunner2/netcoreapp" className="BL.Tests.UsersServiceTests" name="TestAdminGetUserByIDAsync" />
    </UnitTest>
    <UnitTest name="BL.Tests.TurnstilesServiceTest.TestAdminAddAutoIncrementTurnstileAsync(userID: 63, turnstile: Turnstile { TurnstileID = 231, LiftID = 163, IsOpen = True }, checkPermissionServiceMock: Mock&lt;ICheckPermissionService:16&gt;, turnstilesRepositoryStub: Mock&lt;ITurnstilesRepository:10&gt;, sut: TurnstilesService { })" storage="c:\users\alena\desktop\7_sem\testing_and_debugging\skiresort\bl.tests\bin\debug\net6.0\bl.tests.dll" id="fc784b17-bd6e-5987-9aa8-ca914218abc8">
      <Execution id="6ba56e45-a5dc-4a24-8ddb-a55619180329" />
      <TestMethod codeBase="C:\Users\alena\Desktop\7_sem\testing_and_debugging\SkiResort\BL.Tests\bin\Debug\net6.0\BL.Tests.dll" adapterTypeName="executor://xunit/VsTestRunner2/netcoreapp" className="BL.Tests.TurnstilesServiceTest" name="TestAdminAddAutoIncrementTurnstileAsync" />
    </UnitTest>
    <UnitTest name="BL.Tests.SlopesServiceTest.TestAdminAddSlopeAsync(userID: 103, slope: Slope { SlopeID = 196, SlopeName = slopeName08f5cb9b-a8bb-4c0d-a60e-a97cdda29354, IsOpen = True, DifficultyLevel = 115, ConnectedLifts =  }, checkPermissionServiceMock: Mock&lt;ICheckPermissionService:11&gt;, slopesRepositoryStub: Mock&lt;ISlopesRepository:9&gt;, sut: SlopesService { })" storage="c:\users\alena\desktop\7_sem\testing_and_debugging\skiresort\bl.tests\bin\debug\net6.0\bl.tests.dll" id="44520667-f682-6742-4eca-a5a47e496a31">
      <Execution id="39cd153e-301b-4b00-bfce-47e65bf209b6" />
      <TestMethod codeBase="C:\Users\alena\Desktop\7_sem\testing_and_debugging\SkiResort\BL.Tests\bin\Debug\net6.0\BL.Tests.dll" adapterTypeName="executor://xunit/VsTestRunner2/netcoreapp" className="BL.Tests.SlopesServiceTest" name="TestAdminAddSlopeAsync" />
    </UnitTest>
    <UnitTest name="BL.Tests.UsersServiceTests.TestAdminAddAutoIncrementUser" storage="c:\users\alena\desktop\7_sem\testing_and_debugging\skiresort\bl.tests\bin\debug\net6.0\bl.tests.dll" id="834c739b-eca4-b36d-6a66-5a1bd75377b8">
      <Execution id="db938774-c4d2-42a4-aeae-8a2ddc0b1072" />
      <TestMethod codeBase="C:\Users\alena\Desktop\7_sem\testing_and_debugging\SkiResort\BL.Tests\bin\Debug\net6.0\BL.Tests.dll" adapterTypeName="executor://xunit/VsTestRunner2/netcoreapp" className="BL.Tests.UsersServiceTests" name="TestAdminAddAutoIncrementUser" />
    </UnitTest>
    <UnitTest name="BL.Tests.CheckPermissionsServiceTests.UnauthorizedHasNoAccessToAdminSkiPatrolFunctions(functionName: &quot;GetLiftsSlopesInfoAsync&quot;)" storage="c:\users\alena\desktop\7_sem\testing_and_debugging\skiresort\bl.tests\bin\debug\net6.0\bl.tests.dll" id="387c9729-48c1-486e-5e67-f5d11a9f0db8">
      <Execution id="ed8117a6-a8ae-45b2-8bbc-e11e0e77a7bf" />
      <TestMethod codeBase="C:\Users\alena\Desktop\7_sem\testing_and_debugging\SkiResort\BL.Tests\bin\Debug\net6.0\BL.Tests.dll" adapterTypeName="executor://xunit/VsTestRunner2/netcoreapp" className="BL.Tests.CheckPermissionsServiceTests" name="UnauthorizedHasNoAccessToAdminSkiPatrolFunctions" />
    </UnitTest>
    <UnitTest name="BL.Tests.CheckPermissionsServiceTests.SkiPatrolHasAccessToAdminSkiPatrolFunctions(functionName: &quot;MarkMessageReadByUserAsync&quot;)" storage="c:\users\alena\desktop\7_sem\testing_and_debugging\skiresort\bl.tests\bin\debug\net6.0\bl.tests.dll" id="60bd668f-04df-da5e-b79b-5d9aedb5234d">
      <Execution id="35958105-08a7-4067-bb66-16e1400b47f5" />
      <TestMethod codeBase="C:\Users\alena\Desktop\7_sem\testing_and_debugging\SkiResort\BL.Tests\bin\Debug\net6.0\BL.Tests.dll" adapterTypeName="executor://xunit/VsTestRunner2/netcoreapp" className="BL.Tests.CheckPermissionsServiceTests" name="SkiPatrolHasAccessToAdminSkiPatrolFunctions" />
    </UnitTest>
    <UnitTest name="BL.Tests.LiftsSlopesServiceTests.TestAdminDeleteLiftSlopeAsync(lift: Lift { LiftID = 167, LiftName = liftNameea620cd1-44b4-4b32-8713-af1b37c0664d, IsOpen = True, SeatsAmount = 219, LiftingTime = 243, QueueTime = 217, ConnectedSlopes =  }, slope: Slope { SlopeID = 191, SlopeName = slopeName47704ce6-8b10-422c-ba53-8a4f70df4aa7, IsOpen = False, DifficultyLevel = 119, ConnectedLifts =  }, slopesRepositoryStub: Mock&lt;ISlopesRepository:2&gt;, liftsRe..." storage="c:\users\alena\desktop\7_sem\testing_and_debugging\skiresort\bl.tests\bin\debug\net6.0\bl.tests.dll" id="0d6d1aee-5298-ffa1-730b-306b41e19495">
      <Execution id="e1054820-32f2-4e05-af57-5dbe0f386633" />
      <TestMethod codeBase="C:\Users\alena\Desktop\7_sem\testing_and_debugging\SkiResort\BL.Tests\bin\Debug\net6.0\BL.Tests.dll" adapterTypeName="executor://xunit/VsTestRunner2/netcoreapp" className="BL.Tests.LiftsSlopesServiceTests" name="TestAdminDeleteLiftSlopeAsync" />
    </UnitTest>
    <UnitTest name="BL.Tests.CheckPermissionsServiceTests.UnauthorizedHasNoAccessToAdminFunctions" storage="c:\users\alena\desktop\7_sem\testing_and_debugging\skiresort\bl.tests\bin\debug\net6.0\bl.tests.dll" id="e2d7e5be-3dae-33ae-fb17-c704b6fd58d6">
      <Execution id="1dbe04af-ae02-4223-934a-62d1d76777ff" />
      <TestMethod codeBase="C:\Users\alena\Desktop\7_sem\testing_and_debugging\SkiResort\BL.Tests\bin\Debug\net6.0\BL.Tests.dll" adapterTypeName="executor://xunit/VsTestRunner2/netcoreapp" className="BL.Tests.CheckPermissionsServiceTests" name="UnauthorizedHasNoAccessToAdminFunctions" />
    </UnitTest>
    <UnitTest name="BL.Tests.UsersServiceTests.TestLogInWithWrongPassword" storage="c:\users\alena\desktop\7_sem\testing_and_debugging\skiresort\bl.tests\bin\debug\net6.0\bl.tests.dll" id="69340bb6-3645-f9dd-971e-29d8b2a009bb">
      <Execution id="a2913df3-00ca-43ec-a882-4048e850dfcc" />
      <TestMethod codeBase="C:\Users\alena\Desktop\7_sem\testing_and_debugging\SkiResort\BL.Tests\bin\Debug\net6.0\BL.Tests.dll" adapterTypeName="executor://xunit/VsTestRunner2/netcoreapp" className="BL.Tests.UsersServiceTests" name="TestLogInWithWrongPassword" />
    </UnitTest>
    <UnitTest name="BL.Tests.CheckPermissionsServiceTests.SkiPatrolHasAccessToAdminSkiPatrolFunctions(functionName: &quot;GetLiftsSlopesInfoAsync&quot;)" storage="c:\users\alena\desktop\7_sem\testing_and_debugging\skiresort\bl.tests\bin\debug\net6.0\bl.tests.dll" id="2d706594-f2b3-b3c8-21d4-86c9798c3306">
      <Execution id="0d1d7e61-8ba9-44f0-8bca-7dc98aaec17f" />
      <TestMethod codeBase="C:\Users\alena\Desktop\7_sem\testing_and_debugging\SkiResort\BL.Tests\bin\Debug\net6.0\BL.Tests.dll" adapterTypeName="executor://xunit/VsTestRunner2/netcoreapp" className="BL.Tests.CheckPermissionsServiceTests" name="SkiPatrolHasAccessToAdminSkiPatrolFunctions" />
    </UnitTest>
    <UnitTest name="BL.Tests.TurnstilesServiceTest.TestAdminUpdateTurnstileAsync(userID: 184, turnstile: Turnstile { TurnstileID = 82, LiftID = 122, IsOpen = True }, checkPermissionServiceMock: Mock&lt;ICheckPermissionService:14&gt;, turnstilesRepositoryStub: Mock&lt;ITurnstilesRepository:8&gt;, sut: TurnstilesService { })" storage="c:\users\alena\desktop\7_sem\testing_and_debugging\skiresort\bl.tests\bin\debug\net6.0\bl.tests.dll" id="41918b5f-df70-7d84-e31b-08f89c0fa6a9">
      <Execution id="534a526c-f12d-4f70-ae2b-70dc4752a431" />
      <TestMethod codeBase="C:\Users\alena\Desktop\7_sem\testing_and_debugging\SkiResort\BL.Tests\bin\Debug\net6.0\BL.Tests.dll" adapterTypeName="executor://xunit/VsTestRunner2/netcoreapp" className="BL.Tests.TurnstilesServiceTest" name="TestAdminUpdateTurnstileAsync" />
    </UnitTest>
    <UnitTest name="BL.Tests.CheckPermissionsServiceTests.SkiPatrolHasNoAccessToAdminFunctions" storage="c:\users\alena\desktop\7_sem\testing_and_debugging\skiresort\bl.tests\bin\debug\net6.0\bl.tests.dll" id="492c0393-35b4-df26-a537-21ca08302f3c">
      <Execution id="9d8d4361-60a6-4bea-af79-c93f4ed85a72" />
      <TestMethod codeBase="C:\Users\alena\Desktop\7_sem\testing_and_debugging\SkiResort\BL.Tests\bin\Debug\net6.0\BL.Tests.dll" adapterTypeName="executor://xunit/VsTestRunner2/netcoreapp" className="BL.Tests.CheckPermissionsServiceTests" name="SkiPatrolHasNoAccessToAdminFunctions" />
    </UnitTest>
    <UnitTest name="BL.Tests.UsersServiceTests.TestAdminDeleteUser" storage="c:\users\alena\desktop\7_sem\testing_and_debugging\skiresort\bl.tests\bin\debug\net6.0\bl.tests.dll" id="18fa8c62-e27d-e1fc-8182-4d7db62b008d">
      <Execution id="15ae60cf-b5cf-4eb2-9ae8-c7850170da0b" />
      <TestMethod codeBase="C:\Users\alena\Desktop\7_sem\testing_and_debugging\SkiResort\BL.Tests\bin\Debug\net6.0\BL.Tests.dll" adapterTypeName="executor://xunit/VsTestRunner2/netcoreapp" className="BL.Tests.UsersServiceTests" name="TestAdminDeleteUser" />
    </UnitTest>
    <UnitTest name="BL.Tests.CheckPermissionsServiceTests.AuthorizedHasAccessToAuthorizedFunctions(functionName: &quot;LogOutAsync&quot;)" storage="c:\users\alena\desktop\7_sem\testing_and_debugging\skiresort\bl.tests\bin\debug\net6.0\bl.tests.dll" id="aa28a6b3-21d3-aa45-24d3-bef2facbc899">
      <Execution id="730576a2-2acf-4275-a8d8-bfa1f8e4e6d4" />
      <TestMethod codeBase="C:\Users\alena\Desktop\7_sem\testing_and_debugging\SkiResort\BL.Tests\bin\Debug\net6.0\BL.Tests.dll" adapterTypeName="executor://xunit/VsTestRunner2/netcoreapp" className="BL.Tests.CheckPermissionsServiceTests" name="AuthorizedHasAccessToAuthorizedFunctions" />
    </UnitTest>
    <UnitTest name="BL.Tests.UsersServiceTests.TestAdminUpdateUser" storage="c:\users\alena\desktop\7_sem\testing_and_debugging\skiresort\bl.tests\bin\debug\net6.0\bl.tests.dll" id="06d0bc3a-24a0-fb7f-4277-e9ae6d21c7dd">
      <Execution id="d03859df-5c67-4a37-af5b-2887795febb1" />
      <TestMethod codeBase="C:\Users\alena\Desktop\7_sem\testing_and_debugging\SkiResort\BL.Tests\bin\Debug\net6.0\BL.Tests.dll" adapterTypeName="executor://xunit/VsTestRunner2/netcoreapp" className="BL.Tests.UsersServiceTests" name="TestAdminUpdateUser" />
    </UnitTest>
    <UnitTest name="BL.Tests.UsersServiceTests.TestLogInOk" storage="c:\users\alena\desktop\7_sem\testing_and_debugging\skiresort\bl.tests\bin\debug\net6.0\bl.tests.dll" id="1ca07ad8-f799-c5d4-e7cc-34fd950198a2">
      <Execution id="875013af-4a12-45f0-b3e2-8ed0f16f3096" />
      <TestMethod codeBase="C:\Users\alena\Desktop\7_sem\testing_and_debugging\SkiResort\BL.Tests\bin\Debug\net6.0\BL.Tests.dll" adapterTypeName="executor://xunit/VsTestRunner2/netcoreapp" className="BL.Tests.UsersServiceTests" name="TestLogInOk" />
    </UnitTest>
    <UnitTest name="BL.Tests.LiftsServiceTest.TestGetLiftInfoAsync(userID: 36, lift: Lift { LiftID = 128, LiftName = liftName3d39c224-209d-4c26-909b-f6f8f09cf19f, IsOpen = True, SeatsAmount = 151, LiftingTime = 15, QueueTime = 27, ConnectedSlopes =  }, checkPermissionServiceMock: Mock&lt;ICheckPermissionService:1&gt;, liftsRepositoryStub: Mock&lt;ILiftsRepository:1&gt;, liftsSlopesRepositoryStub: Mock&lt;ILiftsSlopesRepository:1&gt;, sut: LiftsService { })" storage="c:\users\alena\desktop\7_sem\testing_and_debugging\skiresort\bl.tests\bin\debug\net6.0\bl.tests.dll" id="21f863fe-07b5-679b-d240-1e2ac7a5e315">
      <Execution id="03022501-3c1c-4cf8-9aec-f9f28ac51256" />
      <TestMethod codeBase="C:\Users\alena\Desktop\7_sem\testing_and_debugging\SkiResort\BL.Tests\bin\Debug\net6.0\BL.Tests.dll" adapterTypeName="executor://xunit/VsTestRunner2/netcoreapp" className="BL.Tests.LiftsServiceTest" name="TestGetLiftInfoAsync" />
    </UnitTest>
    <UnitTest name="BL.Tests.UsersServiceTests.TestAdminGetUsers" storage="c:\users\alena\desktop\7_sem\testing_and_debugging\skiresort\bl.tests\bin\debug\net6.0\bl.tests.dll" id="20ad8570-0170-85de-dcd7-2f109dd7bcd6">
      <Execution id="85f51073-ad92-4c25-a2e9-120d45772230" />
      <TestMethod codeBase="C:\Users\alena\Desktop\7_sem\testing_and_debugging\SkiResort\BL.Tests\bin\Debug\net6.0\BL.Tests.dll" adapterTypeName="executor://xunit/VsTestRunner2/netcoreapp" className="BL.Tests.UsersServiceTests" name="TestAdminGetUsers" />
    </UnitTest>
    <UnitTest name="BL.Tests.CheckPermissionsServiceTests.UnauthorizedHasNoAccessToAdminSkiPatrolFunctions(functionName: &quot;GetMessagesAsync&quot;)" storage="c:\users\alena\desktop\7_sem\testing_and_debugging\skiresort\bl.tests\bin\debug\net6.0\bl.tests.dll" id="229812f5-9a73-5335-11f5-31330d1348a5">
      <Execution id="3d0e7751-b480-4b64-a24d-3fda743c97c3" />
      <TestMethod codeBase="C:\Users\alena\Desktop\7_sem\testing_and_debugging\SkiResort\BL.Tests\bin\Debug\net6.0\BL.Tests.dll" adapterTypeName="executor://xunit/VsTestRunner2/netcoreapp" className="BL.Tests.CheckPermissionsServiceTests" name="UnauthorizedHasNoAccessToAdminSkiPatrolFunctions" />
    </UnitTest>
    <UnitTest name="BL.Tests.LiftsSlopesServiceTests.TestGetLiftsSlopesInfoAsync(liftsSlopes: [LiftSlope { RecordID = 104, LiftID = 253, SlopeID = 27 }, LiftSlope { RecordID = 252, LiftID = 153, SlopeID = 176 }, LiftSlope { RecordID = 170, LiftID = 30, SlopeID = 135 }], slopesRepositoryStub: Mock&lt;ISlopesRepository:1&gt;, liftsRepositoryStub: Mock&lt;ILiftsRepository:6&gt;, liftsSlopesRepositoryStub: Mock&lt;ILiftsSlopesRepository:6&gt;)" storage="c:\users\alena\desktop\7_sem\testing_and_debugging\skiresort\bl.tests\bin\debug\net6.0\bl.tests.dll" id="39be9b5e-0bc4-57dc-37d3-aec6b520299d">
      <Execution id="2f243ee6-f600-494b-993c-c7f476ffd1e0" />
      <TestMethod codeBase="C:\Users\alena\Desktop\7_sem\testing_and_debugging\SkiResort\BL.Tests\bin\Debug\net6.0\BL.Tests.dll" adapterTypeName="executor://xunit/VsTestRunner2/netcoreapp" className="BL.Tests.LiftsSlopesServiceTests" name="TestGetLiftsSlopesInfoAsync" />
    </UnitTest>
    <UnitTest name="BL.Tests.LiftsServiceTest.TestUpdateLiftInfoAsync(userID: 105, lift: Lift { LiftID = 88, LiftName = liftNameda8bb116-b522-4d84-beda-3641c3fd01ea, IsOpen = True, SeatsAmount = 99, LiftingTime = 241, QueueTime = 37, ConnectedSlopes =  }, checkPermissionServiceMock: Mock&lt;ICheckPermissionService:3&gt;, liftsRepositoryStub: Mock&lt;ILiftsRepository:3&gt;, sut: LiftsService { })" storage="c:\users\alena\desktop\7_sem\testing_and_debugging\skiresort\bl.tests\bin\debug\net6.0\bl.tests.dll" id="0b33fa1e-a21a-9c74-c16b-1eab3c0514a7">
      <Execution id="15b3e2c6-92a4-46e6-9323-ce7f14b311e9" />
      <TestMethod codeBase="C:\Users\alena\Desktop\7_sem\testing_and_debugging\SkiResort\BL.Tests\bin\Debug\net6.0\BL.Tests.dll" adapterTypeName="executor://xunit/VsTestRunner2/netcoreapp" className="BL.Tests.LiftsServiceTest" name="TestUpdateLiftInfoAsync" />
    </UnitTest>
    <UnitTest name="BL.Tests.TurnstilesServiceTest.TestAdminGetTurnstileAsync(userID: 18, turnstile: Turnstile { TurnstileID = 156, LiftID = 13, IsOpen = True }, checkPermissionServiceMock: Mock&lt;ICheckPermissionService:12&gt;, turnstilesRepositoryStub: Mock&lt;ITurnstilesRepository:6&gt;, sut: TurnstilesService { })" storage="c:\users\alena\desktop\7_sem\testing_and_debugging\skiresort\bl.tests\bin\debug\net6.0\bl.tests.dll" id="d46e42dc-02a6-557a-4069-52467c3a61a9">
      <Execution id="1d281d75-bd1c-43f3-8969-5cb2d4708b43" />
      <TestMethod codeBase="C:\Users\alena\Desktop\7_sem\testing_and_debugging\SkiResort\BL.Tests\bin\Debug\net6.0\BL.Tests.dll" adapterTypeName="executor://xunit/VsTestRunner2/netcoreapp" className="BL.Tests.TurnstilesServiceTest" name="TestAdminGetTurnstileAsync" />
    </UnitTest>
    <UnitTest name="BL.Tests.CheckPermissionsServiceTests.AuthorizedHasNoAccessToAdminSkiPatrolFunctions(functionName: &quot;GetLiftsSlopesInfoAsync&quot;)" storage="c:\users\alena\desktop\7_sem\testing_and_debugging\skiresort\bl.tests\bin\debug\net6.0\bl.tests.dll" id="4f297306-d4f3-8d63-e7f4-1ac0b8c58c74">
      <Execution id="77cfd443-187f-4f8e-a4b3-7ff9a564d0cf" />
      <TestMethod codeBase="C:\Users\alena\Desktop\7_sem\testing_and_debugging\SkiResort\BL.Tests\bin\Debug\net6.0\BL.Tests.dll" adapterTypeName="executor://xunit/VsTestRunner2/netcoreapp" className="BL.Tests.CheckPermissionsServiceTests" name="AuthorizedHasNoAccessToAdminSkiPatrolFunctions" />
    </UnitTest>
    <UnitTest name="BL.Tests.UsersServiceTests.TestRegisterOk" storage="c:\users\alena\desktop\7_sem\testing_and_debugging\skiresort\bl.tests\bin\debug\net6.0\bl.tests.dll" id="0eeef75f-6e38-7893-a8fe-cff3e0a970a7">
      <Execution id="483dec65-c063-4629-ae2f-71f3b2cde4be" />
      <TestMethod codeBase="C:\Users\alena\Desktop\7_sem\testing_and_debugging\SkiResort\BL.Tests\bin\Debug\net6.0\BL.Tests.dll" adapterTypeName="executor://xunit/VsTestRunner2/netcoreapp" className="BL.Tests.UsersServiceTests" name="TestRegisterOk" />
    </UnitTest>
    <UnitTest name="BL.Tests.LiftsSlopesServiceTests.TestAdminAddAutoIncrementLiftSlopeAsync(lift: Lift { LiftID = 14, LiftName = liftName7b54faaa-ed8b-49e3-9b52-d11762fdf08f, IsOpen = True, SeatsAmount = 141, LiftingTime = 181, QueueTime = 206, ConnectedSlopes =  }, slope: Slope { SlopeID = 140, SlopeName = slopeNameb196196b-fa5c-406f-b84b-45192a78935a, IsOpen = False, DifficultyLevel = 28, ConnectedLifts =  }, slopesRepositoryStub: Mock&lt;ISlopesRepository:3&gt;,..." storage="c:\users\alena\desktop\7_sem\testing_and_debugging\skiresort\bl.tests\bin\debug\net6.0\bl.tests.dll" id="e325fc0d-3ac7-d84c-672e-f8d853e4e870">
      <Execution id="5494058c-c29e-49e9-907d-3a2750ad7954" />
      <TestMethod codeBase="C:\Users\alena\Desktop\7_sem\testing_and_debugging\SkiResort\BL.Tests\bin\Debug\net6.0\BL.Tests.dll" adapterTypeName="executor://xunit/VsTestRunner2/netcoreapp" className="BL.Tests.LiftsSlopesServiceTests" name="TestAdminAddAutoIncrementLiftSlopeAsync" />
    </UnitTest>
    <UnitTest name="BL.Tests.CheckPermissionsServiceTests.AuthorizedHasAccessToAuthorizedFunctions(functionName: &quot;SendMessageAsync&quot;)" storage="c:\users\alena\desktop\7_sem\testing_and_debugging\skiresort\bl.tests\bin\debug\net6.0\bl.tests.dll" id="644ec43e-70cd-c82d-42e7-0d990be1414d">
      <Execution id="27b6ee89-20b2-4523-b46b-230f9b1cd934" />
      <TestMethod codeBase="C:\Users\alena\Desktop\7_sem\testing_and_debugging\SkiResort\BL.Tests\bin\Debug\net6.0\BL.Tests.dll" adapterTypeName="executor://xunit/VsTestRunner2/netcoreapp" className="BL.Tests.CheckPermissionsServiceTests" name="AuthorizedHasAccessToAuthorizedFunctions" />
    </UnitTest>
    <UnitTest name="BL.Tests.SlopesServiceTest.TestAdminDeleteSlopeAsync(userID: 8, slope: Slope { SlopeID = 103, SlopeName = slopeName57a2e97d-34ee-49ce-a874-8fcb04da37c1, IsOpen = True, DifficultyLevel = 44, ConnectedLifts =  }, checkPermissionServiceMock: Mock&lt;ICheckPermissionService:9&gt;, slopesRepositoryStub: Mock&lt;ISlopesRepository:7&gt;, liftsSlopesRepositoryStub: Mock&lt;ILiftsSlopesRepository:12&gt;, sut: SlopesService { })" storage="c:\users\alena\desktop\7_sem\testing_and_debugging\skiresort\bl.tests\bin\debug\net6.0\bl.tests.dll" id="02c3871d-07d6-d36a-18f7-961bf533f3cd">
      <Execution id="2988e81c-88c7-4e6e-a315-3ce084b25cbd" />
      <TestMethod codeBase="C:\Users\alena\Desktop\7_sem\testing_and_debugging\SkiResort\BL.Tests\bin\Debug\net6.0\BL.Tests.dll" adapterTypeName="executor://xunit/VsTestRunner2/netcoreapp" className="BL.Tests.SlopesServiceTest" name="TestAdminDeleteSlopeAsync" />
    </UnitTest>
    <UnitTest name="BL.Tests.SlopesServiceTest.TestGetSlopeInfoAsync(userID: 164, slope: Slope { SlopeID = 243, SlopeName = slopeName46b9dfdc-f252-4b28-9008-b10b73bb4113, IsOpen = True, DifficultyLevel = 225, ConnectedLifts =  }, checkPermissionServiceMock: Mock&lt;ICheckPermissionService:6&gt;, slopesRepositoryStub: Mock&lt;ISlopesRepository:4&gt;, liftsSlopesRepositoryStub: Mock&lt;ILiftsSlopesRepository:9&gt;, sut: SlopesService { })" storage="c:\users\alena\desktop\7_sem\testing_and_debugging\skiresort\bl.tests\bin\debug\net6.0\bl.tests.dll" id="4822fb7a-15e2-6a1a-874a-62f2b6c744f2">
      <Execution id="a48e288a-8180-437b-a63c-129f1e01c1f9" />
      <TestMethod codeBase="C:\Users\alena\Desktop\7_sem\testing_and_debugging\SkiResort\BL.Tests\bin\Debug\net6.0\BL.Tests.dll" adapterTypeName="executor://xunit/VsTestRunner2/netcoreapp" className="BL.Tests.SlopesServiceTest" name="TestGetSlopeInfoAsync" />
    </UnitTest>
    <UnitTest name="BL.Tests.CheckPermissionsServiceTests.UnauthorizedHasNoAccessToAuthorizedFunctions(functionName: &quot;LogOutAsync&quot;)" storage="c:\users\alena\desktop\7_sem\testing_and_debugging\skiresort\bl.tests\bin\debug\net6.0\bl.tests.dll" id="fa960c5e-f989-2880-784e-8efe538c5231">
      <Execution id="f28f7ae6-2812-4814-912c-2835f593cc96" />
      <TestMethod codeBase="C:\Users\alena\Desktop\7_sem\testing_and_debugging\SkiResort\BL.Tests\bin\Debug\net6.0\BL.Tests.dll" adapterTypeName="executor://xunit/VsTestRunner2/netcoreapp" className="BL.Tests.CheckPermissionsServiceTests" name="UnauthorizedHasNoAccessToAuthorizedFunctions" />
    </UnitTest>
    <UnitTest name="BL.Tests.CheckPermissionsServiceTests.UnauthorizedHasNoAccessToAuthorizedFunctions(functionName: &quot;SendMessageAsync&quot;)" storage="c:\users\alena\desktop\7_sem\testing_and_debugging\skiresort\bl.tests\bin\debug\net6.0\bl.tests.dll" id="eaabd2fc-2f4b-5689-59c8-c7ad34a8f634">
      <Execution id="407b0369-8d7b-43a9-911c-d71871777ed9" />
      <TestMethod codeBase="C:\Users\alena\Desktop\7_sem\testing_and_debugging\SkiResort\BL.Tests\bin\Debug\net6.0\BL.Tests.dll" adapterTypeName="executor://xunit/VsTestRunner2/netcoreapp" className="BL.Tests.CheckPermissionsServiceTests" name="UnauthorizedHasNoAccessToAuthorizedFunctions" />
    </UnitTest>
    <UnitTest name="BL.Tests.UsersServiceTests.TestRegisterUserWithRepeatedEmail" storage="c:\users\alena\desktop\7_sem\testing_and_debugging\skiresort\bl.tests\bin\debug\net6.0\bl.tests.dll" id="894941c1-bfa7-d8f9-c047-1e1ceefe2c2f">
      <Execution id="d902edcc-ad86-4404-bc8e-269afe7ac5d4" />
      <TestMethod codeBase="C:\Users\alena\Desktop\7_sem\testing_and_debugging\SkiResort\BL.Tests\bin\Debug\net6.0\BL.Tests.dll" adapterTypeName="executor://xunit/VsTestRunner2/netcoreapp" className="BL.Tests.UsersServiceTests" name="TestRegisterUserWithRepeatedEmail" />
    </UnitTest>
    <UnitTest name="BL.Tests.TurnstilesServiceTest.TestAdminGetTurnstilesAsync(userID: 255, initialTurnstiles: [Turnstile { TurnstileID = 55, LiftID = 217, IsOpen = True }, Turnstile { TurnstileID = 182, LiftID = 169, IsOpen = False }, Turnstile { TurnstileID = 177, LiftID = 65, IsOpen = True }], checkPermissionServiceMock: Mock&lt;ICheckPermissionService:13&gt;, turnstilesRepositoryStub: Mock&lt;ITurnstilesRepository:7&gt;, sut: TurnstilesService { })" storage="c:\users\alena\desktop\7_sem\testing_and_debugging\skiresort\bl.tests\bin\debug\net6.0\bl.tests.dll" id="3da3997b-48af-53c6-4b00-23567e47a038">
      <Execution id="af076fa4-9157-4fc0-ba34-85facf55f5b0" />
      <TestMethod codeBase="C:\Users\alena\Desktop\7_sem\testing_and_debugging\SkiResort\BL.Tests\bin\Debug\net6.0\BL.Tests.dll" adapterTypeName="executor://xunit/VsTestRunner2/netcoreapp" className="BL.Tests.TurnstilesServiceTest" name="TestAdminGetTurnstilesAsync" />
    </UnitTest>
    <UnitTest name="BL.Tests.SlopesServiceTest.TestGetSlopesInfoAsync(userID: 194, initialSlopes: [Slope { SlopeID = 245, SlopeName = slopeName0fc13625-5c1e-4d4c-8c14-71a134f9c1cf, IsOpen = True, DifficultyLevel = 236, ConnectedLifts =  }, Slope { SlopeID = 58, SlopeName = slopeName73957468-c1cf-4961-9ac1-316272911108, IsOpen = False, DifficultyLevel = 166, ConnectedLifts =  }, Slope { SlopeID = 45, SlopeName = slopeName3ff27ddd-56c3-4958-a125-859d3e627e57, Is..." storage="c:\users\alena\desktop\7_sem\testing_and_debugging\skiresort\bl.tests\bin\debug\net6.0\bl.tests.dll" id="664417ad-c7b0-2194-1af0-d73022397285">
      <Execution id="22d6b616-a5f1-4453-b61a-e8751d277c18" />
      <TestMethod codeBase="C:\Users\alena\Desktop\7_sem\testing_and_debugging\SkiResort\BL.Tests\bin\Debug\net6.0\BL.Tests.dll" adapterTypeName="executor://xunit/VsTestRunner2/netcoreapp" className="BL.Tests.SlopesServiceTest" name="TestGetSlopesInfoAsync" />
    </UnitTest>
    <UnitTest name="BL.Tests.SlopesServiceTest.TestAdminAddAutoIncrementSlopeAsync(userID: 7, slope: Slope { SlopeID = 146, SlopeName = slopeName8e123964-611b-4946-a063-6282c7e20dfd, IsOpen = True, DifficultyLevel = 150, ConnectedLifts =  }, checkPermissionServiceMock: Mock&lt;ICheckPermissionService:10&gt;, slopesRepositoryStub: Mock&lt;ISlopesRepository:8&gt;, sut: SlopesService { })" storage="c:\users\alena\desktop\7_sem\testing_and_debugging\skiresort\bl.tests\bin\debug\net6.0\bl.tests.dll" id="27315842-9923-cf12-63ed-4e8371aef3cd">
      <Execution id="295463c9-d4ea-40aa-b3f3-667692aaef91" />
      <TestMethod codeBase="C:\Users\alena\Desktop\7_sem\testing_and_debugging\SkiResort\BL.Tests\bin\Debug\net6.0\BL.Tests.dll" adapterTypeName="executor://xunit/VsTestRunner2/netcoreapp" className="BL.Tests.SlopesServiceTest" name="TestAdminAddAutoIncrementSlopeAsync" />
    </UnitTest>
    <UnitTest name="BL.Tests.SlopesServiceTest.TestUpdateSlopeInfoAsync(userID: 60, slope: Slope { SlopeID = 45, SlopeName = slopeName5687b757-6f51-49b2-a392-a5eccacf10d6, IsOpen = True, DifficultyLevel = 202, ConnectedLifts =  }, checkPermissionServiceMock: Mock&lt;ICheckPermissionService:8&gt;, slopesRepositoryStub: Mock&lt;ISlopesRepository:6&gt;, sut: SlopesService { })" storage="c:\users\alena\desktop\7_sem\testing_and_debugging\skiresort\bl.tests\bin\debug\net6.0\bl.tests.dll" id="a8c9eda2-3e5e-973d-6a5b-48802584b686">
      <Execution id="23647ce0-c57b-41b4-9b71-8f94cd5ae79d" />
      <TestMethod codeBase="C:\Users\alena\Desktop\7_sem\testing_and_debugging\SkiResort\BL.Tests\bin\Debug\net6.0\BL.Tests.dll" adapterTypeName="executor://xunit/VsTestRunner2/netcoreapp" className="BL.Tests.SlopesServiceTest" name="TestUpdateSlopeInfoAsync" />
    </UnitTest>
    <UnitTest name="BL.Tests.UsersServiceTests.TestRegisterUserWithNoEmail" storage="c:\users\alena\desktop\7_sem\testing_and_debugging\skiresort\bl.tests\bin\debug\net6.0\bl.tests.dll" id="8184bd30-991c-b78d-b4ec-99a485eac0dd">
      <Execution id="944f86c6-a3b1-48f0-8cdc-09413cbe8949" />
      <TestMethod codeBase="C:\Users\alena\Desktop\7_sem\testing_and_debugging\SkiResort\BL.Tests\bin\Debug\net6.0\BL.Tests.dll" adapterTypeName="executor://xunit/VsTestRunner2/netcoreapp" className="BL.Tests.UsersServiceTests" name="TestRegisterUserWithNoEmail" />
    </UnitTest>
  </TestDefinitions>
  <TestEntries>
    <TestEntry testId="492c0393-35b4-df26-a537-21ca08302f3c" executionId="9d8d4361-60a6-4bea-af79-c93f4ed85a72" testListId="8c84fa94-04c1-424b-9868-57a2d4851a1d" />
    <TestEntry testId="f44a1b21-8efc-bfac-63b4-d534442def31" executionId="247be0c4-f7e2-47c1-9551-1246ddf5677e" testListId="8c84fa94-04c1-424b-9868-57a2d4851a1d" />
    <TestEntry testId="fa960c5e-f989-2880-784e-8efe538c5231" executionId="f28f7ae6-2812-4814-912c-2835f593cc96" testListId="8c84fa94-04c1-424b-9868-57a2d4851a1d" />
    <TestEntry testId="a19a5fcf-c5d2-7d44-5d7d-84403042f4e0" executionId="387fc16b-9a7b-45e7-8cc8-4056f14b2a79" testListId="8c84fa94-04c1-424b-9868-57a2d4851a1d" />
    <TestEntry testId="0eeef75f-6e38-7893-a8fe-cff3e0a970a7" executionId="483dec65-c063-4629-ae2f-71f3b2cde4be" testListId="8c84fa94-04c1-424b-9868-57a2d4851a1d" />
    <TestEntry testId="8287ba1a-bb89-7910-aabb-6a4e6476a690" executionId="953b6770-e71c-410c-8631-4a63729ceaed" testListId="8c84fa94-04c1-424b-9868-57a2d4851a1d" />
    <TestEntry testId="1b7ecb9e-571d-73ae-bcc9-f386febbe032" executionId="d78bbf59-a631-4605-8ab2-79bbaa771f0a" testListId="8c84fa94-04c1-424b-9868-57a2d4851a1d" />
    <TestEntry testId="aa28a6b3-21d3-aa45-24d3-bef2facbc899" executionId="730576a2-2acf-4275-a8d8-bfa1f8e4e6d4" testListId="8c84fa94-04c1-424b-9868-57a2d4851a1d" />
    <TestEntry testId="3da3997b-48af-53c6-4b00-23567e47a038" executionId="af076fa4-9157-4fc0-ba34-85facf55f5b0" testListId="8c84fa94-04c1-424b-9868-57a2d4851a1d" />
    <TestEntry testId="18fa8c62-e27d-e1fc-8182-4d7db62b008d" executionId="15ae60cf-b5cf-4eb2-9ae8-c7850170da0b" testListId="8c84fa94-04c1-424b-9868-57a2d4851a1d" />
    <TestEntry testId="eaabd2fc-2f4b-5689-59c8-c7ad34a8f634" executionId="407b0369-8d7b-43a9-911c-d71871777ed9" testListId="8c84fa94-04c1-424b-9868-57a2d4851a1d" />
    <TestEntry testId="06d0bc3a-24a0-fb7f-4277-e9ae6d21c7dd" executionId="d03859df-5c67-4a37-af5b-2887795febb1" testListId="8c84fa94-04c1-424b-9868-57a2d4851a1d" />
    <TestEntry testId="21f863fe-07b5-679b-d240-1e2ac7a5e315" executionId="03022501-3c1c-4cf8-9aec-f9f28ac51256" testListId="8c84fa94-04c1-424b-9868-57a2d4851a1d" />
    <TestEntry testId="e3803bf6-f7a6-a0f3-215c-efff568a765f" executionId="4eb591f9-8d39-4756-8f73-c69f493f6edd" testListId="8c84fa94-04c1-424b-9868-57a2d4851a1d" />
    <TestEntry testId="41918b5f-df70-7d84-e31b-08f89c0fa6a9" executionId="534a526c-f12d-4f70-ae2b-70dc4752a431" testListId="8c84fa94-04c1-424b-9868-57a2d4851a1d" />
    <TestEntry testId="0d6d1aee-5298-ffa1-730b-306b41e19495" executionId="e1054820-32f2-4e05-af57-5dbe0f386633" testListId="8c84fa94-04c1-424b-9868-57a2d4851a1d" />
    <TestEntry testId="e2d7e5be-3dae-33ae-fb17-c704b6fd58d6" executionId="1dbe04af-ae02-4223-934a-62d1d76777ff" testListId="8c84fa94-04c1-424b-9868-57a2d4851a1d" />
    <TestEntry testId="229812f5-9a73-5335-11f5-31330d1348a5" executionId="3d0e7751-b480-4b64-a24d-3fda743c97c3" testListId="8c84fa94-04c1-424b-9868-57a2d4851a1d" />
    <TestEntry testId="4822fb7a-15e2-6a1a-874a-62f2b6c744f2" executionId="a48e288a-8180-437b-a63c-129f1e01c1f9" testListId="8c84fa94-04c1-424b-9868-57a2d4851a1d" />
    <TestEntry testId="20ad8570-0170-85de-dcd7-2f109dd7bcd6" executionId="85f51073-ad92-4c25-a2e9-120d45772230" testListId="8c84fa94-04c1-424b-9868-57a2d4851a1d" />
    <TestEntry testId="1e88fb7a-f80b-9ea3-80c2-89ec26080086" executionId="1de114be-f8f1-4db2-bf71-7149404e035c" testListId="8c84fa94-04c1-424b-9868-57a2d4851a1d" />
    <TestEntry testId="9c7df5e2-1b23-ebea-889f-b78ca86b60ab" executionId="1c39da90-0e4c-411b-9d58-0ad1bec754e8" testListId="8c84fa94-04c1-424b-9868-57a2d4851a1d" />
    <TestEntry testId="27315842-9923-cf12-63ed-4e8371aef3cd" executionId="295463c9-d4ea-40aa-b3f3-667692aaef91" testListId="8c84fa94-04c1-424b-9868-57a2d4851a1d" />
    <TestEntry testId="387c9729-48c1-486e-5e67-f5d11a9f0db8" executionId="ed8117a6-a8ae-45b2-8bbc-e11e0e77a7bf" testListId="8c84fa94-04c1-424b-9868-57a2d4851a1d" />
    <TestEntry testId="8184bd30-991c-b78d-b4ec-99a485eac0dd" executionId="944f86c6-a3b1-48f0-8cdc-09413cbe8949" testListId="8c84fa94-04c1-424b-9868-57a2d4851a1d" />
    <TestEntry testId="0b33fa1e-a21a-9c74-c16b-1eab3c0514a7" executionId="15b3e2c6-92a4-46e6-9323-ce7f14b311e9" testListId="8c84fa94-04c1-424b-9868-57a2d4851a1d" />
    <TestEntry testId="664417ad-c7b0-2194-1af0-d73022397285" executionId="22d6b616-a5f1-4453-b61a-e8751d277c18" testListId="8c84fa94-04c1-424b-9868-57a2d4851a1d" />
    <TestEntry testId="69340bb6-3645-f9dd-971e-29d8b2a009bb" executionId="a2913df3-00ca-43ec-a882-4048e850dfcc" testListId="8c84fa94-04c1-424b-9868-57a2d4851a1d" />
    <TestEntry testId="e325fc0d-3ac7-d84c-672e-f8d853e4e870" executionId="5494058c-c29e-49e9-907d-3a2750ad7954" testListId="8c84fa94-04c1-424b-9868-57a2d4851a1d" />
    <TestEntry testId="a8c9eda2-3e5e-973d-6a5b-48802584b686" executionId="23647ce0-c57b-41b4-9b71-8f94cd5ae79d" testListId="8c84fa94-04c1-424b-9868-57a2d4851a1d" />
    <TestEntry testId="c36970dc-93f7-753e-fa47-157133b01644" executionId="5d9397bc-2e17-4fe3-9f78-554248c6e535" testListId="8c84fa94-04c1-424b-9868-57a2d4851a1d" />
    <TestEntry testId="f3efc418-a8a6-c7b7-9bac-90b33aa8472f" executionId="2b139ac8-c8ad-4e11-adb4-1441bd324b80" testListId="8c84fa94-04c1-424b-9868-57a2d4851a1d" />
    <TestEntry testId="02c3871d-07d6-d36a-18f7-961bf533f3cd" executionId="2988e81c-88c7-4e6e-a315-3ce084b25cbd" testListId="8c84fa94-04c1-424b-9868-57a2d4851a1d" />
    <TestEntry testId="44520667-f682-6742-4eca-a5a47e496a31" executionId="39cd153e-301b-4b00-bfce-47e65bf209b6" testListId="8c84fa94-04c1-424b-9868-57a2d4851a1d" />
    <TestEntry testId="644ec43e-70cd-c82d-42e7-0d990be1414d" executionId="27b6ee89-20b2-4523-b46b-230f9b1cd934" testListId="8c84fa94-04c1-424b-9868-57a2d4851a1d" />
    <TestEntry testId="834c739b-eca4-b36d-6a66-5a1bd75377b8" executionId="db938774-c4d2-42a4-aeae-8a2ddc0b1072" testListId="8c84fa94-04c1-424b-9868-57a2d4851a1d" />
    <TestEntry testId="a2e59116-cb53-1d70-9cb8-21c286516866" executionId="82b32184-1bdf-4178-ab90-0f0b7869496f" testListId="8c84fa94-04c1-424b-9868-57a2d4851a1d" />
    <TestEntry testId="fc784b17-bd6e-5987-9aa8-ca914218abc8" executionId="6ba56e45-a5dc-4a24-8ddb-a55619180329" testListId="8c84fa94-04c1-424b-9868-57a2d4851a1d" />
    <TestEntry testId="4f297306-d4f3-8d63-e7f4-1ac0b8c58c74" executionId="77cfd443-187f-4f8e-a4b3-7ff9a564d0cf" testListId="8c84fa94-04c1-424b-9868-57a2d4851a1d" />
    <TestEntry testId="2d706594-f2b3-b3c8-21d4-86c9798c3306" executionId="0d1d7e61-8ba9-44f0-8bca-7dc98aaec17f" testListId="8c84fa94-04c1-424b-9868-57a2d4851a1d" />
    <TestEntry testId="1ca07ad8-f799-c5d4-e7cc-34fd950198a2" executionId="875013af-4a12-45f0-b3e2-8ed0f16f3096" testListId="8c84fa94-04c1-424b-9868-57a2d4851a1d" />
    <TestEntry testId="d46e42dc-02a6-557a-4069-52467c3a61a9" executionId="1d281d75-bd1c-43f3-8969-5cb2d4708b43" testListId="8c84fa94-04c1-424b-9868-57a2d4851a1d" />
    <TestEntry testId="e5497347-2721-b7a6-0bd4-69a9921f6947" executionId="13390204-f9cf-4754-a96d-4f187241db66" testListId="8c84fa94-04c1-424b-9868-57a2d4851a1d" />
    <TestEntry testId="894941c1-bfa7-d8f9-c047-1e1ceefe2c2f" executionId="d902edcc-ad86-4404-bc8e-269afe7ac5d4" testListId="8c84fa94-04c1-424b-9868-57a2d4851a1d" />
    <TestEntry testId="39be9b5e-0bc4-57dc-37d3-aec6b520299d" executionId="2f243ee6-f600-494b-993c-c7f476ffd1e0" testListId="8c84fa94-04c1-424b-9868-57a2d4851a1d" />
    <TestEntry testId="2602613f-c8e2-a6d9-fcf7-5b27d4a770a6" executionId="c6307afb-0e5c-4d2b-afd3-2db2ed056944" testListId="8c84fa94-04c1-424b-9868-57a2d4851a1d" />
    <TestEntry testId="60bd668f-04df-da5e-b79b-5d9aedb5234d" executionId="35958105-08a7-4067-bb66-16e1400b47f5" testListId="8c84fa94-04c1-424b-9868-57a2d4851a1d" />
  </TestEntries>
  <TestLists>
    <TestList name="Список результатов" id="8c84fa94-04c1-424b-9868-57a2d4851a1d" />
    <TestList name="Все загруженные результаты" id="19431567-8539-422a-85d7-44ee4e166bda" />
  </TestLists>
  <ResultSummary outcome="Completed">
    <Counters total="47" executed="47" passed="47" failed="0" error="0" timeout="0" aborted="0" inconclusive="0" passedButRunAborted="0" notRunnable="0" notExecuted="0" disconnected="0" warning="0" completed="0" inProgress="0" pending="0" />
    <Output>
      <StdOut>[xUnit.net 00:00:00.00] xUnit.net VSTest Adapter v2.4.5+1caef2f33e (64-bit .NET 6.0.3)&#xD;
[xUnit.net 00:00:00.48]   Discovering: BL.Tests&#xD;
[xUnit.net 00:00:00.68]   Discovered:  BL.Tests&#xD;
[xUnit.net 00:00:00.69]   Starting:    BL.Tests&#xD;
[xUnit.net 00:00:00.94]   Finished:    BL.Tests&#xD;
</StdOut>
    </Output>
  </ResultSummary>
</TestRun>