<?xml version="1.0" encoding="utf-8"?>
<TestRun id="2a59dff9-15e4-460f-9c9f-f936447fde58" name="alena@DESKTOP-TJ9D65N 2022-10-15 19:57:37" runUser="DESKTOP-TJ9D65N\alena" xmlns="http://microsoft.com/schemas/VisualStudio/TeamTest/2010">
  <Times creation="2022-10-15T19:57:37.7511222+03:00" queuing="2022-10-15T19:57:37.7511225+03:00" start="2022-10-15T19:57:36.2314143+03:00" finish="2022-10-15T19:57:37.8179656+03:00" />
  <TestSettings name="default" id="c82b89fc-f4e5-4614-9e8d-2e1b408cd74f">
    <Deployment runDeploymentRoot="alena_DESKTOP-TJ9D65N_2022-10-15_19_57_37" />
  </TestSettings>
  <Results>
    <UnitTestResult executionId="2bc5d2bd-74bd-46f6-88ea-b8cb8f93a09d" testId="492c0393-35b4-df26-a537-21ca08302f3c" testName="BL.Tests.CheckPermissionsServiceTests.SkiPatrolHasNoAccessToAdminFunctions" computerName="DESKTOP-TJ9D65N" duration="00:00:00.0028736" startTime="2022-10-15T19:57:37.7386317+03:00" endTime="2022-10-15T19:57:37.7386318+03:00" testType="13cdc9d9-ddb5-4fa4-a97d-d965ccfc6d4b" outcome="Passed" testListId="8c84fa94-04c1-424b-9868-57a2d4851a1d" relativeResultsDirectory="2bc5d2bd-74bd-46f6-88ea-b8cb8f93a09d" />
    <UnitTestResult executionId="05e1929c-0db0-4456-8a6c-a2e5f9401c29" testId="c0dfc7bd-1e54-ed7e-3b46-0c73bcc35264" testName="BL.Tests.TurnstilesServiceTest.TestAdminDeleteTurnstileAsync(userID: 133, turnstile: Turnstile { TurnstileID = 22, LiftID = 46, IsOpen = True }, checkPermissionServiceMock: Mock&lt;ICheckPermissionService:15&gt;, turnstilesRepositoryStub: Mock&lt;ITurnstilesRepository:9&gt;, sut: TurnstilesService { })" computerName="DESKTOP-TJ9D65N" duration="00:00:00.0037499" startTime="2022-10-15T19:57:37.7052548+03:00" endTime="2022-10-15T19:57:37.7052548+03:00" testType="13cdc9d9-ddb5-4fa4-a97d-d965ccfc6d4b" outcome="Passed" testListId="8c84fa94-04c1-424b-9868-57a2d4851a1d" relativeResultsDirectory="05e1929c-0db0-4456-8a6c-a2e5f9401c29" />
    <UnitTestResult executionId="f4c0f051-d993-45dc-b126-77ebc829c1ab" testId="ec3f65e9-66a4-6b68-657d-ec742fff092c" testName="BL.Tests.SlopesServiceTest.TestAdminAddSlopeAsync(userID: 101, slope: Slope { SlopeID = 215, SlopeName = slopeNameecf16fee-7d73-4904-98f6-b625b81f44e8, IsOpen = True, DifficultyLevel = 192, ConnectedLifts =  }, checkPermissionServiceMock: Mock&lt;ICheckPermissionService:11&gt;, slopesRepositoryStub: Mock&lt;ISlopesRepository:9&gt;, sut: SlopesService { })" computerName="DESKTOP-TJ9D65N" duration="00:00:00.0069507" startTime="2022-10-15T19:57:37.7038641+03:00" endTime="2022-10-15T19:57:37.7038642+03:00" testType="13cdc9d9-ddb5-4fa4-a97d-d965ccfc6d4b" outcome="Passed" testListId="8c84fa94-04c1-424b-9868-57a2d4851a1d" relativeResultsDirectory="f4c0f051-d993-45dc-b126-77ebc829c1ab" />
    <UnitTestResult executionId="eca2fa2a-e861-4739-b2b1-2cc984a2e2ee" testId="02dc2fea-1672-5170-0ae0-28ba20f9ae6b" testName="BL.Tests.TurnstilesServiceTest.TestAdminGetTurnstilesAsync(userID: 47, initialTurnstiles: [Turnstile { TurnstileID = 58, LiftID = 153, IsOpen = True }, Turnstile { TurnstileID = 190, LiftID = 212, IsOpen = False }, Turnstile { TurnstileID = 74, LiftID = 164, IsOpen = True }], checkPermissionServiceMock: Mock&lt;ICheckPermissionService:13&gt;, turnstilesRepositoryStub: Mock&lt;ITurnstilesRepository:7&gt;, sut: TurnstilesService { })" computerName="DESKTOP-TJ9D65N" duration="00:00:00.0070190" startTime="2022-10-15T19:57:37.7040593+03:00" endTime="2022-10-15T19:57:37.7040593+03:00" testType="13cdc9d9-ddb5-4fa4-a97d-d965ccfc6d4b" outcome="Passed" testListId="8c84fa94-04c1-424b-9868-57a2d4851a1d" relativeResultsDirectory="eca2fa2a-e861-4739-b2b1-2cc984a2e2ee" />
    <UnitTestResult executionId="172afbc7-20c4-4406-9d6c-88741bbdd594" testId="229812f5-9a73-5335-11f5-31330d1348a5" testName="BL.Tests.CheckPermissionsServiceTests.UnauthorizedHasNoAccessToAdminSkiPatrolFunctions(functionName: &quot;GetMessagesAsync&quot;)" computerName="DESKTOP-TJ9D65N" duration="00:00:00.0012271" startTime="2022-10-15T19:57:37.7023898+03:00" endTime="2022-10-15T19:57:37.7023899+03:00" testType="13cdc9d9-ddb5-4fa4-a97d-d965ccfc6d4b" outcome="Passed" testListId="8c84fa94-04c1-424b-9868-57a2d4851a1d" relativeResultsDirectory="172afbc7-20c4-4406-9d6c-88741bbdd594" />
    <UnitTestResult executionId="b3e9f416-2d5e-46fa-9858-839ca0ce8ee4" testId="1ca07ad8-f799-c5d4-e7cc-34fd950198a2" testName="BL.Tests.UsersServiceTests.TestLogInOk" computerName="DESKTOP-TJ9D65N" duration="00:00:00.0086998" startTime="2022-10-15T19:57:37.7057624+03:00" endTime="2022-10-15T19:57:37.7057625+03:00" testType="13cdc9d9-ddb5-4fa4-a97d-d965ccfc6d4b" outcome="Passed" testListId="8c84fa94-04c1-424b-9868-57a2d4851a1d" relativeResultsDirectory="b3e9f416-2d5e-46fa-9858-839ca0ce8ee4" />
    <UnitTestResult executionId="9b527134-0c6a-4fd3-b98a-b33477f4c577" testId="39700c7c-f9f2-316e-43e8-4546b4756ee5" testName="BL.Tests.TurnstilesServiceTest.TestAdminAddAutoIncrementTurnstileAsync(userID: 202, turnstile: Turnstile { TurnstileID = 9, LiftID = 90, IsOpen = True }, checkPermissionServiceMock: Mock&lt;ICheckPermissionService:16&gt;, turnstilesRepositoryStub: Mock&lt;ITurnstilesRepository:10&gt;, sut: TurnstilesService { })" computerName="DESKTOP-TJ9D65N" duration="00:00:00.0105062" startTime="2022-10-15T19:57:37.7025108+03:00" endTime="2022-10-15T19:57:37.7025109+03:00" testType="13cdc9d9-ddb5-4fa4-a97d-d965ccfc6d4b" outcome="Passed" testListId="8c84fa94-04c1-424b-9868-57a2d4851a1d" relativeResultsDirectory="9b527134-0c6a-4fd3-b98a-b33477f4c577" />
    <UnitTestResult executionId="131f5748-205d-4580-8e2b-01dcc601aa37" testId="f44a1b21-8efc-bfac-63b4-d534442def31" testName="BL.Tests.UsersServiceTests.TestRegisterUserWithNoPassword" computerName="DESKTOP-TJ9D65N" duration="00:00:00.0014062" startTime="2022-10-15T19:57:37.7024064+03:00" endTime="2022-10-15T19:57:37.7024064+03:00" testType="13cdc9d9-ddb5-4fa4-a97d-d965ccfc6d4b" outcome="Passed" testListId="8c84fa94-04c1-424b-9868-57a2d4851a1d" relativeResultsDirectory="131f5748-205d-4580-8e2b-01dcc601aa37" />
    <UnitTestResult executionId="770d5724-0ae3-4369-a4cc-8860add462c4" testId="f1a2a830-81df-0565-e380-2087c411c272" testName="BL.Tests.TurnstilesServiceTest.TestAdminGetTurnstileAsync(userID: 216, turnstile: Turnstile { TurnstileID = 71, LiftID = 252, IsOpen = True }, checkPermissionServiceMock: Mock&lt;ICheckPermissionService:12&gt;, turnstilesRepositoryStub: Mock&lt;ITurnstilesRepository:6&gt;, sut: TurnstilesService { })" computerName="DESKTOP-TJ9D65N" duration="00:00:00.0350373" startTime="2022-10-15T19:57:37.6197171+03:00" endTime="2022-10-15T19:57:37.6197172+03:00" testType="13cdc9d9-ddb5-4fa4-a97d-d965ccfc6d4b" outcome="Passed" testListId="8c84fa94-04c1-424b-9868-57a2d4851a1d" relativeResultsDirectory="770d5724-0ae3-4369-a4cc-8860add462c4" />
    <UnitTestResult executionId="d8b47b0d-4d5c-4b47-84af-6630adbadf8c" testId="fa960c5e-f989-2880-784e-8efe538c5231" testName="BL.Tests.CheckPermissionsServiceTests.UnauthorizedHasNoAccessToAuthorizedFunctions(functionName: &quot;LogOutAsync&quot;)" computerName="DESKTOP-TJ9D65N" duration="00:00:00.0022759" startTime="2022-10-15T19:57:37.7039870+03:00" endTime="2022-10-15T19:57:37.7039871+03:00" testType="13cdc9d9-ddb5-4fa4-a97d-d965ccfc6d4b" outcome="Passed" testListId="8c84fa94-04c1-424b-9868-57a2d4851a1d" relativeResultsDirectory="d8b47b0d-4d5c-4b47-84af-6630adbadf8c" />
    <UnitTestResult executionId="db6bef9c-ba87-4370-a441-f0991a8cfaf8" testId="39be9b5e-0bc4-57dc-37d3-aec6b520299d" testName="BL.Tests.LiftsSlopesServiceTests.TestGetLiftsSlopesInfoAsync(liftsSlopes: [LiftSlope { RecordID = 137, LiftID = 246, SlopeID = 201 }, LiftSlope { RecordID = 185, LiftID = 231, SlopeID = 135 }, LiftSlope { RecordID = 27, LiftID = 16, SlopeID = 67 }], slopesRepositoryStub: Mock&lt;ISlopesRepository:1&gt;, liftsRepositoryStub: Mock&lt;ILiftsRepository:6&gt;, liftsSlopesRepositoryStub: Mock&lt;ILiftsSlopesRepository:6&gt;)" computerName="DESKTOP-TJ9D65N" duration="00:00:00.0041428" startTime="2022-10-15T19:57:37.7037827+03:00" endTime="2022-10-15T19:57:37.7037828+03:00" testType="13cdc9d9-ddb5-4fa4-a97d-d965ccfc6d4b" outcome="Passed" testListId="8c84fa94-04c1-424b-9868-57a2d4851a1d" relativeResultsDirectory="db6bef9c-ba87-4370-a441-f0991a8cfaf8" />
    <UnitTestResult executionId="fe3d386a-a349-4127-97dc-ae9e41534e0d" testId="5356b315-5268-1603-deda-3a2bf45d5ce2" testName="BL.Tests.LiftsServiceTest.TestUpdateLiftInfoAsync(userID: 43, lift: Lift { LiftID = 13, LiftName = liftNamee46873c4-50c4-4aa6-ab05-689660a37cbb, IsOpen = True, SeatsAmount = 10, LiftingTime = 105, QueueTime = 17, ConnectedSlopes =  }, checkPermissionServiceMock: Mock&lt;ICheckPermissionService:3&gt;, liftsRepositoryStub: Mock&lt;ILiftsRepository:3&gt;, sut: LiftsService { })" computerName="DESKTOP-TJ9D65N" duration="00:00:00.0050955" startTime="2022-10-15T19:57:37.7286191+03:00" endTime="2022-10-15T19:57:37.7286192+03:00" testType="13cdc9d9-ddb5-4fa4-a97d-d965ccfc6d4b" outcome="Passed" testListId="8c84fa94-04c1-424b-9868-57a2d4851a1d" relativeResultsDirectory="fe3d386a-a349-4127-97dc-ae9e41534e0d" />
    <UnitTestResult executionId="f534e61b-66a6-4783-b3e9-0590d6bcbd01" testId="f3efc418-a8a6-c7b7-9bac-90b33aa8472f" testName="BL.Tests.CheckPermissionsServiceTests.AdminHasAccessToAllFunctions" computerName="DESKTOP-TJ9D65N" duration="00:00:00.0028002" startTime="2022-10-15T19:57:37.7442191+03:00" endTime="2022-10-15T19:57:37.7442192+03:00" testType="13cdc9d9-ddb5-4fa4-a97d-d965ccfc6d4b" outcome="Passed" testListId="8c84fa94-04c1-424b-9868-57a2d4851a1d" relativeResultsDirectory="f534e61b-66a6-4783-b3e9-0590d6bcbd01" />
    <UnitTestResult executionId="8ba2e716-2afa-4470-87a8-742a5f5ad238" testId="0eeef75f-6e38-7893-a8fe-cff3e0a970a7" testName="BL.Tests.UsersServiceTests.TestRegisterOk" computerName="DESKTOP-TJ9D65N" duration="00:00:00.0094415" startTime="2022-10-15T19:57:37.7052875+03:00" endTime="2022-10-15T19:57:37.7052876+03:00" testType="13cdc9d9-ddb5-4fa4-a97d-d965ccfc6d4b" outcome="Passed" testListId="8c84fa94-04c1-424b-9868-57a2d4851a1d" relativeResultsDirectory="8ba2e716-2afa-4470-87a8-742a5f5ad238" />
    <UnitTestResult executionId="c16f84fb-8409-49d0-8f8d-c7b8f2e294f3" testId="69340bb6-3645-f9dd-971e-29d8b2a009bb" testName="BL.Tests.UsersServiceTests.TestLogInWithWrongPassword" computerName="DESKTOP-TJ9D65N" duration="00:00:00.0020301" startTime="2022-10-15T19:57:37.7102416+03:00" endTime="2022-10-15T19:57:37.7102418+03:00" testType="13cdc9d9-ddb5-4fa4-a97d-d965ccfc6d4b" outcome="Passed" testListId="8c84fa94-04c1-424b-9868-57a2d4851a1d" relativeResultsDirectory="c16f84fb-8409-49d0-8f8d-c7b8f2e294f3" />
    <UnitTestResult executionId="307cb9f2-c21d-45ae-90d8-81f2f8dddf07" testId="8184bd30-991c-b78d-b4ec-99a485eac0dd" testName="BL.Tests.UsersServiceTests.TestRegisterUserWithNoEmail" computerName="DESKTOP-TJ9D65N" duration="00:00:00.0027940" startTime="2022-10-15T19:57:37.7022671+03:00" endTime="2022-10-15T19:57:37.7022671+03:00" testType="13cdc9d9-ddb5-4fa4-a97d-d965ccfc6d4b" outcome="Passed" testListId="8c84fa94-04c1-424b-9868-57a2d4851a1d" relativeResultsDirectory="307cb9f2-c21d-45ae-90d8-81f2f8dddf07" />
    <UnitTestResult executionId="5c58e504-a582-4809-ada4-8a60083e2f01" testId="1730adef-871c-fbf8-3bac-321ffac5216f" testName="BL.Tests.SlopesServiceTest.TestGetSlopeInfoAsync(userID: 36, slope: Slope { SlopeID = 114, SlopeName = slopeName79426466-6771-46a3-bd2a-ab8284dacb1b, IsOpen = True, DifficultyLevel = 95, ConnectedLifts =  }, checkPermissionServiceMock: Mock&lt;ICheckPermissionService:6&gt;, slopesRepositoryStub: Mock&lt;ISlopesRepository:4&gt;, liftsSlopesRepositoryStub: Mock&lt;ILiftsSlopesRepository:9&gt;, sut: SlopesService { })" computerName="DESKTOP-TJ9D65N" duration="00:00:00.0065733" startTime="2022-10-15T19:57:37.7023685+03:00" endTime="2022-10-15T19:57:37.7023686+03:00" testType="13cdc9d9-ddb5-4fa4-a97d-d965ccfc6d4b" outcome="Passed" testListId="8c84fa94-04c1-424b-9868-57a2d4851a1d" relativeResultsDirectory="5c58e504-a582-4809-ada4-8a60083e2f01" />
    <UnitTestResult executionId="9b27f37a-33e4-49b9-be08-67501c161dd8" testId="2602613f-c8e2-a6d9-fcf7-5b27d4a770a6" testName="BL.Tests.CheckPermissionsServiceTests.AuthorizedHasNoAccessToAdminSkiPatrolFunctions(functionName: &quot;GetMessagesAsync&quot;)" computerName="DESKTOP-TJ9D65N" duration="00:00:00.0024326" startTime="2022-10-15T19:57:37.7106381+03:00" endTime="2022-10-15T19:57:37.7106382+03:00" testType="13cdc9d9-ddb5-4fa4-a97d-d965ccfc6d4b" outcome="Passed" testListId="8c84fa94-04c1-424b-9868-57a2d4851a1d" relativeResultsDirectory="9b27f37a-33e4-49b9-be08-67501c161dd8" />
    <UnitTestResult executionId="c9c53dd2-84af-4194-8c69-06fd7f031fdf" testId="e1b43b0d-8c92-6f60-840a-96431b988c2d" testName="BL.Tests.LiftsServiceTest.TestAdminAddAutoIncrementLiftAsync(userID: 10, lift: Lift { LiftID = 197, LiftName = liftName35cbde58-b178-4d7a-8ff4-f1ac852a2850, IsOpen = True, SeatsAmount = 182, LiftingTime = 159, QueueTime = 15, ConnectedSlopes =  }, checkPermissionServiceMock: Mock&lt;ICheckPermissionService:5&gt;, liftsRepositoryStub: Mock&lt;ILiftsRepository:5&gt;, sut: LiftsService { })" computerName="DESKTOP-TJ9D65N" duration="00:00:00.0077332" startTime="2022-10-15T19:57:37.7391346+03:00" endTime="2022-10-15T19:57:37.7391348+03:00" testType="13cdc9d9-ddb5-4fa4-a97d-d965ccfc6d4b" outcome="Passed" testListId="8c84fa94-04c1-424b-9868-57a2d4851a1d" relativeResultsDirectory="c9c53dd2-84af-4194-8c69-06fd7f031fdf" />
    <UnitTestResult executionId="c813bd7e-eb73-4259-ba90-11406e04146d" testId="7736ac96-d8b6-ec6a-b2d5-7293dc731521" testName="BL.Tests.SlopesServiceTest.TestUpdateSlopeInfoAsync(userID: 66, slope: Slope { SlopeID = 84, SlopeName = slopeName1735b63d-9a3b-4758-8292-eacc230be47c, IsOpen = True, DifficultyLevel = 254, ConnectedLifts =  }, checkPermissionServiceMock: Mock&lt;ICheckPermissionService:8&gt;, slopesRepositoryStub: Mock&lt;ISlopesRepository:6&gt;, sut: SlopesService { })" computerName="DESKTOP-TJ9D65N" duration="00:00:00.0057179" startTime="2022-10-15T19:57:37.7049444+03:00" endTime="2022-10-15T19:57:37.7049445+03:00" testType="13cdc9d9-ddb5-4fa4-a97d-d965ccfc6d4b" outcome="Passed" testListId="8c84fa94-04c1-424b-9868-57a2d4851a1d" relativeResultsDirectory="c813bd7e-eb73-4259-ba90-11406e04146d" />
    <UnitTestResult executionId="4438be0d-a475-4384-b4b1-c909b980637b" testId="f738e55e-1a57-6492-a2ef-12ab41fb53ac" testName="BL.Tests.LiftsSlopesServiceTests.TestAdminAddAutoIncrementLiftSlopeAsync(lift: Lift { LiftID = 75, LiftName = liftName1730bb36-29f3-4aeb-9e66-6565545a77ab, IsOpen = True, SeatsAmount = 150, LiftingTime = 159, QueueTime = 8, ConnectedSlopes =  }, slope: Slope { SlopeID = 22, SlopeName = slopeName986ac7c4-03d0-4cbb-84d9-0403c446d336, IsOpen = False, DifficultyLevel = 212, ConnectedLifts =  }, slopesRepositoryStub: Mock&lt;ISlopesRepository:3&gt;, liftsRepositoryStub: Mock&lt;ILiftsRepository:8&gt;, liftsSlopesRepositoryStub: Mock&lt;ILiftsSlopesRepository:8&gt;)" computerName="DESKTOP-TJ9D65N" duration="00:00:00.0077152" startTime="2022-10-15T19:57:37.7024184+03:00" endTime="2022-10-15T19:57:37.7024184+03:00" testType="13cdc9d9-ddb5-4fa4-a97d-d965ccfc6d4b" outcome="Passed" testListId="8c84fa94-04c1-424b-9868-57a2d4851a1d" relativeResultsDirectory="4438be0d-a475-4384-b4b1-c909b980637b" />
    <UnitTestResult executionId="3b11f26a-d35d-4032-83b1-4128e0dd686d" testId="38b71692-2593-123e-9b44-861af9fbe472" testName="BL.Tests.SlopesServiceTest.TestAdminDeleteSlopeAsync(userID: 142, slope: Slope { SlopeID = 241, SlopeName = slopeNamec86b0f20-a47e-457a-8dee-5a31e80236a6, IsOpen = True, DifficultyLevel = 29, ConnectedLifts =  }, checkPermissionServiceMock: Mock&lt;ICheckPermissionService:9&gt;, slopesRepositoryStub: Mock&lt;ISlopesRepository:7&gt;, liftsSlopesRepositoryStub: Mock&lt;ILiftsSlopesRepository:12&gt;, sut: SlopesService { })" computerName="DESKTOP-TJ9D65N" duration="00:00:00.0330771" startTime="2022-10-15T19:57:37.6197345+03:00" endTime="2022-10-15T19:57:37.6197345+03:00" testType="13cdc9d9-ddb5-4fa4-a97d-d965ccfc6d4b" outcome="Passed" testListId="8c84fa94-04c1-424b-9868-57a2d4851a1d" relativeResultsDirectory="3b11f26a-d35d-4032-83b1-4128e0dd686d" />
    <UnitTestResult executionId="245737ad-e9b7-4d3a-bd8d-69c0adab9f15" testId="aa28a6b3-21d3-aa45-24d3-bef2facbc899" testName="BL.Tests.CheckPermissionsServiceTests.AuthorizedHasAccessToAuthorizedFunctions(functionName: &quot;LogOutAsync&quot;)" computerName="DESKTOP-TJ9D65N" duration="00:00:00.0010556" startTime="2022-10-15T19:57:37.7277816+03:00" endTime="2022-10-15T19:57:37.7277818+03:00" testType="13cdc9d9-ddb5-4fa4-a97d-d965ccfc6d4b" outcome="Passed" testListId="8c84fa94-04c1-424b-9868-57a2d4851a1d" relativeResultsDirectory="245737ad-e9b7-4d3a-bd8d-69c0adab9f15" />
    <UnitTestResult executionId="cbc4e420-3fd8-4898-bf83-4c7616a3c57f" testId="e5497347-2721-b7a6-0bd4-69a9921f6947" testName="BL.Tests.UsersServiceTests.TestAdminGetUserByIDAsync" computerName="DESKTOP-TJ9D65N" duration="00:00:00.0032504" startTime="2022-10-15T19:57:37.7266117+03:00" endTime="2022-10-15T19:57:37.7266118+03:00" testType="13cdc9d9-ddb5-4fa4-a97d-d965ccfc6d4b" outcome="Passed" testListId="8c84fa94-04c1-424b-9868-57a2d4851a1d" relativeResultsDirectory="cbc4e420-3fd8-4898-bf83-4c7616a3c57f" />
    <UnitTestResult executionId="e62b9634-b501-4b3e-bf27-0beb49ab0aab" testId="216b62b3-b8e3-1eae-e020-a44e6c30a9bc" testName="BL.Tests.LiftsServiceTest.TestAdminDeleteLiftAsync(userID: 64, lift: Lift { LiftID = 30, LiftName = liftNamed770e114-73f2-4335-a9f5-232a9f17b7c5, IsOpen = True, SeatsAmount = 238, LiftingTime = 189, QueueTime = 104, ConnectedSlopes =  }, checkPermissionServiceMock: Mock&lt;ICheckPermissionService:4&gt;, liftsRepositoryStub: Mock&lt;ILiftsRepository:4&gt;, liftsSlopesRepositoryStub: Mock&lt;ILiftsSlopesRepository:4&gt;, sut: LiftsService { })" computerName="DESKTOP-TJ9D65N" duration="00:00:00.0108506" startTime="2022-10-15T19:57:37.7198016+03:00" endTime="2022-10-15T19:57:37.7198016+03:00" testType="13cdc9d9-ddb5-4fa4-a97d-d965ccfc6d4b" outcome="Passed" testListId="8c84fa94-04c1-424b-9868-57a2d4851a1d" relativeResultsDirectory="e62b9634-b501-4b3e-bf27-0beb49ab0aab" />
    <UnitTestResult executionId="8c9a0211-5175-4af8-9006-4f4ef73838ff" testId="e2d7e5be-3dae-33ae-fb17-c704b6fd58d6" testName="BL.Tests.CheckPermissionsServiceTests.UnauthorizedHasNoAccessToAdminFunctions" computerName="DESKTOP-TJ9D65N" duration="00:00:00.0021942" startTime="2022-10-15T19:57:37.7328415+03:00" endTime="2022-10-15T19:57:37.7328416+03:00" testType="13cdc9d9-ddb5-4fa4-a97d-d965ccfc6d4b" outcome="Passed" testListId="8c84fa94-04c1-424b-9868-57a2d4851a1d" relativeResultsDirectory="8c9a0211-5175-4af8-9006-4f4ef73838ff" />
    <UnitTestResult executionId="5cbe61d1-0113-42bd-9fd0-b4879872773d" testId="9c7df5e2-1b23-ebea-889f-b78ca86b60ab" testName="BL.Tests.CheckPermissionsServiceTests.AuthorizedHasNoAccessToAdminSkiPatrolFunctions(functionName: &quot;MarkMessageReadByUserAsync&quot;)" computerName="DESKTOP-TJ9D65N" duration="00:00:00.0013746" startTime="2022-10-15T19:57:37.7152468+03:00" endTime="2022-10-15T19:57:37.7152469+03:00" testType="13cdc9d9-ddb5-4fa4-a97d-d965ccfc6d4b" outcome="Passed" testListId="8c84fa94-04c1-424b-9868-57a2d4851a1d" relativeResultsDirectory="5cbe61d1-0113-42bd-9fd0-b4879872773d" />
    <UnitTestResult executionId="ff356acd-f314-48a4-84ec-75144380facd" testId="18fa8c62-e27d-e1fc-8182-4d7db62b008d" testName="BL.Tests.UsersServiceTests.TestAdminDeleteUser" computerName="DESKTOP-TJ9D65N" duration="00:00:00.0033426" startTime="2022-10-15T19:57:37.7326193+03:00" endTime="2022-10-15T19:57:37.7326194+03:00" testType="13cdc9d9-ddb5-4fa4-a97d-d965ccfc6d4b" outcome="Passed" testListId="8c84fa94-04c1-424b-9868-57a2d4851a1d" relativeResultsDirectory="ff356acd-f314-48a4-84ec-75144380facd" />
    <UnitTestResult executionId="86ceada0-85da-46cd-a93f-8da18170ef7b" testId="2d706594-f2b3-b3c8-21d4-86c9798c3306" testName="BL.Tests.CheckPermissionsServiceTests.SkiPatrolHasAccessToAdminSkiPatrolFunctions(functionName: &quot;GetLiftsSlopesInfoAsync&quot;)" computerName="DESKTOP-TJ9D65N" duration="00:00:00.0047665" startTime="2022-10-15T19:57:37.7050264+03:00" endTime="2022-10-15T19:57:37.7050264+03:00" testType="13cdc9d9-ddb5-4fa4-a97d-d965ccfc6d4b" outcome="Passed" testListId="8c84fa94-04c1-424b-9868-57a2d4851a1d" relativeResultsDirectory="86ceada0-85da-46cd-a93f-8da18170ef7b" />
    <UnitTestResult executionId="9ce229e0-3b63-4812-a505-25f989690815" testId="834c739b-eca4-b36d-6a66-5a1bd75377b8" testName="BL.Tests.UsersServiceTests.TestAdminAddAutoIncrementUser" computerName="DESKTOP-TJ9D65N" duration="00:00:00.0063136" startTime="2022-10-15T19:57:37.7197788+03:00" endTime="2022-10-15T19:57:37.7197789+03:00" testType="13cdc9d9-ddb5-4fa4-a97d-d965ccfc6d4b" outcome="Passed" testListId="8c84fa94-04c1-424b-9868-57a2d4851a1d" relativeResultsDirectory="9ce229e0-3b63-4812-a505-25f989690815" />
    <UnitTestResult executionId="1c237105-9288-41e7-9935-cb9c774aa758" testId="644ec43e-70cd-c82d-42e7-0d990be1414d" testName="BL.Tests.CheckPermissionsServiceTests.AuthorizedHasAccessToAuthorizedFunctions(functionName: &quot;SendMessageAsync&quot;)" computerName="DESKTOP-TJ9D65N" duration="00:00:00.0018492" startTime="2022-10-15T19:57:37.7244046+03:00" endTime="2022-10-15T19:57:37.7244047+03:00" testType="13cdc9d9-ddb5-4fa4-a97d-d965ccfc6d4b" outcome="Passed" testListId="8c84fa94-04c1-424b-9868-57a2d4851a1d" relativeResultsDirectory="1c237105-9288-41e7-9935-cb9c774aa758" />
    <UnitTestResult executionId="a0619aab-acf1-4ca5-af14-1e00f8322d4b" testId="81f03170-7884-383a-8e56-0859abf54f13" testName="BL.Tests.SlopesServiceTest.TestAdminAddAutoIncrementSlopeAsync(userID: 192, slope: Slope { SlopeID = 67, SlopeName = slopeNamee8bfb934-9a16-43b2-a8b1-3b853ea07e8d, IsOpen = True, DifficultyLevel = 5, ConnectedLifts =  }, checkPermissionServiceMock: Mock&lt;ICheckPermissionService:10&gt;, slopesRepositoryStub: Mock&lt;ISlopesRepository:8&gt;, sut: SlopesService { })" computerName="DESKTOP-TJ9D65N" duration="00:00:00.0071892" startTime="2022-10-15T19:57:37.7161818+03:00" endTime="2022-10-15T19:57:37.7161819+03:00" testType="13cdc9d9-ddb5-4fa4-a97d-d965ccfc6d4b" outcome="Passed" testListId="8c84fa94-04c1-424b-9868-57a2d4851a1d" relativeResultsDirectory="a0619aab-acf1-4ca5-af14-1e00f8322d4b" />
    <UnitTestResult executionId="92a7904d-abf6-4c34-96b5-1f7f4a3e83a4" testId="06d0bc3a-24a0-fb7f-4277-e9ae6d21c7dd" testName="BL.Tests.UsersServiceTests.TestAdminUpdateUser" computerName="DESKTOP-TJ9D65N" duration="00:00:00.0061370" startTime="2022-10-15T19:57:37.7048588+03:00" endTime="2022-10-15T19:57:37.7048588+03:00" testType="13cdc9d9-ddb5-4fa4-a97d-d965ccfc6d4b" outcome="Passed" testListId="8c84fa94-04c1-424b-9868-57a2d4851a1d" relativeResultsDirectory="92a7904d-abf6-4c34-96b5-1f7f4a3e83a4" />
    <UnitTestResult executionId="dd5a59a7-3bd2-4110-88df-4f9a283185c6" testId="eaabd2fc-2f4b-5689-59c8-c7ad34a8f634" testName="BL.Tests.CheckPermissionsServiceTests.UnauthorizedHasNoAccessToAuthorizedFunctions(functionName: &quot;SendMessageAsync&quot;)" computerName="DESKTOP-TJ9D65N" duration="00:00:00.0032898" startTime="2022-10-15T19:57:37.7037069+03:00" endTime="2022-10-15T19:57:37.7037070+03:00" testType="13cdc9d9-ddb5-4fa4-a97d-d965ccfc6d4b" outcome="Passed" testListId="8c84fa94-04c1-424b-9868-57a2d4851a1d" relativeResultsDirectory="dd5a59a7-3bd2-4110-88df-4f9a283185c6" />
    <UnitTestResult executionId="07c3d3da-2c30-4489-b658-0b9f29d2dbe9" testId="20ad8570-0170-85de-dcd7-2f109dd7bcd6" testName="BL.Tests.UsersServiceTests.TestAdminGetUsers" computerName="DESKTOP-TJ9D65N" duration="00:00:00.0385454" startTime="2022-10-15T19:57:37.6197756+03:00" endTime="2022-10-15T19:57:37.6197756+03:00" testType="13cdc9d9-ddb5-4fa4-a97d-d965ccfc6d4b" outcome="Passed" testListId="8c84fa94-04c1-424b-9868-57a2d4851a1d" relativeResultsDirectory="07c3d3da-2c30-4489-b658-0b9f29d2dbe9" />
    <UnitTestResult executionId="7f3d8368-3d2d-49b0-aa1b-c03333e0a23a" testId="d7f0e67c-7d79-4fd7-219e-f9d5cf43e532" testName="BL.Tests.LiftsServiceTest.TestGetLiftInfoAsync(userID: 168, lift: Lift { LiftID = 107, LiftName = liftNamef6aa9500-2c20-4520-aa41-434cf7781e08, IsOpen = True, SeatsAmount = 91, LiftingTime = 43, QueueTime = 81, ConnectedSlopes =  }, checkPermissionServiceMock: Mock&lt;ICheckPermissionService:1&gt;, liftsRepositoryStub: Mock&lt;ILiftsRepository:1&gt;, liftsSlopesRepositoryStub: Mock&lt;ILiftsSlopesRepository:1&gt;, sut: LiftsService { })" computerName="DESKTOP-TJ9D65N" duration="00:00:00.0353461" startTime="2022-10-15T19:57:37.6161007+03:00" endTime="2022-10-15T19:57:37.6161350+03:00" testType="13cdc9d9-ddb5-4fa4-a97d-d965ccfc6d4b" outcome="Passed" testListId="8c84fa94-04c1-424b-9868-57a2d4851a1d" relativeResultsDirectory="7f3d8368-3d2d-49b0-aa1b-c03333e0a23a" />
    <UnitTestResult executionId="987c1099-3482-4862-a550-759d9d60f8d5" testId="c36970dc-93f7-753e-fa47-157133b01644" testName="BL.Tests.CheckPermissionsServiceTests.SkiPatrolHasAccessToAdminSkiPatrolFunctions(functionName: &quot;GetMessagesAsync&quot;)" computerName="DESKTOP-TJ9D65N" duration="00:00:00.0011592" startTime="2022-10-15T19:57:37.7052645+03:00" endTime="2022-10-15T19:57:37.7052646+03:00" testType="13cdc9d9-ddb5-4fa4-a97d-d965ccfc6d4b" outcome="Passed" testListId="8c84fa94-04c1-424b-9868-57a2d4851a1d" relativeResultsDirectory="987c1099-3482-4862-a550-759d9d60f8d5" />
    <UnitTestResult executionId="07bb3bfb-0821-4d10-8e1b-da0c006e6781" testId="387c9729-48c1-486e-5e67-f5d11a9f0db8" testName="BL.Tests.CheckPermissionsServiceTests.UnauthorizedHasNoAccessToAdminSkiPatrolFunctions(functionName: &quot;GetLiftsSlopesInfoAsync&quot;)" computerName="DESKTOP-TJ9D65N" duration="00:00:00.0014219" startTime="2022-10-15T19:57:37.7020185+03:00" endTime="2022-10-15T19:57:37.7020185+03:00" testType="13cdc9d9-ddb5-4fa4-a97d-d965ccfc6d4b" outcome="Passed" testListId="8c84fa94-04c1-424b-9868-57a2d4851a1d" relativeResultsDirectory="07bb3bfb-0821-4d10-8e1b-da0c006e6781" />
    <UnitTestResult executionId="301540ce-6559-48c0-8ca5-a3ac7fdfa4c0" testId="4f297306-d4f3-8d63-e7f4-1ac0b8c58c74" testName="BL.Tests.CheckPermissionsServiceTests.AuthorizedHasNoAccessToAdminSkiPatrolFunctions(functionName: &quot;GetLiftsSlopesInfoAsync&quot;)" computerName="DESKTOP-TJ9D65N" duration="00:00:00.0012251" startTime="2022-10-15T19:57:37.7195100+03:00" endTime="2022-10-15T19:57:37.7195101+03:00" testType="13cdc9d9-ddb5-4fa4-a97d-d965ccfc6d4b" outcome="Passed" testListId="8c84fa94-04c1-424b-9868-57a2d4851a1d" relativeResultsDirectory="301540ce-6559-48c0-8ca5-a3ac7fdfa4c0" />
    <UnitTestResult executionId="a21da80d-5888-44b5-9a98-266f05106607" testId="9e71cb84-ef6f-ede1-0d1c-f22328534085" testName="BL.Tests.LiftsSlopesServiceTests.TestAdminDeleteLiftSlopeAsync(lift: Lift { LiftID = 207, LiftName = liftName635d0126-0d13-4e78-ae61-aae5a775f3c5, IsOpen = True, SeatsAmount = 179, LiftingTime = 122, QueueTime = 233, ConnectedSlopes =  }, slope: Slope { SlopeID = 73, SlopeName = slopeNamee393ee7f-3c32-41c4-bcba-6bcba9f0a58a, IsOpen = False, DifficultyLevel = 225, ConnectedLifts =  }, slopesRepositoryStub: Mock&lt;ISlopesRepository:2&gt;, liftsRepositoryStub: Mock&lt;ILiftsRepository:7&gt;, liftsSlopesRepositoryStub: Mock&lt;ILiftsSlopesRepository:7&gt;)" computerName="DESKTOP-TJ9D65N" duration="00:00:00.0330877" startTime="2022-10-15T19:57:37.6196850+03:00" endTime="2022-10-15T19:57:37.6196850+03:00" testType="13cdc9d9-ddb5-4fa4-a97d-d965ccfc6d4b" outcome="Passed" testListId="8c84fa94-04c1-424b-9868-57a2d4851a1d" relativeResultsDirectory="a21da80d-5888-44b5-9a98-266f05106607" />
    <UnitTestResult executionId="fd8e32ab-f110-422f-a653-52a778d2c2bd" testId="5b5de343-232f-820d-30a6-74cfb9a575f6" testName="BL.Tests.SlopesServiceTest.TestGetSlopesInfoAsync(userID: 92, initialSlopes: [Slope { SlopeID = 85, SlopeName = slopeName241c4adc-c630-4117-a736-93a86683bb3e, IsOpen = True, DifficultyLevel = 106, ConnectedLifts =  }, Slope { SlopeID = 104, SlopeName = slopeNamee5a8e384-25c1-41f9-8d65-4b875194d234, IsOpen = False, DifficultyLevel = 113, ConnectedLifts =  }, Slope { SlopeID = 116, SlopeName = slopeNameb4daa01a-ae15-44b3-94fe-6ac4e1775563, IsOpen = True, DifficultyLevel = 48, ConnectedLifts =  }], checkPermissionServiceMock: Mock&lt;ICheckPermissionService:7&gt;, slopesRepositoryStub: Mock&lt;ISlopesRepository:5&gt;, liftsSlopesRepositoryStub: Mock&lt;ILiftsSlopesRepository:10&gt;, sut: SlopesService { })" computerName="DESKTOP-TJ9D65N" duration="00:00:00.0209066" startTime="2022-10-15T19:57:37.7058141+03:00" endTime="2022-10-15T19:57:37.7058141+03:00" testType="13cdc9d9-ddb5-4fa4-a97d-d965ccfc6d4b" outcome="Passed" testListId="8c84fa94-04c1-424b-9868-57a2d4851a1d" relativeResultsDirectory="fd8e32ab-f110-422f-a653-52a778d2c2bd" />
    <UnitTestResult executionId="396f0665-b6d8-480f-946e-55c63dff09bb" testId="a2e59116-cb53-1d70-9cb8-21c286516866" testName="BL.Tests.CheckPermissionsServiceTests.AuthorizedHasNoAccessToAdminFunctions" computerName="DESKTOP-TJ9D65N" duration="00:00:00.0090688" startTime="2022-10-15T19:57:37.7057835+03:00" endTime="2022-10-15T19:57:37.7057835+03:00" testType="13cdc9d9-ddb5-4fa4-a97d-d965ccfc6d4b" outcome="Passed" testListId="8c84fa94-04c1-424b-9868-57a2d4851a1d" relativeResultsDirectory="396f0665-b6d8-480f-946e-55c63dff09bb" />
    <UnitTestResult executionId="9252ff3f-2fe2-4b62-be75-07895c6dfe55" testId="a19a5fcf-c5d2-7d44-5d7d-84403042f4e0" testName="BL.Tests.CheckPermissionsServiceTests.UnauthorizedHasNoAccessToAdminSkiPatrolFunctions(functionName: &quot;MarkMessageReadByUserAsync&quot;)" computerName="DESKTOP-TJ9D65N" duration="00:00:00.0331292" startTime="2022-10-15T19:57:37.6197266+03:00" endTime="2022-10-15T19:57:37.6197267+03:00" testType="13cdc9d9-ddb5-4fa4-a97d-d965ccfc6d4b" outcome="Passed" testListId="8c84fa94-04c1-424b-9868-57a2d4851a1d" relativeResultsDirectory="9252ff3f-2fe2-4b62-be75-07895c6dfe55" />
    <UnitTestResult executionId="c197c4da-4d0b-40a8-b731-40e265c2d7bf" testId="2f421cbf-60e4-e0e6-69eb-46728e3c603b" testName="BL.Tests.TurnstilesServiceTest.TestAdminUpdateTurnstileAsync(userID: 227, turnstile: Turnstile { TurnstileID = 41, LiftID = 52, IsOpen = True }, checkPermissionServiceMock: Mock&lt;ICheckPermissionService:14&gt;, turnstilesRepositoryStub: Mock&lt;ITurnstilesRepository:8&gt;, sut: TurnstilesService { })" computerName="DESKTOP-TJ9D65N" duration="00:00:00.0053512" startTime="2022-10-15T19:57:37.7050902+03:00" endTime="2022-10-15T19:57:37.7050902+03:00" testType="13cdc9d9-ddb5-4fa4-a97d-d965ccfc6d4b" outcome="Passed" testListId="8c84fa94-04c1-424b-9868-57a2d4851a1d" relativeResultsDirectory="c197c4da-4d0b-40a8-b731-40e265c2d7bf" />
    <UnitTestResult executionId="f2763937-c7e9-4510-8285-82ee0c9a68a5" testId="60bd668f-04df-da5e-b79b-5d9aedb5234d" testName="BL.Tests.CheckPermissionsServiceTests.SkiPatrolHasAccessToAdminSkiPatrolFunctions(functionName: &quot;MarkMessageReadByUserAsync&quot;)" computerName="DESKTOP-TJ9D65N" duration="00:00:00.0014410" startTime="2022-10-15T19:57:37.7051958+03:00" endTime="2022-10-15T19:57:37.7051958+03:00" testType="13cdc9d9-ddb5-4fa4-a97d-d965ccfc6d4b" outcome="Passed" testListId="8c84fa94-04c1-424b-9868-57a2d4851a1d" relativeResultsDirectory="f2763937-c7e9-4510-8285-82ee0c9a68a5" />
    <UnitTestResult executionId="f05de250-6998-4563-b1aa-467416a938c6" testId="894941c1-bfa7-d8f9-c047-1e1ceefe2c2f" testName="BL.Tests.UsersServiceTests.TestRegisterUserWithRepeatedEmail" computerName="DESKTOP-TJ9D65N" duration="00:00:00.0035752" startTime="2022-10-15T19:57:37.7037516+03:00" endTime="2022-10-15T19:57:37.7037516+03:00" testType="13cdc9d9-ddb5-4fa4-a97d-d965ccfc6d4b" outcome="Passed" testListId="8c84fa94-04c1-424b-9868-57a2d4851a1d" relativeResultsDirectory="f05de250-6998-4563-b1aa-467416a938c6" />
    <UnitTestResult executionId="96141f22-01b4-4204-a16c-bf2beeb0eaac" testId="21816e5b-f35f-a145-1638-592c9416cf22" testName="BL.Tests.LiftsServiceTest.TestGetLiftsInfoAsync(userID: 88, initialLifts: [Lift { LiftID = 189, LiftName = liftName4971a58f-0a6e-482d-a3d6-ddb0a353ec47, IsOpen = True, SeatsAmount = 208, LiftingTime = 48, QueueTime = 238, ConnectedSlopes =  }, Lift { LiftID = 218, LiftName = liftName81026a56-58c6-48d8-8653-b474563001bc, IsOpen = False, SeatsAmount = 74, LiftingTime = 237, QueueTime = 61, ConnectedSlopes =  }, Lift { LiftID = 98, LiftName = liftName6b161912-56de-4acf-a539-3119f73758eb, IsOpen = True, SeatsAmount = 21, LiftingTime = 81, QueueTime = 145, ConnectedSlopes =  }], checkPermissionServiceMock: Mock&lt;ICheckPermissionService:2&gt;, liftsRepositoryStub: Mock&lt;ILiftsRepository:2&gt;, liftsSlopesRepositoryStub: Mock&lt;ILiftsSlopesRepository:2&gt;, sut: LiftsService { })" computerName="DESKTOP-TJ9D65N" duration="00:00:00.0492779" startTime="2022-10-15T19:57:37.7058020+03:00" endTime="2022-10-15T19:57:37.7058021+03:00" testType="13cdc9d9-ddb5-4fa4-a97d-d965ccfc6d4b" outcome="Passed" testListId="8c84fa94-04c1-424b-9868-57a2d4851a1d" relativeResultsDirectory="96141f22-01b4-4204-a16c-bf2beeb0eaac" />
  </Results>
  <TestDefinitions>
    <UnitTest name="BL.Tests.UsersServiceTests.TestAdminAddAutoIncrementUser" storage="c:\users\alena\desktop\7_sem\testing_and_debugging\skiresort\bl.tests\bin\debug\net6.0\bl.tests.dll" id="834c739b-eca4-b36d-6a66-5a1bd75377b8">
      <Execution id="9ce229e0-3b63-4812-a505-25f989690815" />
      <TestMethod codeBase="C:\Users\alena\Desktop\7_sem\testing_and_debugging\SkiResort\BL.Tests\bin\Debug\net6.0\BL.Tests.dll" adapterTypeName="executor://xunit/VsTestRunner2/netcoreapp" className="BL.Tests.UsersServiceTests" name="TestAdminAddAutoIncrementUser" />
    </UnitTest>
    <UnitTest name="BL.Tests.CheckPermissionsServiceTests.SkiPatrolHasAccessToAdminSkiPatrolFunctions(functionName: &quot;MarkMessageReadByUserAsync&quot;)" storage="c:\users\alena\desktop\7_sem\testing_and_debugging\skiresort\bl.tests\bin\debug\net6.0\bl.tests.dll" id="60bd668f-04df-da5e-b79b-5d9aedb5234d">
      <Execution id="f2763937-c7e9-4510-8285-82ee0c9a68a5" />
      <TestMethod codeBase="C:\Users\alena\Desktop\7_sem\testing_and_debugging\SkiResort\BL.Tests\bin\Debug\net6.0\BL.Tests.dll" adapterTypeName="executor://xunit/VsTestRunner2/netcoreapp" className="BL.Tests.CheckPermissionsServiceTests" name="SkiPatrolHasAccessToAdminSkiPatrolFunctions" />
    </UnitTest>
    <UnitTest name="BL.Tests.CheckPermissionsServiceTests.AuthorizedHasAccessToAuthorizedFunctions(functionName: &quot;SendMessageAsync&quot;)" storage="c:\users\alena\desktop\7_sem\testing_and_debugging\skiresort\bl.tests\bin\debug\net6.0\bl.tests.dll" id="644ec43e-70cd-c82d-42e7-0d990be1414d">
      <Execution id="1c237105-9288-41e7-9935-cb9c774aa758" />
      <TestMethod codeBase="C:\Users\alena\Desktop\7_sem\testing_and_debugging\SkiResort\BL.Tests\bin\Debug\net6.0\BL.Tests.dll" adapterTypeName="executor://xunit/VsTestRunner2/netcoreapp" className="BL.Tests.CheckPermissionsServiceTests" name="AuthorizedHasAccessToAuthorizedFunctions" />
    </UnitTest>
    <UnitTest name="BL.Tests.SlopesServiceTest.TestAdminAddSlopeAsync(userID: 101, slope: Slope { SlopeID = 215, SlopeName = slopeNameecf16fee-7d73-4904-98f6-b625b81f44e8, IsOpen = True, DifficultyLevel = 192, ConnectedLifts =  }, checkPermissionServiceMock: Mock&lt;ICheckPermissionService:11&gt;, slopesRepositoryStub: Mock&lt;ISlopesRepository:9&gt;, sut: SlopesService { })" storage="c:\users\alena\desktop\7_sem\testing_and_debugging\skiresort\bl.tests\bin\debug\net6.0\bl.tests.dll" id="ec3f65e9-66a4-6b68-657d-ec742fff092c">
      <Execution id="f4c0f051-d993-45dc-b126-77ebc829c1ab" />
      <TestMethod codeBase="C:\Users\alena\Desktop\7_sem\testing_and_debugging\SkiResort\BL.Tests\bin\Debug\net6.0\BL.Tests.dll" adapterTypeName="executor://xunit/VsTestRunner2/netcoreapp" className="BL.Tests.SlopesServiceTest" name="TestAdminAddSlopeAsync" />
    </UnitTest>
    <UnitTest name="BL.Tests.LiftsSlopesServiceTests.TestAdminAddAutoIncrementLiftSlopeAsync(lift: Lift { LiftID = 75, LiftName = liftName1730bb36-29f3-4aeb-9e66-6565545a77ab, IsOpen = True, SeatsAmount = 150, LiftingTime = 159, QueueTime = 8, ConnectedSlopes =  }, slope: Slope { SlopeID = 22, SlopeName = slopeName986ac7c4-03d0-4cbb-84d9-0403c446d336, IsOpen = False, DifficultyLevel = 212, ConnectedLifts =  }, slopesRepositoryStub: Mock&lt;ISlopesRepository:3&gt;, l..." storage="c:\users\alena\desktop\7_sem\testing_and_debugging\skiresort\bl.tests\bin\debug\net6.0\bl.tests.dll" id="f738e55e-1a57-6492-a2ef-12ab41fb53ac">
      <Execution id="4438be0d-a475-4384-b4b1-c909b980637b" />
      <TestMethod codeBase="C:\Users\alena\Desktop\7_sem\testing_and_debugging\SkiResort\BL.Tests\bin\Debug\net6.0\BL.Tests.dll" adapterTypeName="executor://xunit/VsTestRunner2/netcoreapp" className="BL.Tests.LiftsSlopesServiceTests" name="TestAdminAddAutoIncrementLiftSlopeAsync" />
    </UnitTest>
    <UnitTest name="BL.Tests.CheckPermissionsServiceTests.AuthorizedHasNoAccessToAdminSkiPatrolFunctions(functionName: &quot;MarkMessageReadByUserAsync&quot;)" storage="c:\users\alena\desktop\7_sem\testing_and_debugging\skiresort\bl.tests\bin\debug\net6.0\bl.tests.dll" id="9c7df5e2-1b23-ebea-889f-b78ca86b60ab">
      <Execution id="5cbe61d1-0113-42bd-9fd0-b4879872773d" />
      <TestMethod codeBase="C:\Users\alena\Desktop\7_sem\testing_and_debugging\SkiResort\BL.Tests\bin\Debug\net6.0\BL.Tests.dll" adapterTypeName="executor://xunit/VsTestRunner2/netcoreapp" className="BL.Tests.CheckPermissionsServiceTests" name="AuthorizedHasNoAccessToAdminSkiPatrolFunctions" />
    </UnitTest>
    <UnitTest name="BL.Tests.LiftsServiceTest.TestAdminDeleteLiftAsync(userID: 64, lift: Lift { LiftID = 30, LiftName = liftNamed770e114-73f2-4335-a9f5-232a9f17b7c5, IsOpen = True, SeatsAmount = 238, LiftingTime = 189, QueueTime = 104, ConnectedSlopes =  }, checkPermissionServiceMock: Mock&lt;ICheckPermissionService:4&gt;, liftsRepositoryStub: Mock&lt;ILiftsRepository:4&gt;, liftsSlopesRepositoryStub: Mock&lt;ILiftsSlopesRepository:4&gt;, sut: LiftsService { })" storage="c:\users\alena\desktop\7_sem\testing_and_debugging\skiresort\bl.tests\bin\debug\net6.0\bl.tests.dll" id="216b62b3-b8e3-1eae-e020-a44e6c30a9bc">
      <Execution id="e62b9634-b501-4b3e-bf27-0beb49ab0aab" />
      <TestMethod codeBase="C:\Users\alena\Desktop\7_sem\testing_and_debugging\SkiResort\BL.Tests\bin\Debug\net6.0\BL.Tests.dll" adapterTypeName="executor://xunit/VsTestRunner2/netcoreapp" className="BL.Tests.LiftsServiceTest" name="TestAdminDeleteLiftAsync" />
    </UnitTest>
    <UnitTest name="BL.Tests.CheckPermissionsServiceTests.UnauthorizedHasNoAccessToAuthorizedFunctions(functionName: &quot;SendMessageAsync&quot;)" storage="c:\users\alena\desktop\7_sem\testing_and_debugging\skiresort\bl.tests\bin\debug\net6.0\bl.tests.dll" id="eaabd2fc-2f4b-5689-59c8-c7ad34a8f634">
      <Execution id="dd5a59a7-3bd2-4110-88df-4f9a283185c6" />
      <TestMethod codeBase="C:\Users\alena\Desktop\7_sem\testing_and_debugging\SkiResort\BL.Tests\bin\Debug\net6.0\BL.Tests.dll" adapterTypeName="executor://xunit/VsTestRunner2/netcoreapp" className="BL.Tests.CheckPermissionsServiceTests" name="UnauthorizedHasNoAccessToAuthorizedFunctions" />
    </UnitTest>
    <UnitTest name="BL.Tests.CheckPermissionsServiceTests.AdminHasAccessToAllFunctions" storage="c:\users\alena\desktop\7_sem\testing_and_debugging\skiresort\bl.tests\bin\debug\net6.0\bl.tests.dll" id="f3efc418-a8a6-c7b7-9bac-90b33aa8472f">
      <Execution id="f534e61b-66a6-4783-b3e9-0590d6bcbd01" />
      <TestMethod codeBase="C:\Users\alena\Desktop\7_sem\testing_and_debugging\SkiResort\BL.Tests\bin\Debug\net6.0\BL.Tests.dll" adapterTypeName="executor://xunit/VsTestRunner2/netcoreapp" className="BL.Tests.CheckPermissionsServiceTests" name="AdminHasAccessToAllFunctions" />
    </UnitTest>
    <UnitTest name="BL.Tests.LiftsServiceTest.TestAdminAddAutoIncrementLiftAsync(userID: 10, lift: Lift { LiftID = 197, LiftName = liftName35cbde58-b178-4d7a-8ff4-f1ac852a2850, IsOpen = True, SeatsAmount = 182, LiftingTime = 159, QueueTime = 15, ConnectedSlopes =  }, checkPermissionServiceMock: Mock&lt;ICheckPermissionService:5&gt;, liftsRepositoryStub: Mock&lt;ILiftsRepository:5&gt;, sut: LiftsService { })" storage="c:\users\alena\desktop\7_sem\testing_and_debugging\skiresort\bl.tests\bin\debug\net6.0\bl.tests.dll" id="e1b43b0d-8c92-6f60-840a-96431b988c2d">
      <Execution id="c9c53dd2-84af-4194-8c69-06fd7f031fdf" />
      <TestMethod codeBase="C:\Users\alena\Desktop\7_sem\testing_and_debugging\SkiResort\BL.Tests\bin\Debug\net6.0\BL.Tests.dll" adapterTypeName="executor://xunit/VsTestRunner2/netcoreapp" className="BL.Tests.LiftsServiceTest" name="TestAdminAddAutoIncrementLiftAsync" />
    </UnitTest>
    <UnitTest name="BL.Tests.LiftsServiceTest.TestUpdateLiftInfoAsync(userID: 43, lift: Lift { LiftID = 13, LiftName = liftNamee46873c4-50c4-4aa6-ab05-689660a37cbb, IsOpen = True, SeatsAmount = 10, LiftingTime = 105, QueueTime = 17, ConnectedSlopes =  }, checkPermissionServiceMock: Mock&lt;ICheckPermissionService:3&gt;, liftsRepositoryStub: Mock&lt;ILiftsRepository:3&gt;, sut: LiftsService { })" storage="c:\users\alena\desktop\7_sem\testing_and_debugging\skiresort\bl.tests\bin\debug\net6.0\bl.tests.dll" id="5356b315-5268-1603-deda-3a2bf45d5ce2">
      <Execution id="fe3d386a-a349-4127-97dc-ae9e41534e0d" />
      <TestMethod codeBase="C:\Users\alena\Desktop\7_sem\testing_and_debugging\SkiResort\BL.Tests\bin\Debug\net6.0\BL.Tests.dll" adapterTypeName="executor://xunit/VsTestRunner2/netcoreapp" className="BL.Tests.LiftsServiceTest" name="TestUpdateLiftInfoAsync" />
    </UnitTest>
    <UnitTest name="BL.Tests.UsersServiceTests.TestLogInOk" storage="c:\users\alena\desktop\7_sem\testing_and_debugging\skiresort\bl.tests\bin\debug\net6.0\bl.tests.dll" id="1ca07ad8-f799-c5d4-e7cc-34fd950198a2">
      <Execution id="b3e9f416-2d5e-46fa-9858-839ca0ce8ee4" />
      <TestMethod codeBase="C:\Users\alena\Desktop\7_sem\testing_and_debugging\SkiResort\BL.Tests\bin\Debug\net6.0\BL.Tests.dll" adapterTypeName="executor://xunit/VsTestRunner2/netcoreapp" className="BL.Tests.UsersServiceTests" name="TestLogInOk" />
    </UnitTest>
    <UnitTest name="BL.Tests.SlopesServiceTest.TestGetSlopeInfoAsync(userID: 36, slope: Slope { SlopeID = 114, SlopeName = slopeName79426466-6771-46a3-bd2a-ab8284dacb1b, IsOpen = True, DifficultyLevel = 95, ConnectedLifts =  }, checkPermissionServiceMock: Mock&lt;ICheckPermissionService:6&gt;, slopesRepositoryStub: Mock&lt;ISlopesRepository:4&gt;, liftsSlopesRepositoryStub: Mock&lt;ILiftsSlopesRepository:9&gt;, sut: SlopesService { })" storage="c:\users\alena\desktop\7_sem\testing_and_debugging\skiresort\bl.tests\bin\debug\net6.0\bl.tests.dll" id="1730adef-871c-fbf8-3bac-321ffac5216f">
      <Execution id="5c58e504-a582-4809-ada4-8a60083e2f01" />
      <TestMethod codeBase="C:\Users\alena\Desktop\7_sem\testing_and_debugging\SkiResort\BL.Tests\bin\Debug\net6.0\BL.Tests.dll" adapterTypeName="executor://xunit/VsTestRunner2/netcoreapp" className="BL.Tests.SlopesServiceTest" name="TestGetSlopeInfoAsync" />
    </UnitTest>
    <UnitTest name="BL.Tests.CheckPermissionsServiceTests.UnauthorizedHasNoAccessToAdminSkiPatrolFunctions(functionName: &quot;MarkMessageReadByUserAsync&quot;)" storage="c:\users\alena\desktop\7_sem\testing_and_debugging\skiresort\bl.tests\bin\debug\net6.0\bl.tests.dll" id="a19a5fcf-c5d2-7d44-5d7d-84403042f4e0">
      <Execution id="9252ff3f-2fe2-4b62-be75-07895c6dfe55" />
      <TestMethod codeBase="C:\Users\alena\Desktop\7_sem\testing_and_debugging\SkiResort\BL.Tests\bin\Debug\net6.0\BL.Tests.dll" adapterTypeName="executor://xunit/VsTestRunner2/netcoreapp" className="BL.Tests.CheckPermissionsServiceTests" name="UnauthorizedHasNoAccessToAdminSkiPatrolFunctions" />
    </UnitTest>
    <UnitTest name="BL.Tests.LiftsSlopesServiceTests.TestGetLiftsSlopesInfoAsync(liftsSlopes: [LiftSlope { RecordID = 137, LiftID = 246, SlopeID = 201 }, LiftSlope { RecordID = 185, LiftID = 231, SlopeID = 135 }, LiftSlope { RecordID = 27, LiftID = 16, SlopeID = 67 }], slopesRepositoryStub: Mock&lt;ISlopesRepository:1&gt;, liftsRepositoryStub: Mock&lt;ILiftsRepository:6&gt;, liftsSlopesRepositoryStub: Mock&lt;ILiftsSlopesRepository:6&gt;)" storage="c:\users\alena\desktop\7_sem\testing_and_debugging\skiresort\bl.tests\bin\debug\net6.0\bl.tests.dll" id="39be9b5e-0bc4-57dc-37d3-aec6b520299d">
      <Execution id="db6bef9c-ba87-4370-a441-f0991a8cfaf8" />
      <TestMethod codeBase="C:\Users\alena\Desktop\7_sem\testing_and_debugging\SkiResort\BL.Tests\bin\Debug\net6.0\BL.Tests.dll" adapterTypeName="executor://xunit/VsTestRunner2/netcoreapp" className="BL.Tests.LiftsSlopesServiceTests" name="TestGetLiftsSlopesInfoAsync" />
    </UnitTest>
    <UnitTest name="BL.Tests.SlopesServiceTest.TestAdminAddAutoIncrementSlopeAsync(userID: 192, slope: Slope { SlopeID = 67, SlopeName = slopeNamee8bfb934-9a16-43b2-a8b1-3b853ea07e8d, IsOpen = True, DifficultyLevel = 5, ConnectedLifts =  }, checkPermissionServiceMock: Mock&lt;ICheckPermissionService:10&gt;, slopesRepositoryStub: Mock&lt;ISlopesRepository:8&gt;, sut: SlopesService { })" storage="c:\users\alena\desktop\7_sem\testing_and_debugging\skiresort\bl.tests\bin\debug\net6.0\bl.tests.dll" id="81f03170-7884-383a-8e56-0859abf54f13">
      <Execution id="a0619aab-acf1-4ca5-af14-1e00f8322d4b" />
      <TestMethod codeBase="C:\Users\alena\Desktop\7_sem\testing_and_debugging\SkiResort\BL.Tests\bin\Debug\net6.0\BL.Tests.dll" adapterTypeName="executor://xunit/VsTestRunner2/netcoreapp" className="BL.Tests.SlopesServiceTest" name="TestAdminAddAutoIncrementSlopeAsync" />
    </UnitTest>
    <UnitTest name="BL.Tests.TurnstilesServiceTest.TestAdminGetTurnstileAsync(userID: 216, turnstile: Turnstile { TurnstileID = 71, LiftID = 252, IsOpen = True }, checkPermissionServiceMock: Mock&lt;ICheckPermissionService:12&gt;, turnstilesRepositoryStub: Mock&lt;ITurnstilesRepository:6&gt;, sut: TurnstilesService { })" storage="c:\users\alena\desktop\7_sem\testing_and_debugging\skiresort\bl.tests\bin\debug\net6.0\bl.tests.dll" id="f1a2a830-81df-0565-e380-2087c411c272">
      <Execution id="770d5724-0ae3-4369-a4cc-8860add462c4" />
      <TestMethod codeBase="C:\Users\alena\Desktop\7_sem\testing_and_debugging\SkiResort\BL.Tests\bin\Debug\net6.0\BL.Tests.dll" adapterTypeName="executor://xunit/VsTestRunner2/netcoreapp" className="BL.Tests.TurnstilesServiceTest" name="TestAdminGetTurnstileAsync" />
    </UnitTest>
    <UnitTest name="BL.Tests.CheckPermissionsServiceTests.AuthorizedHasAccessToAuthorizedFunctions(functionName: &quot;LogOutAsync&quot;)" storage="c:\users\alena\desktop\7_sem\testing_and_debugging\skiresort\bl.tests\bin\debug\net6.0\bl.tests.dll" id="aa28a6b3-21d3-aa45-24d3-bef2facbc899">
      <Execution id="245737ad-e9b7-4d3a-bd8d-69c0adab9f15" />
      <TestMethod codeBase="C:\Users\alena\Desktop\7_sem\testing_and_debugging\SkiResort\BL.Tests\bin\Debug\net6.0\BL.Tests.dll" adapterTypeName="executor://xunit/VsTestRunner2/netcoreapp" className="BL.Tests.CheckPermissionsServiceTests" name="AuthorizedHasAccessToAuthorizedFunctions" />
    </UnitTest>
    <UnitTest name="BL.Tests.TurnstilesServiceTest.TestAdminDeleteTurnstileAsync(userID: 133, turnstile: Turnstile { TurnstileID = 22, LiftID = 46, IsOpen = True }, checkPermissionServiceMock: Mock&lt;ICheckPermissionService:15&gt;, turnstilesRepositoryStub: Mock&lt;ITurnstilesRepository:9&gt;, sut: TurnstilesService { })" storage="c:\users\alena\desktop\7_sem\testing_and_debugging\skiresort\bl.tests\bin\debug\net6.0\bl.tests.dll" id="c0dfc7bd-1e54-ed7e-3b46-0c73bcc35264">
      <Execution id="05e1929c-0db0-4456-8a6c-a2e5f9401c29" />
      <TestMethod codeBase="C:\Users\alena\Desktop\7_sem\testing_and_debugging\SkiResort\BL.Tests\bin\Debug\net6.0\BL.Tests.dll" adapterTypeName="executor://xunit/VsTestRunner2/netcoreapp" className="BL.Tests.TurnstilesServiceTest" name="TestAdminDeleteTurnstileAsync" />
    </UnitTest>
    <UnitTest name="BL.Tests.CheckPermissionsServiceTests.SkiPatrolHasAccessToAdminSkiPatrolFunctions(functionName: &quot;GetMessagesAsync&quot;)" storage="c:\users\alena\desktop\7_sem\testing_and_debugging\skiresort\bl.tests\bin\debug\net6.0\bl.tests.dll" id="c36970dc-93f7-753e-fa47-157133b01644">
      <Execution id="987c1099-3482-4862-a550-759d9d60f8d5" />
      <TestMethod codeBase="C:\Users\alena\Desktop\7_sem\testing_and_debugging\SkiResort\BL.Tests\bin\Debug\net6.0\BL.Tests.dll" adapterTypeName="executor://xunit/VsTestRunner2/netcoreapp" className="BL.Tests.CheckPermissionsServiceTests" name="SkiPatrolHasAccessToAdminSkiPatrolFunctions" />
    </UnitTest>
    <UnitTest name="BL.Tests.SlopesServiceTest.TestAdminDeleteSlopeAsync(userID: 142, slope: Slope { SlopeID = 241, SlopeName = slopeNamec86b0f20-a47e-457a-8dee-5a31e80236a6, IsOpen = True, DifficultyLevel = 29, ConnectedLifts =  }, checkPermissionServiceMock: Mock&lt;ICheckPermissionService:9&gt;, slopesRepositoryStub: Mock&lt;ISlopesRepository:7&gt;, liftsSlopesRepositoryStub: Mock&lt;ILiftsSlopesRepository:12&gt;, sut: SlopesService { })" storage="c:\users\alena\desktop\7_sem\testing_and_debugging\skiresort\bl.tests\bin\debug\net6.0\bl.tests.dll" id="38b71692-2593-123e-9b44-861af9fbe472">
      <Execution id="3b11f26a-d35d-4032-83b1-4128e0dd686d" />
      <TestMethod codeBase="C:\Users\alena\Desktop\7_sem\testing_and_debugging\SkiResort\BL.Tests\bin\Debug\net6.0\BL.Tests.dll" adapterTypeName="executor://xunit/VsTestRunner2/netcoreapp" className="BL.Tests.SlopesServiceTest" name="TestAdminDeleteSlopeAsync" />
    </UnitTest>
    <UnitTest name="BL.Tests.CheckPermissionsServiceTests.AuthorizedHasNoAccessToAdminFunctions" storage="c:\users\alena\desktop\7_sem\testing_and_debugging\skiresort\bl.tests\bin\debug\net6.0\bl.tests.dll" id="a2e59116-cb53-1d70-9cb8-21c286516866">
      <Execution id="396f0665-b6d8-480f-946e-55c63dff09bb" />
      <TestMethod codeBase="C:\Users\alena\Desktop\7_sem\testing_and_debugging\SkiResort\BL.Tests\bin\Debug\net6.0\BL.Tests.dll" adapterTypeName="executor://xunit/VsTestRunner2/netcoreapp" className="BL.Tests.CheckPermissionsServiceTests" name="AuthorizedHasNoAccessToAdminFunctions" />
    </UnitTest>
    <UnitTest name="BL.Tests.CheckPermissionsServiceTests.SkiPatrolHasAccessToAdminSkiPatrolFunctions(functionName: &quot;GetLiftsSlopesInfoAsync&quot;)" storage="c:\users\alena\desktop\7_sem\testing_and_debugging\skiresort\bl.tests\bin\debug\net6.0\bl.tests.dll" id="2d706594-f2b3-b3c8-21d4-86c9798c3306">
      <Execution id="86ceada0-85da-46cd-a93f-8da18170ef7b" />
      <TestMethod codeBase="C:\Users\alena\Desktop\7_sem\testing_and_debugging\SkiResort\BL.Tests\bin\Debug\net6.0\BL.Tests.dll" adapterTypeName="executor://xunit/VsTestRunner2/netcoreapp" className="BL.Tests.CheckPermissionsServiceTests" name="SkiPatrolHasAccessToAdminSkiPatrolFunctions" />
    </UnitTest>
    <UnitTest name="BL.Tests.CheckPermissionsServiceTests.AuthorizedHasNoAccessToAdminSkiPatrolFunctions(functionName: &quot;GetLiftsSlopesInfoAsync&quot;)" storage="c:\users\alena\desktop\7_sem\testing_and_debugging\skiresort\bl.tests\bin\debug\net6.0\bl.tests.dll" id="4f297306-d4f3-8d63-e7f4-1ac0b8c58c74">
      <Execution id="301540ce-6559-48c0-8ca5-a3ac7fdfa4c0" />
      <TestMethod codeBase="C:\Users\alena\Desktop\7_sem\testing_and_debugging\SkiResort\BL.Tests\bin\Debug\net6.0\BL.Tests.dll" adapterTypeName="executor://xunit/VsTestRunner2/netcoreapp" className="BL.Tests.CheckPermissionsServiceTests" name="AuthorizedHasNoAccessToAdminSkiPatrolFunctions" />
    </UnitTest>
    <UnitTest name="BL.Tests.CheckPermissionsServiceTests.UnauthorizedHasNoAccessToAdminSkiPatrolFunctions(functionName: &quot;GetLiftsSlopesInfoAsync&quot;)" storage="c:\users\alena\desktop\7_sem\testing_and_debugging\skiresort\bl.tests\bin\debug\net6.0\bl.tests.dll" id="387c9729-48c1-486e-5e67-f5d11a9f0db8">
      <Execution id="07bb3bfb-0821-4d10-8e1b-da0c006e6781" />
      <TestMethod codeBase="C:\Users\alena\Desktop\7_sem\testing_and_debugging\SkiResort\BL.Tests\bin\Debug\net6.0\BL.Tests.dll" adapterTypeName="executor://xunit/VsTestRunner2/netcoreapp" className="BL.Tests.CheckPermissionsServiceTests" name="UnauthorizedHasNoAccessToAdminSkiPatrolFunctions" />
    </UnitTest>
    <UnitTest name="BL.Tests.UsersServiceTests.TestRegisterUserWithRepeatedEmail" storage="c:\users\alena\desktop\7_sem\testing_and_debugging\skiresort\bl.tests\bin\debug\net6.0\bl.tests.dll" id="894941c1-bfa7-d8f9-c047-1e1ceefe2c2f">
      <Execution id="f05de250-6998-4563-b1aa-467416a938c6" />
      <TestMethod codeBase="C:\Users\alena\Desktop\7_sem\testing_and_debugging\SkiResort\BL.Tests\bin\Debug\net6.0\BL.Tests.dll" adapterTypeName="executor://xunit/VsTestRunner2/netcoreapp" className="BL.Tests.UsersServiceTests" name="TestRegisterUserWithRepeatedEmail" />
    </UnitTest>
    <UnitTest name="BL.Tests.CheckPermissionsServiceTests.UnauthorizedHasNoAccessToAdminFunctions" storage="c:\users\alena\desktop\7_sem\testing_and_debugging\skiresort\bl.tests\bin\debug\net6.0\bl.tests.dll" id="e2d7e5be-3dae-33ae-fb17-c704b6fd58d6">
      <Execution id="8c9a0211-5175-4af8-9006-4f4ef73838ff" />
      <TestMethod codeBase="C:\Users\alena\Desktop\7_sem\testing_and_debugging\SkiResort\BL.Tests\bin\Debug\net6.0\BL.Tests.dll" adapterTypeName="executor://xunit/VsTestRunner2/netcoreapp" className="BL.Tests.CheckPermissionsServiceTests" name="UnauthorizedHasNoAccessToAdminFunctions" />
    </UnitTest>
    <UnitTest name="BL.Tests.LiftsServiceTest.TestGetLiftInfoAsync(userID: 168, lift: Lift { LiftID = 107, LiftName = liftNamef6aa9500-2c20-4520-aa41-434cf7781e08, IsOpen = True, SeatsAmount = 91, LiftingTime = 43, QueueTime = 81, ConnectedSlopes =  }, checkPermissionServiceMock: Mock&lt;ICheckPermissionService:1&gt;, liftsRepositoryStub: Mock&lt;ILiftsRepository:1&gt;, liftsSlopesRepositoryStub: Mock&lt;ILiftsSlopesRepository:1&gt;, sut: LiftsService { })" storage="c:\users\alena\desktop\7_sem\testing_and_debugging\skiresort\bl.tests\bin\debug\net6.0\bl.tests.dll" id="d7f0e67c-7d79-4fd7-219e-f9d5cf43e532">
      <Execution id="7f3d8368-3d2d-49b0-aa1b-c03333e0a23a" />
      <TestMethod codeBase="C:\Users\alena\Desktop\7_sem\testing_and_debugging\SkiResort\BL.Tests\bin\Debug\net6.0\BL.Tests.dll" adapterTypeName="executor://xunit/VsTestRunner2/netcoreapp" className="BL.Tests.LiftsServiceTest" name="TestGetLiftInfoAsync" />
    </UnitTest>
    <UnitTest name="BL.Tests.UsersServiceTests.TestRegisterUserWithNoPassword" storage="c:\users\alena\desktop\7_sem\testing_and_debugging\skiresort\bl.tests\bin\debug\net6.0\bl.tests.dll" id="f44a1b21-8efc-bfac-63b4-d534442def31">
      <Execution id="131f5748-205d-4580-8e2b-01dcc601aa37" />
      <TestMethod codeBase="C:\Users\alena\Desktop\7_sem\testing_and_debugging\SkiResort\BL.Tests\bin\Debug\net6.0\BL.Tests.dll" adapterTypeName="executor://xunit/VsTestRunner2/netcoreapp" className="BL.Tests.UsersServiceTests" name="TestRegisterUserWithNoPassword" />
    </UnitTest>
    <UnitTest name="BL.Tests.LiftsSlopesServiceTests.TestAdminDeleteLiftSlopeAsync(lift: Lift { LiftID = 207, LiftName = liftName635d0126-0d13-4e78-ae61-aae5a775f3c5, IsOpen = True, SeatsAmount = 179, LiftingTime = 122, QueueTime = 233, ConnectedSlopes =  }, slope: Slope { SlopeID = 73, SlopeName = slopeNamee393ee7f-3c32-41c4-bcba-6bcba9f0a58a, IsOpen = False, DifficultyLevel = 225, ConnectedLifts =  }, slopesRepositoryStub: Mock&lt;ISlopesRepository:2&gt;, liftsRep..." storage="c:\users\alena\desktop\7_sem\testing_and_debugging\skiresort\bl.tests\bin\debug\net6.0\bl.tests.dll" id="9e71cb84-ef6f-ede1-0d1c-f22328534085">
      <Execution id="a21da80d-5888-44b5-9a98-266f05106607" />
      <TestMethod codeBase="C:\Users\alena\Desktop\7_sem\testing_and_debugging\SkiResort\BL.Tests\bin\Debug\net6.0\BL.Tests.dll" adapterTypeName="executor://xunit/VsTestRunner2/netcoreapp" className="BL.Tests.LiftsSlopesServiceTests" name="TestAdminDeleteLiftSlopeAsync" />
    </UnitTest>
    <UnitTest name="BL.Tests.SlopesServiceTest.TestUpdateSlopeInfoAsync(userID: 66, slope: Slope { SlopeID = 84, SlopeName = slopeName1735b63d-9a3b-4758-8292-eacc230be47c, IsOpen = True, DifficultyLevel = 254, ConnectedLifts =  }, checkPermissionServiceMock: Mock&lt;ICheckPermissionService:8&gt;, slopesRepositoryStub: Mock&lt;ISlopesRepository:6&gt;, sut: SlopesService { })" storage="c:\users\alena\desktop\7_sem\testing_and_debugging\skiresort\bl.tests\bin\debug\net6.0\bl.tests.dll" id="7736ac96-d8b6-ec6a-b2d5-7293dc731521">
      <Execution id="c813bd7e-eb73-4259-ba90-11406e04146d" />
      <TestMethod codeBase="C:\Users\alena\Desktop\7_sem\testing_and_debugging\SkiResort\BL.Tests\bin\Debug\net6.0\BL.Tests.dll" adapterTypeName="executor://xunit/VsTestRunner2/netcoreapp" className="BL.Tests.SlopesServiceTest" name="TestUpdateSlopeInfoAsync" />
    </UnitTest>
    <UnitTest name="BL.Tests.UsersServiceTests.TestAdminDeleteUser" storage="c:\users\alena\desktop\7_sem\testing_and_debugging\skiresort\bl.tests\bin\debug\net6.0\bl.tests.dll" id="18fa8c62-e27d-e1fc-8182-4d7db62b008d">
      <Execution id="ff356acd-f314-48a4-84ec-75144380facd" />
      <TestMethod codeBase="C:\Users\alena\Desktop\7_sem\testing_and_debugging\SkiResort\BL.Tests\bin\Debug\net6.0\BL.Tests.dll" adapterTypeName="executor://xunit/VsTestRunner2/netcoreapp" className="BL.Tests.UsersServiceTests" name="TestAdminDeleteUser" />
    </UnitTest>
    <UnitTest name="BL.Tests.CheckPermissionsServiceTests.SkiPatrolHasNoAccessToAdminFunctions" storage="c:\users\alena\desktop\7_sem\testing_and_debugging\skiresort\bl.tests\bin\debug\net6.0\bl.tests.dll" id="492c0393-35b4-df26-a537-21ca08302f3c">
      <Execution id="2bc5d2bd-74bd-46f6-88ea-b8cb8f93a09d" />
      <TestMethod codeBase="C:\Users\alena\Desktop\7_sem\testing_and_debugging\SkiResort\BL.Tests\bin\Debug\net6.0\BL.Tests.dll" adapterTypeName="executor://xunit/VsTestRunner2/netcoreapp" className="BL.Tests.CheckPermissionsServiceTests" name="SkiPatrolHasNoAccessToAdminFunctions" />
    </UnitTest>
    <UnitTest name="BL.Tests.UsersServiceTests.TestLogInWithWrongPassword" storage="c:\users\alena\desktop\7_sem\testing_and_debugging\skiresort\bl.tests\bin\debug\net6.0\bl.tests.dll" id="69340bb6-3645-f9dd-971e-29d8b2a009bb">
      <Execution id="c16f84fb-8409-49d0-8f8d-c7b8f2e294f3" />
      <TestMethod codeBase="C:\Users\alena\Desktop\7_sem\testing_and_debugging\SkiResort\BL.Tests\bin\Debug\net6.0\BL.Tests.dll" adapterTypeName="executor://xunit/VsTestRunner2/netcoreapp" className="BL.Tests.UsersServiceTests" name="TestLogInWithWrongPassword" />
    </UnitTest>
    <UnitTest name="BL.Tests.TurnstilesServiceTest.TestAdminUpdateTurnstileAsync(userID: 227, turnstile: Turnstile { TurnstileID = 41, LiftID = 52, IsOpen = True }, checkPermissionServiceMock: Mock&lt;ICheckPermissionService:14&gt;, turnstilesRepositoryStub: Mock&lt;ITurnstilesRepository:8&gt;, sut: TurnstilesService { })" storage="c:\users\alena\desktop\7_sem\testing_and_debugging\skiresort\bl.tests\bin\debug\net6.0\bl.tests.dll" id="2f421cbf-60e4-e0e6-69eb-46728e3c603b">
      <Execution id="c197c4da-4d0b-40a8-b731-40e265c2d7bf" />
      <TestMethod codeBase="C:\Users\alena\Desktop\7_sem\testing_and_debugging\SkiResort\BL.Tests\bin\Debug\net6.0\BL.Tests.dll" adapterTypeName="executor://xunit/VsTestRunner2/netcoreapp" className="BL.Tests.TurnstilesServiceTest" name="TestAdminUpdateTurnstileAsync" />
    </UnitTest>
    <UnitTest name="BL.Tests.CheckPermissionsServiceTests.UnauthorizedHasNoAccessToAdminSkiPatrolFunctions(functionName: &quot;GetMessagesAsync&quot;)" storage="c:\users\alena\desktop\7_sem\testing_and_debugging\skiresort\bl.tests\bin\debug\net6.0\bl.tests.dll" id="229812f5-9a73-5335-11f5-31330d1348a5">
      <Execution id="172afbc7-20c4-4406-9d6c-88741bbdd594" />
      <TestMethod codeBase="C:\Users\alena\Desktop\7_sem\testing_and_debugging\SkiResort\BL.Tests\bin\Debug\net6.0\BL.Tests.dll" adapterTypeName="executor://xunit/VsTestRunner2/netcoreapp" className="BL.Tests.CheckPermissionsServiceTests" name="UnauthorizedHasNoAccessToAdminSkiPatrolFunctions" />
    </UnitTest>
    <UnitTest name="BL.Tests.UsersServiceTests.TestRegisterUserWithNoEmail" storage="c:\users\alena\desktop\7_sem\testing_and_debugging\skiresort\bl.tests\bin\debug\net6.0\bl.tests.dll" id="8184bd30-991c-b78d-b4ec-99a485eac0dd">
      <Execution id="307cb9f2-c21d-45ae-90d8-81f2f8dddf07" />
      <TestMethod codeBase="C:\Users\alena\Desktop\7_sem\testing_and_debugging\SkiResort\BL.Tests\bin\Debug\net6.0\BL.Tests.dll" adapterTypeName="executor://xunit/VsTestRunner2/netcoreapp" className="BL.Tests.UsersServiceTests" name="TestRegisterUserWithNoEmail" />
    </UnitTest>
    <UnitTest name="BL.Tests.CheckPermissionsServiceTests.AuthorizedHasNoAccessToAdminSkiPatrolFunctions(functionName: &quot;GetMessagesAsync&quot;)" storage="c:\users\alena\desktop\7_sem\testing_and_debugging\skiresort\bl.tests\bin\debug\net6.0\bl.tests.dll" id="2602613f-c8e2-a6d9-fcf7-5b27d4a770a6">
      <Execution id="9b27f37a-33e4-49b9-be08-67501c161dd8" />
      <TestMethod codeBase="C:\Users\alena\Desktop\7_sem\testing_and_debugging\SkiResort\BL.Tests\bin\Debug\net6.0\BL.Tests.dll" adapterTypeName="executor://xunit/VsTestRunner2/netcoreapp" className="BL.Tests.CheckPermissionsServiceTests" name="AuthorizedHasNoAccessToAdminSkiPatrolFunctions" />
    </UnitTest>
    <UnitTest name="BL.Tests.UsersServiceTests.TestRegisterOk" storage="c:\users\alena\desktop\7_sem\testing_and_debugging\skiresort\bl.tests\bin\debug\net6.0\bl.tests.dll" id="0eeef75f-6e38-7893-a8fe-cff3e0a970a7">
      <Execution id="8ba2e716-2afa-4470-87a8-742a5f5ad238" />
      <TestMethod codeBase="C:\Users\alena\Desktop\7_sem\testing_and_debugging\SkiResort\BL.Tests\bin\Debug\net6.0\BL.Tests.dll" adapterTypeName="executor://xunit/VsTestRunner2/netcoreapp" className="BL.Tests.UsersServiceTests" name="TestRegisterOk" />
    </UnitTest>
    <UnitTest name="BL.Tests.TurnstilesServiceTest.TestAdminGetTurnstilesAsync(userID: 47, initialTurnstiles: [Turnstile { TurnstileID = 58, LiftID = 153, IsOpen = True }, Turnstile { TurnstileID = 190, LiftID = 212, IsOpen = False }, Turnstile { TurnstileID = 74, LiftID = 164, IsOpen = True }], checkPermissionServiceMock: Mock&lt;ICheckPermissionService:13&gt;, turnstilesRepositoryStub: Mock&lt;ITurnstilesRepository:7&gt;, sut: TurnstilesService { })" storage="c:\users\alena\desktop\7_sem\testing_and_debugging\skiresort\bl.tests\bin\debug\net6.0\bl.tests.dll" id="02dc2fea-1672-5170-0ae0-28ba20f9ae6b">
      <Execution id="eca2fa2a-e861-4739-b2b1-2cc984a2e2ee" />
      <TestMethod codeBase="C:\Users\alena\Desktop\7_sem\testing_and_debugging\SkiResort\BL.Tests\bin\Debug\net6.0\BL.Tests.dll" adapterTypeName="executor://xunit/VsTestRunner2/netcoreapp" className="BL.Tests.TurnstilesServiceTest" name="TestAdminGetTurnstilesAsync" />
    </UnitTest>
    <UnitTest name="BL.Tests.CheckPermissionsServiceTests.UnauthorizedHasNoAccessToAuthorizedFunctions(functionName: &quot;LogOutAsync&quot;)" storage="c:\users\alena\desktop\7_sem\testing_and_debugging\skiresort\bl.tests\bin\debug\net6.0\bl.tests.dll" id="fa960c5e-f989-2880-784e-8efe538c5231">
      <Execution id="d8b47b0d-4d5c-4b47-84af-6630adbadf8c" />
      <TestMethod codeBase="C:\Users\alena\Desktop\7_sem\testing_and_debugging\SkiResort\BL.Tests\bin\Debug\net6.0\BL.Tests.dll" adapterTypeName="executor://xunit/VsTestRunner2/netcoreapp" className="BL.Tests.CheckPermissionsServiceTests" name="UnauthorizedHasNoAccessToAuthorizedFunctions" />
    </UnitTest>
    <UnitTest name="BL.Tests.TurnstilesServiceTest.TestAdminAddAutoIncrementTurnstileAsync(userID: 202, turnstile: Turnstile { TurnstileID = 9, LiftID = 90, IsOpen = True }, checkPermissionServiceMock: Mock&lt;ICheckPermissionService:16&gt;, turnstilesRepositoryStub: Mock&lt;ITurnstilesRepository:10&gt;, sut: TurnstilesService { })" storage="c:\users\alena\desktop\7_sem\testing_and_debugging\skiresort\bl.tests\bin\debug\net6.0\bl.tests.dll" id="39700c7c-f9f2-316e-43e8-4546b4756ee5">
      <Execution id="9b527134-0c6a-4fd3-b98a-b33477f4c577" />
      <TestMethod codeBase="C:\Users\alena\Desktop\7_sem\testing_and_debugging\SkiResort\BL.Tests\bin\Debug\net6.0\BL.Tests.dll" adapterTypeName="executor://xunit/VsTestRunner2/netcoreapp" className="BL.Tests.TurnstilesServiceTest" name="TestAdminAddAutoIncrementTurnstileAsync" />
    </UnitTest>
    <UnitTest name="BL.Tests.UsersServiceTests.TestAdminUpdateUser" storage="c:\users\alena\desktop\7_sem\testing_and_debugging\skiresort\bl.tests\bin\debug\net6.0\bl.tests.dll" id="06d0bc3a-24a0-fb7f-4277-e9ae6d21c7dd">
      <Execution id="92a7904d-abf6-4c34-96b5-1f7f4a3e83a4" />
      <TestMethod codeBase="C:\Users\alena\Desktop\7_sem\testing_and_debugging\SkiResort\BL.Tests\bin\Debug\net6.0\BL.Tests.dll" adapterTypeName="executor://xunit/VsTestRunner2/netcoreapp" className="BL.Tests.UsersServiceTests" name="TestAdminUpdateUser" />
    </UnitTest>
    <UnitTest name="BL.Tests.UsersServiceTests.TestAdminGetUserByIDAsync" storage="c:\users\alena\desktop\7_sem\testing_and_debugging\skiresort\bl.tests\bin\debug\net6.0\bl.tests.dll" id="e5497347-2721-b7a6-0bd4-69a9921f6947">
      <Execution id="cbc4e420-3fd8-4898-bf83-4c7616a3c57f" />
      <TestMethod codeBase="C:\Users\alena\Desktop\7_sem\testing_and_debugging\SkiResort\BL.Tests\bin\Debug\net6.0\BL.Tests.dll" adapterTypeName="executor://xunit/VsTestRunner2/netcoreapp" className="BL.Tests.UsersServiceTests" name="TestAdminGetUserByIDAsync" />
    </UnitTest>
    <UnitTest name="BL.Tests.LiftsServiceTest.TestGetLiftsInfoAsync(userID: 88, initialLifts: [Lift { LiftID = 189, LiftName = liftName4971a58f-0a6e-482d-a3d6-ddb0a353ec47, IsOpen = True, SeatsAmount = 208, LiftingTime = 48, QueueTime = 238, ConnectedSlopes =  }, Lift { LiftID = 218, LiftName = liftName81026a56-58c6-48d8-8653-b474563001bc, IsOpen = False, SeatsAmount = 74, LiftingTime = 237, QueueTime = 61, ConnectedSlopes =  }, Lift { LiftID = 98, LiftName = ..." storage="c:\users\alena\desktop\7_sem\testing_and_debugging\skiresort\bl.tests\bin\debug\net6.0\bl.tests.dll" id="21816e5b-f35f-a145-1638-592c9416cf22">
      <Execution id="96141f22-01b4-4204-a16c-bf2beeb0eaac" />
      <TestMethod codeBase="C:\Users\alena\Desktop\7_sem\testing_and_debugging\SkiResort\BL.Tests\bin\Debug\net6.0\BL.Tests.dll" adapterTypeName="executor://xunit/VsTestRunner2/netcoreapp" className="BL.Tests.LiftsServiceTest" name="TestGetLiftsInfoAsync" />
    </UnitTest>
    <UnitTest name="BL.Tests.UsersServiceTests.TestAdminGetUsers" storage="c:\users\alena\desktop\7_sem\testing_and_debugging\skiresort\bl.tests\bin\debug\net6.0\bl.tests.dll" id="20ad8570-0170-85de-dcd7-2f109dd7bcd6">
      <Execution id="07c3d3da-2c30-4489-b658-0b9f29d2dbe9" />
      <TestMethod codeBase="C:\Users\alena\Desktop\7_sem\testing_and_debugging\SkiResort\BL.Tests\bin\Debug\net6.0\BL.Tests.dll" adapterTypeName="executor://xunit/VsTestRunner2/netcoreapp" className="BL.Tests.UsersServiceTests" name="TestAdminGetUsers" />
    </UnitTest>
    <UnitTest name="BL.Tests.SlopesServiceTest.TestGetSlopesInfoAsync(userID: 92, initialSlopes: [Slope { SlopeID = 85, SlopeName = slopeName241c4adc-c630-4117-a736-93a86683bb3e, IsOpen = True, DifficultyLevel = 106, ConnectedLifts =  }, Slope { SlopeID = 104, SlopeName = slopeNamee5a8e384-25c1-41f9-8d65-4b875194d234, IsOpen = False, DifficultyLevel = 113, ConnectedLifts =  }, Slope { SlopeID = 116, SlopeName = slopeNameb4daa01a-ae15-44b3-94fe-6ac4e1775563, Is..." storage="c:\users\alena\desktop\7_sem\testing_and_debugging\skiresort\bl.tests\bin\debug\net6.0\bl.tests.dll" id="5b5de343-232f-820d-30a6-74cfb9a575f6">
      <Execution id="fd8e32ab-f110-422f-a653-52a778d2c2bd" />
      <TestMethod codeBase="C:\Users\alena\Desktop\7_sem\testing_and_debugging\SkiResort\BL.Tests\bin\Debug\net6.0\BL.Tests.dll" adapterTypeName="executor://xunit/VsTestRunner2/netcoreapp" className="BL.Tests.SlopesServiceTest" name="TestGetSlopesInfoAsync" />
    </UnitTest>
  </TestDefinitions>
  <TestEntries>
    <TestEntry testId="492c0393-35b4-df26-a537-21ca08302f3c" executionId="2bc5d2bd-74bd-46f6-88ea-b8cb8f93a09d" testListId="8c84fa94-04c1-424b-9868-57a2d4851a1d" />
    <TestEntry testId="c0dfc7bd-1e54-ed7e-3b46-0c73bcc35264" executionId="05e1929c-0db0-4456-8a6c-a2e5f9401c29" testListId="8c84fa94-04c1-424b-9868-57a2d4851a1d" />
    <TestEntry testId="ec3f65e9-66a4-6b68-657d-ec742fff092c" executionId="f4c0f051-d993-45dc-b126-77ebc829c1ab" testListId="8c84fa94-04c1-424b-9868-57a2d4851a1d" />
    <TestEntry testId="02dc2fea-1672-5170-0ae0-28ba20f9ae6b" executionId="eca2fa2a-e861-4739-b2b1-2cc984a2e2ee" testListId="8c84fa94-04c1-424b-9868-57a2d4851a1d" />
    <TestEntry testId="229812f5-9a73-5335-11f5-31330d1348a5" executionId="172afbc7-20c4-4406-9d6c-88741bbdd594" testListId="8c84fa94-04c1-424b-9868-57a2d4851a1d" />
    <TestEntry testId="1ca07ad8-f799-c5d4-e7cc-34fd950198a2" executionId="b3e9f416-2d5e-46fa-9858-839ca0ce8ee4" testListId="8c84fa94-04c1-424b-9868-57a2d4851a1d" />
    <TestEntry testId="39700c7c-f9f2-316e-43e8-4546b4756ee5" executionId="9b527134-0c6a-4fd3-b98a-b33477f4c577" testListId="8c84fa94-04c1-424b-9868-57a2d4851a1d" />
    <TestEntry testId="f44a1b21-8efc-bfac-63b4-d534442def31" executionId="131f5748-205d-4580-8e2b-01dcc601aa37" testListId="8c84fa94-04c1-424b-9868-57a2d4851a1d" />
    <TestEntry testId="f1a2a830-81df-0565-e380-2087c411c272" executionId="770d5724-0ae3-4369-a4cc-8860add462c4" testListId="8c84fa94-04c1-424b-9868-57a2d4851a1d" />
    <TestEntry testId="fa960c5e-f989-2880-784e-8efe538c5231" executionId="d8b47b0d-4d5c-4b47-84af-6630adbadf8c" testListId="8c84fa94-04c1-424b-9868-57a2d4851a1d" />
    <TestEntry testId="39be9b5e-0bc4-57dc-37d3-aec6b520299d" executionId="db6bef9c-ba87-4370-a441-f0991a8cfaf8" testListId="8c84fa94-04c1-424b-9868-57a2d4851a1d" />
    <TestEntry testId="5356b315-5268-1603-deda-3a2bf45d5ce2" executionId="fe3d386a-a349-4127-97dc-ae9e41534e0d" testListId="8c84fa94-04c1-424b-9868-57a2d4851a1d" />
    <TestEntry testId="f3efc418-a8a6-c7b7-9bac-90b33aa8472f" executionId="f534e61b-66a6-4783-b3e9-0590d6bcbd01" testListId="8c84fa94-04c1-424b-9868-57a2d4851a1d" />
    <TestEntry testId="0eeef75f-6e38-7893-a8fe-cff3e0a970a7" executionId="8ba2e716-2afa-4470-87a8-742a5f5ad238" testListId="8c84fa94-04c1-424b-9868-57a2d4851a1d" />
    <TestEntry testId="69340bb6-3645-f9dd-971e-29d8b2a009bb" executionId="c16f84fb-8409-49d0-8f8d-c7b8f2e294f3" testListId="8c84fa94-04c1-424b-9868-57a2d4851a1d" />
    <TestEntry testId="8184bd30-991c-b78d-b4ec-99a485eac0dd" executionId="307cb9f2-c21d-45ae-90d8-81f2f8dddf07" testListId="8c84fa94-04c1-424b-9868-57a2d4851a1d" />
    <TestEntry testId="1730adef-871c-fbf8-3bac-321ffac5216f" executionId="5c58e504-a582-4809-ada4-8a60083e2f01" testListId="8c84fa94-04c1-424b-9868-57a2d4851a1d" />
    <TestEntry testId="2602613f-c8e2-a6d9-fcf7-5b27d4a770a6" executionId="9b27f37a-33e4-49b9-be08-67501c161dd8" testListId="8c84fa94-04c1-424b-9868-57a2d4851a1d" />
    <TestEntry testId="e1b43b0d-8c92-6f60-840a-96431b988c2d" executionId="c9c53dd2-84af-4194-8c69-06fd7f031fdf" testListId="8c84fa94-04c1-424b-9868-57a2d4851a1d" />
    <TestEntry testId="7736ac96-d8b6-ec6a-b2d5-7293dc731521" executionId="c813bd7e-eb73-4259-ba90-11406e04146d" testListId="8c84fa94-04c1-424b-9868-57a2d4851a1d" />
    <TestEntry testId="f738e55e-1a57-6492-a2ef-12ab41fb53ac" executionId="4438be0d-a475-4384-b4b1-c909b980637b" testListId="8c84fa94-04c1-424b-9868-57a2d4851a1d" />
    <TestEntry testId="38b71692-2593-123e-9b44-861af9fbe472" executionId="3b11f26a-d35d-4032-83b1-4128e0dd686d" testListId="8c84fa94-04c1-424b-9868-57a2d4851a1d" />
    <TestEntry testId="aa28a6b3-21d3-aa45-24d3-bef2facbc899" executionId="245737ad-e9b7-4d3a-bd8d-69c0adab9f15" testListId="8c84fa94-04c1-424b-9868-57a2d4851a1d" />
    <TestEntry testId="e5497347-2721-b7a6-0bd4-69a9921f6947" executionId="cbc4e420-3fd8-4898-bf83-4c7616a3c57f" testListId="8c84fa94-04c1-424b-9868-57a2d4851a1d" />
    <TestEntry testId="216b62b3-b8e3-1eae-e020-a44e6c30a9bc" executionId="e62b9634-b501-4b3e-bf27-0beb49ab0aab" testListId="8c84fa94-04c1-424b-9868-57a2d4851a1d" />
    <TestEntry testId="e2d7e5be-3dae-33ae-fb17-c704b6fd58d6" executionId="8c9a0211-5175-4af8-9006-4f4ef73838ff" testListId="8c84fa94-04c1-424b-9868-57a2d4851a1d" />
    <TestEntry testId="9c7df5e2-1b23-ebea-889f-b78ca86b60ab" executionId="5cbe61d1-0113-42bd-9fd0-b4879872773d" testListId="8c84fa94-04c1-424b-9868-57a2d4851a1d" />
    <TestEntry testId="18fa8c62-e27d-e1fc-8182-4d7db62b008d" executionId="ff356acd-f314-48a4-84ec-75144380facd" testListId="8c84fa94-04c1-424b-9868-57a2d4851a1d" />
    <TestEntry testId="2d706594-f2b3-b3c8-21d4-86c9798c3306" executionId="86ceada0-85da-46cd-a93f-8da18170ef7b" testListId="8c84fa94-04c1-424b-9868-57a2d4851a1d" />
    <TestEntry testId="834c739b-eca4-b36d-6a66-5a1bd75377b8" executionId="9ce229e0-3b63-4812-a505-25f989690815" testListId="8c84fa94-04c1-424b-9868-57a2d4851a1d" />
    <TestEntry testId="644ec43e-70cd-c82d-42e7-0d990be1414d" executionId="1c237105-9288-41e7-9935-cb9c774aa758" testListId="8c84fa94-04c1-424b-9868-57a2d4851a1d" />
    <TestEntry testId="81f03170-7884-383a-8e56-0859abf54f13" executionId="a0619aab-acf1-4ca5-af14-1e00f8322d4b" testListId="8c84fa94-04c1-424b-9868-57a2d4851a1d" />
    <TestEntry testId="06d0bc3a-24a0-fb7f-4277-e9ae6d21c7dd" executionId="92a7904d-abf6-4c34-96b5-1f7f4a3e83a4" testListId="8c84fa94-04c1-424b-9868-57a2d4851a1d" />
    <TestEntry testId="eaabd2fc-2f4b-5689-59c8-c7ad34a8f634" executionId="dd5a59a7-3bd2-4110-88df-4f9a283185c6" testListId="8c84fa94-04c1-424b-9868-57a2d4851a1d" />
    <TestEntry testId="20ad8570-0170-85de-dcd7-2f109dd7bcd6" executionId="07c3d3da-2c30-4489-b658-0b9f29d2dbe9" testListId="8c84fa94-04c1-424b-9868-57a2d4851a1d" />
    <TestEntry testId="d7f0e67c-7d79-4fd7-219e-f9d5cf43e532" executionId="7f3d8368-3d2d-49b0-aa1b-c03333e0a23a" testListId="8c84fa94-04c1-424b-9868-57a2d4851a1d" />
    <TestEntry testId="c36970dc-93f7-753e-fa47-157133b01644" executionId="987c1099-3482-4862-a550-759d9d60f8d5" testListId="8c84fa94-04c1-424b-9868-57a2d4851a1d" />
    <TestEntry testId="387c9729-48c1-486e-5e67-f5d11a9f0db8" executionId="07bb3bfb-0821-4d10-8e1b-da0c006e6781" testListId="8c84fa94-04c1-424b-9868-57a2d4851a1d" />
    <TestEntry testId="4f297306-d4f3-8d63-e7f4-1ac0b8c58c74" executionId="301540ce-6559-48c0-8ca5-a3ac7fdfa4c0" testListId="8c84fa94-04c1-424b-9868-57a2d4851a1d" />
    <TestEntry testId="9e71cb84-ef6f-ede1-0d1c-f22328534085" executionId="a21da80d-5888-44b5-9a98-266f05106607" testListId="8c84fa94-04c1-424b-9868-57a2d4851a1d" />
    <TestEntry testId="5b5de343-232f-820d-30a6-74cfb9a575f6" executionId="fd8e32ab-f110-422f-a653-52a778d2c2bd" testListId="8c84fa94-04c1-424b-9868-57a2d4851a1d" />
    <TestEntry testId="a2e59116-cb53-1d70-9cb8-21c286516866" executionId="396f0665-b6d8-480f-946e-55c63dff09bb" testListId="8c84fa94-04c1-424b-9868-57a2d4851a1d" />
    <TestEntry testId="a19a5fcf-c5d2-7d44-5d7d-84403042f4e0" executionId="9252ff3f-2fe2-4b62-be75-07895c6dfe55" testListId="8c84fa94-04c1-424b-9868-57a2d4851a1d" />
    <TestEntry testId="2f421cbf-60e4-e0e6-69eb-46728e3c603b" executionId="c197c4da-4d0b-40a8-b731-40e265c2d7bf" testListId="8c84fa94-04c1-424b-9868-57a2d4851a1d" />
    <TestEntry testId="60bd668f-04df-da5e-b79b-5d9aedb5234d" executionId="f2763937-c7e9-4510-8285-82ee0c9a68a5" testListId="8c84fa94-04c1-424b-9868-57a2d4851a1d" />
    <TestEntry testId="894941c1-bfa7-d8f9-c047-1e1ceefe2c2f" executionId="f05de250-6998-4563-b1aa-467416a938c6" testListId="8c84fa94-04c1-424b-9868-57a2d4851a1d" />
    <TestEntry testId="21816e5b-f35f-a145-1638-592c9416cf22" executionId="96141f22-01b4-4204-a16c-bf2beeb0eaac" testListId="8c84fa94-04c1-424b-9868-57a2d4851a1d" />
  </TestEntries>
  <TestLists>
    <TestList name="Список результатов" id="8c84fa94-04c1-424b-9868-57a2d4851a1d" />
    <TestList name="Все загруженные результаты" id="19431567-8539-422a-85d7-44ee4e166bda" />
  </TestLists>
  <ResultSummary outcome="Completed">
    <Counters total="47" executed="47" passed="47" failed="0" error="0" timeout="0" aborted="0" inconclusive="0" passedButRunAborted="0" notRunnable="0" notExecuted="0" disconnected="0" warning="0" completed="0" inProgress="0" pending="0" />
    <Output>
      <StdOut>[xUnit.net 00:00:00.00] xUnit.net VSTest Adapter v2.4.5+1caef2f33e (64-bit .NET 6.0.3)&#xD;
[xUnit.net 00:00:00.47]   Discovering: BL.Tests&#xD;
[xUnit.net 00:00:00.66]   Discovered:  BL.Tests&#xD;
[xUnit.net 00:00:00.67]   Starting:    BL.Tests&#xD;
[xUnit.net 00:00:00.92]   Finished:    BL.Tests&#xD;
</StdOut>
    </Output>
  </ResultSummary>
</TestRun>