<?xml version="1.0" encoding="utf-8"?>
<TestRun id="160032c4-403a-4557-bfbc-94aac08fe388" name="alena@DESKTOP-TJ9D65N 2022-10-15 20:34:30" runUser="DESKTOP-TJ9D65N\alena" xmlns="http://microsoft.com/schemas/VisualStudio/TeamTest/2010">
  <Times creation="2022-10-15T20:34:30.0456435+03:00" queuing="2022-10-15T20:34:30.0456437+03:00" start="2022-10-15T20:34:28.6033092+03:00" finish="2022-10-15T20:34:30.1109929+03:00" />
  <TestSettings name="default" id="ea7c5a8b-01d0-4cf7-8b30-d51082a62079">
    <Deployment runDeploymentRoot="alena_DESKTOP-TJ9D65N_2022-10-15_20_34_30" />
  </TestSettings>
  <Results>
    <UnitTestResult executionId="2115e504-adf9-4dcb-b285-e339c4b2e256" testId="8184bd30-991c-b78d-b4ec-99a485eac0dd" testName="BL.Tests.UsersServiceTests.TestRegisterUserWithNoEmail" computerName="DESKTOP-TJ9D65N" duration="00:00:00.0027760" startTime="2022-10-15T20:34:29.9971092+03:00" endTime="2022-10-15T20:34:29.9971093+03:00" testType="13cdc9d9-ddb5-4fa4-a97d-d965ccfc6d4b" outcome="Passed" testListId="8c84fa94-04c1-424b-9868-57a2d4851a1d" relativeResultsDirectory="2115e504-adf9-4dcb-b285-e339c4b2e256" />
    <UnitTestResult executionId="0fdd3463-01b6-4f3b-b511-2d19cdc1adfd" testId="e2d7e5be-3dae-33ae-fb17-c704b6fd58d6" testName="BL.Tests.CheckPermissionsServiceTests.UnauthorizedHasNoAccessToAdminFunctions" computerName="DESKTOP-TJ9D65N" duration="00:00:00.0020948" startTime="2022-10-15T20:34:30.0275398+03:00" endTime="2022-10-15T20:34:30.0275400+03:00" testType="13cdc9d9-ddb5-4fa4-a97d-d965ccfc6d4b" outcome="Passed" testListId="8c84fa94-04c1-424b-9868-57a2d4851a1d" relativeResultsDirectory="0fdd3463-01b6-4f3b-b511-2d19cdc1adfd" />
    <UnitTestResult executionId="34f715bd-10ac-4116-a8a2-737219c125bc" testId="5f752c11-6872-4d1d-c725-524774c21093" testName="BL.Tests.TurnstilesServiceTest.TestAdminUpdateTurnstileAsync(userID: 145, turnstile: Turnstile { TurnstileID = 195, LiftID = 85, IsOpen = True }, checkPermissionServiceMock: Mock&lt;ICheckPermissionService:14&gt;, turnstilesRepositoryStub: Mock&lt;ITurnstilesRepository:8&gt;, sut: TurnstilesService { })" computerName="DESKTOP-TJ9D65N" duration="00:00:00.0329559" startTime="2022-10-15T20:34:29.9096828+03:00" endTime="2022-10-15T20:34:29.9097148+03:00" testType="13cdc9d9-ddb5-4fa4-a97d-d965ccfc6d4b" outcome="Passed" testListId="8c84fa94-04c1-424b-9868-57a2d4851a1d" relativeResultsDirectory="34f715bd-10ac-4116-a8a2-737219c125bc" />
    <UnitTestResult executionId="c109759f-3fba-4120-a5e6-152750d1b862" testId="39be9b5e-0bc4-57dc-37d3-aec6b520299d" testName="BL.Tests.LiftsSlopesServiceTests.TestGetLiftsSlopesInfoAsync(liftsSlopes: [LiftSlope { RecordID = 115, LiftID = 160, SlopeID = 108 }, LiftSlope { RecordID = 205, LiftID = 57, SlopeID = 162 }, LiftSlope { RecordID = 112, LiftID = 34, SlopeID = 141 }], slopesRepositoryStub: Mock&lt;ISlopesRepository:1&gt;, liftsRepositoryStub: Mock&lt;ILiftsRepository:6&gt;, liftsSlopesRepositoryStub: Mock&lt;ILiftsSlopesRepository:6&gt;)" computerName="DESKTOP-TJ9D65N" duration="00:00:00.0041155" startTime="2022-10-15T20:34:30.0068467+03:00" endTime="2022-10-15T20:34:30.0068469+03:00" testType="13cdc9d9-ddb5-4fa4-a97d-d965ccfc6d4b" outcome="Passed" testListId="8c84fa94-04c1-424b-9868-57a2d4851a1d" relativeResultsDirectory="c109759f-3fba-4120-a5e6-152750d1b862" />
    <UnitTestResult executionId="32584883-e834-4d7e-84a2-98a1f8f4e6e2" testId="06d0bc3a-24a0-fb7f-4277-e9ae6d21c7dd" testName="BL.Tests.UsersServiceTests.TestAdminUpdateUser" computerName="DESKTOP-TJ9D65N" duration="00:00:00.0061004" startTime="2022-10-15T20:34:30.0085534+03:00" endTime="2022-10-15T20:34:30.0085535+03:00" testType="13cdc9d9-ddb5-4fa4-a97d-d965ccfc6d4b" outcome="Passed" testListId="8c84fa94-04c1-424b-9868-57a2d4851a1d" relativeResultsDirectory="32584883-e834-4d7e-84a2-98a1f8f4e6e2" />
    <UnitTestResult executionId="2938f6b3-0c01-4c9d-99b6-fb90c8911f9a" testId="61e98b7f-0487-9a0f-459f-e5bab8204a85" testName="BL.Tests.SlopesServiceTest.TestUpdateSlopeInfoAsync(userID: 56, slope: Slope { SlopeID = 71, SlopeName = slopeNamea949937a-41f4-4353-bacf-ab3c4aef46d1, IsOpen = True, DifficultyLevel = 3, ConnectedLifts =  }, checkPermissionServiceMock: Mock&lt;ICheckPermissionService:8&gt;, slopesRepositoryStub: Mock&lt;ISlopesRepository:6&gt;, sut: SlopesService { })" computerName="DESKTOP-TJ9D65N" duration="00:00:00.0061052" startTime="2022-10-15T20:34:30.0142069+03:00" endTime="2022-10-15T20:34:30.0142070+03:00" testType="13cdc9d9-ddb5-4fa4-a97d-d965ccfc6d4b" outcome="Passed" testListId="8c84fa94-04c1-424b-9868-57a2d4851a1d" relativeResultsDirectory="2938f6b3-0c01-4c9d-99b6-fb90c8911f9a" />
    <UnitTestResult executionId="cd539991-7afa-483a-a859-454f7d6a1a88" testId="c36970dc-93f7-753e-fa47-157133b01644" testName="BL.Tests.CheckPermissionsServiceTests.SkiPatrolHasAccessToAdminSkiPatrolFunctions(functionName: &quot;GetMessagesAsync&quot;)" computerName="DESKTOP-TJ9D65N" duration="00:00:00.0011535" startTime="2022-10-15T20:34:30.0097308+03:00" endTime="2022-10-15T20:34:30.0097308+03:00" testType="13cdc9d9-ddb5-4fa4-a97d-d965ccfc6d4b" outcome="Passed" testListId="8c84fa94-04c1-424b-9868-57a2d4851a1d" relativeResultsDirectory="cd539991-7afa-483a-a859-454f7d6a1a88" />
    <UnitTestResult executionId="53425f72-d557-4b3e-af5d-75248a7f2ff8" testId="aa28a6b3-21d3-aa45-24d3-bef2facbc899" testName="BL.Tests.CheckPermissionsServiceTests.AuthorizedHasAccessToAuthorizedFunctions(functionName: &quot;LogOutAsync&quot;)" computerName="DESKTOP-TJ9D65N" duration="00:00:00.0012612" startTime="2022-10-15T20:34:30.0232628+03:00" endTime="2022-10-15T20:34:30.0232630+03:00" testType="13cdc9d9-ddb5-4fa4-a97d-d965ccfc6d4b" outcome="Passed" testListId="8c84fa94-04c1-424b-9868-57a2d4851a1d" relativeResultsDirectory="53425f72-d557-4b3e-af5d-75248a7f2ff8" />
    <UnitTestResult executionId="b04a648c-6966-44bf-bbe7-ea0a84070cb4" testId="1d4a81d1-6fcd-b407-9815-62ceeb9628f3" testName="BL.Tests.TurnstilesServiceTest.TestAdminGetTurnstileAsync(userID: 147, turnstile: Turnstile { TurnstileID = 84, LiftID = 4, IsOpen = True }, checkPermissionServiceMock: Mock&lt;ICheckPermissionService:12&gt;, turnstilesRepositoryStub: Mock&lt;ITurnstilesRepository:6&gt;, sut: TurnstilesService { })" computerName="DESKTOP-TJ9D65N" duration="00:00:00.0051199" startTime="2022-10-15T20:34:29.9972263+03:00" endTime="2022-10-15T20:34:29.9972264+03:00" testType="13cdc9d9-ddb5-4fa4-a97d-d965ccfc6d4b" outcome="Passed" testListId="8c84fa94-04c1-424b-9868-57a2d4851a1d" relativeResultsDirectory="b04a648c-6966-44bf-bbe7-ea0a84070cb4" />
    <UnitTestResult executionId="44969781-ea7b-4126-925b-eeaece4ebe05" testId="834c739b-eca4-b36d-6a66-5a1bd75377b8" testName="BL.Tests.UsersServiceTests.TestAdminAddAutoIncrementUser" computerName="DESKTOP-TJ9D65N" duration="00:00:00.0070162" startTime="2022-10-15T20:34:30.0216477+03:00" endTime="2022-10-15T20:34:30.0216479+03:00" testType="13cdc9d9-ddb5-4fa4-a97d-d965ccfc6d4b" outcome="Passed" testListId="8c84fa94-04c1-424b-9868-57a2d4851a1d" relativeResultsDirectory="44969781-ea7b-4126-925b-eeaece4ebe05" />
    <UnitTestResult executionId="14bfc156-f0be-4105-a130-5ca49f17b40b" testId="eaabd2fc-2f4b-5689-59c8-c7ad34a8f634" testName="BL.Tests.CheckPermissionsServiceTests.UnauthorizedHasNoAccessToAuthorizedFunctions(functionName: &quot;SendMessageAsync&quot;)" computerName="DESKTOP-TJ9D65N" duration="00:00:00.0040187" startTime="2022-10-15T20:34:30.0066942+03:00" endTime="2022-10-15T20:34:30.0066942+03:00" testType="13cdc9d9-ddb5-4fa4-a97d-d965ccfc6d4b" outcome="Passed" testListId="8c84fa94-04c1-424b-9868-57a2d4851a1d" relativeResultsDirectory="14bfc156-f0be-4105-a130-5ca49f17b40b" />
    <UnitTestResult executionId="d5de943d-f247-4436-97ee-4135c3f1f5f6" testId="644ec43e-70cd-c82d-42e7-0d990be1414d" testName="BL.Tests.CheckPermissionsServiceTests.AuthorizedHasAccessToAuthorizedFunctions(functionName: &quot;SendMessageAsync&quot;)" computerName="DESKTOP-TJ9D65N" duration="00:00:00.0016294" startTime="2022-10-15T20:34:30.0198450+03:00" endTime="2022-10-15T20:34:30.0198451+03:00" testType="13cdc9d9-ddb5-4fa4-a97d-d965ccfc6d4b" outcome="Passed" testListId="8c84fa94-04c1-424b-9868-57a2d4851a1d" relativeResultsDirectory="d5de943d-f247-4436-97ee-4135c3f1f5f6" />
    <UnitTestResult executionId="65cd334a-d73a-4fec-8732-28474fca93f2" testId="387c9729-48c1-486e-5e67-f5d11a9f0db8" testName="BL.Tests.CheckPermissionsServiceTests.UnauthorizedHasNoAccessToAdminSkiPatrolFunctions(functionName: &quot;GetLiftsSlopesInfoAsync&quot;)" computerName="DESKTOP-TJ9D65N" duration="00:00:00.0014123" startTime="2022-10-15T20:34:29.9969323+03:00" endTime="2022-10-15T20:34:29.9969324+03:00" testType="13cdc9d9-ddb5-4fa4-a97d-d965ccfc6d4b" outcome="Passed" testListId="8c84fa94-04c1-424b-9868-57a2d4851a1d" relativeResultsDirectory="65cd334a-d73a-4fec-8732-28474fca93f2" />
    <UnitTestResult executionId="d46f6a9c-0b97-4d51-af1f-41376437a0e8" testId="fb33a7d5-c01f-893b-e28d-c35699e648c5" testName="BL.Tests.LiftsServiceTest.TestAdminDeleteLiftAsync(userID: 248, lift: Lift { LiftID = 61, LiftName = liftName8652f6f8-70fe-4edf-b438-0422323ffd4f, IsOpen = True, SeatsAmount = 213, LiftingTime = 128, QueueTime = 112, ConnectedSlopes =  }, checkPermissionServiceMock: Mock&lt;ICheckPermissionService:4&gt;, liftsRepositoryStub: Mock&lt;ILiftsRepository:4&gt;, liftsSlopesRepositoryStub: Mock&lt;ILiftsSlopesRepository:4&gt;, sut: LiftsService { })" computerName="DESKTOP-TJ9D65N" duration="00:00:00.0587377" startTime="2022-10-15T20:34:29.9321382+03:00" endTime="2022-10-15T20:34:29.9321384+03:00" testType="13cdc9d9-ddb5-4fa4-a97d-d965ccfc6d4b" outcome="Passed" testListId="8c84fa94-04c1-424b-9868-57a2d4851a1d" relativeResultsDirectory="d46f6a9c-0b97-4d51-af1f-41376437a0e8" />
    <UnitTestResult executionId="2256b853-a7bc-419e-8633-66dede004bd4" testId="1e5817d7-dd3e-4b0e-bfbb-c26f53590143" testName="BL.Tests.SlopesServiceTest.TestGetSlopesInfoAsync(userID: 89, initialSlopes: [Slope { SlopeID = 22, SlopeName = slopeName74a47cf6-79a3-4838-8605-c89405e4def4, IsOpen = True, DifficultyLevel = 130, ConnectedLifts =  }, Slope { SlopeID = 82, SlopeName = slopeName0d1eaecb-eee6-47ed-bc28-709f60629207, IsOpen = False, DifficultyLevel = 87, ConnectedLifts =  }, Slope { SlopeID = 150, SlopeName = slopeName8315edb9-221b-4759-979f-488396785364, IsOpen = True, DifficultyLevel = 225, ConnectedLifts =  }], checkPermissionServiceMock: Mock&lt;ICheckPermissionService:7&gt;, slopesRepositoryStub: Mock&lt;ISlopesRepository:5&gt;, liftsSlopesRepositoryStub: Mock&lt;ILiftsSlopesRepository:10&gt;, sut: SlopesService { })" computerName="DESKTOP-TJ9D65N" duration="00:00:00.0636898" startTime="2022-10-15T20:34:29.9372117+03:00" endTime="2022-10-15T20:34:29.9372119+03:00" testType="13cdc9d9-ddb5-4fa4-a97d-d965ccfc6d4b" outcome="Passed" testListId="8c84fa94-04c1-424b-9868-57a2d4851a1d" relativeResultsDirectory="2256b853-a7bc-419e-8633-66dede004bd4" />
    <UnitTestResult executionId="03f65471-1cfc-45ce-9a66-6e685e4400d0" testId="1d818d2c-964f-ae46-4155-34413017f56c" testName="BL.Tests.TurnstilesServiceTest.TestAdminAddAutoIncrementTurnstileAsync(userID: 178, turnstile: Turnstile { TurnstileID = 253, LiftID = 212, IsOpen = True }, checkPermissionServiceMock: Mock&lt;ICheckPermissionService:16&gt;, turnstilesRepositoryStub: Mock&lt;ITurnstilesRepository:10&gt;, sut: TurnstilesService { })" computerName="DESKTOP-TJ9D65N" duration="00:00:00.0082340" startTime="2022-10-15T20:34:30.0087531+03:00" endTime="2022-10-15T20:34:30.0087532+03:00" testType="13cdc9d9-ddb5-4fa4-a97d-d965ccfc6d4b" outcome="Passed" testListId="8c84fa94-04c1-424b-9868-57a2d4851a1d" relativeResultsDirectory="03f65471-1cfc-45ce-9a66-6e685e4400d0" />
    <UnitTestResult executionId="23336637-b1f4-4145-a432-757ad3864562" testId="a19a5fcf-c5d2-7d44-5d7d-84403042f4e0" testName="BL.Tests.CheckPermissionsServiceTests.UnauthorizedHasNoAccessToAdminSkiPatrolFunctions(functionName: &quot;MarkMessageReadByUserAsync&quot;)" computerName="DESKTOP-TJ9D65N" duration="00:00:00.0317698" startTime="2022-10-15T20:34:29.9141497+03:00" endTime="2022-10-15T20:34:29.9141498+03:00" testType="13cdc9d9-ddb5-4fa4-a97d-d965ccfc6d4b" outcome="Passed" testListId="8c84fa94-04c1-424b-9868-57a2d4851a1d" relativeResultsDirectory="23336637-b1f4-4145-a432-757ad3864562" />
    <UnitTestResult executionId="642447bc-bce2-4e5b-b977-692c7264dcaa" testId="4f297306-d4f3-8d63-e7f4-1ac0b8c58c74" testName="BL.Tests.CheckPermissionsServiceTests.AuthorizedHasNoAccessToAdminSkiPatrolFunctions(functionName: &quot;GetLiftsSlopesInfoAsync&quot;)" computerName="DESKTOP-TJ9D65N" duration="00:00:00.0014050" startTime="2022-10-15T20:34:30.0160455+03:00" endTime="2022-10-15T20:34:30.0160456+03:00" testType="13cdc9d9-ddb5-4fa4-a97d-d965ccfc6d4b" outcome="Passed" testListId="8c84fa94-04c1-424b-9868-57a2d4851a1d" relativeResultsDirectory="642447bc-bce2-4e5b-b977-692c7264dcaa" />
    <UnitTestResult executionId="332c7991-1b2a-4477-b33a-f4b617d48c39" testId="f3efc418-a8a6-c7b7-9bac-90b33aa8472f" testName="BL.Tests.CheckPermissionsServiceTests.AdminHasAccessToAllFunctions" computerName="DESKTOP-TJ9D65N" duration="00:00:00.0019268" startTime="2022-10-15T20:34:30.0364819+03:00" endTime="2022-10-15T20:34:30.0364820+03:00" testType="13cdc9d9-ddb5-4fa4-a97d-d965ccfc6d4b" outcome="Passed" testListId="8c84fa94-04c1-424b-9868-57a2d4851a1d" relativeResultsDirectory="332c7991-1b2a-4477-b33a-f4b617d48c39" />
    <UnitTestResult executionId="2af4323a-5f25-4057-92c6-0ef48ab8e670" testId="5b4acd38-aeed-9139-918a-2c895dd8ac91" testName="BL.Tests.SlopesServiceTest.TestGetSlopeInfoAsync(userID: 75, slope: Slope { SlopeID = 10, SlopeName = slopeName9c683da8-521e-4755-91b4-224c774b7ad2, IsOpen = True, DifficultyLevel = 224, ConnectedLifts =  }, checkPermissionServiceMock: Mock&lt;ICheckPermissionService:6&gt;, slopesRepositoryStub: Mock&lt;ISlopesRepository:4&gt;, liftsSlopesRepositoryStub: Mock&lt;ILiftsSlopesRepository:9&gt;, sut: SlopesService { })" computerName="DESKTOP-TJ9D65N" duration="00:00:00.0073228" startTime="2022-10-15T20:34:30.0089511+03:00" endTime="2022-10-15T20:34:30.0089512+03:00" testType="13cdc9d9-ddb5-4fa4-a97d-d965ccfc6d4b" outcome="Passed" testListId="8c84fa94-04c1-424b-9868-57a2d4851a1d" relativeResultsDirectory="2af4323a-5f25-4057-92c6-0ef48ab8e670" />
    <UnitTestResult executionId="bb55baf6-8d2a-43ed-8531-aa22f8537df6" testId="4627284f-e74d-d3af-45a3-c0c4ac5691de" testName="BL.Tests.LiftsSlopesServiceTests.TestAdminAddAutoIncrementLiftSlopeAsync(lift: Lift { LiftID = 194, LiftName = liftName07dcc3ff-583e-4920-8ff6-fc4194f02f06, IsOpen = True, SeatsAmount = 9, LiftingTime = 197, QueueTime = 99, ConnectedSlopes =  }, slope: Slope { SlopeID = 231, SlopeName = slopeName6ee71a06-617a-40ad-b05e-8a487dfdd384, IsOpen = False, DifficultyLevel = 106, ConnectedLifts =  }, slopesRepositoryStub: Mock&lt;ISlopesRepository:3&gt;, liftsRepositoryStub: Mock&lt;ILiftsRepository:8&gt;, liftsSlopesRepositoryStub: Mock&lt;ILiftsSlopesRepository:8&gt;)" computerName="DESKTOP-TJ9D65N" duration="00:00:00.0093026" startTime="2022-10-15T20:34:29.9973756+03:00" endTime="2022-10-15T20:34:29.9973757+03:00" testType="13cdc9d9-ddb5-4fa4-a97d-d965ccfc6d4b" outcome="Passed" testListId="8c84fa94-04c1-424b-9868-57a2d4851a1d" relativeResultsDirectory="bb55baf6-8d2a-43ed-8531-aa22f8537df6" />
    <UnitTestResult executionId="0bda67f3-670e-46ec-8d40-e96159e634a9" testId="18fa8c62-e27d-e1fc-8182-4d7db62b008d" testName="BL.Tests.UsersServiceTests.TestAdminDeleteUser" computerName="DESKTOP-TJ9D65N" duration="00:00:00.0032815" startTime="2022-10-15T20:34:30.0326510+03:00" endTime="2022-10-15T20:34:30.0326511+03:00" testType="13cdc9d9-ddb5-4fa4-a97d-d965ccfc6d4b" outcome="Passed" testListId="8c84fa94-04c1-424b-9868-57a2d4851a1d" relativeResultsDirectory="0bda67f3-670e-46ec-8d40-e96159e634a9" />
    <UnitTestResult executionId="dd9b5895-3ea6-4987-b7ce-f27b495dd961" testId="89c7db17-0b50-30b1-bbdc-9d400060bd6a" testName="BL.Tests.LiftsServiceTest.TestGetLiftInfoAsync(userID: 199, lift: Lift { LiftID = 173, LiftName = liftNameda775df2-5c7b-4770-afd0-49f85b79f794, IsOpen = True, SeatsAmount = 178, LiftingTime = 102, QueueTime = 31, ConnectedSlopes =  }, checkPermissionServiceMock: Mock&lt;ICheckPermissionService:1&gt;, liftsRepositoryStub: Mock&lt;ILiftsRepository:1&gt;, liftsSlopesRepositoryStub: Mock&lt;ILiftsSlopesRepository:1&gt;, sut: LiftsService { })" computerName="DESKTOP-TJ9D65N" duration="00:00:00.0062293" startTime="2022-10-15T20:34:30.0098337+03:00" endTime="2022-10-15T20:34:30.0098337+03:00" testType="13cdc9d9-ddb5-4fa4-a97d-d965ccfc6d4b" outcome="Passed" testListId="8c84fa94-04c1-424b-9868-57a2d4851a1d" relativeResultsDirectory="dd9b5895-3ea6-4987-b7ce-f27b495dd961" />
    <UnitTestResult executionId="47619d1e-886b-49f5-9faa-8266aca7718d" testId="5d343836-9913-31ef-ca06-b0dc78b5279b" testName="BL.Tests.LiftsServiceTest.TestUpdateLiftInfoAsync(userID: 116, lift: Lift { LiftID = 241, LiftName = liftName383a2a10-4363-4439-a90f-c924ba011051, IsOpen = True, SeatsAmount = 81, LiftingTime = 206, QueueTime = 84, ConnectedSlopes =  }, checkPermissionServiceMock: Mock&lt;ICheckPermissionService:3&gt;, liftsRepositoryStub: Mock&lt;ILiftsRepository:3&gt;, sut: LiftsService { })" computerName="DESKTOP-TJ9D65N" duration="00:00:00.0064244" startTime="2022-10-15T20:34:30.0069207+03:00" endTime="2022-10-15T20:34:30.0069208+03:00" testType="13cdc9d9-ddb5-4fa4-a97d-d965ccfc6d4b" outcome="Passed" testListId="8c84fa94-04c1-424b-9868-57a2d4851a1d" relativeResultsDirectory="47619d1e-886b-49f5-9faa-8266aca7718d" />
    <UnitTestResult executionId="fc638e1a-48ce-4611-9170-41c6c1c73949" testId="492c0393-35b4-df26-a537-21ca08302f3c" testName="BL.Tests.CheckPermissionsServiceTests.SkiPatrolHasNoAccessToAdminFunctions" computerName="DESKTOP-TJ9D65N" duration="00:00:00.0023318" startTime="2022-10-15T20:34:30.0323671+03:00" endTime="2022-10-15T20:34:30.0323672+03:00" testType="13cdc9d9-ddb5-4fa4-a97d-d965ccfc6d4b" outcome="Passed" testListId="8c84fa94-04c1-424b-9868-57a2d4851a1d" relativeResultsDirectory="fc638e1a-48ce-4611-9170-41c6c1c73949" />
    <UnitTestResult executionId="d874c1e3-5276-465f-9349-a4356dbdc8c7" testId="1ca07ad8-f799-c5d4-e7cc-34fd950198a2" testName="BL.Tests.UsersServiceTests.TestLogInOk" computerName="DESKTOP-TJ9D65N" duration="00:00:00.0105501" startTime="2022-10-15T20:34:30.0100727+03:00" endTime="2022-10-15T20:34:30.0100727+03:00" testType="13cdc9d9-ddb5-4fa4-a97d-d965ccfc6d4b" outcome="Passed" testListId="8c84fa94-04c1-424b-9868-57a2d4851a1d" relativeResultsDirectory="d874c1e3-5276-465f-9349-a4356dbdc8c7" />
    <UnitTestResult executionId="43d0bd7f-17df-4099-9f51-d5308a880597" testId="60bd668f-04df-da5e-b79b-5d9aedb5234d" testName="BL.Tests.CheckPermissionsServiceTests.SkiPatrolHasAccessToAdminSkiPatrolFunctions(functionName: &quot;MarkMessageReadByUserAsync&quot;)" computerName="DESKTOP-TJ9D65N" duration="00:00:00.0011991" startTime="2022-10-15T20:34:30.0088306+03:00" endTime="2022-10-15T20:34:30.0088306+03:00" testType="13cdc9d9-ddb5-4fa4-a97d-d965ccfc6d4b" outcome="Passed" testListId="8c84fa94-04c1-424b-9868-57a2d4851a1d" relativeResultsDirectory="43d0bd7f-17df-4099-9f51-d5308a880597" />
    <UnitTestResult executionId="7d157307-9964-40b9-8faf-b80ff59cfa37" testId="86135cd7-2a76-3ef9-f87b-2069f547c7eb" testName="BL.Tests.LiftsServiceTest.TestAdminAddAutoIncrementLiftAsync(userID: 37, lift: Lift { LiftID = 29, LiftName = liftName45702df0-37ec-446c-9272-45f4cf7aeb02, IsOpen = True, SeatsAmount = 176, LiftingTime = 129, QueueTime = 194, ConnectedSlopes =  }, checkPermissionServiceMock: Mock&lt;ICheckPermissionService:5&gt;, liftsRepositoryStub: Mock&lt;ILiftsRepository:5&gt;, sut: LiftsService { })" computerName="DESKTOP-TJ9D65N" duration="00:00:00.0108410" startTime="2022-10-15T20:34:30.0087844+03:00" endTime="2022-10-15T20:34:30.0087844+03:00" testType="13cdc9d9-ddb5-4fa4-a97d-d965ccfc6d4b" outcome="Passed" testListId="8c84fa94-04c1-424b-9868-57a2d4851a1d" relativeResultsDirectory="7d157307-9964-40b9-8faf-b80ff59cfa37" />
    <UnitTestResult executionId="6756d928-d042-4bc2-9ef9-7a4e09fd8fad" testId="ef57dca1-5eac-a0b0-7a53-1a80385f663a" testName="BL.Tests.TurnstilesServiceTest.TestAdminGetTurnstilesAsync(userID: 134, initialTurnstiles: [Turnstile { TurnstileID = 219, LiftID = 153, IsOpen = True }, Turnstile { TurnstileID = 172, LiftID = 64, IsOpen = False }, Turnstile { TurnstileID = 60, LiftID = 203, IsOpen = True }], checkPermissionServiceMock: Mock&lt;ICheckPermissionService:13&gt;, turnstilesRepositoryStub: Mock&lt;ITurnstilesRepository:7&gt;, sut: TurnstilesService { })" computerName="DESKTOP-TJ9D65N" duration="00:00:00.0044662" startTime="2022-10-15T20:34:30.0066198+03:00" endTime="2022-10-15T20:34:30.0066200+03:00" testType="13cdc9d9-ddb5-4fa4-a97d-d965ccfc6d4b" outcome="Passed" testListId="8c84fa94-04c1-424b-9868-57a2d4851a1d" relativeResultsDirectory="6756d928-d042-4bc2-9ef9-7a4e09fd8fad" />
    <UnitTestResult executionId="357334bd-d7ac-4194-96d2-8735ee484b97" testId="9566ba54-7e79-cc8c-05fb-74f2c84fc7d9" testName="BL.Tests.SlopesServiceTest.TestAdminAddAutoIncrementSlopeAsync(userID: 153, slope: Slope { SlopeID = 212, SlopeName = slopeName5c4fb6b7-80e7-4aca-b9fb-110371869954, IsOpen = True, DifficultyLevel = 107, ConnectedLifts =  }, checkPermissionServiceMock: Mock&lt;ICheckPermissionService:10&gt;, slopesRepositoryStub: Mock&lt;ISlopesRepository:8&gt;, sut: SlopesService { })" computerName="DESKTOP-TJ9D65N" duration="00:00:00.0156004" startTime="2022-10-15T20:34:30.0100398+03:00" endTime="2022-10-15T20:34:30.0100399+03:00" testType="13cdc9d9-ddb5-4fa4-a97d-d965ccfc6d4b" outcome="Passed" testListId="8c84fa94-04c1-424b-9868-57a2d4851a1d" relativeResultsDirectory="357334bd-d7ac-4194-96d2-8735ee484b97" />
    <UnitTestResult executionId="27f659ec-69c8-4937-ad78-d419148aabec" testId="2602613f-c8e2-a6d9-fcf7-5b27d4a770a6" testName="BL.Tests.CheckPermissionsServiceTests.AuthorizedHasNoAccessToAdminSkiPatrolFunctions(functionName: &quot;GetMessagesAsync&quot;)" computerName="DESKTOP-TJ9D65N" duration="00:00:00.0104098" startTime="2022-10-15T20:34:30.0101152+03:00" endTime="2022-10-15T20:34:30.0101152+03:00" testType="13cdc9d9-ddb5-4fa4-a97d-d965ccfc6d4b" outcome="Passed" testListId="8c84fa94-04c1-424b-9868-57a2d4851a1d" relativeResultsDirectory="27f659ec-69c8-4937-ad78-d419148aabec" />
    <UnitTestResult executionId="35a9ebaf-d6ec-4c79-895b-ed1d86573d07" testId="2d706594-f2b3-b3c8-21d4-86c9798c3306" testName="BL.Tests.CheckPermissionsServiceTests.SkiPatrolHasAccessToAdminSkiPatrolFunctions(functionName: &quot;GetLiftsSlopesInfoAsync&quot;)" computerName="DESKTOP-TJ9D65N" duration="00:00:00.0058361" startTime="2022-10-15T20:34:30.0085754+03:00" endTime="2022-10-15T20:34:30.0085754+03:00" testType="13cdc9d9-ddb5-4fa4-a97d-d965ccfc6d4b" outcome="Passed" testListId="8c84fa94-04c1-424b-9868-57a2d4851a1d" relativeResultsDirectory="35a9ebaf-d6ec-4c79-895b-ed1d86573d07" />
    <UnitTestResult executionId="4c3e2cab-1213-4765-9d23-bb79f4d1857e" testId="bdf45a0e-cdf2-d5e7-35a4-05e398a2ce6a" testName="BL.Tests.SlopesServiceTest.TestAdminAddSlopeAsync(userID: 230, slope: Slope { SlopeID = 63, SlopeName = slopeName93bb5406-c279-4954-bf0a-0310b91d8753, IsOpen = True, DifficultyLevel = 211, ConnectedLifts =  }, checkPermissionServiceMock: Mock&lt;ICheckPermissionService:11&gt;, slopesRepositoryStub: Mock&lt;ISlopesRepository:9&gt;, sut: SlopesService { })" computerName="DESKTOP-TJ9D65N" duration="00:00:00.0122920" startTime="2022-10-15T20:34:30.0065434+03:00" endTime="2022-10-15T20:34:30.0065435+03:00" testType="13cdc9d9-ddb5-4fa4-a97d-d965ccfc6d4b" outcome="Passed" testListId="8c84fa94-04c1-424b-9868-57a2d4851a1d" relativeResultsDirectory="4c3e2cab-1213-4765-9d23-bb79f4d1857e" />
    <UnitTestResult executionId="a7e40944-6b8d-444f-a97c-25df0157afd9" testId="e4208341-8141-293a-2ece-9b2eec40072d" testName="BL.Tests.LiftsServiceTest.TestGetLiftsInfoAsync(userID: 240, initialLifts: [Lift { LiftID = 247, LiftName = liftNamea39e92d1-3dfc-4643-b07d-9007df60263e, IsOpen = True, SeatsAmount = 126, LiftingTime = 12, QueueTime = 78, ConnectedSlopes =  }, Lift { LiftID = 56, LiftName = liftName3a8096c9-b7b2-4412-8c4d-89b8f633c5c6, IsOpen = False, SeatsAmount = 193, LiftingTime = 184, QueueTime = 127, ConnectedSlopes =  }, Lift { LiftID = 172, LiftName = liftName880a89d8-1398-4709-bcc5-a0fcf1e0b804, IsOpen = True, SeatsAmount = 6, LiftingTime = 153, QueueTime = 245, ConnectedSlopes =  }], checkPermissionServiceMock: Mock&lt;ICheckPermissionService:2&gt;, liftsRepositoryStub: Mock&lt;ILiftsRepository:2&gt;, liftsSlopesRepositoryStub: Mock&lt;ILiftsSlopesRepository:2&gt;, sut: LiftsService { })" computerName="DESKTOP-TJ9D65N" duration="00:00:00.0120276" startTime="2022-10-15T20:34:29.9973271+03:00" endTime="2022-10-15T20:34:29.9973271+03:00" testType="13cdc9d9-ddb5-4fa4-a97d-d965ccfc6d4b" outcome="Passed" testListId="8c84fa94-04c1-424b-9868-57a2d4851a1d" relativeResultsDirectory="a7e40944-6b8d-444f-a97c-25df0157afd9" />
    <UnitTestResult executionId="e1f52c04-b1e5-43f4-830d-fe483e76cd11" testId="e5497347-2721-b7a6-0bd4-69a9921f6947" testName="BL.Tests.UsersServiceTests.TestAdminGetUserByIDAsync" computerName="DESKTOP-TJ9D65N" duration="00:00:00.0034107" startTime="2022-10-15T20:34:30.0269751+03:00" endTime="2022-10-15T20:34:30.0269752+03:00" testType="13cdc9d9-ddb5-4fa4-a97d-d965ccfc6d4b" outcome="Passed" testListId="8c84fa94-04c1-424b-9868-57a2d4851a1d" relativeResultsDirectory="e1f52c04-b1e5-43f4-830d-fe483e76cd11" />
    <UnitTestResult executionId="8ce333d3-a6ad-4ccd-9b9e-c3ad042433fe" testId="f44a1b21-8efc-bfac-63b4-d534442def31" testName="BL.Tests.UsersServiceTests.TestRegisterUserWithNoPassword" computerName="DESKTOP-TJ9D65N" duration="00:00:00.0016126" startTime="2022-10-15T20:34:29.9974144+03:00" endTime="2022-10-15T20:34:29.9974144+03:00" testType="13cdc9d9-ddb5-4fa4-a97d-d965ccfc6d4b" outcome="Passed" testListId="8c84fa94-04c1-424b-9868-57a2d4851a1d" relativeResultsDirectory="8ce333d3-a6ad-4ccd-9b9e-c3ad042433fe" />
    <UnitTestResult executionId="a9cb1d3e-0da7-40bd-8021-1dd0563afe3a" testId="229812f5-9a73-5335-11f5-31330d1348a5" testName="BL.Tests.CheckPermissionsServiceTests.UnauthorizedHasNoAccessToAdminSkiPatrolFunctions(functionName: &quot;GetMessagesAsync&quot;)" computerName="DESKTOP-TJ9D65N" duration="00:00:00.0013460" startTime="2022-10-15T20:34:29.9972794+03:00" endTime="2022-10-15T20:34:29.9972795+03:00" testType="13cdc9d9-ddb5-4fa4-a97d-d965ccfc6d4b" outcome="Passed" testListId="8c84fa94-04c1-424b-9868-57a2d4851a1d" relativeResultsDirectory="a9cb1d3e-0da7-40bd-8021-1dd0563afe3a" />
    <UnitTestResult executionId="d904f717-56c7-48f3-a988-e421a3219cdb" testId="a2e59116-cb53-1d70-9cb8-21c286516866" testName="BL.Tests.CheckPermissionsServiceTests.AuthorizedHasNoAccessToAdminFunctions" computerName="DESKTOP-TJ9D65N" duration="00:00:00.0031465" startTime="2022-10-15T20:34:30.0098713+03:00" endTime="2022-10-15T20:34:30.0098714+03:00" testType="13cdc9d9-ddb5-4fa4-a97d-d965ccfc6d4b" outcome="Passed" testListId="8c84fa94-04c1-424b-9868-57a2d4851a1d" relativeResultsDirectory="d904f717-56c7-48f3-a988-e421a3219cdb" />
    <UnitTestResult executionId="a982097a-10a6-4546-a068-71d801a17c3d" testId="fa960c5e-f989-2880-784e-8efe538c5231" testName="BL.Tests.CheckPermissionsServiceTests.UnauthorizedHasNoAccessToAuthorizedFunctions(functionName: &quot;LogOutAsync&quot;)" computerName="DESKTOP-TJ9D65N" duration="00:00:00.0015394" startTime="2022-10-15T20:34:30.0070275+03:00" endTime="2022-10-15T20:34:30.0070275+03:00" testType="13cdc9d9-ddb5-4fa4-a97d-d965ccfc6d4b" outcome="Passed" testListId="8c84fa94-04c1-424b-9868-57a2d4851a1d" relativeResultsDirectory="a982097a-10a6-4546-a068-71d801a17c3d" />
    <UnitTestResult executionId="79b4d293-2de5-4417-863e-603f1e01ed29" testId="fb811c81-d314-320b-0c93-89405ef3f3b1" testName="BL.Tests.TurnstilesServiceTest.TestAdminDeleteTurnstileAsync(userID: 8, turnstile: Turnstile { TurnstileID = 146, LiftID = 154, IsOpen = True }, checkPermissionServiceMock: Mock&lt;ICheckPermissionService:15&gt;, turnstilesRepositoryStub: Mock&lt;ITurnstilesRepository:9&gt;, sut: TurnstilesService { })" computerName="DESKTOP-TJ9D65N" duration="00:00:00.0050697" startTime="2022-10-15T20:34:30.0071564+03:00" endTime="2022-10-15T20:34:30.0071565+03:00" testType="13cdc9d9-ddb5-4fa4-a97d-d965ccfc6d4b" outcome="Passed" testListId="8c84fa94-04c1-424b-9868-57a2d4851a1d" relativeResultsDirectory="79b4d293-2de5-4417-863e-603f1e01ed29" />
    <UnitTestResult executionId="ec1f4644-2bff-4ce4-8824-1e5308a10371" testId="69340bb6-3645-f9dd-971e-29d8b2a009bb" testName="BL.Tests.UsersServiceTests.TestLogInWithWrongPassword" computerName="DESKTOP-TJ9D65N" duration="00:00:00.0026286" startTime="2022-10-15T20:34:30.0118523+03:00" endTime="2022-10-15T20:34:30.0118525+03:00" testType="13cdc9d9-ddb5-4fa4-a97d-d965ccfc6d4b" outcome="Passed" testListId="8c84fa94-04c1-424b-9868-57a2d4851a1d" relativeResultsDirectory="ec1f4644-2bff-4ce4-8824-1e5308a10371" />
    <UnitTestResult executionId="15b94bb1-9a7b-4b93-8e1a-eefb6cc2c818" testId="0eeef75f-6e38-7893-a8fe-cff3e0a970a7" testName="BL.Tests.UsersServiceTests.TestRegisterOk" computerName="DESKTOP-TJ9D65N" duration="00:00:00.0104512" startTime="2022-10-15T20:34:30.0098556+03:00" endTime="2022-10-15T20:34:30.0098556+03:00" testType="13cdc9d9-ddb5-4fa4-a97d-d965ccfc6d4b" outcome="Passed" testListId="8c84fa94-04c1-424b-9868-57a2d4851a1d" relativeResultsDirectory="15b94bb1-9a7b-4b93-8e1a-eefb6cc2c818" />
    <UnitTestResult executionId="c398fa90-c0d3-4002-a806-515adaa96698" testId="804e1521-8afd-0dec-fee4-a4188b19cece" testName="BL.Tests.SlopesServiceTest.TestAdminDeleteSlopeAsync(userID: 80, slope: Slope { SlopeID = 21, SlopeName = slopeName187abca7-ab6d-4813-b138-4f68371a4116, IsOpen = True, DifficultyLevel = 41, ConnectedLifts =  }, checkPermissionServiceMock: Mock&lt;ICheckPermissionService:9&gt;, slopesRepositoryStub: Mock&lt;ISlopesRepository:7&gt;, liftsSlopesRepositoryStub: Mock&lt;ILiftsSlopesRepository:12&gt;, sut: SlopesService { })" computerName="DESKTOP-TJ9D65N" duration="00:00:00.0056772" startTime="2022-10-15T20:34:30.0084409+03:00" endTime="2022-10-15T20:34:30.0084410+03:00" testType="13cdc9d9-ddb5-4fa4-a97d-d965ccfc6d4b" outcome="Passed" testListId="8c84fa94-04c1-424b-9868-57a2d4851a1d" relativeResultsDirectory="c398fa90-c0d3-4002-a806-515adaa96698" />
    <UnitTestResult executionId="42b326b3-df1f-4e5e-84ee-6823927e7f69" testId="29c64362-09da-dbef-44d5-b7e4f59cf75e" testName="BL.Tests.LiftsSlopesServiceTests.TestAdminDeleteLiftSlopeAsync(lift: Lift { LiftID = 199, LiftName = liftName1394ca86-988f-4cce-bc60-c07f5f80e622, IsOpen = True, SeatsAmount = 192, LiftingTime = 187, QueueTime = 45, ConnectedSlopes =  }, slope: Slope { SlopeID = 70, SlopeName = slopeName3613af48-f553-4cb2-8e22-5c065f0564aa, IsOpen = False, DifficultyLevel = 225, ConnectedLifts =  }, slopesRepositoryStub: Mock&lt;ISlopesRepository:2&gt;, liftsRepositoryStub: Mock&lt;ILiftsRepository:7&gt;, liftsSlopesRepositoryStub: Mock&lt;ILiftsSlopesRepository:7&gt;)" computerName="DESKTOP-TJ9D65N" duration="00:00:00.0319424" startTime="2022-10-15T20:34:29.9140863+03:00" endTime="2022-10-15T20:34:29.9140864+03:00" testType="13cdc9d9-ddb5-4fa4-a97d-d965ccfc6d4b" outcome="Passed" testListId="8c84fa94-04c1-424b-9868-57a2d4851a1d" relativeResultsDirectory="42b326b3-df1f-4e5e-84ee-6823927e7f69" />
    <UnitTestResult executionId="64c9f123-1a42-4901-bb44-edf097c5f9c8" testId="20ad8570-0170-85de-dcd7-2f109dd7bcd6" testName="BL.Tests.UsersServiceTests.TestAdminGetUsers" computerName="DESKTOP-TJ9D65N" duration="00:00:00.0387576" startTime="2022-10-15T20:34:29.9142000+03:00" endTime="2022-10-15T20:34:29.9142000+03:00" testType="13cdc9d9-ddb5-4fa4-a97d-d965ccfc6d4b" outcome="Passed" testListId="8c84fa94-04c1-424b-9868-57a2d4851a1d" relativeResultsDirectory="64c9f123-1a42-4901-bb44-edf097c5f9c8" />
    <UnitTestResult executionId="6b65f182-6f0d-4f5b-bfd1-38185266d4b5" testId="894941c1-bfa7-d8f9-c047-1e1ceefe2c2f" testName="BL.Tests.UsersServiceTests.TestRegisterUserWithRepeatedEmail" computerName="DESKTOP-TJ9D65N" duration="00:00:00.0041710" startTime="2022-10-15T20:34:30.0069448+03:00" endTime="2022-10-15T20:34:30.0069449+03:00" testType="13cdc9d9-ddb5-4fa4-a97d-d965ccfc6d4b" outcome="Passed" testListId="8c84fa94-04c1-424b-9868-57a2d4851a1d" relativeResultsDirectory="6b65f182-6f0d-4f5b-bfd1-38185266d4b5" />
    <UnitTestResult executionId="6c953f0d-9ddb-407d-87ee-a3b9c9c2c22e" testId="9c7df5e2-1b23-ebea-889f-b78ca86b60ab" testName="BL.Tests.CheckPermissionsServiceTests.AuthorizedHasNoAccessToAdminSkiPatrolFunctions(functionName: &quot;MarkMessageReadByUserAsync&quot;)" computerName="DESKTOP-TJ9D65N" duration="00:00:00.0012531" startTime="2022-10-15T20:34:30.0115910+03:00" endTime="2022-10-15T20:34:30.0115911+03:00" testType="13cdc9d9-ddb5-4fa4-a97d-d965ccfc6d4b" outcome="Passed" testListId="8c84fa94-04c1-424b-9868-57a2d4851a1d" relativeResultsDirectory="6c953f0d-9ddb-407d-87ee-a3b9c9c2c22e" />
  </Results>
  <TestDefinitions>
    <UnitTest name="BL.Tests.LiftsSlopesServiceTests.TestAdminDeleteLiftSlopeAsync(lift: Lift { LiftID = 199, LiftName = liftName1394ca86-988f-4cce-bc60-c07f5f80e622, IsOpen = True, SeatsAmount = 192, LiftingTime = 187, QueueTime = 45, ConnectedSlopes =  }, slope: Slope { SlopeID = 70, SlopeName = slopeName3613af48-f553-4cb2-8e22-5c065f0564aa, IsOpen = False, DifficultyLevel = 225, ConnectedLifts =  }, slopesRepositoryStub: Mock&lt;ISlopesRepository:2&gt;, liftsRepo..." storage="c:\users\alena\desktop\7_sem\testing_and_debugging\skiresort\bl.tests\bin\debug\net6.0\bl.tests.dll" id="29c64362-09da-dbef-44d5-b7e4f59cf75e">
      <Execution id="42b326b3-df1f-4e5e-84ee-6823927e7f69" />
      <TestMethod codeBase="C:\Users\alena\Desktop\7_sem\testing_and_debugging\SkiResort\BL.Tests\bin\Debug\net6.0\BL.Tests.dll" adapterTypeName="executor://xunit/VsTestRunner2/netcoreapp" className="BL.Tests.LiftsSlopesServiceTests" name="TestAdminDeleteLiftSlopeAsync" />
    </UnitTest>
    <UnitTest name="BL.Tests.TurnstilesServiceTest.TestAdminGetTurnstilesAsync(userID: 134, initialTurnstiles: [Turnstile { TurnstileID = 219, LiftID = 153, IsOpen = True }, Turnstile { TurnstileID = 172, LiftID = 64, IsOpen = False }, Turnstile { TurnstileID = 60, LiftID = 203, IsOpen = True }], checkPermissionServiceMock: Mock&lt;ICheckPermissionService:13&gt;, turnstilesRepositoryStub: Mock&lt;ITurnstilesRepository:7&gt;, sut: TurnstilesService { })" storage="c:\users\alena\desktop\7_sem\testing_and_debugging\skiresort\bl.tests\bin\debug\net6.0\bl.tests.dll" id="ef57dca1-5eac-a0b0-7a53-1a80385f663a">
      <Execution id="6756d928-d042-4bc2-9ef9-7a4e09fd8fad" />
      <TestMethod codeBase="C:\Users\alena\Desktop\7_sem\testing_and_debugging\SkiResort\BL.Tests\bin\Debug\net6.0\BL.Tests.dll" adapterTypeName="executor://xunit/VsTestRunner2/netcoreapp" className="BL.Tests.TurnstilesServiceTest" name="TestAdminGetTurnstilesAsync" />
    </UnitTest>
    <UnitTest name="BL.Tests.CheckPermissionsServiceTests.AuthorizedHasNoAccessToAdminSkiPatrolFunctions(functionName: &quot;MarkMessageReadByUserAsync&quot;)" storage="c:\users\alena\desktop\7_sem\testing_and_debugging\skiresort\bl.tests\bin\debug\net6.0\bl.tests.dll" id="9c7df5e2-1b23-ebea-889f-b78ca86b60ab">
      <Execution id="6c953f0d-9ddb-407d-87ee-a3b9c9c2c22e" />
      <TestMethod codeBase="C:\Users\alena\Desktop\7_sem\testing_and_debugging\SkiResort\BL.Tests\bin\Debug\net6.0\BL.Tests.dll" adapterTypeName="executor://xunit/VsTestRunner2/netcoreapp" className="BL.Tests.CheckPermissionsServiceTests" name="AuthorizedHasNoAccessToAdminSkiPatrolFunctions" />
    </UnitTest>
    <UnitTest name="BL.Tests.CheckPermissionsServiceTests.UnauthorizedHasNoAccessToAdminSkiPatrolFunctions(functionName: &quot;MarkMessageReadByUserAsync&quot;)" storage="c:\users\alena\desktop\7_sem\testing_and_debugging\skiresort\bl.tests\bin\debug\net6.0\bl.tests.dll" id="a19a5fcf-c5d2-7d44-5d7d-84403042f4e0">
      <Execution id="23336637-b1f4-4145-a432-757ad3864562" />
      <TestMethod codeBase="C:\Users\alena\Desktop\7_sem\testing_and_debugging\SkiResort\BL.Tests\bin\Debug\net6.0\BL.Tests.dll" adapterTypeName="executor://xunit/VsTestRunner2/netcoreapp" className="BL.Tests.CheckPermissionsServiceTests" name="UnauthorizedHasNoAccessToAdminSkiPatrolFunctions" />
    </UnitTest>
    <UnitTest name="BL.Tests.CheckPermissionsServiceTests.AuthorizedHasNoAccessToAdminSkiPatrolFunctions(functionName: &quot;GetMessagesAsync&quot;)" storage="c:\users\alena\desktop\7_sem\testing_and_debugging\skiresort\bl.tests\bin\debug\net6.0\bl.tests.dll" id="2602613f-c8e2-a6d9-fcf7-5b27d4a770a6">
      <Execution id="27f659ec-69c8-4937-ad78-d419148aabec" />
      <TestMethod codeBase="C:\Users\alena\Desktop\7_sem\testing_and_debugging\SkiResort\BL.Tests\bin\Debug\net6.0\BL.Tests.dll" adapterTypeName="executor://xunit/VsTestRunner2/netcoreapp" className="BL.Tests.CheckPermissionsServiceTests" name="AuthorizedHasNoAccessToAdminSkiPatrolFunctions" />
    </UnitTest>
    <UnitTest name="BL.Tests.CheckPermissionsServiceTests.AuthorizedHasNoAccessToAdminFunctions" storage="c:\users\alena\desktop\7_sem\testing_and_debugging\skiresort\bl.tests\bin\debug\net6.0\bl.tests.dll" id="a2e59116-cb53-1d70-9cb8-21c286516866">
      <Execution id="d904f717-56c7-48f3-a988-e421a3219cdb" />
      <TestMethod codeBase="C:\Users\alena\Desktop\7_sem\testing_and_debugging\SkiResort\BL.Tests\bin\Debug\net6.0\BL.Tests.dll" adapterTypeName="executor://xunit/VsTestRunner2/netcoreapp" className="BL.Tests.CheckPermissionsServiceTests" name="AuthorizedHasNoAccessToAdminFunctions" />
    </UnitTest>
    <UnitTest name="BL.Tests.CheckPermissionsServiceTests.SkiPatrolHasAccessToAdminSkiPatrolFunctions(functionName: &quot;GetMessagesAsync&quot;)" storage="c:\users\alena\desktop\7_sem\testing_and_debugging\skiresort\bl.tests\bin\debug\net6.0\bl.tests.dll" id="c36970dc-93f7-753e-fa47-157133b01644">
      <Execution id="cd539991-7afa-483a-a859-454f7d6a1a88" />
      <TestMethod codeBase="C:\Users\alena\Desktop\7_sem\testing_and_debugging\SkiResort\BL.Tests\bin\Debug\net6.0\BL.Tests.dll" adapterTypeName="executor://xunit/VsTestRunner2/netcoreapp" className="BL.Tests.CheckPermissionsServiceTests" name="SkiPatrolHasAccessToAdminSkiPatrolFunctions" />
    </UnitTest>
    <UnitTest name="BL.Tests.CheckPermissionsServiceTests.AdminHasAccessToAllFunctions" storage="c:\users\alena\desktop\7_sem\testing_and_debugging\skiresort\bl.tests\bin\debug\net6.0\bl.tests.dll" id="f3efc418-a8a6-c7b7-9bac-90b33aa8472f">
      <Execution id="332c7991-1b2a-4477-b33a-f4b617d48c39" />
      <TestMethod codeBase="C:\Users\alena\Desktop\7_sem\testing_and_debugging\SkiResort\BL.Tests\bin\Debug\net6.0\BL.Tests.dll" adapterTypeName="executor://xunit/VsTestRunner2/netcoreapp" className="BL.Tests.CheckPermissionsServiceTests" name="AdminHasAccessToAllFunctions" />
    </UnitTest>
    <UnitTest name="BL.Tests.UsersServiceTests.TestRegisterUserWithNoPassword" storage="c:\users\alena\desktop\7_sem\testing_and_debugging\skiresort\bl.tests\bin\debug\net6.0\bl.tests.dll" id="f44a1b21-8efc-bfac-63b4-d534442def31">
      <Execution id="8ce333d3-a6ad-4ccd-9b9e-c3ad042433fe" />
      <TestMethod codeBase="C:\Users\alena\Desktop\7_sem\testing_and_debugging\SkiResort\BL.Tests\bin\Debug\net6.0\BL.Tests.dll" adapterTypeName="executor://xunit/VsTestRunner2/netcoreapp" className="BL.Tests.UsersServiceTests" name="TestRegisterUserWithNoPassword" />
    </UnitTest>
    <UnitTest name="BL.Tests.UsersServiceTests.TestAdminGetUserByIDAsync" storage="c:\users\alena\desktop\7_sem\testing_and_debugging\skiresort\bl.tests\bin\debug\net6.0\bl.tests.dll" id="e5497347-2721-b7a6-0bd4-69a9921f6947">
      <Execution id="e1f52c04-b1e5-43f4-830d-fe483e76cd11" />
      <TestMethod codeBase="C:\Users\alena\Desktop\7_sem\testing_and_debugging\SkiResort\BL.Tests\bin\Debug\net6.0\BL.Tests.dll" adapterTypeName="executor://xunit/VsTestRunner2/netcoreapp" className="BL.Tests.UsersServiceTests" name="TestAdminGetUserByIDAsync" />
    </UnitTest>
    <UnitTest name="BL.Tests.TurnstilesServiceTest.TestAdminDeleteTurnstileAsync(userID: 8, turnstile: Turnstile { TurnstileID = 146, LiftID = 154, IsOpen = True }, checkPermissionServiceMock: Mock&lt;ICheckPermissionService:15&gt;, turnstilesRepositoryStub: Mock&lt;ITurnstilesRepository:9&gt;, sut: TurnstilesService { })" storage="c:\users\alena\desktop\7_sem\testing_and_debugging\skiresort\bl.tests\bin\debug\net6.0\bl.tests.dll" id="fb811c81-d314-320b-0c93-89405ef3f3b1">
      <Execution id="79b4d293-2de5-4417-863e-603f1e01ed29" />
      <TestMethod codeBase="C:\Users\alena\Desktop\7_sem\testing_and_debugging\SkiResort\BL.Tests\bin\Debug\net6.0\BL.Tests.dll" adapterTypeName="executor://xunit/VsTestRunner2/netcoreapp" className="BL.Tests.TurnstilesServiceTest" name="TestAdminDeleteTurnstileAsync" />
    </UnitTest>
    <UnitTest name="BL.Tests.LiftsServiceTest.TestAdminAddAutoIncrementLiftAsync(userID: 37, lift: Lift { LiftID = 29, LiftName = liftName45702df0-37ec-446c-9272-45f4cf7aeb02, IsOpen = True, SeatsAmount = 176, LiftingTime = 129, QueueTime = 194, ConnectedSlopes =  }, checkPermissionServiceMock: Mock&lt;ICheckPermissionService:5&gt;, liftsRepositoryStub: Mock&lt;ILiftsRepository:5&gt;, sut: LiftsService { })" storage="c:\users\alena\desktop\7_sem\testing_and_debugging\skiresort\bl.tests\bin\debug\net6.0\bl.tests.dll" id="86135cd7-2a76-3ef9-f87b-2069f547c7eb">
      <Execution id="7d157307-9964-40b9-8faf-b80ff59cfa37" />
      <TestMethod codeBase="C:\Users\alena\Desktop\7_sem\testing_and_debugging\SkiResort\BL.Tests\bin\Debug\net6.0\BL.Tests.dll" adapterTypeName="executor://xunit/VsTestRunner2/netcoreapp" className="BL.Tests.LiftsServiceTest" name="TestAdminAddAutoIncrementLiftAsync" />
    </UnitTest>
    <UnitTest name="BL.Tests.SlopesServiceTest.TestAdminAddSlopeAsync(userID: 230, slope: Slope { SlopeID = 63, SlopeName = slopeName93bb5406-c279-4954-bf0a-0310b91d8753, IsOpen = True, DifficultyLevel = 211, ConnectedLifts =  }, checkPermissionServiceMock: Mock&lt;ICheckPermissionService:11&gt;, slopesRepositoryStub: Mock&lt;ISlopesRepository:9&gt;, sut: SlopesService { })" storage="c:\users\alena\desktop\7_sem\testing_and_debugging\skiresort\bl.tests\bin\debug\net6.0\bl.tests.dll" id="bdf45a0e-cdf2-d5e7-35a4-05e398a2ce6a">
      <Execution id="4c3e2cab-1213-4765-9d23-bb79f4d1857e" />
      <TestMethod codeBase="C:\Users\alena\Desktop\7_sem\testing_and_debugging\SkiResort\BL.Tests\bin\Debug\net6.0\BL.Tests.dll" adapterTypeName="executor://xunit/VsTestRunner2/netcoreapp" className="BL.Tests.SlopesServiceTest" name="TestAdminAddSlopeAsync" />
    </UnitTest>
    <UnitTest name="BL.Tests.SlopesServiceTest.TestGetSlopesInfoAsync(userID: 89, initialSlopes: [Slope { SlopeID = 22, SlopeName = slopeName74a47cf6-79a3-4838-8605-c89405e4def4, IsOpen = True, DifficultyLevel = 130, ConnectedLifts =  }, Slope { SlopeID = 82, SlopeName = slopeName0d1eaecb-eee6-47ed-bc28-709f60629207, IsOpen = False, DifficultyLevel = 87, ConnectedLifts =  }, Slope { SlopeID = 150, SlopeName = slopeName8315edb9-221b-4759-979f-488396785364, IsOp..." storage="c:\users\alena\desktop\7_sem\testing_and_debugging\skiresort\bl.tests\bin\debug\net6.0\bl.tests.dll" id="1e5817d7-dd3e-4b0e-bfbb-c26f53590143">
      <Execution id="2256b853-a7bc-419e-8633-66dede004bd4" />
      <TestMethod codeBase="C:\Users\alena\Desktop\7_sem\testing_and_debugging\SkiResort\BL.Tests\bin\Debug\net6.0\BL.Tests.dll" adapterTypeName="executor://xunit/VsTestRunner2/netcoreapp" className="BL.Tests.SlopesServiceTest" name="TestGetSlopesInfoAsync" />
    </UnitTest>
    <UnitTest name="BL.Tests.UsersServiceTests.TestAdminAddAutoIncrementUser" storage="c:\users\alena\desktop\7_sem\testing_and_debugging\skiresort\bl.tests\bin\debug\net6.0\bl.tests.dll" id="834c739b-eca4-b36d-6a66-5a1bd75377b8">
      <Execution id="44969781-ea7b-4126-925b-eeaece4ebe05" />
      <TestMethod codeBase="C:\Users\alena\Desktop\7_sem\testing_and_debugging\SkiResort\BL.Tests\bin\Debug\net6.0\BL.Tests.dll" adapterTypeName="executor://xunit/VsTestRunner2/netcoreapp" className="BL.Tests.UsersServiceTests" name="TestAdminAddAutoIncrementUser" />
    </UnitTest>
    <UnitTest name="BL.Tests.CheckPermissionsServiceTests.UnauthorizedHasNoAccessToAdminSkiPatrolFunctions(functionName: &quot;GetLiftsSlopesInfoAsync&quot;)" storage="c:\users\alena\desktop\7_sem\testing_and_debugging\skiresort\bl.tests\bin\debug\net6.0\bl.tests.dll" id="387c9729-48c1-486e-5e67-f5d11a9f0db8">
      <Execution id="65cd334a-d73a-4fec-8732-28474fca93f2" />
      <TestMethod codeBase="C:\Users\alena\Desktop\7_sem\testing_and_debugging\SkiResort\BL.Tests\bin\Debug\net6.0\BL.Tests.dll" adapterTypeName="executor://xunit/VsTestRunner2/netcoreapp" className="BL.Tests.CheckPermissionsServiceTests" name="UnauthorizedHasNoAccessToAdminSkiPatrolFunctions" />
    </UnitTest>
    <UnitTest name="BL.Tests.CheckPermissionsServiceTests.SkiPatrolHasAccessToAdminSkiPatrolFunctions(functionName: &quot;MarkMessageReadByUserAsync&quot;)" storage="c:\users\alena\desktop\7_sem\testing_and_debugging\skiresort\bl.tests\bin\debug\net6.0\bl.tests.dll" id="60bd668f-04df-da5e-b79b-5d9aedb5234d">
      <Execution id="43d0bd7f-17df-4099-9f51-d5308a880597" />
      <TestMethod codeBase="C:\Users\alena\Desktop\7_sem\testing_and_debugging\SkiResort\BL.Tests\bin\Debug\net6.0\BL.Tests.dll" adapterTypeName="executor://xunit/VsTestRunner2/netcoreapp" className="BL.Tests.CheckPermissionsServiceTests" name="SkiPatrolHasAccessToAdminSkiPatrolFunctions" />
    </UnitTest>
    <UnitTest name="BL.Tests.CheckPermissionsServiceTests.UnauthorizedHasNoAccessToAdminFunctions" storage="c:\users\alena\desktop\7_sem\testing_and_debugging\skiresort\bl.tests\bin\debug\net6.0\bl.tests.dll" id="e2d7e5be-3dae-33ae-fb17-c704b6fd58d6">
      <Execution id="0fdd3463-01b6-4f3b-b511-2d19cdc1adfd" />
      <TestMethod codeBase="C:\Users\alena\Desktop\7_sem\testing_and_debugging\SkiResort\BL.Tests\bin\Debug\net6.0\BL.Tests.dll" adapterTypeName="executor://xunit/VsTestRunner2/netcoreapp" className="BL.Tests.CheckPermissionsServiceTests" name="UnauthorizedHasNoAccessToAdminFunctions" />
    </UnitTest>
    <UnitTest name="BL.Tests.LiftsServiceTest.TestGetLiftInfoAsync(userID: 199, lift: Lift { LiftID = 173, LiftName = liftNameda775df2-5c7b-4770-afd0-49f85b79f794, IsOpen = True, SeatsAmount = 178, LiftingTime = 102, QueueTime = 31, ConnectedSlopes =  }, checkPermissionServiceMock: Mock&lt;ICheckPermissionService:1&gt;, liftsRepositoryStub: Mock&lt;ILiftsRepository:1&gt;, liftsSlopesRepositoryStub: Mock&lt;ILiftsSlopesRepository:1&gt;, sut: LiftsService { })" storage="c:\users\alena\desktop\7_sem\testing_and_debugging\skiresort\bl.tests\bin\debug\net6.0\bl.tests.dll" id="89c7db17-0b50-30b1-bbdc-9d400060bd6a">
      <Execution id="dd9b5895-3ea6-4987-b7ce-f27b495dd961" />
      <TestMethod codeBase="C:\Users\alena\Desktop\7_sem\testing_and_debugging\SkiResort\BL.Tests\bin\Debug\net6.0\BL.Tests.dll" adapterTypeName="executor://xunit/VsTestRunner2/netcoreapp" className="BL.Tests.LiftsServiceTest" name="TestGetLiftInfoAsync" />
    </UnitTest>
    <UnitTest name="BL.Tests.UsersServiceTests.TestLogInWithWrongPassword" storage="c:\users\alena\desktop\7_sem\testing_and_debugging\skiresort\bl.tests\bin\debug\net6.0\bl.tests.dll" id="69340bb6-3645-f9dd-971e-29d8b2a009bb">
      <Execution id="ec1f4644-2bff-4ce4-8824-1e5308a10371" />
      <TestMethod codeBase="C:\Users\alena\Desktop\7_sem\testing_and_debugging\SkiResort\BL.Tests\bin\Debug\net6.0\BL.Tests.dll" adapterTypeName="executor://xunit/VsTestRunner2/netcoreapp" className="BL.Tests.UsersServiceTests" name="TestLogInWithWrongPassword" />
    </UnitTest>
    <UnitTest name="BL.Tests.CheckPermissionsServiceTests.SkiPatrolHasAccessToAdminSkiPatrolFunctions(functionName: &quot;GetLiftsSlopesInfoAsync&quot;)" storage="c:\users\alena\desktop\7_sem\testing_and_debugging\skiresort\bl.tests\bin\debug\net6.0\bl.tests.dll" id="2d706594-f2b3-b3c8-21d4-86c9798c3306">
      <Execution id="35a9ebaf-d6ec-4c79-895b-ed1d86573d07" />
      <TestMethod codeBase="C:\Users\alena\Desktop\7_sem\testing_and_debugging\SkiResort\BL.Tests\bin\Debug\net6.0\BL.Tests.dll" adapterTypeName="executor://xunit/VsTestRunner2/netcoreapp" className="BL.Tests.CheckPermissionsServiceTests" name="SkiPatrolHasAccessToAdminSkiPatrolFunctions" />
    </UnitTest>
    <UnitTest name="BL.Tests.CheckPermissionsServiceTests.SkiPatrolHasNoAccessToAdminFunctions" storage="c:\users\alena\desktop\7_sem\testing_and_debugging\skiresort\bl.tests\bin\debug\net6.0\bl.tests.dll" id="492c0393-35b4-df26-a537-21ca08302f3c">
      <Execution id="fc638e1a-48ce-4611-9170-41c6c1c73949" />
      <TestMethod codeBase="C:\Users\alena\Desktop\7_sem\testing_and_debugging\SkiResort\BL.Tests\bin\Debug\net6.0\BL.Tests.dll" adapterTypeName="executor://xunit/VsTestRunner2/netcoreapp" className="BL.Tests.CheckPermissionsServiceTests" name="SkiPatrolHasNoAccessToAdminFunctions" />
    </UnitTest>
    <UnitTest name="BL.Tests.UsersServiceTests.TestAdminDeleteUser" storage="c:\users\alena\desktop\7_sem\testing_and_debugging\skiresort\bl.tests\bin\debug\net6.0\bl.tests.dll" id="18fa8c62-e27d-e1fc-8182-4d7db62b008d">
      <Execution id="0bda67f3-670e-46ec-8d40-e96159e634a9" />
      <TestMethod codeBase="C:\Users\alena\Desktop\7_sem\testing_and_debugging\SkiResort\BL.Tests\bin\Debug\net6.0\BL.Tests.dll" adapterTypeName="executor://xunit/VsTestRunner2/netcoreapp" className="BL.Tests.UsersServiceTests" name="TestAdminDeleteUser" />
    </UnitTest>
    <UnitTest name="BL.Tests.LiftsServiceTest.TestAdminDeleteLiftAsync(userID: 248, lift: Lift { LiftID = 61, LiftName = liftName8652f6f8-70fe-4edf-b438-0422323ffd4f, IsOpen = True, SeatsAmount = 213, LiftingTime = 128, QueueTime = 112, ConnectedSlopes =  }, checkPermissionServiceMock: Mock&lt;ICheckPermissionService:4&gt;, liftsRepositoryStub: Mock&lt;ILiftsRepository:4&gt;, liftsSlopesRepositoryStub: Mock&lt;ILiftsSlopesRepository:4&gt;, sut: LiftsService { })" storage="c:\users\alena\desktop\7_sem\testing_and_debugging\skiresort\bl.tests\bin\debug\net6.0\bl.tests.dll" id="fb33a7d5-c01f-893b-e28d-c35699e648c5">
      <Execution id="d46f6a9c-0b97-4d51-af1f-41376437a0e8" />
      <TestMethod codeBase="C:\Users\alena\Desktop\7_sem\testing_and_debugging\SkiResort\BL.Tests\bin\Debug\net6.0\BL.Tests.dll" adapterTypeName="executor://xunit/VsTestRunner2/netcoreapp" className="BL.Tests.LiftsServiceTest" name="TestAdminDeleteLiftAsync" />
    </UnitTest>
    <UnitTest name="BL.Tests.CheckPermissionsServiceTests.AuthorizedHasAccessToAuthorizedFunctions(functionName: &quot;LogOutAsync&quot;)" storage="c:\users\alena\desktop\7_sem\testing_and_debugging\skiresort\bl.tests\bin\debug\net6.0\bl.tests.dll" id="aa28a6b3-21d3-aa45-24d3-bef2facbc899">
      <Execution id="53425f72-d557-4b3e-af5d-75248a7f2ff8" />
      <TestMethod codeBase="C:\Users\alena\Desktop\7_sem\testing_and_debugging\SkiResort\BL.Tests\bin\Debug\net6.0\BL.Tests.dll" adapterTypeName="executor://xunit/VsTestRunner2/netcoreapp" className="BL.Tests.CheckPermissionsServiceTests" name="AuthorizedHasAccessToAuthorizedFunctions" />
    </UnitTest>
    <UnitTest name="BL.Tests.UsersServiceTests.TestAdminUpdateUser" storage="c:\users\alena\desktop\7_sem\testing_and_debugging\skiresort\bl.tests\bin\debug\net6.0\bl.tests.dll" id="06d0bc3a-24a0-fb7f-4277-e9ae6d21c7dd">
      <Execution id="32584883-e834-4d7e-84a2-98a1f8f4e6e2" />
      <TestMethod codeBase="C:\Users\alena\Desktop\7_sem\testing_and_debugging\SkiResort\BL.Tests\bin\Debug\net6.0\BL.Tests.dll" adapterTypeName="executor://xunit/VsTestRunner2/netcoreapp" className="BL.Tests.UsersServiceTests" name="TestAdminUpdateUser" />
    </UnitTest>
    <UnitTest name="BL.Tests.SlopesServiceTest.TestAdminAddAutoIncrementSlopeAsync(userID: 153, slope: Slope { SlopeID = 212, SlopeName = slopeName5c4fb6b7-80e7-4aca-b9fb-110371869954, IsOpen = True, DifficultyLevel = 107, ConnectedLifts =  }, checkPermissionServiceMock: Mock&lt;ICheckPermissionService:10&gt;, slopesRepositoryStub: Mock&lt;ISlopesRepository:8&gt;, sut: SlopesService { })" storage="c:\users\alena\desktop\7_sem\testing_and_debugging\skiresort\bl.tests\bin\debug\net6.0\bl.tests.dll" id="9566ba54-7e79-cc8c-05fb-74f2c84fc7d9">
      <Execution id="357334bd-d7ac-4194-96d2-8735ee484b97" />
      <TestMethod codeBase="C:\Users\alena\Desktop\7_sem\testing_and_debugging\SkiResort\BL.Tests\bin\Debug\net6.0\BL.Tests.dll" adapterTypeName="executor://xunit/VsTestRunner2/netcoreapp" className="BL.Tests.SlopesServiceTest" name="TestAdminAddAutoIncrementSlopeAsync" />
    </UnitTest>
    <UnitTest name="BL.Tests.UsersServiceTests.TestLogInOk" storage="c:\users\alena\desktop\7_sem\testing_and_debugging\skiresort\bl.tests\bin\debug\net6.0\bl.tests.dll" id="1ca07ad8-f799-c5d4-e7cc-34fd950198a2">
      <Execution id="d874c1e3-5276-465f-9349-a4356dbdc8c7" />
      <TestMethod codeBase="C:\Users\alena\Desktop\7_sem\testing_and_debugging\SkiResort\BL.Tests\bin\Debug\net6.0\BL.Tests.dll" adapterTypeName="executor://xunit/VsTestRunner2/netcoreapp" className="BL.Tests.UsersServiceTests" name="TestLogInOk" />
    </UnitTest>
    <UnitTest name="BL.Tests.UsersServiceTests.TestAdminGetUsers" storage="c:\users\alena\desktop\7_sem\testing_and_debugging\skiresort\bl.tests\bin\debug\net6.0\bl.tests.dll" id="20ad8570-0170-85de-dcd7-2f109dd7bcd6">
      <Execution id="64c9f123-1a42-4901-bb44-edf097c5f9c8" />
      <TestMethod codeBase="C:\Users\alena\Desktop\7_sem\testing_and_debugging\SkiResort\BL.Tests\bin\Debug\net6.0\BL.Tests.dll" adapterTypeName="executor://xunit/VsTestRunner2/netcoreapp" className="BL.Tests.UsersServiceTests" name="TestAdminGetUsers" />
    </UnitTest>
    <UnitTest name="BL.Tests.CheckPermissionsServiceTests.UnauthorizedHasNoAccessToAdminSkiPatrolFunctions(functionName: &quot;GetMessagesAsync&quot;)" storage="c:\users\alena\desktop\7_sem\testing_and_debugging\skiresort\bl.tests\bin\debug\net6.0\bl.tests.dll" id="229812f5-9a73-5335-11f5-31330d1348a5">
      <Execution id="a9cb1d3e-0da7-40bd-8021-1dd0563afe3a" />
      <TestMethod codeBase="C:\Users\alena\Desktop\7_sem\testing_and_debugging\SkiResort\BL.Tests\bin\Debug\net6.0\BL.Tests.dll" adapterTypeName="executor://xunit/VsTestRunner2/netcoreapp" className="BL.Tests.CheckPermissionsServiceTests" name="UnauthorizedHasNoAccessToAdminSkiPatrolFunctions" />
    </UnitTest>
    <UnitTest name="BL.Tests.SlopesServiceTest.TestAdminDeleteSlopeAsync(userID: 80, slope: Slope { SlopeID = 21, SlopeName = slopeName187abca7-ab6d-4813-b138-4f68371a4116, IsOpen = True, DifficultyLevel = 41, ConnectedLifts =  }, checkPermissionServiceMock: Mock&lt;ICheckPermissionService:9&gt;, slopesRepositoryStub: Mock&lt;ISlopesRepository:7&gt;, liftsSlopesRepositoryStub: Mock&lt;ILiftsSlopesRepository:12&gt;, sut: SlopesService { })" storage="c:\users\alena\desktop\7_sem\testing_and_debugging\skiresort\bl.tests\bin\debug\net6.0\bl.tests.dll" id="804e1521-8afd-0dec-fee4-a4188b19cece">
      <Execution id="c398fa90-c0d3-4002-a806-515adaa96698" />
      <TestMethod codeBase="C:\Users\alena\Desktop\7_sem\testing_and_debugging\SkiResort\BL.Tests\bin\Debug\net6.0\BL.Tests.dll" adapterTypeName="executor://xunit/VsTestRunner2/netcoreapp" className="BL.Tests.SlopesServiceTest" name="TestAdminDeleteSlopeAsync" />
    </UnitTest>
    <UnitTest name="BL.Tests.LiftsSlopesServiceTests.TestGetLiftsSlopesInfoAsync(liftsSlopes: [LiftSlope { RecordID = 115, LiftID = 160, SlopeID = 108 }, LiftSlope { RecordID = 205, LiftID = 57, SlopeID = 162 }, LiftSlope { RecordID = 112, LiftID = 34, SlopeID = 141 }], slopesRepositoryStub: Mock&lt;ISlopesRepository:1&gt;, liftsRepositoryStub: Mock&lt;ILiftsRepository:6&gt;, liftsSlopesRepositoryStub: Mock&lt;ILiftsSlopesRepository:6&gt;)" storage="c:\users\alena\desktop\7_sem\testing_and_debugging\skiresort\bl.tests\bin\debug\net6.0\bl.tests.dll" id="39be9b5e-0bc4-57dc-37d3-aec6b520299d">
      <Execution id="c109759f-3fba-4120-a5e6-152750d1b862" />
      <TestMethod codeBase="C:\Users\alena\Desktop\7_sem\testing_and_debugging\SkiResort\BL.Tests\bin\Debug\net6.0\BL.Tests.dll" adapterTypeName="executor://xunit/VsTestRunner2/netcoreapp" className="BL.Tests.LiftsSlopesServiceTests" name="TestGetLiftsSlopesInfoAsync" />
    </UnitTest>
    <UnitTest name="BL.Tests.CheckPermissionsServiceTests.AuthorizedHasNoAccessToAdminSkiPatrolFunctions(functionName: &quot;GetLiftsSlopesInfoAsync&quot;)" storage="c:\users\alena\desktop\7_sem\testing_and_debugging\skiresort\bl.tests\bin\debug\net6.0\bl.tests.dll" id="4f297306-d4f3-8d63-e7f4-1ac0b8c58c74">
      <Execution id="642447bc-bce2-4e5b-b977-692c7264dcaa" />
      <TestMethod codeBase="C:\Users\alena\Desktop\7_sem\testing_and_debugging\SkiResort\BL.Tests\bin\Debug\net6.0\BL.Tests.dll" adapterTypeName="executor://xunit/VsTestRunner2/netcoreapp" className="BL.Tests.CheckPermissionsServiceTests" name="AuthorizedHasNoAccessToAdminSkiPatrolFunctions" />
    </UnitTest>
    <UnitTest name="BL.Tests.LiftsServiceTest.TestGetLiftsInfoAsync(userID: 240, initialLifts: [Lift { LiftID = 247, LiftName = liftNamea39e92d1-3dfc-4643-b07d-9007df60263e, IsOpen = True, SeatsAmount = 126, LiftingTime = 12, QueueTime = 78, ConnectedSlopes =  }, Lift { LiftID = 56, LiftName = liftName3a8096c9-b7b2-4412-8c4d-89b8f633c5c6, IsOpen = False, SeatsAmount = 193, LiftingTime = 184, QueueTime = 127, ConnectedSlopes =  }, Lift { LiftID = 172, LiftName ..." storage="c:\users\alena\desktop\7_sem\testing_and_debugging\skiresort\bl.tests\bin\debug\net6.0\bl.tests.dll" id="e4208341-8141-293a-2ece-9b2eec40072d">
      <Execution id="a7e40944-6b8d-444f-a97c-25df0157afd9" />
      <TestMethod codeBase="C:\Users\alena\Desktop\7_sem\testing_and_debugging\SkiResort\BL.Tests\bin\Debug\net6.0\BL.Tests.dll" adapterTypeName="executor://xunit/VsTestRunner2/netcoreapp" className="BL.Tests.LiftsServiceTest" name="TestGetLiftsInfoAsync" />
    </UnitTest>
    <UnitTest name="BL.Tests.TurnstilesServiceTest.TestAdminAddAutoIncrementTurnstileAsync(userID: 178, turnstile: Turnstile { TurnstileID = 253, LiftID = 212, IsOpen = True }, checkPermissionServiceMock: Mock&lt;ICheckPermissionService:16&gt;, turnstilesRepositoryStub: Mock&lt;ITurnstilesRepository:10&gt;, sut: TurnstilesService { })" storage="c:\users\alena\desktop\7_sem\testing_and_debugging\skiresort\bl.tests\bin\debug\net6.0\bl.tests.dll" id="1d818d2c-964f-ae46-4155-34413017f56c">
      <Execution id="03f65471-1cfc-45ce-9a66-6e685e4400d0" />
      <TestMethod codeBase="C:\Users\alena\Desktop\7_sem\testing_and_debugging\SkiResort\BL.Tests\bin\Debug\net6.0\BL.Tests.dll" adapterTypeName="executor://xunit/VsTestRunner2/netcoreapp" className="BL.Tests.TurnstilesServiceTest" name="TestAdminAddAutoIncrementTurnstileAsync" />
    </UnitTest>
    <UnitTest name="BL.Tests.TurnstilesServiceTest.TestAdminUpdateTurnstileAsync(userID: 145, turnstile: Turnstile { TurnstileID = 195, LiftID = 85, IsOpen = True }, checkPermissionServiceMock: Mock&lt;ICheckPermissionService:14&gt;, turnstilesRepositoryStub: Mock&lt;ITurnstilesRepository:8&gt;, sut: TurnstilesService { })" storage="c:\users\alena\desktop\7_sem\testing_and_debugging\skiresort\bl.tests\bin\debug\net6.0\bl.tests.dll" id="5f752c11-6872-4d1d-c725-524774c21093">
      <Execution id="34f715bd-10ac-4116-a8a2-737219c125bc" />
      <TestMethod codeBase="C:\Users\alena\Desktop\7_sem\testing_and_debugging\SkiResort\BL.Tests\bin\Debug\net6.0\BL.Tests.dll" adapterTypeName="executor://xunit/VsTestRunner2/netcoreapp" className="BL.Tests.TurnstilesServiceTest" name="TestAdminUpdateTurnstileAsync" />
    </UnitTest>
    <UnitTest name="BL.Tests.UsersServiceTests.TestRegisterOk" storage="c:\users\alena\desktop\7_sem\testing_and_debugging\skiresort\bl.tests\bin\debug\net6.0\bl.tests.dll" id="0eeef75f-6e38-7893-a8fe-cff3e0a970a7">
      <Execution id="15b94bb1-9a7b-4b93-8e1a-eefb6cc2c818" />
      <TestMethod codeBase="C:\Users\alena\Desktop\7_sem\testing_and_debugging\SkiResort\BL.Tests\bin\Debug\net6.0\BL.Tests.dll" adapterTypeName="executor://xunit/VsTestRunner2/netcoreapp" className="BL.Tests.UsersServiceTests" name="TestRegisterOk" />
    </UnitTest>
    <UnitTest name="BL.Tests.SlopesServiceTest.TestUpdateSlopeInfoAsync(userID: 56, slope: Slope { SlopeID = 71, SlopeName = slopeNamea949937a-41f4-4353-bacf-ab3c4aef46d1, IsOpen = True, DifficultyLevel = 3, ConnectedLifts =  }, checkPermissionServiceMock: Mock&lt;ICheckPermissionService:8&gt;, slopesRepositoryStub: Mock&lt;ISlopesRepository:6&gt;, sut: SlopesService { })" storage="c:\users\alena\desktop\7_sem\testing_and_debugging\skiresort\bl.tests\bin\debug\net6.0\bl.tests.dll" id="61e98b7f-0487-9a0f-459f-e5bab8204a85">
      <Execution id="2938f6b3-0c01-4c9d-99b6-fb90c8911f9a" />
      <TestMethod codeBase="C:\Users\alena\Desktop\7_sem\testing_and_debugging\SkiResort\BL.Tests\bin\Debug\net6.0\BL.Tests.dll" adapterTypeName="executor://xunit/VsTestRunner2/netcoreapp" className="BL.Tests.SlopesServiceTest" name="TestUpdateSlopeInfoAsync" />
    </UnitTest>
    <UnitTest name="BL.Tests.TurnstilesServiceTest.TestAdminGetTurnstileAsync(userID: 147, turnstile: Turnstile { TurnstileID = 84, LiftID = 4, IsOpen = True }, checkPermissionServiceMock: Mock&lt;ICheckPermissionService:12&gt;, turnstilesRepositoryStub: Mock&lt;ITurnstilesRepository:6&gt;, sut: TurnstilesService { })" storage="c:\users\alena\desktop\7_sem\testing_and_debugging\skiresort\bl.tests\bin\debug\net6.0\bl.tests.dll" id="1d4a81d1-6fcd-b407-9815-62ceeb9628f3">
      <Execution id="b04a648c-6966-44bf-bbe7-ea0a84070cb4" />
      <TestMethod codeBase="C:\Users\alena\Desktop\7_sem\testing_and_debugging\SkiResort\BL.Tests\bin\Debug\net6.0\BL.Tests.dll" adapterTypeName="executor://xunit/VsTestRunner2/netcoreapp" className="BL.Tests.TurnstilesServiceTest" name="TestAdminGetTurnstileAsync" />
    </UnitTest>
    <UnitTest name="BL.Tests.CheckPermissionsServiceTests.AuthorizedHasAccessToAuthorizedFunctions(functionName: &quot;SendMessageAsync&quot;)" storage="c:\users\alena\desktop\7_sem\testing_and_debugging\skiresort\bl.tests\bin\debug\net6.0\bl.tests.dll" id="644ec43e-70cd-c82d-42e7-0d990be1414d">
      <Execution id="d5de943d-f247-4436-97ee-4135c3f1f5f6" />
      <TestMethod codeBase="C:\Users\alena\Desktop\7_sem\testing_and_debugging\SkiResort\BL.Tests\bin\Debug\net6.0\BL.Tests.dll" adapterTypeName="executor://xunit/VsTestRunner2/netcoreapp" className="BL.Tests.CheckPermissionsServiceTests" name="AuthorizedHasAccessToAuthorizedFunctions" />
    </UnitTest>
    <UnitTest name="BL.Tests.CheckPermissionsServiceTests.UnauthorizedHasNoAccessToAuthorizedFunctions(functionName: &quot;LogOutAsync&quot;)" storage="c:\users\alena\desktop\7_sem\testing_and_debugging\skiresort\bl.tests\bin\debug\net6.0\bl.tests.dll" id="fa960c5e-f989-2880-784e-8efe538c5231">
      <Execution id="a982097a-10a6-4546-a068-71d801a17c3d" />
      <TestMethod codeBase="C:\Users\alena\Desktop\7_sem\testing_and_debugging\SkiResort\BL.Tests\bin\Debug\net6.0\BL.Tests.dll" adapterTypeName="executor://xunit/VsTestRunner2/netcoreapp" className="BL.Tests.CheckPermissionsServiceTests" name="UnauthorizedHasNoAccessToAuthorizedFunctions" />
    </UnitTest>
    <UnitTest name="BL.Tests.CheckPermissionsServiceTests.UnauthorizedHasNoAccessToAuthorizedFunctions(functionName: &quot;SendMessageAsync&quot;)" storage="c:\users\alena\desktop\7_sem\testing_and_debugging\skiresort\bl.tests\bin\debug\net6.0\bl.tests.dll" id="eaabd2fc-2f4b-5689-59c8-c7ad34a8f634">
      <Execution id="14bfc156-f0be-4105-a130-5ca49f17b40b" />
      <TestMethod codeBase="C:\Users\alena\Desktop\7_sem\testing_and_debugging\SkiResort\BL.Tests\bin\Debug\net6.0\BL.Tests.dll" adapterTypeName="executor://xunit/VsTestRunner2/netcoreapp" className="BL.Tests.CheckPermissionsServiceTests" name="UnauthorizedHasNoAccessToAuthorizedFunctions" />
    </UnitTest>
    <UnitTest name="BL.Tests.UsersServiceTests.TestRegisterUserWithRepeatedEmail" storage="c:\users\alena\desktop\7_sem\testing_and_debugging\skiresort\bl.tests\bin\debug\net6.0\bl.tests.dll" id="894941c1-bfa7-d8f9-c047-1e1ceefe2c2f">
      <Execution id="6b65f182-6f0d-4f5b-bfd1-38185266d4b5" />
      <TestMethod codeBase="C:\Users\alena\Desktop\7_sem\testing_and_debugging\SkiResort\BL.Tests\bin\Debug\net6.0\BL.Tests.dll" adapterTypeName="executor://xunit/VsTestRunner2/netcoreapp" className="BL.Tests.UsersServiceTests" name="TestRegisterUserWithRepeatedEmail" />
    </UnitTest>
    <UnitTest name="BL.Tests.SlopesServiceTest.TestGetSlopeInfoAsync(userID: 75, slope: Slope { SlopeID = 10, SlopeName = slopeName9c683da8-521e-4755-91b4-224c774b7ad2, IsOpen = True, DifficultyLevel = 224, ConnectedLifts =  }, checkPermissionServiceMock: Mock&lt;ICheckPermissionService:6&gt;, slopesRepositoryStub: Mock&lt;ISlopesRepository:4&gt;, liftsSlopesRepositoryStub: Mock&lt;ILiftsSlopesRepository:9&gt;, sut: SlopesService { })" storage="c:\users\alena\desktop\7_sem\testing_and_debugging\skiresort\bl.tests\bin\debug\net6.0\bl.tests.dll" id="5b4acd38-aeed-9139-918a-2c895dd8ac91">
      <Execution id="2af4323a-5f25-4057-92c6-0ef48ab8e670" />
      <TestMethod codeBase="C:\Users\alena\Desktop\7_sem\testing_and_debugging\SkiResort\BL.Tests\bin\Debug\net6.0\BL.Tests.dll" adapterTypeName="executor://xunit/VsTestRunner2/netcoreapp" className="BL.Tests.SlopesServiceTest" name="TestGetSlopeInfoAsync" />
    </UnitTest>
    <UnitTest name="BL.Tests.LiftsSlopesServiceTests.TestAdminAddAutoIncrementLiftSlopeAsync(lift: Lift { LiftID = 194, LiftName = liftName07dcc3ff-583e-4920-8ff6-fc4194f02f06, IsOpen = True, SeatsAmount = 9, LiftingTime = 197, QueueTime = 99, ConnectedSlopes =  }, slope: Slope { SlopeID = 231, SlopeName = slopeName6ee71a06-617a-40ad-b05e-8a487dfdd384, IsOpen = False, DifficultyLevel = 106, ConnectedLifts =  }, slopesRepositoryStub: Mock&lt;ISlopesRepository:3&gt;, ..." storage="c:\users\alena\desktop\7_sem\testing_and_debugging\skiresort\bl.tests\bin\debug\net6.0\bl.tests.dll" id="4627284f-e74d-d3af-45a3-c0c4ac5691de">
      <Execution id="bb55baf6-8d2a-43ed-8531-aa22f8537df6" />
      <TestMethod codeBase="C:\Users\alena\Desktop\7_sem\testing_and_debugging\SkiResort\BL.Tests\bin\Debug\net6.0\BL.Tests.dll" adapterTypeName="executor://xunit/VsTestRunner2/netcoreapp" className="BL.Tests.LiftsSlopesServiceTests" name="TestAdminAddAutoIncrementLiftSlopeAsync" />
    </UnitTest>
    <UnitTest name="BL.Tests.UsersServiceTests.TestRegisterUserWithNoEmail" storage="c:\users\alena\desktop\7_sem\testing_and_debugging\skiresort\bl.tests\bin\debug\net6.0\bl.tests.dll" id="8184bd30-991c-b78d-b4ec-99a485eac0dd">
      <Execution id="2115e504-adf9-4dcb-b285-e339c4b2e256" />
      <TestMethod codeBase="C:\Users\alena\Desktop\7_sem\testing_and_debugging\SkiResort\BL.Tests\bin\Debug\net6.0\BL.Tests.dll" adapterTypeName="executor://xunit/VsTestRunner2/netcoreapp" className="BL.Tests.UsersServiceTests" name="TestRegisterUserWithNoEmail" />
    </UnitTest>
    <UnitTest name="BL.Tests.LiftsServiceTest.TestUpdateLiftInfoAsync(userID: 116, lift: Lift { LiftID = 241, LiftName = liftName383a2a10-4363-4439-a90f-c924ba011051, IsOpen = True, SeatsAmount = 81, LiftingTime = 206, QueueTime = 84, ConnectedSlopes =  }, checkPermissionServiceMock: Mock&lt;ICheckPermissionService:3&gt;, liftsRepositoryStub: Mock&lt;ILiftsRepository:3&gt;, sut: LiftsService { })" storage="c:\users\alena\desktop\7_sem\testing_and_debugging\skiresort\bl.tests\bin\debug\net6.0\bl.tests.dll" id="5d343836-9913-31ef-ca06-b0dc78b5279b">
      <Execution id="47619d1e-886b-49f5-9faa-8266aca7718d" />
      <TestMethod codeBase="C:\Users\alena\Desktop\7_sem\testing_and_debugging\SkiResort\BL.Tests\bin\Debug\net6.0\BL.Tests.dll" adapterTypeName="executor://xunit/VsTestRunner2/netcoreapp" className="BL.Tests.LiftsServiceTest" name="TestUpdateLiftInfoAsync" />
    </UnitTest>
  </TestDefinitions>
  <TestEntries>
    <TestEntry testId="8184bd30-991c-b78d-b4ec-99a485eac0dd" executionId="2115e504-adf9-4dcb-b285-e339c4b2e256" testListId="8c84fa94-04c1-424b-9868-57a2d4851a1d" />
    <TestEntry testId="e2d7e5be-3dae-33ae-fb17-c704b6fd58d6" executionId="0fdd3463-01b6-4f3b-b511-2d19cdc1adfd" testListId="8c84fa94-04c1-424b-9868-57a2d4851a1d" />
    <TestEntry testId="5f752c11-6872-4d1d-c725-524774c21093" executionId="34f715bd-10ac-4116-a8a2-737219c125bc" testListId="8c84fa94-04c1-424b-9868-57a2d4851a1d" />
    <TestEntry testId="39be9b5e-0bc4-57dc-37d3-aec6b520299d" executionId="c109759f-3fba-4120-a5e6-152750d1b862" testListId="8c84fa94-04c1-424b-9868-57a2d4851a1d" />
    <TestEntry testId="06d0bc3a-24a0-fb7f-4277-e9ae6d21c7dd" executionId="32584883-e834-4d7e-84a2-98a1f8f4e6e2" testListId="8c84fa94-04c1-424b-9868-57a2d4851a1d" />
    <TestEntry testId="61e98b7f-0487-9a0f-459f-e5bab8204a85" executionId="2938f6b3-0c01-4c9d-99b6-fb90c8911f9a" testListId="8c84fa94-04c1-424b-9868-57a2d4851a1d" />
    <TestEntry testId="c36970dc-93f7-753e-fa47-157133b01644" executionId="cd539991-7afa-483a-a859-454f7d6a1a88" testListId="8c84fa94-04c1-424b-9868-57a2d4851a1d" />
    <TestEntry testId="aa28a6b3-21d3-aa45-24d3-bef2facbc899" executionId="53425f72-d557-4b3e-af5d-75248a7f2ff8" testListId="8c84fa94-04c1-424b-9868-57a2d4851a1d" />
    <TestEntry testId="1d4a81d1-6fcd-b407-9815-62ceeb9628f3" executionId="b04a648c-6966-44bf-bbe7-ea0a84070cb4" testListId="8c84fa94-04c1-424b-9868-57a2d4851a1d" />
    <TestEntry testId="834c739b-eca4-b36d-6a66-5a1bd75377b8" executionId="44969781-ea7b-4126-925b-eeaece4ebe05" testListId="8c84fa94-04c1-424b-9868-57a2d4851a1d" />
    <TestEntry testId="eaabd2fc-2f4b-5689-59c8-c7ad34a8f634" executionId="14bfc156-f0be-4105-a130-5ca49f17b40b" testListId="8c84fa94-04c1-424b-9868-57a2d4851a1d" />
    <TestEntry testId="644ec43e-70cd-c82d-42e7-0d990be1414d" executionId="d5de943d-f247-4436-97ee-4135c3f1f5f6" testListId="8c84fa94-04c1-424b-9868-57a2d4851a1d" />
    <TestEntry testId="387c9729-48c1-486e-5e67-f5d11a9f0db8" executionId="65cd334a-d73a-4fec-8732-28474fca93f2" testListId="8c84fa94-04c1-424b-9868-57a2d4851a1d" />
    <TestEntry testId="fb33a7d5-c01f-893b-e28d-c35699e648c5" executionId="d46f6a9c-0b97-4d51-af1f-41376437a0e8" testListId="8c84fa94-04c1-424b-9868-57a2d4851a1d" />
    <TestEntry testId="1e5817d7-dd3e-4b0e-bfbb-c26f53590143" executionId="2256b853-a7bc-419e-8633-66dede004bd4" testListId="8c84fa94-04c1-424b-9868-57a2d4851a1d" />
    <TestEntry testId="1d818d2c-964f-ae46-4155-34413017f56c" executionId="03f65471-1cfc-45ce-9a66-6e685e4400d0" testListId="8c84fa94-04c1-424b-9868-57a2d4851a1d" />
    <TestEntry testId="a19a5fcf-c5d2-7d44-5d7d-84403042f4e0" executionId="23336637-b1f4-4145-a432-757ad3864562" testListId="8c84fa94-04c1-424b-9868-57a2d4851a1d" />
    <TestEntry testId="4f297306-d4f3-8d63-e7f4-1ac0b8c58c74" executionId="642447bc-bce2-4e5b-b977-692c7264dcaa" testListId="8c84fa94-04c1-424b-9868-57a2d4851a1d" />
    <TestEntry testId="f3efc418-a8a6-c7b7-9bac-90b33aa8472f" executionId="332c7991-1b2a-4477-b33a-f4b617d48c39" testListId="8c84fa94-04c1-424b-9868-57a2d4851a1d" />
    <TestEntry testId="5b4acd38-aeed-9139-918a-2c895dd8ac91" executionId="2af4323a-5f25-4057-92c6-0ef48ab8e670" testListId="8c84fa94-04c1-424b-9868-57a2d4851a1d" />
    <TestEntry testId="4627284f-e74d-d3af-45a3-c0c4ac5691de" executionId="bb55baf6-8d2a-43ed-8531-aa22f8537df6" testListId="8c84fa94-04c1-424b-9868-57a2d4851a1d" />
    <TestEntry testId="18fa8c62-e27d-e1fc-8182-4d7db62b008d" executionId="0bda67f3-670e-46ec-8d40-e96159e634a9" testListId="8c84fa94-04c1-424b-9868-57a2d4851a1d" />
    <TestEntry testId="89c7db17-0b50-30b1-bbdc-9d400060bd6a" executionId="dd9b5895-3ea6-4987-b7ce-f27b495dd961" testListId="8c84fa94-04c1-424b-9868-57a2d4851a1d" />
    <TestEntry testId="5d343836-9913-31ef-ca06-b0dc78b5279b" executionId="47619d1e-886b-49f5-9faa-8266aca7718d" testListId="8c84fa94-04c1-424b-9868-57a2d4851a1d" />
    <TestEntry testId="492c0393-35b4-df26-a537-21ca08302f3c" executionId="fc638e1a-48ce-4611-9170-41c6c1c73949" testListId="8c84fa94-04c1-424b-9868-57a2d4851a1d" />
    <TestEntry testId="1ca07ad8-f799-c5d4-e7cc-34fd950198a2" executionId="d874c1e3-5276-465f-9349-a4356dbdc8c7" testListId="8c84fa94-04c1-424b-9868-57a2d4851a1d" />
    <TestEntry testId="60bd668f-04df-da5e-b79b-5d9aedb5234d" executionId="43d0bd7f-17df-4099-9f51-d5308a880597" testListId="8c84fa94-04c1-424b-9868-57a2d4851a1d" />
    <TestEntry testId="86135cd7-2a76-3ef9-f87b-2069f547c7eb" executionId="7d157307-9964-40b9-8faf-b80ff59cfa37" testListId="8c84fa94-04c1-424b-9868-57a2d4851a1d" />
    <TestEntry testId="ef57dca1-5eac-a0b0-7a53-1a80385f663a" executionId="6756d928-d042-4bc2-9ef9-7a4e09fd8fad" testListId="8c84fa94-04c1-424b-9868-57a2d4851a1d" />
    <TestEntry testId="9566ba54-7e79-cc8c-05fb-74f2c84fc7d9" executionId="357334bd-d7ac-4194-96d2-8735ee484b97" testListId="8c84fa94-04c1-424b-9868-57a2d4851a1d" />
    <TestEntry testId="2602613f-c8e2-a6d9-fcf7-5b27d4a770a6" executionId="27f659ec-69c8-4937-ad78-d419148aabec" testListId="8c84fa94-04c1-424b-9868-57a2d4851a1d" />
    <TestEntry testId="2d706594-f2b3-b3c8-21d4-86c9798c3306" executionId="35a9ebaf-d6ec-4c79-895b-ed1d86573d07" testListId="8c84fa94-04c1-424b-9868-57a2d4851a1d" />
    <TestEntry testId="bdf45a0e-cdf2-d5e7-35a4-05e398a2ce6a" executionId="4c3e2cab-1213-4765-9d23-bb79f4d1857e" testListId="8c84fa94-04c1-424b-9868-57a2d4851a1d" />
    <TestEntry testId="e4208341-8141-293a-2ece-9b2eec40072d" executionId="a7e40944-6b8d-444f-a97c-25df0157afd9" testListId="8c84fa94-04c1-424b-9868-57a2d4851a1d" />
    <TestEntry testId="e5497347-2721-b7a6-0bd4-69a9921f6947" executionId="e1f52c04-b1e5-43f4-830d-fe483e76cd11" testListId="8c84fa94-04c1-424b-9868-57a2d4851a1d" />
    <TestEntry testId="f44a1b21-8efc-bfac-63b4-d534442def31" executionId="8ce333d3-a6ad-4ccd-9b9e-c3ad042433fe" testListId="8c84fa94-04c1-424b-9868-57a2d4851a1d" />
    <TestEntry testId="229812f5-9a73-5335-11f5-31330d1348a5" executionId="a9cb1d3e-0da7-40bd-8021-1dd0563afe3a" testListId="8c84fa94-04c1-424b-9868-57a2d4851a1d" />
    <TestEntry testId="a2e59116-cb53-1d70-9cb8-21c286516866" executionId="d904f717-56c7-48f3-a988-e421a3219cdb" testListId="8c84fa94-04c1-424b-9868-57a2d4851a1d" />
    <TestEntry testId="fa960c5e-f989-2880-784e-8efe538c5231" executionId="a982097a-10a6-4546-a068-71d801a17c3d" testListId="8c84fa94-04c1-424b-9868-57a2d4851a1d" />
    <TestEntry testId="fb811c81-d314-320b-0c93-89405ef3f3b1" executionId="79b4d293-2de5-4417-863e-603f1e01ed29" testListId="8c84fa94-04c1-424b-9868-57a2d4851a1d" />
    <TestEntry testId="69340bb6-3645-f9dd-971e-29d8b2a009bb" executionId="ec1f4644-2bff-4ce4-8824-1e5308a10371" testListId="8c84fa94-04c1-424b-9868-57a2d4851a1d" />
    <TestEntry testId="0eeef75f-6e38-7893-a8fe-cff3e0a970a7" executionId="15b94bb1-9a7b-4b93-8e1a-eefb6cc2c818" testListId="8c84fa94-04c1-424b-9868-57a2d4851a1d" />
    <TestEntry testId="804e1521-8afd-0dec-fee4-a4188b19cece" executionId="c398fa90-c0d3-4002-a806-515adaa96698" testListId="8c84fa94-04c1-424b-9868-57a2d4851a1d" />
    <TestEntry testId="29c64362-09da-dbef-44d5-b7e4f59cf75e" executionId="42b326b3-df1f-4e5e-84ee-6823927e7f69" testListId="8c84fa94-04c1-424b-9868-57a2d4851a1d" />
    <TestEntry testId="20ad8570-0170-85de-dcd7-2f109dd7bcd6" executionId="64c9f123-1a42-4901-bb44-edf097c5f9c8" testListId="8c84fa94-04c1-424b-9868-57a2d4851a1d" />
    <TestEntry testId="894941c1-bfa7-d8f9-c047-1e1ceefe2c2f" executionId="6b65f182-6f0d-4f5b-bfd1-38185266d4b5" testListId="8c84fa94-04c1-424b-9868-57a2d4851a1d" />
    <TestEntry testId="9c7df5e2-1b23-ebea-889f-b78ca86b60ab" executionId="6c953f0d-9ddb-407d-87ee-a3b9c9c2c22e" testListId="8c84fa94-04c1-424b-9868-57a2d4851a1d" />
  </TestEntries>
  <TestLists>
    <TestList name="Список результатов" id="8c84fa94-04c1-424b-9868-57a2d4851a1d" />
    <TestList name="Все загруженные результаты" id="19431567-8539-422a-85d7-44ee4e166bda" />
  </TestLists>
  <ResultSummary outcome="Completed">
    <Counters total="47" executed="47" passed="47" failed="0" error="0" timeout="0" aborted="0" inconclusive="0" passedButRunAborted="0" notRunnable="0" notExecuted="0" disconnected="0" warning="0" completed="0" inProgress="0" pending="0" />
    <Output>
      <StdOut>[xUnit.net 00:00:00.00] xUnit.net VSTest Adapter v2.4.5+1caef2f33e (64-bit .NET 6.0.3)&#xD;
[xUnit.net 00:00:00.44]   Discovering: BL.Tests&#xD;
[xUnit.net 00:00:00.63]   Discovered:  BL.Tests&#xD;
[xUnit.net 00:00:00.64]   Starting:    BL.Tests&#xD;
[xUnit.net 00:00:00.88]   Finished:    BL.Tests&#xD;
</StdOut>
    </Output>
  </ResultSummary>
</TestRun>