<?xml version="1.0" encoding="utf-8"?>
<TestRun id="224dc5a9-df5d-498b-bb28-5064ffbed882" name="alena@DESKTOP-TJ9D65N 2022-10-15 22:08:00" runUser="DESKTOP-TJ9D65N\alena" xmlns="http://microsoft.com/schemas/VisualStudio/TeamTest/2010">
  <Times creation="2022-10-15T22:08:00.4117766+03:00" queuing="2022-10-15T22:08:00.4117770+03:00" start="2022-10-15T22:07:58.9390842+03:00" finish="2022-10-15T22:08:00.4692047+03:00" />
  <TestSettings name="default" id="bbade974-7876-4631-a31f-eb498e408ca3">
    <Deployment runDeploymentRoot="alena_DESKTOP-TJ9D65N_2022-10-15_22_08_00" />
  </TestSettings>
  <Results>
    <UnitTestResult executionId="aaaebbc6-b4ea-4d9b-8d88-f78b644cba25" testId="a2e59116-cb53-1d70-9cb8-21c286516866" testName="BL.Tests.CheckPermissionsServiceTests.AuthorizedHasNoAccessToAdminFunctions" computerName="DESKTOP-TJ9D65N" duration="00:00:00.0021151" startTime="2022-10-15T22:08:00.3655927+03:00" endTime="2022-10-15T22:08:00.3655928+03:00" testType="13cdc9d9-ddb5-4fa4-a97d-d965ccfc6d4b" outcome="Passed" testListId="8c84fa94-04c1-424b-9868-57a2d4851a1d" relativeResultsDirectory="aaaebbc6-b4ea-4d9b-8d88-f78b644cba25" />
    <UnitTestResult executionId="0642ea46-71aa-46bb-a6c1-f16cc2aaed2c" testId="e5497347-2721-b7a6-0bd4-69a9921f6947" testName="BL.Tests.UsersServiceTests.TestAdminGetUserByIDAsync" computerName="DESKTOP-TJ9D65N" duration="00:00:00.0052547" startTime="2022-10-15T22:08:00.3864736+03:00" endTime="2022-10-15T22:08:00.3864737+03:00" testType="13cdc9d9-ddb5-4fa4-a97d-d965ccfc6d4b" outcome="Passed" testListId="8c84fa94-04c1-424b-9868-57a2d4851a1d" relativeResultsDirectory="0642ea46-71aa-46bb-a6c1-f16cc2aaed2c" />
    <UnitTestResult executionId="6e021504-dc6b-4ee5-a5b2-f4e4f7715534" testId="eaabd2fc-2f4b-5689-59c8-c7ad34a8f634" testName="BL.Tests.CheckPermissionsServiceTests.UnauthorizedHasNoAccessToAuthorizedFunctions(functionName: &quot;SendMessageAsync&quot;)" computerName="DESKTOP-TJ9D65N" duration="00:00:00.0020366" startTime="2022-10-15T22:08:00.3639336+03:00" endTime="2022-10-15T22:08:00.3639337+03:00" testType="13cdc9d9-ddb5-4fa4-a97d-d965ccfc6d4b" outcome="Passed" testListId="8c84fa94-04c1-424b-9868-57a2d4851a1d" relativeResultsDirectory="6e021504-dc6b-4ee5-a5b2-f4e4f7715534" />
    <UnitTestResult executionId="757f0561-39d7-4806-bb14-46f22eabaa93" testId="8184bd30-991c-b78d-b4ec-99a485eac0dd" testName="BL.Tests.UsersServiceTests.TestRegisterUserWithNoEmail" computerName="DESKTOP-TJ9D65N" duration="00:00:00.0027628" startTime="2022-10-15T22:08:00.3623558+03:00" endTime="2022-10-15T22:08:00.3623558+03:00" testType="13cdc9d9-ddb5-4fa4-a97d-d965ccfc6d4b" outcome="Passed" testListId="8c84fa94-04c1-424b-9868-57a2d4851a1d" relativeResultsDirectory="757f0561-39d7-4806-bb14-46f22eabaa93" />
    <UnitTestResult executionId="6f213919-cb99-4245-be9b-557ea7ab67f6" testId="894941c1-bfa7-d8f9-c047-1e1ceefe2c2f" testName="BL.Tests.UsersServiceTests.TestRegisterUserWithRepeatedEmail" computerName="DESKTOP-TJ9D65N" duration="00:00:00.0032948" startTime="2022-10-15T22:08:00.3640380+03:00" endTime="2022-10-15T22:08:00.3640380+03:00" testType="13cdc9d9-ddb5-4fa4-a97d-d965ccfc6d4b" outcome="Passed" testListId="8c84fa94-04c1-424b-9868-57a2d4851a1d" relativeResultsDirectory="6f213919-cb99-4245-be9b-557ea7ab67f6" />
    <UnitTestResult executionId="6e010de8-e2b6-40f7-bb72-d55b31fb5d88" testId="fa960c5e-f989-2880-784e-8efe538c5231" testName="BL.Tests.CheckPermissionsServiceTests.UnauthorizedHasNoAccessToAuthorizedFunctions(functionName: &quot;LogOutAsync&quot;)" computerName="DESKTOP-TJ9D65N" duration="00:00:00.0014251" startTime="2022-10-15T22:08:00.3642866+03:00" endTime="2022-10-15T22:08:00.3642867+03:00" testType="13cdc9d9-ddb5-4fa4-a97d-d965ccfc6d4b" outcome="Passed" testListId="8c84fa94-04c1-424b-9868-57a2d4851a1d" relativeResultsDirectory="6e010de8-e2b6-40f7-bb72-d55b31fb5d88" />
    <UnitTestResult executionId="86a7d385-6d4a-40c8-8f76-f8147ab756cc" testId="03df4fdd-979a-3f32-97c5-80febef78daf" testName="BL.Tests.LiftsServiceTest.TestGetLiftsInfoAsync(userID: 175, initialLifts: [Lift { LiftID = 47, LiftName = liftNamef0cabad1-856c-4b65-8d25-f2b8a3c6a654, IsOpen = True, SeatsAmount = 202, LiftingTime = 131, QueueTime = 106, ConnectedSlopes =  }, Lift { LiftID = 181, LiftName = liftNamee96ab9fd-b7be-4418-9f09-b16a113791f4, IsOpen = False, SeatsAmount = 71, LiftingTime = 217, QueueTime = 218, ConnectedSlopes =  }, Lift { LiftID = 103, LiftName = liftNamea4b35ef0-34f5-4cb8-a72a-1535d94bf486, IsOpen = True, SeatsAmount = 83, LiftingTime = 182, QueueTime = 199, ConnectedSlopes =  }], checkPermissionServiceMock: Mock&lt;ICheckPermissionService:2&gt;, liftsRepositoryStub: Mock&lt;ILiftsRepository:2&gt;, liftsSlopesRepositoryStub: Mock&lt;ILiftsSlopesRepository:2&gt;, sut: LiftsService { })" computerName="DESKTOP-TJ9D65N" duration="00:00:00.0099558" startTime="2022-10-15T22:08:00.3920860+03:00" endTime="2022-10-15T22:08:00.3920861+03:00" testType="13cdc9d9-ddb5-4fa4-a97d-d965ccfc6d4b" outcome="Passed" testListId="8c84fa94-04c1-424b-9868-57a2d4851a1d" relativeResultsDirectory="86a7d385-6d4a-40c8-8f76-f8147ab756cc" />
    <UnitTestResult executionId="1a5d994e-d873-4053-9a69-cdbec4ed1dcb" testId="492c0393-35b4-df26-a537-21ca08302f3c" testName="BL.Tests.CheckPermissionsServiceTests.SkiPatrolHasNoAccessToAdminFunctions" computerName="DESKTOP-TJ9D65N" duration="00:00:00.0031625" startTime="2022-10-15T22:08:00.3924327+03:00" endTime="2022-10-15T22:08:00.3924328+03:00" testType="13cdc9d9-ddb5-4fa4-a97d-d965ccfc6d4b" outcome="Passed" testListId="8c84fa94-04c1-424b-9868-57a2d4851a1d" relativeResultsDirectory="1a5d994e-d873-4053-9a69-cdbec4ed1dcb" />
    <UnitTestResult executionId="c4307b43-212f-4427-a084-a96db1824856" testId="06d0bc3a-24a0-fb7f-4277-e9ae6d21c7dd" testName="BL.Tests.UsersServiceTests.TestAdminUpdateUser" computerName="DESKTOP-TJ9D65N" duration="00:00:00.0059154" startTime="2022-10-15T22:08:00.3645011+03:00" endTime="2022-10-15T22:08:00.3645012+03:00" testType="13cdc9d9-ddb5-4fa4-a97d-d965ccfc6d4b" outcome="Passed" testListId="8c84fa94-04c1-424b-9868-57a2d4851a1d" relativeResultsDirectory="c4307b43-212f-4427-a084-a96db1824856" />
    <UnitTestResult executionId="8c7adb6e-d7c2-4074-af14-82084f4dcb8e" testId="20ad8570-0170-85de-dcd7-2f109dd7bcd6" testName="BL.Tests.UsersServiceTests.TestAdminGetUsers" computerName="DESKTOP-TJ9D65N" duration="00:00:00.0377423" startTime="2022-10-15T22:08:00.2817475+03:00" endTime="2022-10-15T22:08:00.2817475+03:00" testType="13cdc9d9-ddb5-4fa4-a97d-d965ccfc6d4b" outcome="Passed" testListId="8c84fa94-04c1-424b-9868-57a2d4851a1d" relativeResultsDirectory="8c7adb6e-d7c2-4074-af14-82084f4dcb8e" />
    <UnitTestResult executionId="cb87c508-8fae-417b-8def-dea556523576" testId="9c7df5e2-1b23-ebea-889f-b78ca86b60ab" testName="BL.Tests.CheckPermissionsServiceTests.AuthorizedHasNoAccessToAdminSkiPatrolFunctions(functionName: &quot;MarkMessageReadByUserAsync&quot;)" computerName="DESKTOP-TJ9D65N" duration="00:00:00.0009891" startTime="2022-10-15T22:08:00.3677770+03:00" endTime="2022-10-15T22:08:00.3677771+03:00" testType="13cdc9d9-ddb5-4fa4-a97d-d965ccfc6d4b" outcome="Passed" testListId="8c84fa94-04c1-424b-9868-57a2d4851a1d" relativeResultsDirectory="cb87c508-8fae-417b-8def-dea556523576" />
    <UnitTestResult executionId="497e42eb-afdc-4b98-8ab9-8d6197a52849" testId="a0857e00-9b20-6859-c583-e98ad8e73f6b" testName="BL.Tests.SlopesServiceTest.TestGetSlopesInfoAsync(userID: 1, initialSlopes: [Slope { SlopeID = 188, SlopeName = slopeName0d95a75b-4f78-498a-b429-b11ca661c240, IsOpen = True, DifficultyLevel = 40, ConnectedLifts =  }, Slope { SlopeID = 180, SlopeName = slopeName692fa1e9-70a8-44ab-ada1-101cc107dfe9, IsOpen = False, DifficultyLevel = 34, ConnectedLifts =  }, Slope { SlopeID = 48, SlopeName = slopeNameab38c799-d059-4987-8fdb-d894eb216b7c, IsOpen = True, DifficultyLevel = 230, ConnectedLifts =  }], checkPermissionServiceMock: Mock&lt;ICheckPermissionService:7&gt;, slopesRepositoryStub: Mock&lt;ISlopesRepository:5&gt;, liftsSlopesRepositoryStub: Mock&lt;ILiftsSlopesRepository:10&gt;, sut: SlopesService { })" computerName="DESKTOP-TJ9D65N" duration="00:00:00.0471424" startTime="2022-10-15T22:08:00.3658410+03:00" endTime="2022-10-15T22:08:00.3658411+03:00" testType="13cdc9d9-ddb5-4fa4-a97d-d965ccfc6d4b" outcome="Passed" testListId="8c84fa94-04c1-424b-9868-57a2d4851a1d" relativeResultsDirectory="497e42eb-afdc-4b98-8ab9-8d6197a52849" />
    <UnitTestResult executionId="3025bb4b-ae87-4ec9-a5bb-b6ce60d344e5" testId="18fa8c62-e27d-e1fc-8182-4d7db62b008d" testName="BL.Tests.UsersServiceTests.TestAdminDeleteUser" computerName="DESKTOP-TJ9D65N" duration="00:00:00.0035242" startTime="2022-10-15T22:08:00.3927071+03:00" endTime="2022-10-15T22:08:00.3927072+03:00" testType="13cdc9d9-ddb5-4fa4-a97d-d965ccfc6d4b" outcome="Passed" testListId="8c84fa94-04c1-424b-9868-57a2d4851a1d" relativeResultsDirectory="3025bb4b-ae87-4ec9-a5bb-b6ce60d344e5" />
    <UnitTestResult executionId="c2b21a82-5227-4298-9351-7abad8ec4248" testId="d96804bb-4309-0bbd-a218-2ad8179218db" testName="BL.Tests.TurnstilesServiceTest.TestAdminDeleteTurnstileAsync(userID: 93, turnstile: Turnstile { TurnstileID = 31, LiftID = 233, IsOpen = True }, checkPermissionServiceMock: Mock&lt;ICheckPermissionService:15&gt;, turnstilesRepositoryStub: Mock&lt;ITurnstilesRepository:9&gt;, sut: TurnstilesService { })" computerName="DESKTOP-TJ9D65N" duration="00:00:00.0308389" startTime="2022-10-15T22:08:00.2816436+03:00" endTime="2022-10-15T22:08:00.2816437+03:00" testType="13cdc9d9-ddb5-4fa4-a97d-d965ccfc6d4b" outcome="Passed" testListId="8c84fa94-04c1-424b-9868-57a2d4851a1d" relativeResultsDirectory="c2b21a82-5227-4298-9351-7abad8ec4248" />
    <UnitTestResult executionId="359cc107-ad3a-492d-9443-8878a01137e0" testId="451906a8-933e-2671-acc1-cac125d8b8be" testName="BL.Tests.TurnstilesServiceTest.TestAdminUpdateTurnstileAsync(userID: 15, turnstile: Turnstile { TurnstileID = 225, LiftID = 107, IsOpen = True }, checkPermissionServiceMock: Mock&lt;ICheckPermissionService:14&gt;, turnstilesRepositoryStub: Mock&lt;ITurnstilesRepository:8&gt;, sut: TurnstilesService { })" computerName="DESKTOP-TJ9D65N" duration="00:00:00.0050698" startTime="2022-10-15T22:08:00.3644331+03:00" endTime="2022-10-15T22:08:00.3644332+03:00" testType="13cdc9d9-ddb5-4fa4-a97d-d965ccfc6d4b" outcome="Passed" testListId="8c84fa94-04c1-424b-9868-57a2d4851a1d" relativeResultsDirectory="359cc107-ad3a-492d-9443-8878a01137e0" />
    <UnitTestResult executionId="93445a37-e512-4d65-bb96-ed06c005ce4e" testId="69340bb6-3645-f9dd-971e-29d8b2a009bb" testName="BL.Tests.UsersServiceTests.TestLogInWithWrongPassword" computerName="DESKTOP-TJ9D65N" duration="00:00:00.0024611" startTime="2022-10-15T22:08:00.3690641+03:00" endTime="2022-10-15T22:08:00.3690642+03:00" testType="13cdc9d9-ddb5-4fa4-a97d-d965ccfc6d4b" outcome="Passed" testListId="8c84fa94-04c1-424b-9868-57a2d4851a1d" relativeResultsDirectory="93445a37-e512-4d65-bb96-ed06c005ce4e" />
    <UnitTestResult executionId="d9d47a99-f5ac-4d7a-8a27-ae0063c1fde6" testId="5e486300-ac32-5e4f-499a-436618240a72" testName="BL.Tests.LiftsServiceTest.TestUpdateLiftInfoAsync(userID: 68, lift: Lift { LiftID = 219, LiftName = liftName12616bdf-4895-46af-b7f7-fa5950c3addc, IsOpen = True, SeatsAmount = 113, LiftingTime = 154, QueueTime = 204, ConnectedSlopes =  }, checkPermissionServiceMock: Mock&lt;ICheckPermissionService:3&gt;, liftsRepositoryStub: Mock&lt;ILiftsRepository:3&gt;, sut: LiftsService { })" computerName="DESKTOP-TJ9D65N" duration="00:00:00.0065668" startTime="2022-10-15T22:08:00.3688601+03:00" endTime="2022-10-15T22:08:00.3688603+03:00" testType="13cdc9d9-ddb5-4fa4-a97d-d965ccfc6d4b" outcome="Passed" testListId="8c84fa94-04c1-424b-9868-57a2d4851a1d" relativeResultsDirectory="d9d47a99-f5ac-4d7a-8a27-ae0063c1fde6" />
    <UnitTestResult executionId="9de3471c-bb89-4b85-8bc4-170e1409c3b2" testId="f3efc418-a8a6-c7b7-9bac-90b33aa8472f" testName="BL.Tests.CheckPermissionsServiceTests.AdminHasAccessToAllFunctions" computerName="DESKTOP-TJ9D65N" duration="00:00:00.0016504" startTime="2022-10-15T22:08:00.3967287+03:00" endTime="2022-10-15T22:08:00.3967288+03:00" testType="13cdc9d9-ddb5-4fa4-a97d-d965ccfc6d4b" outcome="Passed" testListId="8c84fa94-04c1-424b-9868-57a2d4851a1d" relativeResultsDirectory="9de3471c-bb89-4b85-8bc4-170e1409c3b2" />
    <UnitTestResult executionId="d5a0256a-888e-42c2-9e04-c451af8a7ffe" testId="0d1f7f33-d8f0-0b86-f817-26292691431f" testName="BL.Tests.SlopesServiceTest.TestUpdateSlopeInfoAsync(userID: 196, slope: Slope { SlopeID = 199, SlopeName = slopeName70c2f58a-c91c-4d4c-ae46-4612bfcefe69, IsOpen = True, DifficultyLevel = 140, ConnectedLifts =  }, checkPermissionServiceMock: Mock&lt;ICheckPermissionService:8&gt;, slopesRepositoryStub: Mock&lt;ISlopesRepository:6&gt;, sut: SlopesService { })" computerName="DESKTOP-TJ9D65N" duration="00:00:00.0317472" startTime="2022-10-15T22:08:00.2784406+03:00" endTime="2022-10-15T22:08:00.2784623+03:00" testType="13cdc9d9-ddb5-4fa4-a97d-d965ccfc6d4b" outcome="Passed" testListId="8c84fa94-04c1-424b-9868-57a2d4851a1d" relativeResultsDirectory="d5a0256a-888e-42c2-9e04-c451af8a7ffe" />
    <UnitTestResult executionId="2c3defc4-8e9d-445b-8338-1ce983e6b25d" testId="b9bdefac-128d-f4ff-e744-f5fc71d807db" testName="BL.Tests.TurnstilesServiceTest.TestAdminGetTurnstilesAsync(userID: 183, initialTurnstiles: [Turnstile { TurnstileID = 243, LiftID = 130, IsOpen = True }, Turnstile { TurnstileID = 66, LiftID = 204, IsOpen = False }, Turnstile { TurnstileID = 17, LiftID = 237, IsOpen = True }], checkPermissionServiceMock: Mock&lt;ICheckPermissionService:13&gt;, turnstilesRepositoryStub: Mock&lt;ITurnstilesRepository:7&gt;, sut: TurnstilesService { })" computerName="DESKTOP-TJ9D65N" duration="00:00:00.0061033" startTime="2022-10-15T22:08:00.3654737+03:00" endTime="2022-10-15T22:08:00.3654738+03:00" testType="13cdc9d9-ddb5-4fa4-a97d-d965ccfc6d4b" outcome="Passed" testListId="8c84fa94-04c1-424b-9868-57a2d4851a1d" relativeResultsDirectory="2c3defc4-8e9d-445b-8338-1ce983e6b25d" />
    <UnitTestResult executionId="02cb9ef3-856d-46ba-b87e-15682b8d29fc" testId="635e7893-0e50-45db-0b9c-bf7b7d741de9" testName="BL.Tests.LiftsServiceTest.TestAdminAddAutoIncrementLiftAsync(userID: 155, lift: Lift { LiftID = 217, LiftName = liftNamedc23efa7-c23a-4cc3-b11f-39634d8f11b3, IsOpen = True, SeatsAmount = 104, LiftingTime = 244, QueueTime = 110, ConnectedSlopes =  }, checkPermissionServiceMock: Mock&lt;ICheckPermissionService:5&gt;, liftsRepositoryStub: Mock&lt;ILiftsRepository:5&gt;, sut: LiftsService { })" computerName="DESKTOP-TJ9D65N" duration="00:00:00.0331195" startTime="2022-10-15T22:08:00.2817069+03:00" endTime="2022-10-15T22:08:00.2817069+03:00" testType="13cdc9d9-ddb5-4fa4-a97d-d965ccfc6d4b" outcome="Passed" testListId="8c84fa94-04c1-424b-9868-57a2d4851a1d" relativeResultsDirectory="02cb9ef3-856d-46ba-b87e-15682b8d29fc" />
    <UnitTestResult executionId="bf56bbe4-54e3-48ba-bd37-cc21bf13b7e3" testId="834c739b-eca4-b36d-6a66-5a1bd75377b8" testName="BL.Tests.UsersServiceTests.TestAdminAddAutoIncrementUser" computerName="DESKTOP-TJ9D65N" duration="00:00:00.0062580" startTime="2022-10-15T22:08:00.3781594+03:00" endTime="2022-10-15T22:08:00.3781595+03:00" testType="13cdc9d9-ddb5-4fa4-a97d-d965ccfc6d4b" outcome="Passed" testListId="8c84fa94-04c1-424b-9868-57a2d4851a1d" relativeResultsDirectory="bf56bbe4-54e3-48ba-bd37-cc21bf13b7e3" />
    <UnitTestResult executionId="46f9845b-45e9-41b3-8149-8e6d4ccb2374" testId="467ad67f-b1f3-fcde-937c-62e6452a6289" testName="BL.Tests.LiftsServiceTest.TestAdminDeleteLiftAsync(userID: 175, lift: Lift { LiftID = 167, LiftName = liftName15471f6f-30c4-41c3-afe0-0da7df4b2efe, IsOpen = True, SeatsAmount = 24, LiftingTime = 20, QueueTime = 253, ConnectedSlopes =  }, checkPermissionServiceMock: Mock&lt;ICheckPermissionService:4&gt;, liftsRepositoryStub: Mock&lt;ILiftsRepository:4&gt;, liftsSlopesRepositoryStub: Mock&lt;ILiftsSlopesRepository:4&gt;, sut: LiftsService { })" computerName="DESKTOP-TJ9D65N" duration="00:00:00.0383960" startTime="2022-10-15T22:08:00.3656159+03:00" endTime="2022-10-15T22:08:00.3656160+03:00" testType="13cdc9d9-ddb5-4fa4-a97d-d965ccfc6d4b" outcome="Passed" testListId="8c84fa94-04c1-424b-9868-57a2d4851a1d" relativeResultsDirectory="46f9845b-45e9-41b3-8149-8e6d4ccb2374" />
    <UnitTestResult executionId="020e24c9-80c0-4754-b9bc-1718bfa2994c" testId="a0867e60-dd0f-99ca-e1c2-3e606c3065b6" testName="BL.Tests.LiftsServiceTest.TestGetLiftInfoAsync(userID: 238, lift: Lift { LiftID = 156, LiftName = liftNameb50a71d9-0d6a-467c-8e69-5bc927ee112a, IsOpen = True, SeatsAmount = 129, LiftingTime = 236, QueueTime = 79, ConnectedSlopes =  }, checkPermissionServiceMock: Mock&lt;ICheckPermissionService:1&gt;, liftsRepositoryStub: Mock&lt;ILiftsRepository:1&gt;, liftsSlopesRepositoryStub: Mock&lt;ILiftsSlopesRepository:1&gt;, sut: LiftsService { })" computerName="DESKTOP-TJ9D65N" duration="00:00:00.0071139" startTime="2022-10-15T22:08:00.3788642+03:00" endTime="2022-10-15T22:08:00.3788643+03:00" testType="13cdc9d9-ddb5-4fa4-a97d-d965ccfc6d4b" outcome="Passed" testListId="8c84fa94-04c1-424b-9868-57a2d4851a1d" relativeResultsDirectory="020e24c9-80c0-4754-b9bc-1718bfa2994c" />
    <UnitTestResult executionId="e5e47e0c-a444-46fb-8ae6-6c39d05eb79c" testId="c36970dc-93f7-753e-fa47-157133b01644" testName="BL.Tests.CheckPermissionsServiceTests.SkiPatrolHasAccessToAdminSkiPatrolFunctions(functionName: &quot;GetMessagesAsync&quot;)" computerName="DESKTOP-TJ9D65N" duration="00:00:00.0008944" startTime="2022-10-15T22:08:00.3654946+03:00" endTime="2022-10-15T22:08:00.3654947+03:00" testType="13cdc9d9-ddb5-4fa4-a97d-d965ccfc6d4b" outcome="Passed" testListId="8c84fa94-04c1-424b-9868-57a2d4851a1d" relativeResultsDirectory="e5e47e0c-a444-46fb-8ae6-6c39d05eb79c" />
    <UnitTestResult executionId="87e82ddc-6cf3-4e0f-b518-5438dc6725a3" testId="2d706594-f2b3-b3c8-21d4-86c9798c3306" testName="BL.Tests.CheckPermissionsServiceTests.SkiPatrolHasAccessToAdminSkiPatrolFunctions(functionName: &quot;GetLiftsSlopesInfoAsync&quot;)" computerName="DESKTOP-TJ9D65N" duration="00:00:00.0040654" startTime="2022-10-15T22:08:00.3645253+03:00" endTime="2022-10-15T22:08:00.3645253+03:00" testType="13cdc9d9-ddb5-4fa4-a97d-d965ccfc6d4b" outcome="Passed" testListId="8c84fa94-04c1-424b-9868-57a2d4851a1d" relativeResultsDirectory="87e82ddc-6cf3-4e0f-b518-5438dc6725a3" />
    <UnitTestResult executionId="83325f7b-a945-4484-989e-51cc3c4680fa" testId="a3f53dd3-ae28-fdc3-351a-a4ab3d427a70" testName="BL.Tests.LiftsSlopesServiceTests.TestAdminDeleteLiftSlopeAsync(lift: Lift { LiftID = 78, LiftName = liftName173cacf7-78f5-4300-9583-d2bc0afcf9b6, IsOpen = True, SeatsAmount = 202, LiftingTime = 88, QueueTime = 252, ConnectedSlopes =  }, slope: Slope { SlopeID = 122, SlopeName = slopeName28d4bac6-21eb-43c6-b605-f5be2453177d, IsOpen = False, DifficultyLevel = 132, ConnectedLifts =  }, slopesRepositoryStub: Mock&lt;ISlopesRepository:2&gt;, liftsRepositoryStub: Mock&lt;ILiftsRepository:7&gt;, liftsSlopesRepositoryStub: Mock&lt;ILiftsSlopesRepository:7&gt;)" computerName="DESKTOP-TJ9D65N" duration="00:00:00.0306919" startTime="2022-10-15T22:08:00.2816990+03:00" endTime="2022-10-15T22:08:00.2816990+03:00" testType="13cdc9d9-ddb5-4fa4-a97d-d965ccfc6d4b" outcome="Passed" testListId="8c84fa94-04c1-424b-9868-57a2d4851a1d" relativeResultsDirectory="83325f7b-a945-4484-989e-51cc3c4680fa" />
    <UnitTestResult executionId="3c946338-4265-4287-9341-f3a516fb269a" testId="f44a1b21-8efc-bfac-63b4-d534442def31" testName="BL.Tests.UsersServiceTests.TestRegisterUserWithNoPassword" computerName="DESKTOP-TJ9D65N" duration="00:00:00.0016967" startTime="2022-10-15T22:08:00.3625616+03:00" endTime="2022-10-15T22:08:00.3625617+03:00" testType="13cdc9d9-ddb5-4fa4-a97d-d965ccfc6d4b" outcome="Passed" testListId="8c84fa94-04c1-424b-9868-57a2d4851a1d" relativeResultsDirectory="3c946338-4265-4287-9341-f3a516fb269a" />
    <UnitTestResult executionId="4a93c34d-16c1-498b-abe5-4be90cc5596c" testId="7f8339df-47e3-adf0-110c-508491f83c9b" testName="BL.Tests.LiftsSlopesServiceTests.TestAdminAddAutoIncrementLiftSlopeAsync(lift: Lift { LiftID = 161, LiftName = liftNameb4ca0725-de5b-422a-8094-80837e37ccfd, IsOpen = True, SeatsAmount = 19, LiftingTime = 77, QueueTime = 38, ConnectedSlopes =  }, slope: Slope { SlopeID = 16, SlopeName = slopeName125b9bce-8580-483c-a2e8-32ad11de980d, IsOpen = False, DifficultyLevel = 212, ConnectedLifts =  }, slopesRepositoryStub: Mock&lt;ISlopesRepository:3&gt;, liftsRepositoryStub: Mock&lt;ILiftsRepository:8&gt;, liftsSlopesRepositoryStub: Mock&lt;ILiftsSlopesRepository:8&gt;)" computerName="DESKTOP-TJ9D65N" duration="00:00:00.0070751" startTime="2022-10-15T22:08:00.3624879+03:00" endTime="2022-10-15T22:08:00.3624880+03:00" testType="13cdc9d9-ddb5-4fa4-a97d-d965ccfc6d4b" outcome="Passed" testListId="8c84fa94-04c1-424b-9868-57a2d4851a1d" relativeResultsDirectory="4a93c34d-16c1-498b-abe5-4be90cc5596c" />
    <UnitTestResult executionId="6caadd8c-a5d4-4661-a49d-79a192e02669" testId="aa28a6b3-21d3-aa45-24d3-bef2facbc899" testName="BL.Tests.CheckPermissionsServiceTests.AuthorizedHasAccessToAuthorizedFunctions(functionName: &quot;LogOutAsync&quot;)" computerName="DESKTOP-TJ9D65N" duration="00:00:00.0014407" startTime="2022-10-15T22:08:00.3807955+03:00" endTime="2022-10-15T22:08:00.3807956+03:00" testType="13cdc9d9-ddb5-4fa4-a97d-d965ccfc6d4b" outcome="Passed" testListId="8c84fa94-04c1-424b-9868-57a2d4851a1d" relativeResultsDirectory="6caadd8c-a5d4-4661-a49d-79a192e02669" />
    <UnitTestResult executionId="c76db232-93b4-44d1-835c-27f93e3e5a9a" testId="d31e5e98-087d-dbf3-ce7b-34c7d5b9963c" testName="BL.Tests.TurnstilesServiceTest.TestAdminGetTurnstileAsync(userID: 223, turnstile: Turnstile { TurnstileID = 219, LiftID = 90, IsOpen = True }, checkPermissionServiceMock: Mock&lt;ICheckPermissionService:12&gt;, turnstilesRepositoryStub: Mock&lt;ITurnstilesRepository:6&gt;, sut: TurnstilesService { })" computerName="DESKTOP-TJ9D65N" duration="00:00:00.0042974" startTime="2022-10-15T22:08:00.3624040+03:00" endTime="2022-10-15T22:08:00.3624041+03:00" testType="13cdc9d9-ddb5-4fa4-a97d-d965ccfc6d4b" outcome="Passed" testListId="8c84fa94-04c1-424b-9868-57a2d4851a1d" relativeResultsDirectory="c76db232-93b4-44d1-835c-27f93e3e5a9a" />
    <UnitTestResult executionId="0df7dbf2-8b8f-491d-8264-3dcb17e73c77" testId="a19a5fcf-c5d2-7d44-5d7d-84403042f4e0" testName="BL.Tests.CheckPermissionsServiceTests.UnauthorizedHasNoAccessToAdminSkiPatrolFunctions(functionName: &quot;MarkMessageReadByUserAsync&quot;)" computerName="DESKTOP-TJ9D65N" duration="00:00:00.0308144" startTime="2022-10-15T22:08:00.2816872+03:00" endTime="2022-10-15T22:08:00.2816873+03:00" testType="13cdc9d9-ddb5-4fa4-a97d-d965ccfc6d4b" outcome="Passed" testListId="8c84fa94-04c1-424b-9868-57a2d4851a1d" relativeResultsDirectory="0df7dbf2-8b8f-491d-8264-3dcb17e73c77" />
    <UnitTestResult executionId="aa483361-b0de-4e65-96d8-7f7542ff1f20" testId="950cd934-fce0-0223-10b7-0f6f12034d2b" testName="BL.Tests.SlopesServiceTest.TestAdminDeleteSlopeAsync(userID: 148, slope: Slope { SlopeID = 53, SlopeName = slopeName3a047b64-c3a3-40ee-a457-415675e5e5c1, IsOpen = True, DifficultyLevel = 26, ConnectedLifts =  }, checkPermissionServiceMock: Mock&lt;ICheckPermissionService:9&gt;, slopesRepositoryStub: Mock&lt;ISlopesRepository:7&gt;, liftsSlopesRepositoryStub: Mock&lt;ILiftsSlopesRepository:12&gt;, sut: SlopesService { })" computerName="DESKTOP-TJ9D65N" duration="00:00:00.0050653" startTime="2022-10-15T22:08:00.3888442+03:00" endTime="2022-10-15T22:08:00.3888443+03:00" testType="13cdc9d9-ddb5-4fa4-a97d-d965ccfc6d4b" outcome="Passed" testListId="8c84fa94-04c1-424b-9868-57a2d4851a1d" relativeResultsDirectory="aa483361-b0de-4e65-96d8-7f7542ff1f20" />
    <UnitTestResult executionId="a8acd935-4334-4883-a533-39a55e92b894" testId="387c9729-48c1-486e-5e67-f5d11a9f0db8" testName="BL.Tests.CheckPermissionsServiceTests.UnauthorizedHasNoAccessToAdminSkiPatrolFunctions(functionName: &quot;GetLiftsSlopesInfoAsync&quot;)" computerName="DESKTOP-TJ9D65N" duration="00:00:00.0015054" startTime="2022-10-15T22:08:00.3620051+03:00" endTime="2022-10-15T22:08:00.3620052+03:00" testType="13cdc9d9-ddb5-4fa4-a97d-d965ccfc6d4b" outcome="Passed" testListId="8c84fa94-04c1-424b-9868-57a2d4851a1d" relativeResultsDirectory="a8acd935-4334-4883-a533-39a55e92b894" />
    <UnitTestResult executionId="0e67e0ee-df95-422f-953e-a22881bf1834" testId="0eeef75f-6e38-7893-a8fe-cff3e0a970a7" testName="BL.Tests.UsersServiceTests.TestRegisterOk" computerName="DESKTOP-TJ9D65N" duration="00:00:00.0095982" startTime="2022-10-15T22:08:00.3655729+03:00" endTime="2022-10-15T22:08:00.3655730+03:00" testType="13cdc9d9-ddb5-4fa4-a97d-d965ccfc6d4b" outcome="Passed" testListId="8c84fa94-04c1-424b-9868-57a2d4851a1d" relativeResultsDirectory="0e67e0ee-df95-422f-953e-a22881bf1834" />
    <UnitTestResult executionId="216d8708-a64a-408d-86c9-aeac1b642899" testId="e52bdb12-10b7-026b-54df-178d84b5d26c" testName="BL.Tests.TurnstilesServiceTest.TestAdminAddAutoIncrementTurnstileAsync(userID: 184, turnstile: Turnstile { TurnstileID = 244, LiftID = 252, IsOpen = True }, checkPermissionServiceMock: Mock&lt;ICheckPermissionService:16&gt;, turnstilesRepositoryStub: Mock&lt;ITurnstilesRepository:10&gt;, sut: TurnstilesService { })" computerName="DESKTOP-TJ9D65N" duration="00:00:00.0056337" startTime="2022-10-15T22:08:00.3639835+03:00" endTime="2022-10-15T22:08:00.3639836+03:00" testType="13cdc9d9-ddb5-4fa4-a97d-d965ccfc6d4b" outcome="Passed" testListId="8c84fa94-04c1-424b-9868-57a2d4851a1d" relativeResultsDirectory="216d8708-a64a-408d-86c9-aeac1b642899" />
    <UnitTestResult executionId="15919552-d6f2-49c1-b7e7-cff93ced34e2" testId="0573703e-0221-e34f-02d9-aed4e9af5dad" testName="BL.Tests.SlopesServiceTest.TestGetSlopeInfoAsync(userID: 90, slope: Slope { SlopeID = 60, SlopeName = slopeName4993a0cf-7165-4548-b742-251a0f892700, IsOpen = True, DifficultyLevel = 62, ConnectedLifts =  }, checkPermissionServiceMock: Mock&lt;ICheckPermissionService:6&gt;, slopesRepositoryStub: Mock&lt;ISlopesRepository:4&gt;, liftsSlopesRepositoryStub: Mock&lt;ILiftsSlopesRepository:9&gt;, sut: SlopesService { })" computerName="DESKTOP-TJ9D65N" duration="00:00:00.0055296" startTime="2022-10-15T22:08:00.3721909+03:00" endTime="2022-10-15T22:08:00.3721910+03:00" testType="13cdc9d9-ddb5-4fa4-a97d-d965ccfc6d4b" outcome="Passed" testListId="8c84fa94-04c1-424b-9868-57a2d4851a1d" relativeResultsDirectory="15919552-d6f2-49c1-b7e7-cff93ced34e2" />
    <UnitTestResult executionId="aba70282-bae1-4e1b-8fc7-842fbe957324" testId="1ca07ad8-f799-c5d4-e7cc-34fd950198a2" testName="BL.Tests.UsersServiceTests.TestLogInOk" computerName="DESKTOP-TJ9D65N" duration="00:00:00.0086430" startTime="2022-10-15T22:08:00.3665055+03:00" endTime="2022-10-15T22:08:00.3665056+03:00" testType="13cdc9d9-ddb5-4fa4-a97d-d965ccfc6d4b" outcome="Passed" testListId="8c84fa94-04c1-424b-9868-57a2d4851a1d" relativeResultsDirectory="aba70282-bae1-4e1b-8fc7-842fbe957324" />
    <UnitTestResult executionId="c4d148a4-3e9a-46d4-bb49-7522c72d98d4" testId="2602613f-c8e2-a6d9-fcf7-5b27d4a770a6" testName="BL.Tests.CheckPermissionsServiceTests.AuthorizedHasNoAccessToAdminSkiPatrolFunctions(functionName: &quot;GetMessagesAsync&quot;)" computerName="DESKTOP-TJ9D65N" duration="00:00:00.0028611" startTime="2022-10-15T22:08:00.3665486+03:00" endTime="2022-10-15T22:08:00.3665486+03:00" testType="13cdc9d9-ddb5-4fa4-a97d-d965ccfc6d4b" outcome="Passed" testListId="8c84fa94-04c1-424b-9868-57a2d4851a1d" relativeResultsDirectory="c4d148a4-3e9a-46d4-bb49-7522c72d98d4" />
    <UnitTestResult executionId="0e90b491-d028-4daa-9a42-534d6800ced5" testId="6ce464d1-34ec-68a0-3596-8c2ee7d30fa7" testName="BL.Tests.SlopesServiceTest.TestAdminAddAutoIncrementSlopeAsync(userID: 150, slope: Slope { SlopeID = 129, SlopeName = slopeName82a3ca87-6216-4145-a3ed-1652391899aa, IsOpen = True, DifficultyLevel = 73, ConnectedLifts =  }, checkPermissionServiceMock: Mock&lt;ICheckPermissionService:10&gt;, slopesRepositoryStub: Mock&lt;ISlopesRepository:8&gt;, sut: SlopesService { })" computerName="DESKTOP-TJ9D65N" duration="00:00:00.0065591" startTime="2022-10-15T22:08:00.3979128+03:00" endTime="2022-10-15T22:08:00.3979129+03:00" testType="13cdc9d9-ddb5-4fa4-a97d-d965ccfc6d4b" outcome="Passed" testListId="8c84fa94-04c1-424b-9868-57a2d4851a1d" relativeResultsDirectory="0e90b491-d028-4daa-9a42-534d6800ced5" />
    <UnitTestResult executionId="ef6e343f-53fd-4129-9c17-2f9d7fa7002d" testId="644ec43e-70cd-c82d-42e7-0d990be1414d" testName="BL.Tests.CheckPermissionsServiceTests.AuthorizedHasAccessToAuthorizedFunctions(functionName: &quot;SendMessageAsync&quot;)" computerName="DESKTOP-TJ9D65N" duration="00:00:00.0015980" startTime="2022-10-15T22:08:00.3762507+03:00" endTime="2022-10-15T22:08:00.3762507+03:00" testType="13cdc9d9-ddb5-4fa4-a97d-d965ccfc6d4b" outcome="Passed" testListId="8c84fa94-04c1-424b-9868-57a2d4851a1d" relativeResultsDirectory="ef6e343f-53fd-4129-9c17-2f9d7fa7002d" />
    <UnitTestResult executionId="f2e2e074-30f9-4302-a178-73038293b19e" testId="229812f5-9a73-5335-11f5-31330d1348a5" testName="BL.Tests.CheckPermissionsServiceTests.UnauthorizedHasNoAccessToAdminSkiPatrolFunctions(functionName: &quot;GetMessagesAsync&quot;)" computerName="DESKTOP-TJ9D65N" duration="00:00:00.0024588" startTime="2022-10-15T22:08:00.3625168+03:00" endTime="2022-10-15T22:08:00.3625169+03:00" testType="13cdc9d9-ddb5-4fa4-a97d-d965ccfc6d4b" outcome="Passed" testListId="8c84fa94-04c1-424b-9868-57a2d4851a1d" relativeResultsDirectory="f2e2e074-30f9-4302-a178-73038293b19e" />
    <UnitTestResult executionId="f579e0d3-447a-40b9-ac6e-65c463487bd2" testId="4f297306-d4f3-8d63-e7f4-1ac0b8c58c74" testName="BL.Tests.CheckPermissionsServiceTests.AuthorizedHasNoAccessToAdminSkiPatrolFunctions(functionName: &quot;GetLiftsSlopesInfoAsync&quot;)" computerName="DESKTOP-TJ9D65N" duration="00:00:00.0013629" startTime="2022-10-15T22:08:00.3719069+03:00" endTime="2022-10-15T22:08:00.3719070+03:00" testType="13cdc9d9-ddb5-4fa4-a97d-d965ccfc6d4b" outcome="Passed" testListId="8c84fa94-04c1-424b-9868-57a2d4851a1d" relativeResultsDirectory="f579e0d3-447a-40b9-ac6e-65c463487bd2" />
    <UnitTestResult executionId="04ee8938-aba1-4203-a283-a6199b7c1ebc" testId="f543fb76-faaf-4f98-3a59-5d70e6a96b23" testName="BL.Tests.SlopesServiceTest.TestAdminAddSlopeAsync(userID: 3, slope: Slope { SlopeID = 41, SlopeName = slopeName69cfd7ef-10ce-4afa-85c2-bd1ce323bce7, IsOpen = True, DifficultyLevel = 7, ConnectedLifts =  }, checkPermissionServiceMock: Mock&lt;ICheckPermissionService:11&gt;, slopesRepositoryStub: Mock&lt;ISlopesRepository:9&gt;, sut: SlopesService { })" computerName="DESKTOP-TJ9D65N" duration="00:00:00.0059347" startTime="2022-10-15T22:08:00.3808372+03:00" endTime="2022-10-15T22:08:00.3808373+03:00" testType="13cdc9d9-ddb5-4fa4-a97d-d965ccfc6d4b" outcome="Passed" testListId="8c84fa94-04c1-424b-9868-57a2d4851a1d" relativeResultsDirectory="04ee8938-aba1-4203-a283-a6199b7c1ebc" />
    <UnitTestResult executionId="d1417603-619f-4e83-b5c2-390feb34bec8" testId="e2d7e5be-3dae-33ae-fb17-c704b6fd58d6" testName="BL.Tests.CheckPermissionsServiceTests.UnauthorizedHasNoAccessToAdminFunctions" computerName="DESKTOP-TJ9D65N" duration="00:00:00.0027133" startTime="2022-10-15T22:08:00.3864299+03:00" endTime="2022-10-15T22:08:00.3864300+03:00" testType="13cdc9d9-ddb5-4fa4-a97d-d965ccfc6d4b" outcome="Passed" testListId="8c84fa94-04c1-424b-9868-57a2d4851a1d" relativeResultsDirectory="d1417603-619f-4e83-b5c2-390feb34bec8" />
    <UnitTestResult executionId="7e6e0412-c202-43ac-ad76-5d350ce41278" testId="39be9b5e-0bc4-57dc-37d3-aec6b520299d" testName="BL.Tests.LiftsSlopesServiceTests.TestGetLiftsSlopesInfoAsync(liftsSlopes: [LiftSlope { RecordID = 41, LiftID = 127, SlopeID = 40 }, LiftSlope { RecordID = 29, LiftID = 167, SlopeID = 226 }, LiftSlope { RecordID = 35, LiftID = 92, SlopeID = 198 }], slopesRepositoryStub: Mock&lt;ISlopesRepository:1&gt;, liftsRepositoryStub: Mock&lt;ILiftsRepository:6&gt;, liftsSlopesRepositoryStub: Mock&lt;ILiftsSlopesRepository:6&gt;)" computerName="DESKTOP-TJ9D65N" duration="00:00:00.0032057" startTime="2022-10-15T22:08:00.3640158+03:00" endTime="2022-10-15T22:08:00.3640159+03:00" testType="13cdc9d9-ddb5-4fa4-a97d-d965ccfc6d4b" outcome="Passed" testListId="8c84fa94-04c1-424b-9868-57a2d4851a1d" relativeResultsDirectory="7e6e0412-c202-43ac-ad76-5d350ce41278" />
    <UnitTestResult executionId="99e8b735-3fa1-4d0d-ac18-da346cc6ef7b" testId="60bd668f-04df-da5e-b79b-5d9aedb5234d" testName="BL.Tests.CheckPermissionsServiceTests.SkiPatrolHasAccessToAdminSkiPatrolFunctions(functionName: &quot;MarkMessageReadByUserAsync&quot;)" computerName="DESKTOP-TJ9D65N" duration="00:00:00.0011526" startTime="2022-10-15T22:08:00.3654149+03:00" endTime="2022-10-15T22:08:00.3654150+03:00" testType="13cdc9d9-ddb5-4fa4-a97d-d965ccfc6d4b" outcome="Passed" testListId="8c84fa94-04c1-424b-9868-57a2d4851a1d" relativeResultsDirectory="99e8b735-3fa1-4d0d-ac18-da346cc6ef7b" />
  </Results>
  <TestDefinitions>
    <UnitTest name="BL.Tests.UsersServiceTests.TestAdminAddAutoIncrementUser" storage="c:\users\alena\desktop\7_sem\testing_and_debugging\skiresort\bl.tests\bin\debug\net6.0\bl.tests.dll" id="834c739b-eca4-b36d-6a66-5a1bd75377b8">
      <Execution id="bf56bbe4-54e3-48ba-bd37-cc21bf13b7e3" />
      <TestMethod codeBase="C:\Users\alena\Desktop\7_sem\testing_and_debugging\SkiResort\BL.Tests\bin\Debug\net6.0\BL.Tests.dll" adapterTypeName="executor://xunit/VsTestRunner2/netcoreapp" className="BL.Tests.UsersServiceTests" name="TestAdminAddAutoIncrementUser" />
    </UnitTest>
    <UnitTest name="BL.Tests.SlopesServiceTest.TestAdminAddAutoIncrementSlopeAsync(userID: 150, slope: Slope { SlopeID = 129, SlopeName = slopeName82a3ca87-6216-4145-a3ed-1652391899aa, IsOpen = True, DifficultyLevel = 73, ConnectedLifts =  }, checkPermissionServiceMock: Mock&lt;ICheckPermissionService:10&gt;, slopesRepositoryStub: Mock&lt;ISlopesRepository:8&gt;, sut: SlopesService { })" storage="c:\users\alena\desktop\7_sem\testing_and_debugging\skiresort\bl.tests\bin\debug\net6.0\bl.tests.dll" id="6ce464d1-34ec-68a0-3596-8c2ee7d30fa7">
      <Execution id="0e90b491-d028-4daa-9a42-534d6800ced5" />
      <TestMethod codeBase="C:\Users\alena\Desktop\7_sem\testing_and_debugging\SkiResort\BL.Tests\bin\Debug\net6.0\BL.Tests.dll" adapterTypeName="executor://xunit/VsTestRunner2/netcoreapp" className="BL.Tests.SlopesServiceTest" name="TestAdminAddAutoIncrementSlopeAsync" />
    </UnitTest>
    <UnitTest name="BL.Tests.SlopesServiceTest.TestUpdateSlopeInfoAsync(userID: 196, slope: Slope { SlopeID = 199, SlopeName = slopeName70c2f58a-c91c-4d4c-ae46-4612bfcefe69, IsOpen = True, DifficultyLevel = 140, ConnectedLifts =  }, checkPermissionServiceMock: Mock&lt;ICheckPermissionService:8&gt;, slopesRepositoryStub: Mock&lt;ISlopesRepository:6&gt;, sut: SlopesService { })" storage="c:\users\alena\desktop\7_sem\testing_and_debugging\skiresort\bl.tests\bin\debug\net6.0\bl.tests.dll" id="0d1f7f33-d8f0-0b86-f817-26292691431f">
      <Execution id="d5a0256a-888e-42c2-9e04-c451af8a7ffe" />
      <TestMethod codeBase="C:\Users\alena\Desktop\7_sem\testing_and_debugging\SkiResort\BL.Tests\bin\Debug\net6.0\BL.Tests.dll" adapterTypeName="executor://xunit/VsTestRunner2/netcoreapp" className="BL.Tests.SlopesServiceTest" name="TestUpdateSlopeInfoAsync" />
    </UnitTest>
    <UnitTest name="BL.Tests.CheckPermissionsServiceTests.SkiPatrolHasAccessToAdminSkiPatrolFunctions(functionName: &quot;MarkMessageReadByUserAsync&quot;)" storage="c:\users\alena\desktop\7_sem\testing_and_debugging\skiresort\bl.tests\bin\debug\net6.0\bl.tests.dll" id="60bd668f-04df-da5e-b79b-5d9aedb5234d">
      <Execution id="99e8b735-3fa1-4d0d-ac18-da346cc6ef7b" />
      <TestMethod codeBase="C:\Users\alena\Desktop\7_sem\testing_and_debugging\SkiResort\BL.Tests\bin\Debug\net6.0\BL.Tests.dll" adapterTypeName="executor://xunit/VsTestRunner2/netcoreapp" className="BL.Tests.CheckPermissionsServiceTests" name="SkiPatrolHasAccessToAdminSkiPatrolFunctions" />
    </UnitTest>
    <UnitTest name="BL.Tests.CheckPermissionsServiceTests.AuthorizedHasAccessToAuthorizedFunctions(functionName: &quot;SendMessageAsync&quot;)" storage="c:\users\alena\desktop\7_sem\testing_and_debugging\skiresort\bl.tests\bin\debug\net6.0\bl.tests.dll" id="644ec43e-70cd-c82d-42e7-0d990be1414d">
      <Execution id="ef6e343f-53fd-4129-9c17-2f9d7fa7002d" />
      <TestMethod codeBase="C:\Users\alena\Desktop\7_sem\testing_and_debugging\SkiResort\BL.Tests\bin\Debug\net6.0\BL.Tests.dll" adapterTypeName="executor://xunit/VsTestRunner2/netcoreapp" className="BL.Tests.CheckPermissionsServiceTests" name="AuthorizedHasAccessToAuthorizedFunctions" />
    </UnitTest>
    <UnitTest name="BL.Tests.LiftsServiceTest.TestGetLiftsInfoAsync(userID: 175, initialLifts: [Lift { LiftID = 47, LiftName = liftNamef0cabad1-856c-4b65-8d25-f2b8a3c6a654, IsOpen = True, SeatsAmount = 202, LiftingTime = 131, QueueTime = 106, ConnectedSlopes =  }, Lift { LiftID = 181, LiftName = liftNamee96ab9fd-b7be-4418-9f09-b16a113791f4, IsOpen = False, SeatsAmount = 71, LiftingTime = 217, QueueTime = 218, ConnectedSlopes =  }, Lift { LiftID = 103, LiftName..." storage="c:\users\alena\desktop\7_sem\testing_and_debugging\skiresort\bl.tests\bin\debug\net6.0\bl.tests.dll" id="03df4fdd-979a-3f32-97c5-80febef78daf">
      <Execution id="86a7d385-6d4a-40c8-8f76-f8147ab756cc" />
      <TestMethod codeBase="C:\Users\alena\Desktop\7_sem\testing_and_debugging\SkiResort\BL.Tests\bin\Debug\net6.0\BL.Tests.dll" adapterTypeName="executor://xunit/VsTestRunner2/netcoreapp" className="BL.Tests.LiftsServiceTest" name="TestGetLiftsInfoAsync" />
    </UnitTest>
    <UnitTest name="BL.Tests.CheckPermissionsServiceTests.AuthorizedHasNoAccessToAdminSkiPatrolFunctions(functionName: &quot;MarkMessageReadByUserAsync&quot;)" storage="c:\users\alena\desktop\7_sem\testing_and_debugging\skiresort\bl.tests\bin\debug\net6.0\bl.tests.dll" id="9c7df5e2-1b23-ebea-889f-b78ca86b60ab">
      <Execution id="cb87c508-8fae-417b-8def-dea556523576" />
      <TestMethod codeBase="C:\Users\alena\Desktop\7_sem\testing_and_debugging\SkiResort\BL.Tests\bin\Debug\net6.0\BL.Tests.dll" adapterTypeName="executor://xunit/VsTestRunner2/netcoreapp" className="BL.Tests.CheckPermissionsServiceTests" name="AuthorizedHasNoAccessToAdminSkiPatrolFunctions" />
    </UnitTest>
    <UnitTest name="BL.Tests.CheckPermissionsServiceTests.UnauthorizedHasNoAccessToAuthorizedFunctions(functionName: &quot;SendMessageAsync&quot;)" storage="c:\users\alena\desktop\7_sem\testing_and_debugging\skiresort\bl.tests\bin\debug\net6.0\bl.tests.dll" id="eaabd2fc-2f4b-5689-59c8-c7ad34a8f634">
      <Execution id="6e021504-dc6b-4ee5-a5b2-f4e4f7715534" />
      <TestMethod codeBase="C:\Users\alena\Desktop\7_sem\testing_and_debugging\SkiResort\BL.Tests\bin\Debug\net6.0\BL.Tests.dll" adapterTypeName="executor://xunit/VsTestRunner2/netcoreapp" className="BL.Tests.CheckPermissionsServiceTests" name="UnauthorizedHasNoAccessToAuthorizedFunctions" />
    </UnitTest>
    <UnitTest name="BL.Tests.CheckPermissionsServiceTests.AdminHasAccessToAllFunctions" storage="c:\users\alena\desktop\7_sem\testing_and_debugging\skiresort\bl.tests\bin\debug\net6.0\bl.tests.dll" id="f3efc418-a8a6-c7b7-9bac-90b33aa8472f">
      <Execution id="9de3471c-bb89-4b85-8bc4-170e1409c3b2" />
      <TestMethod codeBase="C:\Users\alena\Desktop\7_sem\testing_and_debugging\SkiResort\BL.Tests\bin\Debug\net6.0\BL.Tests.dll" adapterTypeName="executor://xunit/VsTestRunner2/netcoreapp" className="BL.Tests.CheckPermissionsServiceTests" name="AdminHasAccessToAllFunctions" />
    </UnitTest>
    <UnitTest name="BL.Tests.SlopesServiceTest.TestAdminAddSlopeAsync(userID: 3, slope: Slope { SlopeID = 41, SlopeName = slopeName69cfd7ef-10ce-4afa-85c2-bd1ce323bce7, IsOpen = True, DifficultyLevel = 7, ConnectedLifts =  }, checkPermissionServiceMock: Mock&lt;ICheckPermissionService:11&gt;, slopesRepositoryStub: Mock&lt;ISlopesRepository:9&gt;, sut: SlopesService { })" storage="c:\users\alena\desktop\7_sem\testing_and_debugging\skiresort\bl.tests\bin\debug\net6.0\bl.tests.dll" id="f543fb76-faaf-4f98-3a59-5d70e6a96b23">
      <Execution id="04ee8938-aba1-4203-a283-a6199b7c1ebc" />
      <TestMethod codeBase="C:\Users\alena\Desktop\7_sem\testing_and_debugging\SkiResort\BL.Tests\bin\Debug\net6.0\BL.Tests.dll" adapterTypeName="executor://xunit/VsTestRunner2/netcoreapp" className="BL.Tests.SlopesServiceTest" name="TestAdminAddSlopeAsync" />
    </UnitTest>
    <UnitTest name="BL.Tests.UsersServiceTests.TestLogInOk" storage="c:\users\alena\desktop\7_sem\testing_and_debugging\skiresort\bl.tests\bin\debug\net6.0\bl.tests.dll" id="1ca07ad8-f799-c5d4-e7cc-34fd950198a2">
      <Execution id="aba70282-bae1-4e1b-8fc7-842fbe957324" />
      <TestMethod codeBase="C:\Users\alena\Desktop\7_sem\testing_and_debugging\SkiResort\BL.Tests\bin\Debug\net6.0\BL.Tests.dll" adapterTypeName="executor://xunit/VsTestRunner2/netcoreapp" className="BL.Tests.UsersServiceTests" name="TestLogInOk" />
    </UnitTest>
    <UnitTest name="BL.Tests.CheckPermissionsServiceTests.UnauthorizedHasNoAccessToAdminSkiPatrolFunctions(functionName: &quot;MarkMessageReadByUserAsync&quot;)" storage="c:\users\alena\desktop\7_sem\testing_and_debugging\skiresort\bl.tests\bin\debug\net6.0\bl.tests.dll" id="a19a5fcf-c5d2-7d44-5d7d-84403042f4e0">
      <Execution id="0df7dbf2-8b8f-491d-8264-3dcb17e73c77" />
      <TestMethod codeBase="C:\Users\alena\Desktop\7_sem\testing_and_debugging\SkiResort\BL.Tests\bin\Debug\net6.0\BL.Tests.dll" adapterTypeName="executor://xunit/VsTestRunner2/netcoreapp" className="BL.Tests.CheckPermissionsServiceTests" name="UnauthorizedHasNoAccessToAdminSkiPatrolFunctions" />
    </UnitTest>
    <UnitTest name="BL.Tests.TurnstilesServiceTest.TestAdminGetTurnstileAsync(userID: 223, turnstile: Turnstile { TurnstileID = 219, LiftID = 90, IsOpen = True }, checkPermissionServiceMock: Mock&lt;ICheckPermissionService:12&gt;, turnstilesRepositoryStub: Mock&lt;ITurnstilesRepository:6&gt;, sut: TurnstilesService { })" storage="c:\users\alena\desktop\7_sem\testing_and_debugging\skiresort\bl.tests\bin\debug\net6.0\bl.tests.dll" id="d31e5e98-087d-dbf3-ce7b-34c7d5b9963c">
      <Execution id="c76db232-93b4-44d1-835c-27f93e3e5a9a" />
      <TestMethod codeBase="C:\Users\alena\Desktop\7_sem\testing_and_debugging\SkiResort\BL.Tests\bin\Debug\net6.0\BL.Tests.dll" adapterTypeName="executor://xunit/VsTestRunner2/netcoreapp" className="BL.Tests.TurnstilesServiceTest" name="TestAdminGetTurnstileAsync" />
    </UnitTest>
    <UnitTest name="BL.Tests.LiftsSlopesServiceTests.TestGetLiftsSlopesInfoAsync(liftsSlopes: [LiftSlope { RecordID = 41, LiftID = 127, SlopeID = 40 }, LiftSlope { RecordID = 29, LiftID = 167, SlopeID = 226 }, LiftSlope { RecordID = 35, LiftID = 92, SlopeID = 198 }], slopesRepositoryStub: Mock&lt;ISlopesRepository:1&gt;, liftsRepositoryStub: Mock&lt;ILiftsRepository:6&gt;, liftsSlopesRepositoryStub: Mock&lt;ILiftsSlopesRepository:6&gt;)" storage="c:\users\alena\desktop\7_sem\testing_and_debugging\skiresort\bl.tests\bin\debug\net6.0\bl.tests.dll" id="39be9b5e-0bc4-57dc-37d3-aec6b520299d">
      <Execution id="7e6e0412-c202-43ac-ad76-5d350ce41278" />
      <TestMethod codeBase="C:\Users\alena\Desktop\7_sem\testing_and_debugging\SkiResort\BL.Tests\bin\Debug\net6.0\BL.Tests.dll" adapterTypeName="executor://xunit/VsTestRunner2/netcoreapp" className="BL.Tests.LiftsSlopesServiceTests" name="TestGetLiftsSlopesInfoAsync" />
    </UnitTest>
    <UnitTest name="BL.Tests.LiftsSlopesServiceTests.TestAdminDeleteLiftSlopeAsync(lift: Lift { LiftID = 78, LiftName = liftName173cacf7-78f5-4300-9583-d2bc0afcf9b6, IsOpen = True, SeatsAmount = 202, LiftingTime = 88, QueueTime = 252, ConnectedSlopes =  }, slope: Slope { SlopeID = 122, SlopeName = slopeName28d4bac6-21eb-43c6-b605-f5be2453177d, IsOpen = False, DifficultyLevel = 132, ConnectedLifts =  }, slopesRepositoryStub: Mock&lt;ISlopesRepository:2&gt;, liftsRepo..." storage="c:\users\alena\desktop\7_sem\testing_and_debugging\skiresort\bl.tests\bin\debug\net6.0\bl.tests.dll" id="a3f53dd3-ae28-fdc3-351a-a4ab3d427a70">
      <Execution id="83325f7b-a945-4484-989e-51cc3c4680fa" />
      <TestMethod codeBase="C:\Users\alena\Desktop\7_sem\testing_and_debugging\SkiResort\BL.Tests\bin\Debug\net6.0\BL.Tests.dll" adapterTypeName="executor://xunit/VsTestRunner2/netcoreapp" className="BL.Tests.LiftsSlopesServiceTests" name="TestAdminDeleteLiftSlopeAsync" />
    </UnitTest>
    <UnitTest name="BL.Tests.SlopesServiceTest.TestGetSlopeInfoAsync(userID: 90, slope: Slope { SlopeID = 60, SlopeName = slopeName4993a0cf-7165-4548-b742-251a0f892700, IsOpen = True, DifficultyLevel = 62, ConnectedLifts =  }, checkPermissionServiceMock: Mock&lt;ICheckPermissionService:6&gt;, slopesRepositoryStub: Mock&lt;ISlopesRepository:4&gt;, liftsSlopesRepositoryStub: Mock&lt;ILiftsSlopesRepository:9&gt;, sut: SlopesService { })" storage="c:\users\alena\desktop\7_sem\testing_and_debugging\skiresort\bl.tests\bin\debug\net6.0\bl.tests.dll" id="0573703e-0221-e34f-02d9-aed4e9af5dad">
      <Execution id="15919552-d6f2-49c1-b7e7-cff93ced34e2" />
      <TestMethod codeBase="C:\Users\alena\Desktop\7_sem\testing_and_debugging\SkiResort\BL.Tests\bin\Debug\net6.0\BL.Tests.dll" adapterTypeName="executor://xunit/VsTestRunner2/netcoreapp" className="BL.Tests.SlopesServiceTest" name="TestGetSlopeInfoAsync" />
    </UnitTest>
    <UnitTest name="BL.Tests.CheckPermissionsServiceTests.AuthorizedHasAccessToAuthorizedFunctions(functionName: &quot;LogOutAsync&quot;)" storage="c:\users\alena\desktop\7_sem\testing_and_debugging\skiresort\bl.tests\bin\debug\net6.0\bl.tests.dll" id="aa28a6b3-21d3-aa45-24d3-bef2facbc899">
      <Execution id="6caadd8c-a5d4-4661-a49d-79a192e02669" />
      <TestMethod codeBase="C:\Users\alena\Desktop\7_sem\testing_and_debugging\SkiResort\BL.Tests\bin\Debug\net6.0\BL.Tests.dll" adapterTypeName="executor://xunit/VsTestRunner2/netcoreapp" className="BL.Tests.CheckPermissionsServiceTests" name="AuthorizedHasAccessToAuthorizedFunctions" />
    </UnitTest>
    <UnitTest name="BL.Tests.CheckPermissionsServiceTests.SkiPatrolHasAccessToAdminSkiPatrolFunctions(functionName: &quot;GetMessagesAsync&quot;)" storage="c:\users\alena\desktop\7_sem\testing_and_debugging\skiresort\bl.tests\bin\debug\net6.0\bl.tests.dll" id="c36970dc-93f7-753e-fa47-157133b01644">
      <Execution id="e5e47e0c-a444-46fb-8ae6-6c39d05eb79c" />
      <TestMethod codeBase="C:\Users\alena\Desktop\7_sem\testing_and_debugging\SkiResort\BL.Tests\bin\Debug\net6.0\BL.Tests.dll" adapterTypeName="executor://xunit/VsTestRunner2/netcoreapp" className="BL.Tests.CheckPermissionsServiceTests" name="SkiPatrolHasAccessToAdminSkiPatrolFunctions" />
    </UnitTest>
    <UnitTest name="BL.Tests.LiftsServiceTest.TestUpdateLiftInfoAsync(userID: 68, lift: Lift { LiftID = 219, LiftName = liftName12616bdf-4895-46af-b7f7-fa5950c3addc, IsOpen = True, SeatsAmount = 113, LiftingTime = 154, QueueTime = 204, ConnectedSlopes =  }, checkPermissionServiceMock: Mock&lt;ICheckPermissionService:3&gt;, liftsRepositoryStub: Mock&lt;ILiftsRepository:3&gt;, sut: LiftsService { })" storage="c:\users\alena\desktop\7_sem\testing_and_debugging\skiresort\bl.tests\bin\debug\net6.0\bl.tests.dll" id="5e486300-ac32-5e4f-499a-436618240a72">
      <Execution id="d9d47a99-f5ac-4d7a-8a27-ae0063c1fde6" />
      <TestMethod codeBase="C:\Users\alena\Desktop\7_sem\testing_and_debugging\SkiResort\BL.Tests\bin\Debug\net6.0\BL.Tests.dll" adapterTypeName="executor://xunit/VsTestRunner2/netcoreapp" className="BL.Tests.LiftsServiceTest" name="TestUpdateLiftInfoAsync" />
    </UnitTest>
    <UnitTest name="BL.Tests.CheckPermissionsServiceTests.AuthorizedHasNoAccessToAdminFunctions" storage="c:\users\alena\desktop\7_sem\testing_and_debugging\skiresort\bl.tests\bin\debug\net6.0\bl.tests.dll" id="a2e59116-cb53-1d70-9cb8-21c286516866">
      <Execution id="aaaebbc6-b4ea-4d9b-8d88-f78b644cba25" />
      <TestMethod codeBase="C:\Users\alena\Desktop\7_sem\testing_and_debugging\SkiResort\BL.Tests\bin\Debug\net6.0\BL.Tests.dll" adapterTypeName="executor://xunit/VsTestRunner2/netcoreapp" className="BL.Tests.CheckPermissionsServiceTests" name="AuthorizedHasNoAccessToAdminFunctions" />
    </UnitTest>
    <UnitTest name="BL.Tests.TurnstilesServiceTest.TestAdminAddAutoIncrementTurnstileAsync(userID: 184, turnstile: Turnstile { TurnstileID = 244, LiftID = 252, IsOpen = True }, checkPermissionServiceMock: Mock&lt;ICheckPermissionService:16&gt;, turnstilesRepositoryStub: Mock&lt;ITurnstilesRepository:10&gt;, sut: TurnstilesService { })" storage="c:\users\alena\desktop\7_sem\testing_and_debugging\skiresort\bl.tests\bin\debug\net6.0\bl.tests.dll" id="e52bdb12-10b7-026b-54df-178d84b5d26c">
      <Execution id="216d8708-a64a-408d-86c9-aeac1b642899" />
      <TestMethod codeBase="C:\Users\alena\Desktop\7_sem\testing_and_debugging\SkiResort\BL.Tests\bin\Debug\net6.0\BL.Tests.dll" adapterTypeName="executor://xunit/VsTestRunner2/netcoreapp" className="BL.Tests.TurnstilesServiceTest" name="TestAdminAddAutoIncrementTurnstileAsync" />
    </UnitTest>
    <UnitTest name="BL.Tests.CheckPermissionsServiceTests.SkiPatrolHasAccessToAdminSkiPatrolFunctions(functionName: &quot;GetLiftsSlopesInfoAsync&quot;)" storage="c:\users\alena\desktop\7_sem\testing_and_debugging\skiresort\bl.tests\bin\debug\net6.0\bl.tests.dll" id="2d706594-f2b3-b3c8-21d4-86c9798c3306">
      <Execution id="87e82ddc-6cf3-4e0f-b518-5438dc6725a3" />
      <TestMethod codeBase="C:\Users\alena\Desktop\7_sem\testing_and_debugging\SkiResort\BL.Tests\bin\Debug\net6.0\BL.Tests.dll" adapterTypeName="executor://xunit/VsTestRunner2/netcoreapp" className="BL.Tests.CheckPermissionsServiceTests" name="SkiPatrolHasAccessToAdminSkiPatrolFunctions" />
    </UnitTest>
    <UnitTest name="BL.Tests.CheckPermissionsServiceTests.AuthorizedHasNoAccessToAdminSkiPatrolFunctions(functionName: &quot;GetLiftsSlopesInfoAsync&quot;)" storage="c:\users\alena\desktop\7_sem\testing_and_debugging\skiresort\bl.tests\bin\debug\net6.0\bl.tests.dll" id="4f297306-d4f3-8d63-e7f4-1ac0b8c58c74">
      <Execution id="f579e0d3-447a-40b9-ac6e-65c463487bd2" />
      <TestMethod codeBase="C:\Users\alena\Desktop\7_sem\testing_and_debugging\SkiResort\BL.Tests\bin\Debug\net6.0\BL.Tests.dll" adapterTypeName="executor://xunit/VsTestRunner2/netcoreapp" className="BL.Tests.CheckPermissionsServiceTests" name="AuthorizedHasNoAccessToAdminSkiPatrolFunctions" />
    </UnitTest>
    <UnitTest name="BL.Tests.CheckPermissionsServiceTests.UnauthorizedHasNoAccessToAdminSkiPatrolFunctions(functionName: &quot;GetLiftsSlopesInfoAsync&quot;)" storage="c:\users\alena\desktop\7_sem\testing_and_debugging\skiresort\bl.tests\bin\debug\net6.0\bl.tests.dll" id="387c9729-48c1-486e-5e67-f5d11a9f0db8">
      <Execution id="a8acd935-4334-4883-a533-39a55e92b894" />
      <TestMethod codeBase="C:\Users\alena\Desktop\7_sem\testing_and_debugging\SkiResort\BL.Tests\bin\Debug\net6.0\BL.Tests.dll" adapterTypeName="executor://xunit/VsTestRunner2/netcoreapp" className="BL.Tests.CheckPermissionsServiceTests" name="UnauthorizedHasNoAccessToAdminSkiPatrolFunctions" />
    </UnitTest>
    <UnitTest name="BL.Tests.UsersServiceTests.TestRegisterUserWithRepeatedEmail" storage="c:\users\alena\desktop\7_sem\testing_and_debugging\skiresort\bl.tests\bin\debug\net6.0\bl.tests.dll" id="894941c1-bfa7-d8f9-c047-1e1ceefe2c2f">
      <Execution id="6f213919-cb99-4245-be9b-557ea7ab67f6" />
      <TestMethod codeBase="C:\Users\alena\Desktop\7_sem\testing_and_debugging\SkiResort\BL.Tests\bin\Debug\net6.0\BL.Tests.dll" adapterTypeName="executor://xunit/VsTestRunner2/netcoreapp" className="BL.Tests.UsersServiceTests" name="TestRegisterUserWithRepeatedEmail" />
    </UnitTest>
    <UnitTest name="BL.Tests.CheckPermissionsServiceTests.UnauthorizedHasNoAccessToAdminFunctions" storage="c:\users\alena\desktop\7_sem\testing_and_debugging\skiresort\bl.tests\bin\debug\net6.0\bl.tests.dll" id="e2d7e5be-3dae-33ae-fb17-c704b6fd58d6">
      <Execution id="d1417603-619f-4e83-b5c2-390feb34bec8" />
      <TestMethod codeBase="C:\Users\alena\Desktop\7_sem\testing_and_debugging\SkiResort\BL.Tests\bin\Debug\net6.0\BL.Tests.dll" adapterTypeName="executor://xunit/VsTestRunner2/netcoreapp" className="BL.Tests.CheckPermissionsServiceTests" name="UnauthorizedHasNoAccessToAdminFunctions" />
    </UnitTest>
    <UnitTest name="BL.Tests.LiftsServiceTest.TestAdminDeleteLiftAsync(userID: 175, lift: Lift { LiftID = 167, LiftName = liftName15471f6f-30c4-41c3-afe0-0da7df4b2efe, IsOpen = True, SeatsAmount = 24, LiftingTime = 20, QueueTime = 253, ConnectedSlopes =  }, checkPermissionServiceMock: Mock&lt;ICheckPermissionService:4&gt;, liftsRepositoryStub: Mock&lt;ILiftsRepository:4&gt;, liftsSlopesRepositoryStub: Mock&lt;ILiftsSlopesRepository:4&gt;, sut: LiftsService { })" storage="c:\users\alena\desktop\7_sem\testing_and_debugging\skiresort\bl.tests\bin\debug\net6.0\bl.tests.dll" id="467ad67f-b1f3-fcde-937c-62e6452a6289">
      <Execution id="46f9845b-45e9-41b3-8149-8e6d4ccb2374" />
      <TestMethod codeBase="C:\Users\alena\Desktop\7_sem\testing_and_debugging\SkiResort\BL.Tests\bin\Debug\net6.0\BL.Tests.dll" adapterTypeName="executor://xunit/VsTestRunner2/netcoreapp" className="BL.Tests.LiftsServiceTest" name="TestAdminDeleteLiftAsync" />
    </UnitTest>
    <UnitTest name="BL.Tests.UsersServiceTests.TestRegisterUserWithNoPassword" storage="c:\users\alena\desktop\7_sem\testing_and_debugging\skiresort\bl.tests\bin\debug\net6.0\bl.tests.dll" id="f44a1b21-8efc-bfac-63b4-d534442def31">
      <Execution id="3c946338-4265-4287-9341-f3a516fb269a" />
      <TestMethod codeBase="C:\Users\alena\Desktop\7_sem\testing_and_debugging\SkiResort\BL.Tests\bin\Debug\net6.0\BL.Tests.dll" adapterTypeName="executor://xunit/VsTestRunner2/netcoreapp" className="BL.Tests.UsersServiceTests" name="TestRegisterUserWithNoPassword" />
    </UnitTest>
    <UnitTest name="BL.Tests.UsersServiceTests.TestAdminDeleteUser" storage="c:\users\alena\desktop\7_sem\testing_and_debugging\skiresort\bl.tests\bin\debug\net6.0\bl.tests.dll" id="18fa8c62-e27d-e1fc-8182-4d7db62b008d">
      <Execution id="3025bb4b-ae87-4ec9-a5bb-b6ce60d344e5" />
      <TestMethod codeBase="C:\Users\alena\Desktop\7_sem\testing_and_debugging\SkiResort\BL.Tests\bin\Debug\net6.0\BL.Tests.dll" adapterTypeName="executor://xunit/VsTestRunner2/netcoreapp" className="BL.Tests.UsersServiceTests" name="TestAdminDeleteUser" />
    </UnitTest>
    <UnitTest name="BL.Tests.CheckPermissionsServiceTests.SkiPatrolHasNoAccessToAdminFunctions" storage="c:\users\alena\desktop\7_sem\testing_and_debugging\skiresort\bl.tests\bin\debug\net6.0\bl.tests.dll" id="492c0393-35b4-df26-a537-21ca08302f3c">
      <Execution id="1a5d994e-d873-4053-9a69-cdbec4ed1dcb" />
      <TestMethod codeBase="C:\Users\alena\Desktop\7_sem\testing_and_debugging\SkiResort\BL.Tests\bin\Debug\net6.0\BL.Tests.dll" adapterTypeName="executor://xunit/VsTestRunner2/netcoreapp" className="BL.Tests.CheckPermissionsServiceTests" name="SkiPatrolHasNoAccessToAdminFunctions" />
    </UnitTest>
    <UnitTest name="BL.Tests.UsersServiceTests.TestLogInWithWrongPassword" storage="c:\users\alena\desktop\7_sem\testing_and_debugging\skiresort\bl.tests\bin\debug\net6.0\bl.tests.dll" id="69340bb6-3645-f9dd-971e-29d8b2a009bb">
      <Execution id="93445a37-e512-4d65-bb96-ed06c005ce4e" />
      <TestMethod codeBase="C:\Users\alena\Desktop\7_sem\testing_and_debugging\SkiResort\BL.Tests\bin\Debug\net6.0\BL.Tests.dll" adapterTypeName="executor://xunit/VsTestRunner2/netcoreapp" className="BL.Tests.UsersServiceTests" name="TestLogInWithWrongPassword" />
    </UnitTest>
    <UnitTest name="BL.Tests.TurnstilesServiceTest.TestAdminGetTurnstilesAsync(userID: 183, initialTurnstiles: [Turnstile { TurnstileID = 243, LiftID = 130, IsOpen = True }, Turnstile { TurnstileID = 66, LiftID = 204, IsOpen = False }, Turnstile { TurnstileID = 17, LiftID = 237, IsOpen = True }], checkPermissionServiceMock: Mock&lt;ICheckPermissionService:13&gt;, turnstilesRepositoryStub: Mock&lt;ITurnstilesRepository:7&gt;, sut: TurnstilesService { })" storage="c:\users\alena\desktop\7_sem\testing_and_debugging\skiresort\bl.tests\bin\debug\net6.0\bl.tests.dll" id="b9bdefac-128d-f4ff-e744-f5fc71d807db">
      <Execution id="2c3defc4-8e9d-445b-8338-1ce983e6b25d" />
      <TestMethod codeBase="C:\Users\alena\Desktop\7_sem\testing_and_debugging\SkiResort\BL.Tests\bin\Debug\net6.0\BL.Tests.dll" adapterTypeName="executor://xunit/VsTestRunner2/netcoreapp" className="BL.Tests.TurnstilesServiceTest" name="TestAdminGetTurnstilesAsync" />
    </UnitTest>
    <UnitTest name="BL.Tests.SlopesServiceTest.TestGetSlopesInfoAsync(userID: 1, initialSlopes: [Slope { SlopeID = 188, SlopeName = slopeName0d95a75b-4f78-498a-b429-b11ca661c240, IsOpen = True, DifficultyLevel = 40, ConnectedLifts =  }, Slope { SlopeID = 180, SlopeName = slopeName692fa1e9-70a8-44ab-ada1-101cc107dfe9, IsOpen = False, DifficultyLevel = 34, ConnectedLifts =  }, Slope { SlopeID = 48, SlopeName = slopeNameab38c799-d059-4987-8fdb-d894eb216b7c, IsOpe..." storage="c:\users\alena\desktop\7_sem\testing_and_debugging\skiresort\bl.tests\bin\debug\net6.0\bl.tests.dll" id="a0857e00-9b20-6859-c583-e98ad8e73f6b">
      <Execution id="497e42eb-afdc-4b98-8ab9-8d6197a52849" />
      <TestMethod codeBase="C:\Users\alena\Desktop\7_sem\testing_and_debugging\SkiResort\BL.Tests\bin\Debug\net6.0\BL.Tests.dll" adapterTypeName="executor://xunit/VsTestRunner2/netcoreapp" className="BL.Tests.SlopesServiceTest" name="TestGetSlopesInfoAsync" />
    </UnitTest>
    <UnitTest name="BL.Tests.CheckPermissionsServiceTests.UnauthorizedHasNoAccessToAdminSkiPatrolFunctions(functionName: &quot;GetMessagesAsync&quot;)" storage="c:\users\alena\desktop\7_sem\testing_and_debugging\skiresort\bl.tests\bin\debug\net6.0\bl.tests.dll" id="229812f5-9a73-5335-11f5-31330d1348a5">
      <Execution id="f2e2e074-30f9-4302-a178-73038293b19e" />
      <TestMethod codeBase="C:\Users\alena\Desktop\7_sem\testing_and_debugging\SkiResort\BL.Tests\bin\Debug\net6.0\BL.Tests.dll" adapterTypeName="executor://xunit/VsTestRunner2/netcoreapp" className="BL.Tests.CheckPermissionsServiceTests" name="UnauthorizedHasNoAccessToAdminSkiPatrolFunctions" />
    </UnitTest>
    <UnitTest name="BL.Tests.UsersServiceTests.TestRegisterUserWithNoEmail" storage="c:\users\alena\desktop\7_sem\testing_and_debugging\skiresort\bl.tests\bin\debug\net6.0\bl.tests.dll" id="8184bd30-991c-b78d-b4ec-99a485eac0dd">
      <Execution id="757f0561-39d7-4806-bb14-46f22eabaa93" />
      <TestMethod codeBase="C:\Users\alena\Desktop\7_sem\testing_and_debugging\SkiResort\BL.Tests\bin\Debug\net6.0\BL.Tests.dll" adapterTypeName="executor://xunit/VsTestRunner2/netcoreapp" className="BL.Tests.UsersServiceTests" name="TestRegisterUserWithNoEmail" />
    </UnitTest>
    <UnitTest name="BL.Tests.CheckPermissionsServiceTests.AuthorizedHasNoAccessToAdminSkiPatrolFunctions(functionName: &quot;GetMessagesAsync&quot;)" storage="c:\users\alena\desktop\7_sem\testing_and_debugging\skiresort\bl.tests\bin\debug\net6.0\bl.tests.dll" id="2602613f-c8e2-a6d9-fcf7-5b27d4a770a6">
      <Execution id="c4d148a4-3e9a-46d4-bb49-7522c72d98d4" />
      <TestMethod codeBase="C:\Users\alena\Desktop\7_sem\testing_and_debugging\SkiResort\BL.Tests\bin\Debug\net6.0\BL.Tests.dll" adapterTypeName="executor://xunit/VsTestRunner2/netcoreapp" className="BL.Tests.CheckPermissionsServiceTests" name="AuthorizedHasNoAccessToAdminSkiPatrolFunctions" />
    </UnitTest>
    <UnitTest name="BL.Tests.UsersServiceTests.TestRegisterOk" storage="c:\users\alena\desktop\7_sem\testing_and_debugging\skiresort\bl.tests\bin\debug\net6.0\bl.tests.dll" id="0eeef75f-6e38-7893-a8fe-cff3e0a970a7">
      <Execution id="0e67e0ee-df95-422f-953e-a22881bf1834" />
      <TestMethod codeBase="C:\Users\alena\Desktop\7_sem\testing_and_debugging\SkiResort\BL.Tests\bin\Debug\net6.0\BL.Tests.dll" adapterTypeName="executor://xunit/VsTestRunner2/netcoreapp" className="BL.Tests.UsersServiceTests" name="TestRegisterOk" />
    </UnitTest>
    <UnitTest name="BL.Tests.TurnstilesServiceTest.TestAdminDeleteTurnstileAsync(userID: 93, turnstile: Turnstile { TurnstileID = 31, LiftID = 233, IsOpen = True }, checkPermissionServiceMock: Mock&lt;ICheckPermissionService:15&gt;, turnstilesRepositoryStub: Mock&lt;ITurnstilesRepository:9&gt;, sut: TurnstilesService { })" storage="c:\users\alena\desktop\7_sem\testing_and_debugging\skiresort\bl.tests\bin\debug\net6.0\bl.tests.dll" id="d96804bb-4309-0bbd-a218-2ad8179218db">
      <Execution id="c2b21a82-5227-4298-9351-7abad8ec4248" />
      <TestMethod codeBase="C:\Users\alena\Desktop\7_sem\testing_and_debugging\SkiResort\BL.Tests\bin\Debug\net6.0\BL.Tests.dll" adapterTypeName="executor://xunit/VsTestRunner2/netcoreapp" className="BL.Tests.TurnstilesServiceTest" name="TestAdminDeleteTurnstileAsync" />
    </UnitTest>
    <UnitTest name="BL.Tests.LiftsServiceTest.TestGetLiftInfoAsync(userID: 238, lift: Lift { LiftID = 156, LiftName = liftNameb50a71d9-0d6a-467c-8e69-5bc927ee112a, IsOpen = True, SeatsAmount = 129, LiftingTime = 236, QueueTime = 79, ConnectedSlopes =  }, checkPermissionServiceMock: Mock&lt;ICheckPermissionService:1&gt;, liftsRepositoryStub: Mock&lt;ILiftsRepository:1&gt;, liftsSlopesRepositoryStub: Mock&lt;ILiftsSlopesRepository:1&gt;, sut: LiftsService { })" storage="c:\users\alena\desktop\7_sem\testing_and_debugging\skiresort\bl.tests\bin\debug\net6.0\bl.tests.dll" id="a0867e60-dd0f-99ca-e1c2-3e606c3065b6">
      <Execution id="020e24c9-80c0-4754-b9bc-1718bfa2994c" />
      <TestMethod codeBase="C:\Users\alena\Desktop\7_sem\testing_and_debugging\SkiResort\BL.Tests\bin\Debug\net6.0\BL.Tests.dll" adapterTypeName="executor://xunit/VsTestRunner2/netcoreapp" className="BL.Tests.LiftsServiceTest" name="TestGetLiftInfoAsync" />
    </UnitTest>
    <UnitTest name="BL.Tests.LiftsSlopesServiceTests.TestAdminAddAutoIncrementLiftSlopeAsync(lift: Lift { LiftID = 161, LiftName = liftNameb4ca0725-de5b-422a-8094-80837e37ccfd, IsOpen = True, SeatsAmount = 19, LiftingTime = 77, QueueTime = 38, ConnectedSlopes =  }, slope: Slope { SlopeID = 16, SlopeName = slopeName125b9bce-8580-483c-a2e8-32ad11de980d, IsOpen = False, DifficultyLevel = 212, ConnectedLifts =  }, slopesRepositoryStub: Mock&lt;ISlopesRepository:3&gt;, l..." storage="c:\users\alena\desktop\7_sem\testing_and_debugging\skiresort\bl.tests\bin\debug\net6.0\bl.tests.dll" id="7f8339df-47e3-adf0-110c-508491f83c9b">
      <Execution id="4a93c34d-16c1-498b-abe5-4be90cc5596c" />
      <TestMethod codeBase="C:\Users\alena\Desktop\7_sem\testing_and_debugging\SkiResort\BL.Tests\bin\Debug\net6.0\BL.Tests.dll" adapterTypeName="executor://xunit/VsTestRunner2/netcoreapp" className="BL.Tests.LiftsSlopesServiceTests" name="TestAdminAddAutoIncrementLiftSlopeAsync" />
    </UnitTest>
    <UnitTest name="BL.Tests.TurnstilesServiceTest.TestAdminUpdateTurnstileAsync(userID: 15, turnstile: Turnstile { TurnstileID = 225, LiftID = 107, IsOpen = True }, checkPermissionServiceMock: Mock&lt;ICheckPermissionService:14&gt;, turnstilesRepositoryStub: Mock&lt;ITurnstilesRepository:8&gt;, sut: TurnstilesService { })" storage="c:\users\alena\desktop\7_sem\testing_and_debugging\skiresort\bl.tests\bin\debug\net6.0\bl.tests.dll" id="451906a8-933e-2671-acc1-cac125d8b8be">
      <Execution id="359cc107-ad3a-492d-9443-8878a01137e0" />
      <TestMethod codeBase="C:\Users\alena\Desktop\7_sem\testing_and_debugging\SkiResort\BL.Tests\bin\Debug\net6.0\BL.Tests.dll" adapterTypeName="executor://xunit/VsTestRunner2/netcoreapp" className="BL.Tests.TurnstilesServiceTest" name="TestAdminUpdateTurnstileAsync" />
    </UnitTest>
    <UnitTest name="BL.Tests.CheckPermissionsServiceTests.UnauthorizedHasNoAccessToAuthorizedFunctions(functionName: &quot;LogOutAsync&quot;)" storage="c:\users\alena\desktop\7_sem\testing_and_debugging\skiresort\bl.tests\bin\debug\net6.0\bl.tests.dll" id="fa960c5e-f989-2880-784e-8efe538c5231">
      <Execution id="6e010de8-e2b6-40f7-bb72-d55b31fb5d88" />
      <TestMethod codeBase="C:\Users\alena\Desktop\7_sem\testing_and_debugging\SkiResort\BL.Tests\bin\Debug\net6.0\BL.Tests.dll" adapterTypeName="executor://xunit/VsTestRunner2/netcoreapp" className="BL.Tests.CheckPermissionsServiceTests" name="UnauthorizedHasNoAccessToAuthorizedFunctions" />
    </UnitTest>
    <UnitTest name="BL.Tests.LiftsServiceTest.TestAdminAddAutoIncrementLiftAsync(userID: 155, lift: Lift { LiftID = 217, LiftName = liftNamedc23efa7-c23a-4cc3-b11f-39634d8f11b3, IsOpen = True, SeatsAmount = 104, LiftingTime = 244, QueueTime = 110, ConnectedSlopes =  }, checkPermissionServiceMock: Mock&lt;ICheckPermissionService:5&gt;, liftsRepositoryStub: Mock&lt;ILiftsRepository:5&gt;, sut: LiftsService { })" storage="c:\users\alena\desktop\7_sem\testing_and_debugging\skiresort\bl.tests\bin\debug\net6.0\bl.tests.dll" id="635e7893-0e50-45db-0b9c-bf7b7d741de9">
      <Execution id="02cb9ef3-856d-46ba-b87e-15682b8d29fc" />
      <TestMethod codeBase="C:\Users\alena\Desktop\7_sem\testing_and_debugging\SkiResort\BL.Tests\bin\Debug\net6.0\BL.Tests.dll" adapterTypeName="executor://xunit/VsTestRunner2/netcoreapp" className="BL.Tests.LiftsServiceTest" name="TestAdminAddAutoIncrementLiftAsync" />
    </UnitTest>
    <UnitTest name="BL.Tests.UsersServiceTests.TestAdminUpdateUser" storage="c:\users\alena\desktop\7_sem\testing_and_debugging\skiresort\bl.tests\bin\debug\net6.0\bl.tests.dll" id="06d0bc3a-24a0-fb7f-4277-e9ae6d21c7dd">
      <Execution id="c4307b43-212f-4427-a084-a96db1824856" />
      <TestMethod codeBase="C:\Users\alena\Desktop\7_sem\testing_and_debugging\SkiResort\BL.Tests\bin\Debug\net6.0\BL.Tests.dll" adapterTypeName="executor://xunit/VsTestRunner2/netcoreapp" className="BL.Tests.UsersServiceTests" name="TestAdminUpdateUser" />
    </UnitTest>
    <UnitTest name="BL.Tests.SlopesServiceTest.TestAdminDeleteSlopeAsync(userID: 148, slope: Slope { SlopeID = 53, SlopeName = slopeName3a047b64-c3a3-40ee-a457-415675e5e5c1, IsOpen = True, DifficultyLevel = 26, ConnectedLifts =  }, checkPermissionServiceMock: Mock&lt;ICheckPermissionService:9&gt;, slopesRepositoryStub: Mock&lt;ISlopesRepository:7&gt;, liftsSlopesRepositoryStub: Mock&lt;ILiftsSlopesRepository:12&gt;, sut: SlopesService { })" storage="c:\users\alena\desktop\7_sem\testing_and_debugging\skiresort\bl.tests\bin\debug\net6.0\bl.tests.dll" id="950cd934-fce0-0223-10b7-0f6f12034d2b">
      <Execution id="aa483361-b0de-4e65-96d8-7f7542ff1f20" />
      <TestMethod codeBase="C:\Users\alena\Desktop\7_sem\testing_and_debugging\SkiResort\BL.Tests\bin\Debug\net6.0\BL.Tests.dll" adapterTypeName="executor://xunit/VsTestRunner2/netcoreapp" className="BL.Tests.SlopesServiceTest" name="TestAdminDeleteSlopeAsync" />
    </UnitTest>
    <UnitTest name="BL.Tests.UsersServiceTests.TestAdminGetUserByIDAsync" storage="c:\users\alena\desktop\7_sem\testing_and_debugging\skiresort\bl.tests\bin\debug\net6.0\bl.tests.dll" id="e5497347-2721-b7a6-0bd4-69a9921f6947">
      <Execution id="0642ea46-71aa-46bb-a6c1-f16cc2aaed2c" />
      <TestMethod codeBase="C:\Users\alena\Desktop\7_sem\testing_and_debugging\SkiResort\BL.Tests\bin\Debug\net6.0\BL.Tests.dll" adapterTypeName="executor://xunit/VsTestRunner2/netcoreapp" className="BL.Tests.UsersServiceTests" name="TestAdminGetUserByIDAsync" />
    </UnitTest>
    <UnitTest name="BL.Tests.UsersServiceTests.TestAdminGetUsers" storage="c:\users\alena\desktop\7_sem\testing_and_debugging\skiresort\bl.tests\bin\debug\net6.0\bl.tests.dll" id="20ad8570-0170-85de-dcd7-2f109dd7bcd6">
      <Execution id="8c7adb6e-d7c2-4074-af14-82084f4dcb8e" />
      <TestMethod codeBase="C:\Users\alena\Desktop\7_sem\testing_and_debugging\SkiResort\BL.Tests\bin\Debug\net6.0\BL.Tests.dll" adapterTypeName="executor://xunit/VsTestRunner2/netcoreapp" className="BL.Tests.UsersServiceTests" name="TestAdminGetUsers" />
    </UnitTest>
  </TestDefinitions>
  <TestEntries>
    <TestEntry testId="a2e59116-cb53-1d70-9cb8-21c286516866" executionId="aaaebbc6-b4ea-4d9b-8d88-f78b644cba25" testListId="8c84fa94-04c1-424b-9868-57a2d4851a1d" />
    <TestEntry testId="e5497347-2721-b7a6-0bd4-69a9921f6947" executionId="0642ea46-71aa-46bb-a6c1-f16cc2aaed2c" testListId="8c84fa94-04c1-424b-9868-57a2d4851a1d" />
    <TestEntry testId="eaabd2fc-2f4b-5689-59c8-c7ad34a8f634" executionId="6e021504-dc6b-4ee5-a5b2-f4e4f7715534" testListId="8c84fa94-04c1-424b-9868-57a2d4851a1d" />
    <TestEntry testId="8184bd30-991c-b78d-b4ec-99a485eac0dd" executionId="757f0561-39d7-4806-bb14-46f22eabaa93" testListId="8c84fa94-04c1-424b-9868-57a2d4851a1d" />
    <TestEntry testId="894941c1-bfa7-d8f9-c047-1e1ceefe2c2f" executionId="6f213919-cb99-4245-be9b-557ea7ab67f6" testListId="8c84fa94-04c1-424b-9868-57a2d4851a1d" />
    <TestEntry testId="fa960c5e-f989-2880-784e-8efe538c5231" executionId="6e010de8-e2b6-40f7-bb72-d55b31fb5d88" testListId="8c84fa94-04c1-424b-9868-57a2d4851a1d" />
    <TestEntry testId="03df4fdd-979a-3f32-97c5-80febef78daf" executionId="86a7d385-6d4a-40c8-8f76-f8147ab756cc" testListId="8c84fa94-04c1-424b-9868-57a2d4851a1d" />
    <TestEntry testId="492c0393-35b4-df26-a537-21ca08302f3c" executionId="1a5d994e-d873-4053-9a69-cdbec4ed1dcb" testListId="8c84fa94-04c1-424b-9868-57a2d4851a1d" />
    <TestEntry testId="06d0bc3a-24a0-fb7f-4277-e9ae6d21c7dd" executionId="c4307b43-212f-4427-a084-a96db1824856" testListId="8c84fa94-04c1-424b-9868-57a2d4851a1d" />
    <TestEntry testId="20ad8570-0170-85de-dcd7-2f109dd7bcd6" executionId="8c7adb6e-d7c2-4074-af14-82084f4dcb8e" testListId="8c84fa94-04c1-424b-9868-57a2d4851a1d" />
    <TestEntry testId="9c7df5e2-1b23-ebea-889f-b78ca86b60ab" executionId="cb87c508-8fae-417b-8def-dea556523576" testListId="8c84fa94-04c1-424b-9868-57a2d4851a1d" />
    <TestEntry testId="a0857e00-9b20-6859-c583-e98ad8e73f6b" executionId="497e42eb-afdc-4b98-8ab9-8d6197a52849" testListId="8c84fa94-04c1-424b-9868-57a2d4851a1d" />
    <TestEntry testId="18fa8c62-e27d-e1fc-8182-4d7db62b008d" executionId="3025bb4b-ae87-4ec9-a5bb-b6ce60d344e5" testListId="8c84fa94-04c1-424b-9868-57a2d4851a1d" />
    <TestEntry testId="d96804bb-4309-0bbd-a218-2ad8179218db" executionId="c2b21a82-5227-4298-9351-7abad8ec4248" testListId="8c84fa94-04c1-424b-9868-57a2d4851a1d" />
    <TestEntry testId="451906a8-933e-2671-acc1-cac125d8b8be" executionId="359cc107-ad3a-492d-9443-8878a01137e0" testListId="8c84fa94-04c1-424b-9868-57a2d4851a1d" />
    <TestEntry testId="69340bb6-3645-f9dd-971e-29d8b2a009bb" executionId="93445a37-e512-4d65-bb96-ed06c005ce4e" testListId="8c84fa94-04c1-424b-9868-57a2d4851a1d" />
    <TestEntry testId="5e486300-ac32-5e4f-499a-436618240a72" executionId="d9d47a99-f5ac-4d7a-8a27-ae0063c1fde6" testListId="8c84fa94-04c1-424b-9868-57a2d4851a1d" />
    <TestEntry testId="f3efc418-a8a6-c7b7-9bac-90b33aa8472f" executionId="9de3471c-bb89-4b85-8bc4-170e1409c3b2" testListId="8c84fa94-04c1-424b-9868-57a2d4851a1d" />
    <TestEntry testId="0d1f7f33-d8f0-0b86-f817-26292691431f" executionId="d5a0256a-888e-42c2-9e04-c451af8a7ffe" testListId="8c84fa94-04c1-424b-9868-57a2d4851a1d" />
    <TestEntry testId="b9bdefac-128d-f4ff-e744-f5fc71d807db" executionId="2c3defc4-8e9d-445b-8338-1ce983e6b25d" testListId="8c84fa94-04c1-424b-9868-57a2d4851a1d" />
    <TestEntry testId="635e7893-0e50-45db-0b9c-bf7b7d741de9" executionId="02cb9ef3-856d-46ba-b87e-15682b8d29fc" testListId="8c84fa94-04c1-424b-9868-57a2d4851a1d" />
    <TestEntry testId="834c739b-eca4-b36d-6a66-5a1bd75377b8" executionId="bf56bbe4-54e3-48ba-bd37-cc21bf13b7e3" testListId="8c84fa94-04c1-424b-9868-57a2d4851a1d" />
    <TestEntry testId="467ad67f-b1f3-fcde-937c-62e6452a6289" executionId="46f9845b-45e9-41b3-8149-8e6d4ccb2374" testListId="8c84fa94-04c1-424b-9868-57a2d4851a1d" />
    <TestEntry testId="a0867e60-dd0f-99ca-e1c2-3e606c3065b6" executionId="020e24c9-80c0-4754-b9bc-1718bfa2994c" testListId="8c84fa94-04c1-424b-9868-57a2d4851a1d" />
    <TestEntry testId="c36970dc-93f7-753e-fa47-157133b01644" executionId="e5e47e0c-a444-46fb-8ae6-6c39d05eb79c" testListId="8c84fa94-04c1-424b-9868-57a2d4851a1d" />
    <TestEntry testId="2d706594-f2b3-b3c8-21d4-86c9798c3306" executionId="87e82ddc-6cf3-4e0f-b518-5438dc6725a3" testListId="8c84fa94-04c1-424b-9868-57a2d4851a1d" />
    <TestEntry testId="a3f53dd3-ae28-fdc3-351a-a4ab3d427a70" executionId="83325f7b-a945-4484-989e-51cc3c4680fa" testListId="8c84fa94-04c1-424b-9868-57a2d4851a1d" />
    <TestEntry testId="f44a1b21-8efc-bfac-63b4-d534442def31" executionId="3c946338-4265-4287-9341-f3a516fb269a" testListId="8c84fa94-04c1-424b-9868-57a2d4851a1d" />
    <TestEntry testId="7f8339df-47e3-adf0-110c-508491f83c9b" executionId="4a93c34d-16c1-498b-abe5-4be90cc5596c" testListId="8c84fa94-04c1-424b-9868-57a2d4851a1d" />
    <TestEntry testId="aa28a6b3-21d3-aa45-24d3-bef2facbc899" executionId="6caadd8c-a5d4-4661-a49d-79a192e02669" testListId="8c84fa94-04c1-424b-9868-57a2d4851a1d" />
    <TestEntry testId="d31e5e98-087d-dbf3-ce7b-34c7d5b9963c" executionId="c76db232-93b4-44d1-835c-27f93e3e5a9a" testListId="8c84fa94-04c1-424b-9868-57a2d4851a1d" />
    <TestEntry testId="a19a5fcf-c5d2-7d44-5d7d-84403042f4e0" executionId="0df7dbf2-8b8f-491d-8264-3dcb17e73c77" testListId="8c84fa94-04c1-424b-9868-57a2d4851a1d" />
    <TestEntry testId="950cd934-fce0-0223-10b7-0f6f12034d2b" executionId="aa483361-b0de-4e65-96d8-7f7542ff1f20" testListId="8c84fa94-04c1-424b-9868-57a2d4851a1d" />
    <TestEntry testId="387c9729-48c1-486e-5e67-f5d11a9f0db8" executionId="a8acd935-4334-4883-a533-39a55e92b894" testListId="8c84fa94-04c1-424b-9868-57a2d4851a1d" />
    <TestEntry testId="0eeef75f-6e38-7893-a8fe-cff3e0a970a7" executionId="0e67e0ee-df95-422f-953e-a22881bf1834" testListId="8c84fa94-04c1-424b-9868-57a2d4851a1d" />
    <TestEntry testId="e52bdb12-10b7-026b-54df-178d84b5d26c" executionId="216d8708-a64a-408d-86c9-aeac1b642899" testListId="8c84fa94-04c1-424b-9868-57a2d4851a1d" />
    <TestEntry testId="0573703e-0221-e34f-02d9-aed4e9af5dad" executionId="15919552-d6f2-49c1-b7e7-cff93ced34e2" testListId="8c84fa94-04c1-424b-9868-57a2d4851a1d" />
    <TestEntry testId="1ca07ad8-f799-c5d4-e7cc-34fd950198a2" executionId="aba70282-bae1-4e1b-8fc7-842fbe957324" testListId="8c84fa94-04c1-424b-9868-57a2d4851a1d" />
    <TestEntry testId="2602613f-c8e2-a6d9-fcf7-5b27d4a770a6" executionId="c4d148a4-3e9a-46d4-bb49-7522c72d98d4" testListId="8c84fa94-04c1-424b-9868-57a2d4851a1d" />
    <TestEntry testId="6ce464d1-34ec-68a0-3596-8c2ee7d30fa7" executionId="0e90b491-d028-4daa-9a42-534d6800ced5" testListId="8c84fa94-04c1-424b-9868-57a2d4851a1d" />
    <TestEntry testId="644ec43e-70cd-c82d-42e7-0d990be1414d" executionId="ef6e343f-53fd-4129-9c17-2f9d7fa7002d" testListId="8c84fa94-04c1-424b-9868-57a2d4851a1d" />
    <TestEntry testId="229812f5-9a73-5335-11f5-31330d1348a5" executionId="f2e2e074-30f9-4302-a178-73038293b19e" testListId="8c84fa94-04c1-424b-9868-57a2d4851a1d" />
    <TestEntry testId="4f297306-d4f3-8d63-e7f4-1ac0b8c58c74" executionId="f579e0d3-447a-40b9-ac6e-65c463487bd2" testListId="8c84fa94-04c1-424b-9868-57a2d4851a1d" />
    <TestEntry testId="f543fb76-faaf-4f98-3a59-5d70e6a96b23" executionId="04ee8938-aba1-4203-a283-a6199b7c1ebc" testListId="8c84fa94-04c1-424b-9868-57a2d4851a1d" />
    <TestEntry testId="e2d7e5be-3dae-33ae-fb17-c704b6fd58d6" executionId="d1417603-619f-4e83-b5c2-390feb34bec8" testListId="8c84fa94-04c1-424b-9868-57a2d4851a1d" />
    <TestEntry testId="39be9b5e-0bc4-57dc-37d3-aec6b520299d" executionId="7e6e0412-c202-43ac-ad76-5d350ce41278" testListId="8c84fa94-04c1-424b-9868-57a2d4851a1d" />
    <TestEntry testId="60bd668f-04df-da5e-b79b-5d9aedb5234d" executionId="99e8b735-3fa1-4d0d-ac18-da346cc6ef7b" testListId="8c84fa94-04c1-424b-9868-57a2d4851a1d" />
  </TestEntries>
  <TestLists>
    <TestList name="Список результатов" id="8c84fa94-04c1-424b-9868-57a2d4851a1d" />
    <TestList name="Все загруженные результаты" id="19431567-8539-422a-85d7-44ee4e166bda" />
  </TestLists>
  <ResultSummary outcome="Completed">
    <Counters total="47" executed="47" passed="47" failed="0" error="0" timeout="0" aborted="0" inconclusive="0" passedButRunAborted="0" notRunnable="0" notExecuted="0" disconnected="0" warning="0" completed="0" inProgress="0" pending="0" />
    <Output>
      <StdOut>[xUnit.net 00:00:00.00] xUnit.net VSTest Adapter v2.4.5+1caef2f33e (64-bit .NET 6.0.3)&#xD;
[xUnit.net 00:00:00.44]   Discovering: BL.Tests&#xD;
[xUnit.net 00:00:00.64]   Discovered:  BL.Tests&#xD;
[xUnit.net 00:00:00.64]   Starting:    BL.Tests&#xD;
[xUnit.net 00:00:00.88]   Finished:    BL.Tests&#xD;
</StdOut>
    </Output>
  </ResultSummary>
</TestRun>