<?xml version="1.0" encoding="utf-8"?>
<TestRun id="b27cdf2f-97cb-41a4-8ba1-69adb06cac43" name="alena@DESKTOP-TJ9D65N 2022-10-15 19:59:07" runUser="DESKTOP-TJ9D65N\alena" xmlns="http://microsoft.com/schemas/VisualStudio/TeamTest/2010">
  <Times creation="2022-10-15T19:59:07.5945066+03:00" queuing="2022-10-15T19:59:07.5945068+03:00" start="2022-10-15T19:59:05.9804979+03:00" finish="2022-10-15T19:59:07.6641397+03:00" />
  <TestSettings name="default" id="5f0bfcfa-42b5-4506-a452-765163b178cb">
    <Deployment runDeploymentRoot="alena_DESKTOP-TJ9D65N_2022-10-15_19_59_07" />
  </TestSettings>
  <Results>
    <UnitTestResult executionId="f3e43242-593e-4f25-adec-2f382432e6c1" testId="01e9e43a-e2da-3c89-f0f9-42f750242a1f" testName="BL.Tests.LiftsServiceTest.TestAdminAddAutoIncrementLiftAsync(userID: 223, lift: Lift { LiftID = 122, LiftName = liftNamef5cd706c-c727-486f-a6ce-f1f2a42a85b3, IsOpen = True, SeatsAmount = 57, LiftingTime = 89, QueueTime = 126, ConnectedSlopes =  }, checkPermissionServiceMock: Mock&lt;ICheckPermissionService:5&gt;, liftsRepositoryStub: Mock&lt;ILiftsRepository:5&gt;, sut: LiftsService { })" computerName="DESKTOP-TJ9D65N" duration="00:00:00.0171500" startTime="2022-10-15T19:59:07.5481244+03:00" endTime="2022-10-15T19:59:07.5481245+03:00" testType="13cdc9d9-ddb5-4fa4-a97d-d965ccfc6d4b" outcome="Passed" testListId="8c84fa94-04c1-424b-9868-57a2d4851a1d" relativeResultsDirectory="f3e43242-593e-4f25-adec-2f382432e6c1" />
    <UnitTestResult executionId="dc3a9758-1f03-4b1e-bb10-b9f27ae53a8c" testId="834c739b-eca4-b36d-6a66-5a1bd75377b8" testName="BL.Tests.UsersServiceTests.TestAdminAddAutoIncrementUser" computerName="DESKTOP-TJ9D65N" duration="00:00:00.0080366" startTime="2022-10-15T19:59:07.5699902+03:00" endTime="2022-10-15T19:59:07.5699904+03:00" testType="13cdc9d9-ddb5-4fa4-a97d-d965ccfc6d4b" outcome="Passed" testListId="8c84fa94-04c1-424b-9868-57a2d4851a1d" relativeResultsDirectory="dc3a9758-1f03-4b1e-bb10-b9f27ae53a8c" />
    <UnitTestResult executionId="04fe695c-74b5-49fb-b371-c3cf03832436" testId="229812f5-9a73-5335-11f5-31330d1348a5" testName="BL.Tests.CheckPermissionsServiceTests.UnauthorizedHasNoAccessToAdminSkiPatrolFunctions(functionName: &quot;GetMessagesAsync&quot;)" computerName="DESKTOP-TJ9D65N" duration="00:00:00.0013244" startTime="2022-10-15T19:59:07.5449922+03:00" endTime="2022-10-15T19:59:07.5449924+03:00" testType="13cdc9d9-ddb5-4fa4-a97d-d965ccfc6d4b" outcome="Passed" testListId="8c84fa94-04c1-424b-9868-57a2d4851a1d" relativeResultsDirectory="04fe695c-74b5-49fb-b371-c3cf03832436" />
    <UnitTestResult executionId="0758074d-8fa4-450a-bb13-2a05b88f94fc" testId="8fdf6ff6-6ab0-3229-1bbe-2f132b0b00a5" testName="BL.Tests.LiftsSlopesServiceTests.TestAdminAddAutoIncrementLiftSlopeAsync(lift: Lift { LiftID = 117, LiftName = liftName3b39ffa1-a172-4d0c-84d5-de4c543bfeac, IsOpen = True, SeatsAmount = 230, LiftingTime = 82, QueueTime = 219, ConnectedSlopes =  }, slope: Slope { SlopeID = 154, SlopeName = slopeName417bdf68-8995-432e-9e61-df787f9d1f36, IsOpen = False, DifficultyLevel = 185, ConnectedLifts =  }, slopesRepositoryStub: Mock&lt;ISlopesRepository:3&gt;, liftsRepositoryStub: Mock&lt;ILiftsRepository:8&gt;, liftsSlopesRepositoryStub: Mock&lt;ILiftsSlopesRepository:8&gt;)" computerName="DESKTOP-TJ9D65N" duration="00:00:00.0083432" startTime="2022-10-15T19:59:07.5450821+03:00" endTime="2022-10-15T19:59:07.5450821+03:00" testType="13cdc9d9-ddb5-4fa4-a97d-d965ccfc6d4b" outcome="Passed" testListId="8c84fa94-04c1-424b-9868-57a2d4851a1d" relativeResultsDirectory="0758074d-8fa4-450a-bb13-2a05b88f94fc" />
    <UnitTestResult executionId="856afe36-5e45-433f-805d-bdb4a3e6700f" testId="60bd668f-04df-da5e-b79b-5d9aedb5234d" testName="BL.Tests.CheckPermissionsServiceTests.SkiPatrolHasAccessToAdminSkiPatrolFunctions(functionName: &quot;MarkMessageReadByUserAsync&quot;)" computerName="DESKTOP-TJ9D65N" duration="00:00:00.0011705" startTime="2022-10-15T19:59:07.5481841+03:00" endTime="2022-10-15T19:59:07.5481842+03:00" testType="13cdc9d9-ddb5-4fa4-a97d-d965ccfc6d4b" outcome="Passed" testListId="8c84fa94-04c1-424b-9868-57a2d4851a1d" relativeResultsDirectory="856afe36-5e45-433f-805d-bdb4a3e6700f" />
    <UnitTestResult executionId="acbad006-dfc3-4ba8-b1b2-2f9c24837fc1" testId="a2e59116-cb53-1d70-9cb8-21c286516866" testName="BL.Tests.CheckPermissionsServiceTests.AuthorizedHasNoAccessToAdminFunctions" computerName="DESKTOP-TJ9D65N" duration="00:00:00.0032010" startTime="2022-10-15T19:59:07.5495448+03:00" endTime="2022-10-15T19:59:07.5495449+03:00" testType="13cdc9d9-ddb5-4fa4-a97d-d965ccfc6d4b" outcome="Passed" testListId="8c84fa94-04c1-424b-9868-57a2d4851a1d" relativeResultsDirectory="acbad006-dfc3-4ba8-b1b2-2f9c24837fc1" />
    <UnitTestResult executionId="1c8bd906-1543-40e4-aca3-09ec049aae2c" testId="2602613f-c8e2-a6d9-fcf7-5b27d4a770a6" testName="BL.Tests.CheckPermissionsServiceTests.AuthorizedHasNoAccessToAdminSkiPatrolFunctions(functionName: &quot;GetMessagesAsync&quot;)" computerName="DESKTOP-TJ9D65N" duration="00:00:00.0032690" startTime="2022-10-15T19:59:07.5567644+03:00" endTime="2022-10-15T19:59:07.5567645+03:00" testType="13cdc9d9-ddb5-4fa4-a97d-d965ccfc6d4b" outcome="Passed" testListId="8c84fa94-04c1-424b-9868-57a2d4851a1d" relativeResultsDirectory="1c8bd906-1543-40e4-aca3-09ec049aae2c" />
    <UnitTestResult executionId="a5ad4841-675b-4510-ba74-c4ccf1bf2a32" testId="07b6f302-c986-8439-7b74-5ef2cf02a8b3" testName="BL.Tests.LiftsServiceTest.TestUpdateLiftInfoAsync(userID: 235, lift: Lift { LiftID = 78, LiftName = liftName575c72d3-7091-4a44-9c62-0d4280443400, IsOpen = True, SeatsAmount = 253, LiftingTime = 111, QueueTime = 162, ConnectedSlopes =  }, checkPermissionServiceMock: Mock&lt;ICheckPermissionService:3&gt;, liftsRepositoryStub: Mock&lt;ILiftsRepository:3&gt;, sut: LiftsService { })" computerName="DESKTOP-TJ9D65N" duration="00:00:00.0078862" startTime="2022-10-15T19:59:07.5450627+03:00" endTime="2022-10-15T19:59:07.5450628+03:00" testType="13cdc9d9-ddb5-4fa4-a97d-d965ccfc6d4b" outcome="Passed" testListId="8c84fa94-04c1-424b-9868-57a2d4851a1d" relativeResultsDirectory="a5ad4841-675b-4510-ba74-c4ccf1bf2a32" />
    <UnitTestResult executionId="660942ba-fb20-4a80-86ad-67c97c9e9885" testId="a19a5fcf-c5d2-7d44-5d7d-84403042f4e0" testName="BL.Tests.CheckPermissionsServiceTests.UnauthorizedHasNoAccessToAdminSkiPatrolFunctions(functionName: &quot;MarkMessageReadByUserAsync&quot;)" computerName="DESKTOP-TJ9D65N" duration="00:00:00.0262124" startTime="2022-10-15T19:59:07.4572573+03:00" endTime="2022-10-15T19:59:07.4572574+03:00" testType="13cdc9d9-ddb5-4fa4-a97d-d965ccfc6d4b" outcome="Passed" testListId="8c84fa94-04c1-424b-9868-57a2d4851a1d" relativeResultsDirectory="660942ba-fb20-4a80-86ad-67c97c9e9885" />
    <UnitTestResult executionId="dc07fb85-49ea-4902-a56d-4ba0e9d52cf2" testId="f3efc418-a8a6-c7b7-9bac-90b33aa8472f" testName="BL.Tests.CheckPermissionsServiceTests.AdminHasAccessToAllFunctions" computerName="DESKTOP-TJ9D65N" duration="00:00:00.0017960" startTime="2022-10-15T19:59:07.5862274+03:00" endTime="2022-10-15T19:59:07.5862276+03:00" testType="13cdc9d9-ddb5-4fa4-a97d-d965ccfc6d4b" outcome="Passed" testListId="8c84fa94-04c1-424b-9868-57a2d4851a1d" relativeResultsDirectory="dc07fb85-49ea-4902-a56d-4ba0e9d52cf2" />
    <UnitTestResult executionId="41f9f5c7-2620-4c93-a61c-44ba9abcfcff" testId="afaa80c5-8993-8d75-6362-2fa8f31d2829" testName="BL.Tests.TurnstilesServiceTest.TestAdminDeleteTurnstileAsync(userID: 108, turnstile: Turnstile { TurnstileID = 177, LiftID = 221, IsOpen = True }, checkPermissionServiceMock: Mock&lt;ICheckPermissionService:15&gt;, turnstilesRepositoryStub: Mock&lt;ITurnstilesRepository:9&gt;, sut: TurnstilesService { })" computerName="DESKTOP-TJ9D65N" duration="00:00:00.0053955" startTime="2022-10-15T19:59:07.5448305+03:00" endTime="2022-10-15T19:59:07.5448307+03:00" testType="13cdc9d9-ddb5-4fa4-a97d-d965ccfc6d4b" outcome="Passed" testListId="8c84fa94-04c1-424b-9868-57a2d4851a1d" relativeResultsDirectory="41f9f5c7-2620-4c93-a61c-44ba9abcfcff" />
    <UnitTestResult executionId="fb395f3f-43e3-46e8-8b93-054a087f70d2" testId="e2d7e5be-3dae-33ae-fb17-c704b6fd58d6" testName="BL.Tests.CheckPermissionsServiceTests.UnauthorizedHasNoAccessToAdminFunctions" computerName="DESKTOP-TJ9D65N" duration="00:00:00.0023545" startTime="2022-10-15T19:59:07.5774148+03:00" endTime="2022-10-15T19:59:07.5774149+03:00" testType="13cdc9d9-ddb5-4fa4-a97d-d965ccfc6d4b" outcome="Passed" testListId="8c84fa94-04c1-424b-9868-57a2d4851a1d" relativeResultsDirectory="fb395f3f-43e3-46e8-8b93-054a087f70d2" />
    <UnitTestResult executionId="a950d257-5572-4666-8ab9-74e7f8b96e01" testId="e5497347-2721-b7a6-0bd4-69a9921f6947" testName="BL.Tests.UsersServiceTests.TestAdminGetUserByIDAsync" computerName="DESKTOP-TJ9D65N" duration="00:00:00.0033355" startTime="2022-10-15T19:59:07.5758062+03:00" endTime="2022-10-15T19:59:07.5758063+03:00" testType="13cdc9d9-ddb5-4fa4-a97d-d965ccfc6d4b" outcome="Passed" testListId="8c84fa94-04c1-424b-9868-57a2d4851a1d" relativeResultsDirectory="a950d257-5572-4666-8ab9-74e7f8b96e01" />
    <UnitTestResult executionId="6ac581e0-d59b-46df-9e5e-06d64028eef4" testId="e3c1d1b1-a03c-c5da-79b9-5551f3c7550d" testName="BL.Tests.LiftsServiceTest.TestGetLiftsInfoAsync(userID: 237, initialLifts: [Lift { LiftID = 130, LiftName = liftNamedee8c861-c9f1-437c-bad1-d1dc4e1b95f5, IsOpen = True, SeatsAmount = 201, LiftingTime = 148, QueueTime = 227, ConnectedSlopes =  }, Lift { LiftID = 196, LiftName = liftName632efd5c-b7d8-44e2-87db-19fb5981b977, IsOpen = False, SeatsAmount = 17, LiftingTime = 29, QueueTime = 224, ConnectedSlopes =  }, Lift { LiftID = 207, LiftName = liftName31716ee0-0e3f-4b36-834d-e4be8bfa40af, IsOpen = True, SeatsAmount = 11, LiftingTime = 211, QueueTime = 120, ConnectedSlopes =  }], checkPermissionServiceMock: Mock&lt;ICheckPermissionService:2&gt;, liftsRepositoryStub: Mock&lt;ILiftsRepository:2&gt;, liftsSlopesRepositoryStub: Mock&lt;ILiftsSlopesRepository:2&gt;, sut: LiftsService { })" computerName="DESKTOP-TJ9D65N" duration="00:00:00.0773700" startTime="2022-10-15T19:59:07.4984051+03:00" endTime="2022-10-15T19:59:07.4984053+03:00" testType="13cdc9d9-ddb5-4fa4-a97d-d965ccfc6d4b" outcome="Passed" testListId="8c84fa94-04c1-424b-9868-57a2d4851a1d" relativeResultsDirectory="6ac581e0-d59b-46df-9e5e-06d64028eef4" />
    <UnitTestResult executionId="462205b0-b606-4188-9069-fd80cb1b78f4" testId="0a586e31-7521-c867-fa35-ee7051158480" testName="BL.Tests.TurnstilesServiceTest.TestAdminGetTurnstilesAsync(userID: 204, initialTurnstiles: [Turnstile { TurnstileID = 198, LiftID = 18, IsOpen = True }, Turnstile { TurnstileID = 146, LiftID = 152, IsOpen = False }, Turnstile { TurnstileID = 68, LiftID = 66, IsOpen = True }], checkPermissionServiceMock: Mock&lt;ICheckPermissionService:13&gt;, turnstilesRepositoryStub: Mock&lt;ITurnstilesRepository:7&gt;, sut: TurnstilesService { })" computerName="DESKTOP-TJ9D65N" duration="00:00:00.0280478" startTime="2022-10-15T19:59:07.4573455+03:00" endTime="2022-10-15T19:59:07.4573456+03:00" testType="13cdc9d9-ddb5-4fa4-a97d-d965ccfc6d4b" outcome="Passed" testListId="8c84fa94-04c1-424b-9868-57a2d4851a1d" relativeResultsDirectory="462205b0-b606-4188-9069-fd80cb1b78f4" />
    <UnitTestResult executionId="469d6a9e-bb79-4251-abda-720ba0378993" testId="f44a1b21-8efc-bfac-63b4-d534442def31" testName="BL.Tests.UsersServiceTests.TestRegisterUserWithNoPassword" computerName="DESKTOP-TJ9D65N" duration="00:00:00.0014629" startTime="2022-10-15T19:59:07.5450436+03:00" endTime="2022-10-15T19:59:07.5450437+03:00" testType="13cdc9d9-ddb5-4fa4-a97d-d965ccfc6d4b" outcome="Passed" testListId="8c84fa94-04c1-424b-9868-57a2d4851a1d" relativeResultsDirectory="469d6a9e-bb79-4251-abda-720ba0378993" />
    <UnitTestResult executionId="a43b9715-6bf3-4366-80a0-81f5a1adc3be" testId="01c1b2ad-93c6-1ade-e161-e0a57ec30a19" testName="BL.Tests.SlopesServiceTest.TestAdminAddAutoIncrementSlopeAsync(userID: 124, slope: Slope { SlopeID = 60, SlopeName = slopeName473a4e00-d0a7-44bd-b0f1-5e81fa63dc3d, IsOpen = True, DifficultyLevel = 82, ConnectedLifts =  }, checkPermissionServiceMock: Mock&lt;ICheckPermissionService:10&gt;, slopesRepositoryStub: Mock&lt;ISlopesRepository:8&gt;, sut: SlopesService { })" computerName="DESKTOP-TJ9D65N" duration="00:00:00.0135389" startTime="2022-10-15T19:59:07.5479363+03:00" endTime="2022-10-15T19:59:07.5479364+03:00" testType="13cdc9d9-ddb5-4fa4-a97d-d965ccfc6d4b" outcome="Passed" testListId="8c84fa94-04c1-424b-9868-57a2d4851a1d" relativeResultsDirectory="a43b9715-6bf3-4366-80a0-81f5a1adc3be" />
    <UnitTestResult executionId="bc01c7df-e041-4882-bee8-5a7d90ce648c" testId="39be9b5e-0bc4-57dc-37d3-aec6b520299d" testName="BL.Tests.LiftsSlopesServiceTests.TestGetLiftsSlopesInfoAsync(liftsSlopes: [LiftSlope { RecordID = 251, LiftID = 63, SlopeID = 127 }, LiftSlope { RecordID = 33, LiftID = 7, SlopeID = 157 }, LiftSlope { RecordID = 167, LiftID = 108, SlopeID = 214 }], slopesRepositoryStub: Mock&lt;ISlopesRepository:1&gt;, liftsRepositoryStub: Mock&lt;ILiftsRepository:6&gt;, liftsSlopesRepositoryStub: Mock&lt;ILiftsSlopesRepository:6&gt;)" computerName="DESKTOP-TJ9D65N" duration="00:00:00.0049615" startTime="2022-10-15T19:59:07.5468763+03:00" endTime="2022-10-15T19:59:07.5468764+03:00" testType="13cdc9d9-ddb5-4fa4-a97d-d965ccfc6d4b" outcome="Passed" testListId="8c84fa94-04c1-424b-9868-57a2d4851a1d" relativeResultsDirectory="bc01c7df-e041-4882-bee8-5a7d90ce648c" />
    <UnitTestResult executionId="cb1e43e9-72e8-41d2-8159-878829b77066" testId="4f297306-d4f3-8d63-e7f4-1ac0b8c58c74" testName="BL.Tests.CheckPermissionsServiceTests.AuthorizedHasNoAccessToAdminSkiPatrolFunctions(functionName: &quot;GetLiftsSlopesInfoAsync&quot;)" computerName="DESKTOP-TJ9D65N" duration="00:00:00.0013616" startTime="2022-10-15T19:59:07.5641105+03:00" endTime="2022-10-15T19:59:07.5641107+03:00" testType="13cdc9d9-ddb5-4fa4-a97d-d965ccfc6d4b" outcome="Passed" testListId="8c84fa94-04c1-424b-9868-57a2d4851a1d" relativeResultsDirectory="cb1e43e9-72e8-41d2-8159-878829b77066" />
    <UnitTestResult executionId="74da258e-bf8a-40b5-b1cc-073e4fb8face" testId="1ca07ad8-f799-c5d4-e7cc-34fd950198a2" testName="BL.Tests.UsersServiceTests.TestLogInOk" computerName="DESKTOP-TJ9D65N" duration="00:00:00.0035893" startTime="2022-10-15T19:59:07.5567173+03:00" endTime="2022-10-15T19:59:07.5567174+03:00" testType="13cdc9d9-ddb5-4fa4-a97d-d965ccfc6d4b" outcome="Passed" testListId="8c84fa94-04c1-424b-9868-57a2d4851a1d" relativeResultsDirectory="74da258e-bf8a-40b5-b1cc-073e4fb8face" />
    <UnitTestResult executionId="6a36f0ae-83d7-4d78-b04c-2ff7c60f578a" testId="9c7df5e2-1b23-ebea-889f-b78ca86b60ab" testName="BL.Tests.CheckPermissionsServiceTests.AuthorizedHasNoAccessToAdminSkiPatrolFunctions(functionName: &quot;MarkMessageReadByUserAsync&quot;)" computerName="DESKTOP-TJ9D65N" duration="00:00:00.0012469" startTime="2022-10-15T19:59:07.5598770+03:00" endTime="2022-10-15T19:59:07.5598771+03:00" testType="13cdc9d9-ddb5-4fa4-a97d-d965ccfc6d4b" outcome="Passed" testListId="8c84fa94-04c1-424b-9868-57a2d4851a1d" relativeResultsDirectory="6a36f0ae-83d7-4d78-b04c-2ff7c60f578a" />
    <UnitTestResult executionId="6836d669-9bf6-4ebf-8506-7754a38df104" testId="3d703939-206c-93e2-f3a6-c4c5f5669642" testName="BL.Tests.SlopesServiceTest.TestGetSlopeInfoAsync(userID: 122, slope: Slope { SlopeID = 76, SlopeName = slopeNamefe214680-f2b2-4cb8-90ad-b7f41665a364, IsOpen = True, DifficultyLevel = 79, ConnectedLifts =  }, checkPermissionServiceMock: Mock&lt;ICheckPermissionService:6&gt;, slopesRepositoryStub: Mock&lt;ISlopesRepository:4&gt;, liftsSlopesRepositoryStub: Mock&lt;ILiftsSlopesRepository:9&gt;, sut: SlopesService { })" computerName="DESKTOP-TJ9D65N" duration="00:00:00.0068541" startTime="2022-10-15T19:59:07.5493221+03:00" endTime="2022-10-15T19:59:07.5493222+03:00" testType="13cdc9d9-ddb5-4fa4-a97d-d965ccfc6d4b" outcome="Passed" testListId="8c84fa94-04c1-424b-9868-57a2d4851a1d" relativeResultsDirectory="6836d669-9bf6-4ebf-8506-7754a38df104" />
    <UnitTestResult executionId="1a0c6d45-df3f-400c-8d20-480b72c10372" testId="86f79526-41b1-bc0d-401f-d30dbf1baf37" testName="BL.Tests.SlopesServiceTest.TestGetSlopesInfoAsync(userID: 20, initialSlopes: [Slope { SlopeID = 106, SlopeName = slopeNamefa8254f5-65be-4dd4-8a19-d2903ed0403d, IsOpen = True, DifficultyLevel = 167, ConnectedLifts =  }, Slope { SlopeID = 114, SlopeName = slopeNamece79ba6a-6c75-49b3-a427-24eb46f1968f, IsOpen = False, DifficultyLevel = 9, ConnectedLifts =  }, Slope { SlopeID = 173, SlopeName = slopeName0574ced5-4f2f-474c-9d94-721dd35de50c, IsOpen = True, DifficultyLevel = 15, ConnectedLifts =  }], checkPermissionServiceMock: Mock&lt;ICheckPermissionService:7&gt;, slopesRepositoryStub: Mock&lt;ISlopesRepository:5&gt;, liftsSlopesRepositoryStub: Mock&lt;ILiftsSlopesRepository:10&gt;, sut: SlopesService { })" computerName="DESKTOP-TJ9D65N" duration="00:00:00.0168417" startTime="2022-10-15T19:59:07.5663517+03:00" endTime="2022-10-15T19:59:07.5663519+03:00" testType="13cdc9d9-ddb5-4fa4-a97d-d965ccfc6d4b" outcome="Passed" testListId="8c84fa94-04c1-424b-9868-57a2d4851a1d" relativeResultsDirectory="1a0c6d45-df3f-400c-8d20-480b72c10372" />
    <UnitTestResult executionId="e121e160-45e6-4b65-9ad9-7fee003c277b" testId="b607d668-7a06-4c0d-d2c2-9fe4d908c812" testName="BL.Tests.SlopesServiceTest.TestAdminAddSlopeAsync(userID: 191, slope: Slope { SlopeID = 136, SlopeName = slopeName33a498cd-8d79-40fb-807e-5f574641bb7c, IsOpen = True, DifficultyLevel = 219, ConnectedLifts =  }, checkPermissionServiceMock: Mock&lt;ICheckPermissionService:11&gt;, slopesRepositoryStub: Mock&lt;ISlopesRepository:9&gt;, sut: SlopesService { })" computerName="DESKTOP-TJ9D65N" duration="00:00:00.0260694" startTime="2022-10-15T19:59:07.4573247+03:00" endTime="2022-10-15T19:59:07.4573248+03:00" testType="13cdc9d9-ddb5-4fa4-a97d-d965ccfc6d4b" outcome="Passed" testListId="8c84fa94-04c1-424b-9868-57a2d4851a1d" relativeResultsDirectory="e121e160-45e6-4b65-9ad9-7fee003c277b" />
    <UnitTestResult executionId="27624ee9-d456-425d-9c64-4485a668d352" testId="492c0393-35b4-df26-a537-21ca08302f3c" testName="BL.Tests.CheckPermissionsServiceTests.SkiPatrolHasNoAccessToAdminFunctions" computerName="DESKTOP-TJ9D65N" duration="00:00:00.0021506" startTime="2022-10-15T19:59:07.5819024+03:00" endTime="2022-10-15T19:59:07.5819026+03:00" testType="13cdc9d9-ddb5-4fa4-a97d-d965ccfc6d4b" outcome="Passed" testListId="8c84fa94-04c1-424b-9868-57a2d4851a1d" relativeResultsDirectory="27624ee9-d456-425d-9c64-4485a668d352" />
    <UnitTestResult executionId="9421ad98-1358-4c05-8ca3-bdc40a7a8e1a" testId="18fa8c62-e27d-e1fc-8182-4d7db62b008d" testName="BL.Tests.UsersServiceTests.TestAdminDeleteUser" computerName="DESKTOP-TJ9D65N" duration="00:00:00.0027972" startTime="2022-10-15T19:59:07.5811745+03:00" endTime="2022-10-15T19:59:07.5811746+03:00" testType="13cdc9d9-ddb5-4fa4-a97d-d965ccfc6d4b" outcome="Passed" testListId="8c84fa94-04c1-424b-9868-57a2d4851a1d" relativeResultsDirectory="9421ad98-1358-4c05-8ca3-bdc40a7a8e1a" />
    <UnitTestResult executionId="356f71c0-565a-48af-bd73-7270e791c87d" testId="387c9729-48c1-486e-5e67-f5d11a9f0db8" testName="BL.Tests.CheckPermissionsServiceTests.UnauthorizedHasNoAccessToAdminSkiPatrolFunctions(functionName: &quot;GetLiftsSlopesInfoAsync&quot;)" computerName="DESKTOP-TJ9D65N" duration="00:00:00.0014594" startTime="2022-10-15T19:59:07.5441489+03:00" endTime="2022-10-15T19:59:07.5441503+03:00" testType="13cdc9d9-ddb5-4fa4-a97d-d965ccfc6d4b" outcome="Passed" testListId="8c84fa94-04c1-424b-9868-57a2d4851a1d" relativeResultsDirectory="356f71c0-565a-48af-bd73-7270e791c87d" />
    <UnitTestResult executionId="f87b1c2b-d0f1-46da-8796-b74139522d64" testId="538e126e-b70a-2c6a-c1f0-cd75fa7a5606" testName="BL.Tests.TurnstilesServiceTest.TestAdminGetTurnstileAsync(userID: 177, turnstile: Turnstile { TurnstileID = 235, LiftID = 184, IsOpen = True }, checkPermissionServiceMock: Mock&lt;ICheckPermissionService:12&gt;, turnstilesRepositoryStub: Mock&lt;ITurnstilesRepository:6&gt;, sut: TurnstilesService { })" computerName="DESKTOP-TJ9D65N" duration="00:00:00.0054561" startTime="2022-10-15T19:59:07.5478757+03:00" endTime="2022-10-15T19:59:07.5478759+03:00" testType="13cdc9d9-ddb5-4fa4-a97d-d965ccfc6d4b" outcome="Passed" testListId="8c84fa94-04c1-424b-9868-57a2d4851a1d" relativeResultsDirectory="f87b1c2b-d0f1-46da-8796-b74139522d64" />
    <UnitTestResult executionId="32917ed5-0979-4cd8-a6e3-8f9dcd951259" testId="aa28a6b3-21d3-aa45-24d3-bef2facbc899" testName="BL.Tests.CheckPermissionsServiceTests.AuthorizedHasAccessToAuthorizedFunctions(functionName: &quot;LogOutAsync&quot;)" computerName="DESKTOP-TJ9D65N" duration="00:00:00.0010947" startTime="2022-10-15T19:59:07.5726841+03:00" endTime="2022-10-15T19:59:07.5726842+03:00" testType="13cdc9d9-ddb5-4fa4-a97d-d965ccfc6d4b" outcome="Passed" testListId="8c84fa94-04c1-424b-9868-57a2d4851a1d" relativeResultsDirectory="32917ed5-0979-4cd8-a6e3-8f9dcd951259" />
    <UnitTestResult executionId="0ed541f8-655b-49d8-8503-c7c258afbc56" testId="627f35aa-44e6-d1d9-64ff-a18ab110d186" testName="BL.Tests.LiftsServiceTest.TestAdminDeleteLiftAsync(userID: 180, lift: Lift { LiftID = 247, LiftName = liftNamef77261c3-5d60-4073-a4b8-7ee639a7882c, IsOpen = True, SeatsAmount = 163, LiftingTime = 108, QueueTime = 212, ConnectedSlopes =  }, checkPermissionServiceMock: Mock&lt;ICheckPermissionService:4&gt;, liftsRepositoryStub: Mock&lt;ILiftsRepository:4&gt;, liftsSlopesRepositoryStub: Mock&lt;ILiftsSlopesRepository:4&gt;, sut: LiftsService { })" computerName="DESKTOP-TJ9D65N" duration="00:00:00.0181924" startTime="2022-10-15T19:59:07.5635148+03:00" endTime="2022-10-15T19:59:07.5635149+03:00" testType="13cdc9d9-ddb5-4fa4-a97d-d965ccfc6d4b" outcome="Passed" testListId="8c84fa94-04c1-424b-9868-57a2d4851a1d" relativeResultsDirectory="0ed541f8-655b-49d8-8503-c7c258afbc56" />
    <UnitTestResult executionId="349f3a25-1460-4224-95e0-dcc141835ea5" testId="69340bb6-3645-f9dd-971e-29d8b2a009bb" testName="BL.Tests.UsersServiceTests.TestLogInWithWrongPassword" computerName="DESKTOP-TJ9D65N" duration="00:00:00.0091526" startTime="2022-10-15T19:59:07.5589258+03:00" endTime="2022-10-15T19:59:07.5589261+03:00" testType="13cdc9d9-ddb5-4fa4-a97d-d965ccfc6d4b" outcome="Passed" testListId="8c84fa94-04c1-424b-9868-57a2d4851a1d" relativeResultsDirectory="349f3a25-1460-4224-95e0-dcc141835ea5" />
    <UnitTestResult executionId="f75c0597-d9f0-4793-8bad-e036713e768b" testId="ba2eabed-e80f-be74-fc8e-23597c27b657" testName="BL.Tests.TurnstilesServiceTest.TestAdminAddAutoIncrementTurnstileAsync(userID: 19, turnstile: Turnstile { TurnstileID = 254, LiftID = 147, IsOpen = True }, checkPermissionServiceMock: Mock&lt;ICheckPermissionService:16&gt;, turnstilesRepositoryStub: Mock&lt;ITurnstilesRepository:10&gt;, sut: TurnstilesService { })" computerName="DESKTOP-TJ9D65N" duration="00:00:00.0059946" startTime="2022-10-15T19:59:07.5492612+03:00" endTime="2022-10-15T19:59:07.5492614+03:00" testType="13cdc9d9-ddb5-4fa4-a97d-d965ccfc6d4b" outcome="Passed" testListId="8c84fa94-04c1-424b-9868-57a2d4851a1d" relativeResultsDirectory="f75c0597-d9f0-4793-8bad-e036713e768b" />
    <UnitTestResult executionId="b00b9cf6-50c7-4450-a7b3-e3ca0cf13e5c" testId="0eeef75f-6e38-7893-a8fe-cff3e0a970a7" testName="BL.Tests.UsersServiceTests.TestRegisterOk" computerName="DESKTOP-TJ9D65N" duration="00:00:00.0111215" startTime="2022-10-15T19:59:07.5494117+03:00" endTime="2022-10-15T19:59:07.5494117+03:00" testType="13cdc9d9-ddb5-4fa4-a97d-d965ccfc6d4b" outcome="Passed" testListId="8c84fa94-04c1-424b-9868-57a2d4851a1d" relativeResultsDirectory="b00b9cf6-50c7-4450-a7b3-e3ca0cf13e5c" />
    <UnitTestResult executionId="638a8de6-7f76-4226-878e-ca750104ba6f" testId="06d0bc3a-24a0-fb7f-4277-e9ae6d21c7dd" testName="BL.Tests.UsersServiceTests.TestAdminUpdateUser" computerName="DESKTOP-TJ9D65N" duration="00:00:00.0054886" startTime="2022-10-15T19:59:07.5479152+03:00" endTime="2022-10-15T19:59:07.5479152+03:00" testType="13cdc9d9-ddb5-4fa4-a97d-d965ccfc6d4b" outcome="Passed" testListId="8c84fa94-04c1-424b-9868-57a2d4851a1d" relativeResultsDirectory="638a8de6-7f76-4226-878e-ca750104ba6f" />
    <UnitTestResult executionId="5d2b29ad-4b13-4a0a-b813-4a4f06f1efe7" testId="8c43c77e-56c8-4f16-073d-63b9b7dbf4b6" testName="BL.Tests.TurnstilesServiceTest.TestAdminUpdateTurnstileAsync(userID: 129, turnstile: Turnstile { TurnstileID = 140, LiftID = 151, IsOpen = True }, checkPermissionServiceMock: Mock&lt;ICheckPermissionService:14&gt;, turnstilesRepositoryStub: Mock&lt;ITurnstilesRepository:8&gt;, sut: TurnstilesService { })" computerName="DESKTOP-TJ9D65N" duration="00:00:00.0053022" startTime="2022-10-15T19:59:07.5467037+03:00" endTime="2022-10-15T19:59:07.5467038+03:00" testType="13cdc9d9-ddb5-4fa4-a97d-d965ccfc6d4b" outcome="Passed" testListId="8c84fa94-04c1-424b-9868-57a2d4851a1d" relativeResultsDirectory="5d2b29ad-4b13-4a0a-b813-4a4f06f1efe7" />
    <UnitTestResult executionId="10c188e7-fde1-41bc-91e1-5f187ef7d73c" testId="644ec43e-70cd-c82d-42e7-0d990be1414d" testName="BL.Tests.CheckPermissionsServiceTests.AuthorizedHasAccessToAuthorizedFunctions(functionName: &quot;SendMessageAsync&quot;)" computerName="DESKTOP-TJ9D65N" duration="00:00:00.0019864" startTime="2022-10-15T19:59:07.5690613+03:00" endTime="2022-10-15T19:59:07.5690615+03:00" testType="13cdc9d9-ddb5-4fa4-a97d-d965ccfc6d4b" outcome="Passed" testListId="8c84fa94-04c1-424b-9868-57a2d4851a1d" relativeResultsDirectory="10c188e7-fde1-41bc-91e1-5f187ef7d73c" />
    <UnitTestResult executionId="3f56245c-c701-4f21-9151-5ff3bba536a1" testId="c36970dc-93f7-753e-fa47-157133b01644" testName="BL.Tests.CheckPermissionsServiceTests.SkiPatrolHasAccessToAdminSkiPatrolFunctions(functionName: &quot;GetMessagesAsync&quot;)" computerName="DESKTOP-TJ9D65N" duration="00:00:00.0011460" startTime="2022-10-15T19:59:07.5492959+03:00" endTime="2022-10-15T19:59:07.5492959+03:00" testType="13cdc9d9-ddb5-4fa4-a97d-d965ccfc6d4b" outcome="Passed" testListId="8c84fa94-04c1-424b-9868-57a2d4851a1d" relativeResultsDirectory="3f56245c-c701-4f21-9151-5ff3bba536a1" />
    <UnitTestResult executionId="0f7fe81f-2b91-4ebf-89a5-eba206387da9" testId="dee40504-3e8b-c8e1-00b5-ecfa0be614a4" testName="BL.Tests.LiftsSlopesServiceTests.TestAdminDeleteLiftSlopeAsync(lift: Lift { LiftID = 84, LiftName = liftName66ae1e28-0368-4cbb-94f6-e47d044ba3bf, IsOpen = True, SeatsAmount = 89, LiftingTime = 187, QueueTime = 124, ConnectedSlopes =  }, slope: Slope { SlopeID = 97, SlopeName = slopeName5ae4ed52-692d-499b-bdf4-fda1044aa0fc, IsOpen = False, DifficultyLevel = 28, ConnectedLifts =  }, slopesRepositoryStub: Mock&lt;ISlopesRepository:2&gt;, liftsRepositoryStub: Mock&lt;ILiftsRepository:7&gt;, liftsSlopesRepositoryStub: Mock&lt;ILiftsSlopesRepository:7&gt;)" computerName="DESKTOP-TJ9D65N" duration="00:00:00.0262660" startTime="2022-10-15T19:59:07.4521035+03:00" endTime="2022-10-15T19:59:07.4521402+03:00" testType="13cdc9d9-ddb5-4fa4-a97d-d965ccfc6d4b" outcome="Passed" testListId="8c84fa94-04c1-424b-9868-57a2d4851a1d" relativeResultsDirectory="0f7fe81f-2b91-4ebf-89a5-eba206387da9" />
    <UnitTestResult executionId="be4c5f98-bcc2-494b-aa80-99123fda2e25" testId="8184bd30-991c-b78d-b4ec-99a485eac0dd" testName="BL.Tests.UsersServiceTests.TestRegisterUserWithNoEmail" computerName="DESKTOP-TJ9D65N" duration="00:00:00.0029213" startTime="2022-10-15T19:59:07.5446424+03:00" endTime="2022-10-15T19:59:07.5446427+03:00" testType="13cdc9d9-ddb5-4fa4-a97d-d965ccfc6d4b" outcome="Passed" testListId="8c84fa94-04c1-424b-9868-57a2d4851a1d" relativeResultsDirectory="be4c5f98-bcc2-494b-aa80-99123fda2e25" />
    <UnitTestResult executionId="4636f30e-49c0-4f49-9a54-a07f81ead31a" testId="894941c1-bfa7-d8f9-c047-1e1ceefe2c2f" testName="BL.Tests.UsersServiceTests.TestRegisterUserWithRepeatedEmail" computerName="DESKTOP-TJ9D65N" duration="00:00:00.0040099" startTime="2022-10-15T19:59:07.5467323+03:00" endTime="2022-10-15T19:59:07.5467324+03:00" testType="13cdc9d9-ddb5-4fa4-a97d-d965ccfc6d4b" outcome="Passed" testListId="8c84fa94-04c1-424b-9868-57a2d4851a1d" relativeResultsDirectory="4636f30e-49c0-4f49-9a54-a07f81ead31a" />
    <UnitTestResult executionId="6fd5e872-494d-42cc-9cfa-86091435ae10" testId="fa960c5e-f989-2880-784e-8efe538c5231" testName="BL.Tests.CheckPermissionsServiceTests.UnauthorizedHasNoAccessToAuthorizedFunctions(functionName: &quot;LogOutAsync&quot;)" computerName="DESKTOP-TJ9D65N" duration="00:00:00.0016410" startTime="2022-10-15T19:59:07.5469712+03:00" endTime="2022-10-15T19:59:07.5469713+03:00" testType="13cdc9d9-ddb5-4fa4-a97d-d965ccfc6d4b" outcome="Passed" testListId="8c84fa94-04c1-424b-9868-57a2d4851a1d" relativeResultsDirectory="6fd5e872-494d-42cc-9cfa-86091435ae10" />
    <UnitTestResult executionId="f797e6bf-db9d-48a4-8d1b-fa7ce936a78e" testId="cc941fa5-86b3-d66e-ddfa-a613f74aad32" testName="BL.Tests.SlopesServiceTest.TestAdminDeleteSlopeAsync(userID: 5, slope: Slope { SlopeID = 99, SlopeName = slopeName377ef7e6-250b-4504-8e21-6d86e1b09eb0, IsOpen = True, DifficultyLevel = 197, ConnectedLifts =  }, checkPermissionServiceMock: Mock&lt;ICheckPermissionService:9&gt;, slopesRepositoryStub: Mock&lt;ISlopesRepository:7&gt;, liftsSlopesRepositoryStub: Mock&lt;ILiftsSlopesRepository:12&gt;, sut: SlopesService { })" computerName="DESKTOP-TJ9D65N" duration="00:00:00.0051137" startTime="2022-10-15T19:59:07.5566439+03:00" endTime="2022-10-15T19:59:07.5566441+03:00" testType="13cdc9d9-ddb5-4fa4-a97d-d965ccfc6d4b" outcome="Passed" testListId="8c84fa94-04c1-424b-9868-57a2d4851a1d" relativeResultsDirectory="f797e6bf-db9d-48a4-8d1b-fa7ce936a78e" />
    <UnitTestResult executionId="537b73ac-4cab-41d6-a401-a13ebd6d722a" testId="2d706594-f2b3-b3c8-21d4-86c9798c3306" testName="BL.Tests.CheckPermissionsServiceTests.SkiPatrolHasAccessToAdminSkiPatrolFunctions(functionName: &quot;GetLiftsSlopesInfoAsync&quot;)" computerName="DESKTOP-TJ9D65N" duration="00:00:00.0048160" startTime="2022-10-15T19:59:07.5479555+03:00" endTime="2022-10-15T19:59:07.5479555+03:00" testType="13cdc9d9-ddb5-4fa4-a97d-d965ccfc6d4b" outcome="Passed" testListId="8c84fa94-04c1-424b-9868-57a2d4851a1d" relativeResultsDirectory="537b73ac-4cab-41d6-a401-a13ebd6d722a" />
    <UnitTestResult executionId="a3a3dae4-9c26-4df7-b473-59f82c1634e0" testId="eaabd2fc-2f4b-5689-59c8-c7ad34a8f634" testName="BL.Tests.CheckPermissionsServiceTests.UnauthorizedHasNoAccessToAuthorizedFunctions(functionName: &quot;SendMessageAsync&quot;)" computerName="DESKTOP-TJ9D65N" duration="00:00:00.0031581" startTime="2022-10-15T19:59:07.5466566+03:00" endTime="2022-10-15T19:59:07.5466568+03:00" testType="13cdc9d9-ddb5-4fa4-a97d-d965ccfc6d4b" outcome="Passed" testListId="8c84fa94-04c1-424b-9868-57a2d4851a1d" relativeResultsDirectory="a3a3dae4-9c26-4df7-b473-59f82c1634e0" />
    <UnitTestResult executionId="e14e8338-0084-4004-ae18-96ab3a6d1175" testId="a29c522b-9913-f24a-6225-988cc855749b" testName="BL.Tests.SlopesServiceTest.TestUpdateSlopeInfoAsync(userID: 181, slope: Slope { SlopeID = 227, SlopeName = slopeName2103d195-7c23-46c0-bb4b-0bbeefd91351, IsOpen = True, DifficultyLevel = 92, ConnectedLifts =  }, checkPermissionServiceMock: Mock&lt;ICheckPermissionService:8&gt;, slopesRepositoryStub: Mock&lt;ISlopesRepository:6&gt;, sut: SlopesService { })" computerName="DESKTOP-TJ9D65N" duration="00:00:00.0066565" startTime="2022-10-15T19:59:07.5450220+03:00" endTime="2022-10-15T19:59:07.5450220+03:00" testType="13cdc9d9-ddb5-4fa4-a97d-d965ccfc6d4b" outcome="Passed" testListId="8c84fa94-04c1-424b-9868-57a2d4851a1d" relativeResultsDirectory="e14e8338-0084-4004-ae18-96ab3a6d1175" />
    <UnitTestResult executionId="28aa8842-0bc1-4b6c-9907-14a5853c3f97" testId="20ad8570-0170-85de-dcd7-2f109dd7bcd6" testName="BL.Tests.UsersServiceTests.TestAdminGetUsers" computerName="DESKTOP-TJ9D65N" duration="00:00:00.0350625" startTime="2022-10-15T19:59:07.4574045+03:00" endTime="2022-10-15T19:59:07.4574045+03:00" testType="13cdc9d9-ddb5-4fa4-a97d-d965ccfc6d4b" outcome="Passed" testListId="8c84fa94-04c1-424b-9868-57a2d4851a1d" relativeResultsDirectory="28aa8842-0bc1-4b6c-9907-14a5853c3f97" />
    <UnitTestResult executionId="b78f0d20-6f40-4e85-8485-57c073c7766e" testId="e3fc8a44-ea0e-9c6f-6cf5-e664651b6a2e" testName="BL.Tests.LiftsServiceTest.TestGetLiftInfoAsync(userID: 170, lift: Lift { LiftID = 97, LiftName = liftName8efa7d44-b1e1-4202-97b6-6fdc4cfb0a0c, IsOpen = True, SeatsAmount = 117, LiftingTime = 31, QueueTime = 40, ConnectedSlopes =  }, checkPermissionServiceMock: Mock&lt;ICheckPermissionService:1&gt;, liftsRepositoryStub: Mock&lt;ILiftsRepository:1&gt;, liftsSlopesRepositoryStub: Mock&lt;ILiftsSlopesRepository:1&gt;, sut: LiftsService { })" computerName="DESKTOP-TJ9D65N" duration="00:00:00.0076867" startTime="2022-10-15T19:59:07.5494899+03:00" endTime="2022-10-15T19:59:07.5494900+03:00" testType="13cdc9d9-ddb5-4fa4-a97d-d965ccfc6d4b" outcome="Passed" testListId="8c84fa94-04c1-424b-9868-57a2d4851a1d" relativeResultsDirectory="b78f0d20-6f40-4e85-8485-57c073c7766e" />
  </Results>
  <TestDefinitions>
    <UnitTest name="BL.Tests.UsersServiceTests.TestAdminAddAutoIncrementUser" storage="c:\users\alena\desktop\7_sem\testing_and_debugging\skiresort\bl.tests\bin\debug\net6.0\bl.tests.dll" id="834c739b-eca4-b36d-6a66-5a1bd75377b8">
      <Execution id="dc3a9758-1f03-4b1e-bb10-b9f27ae53a8c" />
      <TestMethod codeBase="C:\Users\alena\Desktop\7_sem\testing_and_debugging\SkiResort\BL.Tests\bin\Debug\net6.0\BL.Tests.dll" adapterTypeName="executor://xunit/VsTestRunner2/netcoreapp" className="BL.Tests.UsersServiceTests" name="TestAdminAddAutoIncrementUser" />
    </UnitTest>
    <UnitTest name="BL.Tests.CheckPermissionsServiceTests.SkiPatrolHasAccessToAdminSkiPatrolFunctions(functionName: &quot;MarkMessageReadByUserAsync&quot;)" storage="c:\users\alena\desktop\7_sem\testing_and_debugging\skiresort\bl.tests\bin\debug\net6.0\bl.tests.dll" id="60bd668f-04df-da5e-b79b-5d9aedb5234d">
      <Execution id="856afe36-5e45-433f-805d-bdb4a3e6700f" />
      <TestMethod codeBase="C:\Users\alena\Desktop\7_sem\testing_and_debugging\SkiResort\BL.Tests\bin\Debug\net6.0\BL.Tests.dll" adapterTypeName="executor://xunit/VsTestRunner2/netcoreapp" className="BL.Tests.CheckPermissionsServiceTests" name="SkiPatrolHasAccessToAdminSkiPatrolFunctions" />
    </UnitTest>
    <UnitTest name="BL.Tests.LiftsServiceTest.TestUpdateLiftInfoAsync(userID: 235, lift: Lift { LiftID = 78, LiftName = liftName575c72d3-7091-4a44-9c62-0d4280443400, IsOpen = True, SeatsAmount = 253, LiftingTime = 111, QueueTime = 162, ConnectedSlopes =  }, checkPermissionServiceMock: Mock&lt;ICheckPermissionService:3&gt;, liftsRepositoryStub: Mock&lt;ILiftsRepository:3&gt;, sut: LiftsService { })" storage="c:\users\alena\desktop\7_sem\testing_and_debugging\skiresort\bl.tests\bin\debug\net6.0\bl.tests.dll" id="07b6f302-c986-8439-7b74-5ef2cf02a8b3">
      <Execution id="a5ad4841-675b-4510-ba74-c4ccf1bf2a32" />
      <TestMethod codeBase="C:\Users\alena\Desktop\7_sem\testing_and_debugging\SkiResort\BL.Tests\bin\Debug\net6.0\BL.Tests.dll" adapterTypeName="executor://xunit/VsTestRunner2/netcoreapp" className="BL.Tests.LiftsServiceTest" name="TestUpdateLiftInfoAsync" />
    </UnitTest>
    <UnitTest name="BL.Tests.CheckPermissionsServiceTests.AuthorizedHasAccessToAuthorizedFunctions(functionName: &quot;SendMessageAsync&quot;)" storage="c:\users\alena\desktop\7_sem\testing_and_debugging\skiresort\bl.tests\bin\debug\net6.0\bl.tests.dll" id="644ec43e-70cd-c82d-42e7-0d990be1414d">
      <Execution id="10c188e7-fde1-41bc-91e1-5f187ef7d73c" />
      <TestMethod codeBase="C:\Users\alena\Desktop\7_sem\testing_and_debugging\SkiResort\BL.Tests\bin\Debug\net6.0\BL.Tests.dll" adapterTypeName="executor://xunit/VsTestRunner2/netcoreapp" className="BL.Tests.CheckPermissionsServiceTests" name="AuthorizedHasAccessToAuthorizedFunctions" />
    </UnitTest>
    <UnitTest name="BL.Tests.LiftsServiceTest.TestGetLiftsInfoAsync(userID: 237, initialLifts: [Lift { LiftID = 130, LiftName = liftNamedee8c861-c9f1-437c-bad1-d1dc4e1b95f5, IsOpen = True, SeatsAmount = 201, LiftingTime = 148, QueueTime = 227, ConnectedSlopes =  }, Lift { LiftID = 196, LiftName = liftName632efd5c-b7d8-44e2-87db-19fb5981b977, IsOpen = False, SeatsAmount = 17, LiftingTime = 29, QueueTime = 224, ConnectedSlopes =  }, Lift { LiftID = 207, LiftName..." storage="c:\users\alena\desktop\7_sem\testing_and_debugging\skiresort\bl.tests\bin\debug\net6.0\bl.tests.dll" id="e3c1d1b1-a03c-c5da-79b9-5551f3c7550d">
      <Execution id="6ac581e0-d59b-46df-9e5e-06d64028eef4" />
      <TestMethod codeBase="C:\Users\alena\Desktop\7_sem\testing_and_debugging\SkiResort\BL.Tests\bin\Debug\net6.0\BL.Tests.dll" adapterTypeName="executor://xunit/VsTestRunner2/netcoreapp" className="BL.Tests.LiftsServiceTest" name="TestGetLiftsInfoAsync" />
    </UnitTest>
    <UnitTest name="BL.Tests.TurnstilesServiceTest.TestAdminDeleteTurnstileAsync(userID: 108, turnstile: Turnstile { TurnstileID = 177, LiftID = 221, IsOpen = True }, checkPermissionServiceMock: Mock&lt;ICheckPermissionService:15&gt;, turnstilesRepositoryStub: Mock&lt;ITurnstilesRepository:9&gt;, sut: TurnstilesService { })" storage="c:\users\alena\desktop\7_sem\testing_and_debugging\skiresort\bl.tests\bin\debug\net6.0\bl.tests.dll" id="afaa80c5-8993-8d75-6362-2fa8f31d2829">
      <Execution id="41f9f5c7-2620-4c93-a61c-44ba9abcfcff" />
      <TestMethod codeBase="C:\Users\alena\Desktop\7_sem\testing_and_debugging\SkiResort\BL.Tests\bin\Debug\net6.0\BL.Tests.dll" adapterTypeName="executor://xunit/VsTestRunner2/netcoreapp" className="BL.Tests.TurnstilesServiceTest" name="TestAdminDeleteTurnstileAsync" />
    </UnitTest>
    <UnitTest name="BL.Tests.CheckPermissionsServiceTests.AuthorizedHasNoAccessToAdminSkiPatrolFunctions(functionName: &quot;MarkMessageReadByUserAsync&quot;)" storage="c:\users\alena\desktop\7_sem\testing_and_debugging\skiresort\bl.tests\bin\debug\net6.0\bl.tests.dll" id="9c7df5e2-1b23-ebea-889f-b78ca86b60ab">
      <Execution id="6a36f0ae-83d7-4d78-b04c-2ff7c60f578a" />
      <TestMethod codeBase="C:\Users\alena\Desktop\7_sem\testing_and_debugging\SkiResort\BL.Tests\bin\Debug\net6.0\BL.Tests.dll" adapterTypeName="executor://xunit/VsTestRunner2/netcoreapp" className="BL.Tests.CheckPermissionsServiceTests" name="AuthorizedHasNoAccessToAdminSkiPatrolFunctions" />
    </UnitTest>
    <UnitTest name="BL.Tests.LiftsServiceTest.TestAdminAddAutoIncrementLiftAsync(userID: 223, lift: Lift { LiftID = 122, LiftName = liftNamef5cd706c-c727-486f-a6ce-f1f2a42a85b3, IsOpen = True, SeatsAmount = 57, LiftingTime = 89, QueueTime = 126, ConnectedSlopes =  }, checkPermissionServiceMock: Mock&lt;ICheckPermissionService:5&gt;, liftsRepositoryStub: Mock&lt;ILiftsRepository:5&gt;, sut: LiftsService { })" storage="c:\users\alena\desktop\7_sem\testing_and_debugging\skiresort\bl.tests\bin\debug\net6.0\bl.tests.dll" id="01e9e43a-e2da-3c89-f0f9-42f750242a1f">
      <Execution id="f3e43242-593e-4f25-adec-2f382432e6c1" />
      <TestMethod codeBase="C:\Users\alena\Desktop\7_sem\testing_and_debugging\SkiResort\BL.Tests\bin\Debug\net6.0\BL.Tests.dll" adapterTypeName="executor://xunit/VsTestRunner2/netcoreapp" className="BL.Tests.LiftsServiceTest" name="TestAdminAddAutoIncrementLiftAsync" />
    </UnitTest>
    <UnitTest name="BL.Tests.CheckPermissionsServiceTests.UnauthorizedHasNoAccessToAuthorizedFunctions(functionName: &quot;SendMessageAsync&quot;)" storage="c:\users\alena\desktop\7_sem\testing_and_debugging\skiresort\bl.tests\bin\debug\net6.0\bl.tests.dll" id="eaabd2fc-2f4b-5689-59c8-c7ad34a8f634">
      <Execution id="a3a3dae4-9c26-4df7-b473-59f82c1634e0" />
      <TestMethod codeBase="C:\Users\alena\Desktop\7_sem\testing_and_debugging\SkiResort\BL.Tests\bin\Debug\net6.0\BL.Tests.dll" adapterTypeName="executor://xunit/VsTestRunner2/netcoreapp" className="BL.Tests.CheckPermissionsServiceTests" name="UnauthorizedHasNoAccessToAuthorizedFunctions" />
    </UnitTest>
    <UnitTest name="BL.Tests.CheckPermissionsServiceTests.AdminHasAccessToAllFunctions" storage="c:\users\alena\desktop\7_sem\testing_and_debugging\skiresort\bl.tests\bin\debug\net6.0\bl.tests.dll" id="f3efc418-a8a6-c7b7-9bac-90b33aa8472f">
      <Execution id="dc07fb85-49ea-4902-a56d-4ba0e9d52cf2" />
      <TestMethod codeBase="C:\Users\alena\Desktop\7_sem\testing_and_debugging\SkiResort\BL.Tests\bin\Debug\net6.0\BL.Tests.dll" adapterTypeName="executor://xunit/VsTestRunner2/netcoreapp" className="BL.Tests.CheckPermissionsServiceTests" name="AdminHasAccessToAllFunctions" />
    </UnitTest>
    <UnitTest name="BL.Tests.UsersServiceTests.TestLogInOk" storage="c:\users\alena\desktop\7_sem\testing_and_debugging\skiresort\bl.tests\bin\debug\net6.0\bl.tests.dll" id="1ca07ad8-f799-c5d4-e7cc-34fd950198a2">
      <Execution id="74da258e-bf8a-40b5-b1cc-073e4fb8face" />
      <TestMethod codeBase="C:\Users\alena\Desktop\7_sem\testing_and_debugging\SkiResort\BL.Tests\bin\Debug\net6.0\BL.Tests.dll" adapterTypeName="executor://xunit/VsTestRunner2/netcoreapp" className="BL.Tests.UsersServiceTests" name="TestLogInOk" />
    </UnitTest>
    <UnitTest name="BL.Tests.LiftsSlopesServiceTests.TestAdminDeleteLiftSlopeAsync(lift: Lift { LiftID = 84, LiftName = liftName66ae1e28-0368-4cbb-94f6-e47d044ba3bf, IsOpen = True, SeatsAmount = 89, LiftingTime = 187, QueueTime = 124, ConnectedSlopes =  }, slope: Slope { SlopeID = 97, SlopeName = slopeName5ae4ed52-692d-499b-bdf4-fda1044aa0fc, IsOpen = False, DifficultyLevel = 28, ConnectedLifts =  }, slopesRepositoryStub: Mock&lt;ISlopesRepository:2&gt;, liftsReposi..." storage="c:\users\alena\desktop\7_sem\testing_and_debugging\skiresort\bl.tests\bin\debug\net6.0\bl.tests.dll" id="dee40504-3e8b-c8e1-00b5-ecfa0be614a4">
      <Execution id="0f7fe81f-2b91-4ebf-89a5-eba206387da9" />
      <TestMethod codeBase="C:\Users\alena\Desktop\7_sem\testing_and_debugging\SkiResort\BL.Tests\bin\Debug\net6.0\BL.Tests.dll" adapterTypeName="executor://xunit/VsTestRunner2/netcoreapp" className="BL.Tests.LiftsSlopesServiceTests" name="TestAdminDeleteLiftSlopeAsync" />
    </UnitTest>
    <UnitTest name="BL.Tests.CheckPermissionsServiceTests.UnauthorizedHasNoAccessToAdminSkiPatrolFunctions(functionName: &quot;MarkMessageReadByUserAsync&quot;)" storage="c:\users\alena\desktop\7_sem\testing_and_debugging\skiresort\bl.tests\bin\debug\net6.0\bl.tests.dll" id="a19a5fcf-c5d2-7d44-5d7d-84403042f4e0">
      <Execution id="660942ba-fb20-4a80-86ad-67c97c9e9885" />
      <TestMethod codeBase="C:\Users\alena\Desktop\7_sem\testing_and_debugging\SkiResort\BL.Tests\bin\Debug\net6.0\BL.Tests.dll" adapterTypeName="executor://xunit/VsTestRunner2/netcoreapp" className="BL.Tests.CheckPermissionsServiceTests" name="UnauthorizedHasNoAccessToAdminSkiPatrolFunctions" />
    </UnitTest>
    <UnitTest name="BL.Tests.LiftsSlopesServiceTests.TestGetLiftsSlopesInfoAsync(liftsSlopes: [LiftSlope { RecordID = 251, LiftID = 63, SlopeID = 127 }, LiftSlope { RecordID = 33, LiftID = 7, SlopeID = 157 }, LiftSlope { RecordID = 167, LiftID = 108, SlopeID = 214 }], slopesRepositoryStub: Mock&lt;ISlopesRepository:1&gt;, liftsRepositoryStub: Mock&lt;ILiftsRepository:6&gt;, liftsSlopesRepositoryStub: Mock&lt;ILiftsSlopesRepository:6&gt;)" storage="c:\users\alena\desktop\7_sem\testing_and_debugging\skiresort\bl.tests\bin\debug\net6.0\bl.tests.dll" id="39be9b5e-0bc4-57dc-37d3-aec6b520299d">
      <Execution id="bc01c7df-e041-4882-bee8-5a7d90ce648c" />
      <TestMethod codeBase="C:\Users\alena\Desktop\7_sem\testing_and_debugging\SkiResort\BL.Tests\bin\Debug\net6.0\BL.Tests.dll" adapterTypeName="executor://xunit/VsTestRunner2/netcoreapp" className="BL.Tests.LiftsSlopesServiceTests" name="TestGetLiftsSlopesInfoAsync" />
    </UnitTest>
    <UnitTest name="BL.Tests.SlopesServiceTest.TestAdminDeleteSlopeAsync(userID: 5, slope: Slope { SlopeID = 99, SlopeName = slopeName377ef7e6-250b-4504-8e21-6d86e1b09eb0, IsOpen = True, DifficultyLevel = 197, ConnectedLifts =  }, checkPermissionServiceMock: Mock&lt;ICheckPermissionService:9&gt;, slopesRepositoryStub: Mock&lt;ISlopesRepository:7&gt;, liftsSlopesRepositoryStub: Mock&lt;ILiftsSlopesRepository:12&gt;, sut: SlopesService { })" storage="c:\users\alena\desktop\7_sem\testing_and_debugging\skiresort\bl.tests\bin\debug\net6.0\bl.tests.dll" id="cc941fa5-86b3-d66e-ddfa-a613f74aad32">
      <Execution id="f797e6bf-db9d-48a4-8d1b-fa7ce936a78e" />
      <TestMethod codeBase="C:\Users\alena\Desktop\7_sem\testing_and_debugging\SkiResort\BL.Tests\bin\Debug\net6.0\BL.Tests.dll" adapterTypeName="executor://xunit/VsTestRunner2/netcoreapp" className="BL.Tests.SlopesServiceTest" name="TestAdminDeleteSlopeAsync" />
    </UnitTest>
    <UnitTest name="BL.Tests.CheckPermissionsServiceTests.AuthorizedHasAccessToAuthorizedFunctions(functionName: &quot;LogOutAsync&quot;)" storage="c:\users\alena\desktop\7_sem\testing_and_debugging\skiresort\bl.tests\bin\debug\net6.0\bl.tests.dll" id="aa28a6b3-21d3-aa45-24d3-bef2facbc899">
      <Execution id="32917ed5-0979-4cd8-a6e3-8f9dcd951259" />
      <TestMethod codeBase="C:\Users\alena\Desktop\7_sem\testing_and_debugging\SkiResort\BL.Tests\bin\Debug\net6.0\BL.Tests.dll" adapterTypeName="executor://xunit/VsTestRunner2/netcoreapp" className="BL.Tests.CheckPermissionsServiceTests" name="AuthorizedHasAccessToAuthorizedFunctions" />
    </UnitTest>
    <UnitTest name="BL.Tests.CheckPermissionsServiceTests.SkiPatrolHasAccessToAdminSkiPatrolFunctions(functionName: &quot;GetMessagesAsync&quot;)" storage="c:\users\alena\desktop\7_sem\testing_and_debugging\skiresort\bl.tests\bin\debug\net6.0\bl.tests.dll" id="c36970dc-93f7-753e-fa47-157133b01644">
      <Execution id="3f56245c-c701-4f21-9151-5ff3bba536a1" />
      <TestMethod codeBase="C:\Users\alena\Desktop\7_sem\testing_and_debugging\SkiResort\BL.Tests\bin\Debug\net6.0\BL.Tests.dll" adapterTypeName="executor://xunit/VsTestRunner2/netcoreapp" className="BL.Tests.CheckPermissionsServiceTests" name="SkiPatrolHasAccessToAdminSkiPatrolFunctions" />
    </UnitTest>
    <UnitTest name="BL.Tests.CheckPermissionsServiceTests.AuthorizedHasNoAccessToAdminFunctions" storage="c:\users\alena\desktop\7_sem\testing_and_debugging\skiresort\bl.tests\bin\debug\net6.0\bl.tests.dll" id="a2e59116-cb53-1d70-9cb8-21c286516866">
      <Execution id="acbad006-dfc3-4ba8-b1b2-2f9c24837fc1" />
      <TestMethod codeBase="C:\Users\alena\Desktop\7_sem\testing_and_debugging\SkiResort\BL.Tests\bin\Debug\net6.0\BL.Tests.dll" adapterTypeName="executor://xunit/VsTestRunner2/netcoreapp" className="BL.Tests.CheckPermissionsServiceTests" name="AuthorizedHasNoAccessToAdminFunctions" />
    </UnitTest>
    <UnitTest name="BL.Tests.CheckPermissionsServiceTests.SkiPatrolHasAccessToAdminSkiPatrolFunctions(functionName: &quot;GetLiftsSlopesInfoAsync&quot;)" storage="c:\users\alena\desktop\7_sem\testing_and_debugging\skiresort\bl.tests\bin\debug\net6.0\bl.tests.dll" id="2d706594-f2b3-b3c8-21d4-86c9798c3306">
      <Execution id="537b73ac-4cab-41d6-a401-a13ebd6d722a" />
      <TestMethod codeBase="C:\Users\alena\Desktop\7_sem\testing_and_debugging\SkiResort\BL.Tests\bin\Debug\net6.0\BL.Tests.dll" adapterTypeName="executor://xunit/VsTestRunner2/netcoreapp" className="BL.Tests.CheckPermissionsServiceTests" name="SkiPatrolHasAccessToAdminSkiPatrolFunctions" />
    </UnitTest>
    <UnitTest name="BL.Tests.CheckPermissionsServiceTests.AuthorizedHasNoAccessToAdminSkiPatrolFunctions(functionName: &quot;GetLiftsSlopesInfoAsync&quot;)" storage="c:\users\alena\desktop\7_sem\testing_and_debugging\skiresort\bl.tests\bin\debug\net6.0\bl.tests.dll" id="4f297306-d4f3-8d63-e7f4-1ac0b8c58c74">
      <Execution id="cb1e43e9-72e8-41d2-8159-878829b77066" />
      <TestMethod codeBase="C:\Users\alena\Desktop\7_sem\testing_and_debugging\SkiResort\BL.Tests\bin\Debug\net6.0\BL.Tests.dll" adapterTypeName="executor://xunit/VsTestRunner2/netcoreapp" className="BL.Tests.CheckPermissionsServiceTests" name="AuthorizedHasNoAccessToAdminSkiPatrolFunctions" />
    </UnitTest>
    <UnitTest name="BL.Tests.CheckPermissionsServiceTests.UnauthorizedHasNoAccessToAdminSkiPatrolFunctions(functionName: &quot;GetLiftsSlopesInfoAsync&quot;)" storage="c:\users\alena\desktop\7_sem\testing_and_debugging\skiresort\bl.tests\bin\debug\net6.0\bl.tests.dll" id="387c9729-48c1-486e-5e67-f5d11a9f0db8">
      <Execution id="356f71c0-565a-48af-bd73-7270e791c87d" />
      <TestMethod codeBase="C:\Users\alena\Desktop\7_sem\testing_and_debugging\SkiResort\BL.Tests\bin\Debug\net6.0\BL.Tests.dll" adapterTypeName="executor://xunit/VsTestRunner2/netcoreapp" className="BL.Tests.CheckPermissionsServiceTests" name="UnauthorizedHasNoAccessToAdminSkiPatrolFunctions" />
    </UnitTest>
    <UnitTest name="BL.Tests.UsersServiceTests.TestRegisterUserWithRepeatedEmail" storage="c:\users\alena\desktop\7_sem\testing_and_debugging\skiresort\bl.tests\bin\debug\net6.0\bl.tests.dll" id="894941c1-bfa7-d8f9-c047-1e1ceefe2c2f">
      <Execution id="4636f30e-49c0-4f49-9a54-a07f81ead31a" />
      <TestMethod codeBase="C:\Users\alena\Desktop\7_sem\testing_and_debugging\SkiResort\BL.Tests\bin\Debug\net6.0\BL.Tests.dll" adapterTypeName="executor://xunit/VsTestRunner2/netcoreapp" className="BL.Tests.UsersServiceTests" name="TestRegisterUserWithRepeatedEmail" />
    </UnitTest>
    <UnitTest name="BL.Tests.CheckPermissionsServiceTests.UnauthorizedHasNoAccessToAdminFunctions" storage="c:\users\alena\desktop\7_sem\testing_and_debugging\skiresort\bl.tests\bin\debug\net6.0\bl.tests.dll" id="e2d7e5be-3dae-33ae-fb17-c704b6fd58d6">
      <Execution id="fb395f3f-43e3-46e8-8b93-054a087f70d2" />
      <TestMethod codeBase="C:\Users\alena\Desktop\7_sem\testing_and_debugging\SkiResort\BL.Tests\bin\Debug\net6.0\BL.Tests.dll" adapterTypeName="executor://xunit/VsTestRunner2/netcoreapp" className="BL.Tests.CheckPermissionsServiceTests" name="UnauthorizedHasNoAccessToAdminFunctions" />
    </UnitTest>
    <UnitTest name="BL.Tests.UsersServiceTests.TestRegisterUserWithNoPassword" storage="c:\users\alena\desktop\7_sem\testing_and_debugging\skiresort\bl.tests\bin\debug\net6.0\bl.tests.dll" id="f44a1b21-8efc-bfac-63b4-d534442def31">
      <Execution id="469d6a9e-bb79-4251-abda-720ba0378993" />
      <TestMethod codeBase="C:\Users\alena\Desktop\7_sem\testing_and_debugging\SkiResort\BL.Tests\bin\Debug\net6.0\BL.Tests.dll" adapterTypeName="executor://xunit/VsTestRunner2/netcoreapp" className="BL.Tests.UsersServiceTests" name="TestRegisterUserWithNoPassword" />
    </UnitTest>
    <UnitTest name="BL.Tests.TurnstilesServiceTest.TestAdminUpdateTurnstileAsync(userID: 129, turnstile: Turnstile { TurnstileID = 140, LiftID = 151, IsOpen = True }, checkPermissionServiceMock: Mock&lt;ICheckPermissionService:14&gt;, turnstilesRepositoryStub: Mock&lt;ITurnstilesRepository:8&gt;, sut: TurnstilesService { })" storage="c:\users\alena\desktop\7_sem\testing_and_debugging\skiresort\bl.tests\bin\debug\net6.0\bl.tests.dll" id="8c43c77e-56c8-4f16-073d-63b9b7dbf4b6">
      <Execution id="5d2b29ad-4b13-4a0a-b813-4a4f06f1efe7" />
      <TestMethod codeBase="C:\Users\alena\Desktop\7_sem\testing_and_debugging\SkiResort\BL.Tests\bin\Debug\net6.0\BL.Tests.dll" adapterTypeName="executor://xunit/VsTestRunner2/netcoreapp" className="BL.Tests.TurnstilesServiceTest" name="TestAdminUpdateTurnstileAsync" />
    </UnitTest>
    <UnitTest name="BL.Tests.SlopesServiceTest.TestAdminAddSlopeAsync(userID: 191, slope: Slope { SlopeID = 136, SlopeName = slopeName33a498cd-8d79-40fb-807e-5f574641bb7c, IsOpen = True, DifficultyLevel = 219, ConnectedLifts =  }, checkPermissionServiceMock: Mock&lt;ICheckPermissionService:11&gt;, slopesRepositoryStub: Mock&lt;ISlopesRepository:9&gt;, sut: SlopesService { })" storage="c:\users\alena\desktop\7_sem\testing_and_debugging\skiresort\bl.tests\bin\debug\net6.0\bl.tests.dll" id="b607d668-7a06-4c0d-d2c2-9fe4d908c812">
      <Execution id="e121e160-45e6-4b65-9ad9-7fee003c277b" />
      <TestMethod codeBase="C:\Users\alena\Desktop\7_sem\testing_and_debugging\SkiResort\BL.Tests\bin\Debug\net6.0\BL.Tests.dll" adapterTypeName="executor://xunit/VsTestRunner2/netcoreapp" className="BL.Tests.SlopesServiceTest" name="TestAdminAddSlopeAsync" />
    </UnitTest>
    <UnitTest name="BL.Tests.LiftsServiceTest.TestAdminDeleteLiftAsync(userID: 180, lift: Lift { LiftID = 247, LiftName = liftNamef77261c3-5d60-4073-a4b8-7ee639a7882c, IsOpen = True, SeatsAmount = 163, LiftingTime = 108, QueueTime = 212, ConnectedSlopes =  }, checkPermissionServiceMock: Mock&lt;ICheckPermissionService:4&gt;, liftsRepositoryStub: Mock&lt;ILiftsRepository:4&gt;, liftsSlopesRepositoryStub: Mock&lt;ILiftsSlopesRepository:4&gt;, sut: LiftsService { })" storage="c:\users\alena\desktop\7_sem\testing_and_debugging\skiresort\bl.tests\bin\debug\net6.0\bl.tests.dll" id="627f35aa-44e6-d1d9-64ff-a18ab110d186">
      <Execution id="0ed541f8-655b-49d8-8503-c7c258afbc56" />
      <TestMethod codeBase="C:\Users\alena\Desktop\7_sem\testing_and_debugging\SkiResort\BL.Tests\bin\Debug\net6.0\BL.Tests.dll" adapterTypeName="executor://xunit/VsTestRunner2/netcoreapp" className="BL.Tests.LiftsServiceTest" name="TestAdminDeleteLiftAsync" />
    </UnitTest>
    <UnitTest name="BL.Tests.CheckPermissionsServiceTests.SkiPatrolHasNoAccessToAdminFunctions" storage="c:\users\alena\desktop\7_sem\testing_and_debugging\skiresort\bl.tests\bin\debug\net6.0\bl.tests.dll" id="492c0393-35b4-df26-a537-21ca08302f3c">
      <Execution id="27624ee9-d456-425d-9c64-4485a668d352" />
      <TestMethod codeBase="C:\Users\alena\Desktop\7_sem\testing_and_debugging\SkiResort\BL.Tests\bin\Debug\net6.0\BL.Tests.dll" adapterTypeName="executor://xunit/VsTestRunner2/netcoreapp" className="BL.Tests.CheckPermissionsServiceTests" name="SkiPatrolHasNoAccessToAdminFunctions" />
    </UnitTest>
    <UnitTest name="BL.Tests.UsersServiceTests.TestAdminDeleteUser" storage="c:\users\alena\desktop\7_sem\testing_and_debugging\skiresort\bl.tests\bin\debug\net6.0\bl.tests.dll" id="18fa8c62-e27d-e1fc-8182-4d7db62b008d">
      <Execution id="9421ad98-1358-4c05-8ca3-bdc40a7a8e1a" />
      <TestMethod codeBase="C:\Users\alena\Desktop\7_sem\testing_and_debugging\SkiResort\BL.Tests\bin\Debug\net6.0\BL.Tests.dll" adapterTypeName="executor://xunit/VsTestRunner2/netcoreapp" className="BL.Tests.UsersServiceTests" name="TestAdminDeleteUser" />
    </UnitTest>
    <UnitTest name="BL.Tests.UsersServiceTests.TestLogInWithWrongPassword" storage="c:\users\alena\desktop\7_sem\testing_and_debugging\skiresort\bl.tests\bin\debug\net6.0\bl.tests.dll" id="69340bb6-3645-f9dd-971e-29d8b2a009bb">
      <Execution id="349f3a25-1460-4224-95e0-dcc141835ea5" />
      <TestMethod codeBase="C:\Users\alena\Desktop\7_sem\testing_and_debugging\SkiResort\BL.Tests\bin\Debug\net6.0\BL.Tests.dll" adapterTypeName="executor://xunit/VsTestRunner2/netcoreapp" className="BL.Tests.UsersServiceTests" name="TestLogInWithWrongPassword" />
    </UnitTest>
    <UnitTest name="BL.Tests.SlopesServiceTest.TestAdminAddAutoIncrementSlopeAsync(userID: 124, slope: Slope { SlopeID = 60, SlopeName = slopeName473a4e00-d0a7-44bd-b0f1-5e81fa63dc3d, IsOpen = True, DifficultyLevel = 82, ConnectedLifts =  }, checkPermissionServiceMock: Mock&lt;ICheckPermissionService:10&gt;, slopesRepositoryStub: Mock&lt;ISlopesRepository:8&gt;, sut: SlopesService { })" storage="c:\users\alena\desktop\7_sem\testing_and_debugging\skiresort\bl.tests\bin\debug\net6.0\bl.tests.dll" id="01c1b2ad-93c6-1ade-e161-e0a57ec30a19">
      <Execution id="a43b9715-6bf3-4366-80a0-81f5a1adc3be" />
      <TestMethod codeBase="C:\Users\alena\Desktop\7_sem\testing_and_debugging\SkiResort\BL.Tests\bin\Debug\net6.0\BL.Tests.dll" adapterTypeName="executor://xunit/VsTestRunner2/netcoreapp" className="BL.Tests.SlopesServiceTest" name="TestAdminAddAutoIncrementSlopeAsync" />
    </UnitTest>
    <UnitTest name="BL.Tests.CheckPermissionsServiceTests.UnauthorizedHasNoAccessToAdminSkiPatrolFunctions(functionName: &quot;GetMessagesAsync&quot;)" storage="c:\users\alena\desktop\7_sem\testing_and_debugging\skiresort\bl.tests\bin\debug\net6.0\bl.tests.dll" id="229812f5-9a73-5335-11f5-31330d1348a5">
      <Execution id="04fe695c-74b5-49fb-b371-c3cf03832436" />
      <TestMethod codeBase="C:\Users\alena\Desktop\7_sem\testing_and_debugging\SkiResort\BL.Tests\bin\Debug\net6.0\BL.Tests.dll" adapterTypeName="executor://xunit/VsTestRunner2/netcoreapp" className="BL.Tests.CheckPermissionsServiceTests" name="UnauthorizedHasNoAccessToAdminSkiPatrolFunctions" />
    </UnitTest>
    <UnitTest name="BL.Tests.UsersServiceTests.TestRegisterUserWithNoEmail" storage="c:\users\alena\desktop\7_sem\testing_and_debugging\skiresort\bl.tests\bin\debug\net6.0\bl.tests.dll" id="8184bd30-991c-b78d-b4ec-99a485eac0dd">
      <Execution id="be4c5f98-bcc2-494b-aa80-99123fda2e25" />
      <TestMethod codeBase="C:\Users\alena\Desktop\7_sem\testing_and_debugging\SkiResort\BL.Tests\bin\Debug\net6.0\BL.Tests.dll" adapterTypeName="executor://xunit/VsTestRunner2/netcoreapp" className="BL.Tests.UsersServiceTests" name="TestRegisterUserWithNoEmail" />
    </UnitTest>
    <UnitTest name="BL.Tests.CheckPermissionsServiceTests.AuthorizedHasNoAccessToAdminSkiPatrolFunctions(functionName: &quot;GetMessagesAsync&quot;)" storage="c:\users\alena\desktop\7_sem\testing_and_debugging\skiresort\bl.tests\bin\debug\net6.0\bl.tests.dll" id="2602613f-c8e2-a6d9-fcf7-5b27d4a770a6">
      <Execution id="1c8bd906-1543-40e4-aca3-09ec049aae2c" />
      <TestMethod codeBase="C:\Users\alena\Desktop\7_sem\testing_and_debugging\SkiResort\BL.Tests\bin\Debug\net6.0\BL.Tests.dll" adapterTypeName="executor://xunit/VsTestRunner2/netcoreapp" className="BL.Tests.CheckPermissionsServiceTests" name="AuthorizedHasNoAccessToAdminSkiPatrolFunctions" />
    </UnitTest>
    <UnitTest name="BL.Tests.UsersServiceTests.TestRegisterOk" storage="c:\users\alena\desktop\7_sem\testing_and_debugging\skiresort\bl.tests\bin\debug\net6.0\bl.tests.dll" id="0eeef75f-6e38-7893-a8fe-cff3e0a970a7">
      <Execution id="b00b9cf6-50c7-4450-a7b3-e3ca0cf13e5c" />
      <TestMethod codeBase="C:\Users\alena\Desktop\7_sem\testing_and_debugging\SkiResort\BL.Tests\bin\Debug\net6.0\BL.Tests.dll" adapterTypeName="executor://xunit/VsTestRunner2/netcoreapp" className="BL.Tests.UsersServiceTests" name="TestRegisterOk" />
    </UnitTest>
    <UnitTest name="BL.Tests.SlopesServiceTest.TestGetSlopeInfoAsync(userID: 122, slope: Slope { SlopeID = 76, SlopeName = slopeNamefe214680-f2b2-4cb8-90ad-b7f41665a364, IsOpen = True, DifficultyLevel = 79, ConnectedLifts =  }, checkPermissionServiceMock: Mock&lt;ICheckPermissionService:6&gt;, slopesRepositoryStub: Mock&lt;ISlopesRepository:4&gt;, liftsSlopesRepositoryStub: Mock&lt;ILiftsSlopesRepository:9&gt;, sut: SlopesService { })" storage="c:\users\alena\desktop\7_sem\testing_and_debugging\skiresort\bl.tests\bin\debug\net6.0\bl.tests.dll" id="3d703939-206c-93e2-f3a6-c4c5f5669642">
      <Execution id="6836d669-9bf6-4ebf-8506-7754a38df104" />
      <TestMethod codeBase="C:\Users\alena\Desktop\7_sem\testing_and_debugging\SkiResort\BL.Tests\bin\Debug\net6.0\BL.Tests.dll" adapterTypeName="executor://xunit/VsTestRunner2/netcoreapp" className="BL.Tests.SlopesServiceTest" name="TestGetSlopeInfoAsync" />
    </UnitTest>
    <UnitTest name="BL.Tests.CheckPermissionsServiceTests.UnauthorizedHasNoAccessToAuthorizedFunctions(functionName: &quot;LogOutAsync&quot;)" storage="c:\users\alena\desktop\7_sem\testing_and_debugging\skiresort\bl.tests\bin\debug\net6.0\bl.tests.dll" id="fa960c5e-f989-2880-784e-8efe538c5231">
      <Execution id="6fd5e872-494d-42cc-9cfa-86091435ae10" />
      <TestMethod codeBase="C:\Users\alena\Desktop\7_sem\testing_and_debugging\SkiResort\BL.Tests\bin\Debug\net6.0\BL.Tests.dll" adapterTypeName="executor://xunit/VsTestRunner2/netcoreapp" className="BL.Tests.CheckPermissionsServiceTests" name="UnauthorizedHasNoAccessToAuthorizedFunctions" />
    </UnitTest>
    <UnitTest name="BL.Tests.TurnstilesServiceTest.TestAdminGetTurnstileAsync(userID: 177, turnstile: Turnstile { TurnstileID = 235, LiftID = 184, IsOpen = True }, checkPermissionServiceMock: Mock&lt;ICheckPermissionService:12&gt;, turnstilesRepositoryStub: Mock&lt;ITurnstilesRepository:6&gt;, sut: TurnstilesService { })" storage="c:\users\alena\desktop\7_sem\testing_and_debugging\skiresort\bl.tests\bin\debug\net6.0\bl.tests.dll" id="538e126e-b70a-2c6a-c1f0-cd75fa7a5606">
      <Execution id="f87b1c2b-d0f1-46da-8796-b74139522d64" />
      <TestMethod codeBase="C:\Users\alena\Desktop\7_sem\testing_and_debugging\SkiResort\BL.Tests\bin\Debug\net6.0\BL.Tests.dll" adapterTypeName="executor://xunit/VsTestRunner2/netcoreapp" className="BL.Tests.TurnstilesServiceTest" name="TestAdminGetTurnstileAsync" />
    </UnitTest>
    <UnitTest name="BL.Tests.LiftsSlopesServiceTests.TestAdminAddAutoIncrementLiftSlopeAsync(lift: Lift { LiftID = 117, LiftName = liftName3b39ffa1-a172-4d0c-84d5-de4c543bfeac, IsOpen = True, SeatsAmount = 230, LiftingTime = 82, QueueTime = 219, ConnectedSlopes =  }, slope: Slope { SlopeID = 154, SlopeName = slopeName417bdf68-8995-432e-9e61-df787f9d1f36, IsOpen = False, DifficultyLevel = 185, ConnectedLifts =  }, slopesRepositoryStub: Mock&lt;ISlopesRepository:3&gt;..." storage="c:\users\alena\desktop\7_sem\testing_and_debugging\skiresort\bl.tests\bin\debug\net6.0\bl.tests.dll" id="8fdf6ff6-6ab0-3229-1bbe-2f132b0b00a5">
      <Execution id="0758074d-8fa4-450a-bb13-2a05b88f94fc" />
      <TestMethod codeBase="C:\Users\alena\Desktop\7_sem\testing_and_debugging\SkiResort\BL.Tests\bin\Debug\net6.0\BL.Tests.dll" adapterTypeName="executor://xunit/VsTestRunner2/netcoreapp" className="BL.Tests.LiftsSlopesServiceTests" name="TestAdminAddAutoIncrementLiftSlopeAsync" />
    </UnitTest>
    <UnitTest name="BL.Tests.TurnstilesServiceTest.TestAdminAddAutoIncrementTurnstileAsync(userID: 19, turnstile: Turnstile { TurnstileID = 254, LiftID = 147, IsOpen = True }, checkPermissionServiceMock: Mock&lt;ICheckPermissionService:16&gt;, turnstilesRepositoryStub: Mock&lt;ITurnstilesRepository:10&gt;, sut: TurnstilesService { })" storage="c:\users\alena\desktop\7_sem\testing_and_debugging\skiresort\bl.tests\bin\debug\net6.0\bl.tests.dll" id="ba2eabed-e80f-be74-fc8e-23597c27b657">
      <Execution id="f75c0597-d9f0-4793-8bad-e036713e768b" />
      <TestMethod codeBase="C:\Users\alena\Desktop\7_sem\testing_and_debugging\SkiResort\BL.Tests\bin\Debug\net6.0\BL.Tests.dll" adapterTypeName="executor://xunit/VsTestRunner2/netcoreapp" className="BL.Tests.TurnstilesServiceTest" name="TestAdminAddAutoIncrementTurnstileAsync" />
    </UnitTest>
    <UnitTest name="BL.Tests.TurnstilesServiceTest.TestAdminGetTurnstilesAsync(userID: 204, initialTurnstiles: [Turnstile { TurnstileID = 198, LiftID = 18, IsOpen = True }, Turnstile { TurnstileID = 146, LiftID = 152, IsOpen = False }, Turnstile { TurnstileID = 68, LiftID = 66, IsOpen = True }], checkPermissionServiceMock: Mock&lt;ICheckPermissionService:13&gt;, turnstilesRepositoryStub: Mock&lt;ITurnstilesRepository:7&gt;, sut: TurnstilesService { })" storage="c:\users\alena\desktop\7_sem\testing_and_debugging\skiresort\bl.tests\bin\debug\net6.0\bl.tests.dll" id="0a586e31-7521-c867-fa35-ee7051158480">
      <Execution id="462205b0-b606-4188-9069-fd80cb1b78f4" />
      <TestMethod codeBase="C:\Users\alena\Desktop\7_sem\testing_and_debugging\SkiResort\BL.Tests\bin\Debug\net6.0\BL.Tests.dll" adapterTypeName="executor://xunit/VsTestRunner2/netcoreapp" className="BL.Tests.TurnstilesServiceTest" name="TestAdminGetTurnstilesAsync" />
    </UnitTest>
    <UnitTest name="BL.Tests.LiftsServiceTest.TestGetLiftInfoAsync(userID: 170, lift: Lift { LiftID = 97, LiftName = liftName8efa7d44-b1e1-4202-97b6-6fdc4cfb0a0c, IsOpen = True, SeatsAmount = 117, LiftingTime = 31, QueueTime = 40, ConnectedSlopes =  }, checkPermissionServiceMock: Mock&lt;ICheckPermissionService:1&gt;, liftsRepositoryStub: Mock&lt;ILiftsRepository:1&gt;, liftsSlopesRepositoryStub: Mock&lt;ILiftsSlopesRepository:1&gt;, sut: LiftsService { })" storage="c:\users\alena\desktop\7_sem\testing_and_debugging\skiresort\bl.tests\bin\debug\net6.0\bl.tests.dll" id="e3fc8a44-ea0e-9c6f-6cf5-e664651b6a2e">
      <Execution id="b78f0d20-6f40-4e85-8485-57c073c7766e" />
      <TestMethod codeBase="C:\Users\alena\Desktop\7_sem\testing_and_debugging\SkiResort\BL.Tests\bin\Debug\net6.0\BL.Tests.dll" adapterTypeName="executor://xunit/VsTestRunner2/netcoreapp" className="BL.Tests.LiftsServiceTest" name="TestGetLiftInfoAsync" />
    </UnitTest>
    <UnitTest name="BL.Tests.UsersServiceTests.TestAdminUpdateUser" storage="c:\users\alena\desktop\7_sem\testing_and_debugging\skiresort\bl.tests\bin\debug\net6.0\bl.tests.dll" id="06d0bc3a-24a0-fb7f-4277-e9ae6d21c7dd">
      <Execution id="638a8de6-7f76-4226-878e-ca750104ba6f" />
      <TestMethod codeBase="C:\Users\alena\Desktop\7_sem\testing_and_debugging\SkiResort\BL.Tests\bin\Debug\net6.0\BL.Tests.dll" adapterTypeName="executor://xunit/VsTestRunner2/netcoreapp" className="BL.Tests.UsersServiceTests" name="TestAdminUpdateUser" />
    </UnitTest>
    <UnitTest name="BL.Tests.UsersServiceTests.TestAdminGetUserByIDAsync" storage="c:\users\alena\desktop\7_sem\testing_and_debugging\skiresort\bl.tests\bin\debug\net6.0\bl.tests.dll" id="e5497347-2721-b7a6-0bd4-69a9921f6947">
      <Execution id="a950d257-5572-4666-8ab9-74e7f8b96e01" />
      <TestMethod codeBase="C:\Users\alena\Desktop\7_sem\testing_and_debugging\SkiResort\BL.Tests\bin\Debug\net6.0\BL.Tests.dll" adapterTypeName="executor://xunit/VsTestRunner2/netcoreapp" className="BL.Tests.UsersServiceTests" name="TestAdminGetUserByIDAsync" />
    </UnitTest>
    <UnitTest name="BL.Tests.SlopesServiceTest.TestUpdateSlopeInfoAsync(userID: 181, slope: Slope { SlopeID = 227, SlopeName = slopeName2103d195-7c23-46c0-bb4b-0bbeefd91351, IsOpen = True, DifficultyLevel = 92, ConnectedLifts =  }, checkPermissionServiceMock: Mock&lt;ICheckPermissionService:8&gt;, slopesRepositoryStub: Mock&lt;ISlopesRepository:6&gt;, sut: SlopesService { })" storage="c:\users\alena\desktop\7_sem\testing_and_debugging\skiresort\bl.tests\bin\debug\net6.0\bl.tests.dll" id="a29c522b-9913-f24a-6225-988cc855749b">
      <Execution id="e14e8338-0084-4004-ae18-96ab3a6d1175" />
      <TestMethod codeBase="C:\Users\alena\Desktop\7_sem\testing_and_debugging\SkiResort\BL.Tests\bin\Debug\net6.0\BL.Tests.dll" adapterTypeName="executor://xunit/VsTestRunner2/netcoreapp" className="BL.Tests.SlopesServiceTest" name="TestUpdateSlopeInfoAsync" />
    </UnitTest>
    <UnitTest name="BL.Tests.SlopesServiceTest.TestGetSlopesInfoAsync(userID: 20, initialSlopes: [Slope { SlopeID = 106, SlopeName = slopeNamefa8254f5-65be-4dd4-8a19-d2903ed0403d, IsOpen = True, DifficultyLevel = 167, ConnectedLifts =  }, Slope { SlopeID = 114, SlopeName = slopeNamece79ba6a-6c75-49b3-a427-24eb46f1968f, IsOpen = False, DifficultyLevel = 9, ConnectedLifts =  }, Slope { SlopeID = 173, SlopeName = slopeName0574ced5-4f2f-474c-9d94-721dd35de50c, IsO..." storage="c:\users\alena\desktop\7_sem\testing_and_debugging\skiresort\bl.tests\bin\debug\net6.0\bl.tests.dll" id="86f79526-41b1-bc0d-401f-d30dbf1baf37">
      <Execution id="1a0c6d45-df3f-400c-8d20-480b72c10372" />
      <TestMethod codeBase="C:\Users\alena\Desktop\7_sem\testing_and_debugging\SkiResort\BL.Tests\bin\Debug\net6.0\BL.Tests.dll" adapterTypeName="executor://xunit/VsTestRunner2/netcoreapp" className="BL.Tests.SlopesServiceTest" name="TestGetSlopesInfoAsync" />
    </UnitTest>
    <UnitTest name="BL.Tests.UsersServiceTests.TestAdminGetUsers" storage="c:\users\alena\desktop\7_sem\testing_and_debugging\skiresort\bl.tests\bin\debug\net6.0\bl.tests.dll" id="20ad8570-0170-85de-dcd7-2f109dd7bcd6">
      <Execution id="28aa8842-0bc1-4b6c-9907-14a5853c3f97" />
      <TestMethod codeBase="C:\Users\alena\Desktop\7_sem\testing_and_debugging\SkiResort\BL.Tests\bin\Debug\net6.0\BL.Tests.dll" adapterTypeName="executor://xunit/VsTestRunner2/netcoreapp" className="BL.Tests.UsersServiceTests" name="TestAdminGetUsers" />
    </UnitTest>
  </TestDefinitions>
  <TestEntries>
    <TestEntry testId="01e9e43a-e2da-3c89-f0f9-42f750242a1f" executionId="f3e43242-593e-4f25-adec-2f382432e6c1" testListId="8c84fa94-04c1-424b-9868-57a2d4851a1d" />
    <TestEntry testId="834c739b-eca4-b36d-6a66-5a1bd75377b8" executionId="dc3a9758-1f03-4b1e-bb10-b9f27ae53a8c" testListId="8c84fa94-04c1-424b-9868-57a2d4851a1d" />
    <TestEntry testId="229812f5-9a73-5335-11f5-31330d1348a5" executionId="04fe695c-74b5-49fb-b371-c3cf03832436" testListId="8c84fa94-04c1-424b-9868-57a2d4851a1d" />
    <TestEntry testId="8fdf6ff6-6ab0-3229-1bbe-2f132b0b00a5" executionId="0758074d-8fa4-450a-bb13-2a05b88f94fc" testListId="8c84fa94-04c1-424b-9868-57a2d4851a1d" />
    <TestEntry testId="60bd668f-04df-da5e-b79b-5d9aedb5234d" executionId="856afe36-5e45-433f-805d-bdb4a3e6700f" testListId="8c84fa94-04c1-424b-9868-57a2d4851a1d" />
    <TestEntry testId="a2e59116-cb53-1d70-9cb8-21c286516866" executionId="acbad006-dfc3-4ba8-b1b2-2f9c24837fc1" testListId="8c84fa94-04c1-424b-9868-57a2d4851a1d" />
    <TestEntry testId="2602613f-c8e2-a6d9-fcf7-5b27d4a770a6" executionId="1c8bd906-1543-40e4-aca3-09ec049aae2c" testListId="8c84fa94-04c1-424b-9868-57a2d4851a1d" />
    <TestEntry testId="07b6f302-c986-8439-7b74-5ef2cf02a8b3" executionId="a5ad4841-675b-4510-ba74-c4ccf1bf2a32" testListId="8c84fa94-04c1-424b-9868-57a2d4851a1d" />
    <TestEntry testId="a19a5fcf-c5d2-7d44-5d7d-84403042f4e0" executionId="660942ba-fb20-4a80-86ad-67c97c9e9885" testListId="8c84fa94-04c1-424b-9868-57a2d4851a1d" />
    <TestEntry testId="f3efc418-a8a6-c7b7-9bac-90b33aa8472f" executionId="dc07fb85-49ea-4902-a56d-4ba0e9d52cf2" testListId="8c84fa94-04c1-424b-9868-57a2d4851a1d" />
    <TestEntry testId="afaa80c5-8993-8d75-6362-2fa8f31d2829" executionId="41f9f5c7-2620-4c93-a61c-44ba9abcfcff" testListId="8c84fa94-04c1-424b-9868-57a2d4851a1d" />
    <TestEntry testId="e2d7e5be-3dae-33ae-fb17-c704b6fd58d6" executionId="fb395f3f-43e3-46e8-8b93-054a087f70d2" testListId="8c84fa94-04c1-424b-9868-57a2d4851a1d" />
    <TestEntry testId="e5497347-2721-b7a6-0bd4-69a9921f6947" executionId="a950d257-5572-4666-8ab9-74e7f8b96e01" testListId="8c84fa94-04c1-424b-9868-57a2d4851a1d" />
    <TestEntry testId="e3c1d1b1-a03c-c5da-79b9-5551f3c7550d" executionId="6ac581e0-d59b-46df-9e5e-06d64028eef4" testListId="8c84fa94-04c1-424b-9868-57a2d4851a1d" />
    <TestEntry testId="0a586e31-7521-c867-fa35-ee7051158480" executionId="462205b0-b606-4188-9069-fd80cb1b78f4" testListId="8c84fa94-04c1-424b-9868-57a2d4851a1d" />
    <TestEntry testId="f44a1b21-8efc-bfac-63b4-d534442def31" executionId="469d6a9e-bb79-4251-abda-720ba0378993" testListId="8c84fa94-04c1-424b-9868-57a2d4851a1d" />
    <TestEntry testId="01c1b2ad-93c6-1ade-e161-e0a57ec30a19" executionId="a43b9715-6bf3-4366-80a0-81f5a1adc3be" testListId="8c84fa94-04c1-424b-9868-57a2d4851a1d" />
    <TestEntry testId="39be9b5e-0bc4-57dc-37d3-aec6b520299d" executionId="bc01c7df-e041-4882-bee8-5a7d90ce648c" testListId="8c84fa94-04c1-424b-9868-57a2d4851a1d" />
    <TestEntry testId="4f297306-d4f3-8d63-e7f4-1ac0b8c58c74" executionId="cb1e43e9-72e8-41d2-8159-878829b77066" testListId="8c84fa94-04c1-424b-9868-57a2d4851a1d" />
    <TestEntry testId="1ca07ad8-f799-c5d4-e7cc-34fd950198a2" executionId="74da258e-bf8a-40b5-b1cc-073e4fb8face" testListId="8c84fa94-04c1-424b-9868-57a2d4851a1d" />
    <TestEntry testId="9c7df5e2-1b23-ebea-889f-b78ca86b60ab" executionId="6a36f0ae-83d7-4d78-b04c-2ff7c60f578a" testListId="8c84fa94-04c1-424b-9868-57a2d4851a1d" />
    <TestEntry testId="3d703939-206c-93e2-f3a6-c4c5f5669642" executionId="6836d669-9bf6-4ebf-8506-7754a38df104" testListId="8c84fa94-04c1-424b-9868-57a2d4851a1d" />
    <TestEntry testId="86f79526-41b1-bc0d-401f-d30dbf1baf37" executionId="1a0c6d45-df3f-400c-8d20-480b72c10372" testListId="8c84fa94-04c1-424b-9868-57a2d4851a1d" />
    <TestEntry testId="b607d668-7a06-4c0d-d2c2-9fe4d908c812" executionId="e121e160-45e6-4b65-9ad9-7fee003c277b" testListId="8c84fa94-04c1-424b-9868-57a2d4851a1d" />
    <TestEntry testId="492c0393-35b4-df26-a537-21ca08302f3c" executionId="27624ee9-d456-425d-9c64-4485a668d352" testListId="8c84fa94-04c1-424b-9868-57a2d4851a1d" />
    <TestEntry testId="18fa8c62-e27d-e1fc-8182-4d7db62b008d" executionId="9421ad98-1358-4c05-8ca3-bdc40a7a8e1a" testListId="8c84fa94-04c1-424b-9868-57a2d4851a1d" />
    <TestEntry testId="387c9729-48c1-486e-5e67-f5d11a9f0db8" executionId="356f71c0-565a-48af-bd73-7270e791c87d" testListId="8c84fa94-04c1-424b-9868-57a2d4851a1d" />
    <TestEntry testId="538e126e-b70a-2c6a-c1f0-cd75fa7a5606" executionId="f87b1c2b-d0f1-46da-8796-b74139522d64" testListId="8c84fa94-04c1-424b-9868-57a2d4851a1d" />
    <TestEntry testId="aa28a6b3-21d3-aa45-24d3-bef2facbc899" executionId="32917ed5-0979-4cd8-a6e3-8f9dcd951259" testListId="8c84fa94-04c1-424b-9868-57a2d4851a1d" />
    <TestEntry testId="627f35aa-44e6-d1d9-64ff-a18ab110d186" executionId="0ed541f8-655b-49d8-8503-c7c258afbc56" testListId="8c84fa94-04c1-424b-9868-57a2d4851a1d" />
    <TestEntry testId="69340bb6-3645-f9dd-971e-29d8b2a009bb" executionId="349f3a25-1460-4224-95e0-dcc141835ea5" testListId="8c84fa94-04c1-424b-9868-57a2d4851a1d" />
    <TestEntry testId="ba2eabed-e80f-be74-fc8e-23597c27b657" executionId="f75c0597-d9f0-4793-8bad-e036713e768b" testListId="8c84fa94-04c1-424b-9868-57a2d4851a1d" />
    <TestEntry testId="0eeef75f-6e38-7893-a8fe-cff3e0a970a7" executionId="b00b9cf6-50c7-4450-a7b3-e3ca0cf13e5c" testListId="8c84fa94-04c1-424b-9868-57a2d4851a1d" />
    <TestEntry testId="06d0bc3a-24a0-fb7f-4277-e9ae6d21c7dd" executionId="638a8de6-7f76-4226-878e-ca750104ba6f" testListId="8c84fa94-04c1-424b-9868-57a2d4851a1d" />
    <TestEntry testId="8c43c77e-56c8-4f16-073d-63b9b7dbf4b6" executionId="5d2b29ad-4b13-4a0a-b813-4a4f06f1efe7" testListId="8c84fa94-04c1-424b-9868-57a2d4851a1d" />
    <TestEntry testId="644ec43e-70cd-c82d-42e7-0d990be1414d" executionId="10c188e7-fde1-41bc-91e1-5f187ef7d73c" testListId="8c84fa94-04c1-424b-9868-57a2d4851a1d" />
    <TestEntry testId="c36970dc-93f7-753e-fa47-157133b01644" executionId="3f56245c-c701-4f21-9151-5ff3bba536a1" testListId="8c84fa94-04c1-424b-9868-57a2d4851a1d" />
    <TestEntry testId="dee40504-3e8b-c8e1-00b5-ecfa0be614a4" executionId="0f7fe81f-2b91-4ebf-89a5-eba206387da9" testListId="8c84fa94-04c1-424b-9868-57a2d4851a1d" />
    <TestEntry testId="8184bd30-991c-b78d-b4ec-99a485eac0dd" executionId="be4c5f98-bcc2-494b-aa80-99123fda2e25" testListId="8c84fa94-04c1-424b-9868-57a2d4851a1d" />
    <TestEntry testId="894941c1-bfa7-d8f9-c047-1e1ceefe2c2f" executionId="4636f30e-49c0-4f49-9a54-a07f81ead31a" testListId="8c84fa94-04c1-424b-9868-57a2d4851a1d" />
    <TestEntry testId="fa960c5e-f989-2880-784e-8efe538c5231" executionId="6fd5e872-494d-42cc-9cfa-86091435ae10" testListId="8c84fa94-04c1-424b-9868-57a2d4851a1d" />
    <TestEntry testId="cc941fa5-86b3-d66e-ddfa-a613f74aad32" executionId="f797e6bf-db9d-48a4-8d1b-fa7ce936a78e" testListId="8c84fa94-04c1-424b-9868-57a2d4851a1d" />
    <TestEntry testId="2d706594-f2b3-b3c8-21d4-86c9798c3306" executionId="537b73ac-4cab-41d6-a401-a13ebd6d722a" testListId="8c84fa94-04c1-424b-9868-57a2d4851a1d" />
    <TestEntry testId="eaabd2fc-2f4b-5689-59c8-c7ad34a8f634" executionId="a3a3dae4-9c26-4df7-b473-59f82c1634e0" testListId="8c84fa94-04c1-424b-9868-57a2d4851a1d" />
    <TestEntry testId="a29c522b-9913-f24a-6225-988cc855749b" executionId="e14e8338-0084-4004-ae18-96ab3a6d1175" testListId="8c84fa94-04c1-424b-9868-57a2d4851a1d" />
    <TestEntry testId="20ad8570-0170-85de-dcd7-2f109dd7bcd6" executionId="28aa8842-0bc1-4b6c-9907-14a5853c3f97" testListId="8c84fa94-04c1-424b-9868-57a2d4851a1d" />
    <TestEntry testId="e3fc8a44-ea0e-9c6f-6cf5-e664651b6a2e" executionId="b78f0d20-6f40-4e85-8485-57c073c7766e" testListId="8c84fa94-04c1-424b-9868-57a2d4851a1d" />
  </TestEntries>
  <TestLists>
    <TestList name="Список результатов" id="8c84fa94-04c1-424b-9868-57a2d4851a1d" />
    <TestList name="Все загруженные результаты" id="19431567-8539-422a-85d7-44ee4e166bda" />
  </TestLists>
  <ResultSummary outcome="Completed">
    <Counters total="47" executed="47" passed="47" failed="0" error="0" timeout="0" aborted="0" inconclusive="0" passedButRunAborted="0" notRunnable="0" notExecuted="0" disconnected="0" warning="0" completed="0" inProgress="0" pending="0" />
    <Output>
      <StdOut>[xUnit.net 00:00:00.00] xUnit.net VSTest Adapter v2.4.5+1caef2f33e (64-bit .NET 6.0.3)&#xD;
[xUnit.net 00:00:00.52]   Discovering: BL.Tests&#xD;
[xUnit.net 00:00:00.73]   Discovered:  BL.Tests&#xD;
[xUnit.net 00:00:00.73]   Starting:    BL.Tests&#xD;
[xUnit.net 00:00:00.98]   Finished:    BL.Tests&#xD;
</StdOut>
    </Output>
  </ResultSummary>
</TestRun>