<?xml version="1.0" encoding="utf-8"?>
<TestRun id="aee60378-50c8-4c63-9cbf-d9d73b9edc84" name="alena@DESKTOP-TJ9D65N 2022-10-15 21:21:53" runUser="DESKTOP-TJ9D65N\alena" xmlns="http://microsoft.com/schemas/VisualStudio/TeamTest/2010">
  <Times creation="2022-10-15T21:21:53.4540294+03:00" queuing="2022-10-15T21:21:53.4540298+03:00" start="2022-10-15T21:21:51.9551493+03:00" finish="2022-10-15T21:21:53.5123664+03:00" />
  <TestSettings name="default" id="f3755e2c-8731-4841-a270-d256e6fab0ee">
    <Deployment runDeploymentRoot="alena_DESKTOP-TJ9D65N_2022-10-15_21_21_53" />
  </TestSettings>
  <Results>
    <UnitTestResult executionId="fd2d5aff-564e-4aba-a929-8ba397f97373" testId="e2d7e5be-3dae-33ae-fb17-c704b6fd58d6" testName="BL.Tests.CheckPermissionsServiceTests.UnauthorizedHasNoAccessToAdminFunctions" computerName="DESKTOP-TJ9D65N" duration="00:00:00.0028634" startTime="2022-10-15T21:21:53.4322455+03:00" endTime="2022-10-15T21:21:53.4322457+03:00" testType="13cdc9d9-ddb5-4fa4-a97d-d965ccfc6d4b" outcome="Passed" testListId="8c84fa94-04c1-424b-9868-57a2d4851a1d" relativeResultsDirectory="fd2d5aff-564e-4aba-a929-8ba397f97373" />
    <UnitTestResult executionId="59164f40-d5bf-4bf7-82ab-c45614fc890d" testId="99e71917-19e6-ddd0-cab0-712f7a08f77e" testName="BL.Tests.SlopesServiceTest.TestGetSlopeInfoAsync(userID: 5, slope: Slope { SlopeID = 32, SlopeName = slopeName812a3682-20c8-454c-a51f-156035f6c373, IsOpen = True, DifficultyLevel = 183, ConnectedLifts =  }, checkPermissionServiceMock: Mock&lt;ICheckPermissionService:6&gt;, slopesRepositoryStub: Mock&lt;ISlopesRepository:4&gt;, liftsSlopesRepositoryStub: Mock&lt;ILiftsSlopesRepository:9&gt;, sut: SlopesService { })" computerName="DESKTOP-TJ9D65N" duration="00:00:00.0055091" startTime="2022-10-15T21:21:53.4199070+03:00" endTime="2022-10-15T21:21:53.4199071+03:00" testType="13cdc9d9-ddb5-4fa4-a97d-d965ccfc6d4b" outcome="Passed" testListId="8c84fa94-04c1-424b-9868-57a2d4851a1d" relativeResultsDirectory="59164f40-d5bf-4bf7-82ab-c45614fc890d" />
    <UnitTestResult executionId="55f52d96-ae1a-479e-99c4-7be9830132e9" testId="25a97442-18ae-4673-3f73-7a8705b8ae04" testName="BL.Tests.LiftsServiceTest.TestAdminAddAutoIncrementLiftAsync(userID: 236, lift: Lift { LiftID = 34, LiftName = liftNamedac16770-b91d-4974-9b26-b9752ffc438a, IsOpen = True, SeatsAmount = 44, LiftingTime = 40, QueueTime = 250, ConnectedSlopes =  }, checkPermissionServiceMock: Mock&lt;ICheckPermissionService:5&gt;, liftsRepositoryStub: Mock&lt;ILiftsRepository:5&gt;, sut: LiftsService { })" computerName="DESKTOP-TJ9D65N" duration="00:00:00.0337707" startTime="2022-10-15T21:21:53.3267911+03:00" endTime="2022-10-15T21:21:53.3267912+03:00" testType="13cdc9d9-ddb5-4fa4-a97d-d965ccfc6d4b" outcome="Passed" testListId="8c84fa94-04c1-424b-9868-57a2d4851a1d" relativeResultsDirectory="55f52d96-ae1a-479e-99c4-7be9830132e9" />
    <UnitTestResult executionId="dbb12a3b-9abe-4e67-8849-bb0b3e2033c1" testId="9d5ec004-a70f-341e-0737-619cb1338fa0" testName="BL.Tests.SlopesServiceTest.TestGetSlopesInfoAsync(userID: 169, initialSlopes: [Slope { SlopeID = 110, SlopeName = slopeName10cb153f-5629-4148-92f9-487f7821ab36, IsOpen = True, DifficultyLevel = 222, ConnectedLifts =  }, Slope { SlopeID = 22, SlopeName = slopeNamebdc87db7-ad86-48c8-98f8-bfb6ad2a2983, IsOpen = False, DifficultyLevel = 220, ConnectedLifts =  }, Slope { SlopeID = 123, SlopeName = slopeName390acb26-9f84-4d1f-8821-41f6ebe4cf33, IsOpen = True, DifficultyLevel = 170, ConnectedLifts =  }], checkPermissionServiceMock: Mock&lt;ICheckPermissionService:7&gt;, slopesRepositoryStub: Mock&lt;ISlopesRepository:5&gt;, liftsSlopesRepositoryStub: Mock&lt;ILiftsSlopesRepository:10&gt;, sut: SlopesService { })" computerName="DESKTOP-TJ9D65N" duration="00:00:00.0514255" startTime="2022-10-15T21:21:53.4118784+03:00" endTime="2022-10-15T21:21:53.4118785+03:00" testType="13cdc9d9-ddb5-4fa4-a97d-d965ccfc6d4b" outcome="Passed" testListId="8c84fa94-04c1-424b-9868-57a2d4851a1d" relativeResultsDirectory="dbb12a3b-9abe-4e67-8849-bb0b3e2033c1" />
    <UnitTestResult executionId="6bedceed-70f7-4a97-91be-e9e095c64c7a" testId="f3efc418-a8a6-c7b7-9bac-90b33aa8472f" testName="BL.Tests.CheckPermissionsServiceTests.AdminHasAccessToAllFunctions" computerName="DESKTOP-TJ9D65N" duration="00:00:00.0014969" startTime="2022-10-15T21:21:53.4407404+03:00" endTime="2022-10-15T21:21:53.4407405+03:00" testType="13cdc9d9-ddb5-4fa4-a97d-d965ccfc6d4b" outcome="Passed" testListId="8c84fa94-04c1-424b-9868-57a2d4851a1d" relativeResultsDirectory="6bedceed-70f7-4a97-91be-e9e095c64c7a" />
    <UnitTestResult executionId="f1fc825a-7c19-414f-8f38-ec0010936855" testId="aa28a6b3-21d3-aa45-24d3-bef2facbc899" testName="BL.Tests.CheckPermissionsServiceTests.AuthorizedHasAccessToAuthorizedFunctions(functionName: &quot;LogOutAsync&quot;)" computerName="DESKTOP-TJ9D65N" duration="00:00:00.0011181" startTime="2022-10-15T21:21:53.4270490+03:00" endTime="2022-10-15T21:21:53.4270491+03:00" testType="13cdc9d9-ddb5-4fa4-a97d-d965ccfc6d4b" outcome="Passed" testListId="8c84fa94-04c1-424b-9868-57a2d4851a1d" relativeResultsDirectory="f1fc825a-7c19-414f-8f38-ec0010936855" />
    <UnitTestResult executionId="8e682163-6394-45e5-9b79-b9fac28e856c" testId="894941c1-bfa7-d8f9-c047-1e1ceefe2c2f" testName="BL.Tests.UsersServiceTests.TestRegisterUserWithRepeatedEmail" computerName="DESKTOP-TJ9D65N" duration="00:00:00.0033484" startTime="2022-10-15T21:21:53.4075425+03:00" endTime="2022-10-15T21:21:53.4075426+03:00" testType="13cdc9d9-ddb5-4fa4-a97d-d965ccfc6d4b" outcome="Passed" testListId="8c84fa94-04c1-424b-9868-57a2d4851a1d" relativeResultsDirectory="8e682163-6394-45e5-9b79-b9fac28e856c" />
    <UnitTestResult executionId="f0463630-82d9-49fe-ba17-b115ae390131" testId="20ad8570-0170-85de-dcd7-2f109dd7bcd6" testName="BL.Tests.UsersServiceTests.TestAdminGetUsers" computerName="DESKTOP-TJ9D65N" duration="00:00:00.0362856" startTime="2022-10-15T21:21:53.3269028+03:00" endTime="2022-10-15T21:21:53.3269029+03:00" testType="13cdc9d9-ddb5-4fa4-a97d-d965ccfc6d4b" outcome="Passed" testListId="8c84fa94-04c1-424b-9868-57a2d4851a1d" relativeResultsDirectory="f0463630-82d9-49fe-ba17-b115ae390131" />
    <UnitTestResult executionId="4fe185f9-9330-439d-9884-0cc4e2c75e79" testId="893d977c-64c1-87d3-9493-1eb4213040e0" testName="BL.Tests.TurnstilesServiceTest.TestAdminGetTurnstilesAsync(userID: 36, initialTurnstiles: [Turnstile { TurnstileID = 87, LiftID = 171, IsOpen = True }, Turnstile { TurnstileID = 107, LiftID = 205, IsOpen = False }, Turnstile { TurnstileID = 254, LiftID = 92, IsOpen = True }], checkPermissionServiceMock: Mock&lt;ICheckPermissionService:13&gt;, turnstilesRepositoryStub: Mock&lt;ITurnstilesRepository:7&gt;, sut: TurnstilesService { })" computerName="DESKTOP-TJ9D65N" duration="00:00:00.0318354" startTime="2022-10-15T21:21:53.3266860+03:00" endTime="2022-10-15T21:21:53.3266861+03:00" testType="13cdc9d9-ddb5-4fa4-a97d-d965ccfc6d4b" outcome="Passed" testListId="8c84fa94-04c1-424b-9868-57a2d4851a1d" relativeResultsDirectory="4fe185f9-9330-439d-9884-0cc4e2c75e79" />
    <UnitTestResult executionId="e1719ae4-05cc-4517-8da7-b7bb1f741b7b" testId="39be9b5e-0bc4-57dc-37d3-aec6b520299d" testName="BL.Tests.LiftsSlopesServiceTests.TestGetLiftsSlopesInfoAsync(liftsSlopes: [LiftSlope { RecordID = 51, LiftID = 167, SlopeID = 76 }, LiftSlope { RecordID = 59, LiftID = 30, SlopeID = 122 }, LiftSlope { RecordID = 152, LiftID = 5, SlopeID = 171 }], slopesRepositoryStub: Mock&lt;ISlopesRepository:1&gt;, liftsRepositoryStub: Mock&lt;ILiftsRepository:6&gt;, liftsSlopesRepositoryStub: Mock&lt;ILiftsSlopesRepository:6&gt;)" computerName="DESKTOP-TJ9D65N" duration="00:00:00.0047096" startTime="2022-10-15T21:21:53.4075684+03:00" endTime="2022-10-15T21:21:53.4075684+03:00" testType="13cdc9d9-ddb5-4fa4-a97d-d965ccfc6d4b" outcome="Passed" testListId="8c84fa94-04c1-424b-9868-57a2d4851a1d" relativeResultsDirectory="e1719ae4-05cc-4517-8da7-b7bb1f741b7b" />
    <UnitTestResult executionId="128a78ce-e929-47f2-868b-f015447dc35c" testId="fa960c5e-f989-2880-784e-8efe538c5231" testName="BL.Tests.CheckPermissionsServiceTests.UnauthorizedHasNoAccessToAuthorizedFunctions(functionName: &quot;LogOutAsync&quot;)" computerName="DESKTOP-TJ9D65N" duration="00:00:00.0013857" startTime="2022-10-15T21:21:53.4075969+03:00" endTime="2022-10-15T21:21:53.4075969+03:00" testType="13cdc9d9-ddb5-4fa4-a97d-d965ccfc6d4b" outcome="Passed" testListId="8c84fa94-04c1-424b-9868-57a2d4851a1d" relativeResultsDirectory="128a78ce-e929-47f2-868b-f015447dc35c" />
    <UnitTestResult executionId="2566bb03-6975-488a-95c4-5d8675f11b97" testId="492c0393-35b4-df26-a537-21ca08302f3c" testName="BL.Tests.CheckPermissionsServiceTests.SkiPatrolHasNoAccessToAdminFunctions" computerName="DESKTOP-TJ9D65N" duration="00:00:00.0020552" startTime="2022-10-15T21:21:53.4365413+03:00" endTime="2022-10-15T21:21:53.4365415+03:00" testType="13cdc9d9-ddb5-4fa4-a97d-d965ccfc6d4b" outcome="Passed" testListId="8c84fa94-04c1-424b-9868-57a2d4851a1d" relativeResultsDirectory="2566bb03-6975-488a-95c4-5d8675f11b97" />
    <UnitTestResult executionId="8618e131-fb44-4f18-bacc-ac6e30e270ae" testId="2dd1b634-934d-7382-46c5-551bd5d2f509" testName="BL.Tests.LiftsServiceTest.TestGetLiftsInfoAsync(userID: 91, initialLifts: [Lift { LiftID = 144, LiftName = liftName79670b2a-b9db-4ab3-ac70-ce3c9e35605d, IsOpen = True, SeatsAmount = 52, LiftingTime = 45, QueueTime = 193, ConnectedSlopes =  }, Lift { LiftID = 182, LiftName = liftName750783cb-c9df-4cc1-8127-52d032617647, IsOpen = False, SeatsAmount = 179, LiftingTime = 168, QueueTime = 60, ConnectedSlopes =  }, Lift { LiftID = 145, LiftName = liftNameb72e983e-80b0-4088-8fe3-aea784dc73fa, IsOpen = True, SeatsAmount = 51, LiftingTime = 202, QueueTime = 94, ConnectedSlopes =  }], checkPermissionServiceMock: Mock&lt;ICheckPermissionService:2&gt;, liftsRepositoryStub: Mock&lt;ILiftsRepository:2&gt;, liftsSlopesRepositoryStub: Mock&lt;ILiftsSlopesRepository:2&gt;, sut: LiftsService { })" computerName="DESKTOP-TJ9D65N" duration="00:00:00.0081822" startTime="2022-10-15T21:21:53.4203073+03:00" endTime="2022-10-15T21:21:53.4203075+03:00" testType="13cdc9d9-ddb5-4fa4-a97d-d965ccfc6d4b" outcome="Passed" testListId="8c84fa94-04c1-424b-9868-57a2d4851a1d" relativeResultsDirectory="8618e131-fb44-4f18-bacc-ac6e30e270ae" />
    <UnitTestResult executionId="674b2c05-9839-4337-984d-591c6b40d272" testId="f44a1b21-8efc-bfac-63b4-d534442def31" testName="BL.Tests.UsersServiceTests.TestRegisterUserWithNoPassword" computerName="DESKTOP-TJ9D65N" duration="00:00:00.0015581" startTime="2022-10-15T21:21:53.4061746+03:00" endTime="2022-10-15T21:21:53.4061747+03:00" testType="13cdc9d9-ddb5-4fa4-a97d-d965ccfc6d4b" outcome="Passed" testListId="8c84fa94-04c1-424b-9868-57a2d4851a1d" relativeResultsDirectory="674b2c05-9839-4337-984d-591c6b40d272" />
    <UnitTestResult executionId="30be7b00-6d43-4046-b3fa-3f9733d58463" testId="13cd2567-49be-a1e1-5dc6-75cbb0a245c0" testName="BL.Tests.LiftsSlopesServiceTests.TestAdminAddAutoIncrementLiftSlopeAsync(lift: Lift { LiftID = 243, LiftName = liftNamebf0d4e35-be61-4b14-b27e-59d09a1c9bd8, IsOpen = True, SeatsAmount = 130, LiftingTime = 210, QueueTime = 118, ConnectedSlopes =  }, slope: Slope { SlopeID = 116, SlopeName = slopeNameea231758-e73c-47cd-b5a9-8ae3a22bdac7, IsOpen = False, DifficultyLevel = 96, ConnectedLifts =  }, slopesRepositoryStub: Mock&lt;ISlopesRepository:3&gt;, liftsRepositoryStub: Mock&lt;ILiftsRepository:8&gt;, liftsSlopesRepositoryStub: Mock&lt;ILiftsSlopesRepository:8&gt;)" computerName="DESKTOP-TJ9D65N" duration="00:00:00.0066885" startTime="2022-10-15T21:21:53.4061306+03:00" endTime="2022-10-15T21:21:53.4061306+03:00" testType="13cdc9d9-ddb5-4fa4-a97d-d965ccfc6d4b" outcome="Passed" testListId="8c84fa94-04c1-424b-9868-57a2d4851a1d" relativeResultsDirectory="30be7b00-6d43-4046-b3fa-3f9733d58463" />
    <UnitTestResult executionId="1f7153d3-1088-4e9f-b6ef-25c6af117f7f" testId="a19a5fcf-c5d2-7d44-5d7d-84403042f4e0" testName="BL.Tests.CheckPermissionsServiceTests.UnauthorizedHasNoAccessToAdminSkiPatrolFunctions(functionName: &quot;MarkMessageReadByUserAsync&quot;)" computerName="DESKTOP-TJ9D65N" duration="00:00:00.0309595" startTime="2022-10-15T21:21:53.3229439+03:00" endTime="2022-10-15T21:21:53.3229791+03:00" testType="13cdc9d9-ddb5-4fa4-a97d-d965ccfc6d4b" outcome="Passed" testListId="8c84fa94-04c1-424b-9868-57a2d4851a1d" relativeResultsDirectory="1f7153d3-1088-4e9f-b6ef-25c6af117f7f" />
    <UnitTestResult executionId="efcbab37-dca5-4c43-a23d-95ffe62e2c28" testId="67de3820-9e58-de78-0986-e629d70e7501" testName="BL.Tests.SlopesServiceTest.TestUpdateSlopeInfoAsync(userID: 32, slope: Slope { SlopeID = 215, SlopeName = slopeNamea62936c5-e92f-4c06-9189-dda55f0a0c40, IsOpen = True, DifficultyLevel = 22, ConnectedLifts =  }, checkPermissionServiceMock: Mock&lt;ICheckPermissionService:8&gt;, slopesRepositoryStub: Mock&lt;ISlopesRepository:6&gt;, sut: SlopesService { })" computerName="DESKTOP-TJ9D65N" duration="00:00:00.0043436" startTime="2022-10-15T21:21:53.4434454+03:00" endTime="2022-10-15T21:21:53.4434455+03:00" testType="13cdc9d9-ddb5-4fa4-a97d-d965ccfc6d4b" outcome="Passed" testListId="8c84fa94-04c1-424b-9868-57a2d4851a1d" relativeResultsDirectory="efcbab37-dca5-4c43-a23d-95ffe62e2c28" />
    <UnitTestResult executionId="447e1544-c133-413d-a866-f71d3135e00c" testId="7db5c7e0-404a-6feb-e1ca-63f041220a9b" testName="BL.Tests.SlopesServiceTest.TestAdminAddSlopeAsync(userID: 7, slope: Slope { SlopeID = 157, SlopeName = slopeName11ffc693-4ff0-462f-b180-2572a6a2ad49, IsOpen = True, DifficultyLevel = 190, ConnectedLifts =  }, checkPermissionServiceMock: Mock&lt;ICheckPermissionService:11&gt;, slopesRepositoryStub: Mock&lt;ISlopesRepository:9&gt;, sut: SlopesService { })" computerName="DESKTOP-TJ9D65N" duration="00:00:00.0052038" startTime="2022-10-15T21:21:53.4289102+03:00" endTime="2022-10-15T21:21:53.4289104+03:00" testType="13cdc9d9-ddb5-4fa4-a97d-d965ccfc6d4b" outcome="Passed" testListId="8c84fa94-04c1-424b-9868-57a2d4851a1d" relativeResultsDirectory="447e1544-c133-413d-a866-f71d3135e00c" />
    <UnitTestResult executionId="c2cedb09-95fb-4926-9cbc-5f957eec76ac" testId="2d706594-f2b3-b3c8-21d4-86c9798c3306" testName="BL.Tests.CheckPermissionsServiceTests.SkiPatrolHasAccessToAdminSkiPatrolFunctions(functionName: &quot;GetLiftsSlopesInfoAsync&quot;)" computerName="DESKTOP-TJ9D65N" duration="00:00:00.0045042" startTime="2022-10-15T21:21:53.4077878+03:00" endTime="2022-10-15T21:21:53.4077879+03:00" testType="13cdc9d9-ddb5-4fa4-a97d-d965ccfc6d4b" outcome="Passed" testListId="8c84fa94-04c1-424b-9868-57a2d4851a1d" relativeResultsDirectory="c2cedb09-95fb-4926-9cbc-5f957eec76ac" />
    <UnitTestResult executionId="b19390bd-17c0-4434-86f0-1513dd4ff7bd" testId="52580ac4-64a5-ddcc-8d23-f1c0a31090cb" testName="BL.Tests.TurnstilesServiceTest.TestAdminUpdateTurnstileAsync(userID: 60, turnstile: Turnstile { TurnstileID = 79, LiftID = 117, IsOpen = True }, checkPermissionServiceMock: Mock&lt;ICheckPermissionService:14&gt;, turnstilesRepositoryStub: Mock&lt;ITurnstilesRepository:8&gt;, sut: TurnstilesService { })" computerName="DESKTOP-TJ9D65N" duration="00:00:00.0056743" startTime="2022-10-15T21:21:53.4077287+03:00" endTime="2022-10-15T21:21:53.4077287+03:00" testType="13cdc9d9-ddb5-4fa4-a97d-d965ccfc6d4b" outcome="Passed" testListId="8c84fa94-04c1-424b-9868-57a2d4851a1d" relativeResultsDirectory="b19390bd-17c0-4434-86f0-1513dd4ff7bd" />
    <UnitTestResult executionId="bfdaacca-0467-45b5-add6-394a3c87af65" testId="eaabd2fc-2f4b-5689-59c8-c7ad34a8f634" testName="BL.Tests.CheckPermissionsServiceTests.UnauthorizedHasNoAccessToAuthorizedFunctions(functionName: &quot;SendMessageAsync&quot;)" computerName="DESKTOP-TJ9D65N" duration="00:00:00.0031116" startTime="2022-10-15T21:21:53.4075084+03:00" endTime="2022-10-15T21:21:53.4075084+03:00" testType="13cdc9d9-ddb5-4fa4-a97d-d965ccfc6d4b" outcome="Passed" testListId="8c84fa94-04c1-424b-9868-57a2d4851a1d" relativeResultsDirectory="bfdaacca-0467-45b5-add6-394a3c87af65" />
    <UnitTestResult executionId="8b40dd77-6f0a-4bf0-84f9-4dc1c66e5f5d" testId="0eeef75f-6e38-7893-a8fe-cff3e0a970a7" testName="BL.Tests.UsersServiceTests.TestRegisterOk" computerName="DESKTOP-TJ9D65N" duration="00:00:00.0105289" startTime="2022-10-15T21:21:53.4086021+03:00" endTime="2022-10-15T21:21:53.4086022+03:00" testType="13cdc9d9-ddb5-4fa4-a97d-d965ccfc6d4b" outcome="Passed" testListId="8c84fa94-04c1-424b-9868-57a2d4851a1d" relativeResultsDirectory="8b40dd77-6f0a-4bf0-84f9-4dc1c66e5f5d" />
    <UnitTestResult executionId="fef49e80-1bec-4bf7-835f-6b8943806fc2" testId="bc89f48d-501b-fb2a-0813-d4e408fb73e0" testName="BL.Tests.SlopesServiceTest.TestAdminDeleteSlopeAsync(userID: 152, slope: Slope { SlopeID = 60, SlopeName = slopeName2088e8d5-27c6-412e-8fe5-89cf9e2feeec, IsOpen = True, DifficultyLevel = 81, ConnectedLifts =  }, checkPermissionServiceMock: Mock&lt;ICheckPermissionService:9&gt;, slopesRepositoryStub: Mock&lt;ISlopesRepository:7&gt;, liftsSlopesRepositoryStub: Mock&lt;ILiftsSlopesRepository:12&gt;, sut: SlopesService { })" computerName="DESKTOP-TJ9D65N" duration="00:00:00.0044663" startTime="2022-10-15T21:21:53.4362885+03:00" endTime="2022-10-15T21:21:53.4362887+03:00" testType="13cdc9d9-ddb5-4fa4-a97d-d965ccfc6d4b" outcome="Passed" testListId="8c84fa94-04c1-424b-9868-57a2d4851a1d" relativeResultsDirectory="fef49e80-1bec-4bf7-835f-6b8943806fc2" />
    <UnitTestResult executionId="c5b43034-c134-4925-8ed0-10c8b8bccafb" testId="18fa8c62-e27d-e1fc-8182-4d7db62b008d" testName="BL.Tests.UsersServiceTests.TestAdminDeleteUser" computerName="DESKTOP-TJ9D65N" duration="00:00:00.0024761" startTime="2022-10-15T21:21:53.4358717+03:00" endTime="2022-10-15T21:21:53.4358718+03:00" testType="13cdc9d9-ddb5-4fa4-a97d-d965ccfc6d4b" outcome="Passed" testListId="8c84fa94-04c1-424b-9868-57a2d4851a1d" relativeResultsDirectory="c5b43034-c134-4925-8ed0-10c8b8bccafb" />
    <UnitTestResult executionId="ad55d05f-b203-4558-b721-49925aad4f14" testId="60bd668f-04df-da5e-b79b-5d9aedb5234d" testName="BL.Tests.CheckPermissionsServiceTests.SkiPatrolHasAccessToAdminSkiPatrolFunctions(functionName: &quot;MarkMessageReadByUserAsync&quot;)" computerName="DESKTOP-TJ9D65N" duration="00:00:00.0012611" startTime="2022-10-15T21:21:53.4084506+03:00" endTime="2022-10-15T21:21:53.4084507+03:00" testType="13cdc9d9-ddb5-4fa4-a97d-d965ccfc6d4b" outcome="Passed" testListId="8c84fa94-04c1-424b-9868-57a2d4851a1d" relativeResultsDirectory="ad55d05f-b203-4558-b721-49925aad4f14" />
    <UnitTestResult executionId="86a6fd50-6cbc-44c6-a150-3dc722d75331" testId="1ca07ad8-f799-c5d4-e7cc-34fd950198a2" testName="BL.Tests.UsersServiceTests.TestLogInOk" computerName="DESKTOP-TJ9D65N" duration="00:00:00.0086196" startTime="2022-10-15T21:21:53.4087283+03:00" endTime="2022-10-15T21:21:53.4087284+03:00" testType="13cdc9d9-ddb5-4fa4-a97d-d965ccfc6d4b" outcome="Passed" testListId="8c84fa94-04c1-424b-9868-57a2d4851a1d" relativeResultsDirectory="86a6fd50-6cbc-44c6-a150-3dc722d75331" />
    <UnitTestResult executionId="6cb7bf80-2d8d-45c4-8515-b1cc60b85dc6" testId="644ec43e-70cd-c82d-42e7-0d990be1414d" testName="BL.Tests.CheckPermissionsServiceTests.AuthorizedHasAccessToAuthorizedFunctions(functionName: &quot;SendMessageAsync&quot;)" computerName="DESKTOP-TJ9D65N" duration="00:00:00.0025825" startTime="2022-10-15T21:21:53.4232648+03:00" endTime="2022-10-15T21:21:53.4232653+03:00" testType="13cdc9d9-ddb5-4fa4-a97d-d965ccfc6d4b" outcome="Passed" testListId="8c84fa94-04c1-424b-9868-57a2d4851a1d" relativeResultsDirectory="6cb7bf80-2d8d-45c4-8515-b1cc60b85dc6" />
    <UnitTestResult executionId="a22b64de-0a5c-4685-bdf7-80d68a29e701" testId="229812f5-9a73-5335-11f5-31330d1348a5" testName="BL.Tests.CheckPermissionsServiceTests.UnauthorizedHasNoAccessToAdminSkiPatrolFunctions(functionName: &quot;GetMessagesAsync&quot;)" computerName="DESKTOP-TJ9D65N" duration="00:00:00.0012107" startTime="2022-10-15T21:21:53.4061462+03:00" endTime="2022-10-15T21:21:53.4061463+03:00" testType="13cdc9d9-ddb5-4fa4-a97d-d965ccfc6d4b" outcome="Passed" testListId="8c84fa94-04c1-424b-9868-57a2d4851a1d" relativeResultsDirectory="a22b64de-0a5c-4685-bdf7-80d68a29e701" />
    <UnitTestResult executionId="381c1c40-d0e3-45ce-8c6c-fa3ae8c20bd2" testId="8184bd30-991c-b78d-b4ec-99a485eac0dd" testName="BL.Tests.UsersServiceTests.TestRegisterUserWithNoEmail" computerName="DESKTOP-TJ9D65N" duration="00:00:00.0028282" startTime="2022-10-15T21:21:53.4060066+03:00" endTime="2022-10-15T21:21:53.4060067+03:00" testType="13cdc9d9-ddb5-4fa4-a97d-d965ccfc6d4b" outcome="Passed" testListId="8c84fa94-04c1-424b-9868-57a2d4851a1d" relativeResultsDirectory="381c1c40-d0e3-45ce-8c6c-fa3ae8c20bd2" />
    <UnitTestResult executionId="c26e50a8-2527-4f2e-ab5a-ddd267c29a03" testId="1423eaa2-09a1-aa6a-08fc-53a2c4663378" testName="BL.Tests.LiftsServiceTest.TestGetLiftInfoAsync(userID: 143, lift: Lift { LiftID = 90, LiftName = liftNamed65f3272-1d12-4869-8c24-8a2c3582cffe, IsOpen = True, SeatsAmount = 120, LiftingTime = 34, QueueTime = 50, ConnectedSlopes =  }, checkPermissionServiceMock: Mock&lt;ICheckPermissionService:1&gt;, liftsRepositoryStub: Mock&lt;ILiftsRepository:1&gt;, liftsSlopesRepositoryStub: Mock&lt;ILiftsSlopesRepository:1&gt;, sut: LiftsService { })" computerName="DESKTOP-TJ9D65N" duration="00:00:00.0079732" startTime="2022-10-15T21:21:53.4061892+03:00" endTime="2022-10-15T21:21:53.4061893+03:00" testType="13cdc9d9-ddb5-4fa4-a97d-d965ccfc6d4b" outcome="Passed" testListId="8c84fa94-04c1-424b-9868-57a2d4851a1d" relativeResultsDirectory="c26e50a8-2527-4f2e-ab5a-ddd267c29a03" />
    <UnitTestResult executionId="0cc267a9-59f7-4323-9d7b-f61a1c0c68db" testId="834c739b-eca4-b36d-6a66-5a1bd75377b8" testName="BL.Tests.UsersServiceTests.TestAdminAddAutoIncrementUser" computerName="DESKTOP-TJ9D65N" duration="00:00:00.0080820" startTime="2022-10-15T21:21:53.4241432+03:00" endTime="2022-10-15T21:21:53.4241433+03:00" testType="13cdc9d9-ddb5-4fa4-a97d-d965ccfc6d4b" outcome="Passed" testListId="8c84fa94-04c1-424b-9868-57a2d4851a1d" relativeResultsDirectory="0cc267a9-59f7-4323-9d7b-f61a1c0c68db" />
    <UnitTestResult executionId="5ff0753e-53e9-4f08-a3d2-a93fbbfdbd05" testId="c36970dc-93f7-753e-fa47-157133b01644" testName="BL.Tests.CheckPermissionsServiceTests.SkiPatrolHasAccessToAdminSkiPatrolFunctions(functionName: &quot;GetMessagesAsync&quot;)" computerName="DESKTOP-TJ9D65N" duration="00:00:00.0012279" startTime="2022-10-15T21:21:53.4085502+03:00" endTime="2022-10-15T21:21:53.4085503+03:00" testType="13cdc9d9-ddb5-4fa4-a97d-d965ccfc6d4b" outcome="Passed" testListId="8c84fa94-04c1-424b-9868-57a2d4851a1d" relativeResultsDirectory="5ff0753e-53e9-4f08-a3d2-a93fbbfdbd05" />
    <UnitTestResult executionId="1a87b60b-8aac-45a3-9c88-ef7e34798b26" testId="3c5422a2-b931-c340-3bfa-db9682be101c" testName="BL.Tests.LiftsSlopesServiceTests.TestAdminDeleteLiftSlopeAsync(lift: Lift { LiftID = 43, LiftName = liftName7adb46bf-b88f-4239-b4f3-706c6bb68d85, IsOpen = True, SeatsAmount = 170, LiftingTime = 101, QueueTime = 107, ConnectedSlopes =  }, slope: Slope { SlopeID = 15, SlopeName = slopeName439055f4-b6d0-49bc-a602-bcbc6e0b973d, IsOpen = False, DifficultyLevel = 246, ConnectedLifts =  }, slopesRepositoryStub: Mock&lt;ISlopesRepository:2&gt;, liftsRepositoryStub: Mock&lt;ILiftsRepository:7&gt;, liftsSlopesRepositoryStub: Mock&lt;ILiftsSlopesRepository:7&gt;)" computerName="DESKTOP-TJ9D65N" duration="00:00:00.0308656" startTime="2022-10-15T21:21:53.3268125+03:00" endTime="2022-10-15T21:21:53.3268125+03:00" testType="13cdc9d9-ddb5-4fa4-a97d-d965ccfc6d4b" outcome="Passed" testListId="8c84fa94-04c1-424b-9868-57a2d4851a1d" relativeResultsDirectory="1a87b60b-8aac-45a3-9c88-ef7e34798b26" />
    <UnitTestResult executionId="75cda982-e441-463a-a480-2dfc871e9afb" testId="2602613f-c8e2-a6d9-fcf7-5b27d4a770a6" testName="BL.Tests.CheckPermissionsServiceTests.AuthorizedHasNoAccessToAdminSkiPatrolFunctions(functionName: &quot;GetMessagesAsync&quot;)" computerName="DESKTOP-TJ9D65N" duration="00:00:00.0028555" startTime="2022-10-15T21:21:53.4102642+03:00" endTime="2022-10-15T21:21:53.4102643+03:00" testType="13cdc9d9-ddb5-4fa4-a97d-d965ccfc6d4b" outcome="Passed" testListId="8c84fa94-04c1-424b-9868-57a2d4851a1d" relativeResultsDirectory="75cda982-e441-463a-a480-2dfc871e9afb" />
    <UnitTestResult executionId="f599ff08-1692-4c58-bea1-f8f2a726aebf" testId="387c9729-48c1-486e-5e67-f5d11a9f0db8" testName="BL.Tests.CheckPermissionsServiceTests.UnauthorizedHasNoAccessToAdminSkiPatrolFunctions(functionName: &quot;GetLiftsSlopesInfoAsync&quot;)" computerName="DESKTOP-TJ9D65N" duration="00:00:00.0013579" startTime="2022-10-15T21:21:53.4056759+03:00" endTime="2022-10-15T21:21:53.4056760+03:00" testType="13cdc9d9-ddb5-4fa4-a97d-d965ccfc6d4b" outcome="Passed" testListId="8c84fa94-04c1-424b-9868-57a2d4851a1d" relativeResultsDirectory="f599ff08-1692-4c58-bea1-f8f2a726aebf" />
    <UnitTestResult executionId="c198f9d8-11a3-4dea-959a-dc2054ab8387" testId="06d0bc3a-24a0-fb7f-4277-e9ae6d21c7dd" testName="BL.Tests.UsersServiceTests.TestAdminUpdateUser" computerName="DESKTOP-TJ9D65N" duration="00:00:00.0050452" startTime="2022-10-15T21:21:53.4077501+03:00" endTime="2022-10-15T21:21:53.4077502+03:00" testType="13cdc9d9-ddb5-4fa4-a97d-d965ccfc6d4b" outcome="Passed" testListId="8c84fa94-04c1-424b-9868-57a2d4851a1d" relativeResultsDirectory="c198f9d8-11a3-4dea-959a-dc2054ab8387" />
    <UnitTestResult executionId="2c16a353-300d-4970-bbf8-904e17cfd387" testId="a2e59116-cb53-1d70-9cb8-21c286516866" testName="BL.Tests.CheckPermissionsServiceTests.AuthorizedHasNoAccessToAdminFunctions" computerName="DESKTOP-TJ9D65N" duration="00:00:00.0026874" startTime="2022-10-15T21:21:53.4086359+03:00" endTime="2022-10-15T21:21:53.4086360+03:00" testType="13cdc9d9-ddb5-4fa4-a97d-d965ccfc6d4b" outcome="Passed" testListId="8c84fa94-04c1-424b-9868-57a2d4851a1d" relativeResultsDirectory="2c16a353-300d-4970-bbf8-904e17cfd387" />
    <UnitTestResult executionId="b4e9330c-f9b5-4966-b4bf-8b6ad235b5d6" testId="e0c1703f-78fd-a959-8495-8f24dc17ea13" testName="BL.Tests.TurnstilesServiceTest.TestAdminGetTurnstileAsync(userID: 155, turnstile: Turnstile { TurnstileID = 35, LiftID = 60, IsOpen = True }, checkPermissionServiceMock: Mock&lt;ICheckPermissionService:12&gt;, turnstilesRepositoryStub: Mock&lt;ITurnstilesRepository:6&gt;, sut: TurnstilesService { })" computerName="DESKTOP-TJ9D65N" duration="00:00:00.0055068" startTime="2022-10-15T21:21:53.4075306+03:00" endTime="2022-10-15T21:21:53.4075307+03:00" testType="13cdc9d9-ddb5-4fa4-a97d-d965ccfc6d4b" outcome="Passed" testListId="8c84fa94-04c1-424b-9868-57a2d4851a1d" relativeResultsDirectory="b4e9330c-f9b5-4966-b4bf-8b6ad235b5d6" />
    <UnitTestResult executionId="bc353bae-5b82-4c8e-b48c-3b729de5cd80" testId="fe0ebf24-91dd-9d29-5491-2eccdc009951" testName="BL.Tests.SlopesServiceTest.TestAdminAddAutoIncrementSlopeAsync(userID: 251, slope: Slope { SlopeID = 144, SlopeName = slopeName7b282505-83c7-41d2-bde6-f11555e502af, IsOpen = True, DifficultyLevel = 212, ConnectedLifts =  }, checkPermissionServiceMock: Mock&lt;ICheckPermissionService:10&gt;, slopesRepositoryStub: Mock&lt;ISlopesRepository:8&gt;, sut: SlopesService { })" computerName="DESKTOP-TJ9D65N" duration="00:00:00.0334940" startTime="2022-10-15T21:21:53.3268286+03:00" endTime="2022-10-15T21:21:53.3268286+03:00" testType="13cdc9d9-ddb5-4fa4-a97d-d965ccfc6d4b" outcome="Passed" testListId="8c84fa94-04c1-424b-9868-57a2d4851a1d" relativeResultsDirectory="bc353bae-5b82-4c8e-b48c-3b729de5cd80" />
    <UnitTestResult executionId="cb8d99f9-f2e1-4ff0-95e6-12bf48ff7840" testId="e5497347-2721-b7a6-0bd4-69a9921f6947" testName="BL.Tests.UsersServiceTests.TestAdminGetUserByIDAsync" computerName="DESKTOP-TJ9D65N" duration="00:00:00.0040549" startTime="2022-10-15T21:21:53.4307799+03:00" endTime="2022-10-15T21:21:53.4307800+03:00" testType="13cdc9d9-ddb5-4fa4-a97d-d965ccfc6d4b" outcome="Passed" testListId="8c84fa94-04c1-424b-9868-57a2d4851a1d" relativeResultsDirectory="cb8d99f9-f2e1-4ff0-95e6-12bf48ff7840" />
    <UnitTestResult executionId="10a6b217-1e16-4dac-948e-3d79863f9f54" testId="69340bb6-3645-f9dd-971e-29d8b2a009bb" testName="BL.Tests.UsersServiceTests.TestLogInWithWrongPassword" computerName="DESKTOP-TJ9D65N" duration="00:00:00.0034514" startTime="2022-10-15T21:21:53.4135108+03:00" endTime="2022-10-15T21:21:53.4135110+03:00" testType="13cdc9d9-ddb5-4fa4-a97d-d965ccfc6d4b" outcome="Passed" testListId="8c84fa94-04c1-424b-9868-57a2d4851a1d" relativeResultsDirectory="10a6b217-1e16-4dac-948e-3d79863f9f54" />
    <UnitTestResult executionId="6b85d894-3796-4bf1-8598-07a16af95b2b" testId="4f297306-d4f3-8d63-e7f4-1ac0b8c58c74" testName="BL.Tests.CheckPermissionsServiceTests.AuthorizedHasNoAccessToAdminSkiPatrolFunctions(functionName: &quot;GetLiftsSlopesInfoAsync&quot;)" computerName="DESKTOP-TJ9D65N" duration="00:00:00.0009009" startTime="2022-10-15T21:21:53.4178729+03:00" endTime="2022-10-15T21:21:53.4178730+03:00" testType="13cdc9d9-ddb5-4fa4-a97d-d965ccfc6d4b" outcome="Passed" testListId="8c84fa94-04c1-424b-9868-57a2d4851a1d" relativeResultsDirectory="6b85d894-3796-4bf1-8598-07a16af95b2b" />
    <UnitTestResult executionId="495f0ea3-cd4f-41cd-947d-ff96d138f0ea" testId="0e52de19-c1a9-bb2d-7cf8-a1dd2cd0981a" testName="BL.Tests.TurnstilesServiceTest.TestAdminAddAutoIncrementTurnstileAsync(userID: 241, turnstile: Turnstile { TurnstileID = 177, LiftID = 189, IsOpen = True }, checkPermissionServiceMock: Mock&lt;ICheckPermissionService:16&gt;, turnstilesRepositoryStub: Mock&lt;ITurnstilesRepository:10&gt;, sut: TurnstilesService { })" computerName="DESKTOP-TJ9D65N" duration="00:00:00.0057649" startTime="2022-10-15T21:21:53.4060952+03:00" endTime="2022-10-15T21:21:53.4060953+03:00" testType="13cdc9d9-ddb5-4fa4-a97d-d965ccfc6d4b" outcome="Passed" testListId="8c84fa94-04c1-424b-9868-57a2d4851a1d" relativeResultsDirectory="495f0ea3-cd4f-41cd-947d-ff96d138f0ea" />
    <UnitTestResult executionId="6d589fd3-b205-4613-a494-4946c04685b7" testId="d7f46b9f-7490-336e-5cc5-1177abc6e6de" testName="BL.Tests.LiftsServiceTest.TestUpdateLiftInfoAsync(userID: 199, lift: Lift { LiftID = 15, LiftName = liftName3bedeb4e-0aa2-4e10-b3d2-77c0dcde2616, IsOpen = True, SeatsAmount = 106, LiftingTime = 140, QueueTime = 125, ConnectedSlopes =  }, checkPermissionServiceMock: Mock&lt;ICheckPermissionService:3&gt;, liftsRepositoryStub: Mock&lt;ILiftsRepository:3&gt;, sut: LiftsService { })" computerName="DESKTOP-TJ9D65N" duration="00:00:00.0061168" startTime="2022-10-15T21:21:53.4299302+03:00" endTime="2022-10-15T21:21:53.4299303+03:00" testType="13cdc9d9-ddb5-4fa4-a97d-d965ccfc6d4b" outcome="Passed" testListId="8c84fa94-04c1-424b-9868-57a2d4851a1d" relativeResultsDirectory="6d589fd3-b205-4613-a494-4946c04685b7" />
    <UnitTestResult executionId="7ccfb019-fbe0-4fb2-bc88-4574eb059c82" testId="3b54cabd-5349-2b0c-1073-e81726c278b4" testName="BL.Tests.TurnstilesServiceTest.TestAdminDeleteTurnstileAsync(userID: 111, turnstile: Turnstile { TurnstileID = 41, LiftID = 108, IsOpen = True }, checkPermissionServiceMock: Mock&lt;ICheckPermissionService:15&gt;, turnstilesRepositoryStub: Mock&lt;ITurnstilesRepository:9&gt;, sut: TurnstilesService { })" computerName="DESKTOP-TJ9D65N" duration="00:00:00.0043256" startTime="2022-10-15T21:21:53.4084907+03:00" endTime="2022-10-15T21:21:53.4084908+03:00" testType="13cdc9d9-ddb5-4fa4-a97d-d965ccfc6d4b" outcome="Passed" testListId="8c84fa94-04c1-424b-9868-57a2d4851a1d" relativeResultsDirectory="7ccfb019-fbe0-4fb2-bc88-4574eb059c82" />
    <UnitTestResult executionId="c1179642-e824-4a34-960a-ed5f67fe50b4" testId="9c7df5e2-1b23-ebea-889f-b78ca86b60ab" testName="BL.Tests.CheckPermissionsServiceTests.AuthorizedHasNoAccessToAdminSkiPatrolFunctions(functionName: &quot;MarkMessageReadByUserAsync&quot;)" computerName="DESKTOP-TJ9D65N" duration="00:00:00.0016565" startTime="2022-10-15T21:21:53.4145689+03:00" endTime="2022-10-15T21:21:53.4145690+03:00" testType="13cdc9d9-ddb5-4fa4-a97d-d965ccfc6d4b" outcome="Passed" testListId="8c84fa94-04c1-424b-9868-57a2d4851a1d" relativeResultsDirectory="c1179642-e824-4a34-960a-ed5f67fe50b4" />
    <UnitTestResult executionId="03b4c08f-41ad-4465-a5d1-f4bb7cba45b6" testId="9f1b5386-f5e6-9659-2097-07f0dd10f0da" testName="BL.Tests.LiftsServiceTest.TestAdminDeleteLiftAsync(userID: 127, lift: Lift { LiftID = 188, LiftName = liftName5aadc356-60bd-4464-9bef-52bb7fe1daa3, IsOpen = True, SeatsAmount = 93, LiftingTime = 190, QueueTime = 221, ConnectedSlopes =  }, checkPermissionServiceMock: Mock&lt;ICheckPermissionService:4&gt;, liftsRepositoryStub: Mock&lt;ILiftsRepository:4&gt;, liftsSlopesRepositoryStub: Mock&lt;ILiftsSlopesRepository:4&gt;, sut: LiftsService { })" computerName="DESKTOP-TJ9D65N" duration="00:00:00.0367957" startTime="2022-10-15T21:21:53.4094319+03:00" endTime="2022-10-15T21:21:53.4094321+03:00" testType="13cdc9d9-ddb5-4fa4-a97d-d965ccfc6d4b" outcome="Passed" testListId="8c84fa94-04c1-424b-9868-57a2d4851a1d" relativeResultsDirectory="03b4c08f-41ad-4465-a5d1-f4bb7cba45b6" />
  </Results>
  <TestDefinitions>
    <UnitTest name="BL.Tests.CheckPermissionsServiceTests.AuthorizedHasNoAccessToAdminSkiPatrolFunctions(functionName: &quot;MarkMessageReadByUserAsync&quot;)" storage="c:\users\alena\desktop\7_sem\testing_and_debugging\skiresort\bl.tests\bin\debug\net6.0\bl.tests.dll" id="9c7df5e2-1b23-ebea-889f-b78ca86b60ab">
      <Execution id="c1179642-e824-4a34-960a-ed5f67fe50b4" />
      <TestMethod codeBase="C:\Users\alena\Desktop\7_sem\testing_and_debugging\SkiResort\BL.Tests\bin\Debug\net6.0\BL.Tests.dll" adapterTypeName="executor://xunit/VsTestRunner2/netcoreapp" className="BL.Tests.CheckPermissionsServiceTests" name="AuthorizedHasNoAccessToAdminSkiPatrolFunctions" />
    </UnitTest>
    <UnitTest name="BL.Tests.SlopesServiceTest.TestGetSlopesInfoAsync(userID: 169, initialSlopes: [Slope { SlopeID = 110, SlopeName = slopeName10cb153f-5629-4148-92f9-487f7821ab36, IsOpen = True, DifficultyLevel = 222, ConnectedLifts =  }, Slope { SlopeID = 22, SlopeName = slopeNamebdc87db7-ad86-48c8-98f8-bfb6ad2a2983, IsOpen = False, DifficultyLevel = 220, ConnectedLifts =  }, Slope { SlopeID = 123, SlopeName = slopeName390acb26-9f84-4d1f-8821-41f6ebe4cf33, I..." storage="c:\users\alena\desktop\7_sem\testing_and_debugging\skiresort\bl.tests\bin\debug\net6.0\bl.tests.dll" id="9d5ec004-a70f-341e-0737-619cb1338fa0">
      <Execution id="dbb12a3b-9abe-4e67-8849-bb0b3e2033c1" />
      <TestMethod codeBase="C:\Users\alena\Desktop\7_sem\testing_and_debugging\SkiResort\BL.Tests\bin\Debug\net6.0\BL.Tests.dll" adapterTypeName="executor://xunit/VsTestRunner2/netcoreapp" className="BL.Tests.SlopesServiceTest" name="TestGetSlopesInfoAsync" />
    </UnitTest>
    <UnitTest name="BL.Tests.CheckPermissionsServiceTests.UnauthorizedHasNoAccessToAdminSkiPatrolFunctions(functionName: &quot;MarkMessageReadByUserAsync&quot;)" storage="c:\users\alena\desktop\7_sem\testing_and_debugging\skiresort\bl.tests\bin\debug\net6.0\bl.tests.dll" id="a19a5fcf-c5d2-7d44-5d7d-84403042f4e0">
      <Execution id="1f7153d3-1088-4e9f-b6ef-25c6af117f7f" />
      <TestMethod codeBase="C:\Users\alena\Desktop\7_sem\testing_and_debugging\SkiResort\BL.Tests\bin\Debug\net6.0\BL.Tests.dll" adapterTypeName="executor://xunit/VsTestRunner2/netcoreapp" className="BL.Tests.CheckPermissionsServiceTests" name="UnauthorizedHasNoAccessToAdminSkiPatrolFunctions" />
    </UnitTest>
    <UnitTest name="BL.Tests.TurnstilesServiceTest.TestAdminAddAutoIncrementTurnstileAsync(userID: 241, turnstile: Turnstile { TurnstileID = 177, LiftID = 189, IsOpen = True }, checkPermissionServiceMock: Mock&lt;ICheckPermissionService:16&gt;, turnstilesRepositoryStub: Mock&lt;ITurnstilesRepository:10&gt;, sut: TurnstilesService { })" storage="c:\users\alena\desktop\7_sem\testing_and_debugging\skiresort\bl.tests\bin\debug\net6.0\bl.tests.dll" id="0e52de19-c1a9-bb2d-7cf8-a1dd2cd0981a">
      <Execution id="495f0ea3-cd4f-41cd-947d-ff96d138f0ea" />
      <TestMethod codeBase="C:\Users\alena\Desktop\7_sem\testing_and_debugging\SkiResort\BL.Tests\bin\Debug\net6.0\BL.Tests.dll" adapterTypeName="executor://xunit/VsTestRunner2/netcoreapp" className="BL.Tests.TurnstilesServiceTest" name="TestAdminAddAutoIncrementTurnstileAsync" />
    </UnitTest>
    <UnitTest name="BL.Tests.LiftsServiceTest.TestUpdateLiftInfoAsync(userID: 199, lift: Lift { LiftID = 15, LiftName = liftName3bedeb4e-0aa2-4e10-b3d2-77c0dcde2616, IsOpen = True, SeatsAmount = 106, LiftingTime = 140, QueueTime = 125, ConnectedSlopes =  }, checkPermissionServiceMock: Mock&lt;ICheckPermissionService:3&gt;, liftsRepositoryStub: Mock&lt;ILiftsRepository:3&gt;, sut: LiftsService { })" storage="c:\users\alena\desktop\7_sem\testing_and_debugging\skiresort\bl.tests\bin\debug\net6.0\bl.tests.dll" id="d7f46b9f-7490-336e-5cc5-1177abc6e6de">
      <Execution id="6d589fd3-b205-4613-a494-4946c04685b7" />
      <TestMethod codeBase="C:\Users\alena\Desktop\7_sem\testing_and_debugging\SkiResort\BL.Tests\bin\Debug\net6.0\BL.Tests.dll" adapterTypeName="executor://xunit/VsTestRunner2/netcoreapp" className="BL.Tests.LiftsServiceTest" name="TestUpdateLiftInfoAsync" />
    </UnitTest>
    <UnitTest name="BL.Tests.CheckPermissionsServiceTests.AuthorizedHasNoAccessToAdminFunctions" storage="c:\users\alena\desktop\7_sem\testing_and_debugging\skiresort\bl.tests\bin\debug\net6.0\bl.tests.dll" id="a2e59116-cb53-1d70-9cb8-21c286516866">
      <Execution id="2c16a353-300d-4970-bbf8-904e17cfd387" />
      <TestMethod codeBase="C:\Users\alena\Desktop\7_sem\testing_and_debugging\SkiResort\BL.Tests\bin\Debug\net6.0\BL.Tests.dll" adapterTypeName="executor://xunit/VsTestRunner2/netcoreapp" className="BL.Tests.CheckPermissionsServiceTests" name="AuthorizedHasNoAccessToAdminFunctions" />
    </UnitTest>
    <UnitTest name="BL.Tests.CheckPermissionsServiceTests.SkiPatrolHasAccessToAdminSkiPatrolFunctions(functionName: &quot;GetMessagesAsync&quot;)" storage="c:\users\alena\desktop\7_sem\testing_and_debugging\skiresort\bl.tests\bin\debug\net6.0\bl.tests.dll" id="c36970dc-93f7-753e-fa47-157133b01644">
      <Execution id="5ff0753e-53e9-4f08-a3d2-a93fbbfdbd05" />
      <TestMethod codeBase="C:\Users\alena\Desktop\7_sem\testing_and_debugging\SkiResort\BL.Tests\bin\Debug\net6.0\BL.Tests.dll" adapterTypeName="executor://xunit/VsTestRunner2/netcoreapp" className="BL.Tests.CheckPermissionsServiceTests" name="SkiPatrolHasAccessToAdminSkiPatrolFunctions" />
    </UnitTest>
    <UnitTest name="BL.Tests.CheckPermissionsServiceTests.AuthorizedHasNoAccessToAdminSkiPatrolFunctions(functionName: &quot;GetMessagesAsync&quot;)" storage="c:\users\alena\desktop\7_sem\testing_and_debugging\skiresort\bl.tests\bin\debug\net6.0\bl.tests.dll" id="2602613f-c8e2-a6d9-fcf7-5b27d4a770a6">
      <Execution id="75cda982-e441-463a-a480-2dfc871e9afb" />
      <TestMethod codeBase="C:\Users\alena\Desktop\7_sem\testing_and_debugging\SkiResort\BL.Tests\bin\Debug\net6.0\BL.Tests.dll" adapterTypeName="executor://xunit/VsTestRunner2/netcoreapp" className="BL.Tests.CheckPermissionsServiceTests" name="AuthorizedHasNoAccessToAdminSkiPatrolFunctions" />
    </UnitTest>
    <UnitTest name="BL.Tests.CheckPermissionsServiceTests.AdminHasAccessToAllFunctions" storage="c:\users\alena\desktop\7_sem\testing_and_debugging\skiresort\bl.tests\bin\debug\net6.0\bl.tests.dll" id="f3efc418-a8a6-c7b7-9bac-90b33aa8472f">
      <Execution id="6bedceed-70f7-4a97-91be-e9e095c64c7a" />
      <TestMethod codeBase="C:\Users\alena\Desktop\7_sem\testing_and_debugging\SkiResort\BL.Tests\bin\Debug\net6.0\BL.Tests.dll" adapterTypeName="executor://xunit/VsTestRunner2/netcoreapp" className="BL.Tests.CheckPermissionsServiceTests" name="AdminHasAccessToAllFunctions" />
    </UnitTest>
    <UnitTest name="BL.Tests.UsersServiceTests.TestRegisterUserWithNoPassword" storage="c:\users\alena\desktop\7_sem\testing_and_debugging\skiresort\bl.tests\bin\debug\net6.0\bl.tests.dll" id="f44a1b21-8efc-bfac-63b4-d534442def31">
      <Execution id="674b2c05-9839-4337-984d-591c6b40d272" />
      <TestMethod codeBase="C:\Users\alena\Desktop\7_sem\testing_and_debugging\SkiResort\BL.Tests\bin\Debug\net6.0\BL.Tests.dll" adapterTypeName="executor://xunit/VsTestRunner2/netcoreapp" className="BL.Tests.UsersServiceTests" name="TestRegisterUserWithNoPassword" />
    </UnitTest>
    <UnitTest name="BL.Tests.UsersServiceTests.TestAdminGetUserByIDAsync" storage="c:\users\alena\desktop\7_sem\testing_and_debugging\skiresort\bl.tests\bin\debug\net6.0\bl.tests.dll" id="e5497347-2721-b7a6-0bd4-69a9921f6947">
      <Execution id="cb8d99f9-f2e1-4ff0-95e6-12bf48ff7840" />
      <TestMethod codeBase="C:\Users\alena\Desktop\7_sem\testing_and_debugging\SkiResort\BL.Tests\bin\Debug\net6.0\BL.Tests.dll" adapterTypeName="executor://xunit/VsTestRunner2/netcoreapp" className="BL.Tests.UsersServiceTests" name="TestAdminGetUserByIDAsync" />
    </UnitTest>
    <UnitTest name="BL.Tests.LiftsServiceTest.TestAdminAddAutoIncrementLiftAsync(userID: 236, lift: Lift { LiftID = 34, LiftName = liftNamedac16770-b91d-4974-9b26-b9752ffc438a, IsOpen = True, SeatsAmount = 44, LiftingTime = 40, QueueTime = 250, ConnectedSlopes =  }, checkPermissionServiceMock: Mock&lt;ICheckPermissionService:5&gt;, liftsRepositoryStub: Mock&lt;ILiftsRepository:5&gt;, sut: LiftsService { })" storage="c:\users\alena\desktop\7_sem\testing_and_debugging\skiresort\bl.tests\bin\debug\net6.0\bl.tests.dll" id="25a97442-18ae-4673-3f73-7a8705b8ae04">
      <Execution id="55f52d96-ae1a-479e-99c4-7be9830132e9" />
      <TestMethod codeBase="C:\Users\alena\Desktop\7_sem\testing_and_debugging\SkiResort\BL.Tests\bin\Debug\net6.0\BL.Tests.dll" adapterTypeName="executor://xunit/VsTestRunner2/netcoreapp" className="BL.Tests.LiftsServiceTest" name="TestAdminAddAutoIncrementLiftAsync" />
    </UnitTest>
    <UnitTest name="BL.Tests.LiftsSlopesServiceTests.TestAdminAddAutoIncrementLiftSlopeAsync(lift: Lift { LiftID = 243, LiftName = liftNamebf0d4e35-be61-4b14-b27e-59d09a1c9bd8, IsOpen = True, SeatsAmount = 130, LiftingTime = 210, QueueTime = 118, ConnectedSlopes =  }, slope: Slope { SlopeID = 116, SlopeName = slopeNameea231758-e73c-47cd-b5a9-8ae3a22bdac7, IsOpen = False, DifficultyLevel = 96, ConnectedLifts =  }, slopesRepositoryStub: Mock&lt;ISlopesRepository:3&gt;..." storage="c:\users\alena\desktop\7_sem\testing_and_debugging\skiresort\bl.tests\bin\debug\net6.0\bl.tests.dll" id="13cd2567-49be-a1e1-5dc6-75cbb0a245c0">
      <Execution id="30be7b00-6d43-4046-b3fa-3f9733d58463" />
      <TestMethod codeBase="C:\Users\alena\Desktop\7_sem\testing_and_debugging\SkiResort\BL.Tests\bin\Debug\net6.0\BL.Tests.dll" adapterTypeName="executor://xunit/VsTestRunner2/netcoreapp" className="BL.Tests.LiftsSlopesServiceTests" name="TestAdminAddAutoIncrementLiftSlopeAsync" />
    </UnitTest>
    <UnitTest name="BL.Tests.TurnstilesServiceTest.TestAdminDeleteTurnstileAsync(userID: 111, turnstile: Turnstile { TurnstileID = 41, LiftID = 108, IsOpen = True }, checkPermissionServiceMock: Mock&lt;ICheckPermissionService:15&gt;, turnstilesRepositoryStub: Mock&lt;ITurnstilesRepository:9&gt;, sut: TurnstilesService { })" storage="c:\users\alena\desktop\7_sem\testing_and_debugging\skiresort\bl.tests\bin\debug\net6.0\bl.tests.dll" id="3b54cabd-5349-2b0c-1073-e81726c278b4">
      <Execution id="7ccfb019-fbe0-4fb2-bc88-4574eb059c82" />
      <TestMethod codeBase="C:\Users\alena\Desktop\7_sem\testing_and_debugging\SkiResort\BL.Tests\bin\Debug\net6.0\BL.Tests.dll" adapterTypeName="executor://xunit/VsTestRunner2/netcoreapp" className="BL.Tests.TurnstilesServiceTest" name="TestAdminDeleteTurnstileAsync" />
    </UnitTest>
    <UnitTest name="BL.Tests.UsersServiceTests.TestAdminAddAutoIncrementUser" storage="c:\users\alena\desktop\7_sem\testing_and_debugging\skiresort\bl.tests\bin\debug\net6.0\bl.tests.dll" id="834c739b-eca4-b36d-6a66-5a1bd75377b8">
      <Execution id="0cc267a9-59f7-4323-9d7b-f61a1c0c68db" />
      <TestMethod codeBase="C:\Users\alena\Desktop\7_sem\testing_and_debugging\SkiResort\BL.Tests\bin\Debug\net6.0\BL.Tests.dll" adapterTypeName="executor://xunit/VsTestRunner2/netcoreapp" className="BL.Tests.UsersServiceTests" name="TestAdminAddAutoIncrementUser" />
    </UnitTest>
    <UnitTest name="BL.Tests.CheckPermissionsServiceTests.UnauthorizedHasNoAccessToAdminSkiPatrolFunctions(functionName: &quot;GetLiftsSlopesInfoAsync&quot;)" storage="c:\users\alena\desktop\7_sem\testing_and_debugging\skiresort\bl.tests\bin\debug\net6.0\bl.tests.dll" id="387c9729-48c1-486e-5e67-f5d11a9f0db8">
      <Execution id="f599ff08-1692-4c58-bea1-f8f2a726aebf" />
      <TestMethod codeBase="C:\Users\alena\Desktop\7_sem\testing_and_debugging\SkiResort\BL.Tests\bin\Debug\net6.0\BL.Tests.dll" adapterTypeName="executor://xunit/VsTestRunner2/netcoreapp" className="BL.Tests.CheckPermissionsServiceTests" name="UnauthorizedHasNoAccessToAdminSkiPatrolFunctions" />
    </UnitTest>
    <UnitTest name="BL.Tests.CheckPermissionsServiceTests.SkiPatrolHasAccessToAdminSkiPatrolFunctions(functionName: &quot;MarkMessageReadByUserAsync&quot;)" storage="c:\users\alena\desktop\7_sem\testing_and_debugging\skiresort\bl.tests\bin\debug\net6.0\bl.tests.dll" id="60bd668f-04df-da5e-b79b-5d9aedb5234d">
      <Execution id="ad55d05f-b203-4558-b721-49925aad4f14" />
      <TestMethod codeBase="C:\Users\alena\Desktop\7_sem\testing_and_debugging\SkiResort\BL.Tests\bin\Debug\net6.0\BL.Tests.dll" adapterTypeName="executor://xunit/VsTestRunner2/netcoreapp" className="BL.Tests.CheckPermissionsServiceTests" name="SkiPatrolHasAccessToAdminSkiPatrolFunctions" />
    </UnitTest>
    <UnitTest name="BL.Tests.CheckPermissionsServiceTests.UnauthorizedHasNoAccessToAdminFunctions" storage="c:\users\alena\desktop\7_sem\testing_and_debugging\skiresort\bl.tests\bin\debug\net6.0\bl.tests.dll" id="e2d7e5be-3dae-33ae-fb17-c704b6fd58d6">
      <Execution id="fd2d5aff-564e-4aba-a929-8ba397f97373" />
      <TestMethod codeBase="C:\Users\alena\Desktop\7_sem\testing_and_debugging\SkiResort\BL.Tests\bin\Debug\net6.0\BL.Tests.dll" adapterTypeName="executor://xunit/VsTestRunner2/netcoreapp" className="BL.Tests.CheckPermissionsServiceTests" name="UnauthorizedHasNoAccessToAdminFunctions" />
    </UnitTest>
    <UnitTest name="BL.Tests.CheckPermissionsServiceTests.SkiPatrolHasAccessToAdminSkiPatrolFunctions(functionName: &quot;GetLiftsSlopesInfoAsync&quot;)" storage="c:\users\alena\desktop\7_sem\testing_and_debugging\skiresort\bl.tests\bin\debug\net6.0\bl.tests.dll" id="2d706594-f2b3-b3c8-21d4-86c9798c3306">
      <Execution id="c2cedb09-95fb-4926-9cbc-5f957eec76ac" />
      <TestMethod codeBase="C:\Users\alena\Desktop\7_sem\testing_and_debugging\SkiResort\BL.Tests\bin\Debug\net6.0\BL.Tests.dll" adapterTypeName="executor://xunit/VsTestRunner2/netcoreapp" className="BL.Tests.CheckPermissionsServiceTests" name="SkiPatrolHasAccessToAdminSkiPatrolFunctions" />
    </UnitTest>
    <UnitTest name="BL.Tests.UsersServiceTests.TestLogInWithWrongPassword" storage="c:\users\alena\desktop\7_sem\testing_and_debugging\skiresort\bl.tests\bin\debug\net6.0\bl.tests.dll" id="69340bb6-3645-f9dd-971e-29d8b2a009bb">
      <Execution id="10a6b217-1e16-4dac-948e-3d79863f9f54" />
      <TestMethod codeBase="C:\Users\alena\Desktop\7_sem\testing_and_debugging\SkiResort\BL.Tests\bin\Debug\net6.0\BL.Tests.dll" adapterTypeName="executor://xunit/VsTestRunner2/netcoreapp" className="BL.Tests.UsersServiceTests" name="TestLogInWithWrongPassword" />
    </UnitTest>
    <UnitTest name="BL.Tests.CheckPermissionsServiceTests.SkiPatrolHasNoAccessToAdminFunctions" storage="c:\users\alena\desktop\7_sem\testing_and_debugging\skiresort\bl.tests\bin\debug\net6.0\bl.tests.dll" id="492c0393-35b4-df26-a537-21ca08302f3c">
      <Execution id="2566bb03-6975-488a-95c4-5d8675f11b97" />
      <TestMethod codeBase="C:\Users\alena\Desktop\7_sem\testing_and_debugging\SkiResort\BL.Tests\bin\Debug\net6.0\BL.Tests.dll" adapterTypeName="executor://xunit/VsTestRunner2/netcoreapp" className="BL.Tests.CheckPermissionsServiceTests" name="SkiPatrolHasNoAccessToAdminFunctions" />
    </UnitTest>
    <UnitTest name="BL.Tests.UsersServiceTests.TestAdminDeleteUser" storage="c:\users\alena\desktop\7_sem\testing_and_debugging\skiresort\bl.tests\bin\debug\net6.0\bl.tests.dll" id="18fa8c62-e27d-e1fc-8182-4d7db62b008d">
      <Execution id="c5b43034-c134-4925-8ed0-10c8b8bccafb" />
      <TestMethod codeBase="C:\Users\alena\Desktop\7_sem\testing_and_debugging\SkiResort\BL.Tests\bin\Debug\net6.0\BL.Tests.dll" adapterTypeName="executor://xunit/VsTestRunner2/netcoreapp" className="BL.Tests.UsersServiceTests" name="TestAdminDeleteUser" />
    </UnitTest>
    <UnitTest name="BL.Tests.SlopesServiceTest.TestAdminDeleteSlopeAsync(userID: 152, slope: Slope { SlopeID = 60, SlopeName = slopeName2088e8d5-27c6-412e-8fe5-89cf9e2feeec, IsOpen = True, DifficultyLevel = 81, ConnectedLifts =  }, checkPermissionServiceMock: Mock&lt;ICheckPermissionService:9&gt;, slopesRepositoryStub: Mock&lt;ISlopesRepository:7&gt;, liftsSlopesRepositoryStub: Mock&lt;ILiftsSlopesRepository:12&gt;, sut: SlopesService { })" storage="c:\users\alena\desktop\7_sem\testing_and_debugging\skiresort\bl.tests\bin\debug\net6.0\bl.tests.dll" id="bc89f48d-501b-fb2a-0813-d4e408fb73e0">
      <Execution id="fef49e80-1bec-4bf7-835f-6b8943806fc2" />
      <TestMethod codeBase="C:\Users\alena\Desktop\7_sem\testing_and_debugging\SkiResort\BL.Tests\bin\Debug\net6.0\BL.Tests.dll" adapterTypeName="executor://xunit/VsTestRunner2/netcoreapp" className="BL.Tests.SlopesServiceTest" name="TestAdminDeleteSlopeAsync" />
    </UnitTest>
    <UnitTest name="BL.Tests.CheckPermissionsServiceTests.AuthorizedHasAccessToAuthorizedFunctions(functionName: &quot;LogOutAsync&quot;)" storage="c:\users\alena\desktop\7_sem\testing_and_debugging\skiresort\bl.tests\bin\debug\net6.0\bl.tests.dll" id="aa28a6b3-21d3-aa45-24d3-bef2facbc899">
      <Execution id="f1fc825a-7c19-414f-8f38-ec0010936855" />
      <TestMethod codeBase="C:\Users\alena\Desktop\7_sem\testing_and_debugging\SkiResort\BL.Tests\bin\Debug\net6.0\BL.Tests.dll" adapterTypeName="executor://xunit/VsTestRunner2/netcoreapp" className="BL.Tests.CheckPermissionsServiceTests" name="AuthorizedHasAccessToAuthorizedFunctions" />
    </UnitTest>
    <UnitTest name="BL.Tests.UsersServiceTests.TestAdminUpdateUser" storage="c:\users\alena\desktop\7_sem\testing_and_debugging\skiresort\bl.tests\bin\debug\net6.0\bl.tests.dll" id="06d0bc3a-24a0-fb7f-4277-e9ae6d21c7dd">
      <Execution id="c198f9d8-11a3-4dea-959a-dc2054ab8387" />
      <TestMethod codeBase="C:\Users\alena\Desktop\7_sem\testing_and_debugging\SkiResort\BL.Tests\bin\Debug\net6.0\BL.Tests.dll" adapterTypeName="executor://xunit/VsTestRunner2/netcoreapp" className="BL.Tests.UsersServiceTests" name="TestAdminUpdateUser" />
    </UnitTest>
    <UnitTest name="BL.Tests.UsersServiceTests.TestLogInOk" storage="c:\users\alena\desktop\7_sem\testing_and_debugging\skiresort\bl.tests\bin\debug\net6.0\bl.tests.dll" id="1ca07ad8-f799-c5d4-e7cc-34fd950198a2">
      <Execution id="86a6fd50-6cbc-44c6-a150-3dc722d75331" />
      <TestMethod codeBase="C:\Users\alena\Desktop\7_sem\testing_and_debugging\SkiResort\BL.Tests\bin\Debug\net6.0\BL.Tests.dll" adapterTypeName="executor://xunit/VsTestRunner2/netcoreapp" className="BL.Tests.UsersServiceTests" name="TestLogInOk" />
    </UnitTest>
    <UnitTest name="BL.Tests.UsersServiceTests.TestAdminGetUsers" storage="c:\users\alena\desktop\7_sem\testing_and_debugging\skiresort\bl.tests\bin\debug\net6.0\bl.tests.dll" id="20ad8570-0170-85de-dcd7-2f109dd7bcd6">
      <Execution id="f0463630-82d9-49fe-ba17-b115ae390131" />
      <TestMethod codeBase="C:\Users\alena\Desktop\7_sem\testing_and_debugging\SkiResort\BL.Tests\bin\Debug\net6.0\BL.Tests.dll" adapterTypeName="executor://xunit/VsTestRunner2/netcoreapp" className="BL.Tests.UsersServiceTests" name="TestAdminGetUsers" />
    </UnitTest>
    <UnitTest name="BL.Tests.CheckPermissionsServiceTests.UnauthorizedHasNoAccessToAdminSkiPatrolFunctions(functionName: &quot;GetMessagesAsync&quot;)" storage="c:\users\alena\desktop\7_sem\testing_and_debugging\skiresort\bl.tests\bin\debug\net6.0\bl.tests.dll" id="229812f5-9a73-5335-11f5-31330d1348a5">
      <Execution id="a22b64de-0a5c-4685-bdf7-80d68a29e701" />
      <TestMethod codeBase="C:\Users\alena\Desktop\7_sem\testing_and_debugging\SkiResort\BL.Tests\bin\Debug\net6.0\BL.Tests.dll" adapterTypeName="executor://xunit/VsTestRunner2/netcoreapp" className="BL.Tests.CheckPermissionsServiceTests" name="UnauthorizedHasNoAccessToAdminSkiPatrolFunctions" />
    </UnitTest>
    <UnitTest name="BL.Tests.TurnstilesServiceTest.TestAdminGetTurnstilesAsync(userID: 36, initialTurnstiles: [Turnstile { TurnstileID = 87, LiftID = 171, IsOpen = True }, Turnstile { TurnstileID = 107, LiftID = 205, IsOpen = False }, Turnstile { TurnstileID = 254, LiftID = 92, IsOpen = True }], checkPermissionServiceMock: Mock&lt;ICheckPermissionService:13&gt;, turnstilesRepositoryStub: Mock&lt;ITurnstilesRepository:7&gt;, sut: TurnstilesService { })" storage="c:\users\alena\desktop\7_sem\testing_and_debugging\skiresort\bl.tests\bin\debug\net6.0\bl.tests.dll" id="893d977c-64c1-87d3-9493-1eb4213040e0">
      <Execution id="4fe185f9-9330-439d-9884-0cc4e2c75e79" />
      <TestMethod codeBase="C:\Users\alena\Desktop\7_sem\testing_and_debugging\SkiResort\BL.Tests\bin\Debug\net6.0\BL.Tests.dll" adapterTypeName="executor://xunit/VsTestRunner2/netcoreapp" className="BL.Tests.TurnstilesServiceTest" name="TestAdminGetTurnstilesAsync" />
    </UnitTest>
    <UnitTest name="BL.Tests.LiftsServiceTest.TestGetLiftsInfoAsync(userID: 91, initialLifts: [Lift { LiftID = 144, LiftName = liftName79670b2a-b9db-4ab3-ac70-ce3c9e35605d, IsOpen = True, SeatsAmount = 52, LiftingTime = 45, QueueTime = 193, ConnectedSlopes =  }, Lift { LiftID = 182, LiftName = liftName750783cb-c9df-4cc1-8127-52d032617647, IsOpen = False, SeatsAmount = 179, LiftingTime = 168, QueueTime = 60, ConnectedSlopes =  }, Lift { LiftID = 145, LiftName =..." storage="c:\users\alena\desktop\7_sem\testing_and_debugging\skiresort\bl.tests\bin\debug\net6.0\bl.tests.dll" id="2dd1b634-934d-7382-46c5-551bd5d2f509">
      <Execution id="8618e131-fb44-4f18-bacc-ac6e30e270ae" />
      <TestMethod codeBase="C:\Users\alena\Desktop\7_sem\testing_and_debugging\SkiResort\BL.Tests\bin\Debug\net6.0\BL.Tests.dll" adapterTypeName="executor://xunit/VsTestRunner2/netcoreapp" className="BL.Tests.LiftsServiceTest" name="TestGetLiftsInfoAsync" />
    </UnitTest>
    <UnitTest name="BL.Tests.LiftsSlopesServiceTests.TestGetLiftsSlopesInfoAsync(liftsSlopes: [LiftSlope { RecordID = 51, LiftID = 167, SlopeID = 76 }, LiftSlope { RecordID = 59, LiftID = 30, SlopeID = 122 }, LiftSlope { RecordID = 152, LiftID = 5, SlopeID = 171 }], slopesRepositoryStub: Mock&lt;ISlopesRepository:1&gt;, liftsRepositoryStub: Mock&lt;ILiftsRepository:6&gt;, liftsSlopesRepositoryStub: Mock&lt;ILiftsSlopesRepository:6&gt;)" storage="c:\users\alena\desktop\7_sem\testing_and_debugging\skiresort\bl.tests\bin\debug\net6.0\bl.tests.dll" id="39be9b5e-0bc4-57dc-37d3-aec6b520299d">
      <Execution id="e1719ae4-05cc-4517-8da7-b7bb1f741b7b" />
      <TestMethod codeBase="C:\Users\alena\Desktop\7_sem\testing_and_debugging\SkiResort\BL.Tests\bin\Debug\net6.0\BL.Tests.dll" adapterTypeName="executor://xunit/VsTestRunner2/netcoreapp" className="BL.Tests.LiftsSlopesServiceTests" name="TestGetLiftsSlopesInfoAsync" />
    </UnitTest>
    <UnitTest name="BL.Tests.TurnstilesServiceTest.TestAdminGetTurnstileAsync(userID: 155, turnstile: Turnstile { TurnstileID = 35, LiftID = 60, IsOpen = True }, checkPermissionServiceMock: Mock&lt;ICheckPermissionService:12&gt;, turnstilesRepositoryStub: Mock&lt;ITurnstilesRepository:6&gt;, sut: TurnstilesService { })" storage="c:\users\alena\desktop\7_sem\testing_and_debugging\skiresort\bl.tests\bin\debug\net6.0\bl.tests.dll" id="e0c1703f-78fd-a959-8495-8f24dc17ea13">
      <Execution id="b4e9330c-f9b5-4966-b4bf-8b6ad235b5d6" />
      <TestMethod codeBase="C:\Users\alena\Desktop\7_sem\testing_and_debugging\SkiResort\BL.Tests\bin\Debug\net6.0\BL.Tests.dll" adapterTypeName="executor://xunit/VsTestRunner2/netcoreapp" className="BL.Tests.TurnstilesServiceTest" name="TestAdminGetTurnstileAsync" />
    </UnitTest>
    <UnitTest name="BL.Tests.TurnstilesServiceTest.TestAdminUpdateTurnstileAsync(userID: 60, turnstile: Turnstile { TurnstileID = 79, LiftID = 117, IsOpen = True }, checkPermissionServiceMock: Mock&lt;ICheckPermissionService:14&gt;, turnstilesRepositoryStub: Mock&lt;ITurnstilesRepository:8&gt;, sut: TurnstilesService { })" storage="c:\users\alena\desktop\7_sem\testing_and_debugging\skiresort\bl.tests\bin\debug\net6.0\bl.tests.dll" id="52580ac4-64a5-ddcc-8d23-f1c0a31090cb">
      <Execution id="b19390bd-17c0-4434-86f0-1513dd4ff7bd" />
      <TestMethod codeBase="C:\Users\alena\Desktop\7_sem\testing_and_debugging\SkiResort\BL.Tests\bin\Debug\net6.0\BL.Tests.dll" adapterTypeName="executor://xunit/VsTestRunner2/netcoreapp" className="BL.Tests.TurnstilesServiceTest" name="TestAdminUpdateTurnstileAsync" />
    </UnitTest>
    <UnitTest name="BL.Tests.LiftsServiceTest.TestGetLiftInfoAsync(userID: 143, lift: Lift { LiftID = 90, LiftName = liftNamed65f3272-1d12-4869-8c24-8a2c3582cffe, IsOpen = True, SeatsAmount = 120, LiftingTime = 34, QueueTime = 50, ConnectedSlopes =  }, checkPermissionServiceMock: Mock&lt;ICheckPermissionService:1&gt;, liftsRepositoryStub: Mock&lt;ILiftsRepository:1&gt;, liftsSlopesRepositoryStub: Mock&lt;ILiftsSlopesRepository:1&gt;, sut: LiftsService { })" storage="c:\users\alena\desktop\7_sem\testing_and_debugging\skiresort\bl.tests\bin\debug\net6.0\bl.tests.dll" id="1423eaa2-09a1-aa6a-08fc-53a2c4663378">
      <Execution id="c26e50a8-2527-4f2e-ab5a-ddd267c29a03" />
      <TestMethod codeBase="C:\Users\alena\Desktop\7_sem\testing_and_debugging\SkiResort\BL.Tests\bin\Debug\net6.0\BL.Tests.dll" adapterTypeName="executor://xunit/VsTestRunner2/netcoreapp" className="BL.Tests.LiftsServiceTest" name="TestGetLiftInfoAsync" />
    </UnitTest>
    <UnitTest name="BL.Tests.CheckPermissionsServiceTests.AuthorizedHasNoAccessToAdminSkiPatrolFunctions(functionName: &quot;GetLiftsSlopesInfoAsync&quot;)" storage="c:\users\alena\desktop\7_sem\testing_and_debugging\skiresort\bl.tests\bin\debug\net6.0\bl.tests.dll" id="4f297306-d4f3-8d63-e7f4-1ac0b8c58c74">
      <Execution id="6b85d894-3796-4bf1-8598-07a16af95b2b" />
      <TestMethod codeBase="C:\Users\alena\Desktop\7_sem\testing_and_debugging\SkiResort\BL.Tests\bin\Debug\net6.0\BL.Tests.dll" adapterTypeName="executor://xunit/VsTestRunner2/netcoreapp" className="BL.Tests.CheckPermissionsServiceTests" name="AuthorizedHasNoAccessToAdminSkiPatrolFunctions" />
    </UnitTest>
    <UnitTest name="BL.Tests.SlopesServiceTest.TestAdminAddSlopeAsync(userID: 7, slope: Slope { SlopeID = 157, SlopeName = slopeName11ffc693-4ff0-462f-b180-2572a6a2ad49, IsOpen = True, DifficultyLevel = 190, ConnectedLifts =  }, checkPermissionServiceMock: Mock&lt;ICheckPermissionService:11&gt;, slopesRepositoryStub: Mock&lt;ISlopesRepository:9&gt;, sut: SlopesService { })" storage="c:\users\alena\desktop\7_sem\testing_and_debugging\skiresort\bl.tests\bin\debug\net6.0\bl.tests.dll" id="7db5c7e0-404a-6feb-e1ca-63f041220a9b">
      <Execution id="447e1544-c133-413d-a866-f71d3135e00c" />
      <TestMethod codeBase="C:\Users\alena\Desktop\7_sem\testing_and_debugging\SkiResort\BL.Tests\bin\Debug\net6.0\BL.Tests.dll" adapterTypeName="executor://xunit/VsTestRunner2/netcoreapp" className="BL.Tests.SlopesServiceTest" name="TestAdminAddSlopeAsync" />
    </UnitTest>
    <UnitTest name="BL.Tests.SlopesServiceTest.TestAdminAddAutoIncrementSlopeAsync(userID: 251, slope: Slope { SlopeID = 144, SlopeName = slopeName7b282505-83c7-41d2-bde6-f11555e502af, IsOpen = True, DifficultyLevel = 212, ConnectedLifts =  }, checkPermissionServiceMock: Mock&lt;ICheckPermissionService:10&gt;, slopesRepositoryStub: Mock&lt;ISlopesRepository:8&gt;, sut: SlopesService { })" storage="c:\users\alena\desktop\7_sem\testing_and_debugging\skiresort\bl.tests\bin\debug\net6.0\bl.tests.dll" id="fe0ebf24-91dd-9d29-5491-2eccdc009951">
      <Execution id="bc353bae-5b82-4c8e-b48c-3b729de5cd80" />
      <TestMethod codeBase="C:\Users\alena\Desktop\7_sem\testing_and_debugging\SkiResort\BL.Tests\bin\Debug\net6.0\BL.Tests.dll" adapterTypeName="executor://xunit/VsTestRunner2/netcoreapp" className="BL.Tests.SlopesServiceTest" name="TestAdminAddAutoIncrementSlopeAsync" />
    </UnitTest>
    <UnitTest name="BL.Tests.UsersServiceTests.TestRegisterOk" storage="c:\users\alena\desktop\7_sem\testing_and_debugging\skiresort\bl.tests\bin\debug\net6.0\bl.tests.dll" id="0eeef75f-6e38-7893-a8fe-cff3e0a970a7">
      <Execution id="8b40dd77-6f0a-4bf0-84f9-4dc1c66e5f5d" />
      <TestMethod codeBase="C:\Users\alena\Desktop\7_sem\testing_and_debugging\SkiResort\BL.Tests\bin\Debug\net6.0\BL.Tests.dll" adapterTypeName="executor://xunit/VsTestRunner2/netcoreapp" className="BL.Tests.UsersServiceTests" name="TestRegisterOk" />
    </UnitTest>
    <UnitTest name="BL.Tests.LiftsSlopesServiceTests.TestAdminDeleteLiftSlopeAsync(lift: Lift { LiftID = 43, LiftName = liftName7adb46bf-b88f-4239-b4f3-706c6bb68d85, IsOpen = True, SeatsAmount = 170, LiftingTime = 101, QueueTime = 107, ConnectedSlopes =  }, slope: Slope { SlopeID = 15, SlopeName = slopeName439055f4-b6d0-49bc-a602-bcbc6e0b973d, IsOpen = False, DifficultyLevel = 246, ConnectedLifts =  }, slopesRepositoryStub: Mock&lt;ISlopesRepository:2&gt;, liftsRepo..." storage="c:\users\alena\desktop\7_sem\testing_and_debugging\skiresort\bl.tests\bin\debug\net6.0\bl.tests.dll" id="3c5422a2-b931-c340-3bfa-db9682be101c">
      <Execution id="1a87b60b-8aac-45a3-9c88-ef7e34798b26" />
      <TestMethod codeBase="C:\Users\alena\Desktop\7_sem\testing_and_debugging\SkiResort\BL.Tests\bin\Debug\net6.0\BL.Tests.dll" adapterTypeName="executor://xunit/VsTestRunner2/netcoreapp" className="BL.Tests.LiftsSlopesServiceTests" name="TestAdminDeleteLiftSlopeAsync" />
    </UnitTest>
    <UnitTest name="BL.Tests.CheckPermissionsServiceTests.AuthorizedHasAccessToAuthorizedFunctions(functionName: &quot;SendMessageAsync&quot;)" storage="c:\users\alena\desktop\7_sem\testing_and_debugging\skiresort\bl.tests\bin\debug\net6.0\bl.tests.dll" id="644ec43e-70cd-c82d-42e7-0d990be1414d">
      <Execution id="6cb7bf80-2d8d-45c4-8515-b1cc60b85dc6" />
      <TestMethod codeBase="C:\Users\alena\Desktop\7_sem\testing_and_debugging\SkiResort\BL.Tests\bin\Debug\net6.0\BL.Tests.dll" adapterTypeName="executor://xunit/VsTestRunner2/netcoreapp" className="BL.Tests.CheckPermissionsServiceTests" name="AuthorizedHasAccessToAuthorizedFunctions" />
    </UnitTest>
    <UnitTest name="BL.Tests.CheckPermissionsServiceTests.UnauthorizedHasNoAccessToAuthorizedFunctions(functionName: &quot;LogOutAsync&quot;)" storage="c:\users\alena\desktop\7_sem\testing_and_debugging\skiresort\bl.tests\bin\debug\net6.0\bl.tests.dll" id="fa960c5e-f989-2880-784e-8efe538c5231">
      <Execution id="128a78ce-e929-47f2-868b-f015447dc35c" />
      <TestMethod codeBase="C:\Users\alena\Desktop\7_sem\testing_and_debugging\SkiResort\BL.Tests\bin\Debug\net6.0\BL.Tests.dll" adapterTypeName="executor://xunit/VsTestRunner2/netcoreapp" className="BL.Tests.CheckPermissionsServiceTests" name="UnauthorizedHasNoAccessToAuthorizedFunctions" />
    </UnitTest>
    <UnitTest name="BL.Tests.CheckPermissionsServiceTests.UnauthorizedHasNoAccessToAuthorizedFunctions(functionName: &quot;SendMessageAsync&quot;)" storage="c:\users\alena\desktop\7_sem\testing_and_debugging\skiresort\bl.tests\bin\debug\net6.0\bl.tests.dll" id="eaabd2fc-2f4b-5689-59c8-c7ad34a8f634">
      <Execution id="bfdaacca-0467-45b5-add6-394a3c87af65" />
      <TestMethod codeBase="C:\Users\alena\Desktop\7_sem\testing_and_debugging\SkiResort\BL.Tests\bin\Debug\net6.0\BL.Tests.dll" adapterTypeName="executor://xunit/VsTestRunner2/netcoreapp" className="BL.Tests.CheckPermissionsServiceTests" name="UnauthorizedHasNoAccessToAuthorizedFunctions" />
    </UnitTest>
    <UnitTest name="BL.Tests.UsersServiceTests.TestRegisterUserWithRepeatedEmail" storage="c:\users\alena\desktop\7_sem\testing_and_debugging\skiresort\bl.tests\bin\debug\net6.0\bl.tests.dll" id="894941c1-bfa7-d8f9-c047-1e1ceefe2c2f">
      <Execution id="8e682163-6394-45e5-9b79-b9fac28e856c" />
      <TestMethod codeBase="C:\Users\alena\Desktop\7_sem\testing_and_debugging\SkiResort\BL.Tests\bin\Debug\net6.0\BL.Tests.dll" adapterTypeName="executor://xunit/VsTestRunner2/netcoreapp" className="BL.Tests.UsersServiceTests" name="TestRegisterUserWithRepeatedEmail" />
    </UnitTest>
    <UnitTest name="BL.Tests.SlopesServiceTest.TestGetSlopeInfoAsync(userID: 5, slope: Slope { SlopeID = 32, SlopeName = slopeName812a3682-20c8-454c-a51f-156035f6c373, IsOpen = True, DifficultyLevel = 183, ConnectedLifts =  }, checkPermissionServiceMock: Mock&lt;ICheckPermissionService:6&gt;, slopesRepositoryStub: Mock&lt;ISlopesRepository:4&gt;, liftsSlopesRepositoryStub: Mock&lt;ILiftsSlopesRepository:9&gt;, sut: SlopesService { })" storage="c:\users\alena\desktop\7_sem\testing_and_debugging\skiresort\bl.tests\bin\debug\net6.0\bl.tests.dll" id="99e71917-19e6-ddd0-cab0-712f7a08f77e">
      <Execution id="59164f40-d5bf-4bf7-82ab-c45614fc890d" />
      <TestMethod codeBase="C:\Users\alena\Desktop\7_sem\testing_and_debugging\SkiResort\BL.Tests\bin\Debug\net6.0\BL.Tests.dll" adapterTypeName="executor://xunit/VsTestRunner2/netcoreapp" className="BL.Tests.SlopesServiceTest" name="TestGetSlopeInfoAsync" />
    </UnitTest>
    <UnitTest name="BL.Tests.LiftsServiceTest.TestAdminDeleteLiftAsync(userID: 127, lift: Lift { LiftID = 188, LiftName = liftName5aadc356-60bd-4464-9bef-52bb7fe1daa3, IsOpen = True, SeatsAmount = 93, LiftingTime = 190, QueueTime = 221, ConnectedSlopes =  }, checkPermissionServiceMock: Mock&lt;ICheckPermissionService:4&gt;, liftsRepositoryStub: Mock&lt;ILiftsRepository:4&gt;, liftsSlopesRepositoryStub: Mock&lt;ILiftsSlopesRepository:4&gt;, sut: LiftsService { })" storage="c:\users\alena\desktop\7_sem\testing_and_debugging\skiresort\bl.tests\bin\debug\net6.0\bl.tests.dll" id="9f1b5386-f5e6-9659-2097-07f0dd10f0da">
      <Execution id="03b4c08f-41ad-4465-a5d1-f4bb7cba45b6" />
      <TestMethod codeBase="C:\Users\alena\Desktop\7_sem\testing_and_debugging\SkiResort\BL.Tests\bin\Debug\net6.0\BL.Tests.dll" adapterTypeName="executor://xunit/VsTestRunner2/netcoreapp" className="BL.Tests.LiftsServiceTest" name="TestAdminDeleteLiftAsync" />
    </UnitTest>
    <UnitTest name="BL.Tests.SlopesServiceTest.TestUpdateSlopeInfoAsync(userID: 32, slope: Slope { SlopeID = 215, SlopeName = slopeNamea62936c5-e92f-4c06-9189-dda55f0a0c40, IsOpen = True, DifficultyLevel = 22, ConnectedLifts =  }, checkPermissionServiceMock: Mock&lt;ICheckPermissionService:8&gt;, slopesRepositoryStub: Mock&lt;ISlopesRepository:6&gt;, sut: SlopesService { })" storage="c:\users\alena\desktop\7_sem\testing_and_debugging\skiresort\bl.tests\bin\debug\net6.0\bl.tests.dll" id="67de3820-9e58-de78-0986-e629d70e7501">
      <Execution id="efcbab37-dca5-4c43-a23d-95ffe62e2c28" />
      <TestMethod codeBase="C:\Users\alena\Desktop\7_sem\testing_and_debugging\SkiResort\BL.Tests\bin\Debug\net6.0\BL.Tests.dll" adapterTypeName="executor://xunit/VsTestRunner2/netcoreapp" className="BL.Tests.SlopesServiceTest" name="TestUpdateSlopeInfoAsync" />
    </UnitTest>
    <UnitTest name="BL.Tests.UsersServiceTests.TestRegisterUserWithNoEmail" storage="c:\users\alena\desktop\7_sem\testing_and_debugging\skiresort\bl.tests\bin\debug\net6.0\bl.tests.dll" id="8184bd30-991c-b78d-b4ec-99a485eac0dd">
      <Execution id="381c1c40-d0e3-45ce-8c6c-fa3ae8c20bd2" />
      <TestMethod codeBase="C:\Users\alena\Desktop\7_sem\testing_and_debugging\SkiResort\BL.Tests\bin\Debug\net6.0\BL.Tests.dll" adapterTypeName="executor://xunit/VsTestRunner2/netcoreapp" className="BL.Tests.UsersServiceTests" name="TestRegisterUserWithNoEmail" />
    </UnitTest>
  </TestDefinitions>
  <TestEntries>
    <TestEntry testId="e2d7e5be-3dae-33ae-fb17-c704b6fd58d6" executionId="fd2d5aff-564e-4aba-a929-8ba397f97373" testListId="8c84fa94-04c1-424b-9868-57a2d4851a1d" />
    <TestEntry testId="99e71917-19e6-ddd0-cab0-712f7a08f77e" executionId="59164f40-d5bf-4bf7-82ab-c45614fc890d" testListId="8c84fa94-04c1-424b-9868-57a2d4851a1d" />
    <TestEntry testId="25a97442-18ae-4673-3f73-7a8705b8ae04" executionId="55f52d96-ae1a-479e-99c4-7be9830132e9" testListId="8c84fa94-04c1-424b-9868-57a2d4851a1d" />
    <TestEntry testId="9d5ec004-a70f-341e-0737-619cb1338fa0" executionId="dbb12a3b-9abe-4e67-8849-bb0b3e2033c1" testListId="8c84fa94-04c1-424b-9868-57a2d4851a1d" />
    <TestEntry testId="f3efc418-a8a6-c7b7-9bac-90b33aa8472f" executionId="6bedceed-70f7-4a97-91be-e9e095c64c7a" testListId="8c84fa94-04c1-424b-9868-57a2d4851a1d" />
    <TestEntry testId="aa28a6b3-21d3-aa45-24d3-bef2facbc899" executionId="f1fc825a-7c19-414f-8f38-ec0010936855" testListId="8c84fa94-04c1-424b-9868-57a2d4851a1d" />
    <TestEntry testId="894941c1-bfa7-d8f9-c047-1e1ceefe2c2f" executionId="8e682163-6394-45e5-9b79-b9fac28e856c" testListId="8c84fa94-04c1-424b-9868-57a2d4851a1d" />
    <TestEntry testId="20ad8570-0170-85de-dcd7-2f109dd7bcd6" executionId="f0463630-82d9-49fe-ba17-b115ae390131" testListId="8c84fa94-04c1-424b-9868-57a2d4851a1d" />
    <TestEntry testId="893d977c-64c1-87d3-9493-1eb4213040e0" executionId="4fe185f9-9330-439d-9884-0cc4e2c75e79" testListId="8c84fa94-04c1-424b-9868-57a2d4851a1d" />
    <TestEntry testId="39be9b5e-0bc4-57dc-37d3-aec6b520299d" executionId="e1719ae4-05cc-4517-8da7-b7bb1f741b7b" testListId="8c84fa94-04c1-424b-9868-57a2d4851a1d" />
    <TestEntry testId="fa960c5e-f989-2880-784e-8efe538c5231" executionId="128a78ce-e929-47f2-868b-f015447dc35c" testListId="8c84fa94-04c1-424b-9868-57a2d4851a1d" />
    <TestEntry testId="492c0393-35b4-df26-a537-21ca08302f3c" executionId="2566bb03-6975-488a-95c4-5d8675f11b97" testListId="8c84fa94-04c1-424b-9868-57a2d4851a1d" />
    <TestEntry testId="2dd1b634-934d-7382-46c5-551bd5d2f509" executionId="8618e131-fb44-4f18-bacc-ac6e30e270ae" testListId="8c84fa94-04c1-424b-9868-57a2d4851a1d" />
    <TestEntry testId="f44a1b21-8efc-bfac-63b4-d534442def31" executionId="674b2c05-9839-4337-984d-591c6b40d272" testListId="8c84fa94-04c1-424b-9868-57a2d4851a1d" />
    <TestEntry testId="13cd2567-49be-a1e1-5dc6-75cbb0a245c0" executionId="30be7b00-6d43-4046-b3fa-3f9733d58463" testListId="8c84fa94-04c1-424b-9868-57a2d4851a1d" />
    <TestEntry testId="a19a5fcf-c5d2-7d44-5d7d-84403042f4e0" executionId="1f7153d3-1088-4e9f-b6ef-25c6af117f7f" testListId="8c84fa94-04c1-424b-9868-57a2d4851a1d" />
    <TestEntry testId="67de3820-9e58-de78-0986-e629d70e7501" executionId="efcbab37-dca5-4c43-a23d-95ffe62e2c28" testListId="8c84fa94-04c1-424b-9868-57a2d4851a1d" />
    <TestEntry testId="7db5c7e0-404a-6feb-e1ca-63f041220a9b" executionId="447e1544-c133-413d-a866-f71d3135e00c" testListId="8c84fa94-04c1-424b-9868-57a2d4851a1d" />
    <TestEntry testId="2d706594-f2b3-b3c8-21d4-86c9798c3306" executionId="c2cedb09-95fb-4926-9cbc-5f957eec76ac" testListId="8c84fa94-04c1-424b-9868-57a2d4851a1d" />
    <TestEntry testId="52580ac4-64a5-ddcc-8d23-f1c0a31090cb" executionId="b19390bd-17c0-4434-86f0-1513dd4ff7bd" testListId="8c84fa94-04c1-424b-9868-57a2d4851a1d" />
    <TestEntry testId="eaabd2fc-2f4b-5689-59c8-c7ad34a8f634" executionId="bfdaacca-0467-45b5-add6-394a3c87af65" testListId="8c84fa94-04c1-424b-9868-57a2d4851a1d" />
    <TestEntry testId="0eeef75f-6e38-7893-a8fe-cff3e0a970a7" executionId="8b40dd77-6f0a-4bf0-84f9-4dc1c66e5f5d" testListId="8c84fa94-04c1-424b-9868-57a2d4851a1d" />
    <TestEntry testId="bc89f48d-501b-fb2a-0813-d4e408fb73e0" executionId="fef49e80-1bec-4bf7-835f-6b8943806fc2" testListId="8c84fa94-04c1-424b-9868-57a2d4851a1d" />
    <TestEntry testId="18fa8c62-e27d-e1fc-8182-4d7db62b008d" executionId="c5b43034-c134-4925-8ed0-10c8b8bccafb" testListId="8c84fa94-04c1-424b-9868-57a2d4851a1d" />
    <TestEntry testId="60bd668f-04df-da5e-b79b-5d9aedb5234d" executionId="ad55d05f-b203-4558-b721-49925aad4f14" testListId="8c84fa94-04c1-424b-9868-57a2d4851a1d" />
    <TestEntry testId="1ca07ad8-f799-c5d4-e7cc-34fd950198a2" executionId="86a6fd50-6cbc-44c6-a150-3dc722d75331" testListId="8c84fa94-04c1-424b-9868-57a2d4851a1d" />
    <TestEntry testId="644ec43e-70cd-c82d-42e7-0d990be1414d" executionId="6cb7bf80-2d8d-45c4-8515-b1cc60b85dc6" testListId="8c84fa94-04c1-424b-9868-57a2d4851a1d" />
    <TestEntry testId="229812f5-9a73-5335-11f5-31330d1348a5" executionId="a22b64de-0a5c-4685-bdf7-80d68a29e701" testListId="8c84fa94-04c1-424b-9868-57a2d4851a1d" />
    <TestEntry testId="8184bd30-991c-b78d-b4ec-99a485eac0dd" executionId="381c1c40-d0e3-45ce-8c6c-fa3ae8c20bd2" testListId="8c84fa94-04c1-424b-9868-57a2d4851a1d" />
    <TestEntry testId="1423eaa2-09a1-aa6a-08fc-53a2c4663378" executionId="c26e50a8-2527-4f2e-ab5a-ddd267c29a03" testListId="8c84fa94-04c1-424b-9868-57a2d4851a1d" />
    <TestEntry testId="834c739b-eca4-b36d-6a66-5a1bd75377b8" executionId="0cc267a9-59f7-4323-9d7b-f61a1c0c68db" testListId="8c84fa94-04c1-424b-9868-57a2d4851a1d" />
    <TestEntry testId="c36970dc-93f7-753e-fa47-157133b01644" executionId="5ff0753e-53e9-4f08-a3d2-a93fbbfdbd05" testListId="8c84fa94-04c1-424b-9868-57a2d4851a1d" />
    <TestEntry testId="3c5422a2-b931-c340-3bfa-db9682be101c" executionId="1a87b60b-8aac-45a3-9c88-ef7e34798b26" testListId="8c84fa94-04c1-424b-9868-57a2d4851a1d" />
    <TestEntry testId="2602613f-c8e2-a6d9-fcf7-5b27d4a770a6" executionId="75cda982-e441-463a-a480-2dfc871e9afb" testListId="8c84fa94-04c1-424b-9868-57a2d4851a1d" />
    <TestEntry testId="387c9729-48c1-486e-5e67-f5d11a9f0db8" executionId="f599ff08-1692-4c58-bea1-f8f2a726aebf" testListId="8c84fa94-04c1-424b-9868-57a2d4851a1d" />
    <TestEntry testId="06d0bc3a-24a0-fb7f-4277-e9ae6d21c7dd" executionId="c198f9d8-11a3-4dea-959a-dc2054ab8387" testListId="8c84fa94-04c1-424b-9868-57a2d4851a1d" />
    <TestEntry testId="a2e59116-cb53-1d70-9cb8-21c286516866" executionId="2c16a353-300d-4970-bbf8-904e17cfd387" testListId="8c84fa94-04c1-424b-9868-57a2d4851a1d" />
    <TestEntry testId="e0c1703f-78fd-a959-8495-8f24dc17ea13" executionId="b4e9330c-f9b5-4966-b4bf-8b6ad235b5d6" testListId="8c84fa94-04c1-424b-9868-57a2d4851a1d" />
    <TestEntry testId="fe0ebf24-91dd-9d29-5491-2eccdc009951" executionId="bc353bae-5b82-4c8e-b48c-3b729de5cd80" testListId="8c84fa94-04c1-424b-9868-57a2d4851a1d" />
    <TestEntry testId="e5497347-2721-b7a6-0bd4-69a9921f6947" executionId="cb8d99f9-f2e1-4ff0-95e6-12bf48ff7840" testListId="8c84fa94-04c1-424b-9868-57a2d4851a1d" />
    <TestEntry testId="69340bb6-3645-f9dd-971e-29d8b2a009bb" executionId="10a6b217-1e16-4dac-948e-3d79863f9f54" testListId="8c84fa94-04c1-424b-9868-57a2d4851a1d" />
    <TestEntry testId="4f297306-d4f3-8d63-e7f4-1ac0b8c58c74" executionId="6b85d894-3796-4bf1-8598-07a16af95b2b" testListId="8c84fa94-04c1-424b-9868-57a2d4851a1d" />
    <TestEntry testId="0e52de19-c1a9-bb2d-7cf8-a1dd2cd0981a" executionId="495f0ea3-cd4f-41cd-947d-ff96d138f0ea" testListId="8c84fa94-04c1-424b-9868-57a2d4851a1d" />
    <TestEntry testId="d7f46b9f-7490-336e-5cc5-1177abc6e6de" executionId="6d589fd3-b205-4613-a494-4946c04685b7" testListId="8c84fa94-04c1-424b-9868-57a2d4851a1d" />
    <TestEntry testId="3b54cabd-5349-2b0c-1073-e81726c278b4" executionId="7ccfb019-fbe0-4fb2-bc88-4574eb059c82" testListId="8c84fa94-04c1-424b-9868-57a2d4851a1d" />
    <TestEntry testId="9c7df5e2-1b23-ebea-889f-b78ca86b60ab" executionId="c1179642-e824-4a34-960a-ed5f67fe50b4" testListId="8c84fa94-04c1-424b-9868-57a2d4851a1d" />
    <TestEntry testId="9f1b5386-f5e6-9659-2097-07f0dd10f0da" executionId="03b4c08f-41ad-4465-a5d1-f4bb7cba45b6" testListId="8c84fa94-04c1-424b-9868-57a2d4851a1d" />
  </TestEntries>
  <TestLists>
    <TestList name="Список результатов" id="8c84fa94-04c1-424b-9868-57a2d4851a1d" />
    <TestList name="Все загруженные результаты" id="19431567-8539-422a-85d7-44ee4e166bda" />
  </TestLists>
  <ResultSummary outcome="Completed">
    <Counters total="47" executed="47" passed="47" failed="0" error="0" timeout="0" aborted="0" inconclusive="0" passedButRunAborted="0" notRunnable="0" notExecuted="0" disconnected="0" warning="0" completed="0" inProgress="0" pending="0" />
    <Output>
      <StdOut>[xUnit.net 00:00:00.00] xUnit.net VSTest Adapter v2.4.5+1caef2f33e (64-bit .NET 6.0.3)&#xD;
[xUnit.net 00:00:00.49]   Discovering: BL.Tests&#xD;
[xUnit.net 00:00:00.69]   Discovered:  BL.Tests&#xD;
[xUnit.net 00:00:00.69]   Starting:    BL.Tests&#xD;
[xUnit.net 00:00:00.93]   Finished:    BL.Tests&#xD;
</StdOut>
    </Output>
  </ResultSummary>
</TestRun>