<?xml version="1.0" encoding="utf-8"?>
<TestRun id="81b86cab-6e32-4a8f-a063-ceb033a169b6" name="alena@DESKTOP-TJ9D65N 2022-10-15 20:14:51" runUser="DESKTOP-TJ9D65N\alena" xmlns="http://microsoft.com/schemas/VisualStudio/TeamTest/2010">
  <Times creation="2022-10-15T20:14:51.8982862+03:00" queuing="2022-10-15T20:14:51.8982865+03:00" start="2022-10-15T20:14:50.1819145+03:00" finish="2022-10-15T20:14:51.9697343+03:00" />
  <TestSettings name="default" id="8bd20385-98bf-4f7c-94af-287c8c7eddba">
    <Deployment runDeploymentRoot="alena_DESKTOP-TJ9D65N_2022-10-15_20_14_51" />
  </TestSettings>
  <Results>
    <UnitTestResult executionId="40dd8951-3cd6-4a8e-a1a5-e9d2650c13b4" testId="8184bd30-991c-b78d-b4ec-99a485eac0dd" testName="BL.Tests.UsersServiceTests.TestRegisterUserWithNoEmail" computerName="DESKTOP-TJ9D65N" duration="00:00:00.0072145" startTime="2022-10-15T20:14:51.8397012+03:00" endTime="2022-10-15T20:14:51.8397014+03:00" testType="13cdc9d9-ddb5-4fa4-a97d-d965ccfc6d4b" outcome="Passed" testListId="8c84fa94-04c1-424b-9868-57a2d4851a1d" relativeResultsDirectory="40dd8951-3cd6-4a8e-a1a5-e9d2650c13b4" />
    <UnitTestResult executionId="e494a7af-76d5-4ba6-afaf-fa93a5b6b23c" testId="eaabd2fc-2f4b-5689-59c8-c7ad34a8f634" testName="BL.Tests.CheckPermissionsServiceTests.UnauthorizedHasNoAccessToAuthorizedFunctions(functionName: &quot;SendMessageAsync&quot;)" computerName="DESKTOP-TJ9D65N" duration="00:00:00.0044328" startTime="2022-10-15T20:14:51.8413880+03:00" endTime="2022-10-15T20:14:51.8413881+03:00" testType="13cdc9d9-ddb5-4fa4-a97d-d965ccfc6d4b" outcome="Passed" testListId="8c84fa94-04c1-424b-9868-57a2d4851a1d" relativeResultsDirectory="e494a7af-76d5-4ba6-afaf-fa93a5b6b23c" />
    <UnitTestResult executionId="6a1a196c-a6a5-4107-bacf-617daf45322d" testId="f44a1b21-8efc-bfac-63b4-d534442def31" testName="BL.Tests.UsersServiceTests.TestRegisterUserWithNoPassword" computerName="DESKTOP-TJ9D65N" duration="00:00:00.0016285" startTime="2022-10-15T20:14:51.8412013+03:00" endTime="2022-10-15T20:14:51.8412014+03:00" testType="13cdc9d9-ddb5-4fa4-a97d-d965ccfc6d4b" outcome="Passed" testListId="8c84fa94-04c1-424b-9868-57a2d4851a1d" relativeResultsDirectory="6a1a196c-a6a5-4107-bacf-617daf45322d" />
    <UnitTestResult executionId="db5cc831-14d9-47f3-b0d5-9c4955cc2551" testId="492c0393-35b4-df26-a537-21ca08302f3c" testName="BL.Tests.CheckPermissionsServiceTests.SkiPatrolHasNoAccessToAdminFunctions" computerName="DESKTOP-TJ9D65N" duration="00:00:00.0028446" startTime="2022-10-15T20:14:51.8988533+03:00" endTime="2022-10-15T20:14:51.8988534+03:00" testType="13cdc9d9-ddb5-4fa4-a97d-d965ccfc6d4b" outcome="Passed" testListId="8c84fa94-04c1-424b-9868-57a2d4851a1d" relativeResultsDirectory="db5cc831-14d9-47f3-b0d5-9c4955cc2551" />
    <UnitTestResult executionId="78c65c4a-f348-4bf2-960d-1ea13c3ffbaf" testId="0eeef75f-6e38-7893-a8fe-cff3e0a970a7" testName="BL.Tests.UsersServiceTests.TestRegisterOk" computerName="DESKTOP-TJ9D65N" duration="00:00:00.0235463" startTime="2022-10-15T20:14:51.8614633+03:00" endTime="2022-10-15T20:14:51.8614634+03:00" testType="13cdc9d9-ddb5-4fa4-a97d-d965ccfc6d4b" outcome="Passed" testListId="8c84fa94-04c1-424b-9868-57a2d4851a1d" relativeResultsDirectory="78c65c4a-f348-4bf2-960d-1ea13c3ffbaf" />
    <UnitTestResult executionId="5a7b59a7-03fa-4c0c-a1e6-a0ee6a81eac4" testId="8f72e2ae-d865-46ec-b61a-66585bd44d40" testName="BL.Tests.LiftsSlopesServiceTests.TestAdminAddAutoIncrementLiftSlopeAsync(lift: Lift { LiftID = 13, LiftName = liftName5e299ed9-6899-4599-b93e-71d8a6ba9247, IsOpen = True, SeatsAmount = 2, LiftingTime = 235, QueueTime = 237, ConnectedSlopes =  }, slope: Slope { SlopeID = 242, SlopeName = slopeNamec406a6fc-a749-4ca4-946c-e0c72f2ad94e, IsOpen = False, DifficultyLevel = 248, ConnectedLifts =  }, slopesRepositoryStub: Mock&lt;ISlopesRepository:3&gt;, liftsRepositoryStub: Mock&lt;ILiftsRepository:8&gt;, liftsSlopesRepositoryStub: Mock&lt;ILiftsSlopesRepository:8&gt;)" computerName="DESKTOP-TJ9D65N" duration="00:00:00.0129614" startTime="2022-10-15T20:14:51.8397363+03:00" endTime="2022-10-15T20:14:51.8397364+03:00" testType="13cdc9d9-ddb5-4fa4-a97d-d965ccfc6d4b" outcome="Passed" testListId="8c84fa94-04c1-424b-9868-57a2d4851a1d" relativeResultsDirectory="5a7b59a7-03fa-4c0c-a1e6-a0ee6a81eac4" />
    <UnitTestResult executionId="d9e548fa-1cf8-49be-992f-059b311062b1" testId="a0676a59-511b-11d8-750e-52818322ad5a" testName="BL.Tests.TurnstilesServiceTest.TestAdminGetTurnstilesAsync(userID: 225, initialTurnstiles: [Turnstile { TurnstileID = 220, LiftID = 79, IsOpen = True }, Turnstile { TurnstileID = 69, LiftID = 223, IsOpen = False }, Turnstile { TurnstileID = 102, LiftID = 67, IsOpen = True }], checkPermissionServiceMock: Mock&lt;ICheckPermissionService:13&gt;, turnstilesRepositoryStub: Mock&lt;ITurnstilesRepository:7&gt;, sut: TurnstilesService { })" computerName="DESKTOP-TJ9D65N" duration="00:00:00.0075371" startTime="2022-10-15T20:14:51.8411595+03:00" endTime="2022-10-15T20:14:51.8411596+03:00" testType="13cdc9d9-ddb5-4fa4-a97d-d965ccfc6d4b" outcome="Passed" testListId="8c84fa94-04c1-424b-9868-57a2d4851a1d" relativeResultsDirectory="d9e548fa-1cf8-49be-992f-059b311062b1" />
    <UnitTestResult executionId="e9382fb4-6937-4953-813e-5c6c7e1ddd81" testId="c36970dc-93f7-753e-fa47-157133b01644" testName="BL.Tests.CheckPermissionsServiceTests.SkiPatrolHasAccessToAdminSkiPatrolFunctions(functionName: &quot;GetMessagesAsync&quot;)" computerName="DESKTOP-TJ9D65N" duration="00:00:00.0011067" startTime="2022-10-15T20:14:51.8581242+03:00" endTime="2022-10-15T20:14:51.8581243+03:00" testType="13cdc9d9-ddb5-4fa4-a97d-d965ccfc6d4b" outcome="Passed" testListId="8c84fa94-04c1-424b-9868-57a2d4851a1d" relativeResultsDirectory="e9382fb4-6937-4953-813e-5c6c7e1ddd81" />
    <UnitTestResult executionId="7d275c51-83c5-4604-8c05-0e342619e3eb" testId="9f6bd4fb-e1cf-0eae-10f7-ad693f8d6545" testName="BL.Tests.SlopesServiceTest.TestAdminDeleteSlopeAsync(userID: 37, slope: Slope { SlopeID = 118, SlopeName = slopeName531f59d1-fd1f-498e-b285-c2d214f92b52, IsOpen = True, DifficultyLevel = 70, ConnectedLifts =  }, checkPermissionServiceMock: Mock&lt;ICheckPermissionService:9&gt;, slopesRepositoryStub: Mock&lt;ISlopesRepository:7&gt;, liftsSlopesRepositoryStub: Mock&lt;ILiftsSlopesRepository:12&gt;, sut: SlopesService { })" computerName="DESKTOP-TJ9D65N" duration="00:00:00.0057497" startTime="2022-10-15T20:14:51.8679761+03:00" endTime="2022-10-15T20:14:51.8679762+03:00" testType="13cdc9d9-ddb5-4fa4-a97d-d965ccfc6d4b" outcome="Passed" testListId="8c84fa94-04c1-424b-9868-57a2d4851a1d" relativeResultsDirectory="7d275c51-83c5-4604-8c05-0e342619e3eb" />
    <UnitTestResult executionId="2f64a360-af1b-44a1-ade5-2372579e6aca" testId="1bde87bb-e39f-d33d-3954-39069294cdb7" testName="BL.Tests.LiftsServiceTest.TestUpdateLiftInfoAsync(userID: 240, lift: Lift { LiftID = 10, LiftName = liftName51896613-6053-459b-b1eb-5ff5c9859cdb, IsOpen = True, SeatsAmount = 55, LiftingTime = 127, QueueTime = 137, ConnectedSlopes =  }, checkPermissionServiceMock: Mock&lt;ICheckPermissionService:3&gt;, liftsRepositoryStub: Mock&lt;ILiftsRepository:3&gt;, sut: LiftsService { })" computerName="DESKTOP-TJ9D65N" duration="00:00:00.0064458" startTime="2022-10-15T20:14:51.8820279+03:00" endTime="2022-10-15T20:14:51.8820281+03:00" testType="13cdc9d9-ddb5-4fa4-a97d-d965ccfc6d4b" outcome="Passed" testListId="8c84fa94-04c1-424b-9868-57a2d4851a1d" relativeResultsDirectory="2f64a360-af1b-44a1-ade5-2372579e6aca" />
    <UnitTestResult executionId="3d52cd93-97f4-4846-ad12-0483c8986196" testId="41bf5486-ef48-c378-a38d-91a643ae43cc" testName="BL.Tests.LiftsSlopesServiceTests.TestAdminDeleteLiftSlopeAsync(lift: Lift { LiftID = 99, LiftName = liftName9a326dd3-e4df-4504-8549-817b48f04be0, IsOpen = True, SeatsAmount = 241, LiftingTime = 208, QueueTime = 248, ConnectedSlopes =  }, slope: Slope { SlopeID = 54, SlopeName = slopeNamef979286a-8b8c-4e3a-981d-1b5079b72fb9, IsOpen = False, DifficultyLevel = 227, ConnectedLifts =  }, slopesRepositoryStub: Mock&lt;ISlopesRepository:2&gt;, liftsRepositoryStub: Mock&lt;ILiftsRepository:7&gt;, liftsSlopesRepositoryStub: Mock&lt;ILiftsSlopesRepository:7&gt;)" computerName="DESKTOP-TJ9D65N" duration="00:00:00.0456103" startTime="2022-10-15T20:14:51.7643337+03:00" endTime="2022-10-15T20:14:51.7643338+03:00" testType="13cdc9d9-ddb5-4fa4-a97d-d965ccfc6d4b" outcome="Passed" testListId="8c84fa94-04c1-424b-9868-57a2d4851a1d" relativeResultsDirectory="3d52cd93-97f4-4846-ad12-0483c8986196" />
    <UnitTestResult executionId="02b88f82-6663-4407-ba97-661998276fdf" testId="aa28a6b3-21d3-aa45-24d3-bef2facbc899" testName="BL.Tests.CheckPermissionsServiceTests.AuthorizedHasAccessToAuthorizedFunctions(functionName: &quot;LogOutAsync&quot;)" computerName="DESKTOP-TJ9D65N" duration="00:00:00.0009199" startTime="2022-10-15T20:14:51.8884493+03:00" endTime="2022-10-15T20:14:51.8884495+03:00" testType="13cdc9d9-ddb5-4fa4-a97d-d965ccfc6d4b" outcome="Passed" testListId="8c84fa94-04c1-424b-9868-57a2d4851a1d" relativeResultsDirectory="02b88f82-6663-4407-ba97-661998276fdf" />
    <UnitTestResult executionId="0f4e74b4-500e-456a-8fa8-e68f56bd390e" testId="ab8bce95-ac29-fc88-51d0-7d10326aee88" testName="BL.Tests.TurnstilesServiceTest.TestAdminAddAutoIncrementTurnstileAsync(userID: 224, turnstile: Turnstile { TurnstileID = 156, LiftID = 218, IsOpen = True }, checkPermissionServiceMock: Mock&lt;ICheckPermissionService:16&gt;, turnstilesRepositoryStub: Mock&lt;ITurnstilesRepository:10&gt;, sut: TurnstilesService { })" computerName="DESKTOP-TJ9D65N" duration="00:00:00.0479296" startTime="2022-10-15T20:14:51.7643512+03:00" endTime="2022-10-15T20:14:51.7643513+03:00" testType="13cdc9d9-ddb5-4fa4-a97d-d965ccfc6d4b" outcome="Passed" testListId="8c84fa94-04c1-424b-9868-57a2d4851a1d" relativeResultsDirectory="0f4e74b4-500e-456a-8fa8-e68f56bd390e" />
    <UnitTestResult executionId="39a28571-e85f-44ea-a310-dcdedfab760c" testId="242506d7-117d-66b8-cde1-2005a05df785" testName="BL.Tests.LiftsServiceTest.TestAdminAddAutoIncrementLiftAsync(userID: 168, lift: Lift { LiftID = 95, LiftName = liftNameb46730b8-9796-48a9-b764-814e1d482b67, IsOpen = True, SeatsAmount = 31, LiftingTime = 205, QueueTime = 150, ConnectedSlopes =  }, checkPermissionServiceMock: Mock&lt;ICheckPermissionService:5&gt;, liftsRepositoryStub: Mock&lt;ILiftsRepository:5&gt;, sut: LiftsService { })" computerName="DESKTOP-TJ9D65N" duration="00:00:00.0485687" startTime="2022-10-15T20:14:51.7595422+03:00" endTime="2022-10-15T20:14:51.7596526+03:00" testType="13cdc9d9-ddb5-4fa4-a97d-d965ccfc6d4b" outcome="Passed" testListId="8c84fa94-04c1-424b-9868-57a2d4851a1d" relativeResultsDirectory="39a28571-e85f-44ea-a310-dcdedfab760c" />
    <UnitTestResult executionId="2c97c8c0-0d84-4cb6-9c85-63e4d730df2f" testId="b1dc360a-a782-7169-0f1c-5c2c8aeb8c48" testName="BL.Tests.SlopesServiceTest.TestGetSlopeInfoAsync(userID: 180, slope: Slope { SlopeID = 212, SlopeName = slopeNamee68e7e31-daa2-4548-a12a-7a7913abfb38, IsOpen = True, DifficultyLevel = 232, ConnectedLifts =  }, checkPermissionServiceMock: Mock&lt;ICheckPermissionService:6&gt;, slopesRepositoryStub: Mock&lt;ISlopesRepository:4&gt;, liftsSlopesRepositoryStub: Mock&lt;ILiftsSlopesRepository:9&gt;, sut: SlopesService { })" computerName="DESKTOP-TJ9D65N" duration="00:00:00.0069924" startTime="2022-10-15T20:14:51.8393827+03:00" endTime="2022-10-15T20:14:51.8393828+03:00" testType="13cdc9d9-ddb5-4fa4-a97d-d965ccfc6d4b" outcome="Passed" testListId="8c84fa94-04c1-424b-9868-57a2d4851a1d" relativeResultsDirectory="2c97c8c0-0d84-4cb6-9c85-63e4d730df2f" />
    <UnitTestResult executionId="ed761f38-dee4-4ed5-9e8f-e4e12a67cddf" testId="a2e59116-cb53-1d70-9cb8-21c286516866" testName="BL.Tests.CheckPermissionsServiceTests.AuthorizedHasNoAccessToAdminFunctions" computerName="DESKTOP-TJ9D65N" duration="00:00:00.0031590" startTime="2022-10-15T20:14:51.8652765+03:00" endTime="2022-10-15T20:14:51.8652766+03:00" testType="13cdc9d9-ddb5-4fa4-a97d-d965ccfc6d4b" outcome="Passed" testListId="8c84fa94-04c1-424b-9868-57a2d4851a1d" relativeResultsDirectory="ed761f38-dee4-4ed5-9e8f-e4e12a67cddf" />
    <UnitTestResult executionId="89c9d2b7-fe51-4f30-af38-0d2ff3881783" testId="06d0bc3a-24a0-fb7f-4277-e9ae6d21c7dd" testName="BL.Tests.UsersServiceTests.TestAdminUpdateUser" computerName="DESKTOP-TJ9D65N" duration="00:00:00.0058469" startTime="2022-10-15T20:14:51.8424573+03:00" endTime="2022-10-15T20:14:51.8424574+03:00" testType="13cdc9d9-ddb5-4fa4-a97d-d965ccfc6d4b" outcome="Passed" testListId="8c84fa94-04c1-424b-9868-57a2d4851a1d" relativeResultsDirectory="89c9d2b7-fe51-4f30-af38-0d2ff3881783" />
    <UnitTestResult executionId="4264c486-7afe-4f0e-8cdf-ef98a1613220" testId="106b6aca-24eb-f478-80d5-7746c2c66bec" testName="BL.Tests.TurnstilesServiceTest.TestAdminDeleteTurnstileAsync(userID: 149, turnstile: Turnstile { TurnstileID = 210, LiftID = 110, IsOpen = True }, checkPermissionServiceMock: Mock&lt;ICheckPermissionService:15&gt;, turnstilesRepositoryStub: Mock&lt;ITurnstilesRepository:9&gt;, sut: TurnstilesService { })" computerName="DESKTOP-TJ9D65N" duration="00:00:00.0042408" startTime="2022-10-15T20:14:51.8425561+03:00" endTime="2022-10-15T20:14:51.8425562+03:00" testType="13cdc9d9-ddb5-4fa4-a97d-d965ccfc6d4b" outcome="Passed" testListId="8c84fa94-04c1-424b-9868-57a2d4851a1d" relativeResultsDirectory="4264c486-7afe-4f0e-8cdf-ef98a1613220" />
    <UnitTestResult executionId="82715889-fb02-481a-a8b8-6baccd216ef3" testId="1a7e5ec6-3c95-d49c-17f1-42bdbbf9218f" testName="BL.Tests.LiftsServiceTest.TestGetLiftsInfoAsync(userID: 205, initialLifts: [Lift { LiftID = 164, LiftName = liftNameab4de6fc-bda4-4793-a1bb-82579ebfe84a, IsOpen = True, SeatsAmount = 227, LiftingTime = 74, QueueTime = 157, ConnectedSlopes =  }, Lift { LiftID = 7, LiftName = liftName873169df-d6c9-46a5-bee2-542c0cb56357, IsOpen = False, SeatsAmount = 115, LiftingTime = 140, QueueTime = 144, ConnectedSlopes =  }, Lift { LiftID = 134, LiftName = liftNamef9c242c1-5e48-485c-9b90-f06db144fb1d, IsOpen = True, SeatsAmount = 28, LiftingTime = 231, QueueTime = 19, ConnectedSlopes =  }], checkPermissionServiceMock: Mock&lt;ICheckPermissionService:2&gt;, liftsRepositoryStub: Mock&lt;ILiftsRepository:2&gt;, liftsSlopesRepositoryStub: Mock&lt;ILiftsSlopesRepository:2&gt;, sut: LiftsService { })" computerName="DESKTOP-TJ9D65N" duration="00:00:00.0467925" startTime="2022-10-15T20:14:51.8505750+03:00" endTime="2022-10-15T20:14:51.8505753+03:00" testType="13cdc9d9-ddb5-4fa4-a97d-d965ccfc6d4b" outcome="Passed" testListId="8c84fa94-04c1-424b-9868-57a2d4851a1d" relativeResultsDirectory="82715889-fb02-481a-a8b8-6baccd216ef3" />
    <UnitTestResult executionId="e11d06f5-773e-4a44-81cc-bbf4f84248c2" testId="69340bb6-3645-f9dd-971e-29d8b2a009bb" testName="BL.Tests.UsersServiceTests.TestLogInWithWrongPassword" computerName="DESKTOP-TJ9D65N" duration="00:00:00.0028930" startTime="2022-10-15T20:14:51.8738206+03:00" endTime="2022-10-15T20:14:51.8738207+03:00" testType="13cdc9d9-ddb5-4fa4-a97d-d965ccfc6d4b" outcome="Passed" testListId="8c84fa94-04c1-424b-9868-57a2d4851a1d" relativeResultsDirectory="e11d06f5-773e-4a44-81cc-bbf4f84248c2" />
    <UnitTestResult executionId="90817e84-bc90-4c82-84cb-7e5b6744e964" testId="01017e97-2966-9ea4-ed42-53851ab109a2" testName="BL.Tests.SlopesServiceTest.TestAdminAddSlopeAsync(userID: 165, slope: Slope { SlopeID = 125, SlopeName = slopeName50af7880-10d8-4db8-9a97-7e75ff13a5be, IsOpen = True, DifficultyLevel = 1, ConnectedLifts =  }, checkPermissionServiceMock: Mock&lt;ICheckPermissionService:11&gt;, slopesRepositoryStub: Mock&lt;ISlopesRepository:9&gt;, sut: SlopesService { })" computerName="DESKTOP-TJ9D65N" duration="00:00:00.0050920" startTime="2022-10-15T20:14:51.8424886+03:00" endTime="2022-10-15T20:14:51.8424886+03:00" testType="13cdc9d9-ddb5-4fa4-a97d-d965ccfc6d4b" outcome="Passed" testListId="8c84fa94-04c1-424b-9868-57a2d4851a1d" relativeResultsDirectory="90817e84-bc90-4c82-84cb-7e5b6744e964" />
    <UnitTestResult executionId="dd7ccdc1-2741-47e9-90a1-003d44c60796" testId="e2d7e5be-3dae-33ae-fb17-c704b6fd58d6" testName="BL.Tests.CheckPermissionsServiceTests.UnauthorizedHasNoAccessToAdminFunctions" computerName="DESKTOP-TJ9D65N" duration="00:00:00.0029855" startTime="2022-10-15T20:14:51.8936324+03:00" endTime="2022-10-15T20:14:51.8936325+03:00" testType="13cdc9d9-ddb5-4fa4-a97d-d965ccfc6d4b" outcome="Passed" testListId="8c84fa94-04c1-424b-9868-57a2d4851a1d" relativeResultsDirectory="dd7ccdc1-2741-47e9-90a1-003d44c60796" />
    <UnitTestResult executionId="72d8e162-6990-4f9c-983d-dec6bc19ea50" testId="644ec43e-70cd-c82d-42e7-0d990be1414d" testName="BL.Tests.CheckPermissionsServiceTests.AuthorizedHasAccessToAuthorizedFunctions(functionName: &quot;SendMessageAsync&quot;)" computerName="DESKTOP-TJ9D65N" duration="00:00:00.0025907" startTime="2022-10-15T20:14:51.8850897+03:00" endTime="2022-10-15T20:14:51.8850898+03:00" testType="13cdc9d9-ddb5-4fa4-a97d-d965ccfc6d4b" outcome="Passed" testListId="8c84fa94-04c1-424b-9868-57a2d4851a1d" relativeResultsDirectory="72d8e162-6990-4f9c-983d-dec6bc19ea50" />
    <UnitTestResult executionId="acd0f1a3-c35d-45de-b1cd-1e21c84d2b38" testId="834c739b-eca4-b36d-6a66-5a1bd75377b8" testName="BL.Tests.UsersServiceTests.TestAdminAddAutoIncrementUser" computerName="DESKTOP-TJ9D65N" duration="00:00:00.0062077" startTime="2022-10-15T20:14:51.8825852+03:00" endTime="2022-10-15T20:14:51.8825853+03:00" testType="13cdc9d9-ddb5-4fa4-a97d-d965ccfc6d4b" outcome="Passed" testListId="8c84fa94-04c1-424b-9868-57a2d4851a1d" relativeResultsDirectory="acd0f1a3-c35d-45de-b1cd-1e21c84d2b38" />
    <UnitTestResult executionId="d4e94552-187c-47cb-873b-c0352921809e" testId="229812f5-9a73-5335-11f5-31330d1348a5" testName="BL.Tests.CheckPermissionsServiceTests.UnauthorizedHasNoAccessToAdminSkiPatrolFunctions(functionName: &quot;GetMessagesAsync&quot;)" computerName="DESKTOP-TJ9D65N" duration="00:00:00.0012903" startTime="2022-10-15T20:14:51.8396692+03:00" endTime="2022-10-15T20:14:51.8396693+03:00" testType="13cdc9d9-ddb5-4fa4-a97d-d965ccfc6d4b" outcome="Passed" testListId="8c84fa94-04c1-424b-9868-57a2d4851a1d" relativeResultsDirectory="d4e94552-187c-47cb-873b-c0352921809e" />
    <UnitTestResult executionId="a2833287-68af-4658-ab14-745ed67b452b" testId="60bd668f-04df-da5e-b79b-5d9aedb5234d" testName="BL.Tests.CheckPermissionsServiceTests.SkiPatrolHasAccessToAdminSkiPatrolFunctions(functionName: &quot;MarkMessageReadByUserAsync&quot;)" computerName="DESKTOP-TJ9D65N" duration="00:00:00.0011458" startTime="2022-10-15T20:14:51.8537766+03:00" endTime="2022-10-15T20:14:51.8537768+03:00" testType="13cdc9d9-ddb5-4fa4-a97d-d965ccfc6d4b" outcome="Passed" testListId="8c84fa94-04c1-424b-9868-57a2d4851a1d" relativeResultsDirectory="a2833287-68af-4658-ab14-745ed67b452b" />
    <UnitTestResult executionId="05a325fa-1c5a-4362-b7b0-9269fc77fada" testId="9c7df5e2-1b23-ebea-889f-b78ca86b60ab" testName="BL.Tests.CheckPermissionsServiceTests.AuthorizedHasNoAccessToAdminSkiPatrolFunctions(functionName: &quot;MarkMessageReadByUserAsync&quot;)" computerName="DESKTOP-TJ9D65N" duration="00:00:00.0013914" startTime="2022-10-15T20:14:51.8767293+03:00" endTime="2022-10-15T20:14:51.8767294+03:00" testType="13cdc9d9-ddb5-4fa4-a97d-d965ccfc6d4b" outcome="Passed" testListId="8c84fa94-04c1-424b-9868-57a2d4851a1d" relativeResultsDirectory="05a325fa-1c5a-4362-b7b0-9269fc77fada" />
    <UnitTestResult executionId="803b84fa-e5f0-4631-bd7b-4e4da08a27df" testId="37da62f3-7252-6aa5-b759-89d8b5f1a7eb" testName="BL.Tests.TurnstilesServiceTest.TestAdminUpdateTurnstileAsync(userID: 103, turnstile: Turnstile { TurnstileID = 23, LiftID = 138, IsOpen = True }, checkPermissionServiceMock: Mock&lt;ICheckPermissionService:14&gt;, turnstilesRepositoryStub: Mock&lt;ITurnstilesRepository:8&gt;, sut: TurnstilesService { })" computerName="DESKTOP-TJ9D65N" duration="00:00:00.0060361" startTime="2022-10-15T20:14:51.8393393+03:00" endTime="2022-10-15T20:14:51.8393394+03:00" testType="13cdc9d9-ddb5-4fa4-a97d-d965ccfc6d4b" outcome="Passed" testListId="8c84fa94-04c1-424b-9868-57a2d4851a1d" relativeResultsDirectory="803b84fa-e5f0-4631-bd7b-4e4da08a27df" />
    <UnitTestResult executionId="4040bfd4-38b3-45cf-aa10-36a551bdd647" testId="1ca07ad8-f799-c5d4-e7cc-34fd950198a2" testName="BL.Tests.UsersServiceTests.TestLogInOk" computerName="DESKTOP-TJ9D65N" duration="00:00:00.0034087" startTime="2022-10-15T20:14:51.8679420+03:00" endTime="2022-10-15T20:14:51.8679421+03:00" testType="13cdc9d9-ddb5-4fa4-a97d-d965ccfc6d4b" outcome="Passed" testListId="8c84fa94-04c1-424b-9868-57a2d4851a1d" relativeResultsDirectory="4040bfd4-38b3-45cf-aa10-36a551bdd647" />
    <UnitTestResult executionId="b48197f4-2fb3-4953-b0ea-1471da281c6f" testId="894941c1-bfa7-d8f9-c047-1e1ceefe2c2f" testName="BL.Tests.UsersServiceTests.TestRegisterUserWithRepeatedEmail" computerName="DESKTOP-TJ9D65N" duration="00:00:00.0036565" startTime="2022-10-15T20:14:51.8414524+03:00" endTime="2022-10-15T20:14:51.8414525+03:00" testType="13cdc9d9-ddb5-4fa4-a97d-d965ccfc6d4b" outcome="Passed" testListId="8c84fa94-04c1-424b-9868-57a2d4851a1d" relativeResultsDirectory="b48197f4-2fb3-4953-b0ea-1471da281c6f" />
    <UnitTestResult executionId="fa8c6f6b-fabe-4a24-91da-891912cd82af" testId="39be9b5e-0bc4-57dc-37d3-aec6b520299d" testName="BL.Tests.LiftsSlopesServiceTests.TestGetLiftsSlopesInfoAsync(liftsSlopes: [LiftSlope { RecordID = 114, LiftID = 223, SlopeID = 209 }, LiftSlope { RecordID = 120, LiftID = 226, SlopeID = 32 }, LiftSlope { RecordID = 166, LiftID = 69, SlopeID = 231 }], slopesRepositoryStub: Mock&lt;ISlopesRepository:1&gt;, liftsRepositoryStub: Mock&lt;ILiftsRepository:6&gt;, liftsSlopesRepositoryStub: Mock&lt;ILiftsSlopesRepository:6&gt;)" computerName="DESKTOP-TJ9D65N" duration="00:00:00.0047663" startTime="2022-10-15T20:14:51.8414200+03:00" endTime="2022-10-15T20:14:51.8414201+03:00" testType="13cdc9d9-ddb5-4fa4-a97d-d965ccfc6d4b" outcome="Passed" testListId="8c84fa94-04c1-424b-9868-57a2d4851a1d" relativeResultsDirectory="fa8c6f6b-fabe-4a24-91da-891912cd82af" />
    <UnitTestResult executionId="3a207de5-2f91-4c2c-8467-2f7655fc5099" testId="2d706594-f2b3-b3c8-21d4-86c9798c3306" testName="BL.Tests.CheckPermissionsServiceTests.SkiPatrolHasAccessToAdminSkiPatrolFunctions(functionName: &quot;GetLiftsSlopesInfoAsync&quot;)" computerName="DESKTOP-TJ9D65N" duration="00:00:00.0053816" startTime="2022-10-15T20:14:51.8427194+03:00" endTime="2022-10-15T20:14:51.8427194+03:00" testType="13cdc9d9-ddb5-4fa4-a97d-d965ccfc6d4b" outcome="Passed" testListId="8c84fa94-04c1-424b-9868-57a2d4851a1d" relativeResultsDirectory="3a207de5-2f91-4c2c-8467-2f7655fc5099" />
    <UnitTestResult executionId="f6d823be-92b4-4e68-ad38-c23101d2782b" testId="35b3c309-3e14-da19-37ac-1c2077417eb6" testName="BL.Tests.LiftsServiceTest.TestGetLiftInfoAsync(userID: 73, lift: Lift { LiftID = 86, LiftName = liftNamebc633ade-6623-4135-ab1b-c8c3890c5169, IsOpen = True, SeatsAmount = 56, LiftingTime = 238, QueueTime = 9, ConnectedSlopes =  }, checkPermissionServiceMock: Mock&lt;ICheckPermissionService:1&gt;, liftsRepositoryStub: Mock&lt;ILiftsRepository:1&gt;, liftsSlopesRepositoryStub: Mock&lt;ILiftsSlopesRepository:1&gt;, sut: LiftsService { })" computerName="DESKTOP-TJ9D65N" duration="00:00:00.0065429" startTime="2022-10-15T20:14:51.8595091+03:00" endTime="2022-10-15T20:14:51.8595093+03:00" testType="13cdc9d9-ddb5-4fa4-a97d-d965ccfc6d4b" outcome="Passed" testListId="8c84fa94-04c1-424b-9868-57a2d4851a1d" relativeResultsDirectory="f6d823be-92b4-4e68-ad38-c23101d2782b" />
    <UnitTestResult executionId="9a2576d4-95b3-47fa-bb35-9d77c1e23453" testId="f3efc418-a8a6-c7b7-9bac-90b33aa8472f" testName="BL.Tests.CheckPermissionsServiceTests.AdminHasAccessToAllFunctions" computerName="DESKTOP-TJ9D65N" duration="00:00:00.0017062" startTime="2022-10-15T20:14:51.9025732+03:00" endTime="2022-10-15T20:14:51.9025733+03:00" testType="13cdc9d9-ddb5-4fa4-a97d-d965ccfc6d4b" outcome="Passed" testListId="8c84fa94-04c1-424b-9868-57a2d4851a1d" relativeResultsDirectory="9a2576d4-95b3-47fa-bb35-9d77c1e23453" />
    <UnitTestResult executionId="eba5f3e5-f6da-47c2-a7df-3d6743530fe8" testId="387c9729-48c1-486e-5e67-f5d11a9f0db8" testName="BL.Tests.CheckPermissionsServiceTests.UnauthorizedHasNoAccessToAdminSkiPatrolFunctions(functionName: &quot;GetLiftsSlopesInfoAsync&quot;)" computerName="DESKTOP-TJ9D65N" duration="00:00:00.0013606" startTime="2022-10-15T20:14:51.8387610+03:00" endTime="2022-10-15T20:14:51.8387611+03:00" testType="13cdc9d9-ddb5-4fa4-a97d-d965ccfc6d4b" outcome="Passed" testListId="8c84fa94-04c1-424b-9868-57a2d4851a1d" relativeResultsDirectory="eba5f3e5-f6da-47c2-a7df-3d6743530fe8" />
    <UnitTestResult executionId="9ba1772a-80aa-4eaa-8055-c1760af8afff" testId="18fa8c62-e27d-e1fc-8182-4d7db62b008d" testName="BL.Tests.UsersServiceTests.TestAdminDeleteUser" computerName="DESKTOP-TJ9D65N" duration="00:00:00.0031703" startTime="2022-10-15T20:14:51.8955493+03:00" endTime="2022-10-15T20:14:51.8955495+03:00" testType="13cdc9d9-ddb5-4fa4-a97d-d965ccfc6d4b" outcome="Passed" testListId="8c84fa94-04c1-424b-9868-57a2d4851a1d" relativeResultsDirectory="9ba1772a-80aa-4eaa-8055-c1760af8afff" />
    <UnitTestResult executionId="95518a72-3027-4764-a360-7955d445f3f6" testId="4f297306-d4f3-8d63-e7f4-1ac0b8c58c74" testName="BL.Tests.CheckPermissionsServiceTests.AuthorizedHasNoAccessToAdminSkiPatrolFunctions(functionName: &quot;GetLiftsSlopesInfoAsync&quot;)" computerName="DESKTOP-TJ9D65N" duration="00:00:00.0011412" startTime="2022-10-15T20:14:51.8801111+03:00" endTime="2022-10-15T20:14:51.8801112+03:00" testType="13cdc9d9-ddb5-4fa4-a97d-d965ccfc6d4b" outcome="Passed" testListId="8c84fa94-04c1-424b-9868-57a2d4851a1d" relativeResultsDirectory="95518a72-3027-4764-a360-7955d445f3f6" />
    <UnitTestResult executionId="f2542fcb-cd5b-4172-831f-bb55ea498c49" testId="a19a5fcf-c5d2-7d44-5d7d-84403042f4e0" testName="BL.Tests.CheckPermissionsServiceTests.UnauthorizedHasNoAccessToAdminSkiPatrolFunctions(functionName: &quot;MarkMessageReadByUserAsync&quot;)" computerName="DESKTOP-TJ9D65N" duration="00:00:00.0452459" startTime="2022-10-15T20:14:51.7642826+03:00" endTime="2022-10-15T20:14:51.7642828+03:00" testType="13cdc9d9-ddb5-4fa4-a97d-d965ccfc6d4b" outcome="Passed" testListId="8c84fa94-04c1-424b-9868-57a2d4851a1d" relativeResultsDirectory="f2542fcb-cd5b-4172-831f-bb55ea498c49" />
    <UnitTestResult executionId="e38bc7fa-3196-40a2-95b5-8a83fbf47fc7" testId="2602613f-c8e2-a6d9-fcf7-5b27d4a770a6" testName="BL.Tests.CheckPermissionsServiceTests.AuthorizedHasNoAccessToAdminSkiPatrolFunctions(functionName: &quot;GetMessagesAsync&quot;)" computerName="DESKTOP-TJ9D65N" duration="00:00:00.0034198" startTime="2022-10-15T20:14:51.8724049+03:00" endTime="2022-10-15T20:14:51.8724050+03:00" testType="13cdc9d9-ddb5-4fa4-a97d-d965ccfc6d4b" outcome="Passed" testListId="8c84fa94-04c1-424b-9868-57a2d4851a1d" relativeResultsDirectory="e38bc7fa-3196-40a2-95b5-8a83fbf47fc7" />
    <UnitTestResult executionId="4d5d71a9-d2ff-491f-abf0-4693c9569ae2" testId="e5497347-2721-b7a6-0bd4-69a9921f6947" testName="BL.Tests.UsersServiceTests.TestAdminGetUserByIDAsync" computerName="DESKTOP-TJ9D65N" duration="00:00:00.0044868" startTime="2022-10-15T20:14:51.8900176+03:00" endTime="2022-10-15T20:14:51.8900177+03:00" testType="13cdc9d9-ddb5-4fa4-a97d-d965ccfc6d4b" outcome="Passed" testListId="8c84fa94-04c1-424b-9868-57a2d4851a1d" relativeResultsDirectory="4d5d71a9-d2ff-491f-abf0-4693c9569ae2" />
    <UnitTestResult executionId="913d15a7-b870-4362-8194-76e29b7918f5" testId="3a83d526-542f-53c9-194b-b3d192ddf856" testName="BL.Tests.LiftsServiceTest.TestAdminDeleteLiftAsync(userID: 80, lift: Lift { LiftID = 163, LiftName = liftNameeec1ee13-7201-45a6-94b3-46b44efa9b1f, IsOpen = True, SeatsAmount = 186, LiftingTime = 166, QueueTime = 206, ConnectedSlopes =  }, checkPermissionServiceMock: Mock&lt;ICheckPermissionService:4&gt;, liftsRepositoryStub: Mock&lt;ILiftsRepository:4&gt;, liftsSlopesRepositoryStub: Mock&lt;ILiftsSlopesRepository:4&gt;, sut: LiftsService { })" computerName="DESKTOP-TJ9D65N" duration="00:00:00.0099496" startTime="2022-10-15T20:14:51.8724530+03:00" endTime="2022-10-15T20:14:51.8724531+03:00" testType="13cdc9d9-ddb5-4fa4-a97d-d965ccfc6d4b" outcome="Passed" testListId="8c84fa94-04c1-424b-9868-57a2d4851a1d" relativeResultsDirectory="913d15a7-b870-4362-8194-76e29b7918f5" />
    <UnitTestResult executionId="0d4a89ec-a75c-4eca-bc43-09c19978018b" testId="fa960c5e-f989-2880-784e-8efe538c5231" testName="BL.Tests.CheckPermissionsServiceTests.UnauthorizedHasNoAccessToAuthorizedFunctions(functionName: &quot;LogOutAsync&quot;)" computerName="DESKTOP-TJ9D65N" duration="00:00:00.0014260" startTime="2022-10-15T20:14:51.8423380+03:00" endTime="2022-10-15T20:14:51.8423381+03:00" testType="13cdc9d9-ddb5-4fa4-a97d-d965ccfc6d4b" outcome="Passed" testListId="8c84fa94-04c1-424b-9868-57a2d4851a1d" relativeResultsDirectory="0d4a89ec-a75c-4eca-bc43-09c19978018b" />
    <UnitTestResult executionId="3684c757-99de-40d3-b042-fa0059d1aeff" testId="eb9f1286-440c-9e13-3255-e4443fab6ead" testName="BL.Tests.SlopesServiceTest.TestGetSlopesInfoAsync(userID: 68, initialSlopes: [Slope { SlopeID = 48, SlopeName = slopeName59b5ee2a-cefa-48d9-922e-0e083f17fa86, IsOpen = True, DifficultyLevel = 37, ConnectedLifts =  }, Slope { SlopeID = 116, SlopeName = slopeName31d3a54e-50bc-4028-82a3-d9525e0746ef, IsOpen = False, DifficultyLevel = 254, ConnectedLifts =  }, Slope { SlopeID = 237, SlopeName = slopeNamebd3ebd69-20e9-4742-909d-37a77db317e9, IsOpen = True, DifficultyLevel = 180, ConnectedLifts =  }], checkPermissionServiceMock: Mock&lt;ICheckPermissionService:7&gt;, slopesRepositoryStub: Mock&lt;ISlopesRepository:5&gt;, liftsSlopesRepositoryStub: Mock&lt;ILiftsSlopesRepository:10&gt;, sut: SlopesService { })" computerName="DESKTOP-TJ9D65N" duration="00:00:00.0191360" startTime="2022-10-15T20:14:51.8578185+03:00" endTime="2022-10-15T20:14:51.8578185+03:00" testType="13cdc9d9-ddb5-4fa4-a97d-d965ccfc6d4b" outcome="Passed" testListId="8c84fa94-04c1-424b-9868-57a2d4851a1d" relativeResultsDirectory="3684c757-99de-40d3-b042-fa0059d1aeff" />
    <UnitTestResult executionId="3822925f-b53d-4489-851a-ef6bfbc13722" testId="20ad8570-0170-85de-dcd7-2f109dd7bcd6" testName="BL.Tests.UsersServiceTests.TestAdminGetUsers" computerName="DESKTOP-TJ9D65N" duration="00:00:00.0536790" startTime="2022-10-15T20:14:51.7644280+03:00" endTime="2022-10-15T20:14:51.7644281+03:00" testType="13cdc9d9-ddb5-4fa4-a97d-d965ccfc6d4b" outcome="Passed" testListId="8c84fa94-04c1-424b-9868-57a2d4851a1d" relativeResultsDirectory="3822925f-b53d-4489-851a-ef6bfbc13722" />
    <UnitTestResult executionId="672688ac-0397-4804-8789-63f42b0a6637" testId="2ab4ac41-f10e-6f66-61f6-dece89effb2f" testName="BL.Tests.SlopesServiceTest.TestAdminAddAutoIncrementSlopeAsync(userID: 157, slope: Slope { SlopeID = 130, SlopeName = slopeName9e59b2bc-3570-43b1-9e60-18d33f58e4f6, IsOpen = True, DifficultyLevel = 227, ConnectedLifts =  }, checkPermissionServiceMock: Mock&lt;ICheckPermissionService:10&gt;, slopesRepositoryStub: Mock&lt;ISlopesRepository:8&gt;, sut: SlopesService { })" computerName="DESKTOP-TJ9D65N" duration="00:00:00.0478871" startTime="2022-10-15T20:14:51.7643665+03:00" endTime="2022-10-15T20:14:51.7643665+03:00" testType="13cdc9d9-ddb5-4fa4-a97d-d965ccfc6d4b" outcome="Passed" testListId="8c84fa94-04c1-424b-9868-57a2d4851a1d" relativeResultsDirectory="672688ac-0397-4804-8789-63f42b0a6637" />
    <UnitTestResult executionId="5d908bd4-1e34-4130-88cb-8b0e59ae37f3" testId="9690517c-a229-1fee-544a-143dcf2debbe" testName="BL.Tests.SlopesServiceTest.TestUpdateSlopeInfoAsync(userID: 1, slope: Slope { SlopeID = 38, SlopeName = slopeName99b8b6ea-325c-4466-89de-cb47a5dd13dd, IsOpen = True, DifficultyLevel = 133, ConnectedLifts =  }, checkPermissionServiceMock: Mock&lt;ICheckPermissionService:8&gt;, slopesRepositoryStub: Mock&lt;ISlopesRepository:6&gt;, sut: SlopesService { })" computerName="DESKTOP-TJ9D65N" duration="00:00:00.0085551" startTime="2022-10-15T20:14:51.8414821+03:00" endTime="2022-10-15T20:14:51.8414822+03:00" testType="13cdc9d9-ddb5-4fa4-a97d-d965ccfc6d4b" outcome="Passed" testListId="8c84fa94-04c1-424b-9868-57a2d4851a1d" relativeResultsDirectory="5d908bd4-1e34-4130-88cb-8b0e59ae37f3" />
    <UnitTestResult executionId="b4bcd22d-6d82-4041-ba6c-11997e80e6ee" testId="60d9d0d5-e766-a609-92b0-1a81a39a0f15" testName="BL.Tests.TurnstilesServiceTest.TestAdminGetTurnstileAsync(userID: 110, turnstile: Turnstile { TurnstileID = 53, LiftID = 63, IsOpen = True }, checkPermissionServiceMock: Mock&lt;ICheckPermissionService:12&gt;, turnstilesRepositoryStub: Mock&lt;ITurnstilesRepository:6&gt;, sut: TurnstilesService { })" computerName="DESKTOP-TJ9D65N" duration="00:00:00.0045342" startTime="2022-10-15T20:14:51.8415132+03:00" endTime="2022-10-15T20:14:51.8415132+03:00" testType="13cdc9d9-ddb5-4fa4-a97d-d965ccfc6d4b" outcome="Passed" testListId="8c84fa94-04c1-424b-9868-57a2d4851a1d" relativeResultsDirectory="b4bcd22d-6d82-4041-ba6c-11997e80e6ee" />
  </Results>
  <TestDefinitions>
    <UnitTest name="BL.Tests.UsersServiceTests.TestAdminAddAutoIncrementUser" storage="c:\users\alena\desktop\7_sem\testing_and_debugging\skiresort\bl.tests\bin\debug\net6.0\bl.tests.dll" id="834c739b-eca4-b36d-6a66-5a1bd75377b8">
      <Execution id="acd0f1a3-c35d-45de-b1cd-1e21c84d2b38" />
      <TestMethod codeBase="C:\Users\alena\Desktop\7_sem\testing_and_debugging\SkiResort\BL.Tests\bin\Debug\net6.0\BL.Tests.dll" adapterTypeName="executor://xunit/VsTestRunner2/netcoreapp" className="BL.Tests.UsersServiceTests" name="TestAdminAddAutoIncrementUser" />
    </UnitTest>
    <UnitTest name="BL.Tests.CheckPermissionsServiceTests.SkiPatrolHasAccessToAdminSkiPatrolFunctions(functionName: &quot;MarkMessageReadByUserAsync&quot;)" storage="c:\users\alena\desktop\7_sem\testing_and_debugging\skiresort\bl.tests\bin\debug\net6.0\bl.tests.dll" id="60bd668f-04df-da5e-b79b-5d9aedb5234d">
      <Execution id="a2833287-68af-4658-ab14-745ed67b452b" />
      <TestMethod codeBase="C:\Users\alena\Desktop\7_sem\testing_and_debugging\SkiResort\BL.Tests\bin\Debug\net6.0\BL.Tests.dll" adapterTypeName="executor://xunit/VsTestRunner2/netcoreapp" className="BL.Tests.CheckPermissionsServiceTests" name="SkiPatrolHasAccessToAdminSkiPatrolFunctions" />
    </UnitTest>
    <UnitTest name="BL.Tests.TurnstilesServiceTest.TestAdminAddAutoIncrementTurnstileAsync(userID: 224, turnstile: Turnstile { TurnstileID = 156, LiftID = 218, IsOpen = True }, checkPermissionServiceMock: Mock&lt;ICheckPermissionService:16&gt;, turnstilesRepositoryStub: Mock&lt;ITurnstilesRepository:10&gt;, sut: TurnstilesService { })" storage="c:\users\alena\desktop\7_sem\testing_and_debugging\skiresort\bl.tests\bin\debug\net6.0\bl.tests.dll" id="ab8bce95-ac29-fc88-51d0-7d10326aee88">
      <Execution id="0f4e74b4-500e-456a-8fa8-e68f56bd390e" />
      <TestMethod codeBase="C:\Users\alena\Desktop\7_sem\testing_and_debugging\SkiResort\BL.Tests\bin\Debug\net6.0\BL.Tests.dll" adapterTypeName="executor://xunit/VsTestRunner2/netcoreapp" className="BL.Tests.TurnstilesServiceTest" name="TestAdminAddAutoIncrementTurnstileAsync" />
    </UnitTest>
    <UnitTest name="BL.Tests.CheckPermissionsServiceTests.AuthorizedHasAccessToAuthorizedFunctions(functionName: &quot;SendMessageAsync&quot;)" storage="c:\users\alena\desktop\7_sem\testing_and_debugging\skiresort\bl.tests\bin\debug\net6.0\bl.tests.dll" id="644ec43e-70cd-c82d-42e7-0d990be1414d">
      <Execution id="72d8e162-6990-4f9c-983d-dec6bc19ea50" />
      <TestMethod codeBase="C:\Users\alena\Desktop\7_sem\testing_and_debugging\SkiResort\BL.Tests\bin\Debug\net6.0\BL.Tests.dll" adapterTypeName="executor://xunit/VsTestRunner2/netcoreapp" className="BL.Tests.CheckPermissionsServiceTests" name="AuthorizedHasAccessToAuthorizedFunctions" />
    </UnitTest>
    <UnitTest name="BL.Tests.SlopesServiceTest.TestGetSlopeInfoAsync(userID: 180, slope: Slope { SlopeID = 212, SlopeName = slopeNamee68e7e31-daa2-4548-a12a-7a7913abfb38, IsOpen = True, DifficultyLevel = 232, ConnectedLifts =  }, checkPermissionServiceMock: Mock&lt;ICheckPermissionService:6&gt;, slopesRepositoryStub: Mock&lt;ISlopesRepository:4&gt;, liftsSlopesRepositoryStub: Mock&lt;ILiftsSlopesRepository:9&gt;, sut: SlopesService { })" storage="c:\users\alena\desktop\7_sem\testing_and_debugging\skiresort\bl.tests\bin\debug\net6.0\bl.tests.dll" id="b1dc360a-a782-7169-0f1c-5c2c8aeb8c48">
      <Execution id="2c97c8c0-0d84-4cb6-9c85-63e4d730df2f" />
      <TestMethod codeBase="C:\Users\alena\Desktop\7_sem\testing_and_debugging\SkiResort\BL.Tests\bin\Debug\net6.0\BL.Tests.dll" adapterTypeName="executor://xunit/VsTestRunner2/netcoreapp" className="BL.Tests.SlopesServiceTest" name="TestGetSlopeInfoAsync" />
    </UnitTest>
    <UnitTest name="BL.Tests.CheckPermissionsServiceTests.AuthorizedHasNoAccessToAdminSkiPatrolFunctions(functionName: &quot;MarkMessageReadByUserAsync&quot;)" storage="c:\users\alena\desktop\7_sem\testing_and_debugging\skiresort\bl.tests\bin\debug\net6.0\bl.tests.dll" id="9c7df5e2-1b23-ebea-889f-b78ca86b60ab">
      <Execution id="05a325fa-1c5a-4362-b7b0-9269fc77fada" />
      <TestMethod codeBase="C:\Users\alena\Desktop\7_sem\testing_and_debugging\SkiResort\BL.Tests\bin\Debug\net6.0\BL.Tests.dll" adapterTypeName="executor://xunit/VsTestRunner2/netcoreapp" className="BL.Tests.CheckPermissionsServiceTests" name="AuthorizedHasNoAccessToAdminSkiPatrolFunctions" />
    </UnitTest>
    <UnitTest name="BL.Tests.LiftsServiceTest.TestGetLiftsInfoAsync(userID: 205, initialLifts: [Lift { LiftID = 164, LiftName = liftNameab4de6fc-bda4-4793-a1bb-82579ebfe84a, IsOpen = True, SeatsAmount = 227, LiftingTime = 74, QueueTime = 157, ConnectedSlopes =  }, Lift { LiftID = 7, LiftName = liftName873169df-d6c9-46a5-bee2-542c0cb56357, IsOpen = False, SeatsAmount = 115, LiftingTime = 140, QueueTime = 144, ConnectedSlopes =  }, Lift { LiftID = 134, LiftName ..." storage="c:\users\alena\desktop\7_sem\testing_and_debugging\skiresort\bl.tests\bin\debug\net6.0\bl.tests.dll" id="1a7e5ec6-3c95-d49c-17f1-42bdbbf9218f">
      <Execution id="82715889-fb02-481a-a8b8-6baccd216ef3" />
      <TestMethod codeBase="C:\Users\alena\Desktop\7_sem\testing_and_debugging\SkiResort\BL.Tests\bin\Debug\net6.0\BL.Tests.dll" adapterTypeName="executor://xunit/VsTestRunner2/netcoreapp" className="BL.Tests.LiftsServiceTest" name="TestGetLiftsInfoAsync" />
    </UnitTest>
    <UnitTest name="BL.Tests.CheckPermissionsServiceTests.UnauthorizedHasNoAccessToAuthorizedFunctions(functionName: &quot;SendMessageAsync&quot;)" storage="c:\users\alena\desktop\7_sem\testing_and_debugging\skiresort\bl.tests\bin\debug\net6.0\bl.tests.dll" id="eaabd2fc-2f4b-5689-59c8-c7ad34a8f634">
      <Execution id="e494a7af-76d5-4ba6-afaf-fa93a5b6b23c" />
      <TestMethod codeBase="C:\Users\alena\Desktop\7_sem\testing_and_debugging\SkiResort\BL.Tests\bin\Debug\net6.0\BL.Tests.dll" adapterTypeName="executor://xunit/VsTestRunner2/netcoreapp" className="BL.Tests.CheckPermissionsServiceTests" name="UnauthorizedHasNoAccessToAuthorizedFunctions" />
    </UnitTest>
    <UnitTest name="BL.Tests.CheckPermissionsServiceTests.AdminHasAccessToAllFunctions" storage="c:\users\alena\desktop\7_sem\testing_and_debugging\skiresort\bl.tests\bin\debug\net6.0\bl.tests.dll" id="f3efc418-a8a6-c7b7-9bac-90b33aa8472f">
      <Execution id="9a2576d4-95b3-47fa-bb35-9d77c1e23453" />
      <TestMethod codeBase="C:\Users\alena\Desktop\7_sem\testing_and_debugging\SkiResort\BL.Tests\bin\Debug\net6.0\BL.Tests.dll" adapterTypeName="executor://xunit/VsTestRunner2/netcoreapp" className="BL.Tests.CheckPermissionsServiceTests" name="AdminHasAccessToAllFunctions" />
    </UnitTest>
    <UnitTest name="BL.Tests.LiftsServiceTest.TestGetLiftInfoAsync(userID: 73, lift: Lift { LiftID = 86, LiftName = liftNamebc633ade-6623-4135-ab1b-c8c3890c5169, IsOpen = True, SeatsAmount = 56, LiftingTime = 238, QueueTime = 9, ConnectedSlopes =  }, checkPermissionServiceMock: Mock&lt;ICheckPermissionService:1&gt;, liftsRepositoryStub: Mock&lt;ILiftsRepository:1&gt;, liftsSlopesRepositoryStub: Mock&lt;ILiftsSlopesRepository:1&gt;, sut: LiftsService { })" storage="c:\users\alena\desktop\7_sem\testing_and_debugging\skiresort\bl.tests\bin\debug\net6.0\bl.tests.dll" id="35b3c309-3e14-da19-37ac-1c2077417eb6">
      <Execution id="f6d823be-92b4-4e68-ad38-c23101d2782b" />
      <TestMethod codeBase="C:\Users\alena\Desktop\7_sem\testing_and_debugging\SkiResort\BL.Tests\bin\Debug\net6.0\BL.Tests.dll" adapterTypeName="executor://xunit/VsTestRunner2/netcoreapp" className="BL.Tests.LiftsServiceTest" name="TestGetLiftInfoAsync" />
    </UnitTest>
    <UnitTest name="BL.Tests.UsersServiceTests.TestLogInOk" storage="c:\users\alena\desktop\7_sem\testing_and_debugging\skiresort\bl.tests\bin\debug\net6.0\bl.tests.dll" id="1ca07ad8-f799-c5d4-e7cc-34fd950198a2">
      <Execution id="4040bfd4-38b3-45cf-aa10-36a551bdd647" />
      <TestMethod codeBase="C:\Users\alena\Desktop\7_sem\testing_and_debugging\SkiResort\BL.Tests\bin\Debug\net6.0\BL.Tests.dll" adapterTypeName="executor://xunit/VsTestRunner2/netcoreapp" className="BL.Tests.UsersServiceTests" name="TestLogInOk" />
    </UnitTest>
    <UnitTest name="BL.Tests.CheckPermissionsServiceTests.UnauthorizedHasNoAccessToAdminSkiPatrolFunctions(functionName: &quot;MarkMessageReadByUserAsync&quot;)" storage="c:\users\alena\desktop\7_sem\testing_and_debugging\skiresort\bl.tests\bin\debug\net6.0\bl.tests.dll" id="a19a5fcf-c5d2-7d44-5d7d-84403042f4e0">
      <Execution id="f2542fcb-cd5b-4172-831f-bb55ea498c49" />
      <TestMethod codeBase="C:\Users\alena\Desktop\7_sem\testing_and_debugging\SkiResort\BL.Tests\bin\Debug\net6.0\BL.Tests.dll" adapterTypeName="executor://xunit/VsTestRunner2/netcoreapp" className="BL.Tests.CheckPermissionsServiceTests" name="UnauthorizedHasNoAccessToAdminSkiPatrolFunctions" />
    </UnitTest>
    <UnitTest name="BL.Tests.LiftsSlopesServiceTests.TestGetLiftsSlopesInfoAsync(liftsSlopes: [LiftSlope { RecordID = 114, LiftID = 223, SlopeID = 209 }, LiftSlope { RecordID = 120, LiftID = 226, SlopeID = 32 }, LiftSlope { RecordID = 166, LiftID = 69, SlopeID = 231 }], slopesRepositoryStub: Mock&lt;ISlopesRepository:1&gt;, liftsRepositoryStub: Mock&lt;ILiftsRepository:6&gt;, liftsSlopesRepositoryStub: Mock&lt;ILiftsSlopesRepository:6&gt;)" storage="c:\users\alena\desktop\7_sem\testing_and_debugging\skiresort\bl.tests\bin\debug\net6.0\bl.tests.dll" id="39be9b5e-0bc4-57dc-37d3-aec6b520299d">
      <Execution id="fa8c6f6b-fabe-4a24-91da-891912cd82af" />
      <TestMethod codeBase="C:\Users\alena\Desktop\7_sem\testing_and_debugging\SkiResort\BL.Tests\bin\Debug\net6.0\BL.Tests.dll" adapterTypeName="executor://xunit/VsTestRunner2/netcoreapp" className="BL.Tests.LiftsSlopesServiceTests" name="TestGetLiftsSlopesInfoAsync" />
    </UnitTest>
    <UnitTest name="BL.Tests.LiftsServiceTest.TestAdminDeleteLiftAsync(userID: 80, lift: Lift { LiftID = 163, LiftName = liftNameeec1ee13-7201-45a6-94b3-46b44efa9b1f, IsOpen = True, SeatsAmount = 186, LiftingTime = 166, QueueTime = 206, ConnectedSlopes =  }, checkPermissionServiceMock: Mock&lt;ICheckPermissionService:4&gt;, liftsRepositoryStub: Mock&lt;ILiftsRepository:4&gt;, liftsSlopesRepositoryStub: Mock&lt;ILiftsSlopesRepository:4&gt;, sut: LiftsService { })" storage="c:\users\alena\desktop\7_sem\testing_and_debugging\skiresort\bl.tests\bin\debug\net6.0\bl.tests.dll" id="3a83d526-542f-53c9-194b-b3d192ddf856">
      <Execution id="913d15a7-b870-4362-8194-76e29b7918f5" />
      <TestMethod codeBase="C:\Users\alena\Desktop\7_sem\testing_and_debugging\SkiResort\BL.Tests\bin\Debug\net6.0\BL.Tests.dll" adapterTypeName="executor://xunit/VsTestRunner2/netcoreapp" className="BL.Tests.LiftsServiceTest" name="TestAdminDeleteLiftAsync" />
    </UnitTest>
    <UnitTest name="BL.Tests.LiftsSlopesServiceTests.TestAdminAddAutoIncrementLiftSlopeAsync(lift: Lift { LiftID = 13, LiftName = liftName5e299ed9-6899-4599-b93e-71d8a6ba9247, IsOpen = True, SeatsAmount = 2, LiftingTime = 235, QueueTime = 237, ConnectedSlopes =  }, slope: Slope { SlopeID = 242, SlopeName = slopeNamec406a6fc-a749-4ca4-946c-e0c72f2ad94e, IsOpen = False, DifficultyLevel = 248, ConnectedLifts =  }, slopesRepositoryStub: Mock&lt;ISlopesRepository:3&gt;, ..." storage="c:\users\alena\desktop\7_sem\testing_and_debugging\skiresort\bl.tests\bin\debug\net6.0\bl.tests.dll" id="8f72e2ae-d865-46ec-b61a-66585bd44d40">
      <Execution id="5a7b59a7-03fa-4c0c-a1e6-a0ee6a81eac4" />
      <TestMethod codeBase="C:\Users\alena\Desktop\7_sem\testing_and_debugging\SkiResort\BL.Tests\bin\Debug\net6.0\BL.Tests.dll" adapterTypeName="executor://xunit/VsTestRunner2/netcoreapp" className="BL.Tests.LiftsSlopesServiceTests" name="TestAdminAddAutoIncrementLiftSlopeAsync" />
    </UnitTest>
    <UnitTest name="BL.Tests.CheckPermissionsServiceTests.AuthorizedHasAccessToAuthorizedFunctions(functionName: &quot;LogOutAsync&quot;)" storage="c:\users\alena\desktop\7_sem\testing_and_debugging\skiresort\bl.tests\bin\debug\net6.0\bl.tests.dll" id="aa28a6b3-21d3-aa45-24d3-bef2facbc899">
      <Execution id="02b88f82-6663-4407-ba97-661998276fdf" />
      <TestMethod codeBase="C:\Users\alena\Desktop\7_sem\testing_and_debugging\SkiResort\BL.Tests\bin\Debug\net6.0\BL.Tests.dll" adapterTypeName="executor://xunit/VsTestRunner2/netcoreapp" className="BL.Tests.CheckPermissionsServiceTests" name="AuthorizedHasAccessToAuthorizedFunctions" />
    </UnitTest>
    <UnitTest name="BL.Tests.CheckPermissionsServiceTests.SkiPatrolHasAccessToAdminSkiPatrolFunctions(functionName: &quot;GetMessagesAsync&quot;)" storage="c:\users\alena\desktop\7_sem\testing_and_debugging\skiresort\bl.tests\bin\debug\net6.0\bl.tests.dll" id="c36970dc-93f7-753e-fa47-157133b01644">
      <Execution id="e9382fb4-6937-4953-813e-5c6c7e1ddd81" />
      <TestMethod codeBase="C:\Users\alena\Desktop\7_sem\testing_and_debugging\SkiResort\BL.Tests\bin\Debug\net6.0\BL.Tests.dll" adapterTypeName="executor://xunit/VsTestRunner2/netcoreapp" className="BL.Tests.CheckPermissionsServiceTests" name="SkiPatrolHasAccessToAdminSkiPatrolFunctions" />
    </UnitTest>
    <UnitTest name="BL.Tests.LiftsServiceTest.TestUpdateLiftInfoAsync(userID: 240, lift: Lift { LiftID = 10, LiftName = liftName51896613-6053-459b-b1eb-5ff5c9859cdb, IsOpen = True, SeatsAmount = 55, LiftingTime = 127, QueueTime = 137, ConnectedSlopes =  }, checkPermissionServiceMock: Mock&lt;ICheckPermissionService:3&gt;, liftsRepositoryStub: Mock&lt;ILiftsRepository:3&gt;, sut: LiftsService { })" storage="c:\users\alena\desktop\7_sem\testing_and_debugging\skiresort\bl.tests\bin\debug\net6.0\bl.tests.dll" id="1bde87bb-e39f-d33d-3954-39069294cdb7">
      <Execution id="2f64a360-af1b-44a1-ade5-2372579e6aca" />
      <TestMethod codeBase="C:\Users\alena\Desktop\7_sem\testing_and_debugging\SkiResort\BL.Tests\bin\Debug\net6.0\BL.Tests.dll" adapterTypeName="executor://xunit/VsTestRunner2/netcoreapp" className="BL.Tests.LiftsServiceTest" name="TestUpdateLiftInfoAsync" />
    </UnitTest>
    <UnitTest name="BL.Tests.CheckPermissionsServiceTests.AuthorizedHasNoAccessToAdminFunctions" storage="c:\users\alena\desktop\7_sem\testing_and_debugging\skiresort\bl.tests\bin\debug\net6.0\bl.tests.dll" id="a2e59116-cb53-1d70-9cb8-21c286516866">
      <Execution id="ed761f38-dee4-4ed5-9e8f-e4e12a67cddf" />
      <TestMethod codeBase="C:\Users\alena\Desktop\7_sem\testing_and_debugging\SkiResort\BL.Tests\bin\Debug\net6.0\BL.Tests.dll" adapterTypeName="executor://xunit/VsTestRunner2/netcoreapp" className="BL.Tests.CheckPermissionsServiceTests" name="AuthorizedHasNoAccessToAdminFunctions" />
    </UnitTest>
    <UnitTest name="BL.Tests.CheckPermissionsServiceTests.SkiPatrolHasAccessToAdminSkiPatrolFunctions(functionName: &quot;GetLiftsSlopesInfoAsync&quot;)" storage="c:\users\alena\desktop\7_sem\testing_and_debugging\skiresort\bl.tests\bin\debug\net6.0\bl.tests.dll" id="2d706594-f2b3-b3c8-21d4-86c9798c3306">
      <Execution id="3a207de5-2f91-4c2c-8467-2f7655fc5099" />
      <TestMethod codeBase="C:\Users\alena\Desktop\7_sem\testing_and_debugging\SkiResort\BL.Tests\bin\Debug\net6.0\BL.Tests.dll" adapterTypeName="executor://xunit/VsTestRunner2/netcoreapp" className="BL.Tests.CheckPermissionsServiceTests" name="SkiPatrolHasAccessToAdminSkiPatrolFunctions" />
    </UnitTest>
    <UnitTest name="BL.Tests.CheckPermissionsServiceTests.AuthorizedHasNoAccessToAdminSkiPatrolFunctions(functionName: &quot;GetLiftsSlopesInfoAsync&quot;)" storage="c:\users\alena\desktop\7_sem\testing_and_debugging\skiresort\bl.tests\bin\debug\net6.0\bl.tests.dll" id="4f297306-d4f3-8d63-e7f4-1ac0b8c58c74">
      <Execution id="95518a72-3027-4764-a360-7955d445f3f6" />
      <TestMethod codeBase="C:\Users\alena\Desktop\7_sem\testing_and_debugging\SkiResort\BL.Tests\bin\Debug\net6.0\BL.Tests.dll" adapterTypeName="executor://xunit/VsTestRunner2/netcoreapp" className="BL.Tests.CheckPermissionsServiceTests" name="AuthorizedHasNoAccessToAdminSkiPatrolFunctions" />
    </UnitTest>
    <UnitTest name="BL.Tests.CheckPermissionsServiceTests.UnauthorizedHasNoAccessToAdminSkiPatrolFunctions(functionName: &quot;GetLiftsSlopesInfoAsync&quot;)" storage="c:\users\alena\desktop\7_sem\testing_and_debugging\skiresort\bl.tests\bin\debug\net6.0\bl.tests.dll" id="387c9729-48c1-486e-5e67-f5d11a9f0db8">
      <Execution id="eba5f3e5-f6da-47c2-a7df-3d6743530fe8" />
      <TestMethod codeBase="C:\Users\alena\Desktop\7_sem\testing_and_debugging\SkiResort\BL.Tests\bin\Debug\net6.0\BL.Tests.dll" adapterTypeName="executor://xunit/VsTestRunner2/netcoreapp" className="BL.Tests.CheckPermissionsServiceTests" name="UnauthorizedHasNoAccessToAdminSkiPatrolFunctions" />
    </UnitTest>
    <UnitTest name="BL.Tests.TurnstilesServiceTest.TestAdminGetTurnstileAsync(userID: 110, turnstile: Turnstile { TurnstileID = 53, LiftID = 63, IsOpen = True }, checkPermissionServiceMock: Mock&lt;ICheckPermissionService:12&gt;, turnstilesRepositoryStub: Mock&lt;ITurnstilesRepository:6&gt;, sut: TurnstilesService { })" storage="c:\users\alena\desktop\7_sem\testing_and_debugging\skiresort\bl.tests\bin\debug\net6.0\bl.tests.dll" id="60d9d0d5-e766-a609-92b0-1a81a39a0f15">
      <Execution id="b4bcd22d-6d82-4041-ba6c-11997e80e6ee" />
      <TestMethod codeBase="C:\Users\alena\Desktop\7_sem\testing_and_debugging\SkiResort\BL.Tests\bin\Debug\net6.0\BL.Tests.dll" adapterTypeName="executor://xunit/VsTestRunner2/netcoreapp" className="BL.Tests.TurnstilesServiceTest" name="TestAdminGetTurnstileAsync" />
    </UnitTest>
    <UnitTest name="BL.Tests.UsersServiceTests.TestRegisterUserWithRepeatedEmail" storage="c:\users\alena\desktop\7_sem\testing_and_debugging\skiresort\bl.tests\bin\debug\net6.0\bl.tests.dll" id="894941c1-bfa7-d8f9-c047-1e1ceefe2c2f">
      <Execution id="b48197f4-2fb3-4953-b0ea-1471da281c6f" />
      <TestMethod codeBase="C:\Users\alena\Desktop\7_sem\testing_and_debugging\SkiResort\BL.Tests\bin\Debug\net6.0\BL.Tests.dll" adapterTypeName="executor://xunit/VsTestRunner2/netcoreapp" className="BL.Tests.UsersServiceTests" name="TestRegisterUserWithRepeatedEmail" />
    </UnitTest>
    <UnitTest name="BL.Tests.TurnstilesServiceTest.TestAdminDeleteTurnstileAsync(userID: 149, turnstile: Turnstile { TurnstileID = 210, LiftID = 110, IsOpen = True }, checkPermissionServiceMock: Mock&lt;ICheckPermissionService:15&gt;, turnstilesRepositoryStub: Mock&lt;ITurnstilesRepository:9&gt;, sut: TurnstilesService { })" storage="c:\users\alena\desktop\7_sem\testing_and_debugging\skiresort\bl.tests\bin\debug\net6.0\bl.tests.dll" id="106b6aca-24eb-f478-80d5-7746c2c66bec">
      <Execution id="4264c486-7afe-4f0e-8cdf-ef98a1613220" />
      <TestMethod codeBase="C:\Users\alena\Desktop\7_sem\testing_and_debugging\SkiResort\BL.Tests\bin\Debug\net6.0\BL.Tests.dll" adapterTypeName="executor://xunit/VsTestRunner2/netcoreapp" className="BL.Tests.TurnstilesServiceTest" name="TestAdminDeleteTurnstileAsync" />
    </UnitTest>
    <UnitTest name="BL.Tests.CheckPermissionsServiceTests.UnauthorizedHasNoAccessToAdminFunctions" storage="c:\users\alena\desktop\7_sem\testing_and_debugging\skiresort\bl.tests\bin\debug\net6.0\bl.tests.dll" id="e2d7e5be-3dae-33ae-fb17-c704b6fd58d6">
      <Execution id="dd7ccdc1-2741-47e9-90a1-003d44c60796" />
      <TestMethod codeBase="C:\Users\alena\Desktop\7_sem\testing_and_debugging\SkiResort\BL.Tests\bin\Debug\net6.0\BL.Tests.dll" adapterTypeName="executor://xunit/VsTestRunner2/netcoreapp" className="BL.Tests.CheckPermissionsServiceTests" name="UnauthorizedHasNoAccessToAdminFunctions" />
    </UnitTest>
    <UnitTest name="BL.Tests.UsersServiceTests.TestRegisterUserWithNoPassword" storage="c:\users\alena\desktop\7_sem\testing_and_debugging\skiresort\bl.tests\bin\debug\net6.0\bl.tests.dll" id="f44a1b21-8efc-bfac-63b4-d534442def31">
      <Execution id="6a1a196c-a6a5-4107-bacf-617daf45322d" />
      <TestMethod codeBase="C:\Users\alena\Desktop\7_sem\testing_and_debugging\SkiResort\BL.Tests\bin\Debug\net6.0\BL.Tests.dll" adapterTypeName="executor://xunit/VsTestRunner2/netcoreapp" className="BL.Tests.UsersServiceTests" name="TestRegisterUserWithNoPassword" />
    </UnitTest>
    <UnitTest name="BL.Tests.LiftsServiceTest.TestAdminAddAutoIncrementLiftAsync(userID: 168, lift: Lift { LiftID = 95, LiftName = liftNameb46730b8-9796-48a9-b764-814e1d482b67, IsOpen = True, SeatsAmount = 31, LiftingTime = 205, QueueTime = 150, ConnectedSlopes =  }, checkPermissionServiceMock: Mock&lt;ICheckPermissionService:5&gt;, liftsRepositoryStub: Mock&lt;ILiftsRepository:5&gt;, sut: LiftsService { })" storage="c:\users\alena\desktop\7_sem\testing_and_debugging\skiresort\bl.tests\bin\debug\net6.0\bl.tests.dll" id="242506d7-117d-66b8-cde1-2005a05df785">
      <Execution id="39a28571-e85f-44ea-a310-dcdedfab760c" />
      <TestMethod codeBase="C:\Users\alena\Desktop\7_sem\testing_and_debugging\SkiResort\BL.Tests\bin\Debug\net6.0\BL.Tests.dll" adapterTypeName="executor://xunit/VsTestRunner2/netcoreapp" className="BL.Tests.LiftsServiceTest" name="TestAdminAddAutoIncrementLiftAsync" />
    </UnitTest>
    <UnitTest name="BL.Tests.UsersServiceTests.TestAdminDeleteUser" storage="c:\users\alena\desktop\7_sem\testing_and_debugging\skiresort\bl.tests\bin\debug\net6.0\bl.tests.dll" id="18fa8c62-e27d-e1fc-8182-4d7db62b008d">
      <Execution id="9ba1772a-80aa-4eaa-8055-c1760af8afff" />
      <TestMethod codeBase="C:\Users\alena\Desktop\7_sem\testing_and_debugging\SkiResort\BL.Tests\bin\Debug\net6.0\BL.Tests.dll" adapterTypeName="executor://xunit/VsTestRunner2/netcoreapp" className="BL.Tests.UsersServiceTests" name="TestAdminDeleteUser" />
    </UnitTest>
    <UnitTest name="BL.Tests.CheckPermissionsServiceTests.SkiPatrolHasNoAccessToAdminFunctions" storage="c:\users\alena\desktop\7_sem\testing_and_debugging\skiresort\bl.tests\bin\debug\net6.0\bl.tests.dll" id="492c0393-35b4-df26-a537-21ca08302f3c">
      <Execution id="db5cc831-14d9-47f3-b0d5-9c4955cc2551" />
      <TestMethod codeBase="C:\Users\alena\Desktop\7_sem\testing_and_debugging\SkiResort\BL.Tests\bin\Debug\net6.0\BL.Tests.dll" adapterTypeName="executor://xunit/VsTestRunner2/netcoreapp" className="BL.Tests.CheckPermissionsServiceTests" name="SkiPatrolHasNoAccessToAdminFunctions" />
    </UnitTest>
    <UnitTest name="BL.Tests.SlopesServiceTest.TestUpdateSlopeInfoAsync(userID: 1, slope: Slope { SlopeID = 38, SlopeName = slopeName99b8b6ea-325c-4466-89de-cb47a5dd13dd, IsOpen = True, DifficultyLevel = 133, ConnectedLifts =  }, checkPermissionServiceMock: Mock&lt;ICheckPermissionService:8&gt;, slopesRepositoryStub: Mock&lt;ISlopesRepository:6&gt;, sut: SlopesService { })" storage="c:\users\alena\desktop\7_sem\testing_and_debugging\skiresort\bl.tests\bin\debug\net6.0\bl.tests.dll" id="9690517c-a229-1fee-544a-143dcf2debbe">
      <Execution id="5d908bd4-1e34-4130-88cb-8b0e59ae37f3" />
      <TestMethod codeBase="C:\Users\alena\Desktop\7_sem\testing_and_debugging\SkiResort\BL.Tests\bin\Debug\net6.0\BL.Tests.dll" adapterTypeName="executor://xunit/VsTestRunner2/netcoreapp" className="BL.Tests.SlopesServiceTest" name="TestUpdateSlopeInfoAsync" />
    </UnitTest>
    <UnitTest name="BL.Tests.LiftsSlopesServiceTests.TestAdminDeleteLiftSlopeAsync(lift: Lift { LiftID = 99, LiftName = liftName9a326dd3-e4df-4504-8549-817b48f04be0, IsOpen = True, SeatsAmount = 241, LiftingTime = 208, QueueTime = 248, ConnectedSlopes =  }, slope: Slope { SlopeID = 54, SlopeName = slopeNamef979286a-8b8c-4e3a-981d-1b5079b72fb9, IsOpen = False, DifficultyLevel = 227, ConnectedLifts =  }, slopesRepositoryStub: Mock&lt;ISlopesRepository:2&gt;, liftsRepo..." storage="c:\users\alena\desktop\7_sem\testing_and_debugging\skiresort\bl.tests\bin\debug\net6.0\bl.tests.dll" id="41bf5486-ef48-c378-a38d-91a643ae43cc">
      <Execution id="3d52cd93-97f4-4846-ad12-0483c8986196" />
      <TestMethod codeBase="C:\Users\alena\Desktop\7_sem\testing_and_debugging\SkiResort\BL.Tests\bin\Debug\net6.0\BL.Tests.dll" adapterTypeName="executor://xunit/VsTestRunner2/netcoreapp" className="BL.Tests.LiftsSlopesServiceTests" name="TestAdminDeleteLiftSlopeAsync" />
    </UnitTest>
    <UnitTest name="BL.Tests.UsersServiceTests.TestLogInWithWrongPassword" storage="c:\users\alena\desktop\7_sem\testing_and_debugging\skiresort\bl.tests\bin\debug\net6.0\bl.tests.dll" id="69340bb6-3645-f9dd-971e-29d8b2a009bb">
      <Execution id="e11d06f5-773e-4a44-81cc-bbf4f84248c2" />
      <TestMethod codeBase="C:\Users\alena\Desktop\7_sem\testing_and_debugging\SkiResort\BL.Tests\bin\Debug\net6.0\BL.Tests.dll" adapterTypeName="executor://xunit/VsTestRunner2/netcoreapp" className="BL.Tests.UsersServiceTests" name="TestLogInWithWrongPassword" />
    </UnitTest>
    <UnitTest name="BL.Tests.SlopesServiceTest.TestAdminAddAutoIncrementSlopeAsync(userID: 157, slope: Slope { SlopeID = 130, SlopeName = slopeName9e59b2bc-3570-43b1-9e60-18d33f58e4f6, IsOpen = True, DifficultyLevel = 227, ConnectedLifts =  }, checkPermissionServiceMock: Mock&lt;ICheckPermissionService:10&gt;, slopesRepositoryStub: Mock&lt;ISlopesRepository:8&gt;, sut: SlopesService { })" storage="c:\users\alena\desktop\7_sem\testing_and_debugging\skiresort\bl.tests\bin\debug\net6.0\bl.tests.dll" id="2ab4ac41-f10e-6f66-61f6-dece89effb2f">
      <Execution id="672688ac-0397-4804-8789-63f42b0a6637" />
      <TestMethod codeBase="C:\Users\alena\Desktop\7_sem\testing_and_debugging\SkiResort\BL.Tests\bin\Debug\net6.0\BL.Tests.dll" adapterTypeName="executor://xunit/VsTestRunner2/netcoreapp" className="BL.Tests.SlopesServiceTest" name="TestAdminAddAutoIncrementSlopeAsync" />
    </UnitTest>
    <UnitTest name="BL.Tests.CheckPermissionsServiceTests.UnauthorizedHasNoAccessToAdminSkiPatrolFunctions(functionName: &quot;GetMessagesAsync&quot;)" storage="c:\users\alena\desktop\7_sem\testing_and_debugging\skiresort\bl.tests\bin\debug\net6.0\bl.tests.dll" id="229812f5-9a73-5335-11f5-31330d1348a5">
      <Execution id="d4e94552-187c-47cb-873b-c0352921809e" />
      <TestMethod codeBase="C:\Users\alena\Desktop\7_sem\testing_and_debugging\SkiResort\BL.Tests\bin\Debug\net6.0\BL.Tests.dll" adapterTypeName="executor://xunit/VsTestRunner2/netcoreapp" className="BL.Tests.CheckPermissionsServiceTests" name="UnauthorizedHasNoAccessToAdminSkiPatrolFunctions" />
    </UnitTest>
    <UnitTest name="BL.Tests.UsersServiceTests.TestRegisterUserWithNoEmail" storage="c:\users\alena\desktop\7_sem\testing_and_debugging\skiresort\bl.tests\bin\debug\net6.0\bl.tests.dll" id="8184bd30-991c-b78d-b4ec-99a485eac0dd">
      <Execution id="40dd8951-3cd6-4a8e-a1a5-e9d2650c13b4" />
      <TestMethod codeBase="C:\Users\alena\Desktop\7_sem\testing_and_debugging\SkiResort\BL.Tests\bin\Debug\net6.0\BL.Tests.dll" adapterTypeName="executor://xunit/VsTestRunner2/netcoreapp" className="BL.Tests.UsersServiceTests" name="TestRegisterUserWithNoEmail" />
    </UnitTest>
    <UnitTest name="BL.Tests.CheckPermissionsServiceTests.AuthorizedHasNoAccessToAdminSkiPatrolFunctions(functionName: &quot;GetMessagesAsync&quot;)" storage="c:\users\alena\desktop\7_sem\testing_and_debugging\skiresort\bl.tests\bin\debug\net6.0\bl.tests.dll" id="2602613f-c8e2-a6d9-fcf7-5b27d4a770a6">
      <Execution id="e38bc7fa-3196-40a2-95b5-8a83fbf47fc7" />
      <TestMethod codeBase="C:\Users\alena\Desktop\7_sem\testing_and_debugging\SkiResort\BL.Tests\bin\Debug\net6.0\BL.Tests.dll" adapterTypeName="executor://xunit/VsTestRunner2/netcoreapp" className="BL.Tests.CheckPermissionsServiceTests" name="AuthorizedHasNoAccessToAdminSkiPatrolFunctions" />
    </UnitTest>
    <UnitTest name="BL.Tests.UsersServiceTests.TestRegisterOk" storage="c:\users\alena\desktop\7_sem\testing_and_debugging\skiresort\bl.tests\bin\debug\net6.0\bl.tests.dll" id="0eeef75f-6e38-7893-a8fe-cff3e0a970a7">
      <Execution id="78c65c4a-f348-4bf2-960d-1ea13c3ffbaf" />
      <TestMethod codeBase="C:\Users\alena\Desktop\7_sem\testing_and_debugging\SkiResort\BL.Tests\bin\Debug\net6.0\BL.Tests.dll" adapterTypeName="executor://xunit/VsTestRunner2/netcoreapp" className="BL.Tests.UsersServiceTests" name="TestRegisterOk" />
    </UnitTest>
    <UnitTest name="BL.Tests.SlopesServiceTest.TestGetSlopesInfoAsync(userID: 68, initialSlopes: [Slope { SlopeID = 48, SlopeName = slopeName59b5ee2a-cefa-48d9-922e-0e083f17fa86, IsOpen = True, DifficultyLevel = 37, ConnectedLifts =  }, Slope { SlopeID = 116, SlopeName = slopeName31d3a54e-50bc-4028-82a3-d9525e0746ef, IsOpen = False, DifficultyLevel = 254, ConnectedLifts =  }, Slope { SlopeID = 237, SlopeName = slopeNamebd3ebd69-20e9-4742-909d-37a77db317e9, IsO..." storage="c:\users\alena\desktop\7_sem\testing_and_debugging\skiresort\bl.tests\bin\debug\net6.0\bl.tests.dll" id="eb9f1286-440c-9e13-3255-e4443fab6ead">
      <Execution id="3684c757-99de-40d3-b042-fa0059d1aeff" />
      <TestMethod codeBase="C:\Users\alena\Desktop\7_sem\testing_and_debugging\SkiResort\BL.Tests\bin\Debug\net6.0\BL.Tests.dll" adapterTypeName="executor://xunit/VsTestRunner2/netcoreapp" className="BL.Tests.SlopesServiceTest" name="TestGetSlopesInfoAsync" />
    </UnitTest>
    <UnitTest name="BL.Tests.CheckPermissionsServiceTests.UnauthorizedHasNoAccessToAuthorizedFunctions(functionName: &quot;LogOutAsync&quot;)" storage="c:\users\alena\desktop\7_sem\testing_and_debugging\skiresort\bl.tests\bin\debug\net6.0\bl.tests.dll" id="fa960c5e-f989-2880-784e-8efe538c5231">
      <Execution id="0d4a89ec-a75c-4eca-bc43-09c19978018b" />
      <TestMethod codeBase="C:\Users\alena\Desktop\7_sem\testing_and_debugging\SkiResort\BL.Tests\bin\Debug\net6.0\BL.Tests.dll" adapterTypeName="executor://xunit/VsTestRunner2/netcoreapp" className="BL.Tests.CheckPermissionsServiceTests" name="UnauthorizedHasNoAccessToAuthorizedFunctions" />
    </UnitTest>
    <UnitTest name="BL.Tests.SlopesServiceTest.TestAdminAddSlopeAsync(userID: 165, slope: Slope { SlopeID = 125, SlopeName = slopeName50af7880-10d8-4db8-9a97-7e75ff13a5be, IsOpen = True, DifficultyLevel = 1, ConnectedLifts =  }, checkPermissionServiceMock: Mock&lt;ICheckPermissionService:11&gt;, slopesRepositoryStub: Mock&lt;ISlopesRepository:9&gt;, sut: SlopesService { })" storage="c:\users\alena\desktop\7_sem\testing_and_debugging\skiresort\bl.tests\bin\debug\net6.0\bl.tests.dll" id="01017e97-2966-9ea4-ed42-53851ab109a2">
      <Execution id="90817e84-bc90-4c82-84cb-7e5b6744e964" />
      <TestMethod codeBase="C:\Users\alena\Desktop\7_sem\testing_and_debugging\SkiResort\BL.Tests\bin\Debug\net6.0\BL.Tests.dll" adapterTypeName="executor://xunit/VsTestRunner2/netcoreapp" className="BL.Tests.SlopesServiceTest" name="TestAdminAddSlopeAsync" />
    </UnitTest>
    <UnitTest name="BL.Tests.TurnstilesServiceTest.TestAdminGetTurnstilesAsync(userID: 225, initialTurnstiles: [Turnstile { TurnstileID = 220, LiftID = 79, IsOpen = True }, Turnstile { TurnstileID = 69, LiftID = 223, IsOpen = False }, Turnstile { TurnstileID = 102, LiftID = 67, IsOpen = True }], checkPermissionServiceMock: Mock&lt;ICheckPermissionService:13&gt;, turnstilesRepositoryStub: Mock&lt;ITurnstilesRepository:7&gt;, sut: TurnstilesService { })" storage="c:\users\alena\desktop\7_sem\testing_and_debugging\skiresort\bl.tests\bin\debug\net6.0\bl.tests.dll" id="a0676a59-511b-11d8-750e-52818322ad5a">
      <Execution id="d9e548fa-1cf8-49be-992f-059b311062b1" />
      <TestMethod codeBase="C:\Users\alena\Desktop\7_sem\testing_and_debugging\SkiResort\BL.Tests\bin\Debug\net6.0\BL.Tests.dll" adapterTypeName="executor://xunit/VsTestRunner2/netcoreapp" className="BL.Tests.TurnstilesServiceTest" name="TestAdminGetTurnstilesAsync" />
    </UnitTest>
    <UnitTest name="BL.Tests.UsersServiceTests.TestAdminUpdateUser" storage="c:\users\alena\desktop\7_sem\testing_and_debugging\skiresort\bl.tests\bin\debug\net6.0\bl.tests.dll" id="06d0bc3a-24a0-fb7f-4277-e9ae6d21c7dd">
      <Execution id="89c9d2b7-fe51-4f30-af38-0d2ff3881783" />
      <TestMethod codeBase="C:\Users\alena\Desktop\7_sem\testing_and_debugging\SkiResort\BL.Tests\bin\Debug\net6.0\BL.Tests.dll" adapterTypeName="executor://xunit/VsTestRunner2/netcoreapp" className="BL.Tests.UsersServiceTests" name="TestAdminUpdateUser" />
    </UnitTest>
    <UnitTest name="BL.Tests.UsersServiceTests.TestAdminGetUserByIDAsync" storage="c:\users\alena\desktop\7_sem\testing_and_debugging\skiresort\bl.tests\bin\debug\net6.0\bl.tests.dll" id="e5497347-2721-b7a6-0bd4-69a9921f6947">
      <Execution id="4d5d71a9-d2ff-491f-abf0-4693c9569ae2" />
      <TestMethod codeBase="C:\Users\alena\Desktop\7_sem\testing_and_debugging\SkiResort\BL.Tests\bin\Debug\net6.0\BL.Tests.dll" adapterTypeName="executor://xunit/VsTestRunner2/netcoreapp" className="BL.Tests.UsersServiceTests" name="TestAdminGetUserByIDAsync" />
    </UnitTest>
    <UnitTest name="BL.Tests.SlopesServiceTest.TestAdminDeleteSlopeAsync(userID: 37, slope: Slope { SlopeID = 118, SlopeName = slopeName531f59d1-fd1f-498e-b285-c2d214f92b52, IsOpen = True, DifficultyLevel = 70, ConnectedLifts =  }, checkPermissionServiceMock: Mock&lt;ICheckPermissionService:9&gt;, slopesRepositoryStub: Mock&lt;ISlopesRepository:7&gt;, liftsSlopesRepositoryStub: Mock&lt;ILiftsSlopesRepository:12&gt;, sut: SlopesService { })" storage="c:\users\alena\desktop\7_sem\testing_and_debugging\skiresort\bl.tests\bin\debug\net6.0\bl.tests.dll" id="9f6bd4fb-e1cf-0eae-10f7-ad693f8d6545">
      <Execution id="7d275c51-83c5-4604-8c05-0e342619e3eb" />
      <TestMethod codeBase="C:\Users\alena\Desktop\7_sem\testing_and_debugging\SkiResort\BL.Tests\bin\Debug\net6.0\BL.Tests.dll" adapterTypeName="executor://xunit/VsTestRunner2/netcoreapp" className="BL.Tests.SlopesServiceTest" name="TestAdminDeleteSlopeAsync" />
    </UnitTest>
    <UnitTest name="BL.Tests.TurnstilesServiceTest.TestAdminUpdateTurnstileAsync(userID: 103, turnstile: Turnstile { TurnstileID = 23, LiftID = 138, IsOpen = True }, checkPermissionServiceMock: Mock&lt;ICheckPermissionService:14&gt;, turnstilesRepositoryStub: Mock&lt;ITurnstilesRepository:8&gt;, sut: TurnstilesService { })" storage="c:\users\alena\desktop\7_sem\testing_and_debugging\skiresort\bl.tests\bin\debug\net6.0\bl.tests.dll" id="37da62f3-7252-6aa5-b759-89d8b5f1a7eb">
      <Execution id="803b84fa-e5f0-4631-bd7b-4e4da08a27df" />
      <TestMethod codeBase="C:\Users\alena\Desktop\7_sem\testing_and_debugging\SkiResort\BL.Tests\bin\Debug\net6.0\BL.Tests.dll" adapterTypeName="executor://xunit/VsTestRunner2/netcoreapp" className="BL.Tests.TurnstilesServiceTest" name="TestAdminUpdateTurnstileAsync" />
    </UnitTest>
    <UnitTest name="BL.Tests.UsersServiceTests.TestAdminGetUsers" storage="c:\users\alena\desktop\7_sem\testing_and_debugging\skiresort\bl.tests\bin\debug\net6.0\bl.tests.dll" id="20ad8570-0170-85de-dcd7-2f109dd7bcd6">
      <Execution id="3822925f-b53d-4489-851a-ef6bfbc13722" />
      <TestMethod codeBase="C:\Users\alena\Desktop\7_sem\testing_and_debugging\SkiResort\BL.Tests\bin\Debug\net6.0\BL.Tests.dll" adapterTypeName="executor://xunit/VsTestRunner2/netcoreapp" className="BL.Tests.UsersServiceTests" name="TestAdminGetUsers" />
    </UnitTest>
  </TestDefinitions>
  <TestEntries>
    <TestEntry testId="8184bd30-991c-b78d-b4ec-99a485eac0dd" executionId="40dd8951-3cd6-4a8e-a1a5-e9d2650c13b4" testListId="8c84fa94-04c1-424b-9868-57a2d4851a1d" />
    <TestEntry testId="eaabd2fc-2f4b-5689-59c8-c7ad34a8f634" executionId="e494a7af-76d5-4ba6-afaf-fa93a5b6b23c" testListId="8c84fa94-04c1-424b-9868-57a2d4851a1d" />
    <TestEntry testId="f44a1b21-8efc-bfac-63b4-d534442def31" executionId="6a1a196c-a6a5-4107-bacf-617daf45322d" testListId="8c84fa94-04c1-424b-9868-57a2d4851a1d" />
    <TestEntry testId="492c0393-35b4-df26-a537-21ca08302f3c" executionId="db5cc831-14d9-47f3-b0d5-9c4955cc2551" testListId="8c84fa94-04c1-424b-9868-57a2d4851a1d" />
    <TestEntry testId="0eeef75f-6e38-7893-a8fe-cff3e0a970a7" executionId="78c65c4a-f348-4bf2-960d-1ea13c3ffbaf" testListId="8c84fa94-04c1-424b-9868-57a2d4851a1d" />
    <TestEntry testId="8f72e2ae-d865-46ec-b61a-66585bd44d40" executionId="5a7b59a7-03fa-4c0c-a1e6-a0ee6a81eac4" testListId="8c84fa94-04c1-424b-9868-57a2d4851a1d" />
    <TestEntry testId="a0676a59-511b-11d8-750e-52818322ad5a" executionId="d9e548fa-1cf8-49be-992f-059b311062b1" testListId="8c84fa94-04c1-424b-9868-57a2d4851a1d" />
    <TestEntry testId="c36970dc-93f7-753e-fa47-157133b01644" executionId="e9382fb4-6937-4953-813e-5c6c7e1ddd81" testListId="8c84fa94-04c1-424b-9868-57a2d4851a1d" />
    <TestEntry testId="9f6bd4fb-e1cf-0eae-10f7-ad693f8d6545" executionId="7d275c51-83c5-4604-8c05-0e342619e3eb" testListId="8c84fa94-04c1-424b-9868-57a2d4851a1d" />
    <TestEntry testId="1bde87bb-e39f-d33d-3954-39069294cdb7" executionId="2f64a360-af1b-44a1-ade5-2372579e6aca" testListId="8c84fa94-04c1-424b-9868-57a2d4851a1d" />
    <TestEntry testId="41bf5486-ef48-c378-a38d-91a643ae43cc" executionId="3d52cd93-97f4-4846-ad12-0483c8986196" testListId="8c84fa94-04c1-424b-9868-57a2d4851a1d" />
    <TestEntry testId="aa28a6b3-21d3-aa45-24d3-bef2facbc899" executionId="02b88f82-6663-4407-ba97-661998276fdf" testListId="8c84fa94-04c1-424b-9868-57a2d4851a1d" />
    <TestEntry testId="ab8bce95-ac29-fc88-51d0-7d10326aee88" executionId="0f4e74b4-500e-456a-8fa8-e68f56bd390e" testListId="8c84fa94-04c1-424b-9868-57a2d4851a1d" />
    <TestEntry testId="242506d7-117d-66b8-cde1-2005a05df785" executionId="39a28571-e85f-44ea-a310-dcdedfab760c" testListId="8c84fa94-04c1-424b-9868-57a2d4851a1d" />
    <TestEntry testId="b1dc360a-a782-7169-0f1c-5c2c8aeb8c48" executionId="2c97c8c0-0d84-4cb6-9c85-63e4d730df2f" testListId="8c84fa94-04c1-424b-9868-57a2d4851a1d" />
    <TestEntry testId="a2e59116-cb53-1d70-9cb8-21c286516866" executionId="ed761f38-dee4-4ed5-9e8f-e4e12a67cddf" testListId="8c84fa94-04c1-424b-9868-57a2d4851a1d" />
    <TestEntry testId="06d0bc3a-24a0-fb7f-4277-e9ae6d21c7dd" executionId="89c9d2b7-fe51-4f30-af38-0d2ff3881783" testListId="8c84fa94-04c1-424b-9868-57a2d4851a1d" />
    <TestEntry testId="106b6aca-24eb-f478-80d5-7746c2c66bec" executionId="4264c486-7afe-4f0e-8cdf-ef98a1613220" testListId="8c84fa94-04c1-424b-9868-57a2d4851a1d" />
    <TestEntry testId="1a7e5ec6-3c95-d49c-17f1-42bdbbf9218f" executionId="82715889-fb02-481a-a8b8-6baccd216ef3" testListId="8c84fa94-04c1-424b-9868-57a2d4851a1d" />
    <TestEntry testId="69340bb6-3645-f9dd-971e-29d8b2a009bb" executionId="e11d06f5-773e-4a44-81cc-bbf4f84248c2" testListId="8c84fa94-04c1-424b-9868-57a2d4851a1d" />
    <TestEntry testId="01017e97-2966-9ea4-ed42-53851ab109a2" executionId="90817e84-bc90-4c82-84cb-7e5b6744e964" testListId="8c84fa94-04c1-424b-9868-57a2d4851a1d" />
    <TestEntry testId="e2d7e5be-3dae-33ae-fb17-c704b6fd58d6" executionId="dd7ccdc1-2741-47e9-90a1-003d44c60796" testListId="8c84fa94-04c1-424b-9868-57a2d4851a1d" />
    <TestEntry testId="644ec43e-70cd-c82d-42e7-0d990be1414d" executionId="72d8e162-6990-4f9c-983d-dec6bc19ea50" testListId="8c84fa94-04c1-424b-9868-57a2d4851a1d" />
    <TestEntry testId="834c739b-eca4-b36d-6a66-5a1bd75377b8" executionId="acd0f1a3-c35d-45de-b1cd-1e21c84d2b38" testListId="8c84fa94-04c1-424b-9868-57a2d4851a1d" />
    <TestEntry testId="229812f5-9a73-5335-11f5-31330d1348a5" executionId="d4e94552-187c-47cb-873b-c0352921809e" testListId="8c84fa94-04c1-424b-9868-57a2d4851a1d" />
    <TestEntry testId="60bd668f-04df-da5e-b79b-5d9aedb5234d" executionId="a2833287-68af-4658-ab14-745ed67b452b" testListId="8c84fa94-04c1-424b-9868-57a2d4851a1d" />
    <TestEntry testId="9c7df5e2-1b23-ebea-889f-b78ca86b60ab" executionId="05a325fa-1c5a-4362-b7b0-9269fc77fada" testListId="8c84fa94-04c1-424b-9868-57a2d4851a1d" />
    <TestEntry testId="37da62f3-7252-6aa5-b759-89d8b5f1a7eb" executionId="803b84fa-e5f0-4631-bd7b-4e4da08a27df" testListId="8c84fa94-04c1-424b-9868-57a2d4851a1d" />
    <TestEntry testId="1ca07ad8-f799-c5d4-e7cc-34fd950198a2" executionId="4040bfd4-38b3-45cf-aa10-36a551bdd647" testListId="8c84fa94-04c1-424b-9868-57a2d4851a1d" />
    <TestEntry testId="894941c1-bfa7-d8f9-c047-1e1ceefe2c2f" executionId="b48197f4-2fb3-4953-b0ea-1471da281c6f" testListId="8c84fa94-04c1-424b-9868-57a2d4851a1d" />
    <TestEntry testId="39be9b5e-0bc4-57dc-37d3-aec6b520299d" executionId="fa8c6f6b-fabe-4a24-91da-891912cd82af" testListId="8c84fa94-04c1-424b-9868-57a2d4851a1d" />
    <TestEntry testId="2d706594-f2b3-b3c8-21d4-86c9798c3306" executionId="3a207de5-2f91-4c2c-8467-2f7655fc5099" testListId="8c84fa94-04c1-424b-9868-57a2d4851a1d" />
    <TestEntry testId="35b3c309-3e14-da19-37ac-1c2077417eb6" executionId="f6d823be-92b4-4e68-ad38-c23101d2782b" testListId="8c84fa94-04c1-424b-9868-57a2d4851a1d" />
    <TestEntry testId="f3efc418-a8a6-c7b7-9bac-90b33aa8472f" executionId="9a2576d4-95b3-47fa-bb35-9d77c1e23453" testListId="8c84fa94-04c1-424b-9868-57a2d4851a1d" />
    <TestEntry testId="387c9729-48c1-486e-5e67-f5d11a9f0db8" executionId="eba5f3e5-f6da-47c2-a7df-3d6743530fe8" testListId="8c84fa94-04c1-424b-9868-57a2d4851a1d" />
    <TestEntry testId="18fa8c62-e27d-e1fc-8182-4d7db62b008d" executionId="9ba1772a-80aa-4eaa-8055-c1760af8afff" testListId="8c84fa94-04c1-424b-9868-57a2d4851a1d" />
    <TestEntry testId="4f297306-d4f3-8d63-e7f4-1ac0b8c58c74" executionId="95518a72-3027-4764-a360-7955d445f3f6" testListId="8c84fa94-04c1-424b-9868-57a2d4851a1d" />
    <TestEntry testId="a19a5fcf-c5d2-7d44-5d7d-84403042f4e0" executionId="f2542fcb-cd5b-4172-831f-bb55ea498c49" testListId="8c84fa94-04c1-424b-9868-57a2d4851a1d" />
    <TestEntry testId="2602613f-c8e2-a6d9-fcf7-5b27d4a770a6" executionId="e38bc7fa-3196-40a2-95b5-8a83fbf47fc7" testListId="8c84fa94-04c1-424b-9868-57a2d4851a1d" />
    <TestEntry testId="e5497347-2721-b7a6-0bd4-69a9921f6947" executionId="4d5d71a9-d2ff-491f-abf0-4693c9569ae2" testListId="8c84fa94-04c1-424b-9868-57a2d4851a1d" />
    <TestEntry testId="3a83d526-542f-53c9-194b-b3d192ddf856" executionId="913d15a7-b870-4362-8194-76e29b7918f5" testListId="8c84fa94-04c1-424b-9868-57a2d4851a1d" />
    <TestEntry testId="fa960c5e-f989-2880-784e-8efe538c5231" executionId="0d4a89ec-a75c-4eca-bc43-09c19978018b" testListId="8c84fa94-04c1-424b-9868-57a2d4851a1d" />
    <TestEntry testId="eb9f1286-440c-9e13-3255-e4443fab6ead" executionId="3684c757-99de-40d3-b042-fa0059d1aeff" testListId="8c84fa94-04c1-424b-9868-57a2d4851a1d" />
    <TestEntry testId="20ad8570-0170-85de-dcd7-2f109dd7bcd6" executionId="3822925f-b53d-4489-851a-ef6bfbc13722" testListId="8c84fa94-04c1-424b-9868-57a2d4851a1d" />
    <TestEntry testId="2ab4ac41-f10e-6f66-61f6-dece89effb2f" executionId="672688ac-0397-4804-8789-63f42b0a6637" testListId="8c84fa94-04c1-424b-9868-57a2d4851a1d" />
    <TestEntry testId="9690517c-a229-1fee-544a-143dcf2debbe" executionId="5d908bd4-1e34-4130-88cb-8b0e59ae37f3" testListId="8c84fa94-04c1-424b-9868-57a2d4851a1d" />
    <TestEntry testId="60d9d0d5-e766-a609-92b0-1a81a39a0f15" executionId="b4bcd22d-6d82-4041-ba6c-11997e80e6ee" testListId="8c84fa94-04c1-424b-9868-57a2d4851a1d" />
  </TestEntries>
  <TestLists>
    <TestList name="Список результатов" id="8c84fa94-04c1-424b-9868-57a2d4851a1d" />
    <TestList name="Все загруженные результаты" id="19431567-8539-422a-85d7-44ee4e166bda" />
  </TestLists>
  <ResultSummary outcome="Completed">
    <Counters total="47" executed="47" passed="47" failed="0" error="0" timeout="0" aborted="0" inconclusive="0" passedButRunAborted="0" notRunnable="0" notExecuted="0" disconnected="0" warning="0" completed="0" inProgress="0" pending="0" />
    <Output>
      <StdOut>[xUnit.net 00:00:00.00] xUnit.net VSTest Adapter v2.4.5+1caef2f33e (64-bit .NET 6.0.3)&#xD;
[xUnit.net 00:00:00.49]   Discovering: BL.Tests&#xD;
[xUnit.net 00:00:00.78]   Discovered:  BL.Tests&#xD;
[xUnit.net 00:00:00.79]   Starting:    BL.Tests&#xD;
[xUnit.net 00:00:01.11]   Finished:    BL.Tests&#xD;
</StdOut>
    </Output>
  </ResultSummary>
</TestRun>