<?xml version="1.0" encoding="utf-8"?>
<TestRun id="d2cc9ad1-0999-45d9-962b-8b7fc91ce36c" name="alena@DESKTOP-TJ9D65N 2022-10-15 22:10:06" runUser="DESKTOP-TJ9D65N\alena" xmlns="http://microsoft.com/schemas/VisualStudio/TeamTest/2010">
  <Times creation="2022-10-15T22:10:06.6019578+03:00" queuing="2022-10-15T22:10:06.6019581+03:00" start="2022-10-15T22:10:04.8110853+03:00" finish="2022-10-15T22:10:06.6949164+03:00" />
  <TestSettings name="default" id="e463db54-1196-4372-8164-884caa34e180">
    <Deployment runDeploymentRoot="alena_DESKTOP-TJ9D65N_2022-10-15_22_10_06" />
  </TestSettings>
  <Results>
    <UnitTestResult executionId="2d948e2f-bade-44eb-9593-761f922babdb" testId="37d256d1-b740-adb9-15a0-f87ccbd81775" testName="BL.Tests.TurnstilesServiceTest.TestAdminUpdateTurnstileAsync(userID: 58, turnstile: Turnstile { TurnstileID = 45, LiftID = 99, IsOpen = True }, checkPermissionServiceMock: Mock&lt;ICheckPermissionService:14&gt;, turnstilesRepositoryStub: Mock&lt;ITurnstilesRepository:8&gt;, sut: TurnstilesService { })" computerName="DESKTOP-TJ9D65N" duration="00:00:00.0061093" startTime="2022-10-15T22:10:06.5379574+03:00" endTime="2022-10-15T22:10:06.5379574+03:00" testType="13cdc9d9-ddb5-4fa4-a97d-d965ccfc6d4b" outcome="Passed" testListId="8c84fa94-04c1-424b-9868-57a2d4851a1d" relativeResultsDirectory="2d948e2f-bade-44eb-9593-761f922babdb" />
    <UnitTestResult executionId="35c276f5-2dfd-4214-8740-c08e9bb77228" testId="b2b1daee-1a1f-31bb-4c3a-8d95a29c4287" testName="BL.Tests.LiftsSlopesServiceTests.TestAdminDeleteLiftSlopeAsync(lift: Lift { LiftID = 226, LiftName = liftNamef5121797-9ed7-4e9f-b58c-f8affecc671f, IsOpen = True, SeatsAmount = 82, LiftingTime = 255, QueueTime = 206, ConnectedSlopes =  }, slope: Slope { SlopeID = 49, SlopeName = slopeName49fa9689-d85b-4c9a-9945-d66556958033, IsOpen = False, DifficultyLevel = 135, ConnectedLifts =  }, slopesRepositoryStub: Mock&lt;ISlopesRepository:2&gt;, liftsRepositoryStub: Mock&lt;ILiftsRepository:7&gt;, liftsSlopesRepositoryStub: Mock&lt;ILiftsSlopesRepository:7&gt;)" computerName="DESKTOP-TJ9D65N" duration="00:00:00.0110323" startTime="2022-10-15T22:10:06.5404889+03:00" endTime="2022-10-15T22:10:06.5404890+03:00" testType="13cdc9d9-ddb5-4fa4-a97d-d965ccfc6d4b" outcome="Passed" testListId="8c84fa94-04c1-424b-9868-57a2d4851a1d" relativeResultsDirectory="35c276f5-2dfd-4214-8740-c08e9bb77228" />
    <UnitTestResult executionId="8fb686e1-c136-431f-ae4d-c9e977478151" testId="1ca07ad8-f799-c5d4-e7cc-34fd950198a2" testName="BL.Tests.UsersServiceTests.TestLogInOk" computerName="DESKTOP-TJ9D65N" duration="00:00:00.0035459" startTime="2022-10-15T22:10:06.5626926+03:00" endTime="2022-10-15T22:10:06.5626928+03:00" testType="13cdc9d9-ddb5-4fa4-a97d-d965ccfc6d4b" outcome="Passed" testListId="8c84fa94-04c1-424b-9868-57a2d4851a1d" relativeResultsDirectory="8fb686e1-c136-431f-ae4d-c9e977478151" />
    <UnitTestResult executionId="42a22d83-1523-4e9e-9e87-3aa6d5ee02ea" testId="387c9729-48c1-486e-5e67-f5d11a9f0db8" testName="BL.Tests.CheckPermissionsServiceTests.UnauthorizedHasNoAccessToAdminSkiPatrolFunctions(functionName: &quot;GetLiftsSlopesInfoAsync&quot;)" computerName="DESKTOP-TJ9D65N" duration="00:00:00.0017164" startTime="2022-10-15T22:10:06.5376004+03:00" endTime="2022-10-15T22:10:06.5376007+03:00" testType="13cdc9d9-ddb5-4fa4-a97d-d965ccfc6d4b" outcome="Passed" testListId="8c84fa94-04c1-424b-9868-57a2d4851a1d" relativeResultsDirectory="42a22d83-1523-4e9e-9e87-3aa6d5ee02ea" />
    <UnitTestResult executionId="e8bf8ee7-3e29-4bc2-a30e-e1f8d997a442" testId="8184bd30-991c-b78d-b4ec-99a485eac0dd" testName="BL.Tests.UsersServiceTests.TestRegisterUserWithNoEmail" computerName="DESKTOP-TJ9D65N" duration="00:00:00.0031606" startTime="2022-10-15T22:10:06.5378629+03:00" endTime="2022-10-15T22:10:06.5378630+03:00" testType="13cdc9d9-ddb5-4fa4-a97d-d965ccfc6d4b" outcome="Passed" testListId="8c84fa94-04c1-424b-9868-57a2d4851a1d" relativeResultsDirectory="e8bf8ee7-3e29-4bc2-a30e-e1f8d997a442" />
    <UnitTestResult executionId="8fd79f79-fc02-40f8-af25-988e352f8eaf" testId="60bd668f-04df-da5e-b79b-5d9aedb5234d" testName="BL.Tests.CheckPermissionsServiceTests.SkiPatrolHasAccessToAdminSkiPatrolFunctions(functionName: &quot;MarkMessageReadByUserAsync&quot;)" computerName="DESKTOP-TJ9D65N" duration="00:00:00.0016675" startTime="2022-10-15T22:10:06.5558310+03:00" endTime="2022-10-15T22:10:06.5558312+03:00" testType="13cdc9d9-ddb5-4fa4-a97d-d965ccfc6d4b" outcome="Passed" testListId="8c84fa94-04c1-424b-9868-57a2d4851a1d" relativeResultsDirectory="8fd79f79-fc02-40f8-af25-988e352f8eaf" />
    <UnitTestResult executionId="f1bf5f3d-c944-4ddc-b91b-ba7993b85f1b" testId="bdf8e57c-6712-5b26-3775-58b12653431b" testName="BL.Tests.SlopesServiceTest.TestAdminAddSlopeAsync(userID: 162, slope: Slope { SlopeID = 81, SlopeName = slopeNamee7c17dee-26e4-4cff-a7e3-343a7d48183c, IsOpen = True, DifficultyLevel = 116, ConnectedLifts =  }, checkPermissionServiceMock: Mock&lt;ICheckPermissionService:11&gt;, slopesRepositoryStub: Mock&lt;ISlopesRepository:9&gt;, sut: SlopesService { })" computerName="DESKTOP-TJ9D65N" duration="00:00:00.0089430" startTime="2022-10-15T22:10:06.5446310+03:00" endTime="2022-10-15T22:10:06.5446312+03:00" testType="13cdc9d9-ddb5-4fa4-a97d-d965ccfc6d4b" outcome="Passed" testListId="8c84fa94-04c1-424b-9868-57a2d4851a1d" relativeResultsDirectory="f1bf5f3d-c944-4ddc-b91b-ba7993b85f1b" />
    <UnitTestResult executionId="a3947414-6b14-4bf1-8e6a-2b3175b4dbc8" testId="f0b640a2-e9d0-3915-ef2c-21ae0b7fa2f1" testName="BL.Tests.SlopesServiceTest.TestGetSlopeInfoAsync(userID: 123, slope: Slope { SlopeID = 89, SlopeName = slopeName993eeffe-fb71-4adb-b92a-db5bbf86b738, IsOpen = True, DifficultyLevel = 86, ConnectedLifts =  }, checkPermissionServiceMock: Mock&lt;ICheckPermissionService:6&gt;, slopesRepositoryStub: Mock&lt;ISlopesRepository:4&gt;, liftsSlopesRepositoryStub: Mock&lt;ILiftsSlopesRepository:9&gt;, sut: SlopesService { })" computerName="DESKTOP-TJ9D65N" duration="00:00:00.0085543" startTime="2022-10-15T22:10:06.5655175+03:00" endTime="2022-10-15T22:10:06.5655177+03:00" testType="13cdc9d9-ddb5-4fa4-a97d-d965ccfc6d4b" outcome="Passed" testListId="8c84fa94-04c1-424b-9868-57a2d4851a1d" relativeResultsDirectory="a3947414-6b14-4bf1-8e6a-2b3175b4dbc8" />
    <UnitTestResult executionId="d69f4607-6333-47bb-8913-574bb610cf2f" testId="e5c0e081-c7c4-498c-3142-b01fdd577bdc" testName="BL.Tests.TurnstilesServiceTest.TestAdminDeleteTurnstileAsync(userID: 199, turnstile: Turnstile { TurnstileID = 5, LiftID = 34, IsOpen = True }, checkPermissionServiceMock: Mock&lt;ICheckPermissionService:15&gt;, turnstilesRepositoryStub: Mock&lt;ITurnstilesRepository:9&gt;, sut: TurnstilesService { })" computerName="DESKTOP-TJ9D65N" duration="00:00:00.0051443" startTime="2022-10-15T22:10:06.5436594+03:00" endTime="2022-10-15T22:10:06.5436595+03:00" testType="13cdc9d9-ddb5-4fa4-a97d-d965ccfc6d4b" outcome="Passed" testListId="8c84fa94-04c1-424b-9868-57a2d4851a1d" relativeResultsDirectory="d69f4607-6333-47bb-8913-574bb610cf2f" />
    <UnitTestResult executionId="9d2598da-7738-4a9a-b998-b3751ee0ccfc" testId="fbd65aab-99ee-4bbd-afd1-951103c98f9a" testName="BL.Tests.TurnstilesServiceTest.TestAdminGetTurnstilesAsync(userID: 151, initialTurnstiles: [Turnstile { TurnstileID = 163, LiftID = 96, IsOpen = True }, Turnstile { TurnstileID = 183, LiftID = 194, IsOpen = False }, Turnstile { TurnstileID = 173, LiftID = 98, IsOpen = True }], checkPermissionServiceMock: Mock&lt;ICheckPermissionService:13&gt;, turnstilesRepositoryStub: Mock&lt;ITurnstilesRepository:7&gt;, sut: TurnstilesService { })" computerName="DESKTOP-TJ9D65N" duration="00:00:00.0451487" startTime="2022-10-15T22:10:06.4498763+03:00" endTime="2022-10-15T22:10:06.4498764+03:00" testType="13cdc9d9-ddb5-4fa4-a97d-d965ccfc6d4b" outcome="Passed" testListId="8c84fa94-04c1-424b-9868-57a2d4851a1d" relativeResultsDirectory="9d2598da-7738-4a9a-b998-b3751ee0ccfc" />
    <UnitTestResult executionId="4e22aab1-0240-485a-b678-a374120622f6" testId="c36970dc-93f7-753e-fa47-157133b01644" testName="BL.Tests.CheckPermissionsServiceTests.SkiPatrolHasAccessToAdminSkiPatrolFunctions(functionName: &quot;GetMessagesAsync&quot;)" computerName="DESKTOP-TJ9D65N" duration="00:00:00.0011335" startTime="2022-10-15T22:10:06.5596420+03:00" endTime="2022-10-15T22:10:06.5596421+03:00" testType="13cdc9d9-ddb5-4fa4-a97d-d965ccfc6d4b" outcome="Passed" testListId="8c84fa94-04c1-424b-9868-57a2d4851a1d" relativeResultsDirectory="4e22aab1-0240-485a-b678-a374120622f6" />
    <UnitTestResult executionId="f70177fe-6cbe-43ac-858b-de4478772771" testId="9f49ab42-bccd-fd66-afea-48ae49194e29" testName="BL.Tests.SlopesServiceTest.TestUpdateSlopeInfoAsync(userID: 146, slope: Slope { SlopeID = 105, SlopeName = slopeName9a6e73ad-c030-4a1a-ab66-87e157f592f0, IsOpen = True, DifficultyLevel = 241, ConnectedLifts =  }, checkPermissionServiceMock: Mock&lt;ICheckPermissionService:8&gt;, slopesRepositoryStub: Mock&lt;ISlopesRepository:6&gt;, sut: SlopesService { })" computerName="DESKTOP-TJ9D65N" duration="00:00:00.0076495" startTime="2022-10-15T22:10:06.5427650+03:00" endTime="2022-10-15T22:10:06.5427651+03:00" testType="13cdc9d9-ddb5-4fa4-a97d-d965ccfc6d4b" outcome="Passed" testListId="8c84fa94-04c1-424b-9868-57a2d4851a1d" relativeResultsDirectory="f70177fe-6cbe-43ac-858b-de4478772771" />
    <UnitTestResult executionId="e589989a-5298-4abf-b476-eaa01a5838d3" testId="18fa8c62-e27d-e1fc-8182-4d7db62b008d" testName="BL.Tests.UsersServiceTests.TestAdminDeleteUser" computerName="DESKTOP-TJ9D65N" duration="00:00:00.0036411" startTime="2022-10-15T22:10:06.5975556+03:00" endTime="2022-10-15T22:10:06.5975557+03:00" testType="13cdc9d9-ddb5-4fa4-a97d-d965ccfc6d4b" outcome="Passed" testListId="8c84fa94-04c1-424b-9868-57a2d4851a1d" relativeResultsDirectory="e589989a-5298-4abf-b476-eaa01a5838d3" />
    <UnitTestResult executionId="ee8e4843-f694-4860-bf9c-350657b22f9e" testId="eaabd2fc-2f4b-5689-59c8-c7ad34a8f634" testName="BL.Tests.CheckPermissionsServiceTests.UnauthorizedHasNoAccessToAuthorizedFunctions(functionName: &quot;SendMessageAsync&quot;)" computerName="DESKTOP-TJ9D65N" duration="00:00:00.0031047" startTime="2022-10-15T22:10:06.5407026+03:00" endTime="2022-10-15T22:10:06.5407027+03:00" testType="13cdc9d9-ddb5-4fa4-a97d-d965ccfc6d4b" outcome="Passed" testListId="8c84fa94-04c1-424b-9868-57a2d4851a1d" relativeResultsDirectory="ee8e4843-f694-4860-bf9c-350657b22f9e" />
    <UnitTestResult executionId="04e72366-ba49-42e9-b67d-1abc3b28d004" testId="492c0393-35b4-df26-a537-21ca08302f3c" testName="BL.Tests.CheckPermissionsServiceTests.SkiPatrolHasNoAccessToAdminFunctions" computerName="DESKTOP-TJ9D65N" duration="00:00:00.0033874" startTime="2022-10-15T22:10:06.6106425+03:00" endTime="2022-10-15T22:10:06.6106427+03:00" testType="13cdc9d9-ddb5-4fa4-a97d-d965ccfc6d4b" outcome="Passed" testListId="8c84fa94-04c1-424b-9868-57a2d4851a1d" relativeResultsDirectory="04e72366-ba49-42e9-b67d-1abc3b28d004" />
    <UnitTestResult executionId="395abdab-edb4-4f68-be78-29c413ec6dcd" testId="e2d7e5be-3dae-33ae-fb17-c704b6fd58d6" testName="BL.Tests.CheckPermissionsServiceTests.UnauthorizedHasNoAccessToAdminFunctions" computerName="DESKTOP-TJ9D65N" duration="00:00:00.0045521" startTime="2022-10-15T22:10:06.6024439+03:00" endTime="2022-10-15T22:10:06.6024441+03:00" testType="13cdc9d9-ddb5-4fa4-a97d-d965ccfc6d4b" outcome="Passed" testListId="8c84fa94-04c1-424b-9868-57a2d4851a1d" relativeResultsDirectory="395abdab-edb4-4f68-be78-29c413ec6dcd" />
    <UnitTestResult executionId="b3860bf4-ed51-4180-a273-30238fd948c0" testId="894941c1-bfa7-d8f9-c047-1e1ceefe2c2f" testName="BL.Tests.UsersServiceTests.TestRegisterUserWithRepeatedEmail" computerName="DESKTOP-TJ9D65N" duration="00:00:00.0090844" startTime="2022-10-15T22:10:06.5414069+03:00" endTime="2022-10-15T22:10:06.5414070+03:00" testType="13cdc9d9-ddb5-4fa4-a97d-d965ccfc6d4b" outcome="Passed" testListId="8c84fa94-04c1-424b-9868-57a2d4851a1d" relativeResultsDirectory="b3860bf4-ed51-4180-a273-30238fd948c0" />
    <UnitTestResult executionId="c5270be1-3d66-4039-b6e9-0536f3632695" testId="aaa5f3eb-6520-277d-f243-dd4f28af6408" testName="BL.Tests.LiftsServiceTest.TestAdminAddAutoIncrementLiftAsync(userID: 182, lift: Lift { LiftID = 201, LiftName = liftNameff14a586-7f60-45d9-8b6d-2aaf926a8b9d, IsOpen = True, SeatsAmount = 130, LiftingTime = 187, QueueTime = 249, ConnectedSlopes =  }, checkPermissionServiceMock: Mock&lt;ICheckPermissionService:5&gt;, liftsRepositoryStub: Mock&lt;ILiftsRepository:5&gt;, sut: LiftsService { })" computerName="DESKTOP-TJ9D65N" duration="00:00:00.0204162" startTime="2022-10-15T22:10:06.5407336+03:00" endTime="2022-10-15T22:10:06.5407337+03:00" testType="13cdc9d9-ddb5-4fa4-a97d-d965ccfc6d4b" outcome="Passed" testListId="8c84fa94-04c1-424b-9868-57a2d4851a1d" relativeResultsDirectory="c5270be1-3d66-4039-b6e9-0536f3632695" />
    <UnitTestResult executionId="10e1ae43-9eee-489d-b20b-f5009946482d" testId="644ec43e-70cd-c82d-42e7-0d990be1414d" testName="BL.Tests.CheckPermissionsServiceTests.AuthorizedHasAccessToAuthorizedFunctions(functionName: &quot;SendMessageAsync&quot;)" computerName="DESKTOP-TJ9D65N" duration="00:00:00.0034163" startTime="2022-10-15T22:10:06.5905182+03:00" endTime="2022-10-15T22:10:06.5905184+03:00" testType="13cdc9d9-ddb5-4fa4-a97d-d965ccfc6d4b" outcome="Passed" testListId="8c84fa94-04c1-424b-9868-57a2d4851a1d" relativeResultsDirectory="10e1ae43-9eee-489d-b20b-f5009946482d" />
    <UnitTestResult executionId="4b828b67-f581-4fa2-af29-d1b1dc9b83d0" testId="2d706594-f2b3-b3c8-21d4-86c9798c3306" testName="BL.Tests.CheckPermissionsServiceTests.SkiPatrolHasAccessToAdminSkiPatrolFunctions(functionName: &quot;GetLiftsSlopesInfoAsync&quot;)" computerName="DESKTOP-TJ9D65N" duration="00:00:00.0056401" startTime="2022-10-15T22:10:06.5428839+03:00" endTime="2022-10-15T22:10:06.5428840+03:00" testType="13cdc9d9-ddb5-4fa4-a97d-d965ccfc6d4b" outcome="Passed" testListId="8c84fa94-04c1-424b-9868-57a2d4851a1d" relativeResultsDirectory="4b828b67-f581-4fa2-af29-d1b1dc9b83d0" />
    <UnitTestResult executionId="267d3e0a-933e-494b-a3de-e3b68e2a0cdd" testId="e5497347-2721-b7a6-0bd4-69a9921f6947" testName="BL.Tests.UsersServiceTests.TestAdminGetUserByIDAsync" computerName="DESKTOP-TJ9D65N" duration="00:00:00.0064479" startTime="2022-10-15T22:10:06.5905565+03:00" endTime="2022-10-15T22:10:06.5905566+03:00" testType="13cdc9d9-ddb5-4fa4-a97d-d965ccfc6d4b" outcome="Passed" testListId="8c84fa94-04c1-424b-9868-57a2d4851a1d" relativeResultsDirectory="267d3e0a-933e-494b-a3de-e3b68e2a0cdd" />
    <UnitTestResult executionId="0737492b-8afd-4c16-8b1b-21038e1d3573" testId="0eeef75f-6e38-7893-a8fe-cff3e0a970a7" testName="BL.Tests.UsersServiceTests.TestRegisterOk" computerName="DESKTOP-TJ9D65N" duration="00:00:00.0189894" startTime="2022-10-15T22:10:06.5540842+03:00" endTime="2022-10-15T22:10:06.5540843+03:00" testType="13cdc9d9-ddb5-4fa4-a97d-d965ccfc6d4b" outcome="Passed" testListId="8c84fa94-04c1-424b-9868-57a2d4851a1d" relativeResultsDirectory="0737492b-8afd-4c16-8b1b-21038e1d3573" />
    <UnitTestResult executionId="e115198a-f2cf-4bd8-ad40-925da8988e33" testId="69340bb6-3645-f9dd-971e-29d8b2a009bb" testName="BL.Tests.UsersServiceTests.TestLogInWithWrongPassword" computerName="DESKTOP-TJ9D65N" duration="00:00:00.0043034" startTime="2022-10-15T22:10:06.5699365+03:00" endTime="2022-10-15T22:10:06.5699367+03:00" testType="13cdc9d9-ddb5-4fa4-a97d-d965ccfc6d4b" outcome="Passed" testListId="8c84fa94-04c1-424b-9868-57a2d4851a1d" relativeResultsDirectory="e115198a-f2cf-4bd8-ad40-925da8988e33" />
    <UnitTestResult executionId="a7a8cf7c-5ddd-4404-8103-30e1e3b3d2dd" testId="06d0bc3a-24a0-fb7f-4277-e9ae6d21c7dd" testName="BL.Tests.UsersServiceTests.TestAdminUpdateUser" computerName="DESKTOP-TJ9D65N" duration="00:00:00.0061956" startTime="2022-10-15T22:10:06.5427890+03:00" endTime="2022-10-15T22:10:06.5427891+03:00" testType="13cdc9d9-ddb5-4fa4-a97d-d965ccfc6d4b" outcome="Passed" testListId="8c84fa94-04c1-424b-9868-57a2d4851a1d" relativeResultsDirectory="a7a8cf7c-5ddd-4404-8103-30e1e3b3d2dd" />
    <UnitTestResult executionId="e4780e95-b5c7-4849-8ec2-724d15ff0ff1" testId="39be9b5e-0bc4-57dc-37d3-aec6b520299d" testName="BL.Tests.LiftsSlopesServiceTests.TestGetLiftsSlopesInfoAsync(liftsSlopes: [LiftSlope { RecordID = 235, LiftID = 105, SlopeID = 127 }, LiftSlope { RecordID = 253, LiftID = 126, SlopeID = 213 }, LiftSlope { RecordID = 1, LiftID = 26, SlopeID = 38 }], slopesRepositoryStub: Mock&lt;ISlopesRepository:1&gt;, liftsRepositoryStub: Mock&lt;ILiftsRepository:6&gt;, liftsSlopesRepositoryStub: Mock&lt;ILiftsSlopesRepository:6&gt;)" computerName="DESKTOP-TJ9D65N" duration="00:00:00.0045498" startTime="2022-10-15T22:10:06.5424956+03:00" endTime="2022-10-15T22:10:06.5424957+03:00" testType="13cdc9d9-ddb5-4fa4-a97d-d965ccfc6d4b" outcome="Passed" testListId="8c84fa94-04c1-424b-9868-57a2d4851a1d" relativeResultsDirectory="e4780e95-b5c7-4849-8ec2-724d15ff0ff1" />
    <UnitTestResult executionId="9df772e0-5908-4524-bf22-7acabdfd51b3" testId="170f9de8-cbf0-d4c6-26f2-9bfeadb3cf0f" testName="BL.Tests.LiftsServiceTest.TestUpdateLiftInfoAsync(userID: 243, lift: Lift { LiftID = 152, LiftName = liftName0e3cba02-a3dd-4bf3-acda-ed4f96311a21, IsOpen = True, SeatsAmount = 170, LiftingTime = 70, QueueTime = 15, ConnectedSlopes =  }, checkPermissionServiceMock: Mock&lt;ICheckPermissionService:3&gt;, liftsRepositoryStub: Mock&lt;ILiftsRepository:3&gt;, sut: LiftsService { })" computerName="DESKTOP-TJ9D65N" duration="00:00:00.0448095" startTime="2022-10-15T22:10:06.4448030+03:00" endTime="2022-10-15T22:10:06.4448367+03:00" testType="13cdc9d9-ddb5-4fa4-a97d-d965ccfc6d4b" outcome="Passed" testListId="8c84fa94-04c1-424b-9868-57a2d4851a1d" relativeResultsDirectory="9df772e0-5908-4524-bf22-7acabdfd51b3" />
    <UnitTestResult executionId="d2b6ec8d-e12b-41bd-8983-cdd6ce17003a" testId="229812f5-9a73-5335-11f5-31330d1348a5" testName="BL.Tests.CheckPermissionsServiceTests.UnauthorizedHasNoAccessToAdminSkiPatrolFunctions(functionName: &quot;GetMessagesAsync&quot;)" computerName="DESKTOP-TJ9D65N" duration="00:00:00.0024198" startTime="2022-10-15T22:10:06.5404648+03:00" endTime="2022-10-15T22:10:06.5404649+03:00" testType="13cdc9d9-ddb5-4fa4-a97d-d965ccfc6d4b" outcome="Passed" testListId="8c84fa94-04c1-424b-9868-57a2d4851a1d" relativeResultsDirectory="d2b6ec8d-e12b-41bd-8983-cdd6ce17003a" />
    <UnitTestResult executionId="4676ccac-94b8-4b6e-b075-caabd621dc21" testId="834c739b-eca4-b36d-6a66-5a1bd75377b8" testName="BL.Tests.UsersServiceTests.TestAdminAddAutoIncrementUser" computerName="DESKTOP-TJ9D65N" duration="00:00:00.0078865" startTime="2022-10-15T22:10:06.5809188+03:00" endTime="2022-10-15T22:10:06.5809190+03:00" testType="13cdc9d9-ddb5-4fa4-a97d-d965ccfc6d4b" outcome="Passed" testListId="8c84fa94-04c1-424b-9868-57a2d4851a1d" relativeResultsDirectory="4676ccac-94b8-4b6e-b075-caabd621dc21" />
    <UnitTestResult executionId="fd1a0bfc-88db-445f-8d8c-fb21ad2c2fa7" testId="d3b53cb7-978c-a63c-8f37-4dda1999074e" testName="BL.Tests.SlopesServiceTest.TestGetSlopesInfoAsync(userID: 218, initialSlopes: [Slope { SlopeID = 53, SlopeName = slopeNamed94dc4b7-4c39-4a72-a900-3db130ccc737, IsOpen = True, DifficultyLevel = 64, ConnectedLifts =  }, Slope { SlopeID = 232, SlopeName = slopeNamed78082c0-9ec4-4a1f-9a2d-93935af08b01, IsOpen = False, DifficultyLevel = 70, ConnectedLifts =  }, Slope { SlopeID = 221, SlopeName = slopeNamece5cb60a-0d65-4007-af77-85ef45ec52ed, IsOpen = True, DifficultyLevel = 124, ConnectedLifts =  }], checkPermissionServiceMock: Mock&lt;ICheckPermissionService:7&gt;, slopesRepositoryStub: Mock&lt;ISlopesRepository:5&gt;, liftsSlopesRepositoryStub: Mock&lt;ILiftsSlopesRepository:10&gt;, sut: SlopesService { })" computerName="DESKTOP-TJ9D65N" duration="00:00:00.0823681" startTime="2022-10-15T22:10:06.4788388+03:00" endTime="2022-10-15T22:10:06.4788391+03:00" testType="13cdc9d9-ddb5-4fa4-a97d-d965ccfc6d4b" outcome="Passed" testListId="8c84fa94-04c1-424b-9868-57a2d4851a1d" relativeResultsDirectory="fd1a0bfc-88db-445f-8d8c-fb21ad2c2fa7" />
    <UnitTestResult executionId="77d0141a-204e-4521-810c-c1750a053b16" testId="f44a1b21-8efc-bfac-63b4-d534442def31" testName="BL.Tests.UsersServiceTests.TestRegisterUserWithNoPassword" computerName="DESKTOP-TJ9D65N" duration="00:00:00.0013879" startTime="2022-10-15T22:10:06.5403177+03:00" endTime="2022-10-15T22:10:06.5403179+03:00" testType="13cdc9d9-ddb5-4fa4-a97d-d965ccfc6d4b" outcome="Passed" testListId="8c84fa94-04c1-424b-9868-57a2d4851a1d" relativeResultsDirectory="77d0141a-204e-4521-810c-c1750a053b16" />
    <UnitTestResult executionId="b273b4be-b957-4d30-b00c-45ef1d30e1c6" testId="ae5042e8-00e5-e71b-f976-a5f49043c751" testName="BL.Tests.LiftsServiceTest.TestGetLiftInfoAsync(userID: 199, lift: Lift { LiftID = 25, LiftName = liftName911e6c0c-e4ac-4846-995d-ad9e23e8258c, IsOpen = True, SeatsAmount = 75, LiftingTime = 197, QueueTime = 184, ConnectedSlopes =  }, checkPermissionServiceMock: Mock&lt;ICheckPermissionService:1&gt;, liftsRepositoryStub: Mock&lt;ILiftsRepository:1&gt;, liftsSlopesRepositoryStub: Mock&lt;ILiftsSlopesRepository:1&gt;, sut: LiftsService { })" computerName="DESKTOP-TJ9D65N" duration="00:00:00.0088494" startTime="2022-10-15T22:10:06.5784725+03:00" endTime="2022-10-15T22:10:06.5784727+03:00" testType="13cdc9d9-ddb5-4fa4-a97d-d965ccfc6d4b" outcome="Passed" testListId="8c84fa94-04c1-424b-9868-57a2d4851a1d" relativeResultsDirectory="b273b4be-b957-4d30-b00c-45ef1d30e1c6" />
    <UnitTestResult executionId="9b1f38cc-12fd-40d7-8b31-3cc788a20774" testId="aa28a6b3-21d3-aa45-24d3-bef2facbc899" testName="BL.Tests.CheckPermissionsServiceTests.AuthorizedHasAccessToAuthorizedFunctions(functionName: &quot;LogOutAsync&quot;)" computerName="DESKTOP-TJ9D65N" duration="00:00:00.0014003" startTime="2022-10-15T22:10:06.5955173+03:00" endTime="2022-10-15T22:10:06.5955174+03:00" testType="13cdc9d9-ddb5-4fa4-a97d-d965ccfc6d4b" outcome="Passed" testListId="8c84fa94-04c1-424b-9868-57a2d4851a1d" relativeResultsDirectory="9b1f38cc-12fd-40d7-8b31-3cc788a20774" />
    <UnitTestResult executionId="3ebd44ab-071d-4c7d-85ef-aa4a1021f4e5" testId="a2e59116-cb53-1d70-9cb8-21c286516866" testName="BL.Tests.CheckPermissionsServiceTests.AuthorizedHasNoAccessToAdminFunctions" computerName="DESKTOP-TJ9D65N" duration="00:00:00.0059187" startTime="2022-10-15T22:10:06.5681420+03:00" endTime="2022-10-15T22:10:06.5681422+03:00" testType="13cdc9d9-ddb5-4fa4-a97d-d965ccfc6d4b" outcome="Passed" testListId="8c84fa94-04c1-424b-9868-57a2d4851a1d" relativeResultsDirectory="3ebd44ab-071d-4c7d-85ef-aa4a1021f4e5" />
    <UnitTestResult executionId="c912b9e8-7490-4cd9-b25e-f20ea84bbac2" testId="20ad8570-0170-85de-dcd7-2f109dd7bcd6" testName="BL.Tests.UsersServiceTests.TestAdminGetUsers" computerName="DESKTOP-TJ9D65N" duration="00:00:00.0502983" startTime="2022-10-15T22:10:06.4499328+03:00" endTime="2022-10-15T22:10:06.4499328+03:00" testType="13cdc9d9-ddb5-4fa4-a97d-d965ccfc6d4b" outcome="Passed" testListId="8c84fa94-04c1-424b-9868-57a2d4851a1d" relativeResultsDirectory="c912b9e8-7490-4cd9-b25e-f20ea84bbac2" />
    <UnitTestResult executionId="5592a299-0244-4cd9-a6ac-ae35bff93b59" testId="ac96fb9f-80a1-9b2a-5a73-743c185d9be7" testName="BL.Tests.LiftsServiceTest.TestAdminDeleteLiftAsync(userID: 73, lift: Lift { LiftID = 216, LiftName = liftName8f15a10a-c084-47b8-a3eb-2bae3dcd7a85, IsOpen = True, SeatsAmount = 230, LiftingTime = 198, QueueTime = 193, ConnectedSlopes =  }, checkPermissionServiceMock: Mock&lt;ICheckPermissionService:4&gt;, liftsRepositoryStub: Mock&lt;ILiftsRepository:4&gt;, liftsSlopesRepositoryStub: Mock&lt;ILiftsSlopesRepository:4&gt;, sut: LiftsService { })" computerName="DESKTOP-TJ9D65N" duration="00:00:00.0129549" startTime="2022-10-15T22:10:06.5436169+03:00" endTime="2022-10-15T22:10:06.5436170+03:00" testType="13cdc9d9-ddb5-4fa4-a97d-d965ccfc6d4b" outcome="Passed" testListId="8c84fa94-04c1-424b-9868-57a2d4851a1d" relativeResultsDirectory="5592a299-0244-4cd9-a6ac-ae35bff93b59" />
    <UnitTestResult executionId="e2886950-6b80-4613-bca2-2d8e35f3f153" testId="4f297306-d4f3-8d63-e7f4-1ac0b8c58c74" testName="BL.Tests.CheckPermissionsServiceTests.AuthorizedHasNoAccessToAdminSkiPatrolFunctions(functionName: &quot;GetLiftsSlopesInfoAsync&quot;)" computerName="DESKTOP-TJ9D65N" duration="00:00:00.0015573" startTime="2022-10-15T22:10:06.5844749+03:00" endTime="2022-10-15T22:10:06.5844752+03:00" testType="13cdc9d9-ddb5-4fa4-a97d-d965ccfc6d4b" outcome="Passed" testListId="8c84fa94-04c1-424b-9868-57a2d4851a1d" relativeResultsDirectory="e2886950-6b80-4613-bca2-2d8e35f3f153" />
    <UnitTestResult executionId="430871c7-5710-4a8e-8195-6a88f8d57768" testId="9c7df5e2-1b23-ebea-889f-b78ca86b60ab" testName="BL.Tests.CheckPermissionsServiceTests.AuthorizedHasNoAccessToAdminSkiPatrolFunctions(functionName: &quot;MarkMessageReadByUserAsync&quot;)" computerName="DESKTOP-TJ9D65N" duration="00:00:00.0013223" startTime="2022-10-15T22:10:06.5796661+03:00" endTime="2022-10-15T22:10:06.5796663+03:00" testType="13cdc9d9-ddb5-4fa4-a97d-d965ccfc6d4b" outcome="Passed" testListId="8c84fa94-04c1-424b-9868-57a2d4851a1d" relativeResultsDirectory="430871c7-5710-4a8e-8195-6a88f8d57768" />
    <UnitTestResult executionId="320a7320-abe4-4ad2-bd00-227a92b60ab7" testId="8e8c7144-89ee-9a4a-872b-3a350f903c54" testName="BL.Tests.LiftsServiceTest.TestGetLiftsInfoAsync(userID: 3, initialLifts: [Lift { LiftID = 30, LiftName = liftNamee1eced53-4046-4c8b-bc43-685ed7a50452, IsOpen = True, SeatsAmount = 127, LiftingTime = 242, QueueTime = 214, ConnectedSlopes =  }, Lift { LiftID = 102, LiftName = liftNamea99905d5-b446-4acb-bb18-18b0d2b009ca, IsOpen = False, SeatsAmount = 141, LiftingTime = 95, QueueTime = 224, ConnectedSlopes =  }, Lift { LiftID = 218, LiftName = liftName68a771fc-ebeb-4835-8ab7-88463f5589d3, IsOpen = True, SeatsAmount = 105, LiftingTime = 255, QueueTime = 215, ConnectedSlopes =  }], checkPermissionServiceMock: Mock&lt;ICheckPermissionService:2&gt;, liftsRepositoryStub: Mock&lt;ILiftsRepository:2&gt;, liftsSlopesRepositoryStub: Mock&lt;ILiftsSlopesRepository:2&gt;, sut: LiftsService { })" computerName="DESKTOP-TJ9D65N" duration="00:00:00.0114783" startTime="2022-10-15T22:10:06.5655754+03:00" endTime="2022-10-15T22:10:06.5655755+03:00" testType="13cdc9d9-ddb5-4fa4-a97d-d965ccfc6d4b" outcome="Passed" testListId="8c84fa94-04c1-424b-9868-57a2d4851a1d" relativeResultsDirectory="320a7320-abe4-4ad2-bd00-227a92b60ab7" />
    <UnitTestResult executionId="dd70ae8f-ee5e-41f5-9c40-d696f900839c" testId="a19a5fcf-c5d2-7d44-5d7d-84403042f4e0" testName="BL.Tests.CheckPermissionsServiceTests.UnauthorizedHasNoAccessToAdminSkiPatrolFunctions(functionName: &quot;MarkMessageReadByUserAsync&quot;)" computerName="DESKTOP-TJ9D65N" duration="00:00:00.0434047" startTime="2022-10-15T22:10:06.4498264+03:00" endTime="2022-10-15T22:10:06.4498266+03:00" testType="13cdc9d9-ddb5-4fa4-a97d-d965ccfc6d4b" outcome="Passed" testListId="8c84fa94-04c1-424b-9868-57a2d4851a1d" relativeResultsDirectory="dd70ae8f-ee5e-41f5-9c40-d696f900839c" />
    <UnitTestResult executionId="f34ed9f7-0807-40a0-bb35-bb9d3562dfa0" testId="ebae41b6-a7f3-6111-8b94-9401212554ac" testName="BL.Tests.SlopesServiceTest.TestAdminDeleteSlopeAsync(userID: 35, slope: Slope { SlopeID = 87, SlopeName = slopeName17f50774-d3dd-4cca-903f-8bd58065b692, IsOpen = True, DifficultyLevel = 170, ConnectedLifts =  }, checkPermissionServiceMock: Mock&lt;ICheckPermissionService:9&gt;, slopesRepositoryStub: Mock&lt;ISlopesRepository:7&gt;, liftsSlopesRepositoryStub: Mock&lt;ILiftsSlopesRepository:12&gt;, sut: SlopesService { })" computerName="DESKTOP-TJ9D65N" duration="00:00:00.0062949" startTime="2022-10-15T22:10:06.5382253+03:00" endTime="2022-10-15T22:10:06.5382254+03:00" testType="13cdc9d9-ddb5-4fa4-a97d-d965ccfc6d4b" outcome="Passed" testListId="8c84fa94-04c1-424b-9868-57a2d4851a1d" relativeResultsDirectory="f34ed9f7-0807-40a0-bb35-bb9d3562dfa0" />
    <UnitTestResult executionId="5ffde17b-8e47-45d5-804b-09ee4f6ae0ab" testId="2602613f-c8e2-a6d9-fcf7-5b27d4a770a6" testName="BL.Tests.CheckPermissionsServiceTests.AuthorizedHasNoAccessToAdminSkiPatrolFunctions(functionName: &quot;GetMessagesAsync&quot;)" computerName="DESKTOP-TJ9D65N" duration="00:00:00.0034230" startTime="2022-10-15T22:10:06.5757800+03:00" endTime="2022-10-15T22:10:06.5757802+03:00" testType="13cdc9d9-ddb5-4fa4-a97d-d965ccfc6d4b" outcome="Passed" testListId="8c84fa94-04c1-424b-9868-57a2d4851a1d" relativeResultsDirectory="5ffde17b-8e47-45d5-804b-09ee4f6ae0ab" />
    <UnitTestResult executionId="d2978a85-1463-4e6d-a4b1-359aeb1b2d98" testId="f3efc418-a8a6-c7b7-9bac-90b33aa8472f" testName="BL.Tests.CheckPermissionsServiceTests.AdminHasAccessToAllFunctions" computerName="DESKTOP-TJ9D65N" duration="00:00:00.0026437" startTime="2022-10-15T22:10:06.6160435+03:00" endTime="2022-10-15T22:10:06.6160436+03:00" testType="13cdc9d9-ddb5-4fa4-a97d-d965ccfc6d4b" outcome="Passed" testListId="8c84fa94-04c1-424b-9868-57a2d4851a1d" relativeResultsDirectory="d2978a85-1463-4e6d-a4b1-359aeb1b2d98" />
    <UnitTestResult executionId="6253570f-16bb-4068-845a-d537e80d4a21" testId="b2b31f5f-ebd1-2bfa-8633-a273b19035d7" testName="BL.Tests.TurnstilesServiceTest.TestAdminAddAutoIncrementTurnstileAsync(userID: 13, turnstile: Turnstile { TurnstileID = 222, LiftID = 192, IsOpen = True }, checkPermissionServiceMock: Mock&lt;ICheckPermissionService:16&gt;, turnstilesRepositoryStub: Mock&lt;ITurnstilesRepository:10&gt;, sut: TurnstilesService { })" computerName="DESKTOP-TJ9D65N" duration="00:00:00.0062351" startTime="2022-10-15T22:10:06.5426531+03:00" endTime="2022-10-15T22:10:06.5426531+03:00" testType="13cdc9d9-ddb5-4fa4-a97d-d965ccfc6d4b" outcome="Passed" testListId="8c84fa94-04c1-424b-9868-57a2d4851a1d" relativeResultsDirectory="6253570f-16bb-4068-845a-d537e80d4a21" />
    <UnitTestResult executionId="0b204112-c6b5-4060-966d-3956dc13f8d8" testId="524f686f-1785-9e64-eeca-703ae6f12fa5" testName="BL.Tests.LiftsSlopesServiceTests.TestAdminAddAutoIncrementLiftSlopeAsync(lift: Lift { LiftID = 133, LiftName = liftName9088aa70-c3d2-47b0-98f8-756df2e586d5, IsOpen = True, SeatsAmount = 141, LiftingTime = 221, QueueTime = 103, ConnectedSlopes =  }, slope: Slope { SlopeID = 85, SlopeName = slopeNamef990c615-9d4f-4ff3-86e2-9325a55450bb, IsOpen = False, DifficultyLevel = 55, ConnectedLifts =  }, slopesRepositoryStub: Mock&lt;ISlopesRepository:3&gt;, liftsRepositoryStub: Mock&lt;ILiftsRepository:8&gt;, liftsSlopesRepositoryStub: Mock&lt;ILiftsSlopesRepository:8&gt;)" computerName="DESKTOP-TJ9D65N" duration="00:00:00.0432410" startTime="2022-10-15T22:10:06.4498919+03:00" endTime="2022-10-15T22:10:06.4498919+03:00" testType="13cdc9d9-ddb5-4fa4-a97d-d965ccfc6d4b" outcome="Passed" testListId="8c84fa94-04c1-424b-9868-57a2d4851a1d" relativeResultsDirectory="0b204112-c6b5-4060-966d-3956dc13f8d8" />
    <UnitTestResult executionId="2470d62c-329b-466e-a0ed-68742515167f" testId="49d44196-ed7e-2413-386a-234f6fabfdd6" testName="BL.Tests.TurnstilesServiceTest.TestAdminGetTurnstileAsync(userID: 226, turnstile: Turnstile { TurnstileID = 94, LiftID = 167, IsOpen = True }, checkPermissionServiceMock: Mock&lt;ICheckPermissionService:12&gt;, turnstilesRepositoryStub: Mock&lt;ITurnstilesRepository:6&gt;, sut: TurnstilesService { })" computerName="DESKTOP-TJ9D65N" duration="00:00:00.0088647" startTime="2022-10-15T22:10:06.5406729+03:00" endTime="2022-10-15T22:10:06.5406730+03:00" testType="13cdc9d9-ddb5-4fa4-a97d-d965ccfc6d4b" outcome="Passed" testListId="8c84fa94-04c1-424b-9868-57a2d4851a1d" relativeResultsDirectory="2470d62c-329b-466e-a0ed-68742515167f" />
    <UnitTestResult executionId="ec46c1a3-37f8-4f6c-bdcd-109f651a959a" testId="bc528ae2-d33a-d408-0aab-ae47aef50815" testName="BL.Tests.SlopesServiceTest.TestAdminAddAutoIncrementSlopeAsync(userID: 251, slope: Slope { SlopeID = 161, SlopeName = slopeNamecf4112fd-117b-4651-ac9c-993057ebd917, IsOpen = True, DifficultyLevel = 117, ConnectedLifts =  }, checkPermissionServiceMock: Mock&lt;ICheckPermissionService:10&gt;, slopesRepositoryStub: Mock&lt;ISlopesRepository:8&gt;, sut: SlopesService { })" computerName="DESKTOP-TJ9D65N" duration="00:00:00.0130796" startTime="2022-10-15T22:10:06.5412878+03:00" endTime="2022-10-15T22:10:06.5412879+03:00" testType="13cdc9d9-ddb5-4fa4-a97d-d965ccfc6d4b" outcome="Passed" testListId="8c84fa94-04c1-424b-9868-57a2d4851a1d" relativeResultsDirectory="ec46c1a3-37f8-4f6c-bdcd-109f651a959a" />
    <UnitTestResult executionId="e0f9e634-e552-41a4-ba5a-c8c51e7a693f" testId="fa960c5e-f989-2880-784e-8efe538c5231" testName="BL.Tests.CheckPermissionsServiceTests.UnauthorizedHasNoAccessToAuthorizedFunctions(functionName: &quot;LogOutAsync&quot;)" computerName="DESKTOP-TJ9D65N" duration="00:00:00.0013879" startTime="2022-10-15T22:10:06.5424663+03:00" endTime="2022-10-15T22:10:06.5424664+03:00" testType="13cdc9d9-ddb5-4fa4-a97d-d965ccfc6d4b" outcome="Passed" testListId="8c84fa94-04c1-424b-9868-57a2d4851a1d" relativeResultsDirectory="e0f9e634-e552-41a4-ba5a-c8c51e7a693f" />
  </Results>
  <TestDefinitions>
    <UnitTest name="BL.Tests.UsersServiceTests.TestAdminAddAutoIncrementUser" storage="c:\users\alena\desktop\7_sem\testing_and_debugging\skiresort\bl.tests\bin\debug\net6.0\bl.tests.dll" id="834c739b-eca4-b36d-6a66-5a1bd75377b8">
      <Execution id="4676ccac-94b8-4b6e-b075-caabd621dc21" />
      <TestMethod codeBase="C:\Users\alena\Desktop\7_sem\testing_and_debugging\SkiResort\BL.Tests\bin\Debug\net6.0\BL.Tests.dll" adapterTypeName="executor://xunit/VsTestRunner2/netcoreapp" className="BL.Tests.UsersServiceTests" name="TestAdminAddAutoIncrementUser" />
    </UnitTest>
    <UnitTest name="BL.Tests.CheckPermissionsServiceTests.SkiPatrolHasAccessToAdminSkiPatrolFunctions(functionName: &quot;MarkMessageReadByUserAsync&quot;)" storage="c:\users\alena\desktop\7_sem\testing_and_debugging\skiresort\bl.tests\bin\debug\net6.0\bl.tests.dll" id="60bd668f-04df-da5e-b79b-5d9aedb5234d">
      <Execution id="8fd79f79-fc02-40f8-af25-988e352f8eaf" />
      <TestMethod codeBase="C:\Users\alena\Desktop\7_sem\testing_and_debugging\SkiResort\BL.Tests\bin\Debug\net6.0\BL.Tests.dll" adapterTypeName="executor://xunit/VsTestRunner2/netcoreapp" className="BL.Tests.CheckPermissionsServiceTests" name="SkiPatrolHasAccessToAdminSkiPatrolFunctions" />
    </UnitTest>
    <UnitTest name="BL.Tests.CheckPermissionsServiceTests.AuthorizedHasAccessToAuthorizedFunctions(functionName: &quot;SendMessageAsync&quot;)" storage="c:\users\alena\desktop\7_sem\testing_and_debugging\skiresort\bl.tests\bin\debug\net6.0\bl.tests.dll" id="644ec43e-70cd-c82d-42e7-0d990be1414d">
      <Execution id="10e1ae43-9eee-489d-b20b-f5009946482d" />
      <TestMethod codeBase="C:\Users\alena\Desktop\7_sem\testing_and_debugging\SkiResort\BL.Tests\bin\Debug\net6.0\BL.Tests.dll" adapterTypeName="executor://xunit/VsTestRunner2/netcoreapp" className="BL.Tests.CheckPermissionsServiceTests" name="AuthorizedHasAccessToAuthorizedFunctions" />
    </UnitTest>
    <UnitTest name="BL.Tests.LiftsServiceTest.TestGetLiftsInfoAsync(userID: 3, initialLifts: [Lift { LiftID = 30, LiftName = liftNamee1eced53-4046-4c8b-bc43-685ed7a50452, IsOpen = True, SeatsAmount = 127, LiftingTime = 242, QueueTime = 214, ConnectedSlopes =  }, Lift { LiftID = 102, LiftName = liftNamea99905d5-b446-4acb-bb18-18b0d2b009ca, IsOpen = False, SeatsAmount = 141, LiftingTime = 95, QueueTime = 224, ConnectedSlopes =  }, Lift { LiftID = 218, LiftName =..." storage="c:\users\alena\desktop\7_sem\testing_and_debugging\skiresort\bl.tests\bin\debug\net6.0\bl.tests.dll" id="8e8c7144-89ee-9a4a-872b-3a350f903c54">
      <Execution id="320a7320-abe4-4ad2-bd00-227a92b60ab7" />
      <TestMethod codeBase="C:\Users\alena\Desktop\7_sem\testing_and_debugging\SkiResort\BL.Tests\bin\Debug\net6.0\BL.Tests.dll" adapterTypeName="executor://xunit/VsTestRunner2/netcoreapp" className="BL.Tests.LiftsServiceTest" name="TestGetLiftsInfoAsync" />
    </UnitTest>
    <UnitTest name="BL.Tests.CheckPermissionsServiceTests.AuthorizedHasNoAccessToAdminSkiPatrolFunctions(functionName: &quot;MarkMessageReadByUserAsync&quot;)" storage="c:\users\alena\desktop\7_sem\testing_and_debugging\skiresort\bl.tests\bin\debug\net6.0\bl.tests.dll" id="9c7df5e2-1b23-ebea-889f-b78ca86b60ab">
      <Execution id="430871c7-5710-4a8e-8195-6a88f8d57768" />
      <TestMethod codeBase="C:\Users\alena\Desktop\7_sem\testing_and_debugging\SkiResort\BL.Tests\bin\Debug\net6.0\BL.Tests.dll" adapterTypeName="executor://xunit/VsTestRunner2/netcoreapp" className="BL.Tests.CheckPermissionsServiceTests" name="AuthorizedHasNoAccessToAdminSkiPatrolFunctions" />
    </UnitTest>
    <UnitTest name="BL.Tests.LiftsServiceTest.TestUpdateLiftInfoAsync(userID: 243, lift: Lift { LiftID = 152, LiftName = liftName0e3cba02-a3dd-4bf3-acda-ed4f96311a21, IsOpen = True, SeatsAmount = 170, LiftingTime = 70, QueueTime = 15, ConnectedSlopes =  }, checkPermissionServiceMock: Mock&lt;ICheckPermissionService:3&gt;, liftsRepositoryStub: Mock&lt;ILiftsRepository:3&gt;, sut: LiftsService { })" storage="c:\users\alena\desktop\7_sem\testing_and_debugging\skiresort\bl.tests\bin\debug\net6.0\bl.tests.dll" id="170f9de8-cbf0-d4c6-26f2-9bfeadb3cf0f">
      <Execution id="9df772e0-5908-4524-bf22-7acabdfd51b3" />
      <TestMethod codeBase="C:\Users\alena\Desktop\7_sem\testing_and_debugging\SkiResort\BL.Tests\bin\Debug\net6.0\BL.Tests.dll" adapterTypeName="executor://xunit/VsTestRunner2/netcoreapp" className="BL.Tests.LiftsServiceTest" name="TestUpdateLiftInfoAsync" />
    </UnitTest>
    <UnitTest name="BL.Tests.TurnstilesServiceTest.TestAdminAddAutoIncrementTurnstileAsync(userID: 13, turnstile: Turnstile { TurnstileID = 222, LiftID = 192, IsOpen = True }, checkPermissionServiceMock: Mock&lt;ICheckPermissionService:16&gt;, turnstilesRepositoryStub: Mock&lt;ITurnstilesRepository:10&gt;, sut: TurnstilesService { })" storage="c:\users\alena\desktop\7_sem\testing_and_debugging\skiresort\bl.tests\bin\debug\net6.0\bl.tests.dll" id="b2b31f5f-ebd1-2bfa-8633-a273b19035d7">
      <Execution id="6253570f-16bb-4068-845a-d537e80d4a21" />
      <TestMethod codeBase="C:\Users\alena\Desktop\7_sem\testing_and_debugging\SkiResort\BL.Tests\bin\Debug\net6.0\BL.Tests.dll" adapterTypeName="executor://xunit/VsTestRunner2/netcoreapp" className="BL.Tests.TurnstilesServiceTest" name="TestAdminAddAutoIncrementTurnstileAsync" />
    </UnitTest>
    <UnitTest name="BL.Tests.CheckPermissionsServiceTests.UnauthorizedHasNoAccessToAuthorizedFunctions(functionName: &quot;SendMessageAsync&quot;)" storage="c:\users\alena\desktop\7_sem\testing_and_debugging\skiresort\bl.tests\bin\debug\net6.0\bl.tests.dll" id="eaabd2fc-2f4b-5689-59c8-c7ad34a8f634">
      <Execution id="ee8e4843-f694-4860-bf9c-350657b22f9e" />
      <TestMethod codeBase="C:\Users\alena\Desktop\7_sem\testing_and_debugging\SkiResort\BL.Tests\bin\Debug\net6.0\BL.Tests.dll" adapterTypeName="executor://xunit/VsTestRunner2/netcoreapp" className="BL.Tests.CheckPermissionsServiceTests" name="UnauthorizedHasNoAccessToAuthorizedFunctions" />
    </UnitTest>
    <UnitTest name="BL.Tests.CheckPermissionsServiceTests.AdminHasAccessToAllFunctions" storage="c:\users\alena\desktop\7_sem\testing_and_debugging\skiresort\bl.tests\bin\debug\net6.0\bl.tests.dll" id="f3efc418-a8a6-c7b7-9bac-90b33aa8472f">
      <Execution id="d2978a85-1463-4e6d-a4b1-359aeb1b2d98" />
      <TestMethod codeBase="C:\Users\alena\Desktop\7_sem\testing_and_debugging\SkiResort\BL.Tests\bin\Debug\net6.0\BL.Tests.dll" adapterTypeName="executor://xunit/VsTestRunner2/netcoreapp" className="BL.Tests.CheckPermissionsServiceTests" name="AdminHasAccessToAllFunctions" />
    </UnitTest>
    <UnitTest name="BL.Tests.TurnstilesServiceTest.TestAdminUpdateTurnstileAsync(userID: 58, turnstile: Turnstile { TurnstileID = 45, LiftID = 99, IsOpen = True }, checkPermissionServiceMock: Mock&lt;ICheckPermissionService:14&gt;, turnstilesRepositoryStub: Mock&lt;ITurnstilesRepository:8&gt;, sut: TurnstilesService { })" storage="c:\users\alena\desktop\7_sem\testing_and_debugging\skiresort\bl.tests\bin\debug\net6.0\bl.tests.dll" id="37d256d1-b740-adb9-15a0-f87ccbd81775">
      <Execution id="2d948e2f-bade-44eb-9593-761f922babdb" />
      <TestMethod codeBase="C:\Users\alena\Desktop\7_sem\testing_and_debugging\SkiResort\BL.Tests\bin\Debug\net6.0\BL.Tests.dll" adapterTypeName="executor://xunit/VsTestRunner2/netcoreapp" className="BL.Tests.TurnstilesServiceTest" name="TestAdminUpdateTurnstileAsync" />
    </UnitTest>
    <UnitTest name="BL.Tests.SlopesServiceTest.TestUpdateSlopeInfoAsync(userID: 146, slope: Slope { SlopeID = 105, SlopeName = slopeName9a6e73ad-c030-4a1a-ab66-87e157f592f0, IsOpen = True, DifficultyLevel = 241, ConnectedLifts =  }, checkPermissionServiceMock: Mock&lt;ICheckPermissionService:8&gt;, slopesRepositoryStub: Mock&lt;ISlopesRepository:6&gt;, sut: SlopesService { })" storage="c:\users\alena\desktop\7_sem\testing_and_debugging\skiresort\bl.tests\bin\debug\net6.0\bl.tests.dll" id="9f49ab42-bccd-fd66-afea-48ae49194e29">
      <Execution id="f70177fe-6cbe-43ac-858b-de4478772771" />
      <TestMethod codeBase="C:\Users\alena\Desktop\7_sem\testing_and_debugging\SkiResort\BL.Tests\bin\Debug\net6.0\BL.Tests.dll" adapterTypeName="executor://xunit/VsTestRunner2/netcoreapp" className="BL.Tests.SlopesServiceTest" name="TestUpdateSlopeInfoAsync" />
    </UnitTest>
    <UnitTest name="BL.Tests.UsersServiceTests.TestLogInOk" storage="c:\users\alena\desktop\7_sem\testing_and_debugging\skiresort\bl.tests\bin\debug\net6.0\bl.tests.dll" id="1ca07ad8-f799-c5d4-e7cc-34fd950198a2">
      <Execution id="8fb686e1-c136-431f-ae4d-c9e977478151" />
      <TestMethod codeBase="C:\Users\alena\Desktop\7_sem\testing_and_debugging\SkiResort\BL.Tests\bin\Debug\net6.0\BL.Tests.dll" adapterTypeName="executor://xunit/VsTestRunner2/netcoreapp" className="BL.Tests.UsersServiceTests" name="TestLogInOk" />
    </UnitTest>
    <UnitTest name="BL.Tests.CheckPermissionsServiceTests.UnauthorizedHasNoAccessToAdminSkiPatrolFunctions(functionName: &quot;MarkMessageReadByUserAsync&quot;)" storage="c:\users\alena\desktop\7_sem\testing_and_debugging\skiresort\bl.tests\bin\debug\net6.0\bl.tests.dll" id="a19a5fcf-c5d2-7d44-5d7d-84403042f4e0">
      <Execution id="dd70ae8f-ee5e-41f5-9c40-d696f900839c" />
      <TestMethod codeBase="C:\Users\alena\Desktop\7_sem\testing_and_debugging\SkiResort\BL.Tests\bin\Debug\net6.0\BL.Tests.dll" adapterTypeName="executor://xunit/VsTestRunner2/netcoreapp" className="BL.Tests.CheckPermissionsServiceTests" name="UnauthorizedHasNoAccessToAdminSkiPatrolFunctions" />
    </UnitTest>
    <UnitTest name="BL.Tests.LiftsSlopesServiceTests.TestAdminDeleteLiftSlopeAsync(lift: Lift { LiftID = 226, LiftName = liftNamef5121797-9ed7-4e9f-b58c-f8affecc671f, IsOpen = True, SeatsAmount = 82, LiftingTime = 255, QueueTime = 206, ConnectedSlopes =  }, slope: Slope { SlopeID = 49, SlopeName = slopeName49fa9689-d85b-4c9a-9945-d66556958033, IsOpen = False, DifficultyLevel = 135, ConnectedLifts =  }, slopesRepositoryStub: Mock&lt;ISlopesRepository:2&gt;, liftsRepo..." storage="c:\users\alena\desktop\7_sem\testing_and_debugging\skiresort\bl.tests\bin\debug\net6.0\bl.tests.dll" id="b2b1daee-1a1f-31bb-4c3a-8d95a29c4287">
      <Execution id="35c276f5-2dfd-4214-8740-c08e9bb77228" />
      <TestMethod codeBase="C:\Users\alena\Desktop\7_sem\testing_and_debugging\SkiResort\BL.Tests\bin\Debug\net6.0\BL.Tests.dll" adapterTypeName="executor://xunit/VsTestRunner2/netcoreapp" className="BL.Tests.LiftsSlopesServiceTests" name="TestAdminDeleteLiftSlopeAsync" />
    </UnitTest>
    <UnitTest name="BL.Tests.LiftsSlopesServiceTests.TestGetLiftsSlopesInfoAsync(liftsSlopes: [LiftSlope { RecordID = 235, LiftID = 105, SlopeID = 127 }, LiftSlope { RecordID = 253, LiftID = 126, SlopeID = 213 }, LiftSlope { RecordID = 1, LiftID = 26, SlopeID = 38 }], slopesRepositoryStub: Mock&lt;ISlopesRepository:1&gt;, liftsRepositoryStub: Mock&lt;ILiftsRepository:6&gt;, liftsSlopesRepositoryStub: Mock&lt;ILiftsSlopesRepository:6&gt;)" storage="c:\users\alena\desktop\7_sem\testing_and_debugging\skiresort\bl.tests\bin\debug\net6.0\bl.tests.dll" id="39be9b5e-0bc4-57dc-37d3-aec6b520299d">
      <Execution id="e4780e95-b5c7-4849-8ec2-724d15ff0ff1" />
      <TestMethod codeBase="C:\Users\alena\Desktop\7_sem\testing_and_debugging\SkiResort\BL.Tests\bin\Debug\net6.0\BL.Tests.dll" adapterTypeName="executor://xunit/VsTestRunner2/netcoreapp" className="BL.Tests.LiftsSlopesServiceTests" name="TestGetLiftsSlopesInfoAsync" />
    </UnitTest>
    <UnitTest name="BL.Tests.SlopesServiceTest.TestGetSlopesInfoAsync(userID: 218, initialSlopes: [Slope { SlopeID = 53, SlopeName = slopeNamed94dc4b7-4c39-4a72-a900-3db130ccc737, IsOpen = True, DifficultyLevel = 64, ConnectedLifts =  }, Slope { SlopeID = 232, SlopeName = slopeNamed78082c0-9ec4-4a1f-9a2d-93935af08b01, IsOpen = False, DifficultyLevel = 70, ConnectedLifts =  }, Slope { SlopeID = 221, SlopeName = slopeNamece5cb60a-0d65-4007-af77-85ef45ec52ed, IsO..." storage="c:\users\alena\desktop\7_sem\testing_and_debugging\skiresort\bl.tests\bin\debug\net6.0\bl.tests.dll" id="d3b53cb7-978c-a63c-8f37-4dda1999074e">
      <Execution id="fd1a0bfc-88db-445f-8d8c-fb21ad2c2fa7" />
      <TestMethod codeBase="C:\Users\alena\Desktop\7_sem\testing_and_debugging\SkiResort\BL.Tests\bin\Debug\net6.0\BL.Tests.dll" adapterTypeName="executor://xunit/VsTestRunner2/netcoreapp" className="BL.Tests.SlopesServiceTest" name="TestGetSlopesInfoAsync" />
    </UnitTest>
    <UnitTest name="BL.Tests.CheckPermissionsServiceTests.AuthorizedHasAccessToAuthorizedFunctions(functionName: &quot;LogOutAsync&quot;)" storage="c:\users\alena\desktop\7_sem\testing_and_debugging\skiresort\bl.tests\bin\debug\net6.0\bl.tests.dll" id="aa28a6b3-21d3-aa45-24d3-bef2facbc899">
      <Execution id="9b1f38cc-12fd-40d7-8b31-3cc788a20774" />
      <TestMethod codeBase="C:\Users\alena\Desktop\7_sem\testing_and_debugging\SkiResort\BL.Tests\bin\Debug\net6.0\BL.Tests.dll" adapterTypeName="executor://xunit/VsTestRunner2/netcoreapp" className="BL.Tests.CheckPermissionsServiceTests" name="AuthorizedHasAccessToAuthorizedFunctions" />
    </UnitTest>
    <UnitTest name="BL.Tests.CheckPermissionsServiceTests.SkiPatrolHasAccessToAdminSkiPatrolFunctions(functionName: &quot;GetMessagesAsync&quot;)" storage="c:\users\alena\desktop\7_sem\testing_and_debugging\skiresort\bl.tests\bin\debug\net6.0\bl.tests.dll" id="c36970dc-93f7-753e-fa47-157133b01644">
      <Execution id="4e22aab1-0240-485a-b678-a374120622f6" />
      <TestMethod codeBase="C:\Users\alena\Desktop\7_sem\testing_and_debugging\SkiResort\BL.Tests\bin\Debug\net6.0\BL.Tests.dll" adapterTypeName="executor://xunit/VsTestRunner2/netcoreapp" className="BL.Tests.CheckPermissionsServiceTests" name="SkiPatrolHasAccessToAdminSkiPatrolFunctions" />
    </UnitTest>
    <UnitTest name="BL.Tests.CheckPermissionsServiceTests.AuthorizedHasNoAccessToAdminFunctions" storage="c:\users\alena\desktop\7_sem\testing_and_debugging\skiresort\bl.tests\bin\debug\net6.0\bl.tests.dll" id="a2e59116-cb53-1d70-9cb8-21c286516866">
      <Execution id="3ebd44ab-071d-4c7d-85ef-aa4a1021f4e5" />
      <TestMethod codeBase="C:\Users\alena\Desktop\7_sem\testing_and_debugging\SkiResort\BL.Tests\bin\Debug\net6.0\BL.Tests.dll" adapterTypeName="executor://xunit/VsTestRunner2/netcoreapp" className="BL.Tests.CheckPermissionsServiceTests" name="AuthorizedHasNoAccessToAdminFunctions" />
    </UnitTest>
    <UnitTest name="BL.Tests.CheckPermissionsServiceTests.SkiPatrolHasAccessToAdminSkiPatrolFunctions(functionName: &quot;GetLiftsSlopesInfoAsync&quot;)" storage="c:\users\alena\desktop\7_sem\testing_and_debugging\skiresort\bl.tests\bin\debug\net6.0\bl.tests.dll" id="2d706594-f2b3-b3c8-21d4-86c9798c3306">
      <Execution id="4b828b67-f581-4fa2-af29-d1b1dc9b83d0" />
      <TestMethod codeBase="C:\Users\alena\Desktop\7_sem\testing_and_debugging\SkiResort\BL.Tests\bin\Debug\net6.0\BL.Tests.dll" adapterTypeName="executor://xunit/VsTestRunner2/netcoreapp" className="BL.Tests.CheckPermissionsServiceTests" name="SkiPatrolHasAccessToAdminSkiPatrolFunctions" />
    </UnitTest>
    <UnitTest name="BL.Tests.CheckPermissionsServiceTests.AuthorizedHasNoAccessToAdminSkiPatrolFunctions(functionName: &quot;GetLiftsSlopesInfoAsync&quot;)" storage="c:\users\alena\desktop\7_sem\testing_and_debugging\skiresort\bl.tests\bin\debug\net6.0\bl.tests.dll" id="4f297306-d4f3-8d63-e7f4-1ac0b8c58c74">
      <Execution id="e2886950-6b80-4613-bca2-2d8e35f3f153" />
      <TestMethod codeBase="C:\Users\alena\Desktop\7_sem\testing_and_debugging\SkiResort\BL.Tests\bin\Debug\net6.0\BL.Tests.dll" adapterTypeName="executor://xunit/VsTestRunner2/netcoreapp" className="BL.Tests.CheckPermissionsServiceTests" name="AuthorizedHasNoAccessToAdminSkiPatrolFunctions" />
    </UnitTest>
    <UnitTest name="BL.Tests.LiftsServiceTest.TestGetLiftInfoAsync(userID: 199, lift: Lift { LiftID = 25, LiftName = liftName911e6c0c-e4ac-4846-995d-ad9e23e8258c, IsOpen = True, SeatsAmount = 75, LiftingTime = 197, QueueTime = 184, ConnectedSlopes =  }, checkPermissionServiceMock: Mock&lt;ICheckPermissionService:1&gt;, liftsRepositoryStub: Mock&lt;ILiftsRepository:1&gt;, liftsSlopesRepositoryStub: Mock&lt;ILiftsSlopesRepository:1&gt;, sut: LiftsService { })" storage="c:\users\alena\desktop\7_sem\testing_and_debugging\skiresort\bl.tests\bin\debug\net6.0\bl.tests.dll" id="ae5042e8-00e5-e71b-f976-a5f49043c751">
      <Execution id="b273b4be-b957-4d30-b00c-45ef1d30e1c6" />
      <TestMethod codeBase="C:\Users\alena\Desktop\7_sem\testing_and_debugging\SkiResort\BL.Tests\bin\Debug\net6.0\BL.Tests.dll" adapterTypeName="executor://xunit/VsTestRunner2/netcoreapp" className="BL.Tests.LiftsServiceTest" name="TestGetLiftInfoAsync" />
    </UnitTest>
    <UnitTest name="BL.Tests.CheckPermissionsServiceTests.UnauthorizedHasNoAccessToAdminSkiPatrolFunctions(functionName: &quot;GetLiftsSlopesInfoAsync&quot;)" storage="c:\users\alena\desktop\7_sem\testing_and_debugging\skiresort\bl.tests\bin\debug\net6.0\bl.tests.dll" id="387c9729-48c1-486e-5e67-f5d11a9f0db8">
      <Execution id="42a22d83-1523-4e9e-9e87-3aa6d5ee02ea" />
      <TestMethod codeBase="C:\Users\alena\Desktop\7_sem\testing_and_debugging\SkiResort\BL.Tests\bin\Debug\net6.0\BL.Tests.dll" adapterTypeName="executor://xunit/VsTestRunner2/netcoreapp" className="BL.Tests.CheckPermissionsServiceTests" name="UnauthorizedHasNoAccessToAdminSkiPatrolFunctions" />
    </UnitTest>
    <UnitTest name="BL.Tests.LiftsSlopesServiceTests.TestAdminAddAutoIncrementLiftSlopeAsync(lift: Lift { LiftID = 133, LiftName = liftName9088aa70-c3d2-47b0-98f8-756df2e586d5, IsOpen = True, SeatsAmount = 141, LiftingTime = 221, QueueTime = 103, ConnectedSlopes =  }, slope: Slope { SlopeID = 85, SlopeName = slopeNamef990c615-9d4f-4ff3-86e2-9325a55450bb, IsOpen = False, DifficultyLevel = 55, ConnectedLifts =  }, slopesRepositoryStub: Mock&lt;ISlopesRepository:3&gt;,..." storage="c:\users\alena\desktop\7_sem\testing_and_debugging\skiresort\bl.tests\bin\debug\net6.0\bl.tests.dll" id="524f686f-1785-9e64-eeca-703ae6f12fa5">
      <Execution id="0b204112-c6b5-4060-966d-3956dc13f8d8" />
      <TestMethod codeBase="C:\Users\alena\Desktop\7_sem\testing_and_debugging\SkiResort\BL.Tests\bin\Debug\net6.0\BL.Tests.dll" adapterTypeName="executor://xunit/VsTestRunner2/netcoreapp" className="BL.Tests.LiftsSlopesServiceTests" name="TestAdminAddAutoIncrementLiftSlopeAsync" />
    </UnitTest>
    <UnitTest name="BL.Tests.UsersServiceTests.TestRegisterUserWithRepeatedEmail" storage="c:\users\alena\desktop\7_sem\testing_and_debugging\skiresort\bl.tests\bin\debug\net6.0\bl.tests.dll" id="894941c1-bfa7-d8f9-c047-1e1ceefe2c2f">
      <Execution id="b3860bf4-ed51-4180-a273-30238fd948c0" />
      <TestMethod codeBase="C:\Users\alena\Desktop\7_sem\testing_and_debugging\SkiResort\BL.Tests\bin\Debug\net6.0\BL.Tests.dll" adapterTypeName="executor://xunit/VsTestRunner2/netcoreapp" className="BL.Tests.UsersServiceTests" name="TestRegisterUserWithRepeatedEmail" />
    </UnitTest>
    <UnitTest name="BL.Tests.CheckPermissionsServiceTests.UnauthorizedHasNoAccessToAdminFunctions" storage="c:\users\alena\desktop\7_sem\testing_and_debugging\skiresort\bl.tests\bin\debug\net6.0\bl.tests.dll" id="e2d7e5be-3dae-33ae-fb17-c704b6fd58d6">
      <Execution id="395abdab-edb4-4f68-be78-29c413ec6dcd" />
      <TestMethod codeBase="C:\Users\alena\Desktop\7_sem\testing_and_debugging\SkiResort\BL.Tests\bin\Debug\net6.0\BL.Tests.dll" adapterTypeName="executor://xunit/VsTestRunner2/netcoreapp" className="BL.Tests.CheckPermissionsServiceTests" name="UnauthorizedHasNoAccessToAdminFunctions" />
    </UnitTest>
    <UnitTest name="BL.Tests.UsersServiceTests.TestRegisterUserWithNoPassword" storage="c:\users\alena\desktop\7_sem\testing_and_debugging\skiresort\bl.tests\bin\debug\net6.0\bl.tests.dll" id="f44a1b21-8efc-bfac-63b4-d534442def31">
      <Execution id="77d0141a-204e-4521-810c-c1750a053b16" />
      <TestMethod codeBase="C:\Users\alena\Desktop\7_sem\testing_and_debugging\SkiResort\BL.Tests\bin\Debug\net6.0\BL.Tests.dll" adapterTypeName="executor://xunit/VsTestRunner2/netcoreapp" className="BL.Tests.UsersServiceTests" name="TestRegisterUserWithNoPassword" />
    </UnitTest>
    <UnitTest name="BL.Tests.TurnstilesServiceTest.TestAdminGetTurnstileAsync(userID: 226, turnstile: Turnstile { TurnstileID = 94, LiftID = 167, IsOpen = True }, checkPermissionServiceMock: Mock&lt;ICheckPermissionService:12&gt;, turnstilesRepositoryStub: Mock&lt;ITurnstilesRepository:6&gt;, sut: TurnstilesService { })" storage="c:\users\alena\desktop\7_sem\testing_and_debugging\skiresort\bl.tests\bin\debug\net6.0\bl.tests.dll" id="49d44196-ed7e-2413-386a-234f6fabfdd6">
      <Execution id="2470d62c-329b-466e-a0ed-68742515167f" />
      <TestMethod codeBase="C:\Users\alena\Desktop\7_sem\testing_and_debugging\SkiResort\BL.Tests\bin\Debug\net6.0\BL.Tests.dll" adapterTypeName="executor://xunit/VsTestRunner2/netcoreapp" className="BL.Tests.TurnstilesServiceTest" name="TestAdminGetTurnstileAsync" />
    </UnitTest>
    <UnitTest name="BL.Tests.SlopesServiceTest.TestGetSlopeInfoAsync(userID: 123, slope: Slope { SlopeID = 89, SlopeName = slopeName993eeffe-fb71-4adb-b92a-db5bbf86b738, IsOpen = True, DifficultyLevel = 86, ConnectedLifts =  }, checkPermissionServiceMock: Mock&lt;ICheckPermissionService:6&gt;, slopesRepositoryStub: Mock&lt;ISlopesRepository:4&gt;, liftsSlopesRepositoryStub: Mock&lt;ILiftsSlopesRepository:9&gt;, sut: SlopesService { })" storage="c:\users\alena\desktop\7_sem\testing_and_debugging\skiresort\bl.tests\bin\debug\net6.0\bl.tests.dll" id="f0b640a2-e9d0-3915-ef2c-21ae0b7fa2f1">
      <Execution id="a3947414-6b14-4bf1-8e6a-2b3175b4dbc8" />
      <TestMethod codeBase="C:\Users\alena\Desktop\7_sem\testing_and_debugging\SkiResort\BL.Tests\bin\Debug\net6.0\BL.Tests.dll" adapterTypeName="executor://xunit/VsTestRunner2/netcoreapp" className="BL.Tests.SlopesServiceTest" name="TestGetSlopeInfoAsync" />
    </UnitTest>
    <UnitTest name="BL.Tests.CheckPermissionsServiceTests.SkiPatrolHasNoAccessToAdminFunctions" storage="c:\users\alena\desktop\7_sem\testing_and_debugging\skiresort\bl.tests\bin\debug\net6.0\bl.tests.dll" id="492c0393-35b4-df26-a537-21ca08302f3c">
      <Execution id="04e72366-ba49-42e9-b67d-1abc3b28d004" />
      <TestMethod codeBase="C:\Users\alena\Desktop\7_sem\testing_and_debugging\SkiResort\BL.Tests\bin\Debug\net6.0\BL.Tests.dll" adapterTypeName="executor://xunit/VsTestRunner2/netcoreapp" className="BL.Tests.CheckPermissionsServiceTests" name="SkiPatrolHasNoAccessToAdminFunctions" />
    </UnitTest>
    <UnitTest name="BL.Tests.UsersServiceTests.TestAdminDeleteUser" storage="c:\users\alena\desktop\7_sem\testing_and_debugging\skiresort\bl.tests\bin\debug\net6.0\bl.tests.dll" id="18fa8c62-e27d-e1fc-8182-4d7db62b008d">
      <Execution id="e589989a-5298-4abf-b476-eaa01a5838d3" />
      <TestMethod codeBase="C:\Users\alena\Desktop\7_sem\testing_and_debugging\SkiResort\BL.Tests\bin\Debug\net6.0\BL.Tests.dll" adapterTypeName="executor://xunit/VsTestRunner2/netcoreapp" className="BL.Tests.UsersServiceTests" name="TestAdminDeleteUser" />
    </UnitTest>
    <UnitTest name="BL.Tests.SlopesServiceTest.TestAdminDeleteSlopeAsync(userID: 35, slope: Slope { SlopeID = 87, SlopeName = slopeName17f50774-d3dd-4cca-903f-8bd58065b692, IsOpen = True, DifficultyLevel = 170, ConnectedLifts =  }, checkPermissionServiceMock: Mock&lt;ICheckPermissionService:9&gt;, slopesRepositoryStub: Mock&lt;ISlopesRepository:7&gt;, liftsSlopesRepositoryStub: Mock&lt;ILiftsSlopesRepository:12&gt;, sut: SlopesService { })" storage="c:\users\alena\desktop\7_sem\testing_and_debugging\skiresort\bl.tests\bin\debug\net6.0\bl.tests.dll" id="ebae41b6-a7f3-6111-8b94-9401212554ac">
      <Execution id="f34ed9f7-0807-40a0-bb35-bb9d3562dfa0" />
      <TestMethod codeBase="C:\Users\alena\Desktop\7_sem\testing_and_debugging\SkiResort\BL.Tests\bin\Debug\net6.0\BL.Tests.dll" adapterTypeName="executor://xunit/VsTestRunner2/netcoreapp" className="BL.Tests.SlopesServiceTest" name="TestAdminDeleteSlopeAsync" />
    </UnitTest>
    <UnitTest name="BL.Tests.UsersServiceTests.TestLogInWithWrongPassword" storage="c:\users\alena\desktop\7_sem\testing_and_debugging\skiresort\bl.tests\bin\debug\net6.0\bl.tests.dll" id="69340bb6-3645-f9dd-971e-29d8b2a009bb">
      <Execution id="e115198a-f2cf-4bd8-ad40-925da8988e33" />
      <TestMethod codeBase="C:\Users\alena\Desktop\7_sem\testing_and_debugging\SkiResort\BL.Tests\bin\Debug\net6.0\BL.Tests.dll" adapterTypeName="executor://xunit/VsTestRunner2/netcoreapp" className="BL.Tests.UsersServiceTests" name="TestLogInWithWrongPassword" />
    </UnitTest>
    <UnitTest name="BL.Tests.TurnstilesServiceTest.TestAdminGetTurnstilesAsync(userID: 151, initialTurnstiles: [Turnstile { TurnstileID = 163, LiftID = 96, IsOpen = True }, Turnstile { TurnstileID = 183, LiftID = 194, IsOpen = False }, Turnstile { TurnstileID = 173, LiftID = 98, IsOpen = True }], checkPermissionServiceMock: Mock&lt;ICheckPermissionService:13&gt;, turnstilesRepositoryStub: Mock&lt;ITurnstilesRepository:7&gt;, sut: TurnstilesService { })" storage="c:\users\alena\desktop\7_sem\testing_and_debugging\skiresort\bl.tests\bin\debug\net6.0\bl.tests.dll" id="fbd65aab-99ee-4bbd-afd1-951103c98f9a">
      <Execution id="9d2598da-7738-4a9a-b998-b3751ee0ccfc" />
      <TestMethod codeBase="C:\Users\alena\Desktop\7_sem\testing_and_debugging\SkiResort\BL.Tests\bin\Debug\net6.0\BL.Tests.dll" adapterTypeName="executor://xunit/VsTestRunner2/netcoreapp" className="BL.Tests.TurnstilesServiceTest" name="TestAdminGetTurnstilesAsync" />
    </UnitTest>
    <UnitTest name="BL.Tests.TurnstilesServiceTest.TestAdminDeleteTurnstileAsync(userID: 199, turnstile: Turnstile { TurnstileID = 5, LiftID = 34, IsOpen = True }, checkPermissionServiceMock: Mock&lt;ICheckPermissionService:15&gt;, turnstilesRepositoryStub: Mock&lt;ITurnstilesRepository:9&gt;, sut: TurnstilesService { })" storage="c:\users\alena\desktop\7_sem\testing_and_debugging\skiresort\bl.tests\bin\debug\net6.0\bl.tests.dll" id="e5c0e081-c7c4-498c-3142-b01fdd577bdc">
      <Execution id="d69f4607-6333-47bb-8913-574bb610cf2f" />
      <TestMethod codeBase="C:\Users\alena\Desktop\7_sem\testing_and_debugging\SkiResort\BL.Tests\bin\Debug\net6.0\BL.Tests.dll" adapterTypeName="executor://xunit/VsTestRunner2/netcoreapp" className="BL.Tests.TurnstilesServiceTest" name="TestAdminDeleteTurnstileAsync" />
    </UnitTest>
    <UnitTest name="BL.Tests.CheckPermissionsServiceTests.UnauthorizedHasNoAccessToAdminSkiPatrolFunctions(functionName: &quot;GetMessagesAsync&quot;)" storage="c:\users\alena\desktop\7_sem\testing_and_debugging\skiresort\bl.tests\bin\debug\net6.0\bl.tests.dll" id="229812f5-9a73-5335-11f5-31330d1348a5">
      <Execution id="d2b6ec8d-e12b-41bd-8983-cdd6ce17003a" />
      <TestMethod codeBase="C:\Users\alena\Desktop\7_sem\testing_and_debugging\SkiResort\BL.Tests\bin\Debug\net6.0\BL.Tests.dll" adapterTypeName="executor://xunit/VsTestRunner2/netcoreapp" className="BL.Tests.CheckPermissionsServiceTests" name="UnauthorizedHasNoAccessToAdminSkiPatrolFunctions" />
    </UnitTest>
    <UnitTest name="BL.Tests.UsersServiceTests.TestRegisterUserWithNoEmail" storage="c:\users\alena\desktop\7_sem\testing_and_debugging\skiresort\bl.tests\bin\debug\net6.0\bl.tests.dll" id="8184bd30-991c-b78d-b4ec-99a485eac0dd">
      <Execution id="e8bf8ee7-3e29-4bc2-a30e-e1f8d997a442" />
      <TestMethod codeBase="C:\Users\alena\Desktop\7_sem\testing_and_debugging\SkiResort\BL.Tests\bin\Debug\net6.0\BL.Tests.dll" adapterTypeName="executor://xunit/VsTestRunner2/netcoreapp" className="BL.Tests.UsersServiceTests" name="TestRegisterUserWithNoEmail" />
    </UnitTest>
    <UnitTest name="BL.Tests.CheckPermissionsServiceTests.AuthorizedHasNoAccessToAdminSkiPatrolFunctions(functionName: &quot;GetMessagesAsync&quot;)" storage="c:\users\alena\desktop\7_sem\testing_and_debugging\skiresort\bl.tests\bin\debug\net6.0\bl.tests.dll" id="2602613f-c8e2-a6d9-fcf7-5b27d4a770a6">
      <Execution id="5ffde17b-8e47-45d5-804b-09ee4f6ae0ab" />
      <TestMethod codeBase="C:\Users\alena\Desktop\7_sem\testing_and_debugging\SkiResort\BL.Tests\bin\Debug\net6.0\BL.Tests.dll" adapterTypeName="executor://xunit/VsTestRunner2/netcoreapp" className="BL.Tests.CheckPermissionsServiceTests" name="AuthorizedHasNoAccessToAdminSkiPatrolFunctions" />
    </UnitTest>
    <UnitTest name="BL.Tests.UsersServiceTests.TestRegisterOk" storage="c:\users\alena\desktop\7_sem\testing_and_debugging\skiresort\bl.tests\bin\debug\net6.0\bl.tests.dll" id="0eeef75f-6e38-7893-a8fe-cff3e0a970a7">
      <Execution id="0737492b-8afd-4c16-8b1b-21038e1d3573" />
      <TestMethod codeBase="C:\Users\alena\Desktop\7_sem\testing_and_debugging\SkiResort\BL.Tests\bin\Debug\net6.0\BL.Tests.dll" adapterTypeName="executor://xunit/VsTestRunner2/netcoreapp" className="BL.Tests.UsersServiceTests" name="TestRegisterOk" />
    </UnitTest>
    <UnitTest name="BL.Tests.LiftsServiceTest.TestAdminAddAutoIncrementLiftAsync(userID: 182, lift: Lift { LiftID = 201, LiftName = liftNameff14a586-7f60-45d9-8b6d-2aaf926a8b9d, IsOpen = True, SeatsAmount = 130, LiftingTime = 187, QueueTime = 249, ConnectedSlopes =  }, checkPermissionServiceMock: Mock&lt;ICheckPermissionService:5&gt;, liftsRepositoryStub: Mock&lt;ILiftsRepository:5&gt;, sut: LiftsService { })" storage="c:\users\alena\desktop\7_sem\testing_and_debugging\skiresort\bl.tests\bin\debug\net6.0\bl.tests.dll" id="aaa5f3eb-6520-277d-f243-dd4f28af6408">
      <Execution id="c5270be1-3d66-4039-b6e9-0536f3632695" />
      <TestMethod codeBase="C:\Users\alena\Desktop\7_sem\testing_and_debugging\SkiResort\BL.Tests\bin\Debug\net6.0\BL.Tests.dll" adapterTypeName="executor://xunit/VsTestRunner2/netcoreapp" className="BL.Tests.LiftsServiceTest" name="TestAdminAddAutoIncrementLiftAsync" />
    </UnitTest>
    <UnitTest name="BL.Tests.SlopesServiceTest.TestAdminAddSlopeAsync(userID: 162, slope: Slope { SlopeID = 81, SlopeName = slopeNamee7c17dee-26e4-4cff-a7e3-343a7d48183c, IsOpen = True, DifficultyLevel = 116, ConnectedLifts =  }, checkPermissionServiceMock: Mock&lt;ICheckPermissionService:11&gt;, slopesRepositoryStub: Mock&lt;ISlopesRepository:9&gt;, sut: SlopesService { })" storage="c:\users\alena\desktop\7_sem\testing_and_debugging\skiresort\bl.tests\bin\debug\net6.0\bl.tests.dll" id="bdf8e57c-6712-5b26-3775-58b12653431b">
      <Execution id="f1bf5f3d-c944-4ddc-b91b-ba7993b85f1b" />
      <TestMethod codeBase="C:\Users\alena\Desktop\7_sem\testing_and_debugging\SkiResort\BL.Tests\bin\Debug\net6.0\BL.Tests.dll" adapterTypeName="executor://xunit/VsTestRunner2/netcoreapp" className="BL.Tests.SlopesServiceTest" name="TestAdminAddSlopeAsync" />
    </UnitTest>
    <UnitTest name="BL.Tests.CheckPermissionsServiceTests.UnauthorizedHasNoAccessToAuthorizedFunctions(functionName: &quot;LogOutAsync&quot;)" storage="c:\users\alena\desktop\7_sem\testing_and_debugging\skiresort\bl.tests\bin\debug\net6.0\bl.tests.dll" id="fa960c5e-f989-2880-784e-8efe538c5231">
      <Execution id="e0f9e634-e552-41a4-ba5a-c8c51e7a693f" />
      <TestMethod codeBase="C:\Users\alena\Desktop\7_sem\testing_and_debugging\SkiResort\BL.Tests\bin\Debug\net6.0\BL.Tests.dll" adapterTypeName="executor://xunit/VsTestRunner2/netcoreapp" className="BL.Tests.CheckPermissionsServiceTests" name="UnauthorizedHasNoAccessToAuthorizedFunctions" />
    </UnitTest>
    <UnitTest name="BL.Tests.UsersServiceTests.TestAdminUpdateUser" storage="c:\users\alena\desktop\7_sem\testing_and_debugging\skiresort\bl.tests\bin\debug\net6.0\bl.tests.dll" id="06d0bc3a-24a0-fb7f-4277-e9ae6d21c7dd">
      <Execution id="a7a8cf7c-5ddd-4404-8103-30e1e3b3d2dd" />
      <TestMethod codeBase="C:\Users\alena\Desktop\7_sem\testing_and_debugging\SkiResort\BL.Tests\bin\Debug\net6.0\BL.Tests.dll" adapterTypeName="executor://xunit/VsTestRunner2/netcoreapp" className="BL.Tests.UsersServiceTests" name="TestAdminUpdateUser" />
    </UnitTest>
    <UnitTest name="BL.Tests.LiftsServiceTest.TestAdminDeleteLiftAsync(userID: 73, lift: Lift { LiftID = 216, LiftName = liftName8f15a10a-c084-47b8-a3eb-2bae3dcd7a85, IsOpen = True, SeatsAmount = 230, LiftingTime = 198, QueueTime = 193, ConnectedSlopes =  }, checkPermissionServiceMock: Mock&lt;ICheckPermissionService:4&gt;, liftsRepositoryStub: Mock&lt;ILiftsRepository:4&gt;, liftsSlopesRepositoryStub: Mock&lt;ILiftsSlopesRepository:4&gt;, sut: LiftsService { })" storage="c:\users\alena\desktop\7_sem\testing_and_debugging\skiresort\bl.tests\bin\debug\net6.0\bl.tests.dll" id="ac96fb9f-80a1-9b2a-5a73-743c185d9be7">
      <Execution id="5592a299-0244-4cd9-a6ac-ae35bff93b59" />
      <TestMethod codeBase="C:\Users\alena\Desktop\7_sem\testing_and_debugging\SkiResort\BL.Tests\bin\Debug\net6.0\BL.Tests.dll" adapterTypeName="executor://xunit/VsTestRunner2/netcoreapp" className="BL.Tests.LiftsServiceTest" name="TestAdminDeleteLiftAsync" />
    </UnitTest>
    <UnitTest name="BL.Tests.UsersServiceTests.TestAdminGetUserByIDAsync" storage="c:\users\alena\desktop\7_sem\testing_and_debugging\skiresort\bl.tests\bin\debug\net6.0\bl.tests.dll" id="e5497347-2721-b7a6-0bd4-69a9921f6947">
      <Execution id="267d3e0a-933e-494b-a3de-e3b68e2a0cdd" />
      <TestMethod codeBase="C:\Users\alena\Desktop\7_sem\testing_and_debugging\SkiResort\BL.Tests\bin\Debug\net6.0\BL.Tests.dll" adapterTypeName="executor://xunit/VsTestRunner2/netcoreapp" className="BL.Tests.UsersServiceTests" name="TestAdminGetUserByIDAsync" />
    </UnitTest>
    <UnitTest name="BL.Tests.UsersServiceTests.TestAdminGetUsers" storage="c:\users\alena\desktop\7_sem\testing_and_debugging\skiresort\bl.tests\bin\debug\net6.0\bl.tests.dll" id="20ad8570-0170-85de-dcd7-2f109dd7bcd6">
      <Execution id="c912b9e8-7490-4cd9-b25e-f20ea84bbac2" />
      <TestMethod codeBase="C:\Users\alena\Desktop\7_sem\testing_and_debugging\SkiResort\BL.Tests\bin\Debug\net6.0\BL.Tests.dll" adapterTypeName="executor://xunit/VsTestRunner2/netcoreapp" className="BL.Tests.UsersServiceTests" name="TestAdminGetUsers" />
    </UnitTest>
    <UnitTest name="BL.Tests.SlopesServiceTest.TestAdminAddAutoIncrementSlopeAsync(userID: 251, slope: Slope { SlopeID = 161, SlopeName = slopeNamecf4112fd-117b-4651-ac9c-993057ebd917, IsOpen = True, DifficultyLevel = 117, ConnectedLifts =  }, checkPermissionServiceMock: Mock&lt;ICheckPermissionService:10&gt;, slopesRepositoryStub: Mock&lt;ISlopesRepository:8&gt;, sut: SlopesService { })" storage="c:\users\alena\desktop\7_sem\testing_and_debugging\skiresort\bl.tests\bin\debug\net6.0\bl.tests.dll" id="bc528ae2-d33a-d408-0aab-ae47aef50815">
      <Execution id="ec46c1a3-37f8-4f6c-bdcd-109f651a959a" />
      <TestMethod codeBase="C:\Users\alena\Desktop\7_sem\testing_and_debugging\SkiResort\BL.Tests\bin\Debug\net6.0\BL.Tests.dll" adapterTypeName="executor://xunit/VsTestRunner2/netcoreapp" className="BL.Tests.SlopesServiceTest" name="TestAdminAddAutoIncrementSlopeAsync" />
    </UnitTest>
  </TestDefinitions>
  <TestEntries>
    <TestEntry testId="37d256d1-b740-adb9-15a0-f87ccbd81775" executionId="2d948e2f-bade-44eb-9593-761f922babdb" testListId="8c84fa94-04c1-424b-9868-57a2d4851a1d" />
    <TestEntry testId="b2b1daee-1a1f-31bb-4c3a-8d95a29c4287" executionId="35c276f5-2dfd-4214-8740-c08e9bb77228" testListId="8c84fa94-04c1-424b-9868-57a2d4851a1d" />
    <TestEntry testId="1ca07ad8-f799-c5d4-e7cc-34fd950198a2" executionId="8fb686e1-c136-431f-ae4d-c9e977478151" testListId="8c84fa94-04c1-424b-9868-57a2d4851a1d" />
    <TestEntry testId="387c9729-48c1-486e-5e67-f5d11a9f0db8" executionId="42a22d83-1523-4e9e-9e87-3aa6d5ee02ea" testListId="8c84fa94-04c1-424b-9868-57a2d4851a1d" />
    <TestEntry testId="8184bd30-991c-b78d-b4ec-99a485eac0dd" executionId="e8bf8ee7-3e29-4bc2-a30e-e1f8d997a442" testListId="8c84fa94-04c1-424b-9868-57a2d4851a1d" />
    <TestEntry testId="60bd668f-04df-da5e-b79b-5d9aedb5234d" executionId="8fd79f79-fc02-40f8-af25-988e352f8eaf" testListId="8c84fa94-04c1-424b-9868-57a2d4851a1d" />
    <TestEntry testId="bdf8e57c-6712-5b26-3775-58b12653431b" executionId="f1bf5f3d-c944-4ddc-b91b-ba7993b85f1b" testListId="8c84fa94-04c1-424b-9868-57a2d4851a1d" />
    <TestEntry testId="f0b640a2-e9d0-3915-ef2c-21ae0b7fa2f1" executionId="a3947414-6b14-4bf1-8e6a-2b3175b4dbc8" testListId="8c84fa94-04c1-424b-9868-57a2d4851a1d" />
    <TestEntry testId="e5c0e081-c7c4-498c-3142-b01fdd577bdc" executionId="d69f4607-6333-47bb-8913-574bb610cf2f" testListId="8c84fa94-04c1-424b-9868-57a2d4851a1d" />
    <TestEntry testId="fbd65aab-99ee-4bbd-afd1-951103c98f9a" executionId="9d2598da-7738-4a9a-b998-b3751ee0ccfc" testListId="8c84fa94-04c1-424b-9868-57a2d4851a1d" />
    <TestEntry testId="c36970dc-93f7-753e-fa47-157133b01644" executionId="4e22aab1-0240-485a-b678-a374120622f6" testListId="8c84fa94-04c1-424b-9868-57a2d4851a1d" />
    <TestEntry testId="9f49ab42-bccd-fd66-afea-48ae49194e29" executionId="f70177fe-6cbe-43ac-858b-de4478772771" testListId="8c84fa94-04c1-424b-9868-57a2d4851a1d" />
    <TestEntry testId="18fa8c62-e27d-e1fc-8182-4d7db62b008d" executionId="e589989a-5298-4abf-b476-eaa01a5838d3" testListId="8c84fa94-04c1-424b-9868-57a2d4851a1d" />
    <TestEntry testId="eaabd2fc-2f4b-5689-59c8-c7ad34a8f634" executionId="ee8e4843-f694-4860-bf9c-350657b22f9e" testListId="8c84fa94-04c1-424b-9868-57a2d4851a1d" />
    <TestEntry testId="492c0393-35b4-df26-a537-21ca08302f3c" executionId="04e72366-ba49-42e9-b67d-1abc3b28d004" testListId="8c84fa94-04c1-424b-9868-57a2d4851a1d" />
    <TestEntry testId="e2d7e5be-3dae-33ae-fb17-c704b6fd58d6" executionId="395abdab-edb4-4f68-be78-29c413ec6dcd" testListId="8c84fa94-04c1-424b-9868-57a2d4851a1d" />
    <TestEntry testId="894941c1-bfa7-d8f9-c047-1e1ceefe2c2f" executionId="b3860bf4-ed51-4180-a273-30238fd948c0" testListId="8c84fa94-04c1-424b-9868-57a2d4851a1d" />
    <TestEntry testId="aaa5f3eb-6520-277d-f243-dd4f28af6408" executionId="c5270be1-3d66-4039-b6e9-0536f3632695" testListId="8c84fa94-04c1-424b-9868-57a2d4851a1d" />
    <TestEntry testId="644ec43e-70cd-c82d-42e7-0d990be1414d" executionId="10e1ae43-9eee-489d-b20b-f5009946482d" testListId="8c84fa94-04c1-424b-9868-57a2d4851a1d" />
    <TestEntry testId="2d706594-f2b3-b3c8-21d4-86c9798c3306" executionId="4b828b67-f581-4fa2-af29-d1b1dc9b83d0" testListId="8c84fa94-04c1-424b-9868-57a2d4851a1d" />
    <TestEntry testId="e5497347-2721-b7a6-0bd4-69a9921f6947" executionId="267d3e0a-933e-494b-a3de-e3b68e2a0cdd" testListId="8c84fa94-04c1-424b-9868-57a2d4851a1d" />
    <TestEntry testId="0eeef75f-6e38-7893-a8fe-cff3e0a970a7" executionId="0737492b-8afd-4c16-8b1b-21038e1d3573" testListId="8c84fa94-04c1-424b-9868-57a2d4851a1d" />
    <TestEntry testId="69340bb6-3645-f9dd-971e-29d8b2a009bb" executionId="e115198a-f2cf-4bd8-ad40-925da8988e33" testListId="8c84fa94-04c1-424b-9868-57a2d4851a1d" />
    <TestEntry testId="06d0bc3a-24a0-fb7f-4277-e9ae6d21c7dd" executionId="a7a8cf7c-5ddd-4404-8103-30e1e3b3d2dd" testListId="8c84fa94-04c1-424b-9868-57a2d4851a1d" />
    <TestEntry testId="39be9b5e-0bc4-57dc-37d3-aec6b520299d" executionId="e4780e95-b5c7-4849-8ec2-724d15ff0ff1" testListId="8c84fa94-04c1-424b-9868-57a2d4851a1d" />
    <TestEntry testId="170f9de8-cbf0-d4c6-26f2-9bfeadb3cf0f" executionId="9df772e0-5908-4524-bf22-7acabdfd51b3" testListId="8c84fa94-04c1-424b-9868-57a2d4851a1d" />
    <TestEntry testId="229812f5-9a73-5335-11f5-31330d1348a5" executionId="d2b6ec8d-e12b-41bd-8983-cdd6ce17003a" testListId="8c84fa94-04c1-424b-9868-57a2d4851a1d" />
    <TestEntry testId="834c739b-eca4-b36d-6a66-5a1bd75377b8" executionId="4676ccac-94b8-4b6e-b075-caabd621dc21" testListId="8c84fa94-04c1-424b-9868-57a2d4851a1d" />
    <TestEntry testId="d3b53cb7-978c-a63c-8f37-4dda1999074e" executionId="fd1a0bfc-88db-445f-8d8c-fb21ad2c2fa7" testListId="8c84fa94-04c1-424b-9868-57a2d4851a1d" />
    <TestEntry testId="f44a1b21-8efc-bfac-63b4-d534442def31" executionId="77d0141a-204e-4521-810c-c1750a053b16" testListId="8c84fa94-04c1-424b-9868-57a2d4851a1d" />
    <TestEntry testId="ae5042e8-00e5-e71b-f976-a5f49043c751" executionId="b273b4be-b957-4d30-b00c-45ef1d30e1c6" testListId="8c84fa94-04c1-424b-9868-57a2d4851a1d" />
    <TestEntry testId="aa28a6b3-21d3-aa45-24d3-bef2facbc899" executionId="9b1f38cc-12fd-40d7-8b31-3cc788a20774" testListId="8c84fa94-04c1-424b-9868-57a2d4851a1d" />
    <TestEntry testId="a2e59116-cb53-1d70-9cb8-21c286516866" executionId="3ebd44ab-071d-4c7d-85ef-aa4a1021f4e5" testListId="8c84fa94-04c1-424b-9868-57a2d4851a1d" />
    <TestEntry testId="20ad8570-0170-85de-dcd7-2f109dd7bcd6" executionId="c912b9e8-7490-4cd9-b25e-f20ea84bbac2" testListId="8c84fa94-04c1-424b-9868-57a2d4851a1d" />
    <TestEntry testId="ac96fb9f-80a1-9b2a-5a73-743c185d9be7" executionId="5592a299-0244-4cd9-a6ac-ae35bff93b59" testListId="8c84fa94-04c1-424b-9868-57a2d4851a1d" />
    <TestEntry testId="4f297306-d4f3-8d63-e7f4-1ac0b8c58c74" executionId="e2886950-6b80-4613-bca2-2d8e35f3f153" testListId="8c84fa94-04c1-424b-9868-57a2d4851a1d" />
    <TestEntry testId="9c7df5e2-1b23-ebea-889f-b78ca86b60ab" executionId="430871c7-5710-4a8e-8195-6a88f8d57768" testListId="8c84fa94-04c1-424b-9868-57a2d4851a1d" />
    <TestEntry testId="8e8c7144-89ee-9a4a-872b-3a350f903c54" executionId="320a7320-abe4-4ad2-bd00-227a92b60ab7" testListId="8c84fa94-04c1-424b-9868-57a2d4851a1d" />
    <TestEntry testId="a19a5fcf-c5d2-7d44-5d7d-84403042f4e0" executionId="dd70ae8f-ee5e-41f5-9c40-d696f900839c" testListId="8c84fa94-04c1-424b-9868-57a2d4851a1d" />
    <TestEntry testId="ebae41b6-a7f3-6111-8b94-9401212554ac" executionId="f34ed9f7-0807-40a0-bb35-bb9d3562dfa0" testListId="8c84fa94-04c1-424b-9868-57a2d4851a1d" />
    <TestEntry testId="2602613f-c8e2-a6d9-fcf7-5b27d4a770a6" executionId="5ffde17b-8e47-45d5-804b-09ee4f6ae0ab" testListId="8c84fa94-04c1-424b-9868-57a2d4851a1d" />
    <TestEntry testId="f3efc418-a8a6-c7b7-9bac-90b33aa8472f" executionId="d2978a85-1463-4e6d-a4b1-359aeb1b2d98" testListId="8c84fa94-04c1-424b-9868-57a2d4851a1d" />
    <TestEntry testId="b2b31f5f-ebd1-2bfa-8633-a273b19035d7" executionId="6253570f-16bb-4068-845a-d537e80d4a21" testListId="8c84fa94-04c1-424b-9868-57a2d4851a1d" />
    <TestEntry testId="524f686f-1785-9e64-eeca-703ae6f12fa5" executionId="0b204112-c6b5-4060-966d-3956dc13f8d8" testListId="8c84fa94-04c1-424b-9868-57a2d4851a1d" />
    <TestEntry testId="49d44196-ed7e-2413-386a-234f6fabfdd6" executionId="2470d62c-329b-466e-a0ed-68742515167f" testListId="8c84fa94-04c1-424b-9868-57a2d4851a1d" />
    <TestEntry testId="bc528ae2-d33a-d408-0aab-ae47aef50815" executionId="ec46c1a3-37f8-4f6c-bdcd-109f651a959a" testListId="8c84fa94-04c1-424b-9868-57a2d4851a1d" />
    <TestEntry testId="fa960c5e-f989-2880-784e-8efe538c5231" executionId="e0f9e634-e552-41a4-ba5a-c8c51e7a693f" testListId="8c84fa94-04c1-424b-9868-57a2d4851a1d" />
  </TestEntries>
  <TestLists>
    <TestList name="Список результатов" id="8c84fa94-04c1-424b-9868-57a2d4851a1d" />
    <TestList name="Все загруженные результаты" id="19431567-8539-422a-85d7-44ee4e166bda" />
  </TestLists>
  <ResultSummary outcome="Completed">
    <Counters total="47" executed="47" passed="47" failed="0" error="0" timeout="0" aborted="0" inconclusive="0" passedButRunAborted="0" notRunnable="0" notExecuted="0" disconnected="0" warning="0" completed="0" inProgress="0" pending="0" />
    <Output>
      <StdOut>[xUnit.net 00:00:00.00] xUnit.net VSTest Adapter v2.4.5+1caef2f33e (64-bit .NET 6.0.3)&#xD;
[xUnit.net 00:00:00.54]   Discovering: BL.Tests&#xD;
[xUnit.net 00:00:00.78]   Discovered:  BL.Tests&#xD;
[xUnit.net 00:00:00.78]   Starting:    BL.Tests&#xD;
[xUnit.net 00:00:01.10]   Finished:    BL.Tests&#xD;
</StdOut>
    </Output>
  </ResultSummary>
</TestRun>