<assemblies timestamp="10/10/2022 13:24:01" />