<?xml version="1.0" encoding="utf-8"?>
<TestRun id="2fb3fd90-6ff6-48f2-9e1a-0ba4b9feac67" name="@DESKTOP-TJ9D65N 2022-11-03 09:41:36" xmlns="http://microsoft.com/schemas/VisualStudio/TeamTest/2010">
  <Times creation="2022-11-03T09:41:36.9943554+03:00" queuing="2022-11-03T09:41:36.9943554+03:00" start="2022-11-03T09:41:33.1779144+03:00" finish="2022-11-03T09:41:54.4705177+03:00" />
  <TestSettings name="default" id="ad432deb-5442-40be-8de3-ffe66b10a79c">
    <Deployment runDeploymentRoot="_DESKTOP-TJ9D65N_2022-11-03_09_41_36" />
  </TestSettings>
  <Results>
    <UnitTestResult executionId="2dc4b659-5e68-4981-87b3-3aa3fd56407d" testId="26a3ed7b-f58f-b931-d8c6-d1d1687098ba" testName="IntegrationTests.TestActionsWithUsers.TestAdminAddAutoIncrementUser" computerName="DESKTOP-TJ9D65N" duration="00:00:00.6080652" startTime="2022-11-03T09:41:45.7044357+03:00" endTime="2022-11-03T09:41:45.7044359+03:00" testType="13cdc9d9-ddb5-4fa4-a97d-d965ccfc6d4b" outcome="Passed" testListId="8c84fa94-04c1-424b-9868-57a2d4851a1d" relativeResultsDirectory="2dc4b659-5e68-4981-87b3-3aa3fd56407d" />
    <UnitTestResult executionId="62f86771-e75b-41b2-b5b7-c9aba11c1c48" testId="46e50a74-a357-8c57-e2f0-e8ae73a07d71" testName="IntegrationTests.TestActionsWithSlopes.TestAdminDeleteSlopeAsync(slope: Slope { SlopeID = 135, SlopeName = slopeName3125fade-5a03-4e1b-89c1-ee32f6b9e7c9, IsOpen = True, DifficultyLevel = 3, ConnectedLifts =  })" computerName="DESKTOP-TJ9D65N" duration="00:00:00.6322065" startTime="2022-11-03T09:41:37.8538272+03:00" endTime="2022-11-03T09:41:37.8538273+03:00" testType="13cdc9d9-ddb5-4fa4-a97d-d965ccfc6d4b" outcome="Passed" testListId="8c84fa94-04c1-424b-9868-57a2d4851a1d" relativeResultsDirectory="62f86771-e75b-41b2-b5b7-c9aba11c1c48" />
    <UnitTestResult executionId="45901158-62d1-4a5e-95dc-2e4fd7d5c829" testId="7846c18f-644f-c585-d953-2853291ed156" testName="IntegrationTests.TestActionsWithTurnstiles.TestAdminUpdateTurnstileAsync(turnstile: Turnstile { TurnstileID = 119, LiftID = 105, IsOpen = True })" computerName="DESKTOP-TJ9D65N" duration="00:00:00.6157456" startTime="2022-11-03T09:41:44.4489891+03:00" endTime="2022-11-03T09:41:44.4489895+03:00" testType="13cdc9d9-ddb5-4fa4-a97d-d965ccfc6d4b" outcome="Passed" testListId="8c84fa94-04c1-424b-9868-57a2d4851a1d" relativeResultsDirectory="45901158-62d1-4a5e-95dc-2e4fd7d5c829" />
    <UnitTestResult executionId="b5a3e8bb-12b8-4004-9d26-b21e13eae405" testId="469b101f-8633-a685-8d5b-bdbf8dc340c5" testName="IntegrationTests.TestActionsWithSlopes.TestGetSlopesInfoAsync(initialSlopes: [Slope { SlopeID = 107, SlopeName = slopeName7ac804c4-6815-41f5-9949-9903fb15e27e, IsOpen = True, DifficultyLevel = 161, ConnectedLifts =  }, Slope { SlopeID = 80, SlopeName = slopeNamea31bb31f-88fd-4066-aa13-5e99d6fc93ac, IsOpen = False, DifficultyLevel = 207, ConnectedLifts =  }, Slope { SlopeID = 230, SlopeName = slopeName5ddd5ade-8933-4808-8d71-d641e8f6aebb, IsOpen = True, DifficultyLevel = 212, ConnectedLifts =  }])" computerName="DESKTOP-TJ9D65N" duration="00:00:00.6717471" startTime="2022-11-03T09:41:37.2070537+03:00" endTime="2022-11-03T09:41:37.2070537+03:00" testType="13cdc9d9-ddb5-4fa4-a97d-d965ccfc6d4b" outcome="Passed" testListId="8c84fa94-04c1-424b-9868-57a2d4851a1d" relativeResultsDirectory="b5a3e8bb-12b8-4004-9d26-b21e13eae405" />
    <UnitTestResult executionId="a0deddf9-f62b-46c9-9ba2-a6717cce64f6" testId="e4fca2bf-5d08-44f1-fa0b-4cb95822a80d" testName="IntegrationTests.TestActionsWithSlopes.TestAdminAddAutoIncrementSlopeAsync(slope: Slope { SlopeID = 165, SlopeName = slopeNameea628e11-3250-4c02-b5e6-09b0b6d7f05e, IsOpen = True, DifficultyLevel = 215, ConnectedLifts =  })" computerName="DESKTOP-TJ9D65N" duration="00:00:00.6171411" startTime="2022-11-03T09:41:36.5102677+03:00" endTime="2022-11-03T09:41:36.5102678+03:00" testType="13cdc9d9-ddb5-4fa4-a97d-d965ccfc6d4b" outcome="Passed" testListId="8c84fa94-04c1-424b-9868-57a2d4851a1d" relativeResultsDirectory="a0deddf9-f62b-46c9-9ba2-a6717cce64f6" />
    <UnitTestResult executionId="533176fc-a7a2-40dd-87cf-7981e97c8248" testId="bb089b8c-684c-9bcc-abe0-445580323523" testName="IntegrationTests.TestActionsWithSlopes.TestGetSlopeInfoAsync(slope: Slope { SlopeID = 252, SlopeName = slopeName1135c1de-d801-4f0f-a535-3ce5ee4b8981, IsOpen = True, DifficultyLevel = 242, ConnectedLifts =  })" computerName="DESKTOP-TJ9D65N" duration="00:00:00.6761559" startTime="2022-11-03T09:41:35.8558345+03:00" endTime="2022-11-03T09:41:35.8558835+03:00" testType="13cdc9d9-ddb5-4fa4-a97d-d965ccfc6d4b" outcome="Passed" testListId="8c84fa94-04c1-424b-9868-57a2d4851a1d" relativeResultsDirectory="533176fc-a7a2-40dd-87cf-7981e97c8248" />
    <UnitTestResult executionId="ce2319e8-ec9c-4d59-b758-069fb7c2e60c" testId="2905273d-45af-a9b6-6115-06fd916ec8ae" testName="IntegrationTests.TestActionsWithLiftsLifts.TestAdminAddAutoIncrementLiftAsync(lift: Lift { LiftID = 224, LiftName = liftNameda205cf4-b989-47d8-85de-1d8bf3603807, IsOpen = True, SeatsAmount = 218, LiftingTime = 191, QueueTime = 175, ConnectedSlopes =  })" computerName="DESKTOP-TJ9D65N" duration="00:00:00.6213938" startTime="2022-11-03T09:41:53.0997113+03:00" endTime="2022-11-03T09:41:53.0997114+03:00" testType="13cdc9d9-ddb5-4fa4-a97d-d965ccfc6d4b" outcome="Passed" testListId="8c84fa94-04c1-424b-9868-57a2d4851a1d" relativeResultsDirectory="ce2319e8-ec9c-4d59-b758-069fb7c2e60c" />
    <UnitTestResult executionId="ddd24adc-cf84-4047-b1c0-54991c9a5544" testId="63be1f92-7da8-a66e-02df-a6e75143687a" testName="IntegrationTests.TestActionsWithLiftsSlopes.TestGetLiftsSlopesInfoAsync(liftsSlopes: [LiftSlope { RecordID = 202, LiftID = 86, SlopeID = 27 }, LiftSlope { RecordID = 102, LiftID = 61, SlopeID = 243 }, LiftSlope { RecordID = 197, LiftID = 146, SlopeID = 83 }])" computerName="DESKTOP-TJ9D65N" duration="00:00:00.6434120" startTime="2022-11-03T09:41:39.8412618+03:00" endTime="2022-11-03T09:41:39.8412619+03:00" testType="13cdc9d9-ddb5-4fa4-a97d-d965ccfc6d4b" outcome="Passed" testListId="8c84fa94-04c1-424b-9868-57a2d4851a1d" relativeResultsDirectory="ddd24adc-cf84-4047-b1c0-54991c9a5544" />
    <UnitTestResult executionId="3f8598e7-9c24-4993-b868-5b67f6df7cdc" testId="682d3b16-d8d9-d658-4906-fcc748843214" testName="IntegrationTests.TestActionsWithUsers.TestAdminGetUsers" computerName="DESKTOP-TJ9D65N" duration="00:00:00.5889135" startTime="2022-11-03T09:41:49.3747491+03:00" endTime="2022-11-03T09:41:49.3747495+03:00" testType="13cdc9d9-ddb5-4fa4-a97d-d965ccfc6d4b" outcome="Passed" testListId="8c84fa94-04c1-424b-9868-57a2d4851a1d" relativeResultsDirectory="3f8598e7-9c24-4993-b868-5b67f6df7cdc" />
    <UnitTestResult executionId="62ea6e75-23c4-4bd1-93ee-383cd4656af9" testId="f7bc8a61-5195-5f3c-27c3-d8774a06e212" testName="IntegrationTests.TestActionsWithSlopes.TestUpdateSlopeInfoAsync(slope: Slope { SlopeID = 70, SlopeName = slopeName303b94ad-6ce5-4225-b14b-428cd662a412, IsOpen = True, DifficultyLevel = 103, ConnectedLifts =  })" computerName="DESKTOP-TJ9D65N" duration="00:00:00.6420273" startTime="2022-11-03T09:41:39.1436906+03:00" endTime="2022-11-03T09:41:39.1436908+03:00" testType="13cdc9d9-ddb5-4fa4-a97d-d965ccfc6d4b" outcome="Passed" testListId="8c84fa94-04c1-424b-9868-57a2d4851a1d" relativeResultsDirectory="62ea6e75-23c4-4bd1-93ee-383cd4656af9" />
    <UnitTestResult executionId="d28c6902-3224-42cc-886e-6db9c6b38930" testId="615589f4-d5ce-6206-883a-63632777012a" testName="IntegrationTests.TestActionsWithLiftsLifts.TestUpdateLiftInfoAsync(lift: Lift { LiftID = 56, LiftName = liftName7217c6e8-807d-44e1-bcb5-5374fbeef11d, IsOpen = True, SeatsAmount = 98, LiftingTime = 74, QueueTime = 127, ConnectedSlopes =  })" computerName="DESKTOP-TJ9D65N" duration="00:00:00.6371299" startTime="2022-11-03T09:41:52.4594846+03:00" endTime="2022-11-03T09:41:52.4594848+03:00" testType="13cdc9d9-ddb5-4fa4-a97d-d965ccfc6d4b" outcome="Passed" testListId="8c84fa94-04c1-424b-9868-57a2d4851a1d" relativeResultsDirectory="d28c6902-3224-42cc-886e-6db9c6b38930" />
    <UnitTestResult executionId="913b3af7-813d-4e15-84db-e474a28e5e4c" testId="d78ba6d0-dfa8-fa6f-4cc8-23966ee34980" testName="IntegrationTests.TestActionsWithUsers.TestRegisterOk" computerName="DESKTOP-TJ9D65N" duration="00:00:00.5988265" startTime="2022-11-03T09:41:48.1269320+03:00" endTime="2022-11-03T09:41:48.1269321+03:00" testType="13cdc9d9-ddb5-4fa4-a97d-d965ccfc6d4b" outcome="Passed" testListId="8c84fa94-04c1-424b-9868-57a2d4851a1d" relativeResultsDirectory="913b3af7-813d-4e15-84db-e474a28e5e4c" />
    <UnitTestResult executionId="97c43422-091c-435a-916f-7fcc9cf6bf5f" testId="28a982a4-8462-a7ec-2f4c-b7dbe4ff5992" testName="IntegrationTests.TestActionsWithSlopes.TestAdminAddSlopeAsync(slope: Slope { SlopeID = 56, SlopeName = slopeName547bb489-9435-445d-bbdf-dfd33744e9dc, IsOpen = True, DifficultyLevel = 27, ConnectedLifts =  })" computerName="DESKTOP-TJ9D65N" duration="00:00:00.6172571" startTime="2022-11-03T09:41:38.4856177+03:00" endTime="2022-11-03T09:41:38.4856178+03:00" testType="13cdc9d9-ddb5-4fa4-a97d-d965ccfc6d4b" outcome="Passed" testListId="8c84fa94-04c1-424b-9868-57a2d4851a1d" relativeResultsDirectory="97c43422-091c-435a-916f-7fcc9cf6bf5f" />
    <UnitTestResult executionId="ba3651dd-c8f5-4dec-9590-50804c7ef1f9" testId="5fd7f464-af3e-e4a6-9b6f-6caaab89c0ad" testName="IntegrationTests.TestActionsWithLiftsSlopes.TestAdminAddAutoIncrementLiftSlopeAsync(lift: Lift { LiftID = 212, LiftName = liftName0ff53694-774e-4941-b1b6-020352417825, IsOpen = True, SeatsAmount = 142, LiftingTime = 152, QueueTime = 218, ConnectedSlopes =  }, slope: Slope { SlopeID = 91, SlopeName = slopeNamedbaa31c7-2808-4614-ab82-c657a54e5765, IsOpen = False, DifficultyLevel = 10, ConnectedLifts =  })" computerName="DESKTOP-TJ9D65N" duration="00:00:00.6784127" startTime="2022-11-03T09:41:41.2473109+03:00" endTime="2022-11-03T09:41:41.2473111+03:00" testType="13cdc9d9-ddb5-4fa4-a97d-d965ccfc6d4b" outcome="Passed" testListId="8c84fa94-04c1-424b-9868-57a2d4851a1d" relativeResultsDirectory="ba3651dd-c8f5-4dec-9590-50804c7ef1f9" />
    <UnitTestResult executionId="1032f0b3-0200-415e-8777-687c29bc8a23" testId="05888757-9b7f-765d-f44a-30575db36c75" testName="IntegrationTests.TestActionsWithTurnstiles.TestAdminAddAutoIncrementTurnstileAsync(turnstile: Turnstile { TurnstileID = 18, LiftID = 197, IsOpen = True })" computerName="DESKTOP-TJ9D65N" duration="00:00:00.6095095" startTime="2022-11-03T09:41:43.8171740+03:00" endTime="2022-11-03T09:41:43.8171741+03:00" testType="13cdc9d9-ddb5-4fa4-a97d-d965ccfc6d4b" outcome="Passed" testListId="8c84fa94-04c1-424b-9868-57a2d4851a1d" relativeResultsDirectory="1032f0b3-0200-415e-8777-687c29bc8a23" />
    <UnitTestResult executionId="387c9ccd-0482-4fcc-a8ea-69f1f7adbc9e" testId="198a1ae3-83ab-ea18-2e21-87927dc980e2" testName="IntegrationTests.TestActionsWithUsers.TestRegisterUserWithNoPassword" computerName="DESKTOP-TJ9D65N" duration="00:00:00.5462916" startTime="2022-11-03T09:41:50.5003383+03:00" endTime="2022-11-03T09:41:50.5003383+03:00" testType="13cdc9d9-ddb5-4fa4-a97d-d965ccfc6d4b" outcome="Passed" testListId="8c84fa94-04c1-424b-9868-57a2d4851a1d" relativeResultsDirectory="387c9ccd-0482-4fcc-a8ea-69f1f7adbc9e" />
    <UnitTestResult executionId="3024a65b-f1bf-4b48-baff-a2e176bd4183" testId="b13d7882-7f04-aa84-f048-10b52c2069fc" testName="IntegrationTests.TestActionsWithLiftsLifts.TestGetLiftInfoAsync(lift: Lift { LiftID = 63, LiftName = liftNamedadf05bd-1cee-47a5-980a-28a696ac8bd1, IsOpen = True, SeatsAmount = 153, LiftingTime = 250, QueueTime = 71, ConnectedSlopes =  })" computerName="DESKTOP-TJ9D65N" duration="00:00:00.6083498" startTime="2022-11-03T09:41:53.7261928+03:00" endTime="2022-11-03T09:41:53.7261929+03:00" testType="13cdc9d9-ddb5-4fa4-a97d-d965ccfc6d4b" outcome="Passed" testListId="8c84fa94-04c1-424b-9868-57a2d4851a1d" relativeResultsDirectory="3024a65b-f1bf-4b48-baff-a2e176bd4183" />
    <UnitTestResult executionId="e1c30494-b87e-40f1-bd35-ad4ba3121ef4" testId="e54a4cee-e2a1-889e-b4cd-647e25b91df6" testName="IntegrationTests.TestActionsWithLiftsLifts.TestGetLiftsInfoAsync(initialLifts: [Lift { LiftID = 75, LiftName = liftName0e59af09-fa1b-4f85-808f-9ede58a146c4, IsOpen = True, SeatsAmount = 177, LiftingTime = 64, QueueTime = 56, ConnectedSlopes =  }, Lift { LiftID = 70, LiftName = liftName67eedf9a-6d5c-4f4a-ac91-a6e4bb7bca50, IsOpen = False, SeatsAmount = 113, LiftingTime = 233, QueueTime = 29, ConnectedSlopes =  }, Lift { LiftID = 124, LiftName = liftName479814d0-3a95-47df-b25e-19283ca7a765, IsOpen = True, SeatsAmount = 238, LiftingTime = 35, QueueTime = 144, ConnectedSlopes =  }])" computerName="DESKTOP-TJ9D65N" duration="00:00:00.6733146" startTime="2022-11-03T09:41:51.8088348+03:00" endTime="2022-11-03T09:41:51.8088349+03:00" testType="13cdc9d9-ddb5-4fa4-a97d-d965ccfc6d4b" outcome="Passed" testListId="8c84fa94-04c1-424b-9868-57a2d4851a1d" relativeResultsDirectory="e1c30494-b87e-40f1-bd35-ad4ba3121ef4" />
    <UnitTestResult executionId="eac5c7f3-4c0d-41dc-922f-8ff47abe1265" testId="593087f0-c7ab-1991-c3ee-af523cc03ada" testName="IntegrationTests.TestActionsWithUsers.TestAdminGetUserByIDAsync" computerName="DESKTOP-TJ9D65N" duration="00:00:00.5896401" startTime="2022-11-03T09:41:51.1047449+03:00" endTime="2022-11-03T09:41:51.1047452+03:00" testType="13cdc9d9-ddb5-4fa4-a97d-d965ccfc6d4b" outcome="Passed" testListId="8c84fa94-04c1-424b-9868-57a2d4851a1d" relativeResultsDirectory="eac5c7f3-4c0d-41dc-922f-8ff47abe1265" />
    <UnitTestResult executionId="ba126de7-aa23-4fae-b5f7-de463938191c" testId="14655b9e-aacd-ba28-28bc-4046f7d40cd7" testName="IntegrationTests.TestActionsWithLiftsLifts.TestAdminDeleteLiftAsync(lift: Lift { LiftID = 239, LiftName = liftName6574d8b5-fe9c-4be0-be8e-4ef682d800ed, IsOpen = True, SeatsAmount = 32, LiftingTime = 55, QueueTime = 230, ConnectedSlopes =  })" computerName="DESKTOP-TJ9D65N" duration="00:00:00.6368840" startTime="2022-11-03T09:41:54.3782038+03:00" endTime="2022-11-03T09:41:54.3782039+03:00" testType="13cdc9d9-ddb5-4fa4-a97d-d965ccfc6d4b" outcome="Passed" testListId="8c84fa94-04c1-424b-9868-57a2d4851a1d" relativeResultsDirectory="ba126de7-aa23-4fae-b5f7-de463938191c" />
    <UnitTestResult executionId="4daea3a7-63cd-4fb1-b4df-a868ef5b6cbf" testId="45fe0df1-c885-2f7e-8187-832190c2786d" testName="IntegrationTests.TestActionsWithUsers.TestLogInOk" computerName="DESKTOP-TJ9D65N" duration="00:00:00.5872887" startTime="2022-11-03T09:41:46.3233601+03:00" endTime="2022-11-03T09:41:46.3233603+03:00" testType="13cdc9d9-ddb5-4fa4-a97d-d965ccfc6d4b" outcome="Passed" testListId="8c84fa94-04c1-424b-9868-57a2d4851a1d" relativeResultsDirectory="4daea3a7-63cd-4fb1-b4df-a868ef5b6cbf" />
    <UnitTestResult executionId="93f1a2d9-7454-4c58-8925-7a89d3cd823a" testId="7e05d159-eff7-0649-6931-acb391795c36" testName="IntegrationTests.TestActionsWithTurnstiles.TestAdminDeleteTurnstileAsync(turnstile: Turnstile { TurnstileID = 229, LiftID = 113, IsOpen = True })" computerName="DESKTOP-TJ9D65N" duration="00:00:00.6107933" startTime="2022-11-03T09:41:43.1830186+03:00" endTime="2022-11-03T09:41:43.1830188+03:00" testType="13cdc9d9-ddb5-4fa4-a97d-d965ccfc6d4b" outcome="Passed" testListId="8c84fa94-04c1-424b-9868-57a2d4851a1d" relativeResultsDirectory="93f1a2d9-7454-4c58-8925-7a89d3cd823a" />
    <UnitTestResult executionId="9b960bc3-c5fa-411e-8da5-a5af1460a5fe" testId="7c1a3dca-8ac6-d6df-d3d2-675be3d8845f" testName="IntegrationTests.TestActionsWithLiftsSlopes.TestAdminDeleteLiftSlopeAsync(lift: Lift { LiftID = 169, LiftName = liftName04143a05-68c0-4ede-8d47-256bb2fe7646, IsOpen = True, SeatsAmount = 254, LiftingTime = 239, QueueTime = 98, ConnectedSlopes =  }, slope: Slope { SlopeID = 194, SlopeName = slopeNamedd6bd30a-a13f-406c-91b1-0f28b6377c71, IsOpen = False, DifficultyLevel = 221, ConnectedLifts =  })" computerName="DESKTOP-TJ9D65N" duration="00:00:00.6834613" startTime="2022-11-03T09:41:40.5442069+03:00" endTime="2022-11-03T09:41:40.5442071+03:00" testType="13cdc9d9-ddb5-4fa4-a97d-d965ccfc6d4b" outcome="Passed" testListId="8c84fa94-04c1-424b-9868-57a2d4851a1d" relativeResultsDirectory="9b960bc3-c5fa-411e-8da5-a5af1460a5fe" />
    <UnitTestResult executionId="6103c114-7521-49d1-8399-2383e22fa3b0" testId="640a72f6-5583-6636-1a54-8396abe99588" testName="IntegrationTests.TestActionsWithUsers.TestAdminDeleteUser" computerName="DESKTOP-TJ9D65N" duration="00:00:00.6200827" startTime="2022-11-03T09:41:48.7665048+03:00" endTime="2022-11-03T09:41:48.7665050+03:00" testType="13cdc9d9-ddb5-4fa4-a97d-d965ccfc6d4b" outcome="Passed" testListId="8c84fa94-04c1-424b-9868-57a2d4851a1d" relativeResultsDirectory="6103c114-7521-49d1-8399-2383e22fa3b0" />
    <UnitTestResult executionId="0b83bd9a-8899-450c-ba7a-ba145569198f" testId="8a671bbd-a679-9554-80f7-33c777475820" testName="IntegrationTests.TestActionsWithTurnstiles.TestAdminGetTurnstilesAsync(initialTurnstiles: [Turnstile { TurnstileID = 58, LiftID = 155, IsOpen = True }, Turnstile { TurnstileID = 159, LiftID = 42, IsOpen = False }, Turnstile { TurnstileID = 37, LiftID = 247, IsOpen = True }])" computerName="DESKTOP-TJ9D65N" duration="00:00:00.6409175" startTime="2022-11-03T09:41:42.5439111+03:00" endTime="2022-11-03T09:41:42.5439112+03:00" testType="13cdc9d9-ddb5-4fa4-a97d-d965ccfc6d4b" outcome="Passed" testListId="8c84fa94-04c1-424b-9868-57a2d4851a1d" relativeResultsDirectory="0b83bd9a-8899-450c-ba7a-ba145569198f" />
    <UnitTestResult executionId="3ed81d7c-32ab-4623-9346-6c59eea3455c" testId="479b875f-d623-ae0a-ff97-dc49a4f2a217" testName="IntegrationTests.TestActionsWithUsers.TestLogInWithWrongPassword" computerName="DESKTOP-TJ9D65N" duration="00:00:00.5664287" startTime="2022-11-03T09:41:47.5126073+03:00" endTime="2022-11-03T09:41:47.5126075+03:00" testType="13cdc9d9-ddb5-4fa4-a97d-d965ccfc6d4b" outcome="Passed" testListId="8c84fa94-04c1-424b-9868-57a2d4851a1d" relativeResultsDirectory="3ed81d7c-32ab-4623-9346-6c59eea3455c" />
    <UnitTestResult executionId="881d17da-b207-4641-815c-9da4e0b5fd09" testId="61a0d3cb-1290-855e-f649-c3c1c190f4b1" testName="IntegrationTests.TestActionsWithUsers.TestAdminUpdateUser" computerName="DESKTOP-TJ9D65N" duration="00:00:00.6099715" startTime="2022-11-03T09:41:45.0776161+03:00" endTime="2022-11-03T09:41:45.0776541+03:00" testType="13cdc9d9-ddb5-4fa4-a97d-d965ccfc6d4b" outcome="Passed" testListId="8c84fa94-04c1-424b-9868-57a2d4851a1d" relativeResultsDirectory="881d17da-b207-4641-815c-9da4e0b5fd09" />
    <UnitTestResult executionId="85efaaa6-0e41-4acf-8095-486783e82a40" testId="d9823bbf-8669-488d-588d-1738baf8fd24" testName="IntegrationTests.TestActionsWithTurnstiles.TestAdminGetTurnstileAsync(turnstile: Turnstile { TurnstileID = 182, LiftID = 230, IsOpen = True })" computerName="DESKTOP-TJ9D65N" duration="00:00:00.6013431" startTime="2022-11-03T09:41:41.8733926+03:00" endTime="2022-11-03T09:41:41.8733929+03:00" testType="13cdc9d9-ddb5-4fa4-a97d-d965ccfc6d4b" outcome="Passed" testListId="8c84fa94-04c1-424b-9868-57a2d4851a1d" relativeResultsDirectory="85efaaa6-0e41-4acf-8095-486783e82a40" />
    <UnitTestResult executionId="88c5d8ca-2765-478b-96a5-47871cae59d8" testId="cb8eae24-e7ef-ed7e-d8e9-347d61b13b3a" testName="IntegrationTests.TestActionsWithUsers.TestRegisterUserWithRepeatedEmail" computerName="DESKTOP-TJ9D65N" duration="00:00:00.5872866" startTime="2022-11-03T09:41:46.9317705+03:00" endTime="2022-11-03T09:41:46.9317706+03:00" testType="13cdc9d9-ddb5-4fa4-a97d-d965ccfc6d4b" outcome="Passed" testListId="8c84fa94-04c1-424b-9868-57a2d4851a1d" relativeResultsDirectory="88c5d8ca-2765-478b-96a5-47871cae59d8" />
    <UnitTestResult executionId="3ac4fec2-5844-4681-8d3c-7cc4237ac6e0" testId="48375cbc-003d-d0fc-ff6a-cfef4b266dfb" testName="IntegrationTests.TestActionsWithUsers.TestRegisterUserWithNoEmail" computerName="DESKTOP-TJ9D65N" duration="00:00:00.5494263" startTime="2022-11-03T09:41:49.9411220+03:00" endTime="2022-11-03T09:41:49.9411221+03:00" testType="13cdc9d9-ddb5-4fa4-a97d-d965ccfc6d4b" outcome="Passed" testListId="8c84fa94-04c1-424b-9868-57a2d4851a1d" relativeResultsDirectory="3ac4fec2-5844-4681-8d3c-7cc4237ac6e0" />
  </Results>
  <TestDefinitions>
    <UnitTest name="IntegrationTests.TestActionsWithLiftsLifts.TestAdminDeleteLiftAsync(lift: Lift { LiftID = 239, LiftName = liftName6574d8b5-fe9c-4be0-be8e-4ef682d800ed, IsOpen = True, SeatsAmount = 32, LiftingTime = 55, QueueTime = 230, ConnectedSlopes =  })" storage="/mnt/c/users/alena/desktop/7_sem/testing_and_debugging/skiresort/integrationtests/bin/debug/net6.0/integrationtests.dll" id="14655b9e-aacd-ba28-28bc-4046f7d40cd7">
      <Execution id="ba126de7-aa23-4fae-b5f7-de463938191c" />
      <TestMethod codeBase="/mnt/c/Users/alena/Desktop/7_sem/testing_and_debugging/SkiResort/IntegrationTests/bin/Debug/net6.0/IntegrationTests.dll" adapterTypeName="executor://xunit/VsTestRunner2/netcoreapp" className="IntegrationTests.TestActionsWithLiftsLifts" name="TestAdminDeleteLiftAsync" />
    </UnitTest>
    <UnitTest name="IntegrationTests.TestActionsWithLiftsSlopes.TestAdminAddAutoIncrementLiftSlopeAsync(lift: Lift { LiftID = 212, LiftName = liftName0ff53694-774e-4941-b1b6-020352417825, IsOpen = True, SeatsAmount = 142, LiftingTime = 152, QueueTime = 218, ConnectedSlopes =  }, slope: Slope { SlopeID = 91, SlopeName = slopeNamedbaa31c7-2808-4614-ab82-c657a54e5765, IsOpen = False, DifficultyLevel = 10, ConnectedLifts =  })" storage="/mnt/c/users/alena/desktop/7_sem/testing_and_debugging/skiresort/integrationtests/bin/debug/net6.0/integrationtests.dll" id="5fd7f464-af3e-e4a6-9b6f-6caaab89c0ad">
      <Execution id="ba3651dd-c8f5-4dec-9590-50804c7ef1f9" />
      <TestMethod codeBase="/mnt/c/Users/alena/Desktop/7_sem/testing_and_debugging/SkiResort/IntegrationTests/bin/Debug/net6.0/IntegrationTests.dll" adapterTypeName="executor://xunit/VsTestRunner2/netcoreapp" className="IntegrationTests.TestActionsWithLiftsSlopes" name="TestAdminAddAutoIncrementLiftSlopeAsync" />
    </UnitTest>
    <UnitTest name="IntegrationTests.TestActionsWithLiftsSlopes.TestAdminDeleteLiftSlopeAsync(lift: Lift { LiftID = 169, LiftName = liftName04143a05-68c0-4ede-8d47-256bb2fe7646, IsOpen = True, SeatsAmount = 254, LiftingTime = 239, QueueTime = 98, ConnectedSlopes =  }, slope: Slope { SlopeID = 194, SlopeName = slopeNamedd6bd30a-a13f-406c-91b1-0f28b6377c71, IsOpen = False, DifficultyLevel = 221, ConnectedLifts =  })" storage="/mnt/c/users/alena/desktop/7_sem/testing_and_debugging/skiresort/integrationtests/bin/debug/net6.0/integrationtests.dll" id="7c1a3dca-8ac6-d6df-d3d2-675be3d8845f">
      <Execution id="9b960bc3-c5fa-411e-8da5-a5af1460a5fe" />
      <TestMethod codeBase="/mnt/c/Users/alena/Desktop/7_sem/testing_and_debugging/SkiResort/IntegrationTests/bin/Debug/net6.0/IntegrationTests.dll" adapterTypeName="executor://xunit/VsTestRunner2/netcoreapp" className="IntegrationTests.TestActionsWithLiftsSlopes" name="TestAdminDeleteLiftSlopeAsync" />
    </UnitTest>
    <UnitTest name="IntegrationTests.TestActionsWithTurnstiles.TestAdminDeleteTurnstileAsync(turnstile: Turnstile { TurnstileID = 229, LiftID = 113, IsOpen = True })" storage="/mnt/c/users/alena/desktop/7_sem/testing_and_debugging/skiresort/integrationtests/bin/debug/net6.0/integrationtests.dll" id="7e05d159-eff7-0649-6931-acb391795c36">
      <Execution id="93f1a2d9-7454-4c58-8925-7a89d3cd823a" />
      <TestMethod codeBase="/mnt/c/Users/alena/Desktop/7_sem/testing_and_debugging/SkiResort/IntegrationTests/bin/Debug/net6.0/IntegrationTests.dll" adapterTypeName="executor://xunit/VsTestRunner2/netcoreapp" className="IntegrationTests.TestActionsWithTurnstiles" name="TestAdminDeleteTurnstileAsync" />
    </UnitTest>
    <UnitTest name="IntegrationTests.TestActionsWithUsers.TestRegisterOk" storage="/mnt/c/users/alena/desktop/7_sem/testing_and_debugging/skiresort/integrationtests/bin/debug/net6.0/integrationtests.dll" id="d78ba6d0-dfa8-fa6f-4cc8-23966ee34980">
      <Execution id="913b3af7-813d-4e15-84db-e474a28e5e4c" />
      <TestMethod codeBase="/mnt/c/Users/alena/Desktop/7_sem/testing_and_debugging/SkiResort/IntegrationTests/bin/Debug/net6.0/IntegrationTests.dll" adapterTypeName="executor://xunit/VsTestRunner2/netcoreapp" className="IntegrationTests.TestActionsWithUsers" name="TestRegisterOk" />
    </UnitTest>
    <UnitTest name="IntegrationTests.TestActionsWithUsers.TestLogInWithWrongPassword" storage="/mnt/c/users/alena/desktop/7_sem/testing_and_debugging/skiresort/integrationtests/bin/debug/net6.0/integrationtests.dll" id="479b875f-d623-ae0a-ff97-dc49a4f2a217">
      <Execution id="3ed81d7c-32ab-4623-9346-6c59eea3455c" />
      <TestMethod codeBase="/mnt/c/Users/alena/Desktop/7_sem/testing_and_debugging/SkiResort/IntegrationTests/bin/Debug/net6.0/IntegrationTests.dll" adapterTypeName="executor://xunit/VsTestRunner2/netcoreapp" className="IntegrationTests.TestActionsWithUsers" name="TestLogInWithWrongPassword" />
    </UnitTest>
    <UnitTest name="IntegrationTests.TestActionsWithSlopes.TestGetSlopesInfoAsync(initialSlopes: [Slope { SlopeID = 107, SlopeName = slopeName7ac804c4-6815-41f5-9949-9903fb15e27e, IsOpen = True, DifficultyLevel = 161, ConnectedLifts =  }, Slope { SlopeID = 80, SlopeName = slopeNamea31bb31f-88fd-4066-aa13-5e99d6fc93ac, IsOpen = False, DifficultyLevel = 207, ConnectedLifts =  }, Slope { SlopeID = 230, SlopeName = slopeName5ddd5ade-8933-4808-8d71-d641e8f6aebb, Is..." storage="/mnt/c/users/alena/desktop/7_sem/testing_and_debugging/skiresort/integrationtests/bin/debug/net6.0/integrationtests.dll" id="469b101f-8633-a685-8d5b-bdbf8dc340c5">
      <Execution id="b5a3e8bb-12b8-4004-9d26-b21e13eae405" />
      <TestMethod codeBase="/mnt/c/Users/alena/Desktop/7_sem/testing_and_debugging/SkiResort/IntegrationTests/bin/Debug/net6.0/IntegrationTests.dll" adapterTypeName="executor://xunit/VsTestRunner2/netcoreapp" className="IntegrationTests.TestActionsWithSlopes" name="TestGetSlopesInfoAsync" />
    </UnitTest>
    <UnitTest name="IntegrationTests.TestActionsWithUsers.TestAdminUpdateUser" storage="/mnt/c/users/alena/desktop/7_sem/testing_and_debugging/skiresort/integrationtests/bin/debug/net6.0/integrationtests.dll" id="61a0d3cb-1290-855e-f649-c3c1c190f4b1">
      <Execution id="881d17da-b207-4641-815c-9da4e0b5fd09" />
      <TestMethod codeBase="/mnt/c/Users/alena/Desktop/7_sem/testing_and_debugging/SkiResort/IntegrationTests/bin/Debug/net6.0/IntegrationTests.dll" adapterTypeName="executor://xunit/VsTestRunner2/netcoreapp" className="IntegrationTests.TestActionsWithUsers" name="TestAdminUpdateUser" />
    </UnitTest>
    <UnitTest name="IntegrationTests.TestActionsWithLiftsLifts.TestGetLiftInfoAsync(lift: Lift { LiftID = 63, LiftName = liftNamedadf05bd-1cee-47a5-980a-28a696ac8bd1, IsOpen = True, SeatsAmount = 153, LiftingTime = 250, QueueTime = 71, ConnectedSlopes =  })" storage="/mnt/c/users/alena/desktop/7_sem/testing_and_debugging/skiresort/integrationtests/bin/debug/net6.0/integrationtests.dll" id="b13d7882-7f04-aa84-f048-10b52c2069fc">
      <Execution id="3024a65b-f1bf-4b48-baff-a2e176bd4183" />
      <TestMethod codeBase="/mnt/c/Users/alena/Desktop/7_sem/testing_and_debugging/SkiResort/IntegrationTests/bin/Debug/net6.0/IntegrationTests.dll" adapterTypeName="executor://xunit/VsTestRunner2/netcoreapp" className="IntegrationTests.TestActionsWithLiftsLifts" name="TestGetLiftInfoAsync" />
    </UnitTest>
    <UnitTest name="IntegrationTests.TestActionsWithTurnstiles.TestAdminUpdateTurnstileAsync(turnstile: Turnstile { TurnstileID = 119, LiftID = 105, IsOpen = True })" storage="/mnt/c/users/alena/desktop/7_sem/testing_and_debugging/skiresort/integrationtests/bin/debug/net6.0/integrationtests.dll" id="7846c18f-644f-c585-d953-2853291ed156">
      <Execution id="45901158-62d1-4a5e-95dc-2e4fd7d5c829" />
      <TestMethod codeBase="/mnt/c/Users/alena/Desktop/7_sem/testing_and_debugging/SkiResort/IntegrationTests/bin/Debug/net6.0/IntegrationTests.dll" adapterTypeName="executor://xunit/VsTestRunner2/netcoreapp" className="IntegrationTests.TestActionsWithTurnstiles" name="TestAdminUpdateTurnstileAsync" />
    </UnitTest>
    <UnitTest name="IntegrationTests.TestActionsWithSlopes.TestAdminDeleteSlopeAsync(slope: Slope { SlopeID = 135, SlopeName = slopeName3125fade-5a03-4e1b-89c1-ee32f6b9e7c9, IsOpen = True, DifficultyLevel = 3, ConnectedLifts =  })" storage="/mnt/c/users/alena/desktop/7_sem/testing_and_debugging/skiresort/integrationtests/bin/debug/net6.0/integrationtests.dll" id="46e50a74-a357-8c57-e2f0-e8ae73a07d71">
      <Execution id="62f86771-e75b-41b2-b5b7-c9aba11c1c48" />
      <TestMethod codeBase="/mnt/c/Users/alena/Desktop/7_sem/testing_and_debugging/SkiResort/IntegrationTests/bin/Debug/net6.0/IntegrationTests.dll" adapterTypeName="executor://xunit/VsTestRunner2/netcoreapp" className="IntegrationTests.TestActionsWithSlopes" name="TestAdminDeleteSlopeAsync" />
    </UnitTest>
    <UnitTest name="IntegrationTests.TestActionsWithTurnstiles.TestAdminAddAutoIncrementTurnstileAsync(turnstile: Turnstile { TurnstileID = 18, LiftID = 197, IsOpen = True })" storage="/mnt/c/users/alena/desktop/7_sem/testing_and_debugging/skiresort/integrationtests/bin/debug/net6.0/integrationtests.dll" id="05888757-9b7f-765d-f44a-30575db36c75">
      <Execution id="1032f0b3-0200-415e-8777-687c29bc8a23" />
      <TestMethod codeBase="/mnt/c/Users/alena/Desktop/7_sem/testing_and_debugging/SkiResort/IntegrationTests/bin/Debug/net6.0/IntegrationTests.dll" adapterTypeName="executor://xunit/VsTestRunner2/netcoreapp" className="IntegrationTests.TestActionsWithTurnstiles" name="TestAdminAddAutoIncrementTurnstileAsync" />
    </UnitTest>
    <UnitTest name="IntegrationTests.TestActionsWithUsers.TestAdminGetUserByIDAsync" storage="/mnt/c/users/alena/desktop/7_sem/testing_and_debugging/skiresort/integrationtests/bin/debug/net6.0/integrationtests.dll" id="593087f0-c7ab-1991-c3ee-af523cc03ada">
      <Execution id="eac5c7f3-4c0d-41dc-922f-8ff47abe1265" />
      <TestMethod codeBase="/mnt/c/Users/alena/Desktop/7_sem/testing_and_debugging/SkiResort/IntegrationTests/bin/Debug/net6.0/IntegrationTests.dll" adapterTypeName="executor://xunit/VsTestRunner2/netcoreapp" className="IntegrationTests.TestActionsWithUsers" name="TestAdminGetUserByIDAsync" />
    </UnitTest>
    <UnitTest name="IntegrationTests.TestActionsWithUsers.TestAdminGetUsers" storage="/mnt/c/users/alena/desktop/7_sem/testing_and_debugging/skiresort/integrationtests/bin/debug/net6.0/integrationtests.dll" id="682d3b16-d8d9-d658-4906-fcc748843214">
      <Execution id="3f8598e7-9c24-4993-b868-5b67f6df7cdc" />
      <TestMethod codeBase="/mnt/c/Users/alena/Desktop/7_sem/testing_and_debugging/SkiResort/IntegrationTests/bin/Debug/net6.0/IntegrationTests.dll" adapterTypeName="executor://xunit/VsTestRunner2/netcoreapp" className="IntegrationTests.TestActionsWithUsers" name="TestAdminGetUsers" />
    </UnitTest>
    <UnitTest name="IntegrationTests.TestActionsWithTurnstiles.TestAdminGetTurnstilesAsync(initialTurnstiles: [Turnstile { TurnstileID = 58, LiftID = 155, IsOpen = True }, Turnstile { TurnstileID = 159, LiftID = 42, IsOpen = False }, Turnstile { TurnstileID = 37, LiftID = 247, IsOpen = True }])" storage="/mnt/c/users/alena/desktop/7_sem/testing_and_debugging/skiresort/integrationtests/bin/debug/net6.0/integrationtests.dll" id="8a671bbd-a679-9554-80f7-33c777475820">
      <Execution id="0b83bd9a-8899-450c-ba7a-ba145569198f" />
      <TestMethod codeBase="/mnt/c/Users/alena/Desktop/7_sem/testing_and_debugging/SkiResort/IntegrationTests/bin/Debug/net6.0/IntegrationTests.dll" adapterTypeName="executor://xunit/VsTestRunner2/netcoreapp" className="IntegrationTests.TestActionsWithTurnstiles" name="TestAdminGetTurnstilesAsync" />
    </UnitTest>
    <UnitTest name="IntegrationTests.TestActionsWithUsers.TestAdminDeleteUser" storage="/mnt/c/users/alena/desktop/7_sem/testing_and_debugging/skiresort/integrationtests/bin/debug/net6.0/integrationtests.dll" id="640a72f6-5583-6636-1a54-8396abe99588">
      <Execution id="6103c114-7521-49d1-8399-2383e22fa3b0" />
      <TestMethod codeBase="/mnt/c/Users/alena/Desktop/7_sem/testing_and_debugging/SkiResort/IntegrationTests/bin/Debug/net6.0/IntegrationTests.dll" adapterTypeName="executor://xunit/VsTestRunner2/netcoreapp" className="IntegrationTests.TestActionsWithUsers" name="TestAdminDeleteUser" />
    </UnitTest>
    <UnitTest name="IntegrationTests.TestActionsWithSlopes.TestUpdateSlopeInfoAsync(slope: Slope { SlopeID = 70, SlopeName = slopeName303b94ad-6ce5-4225-b14b-428cd662a412, IsOpen = True, DifficultyLevel = 103, ConnectedLifts =  })" storage="/mnt/c/users/alena/desktop/7_sem/testing_and_debugging/skiresort/integrationtests/bin/debug/net6.0/integrationtests.dll" id="f7bc8a61-5195-5f3c-27c3-d8774a06e212">
      <Execution id="62ea6e75-23c4-4bd1-93ee-383cd4656af9" />
      <TestMethod codeBase="/mnt/c/Users/alena/Desktop/7_sem/testing_and_debugging/SkiResort/IntegrationTests/bin/Debug/net6.0/IntegrationTests.dll" adapterTypeName="executor://xunit/VsTestRunner2/netcoreapp" className="IntegrationTests.TestActionsWithSlopes" name="TestUpdateSlopeInfoAsync" />
    </UnitTest>
    <UnitTest name="IntegrationTests.TestActionsWithUsers.TestAdminAddAutoIncrementUser" storage="/mnt/c/users/alena/desktop/7_sem/testing_and_debugging/skiresort/integrationtests/bin/debug/net6.0/integrationtests.dll" id="26a3ed7b-f58f-b931-d8c6-d1d1687098ba">
      <Execution id="2dc4b659-5e68-4981-87b3-3aa3fd56407d" />
      <TestMethod codeBase="/mnt/c/Users/alena/Desktop/7_sem/testing_and_debugging/SkiResort/IntegrationTests/bin/Debug/net6.0/IntegrationTests.dll" adapterTypeName="executor://xunit/VsTestRunner2/netcoreapp" className="IntegrationTests.TestActionsWithUsers" name="TestAdminAddAutoIncrementUser" />
    </UnitTest>
    <UnitTest name="IntegrationTests.TestActionsWithSlopes.TestGetSlopeInfoAsync(slope: Slope { SlopeID = 252, SlopeName = slopeName1135c1de-d801-4f0f-a535-3ce5ee4b8981, IsOpen = True, DifficultyLevel = 242, ConnectedLifts =  })" storage="/mnt/c/users/alena/desktop/7_sem/testing_and_debugging/skiresort/integrationtests/bin/debug/net6.0/integrationtests.dll" id="bb089b8c-684c-9bcc-abe0-445580323523">
      <Execution id="533176fc-a7a2-40dd-87cf-7981e97c8248" />
      <TestMethod codeBase="/mnt/c/Users/alena/Desktop/7_sem/testing_and_debugging/SkiResort/IntegrationTests/bin/Debug/net6.0/IntegrationTests.dll" adapterTypeName="executor://xunit/VsTestRunner2/netcoreapp" className="IntegrationTests.TestActionsWithSlopes" name="TestGetSlopeInfoAsync" />
    </UnitTest>
    <UnitTest name="IntegrationTests.TestActionsWithTurnstiles.TestAdminGetTurnstileAsync(turnstile: Turnstile { TurnstileID = 182, LiftID = 230, IsOpen = True })" storage="/mnt/c/users/alena/desktop/7_sem/testing_and_debugging/skiresort/integrationtests/bin/debug/net6.0/integrationtests.dll" id="d9823bbf-8669-488d-588d-1738baf8fd24">
      <Execution id="85efaaa6-0e41-4acf-8095-486783e82a40" />
      <TestMethod codeBase="/mnt/c/Users/alena/Desktop/7_sem/testing_and_debugging/SkiResort/IntegrationTests/bin/Debug/net6.0/IntegrationTests.dll" adapterTypeName="executor://xunit/VsTestRunner2/netcoreapp" className="IntegrationTests.TestActionsWithTurnstiles" name="TestAdminGetTurnstileAsync" />
    </UnitTest>
    <UnitTest name="IntegrationTests.TestActionsWithSlopes.TestAdminAddSlopeAsync(slope: Slope { SlopeID = 56, SlopeName = slopeName547bb489-9435-445d-bbdf-dfd33744e9dc, IsOpen = True, DifficultyLevel = 27, ConnectedLifts =  })" storage="/mnt/c/users/alena/desktop/7_sem/testing_and_debugging/skiresort/integrationtests/bin/debug/net6.0/integrationtests.dll" id="28a982a4-8462-a7ec-2f4c-b7dbe4ff5992">
      <Execution id="97c43422-091c-435a-916f-7fcc9cf6bf5f" />
      <TestMethod codeBase="/mnt/c/Users/alena/Desktop/7_sem/testing_and_debugging/SkiResort/IntegrationTests/bin/Debug/net6.0/IntegrationTests.dll" adapterTypeName="executor://xunit/VsTestRunner2/netcoreapp" className="IntegrationTests.TestActionsWithSlopes" name="TestAdminAddSlopeAsync" />
    </UnitTest>
    <UnitTest name="IntegrationTests.TestActionsWithLiftsLifts.TestAdminAddAutoIncrementLiftAsync(lift: Lift { LiftID = 224, LiftName = liftNameda205cf4-b989-47d8-85de-1d8bf3603807, IsOpen = True, SeatsAmount = 218, LiftingTime = 191, QueueTime = 175, ConnectedSlopes =  })" storage="/mnt/c/users/alena/desktop/7_sem/testing_and_debugging/skiresort/integrationtests/bin/debug/net6.0/integrationtests.dll" id="2905273d-45af-a9b6-6115-06fd916ec8ae">
      <Execution id="ce2319e8-ec9c-4d59-b758-069fb7c2e60c" />
      <TestMethod codeBase="/mnt/c/Users/alena/Desktop/7_sem/testing_and_debugging/SkiResort/IntegrationTests/bin/Debug/net6.0/IntegrationTests.dll" adapterTypeName="executor://xunit/VsTestRunner2/netcoreapp" className="IntegrationTests.TestActionsWithLiftsLifts" name="TestAdminAddAutoIncrementLiftAsync" />
    </UnitTest>
    <UnitTest name="IntegrationTests.TestActionsWithUsers.TestRegisterUserWithNoPassword" storage="/mnt/c/users/alena/desktop/7_sem/testing_and_debugging/skiresort/integrationtests/bin/debug/net6.0/integrationtests.dll" id="198a1ae3-83ab-ea18-2e21-87927dc980e2">
      <Execution id="387c9ccd-0482-4fcc-a8ea-69f1f7adbc9e" />
      <TestMethod codeBase="/mnt/c/Users/alena/Desktop/7_sem/testing_and_debugging/SkiResort/IntegrationTests/bin/Debug/net6.0/IntegrationTests.dll" adapterTypeName="executor://xunit/VsTestRunner2/netcoreapp" className="IntegrationTests.TestActionsWithUsers" name="TestRegisterUserWithNoPassword" />
    </UnitTest>
    <UnitTest name="IntegrationTests.TestActionsWithUsers.TestRegisterUserWithNoEmail" storage="/mnt/c/users/alena/desktop/7_sem/testing_and_debugging/skiresort/integrationtests/bin/debug/net6.0/integrationtests.dll" id="48375cbc-003d-d0fc-ff6a-cfef4b266dfb">
      <Execution id="3ac4fec2-5844-4681-8d3c-7cc4237ac6e0" />
      <TestMethod codeBase="/mnt/c/Users/alena/Desktop/7_sem/testing_and_debugging/SkiResort/IntegrationTests/bin/Debug/net6.0/IntegrationTests.dll" adapterTypeName="executor://xunit/VsTestRunner2/netcoreapp" className="IntegrationTests.TestActionsWithUsers" name="TestRegisterUserWithNoEmail" />
    </UnitTest>
    <UnitTest name="IntegrationTests.TestActionsWithUsers.TestLogInOk" storage="/mnt/c/users/alena/desktop/7_sem/testing_and_debugging/skiresort/integrationtests/bin/debug/net6.0/integrationtests.dll" id="45fe0df1-c885-2f7e-8187-832190c2786d">
      <Execution id="4daea3a7-63cd-4fb1-b4df-a868ef5b6cbf" />
      <TestMethod codeBase="/mnt/c/Users/alena/Desktop/7_sem/testing_and_debugging/SkiResort/IntegrationTests/bin/Debug/net6.0/IntegrationTests.dll" adapterTypeName="executor://xunit/VsTestRunner2/netcoreapp" className="IntegrationTests.TestActionsWithUsers" name="TestLogInOk" />
    </UnitTest>
    <UnitTest name="IntegrationTests.TestActionsWithLiftsLifts.TestGetLiftsInfoAsync(initialLifts: [Lift { LiftID = 75, LiftName = liftName0e59af09-fa1b-4f85-808f-9ede58a146c4, IsOpen = True, SeatsAmount = 177, LiftingTime = 64, QueueTime = 56, ConnectedSlopes =  }, Lift { LiftID = 70, LiftName = liftName67eedf9a-6d5c-4f4a-ac91-a6e4bb7bca50, IsOpen = False, SeatsAmount = 113, LiftingTime = 233, QueueTime = 29, ConnectedSlopes =  }, Lift { LiftID = 124, LiftNam..." storage="/mnt/c/users/alena/desktop/7_sem/testing_and_debugging/skiresort/integrationtests/bin/debug/net6.0/integrationtests.dll" id="e54a4cee-e2a1-889e-b4cd-647e25b91df6">
      <Execution id="e1c30494-b87e-40f1-bd35-ad4ba3121ef4" />
      <TestMethod codeBase="/mnt/c/Users/alena/Desktop/7_sem/testing_and_debugging/SkiResort/IntegrationTests/bin/Debug/net6.0/IntegrationTests.dll" adapterTypeName="executor://xunit/VsTestRunner2/netcoreapp" className="IntegrationTests.TestActionsWithLiftsLifts" name="TestGetLiftsInfoAsync" />
    </UnitTest>
    <UnitTest name="IntegrationTests.TestActionsWithLiftsSlopes.TestGetLiftsSlopesInfoAsync(liftsSlopes: [LiftSlope { RecordID = 202, LiftID = 86, SlopeID = 27 }, LiftSlope { RecordID = 102, LiftID = 61, SlopeID = 243 }, LiftSlope { RecordID = 197, LiftID = 146, SlopeID = 83 }])" storage="/mnt/c/users/alena/desktop/7_sem/testing_and_debugging/skiresort/integrationtests/bin/debug/net6.0/integrationtests.dll" id="63be1f92-7da8-a66e-02df-a6e75143687a">
      <Execution id="ddd24adc-cf84-4047-b1c0-54991c9a5544" />
      <TestMethod codeBase="/mnt/c/Users/alena/Desktop/7_sem/testing_and_debugging/SkiResort/IntegrationTests/bin/Debug/net6.0/IntegrationTests.dll" adapterTypeName="executor://xunit/VsTestRunner2/netcoreapp" className="IntegrationTests.TestActionsWithLiftsSlopes" name="TestGetLiftsSlopesInfoAsync" />
    </UnitTest>
    <UnitTest name="IntegrationTests.TestActionsWithSlopes.TestAdminAddAutoIncrementSlopeAsync(slope: Slope { SlopeID = 165, SlopeName = slopeNameea628e11-3250-4c02-b5e6-09b0b6d7f05e, IsOpen = True, DifficultyLevel = 215, ConnectedLifts =  })" storage="/mnt/c/users/alena/desktop/7_sem/testing_and_debugging/skiresort/integrationtests/bin/debug/net6.0/integrationtests.dll" id="e4fca2bf-5d08-44f1-fa0b-4cb95822a80d">
      <Execution id="a0deddf9-f62b-46c9-9ba2-a6717cce64f6" />
      <TestMethod codeBase="/mnt/c/Users/alena/Desktop/7_sem/testing_and_debugging/SkiResort/IntegrationTests/bin/Debug/net6.0/IntegrationTests.dll" adapterTypeName="executor://xunit/VsTestRunner2/netcoreapp" className="IntegrationTests.TestActionsWithSlopes" name="TestAdminAddAutoIncrementSlopeAsync" />
    </UnitTest>
    <UnitTest name="IntegrationTests.TestActionsWithLiftsLifts.TestUpdateLiftInfoAsync(lift: Lift { LiftID = 56, LiftName = liftName7217c6e8-807d-44e1-bcb5-5374fbeef11d, IsOpen = True, SeatsAmount = 98, LiftingTime = 74, QueueTime = 127, ConnectedSlopes =  })" storage="/mnt/c/users/alena/desktop/7_sem/testing_and_debugging/skiresort/integrationtests/bin/debug/net6.0/integrationtests.dll" id="615589f4-d5ce-6206-883a-63632777012a">
      <Execution id="d28c6902-3224-42cc-886e-6db9c6b38930" />
      <TestMethod codeBase="/mnt/c/Users/alena/Desktop/7_sem/testing_and_debugging/SkiResort/IntegrationTests/bin/Debug/net6.0/IntegrationTests.dll" adapterTypeName="executor://xunit/VsTestRunner2/netcoreapp" className="IntegrationTests.TestActionsWithLiftsLifts" name="TestUpdateLiftInfoAsync" />
    </UnitTest>
    <UnitTest name="IntegrationTests.TestActionsWithUsers.TestRegisterUserWithRepeatedEmail" storage="/mnt/c/users/alena/desktop/7_sem/testing_and_debugging/skiresort/integrationtests/bin/debug/net6.0/integrationtests.dll" id="cb8eae24-e7ef-ed7e-d8e9-347d61b13b3a">
      <Execution id="88c5d8ca-2765-478b-96a5-47871cae59d8" />
      <TestMethod codeBase="/mnt/c/Users/alena/Desktop/7_sem/testing_and_debugging/SkiResort/IntegrationTests/bin/Debug/net6.0/IntegrationTests.dll" adapterTypeName="executor://xunit/VsTestRunner2/netcoreapp" className="IntegrationTests.TestActionsWithUsers" name="TestRegisterUserWithRepeatedEmail" />
    </UnitTest>
  </TestDefinitions>
  <TestEntries>
    <TestEntry testId="26a3ed7b-f58f-b931-d8c6-d1d1687098ba" executionId="2dc4b659-5e68-4981-87b3-3aa3fd56407d" testListId="8c84fa94-04c1-424b-9868-57a2d4851a1d" />
    <TestEntry testId="46e50a74-a357-8c57-e2f0-e8ae73a07d71" executionId="62f86771-e75b-41b2-b5b7-c9aba11c1c48" testListId="8c84fa94-04c1-424b-9868-57a2d4851a1d" />
    <TestEntry testId="7846c18f-644f-c585-d953-2853291ed156" executionId="45901158-62d1-4a5e-95dc-2e4fd7d5c829" testListId="8c84fa94-04c1-424b-9868-57a2d4851a1d" />
    <TestEntry testId="469b101f-8633-a685-8d5b-bdbf8dc340c5" executionId="b5a3e8bb-12b8-4004-9d26-b21e13eae405" testListId="8c84fa94-04c1-424b-9868-57a2d4851a1d" />
    <TestEntry testId="e4fca2bf-5d08-44f1-fa0b-4cb95822a80d" executionId="a0deddf9-f62b-46c9-9ba2-a6717cce64f6" testListId="8c84fa94-04c1-424b-9868-57a2d4851a1d" />
    <TestEntry testId="bb089b8c-684c-9bcc-abe0-445580323523" executionId="533176fc-a7a2-40dd-87cf-7981e97c8248" testListId="8c84fa94-04c1-424b-9868-57a2d4851a1d" />
    <TestEntry testId="2905273d-45af-a9b6-6115-06fd916ec8ae" executionId="ce2319e8-ec9c-4d59-b758-069fb7c2e60c" testListId="8c84fa94-04c1-424b-9868-57a2d4851a1d" />
    <TestEntry testId="63be1f92-7da8-a66e-02df-a6e75143687a" executionId="ddd24adc-cf84-4047-b1c0-54991c9a5544" testListId="8c84fa94-04c1-424b-9868-57a2d4851a1d" />
    <TestEntry testId="682d3b16-d8d9-d658-4906-fcc748843214" executionId="3f8598e7-9c24-4993-b868-5b67f6df7cdc" testListId="8c84fa94-04c1-424b-9868-57a2d4851a1d" />
    <TestEntry testId="f7bc8a61-5195-5f3c-27c3-d8774a06e212" executionId="62ea6e75-23c4-4bd1-93ee-383cd4656af9" testListId="8c84fa94-04c1-424b-9868-57a2d4851a1d" />
    <TestEntry testId="615589f4-d5ce-6206-883a-63632777012a" executionId="d28c6902-3224-42cc-886e-6db9c6b38930" testListId="8c84fa94-04c1-424b-9868-57a2d4851a1d" />
    <TestEntry testId="d78ba6d0-dfa8-fa6f-4cc8-23966ee34980" executionId="913b3af7-813d-4e15-84db-e474a28e5e4c" testListId="8c84fa94-04c1-424b-9868-57a2d4851a1d" />
    <TestEntry testId="28a982a4-8462-a7ec-2f4c-b7dbe4ff5992" executionId="97c43422-091c-435a-916f-7fcc9cf6bf5f" testListId="8c84fa94-04c1-424b-9868-57a2d4851a1d" />
    <TestEntry testId="5fd7f464-af3e-e4a6-9b6f-6caaab89c0ad" executionId="ba3651dd-c8f5-4dec-9590-50804c7ef1f9" testListId="8c84fa94-04c1-424b-9868-57a2d4851a1d" />
    <TestEntry testId="05888757-9b7f-765d-f44a-30575db36c75" executionId="1032f0b3-0200-415e-8777-687c29bc8a23" testListId="8c84fa94-04c1-424b-9868-57a2d4851a1d" />
    <TestEntry testId="198a1ae3-83ab-ea18-2e21-87927dc980e2" executionId="387c9ccd-0482-4fcc-a8ea-69f1f7adbc9e" testListId="8c84fa94-04c1-424b-9868-57a2d4851a1d" />
    <TestEntry testId="b13d7882-7f04-aa84-f048-10b52c2069fc" executionId="3024a65b-f1bf-4b48-baff-a2e176bd4183" testListId="8c84fa94-04c1-424b-9868-57a2d4851a1d" />
    <TestEntry testId="e54a4cee-e2a1-889e-b4cd-647e25b91df6" executionId="e1c30494-b87e-40f1-bd35-ad4ba3121ef4" testListId="8c84fa94-04c1-424b-9868-57a2d4851a1d" />
    <TestEntry testId="593087f0-c7ab-1991-c3ee-af523cc03ada" executionId="eac5c7f3-4c0d-41dc-922f-8ff47abe1265" testListId="8c84fa94-04c1-424b-9868-57a2d4851a1d" />
    <TestEntry testId="14655b9e-aacd-ba28-28bc-4046f7d40cd7" executionId="ba126de7-aa23-4fae-b5f7-de463938191c" testListId="8c84fa94-04c1-424b-9868-57a2d4851a1d" />
    <TestEntry testId="45fe0df1-c885-2f7e-8187-832190c2786d" executionId="4daea3a7-63cd-4fb1-b4df-a868ef5b6cbf" testListId="8c84fa94-04c1-424b-9868-57a2d4851a1d" />
    <TestEntry testId="7e05d159-eff7-0649-6931-acb391795c36" executionId="93f1a2d9-7454-4c58-8925-7a89d3cd823a" testListId="8c84fa94-04c1-424b-9868-57a2d4851a1d" />
    <TestEntry testId="7c1a3dca-8ac6-d6df-d3d2-675be3d8845f" executionId="9b960bc3-c5fa-411e-8da5-a5af1460a5fe" testListId="8c84fa94-04c1-424b-9868-57a2d4851a1d" />
    <TestEntry testId="640a72f6-5583-6636-1a54-8396abe99588" executionId="6103c114-7521-49d1-8399-2383e22fa3b0" testListId="8c84fa94-04c1-424b-9868-57a2d4851a1d" />
    <TestEntry testId="8a671bbd-a679-9554-80f7-33c777475820" executionId="0b83bd9a-8899-450c-ba7a-ba145569198f" testListId="8c84fa94-04c1-424b-9868-57a2d4851a1d" />
    <TestEntry testId="479b875f-d623-ae0a-ff97-dc49a4f2a217" executionId="3ed81d7c-32ab-4623-9346-6c59eea3455c" testListId="8c84fa94-04c1-424b-9868-57a2d4851a1d" />
    <TestEntry testId="61a0d3cb-1290-855e-f649-c3c1c190f4b1" executionId="881d17da-b207-4641-815c-9da4e0b5fd09" testListId="8c84fa94-04c1-424b-9868-57a2d4851a1d" />
    <TestEntry testId="d9823bbf-8669-488d-588d-1738baf8fd24" executionId="85efaaa6-0e41-4acf-8095-486783e82a40" testListId="8c84fa94-04c1-424b-9868-57a2d4851a1d" />
    <TestEntry testId="cb8eae24-e7ef-ed7e-d8e9-347d61b13b3a" executionId="88c5d8ca-2765-478b-96a5-47871cae59d8" testListId="8c84fa94-04c1-424b-9868-57a2d4851a1d" />
    <TestEntry testId="48375cbc-003d-d0fc-ff6a-cfef4b266dfb" executionId="3ac4fec2-5844-4681-8d3c-7cc4237ac6e0" testListId="8c84fa94-04c1-424b-9868-57a2d4851a1d" />
  </TestEntries>
  <TestLists>
    <TestList name="Results Not in a List" id="8c84fa94-04c1-424b-9868-57a2d4851a1d" />
    <TestList name="All Loaded Results" id="19431567-8539-422a-85d7-44ee4e166bda" />
  </TestLists>
  <ResultSummary outcome="Completed">
    <Counters total="30" executed="30" passed="30" failed="0" error="0" timeout="0" aborted="0" inconclusive="0" passedButRunAborted="0" notRunnable="0" notExecuted="0" disconnected="0" warning="0" completed="0" inProgress="0" pending="0" />
    <Output>
      <StdOut>[xUnit.net 00:00:00.00] xUnit.net VSTest Adapter v2.4.3+1b45f5407b (64-bit .NET 6.0.10)
[xUnit.net 00:00:00.98]   Discovering: IntegrationTests
[xUnit.net 00:00:01.09]   Discovered:  IntegrationTests
[xUnit.net 00:00:01.09]   Starting:    IntegrationTests
[xUnit.net 00:00:20.39]   Finished:    IntegrationTests
</StdOut>
    </Output>
  </ResultSummary>
</TestRun>