<?xml version="1.0" encoding="utf-8"?>
<TestRun id="4242dd11-9359-4d80-b304-25e248bd780d" name="@DESKTOP-TJ9D65N 2022-10-31 14:33:51" xmlns="http://microsoft.com/schemas/VisualStudio/TeamTest/2010">
  <Times creation="2022-10-31T14:33:51.4520111+03:00" queuing="2022-10-31T14:33:51.4520112+03:00" start="2022-10-31T14:33:47.2990989+03:00" finish="2022-10-31T14:33:51.8195761+03:00" />
  <TestSettings name="default" id="721a9b02-dfe2-488f-9ecf-75fe1fd08730">
    <Deployment runDeploymentRoot="_DESKTOP-TJ9D65N_2022-10-31_14_33_51" />
  </TestSettings>
  <Results>
    <UnitTestResult executionId="4e41e384-fa7e-43b3-81d8-ccd873528dae" testId="5cdfcc5d-854e-2b01-32bf-d495d8e884ff" testName="IntegrationTests.TestActionsWithSlopes.TestAdminAddAutoIncrementSlopeAsync(slope: Slope { SlopeID = 107, SlopeName = slopeName32f1627b-a8dc-4448-933b-9ef49489aecc, IsOpen = True, DifficultyLevel = 104, ConnectedLifts =  })" computerName="DESKTOP-TJ9D65N" duration="00:00:00.0010000" startTime="2022-10-31T14:33:51.5210095+03:00" endTime="2022-10-31T14:33:51.5210096+03:00" testType="13cdc9d9-ddb5-4fa4-a97d-d965ccfc6d4b" outcome="Failed" testListId="8c84fa94-04c1-424b-9868-57a2d4851a1d" relativeResultsDirectory="4e41e384-fa7e-43b3-81d8-ccd873528dae">
      <Output>
        <ErrorInfo>
          <Message>System.Net.Sockets.SocketException : Connection refused</Message>
          <StackTrace>   at System.Net.Sockets.Socket.AwaitableSocketAsyncEventArgs.ThrowException(SocketError error, CancellationToken cancellationToken)
   at System.Net.Sockets.Socket.AwaitableSocketAsyncEventArgs.System.Threading.Tasks.Sources.IValueTaskSource.GetResult(Int16 token)
   at System.Threading.Tasks.ValueTask.ValueTaskSourceAsTask.&lt;&gt;c.&lt;.cctor&gt;b__4_0(Object state)
--- End of stack trace from previous location ---
   at System.Threading.Tasks.TaskToApm.End(IAsyncResult asyncResult)
   at System.Net.Sockets.Socket.EndConnect(IAsyncResult asyncResult)
   at ProGaudi.Tarantool.Client.NetworkStreamPhysicalConnection.&lt;&gt;c.&lt;ConnectAsync&gt;b__8_1(IAsyncResult asyncResult)
   at System.Threading.Tasks.TaskFactory`1.FromAsyncCoreLogic(IAsyncResult iar, Func`2 endFunction, Action`1 endAction, Task`1 promise, Boolean requiresSynchronization)
--- End of stack trace from previous location ---
   at ProGaudi.Tarantool.Client.NetworkStreamPhysicalConnection.Connect(ClientOptions options)
   at ProGaudi.Tarantool.Client.LogicalConnection.Connect()
   at ProGaudi.Tarantool.Client.LogicalConnectionManager.Connect()
   at ProGaudi.Tarantool.Client.Box.Connect()
   at ProGaudi.Tarantool.Client.Box.Connect(String replicationSource)
   at AccessToDB.TarantoolContext.Initialize(String connection_string) in /mnt/c/Users/alena/Desktop/7_sem/testing_and_debugging/SkiResort/AccessToDB/TarantoolContext.cs:line 51
   at AccessToDB.TarantoolContext..ctor(String connection_string) in /mnt/c/Users/alena/Desktop/7_sem/testing_and_debugging/SkiResort/AccessToDB/TarantoolContext.cs:line 32
   at IntegrationTests.TestActionsWithSlopes..ctor() in /mnt/c/Users/alena/Desktop/7_sem/testing_and_debugging/SkiResort/IntegrationTests/TestActionsWithSlopes.cs:line 31
   at System.RuntimeType.CreateInstanceDefaultCtor(Boolean publicOnly, Boolean wrapExceptions)</StackTrace>
        </ErrorInfo>
      </Output>
    </UnitTestResult>
    <UnitTestResult executionId="eb6edeae-ca89-4f18-a330-6523dbf6f72e" testId="8a671bbd-a679-9554-80f7-33c777475820" testName="IntegrationTests.TestActionsWithTurnstiles.TestAdminGetTurnstilesAsync(initialTurnstiles: [Turnstile { TurnstileID = 217, LiftID = 34, IsOpen = True }, Turnstile { TurnstileID = 83, LiftID = 36, IsOpen = False }, Turnstile { TurnstileID = 147, LiftID = 184, IsOpen = True }])" computerName="DESKTOP-TJ9D65N" duration="00:00:00.0010000" startTime="2022-10-31T14:33:51.6262067+03:00" endTime="2022-10-31T14:33:51.6262068+03:00" testType="13cdc9d9-ddb5-4fa4-a97d-d965ccfc6d4b" outcome="Failed" testListId="8c84fa94-04c1-424b-9868-57a2d4851a1d" relativeResultsDirectory="eb6edeae-ca89-4f18-a330-6523dbf6f72e">
      <Output>
        <ErrorInfo>
          <Message>System.Net.Sockets.SocketException : Connection refused</Message>
          <StackTrace>   at System.Net.Sockets.Socket.AwaitableSocketAsyncEventArgs.ThrowException(SocketError error, CancellationToken cancellationToken)
   at System.Net.Sockets.Socket.AwaitableSocketAsyncEventArgs.System.Threading.Tasks.Sources.IValueTaskSource.GetResult(Int16 token)
   at System.Threading.Tasks.ValueTask.ValueTaskSourceAsTask.&lt;&gt;c.&lt;.cctor&gt;b__4_0(Object state)
--- End of stack trace from previous location ---
   at System.Threading.Tasks.TaskToApm.End(IAsyncResult asyncResult)
   at System.Net.Sockets.Socket.EndConnect(IAsyncResult asyncResult)
   at ProGaudi.Tarantool.Client.NetworkStreamPhysicalConnection.&lt;&gt;c.&lt;ConnectAsync&gt;b__8_1(IAsyncResult asyncResult)
   at System.Threading.Tasks.TaskFactory`1.FromAsyncCoreLogic(IAsyncResult iar, Func`2 endFunction, Action`1 endAction, Task`1 promise, Boolean requiresSynchronization)
--- End of stack trace from previous location ---
   at ProGaudi.Tarantool.Client.NetworkStreamPhysicalConnection.Connect(ClientOptions options)
   at ProGaudi.Tarantool.Client.LogicalConnection.Connect()
   at ProGaudi.Tarantool.Client.LogicalConnectionManager.Connect()
   at ProGaudi.Tarantool.Client.Box.Connect()
   at ProGaudi.Tarantool.Client.Box.Connect(String replicationSource)
   at AccessToDB.TarantoolContext.Initialize(String connection_string) in /mnt/c/Users/alena/Desktop/7_sem/testing_and_debugging/SkiResort/AccessToDB/TarantoolContext.cs:line 51
   at AccessToDB.TarantoolContext..ctor(String connection_string) in /mnt/c/Users/alena/Desktop/7_sem/testing_and_debugging/SkiResort/AccessToDB/TarantoolContext.cs:line 32
   at IntegrationTests.TestActionsWithTurnstiles..ctor() in /mnt/c/Users/alena/Desktop/7_sem/testing_and_debugging/SkiResort/IntegrationTests/TestActionsWithTurnstiles.cs:line 28
   at System.RuntimeType.CreateInstanceDefaultCtor(Boolean publicOnly, Boolean wrapExceptions)</StackTrace>
        </ErrorInfo>
      </Output>
    </UnitTestResult>
    <UnitTestResult executionId="33a78109-dca0-43be-a875-7fd1fdf36ade" testId="682d3b16-d8d9-d658-4906-fcc748843214" testName="IntegrationTests.TestActionsWithUsers.TestAdminGetUsers" computerName="DESKTOP-TJ9D65N" duration="00:00:00.0010000" startTime="2022-10-31T14:33:51.4500681+03:00" endTime="2022-10-31T14:33:51.4500682+03:00" testType="13cdc9d9-ddb5-4fa4-a97d-d965ccfc6d4b" outcome="Failed" testListId="8c84fa94-04c1-424b-9868-57a2d4851a1d" relativeResultsDirectory="33a78109-dca0-43be-a875-7fd1fdf36ade">
      <Output>
        <ErrorInfo>
          <Message>System.Net.Sockets.SocketException : Connection refused</Message>
          <StackTrace>   at System.Net.Sockets.Socket.AwaitableSocketAsyncEventArgs.ThrowException(SocketError error, CancellationToken cancellationToken)
   at System.Net.Sockets.Socket.AwaitableSocketAsyncEventArgs.System.Threading.Tasks.Sources.IValueTaskSource.GetResult(Int16 token)
   at System.Threading.Tasks.ValueTask.ValueTaskSourceAsTask.&lt;&gt;c.&lt;.cctor&gt;b__4_0(Object state)
--- End of stack trace from previous location ---
   at System.Threading.Tasks.TaskToApm.End(IAsyncResult asyncResult)
   at System.Net.Sockets.Socket.EndConnect(IAsyncResult asyncResult)
   at ProGaudi.Tarantool.Client.NetworkStreamPhysicalConnection.&lt;&gt;c.&lt;ConnectAsync&gt;b__8_1(IAsyncResult asyncResult)
   at System.Threading.Tasks.TaskFactory`1.FromAsyncCoreLogic(IAsyncResult iar, Func`2 endFunction, Action`1 endAction, Task`1 promise, Boolean requiresSynchronization)
--- End of stack trace from previous location ---
   at ProGaudi.Tarantool.Client.NetworkStreamPhysicalConnection.Connect(ClientOptions options)
   at ProGaudi.Tarantool.Client.LogicalConnection.Connect()
   at ProGaudi.Tarantool.Client.LogicalConnectionManager.Connect()
   at ProGaudi.Tarantool.Client.Box.Connect()
   at ProGaudi.Tarantool.Client.Box.Connect(String replicationSource)
   at AccessToDB.TarantoolContext.Initialize(String connection_string) in /mnt/c/Users/alena/Desktop/7_sem/testing_and_debugging/SkiResort/AccessToDB/TarantoolContext.cs:line 51
   at AccessToDB.TarantoolContext..ctor(String connection_string) in /mnt/c/Users/alena/Desktop/7_sem/testing_and_debugging/SkiResort/AccessToDB/TarantoolContext.cs:line 32
   at IntegrationTests.TestActionsWithUsers..ctor() in /mnt/c/Users/alena/Desktop/7_sem/testing_and_debugging/SkiResort/IntegrationTests/TestActionsWithUsers.cs:line 30
   at System.RuntimeType.CreateInstanceDefaultCtor(Boolean publicOnly, Boolean wrapExceptions)</StackTrace>
        </ErrorInfo>
      </Output>
    </UnitTestResult>
    <UnitTestResult executionId="f35736d7-74ec-457a-b592-611de1a88b4c" testId="45fe0df1-c885-2f7e-8187-832190c2786d" testName="IntegrationTests.TestActionsWithUsers.TestLogInOk" computerName="DESKTOP-TJ9D65N" duration="00:00:00.0010000" startTime="2022-10-31T14:33:51.3620341+03:00" endTime="2022-10-31T14:33:51.3620342+03:00" testType="13cdc9d9-ddb5-4fa4-a97d-d965ccfc6d4b" outcome="Failed" testListId="8c84fa94-04c1-424b-9868-57a2d4851a1d" relativeResultsDirectory="f35736d7-74ec-457a-b592-611de1a88b4c">
      <Output>
        <ErrorInfo>
          <Message>System.Net.Sockets.SocketException : Connection refused</Message>
          <StackTrace>   at System.Net.Sockets.Socket.AwaitableSocketAsyncEventArgs.ThrowException(SocketError error, CancellationToken cancellationToken)
   at System.Net.Sockets.Socket.AwaitableSocketAsyncEventArgs.System.Threading.Tasks.Sources.IValueTaskSource.GetResult(Int16 token)
   at System.Threading.Tasks.ValueTask.ValueTaskSourceAsTask.&lt;&gt;c.&lt;.cctor&gt;b__4_0(Object state)
--- End of stack trace from previous location ---
   at System.Threading.Tasks.TaskToApm.End(IAsyncResult asyncResult)
   at System.Net.Sockets.Socket.EndConnect(IAsyncResult asyncResult)
   at ProGaudi.Tarantool.Client.NetworkStreamPhysicalConnection.&lt;&gt;c.&lt;ConnectAsync&gt;b__8_1(IAsyncResult asyncResult)
   at System.Threading.Tasks.TaskFactory`1.FromAsyncCoreLogic(IAsyncResult iar, Func`2 endFunction, Action`1 endAction, Task`1 promise, Boolean requiresSynchronization)
--- End of stack trace from previous location ---
   at ProGaudi.Tarantool.Client.NetworkStreamPhysicalConnection.Connect(ClientOptions options)
   at ProGaudi.Tarantool.Client.LogicalConnection.Connect()
   at ProGaudi.Tarantool.Client.LogicalConnectionManager.Connect()
   at ProGaudi.Tarantool.Client.Box.Connect()
   at ProGaudi.Tarantool.Client.Box.Connect(String replicationSource)
   at AccessToDB.TarantoolContext.Initialize(String connection_string) in /mnt/c/Users/alena/Desktop/7_sem/testing_and_debugging/SkiResort/AccessToDB/TarantoolContext.cs:line 51
   at AccessToDB.TarantoolContext..ctor(String connection_string) in /mnt/c/Users/alena/Desktop/7_sem/testing_and_debugging/SkiResort/AccessToDB/TarantoolContext.cs:line 32
   at IntegrationTests.TestActionsWithUsers..ctor() in /mnt/c/Users/alena/Desktop/7_sem/testing_and_debugging/SkiResort/IntegrationTests/TestActionsWithUsers.cs:line 30
   at System.RuntimeType.CreateInstanceDefaultCtor(Boolean publicOnly, Boolean wrapExceptions)</StackTrace>
        </ErrorInfo>
      </Output>
    </UnitTestResult>
    <UnitTestResult executionId="be91e515-1cde-4187-a616-0c8dabac05cd" testId="204d7052-2939-17ba-a725-e9ae8cda4211" testName="IntegrationTests.TestActionsWithTurnstiles.TestAdminGetTurnstileAsync(turnstile: Turnstile { TurnstileID = 161, LiftID = 112, IsOpen = True })" computerName="DESKTOP-TJ9D65N" duration="00:00:00.0010000" startTime="2022-10-31T14:33:51.6029403+03:00" endTime="2022-10-31T14:33:51.6029404+03:00" testType="13cdc9d9-ddb5-4fa4-a97d-d965ccfc6d4b" outcome="Failed" testListId="8c84fa94-04c1-424b-9868-57a2d4851a1d" relativeResultsDirectory="be91e515-1cde-4187-a616-0c8dabac05cd">
      <Output>
        <ErrorInfo>
          <Message>System.Net.Sockets.SocketException : Connection refused</Message>
          <StackTrace>   at System.Net.Sockets.Socket.AwaitableSocketAsyncEventArgs.ThrowException(SocketError error, CancellationToken cancellationToken)
   at System.Net.Sockets.Socket.AwaitableSocketAsyncEventArgs.System.Threading.Tasks.Sources.IValueTaskSource.GetResult(Int16 token)
   at System.Threading.Tasks.ValueTask.ValueTaskSourceAsTask.&lt;&gt;c.&lt;.cctor&gt;b__4_0(Object state)
--- End of stack trace from previous location ---
   at System.Threading.Tasks.TaskToApm.End(IAsyncResult asyncResult)
   at System.Net.Sockets.Socket.EndConnect(IAsyncResult asyncResult)
   at ProGaudi.Tarantool.Client.NetworkStreamPhysicalConnection.&lt;&gt;c.&lt;ConnectAsync&gt;b__8_1(IAsyncResult asyncResult)
   at System.Threading.Tasks.TaskFactory`1.FromAsyncCoreLogic(IAsyncResult iar, Func`2 endFunction, Action`1 endAction, Task`1 promise, Boolean requiresSynchronization)
--- End of stack trace from previous location ---
   at ProGaudi.Tarantool.Client.NetworkStreamPhysicalConnection.Connect(ClientOptions options)
   at ProGaudi.Tarantool.Client.LogicalConnection.Connect()
   at ProGaudi.Tarantool.Client.LogicalConnectionManager.Connect()
   at ProGaudi.Tarantool.Client.Box.Connect()
   at ProGaudi.Tarantool.Client.Box.Connect(String replicationSource)
   at AccessToDB.TarantoolContext.Initialize(String connection_string) in /mnt/c/Users/alena/Desktop/7_sem/testing_and_debugging/SkiResort/AccessToDB/TarantoolContext.cs:line 51
   at AccessToDB.TarantoolContext..ctor(String connection_string) in /mnt/c/Users/alena/Desktop/7_sem/testing_and_debugging/SkiResort/AccessToDB/TarantoolContext.cs:line 32
   at IntegrationTests.TestActionsWithTurnstiles..ctor() in /mnt/c/Users/alena/Desktop/7_sem/testing_and_debugging/SkiResort/IntegrationTests/TestActionsWithTurnstiles.cs:line 28
   at System.RuntimeType.CreateInstanceDefaultCtor(Boolean publicOnly, Boolean wrapExceptions)</StackTrace>
        </ErrorInfo>
      </Output>
    </UnitTestResult>
    <UnitTestResult executionId="95467e15-e800-4589-b126-4591662beecc" testId="63be1f92-7da8-a66e-02df-a6e75143687a" testName="IntegrationTests.TestActionsWithLiftsSlopes.TestGetLiftsSlopesInfoAsync(liftsSlopes: [LiftSlope { RecordID = 210, LiftID = 43, SlopeID = 190 }, LiftSlope { RecordID = 197, LiftID = 38, SlopeID = 154 }, LiftSlope { RecordID = 153, LiftID = 24, SlopeID = 83 }])" computerName="DESKTOP-TJ9D65N" duration="00:00:00.0010000" startTime="2022-10-31T14:33:51.6892057+03:00" endTime="2022-10-31T14:33:51.6892058+03:00" testType="13cdc9d9-ddb5-4fa4-a97d-d965ccfc6d4b" outcome="Failed" testListId="8c84fa94-04c1-424b-9868-57a2d4851a1d" relativeResultsDirectory="95467e15-e800-4589-b126-4591662beecc">
      <Output>
        <ErrorInfo>
          <Message>System.Net.Sockets.SocketException : Connection refused</Message>
          <StackTrace>   at System.Net.Sockets.Socket.AwaitableSocketAsyncEventArgs.ThrowException(SocketError error, CancellationToken cancellationToken)
   at System.Net.Sockets.Socket.AwaitableSocketAsyncEventArgs.System.Threading.Tasks.Sources.IValueTaskSource.GetResult(Int16 token)
   at System.Threading.Tasks.ValueTask.ValueTaskSourceAsTask.&lt;&gt;c.&lt;.cctor&gt;b__4_0(Object state)
--- End of stack trace from previous location ---
   at System.Threading.Tasks.TaskToApm.End(IAsyncResult asyncResult)
   at System.Net.Sockets.Socket.EndConnect(IAsyncResult asyncResult)
   at ProGaudi.Tarantool.Client.NetworkStreamPhysicalConnection.&lt;&gt;c.&lt;ConnectAsync&gt;b__8_1(IAsyncResult asyncResult)
   at System.Threading.Tasks.TaskFactory`1.FromAsyncCoreLogic(IAsyncResult iar, Func`2 endFunction, Action`1 endAction, Task`1 promise, Boolean requiresSynchronization)
--- End of stack trace from previous location ---
   at ProGaudi.Tarantool.Client.NetworkStreamPhysicalConnection.Connect(ClientOptions options)
   at ProGaudi.Tarantool.Client.LogicalConnection.Connect()
   at ProGaudi.Tarantool.Client.LogicalConnectionManager.Connect()
   at ProGaudi.Tarantool.Client.Box.Connect()
   at ProGaudi.Tarantool.Client.Box.Connect(String replicationSource)
   at AccessToDB.TarantoolContext.Initialize(String connection_string) in /mnt/c/Users/alena/Desktop/7_sem/testing_and_debugging/SkiResort/AccessToDB/TarantoolContext.cs:line 51
   at AccessToDB.TarantoolContext..ctor(String connection_string) in /mnt/c/Users/alena/Desktop/7_sem/testing_and_debugging/SkiResort/AccessToDB/TarantoolContext.cs:line 32
   at IntegrationTests.TestActionsWithLiftsSlopes..ctor() in /mnt/c/Users/alena/Desktop/7_sem/testing_and_debugging/SkiResort/IntegrationTests/TestActionsWithLiftsSlopes.cs:line 36
   at System.RuntimeType.CreateInstanceDefaultCtor(Boolean publicOnly, Boolean wrapExceptions)</StackTrace>
        </ErrorInfo>
      </Output>
    </UnitTestResult>
    <UnitTestResult executionId="634a17e1-bd79-489d-a170-dd61634b101e" testId="d78ba6d0-dfa8-fa6f-4cc8-23966ee34980" testName="IntegrationTests.TestActionsWithUsers.TestRegisterOk" computerName="DESKTOP-TJ9D65N" duration="00:00:00.0010000" startTime="2022-10-31T14:33:51.4090533+03:00" endTime="2022-10-31T14:33:51.4090533+03:00" testType="13cdc9d9-ddb5-4fa4-a97d-d965ccfc6d4b" outcome="Failed" testListId="8c84fa94-04c1-424b-9868-57a2d4851a1d" relativeResultsDirectory="634a17e1-bd79-489d-a170-dd61634b101e">
      <Output>
        <ErrorInfo>
          <Message>System.Net.Sockets.SocketException : Connection refused</Message>
          <StackTrace>   at System.Net.Sockets.Socket.AwaitableSocketAsyncEventArgs.ThrowException(SocketError error, CancellationToken cancellationToken)
   at System.Net.Sockets.Socket.AwaitableSocketAsyncEventArgs.System.Threading.Tasks.Sources.IValueTaskSource.GetResult(Int16 token)
   at System.Threading.Tasks.ValueTask.ValueTaskSourceAsTask.&lt;&gt;c.&lt;.cctor&gt;b__4_0(Object state)
--- End of stack trace from previous location ---
   at System.Threading.Tasks.TaskToApm.End(IAsyncResult asyncResult)
   at System.Net.Sockets.Socket.EndConnect(IAsyncResult asyncResult)
   at ProGaudi.Tarantool.Client.NetworkStreamPhysicalConnection.&lt;&gt;c.&lt;ConnectAsync&gt;b__8_1(IAsyncResult asyncResult)
   at System.Threading.Tasks.TaskFactory`1.FromAsyncCoreLogic(IAsyncResult iar, Func`2 endFunction, Action`1 endAction, Task`1 promise, Boolean requiresSynchronization)
--- End of stack trace from previous location ---
   at ProGaudi.Tarantool.Client.NetworkStreamPhysicalConnection.Connect(ClientOptions options)
   at ProGaudi.Tarantool.Client.LogicalConnection.Connect()
   at ProGaudi.Tarantool.Client.LogicalConnectionManager.Connect()
   at ProGaudi.Tarantool.Client.Box.Connect()
   at ProGaudi.Tarantool.Client.Box.Connect(String replicationSource)
   at AccessToDB.TarantoolContext.Initialize(String connection_string) in /mnt/c/Users/alena/Desktop/7_sem/testing_and_debugging/SkiResort/AccessToDB/TarantoolContext.cs:line 51
   at AccessToDB.TarantoolContext..ctor(String connection_string) in /mnt/c/Users/alena/Desktop/7_sem/testing_and_debugging/SkiResort/AccessToDB/TarantoolContext.cs:line 32
   at IntegrationTests.TestActionsWithUsers..ctor() in /mnt/c/Users/alena/Desktop/7_sem/testing_and_debugging/SkiResort/IntegrationTests/TestActionsWithUsers.cs:line 30
   at System.RuntimeType.CreateInstanceDefaultCtor(Boolean publicOnly, Boolean wrapExceptions)</StackTrace>
        </ErrorInfo>
      </Output>
    </UnitTestResult>
    <UnitTestResult executionId="b5f02792-451e-4e00-ae70-3911406de93d" testId="a5e6e5e4-9a1e-94ca-9192-828b8589a7b1" testName="IntegrationTests.TestActionsWithTurnstiles.TestAdminDeleteTurnstileAsync(turnstile: Turnstile { TurnstileID = 85, LiftID = 146, IsOpen = True })" computerName="DESKTOP-TJ9D65N" duration="00:00:00.0010000" startTime="2022-10-31T14:33:51.6536376+03:00" endTime="2022-10-31T14:33:51.6536377+03:00" testType="13cdc9d9-ddb5-4fa4-a97d-d965ccfc6d4b" outcome="Failed" testListId="8c84fa94-04c1-424b-9868-57a2d4851a1d" relativeResultsDirectory="b5f02792-451e-4e00-ae70-3911406de93d">
      <Output>
        <ErrorInfo>
          <Message>System.Net.Sockets.SocketException : Connection refused</Message>
          <StackTrace>   at System.Net.Sockets.Socket.AwaitableSocketAsyncEventArgs.ThrowException(SocketError error, CancellationToken cancellationToken)
   at System.Net.Sockets.Socket.AwaitableSocketAsyncEventArgs.System.Threading.Tasks.Sources.IValueTaskSource.GetResult(Int16 token)
   at System.Threading.Tasks.ValueTask.ValueTaskSourceAsTask.&lt;&gt;c.&lt;.cctor&gt;b__4_0(Object state)
--- End of stack trace from previous location ---
   at System.Threading.Tasks.TaskToApm.End(IAsyncResult asyncResult)
   at System.Net.Sockets.Socket.EndConnect(IAsyncResult asyncResult)
   at ProGaudi.Tarantool.Client.NetworkStreamPhysicalConnection.&lt;&gt;c.&lt;ConnectAsync&gt;b__8_1(IAsyncResult asyncResult)
   at System.Threading.Tasks.TaskFactory`1.FromAsyncCoreLogic(IAsyncResult iar, Func`2 endFunction, Action`1 endAction, Task`1 promise, Boolean requiresSynchronization)
--- End of stack trace from previous location ---
   at ProGaudi.Tarantool.Client.NetworkStreamPhysicalConnection.Connect(ClientOptions options)
   at ProGaudi.Tarantool.Client.LogicalConnection.Connect()
   at ProGaudi.Tarantool.Client.LogicalConnectionManager.Connect()
   at ProGaudi.Tarantool.Client.Box.Connect()
   at ProGaudi.Tarantool.Client.Box.Connect(String replicationSource)
   at AccessToDB.TarantoolContext.Initialize(String connection_string) in /mnt/c/Users/alena/Desktop/7_sem/testing_and_debugging/SkiResort/AccessToDB/TarantoolContext.cs:line 51
   at AccessToDB.TarantoolContext..ctor(String connection_string) in /mnt/c/Users/alena/Desktop/7_sem/testing_and_debugging/SkiResort/AccessToDB/TarantoolContext.cs:line 32
   at IntegrationTests.TestActionsWithTurnstiles..ctor() in /mnt/c/Users/alena/Desktop/7_sem/testing_and_debugging/SkiResort/IntegrationTests/TestActionsWithTurnstiles.cs:line 28
   at System.RuntimeType.CreateInstanceDefaultCtor(Boolean publicOnly, Boolean wrapExceptions)</StackTrace>
        </ErrorInfo>
      </Output>
    </UnitTestResult>
    <UnitTestResult executionId="ecff0d45-6412-4af1-b18a-0eb03364c8d4" testId="593087f0-c7ab-1991-c3ee-af523cc03ada" testName="IntegrationTests.TestActionsWithUsers.TestAdminGetUserByIDAsync" computerName="DESKTOP-TJ9D65N" duration="00:00:00.0010000" startTime="2022-10-31T14:33:51.5031042+03:00" endTime="2022-10-31T14:33:51.5031043+03:00" testType="13cdc9d9-ddb5-4fa4-a97d-d965ccfc6d4b" outcome="Failed" testListId="8c84fa94-04c1-424b-9868-57a2d4851a1d" relativeResultsDirectory="ecff0d45-6412-4af1-b18a-0eb03364c8d4">
      <Output>
        <ErrorInfo>
          <Message>System.Net.Sockets.SocketException : Connection refused</Message>
          <StackTrace>   at System.Net.Sockets.Socket.AwaitableSocketAsyncEventArgs.ThrowException(SocketError error, CancellationToken cancellationToken)
   at System.Net.Sockets.Socket.AwaitableSocketAsyncEventArgs.System.Threading.Tasks.Sources.IValueTaskSource.GetResult(Int16 token)
   at System.Threading.Tasks.ValueTask.ValueTaskSourceAsTask.&lt;&gt;c.&lt;.cctor&gt;b__4_0(Object state)
--- End of stack trace from previous location ---
   at System.Threading.Tasks.TaskToApm.End(IAsyncResult asyncResult)
   at System.Net.Sockets.Socket.EndConnect(IAsyncResult asyncResult)
   at ProGaudi.Tarantool.Client.NetworkStreamPhysicalConnection.&lt;&gt;c.&lt;ConnectAsync&gt;b__8_1(IAsyncResult asyncResult)
   at System.Threading.Tasks.TaskFactory`1.FromAsyncCoreLogic(IAsyncResult iar, Func`2 endFunction, Action`1 endAction, Task`1 promise, Boolean requiresSynchronization)
--- End of stack trace from previous location ---
   at ProGaudi.Tarantool.Client.NetworkStreamPhysicalConnection.Connect(ClientOptions options)
   at ProGaudi.Tarantool.Client.LogicalConnection.Connect()
   at ProGaudi.Tarantool.Client.LogicalConnectionManager.Connect()
   at ProGaudi.Tarantool.Client.Box.Connect()
   at ProGaudi.Tarantool.Client.Box.Connect(String replicationSource)
   at AccessToDB.TarantoolContext.Initialize(String connection_string) in /mnt/c/Users/alena/Desktop/7_sem/testing_and_debugging/SkiResort/AccessToDB/TarantoolContext.cs:line 51
   at AccessToDB.TarantoolContext..ctor(String connection_string) in /mnt/c/Users/alena/Desktop/7_sem/testing_and_debugging/SkiResort/AccessToDB/TarantoolContext.cs:line 32
   at IntegrationTests.TestActionsWithUsers..ctor() in /mnt/c/Users/alena/Desktop/7_sem/testing_and_debugging/SkiResort/IntegrationTests/TestActionsWithUsers.cs:line 30
   at System.RuntimeType.CreateInstanceDefaultCtor(Boolean publicOnly, Boolean wrapExceptions)</StackTrace>
        </ErrorInfo>
      </Output>
    </UnitTestResult>
    <UnitTestResult executionId="25f09512-a57b-480a-be8f-30661f401ac9" testId="640a72f6-5583-6636-1a54-8396abe99588" testName="IntegrationTests.TestActionsWithUsers.TestAdminDeleteUser" computerName="DESKTOP-TJ9D65N" duration="00:00:00.0010000" startTime="2022-10-31T14:33:51.4231568+03:00" endTime="2022-10-31T14:33:51.4231569+03:00" testType="13cdc9d9-ddb5-4fa4-a97d-d965ccfc6d4b" outcome="Failed" testListId="8c84fa94-04c1-424b-9868-57a2d4851a1d" relativeResultsDirectory="25f09512-a57b-480a-be8f-30661f401ac9">
      <Output>
        <ErrorInfo>
          <Message>System.Net.Sockets.SocketException : Connection refused</Message>
          <StackTrace>   at System.Net.Sockets.Socket.AwaitableSocketAsyncEventArgs.ThrowException(SocketError error, CancellationToken cancellationToken)
   at System.Net.Sockets.Socket.AwaitableSocketAsyncEventArgs.System.Threading.Tasks.Sources.IValueTaskSource.GetResult(Int16 token)
   at System.Threading.Tasks.ValueTask.ValueTaskSourceAsTask.&lt;&gt;c.&lt;.cctor&gt;b__4_0(Object state)
--- End of stack trace from previous location ---
   at System.Threading.Tasks.TaskToApm.End(IAsyncResult asyncResult)
   at System.Net.Sockets.Socket.EndConnect(IAsyncResult asyncResult)
   at ProGaudi.Tarantool.Client.NetworkStreamPhysicalConnection.&lt;&gt;c.&lt;ConnectAsync&gt;b__8_1(IAsyncResult asyncResult)
   at System.Threading.Tasks.TaskFactory`1.FromAsyncCoreLogic(IAsyncResult iar, Func`2 endFunction, Action`1 endAction, Task`1 promise, Boolean requiresSynchronization)
--- End of stack trace from previous location ---
   at ProGaudi.Tarantool.Client.NetworkStreamPhysicalConnection.Connect(ClientOptions options)
   at ProGaudi.Tarantool.Client.LogicalConnection.Connect()
   at ProGaudi.Tarantool.Client.LogicalConnectionManager.Connect()
   at ProGaudi.Tarantool.Client.Box.Connect()
   at ProGaudi.Tarantool.Client.Box.Connect(String replicationSource)
   at AccessToDB.TarantoolContext.Initialize(String connection_string) in /mnt/c/Users/alena/Desktop/7_sem/testing_and_debugging/SkiResort/AccessToDB/TarantoolContext.cs:line 51
   at AccessToDB.TarantoolContext..ctor(String connection_string) in /mnt/c/Users/alena/Desktop/7_sem/testing_and_debugging/SkiResort/AccessToDB/TarantoolContext.cs:line 32
   at IntegrationTests.TestActionsWithUsers..ctor() in /mnt/c/Users/alena/Desktop/7_sem/testing_and_debugging/SkiResort/IntegrationTests/TestActionsWithUsers.cs:line 30
   at System.RuntimeType.CreateInstanceDefaultCtor(Boolean publicOnly, Boolean wrapExceptions)</StackTrace>
        </ErrorInfo>
      </Output>
    </UnitTestResult>
    <UnitTestResult executionId="94cf345b-71d0-4dc1-8973-eec0bb78a67f" testId="61a0d3cb-1290-855e-f649-c3c1c190f4b1" testName="IntegrationTests.TestActionsWithUsers.TestAdminUpdateUser" computerName="DESKTOP-TJ9D65N" duration="00:00:00.0010000" startTime="2022-10-31T14:33:51.3347125+03:00" endTime="2022-10-31T14:33:51.3347126+03:00" testType="13cdc9d9-ddb5-4fa4-a97d-d965ccfc6d4b" outcome="Failed" testListId="8c84fa94-04c1-424b-9868-57a2d4851a1d" relativeResultsDirectory="94cf345b-71d0-4dc1-8973-eec0bb78a67f">
      <Output>
        <ErrorInfo>
          <Message>System.Net.Sockets.SocketException : Connection refused</Message>
          <StackTrace>   at System.Net.Sockets.Socket.AwaitableSocketAsyncEventArgs.ThrowException(SocketError error, CancellationToken cancellationToken)
   at System.Net.Sockets.Socket.AwaitableSocketAsyncEventArgs.System.Threading.Tasks.Sources.IValueTaskSource.GetResult(Int16 token)
   at System.Threading.Tasks.ValueTask.ValueTaskSourceAsTask.&lt;&gt;c.&lt;.cctor&gt;b__4_0(Object state)
--- End of stack trace from previous location ---
   at System.Threading.Tasks.TaskToApm.End(IAsyncResult asyncResult)
   at System.Net.Sockets.Socket.EndConnect(IAsyncResult asyncResult)
   at ProGaudi.Tarantool.Client.NetworkStreamPhysicalConnection.&lt;&gt;c.&lt;ConnectAsync&gt;b__8_1(IAsyncResult asyncResult)
   at System.Threading.Tasks.TaskFactory`1.FromAsyncCoreLogic(IAsyncResult iar, Func`2 endFunction, Action`1 endAction, Task`1 promise, Boolean requiresSynchronization)
--- End of stack trace from previous location ---
   at ProGaudi.Tarantool.Client.NetworkStreamPhysicalConnection.Connect(ClientOptions options)
   at ProGaudi.Tarantool.Client.LogicalConnection.Connect()
   at ProGaudi.Tarantool.Client.LogicalConnectionManager.Connect()
   at ProGaudi.Tarantool.Client.Box.Connect()
   at ProGaudi.Tarantool.Client.Box.Connect(String replicationSource)
   at AccessToDB.TarantoolContext.Initialize(String connection_string) in /mnt/c/Users/alena/Desktop/7_sem/testing_and_debugging/SkiResort/AccessToDB/TarantoolContext.cs:line 51
   at AccessToDB.TarantoolContext..ctor(String connection_string) in /mnt/c/Users/alena/Desktop/7_sem/testing_and_debugging/SkiResort/AccessToDB/TarantoolContext.cs:line 32
   at IntegrationTests.TestActionsWithUsers..ctor() in /mnt/c/Users/alena/Desktop/7_sem/testing_and_debugging/SkiResort/IntegrationTests/TestActionsWithUsers.cs:line 30
   at System.RuntimeType.CreateInstanceDefaultCtor(Boolean publicOnly, Boolean wrapExceptions)</StackTrace>
        </ErrorInfo>
      </Output>
    </UnitTestResult>
    <UnitTestResult executionId="5b6e0df7-aa90-4ef8-b667-49a924eb68d6" testId="9fc9d306-94a3-aedb-888f-65db4f3cf002" testName="IntegrationTests.TestActionsWithLiftsLifts.TestGetLiftInfoAsync(lift: Lift { LiftID = 145, LiftName = liftNamed83fef5e-9f75-4895-8936-e5c912558ba7, IsOpen = True, SeatsAmount = 189, LiftingTime = 115, QueueTime = 112, ConnectedSlopes =  })" computerName="DESKTOP-TJ9D65N" duration="00:00:00.0010000" startTime="2022-10-31T14:33:51.3159075+03:00" endTime="2022-10-31T14:33:51.3159076+03:00" testType="13cdc9d9-ddb5-4fa4-a97d-d965ccfc6d4b" outcome="Failed" testListId="8c84fa94-04c1-424b-9868-57a2d4851a1d" relativeResultsDirectory="5b6e0df7-aa90-4ef8-b667-49a924eb68d6">
      <Output>
        <ErrorInfo>
          <Message>System.Net.Sockets.SocketException : Connection refused</Message>
          <StackTrace>   at System.Net.Sockets.Socket.AwaitableSocketAsyncEventArgs.ThrowException(SocketError error, CancellationToken cancellationToken)
   at System.Net.Sockets.Socket.AwaitableSocketAsyncEventArgs.System.Threading.Tasks.Sources.IValueTaskSource.GetResult(Int16 token)
   at System.Threading.Tasks.ValueTask.ValueTaskSourceAsTask.&lt;&gt;c.&lt;.cctor&gt;b__4_0(Object state)
--- End of stack trace from previous location ---
   at System.Threading.Tasks.TaskToApm.End(IAsyncResult asyncResult)
   at System.Net.Sockets.Socket.EndConnect(IAsyncResult asyncResult)
   at ProGaudi.Tarantool.Client.NetworkStreamPhysicalConnection.&lt;&gt;c.&lt;ConnectAsync&gt;b__8_1(IAsyncResult asyncResult)
   at System.Threading.Tasks.TaskFactory`1.FromAsyncCoreLogic(IAsyncResult iar, Func`2 endFunction, Action`1 endAction, Task`1 promise, Boolean requiresSynchronization)
--- End of stack trace from previous location ---
   at ProGaudi.Tarantool.Client.NetworkStreamPhysicalConnection.Connect(ClientOptions options)
   at ProGaudi.Tarantool.Client.LogicalConnection.Connect()
   at ProGaudi.Tarantool.Client.LogicalConnectionManager.Connect()
   at ProGaudi.Tarantool.Client.Box.Connect()
   at ProGaudi.Tarantool.Client.Box.Connect(String replicationSource)
   at AccessToDB.TarantoolContext.Initialize(String connection_string) in /mnt/c/Users/alena/Desktop/7_sem/testing_and_debugging/SkiResort/AccessToDB/TarantoolContext.cs:line 51
   at AccessToDB.TarantoolContext..ctor(String connection_string) in /mnt/c/Users/alena/Desktop/7_sem/testing_and_debugging/SkiResort/AccessToDB/TarantoolContext.cs:line 32
   at IntegrationTests.TestActionsWithLiftsLifts..ctor() in /mnt/c/Users/alena/Desktop/7_sem/testing_and_debugging/SkiResort/IntegrationTests/TestActionsWithLifts.cs:line 37
   at System.RuntimeType.CreateInstanceDefaultCtor(Boolean publicOnly, Boolean wrapExceptions)</StackTrace>
        </ErrorInfo>
      </Output>
    </UnitTestResult>
    <UnitTestResult executionId="782a3f11-60a4-40de-af7b-3be4ba9e3b6b" testId="0eddf646-4e6d-daab-7a61-477c09c4a44b" testName="IntegrationTests.TestActionsWithLiftsSlopes.TestAdminAddAutoIncrementLiftSlopeAsync(lift: Lift { LiftID = 110, LiftName = liftName3bcea098-553b-4297-9df9-96cd77e74d7e, IsOpen = True, SeatsAmount = 118, LiftingTime = 194, QueueTime = 215, ConnectedSlopes =  }, slope: Slope { SlopeID = 187, SlopeName = slopeName5fc135c9-0f40-4da9-aa03-c6baa76055df, IsOpen = False, DifficultyLevel = 84, ConnectedLifts =  })" computerName="DESKTOP-TJ9D65N" duration="00:00:00.0010000" startTime="2022-10-31T14:33:51.7126575+03:00" endTime="2022-10-31T14:33:51.7126576+03:00" testType="13cdc9d9-ddb5-4fa4-a97d-d965ccfc6d4b" outcome="Failed" testListId="8c84fa94-04c1-424b-9868-57a2d4851a1d" relativeResultsDirectory="782a3f11-60a4-40de-af7b-3be4ba9e3b6b">
      <Output>
        <ErrorInfo>
          <Message>System.Net.Sockets.SocketException : Connection refused</Message>
          <StackTrace>   at System.Net.Sockets.Socket.AwaitableSocketAsyncEventArgs.ThrowException(SocketError error, CancellationToken cancellationToken)
   at System.Net.Sockets.Socket.AwaitableSocketAsyncEventArgs.System.Threading.Tasks.Sources.IValueTaskSource.GetResult(Int16 token)
   at System.Threading.Tasks.ValueTask.ValueTaskSourceAsTask.&lt;&gt;c.&lt;.cctor&gt;b__4_0(Object state)
--- End of stack trace from previous location ---
   at System.Threading.Tasks.TaskToApm.End(IAsyncResult asyncResult)
   at System.Net.Sockets.Socket.EndConnect(IAsyncResult asyncResult)
   at ProGaudi.Tarantool.Client.NetworkStreamPhysicalConnection.&lt;&gt;c.&lt;ConnectAsync&gt;b__8_1(IAsyncResult asyncResult)
   at System.Threading.Tasks.TaskFactory`1.FromAsyncCoreLogic(IAsyncResult iar, Func`2 endFunction, Action`1 endAction, Task`1 promise, Boolean requiresSynchronization)
--- End of stack trace from previous location ---
   at ProGaudi.Tarantool.Client.NetworkStreamPhysicalConnection.Connect(ClientOptions options)
   at ProGaudi.Tarantool.Client.LogicalConnection.Connect()
   at ProGaudi.Tarantool.Client.LogicalConnectionManager.Connect()
   at ProGaudi.Tarantool.Client.Box.Connect()
   at ProGaudi.Tarantool.Client.Box.Connect(String replicationSource)
   at AccessToDB.TarantoolContext.Initialize(String connection_string) in /mnt/c/Users/alena/Desktop/7_sem/testing_and_debugging/SkiResort/AccessToDB/TarantoolContext.cs:line 51
   at AccessToDB.TarantoolContext..ctor(String connection_string) in /mnt/c/Users/alena/Desktop/7_sem/testing_and_debugging/SkiResort/AccessToDB/TarantoolContext.cs:line 32
   at IntegrationTests.TestActionsWithLiftsSlopes..ctor() in /mnt/c/Users/alena/Desktop/7_sem/testing_and_debugging/SkiResort/IntegrationTests/TestActionsWithLiftsSlopes.cs:line 36
   at System.RuntimeType.CreateInstanceDefaultCtor(Boolean publicOnly, Boolean wrapExceptions)</StackTrace>
        </ErrorInfo>
      </Output>
    </UnitTestResult>
    <UnitTestResult executionId="fed34ef9-4e3e-4b89-acf6-09207ec0711b" testId="343f9128-0334-9c19-ba0e-b0431fb6f054" testName="IntegrationTests.TestActionsWithTurnstiles.TestAdminAddAutoIncrementTurnstileAsync(turnstile: Turnstile { TurnstileID = 72, LiftID = 131, IsOpen = True })" computerName="DESKTOP-TJ9D65N" duration="00:00:00.0010000" startTime="2022-10-31T14:33:51.6397015+03:00" endTime="2022-10-31T14:33:51.6397016+03:00" testType="13cdc9d9-ddb5-4fa4-a97d-d965ccfc6d4b" outcome="Failed" testListId="8c84fa94-04c1-424b-9868-57a2d4851a1d" relativeResultsDirectory="fed34ef9-4e3e-4b89-acf6-09207ec0711b">
      <Output>
        <ErrorInfo>
          <Message>System.Net.Sockets.SocketException : Connection refused</Message>
          <StackTrace>   at System.Net.Sockets.Socket.AwaitableSocketAsyncEventArgs.ThrowException(SocketError error, CancellationToken cancellationToken)
   at System.Net.Sockets.Socket.AwaitableSocketAsyncEventArgs.System.Threading.Tasks.Sources.IValueTaskSource.GetResult(Int16 token)
   at System.Threading.Tasks.ValueTask.ValueTaskSourceAsTask.&lt;&gt;c.&lt;.cctor&gt;b__4_0(Object state)
--- End of stack trace from previous location ---
   at System.Threading.Tasks.TaskToApm.End(IAsyncResult asyncResult)
   at System.Net.Sockets.Socket.EndConnect(IAsyncResult asyncResult)
   at ProGaudi.Tarantool.Client.NetworkStreamPhysicalConnection.&lt;&gt;c.&lt;ConnectAsync&gt;b__8_1(IAsyncResult asyncResult)
   at System.Threading.Tasks.TaskFactory`1.FromAsyncCoreLogic(IAsyncResult iar, Func`2 endFunction, Action`1 endAction, Task`1 promise, Boolean requiresSynchronization)
--- End of stack trace from previous location ---
   at ProGaudi.Tarantool.Client.NetworkStreamPhysicalConnection.Connect(ClientOptions options)
   at ProGaudi.Tarantool.Client.LogicalConnection.Connect()
   at ProGaudi.Tarantool.Client.LogicalConnectionManager.Connect()
   at ProGaudi.Tarantool.Client.Box.Connect()
   at ProGaudi.Tarantool.Client.Box.Connect(String replicationSource)
   at AccessToDB.TarantoolContext.Initialize(String connection_string) in /mnt/c/Users/alena/Desktop/7_sem/testing_and_debugging/SkiResort/AccessToDB/TarantoolContext.cs:line 51
   at AccessToDB.TarantoolContext..ctor(String connection_string) in /mnt/c/Users/alena/Desktop/7_sem/testing_and_debugging/SkiResort/AccessToDB/TarantoolContext.cs:line 32
   at IntegrationTests.TestActionsWithTurnstiles..ctor() in /mnt/c/Users/alena/Desktop/7_sem/testing_and_debugging/SkiResort/IntegrationTests/TestActionsWithTurnstiles.cs:line 28
   at System.RuntimeType.CreateInstanceDefaultCtor(Boolean publicOnly, Boolean wrapExceptions)</StackTrace>
        </ErrorInfo>
      </Output>
    </UnitTestResult>
    <UnitTestResult executionId="5338a629-a770-4c52-af57-0c3bdf0ca9b9" testId="e54a4cee-e2a1-889e-b4cd-647e25b91df6" testName="IntegrationTests.TestActionsWithLiftsLifts.TestGetLiftsInfoAsync(initialLifts: [Lift { LiftID = 149, LiftName = liftName524f027f-ade8-4092-9452-77b17084314f, IsOpen = True, SeatsAmount = 179, LiftingTime = 13, QueueTime = 78, ConnectedSlopes =  }, Lift { LiftID = 16, LiftName = liftNamef7dc61ed-a15d-407b-be47-412e2ba04bbf, IsOpen = False, SeatsAmount = 236, LiftingTime = 131, QueueTime = 215, ConnectedSlopes =  }, Lift { LiftID = 156, LiftName = liftName6aceb884-a383-46da-bacf-1fa05fee85fe, IsOpen = True, SeatsAmount = 103, LiftingTime = 247, QueueTime = 218, ConnectedSlopes =  }])" computerName="DESKTOP-TJ9D65N" duration="00:00:00.0010000" startTime="2022-10-31T14:33:51.2442282+03:00" endTime="2022-10-31T14:33:51.2442686+03:00" testType="13cdc9d9-ddb5-4fa4-a97d-d965ccfc6d4b" outcome="Failed" testListId="8c84fa94-04c1-424b-9868-57a2d4851a1d" relativeResultsDirectory="5338a629-a770-4c52-af57-0c3bdf0ca9b9">
      <Output>
        <ErrorInfo>
          <Message>System.Net.Sockets.SocketException : Connection refused</Message>
          <StackTrace>   at System.Net.Sockets.Socket.AwaitableSocketAsyncEventArgs.ThrowException(SocketError error, CancellationToken cancellationToken)
   at System.Net.Sockets.Socket.AwaitableSocketAsyncEventArgs.System.Threading.Tasks.Sources.IValueTaskSource.GetResult(Int16 token)
   at System.Threading.Tasks.ValueTask.ValueTaskSourceAsTask.&lt;&gt;c.&lt;.cctor&gt;b__4_0(Object state)
--- End of stack trace from previous location ---
   at System.Threading.Tasks.TaskToApm.End(IAsyncResult asyncResult)
   at System.Net.Sockets.Socket.EndConnect(IAsyncResult asyncResult)
   at ProGaudi.Tarantool.Client.NetworkStreamPhysicalConnection.&lt;&gt;c.&lt;ConnectAsync&gt;b__8_1(IAsyncResult asyncResult)
   at System.Threading.Tasks.TaskFactory`1.FromAsyncCoreLogic(IAsyncResult iar, Func`2 endFunction, Action`1 endAction, Task`1 promise, Boolean requiresSynchronization)
--- End of stack trace from previous location ---
   at ProGaudi.Tarantool.Client.NetworkStreamPhysicalConnection.Connect(ClientOptions options)
   at ProGaudi.Tarantool.Client.LogicalConnection.Connect()
   at ProGaudi.Tarantool.Client.LogicalConnectionManager.Connect()
   at ProGaudi.Tarantool.Client.Box.Connect()
   at ProGaudi.Tarantool.Client.Box.Connect(String replicationSource)
   at AccessToDB.TarantoolContext.Initialize(String connection_string) in /mnt/c/Users/alena/Desktop/7_sem/testing_and_debugging/SkiResort/AccessToDB/TarantoolContext.cs:line 51
   at AccessToDB.TarantoolContext..ctor(String connection_string) in /mnt/c/Users/alena/Desktop/7_sem/testing_and_debugging/SkiResort/AccessToDB/TarantoolContext.cs:line 32
   at IntegrationTests.TestActionsWithLiftsLifts..ctor() in /mnt/c/Users/alena/Desktop/7_sem/testing_and_debugging/SkiResort/IntegrationTests/TestActionsWithLifts.cs:line 37
   at System.RuntimeType.CreateInstanceDefaultCtor(Boolean publicOnly, Boolean wrapExceptions)</StackTrace>
        </ErrorInfo>
      </Output>
    </UnitTestResult>
    <UnitTestResult executionId="013f7f4e-ef8b-4ae2-a5e8-67702a46c666" testId="3edde65c-2431-ef4c-6eb5-1db6d171cae4" testName="IntegrationTests.TestActionsWithSlopes.TestUpdateSlopeInfoAsync(slope: Slope { SlopeID = 239, SlopeName = slopeNamecfb47a6c-2edd-45d3-bce8-a16631932a07, IsOpen = True, DifficultyLevel = 114, ConnectedLifts =  })" computerName="DESKTOP-TJ9D65N" duration="00:00:00.0010000" startTime="2022-10-31T14:33:51.5680303+03:00" endTime="2022-10-31T14:33:51.5680304+03:00" testType="13cdc9d9-ddb5-4fa4-a97d-d965ccfc6d4b" outcome="Failed" testListId="8c84fa94-04c1-424b-9868-57a2d4851a1d" relativeResultsDirectory="013f7f4e-ef8b-4ae2-a5e8-67702a46c666">
      <Output>
        <ErrorInfo>
          <Message>System.Net.Sockets.SocketException : Connection refused</Message>
          <StackTrace>   at System.Net.Sockets.Socket.AwaitableSocketAsyncEventArgs.ThrowException(SocketError error, CancellationToken cancellationToken)
   at System.Net.Sockets.Socket.AwaitableSocketAsyncEventArgs.System.Threading.Tasks.Sources.IValueTaskSource.GetResult(Int16 token)
   at System.Threading.Tasks.ValueTask.ValueTaskSourceAsTask.&lt;&gt;c.&lt;.cctor&gt;b__4_0(Object state)
--- End of stack trace from previous location ---
   at System.Threading.Tasks.TaskToApm.End(IAsyncResult asyncResult)
   at System.Net.Sockets.Socket.EndConnect(IAsyncResult asyncResult)
   at ProGaudi.Tarantool.Client.NetworkStreamPhysicalConnection.&lt;&gt;c.&lt;ConnectAsync&gt;b__8_1(IAsyncResult asyncResult)
   at System.Threading.Tasks.TaskFactory`1.FromAsyncCoreLogic(IAsyncResult iar, Func`2 endFunction, Action`1 endAction, Task`1 promise, Boolean requiresSynchronization)
--- End of stack trace from previous location ---
   at ProGaudi.Tarantool.Client.NetworkStreamPhysicalConnection.Connect(ClientOptions options)
   at ProGaudi.Tarantool.Client.LogicalConnection.Connect()
   at ProGaudi.Tarantool.Client.LogicalConnectionManager.Connect()
   at ProGaudi.Tarantool.Client.Box.Connect()
   at ProGaudi.Tarantool.Client.Box.Connect(String replicationSource)
   at AccessToDB.TarantoolContext.Initialize(String connection_string) in /mnt/c/Users/alena/Desktop/7_sem/testing_and_debugging/SkiResort/AccessToDB/TarantoolContext.cs:line 51
   at AccessToDB.TarantoolContext..ctor(String connection_string) in /mnt/c/Users/alena/Desktop/7_sem/testing_and_debugging/SkiResort/AccessToDB/TarantoolContext.cs:line 32
   at IntegrationTests.TestActionsWithSlopes..ctor() in /mnt/c/Users/alena/Desktop/7_sem/testing_and_debugging/SkiResort/IntegrationTests/TestActionsWithSlopes.cs:line 31
   at System.RuntimeType.CreateInstanceDefaultCtor(Boolean publicOnly, Boolean wrapExceptions)</StackTrace>
        </ErrorInfo>
      </Output>
    </UnitTestResult>
    <UnitTestResult executionId="bc60f34b-c685-4151-9b6d-64508557fc4a" testId="469b101f-8633-a685-8d5b-bdbf8dc340c5" testName="IntegrationTests.TestActionsWithSlopes.TestGetSlopesInfoAsync(initialSlopes: [Slope { SlopeID = 245, SlopeName = slopeName1af5bf6c-248f-4e24-814e-7511bd874285, IsOpen = True, DifficultyLevel = 46, ConnectedLifts =  }, Slope { SlopeID = 70, SlopeName = slopeName2744ee69-6277-4de1-9bf7-401484f5dca9, IsOpen = False, DifficultyLevel = 75, ConnectedLifts =  }, Slope { SlopeID = 195, SlopeName = slopeName2ff9947e-a967-4e17-94e2-a92270ec5ddd, IsOpen = True, DifficultyLevel = 161, ConnectedLifts =  }])" computerName="DESKTOP-TJ9D65N" duration="00:00:00.0010000" startTime="2022-10-31T14:33:51.5355801+03:00" endTime="2022-10-31T14:33:51.5355802+03:00" testType="13cdc9d9-ddb5-4fa4-a97d-d965ccfc6d4b" outcome="Failed" testListId="8c84fa94-04c1-424b-9868-57a2d4851a1d" relativeResultsDirectory="bc60f34b-c685-4151-9b6d-64508557fc4a">
      <Output>
        <ErrorInfo>
          <Message>System.Net.Sockets.SocketException : Connection refused</Message>
          <StackTrace>   at System.Net.Sockets.Socket.AwaitableSocketAsyncEventArgs.ThrowException(SocketError error, CancellationToken cancellationToken)
   at System.Net.Sockets.Socket.AwaitableSocketAsyncEventArgs.System.Threading.Tasks.Sources.IValueTaskSource.GetResult(Int16 token)
   at System.Threading.Tasks.ValueTask.ValueTaskSourceAsTask.&lt;&gt;c.&lt;.cctor&gt;b__4_0(Object state)
--- End of stack trace from previous location ---
   at System.Threading.Tasks.TaskToApm.End(IAsyncResult asyncResult)
   at System.Net.Sockets.Socket.EndConnect(IAsyncResult asyncResult)
   at ProGaudi.Tarantool.Client.NetworkStreamPhysicalConnection.&lt;&gt;c.&lt;ConnectAsync&gt;b__8_1(IAsyncResult asyncResult)
   at System.Threading.Tasks.TaskFactory`1.FromAsyncCoreLogic(IAsyncResult iar, Func`2 endFunction, Action`1 endAction, Task`1 promise, Boolean requiresSynchronization)
--- End of stack trace from previous location ---
   at ProGaudi.Tarantool.Client.NetworkStreamPhysicalConnection.Connect(ClientOptions options)
   at ProGaudi.Tarantool.Client.LogicalConnection.Connect()
   at ProGaudi.Tarantool.Client.LogicalConnectionManager.Connect()
   at ProGaudi.Tarantool.Client.Box.Connect()
   at ProGaudi.Tarantool.Client.Box.Connect(String replicationSource)
   at AccessToDB.TarantoolContext.Initialize(String connection_string) in /mnt/c/Users/alena/Desktop/7_sem/testing_and_debugging/SkiResort/AccessToDB/TarantoolContext.cs:line 51
   at AccessToDB.TarantoolContext..ctor(String connection_string) in /mnt/c/Users/alena/Desktop/7_sem/testing_and_debugging/SkiResort/AccessToDB/TarantoolContext.cs:line 32
   at IntegrationTests.TestActionsWithSlopes..ctor() in /mnt/c/Users/alena/Desktop/7_sem/testing_and_debugging/SkiResort/IntegrationTests/TestActionsWithSlopes.cs:line 31
   at System.RuntimeType.CreateInstanceDefaultCtor(Boolean publicOnly, Boolean wrapExceptions)</StackTrace>
        </ErrorInfo>
      </Output>
    </UnitTestResult>
    <UnitTestResult executionId="b924a217-64c2-445d-b439-8c744a31e2b6" testId="2631c7c7-a84c-f291-8b56-c48c0554a79c" testName="IntegrationTests.TestActionsWithLiftsLifts.TestAdminDeleteLiftAsync(lift: Lift { LiftID = 170, LiftName = liftNamebfbb444b-72c2-4df3-88a1-e394daa700b7, IsOpen = True, SeatsAmount = 235, LiftingTime = 238, QueueTime = 75, ConnectedSlopes =  })" computerName="DESKTOP-TJ9D65N" duration="00:00:00.0010000" startTime="2022-10-31T14:33:51.2765402+03:00" endTime="2022-10-31T14:33:51.2765403+03:00" testType="13cdc9d9-ddb5-4fa4-a97d-d965ccfc6d4b" outcome="Failed" testListId="8c84fa94-04c1-424b-9868-57a2d4851a1d" relativeResultsDirectory="b924a217-64c2-445d-b439-8c744a31e2b6">
      <Output>
        <ErrorInfo>
          <Message>System.Net.Sockets.SocketException : Connection refused</Message>
          <StackTrace>   at System.Net.Sockets.Socket.AwaitableSocketAsyncEventArgs.ThrowException(SocketError error, CancellationToken cancellationToken)
   at System.Net.Sockets.Socket.AwaitableSocketAsyncEventArgs.System.Threading.Tasks.Sources.IValueTaskSource.GetResult(Int16 token)
   at System.Threading.Tasks.ValueTask.ValueTaskSourceAsTask.&lt;&gt;c.&lt;.cctor&gt;b__4_0(Object state)
--- End of stack trace from previous location ---
   at System.Threading.Tasks.TaskToApm.End(IAsyncResult asyncResult)
   at System.Net.Sockets.Socket.EndConnect(IAsyncResult asyncResult)
   at ProGaudi.Tarantool.Client.NetworkStreamPhysicalConnection.&lt;&gt;c.&lt;ConnectAsync&gt;b__8_1(IAsyncResult asyncResult)
   at System.Threading.Tasks.TaskFactory`1.FromAsyncCoreLogic(IAsyncResult iar, Func`2 endFunction, Action`1 endAction, Task`1 promise, Boolean requiresSynchronization)
--- End of stack trace from previous location ---
   at ProGaudi.Tarantool.Client.NetworkStreamPhysicalConnection.Connect(ClientOptions options)
   at ProGaudi.Tarantool.Client.LogicalConnection.Connect()
   at ProGaudi.Tarantool.Client.LogicalConnectionManager.Connect()
   at ProGaudi.Tarantool.Client.Box.Connect()
   at ProGaudi.Tarantool.Client.Box.Connect(String replicationSource)
   at AccessToDB.TarantoolContext.Initialize(String connection_string) in /mnt/c/Users/alena/Desktop/7_sem/testing_and_debugging/SkiResort/AccessToDB/TarantoolContext.cs:line 51
   at AccessToDB.TarantoolContext..ctor(String connection_string) in /mnt/c/Users/alena/Desktop/7_sem/testing_and_debugging/SkiResort/AccessToDB/TarantoolContext.cs:line 32
   at IntegrationTests.TestActionsWithLiftsLifts..ctor() in /mnt/c/Users/alena/Desktop/7_sem/testing_and_debugging/SkiResort/IntegrationTests/TestActionsWithLifts.cs:line 37
   at System.RuntimeType.CreateInstanceDefaultCtor(Boolean publicOnly, Boolean wrapExceptions)</StackTrace>
        </ErrorInfo>
      </Output>
    </UnitTestResult>
    <UnitTestResult executionId="8f73b284-1c8a-4b49-a6f8-15c532cc7bb0" testId="f797945d-aaee-57ad-d64c-6605c3c9aa0b" testName="IntegrationTests.TestActionsWithLiftsLifts.TestUpdateLiftInfoAsync(lift: Lift { LiftID = 193, LiftName = liftName8624ebe9-a82a-4b5d-a451-ff7164dd261b, IsOpen = True, SeatsAmount = 134, LiftingTime = 115, QueueTime = 63, ConnectedSlopes =  })" computerName="DESKTOP-TJ9D65N" duration="00:00:00.0010000" startTime="2022-10-31T14:33:51.2881809+03:00" endTime="2022-10-31T14:33:51.2881810+03:00" testType="13cdc9d9-ddb5-4fa4-a97d-d965ccfc6d4b" outcome="Failed" testListId="8c84fa94-04c1-424b-9868-57a2d4851a1d" relativeResultsDirectory="8f73b284-1c8a-4b49-a6f8-15c532cc7bb0">
      <Output>
        <ErrorInfo>
          <Message>System.Net.Sockets.SocketException : Connection refused</Message>
          <StackTrace>   at System.Net.Sockets.Socket.AwaitableSocketAsyncEventArgs.ThrowException(SocketError error, CancellationToken cancellationToken)
   at System.Net.Sockets.Socket.AwaitableSocketAsyncEventArgs.System.Threading.Tasks.Sources.IValueTaskSource.GetResult(Int16 token)
   at System.Threading.Tasks.ValueTask.ValueTaskSourceAsTask.&lt;&gt;c.&lt;.cctor&gt;b__4_0(Object state)
--- End of stack trace from previous location ---
   at System.Threading.Tasks.TaskToApm.End(IAsyncResult asyncResult)
   at System.Net.Sockets.Socket.EndConnect(IAsyncResult asyncResult)
   at ProGaudi.Tarantool.Client.NetworkStreamPhysicalConnection.&lt;&gt;c.&lt;ConnectAsync&gt;b__8_1(IAsyncResult asyncResult)
   at System.Threading.Tasks.TaskFactory`1.FromAsyncCoreLogic(IAsyncResult iar, Func`2 endFunction, Action`1 endAction, Task`1 promise, Boolean requiresSynchronization)
--- End of stack trace from previous location ---
   at ProGaudi.Tarantool.Client.NetworkStreamPhysicalConnection.Connect(ClientOptions options)
   at ProGaudi.Tarantool.Client.LogicalConnection.Connect()
   at ProGaudi.Tarantool.Client.LogicalConnectionManager.Connect()
   at ProGaudi.Tarantool.Client.Box.Connect()
   at ProGaudi.Tarantool.Client.Box.Connect(String replicationSource)
   at AccessToDB.TarantoolContext.Initialize(String connection_string) in /mnt/c/Users/alena/Desktop/7_sem/testing_and_debugging/SkiResort/AccessToDB/TarantoolContext.cs:line 51
   at AccessToDB.TarantoolContext..ctor(String connection_string) in /mnt/c/Users/alena/Desktop/7_sem/testing_and_debugging/SkiResort/AccessToDB/TarantoolContext.cs:line 32
   at IntegrationTests.TestActionsWithLiftsLifts..ctor() in /mnt/c/Users/alena/Desktop/7_sem/testing_and_debugging/SkiResort/IntegrationTests/TestActionsWithLifts.cs:line 37
   at System.RuntimeType.CreateInstanceDefaultCtor(Boolean publicOnly, Boolean wrapExceptions)</StackTrace>
        </ErrorInfo>
      </Output>
    </UnitTestResult>
    <UnitTestResult executionId="aec30a61-b613-4ca1-b587-a862e63be560" testId="5f1a9b9a-782c-673c-12f5-3c335fa1a10c" testName="IntegrationTests.TestActionsWithLiftsSlopes.TestAdminDeleteLiftSlopeAsync(lift: Lift { LiftID = 22, LiftName = liftNamef1041f7a-8682-43af-b1a8-0a96b0c3cbc4, IsOpen = True, SeatsAmount = 130, LiftingTime = 118, QueueTime = 183, ConnectedSlopes =  }, slope: Slope { SlopeID = 203, SlopeName = slopeNameba80e7ae-fd8f-48fa-9c88-0f72573f1500, IsOpen = False, DifficultyLevel = 100, ConnectedLifts =  })" computerName="DESKTOP-TJ9D65N" duration="00:00:00.0010000" startTime="2022-10-31T14:33:51.6676064+03:00" endTime="2022-10-31T14:33:51.6676065+03:00" testType="13cdc9d9-ddb5-4fa4-a97d-d965ccfc6d4b" outcome="Failed" testListId="8c84fa94-04c1-424b-9868-57a2d4851a1d" relativeResultsDirectory="aec30a61-b613-4ca1-b587-a862e63be560">
      <Output>
        <ErrorInfo>
          <Message>System.Net.Sockets.SocketException : Connection refused</Message>
          <StackTrace>   at System.Net.Sockets.Socket.AwaitableSocketAsyncEventArgs.ThrowException(SocketError error, CancellationToken cancellationToken)
   at System.Net.Sockets.Socket.AwaitableSocketAsyncEventArgs.System.Threading.Tasks.Sources.IValueTaskSource.GetResult(Int16 token)
   at System.Threading.Tasks.ValueTask.ValueTaskSourceAsTask.&lt;&gt;c.&lt;.cctor&gt;b__4_0(Object state)
--- End of stack trace from previous location ---
   at System.Threading.Tasks.TaskToApm.End(IAsyncResult asyncResult)
   at System.Net.Sockets.Socket.EndConnect(IAsyncResult asyncResult)
   at ProGaudi.Tarantool.Client.NetworkStreamPhysicalConnection.&lt;&gt;c.&lt;ConnectAsync&gt;b__8_1(IAsyncResult asyncResult)
   at System.Threading.Tasks.TaskFactory`1.FromAsyncCoreLogic(IAsyncResult iar, Func`2 endFunction, Action`1 endAction, Task`1 promise, Boolean requiresSynchronization)
--- End of stack trace from previous location ---
   at ProGaudi.Tarantool.Client.NetworkStreamPhysicalConnection.Connect(ClientOptions options)
   at ProGaudi.Tarantool.Client.LogicalConnection.Connect()
   at ProGaudi.Tarantool.Client.LogicalConnectionManager.Connect()
   at ProGaudi.Tarantool.Client.Box.Connect()
   at ProGaudi.Tarantool.Client.Box.Connect(String replicationSource)
   at AccessToDB.TarantoolContext.Initialize(String connection_string) in /mnt/c/Users/alena/Desktop/7_sem/testing_and_debugging/SkiResort/AccessToDB/TarantoolContext.cs:line 51
   at AccessToDB.TarantoolContext..ctor(String connection_string) in /mnt/c/Users/alena/Desktop/7_sem/testing_and_debugging/SkiResort/AccessToDB/TarantoolContext.cs:line 32
   at IntegrationTests.TestActionsWithLiftsSlopes..ctor() in /mnt/c/Users/alena/Desktop/7_sem/testing_and_debugging/SkiResort/IntegrationTests/TestActionsWithLiftsSlopes.cs:line 36
   at System.RuntimeType.CreateInstanceDefaultCtor(Boolean publicOnly, Boolean wrapExceptions)</StackTrace>
        </ErrorInfo>
      </Output>
    </UnitTestResult>
    <UnitTestResult executionId="1d9f0fa8-26c8-41cc-8e15-ef9d322ca507" testId="479b875f-d623-ae0a-ff97-dc49a4f2a217" testName="IntegrationTests.TestActionsWithUsers.TestLogInWithWrongPassword" computerName="DESKTOP-TJ9D65N" duration="00:00:00.0010000" startTime="2022-10-31T14:33:51.4077431+03:00" endTime="2022-10-31T14:33:51.4077432+03:00" testType="13cdc9d9-ddb5-4fa4-a97d-d965ccfc6d4b" outcome="Failed" testListId="8c84fa94-04c1-424b-9868-57a2d4851a1d" relativeResultsDirectory="1d9f0fa8-26c8-41cc-8e15-ef9d322ca507">
      <Output>
        <ErrorInfo>
          <Message>System.Net.Sockets.SocketException : Connection refused</Message>
          <StackTrace>   at System.Net.Sockets.Socket.AwaitableSocketAsyncEventArgs.ThrowException(SocketError error, CancellationToken cancellationToken)
   at System.Net.Sockets.Socket.AwaitableSocketAsyncEventArgs.System.Threading.Tasks.Sources.IValueTaskSource.GetResult(Int16 token)
   at System.Threading.Tasks.ValueTask.ValueTaskSourceAsTask.&lt;&gt;c.&lt;.cctor&gt;b__4_0(Object state)
--- End of stack trace from previous location ---
   at System.Threading.Tasks.TaskToApm.End(IAsyncResult asyncResult)
   at System.Net.Sockets.Socket.EndConnect(IAsyncResult asyncResult)
   at ProGaudi.Tarantool.Client.NetworkStreamPhysicalConnection.&lt;&gt;c.&lt;ConnectAsync&gt;b__8_1(IAsyncResult asyncResult)
   at System.Threading.Tasks.TaskFactory`1.FromAsyncCoreLogic(IAsyncResult iar, Func`2 endFunction, Action`1 endAction, Task`1 promise, Boolean requiresSynchronization)
--- End of stack trace from previous location ---
   at ProGaudi.Tarantool.Client.NetworkStreamPhysicalConnection.Connect(ClientOptions options)
   at ProGaudi.Tarantool.Client.LogicalConnection.Connect()
   at ProGaudi.Tarantool.Client.LogicalConnectionManager.Connect()
   at ProGaudi.Tarantool.Client.Box.Connect()
   at ProGaudi.Tarantool.Client.Box.Connect(String replicationSource)
   at AccessToDB.TarantoolContext.Initialize(String connection_string) in /mnt/c/Users/alena/Desktop/7_sem/testing_and_debugging/SkiResort/AccessToDB/TarantoolContext.cs:line 51
   at AccessToDB.TarantoolContext..ctor(String connection_string) in /mnt/c/Users/alena/Desktop/7_sem/testing_and_debugging/SkiResort/AccessToDB/TarantoolContext.cs:line 32
   at IntegrationTests.TestActionsWithUsers..ctor() in /mnt/c/Users/alena/Desktop/7_sem/testing_and_debugging/SkiResort/IntegrationTests/TestActionsWithUsers.cs:line 30
   at System.RuntimeType.CreateInstanceDefaultCtor(Boolean publicOnly, Boolean wrapExceptions)</StackTrace>
        </ErrorInfo>
      </Output>
    </UnitTestResult>
    <UnitTestResult executionId="62d027ad-3209-4ac2-b803-bb02e7da8ed9" testId="1e46d24e-3228-2e88-5ba9-a8edc4c09289" testName="IntegrationTests.TestActionsWithLiftsLifts.TestAdminAddAutoIncrementLiftAsync(lift: Lift { LiftID = 118, LiftName = liftName0487e983-1567-49e9-8f2b-f24e72c701fb, IsOpen = True, SeatsAmount = 158, LiftingTime = 202, QueueTime = 83, ConnectedSlopes =  })" computerName="DESKTOP-TJ9D65N" duration="00:00:00.0010000" startTime="2022-10-31T14:33:51.3006431+03:00" endTime="2022-10-31T14:33:51.3006432+03:00" testType="13cdc9d9-ddb5-4fa4-a97d-d965ccfc6d4b" outcome="Failed" testListId="8c84fa94-04c1-424b-9868-57a2d4851a1d" relativeResultsDirectory="62d027ad-3209-4ac2-b803-bb02e7da8ed9">
      <Output>
        <ErrorInfo>
          <Message>System.Net.Sockets.SocketException : Connection refused</Message>
          <StackTrace>   at System.Net.Sockets.Socket.AwaitableSocketAsyncEventArgs.ThrowException(SocketError error, CancellationToken cancellationToken)
   at System.Net.Sockets.Socket.AwaitableSocketAsyncEventArgs.System.Threading.Tasks.Sources.IValueTaskSource.GetResult(Int16 token)
   at System.Threading.Tasks.ValueTask.ValueTaskSourceAsTask.&lt;&gt;c.&lt;.cctor&gt;b__4_0(Object state)
--- End of stack trace from previous location ---
   at System.Threading.Tasks.TaskToApm.End(IAsyncResult asyncResult)
   at System.Net.Sockets.Socket.EndConnect(IAsyncResult asyncResult)
   at ProGaudi.Tarantool.Client.NetworkStreamPhysicalConnection.&lt;&gt;c.&lt;ConnectAsync&gt;b__8_1(IAsyncResult asyncResult)
   at System.Threading.Tasks.TaskFactory`1.FromAsyncCoreLogic(IAsyncResult iar, Func`2 endFunction, Action`1 endAction, Task`1 promise, Boolean requiresSynchronization)
--- End of stack trace from previous location ---
   at ProGaudi.Tarantool.Client.NetworkStreamPhysicalConnection.Connect(ClientOptions options)
   at ProGaudi.Tarantool.Client.LogicalConnection.Connect()
   at ProGaudi.Tarantool.Client.LogicalConnectionManager.Connect()
   at ProGaudi.Tarantool.Client.Box.Connect()
   at ProGaudi.Tarantool.Client.Box.Connect(String replicationSource)
   at AccessToDB.TarantoolContext.Initialize(String connection_string) in /mnt/c/Users/alena/Desktop/7_sem/testing_and_debugging/SkiResort/AccessToDB/TarantoolContext.cs:line 51
   at AccessToDB.TarantoolContext..ctor(String connection_string) in /mnt/c/Users/alena/Desktop/7_sem/testing_and_debugging/SkiResort/AccessToDB/TarantoolContext.cs:line 32
   at IntegrationTests.TestActionsWithLiftsLifts..ctor() in /mnt/c/Users/alena/Desktop/7_sem/testing_and_debugging/SkiResort/IntegrationTests/TestActionsWithLifts.cs:line 37
   at System.RuntimeType.CreateInstanceDefaultCtor(Boolean publicOnly, Boolean wrapExceptions)</StackTrace>
        </ErrorInfo>
      </Output>
    </UnitTestResult>
    <UnitTestResult executionId="e4ce0331-e5d5-4dfc-b190-6697e3212e93" testId="26a3ed7b-f58f-b931-d8c6-d1d1687098ba" testName="IntegrationTests.TestActionsWithUsers.TestAdminAddAutoIncrementUser" computerName="DESKTOP-TJ9D65N" duration="00:00:00.0010000" startTime="2022-10-31T14:33:51.3482193+03:00" endTime="2022-10-31T14:33:51.3482194+03:00" testType="13cdc9d9-ddb5-4fa4-a97d-d965ccfc6d4b" outcome="Failed" testListId="8c84fa94-04c1-424b-9868-57a2d4851a1d" relativeResultsDirectory="e4ce0331-e5d5-4dfc-b190-6697e3212e93">
      <Output>
        <ErrorInfo>
          <Message>System.Net.Sockets.SocketException : Connection refused</Message>
          <StackTrace>   at System.Net.Sockets.Socket.AwaitableSocketAsyncEventArgs.ThrowException(SocketError error, CancellationToken cancellationToken)
   at System.Net.Sockets.Socket.AwaitableSocketAsyncEventArgs.System.Threading.Tasks.Sources.IValueTaskSource.GetResult(Int16 token)
   at System.Threading.Tasks.ValueTask.ValueTaskSourceAsTask.&lt;&gt;c.&lt;.cctor&gt;b__4_0(Object state)
--- End of stack trace from previous location ---
   at System.Threading.Tasks.TaskToApm.End(IAsyncResult asyncResult)
   at System.Net.Sockets.Socket.EndConnect(IAsyncResult asyncResult)
   at ProGaudi.Tarantool.Client.NetworkStreamPhysicalConnection.&lt;&gt;c.&lt;ConnectAsync&gt;b__8_1(IAsyncResult asyncResult)
   at System.Threading.Tasks.TaskFactory`1.FromAsyncCoreLogic(IAsyncResult iar, Func`2 endFunction, Action`1 endAction, Task`1 promise, Boolean requiresSynchronization)
--- End of stack trace from previous location ---
   at ProGaudi.Tarantool.Client.NetworkStreamPhysicalConnection.Connect(ClientOptions options)
   at ProGaudi.Tarantool.Client.LogicalConnection.Connect()
   at ProGaudi.Tarantool.Client.LogicalConnectionManager.Connect()
   at ProGaudi.Tarantool.Client.Box.Connect()
   at ProGaudi.Tarantool.Client.Box.Connect(String replicationSource)
   at AccessToDB.TarantoolContext.Initialize(String connection_string) in /mnt/c/Users/alena/Desktop/7_sem/testing_and_debugging/SkiResort/AccessToDB/TarantoolContext.cs:line 51
   at AccessToDB.TarantoolContext..ctor(String connection_string) in /mnt/c/Users/alena/Desktop/7_sem/testing_and_debugging/SkiResort/AccessToDB/TarantoolContext.cs:line 32
   at IntegrationTests.TestActionsWithUsers..ctor() in /mnt/c/Users/alena/Desktop/7_sem/testing_and_debugging/SkiResort/IntegrationTests/TestActionsWithUsers.cs:line 30
   at System.RuntimeType.CreateInstanceDefaultCtor(Boolean publicOnly, Boolean wrapExceptions)</StackTrace>
        </ErrorInfo>
      </Output>
    </UnitTestResult>
    <UnitTestResult executionId="27292a05-b502-476b-9dde-eaf39c28bbc9" testId="48375cbc-003d-d0fc-ff6a-cfef4b266dfb" testName="IntegrationTests.TestActionsWithUsers.TestRegisterUserWithNoEmail" computerName="DESKTOP-TJ9D65N" duration="00:00:00.0010000" startTime="2022-10-31T14:33:51.4633425+03:00" endTime="2022-10-31T14:33:51.4633426+03:00" testType="13cdc9d9-ddb5-4fa4-a97d-d965ccfc6d4b" outcome="Failed" testListId="8c84fa94-04c1-424b-9868-57a2d4851a1d" relativeResultsDirectory="27292a05-b502-476b-9dde-eaf39c28bbc9">
      <Output>
        <ErrorInfo>
          <Message>System.Net.Sockets.SocketException : Connection refused</Message>
          <StackTrace>   at System.Net.Sockets.Socket.AwaitableSocketAsyncEventArgs.ThrowException(SocketError error, CancellationToken cancellationToken)
   at System.Net.Sockets.Socket.AwaitableSocketAsyncEventArgs.System.Threading.Tasks.Sources.IValueTaskSource.GetResult(Int16 token)
   at System.Threading.Tasks.ValueTask.ValueTaskSourceAsTask.&lt;&gt;c.&lt;.cctor&gt;b__4_0(Object state)
--- End of stack trace from previous location ---
   at System.Threading.Tasks.TaskToApm.End(IAsyncResult asyncResult)
   at System.Net.Sockets.Socket.EndConnect(IAsyncResult asyncResult)
   at ProGaudi.Tarantool.Client.NetworkStreamPhysicalConnection.&lt;&gt;c.&lt;ConnectAsync&gt;b__8_1(IAsyncResult asyncResult)
   at System.Threading.Tasks.TaskFactory`1.FromAsyncCoreLogic(IAsyncResult iar, Func`2 endFunction, Action`1 endAction, Task`1 promise, Boolean requiresSynchronization)
--- End of stack trace from previous location ---
   at ProGaudi.Tarantool.Client.NetworkStreamPhysicalConnection.Connect(ClientOptions options)
   at ProGaudi.Tarantool.Client.LogicalConnection.Connect()
   at ProGaudi.Tarantool.Client.LogicalConnectionManager.Connect()
   at ProGaudi.Tarantool.Client.Box.Connect()
   at ProGaudi.Tarantool.Client.Box.Connect(String replicationSource)
   at AccessToDB.TarantoolContext.Initialize(String connection_string) in /mnt/c/Users/alena/Desktop/7_sem/testing_and_debugging/SkiResort/AccessToDB/TarantoolContext.cs:line 51
   at AccessToDB.TarantoolContext..ctor(String connection_string) in /mnt/c/Users/alena/Desktop/7_sem/testing_and_debugging/SkiResort/AccessToDB/TarantoolContext.cs:line 32
   at IntegrationTests.TestActionsWithUsers..ctor() in /mnt/c/Users/alena/Desktop/7_sem/testing_and_debugging/SkiResort/IntegrationTests/TestActionsWithUsers.cs:line 30
   at System.RuntimeType.CreateInstanceDefaultCtor(Boolean publicOnly, Boolean wrapExceptions)</StackTrace>
        </ErrorInfo>
      </Output>
    </UnitTestResult>
    <UnitTestResult executionId="df08125c-6f2c-4ba0-9829-8320ed612f37" testId="c72c78d3-4572-fa88-af01-c6b63208594f" testName="IntegrationTests.TestActionsWithSlopes.TestGetSlopeInfoAsync(slope: Slope { SlopeID = 33, SlopeName = slopeName466ad873-83b8-48f6-8e36-d82ae4f1a820, IsOpen = True, DifficultyLevel = 217, ConnectedLifts =  })" computerName="DESKTOP-TJ9D65N" duration="00:00:00.0010000" startTime="2022-10-31T14:33:51.5794745+03:00" endTime="2022-10-31T14:33:51.5794746+03:00" testType="13cdc9d9-ddb5-4fa4-a97d-d965ccfc6d4b" outcome="Failed" testListId="8c84fa94-04c1-424b-9868-57a2d4851a1d" relativeResultsDirectory="df08125c-6f2c-4ba0-9829-8320ed612f37">
      <Output>
        <ErrorInfo>
          <Message>System.Net.Sockets.SocketException : Connection refused</Message>
          <StackTrace>   at System.Net.Sockets.Socket.AwaitableSocketAsyncEventArgs.ThrowException(SocketError error, CancellationToken cancellationToken)
   at System.Net.Sockets.Socket.AwaitableSocketAsyncEventArgs.System.Threading.Tasks.Sources.IValueTaskSource.GetResult(Int16 token)
   at System.Threading.Tasks.ValueTask.ValueTaskSourceAsTask.&lt;&gt;c.&lt;.cctor&gt;b__4_0(Object state)
--- End of stack trace from previous location ---
   at System.Threading.Tasks.TaskToApm.End(IAsyncResult asyncResult)
   at System.Net.Sockets.Socket.EndConnect(IAsyncResult asyncResult)
   at ProGaudi.Tarantool.Client.NetworkStreamPhysicalConnection.&lt;&gt;c.&lt;ConnectAsync&gt;b__8_1(IAsyncResult asyncResult)
   at System.Threading.Tasks.TaskFactory`1.FromAsyncCoreLogic(IAsyncResult iar, Func`2 endFunction, Action`1 endAction, Task`1 promise, Boolean requiresSynchronization)
--- End of stack trace from previous location ---
   at ProGaudi.Tarantool.Client.NetworkStreamPhysicalConnection.Connect(ClientOptions options)
   at ProGaudi.Tarantool.Client.LogicalConnection.Connect()
   at ProGaudi.Tarantool.Client.LogicalConnectionManager.Connect()
   at ProGaudi.Tarantool.Client.Box.Connect()
   at ProGaudi.Tarantool.Client.Box.Connect(String replicationSource)
   at AccessToDB.TarantoolContext.Initialize(String connection_string) in /mnt/c/Users/alena/Desktop/7_sem/testing_and_debugging/SkiResort/AccessToDB/TarantoolContext.cs:line 51
   at AccessToDB.TarantoolContext..ctor(String connection_string) in /mnt/c/Users/alena/Desktop/7_sem/testing_and_debugging/SkiResort/AccessToDB/TarantoolContext.cs:line 32
   at IntegrationTests.TestActionsWithSlopes..ctor() in /mnt/c/Users/alena/Desktop/7_sem/testing_and_debugging/SkiResort/IntegrationTests/TestActionsWithSlopes.cs:line 31
   at System.RuntimeType.CreateInstanceDefaultCtor(Boolean publicOnly, Boolean wrapExceptions)</StackTrace>
        </ErrorInfo>
      </Output>
    </UnitTestResult>
    <UnitTestResult executionId="b0ee3f5d-3d53-4339-a7a0-7631f6b17a07" testId="198a1ae3-83ab-ea18-2e21-87927dc980e2" testName="IntegrationTests.TestActionsWithUsers.TestRegisterUserWithNoPassword" computerName="DESKTOP-TJ9D65N" duration="00:00:00.0010000" startTime="2022-10-31T14:33:51.4832105+03:00" endTime="2022-10-31T14:33:51.4832106+03:00" testType="13cdc9d9-ddb5-4fa4-a97d-d965ccfc6d4b" outcome="Failed" testListId="8c84fa94-04c1-424b-9868-57a2d4851a1d" relativeResultsDirectory="b0ee3f5d-3d53-4339-a7a0-7631f6b17a07">
      <Output>
        <ErrorInfo>
          <Message>System.Net.Sockets.SocketException : Connection refused</Message>
          <StackTrace>   at System.Net.Sockets.Socket.AwaitableSocketAsyncEventArgs.ThrowException(SocketError error, CancellationToken cancellationToken)
   at System.Net.Sockets.Socket.AwaitableSocketAsyncEventArgs.System.Threading.Tasks.Sources.IValueTaskSource.GetResult(Int16 token)
   at System.Threading.Tasks.ValueTask.ValueTaskSourceAsTask.&lt;&gt;c.&lt;.cctor&gt;b__4_0(Object state)
--- End of stack trace from previous location ---
   at System.Threading.Tasks.TaskToApm.End(IAsyncResult asyncResult)
   at System.Net.Sockets.Socket.EndConnect(IAsyncResult asyncResult)
   at ProGaudi.Tarantool.Client.NetworkStreamPhysicalConnection.&lt;&gt;c.&lt;ConnectAsync&gt;b__8_1(IAsyncResult asyncResult)
   at System.Threading.Tasks.TaskFactory`1.FromAsyncCoreLogic(IAsyncResult iar, Func`2 endFunction, Action`1 endAction, Task`1 promise, Boolean requiresSynchronization)
--- End of stack trace from previous location ---
   at ProGaudi.Tarantool.Client.NetworkStreamPhysicalConnection.Connect(ClientOptions options)
   at ProGaudi.Tarantool.Client.LogicalConnection.Connect()
   at ProGaudi.Tarantool.Client.LogicalConnectionManager.Connect()
   at ProGaudi.Tarantool.Client.Box.Connect()
   at ProGaudi.Tarantool.Client.Box.Connect(String replicationSource)
   at AccessToDB.TarantoolContext.Initialize(String connection_string) in /mnt/c/Users/alena/Desktop/7_sem/testing_and_debugging/SkiResort/AccessToDB/TarantoolContext.cs:line 51
   at AccessToDB.TarantoolContext..ctor(String connection_string) in /mnt/c/Users/alena/Desktop/7_sem/testing_and_debugging/SkiResort/AccessToDB/TarantoolContext.cs:line 32
   at IntegrationTests.TestActionsWithUsers..ctor() in /mnt/c/Users/alena/Desktop/7_sem/testing_and_debugging/SkiResort/IntegrationTests/TestActionsWithUsers.cs:line 30
   at System.RuntimeType.CreateInstanceDefaultCtor(Boolean publicOnly, Boolean wrapExceptions)</StackTrace>
        </ErrorInfo>
      </Output>
    </UnitTestResult>
    <UnitTestResult executionId="31489506-f6e4-403c-89b5-1c93c04cdf3f" testId="c7ff033c-a798-9e48-d8d4-7dffaaebb536" testName="IntegrationTests.TestActionsWithSlopes.TestAdminAddSlopeAsync(slope: Slope { SlopeID = 139, SlopeName = slopeNameba732794-4a13-49f8-98f6-5d0d40a7100c, IsOpen = True, DifficultyLevel = 181, ConnectedLifts =  })" computerName="DESKTOP-TJ9D65N" duration="00:00:00.0010000" startTime="2022-10-31T14:33:51.5916234+03:00" endTime="2022-10-31T14:33:51.5916234+03:00" testType="13cdc9d9-ddb5-4fa4-a97d-d965ccfc6d4b" outcome="Failed" testListId="8c84fa94-04c1-424b-9868-57a2d4851a1d" relativeResultsDirectory="31489506-f6e4-403c-89b5-1c93c04cdf3f">
      <Output>
        <ErrorInfo>
          <Message>System.Net.Sockets.SocketException : Connection refused</Message>
          <StackTrace>   at System.Net.Sockets.Socket.AwaitableSocketAsyncEventArgs.ThrowException(SocketError error, CancellationToken cancellationToken)
   at System.Net.Sockets.Socket.AwaitableSocketAsyncEventArgs.System.Threading.Tasks.Sources.IValueTaskSource.GetResult(Int16 token)
   at System.Threading.Tasks.ValueTask.ValueTaskSourceAsTask.&lt;&gt;c.&lt;.cctor&gt;b__4_0(Object state)
--- End of stack trace from previous location ---
   at System.Threading.Tasks.TaskToApm.End(IAsyncResult asyncResult)
   at System.Net.Sockets.Socket.EndConnect(IAsyncResult asyncResult)
   at ProGaudi.Tarantool.Client.NetworkStreamPhysicalConnection.&lt;&gt;c.&lt;ConnectAsync&gt;b__8_1(IAsyncResult asyncResult)
   at System.Threading.Tasks.TaskFactory`1.FromAsyncCoreLogic(IAsyncResult iar, Func`2 endFunction, Action`1 endAction, Task`1 promise, Boolean requiresSynchronization)
--- End of stack trace from previous location ---
   at ProGaudi.Tarantool.Client.NetworkStreamPhysicalConnection.Connect(ClientOptions options)
   at ProGaudi.Tarantool.Client.LogicalConnection.Connect()
   at ProGaudi.Tarantool.Client.LogicalConnectionManager.Connect()
   at ProGaudi.Tarantool.Client.Box.Connect()
   at ProGaudi.Tarantool.Client.Box.Connect(String replicationSource)
   at AccessToDB.TarantoolContext.Initialize(String connection_string) in /mnt/c/Users/alena/Desktop/7_sem/testing_and_debugging/SkiResort/AccessToDB/TarantoolContext.cs:line 51
   at AccessToDB.TarantoolContext..ctor(String connection_string) in /mnt/c/Users/alena/Desktop/7_sem/testing_and_debugging/SkiResort/AccessToDB/TarantoolContext.cs:line 32
   at IntegrationTests.TestActionsWithSlopes..ctor() in /mnt/c/Users/alena/Desktop/7_sem/testing_and_debugging/SkiResort/IntegrationTests/TestActionsWithSlopes.cs:line 31
   at System.RuntimeType.CreateInstanceDefaultCtor(Boolean publicOnly, Boolean wrapExceptions)</StackTrace>
        </ErrorInfo>
      </Output>
    </UnitTestResult>
    <UnitTestResult executionId="30fe7f37-4bf2-46c7-8370-753fef29b349" testId="ba70b4bc-abe3-7902-e80f-7b1cac186350" testName="IntegrationTests.TestActionsWithTurnstiles.TestAdminUpdateTurnstileAsync(turnstile: Turnstile { TurnstileID = 64, LiftID = 9, IsOpen = True })" computerName="DESKTOP-TJ9D65N" duration="00:00:00.0010000" startTime="2022-10-31T14:33:51.6150177+03:00" endTime="2022-10-31T14:33:51.6150178+03:00" testType="13cdc9d9-ddb5-4fa4-a97d-d965ccfc6d4b" outcome="Failed" testListId="8c84fa94-04c1-424b-9868-57a2d4851a1d" relativeResultsDirectory="30fe7f37-4bf2-46c7-8370-753fef29b349">
      <Output>
        <ErrorInfo>
          <Message>System.Net.Sockets.SocketException : Connection refused</Message>
          <StackTrace>   at System.Net.Sockets.Socket.AwaitableSocketAsyncEventArgs.ThrowException(SocketError error, CancellationToken cancellationToken)
   at System.Net.Sockets.Socket.AwaitableSocketAsyncEventArgs.System.Threading.Tasks.Sources.IValueTaskSource.GetResult(Int16 token)
   at System.Threading.Tasks.ValueTask.ValueTaskSourceAsTask.&lt;&gt;c.&lt;.cctor&gt;b__4_0(Object state)
--- End of stack trace from previous location ---
   at System.Threading.Tasks.TaskToApm.End(IAsyncResult asyncResult)
   at System.Net.Sockets.Socket.EndConnect(IAsyncResult asyncResult)
   at ProGaudi.Tarantool.Client.NetworkStreamPhysicalConnection.&lt;&gt;c.&lt;ConnectAsync&gt;b__8_1(IAsyncResult asyncResult)
   at System.Threading.Tasks.TaskFactory`1.FromAsyncCoreLogic(IAsyncResult iar, Func`2 endFunction, Action`1 endAction, Task`1 promise, Boolean requiresSynchronization)
--- End of stack trace from previous location ---
   at ProGaudi.Tarantool.Client.NetworkStreamPhysicalConnection.Connect(ClientOptions options)
   at ProGaudi.Tarantool.Client.LogicalConnection.Connect()
   at ProGaudi.Tarantool.Client.LogicalConnectionManager.Connect()
   at ProGaudi.Tarantool.Client.Box.Connect()
   at ProGaudi.Tarantool.Client.Box.Connect(String replicationSource)
   at AccessToDB.TarantoolContext.Initialize(String connection_string) in /mnt/c/Users/alena/Desktop/7_sem/testing_and_debugging/SkiResort/AccessToDB/TarantoolContext.cs:line 51
   at AccessToDB.TarantoolContext..ctor(String connection_string) in /mnt/c/Users/alena/Desktop/7_sem/testing_and_debugging/SkiResort/AccessToDB/TarantoolContext.cs:line 32
   at IntegrationTests.TestActionsWithTurnstiles..ctor() in /mnt/c/Users/alena/Desktop/7_sem/testing_and_debugging/SkiResort/IntegrationTests/TestActionsWithTurnstiles.cs:line 28
   at System.RuntimeType.CreateInstanceDefaultCtor(Boolean publicOnly, Boolean wrapExceptions)</StackTrace>
        </ErrorInfo>
      </Output>
    </UnitTestResult>
    <UnitTestResult executionId="91bd2710-ec0a-4006-877c-1ffcaafe56e1" testId="18e38d44-119b-235d-6ed8-545af7a5a6b4" testName="IntegrationTests.TestActionsWithSlopes.TestAdminDeleteSlopeAsync(slope: Slope { SlopeID = 230, SlopeName = slopeNamebb7e9f56-cb2f-46ce-84d1-674d38dccd5b, IsOpen = True, DifficultyLevel = 126, ConnectedLifts =  })" computerName="DESKTOP-TJ9D65N" duration="00:00:00.0010000" startTime="2022-10-31T14:33:51.5519135+03:00" endTime="2022-10-31T14:33:51.5519136+03:00" testType="13cdc9d9-ddb5-4fa4-a97d-d965ccfc6d4b" outcome="Failed" testListId="8c84fa94-04c1-424b-9868-57a2d4851a1d" relativeResultsDirectory="91bd2710-ec0a-4006-877c-1ffcaafe56e1">
      <Output>
        <ErrorInfo>
          <Message>System.Net.Sockets.SocketException : Connection refused</Message>
          <StackTrace>   at System.Net.Sockets.Socket.AwaitableSocketAsyncEventArgs.ThrowException(SocketError error, CancellationToken cancellationToken)
   at System.Net.Sockets.Socket.AwaitableSocketAsyncEventArgs.System.Threading.Tasks.Sources.IValueTaskSource.GetResult(Int16 token)
   at System.Threading.Tasks.ValueTask.ValueTaskSourceAsTask.&lt;&gt;c.&lt;.cctor&gt;b__4_0(Object state)
--- End of stack trace from previous location ---
   at System.Threading.Tasks.TaskToApm.End(IAsyncResult asyncResult)
   at System.Net.Sockets.Socket.EndConnect(IAsyncResult asyncResult)
   at ProGaudi.Tarantool.Client.NetworkStreamPhysicalConnection.&lt;&gt;c.&lt;ConnectAsync&gt;b__8_1(IAsyncResult asyncResult)
   at System.Threading.Tasks.TaskFactory`1.FromAsyncCoreLogic(IAsyncResult iar, Func`2 endFunction, Action`1 endAction, Task`1 promise, Boolean requiresSynchronization)
--- End of stack trace from previous location ---
   at ProGaudi.Tarantool.Client.NetworkStreamPhysicalConnection.Connect(ClientOptions options)
   at ProGaudi.Tarantool.Client.LogicalConnection.Connect()
   at ProGaudi.Tarantool.Client.LogicalConnectionManager.Connect()
   at ProGaudi.Tarantool.Client.Box.Connect()
   at ProGaudi.Tarantool.Client.Box.Connect(String replicationSource)
   at AccessToDB.TarantoolContext.Initialize(String connection_string) in /mnt/c/Users/alena/Desktop/7_sem/testing_and_debugging/SkiResort/AccessToDB/TarantoolContext.cs:line 51
   at AccessToDB.TarantoolContext..ctor(String connection_string) in /mnt/c/Users/alena/Desktop/7_sem/testing_and_debugging/SkiResort/AccessToDB/TarantoolContext.cs:line 32
   at IntegrationTests.TestActionsWithSlopes..ctor() in /mnt/c/Users/alena/Desktop/7_sem/testing_and_debugging/SkiResort/IntegrationTests/TestActionsWithSlopes.cs:line 31
   at System.RuntimeType.CreateInstanceDefaultCtor(Boolean publicOnly, Boolean wrapExceptions)</StackTrace>
        </ErrorInfo>
      </Output>
    </UnitTestResult>
    <UnitTestResult executionId="74818317-af1f-4dd5-a92f-f0c35fc8a7bf" testId="cb8eae24-e7ef-ed7e-d8e9-347d61b13b3a" testName="IntegrationTests.TestActionsWithUsers.TestRegisterUserWithRepeatedEmail" computerName="DESKTOP-TJ9D65N" duration="00:00:00.0010000" startTime="2022-10-31T14:33:51.3812299+03:00" endTime="2022-10-31T14:33:51.3812300+03:00" testType="13cdc9d9-ddb5-4fa4-a97d-d965ccfc6d4b" outcome="Failed" testListId="8c84fa94-04c1-424b-9868-57a2d4851a1d" relativeResultsDirectory="74818317-af1f-4dd5-a92f-f0c35fc8a7bf">
      <Output>
        <ErrorInfo>
          <Message>System.Net.Sockets.SocketException : Connection refused</Message>
          <StackTrace>   at System.Net.Sockets.Socket.AwaitableSocketAsyncEventArgs.ThrowException(SocketError error, CancellationToken cancellationToken)
   at System.Net.Sockets.Socket.AwaitableSocketAsyncEventArgs.System.Threading.Tasks.Sources.IValueTaskSource.GetResult(Int16 token)
   at System.Threading.Tasks.ValueTask.ValueTaskSourceAsTask.&lt;&gt;c.&lt;.cctor&gt;b__4_0(Object state)
--- End of stack trace from previous location ---
   at System.Threading.Tasks.TaskToApm.End(IAsyncResult asyncResult)
   at System.Net.Sockets.Socket.EndConnect(IAsyncResult asyncResult)
   at ProGaudi.Tarantool.Client.NetworkStreamPhysicalConnection.&lt;&gt;c.&lt;ConnectAsync&gt;b__8_1(IAsyncResult asyncResult)
   at System.Threading.Tasks.TaskFactory`1.FromAsyncCoreLogic(IAsyncResult iar, Func`2 endFunction, Action`1 endAction, Task`1 promise, Boolean requiresSynchronization)
--- End of stack trace from previous location ---
   at ProGaudi.Tarantool.Client.NetworkStreamPhysicalConnection.Connect(ClientOptions options)
   at ProGaudi.Tarantool.Client.LogicalConnection.Connect()
   at ProGaudi.Tarantool.Client.LogicalConnectionManager.Connect()
   at ProGaudi.Tarantool.Client.Box.Connect()
   at ProGaudi.Tarantool.Client.Box.Connect(String replicationSource)
   at AccessToDB.TarantoolContext.Initialize(String connection_string) in /mnt/c/Users/alena/Desktop/7_sem/testing_and_debugging/SkiResort/AccessToDB/TarantoolContext.cs:line 51
   at AccessToDB.TarantoolContext..ctor(String connection_string) in /mnt/c/Users/alena/Desktop/7_sem/testing_and_debugging/SkiResort/AccessToDB/TarantoolContext.cs:line 32
   at IntegrationTests.TestActionsWithUsers..ctor() in /mnt/c/Users/alena/Desktop/7_sem/testing_and_debugging/SkiResort/IntegrationTests/TestActionsWithUsers.cs:line 30
   at System.RuntimeType.CreateInstanceDefaultCtor(Boolean publicOnly, Boolean wrapExceptions)</StackTrace>
        </ErrorInfo>
      </Output>
    </UnitTestResult>
  </Results>
  <TestDefinitions>
    <UnitTest name="IntegrationTests.TestActionsWithLiftsLifts.TestUpdateLiftInfoAsync(lift: Lift { LiftID = 193, LiftName = liftName8624ebe9-a82a-4b5d-a451-ff7164dd261b, IsOpen = True, SeatsAmount = 134, LiftingTime = 115, QueueTime = 63, ConnectedSlopes =  })" storage="/mnt/c/users/alena/desktop/7_sem/testing_and_debugging/skiresort/integrationtests/bin/debug/net6.0/integrationtests.dll" id="f797945d-aaee-57ad-d64c-6605c3c9aa0b">
      <Execution id="8f73b284-1c8a-4b49-a6f8-15c532cc7bb0" />
      <TestMethod codeBase="/mnt/c/Users/alena/Desktop/7_sem/testing_and_debugging/SkiResort/IntegrationTests/bin/Debug/net6.0/IntegrationTests.dll" adapterTypeName="executor://xunit/VsTestRunner2/netcoreapp" className="IntegrationTests.TestActionsWithLiftsLifts" name="TestUpdateLiftInfoAsync" />
    </UnitTest>
    <UnitTest name="IntegrationTests.TestActionsWithLiftsLifts.TestAdminAddAutoIncrementLiftAsync(lift: Lift { LiftID = 118, LiftName = liftName0487e983-1567-49e9-8f2b-f24e72c701fb, IsOpen = True, SeatsAmount = 158, LiftingTime = 202, QueueTime = 83, ConnectedSlopes =  })" storage="/mnt/c/users/alena/desktop/7_sem/testing_and_debugging/skiresort/integrationtests/bin/debug/net6.0/integrationtests.dll" id="1e46d24e-3228-2e88-5ba9-a8edc4c09289">
      <Execution id="62d027ad-3209-4ac2-b803-bb02e7da8ed9" />
      <TestMethod codeBase="/mnt/c/Users/alena/Desktop/7_sem/testing_and_debugging/SkiResort/IntegrationTests/bin/Debug/net6.0/IntegrationTests.dll" adapterTypeName="executor://xunit/VsTestRunner2/netcoreapp" className="IntegrationTests.TestActionsWithLiftsLifts" name="TestAdminAddAutoIncrementLiftAsync" />
    </UnitTest>
    <UnitTest name="IntegrationTests.TestActionsWithUsers.TestRegisterOk" storage="/mnt/c/users/alena/desktop/7_sem/testing_and_debugging/skiresort/integrationtests/bin/debug/net6.0/integrationtests.dll" id="d78ba6d0-dfa8-fa6f-4cc8-23966ee34980">
      <Execution id="634a17e1-bd79-489d-a170-dd61634b101e" />
      <TestMethod codeBase="/mnt/c/Users/alena/Desktop/7_sem/testing_and_debugging/SkiResort/IntegrationTests/bin/Debug/net6.0/IntegrationTests.dll" adapterTypeName="executor://xunit/VsTestRunner2/netcoreapp" className="IntegrationTests.TestActionsWithUsers" name="TestRegisterOk" />
    </UnitTest>
    <UnitTest name="IntegrationTests.TestActionsWithUsers.TestLogInWithWrongPassword" storage="/mnt/c/users/alena/desktop/7_sem/testing_and_debugging/skiresort/integrationtests/bin/debug/net6.0/integrationtests.dll" id="479b875f-d623-ae0a-ff97-dc49a4f2a217">
      <Execution id="1d9f0fa8-26c8-41cc-8e15-ef9d322ca507" />
      <TestMethod codeBase="/mnt/c/Users/alena/Desktop/7_sem/testing_and_debugging/SkiResort/IntegrationTests/bin/Debug/net6.0/IntegrationTests.dll" adapterTypeName="executor://xunit/VsTestRunner2/netcoreapp" className="IntegrationTests.TestActionsWithUsers" name="TestLogInWithWrongPassword" />
    </UnitTest>
    <UnitTest name="IntegrationTests.TestActionsWithSlopes.TestGetSlopesInfoAsync(initialSlopes: [Slope { SlopeID = 245, SlopeName = slopeName1af5bf6c-248f-4e24-814e-7511bd874285, IsOpen = True, DifficultyLevel = 46, ConnectedLifts =  }, Slope { SlopeID = 70, SlopeName = slopeName2744ee69-6277-4de1-9bf7-401484f5dca9, IsOpen = False, DifficultyLevel = 75, ConnectedLifts =  }, Slope { SlopeID = 195, SlopeName = slopeName2ff9947e-a967-4e17-94e2-a92270ec5ddd, IsOp..." storage="/mnt/c/users/alena/desktop/7_sem/testing_and_debugging/skiresort/integrationtests/bin/debug/net6.0/integrationtests.dll" id="469b101f-8633-a685-8d5b-bdbf8dc340c5">
      <Execution id="bc60f34b-c685-4151-9b6d-64508557fc4a" />
      <TestMethod codeBase="/mnt/c/Users/alena/Desktop/7_sem/testing_and_debugging/SkiResort/IntegrationTests/bin/Debug/net6.0/IntegrationTests.dll" adapterTypeName="executor://xunit/VsTestRunner2/netcoreapp" className="IntegrationTests.TestActionsWithSlopes" name="TestGetSlopesInfoAsync" />
    </UnitTest>
    <UnitTest name="IntegrationTests.TestActionsWithUsers.TestAdminUpdateUser" storage="/mnt/c/users/alena/desktop/7_sem/testing_and_debugging/skiresort/integrationtests/bin/debug/net6.0/integrationtests.dll" id="61a0d3cb-1290-855e-f649-c3c1c190f4b1">
      <Execution id="94cf345b-71d0-4dc1-8973-eec0bb78a67f" />
      <TestMethod codeBase="/mnt/c/Users/alena/Desktop/7_sem/testing_and_debugging/SkiResort/IntegrationTests/bin/Debug/net6.0/IntegrationTests.dll" adapterTypeName="executor://xunit/VsTestRunner2/netcoreapp" className="IntegrationTests.TestActionsWithUsers" name="TestAdminUpdateUser" />
    </UnitTest>
    <UnitTest name="IntegrationTests.TestActionsWithTurnstiles.TestAdminDeleteTurnstileAsync(turnstile: Turnstile { TurnstileID = 85, LiftID = 146, IsOpen = True })" storage="/mnt/c/users/alena/desktop/7_sem/testing_and_debugging/skiresort/integrationtests/bin/debug/net6.0/integrationtests.dll" id="a5e6e5e4-9a1e-94ca-9192-828b8589a7b1">
      <Execution id="b5f02792-451e-4e00-ae70-3911406de93d" />
      <TestMethod codeBase="/mnt/c/Users/alena/Desktop/7_sem/testing_and_debugging/SkiResort/IntegrationTests/bin/Debug/net6.0/IntegrationTests.dll" adapterTypeName="executor://xunit/VsTestRunner2/netcoreapp" className="IntegrationTests.TestActionsWithTurnstiles" name="TestAdminDeleteTurnstileAsync" />
    </UnitTest>
    <UnitTest name="IntegrationTests.TestActionsWithUsers.TestAdminGetUserByIDAsync" storage="/mnt/c/users/alena/desktop/7_sem/testing_and_debugging/skiresort/integrationtests/bin/debug/net6.0/integrationtests.dll" id="593087f0-c7ab-1991-c3ee-af523cc03ada">
      <Execution id="ecff0d45-6412-4af1-b18a-0eb03364c8d4" />
      <TestMethod codeBase="/mnt/c/Users/alena/Desktop/7_sem/testing_and_debugging/SkiResort/IntegrationTests/bin/Debug/net6.0/IntegrationTests.dll" adapterTypeName="executor://xunit/VsTestRunner2/netcoreapp" className="IntegrationTests.TestActionsWithUsers" name="TestAdminGetUserByIDAsync" />
    </UnitTest>
    <UnitTest name="IntegrationTests.TestActionsWithLiftsSlopes.TestAdminDeleteLiftSlopeAsync(lift: Lift { LiftID = 22, LiftName = liftNamef1041f7a-8682-43af-b1a8-0a96b0c3cbc4, IsOpen = True, SeatsAmount = 130, LiftingTime = 118, QueueTime = 183, ConnectedSlopes =  }, slope: Slope { SlopeID = 203, SlopeName = slopeNameba80e7ae-fd8f-48fa-9c88-0f72573f1500, IsOpen = False, DifficultyLevel = 100, ConnectedLifts =  })" storage="/mnt/c/users/alena/desktop/7_sem/testing_and_debugging/skiresort/integrationtests/bin/debug/net6.0/integrationtests.dll" id="5f1a9b9a-782c-673c-12f5-3c335fa1a10c">
      <Execution id="aec30a61-b613-4ca1-b587-a862e63be560" />
      <TestMethod codeBase="/mnt/c/Users/alena/Desktop/7_sem/testing_and_debugging/SkiResort/IntegrationTests/bin/Debug/net6.0/IntegrationTests.dll" adapterTypeName="executor://xunit/VsTestRunner2/netcoreapp" className="IntegrationTests.TestActionsWithLiftsSlopes" name="TestAdminDeleteLiftSlopeAsync" />
    </UnitTest>
    <UnitTest name="IntegrationTests.TestActionsWithSlopes.TestGetSlopeInfoAsync(slope: Slope { SlopeID = 33, SlopeName = slopeName466ad873-83b8-48f6-8e36-d82ae4f1a820, IsOpen = True, DifficultyLevel = 217, ConnectedLifts =  })" storage="/mnt/c/users/alena/desktop/7_sem/testing_and_debugging/skiresort/integrationtests/bin/debug/net6.0/integrationtests.dll" id="c72c78d3-4572-fa88-af01-c6b63208594f">
      <Execution id="df08125c-6f2c-4ba0-9829-8320ed612f37" />
      <TestMethod codeBase="/mnt/c/Users/alena/Desktop/7_sem/testing_and_debugging/SkiResort/IntegrationTests/bin/Debug/net6.0/IntegrationTests.dll" adapterTypeName="executor://xunit/VsTestRunner2/netcoreapp" className="IntegrationTests.TestActionsWithSlopes" name="TestGetSlopeInfoAsync" />
    </UnitTest>
    <UnitTest name="IntegrationTests.TestActionsWithTurnstiles.TestAdminAddAutoIncrementTurnstileAsync(turnstile: Turnstile { TurnstileID = 72, LiftID = 131, IsOpen = True })" storage="/mnt/c/users/alena/desktop/7_sem/testing_and_debugging/skiresort/integrationtests/bin/debug/net6.0/integrationtests.dll" id="343f9128-0334-9c19-ba0e-b0431fb6f054">
      <Execution id="fed34ef9-4e3e-4b89-acf6-09207ec0711b" />
      <TestMethod codeBase="/mnt/c/Users/alena/Desktop/7_sem/testing_and_debugging/SkiResort/IntegrationTests/bin/Debug/net6.0/IntegrationTests.dll" adapterTypeName="executor://xunit/VsTestRunner2/netcoreapp" className="IntegrationTests.TestActionsWithTurnstiles" name="TestAdminAddAutoIncrementTurnstileAsync" />
    </UnitTest>
    <UnitTest name="IntegrationTests.TestActionsWithTurnstiles.TestAdminGetTurnstileAsync(turnstile: Turnstile { TurnstileID = 161, LiftID = 112, IsOpen = True })" storage="/mnt/c/users/alena/desktop/7_sem/testing_and_debugging/skiresort/integrationtests/bin/debug/net6.0/integrationtests.dll" id="204d7052-2939-17ba-a725-e9ae8cda4211">
      <Execution id="be91e515-1cde-4187-a616-0c8dabac05cd" />
      <TestMethod codeBase="/mnt/c/Users/alena/Desktop/7_sem/testing_and_debugging/SkiResort/IntegrationTests/bin/Debug/net6.0/IntegrationTests.dll" adapterTypeName="executor://xunit/VsTestRunner2/netcoreapp" className="IntegrationTests.TestActionsWithTurnstiles" name="TestAdminGetTurnstileAsync" />
    </UnitTest>
    <UnitTest name="IntegrationTests.TestActionsWithTurnstiles.TestAdminGetTurnstilesAsync(initialTurnstiles: [Turnstile { TurnstileID = 217, LiftID = 34, IsOpen = True }, Turnstile { TurnstileID = 83, LiftID = 36, IsOpen = False }, Turnstile { TurnstileID = 147, LiftID = 184, IsOpen = True }])" storage="/mnt/c/users/alena/desktop/7_sem/testing_and_debugging/skiresort/integrationtests/bin/debug/net6.0/integrationtests.dll" id="8a671bbd-a679-9554-80f7-33c777475820">
      <Execution id="eb6edeae-ca89-4f18-a330-6523dbf6f72e" />
      <TestMethod codeBase="/mnt/c/Users/alena/Desktop/7_sem/testing_and_debugging/SkiResort/IntegrationTests/bin/Debug/net6.0/IntegrationTests.dll" adapterTypeName="executor://xunit/VsTestRunner2/netcoreapp" className="IntegrationTests.TestActionsWithTurnstiles" name="TestAdminGetTurnstilesAsync" />
    </UnitTest>
    <UnitTest name="IntegrationTests.TestActionsWithUsers.TestAdminGetUsers" storage="/mnt/c/users/alena/desktop/7_sem/testing_and_debugging/skiresort/integrationtests/bin/debug/net6.0/integrationtests.dll" id="682d3b16-d8d9-d658-4906-fcc748843214">
      <Execution id="33a78109-dca0-43be-a875-7fd1fdf36ade" />
      <TestMethod codeBase="/mnt/c/Users/alena/Desktop/7_sem/testing_and_debugging/SkiResort/IntegrationTests/bin/Debug/net6.0/IntegrationTests.dll" adapterTypeName="executor://xunit/VsTestRunner2/netcoreapp" className="IntegrationTests.TestActionsWithUsers" name="TestAdminGetUsers" />
    </UnitTest>
    <UnitTest name="IntegrationTests.TestActionsWithLiftsLifts.TestGetLiftInfoAsync(lift: Lift { LiftID = 145, LiftName = liftNamed83fef5e-9f75-4895-8936-e5c912558ba7, IsOpen = True, SeatsAmount = 189, LiftingTime = 115, QueueTime = 112, ConnectedSlopes =  })" storage="/mnt/c/users/alena/desktop/7_sem/testing_and_debugging/skiresort/integrationtests/bin/debug/net6.0/integrationtests.dll" id="9fc9d306-94a3-aedb-888f-65db4f3cf002">
      <Execution id="5b6e0df7-aa90-4ef8-b667-49a924eb68d6" />
      <TestMethod codeBase="/mnt/c/Users/alena/Desktop/7_sem/testing_and_debugging/SkiResort/IntegrationTests/bin/Debug/net6.0/IntegrationTests.dll" adapterTypeName="executor://xunit/VsTestRunner2/netcoreapp" className="IntegrationTests.TestActionsWithLiftsLifts" name="TestGetLiftInfoAsync" />
    </UnitTest>
    <UnitTest name="IntegrationTests.TestActionsWithUsers.TestAdminDeleteUser" storage="/mnt/c/users/alena/desktop/7_sem/testing_and_debugging/skiresort/integrationtests/bin/debug/net6.0/integrationtests.dll" id="640a72f6-5583-6636-1a54-8396abe99588">
      <Execution id="25f09512-a57b-480a-be8f-30661f401ac9" />
      <TestMethod codeBase="/mnt/c/Users/alena/Desktop/7_sem/testing_and_debugging/SkiResort/IntegrationTests/bin/Debug/net6.0/IntegrationTests.dll" adapterTypeName="executor://xunit/VsTestRunner2/netcoreapp" className="IntegrationTests.TestActionsWithUsers" name="TestAdminDeleteUser" />
    </UnitTest>
    <UnitTest name="IntegrationTests.TestActionsWithSlopes.TestAdminAddSlopeAsync(slope: Slope { SlopeID = 139, SlopeName = slopeNameba732794-4a13-49f8-98f6-5d0d40a7100c, IsOpen = True, DifficultyLevel = 181, ConnectedLifts =  })" storage="/mnt/c/users/alena/desktop/7_sem/testing_and_debugging/skiresort/integrationtests/bin/debug/net6.0/integrationtests.dll" id="c7ff033c-a798-9e48-d8d4-7dffaaebb536">
      <Execution id="31489506-f6e4-403c-89b5-1c93c04cdf3f" />
      <TestMethod codeBase="/mnt/c/Users/alena/Desktop/7_sem/testing_and_debugging/SkiResort/IntegrationTests/bin/Debug/net6.0/IntegrationTests.dll" adapterTypeName="executor://xunit/VsTestRunner2/netcoreapp" className="IntegrationTests.TestActionsWithSlopes" name="TestAdminAddSlopeAsync" />
    </UnitTest>
    <UnitTest name="IntegrationTests.TestActionsWithUsers.TestAdminAddAutoIncrementUser" storage="/mnt/c/users/alena/desktop/7_sem/testing_and_debugging/skiresort/integrationtests/bin/debug/net6.0/integrationtests.dll" id="26a3ed7b-f58f-b931-d8c6-d1d1687098ba">
      <Execution id="e4ce0331-e5d5-4dfc-b190-6697e3212e93" />
      <TestMethod codeBase="/mnt/c/Users/alena/Desktop/7_sem/testing_and_debugging/SkiResort/IntegrationTests/bin/Debug/net6.0/IntegrationTests.dll" adapterTypeName="executor://xunit/VsTestRunner2/netcoreapp" className="IntegrationTests.TestActionsWithUsers" name="TestAdminAddAutoIncrementUser" />
    </UnitTest>
    <UnitTest name="IntegrationTests.TestActionsWithSlopes.TestAdminDeleteSlopeAsync(slope: Slope { SlopeID = 230, SlopeName = slopeNamebb7e9f56-cb2f-46ce-84d1-674d38dccd5b, IsOpen = True, DifficultyLevel = 126, ConnectedLifts =  })" storage="/mnt/c/users/alena/desktop/7_sem/testing_and_debugging/skiresort/integrationtests/bin/debug/net6.0/integrationtests.dll" id="18e38d44-119b-235d-6ed8-545af7a5a6b4">
      <Execution id="91bd2710-ec0a-4006-877c-1ffcaafe56e1" />
      <TestMethod codeBase="/mnt/c/Users/alena/Desktop/7_sem/testing_and_debugging/SkiResort/IntegrationTests/bin/Debug/net6.0/IntegrationTests.dll" adapterTypeName="executor://xunit/VsTestRunner2/netcoreapp" className="IntegrationTests.TestActionsWithSlopes" name="TestAdminDeleteSlopeAsync" />
    </UnitTest>
    <UnitTest name="IntegrationTests.TestActionsWithSlopes.TestAdminAddAutoIncrementSlopeAsync(slope: Slope { SlopeID = 107, SlopeName = slopeName32f1627b-a8dc-4448-933b-9ef49489aecc, IsOpen = True, DifficultyLevel = 104, ConnectedLifts =  })" storage="/mnt/c/users/alena/desktop/7_sem/testing_and_debugging/skiresort/integrationtests/bin/debug/net6.0/integrationtests.dll" id="5cdfcc5d-854e-2b01-32bf-d495d8e884ff">
      <Execution id="4e41e384-fa7e-43b3-81d8-ccd873528dae" />
      <TestMethod codeBase="/mnt/c/Users/alena/Desktop/7_sem/testing_and_debugging/SkiResort/IntegrationTests/bin/Debug/net6.0/IntegrationTests.dll" adapterTypeName="executor://xunit/VsTestRunner2/netcoreapp" className="IntegrationTests.TestActionsWithSlopes" name="TestAdminAddAutoIncrementSlopeAsync" />
    </UnitTest>
    <UnitTest name="IntegrationTests.TestActionsWithLiftsLifts.TestAdminDeleteLiftAsync(lift: Lift { LiftID = 170, LiftName = liftNamebfbb444b-72c2-4df3-88a1-e394daa700b7, IsOpen = True, SeatsAmount = 235, LiftingTime = 238, QueueTime = 75, ConnectedSlopes =  })" storage="/mnt/c/users/alena/desktop/7_sem/testing_and_debugging/skiresort/integrationtests/bin/debug/net6.0/integrationtests.dll" id="2631c7c7-a84c-f291-8b56-c48c0554a79c">
      <Execution id="b924a217-64c2-445d-b439-8c744a31e2b6" />
      <TestMethod codeBase="/mnt/c/Users/alena/Desktop/7_sem/testing_and_debugging/SkiResort/IntegrationTests/bin/Debug/net6.0/IntegrationTests.dll" adapterTypeName="executor://xunit/VsTestRunner2/netcoreapp" className="IntegrationTests.TestActionsWithLiftsLifts" name="TestAdminDeleteLiftAsync" />
    </UnitTest>
    <UnitTest name="IntegrationTests.TestActionsWithTurnstiles.TestAdminUpdateTurnstileAsync(turnstile: Turnstile { TurnstileID = 64, LiftID = 9, IsOpen = True })" storage="/mnt/c/users/alena/desktop/7_sem/testing_and_debugging/skiresort/integrationtests/bin/debug/net6.0/integrationtests.dll" id="ba70b4bc-abe3-7902-e80f-7b1cac186350">
      <Execution id="30fe7f37-4bf2-46c7-8370-753fef29b349" />
      <TestMethod codeBase="/mnt/c/Users/alena/Desktop/7_sem/testing_and_debugging/SkiResort/IntegrationTests/bin/Debug/net6.0/IntegrationTests.dll" adapterTypeName="executor://xunit/VsTestRunner2/netcoreapp" className="IntegrationTests.TestActionsWithTurnstiles" name="TestAdminUpdateTurnstileAsync" />
    </UnitTest>
    <UnitTest name="IntegrationTests.TestActionsWithUsers.TestRegisterUserWithNoPassword" storage="/mnt/c/users/alena/desktop/7_sem/testing_and_debugging/skiresort/integrationtests/bin/debug/net6.0/integrationtests.dll" id="198a1ae3-83ab-ea18-2e21-87927dc980e2">
      <Execution id="b0ee3f5d-3d53-4339-a7a0-7631f6b17a07" />
      <TestMethod codeBase="/mnt/c/Users/alena/Desktop/7_sem/testing_and_debugging/SkiResort/IntegrationTests/bin/Debug/net6.0/IntegrationTests.dll" adapterTypeName="executor://xunit/VsTestRunner2/netcoreapp" className="IntegrationTests.TestActionsWithUsers" name="TestRegisterUserWithNoPassword" />
    </UnitTest>
    <UnitTest name="IntegrationTests.TestActionsWithLiftsSlopes.TestAdminAddAutoIncrementLiftSlopeAsync(lift: Lift { LiftID = 110, LiftName = liftName3bcea098-553b-4297-9df9-96cd77e74d7e, IsOpen = True, SeatsAmount = 118, LiftingTime = 194, QueueTime = 215, ConnectedSlopes =  }, slope: Slope { SlopeID = 187, SlopeName = slopeName5fc135c9-0f40-4da9-aa03-c6baa76055df, IsOpen = False, DifficultyLevel = 84, ConnectedLifts =  })" storage="/mnt/c/users/alena/desktop/7_sem/testing_and_debugging/skiresort/integrationtests/bin/debug/net6.0/integrationtests.dll" id="0eddf646-4e6d-daab-7a61-477c09c4a44b">
      <Execution id="782a3f11-60a4-40de-af7b-3be4ba9e3b6b" />
      <TestMethod codeBase="/mnt/c/Users/alena/Desktop/7_sem/testing_and_debugging/SkiResort/IntegrationTests/bin/Debug/net6.0/IntegrationTests.dll" adapterTypeName="executor://xunit/VsTestRunner2/netcoreapp" className="IntegrationTests.TestActionsWithLiftsSlopes" name="TestAdminAddAutoIncrementLiftSlopeAsync" />
    </UnitTest>
    <UnitTest name="IntegrationTests.TestActionsWithUsers.TestRegisterUserWithNoEmail" storage="/mnt/c/users/alena/desktop/7_sem/testing_and_debugging/skiresort/integrationtests/bin/debug/net6.0/integrationtests.dll" id="48375cbc-003d-d0fc-ff6a-cfef4b266dfb">
      <Execution id="27292a05-b502-476b-9dde-eaf39c28bbc9" />
      <TestMethod codeBase="/mnt/c/Users/alena/Desktop/7_sem/testing_and_debugging/SkiResort/IntegrationTests/bin/Debug/net6.0/IntegrationTests.dll" adapterTypeName="executor://xunit/VsTestRunner2/netcoreapp" className="IntegrationTests.TestActionsWithUsers" name="TestRegisterUserWithNoEmail" />
    </UnitTest>
    <UnitTest name="IntegrationTests.TestActionsWithSlopes.TestUpdateSlopeInfoAsync(slope: Slope { SlopeID = 239, SlopeName = slopeNamecfb47a6c-2edd-45d3-bce8-a16631932a07, IsOpen = True, DifficultyLevel = 114, ConnectedLifts =  })" storage="/mnt/c/users/alena/desktop/7_sem/testing_and_debugging/skiresort/integrationtests/bin/debug/net6.0/integrationtests.dll" id="3edde65c-2431-ef4c-6eb5-1db6d171cae4">
      <Execution id="013f7f4e-ef8b-4ae2-a5e8-67702a46c666" />
      <TestMethod codeBase="/mnt/c/Users/alena/Desktop/7_sem/testing_and_debugging/SkiResort/IntegrationTests/bin/Debug/net6.0/IntegrationTests.dll" adapterTypeName="executor://xunit/VsTestRunner2/netcoreapp" className="IntegrationTests.TestActionsWithSlopes" name="TestUpdateSlopeInfoAsync" />
    </UnitTest>
    <UnitTest name="IntegrationTests.TestActionsWithUsers.TestLogInOk" storage="/mnt/c/users/alena/desktop/7_sem/testing_and_debugging/skiresort/integrationtests/bin/debug/net6.0/integrationtests.dll" id="45fe0df1-c885-2f7e-8187-832190c2786d">
      <Execution id="f35736d7-74ec-457a-b592-611de1a88b4c" />
      <TestMethod codeBase="/mnt/c/Users/alena/Desktop/7_sem/testing_and_debugging/SkiResort/IntegrationTests/bin/Debug/net6.0/IntegrationTests.dll" adapterTypeName="executor://xunit/VsTestRunner2/netcoreapp" className="IntegrationTests.TestActionsWithUsers" name="TestLogInOk" />
    </UnitTest>
    <UnitTest name="IntegrationTests.TestActionsWithLiftsSlopes.TestGetLiftsSlopesInfoAsync(liftsSlopes: [LiftSlope { RecordID = 210, LiftID = 43, SlopeID = 190 }, LiftSlope { RecordID = 197, LiftID = 38, SlopeID = 154 }, LiftSlope { RecordID = 153, LiftID = 24, SlopeID = 83 }])" storage="/mnt/c/users/alena/desktop/7_sem/testing_and_debugging/skiresort/integrationtests/bin/debug/net6.0/integrationtests.dll" id="63be1f92-7da8-a66e-02df-a6e75143687a">
      <Execution id="95467e15-e800-4589-b126-4591662beecc" />
      <TestMethod codeBase="/mnt/c/Users/alena/Desktop/7_sem/testing_and_debugging/SkiResort/IntegrationTests/bin/Debug/net6.0/IntegrationTests.dll" adapterTypeName="executor://xunit/VsTestRunner2/netcoreapp" className="IntegrationTests.TestActionsWithLiftsSlopes" name="TestGetLiftsSlopesInfoAsync" />
    </UnitTest>
    <UnitTest name="IntegrationTests.TestActionsWithLiftsLifts.TestGetLiftsInfoAsync(initialLifts: [Lift { LiftID = 149, LiftName = liftName524f027f-ade8-4092-9452-77b17084314f, IsOpen = True, SeatsAmount = 179, LiftingTime = 13, QueueTime = 78, ConnectedSlopes =  }, Lift { LiftID = 16, LiftName = liftNamef7dc61ed-a15d-407b-be47-412e2ba04bbf, IsOpen = False, SeatsAmount = 236, LiftingTime = 131, QueueTime = 215, ConnectedSlopes =  }, Lift { LiftID = 156, LiftN..." storage="/mnt/c/users/alena/desktop/7_sem/testing_and_debugging/skiresort/integrationtests/bin/debug/net6.0/integrationtests.dll" id="e54a4cee-e2a1-889e-b4cd-647e25b91df6">
      <Execution id="5338a629-a770-4c52-af57-0c3bdf0ca9b9" />
      <TestMethod codeBase="/mnt/c/Users/alena/Desktop/7_sem/testing_and_debugging/SkiResort/IntegrationTests/bin/Debug/net6.0/IntegrationTests.dll" adapterTypeName="executor://xunit/VsTestRunner2/netcoreapp" className="IntegrationTests.TestActionsWithLiftsLifts" name="TestGetLiftsInfoAsync" />
    </UnitTest>
    <UnitTest name="IntegrationTests.TestActionsWithUsers.TestRegisterUserWithRepeatedEmail" storage="/mnt/c/users/alena/desktop/7_sem/testing_and_debugging/skiresort/integrationtests/bin/debug/net6.0/integrationtests.dll" id="cb8eae24-e7ef-ed7e-d8e9-347d61b13b3a">
      <Execution id="74818317-af1f-4dd5-a92f-f0c35fc8a7bf" />
      <TestMethod codeBase="/mnt/c/Users/alena/Desktop/7_sem/testing_and_debugging/SkiResort/IntegrationTests/bin/Debug/net6.0/IntegrationTests.dll" adapterTypeName="executor://xunit/VsTestRunner2/netcoreapp" className="IntegrationTests.TestActionsWithUsers" name="TestRegisterUserWithRepeatedEmail" />
    </UnitTest>
  </TestDefinitions>
  <TestEntries>
    <TestEntry testId="5cdfcc5d-854e-2b01-32bf-d495d8e884ff" executionId="4e41e384-fa7e-43b3-81d8-ccd873528dae" testListId="8c84fa94-04c1-424b-9868-57a2d4851a1d" />
    <TestEntry testId="8a671bbd-a679-9554-80f7-33c777475820" executionId="eb6edeae-ca89-4f18-a330-6523dbf6f72e" testListId="8c84fa94-04c1-424b-9868-57a2d4851a1d" />
    <TestEntry testId="682d3b16-d8d9-d658-4906-fcc748843214" executionId="33a78109-dca0-43be-a875-7fd1fdf36ade" testListId="8c84fa94-04c1-424b-9868-57a2d4851a1d" />
    <TestEntry testId="45fe0df1-c885-2f7e-8187-832190c2786d" executionId="f35736d7-74ec-457a-b592-611de1a88b4c" testListId="8c84fa94-04c1-424b-9868-57a2d4851a1d" />
    <TestEntry testId="204d7052-2939-17ba-a725-e9ae8cda4211" executionId="be91e515-1cde-4187-a616-0c8dabac05cd" testListId="8c84fa94-04c1-424b-9868-57a2d4851a1d" />
    <TestEntry testId="63be1f92-7da8-a66e-02df-a6e75143687a" executionId="95467e15-e800-4589-b126-4591662beecc" testListId="8c84fa94-04c1-424b-9868-57a2d4851a1d" />
    <TestEntry testId="d78ba6d0-dfa8-fa6f-4cc8-23966ee34980" executionId="634a17e1-bd79-489d-a170-dd61634b101e" testListId="8c84fa94-04c1-424b-9868-57a2d4851a1d" />
    <TestEntry testId="a5e6e5e4-9a1e-94ca-9192-828b8589a7b1" executionId="b5f02792-451e-4e00-ae70-3911406de93d" testListId="8c84fa94-04c1-424b-9868-57a2d4851a1d" />
    <TestEntry testId="593087f0-c7ab-1991-c3ee-af523cc03ada" executionId="ecff0d45-6412-4af1-b18a-0eb03364c8d4" testListId="8c84fa94-04c1-424b-9868-57a2d4851a1d" />
    <TestEntry testId="640a72f6-5583-6636-1a54-8396abe99588" executionId="25f09512-a57b-480a-be8f-30661f401ac9" testListId="8c84fa94-04c1-424b-9868-57a2d4851a1d" />
    <TestEntry testId="61a0d3cb-1290-855e-f649-c3c1c190f4b1" executionId="94cf345b-71d0-4dc1-8973-eec0bb78a67f" testListId="8c84fa94-04c1-424b-9868-57a2d4851a1d" />
    <TestEntry testId="9fc9d306-94a3-aedb-888f-65db4f3cf002" executionId="5b6e0df7-aa90-4ef8-b667-49a924eb68d6" testListId="8c84fa94-04c1-424b-9868-57a2d4851a1d" />
    <TestEntry testId="0eddf646-4e6d-daab-7a61-477c09c4a44b" executionId="782a3f11-60a4-40de-af7b-3be4ba9e3b6b" testListId="8c84fa94-04c1-424b-9868-57a2d4851a1d" />
    <TestEntry testId="343f9128-0334-9c19-ba0e-b0431fb6f054" executionId="fed34ef9-4e3e-4b89-acf6-09207ec0711b" testListId="8c84fa94-04c1-424b-9868-57a2d4851a1d" />
    <TestEntry testId="e54a4cee-e2a1-889e-b4cd-647e25b91df6" executionId="5338a629-a770-4c52-af57-0c3bdf0ca9b9" testListId="8c84fa94-04c1-424b-9868-57a2d4851a1d" />
    <TestEntry testId="3edde65c-2431-ef4c-6eb5-1db6d171cae4" executionId="013f7f4e-ef8b-4ae2-a5e8-67702a46c666" testListId="8c84fa94-04c1-424b-9868-57a2d4851a1d" />
    <TestEntry testId="469b101f-8633-a685-8d5b-bdbf8dc340c5" executionId="bc60f34b-c685-4151-9b6d-64508557fc4a" testListId="8c84fa94-04c1-424b-9868-57a2d4851a1d" />
    <TestEntry testId="2631c7c7-a84c-f291-8b56-c48c0554a79c" executionId="b924a217-64c2-445d-b439-8c744a31e2b6" testListId="8c84fa94-04c1-424b-9868-57a2d4851a1d" />
    <TestEntry testId="f797945d-aaee-57ad-d64c-6605c3c9aa0b" executionId="8f73b284-1c8a-4b49-a6f8-15c532cc7bb0" testListId="8c84fa94-04c1-424b-9868-57a2d4851a1d" />
    <TestEntry testId="5f1a9b9a-782c-673c-12f5-3c335fa1a10c" executionId="aec30a61-b613-4ca1-b587-a862e63be560" testListId="8c84fa94-04c1-424b-9868-57a2d4851a1d" />
    <TestEntry testId="479b875f-d623-ae0a-ff97-dc49a4f2a217" executionId="1d9f0fa8-26c8-41cc-8e15-ef9d322ca507" testListId="8c84fa94-04c1-424b-9868-57a2d4851a1d" />
    <TestEntry testId="1e46d24e-3228-2e88-5ba9-a8edc4c09289" executionId="62d027ad-3209-4ac2-b803-bb02e7da8ed9" testListId="8c84fa94-04c1-424b-9868-57a2d4851a1d" />
    <TestEntry testId="26a3ed7b-f58f-b931-d8c6-d1d1687098ba" executionId="e4ce0331-e5d5-4dfc-b190-6697e3212e93" testListId="8c84fa94-04c1-424b-9868-57a2d4851a1d" />
    <TestEntry testId="48375cbc-003d-d0fc-ff6a-cfef4b266dfb" executionId="27292a05-b502-476b-9dde-eaf39c28bbc9" testListId="8c84fa94-04c1-424b-9868-57a2d4851a1d" />
    <TestEntry testId="c72c78d3-4572-fa88-af01-c6b63208594f" executionId="df08125c-6f2c-4ba0-9829-8320ed612f37" testListId="8c84fa94-04c1-424b-9868-57a2d4851a1d" />
    <TestEntry testId="198a1ae3-83ab-ea18-2e21-87927dc980e2" executionId="b0ee3f5d-3d53-4339-a7a0-7631f6b17a07" testListId="8c84fa94-04c1-424b-9868-57a2d4851a1d" />
    <TestEntry testId="c7ff033c-a798-9e48-d8d4-7dffaaebb536" executionId="31489506-f6e4-403c-89b5-1c93c04cdf3f" testListId="8c84fa94-04c1-424b-9868-57a2d4851a1d" />
    <TestEntry testId="ba70b4bc-abe3-7902-e80f-7b1cac186350" executionId="30fe7f37-4bf2-46c7-8370-753fef29b349" testListId="8c84fa94-04c1-424b-9868-57a2d4851a1d" />
    <TestEntry testId="18e38d44-119b-235d-6ed8-545af7a5a6b4" executionId="91bd2710-ec0a-4006-877c-1ffcaafe56e1" testListId="8c84fa94-04c1-424b-9868-57a2d4851a1d" />
    <TestEntry testId="cb8eae24-e7ef-ed7e-d8e9-347d61b13b3a" executionId="74818317-af1f-4dd5-a92f-f0c35fc8a7bf" testListId="8c84fa94-04c1-424b-9868-57a2d4851a1d" />
  </TestEntries>
  <TestLists>
    <TestList name="Results Not in a List" id="8c84fa94-04c1-424b-9868-57a2d4851a1d" />
    <TestList name="All Loaded Results" id="19431567-8539-422a-85d7-44ee4e166bda" />
  </TestLists>
  <ResultSummary outcome="Failed">
    <Counters total="30" executed="30" passed="0" failed="30" error="0" timeout="0" aborted="0" inconclusive="0" passedButRunAborted="0" notRunnable="0" notExecuted="0" disconnected="0" warning="0" completed="0" inProgress="0" pending="0" />
    <Output>
      <StdOut>[xUnit.net 00:00:00.00] xUnit.net VSTest Adapter v2.4.3+1b45f5407b (64-bit .NET 6.0.10)
[xUnit.net 00:00:02.63]   Discovering: IntegrationTests
[xUnit.net 00:00:02.82]   Discovered:  IntegrationTests
[xUnit.net 00:00:02.82]   Starting:    IntegrationTests
[xUnit.net 00:00:03.07]       System.Net.Sockets.SocketException : Connection refused
[xUnit.net 00:00:03.07]       Stack Trace:
[xUnit.net 00:00:03.08]            at System.Net.Sockets.Socket.AwaitableSocketAsyncEventArgs.ThrowException(SocketError error, CancellationToken cancellationToken)
[xUnit.net 00:00:03.08]            at System.Net.Sockets.Socket.AwaitableSocketAsyncEventArgs.System.Threading.Tasks.Sources.IValueTaskSource.GetResult(Int16 token)
[xUnit.net 00:00:03.08]            at System.Threading.Tasks.ValueTask.ValueTaskSourceAsTask.&lt;&gt;c.&lt;.cctor&gt;b__4_0(Object state)
[xUnit.net 00:00:03.08]         --- End of stack trace from previous location ---
[xUnit.net 00:00:03.08]            at System.Threading.Tasks.TaskToApm.End(IAsyncResult asyncResult)
[xUnit.net 00:00:03.08]            at System.Net.Sockets.Socket.EndConnect(IAsyncResult asyncResult)
[xUnit.net 00:00:03.08]            at ProGaudi.Tarantool.Client.NetworkStreamPhysicalConnection.&lt;&gt;c.&lt;ConnectAsync&gt;b__8_1(IAsyncResult asyncResult)
[xUnit.net 00:00:03.08]            at System.Threading.Tasks.TaskFactory`1.FromAsyncCoreLogic(IAsyncResult iar, Func`2 endFunction, Action`1 endAction, Task`1 promise, Boolean requiresSynchronization)
[xUnit.net 00:00:03.08]         --- End of stack trace from previous location ---
[xUnit.net 00:00:03.08]            at ProGaudi.Tarantool.Client.NetworkStreamPhysicalConnection.Connect(ClientOptions options)
[xUnit.net 00:00:03.08]            at ProGaudi.Tarantool.Client.LogicalConnection.Connect()
[xUnit.net 00:00:03.08]            at ProGaudi.Tarantool.Client.LogicalConnectionManager.Connect()
[xUnit.net 00:00:03.08]            at ProGaudi.Tarantool.Client.Box.Connect()
[xUnit.net 00:00:03.08]            at ProGaudi.Tarantool.Client.Box.Connect(String replicationSource)
[xUnit.net 00:00:03.08]         /mnt/c/Users/alena/Desktop/7_sem/testing_and_debugging/SkiResort/AccessToDB/TarantoolContext.cs(51,0): at AccessToDB.TarantoolContext.Initialize(String connection_string)
[xUnit.net 00:00:03.08]         /mnt/c/Users/alena/Desktop/7_sem/testing_and_debugging/SkiResort/AccessToDB/TarantoolContext.cs(32,0): at AccessToDB.TarantoolContext..ctor(String connection_string)
[xUnit.net 00:00:03.08]         /mnt/c/Users/alena/Desktop/7_sem/testing_and_debugging/SkiResort/IntegrationTests/TestActionsWithLifts.cs(37,0): at IntegrationTests.TestActionsWithLiftsLifts..ctor()
[xUnit.net 00:00:03.08]            at System.RuntimeType.CreateInstanceDefaultCtor(Boolean publicOnly, Boolean wrapExceptions)
[xUnit.net 00:00:03.11]       System.Net.Sockets.SocketException : Connection refused
[xUnit.net 00:00:03.11]       Stack Trace:
[xUnit.net 00:00:03.11]            at System.Net.Sockets.Socket.AwaitableSocketAsyncEventArgs.ThrowException(SocketError error, CancellationToken cancellationToken)
[xUnit.net 00:00:03.11]            at System.Net.Sockets.Socket.AwaitableSocketAsyncEventArgs.System.Threading.Tasks.Sources.IValueTaskSource.GetResult(Int16 token)
[xUnit.net 00:00:03.11]            at System.Threading.Tasks.ValueTask.ValueTaskSourceAsTask.&lt;&gt;c.&lt;.cctor&gt;b__4_0(Object state)
[xUnit.net 00:00:03.11]         --- End of stack trace from previous location ---
[xUnit.net 00:00:03.11]            at System.Threading.Tasks.TaskToApm.End(IAsyncResult asyncResult)
[xUnit.net 00:00:03.11]            at System.Net.Sockets.Socket.EndConnect(IAsyncResult asyncResult)
[xUnit.net 00:00:03.11]            at ProGaudi.Tarantool.Client.NetworkStreamPhysicalConnection.&lt;&gt;c.&lt;ConnectAsync&gt;b__8_1(IAsyncResult asyncResult)
[xUnit.net 00:00:03.11]            at System.Threading.Tasks.TaskFactory`1.FromAsyncCoreLogic(IAsyncResult iar, Func`2 endFunction, Action`1 endAction, Task`1 promise, Boolean requiresSynchronization)
[xUnit.net 00:00:03.11]         --- End of stack trace from previous location ---
[xUnit.net 00:00:03.11]            at ProGaudi.Tarantool.Client.NetworkStreamPhysicalConnection.Connect(ClientOptions options)
[xUnit.net 00:00:03.11]            at ProGaudi.Tarantool.Client.LogicalConnection.Connect()
[xUnit.net 00:00:03.11]            at ProGaudi.Tarantool.Client.LogicalConnectionManager.Connect()
[xUnit.net 00:00:03.11]            at ProGaudi.Tarantool.Client.Box.Connect()
[xUnit.net 00:00:03.11]            at ProGaudi.Tarantool.Client.Box.Connect(String replicationSource)
[xUnit.net 00:00:03.11]         /mnt/c/Users/alena/Desktop/7_sem/testing_and_debugging/SkiResort/AccessToDB/TarantoolContext.cs(51,0): at AccessToDB.TarantoolContext.Initialize(String connection_string)
[xUnit.net 00:00:03.11]         /mnt/c/Users/alena/Desktop/7_sem/testing_and_debugging/SkiResort/AccessToDB/TarantoolContext.cs(32,0): at AccessToDB.TarantoolContext..ctor(String connection_string)
[xUnit.net 00:00:03.11]         /mnt/c/Users/alena/Desktop/7_sem/testing_and_debugging/SkiResort/IntegrationTests/TestActionsWithLifts.cs(37,0): at IntegrationTests.TestActionsWithLiftsLifts..ctor()
[xUnit.net 00:00:03.11]            at System.RuntimeType.CreateInstanceDefaultCtor(Boolean publicOnly, Boolean wrapExceptions)
[xUnit.net 00:00:03.12]       System.Net.Sockets.SocketException : Connection refused
[xUnit.net 00:00:03.12]       Stack Trace:
[xUnit.net 00:00:03.12]            at System.Net.Sockets.Socket.AwaitableSocketAsyncEventArgs.ThrowException(SocketError error, CancellationToken cancellationToken)
[xUnit.net 00:00:03.12]            at System.Net.Sockets.Socket.AwaitableSocketAsyncEventArgs.System.Threading.Tasks.Sources.IValueTaskSource.GetResult(Int16 token)
[xUnit.net 00:00:03.12]            at System.Threading.Tasks.ValueTask.ValueTaskSourceAsTask.&lt;&gt;c.&lt;.cctor&gt;b__4_0(Object state)
[xUnit.net 00:00:03.12]         --- End of stack trace from previous location ---
[xUnit.net 00:00:03.12]            at System.Threading.Tasks.TaskToApm.End(IAsyncResult asyncResult)
[xUnit.net 00:00:03.12]            at System.Net.Sockets.Socket.EndConnect(IAsyncResult asyncResult)
[xUnit.net 00:00:03.12]            at ProGaudi.Tarantool.Client.NetworkStreamPhysicalConnection.&lt;&gt;c.&lt;ConnectAsync&gt;b__8_1(IAsyncResult asyncResult)
[xUnit.net 00:00:03.12]            at System.Threading.Tasks.TaskFactory`1.FromAsyncCoreLogic(IAsyncResult iar, Func`2 endFunction, Action`1 endAction, Task`1 promise, Boolean requiresSynchronization)
[xUnit.net 00:00:03.12]         --- End of stack trace from previous location ---
[xUnit.net 00:00:03.12]            at ProGaudi.Tarantool.Client.NetworkStreamPhysicalConnection.Connect(ClientOptions options)
[xUnit.net 00:00:03.12]            at ProGaudi.Tarantool.Client.LogicalConnection.Connect()
[xUnit.net 00:00:03.12]            at ProGaudi.Tarantool.Client.LogicalConnectionManager.Connect()
[xUnit.net 00:00:03.12]            at ProGaudi.Tarantool.Client.Box.Connect()
[xUnit.net 00:00:03.12]            at ProGaudi.Tarantool.Client.Box.Connect(String replicationSource)
[xUnit.net 00:00:03.12]         /mnt/c/Users/alena/Desktop/7_sem/testing_and_debugging/SkiResort/AccessToDB/TarantoolContext.cs(51,0): at AccessToDB.TarantoolContext.Initialize(String connection_string)
[xUnit.net 00:00:03.12]         /mnt/c/Users/alena/Desktop/7_sem/testing_and_debugging/SkiResort/AccessToDB/TarantoolContext.cs(32,0): at AccessToDB.TarantoolContext..ctor(String connection_string)
[xUnit.net 00:00:03.12]         /mnt/c/Users/alena/Desktop/7_sem/testing_and_debugging/SkiResort/IntegrationTests/TestActionsWithLifts.cs(37,0): at IntegrationTests.TestActionsWithLiftsLifts..ctor()
[xUnit.net 00:00:03.12]            at System.RuntimeType.CreateInstanceDefaultCtor(Boolean publicOnly, Boolean wrapExceptions)
[xUnit.net 00:00:03.14]       System.Net.Sockets.SocketException : Connection refused
[xUnit.net 00:00:03.14]       Stack Trace:
[xUnit.net 00:00:03.14]            at System.Net.Sockets.Socket.AwaitableSocketAsyncEventArgs.ThrowException(SocketError error, CancellationToken cancellationToken)
[xUnit.net 00:00:03.14]            at System.Net.Sockets.Socket.AwaitableSocketAsyncEventArgs.System.Threading.Tasks.Sources.IValueTaskSource.GetResult(Int16 token)
[xUnit.net 00:00:03.14]            at System.Threading.Tasks.ValueTask.ValueTaskSourceAsTask.&lt;&gt;c.&lt;.cctor&gt;b__4_0(Object state)
[xUnit.net 00:00:03.14]         --- End of stack trace from previous location ---
[xUnit.net 00:00:03.14]            at System.Threading.Tasks.TaskToApm.End(IAsyncResult asyncResult)
[xUnit.net 00:00:03.14]            at System.Net.Sockets.Socket.EndConnect(IAsyncResult asyncResult)
[xUnit.net 00:00:03.14]            at ProGaudi.Tarantool.Client.NetworkStreamPhysicalConnection.&lt;&gt;c.&lt;ConnectAsync&gt;b__8_1(IAsyncResult asyncResult)
[xUnit.net 00:00:03.14]            at System.Threading.Tasks.TaskFactory`1.FromAsyncCoreLogic(IAsyncResult iar, Func`2 endFunction, Action`1 endAction, Task`1 promise, Boolean requiresSynchronization)
[xUnit.net 00:00:03.14]         --- End of stack trace from previous location ---
[xUnit.net 00:00:03.14]            at ProGaudi.Tarantool.Client.NetworkStreamPhysicalConnection.Connect(ClientOptions options)
[xUnit.net 00:00:03.14]            at ProGaudi.Tarantool.Client.LogicalConnection.Connect()
[xUnit.net 00:00:03.14]            at ProGaudi.Tarantool.Client.LogicalConnectionManager.Connect()
[xUnit.net 00:00:03.14]            at ProGaudi.Tarantool.Client.Box.Connect()
[xUnit.net 00:00:03.14]            at ProGaudi.Tarantool.Client.Box.Connect(String replicationSource)
[xUnit.net 00:00:03.14]         /mnt/c/Users/alena/Desktop/7_sem/testing_and_debugging/SkiResort/AccessToDB/TarantoolContext.cs(51,0): at AccessToDB.TarantoolContext.Initialize(String connection_string)
[xUnit.net 00:00:03.14]         /mnt/c/Users/alena/Desktop/7_sem/testing_and_debugging/SkiResort/AccessToDB/TarantoolContext.cs(32,0): at AccessToDB.TarantoolContext..ctor(String connection_string)
[xUnit.net 00:00:03.14]         /mnt/c/Users/alena/Desktop/7_sem/testing_and_debugging/SkiResort/IntegrationTests/TestActionsWithLifts.cs(37,0): at IntegrationTests.TestActionsWithLiftsLifts..ctor()
[xUnit.net 00:00:03.14]            at System.RuntimeType.CreateInstanceDefaultCtor(Boolean publicOnly, Boolean wrapExceptions)
[xUnit.net 00:00:03.15]       System.Net.Sockets.SocketException : Connection refused
[xUnit.net 00:00:03.15]       Stack Trace:
[xUnit.net 00:00:03.15]            at System.Net.Sockets.Socket.AwaitableSocketAsyncEventArgs.ThrowException(SocketError error, CancellationToken cancellationToken)
[xUnit.net 00:00:03.15]            at System.Net.Sockets.Socket.AwaitableSocketAsyncEventArgs.System.Threading.Tasks.Sources.IValueTaskSource.GetResult(Int16 token)
[xUnit.net 00:00:03.15]            at System.Threading.Tasks.ValueTask.ValueTaskSourceAsTask.&lt;&gt;c.&lt;.cctor&gt;b__4_0(Object state)
[xUnit.net 00:00:03.15]         --- End of stack trace from previous location ---
[xUnit.net 00:00:03.15]            at System.Threading.Tasks.TaskToApm.End(IAsyncResult asyncResult)
[xUnit.net 00:00:03.15]            at System.Net.Sockets.Socket.EndConnect(IAsyncResult asyncResult)
[xUnit.net 00:00:03.15]            at ProGaudi.Tarantool.Client.NetworkStreamPhysicalConnection.&lt;&gt;c.&lt;ConnectAsync&gt;b__8_1(IAsyncResult asyncResult)
[xUnit.net 00:00:03.15]            at System.Threading.Tasks.TaskFactory`1.FromAsyncCoreLogic(IAsyncResult iar, Func`2 endFunction, Action`1 endAction, Task`1 promise, Boolean requiresSynchronization)
[xUnit.net 00:00:03.15]         --- End of stack trace from previous location ---
[xUnit.net 00:00:03.15]            at ProGaudi.Tarantool.Client.NetworkStreamPhysicalConnection.Connect(ClientOptions options)
[xUnit.net 00:00:03.15]            at ProGaudi.Tarantool.Client.LogicalConnection.Connect()
[xUnit.net 00:00:03.15]            at ProGaudi.Tarantool.Client.LogicalConnectionManager.Connect()
[xUnit.net 00:00:03.15]            at ProGaudi.Tarantool.Client.Box.Connect()
[xUnit.net 00:00:03.15]            at ProGaudi.Tarantool.Client.Box.Connect(String replicationSource)
[xUnit.net 00:00:03.15]         /mnt/c/Users/alena/Desktop/7_sem/testing_and_debugging/SkiResort/AccessToDB/TarantoolContext.cs(51,0): at AccessToDB.TarantoolContext.Initialize(String connection_string)
[xUnit.net 00:00:03.15]         /mnt/c/Users/alena/Desktop/7_sem/testing_and_debugging/SkiResort/AccessToDB/TarantoolContext.cs(32,0): at AccessToDB.TarantoolContext..ctor(String connection_string)
[xUnit.net 00:00:03.15]         /mnt/c/Users/alena/Desktop/7_sem/testing_and_debugging/SkiResort/IntegrationTests/TestActionsWithLifts.cs(37,0): at IntegrationTests.TestActionsWithLiftsLifts..ctor()
[xUnit.net 00:00:03.15]            at System.RuntimeType.CreateInstanceDefaultCtor(Boolean publicOnly, Boolean wrapExceptions)
[xUnit.net 00:00:03.17]       System.Net.Sockets.SocketException : Connection refused
[xUnit.net 00:00:03.17]       Stack Trace:
[xUnit.net 00:00:03.17]            at System.Net.Sockets.Socket.AwaitableSocketAsyncEventArgs.ThrowException(SocketError error, CancellationToken cancellationToken)
[xUnit.net 00:00:03.17]            at System.Net.Sockets.Socket.AwaitableSocketAsyncEventArgs.System.Threading.Tasks.Sources.IValueTaskSource.GetResult(Int16 token)
[xUnit.net 00:00:03.17]            at System.Threading.Tasks.ValueTask.ValueTaskSourceAsTask.&lt;&gt;c.&lt;.cctor&gt;b__4_0(Object state)
[xUnit.net 00:00:03.17]         --- End of stack trace from previous location ---
[xUnit.net 00:00:03.17]            at System.Threading.Tasks.TaskToApm.End(IAsyncResult asyncResult)
[xUnit.net 00:00:03.17]            at System.Net.Sockets.Socket.EndConnect(IAsyncResult asyncResult)
[xUnit.net 00:00:03.17]            at ProGaudi.Tarantool.Client.NetworkStreamPhysicalConnection.&lt;&gt;c.&lt;ConnectAsync&gt;b__8_1(IAsyncResult asyncResult)
[xUnit.net 00:00:03.17]            at System.Threading.Tasks.TaskFactory`1.FromAsyncCoreLogic(IAsyncResult iar, Func`2 endFunction, Action`1 endAction, Task`1 promise, Boolean requiresSynchronization)
[xUnit.net 00:00:03.17]         --- End of stack trace from previous location ---
[xUnit.net 00:00:03.17]            at ProGaudi.Tarantool.Client.NetworkStreamPhysicalConnection.Connect(ClientOptions options)
[xUnit.net 00:00:03.17]            at ProGaudi.Tarantool.Client.LogicalConnection.Connect()
[xUnit.net 00:00:03.17]            at ProGaudi.Tarantool.Client.LogicalConnectionManager.Connect()
[xUnit.net 00:00:03.17]            at ProGaudi.Tarantool.Client.Box.Connect()
[xUnit.net 00:00:03.17]            at ProGaudi.Tarantool.Client.Box.Connect(String replicationSource)
[xUnit.net 00:00:03.17]         /mnt/c/Users/alena/Desktop/7_sem/testing_and_debugging/SkiResort/AccessToDB/TarantoolContext.cs(51,0): at AccessToDB.TarantoolContext.Initialize(String connection_string)
[xUnit.net 00:00:03.17]         /mnt/c/Users/alena/Desktop/7_sem/testing_and_debugging/SkiResort/AccessToDB/TarantoolContext.cs(32,0): at AccessToDB.TarantoolContext..ctor(String connection_string)
[xUnit.net 00:00:03.17]         /mnt/c/Users/alena/Desktop/7_sem/testing_and_debugging/SkiResort/IntegrationTests/TestActionsWithUsers.cs(30,0): at IntegrationTests.TestActionsWithUsers..ctor()
[xUnit.net 00:00:03.17]            at System.RuntimeType.CreateInstanceDefaultCtor(Boolean publicOnly, Boolean wrapExceptions)
[xUnit.net 00:00:03.18]       System.Net.Sockets.SocketException : Connection refused
[xUnit.net 00:00:03.18]       Stack Trace:
[xUnit.net 00:00:03.18]            at System.Net.Sockets.Socket.AwaitableSocketAsyncEventArgs.ThrowException(SocketError error, CancellationToken cancellationToken)
[xUnit.net 00:00:03.18]            at System.Net.Sockets.Socket.AwaitableSocketAsyncEventArgs.System.Threading.Tasks.Sources.IValueTaskSource.GetResult(Int16 token)
[xUnit.net 00:00:03.18]            at System.Threading.Tasks.ValueTask.ValueTaskSourceAsTask.&lt;&gt;c.&lt;.cctor&gt;b__4_0(Object state)
[xUnit.net 00:00:03.18]         --- End of stack trace from previous location ---
[xUnit.net 00:00:03.18]            at System.Threading.Tasks.TaskToApm.End(IAsyncResult asyncResult)
[xUnit.net 00:00:03.18]            at System.Net.Sockets.Socket.EndConnect(IAsyncResult asyncResult)
[xUnit.net 00:00:03.18]            at ProGaudi.Tarantool.Client.NetworkStreamPhysicalConnection.&lt;&gt;c.&lt;ConnectAsync&gt;b__8_1(IAsyncResult asyncResult)
[xUnit.net 00:00:03.18]            at System.Threading.Tasks.TaskFactory`1.FromAsyncCoreLogic(IAsyncResult iar, Func`2 endFunction, Action`1 endAction, Task`1 promise, Boolean requiresSynchronization)
[xUnit.net 00:00:03.18]         --- End of stack trace from previous location ---
[xUnit.net 00:00:03.18]            at ProGaudi.Tarantool.Client.NetworkStreamPhysicalConnection.Connect(ClientOptions options)
[xUnit.net 00:00:03.18]            at ProGaudi.Tarantool.Client.LogicalConnection.Connect()
[xUnit.net 00:00:03.18]            at ProGaudi.Tarantool.Client.LogicalConnectionManager.Connect()
[xUnit.net 00:00:03.18]            at ProGaudi.Tarantool.Client.Box.Connect()
[xUnit.net 00:00:03.18]            at ProGaudi.Tarantool.Client.Box.Connect(String replicationSource)
[xUnit.net 00:00:03.18]         /mnt/c/Users/alena/Desktop/7_sem/testing_and_debugging/SkiResort/AccessToDB/TarantoolContext.cs(51,0): at AccessToDB.TarantoolContext.Initialize(String connection_string)
[xUnit.net 00:00:03.18]         /mnt/c/Users/alena/Desktop/7_sem/testing_and_debugging/SkiResort/AccessToDB/TarantoolContext.cs(32,0): at AccessToDB.TarantoolContext..ctor(String connection_string)
[xUnit.net 00:00:03.18]         /mnt/c/Users/alena/Desktop/7_sem/testing_and_debugging/SkiResort/IntegrationTests/TestActionsWithUsers.cs(30,0): at IntegrationTests.TestActionsWithUsers..ctor()
[xUnit.net 00:00:03.18]            at System.RuntimeType.CreateInstanceDefaultCtor(Boolean publicOnly, Boolean wrapExceptions)
[xUnit.net 00:00:03.20]       System.Net.Sockets.SocketException : Connection refused
[xUnit.net 00:00:03.20]       Stack Trace:
[xUnit.net 00:00:03.20]            at System.Net.Sockets.Socket.AwaitableSocketAsyncEventArgs.ThrowException(SocketError error, CancellationToken cancellationToken)
[xUnit.net 00:00:03.20]            at System.Net.Sockets.Socket.AwaitableSocketAsyncEventArgs.System.Threading.Tasks.Sources.IValueTaskSource.GetResult(Int16 token)
[xUnit.net 00:00:03.20]            at System.Threading.Tasks.ValueTask.ValueTaskSourceAsTask.&lt;&gt;c.&lt;.cctor&gt;b__4_0(Object state)
[xUnit.net 00:00:03.20]         --- End of stack trace from previous location ---
[xUnit.net 00:00:03.20]            at System.Threading.Tasks.TaskToApm.End(IAsyncResult asyncResult)
[xUnit.net 00:00:03.20]            at System.Net.Sockets.Socket.EndConnect(IAsyncResult asyncResult)
[xUnit.net 00:00:03.20]            at ProGaudi.Tarantool.Client.NetworkStreamPhysicalConnection.&lt;&gt;c.&lt;ConnectAsync&gt;b__8_1(IAsyncResult asyncResult)
[xUnit.net 00:00:03.20]            at System.Threading.Tasks.TaskFactory`1.FromAsyncCoreLogic(IAsyncResult iar, Func`2 endFunction, Action`1 endAction, Task`1 promise, Boolean requiresSynchronization)
[xUnit.net 00:00:03.20]         --- End of stack trace from previous location ---
[xUnit.net 00:00:03.20]            at ProGaudi.Tarantool.Client.NetworkStreamPhysicalConnection.Connect(ClientOptions options)
[xUnit.net 00:00:03.20]            at ProGaudi.Tarantool.Client.LogicalConnection.Connect()
[xUnit.net 00:00:03.20]            at ProGaudi.Tarantool.Client.LogicalConnectionManager.Connect()
[xUnit.net 00:00:03.20]            at ProGaudi.Tarantool.Client.Box.Connect()
[xUnit.net 00:00:03.20]            at ProGaudi.Tarantool.Client.Box.Connect(String replicationSource)
[xUnit.net 00:00:03.20]         /mnt/c/Users/alena/Desktop/7_sem/testing_and_debugging/SkiResort/AccessToDB/TarantoolContext.cs(51,0): at AccessToDB.TarantoolContext.Initialize(String connection_string)
[xUnit.net 00:00:03.20]         /mnt/c/Users/alena/Desktop/7_sem/testing_and_debugging/SkiResort/AccessToDB/TarantoolContext.cs(32,0): at AccessToDB.TarantoolContext..ctor(String connection_string)
[xUnit.net 00:00:03.20]         /mnt/c/Users/alena/Desktop/7_sem/testing_and_debugging/SkiResort/IntegrationTests/TestActionsWithUsers.cs(30,0): at IntegrationTests.TestActionsWithUsers..ctor()
[xUnit.net 00:00:03.20]            at System.RuntimeType.CreateInstanceDefaultCtor(Boolean publicOnly, Boolean wrapExceptions)
[xUnit.net 00:00:03.22]       System.Net.Sockets.SocketException : Connection refused
[xUnit.net 00:00:03.22]       Stack Trace:
[xUnit.net 00:00:03.22]            at System.Net.Sockets.Socket.AwaitableSocketAsyncEventArgs.ThrowException(SocketError error, CancellationToken cancellationToken)
[xUnit.net 00:00:03.22]            at System.Net.Sockets.Socket.AwaitableSocketAsyncEventArgs.System.Threading.Tasks.Sources.IValueTaskSource.GetResult(Int16 token)
[xUnit.net 00:00:03.22]            at System.Threading.Tasks.ValueTask.ValueTaskSourceAsTask.&lt;&gt;c.&lt;.cctor&gt;b__4_0(Object state)
[xUnit.net 00:00:03.22]         --- End of stack trace from previous location ---
[xUnit.net 00:00:03.22]            at System.Threading.Tasks.TaskToApm.End(IAsyncResult asyncResult)
[xUnit.net 00:00:03.22]            at System.Net.Sockets.Socket.EndConnect(IAsyncResult asyncResult)
[xUnit.net 00:00:03.22]            at ProGaudi.Tarantool.Client.NetworkStreamPhysicalConnection.&lt;&gt;c.&lt;ConnectAsync&gt;b__8_1(IAsyncResult asyncResult)
[xUnit.net 00:00:03.22]            at System.Threading.Tasks.TaskFactory`1.FromAsyncCoreLogic(IAsyncResult iar, Func`2 endFunction, Action`1 endAction, Task`1 promise, Boolean requiresSynchronization)
[xUnit.net 00:00:03.22]         --- End of stack trace from previous location ---
[xUnit.net 00:00:03.22]            at ProGaudi.Tarantool.Client.NetworkStreamPhysicalConnection.Connect(ClientOptions options)
[xUnit.net 00:00:03.22]            at ProGaudi.Tarantool.Client.LogicalConnection.Connect()
[xUnit.net 00:00:03.22]            at ProGaudi.Tarantool.Client.LogicalConnectionManager.Connect()
[xUnit.net 00:00:03.22]            at ProGaudi.Tarantool.Client.Box.Connect()
[xUnit.net 00:00:03.22]            at ProGaudi.Tarantool.Client.Box.Connect(String replicationSource)
[xUnit.net 00:00:03.22]         /mnt/c/Users/alena/Desktop/7_sem/testing_and_debugging/SkiResort/AccessToDB/TarantoolContext.cs(51,0): at AccessToDB.TarantoolContext.Initialize(String connection_string)
[xUnit.net 00:00:03.22]         /mnt/c/Users/alena/Desktop/7_sem/testing_and_debugging/SkiResort/AccessToDB/TarantoolContext.cs(32,0): at AccessToDB.TarantoolContext..ctor(String connection_string)
[xUnit.net 00:00:03.22]         /mnt/c/Users/alena/Desktop/7_sem/testing_and_debugging/SkiResort/IntegrationTests/TestActionsWithUsers.cs(30,0): at IntegrationTests.TestActionsWithUsers..ctor()
[xUnit.net 00:00:03.22]            at System.RuntimeType.CreateInstanceDefaultCtor(Boolean publicOnly, Boolean wrapExceptions)
[xUnit.net 00:00:03.24]       System.Net.Sockets.SocketException : Connection refused
[xUnit.net 00:00:03.24]       Stack Trace:
[xUnit.net 00:00:03.24]            at System.Net.Sockets.Socket.AwaitableSocketAsyncEventArgs.ThrowException(SocketError error, CancellationToken cancellationToken)
[xUnit.net 00:00:03.24]            at System.Net.Sockets.Socket.AwaitableSocketAsyncEventArgs.System.Threading.Tasks.Sources.IValueTaskSource.GetResult(Int16 token)
[xUnit.net 00:00:03.24]            at System.Threading.Tasks.ValueTask.ValueTaskSourceAsTask.&lt;&gt;c.&lt;.cctor&gt;b__4_0(Object state)
[xUnit.net 00:00:03.24]         --- End of stack trace from previous location ---
[xUnit.net 00:00:03.24]            at System.Threading.Tasks.TaskToApm.End(IAsyncResult asyncResult)
[xUnit.net 00:00:03.24]            at System.Net.Sockets.Socket.EndConnect(IAsyncResult asyncResult)
[xUnit.net 00:00:03.24]            at ProGaudi.Tarantool.Client.NetworkStreamPhysicalConnection.&lt;&gt;c.&lt;ConnectAsync&gt;b__8_1(IAsyncResult asyncResult)
[xUnit.net 00:00:03.24]            at System.Threading.Tasks.TaskFactory`1.FromAsyncCoreLogic(IAsyncResult iar, Func`2 endFunction, Action`1 endAction, Task`1 promise, Boolean requiresSynchronization)
[xUnit.net 00:00:03.24]         --- End of stack trace from previous location ---
[xUnit.net 00:00:03.24]            at ProGaudi.Tarantool.Client.NetworkStreamPhysicalConnection.Connect(ClientOptions options)
[xUnit.net 00:00:03.24]            at ProGaudi.Tarantool.Client.LogicalConnection.Connect()
[xUnit.net 00:00:03.24]            at ProGaudi.Tarantool.Client.LogicalConnectionManager.Connect()
[xUnit.net 00:00:03.24]            at ProGaudi.Tarantool.Client.Box.Connect()
[xUnit.net 00:00:03.24]            at ProGaudi.Tarantool.Client.Box.Connect(String replicationSource)
[xUnit.net 00:00:03.24]         /mnt/c/Users/alena/Desktop/7_sem/testing_and_debugging/SkiResort/AccessToDB/TarantoolContext.cs(51,0): at AccessToDB.TarantoolContext.Initialize(String connection_string)
[xUnit.net 00:00:03.24]         /mnt/c/Users/alena/Desktop/7_sem/testing_and_debugging/SkiResort/AccessToDB/TarantoolContext.cs(32,0): at AccessToDB.TarantoolContext..ctor(String connection_string)
[xUnit.net 00:00:03.24]         /mnt/c/Users/alena/Desktop/7_sem/testing_and_debugging/SkiResort/IntegrationTests/TestActionsWithUsers.cs(30,0): at IntegrationTests.TestActionsWithUsers..ctor()
[xUnit.net 00:00:03.24]            at System.RuntimeType.CreateInstanceDefaultCtor(Boolean publicOnly, Boolean wrapExceptions)
[xUnit.net 00:00:03.24]       System.Net.Sockets.SocketException : Connection refused
[xUnit.net 00:00:03.24]       Stack Trace:
[xUnit.net 00:00:03.24]            at System.Net.Sockets.Socket.AwaitableSocketAsyncEventArgs.ThrowException(SocketError error, CancellationToken cancellationToken)
[xUnit.net 00:00:03.24]            at System.Net.Sockets.Socket.AwaitableSocketAsyncEventArgs.System.Threading.Tasks.Sources.IValueTaskSource.GetResult(Int16 token)
[xUnit.net 00:00:03.24]            at System.Threading.Tasks.ValueTask.ValueTaskSourceAsTask.&lt;&gt;c.&lt;.cctor&gt;b__4_0(Object state)
[xUnit.net 00:00:03.24]         --- End of stack trace from previous location ---
[xUnit.net 00:00:03.25]            at System.Threading.Tasks.TaskToApm.End(IAsyncResult asyncResult)
[xUnit.net 00:00:03.25]            at System.Net.Sockets.Socket.EndConnect(IAsyncResult asyncResult)
[xUnit.net 00:00:03.25]            at ProGaudi.Tarantool.Client.NetworkStreamPhysicalConnection.&lt;&gt;c.&lt;ConnectAsync&gt;b__8_1(IAsyncResult asyncResult)
[xUnit.net 00:00:03.25]            at System.Threading.Tasks.TaskFactory`1.FromAsyncCoreLogic(IAsyncResult iar, Func`2 endFunction, Action`1 endAction, Task`1 promise, Boolean requiresSynchronization)
[xUnit.net 00:00:03.25]         --- End of stack trace from previous location ---
[xUnit.net 00:00:03.25]            at ProGaudi.Tarantool.Client.NetworkStreamPhysicalConnection.Connect(ClientOptions options)
[xUnit.net 00:00:03.25]            at ProGaudi.Tarantool.Client.LogicalConnection.Connect()
[xUnit.net 00:00:03.25]            at ProGaudi.Tarantool.Client.LogicalConnectionManager.Connect()
[xUnit.net 00:00:03.25]            at ProGaudi.Tarantool.Client.Box.Connect()
[xUnit.net 00:00:03.25]            at ProGaudi.Tarantool.Client.Box.Connect(String replicationSource)
[xUnit.net 00:00:03.25]         /mnt/c/Users/alena/Desktop/7_sem/testing_and_debugging/SkiResort/AccessToDB/TarantoolContext.cs(51,0): at AccessToDB.TarantoolContext.Initialize(String connection_string)
[xUnit.net 00:00:03.25]         /mnt/c/Users/alena/Desktop/7_sem/testing_and_debugging/SkiResort/AccessToDB/TarantoolContext.cs(32,0): at AccessToDB.TarantoolContext..ctor(String connection_string)
[xUnit.net 00:00:03.25]         /mnt/c/Users/alena/Desktop/7_sem/testing_and_debugging/SkiResort/IntegrationTests/TestActionsWithUsers.cs(30,0): at IntegrationTests.TestActionsWithUsers..ctor()
[xUnit.net 00:00:03.25]            at System.RuntimeType.CreateInstanceDefaultCtor(Boolean publicOnly, Boolean wrapExceptions)
[xUnit.net 00:00:03.26]       System.Net.Sockets.SocketException : Connection refused
[xUnit.net 00:00:03.26]       Stack Trace:
[xUnit.net 00:00:03.26]            at System.Net.Sockets.Socket.AwaitableSocketAsyncEventArgs.ThrowException(SocketError error, CancellationToken cancellationToken)
[xUnit.net 00:00:03.26]            at System.Net.Sockets.Socket.AwaitableSocketAsyncEventArgs.System.Threading.Tasks.Sources.IValueTaskSource.GetResult(Int16 token)
[xUnit.net 00:00:03.26]            at System.Threading.Tasks.ValueTask.ValueTaskSourceAsTask.&lt;&gt;c.&lt;.cctor&gt;b__4_0(Object state)
[xUnit.net 00:00:03.26]         --- End of stack trace from previous location ---
[xUnit.net 00:00:03.26]            at System.Threading.Tasks.TaskToApm.End(IAsyncResult asyncResult)
[xUnit.net 00:00:03.26]            at System.Net.Sockets.Socket.EndConnect(IAsyncResult asyncResult)
[xUnit.net 00:00:03.26]            at ProGaudi.Tarantool.Client.NetworkStreamPhysicalConnection.&lt;&gt;c.&lt;ConnectAsync&gt;b__8_1(IAsyncResult asyncResult)
[xUnit.net 00:00:03.26]            at System.Threading.Tasks.TaskFactory`1.FromAsyncCoreLogic(IAsyncResult iar, Func`2 endFunction, Action`1 endAction, Task`1 promise, Boolean requiresSynchronization)
[xUnit.net 00:00:03.26]         --- End of stack trace from previous location ---
[xUnit.net 00:00:03.26]            at ProGaudi.Tarantool.Client.NetworkStreamPhysicalConnection.Connect(ClientOptions options)
[xUnit.net 00:00:03.26]            at ProGaudi.Tarantool.Client.LogicalConnection.Connect()
[xUnit.net 00:00:03.26]            at ProGaudi.Tarantool.Client.LogicalConnectionManager.Connect()
[xUnit.net 00:00:03.26]            at ProGaudi.Tarantool.Client.Box.Connect()
[xUnit.net 00:00:03.26]            at ProGaudi.Tarantool.Client.Box.Connect(String replicationSource)
[xUnit.net 00:00:03.26]         /mnt/c/Users/alena/Desktop/7_sem/testing_and_debugging/SkiResort/AccessToDB/TarantoolContext.cs(51,0): at AccessToDB.TarantoolContext.Initialize(String connection_string)
[xUnit.net 00:00:03.26]         /mnt/c/Users/alena/Desktop/7_sem/testing_and_debugging/SkiResort/AccessToDB/TarantoolContext.cs(32,0): at AccessToDB.TarantoolContext..ctor(String connection_string)
[xUnit.net 00:00:03.26]         /mnt/c/Users/alena/Desktop/7_sem/testing_and_debugging/SkiResort/IntegrationTests/TestActionsWithUsers.cs(30,0): at IntegrationTests.TestActionsWithUsers..ctor()
[xUnit.net 00:00:03.26]            at System.RuntimeType.CreateInstanceDefaultCtor(Boolean publicOnly, Boolean wrapExceptions)
[xUnit.net 00:00:03.28]       System.Net.Sockets.SocketException : Connection refused
[xUnit.net 00:00:03.28]       Stack Trace:
[xUnit.net 00:00:03.28]            at System.Net.Sockets.Socket.AwaitableSocketAsyncEventArgs.ThrowException(SocketError error, CancellationToken cancellationToken)
[xUnit.net 00:00:03.28]            at System.Net.Sockets.Socket.AwaitableSocketAsyncEventArgs.System.Threading.Tasks.Sources.IValueTaskSource.GetResult(Int16 token)
[xUnit.net 00:00:03.28]            at System.Threading.Tasks.ValueTask.ValueTaskSourceAsTask.&lt;&gt;c.&lt;.cctor&gt;b__4_0(Object state)
[xUnit.net 00:00:03.28]         --- End of stack trace from previous location ---
[xUnit.net 00:00:03.28]            at System.Threading.Tasks.TaskToApm.End(IAsyncResult asyncResult)
[xUnit.net 00:00:03.29]            at System.Net.Sockets.Socket.EndConnect(IAsyncResult asyncResult)
[xUnit.net 00:00:03.29]            at ProGaudi.Tarantool.Client.NetworkStreamPhysicalConnection.&lt;&gt;c.&lt;ConnectAsync&gt;b__8_1(IAsyncResult asyncResult)
[xUnit.net 00:00:03.29]            at System.Threading.Tasks.TaskFactory`1.FromAsyncCoreLogic(IAsyncResult iar, Func`2 endFunction, Action`1 endAction, Task`1 promise, Boolean requiresSynchronization)
[xUnit.net 00:00:03.29]         --- End of stack trace from previous location ---
[xUnit.net 00:00:03.29]            at ProGaudi.Tarantool.Client.NetworkStreamPhysicalConnection.Connect(ClientOptions options)
[xUnit.net 00:00:03.29]            at ProGaudi.Tarantool.Client.LogicalConnection.Connect()
[xUnit.net 00:00:03.29]            at ProGaudi.Tarantool.Client.LogicalConnectionManager.Connect()
[xUnit.net 00:00:03.29]            at ProGaudi.Tarantool.Client.Box.Connect()
[xUnit.net 00:00:03.29]            at ProGaudi.Tarantool.Client.Box.Connect(String replicationSource)
[xUnit.net 00:00:03.29]         /mnt/c/Users/alena/Desktop/7_sem/testing_and_debugging/SkiResort/AccessToDB/TarantoolContext.cs(51,0): at AccessToDB.TarantoolContext.Initialize(String connection_string)
[xUnit.net 00:00:03.29]         /mnt/c/Users/alena/Desktop/7_sem/testing_and_debugging/SkiResort/AccessToDB/TarantoolContext.cs(32,0): at AccessToDB.TarantoolContext..ctor(String connection_string)
[xUnit.net 00:00:03.29]         /mnt/c/Users/alena/Desktop/7_sem/testing_and_debugging/SkiResort/IntegrationTests/TestActionsWithUsers.cs(30,0): at IntegrationTests.TestActionsWithUsers..ctor()
[xUnit.net 00:00:03.29]            at System.RuntimeType.CreateInstanceDefaultCtor(Boolean publicOnly, Boolean wrapExceptions)
[xUnit.net 00:00:03.30]       System.Net.Sockets.SocketException : Connection refused
[xUnit.net 00:00:03.30]       Stack Trace:
[xUnit.net 00:00:03.30]            at System.Net.Sockets.Socket.AwaitableSocketAsyncEventArgs.ThrowException(SocketError error, CancellationToken cancellationToken)
[xUnit.net 00:00:03.30]            at System.Net.Sockets.Socket.AwaitableSocketAsyncEventArgs.System.Threading.Tasks.Sources.IValueTaskSource.GetResult(Int16 token)
[xUnit.net 00:00:03.30]            at System.Threading.Tasks.ValueTask.ValueTaskSourceAsTask.&lt;&gt;c.&lt;.cctor&gt;b__4_0(Object state)
[xUnit.net 00:00:03.30]         --- End of stack trace from previous location ---
[xUnit.net 00:00:03.30]            at System.Threading.Tasks.TaskToApm.End(IAsyncResult asyncResult)
[xUnit.net 00:00:03.30]            at System.Net.Sockets.Socket.EndConnect(IAsyncResult asyncResult)
[xUnit.net 00:00:03.30]            at ProGaudi.Tarantool.Client.NetworkStreamPhysicalConnection.&lt;&gt;c.&lt;ConnectAsync&gt;b__8_1(IAsyncResult asyncResult)
[xUnit.net 00:00:03.30]            at System.Threading.Tasks.TaskFactory`1.FromAsyncCoreLogic(IAsyncResult iar, Func`2 endFunction, Action`1 endAction, Task`1 promise, Boolean requiresSynchronization)
[xUnit.net 00:00:03.30]         --- End of stack trace from previous location ---
[xUnit.net 00:00:03.30]            at ProGaudi.Tarantool.Client.NetworkStreamPhysicalConnection.Connect(ClientOptions options)
[xUnit.net 00:00:03.30]            at ProGaudi.Tarantool.Client.LogicalConnection.Connect()
[xUnit.net 00:00:03.30]            at ProGaudi.Tarantool.Client.LogicalConnectionManager.Connect()
[xUnit.net 00:00:03.30]            at ProGaudi.Tarantool.Client.Box.Connect()
[xUnit.net 00:00:03.30]            at ProGaudi.Tarantool.Client.Box.Connect(String replicationSource)
[xUnit.net 00:00:03.30]         /mnt/c/Users/alena/Desktop/7_sem/testing_and_debugging/SkiResort/AccessToDB/TarantoolContext.cs(51,0): at AccessToDB.TarantoolContext.Initialize(String connection_string)
[xUnit.net 00:00:03.30]         /mnt/c/Users/alena/Desktop/7_sem/testing_and_debugging/SkiResort/AccessToDB/TarantoolContext.cs(32,0): at AccessToDB.TarantoolContext..ctor(String connection_string)
[xUnit.net 00:00:03.30]         /mnt/c/Users/alena/Desktop/7_sem/testing_and_debugging/SkiResort/IntegrationTests/TestActionsWithUsers.cs(30,0): at IntegrationTests.TestActionsWithUsers..ctor()
[xUnit.net 00:00:03.30]            at System.RuntimeType.CreateInstanceDefaultCtor(Boolean publicOnly, Boolean wrapExceptions)
[xUnit.net 00:00:03.32]       System.Net.Sockets.SocketException : Connection refused
[xUnit.net 00:00:03.32]       Stack Trace:
[xUnit.net 00:00:03.32]            at System.Net.Sockets.Socket.AwaitableSocketAsyncEventArgs.ThrowException(SocketError error, CancellationToken cancellationToken)
[xUnit.net 00:00:03.32]            at System.Net.Sockets.Socket.AwaitableSocketAsyncEventArgs.System.Threading.Tasks.Sources.IValueTaskSource.GetResult(Int16 token)
[xUnit.net 00:00:03.32]            at System.Threading.Tasks.ValueTask.ValueTaskSourceAsTask.&lt;&gt;c.&lt;.cctor&gt;b__4_0(Object state)
[xUnit.net 00:00:03.32]         --- End of stack trace from previous location ---
[xUnit.net 00:00:03.32]            at System.Threading.Tasks.TaskToApm.End(IAsyncResult asyncResult)
[xUnit.net 00:00:03.32]            at System.Net.Sockets.Socket.EndConnect(IAsyncResult asyncResult)
[xUnit.net 00:00:03.32]            at ProGaudi.Tarantool.Client.NetworkStreamPhysicalConnection.&lt;&gt;c.&lt;ConnectAsync&gt;b__8_1(IAsyncResult asyncResult)
[xUnit.net 00:00:03.32]            at System.Threading.Tasks.TaskFactory`1.FromAsyncCoreLogic(IAsyncResult iar, Func`2 endFunction, Action`1 endAction, Task`1 promise, Boolean requiresSynchronization)
[xUnit.net 00:00:03.32]         --- End of stack trace from previous location ---
[xUnit.net 00:00:03.32]            at ProGaudi.Tarantool.Client.NetworkStreamPhysicalConnection.Connect(ClientOptions options)
[xUnit.net 00:00:03.32]            at ProGaudi.Tarantool.Client.LogicalConnection.Connect()
[xUnit.net 00:00:03.32]            at ProGaudi.Tarantool.Client.LogicalConnectionManager.Connect()
[xUnit.net 00:00:03.32]            at ProGaudi.Tarantool.Client.Box.Connect()
[xUnit.net 00:00:03.32]            at ProGaudi.Tarantool.Client.Box.Connect(String replicationSource)
[xUnit.net 00:00:03.32]         /mnt/c/Users/alena/Desktop/7_sem/testing_and_debugging/SkiResort/AccessToDB/TarantoolContext.cs(51,0): at AccessToDB.TarantoolContext.Initialize(String connection_string)
[xUnit.net 00:00:03.32]         /mnt/c/Users/alena/Desktop/7_sem/testing_and_debugging/SkiResort/AccessToDB/TarantoolContext.cs(32,0): at AccessToDB.TarantoolContext..ctor(String connection_string)
[xUnit.net 00:00:03.32]         /mnt/c/Users/alena/Desktop/7_sem/testing_and_debugging/SkiResort/IntegrationTests/TestActionsWithUsers.cs(30,0): at IntegrationTests.TestActionsWithUsers..ctor()
[xUnit.net 00:00:03.32]            at System.RuntimeType.CreateInstanceDefaultCtor(Boolean publicOnly, Boolean wrapExceptions)
[xUnit.net 00:00:03.34]       System.Net.Sockets.SocketException : Connection refused
[xUnit.net 00:00:03.34]       Stack Trace:
[xUnit.net 00:00:03.34]            at System.Net.Sockets.Socket.AwaitableSocketAsyncEventArgs.ThrowException(SocketError error, CancellationToken cancellationToken)
[xUnit.net 00:00:03.34]            at System.Net.Sockets.Socket.AwaitableSocketAsyncEventArgs.System.Threading.Tasks.Sources.IValueTaskSource.GetResult(Int16 token)
[xUnit.net 00:00:03.34]            at System.Threading.Tasks.ValueTask.ValueTaskSourceAsTask.&lt;&gt;c.&lt;.cctor&gt;b__4_0(Object state)
[xUnit.net 00:00:03.34]         --- End of stack trace from previous location ---
[xUnit.net 00:00:03.34]            at System.Threading.Tasks.TaskToApm.End(IAsyncResult asyncResult)
[xUnit.net 00:00:03.34]            at System.Net.Sockets.Socket.EndConnect(IAsyncResult asyncResult)
[xUnit.net 00:00:03.34]            at ProGaudi.Tarantool.Client.NetworkStreamPhysicalConnection.&lt;&gt;c.&lt;ConnectAsync&gt;b__8_1(IAsyncResult asyncResult)
[xUnit.net 00:00:03.34]            at System.Threading.Tasks.TaskFactory`1.FromAsyncCoreLogic(IAsyncResult iar, Func`2 endFunction, Action`1 endAction, Task`1 promise, Boolean requiresSynchronization)
[xUnit.net 00:00:03.34]         --- End of stack trace from previous location ---
[xUnit.net 00:00:03.34]            at ProGaudi.Tarantool.Client.NetworkStreamPhysicalConnection.Connect(ClientOptions options)
[xUnit.net 00:00:03.34]            at ProGaudi.Tarantool.Client.LogicalConnection.Connect()
[xUnit.net 00:00:03.34]            at ProGaudi.Tarantool.Client.LogicalConnectionManager.Connect()
[xUnit.net 00:00:03.34]            at ProGaudi.Tarantool.Client.Box.Connect()
[xUnit.net 00:00:03.34]            at ProGaudi.Tarantool.Client.Box.Connect(String replicationSource)
[xUnit.net 00:00:03.34]         /mnt/c/Users/alena/Desktop/7_sem/testing_and_debugging/SkiResort/AccessToDB/TarantoolContext.cs(51,0): at AccessToDB.TarantoolContext.Initialize(String connection_string)
[xUnit.net 00:00:03.34]         /mnt/c/Users/alena/Desktop/7_sem/testing_and_debugging/SkiResort/AccessToDB/TarantoolContext.cs(32,0): at AccessToDB.TarantoolContext..ctor(String connection_string)
[xUnit.net 00:00:03.34]         /mnt/c/Users/alena/Desktop/7_sem/testing_and_debugging/SkiResort/IntegrationTests/TestActionsWithUsers.cs(30,0): at IntegrationTests.TestActionsWithUsers..ctor()
[xUnit.net 00:00:03.34]            at System.RuntimeType.CreateInstanceDefaultCtor(Boolean publicOnly, Boolean wrapExceptions)
[xUnit.net 00:00:03.36]       System.Net.Sockets.SocketException : Connection refused
[xUnit.net 00:00:03.36]       Stack Trace:
[xUnit.net 00:00:03.36]            at System.Net.Sockets.Socket.AwaitableSocketAsyncEventArgs.ThrowException(SocketError error, CancellationToken cancellationToken)
[xUnit.net 00:00:03.36]            at System.Net.Sockets.Socket.AwaitableSocketAsyncEventArgs.System.Threading.Tasks.Sources.IValueTaskSource.GetResult(Int16 token)
[xUnit.net 00:00:03.36]            at System.Threading.Tasks.ValueTask.ValueTaskSourceAsTask.&lt;&gt;c.&lt;.cctor&gt;b__4_0(Object state)
[xUnit.net 00:00:03.36]         --- End of stack trace from previous location ---
[xUnit.net 00:00:03.36]            at System.Threading.Tasks.TaskToApm.End(IAsyncResult asyncResult)
[xUnit.net 00:00:03.36]            at System.Net.Sockets.Socket.EndConnect(IAsyncResult asyncResult)
[xUnit.net 00:00:03.36]            at ProGaudi.Tarantool.Client.NetworkStreamPhysicalConnection.&lt;&gt;c.&lt;ConnectAsync&gt;b__8_1(IAsyncResult asyncResult)
[xUnit.net 00:00:03.36]            at System.Threading.Tasks.TaskFactory`1.FromAsyncCoreLogic(IAsyncResult iar, Func`2 endFunction, Action`1 endAction, Task`1 promise, Boolean requiresSynchronization)
[xUnit.net 00:00:03.36]         --- End of stack trace from previous location ---
[xUnit.net 00:00:03.36]            at ProGaudi.Tarantool.Client.NetworkStreamPhysicalConnection.Connect(ClientOptions options)
[xUnit.net 00:00:03.36]            at ProGaudi.Tarantool.Client.LogicalConnection.Connect()
[xUnit.net 00:00:03.36]            at ProGaudi.Tarantool.Client.LogicalConnectionManager.Connect()
[xUnit.net 00:00:03.36]            at ProGaudi.Tarantool.Client.Box.Connect()
[xUnit.net 00:00:03.36]            at ProGaudi.Tarantool.Client.Box.Connect(String replicationSource)
[xUnit.net 00:00:03.36]         /mnt/c/Users/alena/Desktop/7_sem/testing_and_debugging/SkiResort/AccessToDB/TarantoolContext.cs(51,0): at AccessToDB.TarantoolContext.Initialize(String connection_string)
[xUnit.net 00:00:03.36]         /mnt/c/Users/alena/Desktop/7_sem/testing_and_debugging/SkiResort/AccessToDB/TarantoolContext.cs(32,0): at AccessToDB.TarantoolContext..ctor(String connection_string)
[xUnit.net 00:00:03.36]         /mnt/c/Users/alena/Desktop/7_sem/testing_and_debugging/SkiResort/IntegrationTests/TestActionsWithSlopes.cs(31,0): at IntegrationTests.TestActionsWithSlopes..ctor()
[xUnit.net 00:00:03.36]            at System.RuntimeType.CreateInstanceDefaultCtor(Boolean publicOnly, Boolean wrapExceptions)
[xUnit.net 00:00:03.37]       System.Net.Sockets.SocketException : Connection refused
[xUnit.net 00:00:03.37]       Stack Trace:
[xUnit.net 00:00:03.37]            at System.Net.Sockets.Socket.AwaitableSocketAsyncEventArgs.ThrowException(SocketError error, CancellationToken cancellationToken)
[xUnit.net 00:00:03.37]            at System.Net.Sockets.Socket.AwaitableSocketAsyncEventArgs.System.Threading.Tasks.Sources.IValueTaskSource.GetResult(Int16 token)
[xUnit.net 00:00:03.37]            at System.Threading.Tasks.ValueTask.ValueTaskSourceAsTask.&lt;&gt;c.&lt;.cctor&gt;b__4_0(Object state)
[xUnit.net 00:00:03.37]         --- End of stack trace from previous location ---
[xUnit.net 00:00:03.37]            at System.Threading.Tasks.TaskToApm.End(IAsyncResult asyncResult)
[xUnit.net 00:00:03.37]            at System.Net.Sockets.Socket.EndConnect(IAsyncResult asyncResult)
[xUnit.net 00:00:03.37]            at ProGaudi.Tarantool.Client.NetworkStreamPhysicalConnection.&lt;&gt;c.&lt;ConnectAsync&gt;b__8_1(IAsyncResult asyncResult)
[xUnit.net 00:00:03.37]            at System.Threading.Tasks.TaskFactory`1.FromAsyncCoreLogic(IAsyncResult iar, Func`2 endFunction, Action`1 endAction, Task`1 promise, Boolean requiresSynchronization)
[xUnit.net 00:00:03.37]         --- End of stack trace from previous location ---
[xUnit.net 00:00:03.37]            at ProGaudi.Tarantool.Client.NetworkStreamPhysicalConnection.Connect(ClientOptions options)
[xUnit.net 00:00:03.37]            at ProGaudi.Tarantool.Client.LogicalConnection.Connect()
[xUnit.net 00:00:03.37]            at ProGaudi.Tarantool.Client.LogicalConnectionManager.Connect()
[xUnit.net 00:00:03.37]            at ProGaudi.Tarantool.Client.Box.Connect()
[xUnit.net 00:00:03.37]            at ProGaudi.Tarantool.Client.Box.Connect(String replicationSource)
[xUnit.net 00:00:03.37]         /mnt/c/Users/alena/Desktop/7_sem/testing_and_debugging/SkiResort/AccessToDB/TarantoolContext.cs(51,0): at AccessToDB.TarantoolContext.Initialize(String connection_string)
[xUnit.net 00:00:03.37]         /mnt/c/Users/alena/Desktop/7_sem/testing_and_debugging/SkiResort/AccessToDB/TarantoolContext.cs(32,0): at AccessToDB.TarantoolContext..ctor(String connection_string)
[xUnit.net 00:00:03.37]         /mnt/c/Users/alena/Desktop/7_sem/testing_and_debugging/SkiResort/IntegrationTests/TestActionsWithSlopes.cs(31,0): at IntegrationTests.TestActionsWithSlopes..ctor()
[xUnit.net 00:00:03.37]            at System.RuntimeType.CreateInstanceDefaultCtor(Boolean publicOnly, Boolean wrapExceptions)
[xUnit.net 00:00:03.39]       System.Net.Sockets.SocketException : Connection refused
[xUnit.net 00:00:03.39]       Stack Trace:
[xUnit.net 00:00:03.39]            at System.Net.Sockets.Socket.AwaitableSocketAsyncEventArgs.ThrowException(SocketError error, CancellationToken cancellationToken)
[xUnit.net 00:00:03.39]            at System.Net.Sockets.Socket.AwaitableSocketAsyncEventArgs.System.Threading.Tasks.Sources.IValueTaskSource.GetResult(Int16 token)
[xUnit.net 00:00:03.39]            at System.Threading.Tasks.ValueTask.ValueTaskSourceAsTask.&lt;&gt;c.&lt;.cctor&gt;b__4_0(Object state)
[xUnit.net 00:00:03.39]         --- End of stack trace from previous location ---
[xUnit.net 00:00:03.39]            at System.Threading.Tasks.TaskToApm.End(IAsyncResult asyncResult)
[xUnit.net 00:00:03.39]            at System.Net.Sockets.Socket.EndConnect(IAsyncResult asyncResult)
[xUnit.net 00:00:03.39]            at ProGaudi.Tarantool.Client.NetworkStreamPhysicalConnection.&lt;&gt;c.&lt;ConnectAsync&gt;b__8_1(IAsyncResult asyncResult)
[xUnit.net 00:00:03.39]            at System.Threading.Tasks.TaskFactory`1.FromAsyncCoreLogic(IAsyncResult iar, Func`2 endFunction, Action`1 endAction, Task`1 promise, Boolean requiresSynchronization)
[xUnit.net 00:00:03.39]         --- End of stack trace from previous location ---
[xUnit.net 00:00:03.39]            at ProGaudi.Tarantool.Client.NetworkStreamPhysicalConnection.Connect(ClientOptions options)
[xUnit.net 00:00:03.39]            at ProGaudi.Tarantool.Client.LogicalConnection.Connect()
[xUnit.net 00:00:03.39]            at ProGaudi.Tarantool.Client.LogicalConnectionManager.Connect()
[xUnit.net 00:00:03.39]            at ProGaudi.Tarantool.Client.Box.Connect()
[xUnit.net 00:00:03.39]            at ProGaudi.Tarantool.Client.Box.Connect(String replicationSource)
[xUnit.net 00:00:03.39]         /mnt/c/Users/alena/Desktop/7_sem/testing_and_debugging/SkiResort/AccessToDB/TarantoolContext.cs(51,0): at AccessToDB.TarantoolContext.Initialize(String connection_string)
[xUnit.net 00:00:03.39]         /mnt/c/Users/alena/Desktop/7_sem/testing_and_debugging/SkiResort/AccessToDB/TarantoolContext.cs(32,0): at AccessToDB.TarantoolContext..ctor(String connection_string)
[xUnit.net 00:00:03.39]         /mnt/c/Users/alena/Desktop/7_sem/testing_and_debugging/SkiResort/IntegrationTests/TestActionsWithSlopes.cs(31,0): at IntegrationTests.TestActionsWithSlopes..ctor()
[xUnit.net 00:00:03.39]            at System.RuntimeType.CreateInstanceDefaultCtor(Boolean publicOnly, Boolean wrapExceptions)
[xUnit.net 00:00:03.40]       System.Net.Sockets.SocketException : Connection refused
[xUnit.net 00:00:03.40]       Stack Trace:
[xUnit.net 00:00:03.40]            at System.Net.Sockets.Socket.AwaitableSocketAsyncEventArgs.ThrowException(SocketError error, CancellationToken cancellationToken)
[xUnit.net 00:00:03.40]            at System.Net.Sockets.Socket.AwaitableSocketAsyncEventArgs.System.Threading.Tasks.Sources.IValueTaskSource.GetResult(Int16 token)
[xUnit.net 00:00:03.40]            at System.Threading.Tasks.ValueTask.ValueTaskSourceAsTask.&lt;&gt;c.&lt;.cctor&gt;b__4_0(Object state)
[xUnit.net 00:00:03.40]         --- End of stack trace from previous location ---
[xUnit.net 00:00:03.40]            at System.Threading.Tasks.TaskToApm.End(IAsyncResult asyncResult)
[xUnit.net 00:00:03.40]            at System.Net.Sockets.Socket.EndConnect(IAsyncResult asyncResult)
[xUnit.net 00:00:03.40]            at ProGaudi.Tarantool.Client.NetworkStreamPhysicalConnection.&lt;&gt;c.&lt;ConnectAsync&gt;b__8_1(IAsyncResult asyncResult)
[xUnit.net 00:00:03.40]            at System.Threading.Tasks.TaskFactory`1.FromAsyncCoreLogic(IAsyncResult iar, Func`2 endFunction, Action`1 endAction, Task`1 promise, Boolean requiresSynchronization)
[xUnit.net 00:00:03.40]         --- End of stack trace from previous location ---
[xUnit.net 00:00:03.40]            at ProGaudi.Tarantool.Client.NetworkStreamPhysicalConnection.Connect(ClientOptions options)
[xUnit.net 00:00:03.40]            at ProGaudi.Tarantool.Client.LogicalConnection.Connect()
[xUnit.net 00:00:03.40]            at ProGaudi.Tarantool.Client.LogicalConnectionManager.Connect()
[xUnit.net 00:00:03.40]            at ProGaudi.Tarantool.Client.Box.Connect()
[xUnit.net 00:00:03.40]            at ProGaudi.Tarantool.Client.Box.Connect(String replicationSource)
[xUnit.net 00:00:03.40]         /mnt/c/Users/alena/Desktop/7_sem/testing_and_debugging/SkiResort/AccessToDB/TarantoolContext.cs(51,0): at AccessToDB.TarantoolContext.Initialize(String connection_string)
[xUnit.net 00:00:03.40]         /mnt/c/Users/alena/Desktop/7_sem/testing_and_debugging/SkiResort/AccessToDB/TarantoolContext.cs(32,0): at AccessToDB.TarantoolContext..ctor(String connection_string)
[xUnit.net 00:00:03.40]         /mnt/c/Users/alena/Desktop/7_sem/testing_and_debugging/SkiResort/IntegrationTests/TestActionsWithSlopes.cs(31,0): at IntegrationTests.TestActionsWithSlopes..ctor()
[xUnit.net 00:00:03.40]            at System.RuntimeType.CreateInstanceDefaultCtor(Boolean publicOnly, Boolean wrapExceptions)
[xUnit.net 00:00:03.41]       System.Net.Sockets.SocketException : Connection refused
[xUnit.net 00:00:03.41]       Stack Trace:
[xUnit.net 00:00:03.42]            at System.Net.Sockets.Socket.AwaitableSocketAsyncEventArgs.ThrowException(SocketError error, CancellationToken cancellationToken)
[xUnit.net 00:00:03.42]            at System.Net.Sockets.Socket.AwaitableSocketAsyncEventArgs.System.Threading.Tasks.Sources.IValueTaskSource.GetResult(Int16 token)
[xUnit.net 00:00:03.42]            at System.Threading.Tasks.ValueTask.ValueTaskSourceAsTask.&lt;&gt;c.&lt;.cctor&gt;b__4_0(Object state)
[xUnit.net 00:00:03.42]         --- End of stack trace from previous location ---
[xUnit.net 00:00:03.42]            at System.Threading.Tasks.TaskToApm.End(IAsyncResult asyncResult)
[xUnit.net 00:00:03.42]            at System.Net.Sockets.Socket.EndConnect(IAsyncResult asyncResult)
[xUnit.net 00:00:03.42]            at ProGaudi.Tarantool.Client.NetworkStreamPhysicalConnection.&lt;&gt;c.&lt;ConnectAsync&gt;b__8_1(IAsyncResult asyncResult)
[xUnit.net 00:00:03.42]            at System.Threading.Tasks.TaskFactory`1.FromAsyncCoreLogic(IAsyncResult iar, Func`2 endFunction, Action`1 endAction, Task`1 promise, Boolean requiresSynchronization)
[xUnit.net 00:00:03.42]         --- End of stack trace from previous location ---
[xUnit.net 00:00:03.42]            at ProGaudi.Tarantool.Client.NetworkStreamPhysicalConnection.Connect(ClientOptions options)
[xUnit.net 00:00:03.42]            at ProGaudi.Tarantool.Client.LogicalConnection.Connect()
[xUnit.net 00:00:03.42]            at ProGaudi.Tarantool.Client.LogicalConnectionManager.Connect()
[xUnit.net 00:00:03.42]            at ProGaudi.Tarantool.Client.Box.Connect()
[xUnit.net 00:00:03.42]            at ProGaudi.Tarantool.Client.Box.Connect(String replicationSource)
[xUnit.net 00:00:03.42]         /mnt/c/Users/alena/Desktop/7_sem/testing_and_debugging/SkiResort/AccessToDB/TarantoolContext.cs(51,0): at AccessToDB.TarantoolContext.Initialize(String connection_string)
[xUnit.net 00:00:03.42]         /mnt/c/Users/alena/Desktop/7_sem/testing_and_debugging/SkiResort/AccessToDB/TarantoolContext.cs(32,0): at AccessToDB.TarantoolContext..ctor(String connection_string)
[xUnit.net 00:00:03.42]         /mnt/c/Users/alena/Desktop/7_sem/testing_and_debugging/SkiResort/IntegrationTests/TestActionsWithSlopes.cs(31,0): at IntegrationTests.TestActionsWithSlopes..ctor()
[xUnit.net 00:00:03.42]            at System.RuntimeType.CreateInstanceDefaultCtor(Boolean publicOnly, Boolean wrapExceptions)
[xUnit.net 00:00:03.43]       System.Net.Sockets.SocketException : Connection refused
[xUnit.net 00:00:03.43]       Stack Trace:
[xUnit.net 00:00:03.43]            at System.Net.Sockets.Socket.AwaitableSocketAsyncEventArgs.ThrowException(SocketError error, CancellationToken cancellationToken)
[xUnit.net 00:00:03.43]            at System.Net.Sockets.Socket.AwaitableSocketAsyncEventArgs.System.Threading.Tasks.Sources.IValueTaskSource.GetResult(Int16 token)
[xUnit.net 00:00:03.43]            at System.Threading.Tasks.ValueTask.ValueTaskSourceAsTask.&lt;&gt;c.&lt;.cctor&gt;b__4_0(Object state)
[xUnit.net 00:00:03.43]         --- End of stack trace from previous location ---
[xUnit.net 00:00:03.43]            at System.Threading.Tasks.TaskToApm.End(IAsyncResult asyncResult)
[xUnit.net 00:00:03.43]            at System.Net.Sockets.Socket.EndConnect(IAsyncResult asyncResult)
[xUnit.net 00:00:03.43]            at ProGaudi.Tarantool.Client.NetworkStreamPhysicalConnection.&lt;&gt;c.&lt;ConnectAsync&gt;b__8_1(IAsyncResult asyncResult)
[xUnit.net 00:00:03.43]            at System.Threading.Tasks.TaskFactory`1.FromAsyncCoreLogic(IAsyncResult iar, Func`2 endFunction, Action`1 endAction, Task`1 promise, Boolean requiresSynchronization)
[xUnit.net 00:00:03.43]         --- End of stack trace from previous location ---
[xUnit.net 00:00:03.43]            at ProGaudi.Tarantool.Client.NetworkStreamPhysicalConnection.Connect(ClientOptions options)
[xUnit.net 00:00:03.43]            at ProGaudi.Tarantool.Client.LogicalConnection.Connect()
[xUnit.net 00:00:03.43]            at ProGaudi.Tarantool.Client.LogicalConnectionManager.Connect()
[xUnit.net 00:00:03.43]            at ProGaudi.Tarantool.Client.Box.Connect()
[xUnit.net 00:00:03.43]            at ProGaudi.Tarantool.Client.Box.Connect(String replicationSource)
[xUnit.net 00:00:03.43]         /mnt/c/Users/alena/Desktop/7_sem/testing_and_debugging/SkiResort/AccessToDB/TarantoolContext.cs(51,0): at AccessToDB.TarantoolContext.Initialize(String connection_string)
[xUnit.net 00:00:03.43]         /mnt/c/Users/alena/Desktop/7_sem/testing_and_debugging/SkiResort/AccessToDB/TarantoolContext.cs(32,0): at AccessToDB.TarantoolContext..ctor(String connection_string)
[xUnit.net 00:00:03.43]         /mnt/c/Users/alena/Desktop/7_sem/testing_and_debugging/SkiResort/IntegrationTests/TestActionsWithSlopes.cs(31,0): at IntegrationTests.TestActionsWithSlopes..ctor()
[xUnit.net 00:00:03.43]            at System.RuntimeType.CreateInstanceDefaultCtor(Boolean publicOnly, Boolean wrapExceptions)
[xUnit.net 00:00:03.44]       System.Net.Sockets.SocketException : Connection refused
[xUnit.net 00:00:03.44]       Stack Trace:
[xUnit.net 00:00:03.44]            at System.Net.Sockets.Socket.AwaitableSocketAsyncEventArgs.ThrowException(SocketError error, CancellationToken cancellationToken)
[xUnit.net 00:00:03.44]            at System.Net.Sockets.Socket.AwaitableSocketAsyncEventArgs.System.Threading.Tasks.Sources.IValueTaskSource.GetResult(Int16 token)
[xUnit.net 00:00:03.44]            at System.Threading.Tasks.ValueTask.ValueTaskSourceAsTask.&lt;&gt;c.&lt;.cctor&gt;b__4_0(Object state)
[xUnit.net 00:00:03.44]         --- End of stack trace from previous location ---
[xUnit.net 00:00:03.44]            at System.Threading.Tasks.TaskToApm.End(IAsyncResult asyncResult)
[xUnit.net 00:00:03.44]            at System.Net.Sockets.Socket.EndConnect(IAsyncResult asyncResult)
[xUnit.net 00:00:03.44]            at ProGaudi.Tarantool.Client.NetworkStreamPhysicalConnection.&lt;&gt;c.&lt;ConnectAsync&gt;b__8_1(IAsyncResult asyncResult)
[xUnit.net 00:00:03.44]            at System.Threading.Tasks.TaskFactory`1.FromAsyncCoreLogic(IAsyncResult iar, Func`2 endFunction, Action`1 endAction, Task`1 promise, Boolean requiresSynchronization)
[xUnit.net 00:00:03.44]         --- End of stack trace from previous location ---
[xUnit.net 00:00:03.44]            at ProGaudi.Tarantool.Client.NetworkStreamPhysicalConnection.Connect(ClientOptions options)
[xUnit.net 00:00:03.44]            at ProGaudi.Tarantool.Client.LogicalConnection.Connect()
[xUnit.net 00:00:03.44]            at ProGaudi.Tarantool.Client.LogicalConnectionManager.Connect()
[xUnit.net 00:00:03.44]            at ProGaudi.Tarantool.Client.Box.Connect()
[xUnit.net 00:00:03.44]            at ProGaudi.Tarantool.Client.Box.Connect(String replicationSource)
[xUnit.net 00:00:03.44]         /mnt/c/Users/alena/Desktop/7_sem/testing_and_debugging/SkiResort/AccessToDB/TarantoolContext.cs(51,0): at AccessToDB.TarantoolContext.Initialize(String connection_string)
[xUnit.net 00:00:03.44]         /mnt/c/Users/alena/Desktop/7_sem/testing_and_debugging/SkiResort/AccessToDB/TarantoolContext.cs(32,0): at AccessToDB.TarantoolContext..ctor(String connection_string)
[xUnit.net 00:00:03.44]         /mnt/c/Users/alena/Desktop/7_sem/testing_and_debugging/SkiResort/IntegrationTests/TestActionsWithTurnstiles.cs(28,0): at IntegrationTests.TestActionsWithTurnstiles..ctor()
[xUnit.net 00:00:03.44]            at System.RuntimeType.CreateInstanceDefaultCtor(Boolean publicOnly, Boolean wrapExceptions)
[xUnit.net 00:00:03.45]       System.Net.Sockets.SocketException : Connection refused
[xUnit.net 00:00:03.45]       Stack Trace:
[xUnit.net 00:00:03.45]            at System.Net.Sockets.Socket.AwaitableSocketAsyncEventArgs.ThrowException(SocketError error, CancellationToken cancellationToken)
[xUnit.net 00:00:03.45]            at System.Net.Sockets.Socket.AwaitableSocketAsyncEventArgs.System.Threading.Tasks.Sources.IValueTaskSource.GetResult(Int16 token)
[xUnit.net 00:00:03.45]            at System.Threading.Tasks.ValueTask.ValueTaskSourceAsTask.&lt;&gt;c.&lt;.cctor&gt;b__4_0(Object state)
[xUnit.net 00:00:03.45]         --- End of stack trace from previous location ---
[xUnit.net 00:00:03.45]            at System.Threading.Tasks.TaskToApm.End(IAsyncResult asyncResult)
[xUnit.net 00:00:03.45]            at System.Net.Sockets.Socket.EndConnect(IAsyncResult asyncResult)
[xUnit.net 00:00:03.45]            at ProGaudi.Tarantool.Client.NetworkStreamPhysicalConnection.&lt;&gt;c.&lt;ConnectAsync&gt;b__8_1(IAsyncResult asyncResult)
[xUnit.net 00:00:03.45]            at System.Threading.Tasks.TaskFactory`1.FromAsyncCoreLogic(IAsyncResult iar, Func`2 endFunction, Action`1 endAction, Task`1 promise, Boolean requiresSynchronization)
[xUnit.net 00:00:03.45]         --- End of stack trace from previous location ---
[xUnit.net 00:00:03.45]            at ProGaudi.Tarantool.Client.NetworkStreamPhysicalConnection.Connect(ClientOptions options)
[xUnit.net 00:00:03.45]            at ProGaudi.Tarantool.Client.LogicalConnection.Connect()
[xUnit.net 00:00:03.45]            at ProGaudi.Tarantool.Client.LogicalConnectionManager.Connect()
[xUnit.net 00:00:03.45]            at ProGaudi.Tarantool.Client.Box.Connect()
[xUnit.net 00:00:03.45]            at ProGaudi.Tarantool.Client.Box.Connect(String replicationSource)
[xUnit.net 00:00:03.45]         /mnt/c/Users/alena/Desktop/7_sem/testing_and_debugging/SkiResort/AccessToDB/TarantoolContext.cs(51,0): at AccessToDB.TarantoolContext.Initialize(String connection_string)
[xUnit.net 00:00:03.45]         /mnt/c/Users/alena/Desktop/7_sem/testing_and_debugging/SkiResort/AccessToDB/TarantoolContext.cs(32,0): at AccessToDB.TarantoolContext..ctor(String connection_string)
[xUnit.net 00:00:03.45]         /mnt/c/Users/alena/Desktop/7_sem/testing_and_debugging/SkiResort/IntegrationTests/TestActionsWithTurnstiles.cs(28,0): at IntegrationTests.TestActionsWithTurnstiles..ctor()
[xUnit.net 00:00:03.45]            at System.RuntimeType.CreateInstanceDefaultCtor(Boolean publicOnly, Boolean wrapExceptions)
[xUnit.net 00:00:03.46]       System.Net.Sockets.SocketException : Connection refused
[xUnit.net 00:00:03.46]       Stack Trace:
[xUnit.net 00:00:03.46]            at System.Net.Sockets.Socket.AwaitableSocketAsyncEventArgs.ThrowException(SocketError error, CancellationToken cancellationToken)
[xUnit.net 00:00:03.46]            at System.Net.Sockets.Socket.AwaitableSocketAsyncEventArgs.System.Threading.Tasks.Sources.IValueTaskSource.GetResult(Int16 token)
[xUnit.net 00:00:03.46]            at System.Threading.Tasks.ValueTask.ValueTaskSourceAsTask.&lt;&gt;c.&lt;.cctor&gt;b__4_0(Object state)
[xUnit.net 00:00:03.46]         --- End of stack trace from previous location ---
[xUnit.net 00:00:03.46]            at System.Threading.Tasks.TaskToApm.End(IAsyncResult asyncResult)
[xUnit.net 00:00:03.46]            at System.Net.Sockets.Socket.EndConnect(IAsyncResult asyncResult)
[xUnit.net 00:00:03.46]            at ProGaudi.Tarantool.Client.NetworkStreamPhysicalConnection.&lt;&gt;c.&lt;ConnectAsync&gt;b__8_1(IAsyncResult asyncResult)
[xUnit.net 00:00:03.46]            at System.Threading.Tasks.TaskFactory`1.FromAsyncCoreLogic(IAsyncResult iar, Func`2 endFunction, Action`1 endAction, Task`1 promise, Boolean requiresSynchronization)
[xUnit.net 00:00:03.46]         --- End of stack trace from previous location ---
[xUnit.net 00:00:03.46]            at ProGaudi.Tarantool.Client.NetworkStreamPhysicalConnection.Connect(ClientOptions options)
[xUnit.net 00:00:03.46]            at ProGaudi.Tarantool.Client.LogicalConnection.Connect()
[xUnit.net 00:00:03.46]            at ProGaudi.Tarantool.Client.LogicalConnectionManager.Connect()
[xUnit.net 00:00:03.46]            at ProGaudi.Tarantool.Client.Box.Connect()
[xUnit.net 00:00:03.46]            at ProGaudi.Tarantool.Client.Box.Connect(String replicationSource)
[xUnit.net 00:00:03.46]         /mnt/c/Users/alena/Desktop/7_sem/testing_and_debugging/SkiResort/AccessToDB/TarantoolContext.cs(51,0): at AccessToDB.TarantoolContext.Initialize(String connection_string)
[xUnit.net 00:00:03.46]         /mnt/c/Users/alena/Desktop/7_sem/testing_and_debugging/SkiResort/AccessToDB/TarantoolContext.cs(32,0): at AccessToDB.TarantoolContext..ctor(String connection_string)
[xUnit.net 00:00:03.46]         /mnt/c/Users/alena/Desktop/7_sem/testing_and_debugging/SkiResort/IntegrationTests/TestActionsWithTurnstiles.cs(28,0): at IntegrationTests.TestActionsWithTurnstiles..ctor()
[xUnit.net 00:00:03.46]            at System.RuntimeType.CreateInstanceDefaultCtor(Boolean publicOnly, Boolean wrapExceptions)
[xUnit.net 00:00:03.47]       System.Net.Sockets.SocketException : Connection refused
[xUnit.net 00:00:03.47]       Stack Trace:
[xUnit.net 00:00:03.47]            at System.Net.Sockets.Socket.AwaitableSocketAsyncEventArgs.ThrowException(SocketError error, CancellationToken cancellationToken)
[xUnit.net 00:00:03.47]            at System.Net.Sockets.Socket.AwaitableSocketAsyncEventArgs.System.Threading.Tasks.Sources.IValueTaskSource.GetResult(Int16 token)
[xUnit.net 00:00:03.48]            at System.Threading.Tasks.ValueTask.ValueTaskSourceAsTask.&lt;&gt;c.&lt;.cctor&gt;b__4_0(Object state)
[xUnit.net 00:00:03.48]         --- End of stack trace from previous location ---
[xUnit.net 00:00:03.48]            at System.Threading.Tasks.TaskToApm.End(IAsyncResult asyncResult)
[xUnit.net 00:00:03.48]            at System.Net.Sockets.Socket.EndConnect(IAsyncResult asyncResult)
[xUnit.net 00:00:03.48]            at ProGaudi.Tarantool.Client.NetworkStreamPhysicalConnection.&lt;&gt;c.&lt;ConnectAsync&gt;b__8_1(IAsyncResult asyncResult)
[xUnit.net 00:00:03.48]            at System.Threading.Tasks.TaskFactory`1.FromAsyncCoreLogic(IAsyncResult iar, Func`2 endFunction, Action`1 endAction, Task`1 promise, Boolean requiresSynchronization)
[xUnit.net 00:00:03.48]         --- End of stack trace from previous location ---
[xUnit.net 00:00:03.48]            at ProGaudi.Tarantool.Client.NetworkStreamPhysicalConnection.Connect(ClientOptions options)
[xUnit.net 00:00:03.48]            at ProGaudi.Tarantool.Client.LogicalConnection.Connect()
[xUnit.net 00:00:03.48]            at ProGaudi.Tarantool.Client.LogicalConnectionManager.Connect()
[xUnit.net 00:00:03.48]            at ProGaudi.Tarantool.Client.Box.Connect()
[xUnit.net 00:00:03.48]            at ProGaudi.Tarantool.Client.Box.Connect(String replicationSource)
[xUnit.net 00:00:03.48]         /mnt/c/Users/alena/Desktop/7_sem/testing_and_debugging/SkiResort/AccessToDB/TarantoolContext.cs(51,0): at AccessToDB.TarantoolContext.Initialize(String connection_string)
[xUnit.net 00:00:03.48]         /mnt/c/Users/alena/Desktop/7_sem/testing_and_debugging/SkiResort/AccessToDB/TarantoolContext.cs(32,0): at AccessToDB.TarantoolContext..ctor(String connection_string)
[xUnit.net 00:00:03.48]         /mnt/c/Users/alena/Desktop/7_sem/testing_and_debugging/SkiResort/IntegrationTests/TestActionsWithTurnstiles.cs(28,0): at IntegrationTests.TestActionsWithTurnstiles..ctor()
[xUnit.net 00:00:03.48]            at System.RuntimeType.CreateInstanceDefaultCtor(Boolean publicOnly, Boolean wrapExceptions)
[xUnit.net 00:00:03.49]       System.Net.Sockets.SocketException : Connection refused
[xUnit.net 00:00:03.49]       Stack Trace:
[xUnit.net 00:00:03.49]            at System.Net.Sockets.Socket.AwaitableSocketAsyncEventArgs.ThrowException(SocketError error, CancellationToken cancellationToken)
[xUnit.net 00:00:03.49]            at System.Net.Sockets.Socket.AwaitableSocketAsyncEventArgs.System.Threading.Tasks.Sources.IValueTaskSource.GetResult(Int16 token)
[xUnit.net 00:00:03.49]            at System.Threading.Tasks.ValueTask.ValueTaskSourceAsTask.&lt;&gt;c.&lt;.cctor&gt;b__4_0(Object state)
[xUnit.net 00:00:03.49]         --- End of stack trace from previous location ---
[xUnit.net 00:00:03.49]            at System.Threading.Tasks.TaskToApm.End(IAsyncResult asyncResult)
[xUnit.net 00:00:03.49]            at System.Net.Sockets.Socket.EndConnect(IAsyncResult asyncResult)
[xUnit.net 00:00:03.49]            at ProGaudi.Tarantool.Client.NetworkStreamPhysicalConnection.&lt;&gt;c.&lt;ConnectAsync&gt;b__8_1(IAsyncResult asyncResult)
[xUnit.net 00:00:03.49]            at System.Threading.Tasks.TaskFactory`1.FromAsyncCoreLogic(IAsyncResult iar, Func`2 endFunction, Action`1 endAction, Task`1 promise, Boolean requiresSynchronization)
[xUnit.net 00:00:03.49]         --- End of stack trace from previous location ---
[xUnit.net 00:00:03.49]            at ProGaudi.Tarantool.Client.NetworkStreamPhysicalConnection.Connect(ClientOptions options)
[xUnit.net 00:00:03.49]            at ProGaudi.Tarantool.Client.LogicalConnection.Connect()
[xUnit.net 00:00:03.49]            at ProGaudi.Tarantool.Client.LogicalConnectionManager.Connect()
[xUnit.net 00:00:03.49]            at ProGaudi.Tarantool.Client.Box.Connect()
[xUnit.net 00:00:03.49]            at ProGaudi.Tarantool.Client.Box.Connect(String replicationSource)
[xUnit.net 00:00:03.49]         /mnt/c/Users/alena/Desktop/7_sem/testing_and_debugging/SkiResort/AccessToDB/TarantoolContext.cs(51,0): at AccessToDB.TarantoolContext.Initialize(String connection_string)
[xUnit.net 00:00:03.49]         /mnt/c/Users/alena/Desktop/7_sem/testing_and_debugging/SkiResort/AccessToDB/TarantoolContext.cs(32,0): at AccessToDB.TarantoolContext..ctor(String connection_string)
[xUnit.net 00:00:03.49]         /mnt/c/Users/alena/Desktop/7_sem/testing_and_debugging/SkiResort/IntegrationTests/TestActionsWithTurnstiles.cs(28,0): at IntegrationTests.TestActionsWithTurnstiles..ctor()
[xUnit.net 00:00:03.49]            at System.RuntimeType.CreateInstanceDefaultCtor(Boolean publicOnly, Boolean wrapExceptions)
[xUnit.net 00:00:03.50]       System.Net.Sockets.SocketException : Connection refused
[xUnit.net 00:00:03.50]       Stack Trace:
[xUnit.net 00:00:03.50]            at System.Net.Sockets.Socket.AwaitableSocketAsyncEventArgs.ThrowException(SocketError error, CancellationToken cancellationToken)
[xUnit.net 00:00:03.50]            at System.Net.Sockets.Socket.AwaitableSocketAsyncEventArgs.System.Threading.Tasks.Sources.IValueTaskSource.GetResult(Int16 token)
[xUnit.net 00:00:03.50]            at System.Threading.Tasks.ValueTask.ValueTaskSourceAsTask.&lt;&gt;c.&lt;.cctor&gt;b__4_0(Object state)
[xUnit.net 00:00:03.50]         --- End of stack trace from previous location ---
[xUnit.net 00:00:03.50]            at System.Threading.Tasks.TaskToApm.End(IAsyncResult asyncResult)
[xUnit.net 00:00:03.50]            at System.Net.Sockets.Socket.EndConnect(IAsyncResult asyncResult)
[xUnit.net 00:00:03.50]            at ProGaudi.Tarantool.Client.NetworkStreamPhysicalConnection.&lt;&gt;c.&lt;ConnectAsync&gt;b__8_1(IAsyncResult asyncResult)
[xUnit.net 00:00:03.50]            at System.Threading.Tasks.TaskFactory`1.FromAsyncCoreLogic(IAsyncResult iar, Func`2 endFunction, Action`1 endAction, Task`1 promise, Boolean requiresSynchronization)
[xUnit.net 00:00:03.50]         --- End of stack trace from previous location ---
[xUnit.net 00:00:03.50]            at ProGaudi.Tarantool.Client.NetworkStreamPhysicalConnection.Connect(ClientOptions options)
[xUnit.net 00:00:03.50]            at ProGaudi.Tarantool.Client.LogicalConnection.Connect()
[xUnit.net 00:00:03.50]            at ProGaudi.Tarantool.Client.LogicalConnectionManager.Connect()
[xUnit.net 00:00:03.50]            at ProGaudi.Tarantool.Client.Box.Connect()
[xUnit.net 00:00:03.50]            at ProGaudi.Tarantool.Client.Box.Connect(String replicationSource)
[xUnit.net 00:00:03.50]         /mnt/c/Users/alena/Desktop/7_sem/testing_and_debugging/SkiResort/AccessToDB/TarantoolContext.cs(51,0): at AccessToDB.TarantoolContext.Initialize(String connection_string)
[xUnit.net 00:00:03.50]         /mnt/c/Users/alena/Desktop/7_sem/testing_and_debugging/SkiResort/AccessToDB/TarantoolContext.cs(32,0): at AccessToDB.TarantoolContext..ctor(String connection_string)
[xUnit.net 00:00:03.50]         /mnt/c/Users/alena/Desktop/7_sem/testing_and_debugging/SkiResort/IntegrationTests/TestActionsWithLiftsSlopes.cs(36,0): at IntegrationTests.TestActionsWithLiftsSlopes..ctor()
[xUnit.net 00:00:03.50]            at System.RuntimeType.CreateInstanceDefaultCtor(Boolean publicOnly, Boolean wrapExceptions)
[xUnit.net 00:00:03.52]       System.Net.Sockets.SocketException : Connection refused
[xUnit.net 00:00:03.52]       Stack Trace:
[xUnit.net 00:00:03.52]            at System.Net.Sockets.Socket.AwaitableSocketAsyncEventArgs.ThrowException(SocketError error, CancellationToken cancellationToken)
[xUnit.net 00:00:03.52]            at System.Net.Sockets.Socket.AwaitableSocketAsyncEventArgs.System.Threading.Tasks.Sources.IValueTaskSource.GetResult(Int16 token)
[xUnit.net 00:00:03.52]            at System.Threading.Tasks.ValueTask.ValueTaskSourceAsTask.&lt;&gt;c.&lt;.cctor&gt;b__4_0(Object state)
[xUnit.net 00:00:03.52]         --- End of stack trace from previous location ---
[xUnit.net 00:00:03.52]            at System.Threading.Tasks.TaskToApm.End(IAsyncResult asyncResult)
[xUnit.net 00:00:03.52]            at System.Net.Sockets.Socket.EndConnect(IAsyncResult asyncResult)
[xUnit.net 00:00:03.53]            at ProGaudi.Tarantool.Client.NetworkStreamPhysicalConnection.&lt;&gt;c.&lt;ConnectAsync&gt;b__8_1(IAsyncResult asyncResult)
[xUnit.net 00:00:03.53]            at System.Threading.Tasks.TaskFactory`1.FromAsyncCoreLogic(IAsyncResult iar, Func`2 endFunction, Action`1 endAction, Task`1 promise, Boolean requiresSynchronization)
[xUnit.net 00:00:03.53]         --- End of stack trace from previous location ---
[xUnit.net 00:00:03.53]            at ProGaudi.Tarantool.Client.NetworkStreamPhysicalConnection.Connect(ClientOptions options)
[xUnit.net 00:00:03.53]            at ProGaudi.Tarantool.Client.LogicalConnection.Connect()
[xUnit.net 00:00:03.53]            at ProGaudi.Tarantool.Client.LogicalConnectionManager.Connect()
[xUnit.net 00:00:03.53]            at ProGaudi.Tarantool.Client.Box.Connect()
[xUnit.net 00:00:03.53]            at ProGaudi.Tarantool.Client.Box.Connect(String replicationSource)
[xUnit.net 00:00:03.53]         /mnt/c/Users/alena/Desktop/7_sem/testing_and_debugging/SkiResort/AccessToDB/TarantoolContext.cs(51,0): at AccessToDB.TarantoolContext.Initialize(String connection_string)
[xUnit.net 00:00:03.53]         /mnt/c/Users/alena/Desktop/7_sem/testing_and_debugging/SkiResort/AccessToDB/TarantoolContext.cs(32,0): at AccessToDB.TarantoolContext..ctor(String connection_string)
[xUnit.net 00:00:03.53]         /mnt/c/Users/alena/Desktop/7_sem/testing_and_debugging/SkiResort/IntegrationTests/TestActionsWithLiftsSlopes.cs(36,0): at IntegrationTests.TestActionsWithLiftsSlopes..ctor()
[xUnit.net 00:00:03.53]            at System.RuntimeType.CreateInstanceDefaultCtor(Boolean publicOnly, Boolean wrapExceptions)
[xUnit.net 00:00:03.55]       System.Net.Sockets.SocketException : Connection refused
[xUnit.net 00:00:03.55]       Stack Trace:
[xUnit.net 00:00:03.55]            at System.Net.Sockets.Socket.AwaitableSocketAsyncEventArgs.ThrowException(SocketError error, CancellationToken cancellationToken)
[xUnit.net 00:00:03.55]            at System.Net.Sockets.Socket.AwaitableSocketAsyncEventArgs.System.Threading.Tasks.Sources.IValueTaskSource.GetResult(Int16 token)
[xUnit.net 00:00:03.55]            at System.Threading.Tasks.ValueTask.ValueTaskSourceAsTask.&lt;&gt;c.&lt;.cctor&gt;b__4_0(Object state)
[xUnit.net 00:00:03.55]         --- End of stack trace from previous location ---
[xUnit.net 00:00:03.55]            at System.Threading.Tasks.TaskToApm.End(IAsyncResult asyncResult)
[xUnit.net 00:00:03.55]            at System.Net.Sockets.Socket.EndConnect(IAsyncResult asyncResult)
[xUnit.net 00:00:03.55]            at ProGaudi.Tarantool.Client.NetworkStreamPhysicalConnection.&lt;&gt;c.&lt;ConnectAsync&gt;b__8_1(IAsyncResult asyncResult)
[xUnit.net 00:00:03.55]            at System.Threading.Tasks.TaskFactory`1.FromAsyncCoreLogic(IAsyncResult iar, Func`2 endFunction, Action`1 endAction, Task`1 promise, Boolean requiresSynchronization)
[xUnit.net 00:00:03.55]         --- End of stack trace from previous location ---
[xUnit.net 00:00:03.55]            at ProGaudi.Tarantool.Client.NetworkStreamPhysicalConnection.Connect(ClientOptions options)
[xUnit.net 00:00:03.55]            at ProGaudi.Tarantool.Client.LogicalConnection.Connect()
[xUnit.net 00:00:03.55]            at ProGaudi.Tarantool.Client.LogicalConnectionManager.Connect()
[xUnit.net 00:00:03.55]            at ProGaudi.Tarantool.Client.Box.Connect()
[xUnit.net 00:00:03.55]            at ProGaudi.Tarantool.Client.Box.Connect(String replicationSource)
[xUnit.net 00:00:03.55]         /mnt/c/Users/alena/Desktop/7_sem/testing_and_debugging/SkiResort/AccessToDB/TarantoolContext.cs(51,0): at AccessToDB.TarantoolContext.Initialize(String connection_string)
[xUnit.net 00:00:03.55]         /mnt/c/Users/alena/Desktop/7_sem/testing_and_debugging/SkiResort/AccessToDB/TarantoolContext.cs(32,0): at AccessToDB.TarantoolContext..ctor(String connection_string)
[xUnit.net 00:00:03.55]         /mnt/c/Users/alena/Desktop/7_sem/testing_and_debugging/SkiResort/IntegrationTests/TestActionsWithLiftsSlopes.cs(36,0): at IntegrationTests.TestActionsWithLiftsSlopes..ctor()
[xUnit.net 00:00:03.55]            at System.RuntimeType.CreateInstanceDefaultCtor(Boolean publicOnly, Boolean wrapExceptions)
[xUnit.net 00:00:03.56]   Finished:    IntegrationTests
</StdOut>
    </Output>
    <RunInfos>
      <RunInfo computerName="DESKTOP-TJ9D65N" outcome="Error" timestamp="2022-10-31T14:33:51.2353462+03:00">
        <Text>[xUnit.net 00:00:03.07]     IntegrationTests.TestActionsWithLiftsLifts.TestGetLiftsInfoAsync(initialLifts: [Lift { LiftID = 149, LiftName = liftName524f027f-ade8-4092-9452-77b17084314f, IsOpen = True, SeatsAmount = 179, LiftingTime = 13, QueueTime = 78, ConnectedSlopes =  }, Lift { LiftID = 16, LiftName = liftNamef7dc61ed-a15d-407b-be47-412e2ba04bbf, IsOpen = False, SeatsAmount = 236, LiftingTime = 131, QueueTime = 215, ConnectedSlopes =  }, Lift { LiftID = 156, LiftName = liftName6aceb884-a383-46da-bacf-1fa05fee85fe, IsOpen = True, SeatsAmount = 103, LiftingTime = 247, QueueTime = 218, ConnectedSlopes =  }]) [FAIL]</Text>
      </RunInfo>
      <RunInfo computerName="DESKTOP-TJ9D65N" outcome="Error" timestamp="2022-10-31T14:33:51.2701417+03:00">
        <Text>[xUnit.net 00:00:03.11]     IntegrationTests.TestActionsWithLiftsLifts.TestAdminDeleteLiftAsync(lift: Lift { LiftID = 170, LiftName = liftNamebfbb444b-72c2-4df3-88a1-e394daa700b7, IsOpen = True, SeatsAmount = 235, LiftingTime = 238, QueueTime = 75, ConnectedSlopes =  }) [FAIL]</Text>
      </RunInfo>
      <RunInfo computerName="DESKTOP-TJ9D65N" outcome="Error" timestamp="2022-10-31T14:33:51.2870197+03:00">
        <Text>[xUnit.net 00:00:03.12]     IntegrationTests.TestActionsWithLiftsLifts.TestUpdateLiftInfoAsync(lift: Lift { LiftID = 193, LiftName = liftName8624ebe9-a82a-4b5d-a451-ff7164dd261b, IsOpen = True, SeatsAmount = 134, LiftingTime = 115, QueueTime = 63, ConnectedSlopes =  }) [FAIL]</Text>
      </RunInfo>
      <RunInfo computerName="DESKTOP-TJ9D65N" outcome="Error" timestamp="2022-10-31T14:33:51.2994999+03:00">
        <Text>[xUnit.net 00:00:03.14]     IntegrationTests.TestActionsWithLiftsLifts.TestAdminAddAutoIncrementLiftAsync(lift: Lift { LiftID = 118, LiftName = liftName0487e983-1567-49e9-8f2b-f24e72c701fb, IsOpen = True, SeatsAmount = 158, LiftingTime = 202, QueueTime = 83, ConnectedSlopes =  }) [FAIL]</Text>
      </RunInfo>
      <RunInfo computerName="DESKTOP-TJ9D65N" outcome="Error" timestamp="2022-10-31T14:33:51.3134974+03:00">
        <Text>[xUnit.net 00:00:03.15]     IntegrationTests.TestActionsWithLiftsLifts.TestGetLiftInfoAsync(lift: Lift { LiftID = 145, LiftName = liftNamed83fef5e-9f75-4895-8936-e5c912558ba7, IsOpen = True, SeatsAmount = 189, LiftingTime = 115, QueueTime = 112, ConnectedSlopes =  }) [FAIL]</Text>
      </RunInfo>
      <RunInfo computerName="DESKTOP-TJ9D65N" outcome="Error" timestamp="2022-10-31T14:33:51.3336542+03:00">
        <Text>[xUnit.net 00:00:03.17]     IntegrationTests.TestActionsWithUsers.TestAdminUpdateUser [FAIL]</Text>
      </RunInfo>
      <RunInfo computerName="DESKTOP-TJ9D65N" outcome="Error" timestamp="2022-10-31T14:33:51.3471091+03:00">
        <Text>[xUnit.net 00:00:03.18]     IntegrationTests.TestActionsWithUsers.TestAdminAddAutoIncrementUser [FAIL]</Text>
      </RunInfo>
      <RunInfo computerName="DESKTOP-TJ9D65N" outcome="Error" timestamp="2022-10-31T14:33:51.3610672+03:00">
        <Text>[xUnit.net 00:00:03.20]     IntegrationTests.TestActionsWithUsers.TestLogInOk [FAIL]</Text>
      </RunInfo>
      <RunInfo computerName="DESKTOP-TJ9D65N" outcome="Error" timestamp="2022-10-31T14:33:51.3799940+03:00">
        <Text>[xUnit.net 00:00:03.22]     IntegrationTests.TestActionsWithUsers.TestRegisterUserWithRepeatedEmail [FAIL]</Text>
      </RunInfo>
      <RunInfo computerName="DESKTOP-TJ9D65N" outcome="Error" timestamp="2022-10-31T14:33:51.4880819+03:00">
        <Text>[xUnit.net 00:00:03.24]     IntegrationTests.TestActionsWithUsers.TestLogInWithWrongPassword [FAIL]</Text>
      </RunInfo>
      <RunInfo computerName="DESKTOP-TJ9D65N" outcome="Error" timestamp="2022-10-31T14:33:51.4883374+03:00">
        <Text>[xUnit.net 00:00:03.24]     IntegrationTests.TestActionsWithUsers.TestRegisterOk [FAIL]</Text>
      </RunInfo>
      <RunInfo computerName="DESKTOP-TJ9D65N" outcome="Error" timestamp="2022-10-31T14:33:51.4884700+03:00">
        <Text>[xUnit.net 00:00:03.26]     IntegrationTests.TestActionsWithUsers.TestAdminDeleteUser [FAIL]</Text>
      </RunInfo>
      <RunInfo computerName="DESKTOP-TJ9D65N" outcome="Error" timestamp="2022-10-31T14:33:51.4886018+03:00">
        <Text>[xUnit.net 00:00:03.28]     IntegrationTests.TestActionsWithUsers.TestAdminGetUsers [FAIL]</Text>
      </RunInfo>
      <RunInfo computerName="DESKTOP-TJ9D65N" outcome="Error" timestamp="2022-10-31T14:33:51.4887539+03:00">
        <Text>[xUnit.net 00:00:03.30]     IntegrationTests.TestActionsWithUsers.TestRegisterUserWithNoEmail [FAIL]</Text>
      </RunInfo>
      <RunInfo computerName="DESKTOP-TJ9D65N" outcome="Error" timestamp="2022-10-31T14:33:51.4889077+03:00">
        <Text>[xUnit.net 00:00:03.32]     IntegrationTests.TestActionsWithUsers.TestRegisterUserWithNoPassword [FAIL]</Text>
      </RunInfo>
      <RunInfo computerName="DESKTOP-TJ9D65N" outcome="Error" timestamp="2022-10-31T14:33:51.5018217+03:00">
        <Text>[xUnit.net 00:00:03.34]     IntegrationTests.TestActionsWithUsers.TestAdminGetUserByIDAsync [FAIL]</Text>
      </RunInfo>
      <RunInfo computerName="DESKTOP-TJ9D65N" outcome="Error" timestamp="2022-10-31T14:33:51.5197637+03:00">
        <Text>[xUnit.net 00:00:03.36]     IntegrationTests.TestActionsWithSlopes.TestAdminAddAutoIncrementSlopeAsync(slope: Slope { SlopeID = 107, SlopeName = slopeName32f1627b-a8dc-4448-933b-9ef49489aecc, IsOpen = True, DifficultyLevel = 104, ConnectedLifts =  }) [FAIL]</Text>
      </RunInfo>
      <RunInfo computerName="DESKTOP-TJ9D65N" outcome="Error" timestamp="2022-10-31T14:33:51.5343093+03:00">
        <Text>[xUnit.net 00:00:03.37]     IntegrationTests.TestActionsWithSlopes.TestGetSlopesInfoAsync(initialSlopes: [Slope { SlopeID = 245, SlopeName = slopeName1af5bf6c-248f-4e24-814e-7511bd874285, IsOpen = True, DifficultyLevel = 46, ConnectedLifts =  }, Slope { SlopeID = 70, SlopeName = slopeName2744ee69-6277-4de1-9bf7-401484f5dca9, IsOpen = False, DifficultyLevel = 75, ConnectedLifts =  }, Slope { SlopeID = 195, SlopeName = slopeName2ff9947e-a967-4e17-94e2-a92270ec5ddd, IsOpen = True, DifficultyLevel = 161, ConnectedLifts =  }]) [FAIL]</Text>
      </RunInfo>
      <RunInfo computerName="DESKTOP-TJ9D65N" outcome="Error" timestamp="2022-10-31T14:33:51.5589262+03:00">
        <Text>[xUnit.net 00:00:03.39]     IntegrationTests.TestActionsWithSlopes.TestAdminDeleteSlopeAsync(slope: Slope { SlopeID = 230, SlopeName = slopeNamebb7e9f56-cb2f-46ce-84d1-674d38dccd5b, IsOpen = True, DifficultyLevel = 126, ConnectedLifts =  }) [FAIL]</Text>
      </RunInfo>
      <RunInfo computerName="DESKTOP-TJ9D65N" outcome="Error" timestamp="2022-10-31T14:33:51.5667945+03:00">
        <Text>[xUnit.net 00:00:03.40]     IntegrationTests.TestActionsWithSlopes.TestUpdateSlopeInfoAsync(slope: Slope { SlopeID = 239, SlopeName = slopeNamecfb47a6c-2edd-45d3-bce8-a16631932a07, IsOpen = True, DifficultyLevel = 114, ConnectedLifts =  }) [FAIL]</Text>
      </RunInfo>
      <RunInfo computerName="DESKTOP-TJ9D65N" outcome="Error" timestamp="2022-10-31T14:33:51.5786276+03:00">
        <Text>[xUnit.net 00:00:03.41]     IntegrationTests.TestActionsWithSlopes.TestGetSlopeInfoAsync(slope: Slope { SlopeID = 33, SlopeName = slopeName466ad873-83b8-48f6-8e36-d82ae4f1a820, IsOpen = True, DifficultyLevel = 217, ConnectedLifts =  }) [FAIL]</Text>
      </RunInfo>
      <RunInfo computerName="DESKTOP-TJ9D65N" outcome="Error" timestamp="2022-10-31T14:33:51.5905083+03:00">
        <Text>[xUnit.net 00:00:03.43]     IntegrationTests.TestActionsWithSlopes.TestAdminAddSlopeAsync(slope: Slope { SlopeID = 139, SlopeName = slopeNameba732794-4a13-49f8-98f6-5d0d40a7100c, IsOpen = True, DifficultyLevel = 181, ConnectedLifts =  }) [FAIL]</Text>
      </RunInfo>
      <RunInfo computerName="DESKTOP-TJ9D65N" outcome="Error" timestamp="2022-10-31T14:33:51.6018634+03:00">
        <Text>[xUnit.net 00:00:03.44]     IntegrationTests.TestActionsWithTurnstiles.TestAdminGetTurnstileAsync(turnstile: Turnstile { TurnstileID = 161, LiftID = 112, IsOpen = True }) [FAIL]</Text>
      </RunInfo>
      <RunInfo computerName="DESKTOP-TJ9D65N" outcome="Error" timestamp="2022-10-31T14:33:51.6138132+03:00">
        <Text>[xUnit.net 00:00:03.45]     IntegrationTests.TestActionsWithTurnstiles.TestAdminUpdateTurnstileAsync(turnstile: Turnstile { TurnstileID = 64, LiftID = 9, IsOpen = True }) [FAIL]</Text>
      </RunInfo>
      <RunInfo computerName="DESKTOP-TJ9D65N" outcome="Error" timestamp="2022-10-31T14:33:51.6251011+03:00">
        <Text>[xUnit.net 00:00:03.46]     IntegrationTests.TestActionsWithTurnstiles.TestAdminGetTurnstilesAsync(initialTurnstiles: [Turnstile { TurnstileID = 217, LiftID = 34, IsOpen = True }, Turnstile { TurnstileID = 83, LiftID = 36, IsOpen = False }, Turnstile { TurnstileID = 147, LiftID = 184, IsOpen = True }]) [FAIL]</Text>
      </RunInfo>
      <RunInfo computerName="DESKTOP-TJ9D65N" outcome="Error" timestamp="2022-10-31T14:33:51.6384921+03:00">
        <Text>[xUnit.net 00:00:03.47]     IntegrationTests.TestActionsWithTurnstiles.TestAdminAddAutoIncrementTurnstileAsync(turnstile: Turnstile { TurnstileID = 72, LiftID = 131, IsOpen = True }) [FAIL]</Text>
      </RunInfo>
      <RunInfo computerName="DESKTOP-TJ9D65N" outcome="Error" timestamp="2022-10-31T14:33:51.6525763+03:00">
        <Text>[xUnit.net 00:00:03.49]     IntegrationTests.TestActionsWithTurnstiles.TestAdminDeleteTurnstileAsync(turnstile: Turnstile { TurnstileID = 85, LiftID = 146, IsOpen = True }) [FAIL]</Text>
      </RunInfo>
      <RunInfo computerName="DESKTOP-TJ9D65N" outcome="Error" timestamp="2022-10-31T14:33:51.6714400+03:00">
        <Text>[xUnit.net 00:00:03.50]     IntegrationTests.TestActionsWithLiftsSlopes.TestAdminDeleteLiftSlopeAsync(lift: Lift { LiftID = 22, LiftName = liftNamef1041f7a-8682-43af-b1a8-0a96b0c3cbc4, IsOpen = True, SeatsAmount = 130, LiftingTime = 118, QueueTime = 183, ConnectedSlopes =  }, slope: Slope { SlopeID = 203, SlopeName = slopeNameba80e7ae-fd8f-48fa-9c88-0f72573f1500, IsOpen = False, DifficultyLevel = 100, ConnectedLifts =  }) [FAIL]</Text>
      </RunInfo>
      <RunInfo computerName="DESKTOP-TJ9D65N" outcome="Error" timestamp="2022-10-31T14:33:51.6877670+03:00">
        <Text>[xUnit.net 00:00:03.52]     IntegrationTests.TestActionsWithLiftsSlopes.TestGetLiftsSlopesInfoAsync(liftsSlopes: [LiftSlope { RecordID = 210, LiftID = 43, SlopeID = 190 }, LiftSlope { RecordID = 197, LiftID = 38, SlopeID = 154 }, LiftSlope { RecordID = 153, LiftID = 24, SlopeID = 83 }]) [FAIL]</Text>
      </RunInfo>
      <RunInfo computerName="DESKTOP-TJ9D65N" outcome="Error" timestamp="2022-10-31T14:33:51.7118496+03:00">
        <Text>[xUnit.net 00:00:03.55]     IntegrationTests.TestActionsWithLiftsSlopes.TestAdminAddAutoIncrementLiftSlopeAsync(lift: Lift { LiftID = 110, LiftName = liftName3bcea098-553b-4297-9df9-96cd77e74d7e, IsOpen = True, SeatsAmount = 118, LiftingTime = 194, QueueTime = 215, ConnectedSlopes =  }, slope: Slope { SlopeID = 187, SlopeName = slopeName5fc135c9-0f40-4da9-aa03-c6baa76055df, IsOpen = False, DifficultyLevel = 84, ConnectedLifts =  }) [FAIL]</Text>
      </RunInfo>
    </RunInfos>
  </ResultSummary>
</TestRun>