<?xml version="1.0" encoding="utf-8"?>
<TestRun id="4bc54d31-aeb4-47f5-9515-78273cb30d61" name="@DESKTOP-TJ9D65N 2022-11-03 10:04:58" xmlns="http://microsoft.com/schemas/VisualStudio/TeamTest/2010">
  <Times creation="2022-11-03T10:04:58.2578689+03:00" queuing="2022-11-03T10:04:58.2578690+03:00" start="2022-11-03T10:04:54.4857290+03:00" finish="2022-11-03T10:05:16.0946210+03:00" />
  <TestSettings name="default" id="095a1a98-ef58-49b1-bbf5-dc609bb4ba5a">
    <Deployment runDeploymentRoot="_DESKTOP-TJ9D65N_2022-11-03_10_04_58" />
  </TestSettings>
  <Results>
    <UnitTestResult executionId="921cd58f-c8c2-41fb-a949-b491f004baf4" testId="9731a265-4190-ab79-5017-86254d41b4d7" testName="IntegrationTests.TestActionsWithLiftsLifts.TestUpdateLiftInfoAsync(lift: Lift { LiftID = 13, LiftName = liftNamed633b1e5-cea5-46c1-b30c-46d06f361acc, IsOpen = True, SeatsAmount = 37, LiftingTime = 245, QueueTime = 208, ConnectedSlopes =  })" computerName="DESKTOP-TJ9D65N" duration="00:00:00.6398646" startTime="2022-11-03T10:05:13.2777952+03:00" endTime="2022-11-03T10:05:13.2777953+03:00" testType="13cdc9d9-ddb5-4fa4-a97d-d965ccfc6d4b" outcome="Passed" testListId="8c84fa94-04c1-424b-9868-57a2d4851a1d" relativeResultsDirectory="921cd58f-c8c2-41fb-a949-b491f004baf4" />
    <UnitTestResult executionId="bffd817b-2d17-45fe-8f94-ec2500dde04f" testId="66dd22dc-1eae-e713-2ecd-f3c1aa35d917" testName="IntegrationTests.TestActionsWithLiftsSlopes.TestAdminAddAutoIncrementLiftSlopeAsync(lift: Lift { LiftID = 8, LiftName = liftName4d95b49d-599f-45ef-a474-9b626993128a, IsOpen = True, SeatsAmount = 40, LiftingTime = 181, QueueTime = 103, ConnectedSlopes =  }, slope: Slope { SlopeID = 123, SlopeName = slopeName1762bbd6-1251-4a1e-a575-e14e8245b780, IsOpen = False, DifficultyLevel = 129, ConnectedLifts =  })" computerName="DESKTOP-TJ9D65N" duration="00:00:00.6698628" startTime="2022-11-03T10:05:15.3013347+03:00" endTime="2022-11-03T10:05:15.3013348+03:00" testType="13cdc9d9-ddb5-4fa4-a97d-d965ccfc6d4b" outcome="Passed" testListId="8c84fa94-04c1-424b-9868-57a2d4851a1d" relativeResultsDirectory="bffd817b-2d17-45fe-8f94-ec2500dde04f" />
    <UnitTestResult executionId="dc9a8edc-765b-4685-a8d2-95373326d6fc" testId="e3fde877-2412-5acd-a745-e7d34682f74d" testName="IntegrationTests.TestActionsWithSlopes.TestUpdateSlopeInfoAsync(slope: Slope { SlopeID = 201, SlopeName = slopeName0beb33bf-977f-400d-be82-2ba3d4dd7f03, IsOpen = True, DifficultyLevel = 255, ConnectedLifts =  })" computerName="DESKTOP-TJ9D65N" duration="00:00:00.6403543" startTime="2022-11-03T10:05:08.7514708+03:00" endTime="2022-11-03T10:05:08.7514710+03:00" testType="13cdc9d9-ddb5-4fa4-a97d-d965ccfc6d4b" outcome="Passed" testListId="8c84fa94-04c1-424b-9868-57a2d4851a1d" relativeResultsDirectory="dc9a8edc-765b-4685-a8d2-95373326d6fc" />
    <UnitTestResult executionId="94c59d4c-ef2e-4325-bb57-9caa884b0c86" testId="eb643bbe-4455-ed49-e866-383fa20a132c" testName="IntegrationTests.TestActionsWithTurnstiles.TestAdminDeleteTurnstileAsync(turnstile: Turnstile { TurnstileID = 27, LiftID = 126, IsOpen = True })" computerName="DESKTOP-TJ9D65N" duration="00:00:00.6130981" startTime="2022-11-03T10:05:06.0875706+03:00" endTime="2022-11-03T10:05:06.0875707+03:00" testType="13cdc9d9-ddb5-4fa4-a97d-d965ccfc6d4b" outcome="Passed" testListId="8c84fa94-04c1-424b-9868-57a2d4851a1d" relativeResultsDirectory="94c59d4c-ef2e-4325-bb57-9caa884b0c86" />
    <UnitTestResult executionId="07cd0947-b883-4f97-a6c9-9e7d893b65ec" testId="2afb6d21-f4e7-13ee-942b-dd680df861b2" testName="IntegrationTests.TestActionsWithSlopes.TestAdminAddSlopeAsync(slope: Slope { SlopeID = 110, SlopeName = slopeName974105dc-cc38-47d5-a891-019bd5f3c859, IsOpen = True, DifficultyLevel = 179, ConnectedLifts =  })" computerName="DESKTOP-TJ9D65N" duration="00:00:00.6393116" startTime="2022-11-03T10:05:08.0884859+03:00" endTime="2022-11-03T10:05:08.0884861+03:00" testType="13cdc9d9-ddb5-4fa4-a97d-d965ccfc6d4b" outcome="Passed" testListId="8c84fa94-04c1-424b-9868-57a2d4851a1d" relativeResultsDirectory="07cd0947-b883-4f97-a6c9-9e7d893b65ec" />
    <UnitTestResult executionId="c692c36f-4a26-4a77-9486-e613a6e620bc" testId="e79dd5f3-c10e-95af-c5eb-28af283d92d1" testName="IntegrationTests.TestActionsWithTurnstiles.TestAdminUpdateTurnstileAsync(turnstile: Turnstile { TurnstileID = 255, LiftID = 30, IsOpen = True })" computerName="DESKTOP-TJ9D65N" duration="00:00:00.6378418" startTime="2022-11-03T10:05:04.7744210+03:00" endTime="2022-11-03T10:05:04.7744214+03:00" testType="13cdc9d9-ddb5-4fa4-a97d-d965ccfc6d4b" outcome="Passed" testListId="8c84fa94-04c1-424b-9868-57a2d4851a1d" relativeResultsDirectory="c692c36f-4a26-4a77-9486-e613a6e620bc" />
    <UnitTestResult executionId="e0e94ad6-13e0-472e-8260-ee33a3ff0a25" testId="a33cf462-dc26-0c31-70f9-cb6b85faafa9" testName="IntegrationTests.TestActionsWithSlopes.TestAdminDeleteSlopeAsync(slope: Slope { SlopeID = 91, SlopeName = slopeName36bd7cc4-d691-4773-bc06-9e335032105e, IsOpen = True, DifficultyLevel = 61, ConnectedLifts =  })" computerName="DESKTOP-TJ9D65N" duration="00:00:00.6311277" startTime="2022-11-03T10:05:10.0299608+03:00" endTime="2022-11-03T10:05:10.0299610+03:00" testType="13cdc9d9-ddb5-4fa4-a97d-d965ccfc6d4b" outcome="Passed" testListId="8c84fa94-04c1-424b-9868-57a2d4851a1d" relativeResultsDirectory="e0e94ad6-13e0-472e-8260-ee33a3ff0a25" />
    <UnitTestResult executionId="47e66b86-3df9-4ac6-ac53-df5c38d0b1d3" testId="e54a4cee-e2a1-889e-b4cd-647e25b91df6" testName="IntegrationTests.TestActionsWithLiftsLifts.TestGetLiftsInfoAsync(initialLifts: [Lift { LiftID = 238, LiftName = liftName0d6cab66-4424-4baf-ba96-a40beb404068, IsOpen = True, SeatsAmount = 224, LiftingTime = 145, QueueTime = 2, ConnectedSlopes =  }, Lift { LiftID = 161, LiftName = liftName1478b442-fff3-4830-a51c-f26e37ad44a4, IsOpen = False, SeatsAmount = 187, LiftingTime = 82, QueueTime = 117, ConnectedSlopes =  }, Lift { LiftID = 61, LiftName = liftNamec31153ce-0854-49b8-9c1d-4041e4fa8ed4, IsOpen = True, SeatsAmount = 104, LiftingTime = 47, QueueTime = 116, ConnectedSlopes =  }])" computerName="DESKTOP-TJ9D65N" duration="00:00:00.6674511" startTime="2022-11-03T10:05:12.6203412+03:00" endTime="2022-11-03T10:05:12.6203414+03:00" testType="13cdc9d9-ddb5-4fa4-a97d-d965ccfc6d4b" outcome="Passed" testListId="8c84fa94-04c1-424b-9868-57a2d4851a1d" relativeResultsDirectory="47e66b86-3df9-4ac6-ac53-df5c38d0b1d3" />
    <UnitTestResult executionId="2118138d-9791-49b3-981e-bc4aa4697b7c" testId="8a671bbd-a679-9554-80f7-33c777475820" testName="IntegrationTests.TestActionsWithTurnstiles.TestAdminGetTurnstilesAsync(initialTurnstiles: [Turnstile { TurnstileID = 59, LiftID = 169, IsOpen = True }, Turnstile { TurnstileID = 77, LiftID = 103, IsOpen = False }, Turnstile { TurnstileID = 65, LiftID = 239, IsOpen = True }])" computerName="DESKTOP-TJ9D65N" duration="00:00:00.6425402" startTime="2022-11-03T10:05:05.4588884+03:00" endTime="2022-11-03T10:05:05.4588885+03:00" testType="13cdc9d9-ddb5-4fa4-a97d-d965ccfc6d4b" outcome="Passed" testListId="8c84fa94-04c1-424b-9868-57a2d4851a1d" relativeResultsDirectory="2118138d-9791-49b3-981e-bc4aa4697b7c" />
    <UnitTestResult executionId="e7da7b88-41d2-4811-82d3-96c43c18a9e5" testId="a060f8fc-23d9-0b4a-895e-5b9a320cd701" testName="IntegrationTests.TestActionsWithTurnstiles.TestAdminAddAutoIncrementTurnstileAsync(turnstile: Turnstile { TurnstileID = 178, LiftID = 238, IsOpen = True })" computerName="DESKTOP-TJ9D65N" duration="00:00:00.6120292" startTime="2022-11-03T10:05:06.7230790+03:00" endTime="2022-11-03T10:05:06.7230794+03:00" testType="13cdc9d9-ddb5-4fa4-a97d-d965ccfc6d4b" outcome="Passed" testListId="8c84fa94-04c1-424b-9868-57a2d4851a1d" relativeResultsDirectory="e7da7b88-41d2-4811-82d3-96c43c18a9e5" />
    <UnitTestResult executionId="353489a6-6a4b-482f-ae35-6e053743af8f" testId="cb8eae24-e7ef-ed7e-d8e9-347d61b13b3a" testName="IntegrationTests.TestActionsWithUsers.TestRegisterUserWithRepeatedEmail" computerName="DESKTOP-TJ9D65N" duration="00:00:00.5675083" startTime="2022-11-03T10:04:59.1415746+03:00" endTime="2022-11-03T10:04:59.1415747+03:00" testType="13cdc9d9-ddb5-4fa4-a97d-d965ccfc6d4b" outcome="Passed" testListId="8c84fa94-04c1-424b-9868-57a2d4851a1d" relativeResultsDirectory="353489a6-6a4b-482f-ae35-6e053743af8f" />
    <UnitTestResult executionId="ace114a8-f43f-40c4-8b9b-328dcbbf662c" testId="5a3a032d-4592-175b-3efe-43eb396e4a4a" testName="IntegrationTests.TestActionsWithLiftsLifts.TestGetLiftInfoAsync(lift: Lift { LiftID = 51, LiftName = liftNamea370a575-bd64-4880-94b2-a35fdb5ffeab, IsOpen = True, SeatsAmount = 166, LiftingTime = 173, QueueTime = 125, ConnectedSlopes =  })" computerName="DESKTOP-TJ9D65N" duration="00:00:00.6084943" startTime="2022-11-03T10:05:11.2844044+03:00" endTime="2022-11-03T10:05:11.2844045+03:00" testType="13cdc9d9-ddb5-4fa4-a97d-d965ccfc6d4b" outcome="Passed" testListId="8c84fa94-04c1-424b-9868-57a2d4851a1d" relativeResultsDirectory="ace114a8-f43f-40c4-8b9b-328dcbbf662c" />
    <UnitTestResult executionId="37ae79c2-4384-4a28-99c4-ac36f28705e0" testId="48375cbc-003d-d0fc-ff6a-cfef4b266dfb" testName="IntegrationTests.TestActionsWithUsers.TestRegisterUserWithNoEmail" computerName="DESKTOP-TJ9D65N" duration="00:00:00.5485173" startTime="2022-11-03T10:05:02.2666457+03:00" endTime="2022-11-03T10:05:02.2666459+03:00" testType="13cdc9d9-ddb5-4fa4-a97d-d965ccfc6d4b" outcome="Passed" testListId="8c84fa94-04c1-424b-9868-57a2d4851a1d" relativeResultsDirectory="37ae79c2-4384-4a28-99c4-ac36f28705e0" />
    <UnitTestResult executionId="1f392fb2-096a-4654-a8e9-0c3bb1be3d48" testId="94a5596f-6774-9585-8006-1b7fdd0f9462" testName="IntegrationTests.TestActionsWithTurnstiles.TestAdminGetTurnstileAsync(turnstile: Turnstile { TurnstileID = 72, LiftID = 220, IsOpen = True })" computerName="DESKTOP-TJ9D65N" duration="00:00:00.6075235" startTime="2022-11-03T10:05:04.1113077+03:00" endTime="2022-11-03T10:05:04.1113079+03:00" testType="13cdc9d9-ddb5-4fa4-a97d-d965ccfc6d4b" outcome="Passed" testListId="8c84fa94-04c1-424b-9868-57a2d4851a1d" relativeResultsDirectory="1f392fb2-096a-4654-a8e9-0c3bb1be3d48" />
    <UnitTestResult executionId="0a97946f-9773-445b-b2a9-5278d24a482f" testId="f6c16940-9206-a3d7-9208-658150d19492" testName="IntegrationTests.TestActionsWithLiftsLifts.TestAdminAddAutoIncrementLiftAsync(lift: Lift { LiftID = 5, LiftName = liftName8d162e90-c94f-4a79-950f-c90435de2edd, IsOpen = True, SeatsAmount = 182, LiftingTime = 11, QueueTime = 41, ConnectedSlopes =  })" computerName="DESKTOP-TJ9D65N" duration="00:00:00.6266002" startTime="2022-11-03T10:05:13.9199234+03:00" endTime="2022-11-03T10:05:13.9199238+03:00" testType="13cdc9d9-ddb5-4fa4-a97d-d965ccfc6d4b" outcome="Passed" testListId="8c84fa94-04c1-424b-9868-57a2d4851a1d" relativeResultsDirectory="0a97946f-9773-445b-b2a9-5278d24a482f" />
    <UnitTestResult executionId="88c6ca42-02c3-495b-914c-456ca3f8ec02" testId="45fe0df1-c885-2f7e-8187-832190c2786d" testName="IntegrationTests.TestActionsWithUsers.TestLogInOk" computerName="DESKTOP-TJ9D65N" duration="00:00:00.5784356" startTime="2022-11-03T10:04:58.5601088+03:00" endTime="2022-11-03T10:04:58.5601089+03:00" testType="13cdc9d9-ddb5-4fa4-a97d-d965ccfc6d4b" outcome="Passed" testListId="8c84fa94-04c1-424b-9868-57a2d4851a1d" relativeResultsDirectory="88c6ca42-02c3-495b-914c-456ca3f8ec02" />
    <UnitTestResult executionId="12f141ef-d935-4f3a-bf27-7ac0b7e1703f" testId="4cb00835-9baf-d879-0d4f-e1faeb165580" testName="IntegrationTests.TestActionsWithLiftsSlopes.TestAdminDeleteLiftSlopeAsync(lift: Lift { LiftID = 55, LiftName = liftName05a8f1c2-effb-4ece-ba67-3ba7d933742e, IsOpen = True, SeatsAmount = 192, LiftingTime = 205, QueueTime = 1, ConnectedSlopes =  }, slope: Slope { SlopeID = 57, SlopeName = slopeName6b3911e3-16fd-454e-8020-3a8a240186c0, IsOpen = False, DifficultyLevel = 187, ConnectedLifts =  })" computerName="DESKTOP-TJ9D65N" duration="00:00:00.6796905" startTime="2022-11-03T10:05:15.9954256+03:00" endTime="2022-11-03T10:05:15.9954257+03:00" testType="13cdc9d9-ddb5-4fa4-a97d-d965ccfc6d4b" outcome="Passed" testListId="8c84fa94-04c1-424b-9868-57a2d4851a1d" relativeResultsDirectory="12f141ef-d935-4f3a-bf27-7ac0b7e1703f" />
    <UnitTestResult executionId="a701ae1a-8f1c-4d3c-8825-a76917b93a72" testId="469b101f-8633-a685-8d5b-bdbf8dc340c5" testName="IntegrationTests.TestActionsWithSlopes.TestGetSlopesInfoAsync(initialSlopes: [Slope { SlopeID = 250, SlopeName = slopeName071b0883-ce8e-4dbf-a83f-e45f9d9f24df, IsOpen = True, DifficultyLevel = 199, ConnectedLifts =  }, Slope { SlopeID = 2, SlopeName = slopeName06558ac4-3b1a-4fe6-9965-dce1a02599f4, IsOpen = False, DifficultyLevel = 122, ConnectedLifts =  }, Slope { SlopeID = 237, SlopeName = slopeNameb9e83372-d321-48b7-b6da-f19df0875153, IsOpen = True, DifficultyLevel = 187, ConnectedLifts =  }])" computerName="DESKTOP-TJ9D65N" duration="00:00:00.6728370" startTime="2022-11-03T10:05:07.4297489+03:00" endTime="2022-11-03T10:05:07.4297491+03:00" testType="13cdc9d9-ddb5-4fa4-a97d-d965ccfc6d4b" outcome="Passed" testListId="8c84fa94-04c1-424b-9868-57a2d4851a1d" relativeResultsDirectory="a701ae1a-8f1c-4d3c-8825-a76917b93a72" />
    <UnitTestResult executionId="23fc73eb-d5e7-4bd8-b332-33bfd3bd8e1a" testId="ff7498f5-0040-02aa-c4a0-6ace1e104d40" testName="IntegrationTests.TestActionsWithLiftsLifts.TestAdminDeleteLiftAsync(lift: Lift { LiftID = 217, LiftName = liftName80faa00b-d990-4f05-9fca-112e5ee8d6cc, IsOpen = True, SeatsAmount = 197, LiftingTime = 44, QueueTime = 238, ConnectedSlopes =  })" computerName="DESKTOP-TJ9D65N" duration="00:00:00.6388895" startTime="2022-11-03T10:05:11.9384410+03:00" endTime="2022-11-03T10:05:11.9384411+03:00" testType="13cdc9d9-ddb5-4fa4-a97d-d965ccfc6d4b" outcome="Passed" testListId="8c84fa94-04c1-424b-9868-57a2d4851a1d" relativeResultsDirectory="23fc73eb-d5e7-4bd8-b332-33bfd3bd8e1a" />
    <UnitTestResult executionId="906e47d8-e7e2-4daf-b964-40d9afe72eb8" testId="640a72f6-5583-6636-1a54-8396abe99588" testName="IntegrationTests.TestActionsWithUsers.TestAdminDeleteUser" computerName="DESKTOP-TJ9D65N" duration="00:00:00.6608621" startTime="2022-11-03T10:05:01.0481234+03:00" endTime="2022-11-03T10:05:01.0481240+03:00" testType="13cdc9d9-ddb5-4fa4-a97d-d965ccfc6d4b" outcome="Passed" testListId="8c84fa94-04c1-424b-9868-57a2d4851a1d" relativeResultsDirectory="906e47d8-e7e2-4daf-b964-40d9afe72eb8" />
    <UnitTestResult executionId="33af4839-a4e9-4c4e-94bb-2ead0055d71b" testId="198a1ae3-83ab-ea18-2e21-87927dc980e2" testName="IntegrationTests.TestActionsWithUsers.TestRegisterUserWithNoPassword" computerName="DESKTOP-TJ9D65N" duration="00:00:00.5729080" startTime="2022-11-03T10:05:02.8572952+03:00" endTime="2022-11-03T10:05:02.8572955+03:00" testType="13cdc9d9-ddb5-4fa4-a97d-d965ccfc6d4b" outcome="Passed" testListId="8c84fa94-04c1-424b-9868-57a2d4851a1d" relativeResultsDirectory="33af4839-a4e9-4c4e-94bb-2ead0055d71b" />
    <UnitTestResult executionId="cd3d64a8-3002-4481-b03d-53e09d723b83" testId="682d3b16-d8d9-d658-4906-fcc748843214" testName="IntegrationTests.TestActionsWithUsers.TestAdminGetUsers" computerName="DESKTOP-TJ9D65N" duration="00:00:00.5981754" startTime="2022-11-03T10:05:01.6982487+03:00" endTime="2022-11-03T10:05:01.6982489+03:00" testType="13cdc9d9-ddb5-4fa4-a97d-d965ccfc6d4b" outcome="Passed" testListId="8c84fa94-04c1-424b-9868-57a2d4851a1d" relativeResultsDirectory="cd3d64a8-3002-4481-b03d-53e09d723b83" />
    <UnitTestResult executionId="48fc7244-9c71-4678-b95c-787b6ecabb52" testId="593087f0-c7ab-1991-c3ee-af523cc03ada" testName="IntegrationTests.TestActionsWithUsers.TestAdminGetUserByIDAsync" computerName="DESKTOP-TJ9D65N" duration="00:00:00.5946258" startTime="2022-11-03T10:05:03.4867493+03:00" endTime="2022-11-03T10:05:03.4867496+03:00" testType="13cdc9d9-ddb5-4fa4-a97d-d965ccfc6d4b" outcome="Passed" testListId="8c84fa94-04c1-424b-9868-57a2d4851a1d" relativeResultsDirectory="48fc7244-9c71-4678-b95c-787b6ecabb52" />
    <UnitTestResult executionId="8ffd4a91-f882-4e6b-aab5-387439a0ab02" testId="d78ba6d0-dfa8-fa6f-4cc8-23966ee34980" testName="IntegrationTests.TestActionsWithUsers.TestRegisterOk" computerName="DESKTOP-TJ9D65N" duration="00:00:00.6002842" startTime="2022-11-03T10:05:00.3597000+03:00" endTime="2022-11-03T10:05:00.3597003+03:00" testType="13cdc9d9-ddb5-4fa4-a97d-d965ccfc6d4b" outcome="Passed" testListId="8c84fa94-04c1-424b-9868-57a2d4851a1d" relativeResultsDirectory="8ffd4a91-f882-4e6b-aab5-387439a0ab02" />
    <UnitTestResult executionId="a1286424-ae3a-474e-b2b5-edfe9a526124" testId="63be1f92-7da8-a66e-02df-a6e75143687a" testName="IntegrationTests.TestActionsWithLiftsSlopes.TestGetLiftsSlopesInfoAsync(liftsSlopes: [LiftSlope { RecordID = 184, LiftID = 166, SlopeID = 190 }, LiftSlope { RecordID = 169, LiftID = 5, SlopeID = 7 }, LiftSlope { RecordID = 41, LiftID = 181, SlopeID = 89 }])" computerName="DESKTOP-TJ9D65N" duration="00:00:00.6480660" startTime="2022-11-03T10:05:14.6133352+03:00" endTime="2022-11-03T10:05:14.6133353+03:00" testType="13cdc9d9-ddb5-4fa4-a97d-d965ccfc6d4b" outcome="Passed" testListId="8c84fa94-04c1-424b-9868-57a2d4851a1d" relativeResultsDirectory="a1286424-ae3a-474e-b2b5-edfe9a526124" />
    <UnitTestResult executionId="65835bc4-3e61-47d6-bdea-89ee9f4063bc" testId="479b875f-d623-ae0a-ff97-dc49a4f2a217" testName="IntegrationTests.TestActionsWithUsers.TestLogInWithWrongPassword" computerName="DESKTOP-TJ9D65N" duration="00:00:00.5723504" startTime="2022-11-03T10:04:59.7299409+03:00" endTime="2022-11-03T10:04:59.7299412+03:00" testType="13cdc9d9-ddb5-4fa4-a97d-d965ccfc6d4b" outcome="Passed" testListId="8c84fa94-04c1-424b-9868-57a2d4851a1d" relativeResultsDirectory="65835bc4-3e61-47d6-bdea-89ee9f4063bc" />
    <UnitTestResult executionId="dbbb3e2a-5190-43eb-afef-c270581b88d7" testId="a5234f2b-ffcd-8d5f-5896-a081b06a3975" testName="IntegrationTests.TestActionsWithSlopes.TestGetSlopeInfoAsync(slope: Slope { SlopeID = 99, SlopeName = slopeNamea17187b6-4ce3-467e-bb0f-a92b2e96d83a, IsOpen = True, DifficultyLevel = 45, ConnectedLifts =  })" computerName="DESKTOP-TJ9D65N" duration="00:00:00.6083503" startTime="2022-11-03T10:05:10.6569634+03:00" endTime="2022-11-03T10:05:10.6569636+03:00" testType="13cdc9d9-ddb5-4fa4-a97d-d965ccfc6d4b" outcome="Passed" testListId="8c84fa94-04c1-424b-9868-57a2d4851a1d" relativeResultsDirectory="dbbb3e2a-5190-43eb-afef-c270581b88d7" />
    <UnitTestResult executionId="7526cc74-0b88-464e-aae5-aabe837151fe" testId="26a3ed7b-f58f-b931-d8c6-d1d1687098ba" testName="IntegrationTests.TestActionsWithUsers.TestAdminAddAutoIncrementUser" computerName="DESKTOP-TJ9D65N" duration="00:00:00.6132298" startTime="2022-11-03T10:04:57.9095802+03:00" endTime="2022-11-03T10:04:57.9095802+03:00" testType="13cdc9d9-ddb5-4fa4-a97d-d965ccfc6d4b" outcome="Passed" testListId="8c84fa94-04c1-424b-9868-57a2d4851a1d" relativeResultsDirectory="7526cc74-0b88-464e-aae5-aabe837151fe" />
    <UnitTestResult executionId="1a057a8a-2c9d-41af-a5a7-3a2705fa0d5c" testId="6e999f90-ce49-ff1c-0d8b-eda2489beeef" testName="IntegrationTests.TestActionsWithSlopes.TestAdminAddAutoIncrementSlopeAsync(slope: Slope { SlopeID = 160, SlopeName = slopeNamecd081e30-d634-49b8-bf44-789be7630ebf, IsOpen = True, DifficultyLevel = 58, ConnectedLifts =  })" computerName="DESKTOP-TJ9D65N" duration="00:00:00.6176055" startTime="2022-11-03T10:05:09.3836664+03:00" endTime="2022-11-03T10:05:09.3836666+03:00" testType="13cdc9d9-ddb5-4fa4-a97d-d965ccfc6d4b" outcome="Passed" testListId="8c84fa94-04c1-424b-9868-57a2d4851a1d" relativeResultsDirectory="1a057a8a-2c9d-41af-a5a7-3a2705fa0d5c" />
    <UnitTestResult executionId="df3dc618-b7ac-47c8-bb28-bd53abfe07db" testId="61a0d3cb-1290-855e-f649-c3c1c190f4b1" testName="IntegrationTests.TestActionsWithUsers.TestAdminUpdateUser" computerName="DESKTOP-TJ9D65N" duration="00:00:00.6836730" startTime="2022-11-03T10:04:57.2581700+03:00" endTime="2022-11-03T10:04:57.2581948+03:00" testType="13cdc9d9-ddb5-4fa4-a97d-d965ccfc6d4b" outcome="Passed" testListId="8c84fa94-04c1-424b-9868-57a2d4851a1d" relativeResultsDirectory="df3dc618-b7ac-47c8-bb28-bd53abfe07db" />
  </Results>
  <TestDefinitions>
    <UnitTest name="IntegrationTests.TestActionsWithUsers.TestRegisterOk" storage="/mnt/c/users/alena/desktop/7_sem/testing_and_debugging/skiresort/integrationtests/bin/debug/net6.0/integrationtests.dll" id="d78ba6d0-dfa8-fa6f-4cc8-23966ee34980">
      <Execution id="8ffd4a91-f882-4e6b-aab5-387439a0ab02" />
      <TestMethod codeBase="/mnt/c/Users/alena/Desktop/7_sem/testing_and_debugging/SkiResort/IntegrationTests/bin/Debug/net6.0/IntegrationTests.dll" adapterTypeName="executor://xunit/VsTestRunner2/netcoreapp" className="IntegrationTests.TestActionsWithUsers" name="TestRegisterOk" />
    </UnitTest>
    <UnitTest name="IntegrationTests.TestActionsWithUsers.TestRegisterUserWithNoPassword" storage="/mnt/c/users/alena/desktop/7_sem/testing_and_debugging/skiresort/integrationtests/bin/debug/net6.0/integrationtests.dll" id="198a1ae3-83ab-ea18-2e21-87927dc980e2">
      <Execution id="33af4839-a4e9-4c4e-94bb-2ead0055d71b" />
      <TestMethod codeBase="/mnt/c/Users/alena/Desktop/7_sem/testing_and_debugging/SkiResort/IntegrationTests/bin/Debug/net6.0/IntegrationTests.dll" adapterTypeName="executor://xunit/VsTestRunner2/netcoreapp" className="IntegrationTests.TestActionsWithUsers" name="TestRegisterUserWithNoPassword" />
    </UnitTest>
    <UnitTest name="IntegrationTests.TestActionsWithLiftsLifts.TestUpdateLiftInfoAsync(lift: Lift { LiftID = 13, LiftName = liftNamed633b1e5-cea5-46c1-b30c-46d06f361acc, IsOpen = True, SeatsAmount = 37, LiftingTime = 245, QueueTime = 208, ConnectedSlopes =  })" storage="/mnt/c/users/alena/desktop/7_sem/testing_and_debugging/skiresort/integrationtests/bin/debug/net6.0/integrationtests.dll" id="9731a265-4190-ab79-5017-86254d41b4d7">
      <Execution id="921cd58f-c8c2-41fb-a949-b491f004baf4" />
      <TestMethod codeBase="/mnt/c/Users/alena/Desktop/7_sem/testing_and_debugging/SkiResort/IntegrationTests/bin/Debug/net6.0/IntegrationTests.dll" adapterTypeName="executor://xunit/VsTestRunner2/netcoreapp" className="IntegrationTests.TestActionsWithLiftsLifts" name="TestUpdateLiftInfoAsync" />
    </UnitTest>
    <UnitTest name="IntegrationTests.TestActionsWithUsers.TestLogInOk" storage="/mnt/c/users/alena/desktop/7_sem/testing_and_debugging/skiresort/integrationtests/bin/debug/net6.0/integrationtests.dll" id="45fe0df1-c885-2f7e-8187-832190c2786d">
      <Execution id="88c6ca42-02c3-495b-914c-456ca3f8ec02" />
      <TestMethod codeBase="/mnt/c/Users/alena/Desktop/7_sem/testing_and_debugging/SkiResort/IntegrationTests/bin/Debug/net6.0/IntegrationTests.dll" adapterTypeName="executor://xunit/VsTestRunner2/netcoreapp" className="IntegrationTests.TestActionsWithUsers" name="TestLogInOk" />
    </UnitTest>
    <UnitTest name="IntegrationTests.TestActionsWithTurnstiles.TestAdminGetTurnstileAsync(turnstile: Turnstile { TurnstileID = 72, LiftID = 220, IsOpen = True })" storage="/mnt/c/users/alena/desktop/7_sem/testing_and_debugging/skiresort/integrationtests/bin/debug/net6.0/integrationtests.dll" id="94a5596f-6774-9585-8006-1b7fdd0f9462">
      <Execution id="1f392fb2-096a-4654-a8e9-0c3bb1be3d48" />
      <TestMethod codeBase="/mnt/c/Users/alena/Desktop/7_sem/testing_and_debugging/SkiResort/IntegrationTests/bin/Debug/net6.0/IntegrationTests.dll" adapterTypeName="executor://xunit/VsTestRunner2/netcoreapp" className="IntegrationTests.TestActionsWithTurnstiles" name="TestAdminGetTurnstileAsync" />
    </UnitTest>
    <UnitTest name="IntegrationTests.TestActionsWithLiftsSlopes.TestGetLiftsSlopesInfoAsync(liftsSlopes: [LiftSlope { RecordID = 184, LiftID = 166, SlopeID = 190 }, LiftSlope { RecordID = 169, LiftID = 5, SlopeID = 7 }, LiftSlope { RecordID = 41, LiftID = 181, SlopeID = 89 }])" storage="/mnt/c/users/alena/desktop/7_sem/testing_and_debugging/skiresort/integrationtests/bin/debug/net6.0/integrationtests.dll" id="63be1f92-7da8-a66e-02df-a6e75143687a">
      <Execution id="a1286424-ae3a-474e-b2b5-edfe9a526124" />
      <TestMethod codeBase="/mnt/c/Users/alena/Desktop/7_sem/testing_and_debugging/SkiResort/IntegrationTests/bin/Debug/net6.0/IntegrationTests.dll" adapterTypeName="executor://xunit/VsTestRunner2/netcoreapp" className="IntegrationTests.TestActionsWithLiftsSlopes" name="TestGetLiftsSlopesInfoAsync" />
    </UnitTest>
    <UnitTest name="IntegrationTests.TestActionsWithSlopes.TestAdminAddAutoIncrementSlopeAsync(slope: Slope { SlopeID = 160, SlopeName = slopeNamecd081e30-d634-49b8-bf44-789be7630ebf, IsOpen = True, DifficultyLevel = 58, ConnectedLifts =  })" storage="/mnt/c/users/alena/desktop/7_sem/testing_and_debugging/skiresort/integrationtests/bin/debug/net6.0/integrationtests.dll" id="6e999f90-ce49-ff1c-0d8b-eda2489beeef">
      <Execution id="1a057a8a-2c9d-41af-a5a7-3a2705fa0d5c" />
      <TestMethod codeBase="/mnt/c/Users/alena/Desktop/7_sem/testing_and_debugging/SkiResort/IntegrationTests/bin/Debug/net6.0/IntegrationTests.dll" adapterTypeName="executor://xunit/VsTestRunner2/netcoreapp" className="IntegrationTests.TestActionsWithSlopes" name="TestAdminAddAutoIncrementSlopeAsync" />
    </UnitTest>
    <UnitTest name="IntegrationTests.TestActionsWithSlopes.TestAdminAddSlopeAsync(slope: Slope { SlopeID = 110, SlopeName = slopeName974105dc-cc38-47d5-a891-019bd5f3c859, IsOpen = True, DifficultyLevel = 179, ConnectedLifts =  })" storage="/mnt/c/users/alena/desktop/7_sem/testing_and_debugging/skiresort/integrationtests/bin/debug/net6.0/integrationtests.dll" id="2afb6d21-f4e7-13ee-942b-dd680df861b2">
      <Execution id="07cd0947-b883-4f97-a6c9-9e7d893b65ec" />
      <TestMethod codeBase="/mnt/c/Users/alena/Desktop/7_sem/testing_and_debugging/SkiResort/IntegrationTests/bin/Debug/net6.0/IntegrationTests.dll" adapterTypeName="executor://xunit/VsTestRunner2/netcoreapp" className="IntegrationTests.TestActionsWithSlopes" name="TestAdminAddSlopeAsync" />
    </UnitTest>
    <UnitTest name="IntegrationTests.TestActionsWithTurnstiles.TestAdminAddAutoIncrementTurnstileAsync(turnstile: Turnstile { TurnstileID = 178, LiftID = 238, IsOpen = True })" storage="/mnt/c/users/alena/desktop/7_sem/testing_and_debugging/skiresort/integrationtests/bin/debug/net6.0/integrationtests.dll" id="a060f8fc-23d9-0b4a-895e-5b9a320cd701">
      <Execution id="e7da7b88-41d2-4811-82d3-96c43c18a9e5" />
      <TestMethod codeBase="/mnt/c/Users/alena/Desktop/7_sem/testing_and_debugging/SkiResort/IntegrationTests/bin/Debug/net6.0/IntegrationTests.dll" adapterTypeName="executor://xunit/VsTestRunner2/netcoreapp" className="IntegrationTests.TestActionsWithTurnstiles" name="TestAdminAddAutoIncrementTurnstileAsync" />
    </UnitTest>
    <UnitTest name="IntegrationTests.TestActionsWithTurnstiles.TestAdminUpdateTurnstileAsync(turnstile: Turnstile { TurnstileID = 255, LiftID = 30, IsOpen = True })" storage="/mnt/c/users/alena/desktop/7_sem/testing_and_debugging/skiresort/integrationtests/bin/debug/net6.0/integrationtests.dll" id="e79dd5f3-c10e-95af-c5eb-28af283d92d1">
      <Execution id="c692c36f-4a26-4a77-9486-e613a6e620bc" />
      <TestMethod codeBase="/mnt/c/Users/alena/Desktop/7_sem/testing_and_debugging/SkiResort/IntegrationTests/bin/Debug/net6.0/IntegrationTests.dll" adapterTypeName="executor://xunit/VsTestRunner2/netcoreapp" className="IntegrationTests.TestActionsWithTurnstiles" name="TestAdminUpdateTurnstileAsync" />
    </UnitTest>
    <UnitTest name="IntegrationTests.TestActionsWithUsers.TestRegisterUserWithRepeatedEmail" storage="/mnt/c/users/alena/desktop/7_sem/testing_and_debugging/skiresort/integrationtests/bin/debug/net6.0/integrationtests.dll" id="cb8eae24-e7ef-ed7e-d8e9-347d61b13b3a">
      <Execution id="353489a6-6a4b-482f-ae35-6e053743af8f" />
      <TestMethod codeBase="/mnt/c/Users/alena/Desktop/7_sem/testing_and_debugging/SkiResort/IntegrationTests/bin/Debug/net6.0/IntegrationTests.dll" adapterTypeName="executor://xunit/VsTestRunner2/netcoreapp" className="IntegrationTests.TestActionsWithUsers" name="TestRegisterUserWithRepeatedEmail" />
    </UnitTest>
    <UnitTest name="IntegrationTests.TestActionsWithSlopes.TestGetSlopeInfoAsync(slope: Slope { SlopeID = 99, SlopeName = slopeNamea17187b6-4ce3-467e-bb0f-a92b2e96d83a, IsOpen = True, DifficultyLevel = 45, ConnectedLifts =  })" storage="/mnt/c/users/alena/desktop/7_sem/testing_and_debugging/skiresort/integrationtests/bin/debug/net6.0/integrationtests.dll" id="a5234f2b-ffcd-8d5f-5896-a081b06a3975">
      <Execution id="dbbb3e2a-5190-43eb-afef-c270581b88d7" />
      <TestMethod codeBase="/mnt/c/Users/alena/Desktop/7_sem/testing_and_debugging/SkiResort/IntegrationTests/bin/Debug/net6.0/IntegrationTests.dll" adapterTypeName="executor://xunit/VsTestRunner2/netcoreapp" className="IntegrationTests.TestActionsWithSlopes" name="TestGetSlopeInfoAsync" />
    </UnitTest>
    <UnitTest name="IntegrationTests.TestActionsWithLiftsSlopes.TestAdminDeleteLiftSlopeAsync(lift: Lift { LiftID = 55, LiftName = liftName05a8f1c2-effb-4ece-ba67-3ba7d933742e, IsOpen = True, SeatsAmount = 192, LiftingTime = 205, QueueTime = 1, ConnectedSlopes =  }, slope: Slope { SlopeID = 57, SlopeName = slopeName6b3911e3-16fd-454e-8020-3a8a240186c0, IsOpen = False, DifficultyLevel = 187, ConnectedLifts =  })" storage="/mnt/c/users/alena/desktop/7_sem/testing_and_debugging/skiresort/integrationtests/bin/debug/net6.0/integrationtests.dll" id="4cb00835-9baf-d879-0d4f-e1faeb165580">
      <Execution id="12f141ef-d935-4f3a-bf27-7ac0b7e1703f" />
      <TestMethod codeBase="/mnt/c/Users/alena/Desktop/7_sem/testing_and_debugging/SkiResort/IntegrationTests/bin/Debug/net6.0/IntegrationTests.dll" adapterTypeName="executor://xunit/VsTestRunner2/netcoreapp" className="IntegrationTests.TestActionsWithLiftsSlopes" name="TestAdminDeleteLiftSlopeAsync" />
    </UnitTest>
    <UnitTest name="IntegrationTests.TestActionsWithUsers.TestLogInWithWrongPassword" storage="/mnt/c/users/alena/desktop/7_sem/testing_and_debugging/skiresort/integrationtests/bin/debug/net6.0/integrationtests.dll" id="479b875f-d623-ae0a-ff97-dc49a4f2a217">
      <Execution id="65835bc4-3e61-47d6-bdea-89ee9f4063bc" />
      <TestMethod codeBase="/mnt/c/Users/alena/Desktop/7_sem/testing_and_debugging/SkiResort/IntegrationTests/bin/Debug/net6.0/IntegrationTests.dll" adapterTypeName="executor://xunit/VsTestRunner2/netcoreapp" className="IntegrationTests.TestActionsWithUsers" name="TestLogInWithWrongPassword" />
    </UnitTest>
    <UnitTest name="IntegrationTests.TestActionsWithUsers.TestAdminDeleteUser" storage="/mnt/c/users/alena/desktop/7_sem/testing_and_debugging/skiresort/integrationtests/bin/debug/net6.0/integrationtests.dll" id="640a72f6-5583-6636-1a54-8396abe99588">
      <Execution id="906e47d8-e7e2-4daf-b964-40d9afe72eb8" />
      <TestMethod codeBase="/mnt/c/Users/alena/Desktop/7_sem/testing_and_debugging/SkiResort/IntegrationTests/bin/Debug/net6.0/IntegrationTests.dll" adapterTypeName="executor://xunit/VsTestRunner2/netcoreapp" className="IntegrationTests.TestActionsWithUsers" name="TestAdminDeleteUser" />
    </UnitTest>
    <UnitTest name="IntegrationTests.TestActionsWithTurnstiles.TestAdminGetTurnstilesAsync(initialTurnstiles: [Turnstile { TurnstileID = 59, LiftID = 169, IsOpen = True }, Turnstile { TurnstileID = 77, LiftID = 103, IsOpen = False }, Turnstile { TurnstileID = 65, LiftID = 239, IsOpen = True }])" storage="/mnt/c/users/alena/desktop/7_sem/testing_and_debugging/skiresort/integrationtests/bin/debug/net6.0/integrationtests.dll" id="8a671bbd-a679-9554-80f7-33c777475820">
      <Execution id="2118138d-9791-49b3-981e-bc4aa4697b7c" />
      <TestMethod codeBase="/mnt/c/Users/alena/Desktop/7_sem/testing_and_debugging/SkiResort/IntegrationTests/bin/Debug/net6.0/IntegrationTests.dll" adapterTypeName="executor://xunit/VsTestRunner2/netcoreapp" className="IntegrationTests.TestActionsWithTurnstiles" name="TestAdminGetTurnstilesAsync" />
    </UnitTest>
    <UnitTest name="IntegrationTests.TestActionsWithUsers.TestAdminAddAutoIncrementUser" storage="/mnt/c/users/alena/desktop/7_sem/testing_and_debugging/skiresort/integrationtests/bin/debug/net6.0/integrationtests.dll" id="26a3ed7b-f58f-b931-d8c6-d1d1687098ba">
      <Execution id="7526cc74-0b88-464e-aae5-aabe837151fe" />
      <TestMethod codeBase="/mnt/c/Users/alena/Desktop/7_sem/testing_and_debugging/SkiResort/IntegrationTests/bin/Debug/net6.0/IntegrationTests.dll" adapterTypeName="executor://xunit/VsTestRunner2/netcoreapp" className="IntegrationTests.TestActionsWithUsers" name="TestAdminAddAutoIncrementUser" />
    </UnitTest>
    <UnitTest name="IntegrationTests.TestActionsWithSlopes.TestGetSlopesInfoAsync(initialSlopes: [Slope { SlopeID = 250, SlopeName = slopeName071b0883-ce8e-4dbf-a83f-e45f9d9f24df, IsOpen = True, DifficultyLevel = 199, ConnectedLifts =  }, Slope { SlopeID = 2, SlopeName = slopeName06558ac4-3b1a-4fe6-9965-dce1a02599f4, IsOpen = False, DifficultyLevel = 122, ConnectedLifts =  }, Slope { SlopeID = 237, SlopeName = slopeNameb9e83372-d321-48b7-b6da-f19df0875153, IsO..." storage="/mnt/c/users/alena/desktop/7_sem/testing_and_debugging/skiresort/integrationtests/bin/debug/net6.0/integrationtests.dll" id="469b101f-8633-a685-8d5b-bdbf8dc340c5">
      <Execution id="a701ae1a-8f1c-4d3c-8825-a76917b93a72" />
      <TestMethod codeBase="/mnt/c/Users/alena/Desktop/7_sem/testing_and_debugging/SkiResort/IntegrationTests/bin/Debug/net6.0/IntegrationTests.dll" adapterTypeName="executor://xunit/VsTestRunner2/netcoreapp" className="IntegrationTests.TestActionsWithSlopes" name="TestGetSlopesInfoAsync" />
    </UnitTest>
    <UnitTest name="IntegrationTests.TestActionsWithLiftsSlopes.TestAdminAddAutoIncrementLiftSlopeAsync(lift: Lift { LiftID = 8, LiftName = liftName4d95b49d-599f-45ef-a474-9b626993128a, IsOpen = True, SeatsAmount = 40, LiftingTime = 181, QueueTime = 103, ConnectedSlopes =  }, slope: Slope { SlopeID = 123, SlopeName = slopeName1762bbd6-1251-4a1e-a575-e14e8245b780, IsOpen = False, DifficultyLevel = 129, ConnectedLifts =  })" storage="/mnt/c/users/alena/desktop/7_sem/testing_and_debugging/skiresort/integrationtests/bin/debug/net6.0/integrationtests.dll" id="66dd22dc-1eae-e713-2ecd-f3c1aa35d917">
      <Execution id="bffd817b-2d17-45fe-8f94-ec2500dde04f" />
      <TestMethod codeBase="/mnt/c/Users/alena/Desktop/7_sem/testing_and_debugging/SkiResort/IntegrationTests/bin/Debug/net6.0/IntegrationTests.dll" adapterTypeName="executor://xunit/VsTestRunner2/netcoreapp" className="IntegrationTests.TestActionsWithLiftsSlopes" name="TestAdminAddAutoIncrementLiftSlopeAsync" />
    </UnitTest>
    <UnitTest name="IntegrationTests.TestActionsWithUsers.TestAdminUpdateUser" storage="/mnt/c/users/alena/desktop/7_sem/testing_and_debugging/skiresort/integrationtests/bin/debug/net6.0/integrationtests.dll" id="61a0d3cb-1290-855e-f649-c3c1c190f4b1">
      <Execution id="df3dc618-b7ac-47c8-bb28-bd53abfe07db" />
      <TestMethod codeBase="/mnt/c/Users/alena/Desktop/7_sem/testing_and_debugging/SkiResort/IntegrationTests/bin/Debug/net6.0/IntegrationTests.dll" adapterTypeName="executor://xunit/VsTestRunner2/netcoreapp" className="IntegrationTests.TestActionsWithUsers" name="TestAdminUpdateUser" />
    </UnitTest>
    <UnitTest name="IntegrationTests.TestActionsWithLiftsLifts.TestGetLiftsInfoAsync(initialLifts: [Lift { LiftID = 238, LiftName = liftName0d6cab66-4424-4baf-ba96-a40beb404068, IsOpen = True, SeatsAmount = 224, LiftingTime = 145, QueueTime = 2, ConnectedSlopes =  }, Lift { LiftID = 161, LiftName = liftName1478b442-fff3-4830-a51c-f26e37ad44a4, IsOpen = False, SeatsAmount = 187, LiftingTime = 82, QueueTime = 117, ConnectedSlopes =  }, Lift { LiftID = 61, LiftNa..." storage="/mnt/c/users/alena/desktop/7_sem/testing_and_debugging/skiresort/integrationtests/bin/debug/net6.0/integrationtests.dll" id="e54a4cee-e2a1-889e-b4cd-647e25b91df6">
      <Execution id="47e66b86-3df9-4ac6-ac53-df5c38d0b1d3" />
      <TestMethod codeBase="/mnt/c/Users/alena/Desktop/7_sem/testing_and_debugging/SkiResort/IntegrationTests/bin/Debug/net6.0/IntegrationTests.dll" adapterTypeName="executor://xunit/VsTestRunner2/netcoreapp" className="IntegrationTests.TestActionsWithLiftsLifts" name="TestGetLiftsInfoAsync" />
    </UnitTest>
    <UnitTest name="IntegrationTests.TestActionsWithLiftsLifts.TestGetLiftInfoAsync(lift: Lift { LiftID = 51, LiftName = liftNamea370a575-bd64-4880-94b2-a35fdb5ffeab, IsOpen = True, SeatsAmount = 166, LiftingTime = 173, QueueTime = 125, ConnectedSlopes =  })" storage="/mnt/c/users/alena/desktop/7_sem/testing_and_debugging/skiresort/integrationtests/bin/debug/net6.0/integrationtests.dll" id="5a3a032d-4592-175b-3efe-43eb396e4a4a">
      <Execution id="ace114a8-f43f-40c4-8b9b-328dcbbf662c" />
      <TestMethod codeBase="/mnt/c/Users/alena/Desktop/7_sem/testing_and_debugging/SkiResort/IntegrationTests/bin/Debug/net6.0/IntegrationTests.dll" adapterTypeName="executor://xunit/VsTestRunner2/netcoreapp" className="IntegrationTests.TestActionsWithLiftsLifts" name="TestGetLiftInfoAsync" />
    </UnitTest>
    <UnitTest name="IntegrationTests.TestActionsWithUsers.TestAdminGetUserByIDAsync" storage="/mnt/c/users/alena/desktop/7_sem/testing_and_debugging/skiresort/integrationtests/bin/debug/net6.0/integrationtests.dll" id="593087f0-c7ab-1991-c3ee-af523cc03ada">
      <Execution id="48fc7244-9c71-4678-b95c-787b6ecabb52" />
      <TestMethod codeBase="/mnt/c/Users/alena/Desktop/7_sem/testing_and_debugging/SkiResort/IntegrationTests/bin/Debug/net6.0/IntegrationTests.dll" adapterTypeName="executor://xunit/VsTestRunner2/netcoreapp" className="IntegrationTests.TestActionsWithUsers" name="TestAdminGetUserByIDAsync" />
    </UnitTest>
    <UnitTest name="IntegrationTests.TestActionsWithUsers.TestRegisterUserWithNoEmail" storage="/mnt/c/users/alena/desktop/7_sem/testing_and_debugging/skiresort/integrationtests/bin/debug/net6.0/integrationtests.dll" id="48375cbc-003d-d0fc-ff6a-cfef4b266dfb">
      <Execution id="37ae79c2-4384-4a28-99c4-ac36f28705e0" />
      <TestMethod codeBase="/mnt/c/Users/alena/Desktop/7_sem/testing_and_debugging/SkiResort/IntegrationTests/bin/Debug/net6.0/IntegrationTests.dll" adapterTypeName="executor://xunit/VsTestRunner2/netcoreapp" className="IntegrationTests.TestActionsWithUsers" name="TestRegisterUserWithNoEmail" />
    </UnitTest>
    <UnitTest name="IntegrationTests.TestActionsWithSlopes.TestAdminDeleteSlopeAsync(slope: Slope { SlopeID = 91, SlopeName = slopeName36bd7cc4-d691-4773-bc06-9e335032105e, IsOpen = True, DifficultyLevel = 61, ConnectedLifts =  })" storage="/mnt/c/users/alena/desktop/7_sem/testing_and_debugging/skiresort/integrationtests/bin/debug/net6.0/integrationtests.dll" id="a33cf462-dc26-0c31-70f9-cb6b85faafa9">
      <Execution id="e0e94ad6-13e0-472e-8260-ee33a3ff0a25" />
      <TestMethod codeBase="/mnt/c/Users/alena/Desktop/7_sem/testing_and_debugging/SkiResort/IntegrationTests/bin/Debug/net6.0/IntegrationTests.dll" adapterTypeName="executor://xunit/VsTestRunner2/netcoreapp" className="IntegrationTests.TestActionsWithSlopes" name="TestAdminDeleteSlopeAsync" />
    </UnitTest>
    <UnitTest name="IntegrationTests.TestActionsWithTurnstiles.TestAdminDeleteTurnstileAsync(turnstile: Turnstile { TurnstileID = 27, LiftID = 126, IsOpen = True })" storage="/mnt/c/users/alena/desktop/7_sem/testing_and_debugging/skiresort/integrationtests/bin/debug/net6.0/integrationtests.dll" id="eb643bbe-4455-ed49-e866-383fa20a132c">
      <Execution id="94c59d4c-ef2e-4325-bb57-9caa884b0c86" />
      <TestMethod codeBase="/mnt/c/Users/alena/Desktop/7_sem/testing_and_debugging/SkiResort/IntegrationTests/bin/Debug/net6.0/IntegrationTests.dll" adapterTypeName="executor://xunit/VsTestRunner2/netcoreapp" className="IntegrationTests.TestActionsWithTurnstiles" name="TestAdminDeleteTurnstileAsync" />
    </UnitTest>
    <UnitTest name="IntegrationTests.TestActionsWithLiftsLifts.TestAdminAddAutoIncrementLiftAsync(lift: Lift { LiftID = 5, LiftName = liftName8d162e90-c94f-4a79-950f-c90435de2edd, IsOpen = True, SeatsAmount = 182, LiftingTime = 11, QueueTime = 41, ConnectedSlopes =  })" storage="/mnt/c/users/alena/desktop/7_sem/testing_and_debugging/skiresort/integrationtests/bin/debug/net6.0/integrationtests.dll" id="f6c16940-9206-a3d7-9208-658150d19492">
      <Execution id="0a97946f-9773-445b-b2a9-5278d24a482f" />
      <TestMethod codeBase="/mnt/c/Users/alena/Desktop/7_sem/testing_and_debugging/SkiResort/IntegrationTests/bin/Debug/net6.0/IntegrationTests.dll" adapterTypeName="executor://xunit/VsTestRunner2/netcoreapp" className="IntegrationTests.TestActionsWithLiftsLifts" name="TestAdminAddAutoIncrementLiftAsync" />
    </UnitTest>
    <UnitTest name="IntegrationTests.TestActionsWithUsers.TestAdminGetUsers" storage="/mnt/c/users/alena/desktop/7_sem/testing_and_debugging/skiresort/integrationtests/bin/debug/net6.0/integrationtests.dll" id="682d3b16-d8d9-d658-4906-fcc748843214">
      <Execution id="cd3d64a8-3002-4481-b03d-53e09d723b83" />
      <TestMethod codeBase="/mnt/c/Users/alena/Desktop/7_sem/testing_and_debugging/SkiResort/IntegrationTests/bin/Debug/net6.0/IntegrationTests.dll" adapterTypeName="executor://xunit/VsTestRunner2/netcoreapp" className="IntegrationTests.TestActionsWithUsers" name="TestAdminGetUsers" />
    </UnitTest>
    <UnitTest name="IntegrationTests.TestActionsWithLiftsLifts.TestAdminDeleteLiftAsync(lift: Lift { LiftID = 217, LiftName = liftName80faa00b-d990-4f05-9fca-112e5ee8d6cc, IsOpen = True, SeatsAmount = 197, LiftingTime = 44, QueueTime = 238, ConnectedSlopes =  })" storage="/mnt/c/users/alena/desktop/7_sem/testing_and_debugging/skiresort/integrationtests/bin/debug/net6.0/integrationtests.dll" id="ff7498f5-0040-02aa-c4a0-6ace1e104d40">
      <Execution id="23fc73eb-d5e7-4bd8-b332-33bfd3bd8e1a" />
      <TestMethod codeBase="/mnt/c/Users/alena/Desktop/7_sem/testing_and_debugging/SkiResort/IntegrationTests/bin/Debug/net6.0/IntegrationTests.dll" adapterTypeName="executor://xunit/VsTestRunner2/netcoreapp" className="IntegrationTests.TestActionsWithLiftsLifts" name="TestAdminDeleteLiftAsync" />
    </UnitTest>
    <UnitTest name="IntegrationTests.TestActionsWithSlopes.TestUpdateSlopeInfoAsync(slope: Slope { SlopeID = 201, SlopeName = slopeName0beb33bf-977f-400d-be82-2ba3d4dd7f03, IsOpen = True, DifficultyLevel = 255, ConnectedLifts =  })" storage="/mnt/c/users/alena/desktop/7_sem/testing_and_debugging/skiresort/integrationtests/bin/debug/net6.0/integrationtests.dll" id="e3fde877-2412-5acd-a745-e7d34682f74d">
      <Execution id="dc9a8edc-765b-4685-a8d2-95373326d6fc" />
      <TestMethod codeBase="/mnt/c/Users/alena/Desktop/7_sem/testing_and_debugging/SkiResort/IntegrationTests/bin/Debug/net6.0/IntegrationTests.dll" adapterTypeName="executor://xunit/VsTestRunner2/netcoreapp" className="IntegrationTests.TestActionsWithSlopes" name="TestUpdateSlopeInfoAsync" />
    </UnitTest>
  </TestDefinitions>
  <TestEntries>
    <TestEntry testId="9731a265-4190-ab79-5017-86254d41b4d7" executionId="921cd58f-c8c2-41fb-a949-b491f004baf4" testListId="8c84fa94-04c1-424b-9868-57a2d4851a1d" />
    <TestEntry testId="66dd22dc-1eae-e713-2ecd-f3c1aa35d917" executionId="bffd817b-2d17-45fe-8f94-ec2500dde04f" testListId="8c84fa94-04c1-424b-9868-57a2d4851a1d" />
    <TestEntry testId="e3fde877-2412-5acd-a745-e7d34682f74d" executionId="dc9a8edc-765b-4685-a8d2-95373326d6fc" testListId="8c84fa94-04c1-424b-9868-57a2d4851a1d" />
    <TestEntry testId="eb643bbe-4455-ed49-e866-383fa20a132c" executionId="94c59d4c-ef2e-4325-bb57-9caa884b0c86" testListId="8c84fa94-04c1-424b-9868-57a2d4851a1d" />
    <TestEntry testId="2afb6d21-f4e7-13ee-942b-dd680df861b2" executionId="07cd0947-b883-4f97-a6c9-9e7d893b65ec" testListId="8c84fa94-04c1-424b-9868-57a2d4851a1d" />
    <TestEntry testId="e79dd5f3-c10e-95af-c5eb-28af283d92d1" executionId="c692c36f-4a26-4a77-9486-e613a6e620bc" testListId="8c84fa94-04c1-424b-9868-57a2d4851a1d" />
    <TestEntry testId="a33cf462-dc26-0c31-70f9-cb6b85faafa9" executionId="e0e94ad6-13e0-472e-8260-ee33a3ff0a25" testListId="8c84fa94-04c1-424b-9868-57a2d4851a1d" />
    <TestEntry testId="e54a4cee-e2a1-889e-b4cd-647e25b91df6" executionId="47e66b86-3df9-4ac6-ac53-df5c38d0b1d3" testListId="8c84fa94-04c1-424b-9868-57a2d4851a1d" />
    <TestEntry testId="8a671bbd-a679-9554-80f7-33c777475820" executionId="2118138d-9791-49b3-981e-bc4aa4697b7c" testListId="8c84fa94-04c1-424b-9868-57a2d4851a1d" />
    <TestEntry testId="a060f8fc-23d9-0b4a-895e-5b9a320cd701" executionId="e7da7b88-41d2-4811-82d3-96c43c18a9e5" testListId="8c84fa94-04c1-424b-9868-57a2d4851a1d" />
    <TestEntry testId="cb8eae24-e7ef-ed7e-d8e9-347d61b13b3a" executionId="353489a6-6a4b-482f-ae35-6e053743af8f" testListId="8c84fa94-04c1-424b-9868-57a2d4851a1d" />
    <TestEntry testId="5a3a032d-4592-175b-3efe-43eb396e4a4a" executionId="ace114a8-f43f-40c4-8b9b-328dcbbf662c" testListId="8c84fa94-04c1-424b-9868-57a2d4851a1d" />
    <TestEntry testId="48375cbc-003d-d0fc-ff6a-cfef4b266dfb" executionId="37ae79c2-4384-4a28-99c4-ac36f28705e0" testListId="8c84fa94-04c1-424b-9868-57a2d4851a1d" />
    <TestEntry testId="94a5596f-6774-9585-8006-1b7fdd0f9462" executionId="1f392fb2-096a-4654-a8e9-0c3bb1be3d48" testListId="8c84fa94-04c1-424b-9868-57a2d4851a1d" />
    <TestEntry testId="f6c16940-9206-a3d7-9208-658150d19492" executionId="0a97946f-9773-445b-b2a9-5278d24a482f" testListId="8c84fa94-04c1-424b-9868-57a2d4851a1d" />
    <TestEntry testId="45fe0df1-c885-2f7e-8187-832190c2786d" executionId="88c6ca42-02c3-495b-914c-456ca3f8ec02" testListId="8c84fa94-04c1-424b-9868-57a2d4851a1d" />
    <TestEntry testId="4cb00835-9baf-d879-0d4f-e1faeb165580" executionId="12f141ef-d935-4f3a-bf27-7ac0b7e1703f" testListId="8c84fa94-04c1-424b-9868-57a2d4851a1d" />
    <TestEntry testId="469b101f-8633-a685-8d5b-bdbf8dc340c5" executionId="a701ae1a-8f1c-4d3c-8825-a76917b93a72" testListId="8c84fa94-04c1-424b-9868-57a2d4851a1d" />
    <TestEntry testId="ff7498f5-0040-02aa-c4a0-6ace1e104d40" executionId="23fc73eb-d5e7-4bd8-b332-33bfd3bd8e1a" testListId="8c84fa94-04c1-424b-9868-57a2d4851a1d" />
    <TestEntry testId="640a72f6-5583-6636-1a54-8396abe99588" executionId="906e47d8-e7e2-4daf-b964-40d9afe72eb8" testListId="8c84fa94-04c1-424b-9868-57a2d4851a1d" />
    <TestEntry testId="198a1ae3-83ab-ea18-2e21-87927dc980e2" executionId="33af4839-a4e9-4c4e-94bb-2ead0055d71b" testListId="8c84fa94-04c1-424b-9868-57a2d4851a1d" />
    <TestEntry testId="682d3b16-d8d9-d658-4906-fcc748843214" executionId="cd3d64a8-3002-4481-b03d-53e09d723b83" testListId="8c84fa94-04c1-424b-9868-57a2d4851a1d" />
    <TestEntry testId="593087f0-c7ab-1991-c3ee-af523cc03ada" executionId="48fc7244-9c71-4678-b95c-787b6ecabb52" testListId="8c84fa94-04c1-424b-9868-57a2d4851a1d" />
    <TestEntry testId="d78ba6d0-dfa8-fa6f-4cc8-23966ee34980" executionId="8ffd4a91-f882-4e6b-aab5-387439a0ab02" testListId="8c84fa94-04c1-424b-9868-57a2d4851a1d" />
    <TestEntry testId="63be1f92-7da8-a66e-02df-a6e75143687a" executionId="a1286424-ae3a-474e-b2b5-edfe9a526124" testListId="8c84fa94-04c1-424b-9868-57a2d4851a1d" />
    <TestEntry testId="479b875f-d623-ae0a-ff97-dc49a4f2a217" executionId="65835bc4-3e61-47d6-bdea-89ee9f4063bc" testListId="8c84fa94-04c1-424b-9868-57a2d4851a1d" />
    <TestEntry testId="a5234f2b-ffcd-8d5f-5896-a081b06a3975" executionId="dbbb3e2a-5190-43eb-afef-c270581b88d7" testListId="8c84fa94-04c1-424b-9868-57a2d4851a1d" />
    <TestEntry testId="26a3ed7b-f58f-b931-d8c6-d1d1687098ba" executionId="7526cc74-0b88-464e-aae5-aabe837151fe" testListId="8c84fa94-04c1-424b-9868-57a2d4851a1d" />
    <TestEntry testId="6e999f90-ce49-ff1c-0d8b-eda2489beeef" executionId="1a057a8a-2c9d-41af-a5a7-3a2705fa0d5c" testListId="8c84fa94-04c1-424b-9868-57a2d4851a1d" />
    <TestEntry testId="61a0d3cb-1290-855e-f649-c3c1c190f4b1" executionId="df3dc618-b7ac-47c8-bb28-bd53abfe07db" testListId="8c84fa94-04c1-424b-9868-57a2d4851a1d" />
  </TestEntries>
  <TestLists>
    <TestList name="Results Not in a List" id="8c84fa94-04c1-424b-9868-57a2d4851a1d" />
    <TestList name="All Loaded Results" id="19431567-8539-422a-85d7-44ee4e166bda" />
  </TestLists>
  <ResultSummary outcome="Completed">
    <Counters total="30" executed="30" passed="30" failed="0" error="0" timeout="0" aborted="0" inconclusive="0" passedButRunAborted="0" notRunnable="0" notExecuted="0" disconnected="0" warning="0" completed="0" inProgress="0" pending="0" />
    <Output>
      <StdOut>[xUnit.net 00:00:00.00] xUnit.net VSTest Adapter v2.4.3+1b45f5407b (64-bit .NET 6.0.10)
[xUnit.net 00:00:01.08]   Discovering: IntegrationTests
[xUnit.net 00:00:01.19]   Discovered:  IntegrationTests
[xUnit.net 00:00:01.19]   Starting:    IntegrationTests
[xUnit.net 00:00:20.73]   Finished:    IntegrationTests
</StdOut>
    </Output>
  </ResultSummary>
</TestRun>