<?xml version="1.0" encoding="utf-8"?>
<TestRun id="12729782-a81d-4b17-9e2e-974366a37ff3" name="@DESKTOP-TJ9D65N 2022-10-31 14:40:21" xmlns="http://microsoft.com/schemas/VisualStudio/TeamTest/2010">
  <Times creation="2022-10-31T14:40:21.1650661+03:00" queuing="2022-10-31T14:40:21.1650662+03:00" start="2022-10-31T14:40:17.2533622+03:00" finish="2022-10-31T14:40:39.3865885+03:00" />
  <TestSettings name="default" id="e98952ee-b0ce-41c9-adaf-635a4191de08">
    <Deployment runDeploymentRoot="_DESKTOP-TJ9D65N_2022-10-31_14_40_21" />
  </TestSettings>
  <Results>
    <UnitTestResult executionId="84450551-59f0-4085-9ce5-b66035bb0a2e" testId="63be1f92-7da8-a66e-02df-a6e75143687a" testName="IntegrationTests.TestActionsWithLiftsSlopes.TestGetLiftsSlopesInfoAsync(liftsSlopes: [LiftSlope { RecordID = 175, LiftID = 22, SlopeID = 83 }, LiftSlope { RecordID = 192, LiftID = 28, SlopeID = 184 }, LiftSlope { RecordID = 90, LiftID = 58, SlopeID = 147 }])" computerName="DESKTOP-TJ9D65N" duration="00:00:00.6479206" startTime="2022-10-31T14:40:28.3125362+03:00" endTime="2022-10-31T14:40:28.3125365+03:00" testType="13cdc9d9-ddb5-4fa4-a97d-d965ccfc6d4b" outcome="Passed" testListId="8c84fa94-04c1-424b-9868-57a2d4851a1d" relativeResultsDirectory="84450551-59f0-4085-9ce5-b66035bb0a2e" />
    <UnitTestResult executionId="75438134-b635-418d-91e6-31cfc0e8ac4c" testId="ece2ea23-611a-b232-8f16-fe27c866db4e" testName="IntegrationTests.TestActionsWithTurnstiles.TestAdminGetTurnstileAsync(turnstile: Turnstile { TurnstileID = 151, LiftID = 175, IsOpen = True })" computerName="DESKTOP-TJ9D65N" duration="00:00:00.6105703" startTime="2022-10-31T14:40:31.6993667+03:00" endTime="2022-10-31T14:40:31.6993670+03:00" testType="13cdc9d9-ddb5-4fa4-a97d-d965ccfc6d4b" outcome="Passed" testListId="8c84fa94-04c1-424b-9868-57a2d4851a1d" relativeResultsDirectory="75438134-b635-418d-91e6-31cfc0e8ac4c" />
    <UnitTestResult executionId="b1e95a60-2ffb-41f1-b148-8c04691a6af5" testId="640a72f6-5583-6636-1a54-8396abe99588" testName="IntegrationTests.TestActionsWithUsers.TestAdminDeleteUser" computerName="DESKTOP-TJ9D65N" duration="00:00:00.5923732" startTime="2022-10-31T14:40:36.8090160+03:00" endTime="2022-10-31T14:40:36.8090162+03:00" testType="13cdc9d9-ddb5-4fa4-a97d-d965ccfc6d4b" outcome="Failed" testListId="8c84fa94-04c1-424b-9868-57a2d4851a1d" relativeResultsDirectory="b1e95a60-2ffb-41f1-b148-8c04691a6af5">
      <Output>
        <ErrorInfo>
          <Message>BL.Exceptions.PermissionExceptions.PermissionException : </Message>
          <StackTrace>   at BL.Services.CheckPermissionsService.CheckPermissionsAsync(UInt32 userID, String memberName) in /mnt/c/Users/alena/Desktop/7_sem/testing_and_debugging/SkiResort/BL/Services/CheckPermissionsService.cs:line 29
   at BL.Services.UsersService.AdminDeleteUserAsync(UInt32 requesterUserID, UInt32 userToDeleteID) in /mnt/c/Users/alena/Desktop/7_sem/testing_and_debugging/SkiResort/BL/Services/UsersService.cs:line 75
   at IntegrationTests.TestActionsWithUsers.TestAdminDeleteUser() in /mnt/c/Users/alena/Desktop/7_sem/testing_and_debugging/SkiResort/IntegrationTests/TestActionsWithUsers.cs:line 190
   at System.Threading.Tasks.Task.&lt;&gt;c.&lt;ThrowAsync&gt;b__128_0(Object state)</StackTrace>
        </ErrorInfo>
      </Output>
    </UnitTestResult>
    <UnitTestResult executionId="b446d1f6-f883-48a0-bddd-d418b20ee712" testId="d78ba6d0-dfa8-fa6f-4cc8-23966ee34980" testName="IntegrationTests.TestActionsWithUsers.TestRegisterOk" computerName="DESKTOP-TJ9D65N" duration="00:00:00.6024325" startTime="2022-10-31T14:40:36.1348439+03:00" endTime="2022-10-31T14:40:36.1348444+03:00" testType="13cdc9d9-ddb5-4fa4-a97d-d965ccfc6d4b" outcome="Passed" testListId="8c84fa94-04c1-424b-9868-57a2d4851a1d" relativeResultsDirectory="b446d1f6-f883-48a0-bddd-d418b20ee712" />
    <UnitTestResult executionId="09e38886-efc5-4cf8-85cd-4cf77d4e4783" testId="bb8662ab-4108-b2e7-6f49-941cb79ac9b0" testName="IntegrationTests.TestActionsWithLiftsLifts.TestUpdateLiftInfoAsync(lift: Lift { LiftID = 190, LiftName = liftNamefd658220-fff4-45c6-aa45-0d2e8894c6aa, IsOpen = True, SeatsAmount = 116, LiftingTime = 203, QueueTime = 75, ConnectedSlopes =  })" computerName="DESKTOP-TJ9D65N" duration="00:00:00.6386740" startTime="2022-10-31T14:40:21.6080217+03:00" endTime="2022-10-31T14:40:21.6080220+03:00" testType="13cdc9d9-ddb5-4fa4-a97d-d965ccfc6d4b" outcome="Passed" testListId="8c84fa94-04c1-424b-9868-57a2d4851a1d" relativeResultsDirectory="09e38886-efc5-4cf8-85cd-4cf77d4e4783" />
    <UnitTestResult executionId="4a7274ad-436f-4a3c-b9f5-300d51af60e7" testId="e54a4cee-e2a1-889e-b4cd-647e25b91df6" testName="IntegrationTests.TestActionsWithLiftsLifts.TestGetLiftsInfoAsync(initialLifts: [Lift { LiftID = 71, LiftName = liftNamea85048c0-3b39-4940-acfc-ea701f1527a6, IsOpen = True, SeatsAmount = 51, LiftingTime = 15, QueueTime = 148, ConnectedSlopes =  }, Lift { LiftID = 205, LiftName = liftNamea5dc82bb-2d7e-4214-9a49-6a75d3b2614c, IsOpen = False, SeatsAmount = 159, LiftingTime = 190, QueueTime = 120, ConnectedSlopes =  }, Lift { LiftID = 52, LiftName = liftName6862c002-a209-48fe-b5f8-3a95672bdab6, IsOpen = True, SeatsAmount = 128, LiftingTime = 196, QueueTime = 76, ConnectedSlopes =  }])" computerName="DESKTOP-TJ9D65N" duration="00:00:00.6716166" startTime="2022-10-31T14:40:20.9535104+03:00" endTime="2022-10-31T14:40:20.9535105+03:00" testType="13cdc9d9-ddb5-4fa4-a97d-d965ccfc6d4b" outcome="Passed" testListId="8c84fa94-04c1-424b-9868-57a2d4851a1d" relativeResultsDirectory="4a7274ad-436f-4a3c-b9f5-300d51af60e7" />
    <UnitTestResult executionId="8663823c-e948-4af5-a3c7-2e2ddf8e30fd" testId="198a1ae3-83ab-ea18-2e21-87927dc980e2" testName="IntegrationTests.TestActionsWithUsers.TestRegisterUserWithNoPassword" computerName="DESKTOP-TJ9D65N" duration="00:00:00.5549071" startTime="2022-10-31T14:40:38.5523563+03:00" endTime="2022-10-31T14:40:38.5523566+03:00" testType="13cdc9d9-ddb5-4fa4-a97d-d965ccfc6d4b" outcome="Passed" testListId="8c84fa94-04c1-424b-9868-57a2d4851a1d" relativeResultsDirectory="8663823c-e948-4af5-a3c7-2e2ddf8e30fd" />
    <UnitTestResult executionId="950bd4ac-5f82-4c38-9dc4-a60a4c4a9171" testId="a90ade7f-e8a7-164d-2953-e22536c76dc0" testName="IntegrationTests.TestActionsWithTurnstiles.TestAdminUpdateTurnstileAsync(turnstile: Turnstile { TurnstileID = 158, LiftID = 120, IsOpen = True })" computerName="DESKTOP-TJ9D65N" duration="00:00:00.6362246" startTime="2022-10-31T14:40:30.4104412+03:00" endTime="2022-10-31T14:40:30.4104415+03:00" testType="13cdc9d9-ddb5-4fa4-a97d-d965ccfc6d4b" outcome="Passed" testListId="8c84fa94-04c1-424b-9868-57a2d4851a1d" relativeResultsDirectory="950bd4ac-5f82-4c38-9dc4-a60a4c4a9171" />
    <UnitTestResult executionId="ed6ad878-9ba4-4ec9-a7cc-e98bb90a75e3" testId="26a3ed7b-f58f-b931-d8c6-d1d1687098ba" testName="IntegrationTests.TestActionsWithUsers.TestAdminAddAutoIncrementUser" computerName="DESKTOP-TJ9D65N" duration="00:00:00.6275614" startTime="2022-10-31T14:40:33.6083899+03:00" endTime="2022-10-31T14:40:33.6083902+03:00" testType="13cdc9d9-ddb5-4fa4-a97d-d965ccfc6d4b" outcome="Passed" testListId="8c84fa94-04c1-424b-9868-57a2d4851a1d" relativeResultsDirectory="ed6ad878-9ba4-4ec9-a7cc-e98bb90a75e3" />
    <UnitTestResult executionId="2948b3ef-fd65-4dce-89ae-ac04886eb785" testId="a95958d1-d700-e435-bea9-d9e9984241a5" testName="IntegrationTests.TestActionsWithSlopes.TestAdminDeleteSlopeAsync(slope: Slope { SlopeID = 240, SlopeName = slopeName4c24ce10-88e0-4cd4-b5ab-53488f8eddcd, IsOpen = True, DifficultyLevel = 171, ConnectedLifts =  })" computerName="DESKTOP-TJ9D65N" duration="00:00:00.6524641" startTime="2022-10-31T14:40:23.6114213+03:00" endTime="2022-10-31T14:40:23.6114215+03:00" testType="13cdc9d9-ddb5-4fa4-a97d-d965ccfc6d4b" outcome="Passed" testListId="8c84fa94-04c1-424b-9868-57a2d4851a1d" relativeResultsDirectory="2948b3ef-fd65-4dce-89ae-ac04886eb785" />
    <UnitTestResult executionId="53609e91-c47a-4731-bc57-3b708311ecaf" testId="20798efc-3ca8-4c55-2bb3-309fde5b679a" testName="IntegrationTests.TestActionsWithSlopes.TestAdminAddSlopeAsync(slope: Slope { SlopeID = 168, SlopeName = slopeNamede37400f-66f6-498d-ab9e-bea82a0875ba, IsOpen = True, DifficultyLevel = 147, ConnectedLifts =  })" computerName="DESKTOP-TJ9D65N" duration="00:00:00.6307112" startTime="2022-10-31T14:40:25.6145384+03:00" endTime="2022-10-31T14:40:25.6145388+03:00" testType="13cdc9d9-ddb5-4fa4-a97d-d965ccfc6d4b" outcome="Passed" testListId="8c84fa94-04c1-424b-9868-57a2d4851a1d" relativeResultsDirectory="53609e91-c47a-4731-bc57-3b708311ecaf" />
    <UnitTestResult executionId="8c72d647-2957-46fd-bdc6-ec17a28d3795" testId="d095514d-ba20-09fa-7333-defa21894c18" testName="IntegrationTests.TestActionsWithSlopes.TestUpdateSlopeInfoAsync(slope: Slope { SlopeID = 239, SlopeName = slopeNamedba5ad21-b2dc-41e8-b09b-69be1c803fd0, IsOpen = True, DifficultyLevel = 9, ConnectedLifts =  })" computerName="DESKTOP-TJ9D65N" duration="00:00:00.6495549" startTime="2022-10-31T14:40:26.9389805+03:00" endTime="2022-10-31T14:40:26.9389806+03:00" testType="13cdc9d9-ddb5-4fa4-a97d-d965ccfc6d4b" outcome="Passed" testListId="8c84fa94-04c1-424b-9868-57a2d4851a1d" relativeResultsDirectory="8c72d647-2957-46fd-bdc6-ec17a28d3795" />
    <UnitTestResult executionId="c14d5076-c837-438e-b07f-46abe679a8ad" testId="593087f0-c7ab-1991-c3ee-af523cc03ada" testName="IntegrationTests.TestActionsWithUsers.TestAdminGetUserByIDAsync" computerName="DESKTOP-TJ9D65N" duration="00:00:00.5899115" startTime="2022-10-31T14:40:39.1692647+03:00" endTime="2022-10-31T14:40:39.1692651+03:00" testType="13cdc9d9-ddb5-4fa4-a97d-d965ccfc6d4b" outcome="Passed" testListId="8c84fa94-04c1-424b-9868-57a2d4851a1d" relativeResultsDirectory="c14d5076-c837-438e-b07f-46abe679a8ad" />
    <UnitTestResult executionId="fa4262f4-0c7f-48f5-805a-acd53fc0dda3" testId="479b875f-d623-ae0a-ff97-dc49a4f2a217" testName="IntegrationTests.TestActionsWithUsers.TestLogInWithWrongPassword" computerName="DESKTOP-TJ9D65N" duration="00:00:00.6298448" startTime="2022-10-31T14:40:35.5165228+03:00" endTime="2022-10-31T14:40:35.5165230+03:00" testType="13cdc9d9-ddb5-4fa4-a97d-d965ccfc6d4b" outcome="Passed" testListId="8c84fa94-04c1-424b-9868-57a2d4851a1d" relativeResultsDirectory="fa4262f4-0c7f-48f5-805a-acd53fc0dda3" />
    <UnitTestResult executionId="7188b748-512b-443c-8e44-b4036f3fa18f" testId="ccb1e7b8-f319-5d53-e3d7-afec5c912070" testName="IntegrationTests.TestActionsWithSlopes.TestAdminAddAutoIncrementSlopeAsync(slope: Slope { SlopeID = 183, SlopeName = slopeName112d18bd-9c88-442a-bc7b-10ce7d16be7e, IsOpen = True, DifficultyLevel = 135, ConnectedLifts =  })" computerName="DESKTOP-TJ9D65N" duration="00:00:00.6237819" startTime="2022-10-31T14:40:26.2692013+03:00" endTime="2022-10-31T14:40:26.2692015+03:00" testType="13cdc9d9-ddb5-4fa4-a97d-d965ccfc6d4b" outcome="Passed" testListId="8c84fa94-04c1-424b-9868-57a2d4851a1d" relativeResultsDirectory="7188b748-512b-443c-8e44-b4036f3fa18f" />
    <UnitTestResult executionId="662c2e97-91ac-486d-aa69-282ca7e3a02f" testId="219ad0eb-bc7d-6ce0-0c8c-937af1527b91" testName="IntegrationTests.TestActionsWithTurnstiles.TestAdminAddAutoIncrementTurnstileAsync(turnstile: Turnstile { TurnstileID = 202, LiftID = 160, IsOpen = True })" computerName="DESKTOP-TJ9D65N" duration="00:00:00.6188188" startTime="2022-10-31T14:40:32.3398155+03:00" endTime="2022-10-31T14:40:32.3398156+03:00" testType="13cdc9d9-ddb5-4fa4-a97d-d965ccfc6d4b" outcome="Passed" testListId="8c84fa94-04c1-424b-9868-57a2d4851a1d" relativeResultsDirectory="662c2e97-91ac-486d-aa69-282ca7e3a02f" />
    <UnitTestResult executionId="0c59959e-baf5-4b13-9321-8a506abef576" testId="a367417d-a167-99be-ef1c-0513166ecd01" testName="IntegrationTests.TestActionsWithLiftsLifts.TestGetLiftInfoAsync(lift: Lift { LiftID = 174, LiftName = liftName9eb6aeaf-971e-4832-ad38-58eec1a79c33, IsOpen = True, SeatsAmount = 230, LiftingTime = 141, QueueTime = 60, ConnectedSlopes =  })" computerName="DESKTOP-TJ9D65N" duration="00:00:00.6117560" startTime="2022-10-31T14:40:22.9100947+03:00" endTime="2022-10-31T14:40:22.9100949+03:00" testType="13cdc9d9-ddb5-4fa4-a97d-d965ccfc6d4b" outcome="Passed" testListId="8c84fa94-04c1-424b-9868-57a2d4851a1d" relativeResultsDirectory="0c59959e-baf5-4b13-9321-8a506abef576" />
    <UnitTestResult executionId="a87da74c-a5e6-4180-9e66-f95e906ae2c1" testId="682d3b16-d8d9-d658-4906-fcc748843214" testName="IntegrationTests.TestActionsWithUsers.TestAdminGetUsers" computerName="DESKTOP-TJ9D65N" duration="00:00:00.5936772" startTime="2022-10-31T14:40:37.3983476+03:00" endTime="2022-10-31T14:40:37.3983478+03:00" testType="13cdc9d9-ddb5-4fa4-a97d-d965ccfc6d4b" outcome="Passed" testListId="8c84fa94-04c1-424b-9868-57a2d4851a1d" relativeResultsDirectory="a87da74c-a5e6-4180-9e66-f95e906ae2c1" />
    <UnitTestResult executionId="df47398e-45f1-4500-b45e-5b8eb5defd6a" testId="61a0d3cb-1290-855e-f649-c3c1c190f4b1" testName="IntegrationTests.TestActionsWithUsers.TestAdminUpdateUser" computerName="DESKTOP-TJ9D65N" duration="00:00:00.6102201" startTime="2022-10-31T14:40:32.9659906+03:00" endTime="2022-10-31T14:40:32.9659907+03:00" testType="13cdc9d9-ddb5-4fa4-a97d-d965ccfc6d4b" outcome="Passed" testListId="8c84fa94-04c1-424b-9868-57a2d4851a1d" relativeResultsDirectory="df47398e-45f1-4500-b45e-5b8eb5defd6a" />
    <UnitTestResult executionId="47fa15d2-0cdc-408d-bd5f-2011f37b0e33" testId="e2df8464-b586-10d8-57cd-c89624946f47" testName="IntegrationTests.TestActionsWithSlopes.TestGetSlopeInfoAsync(slope: Slope { SlopeID = 120, SlopeName = slopeNamea3a7d91f-f7cf-4ee4-a7d8-f9a3d3baa92f, IsOpen = True, DifficultyLevel = 195, ConnectedLifts =  })" computerName="DESKTOP-TJ9D65N" duration="00:00:00.6104465" startTime="2022-10-31T14:40:24.2445561+03:00" endTime="2022-10-31T14:40:24.2445563+03:00" testType="13cdc9d9-ddb5-4fa4-a97d-d965ccfc6d4b" outcome="Passed" testListId="8c84fa94-04c1-424b-9868-57a2d4851a1d" relativeResultsDirectory="47fa15d2-0cdc-408d-bd5f-2011f37b0e33" />
    <UnitTestResult executionId="e600ecbd-40dd-431a-a6b1-c118f23c84a9" testId="ebb5fac2-69b3-082c-c95d-961d1825724f" testName="IntegrationTests.TestActionsWithLiftsLifts.TestAdminDeleteLiftAsync(lift: Lift { LiftID = 240, LiftName = liftName26873fc3-984d-4da2-9c53-12a9058cec72, IsOpen = True, SeatsAmount = 148, LiftingTime = 177, QueueTime = 23, ConnectedSlopes =  })" computerName="DESKTOP-TJ9D65N" duration="00:00:00.6447671" startTime="2022-10-31T14:40:22.2804761+03:00" endTime="2022-10-31T14:40:22.2804762+03:00" testType="13cdc9d9-ddb5-4fa4-a97d-d965ccfc6d4b" outcome="Passed" testListId="8c84fa94-04c1-424b-9868-57a2d4851a1d" relativeResultsDirectory="e600ecbd-40dd-431a-a6b1-c118f23c84a9" />
    <UnitTestResult executionId="a20f7567-3d02-45b5-b9ed-1e53cf3e50e6" testId="75942903-9665-ebbe-90db-438139ab147b" testName="IntegrationTests.TestActionsWithTurnstiles.TestAdminDeleteTurnstileAsync(turnstile: Turnstile { TurnstileID = 223, LiftID = 231, IsOpen = True })" computerName="DESKTOP-TJ9D65N" duration="00:00:00.6125068" startTime="2022-10-31T14:40:31.0589503+03:00" endTime="2022-10-31T14:40:31.0589517+03:00" testType="13cdc9d9-ddb5-4fa4-a97d-d965ccfc6d4b" outcome="Passed" testListId="8c84fa94-04c1-424b-9868-57a2d4851a1d" relativeResultsDirectory="a20f7567-3d02-45b5-b9ed-1e53cf3e50e6" />
    <UnitTestResult executionId="8155e62c-5727-4329-a959-9c11c178d1d9" testId="b0f7f907-9cd6-1994-f0c9-d93f645a819b" testName="IntegrationTests.TestActionsWithLiftsSlopes.TestAdminAddAutoIncrementLiftSlopeAsync(lift: Lift { LiftID = 227, LiftName = liftName5b406644-d7fa-4513-9aae-526b6e9b1fc2, IsOpen = True, SeatsAmount = 78, LiftingTime = 44, QueueTime = 160, ConnectedSlopes =  }, slope: Slope { SlopeID = 18, SlopeName = slopeNamec08e9263-2908-421f-9a34-f5738f1a558c, IsOpen = False, DifficultyLevel = 31, ConnectedLifts =  })" computerName="DESKTOP-TJ9D65N" duration="00:00:00.6845979" startTime="2022-10-31T14:40:29.0494336+03:00" endTime="2022-10-31T14:40:29.0494340+03:00" testType="13cdc9d9-ddb5-4fa4-a97d-d965ccfc6d4b" outcome="Passed" testListId="8c84fa94-04c1-424b-9868-57a2d4851a1d" relativeResultsDirectory="8155e62c-5727-4329-a959-9c11c178d1d9" />
    <UnitTestResult executionId="6746cf67-aa0a-4575-b52d-2d8f4e9801bf" testId="48375cbc-003d-d0fc-ff6a-cfef4b266dfb" testName="IntegrationTests.TestActionsWithUsers.TestRegisterUserWithNoEmail" computerName="DESKTOP-TJ9D65N" duration="00:00:00.5526420" startTime="2022-10-31T14:40:37.9753653+03:00" endTime="2022-10-31T14:40:37.9753655+03:00" testType="13cdc9d9-ddb5-4fa4-a97d-d965ccfc6d4b" outcome="Passed" testListId="8c84fa94-04c1-424b-9868-57a2d4851a1d" relativeResultsDirectory="6746cf67-aa0a-4575-b52d-2d8f4e9801bf" />
    <UnitTestResult executionId="3387d795-acd4-47a4-a08f-2fe6c176cd83" testId="45fe0df1-c885-2f7e-8187-832190c2786d" testName="IntegrationTests.TestActionsWithUsers.TestLogInOk" computerName="DESKTOP-TJ9D65N" duration="00:00:00.5828186" startTime="2022-10-31T14:40:34.2252614+03:00" endTime="2022-10-31T14:40:34.2252618+03:00" testType="13cdc9d9-ddb5-4fa4-a97d-d965ccfc6d4b" outcome="Passed" testListId="8c84fa94-04c1-424b-9868-57a2d4851a1d" relativeResultsDirectory="3387d795-acd4-47a4-a08f-2fe6c176cd83" />
    <UnitTestResult executionId="769a245d-9453-4405-b414-d0f6f615555b" testId="cb8eae24-e7ef-ed7e-d8e9-347d61b13b3a" testName="IntegrationTests.TestActionsWithUsers.TestRegisterUserWithRepeatedEmail" computerName="DESKTOP-TJ9D65N" duration="00:00:00.5910423" startTime="2022-10-31T14:40:34.8537779+03:00" endTime="2022-10-31T14:40:34.8537781+03:00" testType="13cdc9d9-ddb5-4fa4-a97d-d965ccfc6d4b" outcome="Passed" testListId="8c84fa94-04c1-424b-9868-57a2d4851a1d" relativeResultsDirectory="769a245d-9453-4405-b414-d0f6f615555b" />
    <UnitTestResult executionId="83437389-4782-43be-81e5-097d38cb653d" testId="8a671bbd-a679-9554-80f7-33c777475820" testName="IntegrationTests.TestActionsWithTurnstiles.TestAdminGetTurnstilesAsync(initialTurnstiles: [Turnstile { TurnstileID = 168, LiftID = 252, IsOpen = True }, Turnstile { TurnstileID = 54, LiftID = 59, IsOpen = False }, Turnstile { TurnstileID = 197, LiftID = 36, IsOpen = True }])" computerName="DESKTOP-TJ9D65N" duration="00:00:00.6564432" startTime="2022-10-31T14:40:29.7369433+03:00" endTime="2022-10-31T14:40:29.7369437+03:00" testType="13cdc9d9-ddb5-4fa4-a97d-d965ccfc6d4b" outcome="Passed" testListId="8c84fa94-04c1-424b-9868-57a2d4851a1d" relativeResultsDirectory="83437389-4782-43be-81e5-097d38cb653d" />
    <UnitTestResult executionId="8eccdf07-95d1-495c-9224-1d2a1980af61" testId="312e6f6c-c710-7d33-e562-109725748c69" testName="IntegrationTests.TestActionsWithLiftsSlopes.TestAdminDeleteLiftSlopeAsync(lift: Lift { LiftID = 51, LiftName = liftName2a129c04-a6be-4f0f-8a71-fdb842851924, IsOpen = True, SeatsAmount = 113, LiftingTime = 118, QueueTime = 220, ConnectedSlopes =  }, slope: Slope { SlopeID = 235, SlopeName = slopeName125156c2-2e9b-4380-9f33-0ae54833e41b, IsOpen = False, DifficultyLevel = 234, ConnectedLifts =  })" computerName="DESKTOP-TJ9D65N" duration="00:00:00.6851299" startTime="2022-10-31T14:40:27.6483746+03:00" endTime="2022-10-31T14:40:27.6483747+03:00" testType="13cdc9d9-ddb5-4fa4-a97d-d965ccfc6d4b" outcome="Passed" testListId="8c84fa94-04c1-424b-9868-57a2d4851a1d" relativeResultsDirectory="8eccdf07-95d1-495c-9224-1d2a1980af61" />
    <UnitTestResult executionId="5a17f737-58db-4511-8940-aed3cc3de2cd" testId="469b101f-8633-a685-8d5b-bdbf8dc340c5" testName="IntegrationTests.TestActionsWithSlopes.TestGetSlopesInfoAsync(initialSlopes: [Slope { SlopeID = 192, SlopeName = slopeNamef5a30421-0d49-4cfd-ab87-b4916baa3f1e, IsOpen = True, DifficultyLevel = 126, ConnectedLifts =  }, Slope { SlopeID = 216, SlopeName = slopeNameac2a06e4-5cbb-4bc3-8b76-1d94df3205d6, IsOpen = False, DifficultyLevel = 250, ConnectedLifts =  }, Slope { SlopeID = 26, SlopeName = slopeName087112da-0506-4041-9772-3794fd94efaa, IsOpen = True, DifficultyLevel = 224, ConnectedLifts =  }])" computerName="DESKTOP-TJ9D65N" duration="00:00:00.6795171" startTime="2022-10-31T14:40:24.9486227+03:00" endTime="2022-10-31T14:40:24.9486231+03:00" testType="13cdc9d9-ddb5-4fa4-a97d-d965ccfc6d4b" outcome="Passed" testListId="8c84fa94-04c1-424b-9868-57a2d4851a1d" relativeResultsDirectory="5a17f737-58db-4511-8940-aed3cc3de2cd" />
    <UnitTestResult executionId="f034efb3-f3d3-4ee6-ab15-37d44f360e81" testId="47b344a1-d554-f23c-b4f8-591782764fbc" testName="IntegrationTests.TestActionsWithLiftsLifts.TestAdminAddAutoIncrementLiftAsync(lift: Lift { LiftID = 12, LiftName = liftNameae8dd598-a761-4b87-9eb5-4504322e73dd, IsOpen = True, SeatsAmount = 178, LiftingTime = 110, QueueTime = 204, ConnectedSlopes =  })" computerName="DESKTOP-TJ9D65N" duration="00:00:00.6807457" startTime="2022-10-31T14:40:20.2430155+03:00" endTime="2022-10-31T14:40:20.2430400+03:00" testType="13cdc9d9-ddb5-4fa4-a97d-d965ccfc6d4b" outcome="Passed" testListId="8c84fa94-04c1-424b-9868-57a2d4851a1d" relativeResultsDirectory="f034efb3-f3d3-4ee6-ab15-37d44f360e81" />
  </Results>
  <TestDefinitions>
    <UnitTest name="IntegrationTests.TestActionsWithTurnstiles.TestAdminDeleteTurnstileAsync(turnstile: Turnstile { TurnstileID = 223, LiftID = 231, IsOpen = True })" storage="/mnt/c/users/alena/desktop/7_sem/testing_and_debugging/skiresort/integrationtests/bin/debug/net6.0/integrationtests.dll" id="75942903-9665-ebbe-90db-438139ab147b">
      <Execution id="a20f7567-3d02-45b5-b9ed-1e53cf3e50e6" />
      <TestMethod codeBase="/mnt/c/Users/alena/Desktop/7_sem/testing_and_debugging/SkiResort/IntegrationTests/bin/Debug/net6.0/IntegrationTests.dll" adapterTypeName="executor://xunit/VsTestRunner2/netcoreapp" className="IntegrationTests.TestActionsWithTurnstiles" name="TestAdminDeleteTurnstileAsync" />
    </UnitTest>
    <UnitTest name="IntegrationTests.TestActionsWithTurnstiles.TestAdminGetTurnstileAsync(turnstile: Turnstile { TurnstileID = 151, LiftID = 175, IsOpen = True })" storage="/mnt/c/users/alena/desktop/7_sem/testing_and_debugging/skiresort/integrationtests/bin/debug/net6.0/integrationtests.dll" id="ece2ea23-611a-b232-8f16-fe27c866db4e">
      <Execution id="75438134-b635-418d-91e6-31cfc0e8ac4c" />
      <TestMethod codeBase="/mnt/c/Users/alena/Desktop/7_sem/testing_and_debugging/SkiResort/IntegrationTests/bin/Debug/net6.0/IntegrationTests.dll" adapterTypeName="executor://xunit/VsTestRunner2/netcoreapp" className="IntegrationTests.TestActionsWithTurnstiles" name="TestAdminGetTurnstileAsync" />
    </UnitTest>
    <UnitTest name="IntegrationTests.TestActionsWithLiftsLifts.TestAdminAddAutoIncrementLiftAsync(lift: Lift { LiftID = 12, LiftName = liftNameae8dd598-a761-4b87-9eb5-4504322e73dd, IsOpen = True, SeatsAmount = 178, LiftingTime = 110, QueueTime = 204, ConnectedSlopes =  })" storage="/mnt/c/users/alena/desktop/7_sem/testing_and_debugging/skiresort/integrationtests/bin/debug/net6.0/integrationtests.dll" id="47b344a1-d554-f23c-b4f8-591782764fbc">
      <Execution id="f034efb3-f3d3-4ee6-ab15-37d44f360e81" />
      <TestMethod codeBase="/mnt/c/Users/alena/Desktop/7_sem/testing_and_debugging/SkiResort/IntegrationTests/bin/Debug/net6.0/IntegrationTests.dll" adapterTypeName="executor://xunit/VsTestRunner2/netcoreapp" className="IntegrationTests.TestActionsWithLiftsLifts" name="TestAdminAddAutoIncrementLiftAsync" />
    </UnitTest>
    <UnitTest name="IntegrationTests.TestActionsWithUsers.TestRegisterOk" storage="/mnt/c/users/alena/desktop/7_sem/testing_and_debugging/skiresort/integrationtests/bin/debug/net6.0/integrationtests.dll" id="d78ba6d0-dfa8-fa6f-4cc8-23966ee34980">
      <Execution id="b446d1f6-f883-48a0-bddd-d418b20ee712" />
      <TestMethod codeBase="/mnt/c/Users/alena/Desktop/7_sem/testing_and_debugging/SkiResort/IntegrationTests/bin/Debug/net6.0/IntegrationTests.dll" adapterTypeName="executor://xunit/VsTestRunner2/netcoreapp" className="IntegrationTests.TestActionsWithUsers" name="TestRegisterOk" />
    </UnitTest>
    <UnitTest name="IntegrationTests.TestActionsWithLiftsLifts.TestAdminDeleteLiftAsync(lift: Lift { LiftID = 240, LiftName = liftName26873fc3-984d-4da2-9c53-12a9058cec72, IsOpen = True, SeatsAmount = 148, LiftingTime = 177, QueueTime = 23, ConnectedSlopes =  })" storage="/mnt/c/users/alena/desktop/7_sem/testing_and_debugging/skiresort/integrationtests/bin/debug/net6.0/integrationtests.dll" id="ebb5fac2-69b3-082c-c95d-961d1825724f">
      <Execution id="e600ecbd-40dd-431a-a6b1-c118f23c84a9" />
      <TestMethod codeBase="/mnt/c/Users/alena/Desktop/7_sem/testing_and_debugging/SkiResort/IntegrationTests/bin/Debug/net6.0/IntegrationTests.dll" adapterTypeName="executor://xunit/VsTestRunner2/netcoreapp" className="IntegrationTests.TestActionsWithLiftsLifts" name="TestAdminDeleteLiftAsync" />
    </UnitTest>
    <UnitTest name="IntegrationTests.TestActionsWithUsers.TestRegisterUserWithNoPassword" storage="/mnt/c/users/alena/desktop/7_sem/testing_and_debugging/skiresort/integrationtests/bin/debug/net6.0/integrationtests.dll" id="198a1ae3-83ab-ea18-2e21-87927dc980e2">
      <Execution id="8663823c-e948-4af5-a3c7-2e2ddf8e30fd" />
      <TestMethod codeBase="/mnt/c/Users/alena/Desktop/7_sem/testing_and_debugging/SkiResort/IntegrationTests/bin/Debug/net6.0/IntegrationTests.dll" adapterTypeName="executor://xunit/VsTestRunner2/netcoreapp" className="IntegrationTests.TestActionsWithUsers" name="TestRegisterUserWithNoPassword" />
    </UnitTest>
    <UnitTest name="IntegrationTests.TestActionsWithSlopes.TestAdminDeleteSlopeAsync(slope: Slope { SlopeID = 240, SlopeName = slopeName4c24ce10-88e0-4cd4-b5ab-53488f8eddcd, IsOpen = True, DifficultyLevel = 171, ConnectedLifts =  })" storage="/mnt/c/users/alena/desktop/7_sem/testing_and_debugging/skiresort/integrationtests/bin/debug/net6.0/integrationtests.dll" id="a95958d1-d700-e435-bea9-d9e9984241a5">
      <Execution id="2948b3ef-fd65-4dce-89ae-ac04886eb785" />
      <TestMethod codeBase="/mnt/c/Users/alena/Desktop/7_sem/testing_and_debugging/SkiResort/IntegrationTests/bin/Debug/net6.0/IntegrationTests.dll" adapterTypeName="executor://xunit/VsTestRunner2/netcoreapp" className="IntegrationTests.TestActionsWithSlopes" name="TestAdminDeleteSlopeAsync" />
    </UnitTest>
    <UnitTest name="IntegrationTests.TestActionsWithLiftsSlopes.TestAdminDeleteLiftSlopeAsync(lift: Lift { LiftID = 51, LiftName = liftName2a129c04-a6be-4f0f-8a71-fdb842851924, IsOpen = True, SeatsAmount = 113, LiftingTime = 118, QueueTime = 220, ConnectedSlopes =  }, slope: Slope { SlopeID = 235, SlopeName = slopeName125156c2-2e9b-4380-9f33-0ae54833e41b, IsOpen = False, DifficultyLevel = 234, ConnectedLifts =  })" storage="/mnt/c/users/alena/desktop/7_sem/testing_and_debugging/skiresort/integrationtests/bin/debug/net6.0/integrationtests.dll" id="312e6f6c-c710-7d33-e562-109725748c69">
      <Execution id="8eccdf07-95d1-495c-9224-1d2a1980af61" />
      <TestMethod codeBase="/mnt/c/Users/alena/Desktop/7_sem/testing_and_debugging/SkiResort/IntegrationTests/bin/Debug/net6.0/IntegrationTests.dll" adapterTypeName="executor://xunit/VsTestRunner2/netcoreapp" className="IntegrationTests.TestActionsWithLiftsSlopes" name="TestAdminDeleteLiftSlopeAsync" />
    </UnitTest>
    <UnitTest name="IntegrationTests.TestActionsWithTurnstiles.TestAdminAddAutoIncrementTurnstileAsync(turnstile: Turnstile { TurnstileID = 202, LiftID = 160, IsOpen = True })" storage="/mnt/c/users/alena/desktop/7_sem/testing_and_debugging/skiresort/integrationtests/bin/debug/net6.0/integrationtests.dll" id="219ad0eb-bc7d-6ce0-0c8c-937af1527b91">
      <Execution id="662c2e97-91ac-486d-aa69-282ca7e3a02f" />
      <TestMethod codeBase="/mnt/c/Users/alena/Desktop/7_sem/testing_and_debugging/SkiResort/IntegrationTests/bin/Debug/net6.0/IntegrationTests.dll" adapterTypeName="executor://xunit/VsTestRunner2/netcoreapp" className="IntegrationTests.TestActionsWithTurnstiles" name="TestAdminAddAutoIncrementTurnstileAsync" />
    </UnitTest>
    <UnitTest name="IntegrationTests.TestActionsWithUsers.TestLogInOk" storage="/mnt/c/users/alena/desktop/7_sem/testing_and_debugging/skiresort/integrationtests/bin/debug/net6.0/integrationtests.dll" id="45fe0df1-c885-2f7e-8187-832190c2786d">
      <Execution id="3387d795-acd4-47a4-a08f-2fe6c176cd83" />
      <TestMethod codeBase="/mnt/c/Users/alena/Desktop/7_sem/testing_and_debugging/SkiResort/IntegrationTests/bin/Debug/net6.0/IntegrationTests.dll" adapterTypeName="executor://xunit/VsTestRunner2/netcoreapp" className="IntegrationTests.TestActionsWithUsers" name="TestLogInOk" />
    </UnitTest>
    <UnitTest name="IntegrationTests.TestActionsWithLiftsSlopes.TestGetLiftsSlopesInfoAsync(liftsSlopes: [LiftSlope { RecordID = 175, LiftID = 22, SlopeID = 83 }, LiftSlope { RecordID = 192, LiftID = 28, SlopeID = 184 }, LiftSlope { RecordID = 90, LiftID = 58, SlopeID = 147 }])" storage="/mnt/c/users/alena/desktop/7_sem/testing_and_debugging/skiresort/integrationtests/bin/debug/net6.0/integrationtests.dll" id="63be1f92-7da8-a66e-02df-a6e75143687a">
      <Execution id="84450551-59f0-4085-9ce5-b66035bb0a2e" />
      <TestMethod codeBase="/mnt/c/Users/alena/Desktop/7_sem/testing_and_debugging/SkiResort/IntegrationTests/bin/Debug/net6.0/IntegrationTests.dll" adapterTypeName="executor://xunit/VsTestRunner2/netcoreapp" className="IntegrationTests.TestActionsWithLiftsSlopes" name="TestGetLiftsSlopesInfoAsync" />
    </UnitTest>
    <UnitTest name="IntegrationTests.TestActionsWithLiftsSlopes.TestAdminAddAutoIncrementLiftSlopeAsync(lift: Lift { LiftID = 227, LiftName = liftName5b406644-d7fa-4513-9aae-526b6e9b1fc2, IsOpen = True, SeatsAmount = 78, LiftingTime = 44, QueueTime = 160, ConnectedSlopes =  }, slope: Slope { SlopeID = 18, SlopeName = slopeNamec08e9263-2908-421f-9a34-f5738f1a558c, IsOpen = False, DifficultyLevel = 31, ConnectedLifts =  })" storage="/mnt/c/users/alena/desktop/7_sem/testing_and_debugging/skiresort/integrationtests/bin/debug/net6.0/integrationtests.dll" id="b0f7f907-9cd6-1994-f0c9-d93f645a819b">
      <Execution id="8155e62c-5727-4329-a959-9c11c178d1d9" />
      <TestMethod codeBase="/mnt/c/Users/alena/Desktop/7_sem/testing_and_debugging/SkiResort/IntegrationTests/bin/Debug/net6.0/IntegrationTests.dll" adapterTypeName="executor://xunit/VsTestRunner2/netcoreapp" className="IntegrationTests.TestActionsWithLiftsSlopes" name="TestAdminAddAutoIncrementLiftSlopeAsync" />
    </UnitTest>
    <UnitTest name="IntegrationTests.TestActionsWithLiftsLifts.TestUpdateLiftInfoAsync(lift: Lift { LiftID = 190, LiftName = liftNamefd658220-fff4-45c6-aa45-0d2e8894c6aa, IsOpen = True, SeatsAmount = 116, LiftingTime = 203, QueueTime = 75, ConnectedSlopes =  })" storage="/mnt/c/users/alena/desktop/7_sem/testing_and_debugging/skiresort/integrationtests/bin/debug/net6.0/integrationtests.dll" id="bb8662ab-4108-b2e7-6f49-941cb79ac9b0">
      <Execution id="09e38886-efc5-4cf8-85cd-4cf77d4e4783" />
      <TestMethod codeBase="/mnt/c/Users/alena/Desktop/7_sem/testing_and_debugging/SkiResort/IntegrationTests/bin/Debug/net6.0/IntegrationTests.dll" adapterTypeName="executor://xunit/VsTestRunner2/netcoreapp" className="IntegrationTests.TestActionsWithLiftsLifts" name="TestUpdateLiftInfoAsync" />
    </UnitTest>
    <UnitTest name="IntegrationTests.TestActionsWithUsers.TestRegisterUserWithRepeatedEmail" storage="/mnt/c/users/alena/desktop/7_sem/testing_and_debugging/skiresort/integrationtests/bin/debug/net6.0/integrationtests.dll" id="cb8eae24-e7ef-ed7e-d8e9-347d61b13b3a">
      <Execution id="769a245d-9453-4405-b414-d0f6f615555b" />
      <TestMethod codeBase="/mnt/c/Users/alena/Desktop/7_sem/testing_and_debugging/SkiResort/IntegrationTests/bin/Debug/net6.0/IntegrationTests.dll" adapterTypeName="executor://xunit/VsTestRunner2/netcoreapp" className="IntegrationTests.TestActionsWithUsers" name="TestRegisterUserWithRepeatedEmail" />
    </UnitTest>
    <UnitTest name="IntegrationTests.TestActionsWithSlopes.TestAdminAddSlopeAsync(slope: Slope { SlopeID = 168, SlopeName = slopeNamede37400f-66f6-498d-ab9e-bea82a0875ba, IsOpen = True, DifficultyLevel = 147, ConnectedLifts =  })" storage="/mnt/c/users/alena/desktop/7_sem/testing_and_debugging/skiresort/integrationtests/bin/debug/net6.0/integrationtests.dll" id="20798efc-3ca8-4c55-2bb3-309fde5b679a">
      <Execution id="53609e91-c47a-4731-bc57-3b708311ecaf" />
      <TestMethod codeBase="/mnt/c/Users/alena/Desktop/7_sem/testing_and_debugging/SkiResort/IntegrationTests/bin/Debug/net6.0/IntegrationTests.dll" adapterTypeName="executor://xunit/VsTestRunner2/netcoreapp" className="IntegrationTests.TestActionsWithSlopes" name="TestAdminAddSlopeAsync" />
    </UnitTest>
    <UnitTest name="IntegrationTests.TestActionsWithUsers.TestLogInWithWrongPassword" storage="/mnt/c/users/alena/desktop/7_sem/testing_and_debugging/skiresort/integrationtests/bin/debug/net6.0/integrationtests.dll" id="479b875f-d623-ae0a-ff97-dc49a4f2a217">
      <Execution id="fa4262f4-0c7f-48f5-805a-acd53fc0dda3" />
      <TestMethod codeBase="/mnt/c/Users/alena/Desktop/7_sem/testing_and_debugging/SkiResort/IntegrationTests/bin/Debug/net6.0/IntegrationTests.dll" adapterTypeName="executor://xunit/VsTestRunner2/netcoreapp" className="IntegrationTests.TestActionsWithUsers" name="TestLogInWithWrongPassword" />
    </UnitTest>
    <UnitTest name="IntegrationTests.TestActionsWithSlopes.TestUpdateSlopeInfoAsync(slope: Slope { SlopeID = 239, SlopeName = slopeNamedba5ad21-b2dc-41e8-b09b-69be1c803fd0, IsOpen = True, DifficultyLevel = 9, ConnectedLifts =  })" storage="/mnt/c/users/alena/desktop/7_sem/testing_and_debugging/skiresort/integrationtests/bin/debug/net6.0/integrationtests.dll" id="d095514d-ba20-09fa-7333-defa21894c18">
      <Execution id="8c72d647-2957-46fd-bdc6-ec17a28d3795" />
      <TestMethod codeBase="/mnt/c/Users/alena/Desktop/7_sem/testing_and_debugging/SkiResort/IntegrationTests/bin/Debug/net6.0/IntegrationTests.dll" adapterTypeName="executor://xunit/VsTestRunner2/netcoreapp" className="IntegrationTests.TestActionsWithSlopes" name="TestUpdateSlopeInfoAsync" />
    </UnitTest>
    <UnitTest name="IntegrationTests.TestActionsWithUsers.TestAdminDeleteUser" storage="/mnt/c/users/alena/desktop/7_sem/testing_and_debugging/skiresort/integrationtests/bin/debug/net6.0/integrationtests.dll" id="640a72f6-5583-6636-1a54-8396abe99588">
      <Execution id="b1e95a60-2ffb-41f1-b148-8c04691a6af5" />
      <TestMethod codeBase="/mnt/c/Users/alena/Desktop/7_sem/testing_and_debugging/SkiResort/IntegrationTests/bin/Debug/net6.0/IntegrationTests.dll" adapterTypeName="executor://xunit/VsTestRunner2/netcoreapp" className="IntegrationTests.TestActionsWithUsers" name="TestAdminDeleteUser" />
    </UnitTest>
    <UnitTest name="IntegrationTests.TestActionsWithTurnstiles.TestAdminGetTurnstilesAsync(initialTurnstiles: [Turnstile { TurnstileID = 168, LiftID = 252, IsOpen = True }, Turnstile { TurnstileID = 54, LiftID = 59, IsOpen = False }, Turnstile { TurnstileID = 197, LiftID = 36, IsOpen = True }])" storage="/mnt/c/users/alena/desktop/7_sem/testing_and_debugging/skiresort/integrationtests/bin/debug/net6.0/integrationtests.dll" id="8a671bbd-a679-9554-80f7-33c777475820">
      <Execution id="83437389-4782-43be-81e5-097d38cb653d" />
      <TestMethod codeBase="/mnt/c/Users/alena/Desktop/7_sem/testing_and_debugging/SkiResort/IntegrationTests/bin/Debug/net6.0/IntegrationTests.dll" adapterTypeName="executor://xunit/VsTestRunner2/netcoreapp" className="IntegrationTests.TestActionsWithTurnstiles" name="TestAdminGetTurnstilesAsync" />
    </UnitTest>
    <UnitTest name="IntegrationTests.TestActionsWithUsers.TestAdminAddAutoIncrementUser" storage="/mnt/c/users/alena/desktop/7_sem/testing_and_debugging/skiresort/integrationtests/bin/debug/net6.0/integrationtests.dll" id="26a3ed7b-f58f-b931-d8c6-d1d1687098ba">
      <Execution id="ed6ad878-9ba4-4ec9-a7cc-e98bb90a75e3" />
      <TestMethod codeBase="/mnt/c/Users/alena/Desktop/7_sem/testing_and_debugging/SkiResort/IntegrationTests/bin/Debug/net6.0/IntegrationTests.dll" adapterTypeName="executor://xunit/VsTestRunner2/netcoreapp" className="IntegrationTests.TestActionsWithUsers" name="TestAdminAddAutoIncrementUser" />
    </UnitTest>
    <UnitTest name="IntegrationTests.TestActionsWithSlopes.TestGetSlopesInfoAsync(initialSlopes: [Slope { SlopeID = 192, SlopeName = slopeNamef5a30421-0d49-4cfd-ab87-b4916baa3f1e, IsOpen = True, DifficultyLevel = 126, ConnectedLifts =  }, Slope { SlopeID = 216, SlopeName = slopeNameac2a06e4-5cbb-4bc3-8b76-1d94df3205d6, IsOpen = False, DifficultyLevel = 250, ConnectedLifts =  }, Slope { SlopeID = 26, SlopeName = slopeName087112da-0506-4041-9772-3794fd94efaa, Is..." storage="/mnt/c/users/alena/desktop/7_sem/testing_and_debugging/skiresort/integrationtests/bin/debug/net6.0/integrationtests.dll" id="469b101f-8633-a685-8d5b-bdbf8dc340c5">
      <Execution id="5a17f737-58db-4511-8940-aed3cc3de2cd" />
      <TestMethod codeBase="/mnt/c/Users/alena/Desktop/7_sem/testing_and_debugging/SkiResort/IntegrationTests/bin/Debug/net6.0/IntegrationTests.dll" adapterTypeName="executor://xunit/VsTestRunner2/netcoreapp" className="IntegrationTests.TestActionsWithSlopes" name="TestGetSlopesInfoAsync" />
    </UnitTest>
    <UnitTest name="IntegrationTests.TestActionsWithUsers.TestAdminUpdateUser" storage="/mnt/c/users/alena/desktop/7_sem/testing_and_debugging/skiresort/integrationtests/bin/debug/net6.0/integrationtests.dll" id="61a0d3cb-1290-855e-f649-c3c1c190f4b1">
      <Execution id="df47398e-45f1-4500-b45e-5b8eb5defd6a" />
      <TestMethod codeBase="/mnt/c/Users/alena/Desktop/7_sem/testing_and_debugging/SkiResort/IntegrationTests/bin/Debug/net6.0/IntegrationTests.dll" adapterTypeName="executor://xunit/VsTestRunner2/netcoreapp" className="IntegrationTests.TestActionsWithUsers" name="TestAdminUpdateUser" />
    </UnitTest>
    <UnitTest name="IntegrationTests.TestActionsWithLiftsLifts.TestGetLiftsInfoAsync(initialLifts: [Lift { LiftID = 71, LiftName = liftNamea85048c0-3b39-4940-acfc-ea701f1527a6, IsOpen = True, SeatsAmount = 51, LiftingTime = 15, QueueTime = 148, ConnectedSlopes =  }, Lift { LiftID = 205, LiftName = liftNamea5dc82bb-2d7e-4214-9a49-6a75d3b2614c, IsOpen = False, SeatsAmount = 159, LiftingTime = 190, QueueTime = 120, ConnectedSlopes =  }, Lift { LiftID = 52, LiftNa..." storage="/mnt/c/users/alena/desktop/7_sem/testing_and_debugging/skiresort/integrationtests/bin/debug/net6.0/integrationtests.dll" id="e54a4cee-e2a1-889e-b4cd-647e25b91df6">
      <Execution id="4a7274ad-436f-4a3c-b9f5-300d51af60e7" />
      <TestMethod codeBase="/mnt/c/Users/alena/Desktop/7_sem/testing_and_debugging/SkiResort/IntegrationTests/bin/Debug/net6.0/IntegrationTests.dll" adapterTypeName="executor://xunit/VsTestRunner2/netcoreapp" className="IntegrationTests.TestActionsWithLiftsLifts" name="TestGetLiftsInfoAsync" />
    </UnitTest>
    <UnitTest name="IntegrationTests.TestActionsWithSlopes.TestAdminAddAutoIncrementSlopeAsync(slope: Slope { SlopeID = 183, SlopeName = slopeName112d18bd-9c88-442a-bc7b-10ce7d16be7e, IsOpen = True, DifficultyLevel = 135, ConnectedLifts =  })" storage="/mnt/c/users/alena/desktop/7_sem/testing_and_debugging/skiresort/integrationtests/bin/debug/net6.0/integrationtests.dll" id="ccb1e7b8-f319-5d53-e3d7-afec5c912070">
      <Execution id="7188b748-512b-443c-8e44-b4036f3fa18f" />
      <TestMethod codeBase="/mnt/c/Users/alena/Desktop/7_sem/testing_and_debugging/SkiResort/IntegrationTests/bin/Debug/net6.0/IntegrationTests.dll" adapterTypeName="executor://xunit/VsTestRunner2/netcoreapp" className="IntegrationTests.TestActionsWithSlopes" name="TestAdminAddAutoIncrementSlopeAsync" />
    </UnitTest>
    <UnitTest name="IntegrationTests.TestActionsWithUsers.TestAdminGetUserByIDAsync" storage="/mnt/c/users/alena/desktop/7_sem/testing_and_debugging/skiresort/integrationtests/bin/debug/net6.0/integrationtests.dll" id="593087f0-c7ab-1991-c3ee-af523cc03ada">
      <Execution id="c14d5076-c837-438e-b07f-46abe679a8ad" />
      <TestMethod codeBase="/mnt/c/Users/alena/Desktop/7_sem/testing_and_debugging/SkiResort/IntegrationTests/bin/Debug/net6.0/IntegrationTests.dll" adapterTypeName="executor://xunit/VsTestRunner2/netcoreapp" className="IntegrationTests.TestActionsWithUsers" name="TestAdminGetUserByIDAsync" />
    </UnitTest>
    <UnitTest name="IntegrationTests.TestActionsWithSlopes.TestGetSlopeInfoAsync(slope: Slope { SlopeID = 120, SlopeName = slopeNamea3a7d91f-f7cf-4ee4-a7d8-f9a3d3baa92f, IsOpen = True, DifficultyLevel = 195, ConnectedLifts =  })" storage="/mnt/c/users/alena/desktop/7_sem/testing_and_debugging/skiresort/integrationtests/bin/debug/net6.0/integrationtests.dll" id="e2df8464-b586-10d8-57cd-c89624946f47">
      <Execution id="47fa15d2-0cdc-408d-bd5f-2011f37b0e33" />
      <TestMethod codeBase="/mnt/c/Users/alena/Desktop/7_sem/testing_and_debugging/SkiResort/IntegrationTests/bin/Debug/net6.0/IntegrationTests.dll" adapterTypeName="executor://xunit/VsTestRunner2/netcoreapp" className="IntegrationTests.TestActionsWithSlopes" name="TestGetSlopeInfoAsync" />
    </UnitTest>
    <UnitTest name="IntegrationTests.TestActionsWithUsers.TestRegisterUserWithNoEmail" storage="/mnt/c/users/alena/desktop/7_sem/testing_and_debugging/skiresort/integrationtests/bin/debug/net6.0/integrationtests.dll" id="48375cbc-003d-d0fc-ff6a-cfef4b266dfb">
      <Execution id="6746cf67-aa0a-4575-b52d-2d8f4e9801bf" />
      <TestMethod codeBase="/mnt/c/Users/alena/Desktop/7_sem/testing_and_debugging/SkiResort/IntegrationTests/bin/Debug/net6.0/IntegrationTests.dll" adapterTypeName="executor://xunit/VsTestRunner2/netcoreapp" className="IntegrationTests.TestActionsWithUsers" name="TestRegisterUserWithNoEmail" />
    </UnitTest>
    <UnitTest name="IntegrationTests.TestActionsWithLiftsLifts.TestGetLiftInfoAsync(lift: Lift { LiftID = 174, LiftName = liftName9eb6aeaf-971e-4832-ad38-58eec1a79c33, IsOpen = True, SeatsAmount = 230, LiftingTime = 141, QueueTime = 60, ConnectedSlopes =  })" storage="/mnt/c/users/alena/desktop/7_sem/testing_and_debugging/skiresort/integrationtests/bin/debug/net6.0/integrationtests.dll" id="a367417d-a167-99be-ef1c-0513166ecd01">
      <Execution id="0c59959e-baf5-4b13-9321-8a506abef576" />
      <TestMethod codeBase="/mnt/c/Users/alena/Desktop/7_sem/testing_and_debugging/SkiResort/IntegrationTests/bin/Debug/net6.0/IntegrationTests.dll" adapterTypeName="executor://xunit/VsTestRunner2/netcoreapp" className="IntegrationTests.TestActionsWithLiftsLifts" name="TestGetLiftInfoAsync" />
    </UnitTest>
    <UnitTest name="IntegrationTests.TestActionsWithTurnstiles.TestAdminUpdateTurnstileAsync(turnstile: Turnstile { TurnstileID = 158, LiftID = 120, IsOpen = True })" storage="/mnt/c/users/alena/desktop/7_sem/testing_and_debugging/skiresort/integrationtests/bin/debug/net6.0/integrationtests.dll" id="a90ade7f-e8a7-164d-2953-e22536c76dc0">
      <Execution id="950bd4ac-5f82-4c38-9dc4-a60a4c4a9171" />
      <TestMethod codeBase="/mnt/c/Users/alena/Desktop/7_sem/testing_and_debugging/SkiResort/IntegrationTests/bin/Debug/net6.0/IntegrationTests.dll" adapterTypeName="executor://xunit/VsTestRunner2/netcoreapp" className="IntegrationTests.TestActionsWithTurnstiles" name="TestAdminUpdateTurnstileAsync" />
    </UnitTest>
    <UnitTest name="IntegrationTests.TestActionsWithUsers.TestAdminGetUsers" storage="/mnt/c/users/alena/desktop/7_sem/testing_and_debugging/skiresort/integrationtests/bin/debug/net6.0/integrationtests.dll" id="682d3b16-d8d9-d658-4906-fcc748843214">
      <Execution id="a87da74c-a5e6-4180-9e66-f95e906ae2c1" />
      <TestMethod codeBase="/mnt/c/Users/alena/Desktop/7_sem/testing_and_debugging/SkiResort/IntegrationTests/bin/Debug/net6.0/IntegrationTests.dll" adapterTypeName="executor://xunit/VsTestRunner2/netcoreapp" className="IntegrationTests.TestActionsWithUsers" name="TestAdminGetUsers" />
    </UnitTest>
  </TestDefinitions>
  <TestEntries>
    <TestEntry testId="63be1f92-7da8-a66e-02df-a6e75143687a" executionId="84450551-59f0-4085-9ce5-b66035bb0a2e" testListId="8c84fa94-04c1-424b-9868-57a2d4851a1d" />
    <TestEntry testId="ece2ea23-611a-b232-8f16-fe27c866db4e" executionId="75438134-b635-418d-91e6-31cfc0e8ac4c" testListId="8c84fa94-04c1-424b-9868-57a2d4851a1d" />
    <TestEntry testId="640a72f6-5583-6636-1a54-8396abe99588" executionId="b1e95a60-2ffb-41f1-b148-8c04691a6af5" testListId="8c84fa94-04c1-424b-9868-57a2d4851a1d" />
    <TestEntry testId="d78ba6d0-dfa8-fa6f-4cc8-23966ee34980" executionId="b446d1f6-f883-48a0-bddd-d418b20ee712" testListId="8c84fa94-04c1-424b-9868-57a2d4851a1d" />
    <TestEntry testId="bb8662ab-4108-b2e7-6f49-941cb79ac9b0" executionId="09e38886-efc5-4cf8-85cd-4cf77d4e4783" testListId="8c84fa94-04c1-424b-9868-57a2d4851a1d" />
    <TestEntry testId="e54a4cee-e2a1-889e-b4cd-647e25b91df6" executionId="4a7274ad-436f-4a3c-b9f5-300d51af60e7" testListId="8c84fa94-04c1-424b-9868-57a2d4851a1d" />
    <TestEntry testId="198a1ae3-83ab-ea18-2e21-87927dc980e2" executionId="8663823c-e948-4af5-a3c7-2e2ddf8e30fd" testListId="8c84fa94-04c1-424b-9868-57a2d4851a1d" />
    <TestEntry testId="a90ade7f-e8a7-164d-2953-e22536c76dc0" executionId="950bd4ac-5f82-4c38-9dc4-a60a4c4a9171" testListId="8c84fa94-04c1-424b-9868-57a2d4851a1d" />
    <TestEntry testId="26a3ed7b-f58f-b931-d8c6-d1d1687098ba" executionId="ed6ad878-9ba4-4ec9-a7cc-e98bb90a75e3" testListId="8c84fa94-04c1-424b-9868-57a2d4851a1d" />
    <TestEntry testId="a95958d1-d700-e435-bea9-d9e9984241a5" executionId="2948b3ef-fd65-4dce-89ae-ac04886eb785" testListId="8c84fa94-04c1-424b-9868-57a2d4851a1d" />
    <TestEntry testId="20798efc-3ca8-4c55-2bb3-309fde5b679a" executionId="53609e91-c47a-4731-bc57-3b708311ecaf" testListId="8c84fa94-04c1-424b-9868-57a2d4851a1d" />
    <TestEntry testId="d095514d-ba20-09fa-7333-defa21894c18" executionId="8c72d647-2957-46fd-bdc6-ec17a28d3795" testListId="8c84fa94-04c1-424b-9868-57a2d4851a1d" />
    <TestEntry testId="593087f0-c7ab-1991-c3ee-af523cc03ada" executionId="c14d5076-c837-438e-b07f-46abe679a8ad" testListId="8c84fa94-04c1-424b-9868-57a2d4851a1d" />
    <TestEntry testId="479b875f-d623-ae0a-ff97-dc49a4f2a217" executionId="fa4262f4-0c7f-48f5-805a-acd53fc0dda3" testListId="8c84fa94-04c1-424b-9868-57a2d4851a1d" />
    <TestEntry testId="ccb1e7b8-f319-5d53-e3d7-afec5c912070" executionId="7188b748-512b-443c-8e44-b4036f3fa18f" testListId="8c84fa94-04c1-424b-9868-57a2d4851a1d" />
    <TestEntry testId="219ad0eb-bc7d-6ce0-0c8c-937af1527b91" executionId="662c2e97-91ac-486d-aa69-282ca7e3a02f" testListId="8c84fa94-04c1-424b-9868-57a2d4851a1d" />
    <TestEntry testId="a367417d-a167-99be-ef1c-0513166ecd01" executionId="0c59959e-baf5-4b13-9321-8a506abef576" testListId="8c84fa94-04c1-424b-9868-57a2d4851a1d" />
    <TestEntry testId="682d3b16-d8d9-d658-4906-fcc748843214" executionId="a87da74c-a5e6-4180-9e66-f95e906ae2c1" testListId="8c84fa94-04c1-424b-9868-57a2d4851a1d" />
    <TestEntry testId="61a0d3cb-1290-855e-f649-c3c1c190f4b1" executionId="df47398e-45f1-4500-b45e-5b8eb5defd6a" testListId="8c84fa94-04c1-424b-9868-57a2d4851a1d" />
    <TestEntry testId="e2df8464-b586-10d8-57cd-c89624946f47" executionId="47fa15d2-0cdc-408d-bd5f-2011f37b0e33" testListId="8c84fa94-04c1-424b-9868-57a2d4851a1d" />
    <TestEntry testId="ebb5fac2-69b3-082c-c95d-961d1825724f" executionId="e600ecbd-40dd-431a-a6b1-c118f23c84a9" testListId="8c84fa94-04c1-424b-9868-57a2d4851a1d" />
    <TestEntry testId="75942903-9665-ebbe-90db-438139ab147b" executionId="a20f7567-3d02-45b5-b9ed-1e53cf3e50e6" testListId="8c84fa94-04c1-424b-9868-57a2d4851a1d" />
    <TestEntry testId="b0f7f907-9cd6-1994-f0c9-d93f645a819b" executionId="8155e62c-5727-4329-a959-9c11c178d1d9" testListId="8c84fa94-04c1-424b-9868-57a2d4851a1d" />
    <TestEntry testId="48375cbc-003d-d0fc-ff6a-cfef4b266dfb" executionId="6746cf67-aa0a-4575-b52d-2d8f4e9801bf" testListId="8c84fa94-04c1-424b-9868-57a2d4851a1d" />
    <TestEntry testId="45fe0df1-c885-2f7e-8187-832190c2786d" executionId="3387d795-acd4-47a4-a08f-2fe6c176cd83" testListId="8c84fa94-04c1-424b-9868-57a2d4851a1d" />
    <TestEntry testId="cb8eae24-e7ef-ed7e-d8e9-347d61b13b3a" executionId="769a245d-9453-4405-b414-d0f6f615555b" testListId="8c84fa94-04c1-424b-9868-57a2d4851a1d" />
    <TestEntry testId="8a671bbd-a679-9554-80f7-33c777475820" executionId="83437389-4782-43be-81e5-097d38cb653d" testListId="8c84fa94-04c1-424b-9868-57a2d4851a1d" />
    <TestEntry testId="312e6f6c-c710-7d33-e562-109725748c69" executionId="8eccdf07-95d1-495c-9224-1d2a1980af61" testListId="8c84fa94-04c1-424b-9868-57a2d4851a1d" />
    <TestEntry testId="469b101f-8633-a685-8d5b-bdbf8dc340c5" executionId="5a17f737-58db-4511-8940-aed3cc3de2cd" testListId="8c84fa94-04c1-424b-9868-57a2d4851a1d" />
    <TestEntry testId="47b344a1-d554-f23c-b4f8-591782764fbc" executionId="f034efb3-f3d3-4ee6-ab15-37d44f360e81" testListId="8c84fa94-04c1-424b-9868-57a2d4851a1d" />
  </TestEntries>
  <TestLists>
    <TestList name="Results Not in a List" id="8c84fa94-04c1-424b-9868-57a2d4851a1d" />
    <TestList name="All Loaded Results" id="19431567-8539-422a-85d7-44ee4e166bda" />
  </TestLists>
  <ResultSummary outcome="Failed">
    <Counters total="30" executed="30" passed="29" failed="1" error="0" timeout="0" aborted="0" inconclusive="0" passedButRunAborted="0" notRunnable="0" notExecuted="0" disconnected="0" warning="0" completed="0" inProgress="0" pending="0" />
    <Output>
      <StdOut>[xUnit.net 00:00:00.00] xUnit.net VSTest Adapter v2.4.3+1b45f5407b (64-bit .NET 6.0.10)
[xUnit.net 00:00:01.12]   Discovering: IntegrationTests
[xUnit.net 00:00:01.27]   Discovered:  IntegrationTests
[xUnit.net 00:00:01.28]   Starting:    IntegrationTests
[xUnit.net 00:00:18.61]       BL.Exceptions.PermissionExceptions.PermissionException : 
[xUnit.net 00:00:18.61]       Stack Trace:
[xUnit.net 00:00:18.61]         /mnt/c/Users/alena/Desktop/7_sem/testing_and_debugging/SkiResort/BL/Services/CheckPermissionsService.cs(29,0): at BL.Services.CheckPermissionsService.CheckPermissionsAsync(UInt32 userID, String memberName)
[xUnit.net 00:00:18.61]         /mnt/c/Users/alena/Desktop/7_sem/testing_and_debugging/SkiResort/BL/Services/UsersService.cs(75,0): at BL.Services.UsersService.AdminDeleteUserAsync(UInt32 requesterUserID, UInt32 userToDeleteID)
[xUnit.net 00:00:18.62]         /mnt/c/Users/alena/Desktop/7_sem/testing_and_debugging/SkiResort/IntegrationTests/TestActionsWithUsers.cs(190,0): at IntegrationTests.TestActionsWithUsers.TestAdminDeleteUser()
[xUnit.net 00:00:18.62]            at System.Threading.Tasks.Task.&lt;&gt;c.&lt;ThrowAsync&gt;b__128_0(Object state)
[xUnit.net 00:00:21.01]   Finished:    IntegrationTests
</StdOut>
    </Output>
    <RunInfos>
      <RunInfo computerName="DESKTOP-TJ9D65N" outcome="Error" timestamp="2022-10-31T14:40:36.8004823+03:00">
        <Text>[xUnit.net 00:00:18.61]     IntegrationTests.TestActionsWithUsers.TestAdminDeleteUser [FAIL]</Text>
      </RunInfo>
    </RunInfos>
  </ResultSummary>
</TestRun>