<?xml version="1.0" encoding="utf-8"?>
<TestRun id="76ce33e2-37f2-48bd-a729-4e51af5434ce" name="@DESKTOP-TJ9D65N 2022-11-03 09:58:18" xmlns="http://microsoft.com/schemas/VisualStudio/TeamTest/2010">
  <Times creation="2022-11-03T09:58:18.1339941+03:00" queuing="2022-11-03T09:58:18.1339942+03:00" start="2022-11-03T09:58:14.3467917+03:00" finish="2022-11-03T09:58:35.2124778+03:00" />
  <TestSettings name="default" id="7574c06a-708d-445f-a19b-c3340eda3e66">
    <Deployment runDeploymentRoot="_DESKTOP-TJ9D65N_2022-11-03_09_58_18" />
  </TestSettings>
  <Results>
    <UnitTestResult executionId="a2f1a411-9c75-4b67-86a1-a32ff81b2c39" testId="f2e62007-02fa-5a5b-575c-7d4d7d97f616" testName="IntegrationTests.TestActionsWithLiftsLifts.TestAdminAddAutoIncrementLiftAsync(lift: Lift { LiftID = 187, LiftName = liftNamecc06c681-82f5-4cf6-9a60-a1287baf37d0, IsOpen = True, SeatsAmount = 247, LiftingTime = 19, QueueTime = 124, ConnectedSlopes =  })" computerName="DESKTOP-TJ9D65N" duration="00:00:00.6192946" startTime="2022-11-03T09:58:27.7979279+03:00" endTime="2022-11-03T09:58:27.7979281+03:00" testType="13cdc9d9-ddb5-4fa4-a97d-d965ccfc6d4b" outcome="Passed" testListId="8c84fa94-04c1-424b-9868-57a2d4851a1d" relativeResultsDirectory="a2f1a411-9c75-4b67-86a1-a32ff81b2c39" />
    <UnitTestResult executionId="9a91ecaf-f133-4e32-8a03-9478a7dcff24" testId="e54a4cee-e2a1-889e-b4cd-647e25b91df6" testName="IntegrationTests.TestActionsWithLiftsLifts.TestGetLiftsInfoAsync(initialLifts: [Lift { LiftID = 47, LiftName = liftName7948fc9a-4d3f-4d8c-89fc-786741949ff1, IsOpen = True, SeatsAmount = 100, LiftingTime = 181, QueueTime = 123, ConnectedSlopes =  }, Lift { LiftID = 132, LiftName = liftName4430bb8f-902b-4c2d-934e-c3dda83ccf6f, IsOpen = False, SeatsAmount = 251, LiftingTime = 205, QueueTime = 238, ConnectedSlopes =  }, Lift { LiftID = 63, LiftName = liftName045c9fe6-2c69-48ea-a120-877a263ed111, IsOpen = True, SeatsAmount = 80, LiftingTime = 225, QueueTime = 253, ConnectedSlopes =  }])" computerName="DESKTOP-TJ9D65N" duration="00:00:00.6852949" startTime="2022-11-03T09:58:28.5041239+03:00" endTime="2022-11-03T09:58:28.5041241+03:00" testType="13cdc9d9-ddb5-4fa4-a97d-d965ccfc6d4b" outcome="Passed" testListId="8c84fa94-04c1-424b-9868-57a2d4851a1d" relativeResultsDirectory="9a91ecaf-f133-4e32-8a03-9478a7dcff24" />
    <UnitTestResult executionId="265679dc-4a3e-41ca-8330-47dd642156b5" testId="45fe0df1-c885-2f7e-8187-832190c2786d" testName="IntegrationTests.TestActionsWithUsers.TestLogInOk" computerName="DESKTOP-TJ9D65N" duration="00:00:00.5765433" startTime="2022-11-03T09:58:21.6772284+03:00" endTime="2022-11-03T09:58:21.6772286+03:00" testType="13cdc9d9-ddb5-4fa4-a97d-d965ccfc6d4b" outcome="Passed" testListId="8c84fa94-04c1-424b-9868-57a2d4851a1d" relativeResultsDirectory="265679dc-4a3e-41ca-8330-47dd642156b5" />
    <UnitTestResult executionId="19753d5d-577e-4c56-88ef-2de8557b5698" testId="cb8eae24-e7ef-ed7e-d8e9-347d61b13b3a" testName="IntegrationTests.TestActionsWithUsers.TestRegisterUserWithRepeatedEmail" computerName="DESKTOP-TJ9D65N" duration="00:00:00.5763389" startTime="2022-11-03T09:58:22.2715272+03:00" endTime="2022-11-03T09:58:22.2715274+03:00" testType="13cdc9d9-ddb5-4fa4-a97d-d965ccfc6d4b" outcome="Passed" testListId="8c84fa94-04c1-424b-9868-57a2d4851a1d" relativeResultsDirectory="19753d5d-577e-4c56-88ef-2de8557b5698" />
    <UnitTestResult executionId="2bc203a9-2c50-4f27-adee-451defc2c10c" testId="48375cbc-003d-d0fc-ff6a-cfef4b266dfb" testName="IntegrationTests.TestActionsWithUsers.TestRegisterUserWithNoEmail" computerName="DESKTOP-TJ9D65N" duration="00:00:00.5498075" startTime="2022-11-03T09:58:25.3580118+03:00" endTime="2022-11-03T09:58:25.3580120+03:00" testType="13cdc9d9-ddb5-4fa4-a97d-d965ccfc6d4b" outcome="Passed" testListId="8c84fa94-04c1-424b-9868-57a2d4851a1d" relativeResultsDirectory="2bc203a9-2c50-4f27-adee-451defc2c10c" />
    <UnitTestResult executionId="48a2e988-5922-417a-87c2-0b0b630f4616" testId="3be551f4-aeb6-3246-ab37-caebce0ec6c5" testName="IntegrationTests.TestActionsWithTurnstiles.TestAdminUpdateTurnstileAsync(turnstile: Turnstile { TurnstileID = 223, LiftID = 108, IsOpen = True })" computerName="DESKTOP-TJ9D65N" duration="00:00:00.6403952" startTime="2022-11-03T09:58:33.0151508+03:00" endTime="2022-11-03T09:58:33.0151512+03:00" testType="13cdc9d9-ddb5-4fa4-a97d-d965ccfc6d4b" outcome="Passed" testListId="8c84fa94-04c1-424b-9868-57a2d4851a1d" relativeResultsDirectory="48a2e988-5922-417a-87c2-0b0b630f4616" />
    <UnitTestResult executionId="0932f22a-d85a-4c88-930d-f59a312e7162" testId="69e12812-d9f0-6e8d-e243-e3fe7efde6fe" testName="IntegrationTests.TestActionsWithTurnstiles.TestAdminDeleteTurnstileAsync(turnstile: Turnstile { TurnstileID = 11, LiftID = 42, IsOpen = True })" computerName="DESKTOP-TJ9D65N" duration="00:00:00.6081450" startTime="2022-11-03T09:58:32.3557337+03:00" endTime="2022-11-03T09:58:32.3557340+03:00" testType="13cdc9d9-ddb5-4fa4-a97d-d965ccfc6d4b" outcome="Passed" testListId="8c84fa94-04c1-424b-9868-57a2d4851a1d" relativeResultsDirectory="0932f22a-d85a-4c88-930d-f59a312e7162" />
    <UnitTestResult executionId="11e8a9a1-6d8f-438f-a9b9-d7475d132b0e" testId="8a671bbd-a679-9554-80f7-33c777475820" testName="IntegrationTests.TestActionsWithTurnstiles.TestAdminGetTurnstilesAsync(initialTurnstiles: [Turnstile { TurnstileID = 216, LiftID = 88, IsOpen = True }, Turnstile { TurnstileID = 197, LiftID = 47, IsOpen = False }, Turnstile { TurnstileID = 163, LiftID = 39, IsOpen = True }])" computerName="DESKTOP-TJ9D65N" duration="00:00:00.6389480" startTime="2022-11-03T09:58:31.7329549+03:00" endTime="2022-11-03T09:58:31.7329551+03:00" testType="13cdc9d9-ddb5-4fa4-a97d-d965ccfc6d4b" outcome="Passed" testListId="8c84fa94-04c1-424b-9868-57a2d4851a1d" relativeResultsDirectory="11e8a9a1-6d8f-438f-a9b9-d7475d132b0e" />
    <UnitTestResult executionId="52607e99-2924-4a8d-8a5a-c479638b60d3" testId="61a0d3cb-1290-855e-f649-c3c1c190f4b1" testName="IntegrationTests.TestActionsWithUsers.TestAdminUpdateUser" computerName="DESKTOP-TJ9D65N" duration="00:00:00.6080915" startTime="2022-11-03T09:58:20.4642207+03:00" endTime="2022-11-03T09:58:20.4642208+03:00" testType="13cdc9d9-ddb5-4fa4-a97d-d965ccfc6d4b" outcome="Passed" testListId="8c84fa94-04c1-424b-9868-57a2d4851a1d" relativeResultsDirectory="52607e99-2924-4a8d-8a5a-c479638b60d3" />
    <UnitTestResult executionId="d6a462bd-ee97-4de9-a09c-048ae00bcec1" testId="2dc77b0e-45b0-53d8-0198-4ccc7a6dd8bd" testName="IntegrationTests.TestActionsWithLiftsSlopes.TestAdminDeleteLiftSlopeAsync(lift: Lift { LiftID = 217, LiftName = liftNamec25fdeeb-7de3-4ac7-b11a-5efb401d3c5b, IsOpen = True, SeatsAmount = 194, LiftingTime = 89, QueueTime = 2, ConnectedSlopes =  }, slope: Slope { SlopeID = 191, SlopeName = slopeName77a9eb95-04a8-4d6d-8a89-c4a57f6c871a, IsOpen = False, DifficultyLevel = 180, ConnectedLifts =  })" computerName="DESKTOP-TJ9D65N" duration="00:00:00.6837865" startTime="2022-11-03T09:58:34.3864355+03:00" endTime="2022-11-03T09:58:34.3864356+03:00" testType="13cdc9d9-ddb5-4fa4-a97d-d965ccfc6d4b" outcome="Passed" testListId="8c84fa94-04c1-424b-9868-57a2d4851a1d" relativeResultsDirectory="d6a462bd-ee97-4de9-a09c-048ae00bcec1" />
    <UnitTestResult executionId="04855d04-f3fc-43b9-946a-592d9060bf91" testId="7efed698-3c15-9105-4572-103dfd4e273c" testName="IntegrationTests.TestActionsWithSlopes.TestUpdateSlopeInfoAsync(slope: Slope { SlopeID = 153, SlopeName = slopeNamea6389ec4-5b76-4df6-8071-45b7d9f8947b, IsOpen = True, DifficultyLevel = 57, ConnectedLifts =  })" computerName="DESKTOP-TJ9D65N" duration="00:00:00.6478035" startTime="2022-11-03T09:58:19.8356763+03:00" endTime="2022-11-03T09:58:19.8356763+03:00" testType="13cdc9d9-ddb5-4fa4-a97d-d965ccfc6d4b" outcome="Passed" testListId="8c84fa94-04c1-424b-9868-57a2d4851a1d" relativeResultsDirectory="04855d04-f3fc-43b9-946a-592d9060bf91" />
    <UnitTestResult executionId="b8ced5d7-9975-4a67-b83c-ee7d3014081b" testId="63be1f92-7da8-a66e-02df-a6e75143687a" testName="IntegrationTests.TestActionsWithLiftsSlopes.TestGetLiftsSlopesInfoAsync(liftsSlopes: [LiftSlope { RecordID = 226, LiftID = 45, SlopeID = 172 }, LiftSlope { RecordID = 178, LiftID = 116, SlopeID = 205 }, LiftSlope { RecordID = 74, LiftID = 200, SlopeID = 100 }])" computerName="DESKTOP-TJ9D65N" duration="00:00:00.6393330" startTime="2022-11-03T09:58:33.6833229+03:00" endTime="2022-11-03T09:58:33.6833230+03:00" testType="13cdc9d9-ddb5-4fa4-a97d-d965ccfc6d4b" outcome="Passed" testListId="8c84fa94-04c1-424b-9868-57a2d4851a1d" relativeResultsDirectory="b8ced5d7-9975-4a67-b83c-ee7d3014081b" />
    <UnitTestResult executionId="f8e9e936-7a5b-4962-90ea-fd724a027233" testId="4c7ef820-2c52-8548-e2a9-b339492f1844" testName="IntegrationTests.TestActionsWithLiftsSlopes.TestAdminAddAutoIncrementLiftSlopeAsync(lift: Lift { LiftID = 11, LiftName = liftNamecc27e47b-9a13-46f0-8e93-b5ac5f7af843, IsOpen = True, SeatsAmount = 97, LiftingTime = 53, QueueTime = 224, ConnectedSlopes =  }, slope: Slope { SlopeID = 61, SlopeName = slopeNamec1c039de-43c0-4258-b798-08394cd22c3d, IsOpen = False, DifficultyLevel = 106, ConnectedLifts =  })" computerName="DESKTOP-TJ9D65N" duration="00:00:00.6701281" startTime="2022-11-03T09:58:35.0756003+03:00" endTime="2022-11-03T09:58:35.0756005+03:00" testType="13cdc9d9-ddb5-4fa4-a97d-d965ccfc6d4b" outcome="Passed" testListId="8c84fa94-04c1-424b-9868-57a2d4851a1d" relativeResultsDirectory="f8e9e936-7a5b-4962-90ea-fd724a027233" />
    <UnitTestResult executionId="e5f8e5b1-bcfa-45fd-90c1-7d177ff92e70" testId="fb42107e-9c37-d15a-8ef0-dc8479894043" testName="IntegrationTests.TestActionsWithTurnstiles.TestAdminGetTurnstileAsync(turnstile: Turnstile { TurnstileID = 166, LiftID = 13, IsOpen = True })" computerName="DESKTOP-TJ9D65N" duration="00:00:00.6053916" startTime="2022-11-03T09:58:31.0760719+03:00" endTime="2022-11-03T09:58:31.0760723+03:00" testType="13cdc9d9-ddb5-4fa4-a97d-d965ccfc6d4b" outcome="Passed" testListId="8c84fa94-04c1-424b-9868-57a2d4851a1d" relativeResultsDirectory="e5f8e5b1-bcfa-45fd-90c1-7d177ff92e70" />
    <UnitTestResult executionId="82980f00-191c-4f30-82f8-2c1207b6cd77" testId="62be6254-34af-293c-5093-a8e781c59f41" testName="IntegrationTests.TestActionsWithSlopes.TestAdminDeleteSlopeAsync(slope: Slope { SlopeID = 239, SlopeName = slopeName5cd91491-470e-4c86-991d-3e3625654720, IsOpen = True, DifficultyLevel = 179, ConnectedLifts =  })" computerName="DESKTOP-TJ9D65N" duration="00:00:00.0010000" startTime="2022-11-03T09:58:18.5450152+03:00" endTime="2022-11-03T09:58:18.5450159+03:00" testType="13cdc9d9-ddb5-4fa4-a97d-d965ccfc6d4b" outcome="Failed" testListId="8c84fa94-04c1-424b-9868-57a2d4851a1d" relativeResultsDirectory="82980f00-191c-4f30-82f8-2c1207b6cd77">
      <Output>
        <ErrorInfo>
          <Message>ProGaudi.MsgPack.Light.ConverterNotFoundException : Converter not found for type System.Boolean</Message>
          <StackTrace>   at ProGaudi.MsgPack.Light.MsgPackContext.GetConverter[T]()
   at ProGaudi.Tarantool.Client.Converters.IndexCreationOptionsConverter.Read(IMsgPackReader reader)
   at ProGaudi.Tarantool.Client.Converters.IndexConverter.Read(IMsgPackReader reader)
   at ProGaudi.MsgPack.Light.Converters.ArrayConverter`2.ReadArray(IMsgPackReader reader, UInt32 length)
   at ProGaudi.MsgPack.Light.Converters.ArrayConverter`2.Read(IMsgPackReader reader)
   at ProGaudi.Tarantool.Client.Converters.ResponsePacketConverter`1.ProGaudi.MsgPack.Light.IMsgPackConverter&lt;ProGaudi.Tarantool.Client.Model.Responses.DataResponse&lt;T&gt;&gt;.Read(IMsgPackReader reader)
   at ProGaudi.MsgPack.Light.MsgPackSerializer.Deserialize[T](MemoryStream stream, MsgPackContext context)
   at ProGaudi.Tarantool.Client.LogicalConnection.SendRequest[TRequest,TResponse](TRequest request, Nullable`1 timeout)
   at ProGaudi.Tarantool.Client.LogicalConnectionManager.SendRequest[TRequest,TResponse](TRequest request, Nullable`1 timeout)
   at ProGaudi.Tarantool.Client.Schema.Select[T](UInt32 spaceId, Iterator iterator, UInt32 id)
   at ProGaudi.Tarantool.Client.Schema.Reload()
   at ProGaudi.Tarantool.Client.Box.Connect()
   at ProGaudi.Tarantool.Client.Box.Connect(String replicationSource)
   at AccessToDB.TarantoolContext.Initialize(String connection_string) in /mnt/c/Users/alena/Desktop/7_sem/testing_and_debugging/SkiResort/AccessToDB/TarantoolContext.cs:line 51
   at AccessToDB.TarantoolContext..ctor(String connection_string) in /mnt/c/Users/alena/Desktop/7_sem/testing_and_debugging/SkiResort/AccessToDB/TarantoolContext.cs:line 32
   at IntegrationTests.TestActionsWithSlopes..ctor() in /mnt/c/Users/alena/Desktop/7_sem/testing_and_debugging/SkiResort/IntegrationTests/TestActionsWithSlopes.cs:line 31
   at System.RuntimeType.CreateInstanceDefaultCtor(Boolean publicOnly, Boolean wrapExceptions)</StackTrace>
        </ErrorInfo>
      </Output>
    </UnitTestResult>
    <UnitTestResult executionId="6cb080c9-81c5-4371-b468-86bc21419238" testId="682d3b16-d8d9-d658-4906-fcc748843214" testName="IntegrationTests.TestActionsWithUsers.TestAdminGetUsers" computerName="DESKTOP-TJ9D65N" duration="00:00:00.6140358" startTime="2022-11-03T09:58:24.7830989+03:00" endTime="2022-11-03T09:58:24.7830991+03:00" testType="13cdc9d9-ddb5-4fa4-a97d-d965ccfc6d4b" outcome="Passed" testListId="8c84fa94-04c1-424b-9868-57a2d4851a1d" relativeResultsDirectory="6cb080c9-81c5-4371-b468-86bc21419238" />
    <UnitTestResult executionId="6898289f-9162-4fe4-adad-277f6eb5a917" testId="18366c36-ddbc-b2f4-1e51-5aa753489c88" testName="IntegrationTests.TestActionsWithSlopes.TestGetSlopeInfoAsync(slope: Slope { SlopeID = 201, SlopeName = slopeName57d2edf5-391d-43ed-bea9-9ff0d0212441, IsOpen = True, DifficultyLevel = 58, ConnectedLifts =  })" computerName="DESKTOP-TJ9D65N" duration="00:00:00.6127302" startTime="2022-11-03T09:58:17.7657739+03:00" endTime="2022-11-03T09:58:17.7657743+03:00" testType="13cdc9d9-ddb5-4fa4-a97d-d965ccfc6d4b" outcome="Passed" testListId="8c84fa94-04c1-424b-9868-57a2d4851a1d" relativeResultsDirectory="6898289f-9162-4fe4-adad-277f6eb5a917" />
    <UnitTestResult executionId="d19ecc5d-616a-43a0-8db6-cd1c1ebc5a9d" testId="d78ba6d0-dfa8-fa6f-4cc8-23966ee34980" testName="IntegrationTests.TestActionsWithUsers.TestRegisterOk" computerName="DESKTOP-TJ9D65N" duration="00:00:00.6006097" startTime="2022-11-03T09:58:23.5098077+03:00" endTime="2022-11-03T09:58:23.5098081+03:00" testType="13cdc9d9-ddb5-4fa4-a97d-d965ccfc6d4b" outcome="Passed" testListId="8c84fa94-04c1-424b-9868-57a2d4851a1d" relativeResultsDirectory="d19ecc5d-616a-43a0-8db6-cd1c1ebc5a9d" />
    <UnitTestResult executionId="b50ecbd1-46c4-4484-b819-da2284c04f92" testId="e36cf966-a0a2-6e18-31bd-09d6937f20c2" testName="IntegrationTests.TestActionsWithSlopes.TestAdminAddAutoIncrementSlopeAsync(slope: Slope { SlopeID = 239, SlopeName = slopeName016b719a-47dc-484c-bbf4-06d44e459ee7, IsOpen = True, DifficultyLevel = 199, ConnectedLifts =  })" computerName="DESKTOP-TJ9D65N" duration="00:00:00.6773209" startTime="2022-11-03T09:58:17.1160434+03:00" endTime="2022-11-03T09:58:17.1160696+03:00" testType="13cdc9d9-ddb5-4fa4-a97d-d965ccfc6d4b" outcome="Passed" testListId="8c84fa94-04c1-424b-9868-57a2d4851a1d" relativeResultsDirectory="b50ecbd1-46c4-4484-b819-da2284c04f92" />
    <UnitTestResult executionId="f13ebcb3-e6ff-4df8-a4b9-66e34c493217" testId="479b875f-d623-ae0a-ff97-dc49a4f2a217" testName="IntegrationTests.TestActionsWithUsers.TestLogInWithWrongPassword" computerName="DESKTOP-TJ9D65N" duration="00:00:00.5920636" startTime="2022-11-03T09:58:22.8789748+03:00" endTime="2022-11-03T09:58:22.8789751+03:00" testType="13cdc9d9-ddb5-4fa4-a97d-d965ccfc6d4b" outcome="Passed" testListId="8c84fa94-04c1-424b-9868-57a2d4851a1d" relativeResultsDirectory="f13ebcb3-e6ff-4df8-a4b9-66e34c493217" />
    <UnitTestResult executionId="7bd5ad2d-0a95-45fd-9c90-46c028577a71" testId="26a3ed7b-f58f-b931-d8c6-d1d1687098ba" testName="IntegrationTests.TestActionsWithUsers.TestAdminAddAutoIncrementUser" computerName="DESKTOP-TJ9D65N" duration="00:00:00.6097013" startTime="2022-11-03T09:58:21.0851771+03:00" endTime="2022-11-03T09:58:21.0851773+03:00" testType="13cdc9d9-ddb5-4fa4-a97d-d965ccfc6d4b" outcome="Passed" testListId="8c84fa94-04c1-424b-9868-57a2d4851a1d" relativeResultsDirectory="7bd5ad2d-0a95-45fd-9c90-46c028577a71" />
    <UnitTestResult executionId="e1ee2937-fa84-4ab7-b367-f49f852bb437" testId="593087f0-c7ab-1991-c3ee-af523cc03ada" testName="IntegrationTests.TestActionsWithUsers.TestAdminGetUserByIDAsync" computerName="DESKTOP-TJ9D65N" duration="00:00:00.5899170" startTime="2022-11-03T09:58:26.5295194+03:00" endTime="2022-11-03T09:58:26.5295197+03:00" testType="13cdc9d9-ddb5-4fa4-a97d-d965ccfc6d4b" outcome="Passed" testListId="8c84fa94-04c1-424b-9868-57a2d4851a1d" relativeResultsDirectory="e1ee2937-fa84-4ab7-b367-f49f852bb437" />
    <UnitTestResult executionId="83eae03f-60f2-4ca5-9ae5-bf58023b4230" testId="3e39d159-1898-1a58-8272-bb48f46d49e8" testName="IntegrationTests.TestActionsWithLiftsLifts.TestUpdateLiftInfoAsync(lift: Lift { LiftID = 91, LiftName = liftNamebb6382ed-0060-4759-a137-dbde21bdd0bc, IsOpen = True, SeatsAmount = 13, LiftingTime = 177, QueueTime = 208, ConnectedSlopes =  })" computerName="DESKTOP-TJ9D65N" duration="00:00:00.6422161" startTime="2022-11-03T09:58:29.8228472+03:00" endTime="2022-11-03T09:58:29.8228473+03:00" testType="13cdc9d9-ddb5-4fa4-a97d-d965ccfc6d4b" outcome="Passed" testListId="8c84fa94-04c1-424b-9868-57a2d4851a1d" relativeResultsDirectory="83eae03f-60f2-4ca5-9ae5-bf58023b4230" />
    <UnitTestResult executionId="2e3a7394-cb58-4361-a615-de40053655e9" testId="640a72f6-5583-6636-1a54-8396abe99588" testName="IntegrationTests.TestActionsWithUsers.TestAdminDeleteUser" computerName="DESKTOP-TJ9D65N" duration="00:00:00.6203196" startTime="2022-11-03T09:58:24.1483017+03:00" endTime="2022-11-03T09:58:24.1483019+03:00" testType="13cdc9d9-ddb5-4fa4-a97d-d965ccfc6d4b" outcome="Passed" testListId="8c84fa94-04c1-424b-9868-57a2d4851a1d" relativeResultsDirectory="2e3a7394-cb58-4361-a615-de40053655e9" />
    <UnitTestResult executionId="f7278469-bb02-4d25-89da-adf17e1cea42" testId="469b101f-8633-a685-8d5b-bdbf8dc340c5" testName="IntegrationTests.TestActionsWithSlopes.TestGetSlopesInfoAsync(initialSlopes: [Slope { SlopeID = 59, SlopeName = slopeName72fd6f08-182f-4696-ab4a-c757054a79a9, IsOpen = True, DifficultyLevel = 158, ConnectedLifts =  }, Slope { SlopeID = 152, SlopeName = slopeName5f9a5b6f-5086-4c05-bd96-0a95f37a1813, IsOpen = False, DifficultyLevel = 224, ConnectedLifts =  }, Slope { SlopeID = 186, SlopeName = slopeName10164e86-5113-4a8e-a49e-623c4ca98fd0, IsOpen = True, DifficultyLevel = 213, ConnectedLifts =  }])" computerName="DESKTOP-TJ9D65N" duration="00:00:00.6749446" startTime="2022-11-03T09:58:18.4585022+03:00" endTime="2022-11-03T09:58:18.4585023+03:00" testType="13cdc9d9-ddb5-4fa4-a97d-d965ccfc6d4b" outcome="Passed" testListId="8c84fa94-04c1-424b-9868-57a2d4851a1d" relativeResultsDirectory="f7278469-bb02-4d25-89da-adf17e1cea42" />
    <UnitTestResult executionId="0fce4789-4df4-4e55-919a-059f3deab486" testId="204f4c48-bbb6-0bd1-1a6c-ab575fcf44bb" testName="IntegrationTests.TestActionsWithTurnstiles.TestAdminAddAutoIncrementTurnstileAsync(turnstile: Turnstile { TurnstileID = 118, LiftID = 161, IsOpen = True })" computerName="DESKTOP-TJ9D65N" duration="00:00:00.6113431" startTime="2022-11-03T09:58:30.4491795+03:00" endTime="2022-11-03T09:58:30.4491798+03:00" testType="13cdc9d9-ddb5-4fa4-a97d-d965ccfc6d4b" outcome="Passed" testListId="8c84fa94-04c1-424b-9868-57a2d4851a1d" relativeResultsDirectory="0fce4789-4df4-4e55-919a-059f3deab486" />
    <UnitTestResult executionId="19c4c9e2-4a6d-471e-993b-a217e8dc03ef" testId="198a1ae3-83ab-ea18-2e21-87927dc980e2" testName="IntegrationTests.TestActionsWithUsers.TestRegisterUserWithNoPassword" computerName="DESKTOP-TJ9D65N" duration="00:00:00.5476505" startTime="2022-11-03T09:58:25.9241262+03:00" endTime="2022-11-03T09:58:25.9241264+03:00" testType="13cdc9d9-ddb5-4fa4-a97d-d965ccfc6d4b" outcome="Passed" testListId="8c84fa94-04c1-424b-9868-57a2d4851a1d" relativeResultsDirectory="19c4c9e2-4a6d-471e-993b-a217e8dc03ef" />
    <UnitTestResult executionId="b4144643-e689-4234-8dcf-a1cd0c84d3c7" testId="9d9ef560-2041-7e38-76be-db95973653b2" testName="IntegrationTests.TestActionsWithSlopes.TestAdminAddSlopeAsync(slope: Slope { SlopeID = 38, SlopeName = slopeName200d68c0-8fee-4b54-b274-92cf2ad3d0a1, IsOpen = True, DifficultyLevel = 212, ConnectedLifts =  })" computerName="DESKTOP-TJ9D65N" duration="00:00:00.6187970" startTime="2022-11-03T09:58:19.1696074+03:00" endTime="2022-11-03T09:58:19.1696076+03:00" testType="13cdc9d9-ddb5-4fa4-a97d-d965ccfc6d4b" outcome="Passed" testListId="8c84fa94-04c1-424b-9868-57a2d4851a1d" relativeResultsDirectory="b4144643-e689-4234-8dcf-a1cd0c84d3c7" />
    <UnitTestResult executionId="c503379e-20fd-4727-913e-c4cfb09cdffc" testId="b8ab1eb4-d03e-9f54-6bd0-97cdc67402e1" testName="IntegrationTests.TestActionsWithLiftsLifts.TestAdminDeleteLiftAsync(lift: Lift { LiftID = 87, LiftName = liftName7f6c81bd-1d72-4142-84a8-0bac055ecdaf, IsOpen = True, SeatsAmount = 187, LiftingTime = 8, QueueTime = 201, ConnectedSlopes =  })" computerName="DESKTOP-TJ9D65N" duration="00:00:00.6407089" startTime="2022-11-03T09:58:29.1617248+03:00" endTime="2022-11-03T09:58:29.1617250+03:00" testType="13cdc9d9-ddb5-4fa4-a97d-d965ccfc6d4b" outcome="Passed" testListId="8c84fa94-04c1-424b-9868-57a2d4851a1d" relativeResultsDirectory="c503379e-20fd-4727-913e-c4cfb09cdffc" />
    <UnitTestResult executionId="63c922c0-095c-4cc6-9c45-3733b8ae54f4" testId="e88df5cd-8f58-6ce3-8c64-34c71f0ebe04" testName="IntegrationTests.TestActionsWithLiftsLifts.TestGetLiftInfoAsync(lift: Lift { LiftID = 179, LiftName = liftName0f7c9741-acc8-45a1-9eed-3dd071f878e3, IsOpen = True, SeatsAmount = 88, LiftingTime = 4, QueueTime = 129, ConnectedSlopes =  })" computerName="DESKTOP-TJ9D65N" duration="00:00:00.6080927" startTime="2022-11-03T09:58:27.1668036+03:00" endTime="2022-11-03T09:58:27.1668037+03:00" testType="13cdc9d9-ddb5-4fa4-a97d-d965ccfc6d4b" outcome="Passed" testListId="8c84fa94-04c1-424b-9868-57a2d4851a1d" relativeResultsDirectory="63c922c0-095c-4cc6-9c45-3733b8ae54f4" />
  </Results>
  <TestDefinitions>
    <UnitTest name="IntegrationTests.TestActionsWithSlopes.TestAdminAddSlopeAsync(slope: Slope { SlopeID = 38, SlopeName = slopeName200d68c0-8fee-4b54-b274-92cf2ad3d0a1, IsOpen = True, DifficultyLevel = 212, ConnectedLifts =  })" storage="/mnt/c/users/alena/desktop/7_sem/testing_and_debugging/skiresort/integrationtests/bin/debug/net6.0/integrationtests.dll" id="9d9ef560-2041-7e38-76be-db95973653b2">
      <Execution id="b4144643-e689-4234-8dcf-a1cd0c84d3c7" />
      <TestMethod codeBase="/mnt/c/Users/alena/Desktop/7_sem/testing_and_debugging/SkiResort/IntegrationTests/bin/Debug/net6.0/IntegrationTests.dll" adapterTypeName="executor://xunit/VsTestRunner2/netcoreapp" className="IntegrationTests.TestActionsWithSlopes" name="TestAdminAddSlopeAsync" />
    </UnitTest>
    <UnitTest name="IntegrationTests.TestActionsWithLiftsLifts.TestGetLiftInfoAsync(lift: Lift { LiftID = 179, LiftName = liftName0f7c9741-acc8-45a1-9eed-3dd071f878e3, IsOpen = True, SeatsAmount = 88, LiftingTime = 4, QueueTime = 129, ConnectedSlopes =  })" storage="/mnt/c/users/alena/desktop/7_sem/testing_and_debugging/skiresort/integrationtests/bin/debug/net6.0/integrationtests.dll" id="e88df5cd-8f58-6ce3-8c64-34c71f0ebe04">
      <Execution id="63c922c0-095c-4cc6-9c45-3733b8ae54f4" />
      <TestMethod codeBase="/mnt/c/Users/alena/Desktop/7_sem/testing_and_debugging/SkiResort/IntegrationTests/bin/Debug/net6.0/IntegrationTests.dll" adapterTypeName="executor://xunit/VsTestRunner2/netcoreapp" className="IntegrationTests.TestActionsWithLiftsLifts" name="TestGetLiftInfoAsync" />
    </UnitTest>
    <UnitTest name="IntegrationTests.TestActionsWithSlopes.TestAdminDeleteSlopeAsync(slope: Slope { SlopeID = 239, SlopeName = slopeName5cd91491-470e-4c86-991d-3e3625654720, IsOpen = True, DifficultyLevel = 179, ConnectedLifts =  })" storage="/mnt/c/users/alena/desktop/7_sem/testing_and_debugging/skiresort/integrationtests/bin/debug/net6.0/integrationtests.dll" id="62be6254-34af-293c-5093-a8e781c59f41">
      <Execution id="82980f00-191c-4f30-82f8-2c1207b6cd77" />
      <TestMethod codeBase="/mnt/c/Users/alena/Desktop/7_sem/testing_and_debugging/SkiResort/IntegrationTests/bin/Debug/net6.0/IntegrationTests.dll" adapterTypeName="executor://xunit/VsTestRunner2/netcoreapp" className="IntegrationTests.TestActionsWithSlopes" name="TestAdminDeleteSlopeAsync" />
    </UnitTest>
    <UnitTest name="IntegrationTests.TestActionsWithTurnstiles.TestAdminGetTurnstileAsync(turnstile: Turnstile { TurnstileID = 166, LiftID = 13, IsOpen = True })" storage="/mnt/c/users/alena/desktop/7_sem/testing_and_debugging/skiresort/integrationtests/bin/debug/net6.0/integrationtests.dll" id="fb42107e-9c37-d15a-8ef0-dc8479894043">
      <Execution id="e5f8e5b1-bcfa-45fd-90c1-7d177ff92e70" />
      <TestMethod codeBase="/mnt/c/Users/alena/Desktop/7_sem/testing_and_debugging/SkiResort/IntegrationTests/bin/Debug/net6.0/IntegrationTests.dll" adapterTypeName="executor://xunit/VsTestRunner2/netcoreapp" className="IntegrationTests.TestActionsWithTurnstiles" name="TestAdminGetTurnstileAsync" />
    </UnitTest>
    <UnitTest name="IntegrationTests.TestActionsWithUsers.TestRegisterOk" storage="/mnt/c/users/alena/desktop/7_sem/testing_and_debugging/skiresort/integrationtests/bin/debug/net6.0/integrationtests.dll" id="d78ba6d0-dfa8-fa6f-4cc8-23966ee34980">
      <Execution id="d19ecc5d-616a-43a0-8db6-cd1c1ebc5a9d" />
      <TestMethod codeBase="/mnt/c/Users/alena/Desktop/7_sem/testing_and_debugging/SkiResort/IntegrationTests/bin/Debug/net6.0/IntegrationTests.dll" adapterTypeName="executor://xunit/VsTestRunner2/netcoreapp" className="IntegrationTests.TestActionsWithUsers" name="TestRegisterOk" />
    </UnitTest>
    <UnitTest name="IntegrationTests.TestActionsWithUsers.TestLogInWithWrongPassword" storage="/mnt/c/users/alena/desktop/7_sem/testing_and_debugging/skiresort/integrationtests/bin/debug/net6.0/integrationtests.dll" id="479b875f-d623-ae0a-ff97-dc49a4f2a217">
      <Execution id="f13ebcb3-e6ff-4df8-a4b9-66e34c493217" />
      <TestMethod codeBase="/mnt/c/Users/alena/Desktop/7_sem/testing_and_debugging/SkiResort/IntegrationTests/bin/Debug/net6.0/IntegrationTests.dll" adapterTypeName="executor://xunit/VsTestRunner2/netcoreapp" className="IntegrationTests.TestActionsWithUsers" name="TestLogInWithWrongPassword" />
    </UnitTest>
    <UnitTest name="IntegrationTests.TestActionsWithTurnstiles.TestAdminAddAutoIncrementTurnstileAsync(turnstile: Turnstile { TurnstileID = 118, LiftID = 161, IsOpen = True })" storage="/mnt/c/users/alena/desktop/7_sem/testing_and_debugging/skiresort/integrationtests/bin/debug/net6.0/integrationtests.dll" id="204f4c48-bbb6-0bd1-1a6c-ab575fcf44bb">
      <Execution id="0fce4789-4df4-4e55-919a-059f3deab486" />
      <TestMethod codeBase="/mnt/c/Users/alena/Desktop/7_sem/testing_and_debugging/SkiResort/IntegrationTests/bin/Debug/net6.0/IntegrationTests.dll" adapterTypeName="executor://xunit/VsTestRunner2/netcoreapp" className="IntegrationTests.TestActionsWithTurnstiles" name="TestAdminAddAutoIncrementTurnstileAsync" />
    </UnitTest>
    <UnitTest name="IntegrationTests.TestActionsWithSlopes.TestGetSlopesInfoAsync(initialSlopes: [Slope { SlopeID = 59, SlopeName = slopeName72fd6f08-182f-4696-ab4a-c757054a79a9, IsOpen = True, DifficultyLevel = 158, ConnectedLifts =  }, Slope { SlopeID = 152, SlopeName = slopeName5f9a5b6f-5086-4c05-bd96-0a95f37a1813, IsOpen = False, DifficultyLevel = 224, ConnectedLifts =  }, Slope { SlopeID = 186, SlopeName = slopeName10164e86-5113-4a8e-a49e-623c4ca98fd0, Is..." storage="/mnt/c/users/alena/desktop/7_sem/testing_and_debugging/skiresort/integrationtests/bin/debug/net6.0/integrationtests.dll" id="469b101f-8633-a685-8d5b-bdbf8dc340c5">
      <Execution id="f7278469-bb02-4d25-89da-adf17e1cea42" />
      <TestMethod codeBase="/mnt/c/Users/alena/Desktop/7_sem/testing_and_debugging/SkiResort/IntegrationTests/bin/Debug/net6.0/IntegrationTests.dll" adapterTypeName="executor://xunit/VsTestRunner2/netcoreapp" className="IntegrationTests.TestActionsWithSlopes" name="TestGetSlopesInfoAsync" />
    </UnitTest>
    <UnitTest name="IntegrationTests.TestActionsWithUsers.TestAdminUpdateUser" storage="/mnt/c/users/alena/desktop/7_sem/testing_and_debugging/skiresort/integrationtests/bin/debug/net6.0/integrationtests.dll" id="61a0d3cb-1290-855e-f649-c3c1c190f4b1">
      <Execution id="52607e99-2924-4a8d-8a5a-c479638b60d3" />
      <TestMethod codeBase="/mnt/c/Users/alena/Desktop/7_sem/testing_and_debugging/SkiResort/IntegrationTests/bin/Debug/net6.0/IntegrationTests.dll" adapterTypeName="executor://xunit/VsTestRunner2/netcoreapp" className="IntegrationTests.TestActionsWithUsers" name="TestAdminUpdateUser" />
    </UnitTest>
    <UnitTest name="IntegrationTests.TestActionsWithSlopes.TestGetSlopeInfoAsync(slope: Slope { SlopeID = 201, SlopeName = slopeName57d2edf5-391d-43ed-bea9-9ff0d0212441, IsOpen = True, DifficultyLevel = 58, ConnectedLifts =  })" storage="/mnt/c/users/alena/desktop/7_sem/testing_and_debugging/skiresort/integrationtests/bin/debug/net6.0/integrationtests.dll" id="18366c36-ddbc-b2f4-1e51-5aa753489c88">
      <Execution id="6898289f-9162-4fe4-adad-277f6eb5a917" />
      <TestMethod codeBase="/mnt/c/Users/alena/Desktop/7_sem/testing_and_debugging/SkiResort/IntegrationTests/bin/Debug/net6.0/IntegrationTests.dll" adapterTypeName="executor://xunit/VsTestRunner2/netcoreapp" className="IntegrationTests.TestActionsWithSlopes" name="TestGetSlopeInfoAsync" />
    </UnitTest>
    <UnitTest name="IntegrationTests.TestActionsWithUsers.TestAdminGetUserByIDAsync" storage="/mnt/c/users/alena/desktop/7_sem/testing_and_debugging/skiresort/integrationtests/bin/debug/net6.0/integrationtests.dll" id="593087f0-c7ab-1991-c3ee-af523cc03ada">
      <Execution id="e1ee2937-fa84-4ab7-b367-f49f852bb437" />
      <TestMethod codeBase="/mnt/c/Users/alena/Desktop/7_sem/testing_and_debugging/SkiResort/IntegrationTests/bin/Debug/net6.0/IntegrationTests.dll" adapterTypeName="executor://xunit/VsTestRunner2/netcoreapp" className="IntegrationTests.TestActionsWithUsers" name="TestAdminGetUserByIDAsync" />
    </UnitTest>
    <UnitTest name="IntegrationTests.TestActionsWithLiftsLifts.TestAdminAddAutoIncrementLiftAsync(lift: Lift { LiftID = 187, LiftName = liftNamecc06c681-82f5-4cf6-9a60-a1287baf37d0, IsOpen = True, SeatsAmount = 247, LiftingTime = 19, QueueTime = 124, ConnectedSlopes =  })" storage="/mnt/c/users/alena/desktop/7_sem/testing_and_debugging/skiresort/integrationtests/bin/debug/net6.0/integrationtests.dll" id="f2e62007-02fa-5a5b-575c-7d4d7d97f616">
      <Execution id="a2f1a411-9c75-4b67-86a1-a32ff81b2c39" />
      <TestMethod codeBase="/mnt/c/Users/alena/Desktop/7_sem/testing_and_debugging/SkiResort/IntegrationTests/bin/Debug/net6.0/IntegrationTests.dll" adapterTypeName="executor://xunit/VsTestRunner2/netcoreapp" className="IntegrationTests.TestActionsWithLiftsLifts" name="TestAdminAddAutoIncrementLiftAsync" />
    </UnitTest>
    <UnitTest name="IntegrationTests.TestActionsWithTurnstiles.TestAdminUpdateTurnstileAsync(turnstile: Turnstile { TurnstileID = 223, LiftID = 108, IsOpen = True })" storage="/mnt/c/users/alena/desktop/7_sem/testing_and_debugging/skiresort/integrationtests/bin/debug/net6.0/integrationtests.dll" id="3be551f4-aeb6-3246-ab37-caebce0ec6c5">
      <Execution id="48a2e988-5922-417a-87c2-0b0b630f4616" />
      <TestMethod codeBase="/mnt/c/Users/alena/Desktop/7_sem/testing_and_debugging/SkiResort/IntegrationTests/bin/Debug/net6.0/IntegrationTests.dll" adapterTypeName="executor://xunit/VsTestRunner2/netcoreapp" className="IntegrationTests.TestActionsWithTurnstiles" name="TestAdminUpdateTurnstileAsync" />
    </UnitTest>
    <UnitTest name="IntegrationTests.TestActionsWithTurnstiles.TestAdminGetTurnstilesAsync(initialTurnstiles: [Turnstile { TurnstileID = 216, LiftID = 88, IsOpen = True }, Turnstile { TurnstileID = 197, LiftID = 47, IsOpen = False }, Turnstile { TurnstileID = 163, LiftID = 39, IsOpen = True }])" storage="/mnt/c/users/alena/desktop/7_sem/testing_and_debugging/skiresort/integrationtests/bin/debug/net6.0/integrationtests.dll" id="8a671bbd-a679-9554-80f7-33c777475820">
      <Execution id="11e8a9a1-6d8f-438f-a9b9-d7475d132b0e" />
      <TestMethod codeBase="/mnt/c/Users/alena/Desktop/7_sem/testing_and_debugging/SkiResort/IntegrationTests/bin/Debug/net6.0/IntegrationTests.dll" adapterTypeName="executor://xunit/VsTestRunner2/netcoreapp" className="IntegrationTests.TestActionsWithTurnstiles" name="TestAdminGetTurnstilesAsync" />
    </UnitTest>
    <UnitTest name="IntegrationTests.TestActionsWithUsers.TestAdminGetUsers" storage="/mnt/c/users/alena/desktop/7_sem/testing_and_debugging/skiresort/integrationtests/bin/debug/net6.0/integrationtests.dll" id="682d3b16-d8d9-d658-4906-fcc748843214">
      <Execution id="6cb080c9-81c5-4371-b468-86bc21419238" />
      <TestMethod codeBase="/mnt/c/Users/alena/Desktop/7_sem/testing_and_debugging/SkiResort/IntegrationTests/bin/Debug/net6.0/IntegrationTests.dll" adapterTypeName="executor://xunit/VsTestRunner2/netcoreapp" className="IntegrationTests.TestActionsWithUsers" name="TestAdminGetUsers" />
    </UnitTest>
    <UnitTest name="IntegrationTests.TestActionsWithLiftsSlopes.TestAdminDeleteLiftSlopeAsync(lift: Lift { LiftID = 217, LiftName = liftNamec25fdeeb-7de3-4ac7-b11a-5efb401d3c5b, IsOpen = True, SeatsAmount = 194, LiftingTime = 89, QueueTime = 2, ConnectedSlopes =  }, slope: Slope { SlopeID = 191, SlopeName = slopeName77a9eb95-04a8-4d6d-8a89-c4a57f6c871a, IsOpen = False, DifficultyLevel = 180, ConnectedLifts =  })" storage="/mnt/c/users/alena/desktop/7_sem/testing_and_debugging/skiresort/integrationtests/bin/debug/net6.0/integrationtests.dll" id="2dc77b0e-45b0-53d8-0198-4ccc7a6dd8bd">
      <Execution id="d6a462bd-ee97-4de9-a09c-048ae00bcec1" />
      <TestMethod codeBase="/mnt/c/Users/alena/Desktop/7_sem/testing_and_debugging/SkiResort/IntegrationTests/bin/Debug/net6.0/IntegrationTests.dll" adapterTypeName="executor://xunit/VsTestRunner2/netcoreapp" className="IntegrationTests.TestActionsWithLiftsSlopes" name="TestAdminDeleteLiftSlopeAsync" />
    </UnitTest>
    <UnitTest name="IntegrationTests.TestActionsWithUsers.TestAdminDeleteUser" storage="/mnt/c/users/alena/desktop/7_sem/testing_and_debugging/skiresort/integrationtests/bin/debug/net6.0/integrationtests.dll" id="640a72f6-5583-6636-1a54-8396abe99588">
      <Execution id="2e3a7394-cb58-4361-a615-de40053655e9" />
      <TestMethod codeBase="/mnt/c/Users/alena/Desktop/7_sem/testing_and_debugging/SkiResort/IntegrationTests/bin/Debug/net6.0/IntegrationTests.dll" adapterTypeName="executor://xunit/VsTestRunner2/netcoreapp" className="IntegrationTests.TestActionsWithUsers" name="TestAdminDeleteUser" />
    </UnitTest>
    <UnitTest name="IntegrationTests.TestActionsWithUsers.TestAdminAddAutoIncrementUser" storage="/mnt/c/users/alena/desktop/7_sem/testing_and_debugging/skiresort/integrationtests/bin/debug/net6.0/integrationtests.dll" id="26a3ed7b-f58f-b931-d8c6-d1d1687098ba">
      <Execution id="7bd5ad2d-0a95-45fd-9c90-46c028577a71" />
      <TestMethod codeBase="/mnt/c/Users/alena/Desktop/7_sem/testing_and_debugging/SkiResort/IntegrationTests/bin/Debug/net6.0/IntegrationTests.dll" adapterTypeName="executor://xunit/VsTestRunner2/netcoreapp" className="IntegrationTests.TestActionsWithUsers" name="TestAdminAddAutoIncrementUser" />
    </UnitTest>
    <UnitTest name="IntegrationTests.TestActionsWithLiftsSlopes.TestAdminAddAutoIncrementLiftSlopeAsync(lift: Lift { LiftID = 11, LiftName = liftNamecc27e47b-9a13-46f0-8e93-b5ac5f7af843, IsOpen = True, SeatsAmount = 97, LiftingTime = 53, QueueTime = 224, ConnectedSlopes =  }, slope: Slope { SlopeID = 61, SlopeName = slopeNamec1c039de-43c0-4258-b798-08394cd22c3d, IsOpen = False, DifficultyLevel = 106, ConnectedLifts =  })" storage="/mnt/c/users/alena/desktop/7_sem/testing_and_debugging/skiresort/integrationtests/bin/debug/net6.0/integrationtests.dll" id="4c7ef820-2c52-8548-e2a9-b339492f1844">
      <Execution id="f8e9e936-7a5b-4962-90ea-fd724a027233" />
      <TestMethod codeBase="/mnt/c/Users/alena/Desktop/7_sem/testing_and_debugging/SkiResort/IntegrationTests/bin/Debug/net6.0/IntegrationTests.dll" adapterTypeName="executor://xunit/VsTestRunner2/netcoreapp" className="IntegrationTests.TestActionsWithLiftsSlopes" name="TestAdminAddAutoIncrementLiftSlopeAsync" />
    </UnitTest>
    <UnitTest name="IntegrationTests.TestActionsWithSlopes.TestAdminAddAutoIncrementSlopeAsync(slope: Slope { SlopeID = 239, SlopeName = slopeName016b719a-47dc-484c-bbf4-06d44e459ee7, IsOpen = True, DifficultyLevel = 199, ConnectedLifts =  })" storage="/mnt/c/users/alena/desktop/7_sem/testing_and_debugging/skiresort/integrationtests/bin/debug/net6.0/integrationtests.dll" id="e36cf966-a0a2-6e18-31bd-09d6937f20c2">
      <Execution id="b50ecbd1-46c4-4484-b819-da2284c04f92" />
      <TestMethod codeBase="/mnt/c/Users/alena/Desktop/7_sem/testing_and_debugging/SkiResort/IntegrationTests/bin/Debug/net6.0/IntegrationTests.dll" adapterTypeName="executor://xunit/VsTestRunner2/netcoreapp" className="IntegrationTests.TestActionsWithSlopes" name="TestAdminAddAutoIncrementSlopeAsync" />
    </UnitTest>
    <UnitTest name="IntegrationTests.TestActionsWithSlopes.TestUpdateSlopeInfoAsync(slope: Slope { SlopeID = 153, SlopeName = slopeNamea6389ec4-5b76-4df6-8071-45b7d9f8947b, IsOpen = True, DifficultyLevel = 57, ConnectedLifts =  })" storage="/mnt/c/users/alena/desktop/7_sem/testing_and_debugging/skiresort/integrationtests/bin/debug/net6.0/integrationtests.dll" id="7efed698-3c15-9105-4572-103dfd4e273c">
      <Execution id="04855d04-f3fc-43b9-946a-592d9060bf91" />
      <TestMethod codeBase="/mnt/c/Users/alena/Desktop/7_sem/testing_and_debugging/SkiResort/IntegrationTests/bin/Debug/net6.0/IntegrationTests.dll" adapterTypeName="executor://xunit/VsTestRunner2/netcoreapp" className="IntegrationTests.TestActionsWithSlopes" name="TestUpdateSlopeInfoAsync" />
    </UnitTest>
    <UnitTest name="IntegrationTests.TestActionsWithLiftsLifts.TestAdminDeleteLiftAsync(lift: Lift { LiftID = 87, LiftName = liftName7f6c81bd-1d72-4142-84a8-0bac055ecdaf, IsOpen = True, SeatsAmount = 187, LiftingTime = 8, QueueTime = 201, ConnectedSlopes =  })" storage="/mnt/c/users/alena/desktop/7_sem/testing_and_debugging/skiresort/integrationtests/bin/debug/net6.0/integrationtests.dll" id="b8ab1eb4-d03e-9f54-6bd0-97cdc67402e1">
      <Execution id="c503379e-20fd-4727-913e-c4cfb09cdffc" />
      <TestMethod codeBase="/mnt/c/Users/alena/Desktop/7_sem/testing_and_debugging/SkiResort/IntegrationTests/bin/Debug/net6.0/IntegrationTests.dll" adapterTypeName="executor://xunit/VsTestRunner2/netcoreapp" className="IntegrationTests.TestActionsWithLiftsLifts" name="TestAdminDeleteLiftAsync" />
    </UnitTest>
    <UnitTest name="IntegrationTests.TestActionsWithUsers.TestRegisterUserWithNoPassword" storage="/mnt/c/users/alena/desktop/7_sem/testing_and_debugging/skiresort/integrationtests/bin/debug/net6.0/integrationtests.dll" id="198a1ae3-83ab-ea18-2e21-87927dc980e2">
      <Execution id="19c4c9e2-4a6d-471e-993b-a217e8dc03ef" />
      <TestMethod codeBase="/mnt/c/Users/alena/Desktop/7_sem/testing_and_debugging/SkiResort/IntegrationTests/bin/Debug/net6.0/IntegrationTests.dll" adapterTypeName="executor://xunit/VsTestRunner2/netcoreapp" className="IntegrationTests.TestActionsWithUsers" name="TestRegisterUserWithNoPassword" />
    </UnitTest>
    <UnitTest name="IntegrationTests.TestActionsWithUsers.TestRegisterUserWithNoEmail" storage="/mnt/c/users/alena/desktop/7_sem/testing_and_debugging/skiresort/integrationtests/bin/debug/net6.0/integrationtests.dll" id="48375cbc-003d-d0fc-ff6a-cfef4b266dfb">
      <Execution id="2bc203a9-2c50-4f27-adee-451defc2c10c" />
      <TestMethod codeBase="/mnt/c/Users/alena/Desktop/7_sem/testing_and_debugging/SkiResort/IntegrationTests/bin/Debug/net6.0/IntegrationTests.dll" adapterTypeName="executor://xunit/VsTestRunner2/netcoreapp" className="IntegrationTests.TestActionsWithUsers" name="TestRegisterUserWithNoEmail" />
    </UnitTest>
    <UnitTest name="IntegrationTests.TestActionsWithTurnstiles.TestAdminDeleteTurnstileAsync(turnstile: Turnstile { TurnstileID = 11, LiftID = 42, IsOpen = True })" storage="/mnt/c/users/alena/desktop/7_sem/testing_and_debugging/skiresort/integrationtests/bin/debug/net6.0/integrationtests.dll" id="69e12812-d9f0-6e8d-e243-e3fe7efde6fe">
      <Execution id="0932f22a-d85a-4c88-930d-f59a312e7162" />
      <TestMethod codeBase="/mnt/c/Users/alena/Desktop/7_sem/testing_and_debugging/SkiResort/IntegrationTests/bin/Debug/net6.0/IntegrationTests.dll" adapterTypeName="executor://xunit/VsTestRunner2/netcoreapp" className="IntegrationTests.TestActionsWithTurnstiles" name="TestAdminDeleteTurnstileAsync" />
    </UnitTest>
    <UnitTest name="IntegrationTests.TestActionsWithUsers.TestLogInOk" storage="/mnt/c/users/alena/desktop/7_sem/testing_and_debugging/skiresort/integrationtests/bin/debug/net6.0/integrationtests.dll" id="45fe0df1-c885-2f7e-8187-832190c2786d">
      <Execution id="265679dc-4a3e-41ca-8330-47dd642156b5" />
      <TestMethod codeBase="/mnt/c/Users/alena/Desktop/7_sem/testing_and_debugging/SkiResort/IntegrationTests/bin/Debug/net6.0/IntegrationTests.dll" adapterTypeName="executor://xunit/VsTestRunner2/netcoreapp" className="IntegrationTests.TestActionsWithUsers" name="TestLogInOk" />
    </UnitTest>
    <UnitTest name="IntegrationTests.TestActionsWithLiftsLifts.TestUpdateLiftInfoAsync(lift: Lift { LiftID = 91, LiftName = liftNamebb6382ed-0060-4759-a137-dbde21bdd0bc, IsOpen = True, SeatsAmount = 13, LiftingTime = 177, QueueTime = 208, ConnectedSlopes =  })" storage="/mnt/c/users/alena/desktop/7_sem/testing_and_debugging/skiresort/integrationtests/bin/debug/net6.0/integrationtests.dll" id="3e39d159-1898-1a58-8272-bb48f46d49e8">
      <Execution id="83eae03f-60f2-4ca5-9ae5-bf58023b4230" />
      <TestMethod codeBase="/mnt/c/Users/alena/Desktop/7_sem/testing_and_debugging/SkiResort/IntegrationTests/bin/Debug/net6.0/IntegrationTests.dll" adapterTypeName="executor://xunit/VsTestRunner2/netcoreapp" className="IntegrationTests.TestActionsWithLiftsLifts" name="TestUpdateLiftInfoAsync" />
    </UnitTest>
    <UnitTest name="IntegrationTests.TestActionsWithLiftsSlopes.TestGetLiftsSlopesInfoAsync(liftsSlopes: [LiftSlope { RecordID = 226, LiftID = 45, SlopeID = 172 }, LiftSlope { RecordID = 178, LiftID = 116, SlopeID = 205 }, LiftSlope { RecordID = 74, LiftID = 200, SlopeID = 100 }])" storage="/mnt/c/users/alena/desktop/7_sem/testing_and_debugging/skiresort/integrationtests/bin/debug/net6.0/integrationtests.dll" id="63be1f92-7da8-a66e-02df-a6e75143687a">
      <Execution id="b8ced5d7-9975-4a67-b83c-ee7d3014081b" />
      <TestMethod codeBase="/mnt/c/Users/alena/Desktop/7_sem/testing_and_debugging/SkiResort/IntegrationTests/bin/Debug/net6.0/IntegrationTests.dll" adapterTypeName="executor://xunit/VsTestRunner2/netcoreapp" className="IntegrationTests.TestActionsWithLiftsSlopes" name="TestGetLiftsSlopesInfoAsync" />
    </UnitTest>
    <UnitTest name="IntegrationTests.TestActionsWithLiftsLifts.TestGetLiftsInfoAsync(initialLifts: [Lift { LiftID = 47, LiftName = liftName7948fc9a-4d3f-4d8c-89fc-786741949ff1, IsOpen = True, SeatsAmount = 100, LiftingTime = 181, QueueTime = 123, ConnectedSlopes =  }, Lift { LiftID = 132, LiftName = liftName4430bb8f-902b-4c2d-934e-c3dda83ccf6f, IsOpen = False, SeatsAmount = 251, LiftingTime = 205, QueueTime = 238, ConnectedSlopes =  }, Lift { LiftID = 63, Lift..." storage="/mnt/c/users/alena/desktop/7_sem/testing_and_debugging/skiresort/integrationtests/bin/debug/net6.0/integrationtests.dll" id="e54a4cee-e2a1-889e-b4cd-647e25b91df6">
      <Execution id="9a91ecaf-f133-4e32-8a03-9478a7dcff24" />
      <TestMethod codeBase="/mnt/c/Users/alena/Desktop/7_sem/testing_and_debugging/SkiResort/IntegrationTests/bin/Debug/net6.0/IntegrationTests.dll" adapterTypeName="executor://xunit/VsTestRunner2/netcoreapp" className="IntegrationTests.TestActionsWithLiftsLifts" name="TestGetLiftsInfoAsync" />
    </UnitTest>
    <UnitTest name="IntegrationTests.TestActionsWithUsers.TestRegisterUserWithRepeatedEmail" storage="/mnt/c/users/alena/desktop/7_sem/testing_and_debugging/skiresort/integrationtests/bin/debug/net6.0/integrationtests.dll" id="cb8eae24-e7ef-ed7e-d8e9-347d61b13b3a">
      <Execution id="19753d5d-577e-4c56-88ef-2de8557b5698" />
      <TestMethod codeBase="/mnt/c/Users/alena/Desktop/7_sem/testing_and_debugging/SkiResort/IntegrationTests/bin/Debug/net6.0/IntegrationTests.dll" adapterTypeName="executor://xunit/VsTestRunner2/netcoreapp" className="IntegrationTests.TestActionsWithUsers" name="TestRegisterUserWithRepeatedEmail" />
    </UnitTest>
  </TestDefinitions>
  <TestEntries>
    <TestEntry testId="f2e62007-02fa-5a5b-575c-7d4d7d97f616" executionId="a2f1a411-9c75-4b67-86a1-a32ff81b2c39" testListId="8c84fa94-04c1-424b-9868-57a2d4851a1d" />
    <TestEntry testId="e54a4cee-e2a1-889e-b4cd-647e25b91df6" executionId="9a91ecaf-f133-4e32-8a03-9478a7dcff24" testListId="8c84fa94-04c1-424b-9868-57a2d4851a1d" />
    <TestEntry testId="45fe0df1-c885-2f7e-8187-832190c2786d" executionId="265679dc-4a3e-41ca-8330-47dd642156b5" testListId="8c84fa94-04c1-424b-9868-57a2d4851a1d" />
    <TestEntry testId="cb8eae24-e7ef-ed7e-d8e9-347d61b13b3a" executionId="19753d5d-577e-4c56-88ef-2de8557b5698" testListId="8c84fa94-04c1-424b-9868-57a2d4851a1d" />
    <TestEntry testId="48375cbc-003d-d0fc-ff6a-cfef4b266dfb" executionId="2bc203a9-2c50-4f27-adee-451defc2c10c" testListId="8c84fa94-04c1-424b-9868-57a2d4851a1d" />
    <TestEntry testId="3be551f4-aeb6-3246-ab37-caebce0ec6c5" executionId="48a2e988-5922-417a-87c2-0b0b630f4616" testListId="8c84fa94-04c1-424b-9868-57a2d4851a1d" />
    <TestEntry testId="69e12812-d9f0-6e8d-e243-e3fe7efde6fe" executionId="0932f22a-d85a-4c88-930d-f59a312e7162" testListId="8c84fa94-04c1-424b-9868-57a2d4851a1d" />
    <TestEntry testId="8a671bbd-a679-9554-80f7-33c777475820" executionId="11e8a9a1-6d8f-438f-a9b9-d7475d132b0e" testListId="8c84fa94-04c1-424b-9868-57a2d4851a1d" />
    <TestEntry testId="61a0d3cb-1290-855e-f649-c3c1c190f4b1" executionId="52607e99-2924-4a8d-8a5a-c479638b60d3" testListId="8c84fa94-04c1-424b-9868-57a2d4851a1d" />
    <TestEntry testId="2dc77b0e-45b0-53d8-0198-4ccc7a6dd8bd" executionId="d6a462bd-ee97-4de9-a09c-048ae00bcec1" testListId="8c84fa94-04c1-424b-9868-57a2d4851a1d" />
    <TestEntry testId="7efed698-3c15-9105-4572-103dfd4e273c" executionId="04855d04-f3fc-43b9-946a-592d9060bf91" testListId="8c84fa94-04c1-424b-9868-57a2d4851a1d" />
    <TestEntry testId="63be1f92-7da8-a66e-02df-a6e75143687a" executionId="b8ced5d7-9975-4a67-b83c-ee7d3014081b" testListId="8c84fa94-04c1-424b-9868-57a2d4851a1d" />
    <TestEntry testId="4c7ef820-2c52-8548-e2a9-b339492f1844" executionId="f8e9e936-7a5b-4962-90ea-fd724a027233" testListId="8c84fa94-04c1-424b-9868-57a2d4851a1d" />
    <TestEntry testId="fb42107e-9c37-d15a-8ef0-dc8479894043" executionId="e5f8e5b1-bcfa-45fd-90c1-7d177ff92e70" testListId="8c84fa94-04c1-424b-9868-57a2d4851a1d" />
    <TestEntry testId="62be6254-34af-293c-5093-a8e781c59f41" executionId="82980f00-191c-4f30-82f8-2c1207b6cd77" testListId="8c84fa94-04c1-424b-9868-57a2d4851a1d" />
    <TestEntry testId="682d3b16-d8d9-d658-4906-fcc748843214" executionId="6cb080c9-81c5-4371-b468-86bc21419238" testListId="8c84fa94-04c1-424b-9868-57a2d4851a1d" />
    <TestEntry testId="18366c36-ddbc-b2f4-1e51-5aa753489c88" executionId="6898289f-9162-4fe4-adad-277f6eb5a917" testListId="8c84fa94-04c1-424b-9868-57a2d4851a1d" />
    <TestEntry testId="d78ba6d0-dfa8-fa6f-4cc8-23966ee34980" executionId="d19ecc5d-616a-43a0-8db6-cd1c1ebc5a9d" testListId="8c84fa94-04c1-424b-9868-57a2d4851a1d" />
    <TestEntry testId="e36cf966-a0a2-6e18-31bd-09d6937f20c2" executionId="b50ecbd1-46c4-4484-b819-da2284c04f92" testListId="8c84fa94-04c1-424b-9868-57a2d4851a1d" />
    <TestEntry testId="479b875f-d623-ae0a-ff97-dc49a4f2a217" executionId="f13ebcb3-e6ff-4df8-a4b9-66e34c493217" testListId="8c84fa94-04c1-424b-9868-57a2d4851a1d" />
    <TestEntry testId="26a3ed7b-f58f-b931-d8c6-d1d1687098ba" executionId="7bd5ad2d-0a95-45fd-9c90-46c028577a71" testListId="8c84fa94-04c1-424b-9868-57a2d4851a1d" />
    <TestEntry testId="593087f0-c7ab-1991-c3ee-af523cc03ada" executionId="e1ee2937-fa84-4ab7-b367-f49f852bb437" testListId="8c84fa94-04c1-424b-9868-57a2d4851a1d" />
    <TestEntry testId="3e39d159-1898-1a58-8272-bb48f46d49e8" executionId="83eae03f-60f2-4ca5-9ae5-bf58023b4230" testListId="8c84fa94-04c1-424b-9868-57a2d4851a1d" />
    <TestEntry testId="640a72f6-5583-6636-1a54-8396abe99588" executionId="2e3a7394-cb58-4361-a615-de40053655e9" testListId="8c84fa94-04c1-424b-9868-57a2d4851a1d" />
    <TestEntry testId="469b101f-8633-a685-8d5b-bdbf8dc340c5" executionId="f7278469-bb02-4d25-89da-adf17e1cea42" testListId="8c84fa94-04c1-424b-9868-57a2d4851a1d" />
    <TestEntry testId="204f4c48-bbb6-0bd1-1a6c-ab575fcf44bb" executionId="0fce4789-4df4-4e55-919a-059f3deab486" testListId="8c84fa94-04c1-424b-9868-57a2d4851a1d" />
    <TestEntry testId="198a1ae3-83ab-ea18-2e21-87927dc980e2" executionId="19c4c9e2-4a6d-471e-993b-a217e8dc03ef" testListId="8c84fa94-04c1-424b-9868-57a2d4851a1d" />
    <TestEntry testId="9d9ef560-2041-7e38-76be-db95973653b2" executionId="b4144643-e689-4234-8dcf-a1cd0c84d3c7" testListId="8c84fa94-04c1-424b-9868-57a2d4851a1d" />
    <TestEntry testId="b8ab1eb4-d03e-9f54-6bd0-97cdc67402e1" executionId="c503379e-20fd-4727-913e-c4cfb09cdffc" testListId="8c84fa94-04c1-424b-9868-57a2d4851a1d" />
    <TestEntry testId="e88df5cd-8f58-6ce3-8c64-34c71f0ebe04" executionId="63c922c0-095c-4cc6-9c45-3733b8ae54f4" testListId="8c84fa94-04c1-424b-9868-57a2d4851a1d" />
  </TestEntries>
  <TestLists>
    <TestList name="Results Not in a List" id="8c84fa94-04c1-424b-9868-57a2d4851a1d" />
    <TestList name="All Loaded Results" id="19431567-8539-422a-85d7-44ee4e166bda" />
  </TestLists>
  <ResultSummary outcome="Failed">
    <Counters total="30" executed="30" passed="29" failed="1" error="0" timeout="0" aborted="0" inconclusive="0" passedButRunAborted="0" notRunnable="0" notExecuted="0" disconnected="0" warning="0" completed="0" inProgress="0" pending="0" />
    <Output>
      <StdOut>[xUnit.net 00:00:00.00] xUnit.net VSTest Adapter v2.4.3+1b45f5407b (64-bit .NET 6.0.10)
[xUnit.net 00:00:01.05]   Discovering: IntegrationTests
[xUnit.net 00:00:01.16]   Discovered:  IntegrationTests
[xUnit.net 00:00:01.16]   Starting:    IntegrationTests
[xUnit.net 00:00:03.35]       ProGaudi.MsgPack.Light.ConverterNotFoundException : Converter not found for type System.Boolean
[xUnit.net 00:00:03.35]       Stack Trace:
[xUnit.net 00:00:03.35]            at ProGaudi.MsgPack.Light.MsgPackContext.GetConverter[T]()
[xUnit.net 00:00:03.35]            at ProGaudi.Tarantool.Client.Converters.IndexCreationOptionsConverter.Read(IMsgPackReader reader)
[xUnit.net 00:00:03.35]            at ProGaudi.Tarantool.Client.Converters.IndexConverter.Read(IMsgPackReader reader)
[xUnit.net 00:00:03.35]            at ProGaudi.MsgPack.Light.Converters.ArrayConverter`2.ReadArray(IMsgPackReader reader, UInt32 length)
[xUnit.net 00:00:03.36]            at ProGaudi.MsgPack.Light.Converters.ArrayConverter`2.Read(IMsgPackReader reader)
[xUnit.net 00:00:03.36]            at ProGaudi.Tarantool.Client.Converters.ResponsePacketConverter`1.ProGaudi.MsgPack.Light.IMsgPackConverter&lt;ProGaudi.Tarantool.Client.Model.Responses.DataResponse&lt;T&gt;&gt;.Read(IMsgPackReader reader)
[xUnit.net 00:00:03.36]            at ProGaudi.MsgPack.Light.MsgPackSerializer.Deserialize[T](MemoryStream stream, MsgPackContext context)
[xUnit.net 00:00:03.36]            at ProGaudi.Tarantool.Client.LogicalConnection.SendRequest[TRequest,TResponse](TRequest request, Nullable`1 timeout)
[xUnit.net 00:00:03.36]            at ProGaudi.Tarantool.Client.LogicalConnectionManager.SendRequest[TRequest,TResponse](TRequest request, Nullable`1 timeout)
[xUnit.net 00:00:03.36]            at ProGaudi.Tarantool.Client.Schema.Select[T](UInt32 spaceId, Iterator iterator, UInt32 id)
[xUnit.net 00:00:03.36]            at ProGaudi.Tarantool.Client.Schema.Reload()
[xUnit.net 00:00:03.36]            at ProGaudi.Tarantool.Client.Box.Connect()
[xUnit.net 00:00:03.36]            at ProGaudi.Tarantool.Client.Box.Connect(String replicationSource)
[xUnit.net 00:00:03.36]         /mnt/c/Users/alena/Desktop/7_sem/testing_and_debugging/SkiResort/AccessToDB/TarantoolContext.cs(51,0): at AccessToDB.TarantoolContext.Initialize(String connection_string)
[xUnit.net 00:00:03.36]         /mnt/c/Users/alena/Desktop/7_sem/testing_and_debugging/SkiResort/AccessToDB/TarantoolContext.cs(32,0): at AccessToDB.TarantoolContext..ctor(String connection_string)
[xUnit.net 00:00:03.36]         /mnt/c/Users/alena/Desktop/7_sem/testing_and_debugging/SkiResort/IntegrationTests/TestActionsWithSlopes.cs(31,0): at IntegrationTests.TestActionsWithSlopes..ctor()
[xUnit.net 00:00:03.36]            at System.RuntimeType.CreateInstanceDefaultCtor(Boolean publicOnly, Boolean wrapExceptions)
[xUnit.net 00:00:19.91]   Finished:    IntegrationTests
</StdOut>
    </Output>
    <RunInfos>
      <RunInfo computerName="DESKTOP-TJ9D65N" outcome="Error" timestamp="2022-11-03T09:58:18.5393224+03:00">
        <Text>[xUnit.net 00:00:03.35]     IntegrationTests.TestActionsWithSlopes.TestAdminDeleteSlopeAsync(slope: Slope { SlopeID = 239, SlopeName = slopeName5cd91491-470e-4c86-991d-3e3625654720, IsOpen = True, DifficultyLevel = 179, ConnectedLifts =  }) [FAIL]</Text>
      </RunInfo>
    </RunInfos>
  </ResultSummary>
</TestRun>