<?xml version="1.0" encoding="utf-8"?>
<TestRun id="f98628fe-784f-4560-b3e6-3ed05ddade08" name="@DESKTOP-TJ9D65N 2022-10-30 22:04:07" xmlns="http://microsoft.com/schemas/VisualStudio/TeamTest/2010">
  <Times creation="2022-10-30T22:04:07.3397277+03:00" queuing="2022-10-30T22:04:07.3397278+03:00" start="2022-10-30T22:04:03.5076694+03:00" finish="2022-10-30T22:04:08.5780655+03:00" />
  <TestSettings name="default" id="cbd0f8f6-aaee-462a-9500-44329b8fff89">
    <Deployment runDeploymentRoot="_DESKTOP-TJ9D65N_2022-10-30_22_04_07" />
  </TestSettings>
  <Results>
    <UnitTestResult executionId="e72c8a93-f9f6-4b60-8688-7a302e53beeb" testId="1da5f54a-109d-3e90-9b69-7a06a6b220e1" testName="IntegrationTests.TestActionsWithLiftsSlopes.TestGetLiftsSlopesInfoAsync(liftsSlopes: [LiftSlope { RecordID = 202, LiftID = 153, SlopeID = 233 }, LiftSlope { RecordID = 236, LiftID = 8, SlopeID = 5 }, LiftSlope { RecordID = 66, LiftID = 11, SlopeID = 39 }])" computerName="DESKTOP-TJ9D65N" duration="00:00:00.6548808" startTime="2022-10-30T22:04:07.6930629+03:00" endTime="2022-10-30T22:04:07.6930635+03:00" testType="13cdc9d9-ddb5-4fa4-a97d-d965ccfc6d4b" outcome="Passed" testListId="8c84fa94-04c1-424b-9868-57a2d4851a1d" relativeResultsDirectory="e72c8a93-f9f6-4b60-8688-7a302e53beeb" />
    <UnitTestResult executionId="87aaf6eb-4a54-43ba-9de4-c98e920b4abe" testId="2d7d2a64-eded-7cc1-5ecd-bafd30b797e5" testName="IntegrationTests.TestActionsWithLiftsSlopes.TestAdminAddAutoIncrementLiftSlopeAsync(lift: Lift { LiftID = 149, LiftName = liftName0e0b0ed4-3e56-4db0-b017-cef5331149b1, IsOpen = True, SeatsAmount = 250, LiftingTime = 220, QueueTime = 50, ConnectedSlopes =  }, slope: Slope { SlopeID = 8, SlopeName = slopeNamea0ab0c37-4341-4beb-a2c0-2de1706af183, IsOpen = False, DifficultyLevel = 49, ConnectedLifts =  })" computerName="DESKTOP-TJ9D65N" duration="00:00:00.7360014" startTime="2022-10-30T22:04:06.3060566+03:00" endTime="2022-10-30T22:04:06.3060818+03:00" testType="13cdc9d9-ddb5-4fa4-a97d-d965ccfc6d4b" outcome="Passed" testListId="8c84fa94-04c1-424b-9868-57a2d4851a1d" relativeResultsDirectory="87aaf6eb-4a54-43ba-9de4-c98e920b4abe" />
    <UnitTestResult executionId="5d298fcd-8449-45fd-8962-7d5d3961f57d" testId="ea5b3945-f45a-815e-2017-64ac774fd68b" testName="IntegrationTests.TestActionsWithLiftsSlopes.TestAdminDeleteLiftSlopeAsync(lift: Lift { LiftID = 203, LiftName = liftNamec61515eb-5ee9-434a-bcf1-6c6774467eb7, IsOpen = True, SeatsAmount = 11, LiftingTime = 56, QueueTime = 175, ConnectedSlopes =  }, slope: Slope { SlopeID = 29, SlopeName = slopeNameb3091e13-d3a1-4940-a59a-3d7f676184ce, IsOpen = False, DifficultyLevel = 181, ConnectedLifts =  })" computerName="DESKTOP-TJ9D65N" duration="00:00:00.6791431" startTime="2022-10-30T22:04:07.0219232+03:00" endTime="2022-10-30T22:04:07.0219234+03:00" testType="13cdc9d9-ddb5-4fa4-a97d-d965ccfc6d4b" outcome="Passed" testListId="8c84fa94-04c1-424b-9868-57a2d4851a1d" relativeResultsDirectory="5d298fcd-8449-45fd-8962-7d5d3961f57d" />
    <UnitTestResult executionId="698d5316-3bd9-480c-a6b7-46ad323eb60f" testId="f1aa7cc9-d3dc-db5f-8207-bf701fe7ce66" testName="IntegrationTests.TestActionsWithSlopes.TestGetSlopeInfoAsync(slope: Slope { SlopeID = 24, SlopeName = slopeName5a0730d4-9c2b-4810-ae50-2be2ceb29a55, IsOpen = True, DifficultyLevel = 152, ConnectedLifts =  })" computerName="DESKTOP-TJ9D65N" duration="00:00:00.6167605" startTime="2022-10-30T22:04:08.3474014+03:00" endTime="2022-10-30T22:04:08.3474020+03:00" testType="13cdc9d9-ddb5-4fa4-a97d-d965ccfc6d4b" outcome="Passed" testListId="8c84fa94-04c1-424b-9868-57a2d4851a1d" relativeResultsDirectory="698d5316-3bd9-480c-a6b7-46ad323eb60f" />
  </Results>
  <TestDefinitions>
    <UnitTest name="IntegrationTests.TestActionsWithSlopes.TestGetSlopeInfoAsync(slope: Slope { SlopeID = 24, SlopeName = slopeName5a0730d4-9c2b-4810-ae50-2be2ceb29a55, IsOpen = True, DifficultyLevel = 152, ConnectedLifts =  })" storage="/mnt/c/users/alena/desktop/7_sem/testing_and_debugging/skiresort/integrationtests/bin/debug/net6.0/integrationtests.dll" id="f1aa7cc9-d3dc-db5f-8207-bf701fe7ce66">
      <Execution id="698d5316-3bd9-480c-a6b7-46ad323eb60f" />
      <TestMethod codeBase="/mnt/c/Users/alena/Desktop/7_sem/testing_and_debugging/SkiResort/IntegrationTests/bin/Debug/net6.0/IntegrationTests.dll" adapterTypeName="executor://xunit/VsTestRunner2/netcoreapp" className="IntegrationTests.TestActionsWithSlopes" name="TestGetSlopeInfoAsync" />
    </UnitTest>
    <UnitTest name="IntegrationTests.TestActionsWithLiftsSlopes.TestAdminAddAutoIncrementLiftSlopeAsync(lift: Lift { LiftID = 149, LiftName = liftName0e0b0ed4-3e56-4db0-b017-cef5331149b1, IsOpen = True, SeatsAmount = 250, LiftingTime = 220, QueueTime = 50, ConnectedSlopes =  }, slope: Slope { SlopeID = 8, SlopeName = slopeNamea0ab0c37-4341-4beb-a2c0-2de1706af183, IsOpen = False, DifficultyLevel = 49, ConnectedLifts =  })" storage="/mnt/c/users/alena/desktop/7_sem/testing_and_debugging/skiresort/integrationtests/bin/debug/net6.0/integrationtests.dll" id="2d7d2a64-eded-7cc1-5ecd-bafd30b797e5">
      <Execution id="87aaf6eb-4a54-43ba-9de4-c98e920b4abe" />
      <TestMethod codeBase="/mnt/c/Users/alena/Desktop/7_sem/testing_and_debugging/SkiResort/IntegrationTests/bin/Debug/net6.0/IntegrationTests.dll" adapterTypeName="executor://xunit/VsTestRunner2/netcoreapp" className="IntegrationTests.TestActionsWithLiftsSlopes" name="TestAdminAddAutoIncrementLiftSlopeAsync" />
    </UnitTest>
    <UnitTest name="IntegrationTests.TestActionsWithLiftsSlopes.TestAdminDeleteLiftSlopeAsync(lift: Lift { LiftID = 203, LiftName = liftNamec61515eb-5ee9-434a-bcf1-6c6774467eb7, IsOpen = True, SeatsAmount = 11, LiftingTime = 56, QueueTime = 175, ConnectedSlopes =  }, slope: Slope { SlopeID = 29, SlopeName = slopeNameb3091e13-d3a1-4940-a59a-3d7f676184ce, IsOpen = False, DifficultyLevel = 181, ConnectedLifts =  })" storage="/mnt/c/users/alena/desktop/7_sem/testing_and_debugging/skiresort/integrationtests/bin/debug/net6.0/integrationtests.dll" id="ea5b3945-f45a-815e-2017-64ac774fd68b">
      <Execution id="5d298fcd-8449-45fd-8962-7d5d3961f57d" />
      <TestMethod codeBase="/mnt/c/Users/alena/Desktop/7_sem/testing_and_debugging/SkiResort/IntegrationTests/bin/Debug/net6.0/IntegrationTests.dll" adapterTypeName="executor://xunit/VsTestRunner2/netcoreapp" className="IntegrationTests.TestActionsWithLiftsSlopes" name="TestAdminDeleteLiftSlopeAsync" />
    </UnitTest>
    <UnitTest name="IntegrationTests.TestActionsWithLiftsSlopes.TestGetLiftsSlopesInfoAsync(liftsSlopes: [LiftSlope { RecordID = 202, LiftID = 153, SlopeID = 233 }, LiftSlope { RecordID = 236, LiftID = 8, SlopeID = 5 }, LiftSlope { RecordID = 66, LiftID = 11, SlopeID = 39 }])" storage="/mnt/c/users/alena/desktop/7_sem/testing_and_debugging/skiresort/integrationtests/bin/debug/net6.0/integrationtests.dll" id="1da5f54a-109d-3e90-9b69-7a06a6b220e1">
      <Execution id="e72c8a93-f9f6-4b60-8688-7a302e53beeb" />
      <TestMethod codeBase="/mnt/c/Users/alena/Desktop/7_sem/testing_and_debugging/SkiResort/IntegrationTests/bin/Debug/net6.0/IntegrationTests.dll" adapterTypeName="executor://xunit/VsTestRunner2/netcoreapp" className="IntegrationTests.TestActionsWithLiftsSlopes" name="TestGetLiftsSlopesInfoAsync" />
    </UnitTest>
  </TestDefinitions>
  <TestEntries>
    <TestEntry testId="1da5f54a-109d-3e90-9b69-7a06a6b220e1" executionId="e72c8a93-f9f6-4b60-8688-7a302e53beeb" testListId="8c84fa94-04c1-424b-9868-57a2d4851a1d" />
    <TestEntry testId="2d7d2a64-eded-7cc1-5ecd-bafd30b797e5" executionId="87aaf6eb-4a54-43ba-9de4-c98e920b4abe" testListId="8c84fa94-04c1-424b-9868-57a2d4851a1d" />
    <TestEntry testId="ea5b3945-f45a-815e-2017-64ac774fd68b" executionId="5d298fcd-8449-45fd-8962-7d5d3961f57d" testListId="8c84fa94-04c1-424b-9868-57a2d4851a1d" />
    <TestEntry testId="f1aa7cc9-d3dc-db5f-8207-bf701fe7ce66" executionId="698d5316-3bd9-480c-a6b7-46ad323eb60f" testListId="8c84fa94-04c1-424b-9868-57a2d4851a1d" />
  </TestEntries>
  <TestLists>
    <TestList name="Results Not in a List" id="8c84fa94-04c1-424b-9868-57a2d4851a1d" />
    <TestList name="All Loaded Results" id="19431567-8539-422a-85d7-44ee4e166bda" />
  </TestLists>
  <ResultSummary outcome="Completed">
    <Counters total="4" executed="4" passed="4" failed="0" error="0" timeout="0" aborted="0" inconclusive="0" passedButRunAborted="0" notRunnable="0" notExecuted="0" disconnected="0" warning="0" completed="0" inProgress="0" pending="0" />
    <Output>
      <StdOut>[xUnit.net 00:00:00.00] xUnit.net VSTest Adapter v2.4.3+1b45f5407b (64-bit .NET 6.0.10)
[xUnit.net 00:00:01.01]   Discovering: IntegrationTests
[xUnit.net 00:00:01.10]   Discovered:  IntegrationTests
[xUnit.net 00:00:01.10]   Starting:    IntegrationTests
[xUnit.net 00:00:04.02]   Finished:    IntegrationTests
</StdOut>
    </Output>
  </ResultSummary>
</TestRun>