<?xml version="1.0" encoding="utf-8"?>
<TestRun id="ca851ff3-b3c2-4212-a19b-968055a23155" name="@DESKTOP-TJ9D65N 2022-11-03 20:50:08" xmlns="http://microsoft.com/schemas/VisualStudio/TeamTest/2010">
  <Times creation="2022-11-03T20:50:08.9537657+03:00" queuing="2022-11-03T20:50:08.9537657+03:00" start="2022-11-03T20:50:05.1391364+03:00" finish="2022-11-03T20:50:26.4135025+03:00" />
  <TestSettings name="default" id="7f2fd974-ce67-46bd-b140-4367a6007ef4">
    <Deployment runDeploymentRoot="_DESKTOP-TJ9D65N_2022-11-03_20_50_08" />
  </TestSettings>
  <Results>
    <UnitTestResult executionId="de200cba-206f-4669-aad1-a677cd4859c5" testId="61a0d3cb-1290-855e-f649-c3c1c190f4b1" testName="IntegrationTests.TestActionsWithUsers.TestAdminUpdateUser" computerName="DESKTOP-TJ9D65N" duration="00:00:00.6086789" startTime="2022-11-03T20:50:14.4185896+03:00" endTime="2022-11-03T20:50:14.4185898+03:00" testType="13cdc9d9-ddb5-4fa4-a97d-d965ccfc6d4b" outcome="Passed" testListId="8c84fa94-04c1-424b-9868-57a2d4851a1d" relativeResultsDirectory="de200cba-206f-4669-aad1-a677cd4859c5" />
    <UnitTestResult executionId="816f2753-0f6b-4772-926a-fba865509013" testId="593087f0-c7ab-1991-c3ee-af523cc03ada" testName="IntegrationTests.TestActionsWithUsers.TestAdminGetUserByIDAsync" computerName="DESKTOP-TJ9D65N" duration="00:00:00.5858790" startTime="2022-11-03T20:50:20.4100176+03:00" endTime="2022-11-03T20:50:20.4100178+03:00" testType="13cdc9d9-ddb5-4fa4-a97d-d965ccfc6d4b" outcome="Passed" testListId="8c84fa94-04c1-424b-9868-57a2d4851a1d" relativeResultsDirectory="816f2753-0f6b-4772-926a-fba865509013" />
    <UnitTestResult executionId="86616307-7c4d-4c0a-8ae7-930c3ba900f2" testId="e0f6c6e2-0554-5d26-1cb4-1ee7ab92b412" testName="IntegrationTests.TestActionsWithTurnstiles.TestAdminAddAutoIncrementTurnstileAsync(turnstile: Turnstile { TurnstileID = 184, LiftID = 141, IsOpen = True })" computerName="DESKTOP-TJ9D65N" duration="00:00:00.6041480" startTime="2022-11-03T20:50:13.7869879+03:00" endTime="2022-11-03T20:50:13.7869882+03:00" testType="13cdc9d9-ddb5-4fa4-a97d-d965ccfc6d4b" outcome="Passed" testListId="8c84fa94-04c1-424b-9868-57a2d4851a1d" relativeResultsDirectory="86616307-7c4d-4c0a-8ae7-930c3ba900f2" />
    <UnitTestResult executionId="463262d5-a9ff-44b7-a7fd-34cfecbe6635" testId="26a3ed7b-f58f-b931-d8c6-d1d1687098ba" testName="IntegrationTests.TestActionsWithUsers.TestAdminAddAutoIncrementUser" computerName="DESKTOP-TJ9D65N" duration="00:00:00.6047631" startTime="2022-11-03T20:50:15.0382027+03:00" endTime="2022-11-03T20:50:15.0382029+03:00" testType="13cdc9d9-ddb5-4fa4-a97d-d965ccfc6d4b" outcome="Passed" testListId="8c84fa94-04c1-424b-9868-57a2d4851a1d" relativeResultsDirectory="463262d5-a9ff-44b7-a7fd-34cfecbe6635" />
    <UnitTestResult executionId="0e4a9828-db55-4e97-8573-4cbaa9353491" testId="b0c05107-1f9f-6d68-972a-35eb997f492a" testName="IntegrationTests.TestActionsWithLiftsLifts.TestAdminDeleteLiftAsync(lift: Lift { LiftID = 5, LiftName = liftName4b569308-cb48-4e71-85f3-9dc1831de3aa, IsOpen = True, SeatsAmount = 44, LiftingTime = 149, QueueTime = 116, ConnectedSlopes =  })" computerName="DESKTOP-TJ9D65N" duration="00:00:00.6368682" startTime="2022-11-03T20:50:08.7252710+03:00" endTime="2022-11-03T20:50:08.7252712+03:00" testType="13cdc9d9-ddb5-4fa4-a97d-d965ccfc6d4b" outcome="Passed" testListId="8c84fa94-04c1-424b-9868-57a2d4851a1d" relativeResultsDirectory="0e4a9828-db55-4e97-8573-4cbaa9353491" />
    <UnitTestResult executionId="caddba8b-fc92-4629-8a0d-59f01b993123" testId="62e58fec-ffb4-31c2-01e2-b041937e292b" testName="IntegrationTests.TestActionsWithLiftsLifts.TestUpdateLiftInfoAsync(lift: Lift { LiftID = 13, LiftName = liftNameb9c28b2a-c7d1-4739-9423-6ec6dd3015b7, IsOpen = True, SeatsAmount = 86, LiftingTime = 201, QueueTime = 52, ConnectedSlopes =  })" computerName="DESKTOP-TJ9D65N" duration="00:00:00.6397036" startTime="2022-11-03T20:50:09.3797910+03:00" endTime="2022-11-03T20:50:09.3797912+03:00" testType="13cdc9d9-ddb5-4fa4-a97d-d965ccfc6d4b" outcome="Passed" testListId="8c84fa94-04c1-424b-9868-57a2d4851a1d" relativeResultsDirectory="caddba8b-fc92-4629-8a0d-59f01b993123" />
    <UnitTestResult executionId="1c09da0e-9a32-42a3-b26a-aabd05e74172" testId="479b875f-d623-ae0a-ff97-dc49a4f2a217" testName="IntegrationTests.TestActionsWithUsers.TestLogInWithWrongPassword" computerName="DESKTOP-TJ9D65N" duration="00:00:00.5740766" startTime="2022-11-03T20:50:16.8368733+03:00" endTime="2022-11-03T20:50:16.8368734+03:00" testType="13cdc9d9-ddb5-4fa4-a97d-d965ccfc6d4b" outcome="Passed" testListId="8c84fa94-04c1-424b-9868-57a2d4851a1d" relativeResultsDirectory="1c09da0e-9a32-42a3-b26a-aabd05e74172" />
    <UnitTestResult executionId="163ed7c7-b977-4533-a276-b5b69e55624c" testId="d78ba6d0-dfa8-fa6f-4cc8-23966ee34980" testName="IntegrationTests.TestActionsWithUsers.TestRegisterOk" computerName="DESKTOP-TJ9D65N" duration="00:00:00.5977560" startTime="2022-11-03T20:50:17.4490492+03:00" endTime="2022-11-03T20:50:17.4490494+03:00" testType="13cdc9d9-ddb5-4fa4-a97d-d965ccfc6d4b" outcome="Passed" testListId="8c84fa94-04c1-424b-9868-57a2d4851a1d" relativeResultsDirectory="163ed7c7-b977-4533-a276-b5b69e55624c" />
    <UnitTestResult executionId="a7a9406a-da8f-402c-8e78-2b9ed42f7d88" testId="244c88ed-1e03-a131-6d3b-f97757cb431e" testName="IntegrationTests.TestActionsWithTurnstiles.TestAdminGetTurnstileAsync(turnstile: Turnstile { TurnstileID = 147, LiftID = 95, IsOpen = True })" computerName="DESKTOP-TJ9D65N" duration="00:00:00.5951421" startTime="2022-11-03T20:50:13.1671037+03:00" endTime="2022-11-03T20:50:13.1671038+03:00" testType="13cdc9d9-ddb5-4fa4-a97d-d965ccfc6d4b" outcome="Passed" testListId="8c84fa94-04c1-424b-9868-57a2d4851a1d" relativeResultsDirectory="a7a9406a-da8f-402c-8e78-2b9ed42f7d88" />
    <UnitTestResult executionId="14c5f7f1-6cbb-40a3-a119-2c962e13f912" testId="48375cbc-003d-d0fc-ff6a-cfef4b266dfb" testName="IntegrationTests.TestActionsWithUsers.TestRegisterUserWithNoEmail" computerName="DESKTOP-TJ9D65N" duration="00:00:00.5481736" startTime="2022-11-03T20:50:19.2460402+03:00" endTime="2022-11-03T20:50:19.2460404+03:00" testType="13cdc9d9-ddb5-4fa4-a97d-d965ccfc6d4b" outcome="Passed" testListId="8c84fa94-04c1-424b-9868-57a2d4851a1d" relativeResultsDirectory="14c5f7f1-6cbb-40a3-a119-2c962e13f912" />
    <UnitTestResult executionId="d28ebfde-8c41-435f-a133-c4d937d33910" testId="469b101f-8633-a685-8d5b-bdbf8dc340c5" testName="IntegrationTests.TestActionsWithSlopes.TestGetSlopesInfoAsync(initialSlopes: [Slope { SlopeID = 17, SlopeName = slopeNamec382e3d2-ca58-498a-a894-04919562c62d, IsOpen = True, DifficultyLevel = 208, ConnectedLifts =  }, Slope { SlopeID = 12, SlopeName = slopeName8d711395-0291-4dbe-907c-bfc8ac2385ca, IsOpen = False, DifficultyLevel = 29, ConnectedLifts =  }, Slope { SlopeID = 199, SlopeName = slopeName249b2944-8bd9-42ac-a654-a09178a7ccac, IsOpen = True, DifficultyLevel = 165, ConnectedLifts =  }])" computerName="DESKTOP-TJ9D65N" duration="00:00:00.6698700" startTime="2022-11-03T20:50:23.7540239+03:00" endTime="2022-11-03T20:50:23.7540240+03:00" testType="13cdc9d9-ddb5-4fa4-a97d-d965ccfc6d4b" outcome="Passed" testListId="8c84fa94-04c1-424b-9868-57a2d4851a1d" relativeResultsDirectory="d28ebfde-8c41-435f-a133-c4d937d33910" />
    <UnitTestResult executionId="3aaa4d7c-0b00-422b-b4cc-8fd90a3a5d35" testId="63be1f92-7da8-a66e-02df-a6e75143687a" testName="IntegrationTests.TestActionsWithLiftsSlopes.TestGetLiftsSlopesInfoAsync(liftsSlopes: [LiftSlope { RecordID = 246, LiftID = 196, SlopeID = 210 }, LiftSlope { RecordID = 128, LiftID = 63, SlopeID = 153 }, LiftSlope { RecordID = 10, LiftID = 99, SlopeID = 90 }])" computerName="DESKTOP-TJ9D65N" duration="00:00:00.6359596" startTime="2022-11-03T20:50:22.4366527+03:00" endTime="2022-11-03T20:50:22.4366528+03:00" testType="13cdc9d9-ddb5-4fa4-a97d-d965ccfc6d4b" outcome="Passed" testListId="8c84fa94-04c1-424b-9868-57a2d4851a1d" relativeResultsDirectory="3aaa4d7c-0b00-422b-b4cc-8fd90a3a5d35" />
    <UnitTestResult executionId="adaa5773-9b81-414d-a207-ecb1a9814bbc" testId="7fcd442b-2a11-cf2e-738b-07e64e9bc655" testName="IntegrationTests.TestActionsWithLiftsSlopes.TestAdminDeleteLiftSlopeAsync(lift: Lift { LiftID = 228, LiftName = liftNameb8e45c23-afed-4084-a3ab-73ed0411691a, IsOpen = True, SeatsAmount = 217, LiftingTime = 205, QueueTime = 5, ConnectedSlopes =  }, slope: Slope { SlopeID = 104, SlopeName = slopeName01139f52-e6bd-41f2-a530-8f7b1f149cb5, IsOpen = False, DifficultyLevel = 161, ConnectedLifts =  })" computerName="DESKTOP-TJ9D65N" duration="00:00:00.6795858" startTime="2022-11-03T20:50:21.7844229+03:00" endTime="2022-11-03T20:50:21.7844230+03:00" testType="13cdc9d9-ddb5-4fa4-a97d-d965ccfc6d4b" outcome="Passed" testListId="8c84fa94-04c1-424b-9868-57a2d4851a1d" relativeResultsDirectory="adaa5773-9b81-414d-a207-ecb1a9814bbc" />
    <UnitTestResult executionId="06a9484e-e726-48b4-872c-fe1df662c3ff" testId="ae07d1e6-510f-54cf-bf56-5ed2d01dc27b" testName="IntegrationTests.TestActionsWithSlopes.TestUpdateSlopeInfoAsync(slope: Slope { SlopeID = 168, SlopeName = slopeName580dd94d-8c0e-4c9a-a336-4f79308cf607, IsOpen = True, DifficultyLevel = 215, ConnectedLifts =  })" computerName="DESKTOP-TJ9D65N" duration="00:00:00.6378266" startTime="2022-11-03T20:50:24.4062077+03:00" endTime="2022-11-03T20:50:24.4062078+03:00" testType="13cdc9d9-ddb5-4fa4-a97d-d965ccfc6d4b" outcome="Passed" testListId="8c84fa94-04c1-424b-9868-57a2d4851a1d" relativeResultsDirectory="06a9484e-e726-48b4-872c-fe1df662c3ff" />
    <UnitTestResult executionId="5e8cb76d-a7f7-48ee-9723-059870ad154e" testId="2d2f9f4d-f831-3a08-35e5-0479a1173cfa" testName="IntegrationTests.TestActionsWithLiftsLifts.TestGetLiftInfoAsync(lift: Lift { LiftID = 222, LiftName = liftNamef523b239-9f6f-445e-91e0-64c45f456b04, IsOpen = True, SeatsAmount = 204, LiftingTime = 95, QueueTime = 82, ConnectedSlopes =  })" computerName="DESKTOP-TJ9D65N" duration="00:00:00.6109639" startTime="2022-11-03T20:50:10.0160663+03:00" endTime="2022-11-03T20:50:10.0160665+03:00" testType="13cdc9d9-ddb5-4fa4-a97d-d965ccfc6d4b" outcome="Passed" testListId="8c84fa94-04c1-424b-9868-57a2d4851a1d" relativeResultsDirectory="5e8cb76d-a7f7-48ee-9723-059870ad154e" />
    <UnitTestResult executionId="cdd21fd6-81a9-4b3d-bc34-58fd78ac9c9f" testId="23877543-607c-e85e-a7ef-f1d24b3a0ada" testName="IntegrationTests.TestActionsWithTurnstiles.TestAdminUpdateTurnstileAsync(turnstile: Turnstile { TurnstileID = 232, LiftID = 235, IsOpen = True })" computerName="DESKTOP-TJ9D65N" duration="00:00:00.6151477" startTime="2022-11-03T20:50:11.9070653+03:00" endTime="2022-11-03T20:50:11.9070660+03:00" testType="13cdc9d9-ddb5-4fa4-a97d-d965ccfc6d4b" outcome="Passed" testListId="8c84fa94-04c1-424b-9868-57a2d4851a1d" relativeResultsDirectory="cdd21fd6-81a9-4b3d-bc34-58fd78ac9c9f" />
    <UnitTestResult executionId="8ce10a05-0cab-47e7-88aa-b4879b01cd68" testId="40ea28db-848b-0b77-ca21-a43482d6bca6" testName="IntegrationTests.TestActionsWithSlopes.TestAdminAddSlopeAsync(slope: Slope { SlopeID = 189, SlopeName = slopeNamecdfc8aba-8360-4729-8dfb-1377b9ccb824, IsOpen = True, DifficultyLevel = 138, ConnectedLifts =  })" computerName="DESKTOP-TJ9D65N" duration="00:00:00.6168790" startTime="2022-11-03T20:50:23.0683404+03:00" endTime="2022-11-03T20:50:23.0683406+03:00" testType="13cdc9d9-ddb5-4fa4-a97d-d965ccfc6d4b" outcome="Passed" testListId="8c84fa94-04c1-424b-9868-57a2d4851a1d" relativeResultsDirectory="8ce10a05-0cab-47e7-88aa-b4879b01cd68" />
    <UnitTestResult executionId="61356a6c-8620-4db1-aeac-d56e5d338d81" testId="682d3b16-d8d9-d658-4906-fcc748843214" testName="IntegrationTests.TestActionsWithUsers.TestAdminGetUsers" computerName="DESKTOP-TJ9D65N" duration="00:00:00.5868104" startTime="2022-11-03T20:50:18.6842953+03:00" endTime="2022-11-03T20:50:18.6842955+03:00" testType="13cdc9d9-ddb5-4fa4-a97d-d965ccfc6d4b" outcome="Passed" testListId="8c84fa94-04c1-424b-9868-57a2d4851a1d" relativeResultsDirectory="61356a6c-8620-4db1-aeac-d56e5d338d81" />
    <UnitTestResult executionId="1f42eb3e-0154-4c92-87dd-aecd306b9ae3" testId="e54a4cee-e2a1-889e-b4cd-647e25b91df6" testName="IntegrationTests.TestActionsWithLiftsLifts.TestGetLiftsInfoAsync(initialLifts: [Lift { LiftID = 110, LiftName = liftName16dcb748-001a-4090-ad1a-9dab26ba354c, IsOpen = True, SeatsAmount = 252, LiftingTime = 189, QueueTime = 253, ConnectedSlopes =  }, Lift { LiftID = 153, LiftName = liftName175226a0-08dc-4fb8-a7f9-d81a484e7279, IsOpen = False, SeatsAmount = 218, LiftingTime = 224, QueueTime = 207, ConnectedSlopes =  }, Lift { LiftID = 143, LiftName = liftNamef1518cbe-9e3c-421d-a7d6-bfb047491db2, IsOpen = True, SeatsAmount = 239, LiftingTime = 76, QueueTime = 117, ConnectedSlopes =  }])" computerName="DESKTOP-TJ9D65N" duration="00:00:00.7295737" startTime="2022-11-03T20:50:08.0509341+03:00" endTime="2022-11-03T20:50:08.0509589+03:00" testType="13cdc9d9-ddb5-4fa4-a97d-d965ccfc6d4b" outcome="Passed" testListId="8c84fa94-04c1-424b-9868-57a2d4851a1d" relativeResultsDirectory="1f42eb3e-0154-4c92-87dd-aecd306b9ae3" />
    <UnitTestResult executionId="a5d86bda-9092-4a25-bfe4-5f863953d965" testId="8a671bbd-a679-9554-80f7-33c777475820" testName="IntegrationTests.TestActionsWithTurnstiles.TestAdminGetTurnstilesAsync(initialTurnstiles: [Turnstile { TurnstileID = 18, LiftID = 4, IsOpen = True }, Turnstile { TurnstileID = 232, LiftID = 106, IsOpen = False }, Turnstile { TurnstileID = 167, LiftID = 33, IsOpen = True }])" computerName="DESKTOP-TJ9D65N" duration="00:00:00.6355264" startTime="2022-11-03T20:50:12.5562196+03:00" endTime="2022-11-03T20:50:12.5562198+03:00" testType="13cdc9d9-ddb5-4fa4-a97d-d965ccfc6d4b" outcome="Passed" testListId="8c84fa94-04c1-424b-9868-57a2d4851a1d" relativeResultsDirectory="a5d86bda-9092-4a25-bfe4-5f863953d965" />
    <UnitTestResult executionId="bbd58f87-01b9-4d12-93c8-cc2535342d86" testId="4843bae0-3f24-336c-6f50-0722f0e62e2c" testName="IntegrationTests.TestActionsWithLiftsSlopes.TestAdminAddAutoIncrementLiftSlopeAsync(lift: Lift { LiftID = 89, LiftName = liftNameb8c31cb5-bc3b-4351-a694-0554d8345b03, IsOpen = True, SeatsAmount = 190, LiftingTime = 215, QueueTime = 244, ConnectedSlopes =  }, slope: Slope { SlopeID = 197, SlopeName = slopeName5802cdaa-40b3-4144-9e29-820e37dcad00, IsOpen = False, DifficultyLevel = 225, ConnectedLifts =  })" computerName="DESKTOP-TJ9D65N" duration="00:00:00.6668583" startTime="2022-11-03T20:50:21.0896765+03:00" endTime="2022-11-03T20:50:21.0896766+03:00" testType="13cdc9d9-ddb5-4fa4-a97d-d965ccfc6d4b" outcome="Passed" testListId="8c84fa94-04c1-424b-9868-57a2d4851a1d" relativeResultsDirectory="bbd58f87-01b9-4d12-93c8-cc2535342d86" />
    <UnitTestResult executionId="b92a4eaf-8cdb-4ea7-bf22-b4b6e41f65eb" testId="45fe0df1-c885-2f7e-8187-832190c2786d" testName="IntegrationTests.TestActionsWithUsers.TestLogInOk" computerName="DESKTOP-TJ9D65N" duration="00:00:00.5746137" startTime="2022-11-03T20:50:15.6344957+03:00" endTime="2022-11-03T20:50:15.6344958+03:00" testType="13cdc9d9-ddb5-4fa4-a97d-d965ccfc6d4b" outcome="Passed" testListId="8c84fa94-04c1-424b-9868-57a2d4851a1d" relativeResultsDirectory="b92a4eaf-8cdb-4ea7-bf22-b4b6e41f65eb" />
    <UnitTestResult executionId="317fad8b-3721-49c8-808e-bb8f0745cf81" testId="4865c3d2-a777-a9cc-ac04-c969d36a4a2b" testName="IntegrationTests.TestActionsWithSlopes.TestAdminAddAutoIncrementSlopeAsync(slope: Slope { SlopeID = 109, SlopeName = slopeName865a8cc2-88a7-47e8-b97c-009e50396f79, IsOpen = True, DifficultyLevel = 53, ConnectedLifts =  })" computerName="DESKTOP-TJ9D65N" duration="00:00:00.6225842" startTime="2022-11-03T20:50:26.3090355+03:00" endTime="2022-11-03T20:50:26.3090356+03:00" testType="13cdc9d9-ddb5-4fa4-a97d-d965ccfc6d4b" outcome="Passed" testListId="8c84fa94-04c1-424b-9868-57a2d4851a1d" relativeResultsDirectory="317fad8b-3721-49c8-808e-bb8f0745cf81" />
    <UnitTestResult executionId="6699182f-904a-4013-9a74-c70390c2903a" testId="0b0f5309-53bd-e058-2dae-a9407925166c" testName="IntegrationTests.TestActionsWithLiftsLifts.TestAdminAddAutoIncrementLiftAsync(lift: Lift { LiftID = 96, LiftName = liftNamec6dba77a-1866-45af-bfaa-4658455b5fd1, IsOpen = True, SeatsAmount = 129, LiftingTime = 56, QueueTime = 130, ConnectedSlopes =  })" computerName="DESKTOP-TJ9D65N" duration="00:00:00.6151354" startTime="2022-11-03T20:50:10.6472533+03:00" endTime="2022-11-03T20:50:10.6472534+03:00" testType="13cdc9d9-ddb5-4fa4-a97d-d965ccfc6d4b" outcome="Passed" testListId="8c84fa94-04c1-424b-9868-57a2d4851a1d" relativeResultsDirectory="6699182f-904a-4013-9a74-c70390c2903a" />
    <UnitTestResult executionId="3ae1a547-b988-4dd5-9486-1e242beb808f" testId="198a1ae3-83ab-ea18-2e21-87927dc980e2" testName="IntegrationTests.TestActionsWithUsers.TestRegisterUserWithNoPassword" computerName="DESKTOP-TJ9D65N" duration="00:00:00.5483261" startTime="2022-11-03T20:50:19.8082582+03:00" endTime="2022-11-03T20:50:19.8082584+03:00" testType="13cdc9d9-ddb5-4fa4-a97d-d965ccfc6d4b" outcome="Passed" testListId="8c84fa94-04c1-424b-9868-57a2d4851a1d" relativeResultsDirectory="3ae1a547-b988-4dd5-9486-1e242beb808f" />
    <UnitTestResult executionId="15b86834-8a17-4a86-8c25-41f5fd8c15a5" testId="8148060b-0aed-ac15-65ad-ff107780ff71" testName="IntegrationTests.TestActionsWithTurnstiles.TestAdminDeleteTurnstileAsync(turnstile: Turnstile { TurnstileID = 165, LiftID = 73, IsOpen = True })" computerName="DESKTOP-TJ9D65N" duration="00:00:00.6055893" startTime="2022-11-03T20:50:11.2771554+03:00" endTime="2022-11-03T20:50:11.2771556+03:00" testType="13cdc9d9-ddb5-4fa4-a97d-d965ccfc6d4b" outcome="Passed" testListId="8c84fa94-04c1-424b-9868-57a2d4851a1d" relativeResultsDirectory="15b86834-8a17-4a86-8c25-41f5fd8c15a5" />
    <UnitTestResult executionId="cc34901f-9caa-4494-aebb-5de7c8602eb8" testId="640a72f6-5583-6636-1a54-8396abe99588" testName="IntegrationTests.TestActionsWithUsers.TestAdminDeleteUser" computerName="DESKTOP-TJ9D65N" duration="00:00:00.6181449" startTime="2022-11-03T20:50:18.0848015+03:00" endTime="2022-11-03T20:50:18.0848016+03:00" testType="13cdc9d9-ddb5-4fa4-a97d-d965ccfc6d4b" outcome="Passed" testListId="8c84fa94-04c1-424b-9868-57a2d4851a1d" relativeResultsDirectory="cc34901f-9caa-4494-aebb-5de7c8602eb8" />
    <UnitTestResult executionId="f2f16848-fe2c-41ca-9b74-db591f773a79" testId="dea2a44a-b4d1-8260-b606-626546513900" testName="IntegrationTests.TestActionsWithSlopes.TestAdminDeleteSlopeAsync(slope: Slope { SlopeID = 107, SlopeName = slopeName147d6200-362f-4f93-9e01-0857b54bed52, IsOpen = True, DifficultyLevel = 62, ConnectedLifts =  })" computerName="DESKTOP-TJ9D65N" duration="00:00:00.6285621" startTime="2022-11-03T20:50:25.0500080+03:00" endTime="2022-11-03T20:50:25.0500081+03:00" testType="13cdc9d9-ddb5-4fa4-a97d-d965ccfc6d4b" outcome="Passed" testListId="8c84fa94-04c1-424b-9868-57a2d4851a1d" relativeResultsDirectory="f2f16848-fe2c-41ca-9b74-db591f773a79" />
    <UnitTestResult executionId="1b35d006-e1a1-464e-ab62-f023ac63f5cd" testId="585cfe92-c4d3-cc5b-b0f6-6302ba79155f" testName="IntegrationTests.TestActionsWithSlopes.TestGetSlopeInfoAsync(slope: Slope { SlopeID = 37, SlopeName = slopeName5596f5c7-2280-4507-b515-b22cb4596708, IsOpen = True, DifficultyLevel = 169, ConnectedLifts =  })" computerName="DESKTOP-TJ9D65N" duration="00:00:00.6051533" startTime="2022-11-03T20:50:25.6718809+03:00" endTime="2022-11-03T20:50:25.6718811+03:00" testType="13cdc9d9-ddb5-4fa4-a97d-d965ccfc6d4b" outcome="Passed" testListId="8c84fa94-04c1-424b-9868-57a2d4851a1d" relativeResultsDirectory="1b35d006-e1a1-464e-ab62-f023ac63f5cd" />
    <UnitTestResult executionId="c6bdd402-44b8-46d8-b10f-45e609816696" testId="cb8eae24-e7ef-ed7e-d8e9-347d61b13b3a" testName="IntegrationTests.TestActionsWithUsers.TestRegisterUserWithRepeatedEmail" computerName="DESKTOP-TJ9D65N" duration="00:00:00.5794716" startTime="2022-11-03T20:50:16.2297741+03:00" endTime="2022-11-03T20:50:16.2297743+03:00" testType="13cdc9d9-ddb5-4fa4-a97d-d965ccfc6d4b" outcome="Passed" testListId="8c84fa94-04c1-424b-9868-57a2d4851a1d" relativeResultsDirectory="c6bdd402-44b8-46d8-b10f-45e609816696" />
  </Results>
  <TestDefinitions>
    <UnitTest name="IntegrationTests.TestActionsWithLiftsLifts.TestUpdateLiftInfoAsync(lift: Lift { LiftID = 13, LiftName = liftNameb9c28b2a-c7d1-4739-9423-6ec6dd3015b7, IsOpen = True, SeatsAmount = 86, LiftingTime = 201, QueueTime = 52, ConnectedSlopes =  })" storage="/mnt/c/users/alena/desktop/7_sem/testing_and_debugging/skiresort/integrationtests/bin/debug/net6.0/integrationtests.dll" id="62e58fec-ffb4-31c2-01e2-b041937e292b">
      <Execution id="caddba8b-fc92-4629-8a0d-59f01b993123" />
      <TestMethod codeBase="/mnt/c/Users/alena/Desktop/7_sem/testing_and_debugging/SkiResort/IntegrationTests/bin/Debug/net6.0/IntegrationTests.dll" adapterTypeName="executor://xunit/VsTestRunner2/netcoreapp" className="IntegrationTests.TestActionsWithLiftsLifts" name="TestUpdateLiftInfoAsync" />
    </UnitTest>
    <UnitTest name="IntegrationTests.TestActionsWithUsers.TestRegisterOk" storage="/mnt/c/users/alena/desktop/7_sem/testing_and_debugging/skiresort/integrationtests/bin/debug/net6.0/integrationtests.dll" id="d78ba6d0-dfa8-fa6f-4cc8-23966ee34980">
      <Execution id="163ed7c7-b977-4533-a276-b5b69e55624c" />
      <TestMethod codeBase="/mnt/c/Users/alena/Desktop/7_sem/testing_and_debugging/SkiResort/IntegrationTests/bin/Debug/net6.0/IntegrationTests.dll" adapterTypeName="executor://xunit/VsTestRunner2/netcoreapp" className="IntegrationTests.TestActionsWithUsers" name="TestRegisterOk" />
    </UnitTest>
    <UnitTest name="IntegrationTests.TestActionsWithUsers.TestLogInWithWrongPassword" storage="/mnt/c/users/alena/desktop/7_sem/testing_and_debugging/skiresort/integrationtests/bin/debug/net6.0/integrationtests.dll" id="479b875f-d623-ae0a-ff97-dc49a4f2a217">
      <Execution id="1c09da0e-9a32-42a3-b26a-aabd05e74172" />
      <TestMethod codeBase="/mnt/c/Users/alena/Desktop/7_sem/testing_and_debugging/SkiResort/IntegrationTests/bin/Debug/net6.0/IntegrationTests.dll" adapterTypeName="executor://xunit/VsTestRunner2/netcoreapp" className="IntegrationTests.TestActionsWithUsers" name="TestLogInWithWrongPassword" />
    </UnitTest>
    <UnitTest name="IntegrationTests.TestActionsWithSlopes.TestGetSlopesInfoAsync(initialSlopes: [Slope { SlopeID = 17, SlopeName = slopeNamec382e3d2-ca58-498a-a894-04919562c62d, IsOpen = True, DifficultyLevel = 208, ConnectedLifts =  }, Slope { SlopeID = 12, SlopeName = slopeName8d711395-0291-4dbe-907c-bfc8ac2385ca, IsOpen = False, DifficultyLevel = 29, ConnectedLifts =  }, Slope { SlopeID = 199, SlopeName = slopeName249b2944-8bd9-42ac-a654-a09178a7ccac, IsOp..." storage="/mnt/c/users/alena/desktop/7_sem/testing_and_debugging/skiresort/integrationtests/bin/debug/net6.0/integrationtests.dll" id="469b101f-8633-a685-8d5b-bdbf8dc340c5">
      <Execution id="d28ebfde-8c41-435f-a133-c4d937d33910" />
      <TestMethod codeBase="/mnt/c/Users/alena/Desktop/7_sem/testing_and_debugging/SkiResort/IntegrationTests/bin/Debug/net6.0/IntegrationTests.dll" adapterTypeName="executor://xunit/VsTestRunner2/netcoreapp" className="IntegrationTests.TestActionsWithSlopes" name="TestGetSlopesInfoAsync" />
    </UnitTest>
    <UnitTest name="IntegrationTests.TestActionsWithLiftsSlopes.TestAdminDeleteLiftSlopeAsync(lift: Lift { LiftID = 228, LiftName = liftNameb8e45c23-afed-4084-a3ab-73ed0411691a, IsOpen = True, SeatsAmount = 217, LiftingTime = 205, QueueTime = 5, ConnectedSlopes =  }, slope: Slope { SlopeID = 104, SlopeName = slopeName01139f52-e6bd-41f2-a530-8f7b1f149cb5, IsOpen = False, DifficultyLevel = 161, ConnectedLifts =  })" storage="/mnt/c/users/alena/desktop/7_sem/testing_and_debugging/skiresort/integrationtests/bin/debug/net6.0/integrationtests.dll" id="7fcd442b-2a11-cf2e-738b-07e64e9bc655">
      <Execution id="adaa5773-9b81-414d-a207-ecb1a9814bbc" />
      <TestMethod codeBase="/mnt/c/Users/alena/Desktop/7_sem/testing_and_debugging/SkiResort/IntegrationTests/bin/Debug/net6.0/IntegrationTests.dll" adapterTypeName="executor://xunit/VsTestRunner2/netcoreapp" className="IntegrationTests.TestActionsWithLiftsSlopes" name="TestAdminDeleteLiftSlopeAsync" />
    </UnitTest>
    <UnitTest name="IntegrationTests.TestActionsWithUsers.TestAdminUpdateUser" storage="/mnt/c/users/alena/desktop/7_sem/testing_and_debugging/skiresort/integrationtests/bin/debug/net6.0/integrationtests.dll" id="61a0d3cb-1290-855e-f649-c3c1c190f4b1">
      <Execution id="de200cba-206f-4669-aad1-a677cd4859c5" />
      <TestMethod codeBase="/mnt/c/Users/alena/Desktop/7_sem/testing_and_debugging/SkiResort/IntegrationTests/bin/Debug/net6.0/IntegrationTests.dll" adapterTypeName="executor://xunit/VsTestRunner2/netcoreapp" className="IntegrationTests.TestActionsWithUsers" name="TestAdminUpdateUser" />
    </UnitTest>
    <UnitTest name="IntegrationTests.TestActionsWithSlopes.TestAdminAddSlopeAsync(slope: Slope { SlopeID = 189, SlopeName = slopeNamecdfc8aba-8360-4729-8dfb-1377b9ccb824, IsOpen = True, DifficultyLevel = 138, ConnectedLifts =  })" storage="/mnt/c/users/alena/desktop/7_sem/testing_and_debugging/skiresort/integrationtests/bin/debug/net6.0/integrationtests.dll" id="40ea28db-848b-0b77-ca21-a43482d6bca6">
      <Execution id="8ce10a05-0cab-47e7-88aa-b4879b01cd68" />
      <TestMethod codeBase="/mnt/c/Users/alena/Desktop/7_sem/testing_and_debugging/SkiResort/IntegrationTests/bin/Debug/net6.0/IntegrationTests.dll" adapterTypeName="executor://xunit/VsTestRunner2/netcoreapp" className="IntegrationTests.TestActionsWithSlopes" name="TestAdminAddSlopeAsync" />
    </UnitTest>
    <UnitTest name="IntegrationTests.TestActionsWithTurnstiles.TestAdminAddAutoIncrementTurnstileAsync(turnstile: Turnstile { TurnstileID = 184, LiftID = 141, IsOpen = True })" storage="/mnt/c/users/alena/desktop/7_sem/testing_and_debugging/skiresort/integrationtests/bin/debug/net6.0/integrationtests.dll" id="e0f6c6e2-0554-5d26-1cb4-1ee7ab92b412">
      <Execution id="86616307-7c4d-4c0a-8ae7-930c3ba900f2" />
      <TestMethod codeBase="/mnt/c/Users/alena/Desktop/7_sem/testing_and_debugging/SkiResort/IntegrationTests/bin/Debug/net6.0/IntegrationTests.dll" adapterTypeName="executor://xunit/VsTestRunner2/netcoreapp" className="IntegrationTests.TestActionsWithTurnstiles" name="TestAdminAddAutoIncrementTurnstileAsync" />
    </UnitTest>
    <UnitTest name="IntegrationTests.TestActionsWithUsers.TestAdminGetUserByIDAsync" storage="/mnt/c/users/alena/desktop/7_sem/testing_and_debugging/skiresort/integrationtests/bin/debug/net6.0/integrationtests.dll" id="593087f0-c7ab-1991-c3ee-af523cc03ada">
      <Execution id="816f2753-0f6b-4772-926a-fba865509013" />
      <TestMethod codeBase="/mnt/c/Users/alena/Desktop/7_sem/testing_and_debugging/SkiResort/IntegrationTests/bin/Debug/net6.0/IntegrationTests.dll" adapterTypeName="executor://xunit/VsTestRunner2/netcoreapp" className="IntegrationTests.TestActionsWithUsers" name="TestAdminGetUserByIDAsync" />
    </UnitTest>
    <UnitTest name="IntegrationTests.TestActionsWithLiftsLifts.TestGetLiftInfoAsync(lift: Lift { LiftID = 222, LiftName = liftNamef523b239-9f6f-445e-91e0-64c45f456b04, IsOpen = True, SeatsAmount = 204, LiftingTime = 95, QueueTime = 82, ConnectedSlopes =  })" storage="/mnt/c/users/alena/desktop/7_sem/testing_and_debugging/skiresort/integrationtests/bin/debug/net6.0/integrationtests.dll" id="2d2f9f4d-f831-3a08-35e5-0479a1173cfa">
      <Execution id="5e8cb76d-a7f7-48ee-9723-059870ad154e" />
      <TestMethod codeBase="/mnt/c/Users/alena/Desktop/7_sem/testing_and_debugging/SkiResort/IntegrationTests/bin/Debug/net6.0/IntegrationTests.dll" adapterTypeName="executor://xunit/VsTestRunner2/netcoreapp" className="IntegrationTests.TestActionsWithLiftsLifts" name="TestGetLiftInfoAsync" />
    </UnitTest>
    <UnitTest name="IntegrationTests.TestActionsWithUsers.TestAdminGetUsers" storage="/mnt/c/users/alena/desktop/7_sem/testing_and_debugging/skiresort/integrationtests/bin/debug/net6.0/integrationtests.dll" id="682d3b16-d8d9-d658-4906-fcc748843214">
      <Execution id="61356a6c-8620-4db1-aeac-d56e5d338d81" />
      <TestMethod codeBase="/mnt/c/Users/alena/Desktop/7_sem/testing_and_debugging/SkiResort/IntegrationTests/bin/Debug/net6.0/IntegrationTests.dll" adapterTypeName="executor://xunit/VsTestRunner2/netcoreapp" className="IntegrationTests.TestActionsWithUsers" name="TestAdminGetUsers" />
    </UnitTest>
    <UnitTest name="IntegrationTests.TestActionsWithTurnstiles.TestAdminGetTurnstilesAsync(initialTurnstiles: [Turnstile { TurnstileID = 18, LiftID = 4, IsOpen = True }, Turnstile { TurnstileID = 232, LiftID = 106, IsOpen = False }, Turnstile { TurnstileID = 167, LiftID = 33, IsOpen = True }])" storage="/mnt/c/users/alena/desktop/7_sem/testing_and_debugging/skiresort/integrationtests/bin/debug/net6.0/integrationtests.dll" id="8a671bbd-a679-9554-80f7-33c777475820">
      <Execution id="a5d86bda-9092-4a25-bfe4-5f863953d965" />
      <TestMethod codeBase="/mnt/c/Users/alena/Desktop/7_sem/testing_and_debugging/SkiResort/IntegrationTests/bin/Debug/net6.0/IntegrationTests.dll" adapterTypeName="executor://xunit/VsTestRunner2/netcoreapp" className="IntegrationTests.TestActionsWithTurnstiles" name="TestAdminGetTurnstilesAsync" />
    </UnitTest>
    <UnitTest name="IntegrationTests.TestActionsWithUsers.TestAdminDeleteUser" storage="/mnt/c/users/alena/desktop/7_sem/testing_and_debugging/skiresort/integrationtests/bin/debug/net6.0/integrationtests.dll" id="640a72f6-5583-6636-1a54-8396abe99588">
      <Execution id="cc34901f-9caa-4494-aebb-5de7c8602eb8" />
      <TestMethod codeBase="/mnt/c/Users/alena/Desktop/7_sem/testing_and_debugging/SkiResort/IntegrationTests/bin/Debug/net6.0/IntegrationTests.dll" adapterTypeName="executor://xunit/VsTestRunner2/netcoreapp" className="IntegrationTests.TestActionsWithUsers" name="TestAdminDeleteUser" />
    </UnitTest>
    <UnitTest name="IntegrationTests.TestActionsWithTurnstiles.TestAdminDeleteTurnstileAsync(turnstile: Turnstile { TurnstileID = 165, LiftID = 73, IsOpen = True })" storage="/mnt/c/users/alena/desktop/7_sem/testing_and_debugging/skiresort/integrationtests/bin/debug/net6.0/integrationtests.dll" id="8148060b-0aed-ac15-65ad-ff107780ff71">
      <Execution id="15b86834-8a17-4a86-8c25-41f5fd8c15a5" />
      <TestMethod codeBase="/mnt/c/Users/alena/Desktop/7_sem/testing_and_debugging/SkiResort/IntegrationTests/bin/Debug/net6.0/IntegrationTests.dll" adapterTypeName="executor://xunit/VsTestRunner2/netcoreapp" className="IntegrationTests.TestActionsWithTurnstiles" name="TestAdminDeleteTurnstileAsync" />
    </UnitTest>
    <UnitTest name="IntegrationTests.TestActionsWithSlopes.TestUpdateSlopeInfoAsync(slope: Slope { SlopeID = 168, SlopeName = slopeName580dd94d-8c0e-4c9a-a336-4f79308cf607, IsOpen = True, DifficultyLevel = 215, ConnectedLifts =  })" storage="/mnt/c/users/alena/desktop/7_sem/testing_and_debugging/skiresort/integrationtests/bin/debug/net6.0/integrationtests.dll" id="ae07d1e6-510f-54cf-bf56-5ed2d01dc27b">
      <Execution id="06a9484e-e726-48b4-872c-fe1df662c3ff" />
      <TestMethod codeBase="/mnt/c/Users/alena/Desktop/7_sem/testing_and_debugging/SkiResort/IntegrationTests/bin/Debug/net6.0/IntegrationTests.dll" adapterTypeName="executor://xunit/VsTestRunner2/netcoreapp" className="IntegrationTests.TestActionsWithSlopes" name="TestUpdateSlopeInfoAsync" />
    </UnitTest>
    <UnitTest name="IntegrationTests.TestActionsWithUsers.TestAdminAddAutoIncrementUser" storage="/mnt/c/users/alena/desktop/7_sem/testing_and_debugging/skiresort/integrationtests/bin/debug/net6.0/integrationtests.dll" id="26a3ed7b-f58f-b931-d8c6-d1d1687098ba">
      <Execution id="463262d5-a9ff-44b7-a7fd-34cfecbe6635" />
      <TestMethod codeBase="/mnt/c/Users/alena/Desktop/7_sem/testing_and_debugging/SkiResort/IntegrationTests/bin/Debug/net6.0/IntegrationTests.dll" adapterTypeName="executor://xunit/VsTestRunner2/netcoreapp" className="IntegrationTests.TestActionsWithUsers" name="TestAdminAddAutoIncrementUser" />
    </UnitTest>
    <UnitTest name="IntegrationTests.TestActionsWithSlopes.TestGetSlopeInfoAsync(slope: Slope { SlopeID = 37, SlopeName = slopeName5596f5c7-2280-4507-b515-b22cb4596708, IsOpen = True, DifficultyLevel = 169, ConnectedLifts =  })" storage="/mnt/c/users/alena/desktop/7_sem/testing_and_debugging/skiresort/integrationtests/bin/debug/net6.0/integrationtests.dll" id="585cfe92-c4d3-cc5b-b0f6-6302ba79155f">
      <Execution id="1b35d006-e1a1-464e-ab62-f023ac63f5cd" />
      <TestMethod codeBase="/mnt/c/Users/alena/Desktop/7_sem/testing_and_debugging/SkiResort/IntegrationTests/bin/Debug/net6.0/IntegrationTests.dll" adapterTypeName="executor://xunit/VsTestRunner2/netcoreapp" className="IntegrationTests.TestActionsWithSlopes" name="TestGetSlopeInfoAsync" />
    </UnitTest>
    <UnitTest name="IntegrationTests.TestActionsWithLiftsSlopes.TestAdminAddAutoIncrementLiftSlopeAsync(lift: Lift { LiftID = 89, LiftName = liftNameb8c31cb5-bc3b-4351-a694-0554d8345b03, IsOpen = True, SeatsAmount = 190, LiftingTime = 215, QueueTime = 244, ConnectedSlopes =  }, slope: Slope { SlopeID = 197, SlopeName = slopeName5802cdaa-40b3-4144-9e29-820e37dcad00, IsOpen = False, DifficultyLevel = 225, ConnectedLifts =  })" storage="/mnt/c/users/alena/desktop/7_sem/testing_and_debugging/skiresort/integrationtests/bin/debug/net6.0/integrationtests.dll" id="4843bae0-3f24-336c-6f50-0722f0e62e2c">
      <Execution id="bbd58f87-01b9-4d12-93c8-cc2535342d86" />
      <TestMethod codeBase="/mnt/c/Users/alena/Desktop/7_sem/testing_and_debugging/SkiResort/IntegrationTests/bin/Debug/net6.0/IntegrationTests.dll" adapterTypeName="executor://xunit/VsTestRunner2/netcoreapp" className="IntegrationTests.TestActionsWithLiftsSlopes" name="TestAdminAddAutoIncrementLiftSlopeAsync" />
    </UnitTest>
    <UnitTest name="IntegrationTests.TestActionsWithTurnstiles.TestAdminUpdateTurnstileAsync(turnstile: Turnstile { TurnstileID = 232, LiftID = 235, IsOpen = True })" storage="/mnt/c/users/alena/desktop/7_sem/testing_and_debugging/skiresort/integrationtests/bin/debug/net6.0/integrationtests.dll" id="23877543-607c-e85e-a7ef-f1d24b3a0ada">
      <Execution id="cdd21fd6-81a9-4b3d-bc34-58fd78ac9c9f" />
      <TestMethod codeBase="/mnt/c/Users/alena/Desktop/7_sem/testing_and_debugging/SkiResort/IntegrationTests/bin/Debug/net6.0/IntegrationTests.dll" adapterTypeName="executor://xunit/VsTestRunner2/netcoreapp" className="IntegrationTests.TestActionsWithTurnstiles" name="TestAdminUpdateTurnstileAsync" />
    </UnitTest>
    <UnitTest name="IntegrationTests.TestActionsWithSlopes.TestAdminDeleteSlopeAsync(slope: Slope { SlopeID = 107, SlopeName = slopeName147d6200-362f-4f93-9e01-0857b54bed52, IsOpen = True, DifficultyLevel = 62, ConnectedLifts =  })" storage="/mnt/c/users/alena/desktop/7_sem/testing_and_debugging/skiresort/integrationtests/bin/debug/net6.0/integrationtests.dll" id="dea2a44a-b4d1-8260-b606-626546513900">
      <Execution id="f2f16848-fe2c-41ca-9b74-db591f773a79" />
      <TestMethod codeBase="/mnt/c/Users/alena/Desktop/7_sem/testing_and_debugging/SkiResort/IntegrationTests/bin/Debug/net6.0/IntegrationTests.dll" adapterTypeName="executor://xunit/VsTestRunner2/netcoreapp" className="IntegrationTests.TestActionsWithSlopes" name="TestAdminDeleteSlopeAsync" />
    </UnitTest>
    <UnitTest name="IntegrationTests.TestActionsWithLiftsLifts.TestAdminAddAutoIncrementLiftAsync(lift: Lift { LiftID = 96, LiftName = liftNamec6dba77a-1866-45af-bfaa-4658455b5fd1, IsOpen = True, SeatsAmount = 129, LiftingTime = 56, QueueTime = 130, ConnectedSlopes =  })" storage="/mnt/c/users/alena/desktop/7_sem/testing_and_debugging/skiresort/integrationtests/bin/debug/net6.0/integrationtests.dll" id="0b0f5309-53bd-e058-2dae-a9407925166c">
      <Execution id="6699182f-904a-4013-9a74-c70390c2903a" />
      <TestMethod codeBase="/mnt/c/Users/alena/Desktop/7_sem/testing_and_debugging/SkiResort/IntegrationTests/bin/Debug/net6.0/IntegrationTests.dll" adapterTypeName="executor://xunit/VsTestRunner2/netcoreapp" className="IntegrationTests.TestActionsWithLiftsLifts" name="TestAdminAddAutoIncrementLiftAsync" />
    </UnitTest>
    <UnitTest name="IntegrationTests.TestActionsWithUsers.TestRegisterUserWithNoPassword" storage="/mnt/c/users/alena/desktop/7_sem/testing_and_debugging/skiresort/integrationtests/bin/debug/net6.0/integrationtests.dll" id="198a1ae3-83ab-ea18-2e21-87927dc980e2">
      <Execution id="3ae1a547-b988-4dd5-9486-1e242beb808f" />
      <TestMethod codeBase="/mnt/c/Users/alena/Desktop/7_sem/testing_and_debugging/SkiResort/IntegrationTests/bin/Debug/net6.0/IntegrationTests.dll" adapterTypeName="executor://xunit/VsTestRunner2/netcoreapp" className="IntegrationTests.TestActionsWithUsers" name="TestRegisterUserWithNoPassword" />
    </UnitTest>
    <UnitTest name="IntegrationTests.TestActionsWithSlopes.TestAdminAddAutoIncrementSlopeAsync(slope: Slope { SlopeID = 109, SlopeName = slopeName865a8cc2-88a7-47e8-b97c-009e50396f79, IsOpen = True, DifficultyLevel = 53, ConnectedLifts =  })" storage="/mnt/c/users/alena/desktop/7_sem/testing_and_debugging/skiresort/integrationtests/bin/debug/net6.0/integrationtests.dll" id="4865c3d2-a777-a9cc-ac04-c969d36a4a2b">
      <Execution id="317fad8b-3721-49c8-808e-bb8f0745cf81" />
      <TestMethod codeBase="/mnt/c/Users/alena/Desktop/7_sem/testing_and_debugging/SkiResort/IntegrationTests/bin/Debug/net6.0/IntegrationTests.dll" adapterTypeName="executor://xunit/VsTestRunner2/netcoreapp" className="IntegrationTests.TestActionsWithSlopes" name="TestAdminAddAutoIncrementSlopeAsync" />
    </UnitTest>
    <UnitTest name="IntegrationTests.TestActionsWithUsers.TestRegisterUserWithNoEmail" storage="/mnt/c/users/alena/desktop/7_sem/testing_and_debugging/skiresort/integrationtests/bin/debug/net6.0/integrationtests.dll" id="48375cbc-003d-d0fc-ff6a-cfef4b266dfb">
      <Execution id="14c5f7f1-6cbb-40a3-a119-2c962e13f912" />
      <TestMethod codeBase="/mnt/c/Users/alena/Desktop/7_sem/testing_and_debugging/SkiResort/IntegrationTests/bin/Debug/net6.0/IntegrationTests.dll" adapterTypeName="executor://xunit/VsTestRunner2/netcoreapp" className="IntegrationTests.TestActionsWithUsers" name="TestRegisterUserWithNoEmail" />
    </UnitTest>
    <UnitTest name="IntegrationTests.TestActionsWithUsers.TestLogInOk" storage="/mnt/c/users/alena/desktop/7_sem/testing_and_debugging/skiresort/integrationtests/bin/debug/net6.0/integrationtests.dll" id="45fe0df1-c885-2f7e-8187-832190c2786d">
      <Execution id="b92a4eaf-8cdb-4ea7-bf22-b4b6e41f65eb" />
      <TestMethod codeBase="/mnt/c/Users/alena/Desktop/7_sem/testing_and_debugging/SkiResort/IntegrationTests/bin/Debug/net6.0/IntegrationTests.dll" adapterTypeName="executor://xunit/VsTestRunner2/netcoreapp" className="IntegrationTests.TestActionsWithUsers" name="TestLogInOk" />
    </UnitTest>
    <UnitTest name="IntegrationTests.TestActionsWithLiftsLifts.TestAdminDeleteLiftAsync(lift: Lift { LiftID = 5, LiftName = liftName4b569308-cb48-4e71-85f3-9dc1831de3aa, IsOpen = True, SeatsAmount = 44, LiftingTime = 149, QueueTime = 116, ConnectedSlopes =  })" storage="/mnt/c/users/alena/desktop/7_sem/testing_and_debugging/skiresort/integrationtests/bin/debug/net6.0/integrationtests.dll" id="b0c05107-1f9f-6d68-972a-35eb997f492a">
      <Execution id="0e4a9828-db55-4e97-8573-4cbaa9353491" />
      <TestMethod codeBase="/mnt/c/Users/alena/Desktop/7_sem/testing_and_debugging/SkiResort/IntegrationTests/bin/Debug/net6.0/IntegrationTests.dll" adapterTypeName="executor://xunit/VsTestRunner2/netcoreapp" className="IntegrationTests.TestActionsWithLiftsLifts" name="TestAdminDeleteLiftAsync" />
    </UnitTest>
    <UnitTest name="IntegrationTests.TestActionsWithTurnstiles.TestAdminGetTurnstileAsync(turnstile: Turnstile { TurnstileID = 147, LiftID = 95, IsOpen = True })" storage="/mnt/c/users/alena/desktop/7_sem/testing_and_debugging/skiresort/integrationtests/bin/debug/net6.0/integrationtests.dll" id="244c88ed-1e03-a131-6d3b-f97757cb431e">
      <Execution id="a7a9406a-da8f-402c-8e78-2b9ed42f7d88" />
      <TestMethod codeBase="/mnt/c/Users/alena/Desktop/7_sem/testing_and_debugging/SkiResort/IntegrationTests/bin/Debug/net6.0/IntegrationTests.dll" adapterTypeName="executor://xunit/VsTestRunner2/netcoreapp" className="IntegrationTests.TestActionsWithTurnstiles" name="TestAdminGetTurnstileAsync" />
    </UnitTest>
    <UnitTest name="IntegrationTests.TestActionsWithLiftsSlopes.TestGetLiftsSlopesInfoAsync(liftsSlopes: [LiftSlope { RecordID = 246, LiftID = 196, SlopeID = 210 }, LiftSlope { RecordID = 128, LiftID = 63, SlopeID = 153 }, LiftSlope { RecordID = 10, LiftID = 99, SlopeID = 90 }])" storage="/mnt/c/users/alena/desktop/7_sem/testing_and_debugging/skiresort/integrationtests/bin/debug/net6.0/integrationtests.dll" id="63be1f92-7da8-a66e-02df-a6e75143687a">
      <Execution id="3aaa4d7c-0b00-422b-b4cc-8fd90a3a5d35" />
      <TestMethod codeBase="/mnt/c/Users/alena/Desktop/7_sem/testing_and_debugging/SkiResort/IntegrationTests/bin/Debug/net6.0/IntegrationTests.dll" adapterTypeName="executor://xunit/VsTestRunner2/netcoreapp" className="IntegrationTests.TestActionsWithLiftsSlopes" name="TestGetLiftsSlopesInfoAsync" />
    </UnitTest>
    <UnitTest name="IntegrationTests.TestActionsWithLiftsLifts.TestGetLiftsInfoAsync(initialLifts: [Lift { LiftID = 110, LiftName = liftName16dcb748-001a-4090-ad1a-9dab26ba354c, IsOpen = True, SeatsAmount = 252, LiftingTime = 189, QueueTime = 253, ConnectedSlopes =  }, Lift { LiftID = 153, LiftName = liftName175226a0-08dc-4fb8-a7f9-d81a484e7279, IsOpen = False, SeatsAmount = 218, LiftingTime = 224, QueueTime = 207, ConnectedSlopes =  }, Lift { LiftID = 143, Li..." storage="/mnt/c/users/alena/desktop/7_sem/testing_and_debugging/skiresort/integrationtests/bin/debug/net6.0/integrationtests.dll" id="e54a4cee-e2a1-889e-b4cd-647e25b91df6">
      <Execution id="1f42eb3e-0154-4c92-87dd-aecd306b9ae3" />
      <TestMethod codeBase="/mnt/c/Users/alena/Desktop/7_sem/testing_and_debugging/SkiResort/IntegrationTests/bin/Debug/net6.0/IntegrationTests.dll" adapterTypeName="executor://xunit/VsTestRunner2/netcoreapp" className="IntegrationTests.TestActionsWithLiftsLifts" name="TestGetLiftsInfoAsync" />
    </UnitTest>
    <UnitTest name="IntegrationTests.TestActionsWithUsers.TestRegisterUserWithRepeatedEmail" storage="/mnt/c/users/alena/desktop/7_sem/testing_and_debugging/skiresort/integrationtests/bin/debug/net6.0/integrationtests.dll" id="cb8eae24-e7ef-ed7e-d8e9-347d61b13b3a">
      <Execution id="c6bdd402-44b8-46d8-b10f-45e609816696" />
      <TestMethod codeBase="/mnt/c/Users/alena/Desktop/7_sem/testing_and_debugging/SkiResort/IntegrationTests/bin/Debug/net6.0/IntegrationTests.dll" adapterTypeName="executor://xunit/VsTestRunner2/netcoreapp" className="IntegrationTests.TestActionsWithUsers" name="TestRegisterUserWithRepeatedEmail" />
    </UnitTest>
  </TestDefinitions>
  <TestEntries>
    <TestEntry testId="61a0d3cb-1290-855e-f649-c3c1c190f4b1" executionId="de200cba-206f-4669-aad1-a677cd4859c5" testListId="8c84fa94-04c1-424b-9868-57a2d4851a1d" />
    <TestEntry testId="593087f0-c7ab-1991-c3ee-af523cc03ada" executionId="816f2753-0f6b-4772-926a-fba865509013" testListId="8c84fa94-04c1-424b-9868-57a2d4851a1d" />
    <TestEntry testId="e0f6c6e2-0554-5d26-1cb4-1ee7ab92b412" executionId="86616307-7c4d-4c0a-8ae7-930c3ba900f2" testListId="8c84fa94-04c1-424b-9868-57a2d4851a1d" />
    <TestEntry testId="26a3ed7b-f58f-b931-d8c6-d1d1687098ba" executionId="463262d5-a9ff-44b7-a7fd-34cfecbe6635" testListId="8c84fa94-04c1-424b-9868-57a2d4851a1d" />
    <TestEntry testId="b0c05107-1f9f-6d68-972a-35eb997f492a" executionId="0e4a9828-db55-4e97-8573-4cbaa9353491" testListId="8c84fa94-04c1-424b-9868-57a2d4851a1d" />
    <TestEntry testId="62e58fec-ffb4-31c2-01e2-b041937e292b" executionId="caddba8b-fc92-4629-8a0d-59f01b993123" testListId="8c84fa94-04c1-424b-9868-57a2d4851a1d" />
    <TestEntry testId="479b875f-d623-ae0a-ff97-dc49a4f2a217" executionId="1c09da0e-9a32-42a3-b26a-aabd05e74172" testListId="8c84fa94-04c1-424b-9868-57a2d4851a1d" />
    <TestEntry testId="d78ba6d0-dfa8-fa6f-4cc8-23966ee34980" executionId="163ed7c7-b977-4533-a276-b5b69e55624c" testListId="8c84fa94-04c1-424b-9868-57a2d4851a1d" />
    <TestEntry testId="244c88ed-1e03-a131-6d3b-f97757cb431e" executionId="a7a9406a-da8f-402c-8e78-2b9ed42f7d88" testListId="8c84fa94-04c1-424b-9868-57a2d4851a1d" />
    <TestEntry testId="48375cbc-003d-d0fc-ff6a-cfef4b266dfb" executionId="14c5f7f1-6cbb-40a3-a119-2c962e13f912" testListId="8c84fa94-04c1-424b-9868-57a2d4851a1d" />
    <TestEntry testId="469b101f-8633-a685-8d5b-bdbf8dc340c5" executionId="d28ebfde-8c41-435f-a133-c4d937d33910" testListId="8c84fa94-04c1-424b-9868-57a2d4851a1d" />
    <TestEntry testId="63be1f92-7da8-a66e-02df-a6e75143687a" executionId="3aaa4d7c-0b00-422b-b4cc-8fd90a3a5d35" testListId="8c84fa94-04c1-424b-9868-57a2d4851a1d" />
    <TestEntry testId="7fcd442b-2a11-cf2e-738b-07e64e9bc655" executionId="adaa5773-9b81-414d-a207-ecb1a9814bbc" testListId="8c84fa94-04c1-424b-9868-57a2d4851a1d" />
    <TestEntry testId="ae07d1e6-510f-54cf-bf56-5ed2d01dc27b" executionId="06a9484e-e726-48b4-872c-fe1df662c3ff" testListId="8c84fa94-04c1-424b-9868-57a2d4851a1d" />
    <TestEntry testId="2d2f9f4d-f831-3a08-35e5-0479a1173cfa" executionId="5e8cb76d-a7f7-48ee-9723-059870ad154e" testListId="8c84fa94-04c1-424b-9868-57a2d4851a1d" />
    <TestEntry testId="23877543-607c-e85e-a7ef-f1d24b3a0ada" executionId="cdd21fd6-81a9-4b3d-bc34-58fd78ac9c9f" testListId="8c84fa94-04c1-424b-9868-57a2d4851a1d" />
    <TestEntry testId="40ea28db-848b-0b77-ca21-a43482d6bca6" executionId="8ce10a05-0cab-47e7-88aa-b4879b01cd68" testListId="8c84fa94-04c1-424b-9868-57a2d4851a1d" />
    <TestEntry testId="682d3b16-d8d9-d658-4906-fcc748843214" executionId="61356a6c-8620-4db1-aeac-d56e5d338d81" testListId="8c84fa94-04c1-424b-9868-57a2d4851a1d" />
    <TestEntry testId="e54a4cee-e2a1-889e-b4cd-647e25b91df6" executionId="1f42eb3e-0154-4c92-87dd-aecd306b9ae3" testListId="8c84fa94-04c1-424b-9868-57a2d4851a1d" />
    <TestEntry testId="8a671bbd-a679-9554-80f7-33c777475820" executionId="a5d86bda-9092-4a25-bfe4-5f863953d965" testListId="8c84fa94-04c1-424b-9868-57a2d4851a1d" />
    <TestEntry testId="4843bae0-3f24-336c-6f50-0722f0e62e2c" executionId="bbd58f87-01b9-4d12-93c8-cc2535342d86" testListId="8c84fa94-04c1-424b-9868-57a2d4851a1d" />
    <TestEntry testId="45fe0df1-c885-2f7e-8187-832190c2786d" executionId="b92a4eaf-8cdb-4ea7-bf22-b4b6e41f65eb" testListId="8c84fa94-04c1-424b-9868-57a2d4851a1d" />
    <TestEntry testId="4865c3d2-a777-a9cc-ac04-c969d36a4a2b" executionId="317fad8b-3721-49c8-808e-bb8f0745cf81" testListId="8c84fa94-04c1-424b-9868-57a2d4851a1d" />
    <TestEntry testId="0b0f5309-53bd-e058-2dae-a9407925166c" executionId="6699182f-904a-4013-9a74-c70390c2903a" testListId="8c84fa94-04c1-424b-9868-57a2d4851a1d" />
    <TestEntry testId="198a1ae3-83ab-ea18-2e21-87927dc980e2" executionId="3ae1a547-b988-4dd5-9486-1e242beb808f" testListId="8c84fa94-04c1-424b-9868-57a2d4851a1d" />
    <TestEntry testId="8148060b-0aed-ac15-65ad-ff107780ff71" executionId="15b86834-8a17-4a86-8c25-41f5fd8c15a5" testListId="8c84fa94-04c1-424b-9868-57a2d4851a1d" />
    <TestEntry testId="640a72f6-5583-6636-1a54-8396abe99588" executionId="cc34901f-9caa-4494-aebb-5de7c8602eb8" testListId="8c84fa94-04c1-424b-9868-57a2d4851a1d" />
    <TestEntry testId="dea2a44a-b4d1-8260-b606-626546513900" executionId="f2f16848-fe2c-41ca-9b74-db591f773a79" testListId="8c84fa94-04c1-424b-9868-57a2d4851a1d" />
    <TestEntry testId="585cfe92-c4d3-cc5b-b0f6-6302ba79155f" executionId="1b35d006-e1a1-464e-ab62-f023ac63f5cd" testListId="8c84fa94-04c1-424b-9868-57a2d4851a1d" />
    <TestEntry testId="cb8eae24-e7ef-ed7e-d8e9-347d61b13b3a" executionId="c6bdd402-44b8-46d8-b10f-45e609816696" testListId="8c84fa94-04c1-424b-9868-57a2d4851a1d" />
  </TestEntries>
  <TestLists>
    <TestList name="Results Not in a List" id="8c84fa94-04c1-424b-9868-57a2d4851a1d" />
    <TestList name="All Loaded Results" id="19431567-8539-422a-85d7-44ee4e166bda" />
  </TestLists>
  <ResultSummary outcome="Completed">
    <Counters total="30" executed="30" passed="30" failed="0" error="0" timeout="0" aborted="0" inconclusive="0" passedButRunAborted="0" notRunnable="0" notExecuted="0" disconnected="0" warning="0" completed="0" inProgress="0" pending="0" />
    <Output>
      <StdOut>[xUnit.net 00:00:00.00] xUnit.net VSTest Adapter v2.4.3+1b45f5407b (64-bit .NET 6.0.10)
[xUnit.net 00:00:01.07]   Discovering: IntegrationTests
[xUnit.net 00:00:01.20]   Discovered:  IntegrationTests
[xUnit.net 00:00:01.20]   Starting:    IntegrationTests
[xUnit.net 00:00:20.31]   Finished:    IntegrationTests
</StdOut>
    </Output>
  </ResultSummary>
</TestRun>