<?xml version="1.0" encoding="utf-8"?>
<TestRun id="15dead22-c8af-4a60-af22-41b9e411c61f" name="@DESKTOP-TJ9D65N 2022-10-30 23:03:49" xmlns="http://microsoft.com/schemas/VisualStudio/TeamTest/2010">
  <Times creation="2022-10-30T23:03:49.4032572+03:00" queuing="2022-10-30T23:03:49.4032573+03:00" start="2022-10-30T23:03:45.4073418+03:00" finish="2022-10-30T23:04:00.2837934+03:00" />
  <TestSettings name="default" id="f68b417f-eba7-4a41-a115-263f62998120">
    <Deployment runDeploymentRoot="_DESKTOP-TJ9D65N_2022-10-30_23_03_49" />
  </TestSettings>
  <Results>
    <UnitTestResult executionId="640a9182-b7aa-4332-8f7d-c8e4b2419a27" testId="0009ba39-b920-eee0-dfb8-70bf26d4f0d3" testName="IntegrationTests.TestActionsWithSlopes.TestAdminAddSlopeAsync(slope: Slope { SlopeID = 187, SlopeName = slopeNamef61e0c55-e49a-4256-ad89-2f99fe11df24, IsOpen = True, DifficultyLevel = 198, ConnectedLifts =  })" computerName="DESKTOP-TJ9D65N" duration="00:00:00.6210824" startTime="2022-10-30T23:03:53.7125850+03:00" endTime="2022-10-30T23:03:53.7125854+03:00" testType="13cdc9d9-ddb5-4fa4-a97d-d965ccfc6d4b" outcome="Passed" testListId="8c84fa94-04c1-424b-9868-57a2d4851a1d" relativeResultsDirectory="640a9182-b7aa-4332-8f7d-c8e4b2419a27" />
    <UnitTestResult executionId="d3b0e1e4-0d89-4238-93c8-b1ec4384f91b" testId="b36036db-ee82-ae96-3f91-75171f2819aa" testName="IntegrationTests.TestActionsWithTurnstiles.TestAdminAddAutoIncrementTurnstileAsync(turnstile: Turnstile { TurnstileID = 95, LiftID = 127, IsOpen = True })" computerName="DESKTOP-TJ9D65N" duration="00:00:00.6090869" startTime="2022-10-30T23:03:54.3421610+03:00" endTime="2022-10-30T23:03:54.3421615+03:00" testType="13cdc9d9-ddb5-4fa4-a97d-d965ccfc6d4b" outcome="Passed" testListId="8c84fa94-04c1-424b-9868-57a2d4851a1d" relativeResultsDirectory="d3b0e1e4-0d89-4238-93c8-b1ec4384f91b" />
    <UnitTestResult executionId="b3f5d97b-415a-4709-9500-825783676f4b" testId="e54a4cee-e2a1-889e-b4cd-647e25b91df6" testName="IntegrationTests.TestActionsWithLiftsLifts.TestGetLiftsInfoAsync(initialLifts: [Lift { LiftID = 140, LiftName = liftNamecf1b4484-fee1-47ab-8a10-72fcee51baf3, IsOpen = True, SeatsAmount = 172, LiftingTime = 206, QueueTime = 247, ConnectedSlopes =  }, Lift { LiftID = 132, LiftName = liftNamee885b324-3cfd-4bd3-96d9-760a20bea178, IsOpen = False, SeatsAmount = 252, LiftingTime = 150, QueueTime = 224, ConnectedSlopes =  }, Lift { LiftID = 183, LiftName = liftName06ca8303-a242-43dd-acac-890803e54218, IsOpen = True, SeatsAmount = 46, LiftingTime = 149, QueueTime = 151, ConnectedSlopes =  }])" computerName="DESKTOP-TJ9D65N" duration="00:00:00.6669104" startTime="2022-10-30T23:03:58.2585997+03:00" endTime="2022-10-30T23:03:58.2585999+03:00" testType="13cdc9d9-ddb5-4fa4-a97d-d965ccfc6d4b" outcome="Passed" testListId="8c84fa94-04c1-424b-9868-57a2d4851a1d" relativeResultsDirectory="b3f5d97b-415a-4709-9500-825783676f4b" />
    <UnitTestResult executionId="7c54a318-640e-4361-9676-00f84515fff5" testId="8a671bbd-a679-9554-80f7-33c777475820" testName="IntegrationTests.TestActionsWithTurnstiles.TestAdminGetTurnstilesAsync(initialTurnstiles: [Turnstile { TurnstileID = 228, LiftID = 133, IsOpen = True }, Turnstile { TurnstileID = 253, LiftID = 157, IsOpen = False }, Turnstile { TurnstileID = 19, LiftID = 107, IsOpen = True }])" computerName="DESKTOP-TJ9D65N" duration="00:00:00.6419742" startTime="2022-10-30T23:03:55.0194848+03:00" endTime="2022-10-30T23:03:55.0194851+03:00" testType="13cdc9d9-ddb5-4fa4-a97d-d965ccfc6d4b" outcome="Passed" testListId="8c84fa94-04c1-424b-9868-57a2d4851a1d" relativeResultsDirectory="7c54a318-640e-4361-9676-00f84515fff5" />
    <UnitTestResult executionId="63965cf8-a79a-4833-add6-ceadd6743997" testId="5235410d-440a-67cb-61c1-68dcba7605fb" testName="IntegrationTests.TestActionsWithLiftsLifts.TestAdminDeleteLiftAsync(lift: Lift { LiftID = 180, LiftName = liftNamebb6851a4-853c-4c71-95bf-bd60f507eeef, IsOpen = True, SeatsAmount = 154, LiftingTime = 103, QueueTime = 149, ConnectedSlopes =  })" computerName="DESKTOP-TJ9D65N" duration="00:00:00.6390312" startTime="2022-10-30T23:03:58.9237381+03:00" endTime="2022-10-30T23:03:58.9237382+03:00" testType="13cdc9d9-ddb5-4fa4-a97d-d965ccfc6d4b" outcome="Passed" testListId="8c84fa94-04c1-424b-9868-57a2d4851a1d" relativeResultsDirectory="63965cf8-a79a-4833-add6-ceadd6743997" />
    <UnitTestResult executionId="984aa59c-a9db-4530-b843-490b932ad7c1" testId="ddaed29b-2387-548c-5e38-e5acbb987ae6" testName="IntegrationTests.TestActionsWithLiftsLifts.TestGetLiftInfoAsync(lift: Lift { LiftID = 97, LiftName = liftName8030c5b4-d663-4b6c-9718-f07324cb01f7, IsOpen = True, SeatsAmount = 204, LiftingTime = 33, QueueTime = 19, ConnectedSlopes =  })" computerName="DESKTOP-TJ9D65N" duration="00:00:00.6173126" startTime="2022-10-30T23:04:00.1912903+03:00" endTime="2022-10-30T23:04:00.1912904+03:00" testType="13cdc9d9-ddb5-4fa4-a97d-d965ccfc6d4b" outcome="Passed" testListId="8c84fa94-04c1-424b-9868-57a2d4851a1d" relativeResultsDirectory="984aa59c-a9db-4530-b843-490b932ad7c1" />
    <UnitTestResult executionId="f076237a-4fe1-41ba-8c48-34e50ce782ea" testId="63be1f92-7da8-a66e-02df-a6e75143687a" testName="IntegrationTests.TestActionsWithLiftsSlopes.TestGetLiftsSlopesInfoAsync(liftsSlopes: [LiftSlope { RecordID = 125, LiftID = 64, SlopeID = 208 }, LiftSlope { RecordID = 183, LiftID = 50, SlopeID = 120 }, LiftSlope { RecordID = 231, LiftID = 154, SlopeID = 249 }])" computerName="DESKTOP-TJ9D65N" duration="00:00:00.6352533" startTime="2022-10-30T23:03:49.1008203+03:00" endTime="2022-10-30T23:03:49.1008204+03:00" testType="13cdc9d9-ddb5-4fa4-a97d-d965ccfc6d4b" outcome="Passed" testListId="8c84fa94-04c1-424b-9868-57a2d4851a1d" relativeResultsDirectory="f076237a-4fe1-41ba-8c48-34e50ce782ea" />
    <UnitTestResult executionId="8870f675-24aa-4eeb-949a-4ef9e109a2fc" testId="4ff5671b-96be-6886-57ef-5286c16d63dc" testName="IntegrationTests.TestActionsWithSlopes.TestAdminAddAutoIncrementSlopeAsync(slope: Slope { SlopeID = 136, SlopeName = slopeName9e1d88ba-d946-4502-8152-854bfa96f217, IsOpen = True, DifficultyLevel = 31, ConnectedLifts =  })" computerName="DESKTOP-TJ9D65N" duration="00:00:00.6222451" startTime="2022-10-30T23:03:51.0647597+03:00" endTime="2022-10-30T23:03:51.0647600+03:00" testType="13cdc9d9-ddb5-4fa4-a97d-d965ccfc6d4b" outcome="Passed" testListId="8c84fa94-04c1-424b-9868-57a2d4851a1d" relativeResultsDirectory="8870f675-24aa-4eeb-949a-4ef9e109a2fc" />
    <UnitTestResult executionId="2a4361d9-78e5-4c47-9ef8-d720a276d01d" testId="df42c81a-721d-715c-35ab-25bf93abcf01" testName="IntegrationTests.TestActionsWithTurnstiles.TestAdminGetTurnstileAsync(turnstile: Turnstile { TurnstileID = 209, LiftID = 196, IsOpen = True })" computerName="DESKTOP-TJ9D65N" duration="00:00:00.6052998" startTime="2022-10-30T23:03:56.2713426+03:00" endTime="2022-10-30T23:03:56.2713428+03:00" testType="13cdc9d9-ddb5-4fa4-a97d-d965ccfc6d4b" outcome="Passed" testListId="8c84fa94-04c1-424b-9868-57a2d4851a1d" relativeResultsDirectory="2a4361d9-78e5-4c47-9ef8-d720a276d01d" />
    <UnitTestResult executionId="94db0527-c3e2-4ad4-9da1-e4fd9ae564ce" testId="469b101f-8633-a685-8d5b-bdbf8dc340c5" testName="IntegrationTests.TestActionsWithSlopes.TestGetSlopesInfoAsync(initialSlopes: [Slope { SlopeID = 50, SlopeName = slopeName46b3a86c-8e17-4c90-b1d2-3e950d255304, IsOpen = True, DifficultyLevel = 250, ConnectedLifts =  }, Slope { SlopeID = 215, SlopeName = slopeNamea72ffb79-ea4f-409e-a9a2-250367a6b8eb, IsOpen = False, DifficultyLevel = 33, ConnectedLifts =  }, Slope { SlopeID = 65, SlopeName = slopeNamea270b661-7d7b-4a93-b676-5ef09b4fa5d6, IsOpen = True, DifficultyLevel = 232, ConnectedLifts =  }])" computerName="DESKTOP-TJ9D65N" duration="00:00:00.6714627" startTime="2022-10-30T23:03:52.4224129+03:00" endTime="2022-10-30T23:03:52.4224131+03:00" testType="13cdc9d9-ddb5-4fa4-a97d-d965ccfc6d4b" outcome="Passed" testListId="8c84fa94-04c1-424b-9868-57a2d4851a1d" relativeResultsDirectory="94db0527-c3e2-4ad4-9da1-e4fd9ae564ce" />
    <UnitTestResult executionId="61c1b4d2-ae68-48c5-8a0c-f7ce624f1d31" testId="05a9a859-e651-bc44-ec6f-9e9ef0187e4e" testName="IntegrationTests.TestActionsWithLiftsLifts.TestAdminAddAutoIncrementLiftAsync(lift: Lift { LiftID = 22, LiftName = liftName6981e311-c66f-4f72-86aa-2802afbf68e7, IsOpen = True, SeatsAmount = 219, LiftingTime = 224, QueueTime = 37, ConnectedSlopes =  })" computerName="DESKTOP-TJ9D65N" duration="00:00:00.6182318" startTime="2022-10-30T23:03:59.5558357+03:00" endTime="2022-10-30T23:03:59.5558359+03:00" testType="13cdc9d9-ddb5-4fa4-a97d-d965ccfc6d4b" outcome="Passed" testListId="8c84fa94-04c1-424b-9868-57a2d4851a1d" relativeResultsDirectory="61c1b4d2-ae68-48c5-8a0c-f7ce624f1d31" />
    <UnitTestResult executionId="1099bb30-e46e-4fbf-92f9-933c519ecca2" testId="30e79c1c-3413-f017-2b12-e8d01aa2f4e3" testName="IntegrationTests.TestActionsWithLiftsSlopes.TestAdminAddAutoIncrementLiftSlopeAsync(lift: Lift { LiftID = 185, LiftName = liftName7fff698b-a2ee-4622-81c8-df0a70143882, IsOpen = True, SeatsAmount = 219, LiftingTime = 99, QueueTime = 186, ConnectedSlopes =  }, slope: Slope { SlopeID = 229, SlopeName = slopeNameffb08938-e62c-467b-abc2-bb3546d998f4, IsOpen = False, DifficultyLevel = 69, ConnectedLifts =  })" computerName="DESKTOP-TJ9D65N" duration="00:00:00.6672489" startTime="2022-10-30T23:03:49.7777925+03:00" endTime="2022-10-30T23:03:49.7777927+03:00" testType="13cdc9d9-ddb5-4fa4-a97d-d965ccfc6d4b" outcome="Passed" testListId="8c84fa94-04c1-424b-9868-57a2d4851a1d" relativeResultsDirectory="1099bb30-e46e-4fbf-92f9-933c519ecca2" />
    <UnitTestResult executionId="35136eb1-dc3e-4666-a4d4-03195b5078de" testId="57ee04d6-7c51-77f7-076b-23a63ceed2fc" testName="IntegrationTests.TestActionsWithTurnstiles.TestAdminUpdateTurnstileAsync(turnstile: Turnstile { TurnstileID = 152, LiftID = 128, IsOpen = True })" computerName="DESKTOP-TJ9D65N" duration="00:00:00.6199000" startTime="2022-10-30T23:03:56.9132916+03:00" endTime="2022-10-30T23:03:56.9132919+03:00" testType="13cdc9d9-ddb5-4fa4-a97d-d965ccfc6d4b" outcome="Passed" testListId="8c84fa94-04c1-424b-9868-57a2d4851a1d" relativeResultsDirectory="35136eb1-dc3e-4666-a4d4-03195b5078de" />
    <UnitTestResult executionId="7907cc53-5f89-4072-95ee-4102e49a5e53" testId="85259fd8-0428-ef6f-7ae7-93637b27283b" testName="IntegrationTests.TestActionsWithLiftsLifts.TestUpdateLiftInfoAsync(lift: Lift { LiftID = 197, LiftName = liftNameeffcb573-b3b3-44bd-9c44-1ebf0f0130bf, IsOpen = True, SeatsAmount = 98, LiftingTime = 26, QueueTime = 207, ConnectedSlopes =  })" computerName="DESKTOP-TJ9D65N" duration="00:00:00.6458762" startTime="2022-10-30T23:03:57.5800325+03:00" endTime="2022-10-30T23:03:57.5800326+03:00" testType="13cdc9d9-ddb5-4fa4-a97d-d965ccfc6d4b" outcome="Passed" testListId="8c84fa94-04c1-424b-9868-57a2d4851a1d" relativeResultsDirectory="7907cc53-5f89-4072-95ee-4102e49a5e53" />
    <UnitTestResult executionId="e5144e06-228e-47f8-a932-797883652aaa" testId="f461d71d-c5e3-69f7-ca22-9817c4db5f4a" testName="IntegrationTests.TestActionsWithSlopes.TestAdminDeleteSlopeAsync(slope: Slope { SlopeID = 135, SlopeName = slopeNamef4802b94-5a72-478a-854f-0aaf56123a0b, IsOpen = True, DifficultyLevel = 132, ConnectedLifts =  })" computerName="DESKTOP-TJ9D65N" duration="00:00:00.6274478" startTime="2022-10-30T23:03:53.0662796+03:00" endTime="2022-10-30T23:03:53.0662798+03:00" testType="13cdc9d9-ddb5-4fa4-a97d-d965ccfc6d4b" outcome="Passed" testListId="8c84fa94-04c1-424b-9868-57a2d4851a1d" relativeResultsDirectory="e5144e06-228e-47f8-a932-797883652aaa" />
    <UnitTestResult executionId="3da54910-260d-45b2-98a2-697c970bdc30" testId="3bff27d1-e7ed-d6c8-664c-465a0f4eae06" testName="IntegrationTests.TestActionsWithTurnstiles.TestAdminDeleteTurnstileAsync(turnstile: Turnstile { TurnstileID = 140, LiftID = 64, IsOpen = True })" computerName="DESKTOP-TJ9D65N" duration="00:00:00.6091156" startTime="2022-10-30T23:03:55.6469619+03:00" endTime="2022-10-30T23:03:55.6469621+03:00" testType="13cdc9d9-ddb5-4fa4-a97d-d965ccfc6d4b" outcome="Passed" testListId="8c84fa94-04c1-424b-9868-57a2d4851a1d" relativeResultsDirectory="3da54910-260d-45b2-98a2-697c970bdc30" />
    <UnitTestResult executionId="acec4970-ea5f-40ed-a686-c4ac1c71bb92" testId="79d15c68-ee57-b7b3-61a8-05a574b0b4ab" testName="IntegrationTests.TestActionsWithLiftsSlopes.TestAdminDeleteLiftSlopeAsync(lift: Lift { LiftID = 31, LiftName = liftName0ba0db9f-dbae-4afb-accf-46f70e18b446, IsOpen = True, SeatsAmount = 208, LiftingTime = 236, QueueTime = 241, ConnectedSlopes =  }, slope: Slope { SlopeID = 4, SlopeName = slopeNamee977be94-e08e-4ff0-9e90-ab279cfe41f8, IsOpen = False, DifficultyLevel = 83, ConnectedLifts =  })" computerName="DESKTOP-TJ9D65N" duration="00:00:00.7676762" startTime="2022-10-30T23:03:48.4249316+03:00" endTime="2022-10-30T23:03:48.4250765+03:00" testType="13cdc9d9-ddb5-4fa4-a97d-d965ccfc6d4b" outcome="Passed" testListId="8c84fa94-04c1-424b-9868-57a2d4851a1d" relativeResultsDirectory="acec4970-ea5f-40ed-a686-c4ac1c71bb92" />
    <UnitTestResult executionId="2bf5ff2d-dfc9-4c0a-ba92-7fa38d499101" testId="784a44ed-7438-93d1-0b26-0b278e931786" testName="IntegrationTests.TestActionsWithSlopes.TestUpdateSlopeInfoAsync(slope: Slope { SlopeID = 251, SlopeName = slopeNamecd531b31-d10f-4baf-8f1b-54d893eb2df9, IsOpen = True, DifficultyLevel = 128, ConnectedLifts =  })" computerName="DESKTOP-TJ9D65N" duration="00:00:00.6468419" startTime="2022-10-30T23:03:51.7369084+03:00" endTime="2022-10-30T23:03:51.7369086+03:00" testType="13cdc9d9-ddb5-4fa4-a97d-d965ccfc6d4b" outcome="Passed" testListId="8c84fa94-04c1-424b-9868-57a2d4851a1d" relativeResultsDirectory="2bf5ff2d-dfc9-4c0a-ba92-7fa38d499101" />
    <UnitTestResult executionId="8d12cc64-1247-46f7-bd33-1f628cf89ca8" testId="bd5e0bba-8a7d-d37c-9ec1-5260cdb92a5d" testName="IntegrationTests.TestActionsWithSlopes.TestGetSlopeInfoAsync(slope: Slope { SlopeID = 176, SlopeName = slopeName95f15b86-0502-4d85-a99a-8d9476886228, IsOpen = True, DifficultyLevel = 204, ConnectedLifts =  })" computerName="DESKTOP-TJ9D65N" duration="00:00:00.6089896" startTime="2022-10-30T23:03:50.4085478+03:00" endTime="2022-10-30T23:03:50.4085481+03:00" testType="13cdc9d9-ddb5-4fa4-a97d-d965ccfc6d4b" outcome="Passed" testListId="8c84fa94-04c1-424b-9868-57a2d4851a1d" relativeResultsDirectory="8d12cc64-1247-46f7-bd33-1f628cf89ca8" />
  </Results>
  <TestDefinitions>
    <UnitTest name="IntegrationTests.TestActionsWithLiftsLifts.TestAdminDeleteLiftAsync(lift: Lift { LiftID = 180, LiftName = liftNamebb6851a4-853c-4c71-95bf-bd60f507eeef, IsOpen = True, SeatsAmount = 154, LiftingTime = 103, QueueTime = 149, ConnectedSlopes =  })" storage="/mnt/c/users/alena/desktop/7_sem/testing_and_debugging/skiresort/integrationtests/bin/debug/net6.0/integrationtests.dll" id="5235410d-440a-67cb-61c1-68dcba7605fb">
      <Execution id="63965cf8-a79a-4833-add6-ceadd6743997" />
      <TestMethod codeBase="/mnt/c/Users/alena/Desktop/7_sem/testing_and_debugging/SkiResort/IntegrationTests/bin/Debug/net6.0/IntegrationTests.dll" adapterTypeName="executor://xunit/VsTestRunner2/netcoreapp" className="IntegrationTests.TestActionsWithLiftsLifts" name="TestAdminDeleteLiftAsync" />
    </UnitTest>
    <UnitTest name="IntegrationTests.TestActionsWithSlopes.TestAdminAddAutoIncrementSlopeAsync(slope: Slope { SlopeID = 136, SlopeName = slopeName9e1d88ba-d946-4502-8152-854bfa96f217, IsOpen = True, DifficultyLevel = 31, ConnectedLifts =  })" storage="/mnt/c/users/alena/desktop/7_sem/testing_and_debugging/skiresort/integrationtests/bin/debug/net6.0/integrationtests.dll" id="4ff5671b-96be-6886-57ef-5286c16d63dc">
      <Execution id="8870f675-24aa-4eeb-949a-4ef9e109a2fc" />
      <TestMethod codeBase="/mnt/c/Users/alena/Desktop/7_sem/testing_and_debugging/SkiResort/IntegrationTests/bin/Debug/net6.0/IntegrationTests.dll" adapterTypeName="executor://xunit/VsTestRunner2/netcoreapp" className="IntegrationTests.TestActionsWithSlopes" name="TestAdminAddAutoIncrementSlopeAsync" />
    </UnitTest>
    <UnitTest name="IntegrationTests.TestActionsWithLiftsLifts.TestGetLiftInfoAsync(lift: Lift { LiftID = 97, LiftName = liftName8030c5b4-d663-4b6c-9718-f07324cb01f7, IsOpen = True, SeatsAmount = 204, LiftingTime = 33, QueueTime = 19, ConnectedSlopes =  })" storage="/mnt/c/users/alena/desktop/7_sem/testing_and_debugging/skiresort/integrationtests/bin/debug/net6.0/integrationtests.dll" id="ddaed29b-2387-548c-5e38-e5acbb987ae6">
      <Execution id="984aa59c-a9db-4530-b843-490b932ad7c1" />
      <TestMethod codeBase="/mnt/c/Users/alena/Desktop/7_sem/testing_and_debugging/SkiResort/IntegrationTests/bin/Debug/net6.0/IntegrationTests.dll" adapterTypeName="executor://xunit/VsTestRunner2/netcoreapp" className="IntegrationTests.TestActionsWithLiftsLifts" name="TestGetLiftInfoAsync" />
    </UnitTest>
    <UnitTest name="IntegrationTests.TestActionsWithSlopes.TestGetSlopesInfoAsync(initialSlopes: [Slope { SlopeID = 50, SlopeName = slopeName46b3a86c-8e17-4c90-b1d2-3e950d255304, IsOpen = True, DifficultyLevel = 250, ConnectedLifts =  }, Slope { SlopeID = 215, SlopeName = slopeNamea72ffb79-ea4f-409e-a9a2-250367a6b8eb, IsOpen = False, DifficultyLevel = 33, ConnectedLifts =  }, Slope { SlopeID = 65, SlopeName = slopeNamea270b661-7d7b-4a93-b676-5ef09b4fa5d6, IsOp..." storage="/mnt/c/users/alena/desktop/7_sem/testing_and_debugging/skiresort/integrationtests/bin/debug/net6.0/integrationtests.dll" id="469b101f-8633-a685-8d5b-bdbf8dc340c5">
      <Execution id="94db0527-c3e2-4ad4-9da1-e4fd9ae564ce" />
      <TestMethod codeBase="/mnt/c/Users/alena/Desktop/7_sem/testing_and_debugging/SkiResort/IntegrationTests/bin/Debug/net6.0/IntegrationTests.dll" adapterTypeName="executor://xunit/VsTestRunner2/netcoreapp" className="IntegrationTests.TestActionsWithSlopes" name="TestGetSlopesInfoAsync" />
    </UnitTest>
    <UnitTest name="IntegrationTests.TestActionsWithSlopes.TestAdminAddSlopeAsync(slope: Slope { SlopeID = 187, SlopeName = slopeNamef61e0c55-e49a-4256-ad89-2f99fe11df24, IsOpen = True, DifficultyLevel = 198, ConnectedLifts =  })" storage="/mnt/c/users/alena/desktop/7_sem/testing_and_debugging/skiresort/integrationtests/bin/debug/net6.0/integrationtests.dll" id="0009ba39-b920-eee0-dfb8-70bf26d4f0d3">
      <Execution id="640a9182-b7aa-4332-8f7d-c8e4b2419a27" />
      <TestMethod codeBase="/mnt/c/Users/alena/Desktop/7_sem/testing_and_debugging/SkiResort/IntegrationTests/bin/Debug/net6.0/IntegrationTests.dll" adapterTypeName="executor://xunit/VsTestRunner2/netcoreapp" className="IntegrationTests.TestActionsWithSlopes" name="TestAdminAddSlopeAsync" />
    </UnitTest>
    <UnitTest name="IntegrationTests.TestActionsWithSlopes.TestGetSlopeInfoAsync(slope: Slope { SlopeID = 176, SlopeName = slopeName95f15b86-0502-4d85-a99a-8d9476886228, IsOpen = True, DifficultyLevel = 204, ConnectedLifts =  })" storage="/mnt/c/users/alena/desktop/7_sem/testing_and_debugging/skiresort/integrationtests/bin/debug/net6.0/integrationtests.dll" id="bd5e0bba-8a7d-d37c-9ec1-5260cdb92a5d">
      <Execution id="8d12cc64-1247-46f7-bd33-1f628cf89ca8" />
      <TestMethod codeBase="/mnt/c/Users/alena/Desktop/7_sem/testing_and_debugging/SkiResort/IntegrationTests/bin/Debug/net6.0/IntegrationTests.dll" adapterTypeName="executor://xunit/VsTestRunner2/netcoreapp" className="IntegrationTests.TestActionsWithSlopes" name="TestGetSlopeInfoAsync" />
    </UnitTest>
    <UnitTest name="IntegrationTests.TestActionsWithTurnstiles.TestAdminGetTurnstilesAsync(initialTurnstiles: [Turnstile { TurnstileID = 228, LiftID = 133, IsOpen = True }, Turnstile { TurnstileID = 253, LiftID = 157, IsOpen = False }, Turnstile { TurnstileID = 19, LiftID = 107, IsOpen = True }])" storage="/mnt/c/users/alena/desktop/7_sem/testing_and_debugging/skiresort/integrationtests/bin/debug/net6.0/integrationtests.dll" id="8a671bbd-a679-9554-80f7-33c777475820">
      <Execution id="7c54a318-640e-4361-9676-00f84515fff5" />
      <TestMethod codeBase="/mnt/c/Users/alena/Desktop/7_sem/testing_and_debugging/SkiResort/IntegrationTests/bin/Debug/net6.0/IntegrationTests.dll" adapterTypeName="executor://xunit/VsTestRunner2/netcoreapp" className="IntegrationTests.TestActionsWithTurnstiles" name="TestAdminGetTurnstilesAsync" />
    </UnitTest>
    <UnitTest name="IntegrationTests.TestActionsWithTurnstiles.TestAdminUpdateTurnstileAsync(turnstile: Turnstile { TurnstileID = 152, LiftID = 128, IsOpen = True })" storage="/mnt/c/users/alena/desktop/7_sem/testing_and_debugging/skiresort/integrationtests/bin/debug/net6.0/integrationtests.dll" id="57ee04d6-7c51-77f7-076b-23a63ceed2fc">
      <Execution id="35136eb1-dc3e-4666-a4d4-03195b5078de" />
      <TestMethod codeBase="/mnt/c/Users/alena/Desktop/7_sem/testing_and_debugging/SkiResort/IntegrationTests/bin/Debug/net6.0/IntegrationTests.dll" adapterTypeName="executor://xunit/VsTestRunner2/netcoreapp" className="IntegrationTests.TestActionsWithTurnstiles" name="TestAdminUpdateTurnstileAsync" />
    </UnitTest>
    <UnitTest name="IntegrationTests.TestActionsWithLiftsSlopes.TestAdminAddAutoIncrementLiftSlopeAsync(lift: Lift { LiftID = 185, LiftName = liftName7fff698b-a2ee-4622-81c8-df0a70143882, IsOpen = True, SeatsAmount = 219, LiftingTime = 99, QueueTime = 186, ConnectedSlopes =  }, slope: Slope { SlopeID = 229, SlopeName = slopeNameffb08938-e62c-467b-abc2-bb3546d998f4, IsOpen = False, DifficultyLevel = 69, ConnectedLifts =  })" storage="/mnt/c/users/alena/desktop/7_sem/testing_and_debugging/skiresort/integrationtests/bin/debug/net6.0/integrationtests.dll" id="30e79c1c-3413-f017-2b12-e8d01aa2f4e3">
      <Execution id="1099bb30-e46e-4fbf-92f9-933c519ecca2" />
      <TestMethod codeBase="/mnt/c/Users/alena/Desktop/7_sem/testing_and_debugging/SkiResort/IntegrationTests/bin/Debug/net6.0/IntegrationTests.dll" adapterTypeName="executor://xunit/VsTestRunner2/netcoreapp" className="IntegrationTests.TestActionsWithLiftsSlopes" name="TestAdminAddAutoIncrementLiftSlopeAsync" />
    </UnitTest>
    <UnitTest name="IntegrationTests.TestActionsWithSlopes.TestAdminDeleteSlopeAsync(slope: Slope { SlopeID = 135, SlopeName = slopeNamef4802b94-5a72-478a-854f-0aaf56123a0b, IsOpen = True, DifficultyLevel = 132, ConnectedLifts =  })" storage="/mnt/c/users/alena/desktop/7_sem/testing_and_debugging/skiresort/integrationtests/bin/debug/net6.0/integrationtests.dll" id="f461d71d-c5e3-69f7-ca22-9817c4db5f4a">
      <Execution id="e5144e06-228e-47f8-a932-797883652aaa" />
      <TestMethod codeBase="/mnt/c/Users/alena/Desktop/7_sem/testing_and_debugging/SkiResort/IntegrationTests/bin/Debug/net6.0/IntegrationTests.dll" adapterTypeName="executor://xunit/VsTestRunner2/netcoreapp" className="IntegrationTests.TestActionsWithSlopes" name="TestAdminDeleteSlopeAsync" />
    </UnitTest>
    <UnitTest name="IntegrationTests.TestActionsWithLiftsLifts.TestUpdateLiftInfoAsync(lift: Lift { LiftID = 197, LiftName = liftNameeffcb573-b3b3-44bd-9c44-1ebf0f0130bf, IsOpen = True, SeatsAmount = 98, LiftingTime = 26, QueueTime = 207, ConnectedSlopes =  })" storage="/mnt/c/users/alena/desktop/7_sem/testing_and_debugging/skiresort/integrationtests/bin/debug/net6.0/integrationtests.dll" id="85259fd8-0428-ef6f-7ae7-93637b27283b">
      <Execution id="7907cc53-5f89-4072-95ee-4102e49a5e53" />
      <TestMethod codeBase="/mnt/c/Users/alena/Desktop/7_sem/testing_and_debugging/SkiResort/IntegrationTests/bin/Debug/net6.0/IntegrationTests.dll" adapterTypeName="executor://xunit/VsTestRunner2/netcoreapp" className="IntegrationTests.TestActionsWithLiftsLifts" name="TestUpdateLiftInfoAsync" />
    </UnitTest>
    <UnitTest name="IntegrationTests.TestActionsWithTurnstiles.TestAdminDeleteTurnstileAsync(turnstile: Turnstile { TurnstileID = 140, LiftID = 64, IsOpen = True })" storage="/mnt/c/users/alena/desktop/7_sem/testing_and_debugging/skiresort/integrationtests/bin/debug/net6.0/integrationtests.dll" id="3bff27d1-e7ed-d6c8-664c-465a0f4eae06">
      <Execution id="3da54910-260d-45b2-98a2-697c970bdc30" />
      <TestMethod codeBase="/mnt/c/Users/alena/Desktop/7_sem/testing_and_debugging/SkiResort/IntegrationTests/bin/Debug/net6.0/IntegrationTests.dll" adapterTypeName="executor://xunit/VsTestRunner2/netcoreapp" className="IntegrationTests.TestActionsWithTurnstiles" name="TestAdminDeleteTurnstileAsync" />
    </UnitTest>
    <UnitTest name="IntegrationTests.TestActionsWithLiftsSlopes.TestAdminDeleteLiftSlopeAsync(lift: Lift { LiftID = 31, LiftName = liftName0ba0db9f-dbae-4afb-accf-46f70e18b446, IsOpen = True, SeatsAmount = 208, LiftingTime = 236, QueueTime = 241, ConnectedSlopes =  }, slope: Slope { SlopeID = 4, SlopeName = slopeNamee977be94-e08e-4ff0-9e90-ab279cfe41f8, IsOpen = False, DifficultyLevel = 83, ConnectedLifts =  })" storage="/mnt/c/users/alena/desktop/7_sem/testing_and_debugging/skiresort/integrationtests/bin/debug/net6.0/integrationtests.dll" id="79d15c68-ee57-b7b3-61a8-05a574b0b4ab">
      <Execution id="acec4970-ea5f-40ed-a686-c4ac1c71bb92" />
      <TestMethod codeBase="/mnt/c/Users/alena/Desktop/7_sem/testing_and_debugging/SkiResort/IntegrationTests/bin/Debug/net6.0/IntegrationTests.dll" adapterTypeName="executor://xunit/VsTestRunner2/netcoreapp" className="IntegrationTests.TestActionsWithLiftsSlopes" name="TestAdminDeleteLiftSlopeAsync" />
    </UnitTest>
    <UnitTest name="IntegrationTests.TestActionsWithTurnstiles.TestAdminGetTurnstileAsync(turnstile: Turnstile { TurnstileID = 209, LiftID = 196, IsOpen = True })" storage="/mnt/c/users/alena/desktop/7_sem/testing_and_debugging/skiresort/integrationtests/bin/debug/net6.0/integrationtests.dll" id="df42c81a-721d-715c-35ab-25bf93abcf01">
      <Execution id="2a4361d9-78e5-4c47-9ef8-d720a276d01d" />
      <TestMethod codeBase="/mnt/c/Users/alena/Desktop/7_sem/testing_and_debugging/SkiResort/IntegrationTests/bin/Debug/net6.0/IntegrationTests.dll" adapterTypeName="executor://xunit/VsTestRunner2/netcoreapp" className="IntegrationTests.TestActionsWithTurnstiles" name="TestAdminGetTurnstileAsync" />
    </UnitTest>
    <UnitTest name="IntegrationTests.TestActionsWithTurnstiles.TestAdminAddAutoIncrementTurnstileAsync(turnstile: Turnstile { TurnstileID = 95, LiftID = 127, IsOpen = True })" storage="/mnt/c/users/alena/desktop/7_sem/testing_and_debugging/skiresort/integrationtests/bin/debug/net6.0/integrationtests.dll" id="b36036db-ee82-ae96-3f91-75171f2819aa">
      <Execution id="d3b0e1e4-0d89-4238-93c8-b1ec4384f91b" />
      <TestMethod codeBase="/mnt/c/Users/alena/Desktop/7_sem/testing_and_debugging/SkiResort/IntegrationTests/bin/Debug/net6.0/IntegrationTests.dll" adapterTypeName="executor://xunit/VsTestRunner2/netcoreapp" className="IntegrationTests.TestActionsWithTurnstiles" name="TestAdminAddAutoIncrementTurnstileAsync" />
    </UnitTest>
    <UnitTest name="IntegrationTests.TestActionsWithLiftsLifts.TestGetLiftsInfoAsync(initialLifts: [Lift { LiftID = 140, LiftName = liftNamecf1b4484-fee1-47ab-8a10-72fcee51baf3, IsOpen = True, SeatsAmount = 172, LiftingTime = 206, QueueTime = 247, ConnectedSlopes =  }, Lift { LiftID = 132, LiftName = liftNamee885b324-3cfd-4bd3-96d9-760a20bea178, IsOpen = False, SeatsAmount = 252, LiftingTime = 150, QueueTime = 224, ConnectedSlopes =  }, Lift { LiftID = 183, Li..." storage="/mnt/c/users/alena/desktop/7_sem/testing_and_debugging/skiresort/integrationtests/bin/debug/net6.0/integrationtests.dll" id="e54a4cee-e2a1-889e-b4cd-647e25b91df6">
      <Execution id="b3f5d97b-415a-4709-9500-825783676f4b" />
      <TestMethod codeBase="/mnt/c/Users/alena/Desktop/7_sem/testing_and_debugging/SkiResort/IntegrationTests/bin/Debug/net6.0/IntegrationTests.dll" adapterTypeName="executor://xunit/VsTestRunner2/netcoreapp" className="IntegrationTests.TestActionsWithLiftsLifts" name="TestGetLiftsInfoAsync" />
    </UnitTest>
    <UnitTest name="IntegrationTests.TestActionsWithLiftsSlopes.TestGetLiftsSlopesInfoAsync(liftsSlopes: [LiftSlope { RecordID = 125, LiftID = 64, SlopeID = 208 }, LiftSlope { RecordID = 183, LiftID = 50, SlopeID = 120 }, LiftSlope { RecordID = 231, LiftID = 154, SlopeID = 249 }])" storage="/mnt/c/users/alena/desktop/7_sem/testing_and_debugging/skiresort/integrationtests/bin/debug/net6.0/integrationtests.dll" id="63be1f92-7da8-a66e-02df-a6e75143687a">
      <Execution id="f076237a-4fe1-41ba-8c48-34e50ce782ea" />
      <TestMethod codeBase="/mnt/c/Users/alena/Desktop/7_sem/testing_and_debugging/SkiResort/IntegrationTests/bin/Debug/net6.0/IntegrationTests.dll" adapterTypeName="executor://xunit/VsTestRunner2/netcoreapp" className="IntegrationTests.TestActionsWithLiftsSlopes" name="TestGetLiftsSlopesInfoAsync" />
    </UnitTest>
    <UnitTest name="IntegrationTests.TestActionsWithLiftsLifts.TestAdminAddAutoIncrementLiftAsync(lift: Lift { LiftID = 22, LiftName = liftName6981e311-c66f-4f72-86aa-2802afbf68e7, IsOpen = True, SeatsAmount = 219, LiftingTime = 224, QueueTime = 37, ConnectedSlopes =  })" storage="/mnt/c/users/alena/desktop/7_sem/testing_and_debugging/skiresort/integrationtests/bin/debug/net6.0/integrationtests.dll" id="05a9a859-e651-bc44-ec6f-9e9ef0187e4e">
      <Execution id="61c1b4d2-ae68-48c5-8a0c-f7ce624f1d31" />
      <TestMethod codeBase="/mnt/c/Users/alena/Desktop/7_sem/testing_and_debugging/SkiResort/IntegrationTests/bin/Debug/net6.0/IntegrationTests.dll" adapterTypeName="executor://xunit/VsTestRunner2/netcoreapp" className="IntegrationTests.TestActionsWithLiftsLifts" name="TestAdminAddAutoIncrementLiftAsync" />
    </UnitTest>
    <UnitTest name="IntegrationTests.TestActionsWithSlopes.TestUpdateSlopeInfoAsync(slope: Slope { SlopeID = 251, SlopeName = slopeNamecd531b31-d10f-4baf-8f1b-54d893eb2df9, IsOpen = True, DifficultyLevel = 128, ConnectedLifts =  })" storage="/mnt/c/users/alena/desktop/7_sem/testing_and_debugging/skiresort/integrationtests/bin/debug/net6.0/integrationtests.dll" id="784a44ed-7438-93d1-0b26-0b278e931786">
      <Execution id="2bf5ff2d-dfc9-4c0a-ba92-7fa38d499101" />
      <TestMethod codeBase="/mnt/c/Users/alena/Desktop/7_sem/testing_and_debugging/SkiResort/IntegrationTests/bin/Debug/net6.0/IntegrationTests.dll" adapterTypeName="executor://xunit/VsTestRunner2/netcoreapp" className="IntegrationTests.TestActionsWithSlopes" name="TestUpdateSlopeInfoAsync" />
    </UnitTest>
  </TestDefinitions>
  <TestEntries>
    <TestEntry testId="0009ba39-b920-eee0-dfb8-70bf26d4f0d3" executionId="640a9182-b7aa-4332-8f7d-c8e4b2419a27" testListId="8c84fa94-04c1-424b-9868-57a2d4851a1d" />
    <TestEntry testId="b36036db-ee82-ae96-3f91-75171f2819aa" executionId="d3b0e1e4-0d89-4238-93c8-b1ec4384f91b" testListId="8c84fa94-04c1-424b-9868-57a2d4851a1d" />
    <TestEntry testId="e54a4cee-e2a1-889e-b4cd-647e25b91df6" executionId="b3f5d97b-415a-4709-9500-825783676f4b" testListId="8c84fa94-04c1-424b-9868-57a2d4851a1d" />
    <TestEntry testId="8a671bbd-a679-9554-80f7-33c777475820" executionId="7c54a318-640e-4361-9676-00f84515fff5" testListId="8c84fa94-04c1-424b-9868-57a2d4851a1d" />
    <TestEntry testId="5235410d-440a-67cb-61c1-68dcba7605fb" executionId="63965cf8-a79a-4833-add6-ceadd6743997" testListId="8c84fa94-04c1-424b-9868-57a2d4851a1d" />
    <TestEntry testId="ddaed29b-2387-548c-5e38-e5acbb987ae6" executionId="984aa59c-a9db-4530-b843-490b932ad7c1" testListId="8c84fa94-04c1-424b-9868-57a2d4851a1d" />
    <TestEntry testId="63be1f92-7da8-a66e-02df-a6e75143687a" executionId="f076237a-4fe1-41ba-8c48-34e50ce782ea" testListId="8c84fa94-04c1-424b-9868-57a2d4851a1d" />
    <TestEntry testId="4ff5671b-96be-6886-57ef-5286c16d63dc" executionId="8870f675-24aa-4eeb-949a-4ef9e109a2fc" testListId="8c84fa94-04c1-424b-9868-57a2d4851a1d" />
    <TestEntry testId="df42c81a-721d-715c-35ab-25bf93abcf01" executionId="2a4361d9-78e5-4c47-9ef8-d720a276d01d" testListId="8c84fa94-04c1-424b-9868-57a2d4851a1d" />
    <TestEntry testId="469b101f-8633-a685-8d5b-bdbf8dc340c5" executionId="94db0527-c3e2-4ad4-9da1-e4fd9ae564ce" testListId="8c84fa94-04c1-424b-9868-57a2d4851a1d" />
    <TestEntry testId="05a9a859-e651-bc44-ec6f-9e9ef0187e4e" executionId="61c1b4d2-ae68-48c5-8a0c-f7ce624f1d31" testListId="8c84fa94-04c1-424b-9868-57a2d4851a1d" />
    <TestEntry testId="30e79c1c-3413-f017-2b12-e8d01aa2f4e3" executionId="1099bb30-e46e-4fbf-92f9-933c519ecca2" testListId="8c84fa94-04c1-424b-9868-57a2d4851a1d" />
    <TestEntry testId="57ee04d6-7c51-77f7-076b-23a63ceed2fc" executionId="35136eb1-dc3e-4666-a4d4-03195b5078de" testListId="8c84fa94-04c1-424b-9868-57a2d4851a1d" />
    <TestEntry testId="85259fd8-0428-ef6f-7ae7-93637b27283b" executionId="7907cc53-5f89-4072-95ee-4102e49a5e53" testListId="8c84fa94-04c1-424b-9868-57a2d4851a1d" />
    <TestEntry testId="f461d71d-c5e3-69f7-ca22-9817c4db5f4a" executionId="e5144e06-228e-47f8-a932-797883652aaa" testListId="8c84fa94-04c1-424b-9868-57a2d4851a1d" />
    <TestEntry testId="3bff27d1-e7ed-d6c8-664c-465a0f4eae06" executionId="3da54910-260d-45b2-98a2-697c970bdc30" testListId="8c84fa94-04c1-424b-9868-57a2d4851a1d" />
    <TestEntry testId="79d15c68-ee57-b7b3-61a8-05a574b0b4ab" executionId="acec4970-ea5f-40ed-a686-c4ac1c71bb92" testListId="8c84fa94-04c1-424b-9868-57a2d4851a1d" />
    <TestEntry testId="784a44ed-7438-93d1-0b26-0b278e931786" executionId="2bf5ff2d-dfc9-4c0a-ba92-7fa38d499101" testListId="8c84fa94-04c1-424b-9868-57a2d4851a1d" />
    <TestEntry testId="bd5e0bba-8a7d-d37c-9ec1-5260cdb92a5d" executionId="8d12cc64-1247-46f7-bd33-1f628cf89ca8" testListId="8c84fa94-04c1-424b-9868-57a2d4851a1d" />
  </TestEntries>
  <TestLists>
    <TestList name="Results Not in a List" id="8c84fa94-04c1-424b-9868-57a2d4851a1d" />
    <TestList name="All Loaded Results" id="19431567-8539-422a-85d7-44ee4e166bda" />
  </TestLists>
  <ResultSummary outcome="Completed">
    <Counters total="19" executed="19" passed="19" failed="0" error="0" timeout="0" aborted="0" inconclusive="0" passedButRunAborted="0" notRunnable="0" notExecuted="0" disconnected="0" warning="0" completed="0" inProgress="0" pending="0" />
    <Output>
      <StdOut>[xUnit.net 00:00:00.00] xUnit.net VSTest Adapter v2.4.3+1b45f5407b (64-bit .NET 6.0.10)
[xUnit.net 00:00:00.93]   Discovering: IntegrationTests
[xUnit.net 00:00:01.05]   Discovered:  IntegrationTests
[xUnit.net 00:00:01.05]   Starting:    IntegrationTests
[xUnit.net 00:00:13.71]   Finished:    IntegrationTests
</StdOut>
    </Output>
  </ResultSummary>
</TestRun>