<?xml version="1.0" encoding="utf-8"?>
<TestRun id="8355f30e-0aa7-41d8-a6c0-3bb15585b4cd" name="@DESKTOP-TJ9D65N 2022-11-03 11:03:21" xmlns="http://microsoft.com/schemas/VisualStudio/TeamTest/2010">
  <Times creation="2022-11-03T11:03:21.7028079+03:00" queuing="2022-11-03T11:03:21.7028079+03:00" start="2022-11-03T11:03:17.8993604+03:00" finish="2022-11-03T11:03:39.4102872+03:00" />
  <TestSettings name="default" id="c7db6356-14a0-4054-bdb6-f5dd9d25b6ad">
    <Deployment runDeploymentRoot="_DESKTOP-TJ9D65N_2022-11-03_11_03_21" />
  </TestSettings>
  <Results>
    <UnitTestResult executionId="031581d0-1afd-48d3-8cee-0d00743ca531" testId="e54a4cee-e2a1-889e-b4cd-647e25b91df6" testName="IntegrationTests.TestActionsWithLiftsLifts.TestGetLiftsInfoAsync(initialLifts: [Lift { LiftID = 5, LiftName = liftNameb4d4516b-f1c9-4fdd-b294-ec970d4bea5b, IsOpen = True, SeatsAmount = 245, LiftingTime = 175, QueueTime = 183, ConnectedSlopes =  }, Lift { LiftID = 47, LiftName = liftName14ada511-9c4f-4261-a38b-b81282ee2572, IsOpen = False, SeatsAmount = 45, LiftingTime = 191, QueueTime = 99, ConnectedSlopes =  }, Lift { LiftID = 221, LiftName = liftNamee5678e8f-0adf-4cac-9891-bcd71148c0ce, IsOpen = True, SeatsAmount = 233, LiftingTime = 95, QueueTime = 133, ConnectedSlopes =  }])" computerName="DESKTOP-TJ9D65N" duration="00:00:00.6709597" startTime="2022-11-03T11:03:30.2378351+03:00" endTime="2022-11-03T11:03:30.2378353+03:00" testType="13cdc9d9-ddb5-4fa4-a97d-d965ccfc6d4b" outcome="Passed" testListId="8c84fa94-04c1-424b-9868-57a2d4851a1d" relativeResultsDirectory="031581d0-1afd-48d3-8cee-0d00743ca531" />
    <UnitTestResult executionId="99a228ed-6a11-466e-ada7-45d6d1dcc043" testId="8dcdcd8f-790c-5404-dadc-af2c1b681418" testName="IntegrationTests.TestActionsWithSlopes.TestAdminAddSlopeAsync(slope: Slope { SlopeID = 128, SlopeName = slopeName83e10b4a-41c9-4f87-b528-d2c20e392162, IsOpen = True, DifficultyLevel = 25, ConnectedLifts =  })" computerName="DESKTOP-TJ9D65N" duration="00:00:00.6217407" startTime="2022-11-03T11:03:33.4744418+03:00" endTime="2022-11-03T11:03:33.4744419+03:00" testType="13cdc9d9-ddb5-4fa4-a97d-d965ccfc6d4b" outcome="Passed" testListId="8c84fa94-04c1-424b-9868-57a2d4851a1d" relativeResultsDirectory="99a228ed-6a11-466e-ada7-45d6d1dcc043" />
    <UnitTestResult executionId="9ef4b91c-d560-42ee-93c9-5797d8478488" testId="0bda4eeb-db57-7dc1-d3c7-003f101a0c22" testName="IntegrationTests.TestActionsWithSlopes.TestAdminAddAutoIncrementSlopeAsync(slope: Slope { SlopeID = 194, SlopeName = slopeName7a3496cc-c770-4d19-8d7b-c3b519676678, IsOpen = True, DifficultyLevel = 232, ConnectedLifts =  })" computerName="DESKTOP-TJ9D65N" duration="00:00:00.6329620" startTime="2022-11-03T11:03:32.8240241+03:00" endTime="2022-11-03T11:03:32.8240244+03:00" testType="13cdc9d9-ddb5-4fa4-a97d-d965ccfc6d4b" outcome="Passed" testListId="8c84fa94-04c1-424b-9868-57a2d4851a1d" relativeResultsDirectory="9ef4b91c-d560-42ee-93c9-5797d8478488" />
    <UnitTestResult executionId="9e7b6a7b-1c26-4a8e-8249-023c982b28fd" testId="593087f0-c7ab-1991-c3ee-af523cc03ada" testName="IntegrationTests.TestActionsWithUsers.TestAdminGetUserByIDAsync" computerName="DESKTOP-TJ9D65N" duration="00:00:00.5910192" startTime="2022-11-03T11:03:26.7841001+03:00" endTime="2022-11-03T11:03:26.7841004+03:00" testType="13cdc9d9-ddb5-4fa4-a97d-d965ccfc6d4b" outcome="Passed" testListId="8c84fa94-04c1-424b-9868-57a2d4851a1d" relativeResultsDirectory="9e7b6a7b-1c26-4a8e-8249-023c982b28fd" />
    <UnitTestResult executionId="5cc81d92-0111-461d-98e7-d7f760c9aa72" testId="682d3b16-d8d9-d658-4906-fcc748843214" testName="IntegrationTests.TestActionsWithUsers.TestAdminGetUsers" computerName="DESKTOP-TJ9D65N" duration="00:00:00.5876478" startTime="2022-11-03T11:03:25.0329190+03:00" endTime="2022-11-03T11:03:25.0329194+03:00" testType="13cdc9d9-ddb5-4fa4-a97d-d965ccfc6d4b" outcome="Passed" testListId="8c84fa94-04c1-424b-9868-57a2d4851a1d" relativeResultsDirectory="5cc81d92-0111-461d-98e7-d7f760c9aa72" />
    <UnitTestResult executionId="11f6f6e4-0467-47df-b33e-e4ad113dfdde" testId="295d2d3a-d55d-68ab-a683-33e0e68e54c3" testName="IntegrationTests.TestActionsWithTurnstiles.TestAdminDeleteTurnstileAsync(turnstile: Turnstile { TurnstileID = 132, LiftID = 36, IsOpen = True })" computerName="DESKTOP-TJ9D65N" duration="00:00:00.6115551" startTime="2022-11-03T11:03:36.7274064+03:00" endTime="2022-11-03T11:03:36.7274069+03:00" testType="13cdc9d9-ddb5-4fa4-a97d-d965ccfc6d4b" outcome="Passed" testListId="8c84fa94-04c1-424b-9868-57a2d4851a1d" relativeResultsDirectory="11f6f6e4-0467-47df-b33e-e4ad113dfdde" />
    <UnitTestResult executionId="f1749702-63cc-4dd8-9ee9-65f0821e3e5e" testId="2b5c2de4-a358-e0c0-b38b-0d951326b427" testName="IntegrationTests.TestActionsWithLiftsLifts.TestAdminDeleteLiftAsync(lift: Lift { LiftID = 243, LiftName = liftName765fa194-4c0b-445b-a58b-dc39bb4e4a14, IsOpen = True, SeatsAmount = 99, LiftingTime = 132, QueueTime = 23, ConnectedSlopes =  })" computerName="DESKTOP-TJ9D65N" duration="00:00:00.6405961" startTime="2022-11-03T11:03:29.5480665+03:00" endTime="2022-11-03T11:03:29.5480667+03:00" testType="13cdc9d9-ddb5-4fa4-a97d-d965ccfc6d4b" outcome="Passed" testListId="8c84fa94-04c1-424b-9868-57a2d4851a1d" relativeResultsDirectory="f1749702-63cc-4dd8-9ee9-65f0821e3e5e" />
    <UnitTestResult executionId="cf560e98-45af-4624-8342-17e58d5086d4" testId="5c828719-05e2-c6a8-5ae3-5e304d6c371a" testName="IntegrationTests.TestActionsWithLiftsSlopes.TestAdminAddAutoIncrementLiftSlopeAsync(lift: Lift { LiftID = 218, LiftName = liftName6e48ab68-5df6-475e-9234-1e01661fd86a, IsOpen = True, SeatsAmount = 212, LiftingTime = 106, QueueTime = 133, ConnectedSlopes =  }, slope: Slope { SlopeID = 141, SlopeName = slopeName50aa851f-8932-4a2a-8c87-4a12a33e84fd, IsOpen = False, DifficultyLevel = 49, ConnectedLifts =  })" computerName="DESKTOP-TJ9D65N" duration="00:00:00.6949185" startTime="2022-11-03T11:03:28.1844759+03:00" endTime="2022-11-03T11:03:28.1844760+03:00" testType="13cdc9d9-ddb5-4fa4-a97d-d965ccfc6d4b" outcome="Passed" testListId="8c84fa94-04c1-424b-9868-57a2d4851a1d" relativeResultsDirectory="cf560e98-45af-4624-8342-17e58d5086d4" />
    <UnitTestResult executionId="68414b19-3f97-4f4c-9068-c1ae37ccfebb" testId="1bb4aaa9-a315-7ce3-0d26-65cfcaefc198" testName="IntegrationTests.TestActionsWithLiftsSlopes.TestAdminDeleteLiftSlopeAsync(lift: Lift { LiftID = 49, LiftName = liftName7f7baa9d-0a45-427f-a880-f69cbaeacbe6, IsOpen = True, SeatsAmount = 172, LiftingTime = 158, QueueTime = 228, ConnectedSlopes =  }, slope: Slope { SlopeID = 100, SlopeName = slopeNamebeeeb03c-cb8d-471b-8c27-31cbe869c86a, IsOpen = False, DifficultyLevel = 181, ConnectedLifts =  })" computerName="DESKTOP-TJ9D65N" duration="00:00:00.6824832" startTime="2022-11-03T11:03:28.8811593+03:00" endTime="2022-11-03T11:03:28.8811595+03:00" testType="13cdc9d9-ddb5-4fa4-a97d-d965ccfc6d4b" outcome="Passed" testListId="8c84fa94-04c1-424b-9868-57a2d4851a1d" relativeResultsDirectory="68414b19-3f97-4f4c-9068-c1ae37ccfebb" />
    <UnitTestResult executionId="ad2aa705-c965-43ee-bf2e-9f9594529011" testId="a6560a22-d7ca-6d7d-0040-d471cf191ae5" testName="IntegrationTests.TestActionsWithLiftsLifts.TestUpdateLiftInfoAsync(lift: Lift { LiftID = 202, LiftName = liftName8d884b92-0f8d-4aa0-8c7a-0ada8f85a8be, IsOpen = True, SeatsAmount = 214, LiftingTime = 175, QueueTime = 250, ConnectedSlopes =  })" computerName="DESKTOP-TJ9D65N" duration="00:00:00.6411019" startTime="2022-11-03T11:03:32.1758440+03:00" endTime="2022-11-03T11:03:32.1758442+03:00" testType="13cdc9d9-ddb5-4fa4-a97d-d965ccfc6d4b" outcome="Passed" testListId="8c84fa94-04c1-424b-9868-57a2d4851a1d" relativeResultsDirectory="ad2aa705-c965-43ee-bf2e-9f9594529011" />
    <UnitTestResult executionId="24bdba2e-fe21-4592-a6b3-bab5e3e6a3e5" testId="6040108e-5acb-f84a-f32f-4599d205ea74" testName="IntegrationTests.TestActionsWithTurnstiles.TestAdminAddAutoIncrementTurnstileAsync(turnstile: Turnstile { TurnstileID = 100, LiftID = 150, IsOpen = True })" computerName="DESKTOP-TJ9D65N" duration="00:00:00.6192254" startTime="2022-11-03T11:03:38.0377654+03:00" endTime="2022-11-03T11:03:38.0377657+03:00" testType="13cdc9d9-ddb5-4fa4-a97d-d965ccfc6d4b" outcome="Passed" testListId="8c84fa94-04c1-424b-9868-57a2d4851a1d" relativeResultsDirectory="24bdba2e-fe21-4592-a6b3-bab5e3e6a3e5" />
    <UnitTestResult executionId="d72a6cd9-55d0-480a-bad9-b72becb1892a" testId="7e358eb7-44ca-f84e-47b5-4b215ae9a95e" testName="IntegrationTests.TestActionsWithTurnstiles.TestAdminUpdateTurnstileAsync(turnstile: Turnstile { TurnstileID = 141, LiftID = 97, IsOpen = True })" computerName="DESKTOP-TJ9D65N" duration="00:00:00.6186703" startTime="2022-11-03T11:03:38.6800037+03:00" endTime="2022-11-03T11:03:38.6800039+03:00" testType="13cdc9d9-ddb5-4fa4-a97d-d965ccfc6d4b" outcome="Passed" testListId="8c84fa94-04c1-424b-9868-57a2d4851a1d" relativeResultsDirectory="d72a6cd9-55d0-480a-bad9-b72becb1892a" />
    <UnitTestResult executionId="5222d70e-ec46-483e-a59d-0dc30c3c649d" testId="48375cbc-003d-d0fc-ff6a-cfef4b266dfb" testName="IntegrationTests.TestActionsWithUsers.TestRegisterUserWithNoEmail" computerName="DESKTOP-TJ9D65N" duration="00:00:00.5457243" startTime="2022-11-03T11:03:25.5895897+03:00" endTime="2022-11-03T11:03:25.5895900+03:00" testType="13cdc9d9-ddb5-4fa4-a97d-d965ccfc6d4b" outcome="Passed" testListId="8c84fa94-04c1-424b-9868-57a2d4851a1d" relativeResultsDirectory="5222d70e-ec46-483e-a59d-0dc30c3c649d" />
    <UnitTestResult executionId="126297c2-2bd6-4b8c-9624-ff696ce52571" testId="20f25534-7747-906c-0395-9480c1072b18" testName="IntegrationTests.TestActionsWithSlopes.TestGetSlopeInfoAsync(slope: Slope { SlopeID = 30, SlopeName = slopeName69a67da8-5537-4583-9bec-460cb740bad7, IsOpen = True, DifficultyLevel = 75, ConnectedLifts =  })" computerName="DESKTOP-TJ9D65N" duration="00:00:00.6076955" startTime="2022-11-03T11:03:35.4241230+03:00" endTime="2022-11-03T11:03:35.4241232+03:00" testType="13cdc9d9-ddb5-4fa4-a97d-d965ccfc6d4b" outcome="Passed" testListId="8c84fa94-04c1-424b-9868-57a2d4851a1d" relativeResultsDirectory="126297c2-2bd6-4b8c-9624-ff696ce52571" />
    <UnitTestResult executionId="13799d0c-a299-46ec-a2b4-a9af60214351" testId="469b101f-8633-a685-8d5b-bdbf8dc340c5" testName="IntegrationTests.TestActionsWithSlopes.TestGetSlopesInfoAsync(initialSlopes: [Slope { SlopeID = 237, SlopeName = slopeName07146ab9-a938-45d3-9114-b262cc80f629, IsOpen = True, DifficultyLevel = 207, ConnectedLifts =  }, Slope { SlopeID = 129, SlopeName = slopeName33d60bb5-af7a-4fac-8a2f-73e3d3ce0321, IsOpen = False, DifficultyLevel = 130, ConnectedLifts =  }, Slope { SlopeID = 75, SlopeName = slopeNamee9fe2da7-5c98-474c-8a04-eaad4934d83e, IsOpen = True, DifficultyLevel = 197, ConnectedLifts =  }])" computerName="DESKTOP-TJ9D65N" duration="00:00:00.6685595" startTime="2022-11-03T11:03:34.1568136+03:00" endTime="2022-11-03T11:03:34.1568139+03:00" testType="13cdc9d9-ddb5-4fa4-a97d-d965ccfc6d4b" outcome="Passed" testListId="8c84fa94-04c1-424b-9868-57a2d4851a1d" relativeResultsDirectory="13799d0c-a299-46ec-a2b4-a9af60214351" />
    <UnitTestResult executionId="5fcdda6d-6c58-4fbc-b8e5-f7d340270e80" testId="640a72f6-5583-6636-1a54-8396abe99588" testName="IntegrationTests.TestActionsWithUsers.TestAdminDeleteUser" computerName="DESKTOP-TJ9D65N" duration="00:00:00.6197354" startTime="2022-11-03T11:03:24.4324892+03:00" endTime="2022-11-03T11:03:24.4324894+03:00" testType="13cdc9d9-ddb5-4fa4-a97d-d965ccfc6d4b" outcome="Passed" testListId="8c84fa94-04c1-424b-9868-57a2d4851a1d" relativeResultsDirectory="5fcdda6d-6c58-4fbc-b8e5-f7d340270e80" />
    <UnitTestResult executionId="079ca766-0a2f-4b82-8816-79ea7461ddc0" testId="31e5accb-ef74-b9cd-2f17-7a5c5df4413f" testName="IntegrationTests.TestActionsWithSlopes.TestAdminDeleteSlopeAsync(slope: Slope { SlopeID = 210, SlopeName = slopeName8375fa34-88bf-45cf-99eb-b095c7472d1d, IsOpen = True, DifficultyLevel = 218, ConnectedLifts =  })" computerName="DESKTOP-TJ9D65N" duration="00:00:00.6277592" startTime="2022-11-03T11:03:34.8002142+03:00" endTime="2022-11-03T11:03:34.8002143+03:00" testType="13cdc9d9-ddb5-4fa4-a97d-d965ccfc6d4b" outcome="Passed" testListId="8c84fa94-04c1-424b-9868-57a2d4851a1d" relativeResultsDirectory="079ca766-0a2f-4b82-8816-79ea7461ddc0" />
    <UnitTestResult executionId="e096f59b-4be1-4a89-ab1a-322334fb2dda" testId="63be1f92-7da8-a66e-02df-a6e75143687a" testName="IntegrationTests.TestActionsWithLiftsSlopes.TestGetLiftsSlopesInfoAsync(liftsSlopes: [LiftSlope { RecordID = 74, LiftID = 221, SlopeID = 21 }, LiftSlope { RecordID = 70, LiftID = 5, SlopeID = 139 }, LiftSlope { RecordID = 170, LiftID = 220, SlopeID = 34 }])" computerName="DESKTOP-TJ9D65N" duration="00:00:00.6381115" startTime="2022-11-03T11:03:27.4431772+03:00" endTime="2022-11-03T11:03:27.4431778+03:00" testType="13cdc9d9-ddb5-4fa4-a97d-d965ccfc6d4b" outcome="Passed" testListId="8c84fa94-04c1-424b-9868-57a2d4851a1d" relativeResultsDirectory="e096f59b-4be1-4a89-ab1a-322334fb2dda" />
    <UnitTestResult executionId="562a3d3e-53b8-4610-9a37-749c7eba5a48" testId="61a0d3cb-1290-855e-f649-c3c1c190f4b1" testName="IntegrationTests.TestActionsWithUsers.TestAdminUpdateUser" computerName="DESKTOP-TJ9D65N" duration="00:00:00.6826849" startTime="2022-11-03T11:03:20.7552585+03:00" endTime="2022-11-03T11:03:20.7552844+03:00" testType="13cdc9d9-ddb5-4fa4-a97d-d965ccfc6d4b" outcome="Passed" testListId="8c84fa94-04c1-424b-9868-57a2d4851a1d" relativeResultsDirectory="562a3d3e-53b8-4610-9a37-749c7eba5a48" />
    <UnitTestResult executionId="96ecceb4-982c-479b-8d39-f84393a67974" testId="cb8eae24-e7ef-ed7e-d8e9-347d61b13b3a" testName="IntegrationTests.TestActionsWithUsers.TestRegisterUserWithRepeatedEmail" computerName="DESKTOP-TJ9D65N" duration="00:00:00.5690520" startTime="2022-11-03T11:03:22.5773795+03:00" endTime="2022-11-03T11:03:22.5773799+03:00" testType="13cdc9d9-ddb5-4fa4-a97d-d965ccfc6d4b" outcome="Passed" testListId="8c84fa94-04c1-424b-9868-57a2d4851a1d" relativeResultsDirectory="96ecceb4-982c-479b-8d39-f84393a67974" />
    <UnitTestResult executionId="0cb10c5d-2252-4756-ac89-e25336df6cc6" testId="45fe0df1-c885-2f7e-8187-832190c2786d" testName="IntegrationTests.TestActionsWithUsers.TestLogInOk" computerName="DESKTOP-TJ9D65N" duration="00:00:00.5815131" startTime="2022-11-03T11:03:21.9957189+03:00" endTime="2022-11-03T11:03:21.9957191+03:00" testType="13cdc9d9-ddb5-4fa4-a97d-d965ccfc6d4b" outcome="Passed" testListId="8c84fa94-04c1-424b-9868-57a2d4851a1d" relativeResultsDirectory="0cb10c5d-2252-4756-ac89-e25336df6cc6" />
    <UnitTestResult executionId="b7ee3e55-bf43-4c8a-900b-68b35c09ecfc" testId="3895b9ef-e4e5-ef1b-481b-510ded840e9c" testName="IntegrationTests.TestActionsWithLiftsLifts.TestAdminAddAutoIncrementLiftAsync(lift: Lift { LiftID = 140, LiftName = liftName5284c11c-f902-4037-8a4b-e99c2d1c97c2, IsOpen = True, SeatsAmount = 104, LiftingTime = 46, QueueTime = 70, ConnectedSlopes =  })" computerName="DESKTOP-TJ9D65N" duration="00:00:00.6218375" startTime="2022-11-03T11:03:30.8788362+03:00" endTime="2022-11-03T11:03:30.8788364+03:00" testType="13cdc9d9-ddb5-4fa4-a97d-d965ccfc6d4b" outcome="Passed" testListId="8c84fa94-04c1-424b-9868-57a2d4851a1d" relativeResultsDirectory="b7ee3e55-bf43-4c8a-900b-68b35c09ecfc" />
    <UnitTestResult executionId="cb86df9b-234b-482c-a9e6-c8c19fb64065" testId="198a1ae3-83ab-ea18-2e21-87927dc980e2" testName="IntegrationTests.TestActionsWithUsers.TestRegisterUserWithNoPassword" computerName="DESKTOP-TJ9D65N" duration="00:00:00.5566075" startTime="2022-11-03T11:03:26.1638422+03:00" endTime="2022-11-03T11:03:26.1638426+03:00" testType="13cdc9d9-ddb5-4fa4-a97d-d965ccfc6d4b" outcome="Passed" testListId="8c84fa94-04c1-424b-9868-57a2d4851a1d" relativeResultsDirectory="cb86df9b-234b-482c-a9e6-c8c19fb64065" />
    <UnitTestResult executionId="c242e0ab-bbff-4f81-9d12-f998982043e3" testId="362ac668-3d55-854e-fac7-cf1a3e33b5d3" testName="IntegrationTests.TestActionsWithSlopes.TestUpdateSlopeInfoAsync(slope: Slope { SlopeID = 161, SlopeName = slopeNamee29e1cae-c222-4d90-9c2b-678da23569de, IsOpen = True, DifficultyLevel = 164, ConnectedLifts =  })" computerName="DESKTOP-TJ9D65N" duration="00:00:00.6433799" startTime="2022-11-03T11:03:36.0854939+03:00" endTime="2022-11-03T11:03:36.0854942+03:00" testType="13cdc9d9-ddb5-4fa4-a97d-d965ccfc6d4b" outcome="Passed" testListId="8c84fa94-04c1-424b-9868-57a2d4851a1d" relativeResultsDirectory="c242e0ab-bbff-4f81-9d12-f998982043e3" />
    <UnitTestResult executionId="c6c61b91-3f77-46d2-b28f-25a61587c75e" testId="8a671bbd-a679-9554-80f7-33c777475820" testName="IntegrationTests.TestActionsWithTurnstiles.TestAdminGetTurnstilesAsync(initialTurnstiles: [Turnstile { TurnstileID = 17, LiftID = 171, IsOpen = True }, Turnstile { TurnstileID = 155, LiftID = 143, IsOpen = False }, Turnstile { TurnstileID = 145, LiftID = 139, IsOpen = True }])" computerName="DESKTOP-TJ9D65N" duration="00:00:00.6541609" startTime="2022-11-03T11:03:37.4034992+03:00" endTime="2022-11-03T11:03:37.4034994+03:00" testType="13cdc9d9-ddb5-4fa4-a97d-d965ccfc6d4b" outcome="Passed" testListId="8c84fa94-04c1-424b-9868-57a2d4851a1d" relativeResultsDirectory="c6c61b91-3f77-46d2-b28f-25a61587c75e" />
    <UnitTestResult executionId="464b8639-3380-43a2-af71-ef706dbe1877" testId="0c3e088a-a0ad-1d8a-4fbc-8e5cc2b52dfb" testName="IntegrationTests.TestActionsWithLiftsLifts.TestGetLiftInfoAsync(lift: Lift { LiftID = 203, LiftName = liftNamecad548ab-7d6f-459d-a241-e78d1596600b, IsOpen = True, SeatsAmount = 186, LiftingTime = 58, QueueTime = 80, ConnectedSlopes =  })" computerName="DESKTOP-TJ9D65N" duration="00:00:00.6160697" startTime="2022-11-03T11:03:31.5102744+03:00" endTime="2022-11-03T11:03:31.5102747+03:00" testType="13cdc9d9-ddb5-4fa4-a97d-d965ccfc6d4b" outcome="Passed" testListId="8c84fa94-04c1-424b-9868-57a2d4851a1d" relativeResultsDirectory="464b8639-3380-43a2-af71-ef706dbe1877" />
    <UnitTestResult executionId="1a3ccae7-9329-4b82-9259-8102d23bbbb7" testId="2c094617-b71c-90cc-ff4c-ceaaf37d8fc0" testName="IntegrationTests.TestActionsWithTurnstiles.TestAdminGetTurnstileAsync(turnstile: Turnstile { TurnstileID = 253, LiftID = 202, IsOpen = True })" computerName="DESKTOP-TJ9D65N" duration="00:00:00.6006253" startTime="2022-11-03T11:03:39.2992185+03:00" endTime="2022-11-03T11:03:39.2992188+03:00" testType="13cdc9d9-ddb5-4fa4-a97d-d965ccfc6d4b" outcome="Passed" testListId="8c84fa94-04c1-424b-9868-57a2d4851a1d" relativeResultsDirectory="1a3ccae7-9329-4b82-9259-8102d23bbbb7" />
    <UnitTestResult executionId="3d7ac5c2-8277-421d-9c7b-38f6856bc78f" testId="d78ba6d0-dfa8-fa6f-4cc8-23966ee34980" testName="IntegrationTests.TestActionsWithUsers.TestRegisterOk" computerName="DESKTOP-TJ9D65N" duration="00:00:00.5982463" startTime="2022-11-03T11:03:23.7906388+03:00" endTime="2022-11-03T11:03:23.7906390+03:00" testType="13cdc9d9-ddb5-4fa4-a97d-d965ccfc6d4b" outcome="Passed" testListId="8c84fa94-04c1-424b-9868-57a2d4851a1d" relativeResultsDirectory="3d7ac5c2-8277-421d-9c7b-38f6856bc78f" />
    <UnitTestResult executionId="0c91b615-8cc3-4668-a1d7-25f1ae3217c5" testId="479b875f-d623-ae0a-ff97-dc49a4f2a217" testName="IntegrationTests.TestActionsWithUsers.TestLogInWithWrongPassword" computerName="DESKTOP-TJ9D65N" duration="00:00:00.5706715" startTime="2022-11-03T11:03:23.1769790+03:00" endTime="2022-11-03T11:03:23.1769792+03:00" testType="13cdc9d9-ddb5-4fa4-a97d-d965ccfc6d4b" outcome="Passed" testListId="8c84fa94-04c1-424b-9868-57a2d4851a1d" relativeResultsDirectory="0c91b615-8cc3-4668-a1d7-25f1ae3217c5" />
    <UnitTestResult executionId="7f5fb799-35e3-41ff-b9e9-0de04e8e9301" testId="26a3ed7b-f58f-b931-d8c6-d1d1687098ba" testName="IntegrationTests.TestActionsWithUsers.TestAdminAddAutoIncrementUser" computerName="DESKTOP-TJ9D65N" duration="00:00:00.6119454" startTime="2022-11-03T11:03:21.3993557+03:00" endTime="2022-11-03T11:03:21.3993557+03:00" testType="13cdc9d9-ddb5-4fa4-a97d-d965ccfc6d4b" outcome="Passed" testListId="8c84fa94-04c1-424b-9868-57a2d4851a1d" relativeResultsDirectory="7f5fb799-35e3-41ff-b9e9-0de04e8e9301" />
  </Results>
  <TestDefinitions>
    <UnitTest name="IntegrationTests.TestActionsWithSlopes.TestUpdateSlopeInfoAsync(slope: Slope { SlopeID = 161, SlopeName = slopeNamee29e1cae-c222-4d90-9c2b-678da23569de, IsOpen = True, DifficultyLevel = 164, ConnectedLifts =  })" storage="/mnt/c/users/alena/desktop/7_sem/testing_and_debugging/skiresort/integrationtests/bin/debug/net6.0/integrationtests.dll" id="362ac668-3d55-854e-fac7-cf1a3e33b5d3">
      <Execution id="c242e0ab-bbff-4f81-9d12-f998982043e3" />
      <TestMethod codeBase="/mnt/c/Users/alena/Desktop/7_sem/testing_and_debugging/SkiResort/IntegrationTests/bin/Debug/net6.0/IntegrationTests.dll" adapterTypeName="executor://xunit/VsTestRunner2/netcoreapp" className="IntegrationTests.TestActionsWithSlopes" name="TestUpdateSlopeInfoAsync" />
    </UnitTest>
    <UnitTest name="IntegrationTests.TestActionsWithTurnstiles.TestAdminGetTurnstileAsync(turnstile: Turnstile { TurnstileID = 253, LiftID = 202, IsOpen = True })" storage="/mnt/c/users/alena/desktop/7_sem/testing_and_debugging/skiresort/integrationtests/bin/debug/net6.0/integrationtests.dll" id="2c094617-b71c-90cc-ff4c-ceaaf37d8fc0">
      <Execution id="1a3ccae7-9329-4b82-9259-8102d23bbbb7" />
      <TestMethod codeBase="/mnt/c/Users/alena/Desktop/7_sem/testing_and_debugging/SkiResort/IntegrationTests/bin/Debug/net6.0/IntegrationTests.dll" adapterTypeName="executor://xunit/VsTestRunner2/netcoreapp" className="IntegrationTests.TestActionsWithTurnstiles" name="TestAdminGetTurnstileAsync" />
    </UnitTest>
    <UnitTest name="IntegrationTests.TestActionsWithLiftsLifts.TestGetLiftInfoAsync(lift: Lift { LiftID = 203, LiftName = liftNamecad548ab-7d6f-459d-a241-e78d1596600b, IsOpen = True, SeatsAmount = 186, LiftingTime = 58, QueueTime = 80, ConnectedSlopes =  })" storage="/mnt/c/users/alena/desktop/7_sem/testing_and_debugging/skiresort/integrationtests/bin/debug/net6.0/integrationtests.dll" id="0c3e088a-a0ad-1d8a-4fbc-8e5cc2b52dfb">
      <Execution id="464b8639-3380-43a2-af71-ef706dbe1877" />
      <TestMethod codeBase="/mnt/c/Users/alena/Desktop/7_sem/testing_and_debugging/SkiResort/IntegrationTests/bin/Debug/net6.0/IntegrationTests.dll" adapterTypeName="executor://xunit/VsTestRunner2/netcoreapp" className="IntegrationTests.TestActionsWithLiftsLifts" name="TestGetLiftInfoAsync" />
    </UnitTest>
    <UnitTest name="IntegrationTests.TestActionsWithUsers.TestRegisterOk" storage="/mnt/c/users/alena/desktop/7_sem/testing_and_debugging/skiresort/integrationtests/bin/debug/net6.0/integrationtests.dll" id="d78ba6d0-dfa8-fa6f-4cc8-23966ee34980">
      <Execution id="3d7ac5c2-8277-421d-9c7b-38f6856bc78f" />
      <TestMethod codeBase="/mnt/c/Users/alena/Desktop/7_sem/testing_and_debugging/SkiResort/IntegrationTests/bin/Debug/net6.0/IntegrationTests.dll" adapterTypeName="executor://xunit/VsTestRunner2/netcoreapp" className="IntegrationTests.TestActionsWithUsers" name="TestRegisterOk" />
    </UnitTest>
    <UnitTest name="IntegrationTests.TestActionsWithUsers.TestLogInWithWrongPassword" storage="/mnt/c/users/alena/desktop/7_sem/testing_and_debugging/skiresort/integrationtests/bin/debug/net6.0/integrationtests.dll" id="479b875f-d623-ae0a-ff97-dc49a4f2a217">
      <Execution id="0c91b615-8cc3-4668-a1d7-25f1ae3217c5" />
      <TestMethod codeBase="/mnt/c/Users/alena/Desktop/7_sem/testing_and_debugging/SkiResort/IntegrationTests/bin/Debug/net6.0/IntegrationTests.dll" adapterTypeName="executor://xunit/VsTestRunner2/netcoreapp" className="IntegrationTests.TestActionsWithUsers" name="TestLogInWithWrongPassword" />
    </UnitTest>
    <UnitTest name="IntegrationTests.TestActionsWithSlopes.TestGetSlopesInfoAsync(initialSlopes: [Slope { SlopeID = 237, SlopeName = slopeName07146ab9-a938-45d3-9114-b262cc80f629, IsOpen = True, DifficultyLevel = 207, ConnectedLifts =  }, Slope { SlopeID = 129, SlopeName = slopeName33d60bb5-af7a-4fac-8a2f-73e3d3ce0321, IsOpen = False, DifficultyLevel = 130, ConnectedLifts =  }, Slope { SlopeID = 75, SlopeName = slopeNamee9fe2da7-5c98-474c-8a04-eaad4934d83e, Is..." storage="/mnt/c/users/alena/desktop/7_sem/testing_and_debugging/skiresort/integrationtests/bin/debug/net6.0/integrationtests.dll" id="469b101f-8633-a685-8d5b-bdbf8dc340c5">
      <Execution id="13799d0c-a299-46ec-a2b4-a9af60214351" />
      <TestMethod codeBase="/mnt/c/Users/alena/Desktop/7_sem/testing_and_debugging/SkiResort/IntegrationTests/bin/Debug/net6.0/IntegrationTests.dll" adapterTypeName="executor://xunit/VsTestRunner2/netcoreapp" className="IntegrationTests.TestActionsWithSlopes" name="TestGetSlopesInfoAsync" />
    </UnitTest>
    <UnitTest name="IntegrationTests.TestActionsWithUsers.TestAdminUpdateUser" storage="/mnt/c/users/alena/desktop/7_sem/testing_and_debugging/skiresort/integrationtests/bin/debug/net6.0/integrationtests.dll" id="61a0d3cb-1290-855e-f649-c3c1c190f4b1">
      <Execution id="562a3d3e-53b8-4610-9a37-749c7eba5a48" />
      <TestMethod codeBase="/mnt/c/Users/alena/Desktop/7_sem/testing_and_debugging/SkiResort/IntegrationTests/bin/Debug/net6.0/IntegrationTests.dll" adapterTypeName="executor://xunit/VsTestRunner2/netcoreapp" className="IntegrationTests.TestActionsWithUsers" name="TestAdminUpdateUser" />
    </UnitTest>
    <UnitTest name="IntegrationTests.TestActionsWithUsers.TestAdminGetUserByIDAsync" storage="/mnt/c/users/alena/desktop/7_sem/testing_and_debugging/skiresort/integrationtests/bin/debug/net6.0/integrationtests.dll" id="593087f0-c7ab-1991-c3ee-af523cc03ada">
      <Execution id="9e7b6a7b-1c26-4a8e-8249-023c982b28fd" />
      <TestMethod codeBase="/mnt/c/Users/alena/Desktop/7_sem/testing_and_debugging/SkiResort/IntegrationTests/bin/Debug/net6.0/IntegrationTests.dll" adapterTypeName="executor://xunit/VsTestRunner2/netcoreapp" className="IntegrationTests.TestActionsWithUsers" name="TestAdminGetUserByIDAsync" />
    </UnitTest>
    <UnitTest name="IntegrationTests.TestActionsWithSlopes.TestAdminDeleteSlopeAsync(slope: Slope { SlopeID = 210, SlopeName = slopeName8375fa34-88bf-45cf-99eb-b095c7472d1d, IsOpen = True, DifficultyLevel = 218, ConnectedLifts =  })" storage="/mnt/c/users/alena/desktop/7_sem/testing_and_debugging/skiresort/integrationtests/bin/debug/net6.0/integrationtests.dll" id="31e5accb-ef74-b9cd-2f17-7a5c5df4413f">
      <Execution id="079ca766-0a2f-4b82-8816-79ea7461ddc0" />
      <TestMethod codeBase="/mnt/c/Users/alena/Desktop/7_sem/testing_and_debugging/SkiResort/IntegrationTests/bin/Debug/net6.0/IntegrationTests.dll" adapterTypeName="executor://xunit/VsTestRunner2/netcoreapp" className="IntegrationTests.TestActionsWithSlopes" name="TestAdminDeleteSlopeAsync" />
    </UnitTest>
    <UnitTest name="IntegrationTests.TestActionsWithTurnstiles.TestAdminAddAutoIncrementTurnstileAsync(turnstile: Turnstile { TurnstileID = 100, LiftID = 150, IsOpen = True })" storage="/mnt/c/users/alena/desktop/7_sem/testing_and_debugging/skiresort/integrationtests/bin/debug/net6.0/integrationtests.dll" id="6040108e-5acb-f84a-f32f-4599d205ea74">
      <Execution id="24bdba2e-fe21-4592-a6b3-bab5e3e6a3e5" />
      <TestMethod codeBase="/mnt/c/Users/alena/Desktop/7_sem/testing_and_debugging/SkiResort/IntegrationTests/bin/Debug/net6.0/IntegrationTests.dll" adapterTypeName="executor://xunit/VsTestRunner2/netcoreapp" className="IntegrationTests.TestActionsWithTurnstiles" name="TestAdminAddAutoIncrementTurnstileAsync" />
    </UnitTest>
    <UnitTest name="IntegrationTests.TestActionsWithTurnstiles.TestAdminGetTurnstilesAsync(initialTurnstiles: [Turnstile { TurnstileID = 17, LiftID = 171, IsOpen = True }, Turnstile { TurnstileID = 155, LiftID = 143, IsOpen = False }, Turnstile { TurnstileID = 145, LiftID = 139, IsOpen = True }])" storage="/mnt/c/users/alena/desktop/7_sem/testing_and_debugging/skiresort/integrationtests/bin/debug/net6.0/integrationtests.dll" id="8a671bbd-a679-9554-80f7-33c777475820">
      <Execution id="c6c61b91-3f77-46d2-b28f-25a61587c75e" />
      <TestMethod codeBase="/mnt/c/Users/alena/Desktop/7_sem/testing_and_debugging/SkiResort/IntegrationTests/bin/Debug/net6.0/IntegrationTests.dll" adapterTypeName="executor://xunit/VsTestRunner2/netcoreapp" className="IntegrationTests.TestActionsWithTurnstiles" name="TestAdminGetTurnstilesAsync" />
    </UnitTest>
    <UnitTest name="IntegrationTests.TestActionsWithUsers.TestAdminGetUsers" storage="/mnt/c/users/alena/desktop/7_sem/testing_and_debugging/skiresort/integrationtests/bin/debug/net6.0/integrationtests.dll" id="682d3b16-d8d9-d658-4906-fcc748843214">
      <Execution id="5cc81d92-0111-461d-98e7-d7f760c9aa72" />
      <TestMethod codeBase="/mnt/c/Users/alena/Desktop/7_sem/testing_and_debugging/SkiResort/IntegrationTests/bin/Debug/net6.0/IntegrationTests.dll" adapterTypeName="executor://xunit/VsTestRunner2/netcoreapp" className="IntegrationTests.TestActionsWithUsers" name="TestAdminGetUsers" />
    </UnitTest>
    <UnitTest name="IntegrationTests.TestActionsWithSlopes.TestGetSlopeInfoAsync(slope: Slope { SlopeID = 30, SlopeName = slopeName69a67da8-5537-4583-9bec-460cb740bad7, IsOpen = True, DifficultyLevel = 75, ConnectedLifts =  })" storage="/mnt/c/users/alena/desktop/7_sem/testing_and_debugging/skiresort/integrationtests/bin/debug/net6.0/integrationtests.dll" id="20f25534-7747-906c-0395-9480c1072b18">
      <Execution id="126297c2-2bd6-4b8c-9624-ff696ce52571" />
      <TestMethod codeBase="/mnt/c/Users/alena/Desktop/7_sem/testing_and_debugging/SkiResort/IntegrationTests/bin/Debug/net6.0/IntegrationTests.dll" adapterTypeName="executor://xunit/VsTestRunner2/netcoreapp" className="IntegrationTests.TestActionsWithSlopes" name="TestGetSlopeInfoAsync" />
    </UnitTest>
    <UnitTest name="IntegrationTests.TestActionsWithTurnstiles.TestAdminUpdateTurnstileAsync(turnstile: Turnstile { TurnstileID = 141, LiftID = 97, IsOpen = True })" storage="/mnt/c/users/alena/desktop/7_sem/testing_and_debugging/skiresort/integrationtests/bin/debug/net6.0/integrationtests.dll" id="7e358eb7-44ca-f84e-47b5-4b215ae9a95e">
      <Execution id="d72a6cd9-55d0-480a-bad9-b72becb1892a" />
      <TestMethod codeBase="/mnt/c/Users/alena/Desktop/7_sem/testing_and_debugging/SkiResort/IntegrationTests/bin/Debug/net6.0/IntegrationTests.dll" adapterTypeName="executor://xunit/VsTestRunner2/netcoreapp" className="IntegrationTests.TestActionsWithTurnstiles" name="TestAdminUpdateTurnstileAsync" />
    </UnitTest>
    <UnitTest name="IntegrationTests.TestActionsWithUsers.TestAdminDeleteUser" storage="/mnt/c/users/alena/desktop/7_sem/testing_and_debugging/skiresort/integrationtests/bin/debug/net6.0/integrationtests.dll" id="640a72f6-5583-6636-1a54-8396abe99588">
      <Execution id="5fcdda6d-6c58-4fbc-b8e5-f7d340270e80" />
      <TestMethod codeBase="/mnt/c/Users/alena/Desktop/7_sem/testing_and_debugging/SkiResort/IntegrationTests/bin/Debug/net6.0/IntegrationTests.dll" adapterTypeName="executor://xunit/VsTestRunner2/netcoreapp" className="IntegrationTests.TestActionsWithUsers" name="TestAdminDeleteUser" />
    </UnitTest>
    <UnitTest name="IntegrationTests.TestActionsWithSlopes.TestAdminAddSlopeAsync(slope: Slope { SlopeID = 128, SlopeName = slopeName83e10b4a-41c9-4f87-b528-d2c20e392162, IsOpen = True, DifficultyLevel = 25, ConnectedLifts =  })" storage="/mnt/c/users/alena/desktop/7_sem/testing_and_debugging/skiresort/integrationtests/bin/debug/net6.0/integrationtests.dll" id="8dcdcd8f-790c-5404-dadc-af2c1b681418">
      <Execution id="99a228ed-6a11-466e-ada7-45d6d1dcc043" />
      <TestMethod codeBase="/mnt/c/Users/alena/Desktop/7_sem/testing_and_debugging/SkiResort/IntegrationTests/bin/Debug/net6.0/IntegrationTests.dll" adapterTypeName="executor://xunit/VsTestRunner2/netcoreapp" className="IntegrationTests.TestActionsWithSlopes" name="TestAdminAddSlopeAsync" />
    </UnitTest>
    <UnitTest name="IntegrationTests.TestActionsWithUsers.TestAdminAddAutoIncrementUser" storage="/mnt/c/users/alena/desktop/7_sem/testing_and_debugging/skiresort/integrationtests/bin/debug/net6.0/integrationtests.dll" id="26a3ed7b-f58f-b931-d8c6-d1d1687098ba">
      <Execution id="7f5fb799-35e3-41ff-b9e9-0de04e8e9301" />
      <TestMethod codeBase="/mnt/c/Users/alena/Desktop/7_sem/testing_and_debugging/SkiResort/IntegrationTests/bin/Debug/net6.0/IntegrationTests.dll" adapterTypeName="executor://xunit/VsTestRunner2/netcoreapp" className="IntegrationTests.TestActionsWithUsers" name="TestAdminAddAutoIncrementUser" />
    </UnitTest>
    <UnitTest name="IntegrationTests.TestActionsWithLiftsLifts.TestAdminAddAutoIncrementLiftAsync(lift: Lift { LiftID = 140, LiftName = liftName5284c11c-f902-4037-8a4b-e99c2d1c97c2, IsOpen = True, SeatsAmount = 104, LiftingTime = 46, QueueTime = 70, ConnectedSlopes =  })" storage="/mnt/c/users/alena/desktop/7_sem/testing_and_debugging/skiresort/integrationtests/bin/debug/net6.0/integrationtests.dll" id="3895b9ef-e4e5-ef1b-481b-510ded840e9c">
      <Execution id="b7ee3e55-bf43-4c8a-900b-68b35c09ecfc" />
      <TestMethod codeBase="/mnt/c/Users/alena/Desktop/7_sem/testing_and_debugging/SkiResort/IntegrationTests/bin/Debug/net6.0/IntegrationTests.dll" adapterTypeName="executor://xunit/VsTestRunner2/netcoreapp" className="IntegrationTests.TestActionsWithLiftsLifts" name="TestAdminAddAutoIncrementLiftAsync" />
    </UnitTest>
    <UnitTest name="IntegrationTests.TestActionsWithLiftsSlopes.TestAdminDeleteLiftSlopeAsync(lift: Lift { LiftID = 49, LiftName = liftName7f7baa9d-0a45-427f-a880-f69cbaeacbe6, IsOpen = True, SeatsAmount = 172, LiftingTime = 158, QueueTime = 228, ConnectedSlopes =  }, slope: Slope { SlopeID = 100, SlopeName = slopeNamebeeeb03c-cb8d-471b-8c27-31cbe869c86a, IsOpen = False, DifficultyLevel = 181, ConnectedLifts =  })" storage="/mnt/c/users/alena/desktop/7_sem/testing_and_debugging/skiresort/integrationtests/bin/debug/net6.0/integrationtests.dll" id="1bb4aaa9-a315-7ce3-0d26-65cfcaefc198">
      <Execution id="68414b19-3f97-4f4c-9068-c1ae37ccfebb" />
      <TestMethod codeBase="/mnt/c/Users/alena/Desktop/7_sem/testing_and_debugging/SkiResort/IntegrationTests/bin/Debug/net6.0/IntegrationTests.dll" adapterTypeName="executor://xunit/VsTestRunner2/netcoreapp" className="IntegrationTests.TestActionsWithLiftsSlopes" name="TestAdminDeleteLiftSlopeAsync" />
    </UnitTest>
    <UnitTest name="IntegrationTests.TestActionsWithUsers.TestRegisterUserWithNoPassword" storage="/mnt/c/users/alena/desktop/7_sem/testing_and_debugging/skiresort/integrationtests/bin/debug/net6.0/integrationtests.dll" id="198a1ae3-83ab-ea18-2e21-87927dc980e2">
      <Execution id="cb86df9b-234b-482c-a9e6-c8c19fb64065" />
      <TestMethod codeBase="/mnt/c/Users/alena/Desktop/7_sem/testing_and_debugging/SkiResort/IntegrationTests/bin/Debug/net6.0/IntegrationTests.dll" adapterTypeName="executor://xunit/VsTestRunner2/netcoreapp" className="IntegrationTests.TestActionsWithUsers" name="TestRegisterUserWithNoPassword" />
    </UnitTest>
    <UnitTest name="IntegrationTests.TestActionsWithSlopes.TestAdminAddAutoIncrementSlopeAsync(slope: Slope { SlopeID = 194, SlopeName = slopeName7a3496cc-c770-4d19-8d7b-c3b519676678, IsOpen = True, DifficultyLevel = 232, ConnectedLifts =  })" storage="/mnt/c/users/alena/desktop/7_sem/testing_and_debugging/skiresort/integrationtests/bin/debug/net6.0/integrationtests.dll" id="0bda4eeb-db57-7dc1-d3c7-003f101a0c22">
      <Execution id="9ef4b91c-d560-42ee-93c9-5797d8478488" />
      <TestMethod codeBase="/mnt/c/Users/alena/Desktop/7_sem/testing_and_debugging/SkiResort/IntegrationTests/bin/Debug/net6.0/IntegrationTests.dll" adapterTypeName="executor://xunit/VsTestRunner2/netcoreapp" className="IntegrationTests.TestActionsWithSlopes" name="TestAdminAddAutoIncrementSlopeAsync" />
    </UnitTest>
    <UnitTest name="IntegrationTests.TestActionsWithTurnstiles.TestAdminDeleteTurnstileAsync(turnstile: Turnstile { TurnstileID = 132, LiftID = 36, IsOpen = True })" storage="/mnt/c/users/alena/desktop/7_sem/testing_and_debugging/skiresort/integrationtests/bin/debug/net6.0/integrationtests.dll" id="295d2d3a-d55d-68ab-a683-33e0e68e54c3">
      <Execution id="11f6f6e4-0467-47df-b33e-e4ad113dfdde" />
      <TestMethod codeBase="/mnt/c/Users/alena/Desktop/7_sem/testing_and_debugging/SkiResort/IntegrationTests/bin/Debug/net6.0/IntegrationTests.dll" adapterTypeName="executor://xunit/VsTestRunner2/netcoreapp" className="IntegrationTests.TestActionsWithTurnstiles" name="TestAdminDeleteTurnstileAsync" />
    </UnitTest>
    <UnitTest name="IntegrationTests.TestActionsWithUsers.TestRegisterUserWithNoEmail" storage="/mnt/c/users/alena/desktop/7_sem/testing_and_debugging/skiresort/integrationtests/bin/debug/net6.0/integrationtests.dll" id="48375cbc-003d-d0fc-ff6a-cfef4b266dfb">
      <Execution id="5222d70e-ec46-483e-a59d-0dc30c3c649d" />
      <TestMethod codeBase="/mnt/c/Users/alena/Desktop/7_sem/testing_and_debugging/SkiResort/IntegrationTests/bin/Debug/net6.0/IntegrationTests.dll" adapterTypeName="executor://xunit/VsTestRunner2/netcoreapp" className="IntegrationTests.TestActionsWithUsers" name="TestRegisterUserWithNoEmail" />
    </UnitTest>
    <UnitTest name="IntegrationTests.TestActionsWithUsers.TestLogInOk" storage="/mnt/c/users/alena/desktop/7_sem/testing_and_debugging/skiresort/integrationtests/bin/debug/net6.0/integrationtests.dll" id="45fe0df1-c885-2f7e-8187-832190c2786d">
      <Execution id="0cb10c5d-2252-4756-ac89-e25336df6cc6" />
      <TestMethod codeBase="/mnt/c/Users/alena/Desktop/7_sem/testing_and_debugging/SkiResort/IntegrationTests/bin/Debug/net6.0/IntegrationTests.dll" adapterTypeName="executor://xunit/VsTestRunner2/netcoreapp" className="IntegrationTests.TestActionsWithUsers" name="TestLogInOk" />
    </UnitTest>
    <UnitTest name="IntegrationTests.TestActionsWithLiftsLifts.TestGetLiftsInfoAsync(initialLifts: [Lift { LiftID = 5, LiftName = liftNameb4d4516b-f1c9-4fdd-b294-ec970d4bea5b, IsOpen = True, SeatsAmount = 245, LiftingTime = 175, QueueTime = 183, ConnectedSlopes =  }, Lift { LiftID = 47, LiftName = liftName14ada511-9c4f-4261-a38b-b81282ee2572, IsOpen = False, SeatsAmount = 45, LiftingTime = 191, QueueTime = 99, ConnectedSlopes =  }, Lift { LiftID = 221, LiftNam..." storage="/mnt/c/users/alena/desktop/7_sem/testing_and_debugging/skiresort/integrationtests/bin/debug/net6.0/integrationtests.dll" id="e54a4cee-e2a1-889e-b4cd-647e25b91df6">
      <Execution id="031581d0-1afd-48d3-8cee-0d00743ca531" />
      <TestMethod codeBase="/mnt/c/Users/alena/Desktop/7_sem/testing_and_debugging/SkiResort/IntegrationTests/bin/Debug/net6.0/IntegrationTests.dll" adapterTypeName="executor://xunit/VsTestRunner2/netcoreapp" className="IntegrationTests.TestActionsWithLiftsLifts" name="TestGetLiftsInfoAsync" />
    </UnitTest>
    <UnitTest name="IntegrationTests.TestActionsWithLiftsSlopes.TestGetLiftsSlopesInfoAsync(liftsSlopes: [LiftSlope { RecordID = 74, LiftID = 221, SlopeID = 21 }, LiftSlope { RecordID = 70, LiftID = 5, SlopeID = 139 }, LiftSlope { RecordID = 170, LiftID = 220, SlopeID = 34 }])" storage="/mnt/c/users/alena/desktop/7_sem/testing_and_debugging/skiresort/integrationtests/bin/debug/net6.0/integrationtests.dll" id="63be1f92-7da8-a66e-02df-a6e75143687a">
      <Execution id="e096f59b-4be1-4a89-ab1a-322334fb2dda" />
      <TestMethod codeBase="/mnt/c/Users/alena/Desktop/7_sem/testing_and_debugging/SkiResort/IntegrationTests/bin/Debug/net6.0/IntegrationTests.dll" adapterTypeName="executor://xunit/VsTestRunner2/netcoreapp" className="IntegrationTests.TestActionsWithLiftsSlopes" name="TestGetLiftsSlopesInfoAsync" />
    </UnitTest>
    <UnitTest name="IntegrationTests.TestActionsWithLiftsLifts.TestAdminDeleteLiftAsync(lift: Lift { LiftID = 243, LiftName = liftName765fa194-4c0b-445b-a58b-dc39bb4e4a14, IsOpen = True, SeatsAmount = 99, LiftingTime = 132, QueueTime = 23, ConnectedSlopes =  })" storage="/mnt/c/users/alena/desktop/7_sem/testing_and_debugging/skiresort/integrationtests/bin/debug/net6.0/integrationtests.dll" id="2b5c2de4-a358-e0c0-b38b-0d951326b427">
      <Execution id="f1749702-63cc-4dd8-9ee9-65f0821e3e5e" />
      <TestMethod codeBase="/mnt/c/Users/alena/Desktop/7_sem/testing_and_debugging/SkiResort/IntegrationTests/bin/Debug/net6.0/IntegrationTests.dll" adapterTypeName="executor://xunit/VsTestRunner2/netcoreapp" className="IntegrationTests.TestActionsWithLiftsLifts" name="TestAdminDeleteLiftAsync" />
    </UnitTest>
    <UnitTest name="IntegrationTests.TestActionsWithLiftsLifts.TestUpdateLiftInfoAsync(lift: Lift { LiftID = 202, LiftName = liftName8d884b92-0f8d-4aa0-8c7a-0ada8f85a8be, IsOpen = True, SeatsAmount = 214, LiftingTime = 175, QueueTime = 250, ConnectedSlopes =  })" storage="/mnt/c/users/alena/desktop/7_sem/testing_and_debugging/skiresort/integrationtests/bin/debug/net6.0/integrationtests.dll" id="a6560a22-d7ca-6d7d-0040-d471cf191ae5">
      <Execution id="ad2aa705-c965-43ee-bf2e-9f9594529011" />
      <TestMethod codeBase="/mnt/c/Users/alena/Desktop/7_sem/testing_and_debugging/SkiResort/IntegrationTests/bin/Debug/net6.0/IntegrationTests.dll" adapterTypeName="executor://xunit/VsTestRunner2/netcoreapp" className="IntegrationTests.TestActionsWithLiftsLifts" name="TestUpdateLiftInfoAsync" />
    </UnitTest>
    <UnitTest name="IntegrationTests.TestActionsWithLiftsSlopes.TestAdminAddAutoIncrementLiftSlopeAsync(lift: Lift { LiftID = 218, LiftName = liftName6e48ab68-5df6-475e-9234-1e01661fd86a, IsOpen = True, SeatsAmount = 212, LiftingTime = 106, QueueTime = 133, ConnectedSlopes =  }, slope: Slope { SlopeID = 141, SlopeName = slopeName50aa851f-8932-4a2a-8c87-4a12a33e84fd, IsOpen = False, DifficultyLevel = 49, ConnectedLifts =  })" storage="/mnt/c/users/alena/desktop/7_sem/testing_and_debugging/skiresort/integrationtests/bin/debug/net6.0/integrationtests.dll" id="5c828719-05e2-c6a8-5ae3-5e304d6c371a">
      <Execution id="cf560e98-45af-4624-8342-17e58d5086d4" />
      <TestMethod codeBase="/mnt/c/Users/alena/Desktop/7_sem/testing_and_debugging/SkiResort/IntegrationTests/bin/Debug/net6.0/IntegrationTests.dll" adapterTypeName="executor://xunit/VsTestRunner2/netcoreapp" className="IntegrationTests.TestActionsWithLiftsSlopes" name="TestAdminAddAutoIncrementLiftSlopeAsync" />
    </UnitTest>
    <UnitTest name="IntegrationTests.TestActionsWithUsers.TestRegisterUserWithRepeatedEmail" storage="/mnt/c/users/alena/desktop/7_sem/testing_and_debugging/skiresort/integrationtests/bin/debug/net6.0/integrationtests.dll" id="cb8eae24-e7ef-ed7e-d8e9-347d61b13b3a">
      <Execution id="96ecceb4-982c-479b-8d39-f84393a67974" />
      <TestMethod codeBase="/mnt/c/Users/alena/Desktop/7_sem/testing_and_debugging/SkiResort/IntegrationTests/bin/Debug/net6.0/IntegrationTests.dll" adapterTypeName="executor://xunit/VsTestRunner2/netcoreapp" className="IntegrationTests.TestActionsWithUsers" name="TestRegisterUserWithRepeatedEmail" />
    </UnitTest>
  </TestDefinitions>
  <TestEntries>
    <TestEntry testId="e54a4cee-e2a1-889e-b4cd-647e25b91df6" executionId="031581d0-1afd-48d3-8cee-0d00743ca531" testListId="8c84fa94-04c1-424b-9868-57a2d4851a1d" />
    <TestEntry testId="8dcdcd8f-790c-5404-dadc-af2c1b681418" executionId="99a228ed-6a11-466e-ada7-45d6d1dcc043" testListId="8c84fa94-04c1-424b-9868-57a2d4851a1d" />
    <TestEntry testId="0bda4eeb-db57-7dc1-d3c7-003f101a0c22" executionId="9ef4b91c-d560-42ee-93c9-5797d8478488" testListId="8c84fa94-04c1-424b-9868-57a2d4851a1d" />
    <TestEntry testId="593087f0-c7ab-1991-c3ee-af523cc03ada" executionId="9e7b6a7b-1c26-4a8e-8249-023c982b28fd" testListId="8c84fa94-04c1-424b-9868-57a2d4851a1d" />
    <TestEntry testId="682d3b16-d8d9-d658-4906-fcc748843214" executionId="5cc81d92-0111-461d-98e7-d7f760c9aa72" testListId="8c84fa94-04c1-424b-9868-57a2d4851a1d" />
    <TestEntry testId="295d2d3a-d55d-68ab-a683-33e0e68e54c3" executionId="11f6f6e4-0467-47df-b33e-e4ad113dfdde" testListId="8c84fa94-04c1-424b-9868-57a2d4851a1d" />
    <TestEntry testId="2b5c2de4-a358-e0c0-b38b-0d951326b427" executionId="f1749702-63cc-4dd8-9ee9-65f0821e3e5e" testListId="8c84fa94-04c1-424b-9868-57a2d4851a1d" />
    <TestEntry testId="5c828719-05e2-c6a8-5ae3-5e304d6c371a" executionId="cf560e98-45af-4624-8342-17e58d5086d4" testListId="8c84fa94-04c1-424b-9868-57a2d4851a1d" />
    <TestEntry testId="1bb4aaa9-a315-7ce3-0d26-65cfcaefc198" executionId="68414b19-3f97-4f4c-9068-c1ae37ccfebb" testListId="8c84fa94-04c1-424b-9868-57a2d4851a1d" />
    <TestEntry testId="a6560a22-d7ca-6d7d-0040-d471cf191ae5" executionId="ad2aa705-c965-43ee-bf2e-9f9594529011" testListId="8c84fa94-04c1-424b-9868-57a2d4851a1d" />
    <TestEntry testId="6040108e-5acb-f84a-f32f-4599d205ea74" executionId="24bdba2e-fe21-4592-a6b3-bab5e3e6a3e5" testListId="8c84fa94-04c1-424b-9868-57a2d4851a1d" />
    <TestEntry testId="7e358eb7-44ca-f84e-47b5-4b215ae9a95e" executionId="d72a6cd9-55d0-480a-bad9-b72becb1892a" testListId="8c84fa94-04c1-424b-9868-57a2d4851a1d" />
    <TestEntry testId="48375cbc-003d-d0fc-ff6a-cfef4b266dfb" executionId="5222d70e-ec46-483e-a59d-0dc30c3c649d" testListId="8c84fa94-04c1-424b-9868-57a2d4851a1d" />
    <TestEntry testId="20f25534-7747-906c-0395-9480c1072b18" executionId="126297c2-2bd6-4b8c-9624-ff696ce52571" testListId="8c84fa94-04c1-424b-9868-57a2d4851a1d" />
    <TestEntry testId="469b101f-8633-a685-8d5b-bdbf8dc340c5" executionId="13799d0c-a299-46ec-a2b4-a9af60214351" testListId="8c84fa94-04c1-424b-9868-57a2d4851a1d" />
    <TestEntry testId="640a72f6-5583-6636-1a54-8396abe99588" executionId="5fcdda6d-6c58-4fbc-b8e5-f7d340270e80" testListId="8c84fa94-04c1-424b-9868-57a2d4851a1d" />
    <TestEntry testId="31e5accb-ef74-b9cd-2f17-7a5c5df4413f" executionId="079ca766-0a2f-4b82-8816-79ea7461ddc0" testListId="8c84fa94-04c1-424b-9868-57a2d4851a1d" />
    <TestEntry testId="63be1f92-7da8-a66e-02df-a6e75143687a" executionId="e096f59b-4be1-4a89-ab1a-322334fb2dda" testListId="8c84fa94-04c1-424b-9868-57a2d4851a1d" />
    <TestEntry testId="61a0d3cb-1290-855e-f649-c3c1c190f4b1" executionId="562a3d3e-53b8-4610-9a37-749c7eba5a48" testListId="8c84fa94-04c1-424b-9868-57a2d4851a1d" />
    <TestEntry testId="cb8eae24-e7ef-ed7e-d8e9-347d61b13b3a" executionId="96ecceb4-982c-479b-8d39-f84393a67974" testListId="8c84fa94-04c1-424b-9868-57a2d4851a1d" />
    <TestEntry testId="45fe0df1-c885-2f7e-8187-832190c2786d" executionId="0cb10c5d-2252-4756-ac89-e25336df6cc6" testListId="8c84fa94-04c1-424b-9868-57a2d4851a1d" />
    <TestEntry testId="3895b9ef-e4e5-ef1b-481b-510ded840e9c" executionId="b7ee3e55-bf43-4c8a-900b-68b35c09ecfc" testListId="8c84fa94-04c1-424b-9868-57a2d4851a1d" />
    <TestEntry testId="198a1ae3-83ab-ea18-2e21-87927dc980e2" executionId="cb86df9b-234b-482c-a9e6-c8c19fb64065" testListId="8c84fa94-04c1-424b-9868-57a2d4851a1d" />
    <TestEntry testId="362ac668-3d55-854e-fac7-cf1a3e33b5d3" executionId="c242e0ab-bbff-4f81-9d12-f998982043e3" testListId="8c84fa94-04c1-424b-9868-57a2d4851a1d" />
    <TestEntry testId="8a671bbd-a679-9554-80f7-33c777475820" executionId="c6c61b91-3f77-46d2-b28f-25a61587c75e" testListId="8c84fa94-04c1-424b-9868-57a2d4851a1d" />
    <TestEntry testId="0c3e088a-a0ad-1d8a-4fbc-8e5cc2b52dfb" executionId="464b8639-3380-43a2-af71-ef706dbe1877" testListId="8c84fa94-04c1-424b-9868-57a2d4851a1d" />
    <TestEntry testId="2c094617-b71c-90cc-ff4c-ceaaf37d8fc0" executionId="1a3ccae7-9329-4b82-9259-8102d23bbbb7" testListId="8c84fa94-04c1-424b-9868-57a2d4851a1d" />
    <TestEntry testId="d78ba6d0-dfa8-fa6f-4cc8-23966ee34980" executionId="3d7ac5c2-8277-421d-9c7b-38f6856bc78f" testListId="8c84fa94-04c1-424b-9868-57a2d4851a1d" />
    <TestEntry testId="479b875f-d623-ae0a-ff97-dc49a4f2a217" executionId="0c91b615-8cc3-4668-a1d7-25f1ae3217c5" testListId="8c84fa94-04c1-424b-9868-57a2d4851a1d" />
    <TestEntry testId="26a3ed7b-f58f-b931-d8c6-d1d1687098ba" executionId="7f5fb799-35e3-41ff-b9e9-0de04e8e9301" testListId="8c84fa94-04c1-424b-9868-57a2d4851a1d" />
  </TestEntries>
  <TestLists>
    <TestList name="Results Not in a List" id="8c84fa94-04c1-424b-9868-57a2d4851a1d" />
    <TestList name="All Loaded Results" id="19431567-8539-422a-85d7-44ee4e166bda" />
  </TestLists>
  <ResultSummary outcome="Completed">
    <Counters total="30" executed="30" passed="30" failed="0" error="0" timeout="0" aborted="0" inconclusive="0" passedButRunAborted="0" notRunnable="0" notExecuted="0" disconnected="0" warning="0" completed="0" inProgress="0" pending="0" />
    <Output>
      <StdOut>[xUnit.net 00:00:00.00] xUnit.net VSTest Adapter v2.4.3+1b45f5407b (64-bit .NET 6.0.10)
[xUnit.net 00:00:01.11]   Discovering: IntegrationTests
[xUnit.net 00:00:01.23]   Discovered:  IntegrationTests
[xUnit.net 00:00:01.23]   Starting:    IntegrationTests
[xUnit.net 00:00:20.58]   Finished:    IntegrationTests
</StdOut>
    </Output>
  </ResultSummary>
</TestRun>