<?xml version="1.0" encoding="utf-8"?>
<TestRun id="8dd40ea5-b17f-4a58-9565-2f29ef5f81bd" name="@DESKTOP-TJ9D65N 2022-10-31 14:48:05" xmlns="http://microsoft.com/schemas/VisualStudio/TeamTest/2010">
  <Times creation="2022-10-31T14:48:05.1083142+03:00" queuing="2022-10-31T14:48:05.1083144+03:00" start="2022-10-31T14:48:01.1534344+03:00" finish="2022-10-31T14:48:23.5858508+03:00" />
  <TestSettings name="default" id="7150e7df-e769-4c9f-ba98-ef889cf56d43">
    <Deployment runDeploymentRoot="_DESKTOP-TJ9D65N_2022-10-31_14_48_05" />
  </TestSettings>
  <Results>
    <UnitTestResult executionId="62a8ead3-12e4-4ccc-866c-1c6d2813adeb" testId="48375cbc-003d-d0fc-ff6a-cfef4b266dfb" testName="IntegrationTests.TestActionsWithUsers.TestRegisterUserWithNoEmail" computerName="DESKTOP-TJ9D65N" duration="00:00:00.5557241" startTime="2022-10-31T14:48:18.9045724+03:00" endTime="2022-10-31T14:48:18.9045725+03:00" testType="13cdc9d9-ddb5-4fa4-a97d-d965ccfc6d4b" outcome="Passed" testListId="8c84fa94-04c1-424b-9868-57a2d4851a1d" relativeResultsDirectory="62a8ead3-12e4-4ccc-866c-1c6d2813adeb" />
    <UnitTestResult executionId="adb17bbd-6515-4f72-a998-b3a0c838df7c" testId="61a0d3cb-1290-855e-f649-c3c1c190f4b1" testName="IntegrationTests.TestActionsWithUsers.TestAdminUpdateUser" computerName="DESKTOP-TJ9D65N" duration="00:00:00.6136598" startTime="2022-10-31T14:48:13.9163537+03:00" endTime="2022-10-31T14:48:13.9163539+03:00" testType="13cdc9d9-ddb5-4fa4-a97d-d965ccfc6d4b" outcome="Passed" testListId="8c84fa94-04c1-424b-9868-57a2d4851a1d" relativeResultsDirectory="adb17bbd-6515-4f72-a998-b3a0c838df7c" />
    <UnitTestResult executionId="343e51d4-a077-4c82-9c89-2d0b835e7f27" testId="0576f4df-dfe1-be4d-d551-96ec28ca583b" testName="IntegrationTests.TestActionsWithSlopes.TestAdminAddSlopeAsync(slope: Slope { SlopeID = 215, SlopeName = slopeName6416f32e-6831-4646-b290-a22fa39e1930, IsOpen = True, DifficultyLevel = 109, ConnectedLifts =  })" computerName="DESKTOP-TJ9D65N" duration="00:00:00.6236704" startTime="2022-10-31T14:48:06.4895704+03:00" endTime="2022-10-31T14:48:06.4895710+03:00" testType="13cdc9d9-ddb5-4fa4-a97d-d965ccfc6d4b" outcome="Passed" testListId="8c84fa94-04c1-424b-9868-57a2d4851a1d" relativeResultsDirectory="343e51d4-a077-4c82-9c89-2d0b835e7f27" />
    <UnitTestResult executionId="2b31b6ba-7142-4657-959b-dc8a091e5d08" testId="95429486-5a01-7bad-2fe2-5d308d2e4dd7" testName="IntegrationTests.TestActionsWithTurnstiles.TestAdminDeleteTurnstileAsync(turnstile: Turnstile { TurnstileID = 118, LiftID = 249, IsOpen = True })" computerName="DESKTOP-TJ9D65N" duration="00:00:00.6205788" startTime="2022-10-31T14:48:23.3890679+03:00" endTime="2022-10-31T14:48:23.3890681+03:00" testType="13cdc9d9-ddb5-4fa4-a97d-d965ccfc6d4b" outcome="Passed" testListId="8c84fa94-04c1-424b-9868-57a2d4851a1d" relativeResultsDirectory="2b31b6ba-7142-4657-959b-dc8a091e5d08" />
    <UnitTestResult executionId="44a55d30-b782-42a8-a7f0-1bf109e29c30" testId="c1df4f9b-6ea9-323b-c1c5-5e4da3d2b9ff" testName="IntegrationTests.TestActionsWithSlopes.TestAdminDeleteSlopeAsync(slope: Slope { SlopeID = 93, SlopeName = slopeName56ab0bd4-ffff-4bc3-814a-6697d6287d62, IsOpen = True, DifficultyLevel = 238, ConnectedLifts =  })" computerName="DESKTOP-TJ9D65N" duration="00:00:00.6303109" startTime="2022-10-31T14:48:09.1575490+03:00" endTime="2022-10-31T14:48:09.1575492+03:00" testType="13cdc9d9-ddb5-4fa4-a97d-d965ccfc6d4b" outcome="Passed" testListId="8c84fa94-04c1-424b-9868-57a2d4851a1d" relativeResultsDirectory="44a55d30-b782-42a8-a7f0-1bf109e29c30" />
    <UnitTestResult executionId="0d89bad6-2d00-4510-9a5f-1e432898db45" testId="c25c3431-b7ea-0b5b-b7b5-ebd7c651b32a" testName="IntegrationTests.TestActionsWithSlopes.TestUpdateSlopeInfoAsync(slope: Slope { SlopeID = 157, SlopeName = slopeName718e1f41-1eed-42e3-ae96-2be0b7b5d8fe, IsOpen = True, DifficultyLevel = 110, ConnectedLifts =  })" computerName="DESKTOP-TJ9D65N" duration="00:00:00.6494923" startTime="2022-10-31T14:48:09.8396560+03:00" endTime="2022-10-31T14:48:09.8396563+03:00" testType="13cdc9d9-ddb5-4fa4-a97d-d965ccfc6d4b" outcome="Passed" testListId="8c84fa94-04c1-424b-9868-57a2d4851a1d" relativeResultsDirectory="0d89bad6-2d00-4510-9a5f-1e432898db45" />
    <UnitTestResult executionId="4cce75fa-d3b8-4505-bee6-05ffa2075c0e" testId="ac7822fe-f428-4c09-c18d-76b72180be63" testName="IntegrationTests.TestActionsWithTurnstiles.TestAdminAddAutoIncrementTurnstileAsync(turnstile: Turnstile { TurnstileID = 116, LiftID = 2, IsOpen = True })" computerName="DESKTOP-TJ9D65N" duration="00:00:00.6129414" startTime="2022-10-31T14:48:20.7448620+03:00" endTime="2022-10-31T14:48:20.7448622+03:00" testType="13cdc9d9-ddb5-4fa4-a97d-d965ccfc6d4b" outcome="Passed" testListId="8c84fa94-04c1-424b-9868-57a2d4851a1d" relativeResultsDirectory="4cce75fa-d3b8-4505-bee6-05ffa2075c0e" />
    <UnitTestResult executionId="eebadf4d-a758-4dff-9139-aece15782799" testId="593087f0-c7ab-1991-c3ee-af523cc03ada" testName="IntegrationTests.TestActionsWithUsers.TestAdminGetUserByIDAsync" computerName="DESKTOP-TJ9D65N" duration="00:00:00.5959875" startTime="2022-10-31T14:48:20.1092351+03:00" endTime="2022-10-31T14:48:20.1092352+03:00" testType="13cdc9d9-ddb5-4fa4-a97d-d965ccfc6d4b" outcome="Passed" testListId="8c84fa94-04c1-424b-9868-57a2d4851a1d" relativeResultsDirectory="eebadf4d-a758-4dff-9139-aece15782799" />
    <UnitTestResult executionId="9f089301-36b3-4868-851e-00b677d03673" testId="4b33aead-dfe0-6215-616d-9fb605375a2c" testName="IntegrationTests.TestActionsWithSlopes.TestAdminAddAutoIncrementSlopeAsync(slope: Slope { SlopeID = 81, SlopeName = slopeName4f6cdcc7-9c23-44b7-90b8-53dc2c1e07b5, IsOpen = True, DifficultyLevel = 243, ConnectedLifts =  })" computerName="DESKTOP-TJ9D65N" duration="00:00:00.6330972" startTime="2022-10-31T14:48:08.4964297+03:00" endTime="2022-10-31T14:48:08.4964298+03:00" testType="13cdc9d9-ddb5-4fa4-a97d-d965ccfc6d4b" outcome="Passed" testListId="8c84fa94-04c1-424b-9868-57a2d4851a1d" relativeResultsDirectory="9f089301-36b3-4868-851e-00b677d03673" />
    <UnitTestResult executionId="39c6a8cd-08c9-4952-83a8-57570919d648" testId="198a1ae3-83ab-ea18-2e21-87927dc980e2" testName="IntegrationTests.TestActionsWithUsers.TestRegisterUserWithNoPassword" computerName="DESKTOP-TJ9D65N" duration="00:00:00.5505312" startTime="2022-10-31T14:48:19.4837421+03:00" endTime="2022-10-31T14:48:19.4837425+03:00" testType="13cdc9d9-ddb5-4fa4-a97d-d965ccfc6d4b" outcome="Passed" testListId="8c84fa94-04c1-424b-9868-57a2d4851a1d" relativeResultsDirectory="39c6a8cd-08c9-4952-83a8-57570919d648" />
    <UnitTestResult executionId="f41f639d-c452-47b5-af16-857b4297db1c" testId="e54a4cee-e2a1-889e-b4cd-647e25b91df6" testName="IntegrationTests.TestActionsWithLiftsLifts.TestGetLiftsInfoAsync(initialLifts: [Lift { LiftID = 156, LiftName = liftName07b3ac7e-32c8-4ef8-895f-7c99d2b3214b, IsOpen = True, SeatsAmount = 137, LiftingTime = 225, QueueTime = 233, ConnectedSlopes =  }, Lift { LiftID = 178, LiftName = liftName439a6fb0-dfd5-4b22-a425-d43b2be06016, IsOpen = False, SeatsAmount = 183, LiftingTime = 204, QueueTime = 188, ConnectedSlopes =  }, Lift { LiftID = 43, LiftName = liftName2dc1125d-0866-4fdc-ace5-ebe57847e9f3, IsOpen = True, SeatsAmount = 187, LiftingTime = 32, QueueTime = 166, ConnectedSlopes =  }])" computerName="DESKTOP-TJ9D65N" duration="00:00:00.6805299" startTime="2022-10-31T14:48:11.2115964+03:00" endTime="2022-10-31T14:48:11.2115966+03:00" testType="13cdc9d9-ddb5-4fa4-a97d-d965ccfc6d4b" outcome="Passed" testListId="8c84fa94-04c1-424b-9868-57a2d4851a1d" relativeResultsDirectory="f41f639d-c452-47b5-af16-857b4297db1c" />
    <UnitTestResult executionId="ec95a5c6-979e-4951-95b5-95fcef10d08f" testId="63be1f92-7da8-a66e-02df-a6e75143687a" testName="IntegrationTests.TestActionsWithLiftsSlopes.TestGetLiftsSlopesInfoAsync(liftsSlopes: [LiftSlope { RecordID = 7, LiftID = 114, SlopeID = 236 }, LiftSlope { RecordID = 134, LiftID = 28, SlopeID = 60 }, LiftSlope { RecordID = 107, LiftID = 172, SlopeID = 94 }])" computerName="DESKTOP-TJ9D65N" duration="00:00:00.8077496" startTime="2022-10-31T14:48:04.3711682+03:00" endTime="2022-10-31T14:48:04.3712713+03:00" testType="13cdc9d9-ddb5-4fa4-a97d-d965ccfc6d4b" outcome="Passed" testListId="8c84fa94-04c1-424b-9868-57a2d4851a1d" relativeResultsDirectory="ec95a5c6-979e-4951-95b5-95fcef10d08f" />
    <UnitTestResult executionId="f4dff712-70b4-44fa-b726-5d2950d8b940" testId="83de1e7a-16f2-2895-f1d5-2a0633834676" testName="IntegrationTests.TestActionsWithLiftsLifts.TestGetLiftInfoAsync(lift: Lift { LiftID = 180, LiftName = liftNameb2dbe07c-947c-4d37-b88a-d7ef124218a9, IsOpen = True, SeatsAmount = 196, LiftingTime = 61, QueueTime = 37, ConnectedSlopes =  })" computerName="DESKTOP-TJ9D65N" duration="00:00:00.6195073" startTime="2022-10-31T14:48:10.4937317+03:00" endTime="2022-10-31T14:48:10.4937320+03:00" testType="13cdc9d9-ddb5-4fa4-a97d-d965ccfc6d4b" outcome="Passed" testListId="8c84fa94-04c1-424b-9868-57a2d4851a1d" relativeResultsDirectory="f4dff712-70b4-44fa-b726-5d2950d8b940" />
    <UnitTestResult executionId="c8571b6f-b2cc-4e3e-8c79-d0f06f104fec" testId="62b59e11-414a-e23b-5cdb-371ee20fcb1a" testName="IntegrationTests.TestActionsWithLiftsLifts.TestAdminAddAutoIncrementLiftAsync(lift: Lift { LiftID = 54, LiftName = liftName55205d1f-dd0d-47a6-a26f-2c6f33d8d4db, IsOpen = True, SeatsAmount = 33, LiftingTime = 11, QueueTime = 83, ConnectedSlopes =  })" computerName="DESKTOP-TJ9D65N" duration="00:00:00.6469184" startTime="2022-10-31T14:48:13.2673136+03:00" endTime="2022-10-31T14:48:13.2673140+03:00" testType="13cdc9d9-ddb5-4fa4-a97d-d965ccfc6d4b" outcome="Passed" testListId="8c84fa94-04c1-424b-9868-57a2d4851a1d" relativeResultsDirectory="c8571b6f-b2cc-4e3e-8c79-d0f06f104fec" />
    <UnitTestResult executionId="f5e0cb33-3bf7-42aa-adcd-e1f2ac72331e" testId="41bc2c12-a605-8ed4-93ed-858752b2b82f" testName="IntegrationTests.TestActionsWithLiftsSlopes.TestAdminAddAutoIncrementLiftSlopeAsync(lift: Lift { LiftID = 35, LiftName = liftNamed1e7185a-5ab4-439e-81a6-4454eaf1cd35, IsOpen = True, SeatsAmount = 123, LiftingTime = 218, QueueTime = 22, ConnectedSlopes =  }, slope: Slope { SlopeID = 26, SlopeName = slopeNamefaf4ed2c-7b8b-494f-8cac-b18a32e31797, IsOpen = False, DifficultyLevel = 172, ConnectedLifts =  })" computerName="DESKTOP-TJ9D65N" duration="00:00:00.6697760" startTime="2022-10-31T14:48:05.8372936+03:00" endTime="2022-10-31T14:48:05.8372937+03:00" testType="13cdc9d9-ddb5-4fa4-a97d-d965ccfc6d4b" outcome="Passed" testListId="8c84fa94-04c1-424b-9868-57a2d4851a1d" relativeResultsDirectory="f5e0cb33-3bf7-42aa-adcd-e1f2ac72331e" />
    <UnitTestResult executionId="42a77dab-6361-4204-8636-5db43d7430e0" testId="cb8eae24-e7ef-ed7e-d8e9-347d61b13b3a" testName="IntegrationTests.TestActionsWithUsers.TestRegisterUserWithRepeatedEmail" computerName="DESKTOP-TJ9D65N" duration="00:00:00.5862313" startTime="2022-10-31T14:48:15.7551311+03:00" endTime="2022-10-31T14:48:15.7551312+03:00" testType="13cdc9d9-ddb5-4fa4-a97d-d965ccfc6d4b" outcome="Passed" testListId="8c84fa94-04c1-424b-9868-57a2d4851a1d" relativeResultsDirectory="42a77dab-6361-4204-8636-5db43d7430e0" />
    <UnitTestResult executionId="c6840a06-afd5-48e8-94b5-77fae15692c6" testId="26a3ed7b-f58f-b931-d8c6-d1d1687098ba" testName="IntegrationTests.TestActionsWithUsers.TestAdminAddAutoIncrementUser" computerName="DESKTOP-TJ9D65N" duration="00:00:00.6119341" startTime="2022-10-31T14:48:14.5380937+03:00" endTime="2022-10-31T14:48:14.5380938+03:00" testType="13cdc9d9-ddb5-4fa4-a97d-d965ccfc6d4b" outcome="Passed" testListId="8c84fa94-04c1-424b-9868-57a2d4851a1d" relativeResultsDirectory="c6840a06-afd5-48e8-94b5-77fae15692c6" />
    <UnitTestResult executionId="f8e85334-5534-4670-94dd-f9e0ac68c4ab" testId="89f80e35-a6b9-26d5-1a1b-2fd717a5582e" testName="IntegrationTests.TestActionsWithTurnstiles.TestAdminGetTurnstileAsync(turnstile: Turnstile { TurnstileID = 34, LiftID = 111, IsOpen = True })" computerName="DESKTOP-TJ9D65N" duration="00:00:00.6096535" startTime="2022-10-31T14:48:22.7332316+03:00" endTime="2022-10-31T14:48:22.7332321+03:00" testType="13cdc9d9-ddb5-4fa4-a97d-d965ccfc6d4b" outcome="Passed" testListId="8c84fa94-04c1-424b-9868-57a2d4851a1d" relativeResultsDirectory="f8e85334-5534-4670-94dd-f9e0ac68c4ab" />
    <UnitTestResult executionId="735a8fb9-6ab6-4f70-abf0-fd37c42aa9ef" testId="841ba8ee-e409-9969-d929-ca91f1893d75" testName="IntegrationTests.TestActionsWithLiftsSlopes.TestAdminDeleteLiftSlopeAsync(lift: Lift { LiftID = 4, LiftName = liftName80798a2d-5be2-4568-88ba-cc04e8674ff1, IsOpen = True, SeatsAmount = 171, LiftingTime = 194, QueueTime = 84, ConnectedSlopes =  }, slope: Slope { SlopeID = 157, SlopeName = slopeName91539635-95ff-44bc-8adb-7f40daf48b74, IsOpen = False, DifficultyLevel = 227, ConnectedLifts =  })" computerName="DESKTOP-TJ9D65N" duration="00:00:00.7267415" startTime="2022-10-31T14:48:05.1531384+03:00" endTime="2022-10-31T14:48:05.1531385+03:00" testType="13cdc9d9-ddb5-4fa4-a97d-d965ccfc6d4b" outcome="Passed" testListId="8c84fa94-04c1-424b-9868-57a2d4851a1d" relativeResultsDirectory="735a8fb9-6ab6-4f70-abf0-fd37c42aa9ef" />
    <UnitTestResult executionId="3956a09f-2a27-4d2d-9b30-a0396d998cef" testId="edec25a7-8fec-a986-be42-369d3e9526d1" testName="IntegrationTests.TestActionsWithTurnstiles.TestAdminUpdateTurnstileAsync(turnstile: Turnstile { TurnstileID = 62, LiftID = 205, IsOpen = True })" computerName="DESKTOP-TJ9D65N" duration="00:00:00.6299623" startTime="2022-10-31T14:48:22.0901713+03:00" endTime="2022-10-31T14:48:22.0901715+03:00" testType="13cdc9d9-ddb5-4fa4-a97d-d965ccfc6d4b" outcome="Passed" testListId="8c84fa94-04c1-424b-9868-57a2d4851a1d" relativeResultsDirectory="3956a09f-2a27-4d2d-9b30-a0396d998cef" />
    <UnitTestResult executionId="a46a0410-1892-4c4b-b651-94cdb953e01e" testId="45fe0df1-c885-2f7e-8187-832190c2786d" testName="IntegrationTests.TestActionsWithUsers.TestLogInOk" computerName="DESKTOP-TJ9D65N" duration="00:00:00.5836717" startTime="2022-10-31T14:48:15.1522096+03:00" endTime="2022-10-31T14:48:15.1522097+03:00" testType="13cdc9d9-ddb5-4fa4-a97d-d965ccfc6d4b" outcome="Passed" testListId="8c84fa94-04c1-424b-9868-57a2d4851a1d" relativeResultsDirectory="a46a0410-1892-4c4b-b651-94cdb953e01e" />
    <UnitTestResult executionId="53715b82-c55e-4b84-8e5f-f118d9597414" testId="e99d1655-0b1c-5e3b-2b37-96a41b46ed40" testName="IntegrationTests.TestActionsWithLiftsLifts.TestAdminDeleteLiftAsync(lift: Lift { LiftID = 11, LiftName = liftName20de59e6-9287-4067-a76e-35ea508caa88, IsOpen = True, SeatsAmount = 220, LiftingTime = 89, QueueTime = 246, ConnectedSlopes =  })" computerName="DESKTOP-TJ9D65N" duration="00:00:00.6542837" startTime="2022-10-31T14:48:11.8992435+03:00" endTime="2022-10-31T14:48:11.8992438+03:00" testType="13cdc9d9-ddb5-4fa4-a97d-d965ccfc6d4b" outcome="Passed" testListId="8c84fa94-04c1-424b-9868-57a2d4851a1d" relativeResultsDirectory="53715b82-c55e-4b84-8e5f-f118d9597414" />
    <UnitTestResult executionId="733c0740-3d06-48f2-97af-6cafbe125ef7" testId="d78ba6d0-dfa8-fa6f-4cc8-23966ee34980" testName="IntegrationTests.TestActionsWithUsers.TestRegisterOk" computerName="DESKTOP-TJ9D65N" duration="00:00:00.6136382" startTime="2022-10-31T14:48:17.0064553+03:00" endTime="2022-10-31T14:48:17.0064558+03:00" testType="13cdc9d9-ddb5-4fa4-a97d-d965ccfc6d4b" outcome="Passed" testListId="8c84fa94-04c1-424b-9868-57a2d4851a1d" relativeResultsDirectory="733c0740-3d06-48f2-97af-6cafbe125ef7" />
    <UnitTestResult executionId="089fe517-6596-4713-84aa-fe3785ab3538" testId="3d2f2b45-f156-7e86-a57c-598d43b2ea8e" testName="IntegrationTests.TestActionsWithLiftsLifts.TestUpdateLiftInfoAsync(lift: Lift { LiftID = 8, LiftName = liftNamec458e52f-3c81-49e3-bfe4-1d8acb04f356, IsOpen = True, SeatsAmount = 44, LiftingTime = 221, QueueTime = 228, ConnectedSlopes =  })" computerName="DESKTOP-TJ9D65N" duration="00:00:00.6538520" startTime="2022-10-31T14:48:12.5867209+03:00" endTime="2022-10-31T14:48:12.5867212+03:00" testType="13cdc9d9-ddb5-4fa4-a97d-d965ccfc6d4b" outcome="Passed" testListId="8c84fa94-04c1-424b-9868-57a2d4851a1d" relativeResultsDirectory="089fe517-6596-4713-84aa-fe3785ab3538" />
    <UnitTestResult executionId="d33387c1-349d-45e6-92e3-1a0bd5d5816f" testId="682d3b16-d8d9-d658-4906-fcc748843214" testName="IntegrationTests.TestActionsWithUsers.TestAdminGetUsers" computerName="DESKTOP-TJ9D65N" duration="00:00:00.6076545" startTime="2022-10-31T14:48:18.3160933+03:00" endTime="2022-10-31T14:48:18.3160943+03:00" testType="13cdc9d9-ddb5-4fa4-a97d-d965ccfc6d4b" outcome="Passed" testListId="8c84fa94-04c1-424b-9868-57a2d4851a1d" relativeResultsDirectory="d33387c1-349d-45e6-92e3-1a0bd5d5816f" />
    <UnitTestResult executionId="9bb9ed71-afea-4f41-bee1-aeca7bba2ad5" testId="50895ae4-0920-1735-1093-e6c6169c7e97" testName="IntegrationTests.TestActionsWithSlopes.TestGetSlopeInfoAsync(slope: Slope { SlopeID = 250, SlopeName = slopeName887829ed-ae7f-432c-851f-12b14aeaac55, IsOpen = True, DifficultyLevel = 157, ConnectedLifts =  })" computerName="DESKTOP-TJ9D65N" duration="00:00:00.6145027" startTime="2022-10-31T14:48:07.1373572+03:00" endTime="2022-10-31T14:48:07.1373574+03:00" testType="13cdc9d9-ddb5-4fa4-a97d-d965ccfc6d4b" outcome="Passed" testListId="8c84fa94-04c1-424b-9868-57a2d4851a1d" relativeResultsDirectory="9bb9ed71-afea-4f41-bee1-aeca7bba2ad5" />
    <UnitTestResult executionId="33b03ba7-86e7-4453-8baf-762110a386be" testId="8a671bbd-a679-9554-80f7-33c777475820" testName="IntegrationTests.TestActionsWithTurnstiles.TestAdminGetTurnstilesAsync(initialTurnstiles: [Turnstile { TurnstileID = 20, LiftID = 251, IsOpen = True }, Turnstile { TurnstileID = 77, LiftID = 228, IsOpen = False }, Turnstile { TurnstileID = 188, LiftID = 78, IsOpen = True }])" computerName="DESKTOP-TJ9D65N" duration="00:00:00.6658425" startTime="2022-10-31T14:48:21.4410121+03:00" endTime="2022-10-31T14:48:21.4410123+03:00" testType="13cdc9d9-ddb5-4fa4-a97d-d965ccfc6d4b" outcome="Passed" testListId="8c84fa94-04c1-424b-9868-57a2d4851a1d" relativeResultsDirectory="33b03ba7-86e7-4453-8baf-762110a386be" />
    <UnitTestResult executionId="658f3d5a-380e-433b-b447-6224ecfd53fc" testId="640a72f6-5583-6636-1a54-8396abe99588" testName="IntegrationTests.TestActionsWithUsers.TestAdminDeleteUser" computerName="DESKTOP-TJ9D65N" duration="00:00:00.6311477" startTime="2022-10-31T14:48:17.6714821+03:00" endTime="2022-10-31T14:48:17.6714826+03:00" testType="13cdc9d9-ddb5-4fa4-a97d-d965ccfc6d4b" outcome="Passed" testListId="8c84fa94-04c1-424b-9868-57a2d4851a1d" relativeResultsDirectory="658f3d5a-380e-433b-b447-6224ecfd53fc" />
    <UnitTestResult executionId="3bc771b7-8fec-4669-95b7-5c6f00b8f430" testId="479b875f-d623-ae0a-ff97-dc49a4f2a217" testName="IntegrationTests.TestActionsWithUsers.TestLogInWithWrongPassword" computerName="DESKTOP-TJ9D65N" duration="00:00:00.5825487" startTime="2022-10-31T14:48:16.3548168+03:00" endTime="2022-10-31T14:48:16.3548171+03:00" testType="13cdc9d9-ddb5-4fa4-a97d-d965ccfc6d4b" outcome="Passed" testListId="8c84fa94-04c1-424b-9868-57a2d4851a1d" relativeResultsDirectory="3bc771b7-8fec-4669-95b7-5c6f00b8f430" />
    <UnitTestResult executionId="93bea819-3877-4abc-ae2f-d9952d0201df" testId="469b101f-8633-a685-8d5b-bdbf8dc340c5" testName="IntegrationTests.TestActionsWithSlopes.TestGetSlopesInfoAsync(initialSlopes: [Slope { SlopeID = 206, SlopeName = slopeName85e3c465-ac3c-4ee2-9102-6727004422d5, IsOpen = True, DifficultyLevel = 207, ConnectedLifts =  }, Slope { SlopeID = 13, SlopeName = slopeName82cc7e46-493e-4815-be05-5919938bc9c3, IsOpen = False, DifficultyLevel = 86, ConnectedLifts =  }, Slope { SlopeID = 112, SlopeName = slopeName8cad07ea-5a75-4b7b-bf8f-60dd6530b9b6, IsOpen = True, DifficultyLevel = 66, ConnectedLifts =  }])" computerName="DESKTOP-TJ9D65N" duration="00:00:00.6776933" startTime="2022-10-31T14:48:07.8306314+03:00" endTime="2022-10-31T14:48:07.8306317+03:00" testType="13cdc9d9-ddb5-4fa4-a97d-d965ccfc6d4b" outcome="Passed" testListId="8c84fa94-04c1-424b-9868-57a2d4851a1d" relativeResultsDirectory="93bea819-3877-4abc-ae2f-d9952d0201df" />
  </Results>
  <TestDefinitions>
    <UnitTest name="IntegrationTests.TestActionsWithLiftsLifts.TestAdminAddAutoIncrementLiftAsync(lift: Lift { LiftID = 54, LiftName = liftName55205d1f-dd0d-47a6-a26f-2c6f33d8d4db, IsOpen = True, SeatsAmount = 33, LiftingTime = 11, QueueTime = 83, ConnectedSlopes =  })" storage="/mnt/c/users/alena/desktop/7_sem/testing_and_debugging/skiresort/integrationtests/bin/debug/net6.0/integrationtests.dll" id="62b59e11-414a-e23b-5cdb-371ee20fcb1a">
      <Execution id="c8571b6f-b2cc-4e3e-8c79-d0f06f104fec" />
      <TestMethod codeBase="/mnt/c/Users/alena/Desktop/7_sem/testing_and_debugging/SkiResort/IntegrationTests/bin/Debug/net6.0/IntegrationTests.dll" adapterTypeName="executor://xunit/VsTestRunner2/netcoreapp" className="IntegrationTests.TestActionsWithLiftsLifts" name="TestAdminAddAutoIncrementLiftAsync" />
    </UnitTest>
    <UnitTest name="IntegrationTests.TestActionsWithTurnstiles.TestAdminAddAutoIncrementTurnstileAsync(turnstile: Turnstile { TurnstileID = 116, LiftID = 2, IsOpen = True })" storage="/mnt/c/users/alena/desktop/7_sem/testing_and_debugging/skiresort/integrationtests/bin/debug/net6.0/integrationtests.dll" id="ac7822fe-f428-4c09-c18d-76b72180be63">
      <Execution id="4cce75fa-d3b8-4505-bee6-05ffa2075c0e" />
      <TestMethod codeBase="/mnt/c/Users/alena/Desktop/7_sem/testing_and_debugging/SkiResort/IntegrationTests/bin/Debug/net6.0/IntegrationTests.dll" adapterTypeName="executor://xunit/VsTestRunner2/netcoreapp" className="IntegrationTests.TestActionsWithTurnstiles" name="TestAdminAddAutoIncrementTurnstileAsync" />
    </UnitTest>
    <UnitTest name="IntegrationTests.TestActionsWithTurnstiles.TestAdminDeleteTurnstileAsync(turnstile: Turnstile { TurnstileID = 118, LiftID = 249, IsOpen = True })" storage="/mnt/c/users/alena/desktop/7_sem/testing_and_debugging/skiresort/integrationtests/bin/debug/net6.0/integrationtests.dll" id="95429486-5a01-7bad-2fe2-5d308d2e4dd7">
      <Execution id="2b31b6ba-7142-4657-959b-dc8a091e5d08" />
      <TestMethod codeBase="/mnt/c/Users/alena/Desktop/7_sem/testing_and_debugging/SkiResort/IntegrationTests/bin/Debug/net6.0/IntegrationTests.dll" adapterTypeName="executor://xunit/VsTestRunner2/netcoreapp" className="IntegrationTests.TestActionsWithTurnstiles" name="TestAdminDeleteTurnstileAsync" />
    </UnitTest>
    <UnitTest name="IntegrationTests.TestActionsWithSlopes.TestUpdateSlopeInfoAsync(slope: Slope { SlopeID = 157, SlopeName = slopeName718e1f41-1eed-42e3-ae96-2be0b7b5d8fe, IsOpen = True, DifficultyLevel = 110, ConnectedLifts =  })" storage="/mnt/c/users/alena/desktop/7_sem/testing_and_debugging/skiresort/integrationtests/bin/debug/net6.0/integrationtests.dll" id="c25c3431-b7ea-0b5b-b7b5-ebd7c651b32a">
      <Execution id="0d89bad6-2d00-4510-9a5f-1e432898db45" />
      <TestMethod codeBase="/mnt/c/Users/alena/Desktop/7_sem/testing_and_debugging/SkiResort/IntegrationTests/bin/Debug/net6.0/IntegrationTests.dll" adapterTypeName="executor://xunit/VsTestRunner2/netcoreapp" className="IntegrationTests.TestActionsWithSlopes" name="TestUpdateSlopeInfoAsync" />
    </UnitTest>
    <UnitTest name="IntegrationTests.TestActionsWithUsers.TestRegisterOk" storage="/mnt/c/users/alena/desktop/7_sem/testing_and_debugging/skiresort/integrationtests/bin/debug/net6.0/integrationtests.dll" id="d78ba6d0-dfa8-fa6f-4cc8-23966ee34980">
      <Execution id="733c0740-3d06-48f2-97af-6cafbe125ef7" />
      <TestMethod codeBase="/mnt/c/Users/alena/Desktop/7_sem/testing_and_debugging/SkiResort/IntegrationTests/bin/Debug/net6.0/IntegrationTests.dll" adapterTypeName="executor://xunit/VsTestRunner2/netcoreapp" className="IntegrationTests.TestActionsWithUsers" name="TestRegisterOk" />
    </UnitTest>
    <UnitTest name="IntegrationTests.TestActionsWithUsers.TestLogInWithWrongPassword" storage="/mnt/c/users/alena/desktop/7_sem/testing_and_debugging/skiresort/integrationtests/bin/debug/net6.0/integrationtests.dll" id="479b875f-d623-ae0a-ff97-dc49a4f2a217">
      <Execution id="3bc771b7-8fec-4669-95b7-5c6f00b8f430" />
      <TestMethod codeBase="/mnt/c/Users/alena/Desktop/7_sem/testing_and_debugging/SkiResort/IntegrationTests/bin/Debug/net6.0/IntegrationTests.dll" adapterTypeName="executor://xunit/VsTestRunner2/netcoreapp" className="IntegrationTests.TestActionsWithUsers" name="TestLogInWithWrongPassword" />
    </UnitTest>
    <UnitTest name="IntegrationTests.TestActionsWithSlopes.TestAdminAddAutoIncrementSlopeAsync(slope: Slope { SlopeID = 81, SlopeName = slopeName4f6cdcc7-9c23-44b7-90b8-53dc2c1e07b5, IsOpen = True, DifficultyLevel = 243, ConnectedLifts =  })" storage="/mnt/c/users/alena/desktop/7_sem/testing_and_debugging/skiresort/integrationtests/bin/debug/net6.0/integrationtests.dll" id="4b33aead-dfe0-6215-616d-9fb605375a2c">
      <Execution id="9f089301-36b3-4868-851e-00b677d03673" />
      <TestMethod codeBase="/mnt/c/Users/alena/Desktop/7_sem/testing_and_debugging/SkiResort/IntegrationTests/bin/Debug/net6.0/IntegrationTests.dll" adapterTypeName="executor://xunit/VsTestRunner2/netcoreapp" className="IntegrationTests.TestActionsWithSlopes" name="TestAdminAddAutoIncrementSlopeAsync" />
    </UnitTest>
    <UnitTest name="IntegrationTests.TestActionsWithSlopes.TestGetSlopesInfoAsync(initialSlopes: [Slope { SlopeID = 206, SlopeName = slopeName85e3c465-ac3c-4ee2-9102-6727004422d5, IsOpen = True, DifficultyLevel = 207, ConnectedLifts =  }, Slope { SlopeID = 13, SlopeName = slopeName82cc7e46-493e-4815-be05-5919938bc9c3, IsOpen = False, DifficultyLevel = 86, ConnectedLifts =  }, Slope { SlopeID = 112, SlopeName = slopeName8cad07ea-5a75-4b7b-bf8f-60dd6530b9b6, IsO..." storage="/mnt/c/users/alena/desktop/7_sem/testing_and_debugging/skiresort/integrationtests/bin/debug/net6.0/integrationtests.dll" id="469b101f-8633-a685-8d5b-bdbf8dc340c5">
      <Execution id="93bea819-3877-4abc-ae2f-d9952d0201df" />
      <TestMethod codeBase="/mnt/c/Users/alena/Desktop/7_sem/testing_and_debugging/SkiResort/IntegrationTests/bin/Debug/net6.0/IntegrationTests.dll" adapterTypeName="executor://xunit/VsTestRunner2/netcoreapp" className="IntegrationTests.TestActionsWithSlopes" name="TestGetSlopesInfoAsync" />
    </UnitTest>
    <UnitTest name="IntegrationTests.TestActionsWithUsers.TestAdminUpdateUser" storage="/mnt/c/users/alena/desktop/7_sem/testing_and_debugging/skiresort/integrationtests/bin/debug/net6.0/integrationtests.dll" id="61a0d3cb-1290-855e-f649-c3c1c190f4b1">
      <Execution id="adb17bbd-6515-4f72-a998-b3a0c838df7c" />
      <TestMethod codeBase="/mnt/c/Users/alena/Desktop/7_sem/testing_and_debugging/SkiResort/IntegrationTests/bin/Debug/net6.0/IntegrationTests.dll" adapterTypeName="executor://xunit/VsTestRunner2/netcoreapp" className="IntegrationTests.TestActionsWithUsers" name="TestAdminUpdateUser" />
    </UnitTest>
    <UnitTest name="IntegrationTests.TestActionsWithLiftsSlopes.TestAdminAddAutoIncrementLiftSlopeAsync(lift: Lift { LiftID = 35, LiftName = liftNamed1e7185a-5ab4-439e-81a6-4454eaf1cd35, IsOpen = True, SeatsAmount = 123, LiftingTime = 218, QueueTime = 22, ConnectedSlopes =  }, slope: Slope { SlopeID = 26, SlopeName = slopeNamefaf4ed2c-7b8b-494f-8cac-b18a32e31797, IsOpen = False, DifficultyLevel = 172, ConnectedLifts =  })" storage="/mnt/c/users/alena/desktop/7_sem/testing_and_debugging/skiresort/integrationtests/bin/debug/net6.0/integrationtests.dll" id="41bc2c12-a605-8ed4-93ed-858752b2b82f">
      <Execution id="f5e0cb33-3bf7-42aa-adcd-e1f2ac72331e" />
      <TestMethod codeBase="/mnt/c/Users/alena/Desktop/7_sem/testing_and_debugging/SkiResort/IntegrationTests/bin/Debug/net6.0/IntegrationTests.dll" adapterTypeName="executor://xunit/VsTestRunner2/netcoreapp" className="IntegrationTests.TestActionsWithLiftsSlopes" name="TestAdminAddAutoIncrementLiftSlopeAsync" />
    </UnitTest>
    <UnitTest name="IntegrationTests.TestActionsWithUsers.TestAdminGetUserByIDAsync" storage="/mnt/c/users/alena/desktop/7_sem/testing_and_debugging/skiresort/integrationtests/bin/debug/net6.0/integrationtests.dll" id="593087f0-c7ab-1991-c3ee-af523cc03ada">
      <Execution id="eebadf4d-a758-4dff-9139-aece15782799" />
      <TestMethod codeBase="/mnt/c/Users/alena/Desktop/7_sem/testing_and_debugging/SkiResort/IntegrationTests/bin/Debug/net6.0/IntegrationTests.dll" adapterTypeName="executor://xunit/VsTestRunner2/netcoreapp" className="IntegrationTests.TestActionsWithUsers" name="TestAdminGetUserByIDAsync" />
    </UnitTest>
    <UnitTest name="IntegrationTests.TestActionsWithLiftsLifts.TestUpdateLiftInfoAsync(lift: Lift { LiftID = 8, LiftName = liftNamec458e52f-3c81-49e3-bfe4-1d8acb04f356, IsOpen = True, SeatsAmount = 44, LiftingTime = 221, QueueTime = 228, ConnectedSlopes =  })" storage="/mnt/c/users/alena/desktop/7_sem/testing_and_debugging/skiresort/integrationtests/bin/debug/net6.0/integrationtests.dll" id="3d2f2b45-f156-7e86-a57c-598d43b2ea8e">
      <Execution id="089fe517-6596-4713-84aa-fe3785ab3538" />
      <TestMethod codeBase="/mnt/c/Users/alena/Desktop/7_sem/testing_and_debugging/SkiResort/IntegrationTests/bin/Debug/net6.0/IntegrationTests.dll" adapterTypeName="executor://xunit/VsTestRunner2/netcoreapp" className="IntegrationTests.TestActionsWithLiftsLifts" name="TestUpdateLiftInfoAsync" />
    </UnitTest>
    <UnitTest name="IntegrationTests.TestActionsWithTurnstiles.TestAdminGetTurnstileAsync(turnstile: Turnstile { TurnstileID = 34, LiftID = 111, IsOpen = True })" storage="/mnt/c/users/alena/desktop/7_sem/testing_and_debugging/skiresort/integrationtests/bin/debug/net6.0/integrationtests.dll" id="89f80e35-a6b9-26d5-1a1b-2fd717a5582e">
      <Execution id="f8e85334-5534-4670-94dd-f9e0ac68c4ab" />
      <TestMethod codeBase="/mnt/c/Users/alena/Desktop/7_sem/testing_and_debugging/SkiResort/IntegrationTests/bin/Debug/net6.0/IntegrationTests.dll" adapterTypeName="executor://xunit/VsTestRunner2/netcoreapp" className="IntegrationTests.TestActionsWithTurnstiles" name="TestAdminGetTurnstileAsync" />
    </UnitTest>
    <UnitTest name="IntegrationTests.TestActionsWithTurnstiles.TestAdminGetTurnstilesAsync(initialTurnstiles: [Turnstile { TurnstileID = 20, LiftID = 251, IsOpen = True }, Turnstile { TurnstileID = 77, LiftID = 228, IsOpen = False }, Turnstile { TurnstileID = 188, LiftID = 78, IsOpen = True }])" storage="/mnt/c/users/alena/desktop/7_sem/testing_and_debugging/skiresort/integrationtests/bin/debug/net6.0/integrationtests.dll" id="8a671bbd-a679-9554-80f7-33c777475820">
      <Execution id="33b03ba7-86e7-4453-8baf-762110a386be" />
      <TestMethod codeBase="/mnt/c/Users/alena/Desktop/7_sem/testing_and_debugging/SkiResort/IntegrationTests/bin/Debug/net6.0/IntegrationTests.dll" adapterTypeName="executor://xunit/VsTestRunner2/netcoreapp" className="IntegrationTests.TestActionsWithTurnstiles" name="TestAdminGetTurnstilesAsync" />
    </UnitTest>
    <UnitTest name="IntegrationTests.TestActionsWithUsers.TestAdminGetUsers" storage="/mnt/c/users/alena/desktop/7_sem/testing_and_debugging/skiresort/integrationtests/bin/debug/net6.0/integrationtests.dll" id="682d3b16-d8d9-d658-4906-fcc748843214">
      <Execution id="d33387c1-349d-45e6-92e3-1a0bd5d5816f" />
      <TestMethod codeBase="/mnt/c/Users/alena/Desktop/7_sem/testing_and_debugging/SkiResort/IntegrationTests/bin/Debug/net6.0/IntegrationTests.dll" adapterTypeName="executor://xunit/VsTestRunner2/netcoreapp" className="IntegrationTests.TestActionsWithUsers" name="TestAdminGetUsers" />
    </UnitTest>
    <UnitTest name="IntegrationTests.TestActionsWithSlopes.TestGetSlopeInfoAsync(slope: Slope { SlopeID = 250, SlopeName = slopeName887829ed-ae7f-432c-851f-12b14aeaac55, IsOpen = True, DifficultyLevel = 157, ConnectedLifts =  })" storage="/mnt/c/users/alena/desktop/7_sem/testing_and_debugging/skiresort/integrationtests/bin/debug/net6.0/integrationtests.dll" id="50895ae4-0920-1735-1093-e6c6169c7e97">
      <Execution id="9bb9ed71-afea-4f41-bee1-aeca7bba2ad5" />
      <TestMethod codeBase="/mnt/c/Users/alena/Desktop/7_sem/testing_and_debugging/SkiResort/IntegrationTests/bin/Debug/net6.0/IntegrationTests.dll" adapterTypeName="executor://xunit/VsTestRunner2/netcoreapp" className="IntegrationTests.TestActionsWithSlopes" name="TestGetSlopeInfoAsync" />
    </UnitTest>
    <UnitTest name="IntegrationTests.TestActionsWithUsers.TestAdminDeleteUser" storage="/mnt/c/users/alena/desktop/7_sem/testing_and_debugging/skiresort/integrationtests/bin/debug/net6.0/integrationtests.dll" id="640a72f6-5583-6636-1a54-8396abe99588">
      <Execution id="658f3d5a-380e-433b-b447-6224ecfd53fc" />
      <TestMethod codeBase="/mnt/c/Users/alena/Desktop/7_sem/testing_and_debugging/SkiResort/IntegrationTests/bin/Debug/net6.0/IntegrationTests.dll" adapterTypeName="executor://xunit/VsTestRunner2/netcoreapp" className="IntegrationTests.TestActionsWithUsers" name="TestAdminDeleteUser" />
    </UnitTest>
    <UnitTest name="IntegrationTests.TestActionsWithTurnstiles.TestAdminUpdateTurnstileAsync(turnstile: Turnstile { TurnstileID = 62, LiftID = 205, IsOpen = True })" storage="/mnt/c/users/alena/desktop/7_sem/testing_and_debugging/skiresort/integrationtests/bin/debug/net6.0/integrationtests.dll" id="edec25a7-8fec-a986-be42-369d3e9526d1">
      <Execution id="3956a09f-2a27-4d2d-9b30-a0396d998cef" />
      <TestMethod codeBase="/mnt/c/Users/alena/Desktop/7_sem/testing_and_debugging/SkiResort/IntegrationTests/bin/Debug/net6.0/IntegrationTests.dll" adapterTypeName="executor://xunit/VsTestRunner2/netcoreapp" className="IntegrationTests.TestActionsWithTurnstiles" name="TestAdminUpdateTurnstileAsync" />
    </UnitTest>
    <UnitTest name="IntegrationTests.TestActionsWithUsers.TestAdminAddAutoIncrementUser" storage="/mnt/c/users/alena/desktop/7_sem/testing_and_debugging/skiresort/integrationtests/bin/debug/net6.0/integrationtests.dll" id="26a3ed7b-f58f-b931-d8c6-d1d1687098ba">
      <Execution id="c6840a06-afd5-48e8-94b5-77fae15692c6" />
      <TestMethod codeBase="/mnt/c/Users/alena/Desktop/7_sem/testing_and_debugging/SkiResort/IntegrationTests/bin/Debug/net6.0/IntegrationTests.dll" adapterTypeName="executor://xunit/VsTestRunner2/netcoreapp" className="IntegrationTests.TestActionsWithUsers" name="TestAdminAddAutoIncrementUser" />
    </UnitTest>
    <UnitTest name="IntegrationTests.TestActionsWithSlopes.TestAdminAddSlopeAsync(slope: Slope { SlopeID = 215, SlopeName = slopeName6416f32e-6831-4646-b290-a22fa39e1930, IsOpen = True, DifficultyLevel = 109, ConnectedLifts =  })" storage="/mnt/c/users/alena/desktop/7_sem/testing_and_debugging/skiresort/integrationtests/bin/debug/net6.0/integrationtests.dll" id="0576f4df-dfe1-be4d-d551-96ec28ca583b">
      <Execution id="343e51d4-a077-4c82-9c89-2d0b835e7f27" />
      <TestMethod codeBase="/mnt/c/Users/alena/Desktop/7_sem/testing_and_debugging/SkiResort/IntegrationTests/bin/Debug/net6.0/IntegrationTests.dll" adapterTypeName="executor://xunit/VsTestRunner2/netcoreapp" className="IntegrationTests.TestActionsWithSlopes" name="TestAdminAddSlopeAsync" />
    </UnitTest>
    <UnitTest name="IntegrationTests.TestActionsWithSlopes.TestAdminDeleteSlopeAsync(slope: Slope { SlopeID = 93, SlopeName = slopeName56ab0bd4-ffff-4bc3-814a-6697d6287d62, IsOpen = True, DifficultyLevel = 238, ConnectedLifts =  })" storage="/mnt/c/users/alena/desktop/7_sem/testing_and_debugging/skiresort/integrationtests/bin/debug/net6.0/integrationtests.dll" id="c1df4f9b-6ea9-323b-c1c5-5e4da3d2b9ff">
      <Execution id="44a55d30-b782-42a8-a7f0-1bf109e29c30" />
      <TestMethod codeBase="/mnt/c/Users/alena/Desktop/7_sem/testing_and_debugging/SkiResort/IntegrationTests/bin/Debug/net6.0/IntegrationTests.dll" adapterTypeName="executor://xunit/VsTestRunner2/netcoreapp" className="IntegrationTests.TestActionsWithSlopes" name="TestAdminDeleteSlopeAsync" />
    </UnitTest>
    <UnitTest name="IntegrationTests.TestActionsWithLiftsSlopes.TestAdminDeleteLiftSlopeAsync(lift: Lift { LiftID = 4, LiftName = liftName80798a2d-5be2-4568-88ba-cc04e8674ff1, IsOpen = True, SeatsAmount = 171, LiftingTime = 194, QueueTime = 84, ConnectedSlopes =  }, slope: Slope { SlopeID = 157, SlopeName = slopeName91539635-95ff-44bc-8adb-7f40daf48b74, IsOpen = False, DifficultyLevel = 227, ConnectedLifts =  })" storage="/mnt/c/users/alena/desktop/7_sem/testing_and_debugging/skiresort/integrationtests/bin/debug/net6.0/integrationtests.dll" id="841ba8ee-e409-9969-d929-ca91f1893d75">
      <Execution id="735a8fb9-6ab6-4f70-abf0-fd37c42aa9ef" />
      <TestMethod codeBase="/mnt/c/Users/alena/Desktop/7_sem/testing_and_debugging/SkiResort/IntegrationTests/bin/Debug/net6.0/IntegrationTests.dll" adapterTypeName="executor://xunit/VsTestRunner2/netcoreapp" className="IntegrationTests.TestActionsWithLiftsSlopes" name="TestAdminDeleteLiftSlopeAsync" />
    </UnitTest>
    <UnitTest name="IntegrationTests.TestActionsWithUsers.TestRegisterUserWithNoPassword" storage="/mnt/c/users/alena/desktop/7_sem/testing_and_debugging/skiresort/integrationtests/bin/debug/net6.0/integrationtests.dll" id="198a1ae3-83ab-ea18-2e21-87927dc980e2">
      <Execution id="39c6a8cd-08c9-4952-83a8-57570919d648" />
      <TestMethod codeBase="/mnt/c/Users/alena/Desktop/7_sem/testing_and_debugging/SkiResort/IntegrationTests/bin/Debug/net6.0/IntegrationTests.dll" adapterTypeName="executor://xunit/VsTestRunner2/netcoreapp" className="IntegrationTests.TestActionsWithUsers" name="TestRegisterUserWithNoPassword" />
    </UnitTest>
    <UnitTest name="IntegrationTests.TestActionsWithLiftsLifts.TestAdminDeleteLiftAsync(lift: Lift { LiftID = 11, LiftName = liftName20de59e6-9287-4067-a76e-35ea508caa88, IsOpen = True, SeatsAmount = 220, LiftingTime = 89, QueueTime = 246, ConnectedSlopes =  })" storage="/mnt/c/users/alena/desktop/7_sem/testing_and_debugging/skiresort/integrationtests/bin/debug/net6.0/integrationtests.dll" id="e99d1655-0b1c-5e3b-2b37-96a41b46ed40">
      <Execution id="53715b82-c55e-4b84-8e5f-f118d9597414" />
      <TestMethod codeBase="/mnt/c/Users/alena/Desktop/7_sem/testing_and_debugging/SkiResort/IntegrationTests/bin/Debug/net6.0/IntegrationTests.dll" adapterTypeName="executor://xunit/VsTestRunner2/netcoreapp" className="IntegrationTests.TestActionsWithLiftsLifts" name="TestAdminDeleteLiftAsync" />
    </UnitTest>
    <UnitTest name="IntegrationTests.TestActionsWithUsers.TestRegisterUserWithNoEmail" storage="/mnt/c/users/alena/desktop/7_sem/testing_and_debugging/skiresort/integrationtests/bin/debug/net6.0/integrationtests.dll" id="48375cbc-003d-d0fc-ff6a-cfef4b266dfb">
      <Execution id="62a8ead3-12e4-4ccc-866c-1c6d2813adeb" />
      <TestMethod codeBase="/mnt/c/Users/alena/Desktop/7_sem/testing_and_debugging/SkiResort/IntegrationTests/bin/Debug/net6.0/IntegrationTests.dll" adapterTypeName="executor://xunit/VsTestRunner2/netcoreapp" className="IntegrationTests.TestActionsWithUsers" name="TestRegisterUserWithNoEmail" />
    </UnitTest>
    <UnitTest name="IntegrationTests.TestActionsWithLiftsLifts.TestGetLiftInfoAsync(lift: Lift { LiftID = 180, LiftName = liftNameb2dbe07c-947c-4d37-b88a-d7ef124218a9, IsOpen = True, SeatsAmount = 196, LiftingTime = 61, QueueTime = 37, ConnectedSlopes =  })" storage="/mnt/c/users/alena/desktop/7_sem/testing_and_debugging/skiresort/integrationtests/bin/debug/net6.0/integrationtests.dll" id="83de1e7a-16f2-2895-f1d5-2a0633834676">
      <Execution id="f4dff712-70b4-44fa-b726-5d2950d8b940" />
      <TestMethod codeBase="/mnt/c/Users/alena/Desktop/7_sem/testing_and_debugging/SkiResort/IntegrationTests/bin/Debug/net6.0/IntegrationTests.dll" adapterTypeName="executor://xunit/VsTestRunner2/netcoreapp" className="IntegrationTests.TestActionsWithLiftsLifts" name="TestGetLiftInfoAsync" />
    </UnitTest>
    <UnitTest name="IntegrationTests.TestActionsWithUsers.TestLogInOk" storage="/mnt/c/users/alena/desktop/7_sem/testing_and_debugging/skiresort/integrationtests/bin/debug/net6.0/integrationtests.dll" id="45fe0df1-c885-2f7e-8187-832190c2786d">
      <Execution id="a46a0410-1892-4c4b-b651-94cdb953e01e" />
      <TestMethod codeBase="/mnt/c/Users/alena/Desktop/7_sem/testing_and_debugging/SkiResort/IntegrationTests/bin/Debug/net6.0/IntegrationTests.dll" adapterTypeName="executor://xunit/VsTestRunner2/netcoreapp" className="IntegrationTests.TestActionsWithUsers" name="TestLogInOk" />
    </UnitTest>
    <UnitTest name="IntegrationTests.TestActionsWithLiftsLifts.TestGetLiftsInfoAsync(initialLifts: [Lift { LiftID = 156, LiftName = liftName07b3ac7e-32c8-4ef8-895f-7c99d2b3214b, IsOpen = True, SeatsAmount = 137, LiftingTime = 225, QueueTime = 233, ConnectedSlopes =  }, Lift { LiftID = 178, LiftName = liftName439a6fb0-dfd5-4b22-a425-d43b2be06016, IsOpen = False, SeatsAmount = 183, LiftingTime = 204, QueueTime = 188, ConnectedSlopes =  }, Lift { LiftID = 43, Lif..." storage="/mnt/c/users/alena/desktop/7_sem/testing_and_debugging/skiresort/integrationtests/bin/debug/net6.0/integrationtests.dll" id="e54a4cee-e2a1-889e-b4cd-647e25b91df6">
      <Execution id="f41f639d-c452-47b5-af16-857b4297db1c" />
      <TestMethod codeBase="/mnt/c/Users/alena/Desktop/7_sem/testing_and_debugging/SkiResort/IntegrationTests/bin/Debug/net6.0/IntegrationTests.dll" adapterTypeName="executor://xunit/VsTestRunner2/netcoreapp" className="IntegrationTests.TestActionsWithLiftsLifts" name="TestGetLiftsInfoAsync" />
    </UnitTest>
    <UnitTest name="IntegrationTests.TestActionsWithLiftsSlopes.TestGetLiftsSlopesInfoAsync(liftsSlopes: [LiftSlope { RecordID = 7, LiftID = 114, SlopeID = 236 }, LiftSlope { RecordID = 134, LiftID = 28, SlopeID = 60 }, LiftSlope { RecordID = 107, LiftID = 172, SlopeID = 94 }])" storage="/mnt/c/users/alena/desktop/7_sem/testing_and_debugging/skiresort/integrationtests/bin/debug/net6.0/integrationtests.dll" id="63be1f92-7da8-a66e-02df-a6e75143687a">
      <Execution id="ec95a5c6-979e-4951-95b5-95fcef10d08f" />
      <TestMethod codeBase="/mnt/c/Users/alena/Desktop/7_sem/testing_and_debugging/SkiResort/IntegrationTests/bin/Debug/net6.0/IntegrationTests.dll" adapterTypeName="executor://xunit/VsTestRunner2/netcoreapp" className="IntegrationTests.TestActionsWithLiftsSlopes" name="TestGetLiftsSlopesInfoAsync" />
    </UnitTest>
    <UnitTest name="IntegrationTests.TestActionsWithUsers.TestRegisterUserWithRepeatedEmail" storage="/mnt/c/users/alena/desktop/7_sem/testing_and_debugging/skiresort/integrationtests/bin/debug/net6.0/integrationtests.dll" id="cb8eae24-e7ef-ed7e-d8e9-347d61b13b3a">
      <Execution id="42a77dab-6361-4204-8636-5db43d7430e0" />
      <TestMethod codeBase="/mnt/c/Users/alena/Desktop/7_sem/testing_and_debugging/SkiResort/IntegrationTests/bin/Debug/net6.0/IntegrationTests.dll" adapterTypeName="executor://xunit/VsTestRunner2/netcoreapp" className="IntegrationTests.TestActionsWithUsers" name="TestRegisterUserWithRepeatedEmail" />
    </UnitTest>
  </TestDefinitions>
  <TestEntries>
    <TestEntry testId="48375cbc-003d-d0fc-ff6a-cfef4b266dfb" executionId="62a8ead3-12e4-4ccc-866c-1c6d2813adeb" testListId="8c84fa94-04c1-424b-9868-57a2d4851a1d" />
    <TestEntry testId="61a0d3cb-1290-855e-f649-c3c1c190f4b1" executionId="adb17bbd-6515-4f72-a998-b3a0c838df7c" testListId="8c84fa94-04c1-424b-9868-57a2d4851a1d" />
    <TestEntry testId="0576f4df-dfe1-be4d-d551-96ec28ca583b" executionId="343e51d4-a077-4c82-9c89-2d0b835e7f27" testListId="8c84fa94-04c1-424b-9868-57a2d4851a1d" />
    <TestEntry testId="95429486-5a01-7bad-2fe2-5d308d2e4dd7" executionId="2b31b6ba-7142-4657-959b-dc8a091e5d08" testListId="8c84fa94-04c1-424b-9868-57a2d4851a1d" />
    <TestEntry testId="c1df4f9b-6ea9-323b-c1c5-5e4da3d2b9ff" executionId="44a55d30-b782-42a8-a7f0-1bf109e29c30" testListId="8c84fa94-04c1-424b-9868-57a2d4851a1d" />
    <TestEntry testId="c25c3431-b7ea-0b5b-b7b5-ebd7c651b32a" executionId="0d89bad6-2d00-4510-9a5f-1e432898db45" testListId="8c84fa94-04c1-424b-9868-57a2d4851a1d" />
    <TestEntry testId="ac7822fe-f428-4c09-c18d-76b72180be63" executionId="4cce75fa-d3b8-4505-bee6-05ffa2075c0e" testListId="8c84fa94-04c1-424b-9868-57a2d4851a1d" />
    <TestEntry testId="593087f0-c7ab-1991-c3ee-af523cc03ada" executionId="eebadf4d-a758-4dff-9139-aece15782799" testListId="8c84fa94-04c1-424b-9868-57a2d4851a1d" />
    <TestEntry testId="4b33aead-dfe0-6215-616d-9fb605375a2c" executionId="9f089301-36b3-4868-851e-00b677d03673" testListId="8c84fa94-04c1-424b-9868-57a2d4851a1d" />
    <TestEntry testId="198a1ae3-83ab-ea18-2e21-87927dc980e2" executionId="39c6a8cd-08c9-4952-83a8-57570919d648" testListId="8c84fa94-04c1-424b-9868-57a2d4851a1d" />
    <TestEntry testId="e54a4cee-e2a1-889e-b4cd-647e25b91df6" executionId="f41f639d-c452-47b5-af16-857b4297db1c" testListId="8c84fa94-04c1-424b-9868-57a2d4851a1d" />
    <TestEntry testId="63be1f92-7da8-a66e-02df-a6e75143687a" executionId="ec95a5c6-979e-4951-95b5-95fcef10d08f" testListId="8c84fa94-04c1-424b-9868-57a2d4851a1d" />
    <TestEntry testId="83de1e7a-16f2-2895-f1d5-2a0633834676" executionId="f4dff712-70b4-44fa-b726-5d2950d8b940" testListId="8c84fa94-04c1-424b-9868-57a2d4851a1d" />
    <TestEntry testId="62b59e11-414a-e23b-5cdb-371ee20fcb1a" executionId="c8571b6f-b2cc-4e3e-8c79-d0f06f104fec" testListId="8c84fa94-04c1-424b-9868-57a2d4851a1d" />
    <TestEntry testId="41bc2c12-a605-8ed4-93ed-858752b2b82f" executionId="f5e0cb33-3bf7-42aa-adcd-e1f2ac72331e" testListId="8c84fa94-04c1-424b-9868-57a2d4851a1d" />
    <TestEntry testId="cb8eae24-e7ef-ed7e-d8e9-347d61b13b3a" executionId="42a77dab-6361-4204-8636-5db43d7430e0" testListId="8c84fa94-04c1-424b-9868-57a2d4851a1d" />
    <TestEntry testId="26a3ed7b-f58f-b931-d8c6-d1d1687098ba" executionId="c6840a06-afd5-48e8-94b5-77fae15692c6" testListId="8c84fa94-04c1-424b-9868-57a2d4851a1d" />
    <TestEntry testId="89f80e35-a6b9-26d5-1a1b-2fd717a5582e" executionId="f8e85334-5534-4670-94dd-f9e0ac68c4ab" testListId="8c84fa94-04c1-424b-9868-57a2d4851a1d" />
    <TestEntry testId="841ba8ee-e409-9969-d929-ca91f1893d75" executionId="735a8fb9-6ab6-4f70-abf0-fd37c42aa9ef" testListId="8c84fa94-04c1-424b-9868-57a2d4851a1d" />
    <TestEntry testId="edec25a7-8fec-a986-be42-369d3e9526d1" executionId="3956a09f-2a27-4d2d-9b30-a0396d998cef" testListId="8c84fa94-04c1-424b-9868-57a2d4851a1d" />
    <TestEntry testId="45fe0df1-c885-2f7e-8187-832190c2786d" executionId="a46a0410-1892-4c4b-b651-94cdb953e01e" testListId="8c84fa94-04c1-424b-9868-57a2d4851a1d" />
    <TestEntry testId="e99d1655-0b1c-5e3b-2b37-96a41b46ed40" executionId="53715b82-c55e-4b84-8e5f-f118d9597414" testListId="8c84fa94-04c1-424b-9868-57a2d4851a1d" />
    <TestEntry testId="d78ba6d0-dfa8-fa6f-4cc8-23966ee34980" executionId="733c0740-3d06-48f2-97af-6cafbe125ef7" testListId="8c84fa94-04c1-424b-9868-57a2d4851a1d" />
    <TestEntry testId="3d2f2b45-f156-7e86-a57c-598d43b2ea8e" executionId="089fe517-6596-4713-84aa-fe3785ab3538" testListId="8c84fa94-04c1-424b-9868-57a2d4851a1d" />
    <TestEntry testId="682d3b16-d8d9-d658-4906-fcc748843214" executionId="d33387c1-349d-45e6-92e3-1a0bd5d5816f" testListId="8c84fa94-04c1-424b-9868-57a2d4851a1d" />
    <TestEntry testId="50895ae4-0920-1735-1093-e6c6169c7e97" executionId="9bb9ed71-afea-4f41-bee1-aeca7bba2ad5" testListId="8c84fa94-04c1-424b-9868-57a2d4851a1d" />
    <TestEntry testId="8a671bbd-a679-9554-80f7-33c777475820" executionId="33b03ba7-86e7-4453-8baf-762110a386be" testListId="8c84fa94-04c1-424b-9868-57a2d4851a1d" />
    <TestEntry testId="640a72f6-5583-6636-1a54-8396abe99588" executionId="658f3d5a-380e-433b-b447-6224ecfd53fc" testListId="8c84fa94-04c1-424b-9868-57a2d4851a1d" />
    <TestEntry testId="479b875f-d623-ae0a-ff97-dc49a4f2a217" executionId="3bc771b7-8fec-4669-95b7-5c6f00b8f430" testListId="8c84fa94-04c1-424b-9868-57a2d4851a1d" />
    <TestEntry testId="469b101f-8633-a685-8d5b-bdbf8dc340c5" executionId="93bea819-3877-4abc-ae2f-d9952d0201df" testListId="8c84fa94-04c1-424b-9868-57a2d4851a1d" />
  </TestEntries>
  <TestLists>
    <TestList name="Results Not in a List" id="8c84fa94-04c1-424b-9868-57a2d4851a1d" />
    <TestList name="All Loaded Results" id="19431567-8539-422a-85d7-44ee4e166bda" />
  </TestLists>
  <ResultSummary outcome="Completed">
    <Counters total="30" executed="30" passed="30" failed="0" error="0" timeout="0" aborted="0" inconclusive="0" passedButRunAborted="0" notRunnable="0" notExecuted="0" disconnected="0" warning="0" completed="0" inProgress="0" pending="0" />
    <Output>
      <StdOut>[xUnit.net 00:00:00.00] xUnit.net VSTest Adapter v2.4.3+1b45f5407b (64-bit .NET 6.0.10)
[xUnit.net 00:00:01.21]   Discovering: IntegrationTests
[xUnit.net 00:00:01.34]   Discovered:  IntegrationTests
[xUnit.net 00:00:01.34]   Starting:    IntegrationTests
[xUnit.net 00:00:21.31]   Finished:    IntegrationTests
</StdOut>
    </Output>
  </ResultSummary>
</TestRun>