<?xml version="1.0" encoding="utf-8"?>
<TestRun id="1e2a3134-ace8-4bac-abdb-0d979a2cc6fd" name="@DESKTOP-TJ9D65N 2022-11-03 11:08:12" xmlns="http://microsoft.com/schemas/VisualStudio/TeamTest/2010">
  <Times creation="2022-11-03T11:08:12.8077948+03:00" queuing="2022-11-03T11:08:12.8077948+03:00" start="2022-11-03T11:08:08.9854663+03:00" finish="2022-11-03T11:08:29.5394417+03:00" />
  <TestSettings name="default" id="fd2e8227-cc83-40fe-8ad6-531f68a7975c">
    <Deployment runDeploymentRoot="_DESKTOP-TJ9D65N_2022-11-03_11_08_12" />
  </TestSettings>
  <Results>
    <UnitTestResult executionId="5e39f218-6061-4918-8c07-231d4668ba90" testId="73440c88-0371-0406-a817-702698537cf1" testName="IntegrationTests.TestActionsWithSlopes.TestUpdateSlopeInfoAsync(slope: Slope { SlopeID = 151, SlopeName = slopeName406fbb4e-9a20-4acc-abaf-c6d502dfbe06, IsOpen = True, DifficultyLevel = 217, ConnectedLifts =  })" computerName="DESKTOP-TJ9D65N" duration="00:00:00.6353775" startTime="2022-11-03T11:08:28.8052674+03:00" endTime="2022-11-03T11:08:28.8052676+03:00" testType="13cdc9d9-ddb5-4fa4-a97d-d965ccfc6d4b" outcome="Passed" testListId="8c84fa94-04c1-424b-9868-57a2d4851a1d" relativeResultsDirectory="5e39f218-6061-4918-8c07-231d4668ba90" />
    <UnitTestResult executionId="ee5af0da-2530-46c6-a257-9fba37896158" testId="c9eb09a5-a7c9-86cd-ac87-626638681cb3" testName="IntegrationTests.TestActionsWithTurnstiles.TestAdminAddAutoIncrementTurnstileAsync(turnstile: Turnstile { TurnstileID = 108, LiftID = 61, IsOpen = True })" computerName="DESKTOP-TJ9D65N" duration="00:00:00.6064621" startTime="2022-11-03T11:08:17.5867043+03:00" endTime="2022-11-03T11:08:17.5867045+03:00" testType="13cdc9d9-ddb5-4fa4-a97d-d965ccfc6d4b" outcome="Passed" testListId="8c84fa94-04c1-424b-9868-57a2d4851a1d" relativeResultsDirectory="ee5af0da-2530-46c6-a257-9fba37896158" />
    <UnitTestResult executionId="cc4e078a-5e17-45f1-8f10-555a5ef1ff4b" testId="198a1ae3-83ab-ea18-2e21-87927dc980e2" testName="IntegrationTests.TestActionsWithUsers.TestRegisterUserWithNoPassword" computerName="DESKTOP-TJ9D65N" duration="00:00:00.5472869" startTime="2022-11-03T11:08:25.5870242+03:00" endTime="2022-11-03T11:08:25.5870244+03:00" testType="13cdc9d9-ddb5-4fa4-a97d-d965ccfc6d4b" outcome="Passed" testListId="8c84fa94-04c1-424b-9868-57a2d4851a1d" relativeResultsDirectory="cc4e078a-5e17-45f1-8f10-555a5ef1ff4b" />
    <UnitTestResult executionId="dbdca268-f870-4a7d-8d46-46880da79495" testId="682d3b16-d8d9-d658-4906-fcc748843214" testName="IntegrationTests.TestActionsWithUsers.TestAdminGetUsers" computerName="DESKTOP-TJ9D65N" duration="00:00:00.5835463" startTime="2022-11-03T11:08:24.4732649+03:00" endTime="2022-11-03T11:08:24.4732650+03:00" testType="13cdc9d9-ddb5-4fa4-a97d-d965ccfc6d4b" outcome="Passed" testListId="8c84fa94-04c1-424b-9868-57a2d4851a1d" relativeResultsDirectory="dbdca268-f870-4a7d-8d46-46880da79495" />
    <UnitTestResult executionId="7da6abe4-a423-43d9-b6b0-7243aea16842" testId="cb8eae24-e7ef-ed7e-d8e9-347d61b13b3a" testName="IntegrationTests.TestActionsWithUsers.TestRegisterUserWithRepeatedEmail" computerName="DESKTOP-TJ9D65N" duration="00:00:00.5647487" startTime="2022-11-03T11:08:22.0504504+03:00" endTime="2022-11-03T11:08:22.0504505+03:00" testType="13cdc9d9-ddb5-4fa4-a97d-d965ccfc6d4b" outcome="Passed" testListId="8c84fa94-04c1-424b-9868-57a2d4851a1d" relativeResultsDirectory="7da6abe4-a423-43d9-b6b0-7243aea16842" />
    <UnitTestResult executionId="a86e6104-c9bd-4ce9-8065-9f155ecf369e" testId="774f4106-2067-82de-50b1-fb5653ee6d4a" testName="IntegrationTests.TestActionsWithLiftsLifts.TestGetLiftInfoAsync(lift: Lift { LiftID = 55, LiftName = liftName35c9ae84-0e73-4de8-8bb4-0344040c5354, IsOpen = True, SeatsAmount = 27, LiftingTime = 108, QueueTime = 146, ConnectedSlopes =  })" computerName="DESKTOP-TJ9D65N" duration="00:00:00.6068171" startTime="2022-11-03T11:08:13.0928170+03:00" endTime="2022-11-03T11:08:13.0928171+03:00" testType="13cdc9d9-ddb5-4fa4-a97d-d965ccfc6d4b" outcome="Passed" testListId="8c84fa94-04c1-424b-9868-57a2d4851a1d" relativeResultsDirectory="a86e6104-c9bd-4ce9-8065-9f155ecf369e" />
    <UnitTestResult executionId="b4654632-b482-4b27-a19f-ce0ca719c874" testId="26a3ed7b-f58f-b931-d8c6-d1d1687098ba" testName="IntegrationTests.TestActionsWithUsers.TestAdminAddAutoIncrementUser" computerName="DESKTOP-TJ9D65N" duration="00:00:00.6065982" startTime="2022-11-03T11:08:20.8704564+03:00" endTime="2022-11-03T11:08:20.8704567+03:00" testType="13cdc9d9-ddb5-4fa4-a97d-d965ccfc6d4b" outcome="Passed" testListId="8c84fa94-04c1-424b-9868-57a2d4851a1d" relativeResultsDirectory="b4654632-b482-4b27-a19f-ce0ca719c874" />
    <UnitTestResult executionId="37f5cbac-fdda-42af-8173-d9628b3ad5ec" testId="d4f2c797-16c6-5688-5486-e8997e672030" testName="IntegrationTests.TestActionsWithLiftsLifts.TestUpdateLiftInfoAsync(lift: Lift { LiftID = 163, LiftName = liftName58f228dc-55f0-4560-9d69-ee3958d93822, IsOpen = True, SeatsAmount = 87, LiftingTime = 198, QueueTime = 175, ConnectedSlopes =  })" computerName="DESKTOP-TJ9D65N" duration="00:00:00.7056556" startTime="2022-11-03T11:08:11.7670950+03:00" endTime="2022-11-03T11:08:11.7671198+03:00" testType="13cdc9d9-ddb5-4fa4-a97d-d965ccfc6d4b" outcome="Passed" testListId="8c84fa94-04c1-424b-9868-57a2d4851a1d" relativeResultsDirectory="37f5cbac-fdda-42af-8173-d9628b3ad5ec" />
    <UnitTestResult executionId="b77fc748-659d-485a-aefd-3aa59ce5eb46" testId="bed0ce94-da20-1c4c-bc11-f1af5105cbe5" testName="IntegrationTests.TestActionsWithSlopes.TestAdminAddAutoIncrementSlopeAsync(slope: Slope { SlopeID = 90, SlopeName = slopeName305b3ca7-cddc-458e-b6f9-2a293da109b4, IsOpen = True, DifficultyLevel = 196, ConnectedLifts =  })" computerName="DESKTOP-TJ9D65N" duration="00:00:00.6154200" startTime="2022-11-03T11:08:28.1508995+03:00" endTime="2022-11-03T11:08:28.1508997+03:00" testType="13cdc9d9-ddb5-4fa4-a97d-d965ccfc6d4b" outcome="Passed" testListId="8c84fa94-04c1-424b-9868-57a2d4851a1d" relativeResultsDirectory="b77fc748-659d-485a-aefd-3aa59ce5eb46" />
    <UnitTestResult executionId="205f43e6-c54f-464e-9d9e-0a3af9bab9be" testId="6122dccf-939d-2504-0718-d2539651fd5e" testName="IntegrationTests.TestActionsWithLiftsLifts.TestAdminDeleteLiftAsync(lift: Lift { LiftID = 144, LiftName = liftName5f8d55fa-eb0b-4dce-a44c-3302f1077a55, IsOpen = True, SeatsAmount = 18, LiftingTime = 156, QueueTime = 104, ConnectedSlopes =  })" computerName="DESKTOP-TJ9D65N" duration="00:00:00.6377230" startTime="2022-11-03T11:08:13.7430680+03:00" endTime="2022-11-03T11:08:13.7430685+03:00" testType="13cdc9d9-ddb5-4fa4-a97d-d965ccfc6d4b" outcome="Passed" testListId="8c84fa94-04c1-424b-9868-57a2d4851a1d" relativeResultsDirectory="205f43e6-c54f-464e-9d9e-0a3af9bab9be" />
    <UnitTestResult executionId="74f8ef5a-533f-45bd-acf2-6ee666778a2e" testId="640a72f6-5583-6636-1a54-8396abe99588" testName="IntegrationTests.TestActionsWithUsers.TestAdminDeleteUser" computerName="DESKTOP-TJ9D65N" duration="00:00:00.6158280" startTime="2022-11-03T11:08:23.8795361+03:00" endTime="2022-11-03T11:08:23.8795362+03:00" testType="13cdc9d9-ddb5-4fa4-a97d-d965ccfc6d4b" outcome="Passed" testListId="8c84fa94-04c1-424b-9868-57a2d4851a1d" relativeResultsDirectory="74f8ef5a-533f-45bd-acf2-6ee666778a2e" />
    <UnitTestResult executionId="6f7bce27-e597-49db-899c-e4a616090399" testId="45fe0df1-c885-2f7e-8187-832190c2786d" testName="IntegrationTests.TestActionsWithUsers.TestLogInOk" computerName="DESKTOP-TJ9D65N" duration="00:00:00.5816590" startTime="2022-11-03T11:08:21.4698555+03:00" endTime="2022-11-03T11:08:21.4698556+03:00" testType="13cdc9d9-ddb5-4fa4-a97d-d965ccfc6d4b" outcome="Passed" testListId="8c84fa94-04c1-424b-9868-57a2d4851a1d" relativeResultsDirectory="6f7bce27-e597-49db-899c-e4a616090399" />
    <UnitTestResult executionId="efd63135-0cb6-496e-a00c-a8afa4b99ed8" testId="8a671bbd-a679-9554-80f7-33c777475820" testName="IntegrationTests.TestActionsWithTurnstiles.TestAdminGetTurnstilesAsync(initialTurnstiles: [Turnstile { TurnstileID = 32, LiftID = 105, IsOpen = True }, Turnstile { TurnstileID = 20, LiftID = 147, IsOpen = False }, Turnstile { TurnstileID = 209, LiftID = 29, IsOpen = True }])" computerName="DESKTOP-TJ9D65N" duration="00:00:00.6409345" startTime="2022-11-03T11:08:15.6933870+03:00" endTime="2022-11-03T11:08:15.6933873+03:00" testType="13cdc9d9-ddb5-4fa4-a97d-d965ccfc6d4b" outcome="Passed" testListId="8c84fa94-04c1-424b-9868-57a2d4851a1d" relativeResultsDirectory="efd63135-0cb6-496e-a00c-a8afa4b99ed8" />
    <UnitTestResult executionId="e763e2ac-625c-40c7-bffa-09d0cbdbd1a5" testId="0db0df9c-536e-3dce-56a1-0dc25451d7ac" testName="IntegrationTests.TestActionsWithLiftsSlopes.TestAdminAddAutoIncrementLiftSlopeAsync(lift: Lift { LiftID = 126, LiftName = liftNamea21d767e-01f9-4cac-b1f6-8827d594483e, IsOpen = True, SeatsAmount = 133, LiftingTime = 96, QueueTime = 63, ConnectedSlopes =  }, slope: Slope { SlopeID = 103, SlopeName = slopeNamef488ed17-cea7-4a7e-ba38-f3b0b8498a60, IsOpen = False, DifficultyLevel = 159, ConnectedLifts =  })" computerName="DESKTOP-TJ9D65N" duration="00:00:00.6719745" startTime="2022-11-03T11:08:19.6296261+03:00" endTime="2022-11-03T11:08:19.6296262+03:00" testType="13cdc9d9-ddb5-4fa4-a97d-d965ccfc6d4b" outcome="Passed" testListId="8c84fa94-04c1-424b-9868-57a2d4851a1d" relativeResultsDirectory="e763e2ac-625c-40c7-bffa-09d0cbdbd1a5" />
    <UnitTestResult executionId="72ac167f-f2e1-48aa-ba0b-0514603944a2" testId="84addb88-5718-2921-5bbe-fd4b19b23e58" testName="IntegrationTests.TestActionsWithLiftsLifts.TestAdminAddAutoIncrementLiftAsync(lift: Lift { LiftID = 250, LiftName = liftName00849f0f-bb27-491d-8a13-8c341bd6e9eb, IsOpen = True, SeatsAmount = 209, LiftingTime = 177, QueueTime = 243, ConnectedSlopes =  })" computerName="DESKTOP-TJ9D65N" duration="00:00:00.6216281" startTime="2022-11-03T11:08:14.3891459+03:00" endTime="2022-11-03T11:08:14.3891460+03:00" testType="13cdc9d9-ddb5-4fa4-a97d-d965ccfc6d4b" outcome="Passed" testListId="8c84fa94-04c1-424b-9868-57a2d4851a1d" relativeResultsDirectory="72ac167f-f2e1-48aa-ba0b-0514603944a2" />
    <UnitTestResult executionId="2895a079-5d22-43d3-aceb-57c0d930cba4" testId="48375cbc-003d-d0fc-ff6a-cfef4b266dfb" testName="IntegrationTests.TestActionsWithUsers.TestRegisterUserWithNoEmail" computerName="DESKTOP-TJ9D65N" duration="00:00:00.5439944" startTime="2022-11-03T11:08:25.0277102+03:00" endTime="2022-11-03T11:08:25.0277103+03:00" testType="13cdc9d9-ddb5-4fa4-a97d-d965ccfc6d4b" outcome="Passed" testListId="8c84fa94-04c1-424b-9868-57a2d4851a1d" relativeResultsDirectory="2895a079-5d22-43d3-aceb-57c0d930cba4" />
    <UnitTestResult executionId="2679bc38-1e27-4ead-887e-ec73d8cfb2d1" testId="479b875f-d623-ae0a-ff97-dc49a4f2a217" testName="IntegrationTests.TestActionsWithUsers.TestLogInWithWrongPassword" computerName="DESKTOP-TJ9D65N" duration="00:00:00.5670887" startTime="2022-11-03T11:08:22.6309911+03:00" endTime="2022-11-03T11:08:22.6309914+03:00" testType="13cdc9d9-ddb5-4fa4-a97d-d965ccfc6d4b" outcome="Passed" testListId="8c84fa94-04c1-424b-9868-57a2d4851a1d" relativeResultsDirectory="2679bc38-1e27-4ead-887e-ec73d8cfb2d1" />
    <UnitTestResult executionId="eb88d273-6c51-4e7f-8642-b01b84f5cbe1" testId="469b101f-8633-a685-8d5b-bdbf8dc340c5" testName="IntegrationTests.TestActionsWithSlopes.TestGetSlopesInfoAsync(initialSlopes: [Slope { SlopeID = 164, SlopeName = slopeName8e15fb14-7a75-41c4-b9b5-58f9d2edcf22, IsOpen = True, DifficultyLevel = 240, ConnectedLifts =  }, Slope { SlopeID = 7, SlopeName = slopeName3dc889f9-f5e4-4b4a-b7d9-ff96eede747b, IsOpen = False, DifficultyLevel = 196, ConnectedLifts =  }, Slope { SlopeID = 22, SlopeName = slopeNamed3bfb897-b65d-4ab4-9290-f885ca1d0900, IsOpen = True, DifficultyLevel = 122, ConnectedLifts =  }])" computerName="DESKTOP-TJ9D65N" duration="00:00:00.0010000" startTime="2022-11-03T11:08:27.5381963+03:00" endTime="2022-11-03T11:08:27.5381964+03:00" testType="13cdc9d9-ddb5-4fa4-a97d-d965ccfc6d4b" outcome="Failed" testListId="8c84fa94-04c1-424b-9868-57a2d4851a1d" relativeResultsDirectory="eb88d273-6c51-4e7f-8642-b01b84f5cbe1">
      <Output>
        <ErrorInfo>
          <Message>System.InvalidOperationException : Operations that change non-concurrent collections must have exclusive access. A concurrent update was performed on this collection and corrupted its state. The collection's state is no longer correct.</Message>
          <StackTrace>   at System.Collections.Generic.Dictionary`2.FindValue(TKey key)
   at System.Collections.Generic.Dictionary`2.TryGetValue(TKey key, TValue&amp; value)
   at ProGaudi.MsgPack.Light.MsgPackContext.GetObjectActivator(Type type)
   at ProGaudi.MsgPack.Light.MsgPackContext.&lt;&gt;c__DisplayClass24_0.&lt;TryGenerateConverterFromGenericConverter&gt;b__0(Type x)
   at ProGaudi.MsgPack.Light.MsgPackContext.TryGenerateConverterFromGenericConverter(Type type)
   at ProGaudi.MsgPack.Light.MsgPackContext.GetConverter[T]()
   at ProGaudi.MsgPack.Light.MsgPackSerializer.GetConverter[T](MsgPackContext context)
   at ProGaudi.MsgPack.Light.MsgPackSerializer.Deserialize[T](MemoryStream stream, MsgPackContext context)
   at ProGaudi.Tarantool.Client.LogicalConnection.SendRequest[TRequest,TResponse](TRequest request, Nullable`1 timeout)
   at ProGaudi.Tarantool.Client.LogicalConnectionManager.SendRequest[TRequest,TResponse](TRequest request, Nullable`1 timeout)
   at ProGaudi.Tarantool.Client.Schema.Select[T](UInt32 spaceId, Iterator iterator, UInt32 id)
   at ProGaudi.Tarantool.Client.Schema.Reload()
   at ProGaudi.Tarantool.Client.Box.Connect()
   at ProGaudi.Tarantool.Client.Box.Connect(String replicationSource)
   at AccessToDB.TarantoolContext.Initialize(String connection_string) in /mnt/c/Users/alena/Desktop/7_sem/testing_and_debugging/SkiResort/AccessToDB/TarantoolContext.cs:line 51
   at AccessToDB.TarantoolContext..ctor(String connection_string) in /mnt/c/Users/alena/Desktop/7_sem/testing_and_debugging/SkiResort/AccessToDB/TarantoolContext.cs:line 32
   at IntegrationTests.TestActionsWithSlopes..ctor() in /mnt/c/Users/alena/Desktop/7_sem/testing_and_debugging/SkiResort/IntegrationTests/TestActionsWithSlopes.cs:line 31
   at System.RuntimeType.CreateInstanceDefaultCtor(Boolean publicOnly, Boolean wrapExceptions)</StackTrace>
        </ErrorInfo>
      </Output>
    </UnitTestResult>
    <UnitTestResult executionId="ed996d11-9af2-4d7b-b6be-49399b5b3ffa" testId="bc3b01eb-da5a-0cbf-91eb-d772ee97ddce" testName="IntegrationTests.TestActionsWithTurnstiles.TestAdminDeleteTurnstileAsync(turnstile: Turnstile { TurnstileID = 223, LiftID = 51, IsOpen = True })" computerName="DESKTOP-TJ9D65N" duration="00:00:00.6208302" startTime="2022-11-03T11:08:15.0388534+03:00" endTime="2022-11-03T11:08:15.0388535+03:00" testType="13cdc9d9-ddb5-4fa4-a97d-d965ccfc6d4b" outcome="Passed" testListId="8c84fa94-04c1-424b-9868-57a2d4851a1d" relativeResultsDirectory="ed996d11-9af2-4d7b-b6be-49399b5b3ffa" />
    <UnitTestResult executionId="0be5c73f-84d9-4614-8ed0-479884afcc3c" testId="26ddc504-fb16-7632-90bd-081a948f12e2" testName="IntegrationTests.TestActionsWithSlopes.TestGetSlopeInfoAsync(slope: Slope { SlopeID = 156, SlopeName = slopeNamee06c1835-5489-4431-9da2-ea3accb13965, IsOpen = True, DifficultyLevel = 233, ConnectedLifts =  })" computerName="DESKTOP-TJ9D65N" duration="00:00:00.6052843" startTime="2022-11-03T11:08:27.4484333+03:00" endTime="2022-11-03T11:08:27.4484334+03:00" testType="13cdc9d9-ddb5-4fa4-a97d-d965ccfc6d4b" outcome="Passed" testListId="8c84fa94-04c1-424b-9868-57a2d4851a1d" relativeResultsDirectory="0be5c73f-84d9-4614-8ed0-479884afcc3c" />
    <UnitTestResult executionId="4dcf368b-8db5-49d7-be15-7912d682c599" testId="a375c738-2deb-4793-013d-60ca71fa025a" testName="IntegrationTests.TestActionsWithTurnstiles.TestAdminGetTurnstileAsync(turnstile: Turnstile { TurnstileID = 203, LiftID = 130, IsOpen = True })" computerName="DESKTOP-TJ9D65N" duration="00:00:00.6020685" startTime="2022-11-03T11:08:16.9657429+03:00" endTime="2022-11-03T11:08:16.9657430+03:00" testType="13cdc9d9-ddb5-4fa4-a97d-d965ccfc6d4b" outcome="Passed" testListId="8c84fa94-04c1-424b-9868-57a2d4851a1d" relativeResultsDirectory="4dcf368b-8db5-49d7-be15-7912d682c599" />
    <UnitTestResult executionId="73a581aa-6250-44a3-a034-7e0ade9e4dc9" testId="754da7c2-459d-b5e7-7919-62631950e338" testName="IntegrationTests.TestActionsWithTurnstiles.TestAdminUpdateTurnstileAsync(turnstile: Turnstile { TurnstileID = 13, LiftID = 109, IsOpen = True })" computerName="DESKTOP-TJ9D65N" duration="00:00:00.6212619" startTime="2022-11-03T11:08:16.3444506+03:00" endTime="2022-11-03T11:08:16.3444508+03:00" testType="13cdc9d9-ddb5-4fa4-a97d-d965ccfc6d4b" outcome="Passed" testListId="8c84fa94-04c1-424b-9868-57a2d4851a1d" relativeResultsDirectory="73a581aa-6250-44a3-a034-7e0ade9e4dc9" />
    <UnitTestResult executionId="5eec89ef-870d-481f-9869-91ab98adfe86" testId="fc0ea631-6219-b444-53c5-94da732ec431" testName="IntegrationTests.TestActionsWithSlopes.TestAdminDeleteSlopeAsync(slope: Slope { SlopeID = 213, SlopeName = slopeNamecd48a704-5168-4f97-b2c5-0edb30bfcec7, IsOpen = True, DifficultyLevel = 236, ConnectedLifts =  })" computerName="DESKTOP-TJ9D65N" duration="00:00:00.6245817" startTime="2022-11-03T11:08:29.4398213+03:00" endTime="2022-11-03T11:08:29.4398214+03:00" testType="13cdc9d9-ddb5-4fa4-a97d-d965ccfc6d4b" outcome="Passed" testListId="8c84fa94-04c1-424b-9868-57a2d4851a1d" relativeResultsDirectory="5eec89ef-870d-481f-9869-91ab98adfe86" />
    <UnitTestResult executionId="02741961-243b-40fd-b81b-dfe73f72a762" testId="7cb71f1d-7cf6-9e27-c720-172531cf723e" testName="IntegrationTests.TestActionsWithLiftsSlopes.TestAdminDeleteLiftSlopeAsync(lift: Lift { LiftID = 225, LiftName = liftNamef4a6059b-a53a-4404-8950-956e20e5a3a8, IsOpen = True, SeatsAmount = 40, LiftingTime = 23, QueueTime = 122, ConnectedSlopes =  }, slope: Slope { SlopeID = 214, SlopeName = slopeName4121565e-cfd5-488d-a023-22cba60032f4, IsOpen = False, DifficultyLevel = 93, ConnectedLifts =  })" computerName="DESKTOP-TJ9D65N" duration="00:00:00.6795151" startTime="2022-11-03T11:08:18.9394819+03:00" endTime="2022-11-03T11:08:18.9394820+03:00" testType="13cdc9d9-ddb5-4fa4-a97d-d965ccfc6d4b" outcome="Passed" testListId="8c84fa94-04c1-424b-9868-57a2d4851a1d" relativeResultsDirectory="02741961-243b-40fd-b81b-dfe73f72a762" />
    <UnitTestResult executionId="710bf19f-f824-441b-9d27-4310f7065bcc" testId="193260fb-c453-bdea-b295-201d544934fe" testName="IntegrationTests.TestActionsWithSlopes.TestAdminAddSlopeAsync(slope: Slope { SlopeID = 2, SlopeName = slopeName0673d764-0ced-4349-b433-8ea18e8153e1, IsOpen = True, DifficultyLevel = 121, ConnectedLifts =  })" computerName="DESKTOP-TJ9D65N" duration="00:00:00.6161963" startTime="2022-11-03T11:08:26.8084765+03:00" endTime="2022-11-03T11:08:26.8084766+03:00" testType="13cdc9d9-ddb5-4fa4-a97d-d965ccfc6d4b" outcome="Passed" testListId="8c84fa94-04c1-424b-9868-57a2d4851a1d" relativeResultsDirectory="710bf19f-f824-441b-9d27-4310f7065bcc" />
    <UnitTestResult executionId="7e1ed318-1795-46c6-89f0-b3a0b2b635c0" testId="61a0d3cb-1290-855e-f649-c3c1c190f4b1" testName="IntegrationTests.TestActionsWithUsers.TestAdminUpdateUser" computerName="DESKTOP-TJ9D65N" duration="00:00:00.6066322" startTime="2022-11-03T11:08:20.2490759+03:00" endTime="2022-11-03T11:08:20.2490760+03:00" testType="13cdc9d9-ddb5-4fa4-a97d-d965ccfc6d4b" outcome="Passed" testListId="8c84fa94-04c1-424b-9868-57a2d4851a1d" relativeResultsDirectory="7e1ed318-1795-46c6-89f0-b3a0b2b635c0" />
    <UnitTestResult executionId="4e9d3220-476c-45d9-b4f6-9e1f1335bf1d" testId="d78ba6d0-dfa8-fa6f-4cc8-23966ee34980" testName="IntegrationTests.TestActionsWithUsers.TestRegisterOk" computerName="DESKTOP-TJ9D65N" duration="00:00:00.5973113" startTime="2022-11-03T11:08:23.2463004+03:00" endTime="2022-11-03T11:08:23.2463005+03:00" testType="13cdc9d9-ddb5-4fa4-a97d-d965ccfc6d4b" outcome="Passed" testListId="8c84fa94-04c1-424b-9868-57a2d4851a1d" relativeResultsDirectory="4e9d3220-476c-45d9-b4f6-9e1f1335bf1d" />
    <UnitTestResult executionId="6240f5a7-a6ea-4b62-aa9d-434ce5cc07ab" testId="63be1f92-7da8-a66e-02df-a6e75143687a" testName="IntegrationTests.TestActionsWithLiftsSlopes.TestGetLiftsSlopesInfoAsync(liftsSlopes: [LiftSlope { RecordID = 124, LiftID = 237, SlopeID = 239 }, LiftSlope { RecordID = 241, LiftID = 49, SlopeID = 75 }, LiftSlope { RecordID = 61, LiftID = 25, SlopeID = 29 }])" computerName="DESKTOP-TJ9D65N" duration="00:00:00.6399842" startTime="2022-11-03T11:08:18.2453691+03:00" endTime="2022-11-03T11:08:18.2453692+03:00" testType="13cdc9d9-ddb5-4fa4-a97d-d965ccfc6d4b" outcome="Passed" testListId="8c84fa94-04c1-424b-9868-57a2d4851a1d" relativeResultsDirectory="6240f5a7-a6ea-4b62-aa9d-434ce5cc07ab" />
    <UnitTestResult executionId="2eecba50-7310-473f-8359-ccf4e21c9697" testId="e54a4cee-e2a1-889e-b4cd-647e25b91df6" testName="IntegrationTests.TestActionsWithLiftsLifts.TestGetLiftsInfoAsync(initialLifts: [Lift { LiftID = 35, LiftName = liftName24f0bfd5-5d9d-42e0-99d4-b0345df0453f, IsOpen = True, SeatsAmount = 109, LiftingTime = 166, QueueTime = 33, ConnectedSlopes =  }, Lift { LiftID = 23, LiftName = liftName75221474-7f4a-42f1-91da-c428dc742651, IsOpen = False, SeatsAmount = 134, LiftingTime = 8, QueueTime = 164, ConnectedSlopes =  }, Lift { LiftID = 91, LiftName = liftNamee812f640-2370-4cec-8e22-d661586994d6, IsOpen = True, SeatsAmount = 170, LiftingTime = 117, QueueTime = 225, ConnectedSlopes =  }])" computerName="DESKTOP-TJ9D65N" duration="00:00:00.6679304" startTime="2022-11-03T11:08:12.4703309+03:00" endTime="2022-11-03T11:08:12.4703309+03:00" testType="13cdc9d9-ddb5-4fa4-a97d-d965ccfc6d4b" outcome="Passed" testListId="8c84fa94-04c1-424b-9868-57a2d4851a1d" relativeResultsDirectory="2eecba50-7310-473f-8359-ccf4e21c9697" />
    <UnitTestResult executionId="8871a527-482c-4d04-aea8-87df6abb1e3d" testId="593087f0-c7ab-1991-c3ee-af523cc03ada" testName="IntegrationTests.TestActionsWithUsers.TestAdminGetUserByIDAsync" computerName="DESKTOP-TJ9D65N" duration="00:00:00.5851688" startTime="2022-11-03T11:08:26.1820335+03:00" endTime="2022-11-03T11:08:26.1820336+03:00" testType="13cdc9d9-ddb5-4fa4-a97d-d965ccfc6d4b" outcome="Passed" testListId="8c84fa94-04c1-424b-9868-57a2d4851a1d" relativeResultsDirectory="8871a527-482c-4d04-aea8-87df6abb1e3d" />
  </Results>
  <TestDefinitions>
    <UnitTest name="IntegrationTests.TestActionsWithLiftsLifts.TestGetLiftInfoAsync(lift: Lift { LiftID = 55, LiftName = liftName35c9ae84-0e73-4de8-8bb4-0344040c5354, IsOpen = True, SeatsAmount = 27, LiftingTime = 108, QueueTime = 146, ConnectedSlopes =  })" storage="/mnt/c/users/alena/desktop/7_sem/testing_and_debugging/skiresort/integrationtests/bin/debug/net6.0/integrationtests.dll" id="774f4106-2067-82de-50b1-fb5653ee6d4a">
      <Execution id="a86e6104-c9bd-4ce9-8065-9f155ecf369e" />
      <TestMethod codeBase="/mnt/c/Users/alena/Desktop/7_sem/testing_and_debugging/SkiResort/IntegrationTests/bin/Debug/net6.0/IntegrationTests.dll" adapterTypeName="executor://xunit/VsTestRunner2/netcoreapp" className="IntegrationTests.TestActionsWithLiftsLifts" name="TestGetLiftInfoAsync" />
    </UnitTest>
    <UnitTest name="IntegrationTests.TestActionsWithTurnstiles.TestAdminUpdateTurnstileAsync(turnstile: Turnstile { TurnstileID = 13, LiftID = 109, IsOpen = True })" storage="/mnt/c/users/alena/desktop/7_sem/testing_and_debugging/skiresort/integrationtests/bin/debug/net6.0/integrationtests.dll" id="754da7c2-459d-b5e7-7919-62631950e338">
      <Execution id="73a581aa-6250-44a3-a034-7e0ade9e4dc9" />
      <TestMethod codeBase="/mnt/c/Users/alena/Desktop/7_sem/testing_and_debugging/SkiResort/IntegrationTests/bin/Debug/net6.0/IntegrationTests.dll" adapterTypeName="executor://xunit/VsTestRunner2/netcoreapp" className="IntegrationTests.TestActionsWithTurnstiles" name="TestAdminUpdateTurnstileAsync" />
    </UnitTest>
    <UnitTest name="IntegrationTests.TestActionsWithUsers.TestRegisterOk" storage="/mnt/c/users/alena/desktop/7_sem/testing_and_debugging/skiresort/integrationtests/bin/debug/net6.0/integrationtests.dll" id="d78ba6d0-dfa8-fa6f-4cc8-23966ee34980">
      <Execution id="4e9d3220-476c-45d9-b4f6-9e1f1335bf1d" />
      <TestMethod codeBase="/mnt/c/Users/alena/Desktop/7_sem/testing_and_debugging/SkiResort/IntegrationTests/bin/Debug/net6.0/IntegrationTests.dll" adapterTypeName="executor://xunit/VsTestRunner2/netcoreapp" className="IntegrationTests.TestActionsWithUsers" name="TestRegisterOk" />
    </UnitTest>
    <UnitTest name="IntegrationTests.TestActionsWithUsers.TestLogInWithWrongPassword" storage="/mnt/c/users/alena/desktop/7_sem/testing_and_debugging/skiresort/integrationtests/bin/debug/net6.0/integrationtests.dll" id="479b875f-d623-ae0a-ff97-dc49a4f2a217">
      <Execution id="2679bc38-1e27-4ead-887e-ec73d8cfb2d1" />
      <TestMethod codeBase="/mnt/c/Users/alena/Desktop/7_sem/testing_and_debugging/SkiResort/IntegrationTests/bin/Debug/net6.0/IntegrationTests.dll" adapterTypeName="executor://xunit/VsTestRunner2/netcoreapp" className="IntegrationTests.TestActionsWithUsers" name="TestLogInWithWrongPassword" />
    </UnitTest>
    <UnitTest name="IntegrationTests.TestActionsWithSlopes.TestGetSlopesInfoAsync(initialSlopes: [Slope { SlopeID = 164, SlopeName = slopeName8e15fb14-7a75-41c4-b9b5-58f9d2edcf22, IsOpen = True, DifficultyLevel = 240, ConnectedLifts =  }, Slope { SlopeID = 7, SlopeName = slopeName3dc889f9-f5e4-4b4a-b7d9-ff96eede747b, IsOpen = False, DifficultyLevel = 196, ConnectedLifts =  }, Slope { SlopeID = 22, SlopeName = slopeNamed3bfb897-b65d-4ab4-9290-f885ca1d0900, IsOp..." storage="/mnt/c/users/alena/desktop/7_sem/testing_and_debugging/skiresort/integrationtests/bin/debug/net6.0/integrationtests.dll" id="469b101f-8633-a685-8d5b-bdbf8dc340c5">
      <Execution id="eb88d273-6c51-4e7f-8642-b01b84f5cbe1" />
      <TestMethod codeBase="/mnt/c/Users/alena/Desktop/7_sem/testing_and_debugging/SkiResort/IntegrationTests/bin/Debug/net6.0/IntegrationTests.dll" adapterTypeName="executor://xunit/VsTestRunner2/netcoreapp" className="IntegrationTests.TestActionsWithSlopes" name="TestGetSlopesInfoAsync" />
    </UnitTest>
    <UnitTest name="IntegrationTests.TestActionsWithUsers.TestAdminUpdateUser" storage="/mnt/c/users/alena/desktop/7_sem/testing_and_debugging/skiresort/integrationtests/bin/debug/net6.0/integrationtests.dll" id="61a0d3cb-1290-855e-f649-c3c1c190f4b1">
      <Execution id="7e1ed318-1795-46c6-89f0-b3a0b2b635c0" />
      <TestMethod codeBase="/mnt/c/Users/alena/Desktop/7_sem/testing_and_debugging/SkiResort/IntegrationTests/bin/Debug/net6.0/IntegrationTests.dll" adapterTypeName="executor://xunit/VsTestRunner2/netcoreapp" className="IntegrationTests.TestActionsWithUsers" name="TestAdminUpdateUser" />
    </UnitTest>
    <UnitTest name="IntegrationTests.TestActionsWithUsers.TestAdminGetUserByIDAsync" storage="/mnt/c/users/alena/desktop/7_sem/testing_and_debugging/skiresort/integrationtests/bin/debug/net6.0/integrationtests.dll" id="593087f0-c7ab-1991-c3ee-af523cc03ada">
      <Execution id="8871a527-482c-4d04-aea8-87df6abb1e3d" />
      <TestMethod codeBase="/mnt/c/Users/alena/Desktop/7_sem/testing_and_debugging/SkiResort/IntegrationTests/bin/Debug/net6.0/IntegrationTests.dll" adapterTypeName="executor://xunit/VsTestRunner2/netcoreapp" className="IntegrationTests.TestActionsWithUsers" name="TestAdminGetUserByIDAsync" />
    </UnitTest>
    <UnitTest name="IntegrationTests.TestActionsWithTurnstiles.TestAdminGetTurnstileAsync(turnstile: Turnstile { TurnstileID = 203, LiftID = 130, IsOpen = True })" storage="/mnt/c/users/alena/desktop/7_sem/testing_and_debugging/skiresort/integrationtests/bin/debug/net6.0/integrationtests.dll" id="a375c738-2deb-4793-013d-60ca71fa025a">
      <Execution id="4dcf368b-8db5-49d7-be15-7912d682c599" />
      <TestMethod codeBase="/mnt/c/Users/alena/Desktop/7_sem/testing_and_debugging/SkiResort/IntegrationTests/bin/Debug/net6.0/IntegrationTests.dll" adapterTypeName="executor://xunit/VsTestRunner2/netcoreapp" className="IntegrationTests.TestActionsWithTurnstiles" name="TestAdminGetTurnstileAsync" />
    </UnitTest>
    <UnitTest name="IntegrationTests.TestActionsWithTurnstiles.TestAdminAddAutoIncrementTurnstileAsync(turnstile: Turnstile { TurnstileID = 108, LiftID = 61, IsOpen = True })" storage="/mnt/c/users/alena/desktop/7_sem/testing_and_debugging/skiresort/integrationtests/bin/debug/net6.0/integrationtests.dll" id="c9eb09a5-a7c9-86cd-ac87-626638681cb3">
      <Execution id="ee5af0da-2530-46c6-a257-9fba37896158" />
      <TestMethod codeBase="/mnt/c/Users/alena/Desktop/7_sem/testing_and_debugging/SkiResort/IntegrationTests/bin/Debug/net6.0/IntegrationTests.dll" adapterTypeName="executor://xunit/VsTestRunner2/netcoreapp" className="IntegrationTests.TestActionsWithTurnstiles" name="TestAdminAddAutoIncrementTurnstileAsync" />
    </UnitTest>
    <UnitTest name="IntegrationTests.TestActionsWithUsers.TestAdminGetUsers" storage="/mnt/c/users/alena/desktop/7_sem/testing_and_debugging/skiresort/integrationtests/bin/debug/net6.0/integrationtests.dll" id="682d3b16-d8d9-d658-4906-fcc748843214">
      <Execution id="dbdca268-f870-4a7d-8d46-46880da79495" />
      <TestMethod codeBase="/mnt/c/Users/alena/Desktop/7_sem/testing_and_debugging/SkiResort/IntegrationTests/bin/Debug/net6.0/IntegrationTests.dll" adapterTypeName="executor://xunit/VsTestRunner2/netcoreapp" className="IntegrationTests.TestActionsWithUsers" name="TestAdminGetUsers" />
    </UnitTest>
    <UnitTest name="IntegrationTests.TestActionsWithTurnstiles.TestAdminGetTurnstilesAsync(initialTurnstiles: [Turnstile { TurnstileID = 32, LiftID = 105, IsOpen = True }, Turnstile { TurnstileID = 20, LiftID = 147, IsOpen = False }, Turnstile { TurnstileID = 209, LiftID = 29, IsOpen = True }])" storage="/mnt/c/users/alena/desktop/7_sem/testing_and_debugging/skiresort/integrationtests/bin/debug/net6.0/integrationtests.dll" id="8a671bbd-a679-9554-80f7-33c777475820">
      <Execution id="efd63135-0cb6-496e-a00c-a8afa4b99ed8" />
      <TestMethod codeBase="/mnt/c/Users/alena/Desktop/7_sem/testing_and_debugging/SkiResort/IntegrationTests/bin/Debug/net6.0/IntegrationTests.dll" adapterTypeName="executor://xunit/VsTestRunner2/netcoreapp" className="IntegrationTests.TestActionsWithTurnstiles" name="TestAdminGetTurnstilesAsync" />
    </UnitTest>
    <UnitTest name="IntegrationTests.TestActionsWithLiftsLifts.TestAdminDeleteLiftAsync(lift: Lift { LiftID = 144, LiftName = liftName5f8d55fa-eb0b-4dce-a44c-3302f1077a55, IsOpen = True, SeatsAmount = 18, LiftingTime = 156, QueueTime = 104, ConnectedSlopes =  })" storage="/mnt/c/users/alena/desktop/7_sem/testing_and_debugging/skiresort/integrationtests/bin/debug/net6.0/integrationtests.dll" id="6122dccf-939d-2504-0718-d2539651fd5e">
      <Execution id="205f43e6-c54f-464e-9d9e-0a3af9bab9be" />
      <TestMethod codeBase="/mnt/c/Users/alena/Desktop/7_sem/testing_and_debugging/SkiResort/IntegrationTests/bin/Debug/net6.0/IntegrationTests.dll" adapterTypeName="executor://xunit/VsTestRunner2/netcoreapp" className="IntegrationTests.TestActionsWithLiftsLifts" name="TestAdminDeleteLiftAsync" />
    </UnitTest>
    <UnitTest name="IntegrationTests.TestActionsWithUsers.TestAdminDeleteUser" storage="/mnt/c/users/alena/desktop/7_sem/testing_and_debugging/skiresort/integrationtests/bin/debug/net6.0/integrationtests.dll" id="640a72f6-5583-6636-1a54-8396abe99588">
      <Execution id="74f8ef5a-533f-45bd-acf2-6ee666778a2e" />
      <TestMethod codeBase="/mnt/c/Users/alena/Desktop/7_sem/testing_and_debugging/SkiResort/IntegrationTests/bin/Debug/net6.0/IntegrationTests.dll" adapterTypeName="executor://xunit/VsTestRunner2/netcoreapp" className="IntegrationTests.TestActionsWithUsers" name="TestAdminDeleteUser" />
    </UnitTest>
    <UnitTest name="IntegrationTests.TestActionsWithLiftsSlopes.TestAdminAddAutoIncrementLiftSlopeAsync(lift: Lift { LiftID = 126, LiftName = liftNamea21d767e-01f9-4cac-b1f6-8827d594483e, IsOpen = True, SeatsAmount = 133, LiftingTime = 96, QueueTime = 63, ConnectedSlopes =  }, slope: Slope { SlopeID = 103, SlopeName = slopeNamef488ed17-cea7-4a7e-ba38-f3b0b8498a60, IsOpen = False, DifficultyLevel = 159, ConnectedLifts =  })" storage="/mnt/c/users/alena/desktop/7_sem/testing_and_debugging/skiresort/integrationtests/bin/debug/net6.0/integrationtests.dll" id="0db0df9c-536e-3dce-56a1-0dc25451d7ac">
      <Execution id="e763e2ac-625c-40c7-bffa-09d0cbdbd1a5" />
      <TestMethod codeBase="/mnt/c/Users/alena/Desktop/7_sem/testing_and_debugging/SkiResort/IntegrationTests/bin/Debug/net6.0/IntegrationTests.dll" adapterTypeName="executor://xunit/VsTestRunner2/netcoreapp" className="IntegrationTests.TestActionsWithLiftsSlopes" name="TestAdminAddAutoIncrementLiftSlopeAsync" />
    </UnitTest>
    <UnitTest name="IntegrationTests.TestActionsWithUsers.TestAdminAddAutoIncrementUser" storage="/mnt/c/users/alena/desktop/7_sem/testing_and_debugging/skiresort/integrationtests/bin/debug/net6.0/integrationtests.dll" id="26a3ed7b-f58f-b931-d8c6-d1d1687098ba">
      <Execution id="b4654632-b482-4b27-a19f-ce0ca719c874" />
      <TestMethod codeBase="/mnt/c/Users/alena/Desktop/7_sem/testing_and_debugging/SkiResort/IntegrationTests/bin/Debug/net6.0/IntegrationTests.dll" adapterTypeName="executor://xunit/VsTestRunner2/netcoreapp" className="IntegrationTests.TestActionsWithUsers" name="TestAdminAddAutoIncrementUser" />
    </UnitTest>
    <UnitTest name="IntegrationTests.TestActionsWithSlopes.TestAdminAddAutoIncrementSlopeAsync(slope: Slope { SlopeID = 90, SlopeName = slopeName305b3ca7-cddc-458e-b6f9-2a293da109b4, IsOpen = True, DifficultyLevel = 196, ConnectedLifts =  })" storage="/mnt/c/users/alena/desktop/7_sem/testing_and_debugging/skiresort/integrationtests/bin/debug/net6.0/integrationtests.dll" id="bed0ce94-da20-1c4c-bc11-f1af5105cbe5">
      <Execution id="b77fc748-659d-485a-aefd-3aa59ce5eb46" />
      <TestMethod codeBase="/mnt/c/Users/alena/Desktop/7_sem/testing_and_debugging/SkiResort/IntegrationTests/bin/Debug/net6.0/IntegrationTests.dll" adapterTypeName="executor://xunit/VsTestRunner2/netcoreapp" className="IntegrationTests.TestActionsWithSlopes" name="TestAdminAddAutoIncrementSlopeAsync" />
    </UnitTest>
    <UnitTest name="IntegrationTests.TestActionsWithSlopes.TestAdminDeleteSlopeAsync(slope: Slope { SlopeID = 213, SlopeName = slopeNamecd48a704-5168-4f97-b2c5-0edb30bfcec7, IsOpen = True, DifficultyLevel = 236, ConnectedLifts =  })" storage="/mnt/c/users/alena/desktop/7_sem/testing_and_debugging/skiresort/integrationtests/bin/debug/net6.0/integrationtests.dll" id="fc0ea631-6219-b444-53c5-94da732ec431">
      <Execution id="5eec89ef-870d-481f-9869-91ab98adfe86" />
      <TestMethod codeBase="/mnt/c/Users/alena/Desktop/7_sem/testing_and_debugging/SkiResort/IntegrationTests/bin/Debug/net6.0/IntegrationTests.dll" adapterTypeName="executor://xunit/VsTestRunner2/netcoreapp" className="IntegrationTests.TestActionsWithSlopes" name="TestAdminDeleteSlopeAsync" />
    </UnitTest>
    <UnitTest name="IntegrationTests.TestActionsWithSlopes.TestUpdateSlopeInfoAsync(slope: Slope { SlopeID = 151, SlopeName = slopeName406fbb4e-9a20-4acc-abaf-c6d502dfbe06, IsOpen = True, DifficultyLevel = 217, ConnectedLifts =  })" storage="/mnt/c/users/alena/desktop/7_sem/testing_and_debugging/skiresort/integrationtests/bin/debug/net6.0/integrationtests.dll" id="73440c88-0371-0406-a817-702698537cf1">
      <Execution id="5e39f218-6061-4918-8c07-231d4668ba90" />
      <TestMethod codeBase="/mnt/c/Users/alena/Desktop/7_sem/testing_and_debugging/SkiResort/IntegrationTests/bin/Debug/net6.0/IntegrationTests.dll" adapterTypeName="executor://xunit/VsTestRunner2/netcoreapp" className="IntegrationTests.TestActionsWithSlopes" name="TestUpdateSlopeInfoAsync" />
    </UnitTest>
    <UnitTest name="IntegrationTests.TestActionsWithLiftsLifts.TestAdminAddAutoIncrementLiftAsync(lift: Lift { LiftID = 250, LiftName = liftName00849f0f-bb27-491d-8a13-8c341bd6e9eb, IsOpen = True, SeatsAmount = 209, LiftingTime = 177, QueueTime = 243, ConnectedSlopes =  })" storage="/mnt/c/users/alena/desktop/7_sem/testing_and_debugging/skiresort/integrationtests/bin/debug/net6.0/integrationtests.dll" id="84addb88-5718-2921-5bbe-fd4b19b23e58">
      <Execution id="72ac167f-f2e1-48aa-ba0b-0514603944a2" />
      <TestMethod codeBase="/mnt/c/Users/alena/Desktop/7_sem/testing_and_debugging/SkiResort/IntegrationTests/bin/Debug/net6.0/IntegrationTests.dll" adapterTypeName="executor://xunit/VsTestRunner2/netcoreapp" className="IntegrationTests.TestActionsWithLiftsLifts" name="TestAdminAddAutoIncrementLiftAsync" />
    </UnitTest>
    <UnitTest name="IntegrationTests.TestActionsWithUsers.TestRegisterUserWithNoPassword" storage="/mnt/c/users/alena/desktop/7_sem/testing_and_debugging/skiresort/integrationtests/bin/debug/net6.0/integrationtests.dll" id="198a1ae3-83ab-ea18-2e21-87927dc980e2">
      <Execution id="cc4e078a-5e17-45f1-8f10-555a5ef1ff4b" />
      <TestMethod codeBase="/mnt/c/Users/alena/Desktop/7_sem/testing_and_debugging/SkiResort/IntegrationTests/bin/Debug/net6.0/IntegrationTests.dll" adapterTypeName="executor://xunit/VsTestRunner2/netcoreapp" className="IntegrationTests.TestActionsWithUsers" name="TestRegisterUserWithNoPassword" />
    </UnitTest>
    <UnitTest name="IntegrationTests.TestActionsWithLiftsLifts.TestUpdateLiftInfoAsync(lift: Lift { LiftID = 163, LiftName = liftName58f228dc-55f0-4560-9d69-ee3958d93822, IsOpen = True, SeatsAmount = 87, LiftingTime = 198, QueueTime = 175, ConnectedSlopes =  })" storage="/mnt/c/users/alena/desktop/7_sem/testing_and_debugging/skiresort/integrationtests/bin/debug/net6.0/integrationtests.dll" id="d4f2c797-16c6-5688-5486-e8997e672030">
      <Execution id="37f5cbac-fdda-42af-8173-d9628b3ad5ec" />
      <TestMethod codeBase="/mnt/c/Users/alena/Desktop/7_sem/testing_and_debugging/SkiResort/IntegrationTests/bin/Debug/net6.0/IntegrationTests.dll" adapterTypeName="executor://xunit/VsTestRunner2/netcoreapp" className="IntegrationTests.TestActionsWithLiftsLifts" name="TestUpdateLiftInfoAsync" />
    </UnitTest>
    <UnitTest name="IntegrationTests.TestActionsWithSlopes.TestGetSlopeInfoAsync(slope: Slope { SlopeID = 156, SlopeName = slopeNamee06c1835-5489-4431-9da2-ea3accb13965, IsOpen = True, DifficultyLevel = 233, ConnectedLifts =  })" storage="/mnt/c/users/alena/desktop/7_sem/testing_and_debugging/skiresort/integrationtests/bin/debug/net6.0/integrationtests.dll" id="26ddc504-fb16-7632-90bd-081a948f12e2">
      <Execution id="0be5c73f-84d9-4614-8ed0-479884afcc3c" />
      <TestMethod codeBase="/mnt/c/Users/alena/Desktop/7_sem/testing_and_debugging/SkiResort/IntegrationTests/bin/Debug/net6.0/IntegrationTests.dll" adapterTypeName="executor://xunit/VsTestRunner2/netcoreapp" className="IntegrationTests.TestActionsWithSlopes" name="TestGetSlopeInfoAsync" />
    </UnitTest>
    <UnitTest name="IntegrationTests.TestActionsWithUsers.TestRegisterUserWithNoEmail" storage="/mnt/c/users/alena/desktop/7_sem/testing_and_debugging/skiresort/integrationtests/bin/debug/net6.0/integrationtests.dll" id="48375cbc-003d-d0fc-ff6a-cfef4b266dfb">
      <Execution id="2895a079-5d22-43d3-aceb-57c0d930cba4" />
      <TestMethod codeBase="/mnt/c/Users/alena/Desktop/7_sem/testing_and_debugging/SkiResort/IntegrationTests/bin/Debug/net6.0/IntegrationTests.dll" adapterTypeName="executor://xunit/VsTestRunner2/netcoreapp" className="IntegrationTests.TestActionsWithUsers" name="TestRegisterUserWithNoEmail" />
    </UnitTest>
    <UnitTest name="IntegrationTests.TestActionsWithTurnstiles.TestAdminDeleteTurnstileAsync(turnstile: Turnstile { TurnstileID = 223, LiftID = 51, IsOpen = True })" storage="/mnt/c/users/alena/desktop/7_sem/testing_and_debugging/skiresort/integrationtests/bin/debug/net6.0/integrationtests.dll" id="bc3b01eb-da5a-0cbf-91eb-d772ee97ddce">
      <Execution id="ed996d11-9af2-4d7b-b6be-49399b5b3ffa" />
      <TestMethod codeBase="/mnt/c/Users/alena/Desktop/7_sem/testing_and_debugging/SkiResort/IntegrationTests/bin/Debug/net6.0/IntegrationTests.dll" adapterTypeName="executor://xunit/VsTestRunner2/netcoreapp" className="IntegrationTests.TestActionsWithTurnstiles" name="TestAdminDeleteTurnstileAsync" />
    </UnitTest>
    <UnitTest name="IntegrationTests.TestActionsWithUsers.TestLogInOk" storage="/mnt/c/users/alena/desktop/7_sem/testing_and_debugging/skiresort/integrationtests/bin/debug/net6.0/integrationtests.dll" id="45fe0df1-c885-2f7e-8187-832190c2786d">
      <Execution id="6f7bce27-e597-49db-899c-e4a616090399" />
      <TestMethod codeBase="/mnt/c/Users/alena/Desktop/7_sem/testing_and_debugging/SkiResort/IntegrationTests/bin/Debug/net6.0/IntegrationTests.dll" adapterTypeName="executor://xunit/VsTestRunner2/netcoreapp" className="IntegrationTests.TestActionsWithUsers" name="TestLogInOk" />
    </UnitTest>
    <UnitTest name="IntegrationTests.TestActionsWithLiftsLifts.TestGetLiftsInfoAsync(initialLifts: [Lift { LiftID = 35, LiftName = liftName24f0bfd5-5d9d-42e0-99d4-b0345df0453f, IsOpen = True, SeatsAmount = 109, LiftingTime = 166, QueueTime = 33, ConnectedSlopes =  }, Lift { LiftID = 23, LiftName = liftName75221474-7f4a-42f1-91da-c428dc742651, IsOpen = False, SeatsAmount = 134, LiftingTime = 8, QueueTime = 164, ConnectedSlopes =  }, Lift { LiftID = 91, LiftName..." storage="/mnt/c/users/alena/desktop/7_sem/testing_and_debugging/skiresort/integrationtests/bin/debug/net6.0/integrationtests.dll" id="e54a4cee-e2a1-889e-b4cd-647e25b91df6">
      <Execution id="2eecba50-7310-473f-8359-ccf4e21c9697" />
      <TestMethod codeBase="/mnt/c/Users/alena/Desktop/7_sem/testing_and_debugging/SkiResort/IntegrationTests/bin/Debug/net6.0/IntegrationTests.dll" adapterTypeName="executor://xunit/VsTestRunner2/netcoreapp" className="IntegrationTests.TestActionsWithLiftsLifts" name="TestGetLiftsInfoAsync" />
    </UnitTest>
    <UnitTest name="IntegrationTests.TestActionsWithLiftsSlopes.TestGetLiftsSlopesInfoAsync(liftsSlopes: [LiftSlope { RecordID = 124, LiftID = 237, SlopeID = 239 }, LiftSlope { RecordID = 241, LiftID = 49, SlopeID = 75 }, LiftSlope { RecordID = 61, LiftID = 25, SlopeID = 29 }])" storage="/mnt/c/users/alena/desktop/7_sem/testing_and_debugging/skiresort/integrationtests/bin/debug/net6.0/integrationtests.dll" id="63be1f92-7da8-a66e-02df-a6e75143687a">
      <Execution id="6240f5a7-a6ea-4b62-aa9d-434ce5cc07ab" />
      <TestMethod codeBase="/mnt/c/Users/alena/Desktop/7_sem/testing_and_debugging/SkiResort/IntegrationTests/bin/Debug/net6.0/IntegrationTests.dll" adapterTypeName="executor://xunit/VsTestRunner2/netcoreapp" className="IntegrationTests.TestActionsWithLiftsSlopes" name="TestGetLiftsSlopesInfoAsync" />
    </UnitTest>
    <UnitTest name="IntegrationTests.TestActionsWithSlopes.TestAdminAddSlopeAsync(slope: Slope { SlopeID = 2, SlopeName = slopeName0673d764-0ced-4349-b433-8ea18e8153e1, IsOpen = True, DifficultyLevel = 121, ConnectedLifts =  })" storage="/mnt/c/users/alena/desktop/7_sem/testing_and_debugging/skiresort/integrationtests/bin/debug/net6.0/integrationtests.dll" id="193260fb-c453-bdea-b295-201d544934fe">
      <Execution id="710bf19f-f824-441b-9d27-4310f7065bcc" />
      <TestMethod codeBase="/mnt/c/Users/alena/Desktop/7_sem/testing_and_debugging/SkiResort/IntegrationTests/bin/Debug/net6.0/IntegrationTests.dll" adapterTypeName="executor://xunit/VsTestRunner2/netcoreapp" className="IntegrationTests.TestActionsWithSlopes" name="TestAdminAddSlopeAsync" />
    </UnitTest>
    <UnitTest name="IntegrationTests.TestActionsWithLiftsSlopes.TestAdminDeleteLiftSlopeAsync(lift: Lift { LiftID = 225, LiftName = liftNamef4a6059b-a53a-4404-8950-956e20e5a3a8, IsOpen = True, SeatsAmount = 40, LiftingTime = 23, QueueTime = 122, ConnectedSlopes =  }, slope: Slope { SlopeID = 214, SlopeName = slopeName4121565e-cfd5-488d-a023-22cba60032f4, IsOpen = False, DifficultyLevel = 93, ConnectedLifts =  })" storage="/mnt/c/users/alena/desktop/7_sem/testing_and_debugging/skiresort/integrationtests/bin/debug/net6.0/integrationtests.dll" id="7cb71f1d-7cf6-9e27-c720-172531cf723e">
      <Execution id="02741961-243b-40fd-b81b-dfe73f72a762" />
      <TestMethod codeBase="/mnt/c/Users/alena/Desktop/7_sem/testing_and_debugging/SkiResort/IntegrationTests/bin/Debug/net6.0/IntegrationTests.dll" adapterTypeName="executor://xunit/VsTestRunner2/netcoreapp" className="IntegrationTests.TestActionsWithLiftsSlopes" name="TestAdminDeleteLiftSlopeAsync" />
    </UnitTest>
    <UnitTest name="IntegrationTests.TestActionsWithUsers.TestRegisterUserWithRepeatedEmail" storage="/mnt/c/users/alena/desktop/7_sem/testing_and_debugging/skiresort/integrationtests/bin/debug/net6.0/integrationtests.dll" id="cb8eae24-e7ef-ed7e-d8e9-347d61b13b3a">
      <Execution id="7da6abe4-a423-43d9-b6b0-7243aea16842" />
      <TestMethod codeBase="/mnt/c/Users/alena/Desktop/7_sem/testing_and_debugging/SkiResort/IntegrationTests/bin/Debug/net6.0/IntegrationTests.dll" adapterTypeName="executor://xunit/VsTestRunner2/netcoreapp" className="IntegrationTests.TestActionsWithUsers" name="TestRegisterUserWithRepeatedEmail" />
    </UnitTest>
  </TestDefinitions>
  <TestEntries>
    <TestEntry testId="73440c88-0371-0406-a817-702698537cf1" executionId="5e39f218-6061-4918-8c07-231d4668ba90" testListId="8c84fa94-04c1-424b-9868-57a2d4851a1d" />
    <TestEntry testId="c9eb09a5-a7c9-86cd-ac87-626638681cb3" executionId="ee5af0da-2530-46c6-a257-9fba37896158" testListId="8c84fa94-04c1-424b-9868-57a2d4851a1d" />
    <TestEntry testId="198a1ae3-83ab-ea18-2e21-87927dc980e2" executionId="cc4e078a-5e17-45f1-8f10-555a5ef1ff4b" testListId="8c84fa94-04c1-424b-9868-57a2d4851a1d" />
    <TestEntry testId="682d3b16-d8d9-d658-4906-fcc748843214" executionId="dbdca268-f870-4a7d-8d46-46880da79495" testListId="8c84fa94-04c1-424b-9868-57a2d4851a1d" />
    <TestEntry testId="cb8eae24-e7ef-ed7e-d8e9-347d61b13b3a" executionId="7da6abe4-a423-43d9-b6b0-7243aea16842" testListId="8c84fa94-04c1-424b-9868-57a2d4851a1d" />
    <TestEntry testId="774f4106-2067-82de-50b1-fb5653ee6d4a" executionId="a86e6104-c9bd-4ce9-8065-9f155ecf369e" testListId="8c84fa94-04c1-424b-9868-57a2d4851a1d" />
    <TestEntry testId="26a3ed7b-f58f-b931-d8c6-d1d1687098ba" executionId="b4654632-b482-4b27-a19f-ce0ca719c874" testListId="8c84fa94-04c1-424b-9868-57a2d4851a1d" />
    <TestEntry testId="d4f2c797-16c6-5688-5486-e8997e672030" executionId="37f5cbac-fdda-42af-8173-d9628b3ad5ec" testListId="8c84fa94-04c1-424b-9868-57a2d4851a1d" />
    <TestEntry testId="bed0ce94-da20-1c4c-bc11-f1af5105cbe5" executionId="b77fc748-659d-485a-aefd-3aa59ce5eb46" testListId="8c84fa94-04c1-424b-9868-57a2d4851a1d" />
    <TestEntry testId="6122dccf-939d-2504-0718-d2539651fd5e" executionId="205f43e6-c54f-464e-9d9e-0a3af9bab9be" testListId="8c84fa94-04c1-424b-9868-57a2d4851a1d" />
    <TestEntry testId="640a72f6-5583-6636-1a54-8396abe99588" executionId="74f8ef5a-533f-45bd-acf2-6ee666778a2e" testListId="8c84fa94-04c1-424b-9868-57a2d4851a1d" />
    <TestEntry testId="45fe0df1-c885-2f7e-8187-832190c2786d" executionId="6f7bce27-e597-49db-899c-e4a616090399" testListId="8c84fa94-04c1-424b-9868-57a2d4851a1d" />
    <TestEntry testId="8a671bbd-a679-9554-80f7-33c777475820" executionId="efd63135-0cb6-496e-a00c-a8afa4b99ed8" testListId="8c84fa94-04c1-424b-9868-57a2d4851a1d" />
    <TestEntry testId="0db0df9c-536e-3dce-56a1-0dc25451d7ac" executionId="e763e2ac-625c-40c7-bffa-09d0cbdbd1a5" testListId="8c84fa94-04c1-424b-9868-57a2d4851a1d" />
    <TestEntry testId="84addb88-5718-2921-5bbe-fd4b19b23e58" executionId="72ac167f-f2e1-48aa-ba0b-0514603944a2" testListId="8c84fa94-04c1-424b-9868-57a2d4851a1d" />
    <TestEntry testId="48375cbc-003d-d0fc-ff6a-cfef4b266dfb" executionId="2895a079-5d22-43d3-aceb-57c0d930cba4" testListId="8c84fa94-04c1-424b-9868-57a2d4851a1d" />
    <TestEntry testId="479b875f-d623-ae0a-ff97-dc49a4f2a217" executionId="2679bc38-1e27-4ead-887e-ec73d8cfb2d1" testListId="8c84fa94-04c1-424b-9868-57a2d4851a1d" />
    <TestEntry testId="469b101f-8633-a685-8d5b-bdbf8dc340c5" executionId="eb88d273-6c51-4e7f-8642-b01b84f5cbe1" testListId="8c84fa94-04c1-424b-9868-57a2d4851a1d" />
    <TestEntry testId="bc3b01eb-da5a-0cbf-91eb-d772ee97ddce" executionId="ed996d11-9af2-4d7b-b6be-49399b5b3ffa" testListId="8c84fa94-04c1-424b-9868-57a2d4851a1d" />
    <TestEntry testId="26ddc504-fb16-7632-90bd-081a948f12e2" executionId="0be5c73f-84d9-4614-8ed0-479884afcc3c" testListId="8c84fa94-04c1-424b-9868-57a2d4851a1d" />
    <TestEntry testId="a375c738-2deb-4793-013d-60ca71fa025a" executionId="4dcf368b-8db5-49d7-be15-7912d682c599" testListId="8c84fa94-04c1-424b-9868-57a2d4851a1d" />
    <TestEntry testId="754da7c2-459d-b5e7-7919-62631950e338" executionId="73a581aa-6250-44a3-a034-7e0ade9e4dc9" testListId="8c84fa94-04c1-424b-9868-57a2d4851a1d" />
    <TestEntry testId="fc0ea631-6219-b444-53c5-94da732ec431" executionId="5eec89ef-870d-481f-9869-91ab98adfe86" testListId="8c84fa94-04c1-424b-9868-57a2d4851a1d" />
    <TestEntry testId="7cb71f1d-7cf6-9e27-c720-172531cf723e" executionId="02741961-243b-40fd-b81b-dfe73f72a762" testListId="8c84fa94-04c1-424b-9868-57a2d4851a1d" />
    <TestEntry testId="193260fb-c453-bdea-b295-201d544934fe" executionId="710bf19f-f824-441b-9d27-4310f7065bcc" testListId="8c84fa94-04c1-424b-9868-57a2d4851a1d" />
    <TestEntry testId="61a0d3cb-1290-855e-f649-c3c1c190f4b1" executionId="7e1ed318-1795-46c6-89f0-b3a0b2b635c0" testListId="8c84fa94-04c1-424b-9868-57a2d4851a1d" />
    <TestEntry testId="d78ba6d0-dfa8-fa6f-4cc8-23966ee34980" executionId="4e9d3220-476c-45d9-b4f6-9e1f1335bf1d" testListId="8c84fa94-04c1-424b-9868-57a2d4851a1d" />
    <TestEntry testId="63be1f92-7da8-a66e-02df-a6e75143687a" executionId="6240f5a7-a6ea-4b62-aa9d-434ce5cc07ab" testListId="8c84fa94-04c1-424b-9868-57a2d4851a1d" />
    <TestEntry testId="e54a4cee-e2a1-889e-b4cd-647e25b91df6" executionId="2eecba50-7310-473f-8359-ccf4e21c9697" testListId="8c84fa94-04c1-424b-9868-57a2d4851a1d" />
    <TestEntry testId="593087f0-c7ab-1991-c3ee-af523cc03ada" executionId="8871a527-482c-4d04-aea8-87df6abb1e3d" testListId="8c84fa94-04c1-424b-9868-57a2d4851a1d" />
  </TestEntries>
  <TestLists>
    <TestList name="Results Not in a List" id="8c84fa94-04c1-424b-9868-57a2d4851a1d" />
    <TestList name="All Loaded Results" id="19431567-8539-422a-85d7-44ee4e166bda" />
  </TestLists>
  <ResultSummary outcome="Failed">
    <Counters total="30" executed="30" passed="29" failed="1" error="0" timeout="0" aborted="0" inconclusive="0" passedButRunAborted="0" notRunnable="0" notExecuted="0" disconnected="0" warning="0" completed="0" inProgress="0" pending="0" />
    <Output>
      <StdOut>[xUnit.net 00:00:00.00] xUnit.net VSTest Adapter v2.4.3+1b45f5407b (64-bit .NET 6.0.10)
[xUnit.net 00:00:01.02]   Discovering: IntegrationTests
[xUnit.net 00:00:01.13]   Discovered:  IntegrationTests
[xUnit.net 00:00:01.14]   Starting:    IntegrationTests
[xUnit.net 00:00:17.69]       System.InvalidOperationException : Operations that change non-concurrent collections must have exclusive access. A concurrent update was performed on this collection and corrupted its state. The collection's state is no longer correct.
[xUnit.net 00:00:17.70]       Stack Trace:
[xUnit.net 00:00:17.70]            at System.Collections.Generic.Dictionary`2.FindValue(TKey key)
[xUnit.net 00:00:17.70]            at System.Collections.Generic.Dictionary`2.TryGetValue(TKey key, TValue&amp; value)
[xUnit.net 00:00:17.70]            at ProGaudi.MsgPack.Light.MsgPackContext.GetObjectActivator(Type type)
[xUnit.net 00:00:17.70]            at ProGaudi.MsgPack.Light.MsgPackContext.&lt;&gt;c__DisplayClass24_0.&lt;TryGenerateConverterFromGenericConverter&gt;b__0(Type x)
[xUnit.net 00:00:17.70]            at ProGaudi.MsgPack.Light.MsgPackContext.TryGenerateConverterFromGenericConverter(Type type)
[xUnit.net 00:00:17.70]            at ProGaudi.MsgPack.Light.MsgPackContext.GetConverter[T]()
[xUnit.net 00:00:17.70]            at ProGaudi.MsgPack.Light.MsgPackSerializer.GetConverter[T](MsgPackContext context)
[xUnit.net 00:00:17.70]            at ProGaudi.MsgPack.Light.MsgPackSerializer.Deserialize[T](MemoryStream stream, MsgPackContext context)
[xUnit.net 00:00:17.70]            at ProGaudi.Tarantool.Client.LogicalConnection.SendRequest[TRequest,TResponse](TRequest request, Nullable`1 timeout)
[xUnit.net 00:00:17.70]            at ProGaudi.Tarantool.Client.LogicalConnectionManager.SendRequest[TRequest,TResponse](TRequest request, Nullable`1 timeout)
[xUnit.net 00:00:17.70]            at ProGaudi.Tarantool.Client.Schema.Select[T](UInt32 spaceId, Iterator iterator, UInt32 id)
[xUnit.net 00:00:17.70]            at ProGaudi.Tarantool.Client.Schema.Reload()
[xUnit.net 00:00:17.70]            at ProGaudi.Tarantool.Client.Box.Connect()
[xUnit.net 00:00:17.70]            at ProGaudi.Tarantool.Client.Box.Connect(String replicationSource)
[xUnit.net 00:00:17.70]         /mnt/c/Users/alena/Desktop/7_sem/testing_and_debugging/SkiResort/AccessToDB/TarantoolContext.cs(51,0): at AccessToDB.TarantoolContext.Initialize(String connection_string)
[xUnit.net 00:00:17.70]         /mnt/c/Users/alena/Desktop/7_sem/testing_and_debugging/SkiResort/AccessToDB/TarantoolContext.cs(32,0): at AccessToDB.TarantoolContext..ctor(String connection_string)
[xUnit.net 00:00:17.70]         /mnt/c/Users/alena/Desktop/7_sem/testing_and_debugging/SkiResort/IntegrationTests/TestActionsWithSlopes.cs(31,0): at IntegrationTests.TestActionsWithSlopes..ctor()
[xUnit.net 00:00:17.70]            at System.RuntimeType.CreateInstanceDefaultCtor(Boolean publicOnly, Boolean wrapExceptions)
[xUnit.net 00:00:19.62]   Finished:    IntegrationTests
</StdOut>
    </Output>
    <RunInfos>
      <RunInfo computerName="DESKTOP-TJ9D65N" outcome="Error" timestamp="2022-11-03T11:08:27.5289568+03:00">
        <Text>[xUnit.net 00:00:17.69]     IntegrationTests.TestActionsWithSlopes.TestGetSlopesInfoAsync(initialSlopes: [Slope { SlopeID = 164, SlopeName = slopeName8e15fb14-7a75-41c4-b9b5-58f9d2edcf22, IsOpen = True, DifficultyLevel = 240, ConnectedLifts =  }, Slope { SlopeID = 7, SlopeName = slopeName3dc889f9-f5e4-4b4a-b7d9-ff96eede747b, IsOpen = False, DifficultyLevel = 196, ConnectedLifts =  }, Slope { SlopeID = 22, SlopeName = slopeNamed3bfb897-b65d-4ab4-9290-f885ca1d0900, IsOpen = True, DifficultyLevel = 122, ConnectedLifts =  }]) [FAIL]</Text>
      </RunInfo>
    </RunInfos>
  </ResultSummary>
</TestRun>