<?xml version="1.0" encoding="utf-8"?>
<TestRun id="99551bba-6337-413f-b562-911eea9ec212" name="@DESKTOP-TJ9D65N 2022-11-03 10:24:59" xmlns="http://microsoft.com/schemas/VisualStudio/TeamTest/2010">
  <Times creation="2022-11-03T10:24:59.6593035+03:00" queuing="2022-11-03T10:24:59.6593036+03:00" start="2022-11-03T10:24:55.8356180+03:00" finish="2022-11-03T10:25:17.3653068+03:00" />
  <TestSettings name="default" id="ca248cef-6757-44cf-9eb8-1b77790a9f88">
    <Deployment runDeploymentRoot="_DESKTOP-TJ9D65N_2022-11-03_10_24_59" />
  </TestSettings>
  <Results>
    <UnitTestResult executionId="1f6277f4-a8b0-4cef-b174-ada8e5b03d37" testId="8a671bbd-a679-9554-80f7-33c777475820" testName="IntegrationTests.TestActionsWithTurnstiles.TestAdminGetTurnstilesAsync(initialTurnstiles: [Turnstile { TurnstileID = 89, LiftID = 218, IsOpen = True }, Turnstile { TurnstileID = 127, LiftID = 158, IsOpen = False }, Turnstile { TurnstileID = 92, LiftID = 59, IsOpen = True }])" computerName="DESKTOP-TJ9D65N" duration="00:00:00.6612581" startTime="2022-11-03T10:25:01.1903277+03:00" endTime="2022-11-03T10:25:01.1903279+03:00" testType="13cdc9d9-ddb5-4fa4-a97d-d965ccfc6d4b" outcome="Passed" testListId="8c84fa94-04c1-424b-9868-57a2d4851a1d" relativeResultsDirectory="1f6277f4-a8b0-4cef-b174-ada8e5b03d37" />
    <UnitTestResult executionId="4c6c0ef2-aafc-425a-b499-db2f144638f7" testId="be27b7f4-4559-d946-fc4f-89222fa79d5d" testName="IntegrationTests.TestActionsWithTurnstiles.TestAdminDeleteTurnstileAsync(turnstile: Turnstile { TurnstileID = 253, LiftID = 222, IsOpen = True })" computerName="DESKTOP-TJ9D65N" duration="00:00:00.6067044" startTime="2022-11-03T10:25:00.5127250+03:00" endTime="2022-11-03T10:25:00.5127252+03:00" testType="13cdc9d9-ddb5-4fa4-a97d-d965ccfc6d4b" outcome="Passed" testListId="8c84fa94-04c1-424b-9868-57a2d4851a1d" relativeResultsDirectory="4c6c0ef2-aafc-425a-b499-db2f144638f7" />
    <UnitTestResult executionId="c7512db8-8ee4-44e6-addc-2a61846e6ad4" testId="862e402b-3f5a-bd87-fea4-b5dfee85ad09" testName="IntegrationTests.TestActionsWithTurnstiles.TestAdminAddAutoIncrementTurnstileAsync(turnstile: Turnstile { TurnstileID = 44, LiftID = 111, IsOpen = True })" computerName="DESKTOP-TJ9D65N" duration="00:00:00.6194377" startTime="2022-11-03T10:24:59.8922842+03:00" endTime="2022-11-03T10:24:59.8922844+03:00" testType="13cdc9d9-ddb5-4fa4-a97d-d965ccfc6d4b" outcome="Passed" testListId="8c84fa94-04c1-424b-9868-57a2d4851a1d" relativeResultsDirectory="c7512db8-8ee4-44e6-addc-2a61846e6ad4" />
    <UnitTestResult executionId="97641883-e90a-4610-8280-81a8bcedfd07" testId="fb917fd5-4f30-e596-f819-a876e3836e41" testName="IntegrationTests.TestActionsWithSlopes.TestAdminDeleteSlopeAsync(slope: Slope { SlopeID = 237, SlopeName = slopeName8ac916b3-6dc7-45c5-b970-817909b2c18c, IsOpen = True, DifficultyLevel = 177, ConnectedLifts =  })" computerName="DESKTOP-TJ9D65N" duration="00:00:00.6289627" startTime="2022-11-03T10:25:11.9288676+03:00" endTime="2022-11-03T10:25:11.9288677+03:00" testType="13cdc9d9-ddb5-4fa4-a97d-d965ccfc6d4b" outcome="Passed" testListId="8c84fa94-04c1-424b-9868-57a2d4851a1d" relativeResultsDirectory="97641883-e90a-4610-8280-81a8bcedfd07" />
    <UnitTestResult executionId="1adf353e-7b31-4d66-af76-d3935e416d83" testId="d78ba6d0-dfa8-fa6f-4cc8-23966ee34980" testName="IntegrationTests.TestActionsWithUsers.TestRegisterOk" computerName="DESKTOP-TJ9D65N" duration="00:00:00.6041358" startTime="2022-11-03T10:25:04.9180674+03:00" endTime="2022-11-03T10:25:04.9180676+03:00" testType="13cdc9d9-ddb5-4fa4-a97d-d965ccfc6d4b" outcome="Passed" testListId="8c84fa94-04c1-424b-9868-57a2d4851a1d" relativeResultsDirectory="1adf353e-7b31-4d66-af76-d3935e416d83" />
    <UnitTestResult executionId="4ff19e7b-a824-4e40-89f0-b2a0eefc2659" testId="640a72f6-5583-6636-1a54-8396abe99588" testName="IntegrationTests.TestActionsWithUsers.TestAdminDeleteUser" computerName="DESKTOP-TJ9D65N" duration="00:00:00.6261035" startTime="2022-11-03T10:25:05.5647433+03:00" endTime="2022-11-03T10:25:05.5647436+03:00" testType="13cdc9d9-ddb5-4fa4-a97d-d965ccfc6d4b" outcome="Passed" testListId="8c84fa94-04c1-424b-9868-57a2d4851a1d" relativeResultsDirectory="4ff19e7b-a824-4e40-89f0-b2a0eefc2659" />
    <UnitTestResult executionId="6770560b-bcd4-4180-bafa-6e587ff2cb73" testId="469b101f-8633-a685-8d5b-bdbf8dc340c5" testName="IntegrationTests.TestActionsWithSlopes.TestGetSlopesInfoAsync(initialSlopes: [Slope { SlopeID = 68, SlopeName = slopeName94f1e405-b36b-4788-9d21-40157df8b2f5, IsOpen = True, DifficultyLevel = 179, ConnectedLifts =  }, Slope { SlopeID = 81, SlopeName = slopeNamec7be212d-8735-439b-ba26-231b4fe9c14f, IsOpen = False, DifficultyLevel = 86, ConnectedLifts =  }, Slope { SlopeID = 191, SlopeName = slopeName32198db2-6cc3-46f5-afd5-171cdc4b0afd, IsOpen = True, DifficultyLevel = 153, ConnectedLifts =  }])" computerName="DESKTOP-TJ9D65N" duration="00:00:00.6689125" startTime="2022-11-03T10:25:12.6128958+03:00" endTime="2022-11-03T10:25:12.6128960+03:00" testType="13cdc9d9-ddb5-4fa4-a97d-d965ccfc6d4b" outcome="Passed" testListId="8c84fa94-04c1-424b-9868-57a2d4851a1d" relativeResultsDirectory="6770560b-bcd4-4180-bafa-6e587ff2cb73" />
    <UnitTestResult executionId="a220bfdb-1690-4427-b0d5-e2b38fcc85fa" testId="5fb47448-26f9-5183-3909-b9652aeda397" testName="IntegrationTests.TestActionsWithLiftsLifts.TestAdminAddAutoIncrementLiftAsync(lift: Lift { LiftID = 104, LiftName = liftNamebd21228f-bfcc-4852-bd05-77ba05980903, IsOpen = True, SeatsAmount = 71, LiftingTime = 14, QueueTime = 238, ConnectedSlopes =  })" computerName="DESKTOP-TJ9D65N" duration="00:00:00.6279848" startTime="2022-11-03T10:25:10.6190985+03:00" endTime="2022-11-03T10:25:10.6190988+03:00" testType="13cdc9d9-ddb5-4fa4-a97d-d965ccfc6d4b" outcome="Passed" testListId="8c84fa94-04c1-424b-9868-57a2d4851a1d" relativeResultsDirectory="a220bfdb-1690-4427-b0d5-e2b38fcc85fa" />
    <UnitTestResult executionId="0411af3d-9436-4a88-b1cd-339dd8eb35f2" testId="f5496e4c-9a48-1b99-bd35-3f1d5f04abca" testName="IntegrationTests.TestActionsWithTurnstiles.TestAdminGetTurnstileAsync(turnstile: Turnstile { TurnstileID = 242, LiftID = 120, IsOpen = True })" computerName="DESKTOP-TJ9D65N" duration="00:00:00.6026181" startTime="2022-11-03T10:24:59.2441702+03:00" endTime="2022-11-03T10:24:59.2441710+03:00" testType="13cdc9d9-ddb5-4fa4-a97d-d965ccfc6d4b" outcome="Passed" testListId="8c84fa94-04c1-424b-9868-57a2d4851a1d" relativeResultsDirectory="0411af3d-9436-4a88-b1cd-339dd8eb35f2" />
    <UnitTestResult executionId="ff73ab5b-7ebb-4739-a5f4-b693357cabd3" testId="9da8524d-9953-d74b-b7e1-4d8dfb2a0f00" testName="IntegrationTests.TestActionsWithLiftsLifts.TestAdminDeleteLiftAsync(lift: Lift { LiftID = 91, LiftName = liftName8da3bd22-863e-4c2d-bc57-fb8e1c3803ed, IsOpen = True, SeatsAmount = 177, LiftingTime = 53, QueueTime = 67, ConnectedSlopes =  })" computerName="DESKTOP-TJ9D65N" duration="00:00:00.6375798" startTime="2022-11-03T10:25:08.5965670+03:00" endTime="2022-11-03T10:25:08.5965672+03:00" testType="13cdc9d9-ddb5-4fa4-a97d-d965ccfc6d4b" outcome="Passed" testListId="8c84fa94-04c1-424b-9868-57a2d4851a1d" relativeResultsDirectory="ff73ab5b-7ebb-4739-a5f4-b693357cabd3" />
    <UnitTestResult executionId="1994c0e0-df98-4204-b47d-fe3421eaf576" testId="479b875f-d623-ae0a-ff97-dc49a4f2a217" testName="IntegrationTests.TestActionsWithUsers.TestLogInWithWrongPassword" computerName="DESKTOP-TJ9D65N" duration="00:00:00.5693422" startTime="2022-11-03T10:25:04.2850024+03:00" endTime="2022-11-03T10:25:04.2850028+03:00" testType="13cdc9d9-ddb5-4fa4-a97d-d965ccfc6d4b" outcome="Passed" testListId="8c84fa94-04c1-424b-9868-57a2d4851a1d" relativeResultsDirectory="1994c0e0-df98-4204-b47d-fe3421eaf576" />
    <UnitTestResult executionId="d665b6a6-6b60-434a-bb5a-20c3afffb93d" testId="40dca42a-3eee-5c79-9591-5c0728057659" testName="IntegrationTests.TestActionsWithLiftsSlopes.TestAdminDeleteLiftSlopeAsync(lift: Lift { LiftID = 236, LiftName = liftName3f94a946-b15c-4fd5-a487-b64dfdfab9e4, IsOpen = True, SeatsAmount = 80, LiftingTime = 45, QueueTime = 11, ConnectedSlopes =  }, slope: Slope { SlopeID = 126, SlopeName = slopeName659d4a10-1f66-454d-9f99-ceb9f61698c0, IsOpen = False, DifficultyLevel = 57, ConnectedLifts =  })" computerName="DESKTOP-TJ9D65N" duration="00:00:00.6810462" startTime="2022-11-03T10:25:16.5763259+03:00" endTime="2022-11-03T10:25:16.5763261+03:00" testType="13cdc9d9-ddb5-4fa4-a97d-d965ccfc6d4b" outcome="Passed" testListId="8c84fa94-04c1-424b-9868-57a2d4851a1d" relativeResultsDirectory="d665b6a6-6b60-434a-bb5a-20c3afffb93d" />
    <UnitTestResult executionId="817b2a07-8df8-4954-97cd-f0c310b7b015" testId="26a3ed7b-f58f-b931-d8c6-d1d1687098ba" testName="IntegrationTests.TestActionsWithUsers.TestAdminAddAutoIncrementUser" computerName="DESKTOP-TJ9D65N" duration="00:00:00.6165035" startTime="2022-11-03T10:25:02.4830400+03:00" endTime="2022-11-03T10:25:02.4830402+03:00" testType="13cdc9d9-ddb5-4fa4-a97d-d965ccfc6d4b" outcome="Passed" testListId="8c84fa94-04c1-424b-9868-57a2d4851a1d" relativeResultsDirectory="817b2a07-8df8-4954-97cd-f0c310b7b015" />
    <UnitTestResult executionId="e3a21e2c-c556-4007-93f4-fb715ef8651c" testId="45fe0df1-c885-2f7e-8187-832190c2786d" testName="IntegrationTests.TestActionsWithUsers.TestLogInOk" computerName="DESKTOP-TJ9D65N" duration="00:00:00.5843521" startTime="2022-11-03T10:25:03.1094333+03:00" endTime="2022-11-03T10:25:03.1094336+03:00" testType="13cdc9d9-ddb5-4fa4-a97d-d965ccfc6d4b" outcome="Passed" testListId="8c84fa94-04c1-424b-9868-57a2d4851a1d" relativeResultsDirectory="e3a21e2c-c556-4007-93f4-fb715ef8651c" />
    <UnitTestResult executionId="a1e51bd1-232a-47a7-8773-0bfeea7ff6a5" testId="ace18e35-aad4-fd42-8a20-15208510be21" testName="IntegrationTests.TestActionsWithSlopes.TestAdminAddSlopeAsync(slope: Slope { SlopeID = 218, SlopeName = slopeNamef3d7ba53-5e81-4c43-a861-3f4350744392, IsOpen = True, DifficultyLevel = 167, ConnectedLifts =  })" computerName="DESKTOP-TJ9D65N" duration="00:00:00.6199346" startTime="2022-11-03T10:25:13.2520240+03:00" endTime="2022-11-03T10:25:13.2520243+03:00" testType="13cdc9d9-ddb5-4fa4-a97d-d965ccfc6d4b" outcome="Passed" testListId="8c84fa94-04c1-424b-9868-57a2d4851a1d" relativeResultsDirectory="a1e51bd1-232a-47a7-8773-0bfeea7ff6a5" />
    <UnitTestResult executionId="fd53f2a6-6b9c-4371-8c09-518654b3950c" testId="cb8eae24-e7ef-ed7e-d8e9-347d61b13b3a" testName="IntegrationTests.TestActionsWithUsers.TestRegisterUserWithRepeatedEmail" computerName="DESKTOP-TJ9D65N" duration="00:00:00.5657771" startTime="2022-11-03T10:25:03.7018544+03:00" endTime="2022-11-03T10:25:03.7018545+03:00" testType="13cdc9d9-ddb5-4fa4-a97d-d965ccfc6d4b" outcome="Passed" testListId="8c84fa94-04c1-424b-9868-57a2d4851a1d" relativeResultsDirectory="fd53f2a6-6b9c-4371-8c09-518654b3950c" />
    <UnitTestResult executionId="f3d9b14e-b16a-48eb-840f-5da94e227457" testId="63be1f92-7da8-a66e-02df-a6e75143687a" testName="IntegrationTests.TestActionsWithLiftsSlopes.TestGetLiftsSlopesInfoAsync(liftsSlopes: [LiftSlope { RecordID = 75, LiftID = 41, SlopeID = 204 }, LiftSlope { RecordID = 124, LiftID = 63, SlopeID = 74 }, LiftSlope { RecordID = 196, LiftID = 87, SlopeID = 15 }])" computerName="DESKTOP-TJ9D65N" duration="00:00:00.6546500" startTime="2022-11-03T10:25:15.8736035+03:00" endTime="2022-11-03T10:25:15.8736037+03:00" testType="13cdc9d9-ddb5-4fa4-a97d-d965ccfc6d4b" outcome="Passed" testListId="8c84fa94-04c1-424b-9868-57a2d4851a1d" relativeResultsDirectory="f3d9b14e-b16a-48eb-840f-5da94e227457" />
    <UnitTestResult executionId="dd5bd3ff-51bf-4db4-b3bd-0028c4029318" testId="1888ecce-58be-db32-ede6-36f3c153ebee" testName="IntegrationTests.TestActionsWithSlopes.TestUpdateSlopeInfoAsync(slope: Slope { SlopeID = 55, SlopeName = slopeName336e3e09-e2ed-4fd3-945b-7aa5bdafd15b, IsOpen = True, DifficultyLevel = 167, ConnectedLifts =  })" computerName="DESKTOP-TJ9D65N" duration="00:00:00.6438429" startTime="2022-11-03T10:25:14.5419224+03:00" endTime="2022-11-03T10:25:14.5419227+03:00" testType="13cdc9d9-ddb5-4fa4-a97d-d965ccfc6d4b" outcome="Passed" testListId="8c84fa94-04c1-424b-9868-57a2d4851a1d" relativeResultsDirectory="dd5bd3ff-51bf-4db4-b3bd-0028c4029318" />
    <UnitTestResult executionId="d96a848d-e8c7-45e7-98cc-48daa7de20cb" testId="48014160-238f-d712-183c-2714b5760ea5" testName="IntegrationTests.TestActionsWithLiftsLifts.TestGetLiftInfoAsync(lift: Lift { LiftID = 157, LiftName = liftName200ec6ec-b31f-4351-bb68-d3babe84f91c, IsOpen = True, SeatsAmount = 94, LiftingTime = 138, QueueTime = 2, ConnectedSlopes =  })" computerName="DESKTOP-TJ9D65N" duration="00:00:00.6202154" startTime="2022-11-03T10:25:09.9622436+03:00" endTime="2022-11-03T10:25:09.9622438+03:00" testType="13cdc9d9-ddb5-4fa4-a97d-d965ccfc6d4b" outcome="Passed" testListId="8c84fa94-04c1-424b-9868-57a2d4851a1d" relativeResultsDirectory="d96a848d-e8c7-45e7-98cc-48daa7de20cb" />
    <UnitTestResult executionId="dd980dc3-840f-46bd-b514-75b57e7cde2d" testId="3760ca91-7b92-6a35-980f-2b9a329a8e71" testName="IntegrationTests.TestActionsWithSlopes.TestGetSlopeInfoAsync(slope: Slope { SlopeID = 235, SlopeName = slopeNamec6bdb8a5-deb2-456d-9974-cdf914072972, IsOpen = True, DifficultyLevel = 135, ConnectedLifts =  })" computerName="DESKTOP-TJ9D65N" duration="00:00:00.6072509" startTime="2022-11-03T10:25:13.8723844+03:00" endTime="2022-11-03T10:25:13.8723846+03:00" testType="13cdc9d9-ddb5-4fa4-a97d-d965ccfc6d4b" outcome="Passed" testListId="8c84fa94-04c1-424b-9868-57a2d4851a1d" relativeResultsDirectory="dd980dc3-840f-46bd-b514-75b57e7cde2d" />
    <UnitTestResult executionId="a7dcb872-12e3-45c9-944d-8611d4ebde58" testId="979d0c6d-0284-7a72-3266-1dfcfcbff4b4" testName="IntegrationTests.TestActionsWithLiftsLifts.TestUpdateLiftInfoAsync(lift: Lift { LiftID = 205, LiftName = liftName2911aecd-bd3b-4cfb-b0b6-a5a3770c20b9, IsOpen = True, SeatsAmount = 253, LiftingTime = 74, QueueTime = 90, ConnectedSlopes =  })" computerName="DESKTOP-TJ9D65N" duration="00:00:00.6413110" startTime="2022-11-03T10:25:11.2821142+03:00" endTime="2022-11-03T10:25:11.2821147+03:00" testType="13cdc9d9-ddb5-4fa4-a97d-d965ccfc6d4b" outcome="Passed" testListId="8c84fa94-04c1-424b-9868-57a2d4851a1d" relativeResultsDirectory="a7dcb872-12e3-45c9-944d-8611d4ebde58" />
    <UnitTestResult executionId="40156732-6790-408c-92f0-44291d1077ca" testId="61a0d3cb-1290-855e-f649-c3c1c190f4b1" testName="IntegrationTests.TestActionsWithUsers.TestAdminUpdateUser" computerName="DESKTOP-TJ9D65N" duration="00:00:00.6095311" startTime="2022-11-03T10:25:01.8442827+03:00" endTime="2022-11-03T10:25:01.8442830+03:00" testType="13cdc9d9-ddb5-4fa4-a97d-d965ccfc6d4b" outcome="Passed" testListId="8c84fa94-04c1-424b-9868-57a2d4851a1d" relativeResultsDirectory="40156732-6790-408c-92f0-44291d1077ca" />
    <UnitTestResult executionId="369ebe68-6a12-4883-a827-cfeb5a71470d" testId="198a1ae3-83ab-ea18-2e21-87927dc980e2" testName="IntegrationTests.TestActionsWithUsers.TestRegisterUserWithNoPassword" computerName="DESKTOP-TJ9D65N" duration="00:00:00.5466301" startTime="2022-11-03T10:25:07.3373619+03:00" endTime="2022-11-03T10:25:07.3373620+03:00" testType="13cdc9d9-ddb5-4fa4-a97d-d965ccfc6d4b" outcome="Passed" testListId="8c84fa94-04c1-424b-9868-57a2d4851a1d" relativeResultsDirectory="369ebe68-6a12-4883-a827-cfeb5a71470d" />
    <UnitTestResult executionId="317aaf94-6c0d-471c-8590-bd140e25caa1" testId="1830f34e-01ca-a001-b01a-6356aa566c2f" testName="IntegrationTests.TestActionsWithLiftsSlopes.TestAdminAddAutoIncrementLiftSlopeAsync(lift: Lift { LiftID = 190, LiftName = liftNamed3275b2a-6041-426f-bffc-5b4778b100a3, IsOpen = True, SeatsAmount = 189, LiftingTime = 66, QueueTime = 179, ConnectedSlopes =  }, slope: Slope { SlopeID = 250, SlopeName = slopeName9def77d8-151d-4dc9-b554-53e810dbd3bf, IsOpen = False, DifficultyLevel = 255, ConnectedLifts =  })" computerName="DESKTOP-TJ9D65N" duration="00:00:00.6684844" startTime="2022-11-03T10:25:17.2604455+03:00" endTime="2022-11-03T10:25:17.2604457+03:00" testType="13cdc9d9-ddb5-4fa4-a97d-d965ccfc6d4b" outcome="Passed" testListId="8c84fa94-04c1-424b-9868-57a2d4851a1d" relativeResultsDirectory="317aaf94-6c0d-471c-8590-bd140e25caa1" />
    <UnitTestResult executionId="5f29905f-5d90-4f21-bcac-a6723212d1b4" testId="593087f0-c7ab-1991-c3ee-af523cc03ada" testName="IntegrationTests.TestActionsWithUsers.TestAdminGetUserByIDAsync" computerName="DESKTOP-TJ9D65N" duration="00:00:00.5881012" startTime="2022-11-03T10:25:07.9448736+03:00" endTime="2022-11-03T10:25:07.9448737+03:00" testType="13cdc9d9-ddb5-4fa4-a97d-d965ccfc6d4b" outcome="Passed" testListId="8c84fa94-04c1-424b-9868-57a2d4851a1d" relativeResultsDirectory="5f29905f-5d90-4f21-bcac-a6723212d1b4" />
    <UnitTestResult executionId="77aad701-094d-4d4e-8ab6-c362ee54ffa2" testId="09635671-c6d8-54ba-4515-49be208708f2" testName="IntegrationTests.TestActionsWithSlopes.TestAdminAddAutoIncrementSlopeAsync(slope: Slope { SlopeID = 52, SlopeName = slopeNamea6a3bbbd-f3c5-41a6-9942-75e21c27aae6, IsOpen = True, DifficultyLevel = 165, ConnectedLifts =  })" computerName="DESKTOP-TJ9D65N" duration="00:00:00.6309607" startTime="2022-11-03T10:25:15.2004079+03:00" endTime="2022-11-03T10:25:15.2004080+03:00" testType="13cdc9d9-ddb5-4fa4-a97d-d965ccfc6d4b" outcome="Passed" testListId="8c84fa94-04c1-424b-9868-57a2d4851a1d" relativeResultsDirectory="77aad701-094d-4d4e-8ab6-c362ee54ffa2" />
    <UnitTestResult executionId="db519ec2-cf7b-4b73-8326-d87db2da8e36" testId="e54a4cee-e2a1-889e-b4cd-647e25b91df6" testName="IntegrationTests.TestActionsWithLiftsLifts.TestGetLiftsInfoAsync(initialLifts: [Lift { LiftID = 125, LiftName = liftNamebec893ff-b57f-4058-8f2f-5c385d964a31, IsOpen = True, SeatsAmount = 206, LiftingTime = 98, QueueTime = 54, ConnectedSlopes =  }, Lift { LiftID = 141, LiftName = liftName8b0c870f-60be-4976-8419-d96daaeb8ef9, IsOpen = False, SeatsAmount = 34, LiftingTime = 209, QueueTime = 212, ConnectedSlopes =  }, Lift { LiftID = 173, LiftName = liftNamea7c7e88c-d490-4fee-919b-6a331c53cbcd, IsOpen = True, SeatsAmount = 220, LiftingTime = 177, QueueTime = 60, ConnectedSlopes =  }])" computerName="DESKTOP-TJ9D65N" duration="00:00:00.6892130" startTime="2022-11-03T10:25:09.3063579+03:00" endTime="2022-11-03T10:25:09.3063580+03:00" testType="13cdc9d9-ddb5-4fa4-a97d-d965ccfc6d4b" outcome="Passed" testListId="8c84fa94-04c1-424b-9868-57a2d4851a1d" relativeResultsDirectory="db519ec2-cf7b-4b73-8326-d87db2da8e36" />
    <UnitTestResult executionId="c1057666-7ddb-4e84-b8ad-722439cfd49a" testId="682d3b16-d8d9-d658-4906-fcc748843214" testName="IntegrationTests.TestActionsWithUsers.TestAdminGetUsers" computerName="DESKTOP-TJ9D65N" duration="00:00:00.6066878" startTime="2022-11-03T10:25:06.2142591+03:00" endTime="2022-11-03T10:25:06.2142592+03:00" testType="13cdc9d9-ddb5-4fa4-a97d-d965ccfc6d4b" outcome="Passed" testListId="8c84fa94-04c1-424b-9868-57a2d4851a1d" relativeResultsDirectory="c1057666-7ddb-4e84-b8ad-722439cfd49a" />
    <UnitTestResult executionId="808e22f2-4693-4b00-ab24-04a3243fc4f7" testId="48375cbc-003d-d0fc-ff6a-cfef4b266dfb" testName="IntegrationTests.TestActionsWithUsers.TestRegisterUserWithNoEmail" computerName="DESKTOP-TJ9D65N" duration="00:00:00.5470467" startTime="2022-11-03T10:25:06.7745132+03:00" endTime="2022-11-03T10:25:06.7745135+03:00" testType="13cdc9d9-ddb5-4fa4-a97d-d965ccfc6d4b" outcome="Passed" testListId="8c84fa94-04c1-424b-9868-57a2d4851a1d" relativeResultsDirectory="808e22f2-4693-4b00-ab24-04a3243fc4f7" />
    <UnitTestResult executionId="1ac333c2-52bc-4c71-9225-43697a57db5b" testId="1ff050e0-efda-4a3f-0076-12e3b7bb8c26" testName="IntegrationTests.TestActionsWithTurnstiles.TestAdminUpdateTurnstileAsync(turnstile: Turnstile { TurnstileID = 47, LiftID = 126, IsOpen = True })" computerName="DESKTOP-TJ9D65N" duration="00:00:00.6805536" startTime="2022-11-03T10:24:58.6060138+03:00" endTime="2022-11-03T10:24:58.6060409+03:00" testType="13cdc9d9-ddb5-4fa4-a97d-d965ccfc6d4b" outcome="Passed" testListId="8c84fa94-04c1-424b-9868-57a2d4851a1d" relativeResultsDirectory="1ac333c2-52bc-4c71-9225-43697a57db5b" />
  </Results>
  <TestDefinitions>
    <UnitTest name="IntegrationTests.TestActionsWithSlopes.TestAdminAddAutoIncrementSlopeAsync(slope: Slope { SlopeID = 52, SlopeName = slopeNamea6a3bbbd-f3c5-41a6-9942-75e21c27aae6, IsOpen = True, DifficultyLevel = 165, ConnectedLifts =  })" storage="/mnt/c/users/alena/desktop/7_sem/testing_and_debugging/skiresort/integrationtests/bin/debug/net6.0/integrationtests.dll" id="09635671-c6d8-54ba-4515-49be208708f2">
      <Execution id="77aad701-094d-4d4e-8ab6-c362ee54ffa2" />
      <TestMethod codeBase="/mnt/c/Users/alena/Desktop/7_sem/testing_and_debugging/SkiResort/IntegrationTests/bin/Debug/net6.0/IntegrationTests.dll" adapterTypeName="executor://xunit/VsTestRunner2/netcoreapp" className="IntegrationTests.TestActionsWithSlopes" name="TestAdminAddAutoIncrementSlopeAsync" />
    </UnitTest>
    <UnitTest name="IntegrationTests.TestActionsWithTurnstiles.TestAdminAddAutoIncrementTurnstileAsync(turnstile: Turnstile { TurnstileID = 44, LiftID = 111, IsOpen = True })" storage="/mnt/c/users/alena/desktop/7_sem/testing_and_debugging/skiresort/integrationtests/bin/debug/net6.0/integrationtests.dll" id="862e402b-3f5a-bd87-fea4-b5dfee85ad09">
      <Execution id="c7512db8-8ee4-44e6-addc-2a61846e6ad4" />
      <TestMethod codeBase="/mnt/c/Users/alena/Desktop/7_sem/testing_and_debugging/SkiResort/IntegrationTests/bin/Debug/net6.0/IntegrationTests.dll" adapterTypeName="executor://xunit/VsTestRunner2/netcoreapp" className="IntegrationTests.TestActionsWithTurnstiles" name="TestAdminAddAutoIncrementTurnstileAsync" />
    </UnitTest>
    <UnitTest name="IntegrationTests.TestActionsWithLiftsLifts.TestAdminDeleteLiftAsync(lift: Lift { LiftID = 91, LiftName = liftName8da3bd22-863e-4c2d-bc57-fb8e1c3803ed, IsOpen = True, SeatsAmount = 177, LiftingTime = 53, QueueTime = 67, ConnectedSlopes =  })" storage="/mnt/c/users/alena/desktop/7_sem/testing_and_debugging/skiresort/integrationtests/bin/debug/net6.0/integrationtests.dll" id="9da8524d-9953-d74b-b7e1-4d8dfb2a0f00">
      <Execution id="ff73ab5b-7ebb-4739-a5f4-b693357cabd3" />
      <TestMethod codeBase="/mnt/c/Users/alena/Desktop/7_sem/testing_and_debugging/SkiResort/IntegrationTests/bin/Debug/net6.0/IntegrationTests.dll" adapterTypeName="executor://xunit/VsTestRunner2/netcoreapp" className="IntegrationTests.TestActionsWithLiftsLifts" name="TestAdminDeleteLiftAsync" />
    </UnitTest>
    <UnitTest name="IntegrationTests.TestActionsWithUsers.TestRegisterOk" storage="/mnt/c/users/alena/desktop/7_sem/testing_and_debugging/skiresort/integrationtests/bin/debug/net6.0/integrationtests.dll" id="d78ba6d0-dfa8-fa6f-4cc8-23966ee34980">
      <Execution id="1adf353e-7b31-4d66-af76-d3935e416d83" />
      <TestMethod codeBase="/mnt/c/Users/alena/Desktop/7_sem/testing_and_debugging/SkiResort/IntegrationTests/bin/Debug/net6.0/IntegrationTests.dll" adapterTypeName="executor://xunit/VsTestRunner2/netcoreapp" className="IntegrationTests.TestActionsWithUsers" name="TestRegisterOk" />
    </UnitTest>
    <UnitTest name="IntegrationTests.TestActionsWithUsers.TestRegisterUserWithNoPassword" storage="/mnt/c/users/alena/desktop/7_sem/testing_and_debugging/skiresort/integrationtests/bin/debug/net6.0/integrationtests.dll" id="198a1ae3-83ab-ea18-2e21-87927dc980e2">
      <Execution id="369ebe68-6a12-4883-a827-cfeb5a71470d" />
      <TestMethod codeBase="/mnt/c/Users/alena/Desktop/7_sem/testing_and_debugging/SkiResort/IntegrationTests/bin/Debug/net6.0/IntegrationTests.dll" adapterTypeName="executor://xunit/VsTestRunner2/netcoreapp" className="IntegrationTests.TestActionsWithUsers" name="TestRegisterUserWithNoPassword" />
    </UnitTest>
    <UnitTest name="IntegrationTests.TestActionsWithTurnstiles.TestAdminGetTurnstileAsync(turnstile: Turnstile { TurnstileID = 242, LiftID = 120, IsOpen = True })" storage="/mnt/c/users/alena/desktop/7_sem/testing_and_debugging/skiresort/integrationtests/bin/debug/net6.0/integrationtests.dll" id="f5496e4c-9a48-1b99-bd35-3f1d5f04abca">
      <Execution id="0411af3d-9436-4a88-b1cd-339dd8eb35f2" />
      <TestMethod codeBase="/mnt/c/Users/alena/Desktop/7_sem/testing_and_debugging/SkiResort/IntegrationTests/bin/Debug/net6.0/IntegrationTests.dll" adapterTypeName="executor://xunit/VsTestRunner2/netcoreapp" className="IntegrationTests.TestActionsWithTurnstiles" name="TestAdminGetTurnstileAsync" />
    </UnitTest>
    <UnitTest name="IntegrationTests.TestActionsWithUsers.TestLogInOk" storage="/mnt/c/users/alena/desktop/7_sem/testing_and_debugging/skiresort/integrationtests/bin/debug/net6.0/integrationtests.dll" id="45fe0df1-c885-2f7e-8187-832190c2786d">
      <Execution id="e3a21e2c-c556-4007-93f4-fb715ef8651c" />
      <TestMethod codeBase="/mnt/c/Users/alena/Desktop/7_sem/testing_and_debugging/SkiResort/IntegrationTests/bin/Debug/net6.0/IntegrationTests.dll" adapterTypeName="executor://xunit/VsTestRunner2/netcoreapp" className="IntegrationTests.TestActionsWithUsers" name="TestLogInOk" />
    </UnitTest>
    <UnitTest name="IntegrationTests.TestActionsWithLiftsLifts.TestGetLiftInfoAsync(lift: Lift { LiftID = 157, LiftName = liftName200ec6ec-b31f-4351-bb68-d3babe84f91c, IsOpen = True, SeatsAmount = 94, LiftingTime = 138, QueueTime = 2, ConnectedSlopes =  })" storage="/mnt/c/users/alena/desktop/7_sem/testing_and_debugging/skiresort/integrationtests/bin/debug/net6.0/integrationtests.dll" id="48014160-238f-d712-183c-2714b5760ea5">
      <Execution id="d96a848d-e8c7-45e7-98cc-48daa7de20cb" />
      <TestMethod codeBase="/mnt/c/Users/alena/Desktop/7_sem/testing_and_debugging/SkiResort/IntegrationTests/bin/Debug/net6.0/IntegrationTests.dll" adapterTypeName="executor://xunit/VsTestRunner2/netcoreapp" className="IntegrationTests.TestActionsWithLiftsLifts" name="TestGetLiftInfoAsync" />
    </UnitTest>
    <UnitTest name="IntegrationTests.TestActionsWithLiftsLifts.TestAdminAddAutoIncrementLiftAsync(lift: Lift { LiftID = 104, LiftName = liftNamebd21228f-bfcc-4852-bd05-77ba05980903, IsOpen = True, SeatsAmount = 71, LiftingTime = 14, QueueTime = 238, ConnectedSlopes =  })" storage="/mnt/c/users/alena/desktop/7_sem/testing_and_debugging/skiresort/integrationtests/bin/debug/net6.0/integrationtests.dll" id="5fb47448-26f9-5183-3909-b9652aeda397">
      <Execution id="a220bfdb-1690-4427-b0d5-e2b38fcc85fa" />
      <TestMethod codeBase="/mnt/c/Users/alena/Desktop/7_sem/testing_and_debugging/SkiResort/IntegrationTests/bin/Debug/net6.0/IntegrationTests.dll" adapterTypeName="executor://xunit/VsTestRunner2/netcoreapp" className="IntegrationTests.TestActionsWithLiftsLifts" name="TestAdminAddAutoIncrementLiftAsync" />
    </UnitTest>
    <UnitTest name="IntegrationTests.TestActionsWithLiftsSlopes.TestGetLiftsSlopesInfoAsync(liftsSlopes: [LiftSlope { RecordID = 75, LiftID = 41, SlopeID = 204 }, LiftSlope { RecordID = 124, LiftID = 63, SlopeID = 74 }, LiftSlope { RecordID = 196, LiftID = 87, SlopeID = 15 }])" storage="/mnt/c/users/alena/desktop/7_sem/testing_and_debugging/skiresort/integrationtests/bin/debug/net6.0/integrationtests.dll" id="63be1f92-7da8-a66e-02df-a6e75143687a">
      <Execution id="f3d9b14e-b16a-48eb-840f-5da94e227457" />
      <TestMethod codeBase="/mnt/c/Users/alena/Desktop/7_sem/testing_and_debugging/SkiResort/IntegrationTests/bin/Debug/net6.0/IntegrationTests.dll" adapterTypeName="executor://xunit/VsTestRunner2/netcoreapp" className="IntegrationTests.TestActionsWithLiftsSlopes" name="TestGetLiftsSlopesInfoAsync" />
    </UnitTest>
    <UnitTest name="IntegrationTests.TestActionsWithLiftsLifts.TestUpdateLiftInfoAsync(lift: Lift { LiftID = 205, LiftName = liftName2911aecd-bd3b-4cfb-b0b6-a5a3770c20b9, IsOpen = True, SeatsAmount = 253, LiftingTime = 74, QueueTime = 90, ConnectedSlopes =  })" storage="/mnt/c/users/alena/desktop/7_sem/testing_and_debugging/skiresort/integrationtests/bin/debug/net6.0/integrationtests.dll" id="979d0c6d-0284-7a72-3266-1dfcfcbff4b4">
      <Execution id="a7dcb872-12e3-45c9-944d-8611d4ebde58" />
      <TestMethod codeBase="/mnt/c/Users/alena/Desktop/7_sem/testing_and_debugging/SkiResort/IntegrationTests/bin/Debug/net6.0/IntegrationTests.dll" adapterTypeName="executor://xunit/VsTestRunner2/netcoreapp" className="IntegrationTests.TestActionsWithLiftsLifts" name="TestUpdateLiftInfoAsync" />
    </UnitTest>
    <UnitTest name="IntegrationTests.TestActionsWithUsers.TestRegisterUserWithRepeatedEmail" storage="/mnt/c/users/alena/desktop/7_sem/testing_and_debugging/skiresort/integrationtests/bin/debug/net6.0/integrationtests.dll" id="cb8eae24-e7ef-ed7e-d8e9-347d61b13b3a">
      <Execution id="fd53f2a6-6b9c-4371-8c09-518654b3950c" />
      <TestMethod codeBase="/mnt/c/Users/alena/Desktop/7_sem/testing_and_debugging/SkiResort/IntegrationTests/bin/Debug/net6.0/IntegrationTests.dll" adapterTypeName="executor://xunit/VsTestRunner2/netcoreapp" className="IntegrationTests.TestActionsWithUsers" name="TestRegisterUserWithRepeatedEmail" />
    </UnitTest>
    <UnitTest name="IntegrationTests.TestActionsWithSlopes.TestGetSlopeInfoAsync(slope: Slope { SlopeID = 235, SlopeName = slopeNamec6bdb8a5-deb2-456d-9974-cdf914072972, IsOpen = True, DifficultyLevel = 135, ConnectedLifts =  })" storage="/mnt/c/users/alena/desktop/7_sem/testing_and_debugging/skiresort/integrationtests/bin/debug/net6.0/integrationtests.dll" id="3760ca91-7b92-6a35-980f-2b9a329a8e71">
      <Execution id="dd980dc3-840f-46bd-b514-75b57e7cde2d" />
      <TestMethod codeBase="/mnt/c/Users/alena/Desktop/7_sem/testing_and_debugging/SkiResort/IntegrationTests/bin/Debug/net6.0/IntegrationTests.dll" adapterTypeName="executor://xunit/VsTestRunner2/netcoreapp" className="IntegrationTests.TestActionsWithSlopes" name="TestGetSlopeInfoAsync" />
    </UnitTest>
    <UnitTest name="IntegrationTests.TestActionsWithSlopes.TestAdminAddSlopeAsync(slope: Slope { SlopeID = 218, SlopeName = slopeNamef3d7ba53-5e81-4c43-a861-3f4350744392, IsOpen = True, DifficultyLevel = 167, ConnectedLifts =  })" storage="/mnt/c/users/alena/desktop/7_sem/testing_and_debugging/skiresort/integrationtests/bin/debug/net6.0/integrationtests.dll" id="ace18e35-aad4-fd42-8a20-15208510be21">
      <Execution id="a1e51bd1-232a-47a7-8773-0bfeea7ff6a5" />
      <TestMethod codeBase="/mnt/c/Users/alena/Desktop/7_sem/testing_and_debugging/SkiResort/IntegrationTests/bin/Debug/net6.0/IntegrationTests.dll" adapterTypeName="executor://xunit/VsTestRunner2/netcoreapp" className="IntegrationTests.TestActionsWithSlopes" name="TestAdminAddSlopeAsync" />
    </UnitTest>
    <UnitTest name="IntegrationTests.TestActionsWithUsers.TestLogInWithWrongPassword" storage="/mnt/c/users/alena/desktop/7_sem/testing_and_debugging/skiresort/integrationtests/bin/debug/net6.0/integrationtests.dll" id="479b875f-d623-ae0a-ff97-dc49a4f2a217">
      <Execution id="1994c0e0-df98-4204-b47d-fe3421eaf576" />
      <TestMethod codeBase="/mnt/c/Users/alena/Desktop/7_sem/testing_and_debugging/SkiResort/IntegrationTests/bin/Debug/net6.0/IntegrationTests.dll" adapterTypeName="executor://xunit/VsTestRunner2/netcoreapp" className="IntegrationTests.TestActionsWithUsers" name="TestLogInWithWrongPassword" />
    </UnitTest>
    <UnitTest name="IntegrationTests.TestActionsWithTurnstiles.TestAdminDeleteTurnstileAsync(turnstile: Turnstile { TurnstileID = 253, LiftID = 222, IsOpen = True })" storage="/mnt/c/users/alena/desktop/7_sem/testing_and_debugging/skiresort/integrationtests/bin/debug/net6.0/integrationtests.dll" id="be27b7f4-4559-d946-fc4f-89222fa79d5d">
      <Execution id="4c6c0ef2-aafc-425a-b499-db2f144638f7" />
      <TestMethod codeBase="/mnt/c/Users/alena/Desktop/7_sem/testing_and_debugging/SkiResort/IntegrationTests/bin/Debug/net6.0/IntegrationTests.dll" adapterTypeName="executor://xunit/VsTestRunner2/netcoreapp" className="IntegrationTests.TestActionsWithTurnstiles" name="TestAdminDeleteTurnstileAsync" />
    </UnitTest>
    <UnitTest name="IntegrationTests.TestActionsWithUsers.TestAdminDeleteUser" storage="/mnt/c/users/alena/desktop/7_sem/testing_and_debugging/skiresort/integrationtests/bin/debug/net6.0/integrationtests.dll" id="640a72f6-5583-6636-1a54-8396abe99588">
      <Execution id="4ff19e7b-a824-4e40-89f0-b2a0eefc2659" />
      <TestMethod codeBase="/mnt/c/Users/alena/Desktop/7_sem/testing_and_debugging/SkiResort/IntegrationTests/bin/Debug/net6.0/IntegrationTests.dll" adapterTypeName="executor://xunit/VsTestRunner2/netcoreapp" className="IntegrationTests.TestActionsWithUsers" name="TestAdminDeleteUser" />
    </UnitTest>
    <UnitTest name="IntegrationTests.TestActionsWithTurnstiles.TestAdminGetTurnstilesAsync(initialTurnstiles: [Turnstile { TurnstileID = 89, LiftID = 218, IsOpen = True }, Turnstile { TurnstileID = 127, LiftID = 158, IsOpen = False }, Turnstile { TurnstileID = 92, LiftID = 59, IsOpen = True }])" storage="/mnt/c/users/alena/desktop/7_sem/testing_and_debugging/skiresort/integrationtests/bin/debug/net6.0/integrationtests.dll" id="8a671bbd-a679-9554-80f7-33c777475820">
      <Execution id="1f6277f4-a8b0-4cef-b174-ada8e5b03d37" />
      <TestMethod codeBase="/mnt/c/Users/alena/Desktop/7_sem/testing_and_debugging/SkiResort/IntegrationTests/bin/Debug/net6.0/IntegrationTests.dll" adapterTypeName="executor://xunit/VsTestRunner2/netcoreapp" className="IntegrationTests.TestActionsWithTurnstiles" name="TestAdminGetTurnstilesAsync" />
    </UnitTest>
    <UnitTest name="IntegrationTests.TestActionsWithSlopes.TestAdminDeleteSlopeAsync(slope: Slope { SlopeID = 237, SlopeName = slopeName8ac916b3-6dc7-45c5-b970-817909b2c18c, IsOpen = True, DifficultyLevel = 177, ConnectedLifts =  })" storage="/mnt/c/users/alena/desktop/7_sem/testing_and_debugging/skiresort/integrationtests/bin/debug/net6.0/integrationtests.dll" id="fb917fd5-4f30-e596-f819-a876e3836e41">
      <Execution id="97641883-e90a-4610-8280-81a8bcedfd07" />
      <TestMethod codeBase="/mnt/c/Users/alena/Desktop/7_sem/testing_and_debugging/SkiResort/IntegrationTests/bin/Debug/net6.0/IntegrationTests.dll" adapterTypeName="executor://xunit/VsTestRunner2/netcoreapp" className="IntegrationTests.TestActionsWithSlopes" name="TestAdminDeleteSlopeAsync" />
    </UnitTest>
    <UnitTest name="IntegrationTests.TestActionsWithTurnstiles.TestAdminUpdateTurnstileAsync(turnstile: Turnstile { TurnstileID = 47, LiftID = 126, IsOpen = True })" storage="/mnt/c/users/alena/desktop/7_sem/testing_and_debugging/skiresort/integrationtests/bin/debug/net6.0/integrationtests.dll" id="1ff050e0-efda-4a3f-0076-12e3b7bb8c26">
      <Execution id="1ac333c2-52bc-4c71-9225-43697a57db5b" />
      <TestMethod codeBase="/mnt/c/Users/alena/Desktop/7_sem/testing_and_debugging/SkiResort/IntegrationTests/bin/Debug/net6.0/IntegrationTests.dll" adapterTypeName="executor://xunit/VsTestRunner2/netcoreapp" className="IntegrationTests.TestActionsWithTurnstiles" name="TestAdminUpdateTurnstileAsync" />
    </UnitTest>
    <UnitTest name="IntegrationTests.TestActionsWithUsers.TestAdminAddAutoIncrementUser" storage="/mnt/c/users/alena/desktop/7_sem/testing_and_debugging/skiresort/integrationtests/bin/debug/net6.0/integrationtests.dll" id="26a3ed7b-f58f-b931-d8c6-d1d1687098ba">
      <Execution id="817b2a07-8df8-4954-97cd-f0c310b7b015" />
      <TestMethod codeBase="/mnt/c/Users/alena/Desktop/7_sem/testing_and_debugging/SkiResort/IntegrationTests/bin/Debug/net6.0/IntegrationTests.dll" adapterTypeName="executor://xunit/VsTestRunner2/netcoreapp" className="IntegrationTests.TestActionsWithUsers" name="TestAdminAddAutoIncrementUser" />
    </UnitTest>
    <UnitTest name="IntegrationTests.TestActionsWithSlopes.TestGetSlopesInfoAsync(initialSlopes: [Slope { SlopeID = 68, SlopeName = slopeName94f1e405-b36b-4788-9d21-40157df8b2f5, IsOpen = True, DifficultyLevel = 179, ConnectedLifts =  }, Slope { SlopeID = 81, SlopeName = slopeNamec7be212d-8735-439b-ba26-231b4fe9c14f, IsOpen = False, DifficultyLevel = 86, ConnectedLifts =  }, Slope { SlopeID = 191, SlopeName = slopeName32198db2-6cc3-46f5-afd5-171cdc4b0afd, IsOp..." storage="/mnt/c/users/alena/desktop/7_sem/testing_and_debugging/skiresort/integrationtests/bin/debug/net6.0/integrationtests.dll" id="469b101f-8633-a685-8d5b-bdbf8dc340c5">
      <Execution id="6770560b-bcd4-4180-bafa-6e587ff2cb73" />
      <TestMethod codeBase="/mnt/c/Users/alena/Desktop/7_sem/testing_and_debugging/SkiResort/IntegrationTests/bin/Debug/net6.0/IntegrationTests.dll" adapterTypeName="executor://xunit/VsTestRunner2/netcoreapp" className="IntegrationTests.TestActionsWithSlopes" name="TestGetSlopesInfoAsync" />
    </UnitTest>
    <UnitTest name="IntegrationTests.TestActionsWithLiftsSlopes.TestAdminDeleteLiftSlopeAsync(lift: Lift { LiftID = 236, LiftName = liftName3f94a946-b15c-4fd5-a487-b64dfdfab9e4, IsOpen = True, SeatsAmount = 80, LiftingTime = 45, QueueTime = 11, ConnectedSlopes =  }, slope: Slope { SlopeID = 126, SlopeName = slopeName659d4a10-1f66-454d-9f99-ceb9f61698c0, IsOpen = False, DifficultyLevel = 57, ConnectedLifts =  })" storage="/mnt/c/users/alena/desktop/7_sem/testing_and_debugging/skiresort/integrationtests/bin/debug/net6.0/integrationtests.dll" id="40dca42a-3eee-5c79-9591-5c0728057659">
      <Execution id="d665b6a6-6b60-434a-bb5a-20c3afffb93d" />
      <TestMethod codeBase="/mnt/c/Users/alena/Desktop/7_sem/testing_and_debugging/SkiResort/IntegrationTests/bin/Debug/net6.0/IntegrationTests.dll" adapterTypeName="executor://xunit/VsTestRunner2/netcoreapp" className="IntegrationTests.TestActionsWithLiftsSlopes" name="TestAdminDeleteLiftSlopeAsync" />
    </UnitTest>
    <UnitTest name="IntegrationTests.TestActionsWithUsers.TestAdminUpdateUser" storage="/mnt/c/users/alena/desktop/7_sem/testing_and_debugging/skiresort/integrationtests/bin/debug/net6.0/integrationtests.dll" id="61a0d3cb-1290-855e-f649-c3c1c190f4b1">
      <Execution id="40156732-6790-408c-92f0-44291d1077ca" />
      <TestMethod codeBase="/mnt/c/Users/alena/Desktop/7_sem/testing_and_debugging/SkiResort/IntegrationTests/bin/Debug/net6.0/IntegrationTests.dll" adapterTypeName="executor://xunit/VsTestRunner2/netcoreapp" className="IntegrationTests.TestActionsWithUsers" name="TestAdminUpdateUser" />
    </UnitTest>
    <UnitTest name="IntegrationTests.TestActionsWithSlopes.TestUpdateSlopeInfoAsync(slope: Slope { SlopeID = 55, SlopeName = slopeName336e3e09-e2ed-4fd3-945b-7aa5bdafd15b, IsOpen = True, DifficultyLevel = 167, ConnectedLifts =  })" storage="/mnt/c/users/alena/desktop/7_sem/testing_and_debugging/skiresort/integrationtests/bin/debug/net6.0/integrationtests.dll" id="1888ecce-58be-db32-ede6-36f3c153ebee">
      <Execution id="dd5bd3ff-51bf-4db4-b3bd-0028c4029318" />
      <TestMethod codeBase="/mnt/c/Users/alena/Desktop/7_sem/testing_and_debugging/SkiResort/IntegrationTests/bin/Debug/net6.0/IntegrationTests.dll" adapterTypeName="executor://xunit/VsTestRunner2/netcoreapp" className="IntegrationTests.TestActionsWithSlopes" name="TestUpdateSlopeInfoAsync" />
    </UnitTest>
    <UnitTest name="IntegrationTests.TestActionsWithLiftsLifts.TestGetLiftsInfoAsync(initialLifts: [Lift { LiftID = 125, LiftName = liftNamebec893ff-b57f-4058-8f2f-5c385d964a31, IsOpen = True, SeatsAmount = 206, LiftingTime = 98, QueueTime = 54, ConnectedSlopes =  }, Lift { LiftID = 141, LiftName = liftName8b0c870f-60be-4976-8419-d96daaeb8ef9, IsOpen = False, SeatsAmount = 34, LiftingTime = 209, QueueTime = 212, ConnectedSlopes =  }, Lift { LiftID = 173, LiftN..." storage="/mnt/c/users/alena/desktop/7_sem/testing_and_debugging/skiresort/integrationtests/bin/debug/net6.0/integrationtests.dll" id="e54a4cee-e2a1-889e-b4cd-647e25b91df6">
      <Execution id="db519ec2-cf7b-4b73-8326-d87db2da8e36" />
      <TestMethod codeBase="/mnt/c/Users/alena/Desktop/7_sem/testing_and_debugging/SkiResort/IntegrationTests/bin/Debug/net6.0/IntegrationTests.dll" adapterTypeName="executor://xunit/VsTestRunner2/netcoreapp" className="IntegrationTests.TestActionsWithLiftsLifts" name="TestGetLiftsInfoAsync" />
    </UnitTest>
    <UnitTest name="IntegrationTests.TestActionsWithUsers.TestAdminGetUserByIDAsync" storage="/mnt/c/users/alena/desktop/7_sem/testing_and_debugging/skiresort/integrationtests/bin/debug/net6.0/integrationtests.dll" id="593087f0-c7ab-1991-c3ee-af523cc03ada">
      <Execution id="5f29905f-5d90-4f21-bcac-a6723212d1b4" />
      <TestMethod codeBase="/mnt/c/Users/alena/Desktop/7_sem/testing_and_debugging/SkiResort/IntegrationTests/bin/Debug/net6.0/IntegrationTests.dll" adapterTypeName="executor://xunit/VsTestRunner2/netcoreapp" className="IntegrationTests.TestActionsWithUsers" name="TestAdminGetUserByIDAsync" />
    </UnitTest>
    <UnitTest name="IntegrationTests.TestActionsWithUsers.TestRegisterUserWithNoEmail" storage="/mnt/c/users/alena/desktop/7_sem/testing_and_debugging/skiresort/integrationtests/bin/debug/net6.0/integrationtests.dll" id="48375cbc-003d-d0fc-ff6a-cfef4b266dfb">
      <Execution id="808e22f2-4693-4b00-ab24-04a3243fc4f7" />
      <TestMethod codeBase="/mnt/c/Users/alena/Desktop/7_sem/testing_and_debugging/SkiResort/IntegrationTests/bin/Debug/net6.0/IntegrationTests.dll" adapterTypeName="executor://xunit/VsTestRunner2/netcoreapp" className="IntegrationTests.TestActionsWithUsers" name="TestRegisterUserWithNoEmail" />
    </UnitTest>
    <UnitTest name="IntegrationTests.TestActionsWithLiftsSlopes.TestAdminAddAutoIncrementLiftSlopeAsync(lift: Lift { LiftID = 190, LiftName = liftNamed3275b2a-6041-426f-bffc-5b4778b100a3, IsOpen = True, SeatsAmount = 189, LiftingTime = 66, QueueTime = 179, ConnectedSlopes =  }, slope: Slope { SlopeID = 250, SlopeName = slopeName9def77d8-151d-4dc9-b554-53e810dbd3bf, IsOpen = False, DifficultyLevel = 255, ConnectedLifts =  })" storage="/mnt/c/users/alena/desktop/7_sem/testing_and_debugging/skiresort/integrationtests/bin/debug/net6.0/integrationtests.dll" id="1830f34e-01ca-a001-b01a-6356aa566c2f">
      <Execution id="317aaf94-6c0d-471c-8590-bd140e25caa1" />
      <TestMethod codeBase="/mnt/c/Users/alena/Desktop/7_sem/testing_and_debugging/SkiResort/IntegrationTests/bin/Debug/net6.0/IntegrationTests.dll" adapterTypeName="executor://xunit/VsTestRunner2/netcoreapp" className="IntegrationTests.TestActionsWithLiftsSlopes" name="TestAdminAddAutoIncrementLiftSlopeAsync" />
    </UnitTest>
    <UnitTest name="IntegrationTests.TestActionsWithUsers.TestAdminGetUsers" storage="/mnt/c/users/alena/desktop/7_sem/testing_and_debugging/skiresort/integrationtests/bin/debug/net6.0/integrationtests.dll" id="682d3b16-d8d9-d658-4906-fcc748843214">
      <Execution id="c1057666-7ddb-4e84-b8ad-722439cfd49a" />
      <TestMethod codeBase="/mnt/c/Users/alena/Desktop/7_sem/testing_and_debugging/SkiResort/IntegrationTests/bin/Debug/net6.0/IntegrationTests.dll" adapterTypeName="executor://xunit/VsTestRunner2/netcoreapp" className="IntegrationTests.TestActionsWithUsers" name="TestAdminGetUsers" />
    </UnitTest>
  </TestDefinitions>
  <TestEntries>
    <TestEntry testId="8a671bbd-a679-9554-80f7-33c777475820" executionId="1f6277f4-a8b0-4cef-b174-ada8e5b03d37" testListId="8c84fa94-04c1-424b-9868-57a2d4851a1d" />
    <TestEntry testId="be27b7f4-4559-d946-fc4f-89222fa79d5d" executionId="4c6c0ef2-aafc-425a-b499-db2f144638f7" testListId="8c84fa94-04c1-424b-9868-57a2d4851a1d" />
    <TestEntry testId="862e402b-3f5a-bd87-fea4-b5dfee85ad09" executionId="c7512db8-8ee4-44e6-addc-2a61846e6ad4" testListId="8c84fa94-04c1-424b-9868-57a2d4851a1d" />
    <TestEntry testId="fb917fd5-4f30-e596-f819-a876e3836e41" executionId="97641883-e90a-4610-8280-81a8bcedfd07" testListId="8c84fa94-04c1-424b-9868-57a2d4851a1d" />
    <TestEntry testId="d78ba6d0-dfa8-fa6f-4cc8-23966ee34980" executionId="1adf353e-7b31-4d66-af76-d3935e416d83" testListId="8c84fa94-04c1-424b-9868-57a2d4851a1d" />
    <TestEntry testId="640a72f6-5583-6636-1a54-8396abe99588" executionId="4ff19e7b-a824-4e40-89f0-b2a0eefc2659" testListId="8c84fa94-04c1-424b-9868-57a2d4851a1d" />
    <TestEntry testId="469b101f-8633-a685-8d5b-bdbf8dc340c5" executionId="6770560b-bcd4-4180-bafa-6e587ff2cb73" testListId="8c84fa94-04c1-424b-9868-57a2d4851a1d" />
    <TestEntry testId="5fb47448-26f9-5183-3909-b9652aeda397" executionId="a220bfdb-1690-4427-b0d5-e2b38fcc85fa" testListId="8c84fa94-04c1-424b-9868-57a2d4851a1d" />
    <TestEntry testId="f5496e4c-9a48-1b99-bd35-3f1d5f04abca" executionId="0411af3d-9436-4a88-b1cd-339dd8eb35f2" testListId="8c84fa94-04c1-424b-9868-57a2d4851a1d" />
    <TestEntry testId="9da8524d-9953-d74b-b7e1-4d8dfb2a0f00" executionId="ff73ab5b-7ebb-4739-a5f4-b693357cabd3" testListId="8c84fa94-04c1-424b-9868-57a2d4851a1d" />
    <TestEntry testId="479b875f-d623-ae0a-ff97-dc49a4f2a217" executionId="1994c0e0-df98-4204-b47d-fe3421eaf576" testListId="8c84fa94-04c1-424b-9868-57a2d4851a1d" />
    <TestEntry testId="40dca42a-3eee-5c79-9591-5c0728057659" executionId="d665b6a6-6b60-434a-bb5a-20c3afffb93d" testListId="8c84fa94-04c1-424b-9868-57a2d4851a1d" />
    <TestEntry testId="26a3ed7b-f58f-b931-d8c6-d1d1687098ba" executionId="817b2a07-8df8-4954-97cd-f0c310b7b015" testListId="8c84fa94-04c1-424b-9868-57a2d4851a1d" />
    <TestEntry testId="45fe0df1-c885-2f7e-8187-832190c2786d" executionId="e3a21e2c-c556-4007-93f4-fb715ef8651c" testListId="8c84fa94-04c1-424b-9868-57a2d4851a1d" />
    <TestEntry testId="ace18e35-aad4-fd42-8a20-15208510be21" executionId="a1e51bd1-232a-47a7-8773-0bfeea7ff6a5" testListId="8c84fa94-04c1-424b-9868-57a2d4851a1d" />
    <TestEntry testId="cb8eae24-e7ef-ed7e-d8e9-347d61b13b3a" executionId="fd53f2a6-6b9c-4371-8c09-518654b3950c" testListId="8c84fa94-04c1-424b-9868-57a2d4851a1d" />
    <TestEntry testId="63be1f92-7da8-a66e-02df-a6e75143687a" executionId="f3d9b14e-b16a-48eb-840f-5da94e227457" testListId="8c84fa94-04c1-424b-9868-57a2d4851a1d" />
    <TestEntry testId="1888ecce-58be-db32-ede6-36f3c153ebee" executionId="dd5bd3ff-51bf-4db4-b3bd-0028c4029318" testListId="8c84fa94-04c1-424b-9868-57a2d4851a1d" />
    <TestEntry testId="48014160-238f-d712-183c-2714b5760ea5" executionId="d96a848d-e8c7-45e7-98cc-48daa7de20cb" testListId="8c84fa94-04c1-424b-9868-57a2d4851a1d" />
    <TestEntry testId="3760ca91-7b92-6a35-980f-2b9a329a8e71" executionId="dd980dc3-840f-46bd-b514-75b57e7cde2d" testListId="8c84fa94-04c1-424b-9868-57a2d4851a1d" />
    <TestEntry testId="979d0c6d-0284-7a72-3266-1dfcfcbff4b4" executionId="a7dcb872-12e3-45c9-944d-8611d4ebde58" testListId="8c84fa94-04c1-424b-9868-57a2d4851a1d" />
    <TestEntry testId="61a0d3cb-1290-855e-f649-c3c1c190f4b1" executionId="40156732-6790-408c-92f0-44291d1077ca" testListId="8c84fa94-04c1-424b-9868-57a2d4851a1d" />
    <TestEntry testId="198a1ae3-83ab-ea18-2e21-87927dc980e2" executionId="369ebe68-6a12-4883-a827-cfeb5a71470d" testListId="8c84fa94-04c1-424b-9868-57a2d4851a1d" />
    <TestEntry testId="1830f34e-01ca-a001-b01a-6356aa566c2f" executionId="317aaf94-6c0d-471c-8590-bd140e25caa1" testListId="8c84fa94-04c1-424b-9868-57a2d4851a1d" />
    <TestEntry testId="593087f0-c7ab-1991-c3ee-af523cc03ada" executionId="5f29905f-5d90-4f21-bcac-a6723212d1b4" testListId="8c84fa94-04c1-424b-9868-57a2d4851a1d" />
    <TestEntry testId="09635671-c6d8-54ba-4515-49be208708f2" executionId="77aad701-094d-4d4e-8ab6-c362ee54ffa2" testListId="8c84fa94-04c1-424b-9868-57a2d4851a1d" />
    <TestEntry testId="e54a4cee-e2a1-889e-b4cd-647e25b91df6" executionId="db519ec2-cf7b-4b73-8326-d87db2da8e36" testListId="8c84fa94-04c1-424b-9868-57a2d4851a1d" />
    <TestEntry testId="682d3b16-d8d9-d658-4906-fcc748843214" executionId="c1057666-7ddb-4e84-b8ad-722439cfd49a" testListId="8c84fa94-04c1-424b-9868-57a2d4851a1d" />
    <TestEntry testId="48375cbc-003d-d0fc-ff6a-cfef4b266dfb" executionId="808e22f2-4693-4b00-ab24-04a3243fc4f7" testListId="8c84fa94-04c1-424b-9868-57a2d4851a1d" />
    <TestEntry testId="1ff050e0-efda-4a3f-0076-12e3b7bb8c26" executionId="1ac333c2-52bc-4c71-9225-43697a57db5b" testListId="8c84fa94-04c1-424b-9868-57a2d4851a1d" />
  </TestEntries>
  <TestLists>
    <TestList name="Results Not in a List" id="8c84fa94-04c1-424b-9868-57a2d4851a1d" />
    <TestList name="All Loaded Results" id="19431567-8539-422a-85d7-44ee4e166bda" />
  </TestLists>
  <ResultSummary outcome="Completed">
    <Counters total="30" executed="30" passed="30" failed="0" error="0" timeout="0" aborted="0" inconclusive="0" passedButRunAborted="0" notRunnable="0" notExecuted="0" disconnected="0" warning="0" completed="0" inProgress="0" pending="0" />
    <Output>
      <StdOut>[xUnit.net 00:00:00.00] xUnit.net VSTest Adapter v2.4.3+1b45f5407b (64-bit .NET 6.0.10)
[xUnit.net 00:00:01.03]   Discovering: IntegrationTests
[xUnit.net 00:00:01.14]   Discovered:  IntegrationTests
[xUnit.net 00:00:01.14]   Starting:    IntegrationTests
[xUnit.net 00:00:20.59]   Finished:    IntegrationTests
</StdOut>
    </Output>
  </ResultSummary>
</TestRun>