<?xml version="1.0" encoding="utf-8"?>
<TestRun id="b7ee8737-5495-4b02-871d-44ff599bd3db" name="@DESKTOP-TJ9D65N 2022-11-03 14:05:30" xmlns="http://microsoft.com/schemas/VisualStudio/TeamTest/2010">
  <Times creation="2022-11-03T14:05:30.7568454+03:00" queuing="2022-11-03T14:05:30.7568455+03:00" start="2022-11-03T14:05:26.6477569+03:00" finish="2022-11-03T14:05:48.9026567+03:00" />
  <TestSettings name="default" id="145b905c-cf47-46fd-9ed1-ddded1222017">
    <Deployment runDeploymentRoot="_DESKTOP-TJ9D65N_2022-11-03_14_05_30" />
  </TestSettings>
  <Results>
    <UnitTestResult executionId="76cacc89-dcd4-4ae7-8dfe-55623c497589" testId="cb8eae24-e7ef-ed7e-d8e9-347d61b13b3a" testName="IntegrationTests.TestActionsWithUsers.TestRegisterUserWithRepeatedEmail" computerName="DESKTOP-TJ9D65N" duration="00:00:00.5877689" startTime="2022-11-03T14:05:39.0376197+03:00" endTime="2022-11-03T14:05:39.0376200+03:00" testType="13cdc9d9-ddb5-4fa4-a97d-d965ccfc6d4b" outcome="Passed" testListId="8c84fa94-04c1-424b-9868-57a2d4851a1d" relativeResultsDirectory="76cacc89-dcd4-4ae7-8dfe-55623c497589" />
    <UnitTestResult executionId="cd89f9a1-e034-4ff0-abe9-eb76c68e0ec7" testId="09439ddd-e8a0-e956-2b29-560e285d1d8c" testName="IntegrationTests.TestActionsWithTurnstiles.TestAdminUpdateTurnstileAsync(turnstile: Turnstile { TurnstileID = 70, LiftID = 107, IsOpen = True })" computerName="DESKTOP-TJ9D65N" duration="00:00:00.6281776" startTime="2022-11-03T14:05:36.5111546+03:00" endTime="2022-11-03T14:05:36.5111549+03:00" testType="13cdc9d9-ddb5-4fa4-a97d-d965ccfc6d4b" outcome="Passed" testListId="8c84fa94-04c1-424b-9868-57a2d4851a1d" relativeResultsDirectory="cd89f9a1-e034-4ff0-abe9-eb76c68e0ec7" />
    <UnitTestResult executionId="f60c04b2-81f4-4e38-af0f-ae85e04e0830" testId="479b875f-d623-ae0a-ff97-dc49a4f2a217" testName="IntegrationTests.TestActionsWithUsers.TestLogInWithWrongPassword" computerName="DESKTOP-TJ9D65N" duration="00:00:00.5858546" startTime="2022-11-03T14:05:39.6564614+03:00" endTime="2022-11-03T14:05:39.6564617+03:00" testType="13cdc9d9-ddb5-4fa4-a97d-d965ccfc6d4b" outcome="Passed" testListId="8c84fa94-04c1-424b-9868-57a2d4851a1d" relativeResultsDirectory="f60c04b2-81f4-4e38-af0f-ae85e04e0830" />
    <UnitTestResult executionId="f7736aa4-df6a-4d7b-89d7-69c31d8a666f" testId="198a1ae3-83ab-ea18-2e21-87927dc980e2" testName="IntegrationTests.TestActionsWithUsers.TestRegisterUserWithNoPassword" computerName="DESKTOP-TJ9D65N" duration="00:00:00.5530619" startTime="2022-11-03T14:05:42.7180483+03:00" endTime="2022-11-03T14:05:42.7180485+03:00" testType="13cdc9d9-ddb5-4fa4-a97d-d965ccfc6d4b" outcome="Passed" testListId="8c84fa94-04c1-424b-9868-57a2d4851a1d" relativeResultsDirectory="f7736aa4-df6a-4d7b-89d7-69c31d8a666f" />
    <UnitTestResult executionId="52191179-fb49-4504-a709-d566b1c8154b" testId="63be1f92-7da8-a66e-02df-a6e75143687a" testName="IntegrationTests.TestActionsWithLiftsSlopes.TestGetLiftsSlopesInfoAsync(liftsSlopes: [LiftSlope { RecordID = 165, LiftID = 189, SlopeID = 61 }, LiftSlope { RecordID = 204, LiftID = 160, SlopeID = 173 }, LiftSlope { RecordID = 199, LiftID = 112, SlopeID = 31 }])" computerName="DESKTOP-TJ9D65N" duration="00:00:00.6528262" startTime="2022-11-03T14:05:47.3055162+03:00" endTime="2022-11-03T14:05:47.3055164+03:00" testType="13cdc9d9-ddb5-4fa4-a97d-d965ccfc6d4b" outcome="Passed" testListId="8c84fa94-04c1-424b-9868-57a2d4851a1d" relativeResultsDirectory="52191179-fb49-4504-a709-d566b1c8154b" />
    <UnitTestResult executionId="84ab6e86-7939-4f94-b23e-56654e6725f7" testId="4af5cb73-df3d-5e63-29e8-de30895be408" testName="IntegrationTests.TestActionsWithLiftsSlopes.TestAdminAddAutoIncrementLiftSlopeAsync(lift: Lift { LiftID = 37, LiftName = liftNamea7511275-6991-4b68-8b6b-dad146ccc527, IsOpen = True, SeatsAmount = 213, LiftingTime = 169, QueueTime = 243, ConnectedSlopes =  }, slope: Slope { SlopeID = 15, SlopeName = slopeName9ce0b626-5e71-4c36-b372-d3dbcd919103, IsOpen = False, DifficultyLevel = 103, ConnectedLifts =  })" computerName="DESKTOP-TJ9D65N" duration="00:00:00.6719607" startTime="2022-11-03T14:05:47.9968278+03:00" endTime="2022-11-03T14:05:47.9968281+03:00" testType="13cdc9d9-ddb5-4fa4-a97d-d965ccfc6d4b" outcome="Passed" testListId="8c84fa94-04c1-424b-9868-57a2d4851a1d" relativeResultsDirectory="84ab6e86-7939-4f94-b23e-56654e6725f7" />
    <UnitTestResult executionId="6147eebf-638b-430b-9b7b-e231afc01fc9" testId="50decb61-e1c9-edbf-7e06-8d28df2a7567" testName="IntegrationTests.TestActionsWithLiftsSlopes.TestAdminDeleteLiftSlopeAsync(lift: Lift { LiftID = 88, LiftName = liftName1f238aaf-c0dc-431b-9213-950b56fd34fa, IsOpen = True, SeatsAmount = 2, LiftingTime = 251, QueueTime = 240, ConnectedSlopes =  }, slope: Slope { SlopeID = 147, SlopeName = slopeNameaa32201f-77f8-4667-b3e3-9a72bc73348c, IsOpen = False, DifficultyLevel = 16, ConnectedLifts =  })" computerName="DESKTOP-TJ9D65N" duration="00:00:00.7085304" startTime="2022-11-03T14:05:48.7375725+03:00" endTime="2022-11-03T14:05:48.7375727+03:00" testType="13cdc9d9-ddb5-4fa4-a97d-d965ccfc6d4b" outcome="Passed" testListId="8c84fa94-04c1-424b-9868-57a2d4851a1d" relativeResultsDirectory="6147eebf-638b-430b-9b7b-e231afc01fc9" />
    <UnitTestResult executionId="d06c8ad3-9a42-4629-88fb-1f5b3c0dcf0e" testId="b864982f-9dbf-49cc-217f-e987d9d8a8c6" testName="IntegrationTests.TestActionsWithLiftsLifts.TestGetLiftInfoAsync(lift: Lift { LiftID = 76, LiftName = liftNamebe08a432-dde5-435a-9f85-edec7ebe3ba2, IsOpen = True, SeatsAmount = 234, LiftingTime = 215, QueueTime = 230, ConnectedSlopes =  })" computerName="DESKTOP-TJ9D65N" duration="00:00:00.6158946" startTime="2022-11-03T14:05:46.6370521+03:00" endTime="2022-11-03T14:05:46.6370522+03:00" testType="13cdc9d9-ddb5-4fa4-a97d-d965ccfc6d4b" outcome="Passed" testListId="8c84fa94-04c1-424b-9868-57a2d4851a1d" relativeResultsDirectory="d06c8ad3-9a42-4629-88fb-1f5b3c0dcf0e" />
    <UnitTestResult executionId="0d742d86-ca00-470b-ad02-55e6f9c92e83" testId="f1495074-59eb-c7c3-f891-844ff081932d" testName="IntegrationTests.TestActionsWithLiftsLifts.TestUpdateLiftInfoAsync(lift: Lift { LiftID = 198, LiftName = liftNamec6c916e5-e959-4a90-8ebb-a0e3d2e5abf4, IsOpen = True, SeatsAmount = 183, LiftingTime = 153, QueueTime = 148, ConnectedSlopes =  })" computerName="DESKTOP-TJ9D65N" duration="00:00:00.6429549" startTime="2022-11-03T14:05:46.0015739+03:00" endTime="2022-11-03T14:05:46.0015741+03:00" testType="13cdc9d9-ddb5-4fa4-a97d-d965ccfc6d4b" outcome="Passed" testListId="8c84fa94-04c1-424b-9868-57a2d4851a1d" relativeResultsDirectory="0d742d86-ca00-470b-ad02-55e6f9c92e83" />
    <UnitTestResult executionId="ad9fe93f-3441-4a97-b06c-fd243d79ca00" testId="4183e3d9-31cb-a89c-53f2-e2348218c573" testName="IntegrationTests.TestActionsWithSlopes.TestAdminAddSlopeAsync(slope: Slope { SlopeID = 219, SlopeName = slopeNamecf786e0d-2ec1-4239-bd70-89911262b7ec, IsOpen = True, DifficultyLevel = 26, ConnectedLifts =  })" computerName="DESKTOP-TJ9D65N" duration="00:00:00.6264214" startTime="2022-11-03T14:05:33.2491899+03:00" endTime="2022-11-03T14:05:33.2491902+03:00" testType="13cdc9d9-ddb5-4fa4-a97d-d965ccfc6d4b" outcome="Passed" testListId="8c84fa94-04c1-424b-9868-57a2d4851a1d" relativeResultsDirectory="ad9fe93f-3441-4a97-b06c-fd243d79ca00" />
    <UnitTestResult executionId="6c437c7d-4460-43f3-a286-24a244953f14" testId="a4c466dc-6804-4242-a545-dfc079404702" testName="IntegrationTests.TestActionsWithTurnstiles.TestAdminAddAutoIncrementTurnstileAsync(turnstile: Turnstile { TurnstileID = 6, LiftID = 239, IsOpen = True })" computerName="DESKTOP-TJ9D65N" duration="00:00:00.6158544" startTime="2022-11-03T14:05:35.2114574+03:00" endTime="2022-11-03T14:05:35.2114577+03:00" testType="13cdc9d9-ddb5-4fa4-a97d-d965ccfc6d4b" outcome="Passed" testListId="8c84fa94-04c1-424b-9868-57a2d4851a1d" relativeResultsDirectory="6c437c7d-4460-43f3-a286-24a244953f14" />
    <UnitTestResult executionId="1b24edec-29b9-4eb7-a5e3-665f5aa5312d" testId="f4b5f674-7fc6-b6cb-f4b7-88e79504d970" testName="IntegrationTests.TestActionsWithLiftsLifts.TestAdminDeleteLiftAsync(lift: Lift { LiftID = 168, LiftName = liftNameead1a88d-5baf-4746-bed9-eb3fde245e0f, IsOpen = True, SeatsAmount = 109, LiftingTime = 221, QueueTime = 234, ConnectedSlopes =  })" computerName="DESKTOP-TJ9D65N" duration="00:00:00.6438872" startTime="2022-11-03T14:05:45.3444182+03:00" endTime="2022-11-03T14:05:45.3444182+03:00" testType="13cdc9d9-ddb5-4fa4-a97d-d965ccfc6d4b" outcome="Passed" testListId="8c84fa94-04c1-424b-9868-57a2d4851a1d" relativeResultsDirectory="1b24edec-29b9-4eb7-a5e3-665f5aa5312d" />
    <UnitTestResult executionId="70ff9bcd-f01c-4dee-8976-230baf0a706a" testId="45fe0df1-c885-2f7e-8187-832190c2786d" testName="IntegrationTests.TestActionsWithUsers.TestLogInOk" computerName="DESKTOP-TJ9D65N" duration="00:00:00.5842646" startTime="2022-11-03T14:05:38.4156526+03:00" endTime="2022-11-03T14:05:38.4156528+03:00" testType="13cdc9d9-ddb5-4fa4-a97d-d965ccfc6d4b" outcome="Passed" testListId="8c84fa94-04c1-424b-9868-57a2d4851a1d" relativeResultsDirectory="70ff9bcd-f01c-4dee-8976-230baf0a706a" />
    <UnitTestResult executionId="f8ffa4da-4a07-46de-a451-b5f95d850e87" testId="e54a4cee-e2a1-889e-b4cd-647e25b91df6" testName="IntegrationTests.TestActionsWithLiftsLifts.TestGetLiftsInfoAsync(initialLifts: [Lift { LiftID = 182, LiftName = liftNamefb003e6b-386b-4c40-b2a8-29b8b9375cad, IsOpen = True, SeatsAmount = 88, LiftingTime = 162, QueueTime = 73, ConnectedSlopes =  }, Lift { LiftID = 40, LiftName = liftName36ec3763-2894-4209-a275-6db0d2b4f67f, IsOpen = False, SeatsAmount = 190, LiftingTime = 24, QueueTime = 232, ConnectedSlopes =  }, Lift { LiftID = 60, LiftName = liftName0b511601-e5c3-429f-8da4-424320c58ff4, IsOpen = True, SeatsAmount = 214, LiftingTime = 15, QueueTime = 196, ConnectedSlopes =  }])" computerName="DESKTOP-TJ9D65N" duration="00:00:00.6754449" startTime="2022-11-03T14:05:44.6676562+03:00" endTime="2022-11-03T14:05:44.6676568+03:00" testType="13cdc9d9-ddb5-4fa4-a97d-d965ccfc6d4b" outcome="Passed" testListId="8c84fa94-04c1-424b-9868-57a2d4851a1d" relativeResultsDirectory="f8ffa4da-4a07-46de-a451-b5f95d850e87" />
    <UnitTestResult executionId="c9d4e858-b91f-487d-962a-191a0ba39603" testId="d78ba6d0-dfa8-fa6f-4cc8-23966ee34980" testName="IntegrationTests.TestActionsWithUsers.TestRegisterOk" computerName="DESKTOP-TJ9D65N" duration="00:00:00.6060190" startTime="2022-11-03T14:05:40.2934478+03:00" endTime="2022-11-03T14:05:40.2934479+03:00" testType="13cdc9d9-ddb5-4fa4-a97d-d965ccfc6d4b" outcome="Passed" testListId="8c84fa94-04c1-424b-9868-57a2d4851a1d" relativeResultsDirectory="c9d4e858-b91f-487d-962a-191a0ba39603" />
    <UnitTestResult executionId="c16d2d6b-c0b2-4aeb-960f-130477d549e4" testId="640a72f6-5583-6636-1a54-8396abe99588" testName="IntegrationTests.TestActionsWithUsers.TestAdminDeleteUser" computerName="DESKTOP-TJ9D65N" duration="00:00:00.6185494" startTime="2022-11-03T14:05:40.9289998+03:00" endTime="2022-11-03T14:05:40.9290002+03:00" testType="13cdc9d9-ddb5-4fa4-a97d-d965ccfc6d4b" outcome="Passed" testListId="8c84fa94-04c1-424b-9868-57a2d4851a1d" relativeResultsDirectory="c16d2d6b-c0b2-4aeb-960f-130477d549e4" />
    <UnitTestResult executionId="469e0348-1ba6-4722-9e29-8f7cd7353d15" testId="48375cbc-003d-d0fc-ff6a-cfef4b266dfb" testName="IntegrationTests.TestActionsWithUsers.TestRegisterUserWithNoEmail" computerName="DESKTOP-TJ9D65N" duration="00:00:00.5529400" startTime="2022-11-03T14:05:42.1343855+03:00" endTime="2022-11-03T14:05:42.1343858+03:00" testType="13cdc9d9-ddb5-4fa4-a97d-d965ccfc6d4b" outcome="Passed" testListId="8c84fa94-04c1-424b-9868-57a2d4851a1d" relativeResultsDirectory="469e0348-1ba6-4722-9e29-8f7cd7353d15" />
    <UnitTestResult executionId="be2e2019-bb69-4665-8fcd-a3ff358ed695" testId="8a671bbd-a679-9554-80f7-33c777475820" testName="IntegrationTests.TestActionsWithTurnstiles.TestAdminGetTurnstilesAsync(initialTurnstiles: [Turnstile { TurnstileID = 135, LiftID = 27, IsOpen = True }, Turnstile { TurnstileID = 95, LiftID = 196, IsOpen = False }, Turnstile { TurnstileID = 214, LiftID = 175, IsOpen = True }])" computerName="DESKTOP-TJ9D65N" duration="00:00:00.6495974" startTime="2022-11-03T14:05:33.9502749+03:00" endTime="2022-11-03T14:05:33.9502750+03:00" testType="13cdc9d9-ddb5-4fa4-a97d-d965ccfc6d4b" outcome="Passed" testListId="8c84fa94-04c1-424b-9868-57a2d4851a1d" relativeResultsDirectory="be2e2019-bb69-4665-8fcd-a3ff358ed695" />
    <UnitTestResult executionId="d2582e29-1b75-4ed2-8c04-a9310d24fc02" testId="1ac9129d-a1e3-fce7-efcc-301e28c209da" testName="IntegrationTests.TestActionsWithSlopes.TestGetSlopeInfoAsync(slope: Slope { SlopeID = 89, SlopeName = slopeNameb8f5540c-20f1-47c5-9395-4d293103ba58, IsOpen = True, DifficultyLevel = 133, ConnectedLifts =  })" computerName="DESKTOP-TJ9D65N" duration="00:00:00.7112889" startTime="2022-11-03T14:05:29.8991053+03:00" endTime="2022-11-03T14:05:29.8991339+03:00" testType="13cdc9d9-ddb5-4fa4-a97d-d965ccfc6d4b" outcome="Passed" testListId="8c84fa94-04c1-424b-9868-57a2d4851a1d" relativeResultsDirectory="d2582e29-1b75-4ed2-8c04-a9310d24fc02" />
    <UnitTestResult executionId="c5483abd-5cf4-4b5b-8991-bfcc59c3113e" testId="682d3b16-d8d9-d658-4906-fcc748843214" testName="IntegrationTests.TestActionsWithUsers.TestAdminGetUsers" computerName="DESKTOP-TJ9D65N" duration="00:00:00.6024580" startTime="2022-11-03T14:05:41.5650574+03:00" endTime="2022-11-03T14:05:41.5650576+03:00" testType="13cdc9d9-ddb5-4fa4-a97d-d965ccfc6d4b" outcome="Passed" testListId="8c84fa94-04c1-424b-9868-57a2d4851a1d" relativeResultsDirectory="c5483abd-5cf4-4b5b-8991-bfcc59c3113e" />
    <UnitTestResult executionId="55fcc126-61a8-4c13-8ffa-d95049c7f6cf" testId="608c891d-7fcc-9dc4-0046-935981c65ea1" testName="IntegrationTests.TestActionsWithTurnstiles.TestAdminDeleteTurnstileAsync(turnstile: Turnstile { TurnstileID = 211, LiftID = 132, IsOpen = True })" computerName="DESKTOP-TJ9D65N" duration="00:00:00.6104037" startTime="2022-11-03T14:05:35.8586355+03:00" endTime="2022-11-03T14:05:35.8586357+03:00" testType="13cdc9d9-ddb5-4fa4-a97d-d965ccfc6d4b" outcome="Passed" testListId="8c84fa94-04c1-424b-9868-57a2d4851a1d" relativeResultsDirectory="55fcc126-61a8-4c13-8ffa-d95049c7f6cf" />
    <UnitTestResult executionId="e8bbd600-0118-492d-96ed-7c0fe346f113" testId="e8d516b1-7f31-84da-832e-c6a77c9ea383" testName="IntegrationTests.TestActionsWithTurnstiles.TestAdminGetTurnstileAsync(turnstile: Turnstile { TurnstileID = 82, LiftID = 216, IsOpen = True })" computerName="DESKTOP-TJ9D65N" duration="00:00:00.6006590" startTime="2022-11-03T14:05:34.5636891+03:00" endTime="2022-11-03T14:05:34.5636894+03:00" testType="13cdc9d9-ddb5-4fa4-a97d-d965ccfc6d4b" outcome="Passed" testListId="8c84fa94-04c1-424b-9868-57a2d4851a1d" relativeResultsDirectory="e8bbd600-0118-492d-96ed-7c0fe346f113" />
    <UnitTestResult executionId="eef2267d-c04d-4de9-b9b0-a33573dc99bc" testId="c304dc20-7410-268c-4e23-e24770f1be9e" testName="IntegrationTests.TestActionsWithLiftsLifts.TestAdminAddAutoIncrementLiftAsync(lift: Lift { LiftID = 1, LiftName = liftName8df7827f-cc2a-4cf2-a15d-026ae6148858, IsOpen = True, SeatsAmount = 85, LiftingTime = 52, QueueTime = 156, ConnectedSlopes =  })" computerName="DESKTOP-TJ9D65N" duration="00:00:00.6212942" startTime="2022-11-03T14:05:43.9771708+03:00" endTime="2022-11-03T14:05:43.9771709+03:00" testType="13cdc9d9-ddb5-4fa4-a97d-d965ccfc6d4b" outcome="Passed" testListId="8c84fa94-04c1-424b-9868-57a2d4851a1d" relativeResultsDirectory="eef2267d-c04d-4de9-b9b0-a33573dc99bc" />
    <UnitTestResult executionId="76a69d3c-321b-4dde-b6a3-10a822c26e92" testId="26a3ed7b-f58f-b931-d8c6-d1d1687098ba" testName="IntegrationTests.TestActionsWithUsers.TestAdminAddAutoIncrementUser" computerName="DESKTOP-TJ9D65N" duration="00:00:00.6207087" startTime="2022-11-03T14:05:37.8111923+03:00" endTime="2022-11-03T14:05:37.8111925+03:00" testType="13cdc9d9-ddb5-4fa4-a97d-d965ccfc6d4b" outcome="Passed" testListId="8c84fa94-04c1-424b-9868-57a2d4851a1d" relativeResultsDirectory="76a69d3c-321b-4dde-b6a3-10a822c26e92" />
    <UnitTestResult executionId="3f2ef4f7-6b8c-4cee-91e7-cc324cc1761f" testId="3edbd228-ebc8-0ed6-6c37-314e9f3ff766" testName="IntegrationTests.TestActionsWithSlopes.TestAdminDeleteSlopeAsync(slope: Slope { SlopeID = 65, SlopeName = slopeName9d009d14-4997-4a4a-8a2d-9be862b94a4b, IsOpen = True, DifficultyLevel = 142, ConnectedLifts =  })" computerName="DESKTOP-TJ9D65N" duration="00:00:00.6330261" startTime="2022-11-03T14:05:31.9161564+03:00" endTime="2022-11-03T14:05:31.9161566+03:00" testType="13cdc9d9-ddb5-4fa4-a97d-d965ccfc6d4b" outcome="Passed" testListId="8c84fa94-04c1-424b-9868-57a2d4851a1d" relativeResultsDirectory="3f2ef4f7-6b8c-4cee-91e7-cc324cc1761f" />
    <UnitTestResult executionId="213bbc39-1609-4e71-b415-9fad87336a97" testId="61a0d3cb-1290-855e-f649-c3c1c190f4b1" testName="IntegrationTests.TestActionsWithUsers.TestAdminUpdateUser" computerName="DESKTOP-TJ9D65N" duration="00:00:00.6135858" startTime="2022-11-03T14:05:37.1589531+03:00" endTime="2022-11-03T14:05:37.1589534+03:00" testType="13cdc9d9-ddb5-4fa4-a97d-d965ccfc6d4b" outcome="Passed" testListId="8c84fa94-04c1-424b-9868-57a2d4851a1d" relativeResultsDirectory="213bbc39-1609-4e71-b415-9fad87336a97" />
    <UnitTestResult executionId="a004b83d-4716-43ad-8920-14c463eeb8e8" testId="469b101f-8633-a685-8d5b-bdbf8dc340c5" testName="IntegrationTests.TestActionsWithSlopes.TestGetSlopesInfoAsync(initialSlopes: [Slope { SlopeID = 51, SlopeName = slopeName6760bc26-4d26-4ec6-91c1-ccdda8bce798, IsOpen = True, DifficultyLevel = 229, ConnectedLifts =  }, Slope { SlopeID = 142, SlopeName = slopeName760d74ae-824d-49d6-b16f-7f479f2a1a9c, IsOpen = False, DifficultyLevel = 192, ConnectedLifts =  }, Slope { SlopeID = 8, SlopeName = slopeName4f5ce07c-7293-47e1-a2cc-b0f91f4df09f, IsOpen = True, DifficultyLevel = 166, ConnectedLifts =  }])" computerName="DESKTOP-TJ9D65N" duration="00:00:00.6741302" startTime="2022-11-03T14:05:30.6098311+03:00" endTime="2022-11-03T14:05:30.6098313+03:00" testType="13cdc9d9-ddb5-4fa4-a97d-d965ccfc6d4b" outcome="Passed" testListId="8c84fa94-04c1-424b-9868-57a2d4851a1d" relativeResultsDirectory="a004b83d-4716-43ad-8920-14c463eeb8e8" />
    <UnitTestResult executionId="8a948cb4-205e-4ee4-891a-9e8598fa66de" testId="73817066-32da-7825-fae1-6bab242dc907" testName="IntegrationTests.TestActionsWithSlopes.TestUpdateSlopeInfoAsync(slope: Slope { SlopeID = 171, SlopeName = slopeName98b060e9-a5c6-4752-aded-6a267d8db120, IsOpen = True, DifficultyLevel = 175, ConnectedLifts =  })" computerName="DESKTOP-TJ9D65N" duration="00:00:00.6435809" startTime="2022-11-03T14:05:32.5917226+03:00" endTime="2022-11-03T14:05:32.5917228+03:00" testType="13cdc9d9-ddb5-4fa4-a97d-d965ccfc6d4b" outcome="Passed" testListId="8c84fa94-04c1-424b-9868-57a2d4851a1d" relativeResultsDirectory="8a948cb4-205e-4ee4-891a-9e8598fa66de" />
    <UnitTestResult executionId="3f949295-826c-4308-a2bd-7b419ded628b" testId="593087f0-c7ab-1991-c3ee-af523cc03ada" testName="IntegrationTests.TestActionsWithUsers.TestAdminGetUserByIDAsync" computerName="DESKTOP-TJ9D65N" duration="00:00:00.5923743" startTime="2022-11-03T14:05:43.3331308+03:00" endTime="2022-11-03T14:05:43.3331309+03:00" testType="13cdc9d9-ddb5-4fa4-a97d-d965ccfc6d4b" outcome="Passed" testListId="8c84fa94-04c1-424b-9868-57a2d4851a1d" relativeResultsDirectory="3f949295-826c-4308-a2bd-7b419ded628b" />
    <UnitTestResult executionId="b26b5fb0-5441-449a-9773-63874f41b5df" testId="96da04c4-ca75-70c9-1bad-59d58ea9c761" testName="IntegrationTests.TestActionsWithSlopes.TestAdminAddAutoIncrementSlopeAsync(slope: Slope { SlopeID = 41, SlopeName = slopeNamec786e6f5-c63d-4e36-9d61-12bfbcf98ea3, IsOpen = True, DifficultyLevel = 55, ConnectedLifts =  })" computerName="DESKTOP-TJ9D65N" duration="00:00:00.6353267" startTime="2022-11-03T14:05:31.2645959+03:00" endTime="2022-11-03T14:05:31.2645961+03:00" testType="13cdc9d9-ddb5-4fa4-a97d-d965ccfc6d4b" outcome="Passed" testListId="8c84fa94-04c1-424b-9868-57a2d4851a1d" relativeResultsDirectory="b26b5fb0-5441-449a-9773-63874f41b5df" />
  </Results>
  <TestDefinitions>
    <UnitTest name="IntegrationTests.TestActionsWithLiftsLifts.TestGetLiftInfoAsync(lift: Lift { LiftID = 76, LiftName = liftNamebe08a432-dde5-435a-9f85-edec7ebe3ba2, IsOpen = True, SeatsAmount = 234, LiftingTime = 215, QueueTime = 230, ConnectedSlopes =  })" storage="/mnt/c/users/alena/desktop/7_sem/testing_and_debugging/skiresort/integrationtests/bin/debug/net6.0/integrationtests.dll" id="b864982f-9dbf-49cc-217f-e987d9d8a8c6">
      <Execution id="d06c8ad3-9a42-4629-88fb-1f5b3c0dcf0e" />
      <TestMethod codeBase="/mnt/c/Users/alena/Desktop/7_sem/testing_and_debugging/SkiResort/IntegrationTests/bin/Debug/net6.0/IntegrationTests.dll" adapterTypeName="executor://xunit/VsTestRunner2/netcoreapp" className="IntegrationTests.TestActionsWithLiftsLifts" name="TestGetLiftInfoAsync" />
    </UnitTest>
    <UnitTest name="IntegrationTests.TestActionsWithTurnstiles.TestAdminAddAutoIncrementTurnstileAsync(turnstile: Turnstile { TurnstileID = 6, LiftID = 239, IsOpen = True })" storage="/mnt/c/users/alena/desktop/7_sem/testing_and_debugging/skiresort/integrationtests/bin/debug/net6.0/integrationtests.dll" id="a4c466dc-6804-4242-a545-dfc079404702">
      <Execution id="6c437c7d-4460-43f3-a286-24a244953f14" />
      <TestMethod codeBase="/mnt/c/Users/alena/Desktop/7_sem/testing_and_debugging/SkiResort/IntegrationTests/bin/Debug/net6.0/IntegrationTests.dll" adapterTypeName="executor://xunit/VsTestRunner2/netcoreapp" className="IntegrationTests.TestActionsWithTurnstiles" name="TestAdminAddAutoIncrementTurnstileAsync" />
    </UnitTest>
    <UnitTest name="IntegrationTests.TestActionsWithUsers.TestRegisterOk" storage="/mnt/c/users/alena/desktop/7_sem/testing_and_debugging/skiresort/integrationtests/bin/debug/net6.0/integrationtests.dll" id="d78ba6d0-dfa8-fa6f-4cc8-23966ee34980">
      <Execution id="c9d4e858-b91f-487d-962a-191a0ba39603" />
      <TestMethod codeBase="/mnt/c/Users/alena/Desktop/7_sem/testing_and_debugging/SkiResort/IntegrationTests/bin/Debug/net6.0/IntegrationTests.dll" adapterTypeName="executor://xunit/VsTestRunner2/netcoreapp" className="IntegrationTests.TestActionsWithUsers" name="TestRegisterOk" />
    </UnitTest>
    <UnitTest name="IntegrationTests.TestActionsWithUsers.TestLogInWithWrongPassword" storage="/mnt/c/users/alena/desktop/7_sem/testing_and_debugging/skiresort/integrationtests/bin/debug/net6.0/integrationtests.dll" id="479b875f-d623-ae0a-ff97-dc49a4f2a217">
      <Execution id="f60c04b2-81f4-4e38-af0f-ae85e04e0830" />
      <TestMethod codeBase="/mnt/c/Users/alena/Desktop/7_sem/testing_and_debugging/SkiResort/IntegrationTests/bin/Debug/net6.0/IntegrationTests.dll" adapterTypeName="executor://xunit/VsTestRunner2/netcoreapp" className="IntegrationTests.TestActionsWithUsers" name="TestLogInWithWrongPassword" />
    </UnitTest>
    <UnitTest name="IntegrationTests.TestActionsWithTurnstiles.TestAdminUpdateTurnstileAsync(turnstile: Turnstile { TurnstileID = 70, LiftID = 107, IsOpen = True })" storage="/mnt/c/users/alena/desktop/7_sem/testing_and_debugging/skiresort/integrationtests/bin/debug/net6.0/integrationtests.dll" id="09439ddd-e8a0-e956-2b29-560e285d1d8c">
      <Execution id="cd89f9a1-e034-4ff0-abe9-eb76c68e0ec7" />
      <TestMethod codeBase="/mnt/c/Users/alena/Desktop/7_sem/testing_and_debugging/SkiResort/IntegrationTests/bin/Debug/net6.0/IntegrationTests.dll" adapterTypeName="executor://xunit/VsTestRunner2/netcoreapp" className="IntegrationTests.TestActionsWithTurnstiles" name="TestAdminUpdateTurnstileAsync" />
    </UnitTest>
    <UnitTest name="IntegrationTests.TestActionsWithSlopes.TestGetSlopesInfoAsync(initialSlopes: [Slope { SlopeID = 51, SlopeName = slopeName6760bc26-4d26-4ec6-91c1-ccdda8bce798, IsOpen = True, DifficultyLevel = 229, ConnectedLifts =  }, Slope { SlopeID = 142, SlopeName = slopeName760d74ae-824d-49d6-b16f-7f479f2a1a9c, IsOpen = False, DifficultyLevel = 192, ConnectedLifts =  }, Slope { SlopeID = 8, SlopeName = slopeName4f5ce07c-7293-47e1-a2cc-b0f91f4df09f, IsOp..." storage="/mnt/c/users/alena/desktop/7_sem/testing_and_debugging/skiresort/integrationtests/bin/debug/net6.0/integrationtests.dll" id="469b101f-8633-a685-8d5b-bdbf8dc340c5">
      <Execution id="a004b83d-4716-43ad-8920-14c463eeb8e8" />
      <TestMethod codeBase="/mnt/c/Users/alena/Desktop/7_sem/testing_and_debugging/SkiResort/IntegrationTests/bin/Debug/net6.0/IntegrationTests.dll" adapterTypeName="executor://xunit/VsTestRunner2/netcoreapp" className="IntegrationTests.TestActionsWithSlopes" name="TestGetSlopesInfoAsync" />
    </UnitTest>
    <UnitTest name="IntegrationTests.TestActionsWithUsers.TestAdminUpdateUser" storage="/mnt/c/users/alena/desktop/7_sem/testing_and_debugging/skiresort/integrationtests/bin/debug/net6.0/integrationtests.dll" id="61a0d3cb-1290-855e-f649-c3c1c190f4b1">
      <Execution id="213bbc39-1609-4e71-b415-9fad87336a97" />
      <TestMethod codeBase="/mnt/c/Users/alena/Desktop/7_sem/testing_and_debugging/SkiResort/IntegrationTests/bin/Debug/net6.0/IntegrationTests.dll" adapterTypeName="executor://xunit/VsTestRunner2/netcoreapp" className="IntegrationTests.TestActionsWithUsers" name="TestAdminUpdateUser" />
    </UnitTest>
    <UnitTest name="IntegrationTests.TestActionsWithLiftsLifts.TestAdminDeleteLiftAsync(lift: Lift { LiftID = 168, LiftName = liftNameead1a88d-5baf-4746-bed9-eb3fde245e0f, IsOpen = True, SeatsAmount = 109, LiftingTime = 221, QueueTime = 234, ConnectedSlopes =  })" storage="/mnt/c/users/alena/desktop/7_sem/testing_and_debugging/skiresort/integrationtests/bin/debug/net6.0/integrationtests.dll" id="f4b5f674-7fc6-b6cb-f4b7-88e79504d970">
      <Execution id="1b24edec-29b9-4eb7-a5e3-665f5aa5312d" />
      <TestMethod codeBase="/mnt/c/Users/alena/Desktop/7_sem/testing_and_debugging/SkiResort/IntegrationTests/bin/Debug/net6.0/IntegrationTests.dll" adapterTypeName="executor://xunit/VsTestRunner2/netcoreapp" className="IntegrationTests.TestActionsWithLiftsLifts" name="TestAdminDeleteLiftAsync" />
    </UnitTest>
    <UnitTest name="IntegrationTests.TestActionsWithUsers.TestAdminGetUserByIDAsync" storage="/mnt/c/users/alena/desktop/7_sem/testing_and_debugging/skiresort/integrationtests/bin/debug/net6.0/integrationtests.dll" id="593087f0-c7ab-1991-c3ee-af523cc03ada">
      <Execution id="3f949295-826c-4308-a2bd-7b419ded628b" />
      <TestMethod codeBase="/mnt/c/Users/alena/Desktop/7_sem/testing_and_debugging/SkiResort/IntegrationTests/bin/Debug/net6.0/IntegrationTests.dll" adapterTypeName="executor://xunit/VsTestRunner2/netcoreapp" className="IntegrationTests.TestActionsWithUsers" name="TestAdminGetUserByIDAsync" />
    </UnitTest>
    <UnitTest name="IntegrationTests.TestActionsWithUsers.TestAdminGetUsers" storage="/mnt/c/users/alena/desktop/7_sem/testing_and_debugging/skiresort/integrationtests/bin/debug/net6.0/integrationtests.dll" id="682d3b16-d8d9-d658-4906-fcc748843214">
      <Execution id="c5483abd-5cf4-4b5b-8991-bfcc59c3113e" />
      <TestMethod codeBase="/mnt/c/Users/alena/Desktop/7_sem/testing_and_debugging/SkiResort/IntegrationTests/bin/Debug/net6.0/IntegrationTests.dll" adapterTypeName="executor://xunit/VsTestRunner2/netcoreapp" className="IntegrationTests.TestActionsWithUsers" name="TestAdminGetUsers" />
    </UnitTest>
    <UnitTest name="IntegrationTests.TestActionsWithTurnstiles.TestAdminGetTurnstilesAsync(initialTurnstiles: [Turnstile { TurnstileID = 135, LiftID = 27, IsOpen = True }, Turnstile { TurnstileID = 95, LiftID = 196, IsOpen = False }, Turnstile { TurnstileID = 214, LiftID = 175, IsOpen = True }])" storage="/mnt/c/users/alena/desktop/7_sem/testing_and_debugging/skiresort/integrationtests/bin/debug/net6.0/integrationtests.dll" id="8a671bbd-a679-9554-80f7-33c777475820">
      <Execution id="be2e2019-bb69-4665-8fcd-a3ff358ed695" />
      <TestMethod codeBase="/mnt/c/Users/alena/Desktop/7_sem/testing_and_debugging/SkiResort/IntegrationTests/bin/Debug/net6.0/IntegrationTests.dll" adapterTypeName="executor://xunit/VsTestRunner2/netcoreapp" className="IntegrationTests.TestActionsWithTurnstiles" name="TestAdminGetTurnstilesAsync" />
    </UnitTest>
    <UnitTest name="IntegrationTests.TestActionsWithSlopes.TestGetSlopeInfoAsync(slope: Slope { SlopeID = 89, SlopeName = slopeNameb8f5540c-20f1-47c5-9395-4d293103ba58, IsOpen = True, DifficultyLevel = 133, ConnectedLifts =  })" storage="/mnt/c/users/alena/desktop/7_sem/testing_and_debugging/skiresort/integrationtests/bin/debug/net6.0/integrationtests.dll" id="1ac9129d-a1e3-fce7-efcc-301e28c209da">
      <Execution id="d2582e29-1b75-4ed2-8c04-a9310d24fc02" />
      <TestMethod codeBase="/mnt/c/Users/alena/Desktop/7_sem/testing_and_debugging/SkiResort/IntegrationTests/bin/Debug/net6.0/IntegrationTests.dll" adapterTypeName="executor://xunit/VsTestRunner2/netcoreapp" className="IntegrationTests.TestActionsWithSlopes" name="TestGetSlopeInfoAsync" />
    </UnitTest>
    <UnitTest name="IntegrationTests.TestActionsWithLiftsSlopes.TestAdminDeleteLiftSlopeAsync(lift: Lift { LiftID = 88, LiftName = liftName1f238aaf-c0dc-431b-9213-950b56fd34fa, IsOpen = True, SeatsAmount = 2, LiftingTime = 251, QueueTime = 240, ConnectedSlopes =  }, slope: Slope { SlopeID = 147, SlopeName = slopeNameaa32201f-77f8-4667-b3e3-9a72bc73348c, IsOpen = False, DifficultyLevel = 16, ConnectedLifts =  })" storage="/mnt/c/users/alena/desktop/7_sem/testing_and_debugging/skiresort/integrationtests/bin/debug/net6.0/integrationtests.dll" id="50decb61-e1c9-edbf-7e06-8d28df2a7567">
      <Execution id="6147eebf-638b-430b-9b7b-e231afc01fc9" />
      <TestMethod codeBase="/mnt/c/Users/alena/Desktop/7_sem/testing_and_debugging/SkiResort/IntegrationTests/bin/Debug/net6.0/IntegrationTests.dll" adapterTypeName="executor://xunit/VsTestRunner2/netcoreapp" className="IntegrationTests.TestActionsWithLiftsSlopes" name="TestAdminDeleteLiftSlopeAsync" />
    </UnitTest>
    <UnitTest name="IntegrationTests.TestActionsWithUsers.TestAdminDeleteUser" storage="/mnt/c/users/alena/desktop/7_sem/testing_and_debugging/skiresort/integrationtests/bin/debug/net6.0/integrationtests.dll" id="640a72f6-5583-6636-1a54-8396abe99588">
      <Execution id="c16d2d6b-c0b2-4aeb-960f-130477d549e4" />
      <TestMethod codeBase="/mnt/c/Users/alena/Desktop/7_sem/testing_and_debugging/SkiResort/IntegrationTests/bin/Debug/net6.0/IntegrationTests.dll" adapterTypeName="executor://xunit/VsTestRunner2/netcoreapp" className="IntegrationTests.TestActionsWithUsers" name="TestAdminDeleteUser" />
    </UnitTest>
    <UnitTest name="IntegrationTests.TestActionsWithLiftsSlopes.TestAdminAddAutoIncrementLiftSlopeAsync(lift: Lift { LiftID = 37, LiftName = liftNamea7511275-6991-4b68-8b6b-dad146ccc527, IsOpen = True, SeatsAmount = 213, LiftingTime = 169, QueueTime = 243, ConnectedSlopes =  }, slope: Slope { SlopeID = 15, SlopeName = slopeName9ce0b626-5e71-4c36-b372-d3dbcd919103, IsOpen = False, DifficultyLevel = 103, ConnectedLifts =  })" storage="/mnt/c/users/alena/desktop/7_sem/testing_and_debugging/skiresort/integrationtests/bin/debug/net6.0/integrationtests.dll" id="4af5cb73-df3d-5e63-29e8-de30895be408">
      <Execution id="84ab6e86-7939-4f94-b23e-56654e6725f7" />
      <TestMethod codeBase="/mnt/c/Users/alena/Desktop/7_sem/testing_and_debugging/SkiResort/IntegrationTests/bin/Debug/net6.0/IntegrationTests.dll" adapterTypeName="executor://xunit/VsTestRunner2/netcoreapp" className="IntegrationTests.TestActionsWithLiftsSlopes" name="TestAdminAddAutoIncrementLiftSlopeAsync" />
    </UnitTest>
    <UnitTest name="IntegrationTests.TestActionsWithUsers.TestAdminAddAutoIncrementUser" storage="/mnt/c/users/alena/desktop/7_sem/testing_and_debugging/skiresort/integrationtests/bin/debug/net6.0/integrationtests.dll" id="26a3ed7b-f58f-b931-d8c6-d1d1687098ba">
      <Execution id="76a69d3c-321b-4dde-b6a3-10a822c26e92" />
      <TestMethod codeBase="/mnt/c/Users/alena/Desktop/7_sem/testing_and_debugging/SkiResort/IntegrationTests/bin/Debug/net6.0/IntegrationTests.dll" adapterTypeName="executor://xunit/VsTestRunner2/netcoreapp" className="IntegrationTests.TestActionsWithUsers" name="TestAdminAddAutoIncrementUser" />
    </UnitTest>
    <UnitTest name="IntegrationTests.TestActionsWithLiftsLifts.TestAdminAddAutoIncrementLiftAsync(lift: Lift { LiftID = 1, LiftName = liftName8df7827f-cc2a-4cf2-a15d-026ae6148858, IsOpen = True, SeatsAmount = 85, LiftingTime = 52, QueueTime = 156, ConnectedSlopes =  })" storage="/mnt/c/users/alena/desktop/7_sem/testing_and_debugging/skiresort/integrationtests/bin/debug/net6.0/integrationtests.dll" id="c304dc20-7410-268c-4e23-e24770f1be9e">
      <Execution id="eef2267d-c04d-4de9-b9b0-a33573dc99bc" />
      <TestMethod codeBase="/mnt/c/Users/alena/Desktop/7_sem/testing_and_debugging/SkiResort/IntegrationTests/bin/Debug/net6.0/IntegrationTests.dll" adapterTypeName="executor://xunit/VsTestRunner2/netcoreapp" className="IntegrationTests.TestActionsWithLiftsLifts" name="TestAdminAddAutoIncrementLiftAsync" />
    </UnitTest>
    <UnitTest name="IntegrationTests.TestActionsWithSlopes.TestAdminAddAutoIncrementSlopeAsync(slope: Slope { SlopeID = 41, SlopeName = slopeNamec786e6f5-c63d-4e36-9d61-12bfbcf98ea3, IsOpen = True, DifficultyLevel = 55, ConnectedLifts =  })" storage="/mnt/c/users/alena/desktop/7_sem/testing_and_debugging/skiresort/integrationtests/bin/debug/net6.0/integrationtests.dll" id="96da04c4-ca75-70c9-1bad-59d58ea9c761">
      <Execution id="b26b5fb0-5441-449a-9773-63874f41b5df" />
      <TestMethod codeBase="/mnt/c/Users/alena/Desktop/7_sem/testing_and_debugging/SkiResort/IntegrationTests/bin/Debug/net6.0/IntegrationTests.dll" adapterTypeName="executor://xunit/VsTestRunner2/netcoreapp" className="IntegrationTests.TestActionsWithSlopes" name="TestAdminAddAutoIncrementSlopeAsync" />
    </UnitTest>
    <UnitTest name="IntegrationTests.TestActionsWithSlopes.TestAdminAddSlopeAsync(slope: Slope { SlopeID = 219, SlopeName = slopeNamecf786e0d-2ec1-4239-bd70-89911262b7ec, IsOpen = True, DifficultyLevel = 26, ConnectedLifts =  })" storage="/mnt/c/users/alena/desktop/7_sem/testing_and_debugging/skiresort/integrationtests/bin/debug/net6.0/integrationtests.dll" id="4183e3d9-31cb-a89c-53f2-e2348218c573">
      <Execution id="ad9fe93f-3441-4a97-b06c-fd243d79ca00" />
      <TestMethod codeBase="/mnt/c/Users/alena/Desktop/7_sem/testing_and_debugging/SkiResort/IntegrationTests/bin/Debug/net6.0/IntegrationTests.dll" adapterTypeName="executor://xunit/VsTestRunner2/netcoreapp" className="IntegrationTests.TestActionsWithSlopes" name="TestAdminAddSlopeAsync" />
    </UnitTest>
    <UnitTest name="IntegrationTests.TestActionsWithLiftsLifts.TestUpdateLiftInfoAsync(lift: Lift { LiftID = 198, LiftName = liftNamec6c916e5-e959-4a90-8ebb-a0e3d2e5abf4, IsOpen = True, SeatsAmount = 183, LiftingTime = 153, QueueTime = 148, ConnectedSlopes =  })" storage="/mnt/c/users/alena/desktop/7_sem/testing_and_debugging/skiresort/integrationtests/bin/debug/net6.0/integrationtests.dll" id="f1495074-59eb-c7c3-f891-844ff081932d">
      <Execution id="0d742d86-ca00-470b-ad02-55e6f9c92e83" />
      <TestMethod codeBase="/mnt/c/Users/alena/Desktop/7_sem/testing_and_debugging/SkiResort/IntegrationTests/bin/Debug/net6.0/IntegrationTests.dll" adapterTypeName="executor://xunit/VsTestRunner2/netcoreapp" className="IntegrationTests.TestActionsWithLiftsLifts" name="TestUpdateLiftInfoAsync" />
    </UnitTest>
    <UnitTest name="IntegrationTests.TestActionsWithUsers.TestRegisterUserWithNoPassword" storage="/mnt/c/users/alena/desktop/7_sem/testing_and_debugging/skiresort/integrationtests/bin/debug/net6.0/integrationtests.dll" id="198a1ae3-83ab-ea18-2e21-87927dc980e2">
      <Execution id="f7736aa4-df6a-4d7b-89d7-69c31d8a666f" />
      <TestMethod codeBase="/mnt/c/Users/alena/Desktop/7_sem/testing_and_debugging/SkiResort/IntegrationTests/bin/Debug/net6.0/IntegrationTests.dll" adapterTypeName="executor://xunit/VsTestRunner2/netcoreapp" className="IntegrationTests.TestActionsWithUsers" name="TestRegisterUserWithNoPassword" />
    </UnitTest>
    <UnitTest name="IntegrationTests.TestActionsWithSlopes.TestAdminDeleteSlopeAsync(slope: Slope { SlopeID = 65, SlopeName = slopeName9d009d14-4997-4a4a-8a2d-9be862b94a4b, IsOpen = True, DifficultyLevel = 142, ConnectedLifts =  })" storage="/mnt/c/users/alena/desktop/7_sem/testing_and_debugging/skiresort/integrationtests/bin/debug/net6.0/integrationtests.dll" id="3edbd228-ebc8-0ed6-6c37-314e9f3ff766">
      <Execution id="3f2ef4f7-6b8c-4cee-91e7-cc324cc1761f" />
      <TestMethod codeBase="/mnt/c/Users/alena/Desktop/7_sem/testing_and_debugging/SkiResort/IntegrationTests/bin/Debug/net6.0/IntegrationTests.dll" adapterTypeName="executor://xunit/VsTestRunner2/netcoreapp" className="IntegrationTests.TestActionsWithSlopes" name="TestAdminDeleteSlopeAsync" />
    </UnitTest>
    <UnitTest name="IntegrationTests.TestActionsWithSlopes.TestUpdateSlopeInfoAsync(slope: Slope { SlopeID = 171, SlopeName = slopeName98b060e9-a5c6-4752-aded-6a267d8db120, IsOpen = True, DifficultyLevel = 175, ConnectedLifts =  })" storage="/mnt/c/users/alena/desktop/7_sem/testing_and_debugging/skiresort/integrationtests/bin/debug/net6.0/integrationtests.dll" id="73817066-32da-7825-fae1-6bab242dc907">
      <Execution id="8a948cb4-205e-4ee4-891a-9e8598fa66de" />
      <TestMethod codeBase="/mnt/c/Users/alena/Desktop/7_sem/testing_and_debugging/SkiResort/IntegrationTests/bin/Debug/net6.0/IntegrationTests.dll" adapterTypeName="executor://xunit/VsTestRunner2/netcoreapp" className="IntegrationTests.TestActionsWithSlopes" name="TestUpdateSlopeInfoAsync" />
    </UnitTest>
    <UnitTest name="IntegrationTests.TestActionsWithUsers.TestRegisterUserWithNoEmail" storage="/mnt/c/users/alena/desktop/7_sem/testing_and_debugging/skiresort/integrationtests/bin/debug/net6.0/integrationtests.dll" id="48375cbc-003d-d0fc-ff6a-cfef4b266dfb">
      <Execution id="469e0348-1ba6-4722-9e29-8f7cd7353d15" />
      <TestMethod codeBase="/mnt/c/Users/alena/Desktop/7_sem/testing_and_debugging/SkiResort/IntegrationTests/bin/Debug/net6.0/IntegrationTests.dll" adapterTypeName="executor://xunit/VsTestRunner2/netcoreapp" className="IntegrationTests.TestActionsWithUsers" name="TestRegisterUserWithNoEmail" />
    </UnitTest>
    <UnitTest name="IntegrationTests.TestActionsWithUsers.TestLogInOk" storage="/mnt/c/users/alena/desktop/7_sem/testing_and_debugging/skiresort/integrationtests/bin/debug/net6.0/integrationtests.dll" id="45fe0df1-c885-2f7e-8187-832190c2786d">
      <Execution id="70ff9bcd-f01c-4dee-8976-230baf0a706a" />
      <TestMethod codeBase="/mnt/c/Users/alena/Desktop/7_sem/testing_and_debugging/SkiResort/IntegrationTests/bin/Debug/net6.0/IntegrationTests.dll" adapterTypeName="executor://xunit/VsTestRunner2/netcoreapp" className="IntegrationTests.TestActionsWithUsers" name="TestLogInOk" />
    </UnitTest>
    <UnitTest name="IntegrationTests.TestActionsWithTurnstiles.TestAdminGetTurnstileAsync(turnstile: Turnstile { TurnstileID = 82, LiftID = 216, IsOpen = True })" storage="/mnt/c/users/alena/desktop/7_sem/testing_and_debugging/skiresort/integrationtests/bin/debug/net6.0/integrationtests.dll" id="e8d516b1-7f31-84da-832e-c6a77c9ea383">
      <Execution id="e8bbd600-0118-492d-96ed-7c0fe346f113" />
      <TestMethod codeBase="/mnt/c/Users/alena/Desktop/7_sem/testing_and_debugging/SkiResort/IntegrationTests/bin/Debug/net6.0/IntegrationTests.dll" adapterTypeName="executor://xunit/VsTestRunner2/netcoreapp" className="IntegrationTests.TestActionsWithTurnstiles" name="TestAdminGetTurnstileAsync" />
    </UnitTest>
    <UnitTest name="IntegrationTests.TestActionsWithLiftsSlopes.TestGetLiftsSlopesInfoAsync(liftsSlopes: [LiftSlope { RecordID = 165, LiftID = 189, SlopeID = 61 }, LiftSlope { RecordID = 204, LiftID = 160, SlopeID = 173 }, LiftSlope { RecordID = 199, LiftID = 112, SlopeID = 31 }])" storage="/mnt/c/users/alena/desktop/7_sem/testing_and_debugging/skiresort/integrationtests/bin/debug/net6.0/integrationtests.dll" id="63be1f92-7da8-a66e-02df-a6e75143687a">
      <Execution id="52191179-fb49-4504-a709-d566b1c8154b" />
      <TestMethod codeBase="/mnt/c/Users/alena/Desktop/7_sem/testing_and_debugging/SkiResort/IntegrationTests/bin/Debug/net6.0/IntegrationTests.dll" adapterTypeName="executor://xunit/VsTestRunner2/netcoreapp" className="IntegrationTests.TestActionsWithLiftsSlopes" name="TestGetLiftsSlopesInfoAsync" />
    </UnitTest>
    <UnitTest name="IntegrationTests.TestActionsWithLiftsLifts.TestGetLiftsInfoAsync(initialLifts: [Lift { LiftID = 182, LiftName = liftNamefb003e6b-386b-4c40-b2a8-29b8b9375cad, IsOpen = True, SeatsAmount = 88, LiftingTime = 162, QueueTime = 73, ConnectedSlopes =  }, Lift { LiftID = 40, LiftName = liftName36ec3763-2894-4209-a275-6db0d2b4f67f, IsOpen = False, SeatsAmount = 190, LiftingTime = 24, QueueTime = 232, ConnectedSlopes =  }, Lift { LiftID = 60, LiftNam..." storage="/mnt/c/users/alena/desktop/7_sem/testing_and_debugging/skiresort/integrationtests/bin/debug/net6.0/integrationtests.dll" id="e54a4cee-e2a1-889e-b4cd-647e25b91df6">
      <Execution id="f8ffa4da-4a07-46de-a451-b5f95d850e87" />
      <TestMethod codeBase="/mnt/c/Users/alena/Desktop/7_sem/testing_and_debugging/SkiResort/IntegrationTests/bin/Debug/net6.0/IntegrationTests.dll" adapterTypeName="executor://xunit/VsTestRunner2/netcoreapp" className="IntegrationTests.TestActionsWithLiftsLifts" name="TestGetLiftsInfoAsync" />
    </UnitTest>
    <UnitTest name="IntegrationTests.TestActionsWithTurnstiles.TestAdminDeleteTurnstileAsync(turnstile: Turnstile { TurnstileID = 211, LiftID = 132, IsOpen = True })" storage="/mnt/c/users/alena/desktop/7_sem/testing_and_debugging/skiresort/integrationtests/bin/debug/net6.0/integrationtests.dll" id="608c891d-7fcc-9dc4-0046-935981c65ea1">
      <Execution id="55fcc126-61a8-4c13-8ffa-d95049c7f6cf" />
      <TestMethod codeBase="/mnt/c/Users/alena/Desktop/7_sem/testing_and_debugging/SkiResort/IntegrationTests/bin/Debug/net6.0/IntegrationTests.dll" adapterTypeName="executor://xunit/VsTestRunner2/netcoreapp" className="IntegrationTests.TestActionsWithTurnstiles" name="TestAdminDeleteTurnstileAsync" />
    </UnitTest>
    <UnitTest name="IntegrationTests.TestActionsWithUsers.TestRegisterUserWithRepeatedEmail" storage="/mnt/c/users/alena/desktop/7_sem/testing_and_debugging/skiresort/integrationtests/bin/debug/net6.0/integrationtests.dll" id="cb8eae24-e7ef-ed7e-d8e9-347d61b13b3a">
      <Execution id="76cacc89-dcd4-4ae7-8dfe-55623c497589" />
      <TestMethod codeBase="/mnt/c/Users/alena/Desktop/7_sem/testing_and_debugging/SkiResort/IntegrationTests/bin/Debug/net6.0/IntegrationTests.dll" adapterTypeName="executor://xunit/VsTestRunner2/netcoreapp" className="IntegrationTests.TestActionsWithUsers" name="TestRegisterUserWithRepeatedEmail" />
    </UnitTest>
  </TestDefinitions>
  <TestEntries>
    <TestEntry testId="cb8eae24-e7ef-ed7e-d8e9-347d61b13b3a" executionId="76cacc89-dcd4-4ae7-8dfe-55623c497589" testListId="8c84fa94-04c1-424b-9868-57a2d4851a1d" />
    <TestEntry testId="09439ddd-e8a0-e956-2b29-560e285d1d8c" executionId="cd89f9a1-e034-4ff0-abe9-eb76c68e0ec7" testListId="8c84fa94-04c1-424b-9868-57a2d4851a1d" />
    <TestEntry testId="479b875f-d623-ae0a-ff97-dc49a4f2a217" executionId="f60c04b2-81f4-4e38-af0f-ae85e04e0830" testListId="8c84fa94-04c1-424b-9868-57a2d4851a1d" />
    <TestEntry testId="198a1ae3-83ab-ea18-2e21-87927dc980e2" executionId="f7736aa4-df6a-4d7b-89d7-69c31d8a666f" testListId="8c84fa94-04c1-424b-9868-57a2d4851a1d" />
    <TestEntry testId="63be1f92-7da8-a66e-02df-a6e75143687a" executionId="52191179-fb49-4504-a709-d566b1c8154b" testListId="8c84fa94-04c1-424b-9868-57a2d4851a1d" />
    <TestEntry testId="4af5cb73-df3d-5e63-29e8-de30895be408" executionId="84ab6e86-7939-4f94-b23e-56654e6725f7" testListId="8c84fa94-04c1-424b-9868-57a2d4851a1d" />
    <TestEntry testId="50decb61-e1c9-edbf-7e06-8d28df2a7567" executionId="6147eebf-638b-430b-9b7b-e231afc01fc9" testListId="8c84fa94-04c1-424b-9868-57a2d4851a1d" />
    <TestEntry testId="b864982f-9dbf-49cc-217f-e987d9d8a8c6" executionId="d06c8ad3-9a42-4629-88fb-1f5b3c0dcf0e" testListId="8c84fa94-04c1-424b-9868-57a2d4851a1d" />
    <TestEntry testId="f1495074-59eb-c7c3-f891-844ff081932d" executionId="0d742d86-ca00-470b-ad02-55e6f9c92e83" testListId="8c84fa94-04c1-424b-9868-57a2d4851a1d" />
    <TestEntry testId="4183e3d9-31cb-a89c-53f2-e2348218c573" executionId="ad9fe93f-3441-4a97-b06c-fd243d79ca00" testListId="8c84fa94-04c1-424b-9868-57a2d4851a1d" />
    <TestEntry testId="a4c466dc-6804-4242-a545-dfc079404702" executionId="6c437c7d-4460-43f3-a286-24a244953f14" testListId="8c84fa94-04c1-424b-9868-57a2d4851a1d" />
    <TestEntry testId="f4b5f674-7fc6-b6cb-f4b7-88e79504d970" executionId="1b24edec-29b9-4eb7-a5e3-665f5aa5312d" testListId="8c84fa94-04c1-424b-9868-57a2d4851a1d" />
    <TestEntry testId="45fe0df1-c885-2f7e-8187-832190c2786d" executionId="70ff9bcd-f01c-4dee-8976-230baf0a706a" testListId="8c84fa94-04c1-424b-9868-57a2d4851a1d" />
    <TestEntry testId="e54a4cee-e2a1-889e-b4cd-647e25b91df6" executionId="f8ffa4da-4a07-46de-a451-b5f95d850e87" testListId="8c84fa94-04c1-424b-9868-57a2d4851a1d" />
    <TestEntry testId="d78ba6d0-dfa8-fa6f-4cc8-23966ee34980" executionId="c9d4e858-b91f-487d-962a-191a0ba39603" testListId="8c84fa94-04c1-424b-9868-57a2d4851a1d" />
    <TestEntry testId="640a72f6-5583-6636-1a54-8396abe99588" executionId="c16d2d6b-c0b2-4aeb-960f-130477d549e4" testListId="8c84fa94-04c1-424b-9868-57a2d4851a1d" />
    <TestEntry testId="48375cbc-003d-d0fc-ff6a-cfef4b266dfb" executionId="469e0348-1ba6-4722-9e29-8f7cd7353d15" testListId="8c84fa94-04c1-424b-9868-57a2d4851a1d" />
    <TestEntry testId="8a671bbd-a679-9554-80f7-33c777475820" executionId="be2e2019-bb69-4665-8fcd-a3ff358ed695" testListId="8c84fa94-04c1-424b-9868-57a2d4851a1d" />
    <TestEntry testId="1ac9129d-a1e3-fce7-efcc-301e28c209da" executionId="d2582e29-1b75-4ed2-8c04-a9310d24fc02" testListId="8c84fa94-04c1-424b-9868-57a2d4851a1d" />
    <TestEntry testId="682d3b16-d8d9-d658-4906-fcc748843214" executionId="c5483abd-5cf4-4b5b-8991-bfcc59c3113e" testListId="8c84fa94-04c1-424b-9868-57a2d4851a1d" />
    <TestEntry testId="608c891d-7fcc-9dc4-0046-935981c65ea1" executionId="55fcc126-61a8-4c13-8ffa-d95049c7f6cf" testListId="8c84fa94-04c1-424b-9868-57a2d4851a1d" />
    <TestEntry testId="e8d516b1-7f31-84da-832e-c6a77c9ea383" executionId="e8bbd600-0118-492d-96ed-7c0fe346f113" testListId="8c84fa94-04c1-424b-9868-57a2d4851a1d" />
    <TestEntry testId="c304dc20-7410-268c-4e23-e24770f1be9e" executionId="eef2267d-c04d-4de9-b9b0-a33573dc99bc" testListId="8c84fa94-04c1-424b-9868-57a2d4851a1d" />
    <TestEntry testId="26a3ed7b-f58f-b931-d8c6-d1d1687098ba" executionId="76a69d3c-321b-4dde-b6a3-10a822c26e92" testListId="8c84fa94-04c1-424b-9868-57a2d4851a1d" />
    <TestEntry testId="3edbd228-ebc8-0ed6-6c37-314e9f3ff766" executionId="3f2ef4f7-6b8c-4cee-91e7-cc324cc1761f" testListId="8c84fa94-04c1-424b-9868-57a2d4851a1d" />
    <TestEntry testId="61a0d3cb-1290-855e-f649-c3c1c190f4b1" executionId="213bbc39-1609-4e71-b415-9fad87336a97" testListId="8c84fa94-04c1-424b-9868-57a2d4851a1d" />
    <TestEntry testId="469b101f-8633-a685-8d5b-bdbf8dc340c5" executionId="a004b83d-4716-43ad-8920-14c463eeb8e8" testListId="8c84fa94-04c1-424b-9868-57a2d4851a1d" />
    <TestEntry testId="73817066-32da-7825-fae1-6bab242dc907" executionId="8a948cb4-205e-4ee4-891a-9e8598fa66de" testListId="8c84fa94-04c1-424b-9868-57a2d4851a1d" />
    <TestEntry testId="593087f0-c7ab-1991-c3ee-af523cc03ada" executionId="3f949295-826c-4308-a2bd-7b419ded628b" testListId="8c84fa94-04c1-424b-9868-57a2d4851a1d" />
    <TestEntry testId="96da04c4-ca75-70c9-1bad-59d58ea9c761" executionId="b26b5fb0-5441-449a-9773-63874f41b5df" testListId="8c84fa94-04c1-424b-9868-57a2d4851a1d" />
  </TestEntries>
  <TestLists>
    <TestList name="Results Not in a List" id="8c84fa94-04c1-424b-9868-57a2d4851a1d" />
    <TestList name="All Loaded Results" id="19431567-8539-422a-85d7-44ee4e166bda" />
  </TestLists>
  <ResultSummary outcome="Completed">
    <Counters total="30" executed="30" passed="30" failed="0" error="0" timeout="0" aborted="0" inconclusive="0" passedButRunAborted="0" notRunnable="0" notExecuted="0" disconnected="0" warning="0" completed="0" inProgress="0" pending="0" />
    <Output>
      <StdOut>[xUnit.net 00:00:00.00] xUnit.net VSTest Adapter v2.4.3+1b45f5407b (64-bit .NET 6.0.10)
[xUnit.net 00:00:01.48]   Discovering: IntegrationTests
[xUnit.net 00:00:01.61]   Discovered:  IntegrationTests
[xUnit.net 00:00:01.62]   Starting:    IntegrationTests
[xUnit.net 00:00:21.31]   Finished:    IntegrationTests
</StdOut>
    </Output>
  </ResultSummary>
</TestRun>