<?xml version="1.0" encoding="utf-8"?>
<TestRun id="18e1ccd6-5b71-4394-ba0a-4d56f0d2ab8d" name="@DESKTOP-TJ9D65N 2022-10-30 22:47:15" xmlns="http://microsoft.com/schemas/VisualStudio/TeamTest/2010">
  <Times creation="2022-10-30T22:47:15.4347019+03:00" queuing="2022-10-30T22:47:15.4347020+03:00" start="2022-10-30T22:47:11.6060101+03:00" finish="2022-10-30T22:47:22.9295593+03:00" />
  <TestSettings name="default" id="f77ba98b-b310-419e-8c99-0885f8b86f9a">
    <Deployment runDeploymentRoot="_DESKTOP-TJ9D65N_2022-10-30_22_47_15" />
  </TestSettings>
  <Results>
    <UnitTestResult executionId="03ba329b-1d5e-4941-8d16-f492ee60979a" testId="66851913-4dda-772c-d80d-0c822d589666" testName="IntegrationTests.TestActionsWithSlopes.TestAdminAddAutoIncrementSlopeAsync(slope: Slope { SlopeID = 174, SlopeName = slopeName784aee26-5fb2-4038-b158-1409edadc26b, IsOpen = True, DifficultyLevel = 146, ConnectedLifts =  })" computerName="DESKTOP-TJ9D65N" duration="00:00:00.6186107" startTime="2022-10-30T22:47:20.9028806+03:00" endTime="2022-10-30T22:47:20.9028807+03:00" testType="13cdc9d9-ddb5-4fa4-a97d-d965ccfc6d4b" outcome="Passed" testListId="8c84fa94-04c1-424b-9868-57a2d4851a1d" relativeResultsDirectory="03ba329b-1d5e-4941-8d16-f492ee60979a" />
    <UnitTestResult executionId="47c90943-215b-40b7-81ec-48c392eb93c0" testId="e357bef9-2076-f462-e08f-a728721186ca" testName="IntegrationTests.TestActionsWithLiftsLifts.TestUpdateLiftInfoAsync(lift: Lift { LiftID = 211, LiftName = liftNamef79dd2c4-a0bf-4f63-a160-b84ac408d938, IsOpen = True, SeatsAmount = 14, LiftingTime = 148, QueueTime = 216, ConnectedSlopes =  })" computerName="DESKTOP-TJ9D65N" duration="00:00:00.6427334" startTime="2022-10-30T22:47:18.9773708+03:00" endTime="2022-10-30T22:47:18.9773709+03:00" testType="13cdc9d9-ddb5-4fa4-a97d-d965ccfc6d4b" outcome="Passed" testListId="8c84fa94-04c1-424b-9868-57a2d4851a1d" relativeResultsDirectory="47c90943-215b-40b7-81ec-48c392eb93c0" />
    <UnitTestResult executionId="1408128f-aace-49bc-8b6d-df0753ee981f" testId="63be1f92-7da8-a66e-02df-a6e75143687a" testName="IntegrationTests.TestActionsWithLiftsSlopes.TestGetLiftsSlopesInfoAsync(liftsSlopes: [LiftSlope { RecordID = 178, LiftID = 44, SlopeID = 97 }, LiftSlope { RecordID = 196, LiftID = 148, SlopeID = 203 }, LiftSlope { RecordID = 146, LiftID = 4, SlopeID = 208 }])" computerName="DESKTOP-TJ9D65N" duration="00:00:00.7231423" startTime="2022-10-30T22:47:14.3313540+03:00" endTime="2022-10-30T22:47:14.3313816+03:00" testType="13cdc9d9-ddb5-4fa4-a97d-d965ccfc6d4b" outcome="Passed" testListId="8c84fa94-04c1-424b-9868-57a2d4851a1d" relativeResultsDirectory="1408128f-aace-49bc-8b6d-df0753ee981f" />
    <UnitTestResult executionId="4ff24f2f-b69e-40f3-b8f3-d990476f6e42" testId="9a1654c0-6d48-0762-2c6d-5419a38e1fa7" testName="IntegrationTests.TestActionsWithLiftsLifts.TestAdminDeleteLiftAsync(lift: Lift { LiftID = 149, LiftName = liftNamee851685d-7ed7-46e6-b567-4958bc97f74e, IsOpen = True, SeatsAmount = 217, LiftingTime = 251, QueueTime = 133, ConnectedSlopes =  })" computerName="DESKTOP-TJ9D65N" duration="00:00:00.6382740" startTime="2022-10-30T22:47:17.6423336+03:00" endTime="2022-10-30T22:47:17.6423337+03:00" testType="13cdc9d9-ddb5-4fa4-a97d-d965ccfc6d4b" outcome="Passed" testListId="8c84fa94-04c1-424b-9868-57a2d4851a1d" relativeResultsDirectory="4ff24f2f-b69e-40f3-b8f3-d990476f6e42" />
    <UnitTestResult executionId="7d2b13d2-dd91-4e4f-b935-9c52dabb4f33" testId="469b101f-8633-a685-8d5b-bdbf8dc340c5" testName="IntegrationTests.TestActionsWithSlopes.TestGetSlopesInfoAsync(initialSlopes: [Slope { SlopeID = 210, SlopeName = slopeName4828949e-1abf-452d-930e-b2f3297c7ab8, IsOpen = True, DifficultyLevel = 250, ConnectedLifts =  }, Slope { SlopeID = 212, SlopeName = slopeNamefc79a56b-cda9-41db-acfa-b7021249cbe6, IsOpen = False, DifficultyLevel = 5, ConnectedLifts =  }, Slope { SlopeID = 114, SlopeName = slopeNameeca90f41-b850-48ac-83bb-e93bbc7ebf0b, IsOpen = True, DifficultyLevel = 25, ConnectedLifts =  }])" computerName="DESKTOP-TJ9D65N" duration="00:00:00.6693772" startTime="2022-10-30T22:47:22.2194971+03:00" endTime="2022-10-30T22:47:22.2194973+03:00" testType="13cdc9d9-ddb5-4fa4-a97d-d965ccfc6d4b" outcome="Passed" testListId="8c84fa94-04c1-424b-9868-57a2d4851a1d" relativeResultsDirectory="7d2b13d2-dd91-4e4f-b935-9c52dabb4f33" />
    <UnitTestResult executionId="5b926c7b-76de-432f-af6d-1edf26432935" testId="02cae0cc-1985-4284-6b68-e44201134ba2" testName="IntegrationTests.TestActionsWithSlopes.TestAdminDeleteSlopeAsync(slope: Slope { SlopeID = 75, SlopeName = slopeName06823e45-d868-468a-a8e4-691071407277, IsOpen = True, DifficultyLevel = 49, ConnectedLifts =  })" computerName="DESKTOP-TJ9D65N" duration="00:00:00.6276917" startTime="2022-10-30T22:47:19.6183039+03:00" endTime="2022-10-30T22:47:19.6183041+03:00" testType="13cdc9d9-ddb5-4fa4-a97d-d965ccfc6d4b" outcome="Passed" testListId="8c84fa94-04c1-424b-9868-57a2d4851a1d" relativeResultsDirectory="5b926c7b-76de-432f-af6d-1edf26432935" />
    <UnitTestResult executionId="90b4fb1e-ff8b-4192-9ffb-fd7223348ee8" testId="8a434567-15eb-ffe4-71eb-2368c7f377b2" testName="IntegrationTests.TestActionsWithSlopes.TestAdminAddSlopeAsync(slope: Slope { SlopeID = 232, SlopeName = slopeNameb8f88944-62ca-4cdf-b22c-178f080a9fb5, IsOpen = True, DifficultyLevel = 25, ConnectedLifts =  })" computerName="DESKTOP-TJ9D65N" duration="00:00:00.6195054" startTime="2022-10-30T22:47:21.5365563+03:00" endTime="2022-10-30T22:47:21.5365564+03:00" testType="13cdc9d9-ddb5-4fa4-a97d-d965ccfc6d4b" outcome="Passed" testListId="8c84fa94-04c1-424b-9868-57a2d4851a1d" relativeResultsDirectory="90b4fb1e-ff8b-4192-9ffb-fd7223348ee8" />
    <UnitTestResult executionId="5c9bfe29-03c1-4e40-8bc9-7c2f8d7025f0" testId="ae6723e8-e11f-9e25-ab78-94af9db850dc" testName="IntegrationTests.TestActionsWithLiftsLifts.TestAdminAddAutoIncrementLiftAsync(lift: Lift { LiftID = 98, LiftName = liftName616eac4f-e1e0-4b84-a838-c6f392bc1d36, IsOpen = True, SeatsAmount = 88, LiftingTime = 102, QueueTime = 136, ConnectedSlopes =  })" computerName="DESKTOP-TJ9D65N" duration="00:00:00.6169562" startTime="2022-10-30T22:47:16.3662082+03:00" endTime="2022-10-30T22:47:16.3662083+03:00" testType="13cdc9d9-ddb5-4fa4-a97d-d965ccfc6d4b" outcome="Passed" testListId="8c84fa94-04c1-424b-9868-57a2d4851a1d" relativeResultsDirectory="5c9bfe29-03c1-4e40-8bc9-7c2f8d7025f0" />
    <UnitTestResult executionId="4229a57c-6785-4fc2-8498-55db20a983ad" testId="e54a4cee-e2a1-889e-b4cd-647e25b91df6" testName="IntegrationTests.TestActionsWithLiftsLifts.TestGetLiftsInfoAsync(initialLifts: [Lift { LiftID = 196, LiftName = liftNamebc23f665-aa50-4308-b1f8-d1a42b0c44c9, IsOpen = True, SeatsAmount = 160, LiftingTime = 30, QueueTime = 92, ConnectedSlopes =  }, Lift { LiftID = 106, LiftName = liftName4cb9dafc-0c45-478e-9d76-b3f2145b3681, IsOpen = False, SeatsAmount = 241, LiftingTime = 144, QueueTime = 197, ConnectedSlopes =  }, Lift { LiftID = 74, LiftName = liftNameed1fb1f8-77b2-406e-bc14-6afbaed4826a, IsOpen = True, SeatsAmount = 244, LiftingTime = 247, QueueTime = 8, ConnectedSlopes =  }])" computerName="DESKTOP-TJ9D65N" duration="00:00:00.6672361" startTime="2022-10-30T22:47:18.3225729+03:00" endTime="2022-10-30T22:47:18.3225730+03:00" testType="13cdc9d9-ddb5-4fa4-a97d-d965ccfc6d4b" outcome="Passed" testListId="8c84fa94-04c1-424b-9868-57a2d4851a1d" relativeResultsDirectory="4229a57c-6785-4fc2-8498-55db20a983ad" />
    <UnitTestResult executionId="996091a9-0bed-4059-969d-8ccd07cc891a" testId="2699bc1b-d3fc-3d93-246a-1683b94d884e" testName="IntegrationTests.TestActionsWithLiftsLifts.TestGetLiftInfoAsync(lift: Lift { LiftID = 18, LiftName = liftName39c54c9b-b752-4095-a684-540a60a5bbb2, IsOpen = True, SeatsAmount = 87, LiftingTime = 131, QueueTime = 138, ConnectedSlopes =  })" computerName="DESKTOP-TJ9D65N" duration="00:00:00.6057920" startTime="2022-10-30T22:47:16.9872919+03:00" endTime="2022-10-30T22:47:16.9872921+03:00" testType="13cdc9d9-ddb5-4fa4-a97d-d965ccfc6d4b" outcome="Passed" testListId="8c84fa94-04c1-424b-9868-57a2d4851a1d" relativeResultsDirectory="996091a9-0bed-4059-969d-8ccd07cc891a" />
    <UnitTestResult executionId="b19346aa-b141-4fb2-8697-eb508a6a6c0e" testId="f2003ba6-6e55-e64c-51a0-7a614489e078" testName="IntegrationTests.TestActionsWithLiftsSlopes.TestAdminDeleteLiftSlopeAsync(lift: Lift { LiftID = 190, LiftName = liftNamede6eeb7f-dffc-4b7b-a5a0-f1b4d749e950, IsOpen = True, SeatsAmount = 183, LiftingTime = 220, QueueTime = 215, ConnectedSlopes =  }, slope: Slope { SlopeID = 207, SlopeName = slopeNameb3988d67-01fc-4e49-b236-655534464052, IsOpen = False, DifficultyLevel = 13, ConnectedLifts =  })" computerName="DESKTOP-TJ9D65N" duration="00:00:00.6761020" startTime="2022-10-30T22:47:15.0464476+03:00" endTime="2022-10-30T22:47:15.0464477+03:00" testType="13cdc9d9-ddb5-4fa4-a97d-d965ccfc6d4b" outcome="Passed" testListId="8c84fa94-04c1-424b-9868-57a2d4851a1d" relativeResultsDirectory="b19346aa-b141-4fb2-8697-eb508a6a6c0e" />
    <UnitTestResult executionId="e645faf4-9ce7-46ed-bffe-e4bdd51d0bc9" testId="05fde7c7-e548-4860-ceb7-291e1e04eb68" testName="IntegrationTests.TestActionsWithSlopes.TestUpdateSlopeInfoAsync(slope: Slope { SlopeID = 253, SlopeName = slopeName6650cb78-96b4-4f9b-8ffe-c4876634750c, IsOpen = True, DifficultyLevel = 199, ConnectedLifts =  })" computerName="DESKTOP-TJ9D65N" duration="00:00:00.6369275" startTime="2022-10-30T22:47:20.2704912+03:00" endTime="2022-10-30T22:47:20.2704914+03:00" testType="13cdc9d9-ddb5-4fa4-a97d-d965ccfc6d4b" outcome="Passed" testListId="8c84fa94-04c1-424b-9868-57a2d4851a1d" relativeResultsDirectory="e645faf4-9ce7-46ed-bffe-e4bdd51d0bc9" />
    <UnitTestResult executionId="1d02c4c6-ce4b-4cbe-90ac-4eed27558bc3" testId="501a8a35-833f-ad3f-8e8f-81a7c13a8960" testName="IntegrationTests.TestActionsWithLiftsSlopes.TestAdminAddAutoIncrementLiftSlopeAsync(lift: Lift { LiftID = 111, LiftName = liftName43b3a33b-9380-4102-803e-03f8d8c3a31d, IsOpen = True, SeatsAmount = 175, LiftingTime = 23, QueueTime = 128, ConnectedSlopes =  }, slope: Slope { SlopeID = 152, SlopeName = slopeNamef4289e11-8f52-48ad-99cc-aed7e6630300, IsOpen = False, DifficultyLevel = 14, ConnectedLifts =  })" computerName="DESKTOP-TJ9D65N" duration="00:00:00.6645640" startTime="2022-10-30T22:47:15.7313056+03:00" endTime="2022-10-30T22:47:15.7313057+03:00" testType="13cdc9d9-ddb5-4fa4-a97d-d965ccfc6d4b" outcome="Passed" testListId="8c84fa94-04c1-424b-9868-57a2d4851a1d" relativeResultsDirectory="1d02c4c6-ce4b-4cbe-90ac-4eed27558bc3" />
    <UnitTestResult executionId="718f7bdd-fc6d-4a9e-882f-fe2207e26334" testId="5e782f95-4ace-cbea-17eb-7104ba69559c" testName="IntegrationTests.TestActionsWithSlopes.TestGetSlopeInfoAsync(slope: Slope { SlopeID = 158, SlopeName = slopeNamefc9985c4-318b-4c87-a0fc-d655fbe1004d, IsOpen = True, DifficultyLevel = 204, ConnectedLifts =  })" computerName="DESKTOP-TJ9D65N" duration="00:00:00.6071112" startTime="2022-10-30T22:47:22.8446732+03:00" endTime="2022-10-30T22:47:22.8446733+03:00" testType="13cdc9d9-ddb5-4fa4-a97d-d965ccfc6d4b" outcome="Passed" testListId="8c84fa94-04c1-424b-9868-57a2d4851a1d" relativeResultsDirectory="718f7bdd-fc6d-4a9e-882f-fe2207e26334" />
  </Results>
  <TestDefinitions>
    <UnitTest name="IntegrationTests.TestActionsWithSlopes.TestGetSlopeInfoAsync(slope: Slope { SlopeID = 158, SlopeName = slopeNamefc9985c4-318b-4c87-a0fc-d655fbe1004d, IsOpen = True, DifficultyLevel = 204, ConnectedLifts =  })" storage="/mnt/c/users/alena/desktop/7_sem/testing_and_debugging/skiresort/integrationtests/bin/debug/net6.0/integrationtests.dll" id="5e782f95-4ace-cbea-17eb-7104ba69559c">
      <Execution id="718f7bdd-fc6d-4a9e-882f-fe2207e26334" />
      <TestMethod codeBase="/mnt/c/Users/alena/Desktop/7_sem/testing_and_debugging/SkiResort/IntegrationTests/bin/Debug/net6.0/IntegrationTests.dll" adapterTypeName="executor://xunit/VsTestRunner2/netcoreapp" className="IntegrationTests.TestActionsWithSlopes" name="TestGetSlopeInfoAsync" />
    </UnitTest>
    <UnitTest name="IntegrationTests.TestActionsWithLiftsSlopes.TestAdminAddAutoIncrementLiftSlopeAsync(lift: Lift { LiftID = 111, LiftName = liftName43b3a33b-9380-4102-803e-03f8d8c3a31d, IsOpen = True, SeatsAmount = 175, LiftingTime = 23, QueueTime = 128, ConnectedSlopes =  }, slope: Slope { SlopeID = 152, SlopeName = slopeNamef4289e11-8f52-48ad-99cc-aed7e6630300, IsOpen = False, DifficultyLevel = 14, ConnectedLifts =  })" storage="/mnt/c/users/alena/desktop/7_sem/testing_and_debugging/skiresort/integrationtests/bin/debug/net6.0/integrationtests.dll" id="501a8a35-833f-ad3f-8e8f-81a7c13a8960">
      <Execution id="1d02c4c6-ce4b-4cbe-90ac-4eed27558bc3" />
      <TestMethod codeBase="/mnt/c/Users/alena/Desktop/7_sem/testing_and_debugging/SkiResort/IntegrationTests/bin/Debug/net6.0/IntegrationTests.dll" adapterTypeName="executor://xunit/VsTestRunner2/netcoreapp" className="IntegrationTests.TestActionsWithLiftsSlopes" name="TestAdminAddAutoIncrementLiftSlopeAsync" />
    </UnitTest>
    <UnitTest name="IntegrationTests.TestActionsWithSlopes.TestGetSlopesInfoAsync(initialSlopes: [Slope { SlopeID = 210, SlopeName = slopeName4828949e-1abf-452d-930e-b2f3297c7ab8, IsOpen = True, DifficultyLevel = 250, ConnectedLifts =  }, Slope { SlopeID = 212, SlopeName = slopeNamefc79a56b-cda9-41db-acfa-b7021249cbe6, IsOpen = False, DifficultyLevel = 5, ConnectedLifts =  }, Slope { SlopeID = 114, SlopeName = slopeNameeca90f41-b850-48ac-83bb-e93bbc7ebf0b, IsO..." storage="/mnt/c/users/alena/desktop/7_sem/testing_and_debugging/skiresort/integrationtests/bin/debug/net6.0/integrationtests.dll" id="469b101f-8633-a685-8d5b-bdbf8dc340c5">
      <Execution id="7d2b13d2-dd91-4e4f-b935-9c52dabb4f33" />
      <TestMethod codeBase="/mnt/c/Users/alena/Desktop/7_sem/testing_and_debugging/SkiResort/IntegrationTests/bin/Debug/net6.0/IntegrationTests.dll" adapterTypeName="executor://xunit/VsTestRunner2/netcoreapp" className="IntegrationTests.TestActionsWithSlopes" name="TestGetSlopesInfoAsync" />
    </UnitTest>
    <UnitTest name="IntegrationTests.TestActionsWithSlopes.TestUpdateSlopeInfoAsync(slope: Slope { SlopeID = 253, SlopeName = slopeName6650cb78-96b4-4f9b-8ffe-c4876634750c, IsOpen = True, DifficultyLevel = 199, ConnectedLifts =  })" storage="/mnt/c/users/alena/desktop/7_sem/testing_and_debugging/skiresort/integrationtests/bin/debug/net6.0/integrationtests.dll" id="05fde7c7-e548-4860-ceb7-291e1e04eb68">
      <Execution id="e645faf4-9ce7-46ed-bffe-e4bdd51d0bc9" />
      <TestMethod codeBase="/mnt/c/Users/alena/Desktop/7_sem/testing_and_debugging/SkiResort/IntegrationTests/bin/Debug/net6.0/IntegrationTests.dll" adapterTypeName="executor://xunit/VsTestRunner2/netcoreapp" className="IntegrationTests.TestActionsWithSlopes" name="TestUpdateSlopeInfoAsync" />
    </UnitTest>
    <UnitTest name="IntegrationTests.TestActionsWithSlopes.TestAdminDeleteSlopeAsync(slope: Slope { SlopeID = 75, SlopeName = slopeName06823e45-d868-468a-a8e4-691071407277, IsOpen = True, DifficultyLevel = 49, ConnectedLifts =  })" storage="/mnt/c/users/alena/desktop/7_sem/testing_and_debugging/skiresort/integrationtests/bin/debug/net6.0/integrationtests.dll" id="02cae0cc-1985-4284-6b68-e44201134ba2">
      <Execution id="5b926c7b-76de-432f-af6d-1edf26432935" />
      <TestMethod codeBase="/mnt/c/Users/alena/Desktop/7_sem/testing_and_debugging/SkiResort/IntegrationTests/bin/Debug/net6.0/IntegrationTests.dll" adapterTypeName="executor://xunit/VsTestRunner2/netcoreapp" className="IntegrationTests.TestActionsWithSlopes" name="TestAdminDeleteSlopeAsync" />
    </UnitTest>
    <UnitTest name="IntegrationTests.TestActionsWithLiftsLifts.TestAdminAddAutoIncrementLiftAsync(lift: Lift { LiftID = 98, LiftName = liftName616eac4f-e1e0-4b84-a838-c6f392bc1d36, IsOpen = True, SeatsAmount = 88, LiftingTime = 102, QueueTime = 136, ConnectedSlopes =  })" storage="/mnt/c/users/alena/desktop/7_sem/testing_and_debugging/skiresort/integrationtests/bin/debug/net6.0/integrationtests.dll" id="ae6723e8-e11f-9e25-ab78-94af9db850dc">
      <Execution id="5c9bfe29-03c1-4e40-8bc9-7c2f8d7025f0" />
      <TestMethod codeBase="/mnt/c/Users/alena/Desktop/7_sem/testing_and_debugging/SkiResort/IntegrationTests/bin/Debug/net6.0/IntegrationTests.dll" adapterTypeName="executor://xunit/VsTestRunner2/netcoreapp" className="IntegrationTests.TestActionsWithLiftsLifts" name="TestAdminAddAutoIncrementLiftAsync" />
    </UnitTest>
    <UnitTest name="IntegrationTests.TestActionsWithSlopes.TestAdminAddAutoIncrementSlopeAsync(slope: Slope { SlopeID = 174, SlopeName = slopeName784aee26-5fb2-4038-b158-1409edadc26b, IsOpen = True, DifficultyLevel = 146, ConnectedLifts =  })" storage="/mnt/c/users/alena/desktop/7_sem/testing_and_debugging/skiresort/integrationtests/bin/debug/net6.0/integrationtests.dll" id="66851913-4dda-772c-d80d-0c822d589666">
      <Execution id="03ba329b-1d5e-4941-8d16-f492ee60979a" />
      <TestMethod codeBase="/mnt/c/Users/alena/Desktop/7_sem/testing_and_debugging/SkiResort/IntegrationTests/bin/Debug/net6.0/IntegrationTests.dll" adapterTypeName="executor://xunit/VsTestRunner2/netcoreapp" className="IntegrationTests.TestActionsWithSlopes" name="TestAdminAddAutoIncrementSlopeAsync" />
    </UnitTest>
    <UnitTest name="IntegrationTests.TestActionsWithLiftsLifts.TestUpdateLiftInfoAsync(lift: Lift { LiftID = 211, LiftName = liftNamef79dd2c4-a0bf-4f63-a160-b84ac408d938, IsOpen = True, SeatsAmount = 14, LiftingTime = 148, QueueTime = 216, ConnectedSlopes =  })" storage="/mnt/c/users/alena/desktop/7_sem/testing_and_debugging/skiresort/integrationtests/bin/debug/net6.0/integrationtests.dll" id="e357bef9-2076-f462-e08f-a728721186ca">
      <Execution id="47c90943-215b-40b7-81ec-48c392eb93c0" />
      <TestMethod codeBase="/mnt/c/Users/alena/Desktop/7_sem/testing_and_debugging/SkiResort/IntegrationTests/bin/Debug/net6.0/IntegrationTests.dll" adapterTypeName="executor://xunit/VsTestRunner2/netcoreapp" className="IntegrationTests.TestActionsWithLiftsLifts" name="TestUpdateLiftInfoAsync" />
    </UnitTest>
    <UnitTest name="IntegrationTests.TestActionsWithLiftsLifts.TestGetLiftInfoAsync(lift: Lift { LiftID = 18, LiftName = liftName39c54c9b-b752-4095-a684-540a60a5bbb2, IsOpen = True, SeatsAmount = 87, LiftingTime = 131, QueueTime = 138, ConnectedSlopes =  })" storage="/mnt/c/users/alena/desktop/7_sem/testing_and_debugging/skiresort/integrationtests/bin/debug/net6.0/integrationtests.dll" id="2699bc1b-d3fc-3d93-246a-1683b94d884e">
      <Execution id="996091a9-0bed-4059-969d-8ccd07cc891a" />
      <TestMethod codeBase="/mnt/c/Users/alena/Desktop/7_sem/testing_and_debugging/SkiResort/IntegrationTests/bin/Debug/net6.0/IntegrationTests.dll" adapterTypeName="executor://xunit/VsTestRunner2/netcoreapp" className="IntegrationTests.TestActionsWithLiftsLifts" name="TestGetLiftInfoAsync" />
    </UnitTest>
    <UnitTest name="IntegrationTests.TestActionsWithLiftsLifts.TestAdminDeleteLiftAsync(lift: Lift { LiftID = 149, LiftName = liftNamee851685d-7ed7-46e6-b567-4958bc97f74e, IsOpen = True, SeatsAmount = 217, LiftingTime = 251, QueueTime = 133, ConnectedSlopes =  })" storage="/mnt/c/users/alena/desktop/7_sem/testing_and_debugging/skiresort/integrationtests/bin/debug/net6.0/integrationtests.dll" id="9a1654c0-6d48-0762-2c6d-5419a38e1fa7">
      <Execution id="4ff24f2f-b69e-40f3-b8f3-d990476f6e42" />
      <TestMethod codeBase="/mnt/c/Users/alena/Desktop/7_sem/testing_and_debugging/SkiResort/IntegrationTests/bin/Debug/net6.0/IntegrationTests.dll" adapterTypeName="executor://xunit/VsTestRunner2/netcoreapp" className="IntegrationTests.TestActionsWithLiftsLifts" name="TestAdminDeleteLiftAsync" />
    </UnitTest>
    <UnitTest name="IntegrationTests.TestActionsWithSlopes.TestAdminAddSlopeAsync(slope: Slope { SlopeID = 232, SlopeName = slopeNameb8f88944-62ca-4cdf-b22c-178f080a9fb5, IsOpen = True, DifficultyLevel = 25, ConnectedLifts =  })" storage="/mnt/c/users/alena/desktop/7_sem/testing_and_debugging/skiresort/integrationtests/bin/debug/net6.0/integrationtests.dll" id="8a434567-15eb-ffe4-71eb-2368c7f377b2">
      <Execution id="90b4fb1e-ff8b-4192-9ffb-fd7223348ee8" />
      <TestMethod codeBase="/mnt/c/Users/alena/Desktop/7_sem/testing_and_debugging/SkiResort/IntegrationTests/bin/Debug/net6.0/IntegrationTests.dll" adapterTypeName="executor://xunit/VsTestRunner2/netcoreapp" className="IntegrationTests.TestActionsWithSlopes" name="TestAdminAddSlopeAsync" />
    </UnitTest>
    <UnitTest name="IntegrationTests.TestActionsWithLiftsSlopes.TestAdminDeleteLiftSlopeAsync(lift: Lift { LiftID = 190, LiftName = liftNamede6eeb7f-dffc-4b7b-a5a0-f1b4d749e950, IsOpen = True, SeatsAmount = 183, LiftingTime = 220, QueueTime = 215, ConnectedSlopes =  }, slope: Slope { SlopeID = 207, SlopeName = slopeNameb3988d67-01fc-4e49-b236-655534464052, IsOpen = False, DifficultyLevel = 13, ConnectedLifts =  })" storage="/mnt/c/users/alena/desktop/7_sem/testing_and_debugging/skiresort/integrationtests/bin/debug/net6.0/integrationtests.dll" id="f2003ba6-6e55-e64c-51a0-7a614489e078">
      <Execution id="b19346aa-b141-4fb2-8697-eb508a6a6c0e" />
      <TestMethod codeBase="/mnt/c/Users/alena/Desktop/7_sem/testing_and_debugging/SkiResort/IntegrationTests/bin/Debug/net6.0/IntegrationTests.dll" adapterTypeName="executor://xunit/VsTestRunner2/netcoreapp" className="IntegrationTests.TestActionsWithLiftsSlopes" name="TestAdminDeleteLiftSlopeAsync" />
    </UnitTest>
    <UnitTest name="IntegrationTests.TestActionsWithLiftsLifts.TestGetLiftsInfoAsync(initialLifts: [Lift { LiftID = 196, LiftName = liftNamebc23f665-aa50-4308-b1f8-d1a42b0c44c9, IsOpen = True, SeatsAmount = 160, LiftingTime = 30, QueueTime = 92, ConnectedSlopes =  }, Lift { LiftID = 106, LiftName = liftName4cb9dafc-0c45-478e-9d76-b3f2145b3681, IsOpen = False, SeatsAmount = 241, LiftingTime = 144, QueueTime = 197, ConnectedSlopes =  }, Lift { LiftID = 74, LiftN..." storage="/mnt/c/users/alena/desktop/7_sem/testing_and_debugging/skiresort/integrationtests/bin/debug/net6.0/integrationtests.dll" id="e54a4cee-e2a1-889e-b4cd-647e25b91df6">
      <Execution id="4229a57c-6785-4fc2-8498-55db20a983ad" />
      <TestMethod codeBase="/mnt/c/Users/alena/Desktop/7_sem/testing_and_debugging/SkiResort/IntegrationTests/bin/Debug/net6.0/IntegrationTests.dll" adapterTypeName="executor://xunit/VsTestRunner2/netcoreapp" className="IntegrationTests.TestActionsWithLiftsLifts" name="TestGetLiftsInfoAsync" />
    </UnitTest>
    <UnitTest name="IntegrationTests.TestActionsWithLiftsSlopes.TestGetLiftsSlopesInfoAsync(liftsSlopes: [LiftSlope { RecordID = 178, LiftID = 44, SlopeID = 97 }, LiftSlope { RecordID = 196, LiftID = 148, SlopeID = 203 }, LiftSlope { RecordID = 146, LiftID = 4, SlopeID = 208 }])" storage="/mnt/c/users/alena/desktop/7_sem/testing_and_debugging/skiresort/integrationtests/bin/debug/net6.0/integrationtests.dll" id="63be1f92-7da8-a66e-02df-a6e75143687a">
      <Execution id="1408128f-aace-49bc-8b6d-df0753ee981f" />
      <TestMethod codeBase="/mnt/c/Users/alena/Desktop/7_sem/testing_and_debugging/SkiResort/IntegrationTests/bin/Debug/net6.0/IntegrationTests.dll" adapterTypeName="executor://xunit/VsTestRunner2/netcoreapp" className="IntegrationTests.TestActionsWithLiftsSlopes" name="TestGetLiftsSlopesInfoAsync" />
    </UnitTest>
  </TestDefinitions>
  <TestEntries>
    <TestEntry testId="66851913-4dda-772c-d80d-0c822d589666" executionId="03ba329b-1d5e-4941-8d16-f492ee60979a" testListId="8c84fa94-04c1-424b-9868-57a2d4851a1d" />
    <TestEntry testId="e357bef9-2076-f462-e08f-a728721186ca" executionId="47c90943-215b-40b7-81ec-48c392eb93c0" testListId="8c84fa94-04c1-424b-9868-57a2d4851a1d" />
    <TestEntry testId="63be1f92-7da8-a66e-02df-a6e75143687a" executionId="1408128f-aace-49bc-8b6d-df0753ee981f" testListId="8c84fa94-04c1-424b-9868-57a2d4851a1d" />
    <TestEntry testId="9a1654c0-6d48-0762-2c6d-5419a38e1fa7" executionId="4ff24f2f-b69e-40f3-b8f3-d990476f6e42" testListId="8c84fa94-04c1-424b-9868-57a2d4851a1d" />
    <TestEntry testId="469b101f-8633-a685-8d5b-bdbf8dc340c5" executionId="7d2b13d2-dd91-4e4f-b935-9c52dabb4f33" testListId="8c84fa94-04c1-424b-9868-57a2d4851a1d" />
    <TestEntry testId="02cae0cc-1985-4284-6b68-e44201134ba2" executionId="5b926c7b-76de-432f-af6d-1edf26432935" testListId="8c84fa94-04c1-424b-9868-57a2d4851a1d" />
    <TestEntry testId="8a434567-15eb-ffe4-71eb-2368c7f377b2" executionId="90b4fb1e-ff8b-4192-9ffb-fd7223348ee8" testListId="8c84fa94-04c1-424b-9868-57a2d4851a1d" />
    <TestEntry testId="ae6723e8-e11f-9e25-ab78-94af9db850dc" executionId="5c9bfe29-03c1-4e40-8bc9-7c2f8d7025f0" testListId="8c84fa94-04c1-424b-9868-57a2d4851a1d" />
    <TestEntry testId="e54a4cee-e2a1-889e-b4cd-647e25b91df6" executionId="4229a57c-6785-4fc2-8498-55db20a983ad" testListId="8c84fa94-04c1-424b-9868-57a2d4851a1d" />
    <TestEntry testId="2699bc1b-d3fc-3d93-246a-1683b94d884e" executionId="996091a9-0bed-4059-969d-8ccd07cc891a" testListId="8c84fa94-04c1-424b-9868-57a2d4851a1d" />
    <TestEntry testId="f2003ba6-6e55-e64c-51a0-7a614489e078" executionId="b19346aa-b141-4fb2-8697-eb508a6a6c0e" testListId="8c84fa94-04c1-424b-9868-57a2d4851a1d" />
    <TestEntry testId="05fde7c7-e548-4860-ceb7-291e1e04eb68" executionId="e645faf4-9ce7-46ed-bffe-e4bdd51d0bc9" testListId="8c84fa94-04c1-424b-9868-57a2d4851a1d" />
    <TestEntry testId="501a8a35-833f-ad3f-8e8f-81a7c13a8960" executionId="1d02c4c6-ce4b-4cbe-90ac-4eed27558bc3" testListId="8c84fa94-04c1-424b-9868-57a2d4851a1d" />
    <TestEntry testId="5e782f95-4ace-cbea-17eb-7104ba69559c" executionId="718f7bdd-fc6d-4a9e-882f-fe2207e26334" testListId="8c84fa94-04c1-424b-9868-57a2d4851a1d" />
  </TestEntries>
  <TestLists>
    <TestList name="Results Not in a List" id="8c84fa94-04c1-424b-9868-57a2d4851a1d" />
    <TestList name="All Loaded Results" id="19431567-8539-422a-85d7-44ee4e166bda" />
  </TestLists>
  <ResultSummary outcome="Completed">
    <Counters total="14" executed="14" passed="14" failed="0" error="0" timeout="0" aborted="0" inconclusive="0" passedButRunAborted="0" notRunnable="0" notExecuted="0" disconnected="0" warning="0" completed="0" inProgress="0" pending="0" />
    <Output>
      <StdOut>[xUnit.net 00:00:00.00] xUnit.net VSTest Adapter v2.4.3+1b45f5407b (64-bit .NET 6.0.10)
[xUnit.net 00:00:00.89]   Discovering: IntegrationTests
[xUnit.net 00:00:01.03]   Discovered:  IntegrationTests
[xUnit.net 00:00:01.03]   Starting:    IntegrationTests
[xUnit.net 00:00:10.38]   Finished:    IntegrationTests
</StdOut>
    </Output>
  </ResultSummary>
</TestRun>