<?xml version="1.0" encoding="utf-8"?>
<TestRun id="98ebea52-ddc3-4f80-8e9b-d83dfdd9d6dc" name="@DESKTOP-TJ9D65N 2022-10-30 21:57:07" xmlns="http://microsoft.com/schemas/VisualStudio/TeamTest/2010">
  <Times creation="2022-10-30T21:57:07.3491693+03:00" queuing="2022-10-30T21:57:07.3491696+03:00" start="2022-10-30T21:57:03.2906930+03:00" finish="2022-10-30T21:57:08.0842326+03:00" />
  <TestSettings name="default" id="c7a8a80e-e4fe-4ddd-805e-2f2831a0158c">
    <Deployment runDeploymentRoot="_DESKTOP-TJ9D65N_2022-10-30_21_57_07" />
  </TestSettings>
  <Results>
    <UnitTestResult executionId="8ac05a4a-0284-4123-a130-1687fa798466" testId="19f19c44-5cfe-e16d-a46c-5397171144a6" testName="IntegrationTests.TestActionsWithSlopes.TestGetSlopeInfoAsync(slope: Slope { SlopeID = 206, SlopeName = slopeName02957bbc-39ce-4668-80c9-657969689783, IsOpen = True, DifficultyLevel = 78, ConnectedLifts =  })" computerName="DESKTOP-TJ9D65N" duration="00:00:00.5786743" startTime="2022-10-30T21:57:06.3795577+03:00" endTime="2022-10-30T21:57:06.3795912+03:00" testType="13cdc9d9-ddb5-4fa4-a97d-d965ccfc6d4b" outcome="Failed" testListId="8c84fa94-04c1-424b-9868-57a2d4851a1d" relativeResultsDirectory="8ac05a4a-0284-4123-a130-1687fa798466">
      <Output>
        <ErrorInfo>
          <Message>AccessToDB.Exceptions.LiftSlopeExceptions.LiftSlopeDeleteException : Exception of type 'AccessToDB.Exceptions.LiftSlopeExceptions.LiftSlopeDeleteException' was thrown.</Message>
          <StackTrace>   at AccessToDB.RepositoriesTarantool.TarantoolLiftsSlopesRepository.DeleteLiftSlopesByIDAsync(UInt32 recordID) in /mnt/c/Users/alena/Desktop/7_sem/testing_and_debugging/SkiResort/AccessToDB/TarantoolRepositories/TarantoolLiftsSlopesRepository.cs:line 186
   at IntegrationTests.ArrangeHelpers.DBTablesCleaner.cleanLiftsSlopesTable() in /mnt/c/Users/alena/Desktop/7_sem/testing_and_debugging/SkiResort/IntegrationTests/ArrangeHelpers/DBTablesCleaner.cs:line 49
   at IntegrationTests.ArrangeHelpers.DBTablesCleaner.clean() in /mnt/c/Users/alena/Desktop/7_sem/testing_and_debugging/SkiResort/IntegrationTests/ArrangeHelpers/DBTablesCleaner.cs:line 32
   at IntegrationTests.TestActionsWithSlopes.Dispose() in /mnt/c/Users/alena/Desktop/7_sem/testing_and_debugging/SkiResort/IntegrationTests/TestActionsWithSlopes.cs:line 46
   at ReflectionAbstractionExtensions.DisposeTestClass(ITest test, Object testClass, IMessageBus messageBus, ExecutionTimer timer, CancellationTokenSource cancellationTokenSource) in C:\Dev\xunit\xunit\src\xunit.execution\Extensions\ReflectionAbstractionExtensions.cs:line 79</StackTrace>
        </ErrorInfo>
      </Output>
    </UnitTestResult>
    <UnitTestResult executionId="fc6df577-be3f-4f9c-8957-934d6b72bdc2" testId="1da5f54a-109d-3e90-9b69-7a06a6b220e1" testName="IntegrationTests.TestActionsWithLiftsSlopes.TestGetLiftsSlopesInfoAsync(liftsSlopes: [LiftSlope { RecordID = 34, LiftID = 16, SlopeID = 238 }, LiftSlope { RecordID = 61, LiftID = 199, SlopeID = 175 }, LiftSlope { RecordID = 160, LiftID = 79, SlopeID = 14 }])" computerName="DESKTOP-TJ9D65N" duration="00:00:00.6461391" startTime="2022-10-30T21:57:07.8532817+03:00" endTime="2022-10-30T21:57:07.8532828+03:00" testType="13cdc9d9-ddb5-4fa4-a97d-d965ccfc6d4b" outcome="Passed" testListId="8c84fa94-04c1-424b-9868-57a2d4851a1d" relativeResultsDirectory="fc6df577-be3f-4f9c-8957-934d6b72bdc2" />
    <UnitTestResult executionId="fd9b4c22-97fb-4cb6-bc5b-9d46b60cc891" testId="eb8c6d16-c347-6508-a93a-b7522581932e" testName="IntegrationTests.TestActionsWithLiftsSlopes.TestAdminDeleteLiftSlopeAsync(lift: Lift { LiftID = 124, LiftName = liftName04059a08-3d26-4e8e-9e26-1404939209ee, IsOpen = True, SeatsAmount = 185, LiftingTime = 79, QueueTime = 222, ConnectedSlopes =  }, slope: Slope { SlopeID = 10, SlopeName = slopeNamef92e750d-7a5b-402d-9631-495aea2d189c, IsOpen = False, DifficultyLevel = 198, ConnectedLifts =  })" computerName="DESKTOP-TJ9D65N" duration="00:00:00.7213848" startTime="2022-10-30T21:57:06.4898556+03:00" endTime="2022-10-30T21:57:06.4898558+03:00" testType="13cdc9d9-ddb5-4fa4-a97d-d965ccfc6d4b" outcome="Failed" testListId="8c84fa94-04c1-424b-9868-57a2d4851a1d" relativeResultsDirectory="fd9b4c22-97fb-4cb6-bc5b-9d46b60cc891">
      <Output>
        <ErrorInfo>
          <Message>AccessToDB.Exceptions.UserExceptions.UserAddException : Exception of type 'AccessToDB.Exceptions.UserExceptions.UserAddException' was thrown.</Message>
          <StackTrace>   at AccessToDB.RepositoriesTarantool.TarantoolUsersRepository.AddUserAsync(UInt32 userID, UInt32 cardID, String UserEmail, String password, PermissionsEnum permissions) in /mnt/c/Users/alena/Desktop/7_sem/testing_and_debugging/SkiResort/AccessToDB/TarantoolRepositories/TarantoolUsersRepository.cs:line 74
   at IntegrationTests.TestActionsWithLiftsSlopes.TestAdminDeleteLiftSlopeAsync(Lift lift, Slope slope) in /mnt/c/Users/alena/Desktop/7_sem/testing_and_debugging/SkiResort/IntegrationTests/TestActionsWithLiftsSlopes.cs:line 85
   at System.Threading.Tasks.Task.&lt;&gt;c.&lt;ThrowAsync&gt;b__128_0(Object state)</StackTrace>
        </ErrorInfo>
      </Output>
    </UnitTestResult>
    <UnitTestResult executionId="068e3822-8092-458e-b466-5c52c6e64ee9" testId="08091337-4cbb-bfc2-554d-6bc30bc6c487" testName="IntegrationTests.TestActionsWithLiftsSlopes.TestAdminAddAutoIncrementLiftSlopeAsync(lift: Lift { LiftID = 243, LiftName = liftNamef3a228d5-764e-49ae-99c7-3e60b191b30f, IsOpen = True, SeatsAmount = 255, LiftingTime = 8, QueueTime = 49, ConnectedSlopes =  }, slope: Slope { SlopeID = 37, SlopeName = slopeName4c951ec1-2c0f-4a75-9986-0df1e0c0c735, IsOpen = False, DifficultyLevel = 6, ConnectedLifts =  })" computerName="DESKTOP-TJ9D65N" duration="00:00:00.6724771" startTime="2022-10-30T21:57:07.1981927+03:00" endTime="2022-10-30T21:57:07.1981928+03:00" testType="13cdc9d9-ddb5-4fa4-a97d-d965ccfc6d4b" outcome="Passed" testListId="8c84fa94-04c1-424b-9868-57a2d4851a1d" relativeResultsDirectory="068e3822-8092-458e-b466-5c52c6e64ee9" />
  </Results>
  <TestDefinitions>
    <UnitTest name="IntegrationTests.TestActionsWithLiftsSlopes.TestAdminAddAutoIncrementLiftSlopeAsync(lift: Lift { LiftID = 243, LiftName = liftNamef3a228d5-764e-49ae-99c7-3e60b191b30f, IsOpen = True, SeatsAmount = 255, LiftingTime = 8, QueueTime = 49, ConnectedSlopes =  }, slope: Slope { SlopeID = 37, SlopeName = slopeName4c951ec1-2c0f-4a75-9986-0df1e0c0c735, IsOpen = False, DifficultyLevel = 6, ConnectedLifts =  })" storage="/mnt/c/users/alena/desktop/7_sem/testing_and_debugging/skiresort/integrationtests/bin/debug/net6.0/integrationtests.dll" id="08091337-4cbb-bfc2-554d-6bc30bc6c487">
      <Execution id="068e3822-8092-458e-b466-5c52c6e64ee9" />
      <TestMethod codeBase="/mnt/c/Users/alena/Desktop/7_sem/testing_and_debugging/SkiResort/IntegrationTests/bin/Debug/net6.0/IntegrationTests.dll" adapterTypeName="executor://xunit/VsTestRunner2/netcoreapp" className="IntegrationTests.TestActionsWithLiftsSlopes" name="TestAdminAddAutoIncrementLiftSlopeAsync" />
    </UnitTest>
    <UnitTest name="IntegrationTests.TestActionsWithLiftsSlopes.TestAdminDeleteLiftSlopeAsync(lift: Lift { LiftID = 124, LiftName = liftName04059a08-3d26-4e8e-9e26-1404939209ee, IsOpen = True, SeatsAmount = 185, LiftingTime = 79, QueueTime = 222, ConnectedSlopes =  }, slope: Slope { SlopeID = 10, SlopeName = slopeNamef92e750d-7a5b-402d-9631-495aea2d189c, IsOpen = False, DifficultyLevel = 198, ConnectedLifts =  })" storage="/mnt/c/users/alena/desktop/7_sem/testing_and_debugging/skiresort/integrationtests/bin/debug/net6.0/integrationtests.dll" id="eb8c6d16-c347-6508-a93a-b7522581932e">
      <Execution id="fd9b4c22-97fb-4cb6-bc5b-9d46b60cc891" />
      <TestMethod codeBase="/mnt/c/Users/alena/Desktop/7_sem/testing_and_debugging/SkiResort/IntegrationTests/bin/Debug/net6.0/IntegrationTests.dll" adapterTypeName="executor://xunit/VsTestRunner2/netcoreapp" className="IntegrationTests.TestActionsWithLiftsSlopes" name="TestAdminDeleteLiftSlopeAsync" />
    </UnitTest>
    <UnitTest name="IntegrationTests.TestActionsWithSlopes.TestGetSlopeInfoAsync(slope: Slope { SlopeID = 206, SlopeName = slopeName02957bbc-39ce-4668-80c9-657969689783, IsOpen = True, DifficultyLevel = 78, ConnectedLifts =  })" storage="/mnt/c/users/alena/desktop/7_sem/testing_and_debugging/skiresort/integrationtests/bin/debug/net6.0/integrationtests.dll" id="19f19c44-5cfe-e16d-a46c-5397171144a6">
      <Execution id="8ac05a4a-0284-4123-a130-1687fa798466" />
      <TestMethod codeBase="/mnt/c/Users/alena/Desktop/7_sem/testing_and_debugging/SkiResort/IntegrationTests/bin/Debug/net6.0/IntegrationTests.dll" adapterTypeName="executor://xunit/VsTestRunner2/netcoreapp" className="IntegrationTests.TestActionsWithSlopes" name="TestGetSlopeInfoAsync" />
    </UnitTest>
    <UnitTest name="IntegrationTests.TestActionsWithLiftsSlopes.TestGetLiftsSlopesInfoAsync(liftsSlopes: [LiftSlope { RecordID = 34, LiftID = 16, SlopeID = 238 }, LiftSlope { RecordID = 61, LiftID = 199, SlopeID = 175 }, LiftSlope { RecordID = 160, LiftID = 79, SlopeID = 14 }])" storage="/mnt/c/users/alena/desktop/7_sem/testing_and_debugging/skiresort/integrationtests/bin/debug/net6.0/integrationtests.dll" id="1da5f54a-109d-3e90-9b69-7a06a6b220e1">
      <Execution id="fc6df577-be3f-4f9c-8957-934d6b72bdc2" />
      <TestMethod codeBase="/mnt/c/Users/alena/Desktop/7_sem/testing_and_debugging/SkiResort/IntegrationTests/bin/Debug/net6.0/IntegrationTests.dll" adapterTypeName="executor://xunit/VsTestRunner2/netcoreapp" className="IntegrationTests.TestActionsWithLiftsSlopes" name="TestGetLiftsSlopesInfoAsync" />
    </UnitTest>
  </TestDefinitions>
  <TestEntries>
    <TestEntry testId="19f19c44-5cfe-e16d-a46c-5397171144a6" executionId="8ac05a4a-0284-4123-a130-1687fa798466" testListId="8c84fa94-04c1-424b-9868-57a2d4851a1d" />
    <TestEntry testId="1da5f54a-109d-3e90-9b69-7a06a6b220e1" executionId="fc6df577-be3f-4f9c-8957-934d6b72bdc2" testListId="8c84fa94-04c1-424b-9868-57a2d4851a1d" />
    <TestEntry testId="eb8c6d16-c347-6508-a93a-b7522581932e" executionId="fd9b4c22-97fb-4cb6-bc5b-9d46b60cc891" testListId="8c84fa94-04c1-424b-9868-57a2d4851a1d" />
    <TestEntry testId="08091337-4cbb-bfc2-554d-6bc30bc6c487" executionId="068e3822-8092-458e-b466-5c52c6e64ee9" testListId="8c84fa94-04c1-424b-9868-57a2d4851a1d" />
  </TestEntries>
  <TestLists>
    <TestList name="Results Not in a List" id="8c84fa94-04c1-424b-9868-57a2d4851a1d" />
    <TestList name="All Loaded Results" id="19431567-8539-422a-85d7-44ee4e166bda" />
  </TestLists>
  <ResultSummary outcome="Failed">
    <Counters total="4" executed="4" passed="2" failed="2" error="0" timeout="0" aborted="0" inconclusive="0" passedButRunAborted="0" notRunnable="0" notExecuted="0" disconnected="0" warning="0" completed="0" inProgress="0" pending="0" />
    <Output>
      <StdOut>[xUnit.net 00:00:00.00] xUnit.net VSTest Adapter v2.4.3+1b45f5407b (64-bit .NET 6.0.10)
[xUnit.net 00:00:01.25]   Discovering: IntegrationTests
[xUnit.net 00:00:01.35]   Discovered:  IntegrationTests
[xUnit.net 00:00:01.35]   Starting:    IntegrationTests
[xUnit.net 00:00:02.06]       AccessToDB.Exceptions.LiftSlopeExceptions.LiftSlopeDeleteException : Exception of type 'AccessToDB.Exceptions.LiftSlopeExceptions.LiftSlopeDeleteException' was thrown.
[xUnit.net 00:00:02.06]       Stack Trace:
[xUnit.net 00:00:02.07]         /mnt/c/Users/alena/Desktop/7_sem/testing_and_debugging/SkiResort/AccessToDB/TarantoolRepositories/TarantoolLiftsSlopesRepository.cs(186,0): at AccessToDB.RepositoriesTarantool.TarantoolLiftsSlopesRepository.DeleteLiftSlopesByIDAsync(UInt32 recordID)
[xUnit.net 00:00:02.07]         /mnt/c/Users/alena/Desktop/7_sem/testing_and_debugging/SkiResort/IntegrationTests/ArrangeHelpers/DBTablesCleaner.cs(49,0): at IntegrationTests.ArrangeHelpers.DBTablesCleaner.cleanLiftsSlopesTable()
[xUnit.net 00:00:02.07]         /mnt/c/Users/alena/Desktop/7_sem/testing_and_debugging/SkiResort/IntegrationTests/ArrangeHelpers/DBTablesCleaner.cs(32,0): at IntegrationTests.ArrangeHelpers.DBTablesCleaner.clean()
[xUnit.net 00:00:02.07]         /mnt/c/Users/alena/Desktop/7_sem/testing_and_debugging/SkiResort/IntegrationTests/TestActionsWithSlopes.cs(46,0): at IntegrationTests.TestActionsWithSlopes.Dispose()
[xUnit.net 00:00:02.07]         C:\Dev\xunit\xunit\src\xunit.execution\Extensions\ReflectionAbstractionExtensions.cs(79,0): at ReflectionAbstractionExtensions.DisposeTestClass(ITest test, Object testClass, IMessageBus messageBus, ExecutionTimer timer, CancellationTokenSource cancellationTokenSource)
[xUnit.net 00:00:02.18]       AccessToDB.Exceptions.UserExceptions.UserAddException : Exception of type 'AccessToDB.Exceptions.UserExceptions.UserAddException' was thrown.
[xUnit.net 00:00:02.18]       Stack Trace:
[xUnit.net 00:00:02.18]         /mnt/c/Users/alena/Desktop/7_sem/testing_and_debugging/SkiResort/AccessToDB/TarantoolRepositories/TarantoolUsersRepository.cs(74,0): at AccessToDB.RepositoriesTarantool.TarantoolUsersRepository.AddUserAsync(UInt32 userID, UInt32 cardID, String UserEmail, String password, PermissionsEnum permissions)
[xUnit.net 00:00:02.18]         /mnt/c/Users/alena/Desktop/7_sem/testing_and_debugging/SkiResort/IntegrationTests/TestActionsWithLiftsSlopes.cs(85,0): at IntegrationTests.TestActionsWithLiftsSlopes.TestAdminDeleteLiftSlopeAsync(Lift lift, Slope slope)
[xUnit.net 00:00:02.18]            at System.Threading.Tasks.Task.&lt;&gt;c.&lt;ThrowAsync&gt;b__128_0(Object state)
[xUnit.net 00:00:03.58]   Finished:    IntegrationTests
</StdOut>
    </Output>
    <RunInfos>
      <RunInfo computerName="DESKTOP-TJ9D65N" outcome="Error" timestamp="2022-10-30T21:57:06.3716919+03:00">
        <Text>[xUnit.net 00:00:02.06]     IntegrationTests.TestActionsWithSlopes.TestGetSlopeInfoAsync(slope: Slope { SlopeID = 206, SlopeName = slopeName02957bbc-39ce-4668-80c9-657969689783, IsOpen = True, DifficultyLevel = 78, ConnectedLifts =  }) [FAIL]</Text>
      </RunInfo>
      <RunInfo computerName="DESKTOP-TJ9D65N" outcome="Error" timestamp="2022-10-30T21:57:06.4895520+03:00">
        <Text>[xUnit.net 00:00:02.18]     IntegrationTests.TestActionsWithLiftsSlopes.TestAdminDeleteLiftSlopeAsync(lift: Lift { LiftID = 124, LiftName = liftName04059a08-3d26-4e8e-9e26-1404939209ee, IsOpen = True, SeatsAmount = 185, LiftingTime = 79, QueueTime = 222, ConnectedSlopes =  }, slope: Slope { SlopeID = 10, SlopeName = slopeNamef92e750d-7a5b-402d-9631-495aea2d189c, IsOpen = False, DifficultyLevel = 198, ConnectedLifts =  }) [FAIL]</Text>
      </RunInfo>
    </RunInfos>
  </ResultSummary>
</TestRun>