<?xml version="1.0" encoding="utf-8"?>
<TestRun id="e0b73990-8a72-4ee4-8c63-c8f92e6ad1d2" name="@DESKTOP-TJ9D65N 2022-11-03 20:43:43" xmlns="http://microsoft.com/schemas/VisualStudio/TeamTest/2010">
  <Times creation="2022-11-03T20:43:43.4755025+03:00" queuing="2022-11-03T20:43:43.4755025+03:00" start="2022-11-03T20:43:39.5529794+03:00" finish="2022-11-03T20:44:00.5989053+03:00" />
  <TestSettings name="default" id="46030f78-f5ef-4e4c-8a32-a34cfd9e70c7">
    <Deployment runDeploymentRoot="_DESKTOP-TJ9D65N_2022-11-03_20_43_43" />
  </TestSettings>
  <Results>
    <UnitTestResult executionId="f1b1898d-cb3d-4056-bc68-1c6f39389a90" testId="7b4ece7e-d0b5-3b59-7bd0-3b7f95a27953" testName="IntegrationTests.TestActionsWithSlopes.TestAdminAddAutoIncrementSlopeAsync(slope: Slope { SlopeID = 147, SlopeName = slopeNamec24597bd-6ae3-440d-9641-9fd9f0360eb0, IsOpen = True, DifficultyLevel = 104, ConnectedLifts =  })" computerName="DESKTOP-TJ9D65N" duration="00:00:00.6166406" startTime="2022-11-03T20:43:51.0054886+03:00" endTime="2022-11-03T20:43:51.0054887+03:00" testType="13cdc9d9-ddb5-4fa4-a97d-d965ccfc6d4b" outcome="Passed" testListId="8c84fa94-04c1-424b-9868-57a2d4851a1d" relativeResultsDirectory="f1b1898d-cb3d-4056-bc68-1c6f39389a90" />
    <UnitTestResult executionId="7b3e26e5-7de7-4bb1-b657-2e3c584d20ef" testId="479b875f-d623-ae0a-ff97-dc49a4f2a217" testName="IntegrationTests.TestActionsWithUsers.TestLogInWithWrongPassword" computerName="DESKTOP-TJ9D65N" duration="00:00:00.5659043" startTime="2022-11-03T20:43:56.9319455+03:00" endTime="2022-11-03T20:43:56.9319456+03:00" testType="13cdc9d9-ddb5-4fa4-a97d-d965ccfc6d4b" outcome="Passed" testListId="8c84fa94-04c1-424b-9868-57a2d4851a1d" relativeResultsDirectory="7b3e26e5-7de7-4bb1-b657-2e3c584d20ef" />
    <UnitTestResult executionId="1d061e12-8419-4c52-84f1-53f3bf99519d" testId="682d3b16-d8d9-d658-4906-fcc748843214" testName="IntegrationTests.TestActionsWithUsers.TestAdminGetUsers" computerName="DESKTOP-TJ9D65N" duration="00:00:00.5863866" startTime="2022-11-03T20:43:58.7848910+03:00" endTime="2022-11-03T20:43:58.7848912+03:00" testType="13cdc9d9-ddb5-4fa4-a97d-d965ccfc6d4b" outcome="Passed" testListId="8c84fa94-04c1-424b-9868-57a2d4851a1d" relativeResultsDirectory="1d061e12-8419-4c52-84f1-53f3bf99519d" />
    <UnitTestResult executionId="df027209-3681-4510-a0a7-63f6eb1e6f2d" testId="3b8a1356-7d0d-4caa-f74c-66342414a3db" testName="IntegrationTests.TestActionsWithTurnstiles.TestAdminUpdateTurnstileAsync(turnstile: Turnstile { TurnstileID = 63, LiftID = 156, IsOpen = True })" computerName="DESKTOP-TJ9D65N" duration="00:00:00.6167612" startTime="2022-11-03T20:43:50.3748807+03:00" endTime="2022-11-03T20:43:50.3748808+03:00" testType="13cdc9d9-ddb5-4fa4-a97d-d965ccfc6d4b" outcome="Passed" testListId="8c84fa94-04c1-424b-9868-57a2d4851a1d" relativeResultsDirectory="df027209-3681-4510-a0a7-63f6eb1e6f2d" />
    <UnitTestResult executionId="028f9ef6-e4a1-4474-b584-8544ea9de661" testId="d6c486ee-7b7a-0e6b-31b0-62c1d810312b" testName="IntegrationTests.TestActionsWithTurnstiles.TestAdminAddAutoIncrementTurnstileAsync(turnstile: Turnstile { TurnstileID = 19, LiftID = 214, IsOpen = True })" computerName="DESKTOP-TJ9D65N" duration="00:00:00.6101769" startTime="2022-11-03T20:43:48.4947852+03:00" endTime="2022-11-03T20:43:48.4947856+03:00" testType="13cdc9d9-ddb5-4fa4-a97d-d965ccfc6d4b" outcome="Passed" testListId="8c84fa94-04c1-424b-9868-57a2d4851a1d" relativeResultsDirectory="028f9ef6-e4a1-4474-b584-8544ea9de661" />
    <UnitTestResult executionId="d45abe01-477c-410c-a783-73057fa5abce" testId="b5708549-d566-649b-5619-51f498814164" testName="IntegrationTests.TestActionsWithLiftsLifts.TestAdminAddAutoIncrementLiftAsync(lift: Lift { LiftID = 81, LiftName = liftNameba97fdbd-9283-418a-affa-679dacf11668, IsOpen = True, SeatsAmount = 184, LiftingTime = 158, QueueTime = 168, ConnectedSlopes =  })" computerName="DESKTOP-TJ9D65N" duration="00:00:00.6300877" startTime="2022-11-03T20:43:45.9417352+03:00" endTime="2022-11-03T20:43:45.9417353+03:00" testType="13cdc9d9-ddb5-4fa4-a97d-d965ccfc6d4b" outcome="Passed" testListId="8c84fa94-04c1-424b-9868-57a2d4851a1d" relativeResultsDirectory="d45abe01-477c-410c-a783-73057fa5abce" />
    <UnitTestResult executionId="db6e7431-681a-4a39-8e81-9ab7301ded62" testId="400d0d06-7180-8578-c43f-603113bc621c" testName="IntegrationTests.TestActionsWithSlopes.TestAdminDeleteSlopeAsync(slope: Slope { SlopeID = 131, SlopeName = slopeName5ee0a202-d8fd-431b-87c0-ccd445f08e75, IsOpen = True, DifficultyLevel = 50, ConnectedLifts =  })" computerName="DESKTOP-TJ9D65N" duration="00:00:00.6272445" startTime="2022-11-03T20:43:52.2983065+03:00" endTime="2022-11-03T20:43:52.2983066+03:00" testType="13cdc9d9-ddb5-4fa4-a97d-d965ccfc6d4b" outcome="Passed" testListId="8c84fa94-04c1-424b-9868-57a2d4851a1d" relativeResultsDirectory="db6e7431-681a-4a39-8e81-9ab7301ded62" />
    <UnitTestResult executionId="4046fbc4-05ff-42ed-91c0-5a358462da7c" testId="c737a4ad-d02d-9440-a71a-ec6de50a6bc7" testName="IntegrationTests.TestActionsWithSlopes.TestUpdateSlopeInfoAsync(slope: Slope { SlopeID = 167, SlopeName = slopeNamea85a8a6f-2bcb-4b9b-bf76-06478e51066e, IsOpen = True, DifficultyLevel = 110, ConnectedLifts =  })" computerName="DESKTOP-TJ9D65N" duration="00:00:00.6370748" startTime="2022-11-03T20:43:51.6568133+03:00" endTime="2022-11-03T20:43:51.6568134+03:00" testType="13cdc9d9-ddb5-4fa4-a97d-d965ccfc6d4b" outcome="Passed" testListId="8c84fa94-04c1-424b-9868-57a2d4851a1d" relativeResultsDirectory="4046fbc4-05ff-42ed-91c0-5a358462da7c" />
    <UnitTestResult executionId="44ee2860-9234-4931-b304-484c3ed77bbf" testId="01749567-61c9-f962-1a1f-7e4507501d1b" testName="IntegrationTests.TestActionsWithLiftsLifts.TestGetLiftInfoAsync(lift: Lift { LiftID = 47, LiftName = liftNamed37615af-d751-4483-9ad6-8af95d0a42a3, IsOpen = True, SeatsAmount = 204, LiftingTime = 94, QueueTime = 139, ConnectedSlopes =  })" computerName="DESKTOP-TJ9D65N" duration="00:00:00.6078336" startTime="2022-11-03T20:43:46.5656724+03:00" endTime="2022-11-03T20:43:46.5656725+03:00" testType="13cdc9d9-ddb5-4fa4-a97d-d965ccfc6d4b" outcome="Passed" testListId="8c84fa94-04c1-424b-9868-57a2d4851a1d" relativeResultsDirectory="44ee2860-9234-4931-b304-484c3ed77bbf" />
    <UnitTestResult executionId="83884d22-2b12-4048-9c29-1877a5197d1c" testId="8cdd2595-a2d5-2638-1157-d42e53c8b825" testName="IntegrationTests.TestActionsWithSlopes.TestAdminAddSlopeAsync(slope: Slope { SlopeID = 99, SlopeName = slopeNamee105a483-3e73-427d-84d2-f86f4bc298fa, IsOpen = True, DifficultyLevel = 203, ConnectedLifts =  })" computerName="DESKTOP-TJ9D65N" duration="00:00:00.6169035" startTime="2022-11-03T20:43:53.3029280+03:00" endTime="2022-11-03T20:43:53.3029281+03:00" testType="13cdc9d9-ddb5-4fa4-a97d-d965ccfc6d4b" outcome="Passed" testListId="8c84fa94-04c1-424b-9868-57a2d4851a1d" relativeResultsDirectory="83884d22-2b12-4048-9c29-1877a5197d1c" />
    <UnitTestResult executionId="d92a506e-dde1-4771-83e5-f5ff67fae3ca" testId="cd4fad74-62d1-cdf2-a044-f7fbe573466d" testName="IntegrationTests.TestActionsWithLiftsSlopes.TestAdminAddAutoIncrementLiftSlopeAsync(lift: Lift { LiftID = 53, LiftName = liftNamedbeb2ff6-1401-45aa-add7-957762aed0aa, IsOpen = True, SeatsAmount = 39, LiftingTime = 221, QueueTime = 24, ConnectedSlopes =  }, slope: Slope { SlopeID = 82, SlopeName = slopeName85728e69-a2ba-4014-8b71-f807b46c7e1a, IsOpen = False, DifficultyLevel = 224, ConnectedLifts =  })" computerName="DESKTOP-TJ9D65N" duration="00:00:00.6737815" startTime="2022-11-03T20:43:43.9536724+03:00" endTime="2022-11-03T20:43:43.9536725+03:00" testType="13cdc9d9-ddb5-4fa4-a97d-d965ccfc6d4b" outcome="Passed" testListId="8c84fa94-04c1-424b-9868-57a2d4851a1d" relativeResultsDirectory="d92a506e-dde1-4771-83e5-f5ff67fae3ca" />
    <UnitTestResult executionId="d3af62e0-c979-4242-8408-046d032af253" testId="c653d804-e70c-a2b6-78af-cff512240e01" testName="IntegrationTests.TestActionsWithTurnstiles.TestAdminDeleteTurnstileAsync(turnstile: Turnstile { TurnstileID = 67, LiftID = 114, IsOpen = True })" computerName="DESKTOP-TJ9D65N" duration="00:00:00.6083077" startTime="2022-11-03T20:43:49.1313708+03:00" endTime="2022-11-03T20:43:49.1313709+03:00" testType="13cdc9d9-ddb5-4fa4-a97d-d965ccfc6d4b" outcome="Passed" testListId="8c84fa94-04c1-424b-9868-57a2d4851a1d" relativeResultsDirectory="d3af62e0-c979-4242-8408-046d032af253" />
    <UnitTestResult executionId="e47a5478-d7b7-40d2-ba0d-10f223675da0" testId="61a0d3cb-1290-855e-f649-c3c1c190f4b1" testName="IntegrationTests.TestActionsWithUsers.TestAdminUpdateUser" computerName="DESKTOP-TJ9D65N" duration="00:00:00.6076330" startTime="2022-11-03T20:43:54.5476667+03:00" endTime="2022-11-03T20:43:54.5476667+03:00" testType="13cdc9d9-ddb5-4fa4-a97d-d965ccfc6d4b" outcome="Passed" testListId="8c84fa94-04c1-424b-9868-57a2d4851a1d" relativeResultsDirectory="e47a5478-d7b7-40d2-ba0d-10f223675da0" />
    <UnitTestResult executionId="2ce534d0-3989-42fc-aedf-e413583d2500" testId="640a72f6-5583-6636-1a54-8396abe99588" testName="IntegrationTests.TestActionsWithUsers.TestAdminDeleteUser" computerName="DESKTOP-TJ9D65N" duration="00:00:00.6191078" startTime="2022-11-03T20:43:58.1844224+03:00" endTime="2022-11-03T20:43:58.1844225+03:00" testType="13cdc9d9-ddb5-4fa4-a97d-d965ccfc6d4b" outcome="Passed" testListId="8c84fa94-04c1-424b-9868-57a2d4851a1d" relativeResultsDirectory="2ce534d0-3989-42fc-aedf-e413583d2500" />
    <UnitTestResult executionId="92089409-c6f9-4021-aed6-1f5bf127de87" testId="198a1ae3-83ab-ea18-2e21-87927dc980e2" testName="IntegrationTests.TestActionsWithUsers.TestRegisterUserWithNoPassword" computerName="DESKTOP-TJ9D65N" duration="00:00:00.5453711" startTime="2022-11-03T20:43:59.9023489+03:00" endTime="2022-11-03T20:43:59.9023490+03:00" testType="13cdc9d9-ddb5-4fa4-a97d-d965ccfc6d4b" outcome="Passed" testListId="8c84fa94-04c1-424b-9868-57a2d4851a1d" relativeResultsDirectory="92089409-c6f9-4021-aed6-1f5bf127de87" />
    <UnitTestResult executionId="ce693bd1-7d68-48ca-aaaa-8fbb6159f8ba" testId="63be1f92-7da8-a66e-02df-a6e75143687a" testName="IntegrationTests.TestActionsWithLiftsSlopes.TestGetLiftsSlopesInfoAsync(liftsSlopes: [LiftSlope { RecordID = 25, LiftID = 64, SlopeID = 149 }, LiftSlope { RecordID = 86, LiftID = 99, SlopeID = 220 }, LiftSlope { RecordID = 79, LiftID = 161, SlopeID = 65 }])" computerName="DESKTOP-TJ9D65N" duration="00:00:00.6992858" startTime="2022-11-03T20:43:42.5318306+03:00" endTime="2022-11-03T20:43:42.5319037+03:00" testType="13cdc9d9-ddb5-4fa4-a97d-d965ccfc6d4b" outcome="Passed" testListId="8c84fa94-04c1-424b-9868-57a2d4851a1d" relativeResultsDirectory="ce693bd1-7d68-48ca-aaaa-8fbb6159f8ba" />
    <UnitTestResult executionId="7902b9b1-a573-4086-9f17-93436b2d0edf" testId="8a671bbd-a679-9554-80f7-33c777475820" testName="IntegrationTests.TestActionsWithTurnstiles.TestAdminGetTurnstilesAsync(initialTurnstiles: [Turnstile { TurnstileID = 154, LiftID = 158, IsOpen = True }, Turnstile { TurnstileID = 71, LiftID = 205, IsOpen = False }, Turnstile { TurnstileID = 225, LiftID = 107, IsOpen = True }])" computerName="DESKTOP-TJ9D65N" duration="00:00:00.6376009" startTime="2022-11-03T20:43:47.8713412+03:00" endTime="2022-11-03T20:43:47.8713412+03:00" testType="13cdc9d9-ddb5-4fa4-a97d-d965ccfc6d4b" outcome="Passed" testListId="8c84fa94-04c1-424b-9868-57a2d4851a1d" relativeResultsDirectory="7902b9b1-a573-4086-9f17-93436b2d0edf" />
    <UnitTestResult executionId="ecf5b593-ed29-4b89-abb2-62cf4eb84783" testId="593087f0-c7ab-1991-c3ee-af523cc03ada" testName="IntegrationTests.TestActionsWithUsers.TestAdminGetUserByIDAsync" computerName="DESKTOP-TJ9D65N" duration="00:00:00.5888096" startTime="2022-11-03T20:44:00.5054948+03:00" endTime="2022-11-03T20:44:00.5054950+03:00" testType="13cdc9d9-ddb5-4fa4-a97d-d965ccfc6d4b" outcome="Passed" testListId="8c84fa94-04c1-424b-9868-57a2d4851a1d" relativeResultsDirectory="ecf5b593-ed29-4b89-abb2-62cf4eb84783" />
    <UnitTestResult executionId="ace58357-46ab-4483-aea9-db2991a42793" testId="45fe0df1-c885-2f7e-8187-832190c2786d" testName="IntegrationTests.TestActionsWithUsers.TestLogInOk" computerName="DESKTOP-TJ9D65N" duration="00:00:00.5758091" startTime="2022-11-03T20:43:55.7572883+03:00" endTime="2022-11-03T20:43:55.7572884+03:00" testType="13cdc9d9-ddb5-4fa4-a97d-d965ccfc6d4b" outcome="Passed" testListId="8c84fa94-04c1-424b-9868-57a2d4851a1d" relativeResultsDirectory="ace58357-46ab-4483-aea9-db2991a42793" />
    <UnitTestResult executionId="6b6c5d8f-67b9-41e2-a466-46c84269520d" testId="48375cbc-003d-d0fc-ff6a-cfef4b266dfb" testName="IntegrationTests.TestActionsWithUsers.TestRegisterUserWithNoEmail" computerName="DESKTOP-TJ9D65N" duration="00:00:00.5440187" startTime="2022-11-03T20:43:59.3428573+03:00" endTime="2022-11-03T20:43:59.3428575+03:00" testType="13cdc9d9-ddb5-4fa4-a97d-d965ccfc6d4b" outcome="Passed" testListId="8c84fa94-04c1-424b-9868-57a2d4851a1d" relativeResultsDirectory="6b6c5d8f-67b9-41e2-a466-46c84269520d" />
    <UnitTestResult executionId="a3037c78-5ebb-4b97-9bdf-2321c9e470ca" testId="5320fcd6-86c6-af72-5c83-02309a4b7f01" testName="IntegrationTests.TestActionsWithTurnstiles.TestAdminGetTurnstileAsync(turnstile: Turnstile { TurnstileID = 149, LiftID = 140, IsOpen = True })" computerName="DESKTOP-TJ9D65N" duration="00:00:00.5969757" startTime="2022-11-03T20:43:49.7432152+03:00" endTime="2022-11-03T20:43:49.7432153+03:00" testType="13cdc9d9-ddb5-4fa4-a97d-d965ccfc6d4b" outcome="Passed" testListId="8c84fa94-04c1-424b-9868-57a2d4851a1d" relativeResultsDirectory="a3037c78-5ebb-4b97-9bdf-2321c9e470ca" />
    <UnitTestResult executionId="621714b9-0b82-4031-aa65-8ab0b8988759" testId="1b679ab5-8254-640c-b352-fe03067b13e6" testName="IntegrationTests.TestActionsWithSlopes.TestGetSlopeInfoAsync(slope: Slope { SlopeID = 176, SlopeName = slopeNamee67d9710-6634-4bb0-a499-1eee87cfc89f, IsOpen = True, DifficultyLevel = 235, ConnectedLifts =  })" computerName="DESKTOP-TJ9D65N" duration="00:00:00.6074112" startTime="2022-11-03T20:43:53.9258390+03:00" endTime="2022-11-03T20:43:53.9258390+03:00" testType="13cdc9d9-ddb5-4fa4-a97d-d965ccfc6d4b" outcome="Passed" testListId="8c84fa94-04c1-424b-9868-57a2d4851a1d" relativeResultsDirectory="621714b9-0b82-4031-aa65-8ab0b8988759" />
    <UnitTestResult executionId="da62fa0d-e2db-463f-99f3-51bd223001e2" testId="d78ba6d0-dfa8-fa6f-4cc8-23966ee34980" testName="IntegrationTests.TestActionsWithUsers.TestRegisterOk" computerName="DESKTOP-TJ9D65N" duration="00:00:00.5986798" startTime="2022-11-03T20:43:57.5461548+03:00" endTime="2022-11-03T20:43:57.5461550+03:00" testType="13cdc9d9-ddb5-4fa4-a97d-d965ccfc6d4b" outcome="Passed" testListId="8c84fa94-04c1-424b-9868-57a2d4851a1d" relativeResultsDirectory="da62fa0d-e2db-463f-99f3-51bd223001e2" />
    <UnitTestResult executionId="b708f144-3ffc-4eff-b38e-3fa60d4193d9" testId="e54a4cee-e2a1-889e-b4cd-647e25b91df6" testName="IntegrationTests.TestActionsWithLiftsLifts.TestGetLiftsInfoAsync(initialLifts: [Lift { LiftID = 249, LiftName = liftName2934ccea-e294-4874-9aad-444f06a0191a, IsOpen = True, SeatsAmount = 19, LiftingTime = 44, QueueTime = 207, ConnectedSlopes =  }, Lift { LiftID = 144, LiftName = liftName728c4261-d6f4-4ad0-8e77-a95cd3e7551c, IsOpen = False, SeatsAmount = 70, LiftingTime = 216, QueueTime = 79, ConnectedSlopes =  }, Lift { LiftID = 154, LiftName = liftNameb822e94a-b0d2-455e-8e8a-16d7a15f2a82, IsOpen = True, SeatsAmount = 122, LiftingTime = 155, QueueTime = 112, ConnectedSlopes =  }])" computerName="DESKTOP-TJ9D65N" duration="00:00:00.6672323" startTime="2022-11-03T20:43:45.2985424+03:00" endTime="2022-11-03T20:43:45.2985427+03:00" testType="13cdc9d9-ddb5-4fa4-a97d-d965ccfc6d4b" outcome="Passed" testListId="8c84fa94-04c1-424b-9868-57a2d4851a1d" relativeResultsDirectory="b708f144-3ffc-4eff-b38e-3fa60d4193d9" />
    <UnitTestResult executionId="ad2d7961-39da-4e7a-a9b9-bb2ebbd8e7ab" testId="2f89504b-7acf-87de-3111-a63d1a973224" testName="IntegrationTests.TestActionsWithLiftsLifts.TestAdminDeleteLiftAsync(lift: Lift { LiftID = 152, LiftName = liftName343d4713-211e-4d60-a0e0-e9c9ea417b30, IsOpen = True, SeatsAmount = 58, LiftingTime = 236, QueueTime = 191, ConnectedSlopes =  })" computerName="DESKTOP-TJ9D65N" duration="00:00:00.6387728" startTime="2022-11-03T20:43:44.6178258+03:00" endTime="2022-11-03T20:43:44.6178259+03:00" testType="13cdc9d9-ddb5-4fa4-a97d-d965ccfc6d4b" outcome="Passed" testListId="8c84fa94-04c1-424b-9868-57a2d4851a1d" relativeResultsDirectory="ad2d7961-39da-4e7a-a9b9-bb2ebbd8e7ab" />
    <UnitTestResult executionId="0baf8b9d-6847-4599-a651-bdd13183e18a" testId="469b101f-8633-a685-8d5b-bdbf8dc340c5" testName="IntegrationTests.TestActionsWithSlopes.TestGetSlopesInfoAsync(initialSlopes: [Slope { SlopeID = 142, SlopeName = slopeNameacb1abef-17fa-405e-9a33-9168fbec75d9, IsOpen = True, DifficultyLevel = 24, ConnectedLifts =  }, Slope { SlopeID = 64, SlopeName = slopeName43a4916a-56f2-479b-b991-cdb9a721bd09, IsOpen = False, DifficultyLevel = 44, ConnectedLifts =  }, Slope { SlopeID = 133, SlopeName = slopeName74a38935-e89c-4c48-ba25-cc9775101a9c, IsOpen = True, DifficultyLevel = 181, ConnectedLifts =  }])" computerName="DESKTOP-TJ9D65N" duration="00:00:00.0010000" startTime="2022-11-03T20:43:52.6844253+03:00" endTime="2022-11-03T20:43:52.6844254+03:00" testType="13cdc9d9-ddb5-4fa4-a97d-d965ccfc6d4b" outcome="Failed" testListId="8c84fa94-04c1-424b-9868-57a2d4851a1d" relativeResultsDirectory="0baf8b9d-6847-4599-a651-bdd13183e18a">
      <Output>
        <ErrorInfo>
          <Message>System.InvalidOperationException : Operations that change non-concurrent collections must have exclusive access. A concurrent update was performed on this collection and corrupted its state. The collection's state is no longer correct.</Message>
          <StackTrace>   at System.Collections.Generic.Dictionary`2.FindValue(TKey key)
   at System.Collections.Generic.Dictionary`2.TryGetValue(TKey key, TValue&amp; value)
   at ProGaudi.MsgPack.Light.MsgPackContext.GetObjectActivator(Type type)
   at ProGaudi.MsgPack.Light.MsgPackContext.&lt;&gt;c__DisplayClass24_0.&lt;TryGenerateConverterFromGenericConverter&gt;b__0(Type x)
   at ProGaudi.MsgPack.Light.MsgPackContext.TryGenerateConverterFromGenericConverter(Type type)
   at ProGaudi.MsgPack.Light.MsgPackContext.GetConverter[T]()
   at ProGaudi.MsgPack.Light.MsgPackSerializer.GetConverter[T](MsgPackContext context)
   at ProGaudi.MsgPack.Light.MsgPackSerializer.Deserialize[T](MemoryStream stream, MsgPackContext context)
   at ProGaudi.Tarantool.Client.LogicalConnection.SendRequest[TRequest,TResponse](TRequest request, Nullable`1 timeout)
   at ProGaudi.Tarantool.Client.LogicalConnectionManager.SendRequest[TRequest,TResponse](TRequest request, Nullable`1 timeout)
   at ProGaudi.Tarantool.Client.Index.Select[TKey,TTuple](TKey key, SelectOptions options)
   at AccessToDB.RepositoriesTarantool.TarantoolLiftsSlopesRepository.GetLiftsSlopesAsync(UInt32 offset, UInt32 limit) in /mnt/c/Users/alena/Desktop/7_sem/testing_and_debugging/SkiResort/AccessToDB/TarantoolRepositories/TarantoolLiftsSlopesRepository.cs:line 43
   at IntegrationTests.ArrangeHelpers.DBTablesCleaner.cleanLiftsSlopesTable() in /mnt/c/Users/alena/Desktop/7_sem/testing_and_debugging/SkiResort/IntegrationTests/ArrangeHelpers/DBTablesCleaner.cs:line 46
   at IntegrationTests.ArrangeHelpers.DBTablesCleaner.clean() in /mnt/c/Users/alena/Desktop/7_sem/testing_and_debugging/SkiResort/IntegrationTests/ArrangeHelpers/DBTablesCleaner.cs:line 32
   at IntegrationTests.TestActionsWithSlopes..ctor() in /mnt/c/Users/alena/Desktop/7_sem/testing_and_debugging/SkiResort/IntegrationTests/TestActionsWithSlopes.cs:line 33
   at System.RuntimeType.CreateInstanceDefaultCtor(Boolean publicOnly, Boolean wrapExceptions)</StackTrace>
        </ErrorInfo>
      </Output>
    </UnitTestResult>
    <UnitTestResult executionId="3dafbdee-ade7-4057-96f0-5ce11843f1a1" testId="26a3ed7b-f58f-b931-d8c6-d1d1687098ba" testName="IntegrationTests.TestActionsWithUsers.TestAdminAddAutoIncrementUser" computerName="DESKTOP-TJ9D65N" duration="00:00:00.6062217" startTime="2022-11-03T20:43:55.1684590+03:00" endTime="2022-11-03T20:43:55.1684591+03:00" testType="13cdc9d9-ddb5-4fa4-a97d-d965ccfc6d4b" outcome="Passed" testListId="8c84fa94-04c1-424b-9868-57a2d4851a1d" relativeResultsDirectory="3dafbdee-ade7-4057-96f0-5ce11843f1a1" />
    <UnitTestResult executionId="c4d5a4da-4a51-4c0f-b00d-28e0a4d19efa" testId="db19736c-4026-3e4e-5c54-447fe634f85c" testName="IntegrationTests.TestActionsWithLiftsLifts.TestUpdateLiftInfoAsync(lift: Lift { LiftID = 163, LiftName = liftName3443be0f-4b9a-4116-bcef-b8d4efde69b1, IsOpen = True, SeatsAmount = 42, LiftingTime = 23, QueueTime = 232, ConnectedSlopes =  })" computerName="DESKTOP-TJ9D65N" duration="00:00:00.6381127" startTime="2022-11-03T20:43:47.2187603+03:00" endTime="2022-11-03T20:43:47.2187605+03:00" testType="13cdc9d9-ddb5-4fa4-a97d-d965ccfc6d4b" outcome="Passed" testListId="8c84fa94-04c1-424b-9868-57a2d4851a1d" relativeResultsDirectory="c4d5a4da-4a51-4c0f-b00d-28e0a4d19efa" />
    <UnitTestResult executionId="381c1d7e-5669-4cc7-8b71-ebb93660a733" testId="cb8eae24-e7ef-ed7e-d8e9-347d61b13b3a" testName="IntegrationTests.TestActionsWithUsers.TestRegisterUserWithRepeatedEmail" computerName="DESKTOP-TJ9D65N" duration="00:00:00.5786928" startTime="2022-11-03T20:43:56.3499738+03:00" endTime="2022-11-03T20:43:56.3499739+03:00" testType="13cdc9d9-ddb5-4fa4-a97d-d965ccfc6d4b" outcome="Passed" testListId="8c84fa94-04c1-424b-9868-57a2d4851a1d" relativeResultsDirectory="381c1d7e-5669-4cc7-8b71-ebb93660a733" />
    <UnitTestResult executionId="67c94f78-f397-4cbb-a727-ebfbbf16a911" testId="f578a614-1c8d-c698-35d5-52da3bc69833" testName="IntegrationTests.TestActionsWithLiftsSlopes.TestAdminDeleteLiftSlopeAsync(lift: Lift { LiftID = 179, LiftName = liftName3e34e6a1-1277-41f0-aa08-89917f8716f8, IsOpen = True, SeatsAmount = 207, LiftingTime = 109, QueueTime = 169, ConnectedSlopes =  }, slope: Slope { SlopeID = 63, SlopeName = slopeNamea3b071b3-9884-4cb8-9c54-0a1f46fc352e, IsOpen = False, DifficultyLevel = 238, ConnectedLifts =  })" computerName="DESKTOP-TJ9D65N" duration="00:00:00.6799932" startTime="2022-11-03T20:43:43.2666650+03:00" endTime="2022-11-03T20:43:43.2666651+03:00" testType="13cdc9d9-ddb5-4fa4-a97d-d965ccfc6d4b" outcome="Passed" testListId="8c84fa94-04c1-424b-9868-57a2d4851a1d" relativeResultsDirectory="67c94f78-f397-4cbb-a727-ebfbbf16a911" />
  </Results>
  <TestDefinitions>
    <UnitTest name="IntegrationTests.TestActionsWithLiftsSlopes.TestAdminAddAutoIncrementLiftSlopeAsync(lift: Lift { LiftID = 53, LiftName = liftNamedbeb2ff6-1401-45aa-add7-957762aed0aa, IsOpen = True, SeatsAmount = 39, LiftingTime = 221, QueueTime = 24, ConnectedSlopes =  }, slope: Slope { SlopeID = 82, SlopeName = slopeName85728e69-a2ba-4014-8b71-f807b46c7e1a, IsOpen = False, DifficultyLevel = 224, ConnectedLifts =  })" storage="/mnt/c/users/alena/desktop/7_sem/testing_and_debugging/skiresort/integrationtests/bin/debug/net6.0/integrationtests.dll" id="cd4fad74-62d1-cdf2-a044-f7fbe573466d">
      <Execution id="d92a506e-dde1-4771-83e5-f5ff67fae3ca" />
      <TestMethod codeBase="/mnt/c/Users/alena/Desktop/7_sem/testing_and_debugging/SkiResort/IntegrationTests/bin/Debug/net6.0/IntegrationTests.dll" adapterTypeName="executor://xunit/VsTestRunner2/netcoreapp" className="IntegrationTests.TestActionsWithLiftsSlopes" name="TestAdminAddAutoIncrementLiftSlopeAsync" />
    </UnitTest>
    <UnitTest name="IntegrationTests.TestActionsWithLiftsLifts.TestAdminDeleteLiftAsync(lift: Lift { LiftID = 152, LiftName = liftName343d4713-211e-4d60-a0e0-e9c9ea417b30, IsOpen = True, SeatsAmount = 58, LiftingTime = 236, QueueTime = 191, ConnectedSlopes =  })" storage="/mnt/c/users/alena/desktop/7_sem/testing_and_debugging/skiresort/integrationtests/bin/debug/net6.0/integrationtests.dll" id="2f89504b-7acf-87de-3111-a63d1a973224">
      <Execution id="ad2d7961-39da-4e7a-a9b9-bb2ebbd8e7ab" />
      <TestMethod codeBase="/mnt/c/Users/alena/Desktop/7_sem/testing_and_debugging/SkiResort/IntegrationTests/bin/Debug/net6.0/IntegrationTests.dll" adapterTypeName="executor://xunit/VsTestRunner2/netcoreapp" className="IntegrationTests.TestActionsWithLiftsLifts" name="TestAdminDeleteLiftAsync" />
    </UnitTest>
    <UnitTest name="IntegrationTests.TestActionsWithSlopes.TestUpdateSlopeInfoAsync(slope: Slope { SlopeID = 167, SlopeName = slopeNamea85a8a6f-2bcb-4b9b-bf76-06478e51066e, IsOpen = True, DifficultyLevel = 110, ConnectedLifts =  })" storage="/mnt/c/users/alena/desktop/7_sem/testing_and_debugging/skiresort/integrationtests/bin/debug/net6.0/integrationtests.dll" id="c737a4ad-d02d-9440-a71a-ec6de50a6bc7">
      <Execution id="4046fbc4-05ff-42ed-91c0-5a358462da7c" />
      <TestMethod codeBase="/mnt/c/Users/alena/Desktop/7_sem/testing_and_debugging/SkiResort/IntegrationTests/bin/Debug/net6.0/IntegrationTests.dll" adapterTypeName="executor://xunit/VsTestRunner2/netcoreapp" className="IntegrationTests.TestActionsWithSlopes" name="TestUpdateSlopeInfoAsync" />
    </UnitTest>
    <UnitTest name="IntegrationTests.TestActionsWithLiftsSlopes.TestAdminDeleteLiftSlopeAsync(lift: Lift { LiftID = 179, LiftName = liftName3e34e6a1-1277-41f0-aa08-89917f8716f8, IsOpen = True, SeatsAmount = 207, LiftingTime = 109, QueueTime = 169, ConnectedSlopes =  }, slope: Slope { SlopeID = 63, SlopeName = slopeNamea3b071b3-9884-4cb8-9c54-0a1f46fc352e, IsOpen = False, DifficultyLevel = 238, ConnectedLifts =  })" storage="/mnt/c/users/alena/desktop/7_sem/testing_and_debugging/skiresort/integrationtests/bin/debug/net6.0/integrationtests.dll" id="f578a614-1c8d-c698-35d5-52da3bc69833">
      <Execution id="67c94f78-f397-4cbb-a727-ebfbbf16a911" />
      <TestMethod codeBase="/mnt/c/Users/alena/Desktop/7_sem/testing_and_debugging/SkiResort/IntegrationTests/bin/Debug/net6.0/IntegrationTests.dll" adapterTypeName="executor://xunit/VsTestRunner2/netcoreapp" className="IntegrationTests.TestActionsWithLiftsSlopes" name="TestAdminDeleteLiftSlopeAsync" />
    </UnitTest>
    <UnitTest name="IntegrationTests.TestActionsWithUsers.TestRegisterOk" storage="/mnt/c/users/alena/desktop/7_sem/testing_and_debugging/skiresort/integrationtests/bin/debug/net6.0/integrationtests.dll" id="d78ba6d0-dfa8-fa6f-4cc8-23966ee34980">
      <Execution id="da62fa0d-e2db-463f-99f3-51bd223001e2" />
      <TestMethod codeBase="/mnt/c/Users/alena/Desktop/7_sem/testing_and_debugging/SkiResort/IntegrationTests/bin/Debug/net6.0/IntegrationTests.dll" adapterTypeName="executor://xunit/VsTestRunner2/netcoreapp" className="IntegrationTests.TestActionsWithUsers" name="TestRegisterOk" />
    </UnitTest>
    <UnitTest name="IntegrationTests.TestActionsWithUsers.TestRegisterUserWithNoPassword" storage="/mnt/c/users/alena/desktop/7_sem/testing_and_debugging/skiresort/integrationtests/bin/debug/net6.0/integrationtests.dll" id="198a1ae3-83ab-ea18-2e21-87927dc980e2">
      <Execution id="92089409-c6f9-4021-aed6-1f5bf127de87" />
      <TestMethod codeBase="/mnt/c/Users/alena/Desktop/7_sem/testing_and_debugging/SkiResort/IntegrationTests/bin/Debug/net6.0/IntegrationTests.dll" adapterTypeName="executor://xunit/VsTestRunner2/netcoreapp" className="IntegrationTests.TestActionsWithUsers" name="TestRegisterUserWithNoPassword" />
    </UnitTest>
    <UnitTest name="IntegrationTests.TestActionsWithUsers.TestLogInOk" storage="/mnt/c/users/alena/desktop/7_sem/testing_and_debugging/skiresort/integrationtests/bin/debug/net6.0/integrationtests.dll" id="45fe0df1-c885-2f7e-8187-832190c2786d">
      <Execution id="ace58357-46ab-4483-aea9-db2991a42793" />
      <TestMethod codeBase="/mnt/c/Users/alena/Desktop/7_sem/testing_and_debugging/SkiResort/IntegrationTests/bin/Debug/net6.0/IntegrationTests.dll" adapterTypeName="executor://xunit/VsTestRunner2/netcoreapp" className="IntegrationTests.TestActionsWithUsers" name="TestLogInOk" />
    </UnitTest>
    <UnitTest name="IntegrationTests.TestActionsWithSlopes.TestAdminAddSlopeAsync(slope: Slope { SlopeID = 99, SlopeName = slopeNamee105a483-3e73-427d-84d2-f86f4bc298fa, IsOpen = True, DifficultyLevel = 203, ConnectedLifts =  })" storage="/mnt/c/users/alena/desktop/7_sem/testing_and_debugging/skiresort/integrationtests/bin/debug/net6.0/integrationtests.dll" id="8cdd2595-a2d5-2638-1157-d42e53c8b825">
      <Execution id="83884d22-2b12-4048-9c29-1877a5197d1c" />
      <TestMethod codeBase="/mnt/c/Users/alena/Desktop/7_sem/testing_and_debugging/SkiResort/IntegrationTests/bin/Debug/net6.0/IntegrationTests.dll" adapterTypeName="executor://xunit/VsTestRunner2/netcoreapp" className="IntegrationTests.TestActionsWithSlopes" name="TestAdminAddSlopeAsync" />
    </UnitTest>
    <UnitTest name="IntegrationTests.TestActionsWithTurnstiles.TestAdminAddAutoIncrementTurnstileAsync(turnstile: Turnstile { TurnstileID = 19, LiftID = 214, IsOpen = True })" storage="/mnt/c/users/alena/desktop/7_sem/testing_and_debugging/skiresort/integrationtests/bin/debug/net6.0/integrationtests.dll" id="d6c486ee-7b7a-0e6b-31b0-62c1d810312b">
      <Execution id="028f9ef6-e4a1-4474-b584-8544ea9de661" />
      <TestMethod codeBase="/mnt/c/Users/alena/Desktop/7_sem/testing_and_debugging/SkiResort/IntegrationTests/bin/Debug/net6.0/IntegrationTests.dll" adapterTypeName="executor://xunit/VsTestRunner2/netcoreapp" className="IntegrationTests.TestActionsWithTurnstiles" name="TestAdminAddAutoIncrementTurnstileAsync" />
    </UnitTest>
    <UnitTest name="IntegrationTests.TestActionsWithTurnstiles.TestAdminDeleteTurnstileAsync(turnstile: Turnstile { TurnstileID = 67, LiftID = 114, IsOpen = True })" storage="/mnt/c/users/alena/desktop/7_sem/testing_and_debugging/skiresort/integrationtests/bin/debug/net6.0/integrationtests.dll" id="c653d804-e70c-a2b6-78af-cff512240e01">
      <Execution id="d3af62e0-c979-4242-8408-046d032af253" />
      <TestMethod codeBase="/mnt/c/Users/alena/Desktop/7_sem/testing_and_debugging/SkiResort/IntegrationTests/bin/Debug/net6.0/IntegrationTests.dll" adapterTypeName="executor://xunit/VsTestRunner2/netcoreapp" className="IntegrationTests.TestActionsWithTurnstiles" name="TestAdminDeleteTurnstileAsync" />
    </UnitTest>
    <UnitTest name="IntegrationTests.TestActionsWithLiftsSlopes.TestGetLiftsSlopesInfoAsync(liftsSlopes: [LiftSlope { RecordID = 25, LiftID = 64, SlopeID = 149 }, LiftSlope { RecordID = 86, LiftID = 99, SlopeID = 220 }, LiftSlope { RecordID = 79, LiftID = 161, SlopeID = 65 }])" storage="/mnt/c/users/alena/desktop/7_sem/testing_and_debugging/skiresort/integrationtests/bin/debug/net6.0/integrationtests.dll" id="63be1f92-7da8-a66e-02df-a6e75143687a">
      <Execution id="ce693bd1-7d68-48ca-aaaa-8fbb6159f8ba" />
      <TestMethod codeBase="/mnt/c/Users/alena/Desktop/7_sem/testing_and_debugging/SkiResort/IntegrationTests/bin/Debug/net6.0/IntegrationTests.dll" adapterTypeName="executor://xunit/VsTestRunner2/netcoreapp" className="IntegrationTests.TestActionsWithLiftsSlopes" name="TestGetLiftsSlopesInfoAsync" />
    </UnitTest>
    <UnitTest name="IntegrationTests.TestActionsWithSlopes.TestGetSlopeInfoAsync(slope: Slope { SlopeID = 176, SlopeName = slopeNamee67d9710-6634-4bb0-a499-1eee87cfc89f, IsOpen = True, DifficultyLevel = 235, ConnectedLifts =  })" storage="/mnt/c/users/alena/desktop/7_sem/testing_and_debugging/skiresort/integrationtests/bin/debug/net6.0/integrationtests.dll" id="1b679ab5-8254-640c-b352-fe03067b13e6">
      <Execution id="621714b9-0b82-4031-aa65-8ab0b8988759" />
      <TestMethod codeBase="/mnt/c/Users/alena/Desktop/7_sem/testing_and_debugging/SkiResort/IntegrationTests/bin/Debug/net6.0/IntegrationTests.dll" adapterTypeName="executor://xunit/VsTestRunner2/netcoreapp" className="IntegrationTests.TestActionsWithSlopes" name="TestGetSlopeInfoAsync" />
    </UnitTest>
    <UnitTest name="IntegrationTests.TestActionsWithSlopes.TestAdminDeleteSlopeAsync(slope: Slope { SlopeID = 131, SlopeName = slopeName5ee0a202-d8fd-431b-87c0-ccd445f08e75, IsOpen = True, DifficultyLevel = 50, ConnectedLifts =  })" storage="/mnt/c/users/alena/desktop/7_sem/testing_and_debugging/skiresort/integrationtests/bin/debug/net6.0/integrationtests.dll" id="400d0d06-7180-8578-c43f-603113bc621c">
      <Execution id="db6e7431-681a-4a39-8e81-9ab7301ded62" />
      <TestMethod codeBase="/mnt/c/Users/alena/Desktop/7_sem/testing_and_debugging/SkiResort/IntegrationTests/bin/Debug/net6.0/IntegrationTests.dll" adapterTypeName="executor://xunit/VsTestRunner2/netcoreapp" className="IntegrationTests.TestActionsWithSlopes" name="TestAdminDeleteSlopeAsync" />
    </UnitTest>
    <UnitTest name="IntegrationTests.TestActionsWithUsers.TestRegisterUserWithRepeatedEmail" storage="/mnt/c/users/alena/desktop/7_sem/testing_and_debugging/skiresort/integrationtests/bin/debug/net6.0/integrationtests.dll" id="cb8eae24-e7ef-ed7e-d8e9-347d61b13b3a">
      <Execution id="381c1d7e-5669-4cc7-8b71-ebb93660a733" />
      <TestMethod codeBase="/mnt/c/Users/alena/Desktop/7_sem/testing_and_debugging/SkiResort/IntegrationTests/bin/Debug/net6.0/IntegrationTests.dll" adapterTypeName="executor://xunit/VsTestRunner2/netcoreapp" className="IntegrationTests.TestActionsWithUsers" name="TestRegisterUserWithRepeatedEmail" />
    </UnitTest>
    <UnitTest name="IntegrationTests.TestActionsWithUsers.TestLogInWithWrongPassword" storage="/mnt/c/users/alena/desktop/7_sem/testing_and_debugging/skiresort/integrationtests/bin/debug/net6.0/integrationtests.dll" id="479b875f-d623-ae0a-ff97-dc49a4f2a217">
      <Execution id="7b3e26e5-7de7-4bb1-b657-2e3c584d20ef" />
      <TestMethod codeBase="/mnt/c/Users/alena/Desktop/7_sem/testing_and_debugging/SkiResort/IntegrationTests/bin/Debug/net6.0/IntegrationTests.dll" adapterTypeName="executor://xunit/VsTestRunner2/netcoreapp" className="IntegrationTests.TestActionsWithUsers" name="TestLogInWithWrongPassword" />
    </UnitTest>
    <UnitTest name="IntegrationTests.TestActionsWithUsers.TestAdminDeleteUser" storage="/mnt/c/users/alena/desktop/7_sem/testing_and_debugging/skiresort/integrationtests/bin/debug/net6.0/integrationtests.dll" id="640a72f6-5583-6636-1a54-8396abe99588">
      <Execution id="2ce534d0-3989-42fc-aedf-e413583d2500" />
      <TestMethod codeBase="/mnt/c/Users/alena/Desktop/7_sem/testing_and_debugging/SkiResort/IntegrationTests/bin/Debug/net6.0/IntegrationTests.dll" adapterTypeName="executor://xunit/VsTestRunner2/netcoreapp" className="IntegrationTests.TestActionsWithUsers" name="TestAdminDeleteUser" />
    </UnitTest>
    <UnitTest name="IntegrationTests.TestActionsWithTurnstiles.TestAdminGetTurnstilesAsync(initialTurnstiles: [Turnstile { TurnstileID = 154, LiftID = 158, IsOpen = True }, Turnstile { TurnstileID = 71, LiftID = 205, IsOpen = False }, Turnstile { TurnstileID = 225, LiftID = 107, IsOpen = True }])" storage="/mnt/c/users/alena/desktop/7_sem/testing_and_debugging/skiresort/integrationtests/bin/debug/net6.0/integrationtests.dll" id="8a671bbd-a679-9554-80f7-33c777475820">
      <Execution id="7902b9b1-a573-4086-9f17-93436b2d0edf" />
      <TestMethod codeBase="/mnt/c/Users/alena/Desktop/7_sem/testing_and_debugging/SkiResort/IntegrationTests/bin/Debug/net6.0/IntegrationTests.dll" adapterTypeName="executor://xunit/VsTestRunner2/netcoreapp" className="IntegrationTests.TestActionsWithTurnstiles" name="TestAdminGetTurnstilesAsync" />
    </UnitTest>
    <UnitTest name="IntegrationTests.TestActionsWithSlopes.TestAdminAddAutoIncrementSlopeAsync(slope: Slope { SlopeID = 147, SlopeName = slopeNamec24597bd-6ae3-440d-9641-9fd9f0360eb0, IsOpen = True, DifficultyLevel = 104, ConnectedLifts =  })" storage="/mnt/c/users/alena/desktop/7_sem/testing_and_debugging/skiresort/integrationtests/bin/debug/net6.0/integrationtests.dll" id="7b4ece7e-d0b5-3b59-7bd0-3b7f95a27953">
      <Execution id="f1b1898d-cb3d-4056-bc68-1c6f39389a90" />
      <TestMethod codeBase="/mnt/c/Users/alena/Desktop/7_sem/testing_and_debugging/SkiResort/IntegrationTests/bin/Debug/net6.0/IntegrationTests.dll" adapterTypeName="executor://xunit/VsTestRunner2/netcoreapp" className="IntegrationTests.TestActionsWithSlopes" name="TestAdminAddAutoIncrementSlopeAsync" />
    </UnitTest>
    <UnitTest name="IntegrationTests.TestActionsWithTurnstiles.TestAdminGetTurnstileAsync(turnstile: Turnstile { TurnstileID = 149, LiftID = 140, IsOpen = True })" storage="/mnt/c/users/alena/desktop/7_sem/testing_and_debugging/skiresort/integrationtests/bin/debug/net6.0/integrationtests.dll" id="5320fcd6-86c6-af72-5c83-02309a4b7f01">
      <Execution id="a3037c78-5ebb-4b97-9bdf-2321c9e470ca" />
      <TestMethod codeBase="/mnt/c/Users/alena/Desktop/7_sem/testing_and_debugging/SkiResort/IntegrationTests/bin/Debug/net6.0/IntegrationTests.dll" adapterTypeName="executor://xunit/VsTestRunner2/netcoreapp" className="IntegrationTests.TestActionsWithTurnstiles" name="TestAdminGetTurnstileAsync" />
    </UnitTest>
    <UnitTest name="IntegrationTests.TestActionsWithUsers.TestAdminAddAutoIncrementUser" storage="/mnt/c/users/alena/desktop/7_sem/testing_and_debugging/skiresort/integrationtests/bin/debug/net6.0/integrationtests.dll" id="26a3ed7b-f58f-b931-d8c6-d1d1687098ba">
      <Execution id="3dafbdee-ade7-4057-96f0-5ce11843f1a1" />
      <TestMethod codeBase="/mnt/c/Users/alena/Desktop/7_sem/testing_and_debugging/SkiResort/IntegrationTests/bin/Debug/net6.0/IntegrationTests.dll" adapterTypeName="executor://xunit/VsTestRunner2/netcoreapp" className="IntegrationTests.TestActionsWithUsers" name="TestAdminAddAutoIncrementUser" />
    </UnitTest>
    <UnitTest name="IntegrationTests.TestActionsWithSlopes.TestGetSlopesInfoAsync(initialSlopes: [Slope { SlopeID = 142, SlopeName = slopeNameacb1abef-17fa-405e-9a33-9168fbec75d9, IsOpen = True, DifficultyLevel = 24, ConnectedLifts =  }, Slope { SlopeID = 64, SlopeName = slopeName43a4916a-56f2-479b-b991-cdb9a721bd09, IsOpen = False, DifficultyLevel = 44, ConnectedLifts =  }, Slope { SlopeID = 133, SlopeName = slopeName74a38935-e89c-4c48-ba25-cc9775101a9c, IsOp..." storage="/mnt/c/users/alena/desktop/7_sem/testing_and_debugging/skiresort/integrationtests/bin/debug/net6.0/integrationtests.dll" id="469b101f-8633-a685-8d5b-bdbf8dc340c5">
      <Execution id="0baf8b9d-6847-4599-a651-bdd13183e18a" />
      <TestMethod codeBase="/mnt/c/Users/alena/Desktop/7_sem/testing_and_debugging/SkiResort/IntegrationTests/bin/Debug/net6.0/IntegrationTests.dll" adapterTypeName="executor://xunit/VsTestRunner2/netcoreapp" className="IntegrationTests.TestActionsWithSlopes" name="TestGetSlopesInfoAsync" />
    </UnitTest>
    <UnitTest name="IntegrationTests.TestActionsWithUsers.TestAdminUpdateUser" storage="/mnt/c/users/alena/desktop/7_sem/testing_and_debugging/skiresort/integrationtests/bin/debug/net6.0/integrationtests.dll" id="61a0d3cb-1290-855e-f649-c3c1c190f4b1">
      <Execution id="e47a5478-d7b7-40d2-ba0d-10f223675da0" />
      <TestMethod codeBase="/mnt/c/Users/alena/Desktop/7_sem/testing_and_debugging/SkiResort/IntegrationTests/bin/Debug/net6.0/IntegrationTests.dll" adapterTypeName="executor://xunit/VsTestRunner2/netcoreapp" className="IntegrationTests.TestActionsWithUsers" name="TestAdminUpdateUser" />
    </UnitTest>
    <UnitTest name="IntegrationTests.TestActionsWithLiftsLifts.TestGetLiftsInfoAsync(initialLifts: [Lift { LiftID = 249, LiftName = liftName2934ccea-e294-4874-9aad-444f06a0191a, IsOpen = True, SeatsAmount = 19, LiftingTime = 44, QueueTime = 207, ConnectedSlopes =  }, Lift { LiftID = 144, LiftName = liftName728c4261-d6f4-4ad0-8e77-a95cd3e7551c, IsOpen = False, SeatsAmount = 70, LiftingTime = 216, QueueTime = 79, ConnectedSlopes =  }, Lift { LiftID = 154, LiftNa..." storage="/mnt/c/users/alena/desktop/7_sem/testing_and_debugging/skiresort/integrationtests/bin/debug/net6.0/integrationtests.dll" id="e54a4cee-e2a1-889e-b4cd-647e25b91df6">
      <Execution id="b708f144-3ffc-4eff-b38e-3fa60d4193d9" />
      <TestMethod codeBase="/mnt/c/Users/alena/Desktop/7_sem/testing_and_debugging/SkiResort/IntegrationTests/bin/Debug/net6.0/IntegrationTests.dll" adapterTypeName="executor://xunit/VsTestRunner2/netcoreapp" className="IntegrationTests.TestActionsWithLiftsLifts" name="TestGetLiftsInfoAsync" />
    </UnitTest>
    <UnitTest name="IntegrationTests.TestActionsWithUsers.TestAdminGetUserByIDAsync" storage="/mnt/c/users/alena/desktop/7_sem/testing_and_debugging/skiresort/integrationtests/bin/debug/net6.0/integrationtests.dll" id="593087f0-c7ab-1991-c3ee-af523cc03ada">
      <Execution id="ecf5b593-ed29-4b89-abb2-62cf4eb84783" />
      <TestMethod codeBase="/mnt/c/Users/alena/Desktop/7_sem/testing_and_debugging/SkiResort/IntegrationTests/bin/Debug/net6.0/IntegrationTests.dll" adapterTypeName="executor://xunit/VsTestRunner2/netcoreapp" className="IntegrationTests.TestActionsWithUsers" name="TestAdminGetUserByIDAsync" />
    </UnitTest>
    <UnitTest name="IntegrationTests.TestActionsWithLiftsLifts.TestUpdateLiftInfoAsync(lift: Lift { LiftID = 163, LiftName = liftName3443be0f-4b9a-4116-bcef-b8d4efde69b1, IsOpen = True, SeatsAmount = 42, LiftingTime = 23, QueueTime = 232, ConnectedSlopes =  })" storage="/mnt/c/users/alena/desktop/7_sem/testing_and_debugging/skiresort/integrationtests/bin/debug/net6.0/integrationtests.dll" id="db19736c-4026-3e4e-5c54-447fe634f85c">
      <Execution id="c4d5a4da-4a51-4c0f-b00d-28e0a4d19efa" />
      <TestMethod codeBase="/mnt/c/Users/alena/Desktop/7_sem/testing_and_debugging/SkiResort/IntegrationTests/bin/Debug/net6.0/IntegrationTests.dll" adapterTypeName="executor://xunit/VsTestRunner2/netcoreapp" className="IntegrationTests.TestActionsWithLiftsLifts" name="TestUpdateLiftInfoAsync" />
    </UnitTest>
    <UnitTest name="IntegrationTests.TestActionsWithUsers.TestRegisterUserWithNoEmail" storage="/mnt/c/users/alena/desktop/7_sem/testing_and_debugging/skiresort/integrationtests/bin/debug/net6.0/integrationtests.dll" id="48375cbc-003d-d0fc-ff6a-cfef4b266dfb">
      <Execution id="6b6c5d8f-67b9-41e2-a466-46c84269520d" />
      <TestMethod codeBase="/mnt/c/Users/alena/Desktop/7_sem/testing_and_debugging/SkiResort/IntegrationTests/bin/Debug/net6.0/IntegrationTests.dll" adapterTypeName="executor://xunit/VsTestRunner2/netcoreapp" className="IntegrationTests.TestActionsWithUsers" name="TestRegisterUserWithNoEmail" />
    </UnitTest>
    <UnitTest name="IntegrationTests.TestActionsWithLiftsLifts.TestGetLiftInfoAsync(lift: Lift { LiftID = 47, LiftName = liftNamed37615af-d751-4483-9ad6-8af95d0a42a3, IsOpen = True, SeatsAmount = 204, LiftingTime = 94, QueueTime = 139, ConnectedSlopes =  })" storage="/mnt/c/users/alena/desktop/7_sem/testing_and_debugging/skiresort/integrationtests/bin/debug/net6.0/integrationtests.dll" id="01749567-61c9-f962-1a1f-7e4507501d1b">
      <Execution id="44ee2860-9234-4931-b304-484c3ed77bbf" />
      <TestMethod codeBase="/mnt/c/Users/alena/Desktop/7_sem/testing_and_debugging/SkiResort/IntegrationTests/bin/Debug/net6.0/IntegrationTests.dll" adapterTypeName="executor://xunit/VsTestRunner2/netcoreapp" className="IntegrationTests.TestActionsWithLiftsLifts" name="TestGetLiftInfoAsync" />
    </UnitTest>
    <UnitTest name="IntegrationTests.TestActionsWithTurnstiles.TestAdminUpdateTurnstileAsync(turnstile: Turnstile { TurnstileID = 63, LiftID = 156, IsOpen = True })" storage="/mnt/c/users/alena/desktop/7_sem/testing_and_debugging/skiresort/integrationtests/bin/debug/net6.0/integrationtests.dll" id="3b8a1356-7d0d-4caa-f74c-66342414a3db">
      <Execution id="df027209-3681-4510-a0a7-63f6eb1e6f2d" />
      <TestMethod codeBase="/mnt/c/Users/alena/Desktop/7_sem/testing_and_debugging/SkiResort/IntegrationTests/bin/Debug/net6.0/IntegrationTests.dll" adapterTypeName="executor://xunit/VsTestRunner2/netcoreapp" className="IntegrationTests.TestActionsWithTurnstiles" name="TestAdminUpdateTurnstileAsync" />
    </UnitTest>
    <UnitTest name="IntegrationTests.TestActionsWithUsers.TestAdminGetUsers" storage="/mnt/c/users/alena/desktop/7_sem/testing_and_debugging/skiresort/integrationtests/bin/debug/net6.0/integrationtests.dll" id="682d3b16-d8d9-d658-4906-fcc748843214">
      <Execution id="1d061e12-8419-4c52-84f1-53f3bf99519d" />
      <TestMethod codeBase="/mnt/c/Users/alena/Desktop/7_sem/testing_and_debugging/SkiResort/IntegrationTests/bin/Debug/net6.0/IntegrationTests.dll" adapterTypeName="executor://xunit/VsTestRunner2/netcoreapp" className="IntegrationTests.TestActionsWithUsers" name="TestAdminGetUsers" />
    </UnitTest>
    <UnitTest name="IntegrationTests.TestActionsWithLiftsLifts.TestAdminAddAutoIncrementLiftAsync(lift: Lift { LiftID = 81, LiftName = liftNameba97fdbd-9283-418a-affa-679dacf11668, IsOpen = True, SeatsAmount = 184, LiftingTime = 158, QueueTime = 168, ConnectedSlopes =  })" storage="/mnt/c/users/alena/desktop/7_sem/testing_and_debugging/skiresort/integrationtests/bin/debug/net6.0/integrationtests.dll" id="b5708549-d566-649b-5619-51f498814164">
      <Execution id="d45abe01-477c-410c-a783-73057fa5abce" />
      <TestMethod codeBase="/mnt/c/Users/alena/Desktop/7_sem/testing_and_debugging/SkiResort/IntegrationTests/bin/Debug/net6.0/IntegrationTests.dll" adapterTypeName="executor://xunit/VsTestRunner2/netcoreapp" className="IntegrationTests.TestActionsWithLiftsLifts" name="TestAdminAddAutoIncrementLiftAsync" />
    </UnitTest>
  </TestDefinitions>
  <TestEntries>
    <TestEntry testId="7b4ece7e-d0b5-3b59-7bd0-3b7f95a27953" executionId="f1b1898d-cb3d-4056-bc68-1c6f39389a90" testListId="8c84fa94-04c1-424b-9868-57a2d4851a1d" />
    <TestEntry testId="479b875f-d623-ae0a-ff97-dc49a4f2a217" executionId="7b3e26e5-7de7-4bb1-b657-2e3c584d20ef" testListId="8c84fa94-04c1-424b-9868-57a2d4851a1d" />
    <TestEntry testId="682d3b16-d8d9-d658-4906-fcc748843214" executionId="1d061e12-8419-4c52-84f1-53f3bf99519d" testListId="8c84fa94-04c1-424b-9868-57a2d4851a1d" />
    <TestEntry testId="3b8a1356-7d0d-4caa-f74c-66342414a3db" executionId="df027209-3681-4510-a0a7-63f6eb1e6f2d" testListId="8c84fa94-04c1-424b-9868-57a2d4851a1d" />
    <TestEntry testId="d6c486ee-7b7a-0e6b-31b0-62c1d810312b" executionId="028f9ef6-e4a1-4474-b584-8544ea9de661" testListId="8c84fa94-04c1-424b-9868-57a2d4851a1d" />
    <TestEntry testId="b5708549-d566-649b-5619-51f498814164" executionId="d45abe01-477c-410c-a783-73057fa5abce" testListId="8c84fa94-04c1-424b-9868-57a2d4851a1d" />
    <TestEntry testId="400d0d06-7180-8578-c43f-603113bc621c" executionId="db6e7431-681a-4a39-8e81-9ab7301ded62" testListId="8c84fa94-04c1-424b-9868-57a2d4851a1d" />
    <TestEntry testId="c737a4ad-d02d-9440-a71a-ec6de50a6bc7" executionId="4046fbc4-05ff-42ed-91c0-5a358462da7c" testListId="8c84fa94-04c1-424b-9868-57a2d4851a1d" />
    <TestEntry testId="01749567-61c9-f962-1a1f-7e4507501d1b" executionId="44ee2860-9234-4931-b304-484c3ed77bbf" testListId="8c84fa94-04c1-424b-9868-57a2d4851a1d" />
    <TestEntry testId="8cdd2595-a2d5-2638-1157-d42e53c8b825" executionId="83884d22-2b12-4048-9c29-1877a5197d1c" testListId="8c84fa94-04c1-424b-9868-57a2d4851a1d" />
    <TestEntry testId="cd4fad74-62d1-cdf2-a044-f7fbe573466d" executionId="d92a506e-dde1-4771-83e5-f5ff67fae3ca" testListId="8c84fa94-04c1-424b-9868-57a2d4851a1d" />
    <TestEntry testId="c653d804-e70c-a2b6-78af-cff512240e01" executionId="d3af62e0-c979-4242-8408-046d032af253" testListId="8c84fa94-04c1-424b-9868-57a2d4851a1d" />
    <TestEntry testId="61a0d3cb-1290-855e-f649-c3c1c190f4b1" executionId="e47a5478-d7b7-40d2-ba0d-10f223675da0" testListId="8c84fa94-04c1-424b-9868-57a2d4851a1d" />
    <TestEntry testId="640a72f6-5583-6636-1a54-8396abe99588" executionId="2ce534d0-3989-42fc-aedf-e413583d2500" testListId="8c84fa94-04c1-424b-9868-57a2d4851a1d" />
    <TestEntry testId="198a1ae3-83ab-ea18-2e21-87927dc980e2" executionId="92089409-c6f9-4021-aed6-1f5bf127de87" testListId="8c84fa94-04c1-424b-9868-57a2d4851a1d" />
    <TestEntry testId="63be1f92-7da8-a66e-02df-a6e75143687a" executionId="ce693bd1-7d68-48ca-aaaa-8fbb6159f8ba" testListId="8c84fa94-04c1-424b-9868-57a2d4851a1d" />
    <TestEntry testId="8a671bbd-a679-9554-80f7-33c777475820" executionId="7902b9b1-a573-4086-9f17-93436b2d0edf" testListId="8c84fa94-04c1-424b-9868-57a2d4851a1d" />
    <TestEntry testId="593087f0-c7ab-1991-c3ee-af523cc03ada" executionId="ecf5b593-ed29-4b89-abb2-62cf4eb84783" testListId="8c84fa94-04c1-424b-9868-57a2d4851a1d" />
    <TestEntry testId="45fe0df1-c885-2f7e-8187-832190c2786d" executionId="ace58357-46ab-4483-aea9-db2991a42793" testListId="8c84fa94-04c1-424b-9868-57a2d4851a1d" />
    <TestEntry testId="48375cbc-003d-d0fc-ff6a-cfef4b266dfb" executionId="6b6c5d8f-67b9-41e2-a466-46c84269520d" testListId="8c84fa94-04c1-424b-9868-57a2d4851a1d" />
    <TestEntry testId="5320fcd6-86c6-af72-5c83-02309a4b7f01" executionId="a3037c78-5ebb-4b97-9bdf-2321c9e470ca" testListId="8c84fa94-04c1-424b-9868-57a2d4851a1d" />
    <TestEntry testId="1b679ab5-8254-640c-b352-fe03067b13e6" executionId="621714b9-0b82-4031-aa65-8ab0b8988759" testListId="8c84fa94-04c1-424b-9868-57a2d4851a1d" />
    <TestEntry testId="d78ba6d0-dfa8-fa6f-4cc8-23966ee34980" executionId="da62fa0d-e2db-463f-99f3-51bd223001e2" testListId="8c84fa94-04c1-424b-9868-57a2d4851a1d" />
    <TestEntry testId="e54a4cee-e2a1-889e-b4cd-647e25b91df6" executionId="b708f144-3ffc-4eff-b38e-3fa60d4193d9" testListId="8c84fa94-04c1-424b-9868-57a2d4851a1d" />
    <TestEntry testId="2f89504b-7acf-87de-3111-a63d1a973224" executionId="ad2d7961-39da-4e7a-a9b9-bb2ebbd8e7ab" testListId="8c84fa94-04c1-424b-9868-57a2d4851a1d" />
    <TestEntry testId="469b101f-8633-a685-8d5b-bdbf8dc340c5" executionId="0baf8b9d-6847-4599-a651-bdd13183e18a" testListId="8c84fa94-04c1-424b-9868-57a2d4851a1d" />
    <TestEntry testId="26a3ed7b-f58f-b931-d8c6-d1d1687098ba" executionId="3dafbdee-ade7-4057-96f0-5ce11843f1a1" testListId="8c84fa94-04c1-424b-9868-57a2d4851a1d" />
    <TestEntry testId="db19736c-4026-3e4e-5c54-447fe634f85c" executionId="c4d5a4da-4a51-4c0f-b00d-28e0a4d19efa" testListId="8c84fa94-04c1-424b-9868-57a2d4851a1d" />
    <TestEntry testId="cb8eae24-e7ef-ed7e-d8e9-347d61b13b3a" executionId="381c1d7e-5669-4cc7-8b71-ebb93660a733" testListId="8c84fa94-04c1-424b-9868-57a2d4851a1d" />
    <TestEntry testId="f578a614-1c8d-c698-35d5-52da3bc69833" executionId="67c94f78-f397-4cbb-a727-ebfbbf16a911" testListId="8c84fa94-04c1-424b-9868-57a2d4851a1d" />
  </TestEntries>
  <TestLists>
    <TestList name="Results Not in a List" id="8c84fa94-04c1-424b-9868-57a2d4851a1d" />
    <TestList name="All Loaded Results" id="19431567-8539-422a-85d7-44ee4e166bda" />
  </TestLists>
  <ResultSummary outcome="Failed">
    <Counters total="30" executed="30" passed="29" failed="1" error="0" timeout="0" aborted="0" inconclusive="0" passedButRunAborted="0" notRunnable="0" notExecuted="0" disconnected="0" warning="0" completed="0" inProgress="0" pending="0" />
    <Output>
      <StdOut>[xUnit.net 00:00:00.00] xUnit.net VSTest Adapter v2.4.3+1b45f5407b (64-bit .NET 6.0.10)
[xUnit.net 00:00:01.12]   Discovering: IntegrationTests
[xUnit.net 00:00:01.23]   Discovered:  IntegrationTests
[xUnit.net 00:00:01.24]   Starting:    IntegrationTests
[xUnit.net 00:00:12.18]       System.InvalidOperationException : Operations that change non-concurrent collections must have exclusive access. A concurrent update was performed on this collection and corrupted its state. The collection's state is no longer correct.
[xUnit.net 00:00:12.18]       Stack Trace:
[xUnit.net 00:00:12.18]            at System.Collections.Generic.Dictionary`2.FindValue(TKey key)
[xUnit.net 00:00:12.18]            at System.Collections.Generic.Dictionary`2.TryGetValue(TKey key, TValue&amp; value)
[xUnit.net 00:00:12.18]            at ProGaudi.MsgPack.Light.MsgPackContext.GetObjectActivator(Type type)
[xUnit.net 00:00:12.18]            at ProGaudi.MsgPack.Light.MsgPackContext.&lt;&gt;c__DisplayClass24_0.&lt;TryGenerateConverterFromGenericConverter&gt;b__0(Type x)
[xUnit.net 00:00:12.18]            at ProGaudi.MsgPack.Light.MsgPackContext.TryGenerateConverterFromGenericConverter(Type type)
[xUnit.net 00:00:12.18]            at ProGaudi.MsgPack.Light.MsgPackContext.GetConverter[T]()
[xUnit.net 00:00:12.18]            at ProGaudi.MsgPack.Light.MsgPackSerializer.GetConverter[T](MsgPackContext context)
[xUnit.net 00:00:12.18]            at ProGaudi.MsgPack.Light.MsgPackSerializer.Deserialize[T](MemoryStream stream, MsgPackContext context)
[xUnit.net 00:00:12.18]            at ProGaudi.Tarantool.Client.LogicalConnection.SendRequest[TRequest,TResponse](TRequest request, Nullable`1 timeout)
[xUnit.net 00:00:12.18]            at ProGaudi.Tarantool.Client.LogicalConnectionManager.SendRequest[TRequest,TResponse](TRequest request, Nullable`1 timeout)
[xUnit.net 00:00:12.18]            at ProGaudi.Tarantool.Client.Index.Select[TKey,TTuple](TKey key, SelectOptions options)
[xUnit.net 00:00:12.18]         /mnt/c/Users/alena/Desktop/7_sem/testing_and_debugging/SkiResort/AccessToDB/TarantoolRepositories/TarantoolLiftsSlopesRepository.cs(43,0): at AccessToDB.RepositoriesTarantool.TarantoolLiftsSlopesRepository.GetLiftsSlopesAsync(UInt32 offset, UInt32 limit)
[xUnit.net 00:00:12.18]         /mnt/c/Users/alena/Desktop/7_sem/testing_and_debugging/SkiResort/IntegrationTests/ArrangeHelpers/DBTablesCleaner.cs(46,0): at IntegrationTests.ArrangeHelpers.DBTablesCleaner.cleanLiftsSlopesTable()
[xUnit.net 00:00:12.18]         /mnt/c/Users/alena/Desktop/7_sem/testing_and_debugging/SkiResort/IntegrationTests/ArrangeHelpers/DBTablesCleaner.cs(32,0): at IntegrationTests.ArrangeHelpers.DBTablesCleaner.clean()
[xUnit.net 00:00:12.18]         /mnt/c/Users/alena/Desktop/7_sem/testing_and_debugging/SkiResort/IntegrationTests/TestActionsWithSlopes.cs(33,0): at IntegrationTests.TestActionsWithSlopes..ctor()
[xUnit.net 00:00:12.18]            at System.RuntimeType.CreateInstanceDefaultCtor(Boolean publicOnly, Boolean wrapExceptions)
[xUnit.net 00:00:20.02]   Finished:    IntegrationTests
</StdOut>
    </Output>
    <RunInfos>
      <RunInfo computerName="DESKTOP-TJ9D65N" outcome="Error" timestamp="2022-11-03T20:43:52.6743644+03:00">
        <Text>[xUnit.net 00:00:12.17]     IntegrationTests.TestActionsWithSlopes.TestGetSlopesInfoAsync(initialSlopes: [Slope { SlopeID = 142, SlopeName = slopeNameacb1abef-17fa-405e-9a33-9168fbec75d9, IsOpen = True, DifficultyLevel = 24, ConnectedLifts =  }, Slope { SlopeID = 64, SlopeName = slopeName43a4916a-56f2-479b-b991-cdb9a721bd09, IsOpen = False, DifficultyLevel = 44, ConnectedLifts =  }, Slope { SlopeID = 133, SlopeName = slopeName74a38935-e89c-4c48-ba25-cc9775101a9c, IsOpen = True, DifficultyLevel = 181, ConnectedLifts =  }]) [FAIL]</Text>
      </RunInfo>
    </RunInfos>
  </ResultSummary>
</TestRun>