<?xml version="1.0" encoding="utf-8"?>
<TestRun id="a51ff1e8-b8ee-4a7d-80d3-ca70724185ba" name="@DESKTOP-TJ9D65N 2022-11-03 11:24:25" xmlns="http://microsoft.com/schemas/VisualStudio/TeamTest/2010">
  <Times creation="2022-11-03T11:24:25.1172634+03:00" queuing="2022-11-03T11:24:25.1172635+03:00" start="2022-11-03T11:24:21.3308140+03:00" finish="2022-11-03T11:24:43.0749038+03:00" />
  <TestSettings name="default" id="8c846125-8a68-40a3-b4ac-6a239dc86562">
    <Deployment runDeploymentRoot="_DESKTOP-TJ9D65N_2022-11-03_11_24_25" />
  </TestSettings>
  <Results>
    <UnitTestResult executionId="84bc922b-166b-4974-9033-feab2299f532" testId="88e11f48-75ab-4e04-7ffb-fda6808b86bc" testName="IntegrationTests.TestActionsWithLiftsLifts.TestAdminAddAutoIncrementLiftAsync(lift: Lift { LiftID = 191, LiftName = liftName82aa8d6d-89a8-4785-b438-4c6004d7089a, IsOpen = True, SeatsAmount = 49, LiftingTime = 102, QueueTime = 235, ConnectedSlopes =  })" computerName="DESKTOP-TJ9D65N" duration="00:00:00.6229361" startTime="2022-11-03T11:24:42.2533545+03:00" endTime="2022-11-03T11:24:42.2533547+03:00" testType="13cdc9d9-ddb5-4fa4-a97d-d965ccfc6d4b" outcome="Passed" testListId="8c84fa94-04c1-424b-9868-57a2d4851a1d" relativeResultsDirectory="84bc922b-166b-4974-9033-feab2299f532" />
    <UnitTestResult executionId="c8340714-830b-4499-9d83-5749ea7758ae" testId="63be1f92-7da8-a66e-02df-a6e75143687a" testName="IntegrationTests.TestActionsWithLiftsSlopes.TestGetLiftsSlopesInfoAsync(liftsSlopes: [LiftSlope { RecordID = 123, LiftID = 5, SlopeID = 60 }, LiftSlope { RecordID = 96, LiftID = 112, SlopeID = 243 }, LiftSlope { RecordID = 2, LiftID = 157, SlopeID = 80 }])" computerName="DESKTOP-TJ9D65N" duration="00:00:00.7104408" startTime="2022-11-03T11:24:24.2284643+03:00" endTime="2022-11-03T11:24:24.2286778+03:00" testType="13cdc9d9-ddb5-4fa4-a97d-d965ccfc6d4b" outcome="Passed" testListId="8c84fa94-04c1-424b-9868-57a2d4851a1d" relativeResultsDirectory="c8340714-830b-4499-9d83-5749ea7758ae" />
    <UnitTestResult executionId="e4d01089-2d59-42f3-80e6-40f019882156" testId="479b875f-d623-ae0a-ff97-dc49a4f2a217" testName="IntegrationTests.TestActionsWithUsers.TestLogInWithWrongPassword" computerName="DESKTOP-TJ9D65N" duration="00:00:00.5660666" startTime="2022-11-03T11:24:32.6379096+03:00" endTime="2022-11-03T11:24:32.6379099+03:00" testType="13cdc9d9-ddb5-4fa4-a97d-d965ccfc6d4b" outcome="Passed" testListId="8c84fa94-04c1-424b-9868-57a2d4851a1d" relativeResultsDirectory="e4d01089-2d59-42f3-80e6-40f019882156" />
    <UnitTestResult executionId="342ee10d-babb-4f7d-a694-05110dafc62a" testId="ad0239d5-185e-6552-b0b6-a7d59242e6ce" testName="IntegrationTests.TestActionsWithSlopes.TestAdminAddAutoIncrementSlopeAsync(slope: Slope { SlopeID = 203, SlopeName = slopeNamefc31d8cf-8f3a-4532-b320-e13bbe750e38, IsOpen = True, DifficultyLevel = 183, ConnectedLifts =  })" computerName="DESKTOP-TJ9D65N" duration="00:00:00.6175912" startTime="2022-11-03T11:24:28.9327976+03:00" endTime="2022-11-03T11:24:28.9327978+03:00" testType="13cdc9d9-ddb5-4fa4-a97d-d965ccfc6d4b" outcome="Passed" testListId="8c84fa94-04c1-424b-9868-57a2d4851a1d" relativeResultsDirectory="342ee10d-babb-4f7d-a694-05110dafc62a" />
    <UnitTestResult executionId="37867799-535f-4736-8e76-397d7c5b4063" testId="bda72a30-ea35-666c-6d26-4c06f218717a" testName="IntegrationTests.TestActionsWithSlopes.TestGetSlopeInfoAsync(slope: Slope { SlopeID = 81, SlopeName = slopeNamec58a91da-1b18-49b5-9987-a9fd2feaee62, IsOpen = True, DifficultyLevel = 108, ConnectedLifts =  })" computerName="DESKTOP-TJ9D65N" duration="00:00:00.6189306" startTime="2022-11-03T11:24:26.3083940+03:00" endTime="2022-11-03T11:24:26.3083942+03:00" testType="13cdc9d9-ddb5-4fa4-a97d-d965ccfc6d4b" outcome="Passed" testListId="8c84fa94-04c1-424b-9868-57a2d4851a1d" relativeResultsDirectory="37867799-535f-4736-8e76-397d7c5b4063" />
    <UnitTestResult executionId="ba71fd99-c170-40e5-b666-77ffb4e82516" testId="45fe0df1-c885-2f7e-8187-832190c2786d" testName="IntegrationTests.TestActionsWithUsers.TestLogInOk" computerName="DESKTOP-TJ9D65N" duration="00:00:00.5941310" startTime="2022-11-03T11:24:31.4603520+03:00" endTime="2022-11-03T11:24:31.4603522+03:00" testType="13cdc9d9-ddb5-4fa4-a97d-d965ccfc6d4b" outcome="Passed" testListId="8c84fa94-04c1-424b-9868-57a2d4851a1d" relativeResultsDirectory="ba71fd99-c170-40e5-b666-77ffb4e82516" />
    <UnitTestResult executionId="43502b2d-cd6b-4b72-b118-9226ac5a8f6c" testId="02398bc9-536e-2e01-2645-93f67bcfdb8e" testName="IntegrationTests.TestActionsWithLiftsLifts.TestGetLiftInfoAsync(lift: Lift { LiftID = 142, LiftName = liftName5c76db3f-d365-4c37-b80f-6d693a4b8b93, IsOpen = True, SeatsAmount = 98, LiftingTime = 99, QueueTime = 211, ConnectedSlopes =  })" computerName="DESKTOP-TJ9D65N" duration="00:00:00.6155106" startTime="2022-11-03T11:24:41.5941431+03:00" endTime="2022-11-03T11:24:41.5941440+03:00" testType="13cdc9d9-ddb5-4fa4-a97d-d965ccfc6d4b" outcome="Passed" testListId="8c84fa94-04c1-424b-9868-57a2d4851a1d" relativeResultsDirectory="43502b2d-cd6b-4b72-b118-9226ac5a8f6c" />
    <UnitTestResult executionId="c104b9e8-1b7e-4fcc-8bfd-90d32cad1f32" testId="593087f0-c7ab-1991-c3ee-af523cc03ada" testName="IntegrationTests.TestActionsWithUsers.TestAdminGetUserByIDAsync" computerName="DESKTOP-TJ9D65N" duration="00:00:00.5990633" startTime="2022-11-03T11:24:36.3315006+03:00" endTime="2022-11-03T11:24:36.3315010+03:00" testType="13cdc9d9-ddb5-4fa4-a97d-d965ccfc6d4b" outcome="Passed" testListId="8c84fa94-04c1-424b-9868-57a2d4851a1d" relativeResultsDirectory="c104b9e8-1b7e-4fcc-8bfd-90d32cad1f32" />
    <UnitTestResult executionId="1a554678-6f9c-455a-8b68-af0e6604e44f" testId="2ffafc8a-a2ad-45c7-b883-09ecd1eee5c4" testName="IntegrationTests.TestActionsWithSlopes.TestAdminAddSlopeAsync(slope: Slope { SlopeID = 44, SlopeName = slopeName055707b3-139c-4b26-8a26-e83b163e9dd2, IsOpen = True, DifficultyLevel = 155, ConnectedLifts =  })" computerName="DESKTOP-TJ9D65N" duration="00:00:00.6179803" startTime="2022-11-03T11:24:28.2994148+03:00" endTime="2022-11-03T11:24:28.2994150+03:00" testType="13cdc9d9-ddb5-4fa4-a97d-d965ccfc6d4b" outcome="Passed" testListId="8c84fa94-04c1-424b-9868-57a2d4851a1d" relativeResultsDirectory="1a554678-6f9c-455a-8b68-af0e6604e44f" />
    <UnitTestResult executionId="3f364d65-31e9-4767-b526-7e3b3087a292" testId="532ab4d2-272e-9fc5-1587-1df78a13790f" testName="IntegrationTests.TestActionsWithLiftsLifts.TestUpdateLiftInfoAsync(lift: Lift { LiftID = 201, LiftName = liftName4628ebf6-87c5-4fa9-9411-4bcb6d2eacf3, IsOpen = True, SeatsAmount = 241, LiftingTime = 7, QueueTime = 43, ConnectedSlopes =  })" computerName="DESKTOP-TJ9D65N" duration="00:00:00.6448321" startTime="2022-11-03T11:24:42.9179525+03:00" endTime="2022-11-03T11:24:42.9179529+03:00" testType="13cdc9d9-ddb5-4fa4-a97d-d965ccfc6d4b" outcome="Passed" testListId="8c84fa94-04c1-424b-9868-57a2d4851a1d" relativeResultsDirectory="3f364d65-31e9-4767-b526-7e3b3087a292" />
    <UnitTestResult executionId="34bdca89-ca86-454b-a3fb-f45681cc792d" testId="d78ba6d0-dfa8-fa6f-4cc8-23966ee34980" testName="IntegrationTests.TestActionsWithUsers.TestRegisterOk" computerName="DESKTOP-TJ9D65N" duration="00:00:00.5999808" startTime="2022-11-03T11:24:33.2580931+03:00" endTime="2022-11-03T11:24:33.2580934+03:00" testType="13cdc9d9-ddb5-4fa4-a97d-d965ccfc6d4b" outcome="Passed" testListId="8c84fa94-04c1-424b-9868-57a2d4851a1d" relativeResultsDirectory="34bdca89-ca86-454b-a3fb-f45681cc792d" />
    <UnitTestResult executionId="36f245da-183e-4c33-8371-f019e567b004" testId="2319e652-6aa6-23be-f182-5fb0c6746700" testName="IntegrationTests.TestActionsWithLiftsLifts.TestAdminDeleteLiftAsync(lift: Lift { LiftID = 74, LiftName = liftName812f98df-b7cd-4637-b151-06f7157973d3, IsOpen = True, SeatsAmount = 176, LiftingTime = 206, QueueTime = 6, ConnectedSlopes =  })" computerName="DESKTOP-TJ9D65N" duration="00:00:00.6472792" startTime="2022-11-03T11:24:40.2116999+03:00" endTime="2022-11-03T11:24:40.2117004+03:00" testType="13cdc9d9-ddb5-4fa4-a97d-d965ccfc6d4b" outcome="Passed" testListId="8c84fa94-04c1-424b-9868-57a2d4851a1d" relativeResultsDirectory="36f245da-183e-4c33-8371-f019e567b004" />
    <UnitTestResult executionId="bd6209ef-1d20-42a5-98cc-7dc327ee04e0" testId="61a0d3cb-1290-855e-f649-c3c1c190f4b1" testName="IntegrationTests.TestActionsWithUsers.TestAdminUpdateUser" computerName="DESKTOP-TJ9D65N" duration="00:00:00.6110328" startTime="2022-11-03T11:24:30.2126766+03:00" endTime="2022-11-03T11:24:30.2126768+03:00" testType="13cdc9d9-ddb5-4fa4-a97d-d965ccfc6d4b" outcome="Passed" testListId="8c84fa94-04c1-424b-9868-57a2d4851a1d" relativeResultsDirectory="bd6209ef-1d20-42a5-98cc-7dc327ee04e0" />
    <UnitTestResult executionId="3088fee4-026c-4732-a34b-f0b759dd6adc" testId="8a671bbd-a679-9554-80f7-33c777475820" testName="IntegrationTests.TestActionsWithTurnstiles.TestAdminGetTurnstilesAsync(initialTurnstiles: [Turnstile { TurnstileID = 104, LiftID = 66, IsOpen = True }, Turnstile { TurnstileID = 37, LiftID = 248, IsOpen = False }, Turnstile { TurnstileID = 136, LiftID = 55, IsOpen = True }])" computerName="DESKTOP-TJ9D65N" duration="00:00:00.6376659" startTime="2022-11-03T11:24:37.6431831+03:00" endTime="2022-11-03T11:24:37.6431833+03:00" testType="13cdc9d9-ddb5-4fa4-a97d-d965ccfc6d4b" outcome="Passed" testListId="8c84fa94-04c1-424b-9868-57a2d4851a1d" relativeResultsDirectory="3088fee4-026c-4732-a34b-f0b759dd6adc" />
    <UnitTestResult executionId="9c20c588-f2be-4db4-8914-29d4979196e2" testId="5eaf3703-c3a0-dcdf-b929-272bc3b03038" testName="IntegrationTests.TestActionsWithTurnstiles.TestAdminUpdateTurnstileAsync(turnstile: Turnstile { TurnstileID = 194, LiftID = 119, IsOpen = True })" computerName="DESKTOP-TJ9D65N" duration="00:00:00.6301413" startTime="2022-11-03T11:24:36.9900827+03:00" endTime="2022-11-03T11:24:36.9900829+03:00" testType="13cdc9d9-ddb5-4fa4-a97d-d965ccfc6d4b" outcome="Passed" testListId="8c84fa94-04c1-424b-9868-57a2d4851a1d" relativeResultsDirectory="9c20c588-f2be-4db4-8914-29d4979196e2" />
    <UnitTestResult executionId="48bbb441-7532-463d-9639-73eb4d5d8c13" testId="682d3b16-d8d9-d658-4906-fcc748843214" testName="IntegrationTests.TestActionsWithUsers.TestAdminGetUsers" computerName="DESKTOP-TJ9D65N" duration="00:00:00.5951436" startTime="2022-11-03T11:24:34.5281355+03:00" endTime="2022-11-03T11:24:34.5281360+03:00" testType="13cdc9d9-ddb5-4fa4-a97d-d965ccfc6d4b" outcome="Passed" testListId="8c84fa94-04c1-424b-9868-57a2d4851a1d" relativeResultsDirectory="48bbb441-7532-463d-9639-73eb4d5d8c13" />
    <UnitTestResult executionId="3f11c72c-afdb-43ff-8e65-dc52f41e25bf" testId="cb8eae24-e7ef-ed7e-d8e9-347d61b13b3a" testName="IntegrationTests.TestActionsWithUsers.TestRegisterUserWithRepeatedEmail" computerName="DESKTOP-TJ9D65N" duration="00:00:00.5703141" startTime="2022-11-03T11:24:32.0576177+03:00" endTime="2022-11-03T11:24:32.0576180+03:00" testType="13cdc9d9-ddb5-4fa4-a97d-d965ccfc6d4b" outcome="Passed" testListId="8c84fa94-04c1-424b-9868-57a2d4851a1d" relativeResultsDirectory="3f11c72c-afdb-43ff-8e65-dc52f41e25bf" />
    <UnitTestResult executionId="9307a9c5-3b05-4a72-9a8c-6679e9c9954c" testId="cbd7ce1b-7b56-b32d-b05f-0adce253cb99" testName="IntegrationTests.TestActionsWithTurnstiles.TestAdminGetTurnstileAsync(turnstile: Turnstile { TurnstileID = 150, LiftID = 164, IsOpen = True })" computerName="DESKTOP-TJ9D65N" duration="00:00:00.6026830" startTime="2022-11-03T11:24:38.2653685+03:00" endTime="2022-11-03T11:24:38.2653688+03:00" testType="13cdc9d9-ddb5-4fa4-a97d-d965ccfc6d4b" outcome="Passed" testListId="8c84fa94-04c1-424b-9868-57a2d4851a1d" relativeResultsDirectory="9307a9c5-3b05-4a72-9a8c-6679e9c9954c" />
    <UnitTestResult executionId="b3ca8d7d-5741-478c-9022-f710c8cd0981" testId="62a5e900-d780-8938-057f-5aac3ece53cc" testName="IntegrationTests.TestActionsWithTurnstiles.TestAdminAddAutoIncrementTurnstileAsync(turnstile: Turnstile { TurnstileID = 236, LiftID = 132, IsOpen = True })" computerName="DESKTOP-TJ9D65N" duration="00:00:00.6109238" startTime="2022-11-03T11:24:39.5382815+03:00" endTime="2022-11-03T11:24:39.5382819+03:00" testType="13cdc9d9-ddb5-4fa4-a97d-d965ccfc6d4b" outcome="Passed" testListId="8c84fa94-04c1-424b-9868-57a2d4851a1d" relativeResultsDirectory="b3ca8d7d-5741-478c-9022-f710c8cd0981" />
    <UnitTestResult executionId="ed355536-244a-4bbb-a975-c0858f813321" testId="469b101f-8633-a685-8d5b-bdbf8dc340c5" testName="IntegrationTests.TestActionsWithSlopes.TestGetSlopesInfoAsync(initialSlopes: [Slope { SlopeID = 17, SlopeName = slopeNamef521ac34-2821-4f9f-af58-acf871d7f274, IsOpen = True, DifficultyLevel = 190, ConnectedLifts =  }, Slope { SlopeID = 72, SlopeName = slopeNamebd5dc51f-27ac-4970-b6c5-ab35bf307851, IsOpen = False, DifficultyLevel = 102, ConnectedLifts =  }, Slope { SlopeID = 39, SlopeName = slopeName6132969e-b819-433f-b25f-221bccea7ca8, IsOpen = True, DifficultyLevel = 56, ConnectedLifts =  }])" computerName="DESKTOP-TJ9D65N" duration="00:00:00.6772572" startTime="2022-11-03T11:24:27.0079454+03:00" endTime="2022-11-03T11:24:27.0079456+03:00" testType="13cdc9d9-ddb5-4fa4-a97d-d965ccfc6d4b" outcome="Passed" testListId="8c84fa94-04c1-424b-9868-57a2d4851a1d" relativeResultsDirectory="ed355536-244a-4bbb-a975-c0858f813321" />
    <UnitTestResult executionId="3875f008-f06a-46d9-83b8-4455143ce7c8" testId="201f83f3-3b3d-e550-a301-da3776f7634c" testName="IntegrationTests.TestActionsWithSlopes.TestUpdateSlopeInfoAsync(slope: Slope { SlopeID = 12, SlopeName = slopeName40a10560-1134-4723-8fc0-0b9acdeba666, IsOpen = True, DifficultyLevel = 109, ConnectedLifts =  })" computerName="DESKTOP-TJ9D65N" duration="00:00:00.6384221" startTime="2022-11-03T11:24:27.6617978+03:00" endTime="2022-11-03T11:24:27.6617980+03:00" testType="13cdc9d9-ddb5-4fa4-a97d-d965ccfc6d4b" outcome="Passed" testListId="8c84fa94-04c1-424b-9868-57a2d4851a1d" relativeResultsDirectory="3875f008-f06a-46d9-83b8-4455143ce7c8" />
    <UnitTestResult executionId="97e90c84-aed5-444f-a0c4-457db452b79c" testId="198a1ae3-83ab-ea18-2e21-87927dc980e2" testName="IntegrationTests.TestActionsWithUsers.TestRegisterUserWithNoPassword" computerName="DESKTOP-TJ9D65N" duration="00:00:00.5502897" startTime="2022-11-03T11:24:35.6837305+03:00" endTime="2022-11-03T11:24:35.6837311+03:00" testType="13cdc9d9-ddb5-4fa4-a97d-d965ccfc6d4b" outcome="Passed" testListId="8c84fa94-04c1-424b-9868-57a2d4851a1d" relativeResultsDirectory="97e90c84-aed5-444f-a0c4-457db452b79c" />
    <UnitTestResult executionId="954398e0-618e-497a-95c8-9ea604c702d4" testId="48375cbc-003d-d0fc-ff6a-cfef4b266dfb" testName="IntegrationTests.TestActionsWithUsers.TestRegisterUserWithNoEmail" computerName="DESKTOP-TJ9D65N" duration="00:00:00.5525705" startTime="2022-11-03T11:24:35.1150056+03:00" endTime="2022-11-03T11:24:35.1150057+03:00" testType="13cdc9d9-ddb5-4fa4-a97d-d965ccfc6d4b" outcome="Passed" testListId="8c84fa94-04c1-424b-9868-57a2d4851a1d" relativeResultsDirectory="954398e0-618e-497a-95c8-9ea604c702d4" />
    <UnitTestResult executionId="06648185-6c59-4df1-8d25-99ec877d306e" testId="28fc1bdb-4beb-6f97-0c2e-3903f3722a45" testName="IntegrationTests.TestActionsWithLiftsSlopes.TestAdminDeleteLiftSlopeAsync(lift: Lift { LiftID = 154, LiftName = liftName5018cf78-2c42-43eb-b0f0-5d6b217e2312, IsOpen = True, SeatsAmount = 98, LiftingTime = 230, QueueTime = 163, ConnectedSlopes =  }, slope: Slope { SlopeID = 49, SlopeName = slopeName6e6834c5-198a-4125-932f-128abba4fc7c, IsOpen = False, DifficultyLevel = 248, ConnectedLifts =  })" computerName="DESKTOP-TJ9D65N" duration="00:00:00.6952829" startTime="2022-11-03T11:24:25.6658489+03:00" endTime="2022-11-03T11:24:25.6658491+03:00" testType="13cdc9d9-ddb5-4fa4-a97d-d965ccfc6d4b" outcome="Passed" testListId="8c84fa94-04c1-424b-9868-57a2d4851a1d" relativeResultsDirectory="06648185-6c59-4df1-8d25-99ec877d306e" />
    <UnitTestResult executionId="9962c8ac-a1bb-4526-8d2c-64f793bb4378" testId="d2a6faf2-903b-8a13-4747-f77d937dc0f2" testName="IntegrationTests.TestActionsWithTurnstiles.TestAdminDeleteTurnstileAsync(turnstile: Turnstile { TurnstileID = 82, LiftID = 122, IsOpen = True })" computerName="DESKTOP-TJ9D65N" duration="00:00:00.6089399" startTime="2022-11-03T11:24:38.8974001+03:00" endTime="2022-11-03T11:24:38.8974006+03:00" testType="13cdc9d9-ddb5-4fa4-a97d-d965ccfc6d4b" outcome="Passed" testListId="8c84fa94-04c1-424b-9868-57a2d4851a1d" relativeResultsDirectory="9962c8ac-a1bb-4526-8d2c-64f793bb4378" />
    <UnitTestResult executionId="96f9725a-0aa4-419e-8c1a-2a0e7a8ef195" testId="640a72f6-5583-6636-1a54-8396abe99588" testName="IntegrationTests.TestActionsWithUsers.TestAdminDeleteUser" computerName="DESKTOP-TJ9D65N" duration="00:00:00.6217054" startTime="2022-11-03T11:24:33.8945690+03:00" endTime="2022-11-03T11:24:33.8945695+03:00" testType="13cdc9d9-ddb5-4fa4-a97d-d965ccfc6d4b" outcome="Passed" testListId="8c84fa94-04c1-424b-9868-57a2d4851a1d" relativeResultsDirectory="96f9725a-0aa4-419e-8c1a-2a0e7a8ef195" />
    <UnitTestResult executionId="d60be93f-4f0e-44b4-ab39-36a4ebad088c" testId="26a3ed7b-f58f-b931-d8c6-d1d1687098ba" testName="IntegrationTests.TestActionsWithUsers.TestAdminAddAutoIncrementUser" computerName="DESKTOP-TJ9D65N" duration="00:00:00.6107829" startTime="2022-11-03T11:24:30.8387361+03:00" endTime="2022-11-03T11:24:30.8387365+03:00" testType="13cdc9d9-ddb5-4fa4-a97d-d965ccfc6d4b" outcome="Passed" testListId="8c84fa94-04c1-424b-9868-57a2d4851a1d" relativeResultsDirectory="d60be93f-4f0e-44b4-ab39-36a4ebad088c" />
    <UnitTestResult executionId="eaa1c444-69e2-4770-8454-1a09ed044444" testId="e54a4cee-e2a1-889e-b4cd-647e25b91df6" testName="IntegrationTests.TestActionsWithLiftsLifts.TestGetLiftsInfoAsync(initialLifts: [Lift { LiftID = 151, LiftName = liftNamefc7c3487-ab1c-49a0-85a5-94357d2ae322, IsOpen = True, SeatsAmount = 26, LiftingTime = 139, QueueTime = 90, ConnectedSlopes =  }, Lift { LiftID = 250, LiftName = liftName558d5080-1316-4130-8a69-1465e6cb2654, IsOpen = False, SeatsAmount = 40, LiftingTime = 173, QueueTime = 238, ConnectedSlopes =  }, Lift { LiftID = 185, LiftName = liftName874ac30d-c611-4432-812b-4f830d98bc46, IsOpen = True, SeatsAmount = 174, LiftingTime = 154, QueueTime = 80, ConnectedSlopes =  }])" computerName="DESKTOP-TJ9D65N" duration="00:00:00.6946476" startTime="2022-11-03T11:24:40.9422681+03:00" endTime="2022-11-03T11:24:40.9422685+03:00" testType="13cdc9d9-ddb5-4fa4-a97d-d965ccfc6d4b" outcome="Passed" testListId="8c84fa94-04c1-424b-9868-57a2d4851a1d" relativeResultsDirectory="eaa1c444-69e2-4770-8454-1a09ed044444" />
    <UnitTestResult executionId="9094fec3-4087-469f-be81-ae927c81138c" testId="74f92ee2-348f-799b-08f1-d3f349feeaa1" testName="IntegrationTests.TestActionsWithSlopes.TestAdminDeleteSlopeAsync(slope: Slope { SlopeID = 140, SlopeName = slopeNamef173e9ed-8dcf-4490-a77b-996518572fab, IsOpen = True, DifficultyLevel = 146, ConnectedLifts =  })" computerName="DESKTOP-TJ9D65N" duration="00:00:00.6307255" startTime="2022-11-03T11:24:29.5824888+03:00" endTime="2022-11-03T11:24:29.5824890+03:00" testType="13cdc9d9-ddb5-4fa4-a97d-d965ccfc6d4b" outcome="Passed" testListId="8c84fa94-04c1-424b-9868-57a2d4851a1d" relativeResultsDirectory="9094fec3-4087-469f-be81-ae927c81138c" />
    <UnitTestResult executionId="2dd2d8d4-cd98-4505-a922-a87df5e9f217" testId="8a2a65e8-1e19-6ade-2f8a-a89c605b84ef" testName="IntegrationTests.TestActionsWithLiftsSlopes.TestAdminAddAutoIncrementLiftSlopeAsync(lift: Lift { LiftID = 211, LiftName = liftNameea593fc3-51ad-4d4b-a405-d264e5723cd7, IsOpen = True, SeatsAmount = 6, LiftingTime = 179, QueueTime = 197, ConnectedSlopes =  }, slope: Slope { SlopeID = 97, SlopeName = slopeNamebe382899-798f-453e-b1e0-8bc45c46dc63, IsOpen = False, DifficultyLevel = 142, ConnectedLifts =  })" computerName="DESKTOP-TJ9D65N" duration="00:00:00.6749337" startTime="2022-11-03T11:24:24.9450617+03:00" endTime="2022-11-03T11:24:24.9450619+03:00" testType="13cdc9d9-ddb5-4fa4-a97d-d965ccfc6d4b" outcome="Passed" testListId="8c84fa94-04c1-424b-9868-57a2d4851a1d" relativeResultsDirectory="2dd2d8d4-cd98-4505-a922-a87df5e9f217" />
  </Results>
  <TestDefinitions>
    <UnitTest name="IntegrationTests.TestActionsWithSlopes.TestAdminAddAutoIncrementSlopeAsync(slope: Slope { SlopeID = 203, SlopeName = slopeNamefc31d8cf-8f3a-4532-b320-e13bbe750e38, IsOpen = True, DifficultyLevel = 183, ConnectedLifts =  })" storage="/mnt/c/users/alena/desktop/7_sem/testing_and_debugging/skiresort/integrationtests/bin/debug/net6.0/integrationtests.dll" id="ad0239d5-185e-6552-b0b6-a7d59242e6ce">
      <Execution id="342ee10d-babb-4f7d-a694-05110dafc62a" />
      <TestMethod codeBase="/mnt/c/Users/alena/Desktop/7_sem/testing_and_debugging/SkiResort/IntegrationTests/bin/Debug/net6.0/IntegrationTests.dll" adapterTypeName="executor://xunit/VsTestRunner2/netcoreapp" className="IntegrationTests.TestActionsWithSlopes" name="TestAdminAddAutoIncrementSlopeAsync" />
    </UnitTest>
    <UnitTest name="IntegrationTests.TestActionsWithSlopes.TestAdminAddSlopeAsync(slope: Slope { SlopeID = 44, SlopeName = slopeName055707b3-139c-4b26-8a26-e83b163e9dd2, IsOpen = True, DifficultyLevel = 155, ConnectedLifts =  })" storage="/mnt/c/users/alena/desktop/7_sem/testing_and_debugging/skiresort/integrationtests/bin/debug/net6.0/integrationtests.dll" id="2ffafc8a-a2ad-45c7-b883-09ecd1eee5c4">
      <Execution id="1a554678-6f9c-455a-8b68-af0e6604e44f" />
      <TestMethod codeBase="/mnt/c/Users/alena/Desktop/7_sem/testing_and_debugging/SkiResort/IntegrationTests/bin/Debug/net6.0/IntegrationTests.dll" adapterTypeName="executor://xunit/VsTestRunner2/netcoreapp" className="IntegrationTests.TestActionsWithSlopes" name="TestAdminAddSlopeAsync" />
    </UnitTest>
    <UnitTest name="IntegrationTests.TestActionsWithLiftsSlopes.TestAdminDeleteLiftSlopeAsync(lift: Lift { LiftID = 154, LiftName = liftName5018cf78-2c42-43eb-b0f0-5d6b217e2312, IsOpen = True, SeatsAmount = 98, LiftingTime = 230, QueueTime = 163, ConnectedSlopes =  }, slope: Slope { SlopeID = 49, SlopeName = slopeName6e6834c5-198a-4125-932f-128abba4fc7c, IsOpen = False, DifficultyLevel = 248, ConnectedLifts =  })" storage="/mnt/c/users/alena/desktop/7_sem/testing_and_debugging/skiresort/integrationtests/bin/debug/net6.0/integrationtests.dll" id="28fc1bdb-4beb-6f97-0c2e-3903f3722a45">
      <Execution id="06648185-6c59-4df1-8d25-99ec877d306e" />
      <TestMethod codeBase="/mnt/c/Users/alena/Desktop/7_sem/testing_and_debugging/SkiResort/IntegrationTests/bin/Debug/net6.0/IntegrationTests.dll" adapterTypeName="executor://xunit/VsTestRunner2/netcoreapp" className="IntegrationTests.TestActionsWithLiftsSlopes" name="TestAdminDeleteLiftSlopeAsync" />
    </UnitTest>
    <UnitTest name="IntegrationTests.TestActionsWithUsers.TestRegisterOk" storage="/mnt/c/users/alena/desktop/7_sem/testing_and_debugging/skiresort/integrationtests/bin/debug/net6.0/integrationtests.dll" id="d78ba6d0-dfa8-fa6f-4cc8-23966ee34980">
      <Execution id="34bdca89-ca86-454b-a3fb-f45681cc792d" />
      <TestMethod codeBase="/mnt/c/Users/alena/Desktop/7_sem/testing_and_debugging/SkiResort/IntegrationTests/bin/Debug/net6.0/IntegrationTests.dll" adapterTypeName="executor://xunit/VsTestRunner2/netcoreapp" className="IntegrationTests.TestActionsWithUsers" name="TestRegisterOk" />
    </UnitTest>
    <UnitTest name="IntegrationTests.TestActionsWithUsers.TestLogInWithWrongPassword" storage="/mnt/c/users/alena/desktop/7_sem/testing_and_debugging/skiresort/integrationtests/bin/debug/net6.0/integrationtests.dll" id="479b875f-d623-ae0a-ff97-dc49a4f2a217">
      <Execution id="e4d01089-2d59-42f3-80e6-40f019882156" />
      <TestMethod codeBase="/mnt/c/Users/alena/Desktop/7_sem/testing_and_debugging/SkiResort/IntegrationTests/bin/Debug/net6.0/IntegrationTests.dll" adapterTypeName="executor://xunit/VsTestRunner2/netcoreapp" className="IntegrationTests.TestActionsWithUsers" name="TestLogInWithWrongPassword" />
    </UnitTest>
    <UnitTest name="IntegrationTests.TestActionsWithSlopes.TestGetSlopesInfoAsync(initialSlopes: [Slope { SlopeID = 17, SlopeName = slopeNamef521ac34-2821-4f9f-af58-acf871d7f274, IsOpen = True, DifficultyLevel = 190, ConnectedLifts =  }, Slope { SlopeID = 72, SlopeName = slopeNamebd5dc51f-27ac-4970-b6c5-ab35bf307851, IsOpen = False, DifficultyLevel = 102, ConnectedLifts =  }, Slope { SlopeID = 39, SlopeName = slopeName6132969e-b819-433f-b25f-221bccea7ca8, IsOp..." storage="/mnt/c/users/alena/desktop/7_sem/testing_and_debugging/skiresort/integrationtests/bin/debug/net6.0/integrationtests.dll" id="469b101f-8633-a685-8d5b-bdbf8dc340c5">
      <Execution id="ed355536-244a-4bbb-a975-c0858f813321" />
      <TestMethod codeBase="/mnt/c/Users/alena/Desktop/7_sem/testing_and_debugging/SkiResort/IntegrationTests/bin/Debug/net6.0/IntegrationTests.dll" adapterTypeName="executor://xunit/VsTestRunner2/netcoreapp" className="IntegrationTests.TestActionsWithSlopes" name="TestGetSlopesInfoAsync" />
    </UnitTest>
    <UnitTest name="IntegrationTests.TestActionsWithUsers.TestAdminUpdateUser" storage="/mnt/c/users/alena/desktop/7_sem/testing_and_debugging/skiresort/integrationtests/bin/debug/net6.0/integrationtests.dll" id="61a0d3cb-1290-855e-f649-c3c1c190f4b1">
      <Execution id="bd6209ef-1d20-42a5-98cc-7dc327ee04e0" />
      <TestMethod codeBase="/mnt/c/Users/alena/Desktop/7_sem/testing_and_debugging/SkiResort/IntegrationTests/bin/Debug/net6.0/IntegrationTests.dll" adapterTypeName="executor://xunit/VsTestRunner2/netcoreapp" className="IntegrationTests.TestActionsWithUsers" name="TestAdminUpdateUser" />
    </UnitTest>
    <UnitTest name="IntegrationTests.TestActionsWithUsers.TestAdminGetUserByIDAsync" storage="/mnt/c/users/alena/desktop/7_sem/testing_and_debugging/skiresort/integrationtests/bin/debug/net6.0/integrationtests.dll" id="593087f0-c7ab-1991-c3ee-af523cc03ada">
      <Execution id="c104b9e8-1b7e-4fcc-8bfd-90d32cad1f32" />
      <TestMethod codeBase="/mnt/c/Users/alena/Desktop/7_sem/testing_and_debugging/SkiResort/IntegrationTests/bin/Debug/net6.0/IntegrationTests.dll" adapterTypeName="executor://xunit/VsTestRunner2/netcoreapp" className="IntegrationTests.TestActionsWithUsers" name="TestAdminGetUserByIDAsync" />
    </UnitTest>
    <UnitTest name="IntegrationTests.TestActionsWithLiftsLifts.TestAdminAddAutoIncrementLiftAsync(lift: Lift { LiftID = 191, LiftName = liftName82aa8d6d-89a8-4785-b438-4c6004d7089a, IsOpen = True, SeatsAmount = 49, LiftingTime = 102, QueueTime = 235, ConnectedSlopes =  })" storage="/mnt/c/users/alena/desktop/7_sem/testing_and_debugging/skiresort/integrationtests/bin/debug/net6.0/integrationtests.dll" id="88e11f48-75ab-4e04-7ffb-fda6808b86bc">
      <Execution id="84bc922b-166b-4974-9033-feab2299f532" />
      <TestMethod codeBase="/mnt/c/Users/alena/Desktop/7_sem/testing_and_debugging/SkiResort/IntegrationTests/bin/Debug/net6.0/IntegrationTests.dll" adapterTypeName="executor://xunit/VsTestRunner2/netcoreapp" className="IntegrationTests.TestActionsWithLiftsLifts" name="TestAdminAddAutoIncrementLiftAsync" />
    </UnitTest>
    <UnitTest name="IntegrationTests.TestActionsWithLiftsLifts.TestGetLiftInfoAsync(lift: Lift { LiftID = 142, LiftName = liftName5c76db3f-d365-4c37-b80f-6d693a4b8b93, IsOpen = True, SeatsAmount = 98, LiftingTime = 99, QueueTime = 211, ConnectedSlopes =  })" storage="/mnt/c/users/alena/desktop/7_sem/testing_and_debugging/skiresort/integrationtests/bin/debug/net6.0/integrationtests.dll" id="02398bc9-536e-2e01-2645-93f67bcfdb8e">
      <Execution id="43502b2d-cd6b-4b72-b118-9226ac5a8f6c" />
      <TestMethod codeBase="/mnt/c/Users/alena/Desktop/7_sem/testing_and_debugging/SkiResort/IntegrationTests/bin/Debug/net6.0/IntegrationTests.dll" adapterTypeName="executor://xunit/VsTestRunner2/netcoreapp" className="IntegrationTests.TestActionsWithLiftsLifts" name="TestGetLiftInfoAsync" />
    </UnitTest>
    <UnitTest name="IntegrationTests.TestActionsWithTurnstiles.TestAdminAddAutoIncrementTurnstileAsync(turnstile: Turnstile { TurnstileID = 236, LiftID = 132, IsOpen = True })" storage="/mnt/c/users/alena/desktop/7_sem/testing_and_debugging/skiresort/integrationtests/bin/debug/net6.0/integrationtests.dll" id="62a5e900-d780-8938-057f-5aac3ece53cc">
      <Execution id="b3ca8d7d-5741-478c-9022-f710c8cd0981" />
      <TestMethod codeBase="/mnt/c/Users/alena/Desktop/7_sem/testing_and_debugging/SkiResort/IntegrationTests/bin/Debug/net6.0/IntegrationTests.dll" adapterTypeName="executor://xunit/VsTestRunner2/netcoreapp" className="IntegrationTests.TestActionsWithTurnstiles" name="TestAdminAddAutoIncrementTurnstileAsync" />
    </UnitTest>
    <UnitTest name="IntegrationTests.TestActionsWithSlopes.TestAdminDeleteSlopeAsync(slope: Slope { SlopeID = 140, SlopeName = slopeNamef173e9ed-8dcf-4490-a77b-996518572fab, IsOpen = True, DifficultyLevel = 146, ConnectedLifts =  })" storage="/mnt/c/users/alena/desktop/7_sem/testing_and_debugging/skiresort/integrationtests/bin/debug/net6.0/integrationtests.dll" id="74f92ee2-348f-799b-08f1-d3f349feeaa1">
      <Execution id="9094fec3-4087-469f-be81-ae927c81138c" />
      <TestMethod codeBase="/mnt/c/Users/alena/Desktop/7_sem/testing_and_debugging/SkiResort/IntegrationTests/bin/Debug/net6.0/IntegrationTests.dll" adapterTypeName="executor://xunit/VsTestRunner2/netcoreapp" className="IntegrationTests.TestActionsWithSlopes" name="TestAdminDeleteSlopeAsync" />
    </UnitTest>
    <UnitTest name="IntegrationTests.TestActionsWithLiftsSlopes.TestAdminAddAutoIncrementLiftSlopeAsync(lift: Lift { LiftID = 211, LiftName = liftNameea593fc3-51ad-4d4b-a405-d264e5723cd7, IsOpen = True, SeatsAmount = 6, LiftingTime = 179, QueueTime = 197, ConnectedSlopes =  }, slope: Slope { SlopeID = 97, SlopeName = slopeNamebe382899-798f-453e-b1e0-8bc45c46dc63, IsOpen = False, DifficultyLevel = 142, ConnectedLifts =  })" storage="/mnt/c/users/alena/desktop/7_sem/testing_and_debugging/skiresort/integrationtests/bin/debug/net6.0/integrationtests.dll" id="8a2a65e8-1e19-6ade-2f8a-a89c605b84ef">
      <Execution id="2dd2d8d4-cd98-4505-a922-a87df5e9f217" />
      <TestMethod codeBase="/mnt/c/Users/alena/Desktop/7_sem/testing_and_debugging/SkiResort/IntegrationTests/bin/Debug/net6.0/IntegrationTests.dll" adapterTypeName="executor://xunit/VsTestRunner2/netcoreapp" className="IntegrationTests.TestActionsWithLiftsSlopes" name="TestAdminAddAutoIncrementLiftSlopeAsync" />
    </UnitTest>
    <UnitTest name="IntegrationTests.TestActionsWithTurnstiles.TestAdminGetTurnstilesAsync(initialTurnstiles: [Turnstile { TurnstileID = 104, LiftID = 66, IsOpen = True }, Turnstile { TurnstileID = 37, LiftID = 248, IsOpen = False }, Turnstile { TurnstileID = 136, LiftID = 55, IsOpen = True }])" storage="/mnt/c/users/alena/desktop/7_sem/testing_and_debugging/skiresort/integrationtests/bin/debug/net6.0/integrationtests.dll" id="8a671bbd-a679-9554-80f7-33c777475820">
      <Execution id="3088fee4-026c-4732-a34b-f0b759dd6adc" />
      <TestMethod codeBase="/mnt/c/Users/alena/Desktop/7_sem/testing_and_debugging/SkiResort/IntegrationTests/bin/Debug/net6.0/IntegrationTests.dll" adapterTypeName="executor://xunit/VsTestRunner2/netcoreapp" className="IntegrationTests.TestActionsWithTurnstiles" name="TestAdminGetTurnstilesAsync" />
    </UnitTest>
    <UnitTest name="IntegrationTests.TestActionsWithTurnstiles.TestAdminUpdateTurnstileAsync(turnstile: Turnstile { TurnstileID = 194, LiftID = 119, IsOpen = True })" storage="/mnt/c/users/alena/desktop/7_sem/testing_and_debugging/skiresort/integrationtests/bin/debug/net6.0/integrationtests.dll" id="5eaf3703-c3a0-dcdf-b929-272bc3b03038">
      <Execution id="9c20c588-f2be-4db4-8914-29d4979196e2" />
      <TestMethod codeBase="/mnt/c/Users/alena/Desktop/7_sem/testing_and_debugging/SkiResort/IntegrationTests/bin/Debug/net6.0/IntegrationTests.dll" adapterTypeName="executor://xunit/VsTestRunner2/netcoreapp" className="IntegrationTests.TestActionsWithTurnstiles" name="TestAdminUpdateTurnstileAsync" />
    </UnitTest>
    <UnitTest name="IntegrationTests.TestActionsWithUsers.TestAdminGetUsers" storage="/mnt/c/users/alena/desktop/7_sem/testing_and_debugging/skiresort/integrationtests/bin/debug/net6.0/integrationtests.dll" id="682d3b16-d8d9-d658-4906-fcc748843214">
      <Execution id="48bbb441-7532-463d-9639-73eb4d5d8c13" />
      <TestMethod codeBase="/mnt/c/Users/alena/Desktop/7_sem/testing_and_debugging/SkiResort/IntegrationTests/bin/Debug/net6.0/IntegrationTests.dll" adapterTypeName="executor://xunit/VsTestRunner2/netcoreapp" className="IntegrationTests.TestActionsWithUsers" name="TestAdminGetUsers" />
    </UnitTest>
    <UnitTest name="IntegrationTests.TestActionsWithSlopes.TestGetSlopeInfoAsync(slope: Slope { SlopeID = 81, SlopeName = slopeNamec58a91da-1b18-49b5-9987-a9fd2feaee62, IsOpen = True, DifficultyLevel = 108, ConnectedLifts =  })" storage="/mnt/c/users/alena/desktop/7_sem/testing_and_debugging/skiresort/integrationtests/bin/debug/net6.0/integrationtests.dll" id="bda72a30-ea35-666c-6d26-4c06f218717a">
      <Execution id="37867799-535f-4736-8e76-397d7c5b4063" />
      <TestMethod codeBase="/mnt/c/Users/alena/Desktop/7_sem/testing_and_debugging/SkiResort/IntegrationTests/bin/Debug/net6.0/IntegrationTests.dll" adapterTypeName="executor://xunit/VsTestRunner2/netcoreapp" className="IntegrationTests.TestActionsWithSlopes" name="TestGetSlopeInfoAsync" />
    </UnitTest>
    <UnitTest name="IntegrationTests.TestActionsWithTurnstiles.TestAdminDeleteTurnstileAsync(turnstile: Turnstile { TurnstileID = 82, LiftID = 122, IsOpen = True })" storage="/mnt/c/users/alena/desktop/7_sem/testing_and_debugging/skiresort/integrationtests/bin/debug/net6.0/integrationtests.dll" id="d2a6faf2-903b-8a13-4747-f77d937dc0f2">
      <Execution id="9962c8ac-a1bb-4526-8d2c-64f793bb4378" />
      <TestMethod codeBase="/mnt/c/Users/alena/Desktop/7_sem/testing_and_debugging/SkiResort/IntegrationTests/bin/Debug/net6.0/IntegrationTests.dll" adapterTypeName="executor://xunit/VsTestRunner2/netcoreapp" className="IntegrationTests.TestActionsWithTurnstiles" name="TestAdminDeleteTurnstileAsync" />
    </UnitTest>
    <UnitTest name="IntegrationTests.TestActionsWithUsers.TestAdminDeleteUser" storage="/mnt/c/users/alena/desktop/7_sem/testing_and_debugging/skiresort/integrationtests/bin/debug/net6.0/integrationtests.dll" id="640a72f6-5583-6636-1a54-8396abe99588">
      <Execution id="96f9725a-0aa4-419e-8c1a-2a0e7a8ef195" />
      <TestMethod codeBase="/mnt/c/Users/alena/Desktop/7_sem/testing_and_debugging/SkiResort/IntegrationTests/bin/Debug/net6.0/IntegrationTests.dll" adapterTypeName="executor://xunit/VsTestRunner2/netcoreapp" className="IntegrationTests.TestActionsWithUsers" name="TestAdminDeleteUser" />
    </UnitTest>
    <UnitTest name="IntegrationTests.TestActionsWithUsers.TestAdminAddAutoIncrementUser" storage="/mnt/c/users/alena/desktop/7_sem/testing_and_debugging/skiresort/integrationtests/bin/debug/net6.0/integrationtests.dll" id="26a3ed7b-f58f-b931-d8c6-d1d1687098ba">
      <Execution id="d60be93f-4f0e-44b4-ab39-36a4ebad088c" />
      <TestMethod codeBase="/mnt/c/Users/alena/Desktop/7_sem/testing_and_debugging/SkiResort/IntegrationTests/bin/Debug/net6.0/IntegrationTests.dll" adapterTypeName="executor://xunit/VsTestRunner2/netcoreapp" className="IntegrationTests.TestActionsWithUsers" name="TestAdminAddAutoIncrementUser" />
    </UnitTest>
    <UnitTest name="IntegrationTests.TestActionsWithLiftsLifts.TestAdminDeleteLiftAsync(lift: Lift { LiftID = 74, LiftName = liftName812f98df-b7cd-4637-b151-06f7157973d3, IsOpen = True, SeatsAmount = 176, LiftingTime = 206, QueueTime = 6, ConnectedSlopes =  })" storage="/mnt/c/users/alena/desktop/7_sem/testing_and_debugging/skiresort/integrationtests/bin/debug/net6.0/integrationtests.dll" id="2319e652-6aa6-23be-f182-5fb0c6746700">
      <Execution id="36f245da-183e-4c33-8371-f019e567b004" />
      <TestMethod codeBase="/mnt/c/Users/alena/Desktop/7_sem/testing_and_debugging/SkiResort/IntegrationTests/bin/Debug/net6.0/IntegrationTests.dll" adapterTypeName="executor://xunit/VsTestRunner2/netcoreapp" className="IntegrationTests.TestActionsWithLiftsLifts" name="TestAdminDeleteLiftAsync" />
    </UnitTest>
    <UnitTest name="IntegrationTests.TestActionsWithUsers.TestRegisterUserWithNoPassword" storage="/mnt/c/users/alena/desktop/7_sem/testing_and_debugging/skiresort/integrationtests/bin/debug/net6.0/integrationtests.dll" id="198a1ae3-83ab-ea18-2e21-87927dc980e2">
      <Execution id="97e90c84-aed5-444f-a0c4-457db452b79c" />
      <TestMethod codeBase="/mnt/c/Users/alena/Desktop/7_sem/testing_and_debugging/SkiResort/IntegrationTests/bin/Debug/net6.0/IntegrationTests.dll" adapterTypeName="executor://xunit/VsTestRunner2/netcoreapp" className="IntegrationTests.TestActionsWithUsers" name="TestRegisterUserWithNoPassword" />
    </UnitTest>
    <UnitTest name="IntegrationTests.TestActionsWithLiftsLifts.TestUpdateLiftInfoAsync(lift: Lift { LiftID = 201, LiftName = liftName4628ebf6-87c5-4fa9-9411-4bcb6d2eacf3, IsOpen = True, SeatsAmount = 241, LiftingTime = 7, QueueTime = 43, ConnectedSlopes =  })" storage="/mnt/c/users/alena/desktop/7_sem/testing_and_debugging/skiresort/integrationtests/bin/debug/net6.0/integrationtests.dll" id="532ab4d2-272e-9fc5-1587-1df78a13790f">
      <Execution id="3f364d65-31e9-4767-b526-7e3b3087a292" />
      <TestMethod codeBase="/mnt/c/Users/alena/Desktop/7_sem/testing_and_debugging/SkiResort/IntegrationTests/bin/Debug/net6.0/IntegrationTests.dll" adapterTypeName="executor://xunit/VsTestRunner2/netcoreapp" className="IntegrationTests.TestActionsWithLiftsLifts" name="TestUpdateLiftInfoAsync" />
    </UnitTest>
    <UnitTest name="IntegrationTests.TestActionsWithUsers.TestRegisterUserWithNoEmail" storage="/mnt/c/users/alena/desktop/7_sem/testing_and_debugging/skiresort/integrationtests/bin/debug/net6.0/integrationtests.dll" id="48375cbc-003d-d0fc-ff6a-cfef4b266dfb">
      <Execution id="954398e0-618e-497a-95c8-9ea604c702d4" />
      <TestMethod codeBase="/mnt/c/Users/alena/Desktop/7_sem/testing_and_debugging/SkiResort/IntegrationTests/bin/Debug/net6.0/IntegrationTests.dll" adapterTypeName="executor://xunit/VsTestRunner2/netcoreapp" className="IntegrationTests.TestActionsWithUsers" name="TestRegisterUserWithNoEmail" />
    </UnitTest>
    <UnitTest name="IntegrationTests.TestActionsWithSlopes.TestUpdateSlopeInfoAsync(slope: Slope { SlopeID = 12, SlopeName = slopeName40a10560-1134-4723-8fc0-0b9acdeba666, IsOpen = True, DifficultyLevel = 109, ConnectedLifts =  })" storage="/mnt/c/users/alena/desktop/7_sem/testing_and_debugging/skiresort/integrationtests/bin/debug/net6.0/integrationtests.dll" id="201f83f3-3b3d-e550-a301-da3776f7634c">
      <Execution id="3875f008-f06a-46d9-83b8-4455143ce7c8" />
      <TestMethod codeBase="/mnt/c/Users/alena/Desktop/7_sem/testing_and_debugging/SkiResort/IntegrationTests/bin/Debug/net6.0/IntegrationTests.dll" adapterTypeName="executor://xunit/VsTestRunner2/netcoreapp" className="IntegrationTests.TestActionsWithSlopes" name="TestUpdateSlopeInfoAsync" />
    </UnitTest>
    <UnitTest name="IntegrationTests.TestActionsWithTurnstiles.TestAdminGetTurnstileAsync(turnstile: Turnstile { TurnstileID = 150, LiftID = 164, IsOpen = True })" storage="/mnt/c/users/alena/desktop/7_sem/testing_and_debugging/skiresort/integrationtests/bin/debug/net6.0/integrationtests.dll" id="cbd7ce1b-7b56-b32d-b05f-0adce253cb99">
      <Execution id="9307a9c5-3b05-4a72-9a8c-6679e9c9954c" />
      <TestMethod codeBase="/mnt/c/Users/alena/Desktop/7_sem/testing_and_debugging/SkiResort/IntegrationTests/bin/Debug/net6.0/IntegrationTests.dll" adapterTypeName="executor://xunit/VsTestRunner2/netcoreapp" className="IntegrationTests.TestActionsWithTurnstiles" name="TestAdminGetTurnstileAsync" />
    </UnitTest>
    <UnitTest name="IntegrationTests.TestActionsWithUsers.TestLogInOk" storage="/mnt/c/users/alena/desktop/7_sem/testing_and_debugging/skiresort/integrationtests/bin/debug/net6.0/integrationtests.dll" id="45fe0df1-c885-2f7e-8187-832190c2786d">
      <Execution id="ba71fd99-c170-40e5-b666-77ffb4e82516" />
      <TestMethod codeBase="/mnt/c/Users/alena/Desktop/7_sem/testing_and_debugging/SkiResort/IntegrationTests/bin/Debug/net6.0/IntegrationTests.dll" adapterTypeName="executor://xunit/VsTestRunner2/netcoreapp" className="IntegrationTests.TestActionsWithUsers" name="TestLogInOk" />
    </UnitTest>
    <UnitTest name="IntegrationTests.TestActionsWithLiftsLifts.TestGetLiftsInfoAsync(initialLifts: [Lift { LiftID = 151, LiftName = liftNamefc7c3487-ab1c-49a0-85a5-94357d2ae322, IsOpen = True, SeatsAmount = 26, LiftingTime = 139, QueueTime = 90, ConnectedSlopes =  }, Lift { LiftID = 250, LiftName = liftName558d5080-1316-4130-8a69-1465e6cb2654, IsOpen = False, SeatsAmount = 40, LiftingTime = 173, QueueTime = 238, ConnectedSlopes =  }, Lift { LiftID = 185, LiftN..." storage="/mnt/c/users/alena/desktop/7_sem/testing_and_debugging/skiresort/integrationtests/bin/debug/net6.0/integrationtests.dll" id="e54a4cee-e2a1-889e-b4cd-647e25b91df6">
      <Execution id="eaa1c444-69e2-4770-8454-1a09ed044444" />
      <TestMethod codeBase="/mnt/c/Users/alena/Desktop/7_sem/testing_and_debugging/SkiResort/IntegrationTests/bin/Debug/net6.0/IntegrationTests.dll" adapterTypeName="executor://xunit/VsTestRunner2/netcoreapp" className="IntegrationTests.TestActionsWithLiftsLifts" name="TestGetLiftsInfoAsync" />
    </UnitTest>
    <UnitTest name="IntegrationTests.TestActionsWithLiftsSlopes.TestGetLiftsSlopesInfoAsync(liftsSlopes: [LiftSlope { RecordID = 123, LiftID = 5, SlopeID = 60 }, LiftSlope { RecordID = 96, LiftID = 112, SlopeID = 243 }, LiftSlope { RecordID = 2, LiftID = 157, SlopeID = 80 }])" storage="/mnt/c/users/alena/desktop/7_sem/testing_and_debugging/skiresort/integrationtests/bin/debug/net6.0/integrationtests.dll" id="63be1f92-7da8-a66e-02df-a6e75143687a">
      <Execution id="c8340714-830b-4499-9d83-5749ea7758ae" />
      <TestMethod codeBase="/mnt/c/Users/alena/Desktop/7_sem/testing_and_debugging/SkiResort/IntegrationTests/bin/Debug/net6.0/IntegrationTests.dll" adapterTypeName="executor://xunit/VsTestRunner2/netcoreapp" className="IntegrationTests.TestActionsWithLiftsSlopes" name="TestGetLiftsSlopesInfoAsync" />
    </UnitTest>
    <UnitTest name="IntegrationTests.TestActionsWithUsers.TestRegisterUserWithRepeatedEmail" storage="/mnt/c/users/alena/desktop/7_sem/testing_and_debugging/skiresort/integrationtests/bin/debug/net6.0/integrationtests.dll" id="cb8eae24-e7ef-ed7e-d8e9-347d61b13b3a">
      <Execution id="3f11c72c-afdb-43ff-8e65-dc52f41e25bf" />
      <TestMethod codeBase="/mnt/c/Users/alena/Desktop/7_sem/testing_and_debugging/SkiResort/IntegrationTests/bin/Debug/net6.0/IntegrationTests.dll" adapterTypeName="executor://xunit/VsTestRunner2/netcoreapp" className="IntegrationTests.TestActionsWithUsers" name="TestRegisterUserWithRepeatedEmail" />
    </UnitTest>
  </TestDefinitions>
  <TestEntries>
    <TestEntry testId="88e11f48-75ab-4e04-7ffb-fda6808b86bc" executionId="84bc922b-166b-4974-9033-feab2299f532" testListId="8c84fa94-04c1-424b-9868-57a2d4851a1d" />
    <TestEntry testId="63be1f92-7da8-a66e-02df-a6e75143687a" executionId="c8340714-830b-4499-9d83-5749ea7758ae" testListId="8c84fa94-04c1-424b-9868-57a2d4851a1d" />
    <TestEntry testId="479b875f-d623-ae0a-ff97-dc49a4f2a217" executionId="e4d01089-2d59-42f3-80e6-40f019882156" testListId="8c84fa94-04c1-424b-9868-57a2d4851a1d" />
    <TestEntry testId="ad0239d5-185e-6552-b0b6-a7d59242e6ce" executionId="342ee10d-babb-4f7d-a694-05110dafc62a" testListId="8c84fa94-04c1-424b-9868-57a2d4851a1d" />
    <TestEntry testId="bda72a30-ea35-666c-6d26-4c06f218717a" executionId="37867799-535f-4736-8e76-397d7c5b4063" testListId="8c84fa94-04c1-424b-9868-57a2d4851a1d" />
    <TestEntry testId="45fe0df1-c885-2f7e-8187-832190c2786d" executionId="ba71fd99-c170-40e5-b666-77ffb4e82516" testListId="8c84fa94-04c1-424b-9868-57a2d4851a1d" />
    <TestEntry testId="02398bc9-536e-2e01-2645-93f67bcfdb8e" executionId="43502b2d-cd6b-4b72-b118-9226ac5a8f6c" testListId="8c84fa94-04c1-424b-9868-57a2d4851a1d" />
    <TestEntry testId="593087f0-c7ab-1991-c3ee-af523cc03ada" executionId="c104b9e8-1b7e-4fcc-8bfd-90d32cad1f32" testListId="8c84fa94-04c1-424b-9868-57a2d4851a1d" />
    <TestEntry testId="2ffafc8a-a2ad-45c7-b883-09ecd1eee5c4" executionId="1a554678-6f9c-455a-8b68-af0e6604e44f" testListId="8c84fa94-04c1-424b-9868-57a2d4851a1d" />
    <TestEntry testId="532ab4d2-272e-9fc5-1587-1df78a13790f" executionId="3f364d65-31e9-4767-b526-7e3b3087a292" testListId="8c84fa94-04c1-424b-9868-57a2d4851a1d" />
    <TestEntry testId="d78ba6d0-dfa8-fa6f-4cc8-23966ee34980" executionId="34bdca89-ca86-454b-a3fb-f45681cc792d" testListId="8c84fa94-04c1-424b-9868-57a2d4851a1d" />
    <TestEntry testId="2319e652-6aa6-23be-f182-5fb0c6746700" executionId="36f245da-183e-4c33-8371-f019e567b004" testListId="8c84fa94-04c1-424b-9868-57a2d4851a1d" />
    <TestEntry testId="61a0d3cb-1290-855e-f649-c3c1c190f4b1" executionId="bd6209ef-1d20-42a5-98cc-7dc327ee04e0" testListId="8c84fa94-04c1-424b-9868-57a2d4851a1d" />
    <TestEntry testId="8a671bbd-a679-9554-80f7-33c777475820" executionId="3088fee4-026c-4732-a34b-f0b759dd6adc" testListId="8c84fa94-04c1-424b-9868-57a2d4851a1d" />
    <TestEntry testId="5eaf3703-c3a0-dcdf-b929-272bc3b03038" executionId="9c20c588-f2be-4db4-8914-29d4979196e2" testListId="8c84fa94-04c1-424b-9868-57a2d4851a1d" />
    <TestEntry testId="682d3b16-d8d9-d658-4906-fcc748843214" executionId="48bbb441-7532-463d-9639-73eb4d5d8c13" testListId="8c84fa94-04c1-424b-9868-57a2d4851a1d" />
    <TestEntry testId="cb8eae24-e7ef-ed7e-d8e9-347d61b13b3a" executionId="3f11c72c-afdb-43ff-8e65-dc52f41e25bf" testListId="8c84fa94-04c1-424b-9868-57a2d4851a1d" />
    <TestEntry testId="cbd7ce1b-7b56-b32d-b05f-0adce253cb99" executionId="9307a9c5-3b05-4a72-9a8c-6679e9c9954c" testListId="8c84fa94-04c1-424b-9868-57a2d4851a1d" />
    <TestEntry testId="62a5e900-d780-8938-057f-5aac3ece53cc" executionId="b3ca8d7d-5741-478c-9022-f710c8cd0981" testListId="8c84fa94-04c1-424b-9868-57a2d4851a1d" />
    <TestEntry testId="469b101f-8633-a685-8d5b-bdbf8dc340c5" executionId="ed355536-244a-4bbb-a975-c0858f813321" testListId="8c84fa94-04c1-424b-9868-57a2d4851a1d" />
    <TestEntry testId="201f83f3-3b3d-e550-a301-da3776f7634c" executionId="3875f008-f06a-46d9-83b8-4455143ce7c8" testListId="8c84fa94-04c1-424b-9868-57a2d4851a1d" />
    <TestEntry testId="198a1ae3-83ab-ea18-2e21-87927dc980e2" executionId="97e90c84-aed5-444f-a0c4-457db452b79c" testListId="8c84fa94-04c1-424b-9868-57a2d4851a1d" />
    <TestEntry testId="48375cbc-003d-d0fc-ff6a-cfef4b266dfb" executionId="954398e0-618e-497a-95c8-9ea604c702d4" testListId="8c84fa94-04c1-424b-9868-57a2d4851a1d" />
    <TestEntry testId="28fc1bdb-4beb-6f97-0c2e-3903f3722a45" executionId="06648185-6c59-4df1-8d25-99ec877d306e" testListId="8c84fa94-04c1-424b-9868-57a2d4851a1d" />
    <TestEntry testId="d2a6faf2-903b-8a13-4747-f77d937dc0f2" executionId="9962c8ac-a1bb-4526-8d2c-64f793bb4378" testListId="8c84fa94-04c1-424b-9868-57a2d4851a1d" />
    <TestEntry testId="640a72f6-5583-6636-1a54-8396abe99588" executionId="96f9725a-0aa4-419e-8c1a-2a0e7a8ef195" testListId="8c84fa94-04c1-424b-9868-57a2d4851a1d" />
    <TestEntry testId="26a3ed7b-f58f-b931-d8c6-d1d1687098ba" executionId="d60be93f-4f0e-44b4-ab39-36a4ebad088c" testListId="8c84fa94-04c1-424b-9868-57a2d4851a1d" />
    <TestEntry testId="e54a4cee-e2a1-889e-b4cd-647e25b91df6" executionId="eaa1c444-69e2-4770-8454-1a09ed044444" testListId="8c84fa94-04c1-424b-9868-57a2d4851a1d" />
    <TestEntry testId="74f92ee2-348f-799b-08f1-d3f349feeaa1" executionId="9094fec3-4087-469f-be81-ae927c81138c" testListId="8c84fa94-04c1-424b-9868-57a2d4851a1d" />
    <TestEntry testId="8a2a65e8-1e19-6ade-2f8a-a89c605b84ef" executionId="2dd2d8d4-cd98-4505-a922-a87df5e9f217" testListId="8c84fa94-04c1-424b-9868-57a2d4851a1d" />
  </TestEntries>
  <TestLists>
    <TestList name="Results Not in a List" id="8c84fa94-04c1-424b-9868-57a2d4851a1d" />
    <TestList name="All Loaded Results" id="19431567-8539-422a-85d7-44ee4e166bda" />
  </TestLists>
  <ResultSummary outcome="Completed">
    <Counters total="30" executed="30" passed="30" failed="0" error="0" timeout="0" aborted="0" inconclusive="0" passedButRunAborted="0" notRunnable="0" notExecuted="0" disconnected="0" warning="0" completed="0" inProgress="0" pending="0" />
    <Output>
      <StdOut>[xUnit.net 00:00:00.00] xUnit.net VSTest Adapter v2.4.3+1b45f5407b (64-bit .NET 6.0.10)
[xUnit.net 00:00:01.14]   Discovering: IntegrationTests
[xUnit.net 00:00:01.28]   Discovered:  IntegrationTests
[xUnit.net 00:00:01.29]   Starting:    IntegrationTests
[xUnit.net 00:00:20.83]   Finished:    IntegrationTests
</StdOut>
    </Output>
  </ResultSummary>
</TestRun>