<?xml version="1.0" encoding="utf-8"?>
<TestRun id="0868aaa9-0a42-4fc1-87e1-62346bb7fd2d" name="@DESKTOP-TJ9D65N 2022-11-03 10:24:28" xmlns="http://microsoft.com/schemas/VisualStudio/TeamTest/2010">
  <Times creation="2022-11-03T10:24:28.5009252+03:00" queuing="2022-11-03T10:24:28.5009252+03:00" start="2022-11-03T10:24:24.6588949+03:00" finish="2022-11-03T10:24:42.9050689+03:00" />
  <TestSettings name="default" id="ea551ac2-d93b-4d68-b202-bccad3bebfb9">
    <Deployment runDeploymentRoot="_DESKTOP-TJ9D65N_2022-11-03_10_24_28" />
  </TestSettings>
  <Results>
    <UnitTestResult executionId="141b3f12-6432-4e65-ac1d-ab4a224b294e" testId="f9435956-2e34-e52b-c34e-dce53665cf8e" testName="AccessToDB.Tests.TurnstilesRepositoryTests.TestAddTurnstileAutoIncrementAsyncOk" computerName="DESKTOP-TJ9D65N" duration="00:00:00.3981091" startTime="2022-11-03T10:24:36.3274550+03:00" endTime="2022-11-03T10:24:36.3274552+03:00" testType="13cdc9d9-ddb5-4fa4-a97d-d965ccfc6d4b" outcome="Passed" testListId="8c84fa94-04c1-424b-9868-57a2d4851a1d" relativeResultsDirectory="141b3f12-6432-4e65-ac1d-ab4a224b294e" />
    <UnitTestResult executionId="939f84f6-bc37-4afb-8623-dae9227231c6" testId="3741b26d-6ee0-6246-29e4-92009bff37b0" testName="AccessToDB.Tests.UsersRepositoryTests.TestGetUsersAsyncEmpty" computerName="DESKTOP-TJ9D65N" duration="00:00:00.3638285" startTime="2022-11-03T10:24:31.8546627+03:00" endTime="2022-11-03T10:24:31.8546629+03:00" testType="13cdc9d9-ddb5-4fa4-a97d-d965ccfc6d4b" outcome="Passed" testListId="8c84fa94-04c1-424b-9868-57a2d4851a1d" relativeResultsDirectory="939f84f6-bc37-4afb-8623-dae9227231c6" />
    <UnitTestResult executionId="d9806161-3810-4896-b661-cd2b0ffeb931" testId="8f7ba917-f771-0dc5-f9b9-465c34344b12" testName="AccessToDB.Tests.SlopesRepositoryTests.TestAddSlopeAutoIncrementAsyncOk" computerName="DESKTOP-TJ9D65N" duration="00:00:00.3919743" startTime="2022-11-03T10:24:38.7476862+03:00" endTime="2022-11-03T10:24:38.7476865+03:00" testType="13cdc9d9-ddb5-4fa4-a97d-d965ccfc6d4b" outcome="Passed" testListId="8c84fa94-04c1-424b-9868-57a2d4851a1d" relativeResultsDirectory="d9806161-3810-4896-b661-cd2b0ffeb931" />
    <UnitTestResult executionId="d966976f-a221-417d-bff3-98955b4ae639" testId="9bbefb83-8311-6e03-307f-415e3495e223" testName="AccessToDB.Tests.SlopesRepositoryTests.TestGetSlopesAsyncEmpty" computerName="DESKTOP-TJ9D65N" duration="00:00:00.3629044" startTime="2022-11-03T10:24:39.1291314+03:00" endTime="2022-11-03T10:24:39.1291317+03:00" testType="13cdc9d9-ddb5-4fa4-a97d-d965ccfc6d4b" outcome="Passed" testListId="8c84fa94-04c1-424b-9868-57a2d4851a1d" relativeResultsDirectory="d966976f-a221-417d-bff3-98955b4ae639" />
    <UnitTestResult executionId="3a9e1351-5ec6-408b-a407-c2fe4fdaf2a6" testId="60a813ae-dc44-b9ad-8efd-a8aef7e7a144" testName="AccessToDB.Tests.TurnstilesRepositoryTests.TestGetTurnstileByIdAsyncOk(turnstile: Turnstile { TurnstileID = 186, LiftID = 10, IsOpen = True })" computerName="DESKTOP-TJ9D65N" duration="00:00:00.3850453" startTime="2022-11-03T10:24:34.6570820+03:00" endTime="2022-11-03T10:24:34.6570821+03:00" testType="13cdc9d9-ddb5-4fa4-a97d-d965ccfc6d4b" outcome="Passed" testListId="8c84fa94-04c1-424b-9868-57a2d4851a1d" relativeResultsDirectory="3a9e1351-5ec6-408b-a407-c2fe4fdaf2a6" />
    <UnitTestResult executionId="20fa719c-5a01-4be3-a575-9e529391f0ca" testId="ea6d0a15-ae1a-e04a-1f7f-53f195ddb0d3" testName="AccessToDB.Tests.SlopesRepositoryTests.TestUpdateSlopeByIDAsyncOk(slope: Slope { SlopeID = 192, SlopeName = slopeName1a1c70ea-7f3a-4aff-89af-02b47d6a3dfd, IsOpen = True, DifficultyLevel = 193, ConnectedLifts =  })" computerName="DESKTOP-TJ9D65N" duration="00:00:00.3949395" startTime="2022-11-03T10:24:37.9446737+03:00" endTime="2022-11-03T10:24:37.9446738+03:00" testType="13cdc9d9-ddb5-4fa4-a97d-d965ccfc6d4b" outcome="Passed" testListId="8c84fa94-04c1-424b-9868-57a2d4851a1d" relativeResultsDirectory="20fa719c-5a01-4be3-a575-9e529391f0ca" />
    <UnitTestResult executionId="45f9e528-4bcc-4102-abea-f6a0c3465b50" testId="6a16577e-f231-0589-2d51-6d79d75f7ce1" testName="AccessToDB.Tests.SlopesRepositoryTests.TestGetSlopeByNameAsyncFailsWhenNameNotExists(slopeName: &quot;slopeName45e9bcad-1f4b-466c-a5a2-e12c17721105&quot;)" computerName="DESKTOP-TJ9D65N" duration="00:00:00.3617388" startTime="2022-11-03T10:24:37.5351783+03:00" endTime="2022-11-03T10:24:37.5351785+03:00" testType="13cdc9d9-ddb5-4fa4-a97d-d965ccfc6d4b" outcome="Passed" testListId="8c84fa94-04c1-424b-9868-57a2d4851a1d" relativeResultsDirectory="45f9e528-4bcc-4102-abea-f6a0c3465b50" />
    <UnitTestResult executionId="56690041-268c-4d17-868b-960016fff940" testId="06f82e76-dfe0-d01d-de54-81043c5c3c2c" testName="AccessToDB.Tests.TurnstilesRepositoryTests.TestUpdateTurnstileByIDAsyncOk(turnstile: Turnstile { TurnstileID = 82, LiftID = 30, IsOpen = True })" computerName="DESKTOP-TJ9D65N" duration="00:00:00.3927008" startTime="2022-11-03T10:24:37.1599497+03:00" endTime="2022-11-03T10:24:37.1599498+03:00" testType="13cdc9d9-ddb5-4fa4-a97d-d965ccfc6d4b" outcome="Passed" testListId="8c84fa94-04c1-424b-9868-57a2d4851a1d" relativeResultsDirectory="56690041-268c-4d17-868b-960016fff940" />
    <UnitTestResult executionId="7556c112-6c02-4388-a6d2-29a8ccd7621e" testId="8bb970e7-3ce2-ff01-49a8-709827d79095" testName="AccessToDB.Tests.LiftsRepositoryTests.TestGetLiftByNameAsyncFailsWhenNameNotExists(liftName: &quot;liftNamed73049b0-bd7f-479f-8659-a8266c0745ef&quot;)" computerName="DESKTOP-TJ9D65N" duration="00:00:00.3621239" startTime="2022-11-03T10:24:41.1039513+03:00" endTime="2022-11-03T10:24:41.1039514+03:00" testType="13cdc9d9-ddb5-4fa4-a97d-d965ccfc6d4b" outcome="Passed" testListId="8c84fa94-04c1-424b-9868-57a2d4851a1d" relativeResultsDirectory="7556c112-6c02-4388-a6d2-29a8ccd7621e" />
    <UnitTestResult executionId="3e49fbdd-a04e-44f4-8388-5632a0963d90" testId="9555a111-965a-f35f-b318-037e0b7681fd" testName="AccessToDB.Tests.TurnstilesRepositoryTests.TestGetTurnstilesByLiftIdAsyncOk(liftID: 244)" computerName="DESKTOP-TJ9D65N" duration="00:00:00.4860767" startTime="2022-11-03T10:24:35.1577781+03:00" endTime="2022-11-03T10:24:35.1577783+03:00" testType="13cdc9d9-ddb5-4fa4-a97d-d965ccfc6d4b" outcome="Passed" testListId="8c84fa94-04c1-424b-9868-57a2d4851a1d" relativeResultsDirectory="3e49fbdd-a04e-44f4-8388-5632a0963d90" />
    <UnitTestResult executionId="1cc9f24a-7d94-4176-997e-373fcb554345" testId="c46610a1-3d17-b7fa-cbcd-1d1751d0a79d" testName="AccessToDB.Tests.UsersRepositoryTests.TestGetUserByIdAsyncOk(user: User { UserID = 117, CardID = 170, UserEmail = UserEmail50cb956d-f5e0-4e0c-bb41-13d1002b5c3a, Password = passwordca6c6173-bf13-4132-888e-762052d90dbc, Permissions = UNAUTHORIZED })" computerName="DESKTOP-TJ9D65N" duration="00:00:00.3817978" startTime="2022-11-03T10:24:32.2502436+03:00" endTime="2022-11-03T10:24:32.2502438+03:00" testType="13cdc9d9-ddb5-4fa4-a97d-d965ccfc6d4b" outcome="Passed" testListId="8c84fa94-04c1-424b-9868-57a2d4851a1d" relativeResultsDirectory="1cc9f24a-7d94-4176-997e-373fcb554345" />
    <UnitTestResult executionId="c5ce396b-cb0e-4268-8b86-761f0a171cae" testId="7fca8cce-13b0-5d0a-5522-de7067f69594" testName="AccessToDB.Tests.UsersRepositoryTests.TestUpdateUserByIDAsyncOk(user: User { UserID = 3, CardID = 184, UserEmail = UserEmaila3d0d642-826f-40f2-b2cf-95f698c22a5f, Password = passwordede21add-3d47-44e1-b0dc-2f067b14dac6, Permissions = UNAUTHORIZED })" computerName="DESKTOP-TJ9D65N" duration="00:00:00.3931631" startTime="2022-11-03T10:24:33.4156416+03:00" endTime="2022-11-03T10:24:33.4156418+03:00" testType="13cdc9d9-ddb5-4fa4-a97d-d965ccfc6d4b" outcome="Passed" testListId="8c84fa94-04c1-424b-9868-57a2d4851a1d" relativeResultsDirectory="c5ce396b-cb0e-4268-8b86-761f0a171cae" />
    <UnitTestResult executionId="c0093499-1152-45db-91cb-a8aee0638d57" testId="3c521313-4ed6-6bce-b4f9-c359411028e7" testName="AccessToDB.Tests.TurnstilesRepositoryTests.TestGetTurnstilesAsyncEmpty" computerName="DESKTOP-TJ9D65N" duration="00:00:00.3629595" startTime="2022-11-03T10:24:35.5389543+03:00" endTime="2022-11-03T10:24:35.5389544+03:00" testType="13cdc9d9-ddb5-4fa4-a97d-d965ccfc6d4b" outcome="Passed" testListId="8c84fa94-04c1-424b-9868-57a2d4851a1d" relativeResultsDirectory="c0093499-1152-45db-91cb-a8aee0638d57" />
    <UnitTestResult executionId="1941ef3c-ade5-48e8-9a50-bc8e187e8d06" testId="d24e08aa-1880-3d2e-c3b0-0ef327bc95c6" testName="AccessToDB.Tests.LiftsSlopesRepositoryTests.TestAddLiftSlopeAsyncFailsWhenLiftSlopeIdRepeats(liftSlope: LiftSlope { RecordID = 23, LiftID = 29, SlopeID = 103 })" computerName="DESKTOP-TJ9D65N" duration="00:00:00.3978483" startTime="2022-11-03T10:24:28.1630955+03:00" endTime="2022-11-03T10:24:28.1630959+03:00" testType="13cdc9d9-ddb5-4fa4-a97d-d965ccfc6d4b" outcome="Passed" testListId="8c84fa94-04c1-424b-9868-57a2d4851a1d" relativeResultsDirectory="1941ef3c-ade5-48e8-9a50-bc8e187e8d06" />
    <UnitTestResult executionId="26a85609-a4fb-44d7-bfde-44b3ede96a0f" testId="e1832199-8b73-26ca-74fb-0d962185446d" testName="AccessToDB.Tests.LiftsRepositoryTests.TestDeleteLiftByIDAsyncFailsWhenIDNotExists(liftID: 136)" computerName="DESKTOP-TJ9D65N" duration="00:00:00.3617163" startTime="2022-11-03T10:24:40.7292440+03:00" endTime="2022-11-03T10:24:40.7292441+03:00" testType="13cdc9d9-ddb5-4fa4-a97d-d965ccfc6d4b" outcome="Passed" testListId="8c84fa94-04c1-424b-9868-57a2d4851a1d" relativeResultsDirectory="26a85609-a4fb-44d7-bfde-44b3ede96a0f" />
    <UnitTestResult executionId="dc33fb4f-dd57-45e5-a82d-802767c7906c" testId="e9055319-2ea1-ee2a-5b65-20d8f50f1d93" testName="AccessToDB.Tests.LiftsSlopesRepositoryTests.TestDeleteLiftSlopesByIDsAsyncOk(liftSlope: LiftSlope { RecordID = 152, LiftID = 73, SlopeID = 156 })" computerName="DESKTOP-TJ9D65N" duration="00:00:00.4681130" startTime="2022-11-03T10:24:27.2732422+03:00" endTime="2022-11-03T10:24:27.2732671+03:00" testType="13cdc9d9-ddb5-4fa4-a97d-d965ccfc6d4b" outcome="Passed" testListId="8c84fa94-04c1-424b-9868-57a2d4851a1d" relativeResultsDirectory="dc33fb4f-dd57-45e5-a82d-802767c7906c" />
    <UnitTestResult executionId="651fb2e0-cc6a-42ae-a1ae-8ee97d0eee55" testId="004cfa12-b503-8a23-287f-7fea2beb4f29" testName="AccessToDB.Tests.SlopesRepositoryTests.TestAddSlopeAsyncFailsWhenSlopeIdRepeats(slope: Slope { SlopeID = 13, SlopeName = slopeName762bf5f1-12b2-4cb8-928f-381ed5e5a5cb, IsOpen = True, DifficultyLevel = 93, ConnectedLifts =  })" computerName="DESKTOP-TJ9D65N" duration="00:00:00.3956715" startTime="2022-11-03T10:24:39.5550682+03:00" endTime="2022-11-03T10:24:39.5550690+03:00" testType="13cdc9d9-ddb5-4fa4-a97d-d965ccfc6d4b" outcome="Passed" testListId="8c84fa94-04c1-424b-9868-57a2d4851a1d" relativeResultsDirectory="651fb2e0-cc6a-42ae-a1ae-8ee97d0eee55" />
    <UnitTestResult executionId="48fd4c54-1361-494e-9f3e-5dd794ba62c4" testId="d1952c18-0e08-eec5-d0a9-46799d4c705d" testName="AccessToDB.Tests.LiftsSlopesRepositoryTests.TestUpdateLiftSlopeByIDAsyncOk(liftSlope: LiftSlope { RecordID = 13, LiftID = 137, SlopeID = 90 })" computerName="DESKTOP-TJ9D65N" duration="00:00:00.3971361" startTime="2022-11-03T10:24:28.9953694+03:00" endTime="2022-11-03T10:24:28.9953695+03:00" testType="13cdc9d9-ddb5-4fa4-a97d-d965ccfc6d4b" outcome="Passed" testListId="8c84fa94-04c1-424b-9868-57a2d4851a1d" relativeResultsDirectory="48fd4c54-1361-494e-9f3e-5dd794ba62c4" />
    <UnitTestResult executionId="9432c72d-f530-4eb7-91fe-e9f1719cb496" testId="10b921a7-cf91-1ff4-93bd-dd6d47539295" testName="AccessToDB.Tests.UsersRepositoryTests.TestCheckUserEmailExistsAsyncFalse(userEmail: &quot;userEmail0e8c67f7-ba2c-49eb-a2b9-1c4567220fa5&quot;)" computerName="DESKTOP-TJ9D65N" duration="00:00:00.3601253" startTime="2022-11-03T10:24:33.0045796+03:00" endTime="2022-11-03T10:24:33.0045799+03:00" testType="13cdc9d9-ddb5-4fa4-a97d-d965ccfc6d4b" outcome="Passed" testListId="8c84fa94-04c1-424b-9868-57a2d4851a1d" relativeResultsDirectory="9432c72d-f530-4eb7-91fe-e9f1719cb496" />
    <UnitTestResult executionId="aeb9a538-94ac-4874-8d77-38c678822e5f" testId="607e8298-f113-be33-300e-15a343893443" testName="AccessToDB.Tests.LiftsRepositoryTests.TestGetLiftsAsyncEmpty" computerName="DESKTOP-TJ9D65N" duration="00:00:00.3677168" startTime="2022-11-03T10:24:41.4914335+03:00" endTime="2022-11-03T10:24:41.4914339+03:00" testType="13cdc9d9-ddb5-4fa4-a97d-d965ccfc6d4b" outcome="Passed" testListId="8c84fa94-04c1-424b-9868-57a2d4851a1d" relativeResultsDirectory="aeb9a538-94ac-4874-8d77-38c678822e5f" />
    <UnitTestResult executionId="a5ceaed7-da59-4cf4-86aa-835ec480fcf3" testId="4145f44e-b4b1-a618-09e8-c631496e6f1a" testName="AccessToDB.Tests.LiftsSlopesRepositoryTests.TestGetLiftSlopesAsyncEmpty" computerName="DESKTOP-TJ9D65N" duration="00:00:00.3654627" startTime="2022-11-03T10:24:30.6275737+03:00" endTime="2022-11-03T10:24:30.6275739+03:00" testType="13cdc9d9-ddb5-4fa4-a97d-d965ccfc6d4b" outcome="Passed" testListId="8c84fa94-04c1-424b-9868-57a2d4851a1d" relativeResultsDirectory="a5ceaed7-da59-4cf4-86aa-835ec480fcf3" />
    <UnitTestResult executionId="0a4d35ae-b2fd-4c68-828c-89ce63f677e2" testId="dee762aa-bc99-593a-7ffb-c3a35f77ac79" testName="AccessToDB.Tests.UsersRepositoryTests.TestAddUserAsyncFailsWhenUserIdRepeats(user: User { UserID = 199, CardID = 140, UserEmail = UserEmail49d3f5e9-4312-4ad8-aeef-b04353c2b788, Password = password24bccf21-a74d-467b-b2ed-253258d1ed25, Permissions = UNAUTHORIZED })" computerName="DESKTOP-TJ9D65N" duration="00:00:00.3951380" startTime="2022-11-03T10:24:31.4571562+03:00" endTime="2022-11-03T10:24:31.4571566+03:00" testType="13cdc9d9-ddb5-4fa4-a97d-d965ccfc6d4b" outcome="Passed" testListId="8c84fa94-04c1-424b-9868-57a2d4851a1d" relativeResultsDirectory="0a4d35ae-b2fd-4c68-828c-89ce63f677e2" />
    <UnitTestResult executionId="8fe24587-2ef4-4326-a944-9c9e968de111" testId="b1a32a6d-d973-09bd-43e2-25c5479c285f" testName="AccessToDB.Tests.UsersRepositoryTests.TestCheckUserIdExistsAsyncTrue(user: User { UserID = 72, CardID = 178, UserEmail = UserEmail01f8fb71-9fd0-4680-96e3-37876cb31be2, Password = password9d2b5025-b39b-4f94-b1fc-f76e9defc19b, Permissions = UNAUTHORIZED })" computerName="DESKTOP-TJ9D65N" duration="00:00:00.3935085" startTime="2022-11-03T10:24:31.0467028+03:00" endTime="2022-11-03T10:24:31.0467029+03:00" testType="13cdc9d9-ddb5-4fa4-a97d-d965ccfc6d4b" outcome="Passed" testListId="8c84fa94-04c1-424b-9868-57a2d4851a1d" relativeResultsDirectory="8fe24587-2ef4-4326-a944-9c9e968de111" />
    <UnitTestResult executionId="d0409792-2aab-4f21-8973-49676e9f3708" testId="ba7b6bc2-cb23-4a81-9bdd-523a176b98da" testName="AccessToDB.Tests.LiftsRepositoryTests.TestAddLiftAsyncFailsWhenLiftIdRepeats(lift: Lift { LiftID = 194, LiftName = liftNamea7230586-fe50-438b-a036-43cfadcd65a4, IsOpen = True, SeatsAmount = 122, LiftingTime = 230, QueueTime = 68, ConnectedSlopes =  })" computerName="DESKTOP-TJ9D65N" duration="00:00:00.4032731" startTime="2022-11-03T10:24:42.7674432+03:00" endTime="2022-11-03T10:24:42.7674437+03:00" testType="13cdc9d9-ddb5-4fa4-a97d-d965ccfc6d4b" outcome="Passed" testListId="8c84fa94-04c1-424b-9868-57a2d4851a1d" relativeResultsDirectory="d0409792-2aab-4f21-8973-49676e9f3708" />
    <UnitTestResult executionId="8c360a06-7d38-42e6-a1b2-6070d524019d" testId="1c367fe5-0ab6-7398-c328-1171bae617fb" testName="AccessToDB.Tests.TurnstilesRepositoryTests.TestAddTurnstileAsyncFailsWhenTurnstileIdRepeats(turnstile: Turnstile { TurnstileID = 198, LiftID = 19, IsOpen = True })" computerName="DESKTOP-TJ9D65N" duration="00:00:00.3954746" startTime="2022-11-03T10:24:36.7386237+03:00" endTime="2022-11-03T10:24:36.7386240+03:00" testType="13cdc9d9-ddb5-4fa4-a97d-d965ccfc6d4b" outcome="Passed" testListId="8c84fa94-04c1-424b-9868-57a2d4851a1d" relativeResultsDirectory="8c360a06-7d38-42e6-a1b2-6070d524019d" />
    <UnitTestResult executionId="87db33d7-063b-44be-b84e-38f071dc10ca" testId="c92c9437-98c0-5a1a-b932-62aaa5d228ef" testName="AccessToDB.Tests.LiftsSlopesRepositoryTests.TestGetSlopesByLiftIdAsyncFailsWhenSlopeNotExists(liftSlope: LiftSlope { RecordID = 217, LiftID = 22, SlopeID = 86 })" computerName="DESKTOP-TJ9D65N" duration="00:00:00.3826849" startTime="2022-11-03T10:24:29.8055317+03:00" endTime="2022-11-03T10:24:29.8055319+03:00" testType="13cdc9d9-ddb5-4fa4-a97d-d965ccfc6d4b" outcome="Passed" testListId="8c84fa94-04c1-424b-9868-57a2d4851a1d" relativeResultsDirectory="87db33d7-063b-44be-b84e-38f071dc10ca" />
    <UnitTestResult executionId="21a90a66-6720-4046-b27c-5fc562a65811" testId="ec229f70-485a-f91b-53ed-bce655f6cd58" testName="AccessToDB.Tests.LiftsRepositoryTests.TestAddLiftAutoIncrementAsyncOk" computerName="DESKTOP-TJ9D65N" duration="00:00:00.3956728" startTime="2022-11-03T10:24:40.3495981+03:00" endTime="2022-11-03T10:24:40.3495982+03:00" testType="13cdc9d9-ddb5-4fa4-a97d-d965ccfc6d4b" outcome="Passed" testListId="8c84fa94-04c1-424b-9868-57a2d4851a1d" relativeResultsDirectory="21a90a66-6720-4046-b27c-5fc562a65811" />
    <UnitTestResult executionId="bb2f796c-27c0-4d08-a333-fd33443f905c" testId="ffb0dc2c-cd7b-e24f-0619-3a7c371bf971" testName="AccessToDB.Tests.UsersRepositoryTests.TestDeleteUserByIDAsyncFailsWhenIDNotExists(userID: 155)" computerName="DESKTOP-TJ9D65N" duration="00:00:00.3630699" startTime="2022-11-03T10:24:33.7910430+03:00" endTime="2022-11-03T10:24:33.7910431+03:00" testType="13cdc9d9-ddb5-4fa4-a97d-d965ccfc6d4b" outcome="Passed" testListId="8c84fa94-04c1-424b-9868-57a2d4851a1d" relativeResultsDirectory="bb2f796c-27c0-4d08-a333-fd33443f905c" />
    <UnitTestResult executionId="acdeea76-166f-454d-a1b4-29a17e3db4fc" testId="884a5b51-9377-f871-b6f2-ce571730f1f2" testName="AccessToDB.Tests.SlopesRepositoryTests.TestDeleteSlopeByIDAsyncFailsWhenIDNotExists(slopeID: 17)" computerName="DESKTOP-TJ9D65N" duration="00:00:00.3648494" startTime="2022-11-03T10:24:39.9391022+03:00" endTime="2022-11-03T10:24:39.9391023+03:00" testType="13cdc9d9-ddb5-4fa4-a97d-d965ccfc6d4b" outcome="Passed" testListId="8c84fa94-04c1-424b-9868-57a2d4851a1d" relativeResultsDirectory="acdeea76-166f-454d-a1b4-29a17e3db4fc" />
    <UnitTestResult executionId="bf9b1516-cc37-412a-ad87-5139247f87b0" testId="4f5dc0b2-ee3c-0ee3-1c1f-03b0bd0e849e" testName="AccessToDB.Tests.UsersRepositoryTests.TestGetUserByEmailAsyncFailsWhenEmailNotExists(email: &quot;email36ad7d15-d252-461c-8e54-c1671b7b94bd&quot;)" computerName="DESKTOP-TJ9D65N" duration="00:00:00.3624962" startTime="2022-11-03T10:24:32.6299117+03:00" endTime="2022-11-03T10:24:32.6299118+03:00" testType="13cdc9d9-ddb5-4fa4-a97d-d965ccfc6d4b" outcome="Passed" testListId="8c84fa94-04c1-424b-9868-57a2d4851a1d" relativeResultsDirectory="bf9b1516-cc37-412a-ad87-5139247f87b0" />
    <UnitTestResult executionId="02d9cd7f-9d10-4944-96a4-ad98edc101e3" testId="51fa05e6-11e9-0e8b-bf5b-f93dba508352" testName="AccessToDB.Tests.LiftsSlopesRepositoryTests.TestGetLiftsBySlopeIdAsyncOk(slope1: Slope { SlopeID = 249, SlopeName = slopeName5141b1f6-aa7b-4058-b5ea-bae428ce79da, IsOpen = True, DifficultyLevel = 118, ConnectedLifts =  }, slope2: Slope { SlopeID = 23, SlopeName = slopeName32328b0b-9b61-4b85-87e8-1bbfac1e380c, IsOpen = False, DifficultyLevel = 49, ConnectedLifts =  }, lift1: Lift { LiftID = 43, LiftName = liftName9ae6a058-3cfa-465c-b8bc-01b554dcdf10, IsOpen = True, SeatsAmount = 155, LiftingTime = 253, QueueTime = 255, ConnectedSlopes =  }, lift2: Lift { LiftID = 42, LiftName = liftName2b633329-5daa-48cb-bcfc-b723003963f1, IsOpen = False, SeatsAmount = 82, LiftingTime = 46, QueueTime = 247, ConnectedSlopes =  })" computerName="DESKTOP-TJ9D65N" duration="00:00:00.4232942" startTime="2022-11-03T10:24:27.7328647+03:00" endTime="2022-11-03T10:24:27.7328650+03:00" testType="13cdc9d9-ddb5-4fa4-a97d-d965ccfc6d4b" outcome="Passed" testListId="8c84fa94-04c1-424b-9868-57a2d4851a1d" relativeResultsDirectory="02d9cd7f-9d10-4944-96a4-ad98edc101e3" />
    <UnitTestResult executionId="9a9e0959-52fa-43c3-a7a0-8c8ceb1af015" testId="8310d2de-b73d-a176-1eab-42c038ef1208" testName="AccessToDB.Tests.LiftsSlopesRepositoryTests.TestDeleteLiftSlopeByIDAsyncFailsWhenIDNotExists(liftSlopeID: 59)" computerName="DESKTOP-TJ9D65N" duration="00:00:00.3677150" startTime="2022-11-03T10:24:28.5802527+03:00" endTime="2022-11-03T10:24:28.5802537+03:00" testType="13cdc9d9-ddb5-4fa4-a97d-d965ccfc6d4b" outcome="Passed" testListId="8c84fa94-04c1-424b-9868-57a2d4851a1d" relativeResultsDirectory="9a9e0959-52fa-43c3-a7a0-8c8ceb1af015" />
    <UnitTestResult executionId="97ab4cab-93cc-4e7c-a4c5-776ec7dce0b6" testId="a5b2fdae-8ca0-f7a5-cd4c-075141d0fb39" testName="AccessToDB.Tests.LiftsRepositoryTests.TestUpdateLiftByIDAsyncOk(lift: Lift { LiftID = 194, LiftName = liftName96f60caf-4409-492e-ad30-efeea0e87021, IsOpen = True, SeatsAmount = 54, LiftingTime = 112, QueueTime = 177, ConnectedSlopes =  })" computerName="DESKTOP-TJ9D65N" duration="00:00:00.4067553" startTime="2022-11-03T10:24:41.9451158+03:00" endTime="2022-11-03T10:24:41.9451160+03:00" testType="13cdc9d9-ddb5-4fa4-a97d-d965ccfc6d4b" outcome="Passed" testListId="8c84fa94-04c1-424b-9868-57a2d4851a1d" relativeResultsDirectory="97ab4cab-93cc-4e7c-a4c5-776ec7dce0b6" />
    <UnitTestResult executionId="0f1b025b-0976-4a8a-abeb-44caf7806642" testId="e1cfcd3c-37b3-ed4e-2e12-68b2a33d1868" testName="AccessToDB.Tests.SlopesRepositoryTests.TestGetSlopeByIdAsyncOk(slope: Slope { SlopeID = 54, SlopeName = slopeNameff972282-45f8-437e-a5ef-0cd6ad4ad0cb, IsOpen = True, DifficultyLevel = 1, ConnectedLifts =  })" computerName="DESKTOP-TJ9D65N" duration="00:00:00.3821591" startTime="2022-11-03T10:24:38.3405438+03:00" endTime="2022-11-03T10:24:38.3405440+03:00" testType="13cdc9d9-ddb5-4fa4-a97d-d965ccfc6d4b" outcome="Passed" testListId="8c84fa94-04c1-424b-9868-57a2d4851a1d" relativeResultsDirectory="0f1b025b-0976-4a8a-abeb-44caf7806642" />
    <UnitTestResult executionId="8ccb064c-00f8-4e28-9dad-a75013dc4a0c" testId="e16ee255-f9b5-8f39-81a7-c8c95f56b39f" testName="AccessToDB.Tests.LiftsSlopesRepositoryTests.TestGetLiftSlopeByIdAsyncOk(liftSlope: LiftSlope { RecordID = 148, LiftID = 171, SlopeID = 126 })" computerName="DESKTOP-TJ9D65N" duration="00:00:00.3845728" startTime="2022-11-03T10:24:29.4030957+03:00" endTime="2022-11-03T10:24:29.4030960+03:00" testType="13cdc9d9-ddb5-4fa4-a97d-d965ccfc6d4b" outcome="Passed" testListId="8c84fa94-04c1-424b-9868-57a2d4851a1d" relativeResultsDirectory="8ccb064c-00f8-4e28-9dad-a75013dc4a0c" />
    <UnitTestResult executionId="67b75694-8f6e-4d2f-a535-65561de3334a" testId="3585dbc8-8571-595a-b608-b04b7eaa1e3f" testName="AccessToDB.Tests.TurnstilesRepositoryTests.TestDeleteTurnstileByIDAsyncFailsWhenIDNotExists(turnstileID: 98)" computerName="DESKTOP-TJ9D65N" duration="00:00:00.3622588" startTime="2022-11-03T10:24:35.9166517+03:00" endTime="2022-11-03T10:24:35.9166518+03:00" testType="13cdc9d9-ddb5-4fa4-a97d-d965ccfc6d4b" outcome="Passed" testListId="8c84fa94-04c1-424b-9868-57a2d4851a1d" relativeResultsDirectory="67b75694-8f6e-4d2f-a535-65561de3334a" />
    <UnitTestResult executionId="30b8e8b4-ffbe-44ca-8069-8fcf81c559b6" testId="e75bb6e2-88d9-af2a-a444-c4a9d67f0f0e" testName="AccessToDB.Tests.UsersRepositoryTests.TestAddUserAutoIncrementAsyncOk" computerName="DESKTOP-TJ9D65N" duration="00:00:00.4158761" startTime="2022-11-03T10:24:34.2415468+03:00" endTime="2022-11-03T10:24:34.2415474+03:00" testType="13cdc9d9-ddb5-4fa4-a97d-d965ccfc6d4b" outcome="Passed" testListId="8c84fa94-04c1-424b-9868-57a2d4851a1d" relativeResultsDirectory="30b8e8b4-ffbe-44ca-8069-8fcf81c559b6" />
    <UnitTestResult executionId="beaf09e3-1105-4844-af47-3a80bc62e2a6" testId="30f8e924-9784-0a43-e807-094f70e06567" testName="AccessToDB.Tests.LiftsSlopesRepositoryTests.TestAddLiftSlopeAutoIncrementAsyncOk" computerName="DESKTOP-TJ9D65N" duration="00:00:00.3967947" startTime="2022-11-03T10:24:30.2454579+03:00" endTime="2022-11-03T10:24:30.2454581+03:00" testType="13cdc9d9-ddb5-4fa4-a97d-d965ccfc6d4b" outcome="Passed" testListId="8c84fa94-04c1-424b-9868-57a2d4851a1d" relativeResultsDirectory="beaf09e3-1105-4844-af47-3a80bc62e2a6" />
    <UnitTestResult executionId="7848ab59-1019-4461-98b9-7cf58b4fa0a2" testId="7283ec79-3493-36ea-312c-b25fca6aa2a8" testName="AccessToDB.Tests.LiftsRepositoryTests.TestGetLiftByIdAsyncOk(lift: Lift { LiftID = 116, LiftName = liftName3e35773c-5136-466c-a5f7-ebd76fdc91dd, IsOpen = True, SeatsAmount = 213, LiftingTime = 14, QueueTime = 182, ConnectedSlopes =  })" computerName="DESKTOP-TJ9D65N" duration="00:00:00.3816098" startTime="2022-11-03T10:24:42.3440363+03:00" endTime="2022-11-03T10:24:42.3440364+03:00" testType="13cdc9d9-ddb5-4fa4-a97d-d965ccfc6d4b" outcome="Passed" testListId="8c84fa94-04c1-424b-9868-57a2d4851a1d" relativeResultsDirectory="7848ab59-1019-4461-98b9-7cf58b4fa0a2" />
  </Results>
  <TestDefinitions>
    <UnitTest name="AccessToDB.Tests.UsersRepositoryTests.TestDeleteUserByIDAsyncFailsWhenIDNotExists(userID: 155)" storage="/mnt/c/users/alena/desktop/7_sem/testing_and_debugging/skiresort/accesstodb.tests/bin/debug/net6.0/accesstodb.tests.dll" id="ffb0dc2c-cd7b-e24f-0619-3a7c371bf971">
      <Execution id="bb2f796c-27c0-4d08-a333-fd33443f905c" />
      <TestMethod codeBase="/mnt/c/Users/alena/Desktop/7_sem/testing_and_debugging/SkiResort/AccessToDB.Tests/bin/Debug/net6.0/AccessToDB.Tests.dll" adapterTypeName="executor://xunit/VsTestRunner2/netcoreapp" className="AccessToDB.Tests.UsersRepositoryTests" name="TestDeleteUserByIDAsyncFailsWhenIDNotExists" />
    </UnitTest>
    <UnitTest name="AccessToDB.Tests.SlopesRepositoryTests.TestGetSlopeByNameAsyncFailsWhenNameNotExists(slopeName: &quot;slopeName45e9bcad-1f4b-466c-a5a2-e12c17721105&quot;)" storage="/mnt/c/users/alena/desktop/7_sem/testing_and_debugging/skiresort/accesstodb.tests/bin/debug/net6.0/accesstodb.tests.dll" id="6a16577e-f231-0589-2d51-6d79d75f7ce1">
      <Execution id="45f9e528-4bcc-4102-abea-f6a0c3465b50" />
      <TestMethod codeBase="/mnt/c/Users/alena/Desktop/7_sem/testing_and_debugging/SkiResort/AccessToDB.Tests/bin/Debug/net6.0/AccessToDB.Tests.dll" adapterTypeName="executor://xunit/VsTestRunner2/netcoreapp" className="AccessToDB.Tests.SlopesRepositoryTests" name="TestGetSlopeByNameAsyncFailsWhenNameNotExists" />
    </UnitTest>
    <UnitTest name="AccessToDB.Tests.UsersRepositoryTests.TestGetUsersAsyncEmpty" storage="/mnt/c/users/alena/desktop/7_sem/testing_and_debugging/skiresort/accesstodb.tests/bin/debug/net6.0/accesstodb.tests.dll" id="3741b26d-6ee0-6246-29e4-92009bff37b0">
      <Execution id="939f84f6-bc37-4afb-8623-dae9227231c6" />
      <TestMethod codeBase="/mnt/c/Users/alena/Desktop/7_sem/testing_and_debugging/SkiResort/AccessToDB.Tests/bin/Debug/net6.0/AccessToDB.Tests.dll" adapterTypeName="executor://xunit/VsTestRunner2/netcoreapp" className="AccessToDB.Tests.UsersRepositoryTests" name="TestGetUsersAsyncEmpty" />
    </UnitTest>
    <UnitTest name="AccessToDB.Tests.UsersRepositoryTests.TestGetUserByIdAsyncOk(user: User { UserID = 117, CardID = 170, UserEmail = UserEmail50cb956d-f5e0-4e0c-bb41-13d1002b5c3a, Password = passwordca6c6173-bf13-4132-888e-762052d90dbc, Permissions = UNAUTHORIZED })" storage="/mnt/c/users/alena/desktop/7_sem/testing_and_debugging/skiresort/accesstodb.tests/bin/debug/net6.0/accesstodb.tests.dll" id="c46610a1-3d17-b7fa-cbcd-1d1751d0a79d">
      <Execution id="1cc9f24a-7d94-4176-997e-373fcb554345" />
      <TestMethod codeBase="/mnt/c/Users/alena/Desktop/7_sem/testing_and_debugging/SkiResort/AccessToDB.Tests/bin/Debug/net6.0/AccessToDB.Tests.dll" adapterTypeName="executor://xunit/VsTestRunner2/netcoreapp" className="AccessToDB.Tests.UsersRepositoryTests" name="TestGetUserByIdAsyncOk" />
    </UnitTest>
    <UnitTest name="AccessToDB.Tests.LiftsSlopesRepositoryTests.TestGetSlopesByLiftIdAsyncFailsWhenSlopeNotExists(liftSlope: LiftSlope { RecordID = 217, LiftID = 22, SlopeID = 86 })" storage="/mnt/c/users/alena/desktop/7_sem/testing_and_debugging/skiresort/accesstodb.tests/bin/debug/net6.0/accesstodb.tests.dll" id="c92c9437-98c0-5a1a-b932-62aaa5d228ef">
      <Execution id="87db33d7-063b-44be-b84e-38f071dc10ca" />
      <TestMethod codeBase="/mnt/c/Users/alena/Desktop/7_sem/testing_and_debugging/SkiResort/AccessToDB.Tests/bin/Debug/net6.0/AccessToDB.Tests.dll" adapterTypeName="executor://xunit/VsTestRunner2/netcoreapp" className="AccessToDB.Tests.LiftsSlopesRepositoryTests" name="TestGetSlopesByLiftIdAsyncFailsWhenSlopeNotExists" />
    </UnitTest>
    <UnitTest name="AccessToDB.Tests.SlopesRepositoryTests.TestGetSlopeByIdAsyncOk(slope: Slope { SlopeID = 54, SlopeName = slopeNameff972282-45f8-437e-a5ef-0cd6ad4ad0cb, IsOpen = True, DifficultyLevel = 1, ConnectedLifts =  })" storage="/mnt/c/users/alena/desktop/7_sem/testing_and_debugging/skiresort/accesstodb.tests/bin/debug/net6.0/accesstodb.tests.dll" id="e1cfcd3c-37b3-ed4e-2e12-68b2a33d1868">
      <Execution id="0f1b025b-0976-4a8a-abeb-44caf7806642" />
      <TestMethod codeBase="/mnt/c/Users/alena/Desktop/7_sem/testing_and_debugging/SkiResort/AccessToDB.Tests/bin/Debug/net6.0/AccessToDB.Tests.dll" adapterTypeName="executor://xunit/VsTestRunner2/netcoreapp" className="AccessToDB.Tests.SlopesRepositoryTests" name="TestGetSlopeByIdAsyncOk" />
    </UnitTest>
    <UnitTest name="AccessToDB.Tests.TurnstilesRepositoryTests.TestAddTurnstileAutoIncrementAsyncOk" storage="/mnt/c/users/alena/desktop/7_sem/testing_and_debugging/skiresort/accesstodb.tests/bin/debug/net6.0/accesstodb.tests.dll" id="f9435956-2e34-e52b-c34e-dce53665cf8e">
      <Execution id="141b3f12-6432-4e65-ac1d-ab4a224b294e" />
      <TestMethod codeBase="/mnt/c/Users/alena/Desktop/7_sem/testing_and_debugging/SkiResort/AccessToDB.Tests/bin/Debug/net6.0/AccessToDB.Tests.dll" adapterTypeName="executor://xunit/VsTestRunner2/netcoreapp" className="AccessToDB.Tests.TurnstilesRepositoryTests" name="TestAddTurnstileAutoIncrementAsyncOk" />
    </UnitTest>
    <UnitTest name="AccessToDB.Tests.UsersRepositoryTests.TestCheckUserIdExistsAsyncTrue(user: User { UserID = 72, CardID = 178, UserEmail = UserEmail01f8fb71-9fd0-4680-96e3-37876cb31be2, Password = password9d2b5025-b39b-4f94-b1fc-f76e9defc19b, Permissions = UNAUTHORIZED })" storage="/mnt/c/users/alena/desktop/7_sem/testing_and_debugging/skiresort/accesstodb.tests/bin/debug/net6.0/accesstodb.tests.dll" id="b1a32a6d-d973-09bd-43e2-25c5479c285f">
      <Execution id="8fe24587-2ef4-4326-a944-9c9e968de111" />
      <TestMethod codeBase="/mnt/c/Users/alena/Desktop/7_sem/testing_and_debugging/SkiResort/AccessToDB.Tests/bin/Debug/net6.0/AccessToDB.Tests.dll" adapterTypeName="executor://xunit/VsTestRunner2/netcoreapp" className="AccessToDB.Tests.UsersRepositoryTests" name="TestCheckUserIdExistsAsyncTrue" />
    </UnitTest>
    <UnitTest name="AccessToDB.Tests.LiftsSlopesRepositoryTests.TestGetLiftSlopesAsyncEmpty" storage="/mnt/c/users/alena/desktop/7_sem/testing_and_debugging/skiresort/accesstodb.tests/bin/debug/net6.0/accesstodb.tests.dll" id="4145f44e-b4b1-a618-09e8-c631496e6f1a">
      <Execution id="a5ceaed7-da59-4cf4-86aa-835ec480fcf3" />
      <TestMethod codeBase="/mnt/c/Users/alena/Desktop/7_sem/testing_and_debugging/SkiResort/AccessToDB.Tests/bin/Debug/net6.0/AccessToDB.Tests.dll" adapterTypeName="executor://xunit/VsTestRunner2/netcoreapp" className="AccessToDB.Tests.LiftsSlopesRepositoryTests" name="TestGetLiftSlopesAsyncEmpty" />
    </UnitTest>
    <UnitTest name="AccessToDB.Tests.TurnstilesRepositoryTests.TestDeleteTurnstileByIDAsyncFailsWhenIDNotExists(turnstileID: 98)" storage="/mnt/c/users/alena/desktop/7_sem/testing_and_debugging/skiresort/accesstodb.tests/bin/debug/net6.0/accesstodb.tests.dll" id="3585dbc8-8571-595a-b608-b04b7eaa1e3f">
      <Execution id="67b75694-8f6e-4d2f-a535-65561de3334a" />
      <TestMethod codeBase="/mnt/c/Users/alena/Desktop/7_sem/testing_and_debugging/SkiResort/AccessToDB.Tests/bin/Debug/net6.0/AccessToDB.Tests.dll" adapterTypeName="executor://xunit/VsTestRunner2/netcoreapp" className="AccessToDB.Tests.TurnstilesRepositoryTests" name="TestDeleteTurnstileByIDAsyncFailsWhenIDNotExists" />
    </UnitTest>
    <UnitTest name="AccessToDB.Tests.LiftsRepositoryTests.TestGetLiftByNameAsyncFailsWhenNameNotExists(liftName: &quot;liftNamed73049b0-bd7f-479f-8659-a8266c0745ef&quot;)" storage="/mnt/c/users/alena/desktop/7_sem/testing_and_debugging/skiresort/accesstodb.tests/bin/debug/net6.0/accesstodb.tests.dll" id="8bb970e7-3ce2-ff01-49a8-709827d79095">
      <Execution id="7556c112-6c02-4388-a6d2-29a8ccd7621e" />
      <TestMethod codeBase="/mnt/c/Users/alena/Desktop/7_sem/testing_and_debugging/SkiResort/AccessToDB.Tests/bin/Debug/net6.0/AccessToDB.Tests.dll" adapterTypeName="executor://xunit/VsTestRunner2/netcoreapp" className="AccessToDB.Tests.LiftsRepositoryTests" name="TestGetLiftByNameAsyncFailsWhenNameNotExists" />
    </UnitTest>
    <UnitTest name="AccessToDB.Tests.LiftsRepositoryTests.TestAddLiftAsyncFailsWhenLiftIdRepeats(lift: Lift { LiftID = 194, LiftName = liftNamea7230586-fe50-438b-a036-43cfadcd65a4, IsOpen = True, SeatsAmount = 122, LiftingTime = 230, QueueTime = 68, ConnectedSlopes =  })" storage="/mnt/c/users/alena/desktop/7_sem/testing_and_debugging/skiresort/accesstodb.tests/bin/debug/net6.0/accesstodb.tests.dll" id="ba7b6bc2-cb23-4a81-9bdd-523a176b98da">
      <Execution id="d0409792-2aab-4f21-8973-49676e9f3708" />
      <TestMethod codeBase="/mnt/c/Users/alena/Desktop/7_sem/testing_and_debugging/SkiResort/AccessToDB.Tests/bin/Debug/net6.0/AccessToDB.Tests.dll" adapterTypeName="executor://xunit/VsTestRunner2/netcoreapp" className="AccessToDB.Tests.LiftsRepositoryTests" name="TestAddLiftAsyncFailsWhenLiftIdRepeats" />
    </UnitTest>
    <UnitTest name="AccessToDB.Tests.LiftsSlopesRepositoryTests.TestAddLiftSlopeAsyncFailsWhenLiftSlopeIdRepeats(liftSlope: LiftSlope { RecordID = 23, LiftID = 29, SlopeID = 103 })" storage="/mnt/c/users/alena/desktop/7_sem/testing_and_debugging/skiresort/accesstodb.tests/bin/debug/net6.0/accesstodb.tests.dll" id="d24e08aa-1880-3d2e-c3b0-0ef327bc95c6">
      <Execution id="1941ef3c-ade5-48e8-9a50-bc8e187e8d06" />
      <TestMethod codeBase="/mnt/c/Users/alena/Desktop/7_sem/testing_and_debugging/SkiResort/AccessToDB.Tests/bin/Debug/net6.0/AccessToDB.Tests.dll" adapterTypeName="executor://xunit/VsTestRunner2/netcoreapp" className="AccessToDB.Tests.LiftsSlopesRepositoryTests" name="TestAddLiftSlopeAsyncFailsWhenLiftSlopeIdRepeats" />
    </UnitTest>
    <UnitTest name="AccessToDB.Tests.TurnstilesRepositoryTests.TestGetTurnstilesByLiftIdAsyncOk(liftID: 244)" storage="/mnt/c/users/alena/desktop/7_sem/testing_and_debugging/skiresort/accesstodb.tests/bin/debug/net6.0/accesstodb.tests.dll" id="9555a111-965a-f35f-b318-037e0b7681fd">
      <Execution id="3e49fbdd-a04e-44f4-8388-5632a0963d90" />
      <TestMethod codeBase="/mnt/c/Users/alena/Desktop/7_sem/testing_and_debugging/SkiResort/AccessToDB.Tests/bin/Debug/net6.0/AccessToDB.Tests.dll" adapterTypeName="executor://xunit/VsTestRunner2/netcoreapp" className="AccessToDB.Tests.TurnstilesRepositoryTests" name="TestGetTurnstilesByLiftIdAsyncOk" />
    </UnitTest>
    <UnitTest name="AccessToDB.Tests.LiftsRepositoryTests.TestDeleteLiftByIDAsyncFailsWhenIDNotExists(liftID: 136)" storage="/mnt/c/users/alena/desktop/7_sem/testing_and_debugging/skiresort/accesstodb.tests/bin/debug/net6.0/accesstodb.tests.dll" id="e1832199-8b73-26ca-74fb-0d962185446d">
      <Execution id="26a85609-a4fb-44d7-bfde-44b3ede96a0f" />
      <TestMethod codeBase="/mnt/c/Users/alena/Desktop/7_sem/testing_and_debugging/SkiResort/AccessToDB.Tests/bin/Debug/net6.0/AccessToDB.Tests.dll" adapterTypeName="executor://xunit/VsTestRunner2/netcoreapp" className="AccessToDB.Tests.LiftsRepositoryTests" name="TestDeleteLiftByIDAsyncFailsWhenIDNotExists" />
    </UnitTest>
    <UnitTest name="AccessToDB.Tests.UsersRepositoryTests.TestAddUserAsyncFailsWhenUserIdRepeats(user: User { UserID = 199, CardID = 140, UserEmail = UserEmail49d3f5e9-4312-4ad8-aeef-b04353c2b788, Password = password24bccf21-a74d-467b-b2ed-253258d1ed25, Permissions = UNAUTHORIZED })" storage="/mnt/c/users/alena/desktop/7_sem/testing_and_debugging/skiresort/accesstodb.tests/bin/debug/net6.0/accesstodb.tests.dll" id="dee762aa-bc99-593a-7ffb-c3a35f77ac79">
      <Execution id="0a4d35ae-b2fd-4c68-828c-89ce63f677e2" />
      <TestMethod codeBase="/mnt/c/Users/alena/Desktop/7_sem/testing_and_debugging/SkiResort/AccessToDB.Tests/bin/Debug/net6.0/AccessToDB.Tests.dll" adapterTypeName="executor://xunit/VsTestRunner2/netcoreapp" className="AccessToDB.Tests.UsersRepositoryTests" name="TestAddUserAsyncFailsWhenUserIdRepeats" />
    </UnitTest>
    <UnitTest name="AccessToDB.Tests.LiftsSlopesRepositoryTests.TestUpdateLiftSlopeByIDAsyncOk(liftSlope: LiftSlope { RecordID = 13, LiftID = 137, SlopeID = 90 })" storage="/mnt/c/users/alena/desktop/7_sem/testing_and_debugging/skiresort/accesstodb.tests/bin/debug/net6.0/accesstodb.tests.dll" id="d1952c18-0e08-eec5-d0a9-46799d4c705d">
      <Execution id="48fd4c54-1361-494e-9f3e-5dd794ba62c4" />
      <TestMethod codeBase="/mnt/c/Users/alena/Desktop/7_sem/testing_and_debugging/SkiResort/AccessToDB.Tests/bin/Debug/net6.0/AccessToDB.Tests.dll" adapterTypeName="executor://xunit/VsTestRunner2/netcoreapp" className="AccessToDB.Tests.LiftsSlopesRepositoryTests" name="TestUpdateLiftSlopeByIDAsyncOk" />
    </UnitTest>
    <UnitTest name="AccessToDB.Tests.SlopesRepositoryTests.TestGetSlopesAsyncEmpty" storage="/mnt/c/users/alena/desktop/7_sem/testing_and_debugging/skiresort/accesstodb.tests/bin/debug/net6.0/accesstodb.tests.dll" id="9bbefb83-8311-6e03-307f-415e3495e223">
      <Execution id="d966976f-a221-417d-bff3-98955b4ae639" />
      <TestMethod codeBase="/mnt/c/Users/alena/Desktop/7_sem/testing_and_debugging/SkiResort/AccessToDB.Tests/bin/Debug/net6.0/AccessToDB.Tests.dll" adapterTypeName="executor://xunit/VsTestRunner2/netcoreapp" className="AccessToDB.Tests.SlopesRepositoryTests" name="TestGetSlopesAsyncEmpty" />
    </UnitTest>
    <UnitTest name="AccessToDB.Tests.TurnstilesRepositoryTests.TestGetTurnstileByIdAsyncOk(turnstile: Turnstile { TurnstileID = 186, LiftID = 10, IsOpen = True })" storage="/mnt/c/users/alena/desktop/7_sem/testing_and_debugging/skiresort/accesstodb.tests/bin/debug/net6.0/accesstodb.tests.dll" id="60a813ae-dc44-b9ad-8efd-a8aef7e7a144">
      <Execution id="3a9e1351-5ec6-408b-a407-c2fe4fdaf2a6" />
      <TestMethod codeBase="/mnt/c/Users/alena/Desktop/7_sem/testing_and_debugging/SkiResort/AccessToDB.Tests/bin/Debug/net6.0/AccessToDB.Tests.dll" adapterTypeName="executor://xunit/VsTestRunner2/netcoreapp" className="AccessToDB.Tests.TurnstilesRepositoryTests" name="TestGetTurnstileByIdAsyncOk" />
    </UnitTest>
    <UnitTest name="AccessToDB.Tests.LiftsRepositoryTests.TestAddLiftAutoIncrementAsyncOk" storage="/mnt/c/users/alena/desktop/7_sem/testing_and_debugging/skiresort/accesstodb.tests/bin/debug/net6.0/accesstodb.tests.dll" id="ec229f70-485a-f91b-53ed-bce655f6cd58">
      <Execution id="21a90a66-6720-4046-b27c-5fc562a65811" />
      <TestMethod codeBase="/mnt/c/Users/alena/Desktop/7_sem/testing_and_debugging/SkiResort/AccessToDB.Tests/bin/Debug/net6.0/AccessToDB.Tests.dll" adapterTypeName="executor://xunit/VsTestRunner2/netcoreapp" className="AccessToDB.Tests.LiftsRepositoryTests" name="TestAddLiftAutoIncrementAsyncOk" />
    </UnitTest>
    <UnitTest name="AccessToDB.Tests.LiftsSlopesRepositoryTests.TestDeleteLiftSlopesByIDsAsyncOk(liftSlope: LiftSlope { RecordID = 152, LiftID = 73, SlopeID = 156 })" storage="/mnt/c/users/alena/desktop/7_sem/testing_and_debugging/skiresort/accesstodb.tests/bin/debug/net6.0/accesstodb.tests.dll" id="e9055319-2ea1-ee2a-5b65-20d8f50f1d93">
      <Execution id="dc33fb4f-dd57-45e5-a82d-802767c7906c" />
      <TestMethod codeBase="/mnt/c/Users/alena/Desktop/7_sem/testing_and_debugging/SkiResort/AccessToDB.Tests/bin/Debug/net6.0/AccessToDB.Tests.dll" adapterTypeName="executor://xunit/VsTestRunner2/netcoreapp" className="AccessToDB.Tests.LiftsSlopesRepositoryTests" name="TestDeleteLiftSlopesByIDsAsyncOk" />
    </UnitTest>
    <UnitTest name="AccessToDB.Tests.SlopesRepositoryTests.TestAddSlopeAsyncFailsWhenSlopeIdRepeats(slope: Slope { SlopeID = 13, SlopeName = slopeName762bf5f1-12b2-4cb8-928f-381ed5e5a5cb, IsOpen = True, DifficultyLevel = 93, ConnectedLifts =  })" storage="/mnt/c/users/alena/desktop/7_sem/testing_and_debugging/skiresort/accesstodb.tests/bin/debug/net6.0/accesstodb.tests.dll" id="004cfa12-b503-8a23-287f-7fea2beb4f29">
      <Execution id="651fb2e0-cc6a-42ae-a1ae-8ee97d0eee55" />
      <TestMethod codeBase="/mnt/c/Users/alena/Desktop/7_sem/testing_and_debugging/SkiResort/AccessToDB.Tests/bin/Debug/net6.0/AccessToDB.Tests.dll" adapterTypeName="executor://xunit/VsTestRunner2/netcoreapp" className="AccessToDB.Tests.SlopesRepositoryTests" name="TestAddSlopeAsyncFailsWhenSlopeIdRepeats" />
    </UnitTest>
    <UnitTest name="AccessToDB.Tests.TurnstilesRepositoryTests.TestGetTurnstilesAsyncEmpty" storage="/mnt/c/users/alena/desktop/7_sem/testing_and_debugging/skiresort/accesstodb.tests/bin/debug/net6.0/accesstodb.tests.dll" id="3c521313-4ed6-6bce-b4f9-c359411028e7">
      <Execution id="c0093499-1152-45db-91cb-a8aee0638d57" />
      <TestMethod codeBase="/mnt/c/Users/alena/Desktop/7_sem/testing_and_debugging/SkiResort/AccessToDB.Tests/bin/Debug/net6.0/AccessToDB.Tests.dll" adapterTypeName="executor://xunit/VsTestRunner2/netcoreapp" className="AccessToDB.Tests.TurnstilesRepositoryTests" name="TestGetTurnstilesAsyncEmpty" />
    </UnitTest>
    <UnitTest name="AccessToDB.Tests.LiftsSlopesRepositoryTests.TestAddLiftSlopeAutoIncrementAsyncOk" storage="/mnt/c/users/alena/desktop/7_sem/testing_and_debugging/skiresort/accesstodb.tests/bin/debug/net6.0/accesstodb.tests.dll" id="30f8e924-9784-0a43-e807-094f70e06567">
      <Execution id="beaf09e3-1105-4844-af47-3a80bc62e2a6" />
      <TestMethod codeBase="/mnt/c/Users/alena/Desktop/7_sem/testing_and_debugging/SkiResort/AccessToDB.Tests/bin/Debug/net6.0/AccessToDB.Tests.dll" adapterTypeName="executor://xunit/VsTestRunner2/netcoreapp" className="AccessToDB.Tests.LiftsSlopesRepositoryTests" name="TestAddLiftSlopeAutoIncrementAsyncOk" />
    </UnitTest>
    <UnitTest name="AccessToDB.Tests.LiftsRepositoryTests.TestUpdateLiftByIDAsyncOk(lift: Lift { LiftID = 194, LiftName = liftName96f60caf-4409-492e-ad30-efeea0e87021, IsOpen = True, SeatsAmount = 54, LiftingTime = 112, QueueTime = 177, ConnectedSlopes =  })" storage="/mnt/c/users/alena/desktop/7_sem/testing_and_debugging/skiresort/accesstodb.tests/bin/debug/net6.0/accesstodb.tests.dll" id="a5b2fdae-8ca0-f7a5-cd4c-075141d0fb39">
      <Execution id="97ab4cab-93cc-4e7c-a4c5-776ec7dce0b6" />
      <TestMethod codeBase="/mnt/c/Users/alena/Desktop/7_sem/testing_and_debugging/SkiResort/AccessToDB.Tests/bin/Debug/net6.0/AccessToDB.Tests.dll" adapterTypeName="executor://xunit/VsTestRunner2/netcoreapp" className="AccessToDB.Tests.LiftsRepositoryTests" name="TestUpdateLiftByIDAsyncOk" />
    </UnitTest>
    <UnitTest name="AccessToDB.Tests.LiftsSlopesRepositoryTests.TestDeleteLiftSlopeByIDAsyncFailsWhenIDNotExists(liftSlopeID: 59)" storage="/mnt/c/users/alena/desktop/7_sem/testing_and_debugging/skiresort/accesstodb.tests/bin/debug/net6.0/accesstodb.tests.dll" id="8310d2de-b73d-a176-1eab-42c038ef1208">
      <Execution id="9a9e0959-52fa-43c3-a7a0-8c8ceb1af015" />
      <TestMethod codeBase="/mnt/c/Users/alena/Desktop/7_sem/testing_and_debugging/SkiResort/AccessToDB.Tests/bin/Debug/net6.0/AccessToDB.Tests.dll" adapterTypeName="executor://xunit/VsTestRunner2/netcoreapp" className="AccessToDB.Tests.LiftsSlopesRepositoryTests" name="TestDeleteLiftSlopeByIDAsyncFailsWhenIDNotExists" />
    </UnitTest>
    <UnitTest name="AccessToDB.Tests.LiftsRepositoryTests.TestGetLiftByIdAsyncOk(lift: Lift { LiftID = 116, LiftName = liftName3e35773c-5136-466c-a5f7-ebd76fdc91dd, IsOpen = True, SeatsAmount = 213, LiftingTime = 14, QueueTime = 182, ConnectedSlopes =  })" storage="/mnt/c/users/alena/desktop/7_sem/testing_and_debugging/skiresort/accesstodb.tests/bin/debug/net6.0/accesstodb.tests.dll" id="7283ec79-3493-36ea-312c-b25fca6aa2a8">
      <Execution id="7848ab59-1019-4461-98b9-7cf58b4fa0a2" />
      <TestMethod codeBase="/mnt/c/Users/alena/Desktop/7_sem/testing_and_debugging/SkiResort/AccessToDB.Tests/bin/Debug/net6.0/AccessToDB.Tests.dll" adapterTypeName="executor://xunit/VsTestRunner2/netcoreapp" className="AccessToDB.Tests.LiftsRepositoryTests" name="TestGetLiftByIdAsyncOk" />
    </UnitTest>
    <UnitTest name="AccessToDB.Tests.TurnstilesRepositoryTests.TestUpdateTurnstileByIDAsyncOk(turnstile: Turnstile { TurnstileID = 82, LiftID = 30, IsOpen = True })" storage="/mnt/c/users/alena/desktop/7_sem/testing_and_debugging/skiresort/accesstodb.tests/bin/debug/net6.0/accesstodb.tests.dll" id="06f82e76-dfe0-d01d-de54-81043c5c3c2c">
      <Execution id="56690041-268c-4d17-868b-960016fff940" />
      <TestMethod codeBase="/mnt/c/Users/alena/Desktop/7_sem/testing_and_debugging/SkiResort/AccessToDB.Tests/bin/Debug/net6.0/AccessToDB.Tests.dll" adapterTypeName="executor://xunit/VsTestRunner2/netcoreapp" className="AccessToDB.Tests.TurnstilesRepositoryTests" name="TestUpdateTurnstileByIDAsyncOk" />
    </UnitTest>
    <UnitTest name="AccessToDB.Tests.UsersRepositoryTests.TestGetUserByEmailAsyncFailsWhenEmailNotExists(email: &quot;email36ad7d15-d252-461c-8e54-c1671b7b94bd&quot;)" storage="/mnt/c/users/alena/desktop/7_sem/testing_and_debugging/skiresort/accesstodb.tests/bin/debug/net6.0/accesstodb.tests.dll" id="4f5dc0b2-ee3c-0ee3-1c1f-03b0bd0e849e">
      <Execution id="bf9b1516-cc37-412a-ad87-5139247f87b0" />
      <TestMethod codeBase="/mnt/c/Users/alena/Desktop/7_sem/testing_and_debugging/SkiResort/AccessToDB.Tests/bin/Debug/net6.0/AccessToDB.Tests.dll" adapterTypeName="executor://xunit/VsTestRunner2/netcoreapp" className="AccessToDB.Tests.UsersRepositoryTests" name="TestGetUserByEmailAsyncFailsWhenEmailNotExists" />
    </UnitTest>
    <UnitTest name="AccessToDB.Tests.TurnstilesRepositoryTests.TestAddTurnstileAsyncFailsWhenTurnstileIdRepeats(turnstile: Turnstile { TurnstileID = 198, LiftID = 19, IsOpen = True })" storage="/mnt/c/users/alena/desktop/7_sem/testing_and_debugging/skiresort/accesstodb.tests/bin/debug/net6.0/accesstodb.tests.dll" id="1c367fe5-0ab6-7398-c328-1171bae617fb">
      <Execution id="8c360a06-7d38-42e6-a1b2-6070d524019d" />
      <TestMethod codeBase="/mnt/c/Users/alena/Desktop/7_sem/testing_and_debugging/SkiResort/AccessToDB.Tests/bin/Debug/net6.0/AccessToDB.Tests.dll" adapterTypeName="executor://xunit/VsTestRunner2/netcoreapp" className="AccessToDB.Tests.TurnstilesRepositoryTests" name="TestAddTurnstileAsyncFailsWhenTurnstileIdRepeats" />
    </UnitTest>
    <UnitTest name="AccessToDB.Tests.UsersRepositoryTests.TestAddUserAutoIncrementAsyncOk" storage="/mnt/c/users/alena/desktop/7_sem/testing_and_debugging/skiresort/accesstodb.tests/bin/debug/net6.0/accesstodb.tests.dll" id="e75bb6e2-88d9-af2a-a444-c4a9d67f0f0e">
      <Execution id="30b8e8b4-ffbe-44ca-8069-8fcf81c559b6" />
      <TestMethod codeBase="/mnt/c/Users/alena/Desktop/7_sem/testing_and_debugging/SkiResort/AccessToDB.Tests/bin/Debug/net6.0/AccessToDB.Tests.dll" adapterTypeName="executor://xunit/VsTestRunner2/netcoreapp" className="AccessToDB.Tests.UsersRepositoryTests" name="TestAddUserAutoIncrementAsyncOk" />
    </UnitTest>
    <UnitTest name="AccessToDB.Tests.LiftsSlopesRepositoryTests.TestGetLiftsBySlopeIdAsyncOk(slope1: Slope { SlopeID = 249, SlopeName = slopeName5141b1f6-aa7b-4058-b5ea-bae428ce79da, IsOpen = True, DifficultyLevel = 118, ConnectedLifts =  }, slope2: Slope { SlopeID = 23, SlopeName = slopeName32328b0b-9b61-4b85-87e8-1bbfac1e380c, IsOpen = False, DifficultyLevel = 49, ConnectedLifts =  }, lift1: Lift { LiftID = 43, LiftName = liftName9ae6a058-3cfa-465c-b8bc-01b5..." storage="/mnt/c/users/alena/desktop/7_sem/testing_and_debugging/skiresort/accesstodb.tests/bin/debug/net6.0/accesstodb.tests.dll" id="51fa05e6-11e9-0e8b-bf5b-f93dba508352">
      <Execution id="02d9cd7f-9d10-4944-96a4-ad98edc101e3" />
      <TestMethod codeBase="/mnt/c/Users/alena/Desktop/7_sem/testing_and_debugging/SkiResort/AccessToDB.Tests/bin/Debug/net6.0/AccessToDB.Tests.dll" adapterTypeName="executor://xunit/VsTestRunner2/netcoreapp" className="AccessToDB.Tests.LiftsSlopesRepositoryTests" name="TestGetLiftsBySlopeIdAsyncOk" />
    </UnitTest>
    <UnitTest name="AccessToDB.Tests.UsersRepositoryTests.TestUpdateUserByIDAsyncOk(user: User { UserID = 3, CardID = 184, UserEmail = UserEmaila3d0d642-826f-40f2-b2cf-95f698c22a5f, Password = passwordede21add-3d47-44e1-b0dc-2f067b14dac6, Permissions = UNAUTHORIZED })" storage="/mnt/c/users/alena/desktop/7_sem/testing_and_debugging/skiresort/accesstodb.tests/bin/debug/net6.0/accesstodb.tests.dll" id="7fca8cce-13b0-5d0a-5522-de7067f69594">
      <Execution id="c5ce396b-cb0e-4268-8b86-761f0a171cae" />
      <TestMethod codeBase="/mnt/c/Users/alena/Desktop/7_sem/testing_and_debugging/SkiResort/AccessToDB.Tests/bin/Debug/net6.0/AccessToDB.Tests.dll" adapterTypeName="executor://xunit/VsTestRunner2/netcoreapp" className="AccessToDB.Tests.UsersRepositoryTests" name="TestUpdateUserByIDAsyncOk" />
    </UnitTest>
    <UnitTest name="AccessToDB.Tests.SlopesRepositoryTests.TestAddSlopeAutoIncrementAsyncOk" storage="/mnt/c/users/alena/desktop/7_sem/testing_and_debugging/skiresort/accesstodb.tests/bin/debug/net6.0/accesstodb.tests.dll" id="8f7ba917-f771-0dc5-f9b9-465c34344b12">
      <Execution id="d9806161-3810-4896-b661-cd2b0ffeb931" />
      <TestMethod codeBase="/mnt/c/Users/alena/Desktop/7_sem/testing_and_debugging/SkiResort/AccessToDB.Tests/bin/Debug/net6.0/AccessToDB.Tests.dll" adapterTypeName="executor://xunit/VsTestRunner2/netcoreapp" className="AccessToDB.Tests.SlopesRepositoryTests" name="TestAddSlopeAutoIncrementAsyncOk" />
    </UnitTest>
    <UnitTest name="AccessToDB.Tests.UsersRepositoryTests.TestCheckUserEmailExistsAsyncFalse(userEmail: &quot;userEmail0e8c67f7-ba2c-49eb-a2b9-1c4567220fa5&quot;)" storage="/mnt/c/users/alena/desktop/7_sem/testing_and_debugging/skiresort/accesstodb.tests/bin/debug/net6.0/accesstodb.tests.dll" id="10b921a7-cf91-1ff4-93bd-dd6d47539295">
      <Execution id="9432c72d-f530-4eb7-91fe-e9f1719cb496" />
      <TestMethod codeBase="/mnt/c/Users/alena/Desktop/7_sem/testing_and_debugging/SkiResort/AccessToDB.Tests/bin/Debug/net6.0/AccessToDB.Tests.dll" adapterTypeName="executor://xunit/VsTestRunner2/netcoreapp" className="AccessToDB.Tests.UsersRepositoryTests" name="TestCheckUserEmailExistsAsyncFalse" />
    </UnitTest>
    <UnitTest name="AccessToDB.Tests.SlopesRepositoryTests.TestDeleteSlopeByIDAsyncFailsWhenIDNotExists(slopeID: 17)" storage="/mnt/c/users/alena/desktop/7_sem/testing_and_debugging/skiresort/accesstodb.tests/bin/debug/net6.0/accesstodb.tests.dll" id="884a5b51-9377-f871-b6f2-ce571730f1f2">
      <Execution id="acdeea76-166f-454d-a1b4-29a17e3db4fc" />
      <TestMethod codeBase="/mnt/c/Users/alena/Desktop/7_sem/testing_and_debugging/SkiResort/AccessToDB.Tests/bin/Debug/net6.0/AccessToDB.Tests.dll" adapterTypeName="executor://xunit/VsTestRunner2/netcoreapp" className="AccessToDB.Tests.SlopesRepositoryTests" name="TestDeleteSlopeByIDAsyncFailsWhenIDNotExists" />
    </UnitTest>
    <UnitTest name="AccessToDB.Tests.LiftsRepositoryTests.TestGetLiftsAsyncEmpty" storage="/mnt/c/users/alena/desktop/7_sem/testing_and_debugging/skiresort/accesstodb.tests/bin/debug/net6.0/accesstodb.tests.dll" id="607e8298-f113-be33-300e-15a343893443">
      <Execution id="aeb9a538-94ac-4874-8d77-38c678822e5f" />
      <TestMethod codeBase="/mnt/c/Users/alena/Desktop/7_sem/testing_and_debugging/SkiResort/AccessToDB.Tests/bin/Debug/net6.0/AccessToDB.Tests.dll" adapterTypeName="executor://xunit/VsTestRunner2/netcoreapp" className="AccessToDB.Tests.LiftsRepositoryTests" name="TestGetLiftsAsyncEmpty" />
    </UnitTest>
    <UnitTest name="AccessToDB.Tests.LiftsSlopesRepositoryTests.TestGetLiftSlopeByIdAsyncOk(liftSlope: LiftSlope { RecordID = 148, LiftID = 171, SlopeID = 126 })" storage="/mnt/c/users/alena/desktop/7_sem/testing_and_debugging/skiresort/accesstodb.tests/bin/debug/net6.0/accesstodb.tests.dll" id="e16ee255-f9b5-8f39-81a7-c8c95f56b39f">
      <Execution id="8ccb064c-00f8-4e28-9dad-a75013dc4a0c" />
      <TestMethod codeBase="/mnt/c/Users/alena/Desktop/7_sem/testing_and_debugging/SkiResort/AccessToDB.Tests/bin/Debug/net6.0/AccessToDB.Tests.dll" adapterTypeName="executor://xunit/VsTestRunner2/netcoreapp" className="AccessToDB.Tests.LiftsSlopesRepositoryTests" name="TestGetLiftSlopeByIdAsyncOk" />
    </UnitTest>
    <UnitTest name="AccessToDB.Tests.SlopesRepositoryTests.TestUpdateSlopeByIDAsyncOk(slope: Slope { SlopeID = 192, SlopeName = slopeName1a1c70ea-7f3a-4aff-89af-02b47d6a3dfd, IsOpen = True, DifficultyLevel = 193, ConnectedLifts =  })" storage="/mnt/c/users/alena/desktop/7_sem/testing_and_debugging/skiresort/accesstodb.tests/bin/debug/net6.0/accesstodb.tests.dll" id="ea6d0a15-ae1a-e04a-1f7f-53f195ddb0d3">
      <Execution id="20fa719c-5a01-4be3-a575-9e529391f0ca" />
      <TestMethod codeBase="/mnt/c/Users/alena/Desktop/7_sem/testing_and_debugging/SkiResort/AccessToDB.Tests/bin/Debug/net6.0/AccessToDB.Tests.dll" adapterTypeName="executor://xunit/VsTestRunner2/netcoreapp" className="AccessToDB.Tests.SlopesRepositoryTests" name="TestUpdateSlopeByIDAsyncOk" />
    </UnitTest>
  </TestDefinitions>
  <TestEntries>
    <TestEntry testId="f9435956-2e34-e52b-c34e-dce53665cf8e" executionId="141b3f12-6432-4e65-ac1d-ab4a224b294e" testListId="8c84fa94-04c1-424b-9868-57a2d4851a1d" />
    <TestEntry testId="3741b26d-6ee0-6246-29e4-92009bff37b0" executionId="939f84f6-bc37-4afb-8623-dae9227231c6" testListId="8c84fa94-04c1-424b-9868-57a2d4851a1d" />
    <TestEntry testId="8f7ba917-f771-0dc5-f9b9-465c34344b12" executionId="d9806161-3810-4896-b661-cd2b0ffeb931" testListId="8c84fa94-04c1-424b-9868-57a2d4851a1d" />
    <TestEntry testId="9bbefb83-8311-6e03-307f-415e3495e223" executionId="d966976f-a221-417d-bff3-98955b4ae639" testListId="8c84fa94-04c1-424b-9868-57a2d4851a1d" />
    <TestEntry testId="60a813ae-dc44-b9ad-8efd-a8aef7e7a144" executionId="3a9e1351-5ec6-408b-a407-c2fe4fdaf2a6" testListId="8c84fa94-04c1-424b-9868-57a2d4851a1d" />
    <TestEntry testId="ea6d0a15-ae1a-e04a-1f7f-53f195ddb0d3" executionId="20fa719c-5a01-4be3-a575-9e529391f0ca" testListId="8c84fa94-04c1-424b-9868-57a2d4851a1d" />
    <TestEntry testId="6a16577e-f231-0589-2d51-6d79d75f7ce1" executionId="45f9e528-4bcc-4102-abea-f6a0c3465b50" testListId="8c84fa94-04c1-424b-9868-57a2d4851a1d" />
    <TestEntry testId="06f82e76-dfe0-d01d-de54-81043c5c3c2c" executionId="56690041-268c-4d17-868b-960016fff940" testListId="8c84fa94-04c1-424b-9868-57a2d4851a1d" />
    <TestEntry testId="8bb970e7-3ce2-ff01-49a8-709827d79095" executionId="7556c112-6c02-4388-a6d2-29a8ccd7621e" testListId="8c84fa94-04c1-424b-9868-57a2d4851a1d" />
    <TestEntry testId="9555a111-965a-f35f-b318-037e0b7681fd" executionId="3e49fbdd-a04e-44f4-8388-5632a0963d90" testListId="8c84fa94-04c1-424b-9868-57a2d4851a1d" />
    <TestEntry testId="c46610a1-3d17-b7fa-cbcd-1d1751d0a79d" executionId="1cc9f24a-7d94-4176-997e-373fcb554345" testListId="8c84fa94-04c1-424b-9868-57a2d4851a1d" />
    <TestEntry testId="7fca8cce-13b0-5d0a-5522-de7067f69594" executionId="c5ce396b-cb0e-4268-8b86-761f0a171cae" testListId="8c84fa94-04c1-424b-9868-57a2d4851a1d" />
    <TestEntry testId="3c521313-4ed6-6bce-b4f9-c359411028e7" executionId="c0093499-1152-45db-91cb-a8aee0638d57" testListId="8c84fa94-04c1-424b-9868-57a2d4851a1d" />
    <TestEntry testId="d24e08aa-1880-3d2e-c3b0-0ef327bc95c6" executionId="1941ef3c-ade5-48e8-9a50-bc8e187e8d06" testListId="8c84fa94-04c1-424b-9868-57a2d4851a1d" />
    <TestEntry testId="e1832199-8b73-26ca-74fb-0d962185446d" executionId="26a85609-a4fb-44d7-bfde-44b3ede96a0f" testListId="8c84fa94-04c1-424b-9868-57a2d4851a1d" />
    <TestEntry testId="e9055319-2ea1-ee2a-5b65-20d8f50f1d93" executionId="dc33fb4f-dd57-45e5-a82d-802767c7906c" testListId="8c84fa94-04c1-424b-9868-57a2d4851a1d" />
    <TestEntry testId="004cfa12-b503-8a23-287f-7fea2beb4f29" executionId="651fb2e0-cc6a-42ae-a1ae-8ee97d0eee55" testListId="8c84fa94-04c1-424b-9868-57a2d4851a1d" />
    <TestEntry testId="d1952c18-0e08-eec5-d0a9-46799d4c705d" executionId="48fd4c54-1361-494e-9f3e-5dd794ba62c4" testListId="8c84fa94-04c1-424b-9868-57a2d4851a1d" />
    <TestEntry testId="10b921a7-cf91-1ff4-93bd-dd6d47539295" executionId="9432c72d-f530-4eb7-91fe-e9f1719cb496" testListId="8c84fa94-04c1-424b-9868-57a2d4851a1d" />
    <TestEntry testId="607e8298-f113-be33-300e-15a343893443" executionId="aeb9a538-94ac-4874-8d77-38c678822e5f" testListId="8c84fa94-04c1-424b-9868-57a2d4851a1d" />
    <TestEntry testId="4145f44e-b4b1-a618-09e8-c631496e6f1a" executionId="a5ceaed7-da59-4cf4-86aa-835ec480fcf3" testListId="8c84fa94-04c1-424b-9868-57a2d4851a1d" />
    <TestEntry testId="dee762aa-bc99-593a-7ffb-c3a35f77ac79" executionId="0a4d35ae-b2fd-4c68-828c-89ce63f677e2" testListId="8c84fa94-04c1-424b-9868-57a2d4851a1d" />
    <TestEntry testId="b1a32a6d-d973-09bd-43e2-25c5479c285f" executionId="8fe24587-2ef4-4326-a944-9c9e968de111" testListId="8c84fa94-04c1-424b-9868-57a2d4851a1d" />
    <TestEntry testId="ba7b6bc2-cb23-4a81-9bdd-523a176b98da" executionId="d0409792-2aab-4f21-8973-49676e9f3708" testListId="8c84fa94-04c1-424b-9868-57a2d4851a1d" />
    <TestEntry testId="1c367fe5-0ab6-7398-c328-1171bae617fb" executionId="8c360a06-7d38-42e6-a1b2-6070d524019d" testListId="8c84fa94-04c1-424b-9868-57a2d4851a1d" />
    <TestEntry testId="c92c9437-98c0-5a1a-b932-62aaa5d228ef" executionId="87db33d7-063b-44be-b84e-38f071dc10ca" testListId="8c84fa94-04c1-424b-9868-57a2d4851a1d" />
    <TestEntry testId="ec229f70-485a-f91b-53ed-bce655f6cd58" executionId="21a90a66-6720-4046-b27c-5fc562a65811" testListId="8c84fa94-04c1-424b-9868-57a2d4851a1d" />
    <TestEntry testId="ffb0dc2c-cd7b-e24f-0619-3a7c371bf971" executionId="bb2f796c-27c0-4d08-a333-fd33443f905c" testListId="8c84fa94-04c1-424b-9868-57a2d4851a1d" />
    <TestEntry testId="884a5b51-9377-f871-b6f2-ce571730f1f2" executionId="acdeea76-166f-454d-a1b4-29a17e3db4fc" testListId="8c84fa94-04c1-424b-9868-57a2d4851a1d" />
    <TestEntry testId="4f5dc0b2-ee3c-0ee3-1c1f-03b0bd0e849e" executionId="bf9b1516-cc37-412a-ad87-5139247f87b0" testListId="8c84fa94-04c1-424b-9868-57a2d4851a1d" />
    <TestEntry testId="51fa05e6-11e9-0e8b-bf5b-f93dba508352" executionId="02d9cd7f-9d10-4944-96a4-ad98edc101e3" testListId="8c84fa94-04c1-424b-9868-57a2d4851a1d" />
    <TestEntry testId="8310d2de-b73d-a176-1eab-42c038ef1208" executionId="9a9e0959-52fa-43c3-a7a0-8c8ceb1af015" testListId="8c84fa94-04c1-424b-9868-57a2d4851a1d" />
    <TestEntry testId="a5b2fdae-8ca0-f7a5-cd4c-075141d0fb39" executionId="97ab4cab-93cc-4e7c-a4c5-776ec7dce0b6" testListId="8c84fa94-04c1-424b-9868-57a2d4851a1d" />
    <TestEntry testId="e1cfcd3c-37b3-ed4e-2e12-68b2a33d1868" executionId="0f1b025b-0976-4a8a-abeb-44caf7806642" testListId="8c84fa94-04c1-424b-9868-57a2d4851a1d" />
    <TestEntry testId="e16ee255-f9b5-8f39-81a7-c8c95f56b39f" executionId="8ccb064c-00f8-4e28-9dad-a75013dc4a0c" testListId="8c84fa94-04c1-424b-9868-57a2d4851a1d" />
    <TestEntry testId="3585dbc8-8571-595a-b608-b04b7eaa1e3f" executionId="67b75694-8f6e-4d2f-a535-65561de3334a" testListId="8c84fa94-04c1-424b-9868-57a2d4851a1d" />
    <TestEntry testId="e75bb6e2-88d9-af2a-a444-c4a9d67f0f0e" executionId="30b8e8b4-ffbe-44ca-8069-8fcf81c559b6" testListId="8c84fa94-04c1-424b-9868-57a2d4851a1d" />
    <TestEntry testId="30f8e924-9784-0a43-e807-094f70e06567" executionId="beaf09e3-1105-4844-af47-3a80bc62e2a6" testListId="8c84fa94-04c1-424b-9868-57a2d4851a1d" />
    <TestEntry testId="7283ec79-3493-36ea-312c-b25fca6aa2a8" executionId="7848ab59-1019-4461-98b9-7cf58b4fa0a2" testListId="8c84fa94-04c1-424b-9868-57a2d4851a1d" />
  </TestEntries>
  <TestLists>
    <TestList name="Results Not in a List" id="8c84fa94-04c1-424b-9868-57a2d4851a1d" />
    <TestList name="All Loaded Results" id="19431567-8539-422a-85d7-44ee4e166bda" />
  </TestLists>
  <ResultSummary outcome="Completed">
    <Counters total="39" executed="39" passed="39" failed="0" error="0" timeout="0" aborted="0" inconclusive="0" passedButRunAborted="0" notRunnable="0" notExecuted="0" disconnected="0" warning="0" completed="0" inProgress="0" pending="0" />
    <Output>
      <StdOut>[xUnit.net 00:00:00.00] xUnit.net VSTest Adapter v2.4.5+1caef2f33e (64-bit .NET 6.0.10)
[xUnit.net 00:00:01.05]   Discovering: AccessToDB.Tests
[xUnit.net 00:00:01.16]   Discovered:  AccessToDB.Tests
[xUnit.net 00:00:01.16]   Starting:    AccessToDB.Tests
[xUnit.net 00:00:17.27]   Finished:    AccessToDB.Tests
</StdOut>
    </Output>
  </ResultSummary>
</TestRun>