<?xml version="1.0" encoding="utf-8"?>
<TestRun id="78e8c15c-8fb9-4986-b672-3c5e5a0fdd1a" name="@DESKTOP-TJ9D65N 2022-10-15 23:35:14" xmlns="http://microsoft.com/schemas/VisualStudio/TeamTest/2010">
  <Times creation="2022-10-15T23:35:14.5695187+03:00" queuing="2022-10-15T23:35:14.5695187+03:00" start="2022-10-15T23:35:10.6957323+03:00" finish="2022-10-15T23:35:28.6674446+03:00" />
  <TestSettings name="default" id="f761b7da-09e7-4a03-ad7f-8846fe831a38">
    <Deployment runDeploymentRoot="_DESKTOP-TJ9D65N_2022-10-15_23_35_14" />
  </TestSettings>
  <Results>
    <UnitTestResult executionId="360e4b51-caed-4006-8f9e-42c50cff8005" testId="607e8298-f113-be33-300e-15a343893443" testName="AccessToDB.Tests.LiftsRepositoryTests.TestGetLiftsAsyncEmpty" computerName="DESKTOP-TJ9D65N" duration="00:00:00.3596302" startTime="2022-10-15T23:35:21.1602156+03:00" endTime="2022-10-15T23:35:21.1602157+03:00" testType="13cdc9d9-ddb5-4fa4-a97d-d965ccfc6d4b" outcome="Passed" testListId="8c84fa94-04c1-424b-9868-57a2d4851a1d" relativeResultsDirectory="360e4b51-caed-4006-8f9e-42c50cff8005" />
    <UnitTestResult executionId="81f61360-c799-4be3-9805-d08caff7554d" testId="2ceb27d5-67c9-df35-ac4e-f97557a17a48" testName="AccessToDB.Tests.LiftsSlopesRepositoryTests.TestGetLiftsBySlopeIdAsyncOk(slope1: Slope { SlopeID = 150, SlopeName = slopeName97889077-5b60-4f4b-99db-43ae42d88968, IsOpen = True, DifficultyLevel = 241, ConnectedLifts =  }, slope2: Slope { SlopeID = 53, SlopeName = slopeName0afdbef9-d562-408e-812c-27a0c52dc827, IsOpen = False, DifficultyLevel = 192, ConnectedLifts =  }, lift1: Lift { LiftID = 197, LiftName = liftName8cdd5fdc-5b9b-4cb8-a60b-a3d4fe1ce75f, IsOpen = True, SeatsAmount = 189, LiftingTime = 191, QueueTime = 170, ConnectedSlopes =  }, lift2: Lift { LiftID = 184, LiftName = liftName0b1caa46-d410-4b6d-907a-2cbf2a1f2617, IsOpen = False, SeatsAmount = 130, LiftingTime = 204, QueueTime = 244, ConnectedSlopes =  })" computerName="DESKTOP-TJ9D65N" duration="00:00:00.4202893" startTime="2022-10-15T23:35:14.7169678+03:00" endTime="2022-10-15T23:35:14.7169679+03:00" testType="13cdc9d9-ddb5-4fa4-a97d-d965ccfc6d4b" outcome="Passed" testListId="8c84fa94-04c1-424b-9868-57a2d4851a1d" relativeResultsDirectory="81f61360-c799-4be3-9805-d08caff7554d" />
    <UnitTestResult executionId="2e7eaabf-e38a-4bd9-92a1-e1073661c1f3" testId="abce8750-e836-4def-3086-7a2c02f40dda" testName="AccessToDB.Tests.LiftsRepositoryTests.TestAddLiftAsyncFailsWhenLiftIdRepeats(lift: Lift { LiftID = 240, LiftName = liftName4fa9ba95-c0e1-4f45-be9b-6444ed9897b1, IsOpen = True, SeatsAmount = 220, LiftingTime = 33, QueueTime = 53, ConnectedSlopes =  })" computerName="DESKTOP-TJ9D65N" duration="00:00:00.3903443" startTime="2022-10-15T23:35:21.9637574+03:00" endTime="2022-10-15T23:35:21.9637575+03:00" testType="13cdc9d9-ddb5-4fa4-a97d-d965ccfc6d4b" outcome="Passed" testListId="8c84fa94-04c1-424b-9868-57a2d4851a1d" relativeResultsDirectory="2e7eaabf-e38a-4bd9-92a1-e1073661c1f3" />
    <UnitTestResult executionId="626eb52e-3e85-4d21-8436-f75c13d9d656" testId="9daee4c4-678b-ae9e-7ec8-ac1d446fd554" testName="AccessToDB.Tests.SlopesRepositoryTests.TestUpdateSlopeByIDAsyncOk(slope: Slope { SlopeID = 79, SlopeName = slopeNamee640d501-d7a5-404c-9142-ea75b4612622, IsOpen = True, DifficultyLevel = 140, ConnectedLifts =  })" computerName="DESKTOP-TJ9D65N" duration="00:00:00.3895041" startTime="2022-10-15T23:35:28.5701852+03:00" endTime="2022-10-15T23:35:28.5701853+03:00" testType="13cdc9d9-ddb5-4fa4-a97d-d965ccfc6d4b" outcome="Passed" testListId="8c84fa94-04c1-424b-9868-57a2d4851a1d" relativeResultsDirectory="626eb52e-3e85-4d21-8436-f75c13d9d656" />
    <UnitTestResult executionId="4c4b5815-08c4-4bce-910f-efe5e3cb2466" testId="f9435956-2e34-e52b-c34e-dce53665cf8e" testName="AccessToDB.Tests.TurnstilesRepositoryTests.TestAddTurnstileAutoIncrementAsyncOk" computerName="DESKTOP-TJ9D65N" duration="00:00:00.3897712" startTime="2022-10-15T23:35:19.5901933+03:00" endTime="2022-10-15T23:35:19.5901934+03:00" testType="13cdc9d9-ddb5-4fa4-a97d-d965ccfc6d4b" outcome="Passed" testListId="8c84fa94-04c1-424b-9868-57a2d4851a1d" relativeResultsDirectory="4c4b5815-08c4-4bce-910f-efe5e3cb2466" />
    <UnitTestResult executionId="996c6819-6867-4303-99c3-ae6ffa46ecb1" testId="04371213-ad0f-cedc-164d-5028057b75f2" testName="AccessToDB.Tests.TurnstilesRepositoryTests.TestGetTurnstilesByLiftIdAsyncOk(liftID: 20)" computerName="DESKTOP-TJ9D65N" duration="00:00:00.4911173" startTime="2022-10-15T23:35:17.2070960+03:00" endTime="2022-10-15T23:35:17.2070961+03:00" testType="13cdc9d9-ddb5-4fa4-a97d-d965ccfc6d4b" outcome="Passed" testListId="8c84fa94-04c1-424b-9868-57a2d4851a1d" relativeResultsDirectory="996c6819-6867-4303-99c3-ae6ffa46ecb1" />
    <UnitTestResult executionId="26c744d1-555c-465b-be91-10b54a59e4bd" testId="9922b3a2-d2ee-b321-1e04-8f7d51ed9b94" testName="AccessToDB.Tests.LiftsRepositoryTests.TestGetLiftByNameAsyncFailsWhenNameNotExists(liftName: &quot;liftName0dc0a703-5afc-4347-8be3-14f101bc4175&quot;)" computerName="DESKTOP-TJ9D65N" duration="00:00:00.3589867" startTime="2022-10-15T23:35:20.7846395+03:00" endTime="2022-10-15T23:35:20.7846396+03:00" testType="13cdc9d9-ddb5-4fa4-a97d-d965ccfc6d4b" outcome="Passed" testListId="8c84fa94-04c1-424b-9868-57a2d4851a1d" relativeResultsDirectory="26c744d1-555c-465b-be91-10b54a59e4bd" />
    <UnitTestResult executionId="7f1b3fde-e4bd-4705-84c4-297ef7a3a628" testId="f13242d0-a4f9-c2b6-347b-f3f450a177f2" testName="AccessToDB.Tests.LiftsRepositoryTests.TestUpdateLiftByIDAsyncOk(lift: Lift { LiftID = 143, LiftName = liftName5c2c8faf-9635-4394-874d-b8dcf8ae8ebe, IsOpen = True, SeatsAmount = 253, LiftingTime = 115, QueueTime = 122, ConnectedSlopes =  })" computerName="DESKTOP-TJ9D65N" duration="00:00:00.3893085" startTime="2022-10-15T23:35:20.4148902+03:00" endTime="2022-10-15T23:35:20.4148905+03:00" testType="13cdc9d9-ddb5-4fa4-a97d-d965ccfc6d4b" outcome="Passed" testListId="8c84fa94-04c1-424b-9868-57a2d4851a1d" relativeResultsDirectory="7f1b3fde-e4bd-4705-84c4-297ef7a3a628" />
    <UnitTestResult executionId="f122cc83-6840-4154-b4f7-982eb9618f41" testId="30f8e924-9784-0a43-e807-094f70e06567" testName="AccessToDB.Tests.LiftsSlopesRepositoryTests.TestAddLiftSlopeAutoIncrementAsyncOk" computerName="DESKTOP-TJ9D65N" duration="00:00:00.3898258" startTime="2022-10-15T23:35:15.9186705+03:00" endTime="2022-10-15T23:35:15.9186708+03:00" testType="13cdc9d9-ddb5-4fa4-a97d-d965ccfc6d4b" outcome="Passed" testListId="8c84fa94-04c1-424b-9868-57a2d4851a1d" relativeResultsDirectory="f122cc83-6840-4154-b4f7-982eb9618f41" />
    <UnitTestResult executionId="4298409a-66c7-4f73-ac3d-ca92999e99ff" testId="cdac4cca-5b48-6c91-c6c7-cd42e2390cd8" testName="AccessToDB.Tests.SlopesRepositoryTests.TestDeleteSlopeByIDAsyncFailsWhenIDNotExists(slopeID: 101)" computerName="DESKTOP-TJ9D65N" duration="00:00:00.3604473" startTime="2022-10-15T23:35:26.2304659+03:00" endTime="2022-10-15T23:35:26.2304660+03:00" testType="13cdc9d9-ddb5-4fa4-a97d-d965ccfc6d4b" outcome="Passed" testListId="8c84fa94-04c1-424b-9868-57a2d4851a1d" relativeResultsDirectory="4298409a-66c7-4f73-ac3d-ca92999e99ff" />
    <UnitTestResult executionId="dae33aad-0ced-49a1-b37c-d5079d548bce" testId="c1a09e66-6c95-4707-fcdb-30e75231b9c0" testName="AccessToDB.Tests.UsersRepositoryTests.TestGetUserByEmailAsyncFailsWhenEmailNotExists(email: &quot;email2852f2a3-8a81-4e78-b4ee-f4b73ed589f7&quot;)" computerName="DESKTOP-TJ9D65N" duration="00:00:00.3587936" startTime="2022-10-15T23:35:24.2588550+03:00" endTime="2022-10-15T23:35:24.2588552+03:00" testType="13cdc9d9-ddb5-4fa4-a97d-d965ccfc6d4b" outcome="Passed" testListId="8c84fa94-04c1-424b-9868-57a2d4851a1d" relativeResultsDirectory="dae33aad-0ced-49a1-b37c-d5079d548bce" />
    <UnitTestResult executionId="8f5899cf-1f83-432f-9313-32184863acad" testId="0b26847a-532c-2b6f-59d8-edd14ac9b9ff" testName="AccessToDB.Tests.LiftsSlopesRepositoryTests.TestDeleteLiftSlopeByIDAsyncFailsWhenIDNotExists(liftSlopeID: 193)" computerName="DESKTOP-TJ9D65N" duration="00:00:00.3587534" startTime="2022-10-15T23:35:13.8833680+03:00" endTime="2022-10-15T23:35:13.8833681+03:00" testType="13cdc9d9-ddb5-4fa4-a97d-d965ccfc6d4b" outcome="Passed" testListId="8c84fa94-04c1-424b-9868-57a2d4851a1d" relativeResultsDirectory="8f5899cf-1f83-432f-9313-32184863acad" />
    <UnitTestResult executionId="5b552a86-b416-48fb-8777-c91c5e3bef33" testId="81563946-2624-efcb-4e6b-84e1a61aaa30" testName="AccessToDB.Tests.LiftsRepositoryTests.TestDeleteLiftByIDAsyncFailsWhenIDNotExists(liftID: 246)" computerName="DESKTOP-TJ9D65N" duration="00:00:00.3594684" startTime="2022-10-15T23:35:22.3343292+03:00" endTime="2022-10-15T23:35:22.3343294+03:00" testType="13cdc9d9-ddb5-4fa4-a97d-d965ccfc6d4b" outcome="Passed" testListId="8c84fa94-04c1-424b-9868-57a2d4851a1d" relativeResultsDirectory="5b552a86-b416-48fb-8777-c91c5e3bef33" />
    <UnitTestResult executionId="537740de-f486-4396-ac9b-2f044ff8fc4d" testId="4d92c64c-ec03-b774-df27-ad6d76c324a5" testName="AccessToDB.Tests.LiftsSlopesRepositoryTests.TestAddLiftSlopeAsyncFailsWhenLiftSlopeIdRepeats(liftSlope: LiftSlope { RecordID = 156, LiftID = 196, SlopeID = 252 })" computerName="DESKTOP-TJ9D65N" duration="00:00:00.3897926" startTime="2022-10-15T23:35:16.6925130+03:00" endTime="2022-10-15T23:35:16.6925132+03:00" testType="13cdc9d9-ddb5-4fa4-a97d-d965ccfc6d4b" outcome="Passed" testListId="8c84fa94-04c1-424b-9868-57a2d4851a1d" relativeResultsDirectory="537740de-f486-4396-ac9b-2f044ff8fc4d" />
    <UnitTestResult executionId="6d371fea-b41f-4189-a731-e3e8dd817376" testId="08c4d346-b349-7532-6a6c-7a404ca4e819" testName="AccessToDB.Tests.LiftsSlopesRepositoryTests.TestDeleteLiftSlopesByIDsAsyncOk(liftSlope: LiftSlope { RecordID = 230, LiftID = 128, SlopeID = 162 })" computerName="DESKTOP-TJ9D65N" duration="00:00:00.3889884" startTime="2022-10-15T23:35:14.2846809+03:00" endTime="2022-10-15T23:35:14.2846811+03:00" testType="13cdc9d9-ddb5-4fa4-a97d-d965ccfc6d4b" outcome="Passed" testListId="8c84fa94-04c1-424b-9868-57a2d4851a1d" relativeResultsDirectory="6d371fea-b41f-4189-a731-e3e8dd817376" />
    <UnitTestResult executionId="52736a59-b55e-4b17-9b8e-3455c9a79519" testId="c36e215c-8de0-4cc0-9188-8fd5f665666a" testName="AccessToDB.Tests.UsersRepositoryTests.TestDeleteUserByIDAsyncFailsWhenIDNotExists(userID: 250)" computerName="DESKTOP-TJ9D65N" duration="00:00:00.3586203" startTime="2022-10-15T23:35:23.8877884+03:00" endTime="2022-10-15T23:35:23.8877886+03:00" testType="13cdc9d9-ddb5-4fa4-a97d-d965ccfc6d4b" outcome="Passed" testListId="8c84fa94-04c1-424b-9868-57a2d4851a1d" relativeResultsDirectory="52736a59-b55e-4b17-9b8e-3455c9a79519" />
    <UnitTestResult executionId="1e3a40ef-fc4f-4b3e-a416-e4e61df45d80" testId="4f6280e9-4080-f4d2-1f1d-27b9d55b6688" testName="AccessToDB.Tests.UsersRepositoryTests.TestUpdateUserByIDAsyncOk(user: User { UserID = 237, CardID = 23, UserEmail = UserEmaild2d622cb-9d35-4bdc-87b5-a19c4e81baeb, Password = password942838bb-2e03-4f36-8d20-fff0d1902d0c, Permissions = UNAUTHORIZED })" computerName="DESKTOP-TJ9D65N" duration="00:00:00.3890363" startTime="2022-10-15T23:35:23.5173115+03:00" endTime="2022-10-15T23:35:23.5173116+03:00" testType="13cdc9d9-ddb5-4fa4-a97d-d965ccfc6d4b" outcome="Passed" testListId="8c84fa94-04c1-424b-9868-57a2d4851a1d" relativeResultsDirectory="1e3a40ef-fc4f-4b3e-a416-e4e61df45d80" />
    <UnitTestResult executionId="41a4c538-9950-46b1-b76e-f71816d30c5b" testId="ec229f70-485a-f91b-53ed-bce655f6cd58" testName="AccessToDB.Tests.LiftsRepositoryTests.TestAddLiftAutoIncrementAsyncOk" computerName="DESKTOP-TJ9D65N" duration="00:00:00.4027464" startTime="2022-10-15T23:35:20.0144327+03:00" endTime="2022-10-15T23:35:20.0144328+03:00" testType="13cdc9d9-ddb5-4fa4-a97d-d965ccfc6d4b" outcome="Passed" testListId="8c84fa94-04c1-424b-9868-57a2d4851a1d" relativeResultsDirectory="41a4c538-9950-46b1-b76e-f71816d30c5b" />
    <UnitTestResult executionId="0d978bde-dedb-4479-aee3-387580e058a2" testId="4c440b5b-c117-0cf7-3022-afede7d07e0e" testName="AccessToDB.Tests.TurnstilesRepositoryTests.TestGetTurnstileByIdAsyncOk(turnstile: Turnstile { TurnstileID = 235, LiftID = 36, IsOpen = True })" computerName="DESKTOP-TJ9D65N" duration="00:00:00.3801423" startTime="2022-10-15T23:35:19.1794043+03:00" endTime="2022-10-15T23:35:19.1794043+03:00" testType="13cdc9d9-ddb5-4fa4-a97d-d965ccfc6d4b" outcome="Passed" testListId="8c84fa94-04c1-424b-9868-57a2d4851a1d" relativeResultsDirectory="0d978bde-dedb-4479-aee3-387580e058a2" />
    <UnitTestResult executionId="222fa831-0dee-4cb3-8bfa-f51160718dd8" testId="85a707cc-7ee7-cb8b-cd5a-086954c26b9b" testName="AccessToDB.Tests.SlopesRepositoryTests.TestAddSlopeAsyncFailsWhenSlopeIdRepeats(slope: Slope { SlopeID = 45, SlopeName = slopeNamef54cd2d2-7a57-442b-b911-8e36005c491d, IsOpen = True, DifficultyLevel = 62, ConnectedLifts =  })" computerName="DESKTOP-TJ9D65N" duration="00:00:00.3890766" startTime="2022-10-15T23:35:27.4007022+03:00" endTime="2022-10-15T23:35:27.4007023+03:00" testType="13cdc9d9-ddb5-4fa4-a97d-d965ccfc6d4b" outcome="Passed" testListId="8c84fa94-04c1-424b-9868-57a2d4851a1d" relativeResultsDirectory="222fa831-0dee-4cb3-8bfa-f51160718dd8" />
    <UnitTestResult executionId="8cb60431-1837-4960-aec8-7cc61a0539ef" testId="4145f44e-b4b1-a618-09e8-c631496e6f1a" testName="AccessToDB.Tests.LiftsSlopesRepositoryTests.TestGetLiftSlopesAsyncEmpty" computerName="DESKTOP-TJ9D65N" duration="00:00:00.3597396" startTime="2022-10-15T23:35:16.2920725+03:00" endTime="2022-10-15T23:35:16.2920728+03:00" testType="13cdc9d9-ddb5-4fa4-a97d-d965ccfc6d4b" outcome="Passed" testListId="8c84fa94-04c1-424b-9868-57a2d4851a1d" relativeResultsDirectory="8cb60431-1837-4960-aec8-7cc61a0539ef" />
    <UnitTestResult executionId="3b17c1b5-db04-4d54-a79e-723d157511c1" testId="3741b26d-6ee0-6246-29e4-92009bff37b0" testName="AccessToDB.Tests.UsersRepositoryTests.TestGetUsersAsyncEmpty" computerName="DESKTOP-TJ9D65N" duration="00:00:00.3583137" startTime="2022-10-15T23:35:23.1183804+03:00" endTime="2022-10-15T23:35:23.1183806+03:00" testType="13cdc9d9-ddb5-4fa4-a97d-d965ccfc6d4b" outcome="Passed" testListId="8c84fa94-04c1-424b-9868-57a2d4851a1d" relativeResultsDirectory="3b17c1b5-db04-4d54-a79e-723d157511c1" />
    <UnitTestResult executionId="7a1678d5-98de-4404-b05e-5578c111798e" testId="0ab35a1b-498b-6b3e-71f3-7713fbf6e9f3" testName="AccessToDB.Tests.LiftsSlopesRepositoryTests.TestUpdateLiftSlopeByIDAsyncOk(liftSlope: LiftSlope { RecordID = 222, LiftID = 136, SlopeID = 41 })" computerName="DESKTOP-TJ9D65N" duration="00:00:00.3903445" startTime="2022-10-15T23:35:15.5147171+03:00" endTime="2022-10-15T23:35:15.5147172+03:00" testType="13cdc9d9-ddb5-4fa4-a97d-d965ccfc6d4b" outcome="Passed" testListId="8c84fa94-04c1-424b-9868-57a2d4851a1d" relativeResultsDirectory="7a1678d5-98de-4404-b05e-5578c111798e" />
    <UnitTestResult executionId="e94d4f74-16e0-4aff-bfb5-6e316837e4e2" testId="e75bb6e2-88d9-af2a-a444-c4a9d67f0f0e" testName="AccessToDB.Tests.UsersRepositoryTests.TestAddUserAutoIncrementAsyncOk" computerName="DESKTOP-TJ9D65N" duration="00:00:00.4005357" startTime="2022-10-15T23:35:25.8560400+03:00" endTime="2022-10-15T23:35:25.8560401+03:00" testType="13cdc9d9-ddb5-4fa4-a97d-d965ccfc6d4b" outcome="Passed" testListId="8c84fa94-04c1-424b-9868-57a2d4851a1d" relativeResultsDirectory="e94d4f74-16e0-4aff-bfb5-6e316837e4e2" />
    <UnitTestResult executionId="bd1ab614-a2c9-47a7-bf51-4a1b198e2a32" testId="5ccf7641-6213-8c11-4c9c-385b9542c7c7" testName="AccessToDB.Tests.SlopesRepositoryTests.TestGetSlopeByNameAsyncFailsWhenNameNotExists(slopeName: &quot;slopeName35efc9bd-af0b-46a3-b53f-acbebc2ebdaf&quot;)" computerName="DESKTOP-TJ9D65N" duration="00:00:00.3594562" startTime="2022-10-15T23:35:26.6030311+03:00" endTime="2022-10-15T23:35:26.6030312+03:00" testType="13cdc9d9-ddb5-4fa4-a97d-d965ccfc6d4b" outcome="Passed" testListId="8c84fa94-04c1-424b-9868-57a2d4851a1d" relativeResultsDirectory="bd1ab614-a2c9-47a7-bf51-4a1b198e2a32" />
    <UnitTestResult executionId="ecd12bfb-67e1-4960-bb9b-11ba88047dc4" testId="f19b6a0a-57fd-40b4-5fd3-e70f33d9d66a" testName="AccessToDB.Tests.SlopesRepositoryTests.TestGetSlopeByIdAsyncOk(slope: Slope { SlopeID = 97, SlopeName = slopeName5315c705-38db-4975-a195-cbb78379b247, IsOpen = True, DifficultyLevel = 56, ConnectedLifts =  })" computerName="DESKTOP-TJ9D65N" duration="00:00:00.3796878" startTime="2022-10-15T23:35:28.1658705+03:00" endTime="2022-10-15T23:35:28.1658706+03:00" testType="13cdc9d9-ddb5-4fa4-a97d-d965ccfc6d4b" outcome="Passed" testListId="8c84fa94-04c1-424b-9868-57a2d4851a1d" relativeResultsDirectory="ecd12bfb-67e1-4960-bb9b-11ba88047dc4" />
    <UnitTestResult executionId="11a6953c-f618-4918-8040-a257be511d45" testId="0f3a2dfb-b4b8-e17e-df2b-c02a0e86e2d7" testName="AccessToDB.Tests.TurnstilesRepositoryTests.TestAddTurnstileAsyncFailsWhenTurnstileIdRepeats(turnstile: Turnstile { TurnstileID = 72, LiftID = 20, IsOpen = True })" computerName="DESKTOP-TJ9D65N" duration="00:00:00.3906787" startTime="2022-10-15T23:35:17.6117913+03:00" endTime="2022-10-15T23:35:17.6117914+03:00" testType="13cdc9d9-ddb5-4fa4-a97d-d965ccfc6d4b" outcome="Passed" testListId="8c84fa94-04c1-424b-9868-57a2d4851a1d" relativeResultsDirectory="11a6953c-f618-4918-8040-a257be511d45" />
    <UnitTestResult executionId="7a2f6b21-e652-4a8b-9d99-79f17eed7fb6" testId="8f7ba917-f771-0dc5-f9b9-465c34344b12" testName="AccessToDB.Tests.SlopesRepositoryTests.TestAddSlopeAutoIncrementAsyncOk" computerName="DESKTOP-TJ9D65N" duration="00:00:00.3897186" startTime="2022-10-15T23:35:27.0029327+03:00" endTime="2022-10-15T23:35:27.0029327+03:00" testType="13cdc9d9-ddb5-4fa4-a97d-d965ccfc6d4b" outcome="Passed" testListId="8c84fa94-04c1-424b-9868-57a2d4851a1d" relativeResultsDirectory="7a2f6b21-e652-4a8b-9d99-79f17eed7fb6" />
    <UnitTestResult executionId="d17d744a-61ea-433b-afb5-fa665a4dcb7f" testId="130f3e48-0e29-cb79-97d9-bf21e213252a" testName="AccessToDB.Tests.TurnstilesRepositoryTests.TestDeleteTurnstileByIDAsyncFailsWhenIDNotExists(turnstileID: 158)" computerName="DESKTOP-TJ9D65N" duration="00:00:00.3598811" startTime="2022-10-15T23:35:18.3925043+03:00" endTime="2022-10-15T23:35:18.3925044+03:00" testType="13cdc9d9-ddb5-4fa4-a97d-d965ccfc6d4b" outcome="Passed" testListId="8c84fa94-04c1-424b-9868-57a2d4851a1d" relativeResultsDirectory="d17d744a-61ea-433b-afb5-fa665a4dcb7f" />
    <UnitTestResult executionId="3a9d0ad5-8130-47cd-ace9-e73184855847" testId="3affa773-d9c1-628b-7150-a01e4217332d" testName="AccessToDB.Tests.UsersRepositoryTests.TestGetUserByIdAsyncOk(user: User { UserID = 54, CardID = 111, UserEmail = UserEmail1fa811fe-d64b-4f68-a6fe-a9c6b212f799, Password = password6618a0ca-4750-4df8-ba23-f05b20d6a300, Permissions = UNAUTHORIZED })" computerName="DESKTOP-TJ9D65N" duration="00:00:00.3800827" startTime="2022-10-15T23:35:25.0571146+03:00" endTime="2022-10-15T23:35:25.0571147+03:00" testType="13cdc9d9-ddb5-4fa4-a97d-d965ccfc6d4b" outcome="Passed" testListId="8c84fa94-04c1-424b-9868-57a2d4851a1d" relativeResultsDirectory="3a9d0ad5-8130-47cd-ace9-e73184855847" />
    <UnitTestResult executionId="c4aa173b-9c68-4b7e-9ba7-3cefd58d8c9a" testId="9bbefb83-8311-6e03-307f-415e3495e223" testName="AccessToDB.Tests.SlopesRepositoryTests.TestGetSlopesAsyncEmpty" computerName="DESKTOP-TJ9D65N" duration="00:00:00.3592568" startTime="2022-10-15T23:35:27.7723832+03:00" endTime="2022-10-15T23:35:27.7723832+03:00" testType="13cdc9d9-ddb5-4fa4-a97d-d965ccfc6d4b" outcome="Passed" testListId="8c84fa94-04c1-424b-9868-57a2d4851a1d" relativeResultsDirectory="c4aa173b-9c68-4b7e-9ba7-3cefd58d8c9a" />
    <UnitTestResult executionId="95a957a8-2f4a-4535-9bf5-30957aa61005" testId="553cf2b9-1490-4e8f-4189-ae3ce6076bd7" testName="AccessToDB.Tests.LiftsSlopesRepositoryTests.TestGetLiftSlopeByIdAsyncOk(liftSlope: LiftSlope { RecordID = 125, LiftID = 123, SlopeID = 111 })" computerName="DESKTOP-TJ9D65N" duration="00:00:00.3797295" startTime="2022-10-15T23:35:15.1089265+03:00" endTime="2022-10-15T23:35:15.1089266+03:00" testType="13cdc9d9-ddb5-4fa4-a97d-d965ccfc6d4b" outcome="Passed" testListId="8c84fa94-04c1-424b-9868-57a2d4851a1d" relativeResultsDirectory="95a957a8-2f4a-4535-9bf5-30957aa61005" />
    <UnitTestResult executionId="c83abf9a-adac-4aee-bb62-3ea463fbd2ee" testId="83bea616-1106-0926-a90c-ffe811de4ebc" testName="AccessToDB.Tests.UsersRepositoryTests.TestAddUserAsyncFailsWhenUserIdRepeats(user: User { UserID = 49, CardID = 36, UserEmail = UserEmailba21dafc-0f77-40a2-b269-d1f446c9e1c8, Password = password2a014ca3-acc5-46ab-ad2f-a6cf8a282c07, Permissions = UNAUTHORIZED })" computerName="DESKTOP-TJ9D65N" duration="00:00:00.3899937" startTime="2022-10-15T23:35:24.6623513+03:00" endTime="2022-10-15T23:35:24.6623514+03:00" testType="13cdc9d9-ddb5-4fa4-a97d-d965ccfc6d4b" outcome="Passed" testListId="8c84fa94-04c1-424b-9868-57a2d4851a1d" relativeResultsDirectory="c83abf9a-adac-4aee-bb62-3ea463fbd2ee" />
    <UnitTestResult executionId="321c3bb4-1bdd-47bc-96e4-ab133b8452ce" testId="3acf8d5a-846a-58c6-9c44-8bfca1479af1" testName="AccessToDB.Tests.LiftsRepositoryTests.TestGetLiftByIdAsyncOk(lift: Lift { LiftID = 30, LiftName = liftNamef2260ab0-76b2-4a05-bd8e-161c890b5f73, IsOpen = True, SeatsAmount = 108, LiftingTime = 182, QueueTime = 86, ConnectedSlopes =  })" computerName="DESKTOP-TJ9D65N" duration="00:00:00.3798114" startTime="2022-10-15T23:35:21.5569888+03:00" endTime="2022-10-15T23:35:21.5569889+03:00" testType="13cdc9d9-ddb5-4fa4-a97d-d965ccfc6d4b" outcome="Passed" testListId="8c84fa94-04c1-424b-9868-57a2d4851a1d" relativeResultsDirectory="321c3bb4-1bdd-47bc-96e4-ab133b8452ce" />
    <UnitTestResult executionId="8a4ba839-c183-4cff-bc4d-fb2f441b9127" testId="b4f6fcd8-7a2c-2dc4-018e-af57fbc06fdf" testName="AccessToDB.Tests.UsersRepositoryTests.TestCheckUserEmailExistsAsyncFalse(userEmail: &quot;userEmailfad108c1-66a0-48a4-a559-19b3160fd39b&quot;)" computerName="DESKTOP-TJ9D65N" duration="00:00:00.3606683" startTime="2022-10-15T23:35:25.4417030+03:00" endTime="2022-10-15T23:35:25.4417054+03:00" testType="13cdc9d9-ddb5-4fa4-a97d-d965ccfc6d4b" outcome="Passed" testListId="8c84fa94-04c1-424b-9868-57a2d4851a1d" relativeResultsDirectory="8a4ba839-c183-4cff-bc4d-fb2f441b9127" />
    <UnitTestResult executionId="cdc7bfb4-5c95-47f3-8fc5-f649c6a99a3b" testId="703d048a-86dc-43d5-a515-fed80ec9b17d" testName="AccessToDB.Tests.UsersRepositoryTests.TestCheckUserIdExistsAsyncTrue(user: User { UserID = 139, CardID = 28, UserEmail = UserEmailaa3453b0-c556-41f4-8511-533b61aaffa8, Password = password394971ff-81a3-4a79-a7e2-e4110b7badde, Permissions = UNAUTHORIZED })" computerName="DESKTOP-TJ9D65N" duration="00:00:00.3815082" startTime="2022-10-15T23:35:22.7492148+03:00" endTime="2022-10-15T23:35:22.7492150+03:00" testType="13cdc9d9-ddb5-4fa4-a97d-d965ccfc6d4b" outcome="Passed" testListId="8c84fa94-04c1-424b-9868-57a2d4851a1d" relativeResultsDirectory="cdc7bfb4-5c95-47f3-8fc5-f649c6a99a3b" />
    <UnitTestResult executionId="4ede7821-7e23-4529-8f31-d15d333cc723" testId="114cb0c8-b757-1a5d-57d8-ffb7a9cccdc8" testName="AccessToDB.Tests.TurnstilesRepositoryTests.TestUpdateTurnstileByIDAsyncOk(turnstile: Turnstile { TurnstileID = 134, LiftID = 133, IsOpen = True })" computerName="DESKTOP-TJ9D65N" duration="00:00:00.3894020" startTime="2022-10-15T23:35:18.0214605+03:00" endTime="2022-10-15T23:35:18.0214606+03:00" testType="13cdc9d9-ddb5-4fa4-a97d-d965ccfc6d4b" outcome="Passed" testListId="8c84fa94-04c1-424b-9868-57a2d4851a1d" relativeResultsDirectory="4ede7821-7e23-4529-8f31-d15d333cc723" />
    <UnitTestResult executionId="a14862e8-859f-42ee-ae28-5508e6d5e471" testId="3c521313-4ed6-6bce-b4f9-c359411028e7" testName="AccessToDB.Tests.TurnstilesRepositoryTests.TestGetTurnstilesAsyncEmpty" computerName="DESKTOP-TJ9D65N" duration="00:00:00.3601836" startTime="2022-10-15T23:35:18.7674315+03:00" endTime="2022-10-15T23:35:18.7674316+03:00" testType="13cdc9d9-ddb5-4fa4-a97d-d965ccfc6d4b" outcome="Passed" testListId="8c84fa94-04c1-424b-9868-57a2d4851a1d" relativeResultsDirectory="a14862e8-859f-42ee-ae28-5508e6d5e471" />
    <UnitTestResult executionId="2d433579-ab13-412c-aee3-dda7118400a6" testId="922e475d-3245-1aff-1aa7-cc13786fd0d6" testName="AccessToDB.Tests.LiftsSlopesRepositoryTests.TestGetSlopesByLiftIdAsyncFailsWhenSlopeNotExists(liftSlope: LiftSlope { RecordID = 18, LiftID = 61, SlopeID = 2 })" computerName="DESKTOP-TJ9D65N" duration="00:00:00.4544332" startTime="2022-10-15T23:35:13.4852316+03:00" endTime="2022-10-15T23:35:13.4852563+03:00" testType="13cdc9d9-ddb5-4fa4-a97d-d965ccfc6d4b" outcome="Passed" testListId="8c84fa94-04c1-424b-9868-57a2d4851a1d" relativeResultsDirectory="2d433579-ab13-412c-aee3-dda7118400a6" />
  </Results>
  <TestDefinitions>
    <UnitTest name="AccessToDB.Tests.LiftsSlopesRepositoryTests.TestGetSlopesByLiftIdAsyncFailsWhenSlopeNotExists(liftSlope: LiftSlope { RecordID = 18, LiftID = 61, SlopeID = 2 })" storage="/mnt/c/users/alena/desktop/7_sem/testing_and_debugging/skiresort/accesstodb.tests/bin/debug/net6.0/accesstodb.tests.dll" id="922e475d-3245-1aff-1aa7-cc13786fd0d6">
      <Execution id="2d433579-ab13-412c-aee3-dda7118400a6" />
      <TestMethod codeBase="/mnt/c/Users/alena/Desktop/7_sem/testing_and_debugging/SkiResort/AccessToDB.Tests/bin/Debug/net6.0/AccessToDB.Tests.dll" adapterTypeName="executor://xunit/VsTestRunner2/netcoreapp" className="AccessToDB.Tests.LiftsSlopesRepositoryTests" name="TestGetSlopesByLiftIdAsyncFailsWhenSlopeNotExists" />
    </UnitTest>
    <UnitTest name="AccessToDB.Tests.UsersRepositoryTests.TestCheckUserIdExistsAsyncTrue(user: User { UserID = 139, CardID = 28, UserEmail = UserEmailaa3453b0-c556-41f4-8511-533b61aaffa8, Password = password394971ff-81a3-4a79-a7e2-e4110b7badde, Permissions = UNAUTHORIZED })" storage="/mnt/c/users/alena/desktop/7_sem/testing_and_debugging/skiresort/accesstodb.tests/bin/debug/net6.0/accesstodb.tests.dll" id="703d048a-86dc-43d5-a515-fed80ec9b17d">
      <Execution id="cdc7bfb4-5c95-47f3-8fc5-f649c6a99a3b" />
      <TestMethod codeBase="/mnt/c/Users/alena/Desktop/7_sem/testing_and_debugging/SkiResort/AccessToDB.Tests/bin/Debug/net6.0/AccessToDB.Tests.dll" adapterTypeName="executor://xunit/VsTestRunner2/netcoreapp" className="AccessToDB.Tests.UsersRepositoryTests" name="TestCheckUserIdExistsAsyncTrue" />
    </UnitTest>
    <UnitTest name="AccessToDB.Tests.UsersRepositoryTests.TestGetUsersAsyncEmpty" storage="/mnt/c/users/alena/desktop/7_sem/testing_and_debugging/skiresort/accesstodb.tests/bin/debug/net6.0/accesstodb.tests.dll" id="3741b26d-6ee0-6246-29e4-92009bff37b0">
      <Execution id="3b17c1b5-db04-4d54-a79e-723d157511c1" />
      <TestMethod codeBase="/mnt/c/Users/alena/Desktop/7_sem/testing_and_debugging/SkiResort/AccessToDB.Tests/bin/Debug/net6.0/AccessToDB.Tests.dll" adapterTypeName="executor://xunit/VsTestRunner2/netcoreapp" className="AccessToDB.Tests.UsersRepositoryTests" name="TestGetUsersAsyncEmpty" />
    </UnitTest>
    <UnitTest name="AccessToDB.Tests.LiftsRepositoryTests.TestAddLiftAsyncFailsWhenLiftIdRepeats(lift: Lift { LiftID = 240, LiftName = liftName4fa9ba95-c0e1-4f45-be9b-6444ed9897b1, IsOpen = True, SeatsAmount = 220, LiftingTime = 33, QueueTime = 53, ConnectedSlopes =  })" storage="/mnt/c/users/alena/desktop/7_sem/testing_and_debugging/skiresort/accesstodb.tests/bin/debug/net6.0/accesstodb.tests.dll" id="abce8750-e836-4def-3086-7a2c02f40dda">
      <Execution id="2e7eaabf-e38a-4bd9-92a1-e1073661c1f3" />
      <TestMethod codeBase="/mnt/c/Users/alena/Desktop/7_sem/testing_and_debugging/SkiResort/AccessToDB.Tests/bin/Debug/net6.0/AccessToDB.Tests.dll" adapterTypeName="executor://xunit/VsTestRunner2/netcoreapp" className="AccessToDB.Tests.LiftsRepositoryTests" name="TestAddLiftAsyncFailsWhenLiftIdRepeats" />
    </UnitTest>
    <UnitTest name="AccessToDB.Tests.LiftsSlopesRepositoryTests.TestDeleteLiftSlopeByIDAsyncFailsWhenIDNotExists(liftSlopeID: 193)" storage="/mnt/c/users/alena/desktop/7_sem/testing_and_debugging/skiresort/accesstodb.tests/bin/debug/net6.0/accesstodb.tests.dll" id="0b26847a-532c-2b6f-59d8-edd14ac9b9ff">
      <Execution id="8f5899cf-1f83-432f-9313-32184863acad" />
      <TestMethod codeBase="/mnt/c/Users/alena/Desktop/7_sem/testing_and_debugging/SkiResort/AccessToDB.Tests/bin/Debug/net6.0/AccessToDB.Tests.dll" adapterTypeName="executor://xunit/VsTestRunner2/netcoreapp" className="AccessToDB.Tests.LiftsSlopesRepositoryTests" name="TestDeleteLiftSlopeByIDAsyncFailsWhenIDNotExists" />
    </UnitTest>
    <UnitTest name="AccessToDB.Tests.LiftsRepositoryTests.TestDeleteLiftByIDAsyncFailsWhenIDNotExists(liftID: 246)" storage="/mnt/c/users/alena/desktop/7_sem/testing_and_debugging/skiresort/accesstodb.tests/bin/debug/net6.0/accesstodb.tests.dll" id="81563946-2624-efcb-4e6b-84e1a61aaa30">
      <Execution id="5b552a86-b416-48fb-8777-c91c5e3bef33" />
      <TestMethod codeBase="/mnt/c/Users/alena/Desktop/7_sem/testing_and_debugging/SkiResort/AccessToDB.Tests/bin/Debug/net6.0/AccessToDB.Tests.dll" adapterTypeName="executor://xunit/VsTestRunner2/netcoreapp" className="AccessToDB.Tests.LiftsRepositoryTests" name="TestDeleteLiftByIDAsyncFailsWhenIDNotExists" />
    </UnitTest>
    <UnitTest name="AccessToDB.Tests.SlopesRepositoryTests.TestGetSlopeByIdAsyncOk(slope: Slope { SlopeID = 97, SlopeName = slopeName5315c705-38db-4975-a195-cbb78379b247, IsOpen = True, DifficultyLevel = 56, ConnectedLifts =  })" storage="/mnt/c/users/alena/desktop/7_sem/testing_and_debugging/skiresort/accesstodb.tests/bin/debug/net6.0/accesstodb.tests.dll" id="f19b6a0a-57fd-40b4-5fd3-e70f33d9d66a">
      <Execution id="ecd12bfb-67e1-4960-bb9b-11ba88047dc4" />
      <TestMethod codeBase="/mnt/c/Users/alena/Desktop/7_sem/testing_and_debugging/SkiResort/AccessToDB.Tests/bin/Debug/net6.0/AccessToDB.Tests.dll" adapterTypeName="executor://xunit/VsTestRunner2/netcoreapp" className="AccessToDB.Tests.SlopesRepositoryTests" name="TestGetSlopeByIdAsyncOk" />
    </UnitTest>
    <UnitTest name="AccessToDB.Tests.TurnstilesRepositoryTests.TestAddTurnstileAutoIncrementAsyncOk" storage="/mnt/c/users/alena/desktop/7_sem/testing_and_debugging/skiresort/accesstodb.tests/bin/debug/net6.0/accesstodb.tests.dll" id="f9435956-2e34-e52b-c34e-dce53665cf8e">
      <Execution id="4c4b5815-08c4-4bce-910f-efe5e3cb2466" />
      <TestMethod codeBase="/mnt/c/Users/alena/Desktop/7_sem/testing_and_debugging/SkiResort/AccessToDB.Tests/bin/Debug/net6.0/AccessToDB.Tests.dll" adapterTypeName="executor://xunit/VsTestRunner2/netcoreapp" className="AccessToDB.Tests.TurnstilesRepositoryTests" name="TestAddTurnstileAutoIncrementAsyncOk" />
    </UnitTest>
    <UnitTest name="AccessToDB.Tests.TurnstilesRepositoryTests.TestGetTurnstilesByLiftIdAsyncOk(liftID: 20)" storage="/mnt/c/users/alena/desktop/7_sem/testing_and_debugging/skiresort/accesstodb.tests/bin/debug/net6.0/accesstodb.tests.dll" id="04371213-ad0f-cedc-164d-5028057b75f2">
      <Execution id="996c6819-6867-4303-99c3-ae6ffa46ecb1" />
      <TestMethod codeBase="/mnt/c/Users/alena/Desktop/7_sem/testing_and_debugging/SkiResort/AccessToDB.Tests/bin/Debug/net6.0/AccessToDB.Tests.dll" adapterTypeName="executor://xunit/VsTestRunner2/netcoreapp" className="AccessToDB.Tests.TurnstilesRepositoryTests" name="TestGetTurnstilesByLiftIdAsyncOk" />
    </UnitTest>
    <UnitTest name="AccessToDB.Tests.LiftsSlopesRepositoryTests.TestDeleteLiftSlopesByIDsAsyncOk(liftSlope: LiftSlope { RecordID = 230, LiftID = 128, SlopeID = 162 })" storage="/mnt/c/users/alena/desktop/7_sem/testing_and_debugging/skiresort/accesstodb.tests/bin/debug/net6.0/accesstodb.tests.dll" id="08c4d346-b349-7532-6a6c-7a404ca4e819">
      <Execution id="6d371fea-b41f-4189-a731-e3e8dd817376" />
      <TestMethod codeBase="/mnt/c/Users/alena/Desktop/7_sem/testing_and_debugging/SkiResort/AccessToDB.Tests/bin/Debug/net6.0/AccessToDB.Tests.dll" adapterTypeName="executor://xunit/VsTestRunner2/netcoreapp" className="AccessToDB.Tests.LiftsSlopesRepositoryTests" name="TestDeleteLiftSlopesByIDsAsyncOk" />
    </UnitTest>
    <UnitTest name="AccessToDB.Tests.SlopesRepositoryTests.TestGetSlopeByNameAsyncFailsWhenNameNotExists(slopeName: &quot;slopeName35efc9bd-af0b-46a3-b53f-acbebc2ebdaf&quot;)" storage="/mnt/c/users/alena/desktop/7_sem/testing_and_debugging/skiresort/accesstodb.tests/bin/debug/net6.0/accesstodb.tests.dll" id="5ccf7641-6213-8c11-4c9c-385b9542c7c7">
      <Execution id="bd1ab614-a2c9-47a7-bf51-4a1b198e2a32" />
      <TestMethod codeBase="/mnt/c/Users/alena/Desktop/7_sem/testing_and_debugging/SkiResort/AccessToDB.Tests/bin/Debug/net6.0/AccessToDB.Tests.dll" adapterTypeName="executor://xunit/VsTestRunner2/netcoreapp" className="AccessToDB.Tests.SlopesRepositoryTests" name="TestGetSlopeByNameAsyncFailsWhenNameNotExists" />
    </UnitTest>
    <UnitTest name="AccessToDB.Tests.LiftsSlopesRepositoryTests.TestGetLiftSlopesAsyncEmpty" storage="/mnt/c/users/alena/desktop/7_sem/testing_and_debugging/skiresort/accesstodb.tests/bin/debug/net6.0/accesstodb.tests.dll" id="4145f44e-b4b1-a618-09e8-c631496e6f1a">
      <Execution id="8cb60431-1837-4960-aec8-7cc61a0539ef" />
      <TestMethod codeBase="/mnt/c/Users/alena/Desktop/7_sem/testing_and_debugging/SkiResort/AccessToDB.Tests/bin/Debug/net6.0/AccessToDB.Tests.dll" adapterTypeName="executor://xunit/VsTestRunner2/netcoreapp" className="AccessToDB.Tests.LiftsSlopesRepositoryTests" name="TestGetLiftSlopesAsyncEmpty" />
    </UnitTest>
    <UnitTest name="AccessToDB.Tests.TurnstilesRepositoryTests.TestDeleteTurnstileByIDAsyncFailsWhenIDNotExists(turnstileID: 158)" storage="/mnt/c/users/alena/desktop/7_sem/testing_and_debugging/skiresort/accesstodb.tests/bin/debug/net6.0/accesstodb.tests.dll" id="130f3e48-0e29-cb79-97d9-bf21e213252a">
      <Execution id="d17d744a-61ea-433b-afb5-fa665a4dcb7f" />
      <TestMethod codeBase="/mnt/c/Users/alena/Desktop/7_sem/testing_and_debugging/SkiResort/AccessToDB.Tests/bin/Debug/net6.0/AccessToDB.Tests.dll" adapterTypeName="executor://xunit/VsTestRunner2/netcoreapp" className="AccessToDB.Tests.TurnstilesRepositoryTests" name="TestDeleteTurnstileByIDAsyncFailsWhenIDNotExists" />
    </UnitTest>
    <UnitTest name="AccessToDB.Tests.SlopesRepositoryTests.TestUpdateSlopeByIDAsyncOk(slope: Slope { SlopeID = 79, SlopeName = slopeNamee640d501-d7a5-404c-9142-ea75b4612622, IsOpen = True, DifficultyLevel = 140, ConnectedLifts =  })" storage="/mnt/c/users/alena/desktop/7_sem/testing_and_debugging/skiresort/accesstodb.tests/bin/debug/net6.0/accesstodb.tests.dll" id="9daee4c4-678b-ae9e-7ec8-ac1d446fd554">
      <Execution id="626eb52e-3e85-4d21-8436-f75c13d9d656" />
      <TestMethod codeBase="/mnt/c/Users/alena/Desktop/7_sem/testing_and_debugging/SkiResort/AccessToDB.Tests/bin/Debug/net6.0/AccessToDB.Tests.dll" adapterTypeName="executor://xunit/VsTestRunner2/netcoreapp" className="AccessToDB.Tests.SlopesRepositoryTests" name="TestUpdateSlopeByIDAsyncOk" />
    </UnitTest>
    <UnitTest name="AccessToDB.Tests.LiftsRepositoryTests.TestGetLiftByIdAsyncOk(lift: Lift { LiftID = 30, LiftName = liftNamef2260ab0-76b2-4a05-bd8e-161c890b5f73, IsOpen = True, SeatsAmount = 108, LiftingTime = 182, QueueTime = 86, ConnectedSlopes =  })" storage="/mnt/c/users/alena/desktop/7_sem/testing_and_debugging/skiresort/accesstodb.tests/bin/debug/net6.0/accesstodb.tests.dll" id="3acf8d5a-846a-58c6-9c44-8bfca1479af1">
      <Execution id="321c3bb4-1bdd-47bc-96e4-ab133b8452ce" />
      <TestMethod codeBase="/mnt/c/Users/alena/Desktop/7_sem/testing_and_debugging/SkiResort/AccessToDB.Tests/bin/Debug/net6.0/AccessToDB.Tests.dll" adapterTypeName="executor://xunit/VsTestRunner2/netcoreapp" className="AccessToDB.Tests.LiftsRepositoryTests" name="TestGetLiftByIdAsyncOk" />
    </UnitTest>
    <UnitTest name="AccessToDB.Tests.LiftsSlopesRepositoryTests.TestGetLiftsBySlopeIdAsyncOk(slope1: Slope { SlopeID = 150, SlopeName = slopeName97889077-5b60-4f4b-99db-43ae42d88968, IsOpen = True, DifficultyLevel = 241, ConnectedLifts =  }, slope2: Slope { SlopeID = 53, SlopeName = slopeName0afdbef9-d562-408e-812c-27a0c52dc827, IsOpen = False, DifficultyLevel = 192, ConnectedLifts =  }, lift1: Lift { LiftID = 197, LiftName = liftName8cdd5fdc-5b9b-4cb8-a60b-a3..." storage="/mnt/c/users/alena/desktop/7_sem/testing_and_debugging/skiresort/accesstodb.tests/bin/debug/net6.0/accesstodb.tests.dll" id="2ceb27d5-67c9-df35-ac4e-f97557a17a48">
      <Execution id="81f61360-c799-4be3-9805-d08caff7554d" />
      <TestMethod codeBase="/mnt/c/Users/alena/Desktop/7_sem/testing_and_debugging/SkiResort/AccessToDB.Tests/bin/Debug/net6.0/AccessToDB.Tests.dll" adapterTypeName="executor://xunit/VsTestRunner2/netcoreapp" className="AccessToDB.Tests.LiftsSlopesRepositoryTests" name="TestGetLiftsBySlopeIdAsyncOk" />
    </UnitTest>
    <UnitTest name="AccessToDB.Tests.SlopesRepositoryTests.TestGetSlopesAsyncEmpty" storage="/mnt/c/users/alena/desktop/7_sem/testing_and_debugging/skiresort/accesstodb.tests/bin/debug/net6.0/accesstodb.tests.dll" id="9bbefb83-8311-6e03-307f-415e3495e223">
      <Execution id="c4aa173b-9c68-4b7e-9ba7-3cefd58d8c9a" />
      <TestMethod codeBase="/mnt/c/Users/alena/Desktop/7_sem/testing_and_debugging/SkiResort/AccessToDB.Tests/bin/Debug/net6.0/AccessToDB.Tests.dll" adapterTypeName="executor://xunit/VsTestRunner2/netcoreapp" className="AccessToDB.Tests.SlopesRepositoryTests" name="TestGetSlopesAsyncEmpty" />
    </UnitTest>
    <UnitTest name="AccessToDB.Tests.LiftsRepositoryTests.TestAddLiftAutoIncrementAsyncOk" storage="/mnt/c/users/alena/desktop/7_sem/testing_and_debugging/skiresort/accesstodb.tests/bin/debug/net6.0/accesstodb.tests.dll" id="ec229f70-485a-f91b-53ed-bce655f6cd58">
      <Execution id="41a4c538-9950-46b1-b76e-f71816d30c5b" />
      <TestMethod codeBase="/mnt/c/Users/alena/Desktop/7_sem/testing_and_debugging/SkiResort/AccessToDB.Tests/bin/Debug/net6.0/AccessToDB.Tests.dll" adapterTypeName="executor://xunit/VsTestRunner2/netcoreapp" className="AccessToDB.Tests.LiftsRepositoryTests" name="TestAddLiftAutoIncrementAsyncOk" />
    </UnitTest>
    <UnitTest name="AccessToDB.Tests.UsersRepositoryTests.TestCheckUserEmailExistsAsyncFalse(userEmail: &quot;userEmailfad108c1-66a0-48a4-a559-19b3160fd39b&quot;)" storage="/mnt/c/users/alena/desktop/7_sem/testing_and_debugging/skiresort/accesstodb.tests/bin/debug/net6.0/accesstodb.tests.dll" id="b4f6fcd8-7a2c-2dc4-018e-af57fbc06fdf">
      <Execution id="8a4ba839-c183-4cff-bc4d-fb2f441b9127" />
      <TestMethod codeBase="/mnt/c/Users/alena/Desktop/7_sem/testing_and_debugging/SkiResort/AccessToDB.Tests/bin/Debug/net6.0/AccessToDB.Tests.dll" adapterTypeName="executor://xunit/VsTestRunner2/netcoreapp" className="AccessToDB.Tests.UsersRepositoryTests" name="TestCheckUserEmailExistsAsyncFalse" />
    </UnitTest>
    <UnitTest name="AccessToDB.Tests.TurnstilesRepositoryTests.TestGetTurnstilesAsyncEmpty" storage="/mnt/c/users/alena/desktop/7_sem/testing_and_debugging/skiresort/accesstodb.tests/bin/debug/net6.0/accesstodb.tests.dll" id="3c521313-4ed6-6bce-b4f9-c359411028e7">
      <Execution id="a14862e8-859f-42ee-ae28-5508e6d5e471" />
      <TestMethod codeBase="/mnt/c/Users/alena/Desktop/7_sem/testing_and_debugging/SkiResort/AccessToDB.Tests/bin/Debug/net6.0/AccessToDB.Tests.dll" adapterTypeName="executor://xunit/VsTestRunner2/netcoreapp" className="AccessToDB.Tests.TurnstilesRepositoryTests" name="TestGetTurnstilesAsyncEmpty" />
    </UnitTest>
    <UnitTest name="AccessToDB.Tests.LiftsRepositoryTests.TestUpdateLiftByIDAsyncOk(lift: Lift { LiftID = 143, LiftName = liftName5c2c8faf-9635-4394-874d-b8dcf8ae8ebe, IsOpen = True, SeatsAmount = 253, LiftingTime = 115, QueueTime = 122, ConnectedSlopes =  })" storage="/mnt/c/users/alena/desktop/7_sem/testing_and_debugging/skiresort/accesstodb.tests/bin/debug/net6.0/accesstodb.tests.dll" id="f13242d0-a4f9-c2b6-347b-f3f450a177f2">
      <Execution id="7f1b3fde-e4bd-4705-84c4-297ef7a3a628" />
      <TestMethod codeBase="/mnt/c/Users/alena/Desktop/7_sem/testing_and_debugging/SkiResort/AccessToDB.Tests/bin/Debug/net6.0/AccessToDB.Tests.dll" adapterTypeName="executor://xunit/VsTestRunner2/netcoreapp" className="AccessToDB.Tests.LiftsRepositoryTests" name="TestUpdateLiftByIDAsyncOk" />
    </UnitTest>
    <UnitTest name="AccessToDB.Tests.UsersRepositoryTests.TestAddUserAsyncFailsWhenUserIdRepeats(user: User { UserID = 49, CardID = 36, UserEmail = UserEmailba21dafc-0f77-40a2-b269-d1f446c9e1c8, Password = password2a014ca3-acc5-46ab-ad2f-a6cf8a282c07, Permissions = UNAUTHORIZED })" storage="/mnt/c/users/alena/desktop/7_sem/testing_and_debugging/skiresort/accesstodb.tests/bin/debug/net6.0/accesstodb.tests.dll" id="83bea616-1106-0926-a90c-ffe811de4ebc">
      <Execution id="c83abf9a-adac-4aee-bb62-3ea463fbd2ee" />
      <TestMethod codeBase="/mnt/c/Users/alena/Desktop/7_sem/testing_and_debugging/SkiResort/AccessToDB.Tests/bin/Debug/net6.0/AccessToDB.Tests.dll" adapterTypeName="executor://xunit/VsTestRunner2/netcoreapp" className="AccessToDB.Tests.UsersRepositoryTests" name="TestAddUserAsyncFailsWhenUserIdRepeats" />
    </UnitTest>
    <UnitTest name="AccessToDB.Tests.LiftsRepositoryTests.TestGetLiftByNameAsyncFailsWhenNameNotExists(liftName: &quot;liftName0dc0a703-5afc-4347-8be3-14f101bc4175&quot;)" storage="/mnt/c/users/alena/desktop/7_sem/testing_and_debugging/skiresort/accesstodb.tests/bin/debug/net6.0/accesstodb.tests.dll" id="9922b3a2-d2ee-b321-1e04-8f7d51ed9b94">
      <Execution id="26c744d1-555c-465b-be91-10b54a59e4bd" />
      <TestMethod codeBase="/mnt/c/Users/alena/Desktop/7_sem/testing_and_debugging/SkiResort/AccessToDB.Tests/bin/Debug/net6.0/AccessToDB.Tests.dll" adapterTypeName="executor://xunit/VsTestRunner2/netcoreapp" className="AccessToDB.Tests.LiftsRepositoryTests" name="TestGetLiftByNameAsyncFailsWhenNameNotExists" />
    </UnitTest>
    <UnitTest name="AccessToDB.Tests.LiftsSlopesRepositoryTests.TestAddLiftSlopeAutoIncrementAsyncOk" storage="/mnt/c/users/alena/desktop/7_sem/testing_and_debugging/skiresort/accesstodb.tests/bin/debug/net6.0/accesstodb.tests.dll" id="30f8e924-9784-0a43-e807-094f70e06567">
      <Execution id="f122cc83-6840-4154-b4f7-982eb9618f41" />
      <TestMethod codeBase="/mnt/c/Users/alena/Desktop/7_sem/testing_and_debugging/SkiResort/AccessToDB.Tests/bin/Debug/net6.0/AccessToDB.Tests.dll" adapterTypeName="executor://xunit/VsTestRunner2/netcoreapp" className="AccessToDB.Tests.LiftsSlopesRepositoryTests" name="TestAddLiftSlopeAutoIncrementAsyncOk" />
    </UnitTest>
    <UnitTest name="AccessToDB.Tests.SlopesRepositoryTests.TestAddSlopeAsyncFailsWhenSlopeIdRepeats(slope: Slope { SlopeID = 45, SlopeName = slopeNamef54cd2d2-7a57-442b-b911-8e36005c491d, IsOpen = True, DifficultyLevel = 62, ConnectedLifts =  })" storage="/mnt/c/users/alena/desktop/7_sem/testing_and_debugging/skiresort/accesstodb.tests/bin/debug/net6.0/accesstodb.tests.dll" id="85a707cc-7ee7-cb8b-cd5a-086954c26b9b">
      <Execution id="222fa831-0dee-4cb3-8bfa-f51160718dd8" />
      <TestMethod codeBase="/mnt/c/Users/alena/Desktop/7_sem/testing_and_debugging/SkiResort/AccessToDB.Tests/bin/Debug/net6.0/AccessToDB.Tests.dll" adapterTypeName="executor://xunit/VsTestRunner2/netcoreapp" className="AccessToDB.Tests.SlopesRepositoryTests" name="TestAddSlopeAsyncFailsWhenSlopeIdRepeats" />
    </UnitTest>
    <UnitTest name="AccessToDB.Tests.UsersRepositoryTests.TestDeleteUserByIDAsyncFailsWhenIDNotExists(userID: 250)" storage="/mnt/c/users/alena/desktop/7_sem/testing_and_debugging/skiresort/accesstodb.tests/bin/debug/net6.0/accesstodb.tests.dll" id="c36e215c-8de0-4cc0-9188-8fd5f665666a">
      <Execution id="52736a59-b55e-4b17-9b8e-3455c9a79519" />
      <TestMethod codeBase="/mnt/c/Users/alena/Desktop/7_sem/testing_and_debugging/SkiResort/AccessToDB.Tests/bin/Debug/net6.0/AccessToDB.Tests.dll" adapterTypeName="executor://xunit/VsTestRunner2/netcoreapp" className="AccessToDB.Tests.UsersRepositoryTests" name="TestDeleteUserByIDAsyncFailsWhenIDNotExists" />
    </UnitTest>
    <UnitTest name="AccessToDB.Tests.TurnstilesRepositoryTests.TestAddTurnstileAsyncFailsWhenTurnstileIdRepeats(turnstile: Turnstile { TurnstileID = 72, LiftID = 20, IsOpen = True })" storage="/mnt/c/users/alena/desktop/7_sem/testing_and_debugging/skiresort/accesstodb.tests/bin/debug/net6.0/accesstodb.tests.dll" id="0f3a2dfb-b4b8-e17e-df2b-c02a0e86e2d7">
      <Execution id="11a6953c-f618-4918-8040-a257be511d45" />
      <TestMethod codeBase="/mnt/c/Users/alena/Desktop/7_sem/testing_and_debugging/SkiResort/AccessToDB.Tests/bin/Debug/net6.0/AccessToDB.Tests.dll" adapterTypeName="executor://xunit/VsTestRunner2/netcoreapp" className="AccessToDB.Tests.TurnstilesRepositoryTests" name="TestAddTurnstileAsyncFailsWhenTurnstileIdRepeats" />
    </UnitTest>
    <UnitTest name="AccessToDB.Tests.UsersRepositoryTests.TestGetUserByEmailAsyncFailsWhenEmailNotExists(email: &quot;email2852f2a3-8a81-4e78-b4ee-f4b73ed589f7&quot;)" storage="/mnt/c/users/alena/desktop/7_sem/testing_and_debugging/skiresort/accesstodb.tests/bin/debug/net6.0/accesstodb.tests.dll" id="c1a09e66-6c95-4707-fcdb-30e75231b9c0">
      <Execution id="dae33aad-0ced-49a1-b37c-d5079d548bce" />
      <TestMethod codeBase="/mnt/c/Users/alena/Desktop/7_sem/testing_and_debugging/SkiResort/AccessToDB.Tests/bin/Debug/net6.0/AccessToDB.Tests.dll" adapterTypeName="executor://xunit/VsTestRunner2/netcoreapp" className="AccessToDB.Tests.UsersRepositoryTests" name="TestGetUserByEmailAsyncFailsWhenEmailNotExists" />
    </UnitTest>
    <UnitTest name="AccessToDB.Tests.LiftsSlopesRepositoryTests.TestAddLiftSlopeAsyncFailsWhenLiftSlopeIdRepeats(liftSlope: LiftSlope { RecordID = 156, LiftID = 196, SlopeID = 252 })" storage="/mnt/c/users/alena/desktop/7_sem/testing_and_debugging/skiresort/accesstodb.tests/bin/debug/net6.0/accesstodb.tests.dll" id="4d92c64c-ec03-b774-df27-ad6d76c324a5">
      <Execution id="537740de-f486-4396-ac9b-2f044ff8fc4d" />
      <TestMethod codeBase="/mnt/c/Users/alena/Desktop/7_sem/testing_and_debugging/SkiResort/AccessToDB.Tests/bin/Debug/net6.0/AccessToDB.Tests.dll" adapterTypeName="executor://xunit/VsTestRunner2/netcoreapp" className="AccessToDB.Tests.LiftsSlopesRepositoryTests" name="TestAddLiftSlopeAsyncFailsWhenLiftSlopeIdRepeats" />
    </UnitTest>
    <UnitTest name="AccessToDB.Tests.UsersRepositoryTests.TestAddUserAutoIncrementAsyncOk" storage="/mnt/c/users/alena/desktop/7_sem/testing_and_debugging/skiresort/accesstodb.tests/bin/debug/net6.0/accesstodb.tests.dll" id="e75bb6e2-88d9-af2a-a444-c4a9d67f0f0e">
      <Execution id="e94d4f74-16e0-4aff-bfb5-6e316837e4e2" />
      <TestMethod codeBase="/mnt/c/Users/alena/Desktop/7_sem/testing_and_debugging/SkiResort/AccessToDB.Tests/bin/Debug/net6.0/AccessToDB.Tests.dll" adapterTypeName="executor://xunit/VsTestRunner2/netcoreapp" className="AccessToDB.Tests.UsersRepositoryTests" name="TestAddUserAutoIncrementAsyncOk" />
    </UnitTest>
    <UnitTest name="AccessToDB.Tests.SlopesRepositoryTests.TestAddSlopeAutoIncrementAsyncOk" storage="/mnt/c/users/alena/desktop/7_sem/testing_and_debugging/skiresort/accesstodb.tests/bin/debug/net6.0/accesstodb.tests.dll" id="8f7ba917-f771-0dc5-f9b9-465c34344b12">
      <Execution id="7a2f6b21-e652-4a8b-9d99-79f17eed7fb6" />
      <TestMethod codeBase="/mnt/c/Users/alena/Desktop/7_sem/testing_and_debugging/SkiResort/AccessToDB.Tests/bin/Debug/net6.0/AccessToDB.Tests.dll" adapterTypeName="executor://xunit/VsTestRunner2/netcoreapp" className="AccessToDB.Tests.SlopesRepositoryTests" name="TestAddSlopeAutoIncrementAsyncOk" />
    </UnitTest>
    <UnitTest name="AccessToDB.Tests.TurnstilesRepositoryTests.TestGetTurnstileByIdAsyncOk(turnstile: Turnstile { TurnstileID = 235, LiftID = 36, IsOpen = True })" storage="/mnt/c/users/alena/desktop/7_sem/testing_and_debugging/skiresort/accesstodb.tests/bin/debug/net6.0/accesstodb.tests.dll" id="4c440b5b-c117-0cf7-3022-afede7d07e0e">
      <Execution id="0d978bde-dedb-4479-aee3-387580e058a2" />
      <TestMethod codeBase="/mnt/c/Users/alena/Desktop/7_sem/testing_and_debugging/SkiResort/AccessToDB.Tests/bin/Debug/net6.0/AccessToDB.Tests.dll" adapterTypeName="executor://xunit/VsTestRunner2/netcoreapp" className="AccessToDB.Tests.TurnstilesRepositoryTests" name="TestGetTurnstileByIdAsyncOk" />
    </UnitTest>
    <UnitTest name="AccessToDB.Tests.LiftsSlopesRepositoryTests.TestUpdateLiftSlopeByIDAsyncOk(liftSlope: LiftSlope { RecordID = 222, LiftID = 136, SlopeID = 41 })" storage="/mnt/c/users/alena/desktop/7_sem/testing_and_debugging/skiresort/accesstodb.tests/bin/debug/net6.0/accesstodb.tests.dll" id="0ab35a1b-498b-6b3e-71f3-7713fbf6e9f3">
      <Execution id="7a1678d5-98de-4404-b05e-5578c111798e" />
      <TestMethod codeBase="/mnt/c/Users/alena/Desktop/7_sem/testing_and_debugging/SkiResort/AccessToDB.Tests/bin/Debug/net6.0/AccessToDB.Tests.dll" adapterTypeName="executor://xunit/VsTestRunner2/netcoreapp" className="AccessToDB.Tests.LiftsSlopesRepositoryTests" name="TestUpdateLiftSlopeByIDAsyncOk" />
    </UnitTest>
    <UnitTest name="AccessToDB.Tests.LiftsSlopesRepositoryTests.TestGetLiftSlopeByIdAsyncOk(liftSlope: LiftSlope { RecordID = 125, LiftID = 123, SlopeID = 111 })" storage="/mnt/c/users/alena/desktop/7_sem/testing_and_debugging/skiresort/accesstodb.tests/bin/debug/net6.0/accesstodb.tests.dll" id="553cf2b9-1490-4e8f-4189-ae3ce6076bd7">
      <Execution id="95a957a8-2f4a-4535-9bf5-30957aa61005" />
      <TestMethod codeBase="/mnt/c/Users/alena/Desktop/7_sem/testing_and_debugging/SkiResort/AccessToDB.Tests/bin/Debug/net6.0/AccessToDB.Tests.dll" adapterTypeName="executor://xunit/VsTestRunner2/netcoreapp" className="AccessToDB.Tests.LiftsSlopesRepositoryTests" name="TestGetLiftSlopeByIdAsyncOk" />
    </UnitTest>
    <UnitTest name="AccessToDB.Tests.UsersRepositoryTests.TestGetUserByIdAsyncOk(user: User { UserID = 54, CardID = 111, UserEmail = UserEmail1fa811fe-d64b-4f68-a6fe-a9c6b212f799, Password = password6618a0ca-4750-4df8-ba23-f05b20d6a300, Permissions = UNAUTHORIZED })" storage="/mnt/c/users/alena/desktop/7_sem/testing_and_debugging/skiresort/accesstodb.tests/bin/debug/net6.0/accesstodb.tests.dll" id="3affa773-d9c1-628b-7150-a01e4217332d">
      <Execution id="3a9d0ad5-8130-47cd-ace9-e73184855847" />
      <TestMethod codeBase="/mnt/c/Users/alena/Desktop/7_sem/testing_and_debugging/SkiResort/AccessToDB.Tests/bin/Debug/net6.0/AccessToDB.Tests.dll" adapterTypeName="executor://xunit/VsTestRunner2/netcoreapp" className="AccessToDB.Tests.UsersRepositoryTests" name="TestGetUserByIdAsyncOk" />
    </UnitTest>
    <UnitTest name="AccessToDB.Tests.LiftsRepositoryTests.TestGetLiftsAsyncEmpty" storage="/mnt/c/users/alena/desktop/7_sem/testing_and_debugging/skiresort/accesstodb.tests/bin/debug/net6.0/accesstodb.tests.dll" id="607e8298-f113-be33-300e-15a343893443">
      <Execution id="360e4b51-caed-4006-8f9e-42c50cff8005" />
      <TestMethod codeBase="/mnt/c/Users/alena/Desktop/7_sem/testing_and_debugging/SkiResort/AccessToDB.Tests/bin/Debug/net6.0/AccessToDB.Tests.dll" adapterTypeName="executor://xunit/VsTestRunner2/netcoreapp" className="AccessToDB.Tests.LiftsRepositoryTests" name="TestGetLiftsAsyncEmpty" />
    </UnitTest>
    <UnitTest name="AccessToDB.Tests.TurnstilesRepositoryTests.TestUpdateTurnstileByIDAsyncOk(turnstile: Turnstile { TurnstileID = 134, LiftID = 133, IsOpen = True })" storage="/mnt/c/users/alena/desktop/7_sem/testing_and_debugging/skiresort/accesstodb.tests/bin/debug/net6.0/accesstodb.tests.dll" id="114cb0c8-b757-1a5d-57d8-ffb7a9cccdc8">
      <Execution id="4ede7821-7e23-4529-8f31-d15d333cc723" />
      <TestMethod codeBase="/mnt/c/Users/alena/Desktop/7_sem/testing_and_debugging/SkiResort/AccessToDB.Tests/bin/Debug/net6.0/AccessToDB.Tests.dll" adapterTypeName="executor://xunit/VsTestRunner2/netcoreapp" className="AccessToDB.Tests.TurnstilesRepositoryTests" name="TestUpdateTurnstileByIDAsyncOk" />
    </UnitTest>
    <UnitTest name="AccessToDB.Tests.UsersRepositoryTests.TestUpdateUserByIDAsyncOk(user: User { UserID = 237, CardID = 23, UserEmail = UserEmaild2d622cb-9d35-4bdc-87b5-a19c4e81baeb, Password = password942838bb-2e03-4f36-8d20-fff0d1902d0c, Permissions = UNAUTHORIZED })" storage="/mnt/c/users/alena/desktop/7_sem/testing_and_debugging/skiresort/accesstodb.tests/bin/debug/net6.0/accesstodb.tests.dll" id="4f6280e9-4080-f4d2-1f1d-27b9d55b6688">
      <Execution id="1e3a40ef-fc4f-4b3e-a416-e4e61df45d80" />
      <TestMethod codeBase="/mnt/c/Users/alena/Desktop/7_sem/testing_and_debugging/SkiResort/AccessToDB.Tests/bin/Debug/net6.0/AccessToDB.Tests.dll" adapterTypeName="executor://xunit/VsTestRunner2/netcoreapp" className="AccessToDB.Tests.UsersRepositoryTests" name="TestUpdateUserByIDAsyncOk" />
    </UnitTest>
    <UnitTest name="AccessToDB.Tests.SlopesRepositoryTests.TestDeleteSlopeByIDAsyncFailsWhenIDNotExists(slopeID: 101)" storage="/mnt/c/users/alena/desktop/7_sem/testing_and_debugging/skiresort/accesstodb.tests/bin/debug/net6.0/accesstodb.tests.dll" id="cdac4cca-5b48-6c91-c6c7-cd42e2390cd8">
      <Execution id="4298409a-66c7-4f73-ac3d-ca92999e99ff" />
      <TestMethod codeBase="/mnt/c/Users/alena/Desktop/7_sem/testing_and_debugging/SkiResort/AccessToDB.Tests/bin/Debug/net6.0/AccessToDB.Tests.dll" adapterTypeName="executor://xunit/VsTestRunner2/netcoreapp" className="AccessToDB.Tests.SlopesRepositoryTests" name="TestDeleteSlopeByIDAsyncFailsWhenIDNotExists" />
    </UnitTest>
  </TestDefinitions>
  <TestEntries>
    <TestEntry testId="607e8298-f113-be33-300e-15a343893443" executionId="360e4b51-caed-4006-8f9e-42c50cff8005" testListId="8c84fa94-04c1-424b-9868-57a2d4851a1d" />
    <TestEntry testId="2ceb27d5-67c9-df35-ac4e-f97557a17a48" executionId="81f61360-c799-4be3-9805-d08caff7554d" testListId="8c84fa94-04c1-424b-9868-57a2d4851a1d" />
    <TestEntry testId="abce8750-e836-4def-3086-7a2c02f40dda" executionId="2e7eaabf-e38a-4bd9-92a1-e1073661c1f3" testListId="8c84fa94-04c1-424b-9868-57a2d4851a1d" />
    <TestEntry testId="9daee4c4-678b-ae9e-7ec8-ac1d446fd554" executionId="626eb52e-3e85-4d21-8436-f75c13d9d656" testListId="8c84fa94-04c1-424b-9868-57a2d4851a1d" />
    <TestEntry testId="f9435956-2e34-e52b-c34e-dce53665cf8e" executionId="4c4b5815-08c4-4bce-910f-efe5e3cb2466" testListId="8c84fa94-04c1-424b-9868-57a2d4851a1d" />
    <TestEntry testId="04371213-ad0f-cedc-164d-5028057b75f2" executionId="996c6819-6867-4303-99c3-ae6ffa46ecb1" testListId="8c84fa94-04c1-424b-9868-57a2d4851a1d" />
    <TestEntry testId="9922b3a2-d2ee-b321-1e04-8f7d51ed9b94" executionId="26c744d1-555c-465b-be91-10b54a59e4bd" testListId="8c84fa94-04c1-424b-9868-57a2d4851a1d" />
    <TestEntry testId="f13242d0-a4f9-c2b6-347b-f3f450a177f2" executionId="7f1b3fde-e4bd-4705-84c4-297ef7a3a628" testListId="8c84fa94-04c1-424b-9868-57a2d4851a1d" />
    <TestEntry testId="30f8e924-9784-0a43-e807-094f70e06567" executionId="f122cc83-6840-4154-b4f7-982eb9618f41" testListId="8c84fa94-04c1-424b-9868-57a2d4851a1d" />
    <TestEntry testId="cdac4cca-5b48-6c91-c6c7-cd42e2390cd8" executionId="4298409a-66c7-4f73-ac3d-ca92999e99ff" testListId="8c84fa94-04c1-424b-9868-57a2d4851a1d" />
    <TestEntry testId="c1a09e66-6c95-4707-fcdb-30e75231b9c0" executionId="dae33aad-0ced-49a1-b37c-d5079d548bce" testListId="8c84fa94-04c1-424b-9868-57a2d4851a1d" />
    <TestEntry testId="0b26847a-532c-2b6f-59d8-edd14ac9b9ff" executionId="8f5899cf-1f83-432f-9313-32184863acad" testListId="8c84fa94-04c1-424b-9868-57a2d4851a1d" />
    <TestEntry testId="81563946-2624-efcb-4e6b-84e1a61aaa30" executionId="5b552a86-b416-48fb-8777-c91c5e3bef33" testListId="8c84fa94-04c1-424b-9868-57a2d4851a1d" />
    <TestEntry testId="4d92c64c-ec03-b774-df27-ad6d76c324a5" executionId="537740de-f486-4396-ac9b-2f044ff8fc4d" testListId="8c84fa94-04c1-424b-9868-57a2d4851a1d" />
    <TestEntry testId="08c4d346-b349-7532-6a6c-7a404ca4e819" executionId="6d371fea-b41f-4189-a731-e3e8dd817376" testListId="8c84fa94-04c1-424b-9868-57a2d4851a1d" />
    <TestEntry testId="c36e215c-8de0-4cc0-9188-8fd5f665666a" executionId="52736a59-b55e-4b17-9b8e-3455c9a79519" testListId="8c84fa94-04c1-424b-9868-57a2d4851a1d" />
    <TestEntry testId="4f6280e9-4080-f4d2-1f1d-27b9d55b6688" executionId="1e3a40ef-fc4f-4b3e-a416-e4e61df45d80" testListId="8c84fa94-04c1-424b-9868-57a2d4851a1d" />
    <TestEntry testId="ec229f70-485a-f91b-53ed-bce655f6cd58" executionId="41a4c538-9950-46b1-b76e-f71816d30c5b" testListId="8c84fa94-04c1-424b-9868-57a2d4851a1d" />
    <TestEntry testId="4c440b5b-c117-0cf7-3022-afede7d07e0e" executionId="0d978bde-dedb-4479-aee3-387580e058a2" testListId="8c84fa94-04c1-424b-9868-57a2d4851a1d" />
    <TestEntry testId="85a707cc-7ee7-cb8b-cd5a-086954c26b9b" executionId="222fa831-0dee-4cb3-8bfa-f51160718dd8" testListId="8c84fa94-04c1-424b-9868-57a2d4851a1d" />
    <TestEntry testId="4145f44e-b4b1-a618-09e8-c631496e6f1a" executionId="8cb60431-1837-4960-aec8-7cc61a0539ef" testListId="8c84fa94-04c1-424b-9868-57a2d4851a1d" />
    <TestEntry testId="3741b26d-6ee0-6246-29e4-92009bff37b0" executionId="3b17c1b5-db04-4d54-a79e-723d157511c1" testListId="8c84fa94-04c1-424b-9868-57a2d4851a1d" />
    <TestEntry testId="0ab35a1b-498b-6b3e-71f3-7713fbf6e9f3" executionId="7a1678d5-98de-4404-b05e-5578c111798e" testListId="8c84fa94-04c1-424b-9868-57a2d4851a1d" />
    <TestEntry testId="e75bb6e2-88d9-af2a-a444-c4a9d67f0f0e" executionId="e94d4f74-16e0-4aff-bfb5-6e316837e4e2" testListId="8c84fa94-04c1-424b-9868-57a2d4851a1d" />
    <TestEntry testId="5ccf7641-6213-8c11-4c9c-385b9542c7c7" executionId="bd1ab614-a2c9-47a7-bf51-4a1b198e2a32" testListId="8c84fa94-04c1-424b-9868-57a2d4851a1d" />
    <TestEntry testId="f19b6a0a-57fd-40b4-5fd3-e70f33d9d66a" executionId="ecd12bfb-67e1-4960-bb9b-11ba88047dc4" testListId="8c84fa94-04c1-424b-9868-57a2d4851a1d" />
    <TestEntry testId="0f3a2dfb-b4b8-e17e-df2b-c02a0e86e2d7" executionId="11a6953c-f618-4918-8040-a257be511d45" testListId="8c84fa94-04c1-424b-9868-57a2d4851a1d" />
    <TestEntry testId="8f7ba917-f771-0dc5-f9b9-465c34344b12" executionId="7a2f6b21-e652-4a8b-9d99-79f17eed7fb6" testListId="8c84fa94-04c1-424b-9868-57a2d4851a1d" />
    <TestEntry testId="130f3e48-0e29-cb79-97d9-bf21e213252a" executionId="d17d744a-61ea-433b-afb5-fa665a4dcb7f" testListId="8c84fa94-04c1-424b-9868-57a2d4851a1d" />
    <TestEntry testId="3affa773-d9c1-628b-7150-a01e4217332d" executionId="3a9d0ad5-8130-47cd-ace9-e73184855847" testListId="8c84fa94-04c1-424b-9868-57a2d4851a1d" />
    <TestEntry testId="9bbefb83-8311-6e03-307f-415e3495e223" executionId="c4aa173b-9c68-4b7e-9ba7-3cefd58d8c9a" testListId="8c84fa94-04c1-424b-9868-57a2d4851a1d" />
    <TestEntry testId="553cf2b9-1490-4e8f-4189-ae3ce6076bd7" executionId="95a957a8-2f4a-4535-9bf5-30957aa61005" testListId="8c84fa94-04c1-424b-9868-57a2d4851a1d" />
    <TestEntry testId="83bea616-1106-0926-a90c-ffe811de4ebc" executionId="c83abf9a-adac-4aee-bb62-3ea463fbd2ee" testListId="8c84fa94-04c1-424b-9868-57a2d4851a1d" />
    <TestEntry testId="3acf8d5a-846a-58c6-9c44-8bfca1479af1" executionId="321c3bb4-1bdd-47bc-96e4-ab133b8452ce" testListId="8c84fa94-04c1-424b-9868-57a2d4851a1d" />
    <TestEntry testId="b4f6fcd8-7a2c-2dc4-018e-af57fbc06fdf" executionId="8a4ba839-c183-4cff-bc4d-fb2f441b9127" testListId="8c84fa94-04c1-424b-9868-57a2d4851a1d" />
    <TestEntry testId="703d048a-86dc-43d5-a515-fed80ec9b17d" executionId="cdc7bfb4-5c95-47f3-8fc5-f649c6a99a3b" testListId="8c84fa94-04c1-424b-9868-57a2d4851a1d" />
    <TestEntry testId="114cb0c8-b757-1a5d-57d8-ffb7a9cccdc8" executionId="4ede7821-7e23-4529-8f31-d15d333cc723" testListId="8c84fa94-04c1-424b-9868-57a2d4851a1d" />
    <TestEntry testId="3c521313-4ed6-6bce-b4f9-c359411028e7" executionId="a14862e8-859f-42ee-ae28-5508e6d5e471" testListId="8c84fa94-04c1-424b-9868-57a2d4851a1d" />
    <TestEntry testId="922e475d-3245-1aff-1aa7-cc13786fd0d6" executionId="2d433579-ab13-412c-aee3-dda7118400a6" testListId="8c84fa94-04c1-424b-9868-57a2d4851a1d" />
  </TestEntries>
  <TestLists>
    <TestList name="Results Not in a List" id="8c84fa94-04c1-424b-9868-57a2d4851a1d" />
    <TestList name="All Loaded Results" id="19431567-8539-422a-85d7-44ee4e166bda" />
  </TestLists>
  <ResultSummary outcome="Completed">
    <Counters total="39" executed="39" passed="39" failed="0" error="0" timeout="0" aborted="0" inconclusive="0" passedButRunAborted="0" notRunnable="0" notExecuted="0" disconnected="0" warning="0" completed="0" inProgress="0" pending="0" />
    <Output>
      <StdOut>[xUnit.net 00:00:00.00] xUnit.net VSTest Adapter v2.4.5+1caef2f33e (64-bit .NET 6.0.10)
[xUnit.net 00:00:01.01]   Discovering: AccessToDB.Tests
[xUnit.net 00:00:01.22]   Discovered:  AccessToDB.Tests
[xUnit.net 00:00:01.22]   Starting:    AccessToDB.Tests
[xUnit.net 00:00:16.91]   Finished:    AccessToDB.Tests
</StdOut>
    </Output>
  </ResultSummary>
</TestRun>