<?xml version="1.0" encoding="utf-8"?>
<TestRun id="320e0504-e5f3-463a-8bc6-14297a836514" name="@DESKTOP-TJ9D65N 2022-10-21 18:43:38" xmlns="http://microsoft.com/schemas/VisualStudio/TeamTest/2010">
  <Times creation="2022-10-21T18:43:38.2827032+03:00" queuing="2022-10-21T18:43:38.2827032+03:00" start="2022-10-21T18:43:33.8743594+03:00" finish="2022-10-21T18:43:53.4694783+03:00" />
  <TestSettings name="default" id="8fa1cc5b-4615-4076-a96a-e01b99755dd2">
    <Deployment runDeploymentRoot="_DESKTOP-TJ9D65N_2022-10-21_18_43_38" />
  </TestSettings>
  <Results>
    <UnitTestResult executionId="f4b4c59f-3706-4512-8760-8fa3f8444a28" testId="607e8298-f113-be33-300e-15a343893443" testName="AccessToDB.Tests.LiftsRepositoryTests.TestGetLiftsAsyncEmpty" computerName="DESKTOP-TJ9D65N" duration="00:00:00.3652609" startTime="2022-10-21T18:43:48.6284129+03:00" endTime="2022-10-21T18:43:48.6284137+03:00" testType="13cdc9d9-ddb5-4fa4-a97d-d965ccfc6d4b" outcome="Passed" testListId="8c84fa94-04c1-424b-9868-57a2d4851a1d" relativeResultsDirectory="f4b4c59f-3706-4512-8760-8fa3f8444a28" />
    <UnitTestResult executionId="2f15fbf1-e218-41d3-9d8c-71da41117bb6" testId="94e24f05-589e-8b85-bea6-2d80b7ad786c" testName="AccessToDB.Tests.LiftsSlopesRepositoryTests.TestDeleteLiftSlopeByIDAsyncFailsWhenIDNotExists(liftSlopeID: 57)" computerName="DESKTOP-TJ9D65N" duration="00:00:00.3781925" startTime="2022-10-21T18:43:40.2912309+03:00" endTime="2022-10-21T18:43:40.2912310+03:00" testType="13cdc9d9-ddb5-4fa4-a97d-d965ccfc6d4b" outcome="Passed" testListId="8c84fa94-04c1-424b-9868-57a2d4851a1d" relativeResultsDirectory="2f15fbf1-e218-41d3-9d8c-71da41117bb6" />
    <UnitTestResult executionId="6316d2ca-fa7a-4c8a-a055-52f33bd874d7" testId="f9435956-2e34-e52b-c34e-dce53665cf8e" testName="AccessToDB.Tests.TurnstilesRepositoryTests.TestAddTurnstileAutoIncrementAsyncOk" computerName="DESKTOP-TJ9D65N" duration="00:00:00.3943136" startTime="2022-10-21T18:43:45.6074659+03:00" endTime="2022-10-21T18:43:45.6074660+03:00" testType="13cdc9d9-ddb5-4fa4-a97d-d965ccfc6d4b" outcome="Passed" testListId="8c84fa94-04c1-424b-9868-57a2d4851a1d" relativeResultsDirectory="6316d2ca-fa7a-4c8a-a055-52f33bd874d7" />
    <UnitTestResult executionId="9b473883-054d-475f-9889-e9ee9a5d768c" testId="f10a8c7d-7bd5-3986-158a-2f1b14448a18" testName="AccessToDB.Tests.TurnstilesRepositoryTests.TestGetTurnstileByIdAsyncOk(turnstile: Turnstile { TurnstileID = 204, LiftID = 127, IsOpen = True })" computerName="DESKTOP-TJ9D65N" duration="00:00:00.3867723" startTime="2022-10-21T18:43:43.9879539+03:00" endTime="2022-10-21T18:43:43.9879540+03:00" testType="13cdc9d9-ddb5-4fa4-a97d-d965ccfc6d4b" outcome="Passed" testListId="8c84fa94-04c1-424b-9868-57a2d4851a1d" relativeResultsDirectory="9b473883-054d-475f-9889-e9ee9a5d768c" />
    <UnitTestResult executionId="4076551c-41e8-4cd5-b74d-072dd658cb0f" testId="32c1c6c2-01e0-c915-4ee6-bf06336b58e4" testName="AccessToDB.Tests.TurnstilesRepositoryTests.TestAddTurnstileAsyncFailsWhenTurnstileIdRepeats(turnstile: Turnstile { TurnstileID = 177, LiftID = 51, IsOpen = True })" computerName="DESKTOP-TJ9D65N" duration="00:00:00.3934179" startTime="2022-10-21T18:43:44.3969448+03:00" endTime="2022-10-21T18:43:44.3969450+03:00" testType="13cdc9d9-ddb5-4fa4-a97d-d965ccfc6d4b" outcome="Passed" testListId="8c84fa94-04c1-424b-9868-57a2d4851a1d" relativeResultsDirectory="4076551c-41e8-4cd5-b74d-072dd658cb0f" />
    <UnitTestResult executionId="0b162543-ffbe-403a-baf0-c1661a941298" testId="dd61bb14-030b-13ca-e82c-c18b4e44c653" testName="AccessToDB.Tests.SlopesRepositoryTests.TestUpdateSlopeByIDAsyncOk(slope: Slope { SlopeID = 215, SlopeName = slopeName85e54b76-47de-4355-9337-192dbcda9346, IsOpen = True, DifficultyLevel = 225, ConnectedLifts =  })" computerName="DESKTOP-TJ9D65N" duration="00:00:00.3932294" startTime="2022-10-21T18:43:41.5204308+03:00" endTime="2022-10-21T18:43:41.5204310+03:00" testType="13cdc9d9-ddb5-4fa4-a97d-d965ccfc6d4b" outcome="Passed" testListId="8c84fa94-04c1-424b-9868-57a2d4851a1d" relativeResultsDirectory="0b162543-ffbe-403a-baf0-c1661a941298" />
    <UnitTestResult executionId="90f4458a-6c10-498e-ad09-59966fd3e0e1" testId="a64d2df2-8977-53b9-a461-9e12d2f3e2fb" testName="AccessToDB.Tests.LiftsRepositoryTests.TestGetLiftByIdAsyncOk(lift: Lift { LiftID = 203, LiftName = liftName4eb90e19-a80c-4181-a8dc-454d0e999634, IsOpen = True, SeatsAmount = 205, LiftingTime = 55, QueueTime = 164, ConnectedSlopes =  })" computerName="DESKTOP-TJ9D65N" duration="00:00:00.3881034" startTime="2022-10-21T18:43:48.2511630+03:00" endTime="2022-10-21T18:43:48.2511630+03:00" testType="13cdc9d9-ddb5-4fa4-a97d-d965ccfc6d4b" outcome="Passed" testListId="8c84fa94-04c1-424b-9868-57a2d4851a1d" relativeResultsDirectory="90f4458a-6c10-498e-ad09-59966fd3e0e1" />
    <UnitTestResult executionId="6cdd1669-a7a9-4d39-84bc-668dee80f5e5" testId="c3e9138f-7cba-aa9f-9db9-346d6c62af1b" testName="AccessToDB.Tests.LiftsSlopesRepositoryTests.TestGetLiftSlopeByIdAsyncOk(liftSlope: LiftSlope { RecordID = 48, LiftID = 72, SlopeID = 134 })" computerName="DESKTOP-TJ9D65N" duration="00:00:00.3979248" startTime="2022-10-21T18:43:37.7463647+03:00" endTime="2022-10-21T18:43:37.7463649+03:00" testType="13cdc9d9-ddb5-4fa4-a97d-d965ccfc6d4b" outcome="Passed" testListId="8c84fa94-04c1-424b-9868-57a2d4851a1d" relativeResultsDirectory="6cdd1669-a7a9-4d39-84bc-668dee80f5e5" />
    <UnitTestResult executionId="e436a8b1-717e-43c9-86cc-97c6f9289f8f" testId="98c219dd-300d-80e9-7832-1f7a6666c668" testName="AccessToDB.Tests.SlopesRepositoryTests.TestAddSlopeAsyncFailsWhenSlopeIdRepeats(slope: Slope { SlopeID = 245, SlopeName = slopeNamefa1d8fe8-ef80-400c-b440-c79078d5f2b9, IsOpen = True, DifficultyLevel = 155, ConnectedLifts =  })" computerName="DESKTOP-TJ9D65N" duration="00:00:00.4057114" startTime="2022-10-21T18:43:43.1622586+03:00" endTime="2022-10-21T18:43:43.1622591+03:00" testType="13cdc9d9-ddb5-4fa4-a97d-d965ccfc6d4b" outcome="Passed" testListId="8c84fa94-04c1-424b-9868-57a2d4851a1d" relativeResultsDirectory="e436a8b1-717e-43c9-86cc-97c6f9289f8f" />
    <UnitTestResult executionId="3b4ee63b-e2d9-4f27-b1a1-bc2fb3047289" testId="4825e697-d120-357c-fb01-1ac1e0cbb21d" testName="AccessToDB.Tests.LiftsRepositoryTests.TestDeleteLiftByIDAsyncFailsWhenIDNotExists(liftID: 133)" computerName="DESKTOP-TJ9D65N" duration="00:00:00.3665855" startTime="2022-10-21T18:43:49.0323535+03:00" endTime="2022-10-21T18:43:49.0323537+03:00" testType="13cdc9d9-ddb5-4fa4-a97d-d965ccfc6d4b" outcome="Passed" testListId="8c84fa94-04c1-424b-9868-57a2d4851a1d" relativeResultsDirectory="3b4ee63b-e2d9-4f27-b1a1-bc2fb3047289" />
    <UnitTestResult executionId="67409a3c-a61b-4ed4-b29b-4d6edf29d064" testId="fcbbdcee-d5ea-7c1e-d60d-3a530f027339" testName="AccessToDB.Tests.LiftsSlopesRepositoryTests.TestUpdateLiftSlopeByIDAsyncOk(liftSlope: LiftSlope { RecordID = 255, LiftID = 146, SlopeID = 66 })" computerName="DESKTOP-TJ9D65N" duration="00:00:00.4044421" startTime="2022-10-21T18:43:38.6003529+03:00" endTime="2022-10-21T18:43:38.6003530+03:00" testType="13cdc9d9-ddb5-4fa4-a97d-d965ccfc6d4b" outcome="Passed" testListId="8c84fa94-04c1-424b-9868-57a2d4851a1d" relativeResultsDirectory="67409a3c-a61b-4ed4-b29b-4d6edf29d064" />
    <UnitTestResult executionId="a28c749e-2c23-4b1e-8978-29b7a7b68356" testId="8f7ba917-f771-0dc5-f9b9-465c34344b12" testName="AccessToDB.Tests.SlopesRepositoryTests.TestAddSlopeAutoIncrementAsyncOk" computerName="DESKTOP-TJ9D65N" duration="00:00:00.3928088" startTime="2022-10-21T18:43:42.3318099+03:00" endTime="2022-10-21T18:43:42.3318101+03:00" testType="13cdc9d9-ddb5-4fa4-a97d-d965ccfc6d4b" outcome="Passed" testListId="8c84fa94-04c1-424b-9868-57a2d4851a1d" relativeResultsDirectory="a28c749e-2c23-4b1e-8978-29b7a7b68356" />
    <UnitTestResult executionId="45f5d650-8fb7-4682-833c-b175e4483213" testId="ec229f70-485a-f91b-53ed-bce655f6cd58" testName="AccessToDB.Tests.LiftsRepositoryTests.TestAddLiftAutoIncrementAsyncOk" computerName="DESKTOP-TJ9D65N" duration="00:00:00.3967990" startTime="2022-10-21T18:43:46.9929320+03:00" endTime="2022-10-21T18:43:46.9929321+03:00" testType="13cdc9d9-ddb5-4fa4-a97d-d965ccfc6d4b" outcome="Passed" testListId="8c84fa94-04c1-424b-9868-57a2d4851a1d" relativeResultsDirectory="45f5d650-8fb7-4682-833c-b175e4483213" />
    <UnitTestResult executionId="e2f010c6-ea6f-4377-9536-5f885eeb6e41" testId="9bbefb83-8311-6e03-307f-415e3495e223" testName="AccessToDB.Tests.SlopesRepositoryTests.TestGetSlopesAsyncEmpty" computerName="DESKTOP-TJ9D65N" duration="00:00:00.3640953" startTime="2022-10-21T18:43:42.7147223+03:00" endTime="2022-10-21T18:43:42.7147232+03:00" testType="13cdc9d9-ddb5-4fa4-a97d-d965ccfc6d4b" outcome="Passed" testListId="8c84fa94-04c1-424b-9868-57a2d4851a1d" relativeResultsDirectory="e2f010c6-ea6f-4377-9536-5f885eeb6e41" />
    <UnitTestResult executionId="44af0c7b-297e-4815-aa35-1f0ea206f37b" testId="e5ea0357-7b91-8a1b-fd4e-7b3da901aed9" testName="AccessToDB.Tests.LiftsSlopesRepositoryTests.TestDeleteLiftSlopesByIDsAsyncOk(liftSlope: LiftSlope { RecordID = 48, LiftID = 169, SlopeID = 64 })" computerName="DESKTOP-TJ9D65N" duration="00:00:00.4047650" startTime="2022-10-21T18:43:40.7144421+03:00" endTime="2022-10-21T18:43:40.7144423+03:00" testType="13cdc9d9-ddb5-4fa4-a97d-d965ccfc6d4b" outcome="Passed" testListId="8c84fa94-04c1-424b-9868-57a2d4851a1d" relativeResultsDirectory="44af0c7b-297e-4815-aa35-1f0ea206f37b" />
    <UnitTestResult executionId="d707a07c-f3fb-4999-97ce-d04eb3c760a4" testId="7169483c-953a-8c2b-b00f-b7221333086c" testName="AccessToDB.Tests.LiftsRepositoryTests.TestUpdateLiftByIDAsyncOk(lift: Lift { LiftID = 233, LiftName = liftNamedc06764c-296c-4587-986d-eab01771a3aa, IsOpen = True, SeatsAmount = 222, LiftingTime = 179, QueueTime = 192, ConnectedSlopes =  })" computerName="DESKTOP-TJ9D65N" duration="00:00:00.4010498" startTime="2022-10-21T18:43:47.4082484+03:00" endTime="2022-10-21T18:43:47.4082486+03:00" testType="13cdc9d9-ddb5-4fa4-a97d-d965ccfc6d4b" outcome="Passed" testListId="8c84fa94-04c1-424b-9868-57a2d4851a1d" relativeResultsDirectory="d707a07c-f3fb-4999-97ce-d04eb3c760a4" />
    <UnitTestResult executionId="f60749cd-be9e-4344-8a8a-2338329d5922" testId="b8d8691d-6e42-6cf3-3574-65976cdb0078" testName="AccessToDB.Tests.LiftsSlopesRepositoryTests.TestGetSlopesByLiftIdAsyncFailsWhenSlopeNotExists(liftSlope: LiftSlope { RecordID = 150, LiftID = 224, SlopeID = 222 })" computerName="DESKTOP-TJ9D65N" duration="00:00:00.4119635" startTime="2022-10-21T18:43:39.0377757+03:00" endTime="2022-10-21T18:43:39.0377761+03:00" testType="13cdc9d9-ddb5-4fa4-a97d-d965ccfc6d4b" outcome="Passed" testListId="8c84fa94-04c1-424b-9868-57a2d4851a1d" relativeResultsDirectory="f60749cd-be9e-4344-8a8a-2338329d5922" />
    <UnitTestResult executionId="23666694-5320-4216-a3ca-68ad75f19f7f" testId="dc45819c-5b63-22d3-66a8-27a31a37d1c6" testName="AccessToDB.Tests.UsersRepositoryTests.TestAddUserAsyncFailsWhenUserIdRepeats(user: User { UserID = 228, CardID = 35, UserEmail = UserEmailc0b966c6-96c7-4e46-8d48-e63d3686b034, Password = password757a9591-c11c-4142-a337-8598808330e1, Permissions = UNAUTHORIZED })" computerName="DESKTOP-TJ9D65N" duration="00:00:00.4035700" startTime="2022-10-21T18:43:50.7238624+03:00" endTime="2022-10-21T18:43:50.7238627+03:00" testType="13cdc9d9-ddb5-4fa4-a97d-d965ccfc6d4b" outcome="Passed" testListId="8c84fa94-04c1-424b-9868-57a2d4851a1d" relativeResultsDirectory="23666694-5320-4216-a3ca-68ad75f19f7f" />
    <UnitTestResult executionId="71e1d392-38f5-4f07-bbe8-f544a653d654" testId="b0c54985-9934-c35e-d74d-a8892b422fef" testName="AccessToDB.Tests.TurnstilesRepositoryTests.TestDeleteTurnstileByIDAsyncFailsWhenIDNotExists(turnstileID: 164)" computerName="DESKTOP-TJ9D65N" duration="00:00:00.3690246" startTime="2022-10-21T18:43:45.1944893+03:00" endTime="2022-10-21T18:43:45.1944894+03:00" testType="13cdc9d9-ddb5-4fa4-a97d-d965ccfc6d4b" outcome="Passed" testListId="8c84fa94-04c1-424b-9868-57a2d4851a1d" relativeResultsDirectory="71e1d392-38f5-4f07-bbe8-f544a653d654" />
    <UnitTestResult executionId="37acc4d6-b801-4e2a-b862-aaa02207b1ac" testId="e17dd8b5-5dfb-c165-4dd7-aa3f28e8a0af" testName="AccessToDB.Tests.LiftsRepositoryTests.TestGetLiftByNameAsyncFailsWhenNameNotExists(liftName: &quot;liftName3e51f6e5-8615-4169-9a62-a305a5f5e2d7&quot;)" computerName="DESKTOP-TJ9D65N" duration="00:00:00.3975717" startTime="2022-10-21T18:43:49.4574971+03:00" endTime="2022-10-21T18:43:49.4574974+03:00" testType="13cdc9d9-ddb5-4fa4-a97d-d965ccfc6d4b" outcome="Passed" testListId="8c84fa94-04c1-424b-9868-57a2d4851a1d" relativeResultsDirectory="37acc4d6-b801-4e2a-b862-aaa02207b1ac" />
    <UnitTestResult executionId="9e2dae42-22e2-484c-97fc-bfb0b5c5fadf" testId="4145f44e-b4b1-a618-09e8-c631496e6f1a" testName="AccessToDB.Tests.LiftsSlopesRepositoryTests.TestGetLiftSlopesAsyncEmpty" computerName="DESKTOP-TJ9D65N" duration="00:00:00.3696855" startTime="2022-10-21T18:43:39.8807858+03:00" endTime="2022-10-21T18:43:39.8807867+03:00" testType="13cdc9d9-ddb5-4fa4-a97d-d965ccfc6d4b" outcome="Passed" testListId="8c84fa94-04c1-424b-9868-57a2d4851a1d" relativeResultsDirectory="9e2dae42-22e2-484c-97fc-bfb0b5c5fadf" />
    <UnitTestResult executionId="b4ee1a30-a041-43ed-b1f1-a4b75d87c8c7" testId="5743ceef-5b1a-99c5-c4f6-201b6723af61" testName="AccessToDB.Tests.UsersRepositoryTests.TestDeleteUserByIDAsyncFailsWhenIDNotExists(userID: 136)" computerName="DESKTOP-TJ9D65N" duration="00:00:00.3683358" startTime="2022-10-21T18:43:52.8760880+03:00" endTime="2022-10-21T18:43:52.8760882+03:00" testType="13cdc9d9-ddb5-4fa4-a97d-d965ccfc6d4b" outcome="Passed" testListId="8c84fa94-04c1-424b-9868-57a2d4851a1d" relativeResultsDirectory="b4ee1a30-a041-43ed-b1f1-a4b75d87c8c7" />
    <UnitTestResult executionId="4a813905-4056-4384-be97-0658e38b05a3" testId="a2ccd4b1-f0a6-d201-3fee-19f8943d6104" testName="AccessToDB.Tests.SlopesRepositoryTests.TestDeleteSlopeByIDAsyncFailsWhenIDNotExists(slopeID: 43)" computerName="DESKTOP-TJ9D65N" duration="00:00:00.3654718" startTime="2022-10-21T18:43:41.1154299+03:00" endTime="2022-10-21T18:43:41.1154300+03:00" testType="13cdc9d9-ddb5-4fa4-a97d-d965ccfc6d4b" outcome="Passed" testListId="8c84fa94-04c1-424b-9868-57a2d4851a1d" relativeResultsDirectory="4a813905-4056-4384-be97-0658e38b05a3" />
    <UnitTestResult executionId="082a655a-a41f-42bf-8d7b-5b8cf8a6d9f4" testId="0827a94d-bcd9-c921-a9bd-79f80a011d13" testName="AccessToDB.Tests.LiftsSlopesRepositoryTests.TestGetLiftsBySlopeIdAsyncOk(slope1: Slope { SlopeID = 174, SlopeName = slopeName62ec7004-18ee-4b39-ae20-5539503f87cf, IsOpen = True, DifficultyLevel = 205, ConnectedLifts =  }, slope2: Slope { SlopeID = 193, SlopeName = slopeName16dd2fae-f2a5-4f6d-8b13-7d697d2710dc, IsOpen = False, DifficultyLevel = 84, ConnectedLifts =  }, lift1: Lift { LiftID = 251, LiftName = liftNamef3b16198-b234-4759-8902-1f72378de03e, IsOpen = True, SeatsAmount = 2, LiftingTime = 19, QueueTime = 31, ConnectedSlopes =  }, lift2: Lift { LiftID = 38, LiftName = liftName81139415-4bab-413a-bf68-2f9b43ea29fc, IsOpen = False, SeatsAmount = 35, LiftingTime = 169, QueueTime = 225, ConnectedSlopes =  })" computerName="DESKTOP-TJ9D65N" duration="00:00:00.5551968" startTime="2022-10-21T18:43:37.3046369+03:00" endTime="2022-10-21T18:43:37.3046628+03:00" testType="13cdc9d9-ddb5-4fa4-a97d-d965ccfc6d4b" outcome="Passed" testListId="8c84fa94-04c1-424b-9868-57a2d4851a1d" relativeResultsDirectory="082a655a-a41f-42bf-8d7b-5b8cf8a6d9f4" />
    <UnitTestResult executionId="3a36351c-6179-4488-9cce-53de35472b24" testId="3ad9e8a1-28b9-6268-3836-91408e558ea3" testName="AccessToDB.Tests.UsersRepositoryTests.TestGetUserByIdAsyncOk(user: User { UserID = 39, CardID = 121, UserEmail = UserEmailb819f3a2-3adb-4f9f-8eb8-b926c9ad3f25, Password = password3defeb27-da13-431a-b7d0-f99ba89eb1d8, Permissions = UNAUTHORIZED })" computerName="DESKTOP-TJ9D65N" duration="00:00:00.3842762" startTime="2022-10-21T18:43:52.4649415+03:00" endTime="2022-10-21T18:43:52.4649418+03:00" testType="13cdc9d9-ddb5-4fa4-a97d-d965ccfc6d4b" outcome="Passed" testListId="8c84fa94-04c1-424b-9868-57a2d4851a1d" relativeResultsDirectory="3a36351c-6179-4488-9cce-53de35472b24" />
    <UnitTestResult executionId="2ac4c8d7-4a31-4fbe-a8c2-32174e472fe0" testId="30f8e924-9784-0a43-e807-094f70e06567" testName="AccessToDB.Tests.LiftsSlopesRepositoryTests.TestAddLiftSlopeAutoIncrementAsyncOk" computerName="DESKTOP-TJ9D65N" duration="00:00:00.4063421" startTime="2022-10-21T18:43:39.4828199+03:00" endTime="2022-10-21T18:43:39.4828200+03:00" testType="13cdc9d9-ddb5-4fa4-a97d-d965ccfc6d4b" outcome="Passed" testListId="8c84fa94-04c1-424b-9868-57a2d4851a1d" relativeResultsDirectory="2ac4c8d7-4a31-4fbe-a8c2-32174e472fe0" />
    <UnitTestResult executionId="a210ff98-bff4-4dc9-94df-337cb2dfc670" testId="ff983dd2-cf83-855f-4c2b-14c9f16657c3" testName="AccessToDB.Tests.UsersRepositoryTests.TestCheckUserIdExistsAsyncTrue(user: User { UserID = 116, CardID = 57, UserEmail = UserEmail1a762c06-fd67-4fef-9e1d-4333ded4e96e, Password = password5dc6bd37-1d55-4d08-b7f6-70ffe406026d, Permissions = UNAUTHORIZED })" computerName="DESKTOP-TJ9D65N" duration="00:00:00.3952243" startTime="2022-10-21T18:43:49.9056442+03:00" endTime="2022-10-21T18:43:49.9056449+03:00" testType="13cdc9d9-ddb5-4fa4-a97d-d965ccfc6d4b" outcome="Passed" testListId="8c84fa94-04c1-424b-9868-57a2d4851a1d" relativeResultsDirectory="a210ff98-bff4-4dc9-94df-337cb2dfc670" />
    <UnitTestResult executionId="8e53008c-e0de-421b-b7b8-cb5ac421f119" testId="a42cd5bd-3438-9b95-14d3-51a8657c7336" testName="AccessToDB.Tests.TurnstilesRepositoryTests.TestUpdateTurnstileByIDAsyncOk(turnstile: Turnstile { TurnstileID = 148, LiftID = 143, IsOpen = True })" computerName="DESKTOP-TJ9D65N" duration="00:00:00.3977346" startTime="2022-10-21T18:43:46.0269447+03:00" endTime="2022-10-21T18:43:46.0269452+03:00" testType="13cdc9d9-ddb5-4fa4-a97d-d965ccfc6d4b" outcome="Passed" testListId="8c84fa94-04c1-424b-9868-57a2d4851a1d" relativeResultsDirectory="8e53008c-e0de-421b-b7b8-cb5ac421f119" />
    <UnitTestResult executionId="f4f966e2-8e92-438a-a464-4ad503fa63fd" testId="6cf61bad-998c-dda0-1bee-9431c189bc3c" testName="AccessToDB.Tests.LiftsSlopesRepositoryTests.TestAddLiftSlopeAsyncFailsWhenLiftSlopeIdRepeats(liftSlope: LiftSlope { RecordID = 154, LiftID = 53, SlopeID = 24 })" computerName="DESKTOP-TJ9D65N" duration="00:00:00.4026054" startTime="2022-10-21T18:43:38.1843418+03:00" endTime="2022-10-21T18:43:38.1843419+03:00" testType="13cdc9d9-ddb5-4fa4-a97d-d965ccfc6d4b" outcome="Passed" testListId="8c84fa94-04c1-424b-9868-57a2d4851a1d" relativeResultsDirectory="f4f966e2-8e92-438a-a464-4ad503fa63fd" />
    <UnitTestResult executionId="84e086e3-5e57-474c-9186-310ba86bc776" testId="dc77dc0b-4892-bf0a-c142-c48fb917e050" testName="AccessToDB.Tests.TurnstilesRepositoryTests.TestGetTurnstilesByLiftIdAsyncOk(liftID: 217)" computerName="DESKTOP-TJ9D65N" duration="00:00:00.5042290" startTime="2022-10-21T18:43:46.5824358+03:00" endTime="2022-10-21T18:43:46.5824359+03:00" testType="13cdc9d9-ddb5-4fa4-a97d-d965ccfc6d4b" outcome="Passed" testListId="8c84fa94-04c1-424b-9868-57a2d4851a1d" relativeResultsDirectory="84e086e3-5e57-474c-9186-310ba86bc776" />
    <UnitTestResult executionId="e43ad392-58e6-4ab2-bad9-2308791c4193" testId="3741b26d-6ee0-6246-29e4-92009bff37b0" testName="AccessToDB.Tests.UsersRepositoryTests.TestGetUsersAsyncEmpty" computerName="DESKTOP-TJ9D65N" duration="00:00:00.3618810" startTime="2022-10-21T18:43:50.2839545+03:00" endTime="2022-10-21T18:43:50.2839546+03:00" testType="13cdc9d9-ddb5-4fa4-a97d-d965ccfc6d4b" outcome="Passed" testListId="8c84fa94-04c1-424b-9868-57a2d4851a1d" relativeResultsDirectory="e43ad392-58e6-4ab2-bad9-2308791c4193" />
    <UnitTestResult executionId="b6767406-b44a-4900-a933-d35adc7998da" testId="1308d2d5-6deb-5a86-6d85-15c545fd76ed" testName="AccessToDB.Tests.UsersRepositoryTests.TestCheckUserEmailExistsAsyncFalse(userEmail: &quot;userEmail21c01193-0e03-4ce4-8c2b-8341cc674b13&quot;)" computerName="DESKTOP-TJ9D65N" duration="00:00:00.3914450" startTime="2022-10-21T18:43:51.6032752+03:00" endTime="2022-10-21T18:43:51.6032754+03:00" testType="13cdc9d9-ddb5-4fa4-a97d-d965ccfc6d4b" outcome="Passed" testListId="8c84fa94-04c1-424b-9868-57a2d4851a1d" relativeResultsDirectory="b6767406-b44a-4900-a933-d35adc7998da" />
    <UnitTestResult executionId="47bf508a-a212-4fa7-92b7-be8d4c4b4363" testId="34cae969-1c56-2bf1-8997-36335566cd73" testName="AccessToDB.Tests.UsersRepositoryTests.TestGetUserByEmailAsyncFailsWhenEmailNotExists(email: &quot;emailf2ab1dca-0198-4267-a9da-53f1b858939d&quot;)" computerName="DESKTOP-TJ9D65N" duration="00:00:00.3980175" startTime="2022-10-21T18:43:51.1603113+03:00" endTime="2022-10-21T18:43:51.1603117+03:00" testType="13cdc9d9-ddb5-4fa4-a97d-d965ccfc6d4b" outcome="Passed" testListId="8c84fa94-04c1-424b-9868-57a2d4851a1d" relativeResultsDirectory="47bf508a-a212-4fa7-92b7-be8d4c4b4363" />
    <UnitTestResult executionId="3a7a13b0-d344-4b65-aef5-0decea37164a" testId="45fa25d7-0f2c-d937-e5ba-a4bf1148c440" testName="AccessToDB.Tests.LiftsRepositoryTests.TestAddLiftAsyncFailsWhenLiftIdRepeats(lift: Lift { LiftID = 192, LiftName = liftNamef0ee6880-3c61-4bc5-bcfe-2c791bb62230, IsOpen = True, SeatsAmount = 119, LiftingTime = 206, QueueTime = 234, ConnectedSlopes =  })" computerName="DESKTOP-TJ9D65N" duration="00:00:00.4118473" startTime="2022-10-21T18:43:47.8473683+03:00" endTime="2022-10-21T18:43:47.8473684+03:00" testType="13cdc9d9-ddb5-4fa4-a97d-d965ccfc6d4b" outcome="Passed" testListId="8c84fa94-04c1-424b-9868-57a2d4851a1d" relativeResultsDirectory="3a7a13b0-d344-4b65-aef5-0decea37164a" />
    <UnitTestResult executionId="ee9e78ed-34f2-4983-b2bb-34ad2f1cefc1" testId="3c521313-4ed6-6bce-b4f9-c359411028e7" testName="AccessToDB.Tests.TurnstilesRepositoryTests.TestGetTurnstilesAsyncEmpty" computerName="DESKTOP-TJ9D65N" duration="00:00:00.3665012" startTime="2022-10-21T18:43:44.7987297+03:00" endTime="2022-10-21T18:43:44.7987300+03:00" testType="13cdc9d9-ddb5-4fa4-a97d-d965ccfc6d4b" outcome="Passed" testListId="8c84fa94-04c1-424b-9868-57a2d4851a1d" relativeResultsDirectory="ee9e78ed-34f2-4983-b2bb-34ad2f1cefc1" />
    <UnitTestResult executionId="0388f914-499a-4661-9031-5fb55a2519d2" testId="e0d040c5-d943-738c-4fb7-7e7538156396" testName="AccessToDB.Tests.UsersRepositoryTests.TestUpdateUserByIDAsyncOk(user: User { UserID = 138, CardID = 203, UserEmail = UserEmail8826addd-1d45-4a07-996c-17cbb85dc4df, Password = password272175bd-4c52-4a08-bb08-22921d8f211e, Permissions = UNAUTHORIZED })" computerName="DESKTOP-TJ9D65N" duration="00:00:00.4089136" startTime="2022-10-21T18:43:52.0611203+03:00" endTime="2022-10-21T18:43:52.0611203+03:00" testType="13cdc9d9-ddb5-4fa4-a97d-d965ccfc6d4b" outcome="Passed" testListId="8c84fa94-04c1-424b-9868-57a2d4851a1d" relativeResultsDirectory="0388f914-499a-4661-9031-5fb55a2519d2" />
    <UnitTestResult executionId="1966cdb7-a546-431a-8f0e-11412e12a02f" testId="6dd2bb3b-088f-c810-e88d-2a9b265f150e" testName="AccessToDB.Tests.SlopesRepositoryTests.TestGetSlopeByIdAsyncOk(slope: Slope { SlopeID = 215, SlopeName = slopeName0374c3a8-3831-4679-975c-c25ba20e2ce4, IsOpen = True, DifficultyLevel = 94, ConnectedLifts =  })" computerName="DESKTOP-TJ9D65N" duration="00:00:00.3837224" startTime="2022-10-21T18:43:41.9234886+03:00" endTime="2022-10-21T18:43:41.9234887+03:00" testType="13cdc9d9-ddb5-4fa4-a97d-d965ccfc6d4b" outcome="Passed" testListId="8c84fa94-04c1-424b-9868-57a2d4851a1d" relativeResultsDirectory="1966cdb7-a546-431a-8f0e-11412e12a02f" />
    <UnitTestResult executionId="c2d90958-5db6-4ce0-84b5-53b5ae2657ee" testId="e75bb6e2-88d9-af2a-a444-c4a9d67f0f0e" testName="AccessToDB.Tests.UsersRepositoryTests.TestAddUserAutoIncrementAsyncOk" computerName="DESKTOP-TJ9D65N" duration="00:00:00.4086647" startTime="2022-10-21T18:43:53.3151965+03:00" endTime="2022-10-21T18:43:53.3151966+03:00" testType="13cdc9d9-ddb5-4fa4-a97d-d965ccfc6d4b" outcome="Passed" testListId="8c84fa94-04c1-424b-9868-57a2d4851a1d" relativeResultsDirectory="c2d90958-5db6-4ce0-84b5-53b5ae2657ee" />
    <UnitTestResult executionId="75d65bbd-a579-4d83-b56c-6163db7c0711" testId="2af641b9-508c-e87a-0347-2f78f88f6d2c" testName="AccessToDB.Tests.SlopesRepositoryTests.TestGetSlopeByNameAsyncFailsWhenNameNotExists(slopeName: &quot;slopeNamec888d0d1-1fa9-4fbc-b7c1-386a9668c364&quot;)" computerName="DESKTOP-TJ9D65N" duration="00:00:00.3716252" startTime="2022-10-21T18:43:43.5751378+03:00" endTime="2022-10-21T18:43:43.5751380+03:00" testType="13cdc9d9-ddb5-4fa4-a97d-d965ccfc6d4b" outcome="Passed" testListId="8c84fa94-04c1-424b-9868-57a2d4851a1d" relativeResultsDirectory="75d65bbd-a579-4d83-b56c-6163db7c0711" />
  </Results>
  <TestDefinitions>
    <UnitTest name="AccessToDB.Tests.UsersRepositoryTests.TestDeleteUserByIDAsyncFailsWhenIDNotExists(userID: 136)" storage="/mnt/c/users/alena/desktop/7_sem/testing_and_debugging/skiresort/accesstodb.tests/bin/debug/net6.0/accesstodb.tests.dll" id="5743ceef-5b1a-99c5-c4f6-201b6723af61">
      <Execution id="b4ee1a30-a041-43ed-b1f1-a4b75d87c8c7" />
      <TestMethod codeBase="/mnt/c/Users/alena/Desktop/7_sem/testing_and_debugging/SkiResort/AccessToDB.Tests/bin/Debug/net6.0/AccessToDB.Tests.dll" adapterTypeName="executor://xunit/VsTestRunner2/netcoreapp" className="AccessToDB.Tests.UsersRepositoryTests" name="TestDeleteUserByIDAsyncFailsWhenIDNotExists" />
    </UnitTest>
    <UnitTest name="AccessToDB.Tests.UsersRepositoryTests.TestCheckUserIdExistsAsyncTrue(user: User { UserID = 116, CardID = 57, UserEmail = UserEmail1a762c06-fd67-4fef-9e1d-4333ded4e96e, Password = password5dc6bd37-1d55-4d08-b7f6-70ffe406026d, Permissions = UNAUTHORIZED })" storage="/mnt/c/users/alena/desktop/7_sem/testing_and_debugging/skiresort/accesstodb.tests/bin/debug/net6.0/accesstodb.tests.dll" id="ff983dd2-cf83-855f-4c2b-14c9f16657c3">
      <Execution id="a210ff98-bff4-4dc9-94df-337cb2dfc670" />
      <TestMethod codeBase="/mnt/c/Users/alena/Desktop/7_sem/testing_and_debugging/SkiResort/AccessToDB.Tests/bin/Debug/net6.0/AccessToDB.Tests.dll" adapterTypeName="executor://xunit/VsTestRunner2/netcoreapp" className="AccessToDB.Tests.UsersRepositoryTests" name="TestCheckUserIdExistsAsyncTrue" />
    </UnitTest>
    <UnitTest name="AccessToDB.Tests.LiftsSlopesRepositoryTests.TestGetLiftsBySlopeIdAsyncOk(slope1: Slope { SlopeID = 174, SlopeName = slopeName62ec7004-18ee-4b39-ae20-5539503f87cf, IsOpen = True, DifficultyLevel = 205, ConnectedLifts =  }, slope2: Slope { SlopeID = 193, SlopeName = slopeName16dd2fae-f2a5-4f6d-8b13-7d697d2710dc, IsOpen = False, DifficultyLevel = 84, ConnectedLifts =  }, lift1: Lift { LiftID = 251, LiftName = liftNamef3b16198-b234-4759-8902-1f..." storage="/mnt/c/users/alena/desktop/7_sem/testing_and_debugging/skiresort/accesstodb.tests/bin/debug/net6.0/accesstodb.tests.dll" id="0827a94d-bcd9-c921-a9bd-79f80a011d13">
      <Execution id="082a655a-a41f-42bf-8d7b-5b8cf8a6d9f4" />
      <TestMethod codeBase="/mnt/c/Users/alena/Desktop/7_sem/testing_and_debugging/SkiResort/AccessToDB.Tests/bin/Debug/net6.0/AccessToDB.Tests.dll" adapterTypeName="executor://xunit/VsTestRunner2/netcoreapp" className="AccessToDB.Tests.LiftsSlopesRepositoryTests" name="TestGetLiftsBySlopeIdAsyncOk" />
    </UnitTest>
    <UnitTest name="AccessToDB.Tests.UsersRepositoryTests.TestGetUsersAsyncEmpty" storage="/mnt/c/users/alena/desktop/7_sem/testing_and_debugging/skiresort/accesstodb.tests/bin/debug/net6.0/accesstodb.tests.dll" id="3741b26d-6ee0-6246-29e4-92009bff37b0">
      <Execution id="e43ad392-58e6-4ab2-bad9-2308791c4193" />
      <TestMethod codeBase="/mnt/c/Users/alena/Desktop/7_sem/testing_and_debugging/SkiResort/AccessToDB.Tests/bin/Debug/net6.0/AccessToDB.Tests.dll" adapterTypeName="executor://xunit/VsTestRunner2/netcoreapp" className="AccessToDB.Tests.UsersRepositoryTests" name="TestGetUsersAsyncEmpty" />
    </UnitTest>
    <UnitTest name="AccessToDB.Tests.LiftsRepositoryTests.TestUpdateLiftByIDAsyncOk(lift: Lift { LiftID = 233, LiftName = liftNamedc06764c-296c-4587-986d-eab01771a3aa, IsOpen = True, SeatsAmount = 222, LiftingTime = 179, QueueTime = 192, ConnectedSlopes =  })" storage="/mnt/c/users/alena/desktop/7_sem/testing_and_debugging/skiresort/accesstodb.tests/bin/debug/net6.0/accesstodb.tests.dll" id="7169483c-953a-8c2b-b00f-b7221333086c">
      <Execution id="d707a07c-f3fb-4999-97ce-d04eb3c760a4" />
      <TestMethod codeBase="/mnt/c/Users/alena/Desktop/7_sem/testing_and_debugging/SkiResort/AccessToDB.Tests/bin/Debug/net6.0/AccessToDB.Tests.dll" adapterTypeName="executor://xunit/VsTestRunner2/netcoreapp" className="AccessToDB.Tests.LiftsRepositoryTests" name="TestUpdateLiftByIDAsyncOk" />
    </UnitTest>
    <UnitTest name="AccessToDB.Tests.UsersRepositoryTests.TestGetUserByEmailAsyncFailsWhenEmailNotExists(email: &quot;emailf2ab1dca-0198-4267-a9da-53f1b858939d&quot;)" storage="/mnt/c/users/alena/desktop/7_sem/testing_and_debugging/skiresort/accesstodb.tests/bin/debug/net6.0/accesstodb.tests.dll" id="34cae969-1c56-2bf1-8997-36335566cd73">
      <Execution id="47bf508a-a212-4fa7-92b7-be8d4c4b4363" />
      <TestMethod codeBase="/mnt/c/Users/alena/Desktop/7_sem/testing_and_debugging/SkiResort/AccessToDB.Tests/bin/Debug/net6.0/AccessToDB.Tests.dll" adapterTypeName="executor://xunit/VsTestRunner2/netcoreapp" className="AccessToDB.Tests.UsersRepositoryTests" name="TestGetUserByEmailAsyncFailsWhenEmailNotExists" />
    </UnitTest>
    <UnitTest name="AccessToDB.Tests.TurnstilesRepositoryTests.TestGetTurnstileByIdAsyncOk(turnstile: Turnstile { TurnstileID = 204, LiftID = 127, IsOpen = True })" storage="/mnt/c/users/alena/desktop/7_sem/testing_and_debugging/skiresort/accesstodb.tests/bin/debug/net6.0/accesstodb.tests.dll" id="f10a8c7d-7bd5-3986-158a-2f1b14448a18">
      <Execution id="9b473883-054d-475f-9889-e9ee9a5d768c" />
      <TestMethod codeBase="/mnt/c/Users/alena/Desktop/7_sem/testing_and_debugging/SkiResort/AccessToDB.Tests/bin/Debug/net6.0/AccessToDB.Tests.dll" adapterTypeName="executor://xunit/VsTestRunner2/netcoreapp" className="AccessToDB.Tests.TurnstilesRepositoryTests" name="TestGetTurnstileByIdAsyncOk" />
    </UnitTest>
    <UnitTest name="AccessToDB.Tests.SlopesRepositoryTests.TestGetSlopeByIdAsyncOk(slope: Slope { SlopeID = 215, SlopeName = slopeName0374c3a8-3831-4679-975c-c25ba20e2ce4, IsOpen = True, DifficultyLevel = 94, ConnectedLifts =  })" storage="/mnt/c/users/alena/desktop/7_sem/testing_and_debugging/skiresort/accesstodb.tests/bin/debug/net6.0/accesstodb.tests.dll" id="6dd2bb3b-088f-c810-e88d-2a9b265f150e">
      <Execution id="1966cdb7-a546-431a-8f0e-11412e12a02f" />
      <TestMethod codeBase="/mnt/c/Users/alena/Desktop/7_sem/testing_and_debugging/SkiResort/AccessToDB.Tests/bin/Debug/net6.0/AccessToDB.Tests.dll" adapterTypeName="executor://xunit/VsTestRunner2/netcoreapp" className="AccessToDB.Tests.SlopesRepositoryTests" name="TestGetSlopeByIdAsyncOk" />
    </UnitTest>
    <UnitTest name="AccessToDB.Tests.TurnstilesRepositoryTests.TestAddTurnstileAutoIncrementAsyncOk" storage="/mnt/c/users/alena/desktop/7_sem/testing_and_debugging/skiresort/accesstodb.tests/bin/debug/net6.0/accesstodb.tests.dll" id="f9435956-2e34-e52b-c34e-dce53665cf8e">
      <Execution id="6316d2ca-fa7a-4c8a-a055-52f33bd874d7" />
      <TestMethod codeBase="/mnt/c/Users/alena/Desktop/7_sem/testing_and_debugging/SkiResort/AccessToDB.Tests/bin/Debug/net6.0/AccessToDB.Tests.dll" adapterTypeName="executor://xunit/VsTestRunner2/netcoreapp" className="AccessToDB.Tests.TurnstilesRepositoryTests" name="TestAddTurnstileAutoIncrementAsyncOk" />
    </UnitTest>
    <UnitTest name="AccessToDB.Tests.LiftsRepositoryTests.TestGetLiftByNameAsyncFailsWhenNameNotExists(liftName: &quot;liftName3e51f6e5-8615-4169-9a62-a305a5f5e2d7&quot;)" storage="/mnt/c/users/alena/desktop/7_sem/testing_and_debugging/skiresort/accesstodb.tests/bin/debug/net6.0/accesstodb.tests.dll" id="e17dd8b5-5dfb-c165-4dd7-aa3f28e8a0af">
      <Execution id="37acc4d6-b801-4e2a-b862-aaa02207b1ac" />
      <TestMethod codeBase="/mnt/c/Users/alena/Desktop/7_sem/testing_and_debugging/SkiResort/AccessToDB.Tests/bin/Debug/net6.0/AccessToDB.Tests.dll" adapterTypeName="executor://xunit/VsTestRunner2/netcoreapp" className="AccessToDB.Tests.LiftsRepositoryTests" name="TestGetLiftByNameAsyncFailsWhenNameNotExists" />
    </UnitTest>
    <UnitTest name="AccessToDB.Tests.SlopesRepositoryTests.TestDeleteSlopeByIDAsyncFailsWhenIDNotExists(slopeID: 43)" storage="/mnt/c/users/alena/desktop/7_sem/testing_and_debugging/skiresort/accesstodb.tests/bin/debug/net6.0/accesstodb.tests.dll" id="a2ccd4b1-f0a6-d201-3fee-19f8943d6104">
      <Execution id="4a813905-4056-4384-be97-0658e38b05a3" />
      <TestMethod codeBase="/mnt/c/Users/alena/Desktop/7_sem/testing_and_debugging/SkiResort/AccessToDB.Tests/bin/Debug/net6.0/AccessToDB.Tests.dll" adapterTypeName="executor://xunit/VsTestRunner2/netcoreapp" className="AccessToDB.Tests.SlopesRepositoryTests" name="TestDeleteSlopeByIDAsyncFailsWhenIDNotExists" />
    </UnitTest>
    <UnitTest name="AccessToDB.Tests.SlopesRepositoryTests.TestUpdateSlopeByIDAsyncOk(slope: Slope { SlopeID = 215, SlopeName = slopeName85e54b76-47de-4355-9337-192dbcda9346, IsOpen = True, DifficultyLevel = 225, ConnectedLifts =  })" storage="/mnt/c/users/alena/desktop/7_sem/testing_and_debugging/skiresort/accesstodb.tests/bin/debug/net6.0/accesstodb.tests.dll" id="dd61bb14-030b-13ca-e82c-c18b4e44c653">
      <Execution id="0b162543-ffbe-403a-baf0-c1661a941298" />
      <TestMethod codeBase="/mnt/c/Users/alena/Desktop/7_sem/testing_and_debugging/SkiResort/AccessToDB.Tests/bin/Debug/net6.0/AccessToDB.Tests.dll" adapterTypeName="executor://xunit/VsTestRunner2/netcoreapp" className="AccessToDB.Tests.SlopesRepositoryTests" name="TestUpdateSlopeByIDAsyncOk" />
    </UnitTest>
    <UnitTest name="AccessToDB.Tests.LiftsSlopesRepositoryTests.TestGetLiftSlopesAsyncEmpty" storage="/mnt/c/users/alena/desktop/7_sem/testing_and_debugging/skiresort/accesstodb.tests/bin/debug/net6.0/accesstodb.tests.dll" id="4145f44e-b4b1-a618-09e8-c631496e6f1a">
      <Execution id="9e2dae42-22e2-484c-97fc-bfb0b5c5fadf" />
      <TestMethod codeBase="/mnt/c/Users/alena/Desktop/7_sem/testing_and_debugging/SkiResort/AccessToDB.Tests/bin/Debug/net6.0/AccessToDB.Tests.dll" adapterTypeName="executor://xunit/VsTestRunner2/netcoreapp" className="AccessToDB.Tests.LiftsSlopesRepositoryTests" name="TestGetLiftSlopesAsyncEmpty" />
    </UnitTest>
    <UnitTest name="AccessToDB.Tests.LiftsSlopesRepositoryTests.TestDeleteLiftSlopeByIDAsyncFailsWhenIDNotExists(liftSlopeID: 57)" storage="/mnt/c/users/alena/desktop/7_sem/testing_and_debugging/skiresort/accesstodb.tests/bin/debug/net6.0/accesstodb.tests.dll" id="94e24f05-589e-8b85-bea6-2d80b7ad786c">
      <Execution id="2f15fbf1-e218-41d3-9d8c-71da41117bb6" />
      <TestMethod codeBase="/mnt/c/Users/alena/Desktop/7_sem/testing_and_debugging/SkiResort/AccessToDB.Tests/bin/Debug/net6.0/AccessToDB.Tests.dll" adapterTypeName="executor://xunit/VsTestRunner2/netcoreapp" className="AccessToDB.Tests.LiftsSlopesRepositoryTests" name="TestDeleteLiftSlopeByIDAsyncFailsWhenIDNotExists" />
    </UnitTest>
    <UnitTest name="AccessToDB.Tests.UsersRepositoryTests.TestCheckUserEmailExistsAsyncFalse(userEmail: &quot;userEmail21c01193-0e03-4ce4-8c2b-8341cc674b13&quot;)" storage="/mnt/c/users/alena/desktop/7_sem/testing_and_debugging/skiresort/accesstodb.tests/bin/debug/net6.0/accesstodb.tests.dll" id="1308d2d5-6deb-5a86-6d85-15c545fd76ed">
      <Execution id="b6767406-b44a-4900-a933-d35adc7998da" />
      <TestMethod codeBase="/mnt/c/Users/alena/Desktop/7_sem/testing_and_debugging/SkiResort/AccessToDB.Tests/bin/Debug/net6.0/AccessToDB.Tests.dll" adapterTypeName="executor://xunit/VsTestRunner2/netcoreapp" className="AccessToDB.Tests.UsersRepositoryTests" name="TestCheckUserEmailExistsAsyncFalse" />
    </UnitTest>
    <UnitTest name="AccessToDB.Tests.LiftsRepositoryTests.TestDeleteLiftByIDAsyncFailsWhenIDNotExists(liftID: 133)" storage="/mnt/c/users/alena/desktop/7_sem/testing_and_debugging/skiresort/accesstodb.tests/bin/debug/net6.0/accesstodb.tests.dll" id="4825e697-d120-357c-fb01-1ac1e0cbb21d">
      <Execution id="3b4ee63b-e2d9-4f27-b1a1-bc2fb3047289" />
      <TestMethod codeBase="/mnt/c/Users/alena/Desktop/7_sem/testing_and_debugging/SkiResort/AccessToDB.Tests/bin/Debug/net6.0/AccessToDB.Tests.dll" adapterTypeName="executor://xunit/VsTestRunner2/netcoreapp" className="AccessToDB.Tests.LiftsRepositoryTests" name="TestDeleteLiftByIDAsyncFailsWhenIDNotExists" />
    </UnitTest>
    <UnitTest name="AccessToDB.Tests.TurnstilesRepositoryTests.TestAddTurnstileAsyncFailsWhenTurnstileIdRepeats(turnstile: Turnstile { TurnstileID = 177, LiftID = 51, IsOpen = True })" storage="/mnt/c/users/alena/desktop/7_sem/testing_and_debugging/skiresort/accesstodb.tests/bin/debug/net6.0/accesstodb.tests.dll" id="32c1c6c2-01e0-c915-4ee6-bf06336b58e4">
      <Execution id="4076551c-41e8-4cd5-b74d-072dd658cb0f" />
      <TestMethod codeBase="/mnt/c/Users/alena/Desktop/7_sem/testing_and_debugging/SkiResort/AccessToDB.Tests/bin/Debug/net6.0/AccessToDB.Tests.dll" adapterTypeName="executor://xunit/VsTestRunner2/netcoreapp" className="AccessToDB.Tests.TurnstilesRepositoryTests" name="TestAddTurnstileAsyncFailsWhenTurnstileIdRepeats" />
    </UnitTest>
    <UnitTest name="AccessToDB.Tests.LiftsRepositoryTests.TestGetLiftByIdAsyncOk(lift: Lift { LiftID = 203, LiftName = liftName4eb90e19-a80c-4181-a8dc-454d0e999634, IsOpen = True, SeatsAmount = 205, LiftingTime = 55, QueueTime = 164, ConnectedSlopes =  })" storage="/mnt/c/users/alena/desktop/7_sem/testing_and_debugging/skiresort/accesstodb.tests/bin/debug/net6.0/accesstodb.tests.dll" id="a64d2df2-8977-53b9-a461-9e12d2f3e2fb">
      <Execution id="90f4458a-6c10-498e-ad09-59966fd3e0e1" />
      <TestMethod codeBase="/mnt/c/Users/alena/Desktop/7_sem/testing_and_debugging/SkiResort/AccessToDB.Tests/bin/Debug/net6.0/AccessToDB.Tests.dll" adapterTypeName="executor://xunit/VsTestRunner2/netcoreapp" className="AccessToDB.Tests.LiftsRepositoryTests" name="TestGetLiftByIdAsyncOk" />
    </UnitTest>
    <UnitTest name="AccessToDB.Tests.SlopesRepositoryTests.TestGetSlopesAsyncEmpty" storage="/mnt/c/users/alena/desktop/7_sem/testing_and_debugging/skiresort/accesstodb.tests/bin/debug/net6.0/accesstodb.tests.dll" id="9bbefb83-8311-6e03-307f-415e3495e223">
      <Execution id="e2f010c6-ea6f-4377-9536-5f885eeb6e41" />
      <TestMethod codeBase="/mnt/c/Users/alena/Desktop/7_sem/testing_and_debugging/SkiResort/AccessToDB.Tests/bin/Debug/net6.0/AccessToDB.Tests.dll" adapterTypeName="executor://xunit/VsTestRunner2/netcoreapp" className="AccessToDB.Tests.SlopesRepositoryTests" name="TestGetSlopesAsyncEmpty" />
    </UnitTest>
    <UnitTest name="AccessToDB.Tests.LiftsRepositoryTests.TestAddLiftAutoIncrementAsyncOk" storage="/mnt/c/users/alena/desktop/7_sem/testing_and_debugging/skiresort/accesstodb.tests/bin/debug/net6.0/accesstodb.tests.dll" id="ec229f70-485a-f91b-53ed-bce655f6cd58">
      <Execution id="45f5d650-8fb7-4682-833c-b175e4483213" />
      <TestMethod codeBase="/mnt/c/Users/alena/Desktop/7_sem/testing_and_debugging/SkiResort/AccessToDB.Tests/bin/Debug/net6.0/AccessToDB.Tests.dll" adapterTypeName="executor://xunit/VsTestRunner2/netcoreapp" className="AccessToDB.Tests.LiftsRepositoryTests" name="TestAddLiftAutoIncrementAsyncOk" />
    </UnitTest>
    <UnitTest name="AccessToDB.Tests.TurnstilesRepositoryTests.TestUpdateTurnstileByIDAsyncOk(turnstile: Turnstile { TurnstileID = 148, LiftID = 143, IsOpen = True })" storage="/mnt/c/users/alena/desktop/7_sem/testing_and_debugging/skiresort/accesstodb.tests/bin/debug/net6.0/accesstodb.tests.dll" id="a42cd5bd-3438-9b95-14d3-51a8657c7336">
      <Execution id="8e53008c-e0de-421b-b7b8-cb5ac421f119" />
      <TestMethod codeBase="/mnt/c/Users/alena/Desktop/7_sem/testing_and_debugging/SkiResort/AccessToDB.Tests/bin/Debug/net6.0/AccessToDB.Tests.dll" adapterTypeName="executor://xunit/VsTestRunner2/netcoreapp" className="AccessToDB.Tests.TurnstilesRepositoryTests" name="TestUpdateTurnstileByIDAsyncOk" />
    </UnitTest>
    <UnitTest name="AccessToDB.Tests.TurnstilesRepositoryTests.TestGetTurnstilesAsyncEmpty" storage="/mnt/c/users/alena/desktop/7_sem/testing_and_debugging/skiresort/accesstodb.tests/bin/debug/net6.0/accesstodb.tests.dll" id="3c521313-4ed6-6bce-b4f9-c359411028e7">
      <Execution id="ee9e78ed-34f2-4983-b2bb-34ad2f1cefc1" />
      <TestMethod codeBase="/mnt/c/Users/alena/Desktop/7_sem/testing_and_debugging/SkiResort/AccessToDB.Tests/bin/Debug/net6.0/AccessToDB.Tests.dll" adapterTypeName="executor://xunit/VsTestRunner2/netcoreapp" className="AccessToDB.Tests.TurnstilesRepositoryTests" name="TestGetTurnstilesAsyncEmpty" />
    </UnitTest>
    <UnitTest name="AccessToDB.Tests.LiftsRepositoryTests.TestAddLiftAsyncFailsWhenLiftIdRepeats(lift: Lift { LiftID = 192, LiftName = liftNamef0ee6880-3c61-4bc5-bcfe-2c791bb62230, IsOpen = True, SeatsAmount = 119, LiftingTime = 206, QueueTime = 234, ConnectedSlopes =  })" storage="/mnt/c/users/alena/desktop/7_sem/testing_and_debugging/skiresort/accesstodb.tests/bin/debug/net6.0/accesstodb.tests.dll" id="45fa25d7-0f2c-d937-e5ba-a4bf1148c440">
      <Execution id="3a7a13b0-d344-4b65-aef5-0decea37164a" />
      <TestMethod codeBase="/mnt/c/Users/alena/Desktop/7_sem/testing_and_debugging/SkiResort/AccessToDB.Tests/bin/Debug/net6.0/AccessToDB.Tests.dll" adapterTypeName="executor://xunit/VsTestRunner2/netcoreapp" className="AccessToDB.Tests.LiftsRepositoryTests" name="TestAddLiftAsyncFailsWhenLiftIdRepeats" />
    </UnitTest>
    <UnitTest name="AccessToDB.Tests.TurnstilesRepositoryTests.TestDeleteTurnstileByIDAsyncFailsWhenIDNotExists(turnstileID: 164)" storage="/mnt/c/users/alena/desktop/7_sem/testing_and_debugging/skiresort/accesstodb.tests/bin/debug/net6.0/accesstodb.tests.dll" id="b0c54985-9934-c35e-d74d-a8892b422fef">
      <Execution id="71e1d392-38f5-4f07-bbe8-f544a653d654" />
      <TestMethod codeBase="/mnt/c/Users/alena/Desktop/7_sem/testing_and_debugging/SkiResort/AccessToDB.Tests/bin/Debug/net6.0/AccessToDB.Tests.dll" adapterTypeName="executor://xunit/VsTestRunner2/netcoreapp" className="AccessToDB.Tests.TurnstilesRepositoryTests" name="TestDeleteTurnstileByIDAsyncFailsWhenIDNotExists" />
    </UnitTest>
    <UnitTest name="AccessToDB.Tests.LiftsSlopesRepositoryTests.TestAddLiftSlopeAutoIncrementAsyncOk" storage="/mnt/c/users/alena/desktop/7_sem/testing_and_debugging/skiresort/accesstodb.tests/bin/debug/net6.0/accesstodb.tests.dll" id="30f8e924-9784-0a43-e807-094f70e06567">
      <Execution id="2ac4c8d7-4a31-4fbe-a8c2-32174e472fe0" />
      <TestMethod codeBase="/mnt/c/Users/alena/Desktop/7_sem/testing_and_debugging/SkiResort/AccessToDB.Tests/bin/Debug/net6.0/AccessToDB.Tests.dll" adapterTypeName="executor://xunit/VsTestRunner2/netcoreapp" className="AccessToDB.Tests.LiftsSlopesRepositoryTests" name="TestAddLiftSlopeAutoIncrementAsyncOk" />
    </UnitTest>
    <UnitTest name="AccessToDB.Tests.LiftsSlopesRepositoryTests.TestGetLiftSlopeByIdAsyncOk(liftSlope: LiftSlope { RecordID = 48, LiftID = 72, SlopeID = 134 })" storage="/mnt/c/users/alena/desktop/7_sem/testing_and_debugging/skiresort/accesstodb.tests/bin/debug/net6.0/accesstodb.tests.dll" id="c3e9138f-7cba-aa9f-9db9-346d6c62af1b">
      <Execution id="6cdd1669-a7a9-4d39-84bc-668dee80f5e5" />
      <TestMethod codeBase="/mnt/c/Users/alena/Desktop/7_sem/testing_and_debugging/SkiResort/AccessToDB.Tests/bin/Debug/net6.0/AccessToDB.Tests.dll" adapterTypeName="executor://xunit/VsTestRunner2/netcoreapp" className="AccessToDB.Tests.LiftsSlopesRepositoryTests" name="TestGetLiftSlopeByIdAsyncOk" />
    </UnitTest>
    <UnitTest name="AccessToDB.Tests.UsersRepositoryTests.TestAddUserAsyncFailsWhenUserIdRepeats(user: User { UserID = 228, CardID = 35, UserEmail = UserEmailc0b966c6-96c7-4e46-8d48-e63d3686b034, Password = password757a9591-c11c-4142-a337-8598808330e1, Permissions = UNAUTHORIZED })" storage="/mnt/c/users/alena/desktop/7_sem/testing_and_debugging/skiresort/accesstodb.tests/bin/debug/net6.0/accesstodb.tests.dll" id="dc45819c-5b63-22d3-66a8-27a31a37d1c6">
      <Execution id="23666694-5320-4216-a3ca-68ad75f19f7f" />
      <TestMethod codeBase="/mnt/c/Users/alena/Desktop/7_sem/testing_and_debugging/SkiResort/AccessToDB.Tests/bin/Debug/net6.0/AccessToDB.Tests.dll" adapterTypeName="executor://xunit/VsTestRunner2/netcoreapp" className="AccessToDB.Tests.UsersRepositoryTests" name="TestAddUserAsyncFailsWhenUserIdRepeats" />
    </UnitTest>
    <UnitTest name="AccessToDB.Tests.UsersRepositoryTests.TestAddUserAutoIncrementAsyncOk" storage="/mnt/c/users/alena/desktop/7_sem/testing_and_debugging/skiresort/accesstodb.tests/bin/debug/net6.0/accesstodb.tests.dll" id="e75bb6e2-88d9-af2a-a444-c4a9d67f0f0e">
      <Execution id="c2d90958-5db6-4ce0-84b5-53b5ae2657ee" />
      <TestMethod codeBase="/mnt/c/Users/alena/Desktop/7_sem/testing_and_debugging/SkiResort/AccessToDB.Tests/bin/Debug/net6.0/AccessToDB.Tests.dll" adapterTypeName="executor://xunit/VsTestRunner2/netcoreapp" className="AccessToDB.Tests.UsersRepositoryTests" name="TestAddUserAutoIncrementAsyncOk" />
    </UnitTest>
    <UnitTest name="AccessToDB.Tests.LiftsSlopesRepositoryTests.TestAddLiftSlopeAsyncFailsWhenLiftSlopeIdRepeats(liftSlope: LiftSlope { RecordID = 154, LiftID = 53, SlopeID = 24 })" storage="/mnt/c/users/alena/desktop/7_sem/testing_and_debugging/skiresort/accesstodb.tests/bin/debug/net6.0/accesstodb.tests.dll" id="6cf61bad-998c-dda0-1bee-9431c189bc3c">
      <Execution id="f4f966e2-8e92-438a-a464-4ad503fa63fd" />
      <TestMethod codeBase="/mnt/c/Users/alena/Desktop/7_sem/testing_and_debugging/SkiResort/AccessToDB.Tests/bin/Debug/net6.0/AccessToDB.Tests.dll" adapterTypeName="executor://xunit/VsTestRunner2/netcoreapp" className="AccessToDB.Tests.LiftsSlopesRepositoryTests" name="TestAddLiftSlopeAsyncFailsWhenLiftSlopeIdRepeats" />
    </UnitTest>
    <UnitTest name="AccessToDB.Tests.SlopesRepositoryTests.TestAddSlopeAsyncFailsWhenSlopeIdRepeats(slope: Slope { SlopeID = 245, SlopeName = slopeNamefa1d8fe8-ef80-400c-b440-c79078d5f2b9, IsOpen = True, DifficultyLevel = 155, ConnectedLifts =  })" storage="/mnt/c/users/alena/desktop/7_sem/testing_and_debugging/skiresort/accesstodb.tests/bin/debug/net6.0/accesstodb.tests.dll" id="98c219dd-300d-80e9-7832-1f7a6666c668">
      <Execution id="e436a8b1-717e-43c9-86cc-97c6f9289f8f" />
      <TestMethod codeBase="/mnt/c/Users/alena/Desktop/7_sem/testing_and_debugging/SkiResort/AccessToDB.Tests/bin/Debug/net6.0/AccessToDB.Tests.dll" adapterTypeName="executor://xunit/VsTestRunner2/netcoreapp" className="AccessToDB.Tests.SlopesRepositoryTests" name="TestAddSlopeAsyncFailsWhenSlopeIdRepeats" />
    </UnitTest>
    <UnitTest name="AccessToDB.Tests.SlopesRepositoryTests.TestAddSlopeAutoIncrementAsyncOk" storage="/mnt/c/users/alena/desktop/7_sem/testing_and_debugging/skiresort/accesstodb.tests/bin/debug/net6.0/accesstodb.tests.dll" id="8f7ba917-f771-0dc5-f9b9-465c34344b12">
      <Execution id="a28c749e-2c23-4b1e-8978-29b7a7b68356" />
      <TestMethod codeBase="/mnt/c/Users/alena/Desktop/7_sem/testing_and_debugging/SkiResort/AccessToDB.Tests/bin/Debug/net6.0/AccessToDB.Tests.dll" adapterTypeName="executor://xunit/VsTestRunner2/netcoreapp" className="AccessToDB.Tests.SlopesRepositoryTests" name="TestAddSlopeAutoIncrementAsyncOk" />
    </UnitTest>
    <UnitTest name="AccessToDB.Tests.TurnstilesRepositoryTests.TestGetTurnstilesByLiftIdAsyncOk(liftID: 217)" storage="/mnt/c/users/alena/desktop/7_sem/testing_and_debugging/skiresort/accesstodb.tests/bin/debug/net6.0/accesstodb.tests.dll" id="dc77dc0b-4892-bf0a-c142-c48fb917e050">
      <Execution id="84e086e3-5e57-474c-9186-310ba86bc776" />
      <TestMethod codeBase="/mnt/c/Users/alena/Desktop/7_sem/testing_and_debugging/SkiResort/AccessToDB.Tests/bin/Debug/net6.0/AccessToDB.Tests.dll" adapterTypeName="executor://xunit/VsTestRunner2/netcoreapp" className="AccessToDB.Tests.TurnstilesRepositoryTests" name="TestGetTurnstilesByLiftIdAsyncOk" />
    </UnitTest>
    <UnitTest name="AccessToDB.Tests.LiftsSlopesRepositoryTests.TestUpdateLiftSlopeByIDAsyncOk(liftSlope: LiftSlope { RecordID = 255, LiftID = 146, SlopeID = 66 })" storage="/mnt/c/users/alena/desktop/7_sem/testing_and_debugging/skiresort/accesstodb.tests/bin/debug/net6.0/accesstodb.tests.dll" id="fcbbdcee-d5ea-7c1e-d60d-3a530f027339">
      <Execution id="67409a3c-a61b-4ed4-b29b-4d6edf29d064" />
      <TestMethod codeBase="/mnt/c/Users/alena/Desktop/7_sem/testing_and_debugging/SkiResort/AccessToDB.Tests/bin/Debug/net6.0/AccessToDB.Tests.dll" adapterTypeName="executor://xunit/VsTestRunner2/netcoreapp" className="AccessToDB.Tests.LiftsSlopesRepositoryTests" name="TestUpdateLiftSlopeByIDAsyncOk" />
    </UnitTest>
    <UnitTest name="AccessToDB.Tests.SlopesRepositoryTests.TestGetSlopeByNameAsyncFailsWhenNameNotExists(slopeName: &quot;slopeNamec888d0d1-1fa9-4fbc-b7c1-386a9668c364&quot;)" storage="/mnt/c/users/alena/desktop/7_sem/testing_and_debugging/skiresort/accesstodb.tests/bin/debug/net6.0/accesstodb.tests.dll" id="2af641b9-508c-e87a-0347-2f78f88f6d2c">
      <Execution id="75d65bbd-a579-4d83-b56c-6163db7c0711" />
      <TestMethod codeBase="/mnt/c/Users/alena/Desktop/7_sem/testing_and_debugging/SkiResort/AccessToDB.Tests/bin/Debug/net6.0/AccessToDB.Tests.dll" adapterTypeName="executor://xunit/VsTestRunner2/netcoreapp" className="AccessToDB.Tests.SlopesRepositoryTests" name="TestGetSlopeByNameAsyncFailsWhenNameNotExists" />
    </UnitTest>
    <UnitTest name="AccessToDB.Tests.LiftsSlopesRepositoryTests.TestDeleteLiftSlopesByIDsAsyncOk(liftSlope: LiftSlope { RecordID = 48, LiftID = 169, SlopeID = 64 })" storage="/mnt/c/users/alena/desktop/7_sem/testing_and_debugging/skiresort/accesstodb.tests/bin/debug/net6.0/accesstodb.tests.dll" id="e5ea0357-7b91-8a1b-fd4e-7b3da901aed9">
      <Execution id="44af0c7b-297e-4815-aa35-1f0ea206f37b" />
      <TestMethod codeBase="/mnt/c/Users/alena/Desktop/7_sem/testing_and_debugging/SkiResort/AccessToDB.Tests/bin/Debug/net6.0/AccessToDB.Tests.dll" adapterTypeName="executor://xunit/VsTestRunner2/netcoreapp" className="AccessToDB.Tests.LiftsSlopesRepositoryTests" name="TestDeleteLiftSlopesByIDsAsyncOk" />
    </UnitTest>
    <UnitTest name="AccessToDB.Tests.LiftsSlopesRepositoryTests.TestGetSlopesByLiftIdAsyncFailsWhenSlopeNotExists(liftSlope: LiftSlope { RecordID = 150, LiftID = 224, SlopeID = 222 })" storage="/mnt/c/users/alena/desktop/7_sem/testing_and_debugging/skiresort/accesstodb.tests/bin/debug/net6.0/accesstodb.tests.dll" id="b8d8691d-6e42-6cf3-3574-65976cdb0078">
      <Execution id="f60749cd-be9e-4344-8a8a-2338329d5922" />
      <TestMethod codeBase="/mnt/c/Users/alena/Desktop/7_sem/testing_and_debugging/SkiResort/AccessToDB.Tests/bin/Debug/net6.0/AccessToDB.Tests.dll" adapterTypeName="executor://xunit/VsTestRunner2/netcoreapp" className="AccessToDB.Tests.LiftsSlopesRepositoryTests" name="TestGetSlopesByLiftIdAsyncFailsWhenSlopeNotExists" />
    </UnitTest>
    <UnitTest name="AccessToDB.Tests.LiftsRepositoryTests.TestGetLiftsAsyncEmpty" storage="/mnt/c/users/alena/desktop/7_sem/testing_and_debugging/skiresort/accesstodb.tests/bin/debug/net6.0/accesstodb.tests.dll" id="607e8298-f113-be33-300e-15a343893443">
      <Execution id="f4b4c59f-3706-4512-8760-8fa3f8444a28" />
      <TestMethod codeBase="/mnt/c/Users/alena/Desktop/7_sem/testing_and_debugging/SkiResort/AccessToDB.Tests/bin/Debug/net6.0/AccessToDB.Tests.dll" adapterTypeName="executor://xunit/VsTestRunner2/netcoreapp" className="AccessToDB.Tests.LiftsRepositoryTests" name="TestGetLiftsAsyncEmpty" />
    </UnitTest>
    <UnitTest name="AccessToDB.Tests.UsersRepositoryTests.TestGetUserByIdAsyncOk(user: User { UserID = 39, CardID = 121, UserEmail = UserEmailb819f3a2-3adb-4f9f-8eb8-b926c9ad3f25, Password = password3defeb27-da13-431a-b7d0-f99ba89eb1d8, Permissions = UNAUTHORIZED })" storage="/mnt/c/users/alena/desktop/7_sem/testing_and_debugging/skiresort/accesstodb.tests/bin/debug/net6.0/accesstodb.tests.dll" id="3ad9e8a1-28b9-6268-3836-91408e558ea3">
      <Execution id="3a36351c-6179-4488-9cce-53de35472b24" />
      <TestMethod codeBase="/mnt/c/Users/alena/Desktop/7_sem/testing_and_debugging/SkiResort/AccessToDB.Tests/bin/Debug/net6.0/AccessToDB.Tests.dll" adapterTypeName="executor://xunit/VsTestRunner2/netcoreapp" className="AccessToDB.Tests.UsersRepositoryTests" name="TestGetUserByIdAsyncOk" />
    </UnitTest>
    <UnitTest name="AccessToDB.Tests.UsersRepositoryTests.TestUpdateUserByIDAsyncOk(user: User { UserID = 138, CardID = 203, UserEmail = UserEmail8826addd-1d45-4a07-996c-17cbb85dc4df, Password = password272175bd-4c52-4a08-bb08-22921d8f211e, Permissions = UNAUTHORIZED })" storage="/mnt/c/users/alena/desktop/7_sem/testing_and_debugging/skiresort/accesstodb.tests/bin/debug/net6.0/accesstodb.tests.dll" id="e0d040c5-d943-738c-4fb7-7e7538156396">
      <Execution id="0388f914-499a-4661-9031-5fb55a2519d2" />
      <TestMethod codeBase="/mnt/c/Users/alena/Desktop/7_sem/testing_and_debugging/SkiResort/AccessToDB.Tests/bin/Debug/net6.0/AccessToDB.Tests.dll" adapterTypeName="executor://xunit/VsTestRunner2/netcoreapp" className="AccessToDB.Tests.UsersRepositoryTests" name="TestUpdateUserByIDAsyncOk" />
    </UnitTest>
  </TestDefinitions>
  <TestEntries>
    <TestEntry testId="607e8298-f113-be33-300e-15a343893443" executionId="f4b4c59f-3706-4512-8760-8fa3f8444a28" testListId="8c84fa94-04c1-424b-9868-57a2d4851a1d" />
    <TestEntry testId="94e24f05-589e-8b85-bea6-2d80b7ad786c" executionId="2f15fbf1-e218-41d3-9d8c-71da41117bb6" testListId="8c84fa94-04c1-424b-9868-57a2d4851a1d" />
    <TestEntry testId="f9435956-2e34-e52b-c34e-dce53665cf8e" executionId="6316d2ca-fa7a-4c8a-a055-52f33bd874d7" testListId="8c84fa94-04c1-424b-9868-57a2d4851a1d" />
    <TestEntry testId="f10a8c7d-7bd5-3986-158a-2f1b14448a18" executionId="9b473883-054d-475f-9889-e9ee9a5d768c" testListId="8c84fa94-04c1-424b-9868-57a2d4851a1d" />
    <TestEntry testId="32c1c6c2-01e0-c915-4ee6-bf06336b58e4" executionId="4076551c-41e8-4cd5-b74d-072dd658cb0f" testListId="8c84fa94-04c1-424b-9868-57a2d4851a1d" />
    <TestEntry testId="dd61bb14-030b-13ca-e82c-c18b4e44c653" executionId="0b162543-ffbe-403a-baf0-c1661a941298" testListId="8c84fa94-04c1-424b-9868-57a2d4851a1d" />
    <TestEntry testId="a64d2df2-8977-53b9-a461-9e12d2f3e2fb" executionId="90f4458a-6c10-498e-ad09-59966fd3e0e1" testListId="8c84fa94-04c1-424b-9868-57a2d4851a1d" />
    <TestEntry testId="c3e9138f-7cba-aa9f-9db9-346d6c62af1b" executionId="6cdd1669-a7a9-4d39-84bc-668dee80f5e5" testListId="8c84fa94-04c1-424b-9868-57a2d4851a1d" />
    <TestEntry testId="98c219dd-300d-80e9-7832-1f7a6666c668" executionId="e436a8b1-717e-43c9-86cc-97c6f9289f8f" testListId="8c84fa94-04c1-424b-9868-57a2d4851a1d" />
    <TestEntry testId="4825e697-d120-357c-fb01-1ac1e0cbb21d" executionId="3b4ee63b-e2d9-4f27-b1a1-bc2fb3047289" testListId="8c84fa94-04c1-424b-9868-57a2d4851a1d" />
    <TestEntry testId="fcbbdcee-d5ea-7c1e-d60d-3a530f027339" executionId="67409a3c-a61b-4ed4-b29b-4d6edf29d064" testListId="8c84fa94-04c1-424b-9868-57a2d4851a1d" />
    <TestEntry testId="8f7ba917-f771-0dc5-f9b9-465c34344b12" executionId="a28c749e-2c23-4b1e-8978-29b7a7b68356" testListId="8c84fa94-04c1-424b-9868-57a2d4851a1d" />
    <TestEntry testId="ec229f70-485a-f91b-53ed-bce655f6cd58" executionId="45f5d650-8fb7-4682-833c-b175e4483213" testListId="8c84fa94-04c1-424b-9868-57a2d4851a1d" />
    <TestEntry testId="9bbefb83-8311-6e03-307f-415e3495e223" executionId="e2f010c6-ea6f-4377-9536-5f885eeb6e41" testListId="8c84fa94-04c1-424b-9868-57a2d4851a1d" />
    <TestEntry testId="e5ea0357-7b91-8a1b-fd4e-7b3da901aed9" executionId="44af0c7b-297e-4815-aa35-1f0ea206f37b" testListId="8c84fa94-04c1-424b-9868-57a2d4851a1d" />
    <TestEntry testId="7169483c-953a-8c2b-b00f-b7221333086c" executionId="d707a07c-f3fb-4999-97ce-d04eb3c760a4" testListId="8c84fa94-04c1-424b-9868-57a2d4851a1d" />
    <TestEntry testId="b8d8691d-6e42-6cf3-3574-65976cdb0078" executionId="f60749cd-be9e-4344-8a8a-2338329d5922" testListId="8c84fa94-04c1-424b-9868-57a2d4851a1d" />
    <TestEntry testId="dc45819c-5b63-22d3-66a8-27a31a37d1c6" executionId="23666694-5320-4216-a3ca-68ad75f19f7f" testListId="8c84fa94-04c1-424b-9868-57a2d4851a1d" />
    <TestEntry testId="b0c54985-9934-c35e-d74d-a8892b422fef" executionId="71e1d392-38f5-4f07-bbe8-f544a653d654" testListId="8c84fa94-04c1-424b-9868-57a2d4851a1d" />
    <TestEntry testId="e17dd8b5-5dfb-c165-4dd7-aa3f28e8a0af" executionId="37acc4d6-b801-4e2a-b862-aaa02207b1ac" testListId="8c84fa94-04c1-424b-9868-57a2d4851a1d" />
    <TestEntry testId="4145f44e-b4b1-a618-09e8-c631496e6f1a" executionId="9e2dae42-22e2-484c-97fc-bfb0b5c5fadf" testListId="8c84fa94-04c1-424b-9868-57a2d4851a1d" />
    <TestEntry testId="5743ceef-5b1a-99c5-c4f6-201b6723af61" executionId="b4ee1a30-a041-43ed-b1f1-a4b75d87c8c7" testListId="8c84fa94-04c1-424b-9868-57a2d4851a1d" />
    <TestEntry testId="a2ccd4b1-f0a6-d201-3fee-19f8943d6104" executionId="4a813905-4056-4384-be97-0658e38b05a3" testListId="8c84fa94-04c1-424b-9868-57a2d4851a1d" />
    <TestEntry testId="0827a94d-bcd9-c921-a9bd-79f80a011d13" executionId="082a655a-a41f-42bf-8d7b-5b8cf8a6d9f4" testListId="8c84fa94-04c1-424b-9868-57a2d4851a1d" />
    <TestEntry testId="3ad9e8a1-28b9-6268-3836-91408e558ea3" executionId="3a36351c-6179-4488-9cce-53de35472b24" testListId="8c84fa94-04c1-424b-9868-57a2d4851a1d" />
    <TestEntry testId="30f8e924-9784-0a43-e807-094f70e06567" executionId="2ac4c8d7-4a31-4fbe-a8c2-32174e472fe0" testListId="8c84fa94-04c1-424b-9868-57a2d4851a1d" />
    <TestEntry testId="ff983dd2-cf83-855f-4c2b-14c9f16657c3" executionId="a210ff98-bff4-4dc9-94df-337cb2dfc670" testListId="8c84fa94-04c1-424b-9868-57a2d4851a1d" />
    <TestEntry testId="a42cd5bd-3438-9b95-14d3-51a8657c7336" executionId="8e53008c-e0de-421b-b7b8-cb5ac421f119" testListId="8c84fa94-04c1-424b-9868-57a2d4851a1d" />
    <TestEntry testId="6cf61bad-998c-dda0-1bee-9431c189bc3c" executionId="f4f966e2-8e92-438a-a464-4ad503fa63fd" testListId="8c84fa94-04c1-424b-9868-57a2d4851a1d" />
    <TestEntry testId="dc77dc0b-4892-bf0a-c142-c48fb917e050" executionId="84e086e3-5e57-474c-9186-310ba86bc776" testListId="8c84fa94-04c1-424b-9868-57a2d4851a1d" />
    <TestEntry testId="3741b26d-6ee0-6246-29e4-92009bff37b0" executionId="e43ad392-58e6-4ab2-bad9-2308791c4193" testListId="8c84fa94-04c1-424b-9868-57a2d4851a1d" />
    <TestEntry testId="1308d2d5-6deb-5a86-6d85-15c545fd76ed" executionId="b6767406-b44a-4900-a933-d35adc7998da" testListId="8c84fa94-04c1-424b-9868-57a2d4851a1d" />
    <TestEntry testId="34cae969-1c56-2bf1-8997-36335566cd73" executionId="47bf508a-a212-4fa7-92b7-be8d4c4b4363" testListId="8c84fa94-04c1-424b-9868-57a2d4851a1d" />
    <TestEntry testId="45fa25d7-0f2c-d937-e5ba-a4bf1148c440" executionId="3a7a13b0-d344-4b65-aef5-0decea37164a" testListId="8c84fa94-04c1-424b-9868-57a2d4851a1d" />
    <TestEntry testId="3c521313-4ed6-6bce-b4f9-c359411028e7" executionId="ee9e78ed-34f2-4983-b2bb-34ad2f1cefc1" testListId="8c84fa94-04c1-424b-9868-57a2d4851a1d" />
    <TestEntry testId="e0d040c5-d943-738c-4fb7-7e7538156396" executionId="0388f914-499a-4661-9031-5fb55a2519d2" testListId="8c84fa94-04c1-424b-9868-57a2d4851a1d" />
    <TestEntry testId="6dd2bb3b-088f-c810-e88d-2a9b265f150e" executionId="1966cdb7-a546-431a-8f0e-11412e12a02f" testListId="8c84fa94-04c1-424b-9868-57a2d4851a1d" />
    <TestEntry testId="e75bb6e2-88d9-af2a-a444-c4a9d67f0f0e" executionId="c2d90958-5db6-4ce0-84b5-53b5ae2657ee" testListId="8c84fa94-04c1-424b-9868-57a2d4851a1d" />
    <TestEntry testId="2af641b9-508c-e87a-0347-2f78f88f6d2c" executionId="75d65bbd-a579-4d83-b56c-6163db7c0711" testListId="8c84fa94-04c1-424b-9868-57a2d4851a1d" />
  </TestEntries>
  <TestLists>
    <TestList name="Results Not in a List" id="8c84fa94-04c1-424b-9868-57a2d4851a1d" />
    <TestList name="All Loaded Results" id="19431567-8539-422a-85d7-44ee4e166bda" />
  </TestLists>
  <ResultSummary outcome="Completed">
    <Counters total="39" executed="39" passed="39" failed="0" error="0" timeout="0" aborted="0" inconclusive="0" passedButRunAborted="0" notRunnable="0" notExecuted="0" disconnected="0" warning="0" completed="0" inProgress="0" pending="0" />
    <Output>
      <StdOut>[xUnit.net 00:00:00.00] xUnit.net VSTest Adapter v2.4.5+1caef2f33e (64-bit .NET 6.0.10)
[xUnit.net 00:00:01.50]   Discovering: AccessToDB.Tests
[xUnit.net 00:00:01.77]   Discovered:  AccessToDB.Tests
[xUnit.net 00:00:01.77]   Starting:    AccessToDB.Tests
[xUnit.net 00:00:18.49]   Finished:    AccessToDB.Tests
</StdOut>
    </Output>
  </ResultSummary>
</TestRun>