<?xml version="1.0" encoding="utf-8"?>
<TestRun id="b64ff443-d7a8-4908-abcb-8b16b3401b67" name="@DESKTOP-TJ9D65N 2022-10-16 16:03:51" xmlns="http://microsoft.com/schemas/VisualStudio/TeamTest/2010">
  <Times creation="2022-10-16T16:03:51.3206771+03:00" queuing="2022-10-16T16:03:51.3206771+03:00" start="2022-10-16T16:03:47.3694746+03:00" finish="2022-10-16T16:04:05.5378290+03:00" />
  <TestSettings name="default" id="fb7a6376-4067-459f-a94a-bb61880f925c">
    <Deployment runDeploymentRoot="_DESKTOP-TJ9D65N_2022-10-16_16_03_51" />
  </TestSettings>
  <Results>
    <UnitTestResult executionId="b7da7b46-7090-4655-988c-064c0fd3176e" testId="249a2d39-7608-cd38-7813-1a8d6ac7f80e" testName="AccessToDB.Tests.UsersRepositoryTests.TestAddUserAsyncFailsWhenUserIdRepeats(user: User { UserID = 238, CardID = 92, UserEmail = UserEmail9ecefba0-2e66-4e9c-9398-2a319df3de2e, Password = passworde2a6e2bf-3fdf-49e0-bf5c-1f033581b86f, Permissions = UNAUTHORIZED })" computerName="DESKTOP-TJ9D65N" duration="00:00:00.3931997" startTime="2022-10-16T16:03:58.5597937+03:00" endTime="2022-10-16T16:03:58.5597938+03:00" testType="13cdc9d9-ddb5-4fa4-a97d-d965ccfc6d4b" outcome="Passed" testListId="8c84fa94-04c1-424b-9868-57a2d4851a1d" relativeResultsDirectory="b7da7b46-7090-4655-988c-064c0fd3176e" />
    <UnitTestResult executionId="09ce5847-6b94-423e-80cb-07780d191f7a" testId="8f7ba917-f771-0dc5-f9b9-465c34344b12" testName="AccessToDB.Tests.SlopesRepositoryTests.TestAddSlopeAutoIncrementAsyncOk" computerName="DESKTOP-TJ9D65N" duration="00:00:00.3914653" startTime="2022-10-16T16:03:56.9853602+03:00" endTime="2022-10-16T16:03:56.9853603+03:00" testType="13cdc9d9-ddb5-4fa4-a97d-d965ccfc6d4b" outcome="Passed" testListId="8c84fa94-04c1-424b-9868-57a2d4851a1d" relativeResultsDirectory="09ce5847-6b94-423e-80cb-07780d191f7a" />
    <UnitTestResult executionId="1fd0964b-7b84-49e8-87ce-7936aaf1146c" testId="549ace80-21be-663e-17c7-ea036ad40882" testName="AccessToDB.Tests.UsersRepositoryTests.TestUpdateUserByIDAsyncOk(user: User { UserID = 173, CardID = 227, UserEmail = UserEmail9c29b90c-7683-40de-b735-e925b1d18b28, Password = password141d5701-adcb-4c16-93e3-c6b7f625f6ea, Permissions = UNAUTHORIZED })" computerName="DESKTOP-TJ9D65N" duration="00:00:00.4000049" startTime="2022-10-16T16:04:00.5401493+03:00" endTime="2022-10-16T16:04:00.5401494+03:00" testType="13cdc9d9-ddb5-4fa4-a97d-d965ccfc6d4b" outcome="Passed" testListId="8c84fa94-04c1-424b-9868-57a2d4851a1d" relativeResultsDirectory="1fd0964b-7b84-49e8-87ce-7936aaf1146c" />
    <UnitTestResult executionId="ff92a974-c71d-4a9d-a62e-88221047c988" testId="a58dd32d-8797-f03d-3e64-05ffec8994ec" testName="AccessToDB.Tests.LiftsSlopesRepositoryTests.TestAddLiftSlopeAsyncFailsWhenLiftSlopeIdRepeats(liftSlope: LiftSlope { RecordID = 189, LiftID = 110, SlopeID = 169 })" computerName="DESKTOP-TJ9D65N" duration="00:00:00.3957838" startTime="2022-10-16T16:04:02.6088224+03:00" endTime="2022-10-16T16:04:02.6088225+03:00" testType="13cdc9d9-ddb5-4fa4-a97d-d965ccfc6d4b" outcome="Passed" testListId="8c84fa94-04c1-424b-9868-57a2d4851a1d" relativeResultsDirectory="ff92a974-c71d-4a9d-a62e-88221047c988" />
    <UnitTestResult executionId="ac490182-ce56-4daf-8dd1-cd30e1bfbb37" testId="474fcb5c-4447-3cc4-5017-3e3e29ea35a7" testName="AccessToDB.Tests.SlopesRepositoryTests.TestGetSlopeByIdAsyncOk(slope: Slope { SlopeID = 194, SlopeName = slopeName65d28c32-751d-469c-9d6d-d1d1517ede7f, IsOpen = True, DifficultyLevel = 178, ConnectedLifts =  })" computerName="DESKTOP-TJ9D65N" duration="00:00:00.3872341" startTime="2022-10-16T16:03:56.5805913+03:00" endTime="2022-10-16T16:03:56.5805914+03:00" testType="13cdc9d9-ddb5-4fa4-a97d-d965ccfc6d4b" outcome="Passed" testListId="8c84fa94-04c1-424b-9868-57a2d4851a1d" relativeResultsDirectory="ac490182-ce56-4daf-8dd1-cd30e1bfbb37" />
    <UnitTestResult executionId="7e1b283c-7897-4945-87b1-3072341ab9d7" testId="d40b3e62-d07a-0e45-e2e4-4cefb64e38c5" testName="AccessToDB.Tests.UsersRepositoryTests.TestGetUserByIdAsyncOk(user: User { UserID = 245, CardID = 128, UserEmail = UserEmail50f9c10e-83ca-4bed-8275-28c32d37226a, Password = password8c43c0ed-1d86-4b6f-bddd-20e14f781898, Permissions = UNAUTHORIZED })" computerName="DESKTOP-TJ9D65N" duration="00:00:00.3826645" startTime="2022-10-16T16:04:00.9351715+03:00" endTime="2022-10-16T16:04:00.9351717+03:00" testType="13cdc9d9-ddb5-4fa4-a97d-d965ccfc6d4b" outcome="Passed" testListId="8c84fa94-04c1-424b-9868-57a2d4851a1d" relativeResultsDirectory="7e1b283c-7897-4945-87b1-3072341ab9d7" />
    <UnitTestResult executionId="eb8cc439-42b0-4fa2-9790-a174ff303d5b" testId="76ca2d63-a3d4-9ddc-907c-c292379a5c01" testName="AccessToDB.Tests.TurnstilesRepositoryTests.TestGetTurnstilesByLiftIdAsyncOk(liftID: 40)" computerName="DESKTOP-TJ9D65N" duration="00:00:00.4898327" startTime="2022-10-16T16:03:54.5376994+03:00" endTime="2022-10-16T16:03:54.5376995+03:00" testType="13cdc9d9-ddb5-4fa4-a97d-d965ccfc6d4b" outcome="Passed" testListId="8c84fa94-04c1-424b-9868-57a2d4851a1d" relativeResultsDirectory="eb8cc439-42b0-4fa2-9790-a174ff303d5b" />
    <UnitTestResult executionId="b78281ef-0e22-41d9-8f4a-df75cd874285" testId="30f8e924-9784-0a43-e807-094f70e06567" testName="AccessToDB.Tests.LiftsSlopesRepositoryTests.TestAddLiftSlopeAutoIncrementAsyncOk" computerName="DESKTOP-TJ9D65N" duration="00:00:00.3925548" startTime="2022-10-16T16:04:04.2321931+03:00" endTime="2022-10-16T16:04:04.2321932+03:00" testType="13cdc9d9-ddb5-4fa4-a97d-d965ccfc6d4b" outcome="Passed" testListId="8c84fa94-04c1-424b-9868-57a2d4851a1d" relativeResultsDirectory="b78281ef-0e22-41d9-8f4a-df75cd874285" />
    <UnitTestResult executionId="15291fae-98ea-4bf8-9d4b-a7d4378df7d5" testId="46914a5c-eba6-5867-0978-46f6eb05f635" testName="AccessToDB.Tests.TurnstilesRepositoryTests.TestDeleteTurnstileByIDAsyncFailsWhenIDNotExists(turnstileID: 171)" computerName="DESKTOP-TJ9D65N" duration="00:00:00.3709959" startTime="2022-10-16T16:03:53.6369222+03:00" endTime="2022-10-16T16:03:53.6369223+03:00" testType="13cdc9d9-ddb5-4fa4-a97d-d965ccfc6d4b" outcome="Passed" testListId="8c84fa94-04c1-424b-9868-57a2d4851a1d" relativeResultsDirectory="15291fae-98ea-4bf8-9d4b-a7d4378df7d5" />
    <UnitTestResult executionId="3a241ae3-897b-4d2d-96b6-f0cb266748b7" testId="152c56d2-0b4b-9235-130b-cac19abd8207" testName="AccessToDB.Tests.UsersRepositoryTests.TestCheckUserEmailExistsAsyncFalse(userEmail: &quot;userEmaila97693a7-b083-473d-8ce5-4d30351a2f35&quot;)" computerName="DESKTOP-TJ9D65N" duration="00:00:00.3618801" startTime="2022-10-16T16:03:59.3120311+03:00" endTime="2022-10-16T16:03:59.3120313+03:00" testType="13cdc9d9-ddb5-4fa4-a97d-d965ccfc6d4b" outcome="Passed" testListId="8c84fa94-04c1-424b-9868-57a2d4851a1d" relativeResultsDirectory="3a241ae3-897b-4d2d-96b6-f0cb266748b7" />
    <UnitTestResult executionId="1d956069-fba3-4000-a294-6d9258990f3d" testId="3741b26d-6ee0-6246-29e4-92009bff37b0" testName="AccessToDB.Tests.UsersRepositoryTests.TestGetUsersAsyncEmpty" computerName="DESKTOP-TJ9D65N" duration="00:00:00.3667396" startTime="2022-10-16T16:03:59.7033896+03:00" endTime="2022-10-16T16:03:59.7033898+03:00" testType="13cdc9d9-ddb5-4fa4-a97d-d965ccfc6d4b" outcome="Passed" testListId="8c84fa94-04c1-424b-9868-57a2d4851a1d" relativeResultsDirectory="1d956069-fba3-4000-a294-6d9258990f3d" />
    <UnitTestResult executionId="d6124443-c8f2-4266-9e3a-3da5ae34241f" testId="2212b311-e2b1-b790-f66a-e42ee52d7ef5" testName="AccessToDB.Tests.LiftsRepositoryTests.TestAddLiftAsyncFailsWhenLiftIdRepeats(lift: Lift { LiftID = 110, LiftName = liftName6fd41a83-2779-44d5-92a2-e046a8ec6537, IsOpen = True, SeatsAmount = 117, LiftingTime = 5, QueueTime = 198, ConnectedSlopes =  })" computerName="DESKTOP-TJ9D65N" duration="00:00:00.3900843" startTime="2022-10-16T16:03:50.4944199+03:00" endTime="2022-10-16T16:03:50.4944199+03:00" testType="13cdc9d9-ddb5-4fa4-a97d-d965ccfc6d4b" outcome="Passed" testListId="8c84fa94-04c1-424b-9868-57a2d4851a1d" relativeResultsDirectory="d6124443-c8f2-4266-9e3a-3da5ae34241f" />
    <UnitTestResult executionId="fba57b27-8b9e-4308-8238-7b993a83819b" testId="4145f44e-b4b1-a618-09e8-c631496e6f1a" testName="AccessToDB.Tests.LiftsSlopesRepositoryTests.TestGetLiftSlopesAsyncEmpty" computerName="DESKTOP-TJ9D65N" duration="00:00:00.3618720" startTime="2022-10-16T16:04:04.6084534+03:00" endTime="2022-10-16T16:04:04.6084535+03:00" testType="13cdc9d9-ddb5-4fa4-a97d-d965ccfc6d4b" outcome="Passed" testListId="8c84fa94-04c1-424b-9868-57a2d4851a1d" relativeResultsDirectory="fba57b27-8b9e-4308-8238-7b993a83819b" />
    <UnitTestResult executionId="95327c6f-452c-4004-85b2-ee9d0a0b8a60" testId="f9435956-2e34-e52b-c34e-dce53665cf8e" testName="AccessToDB.Tests.TurnstilesRepositoryTests.TestAddTurnstileAutoIncrementAsyncOk" computerName="DESKTOP-TJ9D65N" duration="00:00:00.3972793" startTime="2022-10-16T16:03:55.3599129+03:00" endTime="2022-10-16T16:03:55.3599130+03:00" testType="13cdc9d9-ddb5-4fa4-a97d-d965ccfc6d4b" outcome="Passed" testListId="8c84fa94-04c1-424b-9868-57a2d4851a1d" relativeResultsDirectory="95327c6f-452c-4004-85b2-ee9d0a0b8a60" />
    <UnitTestResult executionId="d44412b7-0d22-4788-855b-1ed9ff4b07c4" testId="3cdfc48f-a286-b50f-fabc-a31b5280cb7b" testName="AccessToDB.Tests.UsersRepositoryTests.TestGetUserByEmailAsyncFailsWhenEmailNotExists(email: &quot;email7bc3e1e1-fd1a-4eb8-be16-66f52fa598be&quot;)" computerName="DESKTOP-TJ9D65N" duration="00:00:00.3606676" startTime="2022-10-16T16:03:58.9347244+03:00" endTime="2022-10-16T16:03:58.9347245+03:00" testType="13cdc9d9-ddb5-4fa4-a97d-d965ccfc6d4b" outcome="Passed" testListId="8c84fa94-04c1-424b-9868-57a2d4851a1d" relativeResultsDirectory="d44412b7-0d22-4788-855b-1ed9ff4b07c4" />
    <UnitTestResult executionId="43040f1b-93ca-4389-90de-0ebf6d84b71c" testId="5ccf7435-0317-ec5d-a371-7d1603c1ad57" testName="AccessToDB.Tests.SlopesRepositoryTests.TestUpdateSlopeByIDAsyncOk(slope: Slope { SlopeID = 171, SlopeName = slopeNamef2d39b67-d9a3-47c7-826a-9edf88317315, IsOpen = True, DifficultyLevel = 69, ConnectedLifts =  })" computerName="DESKTOP-TJ9D65N" duration="00:00:00.3939347" startTime="2022-10-16T16:03:55.7709940+03:00" endTime="2022-10-16T16:03:55.7709943+03:00" testType="13cdc9d9-ddb5-4fa4-a97d-d965ccfc6d4b" outcome="Passed" testListId="8c84fa94-04c1-424b-9868-57a2d4851a1d" relativeResultsDirectory="43040f1b-93ca-4389-90de-0ebf6d84b71c" />
    <UnitTestResult executionId="c3a981d3-f2bc-48b5-bad6-0f7a78de7b86" testId="960d8871-1f0d-8351-12ae-692deffda21d" testName="AccessToDB.Tests.SlopesRepositoryTests.TestDeleteSlopeByIDAsyncFailsWhenIDNotExists(slopeID: 149)" computerName="DESKTOP-TJ9D65N" duration="00:00:00.3604101" startTime="2022-10-16T16:03:58.1505001+03:00" endTime="2022-10-16T16:03:58.1505002+03:00" testType="13cdc9d9-ddb5-4fa4-a97d-d965ccfc6d4b" outcome="Passed" testListId="8c84fa94-04c1-424b-9868-57a2d4851a1d" relativeResultsDirectory="c3a981d3-f2bc-48b5-bad6-0f7a78de7b86" />
    <UnitTestResult executionId="3885772a-760d-4c55-8863-deae7908981d" testId="df358da5-0ab1-e855-5d12-9c8d70d3135c" testName="AccessToDB.Tests.LiftsSlopesRepositoryTests.TestGetLiftsBySlopeIdAsyncOk(slope1: Slope { SlopeID = 1, SlopeName = slopeName557a32df-8e34-4f4a-8ed1-914515bbdb16, IsOpen = True, DifficultyLevel = 103, ConnectedLifts =  }, slope2: Slope { SlopeID = 139, SlopeName = slopeNameaee2b694-cfd1-4f51-b31f-2a4d2077aa55, IsOpen = False, DifficultyLevel = 115, ConnectedLifts =  }, lift1: Lift { LiftID = 133, LiftName = liftName72454a09-6f3b-43ef-b88d-b301a6953ff2, IsOpen = True, SeatsAmount = 152, LiftingTime = 255, QueueTime = 22, ConnectedSlopes =  }, lift2: Lift { LiftID = 119, LiftName = liftName0091b4f6-3662-40c5-9145-7878a14cf8d0, IsOpen = False, SeatsAmount = 78, LiftingTime = 188, QueueTime = 177, ConnectedSlopes =  })" computerName="DESKTOP-TJ9D65N" duration="00:00:00.4270602" startTime="2022-10-16T16:04:05.0510165+03:00" endTime="2022-10-16T16:04:05.0510165+03:00" testType="13cdc9d9-ddb5-4fa4-a97d-d965ccfc6d4b" outcome="Passed" testListId="8c84fa94-04c1-424b-9868-57a2d4851a1d" relativeResultsDirectory="3885772a-760d-4c55-8863-deae7908981d" />
    <UnitTestResult executionId="8ec8a770-2a1b-44a3-bcaa-d6a6ee966835" testId="84d3f04a-6873-38a9-7687-370a6882b8b3" testName="AccessToDB.Tests.UsersRepositoryTests.TestCheckUserIdExistsAsyncTrue(user: User { UserID = 192, CardID = 249, UserEmail = UserEmail1befec54-b8d2-4df2-b593-5659cd86a5fa, Password = password721204bc-1800-4fce-a4de-07d172bbc732, Permissions = UNAUTHORIZED })" computerName="DESKTOP-TJ9D65N" duration="00:00:00.3891762" startTime="2022-10-16T16:04:01.3406304+03:00" endTime="2022-10-16T16:04:01.3406306+03:00" testType="13cdc9d9-ddb5-4fa4-a97d-d965ccfc6d4b" outcome="Passed" testListId="8c84fa94-04c1-424b-9868-57a2d4851a1d" relativeResultsDirectory="8ec8a770-2a1b-44a3-bcaa-d6a6ee966835" />
    <UnitTestResult executionId="ee635ea6-a3fc-459f-bbb2-0c8bd46bff20" testId="2651e540-5642-d654-3d6f-f8015f750e8f" testName="AccessToDB.Tests.TurnstilesRepositoryTests.TestGetTurnstileByIdAsyncOk(turnstile: Turnstile { TurnstileID = 47, LiftID = 225, IsOpen = True })" computerName="DESKTOP-TJ9D65N" duration="00:00:00.3819539" startTime="2022-10-16T16:03:54.9357040+03:00" endTime="2022-10-16T16:03:54.9357045+03:00" testType="13cdc9d9-ddb5-4fa4-a97d-d965ccfc6d4b" outcome="Passed" testListId="8c84fa94-04c1-424b-9868-57a2d4851a1d" relativeResultsDirectory="ee635ea6-a3fc-459f-bbb2-0c8bd46bff20" />
    <UnitTestResult executionId="50d91379-3c0e-4281-b81b-8a6fa8762469" testId="35a1cb50-92cf-e977-c4f9-cd91d22c4f17" testName="AccessToDB.Tests.LiftsSlopesRepositoryTests.TestGetSlopesByLiftIdAsyncFailsWhenSlopeNotExists(liftSlope: LiftSlope { RecordID = 193, LiftID = 135, SlopeID = 40 })" computerName="DESKTOP-TJ9D65N" duration="00:00:00.3806999" startTime="2022-10-16T16:04:03.0035492+03:00" endTime="2022-10-16T16:04:03.0035493+03:00" testType="13cdc9d9-ddb5-4fa4-a97d-d965ccfc6d4b" outcome="Passed" testListId="8c84fa94-04c1-424b-9868-57a2d4851a1d" relativeResultsDirectory="50d91379-3c0e-4281-b81b-8a6fa8762469" />
    <UnitTestResult executionId="c5515ad4-9220-45ad-b817-228202860186" testId="b0ab7d56-371f-4a09-a604-4e76fb2e46e1" testName="AccessToDB.Tests.TurnstilesRepositoryTests.TestUpdateTurnstileByIDAsyncOk(turnstile: Turnstile { TurnstileID = 204, LiftID = 57, IsOpen = True })" computerName="DESKTOP-TJ9D65N" duration="00:00:00.3917283" startTime="2022-10-16T16:03:53.2472282+03:00" endTime="2022-10-16T16:03:53.2472284+03:00" testType="13cdc9d9-ddb5-4fa4-a97d-d965ccfc6d4b" outcome="Passed" testListId="8c84fa94-04c1-424b-9868-57a2d4851a1d" relativeResultsDirectory="c5515ad4-9220-45ad-b817-228202860186" />
    <UnitTestResult executionId="bbb77809-a5d3-41cc-9939-e7cbbb8a071f" testId="1041572c-aeb8-3f8c-5f19-3e77ce897c81" testName="AccessToDB.Tests.SlopesRepositoryTests.TestGetSlopeByNameAsyncFailsWhenNameNotExists(slopeName: &quot;slopeNamef2e0f318-8020-4edb-92bc-47b37036aae1&quot;)" computerName="DESKTOP-TJ9D65N" duration="00:00:00.3800980" startTime="2022-10-16T16:03:56.1667350+03:00" endTime="2022-10-16T16:03:56.1667352+03:00" testType="13cdc9d9-ddb5-4fa4-a97d-d965ccfc6d4b" outcome="Passed" testListId="8c84fa94-04c1-424b-9868-57a2d4851a1d" relativeResultsDirectory="bbb77809-a5d3-41cc-9939-e7cbbb8a071f" />
    <UnitTestResult executionId="062aad7c-2c45-4e26-891c-186d2c7f9557" testId="c65e062a-6fea-dde6-511d-19f0faa8ed36" testName="AccessToDB.Tests.SlopesRepositoryTests.TestAddSlopeAsyncFailsWhenSlopeIdRepeats(slope: Slope { SlopeID = 169, SlopeName = slopeName0c94970a-1ff4-4f69-9aa5-5c5c2feab79e, IsOpen = True, DifficultyLevel = 85, ConnectedLifts =  })" computerName="DESKTOP-TJ9D65N" duration="00:00:00.3921927" startTime="2022-10-16T16:03:57.7749156+03:00" endTime="2022-10-16T16:03:57.7749157+03:00" testType="13cdc9d9-ddb5-4fa4-a97d-d965ccfc6d4b" outcome="Passed" testListId="8c84fa94-04c1-424b-9868-57a2d4851a1d" relativeResultsDirectory="062aad7c-2c45-4e26-891c-186d2c7f9557" />
    <UnitTestResult executionId="89c5c76f-835c-4225-997c-d2c8d1870052" testId="3c521313-4ed6-6bce-b4f9-c359411028e7" testName="AccessToDB.Tests.TurnstilesRepositoryTests.TestGetTurnstilesAsyncEmpty" computerName="DESKTOP-TJ9D65N" duration="00:00:00.3630286" startTime="2022-10-16T16:03:54.0200630+03:00" endTime="2022-10-16T16:03:54.0200631+03:00" testType="13cdc9d9-ddb5-4fa4-a97d-d965ccfc6d4b" outcome="Passed" testListId="8c84fa94-04c1-424b-9868-57a2d4851a1d" relativeResultsDirectory="89c5c76f-835c-4225-997c-d2c8d1870052" />
    <UnitTestResult executionId="784fe8e2-b1e1-43cf-bee4-6a63d4d198bd" testId="0880a4a6-a0e6-3f57-9783-79baef5ef75d" testName="AccessToDB.Tests.LiftsRepositoryTests.TestDeleteLiftByIDAsyncFailsWhenIDNotExists(liftID: 208)" computerName="DESKTOP-TJ9D65N" duration="00:00:00.3596731" startTime="2022-10-16T16:03:52.4057325+03:00" endTime="2022-10-16T16:03:52.4057327+03:00" testType="13cdc9d9-ddb5-4fa4-a97d-d965ccfc6d4b" outcome="Passed" testListId="8c84fa94-04c1-424b-9868-57a2d4851a1d" relativeResultsDirectory="784fe8e2-b1e1-43cf-bee4-6a63d4d198bd" />
    <UnitTestResult executionId="60efa1a7-2376-4c50-9a56-e4e5b962579e" testId="78669dde-17ad-6a93-2e2d-0764f1b4b8fb" testName="AccessToDB.Tests.LiftsRepositoryTests.TestUpdateLiftByIDAsyncOk(lift: Lift { LiftID = 27, LiftName = liftName5b9ebe35-0f86-4710-85de-53d564ddc6ea, IsOpen = True, SeatsAmount = 10, LiftingTime = 191, QueueTime = 246, ConnectedSlopes =  })" computerName="DESKTOP-TJ9D65N" duration="00:00:00.3901505" startTime="2022-10-16T16:03:52.0341887+03:00" endTime="2022-10-16T16:03:52.0341888+03:00" testType="13cdc9d9-ddb5-4fa4-a97d-d965ccfc6d4b" outcome="Passed" testListId="8c84fa94-04c1-424b-9868-57a2d4851a1d" relativeResultsDirectory="60efa1a7-2376-4c50-9a56-e4e5b962579e" />
    <UnitTestResult executionId="54d80867-938d-42d3-95f6-ff1598b4fe33" testId="607e8298-f113-be33-300e-15a343893443" testName="AccessToDB.Tests.LiftsRepositoryTests.TestGetLiftsAsyncEmpty" computerName="DESKTOP-TJ9D65N" duration="00:00:00.3597948" startTime="2022-10-16T16:03:51.2383801+03:00" endTime="2022-10-16T16:03:51.2383802+03:00" testType="13cdc9d9-ddb5-4fa4-a97d-d965ccfc6d4b" outcome="Passed" testListId="8c84fa94-04c1-424b-9868-57a2d4851a1d" relativeResultsDirectory="54d80867-938d-42d3-95f6-ff1598b4fe33" />
    <UnitTestResult executionId="bc151a8e-6f14-4fa0-9966-c069b16f22f7" testId="29c6b7bb-f61d-9c55-703b-7c86ca0f0189" testName="AccessToDB.Tests.LiftsSlopesRepositoryTests.TestGetLiftSlopeByIdAsyncOk(liftSlope: LiftSlope { RecordID = 63, LiftID = 134, SlopeID = 115 })" computerName="DESKTOP-TJ9D65N" duration="00:00:00.3851260" startTime="2022-10-16T16:04:03.8168250+03:00" endTime="2022-10-16T16:04:03.8168252+03:00" testType="13cdc9d9-ddb5-4fa4-a97d-d965ccfc6d4b" outcome="Passed" testListId="8c84fa94-04c1-424b-9868-57a2d4851a1d" relativeResultsDirectory="bc151a8e-6f14-4fa0-9966-c069b16f22f7" />
    <UnitTestResult executionId="4136e4b5-5a5a-49a1-929d-1fbc436d26ea" testId="b8f3b9d6-1b12-dec8-7dfe-5cea61133e7a" testName="AccessToDB.Tests.LiftsSlopesRepositoryTests.TestUpdateLiftSlopeByIDAsyncOk(liftSlope: LiftSlope { RecordID = 17, LiftID = 214, SlopeID = 61 })" computerName="DESKTOP-TJ9D65N" duration="00:00:00.4087687" startTime="2022-10-16T16:04:02.1932284+03:00" endTime="2022-10-16T16:04:02.1932313+03:00" testType="13cdc9d9-ddb5-4fa4-a97d-d965ccfc6d4b" outcome="Passed" testListId="8c84fa94-04c1-424b-9868-57a2d4851a1d" relativeResultsDirectory="4136e4b5-5a5a-49a1-929d-1fbc436d26ea" />
    <UnitTestResult executionId="f0934a14-fc74-49ab-a6a0-bef41d68d617" testId="ec229f70-485a-f91b-53ed-bce655f6cd58" testName="AccessToDB.Tests.LiftsRepositoryTests.TestAddLiftAutoIncrementAsyncOk" computerName="DESKTOP-TJ9D65N" duration="00:00:00.4615393" startTime="2022-10-16T16:03:50.0574451+03:00" endTime="2022-10-16T16:03:50.0574842+03:00" testType="13cdc9d9-ddb5-4fa4-a97d-d965ccfc6d4b" outcome="Passed" testListId="8c84fa94-04c1-424b-9868-57a2d4851a1d" relativeResultsDirectory="f0934a14-fc74-49ab-a6a0-bef41d68d617" />
    <UnitTestResult executionId="82430994-8e52-4b7e-a787-659ebc50dcdc" testId="8ea58076-1fae-7bc3-0162-34a45fb33a11" testName="AccessToDB.Tests.LiftsSlopesRepositoryTests.TestDeleteLiftSlopesByIDsAsyncOk(liftSlope: LiftSlope { RecordID = 136, LiftID = 194, SlopeID = 70 })" computerName="DESKTOP-TJ9D65N" duration="00:00:00.3928415" startTime="2022-10-16T16:04:03.4117644+03:00" endTime="2022-10-16T16:04:03.4117645+03:00" testType="13cdc9d9-ddb5-4fa4-a97d-d965ccfc6d4b" outcome="Passed" testListId="8c84fa94-04c1-424b-9868-57a2d4851a1d" relativeResultsDirectory="82430994-8e52-4b7e-a787-659ebc50dcdc" />
    <UnitTestResult executionId="c72dd5a4-0a9a-4dac-b7ab-9336ea13dd70" testId="e75bb6e2-88d9-af2a-a444-c4a9d67f0f0e" testName="AccessToDB.Tests.UsersRepositoryTests.TestAddUserAutoIncrementAsyncOk" computerName="DESKTOP-TJ9D65N" duration="00:00:00.4050617" startTime="2022-10-16T16:04:01.7700442+03:00" endTime="2022-10-16T16:04:01.7700442+03:00" testType="13cdc9d9-ddb5-4fa4-a97d-d965ccfc6d4b" outcome="Passed" testListId="8c84fa94-04c1-424b-9868-57a2d4851a1d" relativeResultsDirectory="c72dd5a4-0a9a-4dac-b7ab-9336ea13dd70" />
    <UnitTestResult executionId="986e16ee-00dd-457b-8623-988c290812bd" testId="d7b48015-3d5c-5553-6e4a-7726bdcd8695" testName="AccessToDB.Tests.LiftsRepositoryTests.TestGetLiftByNameAsyncFailsWhenNameNotExists(liftName: &quot;liftName7f9f23d8-23b4-487d-a848-58dfa6267712&quot;)" computerName="DESKTOP-TJ9D65N" duration="00:00:00.3594380" startTime="2022-10-16T16:03:50.8662461+03:00" endTime="2022-10-16T16:03:50.8662462+03:00" testType="13cdc9d9-ddb5-4fa4-a97d-d965ccfc6d4b" outcome="Passed" testListId="8c84fa94-04c1-424b-9868-57a2d4851a1d" relativeResultsDirectory="986e16ee-00dd-457b-8623-988c290812bd" />
    <UnitTestResult executionId="933fefcd-9456-4d51-9e04-2c6b36dbe6b5" testId="83e06a31-ab10-4c6d-7b63-b016d596fa41" testName="AccessToDB.Tests.LiftsSlopesRepositoryTests.TestDeleteLiftSlopeByIDAsyncFailsWhenIDNotExists(liftSlopeID: 174)" computerName="DESKTOP-TJ9D65N" duration="00:00:00.3607166" startTime="2022-10-16T16:04:05.4273234+03:00" endTime="2022-10-16T16:04:05.4273236+03:00" testType="13cdc9d9-ddb5-4fa4-a97d-d965ccfc6d4b" outcome="Passed" testListId="8c84fa94-04c1-424b-9868-57a2d4851a1d" relativeResultsDirectory="933fefcd-9456-4d51-9e04-2c6b36dbe6b5" />
    <UnitTestResult executionId="2fc0d5e7-5444-4824-ad2a-691b0754dd1a" testId="cfd7eeaf-5427-1451-61c7-0ba28e5a3abf" testName="AccessToDB.Tests.TurnstilesRepositoryTests.TestAddTurnstileAsyncFailsWhenTurnstileIdRepeats(turnstile: Turnstile { TurnstileID = 147, LiftID = 248, IsOpen = True })" computerName="DESKTOP-TJ9D65N" duration="00:00:00.4121579" startTime="2022-10-16T16:03:52.8408267+03:00" endTime="2022-10-16T16:03:52.8408268+03:00" testType="13cdc9d9-ddb5-4fa4-a97d-d965ccfc6d4b" outcome="Passed" testListId="8c84fa94-04c1-424b-9868-57a2d4851a1d" relativeResultsDirectory="2fc0d5e7-5444-4824-ad2a-691b0754dd1a" />
    <UnitTestResult executionId="28230e8f-145e-4f3f-a093-854015e0de1c" testId="9bbefb83-8311-6e03-307f-415e3495e223" testName="AccessToDB.Tests.SlopesRepositoryTests.TestGetSlopesAsyncEmpty" computerName="DESKTOP-TJ9D65N" duration="00:00:00.3612599" startTime="2022-10-16T16:03:57.3613605+03:00" endTime="2022-10-16T16:03:57.3613608+03:00" testType="13cdc9d9-ddb5-4fa4-a97d-d965ccfc6d4b" outcome="Passed" testListId="8c84fa94-04c1-424b-9868-57a2d4851a1d" relativeResultsDirectory="28230e8f-145e-4f3f-a093-854015e0de1c" />
    <UnitTestResult executionId="8926f493-0a69-423d-a8e9-9774273f21fa" testId="88ddee78-3537-94ba-6f38-ac2dc93e6d2e" testName="AccessToDB.Tests.LiftsRepositoryTests.TestGetLiftByIdAsyncOk(lift: Lift { LiftID = 200, LiftName = liftName32ef295e-eb87-4768-8281-fc35ac89f026, IsOpen = True, SeatsAmount = 239, LiftingTime = 198, QueueTime = 71, ConnectedSlopes =  })" computerName="DESKTOP-TJ9D65N" duration="00:00:00.3798987" startTime="2022-10-16T16:03:51.6312305+03:00" endTime="2022-10-16T16:03:51.6312306+03:00" testType="13cdc9d9-ddb5-4fa4-a97d-d965ccfc6d4b" outcome="Passed" testListId="8c84fa94-04c1-424b-9868-57a2d4851a1d" relativeResultsDirectory="8926f493-0a69-423d-a8e9-9774273f21fa" />
    <UnitTestResult executionId="28bc9b4f-5d1e-4eb0-9b28-cb50c8167c26" testId="09087f60-0c47-c381-e683-8db3ea66882c" testName="AccessToDB.Tests.UsersRepositoryTests.TestDeleteUserByIDAsyncFailsWhenIDNotExists(userID: 154)" computerName="DESKTOP-TJ9D65N" duration="00:00:00.3689212" startTime="2022-10-16T16:04:00.1010738+03:00" endTime="2022-10-16T16:04:00.1010742+03:00" testType="13cdc9d9-ddb5-4fa4-a97d-d965ccfc6d4b" outcome="Passed" testListId="8c84fa94-04c1-424b-9868-57a2d4851a1d" relativeResultsDirectory="28bc9b4f-5d1e-4eb0-9b28-cb50c8167c26" />
  </Results>
  <TestDefinitions>
    <UnitTest name="AccessToDB.Tests.UsersRepositoryTests.TestUpdateUserByIDAsyncOk(user: User { UserID = 173, CardID = 227, UserEmail = UserEmail9c29b90c-7683-40de-b735-e925b1d18b28, Password = password141d5701-adcb-4c16-93e3-c6b7f625f6ea, Permissions = UNAUTHORIZED })" storage="/mnt/c/users/alena/desktop/7_sem/testing_and_debugging/skiresort/accesstodb.tests/bin/debug/net6.0/accesstodb.tests.dll" id="549ace80-21be-663e-17c7-ea036ad40882">
      <Execution id="1fd0964b-7b84-49e8-87ce-7936aaf1146c" />
      <TestMethod codeBase="/mnt/c/Users/alena/Desktop/7_sem/testing_and_debugging/SkiResort/AccessToDB.Tests/bin/Debug/net6.0/AccessToDB.Tests.dll" adapterTypeName="executor://xunit/VsTestRunner2/netcoreapp" className="AccessToDB.Tests.UsersRepositoryTests" name="TestUpdateUserByIDAsyncOk" />
    </UnitTest>
    <UnitTest name="AccessToDB.Tests.LiftsSlopesRepositoryTests.TestGetSlopesByLiftIdAsyncFailsWhenSlopeNotExists(liftSlope: LiftSlope { RecordID = 193, LiftID = 135, SlopeID = 40 })" storage="/mnt/c/users/alena/desktop/7_sem/testing_and_debugging/skiresort/accesstodb.tests/bin/debug/net6.0/accesstodb.tests.dll" id="35a1cb50-92cf-e977-c4f9-cd91d22c4f17">
      <Execution id="50d91379-3c0e-4281-b81b-8a6fa8762469" />
      <TestMethod codeBase="/mnt/c/Users/alena/Desktop/7_sem/testing_and_debugging/SkiResort/AccessToDB.Tests/bin/Debug/net6.0/AccessToDB.Tests.dll" adapterTypeName="executor://xunit/VsTestRunner2/netcoreapp" className="AccessToDB.Tests.LiftsSlopesRepositoryTests" name="TestGetSlopesByLiftIdAsyncFailsWhenSlopeNotExists" />
    </UnitTest>
    <UnitTest name="AccessToDB.Tests.UsersRepositoryTests.TestGetUsersAsyncEmpty" storage="/mnt/c/users/alena/desktop/7_sem/testing_and_debugging/skiresort/accesstodb.tests/bin/debug/net6.0/accesstodb.tests.dll" id="3741b26d-6ee0-6246-29e4-92009bff37b0">
      <Execution id="1d956069-fba3-4000-a294-6d9258990f3d" />
      <TestMethod codeBase="/mnt/c/Users/alena/Desktop/7_sem/testing_and_debugging/SkiResort/AccessToDB.Tests/bin/Debug/net6.0/AccessToDB.Tests.dll" adapterTypeName="executor://xunit/VsTestRunner2/netcoreapp" className="AccessToDB.Tests.UsersRepositoryTests" name="TestGetUsersAsyncEmpty" />
    </UnitTest>
    <UnitTest name="AccessToDB.Tests.UsersRepositoryTests.TestGetUserByIdAsyncOk(user: User { UserID = 245, CardID = 128, UserEmail = UserEmail50f9c10e-83ca-4bed-8275-28c32d37226a, Password = password8c43c0ed-1d86-4b6f-bddd-20e14f781898, Permissions = UNAUTHORIZED })" storage="/mnt/c/users/alena/desktop/7_sem/testing_and_debugging/skiresort/accesstodb.tests/bin/debug/net6.0/accesstodb.tests.dll" id="d40b3e62-d07a-0e45-e2e4-4cefb64e38c5">
      <Execution id="7e1b283c-7897-4945-87b1-3072341ab9d7" />
      <TestMethod codeBase="/mnt/c/Users/alena/Desktop/7_sem/testing_and_debugging/SkiResort/AccessToDB.Tests/bin/Debug/net6.0/AccessToDB.Tests.dll" adapterTypeName="executor://xunit/VsTestRunner2/netcoreapp" className="AccessToDB.Tests.UsersRepositoryTests" name="TestGetUserByIdAsyncOk" />
    </UnitTest>
    <UnitTest name="AccessToDB.Tests.TurnstilesRepositoryTests.TestAddTurnstileAutoIncrementAsyncOk" storage="/mnt/c/users/alena/desktop/7_sem/testing_and_debugging/skiresort/accesstodb.tests/bin/debug/net6.0/accesstodb.tests.dll" id="f9435956-2e34-e52b-c34e-dce53665cf8e">
      <Execution id="95327c6f-452c-4004-85b2-ee9d0a0b8a60" />
      <TestMethod codeBase="/mnt/c/Users/alena/Desktop/7_sem/testing_and_debugging/SkiResort/AccessToDB.Tests/bin/Debug/net6.0/AccessToDB.Tests.dll" adapterTypeName="executor://xunit/VsTestRunner2/netcoreapp" className="AccessToDB.Tests.TurnstilesRepositoryTests" name="TestAddTurnstileAutoIncrementAsyncOk" />
    </UnitTest>
    <UnitTest name="AccessToDB.Tests.UsersRepositoryTests.TestCheckUserIdExistsAsyncTrue(user: User { UserID = 192, CardID = 249, UserEmail = UserEmail1befec54-b8d2-4df2-b593-5659cd86a5fa, Password = password721204bc-1800-4fce-a4de-07d172bbc732, Permissions = UNAUTHORIZED })" storage="/mnt/c/users/alena/desktop/7_sem/testing_and_debugging/skiresort/accesstodb.tests/bin/debug/net6.0/accesstodb.tests.dll" id="84d3f04a-6873-38a9-7687-370a6882b8b3">
      <Execution id="8ec8a770-2a1b-44a3-bcaa-d6a6ee966835" />
      <TestMethod codeBase="/mnt/c/Users/alena/Desktop/7_sem/testing_and_debugging/SkiResort/AccessToDB.Tests/bin/Debug/net6.0/AccessToDB.Tests.dll" adapterTypeName="executor://xunit/VsTestRunner2/netcoreapp" className="AccessToDB.Tests.UsersRepositoryTests" name="TestCheckUserIdExistsAsyncTrue" />
    </UnitTest>
    <UnitTest name="AccessToDB.Tests.SlopesRepositoryTests.TestDeleteSlopeByIDAsyncFailsWhenIDNotExists(slopeID: 149)" storage="/mnt/c/users/alena/desktop/7_sem/testing_and_debugging/skiresort/accesstodb.tests/bin/debug/net6.0/accesstodb.tests.dll" id="960d8871-1f0d-8351-12ae-692deffda21d">
      <Execution id="c3a981d3-f2bc-48b5-bad6-0f7a78de7b86" />
      <TestMethod codeBase="/mnt/c/Users/alena/Desktop/7_sem/testing_and_debugging/SkiResort/AccessToDB.Tests/bin/Debug/net6.0/AccessToDB.Tests.dll" adapterTypeName="executor://xunit/VsTestRunner2/netcoreapp" className="AccessToDB.Tests.SlopesRepositoryTests" name="TestDeleteSlopeByIDAsyncFailsWhenIDNotExists" />
    </UnitTest>
    <UnitTest name="AccessToDB.Tests.LiftsSlopesRepositoryTests.TestDeleteLiftSlopesByIDsAsyncOk(liftSlope: LiftSlope { RecordID = 136, LiftID = 194, SlopeID = 70 })" storage="/mnt/c/users/alena/desktop/7_sem/testing_and_debugging/skiresort/accesstodb.tests/bin/debug/net6.0/accesstodb.tests.dll" id="8ea58076-1fae-7bc3-0162-34a45fb33a11">
      <Execution id="82430994-8e52-4b7e-a787-659ebc50dcdc" />
      <TestMethod codeBase="/mnt/c/Users/alena/Desktop/7_sem/testing_and_debugging/SkiResort/AccessToDB.Tests/bin/Debug/net6.0/AccessToDB.Tests.dll" adapterTypeName="executor://xunit/VsTestRunner2/netcoreapp" className="AccessToDB.Tests.LiftsSlopesRepositoryTests" name="TestDeleteLiftSlopesByIDsAsyncOk" />
    </UnitTest>
    <UnitTest name="AccessToDB.Tests.LiftsSlopesRepositoryTests.TestGetLiftSlopesAsyncEmpty" storage="/mnt/c/users/alena/desktop/7_sem/testing_and_debugging/skiresort/accesstodb.tests/bin/debug/net6.0/accesstodb.tests.dll" id="4145f44e-b4b1-a618-09e8-c631496e6f1a">
      <Execution id="fba57b27-8b9e-4308-8238-7b993a83819b" />
      <TestMethod codeBase="/mnt/c/Users/alena/Desktop/7_sem/testing_and_debugging/SkiResort/AccessToDB.Tests/bin/Debug/net6.0/AccessToDB.Tests.dll" adapterTypeName="executor://xunit/VsTestRunner2/netcoreapp" className="AccessToDB.Tests.LiftsSlopesRepositoryTests" name="TestGetLiftSlopesAsyncEmpty" />
    </UnitTest>
    <UnitTest name="AccessToDB.Tests.LiftsSlopesRepositoryTests.TestDeleteLiftSlopeByIDAsyncFailsWhenIDNotExists(liftSlopeID: 174)" storage="/mnt/c/users/alena/desktop/7_sem/testing_and_debugging/skiresort/accesstodb.tests/bin/debug/net6.0/accesstodb.tests.dll" id="83e06a31-ab10-4c6d-7b63-b016d596fa41">
      <Execution id="933fefcd-9456-4d51-9e04-2c6b36dbe6b5" />
      <TestMethod codeBase="/mnt/c/Users/alena/Desktop/7_sem/testing_and_debugging/SkiResort/AccessToDB.Tests/bin/Debug/net6.0/AccessToDB.Tests.dll" adapterTypeName="executor://xunit/VsTestRunner2/netcoreapp" className="AccessToDB.Tests.LiftsSlopesRepositoryTests" name="TestDeleteLiftSlopeByIDAsyncFailsWhenIDNotExists" />
    </UnitTest>
    <UnitTest name="AccessToDB.Tests.UsersRepositoryTests.TestDeleteUserByIDAsyncFailsWhenIDNotExists(userID: 154)" storage="/mnt/c/users/alena/desktop/7_sem/testing_and_debugging/skiresort/accesstodb.tests/bin/debug/net6.0/accesstodb.tests.dll" id="09087f60-0c47-c381-e683-8db3ea66882c">
      <Execution id="28bc9b4f-5d1e-4eb0-9b28-cb50c8167c26" />
      <TestMethod codeBase="/mnt/c/Users/alena/Desktop/7_sem/testing_and_debugging/SkiResort/AccessToDB.Tests/bin/Debug/net6.0/AccessToDB.Tests.dll" adapterTypeName="executor://xunit/VsTestRunner2/netcoreapp" className="AccessToDB.Tests.UsersRepositoryTests" name="TestDeleteUserByIDAsyncFailsWhenIDNotExists" />
    </UnitTest>
    <UnitTest name="AccessToDB.Tests.SlopesRepositoryTests.TestGetSlopesAsyncEmpty" storage="/mnt/c/users/alena/desktop/7_sem/testing_and_debugging/skiresort/accesstodb.tests/bin/debug/net6.0/accesstodb.tests.dll" id="9bbefb83-8311-6e03-307f-415e3495e223">
      <Execution id="28230e8f-145e-4f3f-a093-854015e0de1c" />
      <TestMethod codeBase="/mnt/c/Users/alena/Desktop/7_sem/testing_and_debugging/SkiResort/AccessToDB.Tests/bin/Debug/net6.0/AccessToDB.Tests.dll" adapterTypeName="executor://xunit/VsTestRunner2/netcoreapp" className="AccessToDB.Tests.SlopesRepositoryTests" name="TestGetSlopesAsyncEmpty" />
    </UnitTest>
    <UnitTest name="AccessToDB.Tests.LiftsRepositoryTests.TestAddLiftAutoIncrementAsyncOk" storage="/mnt/c/users/alena/desktop/7_sem/testing_and_debugging/skiresort/accesstodb.tests/bin/debug/net6.0/accesstodb.tests.dll" id="ec229f70-485a-f91b-53ed-bce655f6cd58">
      <Execution id="f0934a14-fc74-49ab-a6a0-bef41d68d617" />
      <TestMethod codeBase="/mnt/c/Users/alena/Desktop/7_sem/testing_and_debugging/SkiResort/AccessToDB.Tests/bin/Debug/net6.0/AccessToDB.Tests.dll" adapterTypeName="executor://xunit/VsTestRunner2/netcoreapp" className="AccessToDB.Tests.LiftsRepositoryTests" name="TestAddLiftAutoIncrementAsyncOk" />
    </UnitTest>
    <UnitTest name="AccessToDB.Tests.TurnstilesRepositoryTests.TestGetTurnstileByIdAsyncOk(turnstile: Turnstile { TurnstileID = 47, LiftID = 225, IsOpen = True })" storage="/mnt/c/users/alena/desktop/7_sem/testing_and_debugging/skiresort/accesstodb.tests/bin/debug/net6.0/accesstodb.tests.dll" id="2651e540-5642-d654-3d6f-f8015f750e8f">
      <Execution id="ee635ea6-a3fc-459f-bbb2-0c8bd46bff20" />
      <TestMethod codeBase="/mnt/c/Users/alena/Desktop/7_sem/testing_and_debugging/SkiResort/AccessToDB.Tests/bin/Debug/net6.0/AccessToDB.Tests.dll" adapterTypeName="executor://xunit/VsTestRunner2/netcoreapp" className="AccessToDB.Tests.TurnstilesRepositoryTests" name="TestGetTurnstileByIdAsyncOk" />
    </UnitTest>
    <UnitTest name="AccessToDB.Tests.UsersRepositoryTests.TestAddUserAsyncFailsWhenUserIdRepeats(user: User { UserID = 238, CardID = 92, UserEmail = UserEmail9ecefba0-2e66-4e9c-9398-2a319df3de2e, Password = passworde2a6e2bf-3fdf-49e0-bf5c-1f033581b86f, Permissions = UNAUTHORIZED })" storage="/mnt/c/users/alena/desktop/7_sem/testing_and_debugging/skiresort/accesstodb.tests/bin/debug/net6.0/accesstodb.tests.dll" id="249a2d39-7608-cd38-7813-1a8d6ac7f80e">
      <Execution id="b7da7b46-7090-4655-988c-064c0fd3176e" />
      <TestMethod codeBase="/mnt/c/Users/alena/Desktop/7_sem/testing_and_debugging/SkiResort/AccessToDB.Tests/bin/Debug/net6.0/AccessToDB.Tests.dll" adapterTypeName="executor://xunit/VsTestRunner2/netcoreapp" className="AccessToDB.Tests.UsersRepositoryTests" name="TestAddUserAsyncFailsWhenUserIdRepeats" />
    </UnitTest>
    <UnitTest name="AccessToDB.Tests.TurnstilesRepositoryTests.TestGetTurnstilesAsyncEmpty" storage="/mnt/c/users/alena/desktop/7_sem/testing_and_debugging/skiresort/accesstodb.tests/bin/debug/net6.0/accesstodb.tests.dll" id="3c521313-4ed6-6bce-b4f9-c359411028e7">
      <Execution id="89c5c76f-835c-4225-997c-d2c8d1870052" />
      <TestMethod codeBase="/mnt/c/Users/alena/Desktop/7_sem/testing_and_debugging/SkiResort/AccessToDB.Tests/bin/Debug/net6.0/AccessToDB.Tests.dll" adapterTypeName="executor://xunit/VsTestRunner2/netcoreapp" className="AccessToDB.Tests.TurnstilesRepositoryTests" name="TestGetTurnstilesAsyncEmpty" />
    </UnitTest>
    <UnitTest name="AccessToDB.Tests.LiftsRepositoryTests.TestUpdateLiftByIDAsyncOk(lift: Lift { LiftID = 27, LiftName = liftName5b9ebe35-0f86-4710-85de-53d564ddc6ea, IsOpen = True, SeatsAmount = 10, LiftingTime = 191, QueueTime = 246, ConnectedSlopes =  })" storage="/mnt/c/users/alena/desktop/7_sem/testing_and_debugging/skiresort/accesstodb.tests/bin/debug/net6.0/accesstodb.tests.dll" id="78669dde-17ad-6a93-2e2d-0764f1b4b8fb">
      <Execution id="60efa1a7-2376-4c50-9a56-e4e5b962579e" />
      <TestMethod codeBase="/mnt/c/Users/alena/Desktop/7_sem/testing_and_debugging/SkiResort/AccessToDB.Tests/bin/Debug/net6.0/AccessToDB.Tests.dll" adapterTypeName="executor://xunit/VsTestRunner2/netcoreapp" className="AccessToDB.Tests.LiftsRepositoryTests" name="TestUpdateLiftByIDAsyncOk" />
    </UnitTest>
    <UnitTest name="AccessToDB.Tests.LiftsSlopesRepositoryTests.TestGetLiftsBySlopeIdAsyncOk(slope1: Slope { SlopeID = 1, SlopeName = slopeName557a32df-8e34-4f4a-8ed1-914515bbdb16, IsOpen = True, DifficultyLevel = 103, ConnectedLifts =  }, slope2: Slope { SlopeID = 139, SlopeName = slopeNameaee2b694-cfd1-4f51-b31f-2a4d2077aa55, IsOpen = False, DifficultyLevel = 115, ConnectedLifts =  }, lift1: Lift { LiftID = 133, LiftName = liftName72454a09-6f3b-43ef-b88d-b30..." storage="/mnt/c/users/alena/desktop/7_sem/testing_and_debugging/skiresort/accesstodb.tests/bin/debug/net6.0/accesstodb.tests.dll" id="df358da5-0ab1-e855-5d12-9c8d70d3135c">
      <Execution id="3885772a-760d-4c55-8863-deae7908981d" />
      <TestMethod codeBase="/mnt/c/Users/alena/Desktop/7_sem/testing_and_debugging/SkiResort/AccessToDB.Tests/bin/Debug/net6.0/AccessToDB.Tests.dll" adapterTypeName="executor://xunit/VsTestRunner2/netcoreapp" className="AccessToDB.Tests.LiftsSlopesRepositoryTests" name="TestGetLiftsBySlopeIdAsyncOk" />
    </UnitTest>
    <UnitTest name="AccessToDB.Tests.TurnstilesRepositoryTests.TestUpdateTurnstileByIDAsyncOk(turnstile: Turnstile { TurnstileID = 204, LiftID = 57, IsOpen = True })" storage="/mnt/c/users/alena/desktop/7_sem/testing_and_debugging/skiresort/accesstodb.tests/bin/debug/net6.0/accesstodb.tests.dll" id="b0ab7d56-371f-4a09-a604-4e76fb2e46e1">
      <Execution id="c5515ad4-9220-45ad-b817-228202860186" />
      <TestMethod codeBase="/mnt/c/Users/alena/Desktop/7_sem/testing_and_debugging/SkiResort/AccessToDB.Tests/bin/Debug/net6.0/AccessToDB.Tests.dll" adapterTypeName="executor://xunit/VsTestRunner2/netcoreapp" className="AccessToDB.Tests.TurnstilesRepositoryTests" name="TestUpdateTurnstileByIDAsyncOk" />
    </UnitTest>
    <UnitTest name="AccessToDB.Tests.LiftsSlopesRepositoryTests.TestAddLiftSlopeAutoIncrementAsyncOk" storage="/mnt/c/users/alena/desktop/7_sem/testing_and_debugging/skiresort/accesstodb.tests/bin/debug/net6.0/accesstodb.tests.dll" id="30f8e924-9784-0a43-e807-094f70e06567">
      <Execution id="b78281ef-0e22-41d9-8f4a-df75cd874285" />
      <TestMethod codeBase="/mnt/c/Users/alena/Desktop/7_sem/testing_and_debugging/SkiResort/AccessToDB.Tests/bin/Debug/net6.0/AccessToDB.Tests.dll" adapterTypeName="executor://xunit/VsTestRunner2/netcoreapp" className="AccessToDB.Tests.LiftsSlopesRepositoryTests" name="TestAddLiftSlopeAutoIncrementAsyncOk" />
    </UnitTest>
    <UnitTest name="AccessToDB.Tests.LiftsRepositoryTests.TestGetLiftByIdAsyncOk(lift: Lift { LiftID = 200, LiftName = liftName32ef295e-eb87-4768-8281-fc35ac89f026, IsOpen = True, SeatsAmount = 239, LiftingTime = 198, QueueTime = 71, ConnectedSlopes =  })" storage="/mnt/c/users/alena/desktop/7_sem/testing_and_debugging/skiresort/accesstodb.tests/bin/debug/net6.0/accesstodb.tests.dll" id="88ddee78-3537-94ba-6f38-ac2dc93e6d2e">
      <Execution id="8926f493-0a69-423d-a8e9-9774273f21fa" />
      <TestMethod codeBase="/mnt/c/Users/alena/Desktop/7_sem/testing_and_debugging/SkiResort/AccessToDB.Tests/bin/Debug/net6.0/AccessToDB.Tests.dll" adapterTypeName="executor://xunit/VsTestRunner2/netcoreapp" className="AccessToDB.Tests.LiftsRepositoryTests" name="TestGetLiftByIdAsyncOk" />
    </UnitTest>
    <UnitTest name="AccessToDB.Tests.LiftsSlopesRepositoryTests.TestUpdateLiftSlopeByIDAsyncOk(liftSlope: LiftSlope { RecordID = 17, LiftID = 214, SlopeID = 61 })" storage="/mnt/c/users/alena/desktop/7_sem/testing_and_debugging/skiresort/accesstodb.tests/bin/debug/net6.0/accesstodb.tests.dll" id="b8f3b9d6-1b12-dec8-7dfe-5cea61133e7a">
      <Execution id="4136e4b5-5a5a-49a1-929d-1fbc436d26ea" />
      <TestMethod codeBase="/mnt/c/Users/alena/Desktop/7_sem/testing_and_debugging/SkiResort/AccessToDB.Tests/bin/Debug/net6.0/AccessToDB.Tests.dll" adapterTypeName="executor://xunit/VsTestRunner2/netcoreapp" className="AccessToDB.Tests.LiftsSlopesRepositoryTests" name="TestUpdateLiftSlopeByIDAsyncOk" />
    </UnitTest>
    <UnitTest name="AccessToDB.Tests.LiftsRepositoryTests.TestGetLiftByNameAsyncFailsWhenNameNotExists(liftName: &quot;liftName7f9f23d8-23b4-487d-a848-58dfa6267712&quot;)" storage="/mnt/c/users/alena/desktop/7_sem/testing_and_debugging/skiresort/accesstodb.tests/bin/debug/net6.0/accesstodb.tests.dll" id="d7b48015-3d5c-5553-6e4a-7726bdcd8695">
      <Execution id="986e16ee-00dd-457b-8623-988c290812bd" />
      <TestMethod codeBase="/mnt/c/Users/alena/Desktop/7_sem/testing_and_debugging/SkiResort/AccessToDB.Tests/bin/Debug/net6.0/AccessToDB.Tests.dll" adapterTypeName="executor://xunit/VsTestRunner2/netcoreapp" className="AccessToDB.Tests.LiftsRepositoryTests" name="TestGetLiftByNameAsyncFailsWhenNameNotExists" />
    </UnitTest>
    <UnitTest name="AccessToDB.Tests.LiftsSlopesRepositoryTests.TestAddLiftSlopeAsyncFailsWhenLiftSlopeIdRepeats(liftSlope: LiftSlope { RecordID = 189, LiftID = 110, SlopeID = 169 })" storage="/mnt/c/users/alena/desktop/7_sem/testing_and_debugging/skiresort/accesstodb.tests/bin/debug/net6.0/accesstodb.tests.dll" id="a58dd32d-8797-f03d-3e64-05ffec8994ec">
      <Execution id="ff92a974-c71d-4a9d-a62e-88221047c988" />
      <TestMethod codeBase="/mnt/c/Users/alena/Desktop/7_sem/testing_and_debugging/SkiResort/AccessToDB.Tests/bin/Debug/net6.0/AccessToDB.Tests.dll" adapterTypeName="executor://xunit/VsTestRunner2/netcoreapp" className="AccessToDB.Tests.LiftsSlopesRepositoryTests" name="TestAddLiftSlopeAsyncFailsWhenLiftSlopeIdRepeats" />
    </UnitTest>
    <UnitTest name="AccessToDB.Tests.SlopesRepositoryTests.TestUpdateSlopeByIDAsyncOk(slope: Slope { SlopeID = 171, SlopeName = slopeNamef2d39b67-d9a3-47c7-826a-9edf88317315, IsOpen = True, DifficultyLevel = 69, ConnectedLifts =  })" storage="/mnt/c/users/alena/desktop/7_sem/testing_and_debugging/skiresort/accesstodb.tests/bin/debug/net6.0/accesstodb.tests.dll" id="5ccf7435-0317-ec5d-a371-7d1603c1ad57">
      <Execution id="43040f1b-93ca-4389-90de-0ebf6d84b71c" />
      <TestMethod codeBase="/mnt/c/Users/alena/Desktop/7_sem/testing_and_debugging/SkiResort/AccessToDB.Tests/bin/Debug/net6.0/AccessToDB.Tests.dll" adapterTypeName="executor://xunit/VsTestRunner2/netcoreapp" className="AccessToDB.Tests.SlopesRepositoryTests" name="TestUpdateSlopeByIDAsyncOk" />
    </UnitTest>
    <UnitTest name="AccessToDB.Tests.UsersRepositoryTests.TestAddUserAutoIncrementAsyncOk" storage="/mnt/c/users/alena/desktop/7_sem/testing_and_debugging/skiresort/accesstodb.tests/bin/debug/net6.0/accesstodb.tests.dll" id="e75bb6e2-88d9-af2a-a444-c4a9d67f0f0e">
      <Execution id="c72dd5a4-0a9a-4dac-b7ab-9336ea13dd70" />
      <TestMethod codeBase="/mnt/c/Users/alena/Desktop/7_sem/testing_and_debugging/SkiResort/AccessToDB.Tests/bin/Debug/net6.0/AccessToDB.Tests.dll" adapterTypeName="executor://xunit/VsTestRunner2/netcoreapp" className="AccessToDB.Tests.UsersRepositoryTests" name="TestAddUserAutoIncrementAsyncOk" />
    </UnitTest>
    <UnitTest name="AccessToDB.Tests.TurnstilesRepositoryTests.TestAddTurnstileAsyncFailsWhenTurnstileIdRepeats(turnstile: Turnstile { TurnstileID = 147, LiftID = 248, IsOpen = True })" storage="/mnt/c/users/alena/desktop/7_sem/testing_and_debugging/skiresort/accesstodb.tests/bin/debug/net6.0/accesstodb.tests.dll" id="cfd7eeaf-5427-1451-61c7-0ba28e5a3abf">
      <Execution id="2fc0d5e7-5444-4824-ad2a-691b0754dd1a" />
      <TestMethod codeBase="/mnt/c/Users/alena/Desktop/7_sem/testing_and_debugging/SkiResort/AccessToDB.Tests/bin/Debug/net6.0/AccessToDB.Tests.dll" adapterTypeName="executor://xunit/VsTestRunner2/netcoreapp" className="AccessToDB.Tests.TurnstilesRepositoryTests" name="TestAddTurnstileAsyncFailsWhenTurnstileIdRepeats" />
    </UnitTest>
    <UnitTest name="AccessToDB.Tests.SlopesRepositoryTests.TestAddSlopeAutoIncrementAsyncOk" storage="/mnt/c/users/alena/desktop/7_sem/testing_and_debugging/skiresort/accesstodb.tests/bin/debug/net6.0/accesstodb.tests.dll" id="8f7ba917-f771-0dc5-f9b9-465c34344b12">
      <Execution id="09ce5847-6b94-423e-80cb-07780d191f7a" />
      <TestMethod codeBase="/mnt/c/Users/alena/Desktop/7_sem/testing_and_debugging/SkiResort/AccessToDB.Tests/bin/Debug/net6.0/AccessToDB.Tests.dll" adapterTypeName="executor://xunit/VsTestRunner2/netcoreapp" className="AccessToDB.Tests.SlopesRepositoryTests" name="TestAddSlopeAutoIncrementAsyncOk" />
    </UnitTest>
    <UnitTest name="AccessToDB.Tests.TurnstilesRepositoryTests.TestGetTurnstilesByLiftIdAsyncOk(liftID: 40)" storage="/mnt/c/users/alena/desktop/7_sem/testing_and_debugging/skiresort/accesstodb.tests/bin/debug/net6.0/accesstodb.tests.dll" id="76ca2d63-a3d4-9ddc-907c-c292379a5c01">
      <Execution id="eb8cc439-42b0-4fa2-9790-a174ff303d5b" />
      <TestMethod codeBase="/mnt/c/Users/alena/Desktop/7_sem/testing_and_debugging/SkiResort/AccessToDB.Tests/bin/Debug/net6.0/AccessToDB.Tests.dll" adapterTypeName="executor://xunit/VsTestRunner2/netcoreapp" className="AccessToDB.Tests.TurnstilesRepositoryTests" name="TestGetTurnstilesByLiftIdAsyncOk" />
    </UnitTest>
    <UnitTest name="AccessToDB.Tests.LiftsRepositoryTests.TestAddLiftAsyncFailsWhenLiftIdRepeats(lift: Lift { LiftID = 110, LiftName = liftName6fd41a83-2779-44d5-92a2-e046a8ec6537, IsOpen = True, SeatsAmount = 117, LiftingTime = 5, QueueTime = 198, ConnectedSlopes =  })" storage="/mnt/c/users/alena/desktop/7_sem/testing_and_debugging/skiresort/accesstodb.tests/bin/debug/net6.0/accesstodb.tests.dll" id="2212b311-e2b1-b790-f66a-e42ee52d7ef5">
      <Execution id="d6124443-c8f2-4266-9e3a-3da5ae34241f" />
      <TestMethod codeBase="/mnt/c/Users/alena/Desktop/7_sem/testing_and_debugging/SkiResort/AccessToDB.Tests/bin/Debug/net6.0/AccessToDB.Tests.dll" adapterTypeName="executor://xunit/VsTestRunner2/netcoreapp" className="AccessToDB.Tests.LiftsRepositoryTests" name="TestAddLiftAsyncFailsWhenLiftIdRepeats" />
    </UnitTest>
    <UnitTest name="AccessToDB.Tests.SlopesRepositoryTests.TestGetSlopeByIdAsyncOk(slope: Slope { SlopeID = 194, SlopeName = slopeName65d28c32-751d-469c-9d6d-d1d1517ede7f, IsOpen = True, DifficultyLevel = 178, ConnectedLifts =  })" storage="/mnt/c/users/alena/desktop/7_sem/testing_and_debugging/skiresort/accesstodb.tests/bin/debug/net6.0/accesstodb.tests.dll" id="474fcb5c-4447-3cc4-5017-3e3e29ea35a7">
      <Execution id="ac490182-ce56-4daf-8dd1-cd30e1bfbb37" />
      <TestMethod codeBase="/mnt/c/Users/alena/Desktop/7_sem/testing_and_debugging/SkiResort/AccessToDB.Tests/bin/Debug/net6.0/AccessToDB.Tests.dll" adapterTypeName="executor://xunit/VsTestRunner2/netcoreapp" className="AccessToDB.Tests.SlopesRepositoryTests" name="TestGetSlopeByIdAsyncOk" />
    </UnitTest>
    <UnitTest name="AccessToDB.Tests.SlopesRepositoryTests.TestAddSlopeAsyncFailsWhenSlopeIdRepeats(slope: Slope { SlopeID = 169, SlopeName = slopeName0c94970a-1ff4-4f69-9aa5-5c5c2feab79e, IsOpen = True, DifficultyLevel = 85, ConnectedLifts =  })" storage="/mnt/c/users/alena/desktop/7_sem/testing_and_debugging/skiresort/accesstodb.tests/bin/debug/net6.0/accesstodb.tests.dll" id="c65e062a-6fea-dde6-511d-19f0faa8ed36">
      <Execution id="062aad7c-2c45-4e26-891c-186d2c7f9557" />
      <TestMethod codeBase="/mnt/c/Users/alena/Desktop/7_sem/testing_and_debugging/SkiResort/AccessToDB.Tests/bin/Debug/net6.0/AccessToDB.Tests.dll" adapterTypeName="executor://xunit/VsTestRunner2/netcoreapp" className="AccessToDB.Tests.SlopesRepositoryTests" name="TestAddSlopeAsyncFailsWhenSlopeIdRepeats" />
    </UnitTest>
    <UnitTest name="AccessToDB.Tests.LiftsSlopesRepositoryTests.TestGetLiftSlopeByIdAsyncOk(liftSlope: LiftSlope { RecordID = 63, LiftID = 134, SlopeID = 115 })" storage="/mnt/c/users/alena/desktop/7_sem/testing_and_debugging/skiresort/accesstodb.tests/bin/debug/net6.0/accesstodb.tests.dll" id="29c6b7bb-f61d-9c55-703b-7c86ca0f0189">
      <Execution id="bc151a8e-6f14-4fa0-9966-c069b16f22f7" />
      <TestMethod codeBase="/mnt/c/Users/alena/Desktop/7_sem/testing_and_debugging/SkiResort/AccessToDB.Tests/bin/Debug/net6.0/AccessToDB.Tests.dll" adapterTypeName="executor://xunit/VsTestRunner2/netcoreapp" className="AccessToDB.Tests.LiftsSlopesRepositoryTests" name="TestGetLiftSlopeByIdAsyncOk" />
    </UnitTest>
    <UnitTest name="AccessToDB.Tests.UsersRepositoryTests.TestCheckUserEmailExistsAsyncFalse(userEmail: &quot;userEmaila97693a7-b083-473d-8ce5-4d30351a2f35&quot;)" storage="/mnt/c/users/alena/desktop/7_sem/testing_and_debugging/skiresort/accesstodb.tests/bin/debug/net6.0/accesstodb.tests.dll" id="152c56d2-0b4b-9235-130b-cac19abd8207">
      <Execution id="3a241ae3-897b-4d2d-96b6-f0cb266748b7" />
      <TestMethod codeBase="/mnt/c/Users/alena/Desktop/7_sem/testing_and_debugging/SkiResort/AccessToDB.Tests/bin/Debug/net6.0/AccessToDB.Tests.dll" adapterTypeName="executor://xunit/VsTestRunner2/netcoreapp" className="AccessToDB.Tests.UsersRepositoryTests" name="TestCheckUserEmailExistsAsyncFalse" />
    </UnitTest>
    <UnitTest name="AccessToDB.Tests.UsersRepositoryTests.TestGetUserByEmailAsyncFailsWhenEmailNotExists(email: &quot;email7bc3e1e1-fd1a-4eb8-be16-66f52fa598be&quot;)" storage="/mnt/c/users/alena/desktop/7_sem/testing_and_debugging/skiresort/accesstodb.tests/bin/debug/net6.0/accesstodb.tests.dll" id="3cdfc48f-a286-b50f-fabc-a31b5280cb7b">
      <Execution id="d44412b7-0d22-4788-855b-1ed9ff4b07c4" />
      <TestMethod codeBase="/mnt/c/Users/alena/Desktop/7_sem/testing_and_debugging/SkiResort/AccessToDB.Tests/bin/Debug/net6.0/AccessToDB.Tests.dll" adapterTypeName="executor://xunit/VsTestRunner2/netcoreapp" className="AccessToDB.Tests.UsersRepositoryTests" name="TestGetUserByEmailAsyncFailsWhenEmailNotExists" />
    </UnitTest>
    <UnitTest name="AccessToDB.Tests.LiftsRepositoryTests.TestGetLiftsAsyncEmpty" storage="/mnt/c/users/alena/desktop/7_sem/testing_and_debugging/skiresort/accesstodb.tests/bin/debug/net6.0/accesstodb.tests.dll" id="607e8298-f113-be33-300e-15a343893443">
      <Execution id="54d80867-938d-42d3-95f6-ff1598b4fe33" />
      <TestMethod codeBase="/mnt/c/Users/alena/Desktop/7_sem/testing_and_debugging/SkiResort/AccessToDB.Tests/bin/Debug/net6.0/AccessToDB.Tests.dll" adapterTypeName="executor://xunit/VsTestRunner2/netcoreapp" className="AccessToDB.Tests.LiftsRepositoryTests" name="TestGetLiftsAsyncEmpty" />
    </UnitTest>
    <UnitTest name="AccessToDB.Tests.SlopesRepositoryTests.TestGetSlopeByNameAsyncFailsWhenNameNotExists(slopeName: &quot;slopeNamef2e0f318-8020-4edb-92bc-47b37036aae1&quot;)" storage="/mnt/c/users/alena/desktop/7_sem/testing_and_debugging/skiresort/accesstodb.tests/bin/debug/net6.0/accesstodb.tests.dll" id="1041572c-aeb8-3f8c-5f19-3e77ce897c81">
      <Execution id="bbb77809-a5d3-41cc-9939-e7cbbb8a071f" />
      <TestMethod codeBase="/mnt/c/Users/alena/Desktop/7_sem/testing_and_debugging/SkiResort/AccessToDB.Tests/bin/Debug/net6.0/AccessToDB.Tests.dll" adapterTypeName="executor://xunit/VsTestRunner2/netcoreapp" className="AccessToDB.Tests.SlopesRepositoryTests" name="TestGetSlopeByNameAsyncFailsWhenNameNotExists" />
    </UnitTest>
    <UnitTest name="AccessToDB.Tests.LiftsRepositoryTests.TestDeleteLiftByIDAsyncFailsWhenIDNotExists(liftID: 208)" storage="/mnt/c/users/alena/desktop/7_sem/testing_and_debugging/skiresort/accesstodb.tests/bin/debug/net6.0/accesstodb.tests.dll" id="0880a4a6-a0e6-3f57-9783-79baef5ef75d">
      <Execution id="784fe8e2-b1e1-43cf-bee4-6a63d4d198bd" />
      <TestMethod codeBase="/mnt/c/Users/alena/Desktop/7_sem/testing_and_debugging/SkiResort/AccessToDB.Tests/bin/Debug/net6.0/AccessToDB.Tests.dll" adapterTypeName="executor://xunit/VsTestRunner2/netcoreapp" className="AccessToDB.Tests.LiftsRepositoryTests" name="TestDeleteLiftByIDAsyncFailsWhenIDNotExists" />
    </UnitTest>
    <UnitTest name="AccessToDB.Tests.TurnstilesRepositoryTests.TestDeleteTurnstileByIDAsyncFailsWhenIDNotExists(turnstileID: 171)" storage="/mnt/c/users/alena/desktop/7_sem/testing_and_debugging/skiresort/accesstodb.tests/bin/debug/net6.0/accesstodb.tests.dll" id="46914a5c-eba6-5867-0978-46f6eb05f635">
      <Execution id="15291fae-98ea-4bf8-9d4b-a7d4378df7d5" />
      <TestMethod codeBase="/mnt/c/Users/alena/Desktop/7_sem/testing_and_debugging/SkiResort/AccessToDB.Tests/bin/Debug/net6.0/AccessToDB.Tests.dll" adapterTypeName="executor://xunit/VsTestRunner2/netcoreapp" className="AccessToDB.Tests.TurnstilesRepositoryTests" name="TestDeleteTurnstileByIDAsyncFailsWhenIDNotExists" />
    </UnitTest>
  </TestDefinitions>
  <TestEntries>
    <TestEntry testId="249a2d39-7608-cd38-7813-1a8d6ac7f80e" executionId="b7da7b46-7090-4655-988c-064c0fd3176e" testListId="8c84fa94-04c1-424b-9868-57a2d4851a1d" />
    <TestEntry testId="8f7ba917-f771-0dc5-f9b9-465c34344b12" executionId="09ce5847-6b94-423e-80cb-07780d191f7a" testListId="8c84fa94-04c1-424b-9868-57a2d4851a1d" />
    <TestEntry testId="549ace80-21be-663e-17c7-ea036ad40882" executionId="1fd0964b-7b84-49e8-87ce-7936aaf1146c" testListId="8c84fa94-04c1-424b-9868-57a2d4851a1d" />
    <TestEntry testId="a58dd32d-8797-f03d-3e64-05ffec8994ec" executionId="ff92a974-c71d-4a9d-a62e-88221047c988" testListId="8c84fa94-04c1-424b-9868-57a2d4851a1d" />
    <TestEntry testId="474fcb5c-4447-3cc4-5017-3e3e29ea35a7" executionId="ac490182-ce56-4daf-8dd1-cd30e1bfbb37" testListId="8c84fa94-04c1-424b-9868-57a2d4851a1d" />
    <TestEntry testId="d40b3e62-d07a-0e45-e2e4-4cefb64e38c5" executionId="7e1b283c-7897-4945-87b1-3072341ab9d7" testListId="8c84fa94-04c1-424b-9868-57a2d4851a1d" />
    <TestEntry testId="76ca2d63-a3d4-9ddc-907c-c292379a5c01" executionId="eb8cc439-42b0-4fa2-9790-a174ff303d5b" testListId="8c84fa94-04c1-424b-9868-57a2d4851a1d" />
    <TestEntry testId="30f8e924-9784-0a43-e807-094f70e06567" executionId="b78281ef-0e22-41d9-8f4a-df75cd874285" testListId="8c84fa94-04c1-424b-9868-57a2d4851a1d" />
    <TestEntry testId="46914a5c-eba6-5867-0978-46f6eb05f635" executionId="15291fae-98ea-4bf8-9d4b-a7d4378df7d5" testListId="8c84fa94-04c1-424b-9868-57a2d4851a1d" />
    <TestEntry testId="152c56d2-0b4b-9235-130b-cac19abd8207" executionId="3a241ae3-897b-4d2d-96b6-f0cb266748b7" testListId="8c84fa94-04c1-424b-9868-57a2d4851a1d" />
    <TestEntry testId="3741b26d-6ee0-6246-29e4-92009bff37b0" executionId="1d956069-fba3-4000-a294-6d9258990f3d" testListId="8c84fa94-04c1-424b-9868-57a2d4851a1d" />
    <TestEntry testId="2212b311-e2b1-b790-f66a-e42ee52d7ef5" executionId="d6124443-c8f2-4266-9e3a-3da5ae34241f" testListId="8c84fa94-04c1-424b-9868-57a2d4851a1d" />
    <TestEntry testId="4145f44e-b4b1-a618-09e8-c631496e6f1a" executionId="fba57b27-8b9e-4308-8238-7b993a83819b" testListId="8c84fa94-04c1-424b-9868-57a2d4851a1d" />
    <TestEntry testId="f9435956-2e34-e52b-c34e-dce53665cf8e" executionId="95327c6f-452c-4004-85b2-ee9d0a0b8a60" testListId="8c84fa94-04c1-424b-9868-57a2d4851a1d" />
    <TestEntry testId="3cdfc48f-a286-b50f-fabc-a31b5280cb7b" executionId="d44412b7-0d22-4788-855b-1ed9ff4b07c4" testListId="8c84fa94-04c1-424b-9868-57a2d4851a1d" />
    <TestEntry testId="5ccf7435-0317-ec5d-a371-7d1603c1ad57" executionId="43040f1b-93ca-4389-90de-0ebf6d84b71c" testListId="8c84fa94-04c1-424b-9868-57a2d4851a1d" />
    <TestEntry testId="960d8871-1f0d-8351-12ae-692deffda21d" executionId="c3a981d3-f2bc-48b5-bad6-0f7a78de7b86" testListId="8c84fa94-04c1-424b-9868-57a2d4851a1d" />
    <TestEntry testId="df358da5-0ab1-e855-5d12-9c8d70d3135c" executionId="3885772a-760d-4c55-8863-deae7908981d" testListId="8c84fa94-04c1-424b-9868-57a2d4851a1d" />
    <TestEntry testId="84d3f04a-6873-38a9-7687-370a6882b8b3" executionId="8ec8a770-2a1b-44a3-bcaa-d6a6ee966835" testListId="8c84fa94-04c1-424b-9868-57a2d4851a1d" />
    <TestEntry testId="2651e540-5642-d654-3d6f-f8015f750e8f" executionId="ee635ea6-a3fc-459f-bbb2-0c8bd46bff20" testListId="8c84fa94-04c1-424b-9868-57a2d4851a1d" />
    <TestEntry testId="35a1cb50-92cf-e977-c4f9-cd91d22c4f17" executionId="50d91379-3c0e-4281-b81b-8a6fa8762469" testListId="8c84fa94-04c1-424b-9868-57a2d4851a1d" />
    <TestEntry testId="b0ab7d56-371f-4a09-a604-4e76fb2e46e1" executionId="c5515ad4-9220-45ad-b817-228202860186" testListId="8c84fa94-04c1-424b-9868-57a2d4851a1d" />
    <TestEntry testId="1041572c-aeb8-3f8c-5f19-3e77ce897c81" executionId="bbb77809-a5d3-41cc-9939-e7cbbb8a071f" testListId="8c84fa94-04c1-424b-9868-57a2d4851a1d" />
    <TestEntry testId="c65e062a-6fea-dde6-511d-19f0faa8ed36" executionId="062aad7c-2c45-4e26-891c-186d2c7f9557" testListId="8c84fa94-04c1-424b-9868-57a2d4851a1d" />
    <TestEntry testId="3c521313-4ed6-6bce-b4f9-c359411028e7" executionId="89c5c76f-835c-4225-997c-d2c8d1870052" testListId="8c84fa94-04c1-424b-9868-57a2d4851a1d" />
    <TestEntry testId="0880a4a6-a0e6-3f57-9783-79baef5ef75d" executionId="784fe8e2-b1e1-43cf-bee4-6a63d4d198bd" testListId="8c84fa94-04c1-424b-9868-57a2d4851a1d" />
    <TestEntry testId="78669dde-17ad-6a93-2e2d-0764f1b4b8fb" executionId="60efa1a7-2376-4c50-9a56-e4e5b962579e" testListId="8c84fa94-04c1-424b-9868-57a2d4851a1d" />
    <TestEntry testId="607e8298-f113-be33-300e-15a343893443" executionId="54d80867-938d-42d3-95f6-ff1598b4fe33" testListId="8c84fa94-04c1-424b-9868-57a2d4851a1d" />
    <TestEntry testId="29c6b7bb-f61d-9c55-703b-7c86ca0f0189" executionId="bc151a8e-6f14-4fa0-9966-c069b16f22f7" testListId="8c84fa94-04c1-424b-9868-57a2d4851a1d" />
    <TestEntry testId="b8f3b9d6-1b12-dec8-7dfe-5cea61133e7a" executionId="4136e4b5-5a5a-49a1-929d-1fbc436d26ea" testListId="8c84fa94-04c1-424b-9868-57a2d4851a1d" />
    <TestEntry testId="ec229f70-485a-f91b-53ed-bce655f6cd58" executionId="f0934a14-fc74-49ab-a6a0-bef41d68d617" testListId="8c84fa94-04c1-424b-9868-57a2d4851a1d" />
    <TestEntry testId="8ea58076-1fae-7bc3-0162-34a45fb33a11" executionId="82430994-8e52-4b7e-a787-659ebc50dcdc" testListId="8c84fa94-04c1-424b-9868-57a2d4851a1d" />
    <TestEntry testId="e75bb6e2-88d9-af2a-a444-c4a9d67f0f0e" executionId="c72dd5a4-0a9a-4dac-b7ab-9336ea13dd70" testListId="8c84fa94-04c1-424b-9868-57a2d4851a1d" />
    <TestEntry testId="d7b48015-3d5c-5553-6e4a-7726bdcd8695" executionId="986e16ee-00dd-457b-8623-988c290812bd" testListId="8c84fa94-04c1-424b-9868-57a2d4851a1d" />
    <TestEntry testId="83e06a31-ab10-4c6d-7b63-b016d596fa41" executionId="933fefcd-9456-4d51-9e04-2c6b36dbe6b5" testListId="8c84fa94-04c1-424b-9868-57a2d4851a1d" />
    <TestEntry testId="cfd7eeaf-5427-1451-61c7-0ba28e5a3abf" executionId="2fc0d5e7-5444-4824-ad2a-691b0754dd1a" testListId="8c84fa94-04c1-424b-9868-57a2d4851a1d" />
    <TestEntry testId="9bbefb83-8311-6e03-307f-415e3495e223" executionId="28230e8f-145e-4f3f-a093-854015e0de1c" testListId="8c84fa94-04c1-424b-9868-57a2d4851a1d" />
    <TestEntry testId="88ddee78-3537-94ba-6f38-ac2dc93e6d2e" executionId="8926f493-0a69-423d-a8e9-9774273f21fa" testListId="8c84fa94-04c1-424b-9868-57a2d4851a1d" />
    <TestEntry testId="09087f60-0c47-c381-e683-8db3ea66882c" executionId="28bc9b4f-5d1e-4eb0-9b28-cb50c8167c26" testListId="8c84fa94-04c1-424b-9868-57a2d4851a1d" />
  </TestEntries>
  <TestLists>
    <TestList name="Results Not in a List" id="8c84fa94-04c1-424b-9868-57a2d4851a1d" />
    <TestList name="All Loaded Results" id="19431567-8539-422a-85d7-44ee4e166bda" />
  </TestLists>
  <ResultSummary outcome="Completed">
    <Counters total="39" executed="39" passed="39" failed="0" error="0" timeout="0" aborted="0" inconclusive="0" passedButRunAborted="0" notRunnable="0" notExecuted="0" disconnected="0" warning="0" completed="0" inProgress="0" pending="0" />
    <Output>
      <StdOut>[xUnit.net 00:00:00.00] xUnit.net VSTest Adapter v2.4.5+1caef2f33e (64-bit .NET 6.0.10)
[xUnit.net 00:00:00.95]   Discovering: AccessToDB.Tests
[xUnit.net 00:00:01.08]   Discovered:  AccessToDB.Tests
[xUnit.net 00:00:01.09]   Starting:    AccessToDB.Tests
[xUnit.net 00:00:17.04]   Finished:    AccessToDB.Tests
</StdOut>
    </Output>
  </ResultSummary>
</TestRun>