<?xml version="1.0" encoding="utf-8"?>
<TestRun id="3b1477e4-c616-4050-9e38-ad8749b6d79d" name="@DESKTOP-TJ9D65N 2022-10-21 17:10:55" xmlns="http://microsoft.com/schemas/VisualStudio/TeamTest/2010">
  <Times creation="2022-10-21T17:10:55.8154523+03:00" queuing="2022-10-21T17:10:55.8154524+03:00" start="2022-10-21T17:10:51.8813440+03:00" finish="2022-10-21T17:11:09.7579917+03:00" />
  <TestSettings name="default" id="7107d084-bb49-43c3-a2cc-83464d679a3c">
    <Deployment runDeploymentRoot="_DESKTOP-TJ9D65N_2022-10-21_17_10_55" />
  </TestSettings>
  <Results>
    <UnitTestResult executionId="ee403e5f-4516-4d9f-be14-3f831afc7a0d" testId="cc005186-4d9a-1ccc-826e-b6023ac02cfa" testName="AccessToDB.Tests.UsersRepositoryTests.TestDeleteUserByIDAsyncFailsWhenIDNotExists(userID: 71)" computerName="DESKTOP-TJ9D65N" duration="00:00:00.3598809" startTime="2022-10-21T17:11:06.1037266+03:00" endTime="2022-10-21T17:11:06.1037267+03:00" testType="13cdc9d9-ddb5-4fa4-a97d-d965ccfc6d4b" outcome="Passed" testListId="8c84fa94-04c1-424b-9868-57a2d4851a1d" relativeResultsDirectory="ee403e5f-4516-4d9f-be14-3f831afc7a0d" />
    <UnitTestResult executionId="6200985a-5192-42d6-8f0a-a899615d80cf" testId="4145f44e-b4b1-a618-09e8-c631496e6f1a" testName="AccessToDB.Tests.LiftsSlopesRepositoryTests.TestGetLiftSlopesAsyncEmpty" computerName="DESKTOP-TJ9D65N" duration="00:00:00.3584833" startTime="2022-10-21T17:10:57.4468202+03:00" endTime="2022-10-21T17:10:57.4468204+03:00" testType="13cdc9d9-ddb5-4fa4-a97d-d965ccfc6d4b" outcome="Passed" testListId="8c84fa94-04c1-424b-9868-57a2d4851a1d" relativeResultsDirectory="6200985a-5192-42d6-8f0a-a899615d80cf" />
    <UnitTestResult executionId="3eb59e92-1c6e-4f21-baf2-ab02297d898f" testId="7ae34d65-d56a-370d-1f78-ae07eb8e5288" testName="AccessToDB.Tests.TurnstilesRepositoryTests.TestGetTurnstilesByLiftIdAsyncOk(liftID: 78)" computerName="DESKTOP-TJ9D65N" duration="00:00:00.4835050" startTime="2022-10-21T17:10:59.5161564+03:00" endTime="2022-10-21T17:10:59.5161565+03:00" testType="13cdc9d9-ddb5-4fa4-a97d-d965ccfc6d4b" outcome="Passed" testListId="8c84fa94-04c1-424b-9868-57a2d4851a1d" relativeResultsDirectory="3eb59e92-1c6e-4f21-baf2-ab02297d898f" />
    <UnitTestResult executionId="432d9829-7fb7-4892-9077-f1bc5ba94072" testId="58b187be-84da-447c-f428-83086f20e71f" testName="AccessToDB.Tests.LiftsSlopesRepositoryTests.TestGetLiftsBySlopeIdAsyncOk(slope1: Slope { SlopeID = 241, SlopeName = slopeName24aec9c9-ee42-4df6-873e-58dc14fd9b38, IsOpen = True, DifficultyLevel = 135, ConnectedLifts =  }, slope2: Slope { SlopeID = 201, SlopeName = slopeNamea5dc30ae-cc81-4f94-8cc0-7484a4446def, IsOpen = False, DifficultyLevel = 39, ConnectedLifts =  }, lift1: Lift { LiftID = 21, LiftName = liftName53eafd56-b55d-4433-af6c-7aec774a6c75, IsOpen = True, SeatsAmount = 163, LiftingTime = 189, QueueTime = 22, ConnectedSlopes =  }, lift2: Lift { LiftID = 153, LiftName = liftName46473836-aebd-4057-94ad-b2d051a82493, IsOpen = False, SeatsAmount = 105, LiftingTime = 219, QueueTime = 212, ConnectedSlopes =  })" computerName="DESKTOP-TJ9D65N" duration="00:00:00.5187031" startTime="2022-10-21T17:10:54.6393788+03:00" endTime="2022-10-21T17:10:54.6394042+03:00" testType="13cdc9d9-ddb5-4fa4-a97d-d965ccfc6d4b" outcome="Passed" testListId="8c84fa94-04c1-424b-9868-57a2d4851a1d" relativeResultsDirectory="432d9829-7fb7-4892-9077-f1bc5ba94072" />
    <UnitTestResult executionId="14198830-9c7b-4c78-8af6-00defc01efe5" testId="5aef1d65-960a-002f-7bf9-7b749db63d9c" testName="AccessToDB.Tests.LiftsSlopesRepositoryTests.TestGetLiftSlopeByIdAsyncOk(liftSlope: LiftSlope { RecordID = 104, LiftID = 165, SlopeID = 203 })" computerName="DESKTOP-TJ9D65N" duration="00:00:00.3793998" startTime="2022-10-21T17:10:55.0638784+03:00" endTime="2022-10-21T17:10:55.0638785+03:00" testType="13cdc9d9-ddb5-4fa4-a97d-d965ccfc6d4b" outcome="Passed" testListId="8c84fa94-04c1-424b-9868-57a2d4851a1d" relativeResultsDirectory="14198830-9c7b-4c78-8af6-00defc01efe5" />
    <UnitTestResult executionId="777ed4b5-f196-460d-aabe-128bcb3e98f8" testId="94594bfe-2e4e-0cdf-be2e-b67800eb02c1" testName="AccessToDB.Tests.LiftsRepositoryTests.TestDeleteLiftByIDAsyncFailsWhenIDNotExists(liftID: 224)" computerName="DESKTOP-TJ9D65N" duration="00:00:00.3597439" startTime="2022-10-21T17:11:08.0986496+03:00" endTime="2022-10-21T17:11:08.0986496+03:00" testType="13cdc9d9-ddb5-4fa4-a97d-d965ccfc6d4b" outcome="Passed" testListId="8c84fa94-04c1-424b-9868-57a2d4851a1d" relativeResultsDirectory="777ed4b5-f196-460d-aabe-128bcb3e98f8" />
    <UnitTestResult executionId="eb5eafb6-8928-4590-a9d8-ef9fcd628baa" testId="69f2e0d0-92c6-9a1e-936e-d218f97a3556" testName="AccessToDB.Tests.SlopesRepositoryTests.TestAddSlopeAsyncFailsWhenSlopeIdRepeats(slope: Slope { SlopeID = 67, SlopeName = slopeName189e4e2a-0fac-4f4e-99e1-885f5e4d43b7, IsOpen = True, DifficultyLevel = 170, ConnectedLifts =  })" computerName="DESKTOP-TJ9D65N" duration="00:00:00.3903218" startTime="2022-10-21T17:11:01.5016772+03:00" endTime="2022-10-21T17:11:01.5016773+03:00" testType="13cdc9d9-ddb5-4fa4-a97d-d965ccfc6d4b" outcome="Passed" testListId="8c84fa94-04c1-424b-9868-57a2d4851a1d" relativeResultsDirectory="eb5eafb6-8928-4590-a9d8-ef9fcd628baa" />
    <UnitTestResult executionId="160c3dc4-4e0d-4c7b-bc3f-f1b43980af37" testId="d21aa68b-50ff-3e1c-69ed-f371903fed0c" testName="AccessToDB.Tests.LiftsSlopesRepositoryTests.TestGetSlopesByLiftIdAsyncFailsWhenSlopeNotExists(liftSlope: LiftSlope { RecordID = 185, LiftID = 36, SlopeID = 150 })" computerName="DESKTOP-TJ9D65N" duration="00:00:00.3793531" startTime="2022-10-21T17:10:55.4558853+03:00" endTime="2022-10-21T17:10:55.4558855+03:00" testType="13cdc9d9-ddb5-4fa4-a97d-d965ccfc6d4b" outcome="Passed" testListId="8c84fa94-04c1-424b-9868-57a2d4851a1d" relativeResultsDirectory="160c3dc4-4e0d-4c7b-bc3f-f1b43980af37" />
    <UnitTestResult executionId="a566d158-e645-4d0d-95f0-d52aa244ad96" testId="ec229f70-485a-f91b-53ed-bce655f6cd58" testName="AccessToDB.Tests.LiftsRepositoryTests.TestAddLiftAutoIncrementAsyncOk" computerName="DESKTOP-TJ9D65N" duration="00:00:00.3904854" startTime="2022-10-21T17:11:07.3242864+03:00" endTime="2022-10-21T17:11:07.3242865+03:00" testType="13cdc9d9-ddb5-4fa4-a97d-d965ccfc6d4b" outcome="Passed" testListId="8c84fa94-04c1-424b-9868-57a2d4851a1d" relativeResultsDirectory="a566d158-e645-4d0d-95f0-d52aa244ad96" />
    <UnitTestResult executionId="8d3cfa41-01bf-49f0-a167-61093aa51241" testId="e75bb6e2-88d9-af2a-a444-c4a9d67f0f0e" testName="AccessToDB.Tests.UsersRepositoryTests.TestAddUserAutoIncrementAsyncOk" computerName="DESKTOP-TJ9D65N" duration="00:00:00.4009270" startTime="2022-10-21T17:11:06.9225458+03:00" endTime="2022-10-21T17:11:06.9225459+03:00" testType="13cdc9d9-ddb5-4fa4-a97d-d965ccfc6d4b" outcome="Passed" testListId="8c84fa94-04c1-424b-9868-57a2d4851a1d" relativeResultsDirectory="8d3cfa41-01bf-49f0-a167-61093aa51241" />
    <UnitTestResult executionId="df1546c2-94b0-4230-9207-48f1a13dba59" testId="47985502-c6e9-c2bb-86eb-086d87b37e4e" testName="AccessToDB.Tests.UsersRepositoryTests.TestAddUserAsyncFailsWhenUserIdRepeats(user: User { UserID = 71, CardID = 250, UserEmail = UserEmail5b97a7e2-90ea-4a34-b62c-20481cd07fe0, Password = password26feb546-b49e-4960-a254-c8b1d7e117fa, Permissions = UNAUTHORIZED })" computerName="DESKTOP-TJ9D65N" duration="00:00:00.3891495" startTime="2022-10-21T17:11:04.5645985+03:00" endTime="2022-10-21T17:11:04.5645986+03:00" testType="13cdc9d9-ddb5-4fa4-a97d-d965ccfc6d4b" outcome="Passed" testListId="8c84fa94-04c1-424b-9868-57a2d4851a1d" relativeResultsDirectory="df1546c2-94b0-4230-9207-48f1a13dba59" />
    <UnitTestResult executionId="c7e29ccc-a770-421e-b0d3-76c501ab3ccf" testId="e57f5ffd-6c62-1e02-16bf-7ca65b93dafa" testName="AccessToDB.Tests.UsersRepositoryTests.TestCheckUserEmailExistsAsyncFalse(userEmail: &quot;userEmailf23b63a1-e1c4-4b21-85e0-5116d11b5dda&quot;)" computerName="DESKTOP-TJ9D65N" duration="00:00:00.3595902" startTime="2022-10-21T17:11:04.9386839+03:00" endTime="2022-10-21T17:11:04.9386840+03:00" testType="13cdc9d9-ddb5-4fa4-a97d-d965ccfc6d4b" outcome="Passed" testListId="8c84fa94-04c1-424b-9868-57a2d4851a1d" relativeResultsDirectory="c7e29ccc-a770-421e-b0d3-76c501ab3ccf" />
    <UnitTestResult executionId="180ad0ff-f697-4a8e-a4a1-cd2cc127d730" testId="8e91b723-a197-ac24-9dc4-10a02515b4f8" testName="AccessToDB.Tests.LiftsSlopesRepositoryTests.TestDeleteLiftSlopesByIDsAsyncOk(liftSlope: LiftSlope { RecordID = 66, LiftID = 81, SlopeID = 215 })" computerName="DESKTOP-TJ9D65N" duration="00:00:00.3881181" startTime="2022-10-21T17:10:55.8606753+03:00" endTime="2022-10-21T17:10:55.8606753+03:00" testType="13cdc9d9-ddb5-4fa4-a97d-d965ccfc6d4b" outcome="Passed" testListId="8c84fa94-04c1-424b-9868-57a2d4851a1d" relativeResultsDirectory="180ad0ff-f697-4a8e-a4a1-cd2cc127d730" />
    <UnitTestResult executionId="9b961dd5-4061-4f7e-b852-dfb1024e2a9c" testId="02f83b7d-1e55-5aea-aaa5-3edc9faab448" testName="AccessToDB.Tests.LiftsRepositoryTests.TestUpdateLiftByIDAsyncOk(lift: Lift { LiftID = 178, LiftName = liftNameab94ba1d-b582-4eb7-b71a-2af6744a44b1, IsOpen = True, SeatsAmount = 175, LiftingTime = 43, QueueTime = 16, ConnectedSlopes =  })" computerName="DESKTOP-TJ9D65N" duration="00:00:00.3898519" startTime="2022-10-21T17:11:07.7249485+03:00" endTime="2022-10-21T17:11:07.7249488+03:00" testType="13cdc9d9-ddb5-4fa4-a97d-d965ccfc6d4b" outcome="Passed" testListId="8c84fa94-04c1-424b-9868-57a2d4851a1d" relativeResultsDirectory="9b961dd5-4061-4f7e-b852-dfb1024e2a9c" />
    <UnitTestResult executionId="12034cc1-b738-4d5a-95d5-5ba5c2342d47" testId="8f7ba917-f771-0dc5-f9b9-465c34344b12" testName="AccessToDB.Tests.SlopesRepositoryTests.TestAddSlopeAutoIncrementAsyncOk" computerName="DESKTOP-TJ9D65N" duration="00:00:00.3900010" startTime="2022-10-21T17:11:02.6490063+03:00" endTime="2022-10-21T17:11:02.6490064+03:00" testType="13cdc9d9-ddb5-4fa4-a97d-d965ccfc6d4b" outcome="Passed" testListId="8c84fa94-04c1-424b-9868-57a2d4851a1d" relativeResultsDirectory="12034cc1-b738-4d5a-95d5-5ba5c2342d47" />
    <UnitTestResult executionId="ef4431c2-f48e-4f64-b53d-fc1a05e36556" testId="30f8e924-9784-0a43-e807-094f70e06567" testName="AccessToDB.Tests.LiftsSlopesRepositoryTests.TestAddLiftSlopeAutoIncrementAsyncOk" computerName="DESKTOP-TJ9D65N" duration="00:00:00.3901151" startTime="2022-10-21T17:10:57.0728897+03:00" endTime="2022-10-21T17:10:57.0728898+03:00" testType="13cdc9d9-ddb5-4fa4-a97d-d965ccfc6d4b" outcome="Passed" testListId="8c84fa94-04c1-424b-9868-57a2d4851a1d" relativeResultsDirectory="ef4431c2-f48e-4f64-b53d-fc1a05e36556" />
    <UnitTestResult executionId="5001af09-a9fd-4ea2-93cd-b3f9db842719" testId="0ed929ca-ffcc-adc8-64db-4850b2d8902a" testName="AccessToDB.Tests.SlopesRepositoryTests.TestGetSlopeByIdAsyncOk(slope: Slope { SlopeID = 19, SlopeName = slopeName4841a7dc-6e5e-46b1-baf2-e2da05bdd583, IsOpen = True, DifficultyLevel = 148, ConnectedLifts =  })" computerName="DESKTOP-TJ9D65N" duration="00:00:00.3801899" startTime="2022-10-21T17:11:03.4154328+03:00" endTime="2022-10-21T17:11:03.4154329+03:00" testType="13cdc9d9-ddb5-4fa4-a97d-d965ccfc6d4b" outcome="Passed" testListId="8c84fa94-04c1-424b-9868-57a2d4851a1d" relativeResultsDirectory="5001af09-a9fd-4ea2-93cd-b3f9db842719" />
    <UnitTestResult executionId="e29a84b8-364b-4f19-a3ec-f7cb326c2574" testId="7ae0e96e-bc32-7679-866d-1b3a12a7e98d" testName="AccessToDB.Tests.TurnstilesRepositoryTests.TestGetTurnstileByIdAsyncOk(turnstile: Turnstile { TurnstileID = 29, LiftID = 234, IsOpen = True })" computerName="DESKTOP-TJ9D65N" duration="00:00:00.3798957" startTime="2022-10-21T17:11:00.6896053+03:00" endTime="2022-10-21T17:11:00.6896057+03:00" testType="13cdc9d9-ddb5-4fa4-a97d-d965ccfc6d4b" outcome="Passed" testListId="8c84fa94-04c1-424b-9868-57a2d4851a1d" relativeResultsDirectory="e29a84b8-364b-4f19-a3ec-f7cb326c2574" />
    <UnitTestResult executionId="4cf3d488-e1d2-4084-ab60-e5c953f87121" testId="60d321b3-d2ba-6313-ab78-8937081f4e6b" testName="AccessToDB.Tests.SlopesRepositoryTests.TestDeleteSlopeByIDAsyncFailsWhenIDNotExists(slopeID: 113)" computerName="DESKTOP-TJ9D65N" duration="00:00:00.0010000" startTime="2022-10-21T17:11:02.2556087+03:00" endTime="2022-10-21T17:11:02.2556087+03:00" testType="13cdc9d9-ddb5-4fa4-a97d-d965ccfc6d4b" outcome="Failed" testListId="8c84fa94-04c1-424b-9868-57a2d4851a1d" relativeResultsDirectory="4cf3d488-e1d2-4084-ab60-e5c953f87121">
      <Output>
        <ErrorInfo>
          <Message>System.InvalidOperationException : Operations that change non-concurrent collections must have exclusive access. A concurrent update was performed on this collection and corrupted its state. The collection's state is no longer correct.</Message>
          <StackTrace>   at System.Collections.Generic.Dictionary`2.FindValue(TKey key)
   at System.Collections.Generic.Dictionary`2.TryGetValue(TKey key, TValue&amp; value)
   at ProGaudi.MsgPack.Light.MsgPackContext.GetObjectActivator(Type type)
   at ProGaudi.MsgPack.Light.MsgPackContext.&lt;&gt;c__DisplayClass27_0.&lt;TryGenerateArrayConverter&gt;b__0(Type x)
   at ProGaudi.MsgPack.Light.MsgPackContext.TryGenerateArrayConverter(Type type)
   at ProGaudi.MsgPack.Light.MsgPackContext.GetConverter[T]()
   at ProGaudi.Tarantool.Client.Converters.ResponsePacketConverter`1.Initialize(MsgPackContext context)
   at ProGaudi.MsgPack.Light.MsgPackContext.CreateAndInializeConverter(Func`1 converterActivator)
   at ProGaudi.MsgPack.Light.MsgPackContext.TryGenerateConverterFromGenericConverter(Type type)
   at ProGaudi.MsgPack.Light.MsgPackContext.GetConverter[T]()
   at ProGaudi.MsgPack.Light.MsgPackSerializer.GetConverter[T](MsgPackContext context)
   at ProGaudi.MsgPack.Light.MsgPackSerializer.Deserialize[T](MemoryStream stream, MsgPackContext context)
   at ProGaudi.Tarantool.Client.LogicalConnection.SendRequest[TRequest,TResponse](TRequest request, Nullable`1 timeout)
   at ProGaudi.Tarantool.Client.LogicalConnectionManager.SendRequest[TRequest,TResponse](TRequest request, Nullable`1 timeout)
   at ProGaudi.Tarantool.Client.Index.Select[TKey,TTuple](TKey key, SelectOptions options)
   at AccessToDB.RepositoriesTarantool.TarantoolSlopesRepository.GetSlopesAsync(UInt32 offset, UInt32 limit) in /mnt/c/Users/alena/Desktop/7_sem/testing_and_debugging/SkiResort/AccessToDB/TarantoolRepositories/TarantoolSlopesRepository.cs:line 36
   at AccessToDB.Tests.SlopesRepositoryTests.CleanSlopesTable() in /mnt/c/Users/alena/Desktop/7_sem/testing_and_debugging/SkiResort/AccessToDB.Tests/SlopesRepositoryTests.cs:line 40
   at AccessToDB.Tests.SlopesRepositoryTests..ctor() in /mnt/c/Users/alena/Desktop/7_sem/testing_and_debugging/SkiResort/AccessToDB.Tests/SlopesRepositoryTests.cs:line 30
   at System.RuntimeType.CreateInstanceDefaultCtor(Boolean publicOnly, Boolean wrapExceptions)</StackTrace>
        </ErrorInfo>
      </Output>
    </UnitTestResult>
    <UnitTestResult executionId="4ac5984c-a86b-4cd8-b1f0-85a648c78a52" testId="441cb819-6d54-eff7-0eeb-7a28e0184e64" testName="AccessToDB.Tests.UsersRepositoryTests.TestGetUserByEmailAsyncFailsWhenEmailNotExists(email: &quot;email111eebd4-05c4-4c4c-9da7-2afd04449a40&quot;)" computerName="DESKTOP-TJ9D65N" duration="00:00:00.3582386" startTime="2022-10-21T17:11:04.1622951+03:00" endTime="2022-10-21T17:11:04.1622952+03:00" testType="13cdc9d9-ddb5-4fa4-a97d-d965ccfc6d4b" outcome="Passed" testListId="8c84fa94-04c1-424b-9868-57a2d4851a1d" relativeResultsDirectory="4ac5984c-a86b-4cd8-b1f0-85a648c78a52" />
    <UnitTestResult executionId="e0251329-69d2-4511-9cc4-95cbaedfc2dc" testId="89f8e158-1724-c8ae-8ba9-b3e730070ecf" testName="AccessToDB.Tests.LiftsSlopesRepositoryTests.TestUpdateLiftSlopeByIDAsyncOk(liftSlope: LiftSlope { RecordID = 230, LiftID = 70, SlopeID = 210 })" computerName="DESKTOP-TJ9D65N" duration="00:00:00.3899989" startTime="2022-10-21T17:10:56.6671989+03:00" endTime="2022-10-21T17:10:56.6671991+03:00" testType="13cdc9d9-ddb5-4fa4-a97d-d965ccfc6d4b" outcome="Passed" testListId="8c84fa94-04c1-424b-9868-57a2d4851a1d" relativeResultsDirectory="e0251329-69d2-4511-9cc4-95cbaedfc2dc" />
    <UnitTestResult executionId="657b28f8-32d2-4fa2-98cb-b4c37e7b5b5b" testId="5591bf33-8101-be22-8991-5928b0542873" testName="AccessToDB.Tests.LiftsSlopesRepositoryTests.TestDeleteLiftSlopeByIDAsyncFailsWhenIDNotExists(liftSlopeID: 192)" computerName="DESKTOP-TJ9D65N" duration="00:00:00.3600056" startTime="2022-10-21T17:10:57.8202724+03:00" endTime="2022-10-21T17:10:57.8202725+03:00" testType="13cdc9d9-ddb5-4fa4-a97d-d965ccfc6d4b" outcome="Passed" testListId="8c84fa94-04c1-424b-9868-57a2d4851a1d" relativeResultsDirectory="657b28f8-32d2-4fa2-98cb-b4c37e7b5b5b" />
    <UnitTestResult executionId="33509ecd-8c38-475c-b9c6-d8e88be7f0b5" testId="32e4afa7-e699-7f60-426a-2c90bfd7b670" testName="AccessToDB.Tests.LiftsRepositoryTests.TestGetLiftByNameAsyncFailsWhenNameNotExists(liftName: &quot;liftName17a672c4-f88f-49dc-9a40-f1f00ae24b41&quot;)" computerName="DESKTOP-TJ9D65N" duration="00:00:00.3597884" startTime="2022-10-21T17:11:09.6480974+03:00" endTime="2022-10-21T17:11:09.6480974+03:00" testType="13cdc9d9-ddb5-4fa4-a97d-d965ccfc6d4b" outcome="Passed" testListId="8c84fa94-04c1-424b-9868-57a2d4851a1d" relativeResultsDirectory="33509ecd-8c38-475c-b9c6-d8e88be7f0b5" />
    <UnitTestResult executionId="539419a5-ba4f-4cc2-a3af-034985f3bbd0" testId="a1c291e5-b860-8986-7324-57c96cfc5598" testName="AccessToDB.Tests.SlopesRepositoryTests.TestUpdateSlopeByIDAsyncOk(slope: Slope { SlopeID = 146, SlopeName = slopeNamed4b28de3-4e0c-42e7-b921-5ff0b2085a7e, IsOpen = True, DifficultyLevel = 25, ConnectedLifts =  })" computerName="DESKTOP-TJ9D65N" duration="00:00:00.3904257" startTime="2022-10-21T17:11:01.0959078+03:00" endTime="2022-10-21T17:11:01.0959079+03:00" testType="13cdc9d9-ddb5-4fa4-a97d-d965ccfc6d4b" outcome="Passed" testListId="8c84fa94-04c1-424b-9868-57a2d4851a1d" relativeResultsDirectory="539419a5-ba4f-4cc2-a3af-034985f3bbd0" />
    <UnitTestResult executionId="0817f0ea-1031-476c-8a2d-7ff3a2521b91" testId="3c521313-4ed6-6bce-b4f9-c359411028e7" testName="AccessToDB.Tests.TurnstilesRepositoryTests.TestGetTurnstilesAsyncEmpty" computerName="DESKTOP-TJ9D65N" duration="00:00:00.3597420" startTime="2022-10-21T17:10:59.0224335+03:00" endTime="2022-10-21T17:10:59.0224336+03:00" testType="13cdc9d9-ddb5-4fa4-a97d-d965ccfc6d4b" outcome="Passed" testListId="8c84fa94-04c1-424b-9868-57a2d4851a1d" relativeResultsDirectory="0817f0ea-1031-476c-8a2d-7ff3a2521b91" />
    <UnitTestResult executionId="8bdae5c4-8e73-4f53-bc10-c4ad88ffb7fd" testId="9bbefb83-8311-6e03-307f-415e3495e223" testName="AccessToDB.Tests.SlopesRepositoryTests.TestGetSlopesAsyncEmpty" computerName="DESKTOP-TJ9D65N" duration="00:00:00.3589378" startTime="2022-10-21T17:11:03.0215607+03:00" endTime="2022-10-21T17:11:03.0215608+03:00" testType="13cdc9d9-ddb5-4fa4-a97d-d965ccfc6d4b" outcome="Passed" testListId="8c84fa94-04c1-424b-9868-57a2d4851a1d" relativeResultsDirectory="8bdae5c4-8e73-4f53-bc10-c4ad88ffb7fd" />
    <UnitTestResult executionId="5e539f7a-e270-484b-99d3-be39dc74e2ea" testId="a31bf260-46eb-1cf4-ca9f-32620f53a52a" testName="AccessToDB.Tests.TurnstilesRepositoryTests.TestAddTurnstileAsyncFailsWhenTurnstileIdRepeats(turnstile: Turnstile { TurnstileID = 163, LiftID = 214, IsOpen = True })" computerName="DESKTOP-TJ9D65N" duration="00:00:00.3910191" startTime="2022-10-21T17:10:58.6469632+03:00" endTime="2022-10-21T17:10:58.6469633+03:00" testType="13cdc9d9-ddb5-4fa4-a97d-d965ccfc6d4b" outcome="Passed" testListId="8c84fa94-04c1-424b-9868-57a2d4851a1d" relativeResultsDirectory="5e539f7a-e270-484b-99d3-be39dc74e2ea" />
    <UnitTestResult executionId="41a53870-08f1-41b1-a7b0-86b96697a4b6" testId="5385b575-ea62-b417-a360-57961da92d1b" testName="AccessToDB.Tests.UsersRepositoryTests.TestCheckUserIdExistsAsyncTrue(user: User { UserID = 208, CardID = 31, UserEmail = UserEmailb354c05d-5bfd-4346-b2b6-f32e47af1a6c, Password = passworda1a4a88e-546b-4fb4-8adc-4253aadb278a, Permissions = UNAUTHORIZED })" computerName="DESKTOP-TJ9D65N" duration="00:00:00.3777302" startTime="2022-10-21T17:11:05.7281888+03:00" endTime="2022-10-21T17:11:05.7281890+03:00" testType="13cdc9d9-ddb5-4fa4-a97d-d965ccfc6d4b" outcome="Passed" testListId="8c84fa94-04c1-424b-9868-57a2d4851a1d" relativeResultsDirectory="41a53870-08f1-41b1-a7b0-86b96697a4b6" />
    <UnitTestResult executionId="4ab25718-2767-4612-a7dd-ad4ec7f2b79a" testId="5dc5f940-ecba-60bf-6a21-1a04bd4d9bca" testName="AccessToDB.Tests.TurnstilesRepositoryTests.TestUpdateTurnstileByIDAsyncOk(turnstile: Turnstile { TurnstileID = 66, LiftID = 102, IsOpen = True })" computerName="DESKTOP-TJ9D65N" duration="00:00:00.3905189" startTime="2022-10-21T17:10:58.2415208+03:00" endTime="2022-10-21T17:10:58.2415210+03:00" testType="13cdc9d9-ddb5-4fa4-a97d-d965ccfc6d4b" outcome="Passed" testListId="8c84fa94-04c1-424b-9868-57a2d4851a1d" relativeResultsDirectory="4ab25718-2767-4612-a7dd-ad4ec7f2b79a" />
    <UnitTestResult executionId="978ec404-0453-4aad-98ec-6190d60a90f3" testId="fbf9552a-9230-9909-0589-4b94baf4cd1e" testName="AccessToDB.Tests.UsersRepositoryTests.TestUpdateUserByIDAsyncOk(user: User { UserID = 124, CardID = 37, UserEmail = UserEmail8b99c559-a670-4548-a793-8b2e5d6233a3, Password = password71472046-7264-4b21-8af7-e6585170ce9d, Permissions = UNAUTHORIZED })" computerName="DESKTOP-TJ9D65N" duration="00:00:00.3897798" startTime="2022-10-21T17:11:06.5070966+03:00" endTime="2022-10-21T17:11:06.5070972+03:00" testType="13cdc9d9-ddb5-4fa4-a97d-d965ccfc6d4b" outcome="Passed" testListId="8c84fa94-04c1-424b-9868-57a2d4851a1d" relativeResultsDirectory="978ec404-0453-4aad-98ec-6190d60a90f3" />
    <UnitTestResult executionId="345468dd-957f-4ed0-994b-8902683301b7" testId="f9435956-2e34-e52b-c34e-dce53665cf8e" testName="AccessToDB.Tests.TurnstilesRepositoryTests.TestAddTurnstileAutoIncrementAsyncOk" computerName="DESKTOP-TJ9D65N" duration="00:00:00.3903178" startTime="2022-10-21T17:11:00.2948835+03:00" endTime="2022-10-21T17:11:00.2948835+03:00" testType="13cdc9d9-ddb5-4fa4-a97d-d965ccfc6d4b" outcome="Passed" testListId="8c84fa94-04c1-424b-9868-57a2d4851a1d" relativeResultsDirectory="345468dd-957f-4ed0-994b-8902683301b7" />
    <UnitTestResult executionId="060b7d6c-9292-456c-8216-34694a549d5c" testId="11786363-09c9-c0cb-0b48-1fd53283a9f8" testName="AccessToDB.Tests.SlopesRepositoryTests.TestGetSlopeByNameAsyncFailsWhenNameNotExists(slopeName: &quot;slopeNamee52b53cf-d704-4df0-a4e0-9cc48852936b&quot;)" computerName="DESKTOP-TJ9D65N" duration="00:00:00.3594390" startTime="2022-10-21T17:11:01.8762822+03:00" endTime="2022-10-21T17:11:01.8762824+03:00" testType="13cdc9d9-ddb5-4fa4-a97d-d965ccfc6d4b" outcome="Passed" testListId="8c84fa94-04c1-424b-9868-57a2d4851a1d" relativeResultsDirectory="060b7d6c-9292-456c-8216-34694a549d5c" />
    <UnitTestResult executionId="247bd410-9f5f-4a46-8ec7-0fd7569187eb" testId="37bf0c73-3823-1c2b-fb46-1a922afa2dbc" testName="AccessToDB.Tests.LiftsSlopesRepositoryTests.TestAddLiftSlopeAsyncFailsWhenLiftSlopeIdRepeats(liftSlope: LiftSlope { RecordID = 246, LiftID = 68, SlopeID = 253 })" computerName="DESKTOP-TJ9D65N" duration="00:00:00.3906027" startTime="2022-10-21T17:10:56.2627362+03:00" endTime="2022-10-21T17:10:56.2627377+03:00" testType="13cdc9d9-ddb5-4fa4-a97d-d965ccfc6d4b" outcome="Passed" testListId="8c84fa94-04c1-424b-9868-57a2d4851a1d" relativeResultsDirectory="247bd410-9f5f-4a46-8ec7-0fd7569187eb" />
    <UnitTestResult executionId="7e889568-a37e-4616-b9c2-0c832d5e5477" testId="3741b26d-6ee0-6246-29e4-92009bff37b0" testName="AccessToDB.Tests.UsersRepositoryTests.TestGetUsersAsyncEmpty" computerName="DESKTOP-TJ9D65N" duration="00:00:00.3600144" startTime="2022-10-21T17:11:03.7902622+03:00" endTime="2022-10-21T17:11:03.7902623+03:00" testType="13cdc9d9-ddb5-4fa4-a97d-d965ccfc6d4b" outcome="Passed" testListId="8c84fa94-04c1-424b-9868-57a2d4851a1d" relativeResultsDirectory="7e889568-a37e-4616-b9c2-0c832d5e5477" />
    <UnitTestResult executionId="561a3f1f-75d9-495e-afe7-3337b3062e6e" testId="0a6c64ba-bab0-56d6-9cd4-0b41b3c11a65" testName="AccessToDB.Tests.LiftsRepositoryTests.TestAddLiftAsyncFailsWhenLiftIdRepeats(lift: Lift { LiftID = 203, LiftName = liftNamedcb99fbc-24dc-4ffe-9e8a-78f04f78aaab, IsOpen = True, SeatsAmount = 182, LiftingTime = 247, QueueTime = 121, ConnectedSlopes =  })" computerName="DESKTOP-TJ9D65N" duration="00:00:00.3910875" startTime="2022-10-21T17:11:08.8795459+03:00" endTime="2022-10-21T17:11:08.8795460+03:00" testType="13cdc9d9-ddb5-4fa4-a97d-d965ccfc6d4b" outcome="Passed" testListId="8c84fa94-04c1-424b-9868-57a2d4851a1d" relativeResultsDirectory="561a3f1f-75d9-495e-afe7-3337b3062e6e" />
    <UnitTestResult executionId="5f0fccf2-2794-4c10-8a75-dc01d37a2b30" testId="74307be7-02ac-2519-576d-b70ac42a994b" testName="AccessToDB.Tests.TurnstilesRepositoryTests.TestDeleteTurnstileByIDAsyncFailsWhenIDNotExists(turnstileID: 220)" computerName="DESKTOP-TJ9D65N" duration="00:00:00.3586307" startTime="2022-10-21T17:10:59.8902245+03:00" endTime="2022-10-21T17:10:59.8902246+03:00" testType="13cdc9d9-ddb5-4fa4-a97d-d965ccfc6d4b" outcome="Passed" testListId="8c84fa94-04c1-424b-9868-57a2d4851a1d" relativeResultsDirectory="5f0fccf2-2794-4c10-8a75-dc01d37a2b30" />
    <UnitTestResult executionId="32e96247-0066-4738-a25f-7ef762ec12ce" testId="154d3532-d6c7-fb45-4f2f-207ef88162ef" testName="AccessToDB.Tests.LiftsRepositoryTests.TestGetLiftByIdAsyncOk(lift: Lift { LiftID = 169, LiftName = liftNameabea810f-ca3f-487d-8aa0-3668ddab2487, IsOpen = True, SeatsAmount = 93, LiftingTime = 30, QueueTime = 70, ConnectedSlopes =  })" computerName="DESKTOP-TJ9D65N" duration="00:00:00.3789386" startTime="2022-10-21T17:11:09.2736302+03:00" endTime="2022-10-21T17:11:09.2736303+03:00" testType="13cdc9d9-ddb5-4fa4-a97d-d965ccfc6d4b" outcome="Passed" testListId="8c84fa94-04c1-424b-9868-57a2d4851a1d" relativeResultsDirectory="32e96247-0066-4738-a25f-7ef762ec12ce" />
    <UnitTestResult executionId="8bac3c2d-df80-4f26-8fa6-4bdc83a69f6f" testId="35da0991-dff8-5373-72d1-11984ae20be2" testName="AccessToDB.Tests.UsersRepositoryTests.TestGetUserByIdAsyncOk(user: User { UserID = 84, CardID = 111, UserEmail = UserEmail327bc33f-21d2-4e28-9e72-434873cfdc1d, Password = password1918bc76-80e8-48cf-9410-65352cb808a0, Permissions = UNAUTHORIZED })" computerName="DESKTOP-TJ9D65N" duration="00:00:00.3797438" startTime="2022-10-21T17:11:05.3338779+03:00" endTime="2022-10-21T17:11:05.3338780+03:00" testType="13cdc9d9-ddb5-4fa4-a97d-d965ccfc6d4b" outcome="Passed" testListId="8c84fa94-04c1-424b-9868-57a2d4851a1d" relativeResultsDirectory="8bac3c2d-df80-4f26-8fa6-4bdc83a69f6f" />
    <UnitTestResult executionId="760279cc-2cc9-4a01-99ea-331c021a9e0c" testId="607e8298-f113-be33-300e-15a343893443" testName="AccessToDB.Tests.LiftsRepositoryTests.TestGetLiftsAsyncEmpty" computerName="DESKTOP-TJ9D65N" duration="00:00:00.3604078" startTime="2022-10-21T17:11:08.4728514+03:00" endTime="2022-10-21T17:11:08.4728515+03:00" testType="13cdc9d9-ddb5-4fa4-a97d-d965ccfc6d4b" outcome="Passed" testListId="8c84fa94-04c1-424b-9868-57a2d4851a1d" relativeResultsDirectory="760279cc-2cc9-4a01-99ea-331c021a9e0c" />
  </Results>
  <TestDefinitions>
    <UnitTest name="AccessToDB.Tests.TurnstilesRepositoryTests.TestAddTurnstileAutoIncrementAsyncOk" storage="/mnt/c/users/alena/desktop/7_sem/testing_and_debugging/skiresort/accesstodb.tests/bin/debug/net6.0/accesstodb.tests.dll" id="f9435956-2e34-e52b-c34e-dce53665cf8e">
      <Execution id="345468dd-957f-4ed0-994b-8902683301b7" />
      <TestMethod codeBase="/mnt/c/Users/alena/Desktop/7_sem/testing_and_debugging/SkiResort/AccessToDB.Tests/bin/Debug/net6.0/AccessToDB.Tests.dll" adapterTypeName="executor://xunit/VsTestRunner2/netcoreapp" className="AccessToDB.Tests.TurnstilesRepositoryTests" name="TestAddTurnstileAutoIncrementAsyncOk" />
    </UnitTest>
    <UnitTest name="AccessToDB.Tests.LiftsRepositoryTests.TestGetLiftsAsyncEmpty" storage="/mnt/c/users/alena/desktop/7_sem/testing_and_debugging/skiresort/accesstodb.tests/bin/debug/net6.0/accesstodb.tests.dll" id="607e8298-f113-be33-300e-15a343893443">
      <Execution id="760279cc-2cc9-4a01-99ea-331c021a9e0c" />
      <TestMethod codeBase="/mnt/c/Users/alena/Desktop/7_sem/testing_and_debugging/SkiResort/AccessToDB.Tests/bin/Debug/net6.0/AccessToDB.Tests.dll" adapterTypeName="executor://xunit/VsTestRunner2/netcoreapp" className="AccessToDB.Tests.LiftsRepositoryTests" name="TestGetLiftsAsyncEmpty" />
    </UnitTest>
    <UnitTest name="AccessToDB.Tests.SlopesRepositoryTests.TestAddSlopeAutoIncrementAsyncOk" storage="/mnt/c/users/alena/desktop/7_sem/testing_and_debugging/skiresort/accesstodb.tests/bin/debug/net6.0/accesstodb.tests.dll" id="8f7ba917-f771-0dc5-f9b9-465c34344b12">
      <Execution id="12034cc1-b738-4d5a-95d5-5ba5c2342d47" />
      <TestMethod codeBase="/mnt/c/Users/alena/Desktop/7_sem/testing_and_debugging/SkiResort/AccessToDB.Tests/bin/Debug/net6.0/AccessToDB.Tests.dll" adapterTypeName="executor://xunit/VsTestRunner2/netcoreapp" className="AccessToDB.Tests.SlopesRepositoryTests" name="TestAddSlopeAutoIncrementAsyncOk" />
    </UnitTest>
    <UnitTest name="AccessToDB.Tests.LiftsSlopesRepositoryTests.TestGetLiftSlopeByIdAsyncOk(liftSlope: LiftSlope { RecordID = 104, LiftID = 165, SlopeID = 203 })" storage="/mnt/c/users/alena/desktop/7_sem/testing_and_debugging/skiresort/accesstodb.tests/bin/debug/net6.0/accesstodb.tests.dll" id="5aef1d65-960a-002f-7bf9-7b749db63d9c">
      <Execution id="14198830-9c7b-4c78-8af6-00defc01efe5" />
      <TestMethod codeBase="/mnt/c/Users/alena/Desktop/7_sem/testing_and_debugging/SkiResort/AccessToDB.Tests/bin/Debug/net6.0/AccessToDB.Tests.dll" adapterTypeName="executor://xunit/VsTestRunner2/netcoreapp" className="AccessToDB.Tests.LiftsSlopesRepositoryTests" name="TestGetLiftSlopeByIdAsyncOk" />
    </UnitTest>
    <UnitTest name="AccessToDB.Tests.UsersRepositoryTests.TestCheckUserEmailExistsAsyncFalse(userEmail: &quot;userEmailf23b63a1-e1c4-4b21-85e0-5116d11b5dda&quot;)" storage="/mnt/c/users/alena/desktop/7_sem/testing_and_debugging/skiresort/accesstodb.tests/bin/debug/net6.0/accesstodb.tests.dll" id="e57f5ffd-6c62-1e02-16bf-7ca65b93dafa">
      <Execution id="c7e29ccc-a770-421e-b0d3-76c501ab3ccf" />
      <TestMethod codeBase="/mnt/c/Users/alena/Desktop/7_sem/testing_and_debugging/SkiResort/AccessToDB.Tests/bin/Debug/net6.0/AccessToDB.Tests.dll" adapterTypeName="executor://xunit/VsTestRunner2/netcoreapp" className="AccessToDB.Tests.UsersRepositoryTests" name="TestCheckUserEmailExistsAsyncFalse" />
    </UnitTest>
    <UnitTest name="AccessToDB.Tests.UsersRepositoryTests.TestGetUserByEmailAsyncFailsWhenEmailNotExists(email: &quot;email111eebd4-05c4-4c4c-9da7-2afd04449a40&quot;)" storage="/mnt/c/users/alena/desktop/7_sem/testing_and_debugging/skiresort/accesstodb.tests/bin/debug/net6.0/accesstodb.tests.dll" id="441cb819-6d54-eff7-0eeb-7a28e0184e64">
      <Execution id="4ac5984c-a86b-4cd8-b1f0-85a648c78a52" />
      <TestMethod codeBase="/mnt/c/Users/alena/Desktop/7_sem/testing_and_debugging/SkiResort/AccessToDB.Tests/bin/Debug/net6.0/AccessToDB.Tests.dll" adapterTypeName="executor://xunit/VsTestRunner2/netcoreapp" className="AccessToDB.Tests.UsersRepositoryTests" name="TestGetUserByEmailAsyncFailsWhenEmailNotExists" />
    </UnitTest>
    <UnitTest name="AccessToDB.Tests.TurnstilesRepositoryTests.TestAddTurnstileAsyncFailsWhenTurnstileIdRepeats(turnstile: Turnstile { TurnstileID = 163, LiftID = 214, IsOpen = True })" storage="/mnt/c/users/alena/desktop/7_sem/testing_and_debugging/skiresort/accesstodb.tests/bin/debug/net6.0/accesstodb.tests.dll" id="a31bf260-46eb-1cf4-ca9f-32620f53a52a">
      <Execution id="5e539f7a-e270-484b-99d3-be39dc74e2ea" />
      <TestMethod codeBase="/mnt/c/Users/alena/Desktop/7_sem/testing_and_debugging/SkiResort/AccessToDB.Tests/bin/Debug/net6.0/AccessToDB.Tests.dll" adapterTypeName="executor://xunit/VsTestRunner2/netcoreapp" className="AccessToDB.Tests.TurnstilesRepositoryTests" name="TestAddTurnstileAsyncFailsWhenTurnstileIdRepeats" />
    </UnitTest>
    <UnitTest name="AccessToDB.Tests.LiftsRepositoryTests.TestUpdateLiftByIDAsyncOk(lift: Lift { LiftID = 178, LiftName = liftNameab94ba1d-b582-4eb7-b71a-2af6744a44b1, IsOpen = True, SeatsAmount = 175, LiftingTime = 43, QueueTime = 16, ConnectedSlopes =  })" storage="/mnt/c/users/alena/desktop/7_sem/testing_and_debugging/skiresort/accesstodb.tests/bin/debug/net6.0/accesstodb.tests.dll" id="02f83b7d-1e55-5aea-aaa5-3edc9faab448">
      <Execution id="9b961dd5-4061-4f7e-b852-dfb1024e2a9c" />
      <TestMethod codeBase="/mnt/c/Users/alena/Desktop/7_sem/testing_and_debugging/SkiResort/AccessToDB.Tests/bin/Debug/net6.0/AccessToDB.Tests.dll" adapterTypeName="executor://xunit/VsTestRunner2/netcoreapp" className="AccessToDB.Tests.LiftsRepositoryTests" name="TestUpdateLiftByIDAsyncOk" />
    </UnitTest>
    <UnitTest name="AccessToDB.Tests.LiftsSlopesRepositoryTests.TestUpdateLiftSlopeByIDAsyncOk(liftSlope: LiftSlope { RecordID = 230, LiftID = 70, SlopeID = 210 })" storage="/mnt/c/users/alena/desktop/7_sem/testing_and_debugging/skiresort/accesstodb.tests/bin/debug/net6.0/accesstodb.tests.dll" id="89f8e158-1724-c8ae-8ba9-b3e730070ecf">
      <Execution id="e0251329-69d2-4511-9cc4-95cbaedfc2dc" />
      <TestMethod codeBase="/mnt/c/Users/alena/Desktop/7_sem/testing_and_debugging/SkiResort/AccessToDB.Tests/bin/Debug/net6.0/AccessToDB.Tests.dll" adapterTypeName="executor://xunit/VsTestRunner2/netcoreapp" className="AccessToDB.Tests.LiftsSlopesRepositoryTests" name="TestUpdateLiftSlopeByIDAsyncOk" />
    </UnitTest>
    <UnitTest name="AccessToDB.Tests.UsersRepositoryTests.TestUpdateUserByIDAsyncOk(user: User { UserID = 124, CardID = 37, UserEmail = UserEmail8b99c559-a670-4548-a793-8b2e5d6233a3, Password = password71472046-7264-4b21-8af7-e6585170ce9d, Permissions = UNAUTHORIZED })" storage="/mnt/c/users/alena/desktop/7_sem/testing_and_debugging/skiresort/accesstodb.tests/bin/debug/net6.0/accesstodb.tests.dll" id="fbf9552a-9230-9909-0589-4b94baf4cd1e">
      <Execution id="978ec404-0453-4aad-98ec-6190d60a90f3" />
      <TestMethod codeBase="/mnt/c/Users/alena/Desktop/7_sem/testing_and_debugging/SkiResort/AccessToDB.Tests/bin/Debug/net6.0/AccessToDB.Tests.dll" adapterTypeName="executor://xunit/VsTestRunner2/netcoreapp" className="AccessToDB.Tests.UsersRepositoryTests" name="TestUpdateUserByIDAsyncOk" />
    </UnitTest>
    <UnitTest name="AccessToDB.Tests.TurnstilesRepositoryTests.TestUpdateTurnstileByIDAsyncOk(turnstile: Turnstile { TurnstileID = 66, LiftID = 102, IsOpen = True })" storage="/mnt/c/users/alena/desktop/7_sem/testing_and_debugging/skiresort/accesstodb.tests/bin/debug/net6.0/accesstodb.tests.dll" id="5dc5f940-ecba-60bf-6a21-1a04bd4d9bca">
      <Execution id="4ab25718-2767-4612-a7dd-ad4ec7f2b79a" />
      <TestMethod codeBase="/mnt/c/Users/alena/Desktop/7_sem/testing_and_debugging/SkiResort/AccessToDB.Tests/bin/Debug/net6.0/AccessToDB.Tests.dll" adapterTypeName="executor://xunit/VsTestRunner2/netcoreapp" className="AccessToDB.Tests.TurnstilesRepositoryTests" name="TestUpdateTurnstileByIDAsyncOk" />
    </UnitTest>
    <UnitTest name="AccessToDB.Tests.TurnstilesRepositoryTests.TestGetTurnstilesByLiftIdAsyncOk(liftID: 78)" storage="/mnt/c/users/alena/desktop/7_sem/testing_and_debugging/skiresort/accesstodb.tests/bin/debug/net6.0/accesstodb.tests.dll" id="7ae34d65-d56a-370d-1f78-ae07eb8e5288">
      <Execution id="3eb59e92-1c6e-4f21-baf2-ab02297d898f" />
      <TestMethod codeBase="/mnt/c/Users/alena/Desktop/7_sem/testing_and_debugging/SkiResort/AccessToDB.Tests/bin/Debug/net6.0/AccessToDB.Tests.dll" adapterTypeName="executor://xunit/VsTestRunner2/netcoreapp" className="AccessToDB.Tests.TurnstilesRepositoryTests" name="TestGetTurnstilesByLiftIdAsyncOk" />
    </UnitTest>
    <UnitTest name="AccessToDB.Tests.LiftsSlopesRepositoryTests.TestAddLiftSlopeAutoIncrementAsyncOk" storage="/mnt/c/users/alena/desktop/7_sem/testing_and_debugging/skiresort/accesstodb.tests/bin/debug/net6.0/accesstodb.tests.dll" id="30f8e924-9784-0a43-e807-094f70e06567">
      <Execution id="ef4431c2-f48e-4f64-b53d-fc1a05e36556" />
      <TestMethod codeBase="/mnt/c/Users/alena/Desktop/7_sem/testing_and_debugging/SkiResort/AccessToDB.Tests/bin/Debug/net6.0/AccessToDB.Tests.dll" adapterTypeName="executor://xunit/VsTestRunner2/netcoreapp" className="AccessToDB.Tests.LiftsSlopesRepositoryTests" name="TestAddLiftSlopeAutoIncrementAsyncOk" />
    </UnitTest>
    <UnitTest name="AccessToDB.Tests.SlopesRepositoryTests.TestGetSlopeByIdAsyncOk(slope: Slope { SlopeID = 19, SlopeName = slopeName4841a7dc-6e5e-46b1-baf2-e2da05bdd583, IsOpen = True, DifficultyLevel = 148, ConnectedLifts =  })" storage="/mnt/c/users/alena/desktop/7_sem/testing_and_debugging/skiresort/accesstodb.tests/bin/debug/net6.0/accesstodb.tests.dll" id="0ed929ca-ffcc-adc8-64db-4850b2d8902a">
      <Execution id="5001af09-a9fd-4ea2-93cd-b3f9db842719" />
      <TestMethod codeBase="/mnt/c/Users/alena/Desktop/7_sem/testing_and_debugging/SkiResort/AccessToDB.Tests/bin/Debug/net6.0/AccessToDB.Tests.dll" adapterTypeName="executor://xunit/VsTestRunner2/netcoreapp" className="AccessToDB.Tests.SlopesRepositoryTests" name="TestGetSlopeByIdAsyncOk" />
    </UnitTest>
    <UnitTest name="AccessToDB.Tests.UsersRepositoryTests.TestGetUsersAsyncEmpty" storage="/mnt/c/users/alena/desktop/7_sem/testing_and_debugging/skiresort/accesstodb.tests/bin/debug/net6.0/accesstodb.tests.dll" id="3741b26d-6ee0-6246-29e4-92009bff37b0">
      <Execution id="7e889568-a37e-4616-b9c2-0c832d5e5477" />
      <TestMethod codeBase="/mnt/c/Users/alena/Desktop/7_sem/testing_and_debugging/SkiResort/AccessToDB.Tests/bin/Debug/net6.0/AccessToDB.Tests.dll" adapterTypeName="executor://xunit/VsTestRunner2/netcoreapp" className="AccessToDB.Tests.UsersRepositoryTests" name="TestGetUsersAsyncEmpty" />
    </UnitTest>
    <UnitTest name="AccessToDB.Tests.LiftsSlopesRepositoryTests.TestGetLiftsBySlopeIdAsyncOk(slope1: Slope { SlopeID = 241, SlopeName = slopeName24aec9c9-ee42-4df6-873e-58dc14fd9b38, IsOpen = True, DifficultyLevel = 135, ConnectedLifts =  }, slope2: Slope { SlopeID = 201, SlopeName = slopeNamea5dc30ae-cc81-4f94-8cc0-7484a4446def, IsOpen = False, DifficultyLevel = 39, ConnectedLifts =  }, lift1: Lift { LiftID = 21, LiftName = liftName53eafd56-b55d-4433-af6c-7ae..." storage="/mnt/c/users/alena/desktop/7_sem/testing_and_debugging/skiresort/accesstodb.tests/bin/debug/net6.0/accesstodb.tests.dll" id="58b187be-84da-447c-f428-83086f20e71f">
      <Execution id="432d9829-7fb7-4892-9077-f1bc5ba94072" />
      <TestMethod codeBase="/mnt/c/Users/alena/Desktop/7_sem/testing_and_debugging/SkiResort/AccessToDB.Tests/bin/Debug/net6.0/AccessToDB.Tests.dll" adapterTypeName="executor://xunit/VsTestRunner2/netcoreapp" className="AccessToDB.Tests.LiftsSlopesRepositoryTests" name="TestGetLiftsBySlopeIdAsyncOk" />
    </UnitTest>
    <UnitTest name="AccessToDB.Tests.UsersRepositoryTests.TestCheckUserIdExistsAsyncTrue(user: User { UserID = 208, CardID = 31, UserEmail = UserEmailb354c05d-5bfd-4346-b2b6-f32e47af1a6c, Password = passworda1a4a88e-546b-4fb4-8adc-4253aadb278a, Permissions = UNAUTHORIZED })" storage="/mnt/c/users/alena/desktop/7_sem/testing_and_debugging/skiresort/accesstodb.tests/bin/debug/net6.0/accesstodb.tests.dll" id="5385b575-ea62-b417-a360-57961da92d1b">
      <Execution id="41a53870-08f1-41b1-a7b0-86b96697a4b6" />
      <TestMethod codeBase="/mnt/c/Users/alena/Desktop/7_sem/testing_and_debugging/SkiResort/AccessToDB.Tests/bin/Debug/net6.0/AccessToDB.Tests.dll" adapterTypeName="executor://xunit/VsTestRunner2/netcoreapp" className="AccessToDB.Tests.UsersRepositoryTests" name="TestCheckUserIdExistsAsyncTrue" />
    </UnitTest>
    <UnitTest name="AccessToDB.Tests.LiftsSlopesRepositoryTests.TestGetLiftSlopesAsyncEmpty" storage="/mnt/c/users/alena/desktop/7_sem/testing_and_debugging/skiresort/accesstodb.tests/bin/debug/net6.0/accesstodb.tests.dll" id="4145f44e-b4b1-a618-09e8-c631496e6f1a">
      <Execution id="6200985a-5192-42d6-8f0a-a899615d80cf" />
      <TestMethod codeBase="/mnt/c/Users/alena/Desktop/7_sem/testing_and_debugging/SkiResort/AccessToDB.Tests/bin/Debug/net6.0/AccessToDB.Tests.dll" adapterTypeName="executor://xunit/VsTestRunner2/netcoreapp" className="AccessToDB.Tests.LiftsSlopesRepositoryTests" name="TestGetLiftSlopesAsyncEmpty" />
    </UnitTest>
    <UnitTest name="AccessToDB.Tests.UsersRepositoryTests.TestAddUserAsyncFailsWhenUserIdRepeats(user: User { UserID = 71, CardID = 250, UserEmail = UserEmail5b97a7e2-90ea-4a34-b62c-20481cd07fe0, Password = password26feb546-b49e-4960-a254-c8b1d7e117fa, Permissions = UNAUTHORIZED })" storage="/mnt/c/users/alena/desktop/7_sem/testing_and_debugging/skiresort/accesstodb.tests/bin/debug/net6.0/accesstodb.tests.dll" id="47985502-c6e9-c2bb-86eb-086d87b37e4e">
      <Execution id="df1546c2-94b0-4230-9207-48f1a13dba59" />
      <TestMethod codeBase="/mnt/c/Users/alena/Desktop/7_sem/testing_and_debugging/SkiResort/AccessToDB.Tests/bin/Debug/net6.0/AccessToDB.Tests.dll" adapterTypeName="executor://xunit/VsTestRunner2/netcoreapp" className="AccessToDB.Tests.UsersRepositoryTests" name="TestAddUserAsyncFailsWhenUserIdRepeats" />
    </UnitTest>
    <UnitTest name="AccessToDB.Tests.TurnstilesRepositoryTests.TestDeleteTurnstileByIDAsyncFailsWhenIDNotExists(turnstileID: 220)" storage="/mnt/c/users/alena/desktop/7_sem/testing_and_debugging/skiresort/accesstodb.tests/bin/debug/net6.0/accesstodb.tests.dll" id="74307be7-02ac-2519-576d-b70ac42a994b">
      <Execution id="5f0fccf2-2794-4c10-8a75-dc01d37a2b30" />
      <TestMethod codeBase="/mnt/c/Users/alena/Desktop/7_sem/testing_and_debugging/SkiResort/AccessToDB.Tests/bin/Debug/net6.0/AccessToDB.Tests.dll" adapterTypeName="executor://xunit/VsTestRunner2/netcoreapp" className="AccessToDB.Tests.TurnstilesRepositoryTests" name="TestDeleteTurnstileByIDAsyncFailsWhenIDNotExists" />
    </UnitTest>
    <UnitTest name="AccessToDB.Tests.LiftsSlopesRepositoryTests.TestGetSlopesByLiftIdAsyncFailsWhenSlopeNotExists(liftSlope: LiftSlope { RecordID = 185, LiftID = 36, SlopeID = 150 })" storage="/mnt/c/users/alena/desktop/7_sem/testing_and_debugging/skiresort/accesstodb.tests/bin/debug/net6.0/accesstodb.tests.dll" id="d21aa68b-50ff-3e1c-69ed-f371903fed0c">
      <Execution id="160c3dc4-4e0d-4c7b-bc3f-f1b43980af37" />
      <TestMethod codeBase="/mnt/c/Users/alena/Desktop/7_sem/testing_and_debugging/SkiResort/AccessToDB.Tests/bin/Debug/net6.0/AccessToDB.Tests.dll" adapterTypeName="executor://xunit/VsTestRunner2/netcoreapp" className="AccessToDB.Tests.LiftsSlopesRepositoryTests" name="TestGetSlopesByLiftIdAsyncFailsWhenSlopeNotExists" />
    </UnitTest>
    <UnitTest name="AccessToDB.Tests.TurnstilesRepositoryTests.TestGetTurnstileByIdAsyncOk(turnstile: Turnstile { TurnstileID = 29, LiftID = 234, IsOpen = True })" storage="/mnt/c/users/alena/desktop/7_sem/testing_and_debugging/skiresort/accesstodb.tests/bin/debug/net6.0/accesstodb.tests.dll" id="7ae0e96e-bc32-7679-866d-1b3a12a7e98d">
      <Execution id="e29a84b8-364b-4f19-a3ec-f7cb326c2574" />
      <TestMethod codeBase="/mnt/c/Users/alena/Desktop/7_sem/testing_and_debugging/SkiResort/AccessToDB.Tests/bin/Debug/net6.0/AccessToDB.Tests.dll" adapterTypeName="executor://xunit/VsTestRunner2/netcoreapp" className="AccessToDB.Tests.TurnstilesRepositoryTests" name="TestGetTurnstileByIdAsyncOk" />
    </UnitTest>
    <UnitTest name="AccessToDB.Tests.LiftsSlopesRepositoryTests.TestDeleteLiftSlopesByIDsAsyncOk(liftSlope: LiftSlope { RecordID = 66, LiftID = 81, SlopeID = 215 })" storage="/mnt/c/users/alena/desktop/7_sem/testing_and_debugging/skiresort/accesstodb.tests/bin/debug/net6.0/accesstodb.tests.dll" id="8e91b723-a197-ac24-9dc4-10a02515b4f8">
      <Execution id="180ad0ff-f697-4a8e-a4a1-cd2cc127d730" />
      <TestMethod codeBase="/mnt/c/Users/alena/Desktop/7_sem/testing_and_debugging/SkiResort/AccessToDB.Tests/bin/Debug/net6.0/AccessToDB.Tests.dll" adapterTypeName="executor://xunit/VsTestRunner2/netcoreapp" className="AccessToDB.Tests.LiftsSlopesRepositoryTests" name="TestDeleteLiftSlopesByIDsAsyncOk" />
    </UnitTest>
    <UnitTest name="AccessToDB.Tests.LiftsRepositoryTests.TestAddLiftAutoIncrementAsyncOk" storage="/mnt/c/users/alena/desktop/7_sem/testing_and_debugging/skiresort/accesstodb.tests/bin/debug/net6.0/accesstodb.tests.dll" id="ec229f70-485a-f91b-53ed-bce655f6cd58">
      <Execution id="a566d158-e645-4d0d-95f0-d52aa244ad96" />
      <TestMethod codeBase="/mnt/c/Users/alena/Desktop/7_sem/testing_and_debugging/SkiResort/AccessToDB.Tests/bin/Debug/net6.0/AccessToDB.Tests.dll" adapterTypeName="executor://xunit/VsTestRunner2/netcoreapp" className="AccessToDB.Tests.LiftsRepositoryTests" name="TestAddLiftAutoIncrementAsyncOk" />
    </UnitTest>
    <UnitTest name="AccessToDB.Tests.SlopesRepositoryTests.TestAddSlopeAsyncFailsWhenSlopeIdRepeats(slope: Slope { SlopeID = 67, SlopeName = slopeName189e4e2a-0fac-4f4e-99e1-885f5e4d43b7, IsOpen = True, DifficultyLevel = 170, ConnectedLifts =  })" storage="/mnt/c/users/alena/desktop/7_sem/testing_and_debugging/skiresort/accesstodb.tests/bin/debug/net6.0/accesstodb.tests.dll" id="69f2e0d0-92c6-9a1e-936e-d218f97a3556">
      <Execution id="eb5eafb6-8928-4590-a9d8-ef9fcd628baa" />
      <TestMethod codeBase="/mnt/c/Users/alena/Desktop/7_sem/testing_and_debugging/SkiResort/AccessToDB.Tests/bin/Debug/net6.0/AccessToDB.Tests.dll" adapterTypeName="executor://xunit/VsTestRunner2/netcoreapp" className="AccessToDB.Tests.SlopesRepositoryTests" name="TestAddSlopeAsyncFailsWhenSlopeIdRepeats" />
    </UnitTest>
    <UnitTest name="AccessToDB.Tests.UsersRepositoryTests.TestDeleteUserByIDAsyncFailsWhenIDNotExists(userID: 71)" storage="/mnt/c/users/alena/desktop/7_sem/testing_and_debugging/skiresort/accesstodb.tests/bin/debug/net6.0/accesstodb.tests.dll" id="cc005186-4d9a-1ccc-826e-b6023ac02cfa">
      <Execution id="ee403e5f-4516-4d9f-be14-3f831afc7a0d" />
      <TestMethod codeBase="/mnt/c/Users/alena/Desktop/7_sem/testing_and_debugging/SkiResort/AccessToDB.Tests/bin/Debug/net6.0/AccessToDB.Tests.dll" adapterTypeName="executor://xunit/VsTestRunner2/netcoreapp" className="AccessToDB.Tests.UsersRepositoryTests" name="TestDeleteUserByIDAsyncFailsWhenIDNotExists" />
    </UnitTest>
    <UnitTest name="AccessToDB.Tests.UsersRepositoryTests.TestGetUserByIdAsyncOk(user: User { UserID = 84, CardID = 111, UserEmail = UserEmail327bc33f-21d2-4e28-9e72-434873cfdc1d, Password = password1918bc76-80e8-48cf-9410-65352cb808a0, Permissions = UNAUTHORIZED })" storage="/mnt/c/users/alena/desktop/7_sem/testing_and_debugging/skiresort/accesstodb.tests/bin/debug/net6.0/accesstodb.tests.dll" id="35da0991-dff8-5373-72d1-11984ae20be2">
      <Execution id="8bac3c2d-df80-4f26-8fa6-4bdc83a69f6f" />
      <TestMethod codeBase="/mnt/c/Users/alena/Desktop/7_sem/testing_and_debugging/SkiResort/AccessToDB.Tests/bin/Debug/net6.0/AccessToDB.Tests.dll" adapterTypeName="executor://xunit/VsTestRunner2/netcoreapp" className="AccessToDB.Tests.UsersRepositoryTests" name="TestGetUserByIdAsyncOk" />
    </UnitTest>
    <UnitTest name="AccessToDB.Tests.SlopesRepositoryTests.TestGetSlopeByNameAsyncFailsWhenNameNotExists(slopeName: &quot;slopeNamee52b53cf-d704-4df0-a4e0-9cc48852936b&quot;)" storage="/mnt/c/users/alena/desktop/7_sem/testing_and_debugging/skiresort/accesstodb.tests/bin/debug/net6.0/accesstodb.tests.dll" id="11786363-09c9-c0cb-0b48-1fd53283a9f8">
      <Execution id="060b7d6c-9292-456c-8216-34694a549d5c" />
      <TestMethod codeBase="/mnt/c/Users/alena/Desktop/7_sem/testing_and_debugging/SkiResort/AccessToDB.Tests/bin/Debug/net6.0/AccessToDB.Tests.dll" adapterTypeName="executor://xunit/VsTestRunner2/netcoreapp" className="AccessToDB.Tests.SlopesRepositoryTests" name="TestGetSlopeByNameAsyncFailsWhenNameNotExists" />
    </UnitTest>
    <UnitTest name="AccessToDB.Tests.LiftsRepositoryTests.TestGetLiftByIdAsyncOk(lift: Lift { LiftID = 169, LiftName = liftNameabea810f-ca3f-487d-8aa0-3668ddab2487, IsOpen = True, SeatsAmount = 93, LiftingTime = 30, QueueTime = 70, ConnectedSlopes =  })" storage="/mnt/c/users/alena/desktop/7_sem/testing_and_debugging/skiresort/accesstodb.tests/bin/debug/net6.0/accesstodb.tests.dll" id="154d3532-d6c7-fb45-4f2f-207ef88162ef">
      <Execution id="32e96247-0066-4738-a25f-7ef762ec12ce" />
      <TestMethod codeBase="/mnt/c/Users/alena/Desktop/7_sem/testing_and_debugging/SkiResort/AccessToDB.Tests/bin/Debug/net6.0/AccessToDB.Tests.dll" adapterTypeName="executor://xunit/VsTestRunner2/netcoreapp" className="AccessToDB.Tests.LiftsRepositoryTests" name="TestGetLiftByIdAsyncOk" />
    </UnitTest>
    <UnitTest name="AccessToDB.Tests.LiftsRepositoryTests.TestAddLiftAsyncFailsWhenLiftIdRepeats(lift: Lift { LiftID = 203, LiftName = liftNamedcb99fbc-24dc-4ffe-9e8a-78f04f78aaab, IsOpen = True, SeatsAmount = 182, LiftingTime = 247, QueueTime = 121, ConnectedSlopes =  })" storage="/mnt/c/users/alena/desktop/7_sem/testing_and_debugging/skiresort/accesstodb.tests/bin/debug/net6.0/accesstodb.tests.dll" id="0a6c64ba-bab0-56d6-9cd4-0b41b3c11a65">
      <Execution id="561a3f1f-75d9-495e-afe7-3337b3062e6e" />
      <TestMethod codeBase="/mnt/c/Users/alena/Desktop/7_sem/testing_and_debugging/SkiResort/AccessToDB.Tests/bin/Debug/net6.0/AccessToDB.Tests.dll" adapterTypeName="executor://xunit/VsTestRunner2/netcoreapp" className="AccessToDB.Tests.LiftsRepositoryTests" name="TestAddLiftAsyncFailsWhenLiftIdRepeats" />
    </UnitTest>
    <UnitTest name="AccessToDB.Tests.LiftsRepositoryTests.TestGetLiftByNameAsyncFailsWhenNameNotExists(liftName: &quot;liftName17a672c4-f88f-49dc-9a40-f1f00ae24b41&quot;)" storage="/mnt/c/users/alena/desktop/7_sem/testing_and_debugging/skiresort/accesstodb.tests/bin/debug/net6.0/accesstodb.tests.dll" id="32e4afa7-e699-7f60-426a-2c90bfd7b670">
      <Execution id="33509ecd-8c38-475c-b9c6-d8e88be7f0b5" />
      <TestMethod codeBase="/mnt/c/Users/alena/Desktop/7_sem/testing_and_debugging/SkiResort/AccessToDB.Tests/bin/Debug/net6.0/AccessToDB.Tests.dll" adapterTypeName="executor://xunit/VsTestRunner2/netcoreapp" className="AccessToDB.Tests.LiftsRepositoryTests" name="TestGetLiftByNameAsyncFailsWhenNameNotExists" />
    </UnitTest>
    <UnitTest name="AccessToDB.Tests.SlopesRepositoryTests.TestUpdateSlopeByIDAsyncOk(slope: Slope { SlopeID = 146, SlopeName = slopeNamed4b28de3-4e0c-42e7-b921-5ff0b2085a7e, IsOpen = True, DifficultyLevel = 25, ConnectedLifts =  })" storage="/mnt/c/users/alena/desktop/7_sem/testing_and_debugging/skiresort/accesstodb.tests/bin/debug/net6.0/accesstodb.tests.dll" id="a1c291e5-b860-8986-7324-57c96cfc5598">
      <Execution id="539419a5-ba4f-4cc2-a3af-034985f3bbd0" />
      <TestMethod codeBase="/mnt/c/Users/alena/Desktop/7_sem/testing_and_debugging/SkiResort/AccessToDB.Tests/bin/Debug/net6.0/AccessToDB.Tests.dll" adapterTypeName="executor://xunit/VsTestRunner2/netcoreapp" className="AccessToDB.Tests.SlopesRepositoryTests" name="TestUpdateSlopeByIDAsyncOk" />
    </UnitTest>
    <UnitTest name="AccessToDB.Tests.UsersRepositoryTests.TestAddUserAutoIncrementAsyncOk" storage="/mnt/c/users/alena/desktop/7_sem/testing_and_debugging/skiresort/accesstodb.tests/bin/debug/net6.0/accesstodb.tests.dll" id="e75bb6e2-88d9-af2a-a444-c4a9d67f0f0e">
      <Execution id="8d3cfa41-01bf-49f0-a167-61093aa51241" />
      <TestMethod codeBase="/mnt/c/Users/alena/Desktop/7_sem/testing_and_debugging/SkiResort/AccessToDB.Tests/bin/Debug/net6.0/AccessToDB.Tests.dll" adapterTypeName="executor://xunit/VsTestRunner2/netcoreapp" className="AccessToDB.Tests.UsersRepositoryTests" name="TestAddUserAutoIncrementAsyncOk" />
    </UnitTest>
    <UnitTest name="AccessToDB.Tests.LiftsRepositoryTests.TestDeleteLiftByIDAsyncFailsWhenIDNotExists(liftID: 224)" storage="/mnt/c/users/alena/desktop/7_sem/testing_and_debugging/skiresort/accesstodb.tests/bin/debug/net6.0/accesstodb.tests.dll" id="94594bfe-2e4e-0cdf-be2e-b67800eb02c1">
      <Execution id="777ed4b5-f196-460d-aabe-128bcb3e98f8" />
      <TestMethod codeBase="/mnt/c/Users/alena/Desktop/7_sem/testing_and_debugging/SkiResort/AccessToDB.Tests/bin/Debug/net6.0/AccessToDB.Tests.dll" adapterTypeName="executor://xunit/VsTestRunner2/netcoreapp" className="AccessToDB.Tests.LiftsRepositoryTests" name="TestDeleteLiftByIDAsyncFailsWhenIDNotExists" />
    </UnitTest>
    <UnitTest name="AccessToDB.Tests.TurnstilesRepositoryTests.TestGetTurnstilesAsyncEmpty" storage="/mnt/c/users/alena/desktop/7_sem/testing_and_debugging/skiresort/accesstodb.tests/bin/debug/net6.0/accesstodb.tests.dll" id="3c521313-4ed6-6bce-b4f9-c359411028e7">
      <Execution id="0817f0ea-1031-476c-8a2d-7ff3a2521b91" />
      <TestMethod codeBase="/mnt/c/Users/alena/Desktop/7_sem/testing_and_debugging/SkiResort/AccessToDB.Tests/bin/Debug/net6.0/AccessToDB.Tests.dll" adapterTypeName="executor://xunit/VsTestRunner2/netcoreapp" className="AccessToDB.Tests.TurnstilesRepositoryTests" name="TestGetTurnstilesAsyncEmpty" />
    </UnitTest>
    <UnitTest name="AccessToDB.Tests.SlopesRepositoryTests.TestDeleteSlopeByIDAsyncFailsWhenIDNotExists(slopeID: 113)" storage="/mnt/c/users/alena/desktop/7_sem/testing_and_debugging/skiresort/accesstodb.tests/bin/debug/net6.0/accesstodb.tests.dll" id="60d321b3-d2ba-6313-ab78-8937081f4e6b">
      <Execution id="4cf3d488-e1d2-4084-ab60-e5c953f87121" />
      <TestMethod codeBase="/mnt/c/Users/alena/Desktop/7_sem/testing_and_debugging/SkiResort/AccessToDB.Tests/bin/Debug/net6.0/AccessToDB.Tests.dll" adapterTypeName="executor://xunit/VsTestRunner2/netcoreapp" className="AccessToDB.Tests.SlopesRepositoryTests" name="TestDeleteSlopeByIDAsyncFailsWhenIDNotExists" />
    </UnitTest>
    <UnitTest name="AccessToDB.Tests.LiftsSlopesRepositoryTests.TestDeleteLiftSlopeByIDAsyncFailsWhenIDNotExists(liftSlopeID: 192)" storage="/mnt/c/users/alena/desktop/7_sem/testing_and_debugging/skiresort/accesstodb.tests/bin/debug/net6.0/accesstodb.tests.dll" id="5591bf33-8101-be22-8991-5928b0542873">
      <Execution id="657b28f8-32d2-4fa2-98cb-b4c37e7b5b5b" />
      <TestMethod codeBase="/mnt/c/Users/alena/Desktop/7_sem/testing_and_debugging/SkiResort/AccessToDB.Tests/bin/Debug/net6.0/AccessToDB.Tests.dll" adapterTypeName="executor://xunit/VsTestRunner2/netcoreapp" className="AccessToDB.Tests.LiftsSlopesRepositoryTests" name="TestDeleteLiftSlopeByIDAsyncFailsWhenIDNotExists" />
    </UnitTest>
    <UnitTest name="AccessToDB.Tests.LiftsSlopesRepositoryTests.TestAddLiftSlopeAsyncFailsWhenLiftSlopeIdRepeats(liftSlope: LiftSlope { RecordID = 246, LiftID = 68, SlopeID = 253 })" storage="/mnt/c/users/alena/desktop/7_sem/testing_and_debugging/skiresort/accesstodb.tests/bin/debug/net6.0/accesstodb.tests.dll" id="37bf0c73-3823-1c2b-fb46-1a922afa2dbc">
      <Execution id="247bd410-9f5f-4a46-8ec7-0fd7569187eb" />
      <TestMethod codeBase="/mnt/c/Users/alena/Desktop/7_sem/testing_and_debugging/SkiResort/AccessToDB.Tests/bin/Debug/net6.0/AccessToDB.Tests.dll" adapterTypeName="executor://xunit/VsTestRunner2/netcoreapp" className="AccessToDB.Tests.LiftsSlopesRepositoryTests" name="TestAddLiftSlopeAsyncFailsWhenLiftSlopeIdRepeats" />
    </UnitTest>
    <UnitTest name="AccessToDB.Tests.SlopesRepositoryTests.TestGetSlopesAsyncEmpty" storage="/mnt/c/users/alena/desktop/7_sem/testing_and_debugging/skiresort/accesstodb.tests/bin/debug/net6.0/accesstodb.tests.dll" id="9bbefb83-8311-6e03-307f-415e3495e223">
      <Execution id="8bdae5c4-8e73-4f53-bc10-c4ad88ffb7fd" />
      <TestMethod codeBase="/mnt/c/Users/alena/Desktop/7_sem/testing_and_debugging/SkiResort/AccessToDB.Tests/bin/Debug/net6.0/AccessToDB.Tests.dll" adapterTypeName="executor://xunit/VsTestRunner2/netcoreapp" className="AccessToDB.Tests.SlopesRepositoryTests" name="TestGetSlopesAsyncEmpty" />
    </UnitTest>
  </TestDefinitions>
  <TestEntries>
    <TestEntry testId="cc005186-4d9a-1ccc-826e-b6023ac02cfa" executionId="ee403e5f-4516-4d9f-be14-3f831afc7a0d" testListId="8c84fa94-04c1-424b-9868-57a2d4851a1d" />
    <TestEntry testId="4145f44e-b4b1-a618-09e8-c631496e6f1a" executionId="6200985a-5192-42d6-8f0a-a899615d80cf" testListId="8c84fa94-04c1-424b-9868-57a2d4851a1d" />
    <TestEntry testId="7ae34d65-d56a-370d-1f78-ae07eb8e5288" executionId="3eb59e92-1c6e-4f21-baf2-ab02297d898f" testListId="8c84fa94-04c1-424b-9868-57a2d4851a1d" />
    <TestEntry testId="58b187be-84da-447c-f428-83086f20e71f" executionId="432d9829-7fb7-4892-9077-f1bc5ba94072" testListId="8c84fa94-04c1-424b-9868-57a2d4851a1d" />
    <TestEntry testId="5aef1d65-960a-002f-7bf9-7b749db63d9c" executionId="14198830-9c7b-4c78-8af6-00defc01efe5" testListId="8c84fa94-04c1-424b-9868-57a2d4851a1d" />
    <TestEntry testId="94594bfe-2e4e-0cdf-be2e-b67800eb02c1" executionId="777ed4b5-f196-460d-aabe-128bcb3e98f8" testListId="8c84fa94-04c1-424b-9868-57a2d4851a1d" />
    <TestEntry testId="69f2e0d0-92c6-9a1e-936e-d218f97a3556" executionId="eb5eafb6-8928-4590-a9d8-ef9fcd628baa" testListId="8c84fa94-04c1-424b-9868-57a2d4851a1d" />
    <TestEntry testId="d21aa68b-50ff-3e1c-69ed-f371903fed0c" executionId="160c3dc4-4e0d-4c7b-bc3f-f1b43980af37" testListId="8c84fa94-04c1-424b-9868-57a2d4851a1d" />
    <TestEntry testId="ec229f70-485a-f91b-53ed-bce655f6cd58" executionId="a566d158-e645-4d0d-95f0-d52aa244ad96" testListId="8c84fa94-04c1-424b-9868-57a2d4851a1d" />
    <TestEntry testId="e75bb6e2-88d9-af2a-a444-c4a9d67f0f0e" executionId="8d3cfa41-01bf-49f0-a167-61093aa51241" testListId="8c84fa94-04c1-424b-9868-57a2d4851a1d" />
    <TestEntry testId="47985502-c6e9-c2bb-86eb-086d87b37e4e" executionId="df1546c2-94b0-4230-9207-48f1a13dba59" testListId="8c84fa94-04c1-424b-9868-57a2d4851a1d" />
    <TestEntry testId="e57f5ffd-6c62-1e02-16bf-7ca65b93dafa" executionId="c7e29ccc-a770-421e-b0d3-76c501ab3ccf" testListId="8c84fa94-04c1-424b-9868-57a2d4851a1d" />
    <TestEntry testId="8e91b723-a197-ac24-9dc4-10a02515b4f8" executionId="180ad0ff-f697-4a8e-a4a1-cd2cc127d730" testListId="8c84fa94-04c1-424b-9868-57a2d4851a1d" />
    <TestEntry testId="02f83b7d-1e55-5aea-aaa5-3edc9faab448" executionId="9b961dd5-4061-4f7e-b852-dfb1024e2a9c" testListId="8c84fa94-04c1-424b-9868-57a2d4851a1d" />
    <TestEntry testId="8f7ba917-f771-0dc5-f9b9-465c34344b12" executionId="12034cc1-b738-4d5a-95d5-5ba5c2342d47" testListId="8c84fa94-04c1-424b-9868-57a2d4851a1d" />
    <TestEntry testId="30f8e924-9784-0a43-e807-094f70e06567" executionId="ef4431c2-f48e-4f64-b53d-fc1a05e36556" testListId="8c84fa94-04c1-424b-9868-57a2d4851a1d" />
    <TestEntry testId="0ed929ca-ffcc-adc8-64db-4850b2d8902a" executionId="5001af09-a9fd-4ea2-93cd-b3f9db842719" testListId="8c84fa94-04c1-424b-9868-57a2d4851a1d" />
    <TestEntry testId="7ae0e96e-bc32-7679-866d-1b3a12a7e98d" executionId="e29a84b8-364b-4f19-a3ec-f7cb326c2574" testListId="8c84fa94-04c1-424b-9868-57a2d4851a1d" />
    <TestEntry testId="60d321b3-d2ba-6313-ab78-8937081f4e6b" executionId="4cf3d488-e1d2-4084-ab60-e5c953f87121" testListId="8c84fa94-04c1-424b-9868-57a2d4851a1d" />
    <TestEntry testId="441cb819-6d54-eff7-0eeb-7a28e0184e64" executionId="4ac5984c-a86b-4cd8-b1f0-85a648c78a52" testListId="8c84fa94-04c1-424b-9868-57a2d4851a1d" />
    <TestEntry testId="89f8e158-1724-c8ae-8ba9-b3e730070ecf" executionId="e0251329-69d2-4511-9cc4-95cbaedfc2dc" testListId="8c84fa94-04c1-424b-9868-57a2d4851a1d" />
    <TestEntry testId="5591bf33-8101-be22-8991-5928b0542873" executionId="657b28f8-32d2-4fa2-98cb-b4c37e7b5b5b" testListId="8c84fa94-04c1-424b-9868-57a2d4851a1d" />
    <TestEntry testId="32e4afa7-e699-7f60-426a-2c90bfd7b670" executionId="33509ecd-8c38-475c-b9c6-d8e88be7f0b5" testListId="8c84fa94-04c1-424b-9868-57a2d4851a1d" />
    <TestEntry testId="a1c291e5-b860-8986-7324-57c96cfc5598" executionId="539419a5-ba4f-4cc2-a3af-034985f3bbd0" testListId="8c84fa94-04c1-424b-9868-57a2d4851a1d" />
    <TestEntry testId="3c521313-4ed6-6bce-b4f9-c359411028e7" executionId="0817f0ea-1031-476c-8a2d-7ff3a2521b91" testListId="8c84fa94-04c1-424b-9868-57a2d4851a1d" />
    <TestEntry testId="9bbefb83-8311-6e03-307f-415e3495e223" executionId="8bdae5c4-8e73-4f53-bc10-c4ad88ffb7fd" testListId="8c84fa94-04c1-424b-9868-57a2d4851a1d" />
    <TestEntry testId="a31bf260-46eb-1cf4-ca9f-32620f53a52a" executionId="5e539f7a-e270-484b-99d3-be39dc74e2ea" testListId="8c84fa94-04c1-424b-9868-57a2d4851a1d" />
    <TestEntry testId="5385b575-ea62-b417-a360-57961da92d1b" executionId="41a53870-08f1-41b1-a7b0-86b96697a4b6" testListId="8c84fa94-04c1-424b-9868-57a2d4851a1d" />
    <TestEntry testId="5dc5f940-ecba-60bf-6a21-1a04bd4d9bca" executionId="4ab25718-2767-4612-a7dd-ad4ec7f2b79a" testListId="8c84fa94-04c1-424b-9868-57a2d4851a1d" />
    <TestEntry testId="fbf9552a-9230-9909-0589-4b94baf4cd1e" executionId="978ec404-0453-4aad-98ec-6190d60a90f3" testListId="8c84fa94-04c1-424b-9868-57a2d4851a1d" />
    <TestEntry testId="f9435956-2e34-e52b-c34e-dce53665cf8e" executionId="345468dd-957f-4ed0-994b-8902683301b7" testListId="8c84fa94-04c1-424b-9868-57a2d4851a1d" />
    <TestEntry testId="11786363-09c9-c0cb-0b48-1fd53283a9f8" executionId="060b7d6c-9292-456c-8216-34694a549d5c" testListId="8c84fa94-04c1-424b-9868-57a2d4851a1d" />
    <TestEntry testId="37bf0c73-3823-1c2b-fb46-1a922afa2dbc" executionId="247bd410-9f5f-4a46-8ec7-0fd7569187eb" testListId="8c84fa94-04c1-424b-9868-57a2d4851a1d" />
    <TestEntry testId="3741b26d-6ee0-6246-29e4-92009bff37b0" executionId="7e889568-a37e-4616-b9c2-0c832d5e5477" testListId="8c84fa94-04c1-424b-9868-57a2d4851a1d" />
    <TestEntry testId="0a6c64ba-bab0-56d6-9cd4-0b41b3c11a65" executionId="561a3f1f-75d9-495e-afe7-3337b3062e6e" testListId="8c84fa94-04c1-424b-9868-57a2d4851a1d" />
    <TestEntry testId="74307be7-02ac-2519-576d-b70ac42a994b" executionId="5f0fccf2-2794-4c10-8a75-dc01d37a2b30" testListId="8c84fa94-04c1-424b-9868-57a2d4851a1d" />
    <TestEntry testId="154d3532-d6c7-fb45-4f2f-207ef88162ef" executionId="32e96247-0066-4738-a25f-7ef762ec12ce" testListId="8c84fa94-04c1-424b-9868-57a2d4851a1d" />
    <TestEntry testId="35da0991-dff8-5373-72d1-11984ae20be2" executionId="8bac3c2d-df80-4f26-8fa6-4bdc83a69f6f" testListId="8c84fa94-04c1-424b-9868-57a2d4851a1d" />
    <TestEntry testId="607e8298-f113-be33-300e-15a343893443" executionId="760279cc-2cc9-4a01-99ea-331c021a9e0c" testListId="8c84fa94-04c1-424b-9868-57a2d4851a1d" />
  </TestEntries>
  <TestLists>
    <TestList name="Results Not in a List" id="8c84fa94-04c1-424b-9868-57a2d4851a1d" />
    <TestList name="All Loaded Results" id="19431567-8539-422a-85d7-44ee4e166bda" />
  </TestLists>
  <ResultSummary outcome="Failed">
    <Counters total="39" executed="39" passed="38" failed="1" error="0" timeout="0" aborted="0" inconclusive="0" passedButRunAborted="0" notRunnable="0" notExecuted="0" disconnected="0" warning="0" completed="0" inProgress="0" pending="0" />
    <Output>
      <StdOut>[xUnit.net 00:00:00.00] xUnit.net VSTest Adapter v2.4.5+1caef2f33e (64-bit .NET 6.0.10)
[xUnit.net 00:00:01.00]   Discovering: AccessToDB.Tests
[xUnit.net 00:00:01.13]   Discovered:  AccessToDB.Tests
[xUnit.net 00:00:01.13]   Starting:    AccessToDB.Tests
[xUnit.net 00:00:09.36]       System.InvalidOperationException : Operations that change non-concurrent collections must have exclusive access. A concurrent update was performed on this collection and corrupted its state. The collection's state is no longer correct.
[xUnit.net 00:00:09.36]       Stack Trace:
[xUnit.net 00:00:09.37]            at System.Collections.Generic.Dictionary`2.FindValue(TKey key)
[xUnit.net 00:00:09.37]            at System.Collections.Generic.Dictionary`2.TryGetValue(TKey key, TValue&amp; value)
[xUnit.net 00:00:09.37]            at ProGaudi.MsgPack.Light.MsgPackContext.GetObjectActivator(Type type)
[xUnit.net 00:00:09.37]            at ProGaudi.MsgPack.Light.MsgPackContext.&lt;&gt;c__DisplayClass27_0.&lt;TryGenerateArrayConverter&gt;b__0(Type x)
[xUnit.net 00:00:09.37]            at ProGaudi.MsgPack.Light.MsgPackContext.TryGenerateArrayConverter(Type type)
[xUnit.net 00:00:09.37]            at ProGaudi.MsgPack.Light.MsgPackContext.GetConverter[T]()
[xUnit.net 00:00:09.37]            at ProGaudi.Tarantool.Client.Converters.ResponsePacketConverter`1.Initialize(MsgPackContext context)
[xUnit.net 00:00:09.37]            at ProGaudi.MsgPack.Light.MsgPackContext.CreateAndInializeConverter(Func`1 converterActivator)
[xUnit.net 00:00:09.37]            at ProGaudi.MsgPack.Light.MsgPackContext.TryGenerateConverterFromGenericConverter(Type type)
[xUnit.net 00:00:09.37]            at ProGaudi.MsgPack.Light.MsgPackContext.GetConverter[T]()
[xUnit.net 00:00:09.37]            at ProGaudi.MsgPack.Light.MsgPackSerializer.GetConverter[T](MsgPackContext context)
[xUnit.net 00:00:09.37]            at ProGaudi.MsgPack.Light.MsgPackSerializer.Deserialize[T](MemoryStream stream, MsgPackContext context)
[xUnit.net 00:00:09.37]            at ProGaudi.Tarantool.Client.LogicalConnection.SendRequest[TRequest,TResponse](TRequest request, Nullable`1 timeout)
[xUnit.net 00:00:09.37]            at ProGaudi.Tarantool.Client.LogicalConnectionManager.SendRequest[TRequest,TResponse](TRequest request, Nullable`1 timeout)
[xUnit.net 00:00:09.37]            at ProGaudi.Tarantool.Client.Index.Select[TKey,TTuple](TKey key, SelectOptions options)
[xUnit.net 00:00:09.37]         /mnt/c/Users/alena/Desktop/7_sem/testing_and_debugging/SkiResort/AccessToDB/TarantoolRepositories/TarantoolSlopesRepository.cs(36,0): at AccessToDB.RepositoriesTarantool.TarantoolSlopesRepository.GetSlopesAsync(UInt32 offset, UInt32 limit)
[xUnit.net 00:00:09.37]         /mnt/c/Users/alena/Desktop/7_sem/testing_and_debugging/SkiResort/AccessToDB.Tests/SlopesRepositoryTests.cs(40,0): at AccessToDB.Tests.SlopesRepositoryTests.CleanSlopesTable()
[xUnit.net 00:00:09.37]         /mnt/c/Users/alena/Desktop/7_sem/testing_and_debugging/SkiResort/AccessToDB.Tests/SlopesRepositoryTests.cs(30,0): at AccessToDB.Tests.SlopesRepositoryTests..ctor()
[xUnit.net 00:00:09.37]            at System.RuntimeType.CreateInstanceDefaultCtor(Boolean publicOnly, Boolean wrapExceptions)
[xUnit.net 00:00:16.78]   Finished:    AccessToDB.Tests
</StdOut>
    </Output>
    <RunInfos>
      <RunInfo computerName="DESKTOP-TJ9D65N" outcome="Error" timestamp="2022-10-21T17:11:02.2483898+03:00">
        <Text>[xUnit.net 00:00:09.36]     AccessToDB.Tests.SlopesRepositoryTests.TestDeleteSlopeByIDAsyncFailsWhenIDNotExists(slopeID: 113) [FAIL]</Text>
      </RunInfo>
    </RunInfos>
  </ResultSummary>
</TestRun>