<?xml version="1.0" encoding="utf-8"?>
<TestRun id="5eb65231-c529-4033-ab27-8bc3c1914b9c" name="@DESKTOP-TJ9D65N 2022-10-21 17:15:30" xmlns="http://microsoft.com/schemas/VisualStudio/TeamTest/2010">
  <Times creation="2022-10-21T17:15:30.8338460+03:00" queuing="2022-10-21T17:15:30.8338461+03:00" start="2022-10-21T17:15:26.9778858+03:00" finish="2022-10-21T17:15:44.6463256+03:00" />
  <TestSettings name="default" id="b66831d6-ec7e-426f-b464-405e2912aca5">
    <Deployment runDeploymentRoot="_DESKTOP-TJ9D65N_2022-10-21_17_15_30" />
  </TestSettings>
  <Results>
    <UnitTestResult executionId="319b2030-3c61-4e28-8144-838a1c68b9fc" testId="66695622-d95e-974b-65ae-811a5be2f9de" testName="AccessToDB.Tests.TurnstilesRepositoryTests.TestDeleteTurnstileByIDAsyncFailsWhenIDNotExists(turnstileID: 233)" computerName="DESKTOP-TJ9D65N" duration="00:00:00.3587581" startTime="2022-10-21T17:15:37.4216430+03:00" endTime="2022-10-21T17:15:37.4216430+03:00" testType="13cdc9d9-ddb5-4fa4-a97d-d965ccfc6d4b" outcome="Passed" testListId="8c84fa94-04c1-424b-9868-57a2d4851a1d" relativeResultsDirectory="319b2030-3c61-4e28-8144-838a1c68b9fc" />
    <UnitTestResult executionId="008b4720-cad3-4141-8768-604a270ee8b3" testId="42696c8d-1f32-0af1-fea4-efd76c784742" testName="AccessToDB.Tests.UsersRepositoryTests.TestGetUserByIdAsyncOk(user: User { UserID = 132, CardID = 133, UserEmail = UserEmailba0e0465-1771-4217-978d-0661e6cbdc60, Password = password549acf68-6593-45be-a599-72b08e488f24, Permissions = UNAUTHORIZED })" computerName="DESKTOP-TJ9D65N" duration="00:00:00.3850325" startTime="2022-10-21T17:15:33.0283454+03:00" endTime="2022-10-21T17:15:33.0283455+03:00" testType="13cdc9d9-ddb5-4fa4-a97d-d965ccfc6d4b" outcome="Passed" testListId="8c84fa94-04c1-424b-9868-57a2d4851a1d" relativeResultsDirectory="008b4720-cad3-4141-8768-604a270ee8b3" />
    <UnitTestResult executionId="610a318a-38f9-4dc8-8e92-c60d23efcce6" testId="1a79910a-34eb-ddde-9f8e-30d84e6cb0b7" testName="AccessToDB.Tests.UsersRepositoryTests.TestCheckUserIdExistsAsyncTrue(user: User { UserID = 75, CardID = 199, UserEmail = UserEmail7cdcef06-c62f-4f81-ba4b-51905cfbe27c, Password = passwordee1b62a4-0438-4121-8999-bb0fdb27a7f8, Permissions = UNAUTHORIZED })" computerName="DESKTOP-TJ9D65N" duration="00:00:00.3808086" startTime="2022-10-21T17:15:32.2553746+03:00" endTime="2022-10-21T17:15:32.2553748+03:00" testType="13cdc9d9-ddb5-4fa4-a97d-d965ccfc6d4b" outcome="Passed" testListId="8c84fa94-04c1-424b-9868-57a2d4851a1d" relativeResultsDirectory="610a318a-38f9-4dc8-8e92-c60d23efcce6" />
    <UnitTestResult executionId="fa0f6018-c21c-4fc6-86f2-46a9dd79bc48" testId="dbe61120-ed0c-0472-a4fd-8e9ff1ff4e19" testName="AccessToDB.Tests.UsersRepositoryTests.TestCheckUserEmailExistsAsyncFalse(userEmail: &quot;userEmail59794708-a3bf-47fb-8a88-2a4b0ee31caf&quot;)" computerName="DESKTOP-TJ9D65N" duration="00:00:00.3607433" startTime="2022-10-21T17:15:33.4008030+03:00" endTime="2022-10-21T17:15:33.4008031+03:00" testType="13cdc9d9-ddb5-4fa4-a97d-d965ccfc6d4b" outcome="Passed" testListId="8c84fa94-04c1-424b-9868-57a2d4851a1d" relativeResultsDirectory="fa0f6018-c21c-4fc6-86f2-46a9dd79bc48" />
    <UnitTestResult executionId="2797e217-499d-4854-8d28-a4ef71ad6c4d" testId="f6dac808-08a9-735e-cbf3-f9d48451d945" testName="AccessToDB.Tests.LiftsSlopesRepositoryTests.TestDeleteLiftSlopeByIDAsyncFailsWhenIDNotExists(liftSlopeID: 49)" computerName="DESKTOP-TJ9D65N" duration="00:00:00.3588365" startTime="2022-10-21T17:15:39.4091636+03:00" endTime="2022-10-21T17:15:39.4091637+03:00" testType="13cdc9d9-ddb5-4fa4-a97d-d965ccfc6d4b" outcome="Passed" testListId="8c84fa94-04c1-424b-9868-57a2d4851a1d" relativeResultsDirectory="2797e217-499d-4854-8d28-a4ef71ad6c4d" />
    <UnitTestResult executionId="1d29ab37-d754-4a51-b105-a8968dffbed6" testId="f9435956-2e34-e52b-c34e-dce53665cf8e" testName="AccessToDB.Tests.TurnstilesRepositoryTests.TestAddTurnstileAutoIncrementAsyncOk" computerName="DESKTOP-TJ9D65N" duration="00:00:00.3905632" startTime="2022-10-21T17:15:37.0486386+03:00" endTime="2022-10-21T17:15:37.0486387+03:00" testType="13cdc9d9-ddb5-4fa4-a97d-d965ccfc6d4b" outcome="Passed" testListId="8c84fa94-04c1-424b-9868-57a2d4851a1d" relativeResultsDirectory="1d29ab37-d754-4a51-b105-a8968dffbed6" />
    <UnitTestResult executionId="409d3e00-013a-4518-9ac7-ff7f726b92b7" testId="e75bb6e2-88d9-af2a-a444-c4a9d67f0f0e" testName="AccessToDB.Tests.UsersRepositoryTests.TestAddUserAutoIncrementAsyncOk" computerName="DESKTOP-TJ9D65N" duration="00:00:00.3993212" startTime="2022-10-21T17:15:35.3726750+03:00" endTime="2022-10-21T17:15:35.3726751+03:00" testType="13cdc9d9-ddb5-4fa4-a97d-d965ccfc6d4b" outcome="Passed" testListId="8c84fa94-04c1-424b-9868-57a2d4851a1d" relativeResultsDirectory="409d3e00-013a-4518-9ac7-ff7f726b92b7" />
    <UnitTestResult executionId="d3fbba48-a646-439e-b888-f072da2eefbb" testId="4145f44e-b4b1-a618-09e8-c631496e6f1a" testName="AccessToDB.Tests.LiftsSlopesRepositoryTests.TestGetLiftSlopesAsyncEmpty" computerName="DESKTOP-TJ9D65N" duration="00:00:00.3599350" startTime="2022-10-21T17:15:41.3777145+03:00" endTime="2022-10-21T17:15:41.3777151+03:00" testType="13cdc9d9-ddb5-4fa4-a97d-d965ccfc6d4b" outcome="Passed" testListId="8c84fa94-04c1-424b-9868-57a2d4851a1d" relativeResultsDirectory="d3fbba48-a646-439e-b888-f072da2eefbb" />
    <UnitTestResult executionId="6a51a09f-ebec-494b-a634-774f560e2891" testId="8f7ba917-f771-0dc5-f9b9-465c34344b12" testName="AccessToDB.Tests.SlopesRepositoryTests.TestAddSlopeAutoIncrementAsyncOk" computerName="DESKTOP-TJ9D65N" duration="00:00:00.3903868" startTime="2022-10-21T17:15:42.9914637+03:00" endTime="2022-10-21T17:15:42.9914638+03:00" testType="13cdc9d9-ddb5-4fa4-a97d-d965ccfc6d4b" outcome="Passed" testListId="8c84fa94-04c1-424b-9868-57a2d4851a1d" relativeResultsDirectory="6a51a09f-ebec-494b-a634-774f560e2891" />
    <UnitTestResult executionId="a9b40e17-379e-4d9e-80d8-17aa472b0b3d" testId="936bfe80-1cfb-90e5-40c7-9b6aa6923ef3" testName="AccessToDB.Tests.LiftsSlopesRepositoryTests.TestUpdateLiftSlopeByIDAsyncOk(liftSlope: LiftSlope { RecordID = 94, LiftID = 144, SlopeID = 100 })" computerName="DESKTOP-TJ9D65N" duration="00:00:00.3888609" startTime="2022-10-21T17:15:38.6314821+03:00" endTime="2022-10-21T17:15:38.6314822+03:00" testType="13cdc9d9-ddb5-4fa4-a97d-d965ccfc6d4b" outcome="Passed" testListId="8c84fa94-04c1-424b-9868-57a2d4851a1d" relativeResultsDirectory="a9b40e17-379e-4d9e-80d8-17aa472b0b3d" />
    <UnitTestResult executionId="4d174c22-e591-4812-8af4-4404415597a9" testId="30f8e924-9784-0a43-e807-094f70e06567" testName="AccessToDB.Tests.LiftsSlopesRepositoryTests.TestAddLiftSlopeAutoIncrementAsyncOk" computerName="DESKTOP-TJ9D65N" duration="00:00:00.3895312" startTime="2022-10-21T17:15:41.0036210+03:00" endTime="2022-10-21T17:15:41.0036211+03:00" testType="13cdc9d9-ddb5-4fa4-a97d-d965ccfc6d4b" outcome="Passed" testListId="8c84fa94-04c1-424b-9868-57a2d4851a1d" relativeResultsDirectory="4d174c22-e591-4812-8af4-4404415597a9" />
    <UnitTestResult executionId="5dcbc526-f0a3-4d2f-ad71-f256c09e65c3" testId="4332a04f-6cf4-2033-7bc2-f57fe3081c7f" testName="AccessToDB.Tests.UsersRepositoryTests.TestUpdateUserByIDAsyncOk(user: User { UserID = 96, CardID = 6, UserEmail = UserEmaild6222275-1a65-4a07-a317-4218efc7a2b3, Password = passworde03256f0-c0b7-4af7-ad05-e00c93e8c067, Permissions = UNAUTHORIZED })" computerName="DESKTOP-TJ9D65N" duration="00:00:00.3892040" startTime="2022-10-21T17:15:34.1791696+03:00" endTime="2022-10-21T17:15:34.1791697+03:00" testType="13cdc9d9-ddb5-4fa4-a97d-d965ccfc6d4b" outcome="Passed" testListId="8c84fa94-04c1-424b-9868-57a2d4851a1d" relativeResultsDirectory="5dcbc526-f0a3-4d2f-ad71-f256c09e65c3" />
    <UnitTestResult executionId="b78435d8-4513-4f4a-8ac2-4a631775a5bb" testId="2b23928f-3da9-0302-f537-35f975c32346" testName="AccessToDB.Tests.SlopesRepositoryTests.TestUpdateSlopeByIDAsyncOk(slope: Slope { SlopeID = 217, SlopeName = slopeNamefc4af299-4d57-4bb0-a41b-a8384f7af8a9, IsOpen = True, DifficultyLevel = 100, ConnectedLifts =  })" computerName="DESKTOP-TJ9D65N" duration="00:00:00.3889667" startTime="2022-10-21T17:15:44.5447747+03:00" endTime="2022-10-21T17:15:44.5447748+03:00" testType="13cdc9d9-ddb5-4fa4-a97d-d965ccfc6d4b" outcome="Passed" testListId="8c84fa94-04c1-424b-9868-57a2d4851a1d" relativeResultsDirectory="b78435d8-4513-4f4a-8ac2-4a631775a5bb" />
    <UnitTestResult executionId="49507b28-2646-4535-a9e7-e673bb3ea650" testId="89a72ba6-be4d-21ac-d404-a6d9356f23df" testName="AccessToDB.Tests.LiftsRepositoryTests.TestDeleteLiftByIDAsyncFailsWhenIDNotExists(liftID: 174)" computerName="DESKTOP-TJ9D65N" duration="00:00:00.3593163" startTime="2022-10-21T17:15:30.3139688+03:00" endTime="2022-10-21T17:15:30.3139689+03:00" testType="13cdc9d9-ddb5-4fa4-a97d-d965ccfc6d4b" outcome="Passed" testListId="8c84fa94-04c1-424b-9868-57a2d4851a1d" relativeResultsDirectory="49507b28-2646-4535-a9e7-e673bb3ea650" />
    <UnitTestResult executionId="c05669c5-c7ea-4b91-a5b3-bc1ced474322" testId="4943f04c-339e-1975-3a64-717c65ae412c" testName="AccessToDB.Tests.LiftsSlopesRepositoryTests.TestAddLiftSlopeAsyncFailsWhenLiftSlopeIdRepeats(liftSlope: LiftSlope { RecordID = 187, LiftID = 60, SlopeID = 59 })" computerName="DESKTOP-TJ9D65N" duration="00:00:00.3892955" startTime="2022-10-21T17:15:39.0355516+03:00" endTime="2022-10-21T17:15:39.0355517+03:00" testType="13cdc9d9-ddb5-4fa4-a97d-d965ccfc6d4b" outcome="Passed" testListId="8c84fa94-04c1-424b-9868-57a2d4851a1d" relativeResultsDirectory="c05669c5-c7ea-4b91-a5b3-bc1ced474322" />
    <UnitTestResult executionId="c0a0ae39-3664-490d-87b0-32fdb128d60f" testId="e7b5cdaa-ac44-42ba-cc20-e4742b62b4ef" testName="AccessToDB.Tests.LiftsRepositoryTests.TestGetLiftByNameAsyncFailsWhenNameNotExists(liftName: &quot;liftNameacfd8749-a67d-4a45-88c2-d4366b2d49e9&quot;)" computerName="DESKTOP-TJ9D65N" duration="00:00:00.3593809" startTime="2022-10-21T17:15:31.4615080+03:00" endTime="2022-10-21T17:15:31.4615082+03:00" testType="13cdc9d9-ddb5-4fa4-a97d-d965ccfc6d4b" outcome="Passed" testListId="8c84fa94-04c1-424b-9868-57a2d4851a1d" relativeResultsDirectory="c0a0ae39-3664-490d-87b0-32fdb128d60f" />
    <UnitTestResult executionId="7e6b1c19-7573-4955-8c0b-135ed6e586d4" testId="aa1aceff-cc8d-2d01-96b8-91494ce5b14e" testName="AccessToDB.Tests.TurnstilesRepositoryTests.TestGetTurnstileByIdAsyncOk(turnstile: Turnstile { TurnstileID = 36, LiftID = 170, IsOpen = True })" computerName="DESKTOP-TJ9D65N" duration="00:00:00.3787623" startTime="2022-10-21T17:15:36.6381383+03:00" endTime="2022-10-21T17:15:36.6381385+03:00" testType="13cdc9d9-ddb5-4fa4-a97d-d965ccfc6d4b" outcome="Passed" testListId="8c84fa94-04c1-424b-9868-57a2d4851a1d" relativeResultsDirectory="7e6b1c19-7573-4955-8c0b-135ed6e586d4" />
    <UnitTestResult executionId="35467884-54ae-45ac-bbb9-eb1464368644" testId="712303f8-1286-6c8d-ddda-1693e64f4c62" testName="AccessToDB.Tests.SlopesRepositoryTests.TestGetSlopeByIdAsyncOk(slope: Slope { SlopeID = 109, SlopeName = slopeName9f75b98c-8c16-4727-99a1-8ac79fa4a1db, IsOpen = True, DifficultyLevel = 130, ConnectedLifts =  })" computerName="DESKTOP-TJ9D65N" duration="00:00:00.3810058" startTime="2022-10-21T17:15:42.2121915+03:00" endTime="2022-10-21T17:15:42.2121916+03:00" testType="13cdc9d9-ddb5-4fa4-a97d-d965ccfc6d4b" outcome="Passed" testListId="8c84fa94-04c1-424b-9868-57a2d4851a1d" relativeResultsDirectory="35467884-54ae-45ac-bbb9-eb1464368644" />
    <UnitTestResult executionId="8a1ab347-c30c-4ec9-8fb0-6a42c21c0b6f" testId="83a68086-f6ea-adaf-31cf-4c787cc4344e" testName="AccessToDB.Tests.TurnstilesRepositoryTests.TestAddTurnstileAsyncFailsWhenTurnstileIdRepeats(turnstile: Turnstile { TurnstileID = 51, LiftID = 192, IsOpen = True })" computerName="DESKTOP-TJ9D65N" duration="00:00:00.3897013" startTime="2022-10-21T17:15:37.8246281+03:00" endTime="2022-10-21T17:15:37.8246282+03:00" testType="13cdc9d9-ddb5-4fa4-a97d-d965ccfc6d4b" outcome="Passed" testListId="8c84fa94-04c1-424b-9868-57a2d4851a1d" relativeResultsDirectory="8a1ab347-c30c-4ec9-8fb0-6a42c21c0b6f" />
    <UnitTestResult executionId="c5a4770d-6fbb-4fe2-909a-84419f3b1c89" testId="cba56cb5-99f2-bc11-68c0-53371e38203f" testName="AccessToDB.Tests.LiftsSlopesRepositoryTests.TestGetLiftsBySlopeIdAsyncOk(slope1: Slope { SlopeID = 214, SlopeName = slopeNamee5fc88ae-0001-42d4-9b86-1173e91be719, IsOpen = True, DifficultyLevel = 212, ConnectedLifts =  }, slope2: Slope { SlopeID = 105, SlopeName = slopeName2596e9dc-b17c-4b6d-9bfd-6250ac020993, IsOpen = False, DifficultyLevel = 5, ConnectedLifts =  }, lift1: Lift { LiftID = 108, LiftName = liftName5df3d6a5-1178-4f95-84b2-62a1c547b41f, IsOpen = True, SeatsAmount = 182, LiftingTime = 213, QueueTime = 75, ConnectedSlopes =  }, lift2: Lift { LiftID = 127, LiftName = liftName670100e9-39ba-41d5-a935-9216f775786f, IsOpen = False, SeatsAmount = 93, LiftingTime = 255, QueueTime = 88, ConnectedSlopes =  })" computerName="DESKTOP-TJ9D65N" duration="00:00:00.4229069" startTime="2022-10-21T17:15:41.8142735+03:00" endTime="2022-10-21T17:15:41.8142736+03:00" testType="13cdc9d9-ddb5-4fa4-a97d-d965ccfc6d4b" outcome="Passed" testListId="8c84fa94-04c1-424b-9868-57a2d4851a1d" relativeResultsDirectory="c5a4770d-6fbb-4fe2-909a-84419f3b1c89" />
    <UnitTestResult executionId="b4904061-1fcf-4aa7-ae2a-902e4ff7ac9f" testId="3c521313-4ed6-6bce-b4f9-c359411028e7" testName="AccessToDB.Tests.TurnstilesRepositoryTests.TestGetTurnstilesAsyncEmpty" computerName="DESKTOP-TJ9D65N" duration="00:00:00.3591400" startTime="2022-10-21T17:15:35.7471312+03:00" endTime="2022-10-21T17:15:35.7471313+03:00" testType="13cdc9d9-ddb5-4fa4-a97d-d965ccfc6d4b" outcome="Passed" testListId="8c84fa94-04c1-424b-9868-57a2d4851a1d" relativeResultsDirectory="b4904061-1fcf-4aa7-ae2a-902e4ff7ac9f" />
    <UnitTestResult executionId="e22875f8-2fc8-4b68-b577-d51207b06abe" testId="a8d3dcc1-bf10-212c-006c-6bc9795f907a" testName="AccessToDB.Tests.LiftsRepositoryTests.TestGetLiftByIdAsyncOk(lift: Lift { LiftID = 226, LiftName = liftName039f039a-2dfe-42a8-bf00-d68cc4b20a35, IsOpen = True, SeatsAmount = 48, LiftingTime = 172, QueueTime = 214, ConnectedSlopes =  })" computerName="DESKTOP-TJ9D65N" duration="00:00:00.3799428" startTime="2022-10-21T17:15:31.8561465+03:00" endTime="2022-10-21T17:15:31.8561466+03:00" testType="13cdc9d9-ddb5-4fa4-a97d-d965ccfc6d4b" outcome="Passed" testListId="8c84fa94-04c1-424b-9868-57a2d4851a1d" relativeResultsDirectory="e22875f8-2fc8-4b68-b577-d51207b06abe" />
    <UnitTestResult executionId="34589922-26eb-4d87-ab22-1714275119f0" testId="9057be6c-ab72-f837-f363-c5db9c383d52" testName="AccessToDB.Tests.UsersRepositoryTests.TestDeleteUserByIDAsyncFailsWhenIDNotExists(userID: 219)" computerName="DESKTOP-TJ9D65N" duration="00:00:00.3586989" startTime="2022-10-21T17:15:34.9575884+03:00" endTime="2022-10-21T17:15:34.9575885+03:00" testType="13cdc9d9-ddb5-4fa4-a97d-d965ccfc6d4b" outcome="Passed" testListId="8c84fa94-04c1-424b-9868-57a2d4851a1d" relativeResultsDirectory="34589922-26eb-4d87-ab22-1714275119f0" />
    <UnitTestResult executionId="db9b11f1-0835-4a05-91b7-0d869e2c373a" testId="ce0a4204-bd6d-2541-7daa-1643214c67ee" testName="AccessToDB.Tests.TurnstilesRepositoryTests.TestGetTurnstilesByLiftIdAsyncOk(liftID: 252)" computerName="DESKTOP-TJ9D65N" duration="00:00:00.4819071" startTime="2022-10-21T17:15:36.2446657+03:00" endTime="2022-10-21T17:15:36.2446659+03:00" testType="13cdc9d9-ddb5-4fa4-a97d-d965ccfc6d4b" outcome="Passed" testListId="8c84fa94-04c1-424b-9868-57a2d4851a1d" relativeResultsDirectory="db9b11f1-0835-4a05-91b7-0d869e2c373a" />
    <UnitTestResult executionId="93067444-4d9c-44ed-a290-4fa52bf7b183" testId="ca3c8a1d-1b87-e90f-f4f0-358d671134d6" testName="AccessToDB.Tests.SlopesRepositoryTests.TestAddSlopeAsyncFailsWhenSlopeIdRepeats(slope: Slope { SlopeID = 155, SlopeName = slopeName11e96ccc-8012-4754-82ca-97a8ec3ffd77, IsOpen = True, DifficultyLevel = 19, ConnectedLifts =  })" computerName="DESKTOP-TJ9D65N" duration="00:00:00.3888657" startTime="2022-10-21T17:15:44.1412541+03:00" endTime="2022-10-21T17:15:44.1412542+03:00" testType="13cdc9d9-ddb5-4fa4-a97d-d965ccfc6d4b" outcome="Passed" testListId="8c84fa94-04c1-424b-9868-57a2d4851a1d" relativeResultsDirectory="93067444-4d9c-44ed-a290-4fa52bf7b183" />
    <UnitTestResult executionId="e967e1b1-e8c4-4459-9463-e35e493a5594" testId="607e8298-f113-be33-300e-15a343893443" testName="AccessToDB.Tests.LiftsRepositoryTests.TestGetLiftsAsyncEmpty" computerName="DESKTOP-TJ9D65N" duration="00:00:00.3591148" startTime="2022-10-21T17:15:31.0904678+03:00" endTime="2022-10-21T17:15:31.0904678+03:00" testType="13cdc9d9-ddb5-4fa4-a97d-d965ccfc6d4b" outcome="Passed" testListId="8c84fa94-04c1-424b-9868-57a2d4851a1d" relativeResultsDirectory="e967e1b1-e8c4-4459-9463-e35e493a5594" />
    <UnitTestResult executionId="a5a251b8-13fe-4884-8ad9-388a13f3a7df" testId="24cb226e-40b1-48a2-212a-f16754c4a4c6" testName="AccessToDB.Tests.LiftsSlopesRepositoryTests.TestGetSlopesByLiftIdAsyncFailsWhenSlopeNotExists(liftSlope: LiftSlope { RecordID = 18, LiftID = 145, SlopeID = 210 })" computerName="DESKTOP-TJ9D65N" duration="00:00:00.3798632" startTime="2022-10-21T17:15:40.1957935+03:00" endTime="2022-10-21T17:15:40.1957936+03:00" testType="13cdc9d9-ddb5-4fa4-a97d-d965ccfc6d4b" outcome="Passed" testListId="8c84fa94-04c1-424b-9868-57a2d4851a1d" relativeResultsDirectory="a5a251b8-13fe-4884-8ad9-388a13f3a7df" />
    <UnitTestResult executionId="c5fe4c70-8681-4404-831a-cf8c8062b677" testId="9169b29c-ea92-0349-3943-8809ffebc89c" testName="AccessToDB.Tests.SlopesRepositoryTests.TestGetSlopeByNameAsyncFailsWhenNameNotExists(slopeName: &quot;slopeNamefde63f9e-c53d-4a92-a75b-f2c966418ed4&quot;)" computerName="DESKTOP-TJ9D65N" duration="00:00:00.3587940" startTime="2022-10-21T17:15:42.5859840+03:00" endTime="2022-10-21T17:15:42.5859840+03:00" testType="13cdc9d9-ddb5-4fa4-a97d-d965ccfc6d4b" outcome="Passed" testListId="8c84fa94-04c1-424b-9868-57a2d4851a1d" relativeResultsDirectory="c5fe4c70-8681-4404-831a-cf8c8062b677" />
    <UnitTestResult executionId="64b193a6-0fc6-4014-9c8a-76a42e38653e" testId="d900b87f-0764-7a82-2ecf-042ddcded170" testName="AccessToDB.Tests.UsersRepositoryTests.TestAddUserAsyncFailsWhenUserIdRepeats(user: User { UserID = 172, CardID = 153, UserEmail = UserEmail4a3b3601-5f15-4c7b-b87f-761a97ec7c36, Password = password0ffa8ebb-0410-4d47-abbd-89a02092fd70, Permissions = UNAUTHORIZED })" computerName="DESKTOP-TJ9D65N" duration="00:00:00.3889211" startTime="2022-10-21T17:15:34.5835935+03:00" endTime="2022-10-21T17:15:34.5835936+03:00" testType="13cdc9d9-ddb5-4fa4-a97d-d965ccfc6d4b" outcome="Passed" testListId="8c84fa94-04c1-424b-9868-57a2d4851a1d" relativeResultsDirectory="64b193a6-0fc6-4014-9c8a-76a42e38653e" />
    <UnitTestResult executionId="362f7340-a1e1-44bc-8140-b1518a438665" testId="ec229f70-485a-f91b-53ed-bce655f6cd58" testName="AccessToDB.Tests.LiftsRepositoryTests.TestAddLiftAutoIncrementAsyncOk" computerName="DESKTOP-TJ9D65N" duration="00:00:00.4737047" startTime="2022-10-21T17:15:29.5005267+03:00" endTime="2022-10-21T17:15:29.5005549+03:00" testType="13cdc9d9-ddb5-4fa4-a97d-d965ccfc6d4b" outcome="Passed" testListId="8c84fa94-04c1-424b-9868-57a2d4851a1d" relativeResultsDirectory="362f7340-a1e1-44bc-8140-b1518a438665" />
    <UnitTestResult executionId="a0c690a6-ce44-40d4-98d0-4619d2fb0b7c" testId="6a0ee68e-6687-3b1a-bd34-431d96391064" testName="AccessToDB.Tests.TurnstilesRepositoryTests.TestUpdateTurnstileByIDAsyncOk(turnstile: Turnstile { TurnstileID = 208, LiftID = 108, IsOpen = True })" computerName="DESKTOP-TJ9D65N" duration="00:00:00.3910224" startTime="2022-10-21T17:15:38.2298037+03:00" endTime="2022-10-21T17:15:38.2298038+03:00" testType="13cdc9d9-ddb5-4fa4-a97d-d965ccfc6d4b" outcome="Passed" testListId="8c84fa94-04c1-424b-9868-57a2d4851a1d" relativeResultsDirectory="a0c690a6-ce44-40d4-98d0-4619d2fb0b7c" />
    <UnitTestResult executionId="cef9fc0a-671a-45ad-9200-d53c91b3dc3e" testId="9bbefb83-8311-6e03-307f-415e3495e223" testName="AccessToDB.Tests.SlopesRepositoryTests.TestGetSlopesAsyncEmpty" computerName="DESKTOP-TJ9D65N" duration="00:00:00.3598582" startTime="2022-10-21T17:15:43.7389802+03:00" endTime="2022-10-21T17:15:43.7389802+03:00" testType="13cdc9d9-ddb5-4fa4-a97d-d965ccfc6d4b" outcome="Passed" testListId="8c84fa94-04c1-424b-9868-57a2d4851a1d" relativeResultsDirectory="cef9fc0a-671a-45ad-9200-d53c91b3dc3e" />
    <UnitTestResult executionId="e5131768-0490-4ea2-864a-45391962d8e4" testId="1fc3d432-43cf-1a0b-7384-c19e630beeee" testName="AccessToDB.Tests.LiftsRepositoryTests.TestUpdateLiftByIDAsyncOk(lift: Lift { LiftID = 40, LiftName = liftName58f9a586-8718-4bd4-bd3c-35c7f6f05fc8, IsOpen = True, SeatsAmount = 204, LiftingTime = 252, QueueTime = 104, ConnectedSlopes =  })" computerName="DESKTOP-TJ9D65N" duration="00:00:00.3903855" startTime="2022-10-21T17:15:29.9394114+03:00" endTime="2022-10-21T17:15:29.9394115+03:00" testType="13cdc9d9-ddb5-4fa4-a97d-d965ccfc6d4b" outcome="Passed" testListId="8c84fa94-04c1-424b-9868-57a2d4851a1d" relativeResultsDirectory="e5131768-0490-4ea2-864a-45391962d8e4" />
    <UnitTestResult executionId="1e4d90cd-12cc-4c5d-a7a3-a76c7db0f81a" testId="a0a80fe0-8dfa-784a-6e01-c122e7ba5b0c" testName="AccessToDB.Tests.LiftsRepositoryTests.TestAddLiftAsyncFailsWhenLiftIdRepeats(lift: Lift { LiftID = 215, LiftName = liftNamec8101d99-5753-4edb-9d5e-8608885d0330, IsOpen = True, SeatsAmount = 223, LiftingTime = 166, QueueTime = 245, ConnectedSlopes =  })" computerName="DESKTOP-TJ9D65N" duration="00:00:00.3909055" startTime="2022-10-21T17:15:30.7197608+03:00" endTime="2022-10-21T17:15:30.7197610+03:00" testType="13cdc9d9-ddb5-4fa4-a97d-d965ccfc6d4b" outcome="Passed" testListId="8c84fa94-04c1-424b-9868-57a2d4851a1d" relativeResultsDirectory="1e4d90cd-12cc-4c5d-a7a3-a76c7db0f81a" />
    <UnitTestResult executionId="93d420fd-3112-46fb-a425-81d60e5bee56" testId="71d2a398-2f40-83de-37b0-d4c6157c1bab" testName="AccessToDB.Tests.LiftsSlopesRepositoryTests.TestGetLiftSlopeByIdAsyncOk(liftSlope: LiftSlope { RecordID = 181, LiftID = 11, SlopeID = 96 })" computerName="DESKTOP-TJ9D65N" duration="00:00:00.3793801" startTime="2022-10-21T17:15:39.8017961+03:00" endTime="2022-10-21T17:15:39.8017962+03:00" testType="13cdc9d9-ddb5-4fa4-a97d-d965ccfc6d4b" outcome="Passed" testListId="8c84fa94-04c1-424b-9868-57a2d4851a1d" relativeResultsDirectory="93d420fd-3112-46fb-a425-81d60e5bee56" />
    <UnitTestResult executionId="4bfe75b2-2e9c-429a-bd95-ceaf6e895c43" testId="150c30ad-5b1a-84f0-d2f0-386eaeec80bd" testName="AccessToDB.Tests.UsersRepositoryTests.TestGetUserByEmailAsyncFailsWhenEmailNotExists(email: &quot;emaile104bc56-c34e-4d8a-b3ba-ca5b8a6a4395&quot;)" computerName="DESKTOP-TJ9D65N" duration="00:00:00.3595545" startTime="2022-10-21T17:15:33.7747198+03:00" endTime="2022-10-21T17:15:33.7747199+03:00" testType="13cdc9d9-ddb5-4fa4-a97d-d965ccfc6d4b" outcome="Passed" testListId="8c84fa94-04c1-424b-9868-57a2d4851a1d" relativeResultsDirectory="4bfe75b2-2e9c-429a-bd95-ceaf6e895c43" />
    <UnitTestResult executionId="10587609-e796-41ef-bc43-9989ff661420" testId="56558657-ed43-0e2d-4596-40a7d8722a87" testName="AccessToDB.Tests.LiftsSlopesRepositoryTests.TestDeleteLiftSlopesByIDsAsyncOk(liftSlope: LiftSlope { RecordID = 254, LiftID = 43, SlopeID = 203 })" computerName="DESKTOP-TJ9D65N" duration="00:00:00.3908800" startTime="2022-10-21T17:15:40.6013482+03:00" endTime="2022-10-21T17:15:40.6013483+03:00" testType="13cdc9d9-ddb5-4fa4-a97d-d965ccfc6d4b" outcome="Passed" testListId="8c84fa94-04c1-424b-9868-57a2d4851a1d" relativeResultsDirectory="10587609-e796-41ef-bc43-9989ff661420" />
    <UnitTestResult executionId="825d30c4-b0a7-403a-85e9-a461a020c9d6" testId="3aa2609b-afa0-dad1-afb3-a30ba73b6072" testName="AccessToDB.Tests.SlopesRepositoryTests.TestDeleteSlopeByIDAsyncFailsWhenIDNotExists(slopeID: 29)" computerName="DESKTOP-TJ9D65N" duration="00:00:00.3601674" startTime="2022-10-21T17:15:43.3645183+03:00" endTime="2022-10-21T17:15:43.3645184+03:00" testType="13cdc9d9-ddb5-4fa4-a97d-d965ccfc6d4b" outcome="Passed" testListId="8c84fa94-04c1-424b-9868-57a2d4851a1d" relativeResultsDirectory="825d30c4-b0a7-403a-85e9-a461a020c9d6" />
    <UnitTestResult executionId="83f073c8-f071-4aa2-892f-b62684120ec7" testId="3741b26d-6ee0-6246-29e4-92009bff37b0" testName="AccessToDB.Tests.UsersRepositoryTests.TestGetUsersAsyncEmpty" computerName="DESKTOP-TJ9D65N" duration="00:00:00.3594014" startTime="2022-10-21T17:15:32.6304497+03:00" endTime="2022-10-21T17:15:32.6304498+03:00" testType="13cdc9d9-ddb5-4fa4-a97d-d965ccfc6d4b" outcome="Passed" testListId="8c84fa94-04c1-424b-9868-57a2d4851a1d" relativeResultsDirectory="83f073c8-f071-4aa2-892f-b62684120ec7" />
  </Results>
  <TestDefinitions>
    <UnitTest name="AccessToDB.Tests.LiftsSlopesRepositoryTests.TestGetSlopesByLiftIdAsyncFailsWhenSlopeNotExists(liftSlope: LiftSlope { RecordID = 18, LiftID = 145, SlopeID = 210 })" storage="/mnt/c/users/alena/desktop/7_sem/testing_and_debugging/skiresort/accesstodb.tests/bin/debug/net6.0/accesstodb.tests.dll" id="24cb226e-40b1-48a2-212a-f16754c4a4c6">
      <Execution id="a5a251b8-13fe-4884-8ad9-388a13f3a7df" />
      <TestMethod codeBase="/mnt/c/Users/alena/Desktop/7_sem/testing_and_debugging/SkiResort/AccessToDB.Tests/bin/Debug/net6.0/AccessToDB.Tests.dll" adapterTypeName="executor://xunit/VsTestRunner2/netcoreapp" className="AccessToDB.Tests.LiftsSlopesRepositoryTests" name="TestGetSlopesByLiftIdAsyncFailsWhenSlopeNotExists" />
    </UnitTest>
    <UnitTest name="AccessToDB.Tests.UsersRepositoryTests.TestGetUserByIdAsyncOk(user: User { UserID = 132, CardID = 133, UserEmail = UserEmailba0e0465-1771-4217-978d-0661e6cbdc60, Password = password549acf68-6593-45be-a599-72b08e488f24, Permissions = UNAUTHORIZED })" storage="/mnt/c/users/alena/desktop/7_sem/testing_and_debugging/skiresort/accesstodb.tests/bin/debug/net6.0/accesstodb.tests.dll" id="42696c8d-1f32-0af1-fea4-efd76c784742">
      <Execution id="008b4720-cad3-4141-8768-604a270ee8b3" />
      <TestMethod codeBase="/mnt/c/Users/alena/Desktop/7_sem/testing_and_debugging/SkiResort/AccessToDB.Tests/bin/Debug/net6.0/AccessToDB.Tests.dll" adapterTypeName="executor://xunit/VsTestRunner2/netcoreapp" className="AccessToDB.Tests.UsersRepositoryTests" name="TestGetUserByIdAsyncOk" />
    </UnitTest>
    <UnitTest name="AccessToDB.Tests.LiftsSlopesRepositoryTests.TestAddLiftSlopeAsyncFailsWhenLiftSlopeIdRepeats(liftSlope: LiftSlope { RecordID = 187, LiftID = 60, SlopeID = 59 })" storage="/mnt/c/users/alena/desktop/7_sem/testing_and_debugging/skiresort/accesstodb.tests/bin/debug/net6.0/accesstodb.tests.dll" id="4943f04c-339e-1975-3a64-717c65ae412c">
      <Execution id="c05669c5-c7ea-4b91-a5b3-bc1ced474322" />
      <TestMethod codeBase="/mnt/c/Users/alena/Desktop/7_sem/testing_and_debugging/SkiResort/AccessToDB.Tests/bin/Debug/net6.0/AccessToDB.Tests.dll" adapterTypeName="executor://xunit/VsTestRunner2/netcoreapp" className="AccessToDB.Tests.LiftsSlopesRepositoryTests" name="TestAddLiftSlopeAsyncFailsWhenLiftSlopeIdRepeats" />
    </UnitTest>
    <UnitTest name="AccessToDB.Tests.LiftsSlopesRepositoryTests.TestGetLiftSlopeByIdAsyncOk(liftSlope: LiftSlope { RecordID = 181, LiftID = 11, SlopeID = 96 })" storage="/mnt/c/users/alena/desktop/7_sem/testing_and_debugging/skiresort/accesstodb.tests/bin/debug/net6.0/accesstodb.tests.dll" id="71d2a398-2f40-83de-37b0-d4c6157c1bab">
      <Execution id="93d420fd-3112-46fb-a425-81d60e5bee56" />
      <TestMethod codeBase="/mnt/c/Users/alena/Desktop/7_sem/testing_and_debugging/SkiResort/AccessToDB.Tests/bin/Debug/net6.0/AccessToDB.Tests.dll" adapterTypeName="executor://xunit/VsTestRunner2/netcoreapp" className="AccessToDB.Tests.LiftsSlopesRepositoryTests" name="TestGetLiftSlopeByIdAsyncOk" />
    </UnitTest>
    <UnitTest name="AccessToDB.Tests.UsersRepositoryTests.TestGetUsersAsyncEmpty" storage="/mnt/c/users/alena/desktop/7_sem/testing_and_debugging/skiresort/accesstodb.tests/bin/debug/net6.0/accesstodb.tests.dll" id="3741b26d-6ee0-6246-29e4-92009bff37b0">
      <Execution id="83f073c8-f071-4aa2-892f-b62684120ec7" />
      <TestMethod codeBase="/mnt/c/Users/alena/Desktop/7_sem/testing_and_debugging/SkiResort/AccessToDB.Tests/bin/Debug/net6.0/AccessToDB.Tests.dll" adapterTypeName="executor://xunit/VsTestRunner2/netcoreapp" className="AccessToDB.Tests.UsersRepositoryTests" name="TestGetUsersAsyncEmpty" />
    </UnitTest>
    <UnitTest name="AccessToDB.Tests.UsersRepositoryTests.TestGetUserByEmailAsyncFailsWhenEmailNotExists(email: &quot;emaile104bc56-c34e-4d8a-b3ba-ca5b8a6a4395&quot;)" storage="/mnt/c/users/alena/desktop/7_sem/testing_and_debugging/skiresort/accesstodb.tests/bin/debug/net6.0/accesstodb.tests.dll" id="150c30ad-5b1a-84f0-d2f0-386eaeec80bd">
      <Execution id="4bfe75b2-2e9c-429a-bd95-ceaf6e895c43" />
      <TestMethod codeBase="/mnt/c/Users/alena/Desktop/7_sem/testing_and_debugging/SkiResort/AccessToDB.Tests/bin/Debug/net6.0/AccessToDB.Tests.dll" adapterTypeName="executor://xunit/VsTestRunner2/netcoreapp" className="AccessToDB.Tests.UsersRepositoryTests" name="TestGetUserByEmailAsyncFailsWhenEmailNotExists" />
    </UnitTest>
    <UnitTest name="AccessToDB.Tests.LiftsSlopesRepositoryTests.TestUpdateLiftSlopeByIDAsyncOk(liftSlope: LiftSlope { RecordID = 94, LiftID = 144, SlopeID = 100 })" storage="/mnt/c/users/alena/desktop/7_sem/testing_and_debugging/skiresort/accesstodb.tests/bin/debug/net6.0/accesstodb.tests.dll" id="936bfe80-1cfb-90e5-40c7-9b6aa6923ef3">
      <Execution id="a9b40e17-379e-4d9e-80d8-17aa472b0b3d" />
      <TestMethod codeBase="/mnt/c/Users/alena/Desktop/7_sem/testing_and_debugging/SkiResort/AccessToDB.Tests/bin/Debug/net6.0/AccessToDB.Tests.dll" adapterTypeName="executor://xunit/VsTestRunner2/netcoreapp" className="AccessToDB.Tests.LiftsSlopesRepositoryTests" name="TestUpdateLiftSlopeByIDAsyncOk" />
    </UnitTest>
    <UnitTest name="AccessToDB.Tests.LiftsRepositoryTests.TestGetLiftByIdAsyncOk(lift: Lift { LiftID = 226, LiftName = liftName039f039a-2dfe-42a8-bf00-d68cc4b20a35, IsOpen = True, SeatsAmount = 48, LiftingTime = 172, QueueTime = 214, ConnectedSlopes =  })" storage="/mnt/c/users/alena/desktop/7_sem/testing_and_debugging/skiresort/accesstodb.tests/bin/debug/net6.0/accesstodb.tests.dll" id="a8d3dcc1-bf10-212c-006c-6bc9795f907a">
      <Execution id="e22875f8-2fc8-4b68-b577-d51207b06abe" />
      <TestMethod codeBase="/mnt/c/Users/alena/Desktop/7_sem/testing_and_debugging/SkiResort/AccessToDB.Tests/bin/Debug/net6.0/AccessToDB.Tests.dll" adapterTypeName="executor://xunit/VsTestRunner2/netcoreapp" className="AccessToDB.Tests.LiftsRepositoryTests" name="TestGetLiftByIdAsyncOk" />
    </UnitTest>
    <UnitTest name="AccessToDB.Tests.TurnstilesRepositoryTests.TestAddTurnstileAutoIncrementAsyncOk" storage="/mnt/c/users/alena/desktop/7_sem/testing_and_debugging/skiresort/accesstodb.tests/bin/debug/net6.0/accesstodb.tests.dll" id="f9435956-2e34-e52b-c34e-dce53665cf8e">
      <Execution id="1d29ab37-d754-4a51-b105-a8968dffbed6" />
      <TestMethod codeBase="/mnt/c/Users/alena/Desktop/7_sem/testing_and_debugging/SkiResort/AccessToDB.Tests/bin/Debug/net6.0/AccessToDB.Tests.dll" adapterTypeName="executor://xunit/VsTestRunner2/netcoreapp" className="AccessToDB.Tests.TurnstilesRepositoryTests" name="TestAddTurnstileAutoIncrementAsyncOk" />
    </UnitTest>
    <UnitTest name="AccessToDB.Tests.SlopesRepositoryTests.TestDeleteSlopeByIDAsyncFailsWhenIDNotExists(slopeID: 29)" storage="/mnt/c/users/alena/desktop/7_sem/testing_and_debugging/skiresort/accesstodb.tests/bin/debug/net6.0/accesstodb.tests.dll" id="3aa2609b-afa0-dad1-afb3-a30ba73b6072">
      <Execution id="825d30c4-b0a7-403a-85e9-a461a020c9d6" />
      <TestMethod codeBase="/mnt/c/Users/alena/Desktop/7_sem/testing_and_debugging/SkiResort/AccessToDB.Tests/bin/Debug/net6.0/AccessToDB.Tests.dll" adapterTypeName="executor://xunit/VsTestRunner2/netcoreapp" className="AccessToDB.Tests.SlopesRepositoryTests" name="TestDeleteSlopeByIDAsyncFailsWhenIDNotExists" />
    </UnitTest>
    <UnitTest name="AccessToDB.Tests.LiftsRepositoryTests.TestUpdateLiftByIDAsyncOk(lift: Lift { LiftID = 40, LiftName = liftName58f9a586-8718-4bd4-bd3c-35c7f6f05fc8, IsOpen = True, SeatsAmount = 204, LiftingTime = 252, QueueTime = 104, ConnectedSlopes =  })" storage="/mnt/c/users/alena/desktop/7_sem/testing_and_debugging/skiresort/accesstodb.tests/bin/debug/net6.0/accesstodb.tests.dll" id="1fc3d432-43cf-1a0b-7384-c19e630beeee">
      <Execution id="e5131768-0490-4ea2-864a-45391962d8e4" />
      <TestMethod codeBase="/mnt/c/Users/alena/Desktop/7_sem/testing_and_debugging/SkiResort/AccessToDB.Tests/bin/Debug/net6.0/AccessToDB.Tests.dll" adapterTypeName="executor://xunit/VsTestRunner2/netcoreapp" className="AccessToDB.Tests.LiftsRepositoryTests" name="TestUpdateLiftByIDAsyncOk" />
    </UnitTest>
    <UnitTest name="AccessToDB.Tests.SlopesRepositoryTests.TestAddSlopeAsyncFailsWhenSlopeIdRepeats(slope: Slope { SlopeID = 155, SlopeName = slopeName11e96ccc-8012-4754-82ca-97a8ec3ffd77, IsOpen = True, DifficultyLevel = 19, ConnectedLifts =  })" storage="/mnt/c/users/alena/desktop/7_sem/testing_and_debugging/skiresort/accesstodb.tests/bin/debug/net6.0/accesstodb.tests.dll" id="ca3c8a1d-1b87-e90f-f4f0-358d671134d6">
      <Execution id="93067444-4d9c-44ed-a290-4fa52bf7b183" />
      <TestMethod codeBase="/mnt/c/Users/alena/Desktop/7_sem/testing_and_debugging/SkiResort/AccessToDB.Tests/bin/Debug/net6.0/AccessToDB.Tests.dll" adapterTypeName="executor://xunit/VsTestRunner2/netcoreapp" className="AccessToDB.Tests.SlopesRepositoryTests" name="TestAddSlopeAsyncFailsWhenSlopeIdRepeats" />
    </UnitTest>
    <UnitTest name="AccessToDB.Tests.LiftsSlopesRepositoryTests.TestGetLiftSlopesAsyncEmpty" storage="/mnt/c/users/alena/desktop/7_sem/testing_and_debugging/skiresort/accesstodb.tests/bin/debug/net6.0/accesstodb.tests.dll" id="4145f44e-b4b1-a618-09e8-c631496e6f1a">
      <Execution id="d3fbba48-a646-439e-b888-f072da2eefbb" />
      <TestMethod codeBase="/mnt/c/Users/alena/Desktop/7_sem/testing_and_debugging/SkiResort/AccessToDB.Tests/bin/Debug/net6.0/AccessToDB.Tests.dll" adapterTypeName="executor://xunit/VsTestRunner2/netcoreapp" className="AccessToDB.Tests.LiftsSlopesRepositoryTests" name="TestGetLiftSlopesAsyncEmpty" />
    </UnitTest>
    <UnitTest name="AccessToDB.Tests.LiftsRepositoryTests.TestAddLiftAsyncFailsWhenLiftIdRepeats(lift: Lift { LiftID = 215, LiftName = liftNamec8101d99-5753-4edb-9d5e-8608885d0330, IsOpen = True, SeatsAmount = 223, LiftingTime = 166, QueueTime = 245, ConnectedSlopes =  })" storage="/mnt/c/users/alena/desktop/7_sem/testing_and_debugging/skiresort/accesstodb.tests/bin/debug/net6.0/accesstodb.tests.dll" id="a0a80fe0-8dfa-784a-6e01-c122e7ba5b0c">
      <Execution id="1e4d90cd-12cc-4c5d-a7a3-a76c7db0f81a" />
      <TestMethod codeBase="/mnt/c/Users/alena/Desktop/7_sem/testing_and_debugging/SkiResort/AccessToDB.Tests/bin/Debug/net6.0/AccessToDB.Tests.dll" adapterTypeName="executor://xunit/VsTestRunner2/netcoreapp" className="AccessToDB.Tests.LiftsRepositoryTests" name="TestAddLiftAsyncFailsWhenLiftIdRepeats" />
    </UnitTest>
    <UnitTest name="AccessToDB.Tests.LiftsSlopesRepositoryTests.TestDeleteLiftSlopeByIDAsyncFailsWhenIDNotExists(liftSlopeID: 49)" storage="/mnt/c/users/alena/desktop/7_sem/testing_and_debugging/skiresort/accesstodb.tests/bin/debug/net6.0/accesstodb.tests.dll" id="f6dac808-08a9-735e-cbf3-f9d48451d945">
      <Execution id="2797e217-499d-4854-8d28-a4ef71ad6c4d" />
      <TestMethod codeBase="/mnt/c/Users/alena/Desktop/7_sem/testing_and_debugging/SkiResort/AccessToDB.Tests/bin/Debug/net6.0/AccessToDB.Tests.dll" adapterTypeName="executor://xunit/VsTestRunner2/netcoreapp" className="AccessToDB.Tests.LiftsSlopesRepositoryTests" name="TestDeleteLiftSlopeByIDAsyncFailsWhenIDNotExists" />
    </UnitTest>
    <UnitTest name="AccessToDB.Tests.SlopesRepositoryTests.TestUpdateSlopeByIDAsyncOk(slope: Slope { SlopeID = 217, SlopeName = slopeNamefc4af299-4d57-4bb0-a41b-a8384f7af8a9, IsOpen = True, DifficultyLevel = 100, ConnectedLifts =  })" storage="/mnt/c/users/alena/desktop/7_sem/testing_and_debugging/skiresort/accesstodb.tests/bin/debug/net6.0/accesstodb.tests.dll" id="2b23928f-3da9-0302-f537-35f975c32346">
      <Execution id="b78435d8-4513-4f4a-8ac2-4a631775a5bb" />
      <TestMethod codeBase="/mnt/c/Users/alena/Desktop/7_sem/testing_and_debugging/SkiResort/AccessToDB.Tests/bin/Debug/net6.0/AccessToDB.Tests.dll" adapterTypeName="executor://xunit/VsTestRunner2/netcoreapp" className="AccessToDB.Tests.SlopesRepositoryTests" name="TestUpdateSlopeByIDAsyncOk" />
    </UnitTest>
    <UnitTest name="AccessToDB.Tests.TurnstilesRepositoryTests.TestAddTurnstileAsyncFailsWhenTurnstileIdRepeats(turnstile: Turnstile { TurnstileID = 51, LiftID = 192, IsOpen = True })" storage="/mnt/c/users/alena/desktop/7_sem/testing_and_debugging/skiresort/accesstodb.tests/bin/debug/net6.0/accesstodb.tests.dll" id="83a68086-f6ea-adaf-31cf-4c787cc4344e">
      <Execution id="8a1ab347-c30c-4ec9-8fb0-6a42c21c0b6f" />
      <TestMethod codeBase="/mnt/c/Users/alena/Desktop/7_sem/testing_and_debugging/SkiResort/AccessToDB.Tests/bin/Debug/net6.0/AccessToDB.Tests.dll" adapterTypeName="executor://xunit/VsTestRunner2/netcoreapp" className="AccessToDB.Tests.TurnstilesRepositoryTests" name="TestAddTurnstileAsyncFailsWhenTurnstileIdRepeats" />
    </UnitTest>
    <UnitTest name="AccessToDB.Tests.TurnstilesRepositoryTests.TestGetTurnstileByIdAsyncOk(turnstile: Turnstile { TurnstileID = 36, LiftID = 170, IsOpen = True })" storage="/mnt/c/users/alena/desktop/7_sem/testing_and_debugging/skiresort/accesstodb.tests/bin/debug/net6.0/accesstodb.tests.dll" id="aa1aceff-cc8d-2d01-96b8-91494ce5b14e">
      <Execution id="7e6b1c19-7573-4955-8c0b-135ed6e586d4" />
      <TestMethod codeBase="/mnt/c/Users/alena/Desktop/7_sem/testing_and_debugging/SkiResort/AccessToDB.Tests/bin/Debug/net6.0/AccessToDB.Tests.dll" adapterTypeName="executor://xunit/VsTestRunner2/netcoreapp" className="AccessToDB.Tests.TurnstilesRepositoryTests" name="TestGetTurnstileByIdAsyncOk" />
    </UnitTest>
    <UnitTest name="AccessToDB.Tests.TurnstilesRepositoryTests.TestGetTurnstilesByLiftIdAsyncOk(liftID: 252)" storage="/mnt/c/users/alena/desktop/7_sem/testing_and_debugging/skiresort/accesstodb.tests/bin/debug/net6.0/accesstodb.tests.dll" id="ce0a4204-bd6d-2541-7daa-1643214c67ee">
      <Execution id="db9b11f1-0835-4a05-91b7-0d869e2c373a" />
      <TestMethod codeBase="/mnt/c/Users/alena/Desktop/7_sem/testing_and_debugging/SkiResort/AccessToDB.Tests/bin/Debug/net6.0/AccessToDB.Tests.dll" adapterTypeName="executor://xunit/VsTestRunner2/netcoreapp" className="AccessToDB.Tests.TurnstilesRepositoryTests" name="TestGetTurnstilesByLiftIdAsyncOk" />
    </UnitTest>
    <UnitTest name="AccessToDB.Tests.SlopesRepositoryTests.TestGetSlopesAsyncEmpty" storage="/mnt/c/users/alena/desktop/7_sem/testing_and_debugging/skiresort/accesstodb.tests/bin/debug/net6.0/accesstodb.tests.dll" id="9bbefb83-8311-6e03-307f-415e3495e223">
      <Execution id="cef9fc0a-671a-45ad-9200-d53c91b3dc3e" />
      <TestMethod codeBase="/mnt/c/Users/alena/Desktop/7_sem/testing_and_debugging/SkiResort/AccessToDB.Tests/bin/Debug/net6.0/AccessToDB.Tests.dll" adapterTypeName="executor://xunit/VsTestRunner2/netcoreapp" className="AccessToDB.Tests.SlopesRepositoryTests" name="TestGetSlopesAsyncEmpty" />
    </UnitTest>
    <UnitTest name="AccessToDB.Tests.LiftsRepositoryTests.TestAddLiftAutoIncrementAsyncOk" storage="/mnt/c/users/alena/desktop/7_sem/testing_and_debugging/skiresort/accesstodb.tests/bin/debug/net6.0/accesstodb.tests.dll" id="ec229f70-485a-f91b-53ed-bce655f6cd58">
      <Execution id="362f7340-a1e1-44bc-8140-b1518a438665" />
      <TestMethod codeBase="/mnt/c/Users/alena/Desktop/7_sem/testing_and_debugging/SkiResort/AccessToDB.Tests/bin/Debug/net6.0/AccessToDB.Tests.dll" adapterTypeName="executor://xunit/VsTestRunner2/netcoreapp" className="AccessToDB.Tests.LiftsRepositoryTests" name="TestAddLiftAutoIncrementAsyncOk" />
    </UnitTest>
    <UnitTest name="AccessToDB.Tests.LiftsSlopesRepositoryTests.TestDeleteLiftSlopesByIDsAsyncOk(liftSlope: LiftSlope { RecordID = 254, LiftID = 43, SlopeID = 203 })" storage="/mnt/c/users/alena/desktop/7_sem/testing_and_debugging/skiresort/accesstodb.tests/bin/debug/net6.0/accesstodb.tests.dll" id="56558657-ed43-0e2d-4596-40a7d8722a87">
      <Execution id="10587609-e796-41ef-bc43-9989ff661420" />
      <TestMethod codeBase="/mnt/c/Users/alena/Desktop/7_sem/testing_and_debugging/SkiResort/AccessToDB.Tests/bin/Debug/net6.0/AccessToDB.Tests.dll" adapterTypeName="executor://xunit/VsTestRunner2/netcoreapp" className="AccessToDB.Tests.LiftsSlopesRepositoryTests" name="TestDeleteLiftSlopesByIDsAsyncOk" />
    </UnitTest>
    <UnitTest name="AccessToDB.Tests.LiftsRepositoryTests.TestDeleteLiftByIDAsyncFailsWhenIDNotExists(liftID: 174)" storage="/mnt/c/users/alena/desktop/7_sem/testing_and_debugging/skiresort/accesstodb.tests/bin/debug/net6.0/accesstodb.tests.dll" id="89a72ba6-be4d-21ac-d404-a6d9356f23df">
      <Execution id="49507b28-2646-4535-a9e7-e673bb3ea650" />
      <TestMethod codeBase="/mnt/c/Users/alena/Desktop/7_sem/testing_and_debugging/SkiResort/AccessToDB.Tests/bin/Debug/net6.0/AccessToDB.Tests.dll" adapterTypeName="executor://xunit/VsTestRunner2/netcoreapp" className="AccessToDB.Tests.LiftsRepositoryTests" name="TestDeleteLiftByIDAsyncFailsWhenIDNotExists" />
    </UnitTest>
    <UnitTest name="AccessToDB.Tests.TurnstilesRepositoryTests.TestGetTurnstilesAsyncEmpty" storage="/mnt/c/users/alena/desktop/7_sem/testing_and_debugging/skiresort/accesstodb.tests/bin/debug/net6.0/accesstodb.tests.dll" id="3c521313-4ed6-6bce-b4f9-c359411028e7">
      <Execution id="b4904061-1fcf-4aa7-ae2a-902e4ff7ac9f" />
      <TestMethod codeBase="/mnt/c/Users/alena/Desktop/7_sem/testing_and_debugging/SkiResort/AccessToDB.Tests/bin/Debug/net6.0/AccessToDB.Tests.dll" adapterTypeName="executor://xunit/VsTestRunner2/netcoreapp" className="AccessToDB.Tests.TurnstilesRepositoryTests" name="TestGetTurnstilesAsyncEmpty" />
    </UnitTest>
    <UnitTest name="AccessToDB.Tests.UsersRepositoryTests.TestCheckUserEmailExistsAsyncFalse(userEmail: &quot;userEmail59794708-a3bf-47fb-8a88-2a4b0ee31caf&quot;)" storage="/mnt/c/users/alena/desktop/7_sem/testing_and_debugging/skiresort/accesstodb.tests/bin/debug/net6.0/accesstodb.tests.dll" id="dbe61120-ed0c-0472-a4fd-8e9ff1ff4e19">
      <Execution id="fa0f6018-c21c-4fc6-86f2-46a9dd79bc48" />
      <TestMethod codeBase="/mnt/c/Users/alena/Desktop/7_sem/testing_and_debugging/SkiResort/AccessToDB.Tests/bin/Debug/net6.0/AccessToDB.Tests.dll" adapterTypeName="executor://xunit/VsTestRunner2/netcoreapp" className="AccessToDB.Tests.UsersRepositoryTests" name="TestCheckUserEmailExistsAsyncFalse" />
    </UnitTest>
    <UnitTest name="AccessToDB.Tests.LiftsSlopesRepositoryTests.TestAddLiftSlopeAutoIncrementAsyncOk" storage="/mnt/c/users/alena/desktop/7_sem/testing_and_debugging/skiresort/accesstodb.tests/bin/debug/net6.0/accesstodb.tests.dll" id="30f8e924-9784-0a43-e807-094f70e06567">
      <Execution id="4d174c22-e591-4812-8af4-4404415597a9" />
      <TestMethod codeBase="/mnt/c/Users/alena/Desktop/7_sem/testing_and_debugging/SkiResort/AccessToDB.Tests/bin/Debug/net6.0/AccessToDB.Tests.dll" adapterTypeName="executor://xunit/VsTestRunner2/netcoreapp" className="AccessToDB.Tests.LiftsSlopesRepositoryTests" name="TestAddLiftSlopeAutoIncrementAsyncOk" />
    </UnitTest>
    <UnitTest name="AccessToDB.Tests.TurnstilesRepositoryTests.TestDeleteTurnstileByIDAsyncFailsWhenIDNotExists(turnstileID: 233)" storage="/mnt/c/users/alena/desktop/7_sem/testing_and_debugging/skiresort/accesstodb.tests/bin/debug/net6.0/accesstodb.tests.dll" id="66695622-d95e-974b-65ae-811a5be2f9de">
      <Execution id="319b2030-3c61-4e28-8144-838a1c68b9fc" />
      <TestMethod codeBase="/mnt/c/Users/alena/Desktop/7_sem/testing_and_debugging/SkiResort/AccessToDB.Tests/bin/Debug/net6.0/AccessToDB.Tests.dll" adapterTypeName="executor://xunit/VsTestRunner2/netcoreapp" className="AccessToDB.Tests.TurnstilesRepositoryTests" name="TestDeleteTurnstileByIDAsyncFailsWhenIDNotExists" />
    </UnitTest>
    <UnitTest name="AccessToDB.Tests.UsersRepositoryTests.TestCheckUserIdExistsAsyncTrue(user: User { UserID = 75, CardID = 199, UserEmail = UserEmail7cdcef06-c62f-4f81-ba4b-51905cfbe27c, Password = passwordee1b62a4-0438-4121-8999-bb0fdb27a7f8, Permissions = UNAUTHORIZED })" storage="/mnt/c/users/alena/desktop/7_sem/testing_and_debugging/skiresort/accesstodb.tests/bin/debug/net6.0/accesstodb.tests.dll" id="1a79910a-34eb-ddde-9f8e-30d84e6cb0b7">
      <Execution id="610a318a-38f9-4dc8-8e92-c60d23efcce6" />
      <TestMethod codeBase="/mnt/c/Users/alena/Desktop/7_sem/testing_and_debugging/SkiResort/AccessToDB.Tests/bin/Debug/net6.0/AccessToDB.Tests.dll" adapterTypeName="executor://xunit/VsTestRunner2/netcoreapp" className="AccessToDB.Tests.UsersRepositoryTests" name="TestCheckUserIdExistsAsyncTrue" />
    </UnitTest>
    <UnitTest name="AccessToDB.Tests.UsersRepositoryTests.TestAddUserAutoIncrementAsyncOk" storage="/mnt/c/users/alena/desktop/7_sem/testing_and_debugging/skiresort/accesstodb.tests/bin/debug/net6.0/accesstodb.tests.dll" id="e75bb6e2-88d9-af2a-a444-c4a9d67f0f0e">
      <Execution id="409d3e00-013a-4518-9ac7-ff7f726b92b7" />
      <TestMethod codeBase="/mnt/c/Users/alena/Desktop/7_sem/testing_and_debugging/SkiResort/AccessToDB.Tests/bin/Debug/net6.0/AccessToDB.Tests.dll" adapterTypeName="executor://xunit/VsTestRunner2/netcoreapp" className="AccessToDB.Tests.UsersRepositoryTests" name="TestAddUserAutoIncrementAsyncOk" />
    </UnitTest>
    <UnitTest name="AccessToDB.Tests.SlopesRepositoryTests.TestAddSlopeAutoIncrementAsyncOk" storage="/mnt/c/users/alena/desktop/7_sem/testing_and_debugging/skiresort/accesstodb.tests/bin/debug/net6.0/accesstodb.tests.dll" id="8f7ba917-f771-0dc5-f9b9-465c34344b12">
      <Execution id="6a51a09f-ebec-494b-a634-774f560e2891" />
      <TestMethod codeBase="/mnt/c/Users/alena/Desktop/7_sem/testing_and_debugging/SkiResort/AccessToDB.Tests/bin/Debug/net6.0/AccessToDB.Tests.dll" adapterTypeName="executor://xunit/VsTestRunner2/netcoreapp" className="AccessToDB.Tests.SlopesRepositoryTests" name="TestAddSlopeAutoIncrementAsyncOk" />
    </UnitTest>
    <UnitTest name="AccessToDB.Tests.UsersRepositoryTests.TestUpdateUserByIDAsyncOk(user: User { UserID = 96, CardID = 6, UserEmail = UserEmaild6222275-1a65-4a07-a317-4218efc7a2b3, Password = passworde03256f0-c0b7-4af7-ad05-e00c93e8c067, Permissions = UNAUTHORIZED })" storage="/mnt/c/users/alena/desktop/7_sem/testing_and_debugging/skiresort/accesstodb.tests/bin/debug/net6.0/accesstodb.tests.dll" id="4332a04f-6cf4-2033-7bc2-f57fe3081c7f">
      <Execution id="5dcbc526-f0a3-4d2f-ad71-f256c09e65c3" />
      <TestMethod codeBase="/mnt/c/Users/alena/Desktop/7_sem/testing_and_debugging/SkiResort/AccessToDB.Tests/bin/Debug/net6.0/AccessToDB.Tests.dll" adapterTypeName="executor://xunit/VsTestRunner2/netcoreapp" className="AccessToDB.Tests.UsersRepositoryTests" name="TestUpdateUserByIDAsyncOk" />
    </UnitTest>
    <UnitTest name="AccessToDB.Tests.LiftsRepositoryTests.TestGetLiftByNameAsyncFailsWhenNameNotExists(liftName: &quot;liftNameacfd8749-a67d-4a45-88c2-d4366b2d49e9&quot;)" storage="/mnt/c/users/alena/desktop/7_sem/testing_and_debugging/skiresort/accesstodb.tests/bin/debug/net6.0/accesstodb.tests.dll" id="e7b5cdaa-ac44-42ba-cc20-e4742b62b4ef">
      <Execution id="c0a0ae39-3664-490d-87b0-32fdb128d60f" />
      <TestMethod codeBase="/mnt/c/Users/alena/Desktop/7_sem/testing_and_debugging/SkiResort/AccessToDB.Tests/bin/Debug/net6.0/AccessToDB.Tests.dll" adapterTypeName="executor://xunit/VsTestRunner2/netcoreapp" className="AccessToDB.Tests.LiftsRepositoryTests" name="TestGetLiftByNameAsyncFailsWhenNameNotExists" />
    </UnitTest>
    <UnitTest name="AccessToDB.Tests.SlopesRepositoryTests.TestGetSlopeByIdAsyncOk(slope: Slope { SlopeID = 109, SlopeName = slopeName9f75b98c-8c16-4727-99a1-8ac79fa4a1db, IsOpen = True, DifficultyLevel = 130, ConnectedLifts =  })" storage="/mnt/c/users/alena/desktop/7_sem/testing_and_debugging/skiresort/accesstodb.tests/bin/debug/net6.0/accesstodb.tests.dll" id="712303f8-1286-6c8d-ddda-1693e64f4c62">
      <Execution id="35467884-54ae-45ac-bbb9-eb1464368644" />
      <TestMethod codeBase="/mnt/c/Users/alena/Desktop/7_sem/testing_and_debugging/SkiResort/AccessToDB.Tests/bin/Debug/net6.0/AccessToDB.Tests.dll" adapterTypeName="executor://xunit/VsTestRunner2/netcoreapp" className="AccessToDB.Tests.SlopesRepositoryTests" name="TestGetSlopeByIdAsyncOk" />
    </UnitTest>
    <UnitTest name="AccessToDB.Tests.TurnstilesRepositoryTests.TestUpdateTurnstileByIDAsyncOk(turnstile: Turnstile { TurnstileID = 208, LiftID = 108, IsOpen = True })" storage="/mnt/c/users/alena/desktop/7_sem/testing_and_debugging/skiresort/accesstodb.tests/bin/debug/net6.0/accesstodb.tests.dll" id="6a0ee68e-6687-3b1a-bd34-431d96391064">
      <Execution id="a0c690a6-ce44-40d4-98d0-4619d2fb0b7c" />
      <TestMethod codeBase="/mnt/c/Users/alena/Desktop/7_sem/testing_and_debugging/SkiResort/AccessToDB.Tests/bin/Debug/net6.0/AccessToDB.Tests.dll" adapterTypeName="executor://xunit/VsTestRunner2/netcoreapp" className="AccessToDB.Tests.TurnstilesRepositoryTests" name="TestUpdateTurnstileByIDAsyncOk" />
    </UnitTest>
    <UnitTest name="AccessToDB.Tests.LiftsRepositoryTests.TestGetLiftsAsyncEmpty" storage="/mnt/c/users/alena/desktop/7_sem/testing_and_debugging/skiresort/accesstodb.tests/bin/debug/net6.0/accesstodb.tests.dll" id="607e8298-f113-be33-300e-15a343893443">
      <Execution id="e967e1b1-e8c4-4459-9463-e35e493a5594" />
      <TestMethod codeBase="/mnt/c/Users/alena/Desktop/7_sem/testing_and_debugging/SkiResort/AccessToDB.Tests/bin/Debug/net6.0/AccessToDB.Tests.dll" adapterTypeName="executor://xunit/VsTestRunner2/netcoreapp" className="AccessToDB.Tests.LiftsRepositoryTests" name="TestGetLiftsAsyncEmpty" />
    </UnitTest>
    <UnitTest name="AccessToDB.Tests.UsersRepositoryTests.TestDeleteUserByIDAsyncFailsWhenIDNotExists(userID: 219)" storage="/mnt/c/users/alena/desktop/7_sem/testing_and_debugging/skiresort/accesstodb.tests/bin/debug/net6.0/accesstodb.tests.dll" id="9057be6c-ab72-f837-f363-c5db9c383d52">
      <Execution id="34589922-26eb-4d87-ab22-1714275119f0" />
      <TestMethod codeBase="/mnt/c/Users/alena/Desktop/7_sem/testing_and_debugging/SkiResort/AccessToDB.Tests/bin/Debug/net6.0/AccessToDB.Tests.dll" adapterTypeName="executor://xunit/VsTestRunner2/netcoreapp" className="AccessToDB.Tests.UsersRepositoryTests" name="TestDeleteUserByIDAsyncFailsWhenIDNotExists" />
    </UnitTest>
    <UnitTest name="AccessToDB.Tests.LiftsSlopesRepositoryTests.TestGetLiftsBySlopeIdAsyncOk(slope1: Slope { SlopeID = 214, SlopeName = slopeNamee5fc88ae-0001-42d4-9b86-1173e91be719, IsOpen = True, DifficultyLevel = 212, ConnectedLifts =  }, slope2: Slope { SlopeID = 105, SlopeName = slopeName2596e9dc-b17c-4b6d-9bfd-6250ac020993, IsOpen = False, DifficultyLevel = 5, ConnectedLifts =  }, lift1: Lift { LiftID = 108, LiftName = liftName5df3d6a5-1178-4f95-84b2-62a..." storage="/mnt/c/users/alena/desktop/7_sem/testing_and_debugging/skiresort/accesstodb.tests/bin/debug/net6.0/accesstodb.tests.dll" id="cba56cb5-99f2-bc11-68c0-53371e38203f">
      <Execution id="c5a4770d-6fbb-4fe2-909a-84419f3b1c89" />
      <TestMethod codeBase="/mnt/c/Users/alena/Desktop/7_sem/testing_and_debugging/SkiResort/AccessToDB.Tests/bin/Debug/net6.0/AccessToDB.Tests.dll" adapterTypeName="executor://xunit/VsTestRunner2/netcoreapp" className="AccessToDB.Tests.LiftsSlopesRepositoryTests" name="TestGetLiftsBySlopeIdAsyncOk" />
    </UnitTest>
    <UnitTest name="AccessToDB.Tests.SlopesRepositoryTests.TestGetSlopeByNameAsyncFailsWhenNameNotExists(slopeName: &quot;slopeNamefde63f9e-c53d-4a92-a75b-f2c966418ed4&quot;)" storage="/mnt/c/users/alena/desktop/7_sem/testing_and_debugging/skiresort/accesstodb.tests/bin/debug/net6.0/accesstodb.tests.dll" id="9169b29c-ea92-0349-3943-8809ffebc89c">
      <Execution id="c5fe4c70-8681-4404-831a-cf8c8062b677" />
      <TestMethod codeBase="/mnt/c/Users/alena/Desktop/7_sem/testing_and_debugging/SkiResort/AccessToDB.Tests/bin/Debug/net6.0/AccessToDB.Tests.dll" adapterTypeName="executor://xunit/VsTestRunner2/netcoreapp" className="AccessToDB.Tests.SlopesRepositoryTests" name="TestGetSlopeByNameAsyncFailsWhenNameNotExists" />
    </UnitTest>
    <UnitTest name="AccessToDB.Tests.UsersRepositoryTests.TestAddUserAsyncFailsWhenUserIdRepeats(user: User { UserID = 172, CardID = 153, UserEmail = UserEmail4a3b3601-5f15-4c7b-b87f-761a97ec7c36, Password = password0ffa8ebb-0410-4d47-abbd-89a02092fd70, Permissions = UNAUTHORIZED })" storage="/mnt/c/users/alena/desktop/7_sem/testing_and_debugging/skiresort/accesstodb.tests/bin/debug/net6.0/accesstodb.tests.dll" id="d900b87f-0764-7a82-2ecf-042ddcded170">
      <Execution id="64b193a6-0fc6-4014-9c8a-76a42e38653e" />
      <TestMethod codeBase="/mnt/c/Users/alena/Desktop/7_sem/testing_and_debugging/SkiResort/AccessToDB.Tests/bin/Debug/net6.0/AccessToDB.Tests.dll" adapterTypeName="executor://xunit/VsTestRunner2/netcoreapp" className="AccessToDB.Tests.UsersRepositoryTests" name="TestAddUserAsyncFailsWhenUserIdRepeats" />
    </UnitTest>
  </TestDefinitions>
  <TestEntries>
    <TestEntry testId="66695622-d95e-974b-65ae-811a5be2f9de" executionId="319b2030-3c61-4e28-8144-838a1c68b9fc" testListId="8c84fa94-04c1-424b-9868-57a2d4851a1d" />
    <TestEntry testId="42696c8d-1f32-0af1-fea4-efd76c784742" executionId="008b4720-cad3-4141-8768-604a270ee8b3" testListId="8c84fa94-04c1-424b-9868-57a2d4851a1d" />
    <TestEntry testId="1a79910a-34eb-ddde-9f8e-30d84e6cb0b7" executionId="610a318a-38f9-4dc8-8e92-c60d23efcce6" testListId="8c84fa94-04c1-424b-9868-57a2d4851a1d" />
    <TestEntry testId="dbe61120-ed0c-0472-a4fd-8e9ff1ff4e19" executionId="fa0f6018-c21c-4fc6-86f2-46a9dd79bc48" testListId="8c84fa94-04c1-424b-9868-57a2d4851a1d" />
    <TestEntry testId="f6dac808-08a9-735e-cbf3-f9d48451d945" executionId="2797e217-499d-4854-8d28-a4ef71ad6c4d" testListId="8c84fa94-04c1-424b-9868-57a2d4851a1d" />
    <TestEntry testId="f9435956-2e34-e52b-c34e-dce53665cf8e" executionId="1d29ab37-d754-4a51-b105-a8968dffbed6" testListId="8c84fa94-04c1-424b-9868-57a2d4851a1d" />
    <TestEntry testId="e75bb6e2-88d9-af2a-a444-c4a9d67f0f0e" executionId="409d3e00-013a-4518-9ac7-ff7f726b92b7" testListId="8c84fa94-04c1-424b-9868-57a2d4851a1d" />
    <TestEntry testId="4145f44e-b4b1-a618-09e8-c631496e6f1a" executionId="d3fbba48-a646-439e-b888-f072da2eefbb" testListId="8c84fa94-04c1-424b-9868-57a2d4851a1d" />
    <TestEntry testId="8f7ba917-f771-0dc5-f9b9-465c34344b12" executionId="6a51a09f-ebec-494b-a634-774f560e2891" testListId="8c84fa94-04c1-424b-9868-57a2d4851a1d" />
    <TestEntry testId="936bfe80-1cfb-90e5-40c7-9b6aa6923ef3" executionId="a9b40e17-379e-4d9e-80d8-17aa472b0b3d" testListId="8c84fa94-04c1-424b-9868-57a2d4851a1d" />
    <TestEntry testId="30f8e924-9784-0a43-e807-094f70e06567" executionId="4d174c22-e591-4812-8af4-4404415597a9" testListId="8c84fa94-04c1-424b-9868-57a2d4851a1d" />
    <TestEntry testId="4332a04f-6cf4-2033-7bc2-f57fe3081c7f" executionId="5dcbc526-f0a3-4d2f-ad71-f256c09e65c3" testListId="8c84fa94-04c1-424b-9868-57a2d4851a1d" />
    <TestEntry testId="2b23928f-3da9-0302-f537-35f975c32346" executionId="b78435d8-4513-4f4a-8ac2-4a631775a5bb" testListId="8c84fa94-04c1-424b-9868-57a2d4851a1d" />
    <TestEntry testId="89a72ba6-be4d-21ac-d404-a6d9356f23df" executionId="49507b28-2646-4535-a9e7-e673bb3ea650" testListId="8c84fa94-04c1-424b-9868-57a2d4851a1d" />
    <TestEntry testId="4943f04c-339e-1975-3a64-717c65ae412c" executionId="c05669c5-c7ea-4b91-a5b3-bc1ced474322" testListId="8c84fa94-04c1-424b-9868-57a2d4851a1d" />
    <TestEntry testId="e7b5cdaa-ac44-42ba-cc20-e4742b62b4ef" executionId="c0a0ae39-3664-490d-87b0-32fdb128d60f" testListId="8c84fa94-04c1-424b-9868-57a2d4851a1d" />
    <TestEntry testId="aa1aceff-cc8d-2d01-96b8-91494ce5b14e" executionId="7e6b1c19-7573-4955-8c0b-135ed6e586d4" testListId="8c84fa94-04c1-424b-9868-57a2d4851a1d" />
    <TestEntry testId="712303f8-1286-6c8d-ddda-1693e64f4c62" executionId="35467884-54ae-45ac-bbb9-eb1464368644" testListId="8c84fa94-04c1-424b-9868-57a2d4851a1d" />
    <TestEntry testId="83a68086-f6ea-adaf-31cf-4c787cc4344e" executionId="8a1ab347-c30c-4ec9-8fb0-6a42c21c0b6f" testListId="8c84fa94-04c1-424b-9868-57a2d4851a1d" />
    <TestEntry testId="cba56cb5-99f2-bc11-68c0-53371e38203f" executionId="c5a4770d-6fbb-4fe2-909a-84419f3b1c89" testListId="8c84fa94-04c1-424b-9868-57a2d4851a1d" />
    <TestEntry testId="3c521313-4ed6-6bce-b4f9-c359411028e7" executionId="b4904061-1fcf-4aa7-ae2a-902e4ff7ac9f" testListId="8c84fa94-04c1-424b-9868-57a2d4851a1d" />
    <TestEntry testId="a8d3dcc1-bf10-212c-006c-6bc9795f907a" executionId="e22875f8-2fc8-4b68-b577-d51207b06abe" testListId="8c84fa94-04c1-424b-9868-57a2d4851a1d" />
    <TestEntry testId="9057be6c-ab72-f837-f363-c5db9c383d52" executionId="34589922-26eb-4d87-ab22-1714275119f0" testListId="8c84fa94-04c1-424b-9868-57a2d4851a1d" />
    <TestEntry testId="ce0a4204-bd6d-2541-7daa-1643214c67ee" executionId="db9b11f1-0835-4a05-91b7-0d869e2c373a" testListId="8c84fa94-04c1-424b-9868-57a2d4851a1d" />
    <TestEntry testId="ca3c8a1d-1b87-e90f-f4f0-358d671134d6" executionId="93067444-4d9c-44ed-a290-4fa52bf7b183" testListId="8c84fa94-04c1-424b-9868-57a2d4851a1d" />
    <TestEntry testId="607e8298-f113-be33-300e-15a343893443" executionId="e967e1b1-e8c4-4459-9463-e35e493a5594" testListId="8c84fa94-04c1-424b-9868-57a2d4851a1d" />
    <TestEntry testId="24cb226e-40b1-48a2-212a-f16754c4a4c6" executionId="a5a251b8-13fe-4884-8ad9-388a13f3a7df" testListId="8c84fa94-04c1-424b-9868-57a2d4851a1d" />
    <TestEntry testId="9169b29c-ea92-0349-3943-8809ffebc89c" executionId="c5fe4c70-8681-4404-831a-cf8c8062b677" testListId="8c84fa94-04c1-424b-9868-57a2d4851a1d" />
    <TestEntry testId="d900b87f-0764-7a82-2ecf-042ddcded170" executionId="64b193a6-0fc6-4014-9c8a-76a42e38653e" testListId="8c84fa94-04c1-424b-9868-57a2d4851a1d" />
    <TestEntry testId="ec229f70-485a-f91b-53ed-bce655f6cd58" executionId="362f7340-a1e1-44bc-8140-b1518a438665" testListId="8c84fa94-04c1-424b-9868-57a2d4851a1d" />
    <TestEntry testId="6a0ee68e-6687-3b1a-bd34-431d96391064" executionId="a0c690a6-ce44-40d4-98d0-4619d2fb0b7c" testListId="8c84fa94-04c1-424b-9868-57a2d4851a1d" />
    <TestEntry testId="9bbefb83-8311-6e03-307f-415e3495e223" executionId="cef9fc0a-671a-45ad-9200-d53c91b3dc3e" testListId="8c84fa94-04c1-424b-9868-57a2d4851a1d" />
    <TestEntry testId="1fc3d432-43cf-1a0b-7384-c19e630beeee" executionId="e5131768-0490-4ea2-864a-45391962d8e4" testListId="8c84fa94-04c1-424b-9868-57a2d4851a1d" />
    <TestEntry testId="a0a80fe0-8dfa-784a-6e01-c122e7ba5b0c" executionId="1e4d90cd-12cc-4c5d-a7a3-a76c7db0f81a" testListId="8c84fa94-04c1-424b-9868-57a2d4851a1d" />
    <TestEntry testId="71d2a398-2f40-83de-37b0-d4c6157c1bab" executionId="93d420fd-3112-46fb-a425-81d60e5bee56" testListId="8c84fa94-04c1-424b-9868-57a2d4851a1d" />
    <TestEntry testId="150c30ad-5b1a-84f0-d2f0-386eaeec80bd" executionId="4bfe75b2-2e9c-429a-bd95-ceaf6e895c43" testListId="8c84fa94-04c1-424b-9868-57a2d4851a1d" />
    <TestEntry testId="56558657-ed43-0e2d-4596-40a7d8722a87" executionId="10587609-e796-41ef-bc43-9989ff661420" testListId="8c84fa94-04c1-424b-9868-57a2d4851a1d" />
    <TestEntry testId="3aa2609b-afa0-dad1-afb3-a30ba73b6072" executionId="825d30c4-b0a7-403a-85e9-a461a020c9d6" testListId="8c84fa94-04c1-424b-9868-57a2d4851a1d" />
    <TestEntry testId="3741b26d-6ee0-6246-29e4-92009bff37b0" executionId="83f073c8-f071-4aa2-892f-b62684120ec7" testListId="8c84fa94-04c1-424b-9868-57a2d4851a1d" />
  </TestEntries>
  <TestLists>
    <TestList name="Results Not in a List" id="8c84fa94-04c1-424b-9868-57a2d4851a1d" />
    <TestList name="All Loaded Results" id="19431567-8539-422a-85d7-44ee4e166bda" />
  </TestLists>
  <ResultSummary outcome="Completed">
    <Counters total="39" executed="39" passed="39" failed="0" error="0" timeout="0" aborted="0" inconclusive="0" passedButRunAborted="0" notRunnable="0" notExecuted="0" disconnected="0" warning="0" completed="0" inProgress="0" pending="0" />
    <Output>
      <StdOut>[xUnit.net 00:00:00.00] xUnit.net VSTest Adapter v2.4.5+1caef2f33e (64-bit .NET 6.0.10)
[xUnit.net 00:00:00.86]   Discovering: AccessToDB.Tests
[xUnit.net 00:00:01.01]   Discovered:  AccessToDB.Tests
[xUnit.net 00:00:01.02]   Starting:    AccessToDB.Tests
[xUnit.net 00:00:16.66]   Finished:    AccessToDB.Tests
</StdOut>
    </Output>
  </ResultSummary>
</TestRun>