<?xml version="1.0" encoding="utf-8"?>
<TestRun id="6ec63337-67fb-43b8-9edf-81f09bcfd1eb" name="@DESKTOP-TJ9D65N 2022-11-03 09:35:42" xmlns="http://microsoft.com/schemas/VisualStudio/TeamTest/2010">
  <Times creation="2022-11-03T09:35:42.7916596+03:00" queuing="2022-11-03T09:35:42.7916597+03:00" start="2022-11-03T09:35:36.8518032+03:00" finish="2022-11-03T09:36:14.8164428+03:00" />
  <TestSettings name="default" id="dada61ba-e759-4c8c-b421-ce6b58dc0a60">
    <Deployment runDeploymentRoot="_DESKTOP-TJ9D65N_2022-11-03_09_35_42" />
  </TestSettings>
  <Results>
    <UnitTestResult executionId="73e30f06-06bb-4b6f-a1db-68f1098c3f04" testId="0c618b15-84e7-f040-fb06-c582614885e9" testName="AccessToDB.Tests.LiftsSlopesRepositoryTests.TestGetLiftSlopeByIdAsyncOk(liftSlope: LiftSlope { RecordID = 17, LiftID = 78, SlopeID = 241 })" computerName="DESKTOP-TJ9D65N" duration="00:00:00.3864349" startTime="2022-11-03T09:36:10.5133976+03:00" endTime="2022-11-03T09:36:10.5133987+03:00" testType="13cdc9d9-ddb5-4fa4-a97d-d965ccfc6d4b" outcome="Passed" testListId="8c84fa94-04c1-424b-9868-57a2d4851a1d" relativeResultsDirectory="73e30f06-06bb-4b6f-a1db-68f1098c3f04" />
    <UnitTestResult executionId="fd67d58e-dbdf-4f91-a21a-724d20661035" testId="70148d19-65d5-fe92-bf37-2dadde6b8cfc" testName="AccessToDB.Tests.SlopesRepositoryTests.TestGetSlopeByNameAsyncFailsWhenNameNotExists(slopeName: &quot;slopeName4c4639dd-910b-440c-82b1-1835ed82f55b&quot;)" computerName="DESKTOP-TJ9D65N" duration="00:00:01.3955147" startTime="2022-11-03T09:35:46.7196300+03:00" endTime="2022-11-03T09:35:46.7196300+03:00" testType="13cdc9d9-ddb5-4fa4-a97d-d965ccfc6d4b" outcome="Passed" testListId="8c84fa94-04c1-424b-9868-57a2d4851a1d" relativeResultsDirectory="fd67d58e-dbdf-4f91-a21a-724d20661035" />
    <UnitTestResult executionId="21a6d035-737c-4590-b162-45c92a79db65" testId="ce77185e-d5e9-3444-0406-a5be56250ee1" testName="AccessToDB.Tests.LiftsSlopesRepositoryTests.TestGetSlopesByLiftIdAsyncFailsWhenSlopeNotExists(liftSlope: LiftSlope { RecordID = 251, LiftID = 241, SlopeID = 243 })" computerName="DESKTOP-TJ9D65N" duration="00:00:00.3831284" startTime="2022-11-03T09:36:08.3626731+03:00" endTime="2022-11-03T09:36:08.3626733+03:00" testType="13cdc9d9-ddb5-4fa4-a97d-d965ccfc6d4b" outcome="Passed" testListId="8c84fa94-04c1-424b-9868-57a2d4851a1d" relativeResultsDirectory="21a6d035-737c-4590-b162-45c92a79db65" />
    <UnitTestResult executionId="49fdac1c-b0ee-4043-8058-ab223b780047" testId="3741b26d-6ee0-6246-29e4-92009bff37b0" testName="AccessToDB.Tests.UsersRepositoryTests.TestGetUsersAsyncEmpty" computerName="DESKTOP-TJ9D65N" duration="00:00:10.7375337" startTime="2022-11-03T09:35:59.8610668+03:00" endTime="2022-11-03T09:35:59.8610669+03:00" testType="13cdc9d9-ddb5-4fa4-a97d-d965ccfc6d4b" outcome="Passed" testListId="8c84fa94-04c1-424b-9868-57a2d4851a1d" relativeResultsDirectory="49fdac1c-b0ee-4043-8058-ab223b780047" />
    <UnitTestResult executionId="b99fb9fe-bcb3-4253-87c8-5084d3d67c4a" testId="3cc5a82e-2477-b46f-1dd0-f32733b1ba1c" testName="AccessToDB.Tests.SlopesRepositoryTests.TestDeleteSlopeByIDAsyncFailsWhenIDNotExists(slopeID: 223)" computerName="DESKTOP-TJ9D65N" duration="00:00:00.3656564" startTime="2022-11-03T09:35:48.3178808+03:00" endTime="2022-11-03T09:35:48.3178810+03:00" testType="13cdc9d9-ddb5-4fa4-a97d-d965ccfc6d4b" outcome="Passed" testListId="8c84fa94-04c1-424b-9868-57a2d4851a1d" relativeResultsDirectory="b99fb9fe-bcb3-4253-87c8-5084d3d67c4a" />
    <UnitTestResult executionId="36fe45f1-dd12-497e-9b80-83eb90c78d84" testId="32d89950-26cb-1e86-85b6-97f37bd8d9b8" testName="AccessToDB.Tests.TurnstilesRepositoryTests.TestDeleteTurnstileByIDAsyncFailsWhenIDNotExists(turnstileID: 11)" computerName="DESKTOP-TJ9D65N" duration="00:00:00.3629518" startTime="2022-11-03T09:35:44.3450183+03:00" endTime="2022-11-03T09:35:44.3450184+03:00" testType="13cdc9d9-ddb5-4fa4-a97d-d965ccfc6d4b" outcome="Passed" testListId="8c84fa94-04c1-424b-9868-57a2d4851a1d" relativeResultsDirectory="36fe45f1-dd12-497e-9b80-83eb90c78d84" />
    <UnitTestResult executionId="bbb68d74-52a1-4fb8-9fb2-d6da8d7c0789" testId="f02966f7-b9d1-ef11-eb5f-24ff4253e999" testName="AccessToDB.Tests.UsersRepositoryTests.TestUpdateUserByIDAsyncOk(user: User { UserID = 144, CardID = 174, UserEmail = UserEmail6f81ca5f-d67e-416a-893a-b2b29a017f64, Password = passworddec291bf-51e2-4139-87d0-73070f0461f4, Permissions = UNAUTHORIZED })" computerName="DESKTOP-TJ9D65N" duration="00:00:00.3954866" startTime="2022-11-03T09:36:02.2920158+03:00" endTime="2022-11-03T09:36:02.2920160+03:00" testType="13cdc9d9-ddb5-4fa4-a97d-d965ccfc6d4b" outcome="Passed" testListId="8c84fa94-04c1-424b-9868-57a2d4851a1d" relativeResultsDirectory="bbb68d74-52a1-4fb8-9fb2-d6da8d7c0789" />
    <UnitTestResult executionId="e18adc85-3f37-4980-9538-c6c0a8f6c059" testId="132bcfdd-5b0a-0bf4-6f42-3b46306c3e03" testName="AccessToDB.Tests.UsersRepositoryTests.TestAddUserAsyncFailsWhenUserIdRepeats(user: User { UserID = 147, CardID = 181, UserEmail = UserEmail00bee88d-b180-442a-940e-8ec3ae6466f3, Password = password5e0defe5-dab9-48ae-8ba4-97c52edfee01, Permissions = UNAUTHORIZED })" computerName="DESKTOP-TJ9D65N" duration="00:00:00.3977604" startTime="2022-11-03T09:36:01.8728255+03:00" endTime="2022-11-03T09:36:01.8728256+03:00" testType="13cdc9d9-ddb5-4fa4-a97d-d965ccfc6d4b" outcome="Passed" testListId="8c84fa94-04c1-424b-9868-57a2d4851a1d" relativeResultsDirectory="e18adc85-3f37-4980-9538-c6c0a8f6c059" />
    <UnitTestResult executionId="98904b75-db23-4361-8d38-c19ed21b4415" testId="f9435956-2e34-e52b-c34e-dce53665cf8e" testName="AccessToDB.Tests.TurnstilesRepositoryTests.TestAddTurnstileAutoIncrementAsyncOk" computerName="DESKTOP-TJ9D65N" duration="00:00:00.4072064" startTime="2022-11-03T09:35:44.7710080+03:00" endTime="2022-11-03T09:35:44.7710084+03:00" testType="13cdc9d9-ddb5-4fa4-a97d-d965ccfc6d4b" outcome="Passed" testListId="8c84fa94-04c1-424b-9868-57a2d4851a1d" relativeResultsDirectory="98904b75-db23-4361-8d38-c19ed21b4415" />
    <UnitTestResult executionId="28907838-8c5e-4916-b434-edc84db9da48" testId="eb64e052-0bff-0642-81a8-ca30d7e321b5" testName="AccessToDB.Tests.TurnstilesRepositoryTests.TestGetTurnstilesByLiftIdAsyncOk(liftID: 130)" computerName="DESKTOP-TJ9D65N" duration="00:00:00.5067825" startTime="2022-11-03T09:35:45.3026457+03:00" endTime="2022-11-03T09:35:45.3026458+03:00" testType="13cdc9d9-ddb5-4fa4-a97d-d965ccfc6d4b" outcome="Passed" testListId="8c84fa94-04c1-424b-9868-57a2d4851a1d" relativeResultsDirectory="28907838-8c5e-4916-b434-edc84db9da48" />
    <UnitTestResult executionId="94e50e46-63f8-47b2-931e-43864dd48775" testId="21a1ebca-91e7-c6ee-f164-f50f7048e16b" testName="AccessToDB.Tests.LiftsRepositoryTests.TestDeleteLiftByIDAsyncFailsWhenIDNotExists(liftID: 10)" computerName="DESKTOP-TJ9D65N" duration="00:00:00.3614565" startTime="2022-11-03T09:36:14.3036184+03:00" endTime="2022-11-03T09:36:14.3036185+03:00" testType="13cdc9d9-ddb5-4fa4-a97d-d965ccfc6d4b" outcome="Passed" testListId="8c84fa94-04c1-424b-9868-57a2d4851a1d" relativeResultsDirectory="94e50e46-63f8-47b2-931e-43864dd48775" />
    <UnitTestResult executionId="0d908bbd-6e0d-4710-bb0d-46cff5c106c8" testId="580cceb9-7c4d-e3df-42c2-44bc3013ec54" testName="AccessToDB.Tests.LiftsRepositoryTests.TestGetLiftByNameAsyncFailsWhenNameNotExists(liftName: &quot;liftName5a858d5a-c9e2-4f91-ba88-2b88e4340dc5&quot;)" computerName="DESKTOP-TJ9D65N" duration="00:00:00.3608160" startTime="2022-11-03T09:36:13.9294662+03:00" endTime="2022-11-03T09:36:13.9294663+03:00" testType="13cdc9d9-ddb5-4fa4-a97d-d965ccfc6d4b" outcome="Passed" testListId="8c84fa94-04c1-424b-9868-57a2d4851a1d" relativeResultsDirectory="0d908bbd-6e0d-4710-bb0d-46cff5c106c8" />
    <UnitTestResult executionId="73ae42bd-934a-46a9-a98b-4a8b87e762f9" testId="43a9c34e-fcfe-d4a6-145f-8a8ea4f58ddd" testName="AccessToDB.Tests.LiftsRepositoryTests.TestGetLiftByIdAsyncOk(lift: Lift { LiftID = 193, LiftName = liftName30e9de4a-2e3d-42e6-9636-b638d376f3ca, IsOpen = True, SeatsAmount = 251, LiftingTime = 113, QueueTime = 243, ConnectedSlopes =  })" computerName="DESKTOP-TJ9D65N" duration="00:00:00.3844298" startTime="2022-11-03T09:36:13.1790581+03:00" endTime="2022-11-03T09:36:13.1790582+03:00" testType="13cdc9d9-ddb5-4fa4-a97d-d965ccfc6d4b" outcome="Passed" testListId="8c84fa94-04c1-424b-9868-57a2d4851a1d" relativeResultsDirectory="73ae42bd-934a-46a9-a98b-4a8b87e762f9" />
    <UnitTestResult executionId="4ea9df22-6bae-4b97-91c3-773619d098e4" testId="2ef44093-a019-10f1-589d-b2025cd495a7" testName="AccessToDB.Tests.SlopesRepositoryTests.TestAddSlopeAsyncFailsWhenSlopeIdRepeats(slope: Slope { SlopeID = 214, SlopeName = slopeName84f0284a-6cd7-4db8-96c8-29679f8be816, IsOpen = True, DifficultyLevel = 29, ConnectedLifts =  })" computerName="DESKTOP-TJ9D65N" duration="00:00:00.3914273" startTime="2022-11-03T09:35:47.1260333+03:00" endTime="2022-11-03T09:35:47.1260335+03:00" testType="13cdc9d9-ddb5-4fa4-a97d-d965ccfc6d4b" outcome="Passed" testListId="8c84fa94-04c1-424b-9868-57a2d4851a1d" relativeResultsDirectory="4ea9df22-6bae-4b97-91c3-773619d098e4" />
    <UnitTestResult executionId="c1e98c90-3242-4992-9e78-6f07d5155e6a" testId="4145f44e-b4b1-a618-09e8-c631496e6f1a" testName="AccessToDB.Tests.LiftsSlopesRepositoryTests.TestGetLiftSlopesAsyncEmpty" computerName="DESKTOP-TJ9D65N" duration="00:00:00.3681479" startTime="2022-11-03T09:36:10.0971143+03:00" endTime="2022-11-03T09:36:10.0971146+03:00" testType="13cdc9d9-ddb5-4fa4-a97d-d965ccfc6d4b" outcome="Passed" testListId="8c84fa94-04c1-424b-9868-57a2d4851a1d" relativeResultsDirectory="c1e98c90-3242-4992-9e78-6f07d5155e6a" />
    <UnitTestResult executionId="8bee6051-f7ce-4470-9f9d-f0af55c7c5a1" testId="81f1ec5b-8c01-e653-5dfd-fdce20396e0d" testName="AccessToDB.Tests.LiftsSlopesRepositoryTests.TestDeleteLiftSlopeByIDAsyncFailsWhenIDNotExists(liftSlopeID: 29)" computerName="DESKTOP-TJ9D65N" duration="00:00:00.0010000" startTime="2022-11-03T09:36:09.3077295+03:00" endTime="2022-11-03T09:36:09.3077297+03:00" testType="13cdc9d9-ddb5-4fa4-a97d-d965ccfc6d4b" outcome="Failed" testListId="8c84fa94-04c1-424b-9868-57a2d4851a1d" relativeResultsDirectory="8bee6051-f7ce-4470-9f9d-f0af55c7c5a1">
      <Output>
        <ErrorInfo>
          <Message>System.InvalidOperationException : Operations that change non-concurrent collections must have exclusive access. A concurrent update was performed on this collection and corrupted its state. The collection's state is no longer correct.</Message>
          <StackTrace>   at System.Collections.Generic.Dictionary`2.FindValue(TKey key)
   at System.Collections.Generic.Dictionary`2.TryGetValue(TKey key, TValue&amp; value)
   at ProGaudi.MsgPack.Light.MsgPackContext.GetObjectActivator(Type type)
   at ProGaudi.MsgPack.Light.MsgPackContext.&lt;&gt;c__DisplayClass24_0.&lt;TryGenerateConverterFromGenericConverter&gt;b__0(Type x)
   at ProGaudi.MsgPack.Light.MsgPackContext.TryGenerateConverterFromGenericConverter(Type type)
   at ProGaudi.MsgPack.Light.MsgPackContext.GetConverter[T]()
   at ProGaudi.MsgPack.Light.MsgPackSerializer.GetConverter[T](MsgPackContext context)
   at ProGaudi.MsgPack.Light.MsgPackSerializer.Deserialize[T](MemoryStream stream, MsgPackContext context)
   at ProGaudi.Tarantool.Client.LogicalConnection.SendRequest[TRequest,TResponse](TRequest request, Nullable`1 timeout)
   at ProGaudi.Tarantool.Client.LogicalConnectionManager.SendRequest[TRequest,TResponse](TRequest request, Nullable`1 timeout)
   at ProGaudi.Tarantool.Client.Schema.Select[T](UInt32 spaceId, Iterator iterator, UInt32 id)
   at ProGaudi.Tarantool.Client.Schema.Reload()
   at ProGaudi.Tarantool.Client.Box.Connect()
   at ProGaudi.Tarantool.Client.Box.Connect(String replicationSource)
   at AccessToDB.TarantoolContext.Initialize(String connection_string) in /mnt/c/Users/alena/Desktop/7_sem/testing_and_debugging/SkiResort/AccessToDB/TarantoolContext.cs:line 51
   at AccessToDB.TarantoolContext..ctor(String connection_string) in /mnt/c/Users/alena/Desktop/7_sem/testing_and_debugging/SkiResort/AccessToDB/TarantoolContext.cs:line 32
   at AccessToDB.Tests.LiftsSlopesRepositoryTests..ctor() in /mnt/c/Users/alena/Desktop/7_sem/testing_and_debugging/SkiResort/AccessToDB.Tests/LiftsSlopesRepositoryTests.cs:line 34
   at System.RuntimeType.CreateInstanceDefaultCtor(Boolean publicOnly, Boolean wrapExceptions)</StackTrace>
        </ErrorInfo>
      </Output>
    </UnitTestResult>
    <UnitTestResult executionId="ffb8a04e-2cd6-46d6-bd45-5601e5b2a391" testId="607e8298-f113-be33-300e-15a343893443" testName="AccessToDB.Tests.LiftsRepositoryTests.TestGetLiftsAsyncEmpty" computerName="DESKTOP-TJ9D65N" duration="00:00:00.3601288" startTime="2022-11-03T09:36:13.5522631+03:00" endTime="2022-11-03T09:36:13.5522632+03:00" testType="13cdc9d9-ddb5-4fa4-a97d-d965ccfc6d4b" outcome="Passed" testListId="8c84fa94-04c1-424b-9868-57a2d4851a1d" relativeResultsDirectory="ffb8a04e-2cd6-46d6-bd45-5601e5b2a391" />
    <UnitTestResult executionId="ee47ba9c-a36b-46f2-bcc1-64815fda9e3e" testId="37d448f1-eb82-aadd-26bb-45e5417ff1d0" testName="AccessToDB.Tests.LiftsSlopesRepositoryTests.TestUpdateLiftSlopeByIDAsyncOk(liftSlope: LiftSlope { RecordID = 197, LiftID = 47, SlopeID = 220 })" computerName="DESKTOP-TJ9D65N" duration="00:00:04.8461226" startTime="2022-11-03T09:36:07.9595138+03:00" endTime="2022-11-03T09:36:07.9595141+03:00" testType="13cdc9d9-ddb5-4fa4-a97d-d965ccfc6d4b" outcome="Passed" testListId="8c84fa94-04c1-424b-9868-57a2d4851a1d" relativeResultsDirectory="ee47ba9c-a36b-46f2-bcc1-64815fda9e3e" />
    <UnitTestResult executionId="c78d6ea5-e396-4830-b5c1-79b747ed476e" testId="53d117a2-4dea-4300-a560-1763d5ae2cbb" testName="AccessToDB.Tests.LiftsSlopesRepositoryTests.TestAddLiftSlopeAsyncFailsWhenLiftSlopeIdRepeats(liftSlope: LiftSlope { RecordID = 168, LiftID = 238, SlopeID = 253 })" computerName="DESKTOP-TJ9D65N" duration="00:00:00.3938268" startTime="2022-11-03T09:36:08.7721565+03:00" endTime="2022-11-03T09:36:08.7721568+03:00" testType="13cdc9d9-ddb5-4fa4-a97d-d965ccfc6d4b" outcome="Passed" testListId="8c84fa94-04c1-424b-9868-57a2d4851a1d" relativeResultsDirectory="c78d6ea5-e396-4830-b5c1-79b747ed476e" />
    <UnitTestResult executionId="a96cd64f-91ad-4008-8d24-6f612fc9ca04" testId="43dd84a0-0a76-a22e-3236-410fabee8712" testName="AccessToDB.Tests.UsersRepositoryTests.TestGetUserByEmailAsyncFailsWhenEmailNotExists(email: &quot;emailcbe48b7c-a97c-43c9-b21f-054b64803a23&quot;)" computerName="DESKTOP-TJ9D65N" duration="00:00:00.3622665" startTime="2022-11-03T09:36:01.0635539+03:00" endTime="2022-11-03T09:36:01.0635541+03:00" testType="13cdc9d9-ddb5-4fa4-a97d-d965ccfc6d4b" outcome="Passed" testListId="8c84fa94-04c1-424b-9868-57a2d4851a1d" relativeResultsDirectory="a96cd64f-91ad-4008-8d24-6f612fc9ca04" />
    <UnitTestResult executionId="78f4667a-fdc2-44dd-a734-4133c360fd9a" testId="e75bb6e2-88d9-af2a-a444-c4a9d67f0f0e" testName="AccessToDB.Tests.UsersRepositoryTests.TestAddUserAutoIncrementAsyncOk" computerName="DESKTOP-TJ9D65N" duration="00:00:00.4055575" startTime="2022-11-03T09:36:03.0888316+03:00" endTime="2022-11-03T09:36:03.0888318+03:00" testType="13cdc9d9-ddb5-4fa4-a97d-d965ccfc6d4b" outcome="Passed" testListId="8c84fa94-04c1-424b-9868-57a2d4851a1d" relativeResultsDirectory="78f4667a-fdc2-44dd-a734-4133c360fd9a" />
    <UnitTestResult executionId="4e023002-9ca3-468f-8f9f-3da319d98d37" testId="ec229f70-485a-f91b-53ed-bce655f6cd58" testName="AccessToDB.Tests.LiftsRepositoryTests.TestAddLiftAutoIncrementAsyncOk" computerName="DESKTOP-TJ9D65N" duration="00:00:01.4062516" startTime="2022-11-03T09:36:12.3575844+03:00" endTime="2022-11-03T09:36:12.3575846+03:00" testType="13cdc9d9-ddb5-4fa4-a97d-d965ccfc6d4b" outcome="Passed" testListId="8c84fa94-04c1-424b-9868-57a2d4851a1d" relativeResultsDirectory="4e023002-9ca3-468f-8f9f-3da319d98d37" />
    <UnitTestResult executionId="14faf460-a4cf-4468-a0d6-3c59aa001c27" testId="b451f060-0864-f0f7-29dd-66d15ceaccdb" testName="AccessToDB.Tests.LiftsSlopesRepositoryTests.TestGetLiftsBySlopeIdAsyncOk(slope1: Slope { SlopeID = 216, SlopeName = slopeNamebd6519e2-7d29-4e05-835d-3ede90986f9f, IsOpen = True, DifficultyLevel = 201, ConnectedLifts =  }, slope2: Slope { SlopeID = 210, SlopeName = slopeNameb470e1b5-2353-478f-a6ee-bc2c6af22130, IsOpen = False, DifficultyLevel = 126, ConnectedLifts =  }, lift1: Lift { LiftID = 161, LiftName = liftNameb8218959-1c6a-415f-aa09-85b5fbd7dbaf, IsOpen = True, SeatsAmount = 152, LiftingTime = 215, QueueTime = 164, ConnectedSlopes =  }, lift2: Lift { LiftID = 181, LiftName = liftNamebb25829d-000a-42f1-86b5-a56f27cb66d4, IsOpen = False, SeatsAmount = 52, LiftingTime = 173, QueueTime = 220, ConnectedSlopes =  })" computerName="DESKTOP-TJ9D65N" duration="00:00:00.4238876" startTime="2022-11-03T09:36:09.2220489+03:00" endTime="2022-11-03T09:36:09.2220492+03:00" testType="13cdc9d9-ddb5-4fa4-a97d-d965ccfc6d4b" outcome="Passed" testListId="8c84fa94-04c1-424b-9868-57a2d4851a1d" relativeResultsDirectory="14faf460-a4cf-4468-a0d6-3c59aa001c27" />
    <UnitTestResult executionId="3000e583-06d1-443a-b1bf-7fa6609eae14" testId="03c3fb1b-f3c0-7240-8955-19c1944679da" testName="AccessToDB.Tests.LiftsRepositoryTests.TestUpdateLiftByIDAsyncOk(lift: Lift { LiftID = 161, LiftName = liftName01717f20-df51-43b1-acfb-d8d8c77e25d5, IsOpen = True, SeatsAmount = 131, LiftingTime = 84, QueueTime = 15, ConnectedSlopes =  })" computerName="DESKTOP-TJ9D65N" duration="00:00:00.3933259" startTime="2022-11-03T09:36:12.7716237+03:00" endTime="2022-11-03T09:36:12.7716238+03:00" testType="13cdc9d9-ddb5-4fa4-a97d-d965ccfc6d4b" outcome="Passed" testListId="8c84fa94-04c1-424b-9868-57a2d4851a1d" relativeResultsDirectory="3000e583-06d1-443a-b1bf-7fa6609eae14" />
    <UnitTestResult executionId="4cf80dbd-354d-4f61-a50a-e07d04141e94" testId="2ad5830b-b889-c158-5511-b5a0eb3d930f" testName="AccessToDB.Tests.UsersRepositoryTests.TestCheckUserEmailExistsAsyncFalse(userEmail: &quot;userEmailb72d66fe-1b02-42d9-9e2a-7a934b5cf798&quot;)" computerName="DESKTOP-TJ9D65N" duration="00:00:00.3600771" startTime="2022-11-03T09:36:02.6671462+03:00" endTime="2022-11-03T09:36:02.6671463+03:00" testType="13cdc9d9-ddb5-4fa4-a97d-d965ccfc6d4b" outcome="Passed" testListId="8c84fa94-04c1-424b-9868-57a2d4851a1d" relativeResultsDirectory="4cf80dbd-354d-4f61-a50a-e07d04141e94" />
    <UnitTestResult executionId="7c6181d9-e3f5-484f-adab-4edf6d65122f" testId="3bbaf495-d4d2-57f6-13bc-de43a662c946" testName="AccessToDB.Tests.SlopesRepositoryTests.TestUpdateSlopeByIDAsyncOk(slope: Slope { SlopeID = 24, SlopeName = slopeNamec85185ee-e0be-43e7-916c-ade878464ead, IsOpen = True, DifficultyLevel = 205, ConnectedLifts =  })" computerName="DESKTOP-TJ9D65N" duration="00:00:00.3927479" startTime="2022-11-03T09:35:47.9225771+03:00" endTime="2022-11-03T09:35:47.9225774+03:00" testType="13cdc9d9-ddb5-4fa4-a97d-d965ccfc6d4b" outcome="Passed" testListId="8c84fa94-04c1-424b-9868-57a2d4851a1d" relativeResultsDirectory="7c6181d9-e3f5-484f-adab-4edf6d65122f" />
    <UnitTestResult executionId="1c52326b-bc8d-4db6-af01-4ee7bb78c69a" testId="9bbefb83-8311-6e03-307f-415e3495e223" testName="AccessToDB.Tests.SlopesRepositoryTests.TestGetSlopesAsyncEmpty" computerName="DESKTOP-TJ9D65N" duration="00:00:00.3614566" startTime="2022-11-03T09:35:49.1039696+03:00" endTime="2022-11-03T09:35:49.1039698+03:00" testType="13cdc9d9-ddb5-4fa4-a97d-d965ccfc6d4b" outcome="Passed" testListId="8c84fa94-04c1-424b-9868-57a2d4851a1d" relativeResultsDirectory="1c52326b-bc8d-4db6-af01-4ee7bb78c69a" />
    <UnitTestResult executionId="e6a53cb3-84f1-4514-ad3c-2fc6cdf010ad" testId="58886cbd-cc37-f776-cb0b-c8af2df81e8c" testName="AccessToDB.Tests.LiftsSlopesRepositoryTests.TestDeleteLiftSlopesByIDsAsyncOk(liftSlope: LiftSlope { RecordID = 220, LiftID = 219, SlopeID = 176 })" computerName="DESKTOP-TJ9D65N" duration="00:00:00.3956704" startTime="2022-11-03T09:36:10.9372199+03:00" endTime="2022-11-03T09:36:10.9372200+03:00" testType="13cdc9d9-ddb5-4fa4-a97d-d965ccfc6d4b" outcome="Passed" testListId="8c84fa94-04c1-424b-9868-57a2d4851a1d" relativeResultsDirectory="e6a53cb3-84f1-4514-ad3c-2fc6cdf010ad" />
    <UnitTestResult executionId="517c0e41-3667-465b-8a8b-5a1ae08b8fcf" testId="3c521313-4ed6-6bce-b4f9-c359411028e7" testName="AccessToDB.Tests.TurnstilesRepositoryTests.TestGetTurnstilesAsyncEmpty" computerName="DESKTOP-TJ9D65N" duration="00:00:00.3637487" startTime="2022-11-03T09:35:43.9686483+03:00" endTime="2022-11-03T09:35:43.9686485+03:00" testType="13cdc9d9-ddb5-4fa4-a97d-d965ccfc6d4b" outcome="Passed" testListId="8c84fa94-04c1-424b-9868-57a2d4851a1d" relativeResultsDirectory="517c0e41-3667-465b-8a8b-5a1ae08b8fcf" />
    <UnitTestResult executionId="78898b84-35b1-4f1f-9854-6b5d5e85a839" testId="80ba7315-1772-ba1c-ae4e-4ac2a030264d" testName="AccessToDB.Tests.TurnstilesRepositoryTests.TestUpdateTurnstileByIDAsyncOk(turnstile: Turnstile { TurnstileID = 246, LiftID = 143, IsOpen = True })" computerName="DESKTOP-TJ9D65N" duration="00:00:03.5925553" startTime="2022-11-03T09:35:42.7341863+03:00" endTime="2022-11-03T09:35:42.7342251+03:00" testType="13cdc9d9-ddb5-4fa4-a97d-d965ccfc6d4b" outcome="Passed" testListId="8c84fa94-04c1-424b-9868-57a2d4851a1d" relativeResultsDirectory="78898b84-35b1-4f1f-9854-6b5d5e85a839" />
    <UnitTestResult executionId="709dbf95-1cc5-43a5-9882-992e692e4d42" testId="8f7ba917-f771-0dc5-f9b9-465c34344b12" testName="AccessToDB.Tests.SlopesRepositoryTests.TestAddSlopeAutoIncrementAsyncOk" computerName="DESKTOP-TJ9D65N" duration="00:00:00.3924289" startTime="2022-11-03T09:35:48.7254617+03:00" endTime="2022-11-03T09:35:48.7254619+03:00" testType="13cdc9d9-ddb5-4fa4-a97d-d965ccfc6d4b" outcome="Passed" testListId="8c84fa94-04c1-424b-9868-57a2d4851a1d" relativeResultsDirectory="709dbf95-1cc5-43a5-9882-992e692e4d42" />
    <UnitTestResult executionId="e47211fa-a834-496c-ab10-f09189658254" testId="041df3f6-667b-34d2-1bf1-ae42f58aca72" testName="AccessToDB.Tests.SlopesRepositoryTests.TestGetSlopeByIdAsyncOk(slope: Slope { SlopeID = 103, SlopeName = slopeNamedfc167ac-b450-4133-a659-d62eccc7de42, IsOpen = True, DifficultyLevel = 207, ConnectedLifts =  })" computerName="DESKTOP-TJ9D65N" duration="00:00:00.3802064" startTime="2022-11-03T09:35:47.5169970+03:00" endTime="2022-11-03T09:35:47.5169971+03:00" testType="13cdc9d9-ddb5-4fa4-a97d-d965ccfc6d4b" outcome="Passed" testListId="8c84fa94-04c1-424b-9868-57a2d4851a1d" relativeResultsDirectory="e47211fa-a834-496c-ab10-f09189658254" />
    <UnitTestResult executionId="0686258e-1793-451c-b276-a87de623ec85" testId="1629f793-b3ae-3df9-9cdd-678e975f349d" testName="AccessToDB.Tests.UsersRepositoryTests.TestDeleteUserByIDAsyncFailsWhenIDNotExists(userID: 176)" computerName="DESKTOP-TJ9D65N" duration="00:00:00.3639433" startTime="2022-11-03T09:36:01.4424991+03:00" endTime="2022-11-03T09:36:01.4424995+03:00" testType="13cdc9d9-ddb5-4fa4-a97d-d965ccfc6d4b" outcome="Passed" testListId="8c84fa94-04c1-424b-9868-57a2d4851a1d" relativeResultsDirectory="0686258e-1793-451c-b276-a87de623ec85" />
    <UnitTestResult executionId="d771a0c7-0168-4474-a0e3-d58d756b494a" testId="b368838b-3e88-4326-13f4-d624250d7307" testName="AccessToDB.Tests.TurnstilesRepositoryTests.TestAddTurnstileAsyncFailsWhenTurnstileIdRepeats(turnstile: Turnstile { TurnstileID = 109, LiftID = 238, IsOpen = True })" computerName="DESKTOP-TJ9D65N" duration="00:00:00.3961396" startTime="2022-11-03T09:35:43.1666994+03:00" endTime="2022-11-03T09:35:43.1666995+03:00" testType="13cdc9d9-ddb5-4fa4-a97d-d965ccfc6d4b" outcome="Passed" testListId="8c84fa94-04c1-424b-9868-57a2d4851a1d" relativeResultsDirectory="d771a0c7-0168-4474-a0e3-d58d756b494a" />
    <UnitTestResult executionId="77821b34-9b37-49af-bdc6-d07921e26874" testId="17f669ad-652d-8488-c9fa-c81b8dbf93ac" testName="AccessToDB.Tests.UsersRepositoryTests.TestCheckUserIdExistsAsyncTrue(user: User { UserID = 238, CardID = 20, UserEmail = UserEmailea93621e-fe44-4ab5-9949-3b4f6612900d, Password = password9ba4f7f2-bdad-4db3-be06-f291edcdae9b, Permissions = UNAUTHORIZED })" computerName="DESKTOP-TJ9D65N" duration="00:00:00.3862638" startTime="2022-11-03T09:36:00.2702583+03:00" endTime="2022-11-03T09:36:00.2702585+03:00" testType="13cdc9d9-ddb5-4fa4-a97d-d965ccfc6d4b" outcome="Passed" testListId="8c84fa94-04c1-424b-9868-57a2d4851a1d" relativeResultsDirectory="77821b34-9b37-49af-bdc6-d07921e26874" />
    <UnitTestResult executionId="26eac624-2ccd-489f-bf58-406f1a7dd836" testId="aaef0657-53ba-6127-f971-1edccf35d475" testName="AccessToDB.Tests.LiftsRepositoryTests.TestAddLiftAsyncFailsWhenLiftIdRepeats(lift: Lift { LiftID = 97, LiftName = liftName5a49f231-d687-4e70-87cd-f649dcd27740, IsOpen = True, SeatsAmount = 252, LiftingTime = 55, QueueTime = 224, ConnectedSlopes =  })" computerName="DESKTOP-TJ9D65N" duration="00:00:00.3933100" startTime="2022-11-03T09:36:14.7120502+03:00" endTime="2022-11-03T09:36:14.7120503+03:00" testType="13cdc9d9-ddb5-4fa4-a97d-d965ccfc6d4b" outcome="Passed" testListId="8c84fa94-04c1-424b-9868-57a2d4851a1d" relativeResultsDirectory="26eac624-2ccd-489f-bf58-406f1a7dd836" />
    <UnitTestResult executionId="ef449e9c-b535-4aaf-87b7-e6dc6787c6e2" testId="5dd40504-12f2-8039-7089-ad09e679d179" testName="AccessToDB.Tests.TurnstilesRepositoryTests.TestGetTurnstileByIdAsyncOk(turnstile: Turnstile { TurnstileID = 188, LiftID = 176, IsOpen = True })" computerName="DESKTOP-TJ9D65N" duration="00:00:00.3841712" startTime="2022-11-03T09:35:43.5848099+03:00" endTime="2022-11-03T09:35:43.5848100+03:00" testType="13cdc9d9-ddb5-4fa4-a97d-d965ccfc6d4b" outcome="Passed" testListId="8c84fa94-04c1-424b-9868-57a2d4851a1d" relativeResultsDirectory="ef449e9c-b535-4aaf-87b7-e6dc6787c6e2" />
    <UnitTestResult executionId="f730f336-4a0e-4371-b215-0a7e96f4051b" testId="30f8e924-9784-0a43-e807-094f70e06567" testName="AccessToDB.Tests.LiftsSlopesRepositoryTests.TestAddLiftSlopeAutoIncrementAsyncOk" computerName="DESKTOP-TJ9D65N" duration="00:00:00.3930169" startTime="2022-11-03T09:36:09.6979113+03:00" endTime="2022-11-03T09:36:09.6979116+03:00" testType="13cdc9d9-ddb5-4fa4-a97d-d965ccfc6d4b" outcome="Passed" testListId="8c84fa94-04c1-424b-9868-57a2d4851a1d" relativeResultsDirectory="f730f336-4a0e-4371-b215-0a7e96f4051b" />
    <UnitTestResult executionId="aed50330-a66b-468b-8980-959cbd3f777a" testId="f9ed299a-801d-028f-75fd-bfce5eadcbc8" testName="AccessToDB.Tests.UsersRepositoryTests.TestGetUserByIdAsyncOk(user: User { UserID = 210, CardID = 16, UserEmail = UserEmailc43eb4d6-3d05-4a20-b180-16770b2fe8dc, Password = password694827b9-7540-48f4-bbd9-21bfff39efec, Permissions = UNAUTHORIZED })" computerName="DESKTOP-TJ9D65N" duration="00:00:00.3851405" startTime="2022-11-03T09:36:00.6821965+03:00" endTime="2022-11-03T09:36:00.6821969+03:00" testType="13cdc9d9-ddb5-4fa4-a97d-d965ccfc6d4b" outcome="Passed" testListId="8c84fa94-04c1-424b-9868-57a2d4851a1d" relativeResultsDirectory="aed50330-a66b-468b-8980-959cbd3f777a" />
  </Results>
  <TestDefinitions>
    <UnitTest name="AccessToDB.Tests.LiftsRepositoryTests.TestAddLiftAsyncFailsWhenLiftIdRepeats(lift: Lift { LiftID = 97, LiftName = liftName5a49f231-d687-4e70-87cd-f649dcd27740, IsOpen = True, SeatsAmount = 252, LiftingTime = 55, QueueTime = 224, ConnectedSlopes =  })" storage="/mnt/c/users/alena/desktop/7_sem/testing_and_debugging/skiresort/accesstodb.tests/bin/debug/net6.0/accesstodb.tests.dll" id="aaef0657-53ba-6127-f971-1edccf35d475">
      <Execution id="26eac624-2ccd-489f-bf58-406f1a7dd836" />
      <TestMethod codeBase="/mnt/c/Users/alena/Desktop/7_sem/testing_and_debugging/SkiResort/AccessToDB.Tests/bin/Debug/net6.0/AccessToDB.Tests.dll" adapterTypeName="executor://xunit/VsTestRunner2/netcoreapp" className="AccessToDB.Tests.LiftsRepositoryTests" name="TestAddLiftAsyncFailsWhenLiftIdRepeats" />
    </UnitTest>
    <UnitTest name="AccessToDB.Tests.TurnstilesRepositoryTests.TestAddTurnstileAutoIncrementAsyncOk" storage="/mnt/c/users/alena/desktop/7_sem/testing_and_debugging/skiresort/accesstodb.tests/bin/debug/net6.0/accesstodb.tests.dll" id="f9435956-2e34-e52b-c34e-dce53665cf8e">
      <Execution id="98904b75-db23-4361-8d38-c19ed21b4415" />
      <TestMethod codeBase="/mnt/c/Users/alena/Desktop/7_sem/testing_and_debugging/SkiResort/AccessToDB.Tests/bin/Debug/net6.0/AccessToDB.Tests.dll" adapterTypeName="executor://xunit/VsTestRunner2/netcoreapp" className="AccessToDB.Tests.TurnstilesRepositoryTests" name="TestAddTurnstileAutoIncrementAsyncOk" />
    </UnitTest>
    <UnitTest name="AccessToDB.Tests.LiftsSlopesRepositoryTests.TestAddLiftSlopeAsyncFailsWhenLiftSlopeIdRepeats(liftSlope: LiftSlope { RecordID = 168, LiftID = 238, SlopeID = 253 })" storage="/mnt/c/users/alena/desktop/7_sem/testing_and_debugging/skiresort/accesstodb.tests/bin/debug/net6.0/accesstodb.tests.dll" id="53d117a2-4dea-4300-a560-1763d5ae2cbb">
      <Execution id="c78d6ea5-e396-4830-b5c1-79b747ed476e" />
      <TestMethod codeBase="/mnt/c/Users/alena/Desktop/7_sem/testing_and_debugging/SkiResort/AccessToDB.Tests/bin/Debug/net6.0/AccessToDB.Tests.dll" adapterTypeName="executor://xunit/VsTestRunner2/netcoreapp" className="AccessToDB.Tests.LiftsSlopesRepositoryTests" name="TestAddLiftSlopeAsyncFailsWhenLiftSlopeIdRepeats" />
    </UnitTest>
    <UnitTest name="AccessToDB.Tests.LiftsRepositoryTests.TestGetLiftsAsyncEmpty" storage="/mnt/c/users/alena/desktop/7_sem/testing_and_debugging/skiresort/accesstodb.tests/bin/debug/net6.0/accesstodb.tests.dll" id="607e8298-f113-be33-300e-15a343893443">
      <Execution id="ffb8a04e-2cd6-46d6-bd45-5601e5b2a391" />
      <TestMethod codeBase="/mnt/c/Users/alena/Desktop/7_sem/testing_and_debugging/SkiResort/AccessToDB.Tests/bin/Debug/net6.0/AccessToDB.Tests.dll" adapterTypeName="executor://xunit/VsTestRunner2/netcoreapp" className="AccessToDB.Tests.LiftsRepositoryTests" name="TestGetLiftsAsyncEmpty" />
    </UnitTest>
    <UnitTest name="AccessToDB.Tests.SlopesRepositoryTests.TestAddSlopeAutoIncrementAsyncOk" storage="/mnt/c/users/alena/desktop/7_sem/testing_and_debugging/skiresort/accesstodb.tests/bin/debug/net6.0/accesstodb.tests.dll" id="8f7ba917-f771-0dc5-f9b9-465c34344b12">
      <Execution id="709dbf95-1cc5-43a5-9882-992e692e4d42" />
      <TestMethod codeBase="/mnt/c/Users/alena/Desktop/7_sem/testing_and_debugging/SkiResort/AccessToDB.Tests/bin/Debug/net6.0/AccessToDB.Tests.dll" adapterTypeName="executor://xunit/VsTestRunner2/netcoreapp" className="AccessToDB.Tests.SlopesRepositoryTests" name="TestAddSlopeAutoIncrementAsyncOk" />
    </UnitTest>
    <UnitTest name="AccessToDB.Tests.LiftsRepositoryTests.TestDeleteLiftByIDAsyncFailsWhenIDNotExists(liftID: 10)" storage="/mnt/c/users/alena/desktop/7_sem/testing_and_debugging/skiresort/accesstodb.tests/bin/debug/net6.0/accesstodb.tests.dll" id="21a1ebca-91e7-c6ee-f164-f50f7048e16b">
      <Execution id="94e50e46-63f8-47b2-931e-43864dd48775" />
      <TestMethod codeBase="/mnt/c/Users/alena/Desktop/7_sem/testing_and_debugging/SkiResort/AccessToDB.Tests/bin/Debug/net6.0/AccessToDB.Tests.dll" adapterTypeName="executor://xunit/VsTestRunner2/netcoreapp" className="AccessToDB.Tests.LiftsRepositoryTests" name="TestDeleteLiftByIDAsyncFailsWhenIDNotExists" />
    </UnitTest>
    <UnitTest name="AccessToDB.Tests.UsersRepositoryTests.TestGetUserByIdAsyncOk(user: User { UserID = 210, CardID = 16, UserEmail = UserEmailc43eb4d6-3d05-4a20-b180-16770b2fe8dc, Password = password694827b9-7540-48f4-bbd9-21bfff39efec, Permissions = UNAUTHORIZED })" storage="/mnt/c/users/alena/desktop/7_sem/testing_and_debugging/skiresort/accesstodb.tests/bin/debug/net6.0/accesstodb.tests.dll" id="f9ed299a-801d-028f-75fd-bfce5eadcbc8">
      <Execution id="aed50330-a66b-468b-8980-959cbd3f777a" />
      <TestMethod codeBase="/mnt/c/Users/alena/Desktop/7_sem/testing_and_debugging/SkiResort/AccessToDB.Tests/bin/Debug/net6.0/AccessToDB.Tests.dll" adapterTypeName="executor://xunit/VsTestRunner2/netcoreapp" className="AccessToDB.Tests.UsersRepositoryTests" name="TestGetUserByIdAsyncOk" />
    </UnitTest>
    <UnitTest name="AccessToDB.Tests.LiftsRepositoryTests.TestUpdateLiftByIDAsyncOk(lift: Lift { LiftID = 161, LiftName = liftName01717f20-df51-43b1-acfb-d8d8c77e25d5, IsOpen = True, SeatsAmount = 131, LiftingTime = 84, QueueTime = 15, ConnectedSlopes =  })" storage="/mnt/c/users/alena/desktop/7_sem/testing_and_debugging/skiresort/accesstodb.tests/bin/debug/net6.0/accesstodb.tests.dll" id="03c3fb1b-f3c0-7240-8955-19c1944679da">
      <Execution id="3000e583-06d1-443a-b1bf-7fa6609eae14" />
      <TestMethod codeBase="/mnt/c/Users/alena/Desktop/7_sem/testing_and_debugging/SkiResort/AccessToDB.Tests/bin/Debug/net6.0/AccessToDB.Tests.dll" adapterTypeName="executor://xunit/VsTestRunner2/netcoreapp" className="AccessToDB.Tests.LiftsRepositoryTests" name="TestUpdateLiftByIDAsyncOk" />
    </UnitTest>
    <UnitTest name="AccessToDB.Tests.LiftsSlopesRepositoryTests.TestUpdateLiftSlopeByIDAsyncOk(liftSlope: LiftSlope { RecordID = 197, LiftID = 47, SlopeID = 220 })" storage="/mnt/c/users/alena/desktop/7_sem/testing_and_debugging/skiresort/accesstodb.tests/bin/debug/net6.0/accesstodb.tests.dll" id="37d448f1-eb82-aadd-26bb-45e5417ff1d0">
      <Execution id="ee47ba9c-a36b-46f2-bcc1-64815fda9e3e" />
      <TestMethod codeBase="/mnt/c/Users/alena/Desktop/7_sem/testing_and_debugging/SkiResort/AccessToDB.Tests/bin/Debug/net6.0/AccessToDB.Tests.dll" adapterTypeName="executor://xunit/VsTestRunner2/netcoreapp" className="AccessToDB.Tests.LiftsSlopesRepositoryTests" name="TestUpdateLiftSlopeByIDAsyncOk" />
    </UnitTest>
    <UnitTest name="AccessToDB.Tests.UsersRepositoryTests.TestUpdateUserByIDAsyncOk(user: User { UserID = 144, CardID = 174, UserEmail = UserEmail6f81ca5f-d67e-416a-893a-b2b29a017f64, Password = passworddec291bf-51e2-4139-87d0-73070f0461f4, Permissions = UNAUTHORIZED })" storage="/mnt/c/users/alena/desktop/7_sem/testing_and_debugging/skiresort/accesstodb.tests/bin/debug/net6.0/accesstodb.tests.dll" id="f02966f7-b9d1-ef11-eb5f-24ff4253e999">
      <Execution id="bbb68d74-52a1-4fb8-9fb2-d6da8d7c0789" />
      <TestMethod codeBase="/mnt/c/Users/alena/Desktop/7_sem/testing_and_debugging/SkiResort/AccessToDB.Tests/bin/Debug/net6.0/AccessToDB.Tests.dll" adapterTypeName="executor://xunit/VsTestRunner2/netcoreapp" className="AccessToDB.Tests.UsersRepositoryTests" name="TestUpdateUserByIDAsyncOk" />
    </UnitTest>
    <UnitTest name="AccessToDB.Tests.LiftsSlopesRepositoryTests.TestAddLiftSlopeAutoIncrementAsyncOk" storage="/mnt/c/users/alena/desktop/7_sem/testing_and_debugging/skiresort/accesstodb.tests/bin/debug/net6.0/accesstodb.tests.dll" id="30f8e924-9784-0a43-e807-094f70e06567">
      <Execution id="f730f336-4a0e-4371-b215-0a7e96f4051b" />
      <TestMethod codeBase="/mnt/c/Users/alena/Desktop/7_sem/testing_and_debugging/SkiResort/AccessToDB.Tests/bin/Debug/net6.0/AccessToDB.Tests.dll" adapterTypeName="executor://xunit/VsTestRunner2/netcoreapp" className="AccessToDB.Tests.LiftsSlopesRepositoryTests" name="TestAddLiftSlopeAutoIncrementAsyncOk" />
    </UnitTest>
    <UnitTest name="AccessToDB.Tests.SlopesRepositoryTests.TestAddSlopeAsyncFailsWhenSlopeIdRepeats(slope: Slope { SlopeID = 214, SlopeName = slopeName84f0284a-6cd7-4db8-96c8-29679f8be816, IsOpen = True, DifficultyLevel = 29, ConnectedLifts =  })" storage="/mnt/c/users/alena/desktop/7_sem/testing_and_debugging/skiresort/accesstodb.tests/bin/debug/net6.0/accesstodb.tests.dll" id="2ef44093-a019-10f1-589d-b2025cd495a7">
      <Execution id="4ea9df22-6bae-4b97-91c3-773619d098e4" />
      <TestMethod codeBase="/mnt/c/Users/alena/Desktop/7_sem/testing_and_debugging/SkiResort/AccessToDB.Tests/bin/Debug/net6.0/AccessToDB.Tests.dll" adapterTypeName="executor://xunit/VsTestRunner2/netcoreapp" className="AccessToDB.Tests.SlopesRepositoryTests" name="TestAddSlopeAsyncFailsWhenSlopeIdRepeats" />
    </UnitTest>
    <UnitTest name="AccessToDB.Tests.UsersRepositoryTests.TestGetUsersAsyncEmpty" storage="/mnt/c/users/alena/desktop/7_sem/testing_and_debugging/skiresort/accesstodb.tests/bin/debug/net6.0/accesstodb.tests.dll" id="3741b26d-6ee0-6246-29e4-92009bff37b0">
      <Execution id="49fdac1c-b0ee-4043-8058-ab223b780047" />
      <TestMethod codeBase="/mnt/c/Users/alena/Desktop/7_sem/testing_and_debugging/SkiResort/AccessToDB.Tests/bin/Debug/net6.0/AccessToDB.Tests.dll" adapterTypeName="executor://xunit/VsTestRunner2/netcoreapp" className="AccessToDB.Tests.UsersRepositoryTests" name="TestGetUsersAsyncEmpty" />
    </UnitTest>
    <UnitTest name="AccessToDB.Tests.UsersRepositoryTests.TestGetUserByEmailAsyncFailsWhenEmailNotExists(email: &quot;emailcbe48b7c-a97c-43c9-b21f-054b64803a23&quot;)" storage="/mnt/c/users/alena/desktop/7_sem/testing_and_debugging/skiresort/accesstodb.tests/bin/debug/net6.0/accesstodb.tests.dll" id="43dd84a0-0a76-a22e-3236-410fabee8712">
      <Execution id="a96cd64f-91ad-4008-8d24-6f612fc9ca04" />
      <TestMethod codeBase="/mnt/c/Users/alena/Desktop/7_sem/testing_and_debugging/SkiResort/AccessToDB.Tests/bin/Debug/net6.0/AccessToDB.Tests.dll" adapterTypeName="executor://xunit/VsTestRunner2/netcoreapp" className="AccessToDB.Tests.UsersRepositoryTests" name="TestGetUserByEmailAsyncFailsWhenEmailNotExists" />
    </UnitTest>
    <UnitTest name="AccessToDB.Tests.SlopesRepositoryTests.TestGetSlopeByIdAsyncOk(slope: Slope { SlopeID = 103, SlopeName = slopeNamedfc167ac-b450-4133-a659-d62eccc7de42, IsOpen = True, DifficultyLevel = 207, ConnectedLifts =  })" storage="/mnt/c/users/alena/desktop/7_sem/testing_and_debugging/skiresort/accesstodb.tests/bin/debug/net6.0/accesstodb.tests.dll" id="041df3f6-667b-34d2-1bf1-ae42f58aca72">
      <Execution id="e47211fa-a834-496c-ab10-f09189658254" />
      <TestMethod codeBase="/mnt/c/Users/alena/Desktop/7_sem/testing_and_debugging/SkiResort/AccessToDB.Tests/bin/Debug/net6.0/AccessToDB.Tests.dll" adapterTypeName="executor://xunit/VsTestRunner2/netcoreapp" className="AccessToDB.Tests.SlopesRepositoryTests" name="TestGetSlopeByIdAsyncOk" />
    </UnitTest>
    <UnitTest name="AccessToDB.Tests.TurnstilesRepositoryTests.TestGetTurnstilesByLiftIdAsyncOk(liftID: 130)" storage="/mnt/c/users/alena/desktop/7_sem/testing_and_debugging/skiresort/accesstodb.tests/bin/debug/net6.0/accesstodb.tests.dll" id="eb64e052-0bff-0642-81a8-ca30d7e321b5">
      <Execution id="28907838-8c5e-4916-b434-edc84db9da48" />
      <TestMethod codeBase="/mnt/c/Users/alena/Desktop/7_sem/testing_and_debugging/SkiResort/AccessToDB.Tests/bin/Debug/net6.0/AccessToDB.Tests.dll" adapterTypeName="executor://xunit/VsTestRunner2/netcoreapp" className="AccessToDB.Tests.TurnstilesRepositoryTests" name="TestGetTurnstilesByLiftIdAsyncOk" />
    </UnitTest>
    <UnitTest name="AccessToDB.Tests.LiftsSlopesRepositoryTests.TestGetLiftSlopesAsyncEmpty" storage="/mnt/c/users/alena/desktop/7_sem/testing_and_debugging/skiresort/accesstodb.tests/bin/debug/net6.0/accesstodb.tests.dll" id="4145f44e-b4b1-a618-09e8-c631496e6f1a">
      <Execution id="c1e98c90-3242-4992-9e78-6f07d5155e6a" />
      <TestMethod codeBase="/mnt/c/Users/alena/Desktop/7_sem/testing_and_debugging/SkiResort/AccessToDB.Tests/bin/Debug/net6.0/AccessToDB.Tests.dll" adapterTypeName="executor://xunit/VsTestRunner2/netcoreapp" className="AccessToDB.Tests.LiftsSlopesRepositoryTests" name="TestGetLiftSlopesAsyncEmpty" />
    </UnitTest>
    <UnitTest name="AccessToDB.Tests.LiftsRepositoryTests.TestGetLiftByIdAsyncOk(lift: Lift { LiftID = 193, LiftName = liftName30e9de4a-2e3d-42e6-9636-b638d376f3ca, IsOpen = True, SeatsAmount = 251, LiftingTime = 113, QueueTime = 243, ConnectedSlopes =  })" storage="/mnt/c/users/alena/desktop/7_sem/testing_and_debugging/skiresort/accesstodb.tests/bin/debug/net6.0/accesstodb.tests.dll" id="43a9c34e-fcfe-d4a6-145f-8a8ea4f58ddd">
      <Execution id="73ae42bd-934a-46a9-a98b-4a8b87e762f9" />
      <TestMethod codeBase="/mnt/c/Users/alena/Desktop/7_sem/testing_and_debugging/SkiResort/AccessToDB.Tests/bin/Debug/net6.0/AccessToDB.Tests.dll" adapterTypeName="executor://xunit/VsTestRunner2/netcoreapp" className="AccessToDB.Tests.LiftsRepositoryTests" name="TestGetLiftByIdAsyncOk" />
    </UnitTest>
    <UnitTest name="AccessToDB.Tests.UsersRepositoryTests.TestCheckUserEmailExistsAsyncFalse(userEmail: &quot;userEmailb72d66fe-1b02-42d9-9e2a-7a934b5cf798&quot;)" storage="/mnt/c/users/alena/desktop/7_sem/testing_and_debugging/skiresort/accesstodb.tests/bin/debug/net6.0/accesstodb.tests.dll" id="2ad5830b-b889-c158-5511-b5a0eb3d930f">
      <Execution id="4cf80dbd-354d-4f61-a50a-e07d04141e94" />
      <TestMethod codeBase="/mnt/c/Users/alena/Desktop/7_sem/testing_and_debugging/SkiResort/AccessToDB.Tests/bin/Debug/net6.0/AccessToDB.Tests.dll" adapterTypeName="executor://xunit/VsTestRunner2/netcoreapp" className="AccessToDB.Tests.UsersRepositoryTests" name="TestCheckUserEmailExistsAsyncFalse" />
    </UnitTest>
    <UnitTest name="AccessToDB.Tests.LiftsRepositoryTests.TestAddLiftAutoIncrementAsyncOk" storage="/mnt/c/users/alena/desktop/7_sem/testing_and_debugging/skiresort/accesstodb.tests/bin/debug/net6.0/accesstodb.tests.dll" id="ec229f70-485a-f91b-53ed-bce655f6cd58">
      <Execution id="4e023002-9ca3-468f-8f9f-3da319d98d37" />
      <TestMethod codeBase="/mnt/c/Users/alena/Desktop/7_sem/testing_and_debugging/SkiResort/AccessToDB.Tests/bin/Debug/net6.0/AccessToDB.Tests.dll" adapterTypeName="executor://xunit/VsTestRunner2/netcoreapp" className="AccessToDB.Tests.LiftsRepositoryTests" name="TestAddLiftAutoIncrementAsyncOk" />
    </UnitTest>
    <UnitTest name="AccessToDB.Tests.UsersRepositoryTests.TestDeleteUserByIDAsyncFailsWhenIDNotExists(userID: 176)" storage="/mnt/c/users/alena/desktop/7_sem/testing_and_debugging/skiresort/accesstodb.tests/bin/debug/net6.0/accesstodb.tests.dll" id="1629f793-b3ae-3df9-9cdd-678e975f349d">
      <Execution id="0686258e-1793-451c-b276-a87de623ec85" />
      <TestMethod codeBase="/mnt/c/Users/alena/Desktop/7_sem/testing_and_debugging/SkiResort/AccessToDB.Tests/bin/Debug/net6.0/AccessToDB.Tests.dll" adapterTypeName="executor://xunit/VsTestRunner2/netcoreapp" className="AccessToDB.Tests.UsersRepositoryTests" name="TestDeleteUserByIDAsyncFailsWhenIDNotExists" />
    </UnitTest>
    <UnitTest name="AccessToDB.Tests.SlopesRepositoryTests.TestDeleteSlopeByIDAsyncFailsWhenIDNotExists(slopeID: 223)" storage="/mnt/c/users/alena/desktop/7_sem/testing_and_debugging/skiresort/accesstodb.tests/bin/debug/net6.0/accesstodb.tests.dll" id="3cc5a82e-2477-b46f-1dd0-f32733b1ba1c">
      <Execution id="b99fb9fe-bcb3-4253-87c8-5084d3d67c4a" />
      <TestMethod codeBase="/mnt/c/Users/alena/Desktop/7_sem/testing_and_debugging/SkiResort/AccessToDB.Tests/bin/Debug/net6.0/AccessToDB.Tests.dll" adapterTypeName="executor://xunit/VsTestRunner2/netcoreapp" className="AccessToDB.Tests.SlopesRepositoryTests" name="TestDeleteSlopeByIDAsyncFailsWhenIDNotExists" />
    </UnitTest>
    <UnitTest name="AccessToDB.Tests.SlopesRepositoryTests.TestUpdateSlopeByIDAsyncOk(slope: Slope { SlopeID = 24, SlopeName = slopeNamec85185ee-e0be-43e7-916c-ade878464ead, IsOpen = True, DifficultyLevel = 205, ConnectedLifts =  })" storage="/mnt/c/users/alena/desktop/7_sem/testing_and_debugging/skiresort/accesstodb.tests/bin/debug/net6.0/accesstodb.tests.dll" id="3bbaf495-d4d2-57f6-13bc-de43a662c946">
      <Execution id="7c6181d9-e3f5-484f-adab-4edf6d65122f" />
      <TestMethod codeBase="/mnt/c/Users/alena/Desktop/7_sem/testing_and_debugging/SkiResort/AccessToDB.Tests/bin/Debug/net6.0/AccessToDB.Tests.dll" adapterTypeName="executor://xunit/VsTestRunner2/netcoreapp" className="AccessToDB.Tests.SlopesRepositoryTests" name="TestUpdateSlopeByIDAsyncOk" />
    </UnitTest>
    <UnitTest name="AccessToDB.Tests.UsersRepositoryTests.TestAddUserAsyncFailsWhenUserIdRepeats(user: User { UserID = 147, CardID = 181, UserEmail = UserEmail00bee88d-b180-442a-940e-8ec3ae6466f3, Password = password5e0defe5-dab9-48ae-8ba4-97c52edfee01, Permissions = UNAUTHORIZED })" storage="/mnt/c/users/alena/desktop/7_sem/testing_and_debugging/skiresort/accesstodb.tests/bin/debug/net6.0/accesstodb.tests.dll" id="132bcfdd-5b0a-0bf4-6f42-3b46306c3e03">
      <Execution id="e18adc85-3f37-4980-9538-c6c0a8f6c059" />
      <TestMethod codeBase="/mnt/c/Users/alena/Desktop/7_sem/testing_and_debugging/SkiResort/AccessToDB.Tests/bin/Debug/net6.0/AccessToDB.Tests.dll" adapterTypeName="executor://xunit/VsTestRunner2/netcoreapp" className="AccessToDB.Tests.UsersRepositoryTests" name="TestAddUserAsyncFailsWhenUserIdRepeats" />
    </UnitTest>
    <UnitTest name="AccessToDB.Tests.LiftsSlopesRepositoryTests.TestGetLiftsBySlopeIdAsyncOk(slope1: Slope { SlopeID = 216, SlopeName = slopeNamebd6519e2-7d29-4e05-835d-3ede90986f9f, IsOpen = True, DifficultyLevel = 201, ConnectedLifts =  }, slope2: Slope { SlopeID = 210, SlopeName = slopeNameb470e1b5-2353-478f-a6ee-bc2c6af22130, IsOpen = False, DifficultyLevel = 126, ConnectedLifts =  }, lift1: Lift { LiftID = 161, LiftName = liftNameb8218959-1c6a-415f-aa09-8..." storage="/mnt/c/users/alena/desktop/7_sem/testing_and_debugging/skiresort/accesstodb.tests/bin/debug/net6.0/accesstodb.tests.dll" id="b451f060-0864-f0f7-29dd-66d15ceaccdb">
      <Execution id="14faf460-a4cf-4468-a0d6-3c59aa001c27" />
      <TestMethod codeBase="/mnt/c/Users/alena/Desktop/7_sem/testing_and_debugging/SkiResort/AccessToDB.Tests/bin/Debug/net6.0/AccessToDB.Tests.dll" adapterTypeName="executor://xunit/VsTestRunner2/netcoreapp" className="AccessToDB.Tests.LiftsSlopesRepositoryTests" name="TestGetLiftsBySlopeIdAsyncOk" />
    </UnitTest>
    <UnitTest name="AccessToDB.Tests.SlopesRepositoryTests.TestGetSlopeByNameAsyncFailsWhenNameNotExists(slopeName: &quot;slopeName4c4639dd-910b-440c-82b1-1835ed82f55b&quot;)" storage="/mnt/c/users/alena/desktop/7_sem/testing_and_debugging/skiresort/accesstodb.tests/bin/debug/net6.0/accesstodb.tests.dll" id="70148d19-65d5-fe92-bf37-2dadde6b8cfc">
      <Execution id="fd67d58e-dbdf-4f91-a21a-724d20661035" />
      <TestMethod codeBase="/mnt/c/Users/alena/Desktop/7_sem/testing_and_debugging/SkiResort/AccessToDB.Tests/bin/Debug/net6.0/AccessToDB.Tests.dll" adapterTypeName="executor://xunit/VsTestRunner2/netcoreapp" className="AccessToDB.Tests.SlopesRepositoryTests" name="TestGetSlopeByNameAsyncFailsWhenNameNotExists" />
    </UnitTest>
    <UnitTest name="AccessToDB.Tests.TurnstilesRepositoryTests.TestAddTurnstileAsyncFailsWhenTurnstileIdRepeats(turnstile: Turnstile { TurnstileID = 109, LiftID = 238, IsOpen = True })" storage="/mnt/c/users/alena/desktop/7_sem/testing_and_debugging/skiresort/accesstodb.tests/bin/debug/net6.0/accesstodb.tests.dll" id="b368838b-3e88-4326-13f4-d624250d7307">
      <Execution id="d771a0c7-0168-4474-a0e3-d58d756b494a" />
      <TestMethod codeBase="/mnt/c/Users/alena/Desktop/7_sem/testing_and_debugging/SkiResort/AccessToDB.Tests/bin/Debug/net6.0/AccessToDB.Tests.dll" adapterTypeName="executor://xunit/VsTestRunner2/netcoreapp" className="AccessToDB.Tests.TurnstilesRepositoryTests" name="TestAddTurnstileAsyncFailsWhenTurnstileIdRepeats" />
    </UnitTest>
    <UnitTest name="AccessToDB.Tests.LiftsSlopesRepositoryTests.TestDeleteLiftSlopeByIDAsyncFailsWhenIDNotExists(liftSlopeID: 29)" storage="/mnt/c/users/alena/desktop/7_sem/testing_and_debugging/skiresort/accesstodb.tests/bin/debug/net6.0/accesstodb.tests.dll" id="81f1ec5b-8c01-e653-5dfd-fdce20396e0d">
      <Execution id="8bee6051-f7ce-4470-9f9d-f0af55c7c5a1" />
      <TestMethod codeBase="/mnt/c/Users/alena/Desktop/7_sem/testing_and_debugging/SkiResort/AccessToDB.Tests/bin/Debug/net6.0/AccessToDB.Tests.dll" adapterTypeName="executor://xunit/VsTestRunner2/netcoreapp" className="AccessToDB.Tests.LiftsSlopesRepositoryTests" name="TestDeleteLiftSlopeByIDAsyncFailsWhenIDNotExists" />
    </UnitTest>
    <UnitTest name="AccessToDB.Tests.TurnstilesRepositoryTests.TestGetTurnstileByIdAsyncOk(turnstile: Turnstile { TurnstileID = 188, LiftID = 176, IsOpen = True })" storage="/mnt/c/users/alena/desktop/7_sem/testing_and_debugging/skiresort/accesstodb.tests/bin/debug/net6.0/accesstodb.tests.dll" id="5dd40504-12f2-8039-7089-ad09e679d179">
      <Execution id="ef449e9c-b535-4aaf-87b7-e6dc6787c6e2" />
      <TestMethod codeBase="/mnt/c/Users/alena/Desktop/7_sem/testing_and_debugging/SkiResort/AccessToDB.Tests/bin/Debug/net6.0/AccessToDB.Tests.dll" adapterTypeName="executor://xunit/VsTestRunner2/netcoreapp" className="AccessToDB.Tests.TurnstilesRepositoryTests" name="TestGetTurnstileByIdAsyncOk" />
    </UnitTest>
    <UnitTest name="AccessToDB.Tests.TurnstilesRepositoryTests.TestUpdateTurnstileByIDAsyncOk(turnstile: Turnstile { TurnstileID = 246, LiftID = 143, IsOpen = True })" storage="/mnt/c/users/alena/desktop/7_sem/testing_and_debugging/skiresort/accesstodb.tests/bin/debug/net6.0/accesstodb.tests.dll" id="80ba7315-1772-ba1c-ae4e-4ac2a030264d">
      <Execution id="78898b84-35b1-4f1f-9854-6b5d5e85a839" />
      <TestMethod codeBase="/mnt/c/Users/alena/Desktop/7_sem/testing_and_debugging/SkiResort/AccessToDB.Tests/bin/Debug/net6.0/AccessToDB.Tests.dll" adapterTypeName="executor://xunit/VsTestRunner2/netcoreapp" className="AccessToDB.Tests.TurnstilesRepositoryTests" name="TestUpdateTurnstileByIDAsyncOk" />
    </UnitTest>
    <UnitTest name="AccessToDB.Tests.UsersRepositoryTests.TestAddUserAutoIncrementAsyncOk" storage="/mnt/c/users/alena/desktop/7_sem/testing_and_debugging/skiresort/accesstodb.tests/bin/debug/net6.0/accesstodb.tests.dll" id="e75bb6e2-88d9-af2a-a444-c4a9d67f0f0e">
      <Execution id="78f4667a-fdc2-44dd-a734-4133c360fd9a" />
      <TestMethod codeBase="/mnt/c/Users/alena/Desktop/7_sem/testing_and_debugging/SkiResort/AccessToDB.Tests/bin/Debug/net6.0/AccessToDB.Tests.dll" adapterTypeName="executor://xunit/VsTestRunner2/netcoreapp" className="AccessToDB.Tests.UsersRepositoryTests" name="TestAddUserAutoIncrementAsyncOk" />
    </UnitTest>
    <UnitTest name="AccessToDB.Tests.UsersRepositoryTests.TestCheckUserIdExistsAsyncTrue(user: User { UserID = 238, CardID = 20, UserEmail = UserEmailea93621e-fe44-4ab5-9949-3b4f6612900d, Password = password9ba4f7f2-bdad-4db3-be06-f291edcdae9b, Permissions = UNAUTHORIZED })" storage="/mnt/c/users/alena/desktop/7_sem/testing_and_debugging/skiresort/accesstodb.tests/bin/debug/net6.0/accesstodb.tests.dll" id="17f669ad-652d-8488-c9fa-c81b8dbf93ac">
      <Execution id="77821b34-9b37-49af-bdc6-d07921e26874" />
      <TestMethod codeBase="/mnt/c/Users/alena/Desktop/7_sem/testing_and_debugging/SkiResort/AccessToDB.Tests/bin/Debug/net6.0/AccessToDB.Tests.dll" adapterTypeName="executor://xunit/VsTestRunner2/netcoreapp" className="AccessToDB.Tests.UsersRepositoryTests" name="TestCheckUserIdExistsAsyncTrue" />
    </UnitTest>
    <UnitTest name="AccessToDB.Tests.TurnstilesRepositoryTests.TestGetTurnstilesAsyncEmpty" storage="/mnt/c/users/alena/desktop/7_sem/testing_and_debugging/skiresort/accesstodb.tests/bin/debug/net6.0/accesstodb.tests.dll" id="3c521313-4ed6-6bce-b4f9-c359411028e7">
      <Execution id="517c0e41-3667-465b-8a8b-5a1ae08b8fcf" />
      <TestMethod codeBase="/mnt/c/Users/alena/Desktop/7_sem/testing_and_debugging/SkiResort/AccessToDB.Tests/bin/Debug/net6.0/AccessToDB.Tests.dll" adapterTypeName="executor://xunit/VsTestRunner2/netcoreapp" className="AccessToDB.Tests.TurnstilesRepositoryTests" name="TestGetTurnstilesAsyncEmpty" />
    </UnitTest>
    <UnitTest name="AccessToDB.Tests.LiftsSlopesRepositoryTests.TestGetLiftSlopeByIdAsyncOk(liftSlope: LiftSlope { RecordID = 17, LiftID = 78, SlopeID = 241 })" storage="/mnt/c/users/alena/desktop/7_sem/testing_and_debugging/skiresort/accesstodb.tests/bin/debug/net6.0/accesstodb.tests.dll" id="0c618b15-84e7-f040-fb06-c582614885e9">
      <Execution id="73e30f06-06bb-4b6f-a1db-68f1098c3f04" />
      <TestMethod codeBase="/mnt/c/Users/alena/Desktop/7_sem/testing_and_debugging/SkiResort/AccessToDB.Tests/bin/Debug/net6.0/AccessToDB.Tests.dll" adapterTypeName="executor://xunit/VsTestRunner2/netcoreapp" className="AccessToDB.Tests.LiftsSlopesRepositoryTests" name="TestGetLiftSlopeByIdAsyncOk" />
    </UnitTest>
    <UnitTest name="AccessToDB.Tests.LiftsSlopesRepositoryTests.TestGetSlopesByLiftIdAsyncFailsWhenSlopeNotExists(liftSlope: LiftSlope { RecordID = 251, LiftID = 241, SlopeID = 243 })" storage="/mnt/c/users/alena/desktop/7_sem/testing_and_debugging/skiresort/accesstodb.tests/bin/debug/net6.0/accesstodb.tests.dll" id="ce77185e-d5e9-3444-0406-a5be56250ee1">
      <Execution id="21a6d035-737c-4590-b162-45c92a79db65" />
      <TestMethod codeBase="/mnt/c/Users/alena/Desktop/7_sem/testing_and_debugging/SkiResort/AccessToDB.Tests/bin/Debug/net6.0/AccessToDB.Tests.dll" adapterTypeName="executor://xunit/VsTestRunner2/netcoreapp" className="AccessToDB.Tests.LiftsSlopesRepositoryTests" name="TestGetSlopesByLiftIdAsyncFailsWhenSlopeNotExists" />
    </UnitTest>
    <UnitTest name="AccessToDB.Tests.LiftsRepositoryTests.TestGetLiftByNameAsyncFailsWhenNameNotExists(liftName: &quot;liftName5a858d5a-c9e2-4f91-ba88-2b88e4340dc5&quot;)" storage="/mnt/c/users/alena/desktop/7_sem/testing_and_debugging/skiresort/accesstodb.tests/bin/debug/net6.0/accesstodb.tests.dll" id="580cceb9-7c4d-e3df-42c2-44bc3013ec54">
      <Execution id="0d908bbd-6e0d-4710-bb0d-46cff5c106c8" />
      <TestMethod codeBase="/mnt/c/Users/alena/Desktop/7_sem/testing_and_debugging/SkiResort/AccessToDB.Tests/bin/Debug/net6.0/AccessToDB.Tests.dll" adapterTypeName="executor://xunit/VsTestRunner2/netcoreapp" className="AccessToDB.Tests.LiftsRepositoryTests" name="TestGetLiftByNameAsyncFailsWhenNameNotExists" />
    </UnitTest>
    <UnitTest name="AccessToDB.Tests.LiftsSlopesRepositoryTests.TestDeleteLiftSlopesByIDsAsyncOk(liftSlope: LiftSlope { RecordID = 220, LiftID = 219, SlopeID = 176 })" storage="/mnt/c/users/alena/desktop/7_sem/testing_and_debugging/skiresort/accesstodb.tests/bin/debug/net6.0/accesstodb.tests.dll" id="58886cbd-cc37-f776-cb0b-c8af2df81e8c">
      <Execution id="e6a53cb3-84f1-4514-ad3c-2fc6cdf010ad" />
      <TestMethod codeBase="/mnt/c/Users/alena/Desktop/7_sem/testing_and_debugging/SkiResort/AccessToDB.Tests/bin/Debug/net6.0/AccessToDB.Tests.dll" adapterTypeName="executor://xunit/VsTestRunner2/netcoreapp" className="AccessToDB.Tests.LiftsSlopesRepositoryTests" name="TestDeleteLiftSlopesByIDsAsyncOk" />
    </UnitTest>
    <UnitTest name="AccessToDB.Tests.SlopesRepositoryTests.TestGetSlopesAsyncEmpty" storage="/mnt/c/users/alena/desktop/7_sem/testing_and_debugging/skiresort/accesstodb.tests/bin/debug/net6.0/accesstodb.tests.dll" id="9bbefb83-8311-6e03-307f-415e3495e223">
      <Execution id="1c52326b-bc8d-4db6-af01-4ee7bb78c69a" />
      <TestMethod codeBase="/mnt/c/Users/alena/Desktop/7_sem/testing_and_debugging/SkiResort/AccessToDB.Tests/bin/Debug/net6.0/AccessToDB.Tests.dll" adapterTypeName="executor://xunit/VsTestRunner2/netcoreapp" className="AccessToDB.Tests.SlopesRepositoryTests" name="TestGetSlopesAsyncEmpty" />
    </UnitTest>
    <UnitTest name="AccessToDB.Tests.TurnstilesRepositoryTests.TestDeleteTurnstileByIDAsyncFailsWhenIDNotExists(turnstileID: 11)" storage="/mnt/c/users/alena/desktop/7_sem/testing_and_debugging/skiresort/accesstodb.tests/bin/debug/net6.0/accesstodb.tests.dll" id="32d89950-26cb-1e86-85b6-97f37bd8d9b8">
      <Execution id="36fe45f1-dd12-497e-9b80-83eb90c78d84" />
      <TestMethod codeBase="/mnt/c/Users/alena/Desktop/7_sem/testing_and_debugging/SkiResort/AccessToDB.Tests/bin/Debug/net6.0/AccessToDB.Tests.dll" adapterTypeName="executor://xunit/VsTestRunner2/netcoreapp" className="AccessToDB.Tests.TurnstilesRepositoryTests" name="TestDeleteTurnstileByIDAsyncFailsWhenIDNotExists" />
    </UnitTest>
  </TestDefinitions>
  <TestEntries>
    <TestEntry testId="0c618b15-84e7-f040-fb06-c582614885e9" executionId="73e30f06-06bb-4b6f-a1db-68f1098c3f04" testListId="8c84fa94-04c1-424b-9868-57a2d4851a1d" />
    <TestEntry testId="70148d19-65d5-fe92-bf37-2dadde6b8cfc" executionId="fd67d58e-dbdf-4f91-a21a-724d20661035" testListId="8c84fa94-04c1-424b-9868-57a2d4851a1d" />
    <TestEntry testId="ce77185e-d5e9-3444-0406-a5be56250ee1" executionId="21a6d035-737c-4590-b162-45c92a79db65" testListId="8c84fa94-04c1-424b-9868-57a2d4851a1d" />
    <TestEntry testId="3741b26d-6ee0-6246-29e4-92009bff37b0" executionId="49fdac1c-b0ee-4043-8058-ab223b780047" testListId="8c84fa94-04c1-424b-9868-57a2d4851a1d" />
    <TestEntry testId="3cc5a82e-2477-b46f-1dd0-f32733b1ba1c" executionId="b99fb9fe-bcb3-4253-87c8-5084d3d67c4a" testListId="8c84fa94-04c1-424b-9868-57a2d4851a1d" />
    <TestEntry testId="32d89950-26cb-1e86-85b6-97f37bd8d9b8" executionId="36fe45f1-dd12-497e-9b80-83eb90c78d84" testListId="8c84fa94-04c1-424b-9868-57a2d4851a1d" />
    <TestEntry testId="f02966f7-b9d1-ef11-eb5f-24ff4253e999" executionId="bbb68d74-52a1-4fb8-9fb2-d6da8d7c0789" testListId="8c84fa94-04c1-424b-9868-57a2d4851a1d" />
    <TestEntry testId="132bcfdd-5b0a-0bf4-6f42-3b46306c3e03" executionId="e18adc85-3f37-4980-9538-c6c0a8f6c059" testListId="8c84fa94-04c1-424b-9868-57a2d4851a1d" />
    <TestEntry testId="f9435956-2e34-e52b-c34e-dce53665cf8e" executionId="98904b75-db23-4361-8d38-c19ed21b4415" testListId="8c84fa94-04c1-424b-9868-57a2d4851a1d" />
    <TestEntry testId="eb64e052-0bff-0642-81a8-ca30d7e321b5" executionId="28907838-8c5e-4916-b434-edc84db9da48" testListId="8c84fa94-04c1-424b-9868-57a2d4851a1d" />
    <TestEntry testId="21a1ebca-91e7-c6ee-f164-f50f7048e16b" executionId="94e50e46-63f8-47b2-931e-43864dd48775" testListId="8c84fa94-04c1-424b-9868-57a2d4851a1d" />
    <TestEntry testId="580cceb9-7c4d-e3df-42c2-44bc3013ec54" executionId="0d908bbd-6e0d-4710-bb0d-46cff5c106c8" testListId="8c84fa94-04c1-424b-9868-57a2d4851a1d" />
    <TestEntry testId="43a9c34e-fcfe-d4a6-145f-8a8ea4f58ddd" executionId="73ae42bd-934a-46a9-a98b-4a8b87e762f9" testListId="8c84fa94-04c1-424b-9868-57a2d4851a1d" />
    <TestEntry testId="2ef44093-a019-10f1-589d-b2025cd495a7" executionId="4ea9df22-6bae-4b97-91c3-773619d098e4" testListId="8c84fa94-04c1-424b-9868-57a2d4851a1d" />
    <TestEntry testId="4145f44e-b4b1-a618-09e8-c631496e6f1a" executionId="c1e98c90-3242-4992-9e78-6f07d5155e6a" testListId="8c84fa94-04c1-424b-9868-57a2d4851a1d" />
    <TestEntry testId="81f1ec5b-8c01-e653-5dfd-fdce20396e0d" executionId="8bee6051-f7ce-4470-9f9d-f0af55c7c5a1" testListId="8c84fa94-04c1-424b-9868-57a2d4851a1d" />
    <TestEntry testId="607e8298-f113-be33-300e-15a343893443" executionId="ffb8a04e-2cd6-46d6-bd45-5601e5b2a391" testListId="8c84fa94-04c1-424b-9868-57a2d4851a1d" />
    <TestEntry testId="37d448f1-eb82-aadd-26bb-45e5417ff1d0" executionId="ee47ba9c-a36b-46f2-bcc1-64815fda9e3e" testListId="8c84fa94-04c1-424b-9868-57a2d4851a1d" />
    <TestEntry testId="53d117a2-4dea-4300-a560-1763d5ae2cbb" executionId="c78d6ea5-e396-4830-b5c1-79b747ed476e" testListId="8c84fa94-04c1-424b-9868-57a2d4851a1d" />
    <TestEntry testId="43dd84a0-0a76-a22e-3236-410fabee8712" executionId="a96cd64f-91ad-4008-8d24-6f612fc9ca04" testListId="8c84fa94-04c1-424b-9868-57a2d4851a1d" />
    <TestEntry testId="e75bb6e2-88d9-af2a-a444-c4a9d67f0f0e" executionId="78f4667a-fdc2-44dd-a734-4133c360fd9a" testListId="8c84fa94-04c1-424b-9868-57a2d4851a1d" />
    <TestEntry testId="ec229f70-485a-f91b-53ed-bce655f6cd58" executionId="4e023002-9ca3-468f-8f9f-3da319d98d37" testListId="8c84fa94-04c1-424b-9868-57a2d4851a1d" />
    <TestEntry testId="b451f060-0864-f0f7-29dd-66d15ceaccdb" executionId="14faf460-a4cf-4468-a0d6-3c59aa001c27" testListId="8c84fa94-04c1-424b-9868-57a2d4851a1d" />
    <TestEntry testId="03c3fb1b-f3c0-7240-8955-19c1944679da" executionId="3000e583-06d1-443a-b1bf-7fa6609eae14" testListId="8c84fa94-04c1-424b-9868-57a2d4851a1d" />
    <TestEntry testId="2ad5830b-b889-c158-5511-b5a0eb3d930f" executionId="4cf80dbd-354d-4f61-a50a-e07d04141e94" testListId="8c84fa94-04c1-424b-9868-57a2d4851a1d" />
    <TestEntry testId="3bbaf495-d4d2-57f6-13bc-de43a662c946" executionId="7c6181d9-e3f5-484f-adab-4edf6d65122f" testListId="8c84fa94-04c1-424b-9868-57a2d4851a1d" />
    <TestEntry testId="9bbefb83-8311-6e03-307f-415e3495e223" executionId="1c52326b-bc8d-4db6-af01-4ee7bb78c69a" testListId="8c84fa94-04c1-424b-9868-57a2d4851a1d" />
    <TestEntry testId="58886cbd-cc37-f776-cb0b-c8af2df81e8c" executionId="e6a53cb3-84f1-4514-ad3c-2fc6cdf010ad" testListId="8c84fa94-04c1-424b-9868-57a2d4851a1d" />
    <TestEntry testId="3c521313-4ed6-6bce-b4f9-c359411028e7" executionId="517c0e41-3667-465b-8a8b-5a1ae08b8fcf" testListId="8c84fa94-04c1-424b-9868-57a2d4851a1d" />
    <TestEntry testId="80ba7315-1772-ba1c-ae4e-4ac2a030264d" executionId="78898b84-35b1-4f1f-9854-6b5d5e85a839" testListId="8c84fa94-04c1-424b-9868-57a2d4851a1d" />
    <TestEntry testId="8f7ba917-f771-0dc5-f9b9-465c34344b12" executionId="709dbf95-1cc5-43a5-9882-992e692e4d42" testListId="8c84fa94-04c1-424b-9868-57a2d4851a1d" />
    <TestEntry testId="041df3f6-667b-34d2-1bf1-ae42f58aca72" executionId="e47211fa-a834-496c-ab10-f09189658254" testListId="8c84fa94-04c1-424b-9868-57a2d4851a1d" />
    <TestEntry testId="1629f793-b3ae-3df9-9cdd-678e975f349d" executionId="0686258e-1793-451c-b276-a87de623ec85" testListId="8c84fa94-04c1-424b-9868-57a2d4851a1d" />
    <TestEntry testId="b368838b-3e88-4326-13f4-d624250d7307" executionId="d771a0c7-0168-4474-a0e3-d58d756b494a" testListId="8c84fa94-04c1-424b-9868-57a2d4851a1d" />
    <TestEntry testId="17f669ad-652d-8488-c9fa-c81b8dbf93ac" executionId="77821b34-9b37-49af-bdc6-d07921e26874" testListId="8c84fa94-04c1-424b-9868-57a2d4851a1d" />
    <TestEntry testId="aaef0657-53ba-6127-f971-1edccf35d475" executionId="26eac624-2ccd-489f-bf58-406f1a7dd836" testListId="8c84fa94-04c1-424b-9868-57a2d4851a1d" />
    <TestEntry testId="5dd40504-12f2-8039-7089-ad09e679d179" executionId="ef449e9c-b535-4aaf-87b7-e6dc6787c6e2" testListId="8c84fa94-04c1-424b-9868-57a2d4851a1d" />
    <TestEntry testId="30f8e924-9784-0a43-e807-094f70e06567" executionId="f730f336-4a0e-4371-b215-0a7e96f4051b" testListId="8c84fa94-04c1-424b-9868-57a2d4851a1d" />
    <TestEntry testId="f9ed299a-801d-028f-75fd-bfce5eadcbc8" executionId="aed50330-a66b-468b-8980-959cbd3f777a" testListId="8c84fa94-04c1-424b-9868-57a2d4851a1d" />
  </TestEntries>
  <TestLists>
    <TestList name="Results Not in a List" id="8c84fa94-04c1-424b-9868-57a2d4851a1d" />
    <TestList name="All Loaded Results" id="19431567-8539-422a-85d7-44ee4e166bda" />
  </TestLists>
  <ResultSummary outcome="Failed">
    <Counters total="39" executed="39" passed="38" failed="1" error="0" timeout="0" aborted="0" inconclusive="0" passedButRunAborted="0" notRunnable="0" notExecuted="0" disconnected="0" warning="0" completed="0" inProgress="0" pending="0" />
    <Output>
      <StdOut>[xUnit.net 00:00:00.00] xUnit.net VSTest Adapter v2.4.5+1caef2f33e (64-bit .NET 6.0.10)
[xUnit.net 00:00:01.14]   Discovering: AccessToDB.Tests
[xUnit.net 00:00:01.27]   Discovered:  AccessToDB.Tests
[xUnit.net 00:00:01.28]   Starting:    AccessToDB.Tests
[xUnit.net 00:00:31.54]       System.InvalidOperationException : Operations that change non-concurrent collections must have exclusive access. A concurrent update was performed on this collection and corrupted its state. The collection's state is no longer correct.
[xUnit.net 00:00:31.55]       Stack Trace:
[xUnit.net 00:00:31.55]            at System.Collections.Generic.Dictionary`2.FindValue(TKey key)
[xUnit.net 00:00:31.55]            at System.Collections.Generic.Dictionary`2.TryGetValue(TKey key, TValue&amp; value)
[xUnit.net 00:00:31.55]            at ProGaudi.MsgPack.Light.MsgPackContext.GetObjectActivator(Type type)
[xUnit.net 00:00:31.55]            at ProGaudi.MsgPack.Light.MsgPackContext.&lt;&gt;c__DisplayClass24_0.&lt;TryGenerateConverterFromGenericConverter&gt;b__0(Type x)
[xUnit.net 00:00:31.55]            at ProGaudi.MsgPack.Light.MsgPackContext.TryGenerateConverterFromGenericConverter(Type type)
[xUnit.net 00:00:31.55]            at ProGaudi.MsgPack.Light.MsgPackContext.GetConverter[T]()
[xUnit.net 00:00:31.55]            at ProGaudi.MsgPack.Light.MsgPackSerializer.GetConverter[T](MsgPackContext context)
[xUnit.net 00:00:31.55]            at ProGaudi.MsgPack.Light.MsgPackSerializer.Deserialize[T](MemoryStream stream, MsgPackContext context)
[xUnit.net 00:00:31.55]            at ProGaudi.Tarantool.Client.LogicalConnection.SendRequest[TRequest,TResponse](TRequest request, Nullable`1 timeout)
[xUnit.net 00:00:31.55]            at ProGaudi.Tarantool.Client.LogicalConnectionManager.SendRequest[TRequest,TResponse](TRequest request, Nullable`1 timeout)
[xUnit.net 00:00:31.55]            at ProGaudi.Tarantool.Client.Schema.Select[T](UInt32 spaceId, Iterator iterator, UInt32 id)
[xUnit.net 00:00:31.55]            at ProGaudi.Tarantool.Client.Schema.Reload()
[xUnit.net 00:00:31.55]            at ProGaudi.Tarantool.Client.Box.Connect()
[xUnit.net 00:00:31.55]            at ProGaudi.Tarantool.Client.Box.Connect(String replicationSource)
[xUnit.net 00:00:31.55]         /mnt/c/Users/alena/Desktop/7_sem/testing_and_debugging/SkiResort/AccessToDB/TarantoolContext.cs(51,0): at AccessToDB.TarantoolContext.Initialize(String connection_string)
[xUnit.net 00:00:31.55]         /mnt/c/Users/alena/Desktop/7_sem/testing_and_debugging/SkiResort/AccessToDB/TarantoolContext.cs(32,0): at AccessToDB.TarantoolContext..ctor(String connection_string)
[xUnit.net 00:00:31.55]         /mnt/c/Users/alena/Desktop/7_sem/testing_and_debugging/SkiResort/AccessToDB.Tests/LiftsSlopesRepositoryTests.cs(34,0): at AccessToDB.Tests.LiftsSlopesRepositoryTests..ctor()
[xUnit.net 00:00:31.55]            at System.RuntimeType.CreateInstanceDefaultCtor(Boolean publicOnly, Boolean wrapExceptions)
[xUnit.net 00:00:36.98]   Finished:    AccessToDB.Tests
</StdOut>
    </Output>
    <RunInfos>
      <RunInfo computerName="DESKTOP-TJ9D65N" outcome="Error" timestamp="2022-11-03T09:36:09.3003052+03:00">
        <Text>[xUnit.net 00:00:31.54]     AccessToDB.Tests.LiftsSlopesRepositoryTests.TestDeleteLiftSlopeByIDAsyncFailsWhenIDNotExists(liftSlopeID: 29) [FAIL]</Text>
      </RunInfo>
    </RunInfos>
  </ResultSummary>
</TestRun>