<?xml version="1.0" encoding="utf-8"?>
<TestRun id="4be2f227-5f39-480d-ab69-33264ab68a2c" name="@DESKTOP-TJ9D65N 2022-11-03 11:02:50" xmlns="http://microsoft.com/schemas/VisualStudio/TeamTest/2010">
  <Times creation="2022-11-03T11:02:50.2508323+03:00" queuing="2022-11-03T11:02:50.2508323+03:00" start="2022-11-03T11:02:46.3830504+03:00" finish="2022-11-03T11:03:04.4926669+03:00" />
  <TestSettings name="default" id="ba209f5c-9872-4ca5-aefd-be67953e9dbc">
    <Deployment runDeploymentRoot="_DESKTOP-TJ9D65N_2022-11-03_11_02_50" />
  </TestSettings>
  <Results>
    <UnitTestResult executionId="03389867-f05d-4fe9-96e7-fda8fb69bdd4" testId="4145f44e-b4b1-a618-09e8-c631496e6f1a" testName="AccessToDB.Tests.LiftsSlopesRepositoryTests.TestGetLiftSlopesAsyncEmpty" computerName="DESKTOP-TJ9D65N" duration="00:00:00.3619023" startTime="2022-11-03T11:02:51.8655957+03:00" endTime="2022-11-03T11:02:51.8655960+03:00" testType="13cdc9d9-ddb5-4fa4-a97d-d965ccfc6d4b" outcome="Passed" testListId="8c84fa94-04c1-424b-9868-57a2d4851a1d" relativeResultsDirectory="03389867-f05d-4fe9-96e7-fda8fb69bdd4" />
    <UnitTestResult executionId="4296d582-0006-4d34-9069-f58b5e323a7a" testId="b84d9018-fbaf-f442-c445-7b3176e50e47" testName="AccessToDB.Tests.UsersRepositoryTests.TestAddUserAsyncFailsWhenUserIdRepeats(user: User { UserID = 175, CardID = 135, UserEmail = UserEmaila54e9d59-fc96-498a-b472-bbe553786982, Password = password1aae48e3-3428-4247-b1b7-15f2643c5f5b, Permissions = UNAUTHORIZED })" computerName="DESKTOP-TJ9D65N" duration="00:00:00.3984434" startTime="2022-11-03T11:02:55.0927301+03:00" endTime="2022-11-03T11:02:55.0927306+03:00" testType="13cdc9d9-ddb5-4fa4-a97d-d965ccfc6d4b" outcome="Passed" testListId="8c84fa94-04c1-424b-9868-57a2d4851a1d" relativeResultsDirectory="4296d582-0006-4d34-9069-f58b5e323a7a" />
    <UnitTestResult executionId="cc9777da-8b30-47be-8aa5-7b75ac94ef02" testId="3741b26d-6ee0-6246-29e4-92009bff37b0" testName="AccessToDB.Tests.UsersRepositoryTests.TestGetUsersAsyncEmpty" computerName="DESKTOP-TJ9D65N" duration="00:00:00.3631315" startTime="2022-11-03T11:02:53.8601184+03:00" endTime="2022-11-03T11:02:53.8601186+03:00" testType="13cdc9d9-ddb5-4fa4-a97d-d965ccfc6d4b" outcome="Passed" testListId="8c84fa94-04c1-424b-9868-57a2d4851a1d" relativeResultsDirectory="cc9777da-8b30-47be-8aa5-7b75ac94ef02" />
    <UnitTestResult executionId="b65dee2b-0d85-4e62-915d-914c06803505" testId="3c521313-4ed6-6bce-b4f9-c359411028e7" testName="AccessToDB.Tests.TurnstilesRepositoryTests.TestGetTurnstilesAsyncEmpty" computerName="DESKTOP-TJ9D65N" duration="00:00:00.3619588" startTime="2022-11-03T11:03:00.6718877+03:00" endTime="2022-11-03T11:03:00.6718879+03:00" testType="13cdc9d9-ddb5-4fa4-a97d-d965ccfc6d4b" outcome="Passed" testListId="8c84fa94-04c1-424b-9868-57a2d4851a1d" relativeResultsDirectory="b65dee2b-0d85-4e62-915d-914c06803505" />
    <UnitTestResult executionId="de6ef371-0faf-4cfd-9e89-b0318028a080" testId="6cb844b6-e0a3-15f2-fb29-443d8b44e033" testName="AccessToDB.Tests.LiftsSlopesRepositoryTests.TestGetLiftsBySlopeIdAsyncOk(slope1: Slope { SlopeID = 11, SlopeName = slopeNamec47a5595-4862-471a-8e19-706c556a24d2, IsOpen = True, DifficultyLevel = 58, ConnectedLifts =  }, slope2: Slope { SlopeID = 70, SlopeName = slopeNamedd9bba61-dbaf-4c8e-a185-8a067fcbfcde, IsOpen = False, DifficultyLevel = 199, ConnectedLifts =  }, lift1: Lift { LiftID = 76, LiftName = liftName99ed5848-8fd6-473c-9b23-e6e83da95982, IsOpen = True, SeatsAmount = 233, LiftingTime = 220, QueueTime = 195, ConnectedSlopes =  }, lift2: Lift { LiftID = 115, LiftName = liftName58112a35-37c4-44fe-a142-34aa408863c4, IsOpen = False, SeatsAmount = 213, LiftingTime = 117, QueueTime = 202, ConnectedSlopes =  })" computerName="DESKTOP-TJ9D65N" duration="00:00:00.4877391" startTime="2022-11-03T11:02:49.0782603+03:00" endTime="2022-11-03T11:02:49.0782973+03:00" testType="13cdc9d9-ddb5-4fa4-a97d-d965ccfc6d4b" outcome="Passed" testListId="8c84fa94-04c1-424b-9868-57a2d4851a1d" relativeResultsDirectory="de6ef371-0faf-4cfd-9e89-b0318028a080" />
    <UnitTestResult executionId="9e88e0d2-dac9-4448-87c7-1fba55c642cc" testId="fa7fd221-8737-926b-d7e3-476e613b428c" testName="AccessToDB.Tests.LiftsRepositoryTests.TestUpdateLiftByIDAsyncOk(lift: Lift { LiftID = 190, LiftName = liftName33df767d-1a20-44ad-82ef-948f1a1e1e88, IsOpen = True, SeatsAmount = 23, LiftingTime = 193, QueueTime = 110, ConnectedSlopes =  })" computerName="DESKTOP-TJ9D65N" duration="00:00:00.3938646" startTime="2022-11-03T11:03:04.3821591+03:00" endTime="2022-11-03T11:03:04.3821592+03:00" testType="13cdc9d9-ddb5-4fa4-a97d-d965ccfc6d4b" outcome="Passed" testListId="8c84fa94-04c1-424b-9868-57a2d4851a1d" relativeResultsDirectory="9e88e0d2-dac9-4448-87c7-1fba55c642cc" />
    <UnitTestResult executionId="a5cd5f5e-0b33-4106-a7ef-7f86e8e81f17" testId="c5e38775-859d-a86d-ce42-8219a8e79180" testName="AccessToDB.Tests.LiftsRepositoryTests.TestDeleteLiftByIDAsyncFailsWhenIDNotExists(liftID: 209)" computerName="DESKTOP-TJ9D65N" duration="00:00:00.3632839" startTime="2022-11-03T11:03:02.8297825+03:00" endTime="2022-11-03T11:03:02.8297827+03:00" testType="13cdc9d9-ddb5-4fa4-a97d-d965ccfc6d4b" outcome="Passed" testListId="8c84fa94-04c1-424b-9868-57a2d4851a1d" relativeResultsDirectory="a5cd5f5e-0b33-4106-a7ef-7f86e8e81f17" />
    <UnitTestResult executionId="8f64bd95-295f-49c7-bfaf-6f0ee856c804" testId="0386ee2c-a54e-c68c-b9f6-2afcabd3bfa0" testName="AccessToDB.Tests.UsersRepositoryTests.TestCheckUserEmailExistsAsyncFalse(userEmail: &quot;userEmail14d2296f-c073-4776-b0ff-b22053738b9c&quot;)" computerName="DESKTOP-TJ9D65N" duration="00:00:00.3762020" startTime="2022-11-03T11:02:55.4993842+03:00" endTime="2022-11-03T11:02:55.4993846+03:00" testType="13cdc9d9-ddb5-4fa4-a97d-d965ccfc6d4b" outcome="Passed" testListId="8c84fa94-04c1-424b-9868-57a2d4851a1d" relativeResultsDirectory="8f64bd95-295f-49c7-bfaf-6f0ee856c804" />
    <UnitTestResult executionId="2120e4ab-b904-49d7-85af-45c3f5fede95" testId="67e5a225-c051-ea4c-cab5-e18fed01a435" testName="AccessToDB.Tests.LiftsRepositoryTests.TestAddLiftAsyncFailsWhenLiftIdRepeats(lift: Lift { LiftID = 234, LiftName = liftNamefe45fa31-6119-4be0-89ca-abfc86be325e, IsOpen = True, SeatsAmount = 163, LiftingTime = 29, QueueTime = 62, ConnectedSlopes =  })" computerName="DESKTOP-TJ9D65N" duration="00:00:00.3916986" startTime="2022-11-03T11:03:02.4512946+03:00" endTime="2022-11-03T11:03:02.4512947+03:00" testType="13cdc9d9-ddb5-4fa4-a97d-d965ccfc6d4b" outcome="Passed" testListId="8c84fa94-04c1-424b-9868-57a2d4851a1d" relativeResultsDirectory="2120e4ab-b904-49d7-85af-45c3f5fede95" />
    <UnitTestResult executionId="3ca4f3a6-7123-416a-8eb3-3155e51da996" testId="8f7ba917-f771-0dc5-f9b9-465c34344b12" testName="AccessToDB.Tests.SlopesRepositoryTests.TestAddSlopeAutoIncrementAsyncOk" computerName="DESKTOP-TJ9D65N" duration="00:00:00.3937692" startTime="2022-11-03T11:02:56.7109628+03:00" endTime="2022-11-03T11:02:56.7109633+03:00" testType="13cdc9d9-ddb5-4fa4-a97d-d965ccfc6d4b" outcome="Passed" testListId="8c84fa94-04c1-424b-9868-57a2d4851a1d" relativeResultsDirectory="3ca4f3a6-7123-416a-8eb3-3155e51da996" />
    <UnitTestResult executionId="c197c672-d83d-4f47-9d72-e143390b26d9" testId="e4e5d0f5-93ef-d2b5-15e8-7ccc87c542b7" testName="AccessToDB.Tests.LiftsRepositoryTests.TestGetLiftByIdAsyncOk(lift: Lift { LiftID = 13, LiftName = liftName352cd71c-8c7b-44c1-89a5-efb2aaf177df, IsOpen = True, SeatsAmount = 30, LiftingTime = 159, QueueTime = 41, ConnectedSlopes =  })" computerName="DESKTOP-TJ9D65N" duration="00:00:00.3827452" startTime="2022-11-03T11:03:03.9760133+03:00" endTime="2022-11-03T11:03:03.9760134+03:00" testType="13cdc9d9-ddb5-4fa4-a97d-d965ccfc6d4b" outcome="Passed" testListId="8c84fa94-04c1-424b-9868-57a2d4851a1d" relativeResultsDirectory="c197c672-d83d-4f47-9d72-e143390b26d9" />
    <UnitTestResult executionId="c7d321c8-c831-4595-8307-26ccfe055d82" testId="5ca48e94-467f-2e6b-c02a-a33417217109" testName="AccessToDB.Tests.TurnstilesRepositoryTests.TestUpdateTurnstileByIDAsyncOk(turnstile: Turnstile { TurnstileID = 144, LiftID = 126, IsOpen = True })" computerName="DESKTOP-TJ9D65N" duration="00:00:00.3926281" startTime="2022-11-03T11:02:59.4818956+03:00" endTime="2022-11-03T11:02:59.4818959+03:00" testType="13cdc9d9-ddb5-4fa4-a97d-d965ccfc6d4b" outcome="Passed" testListId="8c84fa94-04c1-424b-9868-57a2d4851a1d" relativeResultsDirectory="c7d321c8-c831-4595-8307-26ccfe055d82" />
    <UnitTestResult executionId="fb12eb55-432c-4533-aa12-88295c9cb29d" testId="9bbefb83-8311-6e03-307f-415e3495e223" testName="AccessToDB.Tests.SlopesRepositoryTests.TestGetSlopesAsyncEmpty" computerName="DESKTOP-TJ9D65N" duration="00:00:00.3615248" startTime="2022-11-03T11:02:57.8693414+03:00" endTime="2022-11-03T11:02:57.8693417+03:00" testType="13cdc9d9-ddb5-4fa4-a97d-d965ccfc6d4b" outcome="Passed" testListId="8c84fa94-04c1-424b-9868-57a2d4851a1d" relativeResultsDirectory="fb12eb55-432c-4533-aa12-88295c9cb29d" />
    <UnitTestResult executionId="a6b4097f-102b-4c2b-896c-4522d6a46ed6" testId="fba3b3cc-0cf2-2d11-41e1-f8f863afeaa5" testName="AccessToDB.Tests.TurnstilesRepositoryTests.TestGetTurnstilesByLiftIdAsyncOk(liftID: 122)" computerName="DESKTOP-TJ9D65N" duration="00:00:00.4858377" startTime="2022-11-03T11:03:01.5966146+03:00" endTime="2022-11-03T11:03:01.5966147+03:00" testType="13cdc9d9-ddb5-4fa4-a97d-d965ccfc6d4b" outcome="Passed" testListId="8c84fa94-04c1-424b-9868-57a2d4851a1d" relativeResultsDirectory="a6b4097f-102b-4c2b-896c-4522d6a46ed6" />
    <UnitTestResult executionId="bfa4a600-5f34-4647-94ee-da6848a2996c" testId="41703e88-f004-e181-9b69-8e46c4282b02" testName="AccessToDB.Tests.LiftsSlopesRepositoryTests.TestGetSlopesByLiftIdAsyncFailsWhenSlopeNotExists(liftSlope: LiftSlope { RecordID = 233, LiftID = 66, SlopeID = 96 })" computerName="DESKTOP-TJ9D65N" duration="00:00:00.3828220" startTime="2022-11-03T11:02:52.2663042+03:00" endTime="2022-11-03T11:02:52.2663044+03:00" testType="13cdc9d9-ddb5-4fa4-a97d-d965ccfc6d4b" outcome="Passed" testListId="8c84fa94-04c1-424b-9868-57a2d4851a1d" relativeResultsDirectory="bfa4a600-5f34-4647-94ee-da6848a2996c" />
    <UnitTestResult executionId="35e37e22-4bb6-46f5-9ceb-6c767d0567a1" testId="e122ddb5-fedf-ec33-da86-441eeb4a0bf8" testName="AccessToDB.Tests.LiftsSlopesRepositoryTests.TestGetLiftSlopeByIdAsyncOk(liftSlope: LiftSlope { RecordID = 112, LiftID = 32, SlopeID = 25 })" computerName="DESKTOP-TJ9D65N" duration="00:00:00.3809903" startTime="2022-11-03T11:02:50.6453772+03:00" endTime="2022-11-03T11:02:50.6453775+03:00" testType="13cdc9d9-ddb5-4fa4-a97d-d965ccfc6d4b" outcome="Passed" testListId="8c84fa94-04c1-424b-9868-57a2d4851a1d" relativeResultsDirectory="35e37e22-4bb6-46f5-9ceb-6c767d0567a1" />
    <UnitTestResult executionId="4917bb60-5ae2-4e5f-8ee0-7459ae94c766" testId="29149db9-22a3-1ded-df5a-c648fa1358c8" testName="AccessToDB.Tests.LiftsSlopesRepositoryTests.TestDeleteLiftSlopesByIDsAsyncOk(liftSlope: LiftSlope { RecordID = 65, LiftID = 29, SlopeID = 46 })" computerName="DESKTOP-TJ9D65N" duration="00:00:00.3917203" startTime="2022-11-03T11:02:49.5080193+03:00" endTime="2022-11-03T11:02:49.5080195+03:00" testType="13cdc9d9-ddb5-4fa4-a97d-d965ccfc6d4b" outcome="Passed" testListId="8c84fa94-04c1-424b-9868-57a2d4851a1d" relativeResultsDirectory="4917bb60-5ae2-4e5f-8ee0-7459ae94c766" />
    <UnitTestResult executionId="5ba16190-a098-464f-9d80-86015fd9bf69" testId="0fe4d602-7fc9-3958-d616-6ca0eb501acf" testName="AccessToDB.Tests.LiftsSlopesRepositoryTests.TestUpdateLiftSlopeByIDAsyncOk(liftSlope: LiftSlope { RecordID = 252, LiftID = 221, SlopeID = 58 })" computerName="DESKTOP-TJ9D65N" duration="00:00:00.0010000" startTime="2022-11-03T11:02:49.8835067+03:00" endTime="2022-11-03T11:02:49.8835069+03:00" testType="13cdc9d9-ddb5-4fa4-a97d-d965ccfc6d4b" outcome="Failed" testListId="8c84fa94-04c1-424b-9868-57a2d4851a1d" relativeResultsDirectory="5ba16190-a098-464f-9d80-86015fd9bf69">
      <Output>
        <ErrorInfo>
          <Message>System.InvalidOperationException : Operations that change non-concurrent collections must have exclusive access. A concurrent update was performed on this collection and corrupted its state. The collection's state is no longer correct.</Message>
          <StackTrace>   at System.Collections.Generic.Dictionary`2.FindValue(TKey key)
   at System.Collections.Generic.Dictionary`2.TryGetValue(TKey key, TValue&amp; value)
   at ProGaudi.MsgPack.Light.Extensions.GetOrAdd[TKey,TValue](Dictionary`2 dictionary, TKey key, Func`2 creator)
   at ProGaudi.MsgPack.Light.MsgPackContext.GetObjectActivator(Type type)
   at ProGaudi.MsgPack.Light.MsgPackContext.&lt;&gt;c__DisplayClass27_0.&lt;TryGenerateArrayConverter&gt;b__0(Type x)
   at ProGaudi.MsgPack.Light.Extensions.GetOrAdd[TKey,TValue](Dictionary`2 dictionary, TKey key, Func`2 creator)
   at ProGaudi.MsgPack.Light.MsgPackContext.TryGenerateArrayConverter(Type type)
   at ProGaudi.MsgPack.Light.MsgPackContext.GetConverter[T]()
   at ProGaudi.Tarantool.Client.Converters.ResponsePacketConverter`1.Initialize(MsgPackContext context)
   at ProGaudi.MsgPack.Light.MsgPackContext.CreateAndInializeConverter(Func`1 converterActivator)
   at ProGaudi.MsgPack.Light.MsgPackContext.&lt;&gt;c__DisplayClass24_0.&lt;TryGenerateConverterFromGenericConverter&gt;b__0(Type x)
   at ProGaudi.MsgPack.Light.Extensions.GetOrAdd[TKey,TValue](Dictionary`2 dictionary, TKey key, Func`2 creator)
   at ProGaudi.MsgPack.Light.MsgPackContext.TryGenerateConverterFromGenericConverter(Type type)
   at ProGaudi.MsgPack.Light.MsgPackContext.GetConverter[T]()
   at ProGaudi.MsgPack.Light.MsgPackSerializer.GetConverter[T](MsgPackContext context)
   at ProGaudi.MsgPack.Light.MsgPackSerializer.Deserialize[T](MemoryStream stream, MsgPackContext context)
   at ProGaudi.Tarantool.Client.LogicalConnection.SendRequest[TRequest,TResponse](TRequest request, Nullable`1 timeout)
   at ProGaudi.Tarantool.Client.LogicalConnectionManager.SendRequest[TRequest,TResponse](TRequest request, Nullable`1 timeout)
   at ProGaudi.Tarantool.Client.Index.Select[TKey,TTuple](TKey key, SelectOptions options)
   at AccessToDB.RepositoriesTarantool.TarantoolLiftsSlopesRepository.GetLiftsSlopesAsync(UInt32 offset, UInt32 limit) in /mnt/c/Users/alena/Desktop/7_sem/testing_and_debugging/SkiResort/AccessToDB/TarantoolRepositories/TarantoolLiftsSlopesRepository.cs:line 43
   at AccessToDB.Tests.LiftsSlopesRepositoryTests.CleanLiftsSlopesTable() in /mnt/c/Users/alena/Desktop/7_sem/testing_and_debugging/SkiResort/AccessToDB.Tests/LiftsSlopesRepositoryTests.cs:line 48
   at AccessToDB.Tests.LiftsSlopesRepositoryTests..ctor() in /mnt/c/Users/alena/Desktop/7_sem/testing_and_debugging/SkiResort/AccessToDB.Tests/LiftsSlopesRepositoryTests.cs:line 38
   at System.RuntimeType.CreateInstanceDefaultCtor(Boolean publicOnly, Boolean wrapExceptions)</StackTrace>
        </ErrorInfo>
      </Output>
    </UnitTestResult>
    <UnitTestResult executionId="91ad3b48-cb8c-4937-96c6-67abbeee6705" testId="ec229f70-485a-f91b-53ed-bce655f6cd58" testName="AccessToDB.Tests.LiftsRepositoryTests.TestAddLiftAutoIncrementAsyncOk" computerName="DESKTOP-TJ9D65N" duration="00:00:00.4307316" startTime="2022-11-03T11:03:02.0459265+03:00" endTime="2022-11-03T11:03:02.0459266+03:00" testType="13cdc9d9-ddb5-4fa4-a97d-d965ccfc6d4b" outcome="Passed" testListId="8c84fa94-04c1-424b-9868-57a2d4851a1d" relativeResultsDirectory="91ad3b48-cb8c-4937-96c6-67abbeee6705" />
    <UnitTestResult executionId="d3b6d9e7-7a1e-4e84-b09c-68d56d1f3088" testId="8f4576c4-ed91-3163-b03a-92c52e4bd832" testName="AccessToDB.Tests.SlopesRepositoryTests.TestGetSlopeByNameAsyncFailsWhenNameNotExists(slopeName: &quot;slopeName4f6a35fd-2cab-4326-ae4c-029c4a67ad2a&quot;)" computerName="DESKTOP-TJ9D65N" duration="00:00:00.3624260" startTime="2022-11-03T11:02:57.4948721+03:00" endTime="2022-11-03T11:02:57.4948723+03:00" testType="13cdc9d9-ddb5-4fa4-a97d-d965ccfc6d4b" outcome="Passed" testListId="8c84fa94-04c1-424b-9868-57a2d4851a1d" relativeResultsDirectory="d3b6d9e7-7a1e-4e84-b09c-68d56d1f3088" />
    <UnitTestResult executionId="bfedff59-f65d-4bfb-b6d2-1f725e64971a" testId="607e8298-f113-be33-300e-15a343893443" testName="AccessToDB.Tests.LiftsRepositoryTests.TestGetLiftsAsyncEmpty" computerName="DESKTOP-TJ9D65N" duration="00:00:00.3605938" startTime="2022-11-03T11:03:03.2015324+03:00" endTime="2022-11-03T11:03:03.2015324+03:00" testType="13cdc9d9-ddb5-4fa4-a97d-d965ccfc6d4b" outcome="Passed" testListId="8c84fa94-04c1-424b-9868-57a2d4851a1d" relativeResultsDirectory="bfedff59-f65d-4bfb-b6d2-1f725e64971a" />
    <UnitTestResult executionId="18aa62eb-6c99-406c-b0bb-1756dd76ae25" testId="f110e1c0-2b19-c0e9-4bef-a7310e5727fd" testName="AccessToDB.Tests.LiftsSlopesRepositoryTests.TestDeleteLiftSlopeByIDAsyncFailsWhenIDNotExists(liftSlopeID: 191)" computerName="DESKTOP-TJ9D65N" duration="00:00:00.3620890" startTime="2022-11-03T11:02:50.2499550+03:00" endTime="2022-11-03T11:02:50.2499552+03:00" testType="13cdc9d9-ddb5-4fa4-a97d-d965ccfc6d4b" outcome="Passed" testListId="8c84fa94-04c1-424b-9868-57a2d4851a1d" relativeResultsDirectory="18aa62eb-6c99-406c-b0bb-1756dd76ae25" />
    <UnitTestResult executionId="58180dea-3f58-4fcb-ac2b-9007ef9a0c69" testId="3ce0f2b4-e673-ac52-9f9c-0ccdac82e8ee" testName="AccessToDB.Tests.UsersRepositoryTests.TestGetUserByIdAsyncOk(user: User { UserID = 209, CardID = 60, UserEmail = UserEmaile336694a-91bd-4e4e-9788-ce60939a2ba0, Password = passwordcf8aa52f-6b45-4766-b348-eac11776e2ba, Permissions = UNAUTHORIZED })" computerName="DESKTOP-TJ9D65N" duration="00:00:00.3838248" startTime="2022-11-03T11:02:54.6710063+03:00" endTime="2022-11-03T11:02:54.6710067+03:00" testType="13cdc9d9-ddb5-4fa4-a97d-d965ccfc6d4b" outcome="Passed" testListId="8c84fa94-04c1-424b-9868-57a2d4851a1d" relativeResultsDirectory="58180dea-3f58-4fcb-ac2b-9007ef9a0c69" />
    <UnitTestResult executionId="f7a24390-fd19-4f2f-b4b9-2579438d56c1" testId="a8c8c746-cb03-84ab-1682-9dc7a30eb128" testName="AccessToDB.Tests.TurnstilesRepositoryTests.TestDeleteTurnstileByIDAsyncFailsWhenIDNotExists(turnstileID: 155)" computerName="DESKTOP-TJ9D65N" duration="00:00:00.3689616" startTime="2022-11-03T11:03:00.2894338+03:00" endTime="2022-11-03T11:03:00.2894343+03:00" testType="13cdc9d9-ddb5-4fa4-a97d-d965ccfc6d4b" outcome="Passed" testListId="8c84fa94-04c1-424b-9868-57a2d4851a1d" relativeResultsDirectory="f7a24390-fd19-4f2f-b4b9-2579438d56c1" />
    <UnitTestResult executionId="453c8851-a3d0-4d10-86f4-123d44b599e4" testId="35172e94-0156-cd5b-1552-201e44d28cc4" testName="AccessToDB.Tests.UsersRepositoryTests.TestUpdateUserByIDAsyncOk(user: User { UserID = 15, CardID = 43, UserEmail = UserEmaila5c3548f-25d1-45ac-ad10-070d20d65a9b, Password = passworda12133a2-c5de-4530-af05-a9e59fec321e, Permissions = UNAUTHORIZED })" computerName="DESKTOP-TJ9D65N" duration="00:00:00.3931424" startTime="2022-11-03T11:02:54.2679039+03:00" endTime="2022-11-03T11:02:54.2679043+03:00" testType="13cdc9d9-ddb5-4fa4-a97d-d965ccfc6d4b" outcome="Passed" testListId="8c84fa94-04c1-424b-9868-57a2d4851a1d" relativeResultsDirectory="453c8851-a3d0-4d10-86f4-123d44b599e4" />
    <UnitTestResult executionId="4758bec9-6187-4517-b29f-dccffc7eec62" testId="b93a0c98-f2d2-2589-fe0a-5c7d4fb2eecd" testName="AccessToDB.Tests.SlopesRepositoryTests.TestDeleteSlopeByIDAsyncFailsWhenIDNotExists(slopeID: 216)" computerName="DESKTOP-TJ9D65N" duration="00:00:00.3619384" startTime="2022-11-03T11:02:56.3029249+03:00" endTime="2022-11-03T11:02:56.3029252+03:00" testType="13cdc9d9-ddb5-4fa4-a97d-d965ccfc6d4b" outcome="Passed" testListId="8c84fa94-04c1-424b-9868-57a2d4851a1d" relativeResultsDirectory="4758bec9-6187-4517-b29f-dccffc7eec62" />
    <UnitTestResult executionId="84060ed6-86d4-4b76-bd29-73be33e68ae8" testId="dd194c65-bc7b-06d4-1b0e-300c1ef1ebbd" testName="AccessToDB.Tests.TurnstilesRepositoryTests.TestAddTurnstileAsyncFailsWhenTurnstileIdRepeats(turnstile: Turnstile { TurnstileID = 131, LiftID = 39, IsOpen = True })" computerName="DESKTOP-TJ9D65N" duration="00:00:00.3927340" startTime="2022-11-03T11:02:59.8934715+03:00" endTime="2022-11-03T11:02:59.8934720+03:00" testType="13cdc9d9-ddb5-4fa4-a97d-d965ccfc6d4b" outcome="Passed" testListId="8c84fa94-04c1-424b-9868-57a2d4851a1d" relativeResultsDirectory="84060ed6-86d4-4b76-bd29-73be33e68ae8" />
    <UnitTestResult executionId="1e6abb5d-7f35-4246-a65c-59d079d00780" testId="f9435956-2e34-e52b-c34e-dce53665cf8e" testName="AccessToDB.Tests.TurnstilesRepositoryTests.TestAddTurnstileAutoIncrementAsyncOk" computerName="DESKTOP-TJ9D65N" duration="00:00:00.4028281" startTime="2022-11-03T11:03:01.0887696+03:00" endTime="2022-11-03T11:03:01.0887706+03:00" testType="13cdc9d9-ddb5-4fa4-a97d-d965ccfc6d4b" outcome="Passed" testListId="8c84fa94-04c1-424b-9868-57a2d4851a1d" relativeResultsDirectory="1e6abb5d-7f35-4246-a65c-59d079d00780" />
    <UnitTestResult executionId="25e9669c-484a-4f09-9062-7dae3aed7c74" testId="685d2e91-ba95-d9aa-5224-ef1a0dcb83f5" testName="AccessToDB.Tests.SlopesRepositoryTests.TestAddSlopeAsyncFailsWhenSlopeIdRepeats(slope: Slope { SlopeID = 46, SlopeName = slopeName56ebb619-d66e-4b87-981c-9d041d692c78, IsOpen = True, DifficultyLevel = 31, ConnectedLifts =  })" computerName="DESKTOP-TJ9D65N" duration="00:00:00.3917645" startTime="2022-11-03T11:02:58.6733740+03:00" endTime="2022-11-03T11:02:58.6733743+03:00" testType="13cdc9d9-ddb5-4fa4-a97d-d965ccfc6d4b" outcome="Passed" testListId="8c84fa94-04c1-424b-9868-57a2d4851a1d" relativeResultsDirectory="25e9669c-484a-4f09-9062-7dae3aed7c74" />
    <UnitTestResult executionId="975316a9-3f77-4f53-96fd-906baf20e466" testId="e75bb6e2-88d9-af2a-a444-c4a9d67f0f0e" testName="AccessToDB.Tests.UsersRepositoryTests.TestAddUserAutoIncrementAsyncOk" computerName="DESKTOP-TJ9D65N" duration="00:00:00.4029621" startTime="2022-11-03T11:02:55.9269414+03:00" endTime="2022-11-03T11:02:55.9269417+03:00" testType="13cdc9d9-ddb5-4fa4-a97d-d965ccfc6d4b" outcome="Passed" testListId="8c84fa94-04c1-424b-9868-57a2d4851a1d" relativeResultsDirectory="975316a9-3f77-4f53-96fd-906baf20e466" />
    <UnitTestResult executionId="86265b87-5189-4f9e-9ddc-a977410654ec" testId="9de1ba1b-82d3-d443-2b23-f1bea4a6391a" testName="AccessToDB.Tests.UsersRepositoryTests.TestGetUserByEmailAsyncFailsWhenEmailNotExists(email: &quot;emailfdf0766a-af84-404f-8c05-58255d752060&quot;)" computerName="DESKTOP-TJ9D65N" duration="00:00:00.3889371" startTime="2022-11-03T11:02:52.6769492+03:00" endTime="2022-11-03T11:02:52.6769495+03:00" testType="13cdc9d9-ddb5-4fa4-a97d-d965ccfc6d4b" outcome="Passed" testListId="8c84fa94-04c1-424b-9868-57a2d4851a1d" relativeResultsDirectory="86265b87-5189-4f9e-9ddc-a977410654ec" />
    <UnitTestResult executionId="9baca1a2-77f4-44a5-803e-004ff0995d22" testId="9565f3bf-f330-462b-6c6c-7d2b17c394f9" testName="AccessToDB.Tests.SlopesRepositoryTests.TestUpdateSlopeByIDAsyncOk(slope: Slope { SlopeID = 195, SlopeName = slopeName43ce1066-959f-4e69-aba8-7956637d4b94, IsOpen = True, DifficultyLevel = 222, ConnectedLifts =  })" computerName="DESKTOP-TJ9D65N" duration="00:00:00.3921703" startTime="2022-11-03T11:02:57.1185596+03:00" endTime="2022-11-03T11:02:57.1185599+03:00" testType="13cdc9d9-ddb5-4fa4-a97d-d965ccfc6d4b" outcome="Passed" testListId="8c84fa94-04c1-424b-9868-57a2d4851a1d" relativeResultsDirectory="9baca1a2-77f4-44a5-803e-004ff0995d22" />
    <UnitTestResult executionId="0264d91b-da60-402f-9cc6-71f223eaea55" testId="322c4357-5ea2-a92d-1d34-e6ab85195e1b" testName="AccessToDB.Tests.UsersRepositoryTests.TestDeleteUserByIDAsyncFailsWhenIDNotExists(userID: 186)" computerName="DESKTOP-TJ9D65N" duration="00:00:00.3665207" startTime="2022-11-03T11:02:53.4825063+03:00" endTime="2022-11-03T11:02:53.4825064+03:00" testType="13cdc9d9-ddb5-4fa4-a97d-d965ccfc6d4b" outcome="Passed" testListId="8c84fa94-04c1-424b-9868-57a2d4851a1d" relativeResultsDirectory="0264d91b-da60-402f-9cc6-71f223eaea55" />
    <UnitTestResult executionId="e7886cdd-1445-4e0c-8814-198f139a2870" testId="bbbe00f3-a49c-4cce-c5a5-e3a2ee9d453d" testName="AccessToDB.Tests.UsersRepositoryTests.TestCheckUserIdExistsAsyncTrue(user: User { UserID = 142, CardID = 132, UserEmail = UserEmail31189847-6cfd-4d15-9db8-ef3a3ba47b20, Password = passwordb97601b8-1bde-4b5b-b77f-06e1ed86cdea, Permissions = UNAUTHORIZED })" computerName="DESKTOP-TJ9D65N" duration="00:00:00.3905217" startTime="2022-11-03T11:02:53.0901621+03:00" endTime="2022-11-03T11:02:53.0901625+03:00" testType="13cdc9d9-ddb5-4fa4-a97d-d965ccfc6d4b" outcome="Passed" testListId="8c84fa94-04c1-424b-9868-57a2d4851a1d" relativeResultsDirectory="e7886cdd-1445-4e0c-8814-198f139a2870" />
    <UnitTestResult executionId="3649fa0b-2c93-4735-b0be-4a98ff2f07ac" testId="7595fe25-0e64-6ae2-875c-73724563a344" testName="AccessToDB.Tests.LiftsSlopesRepositoryTests.TestAddLiftSlopeAsyncFailsWhenLiftSlopeIdRepeats(liftSlope: LiftSlope { RecordID = 11, LiftID = 116, SlopeID = 147 })" computerName="DESKTOP-TJ9D65N" duration="00:00:00.3914452" startTime="2022-11-03T11:02:51.0518941+03:00" endTime="2022-11-03T11:02:51.0518945+03:00" testType="13cdc9d9-ddb5-4fa4-a97d-d965ccfc6d4b" outcome="Passed" testListId="8c84fa94-04c1-424b-9868-57a2d4851a1d" relativeResultsDirectory="3649fa0b-2c93-4735-b0be-4a98ff2f07ac" />
    <UnitTestResult executionId="17921194-8555-4fa2-8a41-e223a88a10a8" testId="3126a78a-81df-3d7f-c123-bf86c5759266" testName="AccessToDB.Tests.TurnstilesRepositoryTests.TestGetTurnstileByIdAsyncOk(turnstile: Turnstile { TurnstileID = 189, LiftID = 123, IsOpen = True })" computerName="DESKTOP-TJ9D65N" duration="00:00:00.3833422" startTime="2022-11-03T11:02:59.0741330+03:00" endTime="2022-11-03T11:02:59.0741332+03:00" testType="13cdc9d9-ddb5-4fa4-a97d-d965ccfc6d4b" outcome="Passed" testListId="8c84fa94-04c1-424b-9868-57a2d4851a1d" relativeResultsDirectory="17921194-8555-4fa2-8a41-e223a88a10a8" />
    <UnitTestResult executionId="e87ae0e1-0db3-4641-be54-301fc2c288a1" testId="a4ef3fb7-05e0-bf0b-762d-c3722240c933" testName="AccessToDB.Tests.LiftsRepositoryTests.TestGetLiftByNameAsyncFailsWhenNameNotExists(liftName: &quot;liftName7d4d28af-6f20-4a21-a761-fab5f3bb35f1&quot;)" computerName="DESKTOP-TJ9D65N" duration="00:00:00.3604013" startTime="2022-11-03T11:03:03.5764013+03:00" endTime="2022-11-03T11:03:03.5764014+03:00" testType="13cdc9d9-ddb5-4fa4-a97d-d965ccfc6d4b" outcome="Passed" testListId="8c84fa94-04c1-424b-9868-57a2d4851a1d" relativeResultsDirectory="e87ae0e1-0db3-4641-be54-301fc2c288a1" />
    <UnitTestResult executionId="54d66045-217c-4b62-b466-17d25c75d8dc" testId="30f8e924-9784-0a43-e807-094f70e06567" testName="AccessToDB.Tests.LiftsSlopesRepositoryTests.TestAddLiftSlopeAutoIncrementAsyncOk" computerName="DESKTOP-TJ9D65N" duration="00:00:00.3990344" startTime="2022-11-03T11:02:51.4743456+03:00" endTime="2022-11-03T11:02:51.4743461+03:00" testType="13cdc9d9-ddb5-4fa4-a97d-d965ccfc6d4b" outcome="Passed" testListId="8c84fa94-04c1-424b-9868-57a2d4851a1d" relativeResultsDirectory="54d66045-217c-4b62-b466-17d25c75d8dc" />
    <UnitTestResult executionId="a08f979a-2be1-420e-8de0-eb0706ada515" testId="f9c8e250-ac2f-7fca-a78c-ca1b143878a7" testName="AccessToDB.Tests.SlopesRepositoryTests.TestGetSlopeByIdAsyncOk(slope: Slope { SlopeID = 35, SlopeName = slopeNamee2d1182c-6493-4110-b6b7-15f461f11ba8, IsOpen = True, DifficultyLevel = 213, ConnectedLifts =  })" computerName="DESKTOP-TJ9D65N" duration="00:00:00.3841544" startTime="2022-11-03T11:02:58.2678457+03:00" endTime="2022-11-03T11:02:58.2678459+03:00" testType="13cdc9d9-ddb5-4fa4-a97d-d965ccfc6d4b" outcome="Passed" testListId="8c84fa94-04c1-424b-9868-57a2d4851a1d" relativeResultsDirectory="a08f979a-2be1-420e-8de0-eb0706ada515" />
  </Results>
  <TestDefinitions>
    <UnitTest name="AccessToDB.Tests.UsersRepositoryTests.TestAddUserAutoIncrementAsyncOk" storage="/mnt/c/users/alena/desktop/7_sem/testing_and_debugging/skiresort/accesstodb.tests/bin/debug/net6.0/accesstodb.tests.dll" id="e75bb6e2-88d9-af2a-a444-c4a9d67f0f0e">
      <Execution id="975316a9-3f77-4f53-96fd-906baf20e466" />
      <TestMethod codeBase="/mnt/c/Users/alena/Desktop/7_sem/testing_and_debugging/SkiResort/AccessToDB.Tests/bin/Debug/net6.0/AccessToDB.Tests.dll" adapterTypeName="executor://xunit/VsTestRunner2/netcoreapp" className="AccessToDB.Tests.UsersRepositoryTests" name="TestAddUserAutoIncrementAsyncOk" />
    </UnitTest>
    <UnitTest name="AccessToDB.Tests.UsersRepositoryTests.TestGetUsersAsyncEmpty" storage="/mnt/c/users/alena/desktop/7_sem/testing_and_debugging/skiresort/accesstodb.tests/bin/debug/net6.0/accesstodb.tests.dll" id="3741b26d-6ee0-6246-29e4-92009bff37b0">
      <Execution id="cc9777da-8b30-47be-8aa5-7b75ac94ef02" />
      <TestMethod codeBase="/mnt/c/Users/alena/Desktop/7_sem/testing_and_debugging/SkiResort/AccessToDB.Tests/bin/Debug/net6.0/AccessToDB.Tests.dll" adapterTypeName="executor://xunit/VsTestRunner2/netcoreapp" className="AccessToDB.Tests.UsersRepositoryTests" name="TestGetUsersAsyncEmpty" />
    </UnitTest>
    <UnitTest name="AccessToDB.Tests.UsersRepositoryTests.TestDeleteUserByIDAsyncFailsWhenIDNotExists(userID: 186)" storage="/mnt/c/users/alena/desktop/7_sem/testing_and_debugging/skiresort/accesstodb.tests/bin/debug/net6.0/accesstodb.tests.dll" id="322c4357-5ea2-a92d-1d34-e6ab85195e1b">
      <Execution id="0264d91b-da60-402f-9cc6-71f223eaea55" />
      <TestMethod codeBase="/mnt/c/Users/alena/Desktop/7_sem/testing_and_debugging/SkiResort/AccessToDB.Tests/bin/Debug/net6.0/AccessToDB.Tests.dll" adapterTypeName="executor://xunit/VsTestRunner2/netcoreapp" className="AccessToDB.Tests.UsersRepositoryTests" name="TestDeleteUserByIDAsyncFailsWhenIDNotExists" />
    </UnitTest>
    <UnitTest name="AccessToDB.Tests.LiftsSlopesRepositoryTests.TestDeleteLiftSlopesByIDsAsyncOk(liftSlope: LiftSlope { RecordID = 65, LiftID = 29, SlopeID = 46 })" storage="/mnt/c/users/alena/desktop/7_sem/testing_and_debugging/skiresort/accesstodb.tests/bin/debug/net6.0/accesstodb.tests.dll" id="29149db9-22a3-1ded-df5a-c648fa1358c8">
      <Execution id="4917bb60-5ae2-4e5f-8ee0-7459ae94c766" />
      <TestMethod codeBase="/mnt/c/Users/alena/Desktop/7_sem/testing_and_debugging/SkiResort/AccessToDB.Tests/bin/Debug/net6.0/AccessToDB.Tests.dll" adapterTypeName="executor://xunit/VsTestRunner2/netcoreapp" className="AccessToDB.Tests.LiftsSlopesRepositoryTests" name="TestDeleteLiftSlopesByIDsAsyncOk" />
    </UnitTest>
    <UnitTest name="AccessToDB.Tests.TurnstilesRepositoryTests.TestGetTurnstilesByLiftIdAsyncOk(liftID: 122)" storage="/mnt/c/users/alena/desktop/7_sem/testing_and_debugging/skiresort/accesstodb.tests/bin/debug/net6.0/accesstodb.tests.dll" id="fba3b3cc-0cf2-2d11-41e1-f8f863afeaa5">
      <Execution id="a6b4097f-102b-4c2b-896c-4522d6a46ed6" />
      <TestMethod codeBase="/mnt/c/Users/alena/Desktop/7_sem/testing_and_debugging/SkiResort/AccessToDB.Tests/bin/Debug/net6.0/AccessToDB.Tests.dll" adapterTypeName="executor://xunit/VsTestRunner2/netcoreapp" className="AccessToDB.Tests.TurnstilesRepositoryTests" name="TestGetTurnstilesByLiftIdAsyncOk" />
    </UnitTest>
    <UnitTest name="AccessToDB.Tests.SlopesRepositoryTests.TestAddSlopeAsyncFailsWhenSlopeIdRepeats(slope: Slope { SlopeID = 46, SlopeName = slopeName56ebb619-d66e-4b87-981c-9d041d692c78, IsOpen = True, DifficultyLevel = 31, ConnectedLifts =  })" storage="/mnt/c/users/alena/desktop/7_sem/testing_and_debugging/skiresort/accesstodb.tests/bin/debug/net6.0/accesstodb.tests.dll" id="685d2e91-ba95-d9aa-5224-ef1a0dcb83f5">
      <Execution id="25e9669c-484a-4f09-9062-7dae3aed7c74" />
      <TestMethod codeBase="/mnt/c/Users/alena/Desktop/7_sem/testing_and_debugging/SkiResort/AccessToDB.Tests/bin/Debug/net6.0/AccessToDB.Tests.dll" adapterTypeName="executor://xunit/VsTestRunner2/netcoreapp" className="AccessToDB.Tests.SlopesRepositoryTests" name="TestAddSlopeAsyncFailsWhenSlopeIdRepeats" />
    </UnitTest>
    <UnitTest name="AccessToDB.Tests.UsersRepositoryTests.TestCheckUserEmailExistsAsyncFalse(userEmail: &quot;userEmail14d2296f-c073-4776-b0ff-b22053738b9c&quot;)" storage="/mnt/c/users/alena/desktop/7_sem/testing_and_debugging/skiresort/accesstodb.tests/bin/debug/net6.0/accesstodb.tests.dll" id="0386ee2c-a54e-c68c-b9f6-2afcabd3bfa0">
      <Execution id="8f64bd95-295f-49c7-bfaf-6f0ee856c804" />
      <TestMethod codeBase="/mnt/c/Users/alena/Desktop/7_sem/testing_and_debugging/SkiResort/AccessToDB.Tests/bin/Debug/net6.0/AccessToDB.Tests.dll" adapterTypeName="executor://xunit/VsTestRunner2/netcoreapp" className="AccessToDB.Tests.UsersRepositoryTests" name="TestCheckUserEmailExistsAsyncFalse" />
    </UnitTest>
    <UnitTest name="AccessToDB.Tests.UsersRepositoryTests.TestGetUserByEmailAsyncFailsWhenEmailNotExists(email: &quot;emailfdf0766a-af84-404f-8c05-58255d752060&quot;)" storage="/mnt/c/users/alena/desktop/7_sem/testing_and_debugging/skiresort/accesstodb.tests/bin/debug/net6.0/accesstodb.tests.dll" id="9de1ba1b-82d3-d443-2b23-f1bea4a6391a">
      <Execution id="86265b87-5189-4f9e-9ddc-a977410654ec" />
      <TestMethod codeBase="/mnt/c/Users/alena/Desktop/7_sem/testing_and_debugging/SkiResort/AccessToDB.Tests/bin/Debug/net6.0/AccessToDB.Tests.dll" adapterTypeName="executor://xunit/VsTestRunner2/netcoreapp" className="AccessToDB.Tests.UsersRepositoryTests" name="TestGetUserByEmailAsyncFailsWhenEmailNotExists" />
    </UnitTest>
    <UnitTest name="AccessToDB.Tests.LiftsSlopesRepositoryTests.TestGetLiftSlopesAsyncEmpty" storage="/mnt/c/users/alena/desktop/7_sem/testing_and_debugging/skiresort/accesstodb.tests/bin/debug/net6.0/accesstodb.tests.dll" id="4145f44e-b4b1-a618-09e8-c631496e6f1a">
      <Execution id="03389867-f05d-4fe9-96e7-fda8fb69bdd4" />
      <TestMethod codeBase="/mnt/c/Users/alena/Desktop/7_sem/testing_and_debugging/SkiResort/AccessToDB.Tests/bin/Debug/net6.0/AccessToDB.Tests.dll" adapterTypeName="executor://xunit/VsTestRunner2/netcoreapp" className="AccessToDB.Tests.LiftsSlopesRepositoryTests" name="TestGetLiftSlopesAsyncEmpty" />
    </UnitTest>
    <UnitTest name="AccessToDB.Tests.SlopesRepositoryTests.TestUpdateSlopeByIDAsyncOk(slope: Slope { SlopeID = 195, SlopeName = slopeName43ce1066-959f-4e69-aba8-7956637d4b94, IsOpen = True, DifficultyLevel = 222, ConnectedLifts =  })" storage="/mnt/c/users/alena/desktop/7_sem/testing_and_debugging/skiresort/accesstodb.tests/bin/debug/net6.0/accesstodb.tests.dll" id="9565f3bf-f330-462b-6c6c-7d2b17c394f9">
      <Execution id="9baca1a2-77f4-44a5-803e-004ff0995d22" />
      <TestMethod codeBase="/mnt/c/Users/alena/Desktop/7_sem/testing_and_debugging/SkiResort/AccessToDB.Tests/bin/Debug/net6.0/AccessToDB.Tests.dll" adapterTypeName="executor://xunit/VsTestRunner2/netcoreapp" className="AccessToDB.Tests.SlopesRepositoryTests" name="TestUpdateSlopeByIDAsyncOk" />
    </UnitTest>
    <UnitTest name="AccessToDB.Tests.LiftsRepositoryTests.TestGetLiftByNameAsyncFailsWhenNameNotExists(liftName: &quot;liftName7d4d28af-6f20-4a21-a761-fab5f3bb35f1&quot;)" storage="/mnt/c/users/alena/desktop/7_sem/testing_and_debugging/skiresort/accesstodb.tests/bin/debug/net6.0/accesstodb.tests.dll" id="a4ef3fb7-05e0-bf0b-762d-c3722240c933">
      <Execution id="e87ae0e1-0db3-4641-be54-301fc2c288a1" />
      <TestMethod codeBase="/mnt/c/Users/alena/Desktop/7_sem/testing_and_debugging/SkiResort/AccessToDB.Tests/bin/Debug/net6.0/AccessToDB.Tests.dll" adapterTypeName="executor://xunit/VsTestRunner2/netcoreapp" className="AccessToDB.Tests.LiftsRepositoryTests" name="TestGetLiftByNameAsyncFailsWhenNameNotExists" />
    </UnitTest>
    <UnitTest name="AccessToDB.Tests.UsersRepositoryTests.TestAddUserAsyncFailsWhenUserIdRepeats(user: User { UserID = 175, CardID = 135, UserEmail = UserEmaila54e9d59-fc96-498a-b472-bbe553786982, Password = password1aae48e3-3428-4247-b1b7-15f2643c5f5b, Permissions = UNAUTHORIZED })" storage="/mnt/c/users/alena/desktop/7_sem/testing_and_debugging/skiresort/accesstodb.tests/bin/debug/net6.0/accesstodb.tests.dll" id="b84d9018-fbaf-f442-c445-7b3176e50e47">
      <Execution id="4296d582-0006-4d34-9069-f58b5e323a7a" />
      <TestMethod codeBase="/mnt/c/Users/alena/Desktop/7_sem/testing_and_debugging/SkiResort/AccessToDB.Tests/bin/Debug/net6.0/AccessToDB.Tests.dll" adapterTypeName="executor://xunit/VsTestRunner2/netcoreapp" className="AccessToDB.Tests.UsersRepositoryTests" name="TestAddUserAsyncFailsWhenUserIdRepeats" />
    </UnitTest>
    <UnitTest name="AccessToDB.Tests.SlopesRepositoryTests.TestGetSlopeByIdAsyncOk(slope: Slope { SlopeID = 35, SlopeName = slopeNamee2d1182c-6493-4110-b6b7-15f461f11ba8, IsOpen = True, DifficultyLevel = 213, ConnectedLifts =  })" storage="/mnt/c/users/alena/desktop/7_sem/testing_and_debugging/skiresort/accesstodb.tests/bin/debug/net6.0/accesstodb.tests.dll" id="f9c8e250-ac2f-7fca-a78c-ca1b143878a7">
      <Execution id="a08f979a-2be1-420e-8de0-eb0706ada515" />
      <TestMethod codeBase="/mnt/c/Users/alena/Desktop/7_sem/testing_and_debugging/SkiResort/AccessToDB.Tests/bin/Debug/net6.0/AccessToDB.Tests.dll" adapterTypeName="executor://xunit/VsTestRunner2/netcoreapp" className="AccessToDB.Tests.SlopesRepositoryTests" name="TestGetSlopeByIdAsyncOk" />
    </UnitTest>
    <UnitTest name="AccessToDB.Tests.UsersRepositoryTests.TestGetUserByIdAsyncOk(user: User { UserID = 209, CardID = 60, UserEmail = UserEmaile336694a-91bd-4e4e-9788-ce60939a2ba0, Password = passwordcf8aa52f-6b45-4766-b348-eac11776e2ba, Permissions = UNAUTHORIZED })" storage="/mnt/c/users/alena/desktop/7_sem/testing_and_debugging/skiresort/accesstodb.tests/bin/debug/net6.0/accesstodb.tests.dll" id="3ce0f2b4-e673-ac52-9f9c-0ccdac82e8ee">
      <Execution id="58180dea-3f58-4fcb-ac2b-9007ef9a0c69" />
      <TestMethod codeBase="/mnt/c/Users/alena/Desktop/7_sem/testing_and_debugging/SkiResort/AccessToDB.Tests/bin/Debug/net6.0/AccessToDB.Tests.dll" adapterTypeName="executor://xunit/VsTestRunner2/netcoreapp" className="AccessToDB.Tests.UsersRepositoryTests" name="TestGetUserByIdAsyncOk" />
    </UnitTest>
    <UnitTest name="AccessToDB.Tests.LiftsSlopesRepositoryTests.TestAddLiftSlopeAutoIncrementAsyncOk" storage="/mnt/c/users/alena/desktop/7_sem/testing_and_debugging/skiresort/accesstodb.tests/bin/debug/net6.0/accesstodb.tests.dll" id="30f8e924-9784-0a43-e807-094f70e06567">
      <Execution id="54d66045-217c-4b62-b466-17d25c75d8dc" />
      <TestMethod codeBase="/mnt/c/Users/alena/Desktop/7_sem/testing_and_debugging/SkiResort/AccessToDB.Tests/bin/Debug/net6.0/AccessToDB.Tests.dll" adapterTypeName="executor://xunit/VsTestRunner2/netcoreapp" className="AccessToDB.Tests.LiftsSlopesRepositoryTests" name="TestAddLiftSlopeAutoIncrementAsyncOk" />
    </UnitTest>
    <UnitTest name="AccessToDB.Tests.LiftsRepositoryTests.TestAddLiftAsyncFailsWhenLiftIdRepeats(lift: Lift { LiftID = 234, LiftName = liftNamefe45fa31-6119-4be0-89ca-abfc86be325e, IsOpen = True, SeatsAmount = 163, LiftingTime = 29, QueueTime = 62, ConnectedSlopes =  })" storage="/mnt/c/users/alena/desktop/7_sem/testing_and_debugging/skiresort/accesstodb.tests/bin/debug/net6.0/accesstodb.tests.dll" id="67e5a225-c051-ea4c-cab5-e18fed01a435">
      <Execution id="2120e4ab-b904-49d7-85af-45c3f5fede95" />
      <TestMethod codeBase="/mnt/c/Users/alena/Desktop/7_sem/testing_and_debugging/SkiResort/AccessToDB.Tests/bin/Debug/net6.0/AccessToDB.Tests.dll" adapterTypeName="executor://xunit/VsTestRunner2/netcoreapp" className="AccessToDB.Tests.LiftsRepositoryTests" name="TestAddLiftAsyncFailsWhenLiftIdRepeats" />
    </UnitTest>
    <UnitTest name="AccessToDB.Tests.TurnstilesRepositoryTests.TestDeleteTurnstileByIDAsyncFailsWhenIDNotExists(turnstileID: 155)" storage="/mnt/c/users/alena/desktop/7_sem/testing_and_debugging/skiresort/accesstodb.tests/bin/debug/net6.0/accesstodb.tests.dll" id="a8c8c746-cb03-84ab-1682-9dc7a30eb128">
      <Execution id="f7a24390-fd19-4f2f-b4b9-2579438d56c1" />
      <TestMethod codeBase="/mnt/c/Users/alena/Desktop/7_sem/testing_and_debugging/SkiResort/AccessToDB.Tests/bin/Debug/net6.0/AccessToDB.Tests.dll" adapterTypeName="executor://xunit/VsTestRunner2/netcoreapp" className="AccessToDB.Tests.TurnstilesRepositoryTests" name="TestDeleteTurnstileByIDAsyncFailsWhenIDNotExists" />
    </UnitTest>
    <UnitTest name="AccessToDB.Tests.SlopesRepositoryTests.TestGetSlopeByNameAsyncFailsWhenNameNotExists(slopeName: &quot;slopeName4f6a35fd-2cab-4326-ae4c-029c4a67ad2a&quot;)" storage="/mnt/c/users/alena/desktop/7_sem/testing_and_debugging/skiresort/accesstodb.tests/bin/debug/net6.0/accesstodb.tests.dll" id="8f4576c4-ed91-3163-b03a-92c52e4bd832">
      <Execution id="d3b6d9e7-7a1e-4e84-b09c-68d56d1f3088" />
      <TestMethod codeBase="/mnt/c/Users/alena/Desktop/7_sem/testing_and_debugging/SkiResort/AccessToDB.Tests/bin/Debug/net6.0/AccessToDB.Tests.dll" adapterTypeName="executor://xunit/VsTestRunner2/netcoreapp" className="AccessToDB.Tests.SlopesRepositoryTests" name="TestGetSlopeByNameAsyncFailsWhenNameNotExists" />
    </UnitTest>
    <UnitTest name="AccessToDB.Tests.LiftsSlopesRepositoryTests.TestAddLiftSlopeAsyncFailsWhenLiftSlopeIdRepeats(liftSlope: LiftSlope { RecordID = 11, LiftID = 116, SlopeID = 147 })" storage="/mnt/c/users/alena/desktop/7_sem/testing_and_debugging/skiresort/accesstodb.tests/bin/debug/net6.0/accesstodb.tests.dll" id="7595fe25-0e64-6ae2-875c-73724563a344">
      <Execution id="3649fa0b-2c93-4735-b0be-4a98ff2f07ac" />
      <TestMethod codeBase="/mnt/c/Users/alena/Desktop/7_sem/testing_and_debugging/SkiResort/AccessToDB.Tests/bin/Debug/net6.0/AccessToDB.Tests.dll" adapterTypeName="executor://xunit/VsTestRunner2/netcoreapp" className="AccessToDB.Tests.LiftsSlopesRepositoryTests" name="TestAddLiftSlopeAsyncFailsWhenLiftSlopeIdRepeats" />
    </UnitTest>
    <UnitTest name="AccessToDB.Tests.LiftsSlopesRepositoryTests.TestUpdateLiftSlopeByIDAsyncOk(liftSlope: LiftSlope { RecordID = 252, LiftID = 221, SlopeID = 58 })" storage="/mnt/c/users/alena/desktop/7_sem/testing_and_debugging/skiresort/accesstodb.tests/bin/debug/net6.0/accesstodb.tests.dll" id="0fe4d602-7fc9-3958-d616-6ca0eb501acf">
      <Execution id="5ba16190-a098-464f-9d80-86015fd9bf69" />
      <TestMethod codeBase="/mnt/c/Users/alena/Desktop/7_sem/testing_and_debugging/SkiResort/AccessToDB.Tests/bin/Debug/net6.0/AccessToDB.Tests.dll" adapterTypeName="executor://xunit/VsTestRunner2/netcoreapp" className="AccessToDB.Tests.LiftsSlopesRepositoryTests" name="TestUpdateLiftSlopeByIDAsyncOk" />
    </UnitTest>
    <UnitTest name="AccessToDB.Tests.LiftsRepositoryTests.TestGetLiftByIdAsyncOk(lift: Lift { LiftID = 13, LiftName = liftName352cd71c-8c7b-44c1-89a5-efb2aaf177df, IsOpen = True, SeatsAmount = 30, LiftingTime = 159, QueueTime = 41, ConnectedSlopes =  })" storage="/mnt/c/users/alena/desktop/7_sem/testing_and_debugging/skiresort/accesstodb.tests/bin/debug/net6.0/accesstodb.tests.dll" id="e4e5d0f5-93ef-d2b5-15e8-7ccc87c542b7">
      <Execution id="c197c672-d83d-4f47-9d72-e143390b26d9" />
      <TestMethod codeBase="/mnt/c/Users/alena/Desktop/7_sem/testing_and_debugging/SkiResort/AccessToDB.Tests/bin/Debug/net6.0/AccessToDB.Tests.dll" adapterTypeName="executor://xunit/VsTestRunner2/netcoreapp" className="AccessToDB.Tests.LiftsRepositoryTests" name="TestGetLiftByIdAsyncOk" />
    </UnitTest>
    <UnitTest name="AccessToDB.Tests.SlopesRepositoryTests.TestGetSlopesAsyncEmpty" storage="/mnt/c/users/alena/desktop/7_sem/testing_and_debugging/skiresort/accesstodb.tests/bin/debug/net6.0/accesstodb.tests.dll" id="9bbefb83-8311-6e03-307f-415e3495e223">
      <Execution id="fb12eb55-432c-4533-aa12-88295c9cb29d" />
      <TestMethod codeBase="/mnt/c/Users/alena/Desktop/7_sem/testing_and_debugging/SkiResort/AccessToDB.Tests/bin/Debug/net6.0/AccessToDB.Tests.dll" adapterTypeName="executor://xunit/VsTestRunner2/netcoreapp" className="AccessToDB.Tests.SlopesRepositoryTests" name="TestGetSlopesAsyncEmpty" />
    </UnitTest>
    <UnitTest name="AccessToDB.Tests.LiftsRepositoryTests.TestDeleteLiftByIDAsyncFailsWhenIDNotExists(liftID: 209)" storage="/mnt/c/users/alena/desktop/7_sem/testing_and_debugging/skiresort/accesstodb.tests/bin/debug/net6.0/accesstodb.tests.dll" id="c5e38775-859d-a86d-ce42-8219a8e79180">
      <Execution id="a5cd5f5e-0b33-4106-a7ef-7f86e8e81f17" />
      <TestMethod codeBase="/mnt/c/Users/alena/Desktop/7_sem/testing_and_debugging/SkiResort/AccessToDB.Tests/bin/Debug/net6.0/AccessToDB.Tests.dll" adapterTypeName="executor://xunit/VsTestRunner2/netcoreapp" className="AccessToDB.Tests.LiftsRepositoryTests" name="TestDeleteLiftByIDAsyncFailsWhenIDNotExists" />
    </UnitTest>
    <UnitTest name="AccessToDB.Tests.TurnstilesRepositoryTests.TestGetTurnstileByIdAsyncOk(turnstile: Turnstile { TurnstileID = 189, LiftID = 123, IsOpen = True })" storage="/mnt/c/users/alena/desktop/7_sem/testing_and_debugging/skiresort/accesstodb.tests/bin/debug/net6.0/accesstodb.tests.dll" id="3126a78a-81df-3d7f-c123-bf86c5759266">
      <Execution id="17921194-8555-4fa2-8a41-e223a88a10a8" />
      <TestMethod codeBase="/mnt/c/Users/alena/Desktop/7_sem/testing_and_debugging/SkiResort/AccessToDB.Tests/bin/Debug/net6.0/AccessToDB.Tests.dll" adapterTypeName="executor://xunit/VsTestRunner2/netcoreapp" className="AccessToDB.Tests.TurnstilesRepositoryTests" name="TestGetTurnstileByIdAsyncOk" />
    </UnitTest>
    <UnitTest name="AccessToDB.Tests.SlopesRepositoryTests.TestAddSlopeAutoIncrementAsyncOk" storage="/mnt/c/users/alena/desktop/7_sem/testing_and_debugging/skiresort/accesstodb.tests/bin/debug/net6.0/accesstodb.tests.dll" id="8f7ba917-f771-0dc5-f9b9-465c34344b12">
      <Execution id="3ca4f3a6-7123-416a-8eb3-3155e51da996" />
      <TestMethod codeBase="/mnt/c/Users/alena/Desktop/7_sem/testing_and_debugging/SkiResort/AccessToDB.Tests/bin/Debug/net6.0/AccessToDB.Tests.dll" adapterTypeName="executor://xunit/VsTestRunner2/netcoreapp" className="AccessToDB.Tests.SlopesRepositoryTests" name="TestAddSlopeAutoIncrementAsyncOk" />
    </UnitTest>
    <UnitTest name="AccessToDB.Tests.LiftsSlopesRepositoryTests.TestGetSlopesByLiftIdAsyncFailsWhenSlopeNotExists(liftSlope: LiftSlope { RecordID = 233, LiftID = 66, SlopeID = 96 })" storage="/mnt/c/users/alena/desktop/7_sem/testing_and_debugging/skiresort/accesstodb.tests/bin/debug/net6.0/accesstodb.tests.dll" id="41703e88-f004-e181-9b69-8e46c4282b02">
      <Execution id="bfa4a600-5f34-4647-94ee-da6848a2996c" />
      <TestMethod codeBase="/mnt/c/Users/alena/Desktop/7_sem/testing_and_debugging/SkiResort/AccessToDB.Tests/bin/Debug/net6.0/AccessToDB.Tests.dll" adapterTypeName="executor://xunit/VsTestRunner2/netcoreapp" className="AccessToDB.Tests.LiftsSlopesRepositoryTests" name="TestGetSlopesByLiftIdAsyncFailsWhenSlopeNotExists" />
    </UnitTest>
    <UnitTest name="AccessToDB.Tests.LiftsSlopesRepositoryTests.TestDeleteLiftSlopeByIDAsyncFailsWhenIDNotExists(liftSlopeID: 191)" storage="/mnt/c/users/alena/desktop/7_sem/testing_and_debugging/skiresort/accesstodb.tests/bin/debug/net6.0/accesstodb.tests.dll" id="f110e1c0-2b19-c0e9-4bef-a7310e5727fd">
      <Execution id="18aa62eb-6c99-406c-b0bb-1756dd76ae25" />
      <TestMethod codeBase="/mnt/c/Users/alena/Desktop/7_sem/testing_and_debugging/SkiResort/AccessToDB.Tests/bin/Debug/net6.0/AccessToDB.Tests.dll" adapterTypeName="executor://xunit/VsTestRunner2/netcoreapp" className="AccessToDB.Tests.LiftsSlopesRepositoryTests" name="TestDeleteLiftSlopeByIDAsyncFailsWhenIDNotExists" />
    </UnitTest>
    <UnitTest name="AccessToDB.Tests.LiftsRepositoryTests.TestUpdateLiftByIDAsyncOk(lift: Lift { LiftID = 190, LiftName = liftName33df767d-1a20-44ad-82ef-948f1a1e1e88, IsOpen = True, SeatsAmount = 23, LiftingTime = 193, QueueTime = 110, ConnectedSlopes =  })" storage="/mnt/c/users/alena/desktop/7_sem/testing_and_debugging/skiresort/accesstodb.tests/bin/debug/net6.0/accesstodb.tests.dll" id="fa7fd221-8737-926b-d7e3-476e613b428c">
      <Execution id="9e88e0d2-dac9-4448-87c7-1fba55c642cc" />
      <TestMethod codeBase="/mnt/c/Users/alena/Desktop/7_sem/testing_and_debugging/SkiResort/AccessToDB.Tests/bin/Debug/net6.0/AccessToDB.Tests.dll" adapterTypeName="executor://xunit/VsTestRunner2/netcoreapp" className="AccessToDB.Tests.LiftsRepositoryTests" name="TestUpdateLiftByIDAsyncOk" />
    </UnitTest>
    <UnitTest name="AccessToDB.Tests.TurnstilesRepositoryTests.TestAddTurnstileAsyncFailsWhenTurnstileIdRepeats(turnstile: Turnstile { TurnstileID = 131, LiftID = 39, IsOpen = True })" storage="/mnt/c/users/alena/desktop/7_sem/testing_and_debugging/skiresort/accesstodb.tests/bin/debug/net6.0/accesstodb.tests.dll" id="dd194c65-bc7b-06d4-1b0e-300c1ef1ebbd">
      <Execution id="84060ed6-86d4-4b76-bd29-73be33e68ae8" />
      <TestMethod codeBase="/mnt/c/Users/alena/Desktop/7_sem/testing_and_debugging/SkiResort/AccessToDB.Tests/bin/Debug/net6.0/AccessToDB.Tests.dll" adapterTypeName="executor://xunit/VsTestRunner2/netcoreapp" className="AccessToDB.Tests.TurnstilesRepositoryTests" name="TestAddTurnstileAsyncFailsWhenTurnstileIdRepeats" />
    </UnitTest>
    <UnitTest name="AccessToDB.Tests.TurnstilesRepositoryTests.TestUpdateTurnstileByIDAsyncOk(turnstile: Turnstile { TurnstileID = 144, LiftID = 126, IsOpen = True })" storage="/mnt/c/users/alena/desktop/7_sem/testing_and_debugging/skiresort/accesstodb.tests/bin/debug/net6.0/accesstodb.tests.dll" id="5ca48e94-467f-2e6b-c02a-a33417217109">
      <Execution id="c7d321c8-c831-4595-8307-26ccfe055d82" />
      <TestMethod codeBase="/mnt/c/Users/alena/Desktop/7_sem/testing_and_debugging/SkiResort/AccessToDB.Tests/bin/Debug/net6.0/AccessToDB.Tests.dll" adapterTypeName="executor://xunit/VsTestRunner2/netcoreapp" className="AccessToDB.Tests.TurnstilesRepositoryTests" name="TestUpdateTurnstileByIDAsyncOk" />
    </UnitTest>
    <UnitTest name="AccessToDB.Tests.UsersRepositoryTests.TestUpdateUserByIDAsyncOk(user: User { UserID = 15, CardID = 43, UserEmail = UserEmaila5c3548f-25d1-45ac-ad10-070d20d65a9b, Password = passworda12133a2-c5de-4530-af05-a9e59fec321e, Permissions = UNAUTHORIZED })" storage="/mnt/c/users/alena/desktop/7_sem/testing_and_debugging/skiresort/accesstodb.tests/bin/debug/net6.0/accesstodb.tests.dll" id="35172e94-0156-cd5b-1552-201e44d28cc4">
      <Execution id="453c8851-a3d0-4d10-86f4-123d44b599e4" />
      <TestMethod codeBase="/mnt/c/Users/alena/Desktop/7_sem/testing_and_debugging/SkiResort/AccessToDB.Tests/bin/Debug/net6.0/AccessToDB.Tests.dll" adapterTypeName="executor://xunit/VsTestRunner2/netcoreapp" className="AccessToDB.Tests.UsersRepositoryTests" name="TestUpdateUserByIDAsyncOk" />
    </UnitTest>
    <UnitTest name="AccessToDB.Tests.LiftsSlopesRepositoryTests.TestGetLiftsBySlopeIdAsyncOk(slope1: Slope { SlopeID = 11, SlopeName = slopeNamec47a5595-4862-471a-8e19-706c556a24d2, IsOpen = True, DifficultyLevel = 58, ConnectedLifts =  }, slope2: Slope { SlopeID = 70, SlopeName = slopeNamedd9bba61-dbaf-4c8e-a185-8a067fcbfcde, IsOpen = False, DifficultyLevel = 199, ConnectedLifts =  }, lift1: Lift { LiftID = 76, LiftName = liftName99ed5848-8fd6-473c-9b23-e6e83..." storage="/mnt/c/users/alena/desktop/7_sem/testing_and_debugging/skiresort/accesstodb.tests/bin/debug/net6.0/accesstodb.tests.dll" id="6cb844b6-e0a3-15f2-fb29-443d8b44e033">
      <Execution id="de6ef371-0faf-4cfd-9e89-b0318028a080" />
      <TestMethod codeBase="/mnt/c/Users/alena/Desktop/7_sem/testing_and_debugging/SkiResort/AccessToDB.Tests/bin/Debug/net6.0/AccessToDB.Tests.dll" adapterTypeName="executor://xunit/VsTestRunner2/netcoreapp" className="AccessToDB.Tests.LiftsSlopesRepositoryTests" name="TestGetLiftsBySlopeIdAsyncOk" />
    </UnitTest>
    <UnitTest name="AccessToDB.Tests.LiftsRepositoryTests.TestGetLiftsAsyncEmpty" storage="/mnt/c/users/alena/desktop/7_sem/testing_and_debugging/skiresort/accesstodb.tests/bin/debug/net6.0/accesstodb.tests.dll" id="607e8298-f113-be33-300e-15a343893443">
      <Execution id="bfedff59-f65d-4bfb-b6d2-1f725e64971a" />
      <TestMethod codeBase="/mnt/c/Users/alena/Desktop/7_sem/testing_and_debugging/SkiResort/AccessToDB.Tests/bin/Debug/net6.0/AccessToDB.Tests.dll" adapterTypeName="executor://xunit/VsTestRunner2/netcoreapp" className="AccessToDB.Tests.LiftsRepositoryTests" name="TestGetLiftsAsyncEmpty" />
    </UnitTest>
    <UnitTest name="AccessToDB.Tests.TurnstilesRepositoryTests.TestGetTurnstilesAsyncEmpty" storage="/mnt/c/users/alena/desktop/7_sem/testing_and_debugging/skiresort/accesstodb.tests/bin/debug/net6.0/accesstodb.tests.dll" id="3c521313-4ed6-6bce-b4f9-c359411028e7">
      <Execution id="b65dee2b-0d85-4e62-915d-914c06803505" />
      <TestMethod codeBase="/mnt/c/Users/alena/Desktop/7_sem/testing_and_debugging/SkiResort/AccessToDB.Tests/bin/Debug/net6.0/AccessToDB.Tests.dll" adapterTypeName="executor://xunit/VsTestRunner2/netcoreapp" className="AccessToDB.Tests.TurnstilesRepositoryTests" name="TestGetTurnstilesAsyncEmpty" />
    </UnitTest>
    <UnitTest name="AccessToDB.Tests.SlopesRepositoryTests.TestDeleteSlopeByIDAsyncFailsWhenIDNotExists(slopeID: 216)" storage="/mnt/c/users/alena/desktop/7_sem/testing_and_debugging/skiresort/accesstodb.tests/bin/debug/net6.0/accesstodb.tests.dll" id="b93a0c98-f2d2-2589-fe0a-5c7d4fb2eecd">
      <Execution id="4758bec9-6187-4517-b29f-dccffc7eec62" />
      <TestMethod codeBase="/mnt/c/Users/alena/Desktop/7_sem/testing_and_debugging/SkiResort/AccessToDB.Tests/bin/Debug/net6.0/AccessToDB.Tests.dll" adapterTypeName="executor://xunit/VsTestRunner2/netcoreapp" className="AccessToDB.Tests.SlopesRepositoryTests" name="TestDeleteSlopeByIDAsyncFailsWhenIDNotExists" />
    </UnitTest>
    <UnitTest name="AccessToDB.Tests.UsersRepositoryTests.TestCheckUserIdExistsAsyncTrue(user: User { UserID = 142, CardID = 132, UserEmail = UserEmail31189847-6cfd-4d15-9db8-ef3a3ba47b20, Password = passwordb97601b8-1bde-4b5b-b77f-06e1ed86cdea, Permissions = UNAUTHORIZED })" storage="/mnt/c/users/alena/desktop/7_sem/testing_and_debugging/skiresort/accesstodb.tests/bin/debug/net6.0/accesstodb.tests.dll" id="bbbe00f3-a49c-4cce-c5a5-e3a2ee9d453d">
      <Execution id="e7886cdd-1445-4e0c-8814-198f139a2870" />
      <TestMethod codeBase="/mnt/c/Users/alena/Desktop/7_sem/testing_and_debugging/SkiResort/AccessToDB.Tests/bin/Debug/net6.0/AccessToDB.Tests.dll" adapterTypeName="executor://xunit/VsTestRunner2/netcoreapp" className="AccessToDB.Tests.UsersRepositoryTests" name="TestCheckUserIdExistsAsyncTrue" />
    </UnitTest>
    <UnitTest name="AccessToDB.Tests.LiftsRepositoryTests.TestAddLiftAutoIncrementAsyncOk" storage="/mnt/c/users/alena/desktop/7_sem/testing_and_debugging/skiresort/accesstodb.tests/bin/debug/net6.0/accesstodb.tests.dll" id="ec229f70-485a-f91b-53ed-bce655f6cd58">
      <Execution id="91ad3b48-cb8c-4937-96c6-67abbeee6705" />
      <TestMethod codeBase="/mnt/c/Users/alena/Desktop/7_sem/testing_and_debugging/SkiResort/AccessToDB.Tests/bin/Debug/net6.0/AccessToDB.Tests.dll" adapterTypeName="executor://xunit/VsTestRunner2/netcoreapp" className="AccessToDB.Tests.LiftsRepositoryTests" name="TestAddLiftAutoIncrementAsyncOk" />
    </UnitTest>
    <UnitTest name="AccessToDB.Tests.TurnstilesRepositoryTests.TestAddTurnstileAutoIncrementAsyncOk" storage="/mnt/c/users/alena/desktop/7_sem/testing_and_debugging/skiresort/accesstodb.tests/bin/debug/net6.0/accesstodb.tests.dll" id="f9435956-2e34-e52b-c34e-dce53665cf8e">
      <Execution id="1e6abb5d-7f35-4246-a65c-59d079d00780" />
      <TestMethod codeBase="/mnt/c/Users/alena/Desktop/7_sem/testing_and_debugging/SkiResort/AccessToDB.Tests/bin/Debug/net6.0/AccessToDB.Tests.dll" adapterTypeName="executor://xunit/VsTestRunner2/netcoreapp" className="AccessToDB.Tests.TurnstilesRepositoryTests" name="TestAddTurnstileAutoIncrementAsyncOk" />
    </UnitTest>
    <UnitTest name="AccessToDB.Tests.LiftsSlopesRepositoryTests.TestGetLiftSlopeByIdAsyncOk(liftSlope: LiftSlope { RecordID = 112, LiftID = 32, SlopeID = 25 })" storage="/mnt/c/users/alena/desktop/7_sem/testing_and_debugging/skiresort/accesstodb.tests/bin/debug/net6.0/accesstodb.tests.dll" id="e122ddb5-fedf-ec33-da86-441eeb4a0bf8">
      <Execution id="35e37e22-4bb6-46f5-9ceb-6c767d0567a1" />
      <TestMethod codeBase="/mnt/c/Users/alena/Desktop/7_sem/testing_and_debugging/SkiResort/AccessToDB.Tests/bin/Debug/net6.0/AccessToDB.Tests.dll" adapterTypeName="executor://xunit/VsTestRunner2/netcoreapp" className="AccessToDB.Tests.LiftsSlopesRepositoryTests" name="TestGetLiftSlopeByIdAsyncOk" />
    </UnitTest>
  </TestDefinitions>
  <TestEntries>
    <TestEntry testId="4145f44e-b4b1-a618-09e8-c631496e6f1a" executionId="03389867-f05d-4fe9-96e7-fda8fb69bdd4" testListId="8c84fa94-04c1-424b-9868-57a2d4851a1d" />
    <TestEntry testId="b84d9018-fbaf-f442-c445-7b3176e50e47" executionId="4296d582-0006-4d34-9069-f58b5e323a7a" testListId="8c84fa94-04c1-424b-9868-57a2d4851a1d" />
    <TestEntry testId="3741b26d-6ee0-6246-29e4-92009bff37b0" executionId="cc9777da-8b30-47be-8aa5-7b75ac94ef02" testListId="8c84fa94-04c1-424b-9868-57a2d4851a1d" />
    <TestEntry testId="3c521313-4ed6-6bce-b4f9-c359411028e7" executionId="b65dee2b-0d85-4e62-915d-914c06803505" testListId="8c84fa94-04c1-424b-9868-57a2d4851a1d" />
    <TestEntry testId="6cb844b6-e0a3-15f2-fb29-443d8b44e033" executionId="de6ef371-0faf-4cfd-9e89-b0318028a080" testListId="8c84fa94-04c1-424b-9868-57a2d4851a1d" />
    <TestEntry testId="fa7fd221-8737-926b-d7e3-476e613b428c" executionId="9e88e0d2-dac9-4448-87c7-1fba55c642cc" testListId="8c84fa94-04c1-424b-9868-57a2d4851a1d" />
    <TestEntry testId="c5e38775-859d-a86d-ce42-8219a8e79180" executionId="a5cd5f5e-0b33-4106-a7ef-7f86e8e81f17" testListId="8c84fa94-04c1-424b-9868-57a2d4851a1d" />
    <TestEntry testId="0386ee2c-a54e-c68c-b9f6-2afcabd3bfa0" executionId="8f64bd95-295f-49c7-bfaf-6f0ee856c804" testListId="8c84fa94-04c1-424b-9868-57a2d4851a1d" />
    <TestEntry testId="67e5a225-c051-ea4c-cab5-e18fed01a435" executionId="2120e4ab-b904-49d7-85af-45c3f5fede95" testListId="8c84fa94-04c1-424b-9868-57a2d4851a1d" />
    <TestEntry testId="8f7ba917-f771-0dc5-f9b9-465c34344b12" executionId="3ca4f3a6-7123-416a-8eb3-3155e51da996" testListId="8c84fa94-04c1-424b-9868-57a2d4851a1d" />
    <TestEntry testId="e4e5d0f5-93ef-d2b5-15e8-7ccc87c542b7" executionId="c197c672-d83d-4f47-9d72-e143390b26d9" testListId="8c84fa94-04c1-424b-9868-57a2d4851a1d" />
    <TestEntry testId="5ca48e94-467f-2e6b-c02a-a33417217109" executionId="c7d321c8-c831-4595-8307-26ccfe055d82" testListId="8c84fa94-04c1-424b-9868-57a2d4851a1d" />
    <TestEntry testId="9bbefb83-8311-6e03-307f-415e3495e223" executionId="fb12eb55-432c-4533-aa12-88295c9cb29d" testListId="8c84fa94-04c1-424b-9868-57a2d4851a1d" />
    <TestEntry testId="fba3b3cc-0cf2-2d11-41e1-f8f863afeaa5" executionId="a6b4097f-102b-4c2b-896c-4522d6a46ed6" testListId="8c84fa94-04c1-424b-9868-57a2d4851a1d" />
    <TestEntry testId="41703e88-f004-e181-9b69-8e46c4282b02" executionId="bfa4a600-5f34-4647-94ee-da6848a2996c" testListId="8c84fa94-04c1-424b-9868-57a2d4851a1d" />
    <TestEntry testId="e122ddb5-fedf-ec33-da86-441eeb4a0bf8" executionId="35e37e22-4bb6-46f5-9ceb-6c767d0567a1" testListId="8c84fa94-04c1-424b-9868-57a2d4851a1d" />
    <TestEntry testId="29149db9-22a3-1ded-df5a-c648fa1358c8" executionId="4917bb60-5ae2-4e5f-8ee0-7459ae94c766" testListId="8c84fa94-04c1-424b-9868-57a2d4851a1d" />
    <TestEntry testId="0fe4d602-7fc9-3958-d616-6ca0eb501acf" executionId="5ba16190-a098-464f-9d80-86015fd9bf69" testListId="8c84fa94-04c1-424b-9868-57a2d4851a1d" />
    <TestEntry testId="ec229f70-485a-f91b-53ed-bce655f6cd58" executionId="91ad3b48-cb8c-4937-96c6-67abbeee6705" testListId="8c84fa94-04c1-424b-9868-57a2d4851a1d" />
    <TestEntry testId="8f4576c4-ed91-3163-b03a-92c52e4bd832" executionId="d3b6d9e7-7a1e-4e84-b09c-68d56d1f3088" testListId="8c84fa94-04c1-424b-9868-57a2d4851a1d" />
    <TestEntry testId="607e8298-f113-be33-300e-15a343893443" executionId="bfedff59-f65d-4bfb-b6d2-1f725e64971a" testListId="8c84fa94-04c1-424b-9868-57a2d4851a1d" />
    <TestEntry testId="f110e1c0-2b19-c0e9-4bef-a7310e5727fd" executionId="18aa62eb-6c99-406c-b0bb-1756dd76ae25" testListId="8c84fa94-04c1-424b-9868-57a2d4851a1d" />
    <TestEntry testId="3ce0f2b4-e673-ac52-9f9c-0ccdac82e8ee" executionId="58180dea-3f58-4fcb-ac2b-9007ef9a0c69" testListId="8c84fa94-04c1-424b-9868-57a2d4851a1d" />
    <TestEntry testId="a8c8c746-cb03-84ab-1682-9dc7a30eb128" executionId="f7a24390-fd19-4f2f-b4b9-2579438d56c1" testListId="8c84fa94-04c1-424b-9868-57a2d4851a1d" />
    <TestEntry testId="35172e94-0156-cd5b-1552-201e44d28cc4" executionId="453c8851-a3d0-4d10-86f4-123d44b599e4" testListId="8c84fa94-04c1-424b-9868-57a2d4851a1d" />
    <TestEntry testId="b93a0c98-f2d2-2589-fe0a-5c7d4fb2eecd" executionId="4758bec9-6187-4517-b29f-dccffc7eec62" testListId="8c84fa94-04c1-424b-9868-57a2d4851a1d" />
    <TestEntry testId="dd194c65-bc7b-06d4-1b0e-300c1ef1ebbd" executionId="84060ed6-86d4-4b76-bd29-73be33e68ae8" testListId="8c84fa94-04c1-424b-9868-57a2d4851a1d" />
    <TestEntry testId="f9435956-2e34-e52b-c34e-dce53665cf8e" executionId="1e6abb5d-7f35-4246-a65c-59d079d00780" testListId="8c84fa94-04c1-424b-9868-57a2d4851a1d" />
    <TestEntry testId="685d2e91-ba95-d9aa-5224-ef1a0dcb83f5" executionId="25e9669c-484a-4f09-9062-7dae3aed7c74" testListId="8c84fa94-04c1-424b-9868-57a2d4851a1d" />
    <TestEntry testId="e75bb6e2-88d9-af2a-a444-c4a9d67f0f0e" executionId="975316a9-3f77-4f53-96fd-906baf20e466" testListId="8c84fa94-04c1-424b-9868-57a2d4851a1d" />
    <TestEntry testId="9de1ba1b-82d3-d443-2b23-f1bea4a6391a" executionId="86265b87-5189-4f9e-9ddc-a977410654ec" testListId="8c84fa94-04c1-424b-9868-57a2d4851a1d" />
    <TestEntry testId="9565f3bf-f330-462b-6c6c-7d2b17c394f9" executionId="9baca1a2-77f4-44a5-803e-004ff0995d22" testListId="8c84fa94-04c1-424b-9868-57a2d4851a1d" />
    <TestEntry testId="322c4357-5ea2-a92d-1d34-e6ab85195e1b" executionId="0264d91b-da60-402f-9cc6-71f223eaea55" testListId="8c84fa94-04c1-424b-9868-57a2d4851a1d" />
    <TestEntry testId="bbbe00f3-a49c-4cce-c5a5-e3a2ee9d453d" executionId="e7886cdd-1445-4e0c-8814-198f139a2870" testListId="8c84fa94-04c1-424b-9868-57a2d4851a1d" />
    <TestEntry testId="7595fe25-0e64-6ae2-875c-73724563a344" executionId="3649fa0b-2c93-4735-b0be-4a98ff2f07ac" testListId="8c84fa94-04c1-424b-9868-57a2d4851a1d" />
    <TestEntry testId="3126a78a-81df-3d7f-c123-bf86c5759266" executionId="17921194-8555-4fa2-8a41-e223a88a10a8" testListId="8c84fa94-04c1-424b-9868-57a2d4851a1d" />
    <TestEntry testId="a4ef3fb7-05e0-bf0b-762d-c3722240c933" executionId="e87ae0e1-0db3-4641-be54-301fc2c288a1" testListId="8c84fa94-04c1-424b-9868-57a2d4851a1d" />
    <TestEntry testId="30f8e924-9784-0a43-e807-094f70e06567" executionId="54d66045-217c-4b62-b466-17d25c75d8dc" testListId="8c84fa94-04c1-424b-9868-57a2d4851a1d" />
    <TestEntry testId="f9c8e250-ac2f-7fca-a78c-ca1b143878a7" executionId="a08f979a-2be1-420e-8de0-eb0706ada515" testListId="8c84fa94-04c1-424b-9868-57a2d4851a1d" />
  </TestEntries>
  <TestLists>
    <TestList name="Results Not in a List" id="8c84fa94-04c1-424b-9868-57a2d4851a1d" />
    <TestList name="All Loaded Results" id="19431567-8539-422a-85d7-44ee4e166bda" />
  </TestLists>
  <ResultSummary outcome="Failed">
    <Counters total="39" executed="39" passed="38" failed="1" error="0" timeout="0" aborted="0" inconclusive="0" passedButRunAborted="0" notRunnable="0" notExecuted="0" disconnected="0" warning="0" completed="0" inProgress="0" pending="0" />
    <Output>
      <StdOut>[xUnit.net 00:00:00.00] xUnit.net VSTest Adapter v2.4.5+1caef2f33e (64-bit .NET 6.0.10)
[xUnit.net 00:00:01.07]   Discovering: AccessToDB.Tests
[xUnit.net 00:00:01.18]   Discovered:  AccessToDB.Tests
[xUnit.net 00:00:01.19]   Starting:    AccessToDB.Tests
[xUnit.net 00:00:02.56]       System.InvalidOperationException : Operations that change non-concurrent collections must have exclusive access. A concurrent update was performed on this collection and corrupted its state. The collection's state is no longer correct.
[xUnit.net 00:00:02.56]       Stack Trace:
[xUnit.net 00:00:02.57]            at System.Collections.Generic.Dictionary`2.FindValue(TKey key)
[xUnit.net 00:00:02.57]            at System.Collections.Generic.Dictionary`2.TryGetValue(TKey key, TValue&amp; value)
[xUnit.net 00:00:02.57]            at ProGaudi.MsgPack.Light.Extensions.GetOrAdd[TKey,TValue](Dictionary`2 dictionary, TKey key, Func`2 creator)
[xUnit.net 00:00:02.57]            at ProGaudi.MsgPack.Light.MsgPackContext.GetObjectActivator(Type type)
[xUnit.net 00:00:02.57]            at ProGaudi.MsgPack.Light.MsgPackContext.&lt;&gt;c__DisplayClass27_0.&lt;TryGenerateArrayConverter&gt;b__0(Type x)
[xUnit.net 00:00:02.57]            at ProGaudi.MsgPack.Light.Extensions.GetOrAdd[TKey,TValue](Dictionary`2 dictionary, TKey key, Func`2 creator)
[xUnit.net 00:00:02.57]            at ProGaudi.MsgPack.Light.MsgPackContext.TryGenerateArrayConverter(Type type)
[xUnit.net 00:00:02.57]            at ProGaudi.MsgPack.Light.MsgPackContext.GetConverter[T]()
[xUnit.net 00:00:02.57]            at ProGaudi.Tarantool.Client.Converters.ResponsePacketConverter`1.Initialize(MsgPackContext context)
[xUnit.net 00:00:02.57]            at ProGaudi.MsgPack.Light.MsgPackContext.CreateAndInializeConverter(Func`1 converterActivator)
[xUnit.net 00:00:02.57]            at ProGaudi.MsgPack.Light.MsgPackContext.&lt;&gt;c__DisplayClass24_0.&lt;TryGenerateConverterFromGenericConverter&gt;b__0(Type x)
[xUnit.net 00:00:02.57]            at ProGaudi.MsgPack.Light.Extensions.GetOrAdd[TKey,TValue](Dictionary`2 dictionary, TKey key, Func`2 creator)
[xUnit.net 00:00:02.57]            at ProGaudi.MsgPack.Light.MsgPackContext.TryGenerateConverterFromGenericConverter(Type type)
[xUnit.net 00:00:02.57]            at ProGaudi.MsgPack.Light.MsgPackContext.GetConverter[T]()
[xUnit.net 00:00:02.57]            at ProGaudi.MsgPack.Light.MsgPackSerializer.GetConverter[T](MsgPackContext context)
[xUnit.net 00:00:02.57]            at ProGaudi.MsgPack.Light.MsgPackSerializer.Deserialize[T](MemoryStream stream, MsgPackContext context)
[xUnit.net 00:00:02.57]            at ProGaudi.Tarantool.Client.LogicalConnection.SendRequest[TRequest,TResponse](TRequest request, Nullable`1 timeout)
[xUnit.net 00:00:02.57]            at ProGaudi.Tarantool.Client.LogicalConnectionManager.SendRequest[TRequest,TResponse](TRequest request, Nullable`1 timeout)
[xUnit.net 00:00:02.57]            at ProGaudi.Tarantool.Client.Index.Select[TKey,TTuple](TKey key, SelectOptions options)
[xUnit.net 00:00:02.57]         /mnt/c/Users/alena/Desktop/7_sem/testing_and_debugging/SkiResort/AccessToDB/TarantoolRepositories/TarantoolLiftsSlopesRepository.cs(43,0): at AccessToDB.RepositoriesTarantool.TarantoolLiftsSlopesRepository.GetLiftsSlopesAsync(UInt32 offset, UInt32 limit)
[xUnit.net 00:00:02.57]         /mnt/c/Users/alena/Desktop/7_sem/testing_and_debugging/SkiResort/AccessToDB.Tests/LiftsSlopesRepositoryTests.cs(48,0): at AccessToDB.Tests.LiftsSlopesRepositoryTests.CleanLiftsSlopesTable()
[xUnit.net 00:00:02.57]         /mnt/c/Users/alena/Desktop/7_sem/testing_and_debugging/SkiResort/AccessToDB.Tests/LiftsSlopesRepositoryTests.cs(38,0): at AccessToDB.Tests.LiftsSlopesRepositoryTests..ctor()
[xUnit.net 00:00:02.57]            at System.RuntimeType.CreateInstanceDefaultCtor(Boolean publicOnly, Boolean wrapExceptions)
[xUnit.net 00:00:17.08]   Finished:    AccessToDB.Tests
</StdOut>
    </Output>
    <RunInfos>
      <RunInfo computerName="DESKTOP-TJ9D65N" outcome="Error" timestamp="2022-11-03T11:02:49.8774587+03:00">
        <Text>[xUnit.net 00:00:02.56]     AccessToDB.Tests.LiftsSlopesRepositoryTests.TestUpdateLiftSlopeByIDAsyncOk(liftSlope: LiftSlope { RecordID = 252, LiftID = 221, SlopeID = 58 }) [FAIL]</Text>
      </RunInfo>
    </RunInfos>
  </ResultSummary>
</TestRun>