<?xml version="1.0" encoding="utf-8"?>
<TestRun id="7c890c84-3332-4746-9082-011bc65a787b" name="@DESKTOP-TJ9D65N 2022-10-21 17:08:03" xmlns="http://microsoft.com/schemas/VisualStudio/TeamTest/2010">
  <Times creation="2022-10-21T17:08:03.7597553+03:00" queuing="2022-10-21T17:08:03.7597554+03:00" start="2022-10-21T17:07:59.9485121+03:00" finish="2022-10-21T17:08:17.9998095+03:00" />
  <TestSettings name="default" id="d9701c99-37e3-4a07-ae23-da72d19d8e0b">
    <Deployment runDeploymentRoot="_DESKTOP-TJ9D65N_2022-10-21_17_08_03" />
  </TestSettings>
  <Results>
    <UnitTestResult executionId="d57867bc-7058-4e47-b38f-657c02362ea9" testId="3c521313-4ed6-6bce-b4f9-c359411028e7" testName="AccessToDB.Tests.TurnstilesRepositoryTests.TestGetTurnstilesAsyncEmpty" computerName="DESKTOP-TJ9D65N" duration="00:00:00.3594528" startTime="2022-10-21T17:08:06.7281110+03:00" endTime="2022-10-21T17:08:06.7281112+03:00" testType="13cdc9d9-ddb5-4fa4-a97d-d965ccfc6d4b" outcome="Passed" testListId="8c84fa94-04c1-424b-9868-57a2d4851a1d" relativeResultsDirectory="d57867bc-7058-4e47-b38f-657c02362ea9" />
    <UnitTestResult executionId="2a4d50f2-fc5e-4ed7-b7ec-f5cf162ef1e4" testId="9d2209fc-651a-56ea-60e0-06e45da29386" testName="AccessToDB.Tests.SlopesRepositoryTests.TestAddSlopeAsyncFailsWhenSlopeIdRepeats(slope: Slope { SlopeID = 206, SlopeName = slopeName8fffd153-4289-4854-b375-eb80750e8d42, IsOpen = True, DifficultyLevel = 158, ConnectedLifts =  })" computerName="DESKTOP-TJ9D65N" duration="00:00:00.3907716" startTime="2022-10-21T17:08:04.6530876+03:00" endTime="2022-10-21T17:08:04.6530877+03:00" testType="13cdc9d9-ddb5-4fa4-a97d-d965ccfc6d4b" outcome="Passed" testListId="8c84fa94-04c1-424b-9868-57a2d4851a1d" relativeResultsDirectory="2a4d50f2-fc5e-4ed7-b7ec-f5cf162ef1e4" />
    <UnitTestResult executionId="465acffc-cf9a-4572-9cfd-69fb230922ea" testId="3b0b5da3-00dd-d82b-6a2b-8aced256b7ba" testName="AccessToDB.Tests.UsersRepositoryTests.TestUpdateUserByIDAsyncOk(user: User { UserID = 151, CardID = 167, UserEmail = UserEmail3db7a09e-4be5-4443-b263-f7827cb1efdd, Password = password64830efa-13e6-4f68-8454-078c0223131d, Permissions = UNAUTHORIZED })" computerName="DESKTOP-TJ9D65N" duration="00:00:00.3907443" startTime="2022-10-21T17:08:17.0134757+03:00" endTime="2022-10-21T17:08:17.0134758+03:00" testType="13cdc9d9-ddb5-4fa4-a97d-d965ccfc6d4b" outcome="Passed" testListId="8c84fa94-04c1-424b-9868-57a2d4851a1d" relativeResultsDirectory="465acffc-cf9a-4572-9cfd-69fb230922ea" />
    <UnitTestResult executionId="66ba5a75-e474-4d3e-a509-c663cfab8fc6" testId="f1654fed-ffac-fbaa-6bd8-cbbcb14bb9b8" testName="AccessToDB.Tests.UsersRepositoryTests.TestCheckUserEmailExistsAsyncFalse(userEmail: &quot;userEmailc062eb03-ec11-4e93-a420-98fc8bfbdc78&quot;)" computerName="DESKTOP-TJ9D65N" duration="00:00:00.3597719" startTime="2022-10-21T17:08:16.2331300+03:00" endTime="2022-10-21T17:08:16.2331301+03:00" testType="13cdc9d9-ddb5-4fa4-a97d-d965ccfc6d4b" outcome="Passed" testListId="8c84fa94-04c1-424b-9868-57a2d4851a1d" relativeResultsDirectory="66ba5a75-e474-4d3e-a509-c663cfab8fc6" />
    <UnitTestResult executionId="4570e3cf-4abe-44e6-8ae3-52cef75c9a8a" testId="607e8298-f113-be33-300e-15a343893443" testName="AccessToDB.Tests.LiftsRepositoryTests.TestGetLiftsAsyncEmpty" computerName="DESKTOP-TJ9D65N" duration="00:00:00.3595709" startTime="2022-10-21T17:08:12.7077390+03:00" endTime="2022-10-21T17:08:12.7077391+03:00" testType="13cdc9d9-ddb5-4fa4-a97d-d965ccfc6d4b" outcome="Passed" testListId="8c84fa94-04c1-424b-9868-57a2d4851a1d" relativeResultsDirectory="4570e3cf-4abe-44e6-8ae3-52cef75c9a8a" />
    <UnitTestResult executionId="ef1b5bb9-c07c-4cb0-a952-d47e9c648d4c" testId="5b32179c-26a5-5145-e428-01434382810f" testName="AccessToDB.Tests.LiftsSlopesRepositoryTests.TestDeleteLiftSlopeByIDAsyncFailsWhenIDNotExists(liftSlopeID: 72)" computerName="DESKTOP-TJ9D65N" duration="00:00:00.3585288" startTime="2022-10-21T17:08:08.7168176+03:00" endTime="2022-10-21T17:08:08.7168177+03:00" testType="13cdc9d9-ddb5-4fa4-a97d-d965ccfc6d4b" outcome="Passed" testListId="8c84fa94-04c1-424b-9868-57a2d4851a1d" relativeResultsDirectory="ef1b5bb9-c07c-4cb0-a952-d47e9c648d4c" />
    <UnitTestResult executionId="b1fdc1b6-2c8d-49f0-8218-3a5e7b0c4943" testId="264d4ab5-0a69-a508-08fd-45a5dd43ba04" testName="AccessToDB.Tests.SlopesRepositoryTests.TestGetSlopeByIdAsyncOk(slope: Slope { SlopeID = 150, SlopeName = slopeName4071713d-b89d-4538-a6c5-36a031dcee16, IsOpen = True, DifficultyLevel = 18, ConnectedLifts =  })" computerName="DESKTOP-TJ9D65N" duration="00:00:00.3809279" startTime="2022-10-21T17:08:03.0651789+03:00" endTime="2022-10-21T17:08:03.0651790+03:00" testType="13cdc9d9-ddb5-4fa4-a97d-d965ccfc6d4b" outcome="Passed" testListId="8c84fa94-04c1-424b-9868-57a2d4851a1d" relativeResultsDirectory="b1fdc1b6-2c8d-49f0-8218-3a5e7b0c4943" />
    <UnitTestResult executionId="d02e310f-6069-406e-b411-83a88e121dc2" testId="2664ab46-b5fc-8393-91b0-fb364bd40a0f" testName="AccessToDB.Tests.SlopesRepositoryTests.TestUpdateSlopeByIDAsyncOk(slope: Slope { SlopeID = 178, SlopeName = slopeName5c79fdff-0ae7-4b87-8053-68332de4a609, IsOpen = True, DifficultyLevel = 156, ConnectedLifts =  })" computerName="DESKTOP-TJ9D65N" duration="00:00:00.3905316" startTime="2022-10-21T17:08:03.8696995+03:00" endTime="2022-10-21T17:08:03.8696995+03:00" testType="13cdc9d9-ddb5-4fa4-a97d-d965ccfc6d4b" outcome="Passed" testListId="8c84fa94-04c1-424b-9868-57a2d4851a1d" relativeResultsDirectory="d02e310f-6069-406e-b411-83a88e121dc2" />
    <UnitTestResult executionId="030c9692-acd1-480b-a3ac-1fdd98fc1520" testId="23bc35a1-ddbc-4365-2528-36633afd7fcc" testName="AccessToDB.Tests.SlopesRepositoryTests.TestGetSlopeByNameAsyncFailsWhenNameNotExists(slopeName: &quot;slopeNamed0b02cfe-6f3c-43f3-ae19-ff6400b3f038&quot;)" computerName="DESKTOP-TJ9D65N" duration="00:00:00.3595162" startTime="2022-10-21T17:08:05.0445683+03:00" endTime="2022-10-21T17:08:05.0445683+03:00" testType="13cdc9d9-ddb5-4fa4-a97d-d965ccfc6d4b" outcome="Passed" testListId="8c84fa94-04c1-424b-9868-57a2d4851a1d" relativeResultsDirectory="030c9692-acd1-480b-a3ac-1fdd98fc1520" />
    <UnitTestResult executionId="3c46b185-9942-464f-a4e7-ef610399b196" testId="2084c96b-5548-cb20-3c97-e796a4775f9b" testName="AccessToDB.Tests.UsersRepositoryTests.TestCheckUserIdExistsAsyncTrue(user: User { UserID = 225, CardID = 59, UserEmail = UserEmailfe223431-d30a-4003-910f-c20e7e12d026, Password = password59305d0d-f6ca-4a93-a071-e1e6e4ac5cf2, Permissions = UNAUTHORIZED })" computerName="DESKTOP-TJ9D65N" duration="00:00:00.3798868" startTime="2022-10-21T17:08:15.0561296+03:00" endTime="2022-10-21T17:08:15.0561297+03:00" testType="13cdc9d9-ddb5-4fa4-a97d-d965ccfc6d4b" outcome="Passed" testListId="8c84fa94-04c1-424b-9868-57a2d4851a1d" relativeResultsDirectory="3c46b185-9942-464f-a4e7-ef610399b196" />
    <UnitTestResult executionId="3f40682b-09f4-42eb-a3dd-17777c9c88e4" testId="bd594833-e58a-4671-6799-502baa5bd86d" testName="AccessToDB.Tests.LiftsSlopesRepositoryTests.TestAddLiftSlopeAsyncFailsWhenLiftSlopeIdRepeats(liftSlope: LiftSlope { RecordID = 27, LiftID = 29, SlopeID = 86 })" computerName="DESKTOP-TJ9D65N" duration="00:00:00.3907943" startTime="2022-10-21T17:08:09.5158526+03:00" endTime="2022-10-21T17:08:09.5158528+03:00" testType="13cdc9d9-ddb5-4fa4-a97d-d965ccfc6d4b" outcome="Passed" testListId="8c84fa94-04c1-424b-9868-57a2d4851a1d" relativeResultsDirectory="3f40682b-09f4-42eb-a3dd-17777c9c88e4" />
    <UnitTestResult executionId="d5345834-8939-4e53-9e84-4f1397ce3102" testId="35152075-345b-6c9f-bedc-8ba3ec680e75" testName="AccessToDB.Tests.LiftsRepositoryTests.TestDeleteLiftByIDAsyncFailsWhenIDNotExists(liftID: 128)" computerName="DESKTOP-TJ9D65N" duration="00:00:00.3590330" startTime="2022-10-21T17:08:13.4754231+03:00" endTime="2022-10-21T17:08:13.4754231+03:00" testType="13cdc9d9-ddb5-4fa4-a97d-d965ccfc6d4b" outcome="Passed" testListId="8c84fa94-04c1-424b-9868-57a2d4851a1d" relativeResultsDirectory="d5345834-8939-4e53-9e84-4f1397ce3102" />
    <UnitTestResult executionId="17a09227-0fe3-4937-a71e-4e188ca3abc3" testId="b4bed128-f646-092b-db96-48f041229e18" testName="AccessToDB.Tests.LiftsRepositoryTests.TestUpdateLiftByIDAsyncOk(lift: Lift { LiftID = 237, LiftName = liftName923dcae3-fd07-4716-90e1-ac3de2e17d50, IsOpen = True, SeatsAmount = 50, LiftingTime = 247, QueueTime = 98, ConnectedSlopes =  })" computerName="DESKTOP-TJ9D65N" duration="00:00:00.3888422" startTime="2022-10-21T17:08:14.2852085+03:00" endTime="2022-10-21T17:08:14.2852085+03:00" testType="13cdc9d9-ddb5-4fa4-a97d-d965ccfc6d4b" outcome="Passed" testListId="8c84fa94-04c1-424b-9868-57a2d4851a1d" relativeResultsDirectory="17a09227-0fe3-4937-a71e-4e188ca3abc3" />
    <UnitTestResult executionId="5c18055a-86d7-4e32-9fa7-2b295f73ccc0" testId="c07c7ecc-d7c4-f7ed-78f9-342e1cacea9b" testName="AccessToDB.Tests.TurnstilesRepositoryTests.TestGetTurnstilesByLiftIdAsyncOk(liftID: 104)" computerName="DESKTOP-TJ9D65N" duration="00:00:00.4881941" startTime="2022-10-21T17:08:05.9613059+03:00" endTime="2022-10-21T17:08:05.9613060+03:00" testType="13cdc9d9-ddb5-4fa4-a97d-d965ccfc6d4b" outcome="Passed" testListId="8c84fa94-04c1-424b-9868-57a2d4851a1d" relativeResultsDirectory="5c18055a-86d7-4e32-9fa7-2b295f73ccc0" />
    <UnitTestResult executionId="abafa108-4cdf-4937-91ad-b8eafe7aa8f0" testId="d7a7101b-78c3-2531-290b-c5955ab940af" testName="AccessToDB.Tests.TurnstilesRepositoryTests.TestUpdateTurnstileByIDAsyncOk(turnstile: Turnstile { TurnstileID = 217, LiftID = 148, IsOpen = True })" computerName="DESKTOP-TJ9D65N" duration="00:00:00.3908771" startTime="2022-10-21T17:08:07.5399024+03:00" endTime="2022-10-21T17:08:07.5399025+03:00" testType="13cdc9d9-ddb5-4fa4-a97d-d965ccfc6d4b" outcome="Passed" testListId="8c84fa94-04c1-424b-9868-57a2d4851a1d" relativeResultsDirectory="abafa108-4cdf-4937-91ad-b8eafe7aa8f0" />
    <UnitTestResult executionId="e1dbc257-f678-4443-8349-b24ef5962909" testId="327e83a2-2fda-ac8d-3e38-6ac635736fff" testName="AccessToDB.Tests.LiftsSlopesRepositoryTests.TestGetLiftsBySlopeIdAsyncOk(slope1: Slope { SlopeID = 57, SlopeName = slopeName21de60ec-352d-476b-865b-a7c891fe8a44, IsOpen = True, DifficultyLevel = 50, ConnectedLifts =  }, slope2: Slope { SlopeID = 67, SlopeName = slopeNamed1daa9d6-7f4f-470c-a8ca-81acbf4c9eb1, IsOpen = False, DifficultyLevel = 128, ConnectedLifts =  }, lift1: Lift { LiftID = 63, LiftName = liftName04aae51e-855c-4fc6-9f7e-2ca8cf0e846f, IsOpen = True, SeatsAmount = 135, LiftingTime = 243, QueueTime = 116, ConnectedSlopes =  }, lift2: Lift { LiftID = 1, LiftName = liftName2b364e43-df9b-489a-9671-cf5a1c868d28, IsOpen = False, SeatsAmount = 112, LiftingTime = 69, QueueTime = 103, ConnectedSlopes =  })" computerName="DESKTOP-TJ9D65N" duration="00:00:00.4206687" startTime="2022-10-21T17:08:10.3569113+03:00" endTime="2022-10-21T17:08:10.3569114+03:00" testType="13cdc9d9-ddb5-4fa4-a97d-d965ccfc6d4b" outcome="Passed" testListId="8c84fa94-04c1-424b-9868-57a2d4851a1d" relativeResultsDirectory="e1dbc257-f678-4443-8349-b24ef5962909" />
    <UnitTestResult executionId="7f316b2e-ff91-41c1-8909-e757d5b30ec8" testId="b17fa2e6-6abb-1c43-4c86-3528f49f44f2" testName="AccessToDB.Tests.LiftsSlopesRepositoryTests.TestGetLiftSlopeByIdAsyncOk(liftSlope: LiftSlope { RecordID = 198, LiftID = 205, SlopeID = 29 })" computerName="DESKTOP-TJ9D65N" duration="00:00:00.3795411" startTime="2022-10-21T17:08:09.1091572+03:00" endTime="2022-10-21T17:08:09.1091573+03:00" testType="13cdc9d9-ddb5-4fa4-a97d-d965ccfc6d4b" outcome="Passed" testListId="8c84fa94-04c1-424b-9868-57a2d4851a1d" relativeResultsDirectory="7f316b2e-ff91-41c1-8909-e757d5b30ec8" />
    <UnitTestResult executionId="f0e197e5-5a5c-4582-ab3d-70b464c80e03" testId="9be85fb3-0460-5f74-f4ed-f9222d1f6df2" testName="AccessToDB.Tests.LiftsSlopesRepositoryTests.TestDeleteLiftSlopesByIDsAsyncOk(liftSlope: LiftSlope { RecordID = 101, LiftID = 197, SlopeID = 161 })" computerName="DESKTOP-TJ9D65N" duration="00:00:00.3900129" startTime="2022-10-21T17:08:09.9215180+03:00" endTime="2022-10-21T17:08:09.9215181+03:00" testType="13cdc9d9-ddb5-4fa4-a97d-d965ccfc6d4b" outcome="Passed" testListId="8c84fa94-04c1-424b-9868-57a2d4851a1d" relativeResultsDirectory="f0e197e5-5a5c-4582-ab3d-70b464c80e03" />
    <UnitTestResult executionId="deec561f-c59b-433d-83f2-b3f44b104a0a" testId="3741b26d-6ee0-6246-29e4-92009bff37b0" testName="AccessToDB.Tests.UsersRepositoryTests.TestGetUsersAsyncEmpty" computerName="DESKTOP-TJ9D65N" duration="00:00:00.3592758" startTime="2022-10-21T17:08:14.6607665+03:00" endTime="2022-10-21T17:08:14.6607670+03:00" testType="13cdc9d9-ddb5-4fa4-a97d-d965ccfc6d4b" outcome="Passed" testListId="8c84fa94-04c1-424b-9868-57a2d4851a1d" relativeResultsDirectory="deec561f-c59b-433d-83f2-b3f44b104a0a" />
    <UnitTestResult executionId="fc996876-46ac-42ff-8a83-bd0fc216d32d" testId="8963844e-400e-8e51-7d1a-e962777aac34" testName="AccessToDB.Tests.UsersRepositoryTests.TestGetUserByEmailAsyncFailsWhenEmailNotExists(email: &quot;email13db02ed-7298-4d48-b8bf-164d70eb591b&quot;)" computerName="DESKTOP-TJ9D65N" duration="00:00:00.3591724" startTime="2022-10-21T17:08:16.6074084+03:00" endTime="2022-10-21T17:08:16.6074085+03:00" testType="13cdc9d9-ddb5-4fa4-a97d-d965ccfc6d4b" outcome="Passed" testListId="8c84fa94-04c1-424b-9868-57a2d4851a1d" relativeResultsDirectory="fc996876-46ac-42ff-8a83-bd0fc216d32d" />
    <UnitTestResult executionId="d0c663d0-e8ff-4e42-adef-6a3fafdcf898" testId="f9435956-2e34-e52b-c34e-dce53665cf8e" testName="AccessToDB.Tests.TurnstilesRepositoryTests.TestAddTurnstileAutoIncrementAsyncOk" computerName="DESKTOP-TJ9D65N" duration="00:00:00.3900358" startTime="2022-10-21T17:08:07.1348055+03:00" endTime="2022-10-21T17:08:07.1348056+03:00" testType="13cdc9d9-ddb5-4fa4-a97d-d965ccfc6d4b" outcome="Passed" testListId="8c84fa94-04c1-424b-9868-57a2d4851a1d" relativeResultsDirectory="d0c663d0-e8ff-4e42-adef-6a3fafdcf898" />
    <UnitTestResult executionId="03f2505d-71f1-4bba-a2fb-279a97ea4190" testId="c5782f7f-a310-b277-ff5f-0e73b0b515a6" testName="AccessToDB.Tests.TurnstilesRepositoryTests.TestDeleteTurnstileByIDAsyncFailsWhenIDNotExists(turnstileID: 235)" computerName="DESKTOP-TJ9D65N" duration="00:00:00.3599297" startTime="2022-10-21T17:08:06.3548705+03:00" endTime="2022-10-21T17:08:06.3548705+03:00" testType="13cdc9d9-ddb5-4fa4-a97d-d965ccfc6d4b" outcome="Passed" testListId="8c84fa94-04c1-424b-9868-57a2d4851a1d" relativeResultsDirectory="03f2505d-71f1-4bba-a2fb-279a97ea4190" />
    <UnitTestResult executionId="162f765b-871c-4c2d-bd4c-de5a4b5594d0" testId="b6445e05-c0cf-fc71-d2d1-c8f11a280eae" testName="AccessToDB.Tests.LiftsSlopesRepositoryTests.TestUpdateLiftSlopeByIDAsyncOk(liftSlope: LiftSlope { RecordID = 121, LiftID = 168, SlopeID = 211 })" computerName="DESKTOP-TJ9D65N" duration="00:00:00.3908139" startTime="2022-10-21T17:08:11.5449739+03:00" endTime="2022-10-21T17:08:11.5449739+03:00" testType="13cdc9d9-ddb5-4fa4-a97d-d965ccfc6d4b" outcome="Passed" testListId="8c84fa94-04c1-424b-9868-57a2d4851a1d" relativeResultsDirectory="162f765b-871c-4c2d-bd4c-de5a4b5594d0" />
    <UnitTestResult executionId="5f1224b7-2c94-45f5-b033-2e149f360837" testId="229acec7-b071-6370-0008-c2621ba01468" testName="AccessToDB.Tests.UsersRepositoryTests.TestGetUserByIdAsyncOk(user: User { UserID = 51, CardID = 40, UserEmail = UserEmail1624bf56-bc3d-4fb0-a637-bdc20e96dd63, Password = password03096830-7d3b-485d-a4a0-dbf05bc98944, Permissions = UNAUTHORIZED })" computerName="DESKTOP-TJ9D65N" duration="00:00:00.3800527" startTime="2022-10-21T17:08:15.8568048+03:00" endTime="2022-10-21T17:08:15.8568049+03:00" testType="13cdc9d9-ddb5-4fa4-a97d-d965ccfc6d4b" outcome="Passed" testListId="8c84fa94-04c1-424b-9868-57a2d4851a1d" relativeResultsDirectory="5f1224b7-2c94-45f5-b033-2e149f360837" />
    <UnitTestResult executionId="52ac7cda-9066-4b88-9235-94d7be886a44" testId="9bbefb83-8311-6e03-307f-415e3495e223" testName="AccessToDB.Tests.SlopesRepositoryTests.TestGetSlopesAsyncEmpty" computerName="DESKTOP-TJ9D65N" duration="00:00:00.3633239" startTime="2022-10-21T17:08:04.2460759+03:00" endTime="2022-10-21T17:08:04.2460760+03:00" testType="13cdc9d9-ddb5-4fa4-a97d-d965ccfc6d4b" outcome="Passed" testListId="8c84fa94-04c1-424b-9868-57a2d4851a1d" relativeResultsDirectory="52ac7cda-9066-4b88-9235-94d7be886a44" />
    <UnitTestResult executionId="99614504-cf06-4f66-b6fd-26d886d9fe87" testId="1308acb9-3100-09a8-ebbe-1cc9d66aa703" testName="AccessToDB.Tests.UsersRepositoryTests.TestDeleteUserByIDAsyncFailsWhenIDNotExists(userID: 88)" computerName="DESKTOP-TJ9D65N" duration="00:00:00.3613608" startTime="2022-10-21T17:08:17.3897630+03:00" endTime="2022-10-21T17:08:17.3897631+03:00" testType="13cdc9d9-ddb5-4fa4-a97d-d965ccfc6d4b" outcome="Passed" testListId="8c84fa94-04c1-424b-9868-57a2d4851a1d" relativeResultsDirectory="99614504-cf06-4f66-b6fd-26d886d9fe87" />
    <UnitTestResult executionId="1e44edbd-a62c-4a5d-acee-e7d56f0ae90e" testId="9a0143c5-d659-6546-572c-7a658d600950" testName="AccessToDB.Tests.SlopesRepositoryTests.TestDeleteSlopeByIDAsyncFailsWhenIDNotExists(slopeID: 130)" computerName="DESKTOP-TJ9D65N" duration="00:00:00.4435183" startTime="2022-10-21T17:08:02.6327860+03:00" endTime="2022-10-21T17:08:02.6328132+03:00" testType="13cdc9d9-ddb5-4fa4-a97d-d965ccfc6d4b" outcome="Passed" testListId="8c84fa94-04c1-424b-9868-57a2d4851a1d" relativeResultsDirectory="1e44edbd-a62c-4a5d-acee-e7d56f0ae90e" />
    <UnitTestResult executionId="4519ddfe-0b04-41b6-b4fd-2be1b9ebb218" testId="4145f44e-b4b1-a618-09e8-c631496e6f1a" testName="AccessToDB.Tests.LiftsSlopesRepositoryTests.TestGetLiftSlopesAsyncEmpty" computerName="DESKTOP-TJ9D65N" duration="00:00:00.3601536" startTime="2022-10-21T17:08:11.1381887+03:00" endTime="2022-10-21T17:08:11.1381889+03:00" testType="13cdc9d9-ddb5-4fa4-a97d-d965ccfc6d4b" outcome="Passed" testListId="8c84fa94-04c1-424b-9868-57a2d4851a1d" relativeResultsDirectory="4519ddfe-0b04-41b6-b4fd-2be1b9ebb218" />
    <UnitTestResult executionId="aeb51a64-1a30-4614-858e-32fa342fa232" testId="0e4b184a-0dd6-85b9-e565-b01e9e1b6837" testName="AccessToDB.Tests.LiftsRepositoryTests.TestGetLiftByIdAsyncOk(lift: Lift { LiftID = 153, LiftName = liftNameb2b34139-3980-46c6-b4eb-c0f15925bcdb, IsOpen = True, SeatsAmount = 58, LiftingTime = 200, QueueTime = 191, ConnectedSlopes =  })" computerName="DESKTOP-TJ9D65N" duration="00:00:00.3801065" startTime="2022-10-21T17:08:13.1019240+03:00" endTime="2022-10-21T17:08:13.1019242+03:00" testType="13cdc9d9-ddb5-4fa4-a97d-d965ccfc6d4b" outcome="Passed" testListId="8c84fa94-04c1-424b-9868-57a2d4851a1d" relativeResultsDirectory="aeb51a64-1a30-4614-858e-32fa342fa232" />
    <UnitTestResult executionId="302e0f87-0f83-4cf1-ac60-841e1482d463" testId="ec229f70-485a-f91b-53ed-bce655f6cd58" testName="AccessToDB.Tests.LiftsRepositoryTests.TestAddLiftAutoIncrementAsyncOk" computerName="DESKTOP-TJ9D65N" duration="00:00:00.3936716" startTime="2022-10-21T17:08:11.9594625+03:00" endTime="2022-10-21T17:08:11.9594626+03:00" testType="13cdc9d9-ddb5-4fa4-a97d-d965ccfc6d4b" outcome="Passed" testListId="8c84fa94-04c1-424b-9868-57a2d4851a1d" relativeResultsDirectory="302e0f87-0f83-4cf1-ac60-841e1482d463" />
    <UnitTestResult executionId="69e4a152-a133-49be-9808-4d1a30b31970" testId="7f01c403-63e0-6183-bc21-e59a4ab263d4" testName="AccessToDB.Tests.TurnstilesRepositoryTests.TestGetTurnstileByIdAsyncOk(turnstile: Turnstile { TurnstileID = 122, LiftID = 86, IsOpen = True })" computerName="DESKTOP-TJ9D65N" duration="00:00:00.3800270" startTime="2022-10-21T17:08:07.9324521+03:00" endTime="2022-10-21T17:08:07.9324523+03:00" testType="13cdc9d9-ddb5-4fa4-a97d-d965ccfc6d4b" outcome="Passed" testListId="8c84fa94-04c1-424b-9868-57a2d4851a1d" relativeResultsDirectory="69e4a152-a133-49be-9808-4d1a30b31970" />
    <UnitTestResult executionId="3fb95283-2400-4ef0-ad5d-89024235d405" testId="feafedc8-02a9-5f95-45e7-10e56a4276a0" testName="AccessToDB.Tests.LiftsSlopesRepositoryTests.TestGetSlopesByLiftIdAsyncFailsWhenSlopeNotExists(liftSlope: LiftSlope { RecordID = 211, LiftID = 240, SlopeID = 5 })" computerName="DESKTOP-TJ9D65N" duration="00:00:00.3830100" startTime="2022-10-21T17:08:08.3476373+03:00" endTime="2022-10-21T17:08:08.3476374+03:00" testType="13cdc9d9-ddb5-4fa4-a97d-d965ccfc6d4b" outcome="Passed" testListId="8c84fa94-04c1-424b-9868-57a2d4851a1d" relativeResultsDirectory="3fb95283-2400-4ef0-ad5d-89024235d405" />
    <UnitTestResult executionId="0ddc18d0-fd01-4661-b638-6da812f7b68f" testId="dcc3d4ee-591f-1398-30a4-bada2815a3ae" testName="AccessToDB.Tests.TurnstilesRepositoryTests.TestAddTurnstileAsyncFailsWhenTurnstileIdRepeats(turnstile: Turnstile { TurnstileID = 166, LiftID = 12, IsOpen = True })" computerName="DESKTOP-TJ9D65N" duration="00:00:00.3915090" startTime="2022-10-21T17:08:05.4583841+03:00" endTime="2022-10-21T17:08:05.4583843+03:00" testType="13cdc9d9-ddb5-4fa4-a97d-d965ccfc6d4b" outcome="Passed" testListId="8c84fa94-04c1-424b-9868-57a2d4851a1d" relativeResultsDirectory="0ddc18d0-fd01-4661-b638-6da812f7b68f" />
    <UnitTestResult executionId="1a98fbfc-cef4-45ec-993f-508653b6dff3" testId="8f7ba917-f771-0dc5-f9b9-465c34344b12" testName="AccessToDB.Tests.SlopesRepositoryTests.TestAddSlopeAutoIncrementAsyncOk" computerName="DESKTOP-TJ9D65N" duration="00:00:00.3898117" startTime="2022-10-21T17:08:03.4668066+03:00" endTime="2022-10-21T17:08:03.4668068+03:00" testType="13cdc9d9-ddb5-4fa4-a97d-d965ccfc6d4b" outcome="Passed" testListId="8c84fa94-04c1-424b-9868-57a2d4851a1d" relativeResultsDirectory="1a98fbfc-cef4-45ec-993f-508653b6dff3" />
    <UnitTestResult executionId="1616ad4a-86a2-442f-94c8-053ae3a6b90e" testId="a590c962-c2e4-806d-218b-7d2115424d7e" testName="AccessToDB.Tests.LiftsRepositoryTests.TestAddLiftAsyncFailsWhenLiftIdRepeats(lift: Lift { LiftID = 168, LiftName = liftNamef07e0f9a-7eec-423e-8e7c-ef109e490186, IsOpen = True, SeatsAmount = 134, LiftingTime = 136, QueueTime = 196, ConnectedSlopes =  })" computerName="DESKTOP-TJ9D65N" duration="00:00:00.3894894" startTime="2022-10-21T17:08:13.8809319+03:00" endTime="2022-10-21T17:08:13.8809320+03:00" testType="13cdc9d9-ddb5-4fa4-a97d-d965ccfc6d4b" outcome="Passed" testListId="8c84fa94-04c1-424b-9868-57a2d4851a1d" relativeResultsDirectory="1616ad4a-86a2-442f-94c8-053ae3a6b90e" />
    <UnitTestResult executionId="f83a6b20-ea94-4443-a3bc-17a6575d615f" testId="e75bb6e2-88d9-af2a-a444-c4a9d67f0f0e" testName="AccessToDB.Tests.UsersRepositoryTests.TestAddUserAutoIncrementAsyncOk" computerName="DESKTOP-TJ9D65N" duration="00:00:00.3997293" startTime="2022-10-21T17:08:17.8605222+03:00" endTime="2022-10-21T17:08:17.8605223+03:00" testType="13cdc9d9-ddb5-4fa4-a97d-d965ccfc6d4b" outcome="Passed" testListId="8c84fa94-04c1-424b-9868-57a2d4851a1d" relativeResultsDirectory="f83a6b20-ea94-4443-a3bc-17a6575d615f" />
    <UnitTestResult executionId="ae6574c3-b8f8-4f8f-822b-06c67e3624e2" testId="30f8e924-9784-0a43-e807-094f70e06567" testName="AccessToDB.Tests.LiftsSlopesRepositoryTests.TestAddLiftSlopeAutoIncrementAsyncOk" computerName="DESKTOP-TJ9D65N" duration="00:00:00.3907878" startTime="2022-10-21T17:08:10.7626561+03:00" endTime="2022-10-21T17:08:10.7626563+03:00" testType="13cdc9d9-ddb5-4fa4-a97d-d965ccfc6d4b" outcome="Passed" testListId="8c84fa94-04c1-424b-9868-57a2d4851a1d" relativeResultsDirectory="ae6574c3-b8f8-4f8f-822b-06c67e3624e2" />
    <UnitTestResult executionId="6a1068a0-ab2b-4998-a282-27d4fea21f66" testId="7f0b514c-fb1e-196b-6c3b-4d0b5275ad48" testName="AccessToDB.Tests.LiftsRepositoryTests.TestGetLiftByNameAsyncFailsWhenNameNotExists(liftName: &quot;liftName5f444fb6-b24b-4ef5-821f-e71e486a2fe9&quot;)" computerName="DESKTOP-TJ9D65N" duration="00:00:00.3592669" startTime="2022-10-21T17:08:12.3322035+03:00" endTime="2022-10-21T17:08:12.3322035+03:00" testType="13cdc9d9-ddb5-4fa4-a97d-d965ccfc6d4b" outcome="Passed" testListId="8c84fa94-04c1-424b-9868-57a2d4851a1d" relativeResultsDirectory="6a1068a0-ab2b-4998-a282-27d4fea21f66" />
    <UnitTestResult executionId="96e72436-29cb-42b2-a0aa-0b15930a13f9" testId="aae8f646-2cb5-4d93-7040-d1004b2f9611" testName="AccessToDB.Tests.UsersRepositoryTests.TestAddUserAsyncFailsWhenUserIdRepeats(user: User { UserID = 67, CardID = 41, UserEmail = UserEmailaaec4156-16d4-4616-b759-762ad6f5c6e9, Password = passworde39b90b6-8ff2-4eed-aff2-98b8a4912d77, Permissions = UNAUTHORIZED })" computerName="DESKTOP-TJ9D65N" duration="00:00:00.3907307" startTime="2022-10-21T17:08:15.4608389+03:00" endTime="2022-10-21T17:08:15.4608390+03:00" testType="13cdc9d9-ddb5-4fa4-a97d-d965ccfc6d4b" outcome="Passed" testListId="8c84fa94-04c1-424b-9868-57a2d4851a1d" relativeResultsDirectory="96e72436-29cb-42b2-a0aa-0b15930a13f9" />
  </Results>
  <TestDefinitions>
    <UnitTest name="AccessToDB.Tests.SlopesRepositoryTests.TestUpdateSlopeByIDAsyncOk(slope: Slope { SlopeID = 178, SlopeName = slopeName5c79fdff-0ae7-4b87-8053-68332de4a609, IsOpen = True, DifficultyLevel = 156, ConnectedLifts =  })" storage="/mnt/c/users/alena/desktop/7_sem/testing_and_debugging/skiresort/accesstodb.tests/bin/debug/net6.0/accesstodb.tests.dll" id="2664ab46-b5fc-8393-91b0-fb364bd40a0f">
      <Execution id="d02e310f-6069-406e-b411-83a88e121dc2" />
      <TestMethod codeBase="/mnt/c/Users/alena/Desktop/7_sem/testing_and_debugging/SkiResort/AccessToDB.Tests/bin/Debug/net6.0/AccessToDB.Tests.dll" adapterTypeName="executor://xunit/VsTestRunner2/netcoreapp" className="AccessToDB.Tests.SlopesRepositoryTests" name="TestUpdateSlopeByIDAsyncOk" />
    </UnitTest>
    <UnitTest name="AccessToDB.Tests.LiftsSlopesRepositoryTests.TestAddLiftSlopeAsyncFailsWhenLiftSlopeIdRepeats(liftSlope: LiftSlope { RecordID = 27, LiftID = 29, SlopeID = 86 })" storage="/mnt/c/users/alena/desktop/7_sem/testing_and_debugging/skiresort/accesstodb.tests/bin/debug/net6.0/accesstodb.tests.dll" id="bd594833-e58a-4671-6799-502baa5bd86d">
      <Execution id="3f40682b-09f4-42eb-a3dd-17777c9c88e4" />
      <TestMethod codeBase="/mnt/c/Users/alena/Desktop/7_sem/testing_and_debugging/SkiResort/AccessToDB.Tests/bin/Debug/net6.0/AccessToDB.Tests.dll" adapterTypeName="executor://xunit/VsTestRunner2/netcoreapp" className="AccessToDB.Tests.LiftsSlopesRepositoryTests" name="TestAddLiftSlopeAsyncFailsWhenLiftSlopeIdRepeats" />
    </UnitTest>
    <UnitTest name="AccessToDB.Tests.UsersRepositoryTests.TestGetUsersAsyncEmpty" storage="/mnt/c/users/alena/desktop/7_sem/testing_and_debugging/skiresort/accesstodb.tests/bin/debug/net6.0/accesstodb.tests.dll" id="3741b26d-6ee0-6246-29e4-92009bff37b0">
      <Execution id="deec561f-c59b-433d-83f2-b3f44b104a0a" />
      <TestMethod codeBase="/mnt/c/Users/alena/Desktop/7_sem/testing_and_debugging/SkiResort/AccessToDB.Tests/bin/Debug/net6.0/AccessToDB.Tests.dll" adapterTypeName="executor://xunit/VsTestRunner2/netcoreapp" className="AccessToDB.Tests.UsersRepositoryTests" name="TestGetUsersAsyncEmpty" />
    </UnitTest>
    <UnitTest name="AccessToDB.Tests.LiftsSlopesRepositoryTests.TestDeleteLiftSlopeByIDAsyncFailsWhenIDNotExists(liftSlopeID: 72)" storage="/mnt/c/users/alena/desktop/7_sem/testing_and_debugging/skiresort/accesstodb.tests/bin/debug/net6.0/accesstodb.tests.dll" id="5b32179c-26a5-5145-e428-01434382810f">
      <Execution id="ef1b5bb9-c07c-4cb0-a952-d47e9c648d4c" />
      <TestMethod codeBase="/mnt/c/Users/alena/Desktop/7_sem/testing_and_debugging/SkiResort/AccessToDB.Tests/bin/Debug/net6.0/AccessToDB.Tests.dll" adapterTypeName="executor://xunit/VsTestRunner2/netcoreapp" className="AccessToDB.Tests.LiftsSlopesRepositoryTests" name="TestDeleteLiftSlopeByIDAsyncFailsWhenIDNotExists" />
    </UnitTest>
    <UnitTest name="AccessToDB.Tests.TurnstilesRepositoryTests.TestAddTurnstileAutoIncrementAsyncOk" storage="/mnt/c/users/alena/desktop/7_sem/testing_and_debugging/skiresort/accesstodb.tests/bin/debug/net6.0/accesstodb.tests.dll" id="f9435956-2e34-e52b-c34e-dce53665cf8e">
      <Execution id="d0c663d0-e8ff-4e42-adef-6a3fafdcf898" />
      <TestMethod codeBase="/mnt/c/Users/alena/Desktop/7_sem/testing_and_debugging/SkiResort/AccessToDB.Tests/bin/Debug/net6.0/AccessToDB.Tests.dll" adapterTypeName="executor://xunit/VsTestRunner2/netcoreapp" className="AccessToDB.Tests.TurnstilesRepositoryTests" name="TestAddTurnstileAutoIncrementAsyncOk" />
    </UnitTest>
    <UnitTest name="AccessToDB.Tests.LiftsRepositoryTests.TestAddLiftAsyncFailsWhenLiftIdRepeats(lift: Lift { LiftID = 168, LiftName = liftNamef07e0f9a-7eec-423e-8e7c-ef109e490186, IsOpen = True, SeatsAmount = 134, LiftingTime = 136, QueueTime = 196, ConnectedSlopes =  })" storage="/mnt/c/users/alena/desktop/7_sem/testing_and_debugging/skiresort/accesstodb.tests/bin/debug/net6.0/accesstodb.tests.dll" id="a590c962-c2e4-806d-218b-7d2115424d7e">
      <Execution id="1616ad4a-86a2-442f-94c8-053ae3a6b90e" />
      <TestMethod codeBase="/mnt/c/Users/alena/Desktop/7_sem/testing_and_debugging/SkiResort/AccessToDB.Tests/bin/Debug/net6.0/AccessToDB.Tests.dll" adapterTypeName="executor://xunit/VsTestRunner2/netcoreapp" className="AccessToDB.Tests.LiftsRepositoryTests" name="TestAddLiftAsyncFailsWhenLiftIdRepeats" />
    </UnitTest>
    <UnitTest name="AccessToDB.Tests.LiftsSlopesRepositoryTests.TestGetLiftsBySlopeIdAsyncOk(slope1: Slope { SlopeID = 57, SlopeName = slopeName21de60ec-352d-476b-865b-a7c891fe8a44, IsOpen = True, DifficultyLevel = 50, ConnectedLifts =  }, slope2: Slope { SlopeID = 67, SlopeName = slopeNamed1daa9d6-7f4f-470c-a8ca-81acbf4c9eb1, IsOpen = False, DifficultyLevel = 128, ConnectedLifts =  }, lift1: Lift { LiftID = 63, LiftName = liftName04aae51e-855c-4fc6-9f7e-2ca8c..." storage="/mnt/c/users/alena/desktop/7_sem/testing_and_debugging/skiresort/accesstodb.tests/bin/debug/net6.0/accesstodb.tests.dll" id="327e83a2-2fda-ac8d-3e38-6ac635736fff">
      <Execution id="e1dbc257-f678-4443-8349-b24ef5962909" />
      <TestMethod codeBase="/mnt/c/Users/alena/Desktop/7_sem/testing_and_debugging/SkiResort/AccessToDB.Tests/bin/Debug/net6.0/AccessToDB.Tests.dll" adapterTypeName="executor://xunit/VsTestRunner2/netcoreapp" className="AccessToDB.Tests.LiftsSlopesRepositoryTests" name="TestGetLiftsBySlopeIdAsyncOk" />
    </UnitTest>
    <UnitTest name="AccessToDB.Tests.LiftsSlopesRepositoryTests.TestUpdateLiftSlopeByIDAsyncOk(liftSlope: LiftSlope { RecordID = 121, LiftID = 168, SlopeID = 211 })" storage="/mnt/c/users/alena/desktop/7_sem/testing_and_debugging/skiresort/accesstodb.tests/bin/debug/net6.0/accesstodb.tests.dll" id="b6445e05-c0cf-fc71-d2d1-c8f11a280eae">
      <Execution id="162f765b-871c-4c2d-bd4c-de5a4b5594d0" />
      <TestMethod codeBase="/mnt/c/Users/alena/Desktop/7_sem/testing_and_debugging/SkiResort/AccessToDB.Tests/bin/Debug/net6.0/AccessToDB.Tests.dll" adapterTypeName="executor://xunit/VsTestRunner2/netcoreapp" className="AccessToDB.Tests.LiftsSlopesRepositoryTests" name="TestUpdateLiftSlopeByIDAsyncOk" />
    </UnitTest>
    <UnitTest name="AccessToDB.Tests.SlopesRepositoryTests.TestGetSlopeByIdAsyncOk(slope: Slope { SlopeID = 150, SlopeName = slopeName4071713d-b89d-4538-a6c5-36a031dcee16, IsOpen = True, DifficultyLevel = 18, ConnectedLifts =  })" storage="/mnt/c/users/alena/desktop/7_sem/testing_and_debugging/skiresort/accesstodb.tests/bin/debug/net6.0/accesstodb.tests.dll" id="264d4ab5-0a69-a508-08fd-45a5dd43ba04">
      <Execution id="b1fdc1b6-2c8d-49f0-8218-3a5e7b0c4943" />
      <TestMethod codeBase="/mnt/c/Users/alena/Desktop/7_sem/testing_and_debugging/SkiResort/AccessToDB.Tests/bin/Debug/net6.0/AccessToDB.Tests.dll" adapterTypeName="executor://xunit/VsTestRunner2/netcoreapp" className="AccessToDB.Tests.SlopesRepositoryTests" name="TestGetSlopeByIdAsyncOk" />
    </UnitTest>
    <UnitTest name="AccessToDB.Tests.TurnstilesRepositoryTests.TestGetTurnstileByIdAsyncOk(turnstile: Turnstile { TurnstileID = 122, LiftID = 86, IsOpen = True })" storage="/mnt/c/users/alena/desktop/7_sem/testing_and_debugging/skiresort/accesstodb.tests/bin/debug/net6.0/accesstodb.tests.dll" id="7f01c403-63e0-6183-bc21-e59a4ab263d4">
      <Execution id="69e4a152-a133-49be-9808-4d1a30b31970" />
      <TestMethod codeBase="/mnt/c/Users/alena/Desktop/7_sem/testing_and_debugging/SkiResort/AccessToDB.Tests/bin/Debug/net6.0/AccessToDB.Tests.dll" adapterTypeName="executor://xunit/VsTestRunner2/netcoreapp" className="AccessToDB.Tests.TurnstilesRepositoryTests" name="TestGetTurnstileByIdAsyncOk" />
    </UnitTest>
    <UnitTest name="AccessToDB.Tests.SlopesRepositoryTests.TestAddSlopeAsyncFailsWhenSlopeIdRepeats(slope: Slope { SlopeID = 206, SlopeName = slopeName8fffd153-4289-4854-b375-eb80750e8d42, IsOpen = True, DifficultyLevel = 158, ConnectedLifts =  })" storage="/mnt/c/users/alena/desktop/7_sem/testing_and_debugging/skiresort/accesstodb.tests/bin/debug/net6.0/accesstodb.tests.dll" id="9d2209fc-651a-56ea-60e0-06e45da29386">
      <Execution id="2a4d50f2-fc5e-4ed7-b7ec-f5cf162ef1e4" />
      <TestMethod codeBase="/mnt/c/Users/alena/Desktop/7_sem/testing_and_debugging/SkiResort/AccessToDB.Tests/bin/Debug/net6.0/AccessToDB.Tests.dll" adapterTypeName="executor://xunit/VsTestRunner2/netcoreapp" className="AccessToDB.Tests.SlopesRepositoryTests" name="TestAddSlopeAsyncFailsWhenSlopeIdRepeats" />
    </UnitTest>
    <UnitTest name="AccessToDB.Tests.LiftsSlopesRepositoryTests.TestGetLiftSlopesAsyncEmpty" storage="/mnt/c/users/alena/desktop/7_sem/testing_and_debugging/skiresort/accesstodb.tests/bin/debug/net6.0/accesstodb.tests.dll" id="4145f44e-b4b1-a618-09e8-c631496e6f1a">
      <Execution id="4519ddfe-0b04-41b6-b4fd-2be1b9ebb218" />
      <TestMethod codeBase="/mnt/c/Users/alena/Desktop/7_sem/testing_and_debugging/SkiResort/AccessToDB.Tests/bin/Debug/net6.0/AccessToDB.Tests.dll" adapterTypeName="executor://xunit/VsTestRunner2/netcoreapp" className="AccessToDB.Tests.LiftsSlopesRepositoryTests" name="TestGetLiftSlopesAsyncEmpty" />
    </UnitTest>
    <UnitTest name="AccessToDB.Tests.UsersRepositoryTests.TestGetUserByEmailAsyncFailsWhenEmailNotExists(email: &quot;email13db02ed-7298-4d48-b8bf-164d70eb591b&quot;)" storage="/mnt/c/users/alena/desktop/7_sem/testing_and_debugging/skiresort/accesstodb.tests/bin/debug/net6.0/accesstodb.tests.dll" id="8963844e-400e-8e51-7d1a-e962777aac34">
      <Execution id="fc996876-46ac-42ff-8a83-bd0fc216d32d" />
      <TestMethod codeBase="/mnt/c/Users/alena/Desktop/7_sem/testing_and_debugging/SkiResort/AccessToDB.Tests/bin/Debug/net6.0/AccessToDB.Tests.dll" adapterTypeName="executor://xunit/VsTestRunner2/netcoreapp" className="AccessToDB.Tests.UsersRepositoryTests" name="TestGetUserByEmailAsyncFailsWhenEmailNotExists" />
    </UnitTest>
    <UnitTest name="AccessToDB.Tests.UsersRepositoryTests.TestGetUserByIdAsyncOk(user: User { UserID = 51, CardID = 40, UserEmail = UserEmail1624bf56-bc3d-4fb0-a637-bdc20e96dd63, Password = password03096830-7d3b-485d-a4a0-dbf05bc98944, Permissions = UNAUTHORIZED })" storage="/mnt/c/users/alena/desktop/7_sem/testing_and_debugging/skiresort/accesstodb.tests/bin/debug/net6.0/accesstodb.tests.dll" id="229acec7-b071-6370-0008-c2621ba01468">
      <Execution id="5f1224b7-2c94-45f5-b033-2e149f360837" />
      <TestMethod codeBase="/mnt/c/Users/alena/Desktop/7_sem/testing_and_debugging/SkiResort/AccessToDB.Tests/bin/Debug/net6.0/AccessToDB.Tests.dll" adapterTypeName="executor://xunit/VsTestRunner2/netcoreapp" className="AccessToDB.Tests.UsersRepositoryTests" name="TestGetUserByIdAsyncOk" />
    </UnitTest>
    <UnitTest name="AccessToDB.Tests.UsersRepositoryTests.TestCheckUserIdExistsAsyncTrue(user: User { UserID = 225, CardID = 59, UserEmail = UserEmailfe223431-d30a-4003-910f-c20e7e12d026, Password = password59305d0d-f6ca-4a93-a071-e1e6e4ac5cf2, Permissions = UNAUTHORIZED })" storage="/mnt/c/users/alena/desktop/7_sem/testing_and_debugging/skiresort/accesstodb.tests/bin/debug/net6.0/accesstodb.tests.dll" id="2084c96b-5548-cb20-3c97-e796a4775f9b">
      <Execution id="3c46b185-9942-464f-a4e7-ef610399b196" />
      <TestMethod codeBase="/mnt/c/Users/alena/Desktop/7_sem/testing_and_debugging/SkiResort/AccessToDB.Tests/bin/Debug/net6.0/AccessToDB.Tests.dll" adapterTypeName="executor://xunit/VsTestRunner2/netcoreapp" className="AccessToDB.Tests.UsersRepositoryTests" name="TestCheckUserIdExistsAsyncTrue" />
    </UnitTest>
    <UnitTest name="AccessToDB.Tests.LiftsSlopesRepositoryTests.TestDeleteLiftSlopesByIDsAsyncOk(liftSlope: LiftSlope { RecordID = 101, LiftID = 197, SlopeID = 161 })" storage="/mnt/c/users/alena/desktop/7_sem/testing_and_debugging/skiresort/accesstodb.tests/bin/debug/net6.0/accesstodb.tests.dll" id="9be85fb3-0460-5f74-f4ed-f9222d1f6df2">
      <Execution id="f0e197e5-5a5c-4582-ab3d-70b464c80e03" />
      <TestMethod codeBase="/mnt/c/Users/alena/Desktop/7_sem/testing_and_debugging/SkiResort/AccessToDB.Tests/bin/Debug/net6.0/AccessToDB.Tests.dll" adapterTypeName="executor://xunit/VsTestRunner2/netcoreapp" className="AccessToDB.Tests.LiftsSlopesRepositoryTests" name="TestDeleteLiftSlopesByIDsAsyncOk" />
    </UnitTest>
    <UnitTest name="AccessToDB.Tests.SlopesRepositoryTests.TestGetSlopesAsyncEmpty" storage="/mnt/c/users/alena/desktop/7_sem/testing_and_debugging/skiresort/accesstodb.tests/bin/debug/net6.0/accesstodb.tests.dll" id="9bbefb83-8311-6e03-307f-415e3495e223">
      <Execution id="52ac7cda-9066-4b88-9235-94d7be886a44" />
      <TestMethod codeBase="/mnt/c/Users/alena/Desktop/7_sem/testing_and_debugging/SkiResort/AccessToDB.Tests/bin/Debug/net6.0/AccessToDB.Tests.dll" adapterTypeName="executor://xunit/VsTestRunner2/netcoreapp" className="AccessToDB.Tests.SlopesRepositoryTests" name="TestGetSlopesAsyncEmpty" />
    </UnitTest>
    <UnitTest name="AccessToDB.Tests.TurnstilesRepositoryTests.TestAddTurnstileAsyncFailsWhenTurnstileIdRepeats(turnstile: Turnstile { TurnstileID = 166, LiftID = 12, IsOpen = True })" storage="/mnt/c/users/alena/desktop/7_sem/testing_and_debugging/skiresort/accesstodb.tests/bin/debug/net6.0/accesstodb.tests.dll" id="dcc3d4ee-591f-1398-30a4-bada2815a3ae">
      <Execution id="0ddc18d0-fd01-4661-b638-6da812f7b68f" />
      <TestMethod codeBase="/mnt/c/Users/alena/Desktop/7_sem/testing_and_debugging/SkiResort/AccessToDB.Tests/bin/Debug/net6.0/AccessToDB.Tests.dll" adapterTypeName="executor://xunit/VsTestRunner2/netcoreapp" className="AccessToDB.Tests.TurnstilesRepositoryTests" name="TestAddTurnstileAsyncFailsWhenTurnstileIdRepeats" />
    </UnitTest>
    <UnitTest name="AccessToDB.Tests.LiftsRepositoryTests.TestAddLiftAutoIncrementAsyncOk" storage="/mnt/c/users/alena/desktop/7_sem/testing_and_debugging/skiresort/accesstodb.tests/bin/debug/net6.0/accesstodb.tests.dll" id="ec229f70-485a-f91b-53ed-bce655f6cd58">
      <Execution id="302e0f87-0f83-4cf1-ac60-841e1482d463" />
      <TestMethod codeBase="/mnt/c/Users/alena/Desktop/7_sem/testing_and_debugging/SkiResort/AccessToDB.Tests/bin/Debug/net6.0/AccessToDB.Tests.dll" adapterTypeName="executor://xunit/VsTestRunner2/netcoreapp" className="AccessToDB.Tests.LiftsRepositoryTests" name="TestAddLiftAutoIncrementAsyncOk" />
    </UnitTest>
    <UnitTest name="AccessToDB.Tests.TurnstilesRepositoryTests.TestGetTurnstilesAsyncEmpty" storage="/mnt/c/users/alena/desktop/7_sem/testing_and_debugging/skiresort/accesstodb.tests/bin/debug/net6.0/accesstodb.tests.dll" id="3c521313-4ed6-6bce-b4f9-c359411028e7">
      <Execution id="d57867bc-7058-4e47-b38f-657c02362ea9" />
      <TestMethod codeBase="/mnt/c/Users/alena/Desktop/7_sem/testing_and_debugging/SkiResort/AccessToDB.Tests/bin/Debug/net6.0/AccessToDB.Tests.dll" adapterTypeName="executor://xunit/VsTestRunner2/netcoreapp" className="AccessToDB.Tests.TurnstilesRepositoryTests" name="TestGetTurnstilesAsyncEmpty" />
    </UnitTest>
    <UnitTest name="AccessToDB.Tests.LiftsRepositoryTests.TestGetLiftByNameAsyncFailsWhenNameNotExists(liftName: &quot;liftName5f444fb6-b24b-4ef5-821f-e71e486a2fe9&quot;)" storage="/mnt/c/users/alena/desktop/7_sem/testing_and_debugging/skiresort/accesstodb.tests/bin/debug/net6.0/accesstodb.tests.dll" id="7f0b514c-fb1e-196b-6c3b-4d0b5275ad48">
      <Execution id="6a1068a0-ab2b-4998-a282-27d4fea21f66" />
      <TestMethod codeBase="/mnt/c/Users/alena/Desktop/7_sem/testing_and_debugging/SkiResort/AccessToDB.Tests/bin/Debug/net6.0/AccessToDB.Tests.dll" adapterTypeName="executor://xunit/VsTestRunner2/netcoreapp" className="AccessToDB.Tests.LiftsRepositoryTests" name="TestGetLiftByNameAsyncFailsWhenNameNotExists" />
    </UnitTest>
    <UnitTest name="AccessToDB.Tests.TurnstilesRepositoryTests.TestGetTurnstilesByLiftIdAsyncOk(liftID: 104)" storage="/mnt/c/users/alena/desktop/7_sem/testing_and_debugging/skiresort/accesstodb.tests/bin/debug/net6.0/accesstodb.tests.dll" id="c07c7ecc-d7c4-f7ed-78f9-342e1cacea9b">
      <Execution id="5c18055a-86d7-4e32-9fa7-2b295f73ccc0" />
      <TestMethod codeBase="/mnt/c/Users/alena/Desktop/7_sem/testing_and_debugging/SkiResort/AccessToDB.Tests/bin/Debug/net6.0/AccessToDB.Tests.dll" adapterTypeName="executor://xunit/VsTestRunner2/netcoreapp" className="AccessToDB.Tests.TurnstilesRepositoryTests" name="TestGetTurnstilesByLiftIdAsyncOk" />
    </UnitTest>
    <UnitTest name="AccessToDB.Tests.UsersRepositoryTests.TestAddUserAsyncFailsWhenUserIdRepeats(user: User { UserID = 67, CardID = 41, UserEmail = UserEmailaaec4156-16d4-4616-b759-762ad6f5c6e9, Password = passworde39b90b6-8ff2-4eed-aff2-98b8a4912d77, Permissions = UNAUTHORIZED })" storage="/mnt/c/users/alena/desktop/7_sem/testing_and_debugging/skiresort/accesstodb.tests/bin/debug/net6.0/accesstodb.tests.dll" id="aae8f646-2cb5-4d93-7040-d1004b2f9611">
      <Execution id="96e72436-29cb-42b2-a0aa-0b15930a13f9" />
      <TestMethod codeBase="/mnt/c/Users/alena/Desktop/7_sem/testing_and_debugging/SkiResort/AccessToDB.Tests/bin/Debug/net6.0/AccessToDB.Tests.dll" adapterTypeName="executor://xunit/VsTestRunner2/netcoreapp" className="AccessToDB.Tests.UsersRepositoryTests" name="TestAddUserAsyncFailsWhenUserIdRepeats" />
    </UnitTest>
    <UnitTest name="AccessToDB.Tests.LiftsSlopesRepositoryTests.TestAddLiftSlopeAutoIncrementAsyncOk" storage="/mnt/c/users/alena/desktop/7_sem/testing_and_debugging/skiresort/accesstodb.tests/bin/debug/net6.0/accesstodb.tests.dll" id="30f8e924-9784-0a43-e807-094f70e06567">
      <Execution id="ae6574c3-b8f8-4f8f-822b-06c67e3624e2" />
      <TestMethod codeBase="/mnt/c/Users/alena/Desktop/7_sem/testing_and_debugging/SkiResort/AccessToDB.Tests/bin/Debug/net6.0/AccessToDB.Tests.dll" adapterTypeName="executor://xunit/VsTestRunner2/netcoreapp" className="AccessToDB.Tests.LiftsSlopesRepositoryTests" name="TestAddLiftSlopeAutoIncrementAsyncOk" />
    </UnitTest>
    <UnitTest name="AccessToDB.Tests.LiftsRepositoryTests.TestUpdateLiftByIDAsyncOk(lift: Lift { LiftID = 237, LiftName = liftName923dcae3-fd07-4716-90e1-ac3de2e17d50, IsOpen = True, SeatsAmount = 50, LiftingTime = 247, QueueTime = 98, ConnectedSlopes =  })" storage="/mnt/c/users/alena/desktop/7_sem/testing_and_debugging/skiresort/accesstodb.tests/bin/debug/net6.0/accesstodb.tests.dll" id="b4bed128-f646-092b-db96-48f041229e18">
      <Execution id="17a09227-0fe3-4937-a71e-4e188ca3abc3" />
      <TestMethod codeBase="/mnt/c/Users/alena/Desktop/7_sem/testing_and_debugging/SkiResort/AccessToDB.Tests/bin/Debug/net6.0/AccessToDB.Tests.dll" adapterTypeName="executor://xunit/VsTestRunner2/netcoreapp" className="AccessToDB.Tests.LiftsRepositoryTests" name="TestUpdateLiftByIDAsyncOk" />
    </UnitTest>
    <UnitTest name="AccessToDB.Tests.UsersRepositoryTests.TestCheckUserEmailExistsAsyncFalse(userEmail: &quot;userEmailc062eb03-ec11-4e93-a420-98fc8bfbdc78&quot;)" storage="/mnt/c/users/alena/desktop/7_sem/testing_and_debugging/skiresort/accesstodb.tests/bin/debug/net6.0/accesstodb.tests.dll" id="f1654fed-ffac-fbaa-6bd8-cbbcb14bb9b8">
      <Execution id="66ba5a75-e474-4d3e-a509-c663cfab8fc6" />
      <TestMethod codeBase="/mnt/c/Users/alena/Desktop/7_sem/testing_and_debugging/SkiResort/AccessToDB.Tests/bin/Debug/net6.0/AccessToDB.Tests.dll" adapterTypeName="executor://xunit/VsTestRunner2/netcoreapp" className="AccessToDB.Tests.UsersRepositoryTests" name="TestCheckUserEmailExistsAsyncFalse" />
    </UnitTest>
    <UnitTest name="AccessToDB.Tests.LiftsSlopesRepositoryTests.TestGetLiftSlopeByIdAsyncOk(liftSlope: LiftSlope { RecordID = 198, LiftID = 205, SlopeID = 29 })" storage="/mnt/c/users/alena/desktop/7_sem/testing_and_debugging/skiresort/accesstodb.tests/bin/debug/net6.0/accesstodb.tests.dll" id="b17fa2e6-6abb-1c43-4c86-3528f49f44f2">
      <Execution id="7f316b2e-ff91-41c1-8909-e757d5b30ec8" />
      <TestMethod codeBase="/mnt/c/Users/alena/Desktop/7_sem/testing_and_debugging/SkiResort/AccessToDB.Tests/bin/Debug/net6.0/AccessToDB.Tests.dll" adapterTypeName="executor://xunit/VsTestRunner2/netcoreapp" className="AccessToDB.Tests.LiftsSlopesRepositoryTests" name="TestGetLiftSlopeByIdAsyncOk" />
    </UnitTest>
    <UnitTest name="AccessToDB.Tests.LiftsSlopesRepositoryTests.TestGetSlopesByLiftIdAsyncFailsWhenSlopeNotExists(liftSlope: LiftSlope { RecordID = 211, LiftID = 240, SlopeID = 5 })" storage="/mnt/c/users/alena/desktop/7_sem/testing_and_debugging/skiresort/accesstodb.tests/bin/debug/net6.0/accesstodb.tests.dll" id="feafedc8-02a9-5f95-45e7-10e56a4276a0">
      <Execution id="3fb95283-2400-4ef0-ad5d-89024235d405" />
      <TestMethod codeBase="/mnt/c/Users/alena/Desktop/7_sem/testing_and_debugging/SkiResort/AccessToDB.Tests/bin/Debug/net6.0/AccessToDB.Tests.dll" adapterTypeName="executor://xunit/VsTestRunner2/netcoreapp" className="AccessToDB.Tests.LiftsSlopesRepositoryTests" name="TestGetSlopesByLiftIdAsyncFailsWhenSlopeNotExists" />
    </UnitTest>
    <UnitTest name="AccessToDB.Tests.TurnstilesRepositoryTests.TestUpdateTurnstileByIDAsyncOk(turnstile: Turnstile { TurnstileID = 217, LiftID = 148, IsOpen = True })" storage="/mnt/c/users/alena/desktop/7_sem/testing_and_debugging/skiresort/accesstodb.tests/bin/debug/net6.0/accesstodb.tests.dll" id="d7a7101b-78c3-2531-290b-c5955ab940af">
      <Execution id="abafa108-4cdf-4937-91ad-b8eafe7aa8f0" />
      <TestMethod codeBase="/mnt/c/Users/alena/Desktop/7_sem/testing_and_debugging/SkiResort/AccessToDB.Tests/bin/Debug/net6.0/AccessToDB.Tests.dll" adapterTypeName="executor://xunit/VsTestRunner2/netcoreapp" className="AccessToDB.Tests.TurnstilesRepositoryTests" name="TestUpdateTurnstileByIDAsyncOk" />
    </UnitTest>
    <UnitTest name="AccessToDB.Tests.UsersRepositoryTests.TestAddUserAutoIncrementAsyncOk" storage="/mnt/c/users/alena/desktop/7_sem/testing_and_debugging/skiresort/accesstodb.tests/bin/debug/net6.0/accesstodb.tests.dll" id="e75bb6e2-88d9-af2a-a444-c4a9d67f0f0e">
      <Execution id="f83a6b20-ea94-4443-a3bc-17a6575d615f" />
      <TestMethod codeBase="/mnt/c/Users/alena/Desktop/7_sem/testing_and_debugging/SkiResort/AccessToDB.Tests/bin/Debug/net6.0/AccessToDB.Tests.dll" adapterTypeName="executor://xunit/VsTestRunner2/netcoreapp" className="AccessToDB.Tests.UsersRepositoryTests" name="TestAddUserAutoIncrementAsyncOk" />
    </UnitTest>
    <UnitTest name="AccessToDB.Tests.SlopesRepositoryTests.TestGetSlopeByNameAsyncFailsWhenNameNotExists(slopeName: &quot;slopeNamed0b02cfe-6f3c-43f3-ae19-ff6400b3f038&quot;)" storage="/mnt/c/users/alena/desktop/7_sem/testing_and_debugging/skiresort/accesstodb.tests/bin/debug/net6.0/accesstodb.tests.dll" id="23bc35a1-ddbc-4365-2528-36633afd7fcc">
      <Execution id="030c9692-acd1-480b-a3ac-1fdd98fc1520" />
      <TestMethod codeBase="/mnt/c/Users/alena/Desktop/7_sem/testing_and_debugging/SkiResort/AccessToDB.Tests/bin/Debug/net6.0/AccessToDB.Tests.dll" adapterTypeName="executor://xunit/VsTestRunner2/netcoreapp" className="AccessToDB.Tests.SlopesRepositoryTests" name="TestGetSlopeByNameAsyncFailsWhenNameNotExists" />
    </UnitTest>
    <UnitTest name="AccessToDB.Tests.SlopesRepositoryTests.TestAddSlopeAutoIncrementAsyncOk" storage="/mnt/c/users/alena/desktop/7_sem/testing_and_debugging/skiresort/accesstodb.tests/bin/debug/net6.0/accesstodb.tests.dll" id="8f7ba917-f771-0dc5-f9b9-465c34344b12">
      <Execution id="1a98fbfc-cef4-45ec-993f-508653b6dff3" />
      <TestMethod codeBase="/mnt/c/Users/alena/Desktop/7_sem/testing_and_debugging/SkiResort/AccessToDB.Tests/bin/Debug/net6.0/AccessToDB.Tests.dll" adapterTypeName="executor://xunit/VsTestRunner2/netcoreapp" className="AccessToDB.Tests.SlopesRepositoryTests" name="TestAddSlopeAutoIncrementAsyncOk" />
    </UnitTest>
    <UnitTest name="AccessToDB.Tests.LiftsRepositoryTests.TestGetLiftByIdAsyncOk(lift: Lift { LiftID = 153, LiftName = liftNameb2b34139-3980-46c6-b4eb-c0f15925bcdb, IsOpen = True, SeatsAmount = 58, LiftingTime = 200, QueueTime = 191, ConnectedSlopes =  })" storage="/mnt/c/users/alena/desktop/7_sem/testing_and_debugging/skiresort/accesstodb.tests/bin/debug/net6.0/accesstodb.tests.dll" id="0e4b184a-0dd6-85b9-e565-b01e9e1b6837">
      <Execution id="aeb51a64-1a30-4614-858e-32fa342fa232" />
      <TestMethod codeBase="/mnt/c/Users/alena/Desktop/7_sem/testing_and_debugging/SkiResort/AccessToDB.Tests/bin/Debug/net6.0/AccessToDB.Tests.dll" adapterTypeName="executor://xunit/VsTestRunner2/netcoreapp" className="AccessToDB.Tests.LiftsRepositoryTests" name="TestGetLiftByIdAsyncOk" />
    </UnitTest>
    <UnitTest name="AccessToDB.Tests.UsersRepositoryTests.TestDeleteUserByIDAsyncFailsWhenIDNotExists(userID: 88)" storage="/mnt/c/users/alena/desktop/7_sem/testing_and_debugging/skiresort/accesstodb.tests/bin/debug/net6.0/accesstodb.tests.dll" id="1308acb9-3100-09a8-ebbe-1cc9d66aa703">
      <Execution id="99614504-cf06-4f66-b6fd-26d886d9fe87" />
      <TestMethod codeBase="/mnt/c/Users/alena/Desktop/7_sem/testing_and_debugging/SkiResort/AccessToDB.Tests/bin/Debug/net6.0/AccessToDB.Tests.dll" adapterTypeName="executor://xunit/VsTestRunner2/netcoreapp" className="AccessToDB.Tests.UsersRepositoryTests" name="TestDeleteUserByIDAsyncFailsWhenIDNotExists" />
    </UnitTest>
    <UnitTest name="AccessToDB.Tests.UsersRepositoryTests.TestUpdateUserByIDAsyncOk(user: User { UserID = 151, CardID = 167, UserEmail = UserEmail3db7a09e-4be5-4443-b263-f7827cb1efdd, Password = password64830efa-13e6-4f68-8454-078c0223131d, Permissions = UNAUTHORIZED })" storage="/mnt/c/users/alena/desktop/7_sem/testing_and_debugging/skiresort/accesstodb.tests/bin/debug/net6.0/accesstodb.tests.dll" id="3b0b5da3-00dd-d82b-6a2b-8aced256b7ba">
      <Execution id="465acffc-cf9a-4572-9cfd-69fb230922ea" />
      <TestMethod codeBase="/mnt/c/Users/alena/Desktop/7_sem/testing_and_debugging/SkiResort/AccessToDB.Tests/bin/Debug/net6.0/AccessToDB.Tests.dll" adapterTypeName="executor://xunit/VsTestRunner2/netcoreapp" className="AccessToDB.Tests.UsersRepositoryTests" name="TestUpdateUserByIDAsyncOk" />
    </UnitTest>
    <UnitTest name="AccessToDB.Tests.LiftsRepositoryTests.TestGetLiftsAsyncEmpty" storage="/mnt/c/users/alena/desktop/7_sem/testing_and_debugging/skiresort/accesstodb.tests/bin/debug/net6.0/accesstodb.tests.dll" id="607e8298-f113-be33-300e-15a343893443">
      <Execution id="4570e3cf-4abe-44e6-8ae3-52cef75c9a8a" />
      <TestMethod codeBase="/mnt/c/Users/alena/Desktop/7_sem/testing_and_debugging/SkiResort/AccessToDB.Tests/bin/Debug/net6.0/AccessToDB.Tests.dll" adapterTypeName="executor://xunit/VsTestRunner2/netcoreapp" className="AccessToDB.Tests.LiftsRepositoryTests" name="TestGetLiftsAsyncEmpty" />
    </UnitTest>
    <UnitTest name="AccessToDB.Tests.TurnstilesRepositoryTests.TestDeleteTurnstileByIDAsyncFailsWhenIDNotExists(turnstileID: 235)" storage="/mnt/c/users/alena/desktop/7_sem/testing_and_debugging/skiresort/accesstodb.tests/bin/debug/net6.0/accesstodb.tests.dll" id="c5782f7f-a310-b277-ff5f-0e73b0b515a6">
      <Execution id="03f2505d-71f1-4bba-a2fb-279a97ea4190" />
      <TestMethod codeBase="/mnt/c/Users/alena/Desktop/7_sem/testing_and_debugging/SkiResort/AccessToDB.Tests/bin/Debug/net6.0/AccessToDB.Tests.dll" adapterTypeName="executor://xunit/VsTestRunner2/netcoreapp" className="AccessToDB.Tests.TurnstilesRepositoryTests" name="TestDeleteTurnstileByIDAsyncFailsWhenIDNotExists" />
    </UnitTest>
    <UnitTest name="AccessToDB.Tests.LiftsRepositoryTests.TestDeleteLiftByIDAsyncFailsWhenIDNotExists(liftID: 128)" storage="/mnt/c/users/alena/desktop/7_sem/testing_and_debugging/skiresort/accesstodb.tests/bin/debug/net6.0/accesstodb.tests.dll" id="35152075-345b-6c9f-bedc-8ba3ec680e75">
      <Execution id="d5345834-8939-4e53-9e84-4f1397ce3102" />
      <TestMethod codeBase="/mnt/c/Users/alena/Desktop/7_sem/testing_and_debugging/SkiResort/AccessToDB.Tests/bin/Debug/net6.0/AccessToDB.Tests.dll" adapterTypeName="executor://xunit/VsTestRunner2/netcoreapp" className="AccessToDB.Tests.LiftsRepositoryTests" name="TestDeleteLiftByIDAsyncFailsWhenIDNotExists" />
    </UnitTest>
    <UnitTest name="AccessToDB.Tests.SlopesRepositoryTests.TestDeleteSlopeByIDAsyncFailsWhenIDNotExists(slopeID: 130)" storage="/mnt/c/users/alena/desktop/7_sem/testing_and_debugging/skiresort/accesstodb.tests/bin/debug/net6.0/accesstodb.tests.dll" id="9a0143c5-d659-6546-572c-7a658d600950">
      <Execution id="1e44edbd-a62c-4a5d-acee-e7d56f0ae90e" />
      <TestMethod codeBase="/mnt/c/Users/alena/Desktop/7_sem/testing_and_debugging/SkiResort/AccessToDB.Tests/bin/Debug/net6.0/AccessToDB.Tests.dll" adapterTypeName="executor://xunit/VsTestRunner2/netcoreapp" className="AccessToDB.Tests.SlopesRepositoryTests" name="TestDeleteSlopeByIDAsyncFailsWhenIDNotExists" />
    </UnitTest>
  </TestDefinitions>
  <TestEntries>
    <TestEntry testId="3c521313-4ed6-6bce-b4f9-c359411028e7" executionId="d57867bc-7058-4e47-b38f-657c02362ea9" testListId="8c84fa94-04c1-424b-9868-57a2d4851a1d" />
    <TestEntry testId="9d2209fc-651a-56ea-60e0-06e45da29386" executionId="2a4d50f2-fc5e-4ed7-b7ec-f5cf162ef1e4" testListId="8c84fa94-04c1-424b-9868-57a2d4851a1d" />
    <TestEntry testId="3b0b5da3-00dd-d82b-6a2b-8aced256b7ba" executionId="465acffc-cf9a-4572-9cfd-69fb230922ea" testListId="8c84fa94-04c1-424b-9868-57a2d4851a1d" />
    <TestEntry testId="f1654fed-ffac-fbaa-6bd8-cbbcb14bb9b8" executionId="66ba5a75-e474-4d3e-a509-c663cfab8fc6" testListId="8c84fa94-04c1-424b-9868-57a2d4851a1d" />
    <TestEntry testId="607e8298-f113-be33-300e-15a343893443" executionId="4570e3cf-4abe-44e6-8ae3-52cef75c9a8a" testListId="8c84fa94-04c1-424b-9868-57a2d4851a1d" />
    <TestEntry testId="5b32179c-26a5-5145-e428-01434382810f" executionId="ef1b5bb9-c07c-4cb0-a952-d47e9c648d4c" testListId="8c84fa94-04c1-424b-9868-57a2d4851a1d" />
    <TestEntry testId="264d4ab5-0a69-a508-08fd-45a5dd43ba04" executionId="b1fdc1b6-2c8d-49f0-8218-3a5e7b0c4943" testListId="8c84fa94-04c1-424b-9868-57a2d4851a1d" />
    <TestEntry testId="2664ab46-b5fc-8393-91b0-fb364bd40a0f" executionId="d02e310f-6069-406e-b411-83a88e121dc2" testListId="8c84fa94-04c1-424b-9868-57a2d4851a1d" />
    <TestEntry testId="23bc35a1-ddbc-4365-2528-36633afd7fcc" executionId="030c9692-acd1-480b-a3ac-1fdd98fc1520" testListId="8c84fa94-04c1-424b-9868-57a2d4851a1d" />
    <TestEntry testId="2084c96b-5548-cb20-3c97-e796a4775f9b" executionId="3c46b185-9942-464f-a4e7-ef610399b196" testListId="8c84fa94-04c1-424b-9868-57a2d4851a1d" />
    <TestEntry testId="bd594833-e58a-4671-6799-502baa5bd86d" executionId="3f40682b-09f4-42eb-a3dd-17777c9c88e4" testListId="8c84fa94-04c1-424b-9868-57a2d4851a1d" />
    <TestEntry testId="35152075-345b-6c9f-bedc-8ba3ec680e75" executionId="d5345834-8939-4e53-9e84-4f1397ce3102" testListId="8c84fa94-04c1-424b-9868-57a2d4851a1d" />
    <TestEntry testId="b4bed128-f646-092b-db96-48f041229e18" executionId="17a09227-0fe3-4937-a71e-4e188ca3abc3" testListId="8c84fa94-04c1-424b-9868-57a2d4851a1d" />
    <TestEntry testId="c07c7ecc-d7c4-f7ed-78f9-342e1cacea9b" executionId="5c18055a-86d7-4e32-9fa7-2b295f73ccc0" testListId="8c84fa94-04c1-424b-9868-57a2d4851a1d" />
    <TestEntry testId="d7a7101b-78c3-2531-290b-c5955ab940af" executionId="abafa108-4cdf-4937-91ad-b8eafe7aa8f0" testListId="8c84fa94-04c1-424b-9868-57a2d4851a1d" />
    <TestEntry testId="327e83a2-2fda-ac8d-3e38-6ac635736fff" executionId="e1dbc257-f678-4443-8349-b24ef5962909" testListId="8c84fa94-04c1-424b-9868-57a2d4851a1d" />
    <TestEntry testId="b17fa2e6-6abb-1c43-4c86-3528f49f44f2" executionId="7f316b2e-ff91-41c1-8909-e757d5b30ec8" testListId="8c84fa94-04c1-424b-9868-57a2d4851a1d" />
    <TestEntry testId="9be85fb3-0460-5f74-f4ed-f9222d1f6df2" executionId="f0e197e5-5a5c-4582-ab3d-70b464c80e03" testListId="8c84fa94-04c1-424b-9868-57a2d4851a1d" />
    <TestEntry testId="3741b26d-6ee0-6246-29e4-92009bff37b0" executionId="deec561f-c59b-433d-83f2-b3f44b104a0a" testListId="8c84fa94-04c1-424b-9868-57a2d4851a1d" />
    <TestEntry testId="8963844e-400e-8e51-7d1a-e962777aac34" executionId="fc996876-46ac-42ff-8a83-bd0fc216d32d" testListId="8c84fa94-04c1-424b-9868-57a2d4851a1d" />
    <TestEntry testId="f9435956-2e34-e52b-c34e-dce53665cf8e" executionId="d0c663d0-e8ff-4e42-adef-6a3fafdcf898" testListId="8c84fa94-04c1-424b-9868-57a2d4851a1d" />
    <TestEntry testId="c5782f7f-a310-b277-ff5f-0e73b0b515a6" executionId="03f2505d-71f1-4bba-a2fb-279a97ea4190" testListId="8c84fa94-04c1-424b-9868-57a2d4851a1d" />
    <TestEntry testId="b6445e05-c0cf-fc71-d2d1-c8f11a280eae" executionId="162f765b-871c-4c2d-bd4c-de5a4b5594d0" testListId="8c84fa94-04c1-424b-9868-57a2d4851a1d" />
    <TestEntry testId="229acec7-b071-6370-0008-c2621ba01468" executionId="5f1224b7-2c94-45f5-b033-2e149f360837" testListId="8c84fa94-04c1-424b-9868-57a2d4851a1d" />
    <TestEntry testId="9bbefb83-8311-6e03-307f-415e3495e223" executionId="52ac7cda-9066-4b88-9235-94d7be886a44" testListId="8c84fa94-04c1-424b-9868-57a2d4851a1d" />
    <TestEntry testId="1308acb9-3100-09a8-ebbe-1cc9d66aa703" executionId="99614504-cf06-4f66-b6fd-26d886d9fe87" testListId="8c84fa94-04c1-424b-9868-57a2d4851a1d" />
    <TestEntry testId="9a0143c5-d659-6546-572c-7a658d600950" executionId="1e44edbd-a62c-4a5d-acee-e7d56f0ae90e" testListId="8c84fa94-04c1-424b-9868-57a2d4851a1d" />
    <TestEntry testId="4145f44e-b4b1-a618-09e8-c631496e6f1a" executionId="4519ddfe-0b04-41b6-b4fd-2be1b9ebb218" testListId="8c84fa94-04c1-424b-9868-57a2d4851a1d" />
    <TestEntry testId="0e4b184a-0dd6-85b9-e565-b01e9e1b6837" executionId="aeb51a64-1a30-4614-858e-32fa342fa232" testListId="8c84fa94-04c1-424b-9868-57a2d4851a1d" />
    <TestEntry testId="ec229f70-485a-f91b-53ed-bce655f6cd58" executionId="302e0f87-0f83-4cf1-ac60-841e1482d463" testListId="8c84fa94-04c1-424b-9868-57a2d4851a1d" />
    <TestEntry testId="7f01c403-63e0-6183-bc21-e59a4ab263d4" executionId="69e4a152-a133-49be-9808-4d1a30b31970" testListId="8c84fa94-04c1-424b-9868-57a2d4851a1d" />
    <TestEntry testId="feafedc8-02a9-5f95-45e7-10e56a4276a0" executionId="3fb95283-2400-4ef0-ad5d-89024235d405" testListId="8c84fa94-04c1-424b-9868-57a2d4851a1d" />
    <TestEntry testId="dcc3d4ee-591f-1398-30a4-bada2815a3ae" executionId="0ddc18d0-fd01-4661-b638-6da812f7b68f" testListId="8c84fa94-04c1-424b-9868-57a2d4851a1d" />
    <TestEntry testId="8f7ba917-f771-0dc5-f9b9-465c34344b12" executionId="1a98fbfc-cef4-45ec-993f-508653b6dff3" testListId="8c84fa94-04c1-424b-9868-57a2d4851a1d" />
    <TestEntry testId="a590c962-c2e4-806d-218b-7d2115424d7e" executionId="1616ad4a-86a2-442f-94c8-053ae3a6b90e" testListId="8c84fa94-04c1-424b-9868-57a2d4851a1d" />
    <TestEntry testId="e75bb6e2-88d9-af2a-a444-c4a9d67f0f0e" executionId="f83a6b20-ea94-4443-a3bc-17a6575d615f" testListId="8c84fa94-04c1-424b-9868-57a2d4851a1d" />
    <TestEntry testId="30f8e924-9784-0a43-e807-094f70e06567" executionId="ae6574c3-b8f8-4f8f-822b-06c67e3624e2" testListId="8c84fa94-04c1-424b-9868-57a2d4851a1d" />
    <TestEntry testId="7f0b514c-fb1e-196b-6c3b-4d0b5275ad48" executionId="6a1068a0-ab2b-4998-a282-27d4fea21f66" testListId="8c84fa94-04c1-424b-9868-57a2d4851a1d" />
    <TestEntry testId="aae8f646-2cb5-4d93-7040-d1004b2f9611" executionId="96e72436-29cb-42b2-a0aa-0b15930a13f9" testListId="8c84fa94-04c1-424b-9868-57a2d4851a1d" />
  </TestEntries>
  <TestLists>
    <TestList name="Results Not in a List" id="8c84fa94-04c1-424b-9868-57a2d4851a1d" />
    <TestList name="All Loaded Results" id="19431567-8539-422a-85d7-44ee4e166bda" />
  </TestLists>
  <ResultSummary outcome="Completed">
    <Counters total="39" executed="39" passed="39" failed="0" error="0" timeout="0" aborted="0" inconclusive="0" passedButRunAborted="0" notRunnable="0" notExecuted="0" disconnected="0" warning="0" completed="0" inProgress="0" pending="0" />
    <Output>
      <StdOut>[xUnit.net 00:00:00.00] xUnit.net VSTest Adapter v2.4.5+1caef2f33e (64-bit .NET 6.0.10)
[xUnit.net 00:00:01.13]   Discovering: AccessToDB.Tests
[xUnit.net 00:00:01.25]   Discovered:  AccessToDB.Tests
[xUnit.net 00:00:01.26]   Starting:    AccessToDB.Tests
[xUnit.net 00:00:17.06]   Finished:    AccessToDB.Tests
</StdOut>
    </Output>
  </ResultSummary>
</TestRun>