<?xml version="1.0" encoding="utf-8"?>
<TestRun id="1063cf6d-b574-40a8-b55b-510d06240265" name="@DESKTOP-TJ9D65N 2022-11-03 14:04:57" xmlns="http://microsoft.com/schemas/VisualStudio/TeamTest/2010">
  <Times creation="2022-11-03T14:04:57.0902326+03:00" queuing="2022-11-03T14:04:57.0902327+03:00" start="2022-11-03T14:04:53.1767412+03:00" finish="2022-11-03T14:05:11.9014676+03:00" />
  <TestSettings name="default" id="aa62bf38-7256-4ec0-93a1-9b67396555d5">
    <Deployment runDeploymentRoot="_DESKTOP-TJ9D65N_2022-11-03_14_04_57" />
  </TestSettings>
  <Results>
    <UnitTestResult executionId="4d8fa99e-c847-4304-a820-5f3c80ac2b55" testId="8f7ba917-f771-0dc5-f9b9-465c34344b12" testName="AccessToDB.Tests.SlopesRepositoryTests.TestAddSlopeAutoIncrementAsyncOk" computerName="DESKTOP-TJ9D65N" duration="00:00:00.3946609" startTime="2022-11-03T14:05:07.1591895+03:00" endTime="2022-11-03T14:05:07.1591897+03:00" testType="13cdc9d9-ddb5-4fa4-a97d-d965ccfc6d4b" outcome="Passed" testListId="8c84fa94-04c1-424b-9868-57a2d4851a1d" relativeResultsDirectory="4d8fa99e-c847-4304-a820-5f3c80ac2b55" />
    <UnitTestResult executionId="3088c453-5928-4aec-976f-2a173074a4df" testId="b3c5e1d3-a9d6-dbf8-f2ca-3397029a3a3c" testName="AccessToDB.Tests.LiftsRepositoryTests.TestUpdateLiftByIDAsyncOk(lift: Lift { LiftID = 221, LiftName = liftNameec982fe5-b887-4327-a0b8-2ce91d085c3d, IsOpen = True, SeatsAmount = 118, LiftingTime = 197, QueueTime = 83, ConnectedSlopes =  })" computerName="DESKTOP-TJ9D65N" duration="00:00:00.3981185" startTime="2022-11-03T14:05:11.6913050+03:00" endTime="2022-11-03T14:05:11.6913051+03:00" testType="13cdc9d9-ddb5-4fa4-a97d-d965ccfc6d4b" outcome="Passed" testListId="8c84fa94-04c1-424b-9868-57a2d4851a1d" relativeResultsDirectory="3088c453-5928-4aec-976f-2a173074a4df" />
    <UnitTestResult executionId="41ad7f6d-fab9-4b2d-9d0d-7cf667d05864" testId="ec229f70-485a-f91b-53ed-bce655f6cd58" testName="AccessToDB.Tests.LiftsRepositoryTests.TestAddLiftAutoIncrementAsyncOk" computerName="DESKTOP-TJ9D65N" duration="00:00:00.4346697" startTime="2022-11-03T14:05:09.2658911+03:00" endTime="2022-11-03T14:05:09.2658913+03:00" testType="13cdc9d9-ddb5-4fa4-a97d-d965ccfc6d4b" outcome="Passed" testListId="8c84fa94-04c1-424b-9868-57a2d4851a1d" relativeResultsDirectory="41ad7f6d-fab9-4b2d-9d0d-7cf667d05864" />
    <UnitTestResult executionId="9ba5a4e6-4e47-4d09-a280-afffc41be8fc" testId="3c521313-4ed6-6bce-b4f9-c359411028e7" testName="AccessToDB.Tests.TurnstilesRepositoryTests.TestGetTurnstilesAsyncEmpty" computerName="DESKTOP-TJ9D65N" duration="00:00:00.3701408" startTime="2022-11-03T14:04:56.9611253+03:00" endTime="2022-11-03T14:04:56.9611254+03:00" testType="13cdc9d9-ddb5-4fa4-a97d-d965ccfc6d4b" outcome="Passed" testListId="8c84fa94-04c1-424b-9868-57a2d4851a1d" relativeResultsDirectory="9ba5a4e6-4e47-4d09-a280-afffc41be8fc" />
    <UnitTestResult executionId="7ff45cd4-3c00-4954-9f33-72c01a2a74ca" testId="f9435956-2e34-e52b-c34e-dce53665cf8e" testName="AccessToDB.Tests.TurnstilesRepositoryTests.TestAddTurnstileAutoIncrementAsyncOk" computerName="DESKTOP-TJ9D65N" duration="00:00:00.4145640" startTime="2022-11-03T14:04:57.8146611+03:00" endTime="2022-11-03T14:04:57.8146615+03:00" testType="13cdc9d9-ddb5-4fa4-a97d-d965ccfc6d4b" outcome="Passed" testListId="8c84fa94-04c1-424b-9868-57a2d4851a1d" relativeResultsDirectory="7ff45cd4-3c00-4954-9f33-72c01a2a74ca" />
    <UnitTestResult executionId="2c8b1297-479d-4083-a1ad-3852d959b732" testId="a1357789-1887-8739-bf1e-2a1ecdfaa68d" testName="AccessToDB.Tests.LiftsSlopesRepositoryTests.TestDeleteLiftSlopesByIDsAsyncOk(liftSlope: LiftSlope { RecordID = 28, LiftID = 10, SlopeID = 14 })" computerName="DESKTOP-TJ9D65N" duration="00:00:00.3974936" startTime="2022-11-03T14:05:00.3649047+03:00" endTime="2022-11-03T14:05:00.3649048+03:00" testType="13cdc9d9-ddb5-4fa4-a97d-d965ccfc6d4b" outcome="Passed" testListId="8c84fa94-04c1-424b-9868-57a2d4851a1d" relativeResultsDirectory="2c8b1297-479d-4083-a1ad-3852d959b732" />
    <UnitTestResult executionId="8e8d204d-0775-4dde-a8c2-f4adfdc34ce6" testId="c20a6655-3bcc-9318-ec30-34f6205d167e" testName="AccessToDB.Tests.UsersRepositoryTests.TestGetUserByEmailAsyncFailsWhenEmailNotExists(email: &quot;email9b598a08-d1f8-4ed5-91b8-27386ae01394&quot;)" computerName="DESKTOP-TJ9D65N" duration="00:00:00.3623265" startTime="2022-11-03T14:05:05.5716998+03:00" endTime="2022-11-03T14:05:05.5716999+03:00" testType="13cdc9d9-ddb5-4fa4-a97d-d965ccfc6d4b" outcome="Passed" testListId="8c84fa94-04c1-424b-9868-57a2d4851a1d" relativeResultsDirectory="8e8d204d-0775-4dde-a8c2-f4adfdc34ce6" />
    <UnitTestResult executionId="75c270bb-b4ef-40a2-b7cb-65288dc847cf" testId="7d826a16-d330-d0a7-581f-34ac95834104" testName="AccessToDB.Tests.LiftsSlopesRepositoryTests.TestDeleteLiftSlopeByIDAsyncFailsWhenIDNotExists(liftSlopeID: 91)" computerName="DESKTOP-TJ9D65N" duration="00:00:00.3600995" startTime="2022-11-03T14:05:01.1478009+03:00" endTime="2022-11-03T14:05:01.1478011+03:00" testType="13cdc9d9-ddb5-4fa4-a97d-d965ccfc6d4b" outcome="Passed" testListId="8c84fa94-04c1-424b-9868-57a2d4851a1d" relativeResultsDirectory="75c270bb-b4ef-40a2-b7cb-65288dc847cf" />
    <UnitTestResult executionId="eba8620f-6799-4f4a-9796-40389ca949fa" testId="2d910bc5-91ef-a246-406d-612720c4597a" testName="AccessToDB.Tests.SlopesRepositoryTests.TestDeleteSlopeByIDAsyncFailsWhenIDNotExists(slopeID: 106)" computerName="DESKTOP-TJ9D65N" duration="00:00:00.3612478" startTime="2022-11-03T14:05:06.3659936+03:00" endTime="2022-11-03T14:05:06.3659937+03:00" testType="13cdc9d9-ddb5-4fa4-a97d-d965ccfc6d4b" outcome="Passed" testListId="8c84fa94-04c1-424b-9868-57a2d4851a1d" relativeResultsDirectory="eba8620f-6799-4f4a-9796-40389ca949fa" />
    <UnitTestResult executionId="4358f92a-5a73-4ca4-b0a4-f3c1acf73330" testId="b0a98327-ff01-287b-ff42-e36c5ae34b2d" testName="AccessToDB.Tests.SlopesRepositoryTests.TestGetSlopeByNameAsyncFailsWhenNameNotExists(slopeName: &quot;slopeNameedd86977-d372-4352-bf77-98cb3bcd0b8a&quot;)" computerName="DESKTOP-TJ9D65N" duration="00:00:00.3636708" startTime="2022-11-03T14:05:06.7441539+03:00" endTime="2022-11-03T14:05:06.7441542+03:00" testType="13cdc9d9-ddb5-4fa4-a97d-d965ccfc6d4b" outcome="Passed" testListId="8c84fa94-04c1-424b-9868-57a2d4851a1d" relativeResultsDirectory="4358f92a-5a73-4ca4-b0a4-f3c1acf73330" />
    <UnitTestResult executionId="6176577e-6f12-416d-bc95-1d1776fa80aa" testId="276adc0f-7a20-14ed-5d0d-e87a9989adb7" testName="AccessToDB.Tests.LiftsSlopesRepositoryTests.TestGetLiftSlopeByIdAsyncOk(liftSlope: LiftSlope { RecordID = 63, LiftID = 198, SlopeID = 169 })" computerName="DESKTOP-TJ9D65N" duration="00:00:00.3809241" startTime="2022-11-03T14:04:59.0539848+03:00" endTime="2022-11-03T14:04:59.0539849+03:00" testType="13cdc9d9-ddb5-4fa4-a97d-d965ccfc6d4b" outcome="Passed" testListId="8c84fa94-04c1-424b-9868-57a2d4851a1d" relativeResultsDirectory="6176577e-6f12-416d-bc95-1d1776fa80aa" />
    <UnitTestResult executionId="f24cc01f-da25-40bd-9767-4a264e06c34b" testId="b3449203-ad6f-ede5-eb4a-206216a21ef4" testName="AccessToDB.Tests.SlopesRepositoryTests.TestGetSlopeByIdAsyncOk(slope: Slope { SlopeID = 211, SlopeName = slopeName8460e482-9791-4a4a-9186-0709cbb11c17, IsOpen = True, DifficultyLevel = 210, ConnectedLifts =  })" computerName="DESKTOP-TJ9D65N" duration="00:00:00.3892757" startTime="2022-11-03T14:05:07.9870549+03:00" endTime="2022-11-03T14:05:07.9870553+03:00" testType="13cdc9d9-ddb5-4fa4-a97d-d965ccfc6d4b" outcome="Passed" testListId="8c84fa94-04c1-424b-9868-57a2d4851a1d" relativeResultsDirectory="f24cc01f-da25-40bd-9767-4a264e06c34b" />
    <UnitTestResult executionId="9fb85bda-27fe-4f95-9177-8d694947610a" testId="ac1ba86a-131b-1058-1dcd-aceebb8b2308" testName="AccessToDB.Tests.LiftsSlopesRepositoryTests.TestGetSlopesByLiftIdAsyncFailsWhenSlopeNotExists(liftSlope: LiftSlope { RecordID = 203, LiftID = 250, SlopeID = 58 })" computerName="DESKTOP-TJ9D65N" duration="00:00:00.4007711" startTime="2022-11-03T14:05:01.5672763+03:00" endTime="2022-11-03T14:05:01.5672765+03:00" testType="13cdc9d9-ddb5-4fa4-a97d-d965ccfc6d4b" outcome="Passed" testListId="8c84fa94-04c1-424b-9868-57a2d4851a1d" relativeResultsDirectory="9fb85bda-27fe-4f95-9177-8d694947610a" />
    <UnitTestResult executionId="f51ffec0-353e-46d7-bbb6-dc5df60c9c62" testId="ba2bd7f3-14b8-a641-a4be-f44c9d6e21d3" testName="AccessToDB.Tests.UsersRepositoryTests.TestCheckUserIdExistsAsyncTrue(user: User { UserID = 16, CardID = 40, UserEmail = UserEmail85a48ab7-3d69-40de-968c-0fafb0cae984, Password = password61fe2ac7-f409-49fc-b821-da26522a4dae, Permissions = UNAUTHORIZED })" computerName="DESKTOP-TJ9D65N" duration="00:00:00.3854302" startTime="2022-11-03T14:05:04.4328952+03:00" endTime="2022-11-03T14:05:04.4328954+03:00" testType="13cdc9d9-ddb5-4fa4-a97d-d965ccfc6d4b" outcome="Passed" testListId="8c84fa94-04c1-424b-9868-57a2d4851a1d" relativeResultsDirectory="f51ffec0-353e-46d7-bbb6-dc5df60c9c62" />
    <UnitTestResult executionId="f051f1b9-e57b-436d-a50c-579e37f18ee8" testId="6df8f418-5218-7dd3-8524-cc72e17e47bc" testName="AccessToDB.Tests.TurnstilesRepositoryTests.TestDeleteTurnstileByIDAsyncFailsWhenIDNotExists(turnstileID: 2)" computerName="DESKTOP-TJ9D65N" duration="00:00:00.3722470" startTime="2022-11-03T14:04:56.5517517+03:00" endTime="2022-11-03T14:04:56.5517519+03:00" testType="13cdc9d9-ddb5-4fa4-a97d-d965ccfc6d4b" outcome="Passed" testListId="8c84fa94-04c1-424b-9868-57a2d4851a1d" relativeResultsDirectory="f051f1b9-e57b-436d-a50c-579e37f18ee8" />
    <UnitTestResult executionId="13d6bc70-232e-47e2-8997-e79659545c7d" testId="12f79603-7516-069f-7544-3df65e6aff1a" testName="AccessToDB.Tests.UsersRepositoryTests.TestUpdateUserByIDAsyncOk(user: User { UserID = 29, CardID = 62, UserEmail = UserEmail79526545-87f2-4c69-8431-71360f9c5b04, Password = passwordb2858823-e5d5-48b1-a3bd-be4abaf6a5ad, Permissions = UNAUTHORIZED })" computerName="DESKTOP-TJ9D65N" duration="00:00:00.3949197" startTime="2022-11-03T14:05:04.0138101+03:00" endTime="2022-11-03T14:05:04.0138103+03:00" testType="13cdc9d9-ddb5-4fa4-a97d-d965ccfc6d4b" outcome="Passed" testListId="8c84fa94-04c1-424b-9868-57a2d4851a1d" relativeResultsDirectory="13d6bc70-232e-47e2-8997-e79659545c7d" />
    <UnitTestResult executionId="d54aba9a-96ae-4352-8d8e-25c3cceaf1c3" testId="c43218db-0d38-e8fb-4033-0388edfcbed7" testName="AccessToDB.Tests.TurnstilesRepositoryTests.TestGetTurnstilesByLiftIdAsyncOk(liftID: 250)" computerName="DESKTOP-TJ9D65N" duration="00:00:00.5672277" startTime="2022-11-03T14:04:56.1286773+03:00" endTime="2022-11-03T14:04:56.1287202+03:00" testType="13cdc9d9-ddb5-4fa4-a97d-d965ccfc6d4b" outcome="Passed" testListId="8c84fa94-04c1-424b-9868-57a2d4851a1d" relativeResultsDirectory="d54aba9a-96ae-4352-8d8e-25c3cceaf1c3" />
    <UnitTestResult executionId="5f28ff33-4703-4f21-9174-1437d438e244" testId="607e8298-f113-be33-300e-15a343893443" testName="AccessToDB.Tests.LiftsRepositoryTests.TestGetLiftsAsyncEmpty" computerName="DESKTOP-TJ9D65N" duration="00:00:00.3639894" startTime="2022-11-03T14:05:10.4469488+03:00" endTime="2022-11-03T14:05:10.4469490+03:00" testType="13cdc9d9-ddb5-4fa4-a97d-d965ccfc6d4b" outcome="Passed" testListId="8c84fa94-04c1-424b-9868-57a2d4851a1d" relativeResultsDirectory="5f28ff33-4703-4f21-9174-1437d438e244" />
    <UnitTestResult executionId="8238adf2-b058-4473-8d81-40e046499f84" testId="64be8e90-ece7-3a3c-fbdb-0bc0396b0166" testName="AccessToDB.Tests.LiftsRepositoryTests.TestGetLiftByIdAsyncOk(lift: Lift { LiftID = 68, LiftName = liftName5e3d6017-faea-4a12-8099-91fa1a1dff31, IsOpen = True, SeatsAmount = 150, LiftingTime = 172, QueueTime = 66, ConnectedSlopes =  })" computerName="DESKTOP-TJ9D65N" duration="00:00:00.3822350" startTime="2022-11-03T14:05:10.0678161+03:00" endTime="2022-11-03T14:05:10.0678163+03:00" testType="13cdc9d9-ddb5-4fa4-a97d-d965ccfc6d4b" outcome="Passed" testListId="8c84fa94-04c1-424b-9868-57a2d4851a1d" relativeResultsDirectory="8238adf2-b058-4473-8d81-40e046499f84" />
    <UnitTestResult executionId="9678a958-2dc5-4d36-9b9d-578aa0b30a55" testId="557eb83d-7e94-a8ab-d9e1-e913fb5df594" testName="AccessToDB.Tests.LiftsSlopesRepositoryTests.TestGetLiftsBySlopeIdAsyncOk(slope1: Slope { SlopeID = 25, SlopeName = slopeName7a9d274b-06a0-4bc3-a9e3-a5cf84ef9a39, IsOpen = True, DifficultyLevel = 65, ConnectedLifts =  }, slope2: Slope { SlopeID = 21, SlopeName = slopeNamedf8808cc-d393-4c80-bdb6-8a9b5c8170d3, IsOpen = False, DifficultyLevel = 184, ConnectedLifts =  }, lift1: Lift { LiftID = 242, LiftName = liftName2e2652ce-9bd7-483e-9118-06e56c3fa80e, IsOpen = True, SeatsAmount = 43, LiftingTime = 51, QueueTime = 63, ConnectedSlopes =  }, lift2: Lift { LiftID = 116, LiftName = liftNamed39cf30c-dfbb-4419-a878-247460957ee6, IsOpen = False, SeatsAmount = 56, LiftingTime = 133, QueueTime = 134, ConnectedSlopes =  })" computerName="DESKTOP-TJ9D65N" duration="00:00:00.4590788" startTime="2022-11-03T14:04:59.9329734+03:00" endTime="2022-11-03T14:04:59.9329738+03:00" testType="13cdc9d9-ddb5-4fa4-a97d-d965ccfc6d4b" outcome="Passed" testListId="8c84fa94-04c1-424b-9868-57a2d4851a1d" relativeResultsDirectory="9678a958-2dc5-4d36-9b9d-578aa0b30a55" />
    <UnitTestResult executionId="f33f5c46-c85a-48a2-bbf0-7e3da392aa37" testId="61c5902b-2486-526a-3a8b-c18dae359b03" testName="AccessToDB.Tests.LiftsRepositoryTests.TestAddLiftAsyncFailsWhenLiftIdRepeats(lift: Lift { LiftID = 217, LiftName = liftNameb0f8b739-2f23-45ac-9fa0-ae65b311d725, IsOpen = True, SeatsAmount = 74, LiftingTime = 145, QueueTime = 109, ConnectedSlopes =  })" computerName="DESKTOP-TJ9D65N" duration="00:00:00.3966015" startTime="2022-11-03T14:05:10.8786573+03:00" endTime="2022-11-03T14:05:10.8786574+03:00" testType="13cdc9d9-ddb5-4fa4-a97d-d965ccfc6d4b" outcome="Passed" testListId="8c84fa94-04c1-424b-9868-57a2d4851a1d" relativeResultsDirectory="f33f5c46-c85a-48a2-bbf0-7e3da392aa37" />
    <UnitTestResult executionId="30de20f8-ad61-4261-96e3-8f5c89838432" testId="9bbefb83-8311-6e03-307f-415e3495e223" testName="AccessToDB.Tests.SlopesRepositoryTests.TestGetSlopesAsyncEmpty" computerName="DESKTOP-TJ9D65N" duration="00:00:00.3652396" startTime="2022-11-03T14:05:08.8069690+03:00" endTime="2022-11-03T14:05:08.8069692+03:00" testType="13cdc9d9-ddb5-4fa4-a97d-d965ccfc6d4b" outcome="Passed" testListId="8c84fa94-04c1-424b-9868-57a2d4851a1d" relativeResultsDirectory="30de20f8-ad61-4261-96e3-8f5c89838432" />
    <UnitTestResult executionId="b92ec88b-6e13-40ff-871c-56227e487f06" testId="032a1832-3138-be28-0278-c2e2810b8d36" testName="AccessToDB.Tests.SlopesRepositoryTests.TestAddSlopeAsyncFailsWhenSlopeIdRepeats(slope: Slope { SlopeID = 125, SlopeName = slopeNamec1429158-453d-40f7-a9a3-545f817698e6, IsOpen = True, DifficultyLevel = 57, ConnectedLifts =  })" computerName="DESKTOP-TJ9D65N" duration="00:00:00.3990126" startTime="2022-11-03T14:05:08.4223365+03:00" endTime="2022-11-03T14:05:08.4223381+03:00" testType="13cdc9d9-ddb5-4fa4-a97d-d965ccfc6d4b" outcome="Passed" testListId="8c84fa94-04c1-424b-9868-57a2d4851a1d" relativeResultsDirectory="b92ec88b-6e13-40ff-871c-56227e487f06" />
    <UnitTestResult executionId="0e8da984-45a2-4b41-9c1d-d07091c1e0d9" testId="e75bb6e2-88d9-af2a-a444-c4a9d67f0f0e" testName="AccessToDB.Tests.UsersRepositoryTests.TestAddUserAutoIncrementAsyncOk" computerName="DESKTOP-TJ9D65N" duration="00:00:00.4005397" startTime="2022-11-03T14:05:05.9858119+03:00" endTime="2022-11-03T14:05:05.9858120+03:00" testType="13cdc9d9-ddb5-4fa4-a97d-d965ccfc6d4b" outcome="Passed" testListId="8c84fa94-04c1-424b-9868-57a2d4851a1d" relativeResultsDirectory="0e8da984-45a2-4b41-9c1d-d07091c1e0d9" />
    <UnitTestResult executionId="93a48aee-f3ad-4ca1-abb6-14c05fc7376c" testId="f2fa10ce-457e-d962-390c-cadef5cab8be" testName="AccessToDB.Tests.TurnstilesRepositoryTests.TestUpdateTurnstileByIDAsyncOk(turnstile: Turnstile { TurnstileID = 113, LiftID = 66, IsOpen = True })" computerName="DESKTOP-TJ9D65N" duration="00:00:00.3909239" startTime="2022-11-03T14:04:57.3657203+03:00" endTime="2022-11-03T14:04:57.3657207+03:00" testType="13cdc9d9-ddb5-4fa4-a97d-d965ccfc6d4b" outcome="Passed" testListId="8c84fa94-04c1-424b-9868-57a2d4851a1d" relativeResultsDirectory="93a48aee-f3ad-4ca1-abb6-14c05fc7376c" />
    <UnitTestResult executionId="32291b10-315b-4cdb-a205-2821a14abc28" testId="5d88bb4e-6478-e93a-b3c7-35288028303b" testName="AccessToDB.Tests.UsersRepositoryTests.TestGetUserByIdAsyncOk(user: User { UserID = 126, CardID = 123, UserEmail = UserEmail8a5b9a87-f69b-4356-94d9-fae15aa27d35, Password = password4c4b9277-8e9e-4a40-988b-2022d135e781, Permissions = UNAUTHORIZED })" computerName="DESKTOP-TJ9D65N" duration="00:00:00.3794695" startTime="2022-11-03T14:05:04.8246218+03:00" endTime="2022-11-03T14:05:04.8246219+03:00" testType="13cdc9d9-ddb5-4fa4-a97d-d965ccfc6d4b" outcome="Passed" testListId="8c84fa94-04c1-424b-9868-57a2d4851a1d" relativeResultsDirectory="32291b10-315b-4cdb-a205-2821a14abc28" />
    <UnitTestResult executionId="cc844ef7-2101-4250-8294-afee7f65e0ac" testId="5e85dd57-08da-653c-1c3d-012978b6bd77" testName="AccessToDB.Tests.LiftsRepositoryTests.TestGetLiftByNameAsyncFailsWhenNameNotExists(liftName: &quot;liftName2b37e9d1-11bd-4aa8-82f5-c4be004d8953&quot;)" computerName="DESKTOP-TJ9D65N" duration="00:00:00.3655276" startTime="2022-11-03T14:05:11.2589423+03:00" endTime="2022-11-03T14:05:11.2589425+03:00" testType="13cdc9d9-ddb5-4fa4-a97d-d965ccfc6d4b" outcome="Passed" testListId="8c84fa94-04c1-424b-9868-57a2d4851a1d" relativeResultsDirectory="cc844ef7-2101-4250-8294-afee7f65e0ac" />
    <UnitTestResult executionId="e1a608f4-b625-4a37-88d7-31a26adf9b10" testId="517f12f4-5c75-51b4-3885-f74b78693c27" testName="AccessToDB.Tests.TurnstilesRepositoryTests.TestGetTurnstileByIdAsyncOk(turnstile: Turnstile { TurnstileID = 147, LiftID = 87, IsOpen = True })" computerName="DESKTOP-TJ9D65N" duration="00:00:00.3844593" startTime="2022-11-03T14:04:58.6517906+03:00" endTime="2022-11-03T14:04:58.6517909+03:00" testType="13cdc9d9-ddb5-4fa4-a97d-d965ccfc6d4b" outcome="Passed" testListId="8c84fa94-04c1-424b-9868-57a2d4851a1d" relativeResultsDirectory="e1a608f4-b625-4a37-88d7-31a26adf9b10" />
    <UnitTestResult executionId="7c919ab9-8ae9-41b2-a3b5-7691041759e3" testId="fecf1530-769b-489d-9704-47a980dc7b4d" testName="AccessToDB.Tests.SlopesRepositoryTests.TestUpdateSlopeByIDAsyncOk(slope: Slope { SlopeID = 53, SlopeName = slopeName365718ef-b3c7-4aaa-9337-f2c6d3448cf5, IsOpen = True, DifficultyLevel = 59, ConnectedLifts =  })" computerName="DESKTOP-TJ9D65N" duration="00:00:00.3946747" startTime="2022-11-03T14:05:07.5767219+03:00" endTime="2022-11-03T14:05:07.5767221+03:00" testType="13cdc9d9-ddb5-4fa4-a97d-d965ccfc6d4b" outcome="Passed" testListId="8c84fa94-04c1-424b-9868-57a2d4851a1d" relativeResultsDirectory="7c919ab9-8ae9-41b2-a3b5-7691041759e3" />
    <UnitTestResult executionId="7efaa4af-5991-4c4b-a7fe-201d8fdbda1f" testId="3741b26d-6ee0-6246-29e4-92009bff37b0" testName="AccessToDB.Tests.UsersRepositoryTests.TestGetUsersAsyncEmpty" computerName="DESKTOP-TJ9D65N" duration="00:00:00.3683151" startTime="2022-11-03T14:05:03.1706811+03:00" endTime="2022-11-03T14:05:03.1706813+03:00" testType="13cdc9d9-ddb5-4fa4-a97d-d965ccfc6d4b" outcome="Passed" testListId="8c84fa94-04c1-424b-9868-57a2d4851a1d" relativeResultsDirectory="7efaa4af-5991-4c4b-a7fe-201d8fdbda1f" />
    <UnitTestResult executionId="38331861-ce5b-401a-9245-a7fbdfe9cc6c" testId="30f8e924-9784-0a43-e807-094f70e06567" testName="AccessToDB.Tests.LiftsSlopesRepositoryTests.TestAddLiftSlopeAutoIncrementAsyncOk" computerName="DESKTOP-TJ9D65N" duration="00:00:00.3993583" startTime="2022-11-03T14:05:01.9897495+03:00" endTime="2022-11-03T14:05:01.9897496+03:00" testType="13cdc9d9-ddb5-4fa4-a97d-d965ccfc6d4b" outcome="Passed" testListId="8c84fa94-04c1-424b-9868-57a2d4851a1d" relativeResultsDirectory="38331861-ce5b-401a-9245-a7fbdfe9cc6c" />
    <UnitTestResult executionId="3e30ff43-3bea-4714-b9b6-915c6586ea50" testId="4145f44e-b4b1-a618-09e8-c631496e6f1a" testName="AccessToDB.Tests.LiftsSlopesRepositoryTests.TestGetLiftSlopesAsyncEmpty" computerName="DESKTOP-TJ9D65N" duration="00:00:00.3611464" startTime="2022-11-03T14:05:02.3648563+03:00" endTime="2022-11-03T14:05:02.3648567+03:00" testType="13cdc9d9-ddb5-4fa4-a97d-d965ccfc6d4b" outcome="Passed" testListId="8c84fa94-04c1-424b-9868-57a2d4851a1d" relativeResultsDirectory="3e30ff43-3bea-4714-b9b6-915c6586ea50" />
    <UnitTestResult executionId="688dcaa1-0f25-4b5d-ba38-b7c87d2852ec" testId="4900acb3-cbf1-a482-cd19-e051f6304625" testName="AccessToDB.Tests.LiftsSlopesRepositoryTests.TestUpdateLiftSlopeByIDAsyncOk(liftSlope: LiftSlope { RecordID = 134, LiftID = 151, SlopeID = 23 })" computerName="DESKTOP-TJ9D65N" duration="00:00:00.3908938" startTime="2022-11-03T14:04:59.4545010+03:00" endTime="2022-11-03T14:04:59.4545013+03:00" testType="13cdc9d9-ddb5-4fa4-a97d-d965ccfc6d4b" outcome="Passed" testListId="8c84fa94-04c1-424b-9868-57a2d4851a1d" relativeResultsDirectory="688dcaa1-0f25-4b5d-ba38-b7c87d2852ec" />
    <UnitTestResult executionId="76546d36-be74-46c9-a8f9-fbd0998441c9" testId="2fda804c-b380-6817-084b-30d56b0bb5a1" testName="AccessToDB.Tests.UsersRepositoryTests.TestCheckUserEmailExistsAsyncFalse(userEmail: &quot;userEmail1e2a94c8-4e22-4457-ab90-420ca649a999&quot;)" computerName="DESKTOP-TJ9D65N" duration="00:00:00.3895015" startTime="2022-11-03T14:05:02.7746332+03:00" endTime="2022-11-03T14:05:02.7746337+03:00" testType="13cdc9d9-ddb5-4fa4-a97d-d965ccfc6d4b" outcome="Passed" testListId="8c84fa94-04c1-424b-9868-57a2d4851a1d" relativeResultsDirectory="76546d36-be74-46c9-a8f9-fbd0998441c9" />
    <UnitTestResult executionId="5ff1bc22-6a51-4dec-9f60-806882fc2c88" testId="9212f222-2a79-e194-7c25-e96dee7342ca" testName="AccessToDB.Tests.TurnstilesRepositoryTests.TestAddTurnstileAsyncFailsWhenTurnstileIdRepeats(turnstile: Turnstile { TurnstileID = 12, LiftID = 232, IsOpen = True })" computerName="DESKTOP-TJ9D65N" duration="00:00:00.4006230" startTime="2022-11-03T14:04:58.2523526+03:00" endTime="2022-11-03T14:04:58.2523527+03:00" testType="13cdc9d9-ddb5-4fa4-a97d-d965ccfc6d4b" outcome="Passed" testListId="8c84fa94-04c1-424b-9868-57a2d4851a1d" relativeResultsDirectory="5ff1bc22-6a51-4dec-9f60-806882fc2c88" />
    <UnitTestResult executionId="df793596-f07d-438d-8922-8d84084f7ad7" testId="cecc470f-b5ae-5164-d950-23a78caac7ff" testName="AccessToDB.Tests.LiftsSlopesRepositoryTests.TestAddLiftSlopeAsyncFailsWhenLiftSlopeIdRepeats(liftSlope: LiftSlope { RecordID = 194, LiftID = 204, SlopeID = 42 })" computerName="DESKTOP-TJ9D65N" duration="00:00:00.3912408" startTime="2022-11-03T14:05:00.7734337+03:00" endTime="2022-11-03T14:05:00.7734339+03:00" testType="13cdc9d9-ddb5-4fa4-a97d-d965ccfc6d4b" outcome="Passed" testListId="8c84fa94-04c1-424b-9868-57a2d4851a1d" relativeResultsDirectory="df793596-f07d-438d-8922-8d84084f7ad7" />
    <UnitTestResult executionId="8a03176b-5d0b-4f68-9abc-ca49f427cf80" testId="56cd8da8-31a8-6951-c0fb-db175f9cf340" testName="AccessToDB.Tests.LiftsRepositoryTests.TestDeleteLiftByIDAsyncFailsWhenIDNotExists(liftID: 77)" computerName="DESKTOP-TJ9D65N" duration="00:00:00.3653686" startTime="2022-11-03T14:05:09.6658584+03:00" endTime="2022-11-03T14:05:09.6658585+03:00" testType="13cdc9d9-ddb5-4fa4-a97d-d965ccfc6d4b" outcome="Passed" testListId="8c84fa94-04c1-424b-9868-57a2d4851a1d" relativeResultsDirectory="8a03176b-5d0b-4f68-9abc-ca49f427cf80" />
    <UnitTestResult executionId="9e062d48-71e0-4460-b3b6-940a14c39030" testId="a1345502-39f0-ab08-caa1-3952a1e06933" testName="AccessToDB.Tests.UsersRepositoryTests.TestDeleteUserByIDAsyncFailsWhenIDNotExists(userID: 23)" computerName="DESKTOP-TJ9D65N" duration="00:00:00.3600709" startTime="2022-11-03T14:05:05.1987703+03:00" endTime="2022-11-03T14:05:05.1987704+03:00" testType="13cdc9d9-ddb5-4fa4-a97d-d965ccfc6d4b" outcome="Passed" testListId="8c84fa94-04c1-424b-9868-57a2d4851a1d" relativeResultsDirectory="9e062d48-71e0-4460-b3b6-940a14c39030" />
    <UnitTestResult executionId="e0998547-5849-4e4d-a3af-fd9cc285cad1" testId="19fac893-2348-dd48-365b-ab307d18a4f1" testName="AccessToDB.Tests.UsersRepositoryTests.TestAddUserAsyncFailsWhenUserIdRepeats(user: User { UserID = 123, CardID = 139, UserEmail = UserEmail4bf09ba8-526a-49da-99a4-17fbe81a1515, Password = passwordc49efd8a-2d12-4df0-9c65-6cd743567a9b, Permissions = UNAUTHORIZED })" computerName="DESKTOP-TJ9D65N" duration="00:00:00.3921509" startTime="2022-11-03T14:05:03.5976711+03:00" endTime="2022-11-03T14:05:03.5976713+03:00" testType="13cdc9d9-ddb5-4fa4-a97d-d965ccfc6d4b" outcome="Passed" testListId="8c84fa94-04c1-424b-9868-57a2d4851a1d" relativeResultsDirectory="e0998547-5849-4e4d-a3af-fd9cc285cad1" />
  </Results>
  <TestDefinitions>
    <UnitTest name="AccessToDB.Tests.TurnstilesRepositoryTests.TestGetTurnstilesAsyncEmpty" storage="/mnt/c/users/alena/desktop/7_sem/testing_and_debugging/skiresort/accesstodb.tests/bin/debug/net6.0/accesstodb.tests.dll" id="3c521313-4ed6-6bce-b4f9-c359411028e7">
      <Execution id="9ba5a4e6-4e47-4d09-a280-afffc41be8fc" />
      <TestMethod codeBase="/mnt/c/Users/alena/Desktop/7_sem/testing_and_debugging/SkiResort/AccessToDB.Tests/bin/Debug/net6.0/AccessToDB.Tests.dll" adapterTypeName="executor://xunit/VsTestRunner2/netcoreapp" className="AccessToDB.Tests.TurnstilesRepositoryTests" name="TestGetTurnstilesAsyncEmpty" />
    </UnitTest>
    <UnitTest name="AccessToDB.Tests.LiftsSlopesRepositoryTests.TestAddLiftSlopeAsyncFailsWhenLiftSlopeIdRepeats(liftSlope: LiftSlope { RecordID = 194, LiftID = 204, SlopeID = 42 })" storage="/mnt/c/users/alena/desktop/7_sem/testing_and_debugging/skiresort/accesstodb.tests/bin/debug/net6.0/accesstodb.tests.dll" id="cecc470f-b5ae-5164-d950-23a78caac7ff">
      <Execution id="df793596-f07d-438d-8922-8d84084f7ad7" />
      <TestMethod codeBase="/mnt/c/Users/alena/Desktop/7_sem/testing_and_debugging/SkiResort/AccessToDB.Tests/bin/Debug/net6.0/AccessToDB.Tests.dll" adapterTypeName="executor://xunit/VsTestRunner2/netcoreapp" className="AccessToDB.Tests.LiftsSlopesRepositoryTests" name="TestAddLiftSlopeAsyncFailsWhenLiftSlopeIdRepeats" />
    </UnitTest>
    <UnitTest name="AccessToDB.Tests.UsersRepositoryTests.TestGetUserByEmailAsyncFailsWhenEmailNotExists(email: &quot;email9b598a08-d1f8-4ed5-91b8-27386ae01394&quot;)" storage="/mnt/c/users/alena/desktop/7_sem/testing_and_debugging/skiresort/accesstodb.tests/bin/debug/net6.0/accesstodb.tests.dll" id="c20a6655-3bcc-9318-ec30-34f6205d167e">
      <Execution id="8e8d204d-0775-4dde-a8c2-f4adfdc34ce6" />
      <TestMethod codeBase="/mnt/c/Users/alena/Desktop/7_sem/testing_and_debugging/SkiResort/AccessToDB.Tests/bin/Debug/net6.0/AccessToDB.Tests.dll" adapterTypeName="executor://xunit/VsTestRunner2/netcoreapp" className="AccessToDB.Tests.UsersRepositoryTests" name="TestGetUserByEmailAsyncFailsWhenEmailNotExists" />
    </UnitTest>
    <UnitTest name="AccessToDB.Tests.LiftsSlopesRepositoryTests.TestGetLiftSlopeByIdAsyncOk(liftSlope: LiftSlope { RecordID = 63, LiftID = 198, SlopeID = 169 })" storage="/mnt/c/users/alena/desktop/7_sem/testing_and_debugging/skiresort/accesstodb.tests/bin/debug/net6.0/accesstodb.tests.dll" id="276adc0f-7a20-14ed-5d0d-e87a9989adb7">
      <Execution id="6176577e-6f12-416d-bc95-1d1776fa80aa" />
      <TestMethod codeBase="/mnt/c/Users/alena/Desktop/7_sem/testing_and_debugging/SkiResort/AccessToDB.Tests/bin/Debug/net6.0/AccessToDB.Tests.dll" adapterTypeName="executor://xunit/VsTestRunner2/netcoreapp" className="AccessToDB.Tests.LiftsSlopesRepositoryTests" name="TestGetLiftSlopeByIdAsyncOk" />
    </UnitTest>
    <UnitTest name="AccessToDB.Tests.LiftsSlopesRepositoryTests.TestAddLiftSlopeAutoIncrementAsyncOk" storage="/mnt/c/users/alena/desktop/7_sem/testing_and_debugging/skiresort/accesstodb.tests/bin/debug/net6.0/accesstodb.tests.dll" id="30f8e924-9784-0a43-e807-094f70e06567">
      <Execution id="38331861-ce5b-401a-9245-a7fbdfe9cc6c" />
      <TestMethod codeBase="/mnt/c/Users/alena/Desktop/7_sem/testing_and_debugging/SkiResort/AccessToDB.Tests/bin/Debug/net6.0/AccessToDB.Tests.dll" adapterTypeName="executor://xunit/VsTestRunner2/netcoreapp" className="AccessToDB.Tests.LiftsSlopesRepositoryTests" name="TestAddLiftSlopeAutoIncrementAsyncOk" />
    </UnitTest>
    <UnitTest name="AccessToDB.Tests.SlopesRepositoryTests.TestUpdateSlopeByIDAsyncOk(slope: Slope { SlopeID = 53, SlopeName = slopeName365718ef-b3c7-4aaa-9337-f2c6d3448cf5, IsOpen = True, DifficultyLevel = 59, ConnectedLifts =  })" storage="/mnt/c/users/alena/desktop/7_sem/testing_and_debugging/skiresort/accesstodb.tests/bin/debug/net6.0/accesstodb.tests.dll" id="fecf1530-769b-489d-9704-47a980dc7b4d">
      <Execution id="7c919ab9-8ae9-41b2-a3b5-7691041759e3" />
      <TestMethod codeBase="/mnt/c/Users/alena/Desktop/7_sem/testing_and_debugging/SkiResort/AccessToDB.Tests/bin/Debug/net6.0/AccessToDB.Tests.dll" adapterTypeName="executor://xunit/VsTestRunner2/netcoreapp" className="AccessToDB.Tests.SlopesRepositoryTests" name="TestUpdateSlopeByIDAsyncOk" />
    </UnitTest>
    <UnitTest name="AccessToDB.Tests.SlopesRepositoryTests.TestAddSlopeAutoIncrementAsyncOk" storage="/mnt/c/users/alena/desktop/7_sem/testing_and_debugging/skiresort/accesstodb.tests/bin/debug/net6.0/accesstodb.tests.dll" id="8f7ba917-f771-0dc5-f9b9-465c34344b12">
      <Execution id="4d8fa99e-c847-4304-a820-5f3c80ac2b55" />
      <TestMethod codeBase="/mnt/c/Users/alena/Desktop/7_sem/testing_and_debugging/SkiResort/AccessToDB.Tests/bin/Debug/net6.0/AccessToDB.Tests.dll" adapterTypeName="executor://xunit/VsTestRunner2/netcoreapp" className="AccessToDB.Tests.SlopesRepositoryTests" name="TestAddSlopeAutoIncrementAsyncOk" />
    </UnitTest>
    <UnitTest name="AccessToDB.Tests.LiftsRepositoryTests.TestAddLiftAutoIncrementAsyncOk" storage="/mnt/c/users/alena/desktop/7_sem/testing_and_debugging/skiresort/accesstodb.tests/bin/debug/net6.0/accesstodb.tests.dll" id="ec229f70-485a-f91b-53ed-bce655f6cd58">
      <Execution id="41ad7f6d-fab9-4b2d-9d0d-7cf667d05864" />
      <TestMethod codeBase="/mnt/c/Users/alena/Desktop/7_sem/testing_and_debugging/SkiResort/AccessToDB.Tests/bin/Debug/net6.0/AccessToDB.Tests.dll" adapterTypeName="executor://xunit/VsTestRunner2/netcoreapp" className="AccessToDB.Tests.LiftsRepositoryTests" name="TestAddLiftAutoIncrementAsyncOk" />
    </UnitTest>
    <UnitTest name="AccessToDB.Tests.LiftsSlopesRepositoryTests.TestDeleteLiftSlopeByIDAsyncFailsWhenIDNotExists(liftSlopeID: 91)" storage="/mnt/c/users/alena/desktop/7_sem/testing_and_debugging/skiresort/accesstodb.tests/bin/debug/net6.0/accesstodb.tests.dll" id="7d826a16-d330-d0a7-581f-34ac95834104">
      <Execution id="75c270bb-b4ef-40a2-b7cb-65288dc847cf" />
      <TestMethod codeBase="/mnt/c/Users/alena/Desktop/7_sem/testing_and_debugging/SkiResort/AccessToDB.Tests/bin/Debug/net6.0/AccessToDB.Tests.dll" adapterTypeName="executor://xunit/VsTestRunner2/netcoreapp" className="AccessToDB.Tests.LiftsSlopesRepositoryTests" name="TestDeleteLiftSlopeByIDAsyncFailsWhenIDNotExists" />
    </UnitTest>
    <UnitTest name="AccessToDB.Tests.LiftsSlopesRepositoryTests.TestDeleteLiftSlopesByIDsAsyncOk(liftSlope: LiftSlope { RecordID = 28, LiftID = 10, SlopeID = 14 })" storage="/mnt/c/users/alena/desktop/7_sem/testing_and_debugging/skiresort/accesstodb.tests/bin/debug/net6.0/accesstodb.tests.dll" id="a1357789-1887-8739-bf1e-2a1ecdfaa68d">
      <Execution id="2c8b1297-479d-4083-a1ad-3852d959b732" />
      <TestMethod codeBase="/mnt/c/Users/alena/Desktop/7_sem/testing_and_debugging/SkiResort/AccessToDB.Tests/bin/Debug/net6.0/AccessToDB.Tests.dll" adapterTypeName="executor://xunit/VsTestRunner2/netcoreapp" className="AccessToDB.Tests.LiftsSlopesRepositoryTests" name="TestDeleteLiftSlopesByIDsAsyncOk" />
    </UnitTest>
    <UnitTest name="AccessToDB.Tests.UsersRepositoryTests.TestCheckUserIdExistsAsyncTrue(user: User { UserID = 16, CardID = 40, UserEmail = UserEmail85a48ab7-3d69-40de-968c-0fafb0cae984, Password = password61fe2ac7-f409-49fc-b821-da26522a4dae, Permissions = UNAUTHORIZED })" storage="/mnt/c/users/alena/desktop/7_sem/testing_and_debugging/skiresort/accesstodb.tests/bin/debug/net6.0/accesstodb.tests.dll" id="ba2bd7f3-14b8-a641-a4be-f44c9d6e21d3">
      <Execution id="f51ffec0-353e-46d7-bbb6-dc5df60c9c62" />
      <TestMethod codeBase="/mnt/c/Users/alena/Desktop/7_sem/testing_and_debugging/SkiResort/AccessToDB.Tests/bin/Debug/net6.0/AccessToDB.Tests.dll" adapterTypeName="executor://xunit/VsTestRunner2/netcoreapp" className="AccessToDB.Tests.UsersRepositoryTests" name="TestCheckUserIdExistsAsyncTrue" />
    </UnitTest>
    <UnitTest name="AccessToDB.Tests.SlopesRepositoryTests.TestGetSlopesAsyncEmpty" storage="/mnt/c/users/alena/desktop/7_sem/testing_and_debugging/skiresort/accesstodb.tests/bin/debug/net6.0/accesstodb.tests.dll" id="9bbefb83-8311-6e03-307f-415e3495e223">
      <Execution id="30de20f8-ad61-4261-96e3-8f5c89838432" />
      <TestMethod codeBase="/mnt/c/Users/alena/Desktop/7_sem/testing_and_debugging/SkiResort/AccessToDB.Tests/bin/Debug/net6.0/AccessToDB.Tests.dll" adapterTypeName="executor://xunit/VsTestRunner2/netcoreapp" className="AccessToDB.Tests.SlopesRepositoryTests" name="TestGetSlopesAsyncEmpty" />
    </UnitTest>
    <UnitTest name="AccessToDB.Tests.TurnstilesRepositoryTests.TestUpdateTurnstileByIDAsyncOk(turnstile: Turnstile { TurnstileID = 113, LiftID = 66, IsOpen = True })" storage="/mnt/c/users/alena/desktop/7_sem/testing_and_debugging/skiresort/accesstodb.tests/bin/debug/net6.0/accesstodb.tests.dll" id="f2fa10ce-457e-d962-390c-cadef5cab8be">
      <Execution id="93a48aee-f3ad-4ca1-abb6-14c05fc7376c" />
      <TestMethod codeBase="/mnt/c/Users/alena/Desktop/7_sem/testing_and_debugging/SkiResort/AccessToDB.Tests/bin/Debug/net6.0/AccessToDB.Tests.dll" adapterTypeName="executor://xunit/VsTestRunner2/netcoreapp" className="AccessToDB.Tests.TurnstilesRepositoryTests" name="TestUpdateTurnstileByIDAsyncOk" />
    </UnitTest>
    <UnitTest name="AccessToDB.Tests.LiftsRepositoryTests.TestUpdateLiftByIDAsyncOk(lift: Lift { LiftID = 221, LiftName = liftNameec982fe5-b887-4327-a0b8-2ce91d085c3d, IsOpen = True, SeatsAmount = 118, LiftingTime = 197, QueueTime = 83, ConnectedSlopes =  })" storage="/mnt/c/users/alena/desktop/7_sem/testing_and_debugging/skiresort/accesstodb.tests/bin/debug/net6.0/accesstodb.tests.dll" id="b3c5e1d3-a9d6-dbf8-f2ca-3397029a3a3c">
      <Execution id="3088c453-5928-4aec-976f-2a173074a4df" />
      <TestMethod codeBase="/mnt/c/Users/alena/Desktop/7_sem/testing_and_debugging/SkiResort/AccessToDB.Tests/bin/Debug/net6.0/AccessToDB.Tests.dll" adapterTypeName="executor://xunit/VsTestRunner2/netcoreapp" className="AccessToDB.Tests.LiftsRepositoryTests" name="TestUpdateLiftByIDAsyncOk" />
    </UnitTest>
    <UnitTest name="AccessToDB.Tests.UsersRepositoryTests.TestGetUserByIdAsyncOk(user: User { UserID = 126, CardID = 123, UserEmail = UserEmail8a5b9a87-f69b-4356-94d9-fae15aa27d35, Password = password4c4b9277-8e9e-4a40-988b-2022d135e781, Permissions = UNAUTHORIZED })" storage="/mnt/c/users/alena/desktop/7_sem/testing_and_debugging/skiresort/accesstodb.tests/bin/debug/net6.0/accesstodb.tests.dll" id="5d88bb4e-6478-e93a-b3c7-35288028303b">
      <Execution id="32291b10-315b-4cdb-a205-2821a14abc28" />
      <TestMethod codeBase="/mnt/c/Users/alena/Desktop/7_sem/testing_and_debugging/SkiResort/AccessToDB.Tests/bin/Debug/net6.0/AccessToDB.Tests.dll" adapterTypeName="executor://xunit/VsTestRunner2/netcoreapp" className="AccessToDB.Tests.UsersRepositoryTests" name="TestGetUserByIdAsyncOk" />
    </UnitTest>
    <UnitTest name="AccessToDB.Tests.LiftsSlopesRepositoryTests.TestGetSlopesByLiftIdAsyncFailsWhenSlopeNotExists(liftSlope: LiftSlope { RecordID = 203, LiftID = 250, SlopeID = 58 })" storage="/mnt/c/users/alena/desktop/7_sem/testing_and_debugging/skiresort/accesstodb.tests/bin/debug/net6.0/accesstodb.tests.dll" id="ac1ba86a-131b-1058-1dcd-aceebb8b2308">
      <Execution id="9fb85bda-27fe-4f95-9177-8d694947610a" />
      <TestMethod codeBase="/mnt/c/Users/alena/Desktop/7_sem/testing_and_debugging/SkiResort/AccessToDB.Tests/bin/Debug/net6.0/AccessToDB.Tests.dll" adapterTypeName="executor://xunit/VsTestRunner2/netcoreapp" className="AccessToDB.Tests.LiftsSlopesRepositoryTests" name="TestGetSlopesByLiftIdAsyncFailsWhenSlopeNotExists" />
    </UnitTest>
    <UnitTest name="AccessToDB.Tests.LiftsSlopesRepositoryTests.TestGetLiftsBySlopeIdAsyncOk(slope1: Slope { SlopeID = 25, SlopeName = slopeName7a9d274b-06a0-4bc3-a9e3-a5cf84ef9a39, IsOpen = True, DifficultyLevel = 65, ConnectedLifts =  }, slope2: Slope { SlopeID = 21, SlopeName = slopeNamedf8808cc-d393-4c80-bdb6-8a9b5c8170d3, IsOpen = False, DifficultyLevel = 184, ConnectedLifts =  }, lift1: Lift { LiftID = 242, LiftName = liftName2e2652ce-9bd7-483e-9118-06e5..." storage="/mnt/c/users/alena/desktop/7_sem/testing_and_debugging/skiresort/accesstodb.tests/bin/debug/net6.0/accesstodb.tests.dll" id="557eb83d-7e94-a8ab-d9e1-e913fb5df594">
      <Execution id="9678a958-2dc5-4d36-9b9d-578aa0b30a55" />
      <TestMethod codeBase="/mnt/c/Users/alena/Desktop/7_sem/testing_and_debugging/SkiResort/AccessToDB.Tests/bin/Debug/net6.0/AccessToDB.Tests.dll" adapterTypeName="executor://xunit/VsTestRunner2/netcoreapp" className="AccessToDB.Tests.LiftsSlopesRepositoryTests" name="TestGetLiftsBySlopeIdAsyncOk" />
    </UnitTest>
    <UnitTest name="AccessToDB.Tests.UsersRepositoryTests.TestCheckUserEmailExistsAsyncFalse(userEmail: &quot;userEmail1e2a94c8-4e22-4457-ab90-420ca649a999&quot;)" storage="/mnt/c/users/alena/desktop/7_sem/testing_and_debugging/skiresort/accesstodb.tests/bin/debug/net6.0/accesstodb.tests.dll" id="2fda804c-b380-6817-084b-30d56b0bb5a1">
      <Execution id="76546d36-be74-46c9-a8f9-fbd0998441c9" />
      <TestMethod codeBase="/mnt/c/Users/alena/Desktop/7_sem/testing_and_debugging/SkiResort/AccessToDB.Tests/bin/Debug/net6.0/AccessToDB.Tests.dll" adapterTypeName="executor://xunit/VsTestRunner2/netcoreapp" className="AccessToDB.Tests.UsersRepositoryTests" name="TestCheckUserEmailExistsAsyncFalse" />
    </UnitTest>
    <UnitTest name="AccessToDB.Tests.UsersRepositoryTests.TestAddUserAutoIncrementAsyncOk" storage="/mnt/c/users/alena/desktop/7_sem/testing_and_debugging/skiresort/accesstodb.tests/bin/debug/net6.0/accesstodb.tests.dll" id="e75bb6e2-88d9-af2a-a444-c4a9d67f0f0e">
      <Execution id="0e8da984-45a2-4b41-9c1d-d07091c1e0d9" />
      <TestMethod codeBase="/mnt/c/Users/alena/Desktop/7_sem/testing_and_debugging/SkiResort/AccessToDB.Tests/bin/Debug/net6.0/AccessToDB.Tests.dll" adapterTypeName="executor://xunit/VsTestRunner2/netcoreapp" className="AccessToDB.Tests.UsersRepositoryTests" name="TestAddUserAutoIncrementAsyncOk" />
    </UnitTest>
    <UnitTest name="AccessToDB.Tests.LiftsRepositoryTests.TestGetLiftsAsyncEmpty" storage="/mnt/c/users/alena/desktop/7_sem/testing_and_debugging/skiresort/accesstodb.tests/bin/debug/net6.0/accesstodb.tests.dll" id="607e8298-f113-be33-300e-15a343893443">
      <Execution id="5f28ff33-4703-4f21-9174-1437d438e244" />
      <TestMethod codeBase="/mnt/c/Users/alena/Desktop/7_sem/testing_and_debugging/SkiResort/AccessToDB.Tests/bin/Debug/net6.0/AccessToDB.Tests.dll" adapterTypeName="executor://xunit/VsTestRunner2/netcoreapp" className="AccessToDB.Tests.LiftsRepositoryTests" name="TestGetLiftsAsyncEmpty" />
    </UnitTest>
    <UnitTest name="AccessToDB.Tests.LiftsRepositoryTests.TestDeleteLiftByIDAsyncFailsWhenIDNotExists(liftID: 77)" storage="/mnt/c/users/alena/desktop/7_sem/testing_and_debugging/skiresort/accesstodb.tests/bin/debug/net6.0/accesstodb.tests.dll" id="56cd8da8-31a8-6951-c0fb-db175f9cf340">
      <Execution id="8a03176b-5d0b-4f68-9abc-ca49f427cf80" />
      <TestMethod codeBase="/mnt/c/Users/alena/Desktop/7_sem/testing_and_debugging/SkiResort/AccessToDB.Tests/bin/Debug/net6.0/AccessToDB.Tests.dll" adapterTypeName="executor://xunit/VsTestRunner2/netcoreapp" className="AccessToDB.Tests.LiftsRepositoryTests" name="TestDeleteLiftByIDAsyncFailsWhenIDNotExists" />
    </UnitTest>
    <UnitTest name="AccessToDB.Tests.UsersRepositoryTests.TestAddUserAsyncFailsWhenUserIdRepeats(user: User { UserID = 123, CardID = 139, UserEmail = UserEmail4bf09ba8-526a-49da-99a4-17fbe81a1515, Password = passwordc49efd8a-2d12-4df0-9c65-6cd743567a9b, Permissions = UNAUTHORIZED })" storage="/mnt/c/users/alena/desktop/7_sem/testing_and_debugging/skiresort/accesstodb.tests/bin/debug/net6.0/accesstodb.tests.dll" id="19fac893-2348-dd48-365b-ab307d18a4f1">
      <Execution id="e0998547-5849-4e4d-a3af-fd9cc285cad1" />
      <TestMethod codeBase="/mnt/c/Users/alena/Desktop/7_sem/testing_and_debugging/SkiResort/AccessToDB.Tests/bin/Debug/net6.0/AccessToDB.Tests.dll" adapterTypeName="executor://xunit/VsTestRunner2/netcoreapp" className="AccessToDB.Tests.UsersRepositoryTests" name="TestAddUserAsyncFailsWhenUserIdRepeats" />
    </UnitTest>
    <UnitTest name="AccessToDB.Tests.LiftsSlopesRepositoryTests.TestUpdateLiftSlopeByIDAsyncOk(liftSlope: LiftSlope { RecordID = 134, LiftID = 151, SlopeID = 23 })" storage="/mnt/c/users/alena/desktop/7_sem/testing_and_debugging/skiresort/accesstodb.tests/bin/debug/net6.0/accesstodb.tests.dll" id="4900acb3-cbf1-a482-cd19-e051f6304625">
      <Execution id="688dcaa1-0f25-4b5d-ba38-b7c87d2852ec" />
      <TestMethod codeBase="/mnt/c/Users/alena/Desktop/7_sem/testing_and_debugging/SkiResort/AccessToDB.Tests/bin/Debug/net6.0/AccessToDB.Tests.dll" adapterTypeName="executor://xunit/VsTestRunner2/netcoreapp" className="AccessToDB.Tests.LiftsSlopesRepositoryTests" name="TestUpdateLiftSlopeByIDAsyncOk" />
    </UnitTest>
    <UnitTest name="AccessToDB.Tests.TurnstilesRepositoryTests.TestGetTurnstilesByLiftIdAsyncOk(liftID: 250)" storage="/mnt/c/users/alena/desktop/7_sem/testing_and_debugging/skiresort/accesstodb.tests/bin/debug/net6.0/accesstodb.tests.dll" id="c43218db-0d38-e8fb-4033-0388edfcbed7">
      <Execution id="d54aba9a-96ae-4352-8d8e-25c3cceaf1c3" />
      <TestMethod codeBase="/mnt/c/Users/alena/Desktop/7_sem/testing_and_debugging/SkiResort/AccessToDB.Tests/bin/Debug/net6.0/AccessToDB.Tests.dll" adapterTypeName="executor://xunit/VsTestRunner2/netcoreapp" className="AccessToDB.Tests.TurnstilesRepositoryTests" name="TestGetTurnstilesByLiftIdAsyncOk" />
    </UnitTest>
    <UnitTest name="AccessToDB.Tests.LiftsRepositoryTests.TestAddLiftAsyncFailsWhenLiftIdRepeats(lift: Lift { LiftID = 217, LiftName = liftNameb0f8b739-2f23-45ac-9fa0-ae65b311d725, IsOpen = True, SeatsAmount = 74, LiftingTime = 145, QueueTime = 109, ConnectedSlopes =  })" storage="/mnt/c/users/alena/desktop/7_sem/testing_and_debugging/skiresort/accesstodb.tests/bin/debug/net6.0/accesstodb.tests.dll" id="61c5902b-2486-526a-3a8b-c18dae359b03">
      <Execution id="f33f5c46-c85a-48a2-bbf0-7e3da392aa37" />
      <TestMethod codeBase="/mnt/c/Users/alena/Desktop/7_sem/testing_and_debugging/SkiResort/AccessToDB.Tests/bin/Debug/net6.0/AccessToDB.Tests.dll" adapterTypeName="executor://xunit/VsTestRunner2/netcoreapp" className="AccessToDB.Tests.LiftsRepositoryTests" name="TestAddLiftAsyncFailsWhenLiftIdRepeats" />
    </UnitTest>
    <UnitTest name="AccessToDB.Tests.TurnstilesRepositoryTests.TestGetTurnstileByIdAsyncOk(turnstile: Turnstile { TurnstileID = 147, LiftID = 87, IsOpen = True })" storage="/mnt/c/users/alena/desktop/7_sem/testing_and_debugging/skiresort/accesstodb.tests/bin/debug/net6.0/accesstodb.tests.dll" id="517f12f4-5c75-51b4-3885-f74b78693c27">
      <Execution id="e1a608f4-b625-4a37-88d7-31a26adf9b10" />
      <TestMethod codeBase="/mnt/c/Users/alena/Desktop/7_sem/testing_and_debugging/SkiResort/AccessToDB.Tests/bin/Debug/net6.0/AccessToDB.Tests.dll" adapterTypeName="executor://xunit/VsTestRunner2/netcoreapp" className="AccessToDB.Tests.TurnstilesRepositoryTests" name="TestGetTurnstileByIdAsyncOk" />
    </UnitTest>
    <UnitTest name="AccessToDB.Tests.SlopesRepositoryTests.TestGetSlopeByIdAsyncOk(slope: Slope { SlopeID = 211, SlopeName = slopeName8460e482-9791-4a4a-9186-0709cbb11c17, IsOpen = True, DifficultyLevel = 210, ConnectedLifts =  })" storage="/mnt/c/users/alena/desktop/7_sem/testing_and_debugging/skiresort/accesstodb.tests/bin/debug/net6.0/accesstodb.tests.dll" id="b3449203-ad6f-ede5-eb4a-206216a21ef4">
      <Execution id="f24cc01f-da25-40bd-9767-4a264e06c34b" />
      <TestMethod codeBase="/mnt/c/Users/alena/Desktop/7_sem/testing_and_debugging/SkiResort/AccessToDB.Tests/bin/Debug/net6.0/AccessToDB.Tests.dll" adapterTypeName="executor://xunit/VsTestRunner2/netcoreapp" className="AccessToDB.Tests.SlopesRepositoryTests" name="TestGetSlopeByIdAsyncOk" />
    </UnitTest>
    <UnitTest name="AccessToDB.Tests.UsersRepositoryTests.TestDeleteUserByIDAsyncFailsWhenIDNotExists(userID: 23)" storage="/mnt/c/users/alena/desktop/7_sem/testing_and_debugging/skiresort/accesstodb.tests/bin/debug/net6.0/accesstodb.tests.dll" id="a1345502-39f0-ab08-caa1-3952a1e06933">
      <Execution id="9e062d48-71e0-4460-b3b6-940a14c39030" />
      <TestMethod codeBase="/mnt/c/Users/alena/Desktop/7_sem/testing_and_debugging/SkiResort/AccessToDB.Tests/bin/Debug/net6.0/AccessToDB.Tests.dll" adapterTypeName="executor://xunit/VsTestRunner2/netcoreapp" className="AccessToDB.Tests.UsersRepositoryTests" name="TestDeleteUserByIDAsyncFailsWhenIDNotExists" />
    </UnitTest>
    <UnitTest name="AccessToDB.Tests.TurnstilesRepositoryTests.TestAddTurnstileAsyncFailsWhenTurnstileIdRepeats(turnstile: Turnstile { TurnstileID = 12, LiftID = 232, IsOpen = True })" storage="/mnt/c/users/alena/desktop/7_sem/testing_and_debugging/skiresort/accesstodb.tests/bin/debug/net6.0/accesstodb.tests.dll" id="9212f222-2a79-e194-7c25-e96dee7342ca">
      <Execution id="5ff1bc22-6a51-4dec-9f60-806882fc2c88" />
      <TestMethod codeBase="/mnt/c/Users/alena/Desktop/7_sem/testing_and_debugging/SkiResort/AccessToDB.Tests/bin/Debug/net6.0/AccessToDB.Tests.dll" adapterTypeName="executor://xunit/VsTestRunner2/netcoreapp" className="AccessToDB.Tests.TurnstilesRepositoryTests" name="TestAddTurnstileAsyncFailsWhenTurnstileIdRepeats" />
    </UnitTest>
    <UnitTest name="AccessToDB.Tests.LiftsSlopesRepositoryTests.TestGetLiftSlopesAsyncEmpty" storage="/mnt/c/users/alena/desktop/7_sem/testing_and_debugging/skiresort/accesstodb.tests/bin/debug/net6.0/accesstodb.tests.dll" id="4145f44e-b4b1-a618-09e8-c631496e6f1a">
      <Execution id="3e30ff43-3bea-4714-b9b6-915c6586ea50" />
      <TestMethod codeBase="/mnt/c/Users/alena/Desktop/7_sem/testing_and_debugging/SkiResort/AccessToDB.Tests/bin/Debug/net6.0/AccessToDB.Tests.dll" adapterTypeName="executor://xunit/VsTestRunner2/netcoreapp" className="AccessToDB.Tests.LiftsSlopesRepositoryTests" name="TestGetLiftSlopesAsyncEmpty" />
    </UnitTest>
    <UnitTest name="AccessToDB.Tests.SlopesRepositoryTests.TestAddSlopeAsyncFailsWhenSlopeIdRepeats(slope: Slope { SlopeID = 125, SlopeName = slopeNamec1429158-453d-40f7-a9a3-545f817698e6, IsOpen = True, DifficultyLevel = 57, ConnectedLifts =  })" storage="/mnt/c/users/alena/desktop/7_sem/testing_and_debugging/skiresort/accesstodb.tests/bin/debug/net6.0/accesstodb.tests.dll" id="032a1832-3138-be28-0278-c2e2810b8d36">
      <Execution id="b92ec88b-6e13-40ff-871c-56227e487f06" />
      <TestMethod codeBase="/mnt/c/Users/alena/Desktop/7_sem/testing_and_debugging/SkiResort/AccessToDB.Tests/bin/Debug/net6.0/AccessToDB.Tests.dll" adapterTypeName="executor://xunit/VsTestRunner2/netcoreapp" className="AccessToDB.Tests.SlopesRepositoryTests" name="TestAddSlopeAsyncFailsWhenSlopeIdRepeats" />
    </UnitTest>
    <UnitTest name="AccessToDB.Tests.TurnstilesRepositoryTests.TestDeleteTurnstileByIDAsyncFailsWhenIDNotExists(turnstileID: 2)" storage="/mnt/c/users/alena/desktop/7_sem/testing_and_debugging/skiresort/accesstodb.tests/bin/debug/net6.0/accesstodb.tests.dll" id="6df8f418-5218-7dd3-8524-cc72e17e47bc">
      <Execution id="f051f1b9-e57b-436d-a50c-579e37f18ee8" />
      <TestMethod codeBase="/mnt/c/Users/alena/Desktop/7_sem/testing_and_debugging/SkiResort/AccessToDB.Tests/bin/Debug/net6.0/AccessToDB.Tests.dll" adapterTypeName="executor://xunit/VsTestRunner2/netcoreapp" className="AccessToDB.Tests.TurnstilesRepositoryTests" name="TestDeleteTurnstileByIDAsyncFailsWhenIDNotExists" />
    </UnitTest>
    <UnitTest name="AccessToDB.Tests.LiftsRepositoryTests.TestGetLiftByIdAsyncOk(lift: Lift { LiftID = 68, LiftName = liftName5e3d6017-faea-4a12-8099-91fa1a1dff31, IsOpen = True, SeatsAmount = 150, LiftingTime = 172, QueueTime = 66, ConnectedSlopes =  })" storage="/mnt/c/users/alena/desktop/7_sem/testing_and_debugging/skiresort/accesstodb.tests/bin/debug/net6.0/accesstodb.tests.dll" id="64be8e90-ece7-3a3c-fbdb-0bc0396b0166">
      <Execution id="8238adf2-b058-4473-8d81-40e046499f84" />
      <TestMethod codeBase="/mnt/c/Users/alena/Desktop/7_sem/testing_and_debugging/SkiResort/AccessToDB.Tests/bin/Debug/net6.0/AccessToDB.Tests.dll" adapterTypeName="executor://xunit/VsTestRunner2/netcoreapp" className="AccessToDB.Tests.LiftsRepositoryTests" name="TestGetLiftByIdAsyncOk" />
    </UnitTest>
    <UnitTest name="AccessToDB.Tests.TurnstilesRepositoryTests.TestAddTurnstileAutoIncrementAsyncOk" storage="/mnt/c/users/alena/desktop/7_sem/testing_and_debugging/skiresort/accesstodb.tests/bin/debug/net6.0/accesstodb.tests.dll" id="f9435956-2e34-e52b-c34e-dce53665cf8e">
      <Execution id="7ff45cd4-3c00-4954-9f33-72c01a2a74ca" />
      <TestMethod codeBase="/mnt/c/Users/alena/Desktop/7_sem/testing_and_debugging/SkiResort/AccessToDB.Tests/bin/Debug/net6.0/AccessToDB.Tests.dll" adapterTypeName="executor://xunit/VsTestRunner2/netcoreapp" className="AccessToDB.Tests.TurnstilesRepositoryTests" name="TestAddTurnstileAutoIncrementAsyncOk" />
    </UnitTest>
    <UnitTest name="AccessToDB.Tests.UsersRepositoryTests.TestGetUsersAsyncEmpty" storage="/mnt/c/users/alena/desktop/7_sem/testing_and_debugging/skiresort/accesstodb.tests/bin/debug/net6.0/accesstodb.tests.dll" id="3741b26d-6ee0-6246-29e4-92009bff37b0">
      <Execution id="7efaa4af-5991-4c4b-a7fe-201d8fdbda1f" />
      <TestMethod codeBase="/mnt/c/Users/alena/Desktop/7_sem/testing_and_debugging/SkiResort/AccessToDB.Tests/bin/Debug/net6.0/AccessToDB.Tests.dll" adapterTypeName="executor://xunit/VsTestRunner2/netcoreapp" className="AccessToDB.Tests.UsersRepositoryTests" name="TestGetUsersAsyncEmpty" />
    </UnitTest>
    <UnitTest name="AccessToDB.Tests.UsersRepositoryTests.TestUpdateUserByIDAsyncOk(user: User { UserID = 29, CardID = 62, UserEmail = UserEmail79526545-87f2-4c69-8431-71360f9c5b04, Password = passwordb2858823-e5d5-48b1-a3bd-be4abaf6a5ad, Permissions = UNAUTHORIZED })" storage="/mnt/c/users/alena/desktop/7_sem/testing_and_debugging/skiresort/accesstodb.tests/bin/debug/net6.0/accesstodb.tests.dll" id="12f79603-7516-069f-7544-3df65e6aff1a">
      <Execution id="13d6bc70-232e-47e2-8997-e79659545c7d" />
      <TestMethod codeBase="/mnt/c/Users/alena/Desktop/7_sem/testing_and_debugging/SkiResort/AccessToDB.Tests/bin/Debug/net6.0/AccessToDB.Tests.dll" adapterTypeName="executor://xunit/VsTestRunner2/netcoreapp" className="AccessToDB.Tests.UsersRepositoryTests" name="TestUpdateUserByIDAsyncOk" />
    </UnitTest>
    <UnitTest name="AccessToDB.Tests.LiftsRepositoryTests.TestGetLiftByNameAsyncFailsWhenNameNotExists(liftName: &quot;liftName2b37e9d1-11bd-4aa8-82f5-c4be004d8953&quot;)" storage="/mnt/c/users/alena/desktop/7_sem/testing_and_debugging/skiresort/accesstodb.tests/bin/debug/net6.0/accesstodb.tests.dll" id="5e85dd57-08da-653c-1c3d-012978b6bd77">
      <Execution id="cc844ef7-2101-4250-8294-afee7f65e0ac" />
      <TestMethod codeBase="/mnt/c/Users/alena/Desktop/7_sem/testing_and_debugging/SkiResort/AccessToDB.Tests/bin/Debug/net6.0/AccessToDB.Tests.dll" adapterTypeName="executor://xunit/VsTestRunner2/netcoreapp" className="AccessToDB.Tests.LiftsRepositoryTests" name="TestGetLiftByNameAsyncFailsWhenNameNotExists" />
    </UnitTest>
    <UnitTest name="AccessToDB.Tests.SlopesRepositoryTests.TestDeleteSlopeByIDAsyncFailsWhenIDNotExists(slopeID: 106)" storage="/mnt/c/users/alena/desktop/7_sem/testing_and_debugging/skiresort/accesstodb.tests/bin/debug/net6.0/accesstodb.tests.dll" id="2d910bc5-91ef-a246-406d-612720c4597a">
      <Execution id="eba8620f-6799-4f4a-9796-40389ca949fa" />
      <TestMethod codeBase="/mnt/c/Users/alena/Desktop/7_sem/testing_and_debugging/SkiResort/AccessToDB.Tests/bin/Debug/net6.0/AccessToDB.Tests.dll" adapterTypeName="executor://xunit/VsTestRunner2/netcoreapp" className="AccessToDB.Tests.SlopesRepositoryTests" name="TestDeleteSlopeByIDAsyncFailsWhenIDNotExists" />
    </UnitTest>
    <UnitTest name="AccessToDB.Tests.SlopesRepositoryTests.TestGetSlopeByNameAsyncFailsWhenNameNotExists(slopeName: &quot;slopeNameedd86977-d372-4352-bf77-98cb3bcd0b8a&quot;)" storage="/mnt/c/users/alena/desktop/7_sem/testing_and_debugging/skiresort/accesstodb.tests/bin/debug/net6.0/accesstodb.tests.dll" id="b0a98327-ff01-287b-ff42-e36c5ae34b2d">
      <Execution id="4358f92a-5a73-4ca4-b0a4-f3c1acf73330" />
      <TestMethod codeBase="/mnt/c/Users/alena/Desktop/7_sem/testing_and_debugging/SkiResort/AccessToDB.Tests/bin/Debug/net6.0/AccessToDB.Tests.dll" adapterTypeName="executor://xunit/VsTestRunner2/netcoreapp" className="AccessToDB.Tests.SlopesRepositoryTests" name="TestGetSlopeByNameAsyncFailsWhenNameNotExists" />
    </UnitTest>
  </TestDefinitions>
  <TestEntries>
    <TestEntry testId="8f7ba917-f771-0dc5-f9b9-465c34344b12" executionId="4d8fa99e-c847-4304-a820-5f3c80ac2b55" testListId="8c84fa94-04c1-424b-9868-57a2d4851a1d" />
    <TestEntry testId="b3c5e1d3-a9d6-dbf8-f2ca-3397029a3a3c" executionId="3088c453-5928-4aec-976f-2a173074a4df" testListId="8c84fa94-04c1-424b-9868-57a2d4851a1d" />
    <TestEntry testId="ec229f70-485a-f91b-53ed-bce655f6cd58" executionId="41ad7f6d-fab9-4b2d-9d0d-7cf667d05864" testListId="8c84fa94-04c1-424b-9868-57a2d4851a1d" />
    <TestEntry testId="3c521313-4ed6-6bce-b4f9-c359411028e7" executionId="9ba5a4e6-4e47-4d09-a280-afffc41be8fc" testListId="8c84fa94-04c1-424b-9868-57a2d4851a1d" />
    <TestEntry testId="f9435956-2e34-e52b-c34e-dce53665cf8e" executionId="7ff45cd4-3c00-4954-9f33-72c01a2a74ca" testListId="8c84fa94-04c1-424b-9868-57a2d4851a1d" />
    <TestEntry testId="a1357789-1887-8739-bf1e-2a1ecdfaa68d" executionId="2c8b1297-479d-4083-a1ad-3852d959b732" testListId="8c84fa94-04c1-424b-9868-57a2d4851a1d" />
    <TestEntry testId="c20a6655-3bcc-9318-ec30-34f6205d167e" executionId="8e8d204d-0775-4dde-a8c2-f4adfdc34ce6" testListId="8c84fa94-04c1-424b-9868-57a2d4851a1d" />
    <TestEntry testId="7d826a16-d330-d0a7-581f-34ac95834104" executionId="75c270bb-b4ef-40a2-b7cb-65288dc847cf" testListId="8c84fa94-04c1-424b-9868-57a2d4851a1d" />
    <TestEntry testId="2d910bc5-91ef-a246-406d-612720c4597a" executionId="eba8620f-6799-4f4a-9796-40389ca949fa" testListId="8c84fa94-04c1-424b-9868-57a2d4851a1d" />
    <TestEntry testId="b0a98327-ff01-287b-ff42-e36c5ae34b2d" executionId="4358f92a-5a73-4ca4-b0a4-f3c1acf73330" testListId="8c84fa94-04c1-424b-9868-57a2d4851a1d" />
    <TestEntry testId="276adc0f-7a20-14ed-5d0d-e87a9989adb7" executionId="6176577e-6f12-416d-bc95-1d1776fa80aa" testListId="8c84fa94-04c1-424b-9868-57a2d4851a1d" />
    <TestEntry testId="b3449203-ad6f-ede5-eb4a-206216a21ef4" executionId="f24cc01f-da25-40bd-9767-4a264e06c34b" testListId="8c84fa94-04c1-424b-9868-57a2d4851a1d" />
    <TestEntry testId="ac1ba86a-131b-1058-1dcd-aceebb8b2308" executionId="9fb85bda-27fe-4f95-9177-8d694947610a" testListId="8c84fa94-04c1-424b-9868-57a2d4851a1d" />
    <TestEntry testId="ba2bd7f3-14b8-a641-a4be-f44c9d6e21d3" executionId="f51ffec0-353e-46d7-bbb6-dc5df60c9c62" testListId="8c84fa94-04c1-424b-9868-57a2d4851a1d" />
    <TestEntry testId="6df8f418-5218-7dd3-8524-cc72e17e47bc" executionId="f051f1b9-e57b-436d-a50c-579e37f18ee8" testListId="8c84fa94-04c1-424b-9868-57a2d4851a1d" />
    <TestEntry testId="12f79603-7516-069f-7544-3df65e6aff1a" executionId="13d6bc70-232e-47e2-8997-e79659545c7d" testListId="8c84fa94-04c1-424b-9868-57a2d4851a1d" />
    <TestEntry testId="c43218db-0d38-e8fb-4033-0388edfcbed7" executionId="d54aba9a-96ae-4352-8d8e-25c3cceaf1c3" testListId="8c84fa94-04c1-424b-9868-57a2d4851a1d" />
    <TestEntry testId="607e8298-f113-be33-300e-15a343893443" executionId="5f28ff33-4703-4f21-9174-1437d438e244" testListId="8c84fa94-04c1-424b-9868-57a2d4851a1d" />
    <TestEntry testId="64be8e90-ece7-3a3c-fbdb-0bc0396b0166" executionId="8238adf2-b058-4473-8d81-40e046499f84" testListId="8c84fa94-04c1-424b-9868-57a2d4851a1d" />
    <TestEntry testId="557eb83d-7e94-a8ab-d9e1-e913fb5df594" executionId="9678a958-2dc5-4d36-9b9d-578aa0b30a55" testListId="8c84fa94-04c1-424b-9868-57a2d4851a1d" />
    <TestEntry testId="61c5902b-2486-526a-3a8b-c18dae359b03" executionId="f33f5c46-c85a-48a2-bbf0-7e3da392aa37" testListId="8c84fa94-04c1-424b-9868-57a2d4851a1d" />
    <TestEntry testId="9bbefb83-8311-6e03-307f-415e3495e223" executionId="30de20f8-ad61-4261-96e3-8f5c89838432" testListId="8c84fa94-04c1-424b-9868-57a2d4851a1d" />
    <TestEntry testId="032a1832-3138-be28-0278-c2e2810b8d36" executionId="b92ec88b-6e13-40ff-871c-56227e487f06" testListId="8c84fa94-04c1-424b-9868-57a2d4851a1d" />
    <TestEntry testId="e75bb6e2-88d9-af2a-a444-c4a9d67f0f0e" executionId="0e8da984-45a2-4b41-9c1d-d07091c1e0d9" testListId="8c84fa94-04c1-424b-9868-57a2d4851a1d" />
    <TestEntry testId="f2fa10ce-457e-d962-390c-cadef5cab8be" executionId="93a48aee-f3ad-4ca1-abb6-14c05fc7376c" testListId="8c84fa94-04c1-424b-9868-57a2d4851a1d" />
    <TestEntry testId="5d88bb4e-6478-e93a-b3c7-35288028303b" executionId="32291b10-315b-4cdb-a205-2821a14abc28" testListId="8c84fa94-04c1-424b-9868-57a2d4851a1d" />
    <TestEntry testId="5e85dd57-08da-653c-1c3d-012978b6bd77" executionId="cc844ef7-2101-4250-8294-afee7f65e0ac" testListId="8c84fa94-04c1-424b-9868-57a2d4851a1d" />
    <TestEntry testId="517f12f4-5c75-51b4-3885-f74b78693c27" executionId="e1a608f4-b625-4a37-88d7-31a26adf9b10" testListId="8c84fa94-04c1-424b-9868-57a2d4851a1d" />
    <TestEntry testId="fecf1530-769b-489d-9704-47a980dc7b4d" executionId="7c919ab9-8ae9-41b2-a3b5-7691041759e3" testListId="8c84fa94-04c1-424b-9868-57a2d4851a1d" />
    <TestEntry testId="3741b26d-6ee0-6246-29e4-92009bff37b0" executionId="7efaa4af-5991-4c4b-a7fe-201d8fdbda1f" testListId="8c84fa94-04c1-424b-9868-57a2d4851a1d" />
    <TestEntry testId="30f8e924-9784-0a43-e807-094f70e06567" executionId="38331861-ce5b-401a-9245-a7fbdfe9cc6c" testListId="8c84fa94-04c1-424b-9868-57a2d4851a1d" />
    <TestEntry testId="4145f44e-b4b1-a618-09e8-c631496e6f1a" executionId="3e30ff43-3bea-4714-b9b6-915c6586ea50" testListId="8c84fa94-04c1-424b-9868-57a2d4851a1d" />
    <TestEntry testId="4900acb3-cbf1-a482-cd19-e051f6304625" executionId="688dcaa1-0f25-4b5d-ba38-b7c87d2852ec" testListId="8c84fa94-04c1-424b-9868-57a2d4851a1d" />
    <TestEntry testId="2fda804c-b380-6817-084b-30d56b0bb5a1" executionId="76546d36-be74-46c9-a8f9-fbd0998441c9" testListId="8c84fa94-04c1-424b-9868-57a2d4851a1d" />
    <TestEntry testId="9212f222-2a79-e194-7c25-e96dee7342ca" executionId="5ff1bc22-6a51-4dec-9f60-806882fc2c88" testListId="8c84fa94-04c1-424b-9868-57a2d4851a1d" />
    <TestEntry testId="cecc470f-b5ae-5164-d950-23a78caac7ff" executionId="df793596-f07d-438d-8922-8d84084f7ad7" testListId="8c84fa94-04c1-424b-9868-57a2d4851a1d" />
    <TestEntry testId="56cd8da8-31a8-6951-c0fb-db175f9cf340" executionId="8a03176b-5d0b-4f68-9abc-ca49f427cf80" testListId="8c84fa94-04c1-424b-9868-57a2d4851a1d" />
    <TestEntry testId="a1345502-39f0-ab08-caa1-3952a1e06933" executionId="9e062d48-71e0-4460-b3b6-940a14c39030" testListId="8c84fa94-04c1-424b-9868-57a2d4851a1d" />
    <TestEntry testId="19fac893-2348-dd48-365b-ab307d18a4f1" executionId="e0998547-5849-4e4d-a3af-fd9cc285cad1" testListId="8c84fa94-04c1-424b-9868-57a2d4851a1d" />
  </TestEntries>
  <TestLists>
    <TestList name="Results Not in a List" id="8c84fa94-04c1-424b-9868-57a2d4851a1d" />
    <TestList name="All Loaded Results" id="19431567-8539-422a-85d7-44ee4e166bda" />
  </TestLists>
  <ResultSummary outcome="Completed">
    <Counters total="39" executed="39" passed="39" failed="0" error="0" timeout="0" aborted="0" inconclusive="0" passedButRunAborted="0" notRunnable="0" notExecuted="0" disconnected="0" warning="0" completed="0" inProgress="0" pending="0" />
    <Output>
      <StdOut>[xUnit.net 00:00:00.00] xUnit.net VSTest Adapter v2.4.5+1caef2f33e (64-bit .NET 6.0.10)
[xUnit.net 00:00:01.17]   Discovering: AccessToDB.Tests
[xUnit.net 00:00:01.30]   Discovered:  AccessToDB.Tests
[xUnit.net 00:00:01.30]   Starting:    AccessToDB.Tests
[xUnit.net 00:00:17.62]   Finished:    AccessToDB.Tests
</StdOut>
    </Output>
  </ResultSummary>
</TestRun>