<?xml version="1.0" encoding="utf-8"?>
<TestRun id="b82ae9fb-96c8-4b94-93b5-9bd159b4f0b7" name="@DESKTOP-TJ9D65N 2022-11-03 11:23:53" xmlns="http://microsoft.com/schemas/VisualStudio/TeamTest/2010">
  <Times creation="2022-11-03T11:23:53.1032638+03:00" queuing="2022-11-03T11:23:53.1032638+03:00" start="2022-11-03T11:23:49.2275336+03:00" finish="2022-11-03T11:24:07.4583553+03:00" />
  <TestSettings name="default" id="20e650b2-ed22-4908-b661-43cbffb327a0">
    <Deployment runDeploymentRoot="_DESKTOP-TJ9D65N_2022-11-03_11_23_53" />
  </TestSettings>
  <Results>
    <UnitTestResult executionId="3f1a201c-f86f-441e-99c1-18b573fd8c42" testId="c62df3d1-a0be-ab2d-1a3f-03cb6cedcfee" testName="AccessToDB.Tests.UsersRepositoryTests.TestGetUserByEmailAsyncFailsWhenEmailNotExists(email: &quot;email81cad583-9208-43f0-b9f4-7c51d807f1d5&quot;)" computerName="DESKTOP-TJ9D65N" duration="00:00:00.3624776" startTime="2022-11-03T11:24:00.0266832+03:00" endTime="2022-11-03T11:24:00.0266834+03:00" testType="13cdc9d9-ddb5-4fa4-a97d-d965ccfc6d4b" outcome="Passed" testListId="8c84fa94-04c1-424b-9868-57a2d4851a1d" relativeResultsDirectory="3f1a201c-f86f-441e-99c1-18b573fd8c42" />
    <UnitTestResult executionId="7e2a4c3a-1509-43b2-987c-aaab0be2eb28" testId="a91bd0bf-c665-8d78-3dd3-3630f17dd8aa" testName="AccessToDB.Tests.LiftsSlopesRepositoryTests.TestDeleteLiftSlopeByIDAsyncFailsWhenIDNotExists(liftSlopeID: 112)" computerName="DESKTOP-TJ9D65N" duration="00:00:00.3758387" startTime="2022-11-03T11:23:55.0982983+03:00" endTime="2022-11-03T11:23:55.0982986+03:00" testType="13cdc9d9-ddb5-4fa4-a97d-d965ccfc6d4b" outcome="Passed" testListId="8c84fa94-04c1-424b-9868-57a2d4851a1d" relativeResultsDirectory="7e2a4c3a-1509-43b2-987c-aaab0be2eb28" />
    <UnitTestResult executionId="823bdf83-7b05-401c-83d7-6d48db559a7f" testId="d323af57-9a18-0d5c-ab3b-70d932eaa6fb" testName="AccessToDB.Tests.LiftsSlopesRepositoryTests.TestAddLiftSlopeAsyncFailsWhenLiftSlopeIdRepeats(liftSlope: LiftSlope { RecordID = 99, LiftID = 55, SlopeID = 141 })" computerName="DESKTOP-TJ9D65N" duration="00:00:00.3925847" startTime="2022-11-03T11:23:57.6001412+03:00" endTime="2022-11-03T11:23:57.6001414+03:00" testType="13cdc9d9-ddb5-4fa4-a97d-d965ccfc6d4b" outcome="Passed" testListId="8c84fa94-04c1-424b-9868-57a2d4851a1d" relativeResultsDirectory="823bdf83-7b05-401c-83d7-6d48db559a7f" />
    <UnitTestResult executionId="5f6ff6d1-6a17-4db5-8352-518d62186296" testId="e1d8ad50-bf41-f9cc-e53d-4ad3a5a63751" testName="AccessToDB.Tests.LiftsRepositoryTests.TestDeleteLiftByIDAsyncFailsWhenIDNotExists(liftID: 191)" computerName="DESKTOP-TJ9D65N" duration="00:00:00.3692805" startTime="2022-11-03T11:23:53.4572429+03:00" endTime="2022-11-03T11:23:53.4572430+03:00" testType="13cdc9d9-ddb5-4fa4-a97d-d965ccfc6d4b" outcome="Passed" testListId="8c84fa94-04c1-424b-9868-57a2d4851a1d" relativeResultsDirectory="5f6ff6d1-6a17-4db5-8352-518d62186296" />
    <UnitTestResult executionId="1651bb48-7476-49bc-a230-e8c408a0a643" testId="8e622d4f-38c7-63a4-a82d-120d7dad796c" testName="AccessToDB.Tests.SlopesRepositoryTests.TestAddSlopeAsyncFailsWhenSlopeIdRepeats(slope: Slope { SlopeID = 171, SlopeName = slopeName461af83d-addb-41b3-9b9e-683b38c3d60f, IsOpen = True, DifficultyLevel = 192, ConnectedLifts =  })" computerName="DESKTOP-TJ9D65N" duration="00:00:00.3931787" startTime="2022-11-03T11:24:04.9961754+03:00" endTime="2022-11-03T11:24:04.9961756+03:00" testType="13cdc9d9-ddb5-4fa4-a97d-d965ccfc6d4b" outcome="Passed" testListId="8c84fa94-04c1-424b-9868-57a2d4851a1d" relativeResultsDirectory="1651bb48-7476-49bc-a230-e8c408a0a643" />
    <UnitTestResult executionId="185bae2c-2028-47bb-b177-0df96ebed18a" testId="b676fff5-3ecd-39d5-6b06-8f6eb0558828" testName="AccessToDB.Tests.SlopesRepositoryTests.TestUpdateSlopeByIDAsyncOk(slope: Slope { SlopeID = 41, SlopeName = slopeName6505457e-bd0f-4714-a0ac-59ce1aa4fa17, IsOpen = True, DifficultyLevel = 129, ConnectedLifts =  })" computerName="DESKTOP-TJ9D65N" duration="00:00:00.3917223" startTime="2022-11-03T11:24:05.7991248+03:00" endTime="2022-11-03T11:24:05.7991250+03:00" testType="13cdc9d9-ddb5-4fa4-a97d-d965ccfc6d4b" outcome="Passed" testListId="8c84fa94-04c1-424b-9868-57a2d4851a1d" relativeResultsDirectory="185bae2c-2028-47bb-b177-0df96ebed18a" />
    <UnitTestResult executionId="c5308540-28c2-432b-a5cd-b56210786750" testId="f5467beb-de6c-9837-946f-86a59d9a257d" testName="AccessToDB.Tests.LiftsSlopesRepositoryTests.TestGetLiftsBySlopeIdAsyncOk(slope1: Slope { SlopeID = 166, SlopeName = slopeName304dd3c4-cf28-4d19-923f-2fc9627b8600, IsOpen = True, DifficultyLevel = 100, ConnectedLifts =  }, slope2: Slope { SlopeID = 26, SlopeName = slopeName370a55bf-0eb7-46aa-bd56-634fffcbc7da, IsOpen = False, DifficultyLevel = 196, ConnectedLifts =  }, lift1: Lift { LiftID = 68, LiftName = liftName53b72ff5-d7af-4ee9-8f36-c2d4fa476bcb, IsOpen = True, SeatsAmount = 178, LiftingTime = 253, QueueTime = 244, ConnectedSlopes =  }, lift2: Lift { LiftID = 214, LiftName = liftName9bc858c2-fc35-4e52-a688-6015c0b84f01, IsOpen = False, SeatsAmount = 175, LiftingTime = 19, QueueTime = 160, ConnectedSlopes =  })" computerName="DESKTOP-TJ9D65N" duration="00:00:00.4231016" startTime="2022-11-03T11:23:58.0374053+03:00" endTime="2022-11-03T11:23:58.0374058+03:00" testType="13cdc9d9-ddb5-4fa4-a97d-d965ccfc6d4b" outcome="Passed" testListId="8c84fa94-04c1-424b-9868-57a2d4851a1d" relativeResultsDirectory="c5308540-28c2-432b-a5cd-b56210786750" />
    <UnitTestResult executionId="5d2383ed-4f98-4a3a-8d3c-8ab14f04742e" testId="cbfd9fac-816e-a5ad-8c76-f25bdc0fc844" testName="AccessToDB.Tests.LiftsRepositoryTests.TestAddLiftAsyncFailsWhenLiftIdRepeats(lift: Lift { LiftID = 132, LiftName = liftNamebd8e30e3-3ee3-4564-b697-dacdf435c0f4, IsOpen = True, SeatsAmount = 83, LiftingTime = 135, QueueTime = 34, ConnectedSlopes =  })" computerName="DESKTOP-TJ9D65N" duration="00:00:00.3944495" startTime="2022-11-03T11:23:54.2410466+03:00" endTime="2022-11-03T11:23:54.2410470+03:00" testType="13cdc9d9-ddb5-4fa4-a97d-d965ccfc6d4b" outcome="Passed" testListId="8c84fa94-04c1-424b-9868-57a2d4851a1d" relativeResultsDirectory="5d2383ed-4f98-4a3a-8d3c-8ab14f04742e" />
    <UnitTestResult executionId="f278de74-9ee9-4c0f-ba21-94156ceb13a7" testId="607e8298-f113-be33-300e-15a343893443" testName="AccessToDB.Tests.LiftsRepositoryTests.TestGetLiftsAsyncEmpty" computerName="DESKTOP-TJ9D65N" duration="00:00:00.3611142" startTime="2022-11-03T11:23:52.6535721+03:00" endTime="2022-11-03T11:23:52.6535724+03:00" testType="13cdc9d9-ddb5-4fa4-a97d-d965ccfc6d4b" outcome="Passed" testListId="8c84fa94-04c1-424b-9868-57a2d4851a1d" relativeResultsDirectory="f278de74-9ee9-4c0f-ba21-94156ceb13a7" />
    <UnitTestResult executionId="8e01ef5c-0d8c-4389-811e-beb4995233db" testId="a9adb2bb-ad6f-550f-bbc0-fb358da3c636" testName="AccessToDB.Tests.LiftsRepositoryTests.TestGetLiftByIdAsyncOk(lift: Lift { LiftID = 150, LiftName = liftNamedc533b6c-f468-4ca3-949c-6c035e1631d1, IsOpen = True, SeatsAmount = 147, LiftingTime = 190, QueueTime = 37, ConnectedSlopes =  })" computerName="DESKTOP-TJ9D65N" duration="00:00:00.3812288" startTime="2022-11-03T11:23:53.0452072+03:00" endTime="2022-11-03T11:23:53.0452079+03:00" testType="13cdc9d9-ddb5-4fa4-a97d-d965ccfc6d4b" outcome="Passed" testListId="8c84fa94-04c1-424b-9868-57a2d4851a1d" relativeResultsDirectory="8e01ef5c-0d8c-4389-811e-beb4995233db" />
    <UnitTestResult executionId="c2ed5867-a1d9-4d2b-aba5-779979224293" testId="2f2fd416-6c50-43e8-7d55-0b4f21be3c20" testName="AccessToDB.Tests.LiftsRepositoryTests.TestGetLiftByNameAsyncFailsWhenNameNotExists(liftName: &quot;liftName7b86a5f9-7bbc-4290-90bc-86adb7d9fcb8&quot;)" computerName="DESKTOP-TJ9D65N" duration="00:00:00.3597273" startTime="2022-11-03T11:23:53.8303788+03:00" endTime="2022-11-03T11:23:53.8303790+03:00" testType="13cdc9d9-ddb5-4fa4-a97d-d965ccfc6d4b" outcome="Passed" testListId="8c84fa94-04c1-424b-9868-57a2d4851a1d" relativeResultsDirectory="c2ed5867-a1d9-4d2b-aba5-779979224293" />
    <UnitTestResult executionId="940d86e4-920d-4912-b871-cb75a9c46dbd" testId="69c1ebcd-8d41-1ce1-599d-d15c87ab0e85" testName="AccessToDB.Tests.SlopesRepositoryTests.TestGetSlopeByIdAsyncOk(slope: Slope { SlopeID = 232, SlopeName = slopeName54a45553-9a2e-4e50-b5cf-a152773bdf9b, IsOpen = True, DifficultyLevel = 170, ConnectedLifts =  })" computerName="DESKTOP-TJ9D65N" duration="00:00:00.3839161" startTime="2022-11-03T11:24:05.3977927+03:00" endTime="2022-11-03T11:24:05.3977928+03:00" testType="13cdc9d9-ddb5-4fa4-a97d-d965ccfc6d4b" outcome="Passed" testListId="8c84fa94-04c1-424b-9868-57a2d4851a1d" relativeResultsDirectory="940d86e4-920d-4912-b871-cb75a9c46dbd" />
    <UnitTestResult executionId="42801d27-66f0-4a48-9bc6-8cd35a7f8f76" testId="709fdbc3-0c70-9da6-219e-8b16cf01c7ea" testName="AccessToDB.Tests.SlopesRepositoryTests.TestDeleteSlopeByIDAsyncFailsWhenIDNotExists(slopeID: 195)" computerName="DESKTOP-TJ9D65N" duration="00:00:00.3666511" startTime="2022-11-03T11:24:06.1910934+03:00" endTime="2022-11-03T11:24:06.1910935+03:00" testType="13cdc9d9-ddb5-4fa4-a97d-d965ccfc6d4b" outcome="Passed" testListId="8c84fa94-04c1-424b-9868-57a2d4851a1d" relativeResultsDirectory="42801d27-66f0-4a48-9bc6-8cd35a7f8f76" />
    <UnitTestResult executionId="0b7031c5-a7fe-4cd7-98b2-7d1afdcb37ba" testId="4145f44e-b4b1-a618-09e8-c631496e6f1a" testName="AccessToDB.Tests.LiftsSlopesRepositoryTests.TestGetLiftSlopesAsyncEmpty" computerName="DESKTOP-TJ9D65N" duration="00:00:00.3616626" startTime="2022-11-03T11:23:57.1887614+03:00" endTime="2022-11-03T11:23:57.1887617+03:00" testType="13cdc9d9-ddb5-4fa4-a97d-d965ccfc6d4b" outcome="Passed" testListId="8c84fa94-04c1-424b-9868-57a2d4851a1d" relativeResultsDirectory="0b7031c5-a7fe-4cd7-98b2-7d1afdcb37ba" />
    <UnitTestResult executionId="a6211f87-e8c0-4895-a17b-bea11706d92c" testId="c723ec37-f3a2-7bb5-346f-ea1634e4973e" testName="AccessToDB.Tests.LiftsSlopesRepositoryTests.TestGetLiftSlopeByIdAsyncOk(liftSlope: LiftSlope { RecordID = 116, LiftID = 251, SlopeID = 220 })" computerName="DESKTOP-TJ9D65N" duration="00:00:00.3846694" startTime="2022-11-03T11:23:54.6824657+03:00" endTime="2022-11-03T11:23:54.6824663+03:00" testType="13cdc9d9-ddb5-4fa4-a97d-d965ccfc6d4b" outcome="Passed" testListId="8c84fa94-04c1-424b-9868-57a2d4851a1d" relativeResultsDirectory="a6211f87-e8c0-4895-a17b-bea11706d92c" />
    <UnitTestResult executionId="75db89bd-8c20-454f-836b-6be22279487e" testId="ae596b09-c315-d730-929e-31d8bb1f2aed" testName="AccessToDB.Tests.UsersRepositoryTests.TestUpdateUserByIDAsyncOk(user: User { UserID = 67, CardID = 82, UserEmail = UserEmail0c417210-66ce-45e3-8e6e-4e23149e3772, Password = password93c7dd10-fe43-44e6-8c9a-0e1a9ea574e3, Permissions = UNAUTHORIZED })" computerName="DESKTOP-TJ9D65N" duration="00:00:00.3970926" startTime="2022-11-03T11:24:00.8724290+03:00" endTime="2022-11-03T11:24:00.8724297+03:00" testType="13cdc9d9-ddb5-4fa4-a97d-d965ccfc6d4b" outcome="Passed" testListId="8c84fa94-04c1-424b-9868-57a2d4851a1d" relativeResultsDirectory="75db89bd-8c20-454f-836b-6be22279487e" />
    <UnitTestResult executionId="6d7d6907-7604-4f9a-bda1-3503562e0420" testId="ec229f70-485a-f91b-53ed-bce655f6cd58" testName="AccessToDB.Tests.LiftsRepositoryTests.TestAddLiftAutoIncrementAsyncOk" computerName="DESKTOP-TJ9D65N" duration="00:00:00.4719617" startTime="2022-11-03T11:23:51.8358046+03:00" endTime="2022-11-03T11:23:51.8358302+03:00" testType="13cdc9d9-ddb5-4fa4-a97d-d965ccfc6d4b" outcome="Passed" testListId="8c84fa94-04c1-424b-9868-57a2d4851a1d" relativeResultsDirectory="6d7d6907-7604-4f9a-bda1-3503562e0420" />
    <UnitTestResult executionId="f01ffb4d-fad8-4295-9de7-27199fb3da3b" testId="6de598fb-66d8-a81c-9c5f-d85d4f618142" testName="AccessToDB.Tests.UsersRepositoryTests.TestDeleteUserByIDAsyncFailsWhenIDNotExists(userID: 34)" computerName="DESKTOP-TJ9D65N" duration="00:00:00.3617186" startTime="2022-11-03T11:23:58.8091294+03:00" endTime="2022-11-03T11:23:58.8091297+03:00" testType="13cdc9d9-ddb5-4fa4-a97d-d965ccfc6d4b" outcome="Passed" testListId="8c84fa94-04c1-424b-9868-57a2d4851a1d" relativeResultsDirectory="f01ffb4d-fad8-4295-9de7-27199fb3da3b" />
    <UnitTestResult executionId="d966baae-1cb0-4b40-8d6a-6761629da433" testId="3741b26d-6ee0-6246-29e4-92009bff37b0" testName="AccessToDB.Tests.UsersRepositoryTests.TestGetUsersAsyncEmpty" computerName="DESKTOP-TJ9D65N" duration="00:00:00.3622601" startTime="2022-11-03T11:23:58.4349023+03:00" endTime="2022-11-03T11:23:58.4349025+03:00" testType="13cdc9d9-ddb5-4fa4-a97d-d965ccfc6d4b" outcome="Passed" testListId="8c84fa94-04c1-424b-9868-57a2d4851a1d" relativeResultsDirectory="d966baae-1cb0-4b40-8d6a-6761629da433" />
    <UnitTestResult executionId="5efcd0ac-4fab-41e9-8ef7-afed3b99085b" testId="870dd57b-5006-997b-1d9f-a76a72a61162" testName="AccessToDB.Tests.UsersRepositoryTests.TestAddUserAsyncFailsWhenUserIdRepeats(user: User { UserID = 156, CardID = 250, UserEmail = UserEmail0cfb16fc-2fb5-4fa4-ab1f-f2dce45b1ef9, Password = password704d3f3d-7ec1-4c26-8772-a60751c63263, Permissions = UNAUTHORIZED })" computerName="DESKTOP-TJ9D65N" duration="00:00:00.3974402" startTime="2022-11-03T11:23:59.2331902+03:00" endTime="2022-11-03T11:23:59.2331907+03:00" testType="13cdc9d9-ddb5-4fa4-a97d-d965ccfc6d4b" outcome="Passed" testListId="8c84fa94-04c1-424b-9868-57a2d4851a1d" relativeResultsDirectory="5efcd0ac-4fab-41e9-8ef7-afed3b99085b" />
    <UnitTestResult executionId="d77827f4-11aa-453c-91ac-5b23725ce5b8" testId="9aebfc74-e387-4f21-d25b-10b61deebcf4" testName="AccessToDB.Tests.SlopesRepositoryTests.TestGetSlopeByNameAsyncFailsWhenNameNotExists(slopeName: &quot;slopeName61cfbe58-9e73-4841-b512-81be6c9891b3&quot;)" computerName="DESKTOP-TJ9D65N" duration="00:00:00.3601189" startTime="2022-11-03T11:24:07.3642422+03:00" endTime="2022-11-03T11:24:07.3642423+03:00" testType="13cdc9d9-ddb5-4fa4-a97d-d965ccfc6d4b" outcome="Passed" testListId="8c84fa94-04c1-424b-9868-57a2d4851a1d" relativeResultsDirectory="d77827f4-11aa-453c-91ac-5b23725ce5b8" />
    <UnitTestResult executionId="1b60c849-16ed-44c5-ad9e-07d0224f68cd" testId="15bd80a1-7cb9-6e13-d70a-2360fe718f67" testName="AccessToDB.Tests.TurnstilesRepositoryTests.TestGetTurnstileByIdAsyncOk(turnstile: Turnstile { TurnstileID = 187, LiftID = 181, IsOpen = True })" computerName="DESKTOP-TJ9D65N" duration="00:00:00.3815264" startTime="2022-11-03T11:24:03.6903882+03:00" endTime="2022-11-03T11:24:03.6903884+03:00" testType="13cdc9d9-ddb5-4fa4-a97d-d965ccfc6d4b" outcome="Passed" testListId="8c84fa94-04c1-424b-9868-57a2d4851a1d" relativeResultsDirectory="1b60c849-16ed-44c5-ad9e-07d0224f68cd" />
    <UnitTestResult executionId="81ddc363-c46f-4d38-b116-03fb3121a36b" testId="3c521313-4ed6-6bce-b4f9-c359411028e7" testName="AccessToDB.Tests.TurnstilesRepositoryTests.TestGetTurnstilesAsyncEmpty" computerName="DESKTOP-TJ9D65N" duration="00:00:00.3623570" startTime="2022-11-03T11:24:02.0428230+03:00" endTime="2022-11-03T11:24:02.0428231+03:00" testType="13cdc9d9-ddb5-4fa4-a97d-d965ccfc6d4b" outcome="Passed" testListId="8c84fa94-04c1-424b-9868-57a2d4851a1d" relativeResultsDirectory="81ddc363-c46f-4d38-b116-03fb3121a36b" />
    <UnitTestResult executionId="f265f52b-b920-4af5-bc15-8231d9b4a7a7" testId="9aac7820-f79a-e86a-b06c-9376cf56d083" testName="AccessToDB.Tests.LiftsSlopesRepositoryTests.TestUpdateLiftSlopeByIDAsyncOk(liftSlope: LiftSlope { RecordID = 237, LiftID = 255, SlopeID = 208 })" computerName="DESKTOP-TJ9D65N" duration="00:00:00.4029737" startTime="2022-11-03T11:23:56.3625701+03:00" endTime="2022-11-03T11:23:56.3625706+03:00" testType="13cdc9d9-ddb5-4fa4-a97d-d965ccfc6d4b" outcome="Passed" testListId="8c84fa94-04c1-424b-9868-57a2d4851a1d" relativeResultsDirectory="f265f52b-b920-4af5-bc15-8231d9b4a7a7" />
    <UnitTestResult executionId="fa760afd-e30b-45da-8ef0-11576c932f6d" testId="8f7ba917-f771-0dc5-f9b9-465c34344b12" testName="AccessToDB.Tests.SlopesRepositoryTests.TestAddSlopeAutoIncrementAsyncOk" computerName="DESKTOP-TJ9D65N" duration="00:00:00.3935672" startTime="2022-11-03T11:24:06.6096114+03:00" endTime="2022-11-03T11:24:06.6096115+03:00" testType="13cdc9d9-ddb5-4fa4-a97d-d965ccfc6d4b" outcome="Passed" testListId="8c84fa94-04c1-424b-9868-57a2d4851a1d" relativeResultsDirectory="fa760afd-e30b-45da-8ef0-11576c932f6d" />
    <UnitTestResult executionId="e7981d92-c1fd-43ad-9d13-c84e35aca123" testId="b64fe4f4-7181-fad4-1271-c3ec3ad1b148" testName="AccessToDB.Tests.UsersRepositoryTests.TestCheckUserEmailExistsAsyncFalse(userEmail: &quot;userEmail82164068-64d2-4e65-9afa-63bf1ede9472&quot;)" computerName="DESKTOP-TJ9D65N" duration="00:00:00.3604321" startTime="2022-11-03T11:24:01.2453055+03:00" endTime="2022-11-03T11:24:01.2453057+03:00" testType="13cdc9d9-ddb5-4fa4-a97d-d965ccfc6d4b" outcome="Passed" testListId="8c84fa94-04c1-424b-9868-57a2d4851a1d" relativeResultsDirectory="e7981d92-c1fd-43ad-9d13-c84e35aca123" />
    <UnitTestResult executionId="c7ae6c9c-a300-4c63-9f65-9ee3446a2369" testId="f9435956-2e34-e52b-c34e-dce53665cf8e" testName="AccessToDB.Tests.TurnstilesRepositoryTests.TestAddTurnstileAutoIncrementAsyncOk" computerName="DESKTOP-TJ9D65N" duration="00:00:00.3908672" startTime="2022-11-03T11:24:02.4482409+03:00" endTime="2022-11-03T11:24:02.4482412+03:00" testType="13cdc9d9-ddb5-4fa4-a97d-d965ccfc6d4b" outcome="Passed" testListId="8c84fa94-04c1-424b-9868-57a2d4851a1d" relativeResultsDirectory="c7ae6c9c-a300-4c63-9f65-9ee3446a2369" />
    <UnitTestResult executionId="95e12cec-6635-409e-815c-728460a5a83d" testId="404e0d14-17f3-2b4b-b113-c71d554181ae" testName="AccessToDB.Tests.TurnstilesRepositoryTests.TestAddTurnstileAsyncFailsWhenTurnstileIdRepeats(turnstile: Turnstile { TurnstileID = 239, LiftID = 58, IsOpen = True })" computerName="DESKTOP-TJ9D65N" duration="00:00:00.3913971" startTime="2022-11-03T11:24:03.2934657+03:00" endTime="2022-11-03T11:24:03.2934659+03:00" testType="13cdc9d9-ddb5-4fa4-a97d-d965ccfc6d4b" outcome="Passed" testListId="8c84fa94-04c1-424b-9868-57a2d4851a1d" relativeResultsDirectory="95e12cec-6635-409e-815c-728460a5a83d" />
    <UnitTestResult executionId="08b23729-1679-45f0-8bce-6104ee2af591" testId="30f8e924-9784-0a43-e807-094f70e06567" testName="AccessToDB.Tests.LiftsSlopesRepositoryTests.TestAddLiftSlopeAutoIncrementAsyncOk" computerName="DESKTOP-TJ9D65N" duration="00:00:00.4006827" startTime="2022-11-03T11:23:56.8084635+03:00" endTime="2022-11-03T11:23:56.8084639+03:00" testType="13cdc9d9-ddb5-4fa4-a97d-d965ccfc6d4b" outcome="Passed" testListId="8c84fa94-04c1-424b-9868-57a2d4851a1d" relativeResultsDirectory="08b23729-1679-45f0-8bce-6104ee2af591" />
    <UnitTestResult executionId="4602d0be-304e-4fe4-9641-55b2760cddc9" testId="0f31a3c5-9057-9f0e-5183-89a52bdb8a26" testName="AccessToDB.Tests.TurnstilesRepositoryTests.TestUpdateTurnstileByIDAsyncOk(turnstile: Turnstile { TurnstileID = 2, LiftID = 152, IsOpen = True })" computerName="DESKTOP-TJ9D65N" duration="00:00:00.3947361" startTime="2022-11-03T11:24:02.8661343+03:00" endTime="2022-11-03T11:24:02.8661348+03:00" testType="13cdc9d9-ddb5-4fa4-a97d-d965ccfc6d4b" outcome="Passed" testListId="8c84fa94-04c1-424b-9868-57a2d4851a1d" relativeResultsDirectory="4602d0be-304e-4fe4-9641-55b2760cddc9" />
    <UnitTestResult executionId="b52f4f9b-38b3-4706-9ef4-01159ea05f6f" testId="bbbc4d26-4778-2bf2-32f4-56d20601a40b" testName="AccessToDB.Tests.UsersRepositoryTests.TestGetUserByIdAsyncOk(user: User { UserID = 245, CardID = 39, UserEmail = UserEmail4da9483c-3921-4cc7-bad3-1d683c353a3f, Password = passwordedbccc59-67d1-44a9-8b42-76a0373790e1, Permissions = UNAUTHORIZED })" computerName="DESKTOP-TJ9D65N" duration="00:00:00.3889827" startTime="2022-11-03T11:24:00.4325649+03:00" endTime="2022-11-03T11:24:00.4325657+03:00" testType="13cdc9d9-ddb5-4fa4-a97d-d965ccfc6d4b" outcome="Passed" testListId="8c84fa94-04c1-424b-9868-57a2d4851a1d" relativeResultsDirectory="b52f4f9b-38b3-4706-9ef4-01159ea05f6f" />
    <UnitTestResult executionId="51aa7b6e-21d4-4ddf-9c73-061245c9275d" testId="f93ab876-2a38-353d-834f-d46191183462" testName="AccessToDB.Tests.LiftsSlopesRepositoryTests.TestGetSlopesByLiftIdAsyncFailsWhenSlopeNotExists(liftSlope: LiftSlope { RecordID = 100, LiftID = 112, SlopeID = 237 })" computerName="DESKTOP-TJ9D65N" duration="00:00:00.3907537" startTime="2022-11-03T11:23:55.5191692+03:00" endTime="2022-11-03T11:23:55.5191693+03:00" testType="13cdc9d9-ddb5-4fa4-a97d-d965ccfc6d4b" outcome="Passed" testListId="8c84fa94-04c1-424b-9868-57a2d4851a1d" relativeResultsDirectory="51aa7b6e-21d4-4ddf-9c73-061245c9275d" />
    <UnitTestResult executionId="d5c4e4bc-97f0-4cf1-acae-d965b5322227" testId="e75bb6e2-88d9-af2a-a444-c4a9d67f0f0e" testName="AccessToDB.Tests.UsersRepositoryTests.TestAddUserAutoIncrementAsyncOk" computerName="DESKTOP-TJ9D65N" duration="00:00:00.4018398" startTime="2022-11-03T11:24:01.6619629+03:00" endTime="2022-11-03T11:24:01.6619631+03:00" testType="13cdc9d9-ddb5-4fa4-a97d-d965ccfc6d4b" outcome="Passed" testListId="8c84fa94-04c1-424b-9868-57a2d4851a1d" relativeResultsDirectory="d5c4e4bc-97f0-4cf1-acae-d965b5322227" />
    <UnitTestResult executionId="c9f6f414-1961-4ad8-a381-821b8d9af41d" testId="afd3cbfc-2738-5c5e-fd2e-f7b271b53d84" testName="AccessToDB.Tests.UsersRepositoryTests.TestCheckUserIdExistsAsyncTrue(user: User { UserID = 152, CardID = 140, UserEmail = UserEmailc9b6c19d-1f76-4b99-a044-6e60d9968f09, Password = passwordc11298c1-74d0-4edd-94d8-dabef7d6d828, Permissions = UNAUTHORIZED })" computerName="DESKTOP-TJ9D65N" duration="00:00:00.3867427" startTime="2022-11-03T11:23:59.6460147+03:00" endTime="2022-11-03T11:23:59.6460149+03:00" testType="13cdc9d9-ddb5-4fa4-a97d-d965ccfc6d4b" outcome="Passed" testListId="8c84fa94-04c1-424b-9868-57a2d4851a1d" relativeResultsDirectory="c9f6f414-1961-4ad8-a381-821b8d9af41d" />
    <UnitTestResult executionId="635a6f19-74a3-48ae-aa0a-d4d6de2ecd1b" testId="5fee1813-10d2-3602-2104-19c858b03c1f" testName="AccessToDB.Tests.TurnstilesRepositoryTests.TestDeleteTurnstileByIDAsyncFailsWhenIDNotExists(turnstileID: 57)" computerName="DESKTOP-TJ9D65N" duration="00:00:00.3612294" startTime="2022-11-03T11:24:04.0641024+03:00" endTime="2022-11-03T11:24:04.0641031+03:00" testType="13cdc9d9-ddb5-4fa4-a97d-d965ccfc6d4b" outcome="Passed" testListId="8c84fa94-04c1-424b-9868-57a2d4851a1d" relativeResultsDirectory="635a6f19-74a3-48ae-aa0a-d4d6de2ecd1b" />
    <UnitTestResult executionId="a7bb2d23-37d6-497d-b747-a85d414946b1" testId="7615b20c-fc5f-58cf-4115-8c0b0a36ffb4" testName="AccessToDB.Tests.LiftsRepositoryTests.TestUpdateLiftByIDAsyncOk(lift: Lift { LiftID = 3, LiftName = liftNameb9c53e0c-bc44-4034-81a4-091042701dfc, IsOpen = True, SeatsAmount = 104, LiftingTime = 13, QueueTime = 144, ConnectedSlopes =  })" computerName="DESKTOP-TJ9D65N" duration="00:00:00.3934272" startTime="2022-11-03T11:23:52.2726404+03:00" endTime="2022-11-03T11:23:52.2726406+03:00" testType="13cdc9d9-ddb5-4fa4-a97d-d965ccfc6d4b" outcome="Passed" testListId="8c84fa94-04c1-424b-9868-57a2d4851a1d" relativeResultsDirectory="a7bb2d23-37d6-497d-b747-a85d414946b1" />
    <UnitTestResult executionId="32ebcb35-0ff9-4745-abb4-4143e42452fc" testId="9bbefb83-8311-6e03-307f-415e3495e223" testName="AccessToDB.Tests.SlopesRepositoryTests.TestGetSlopesAsyncEmpty" computerName="DESKTOP-TJ9D65N" duration="00:00:00.3625141" startTime="2022-11-03T11:24:06.9902718+03:00" endTime="2022-11-03T11:24:06.9902719+03:00" testType="13cdc9d9-ddb5-4fa4-a97d-d965ccfc6d4b" outcome="Passed" testListId="8c84fa94-04c1-424b-9868-57a2d4851a1d" relativeResultsDirectory="32ebcb35-0ff9-4745-abb4-4143e42452fc" />
    <UnitTestResult executionId="1e1edb98-8cd5-4d62-ba03-7d04cb0717a7" testId="84d0e3e0-7ce1-dc01-9ae1-6f4b22529edf" testName="AccessToDB.Tests.TurnstilesRepositoryTests.TestGetTurnstilesByLiftIdAsyncOk(liftID: 8)" computerName="DESKTOP-TJ9D65N" duration="00:00:00.4906129" startTime="2022-11-03T11:24:04.5870200+03:00" endTime="2022-11-03T11:24:04.5870202+03:00" testType="13cdc9d9-ddb5-4fa4-a97d-d965ccfc6d4b" outcome="Passed" testListId="8c84fa94-04c1-424b-9868-57a2d4851a1d" relativeResultsDirectory="1e1edb98-8cd5-4d62-ba03-7d04cb0717a7" />
    <UnitTestResult executionId="09a77682-0fb2-493a-a1ad-9a9d7c5ba54f" testId="f7fb436e-8c8f-3f33-7c76-2dc46aba618b" testName="AccessToDB.Tests.LiftsSlopesRepositoryTests.TestDeleteLiftSlopesByIDsAsyncOk(liftSlope: LiftSlope { RecordID = 32, LiftID = 112, SlopeID = 108 })" computerName="DESKTOP-TJ9D65N" duration="00:00:00.3921078" startTime="2022-11-03T11:23:55.9262290+03:00" endTime="2022-11-03T11:23:55.9262292+03:00" testType="13cdc9d9-ddb5-4fa4-a97d-d965ccfc6d4b" outcome="Passed" testListId="8c84fa94-04c1-424b-9868-57a2d4851a1d" relativeResultsDirectory="09a77682-0fb2-493a-a1ad-9a9d7c5ba54f" />
  </Results>
  <TestDefinitions>
    <UnitTest name="AccessToDB.Tests.TurnstilesRepositoryTests.TestAddTurnstileAsyncFailsWhenTurnstileIdRepeats(turnstile: Turnstile { TurnstileID = 239, LiftID = 58, IsOpen = True })" storage="/mnt/c/users/alena/desktop/7_sem/testing_and_debugging/skiresort/accesstodb.tests/bin/debug/net6.0/accesstodb.tests.dll" id="404e0d14-17f3-2b4b-b113-c71d554181ae">
      <Execution id="95e12cec-6635-409e-815c-728460a5a83d" />
      <TestMethod codeBase="/mnt/c/Users/alena/Desktop/7_sem/testing_and_debugging/SkiResort/AccessToDB.Tests/bin/Debug/net6.0/AccessToDB.Tests.dll" adapterTypeName="executor://xunit/VsTestRunner2/netcoreapp" className="AccessToDB.Tests.TurnstilesRepositoryTests" name="TestAddTurnstileAsyncFailsWhenTurnstileIdRepeats" />
    </UnitTest>
    <UnitTest name="AccessToDB.Tests.UsersRepositoryTests.TestGetUsersAsyncEmpty" storage="/mnt/c/users/alena/desktop/7_sem/testing_and_debugging/skiresort/accesstodb.tests/bin/debug/net6.0/accesstodb.tests.dll" id="3741b26d-6ee0-6246-29e4-92009bff37b0">
      <Execution id="d966baae-1cb0-4b40-8d6a-6761629da433" />
      <TestMethod codeBase="/mnt/c/Users/alena/Desktop/7_sem/testing_and_debugging/SkiResort/AccessToDB.Tests/bin/Debug/net6.0/AccessToDB.Tests.dll" adapterTypeName="executor://xunit/VsTestRunner2/netcoreapp" className="AccessToDB.Tests.UsersRepositoryTests" name="TestGetUsersAsyncEmpty" />
    </UnitTest>
    <UnitTest name="AccessToDB.Tests.TurnstilesRepositoryTests.TestGetTurnstilesByLiftIdAsyncOk(liftID: 8)" storage="/mnt/c/users/alena/desktop/7_sem/testing_and_debugging/skiresort/accesstodb.tests/bin/debug/net6.0/accesstodb.tests.dll" id="84d0e3e0-7ce1-dc01-9ae1-6f4b22529edf">
      <Execution id="1e1edb98-8cd5-4d62-ba03-7d04cb0717a7" />
      <TestMethod codeBase="/mnt/c/Users/alena/Desktop/7_sem/testing_and_debugging/SkiResort/AccessToDB.Tests/bin/Debug/net6.0/AccessToDB.Tests.dll" adapterTypeName="executor://xunit/VsTestRunner2/netcoreapp" className="AccessToDB.Tests.TurnstilesRepositoryTests" name="TestGetTurnstilesByLiftIdAsyncOk" />
    </UnitTest>
    <UnitTest name="AccessToDB.Tests.LiftsSlopesRepositoryTests.TestGetLiftsBySlopeIdAsyncOk(slope1: Slope { SlopeID = 166, SlopeName = slopeName304dd3c4-cf28-4d19-923f-2fc9627b8600, IsOpen = True, DifficultyLevel = 100, ConnectedLifts =  }, slope2: Slope { SlopeID = 26, SlopeName = slopeName370a55bf-0eb7-46aa-bd56-634fffcbc7da, IsOpen = False, DifficultyLevel = 196, ConnectedLifts =  }, lift1: Lift { LiftID = 68, LiftName = liftName53b72ff5-d7af-4ee9-8f36-c2d..." storage="/mnt/c/users/alena/desktop/7_sem/testing_and_debugging/skiresort/accesstodb.tests/bin/debug/net6.0/accesstodb.tests.dll" id="f5467beb-de6c-9837-946f-86a59d9a257d">
      <Execution id="c5308540-28c2-432b-a5cd-b56210786750" />
      <TestMethod codeBase="/mnt/c/Users/alena/Desktop/7_sem/testing_and_debugging/SkiResort/AccessToDB.Tests/bin/Debug/net6.0/AccessToDB.Tests.dll" adapterTypeName="executor://xunit/VsTestRunner2/netcoreapp" className="AccessToDB.Tests.LiftsSlopesRepositoryTests" name="TestGetLiftsBySlopeIdAsyncOk" />
    </UnitTest>
    <UnitTest name="AccessToDB.Tests.LiftsSlopesRepositoryTests.TestGetLiftSlopeByIdAsyncOk(liftSlope: LiftSlope { RecordID = 116, LiftID = 251, SlopeID = 220 })" storage="/mnt/c/users/alena/desktop/7_sem/testing_and_debugging/skiresort/accesstodb.tests/bin/debug/net6.0/accesstodb.tests.dll" id="c723ec37-f3a2-7bb5-346f-ea1634e4973e">
      <Execution id="a6211f87-e8c0-4895-a17b-bea11706d92c" />
      <TestMethod codeBase="/mnt/c/Users/alena/Desktop/7_sem/testing_and_debugging/SkiResort/AccessToDB.Tests/bin/Debug/net6.0/AccessToDB.Tests.dll" adapterTypeName="executor://xunit/VsTestRunner2/netcoreapp" className="AccessToDB.Tests.LiftsSlopesRepositoryTests" name="TestGetLiftSlopeByIdAsyncOk" />
    </UnitTest>
    <UnitTest name="AccessToDB.Tests.TurnstilesRepositoryTests.TestAddTurnstileAutoIncrementAsyncOk" storage="/mnt/c/users/alena/desktop/7_sem/testing_and_debugging/skiresort/accesstodb.tests/bin/debug/net6.0/accesstodb.tests.dll" id="f9435956-2e34-e52b-c34e-dce53665cf8e">
      <Execution id="c7ae6c9c-a300-4c63-9f65-9ee3446a2369" />
      <TestMethod codeBase="/mnt/c/Users/alena/Desktop/7_sem/testing_and_debugging/SkiResort/AccessToDB.Tests/bin/Debug/net6.0/AccessToDB.Tests.dll" adapterTypeName="executor://xunit/VsTestRunner2/netcoreapp" className="AccessToDB.Tests.TurnstilesRepositoryTests" name="TestAddTurnstileAutoIncrementAsyncOk" />
    </UnitTest>
    <UnitTest name="AccessToDB.Tests.LiftsRepositoryTests.TestGetLiftByNameAsyncFailsWhenNameNotExists(liftName: &quot;liftName7b86a5f9-7bbc-4290-90bc-86adb7d9fcb8&quot;)" storage="/mnt/c/users/alena/desktop/7_sem/testing_and_debugging/skiresort/accesstodb.tests/bin/debug/net6.0/accesstodb.tests.dll" id="2f2fd416-6c50-43e8-7d55-0b4f21be3c20">
      <Execution id="c2ed5867-a1d9-4d2b-aba5-779979224293" />
      <TestMethod codeBase="/mnt/c/Users/alena/Desktop/7_sem/testing_and_debugging/SkiResort/AccessToDB.Tests/bin/Debug/net6.0/AccessToDB.Tests.dll" adapterTypeName="executor://xunit/VsTestRunner2/netcoreapp" className="AccessToDB.Tests.LiftsRepositoryTests" name="TestGetLiftByNameAsyncFailsWhenNameNotExists" />
    </UnitTest>
    <UnitTest name="AccessToDB.Tests.LiftsRepositoryTests.TestGetLiftByIdAsyncOk(lift: Lift { LiftID = 150, LiftName = liftNamedc533b6c-f468-4ca3-949c-6c035e1631d1, IsOpen = True, SeatsAmount = 147, LiftingTime = 190, QueueTime = 37, ConnectedSlopes =  })" storage="/mnt/c/users/alena/desktop/7_sem/testing_and_debugging/skiresort/accesstodb.tests/bin/debug/net6.0/accesstodb.tests.dll" id="a9adb2bb-ad6f-550f-bbc0-fb358da3c636">
      <Execution id="8e01ef5c-0d8c-4389-811e-beb4995233db" />
      <TestMethod codeBase="/mnt/c/Users/alena/Desktop/7_sem/testing_and_debugging/SkiResort/AccessToDB.Tests/bin/Debug/net6.0/AccessToDB.Tests.dll" adapterTypeName="executor://xunit/VsTestRunner2/netcoreapp" className="AccessToDB.Tests.LiftsRepositoryTests" name="TestGetLiftByIdAsyncOk" />
    </UnitTest>
    <UnitTest name="AccessToDB.Tests.SlopesRepositoryTests.TestGetSlopeByIdAsyncOk(slope: Slope { SlopeID = 232, SlopeName = slopeName54a45553-9a2e-4e50-b5cf-a152773bdf9b, IsOpen = True, DifficultyLevel = 170, ConnectedLifts =  })" storage="/mnt/c/users/alena/desktop/7_sem/testing_and_debugging/skiresort/accesstodb.tests/bin/debug/net6.0/accesstodb.tests.dll" id="69c1ebcd-8d41-1ce1-599d-d15c87ab0e85">
      <Execution id="940d86e4-920d-4912-b871-cb75a9c46dbd" />
      <TestMethod codeBase="/mnt/c/Users/alena/Desktop/7_sem/testing_and_debugging/SkiResort/AccessToDB.Tests/bin/Debug/net6.0/AccessToDB.Tests.dll" adapterTypeName="executor://xunit/VsTestRunner2/netcoreapp" className="AccessToDB.Tests.SlopesRepositoryTests" name="TestGetSlopeByIdAsyncOk" />
    </UnitTest>
    <UnitTest name="AccessToDB.Tests.LiftsRepositoryTests.TestDeleteLiftByIDAsyncFailsWhenIDNotExists(liftID: 191)" storage="/mnt/c/users/alena/desktop/7_sem/testing_and_debugging/skiresort/accesstodb.tests/bin/debug/net6.0/accesstodb.tests.dll" id="e1d8ad50-bf41-f9cc-e53d-4ad3a5a63751">
      <Execution id="5f6ff6d1-6a17-4db5-8352-518d62186296" />
      <TestMethod codeBase="/mnt/c/Users/alena/Desktop/7_sem/testing_and_debugging/SkiResort/AccessToDB.Tests/bin/Debug/net6.0/AccessToDB.Tests.dll" adapterTypeName="executor://xunit/VsTestRunner2/netcoreapp" className="AccessToDB.Tests.LiftsRepositoryTests" name="TestDeleteLiftByIDAsyncFailsWhenIDNotExists" />
    </UnitTest>
    <UnitTest name="AccessToDB.Tests.SlopesRepositoryTests.TestDeleteSlopeByIDAsyncFailsWhenIDNotExists(slopeID: 195)" storage="/mnt/c/users/alena/desktop/7_sem/testing_and_debugging/skiresort/accesstodb.tests/bin/debug/net6.0/accesstodb.tests.dll" id="709fdbc3-0c70-9da6-219e-8b16cf01c7ea">
      <Execution id="42801d27-66f0-4a48-9bc6-8cd35a7f8f76" />
      <TestMethod codeBase="/mnt/c/Users/alena/Desktop/7_sem/testing_and_debugging/SkiResort/AccessToDB.Tests/bin/Debug/net6.0/AccessToDB.Tests.dll" adapterTypeName="executor://xunit/VsTestRunner2/netcoreapp" className="AccessToDB.Tests.SlopesRepositoryTests" name="TestDeleteSlopeByIDAsyncFailsWhenIDNotExists" />
    </UnitTest>
    <UnitTest name="AccessToDB.Tests.LiftsSlopesRepositoryTests.TestGetSlopesByLiftIdAsyncFailsWhenSlopeNotExists(liftSlope: LiftSlope { RecordID = 100, LiftID = 112, SlopeID = 237 })" storage="/mnt/c/users/alena/desktop/7_sem/testing_and_debugging/skiresort/accesstodb.tests/bin/debug/net6.0/accesstodb.tests.dll" id="f93ab876-2a38-353d-834f-d46191183462">
      <Execution id="51aa7b6e-21d4-4ddf-9c73-061245c9275d" />
      <TestMethod codeBase="/mnt/c/Users/alena/Desktop/7_sem/testing_and_debugging/SkiResort/AccessToDB.Tests/bin/Debug/net6.0/AccessToDB.Tests.dll" adapterTypeName="executor://xunit/VsTestRunner2/netcoreapp" className="AccessToDB.Tests.LiftsSlopesRepositoryTests" name="TestGetSlopesByLiftIdAsyncFailsWhenSlopeNotExists" />
    </UnitTest>
    <UnitTest name="AccessToDB.Tests.LiftsSlopesRepositoryTests.TestDeleteLiftSlopeByIDAsyncFailsWhenIDNotExists(liftSlopeID: 112)" storage="/mnt/c/users/alena/desktop/7_sem/testing_and_debugging/skiresort/accesstodb.tests/bin/debug/net6.0/accesstodb.tests.dll" id="a91bd0bf-c665-8d78-3dd3-3630f17dd8aa">
      <Execution id="7e2a4c3a-1509-43b2-987c-aaab0be2eb28" />
      <TestMethod codeBase="/mnt/c/Users/alena/Desktop/7_sem/testing_and_debugging/SkiResort/AccessToDB.Tests/bin/Debug/net6.0/AccessToDB.Tests.dll" adapterTypeName="executor://xunit/VsTestRunner2/netcoreapp" className="AccessToDB.Tests.LiftsSlopesRepositoryTests" name="TestDeleteLiftSlopeByIDAsyncFailsWhenIDNotExists" />
    </UnitTest>
    <UnitTest name="AccessToDB.Tests.LiftsSlopesRepositoryTests.TestGetLiftSlopesAsyncEmpty" storage="/mnt/c/users/alena/desktop/7_sem/testing_and_debugging/skiresort/accesstodb.tests/bin/debug/net6.0/accesstodb.tests.dll" id="4145f44e-b4b1-a618-09e8-c631496e6f1a">
      <Execution id="0b7031c5-a7fe-4cd7-98b2-7d1afdcb37ba" />
      <TestMethod codeBase="/mnt/c/Users/alena/Desktop/7_sem/testing_and_debugging/SkiResort/AccessToDB.Tests/bin/Debug/net6.0/AccessToDB.Tests.dll" adapterTypeName="executor://xunit/VsTestRunner2/netcoreapp" className="AccessToDB.Tests.LiftsSlopesRepositoryTests" name="TestGetLiftSlopesAsyncEmpty" />
    </UnitTest>
    <UnitTest name="AccessToDB.Tests.UsersRepositoryTests.TestGetUserByIdAsyncOk(user: User { UserID = 245, CardID = 39, UserEmail = UserEmail4da9483c-3921-4cc7-bad3-1d683c353a3f, Password = passwordedbccc59-67d1-44a9-8b42-76a0373790e1, Permissions = UNAUTHORIZED })" storage="/mnt/c/users/alena/desktop/7_sem/testing_and_debugging/skiresort/accesstodb.tests/bin/debug/net6.0/accesstodb.tests.dll" id="bbbc4d26-4778-2bf2-32f4-56d20601a40b">
      <Execution id="b52f4f9b-38b3-4706-9ef4-01159ea05f6f" />
      <TestMethod codeBase="/mnt/c/Users/alena/Desktop/7_sem/testing_and_debugging/SkiResort/AccessToDB.Tests/bin/Debug/net6.0/AccessToDB.Tests.dll" adapterTypeName="executor://xunit/VsTestRunner2/netcoreapp" className="AccessToDB.Tests.UsersRepositoryTests" name="TestGetUserByIdAsyncOk" />
    </UnitTest>
    <UnitTest name="AccessToDB.Tests.LiftsSlopesRepositoryTests.TestUpdateLiftSlopeByIDAsyncOk(liftSlope: LiftSlope { RecordID = 237, LiftID = 255, SlopeID = 208 })" storage="/mnt/c/users/alena/desktop/7_sem/testing_and_debugging/skiresort/accesstodb.tests/bin/debug/net6.0/accesstodb.tests.dll" id="9aac7820-f79a-e86a-b06c-9376cf56d083">
      <Execution id="f265f52b-b920-4af5-bc15-8231d9b4a7a7" />
      <TestMethod codeBase="/mnt/c/Users/alena/Desktop/7_sem/testing_and_debugging/SkiResort/AccessToDB.Tests/bin/Debug/net6.0/AccessToDB.Tests.dll" adapterTypeName="executor://xunit/VsTestRunner2/netcoreapp" className="AccessToDB.Tests.LiftsSlopesRepositoryTests" name="TestUpdateLiftSlopeByIDAsyncOk" />
    </UnitTest>
    <UnitTest name="AccessToDB.Tests.UsersRepositoryTests.TestUpdateUserByIDAsyncOk(user: User { UserID = 67, CardID = 82, UserEmail = UserEmail0c417210-66ce-45e3-8e6e-4e23149e3772, Password = password93c7dd10-fe43-44e6-8c9a-0e1a9ea574e3, Permissions = UNAUTHORIZED })" storage="/mnt/c/users/alena/desktop/7_sem/testing_and_debugging/skiresort/accesstodb.tests/bin/debug/net6.0/accesstodb.tests.dll" id="ae596b09-c315-d730-929e-31d8bb1f2aed">
      <Execution id="75db89bd-8c20-454f-836b-6be22279487e" />
      <TestMethod codeBase="/mnt/c/Users/alena/Desktop/7_sem/testing_and_debugging/SkiResort/AccessToDB.Tests/bin/Debug/net6.0/AccessToDB.Tests.dll" adapterTypeName="executor://xunit/VsTestRunner2/netcoreapp" className="AccessToDB.Tests.UsersRepositoryTests" name="TestUpdateUserByIDAsyncOk" />
    </UnitTest>
    <UnitTest name="AccessToDB.Tests.SlopesRepositoryTests.TestGetSlopeByNameAsyncFailsWhenNameNotExists(slopeName: &quot;slopeName61cfbe58-9e73-4841-b512-81be6c9891b3&quot;)" storage="/mnt/c/users/alena/desktop/7_sem/testing_and_debugging/skiresort/accesstodb.tests/bin/debug/net6.0/accesstodb.tests.dll" id="9aebfc74-e387-4f21-d25b-10b61deebcf4">
      <Execution id="d77827f4-11aa-453c-91ac-5b23725ce5b8" />
      <TestMethod codeBase="/mnt/c/Users/alena/Desktop/7_sem/testing_and_debugging/SkiResort/AccessToDB.Tests/bin/Debug/net6.0/AccessToDB.Tests.dll" adapterTypeName="executor://xunit/VsTestRunner2/netcoreapp" className="AccessToDB.Tests.SlopesRepositoryTests" name="TestGetSlopeByNameAsyncFailsWhenNameNotExists" />
    </UnitTest>
    <UnitTest name="AccessToDB.Tests.SlopesRepositoryTests.TestGetSlopesAsyncEmpty" storage="/mnt/c/users/alena/desktop/7_sem/testing_and_debugging/skiresort/accesstodb.tests/bin/debug/net6.0/accesstodb.tests.dll" id="9bbefb83-8311-6e03-307f-415e3495e223">
      <Execution id="32ebcb35-0ff9-4745-abb4-4143e42452fc" />
      <TestMethod codeBase="/mnt/c/Users/alena/Desktop/7_sem/testing_and_debugging/SkiResort/AccessToDB.Tests/bin/Debug/net6.0/AccessToDB.Tests.dll" adapterTypeName="executor://xunit/VsTestRunner2/netcoreapp" className="AccessToDB.Tests.SlopesRepositoryTests" name="TestGetSlopesAsyncEmpty" />
    </UnitTest>
    <UnitTest name="AccessToDB.Tests.LiftsRepositoryTests.TestAddLiftAutoIncrementAsyncOk" storage="/mnt/c/users/alena/desktop/7_sem/testing_and_debugging/skiresort/accesstodb.tests/bin/debug/net6.0/accesstodb.tests.dll" id="ec229f70-485a-f91b-53ed-bce655f6cd58">
      <Execution id="6d7d6907-7604-4f9a-bda1-3503562e0420" />
      <TestMethod codeBase="/mnt/c/Users/alena/Desktop/7_sem/testing_and_debugging/SkiResort/AccessToDB.Tests/bin/Debug/net6.0/AccessToDB.Tests.dll" adapterTypeName="executor://xunit/VsTestRunner2/netcoreapp" className="AccessToDB.Tests.LiftsRepositoryTests" name="TestAddLiftAutoIncrementAsyncOk" />
    </UnitTest>
    <UnitTest name="AccessToDB.Tests.TurnstilesRepositoryTests.TestGetTurnstilesAsyncEmpty" storage="/mnt/c/users/alena/desktop/7_sem/testing_and_debugging/skiresort/accesstodb.tests/bin/debug/net6.0/accesstodb.tests.dll" id="3c521313-4ed6-6bce-b4f9-c359411028e7">
      <Execution id="81ddc363-c46f-4d38-b116-03fb3121a36b" />
      <TestMethod codeBase="/mnt/c/Users/alena/Desktop/7_sem/testing_and_debugging/SkiResort/AccessToDB.Tests/bin/Debug/net6.0/AccessToDB.Tests.dll" adapterTypeName="executor://xunit/VsTestRunner2/netcoreapp" className="AccessToDB.Tests.TurnstilesRepositoryTests" name="TestGetTurnstilesAsyncEmpty" />
    </UnitTest>
    <UnitTest name="AccessToDB.Tests.LiftsSlopesRepositoryTests.TestAddLiftSlopeAutoIncrementAsyncOk" storage="/mnt/c/users/alena/desktop/7_sem/testing_and_debugging/skiresort/accesstodb.tests/bin/debug/net6.0/accesstodb.tests.dll" id="30f8e924-9784-0a43-e807-094f70e06567">
      <Execution id="08b23729-1679-45f0-8bce-6104ee2af591" />
      <TestMethod codeBase="/mnt/c/Users/alena/Desktop/7_sem/testing_and_debugging/SkiResort/AccessToDB.Tests/bin/Debug/net6.0/AccessToDB.Tests.dll" adapterTypeName="executor://xunit/VsTestRunner2/netcoreapp" className="AccessToDB.Tests.LiftsSlopesRepositoryTests" name="TestAddLiftSlopeAutoIncrementAsyncOk" />
    </UnitTest>
    <UnitTest name="AccessToDB.Tests.SlopesRepositoryTests.TestAddSlopeAsyncFailsWhenSlopeIdRepeats(slope: Slope { SlopeID = 171, SlopeName = slopeName461af83d-addb-41b3-9b9e-683b38c3d60f, IsOpen = True, DifficultyLevel = 192, ConnectedLifts =  })" storage="/mnt/c/users/alena/desktop/7_sem/testing_and_debugging/skiresort/accesstodb.tests/bin/debug/net6.0/accesstodb.tests.dll" id="8e622d4f-38c7-63a4-a82d-120d7dad796c">
      <Execution id="1651bb48-7476-49bc-a230-e8c408a0a643" />
      <TestMethod codeBase="/mnt/c/Users/alena/Desktop/7_sem/testing_and_debugging/SkiResort/AccessToDB.Tests/bin/Debug/net6.0/AccessToDB.Tests.dll" adapterTypeName="executor://xunit/VsTestRunner2/netcoreapp" className="AccessToDB.Tests.SlopesRepositoryTests" name="TestAddSlopeAsyncFailsWhenSlopeIdRepeats" />
    </UnitTest>
    <UnitTest name="AccessToDB.Tests.UsersRepositoryTests.TestCheckUserIdExistsAsyncTrue(user: User { UserID = 152, CardID = 140, UserEmail = UserEmailc9b6c19d-1f76-4b99-a044-6e60d9968f09, Password = passwordc11298c1-74d0-4edd-94d8-dabef7d6d828, Permissions = UNAUTHORIZED })" storage="/mnt/c/users/alena/desktop/7_sem/testing_and_debugging/skiresort/accesstodb.tests/bin/debug/net6.0/accesstodb.tests.dll" id="afd3cbfc-2738-5c5e-fd2e-f7b271b53d84">
      <Execution id="c9f6f414-1961-4ad8-a381-821b8d9af41d" />
      <TestMethod codeBase="/mnt/c/Users/alena/Desktop/7_sem/testing_and_debugging/SkiResort/AccessToDB.Tests/bin/Debug/net6.0/AccessToDB.Tests.dll" adapterTypeName="executor://xunit/VsTestRunner2/netcoreapp" className="AccessToDB.Tests.UsersRepositoryTests" name="TestCheckUserIdExistsAsyncTrue" />
    </UnitTest>
    <UnitTest name="AccessToDB.Tests.UsersRepositoryTests.TestCheckUserEmailExistsAsyncFalse(userEmail: &quot;userEmail82164068-64d2-4e65-9afa-63bf1ede9472&quot;)" storage="/mnt/c/users/alena/desktop/7_sem/testing_and_debugging/skiresort/accesstodb.tests/bin/debug/net6.0/accesstodb.tests.dll" id="b64fe4f4-7181-fad4-1271-c3ec3ad1b148">
      <Execution id="e7981d92-c1fd-43ad-9d13-c84e35aca123" />
      <TestMethod codeBase="/mnt/c/Users/alena/Desktop/7_sem/testing_and_debugging/SkiResort/AccessToDB.Tests/bin/Debug/net6.0/AccessToDB.Tests.dll" adapterTypeName="executor://xunit/VsTestRunner2/netcoreapp" className="AccessToDB.Tests.UsersRepositoryTests" name="TestCheckUserEmailExistsAsyncFalse" />
    </UnitTest>
    <UnitTest name="AccessToDB.Tests.UsersRepositoryTests.TestAddUserAutoIncrementAsyncOk" storage="/mnt/c/users/alena/desktop/7_sem/testing_and_debugging/skiresort/accesstodb.tests/bin/debug/net6.0/accesstodb.tests.dll" id="e75bb6e2-88d9-af2a-a444-c4a9d67f0f0e">
      <Execution id="d5c4e4bc-97f0-4cf1-acae-d965b5322227" />
      <TestMethod codeBase="/mnt/c/Users/alena/Desktop/7_sem/testing_and_debugging/SkiResort/AccessToDB.Tests/bin/Debug/net6.0/AccessToDB.Tests.dll" adapterTypeName="executor://xunit/VsTestRunner2/netcoreapp" className="AccessToDB.Tests.UsersRepositoryTests" name="TestAddUserAutoIncrementAsyncOk" />
    </UnitTest>
    <UnitTest name="AccessToDB.Tests.UsersRepositoryTests.TestGetUserByEmailAsyncFailsWhenEmailNotExists(email: &quot;email81cad583-9208-43f0-b9f4-7c51d807f1d5&quot;)" storage="/mnt/c/users/alena/desktop/7_sem/testing_and_debugging/skiresort/accesstodb.tests/bin/debug/net6.0/accesstodb.tests.dll" id="c62df3d1-a0be-ab2d-1a3f-03cb6cedcfee">
      <Execution id="3f1a201c-f86f-441e-99c1-18b573fd8c42" />
      <TestMethod codeBase="/mnt/c/Users/alena/Desktop/7_sem/testing_and_debugging/SkiResort/AccessToDB.Tests/bin/Debug/net6.0/AccessToDB.Tests.dll" adapterTypeName="executor://xunit/VsTestRunner2/netcoreapp" className="AccessToDB.Tests.UsersRepositoryTests" name="TestGetUserByEmailAsyncFailsWhenEmailNotExists" />
    </UnitTest>
    <UnitTest name="AccessToDB.Tests.SlopesRepositoryTests.TestAddSlopeAutoIncrementAsyncOk" storage="/mnt/c/users/alena/desktop/7_sem/testing_and_debugging/skiresort/accesstodb.tests/bin/debug/net6.0/accesstodb.tests.dll" id="8f7ba917-f771-0dc5-f9b9-465c34344b12">
      <Execution id="fa760afd-e30b-45da-8ef0-11576c932f6d" />
      <TestMethod codeBase="/mnt/c/Users/alena/Desktop/7_sem/testing_and_debugging/SkiResort/AccessToDB.Tests/bin/Debug/net6.0/AccessToDB.Tests.dll" adapterTypeName="executor://xunit/VsTestRunner2/netcoreapp" className="AccessToDB.Tests.SlopesRepositoryTests" name="TestAddSlopeAutoIncrementAsyncOk" />
    </UnitTest>
    <UnitTest name="AccessToDB.Tests.TurnstilesRepositoryTests.TestUpdateTurnstileByIDAsyncOk(turnstile: Turnstile { TurnstileID = 2, LiftID = 152, IsOpen = True })" storage="/mnt/c/users/alena/desktop/7_sem/testing_and_debugging/skiresort/accesstodb.tests/bin/debug/net6.0/accesstodb.tests.dll" id="0f31a3c5-9057-9f0e-5183-89a52bdb8a26">
      <Execution id="4602d0be-304e-4fe4-9641-55b2760cddc9" />
      <TestMethod codeBase="/mnt/c/Users/alena/Desktop/7_sem/testing_and_debugging/SkiResort/AccessToDB.Tests/bin/Debug/net6.0/AccessToDB.Tests.dll" adapterTypeName="executor://xunit/VsTestRunner2/netcoreapp" className="AccessToDB.Tests.TurnstilesRepositoryTests" name="TestUpdateTurnstileByIDAsyncOk" />
    </UnitTest>
    <UnitTest name="AccessToDB.Tests.LiftsSlopesRepositoryTests.TestDeleteLiftSlopesByIDsAsyncOk(liftSlope: LiftSlope { RecordID = 32, LiftID = 112, SlopeID = 108 })" storage="/mnt/c/users/alena/desktop/7_sem/testing_and_debugging/skiresort/accesstodb.tests/bin/debug/net6.0/accesstodb.tests.dll" id="f7fb436e-8c8f-3f33-7c76-2dc46aba618b">
      <Execution id="09a77682-0fb2-493a-a1ad-9a9d7c5ba54f" />
      <TestMethod codeBase="/mnt/c/Users/alena/Desktop/7_sem/testing_and_debugging/SkiResort/AccessToDB.Tests/bin/Debug/net6.0/AccessToDB.Tests.dll" adapterTypeName="executor://xunit/VsTestRunner2/netcoreapp" className="AccessToDB.Tests.LiftsSlopesRepositoryTests" name="TestDeleteLiftSlopesByIDsAsyncOk" />
    </UnitTest>
    <UnitTest name="AccessToDB.Tests.TurnstilesRepositoryTests.TestGetTurnstileByIdAsyncOk(turnstile: Turnstile { TurnstileID = 187, LiftID = 181, IsOpen = True })" storage="/mnt/c/users/alena/desktop/7_sem/testing_and_debugging/skiresort/accesstodb.tests/bin/debug/net6.0/accesstodb.tests.dll" id="15bd80a1-7cb9-6e13-d70a-2360fe718f67">
      <Execution id="1b60c849-16ed-44c5-ad9e-07d0224f68cd" />
      <TestMethod codeBase="/mnt/c/Users/alena/Desktop/7_sem/testing_and_debugging/SkiResort/AccessToDB.Tests/bin/Debug/net6.0/AccessToDB.Tests.dll" adapterTypeName="executor://xunit/VsTestRunner2/netcoreapp" className="AccessToDB.Tests.TurnstilesRepositoryTests" name="TestGetTurnstileByIdAsyncOk" />
    </UnitTest>
    <UnitTest name="AccessToDB.Tests.UsersRepositoryTests.TestDeleteUserByIDAsyncFailsWhenIDNotExists(userID: 34)" storage="/mnt/c/users/alena/desktop/7_sem/testing_and_debugging/skiresort/accesstodb.tests/bin/debug/net6.0/accesstodb.tests.dll" id="6de598fb-66d8-a81c-9c5f-d85d4f618142">
      <Execution id="f01ffb4d-fad8-4295-9de7-27199fb3da3b" />
      <TestMethod codeBase="/mnt/c/Users/alena/Desktop/7_sem/testing_and_debugging/SkiResort/AccessToDB.Tests/bin/Debug/net6.0/AccessToDB.Tests.dll" adapterTypeName="executor://xunit/VsTestRunner2/netcoreapp" className="AccessToDB.Tests.UsersRepositoryTests" name="TestDeleteUserByIDAsyncFailsWhenIDNotExists" />
    </UnitTest>
    <UnitTest name="AccessToDB.Tests.LiftsSlopesRepositoryTests.TestAddLiftSlopeAsyncFailsWhenLiftSlopeIdRepeats(liftSlope: LiftSlope { RecordID = 99, LiftID = 55, SlopeID = 141 })" storage="/mnt/c/users/alena/desktop/7_sem/testing_and_debugging/skiresort/accesstodb.tests/bin/debug/net6.0/accesstodb.tests.dll" id="d323af57-9a18-0d5c-ab3b-70d932eaa6fb">
      <Execution id="823bdf83-7b05-401c-83d7-6d48db559a7f" />
      <TestMethod codeBase="/mnt/c/Users/alena/Desktop/7_sem/testing_and_debugging/SkiResort/AccessToDB.Tests/bin/Debug/net6.0/AccessToDB.Tests.dll" adapterTypeName="executor://xunit/VsTestRunner2/netcoreapp" className="AccessToDB.Tests.LiftsSlopesRepositoryTests" name="TestAddLiftSlopeAsyncFailsWhenLiftSlopeIdRepeats" />
    </UnitTest>
    <UnitTest name="AccessToDB.Tests.TurnstilesRepositoryTests.TestDeleteTurnstileByIDAsyncFailsWhenIDNotExists(turnstileID: 57)" storage="/mnt/c/users/alena/desktop/7_sem/testing_and_debugging/skiresort/accesstodb.tests/bin/debug/net6.0/accesstodb.tests.dll" id="5fee1813-10d2-3602-2104-19c858b03c1f">
      <Execution id="635a6f19-74a3-48ae-aa0a-d4d6de2ecd1b" />
      <TestMethod codeBase="/mnt/c/Users/alena/Desktop/7_sem/testing_and_debugging/SkiResort/AccessToDB.Tests/bin/Debug/net6.0/AccessToDB.Tests.dll" adapterTypeName="executor://xunit/VsTestRunner2/netcoreapp" className="AccessToDB.Tests.TurnstilesRepositoryTests" name="TestDeleteTurnstileByIDAsyncFailsWhenIDNotExists" />
    </UnitTest>
    <UnitTest name="AccessToDB.Tests.LiftsRepositoryTests.TestGetLiftsAsyncEmpty" storage="/mnt/c/users/alena/desktop/7_sem/testing_and_debugging/skiresort/accesstodb.tests/bin/debug/net6.0/accesstodb.tests.dll" id="607e8298-f113-be33-300e-15a343893443">
      <Execution id="f278de74-9ee9-4c0f-ba21-94156ceb13a7" />
      <TestMethod codeBase="/mnt/c/Users/alena/Desktop/7_sem/testing_and_debugging/SkiResort/AccessToDB.Tests/bin/Debug/net6.0/AccessToDB.Tests.dll" adapterTypeName="executor://xunit/VsTestRunner2/netcoreapp" className="AccessToDB.Tests.LiftsRepositoryTests" name="TestGetLiftsAsyncEmpty" />
    </UnitTest>
    <UnitTest name="AccessToDB.Tests.LiftsRepositoryTests.TestAddLiftAsyncFailsWhenLiftIdRepeats(lift: Lift { LiftID = 132, LiftName = liftNamebd8e30e3-3ee3-4564-b697-dacdf435c0f4, IsOpen = True, SeatsAmount = 83, LiftingTime = 135, QueueTime = 34, ConnectedSlopes =  })" storage="/mnt/c/users/alena/desktop/7_sem/testing_and_debugging/skiresort/accesstodb.tests/bin/debug/net6.0/accesstodb.tests.dll" id="cbfd9fac-816e-a5ad-8c76-f25bdc0fc844">
      <Execution id="5d2383ed-4f98-4a3a-8d3c-8ab14f04742e" />
      <TestMethod codeBase="/mnt/c/Users/alena/Desktop/7_sem/testing_and_debugging/SkiResort/AccessToDB.Tests/bin/Debug/net6.0/AccessToDB.Tests.dll" adapterTypeName="executor://xunit/VsTestRunner2/netcoreapp" className="AccessToDB.Tests.LiftsRepositoryTests" name="TestAddLiftAsyncFailsWhenLiftIdRepeats" />
    </UnitTest>
    <UnitTest name="AccessToDB.Tests.SlopesRepositoryTests.TestUpdateSlopeByIDAsyncOk(slope: Slope { SlopeID = 41, SlopeName = slopeName6505457e-bd0f-4714-a0ac-59ce1aa4fa17, IsOpen = True, DifficultyLevel = 129, ConnectedLifts =  })" storage="/mnt/c/users/alena/desktop/7_sem/testing_and_debugging/skiresort/accesstodb.tests/bin/debug/net6.0/accesstodb.tests.dll" id="b676fff5-3ecd-39d5-6b06-8f6eb0558828">
      <Execution id="185bae2c-2028-47bb-b177-0df96ebed18a" />
      <TestMethod codeBase="/mnt/c/Users/alena/Desktop/7_sem/testing_and_debugging/SkiResort/AccessToDB.Tests/bin/Debug/net6.0/AccessToDB.Tests.dll" adapterTypeName="executor://xunit/VsTestRunner2/netcoreapp" className="AccessToDB.Tests.SlopesRepositoryTests" name="TestUpdateSlopeByIDAsyncOk" />
    </UnitTest>
    <UnitTest name="AccessToDB.Tests.UsersRepositoryTests.TestAddUserAsyncFailsWhenUserIdRepeats(user: User { UserID = 156, CardID = 250, UserEmail = UserEmail0cfb16fc-2fb5-4fa4-ab1f-f2dce45b1ef9, Password = password704d3f3d-7ec1-4c26-8772-a60751c63263, Permissions = UNAUTHORIZED })" storage="/mnt/c/users/alena/desktop/7_sem/testing_and_debugging/skiresort/accesstodb.tests/bin/debug/net6.0/accesstodb.tests.dll" id="870dd57b-5006-997b-1d9f-a76a72a61162">
      <Execution id="5efcd0ac-4fab-41e9-8ef7-afed3b99085b" />
      <TestMethod codeBase="/mnt/c/Users/alena/Desktop/7_sem/testing_and_debugging/SkiResort/AccessToDB.Tests/bin/Debug/net6.0/AccessToDB.Tests.dll" adapterTypeName="executor://xunit/VsTestRunner2/netcoreapp" className="AccessToDB.Tests.UsersRepositoryTests" name="TestAddUserAsyncFailsWhenUserIdRepeats" />
    </UnitTest>
    <UnitTest name="AccessToDB.Tests.LiftsRepositoryTests.TestUpdateLiftByIDAsyncOk(lift: Lift { LiftID = 3, LiftName = liftNameb9c53e0c-bc44-4034-81a4-091042701dfc, IsOpen = True, SeatsAmount = 104, LiftingTime = 13, QueueTime = 144, ConnectedSlopes =  })" storage="/mnt/c/users/alena/desktop/7_sem/testing_and_debugging/skiresort/accesstodb.tests/bin/debug/net6.0/accesstodb.tests.dll" id="7615b20c-fc5f-58cf-4115-8c0b0a36ffb4">
      <Execution id="a7bb2d23-37d6-497d-b747-a85d414946b1" />
      <TestMethod codeBase="/mnt/c/Users/alena/Desktop/7_sem/testing_and_debugging/SkiResort/AccessToDB.Tests/bin/Debug/net6.0/AccessToDB.Tests.dll" adapterTypeName="executor://xunit/VsTestRunner2/netcoreapp" className="AccessToDB.Tests.LiftsRepositoryTests" name="TestUpdateLiftByIDAsyncOk" />
    </UnitTest>
  </TestDefinitions>
  <TestEntries>
    <TestEntry testId="c62df3d1-a0be-ab2d-1a3f-03cb6cedcfee" executionId="3f1a201c-f86f-441e-99c1-18b573fd8c42" testListId="8c84fa94-04c1-424b-9868-57a2d4851a1d" />
    <TestEntry testId="a91bd0bf-c665-8d78-3dd3-3630f17dd8aa" executionId="7e2a4c3a-1509-43b2-987c-aaab0be2eb28" testListId="8c84fa94-04c1-424b-9868-57a2d4851a1d" />
    <TestEntry testId="d323af57-9a18-0d5c-ab3b-70d932eaa6fb" executionId="823bdf83-7b05-401c-83d7-6d48db559a7f" testListId="8c84fa94-04c1-424b-9868-57a2d4851a1d" />
    <TestEntry testId="e1d8ad50-bf41-f9cc-e53d-4ad3a5a63751" executionId="5f6ff6d1-6a17-4db5-8352-518d62186296" testListId="8c84fa94-04c1-424b-9868-57a2d4851a1d" />
    <TestEntry testId="8e622d4f-38c7-63a4-a82d-120d7dad796c" executionId="1651bb48-7476-49bc-a230-e8c408a0a643" testListId="8c84fa94-04c1-424b-9868-57a2d4851a1d" />
    <TestEntry testId="b676fff5-3ecd-39d5-6b06-8f6eb0558828" executionId="185bae2c-2028-47bb-b177-0df96ebed18a" testListId="8c84fa94-04c1-424b-9868-57a2d4851a1d" />
    <TestEntry testId="f5467beb-de6c-9837-946f-86a59d9a257d" executionId="c5308540-28c2-432b-a5cd-b56210786750" testListId="8c84fa94-04c1-424b-9868-57a2d4851a1d" />
    <TestEntry testId="cbfd9fac-816e-a5ad-8c76-f25bdc0fc844" executionId="5d2383ed-4f98-4a3a-8d3c-8ab14f04742e" testListId="8c84fa94-04c1-424b-9868-57a2d4851a1d" />
    <TestEntry testId="607e8298-f113-be33-300e-15a343893443" executionId="f278de74-9ee9-4c0f-ba21-94156ceb13a7" testListId="8c84fa94-04c1-424b-9868-57a2d4851a1d" />
    <TestEntry testId="a9adb2bb-ad6f-550f-bbc0-fb358da3c636" executionId="8e01ef5c-0d8c-4389-811e-beb4995233db" testListId="8c84fa94-04c1-424b-9868-57a2d4851a1d" />
    <TestEntry testId="2f2fd416-6c50-43e8-7d55-0b4f21be3c20" executionId="c2ed5867-a1d9-4d2b-aba5-779979224293" testListId="8c84fa94-04c1-424b-9868-57a2d4851a1d" />
    <TestEntry testId="69c1ebcd-8d41-1ce1-599d-d15c87ab0e85" executionId="940d86e4-920d-4912-b871-cb75a9c46dbd" testListId="8c84fa94-04c1-424b-9868-57a2d4851a1d" />
    <TestEntry testId="709fdbc3-0c70-9da6-219e-8b16cf01c7ea" executionId="42801d27-66f0-4a48-9bc6-8cd35a7f8f76" testListId="8c84fa94-04c1-424b-9868-57a2d4851a1d" />
    <TestEntry testId="4145f44e-b4b1-a618-09e8-c631496e6f1a" executionId="0b7031c5-a7fe-4cd7-98b2-7d1afdcb37ba" testListId="8c84fa94-04c1-424b-9868-57a2d4851a1d" />
    <TestEntry testId="c723ec37-f3a2-7bb5-346f-ea1634e4973e" executionId="a6211f87-e8c0-4895-a17b-bea11706d92c" testListId="8c84fa94-04c1-424b-9868-57a2d4851a1d" />
    <TestEntry testId="ae596b09-c315-d730-929e-31d8bb1f2aed" executionId="75db89bd-8c20-454f-836b-6be22279487e" testListId="8c84fa94-04c1-424b-9868-57a2d4851a1d" />
    <TestEntry testId="ec229f70-485a-f91b-53ed-bce655f6cd58" executionId="6d7d6907-7604-4f9a-bda1-3503562e0420" testListId="8c84fa94-04c1-424b-9868-57a2d4851a1d" />
    <TestEntry testId="6de598fb-66d8-a81c-9c5f-d85d4f618142" executionId="f01ffb4d-fad8-4295-9de7-27199fb3da3b" testListId="8c84fa94-04c1-424b-9868-57a2d4851a1d" />
    <TestEntry testId="3741b26d-6ee0-6246-29e4-92009bff37b0" executionId="d966baae-1cb0-4b40-8d6a-6761629da433" testListId="8c84fa94-04c1-424b-9868-57a2d4851a1d" />
    <TestEntry testId="870dd57b-5006-997b-1d9f-a76a72a61162" executionId="5efcd0ac-4fab-41e9-8ef7-afed3b99085b" testListId="8c84fa94-04c1-424b-9868-57a2d4851a1d" />
    <TestEntry testId="9aebfc74-e387-4f21-d25b-10b61deebcf4" executionId="d77827f4-11aa-453c-91ac-5b23725ce5b8" testListId="8c84fa94-04c1-424b-9868-57a2d4851a1d" />
    <TestEntry testId="15bd80a1-7cb9-6e13-d70a-2360fe718f67" executionId="1b60c849-16ed-44c5-ad9e-07d0224f68cd" testListId="8c84fa94-04c1-424b-9868-57a2d4851a1d" />
    <TestEntry testId="3c521313-4ed6-6bce-b4f9-c359411028e7" executionId="81ddc363-c46f-4d38-b116-03fb3121a36b" testListId="8c84fa94-04c1-424b-9868-57a2d4851a1d" />
    <TestEntry testId="9aac7820-f79a-e86a-b06c-9376cf56d083" executionId="f265f52b-b920-4af5-bc15-8231d9b4a7a7" testListId="8c84fa94-04c1-424b-9868-57a2d4851a1d" />
    <TestEntry testId="8f7ba917-f771-0dc5-f9b9-465c34344b12" executionId="fa760afd-e30b-45da-8ef0-11576c932f6d" testListId="8c84fa94-04c1-424b-9868-57a2d4851a1d" />
    <TestEntry testId="b64fe4f4-7181-fad4-1271-c3ec3ad1b148" executionId="e7981d92-c1fd-43ad-9d13-c84e35aca123" testListId="8c84fa94-04c1-424b-9868-57a2d4851a1d" />
    <TestEntry testId="f9435956-2e34-e52b-c34e-dce53665cf8e" executionId="c7ae6c9c-a300-4c63-9f65-9ee3446a2369" testListId="8c84fa94-04c1-424b-9868-57a2d4851a1d" />
    <TestEntry testId="404e0d14-17f3-2b4b-b113-c71d554181ae" executionId="95e12cec-6635-409e-815c-728460a5a83d" testListId="8c84fa94-04c1-424b-9868-57a2d4851a1d" />
    <TestEntry testId="30f8e924-9784-0a43-e807-094f70e06567" executionId="08b23729-1679-45f0-8bce-6104ee2af591" testListId="8c84fa94-04c1-424b-9868-57a2d4851a1d" />
    <TestEntry testId="0f31a3c5-9057-9f0e-5183-89a52bdb8a26" executionId="4602d0be-304e-4fe4-9641-55b2760cddc9" testListId="8c84fa94-04c1-424b-9868-57a2d4851a1d" />
    <TestEntry testId="bbbc4d26-4778-2bf2-32f4-56d20601a40b" executionId="b52f4f9b-38b3-4706-9ef4-01159ea05f6f" testListId="8c84fa94-04c1-424b-9868-57a2d4851a1d" />
    <TestEntry testId="f93ab876-2a38-353d-834f-d46191183462" executionId="51aa7b6e-21d4-4ddf-9c73-061245c9275d" testListId="8c84fa94-04c1-424b-9868-57a2d4851a1d" />
    <TestEntry testId="e75bb6e2-88d9-af2a-a444-c4a9d67f0f0e" executionId="d5c4e4bc-97f0-4cf1-acae-d965b5322227" testListId="8c84fa94-04c1-424b-9868-57a2d4851a1d" />
    <TestEntry testId="afd3cbfc-2738-5c5e-fd2e-f7b271b53d84" executionId="c9f6f414-1961-4ad8-a381-821b8d9af41d" testListId="8c84fa94-04c1-424b-9868-57a2d4851a1d" />
    <TestEntry testId="5fee1813-10d2-3602-2104-19c858b03c1f" executionId="635a6f19-74a3-48ae-aa0a-d4d6de2ecd1b" testListId="8c84fa94-04c1-424b-9868-57a2d4851a1d" />
    <TestEntry testId="7615b20c-fc5f-58cf-4115-8c0b0a36ffb4" executionId="a7bb2d23-37d6-497d-b747-a85d414946b1" testListId="8c84fa94-04c1-424b-9868-57a2d4851a1d" />
    <TestEntry testId="9bbefb83-8311-6e03-307f-415e3495e223" executionId="32ebcb35-0ff9-4745-abb4-4143e42452fc" testListId="8c84fa94-04c1-424b-9868-57a2d4851a1d" />
    <TestEntry testId="84d0e3e0-7ce1-dc01-9ae1-6f4b22529edf" executionId="1e1edb98-8cd5-4d62-ba03-7d04cb0717a7" testListId="8c84fa94-04c1-424b-9868-57a2d4851a1d" />
    <TestEntry testId="f7fb436e-8c8f-3f33-7c76-2dc46aba618b" executionId="09a77682-0fb2-493a-a1ad-9a9d7c5ba54f" testListId="8c84fa94-04c1-424b-9868-57a2d4851a1d" />
  </TestEntries>
  <TestLists>
    <TestList name="Results Not in a List" id="8c84fa94-04c1-424b-9868-57a2d4851a1d" />
    <TestList name="All Loaded Results" id="19431567-8539-422a-85d7-44ee4e166bda" />
  </TestLists>
  <ResultSummary outcome="Completed">
    <Counters total="39" executed="39" passed="39" failed="0" error="0" timeout="0" aborted="0" inconclusive="0" passedButRunAborted="0" notRunnable="0" notExecuted="0" disconnected="0" warning="0" completed="0" inProgress="0" pending="0" />
    <Output>
      <StdOut>[xUnit.net 00:00:00.00] xUnit.net VSTest Adapter v2.4.5+1caef2f33e (64-bit .NET 6.0.10)
[xUnit.net 00:00:01.01]   Discovering: AccessToDB.Tests
[xUnit.net 00:00:01.13]   Discovered:  AccessToDB.Tests
[xUnit.net 00:00:01.13]   Starting:    AccessToDB.Tests
[xUnit.net 00:00:17.25]   Finished:    AccessToDB.Tests
</StdOut>
    </Output>
  </ResultSummary>
</TestRun>