<?xml version="1.0" encoding="utf-8"?>
<TestRun id="79391b0f-49b5-46fb-902d-bfe176d82045" name="@DESKTOP-TJ9D65N 2022-11-03 09:56:45" xmlns="http://microsoft.com/schemas/VisualStudio/TeamTest/2010">
  <Times creation="2022-11-03T09:56:45.7961689+03:00" queuing="2022-11-03T09:56:45.7961690+03:00" start="2022-11-03T09:56:41.9888054+03:00" finish="2022-11-03T09:57:00.1768085+03:00" />
  <TestSettings name="default" id="26c2bce2-9460-4be8-a805-880625003209">
    <Deployment runDeploymentRoot="_DESKTOP-TJ9D65N_2022-11-03_09_56_45" />
  </TestSettings>
  <Results>
    <UnitTestResult executionId="d8edc267-3789-400d-9bba-49733fa85ca9" testId="4145f44e-b4b1-a618-09e8-c631496e6f1a" testName="AccessToDB.Tests.LiftsSlopesRepositoryTests.TestGetLiftSlopesAsyncEmpty" computerName="DESKTOP-TJ9D65N" duration="00:00:00.3610520" startTime="2022-11-03T09:56:47.3870686+03:00" endTime="2022-11-03T09:56:47.3870688+03:00" testType="13cdc9d9-ddb5-4fa4-a97d-d965ccfc6d4b" outcome="Passed" testListId="8c84fa94-04c1-424b-9868-57a2d4851a1d" relativeResultsDirectory="d8edc267-3789-400d-9bba-49733fa85ca9" />
    <UnitTestResult executionId="2ef87eea-591b-46a5-8055-65d397d352cd" testId="e43bb0a2-cbdf-404f-89c0-9f2a47b3ff2a" testName="AccessToDB.Tests.UsersRepositoryTests.TestCheckUserEmailExistsAsyncFalse(userEmail: &quot;userEmailb9bc9202-97f0-4cc3-aed8-f1cfa49eb9a6&quot;)" computerName="DESKTOP-TJ9D65N" duration="00:00:00.3647799" startTime="2022-11-03T09:56:53.2269843+03:00" endTime="2022-11-03T09:56:53.2269845+03:00" testType="13cdc9d9-ddb5-4fa4-a97d-d965ccfc6d4b" outcome="Passed" testListId="8c84fa94-04c1-424b-9868-57a2d4851a1d" relativeResultsDirectory="2ef87eea-591b-46a5-8055-65d397d352cd" />
    <UnitTestResult executionId="dbe54192-5d3a-425c-a585-befbd570d621" testId="ec229f70-485a-f91b-53ed-bce655f6cd58" testName="AccessToDB.Tests.LiftsRepositoryTests.TestAddLiftAutoIncrementAsyncOk" computerName="DESKTOP-TJ9D65N" duration="00:00:00.3935355" startTime="2022-11-03T09:56:54.8485431+03:00" endTime="2022-11-03T09:56:54.8485433+03:00" testType="13cdc9d9-ddb5-4fa4-a97d-d965ccfc6d4b" outcome="Passed" testListId="8c84fa94-04c1-424b-9868-57a2d4851a1d" relativeResultsDirectory="dbe54192-5d3a-425c-a585-befbd570d621" />
    <UnitTestResult executionId="ab3df488-c5f8-4ca9-a9c7-5be291f39fe3" testId="9fe1d60d-be0c-9a86-7fcc-54a2265a174b" testName="AccessToDB.Tests.LiftsRepositoryTests.TestGetLiftByNameAsyncFailsWhenNameNotExists(liftName: &quot;liftNamebe8ab65d-2440-4744-a1cf-0edfdfd4b97c&quot;)" computerName="DESKTOP-TJ9D65N" duration="00:00:00.3639147" startTime="2022-11-03T09:56:55.6505377+03:00" endTime="2022-11-03T09:56:55.6505380+03:00" testType="13cdc9d9-ddb5-4fa4-a97d-d965ccfc6d4b" outcome="Passed" testListId="8c84fa94-04c1-424b-9868-57a2d4851a1d" relativeResultsDirectory="ab3df488-c5f8-4ca9-a9c7-5be291f39fe3" />
    <UnitTestResult executionId="0bf65b60-0331-4734-a613-72da96651e2a" testId="c2c5fa9b-94ff-01b6-9f48-33eb7bc2bf75" testName="AccessToDB.Tests.UsersRepositoryTests.TestGetUserByEmailAsyncFailsWhenEmailNotExists(email: &quot;email14c820ac-d385-4edf-8c6f-7081170bc4ce&quot;)" computerName="DESKTOP-TJ9D65N" duration="00:00:00.3602097" startTime="2022-11-03T09:56:53.5998367+03:00" endTime="2022-11-03T09:56:53.5998369+03:00" testType="13cdc9d9-ddb5-4fa4-a97d-d965ccfc6d4b" outcome="Passed" testListId="8c84fa94-04c1-424b-9868-57a2d4851a1d" relativeResultsDirectory="0bf65b60-0331-4734-a613-72da96651e2a" />
    <UnitTestResult executionId="aa326469-ec77-4b29-a0dc-3d6792cad31a" testId="9121a733-7bcd-7015-5fcc-c5ef8b2ccbca" testName="AccessToDB.Tests.SlopesRepositoryTests.TestGetSlopeByNameAsyncFailsWhenNameNotExists(slopeName: &quot;slopeName0b961a4b-3566-48da-bf21-a77ef099f40e&quot;)" computerName="DESKTOP-TJ9D65N" duration="00:00:00.3627997" startTime="2022-11-03T09:56:58.0518770+03:00" endTime="2022-11-03T09:56:58.0518774+03:00" testType="13cdc9d9-ddb5-4fa4-a97d-d965ccfc6d4b" outcome="Passed" testListId="8c84fa94-04c1-424b-9868-57a2d4851a1d" relativeResultsDirectory="aa326469-ec77-4b29-a0dc-3d6792cad31a" />
    <UnitTestResult executionId="a131c840-30d2-42a9-a8ed-f99265069e66" testId="a99701ca-55fc-2b82-9877-5bfb84ce25eb" testName="AccessToDB.Tests.LiftsSlopesRepositoryTests.TestAddLiftSlopeAsyncFailsWhenLiftSlopeIdRepeats(liftSlope: LiftSlope { RecordID = 104, LiftID = 48, SlopeID = 74 })" computerName="DESKTOP-TJ9D65N" duration="00:00:00.3920462" startTime="2022-11-03T09:56:45.3329204+03:00" endTime="2022-11-03T09:56:45.3329209+03:00" testType="13cdc9d9-ddb5-4fa4-a97d-d965ccfc6d4b" outcome="Passed" testListId="8c84fa94-04c1-424b-9868-57a2d4851a1d" relativeResultsDirectory="a131c840-30d2-42a9-a8ed-f99265069e66" />
    <UnitTestResult executionId="3876f679-56e3-4d8f-b56e-3b2cbec4aae2" testId="8f7ba917-f771-0dc5-f9b9-465c34344b12" testName="AccessToDB.Tests.SlopesRepositoryTests.TestAddSlopeAutoIncrementAsyncOk" computerName="DESKTOP-TJ9D65N" duration="00:00:00.3949108" startTime="2022-11-03T09:56:57.6745607+03:00" endTime="2022-11-03T09:56:57.6745608+03:00" testType="13cdc9d9-ddb5-4fa4-a97d-d965ccfc6d4b" outcome="Passed" testListId="8c84fa94-04c1-424b-9868-57a2d4851a1d" relativeResultsDirectory="3876f679-56e3-4d8f-b56e-3b2cbec4aae2" />
    <UnitTestResult executionId="63135ffb-8f46-4cf6-8e6b-c098582a858f" testId="30f8e924-9784-0a43-e807-094f70e06567" testName="AccessToDB.Tests.LiftsSlopesRepositoryTests.TestAddLiftSlopeAutoIncrementAsyncOk" computerName="DESKTOP-TJ9D65N" duration="00:00:00.4018340" startTime="2022-11-03T09:56:47.0115276+03:00" endTime="2022-11-03T09:56:47.0115278+03:00" testType="13cdc9d9-ddb5-4fa4-a97d-d965ccfc6d4b" outcome="Passed" testListId="8c84fa94-04c1-424b-9868-57a2d4851a1d" relativeResultsDirectory="63135ffb-8f46-4cf6-8e6b-c098582a858f" />
    <UnitTestResult executionId="0c3c552c-cd73-415a-bc16-27b4685e63d8" testId="a7f4fb50-faab-9eb4-9fa2-df70dd97efcd" testName="AccessToDB.Tests.TurnstilesRepositoryTests.TestAddTurnstileAsyncFailsWhenTurnstileIdRepeats(turnstile: Turnstile { TurnstileID = 137, LiftID = 214, IsOpen = True })" computerName="DESKTOP-TJ9D65N" duration="00:00:00.3950330" startTime="2022-11-03T09:56:49.9998828+03:00" endTime="2022-11-03T09:56:49.9998838+03:00" testType="13cdc9d9-ddb5-4fa4-a97d-d965ccfc6d4b" outcome="Passed" testListId="8c84fa94-04c1-424b-9868-57a2d4851a1d" relativeResultsDirectory="0c3c552c-cd73-415a-bc16-27b4685e63d8" />
    <UnitTestResult executionId="a7737551-6d90-424c-a599-06e95a0f4daf" testId="e10d351b-aea9-2f6b-cad2-c5086a715473" testName="AccessToDB.Tests.UsersRepositoryTests.TestDeleteUserByIDAsyncFailsWhenIDNotExists(userID: 253)" computerName="DESKTOP-TJ9D65N" duration="00:00:00.3639584" startTime="2022-11-03T09:56:52.0357709+03:00" endTime="2022-11-03T09:56:52.0357711+03:00" testType="13cdc9d9-ddb5-4fa4-a97d-d965ccfc6d4b" outcome="Passed" testListId="8c84fa94-04c1-424b-9868-57a2d4851a1d" relativeResultsDirectory="a7737551-6d90-424c-a599-06e95a0f4daf" />
    <UnitTestResult executionId="502716a1-aa38-4f93-997d-7a079a1570f2" testId="b954cf33-a2a2-ee98-90bf-3b925b150564" testName="AccessToDB.Tests.UsersRepositoryTests.TestCheckUserIdExistsAsyncTrue(user: User { UserID = 57, CardID = 214, UserEmail = UserEmail825cc4fd-7f9d-4a14-a401-af1d5b8693d7, Password = passwordee097627-450a-46a4-a948-82a6c45ecdcf, Permissions = UNAUTHORIZED })" computerName="DESKTOP-TJ9D65N" duration="00:00:00.3837144" startTime="2022-11-03T09:56:52.8375353+03:00" endTime="2022-11-03T09:56:52.8375357+03:00" testType="13cdc9d9-ddb5-4fa4-a97d-d965ccfc6d4b" outcome="Passed" testListId="8c84fa94-04c1-424b-9868-57a2d4851a1d" relativeResultsDirectory="502716a1-aa38-4f93-997d-7a079a1570f2" />
    <UnitTestResult executionId="e209e24d-55ba-4d4f-a809-1828ec1e5b53" testId="41d9d10d-15ac-1ea0-1b58-9f494c09aa8a" testName="AccessToDB.Tests.UsersRepositoryTests.TestUpdateUserByIDAsyncOk(user: User { UserID = 171, CardID = 118, UserEmail = UserEmaild83abfa1-ee01-4c8b-8244-b8039eb1df48, Password = passwordf180abab-4a77-4725-9dac-7896669efedc, Permissions = UNAUTHORIZED })" computerName="DESKTOP-TJ9D65N" duration="00:00:00.3944495" startTime="2022-11-03T09:56:54.0192179+03:00" endTime="2022-11-03T09:56:54.0192180+03:00" testType="13cdc9d9-ddb5-4fa4-a97d-d965ccfc6d4b" outcome="Passed" testListId="8c84fa94-04c1-424b-9868-57a2d4851a1d" relativeResultsDirectory="e209e24d-55ba-4d4f-a809-1828ec1e5b53" />
    <UnitTestResult executionId="f1cfecc0-763a-4c43-a84a-c1f5786649d5" testId="9bbefb83-8311-6e03-307f-415e3495e223" testName="AccessToDB.Tests.SlopesRepositoryTests.TestGetSlopesAsyncEmpty" computerName="DESKTOP-TJ9D65N" duration="00:00:00.3606079" startTime="2022-11-03T09:56:58.8485166+03:00" endTime="2022-11-03T09:56:58.8485167+03:00" testType="13cdc9d9-ddb5-4fa4-a97d-d965ccfc6d4b" outcome="Passed" testListId="8c84fa94-04c1-424b-9868-57a2d4851a1d" relativeResultsDirectory="f1cfecc0-763a-4c43-a84a-c1f5786649d5" />
    <UnitTestResult executionId="89b60adb-5f8d-4547-bf41-41833e104287" testId="6e3d6f39-aeae-c149-ab1e-84ff97811e94" testName="AccessToDB.Tests.UsersRepositoryTests.TestAddUserAsyncFailsWhenUserIdRepeats(user: User { UserID = 148, CardID = 39, UserEmail = UserEmail29f58116-cd2b-46a6-af43-327cfbb0a5eb, Password = password180016ba-af5f-4c97-a40f-087deb0b8df5, Permissions = UNAUTHORIZED })" computerName="DESKTOP-TJ9D65N" duration="00:00:00.3919744" startTime="2022-11-03T09:56:52.4385973+03:00" endTime="2022-11-03T09:56:52.4385973+03:00" testType="13cdc9d9-ddb5-4fa4-a97d-d965ccfc6d4b" outcome="Passed" testListId="8c84fa94-04c1-424b-9868-57a2d4851a1d" relativeResultsDirectory="89b60adb-5f8d-4547-bf41-41833e104287" />
    <UnitTestResult executionId="64bf20d1-1d36-4ea0-b59a-4106dfb80067" testId="1275f3af-a795-ae8e-7c0d-11dd3cccec0b" testName="AccessToDB.Tests.SlopesRepositoryTests.TestGetSlopeByIdAsyncOk(slope: Slope { SlopeID = 85, SlopeName = slopeName4506db9e-e99f-4617-9da8-7143558fe9c3, IsOpen = True, DifficultyLevel = 33, ConnectedLifts =  })" computerName="DESKTOP-TJ9D65N" duration="00:00:00.3852963" startTime="2022-11-03T09:56:59.2556518+03:00" endTime="2022-11-03T09:56:59.2556518+03:00" testType="13cdc9d9-ddb5-4fa4-a97d-d965ccfc6d4b" outcome="Passed" testListId="8c84fa94-04c1-424b-9868-57a2d4851a1d" relativeResultsDirectory="64bf20d1-1d36-4ea0-b59a-4106dfb80067" />
    <UnitTestResult executionId="5906afeb-329c-41d0-a4c9-8c4c148070a7" testId="764deba7-e383-673d-4ed6-1beed336b937" testName="AccessToDB.Tests.SlopesRepositoryTests.TestAddSlopeAsyncFailsWhenSlopeIdRepeats(slope: Slope { SlopeID = 160, SlopeName = slopeName55678bea-8c67-4b6a-ba41-d46d89731304, IsOpen = True, DifficultyLevel = 241, ConnectedLifts =  })" computerName="DESKTOP-TJ9D65N" duration="00:00:00.3948660" startTime="2022-11-03T09:56:58.4766965+03:00" endTime="2022-11-03T09:56:58.4766966+03:00" testType="13cdc9d9-ddb5-4fa4-a97d-d965ccfc6d4b" outcome="Passed" testListId="8c84fa94-04c1-424b-9868-57a2d4851a1d" relativeResultsDirectory="5906afeb-329c-41d0-a4c9-8c4c148070a7" />
    <UnitTestResult executionId="5dd95193-5f9a-42cc-a2f9-a4d0304ec504" testId="c0eefe56-251a-065e-613a-0bfd2808ab8f" testName="AccessToDB.Tests.UsersRepositoryTests.TestGetUserByIdAsyncOk(user: User { UserID = 63, CardID = 199, UserEmail = UserEmailceb0e6f3-a917-46f2-a4d8-986e167a933a, Password = password85b10ed6-f95e-4d66-9b67-30a2b167cf57, Permissions = UNAUTHORIZED })" computerName="DESKTOP-TJ9D65N" duration="00:00:00.3879847" startTime="2022-11-03T09:56:51.6481978+03:00" endTime="2022-11-03T09:56:51.6481981+03:00" testType="13cdc9d9-ddb5-4fa4-a97d-d965ccfc6d4b" outcome="Passed" testListId="8c84fa94-04c1-424b-9868-57a2d4851a1d" relativeResultsDirectory="5dd95193-5f9a-42cc-a2f9-a4d0304ec504" />
    <UnitTestResult executionId="7cad1ac0-5b33-4ac8-b182-c4441cd4ffef" testId="0b7cc98f-bb2d-0f4e-202d-0785f937a660" testName="AccessToDB.Tests.LiftsSlopesRepositoryTests.TestUpdateLiftSlopeByIDAsyncOk(liftSlope: LiftSlope { RecordID = 125, LiftID = 193, SlopeID = 215 })" computerName="DESKTOP-TJ9D65N" duration="00:00:00.3922017" startTime="2022-11-03T09:56:44.9276493+03:00" endTime="2022-11-03T09:56:44.9276507+03:00" testType="13cdc9d9-ddb5-4fa4-a97d-d965ccfc6d4b" outcome="Passed" testListId="8c84fa94-04c1-424b-9868-57a2d4851a1d" relativeResultsDirectory="7cad1ac0-5b33-4ac8-b182-c4441cd4ffef" />
    <UnitTestResult executionId="a791bf37-a66d-44d9-90ea-1bf6bb9a0f85" testId="0d65d9e3-119e-5204-4483-de642b6ccc99" testName="AccessToDB.Tests.TurnstilesRepositoryTests.TestUpdateTurnstileByIDAsyncOk(turnstile: Turnstile { TurnstileID = 119, LiftID = 129, IsOpen = True })" computerName="DESKTOP-TJ9D65N" duration="00:00:00.4021826" startTime="2022-11-03T09:56:48.7743557+03:00" endTime="2022-11-03T09:56:48.7743562+03:00" testType="13cdc9d9-ddb5-4fa4-a97d-d965ccfc6d4b" outcome="Passed" testListId="8c84fa94-04c1-424b-9868-57a2d4851a1d" relativeResultsDirectory="a791bf37-a66d-44d9-90ea-1bf6bb9a0f85" />
    <UnitTestResult executionId="73a1bdf1-fde7-4787-bebb-9bacebf7909b" testId="ba49a231-0e77-da8b-fb8b-35ed321e7a92" testName="AccessToDB.Tests.TurnstilesRepositoryTests.TestGetTurnstileByIdAsyncOk(turnstile: Turnstile { TurnstileID = 221, LiftID = 183, IsOpen = True })" computerName="DESKTOP-TJ9D65N" duration="00:00:00.3854380" startTime="2022-11-03T09:56:49.5823942+03:00" endTime="2022-11-03T09:56:49.5823945+03:00" testType="13cdc9d9-ddb5-4fa4-a97d-d965ccfc6d4b" outcome="Passed" testListId="8c84fa94-04c1-424b-9868-57a2d4851a1d" relativeResultsDirectory="73a1bdf1-fde7-4787-bebb-9bacebf7909b" />
    <UnitTestResult executionId="d3112af5-48d2-4c4d-8633-73918bad31fb" testId="d3785245-ddaa-f602-5e18-ecbaad5b1e1a" testName="AccessToDB.Tests.TurnstilesRepositoryTests.TestGetTurnstilesByLiftIdAsyncOk(liftID: 186)" computerName="DESKTOP-TJ9D65N" duration="00:00:00.5015095" startTime="2022-11-03T09:56:48.3566888+03:00" endTime="2022-11-03T09:56:48.3566890+03:00" testType="13cdc9d9-ddb5-4fa4-a97d-d965ccfc6d4b" outcome="Passed" testListId="8c84fa94-04c1-424b-9868-57a2d4851a1d" relativeResultsDirectory="d3112af5-48d2-4c4d-8633-73918bad31fb" />
    <UnitTestResult executionId="5ca27408-1bc8-48f7-9c19-176a3dbda8c6" testId="3b6fe7cd-b587-b99a-ab6a-ec7272a22712" testName="AccessToDB.Tests.LiftsSlopesRepositoryTests.TestDeleteLiftSlopesByIDsAsyncOk(liftSlope: LiftSlope { RecordID = 164, LiftID = 133, SlopeID = 68 })" computerName="DESKTOP-TJ9D65N" duration="00:00:00.3993090" startTime="2022-11-03T09:56:45.7618964+03:00" endTime="2022-11-03T09:56:45.7618967+03:00" testType="13cdc9d9-ddb5-4fa4-a97d-d965ccfc6d4b" outcome="Passed" testListId="8c84fa94-04c1-424b-9868-57a2d4851a1d" relativeResultsDirectory="5ca27408-1bc8-48f7-9c19-176a3dbda8c6" />
    <UnitTestResult executionId="c1131b47-1550-476c-b20e-e8117e1c13d9" testId="e75bb6e2-88d9-af2a-a444-c4a9d67f0f0e" testName="AccessToDB.Tests.UsersRepositoryTests.TestAddUserAutoIncrementAsyncOk" computerName="DESKTOP-TJ9D65N" duration="00:00:00.4012687" startTime="2022-11-03T09:56:54.4369438+03:00" endTime="2022-11-03T09:56:54.4369440+03:00" testType="13cdc9d9-ddb5-4fa4-a97d-d965ccfc6d4b" outcome="Passed" testListId="8c84fa94-04c1-424b-9868-57a2d4851a1d" relativeResultsDirectory="c1131b47-1550-476c-b20e-e8117e1c13d9" />
    <UnitTestResult executionId="f7027f35-1036-4b75-a3d1-b6dbffb3fe75" testId="9c0565be-352d-ba92-46dd-613d911d9512" testName="AccessToDB.Tests.LiftsRepositoryTests.TestGetLiftByIdAsyncOk(lift: Lift { LiftID = 96, LiftName = liftName560a3dbd-9ebf-4ee0-b391-665ffce334a8, IsOpen = True, SeatsAmount = 218, LiftingTime = 118, QueueTime = 190, ConnectedSlopes =  })" computerName="DESKTOP-TJ9D65N" duration="00:00:00.3884986" startTime="2022-11-03T09:56:56.8807076+03:00" endTime="2022-11-03T09:56:56.8807103+03:00" testType="13cdc9d9-ddb5-4fa4-a97d-d965ccfc6d4b" outcome="Passed" testListId="8c84fa94-04c1-424b-9868-57a2d4851a1d" relativeResultsDirectory="f7027f35-1036-4b75-a3d1-b6dbffb3fe75" />
    <UnitTestResult executionId="1b2f36ee-e416-4ac6-bee3-15faf7d7aeb9" testId="607e8298-f113-be33-300e-15a343893443" testName="AccessToDB.Tests.LiftsRepositoryTests.TestGetLiftsAsyncEmpty" computerName="DESKTOP-TJ9D65N" duration="00:00:00.3625030" startTime="2022-11-03T09:56:56.0328996+03:00" endTime="2022-11-03T09:56:56.0328998+03:00" testType="13cdc9d9-ddb5-4fa4-a97d-d965ccfc6d4b" outcome="Passed" testListId="8c84fa94-04c1-424b-9868-57a2d4851a1d" relativeResultsDirectory="1b2f36ee-e416-4ac6-bee3-15faf7d7aeb9" />
    <UnitTestResult executionId="0aa5bd45-b336-42e0-a9c4-b3ec6efa184b" testId="f9435956-2e34-e52b-c34e-dce53665cf8e" testName="AccessToDB.Tests.TurnstilesRepositoryTests.TestAddTurnstileAutoIncrementAsyncOk" computerName="DESKTOP-TJ9D65N" duration="00:00:00.4029246" startTime="2022-11-03T09:56:50.4367851+03:00" endTime="2022-11-03T09:56:50.4367854+03:00" testType="13cdc9d9-ddb5-4fa4-a97d-d965ccfc6d4b" outcome="Passed" testListId="8c84fa94-04c1-424b-9868-57a2d4851a1d" relativeResultsDirectory="0aa5bd45-b336-42e0-a9c4-b3ec6efa184b" />
    <UnitTestResult executionId="4c258828-cd21-4314-a845-1deaac64a60b" testId="6fb795b4-f1fe-ae5f-1ec7-e598383d6d32" testName="AccessToDB.Tests.LiftsSlopesRepositoryTests.TestGetSlopesByLiftIdAsyncFailsWhenSlopeNotExists(liftSlope: LiftSlope { RecordID = 129, LiftID = 199, SlopeID = 211 })" computerName="DESKTOP-TJ9D65N" duration="00:00:00.4445350" startTime="2022-11-03T09:56:44.4974895+03:00" endTime="2022-11-03T09:56:44.4975162+03:00" testType="13cdc9d9-ddb5-4fa4-a97d-d965ccfc6d4b" outcome="Passed" testListId="8c84fa94-04c1-424b-9868-57a2d4851a1d" relativeResultsDirectory="4c258828-cd21-4314-a845-1deaac64a60b" />
    <UnitTestResult executionId="b7d05e82-192e-4339-814a-15fc06a5c27c" testId="902e3636-7f88-c5fb-da8b-6792c6b1229f" testName="AccessToDB.Tests.LiftsRepositoryTests.TestUpdateLiftByIDAsyncOk(lift: Lift { LiftID = 74, LiftName = liftName20a3b8f5-f0c4-4e5c-a39c-a986e73769a1, IsOpen = True, SeatsAmount = 173, LiftingTime = 204, QueueTime = 82, ConnectedSlopes =  })" computerName="DESKTOP-TJ9D65N" duration="00:00:00.3952640" startTime="2022-11-03T09:56:56.4465583+03:00" endTime="2022-11-03T09:56:56.4465590+03:00" testType="13cdc9d9-ddb5-4fa4-a97d-d965ccfc6d4b" outcome="Passed" testListId="8c84fa94-04c1-424b-9868-57a2d4851a1d" relativeResultsDirectory="b7d05e82-192e-4339-814a-15fc06a5c27c" />
    <UnitTestResult executionId="2ae7c3d1-118d-4e15-b5ae-7663bfc13213" testId="3ea8cb5c-27ab-b166-1899-46d02e05cae7" testName="AccessToDB.Tests.LiftsSlopesRepositoryTests.TestDeleteLiftSlopeByIDAsyncFailsWhenIDNotExists(liftSlopeID: 102)" computerName="DESKTOP-TJ9D65N" duration="00:00:00.3774519" startTime="2022-11-03T09:56:46.5626523+03:00" endTime="2022-11-03T09:56:46.5626530+03:00" testType="13cdc9d9-ddb5-4fa4-a97d-d965ccfc6d4b" outcome="Passed" testListId="8c84fa94-04c1-424b-9868-57a2d4851a1d" relativeResultsDirectory="2ae7c3d1-118d-4e15-b5ae-7663bfc13213" />
    <UnitTestResult executionId="b74f4d70-0cf2-4663-a938-7f714b797673" testId="3741b26d-6ee0-6246-29e4-92009bff37b0" testName="AccessToDB.Tests.UsersRepositoryTests.TestGetUsersAsyncEmpty" computerName="DESKTOP-TJ9D65N" duration="00:00:00.3790728" startTime="2022-11-03T09:56:51.2255103+03:00" endTime="2022-11-03T09:56:51.2255107+03:00" testType="13cdc9d9-ddb5-4fa4-a97d-d965ccfc6d4b" outcome="Passed" testListId="8c84fa94-04c1-424b-9868-57a2d4851a1d" relativeResultsDirectory="b74f4d70-0cf2-4663-a938-7f714b797673" />
    <UnitTestResult executionId="073c63f0-7e09-408d-a260-517478aa305e" testId="bd183c0e-8588-5597-cfc8-396362092885" testName="AccessToDB.Tests.LiftsRepositoryTests.TestDeleteLiftByIDAsyncFailsWhenIDNotExists(liftID: 211)" computerName="DESKTOP-TJ9D65N" duration="00:00:00.3619053" startTime="2022-11-03T09:56:57.2681503+03:00" endTime="2022-11-03T09:56:57.2681504+03:00" testType="13cdc9d9-ddb5-4fa4-a97d-d965ccfc6d4b" outcome="Passed" testListId="8c84fa94-04c1-424b-9868-57a2d4851a1d" relativeResultsDirectory="073c63f0-7e09-408d-a260-517478aa305e" />
    <UnitTestResult executionId="e4a3f7bb-dc20-441a-bd6c-089e4475abc7" testId="d4adec4f-10ea-287a-dd94-0c55552b35ab" testName="AccessToDB.Tests.LiftsRepositoryTests.TestAddLiftAsyncFailsWhenLiftIdRepeats(lift: Lift { LiftID = 151, LiftName = liftName925de511-6310-4ed1-aef6-528f7c30e7d7, IsOpen = True, SeatsAmount = 64, LiftingTime = 208, QueueTime = 49, ConnectedSlopes =  })" computerName="DESKTOP-TJ9D65N" duration="00:00:00.4031263" startTime="2022-11-03T09:56:55.2663305+03:00" endTime="2022-11-03T09:56:55.2663307+03:00" testType="13cdc9d9-ddb5-4fa4-a97d-d965ccfc6d4b" outcome="Passed" testListId="8c84fa94-04c1-424b-9868-57a2d4851a1d" relativeResultsDirectory="e4a3f7bb-dc20-441a-bd6c-089e4475abc7" />
    <UnitTestResult executionId="c8916636-ecba-41a9-a759-3bb601c362f2" testId="5206880b-a239-97c6-9ddf-aaa63ed5570c" testName="AccessToDB.Tests.SlopesRepositoryTests.TestDeleteSlopeByIDAsyncFailsWhenIDNotExists(slopeID: 6)" computerName="DESKTOP-TJ9D65N" duration="00:00:00.3608035" startTime="2022-11-03T09:56:59.6342779+03:00" endTime="2022-11-03T09:56:59.6342781+03:00" testType="13cdc9d9-ddb5-4fa4-a97d-d965ccfc6d4b" outcome="Passed" testListId="8c84fa94-04c1-424b-9868-57a2d4851a1d" relativeResultsDirectory="c8916636-ecba-41a9-a759-3bb601c362f2" />
    <UnitTestResult executionId="593d8e6d-ee66-4bda-9389-91dbfb4c557a" testId="6878223a-ab7b-09bd-8a8b-1adfbbe07141" testName="AccessToDB.Tests.LiftsSlopesRepositoryTests.TestGetLiftSlopeByIdAsyncOk(liftSlope: LiftSlope { RecordID = 186, LiftID = 51, SlopeID = 55 })" computerName="DESKTOP-TJ9D65N" duration="00:00:00.3835399" startTime="2022-11-03T09:56:46.1603856+03:00" endTime="2022-11-03T09:56:46.1603861+03:00" testType="13cdc9d9-ddb5-4fa4-a97d-d965ccfc6d4b" outcome="Passed" testListId="8c84fa94-04c1-424b-9868-57a2d4851a1d" relativeResultsDirectory="593d8e6d-ee66-4bda-9389-91dbfb4c557a" />
    <UnitTestResult executionId="afb7ec59-fde9-4be6-b0ae-2a6c8186e145" testId="8373e397-cab6-9cf6-18d3-ceffcad910b4" testName="AccessToDB.Tests.LiftsSlopesRepositoryTests.TestGetLiftsBySlopeIdAsyncOk(slope1: Slope { SlopeID = 53, SlopeName = slopeNamee29a11ce-c026-4054-bb0a-8043fd325d0d, IsOpen = True, DifficultyLevel = 85, ConnectedLifts =  }, slope2: Slope { SlopeID = 138, SlopeName = slopeNamea76eda98-9265-4267-86af-075133f7194a, IsOpen = False, DifficultyLevel = 215, ConnectedLifts =  }, lift1: Lift { LiftID = 177, LiftName = liftName7cbe99a3-f113-482a-9c2a-c7487559429d, IsOpen = True, SeatsAmount = 142, LiftingTime = 72, QueueTime = 58, ConnectedSlopes =  }, lift2: Lift { LiftID = 110, LiftName = liftName8d5ec4b4-a5c0-492c-8944-7b5d95685301, IsOpen = False, SeatsAmount = 157, LiftingTime = 164, QueueTime = 8, ConnectedSlopes =  })" computerName="DESKTOP-TJ9D65N" duration="00:00:00.4301254" startTime="2022-11-03T09:56:47.8349477+03:00" endTime="2022-11-03T09:56:47.8349478+03:00" testType="13cdc9d9-ddb5-4fa4-a97d-d965ccfc6d4b" outcome="Passed" testListId="8c84fa94-04c1-424b-9868-57a2d4851a1d" relativeResultsDirectory="afb7ec59-fde9-4be6-b0ae-2a6c8186e145" />
    <UnitTestResult executionId="4d943201-ff5c-48d1-9805-afd2d1235751" testId="6e608f23-5672-6585-5af3-bac4fc2dc7de" testName="AccessToDB.Tests.SlopesRepositoryTests.TestUpdateSlopeByIDAsyncOk(slope: Slope { SlopeID = 129, SlopeName = slopeNamea89fbb52-d866-40c6-8015-9212c3884b23, IsOpen = True, DifficultyLevel = 87, ConnectedLifts =  })" computerName="DESKTOP-TJ9D65N" duration="00:00:00.3938958" startTime="2022-11-03T09:57:00.0449594+03:00" endTime="2022-11-03T09:57:00.0449594+03:00" testType="13cdc9d9-ddb5-4fa4-a97d-d965ccfc6d4b" outcome="Passed" testListId="8c84fa94-04c1-424b-9868-57a2d4851a1d" relativeResultsDirectory="4d943201-ff5c-48d1-9805-afd2d1235751" />
    <UnitTestResult executionId="d21dafca-51dd-4f94-a29e-69cd05d2e9e0" testId="10309202-0170-6353-e5da-cf58276dcb43" testName="AccessToDB.Tests.TurnstilesRepositoryTests.TestDeleteTurnstileByIDAsyncFailsWhenIDNotExists(turnstileID: 251)" computerName="DESKTOP-TJ9D65N" duration="00:00:00.3647019" startTime="2022-11-03T09:56:50.8270319+03:00" endTime="2022-11-03T09:56:50.8270322+03:00" testType="13cdc9d9-ddb5-4fa4-a97d-d965ccfc6d4b" outcome="Passed" testListId="8c84fa94-04c1-424b-9868-57a2d4851a1d" relativeResultsDirectory="d21dafca-51dd-4f94-a29e-69cd05d2e9e0" />
    <UnitTestResult executionId="7c8c10b2-387d-449d-9f22-3e7859a0ed48" testId="3c521313-4ed6-6bce-b4f9-c359411028e7" testName="AccessToDB.Tests.TurnstilesRepositoryTests.TestGetTurnstilesAsyncEmpty" computerName="DESKTOP-TJ9D65N" duration="00:00:00.3634320" startTime="2022-11-03T09:56:49.1684631+03:00" endTime="2022-11-03T09:56:49.1684636+03:00" testType="13cdc9d9-ddb5-4fa4-a97d-d965ccfc6d4b" outcome="Passed" testListId="8c84fa94-04c1-424b-9868-57a2d4851a1d" relativeResultsDirectory="7c8c10b2-387d-449d-9f22-3e7859a0ed48" />
  </Results>
  <TestDefinitions>
    <UnitTest name="AccessToDB.Tests.SlopesRepositoryTests.TestGetSlopeByNameAsyncFailsWhenNameNotExists(slopeName: &quot;slopeName0b961a4b-3566-48da-bf21-a77ef099f40e&quot;)" storage="/mnt/c/users/alena/desktop/7_sem/testing_and_debugging/skiresort/accesstodb.tests/bin/debug/net6.0/accesstodb.tests.dll" id="9121a733-7bcd-7015-5fcc-c5ef8b2ccbca">
      <Execution id="aa326469-ec77-4b29-a0dc-3d6792cad31a" />
      <TestMethod codeBase="/mnt/c/Users/alena/Desktop/7_sem/testing_and_debugging/SkiResort/AccessToDB.Tests/bin/Debug/net6.0/AccessToDB.Tests.dll" adapterTypeName="executor://xunit/VsTestRunner2/netcoreapp" className="AccessToDB.Tests.SlopesRepositoryTests" name="TestGetSlopeByNameAsyncFailsWhenNameNotExists" />
    </UnitTest>
    <UnitTest name="AccessToDB.Tests.LiftsSlopesRepositoryTests.TestDeleteLiftSlopeByIDAsyncFailsWhenIDNotExists(liftSlopeID: 102)" storage="/mnt/c/users/alena/desktop/7_sem/testing_and_debugging/skiresort/accesstodb.tests/bin/debug/net6.0/accesstodb.tests.dll" id="3ea8cb5c-27ab-b166-1899-46d02e05cae7">
      <Execution id="2ae7c3d1-118d-4e15-b5ae-7663bfc13213" />
      <TestMethod codeBase="/mnt/c/Users/alena/Desktop/7_sem/testing_and_debugging/SkiResort/AccessToDB.Tests/bin/Debug/net6.0/AccessToDB.Tests.dll" adapterTypeName="executor://xunit/VsTestRunner2/netcoreapp" className="AccessToDB.Tests.LiftsSlopesRepositoryTests" name="TestDeleteLiftSlopeByIDAsyncFailsWhenIDNotExists" />
    </UnitTest>
    <UnitTest name="AccessToDB.Tests.LiftsRepositoryTests.TestGetLiftByNameAsyncFailsWhenNameNotExists(liftName: &quot;liftNamebe8ab65d-2440-4744-a1cf-0edfdfd4b97c&quot;)" storage="/mnt/c/users/alena/desktop/7_sem/testing_and_debugging/skiresort/accesstodb.tests/bin/debug/net6.0/accesstodb.tests.dll" id="9fe1d60d-be0c-9a86-7fcc-54a2265a174b">
      <Execution id="ab3df488-c5f8-4ca9-a9c7-5be291f39fe3" />
      <TestMethod codeBase="/mnt/c/Users/alena/Desktop/7_sem/testing_and_debugging/SkiResort/AccessToDB.Tests/bin/Debug/net6.0/AccessToDB.Tests.dll" adapterTypeName="executor://xunit/VsTestRunner2/netcoreapp" className="AccessToDB.Tests.LiftsRepositoryTests" name="TestGetLiftByNameAsyncFailsWhenNameNotExists" />
    </UnitTest>
    <UnitTest name="AccessToDB.Tests.UsersRepositoryTests.TestGetUsersAsyncEmpty" storage="/mnt/c/users/alena/desktop/7_sem/testing_and_debugging/skiresort/accesstodb.tests/bin/debug/net6.0/accesstodb.tests.dll" id="3741b26d-6ee0-6246-29e4-92009bff37b0">
      <Execution id="b74f4d70-0cf2-4663-a938-7f714b797673" />
      <TestMethod codeBase="/mnt/c/Users/alena/Desktop/7_sem/testing_and_debugging/SkiResort/AccessToDB.Tests/bin/Debug/net6.0/AccessToDB.Tests.dll" adapterTypeName="executor://xunit/VsTestRunner2/netcoreapp" className="AccessToDB.Tests.UsersRepositoryTests" name="TestGetUsersAsyncEmpty" />
    </UnitTest>
    <UnitTest name="AccessToDB.Tests.LiftsSlopesRepositoryTests.TestAddLiftSlopeAsyncFailsWhenLiftSlopeIdRepeats(liftSlope: LiftSlope { RecordID = 104, LiftID = 48, SlopeID = 74 })" storage="/mnt/c/users/alena/desktop/7_sem/testing_and_debugging/skiresort/accesstodb.tests/bin/debug/net6.0/accesstodb.tests.dll" id="a99701ca-55fc-2b82-9877-5bfb84ce25eb">
      <Execution id="a131c840-30d2-42a9-a8ed-f99265069e66" />
      <TestMethod codeBase="/mnt/c/Users/alena/Desktop/7_sem/testing_and_debugging/SkiResort/AccessToDB.Tests/bin/Debug/net6.0/AccessToDB.Tests.dll" adapterTypeName="executor://xunit/VsTestRunner2/netcoreapp" className="AccessToDB.Tests.LiftsSlopesRepositoryTests" name="TestAddLiftSlopeAsyncFailsWhenLiftSlopeIdRepeats" />
    </UnitTest>
    <UnitTest name="AccessToDB.Tests.UsersRepositoryTests.TestGetUserByEmailAsyncFailsWhenEmailNotExists(email: &quot;email14c820ac-d385-4edf-8c6f-7081170bc4ce&quot;)" storage="/mnt/c/users/alena/desktop/7_sem/testing_and_debugging/skiresort/accesstodb.tests/bin/debug/net6.0/accesstodb.tests.dll" id="c2c5fa9b-94ff-01b6-9f48-33eb7bc2bf75">
      <Execution id="0bf65b60-0331-4734-a613-72da96651e2a" />
      <TestMethod codeBase="/mnt/c/Users/alena/Desktop/7_sem/testing_and_debugging/SkiResort/AccessToDB.Tests/bin/Debug/net6.0/AccessToDB.Tests.dll" adapterTypeName="executor://xunit/VsTestRunner2/netcoreapp" className="AccessToDB.Tests.UsersRepositoryTests" name="TestGetUserByEmailAsyncFailsWhenEmailNotExists" />
    </UnitTest>
    <UnitTest name="AccessToDB.Tests.UsersRepositoryTests.TestUpdateUserByIDAsyncOk(user: User { UserID = 171, CardID = 118, UserEmail = UserEmaild83abfa1-ee01-4c8b-8244-b8039eb1df48, Password = passwordf180abab-4a77-4725-9dac-7896669efedc, Permissions = UNAUTHORIZED })" storage="/mnt/c/users/alena/desktop/7_sem/testing_and_debugging/skiresort/accesstodb.tests/bin/debug/net6.0/accesstodb.tests.dll" id="41d9d10d-15ac-1ea0-1b58-9f494c09aa8a">
      <Execution id="e209e24d-55ba-4d4f-a809-1828ec1e5b53" />
      <TestMethod codeBase="/mnt/c/Users/alena/Desktop/7_sem/testing_and_debugging/SkiResort/AccessToDB.Tests/bin/Debug/net6.0/AccessToDB.Tests.dll" adapterTypeName="executor://xunit/VsTestRunner2/netcoreapp" className="AccessToDB.Tests.UsersRepositoryTests" name="TestUpdateUserByIDAsyncOk" />
    </UnitTest>
    <UnitTest name="AccessToDB.Tests.LiftsSlopesRepositoryTests.TestGetSlopesByLiftIdAsyncFailsWhenSlopeNotExists(liftSlope: LiftSlope { RecordID = 129, LiftID = 199, SlopeID = 211 })" storage="/mnt/c/users/alena/desktop/7_sem/testing_and_debugging/skiresort/accesstodb.tests/bin/debug/net6.0/accesstodb.tests.dll" id="6fb795b4-f1fe-ae5f-1ec7-e598383d6d32">
      <Execution id="4c258828-cd21-4314-a845-1deaac64a60b" />
      <TestMethod codeBase="/mnt/c/Users/alena/Desktop/7_sem/testing_and_debugging/SkiResort/AccessToDB.Tests/bin/Debug/net6.0/AccessToDB.Tests.dll" adapterTypeName="executor://xunit/VsTestRunner2/netcoreapp" className="AccessToDB.Tests.LiftsSlopesRepositoryTests" name="TestGetSlopesByLiftIdAsyncFailsWhenSlopeNotExists" />
    </UnitTest>
    <UnitTest name="AccessToDB.Tests.SlopesRepositoryTests.TestGetSlopeByIdAsyncOk(slope: Slope { SlopeID = 85, SlopeName = slopeName4506db9e-e99f-4617-9da8-7143558fe9c3, IsOpen = True, DifficultyLevel = 33, ConnectedLifts =  })" storage="/mnt/c/users/alena/desktop/7_sem/testing_and_debugging/skiresort/accesstodb.tests/bin/debug/net6.0/accesstodb.tests.dll" id="1275f3af-a795-ae8e-7c0d-11dd3cccec0b">
      <Execution id="64bf20d1-1d36-4ea0-b59a-4106dfb80067" />
      <TestMethod codeBase="/mnt/c/Users/alena/Desktop/7_sem/testing_and_debugging/SkiResort/AccessToDB.Tests/bin/Debug/net6.0/AccessToDB.Tests.dll" adapterTypeName="executor://xunit/VsTestRunner2/netcoreapp" className="AccessToDB.Tests.SlopesRepositoryTests" name="TestGetSlopeByIdAsyncOk" />
    </UnitTest>
    <UnitTest name="AccessToDB.Tests.TurnstilesRepositoryTests.TestAddTurnstileAutoIncrementAsyncOk" storage="/mnt/c/users/alena/desktop/7_sem/testing_and_debugging/skiresort/accesstodb.tests/bin/debug/net6.0/accesstodb.tests.dll" id="f9435956-2e34-e52b-c34e-dce53665cf8e">
      <Execution id="0aa5bd45-b336-42e0-a9c4-b3ec6efa184b" />
      <TestMethod codeBase="/mnt/c/Users/alena/Desktop/7_sem/testing_and_debugging/SkiResort/AccessToDB.Tests/bin/Debug/net6.0/AccessToDB.Tests.dll" adapterTypeName="executor://xunit/VsTestRunner2/netcoreapp" className="AccessToDB.Tests.TurnstilesRepositoryTests" name="TestAddTurnstileAutoIncrementAsyncOk" />
    </UnitTest>
    <UnitTest name="AccessToDB.Tests.UsersRepositoryTests.TestCheckUserIdExistsAsyncTrue(user: User { UserID = 57, CardID = 214, UserEmail = UserEmail825cc4fd-7f9d-4a14-a401-af1d5b8693d7, Password = passwordee097627-450a-46a4-a948-82a6c45ecdcf, Permissions = UNAUTHORIZED })" storage="/mnt/c/users/alena/desktop/7_sem/testing_and_debugging/skiresort/accesstodb.tests/bin/debug/net6.0/accesstodb.tests.dll" id="b954cf33-a2a2-ee98-90bf-3b925b150564">
      <Execution id="502716a1-aa38-4f93-997d-7a079a1570f2" />
      <TestMethod codeBase="/mnt/c/Users/alena/Desktop/7_sem/testing_and_debugging/SkiResort/AccessToDB.Tests/bin/Debug/net6.0/AccessToDB.Tests.dll" adapterTypeName="executor://xunit/VsTestRunner2/netcoreapp" className="AccessToDB.Tests.UsersRepositoryTests" name="TestCheckUserIdExistsAsyncTrue" />
    </UnitTest>
    <UnitTest name="AccessToDB.Tests.UsersRepositoryTests.TestAddUserAsyncFailsWhenUserIdRepeats(user: User { UserID = 148, CardID = 39, UserEmail = UserEmail29f58116-cd2b-46a6-af43-327cfbb0a5eb, Password = password180016ba-af5f-4c97-a40f-087deb0b8df5, Permissions = UNAUTHORIZED })" storage="/mnt/c/users/alena/desktop/7_sem/testing_and_debugging/skiresort/accesstodb.tests/bin/debug/net6.0/accesstodb.tests.dll" id="6e3d6f39-aeae-c149-ab1e-84ff97811e94">
      <Execution id="89b60adb-5f8d-4547-bf41-41833e104287" />
      <TestMethod codeBase="/mnt/c/Users/alena/Desktop/7_sem/testing_and_debugging/SkiResort/AccessToDB.Tests/bin/Debug/net6.0/AccessToDB.Tests.dll" adapterTypeName="executor://xunit/VsTestRunner2/netcoreapp" className="AccessToDB.Tests.UsersRepositoryTests" name="TestAddUserAsyncFailsWhenUserIdRepeats" />
    </UnitTest>
    <UnitTest name="AccessToDB.Tests.UsersRepositoryTests.TestCheckUserEmailExistsAsyncFalse(userEmail: &quot;userEmailb9bc9202-97f0-4cc3-aed8-f1cfa49eb9a6&quot;)" storage="/mnt/c/users/alena/desktop/7_sem/testing_and_debugging/skiresort/accesstodb.tests/bin/debug/net6.0/accesstodb.tests.dll" id="e43bb0a2-cbdf-404f-89c0-9f2a47b3ff2a">
      <Execution id="2ef87eea-591b-46a5-8055-65d397d352cd" />
      <TestMethod codeBase="/mnt/c/Users/alena/Desktop/7_sem/testing_and_debugging/SkiResort/AccessToDB.Tests/bin/Debug/net6.0/AccessToDB.Tests.dll" adapterTypeName="executor://xunit/VsTestRunner2/netcoreapp" className="AccessToDB.Tests.UsersRepositoryTests" name="TestCheckUserEmailExistsAsyncFalse" />
    </UnitTest>
    <UnitTest name="AccessToDB.Tests.LiftsRepositoryTests.TestDeleteLiftByIDAsyncFailsWhenIDNotExists(liftID: 211)" storage="/mnt/c/users/alena/desktop/7_sem/testing_and_debugging/skiresort/accesstodb.tests/bin/debug/net6.0/accesstodb.tests.dll" id="bd183c0e-8588-5597-cfc8-396362092885">
      <Execution id="073c63f0-7e09-408d-a260-517478aa305e" />
      <TestMethod codeBase="/mnt/c/Users/alena/Desktop/7_sem/testing_and_debugging/SkiResort/AccessToDB.Tests/bin/Debug/net6.0/AccessToDB.Tests.dll" adapterTypeName="executor://xunit/VsTestRunner2/netcoreapp" className="AccessToDB.Tests.LiftsRepositoryTests" name="TestDeleteLiftByIDAsyncFailsWhenIDNotExists" />
    </UnitTest>
    <UnitTest name="AccessToDB.Tests.TurnstilesRepositoryTests.TestAddTurnstileAsyncFailsWhenTurnstileIdRepeats(turnstile: Turnstile { TurnstileID = 137, LiftID = 214, IsOpen = True })" storage="/mnt/c/users/alena/desktop/7_sem/testing_and_debugging/skiresort/accesstodb.tests/bin/debug/net6.0/accesstodb.tests.dll" id="a7f4fb50-faab-9eb4-9fa2-df70dd97efcd">
      <Execution id="0c3c552c-cd73-415a-bc16-27b4685e63d8" />
      <TestMethod codeBase="/mnt/c/Users/alena/Desktop/7_sem/testing_and_debugging/SkiResort/AccessToDB.Tests/bin/Debug/net6.0/AccessToDB.Tests.dll" adapterTypeName="executor://xunit/VsTestRunner2/netcoreapp" className="AccessToDB.Tests.TurnstilesRepositoryTests" name="TestAddTurnstileAsyncFailsWhenTurnstileIdRepeats" />
    </UnitTest>
    <UnitTest name="AccessToDB.Tests.LiftsRepositoryTests.TestAddLiftAsyncFailsWhenLiftIdRepeats(lift: Lift { LiftID = 151, LiftName = liftName925de511-6310-4ed1-aef6-528f7c30e7d7, IsOpen = True, SeatsAmount = 64, LiftingTime = 208, QueueTime = 49, ConnectedSlopes =  })" storage="/mnt/c/users/alena/desktop/7_sem/testing_and_debugging/skiresort/accesstodb.tests/bin/debug/net6.0/accesstodb.tests.dll" id="d4adec4f-10ea-287a-dd94-0c55552b35ab">
      <Execution id="e4a3f7bb-dc20-441a-bd6c-089e4475abc7" />
      <TestMethod codeBase="/mnt/c/Users/alena/Desktop/7_sem/testing_and_debugging/SkiResort/AccessToDB.Tests/bin/Debug/net6.0/AccessToDB.Tests.dll" adapterTypeName="executor://xunit/VsTestRunner2/netcoreapp" className="AccessToDB.Tests.LiftsRepositoryTests" name="TestAddLiftAsyncFailsWhenLiftIdRepeats" />
    </UnitTest>
    <UnitTest name="AccessToDB.Tests.LiftsSlopesRepositoryTests.TestGetLiftSlopesAsyncEmpty" storage="/mnt/c/users/alena/desktop/7_sem/testing_and_debugging/skiresort/accesstodb.tests/bin/debug/net6.0/accesstodb.tests.dll" id="4145f44e-b4b1-a618-09e8-c631496e6f1a">
      <Execution id="d8edc267-3789-400d-9bba-49733fa85ca9" />
      <TestMethod codeBase="/mnt/c/Users/alena/Desktop/7_sem/testing_and_debugging/SkiResort/AccessToDB.Tests/bin/Debug/net6.0/AccessToDB.Tests.dll" adapterTypeName="executor://xunit/VsTestRunner2/netcoreapp" className="AccessToDB.Tests.LiftsSlopesRepositoryTests" name="TestGetLiftSlopesAsyncEmpty" />
    </UnitTest>
    <UnitTest name="AccessToDB.Tests.TurnstilesRepositoryTests.TestGetTurnstilesByLiftIdAsyncOk(liftID: 186)" storage="/mnt/c/users/alena/desktop/7_sem/testing_and_debugging/skiresort/accesstodb.tests/bin/debug/net6.0/accesstodb.tests.dll" id="d3785245-ddaa-f602-5e18-ecbaad5b1e1a">
      <Execution id="d3112af5-48d2-4c4d-8633-73918bad31fb" />
      <TestMethod codeBase="/mnt/c/Users/alena/Desktop/7_sem/testing_and_debugging/SkiResort/AccessToDB.Tests/bin/Debug/net6.0/AccessToDB.Tests.dll" adapterTypeName="executor://xunit/VsTestRunner2/netcoreapp" className="AccessToDB.Tests.TurnstilesRepositoryTests" name="TestGetTurnstilesByLiftIdAsyncOk" />
    </UnitTest>
    <UnitTest name="AccessToDB.Tests.TurnstilesRepositoryTests.TestGetTurnstileByIdAsyncOk(turnstile: Turnstile { TurnstileID = 221, LiftID = 183, IsOpen = True })" storage="/mnt/c/users/alena/desktop/7_sem/testing_and_debugging/skiresort/accesstodb.tests/bin/debug/net6.0/accesstodb.tests.dll" id="ba49a231-0e77-da8b-fb8b-35ed321e7a92">
      <Execution id="73a1bdf1-fde7-4787-bebb-9bacebf7909b" />
      <TestMethod codeBase="/mnt/c/Users/alena/Desktop/7_sem/testing_and_debugging/SkiResort/AccessToDB.Tests/bin/Debug/net6.0/AccessToDB.Tests.dll" adapterTypeName="executor://xunit/VsTestRunner2/netcoreapp" className="AccessToDB.Tests.TurnstilesRepositoryTests" name="TestGetTurnstileByIdAsyncOk" />
    </UnitTest>
    <UnitTest name="AccessToDB.Tests.SlopesRepositoryTests.TestGetSlopesAsyncEmpty" storage="/mnt/c/users/alena/desktop/7_sem/testing_and_debugging/skiresort/accesstodb.tests/bin/debug/net6.0/accesstodb.tests.dll" id="9bbefb83-8311-6e03-307f-415e3495e223">
      <Execution id="f1cfecc0-763a-4c43-a84a-c1f5786649d5" />
      <TestMethod codeBase="/mnt/c/Users/alena/Desktop/7_sem/testing_and_debugging/SkiResort/AccessToDB.Tests/bin/Debug/net6.0/AccessToDB.Tests.dll" adapterTypeName="executor://xunit/VsTestRunner2/netcoreapp" className="AccessToDB.Tests.SlopesRepositoryTests" name="TestGetSlopesAsyncEmpty" />
    </UnitTest>
    <UnitTest name="AccessToDB.Tests.LiftsRepositoryTests.TestAddLiftAutoIncrementAsyncOk" storage="/mnt/c/users/alena/desktop/7_sem/testing_and_debugging/skiresort/accesstodb.tests/bin/debug/net6.0/accesstodb.tests.dll" id="ec229f70-485a-f91b-53ed-bce655f6cd58">
      <Execution id="dbe54192-5d3a-425c-a585-befbd570d621" />
      <TestMethod codeBase="/mnt/c/Users/alena/Desktop/7_sem/testing_and_debugging/SkiResort/AccessToDB.Tests/bin/Debug/net6.0/AccessToDB.Tests.dll" adapterTypeName="executor://xunit/VsTestRunner2/netcoreapp" className="AccessToDB.Tests.LiftsRepositoryTests" name="TestAddLiftAutoIncrementAsyncOk" />
    </UnitTest>
    <UnitTest name="AccessToDB.Tests.LiftsSlopesRepositoryTests.TestGetLiftSlopeByIdAsyncOk(liftSlope: LiftSlope { RecordID = 186, LiftID = 51, SlopeID = 55 })" storage="/mnt/c/users/alena/desktop/7_sem/testing_and_debugging/skiresort/accesstodb.tests/bin/debug/net6.0/accesstodb.tests.dll" id="6878223a-ab7b-09bd-8a8b-1adfbbe07141">
      <Execution id="593d8e6d-ee66-4bda-9389-91dbfb4c557a" />
      <TestMethod codeBase="/mnt/c/Users/alena/Desktop/7_sem/testing_and_debugging/SkiResort/AccessToDB.Tests/bin/Debug/net6.0/AccessToDB.Tests.dll" adapterTypeName="executor://xunit/VsTestRunner2/netcoreapp" className="AccessToDB.Tests.LiftsSlopesRepositoryTests" name="TestGetLiftSlopeByIdAsyncOk" />
    </UnitTest>
    <UnitTest name="AccessToDB.Tests.TurnstilesRepositoryTests.TestGetTurnstilesAsyncEmpty" storage="/mnt/c/users/alena/desktop/7_sem/testing_and_debugging/skiresort/accesstodb.tests/bin/debug/net6.0/accesstodb.tests.dll" id="3c521313-4ed6-6bce-b4f9-c359411028e7">
      <Execution id="7c8c10b2-387d-449d-9f22-3e7859a0ed48" />
      <TestMethod codeBase="/mnt/c/Users/alena/Desktop/7_sem/testing_and_debugging/SkiResort/AccessToDB.Tests/bin/Debug/net6.0/AccessToDB.Tests.dll" adapterTypeName="executor://xunit/VsTestRunner2/netcoreapp" className="AccessToDB.Tests.TurnstilesRepositoryTests" name="TestGetTurnstilesAsyncEmpty" />
    </UnitTest>
    <UnitTest name="AccessToDB.Tests.LiftsRepositoryTests.TestUpdateLiftByIDAsyncOk(lift: Lift { LiftID = 74, LiftName = liftName20a3b8f5-f0c4-4e5c-a39c-a986e73769a1, IsOpen = True, SeatsAmount = 173, LiftingTime = 204, QueueTime = 82, ConnectedSlopes =  })" storage="/mnt/c/users/alena/desktop/7_sem/testing_and_debugging/skiresort/accesstodb.tests/bin/debug/net6.0/accesstodb.tests.dll" id="902e3636-7f88-c5fb-da8b-6792c6b1229f">
      <Execution id="b7d05e82-192e-4339-814a-15fc06a5c27c" />
      <TestMethod codeBase="/mnt/c/Users/alena/Desktop/7_sem/testing_and_debugging/SkiResort/AccessToDB.Tests/bin/Debug/net6.0/AccessToDB.Tests.dll" adapterTypeName="executor://xunit/VsTestRunner2/netcoreapp" className="AccessToDB.Tests.LiftsRepositoryTests" name="TestUpdateLiftByIDAsyncOk" />
    </UnitTest>
    <UnitTest name="AccessToDB.Tests.LiftsSlopesRepositoryTests.TestAddLiftSlopeAutoIncrementAsyncOk" storage="/mnt/c/users/alena/desktop/7_sem/testing_and_debugging/skiresort/accesstodb.tests/bin/debug/net6.0/accesstodb.tests.dll" id="30f8e924-9784-0a43-e807-094f70e06567">
      <Execution id="63135ffb-8f46-4cf6-8e6b-c098582a858f" />
      <TestMethod codeBase="/mnt/c/Users/alena/Desktop/7_sem/testing_and_debugging/SkiResort/AccessToDB.Tests/bin/Debug/net6.0/AccessToDB.Tests.dll" adapterTypeName="executor://xunit/VsTestRunner2/netcoreapp" className="AccessToDB.Tests.LiftsSlopesRepositoryTests" name="TestAddLiftSlopeAutoIncrementAsyncOk" />
    </UnitTest>
    <UnitTest name="AccessToDB.Tests.LiftsSlopesRepositoryTests.TestGetLiftsBySlopeIdAsyncOk(slope1: Slope { SlopeID = 53, SlopeName = slopeNamee29a11ce-c026-4054-bb0a-8043fd325d0d, IsOpen = True, DifficultyLevel = 85, ConnectedLifts =  }, slope2: Slope { SlopeID = 138, SlopeName = slopeNamea76eda98-9265-4267-86af-075133f7194a, IsOpen = False, DifficultyLevel = 215, ConnectedLifts =  }, lift1: Lift { LiftID = 177, LiftName = liftName7cbe99a3-f113-482a-9c2a-c74..." storage="/mnt/c/users/alena/desktop/7_sem/testing_and_debugging/skiresort/accesstodb.tests/bin/debug/net6.0/accesstodb.tests.dll" id="8373e397-cab6-9cf6-18d3-ceffcad910b4">
      <Execution id="afb7ec59-fde9-4be6-b0ae-2a6c8186e145" />
      <TestMethod codeBase="/mnt/c/Users/alena/Desktop/7_sem/testing_and_debugging/SkiResort/AccessToDB.Tests/bin/Debug/net6.0/AccessToDB.Tests.dll" adapterTypeName="executor://xunit/VsTestRunner2/netcoreapp" className="AccessToDB.Tests.LiftsSlopesRepositoryTests" name="TestGetLiftsBySlopeIdAsyncOk" />
    </UnitTest>
    <UnitTest name="AccessToDB.Tests.LiftsRepositoryTests.TestGetLiftByIdAsyncOk(lift: Lift { LiftID = 96, LiftName = liftName560a3dbd-9ebf-4ee0-b391-665ffce334a8, IsOpen = True, SeatsAmount = 218, LiftingTime = 118, QueueTime = 190, ConnectedSlopes =  })" storage="/mnt/c/users/alena/desktop/7_sem/testing_and_debugging/skiresort/accesstodb.tests/bin/debug/net6.0/accesstodb.tests.dll" id="9c0565be-352d-ba92-46dd-613d911d9512">
      <Execution id="f7027f35-1036-4b75-a3d1-b6dbffb3fe75" />
      <TestMethod codeBase="/mnt/c/Users/alena/Desktop/7_sem/testing_and_debugging/SkiResort/AccessToDB.Tests/bin/Debug/net6.0/AccessToDB.Tests.dll" adapterTypeName="executor://xunit/VsTestRunner2/netcoreapp" className="AccessToDB.Tests.LiftsRepositoryTests" name="TestGetLiftByIdAsyncOk" />
    </UnitTest>
    <UnitTest name="AccessToDB.Tests.SlopesRepositoryTests.TestAddSlopeAsyncFailsWhenSlopeIdRepeats(slope: Slope { SlopeID = 160, SlopeName = slopeName55678bea-8c67-4b6a-ba41-d46d89731304, IsOpen = True, DifficultyLevel = 241, ConnectedLifts =  })" storage="/mnt/c/users/alena/desktop/7_sem/testing_and_debugging/skiresort/accesstodb.tests/bin/debug/net6.0/accesstodb.tests.dll" id="764deba7-e383-673d-4ed6-1beed336b937">
      <Execution id="5906afeb-329c-41d0-a4c9-8c4c148070a7" />
      <TestMethod codeBase="/mnt/c/Users/alena/Desktop/7_sem/testing_and_debugging/SkiResort/AccessToDB.Tests/bin/Debug/net6.0/AccessToDB.Tests.dll" adapterTypeName="executor://xunit/VsTestRunner2/netcoreapp" className="AccessToDB.Tests.SlopesRepositoryTests" name="TestAddSlopeAsyncFailsWhenSlopeIdRepeats" />
    </UnitTest>
    <UnitTest name="AccessToDB.Tests.SlopesRepositoryTests.TestUpdateSlopeByIDAsyncOk(slope: Slope { SlopeID = 129, SlopeName = slopeNamea89fbb52-d866-40c6-8015-9212c3884b23, IsOpen = True, DifficultyLevel = 87, ConnectedLifts =  })" storage="/mnt/c/users/alena/desktop/7_sem/testing_and_debugging/skiresort/accesstodb.tests/bin/debug/net6.0/accesstodb.tests.dll" id="6e608f23-5672-6585-5af3-bac4fc2dc7de">
      <Execution id="4d943201-ff5c-48d1-9805-afd2d1235751" />
      <TestMethod codeBase="/mnt/c/Users/alena/Desktop/7_sem/testing_and_debugging/SkiResort/AccessToDB.Tests/bin/Debug/net6.0/AccessToDB.Tests.dll" adapterTypeName="executor://xunit/VsTestRunner2/netcoreapp" className="AccessToDB.Tests.SlopesRepositoryTests" name="TestUpdateSlopeByIDAsyncOk" />
    </UnitTest>
    <UnitTest name="AccessToDB.Tests.UsersRepositoryTests.TestAddUserAutoIncrementAsyncOk" storage="/mnt/c/users/alena/desktop/7_sem/testing_and_debugging/skiresort/accesstodb.tests/bin/debug/net6.0/accesstodb.tests.dll" id="e75bb6e2-88d9-af2a-a444-c4a9d67f0f0e">
      <Execution id="c1131b47-1550-476c-b20e-e8117e1c13d9" />
      <TestMethod codeBase="/mnt/c/Users/alena/Desktop/7_sem/testing_and_debugging/SkiResort/AccessToDB.Tests/bin/Debug/net6.0/AccessToDB.Tests.dll" adapterTypeName="executor://xunit/VsTestRunner2/netcoreapp" className="AccessToDB.Tests.UsersRepositoryTests" name="TestAddUserAutoIncrementAsyncOk" />
    </UnitTest>
    <UnitTest name="AccessToDB.Tests.SlopesRepositoryTests.TestAddSlopeAutoIncrementAsyncOk" storage="/mnt/c/users/alena/desktop/7_sem/testing_and_debugging/skiresort/accesstodb.tests/bin/debug/net6.0/accesstodb.tests.dll" id="8f7ba917-f771-0dc5-f9b9-465c34344b12">
      <Execution id="3876f679-56e3-4d8f-b56e-3b2cbec4aae2" />
      <TestMethod codeBase="/mnt/c/Users/alena/Desktop/7_sem/testing_and_debugging/SkiResort/AccessToDB.Tests/bin/Debug/net6.0/AccessToDB.Tests.dll" adapterTypeName="executor://xunit/VsTestRunner2/netcoreapp" className="AccessToDB.Tests.SlopesRepositoryTests" name="TestAddSlopeAutoIncrementAsyncOk" />
    </UnitTest>
    <UnitTest name="AccessToDB.Tests.TurnstilesRepositoryTests.TestUpdateTurnstileByIDAsyncOk(turnstile: Turnstile { TurnstileID = 119, LiftID = 129, IsOpen = True })" storage="/mnt/c/users/alena/desktop/7_sem/testing_and_debugging/skiresort/accesstodb.tests/bin/debug/net6.0/accesstodb.tests.dll" id="0d65d9e3-119e-5204-4483-de642b6ccc99">
      <Execution id="a791bf37-a66d-44d9-90ea-1bf6bb9a0f85" />
      <TestMethod codeBase="/mnt/c/Users/alena/Desktop/7_sem/testing_and_debugging/SkiResort/AccessToDB.Tests/bin/Debug/net6.0/AccessToDB.Tests.dll" adapterTypeName="executor://xunit/VsTestRunner2/netcoreapp" className="AccessToDB.Tests.TurnstilesRepositoryTests" name="TestUpdateTurnstileByIDAsyncOk" />
    </UnitTest>
    <UnitTest name="AccessToDB.Tests.UsersRepositoryTests.TestGetUserByIdAsyncOk(user: User { UserID = 63, CardID = 199, UserEmail = UserEmailceb0e6f3-a917-46f2-a4d8-986e167a933a, Password = password85b10ed6-f95e-4d66-9b67-30a2b167cf57, Permissions = UNAUTHORIZED })" storage="/mnt/c/users/alena/desktop/7_sem/testing_and_debugging/skiresort/accesstodb.tests/bin/debug/net6.0/accesstodb.tests.dll" id="c0eefe56-251a-065e-613a-0bfd2808ab8f">
      <Execution id="5dd95193-5f9a-42cc-a2f9-a4d0304ec504" />
      <TestMethod codeBase="/mnt/c/Users/alena/Desktop/7_sem/testing_and_debugging/SkiResort/AccessToDB.Tests/bin/Debug/net6.0/AccessToDB.Tests.dll" adapterTypeName="executor://xunit/VsTestRunner2/netcoreapp" className="AccessToDB.Tests.UsersRepositoryTests" name="TestGetUserByIdAsyncOk" />
    </UnitTest>
    <UnitTest name="AccessToDB.Tests.LiftsSlopesRepositoryTests.TestUpdateLiftSlopeByIDAsyncOk(liftSlope: LiftSlope { RecordID = 125, LiftID = 193, SlopeID = 215 })" storage="/mnt/c/users/alena/desktop/7_sem/testing_and_debugging/skiresort/accesstodb.tests/bin/debug/net6.0/accesstodb.tests.dll" id="0b7cc98f-bb2d-0f4e-202d-0785f937a660">
      <Execution id="7cad1ac0-5b33-4ac8-b182-c4441cd4ffef" />
      <TestMethod codeBase="/mnt/c/Users/alena/Desktop/7_sem/testing_and_debugging/SkiResort/AccessToDB.Tests/bin/Debug/net6.0/AccessToDB.Tests.dll" adapterTypeName="executor://xunit/VsTestRunner2/netcoreapp" className="AccessToDB.Tests.LiftsSlopesRepositoryTests" name="TestUpdateLiftSlopeByIDAsyncOk" />
    </UnitTest>
    <UnitTest name="AccessToDB.Tests.LiftsSlopesRepositoryTests.TestDeleteLiftSlopesByIDsAsyncOk(liftSlope: LiftSlope { RecordID = 164, LiftID = 133, SlopeID = 68 })" storage="/mnt/c/users/alena/desktop/7_sem/testing_and_debugging/skiresort/accesstodb.tests/bin/debug/net6.0/accesstodb.tests.dll" id="3b6fe7cd-b587-b99a-ab6a-ec7272a22712">
      <Execution id="5ca27408-1bc8-48f7-9c19-176a3dbda8c6" />
      <TestMethod codeBase="/mnt/c/Users/alena/Desktop/7_sem/testing_and_debugging/SkiResort/AccessToDB.Tests/bin/Debug/net6.0/AccessToDB.Tests.dll" adapterTypeName="executor://xunit/VsTestRunner2/netcoreapp" className="AccessToDB.Tests.LiftsSlopesRepositoryTests" name="TestDeleteLiftSlopesByIDsAsyncOk" />
    </UnitTest>
    <UnitTest name="AccessToDB.Tests.LiftsRepositoryTests.TestGetLiftsAsyncEmpty" storage="/mnt/c/users/alena/desktop/7_sem/testing_and_debugging/skiresort/accesstodb.tests/bin/debug/net6.0/accesstodb.tests.dll" id="607e8298-f113-be33-300e-15a343893443">
      <Execution id="1b2f36ee-e416-4ac6-bee3-15faf7d7aeb9" />
      <TestMethod codeBase="/mnt/c/Users/alena/Desktop/7_sem/testing_and_debugging/SkiResort/AccessToDB.Tests/bin/Debug/net6.0/AccessToDB.Tests.dll" adapterTypeName="executor://xunit/VsTestRunner2/netcoreapp" className="AccessToDB.Tests.LiftsRepositoryTests" name="TestGetLiftsAsyncEmpty" />
    </UnitTest>
    <UnitTest name="AccessToDB.Tests.UsersRepositoryTests.TestDeleteUserByIDAsyncFailsWhenIDNotExists(userID: 253)" storage="/mnt/c/users/alena/desktop/7_sem/testing_and_debugging/skiresort/accesstodb.tests/bin/debug/net6.0/accesstodb.tests.dll" id="e10d351b-aea9-2f6b-cad2-c5086a715473">
      <Execution id="a7737551-6d90-424c-a599-06e95a0f4daf" />
      <TestMethod codeBase="/mnt/c/Users/alena/Desktop/7_sem/testing_and_debugging/SkiResort/AccessToDB.Tests/bin/Debug/net6.0/AccessToDB.Tests.dll" adapterTypeName="executor://xunit/VsTestRunner2/netcoreapp" className="AccessToDB.Tests.UsersRepositoryTests" name="TestDeleteUserByIDAsyncFailsWhenIDNotExists" />
    </UnitTest>
    <UnitTest name="AccessToDB.Tests.SlopesRepositoryTests.TestDeleteSlopeByIDAsyncFailsWhenIDNotExists(slopeID: 6)" storage="/mnt/c/users/alena/desktop/7_sem/testing_and_debugging/skiresort/accesstodb.tests/bin/debug/net6.0/accesstodb.tests.dll" id="5206880b-a239-97c6-9ddf-aaa63ed5570c">
      <Execution id="c8916636-ecba-41a9-a759-3bb601c362f2" />
      <TestMethod codeBase="/mnt/c/Users/alena/Desktop/7_sem/testing_and_debugging/SkiResort/AccessToDB.Tests/bin/Debug/net6.0/AccessToDB.Tests.dll" adapterTypeName="executor://xunit/VsTestRunner2/netcoreapp" className="AccessToDB.Tests.SlopesRepositoryTests" name="TestDeleteSlopeByIDAsyncFailsWhenIDNotExists" />
    </UnitTest>
    <UnitTest name="AccessToDB.Tests.TurnstilesRepositoryTests.TestDeleteTurnstileByIDAsyncFailsWhenIDNotExists(turnstileID: 251)" storage="/mnt/c/users/alena/desktop/7_sem/testing_and_debugging/skiresort/accesstodb.tests/bin/debug/net6.0/accesstodb.tests.dll" id="10309202-0170-6353-e5da-cf58276dcb43">
      <Execution id="d21dafca-51dd-4f94-a29e-69cd05d2e9e0" />
      <TestMethod codeBase="/mnt/c/Users/alena/Desktop/7_sem/testing_and_debugging/SkiResort/AccessToDB.Tests/bin/Debug/net6.0/AccessToDB.Tests.dll" adapterTypeName="executor://xunit/VsTestRunner2/netcoreapp" className="AccessToDB.Tests.TurnstilesRepositoryTests" name="TestDeleteTurnstileByIDAsyncFailsWhenIDNotExists" />
    </UnitTest>
  </TestDefinitions>
  <TestEntries>
    <TestEntry testId="4145f44e-b4b1-a618-09e8-c631496e6f1a" executionId="d8edc267-3789-400d-9bba-49733fa85ca9" testListId="8c84fa94-04c1-424b-9868-57a2d4851a1d" />
    <TestEntry testId="e43bb0a2-cbdf-404f-89c0-9f2a47b3ff2a" executionId="2ef87eea-591b-46a5-8055-65d397d352cd" testListId="8c84fa94-04c1-424b-9868-57a2d4851a1d" />
    <TestEntry testId="ec229f70-485a-f91b-53ed-bce655f6cd58" executionId="dbe54192-5d3a-425c-a585-befbd570d621" testListId="8c84fa94-04c1-424b-9868-57a2d4851a1d" />
    <TestEntry testId="9fe1d60d-be0c-9a86-7fcc-54a2265a174b" executionId="ab3df488-c5f8-4ca9-a9c7-5be291f39fe3" testListId="8c84fa94-04c1-424b-9868-57a2d4851a1d" />
    <TestEntry testId="c2c5fa9b-94ff-01b6-9f48-33eb7bc2bf75" executionId="0bf65b60-0331-4734-a613-72da96651e2a" testListId="8c84fa94-04c1-424b-9868-57a2d4851a1d" />
    <TestEntry testId="9121a733-7bcd-7015-5fcc-c5ef8b2ccbca" executionId="aa326469-ec77-4b29-a0dc-3d6792cad31a" testListId="8c84fa94-04c1-424b-9868-57a2d4851a1d" />
    <TestEntry testId="a99701ca-55fc-2b82-9877-5bfb84ce25eb" executionId="a131c840-30d2-42a9-a8ed-f99265069e66" testListId="8c84fa94-04c1-424b-9868-57a2d4851a1d" />
    <TestEntry testId="8f7ba917-f771-0dc5-f9b9-465c34344b12" executionId="3876f679-56e3-4d8f-b56e-3b2cbec4aae2" testListId="8c84fa94-04c1-424b-9868-57a2d4851a1d" />
    <TestEntry testId="30f8e924-9784-0a43-e807-094f70e06567" executionId="63135ffb-8f46-4cf6-8e6b-c098582a858f" testListId="8c84fa94-04c1-424b-9868-57a2d4851a1d" />
    <TestEntry testId="a7f4fb50-faab-9eb4-9fa2-df70dd97efcd" executionId="0c3c552c-cd73-415a-bc16-27b4685e63d8" testListId="8c84fa94-04c1-424b-9868-57a2d4851a1d" />
    <TestEntry testId="e10d351b-aea9-2f6b-cad2-c5086a715473" executionId="a7737551-6d90-424c-a599-06e95a0f4daf" testListId="8c84fa94-04c1-424b-9868-57a2d4851a1d" />
    <TestEntry testId="b954cf33-a2a2-ee98-90bf-3b925b150564" executionId="502716a1-aa38-4f93-997d-7a079a1570f2" testListId="8c84fa94-04c1-424b-9868-57a2d4851a1d" />
    <TestEntry testId="41d9d10d-15ac-1ea0-1b58-9f494c09aa8a" executionId="e209e24d-55ba-4d4f-a809-1828ec1e5b53" testListId="8c84fa94-04c1-424b-9868-57a2d4851a1d" />
    <TestEntry testId="9bbefb83-8311-6e03-307f-415e3495e223" executionId="f1cfecc0-763a-4c43-a84a-c1f5786649d5" testListId="8c84fa94-04c1-424b-9868-57a2d4851a1d" />
    <TestEntry testId="6e3d6f39-aeae-c149-ab1e-84ff97811e94" executionId="89b60adb-5f8d-4547-bf41-41833e104287" testListId="8c84fa94-04c1-424b-9868-57a2d4851a1d" />
    <TestEntry testId="1275f3af-a795-ae8e-7c0d-11dd3cccec0b" executionId="64bf20d1-1d36-4ea0-b59a-4106dfb80067" testListId="8c84fa94-04c1-424b-9868-57a2d4851a1d" />
    <TestEntry testId="764deba7-e383-673d-4ed6-1beed336b937" executionId="5906afeb-329c-41d0-a4c9-8c4c148070a7" testListId="8c84fa94-04c1-424b-9868-57a2d4851a1d" />
    <TestEntry testId="c0eefe56-251a-065e-613a-0bfd2808ab8f" executionId="5dd95193-5f9a-42cc-a2f9-a4d0304ec504" testListId="8c84fa94-04c1-424b-9868-57a2d4851a1d" />
    <TestEntry testId="0b7cc98f-bb2d-0f4e-202d-0785f937a660" executionId="7cad1ac0-5b33-4ac8-b182-c4441cd4ffef" testListId="8c84fa94-04c1-424b-9868-57a2d4851a1d" />
    <TestEntry testId="0d65d9e3-119e-5204-4483-de642b6ccc99" executionId="a791bf37-a66d-44d9-90ea-1bf6bb9a0f85" testListId="8c84fa94-04c1-424b-9868-57a2d4851a1d" />
    <TestEntry testId="ba49a231-0e77-da8b-fb8b-35ed321e7a92" executionId="73a1bdf1-fde7-4787-bebb-9bacebf7909b" testListId="8c84fa94-04c1-424b-9868-57a2d4851a1d" />
    <TestEntry testId="d3785245-ddaa-f602-5e18-ecbaad5b1e1a" executionId="d3112af5-48d2-4c4d-8633-73918bad31fb" testListId="8c84fa94-04c1-424b-9868-57a2d4851a1d" />
    <TestEntry testId="3b6fe7cd-b587-b99a-ab6a-ec7272a22712" executionId="5ca27408-1bc8-48f7-9c19-176a3dbda8c6" testListId="8c84fa94-04c1-424b-9868-57a2d4851a1d" />
    <TestEntry testId="e75bb6e2-88d9-af2a-a444-c4a9d67f0f0e" executionId="c1131b47-1550-476c-b20e-e8117e1c13d9" testListId="8c84fa94-04c1-424b-9868-57a2d4851a1d" />
    <TestEntry testId="9c0565be-352d-ba92-46dd-613d911d9512" executionId="f7027f35-1036-4b75-a3d1-b6dbffb3fe75" testListId="8c84fa94-04c1-424b-9868-57a2d4851a1d" />
    <TestEntry testId="607e8298-f113-be33-300e-15a343893443" executionId="1b2f36ee-e416-4ac6-bee3-15faf7d7aeb9" testListId="8c84fa94-04c1-424b-9868-57a2d4851a1d" />
    <TestEntry testId="f9435956-2e34-e52b-c34e-dce53665cf8e" executionId="0aa5bd45-b336-42e0-a9c4-b3ec6efa184b" testListId="8c84fa94-04c1-424b-9868-57a2d4851a1d" />
    <TestEntry testId="6fb795b4-f1fe-ae5f-1ec7-e598383d6d32" executionId="4c258828-cd21-4314-a845-1deaac64a60b" testListId="8c84fa94-04c1-424b-9868-57a2d4851a1d" />
    <TestEntry testId="902e3636-7f88-c5fb-da8b-6792c6b1229f" executionId="b7d05e82-192e-4339-814a-15fc06a5c27c" testListId="8c84fa94-04c1-424b-9868-57a2d4851a1d" />
    <TestEntry testId="3ea8cb5c-27ab-b166-1899-46d02e05cae7" executionId="2ae7c3d1-118d-4e15-b5ae-7663bfc13213" testListId="8c84fa94-04c1-424b-9868-57a2d4851a1d" />
    <TestEntry testId="3741b26d-6ee0-6246-29e4-92009bff37b0" executionId="b74f4d70-0cf2-4663-a938-7f714b797673" testListId="8c84fa94-04c1-424b-9868-57a2d4851a1d" />
    <TestEntry testId="bd183c0e-8588-5597-cfc8-396362092885" executionId="073c63f0-7e09-408d-a260-517478aa305e" testListId="8c84fa94-04c1-424b-9868-57a2d4851a1d" />
    <TestEntry testId="d4adec4f-10ea-287a-dd94-0c55552b35ab" executionId="e4a3f7bb-dc20-441a-bd6c-089e4475abc7" testListId="8c84fa94-04c1-424b-9868-57a2d4851a1d" />
    <TestEntry testId="5206880b-a239-97c6-9ddf-aaa63ed5570c" executionId="c8916636-ecba-41a9-a759-3bb601c362f2" testListId="8c84fa94-04c1-424b-9868-57a2d4851a1d" />
    <TestEntry testId="6878223a-ab7b-09bd-8a8b-1adfbbe07141" executionId="593d8e6d-ee66-4bda-9389-91dbfb4c557a" testListId="8c84fa94-04c1-424b-9868-57a2d4851a1d" />
    <TestEntry testId="8373e397-cab6-9cf6-18d3-ceffcad910b4" executionId="afb7ec59-fde9-4be6-b0ae-2a6c8186e145" testListId="8c84fa94-04c1-424b-9868-57a2d4851a1d" />
    <TestEntry testId="6e608f23-5672-6585-5af3-bac4fc2dc7de" executionId="4d943201-ff5c-48d1-9805-afd2d1235751" testListId="8c84fa94-04c1-424b-9868-57a2d4851a1d" />
    <TestEntry testId="10309202-0170-6353-e5da-cf58276dcb43" executionId="d21dafca-51dd-4f94-a29e-69cd05d2e9e0" testListId="8c84fa94-04c1-424b-9868-57a2d4851a1d" />
    <TestEntry testId="3c521313-4ed6-6bce-b4f9-c359411028e7" executionId="7c8c10b2-387d-449d-9f22-3e7859a0ed48" testListId="8c84fa94-04c1-424b-9868-57a2d4851a1d" />
  </TestEntries>
  <TestLists>
    <TestList name="Results Not in a List" id="8c84fa94-04c1-424b-9868-57a2d4851a1d" />
    <TestList name="All Loaded Results" id="19431567-8539-422a-85d7-44ee4e166bda" />
  </TestLists>
  <ResultSummary outcome="Completed">
    <Counters total="39" executed="39" passed="39" failed="0" error="0" timeout="0" aborted="0" inconclusive="0" passedButRunAborted="0" notRunnable="0" notExecuted="0" disconnected="0" warning="0" completed="0" inProgress="0" pending="0" />
    <Output>
      <StdOut>[xUnit.net 00:00:00.00] xUnit.net VSTest Adapter v2.4.5+1caef2f33e (64-bit .NET 6.0.10)
[xUnit.net 00:00:01.02]   Discovering: AccessToDB.Tests
[xUnit.net 00:00:01.14]   Discovered:  AccessToDB.Tests
[xUnit.net 00:00:01.14]   Starting:    AccessToDB.Tests
[xUnit.net 00:00:17.25]   Finished:    AccessToDB.Tests
</StdOut>
    </Output>
  </ResultSummary>
</TestRun>