<?xml version="1.0" encoding="utf-8"?>
<TestRun id="2ec9c6eb-b070-437a-b239-9883067ca97c" name="@DESKTOP-TJ9D65N 2022-11-03 20:49:37" xmlns="http://microsoft.com/schemas/VisualStudio/TeamTest/2010">
  <Times creation="2022-11-03T20:49:37.3441159+03:00" queuing="2022-11-03T20:49:37.3441160+03:00" start="2022-11-03T20:49:33.4774737+03:00" finish="2022-11-03T20:49:51.3587406+03:00" />
  <TestSettings name="default" id="fdcc8faf-a7bb-4c83-a306-02e124bfce36">
    <Deployment runDeploymentRoot="_DESKTOP-TJ9D65N_2022-11-03_20_49_37" />
  </TestSettings>
  <Results>
    <UnitTestResult executionId="6dfa623c-55e5-487d-a3da-284d86c47eb6" testId="9bbefb83-8311-6e03-307f-415e3495e223" testName="AccessToDB.Tests.SlopesRepositoryTests.TestGetSlopesAsyncEmpty" computerName="DESKTOP-TJ9D65N" duration="00:00:00.3598378" startTime="2022-11-03T20:49:38.5140776+03:00" endTime="2022-11-03T20:49:38.5140777+03:00" testType="13cdc9d9-ddb5-4fa4-a97d-d965ccfc6d4b" outcome="Passed" testListId="8c84fa94-04c1-424b-9868-57a2d4851a1d" relativeResultsDirectory="6dfa623c-55e5-487d-a3da-284d86c47eb6" />
    <UnitTestResult executionId="672b653f-78d1-461f-807c-84947a594a7e" testId="4cc56555-a04c-b3ff-b5a0-1f77fef9969c" testName="AccessToDB.Tests.UsersRepositoryTests.TestCheckUserIdExistsAsyncTrue(user: User { UserID = 121, CardID = 173, UserEmail = UserEmail600557e7-a645-4cc1-ae19-29387e1b2967, Password = passwordf48cc951-9142-4201-8106-6031cc2f5328, Permissions = UNAUTHORIZED })" computerName="DESKTOP-TJ9D65N" duration="00:00:00.3857420" startTime="2022-11-03T20:49:39.6698587+03:00" endTime="2022-11-03T20:49:39.6698588+03:00" testType="13cdc9d9-ddb5-4fa4-a97d-d965ccfc6d4b" outcome="Passed" testListId="8c84fa94-04c1-424b-9868-57a2d4851a1d" relativeResultsDirectory="672b653f-78d1-461f-807c-84947a594a7e" />
    <UnitTestResult executionId="91dec713-83e2-4dc9-8410-b1bf33a64cf8" testId="ff3d834a-a089-8e76-faff-a9b6cae41e73" testName="AccessToDB.Tests.LiftsRepositoryTests.TestAddLiftAsyncFailsWhenLiftIdRepeats(lift: Lift { LiftID = 155, LiftName = liftName00a62a09-0029-4915-a4a0-43cab1808f85, IsOpen = True, SeatsAmount = 107, LiftingTime = 10, QueueTime = 18, ConnectedSlopes =  })" computerName="DESKTOP-TJ9D65N" duration="00:00:00.3913469" startTime="2022-11-03T20:49:47.6525819+03:00" endTime="2022-11-03T20:49:47.6525820+03:00" testType="13cdc9d9-ddb5-4fa4-a97d-d965ccfc6d4b" outcome="Passed" testListId="8c84fa94-04c1-424b-9868-57a2d4851a1d" relativeResultsDirectory="91dec713-83e2-4dc9-8410-b1bf33a64cf8" />
    <UnitTestResult executionId="f45611b0-32a2-47b8-aada-95195e3601b5" testId="3706d1e5-7f04-ffa5-2f12-c6baaaabbccc" testName="AccessToDB.Tests.LiftsSlopesRepositoryTests.TestAddLiftSlopeAsyncFailsWhenLiftSlopeIdRepeats(liftSlope: LiftSlope { RecordID = 61, LiftID = 119, SlopeID = 31 })" computerName="DESKTOP-TJ9D65N" duration="00:00:00.3909033" startTime="2022-11-03T20:49:48.0583448+03:00" endTime="2022-11-03T20:49:48.0583454+03:00" testType="13cdc9d9-ddb5-4fa4-a97d-d965ccfc6d4b" outcome="Passed" testListId="8c84fa94-04c1-424b-9868-57a2d4851a1d" relativeResultsDirectory="f45611b0-32a2-47b8-aada-95195e3601b5" />
    <UnitTestResult executionId="3ea5dc79-eee3-4c83-801e-fec81fe3cdc6" testId="76ab1ccf-bb5a-c926-3d6a-a3a393d9f308" testName="AccessToDB.Tests.TurnstilesRepositoryTests.TestUpdateTurnstileByIDAsyncOk(turnstile: Turnstile { TurnstileID = 137, LiftID = 38, IsOpen = True })" computerName="DESKTOP-TJ9D65N" duration="00:00:00.3909056" startTime="2022-11-03T20:49:44.1227840+03:00" endTime="2022-11-03T20:49:44.1227841+03:00" testType="13cdc9d9-ddb5-4fa4-a97d-d965ccfc6d4b" outcome="Passed" testListId="8c84fa94-04c1-424b-9868-57a2d4851a1d" relativeResultsDirectory="3ea5dc79-eee3-4c83-801e-fec81fe3cdc6" />
    <UnitTestResult executionId="30be754e-a604-4415-82bb-bdb8252aafde" testId="a1846f0f-23e6-a3e4-7668-300292c9c626" testName="AccessToDB.Tests.LiftsSlopesRepositoryTests.TestGetLiftsBySlopeIdAsyncOk(slope1: Slope { SlopeID = 15, SlopeName = slopeName050ef6ad-8219-4ddd-87ac-92e2058812b9, IsOpen = True, DifficultyLevel = 205, ConnectedLifts =  }, slope2: Slope { SlopeID = 18, SlopeName = slopeName0dbfa7dd-d1fd-4150-bcb0-7b759f9da0f3, IsOpen = False, DifficultyLevel = 62, ConnectedLifts =  }, lift1: Lift { LiftID = 69, LiftName = liftName53ba64c7-c841-469a-9333-8924355fb3fb, IsOpen = True, SeatsAmount = 9, LiftingTime = 149, QueueTime = 71, ConnectedSlopes =  }, lift2: Lift { LiftID = 249, LiftName = liftName23d3cbd7-a8fb-483f-90aa-649a0e2aabe8, IsOpen = False, SeatsAmount = 86, LiftingTime = 179, QueueTime = 21, ConnectedSlopes =  })" computerName="DESKTOP-TJ9D65N" duration="00:00:00.4207506" startTime="2022-11-03T20:49:48.8869303+03:00" endTime="2022-11-03T20:49:48.8869304+03:00" testType="13cdc9d9-ddb5-4fa4-a97d-d965ccfc6d4b" outcome="Passed" testListId="8c84fa94-04c1-424b-9868-57a2d4851a1d" relativeResultsDirectory="30be754e-a604-4415-82bb-bdb8252aafde" />
    <UnitTestResult executionId="7948d76d-6f83-4d55-a9f2-e3e1e0182bb2" testId="f7871644-defa-5e83-a2ad-fe1dbc12ec79" testName="AccessToDB.Tests.LiftsRepositoryTests.TestUpdateLiftByIDAsyncOk(lift: Lift { LiftID = 22, LiftName = liftName7fd1a0b1-c958-4aaa-92f4-b084322e67e0, IsOpen = True, SeatsAmount = 159, LiftingTime = 222, QueueTime = 127, ConnectedSlopes =  })" computerName="DESKTOP-TJ9D65N" duration="00:00:00.3919205" startTime="2022-11-03T20:49:46.1046087+03:00" endTime="2022-11-03T20:49:46.1046088+03:00" testType="13cdc9d9-ddb5-4fa4-a97d-d965ccfc6d4b" outcome="Passed" testListId="8c84fa94-04c1-424b-9868-57a2d4851a1d" relativeResultsDirectory="7948d76d-6f83-4d55-a9f2-e3e1e0182bb2" />
    <UnitTestResult executionId="fccc004f-cfff-42d6-81f8-da161d57830e" testId="3741b26d-6ee0-6246-29e4-92009bff37b0" testName="AccessToDB.Tests.UsersRepositoryTests.TestGetUsersAsyncEmpty" computerName="DESKTOP-TJ9D65N" duration="00:00:00.3597057" startTime="2022-11-03T20:49:39.2697004+03:00" endTime="2022-11-03T20:49:39.2697005+03:00" testType="13cdc9d9-ddb5-4fa4-a97d-d965ccfc6d4b" outcome="Passed" testListId="8c84fa94-04c1-424b-9868-57a2d4851a1d" relativeResultsDirectory="fccc004f-cfff-42d6-81f8-da161d57830e" />
    <UnitTestResult executionId="8a84cef6-5be2-4063-86c5-ce5d5f96eb5b" testId="db081f78-38c8-0ddb-26e2-356cd4f1af6f" testName="AccessToDB.Tests.TurnstilesRepositoryTests.TestAddTurnstileAsyncFailsWhenTurnstileIdRepeats(turnstile: Turnstile { TurnstileID = 230, LiftID = 72, IsOpen = True })" computerName="DESKTOP-TJ9D65N" duration="00:00:00.3897440" startTime="2022-11-03T20:49:44.9164640+03:00" endTime="2022-11-03T20:49:44.9164641+03:00" testType="13cdc9d9-ddb5-4fa4-a97d-d965ccfc6d4b" outcome="Passed" testListId="8c84fa94-04c1-424b-9868-57a2d4851a1d" relativeResultsDirectory="8a84cef6-5be2-4063-86c5-ce5d5f96eb5b" />
    <UnitTestResult executionId="48a84191-5242-40d0-b456-b817dce53513" testId="e764015d-be1c-0cb9-1307-ab64de987980" testName="AccessToDB.Tests.LiftsRepositoryTests.TestGetLiftByIdAsyncOk(lift: Lift { LiftID = 31, LiftName = liftName39239b80-9149-4c51-882d-2adcf62b0b3e, IsOpen = True, SeatsAmount = 209, LiftingTime = 62, QueueTime = 146, ConnectedSlopes =  })" computerName="DESKTOP-TJ9D65N" duration="00:00:00.3794418" startTime="2022-11-03T20:49:46.4980335+03:00" endTime="2022-11-03T20:49:46.4980337+03:00" testType="13cdc9d9-ddb5-4fa4-a97d-d965ccfc6d4b" outcome="Passed" testListId="8c84fa94-04c1-424b-9868-57a2d4851a1d" relativeResultsDirectory="48a84191-5242-40d0-b456-b817dce53513" />
    <UnitTestResult executionId="1a5ed6a4-c032-457e-9501-3b112963ff1d" testId="3c521313-4ed6-6bce-b4f9-c359411028e7" testName="AccessToDB.Tests.TurnstilesRepositoryTests.TestGetTurnstilesAsyncEmpty" computerName="DESKTOP-TJ9D65N" duration="00:00:00.3618950" startTime="2022-11-03T20:49:42.8134730+03:00" endTime="2022-11-03T20:49:42.8134731+03:00" testType="13cdc9d9-ddb5-4fa4-a97d-d965ccfc6d4b" outcome="Passed" testListId="8c84fa94-04c1-424b-9868-57a2d4851a1d" relativeResultsDirectory="1a5ed6a4-c032-457e-9501-3b112963ff1d" />
    <UnitTestResult executionId="21a66209-bbce-4039-bde2-30c5761bed73" testId="4ddb759b-32ec-5ab3-2f30-aabb73a1e3ff" testName="AccessToDB.Tests.UsersRepositoryTests.TestGetUserByEmailAsyncFailsWhenEmailNotExists(email: &quot;email99ed2e9e-c8b0-4d1a-ac4b-0d60b2c449d3&quot;)" computerName="DESKTOP-TJ9D65N" duration="00:00:00.3592208" startTime="2022-11-03T20:49:40.4486871+03:00" endTime="2022-11-03T20:49:40.4486872+03:00" testType="13cdc9d9-ddb5-4fa4-a97d-d965ccfc6d4b" outcome="Passed" testListId="8c84fa94-04c1-424b-9868-57a2d4851a1d" relativeResultsDirectory="21a66209-bbce-4039-bde2-30c5761bed73" />
    <UnitTestResult executionId="66fa7edc-2539-435b-aba1-c4b4943e521e" testId="72ce8568-c99a-4a56-9133-ebec06c88f35" testName="AccessToDB.Tests.UsersRepositoryTests.TestDeleteUserByIDAsyncFailsWhenIDNotExists(userID: 27)" computerName="DESKTOP-TJ9D65N" duration="00:00:00.3599530" startTime="2022-11-03T20:49:40.8219053+03:00" endTime="2022-11-03T20:49:40.8219055+03:00" testType="13cdc9d9-ddb5-4fa4-a97d-d965ccfc6d4b" outcome="Passed" testListId="8c84fa94-04c1-424b-9868-57a2d4851a1d" relativeResultsDirectory="66fa7edc-2539-435b-aba1-c4b4943e521e" />
    <UnitTestResult executionId="d8cda46b-56c4-41d1-ac4f-0907546c7176" testId="d5667f1c-4b24-3b77-9d9b-7518a7d9a84e" testName="AccessToDB.Tests.LiftsSlopesRepositoryTests.TestGetSlopesByLiftIdAsyncFailsWhenSlopeNotExists(liftSlope: LiftSlope { RecordID = 61, LiftID = 246, SlopeID = 183 })" computerName="DESKTOP-TJ9D65N" duration="00:00:00.3800961" startTime="2022-11-03T20:49:50.8365221+03:00" endTime="2022-11-03T20:49:50.8365222+03:00" testType="13cdc9d9-ddb5-4fa4-a97d-d965ccfc6d4b" outcome="Passed" testListId="8c84fa94-04c1-424b-9868-57a2d4851a1d" relativeResultsDirectory="d8cda46b-56c4-41d1-ac4f-0907546c7176" />
    <UnitTestResult executionId="6c4773bb-77c4-42bf-b397-937f48e4903e" testId="54c50c76-ce04-3ef1-717b-a78492cab7b3" testName="AccessToDB.Tests.SlopesRepositoryTests.TestGetSlopeByNameAsyncFailsWhenNameNotExists(slopeName: &quot;slopeName86f12fe1-2e37-4ecc-8690-651d339dcff6&quot;)" computerName="DESKTOP-TJ9D65N" duration="00:00:00.3599514" startTime="2022-11-03T20:49:37.7374757+03:00" endTime="2022-11-03T20:49:37.7374758+03:00" testType="13cdc9d9-ddb5-4fa4-a97d-d965ccfc6d4b" outcome="Passed" testListId="8c84fa94-04c1-424b-9868-57a2d4851a1d" relativeResultsDirectory="6c4773bb-77c4-42bf-b397-937f48e4903e" />
    <UnitTestResult executionId="ae49106c-af20-4f26-bde6-472827b1c5ea" testId="7ae34d65-d56a-370d-1f78-ae07eb8e5288" testName="AccessToDB.Tests.TurnstilesRepositoryTests.TestGetTurnstilesByLiftIdAsyncOk(liftID: 78)" computerName="DESKTOP-TJ9D65N" duration="00:00:00.4839413" startTime="2022-11-03T20:49:43.3114476+03:00" endTime="2022-11-03T20:49:43.3114477+03:00" testType="13cdc9d9-ddb5-4fa4-a97d-d965ccfc6d4b" outcome="Passed" testListId="8c84fa94-04c1-424b-9868-57a2d4851a1d" relativeResultsDirectory="ae49106c-af20-4f26-bde6-472827b1c5ea" />
    <UnitTestResult executionId="67d90b96-76a7-46a0-8f7b-08830148565e" testId="3b729b31-ae02-bd5f-f218-148815755c8a" testName="AccessToDB.Tests.SlopesRepositoryTests.TestDeleteSlopeByIDAsyncFailsWhenIDNotExists(slopeID: 179)" computerName="DESKTOP-TJ9D65N" duration="00:00:00.3590905" startTime="2022-11-03T20:49:37.3622010+03:00" endTime="2022-11-03T20:49:37.3622013+03:00" testType="13cdc9d9-ddb5-4fa4-a97d-d965ccfc6d4b" outcome="Passed" testListId="8c84fa94-04c1-424b-9868-57a2d4851a1d" relativeResultsDirectory="67d90b96-76a7-46a0-8f7b-08830148565e" />
    <UnitTestResult executionId="7bf46cfa-863e-430d-9161-0ec95673d255" testId="22dd921a-8b63-de23-b472-c385b60c5f08" testName="AccessToDB.Tests.TurnstilesRepositoryTests.TestGetTurnstileByIdAsyncOk(turnstile: Turnstile { TurnstileID = 156, LiftID = 242, IsOpen = True })" computerName="DESKTOP-TJ9D65N" duration="00:00:00.3797159" startTime="2022-11-03T20:49:44.5117883+03:00" endTime="2022-11-03T20:49:44.5117883+03:00" testType="13cdc9d9-ddb5-4fa4-a97d-d965ccfc6d4b" outcome="Passed" testListId="8c84fa94-04c1-424b-9868-57a2d4851a1d" relativeResultsDirectory="7bf46cfa-863e-430d-9161-0ec95673d255" />
    <UnitTestResult executionId="33afdf2d-259b-4832-addd-faa4df88770f" testId="a4d2a825-19ea-781f-cbc9-a0add5f886bf" testName="AccessToDB.Tests.LiftsSlopesRepositoryTests.TestGetLiftSlopeByIdAsyncOk(liftSlope: LiftSlope { RecordID = 4, LiftID = 245, SlopeID = 244 })" computerName="DESKTOP-TJ9D65N" duration="00:00:00.3796120" startTime="2022-11-03T20:49:48.4520733+03:00" endTime="2022-11-03T20:49:48.4520734+03:00" testType="13cdc9d9-ddb5-4fa4-a97d-d965ccfc6d4b" outcome="Passed" testListId="8c84fa94-04c1-424b-9868-57a2d4851a1d" relativeResultsDirectory="33afdf2d-259b-4832-addd-faa4df88770f" />
    <UnitTestResult executionId="7d2f989b-2346-430f-ab61-260c9a717f50" testId="607e8298-f113-be33-300e-15a343893443" testName="AccessToDB.Tests.LiftsRepositoryTests.TestGetLiftsAsyncEmpty" computerName="DESKTOP-TJ9D65N" duration="00:00:00.3596409" startTime="2022-11-03T20:49:46.8722475+03:00" endTime="2022-11-03T20:49:46.8722476+03:00" testType="13cdc9d9-ddb5-4fa4-a97d-d965ccfc6d4b" outcome="Passed" testListId="8c84fa94-04c1-424b-9868-57a2d4851a1d" relativeResultsDirectory="7d2f989b-2346-430f-ab61-260c9a717f50" />
    <UnitTestResult executionId="e08e10b3-d0ba-430b-aa2c-f1d70f3584cb" testId="f9435956-2e34-e52b-c34e-dce53665cf8e" testName="AccessToDB.Tests.TurnstilesRepositoryTests.TestAddTurnstileAutoIncrementAsyncOk" computerName="DESKTOP-TJ9D65N" duration="00:00:00.3916381" startTime="2022-11-03T20:49:43.7173693+03:00" endTime="2022-11-03T20:49:43.7173694+03:00" testType="13cdc9d9-ddb5-4fa4-a97d-d965ccfc6d4b" outcome="Passed" testListId="8c84fa94-04c1-424b-9868-57a2d4851a1d" relativeResultsDirectory="e08e10b3-d0ba-430b-aa2c-f1d70f3584cb" />
    <UnitTestResult executionId="13c4e81c-c82d-4c18-96ed-a1b6652e9c50" testId="ce69c3df-acec-3658-9819-c42b5cfbb392" testName="AccessToDB.Tests.LiftsSlopesRepositoryTests.TestDeleteLiftSlopeByIDAsyncFailsWhenIDNotExists(liftSlopeID: 161)" computerName="DESKTOP-TJ9D65N" duration="00:00:00.3601655" startTime="2022-11-03T20:49:49.2614243+03:00" endTime="2022-11-03T20:49:49.2614244+03:00" testType="13cdc9d9-ddb5-4fa4-a97d-d965ccfc6d4b" outcome="Passed" testListId="8c84fa94-04c1-424b-9868-57a2d4851a1d" relativeResultsDirectory="13c4e81c-c82d-4c18-96ed-a1b6652e9c50" />
    <UnitTestResult executionId="f5f9ecea-59c0-410f-ad4c-2e9093aa3d2a" testId="11262abb-6011-c971-8e25-c1cf574a8251" testName="AccessToDB.Tests.UsersRepositoryTests.TestAddUserAsyncFailsWhenUserIdRepeats(user: User { UserID = 130, CardID = 255, UserEmail = UserEmail4a0f30ab-9c3c-445a-b29b-e220ba3e30f3, Password = passwordfeeae489-3dc2-4f0c-b328-beb8761bbbf7, Permissions = UNAUTHORIZED })" computerName="DESKTOP-TJ9D65N" duration="00:00:00.3907281" startTime="2022-11-03T20:49:40.0751861+03:00" endTime="2022-11-03T20:49:40.0751862+03:00" testType="13cdc9d9-ddb5-4fa4-a97d-d965ccfc6d4b" outcome="Passed" testListId="8c84fa94-04c1-424b-9868-57a2d4851a1d" relativeResultsDirectory="f5f9ecea-59c0-410f-ad4c-2e9093aa3d2a" />
    <UnitTestResult executionId="89be6ebe-0f74-4b11-8e5c-a2ba7633b17e" testId="ec229f70-485a-f91b-53ed-bce655f6cd58" testName="AccessToDB.Tests.LiftsRepositoryTests.TestAddLiftAutoIncrementAsyncOk" computerName="DESKTOP-TJ9D65N" duration="00:00:00.3896916" startTime="2022-11-03T20:49:45.6980852+03:00" endTime="2022-11-03T20:49:45.6980853+03:00" testType="13cdc9d9-ddb5-4fa4-a97d-d965ccfc6d4b" outcome="Passed" testListId="8c84fa94-04c1-424b-9868-57a2d4851a1d" relativeResultsDirectory="89be6ebe-0f74-4b11-8e5c-a2ba7633b17e" />
    <UnitTestResult executionId="48d1b825-4459-4fca-bc6f-47dc7963915c" testId="164b4981-c129-0ca9-2e59-52d2e7f3e51d" testName="AccessToDB.Tests.LiftsSlopesRepositoryTests.TestUpdateLiftSlopeByIDAsyncOk(liftSlope: LiftSlope { RecordID = 72, LiftID = 247, SlopeID = 97 })" computerName="DESKTOP-TJ9D65N" duration="00:00:00.3906004" startTime="2022-11-03T20:49:51.2416917+03:00" endTime="2022-11-03T20:49:51.2416920+03:00" testType="13cdc9d9-ddb5-4fa4-a97d-d965ccfc6d4b" outcome="Passed" testListId="8c84fa94-04c1-424b-9868-57a2d4851a1d" relativeResultsDirectory="48d1b825-4459-4fca-bc6f-47dc7963915c" />
    <UnitTestResult executionId="f8431d70-67b8-44f0-867d-3528ba4fe952" testId="8f7ba917-f771-0dc5-f9b9-465c34344b12" testName="AccessToDB.Tests.SlopesRepositoryTests.TestAddSlopeAutoIncrementAsyncOk" computerName="DESKTOP-TJ9D65N" duration="00:00:00.3904138" startTime="2022-11-03T20:49:38.1416098+03:00" endTime="2022-11-03T20:49:38.1416100+03:00" testType="13cdc9d9-ddb5-4fa4-a97d-d965ccfc6d4b" outcome="Passed" testListId="8c84fa94-04c1-424b-9868-57a2d4851a1d" relativeResultsDirectory="f8431d70-67b8-44f0-867d-3528ba4fe952" />
    <UnitTestResult executionId="6e043688-edf7-4d60-b311-fedaea75aaed" testId="94bf068a-bc7d-d9a0-5d02-bf64f4ecc8b5" testName="AccessToDB.Tests.SlopesRepositoryTests.TestGetSlopeByIdAsyncOk(slope: Slope { SlopeID = 207, SlopeName = slopeName4ebb15e4-5777-43bd-9176-c3a2e428155e, IsOpen = True, DifficultyLevel = 51, ConnectedLifts =  })" computerName="DESKTOP-TJ9D65N" duration="00:00:00.3795894" startTime="2022-11-03T20:49:36.9882488+03:00" endTime="2022-11-03T20:49:36.9882489+03:00" testType="13cdc9d9-ddb5-4fa4-a97d-d965ccfc6d4b" outcome="Passed" testListId="8c84fa94-04c1-424b-9868-57a2d4851a1d" relativeResultsDirectory="6e043688-edf7-4d60-b311-fedaea75aaed" />
    <UnitTestResult executionId="a6b6e62c-e822-49a4-8cd3-4156b5fe6420" testId="4145f44e-b4b1-a618-09e8-c631496e6f1a" testName="AccessToDB.Tests.LiftsSlopesRepositoryTests.TestGetLiftSlopesAsyncEmpty" computerName="DESKTOP-TJ9D65N" duration="00:00:00.3594505" startTime="2022-11-03T20:49:50.4445854+03:00" endTime="2022-11-03T20:49:50.4445855+03:00" testType="13cdc9d9-ddb5-4fa4-a97d-d965ccfc6d4b" outcome="Passed" testListId="8c84fa94-04c1-424b-9868-57a2d4851a1d" relativeResultsDirectory="a6b6e62c-e822-49a4-8cd3-4156b5fe6420" />
    <UnitTestResult executionId="b3212947-18cb-46ca-9771-788fd95dc25c" testId="a443e467-0fe2-5ccf-4c5f-a54a987524a1" testName="AccessToDB.Tests.TurnstilesRepositoryTests.TestDeleteTurnstileByIDAsyncFailsWhenIDNotExists(turnstileID: 8)" computerName="DESKTOP-TJ9D65N" duration="00:00:00.3615083" startTime="2022-11-03T20:49:42.4372817+03:00" endTime="2022-11-03T20:49:42.4372818+03:00" testType="13cdc9d9-ddb5-4fa4-a97d-d965ccfc6d4b" outcome="Passed" testListId="8c84fa94-04c1-424b-9868-57a2d4851a1d" relativeResultsDirectory="b3212947-18cb-46ca-9771-788fd95dc25c" />
    <UnitTestResult executionId="e7cf3ed5-0854-487d-a048-40e242b48fc8" testId="7812b5bc-8f22-35f4-9b21-80c3b41d7515" testName="AccessToDB.Tests.UsersRepositoryTests.TestUpdateUserByIDAsyncOk(user: User { UserID = 152, CardID = 153, UserEmail = UserEmailf103c01d-d187-4a17-bc44-67d06472d6ba, Password = passworda7aa5134-2fea-43c6-963a-3c4fa099418d, Permissions = UNAUTHORIZED })" computerName="DESKTOP-TJ9D65N" duration="00:00:00.3906610" startTime="2022-11-03T20:49:41.6283904+03:00" endTime="2022-11-03T20:49:41.6283906+03:00" testType="13cdc9d9-ddb5-4fa4-a97d-d965ccfc6d4b" outcome="Passed" testListId="8c84fa94-04c1-424b-9868-57a2d4851a1d" relativeResultsDirectory="e7cf3ed5-0854-487d-a048-40e242b48fc8" />
    <UnitTestResult executionId="df6e8aee-6be3-4196-8ac0-700bf59db487" testId="68027894-5caf-33e6-370a-31404bc6dce4" testName="AccessToDB.Tests.UsersRepositoryTests.TestCheckUserEmailExistsAsyncFalse(userEmail: &quot;userEmailab130d09-aea7-449b-8a90-b52d8471b845&quot;)" computerName="DESKTOP-TJ9D65N" duration="00:00:00.3601332" startTime="2022-11-03T20:49:38.8962993+03:00" endTime="2022-11-03T20:49:38.8962994+03:00" testType="13cdc9d9-ddb5-4fa4-a97d-d965ccfc6d4b" outcome="Passed" testListId="8c84fa94-04c1-424b-9868-57a2d4851a1d" relativeResultsDirectory="df6e8aee-6be3-4196-8ac0-700bf59db487" />
    <UnitTestResult executionId="d2b4fa9d-d9f8-4afd-9068-40e2c8f5a49c" testId="5cd655e1-9801-30a8-3cbe-f82b6b9ce07b" testName="AccessToDB.Tests.LiftsRepositoryTests.TestDeleteLiftByIDAsyncFailsWhenIDNotExists(liftID: 18)" computerName="DESKTOP-TJ9D65N" duration="00:00:00.3666811" startTime="2022-11-03T20:49:45.2984645+03:00" endTime="2022-11-03T20:49:45.2984646+03:00" testType="13cdc9d9-ddb5-4fa4-a97d-d965ccfc6d4b" outcome="Passed" testListId="8c84fa94-04c1-424b-9868-57a2d4851a1d" relativeResultsDirectory="d2b4fa9d-d9f8-4afd-9068-40e2c8f5a49c" />
    <UnitTestResult executionId="0c8c380c-2b54-499c-9a86-2fe16812ba0b" testId="33f660ce-0959-aa3b-ea62-acb6412ee21b" testName="AccessToDB.Tests.LiftsRepositoryTests.TestGetLiftByNameAsyncFailsWhenNameNotExists(liftName: &quot;liftName26f768e6-0523-4313-ac22-a8861ba7990c&quot;)" computerName="DESKTOP-TJ9D65N" duration="00:00:00.3595726" startTime="2022-11-03T20:49:47.2464164+03:00" endTime="2022-11-03T20:49:47.2464165+03:00" testType="13cdc9d9-ddb5-4fa4-a97d-d965ccfc6d4b" outcome="Passed" testListId="8c84fa94-04c1-424b-9868-57a2d4851a1d" relativeResultsDirectory="0c8c380c-2b54-499c-9a86-2fe16812ba0b" />
    <UnitTestResult executionId="021e8225-d1d7-40f6-897c-7d1b23e63727" testId="0da8dffc-b95d-2e8e-df7a-1d45d35da3a5" testName="AccessToDB.Tests.SlopesRepositoryTests.TestAddSlopeAsyncFailsWhenSlopeIdRepeats(slope: Slope { SlopeID = 134, SlopeName = slopeName67681f20-6d54-4e08-a6af-86f276b69d0e, IsOpen = True, DifficultyLevel = 83, ConnectedLifts =  })" computerName="DESKTOP-TJ9D65N" duration="00:00:00.4664208" startTime="2022-11-03T20:49:36.1655952+03:00" endTime="2022-11-03T20:49:36.1656199+03:00" testType="13cdc9d9-ddb5-4fa4-a97d-d965ccfc6d4b" outcome="Passed" testListId="8c84fa94-04c1-424b-9868-57a2d4851a1d" relativeResultsDirectory="021e8225-d1d7-40f6-897c-7d1b23e63727" />
    <UnitTestResult executionId="167e54b3-1045-415b-be4a-bf62f4c11ad4" testId="4be37141-5f37-7b08-f4cc-cbae55d51317" testName="AccessToDB.Tests.SlopesRepositoryTests.TestUpdateSlopeByIDAsyncOk(slope: Slope { SlopeID = 116, SlopeName = slopeName81f4be15-6579-425b-b8f7-45abb50b2341, IsOpen = True, DifficultyLevel = 153, ConnectedLifts =  })" computerName="DESKTOP-TJ9D65N" duration="00:00:00.3902666" startTime="2022-11-03T20:49:36.5938215+03:00" endTime="2022-11-03T20:49:36.5938216+03:00" testType="13cdc9d9-ddb5-4fa4-a97d-d965ccfc6d4b" outcome="Passed" testListId="8c84fa94-04c1-424b-9868-57a2d4851a1d" relativeResultsDirectory="167e54b3-1045-415b-be4a-bf62f4c11ad4" />
    <UnitTestResult executionId="0fb70bc4-ee95-4b45-94d7-8216738facd0" testId="247e1553-3494-8b48-f8b6-0aad177734c0" testName="AccessToDB.Tests.UsersRepositoryTests.TestGetUserByIdAsyncOk(user: User { UserID = 202, CardID = 111, UserEmail = UserEmail2cce374d-1c13-4e09-884c-110de2c6ad34, Password = passwordbdd41a6e-bfb2-4240-974d-438a5f56d036, Permissions = UNAUTHORIZED })" computerName="DESKTOP-TJ9D65N" duration="00:00:00.3852396" startTime="2022-11-03T20:49:41.2217513+03:00" endTime="2022-11-03T20:49:41.2217514+03:00" testType="13cdc9d9-ddb5-4fa4-a97d-d965ccfc6d4b" outcome="Passed" testListId="8c84fa94-04c1-424b-9868-57a2d4851a1d" relativeResultsDirectory="0fb70bc4-ee95-4b45-94d7-8216738facd0" />
    <UnitTestResult executionId="6d4eca38-0964-4d89-856a-9f5d69de67ff" testId="e75bb6e2-88d9-af2a-a444-c4a9d67f0f0e" testName="AccessToDB.Tests.UsersRepositoryTests.TestAddUserAutoIncrementAsyncOk" computerName="DESKTOP-TJ9D65N" duration="00:00:00.4053758" startTime="2022-11-03T20:49:42.0612440+03:00" endTime="2022-11-03T20:49:42.0612441+03:00" testType="13cdc9d9-ddb5-4fa4-a97d-d965ccfc6d4b" outcome="Passed" testListId="8c84fa94-04c1-424b-9868-57a2d4851a1d" relativeResultsDirectory="6d4eca38-0964-4d89-856a-9f5d69de67ff" />
    <UnitTestResult executionId="96a0dfbc-be13-4cec-afb6-dcda593bcceb" testId="30f8e924-9784-0a43-e807-094f70e06567" testName="AccessToDB.Tests.LiftsSlopesRepositoryTests.TestAddLiftSlopeAutoIncrementAsyncOk" computerName="DESKTOP-TJ9D65N" duration="00:00:00.3904960" startTime="2022-11-03T20:49:50.0717692+03:00" endTime="2022-11-03T20:49:50.0717693+03:00" testType="13cdc9d9-ddb5-4fa4-a97d-d965ccfc6d4b" outcome="Passed" testListId="8c84fa94-04c1-424b-9868-57a2d4851a1d" relativeResultsDirectory="96a0dfbc-be13-4cec-afb6-dcda593bcceb" />
    <UnitTestResult executionId="057a0bd6-def2-48c9-a989-083633452dc9" testId="e90b3e9e-7237-7717-56fc-5392cf445720" testName="AccessToDB.Tests.LiftsSlopesRepositoryTests.TestDeleteLiftSlopesByIDsAsyncOk(liftSlope: LiftSlope { RecordID = 243, LiftID = 169, SlopeID = 162 })" computerName="DESKTOP-TJ9D65N" duration="00:00:00.3915373" startTime="2022-11-03T20:49:49.6688543+03:00" endTime="2022-11-03T20:49:49.6688544+03:00" testType="13cdc9d9-ddb5-4fa4-a97d-d965ccfc6d4b" outcome="Passed" testListId="8c84fa94-04c1-424b-9868-57a2d4851a1d" relativeResultsDirectory="057a0bd6-def2-48c9-a989-083633452dc9" />
  </Results>
  <TestDefinitions>
    <UnitTest name="AccessToDB.Tests.LiftsSlopesRepositoryTests.TestDeleteLiftSlopesByIDsAsyncOk(liftSlope: LiftSlope { RecordID = 243, LiftID = 169, SlopeID = 162 })" storage="/mnt/c/users/alena/desktop/7_sem/testing_and_debugging/skiresort/accesstodb.tests/bin/debug/net6.0/accesstodb.tests.dll" id="e90b3e9e-7237-7717-56fc-5392cf445720">
      <Execution id="057a0bd6-def2-48c9-a989-083633452dc9" />
      <TestMethod codeBase="/mnt/c/Users/alena/Desktop/7_sem/testing_and_debugging/SkiResort/AccessToDB.Tests/bin/Debug/net6.0/AccessToDB.Tests.dll" adapterTypeName="executor://xunit/VsTestRunner2/netcoreapp" className="AccessToDB.Tests.LiftsSlopesRepositoryTests" name="TestDeleteLiftSlopesByIDsAsyncOk" />
    </UnitTest>
    <UnitTest name="AccessToDB.Tests.LiftsRepositoryTests.TestDeleteLiftByIDAsyncFailsWhenIDNotExists(liftID: 18)" storage="/mnt/c/users/alena/desktop/7_sem/testing_and_debugging/skiresort/accesstodb.tests/bin/debug/net6.0/accesstodb.tests.dll" id="5cd655e1-9801-30a8-3cbe-f82b6b9ce07b">
      <Execution id="d2b4fa9d-d9f8-4afd-9068-40e2c8f5a49c" />
      <TestMethod codeBase="/mnt/c/Users/alena/Desktop/7_sem/testing_and_debugging/SkiResort/AccessToDB.Tests/bin/Debug/net6.0/AccessToDB.Tests.dll" adapterTypeName="executor://xunit/VsTestRunner2/netcoreapp" className="AccessToDB.Tests.LiftsRepositoryTests" name="TestDeleteLiftByIDAsyncFailsWhenIDNotExists" />
    </UnitTest>
    <UnitTest name="AccessToDB.Tests.TurnstilesRepositoryTests.TestAddTurnstileAsyncFailsWhenTurnstileIdRepeats(turnstile: Turnstile { TurnstileID = 230, LiftID = 72, IsOpen = True })" storage="/mnt/c/users/alena/desktop/7_sem/testing_and_debugging/skiresort/accesstodb.tests/bin/debug/net6.0/accesstodb.tests.dll" id="db081f78-38c8-0ddb-26e2-356cd4f1af6f">
      <Execution id="8a84cef6-5be2-4063-86c5-ce5d5f96eb5b" />
      <TestMethod codeBase="/mnt/c/Users/alena/Desktop/7_sem/testing_and_debugging/SkiResort/AccessToDB.Tests/bin/Debug/net6.0/AccessToDB.Tests.dll" adapterTypeName="executor://xunit/VsTestRunner2/netcoreapp" className="AccessToDB.Tests.TurnstilesRepositoryTests" name="TestAddTurnstileAsyncFailsWhenTurnstileIdRepeats" />
    </UnitTest>
    <UnitTest name="AccessToDB.Tests.UsersRepositoryTests.TestCheckUserIdExistsAsyncTrue(user: User { UserID = 121, CardID = 173, UserEmail = UserEmail600557e7-a645-4cc1-ae19-29387e1b2967, Password = passwordf48cc951-9142-4201-8106-6031cc2f5328, Permissions = UNAUTHORIZED })" storage="/mnt/c/users/alena/desktop/7_sem/testing_and_debugging/skiresort/accesstodb.tests/bin/debug/net6.0/accesstodb.tests.dll" id="4cc56555-a04c-b3ff-b5a0-1f77fef9969c">
      <Execution id="672b653f-78d1-461f-807c-84947a594a7e" />
      <TestMethod codeBase="/mnt/c/Users/alena/Desktop/7_sem/testing_and_debugging/SkiResort/AccessToDB.Tests/bin/Debug/net6.0/AccessToDB.Tests.dll" adapterTypeName="executor://xunit/VsTestRunner2/netcoreapp" className="AccessToDB.Tests.UsersRepositoryTests" name="TestCheckUserIdExistsAsyncTrue" />
    </UnitTest>
    <UnitTest name="AccessToDB.Tests.UsersRepositoryTests.TestGetUsersAsyncEmpty" storage="/mnt/c/users/alena/desktop/7_sem/testing_and_debugging/skiresort/accesstodb.tests/bin/debug/net6.0/accesstodb.tests.dll" id="3741b26d-6ee0-6246-29e4-92009bff37b0">
      <Execution id="fccc004f-cfff-42d6-81f8-da161d57830e" />
      <TestMethod codeBase="/mnt/c/Users/alena/Desktop/7_sem/testing_and_debugging/SkiResort/AccessToDB.Tests/bin/Debug/net6.0/AccessToDB.Tests.dll" adapterTypeName="executor://xunit/VsTestRunner2/netcoreapp" className="AccessToDB.Tests.UsersRepositoryTests" name="TestGetUsersAsyncEmpty" />
    </UnitTest>
    <UnitTest name="AccessToDB.Tests.LiftsSlopesRepositoryTests.TestGetLiftsBySlopeIdAsyncOk(slope1: Slope { SlopeID = 15, SlopeName = slopeName050ef6ad-8219-4ddd-87ac-92e2058812b9, IsOpen = True, DifficultyLevel = 205, ConnectedLifts =  }, slope2: Slope { SlopeID = 18, SlopeName = slopeName0dbfa7dd-d1fd-4150-bcb0-7b759f9da0f3, IsOpen = False, DifficultyLevel = 62, ConnectedLifts =  }, lift1: Lift { LiftID = 69, LiftName = liftName53ba64c7-c841-469a-9333-89243..." storage="/mnt/c/users/alena/desktop/7_sem/testing_and_debugging/skiresort/accesstodb.tests/bin/debug/net6.0/accesstodb.tests.dll" id="a1846f0f-23e6-a3e4-7668-300292c9c626">
      <Execution id="30be754e-a604-4415-82bb-bdb8252aafde" />
      <TestMethod codeBase="/mnt/c/Users/alena/Desktop/7_sem/testing_and_debugging/SkiResort/AccessToDB.Tests/bin/Debug/net6.0/AccessToDB.Tests.dll" adapterTypeName="executor://xunit/VsTestRunner2/netcoreapp" className="AccessToDB.Tests.LiftsSlopesRepositoryTests" name="TestGetLiftsBySlopeIdAsyncOk" />
    </UnitTest>
    <UnitTest name="AccessToDB.Tests.TurnstilesRepositoryTests.TestUpdateTurnstileByIDAsyncOk(turnstile: Turnstile { TurnstileID = 137, LiftID = 38, IsOpen = True })" storage="/mnt/c/users/alena/desktop/7_sem/testing_and_debugging/skiresort/accesstodb.tests/bin/debug/net6.0/accesstodb.tests.dll" id="76ab1ccf-bb5a-c926-3d6a-a3a393d9f308">
      <Execution id="3ea5dc79-eee3-4c83-801e-fec81fe3cdc6" />
      <TestMethod codeBase="/mnt/c/Users/alena/Desktop/7_sem/testing_and_debugging/SkiResort/AccessToDB.Tests/bin/Debug/net6.0/AccessToDB.Tests.dll" adapterTypeName="executor://xunit/VsTestRunner2/netcoreapp" className="AccessToDB.Tests.TurnstilesRepositoryTests" name="TestUpdateTurnstileByIDAsyncOk" />
    </UnitTest>
    <UnitTest name="AccessToDB.Tests.SlopesRepositoryTests.TestGetSlopeByNameAsyncFailsWhenNameNotExists(slopeName: &quot;slopeName86f12fe1-2e37-4ecc-8690-651d339dcff6&quot;)" storage="/mnt/c/users/alena/desktop/7_sem/testing_and_debugging/skiresort/accesstodb.tests/bin/debug/net6.0/accesstodb.tests.dll" id="54c50c76-ce04-3ef1-717b-a78492cab7b3">
      <Execution id="6c4773bb-77c4-42bf-b397-937f48e4903e" />
      <TestMethod codeBase="/mnt/c/Users/alena/Desktop/7_sem/testing_and_debugging/SkiResort/AccessToDB.Tests/bin/Debug/net6.0/AccessToDB.Tests.dll" adapterTypeName="executor://xunit/VsTestRunner2/netcoreapp" className="AccessToDB.Tests.SlopesRepositoryTests" name="TestGetSlopeByNameAsyncFailsWhenNameNotExists" />
    </UnitTest>
    <UnitTest name="AccessToDB.Tests.UsersRepositoryTests.TestCheckUserEmailExistsAsyncFalse(userEmail: &quot;userEmailab130d09-aea7-449b-8a90-b52d8471b845&quot;)" storage="/mnt/c/users/alena/desktop/7_sem/testing_and_debugging/skiresort/accesstodb.tests/bin/debug/net6.0/accesstodb.tests.dll" id="68027894-5caf-33e6-370a-31404bc6dce4">
      <Execution id="df6e8aee-6be3-4196-8ac0-700bf59db487" />
      <TestMethod codeBase="/mnt/c/Users/alena/Desktop/7_sem/testing_and_debugging/SkiResort/AccessToDB.Tests/bin/Debug/net6.0/AccessToDB.Tests.dll" adapterTypeName="executor://xunit/VsTestRunner2/netcoreapp" className="AccessToDB.Tests.UsersRepositoryTests" name="TestCheckUserEmailExistsAsyncFalse" />
    </UnitTest>
    <UnitTest name="AccessToDB.Tests.TurnstilesRepositoryTests.TestAddTurnstileAutoIncrementAsyncOk" storage="/mnt/c/users/alena/desktop/7_sem/testing_and_debugging/skiresort/accesstodb.tests/bin/debug/net6.0/accesstodb.tests.dll" id="f9435956-2e34-e52b-c34e-dce53665cf8e">
      <Execution id="e08e10b3-d0ba-430b-aa2c-f1d70f3584cb" />
      <TestMethod codeBase="/mnt/c/Users/alena/Desktop/7_sem/testing_and_debugging/SkiResort/AccessToDB.Tests/bin/Debug/net6.0/AccessToDB.Tests.dll" adapterTypeName="executor://xunit/VsTestRunner2/netcoreapp" className="AccessToDB.Tests.TurnstilesRepositoryTests" name="TestAddTurnstileAutoIncrementAsyncOk" />
    </UnitTest>
    <UnitTest name="AccessToDB.Tests.TurnstilesRepositoryTests.TestDeleteTurnstileByIDAsyncFailsWhenIDNotExists(turnstileID: 8)" storage="/mnt/c/users/alena/desktop/7_sem/testing_and_debugging/skiresort/accesstodb.tests/bin/debug/net6.0/accesstodb.tests.dll" id="a443e467-0fe2-5ccf-4c5f-a54a987524a1">
      <Execution id="b3212947-18cb-46ca-9771-788fd95dc25c" />
      <TestMethod codeBase="/mnt/c/Users/alena/Desktop/7_sem/testing_and_debugging/SkiResort/AccessToDB.Tests/bin/Debug/net6.0/AccessToDB.Tests.dll" adapterTypeName="executor://xunit/VsTestRunner2/netcoreapp" className="AccessToDB.Tests.TurnstilesRepositoryTests" name="TestDeleteTurnstileByIDAsyncFailsWhenIDNotExists" />
    </UnitTest>
    <UnitTest name="AccessToDB.Tests.SlopesRepositoryTests.TestAddSlopeAsyncFailsWhenSlopeIdRepeats(slope: Slope { SlopeID = 134, SlopeName = slopeName67681f20-6d54-4e08-a6af-86f276b69d0e, IsOpen = True, DifficultyLevel = 83, ConnectedLifts =  })" storage="/mnt/c/users/alena/desktop/7_sem/testing_and_debugging/skiresort/accesstodb.tests/bin/debug/net6.0/accesstodb.tests.dll" id="0da8dffc-b95d-2e8e-df7a-1d45d35da3a5">
      <Execution id="021e8225-d1d7-40f6-897c-7d1b23e63727" />
      <TestMethod codeBase="/mnt/c/Users/alena/Desktop/7_sem/testing_and_debugging/SkiResort/AccessToDB.Tests/bin/Debug/net6.0/AccessToDB.Tests.dll" adapterTypeName="executor://xunit/VsTestRunner2/netcoreapp" className="AccessToDB.Tests.SlopesRepositoryTests" name="TestAddSlopeAsyncFailsWhenSlopeIdRepeats" />
    </UnitTest>
    <UnitTest name="AccessToDB.Tests.UsersRepositoryTests.TestUpdateUserByIDAsyncOk(user: User { UserID = 152, CardID = 153, UserEmail = UserEmailf103c01d-d187-4a17-bc44-67d06472d6ba, Password = passworda7aa5134-2fea-43c6-963a-3c4fa099418d, Permissions = UNAUTHORIZED })" storage="/mnt/c/users/alena/desktop/7_sem/testing_and_debugging/skiresort/accesstodb.tests/bin/debug/net6.0/accesstodb.tests.dll" id="7812b5bc-8f22-35f4-9b21-80c3b41d7515">
      <Execution id="e7cf3ed5-0854-487d-a048-40e242b48fc8" />
      <TestMethod codeBase="/mnt/c/Users/alena/Desktop/7_sem/testing_and_debugging/SkiResort/AccessToDB.Tests/bin/Debug/net6.0/AccessToDB.Tests.dll" adapterTypeName="executor://xunit/VsTestRunner2/netcoreapp" className="AccessToDB.Tests.UsersRepositoryTests" name="TestUpdateUserByIDAsyncOk" />
    </UnitTest>
    <UnitTest name="AccessToDB.Tests.LiftsSlopesRepositoryTests.TestGetLiftSlopeByIdAsyncOk(liftSlope: LiftSlope { RecordID = 4, LiftID = 245, SlopeID = 244 })" storage="/mnt/c/users/alena/desktop/7_sem/testing_and_debugging/skiresort/accesstodb.tests/bin/debug/net6.0/accesstodb.tests.dll" id="a4d2a825-19ea-781f-cbc9-a0add5f886bf">
      <Execution id="33afdf2d-259b-4832-addd-faa4df88770f" />
      <TestMethod codeBase="/mnt/c/Users/alena/Desktop/7_sem/testing_and_debugging/SkiResort/AccessToDB.Tests/bin/Debug/net6.0/AccessToDB.Tests.dll" adapterTypeName="executor://xunit/VsTestRunner2/netcoreapp" className="AccessToDB.Tests.LiftsSlopesRepositoryTests" name="TestGetLiftSlopeByIdAsyncOk" />
    </UnitTest>
    <UnitTest name="AccessToDB.Tests.LiftsSlopesRepositoryTests.TestGetSlopesByLiftIdAsyncFailsWhenSlopeNotExists(liftSlope: LiftSlope { RecordID = 61, LiftID = 246, SlopeID = 183 })" storage="/mnt/c/users/alena/desktop/7_sem/testing_and_debugging/skiresort/accesstodb.tests/bin/debug/net6.0/accesstodb.tests.dll" id="d5667f1c-4b24-3b77-9d9b-7518a7d9a84e">
      <Execution id="d8cda46b-56c4-41d1-ac4f-0907546c7176" />
      <TestMethod codeBase="/mnt/c/Users/alena/Desktop/7_sem/testing_and_debugging/SkiResort/AccessToDB.Tests/bin/Debug/net6.0/AccessToDB.Tests.dll" adapterTypeName="executor://xunit/VsTestRunner2/netcoreapp" className="AccessToDB.Tests.LiftsSlopesRepositoryTests" name="TestGetSlopesByLiftIdAsyncFailsWhenSlopeNotExists" />
    </UnitTest>
    <UnitTest name="AccessToDB.Tests.LiftsSlopesRepositoryTests.TestGetLiftSlopesAsyncEmpty" storage="/mnt/c/users/alena/desktop/7_sem/testing_and_debugging/skiresort/accesstodb.tests/bin/debug/net6.0/accesstodb.tests.dll" id="4145f44e-b4b1-a618-09e8-c631496e6f1a">
      <Execution id="a6b6e62c-e822-49a4-8cd3-4156b5fe6420" />
      <TestMethod codeBase="/mnt/c/Users/alena/Desktop/7_sem/testing_and_debugging/SkiResort/AccessToDB.Tests/bin/Debug/net6.0/AccessToDB.Tests.dll" adapterTypeName="executor://xunit/VsTestRunner2/netcoreapp" className="AccessToDB.Tests.LiftsSlopesRepositoryTests" name="TestGetLiftSlopesAsyncEmpty" />
    </UnitTest>
    <UnitTest name="AccessToDB.Tests.UsersRepositoryTests.TestGetUserByIdAsyncOk(user: User { UserID = 202, CardID = 111, UserEmail = UserEmail2cce374d-1c13-4e09-884c-110de2c6ad34, Password = passwordbdd41a6e-bfb2-4240-974d-438a5f56d036, Permissions = UNAUTHORIZED })" storage="/mnt/c/users/alena/desktop/7_sem/testing_and_debugging/skiresort/accesstodb.tests/bin/debug/net6.0/accesstodb.tests.dll" id="247e1553-3494-8b48-f8b6-0aad177734c0">
      <Execution id="0fb70bc4-ee95-4b45-94d7-8216738facd0" />
      <TestMethod codeBase="/mnt/c/Users/alena/Desktop/7_sem/testing_and_debugging/SkiResort/AccessToDB.Tests/bin/Debug/net6.0/AccessToDB.Tests.dll" adapterTypeName="executor://xunit/VsTestRunner2/netcoreapp" className="AccessToDB.Tests.UsersRepositoryTests" name="TestGetUserByIdAsyncOk" />
    </UnitTest>
    <UnitTest name="AccessToDB.Tests.UsersRepositoryTests.TestAddUserAsyncFailsWhenUserIdRepeats(user: User { UserID = 130, CardID = 255, UserEmail = UserEmail4a0f30ab-9c3c-445a-b29b-e220ba3e30f3, Password = passwordfeeae489-3dc2-4f0c-b328-beb8761bbbf7, Permissions = UNAUTHORIZED })" storage="/mnt/c/users/alena/desktop/7_sem/testing_and_debugging/skiresort/accesstodb.tests/bin/debug/net6.0/accesstodb.tests.dll" id="11262abb-6011-c971-8e25-c1cf574a8251">
      <Execution id="f5f9ecea-59c0-410f-ad4c-2e9093aa3d2a" />
      <TestMethod codeBase="/mnt/c/Users/alena/Desktop/7_sem/testing_and_debugging/SkiResort/AccessToDB.Tests/bin/Debug/net6.0/AccessToDB.Tests.dll" adapterTypeName="executor://xunit/VsTestRunner2/netcoreapp" className="AccessToDB.Tests.UsersRepositoryTests" name="TestAddUserAsyncFailsWhenUserIdRepeats" />
    </UnitTest>
    <UnitTest name="AccessToDB.Tests.SlopesRepositoryTests.TestGetSlopesAsyncEmpty" storage="/mnt/c/users/alena/desktop/7_sem/testing_and_debugging/skiresort/accesstodb.tests/bin/debug/net6.0/accesstodb.tests.dll" id="9bbefb83-8311-6e03-307f-415e3495e223">
      <Execution id="6dfa623c-55e5-487d-a3da-284d86c47eb6" />
      <TestMethod codeBase="/mnt/c/Users/alena/Desktop/7_sem/testing_and_debugging/SkiResort/AccessToDB.Tests/bin/Debug/net6.0/AccessToDB.Tests.dll" adapterTypeName="executor://xunit/VsTestRunner2/netcoreapp" className="AccessToDB.Tests.SlopesRepositoryTests" name="TestGetSlopesAsyncEmpty" />
    </UnitTest>
    <UnitTest name="AccessToDB.Tests.LiftsRepositoryTests.TestAddLiftAutoIncrementAsyncOk" storage="/mnt/c/users/alena/desktop/7_sem/testing_and_debugging/skiresort/accesstodb.tests/bin/debug/net6.0/accesstodb.tests.dll" id="ec229f70-485a-f91b-53ed-bce655f6cd58">
      <Execution id="89be6ebe-0f74-4b11-8e5c-a2ba7633b17e" />
      <TestMethod codeBase="/mnt/c/Users/alena/Desktop/7_sem/testing_and_debugging/SkiResort/AccessToDB.Tests/bin/Debug/net6.0/AccessToDB.Tests.dll" adapterTypeName="executor://xunit/VsTestRunner2/netcoreapp" className="AccessToDB.Tests.LiftsRepositoryTests" name="TestAddLiftAutoIncrementAsyncOk" />
    </UnitTest>
    <UnitTest name="AccessToDB.Tests.TurnstilesRepositoryTests.TestGetTurnstilesAsyncEmpty" storage="/mnt/c/users/alena/desktop/7_sem/testing_and_debugging/skiresort/accesstodb.tests/bin/debug/net6.0/accesstodb.tests.dll" id="3c521313-4ed6-6bce-b4f9-c359411028e7">
      <Execution id="1a5ed6a4-c032-457e-9501-3b112963ff1d" />
      <TestMethod codeBase="/mnt/c/Users/alena/Desktop/7_sem/testing_and_debugging/SkiResort/AccessToDB.Tests/bin/Debug/net6.0/AccessToDB.Tests.dll" adapterTypeName="executor://xunit/VsTestRunner2/netcoreapp" className="AccessToDB.Tests.TurnstilesRepositoryTests" name="TestGetTurnstilesAsyncEmpty" />
    </UnitTest>
    <UnitTest name="AccessToDB.Tests.TurnstilesRepositoryTests.TestGetTurnstilesByLiftIdAsyncOk(liftID: 78)" storage="/mnt/c/users/alena/desktop/7_sem/testing_and_debugging/skiresort/accesstodb.tests/bin/debug/net6.0/accesstodb.tests.dll" id="7ae34d65-d56a-370d-1f78-ae07eb8e5288">
      <Execution id="ae49106c-af20-4f26-bde6-472827b1c5ea" />
      <TestMethod codeBase="/mnt/c/Users/alena/Desktop/7_sem/testing_and_debugging/SkiResort/AccessToDB.Tests/bin/Debug/net6.0/AccessToDB.Tests.dll" adapterTypeName="executor://xunit/VsTestRunner2/netcoreapp" className="AccessToDB.Tests.TurnstilesRepositoryTests" name="TestGetTurnstilesByLiftIdAsyncOk" />
    </UnitTest>
    <UnitTest name="AccessToDB.Tests.LiftsSlopesRepositoryTests.TestAddLiftSlopeAutoIncrementAsyncOk" storage="/mnt/c/users/alena/desktop/7_sem/testing_and_debugging/skiresort/accesstodb.tests/bin/debug/net6.0/accesstodb.tests.dll" id="30f8e924-9784-0a43-e807-094f70e06567">
      <Execution id="96a0dfbc-be13-4cec-afb6-dcda593bcceb" />
      <TestMethod codeBase="/mnt/c/Users/alena/Desktop/7_sem/testing_and_debugging/SkiResort/AccessToDB.Tests/bin/Debug/net6.0/AccessToDB.Tests.dll" adapterTypeName="executor://xunit/VsTestRunner2/netcoreapp" className="AccessToDB.Tests.LiftsSlopesRepositoryTests" name="TestAddLiftSlopeAutoIncrementAsyncOk" />
    </UnitTest>
    <UnitTest name="AccessToDB.Tests.UsersRepositoryTests.TestDeleteUserByIDAsyncFailsWhenIDNotExists(userID: 27)" storage="/mnt/c/users/alena/desktop/7_sem/testing_and_debugging/skiresort/accesstodb.tests/bin/debug/net6.0/accesstodb.tests.dll" id="72ce8568-c99a-4a56-9133-ebec06c88f35">
      <Execution id="66fa7edc-2539-435b-aba1-c4b4943e521e" />
      <TestMethod codeBase="/mnt/c/Users/alena/Desktop/7_sem/testing_and_debugging/SkiResort/AccessToDB.Tests/bin/Debug/net6.0/AccessToDB.Tests.dll" adapterTypeName="executor://xunit/VsTestRunner2/netcoreapp" className="AccessToDB.Tests.UsersRepositoryTests" name="TestDeleteUserByIDAsyncFailsWhenIDNotExists" />
    </UnitTest>
    <UnitTest name="AccessToDB.Tests.UsersRepositoryTests.TestAddUserAutoIncrementAsyncOk" storage="/mnt/c/users/alena/desktop/7_sem/testing_and_debugging/skiresort/accesstodb.tests/bin/debug/net6.0/accesstodb.tests.dll" id="e75bb6e2-88d9-af2a-a444-c4a9d67f0f0e">
      <Execution id="6d4eca38-0964-4d89-856a-9f5d69de67ff" />
      <TestMethod codeBase="/mnt/c/Users/alena/Desktop/7_sem/testing_and_debugging/SkiResort/AccessToDB.Tests/bin/Debug/net6.0/AccessToDB.Tests.dll" adapterTypeName="executor://xunit/VsTestRunner2/netcoreapp" className="AccessToDB.Tests.UsersRepositoryTests" name="TestAddUserAutoIncrementAsyncOk" />
    </UnitTest>
    <UnitTest name="AccessToDB.Tests.SlopesRepositoryTests.TestDeleteSlopeByIDAsyncFailsWhenIDNotExists(slopeID: 179)" storage="/mnt/c/users/alena/desktop/7_sem/testing_and_debugging/skiresort/accesstodb.tests/bin/debug/net6.0/accesstodb.tests.dll" id="3b729b31-ae02-bd5f-f218-148815755c8a">
      <Execution id="67d90b96-76a7-46a0-8f7b-08830148565e" />
      <TestMethod codeBase="/mnt/c/Users/alena/Desktop/7_sem/testing_and_debugging/SkiResort/AccessToDB.Tests/bin/Debug/net6.0/AccessToDB.Tests.dll" adapterTypeName="executor://xunit/VsTestRunner2/netcoreapp" className="AccessToDB.Tests.SlopesRepositoryTests" name="TestDeleteSlopeByIDAsyncFailsWhenIDNotExists" />
    </UnitTest>
    <UnitTest name="AccessToDB.Tests.SlopesRepositoryTests.TestAddSlopeAutoIncrementAsyncOk" storage="/mnt/c/users/alena/desktop/7_sem/testing_and_debugging/skiresort/accesstodb.tests/bin/debug/net6.0/accesstodb.tests.dll" id="8f7ba917-f771-0dc5-f9b9-465c34344b12">
      <Execution id="f8431d70-67b8-44f0-867d-3528ba4fe952" />
      <TestMethod codeBase="/mnt/c/Users/alena/Desktop/7_sem/testing_and_debugging/SkiResort/AccessToDB.Tests/bin/Debug/net6.0/AccessToDB.Tests.dll" adapterTypeName="executor://xunit/VsTestRunner2/netcoreapp" className="AccessToDB.Tests.SlopesRepositoryTests" name="TestAddSlopeAutoIncrementAsyncOk" />
    </UnitTest>
    <UnitTest name="AccessToDB.Tests.LiftsSlopesRepositoryTests.TestAddLiftSlopeAsyncFailsWhenLiftSlopeIdRepeats(liftSlope: LiftSlope { RecordID = 61, LiftID = 119, SlopeID = 31 })" storage="/mnt/c/users/alena/desktop/7_sem/testing_and_debugging/skiresort/accesstodb.tests/bin/debug/net6.0/accesstodb.tests.dll" id="3706d1e5-7f04-ffa5-2f12-c6baaaabbccc">
      <Execution id="f45611b0-32a2-47b8-aada-95195e3601b5" />
      <TestMethod codeBase="/mnt/c/Users/alena/Desktop/7_sem/testing_and_debugging/SkiResort/AccessToDB.Tests/bin/Debug/net6.0/AccessToDB.Tests.dll" adapterTypeName="executor://xunit/VsTestRunner2/netcoreapp" className="AccessToDB.Tests.LiftsSlopesRepositoryTests" name="TestAddLiftSlopeAsyncFailsWhenLiftSlopeIdRepeats" />
    </UnitTest>
    <UnitTest name="AccessToDB.Tests.LiftsRepositoryTests.TestGetLiftByIdAsyncOk(lift: Lift { LiftID = 31, LiftName = liftName39239b80-9149-4c51-882d-2adcf62b0b3e, IsOpen = True, SeatsAmount = 209, LiftingTime = 62, QueueTime = 146, ConnectedSlopes =  })" storage="/mnt/c/users/alena/desktop/7_sem/testing_and_debugging/skiresort/accesstodb.tests/bin/debug/net6.0/accesstodb.tests.dll" id="e764015d-be1c-0cb9-1307-ab64de987980">
      <Execution id="48a84191-5242-40d0-b456-b817dce53513" />
      <TestMethod codeBase="/mnt/c/Users/alena/Desktop/7_sem/testing_and_debugging/SkiResort/AccessToDB.Tests/bin/Debug/net6.0/AccessToDB.Tests.dll" adapterTypeName="executor://xunit/VsTestRunner2/netcoreapp" className="AccessToDB.Tests.LiftsRepositoryTests" name="TestGetLiftByIdAsyncOk" />
    </UnitTest>
    <UnitTest name="AccessToDB.Tests.LiftsRepositoryTests.TestGetLiftByNameAsyncFailsWhenNameNotExists(liftName: &quot;liftName26f768e6-0523-4313-ac22-a8861ba7990c&quot;)" storage="/mnt/c/users/alena/desktop/7_sem/testing_and_debugging/skiresort/accesstodb.tests/bin/debug/net6.0/accesstodb.tests.dll" id="33f660ce-0959-aa3b-ea62-acb6412ee21b">
      <Execution id="0c8c380c-2b54-499c-9a86-2fe16812ba0b" />
      <TestMethod codeBase="/mnt/c/Users/alena/Desktop/7_sem/testing_and_debugging/SkiResort/AccessToDB.Tests/bin/Debug/net6.0/AccessToDB.Tests.dll" adapterTypeName="executor://xunit/VsTestRunner2/netcoreapp" className="AccessToDB.Tests.LiftsRepositoryTests" name="TestGetLiftByNameAsyncFailsWhenNameNotExists" />
    </UnitTest>
    <UnitTest name="AccessToDB.Tests.SlopesRepositoryTests.TestGetSlopeByIdAsyncOk(slope: Slope { SlopeID = 207, SlopeName = slopeName4ebb15e4-5777-43bd-9176-c3a2e428155e, IsOpen = True, DifficultyLevel = 51, ConnectedLifts =  })" storage="/mnt/c/users/alena/desktop/7_sem/testing_and_debugging/skiresort/accesstodb.tests/bin/debug/net6.0/accesstodb.tests.dll" id="94bf068a-bc7d-d9a0-5d02-bf64f4ecc8b5">
      <Execution id="6e043688-edf7-4d60-b311-fedaea75aaed" />
      <TestMethod codeBase="/mnt/c/Users/alena/Desktop/7_sem/testing_and_debugging/SkiResort/AccessToDB.Tests/bin/Debug/net6.0/AccessToDB.Tests.dll" adapterTypeName="executor://xunit/VsTestRunner2/netcoreapp" className="AccessToDB.Tests.SlopesRepositoryTests" name="TestGetSlopeByIdAsyncOk" />
    </UnitTest>
    <UnitTest name="AccessToDB.Tests.TurnstilesRepositoryTests.TestGetTurnstileByIdAsyncOk(turnstile: Turnstile { TurnstileID = 156, LiftID = 242, IsOpen = True })" storage="/mnt/c/users/alena/desktop/7_sem/testing_and_debugging/skiresort/accesstodb.tests/bin/debug/net6.0/accesstodb.tests.dll" id="22dd921a-8b63-de23-b472-c385b60c5f08">
      <Execution id="7bf46cfa-863e-430d-9161-0ec95673d255" />
      <TestMethod codeBase="/mnt/c/Users/alena/Desktop/7_sem/testing_and_debugging/SkiResort/AccessToDB.Tests/bin/Debug/net6.0/AccessToDB.Tests.dll" adapterTypeName="executor://xunit/VsTestRunner2/netcoreapp" className="AccessToDB.Tests.TurnstilesRepositoryTests" name="TestGetTurnstileByIdAsyncOk" />
    </UnitTest>
    <UnitTest name="AccessToDB.Tests.LiftsSlopesRepositoryTests.TestDeleteLiftSlopeByIDAsyncFailsWhenIDNotExists(liftSlopeID: 161)" storage="/mnt/c/users/alena/desktop/7_sem/testing_and_debugging/skiresort/accesstodb.tests/bin/debug/net6.0/accesstodb.tests.dll" id="ce69c3df-acec-3658-9819-c42b5cfbb392">
      <Execution id="13c4e81c-c82d-4c18-96ed-a1b6652e9c50" />
      <TestMethod codeBase="/mnt/c/Users/alena/Desktop/7_sem/testing_and_debugging/SkiResort/AccessToDB.Tests/bin/Debug/net6.0/AccessToDB.Tests.dll" adapterTypeName="executor://xunit/VsTestRunner2/netcoreapp" className="AccessToDB.Tests.LiftsSlopesRepositoryTests" name="TestDeleteLiftSlopeByIDAsyncFailsWhenIDNotExists" />
    </UnitTest>
    <UnitTest name="AccessToDB.Tests.LiftsRepositoryTests.TestUpdateLiftByIDAsyncOk(lift: Lift { LiftID = 22, LiftName = liftName7fd1a0b1-c958-4aaa-92f4-b084322e67e0, IsOpen = True, SeatsAmount = 159, LiftingTime = 222, QueueTime = 127, ConnectedSlopes =  })" storage="/mnt/c/users/alena/desktop/7_sem/testing_and_debugging/skiresort/accesstodb.tests/bin/debug/net6.0/accesstodb.tests.dll" id="f7871644-defa-5e83-a2ad-fe1dbc12ec79">
      <Execution id="7948d76d-6f83-4d55-a9f2-e3e1e0182bb2" />
      <TestMethod codeBase="/mnt/c/Users/alena/Desktop/7_sem/testing_and_debugging/SkiResort/AccessToDB.Tests/bin/Debug/net6.0/AccessToDB.Tests.dll" adapterTypeName="executor://xunit/VsTestRunner2/netcoreapp" className="AccessToDB.Tests.LiftsRepositoryTests" name="TestUpdateLiftByIDAsyncOk" />
    </UnitTest>
    <UnitTest name="AccessToDB.Tests.LiftsRepositoryTests.TestGetLiftsAsyncEmpty" storage="/mnt/c/users/alena/desktop/7_sem/testing_and_debugging/skiresort/accesstodb.tests/bin/debug/net6.0/accesstodb.tests.dll" id="607e8298-f113-be33-300e-15a343893443">
      <Execution id="7d2f989b-2346-430f-ab61-260c9a717f50" />
      <TestMethod codeBase="/mnt/c/Users/alena/Desktop/7_sem/testing_and_debugging/SkiResort/AccessToDB.Tests/bin/Debug/net6.0/AccessToDB.Tests.dll" adapterTypeName="executor://xunit/VsTestRunner2/netcoreapp" className="AccessToDB.Tests.LiftsRepositoryTests" name="TestGetLiftsAsyncEmpty" />
    </UnitTest>
    <UnitTest name="AccessToDB.Tests.LiftsRepositoryTests.TestAddLiftAsyncFailsWhenLiftIdRepeats(lift: Lift { LiftID = 155, LiftName = liftName00a62a09-0029-4915-a4a0-43cab1808f85, IsOpen = True, SeatsAmount = 107, LiftingTime = 10, QueueTime = 18, ConnectedSlopes =  })" storage="/mnt/c/users/alena/desktop/7_sem/testing_and_debugging/skiresort/accesstodb.tests/bin/debug/net6.0/accesstodb.tests.dll" id="ff3d834a-a089-8e76-faff-a9b6cae41e73">
      <Execution id="91dec713-83e2-4dc9-8410-b1bf33a64cf8" />
      <TestMethod codeBase="/mnt/c/Users/alena/Desktop/7_sem/testing_and_debugging/SkiResort/AccessToDB.Tests/bin/Debug/net6.0/AccessToDB.Tests.dll" adapterTypeName="executor://xunit/VsTestRunner2/netcoreapp" className="AccessToDB.Tests.LiftsRepositoryTests" name="TestAddLiftAsyncFailsWhenLiftIdRepeats" />
    </UnitTest>
    <UnitTest name="AccessToDB.Tests.SlopesRepositoryTests.TestUpdateSlopeByIDAsyncOk(slope: Slope { SlopeID = 116, SlopeName = slopeName81f4be15-6579-425b-b8f7-45abb50b2341, IsOpen = True, DifficultyLevel = 153, ConnectedLifts =  })" storage="/mnt/c/users/alena/desktop/7_sem/testing_and_debugging/skiresort/accesstodb.tests/bin/debug/net6.0/accesstodb.tests.dll" id="4be37141-5f37-7b08-f4cc-cbae55d51317">
      <Execution id="167e54b3-1045-415b-be4a-bf62f4c11ad4" />
      <TestMethod codeBase="/mnt/c/Users/alena/Desktop/7_sem/testing_and_debugging/SkiResort/AccessToDB.Tests/bin/Debug/net6.0/AccessToDB.Tests.dll" adapterTypeName="executor://xunit/VsTestRunner2/netcoreapp" className="AccessToDB.Tests.SlopesRepositoryTests" name="TestUpdateSlopeByIDAsyncOk" />
    </UnitTest>
    <UnitTest name="AccessToDB.Tests.UsersRepositoryTests.TestGetUserByEmailAsyncFailsWhenEmailNotExists(email: &quot;email99ed2e9e-c8b0-4d1a-ac4b-0d60b2c449d3&quot;)" storage="/mnt/c/users/alena/desktop/7_sem/testing_and_debugging/skiresort/accesstodb.tests/bin/debug/net6.0/accesstodb.tests.dll" id="4ddb759b-32ec-5ab3-2f30-aabb73a1e3ff">
      <Execution id="21a66209-bbce-4039-bde2-30c5761bed73" />
      <TestMethod codeBase="/mnt/c/Users/alena/Desktop/7_sem/testing_and_debugging/SkiResort/AccessToDB.Tests/bin/Debug/net6.0/AccessToDB.Tests.dll" adapterTypeName="executor://xunit/VsTestRunner2/netcoreapp" className="AccessToDB.Tests.UsersRepositoryTests" name="TestGetUserByEmailAsyncFailsWhenEmailNotExists" />
    </UnitTest>
    <UnitTest name="AccessToDB.Tests.LiftsSlopesRepositoryTests.TestUpdateLiftSlopeByIDAsyncOk(liftSlope: LiftSlope { RecordID = 72, LiftID = 247, SlopeID = 97 })" storage="/mnt/c/users/alena/desktop/7_sem/testing_and_debugging/skiresort/accesstodb.tests/bin/debug/net6.0/accesstodb.tests.dll" id="164b4981-c129-0ca9-2e59-52d2e7f3e51d">
      <Execution id="48d1b825-4459-4fca-bc6f-47dc7963915c" />
      <TestMethod codeBase="/mnt/c/Users/alena/Desktop/7_sem/testing_and_debugging/SkiResort/AccessToDB.Tests/bin/Debug/net6.0/AccessToDB.Tests.dll" adapterTypeName="executor://xunit/VsTestRunner2/netcoreapp" className="AccessToDB.Tests.LiftsSlopesRepositoryTests" name="TestUpdateLiftSlopeByIDAsyncOk" />
    </UnitTest>
  </TestDefinitions>
  <TestEntries>
    <TestEntry testId="9bbefb83-8311-6e03-307f-415e3495e223" executionId="6dfa623c-55e5-487d-a3da-284d86c47eb6" testListId="8c84fa94-04c1-424b-9868-57a2d4851a1d" />
    <TestEntry testId="4cc56555-a04c-b3ff-b5a0-1f77fef9969c" executionId="672b653f-78d1-461f-807c-84947a594a7e" testListId="8c84fa94-04c1-424b-9868-57a2d4851a1d" />
    <TestEntry testId="ff3d834a-a089-8e76-faff-a9b6cae41e73" executionId="91dec713-83e2-4dc9-8410-b1bf33a64cf8" testListId="8c84fa94-04c1-424b-9868-57a2d4851a1d" />
    <TestEntry testId="3706d1e5-7f04-ffa5-2f12-c6baaaabbccc" executionId="f45611b0-32a2-47b8-aada-95195e3601b5" testListId="8c84fa94-04c1-424b-9868-57a2d4851a1d" />
    <TestEntry testId="76ab1ccf-bb5a-c926-3d6a-a3a393d9f308" executionId="3ea5dc79-eee3-4c83-801e-fec81fe3cdc6" testListId="8c84fa94-04c1-424b-9868-57a2d4851a1d" />
    <TestEntry testId="a1846f0f-23e6-a3e4-7668-300292c9c626" executionId="30be754e-a604-4415-82bb-bdb8252aafde" testListId="8c84fa94-04c1-424b-9868-57a2d4851a1d" />
    <TestEntry testId="f7871644-defa-5e83-a2ad-fe1dbc12ec79" executionId="7948d76d-6f83-4d55-a9f2-e3e1e0182bb2" testListId="8c84fa94-04c1-424b-9868-57a2d4851a1d" />
    <TestEntry testId="3741b26d-6ee0-6246-29e4-92009bff37b0" executionId="fccc004f-cfff-42d6-81f8-da161d57830e" testListId="8c84fa94-04c1-424b-9868-57a2d4851a1d" />
    <TestEntry testId="db081f78-38c8-0ddb-26e2-356cd4f1af6f" executionId="8a84cef6-5be2-4063-86c5-ce5d5f96eb5b" testListId="8c84fa94-04c1-424b-9868-57a2d4851a1d" />
    <TestEntry testId="e764015d-be1c-0cb9-1307-ab64de987980" executionId="48a84191-5242-40d0-b456-b817dce53513" testListId="8c84fa94-04c1-424b-9868-57a2d4851a1d" />
    <TestEntry testId="3c521313-4ed6-6bce-b4f9-c359411028e7" executionId="1a5ed6a4-c032-457e-9501-3b112963ff1d" testListId="8c84fa94-04c1-424b-9868-57a2d4851a1d" />
    <TestEntry testId="4ddb759b-32ec-5ab3-2f30-aabb73a1e3ff" executionId="21a66209-bbce-4039-bde2-30c5761bed73" testListId="8c84fa94-04c1-424b-9868-57a2d4851a1d" />
    <TestEntry testId="72ce8568-c99a-4a56-9133-ebec06c88f35" executionId="66fa7edc-2539-435b-aba1-c4b4943e521e" testListId="8c84fa94-04c1-424b-9868-57a2d4851a1d" />
    <TestEntry testId="d5667f1c-4b24-3b77-9d9b-7518a7d9a84e" executionId="d8cda46b-56c4-41d1-ac4f-0907546c7176" testListId="8c84fa94-04c1-424b-9868-57a2d4851a1d" />
    <TestEntry testId="54c50c76-ce04-3ef1-717b-a78492cab7b3" executionId="6c4773bb-77c4-42bf-b397-937f48e4903e" testListId="8c84fa94-04c1-424b-9868-57a2d4851a1d" />
    <TestEntry testId="7ae34d65-d56a-370d-1f78-ae07eb8e5288" executionId="ae49106c-af20-4f26-bde6-472827b1c5ea" testListId="8c84fa94-04c1-424b-9868-57a2d4851a1d" />
    <TestEntry testId="3b729b31-ae02-bd5f-f218-148815755c8a" executionId="67d90b96-76a7-46a0-8f7b-08830148565e" testListId="8c84fa94-04c1-424b-9868-57a2d4851a1d" />
    <TestEntry testId="22dd921a-8b63-de23-b472-c385b60c5f08" executionId="7bf46cfa-863e-430d-9161-0ec95673d255" testListId="8c84fa94-04c1-424b-9868-57a2d4851a1d" />
    <TestEntry testId="a4d2a825-19ea-781f-cbc9-a0add5f886bf" executionId="33afdf2d-259b-4832-addd-faa4df88770f" testListId="8c84fa94-04c1-424b-9868-57a2d4851a1d" />
    <TestEntry testId="607e8298-f113-be33-300e-15a343893443" executionId="7d2f989b-2346-430f-ab61-260c9a717f50" testListId="8c84fa94-04c1-424b-9868-57a2d4851a1d" />
    <TestEntry testId="f9435956-2e34-e52b-c34e-dce53665cf8e" executionId="e08e10b3-d0ba-430b-aa2c-f1d70f3584cb" testListId="8c84fa94-04c1-424b-9868-57a2d4851a1d" />
    <TestEntry testId="ce69c3df-acec-3658-9819-c42b5cfbb392" executionId="13c4e81c-c82d-4c18-96ed-a1b6652e9c50" testListId="8c84fa94-04c1-424b-9868-57a2d4851a1d" />
    <TestEntry testId="11262abb-6011-c971-8e25-c1cf574a8251" executionId="f5f9ecea-59c0-410f-ad4c-2e9093aa3d2a" testListId="8c84fa94-04c1-424b-9868-57a2d4851a1d" />
    <TestEntry testId="ec229f70-485a-f91b-53ed-bce655f6cd58" executionId="89be6ebe-0f74-4b11-8e5c-a2ba7633b17e" testListId="8c84fa94-04c1-424b-9868-57a2d4851a1d" />
    <TestEntry testId="164b4981-c129-0ca9-2e59-52d2e7f3e51d" executionId="48d1b825-4459-4fca-bc6f-47dc7963915c" testListId="8c84fa94-04c1-424b-9868-57a2d4851a1d" />
    <TestEntry testId="8f7ba917-f771-0dc5-f9b9-465c34344b12" executionId="f8431d70-67b8-44f0-867d-3528ba4fe952" testListId="8c84fa94-04c1-424b-9868-57a2d4851a1d" />
    <TestEntry testId="94bf068a-bc7d-d9a0-5d02-bf64f4ecc8b5" executionId="6e043688-edf7-4d60-b311-fedaea75aaed" testListId="8c84fa94-04c1-424b-9868-57a2d4851a1d" />
    <TestEntry testId="4145f44e-b4b1-a618-09e8-c631496e6f1a" executionId="a6b6e62c-e822-49a4-8cd3-4156b5fe6420" testListId="8c84fa94-04c1-424b-9868-57a2d4851a1d" />
    <TestEntry testId="a443e467-0fe2-5ccf-4c5f-a54a987524a1" executionId="b3212947-18cb-46ca-9771-788fd95dc25c" testListId="8c84fa94-04c1-424b-9868-57a2d4851a1d" />
    <TestEntry testId="7812b5bc-8f22-35f4-9b21-80c3b41d7515" executionId="e7cf3ed5-0854-487d-a048-40e242b48fc8" testListId="8c84fa94-04c1-424b-9868-57a2d4851a1d" />
    <TestEntry testId="68027894-5caf-33e6-370a-31404bc6dce4" executionId="df6e8aee-6be3-4196-8ac0-700bf59db487" testListId="8c84fa94-04c1-424b-9868-57a2d4851a1d" />
    <TestEntry testId="5cd655e1-9801-30a8-3cbe-f82b6b9ce07b" executionId="d2b4fa9d-d9f8-4afd-9068-40e2c8f5a49c" testListId="8c84fa94-04c1-424b-9868-57a2d4851a1d" />
    <TestEntry testId="33f660ce-0959-aa3b-ea62-acb6412ee21b" executionId="0c8c380c-2b54-499c-9a86-2fe16812ba0b" testListId="8c84fa94-04c1-424b-9868-57a2d4851a1d" />
    <TestEntry testId="0da8dffc-b95d-2e8e-df7a-1d45d35da3a5" executionId="021e8225-d1d7-40f6-897c-7d1b23e63727" testListId="8c84fa94-04c1-424b-9868-57a2d4851a1d" />
    <TestEntry testId="4be37141-5f37-7b08-f4cc-cbae55d51317" executionId="167e54b3-1045-415b-be4a-bf62f4c11ad4" testListId="8c84fa94-04c1-424b-9868-57a2d4851a1d" />
    <TestEntry testId="247e1553-3494-8b48-f8b6-0aad177734c0" executionId="0fb70bc4-ee95-4b45-94d7-8216738facd0" testListId="8c84fa94-04c1-424b-9868-57a2d4851a1d" />
    <TestEntry testId="e75bb6e2-88d9-af2a-a444-c4a9d67f0f0e" executionId="6d4eca38-0964-4d89-856a-9f5d69de67ff" testListId="8c84fa94-04c1-424b-9868-57a2d4851a1d" />
    <TestEntry testId="30f8e924-9784-0a43-e807-094f70e06567" executionId="96a0dfbc-be13-4cec-afb6-dcda593bcceb" testListId="8c84fa94-04c1-424b-9868-57a2d4851a1d" />
    <TestEntry testId="e90b3e9e-7237-7717-56fc-5392cf445720" executionId="057a0bd6-def2-48c9-a989-083633452dc9" testListId="8c84fa94-04c1-424b-9868-57a2d4851a1d" />
  </TestEntries>
  <TestLists>
    <TestList name="Results Not in a List" id="8c84fa94-04c1-424b-9868-57a2d4851a1d" />
    <TestList name="All Loaded Results" id="19431567-8539-422a-85d7-44ee4e166bda" />
  </TestLists>
  <ResultSummary outcome="Completed">
    <Counters total="39" executed="39" passed="39" failed="0" error="0" timeout="0" aborted="0" inconclusive="0" passedButRunAborted="0" notRunnable="0" notExecuted="0" disconnected="0" warning="0" completed="0" inProgress="0" pending="0" />
    <Output>
      <StdOut>[xUnit.net 00:00:00.00] xUnit.net VSTest Adapter v2.4.5+1caef2f33e (64-bit .NET 6.0.10)
[xUnit.net 00:00:01.07]   Discovering: AccessToDB.Tests
[xUnit.net 00:00:01.21]   Discovered:  AccessToDB.Tests
[xUnit.net 00:00:01.21]   Starting:    AccessToDB.Tests
[xUnit.net 00:00:16.88]   Finished:    AccessToDB.Tests
</StdOut>
    </Output>
  </ResultSummary>
</TestRun>