<?xml version="1.0" encoding="utf-8"?>
<TestRun id="a83fa185-ff11-4ca7-8f5a-30ba0f1989da" name="@DESKTOP-TJ9D65N 2022-10-16 16:06:14" xmlns="http://microsoft.com/schemas/VisualStudio/TeamTest/2010">
  <Times creation="2022-10-16T16:06:14.0207050+03:00" queuing="2022-10-16T16:06:14.0207051+03:00" start="2022-10-16T16:06:10.1947784+03:00" finish="2022-10-16T16:06:28.4345247+03:00" />
  <TestSettings name="default" id="e2779730-4cec-42ba-ad75-557b5846e35f">
    <Deployment runDeploymentRoot="_DESKTOP-TJ9D65N_2022-10-16_16_06_14" />
  </TestSettings>
  <Results>
    <UnitTestResult executionId="2ee1668f-786b-493f-901e-4063af4a65cd" testId="3c521313-4ed6-6bce-b4f9-c359411028e7" testName="AccessToDB.Tests.TurnstilesRepositoryTests.TestGetTurnstilesAsyncEmpty" computerName="DESKTOP-TJ9D65N" duration="00:00:00.3611679" startTime="2022-10-16T16:06:17.8138155+03:00" endTime="2022-10-16T16:06:17.8138156+03:00" testType="13cdc9d9-ddb5-4fa4-a97d-d965ccfc6d4b" outcome="Passed" testListId="8c84fa94-04c1-424b-9868-57a2d4851a1d" relativeResultsDirectory="2ee1668f-786b-493f-901e-4063af4a65cd" />
    <UnitTestResult executionId="624641f9-7455-44b5-8d56-a31866cd4817" testId="330a11e0-3947-1f2a-468a-2bc12aad67c6" testName="AccessToDB.Tests.LiftsRepositoryTests.TestUpdateLiftByIDAsyncOk(lift: Lift { LiftID = 233, LiftName = liftName070efb39-3787-476a-94f5-ba3855abc89b, IsOpen = True, SeatsAmount = 207, LiftingTime = 251, QueueTime = 107, ConnectedSlopes =  })" computerName="DESKTOP-TJ9D65N" duration="00:00:00.3905602" startTime="2022-10-16T16:06:23.9645143+03:00" endTime="2022-10-16T16:06:23.9645144+03:00" testType="13cdc9d9-ddb5-4fa4-a97d-d965ccfc6d4b" outcome="Passed" testListId="8c84fa94-04c1-424b-9868-57a2d4851a1d" relativeResultsDirectory="624641f9-7455-44b5-8d56-a31866cd4817" />
    <UnitTestResult executionId="3fa4f3db-e801-4411-a683-5ff935b7382e" testId="a366ed9f-4190-2ea3-eb9d-e257a9fe080b" testName="AccessToDB.Tests.TurnstilesRepositoryTests.TestDeleteTurnstileByIDAsyncFailsWhenIDNotExists(turnstileID: 105)" computerName="DESKTOP-TJ9D65N" duration="00:00:00.3614776" startTime="2022-10-16T16:06:17.4329349+03:00" endTime="2022-10-16T16:06:17.4329350+03:00" testType="13cdc9d9-ddb5-4fa4-a97d-d965ccfc6d4b" outcome="Passed" testListId="8c84fa94-04c1-424b-9868-57a2d4851a1d" relativeResultsDirectory="3fa4f3db-e801-4411-a683-5ff935b7382e" />
    <UnitTestResult executionId="8b58bc18-30a3-43b7-9197-51e04d48919b" testId="d17537c9-979f-5441-c4f3-6cb017034b48" testName="AccessToDB.Tests.UsersRepositoryTests.TestDeleteUserByIDAsyncFailsWhenIDNotExists(userID: 79)" computerName="DESKTOP-TJ9D65N" duration="00:00:00.3732751" startTime="2022-10-16T16:06:19.9171135+03:00" endTime="2022-10-16T16:06:19.9171139+03:00" testType="13cdc9d9-ddb5-4fa4-a97d-d965ccfc6d4b" outcome="Passed" testListId="8c84fa94-04c1-424b-9868-57a2d4851a1d" relativeResultsDirectory="8b58bc18-30a3-43b7-9197-51e04d48919b" />
    <UnitTestResult executionId="62d8bd99-0de0-49e9-b482-ebadcc543ffd" testId="9fb4d8ac-9fd4-7094-a534-a715163411b8" testName="AccessToDB.Tests.LiftsRepositoryTests.TestDeleteLiftByIDAsyncFailsWhenIDNotExists(liftID: 98)" computerName="DESKTOP-TJ9D65N" duration="00:00:00.3677683" startTime="2022-10-16T16:06:25.5565613+03:00" endTime="2022-10-16T16:06:25.5565614+03:00" testType="13cdc9d9-ddb5-4fa4-a97d-d965ccfc6d4b" outcome="Passed" testListId="8c84fa94-04c1-424b-9868-57a2d4851a1d" relativeResultsDirectory="62d8bd99-0de0-49e9-b482-ebadcc543ffd" />
    <UnitTestResult executionId="4bbe8484-1228-4bfe-9c36-9ae8d7ef20ca" testId="e8e7e0f7-40a7-0247-14f2-7d4f6d2413f2" testName="AccessToDB.Tests.UsersRepositoryTests.TestGetUserByEmailAsyncFailsWhenEmailNotExists(email: &quot;email6a63231d-c9d2-4f8c-b9b9-af41b8ae9bf1&quot;)" computerName="DESKTOP-TJ9D65N" duration="00:00:00.3709898" startTime="2022-10-16T16:06:20.3145353+03:00" endTime="2022-10-16T16:06:20.3145353+03:00" testType="13cdc9d9-ddb5-4fa4-a97d-d965ccfc6d4b" outcome="Passed" testListId="8c84fa94-04c1-424b-9868-57a2d4851a1d" relativeResultsDirectory="4bbe8484-1228-4bfe-9c36-9ae8d7ef20ca" />
    <UnitTestResult executionId="83dd18a1-9e5a-4e00-b4f6-7ea73c7f248c" testId="3741b26d-6ee0-6246-29e4-92009bff37b0" testName="AccessToDB.Tests.UsersRepositoryTests.TestGetUsersAsyncEmpty" computerName="DESKTOP-TJ9D65N" duration="00:00:00.3669353" startTime="2022-10-16T16:06:19.5275438+03:00" endTime="2022-10-16T16:06:19.5275440+03:00" testType="13cdc9d9-ddb5-4fa4-a97d-d965ccfc6d4b" outcome="Passed" testListId="8c84fa94-04c1-424b-9868-57a2d4851a1d" relativeResultsDirectory="83dd18a1-9e5a-4e00-b4f6-7ea73c7f248c" />
    <UnitTestResult executionId="02a2432f-b014-4374-a697-92c09d2ccdb1" testId="4145f44e-b4b1-a618-09e8-c631496e6f1a" testName="AccessToDB.Tests.LiftsSlopesRepositoryTests.TestGetLiftSlopesAsyncEmpty" computerName="DESKTOP-TJ9D65N" duration="00:00:00.3661637" startTime="2022-10-16T16:06:15.7338337+03:00" endTime="2022-10-16T16:06:15.7338341+03:00" testType="13cdc9d9-ddb5-4fa4-a97d-d965ccfc6d4b" outcome="Passed" testListId="8c84fa94-04c1-424b-9868-57a2d4851a1d" relativeResultsDirectory="02a2432f-b014-4374-a697-92c09d2ccdb1" />
    <UnitTestResult executionId="0508cc07-0bd2-417e-9b04-c6420105cf95" testId="ac03e637-8ed9-c891-a9b3-49bc59a838d3" testName="AccessToDB.Tests.LiftsRepositoryTests.TestAddLiftAsyncFailsWhenLiftIdRepeats(lift: Lift { LiftID = 19, LiftName = liftName9abcf942-15c3-4cdd-9f39-b08673863a17, IsOpen = True, SeatsAmount = 20, LiftingTime = 61, QueueTime = 40, ConnectedSlopes =  })" computerName="DESKTOP-TJ9D65N" duration="00:00:00.4011676" startTime="2022-10-16T16:06:25.1722094+03:00" endTime="2022-10-16T16:06:25.1722104+03:00" testType="13cdc9d9-ddb5-4fa4-a97d-d965ccfc6d4b" outcome="Passed" testListId="8c84fa94-04c1-424b-9868-57a2d4851a1d" relativeResultsDirectory="0508cc07-0bd2-417e-9b04-c6420105cf95" />
    <UnitTestResult executionId="75d65508-22d8-45ee-9653-6e2ec87f2427" testId="705e0bb5-a8f8-b08a-b986-97da1a5d1696" testName="AccessToDB.Tests.UsersRepositoryTests.TestCheckUserIdExistsAsyncTrue(user: User { UserID = 84, CardID = 130, UserEmail = UserEmail6042b803-1981-484d-8dcf-93e3687e1f8d, Password = passwordb325da9d-a0c8-4b31-b03b-53cf0275d017, Permissions = UNAUTHORIZED })" computerName="DESKTOP-TJ9D65N" duration="00:00:00.3809928" startTime="2022-10-16T16:06:21.8933908+03:00" endTime="2022-10-16T16:06:21.8933909+03:00" testType="13cdc9d9-ddb5-4fa4-a97d-d965ccfc6d4b" outcome="Passed" testListId="8c84fa94-04c1-424b-9868-57a2d4851a1d" relativeResultsDirectory="75d65508-22d8-45ee-9653-6e2ec87f2427" />
    <UnitTestResult executionId="cb70ca5a-5378-4a77-b3d0-59a7f514a9ca" testId="0bb4d3dc-7e85-be0a-cb18-2e1221377dab" testName="AccessToDB.Tests.LiftsSlopesRepositoryTests.TestDeleteLiftSlopeByIDAsyncFailsWhenIDNotExists(liftSlopeID: 234)" computerName="DESKTOP-TJ9D65N" duration="00:00:00.3616092" startTime="2022-10-16T16:06:14.5153651+03:00" endTime="2022-10-16T16:06:14.5153653+03:00" testType="13cdc9d9-ddb5-4fa4-a97d-d965ccfc6d4b" outcome="Passed" testListId="8c84fa94-04c1-424b-9868-57a2d4851a1d" relativeResultsDirectory="cb70ca5a-5378-4a77-b3d0-59a7f514a9ca" />
    <UnitTestResult executionId="cb73ca54-b330-4f6a-a591-03dd559cdcf3" testId="3a037684-fc51-81e0-9dae-2199f8b47017" testName="AccessToDB.Tests.SlopesRepositoryTests.TestAddSlopeAsyncFailsWhenSlopeIdRepeats(slope: Slope { SlopeID = 249, SlopeName = slopeName7461cf90-4454-4367-9992-cd9f43ef79a0, IsOpen = True, DifficultyLevel = 51, ConnectedLifts =  })" computerName="DESKTOP-TJ9D65N" duration="00:00:00.3920468" startTime="2022-10-16T16:06:26.7247163+03:00" endTime="2022-10-16T16:06:26.7247163+03:00" testType="13cdc9d9-ddb5-4fa4-a97d-d965ccfc6d4b" outcome="Passed" testListId="8c84fa94-04c1-424b-9868-57a2d4851a1d" relativeResultsDirectory="cb73ca54-b330-4f6a-a591-03dd559cdcf3" />
    <UnitTestResult executionId="67e3882e-b77b-4825-bb78-d88409c92875" testId="65922506-2f91-3001-9c8b-00d76149d3d3" testName="AccessToDB.Tests.SlopesRepositoryTests.TestGetSlopeByNameAsyncFailsWhenNameNotExists(slopeName: &quot;slopeName5f527904-cb68-42c9-a64f-de6716019344&quot;)" computerName="DESKTOP-TJ9D65N" duration="00:00:00.3617703" startTime="2022-10-16T16:06:26.3195675+03:00" endTime="2022-10-16T16:06:26.3195676+03:00" testType="13cdc9d9-ddb5-4fa4-a97d-d965ccfc6d4b" outcome="Passed" testListId="8c84fa94-04c1-424b-9868-57a2d4851a1d" relativeResultsDirectory="67e3882e-b77b-4825-bb78-d88409c92875" />
    <UnitTestResult executionId="f851707f-21c4-4423-8549-4d53e1d4ad98" testId="c8f19e2b-e915-d9f0-1b72-67b82fbd8ffb" testName="AccessToDB.Tests.LiftsSlopesRepositoryTests.TestDeleteLiftSlopesByIDsAsyncOk(liftSlope: LiftSlope { RecordID = 170, LiftID = 56, SlopeID = 122 })" computerName="DESKTOP-TJ9D65N" duration="00:00:00.4012517" startTime="2022-10-16T16:06:16.1574208+03:00" endTime="2022-10-16T16:06:16.1574212+03:00" testType="13cdc9d9-ddb5-4fa4-a97d-d965ccfc6d4b" outcome="Passed" testListId="8c84fa94-04c1-424b-9868-57a2d4851a1d" relativeResultsDirectory="f851707f-21c4-4423-8549-4d53e1d4ad98" />
    <UnitTestResult executionId="6fc358a8-fd77-431d-881f-f05b7a102aa6" testId="30f8e924-9784-0a43-e807-094f70e06567" testName="AccessToDB.Tests.LiftsSlopesRepositoryTests.TestAddLiftSlopeAutoIncrementAsyncOk" computerName="DESKTOP-TJ9D65N" duration="00:00:00.3984030" startTime="2022-10-16T16:06:15.3352610+03:00" endTime="2022-10-16T16:06:15.3352613+03:00" testType="13cdc9d9-ddb5-4fa4-a97d-d965ccfc6d4b" outcome="Passed" testListId="8c84fa94-04c1-424b-9868-57a2d4851a1d" relativeResultsDirectory="6fc358a8-fd77-431d-881f-f05b7a102aa6" />
    <UnitTestResult executionId="1e5c7791-cea2-4b88-b4e4-0cea53f1a6ff" testId="a1e8315f-320b-e739-417b-ad464876bd37" testName="AccessToDB.Tests.TurnstilesRepositoryTests.TestUpdateTurnstileByIDAsyncOk(turnstile: Turnstile { TurnstileID = 244, LiftID = 174, IsOpen = True })" computerName="DESKTOP-TJ9D65N" duration="00:00:00.4393449" startTime="2022-10-16T16:06:16.6526734+03:00" endTime="2022-10-16T16:06:16.6526735+03:00" testType="13cdc9d9-ddb5-4fa4-a97d-d965ccfc6d4b" outcome="Passed" testListId="8c84fa94-04c1-424b-9868-57a2d4851a1d" relativeResultsDirectory="1e5c7791-cea2-4b88-b4e4-0cea53f1a6ff" />
    <UnitTestResult executionId="2aaf487e-2fc2-440e-ade3-fc97221eab29" testId="f9435956-2e34-e52b-c34e-dce53665cf8e" testName="AccessToDB.Tests.TurnstilesRepositoryTests.TestAddTurnstileAutoIncrementAsyncOk" computerName="DESKTOP-TJ9D65N" duration="00:00:00.3925795" startTime="2022-10-16T16:06:18.6218619+03:00" endTime="2022-10-16T16:06:18.6218620+03:00" testType="13cdc9d9-ddb5-4fa4-a97d-d965ccfc6d4b" outcome="Passed" testListId="8c84fa94-04c1-424b-9868-57a2d4851a1d" relativeResultsDirectory="2aaf487e-2fc2-440e-ade3-fc97221eab29" />
    <UnitTestResult executionId="70d34b6d-b06c-412c-b8f6-f0b507ec526e" testId="607e8298-f113-be33-300e-15a343893443" testName="AccessToDB.Tests.LiftsRepositoryTests.TestGetLiftsAsyncEmpty" computerName="DESKTOP-TJ9D65N" duration="00:00:00.3629035" startTime="2022-10-16T16:06:24.3417899+03:00" endTime="2022-10-16T16:06:24.3417903+03:00" testType="13cdc9d9-ddb5-4fa4-a97d-d965ccfc6d4b" outcome="Passed" testListId="8c84fa94-04c1-424b-9868-57a2d4851a1d" relativeResultsDirectory="70d34b6d-b06c-412c-b8f6-f0b507ec526e" />
    <UnitTestResult executionId="eb74dd6e-527c-4f5b-a284-10a926cbd259" testId="4a4cd833-c8a0-4496-cc48-40bb82f0dd3b" testName="AccessToDB.Tests.TurnstilesRepositoryTests.TestGetTurnstileByIdAsyncOk(turnstile: Turnstile { TurnstileID = 96, LiftID = 254, IsOpen = True })" computerName="DESKTOP-TJ9D65N" duration="00:00:00.3820770" startTime="2022-10-16T16:06:18.2103938+03:00" endTime="2022-10-16T16:06:18.2103939+03:00" testType="13cdc9d9-ddb5-4fa4-a97d-d965ccfc6d4b" outcome="Passed" testListId="8c84fa94-04c1-424b-9868-57a2d4851a1d" relativeResultsDirectory="eb74dd6e-527c-4f5b-a284-10a926cbd259" />
    <UnitTestResult executionId="875781f2-9c31-423e-9581-ec995243db78" testId="5c2e88b5-1ad0-fba7-06e0-51fd49169d63" testName="AccessToDB.Tests.LiftsSlopesRepositoryTests.TestUpdateLiftSlopeByIDAsyncOk(liftSlope: LiftSlope { RecordID = 54, LiftID = 23, SlopeID = 7 })" computerName="DESKTOP-TJ9D65N" duration="00:00:00.4036900" startTime="2022-10-16T16:06:13.6973765+03:00" endTime="2022-10-16T16:06:13.6973767+03:00" testType="13cdc9d9-ddb5-4fa4-a97d-d965ccfc6d4b" outcome="Passed" testListId="8c84fa94-04c1-424b-9868-57a2d4851a1d" relativeResultsDirectory="875781f2-9c31-423e-9581-ec995243db78" />
    <UnitTestResult executionId="6820c04f-08f6-42ec-9721-2237d7eaf0f9" testId="e76d6979-2b4b-a571-92f9-6bd376683541" testName="AccessToDB.Tests.LiftsSlopesRepositoryTests.TestGetLiftSlopeByIdAsyncOk(liftSlope: LiftSlope { RecordID = 156, LiftID = 28, SlopeID = 10 })" computerName="DESKTOP-TJ9D65N" duration="00:00:00.4609916" startTime="2022-10-16T16:06:12.8371717+03:00" endTime="2022-10-16T16:06:12.8372164+03:00" testType="13cdc9d9-ddb5-4fa4-a97d-d965ccfc6d4b" outcome="Passed" testListId="8c84fa94-04c1-424b-9868-57a2d4851a1d" relativeResultsDirectory="6820c04f-08f6-42ec-9721-2237d7eaf0f9" />
    <UnitTestResult executionId="a40e3194-1f4a-44a3-8f7f-d90a44f13768" testId="52f18368-d0ea-9563-4df2-891806f558bd" testName="AccessToDB.Tests.LiftsSlopesRepositoryTests.TestAddLiftSlopeAsyncFailsWhenLiftSlopeIdRepeats(liftSlope: LiftSlope { RecordID = 232, LiftID = 61, SlopeID = 173 })" computerName="DESKTOP-TJ9D65N" duration="00:00:00.3938150" startTime="2022-10-16T16:06:13.2776152+03:00" endTime="2022-10-16T16:06:13.2776153+03:00" testType="13cdc9d9-ddb5-4fa4-a97d-d965ccfc6d4b" outcome="Passed" testListId="8c84fa94-04c1-424b-9868-57a2d4851a1d" relativeResultsDirectory="a40e3194-1f4a-44a3-8f7f-d90a44f13768" />
    <UnitTestResult executionId="3b1d39fd-2ab1-4b62-8751-1435baf8426d" testId="fdfe05ce-a614-e4ad-0310-3bdd40584843" testName="AccessToDB.Tests.UsersRepositoryTests.TestCheckUserEmailExistsAsyncFalse(userEmail: &quot;userEmaila6861b67-aa5b-4f94-ba1d-36721719299a&quot;)" computerName="DESKTOP-TJ9D65N" duration="00:00:00.3613923" startTime="2022-10-16T16:06:21.4972010+03:00" endTime="2022-10-16T16:06:21.4972011+03:00" testType="13cdc9d9-ddb5-4fa4-a97d-d965ccfc6d4b" outcome="Passed" testListId="8c84fa94-04c1-424b-9868-57a2d4851a1d" relativeResultsDirectory="3b1d39fd-2ab1-4b62-8751-1435baf8426d" />
    <UnitTestResult executionId="ee7fb373-14d8-4376-b799-8ef28df44057" testId="6d5adc46-ea3b-a646-6c1a-64f0f71ee543" testName="AccessToDB.Tests.UsersRepositoryTests.TestUpdateUserByIDAsyncOk(user: User { UserID = 148, CardID = 151, UserEmail = UserEmail49c40f0d-4a11-4441-848e-ea14ed1136a6, Password = password173bfb32-8ef8-4920-b1c2-00f98691f3ba, Permissions = UNAUTHORIZED })" computerName="DESKTOP-TJ9D65N" duration="00:00:00.3919829" startTime="2022-10-16T16:06:20.7214634+03:00" endTime="2022-10-16T16:06:20.7214635+03:00" testType="13cdc9d9-ddb5-4fa4-a97d-d965ccfc6d4b" outcome="Passed" testListId="8c84fa94-04c1-424b-9868-57a2d4851a1d" relativeResultsDirectory="ee7fb373-14d8-4376-b799-8ef28df44057" />
    <UnitTestResult executionId="a009bad9-a7cd-42fd-a161-19473677e616" testId="c340dee9-e639-176f-a8ff-fb36e6df7360" testName="AccessToDB.Tests.SlopesRepositoryTests.TestUpdateSlopeByIDAsyncOk(slope: Slope { SlopeID = 157, SlopeName = slopeName3cb8bd22-c8b6-44ae-8a1b-10f41aad7d39, IsOpen = True, DifficultyLevel = 132, ConnectedLifts =  })" computerName="DESKTOP-TJ9D65N" duration="00:00:00.3918234" startTime="2022-10-16T16:06:27.9395447+03:00" endTime="2022-10-16T16:06:27.9395449+03:00" testType="13cdc9d9-ddb5-4fa4-a97d-d965ccfc6d4b" outcome="Passed" testListId="8c84fa94-04c1-424b-9868-57a2d4851a1d" relativeResultsDirectory="a009bad9-a7cd-42fd-a161-19473677e616" />
    <UnitTestResult executionId="e005628d-9d7f-4c13-b4e0-0f18a3ba46ba" testId="8f7ba917-f771-0dc5-f9b9-465c34344b12" testName="AccessToDB.Tests.SlopesRepositoryTests.TestAddSlopeAutoIncrementAsyncOk" computerName="DESKTOP-TJ9D65N" duration="00:00:00.3928638" startTime="2022-10-16T16:06:27.5335295+03:00" endTime="2022-10-16T16:06:27.5335296+03:00" testType="13cdc9d9-ddb5-4fa4-a97d-d965ccfc6d4b" outcome="Passed" testListId="8c84fa94-04c1-424b-9868-57a2d4851a1d" relativeResultsDirectory="e005628d-9d7f-4c13-b4e0-0f18a3ba46ba" />
    <UnitTestResult executionId="ee3135a0-7e6a-4945-b091-47013e43bab7" testId="35143ccd-658e-a267-2561-4cd14c0d753d" testName="AccessToDB.Tests.LiftsRepositoryTests.TestGetLiftByIdAsyncOk(lift: Lift { LiftID = 46, LiftName = liftNamed782fa7b-d030-4060-9669-4dcac7e2586a, IsOpen = True, SeatsAmount = 177, LiftingTime = 19, QueueTime = 3, ConnectedSlopes =  })" computerName="DESKTOP-TJ9D65N" duration="00:00:00.3852244" startTime="2022-10-16T16:06:23.1333882+03:00" endTime="2022-10-16T16:06:23.1333887+03:00" testType="13cdc9d9-ddb5-4fa4-a97d-d965ccfc6d4b" outcome="Passed" testListId="8c84fa94-04c1-424b-9868-57a2d4851a1d" relativeResultsDirectory="ee3135a0-7e6a-4945-b091-47013e43bab7" />
    <UnitTestResult executionId="5a4a0b75-4f13-4628-a732-cb3225d8921a" testId="9bbefb83-8311-6e03-307f-415e3495e223" testName="AccessToDB.Tests.SlopesRepositoryTests.TestGetSlopesAsyncEmpty" computerName="DESKTOP-TJ9D65N" duration="00:00:00.3612466" startTime="2022-10-16T16:06:28.3128759+03:00" endTime="2022-10-16T16:06:28.3128761+03:00" testType="13cdc9d9-ddb5-4fa4-a97d-d965ccfc6d4b" outcome="Passed" testListId="8c84fa94-04c1-424b-9868-57a2d4851a1d" relativeResultsDirectory="5a4a0b75-4f13-4628-a732-cb3225d8921a" />
    <UnitTestResult executionId="8d507e3c-1695-4244-80fe-fdb628faa60b" testId="48e13b05-acd9-b909-18ab-caaafa2ac955" testName="AccessToDB.Tests.LiftsSlopesRepositoryTests.TestGetLiftsBySlopeIdAsyncOk(slope1: Slope { SlopeID = 57, SlopeName = slopeName1e99e0ae-e79d-48c8-8720-92d44ab6bb3e, IsOpen = True, DifficultyLevel = 63, ConnectedLifts =  }, slope2: Slope { SlopeID = 37, SlopeName = slopeName1cea0fba-792e-423f-8d9b-3fbfc206d2a7, IsOpen = False, DifficultyLevel = 6, ConnectedLifts =  }, lift1: Lift { LiftID = 178, LiftName = liftName99177294-dd02-4781-a33a-2b43d8ad1d41, IsOpen = True, SeatsAmount = 143, LiftingTime = 242, QueueTime = 251, ConnectedSlopes =  }, lift2: Lift { LiftID = 76, LiftName = liftNamec23f0b9a-746f-43dd-b55c-556cc3c35588, IsOpen = False, SeatsAmount = 43, LiftingTime = 202, QueueTime = 153, ConnectedSlopes =  })" computerName="DESKTOP-TJ9D65N" duration="00:00:00.4310408" startTime="2022-10-16T16:06:14.1382645+03:00" endTime="2022-10-16T16:06:14.1382646+03:00" testType="13cdc9d9-ddb5-4fa4-a97d-d965ccfc6d4b" outcome="Passed" testListId="8c84fa94-04c1-424b-9868-57a2d4851a1d" relativeResultsDirectory="8d507e3c-1695-4244-80fe-fdb628faa60b" />
    <UnitTestResult executionId="8c6917a3-d8a1-4f3c-9b19-0229dcfb33dd" testId="8a3854a0-04fb-4f0a-0058-90fed7c5a49b" testName="AccessToDB.Tests.UsersRepositoryTests.TestAddUserAsyncFailsWhenUserIdRepeats(user: User { UserID = 68, CardID = 76, UserEmail = UserEmaila3b1b129-4043-4d56-9f6a-c5ad0e113eee, Password = passwordb5fbd76e-899a-4939-be0c-98eaf22c67b3, Permissions = UNAUTHORIZED })" computerName="DESKTOP-TJ9D65N" duration="00:00:00.3961406" startTime="2022-10-16T16:06:22.7194447+03:00" endTime="2022-10-16T16:06:22.7194454+03:00" testType="13cdc9d9-ddb5-4fa4-a97d-d965ccfc6d4b" outcome="Passed" testListId="8c84fa94-04c1-424b-9868-57a2d4851a1d" relativeResultsDirectory="8c6917a3-d8a1-4f3c-9b19-0229dcfb33dd" />
    <UnitTestResult executionId="a6dea6f2-c5bd-4e85-b84a-44777fc1d27f" testId="ef817a91-2730-b493-c17f-f39f02e564ca" testName="AccessToDB.Tests.SlopesRepositoryTests.TestDeleteSlopeByIDAsyncFailsWhenIDNotExists(slopeID: 190)" computerName="DESKTOP-TJ9D65N" duration="00:00:00.3642141" startTime="2022-10-16T16:06:25.9447396+03:00" endTime="2022-10-16T16:06:25.9447399+03:00" testType="13cdc9d9-ddb5-4fa4-a97d-d965ccfc6d4b" outcome="Passed" testListId="8c84fa94-04c1-424b-9868-57a2d4851a1d" relativeResultsDirectory="a6dea6f2-c5bd-4e85-b84a-44777fc1d27f" />
    <UnitTestResult executionId="2872e276-c275-4186-b011-8f5ac3ce53db" testId="f68e2455-58f4-d563-869e-2fe735365bf1" testName="AccessToDB.Tests.UsersRepositoryTests.TestGetUserByIdAsyncOk(user: User { UserID = 87, CardID = 82, UserEmail = UserEmail6e2765c0-a5ee-4988-ba44-3b21db857e0f, Password = passwordbfa19cde-7374-42e6-a989-59d50358563d, Permissions = UNAUTHORIZED })" computerName="DESKTOP-TJ9D65N" duration="00:00:00.3812728" startTime="2022-10-16T16:06:21.1174709+03:00" endTime="2022-10-16T16:06:21.1174710+03:00" testType="13cdc9d9-ddb5-4fa4-a97d-d965ccfc6d4b" outcome="Passed" testListId="8c84fa94-04c1-424b-9868-57a2d4851a1d" relativeResultsDirectory="2872e276-c275-4186-b011-8f5ac3ce53db" />
    <UnitTestResult executionId="d8cc23e3-84a5-4290-a9ca-0247617180d5" testId="e0675a28-85e2-489d-3407-f09fcb83ecd5" testName="AccessToDB.Tests.TurnstilesRepositoryTests.TestAddTurnstileAsyncFailsWhenTurnstileIdRepeats(turnstile: Turnstile { TurnstileID = 45, LiftID = 68, IsOpen = True })" computerName="DESKTOP-TJ9D65N" duration="00:00:00.3902204" startTime="2022-10-16T16:06:17.0559816+03:00" endTime="2022-10-16T16:06:17.0559818+03:00" testType="13cdc9d9-ddb5-4fa4-a97d-d965ccfc6d4b" outcome="Passed" testListId="8c84fa94-04c1-424b-9868-57a2d4851a1d" relativeResultsDirectory="d8cc23e3-84a5-4290-a9ca-0247617180d5" />
    <UnitTestResult executionId="f59abf52-7869-4bf4-a670-724b2ac1f417" testId="09d180e2-c2f9-8c1e-0d66-6f4584ab8c8a" testName="AccessToDB.Tests.LiftsSlopesRepositoryTests.TestGetSlopesByLiftIdAsyncFailsWhenSlopeNotExists(liftSlope: LiftSlope { RecordID = 214, LiftID = 60, SlopeID = 242 })" computerName="DESKTOP-TJ9D65N" duration="00:00:00.3829583" startTime="2022-10-16T16:06:14.9180341+03:00" endTime="2022-10-16T16:06:14.9180343+03:00" testType="13cdc9d9-ddb5-4fa4-a97d-d965ccfc6d4b" outcome="Passed" testListId="8c84fa94-04c1-424b-9868-57a2d4851a1d" relativeResultsDirectory="f59abf52-7869-4bf4-a670-724b2ac1f417" />
    <UnitTestResult executionId="1943c4d1-113f-4e83-979d-f4c59db4755b" testId="4d82b367-1512-83c0-4fae-e909fcaea06c" testName="AccessToDB.Tests.SlopesRepositoryTests.TestGetSlopeByIdAsyncOk(slope: Slope { SlopeID = 89, SlopeName = slopeName6c42c674-259c-40a9-99b9-bd31a09e9b3d, IsOpen = True, DifficultyLevel = 251, ConnectedLifts =  })" computerName="DESKTOP-TJ9D65N" duration="00:00:00.3826753" startTime="2022-10-16T16:06:27.1224617+03:00" endTime="2022-10-16T16:06:27.1224619+03:00" testType="13cdc9d9-ddb5-4fa4-a97d-d965ccfc6d4b" outcome="Passed" testListId="8c84fa94-04c1-424b-9868-57a2d4851a1d" relativeResultsDirectory="1943c4d1-113f-4e83-979d-f4c59db4755b" />
    <UnitTestResult executionId="59a8b26d-265c-47f9-9fa4-b0f1882cb892" testId="936b6eec-2acc-c211-cb39-92b075b3d2fd" testName="AccessToDB.Tests.LiftsRepositoryTests.TestGetLiftByNameAsyncFailsWhenNameNotExists(liftName: &quot;liftNamebf757dd3-5c1f-4d6e-b138-0c2d48402c83&quot;)" computerName="DESKTOP-TJ9D65N" duration="00:00:00.3705892" startTime="2022-10-16T16:06:24.7520217+03:00" endTime="2022-10-16T16:06:24.7520219+03:00" testType="13cdc9d9-ddb5-4fa4-a97d-d965ccfc6d4b" outcome="Passed" testListId="8c84fa94-04c1-424b-9868-57a2d4851a1d" relativeResultsDirectory="59a8b26d-265c-47f9-9fa4-b0f1882cb892" />
    <UnitTestResult executionId="50e749d0-7ecf-47ad-b830-a710ac4e2256" testId="ec229f70-485a-f91b-53ed-bce655f6cd58" testName="AccessToDB.Tests.LiftsRepositoryTests.TestAddLiftAutoIncrementAsyncOk" computerName="DESKTOP-TJ9D65N" duration="00:00:00.4007267" startTime="2022-10-16T16:06:23.5591124+03:00" endTime="2022-10-16T16:06:23.5591126+03:00" testType="13cdc9d9-ddb5-4fa4-a97d-d965ccfc6d4b" outcome="Passed" testListId="8c84fa94-04c1-424b-9868-57a2d4851a1d" relativeResultsDirectory="50e749d0-7ecf-47ad-b830-a710ac4e2256" />
    <UnitTestResult executionId="ce2fc17d-a6fd-4ebf-a23f-8e7d61aa6bba" testId="282d44e6-3ec1-0009-dd68-bb640f3bd5b0" testName="AccessToDB.Tests.TurnstilesRepositoryTests.TestGetTurnstilesByLiftIdAsyncOk(liftID: 74)" computerName="DESKTOP-TJ9D65N" duration="00:00:00.4931473" startTime="2022-10-16T16:06:19.1309080+03:00" endTime="2022-10-16T16:06:19.1309084+03:00" testType="13cdc9d9-ddb5-4fa4-a97d-d965ccfc6d4b" outcome="Passed" testListId="8c84fa94-04c1-424b-9868-57a2d4851a1d" relativeResultsDirectory="ce2fc17d-a6fd-4ebf-a23f-8e7d61aa6bba" />
    <UnitTestResult executionId="2cb3d8df-a870-4521-bbb4-abd4ca661123" testId="e75bb6e2-88d9-af2a-a444-c4a9d67f0f0e" testName="AccessToDB.Tests.UsersRepositoryTests.TestAddUserAutoIncrementAsyncOk" computerName="DESKTOP-TJ9D65N" duration="00:00:00.4011440" startTime="2022-10-16T16:06:22.3073789+03:00" endTime="2022-10-16T16:06:22.3073792+03:00" testType="13cdc9d9-ddb5-4fa4-a97d-d965ccfc6d4b" outcome="Passed" testListId="8c84fa94-04c1-424b-9868-57a2d4851a1d" relativeResultsDirectory="2cb3d8df-a870-4521-bbb4-abd4ca661123" />
  </Results>
  <TestDefinitions>
    <UnitTest name="AccessToDB.Tests.UsersRepositoryTests.TestUpdateUserByIDAsyncOk(user: User { UserID = 148, CardID = 151, UserEmail = UserEmail49c40f0d-4a11-4441-848e-ea14ed1136a6, Password = password173bfb32-8ef8-4920-b1c2-00f98691f3ba, Permissions = UNAUTHORIZED })" storage="/mnt/c/users/alena/desktop/7_sem/testing_and_debugging/skiresort/accesstodb.tests/bin/debug/net6.0/accesstodb.tests.dll" id="6d5adc46-ea3b-a646-6c1a-64f0f71ee543">
      <Execution id="ee7fb373-14d8-4376-b799-8ef28df44057" />
      <TestMethod codeBase="/mnt/c/Users/alena/Desktop/7_sem/testing_and_debugging/SkiResort/AccessToDB.Tests/bin/Debug/net6.0/AccessToDB.Tests.dll" adapterTypeName="executor://xunit/VsTestRunner2/netcoreapp" className="AccessToDB.Tests.UsersRepositoryTests" name="TestUpdateUserByIDAsyncOk" />
    </UnitTest>
    <UnitTest name="AccessToDB.Tests.SlopesRepositoryTests.TestGetSlopeByNameAsyncFailsWhenNameNotExists(slopeName: &quot;slopeName5f527904-cb68-42c9-a64f-de6716019344&quot;)" storage="/mnt/c/users/alena/desktop/7_sem/testing_and_debugging/skiresort/accesstodb.tests/bin/debug/net6.0/accesstodb.tests.dll" id="65922506-2f91-3001-9c8b-00d76149d3d3">
      <Execution id="67e3882e-b77b-4825-bb78-d88409c92875" />
      <TestMethod codeBase="/mnt/c/Users/alena/Desktop/7_sem/testing_and_debugging/SkiResort/AccessToDB.Tests/bin/Debug/net6.0/AccessToDB.Tests.dll" adapterTypeName="executor://xunit/VsTestRunner2/netcoreapp" className="AccessToDB.Tests.SlopesRepositoryTests" name="TestGetSlopeByNameAsyncFailsWhenNameNotExists" />
    </UnitTest>
    <UnitTest name="AccessToDB.Tests.LiftsRepositoryTests.TestAddLiftAsyncFailsWhenLiftIdRepeats(lift: Lift { LiftID = 19, LiftName = liftName9abcf942-15c3-4cdd-9f39-b08673863a17, IsOpen = True, SeatsAmount = 20, LiftingTime = 61, QueueTime = 40, ConnectedSlopes =  })" storage="/mnt/c/users/alena/desktop/7_sem/testing_and_debugging/skiresort/accesstodb.tests/bin/debug/net6.0/accesstodb.tests.dll" id="ac03e637-8ed9-c891-a9b3-49bc59a838d3">
      <Execution id="0508cc07-0bd2-417e-9b04-c6420105cf95" />
      <TestMethod codeBase="/mnt/c/Users/alena/Desktop/7_sem/testing_and_debugging/SkiResort/AccessToDB.Tests/bin/Debug/net6.0/AccessToDB.Tests.dll" adapterTypeName="executor://xunit/VsTestRunner2/netcoreapp" className="AccessToDB.Tests.LiftsRepositoryTests" name="TestAddLiftAsyncFailsWhenLiftIdRepeats" />
    </UnitTest>
    <UnitTest name="AccessToDB.Tests.TurnstilesRepositoryTests.TestGetTurnstilesAsyncEmpty" storage="/mnt/c/users/alena/desktop/7_sem/testing_and_debugging/skiresort/accesstodb.tests/bin/debug/net6.0/accesstodb.tests.dll" id="3c521313-4ed6-6bce-b4f9-c359411028e7">
      <Execution id="2ee1668f-786b-493f-901e-4063af4a65cd" />
      <TestMethod codeBase="/mnt/c/Users/alena/Desktop/7_sem/testing_and_debugging/SkiResort/AccessToDB.Tests/bin/Debug/net6.0/AccessToDB.Tests.dll" adapterTypeName="executor://xunit/VsTestRunner2/netcoreapp" className="AccessToDB.Tests.TurnstilesRepositoryTests" name="TestGetTurnstilesAsyncEmpty" />
    </UnitTest>
    <UnitTest name="AccessToDB.Tests.LiftsSlopesRepositoryTests.TestAddLiftSlopeAutoIncrementAsyncOk" storage="/mnt/c/users/alena/desktop/7_sem/testing_and_debugging/skiresort/accesstodb.tests/bin/debug/net6.0/accesstodb.tests.dll" id="30f8e924-9784-0a43-e807-094f70e06567">
      <Execution id="6fc358a8-fd77-431d-881f-f05b7a102aa6" />
      <TestMethod codeBase="/mnt/c/Users/alena/Desktop/7_sem/testing_and_debugging/SkiResort/AccessToDB.Tests/bin/Debug/net6.0/AccessToDB.Tests.dll" adapterTypeName="executor://xunit/VsTestRunner2/netcoreapp" className="AccessToDB.Tests.LiftsSlopesRepositoryTests" name="TestAddLiftSlopeAutoIncrementAsyncOk" />
    </UnitTest>
    <UnitTest name="AccessToDB.Tests.SlopesRepositoryTests.TestAddSlopeAsyncFailsWhenSlopeIdRepeats(slope: Slope { SlopeID = 249, SlopeName = slopeName7461cf90-4454-4367-9992-cd9f43ef79a0, IsOpen = True, DifficultyLevel = 51, ConnectedLifts =  })" storage="/mnt/c/users/alena/desktop/7_sem/testing_and_debugging/skiresort/accesstodb.tests/bin/debug/net6.0/accesstodb.tests.dll" id="3a037684-fc51-81e0-9dae-2199f8b47017">
      <Execution id="cb73ca54-b330-4f6a-a591-03dd559cdcf3" />
      <TestMethod codeBase="/mnt/c/Users/alena/Desktop/7_sem/testing_and_debugging/SkiResort/AccessToDB.Tests/bin/Debug/net6.0/AccessToDB.Tests.dll" adapterTypeName="executor://xunit/VsTestRunner2/netcoreapp" className="AccessToDB.Tests.SlopesRepositoryTests" name="TestAddSlopeAsyncFailsWhenSlopeIdRepeats" />
    </UnitTest>
    <UnitTest name="AccessToDB.Tests.LiftsRepositoryTests.TestGetLiftByNameAsyncFailsWhenNameNotExists(liftName: &quot;liftNamebf757dd3-5c1f-4d6e-b138-0c2d48402c83&quot;)" storage="/mnt/c/users/alena/desktop/7_sem/testing_and_debugging/skiresort/accesstodb.tests/bin/debug/net6.0/accesstodb.tests.dll" id="936b6eec-2acc-c211-cb39-92b075b3d2fd">
      <Execution id="59a8b26d-265c-47f9-9fa4-b0f1882cb892" />
      <TestMethod codeBase="/mnt/c/Users/alena/Desktop/7_sem/testing_and_debugging/SkiResort/AccessToDB.Tests/bin/Debug/net6.0/AccessToDB.Tests.dll" adapterTypeName="executor://xunit/VsTestRunner2/netcoreapp" className="AccessToDB.Tests.LiftsRepositoryTests" name="TestGetLiftByNameAsyncFailsWhenNameNotExists" />
    </UnitTest>
    <UnitTest name="AccessToDB.Tests.UsersRepositoryTests.TestCheckUserEmailExistsAsyncFalse(userEmail: &quot;userEmaila6861b67-aa5b-4f94-ba1d-36721719299a&quot;)" storage="/mnt/c/users/alena/desktop/7_sem/testing_and_debugging/skiresort/accesstodb.tests/bin/debug/net6.0/accesstodb.tests.dll" id="fdfe05ce-a614-e4ad-0310-3bdd40584843">
      <Execution id="3b1d39fd-2ab1-4b62-8751-1435baf8426d" />
      <TestMethod codeBase="/mnt/c/Users/alena/Desktop/7_sem/testing_and_debugging/SkiResort/AccessToDB.Tests/bin/Debug/net6.0/AccessToDB.Tests.dll" adapterTypeName="executor://xunit/VsTestRunner2/netcoreapp" className="AccessToDB.Tests.UsersRepositoryTests" name="TestCheckUserEmailExistsAsyncFalse" />
    </UnitTest>
    <UnitTest name="AccessToDB.Tests.UsersRepositoryTests.TestAddUserAsyncFailsWhenUserIdRepeats(user: User { UserID = 68, CardID = 76, UserEmail = UserEmaila3b1b129-4043-4d56-9f6a-c5ad0e113eee, Password = passwordb5fbd76e-899a-4939-be0c-98eaf22c67b3, Permissions = UNAUTHORIZED })" storage="/mnt/c/users/alena/desktop/7_sem/testing_and_debugging/skiresort/accesstodb.tests/bin/debug/net6.0/accesstodb.tests.dll" id="8a3854a0-04fb-4f0a-0058-90fed7c5a49b">
      <Execution id="8c6917a3-d8a1-4f3c-9b19-0229dcfb33dd" />
      <TestMethod codeBase="/mnt/c/Users/alena/Desktop/7_sem/testing_and_debugging/SkiResort/AccessToDB.Tests/bin/Debug/net6.0/AccessToDB.Tests.dll" adapterTypeName="executor://xunit/VsTestRunner2/netcoreapp" className="AccessToDB.Tests.UsersRepositoryTests" name="TestAddUserAsyncFailsWhenUserIdRepeats" />
    </UnitTest>
    <UnitTest name="AccessToDB.Tests.SlopesRepositoryTests.TestAddSlopeAutoIncrementAsyncOk" storage="/mnt/c/users/alena/desktop/7_sem/testing_and_debugging/skiresort/accesstodb.tests/bin/debug/net6.0/accesstodb.tests.dll" id="8f7ba917-f771-0dc5-f9b9-465c34344b12">
      <Execution id="e005628d-9d7f-4c13-b4e0-0f18a3ba46ba" />
      <TestMethod codeBase="/mnt/c/Users/alena/Desktop/7_sem/testing_and_debugging/SkiResort/AccessToDB.Tests/bin/Debug/net6.0/AccessToDB.Tests.dll" adapterTypeName="executor://xunit/VsTestRunner2/netcoreapp" className="AccessToDB.Tests.SlopesRepositoryTests" name="TestAddSlopeAutoIncrementAsyncOk" />
    </UnitTest>
    <UnitTest name="AccessToDB.Tests.LiftsRepositoryTests.TestAddLiftAutoIncrementAsyncOk" storage="/mnt/c/users/alena/desktop/7_sem/testing_and_debugging/skiresort/accesstodb.tests/bin/debug/net6.0/accesstodb.tests.dll" id="ec229f70-485a-f91b-53ed-bce655f6cd58">
      <Execution id="50e749d0-7ecf-47ad-b830-a710ac4e2256" />
      <TestMethod codeBase="/mnt/c/Users/alena/Desktop/7_sem/testing_and_debugging/SkiResort/AccessToDB.Tests/bin/Debug/net6.0/AccessToDB.Tests.dll" adapterTypeName="executor://xunit/VsTestRunner2/netcoreapp" className="AccessToDB.Tests.LiftsRepositoryTests" name="TestAddLiftAutoIncrementAsyncOk" />
    </UnitTest>
    <UnitTest name="AccessToDB.Tests.SlopesRepositoryTests.TestUpdateSlopeByIDAsyncOk(slope: Slope { SlopeID = 157, SlopeName = slopeName3cb8bd22-c8b6-44ae-8a1b-10f41aad7d39, IsOpen = True, DifficultyLevel = 132, ConnectedLifts =  })" storage="/mnt/c/users/alena/desktop/7_sem/testing_and_debugging/skiresort/accesstodb.tests/bin/debug/net6.0/accesstodb.tests.dll" id="c340dee9-e639-176f-a8ff-fb36e6df7360">
      <Execution id="a009bad9-a7cd-42fd-a161-19473677e616" />
      <TestMethod codeBase="/mnt/c/Users/alena/Desktop/7_sem/testing_and_debugging/SkiResort/AccessToDB.Tests/bin/Debug/net6.0/AccessToDB.Tests.dll" adapterTypeName="executor://xunit/VsTestRunner2/netcoreapp" className="AccessToDB.Tests.SlopesRepositoryTests" name="TestUpdateSlopeByIDAsyncOk" />
    </UnitTest>
    <UnitTest name="AccessToDB.Tests.SlopesRepositoryTests.TestGetSlopesAsyncEmpty" storage="/mnt/c/users/alena/desktop/7_sem/testing_and_debugging/skiresort/accesstodb.tests/bin/debug/net6.0/accesstodb.tests.dll" id="9bbefb83-8311-6e03-307f-415e3495e223">
      <Execution id="5a4a0b75-4f13-4628-a732-cb3225d8921a" />
      <TestMethod codeBase="/mnt/c/Users/alena/Desktop/7_sem/testing_and_debugging/SkiResort/AccessToDB.Tests/bin/Debug/net6.0/AccessToDB.Tests.dll" adapterTypeName="executor://xunit/VsTestRunner2/netcoreapp" className="AccessToDB.Tests.SlopesRepositoryTests" name="TestGetSlopesAsyncEmpty" />
    </UnitTest>
    <UnitTest name="AccessToDB.Tests.TurnstilesRepositoryTests.TestGetTurnstilesByLiftIdAsyncOk(liftID: 74)" storage="/mnt/c/users/alena/desktop/7_sem/testing_and_debugging/skiresort/accesstodb.tests/bin/debug/net6.0/accesstodb.tests.dll" id="282d44e6-3ec1-0009-dd68-bb640f3bd5b0">
      <Execution id="ce2fc17d-a6fd-4ebf-a23f-8e7d61aa6bba" />
      <TestMethod codeBase="/mnt/c/Users/alena/Desktop/7_sem/testing_and_debugging/SkiResort/AccessToDB.Tests/bin/Debug/net6.0/AccessToDB.Tests.dll" adapterTypeName="executor://xunit/VsTestRunner2/netcoreapp" className="AccessToDB.Tests.TurnstilesRepositoryTests" name="TestGetTurnstilesByLiftIdAsyncOk" />
    </UnitTest>
    <UnitTest name="AccessToDB.Tests.UsersRepositoryTests.TestCheckUserIdExistsAsyncTrue(user: User { UserID = 84, CardID = 130, UserEmail = UserEmail6042b803-1981-484d-8dcf-93e3687e1f8d, Password = passwordb325da9d-a0c8-4b31-b03b-53cf0275d017, Permissions = UNAUTHORIZED })" storage="/mnt/c/users/alena/desktop/7_sem/testing_and_debugging/skiresort/accesstodb.tests/bin/debug/net6.0/accesstodb.tests.dll" id="705e0bb5-a8f8-b08a-b986-97da1a5d1696">
      <Execution id="75d65508-22d8-45ee-9653-6e2ec87f2427" />
      <TestMethod codeBase="/mnt/c/Users/alena/Desktop/7_sem/testing_and_debugging/SkiResort/AccessToDB.Tests/bin/Debug/net6.0/AccessToDB.Tests.dll" adapterTypeName="executor://xunit/VsTestRunner2/netcoreapp" className="AccessToDB.Tests.UsersRepositoryTests" name="TestCheckUserIdExistsAsyncTrue" />
    </UnitTest>
    <UnitTest name="AccessToDB.Tests.UsersRepositoryTests.TestAddUserAutoIncrementAsyncOk" storage="/mnt/c/users/alena/desktop/7_sem/testing_and_debugging/skiresort/accesstodb.tests/bin/debug/net6.0/accesstodb.tests.dll" id="e75bb6e2-88d9-af2a-a444-c4a9d67f0f0e">
      <Execution id="2cb3d8df-a870-4521-bbb4-abd4ca661123" />
      <TestMethod codeBase="/mnt/c/Users/alena/Desktop/7_sem/testing_and_debugging/SkiResort/AccessToDB.Tests/bin/Debug/net6.0/AccessToDB.Tests.dll" adapterTypeName="executor://xunit/VsTestRunner2/netcoreapp" className="AccessToDB.Tests.UsersRepositoryTests" name="TestAddUserAutoIncrementAsyncOk" />
    </UnitTest>
    <UnitTest name="AccessToDB.Tests.UsersRepositoryTests.TestGetUserByEmailAsyncFailsWhenEmailNotExists(email: &quot;email6a63231d-c9d2-4f8c-b9b9-af41b8ae9bf1&quot;)" storage="/mnt/c/users/alena/desktop/7_sem/testing_and_debugging/skiresort/accesstodb.tests/bin/debug/net6.0/accesstodb.tests.dll" id="e8e7e0f7-40a7-0247-14f2-7d4f6d2413f2">
      <Execution id="4bbe8484-1228-4bfe-9c36-9ae8d7ef20ca" />
      <TestMethod codeBase="/mnt/c/Users/alena/Desktop/7_sem/testing_and_debugging/SkiResort/AccessToDB.Tests/bin/Debug/net6.0/AccessToDB.Tests.dll" adapterTypeName="executor://xunit/VsTestRunner2/netcoreapp" className="AccessToDB.Tests.UsersRepositoryTests" name="TestGetUserByEmailAsyncFailsWhenEmailNotExists" />
    </UnitTest>
    <UnitTest name="AccessToDB.Tests.LiftsRepositoryTests.TestGetLiftsAsyncEmpty" storage="/mnt/c/users/alena/desktop/7_sem/testing_and_debugging/skiresort/accesstodb.tests/bin/debug/net6.0/accesstodb.tests.dll" id="607e8298-f113-be33-300e-15a343893443">
      <Execution id="70d34b6d-b06c-412c-b8f6-f0b507ec526e" />
      <TestMethod codeBase="/mnt/c/Users/alena/Desktop/7_sem/testing_and_debugging/SkiResort/AccessToDB.Tests/bin/Debug/net6.0/AccessToDB.Tests.dll" adapterTypeName="executor://xunit/VsTestRunner2/netcoreapp" className="AccessToDB.Tests.LiftsRepositoryTests" name="TestGetLiftsAsyncEmpty" />
    </UnitTest>
    <UnitTest name="AccessToDB.Tests.LiftsSlopesRepositoryTests.TestDeleteLiftSlopesByIDsAsyncOk(liftSlope: LiftSlope { RecordID = 170, LiftID = 56, SlopeID = 122 })" storage="/mnt/c/users/alena/desktop/7_sem/testing_and_debugging/skiresort/accesstodb.tests/bin/debug/net6.0/accesstodb.tests.dll" id="c8f19e2b-e915-d9f0-1b72-67b82fbd8ffb">
      <Execution id="f851707f-21c4-4423-8549-4d53e1d4ad98" />
      <TestMethod codeBase="/mnt/c/Users/alena/Desktop/7_sem/testing_and_debugging/SkiResort/AccessToDB.Tests/bin/Debug/net6.0/AccessToDB.Tests.dll" adapterTypeName="executor://xunit/VsTestRunner2/netcoreapp" className="AccessToDB.Tests.LiftsSlopesRepositoryTests" name="TestDeleteLiftSlopesByIDsAsyncOk" />
    </UnitTest>
    <UnitTest name="AccessToDB.Tests.UsersRepositoryTests.TestDeleteUserByIDAsyncFailsWhenIDNotExists(userID: 79)" storage="/mnt/c/users/alena/desktop/7_sem/testing_and_debugging/skiresort/accesstodb.tests/bin/debug/net6.0/accesstodb.tests.dll" id="d17537c9-979f-5441-c4f3-6cb017034b48">
      <Execution id="8b58bc18-30a3-43b7-9197-51e04d48919b" />
      <TestMethod codeBase="/mnt/c/Users/alena/Desktop/7_sem/testing_and_debugging/SkiResort/AccessToDB.Tests/bin/Debug/net6.0/AccessToDB.Tests.dll" adapterTypeName="executor://xunit/VsTestRunner2/netcoreapp" className="AccessToDB.Tests.UsersRepositoryTests" name="TestDeleteUserByIDAsyncFailsWhenIDNotExists" />
    </UnitTest>
    <UnitTest name="AccessToDB.Tests.TurnstilesRepositoryTests.TestAddTurnstileAsyncFailsWhenTurnstileIdRepeats(turnstile: Turnstile { TurnstileID = 45, LiftID = 68, IsOpen = True })" storage="/mnt/c/users/alena/desktop/7_sem/testing_and_debugging/skiresort/accesstodb.tests/bin/debug/net6.0/accesstodb.tests.dll" id="e0675a28-85e2-489d-3407-f09fcb83ecd5">
      <Execution id="d8cc23e3-84a5-4290-a9ca-0247617180d5" />
      <TestMethod codeBase="/mnt/c/Users/alena/Desktop/7_sem/testing_and_debugging/SkiResort/AccessToDB.Tests/bin/Debug/net6.0/AccessToDB.Tests.dll" adapterTypeName="executor://xunit/VsTestRunner2/netcoreapp" className="AccessToDB.Tests.TurnstilesRepositoryTests" name="TestAddTurnstileAsyncFailsWhenTurnstileIdRepeats" />
    </UnitTest>
    <UnitTest name="AccessToDB.Tests.SlopesRepositoryTests.TestGetSlopeByIdAsyncOk(slope: Slope { SlopeID = 89, SlopeName = slopeName6c42c674-259c-40a9-99b9-bd31a09e9b3d, IsOpen = True, DifficultyLevel = 251, ConnectedLifts =  })" storage="/mnt/c/users/alena/desktop/7_sem/testing_and_debugging/skiresort/accesstodb.tests/bin/debug/net6.0/accesstodb.tests.dll" id="4d82b367-1512-83c0-4fae-e909fcaea06c">
      <Execution id="1943c4d1-113f-4e83-979d-f4c59db4755b" />
      <TestMethod codeBase="/mnt/c/Users/alena/Desktop/7_sem/testing_and_debugging/SkiResort/AccessToDB.Tests/bin/Debug/net6.0/AccessToDB.Tests.dll" adapterTypeName="executor://xunit/VsTestRunner2/netcoreapp" className="AccessToDB.Tests.SlopesRepositoryTests" name="TestGetSlopeByIdAsyncOk" />
    </UnitTest>
    <UnitTest name="AccessToDB.Tests.LiftsRepositoryTests.TestDeleteLiftByIDAsyncFailsWhenIDNotExists(liftID: 98)" storage="/mnt/c/users/alena/desktop/7_sem/testing_and_debugging/skiresort/accesstodb.tests/bin/debug/net6.0/accesstodb.tests.dll" id="9fb4d8ac-9fd4-7094-a534-a715163411b8">
      <Execution id="62d8bd99-0de0-49e9-b482-ebadcc543ffd" />
      <TestMethod codeBase="/mnt/c/Users/alena/Desktop/7_sem/testing_and_debugging/SkiResort/AccessToDB.Tests/bin/Debug/net6.0/AccessToDB.Tests.dll" adapterTypeName="executor://xunit/VsTestRunner2/netcoreapp" className="AccessToDB.Tests.LiftsRepositoryTests" name="TestDeleteLiftByIDAsyncFailsWhenIDNotExists" />
    </UnitTest>
    <UnitTest name="AccessToDB.Tests.LiftsSlopesRepositoryTests.TestAddLiftSlopeAsyncFailsWhenLiftSlopeIdRepeats(liftSlope: LiftSlope { RecordID = 232, LiftID = 61, SlopeID = 173 })" storage="/mnt/c/users/alena/desktop/7_sem/testing_and_debugging/skiresort/accesstodb.tests/bin/debug/net6.0/accesstodb.tests.dll" id="52f18368-d0ea-9563-4df2-891806f558bd">
      <Execution id="a40e3194-1f4a-44a3-8f7f-d90a44f13768" />
      <TestMethod codeBase="/mnt/c/Users/alena/Desktop/7_sem/testing_and_debugging/SkiResort/AccessToDB.Tests/bin/Debug/net6.0/AccessToDB.Tests.dll" adapterTypeName="executor://xunit/VsTestRunner2/netcoreapp" className="AccessToDB.Tests.LiftsSlopesRepositoryTests" name="TestAddLiftSlopeAsyncFailsWhenLiftSlopeIdRepeats" />
    </UnitTest>
    <UnitTest name="AccessToDB.Tests.TurnstilesRepositoryTests.TestGetTurnstileByIdAsyncOk(turnstile: Turnstile { TurnstileID = 96, LiftID = 254, IsOpen = True })" storage="/mnt/c/users/alena/desktop/7_sem/testing_and_debugging/skiresort/accesstodb.tests/bin/debug/net6.0/accesstodb.tests.dll" id="4a4cd833-c8a0-4496-cc48-40bb82f0dd3b">
      <Execution id="eb74dd6e-527c-4f5b-a284-10a926cbd259" />
      <TestMethod codeBase="/mnt/c/Users/alena/Desktop/7_sem/testing_and_debugging/SkiResort/AccessToDB.Tests/bin/Debug/net6.0/AccessToDB.Tests.dll" adapterTypeName="executor://xunit/VsTestRunner2/netcoreapp" className="AccessToDB.Tests.TurnstilesRepositoryTests" name="TestGetTurnstileByIdAsyncOk" />
    </UnitTest>
    <UnitTest name="AccessToDB.Tests.UsersRepositoryTests.TestGetUserByIdAsyncOk(user: User { UserID = 87, CardID = 82, UserEmail = UserEmail6e2765c0-a5ee-4988-ba44-3b21db857e0f, Password = passwordbfa19cde-7374-42e6-a989-59d50358563d, Permissions = UNAUTHORIZED })" storage="/mnt/c/users/alena/desktop/7_sem/testing_and_debugging/skiresort/accesstodb.tests/bin/debug/net6.0/accesstodb.tests.dll" id="f68e2455-58f4-d563-869e-2fe735365bf1">
      <Execution id="2872e276-c275-4186-b011-8f5ac3ce53db" />
      <TestMethod codeBase="/mnt/c/Users/alena/Desktop/7_sem/testing_and_debugging/SkiResort/AccessToDB.Tests/bin/Debug/net6.0/AccessToDB.Tests.dll" adapterTypeName="executor://xunit/VsTestRunner2/netcoreapp" className="AccessToDB.Tests.UsersRepositoryTests" name="TestGetUserByIdAsyncOk" />
    </UnitTest>
    <UnitTest name="AccessToDB.Tests.LiftsSlopesRepositoryTests.TestGetLiftsBySlopeIdAsyncOk(slope1: Slope { SlopeID = 57, SlopeName = slopeName1e99e0ae-e79d-48c8-8720-92d44ab6bb3e, IsOpen = True, DifficultyLevel = 63, ConnectedLifts =  }, slope2: Slope { SlopeID = 37, SlopeName = slopeName1cea0fba-792e-423f-8d9b-3fbfc206d2a7, IsOpen = False, DifficultyLevel = 6, ConnectedLifts =  }, lift1: Lift { LiftID = 178, LiftName = liftName99177294-dd02-4781-a33a-2b43d8..." storage="/mnt/c/users/alena/desktop/7_sem/testing_and_debugging/skiresort/accesstodb.tests/bin/debug/net6.0/accesstodb.tests.dll" id="48e13b05-acd9-b909-18ab-caaafa2ac955">
      <Execution id="8d507e3c-1695-4244-80fe-fdb628faa60b" />
      <TestMethod codeBase="/mnt/c/Users/alena/Desktop/7_sem/testing_and_debugging/SkiResort/AccessToDB.Tests/bin/Debug/net6.0/AccessToDB.Tests.dll" adapterTypeName="executor://xunit/VsTestRunner2/netcoreapp" className="AccessToDB.Tests.LiftsSlopesRepositoryTests" name="TestGetLiftsBySlopeIdAsyncOk" />
    </UnitTest>
    <UnitTest name="AccessToDB.Tests.LiftsRepositoryTests.TestGetLiftByIdAsyncOk(lift: Lift { LiftID = 46, LiftName = liftNamed782fa7b-d030-4060-9669-4dcac7e2586a, IsOpen = True, SeatsAmount = 177, LiftingTime = 19, QueueTime = 3, ConnectedSlopes =  })" storage="/mnt/c/users/alena/desktop/7_sem/testing_and_debugging/skiresort/accesstodb.tests/bin/debug/net6.0/accesstodb.tests.dll" id="35143ccd-658e-a267-2561-4cd14c0d753d">
      <Execution id="ee3135a0-7e6a-4945-b091-47013e43bab7" />
      <TestMethod codeBase="/mnt/c/Users/alena/Desktop/7_sem/testing_and_debugging/SkiResort/AccessToDB.Tests/bin/Debug/net6.0/AccessToDB.Tests.dll" adapterTypeName="executor://xunit/VsTestRunner2/netcoreapp" className="AccessToDB.Tests.LiftsRepositoryTests" name="TestGetLiftByIdAsyncOk" />
    </UnitTest>
    <UnitTest name="AccessToDB.Tests.LiftsSlopesRepositoryTests.TestGetSlopesByLiftIdAsyncFailsWhenSlopeNotExists(liftSlope: LiftSlope { RecordID = 214, LiftID = 60, SlopeID = 242 })" storage="/mnt/c/users/alena/desktop/7_sem/testing_and_debugging/skiresort/accesstodb.tests/bin/debug/net6.0/accesstodb.tests.dll" id="09d180e2-c2f9-8c1e-0d66-6f4584ab8c8a">
      <Execution id="f59abf52-7869-4bf4-a670-724b2ac1f417" />
      <TestMethod codeBase="/mnt/c/Users/alena/Desktop/7_sem/testing_and_debugging/SkiResort/AccessToDB.Tests/bin/Debug/net6.0/AccessToDB.Tests.dll" adapterTypeName="executor://xunit/VsTestRunner2/netcoreapp" className="AccessToDB.Tests.LiftsSlopesRepositoryTests" name="TestGetSlopesByLiftIdAsyncFailsWhenSlopeNotExists" />
    </UnitTest>
    <UnitTest name="AccessToDB.Tests.TurnstilesRepositoryTests.TestUpdateTurnstileByIDAsyncOk(turnstile: Turnstile { TurnstileID = 244, LiftID = 174, IsOpen = True })" storage="/mnt/c/users/alena/desktop/7_sem/testing_and_debugging/skiresort/accesstodb.tests/bin/debug/net6.0/accesstodb.tests.dll" id="a1e8315f-320b-e739-417b-ad464876bd37">
      <Execution id="1e5c7791-cea2-4b88-b4e4-0cea53f1a6ff" />
      <TestMethod codeBase="/mnt/c/Users/alena/Desktop/7_sem/testing_and_debugging/SkiResort/AccessToDB.Tests/bin/Debug/net6.0/AccessToDB.Tests.dll" adapterTypeName="executor://xunit/VsTestRunner2/netcoreapp" className="AccessToDB.Tests.TurnstilesRepositoryTests" name="TestUpdateTurnstileByIDAsyncOk" />
    </UnitTest>
    <UnitTest name="AccessToDB.Tests.LiftsSlopesRepositoryTests.TestUpdateLiftSlopeByIDAsyncOk(liftSlope: LiftSlope { RecordID = 54, LiftID = 23, SlopeID = 7 })" storage="/mnt/c/users/alena/desktop/7_sem/testing_and_debugging/skiresort/accesstodb.tests/bin/debug/net6.0/accesstodb.tests.dll" id="5c2e88b5-1ad0-fba7-06e0-51fd49169d63">
      <Execution id="875781f2-9c31-423e-9581-ec995243db78" />
      <TestMethod codeBase="/mnt/c/Users/alena/Desktop/7_sem/testing_and_debugging/SkiResort/AccessToDB.Tests/bin/Debug/net6.0/AccessToDB.Tests.dll" adapterTypeName="executor://xunit/VsTestRunner2/netcoreapp" className="AccessToDB.Tests.LiftsSlopesRepositoryTests" name="TestUpdateLiftSlopeByIDAsyncOk" />
    </UnitTest>
    <UnitTest name="AccessToDB.Tests.LiftsSlopesRepositoryTests.TestGetLiftSlopeByIdAsyncOk(liftSlope: LiftSlope { RecordID = 156, LiftID = 28, SlopeID = 10 })" storage="/mnt/c/users/alena/desktop/7_sem/testing_and_debugging/skiresort/accesstodb.tests/bin/debug/net6.0/accesstodb.tests.dll" id="e76d6979-2b4b-a571-92f9-6bd376683541">
      <Execution id="6820c04f-08f6-42ec-9721-2237d7eaf0f9" />
      <TestMethod codeBase="/mnt/c/Users/alena/Desktop/7_sem/testing_and_debugging/SkiResort/AccessToDB.Tests/bin/Debug/net6.0/AccessToDB.Tests.dll" adapterTypeName="executor://xunit/VsTestRunner2/netcoreapp" className="AccessToDB.Tests.LiftsSlopesRepositoryTests" name="TestGetLiftSlopeByIdAsyncOk" />
    </UnitTest>
    <UnitTest name="AccessToDB.Tests.LiftsSlopesRepositoryTests.TestGetLiftSlopesAsyncEmpty" storage="/mnt/c/users/alena/desktop/7_sem/testing_and_debugging/skiresort/accesstodb.tests/bin/debug/net6.0/accesstodb.tests.dll" id="4145f44e-b4b1-a618-09e8-c631496e6f1a">
      <Execution id="02a2432f-b014-4374-a697-92c09d2ccdb1" />
      <TestMethod codeBase="/mnt/c/Users/alena/Desktop/7_sem/testing_and_debugging/SkiResort/AccessToDB.Tests/bin/Debug/net6.0/AccessToDB.Tests.dll" adapterTypeName="executor://xunit/VsTestRunner2/netcoreapp" className="AccessToDB.Tests.LiftsSlopesRepositoryTests" name="TestGetLiftSlopesAsyncEmpty" />
    </UnitTest>
    <UnitTest name="AccessToDB.Tests.TurnstilesRepositoryTests.TestAddTurnstileAutoIncrementAsyncOk" storage="/mnt/c/users/alena/desktop/7_sem/testing_and_debugging/skiresort/accesstodb.tests/bin/debug/net6.0/accesstodb.tests.dll" id="f9435956-2e34-e52b-c34e-dce53665cf8e">
      <Execution id="2aaf487e-2fc2-440e-ade3-fc97221eab29" />
      <TestMethod codeBase="/mnt/c/Users/alena/Desktop/7_sem/testing_and_debugging/SkiResort/AccessToDB.Tests/bin/Debug/net6.0/AccessToDB.Tests.dll" adapterTypeName="executor://xunit/VsTestRunner2/netcoreapp" className="AccessToDB.Tests.TurnstilesRepositoryTests" name="TestAddTurnstileAutoIncrementAsyncOk" />
    </UnitTest>
    <UnitTest name="AccessToDB.Tests.UsersRepositoryTests.TestGetUsersAsyncEmpty" storage="/mnt/c/users/alena/desktop/7_sem/testing_and_debugging/skiresort/accesstodb.tests/bin/debug/net6.0/accesstodb.tests.dll" id="3741b26d-6ee0-6246-29e4-92009bff37b0">
      <Execution id="83dd18a1-9e5a-4e00-b4f6-7ea73c7f248c" />
      <TestMethod codeBase="/mnt/c/Users/alena/Desktop/7_sem/testing_and_debugging/SkiResort/AccessToDB.Tests/bin/Debug/net6.0/AccessToDB.Tests.dll" adapterTypeName="executor://xunit/VsTestRunner2/netcoreapp" className="AccessToDB.Tests.UsersRepositoryTests" name="TestGetUsersAsyncEmpty" />
    </UnitTest>
    <UnitTest name="AccessToDB.Tests.TurnstilesRepositoryTests.TestDeleteTurnstileByIDAsyncFailsWhenIDNotExists(turnstileID: 105)" storage="/mnt/c/users/alena/desktop/7_sem/testing_and_debugging/skiresort/accesstodb.tests/bin/debug/net6.0/accesstodb.tests.dll" id="a366ed9f-4190-2ea3-eb9d-e257a9fe080b">
      <Execution id="3fa4f3db-e801-4411-a683-5ff935b7382e" />
      <TestMethod codeBase="/mnt/c/Users/alena/Desktop/7_sem/testing_and_debugging/SkiResort/AccessToDB.Tests/bin/Debug/net6.0/AccessToDB.Tests.dll" adapterTypeName="executor://xunit/VsTestRunner2/netcoreapp" className="AccessToDB.Tests.TurnstilesRepositoryTests" name="TestDeleteTurnstileByIDAsyncFailsWhenIDNotExists" />
    </UnitTest>
    <UnitTest name="AccessToDB.Tests.LiftsSlopesRepositoryTests.TestDeleteLiftSlopeByIDAsyncFailsWhenIDNotExists(liftSlopeID: 234)" storage="/mnt/c/users/alena/desktop/7_sem/testing_and_debugging/skiresort/accesstodb.tests/bin/debug/net6.0/accesstodb.tests.dll" id="0bb4d3dc-7e85-be0a-cb18-2e1221377dab">
      <Execution id="cb70ca5a-5378-4a77-b3d0-59a7f514a9ca" />
      <TestMethod codeBase="/mnt/c/Users/alena/Desktop/7_sem/testing_and_debugging/SkiResort/AccessToDB.Tests/bin/Debug/net6.0/AccessToDB.Tests.dll" adapterTypeName="executor://xunit/VsTestRunner2/netcoreapp" className="AccessToDB.Tests.LiftsSlopesRepositoryTests" name="TestDeleteLiftSlopeByIDAsyncFailsWhenIDNotExists" />
    </UnitTest>
    <UnitTest name="AccessToDB.Tests.LiftsRepositoryTests.TestUpdateLiftByIDAsyncOk(lift: Lift { LiftID = 233, LiftName = liftName070efb39-3787-476a-94f5-ba3855abc89b, IsOpen = True, SeatsAmount = 207, LiftingTime = 251, QueueTime = 107, ConnectedSlopes =  })" storage="/mnt/c/users/alena/desktop/7_sem/testing_and_debugging/skiresort/accesstodb.tests/bin/debug/net6.0/accesstodb.tests.dll" id="330a11e0-3947-1f2a-468a-2bc12aad67c6">
      <Execution id="624641f9-7455-44b5-8d56-a31866cd4817" />
      <TestMethod codeBase="/mnt/c/Users/alena/Desktop/7_sem/testing_and_debugging/SkiResort/AccessToDB.Tests/bin/Debug/net6.0/AccessToDB.Tests.dll" adapterTypeName="executor://xunit/VsTestRunner2/netcoreapp" className="AccessToDB.Tests.LiftsRepositoryTests" name="TestUpdateLiftByIDAsyncOk" />
    </UnitTest>
    <UnitTest name="AccessToDB.Tests.SlopesRepositoryTests.TestDeleteSlopeByIDAsyncFailsWhenIDNotExists(slopeID: 190)" storage="/mnt/c/users/alena/desktop/7_sem/testing_and_debugging/skiresort/accesstodb.tests/bin/debug/net6.0/accesstodb.tests.dll" id="ef817a91-2730-b493-c17f-f39f02e564ca">
      <Execution id="a6dea6f2-c5bd-4e85-b84a-44777fc1d27f" />
      <TestMethod codeBase="/mnt/c/Users/alena/Desktop/7_sem/testing_and_debugging/SkiResort/AccessToDB.Tests/bin/Debug/net6.0/AccessToDB.Tests.dll" adapterTypeName="executor://xunit/VsTestRunner2/netcoreapp" className="AccessToDB.Tests.SlopesRepositoryTests" name="TestDeleteSlopeByIDAsyncFailsWhenIDNotExists" />
    </UnitTest>
  </TestDefinitions>
  <TestEntries>
    <TestEntry testId="3c521313-4ed6-6bce-b4f9-c359411028e7" executionId="2ee1668f-786b-493f-901e-4063af4a65cd" testListId="8c84fa94-04c1-424b-9868-57a2d4851a1d" />
    <TestEntry testId="330a11e0-3947-1f2a-468a-2bc12aad67c6" executionId="624641f9-7455-44b5-8d56-a31866cd4817" testListId="8c84fa94-04c1-424b-9868-57a2d4851a1d" />
    <TestEntry testId="a366ed9f-4190-2ea3-eb9d-e257a9fe080b" executionId="3fa4f3db-e801-4411-a683-5ff935b7382e" testListId="8c84fa94-04c1-424b-9868-57a2d4851a1d" />
    <TestEntry testId="d17537c9-979f-5441-c4f3-6cb017034b48" executionId="8b58bc18-30a3-43b7-9197-51e04d48919b" testListId="8c84fa94-04c1-424b-9868-57a2d4851a1d" />
    <TestEntry testId="9fb4d8ac-9fd4-7094-a534-a715163411b8" executionId="62d8bd99-0de0-49e9-b482-ebadcc543ffd" testListId="8c84fa94-04c1-424b-9868-57a2d4851a1d" />
    <TestEntry testId="e8e7e0f7-40a7-0247-14f2-7d4f6d2413f2" executionId="4bbe8484-1228-4bfe-9c36-9ae8d7ef20ca" testListId="8c84fa94-04c1-424b-9868-57a2d4851a1d" />
    <TestEntry testId="3741b26d-6ee0-6246-29e4-92009bff37b0" executionId="83dd18a1-9e5a-4e00-b4f6-7ea73c7f248c" testListId="8c84fa94-04c1-424b-9868-57a2d4851a1d" />
    <TestEntry testId="4145f44e-b4b1-a618-09e8-c631496e6f1a" executionId="02a2432f-b014-4374-a697-92c09d2ccdb1" testListId="8c84fa94-04c1-424b-9868-57a2d4851a1d" />
    <TestEntry testId="ac03e637-8ed9-c891-a9b3-49bc59a838d3" executionId="0508cc07-0bd2-417e-9b04-c6420105cf95" testListId="8c84fa94-04c1-424b-9868-57a2d4851a1d" />
    <TestEntry testId="705e0bb5-a8f8-b08a-b986-97da1a5d1696" executionId="75d65508-22d8-45ee-9653-6e2ec87f2427" testListId="8c84fa94-04c1-424b-9868-57a2d4851a1d" />
    <TestEntry testId="0bb4d3dc-7e85-be0a-cb18-2e1221377dab" executionId="cb70ca5a-5378-4a77-b3d0-59a7f514a9ca" testListId="8c84fa94-04c1-424b-9868-57a2d4851a1d" />
    <TestEntry testId="3a037684-fc51-81e0-9dae-2199f8b47017" executionId="cb73ca54-b330-4f6a-a591-03dd559cdcf3" testListId="8c84fa94-04c1-424b-9868-57a2d4851a1d" />
    <TestEntry testId="65922506-2f91-3001-9c8b-00d76149d3d3" executionId="67e3882e-b77b-4825-bb78-d88409c92875" testListId="8c84fa94-04c1-424b-9868-57a2d4851a1d" />
    <TestEntry testId="c8f19e2b-e915-d9f0-1b72-67b82fbd8ffb" executionId="f851707f-21c4-4423-8549-4d53e1d4ad98" testListId="8c84fa94-04c1-424b-9868-57a2d4851a1d" />
    <TestEntry testId="30f8e924-9784-0a43-e807-094f70e06567" executionId="6fc358a8-fd77-431d-881f-f05b7a102aa6" testListId="8c84fa94-04c1-424b-9868-57a2d4851a1d" />
    <TestEntry testId="a1e8315f-320b-e739-417b-ad464876bd37" executionId="1e5c7791-cea2-4b88-b4e4-0cea53f1a6ff" testListId="8c84fa94-04c1-424b-9868-57a2d4851a1d" />
    <TestEntry testId="f9435956-2e34-e52b-c34e-dce53665cf8e" executionId="2aaf487e-2fc2-440e-ade3-fc97221eab29" testListId="8c84fa94-04c1-424b-9868-57a2d4851a1d" />
    <TestEntry testId="607e8298-f113-be33-300e-15a343893443" executionId="70d34b6d-b06c-412c-b8f6-f0b507ec526e" testListId="8c84fa94-04c1-424b-9868-57a2d4851a1d" />
    <TestEntry testId="4a4cd833-c8a0-4496-cc48-40bb82f0dd3b" executionId="eb74dd6e-527c-4f5b-a284-10a926cbd259" testListId="8c84fa94-04c1-424b-9868-57a2d4851a1d" />
    <TestEntry testId="5c2e88b5-1ad0-fba7-06e0-51fd49169d63" executionId="875781f2-9c31-423e-9581-ec995243db78" testListId="8c84fa94-04c1-424b-9868-57a2d4851a1d" />
    <TestEntry testId="e76d6979-2b4b-a571-92f9-6bd376683541" executionId="6820c04f-08f6-42ec-9721-2237d7eaf0f9" testListId="8c84fa94-04c1-424b-9868-57a2d4851a1d" />
    <TestEntry testId="52f18368-d0ea-9563-4df2-891806f558bd" executionId="a40e3194-1f4a-44a3-8f7f-d90a44f13768" testListId="8c84fa94-04c1-424b-9868-57a2d4851a1d" />
    <TestEntry testId="fdfe05ce-a614-e4ad-0310-3bdd40584843" executionId="3b1d39fd-2ab1-4b62-8751-1435baf8426d" testListId="8c84fa94-04c1-424b-9868-57a2d4851a1d" />
    <TestEntry testId="6d5adc46-ea3b-a646-6c1a-64f0f71ee543" executionId="ee7fb373-14d8-4376-b799-8ef28df44057" testListId="8c84fa94-04c1-424b-9868-57a2d4851a1d" />
    <TestEntry testId="c340dee9-e639-176f-a8ff-fb36e6df7360" executionId="a009bad9-a7cd-42fd-a161-19473677e616" testListId="8c84fa94-04c1-424b-9868-57a2d4851a1d" />
    <TestEntry testId="8f7ba917-f771-0dc5-f9b9-465c34344b12" executionId="e005628d-9d7f-4c13-b4e0-0f18a3ba46ba" testListId="8c84fa94-04c1-424b-9868-57a2d4851a1d" />
    <TestEntry testId="35143ccd-658e-a267-2561-4cd14c0d753d" executionId="ee3135a0-7e6a-4945-b091-47013e43bab7" testListId="8c84fa94-04c1-424b-9868-57a2d4851a1d" />
    <TestEntry testId="9bbefb83-8311-6e03-307f-415e3495e223" executionId="5a4a0b75-4f13-4628-a732-cb3225d8921a" testListId="8c84fa94-04c1-424b-9868-57a2d4851a1d" />
    <TestEntry testId="48e13b05-acd9-b909-18ab-caaafa2ac955" executionId="8d507e3c-1695-4244-80fe-fdb628faa60b" testListId="8c84fa94-04c1-424b-9868-57a2d4851a1d" />
    <TestEntry testId="8a3854a0-04fb-4f0a-0058-90fed7c5a49b" executionId="8c6917a3-d8a1-4f3c-9b19-0229dcfb33dd" testListId="8c84fa94-04c1-424b-9868-57a2d4851a1d" />
    <TestEntry testId="ef817a91-2730-b493-c17f-f39f02e564ca" executionId="a6dea6f2-c5bd-4e85-b84a-44777fc1d27f" testListId="8c84fa94-04c1-424b-9868-57a2d4851a1d" />
    <TestEntry testId="f68e2455-58f4-d563-869e-2fe735365bf1" executionId="2872e276-c275-4186-b011-8f5ac3ce53db" testListId="8c84fa94-04c1-424b-9868-57a2d4851a1d" />
    <TestEntry testId="e0675a28-85e2-489d-3407-f09fcb83ecd5" executionId="d8cc23e3-84a5-4290-a9ca-0247617180d5" testListId="8c84fa94-04c1-424b-9868-57a2d4851a1d" />
    <TestEntry testId="09d180e2-c2f9-8c1e-0d66-6f4584ab8c8a" executionId="f59abf52-7869-4bf4-a670-724b2ac1f417" testListId="8c84fa94-04c1-424b-9868-57a2d4851a1d" />
    <TestEntry testId="4d82b367-1512-83c0-4fae-e909fcaea06c" executionId="1943c4d1-113f-4e83-979d-f4c59db4755b" testListId="8c84fa94-04c1-424b-9868-57a2d4851a1d" />
    <TestEntry testId="936b6eec-2acc-c211-cb39-92b075b3d2fd" executionId="59a8b26d-265c-47f9-9fa4-b0f1882cb892" testListId="8c84fa94-04c1-424b-9868-57a2d4851a1d" />
    <TestEntry testId="ec229f70-485a-f91b-53ed-bce655f6cd58" executionId="50e749d0-7ecf-47ad-b830-a710ac4e2256" testListId="8c84fa94-04c1-424b-9868-57a2d4851a1d" />
    <TestEntry testId="282d44e6-3ec1-0009-dd68-bb640f3bd5b0" executionId="ce2fc17d-a6fd-4ebf-a23f-8e7d61aa6bba" testListId="8c84fa94-04c1-424b-9868-57a2d4851a1d" />
    <TestEntry testId="e75bb6e2-88d9-af2a-a444-c4a9d67f0f0e" executionId="2cb3d8df-a870-4521-bbb4-abd4ca661123" testListId="8c84fa94-04c1-424b-9868-57a2d4851a1d" />
  </TestEntries>
  <TestLists>
    <TestList name="Results Not in a List" id="8c84fa94-04c1-424b-9868-57a2d4851a1d" />
    <TestList name="All Loaded Results" id="19431567-8539-422a-85d7-44ee4e166bda" />
  </TestLists>
  <ResultSummary outcome="Completed">
    <Counters total="39" executed="39" passed="39" failed="0" error="0" timeout="0" aborted="0" inconclusive="0" passedButRunAborted="0" notRunnable="0" notExecuted="0" disconnected="0" warning="0" completed="0" inProgress="0" pending="0" />
    <Output>
      <StdOut>[xUnit.net 00:00:00.00] xUnit.net VSTest Adapter v2.4.5+1caef2f33e (64-bit .NET 6.0.10)
[xUnit.net 00:00:01.04]   Discovering: AccessToDB.Tests
[xUnit.net 00:00:01.18]   Discovered:  AccessToDB.Tests
[xUnit.net 00:00:01.18]   Starting:    AccessToDB.Tests
[xUnit.net 00:00:17.24]   Finished:    AccessToDB.Tests
</StdOut>
    </Output>
  </ResultSummary>
</TestRun>