<?xml version="1.0" encoding="utf-8"?>
<TestRun id="06bddd10-3130-4f0e-9703-16c88974d273" name="@DESKTOP-TJ9D65N 2022-11-03 20:43:11" xmlns="http://microsoft.com/schemas/VisualStudio/TeamTest/2010">
  <Times creation="2022-11-03T20:43:11.8095979+03:00" queuing="2022-11-03T20:43:11.8095979+03:00" start="2022-11-03T20:43:07.9226316+03:00" finish="2022-11-03T20:43:26.0806619+03:00" />
  <TestSettings name="default" id="32e5daed-a2c5-4fd3-85c9-1594172696ee">
    <Deployment runDeploymentRoot="_DESKTOP-TJ9D65N_2022-11-03_20_43_11" />
  </TestSettings>
  <Results>
    <UnitTestResult executionId="4e2b4dcd-6aeb-4122-beb2-15f8313c4237" testId="906a024b-29d0-afeb-8629-63a75dcf5e05" testName="AccessToDB.Tests.LiftsSlopesRepositoryTests.TestDeleteLiftSlopesByIDsAsyncOk(liftSlope: LiftSlope { RecordID = 13, LiftID = 89, SlopeID = 34 })" computerName="DESKTOP-TJ9D65N" duration="00:00:00.3945903" startTime="2022-11-03T20:43:24.7772015+03:00" endTime="2022-11-03T20:43:24.7772016+03:00" testType="13cdc9d9-ddb5-4fa4-a97d-d965ccfc6d4b" outcome="Passed" testListId="8c84fa94-04c1-424b-9868-57a2d4851a1d" relativeResultsDirectory="4e2b4dcd-6aeb-4122-beb2-15f8313c4237" />
    <UnitTestResult executionId="b73ab2d2-94b6-4ec9-8c17-733db36f0dce" testId="86187f6e-1e5e-7724-2a08-88b5119a4996" testName="AccessToDB.Tests.LiftsRepositoryTests.TestUpdateLiftByIDAsyncOk(lift: Lift { LiftID = 204, LiftName = liftName90c900e6-d4d5-4f99-8fcf-f01ad66b409e, IsOpen = True, SeatsAmount = 30, LiftingTime = 108, QueueTime = 63, ConnectedSlopes =  })" computerName="DESKTOP-TJ9D65N" duration="00:00:00.3980898" startTime="2022-11-03T20:43:12.6211147+03:00" endTime="2022-11-03T20:43:12.6211150+03:00" testType="13cdc9d9-ddb5-4fa4-a97d-d965ccfc6d4b" outcome="Passed" testListId="8c84fa94-04c1-424b-9868-57a2d4851a1d" relativeResultsDirectory="b73ab2d2-94b6-4ec9-8c17-733db36f0dce" />
    <UnitTestResult executionId="f8711f94-a5a4-43d0-854b-fee24835c25d" testId="9c2a6028-5c78-3929-8644-38e110541158" testName="AccessToDB.Tests.UsersRepositoryTests.TestAddUserAsyncFailsWhenUserIdRepeats(user: User { UserID = 174, CardID = 169, UserEmail = UserEmail2c7b1fb8-d4ac-4b9e-b20e-2fb2a5ba5fc6, Password = password95416397-0683-4f59-8908-085165404726, Permissions = UNAUTHORIZED })" computerName="DESKTOP-TJ9D65N" duration="00:00:00.3914638" startTime="2022-11-03T20:43:15.7967106+03:00" endTime="2022-11-03T20:43:15.7967107+03:00" testType="13cdc9d9-ddb5-4fa4-a97d-d965ccfc6d4b" outcome="Passed" testListId="8c84fa94-04c1-424b-9868-57a2d4851a1d" relativeResultsDirectory="f8711f94-a5a4-43d0-854b-fee24835c25d" />
    <UnitTestResult executionId="3dd54c82-5268-488a-8aca-68f48822dc11" testId="9bbefb83-8311-6e03-307f-415e3495e223" testName="AccessToDB.Tests.SlopesRepositoryTests.TestGetSlopesAsyncEmpty" computerName="DESKTOP-TJ9D65N" duration="00:00:00.3637422" startTime="2022-11-03T20:43:21.5042495+03:00" endTime="2022-11-03T20:43:21.5042497+03:00" testType="13cdc9d9-ddb5-4fa4-a97d-d965ccfc6d4b" outcome="Passed" testListId="8c84fa94-04c1-424b-9868-57a2d4851a1d" relativeResultsDirectory="3dd54c82-5268-488a-8aca-68f48822dc11" />
    <UnitTestResult executionId="f4cd4a92-49de-4b42-8d11-75fec49647af" testId="3330a4fe-cad5-70ce-662d-df37eae28069" testName="AccessToDB.Tests.LiftsRepositoryTests.TestGetLiftByIdAsyncOk(lift: Lift { LiftID = 229, LiftName = liftNameca78ee7f-ce8a-42c7-a00e-caaad0e751f7, IsOpen = True, SeatsAmount = 112, LiftingTime = 245, QueueTime = 187, ConnectedSlopes =  })" computerName="DESKTOP-TJ9D65N" duration="00:00:00.3847547" startTime="2022-11-03T20:43:13.0279213+03:00" endTime="2022-11-03T20:43:13.0279214+03:00" testType="13cdc9d9-ddb5-4fa4-a97d-d965ccfc6d4b" outcome="Passed" testListId="8c84fa94-04c1-424b-9868-57a2d4851a1d" relativeResultsDirectory="f4cd4a92-49de-4b42-8d11-75fec49647af" />
    <UnitTestResult executionId="0abe34c4-f849-4c7c-9138-b523c4e42951" testId="30f8e924-9784-0a43-e807-094f70e06567" testName="AccessToDB.Tests.LiftsSlopesRepositoryTests.TestAddLiftSlopeAutoIncrementAsyncOk" computerName="DESKTOP-TJ9D65N" duration="00:00:00.3910227" startTime="2022-11-03T20:43:25.1822917+03:00" endTime="2022-11-03T20:43:25.1822918+03:00" testType="13cdc9d9-ddb5-4fa4-a97d-d965ccfc6d4b" outcome="Passed" testListId="8c84fa94-04c1-424b-9868-57a2d4851a1d" relativeResultsDirectory="0abe34c4-f849-4c7c-9138-b523c4e42951" />
    <UnitTestResult executionId="301ace4e-6827-471d-9831-1ef4083a9da6" testId="ec229f70-485a-f91b-53ed-bce655f6cd58" testName="AccessToDB.Tests.LiftsRepositoryTests.TestAddLiftAutoIncrementAsyncOk" computerName="DESKTOP-TJ9D65N" duration="00:00:00.3904370" startTime="2022-11-03T20:43:11.0556854+03:00" endTime="2022-11-03T20:43:11.0556855+03:00" testType="13cdc9d9-ddb5-4fa4-a97d-d965ccfc6d4b" outcome="Passed" testListId="8c84fa94-04c1-424b-9868-57a2d4851a1d" relativeResultsDirectory="301ace4e-6827-471d-9831-1ef4083a9da6" />
    <UnitTestResult executionId="63038625-a60f-475d-ab95-cf9b0643ddc2" testId="6a8fff27-27b3-4b44-5e77-522fb0ee5751" testName="AccessToDB.Tests.UsersRepositoryTests.TestGetUserByIdAsyncOk(user: User { UserID = 241, CardID = 62, UserEmail = UserEmail6877b36f-0d7e-469f-a414-61d08960d93b, Password = passwordf7337780-6cf1-4de4-8bd3-3a86c0215198, Permissions = UNAUTHORIZED })" computerName="DESKTOP-TJ9D65N" duration="00:00:00.3810567" startTime="2022-11-03T20:43:16.1924185+03:00" endTime="2022-11-03T20:43:16.1924189+03:00" testType="13cdc9d9-ddb5-4fa4-a97d-d965ccfc6d4b" outcome="Passed" testListId="8c84fa94-04c1-424b-9868-57a2d4851a1d" relativeResultsDirectory="63038625-a60f-475d-ab95-cf9b0643ddc2" />
    <UnitTestResult executionId="8543c1ce-a021-4edd-8f7c-b4a1195e6bb8" testId="c9894e7e-8cb8-cca3-74b9-b3d8833029f9" testName="AccessToDB.Tests.LiftsSlopesRepositoryTests.TestGetSlopesByLiftIdAsyncFailsWhenSlopeNotExists(liftSlope: LiftSlope { RecordID = 173, LiftID = 91, SlopeID = 243 })" computerName="DESKTOP-TJ9D65N" duration="00:00:00.3848399" startTime="2022-11-03T20:43:25.9616565+03:00" endTime="2022-11-03T20:43:25.9616566+03:00" testType="13cdc9d9-ddb5-4fa4-a97d-d965ccfc6d4b" outcome="Passed" testListId="8c84fa94-04c1-424b-9868-57a2d4851a1d" relativeResultsDirectory="8543c1ce-a021-4edd-8f7c-b4a1195e6bb8" />
    <UnitTestResult executionId="9f7e9957-0a0d-419a-a6e8-862595adb3a9" testId="08597f31-98f7-5a86-a3f9-67efea2aa707" testName="AccessToDB.Tests.TurnstilesRepositoryTests.TestGetTurnstileByIdAsyncOk(turnstile: Turnstile { TurnstileID = 72, LiftID = 140, IsOpen = True })" computerName="DESKTOP-TJ9D65N" duration="00:00:00.3835538" startTime="2022-11-03T20:43:17.5236598+03:00" endTime="2022-11-03T20:43:17.5236599+03:00" testType="13cdc9d9-ddb5-4fa4-a97d-d965ccfc6d4b" outcome="Passed" testListId="8c84fa94-04c1-424b-9868-57a2d4851a1d" relativeResultsDirectory="9f7e9957-0a0d-419a-a6e8-862595adb3a9" />
    <UnitTestResult executionId="0ed07fd0-ac7e-4e90-854c-913e24a58abc" testId="279fc40f-465b-26cc-e1e5-357b2e51fd85" testName="AccessToDB.Tests.TurnstilesRepositoryTests.TestAddTurnstileAsyncFailsWhenTurnstileIdRepeats(turnstile: Turnstile { TurnstileID = 211, LiftID = 239, IsOpen = True })" computerName="DESKTOP-TJ9D65N" duration="00:00:00.3934268" startTime="2022-11-03T20:43:17.9333837+03:00" endTime="2022-11-03T20:43:17.9333839+03:00" testType="13cdc9d9-ddb5-4fa4-a97d-d965ccfc6d4b" outcome="Passed" testListId="8c84fa94-04c1-424b-9868-57a2d4851a1d" relativeResultsDirectory="0ed07fd0-ac7e-4e90-854c-913e24a58abc" />
    <UnitTestResult executionId="d648f335-0155-41f8-8f8a-4c7c7d2ba1bf" testId="95d6a84b-7f50-4828-0a70-1b4f3f37bf59" testName="AccessToDB.Tests.UsersRepositoryTests.TestGetUserByEmailAsyncFailsWhenEmailNotExists(email: &quot;emailde9b4b84-dcb8-4207-ae8f-25ab1f7769f0&quot;)" computerName="DESKTOP-TJ9D65N" duration="00:00:00.3611159" startTime="2022-11-03T20:43:14.5629111+03:00" endTime="2022-11-03T20:43:14.5629112+03:00" testType="13cdc9d9-ddb5-4fa4-a97d-d965ccfc6d4b" outcome="Passed" testListId="8c84fa94-04c1-424b-9868-57a2d4851a1d" relativeResultsDirectory="d648f335-0155-41f8-8f8a-4c7c7d2ba1bf" />
    <UnitTestResult executionId="b8ac524c-5f35-4c79-8312-a887d509c1d9" testId="433ecc26-0222-9050-f5da-c28346636b9c" testName="AccessToDB.Tests.LiftsSlopesRepositoryTests.TestAddLiftSlopeAsyncFailsWhenLiftSlopeIdRepeats(liftSlope: LiftSlope { RecordID = 107, LiftID = 196, SlopeID = 26 })" computerName="DESKTOP-TJ9D65N" duration="00:00:00.3929869" startTime="2022-11-03T20:43:23.5130797+03:00" endTime="2022-11-03T20:43:23.5130798+03:00" testType="13cdc9d9-ddb5-4fa4-a97d-d965ccfc6d4b" outcome="Passed" testListId="8c84fa94-04c1-424b-9868-57a2d4851a1d" relativeResultsDirectory="b8ac524c-5f35-4c79-8312-a887d509c1d9" />
    <UnitTestResult executionId="44ae082e-f148-4d2f-8727-bd5728894050" testId="ca8e230b-c82c-a5bb-8f8a-286353d5f8ee" testName="AccessToDB.Tests.LiftsSlopesRepositoryTests.TestUpdateLiftSlopeByIDAsyncOk(liftSlope: LiftSlope { RecordID = 46, LiftID = 104, SlopeID = 235 })" computerName="DESKTOP-TJ9D65N" duration="00:00:00.3953791" startTime="2022-11-03T20:43:24.3594190+03:00" endTime="2022-11-03T20:43:24.3594192+03:00" testType="13cdc9d9-ddb5-4fa4-a97d-d965ccfc6d4b" outcome="Passed" testListId="8c84fa94-04c1-424b-9868-57a2d4851a1d" relativeResultsDirectory="44ae082e-f148-4d2f-8727-bd5728894050" />
    <UnitTestResult executionId="9daf5a61-1a96-42b6-81ee-aeb45bd8d654" testId="f9435956-2e34-e52b-c34e-dce53665cf8e" testName="AccessToDB.Tests.TurnstilesRepositoryTests.TestAddTurnstileAutoIncrementAsyncOk" computerName="DESKTOP-TJ9D65N" duration="00:00:00.3939014" startTime="2022-11-03T20:43:19.5427869+03:00" endTime="2022-11-03T20:43:19.5427870+03:00" testType="13cdc9d9-ddb5-4fa4-a97d-d965ccfc6d4b" outcome="Passed" testListId="8c84fa94-04c1-424b-9868-57a2d4851a1d" relativeResultsDirectory="9daf5a61-1a96-42b6-81ee-aeb45bd8d654" />
    <UnitTestResult executionId="1b61ea2b-840a-4914-8d76-e77f7383f249" testId="c7a549e5-61bb-a25f-0633-bc9526414662" testName="AccessToDB.Tests.SlopesRepositoryTests.TestGetSlopeByIdAsyncOk(slope: Slope { SlopeID = 188, SlopeName = slopeNamed3362225-67ff-449e-9925-3a8b12b69bdd, IsOpen = True, DifficultyLevel = 203, ConnectedLifts =  })" computerName="DESKTOP-TJ9D65N" duration="00:00:00.3817303" startTime="2022-11-03T20:43:20.3124349+03:00" endTime="2022-11-03T20:43:20.3124351+03:00" testType="13cdc9d9-ddb5-4fa4-a97d-d965ccfc6d4b" outcome="Passed" testListId="8c84fa94-04c1-424b-9868-57a2d4851a1d" relativeResultsDirectory="1b61ea2b-840a-4914-8d76-e77f7383f249" />
    <UnitTestResult executionId="d0f224b1-f6d4-4964-ba90-de420d3a60dc" testId="af96d568-0e64-8aee-42b1-cd15f088a604" testName="AccessToDB.Tests.SlopesRepositoryTests.TestAddSlopeAsyncFailsWhenSlopeIdRepeats(slope: Slope { SlopeID = 248, SlopeName = slopeNamec7a058ac-6e71-48b4-a5c2-e4b8f903588a, IsOpen = True, DifficultyLevel = 202, ConnectedLifts =  })" computerName="DESKTOP-TJ9D65N" duration="00:00:00.3917990" startTime="2022-11-03T20:43:21.1252291+03:00" endTime="2022-11-03T20:43:21.1252292+03:00" testType="13cdc9d9-ddb5-4fa4-a97d-d965ccfc6d4b" outcome="Passed" testListId="8c84fa94-04c1-424b-9868-57a2d4851a1d" relativeResultsDirectory="d0f224b1-f6d4-4964-ba90-de420d3a60dc" />
    <UnitTestResult executionId="282a192f-3ef9-4394-9226-7995a4949e2d" testId="8f7ba917-f771-0dc5-f9b9-465c34344b12" testName="AccessToDB.Tests.SlopesRepositoryTests.TestAddSlopeAutoIncrementAsyncOk" computerName="DESKTOP-TJ9D65N" duration="00:00:00.3914940" startTime="2022-11-03T20:43:20.7179627+03:00" endTime="2022-11-03T20:43:20.7179628+03:00" testType="13cdc9d9-ddb5-4fa4-a97d-d965ccfc6d4b" outcome="Passed" testListId="8c84fa94-04c1-424b-9868-57a2d4851a1d" relativeResultsDirectory="282a192f-3ef9-4394-9226-7995a4949e2d" />
    <UnitTestResult executionId="ff48c1b8-962b-4e3a-a32c-e5a0c122a470" testId="607e8298-f113-be33-300e-15a343893443" testName="AccessToDB.Tests.LiftsRepositoryTests.TestGetLiftsAsyncEmpty" computerName="DESKTOP-TJ9D65N" duration="00:00:00.3611450" startTime="2022-11-03T20:43:12.2083117+03:00" endTime="2022-11-03T20:43:12.2083119+03:00" testType="13cdc9d9-ddb5-4fa4-a97d-d965ccfc6d4b" outcome="Passed" testListId="8c84fa94-04c1-424b-9868-57a2d4851a1d" relativeResultsDirectory="ff48c1b8-962b-4e3a-a32c-e5a0c122a470" />
    <UnitTestResult executionId="cc67c407-f735-4b97-88d7-2e77ec78591d" testId="4145f44e-b4b1-a618-09e8-c631496e6f1a" testName="AccessToDB.Tests.LiftsSlopesRepositoryTests.TestGetLiftSlopesAsyncEmpty" computerName="DESKTOP-TJ9D65N" duration="00:00:00.3615646" startTime="2022-11-03T20:43:25.5569900+03:00" endTime="2022-11-03T20:43:25.5569901+03:00" testType="13cdc9d9-ddb5-4fa4-a97d-d965ccfc6d4b" outcome="Passed" testListId="8c84fa94-04c1-424b-9868-57a2d4851a1d" relativeResultsDirectory="cc67c407-f735-4b97-88d7-2e77ec78591d" />
    <UnitTestResult executionId="89a9c994-7cce-4738-a50f-d5a48fc6bc62" testId="2d910bc5-91ef-a246-406d-612720c4597a" testName="AccessToDB.Tests.SlopesRepositoryTests.TestDeleteSlopeByIDAsyncFailsWhenIDNotExists(slopeID: 106)" computerName="DESKTOP-TJ9D65N" duration="00:00:00.3602588" startTime="2022-11-03T20:43:19.9165967+03:00" endTime="2022-11-03T20:43:19.9165968+03:00" testType="13cdc9d9-ddb5-4fa4-a97d-d965ccfc6d4b" outcome="Passed" testListId="8c84fa94-04c1-424b-9868-57a2d4851a1d" relativeResultsDirectory="89a9c994-7cce-4738-a50f-d5a48fc6bc62" />
    <UnitTestResult executionId="df9d0641-fe5c-4a3d-9640-f447dab9f361" testId="3741b26d-6ee0-6246-29e4-92009bff37b0" testName="AccessToDB.Tests.UsersRepositoryTests.TestGetUsersAsyncEmpty" computerName="DESKTOP-TJ9D65N" duration="00:00:00.3729988" startTime="2022-11-03T20:43:13.4238635+03:00" endTime="2022-11-03T20:43:13.4238636+03:00" testType="13cdc9d9-ddb5-4fa4-a97d-d965ccfc6d4b" outcome="Passed" testListId="8c84fa94-04c1-424b-9868-57a2d4851a1d" relativeResultsDirectory="df9d0641-fe5c-4a3d-9640-f447dab9f361" />
    <UnitTestResult executionId="14a1c002-c2b5-4b9e-a6bd-50ffcfe2c018" testId="583619ab-0d95-a2f8-6874-5890b84cbfb1" testName="AccessToDB.Tests.SlopesRepositoryTests.TestUpdateSlopeByIDAsyncOk(slope: Slope { SlopeID = 61, SlopeName = slopeName35a7f0b7-570f-4164-b84c-03e4cd0b36d7, IsOpen = True, DifficultyLevel = 227, ConnectedLifts =  })" computerName="DESKTOP-TJ9D65N" duration="00:00:00.3956078" startTime="2022-11-03T20:43:21.9320539+03:00" endTime="2022-11-03T20:43:21.9320542+03:00" testType="13cdc9d9-ddb5-4fa4-a97d-d965ccfc6d4b" outcome="Passed" testListId="8c84fa94-04c1-424b-9868-57a2d4851a1d" relativeResultsDirectory="14a1c002-c2b5-4b9e-a6bd-50ffcfe2c018" />
    <UnitTestResult executionId="7af182fe-35d0-4168-83f2-861f1f15cefd" testId="383d067d-78a2-1ab4-184d-90799b5dfe90" testName="AccessToDB.Tests.LiftsRepositoryTests.TestDeleteLiftByIDAsyncFailsWhenIDNotExists(liftID: 207)" computerName="DESKTOP-TJ9D65N" duration="00:00:00.4497876" startTime="2022-11-03T20:43:10.6218829+03:00" endTime="2022-11-03T20:43:10.6219133+03:00" testType="13cdc9d9-ddb5-4fa4-a97d-d965ccfc6d4b" outcome="Passed" testListId="8c84fa94-04c1-424b-9868-57a2d4851a1d" relativeResultsDirectory="7af182fe-35d0-4168-83f2-861f1f15cefd" />
    <UnitTestResult executionId="213644ba-db96-422d-a538-a04ffb07c952" testId="6ad1ed30-e25b-0517-3a07-f25904d672b0" testName="AccessToDB.Tests.LiftsSlopesRepositoryTests.TestGetLiftSlopeByIdAsyncOk(liftSlope: LiftSlope { RecordID = 59, LiftID = 188, SlopeID = 134 })" computerName="DESKTOP-TJ9D65N" duration="00:00:00.3805889" startTime="2022-11-03T20:43:23.1029581+03:00" endTime="2022-11-03T20:43:23.1029582+03:00" testType="13cdc9d9-ddb5-4fa4-a97d-d965ccfc6d4b" outcome="Passed" testListId="8c84fa94-04c1-424b-9868-57a2d4851a1d" relativeResultsDirectory="213644ba-db96-422d-a538-a04ffb07c952" />
    <UnitTestResult executionId="445d6e35-8d52-450b-8794-a90b40742924" testId="a036c02e-4ff3-be21-6f82-376999ca46cc" testName="AccessToDB.Tests.TurnstilesRepositoryTests.TestGetTurnstilesByLiftIdAsyncOk(liftID: 15)" computerName="DESKTOP-TJ9D65N" duration="00:00:00.4943565" startTime="2022-11-03T20:43:17.1252259+03:00" endTime="2022-11-03T20:43:17.1252261+03:00" testType="13cdc9d9-ddb5-4fa4-a97d-d965ccfc6d4b" outcome="Passed" testListId="8c84fa94-04c1-424b-9868-57a2d4851a1d" relativeResultsDirectory="445d6e35-8d52-450b-8794-a90b40742924" />
    <UnitTestResult executionId="22cb84bf-382c-4930-a566-6462943a075e" testId="bd38ad27-c812-6157-f247-ba08e5fbd54f" testName="AccessToDB.Tests.LiftsRepositoryTests.TestGetLiftByNameAsyncFailsWhenNameNotExists(liftName: &quot;liftName63c67182-e0ad-4529-9b45-d6de597c0051&quot;)" computerName="DESKTOP-TJ9D65N" duration="00:00:00.3606932" startTime="2022-11-03T20:43:11.8325911+03:00" endTime="2022-11-03T20:43:11.8325912+03:00" testType="13cdc9d9-ddb5-4fa4-a97d-d965ccfc6d4b" outcome="Passed" testListId="8c84fa94-04c1-424b-9868-57a2d4851a1d" relativeResultsDirectory="22cb84bf-382c-4930-a566-6462943a075e" />
    <UnitTestResult executionId="d65c6270-b36a-4111-89c9-44d3862e79ae" testId="823b0be7-4d6f-c47b-8eaa-b2cd6afc9af6" testName="AccessToDB.Tests.UsersRepositoryTests.TestUpdateUserByIDAsyncOk(user: User { UserID = 153, CardID = 195, UserEmail = UserEmail4189e4c4-9f64-4236-bb52-09ee8dc643bc, Password = password484a445e-7e76-4e51-b341-82ef0b098577, Permissions = UNAUTHORIZED })" computerName="DESKTOP-TJ9D65N" duration="00:00:00.3933889" startTime="2022-11-03T20:43:15.3901815+03:00" endTime="2022-11-03T20:43:15.3901816+03:00" testType="13cdc9d9-ddb5-4fa4-a97d-d965ccfc6d4b" outcome="Passed" testListId="8c84fa94-04c1-424b-9868-57a2d4851a1d" relativeResultsDirectory="d65c6270-b36a-4111-89c9-44d3862e79ae" />
    <UnitTestResult executionId="fda48330-dcc8-4873-85de-36af565bb8d3" testId="a6beb36a-549f-2b59-f656-743e5d2de372" testName="AccessToDB.Tests.TurnstilesRepositoryTests.TestUpdateTurnstileByIDAsyncOk(turnstile: Turnstile { TurnstileID = 128, LiftID = 94, IsOpen = True })" computerName="DESKTOP-TJ9D65N" duration="00:00:00.4044131" startTime="2022-11-03T20:43:18.3635657+03:00" endTime="2022-11-03T20:43:18.3635659+03:00" testType="13cdc9d9-ddb5-4fa4-a97d-d965ccfc6d4b" outcome="Passed" testListId="8c84fa94-04c1-424b-9868-57a2d4851a1d" relativeResultsDirectory="fda48330-dcc8-4873-85de-36af565bb8d3" />
    <UnitTestResult executionId="f843f1ad-a320-46ce-a68d-dee2203f77aa" testId="18b47152-933e-8fce-6131-7ecdd076b115" testName="AccessToDB.Tests.LiftsSlopesRepositoryTests.TestGetLiftsBySlopeIdAsyncOk(slope1: Slope { SlopeID = 202, SlopeName = slopeNamee63e2db3-1359-47eb-ab24-182f92934f27, IsOpen = True, DifficultyLevel = 27, ConnectedLifts =  }, slope2: Slope { SlopeID = 151, SlopeName = slopeName042c0c3f-352e-4e71-994d-5bd1150ca8fd, IsOpen = False, DifficultyLevel = 200, ConnectedLifts =  }, lift1: Lift { LiftID = 80, LiftName = liftName08022b28-12ac-4a1b-9efe-2da1ed0ed3aa, IsOpen = True, SeatsAmount = 187, LiftingTime = 77, QueueTime = 50, ConnectedSlopes =  }, lift2: Lift { LiftID = 20, LiftName = liftNamec949dbfd-aad9-451c-a203-d89955043af3, IsOpen = False, SeatsAmount = 191, LiftingTime = 72, QueueTime = 195, ConnectedSlopes =  })" computerName="DESKTOP-TJ9D65N" duration="00:00:00.4213507" startTime="2022-11-03T20:43:23.9485535+03:00" endTime="2022-11-03T20:43:23.9485536+03:00" testType="13cdc9d9-ddb5-4fa4-a97d-d965ccfc6d4b" outcome="Passed" testListId="8c84fa94-04c1-424b-9868-57a2d4851a1d" relativeResultsDirectory="f843f1ad-a320-46ce-a68d-dee2203f77aa" />
    <UnitTestResult executionId="4c89333d-4f12-48bb-be49-0496f90b701a" testId="e75bb6e2-88d9-af2a-a444-c4a9d67f0f0e" testName="AccessToDB.Tests.UsersRepositoryTests.TestAddUserAutoIncrementAsyncOk" computerName="DESKTOP-TJ9D65N" duration="00:00:00.4019538" startTime="2022-11-03T20:43:16.6091348+03:00" endTime="2022-11-03T20:43:16.6091349+03:00" testType="13cdc9d9-ddb5-4fa4-a97d-d965ccfc6d4b" outcome="Passed" testListId="8c84fa94-04c1-424b-9868-57a2d4851a1d" relativeResultsDirectory="4c89333d-4f12-48bb-be49-0496f90b701a" />
    <UnitTestResult executionId="d962dd38-d43b-40c2-9ebd-303fd4a23b66" testId="859f0d9c-385b-754a-9f5c-271199f49e64" testName="AccessToDB.Tests.LiftsRepositoryTests.TestAddLiftAsyncFailsWhenLiftIdRepeats(lift: Lift { LiftID = 110, LiftName = liftNamecb74885a-37e9-48e2-93e8-1272faddf00d, IsOpen = True, SeatsAmount = 179, LiftingTime = 40, QueueTime = 3, ConnectedSlopes =  })" computerName="DESKTOP-TJ9D65N" duration="00:00:00.3899607" startTime="2022-11-03T20:43:11.4606537+03:00" endTime="2022-11-03T20:43:11.4606537+03:00" testType="13cdc9d9-ddb5-4fa4-a97d-d965ccfc6d4b" outcome="Passed" testListId="8c84fa94-04c1-424b-9868-57a2d4851a1d" relativeResultsDirectory="d962dd38-d43b-40c2-9ebd-303fd4a23b66" />
    <UnitTestResult executionId="b0b52926-5e3d-48be-8857-41a045746118" testId="bfee9d58-e478-b764-3ed1-16b11abcb262" testName="AccessToDB.Tests.UsersRepositoryTests.TestCheckUserEmailExistsAsyncFalse(userEmail: &quot;userEmailb0f27904-a46d-4ae4-bf45-6aff1663c0fc&quot;)" computerName="DESKTOP-TJ9D65N" duration="00:00:00.3606453" startTime="2022-11-03T20:43:14.1866645+03:00" endTime="2022-11-03T20:43:14.1866646+03:00" testType="13cdc9d9-ddb5-4fa4-a97d-d965ccfc6d4b" outcome="Passed" testListId="8c84fa94-04c1-424b-9868-57a2d4851a1d" relativeResultsDirectory="b0b52926-5e3d-48be-8857-41a045746118" />
    <UnitTestResult executionId="b3bf69e6-63ad-47d4-883e-6bd20f68e16d" testId="9cd617c2-311c-a0d5-3d6d-0accbf769d88" testName="AccessToDB.Tests.SlopesRepositoryTests.TestGetSlopeByNameAsyncFailsWhenNameNotExists(slopeName: &quot;slopeNamed49b45ed-9a34-4590-a3a0-10c4ece2ecee&quot;)" computerName="DESKTOP-TJ9D65N" duration="00:00:00.3646904" startTime="2022-11-03T20:43:22.3222398+03:00" endTime="2022-11-03T20:43:22.3222400+03:00" testType="13cdc9d9-ddb5-4fa4-a97d-d965ccfc6d4b" outcome="Passed" testListId="8c84fa94-04c1-424b-9868-57a2d4851a1d" relativeResultsDirectory="b3bf69e6-63ad-47d4-883e-6bd20f68e16d" />
    <UnitTestResult executionId="c1e67d02-f7f3-41fb-be71-571ae053067b" testId="3c521313-4ed6-6bce-b4f9-c359411028e7" testName="AccessToDB.Tests.TurnstilesRepositoryTests.TestGetTurnstilesAsyncEmpty" computerName="DESKTOP-TJ9D65N" duration="00:00:00.3659062" startTime="2022-11-03T20:43:18.7529736+03:00" endTime="2022-11-03T20:43:18.7529738+03:00" testType="13cdc9d9-ddb5-4fa4-a97d-d965ccfc6d4b" outcome="Passed" testListId="8c84fa94-04c1-424b-9868-57a2d4851a1d" relativeResultsDirectory="c1e67d02-f7f3-41fb-be71-571ae053067b" />
    <UnitTestResult executionId="09b5ee67-4946-4f1f-83f4-703039d43e8f" testId="d6accbaa-4305-16eb-b344-7655883d4df0" testName="AccessToDB.Tests.UsersRepositoryTests.TestCheckUserIdExistsAsyncTrue(user: User { UserID = 16, CardID = 138, UserEmail = UserEmaild73d110a-85a9-4b0b-affb-a7c2dbc316ee, Password = passwordad5da377-66aa-4f18-b655-ba17d459af68, Permissions = UNAUTHORIZED })" computerName="DESKTOP-TJ9D65N" duration="00:00:00.3816042" startTime="2022-11-03T20:43:14.9703032+03:00" endTime="2022-11-03T20:43:14.9703034+03:00" testType="13cdc9d9-ddb5-4fa4-a97d-d965ccfc6d4b" outcome="Passed" testListId="8c84fa94-04c1-424b-9868-57a2d4851a1d" relativeResultsDirectory="09b5ee67-4946-4f1f-83f4-703039d43e8f" />
    <UnitTestResult executionId="e41b687e-ff2e-450e-8300-548d26e290c8" testId="4a567b2a-6119-3302-fa58-fe1390e7e240" testName="AccessToDB.Tests.UsersRepositoryTests.TestDeleteUserByIDAsyncFailsWhenIDNotExists(userID: 254)" computerName="DESKTOP-TJ9D65N" duration="00:00:00.3628038" startTime="2022-11-03T20:43:13.8061619+03:00" endTime="2022-11-03T20:43:13.8061620+03:00" testType="13cdc9d9-ddb5-4fa4-a97d-d965ccfc6d4b" outcome="Passed" testListId="8c84fa94-04c1-424b-9868-57a2d4851a1d" relativeResultsDirectory="e41b687e-ff2e-450e-8300-548d26e290c8" />
    <UnitTestResult executionId="9ac3b3d1-d2e0-44f9-9197-e9eaae768291" testId="732d09fc-6a8b-8a16-d2b7-93eac9aa2fac" testName="AccessToDB.Tests.TurnstilesRepositoryTests.TestDeleteTurnstileByIDAsyncFailsWhenIDNotExists(turnstileID: 89)" computerName="DESKTOP-TJ9D65N" duration="00:00:00.3614727" startTime="2022-11-03T20:43:19.1369680+03:00" endTime="2022-11-03T20:43:19.1369681+03:00" testType="13cdc9d9-ddb5-4fa4-a97d-d965ccfc6d4b" outcome="Passed" testListId="8c84fa94-04c1-424b-9868-57a2d4851a1d" relativeResultsDirectory="9ac3b3d1-d2e0-44f9-9197-e9eaae768291" />
    <UnitTestResult executionId="0be00cf8-41f0-438f-8809-dd6b55b0dcaf" testId="0b26847a-532c-2b6f-59d8-edd14ac9b9ff" testName="AccessToDB.Tests.LiftsSlopesRepositoryTests.TestDeleteLiftSlopeByIDAsyncFailsWhenIDNotExists(liftSlopeID: 193)" computerName="DESKTOP-TJ9D65N" duration="00:00:00.3623986" startTime="2022-11-03T20:43:22.7062336+03:00" endTime="2022-11-03T20:43:22.7062347+03:00" testType="13cdc9d9-ddb5-4fa4-a97d-d965ccfc6d4b" outcome="Passed" testListId="8c84fa94-04c1-424b-9868-57a2d4851a1d" relativeResultsDirectory="0be00cf8-41f0-438f-8809-dd6b55b0dcaf" />
  </Results>
  <TestDefinitions>
    <UnitTest name="AccessToDB.Tests.LiftsSlopesRepositoryTests.TestGetLiftsBySlopeIdAsyncOk(slope1: Slope { SlopeID = 202, SlopeName = slopeNamee63e2db3-1359-47eb-ab24-182f92934f27, IsOpen = True, DifficultyLevel = 27, ConnectedLifts =  }, slope2: Slope { SlopeID = 151, SlopeName = slopeName042c0c3f-352e-4e71-994d-5bd1150ca8fd, IsOpen = False, DifficultyLevel = 200, ConnectedLifts =  }, lift1: Lift { LiftID = 80, LiftName = liftName08022b28-12ac-4a1b-9efe-2da..." storage="/mnt/c/users/alena/desktop/7_sem/testing_and_debugging/skiresort/accesstodb.tests/bin/debug/net6.0/accesstodb.tests.dll" id="18b47152-933e-8fce-6131-7ecdd076b115">
      <Execution id="f843f1ad-a320-46ce-a68d-dee2203f77aa" />
      <TestMethod codeBase="/mnt/c/Users/alena/Desktop/7_sem/testing_and_debugging/SkiResort/AccessToDB.Tests/bin/Debug/net6.0/AccessToDB.Tests.dll" adapterTypeName="executor://xunit/VsTestRunner2/netcoreapp" className="AccessToDB.Tests.LiftsSlopesRepositoryTests" name="TestGetLiftsBySlopeIdAsyncOk" />
    </UnitTest>
    <UnitTest name="AccessToDB.Tests.SlopesRepositoryTests.TestAddSlopeAsyncFailsWhenSlopeIdRepeats(slope: Slope { SlopeID = 248, SlopeName = slopeNamec7a058ac-6e71-48b4-a5c2-e4b8f903588a, IsOpen = True, DifficultyLevel = 202, ConnectedLifts =  })" storage="/mnt/c/users/alena/desktop/7_sem/testing_and_debugging/skiresort/accesstodb.tests/bin/debug/net6.0/accesstodb.tests.dll" id="af96d568-0e64-8aee-42b1-cd15f088a604">
      <Execution id="d0f224b1-f6d4-4964-ba90-de420d3a60dc" />
      <TestMethod codeBase="/mnt/c/Users/alena/Desktop/7_sem/testing_and_debugging/SkiResort/AccessToDB.Tests/bin/Debug/net6.0/AccessToDB.Tests.dll" adapterTypeName="executor://xunit/VsTestRunner2/netcoreapp" className="AccessToDB.Tests.SlopesRepositoryTests" name="TestAddSlopeAsyncFailsWhenSlopeIdRepeats" />
    </UnitTest>
    <UnitTest name="AccessToDB.Tests.UsersRepositoryTests.TestAddUserAsyncFailsWhenUserIdRepeats(user: User { UserID = 174, CardID = 169, UserEmail = UserEmail2c7b1fb8-d4ac-4b9e-b20e-2fb2a5ba5fc6, Password = password95416397-0683-4f59-8908-085165404726, Permissions = UNAUTHORIZED })" storage="/mnt/c/users/alena/desktop/7_sem/testing_and_debugging/skiresort/accesstodb.tests/bin/debug/net6.0/accesstodb.tests.dll" id="9c2a6028-5c78-3929-8644-38e110541158">
      <Execution id="f8711f94-a5a4-43d0-854b-fee24835c25d" />
      <TestMethod codeBase="/mnt/c/Users/alena/Desktop/7_sem/testing_and_debugging/SkiResort/AccessToDB.Tests/bin/Debug/net6.0/AccessToDB.Tests.dll" adapterTypeName="executor://xunit/VsTestRunner2/netcoreapp" className="AccessToDB.Tests.UsersRepositoryTests" name="TestAddUserAsyncFailsWhenUserIdRepeats" />
    </UnitTest>
    <UnitTest name="AccessToDB.Tests.UsersRepositoryTests.TestGetUsersAsyncEmpty" storage="/mnt/c/users/alena/desktop/7_sem/testing_and_debugging/skiresort/accesstodb.tests/bin/debug/net6.0/accesstodb.tests.dll" id="3741b26d-6ee0-6246-29e4-92009bff37b0">
      <Execution id="df9d0641-fe5c-4a3d-9640-f447dab9f361" />
      <TestMethod codeBase="/mnt/c/Users/alena/Desktop/7_sem/testing_and_debugging/SkiResort/AccessToDB.Tests/bin/Debug/net6.0/AccessToDB.Tests.dll" adapterTypeName="executor://xunit/VsTestRunner2/netcoreapp" className="AccessToDB.Tests.UsersRepositoryTests" name="TestGetUsersAsyncEmpty" />
    </UnitTest>
    <UnitTest name="AccessToDB.Tests.LiftsSlopesRepositoryTests.TestUpdateLiftSlopeByIDAsyncOk(liftSlope: LiftSlope { RecordID = 46, LiftID = 104, SlopeID = 235 })" storage="/mnt/c/users/alena/desktop/7_sem/testing_and_debugging/skiresort/accesstodb.tests/bin/debug/net6.0/accesstodb.tests.dll" id="ca8e230b-c82c-a5bb-8f8a-286353d5f8ee">
      <Execution id="44ae082e-f148-4d2f-8727-bd5728894050" />
      <TestMethod codeBase="/mnt/c/Users/alena/Desktop/7_sem/testing_and_debugging/SkiResort/AccessToDB.Tests/bin/Debug/net6.0/AccessToDB.Tests.dll" adapterTypeName="executor://xunit/VsTestRunner2/netcoreapp" className="AccessToDB.Tests.LiftsSlopesRepositoryTests" name="TestUpdateLiftSlopeByIDAsyncOk" />
    </UnitTest>
    <UnitTest name="AccessToDB.Tests.LiftsSlopesRepositoryTests.TestDeleteLiftSlopeByIDAsyncFailsWhenIDNotExists(liftSlopeID: 193)" storage="/mnt/c/users/alena/desktop/7_sem/testing_and_debugging/skiresort/accesstodb.tests/bin/debug/net6.0/accesstodb.tests.dll" id="0b26847a-532c-2b6f-59d8-edd14ac9b9ff">
      <Execution id="0be00cf8-41f0-438f-8809-dd6b55b0dcaf" />
      <TestMethod codeBase="/mnt/c/Users/alena/Desktop/7_sem/testing_and_debugging/SkiResort/AccessToDB.Tests/bin/Debug/net6.0/AccessToDB.Tests.dll" adapterTypeName="executor://xunit/VsTestRunner2/netcoreapp" className="AccessToDB.Tests.LiftsSlopesRepositoryTests" name="TestDeleteLiftSlopeByIDAsyncFailsWhenIDNotExists" />
    </UnitTest>
    <UnitTest name="AccessToDB.Tests.TurnstilesRepositoryTests.TestAddTurnstileAutoIncrementAsyncOk" storage="/mnt/c/users/alena/desktop/7_sem/testing_and_debugging/skiresort/accesstodb.tests/bin/debug/net6.0/accesstodb.tests.dll" id="f9435956-2e34-e52b-c34e-dce53665cf8e">
      <Execution id="9daf5a61-1a96-42b6-81ee-aeb45bd8d654" />
      <TestMethod codeBase="/mnt/c/Users/alena/Desktop/7_sem/testing_and_debugging/SkiResort/AccessToDB.Tests/bin/Debug/net6.0/AccessToDB.Tests.dll" adapterTypeName="executor://xunit/VsTestRunner2/netcoreapp" className="AccessToDB.Tests.TurnstilesRepositoryTests" name="TestAddTurnstileAutoIncrementAsyncOk" />
    </UnitTest>
    <UnitTest name="AccessToDB.Tests.UsersRepositoryTests.TestCheckUserIdExistsAsyncTrue(user: User { UserID = 16, CardID = 138, UserEmail = UserEmaild73d110a-85a9-4b0b-affb-a7c2dbc316ee, Password = passwordad5da377-66aa-4f18-b655-ba17d459af68, Permissions = UNAUTHORIZED })" storage="/mnt/c/users/alena/desktop/7_sem/testing_and_debugging/skiresort/accesstodb.tests/bin/debug/net6.0/accesstodb.tests.dll" id="d6accbaa-4305-16eb-b344-7655883d4df0">
      <Execution id="09b5ee67-4946-4f1f-83f4-703039d43e8f" />
      <TestMethod codeBase="/mnt/c/Users/alena/Desktop/7_sem/testing_and_debugging/SkiResort/AccessToDB.Tests/bin/Debug/net6.0/AccessToDB.Tests.dll" adapterTypeName="executor://xunit/VsTestRunner2/netcoreapp" className="AccessToDB.Tests.UsersRepositoryTests" name="TestCheckUserIdExistsAsyncTrue" />
    </UnitTest>
    <UnitTest name="AccessToDB.Tests.LiftsSlopesRepositoryTests.TestAddLiftSlopeAsyncFailsWhenLiftSlopeIdRepeats(liftSlope: LiftSlope { RecordID = 107, LiftID = 196, SlopeID = 26 })" storage="/mnt/c/users/alena/desktop/7_sem/testing_and_debugging/skiresort/accesstodb.tests/bin/debug/net6.0/accesstodb.tests.dll" id="433ecc26-0222-9050-f5da-c28346636b9c">
      <Execution id="b8ac524c-5f35-4c79-8312-a887d509c1d9" />
      <TestMethod codeBase="/mnt/c/Users/alena/Desktop/7_sem/testing_and_debugging/SkiResort/AccessToDB.Tests/bin/Debug/net6.0/AccessToDB.Tests.dll" adapterTypeName="executor://xunit/VsTestRunner2/netcoreapp" className="AccessToDB.Tests.LiftsSlopesRepositoryTests" name="TestAddLiftSlopeAsyncFailsWhenLiftSlopeIdRepeats" />
    </UnitTest>
    <UnitTest name="AccessToDB.Tests.TurnstilesRepositoryTests.TestUpdateTurnstileByIDAsyncOk(turnstile: Turnstile { TurnstileID = 128, LiftID = 94, IsOpen = True })" storage="/mnt/c/users/alena/desktop/7_sem/testing_and_debugging/skiresort/accesstodb.tests/bin/debug/net6.0/accesstodb.tests.dll" id="a6beb36a-549f-2b59-f656-743e5d2de372">
      <Execution id="fda48330-dcc8-4873-85de-36af565bb8d3" />
      <TestMethod codeBase="/mnt/c/Users/alena/Desktop/7_sem/testing_and_debugging/SkiResort/AccessToDB.Tests/bin/Debug/net6.0/AccessToDB.Tests.dll" adapterTypeName="executor://xunit/VsTestRunner2/netcoreapp" className="AccessToDB.Tests.TurnstilesRepositoryTests" name="TestUpdateTurnstileByIDAsyncOk" />
    </UnitTest>
    <UnitTest name="AccessToDB.Tests.SlopesRepositoryTests.TestUpdateSlopeByIDAsyncOk(slope: Slope { SlopeID = 61, SlopeName = slopeName35a7f0b7-570f-4164-b84c-03e4cd0b36d7, IsOpen = True, DifficultyLevel = 227, ConnectedLifts =  })" storage="/mnt/c/users/alena/desktop/7_sem/testing_and_debugging/skiresort/accesstodb.tests/bin/debug/net6.0/accesstodb.tests.dll" id="583619ab-0d95-a2f8-6874-5890b84cbfb1">
      <Execution id="14a1c002-c2b5-4b9e-a6bd-50ffcfe2c018" />
      <TestMethod codeBase="/mnt/c/Users/alena/Desktop/7_sem/testing_and_debugging/SkiResort/AccessToDB.Tests/bin/Debug/net6.0/AccessToDB.Tests.dll" adapterTypeName="executor://xunit/VsTestRunner2/netcoreapp" className="AccessToDB.Tests.SlopesRepositoryTests" name="TestUpdateSlopeByIDAsyncOk" />
    </UnitTest>
    <UnitTest name="AccessToDB.Tests.LiftsSlopesRepositoryTests.TestGetSlopesByLiftIdAsyncFailsWhenSlopeNotExists(liftSlope: LiftSlope { RecordID = 173, LiftID = 91, SlopeID = 243 })" storage="/mnt/c/users/alena/desktop/7_sem/testing_and_debugging/skiresort/accesstodb.tests/bin/debug/net6.0/accesstodb.tests.dll" id="c9894e7e-8cb8-cca3-74b9-b3d8833029f9">
      <Execution id="8543c1ce-a021-4edd-8f7c-b4a1195e6bb8" />
      <TestMethod codeBase="/mnt/c/Users/alena/Desktop/7_sem/testing_and_debugging/SkiResort/AccessToDB.Tests/bin/Debug/net6.0/AccessToDB.Tests.dll" adapterTypeName="executor://xunit/VsTestRunner2/netcoreapp" className="AccessToDB.Tests.LiftsSlopesRepositoryTests" name="TestGetSlopesByLiftIdAsyncFailsWhenSlopeNotExists" />
    </UnitTest>
    <UnitTest name="AccessToDB.Tests.LiftsSlopesRepositoryTests.TestGetLiftSlopesAsyncEmpty" storage="/mnt/c/users/alena/desktop/7_sem/testing_and_debugging/skiresort/accesstodb.tests/bin/debug/net6.0/accesstodb.tests.dll" id="4145f44e-b4b1-a618-09e8-c631496e6f1a">
      <Execution id="cc67c407-f735-4b97-88d7-2e77ec78591d" />
      <TestMethod codeBase="/mnt/c/Users/alena/Desktop/7_sem/testing_and_debugging/SkiResort/AccessToDB.Tests/bin/Debug/net6.0/AccessToDB.Tests.dll" adapterTypeName="executor://xunit/VsTestRunner2/netcoreapp" className="AccessToDB.Tests.LiftsSlopesRepositoryTests" name="TestGetLiftSlopesAsyncEmpty" />
    </UnitTest>
    <UnitTest name="AccessToDB.Tests.LiftsRepositoryTests.TestGetLiftByIdAsyncOk(lift: Lift { LiftID = 229, LiftName = liftNameca78ee7f-ce8a-42c7-a00e-caaad0e751f7, IsOpen = True, SeatsAmount = 112, LiftingTime = 245, QueueTime = 187, ConnectedSlopes =  })" storage="/mnt/c/users/alena/desktop/7_sem/testing_and_debugging/skiresort/accesstodb.tests/bin/debug/net6.0/accesstodb.tests.dll" id="3330a4fe-cad5-70ce-662d-df37eae28069">
      <Execution id="f4cd4a92-49de-4b42-8d11-75fec49647af" />
      <TestMethod codeBase="/mnt/c/Users/alena/Desktop/7_sem/testing_and_debugging/SkiResort/AccessToDB.Tests/bin/Debug/net6.0/AccessToDB.Tests.dll" adapterTypeName="executor://xunit/VsTestRunner2/netcoreapp" className="AccessToDB.Tests.LiftsRepositoryTests" name="TestGetLiftByIdAsyncOk" />
    </UnitTest>
    <UnitTest name="AccessToDB.Tests.UsersRepositoryTests.TestDeleteUserByIDAsyncFailsWhenIDNotExists(userID: 254)" storage="/mnt/c/users/alena/desktop/7_sem/testing_and_debugging/skiresort/accesstodb.tests/bin/debug/net6.0/accesstodb.tests.dll" id="4a567b2a-6119-3302-fa58-fe1390e7e240">
      <Execution id="e41b687e-ff2e-450e-8300-548d26e290c8" />
      <TestMethod codeBase="/mnt/c/Users/alena/Desktop/7_sem/testing_and_debugging/SkiResort/AccessToDB.Tests/bin/Debug/net6.0/AccessToDB.Tests.dll" adapterTypeName="executor://xunit/VsTestRunner2/netcoreapp" className="AccessToDB.Tests.UsersRepositoryTests" name="TestDeleteUserByIDAsyncFailsWhenIDNotExists" />
    </UnitTest>
    <UnitTest name="AccessToDB.Tests.SlopesRepositoryTests.TestGetSlopeByNameAsyncFailsWhenNameNotExists(slopeName: &quot;slopeNamed49b45ed-9a34-4590-a3a0-10c4ece2ecee&quot;)" storage="/mnt/c/users/alena/desktop/7_sem/testing_and_debugging/skiresort/accesstodb.tests/bin/debug/net6.0/accesstodb.tests.dll" id="9cd617c2-311c-a0d5-3d6d-0accbf769d88">
      <Execution id="b3bf69e6-63ad-47d4-883e-6bd20f68e16d" />
      <TestMethod codeBase="/mnt/c/Users/alena/Desktop/7_sem/testing_and_debugging/SkiResort/AccessToDB.Tests/bin/Debug/net6.0/AccessToDB.Tests.dll" adapterTypeName="executor://xunit/VsTestRunner2/netcoreapp" className="AccessToDB.Tests.SlopesRepositoryTests" name="TestGetSlopeByNameAsyncFailsWhenNameNotExists" />
    </UnitTest>
    <UnitTest name="AccessToDB.Tests.TurnstilesRepositoryTests.TestAddTurnstileAsyncFailsWhenTurnstileIdRepeats(turnstile: Turnstile { TurnstileID = 211, LiftID = 239, IsOpen = True })" storage="/mnt/c/users/alena/desktop/7_sem/testing_and_debugging/skiresort/accesstodb.tests/bin/debug/net6.0/accesstodb.tests.dll" id="279fc40f-465b-26cc-e1e5-357b2e51fd85">
      <Execution id="0ed07fd0-ac7e-4e90-854c-913e24a58abc" />
      <TestMethod codeBase="/mnt/c/Users/alena/Desktop/7_sem/testing_and_debugging/SkiResort/AccessToDB.Tests/bin/Debug/net6.0/AccessToDB.Tests.dll" adapterTypeName="executor://xunit/VsTestRunner2/netcoreapp" className="AccessToDB.Tests.TurnstilesRepositoryTests" name="TestAddTurnstileAsyncFailsWhenTurnstileIdRepeats" />
    </UnitTest>
    <UnitTest name="AccessToDB.Tests.SlopesRepositoryTests.TestGetSlopesAsyncEmpty" storage="/mnt/c/users/alena/desktop/7_sem/testing_and_debugging/skiresort/accesstodb.tests/bin/debug/net6.0/accesstodb.tests.dll" id="9bbefb83-8311-6e03-307f-415e3495e223">
      <Execution id="3dd54c82-5268-488a-8aca-68f48822dc11" />
      <TestMethod codeBase="/mnt/c/Users/alena/Desktop/7_sem/testing_and_debugging/SkiResort/AccessToDB.Tests/bin/Debug/net6.0/AccessToDB.Tests.dll" adapterTypeName="executor://xunit/VsTestRunner2/netcoreapp" className="AccessToDB.Tests.SlopesRepositoryTests" name="TestGetSlopesAsyncEmpty" />
    </UnitTest>
    <UnitTest name="AccessToDB.Tests.LiftsRepositoryTests.TestAddLiftAutoIncrementAsyncOk" storage="/mnt/c/users/alena/desktop/7_sem/testing_and_debugging/skiresort/accesstodb.tests/bin/debug/net6.0/accesstodb.tests.dll" id="ec229f70-485a-f91b-53ed-bce655f6cd58">
      <Execution id="301ace4e-6827-471d-9831-1ef4083a9da6" />
      <TestMethod codeBase="/mnt/c/Users/alena/Desktop/7_sem/testing_and_debugging/SkiResort/AccessToDB.Tests/bin/Debug/net6.0/AccessToDB.Tests.dll" adapterTypeName="executor://xunit/VsTestRunner2/netcoreapp" className="AccessToDB.Tests.LiftsRepositoryTests" name="TestAddLiftAutoIncrementAsyncOk" />
    </UnitTest>
    <UnitTest name="AccessToDB.Tests.UsersRepositoryTests.TestGetUserByIdAsyncOk(user: User { UserID = 241, CardID = 62, UserEmail = UserEmail6877b36f-0d7e-469f-a414-61d08960d93b, Password = passwordf7337780-6cf1-4de4-8bd3-3a86c0215198, Permissions = UNAUTHORIZED })" storage="/mnt/c/users/alena/desktop/7_sem/testing_and_debugging/skiresort/accesstodb.tests/bin/debug/net6.0/accesstodb.tests.dll" id="6a8fff27-27b3-4b44-5e77-522fb0ee5751">
      <Execution id="63038625-a60f-475d-ab95-cf9b0643ddc2" />
      <TestMethod codeBase="/mnt/c/Users/alena/Desktop/7_sem/testing_and_debugging/SkiResort/AccessToDB.Tests/bin/Debug/net6.0/AccessToDB.Tests.dll" adapterTypeName="executor://xunit/VsTestRunner2/netcoreapp" className="AccessToDB.Tests.UsersRepositoryTests" name="TestGetUserByIdAsyncOk" />
    </UnitTest>
    <UnitTest name="AccessToDB.Tests.TurnstilesRepositoryTests.TestGetTurnstilesAsyncEmpty" storage="/mnt/c/users/alena/desktop/7_sem/testing_and_debugging/skiresort/accesstodb.tests/bin/debug/net6.0/accesstodb.tests.dll" id="3c521313-4ed6-6bce-b4f9-c359411028e7">
      <Execution id="c1e67d02-f7f3-41fb-be71-571ae053067b" />
      <TestMethod codeBase="/mnt/c/Users/alena/Desktop/7_sem/testing_and_debugging/SkiResort/AccessToDB.Tests/bin/Debug/net6.0/AccessToDB.Tests.dll" adapterTypeName="executor://xunit/VsTestRunner2/netcoreapp" className="AccessToDB.Tests.TurnstilesRepositoryTests" name="TestGetTurnstilesAsyncEmpty" />
    </UnitTest>
    <UnitTest name="AccessToDB.Tests.LiftsRepositoryTests.TestAddLiftAsyncFailsWhenLiftIdRepeats(lift: Lift { LiftID = 110, LiftName = liftNamecb74885a-37e9-48e2-93e8-1272faddf00d, IsOpen = True, SeatsAmount = 179, LiftingTime = 40, QueueTime = 3, ConnectedSlopes =  })" storage="/mnt/c/users/alena/desktop/7_sem/testing_and_debugging/skiresort/accesstodb.tests/bin/debug/net6.0/accesstodb.tests.dll" id="859f0d9c-385b-754a-9f5c-271199f49e64">
      <Execution id="d962dd38-d43b-40c2-9ebd-303fd4a23b66" />
      <TestMethod codeBase="/mnt/c/Users/alena/Desktop/7_sem/testing_and_debugging/SkiResort/AccessToDB.Tests/bin/Debug/net6.0/AccessToDB.Tests.dll" adapterTypeName="executor://xunit/VsTestRunner2/netcoreapp" className="AccessToDB.Tests.LiftsRepositoryTests" name="TestAddLiftAsyncFailsWhenLiftIdRepeats" />
    </UnitTest>
    <UnitTest name="AccessToDB.Tests.UsersRepositoryTests.TestUpdateUserByIDAsyncOk(user: User { UserID = 153, CardID = 195, UserEmail = UserEmail4189e4c4-9f64-4236-bb52-09ee8dc643bc, Password = password484a445e-7e76-4e51-b341-82ef0b098577, Permissions = UNAUTHORIZED })" storage="/mnt/c/users/alena/desktop/7_sem/testing_and_debugging/skiresort/accesstodb.tests/bin/debug/net6.0/accesstodb.tests.dll" id="823b0be7-4d6f-c47b-8eaa-b2cd6afc9af6">
      <Execution id="d65c6270-b36a-4111-89c9-44d3862e79ae" />
      <TestMethod codeBase="/mnt/c/Users/alena/Desktop/7_sem/testing_and_debugging/SkiResort/AccessToDB.Tests/bin/Debug/net6.0/AccessToDB.Tests.dll" adapterTypeName="executor://xunit/VsTestRunner2/netcoreapp" className="AccessToDB.Tests.UsersRepositoryTests" name="TestUpdateUserByIDAsyncOk" />
    </UnitTest>
    <UnitTest name="AccessToDB.Tests.LiftsRepositoryTests.TestGetLiftByNameAsyncFailsWhenNameNotExists(liftName: &quot;liftName63c67182-e0ad-4529-9b45-d6de597c0051&quot;)" storage="/mnt/c/users/alena/desktop/7_sem/testing_and_debugging/skiresort/accesstodb.tests/bin/debug/net6.0/accesstodb.tests.dll" id="bd38ad27-c812-6157-f247-ba08e5fbd54f">
      <Execution id="22cb84bf-382c-4930-a566-6462943a075e" />
      <TestMethod codeBase="/mnt/c/Users/alena/Desktop/7_sem/testing_and_debugging/SkiResort/AccessToDB.Tests/bin/Debug/net6.0/AccessToDB.Tests.dll" adapterTypeName="executor://xunit/VsTestRunner2/netcoreapp" className="AccessToDB.Tests.LiftsRepositoryTests" name="TestGetLiftByNameAsyncFailsWhenNameNotExists" />
    </UnitTest>
    <UnitTest name="AccessToDB.Tests.SlopesRepositoryTests.TestDeleteSlopeByIDAsyncFailsWhenIDNotExists(slopeID: 106)" storage="/mnt/c/users/alena/desktop/7_sem/testing_and_debugging/skiresort/accesstodb.tests/bin/debug/net6.0/accesstodb.tests.dll" id="2d910bc5-91ef-a246-406d-612720c4597a">
      <Execution id="89a9c994-7cce-4738-a50f-d5a48fc6bc62" />
      <TestMethod codeBase="/mnt/c/Users/alena/Desktop/7_sem/testing_and_debugging/SkiResort/AccessToDB.Tests/bin/Debug/net6.0/AccessToDB.Tests.dll" adapterTypeName="executor://xunit/VsTestRunner2/netcoreapp" className="AccessToDB.Tests.SlopesRepositoryTests" name="TestDeleteSlopeByIDAsyncFailsWhenIDNotExists" />
    </UnitTest>
    <UnitTest name="AccessToDB.Tests.UsersRepositoryTests.TestCheckUserEmailExistsAsyncFalse(userEmail: &quot;userEmailb0f27904-a46d-4ae4-bf45-6aff1663c0fc&quot;)" storage="/mnt/c/users/alena/desktop/7_sem/testing_and_debugging/skiresort/accesstodb.tests/bin/debug/net6.0/accesstodb.tests.dll" id="bfee9d58-e478-b764-3ed1-16b11abcb262">
      <Execution id="b0b52926-5e3d-48be-8857-41a045746118" />
      <TestMethod codeBase="/mnt/c/Users/alena/Desktop/7_sem/testing_and_debugging/SkiResort/AccessToDB.Tests/bin/Debug/net6.0/AccessToDB.Tests.dll" adapterTypeName="executor://xunit/VsTestRunner2/netcoreapp" className="AccessToDB.Tests.UsersRepositoryTests" name="TestCheckUserEmailExistsAsyncFalse" />
    </UnitTest>
    <UnitTest name="AccessToDB.Tests.LiftsSlopesRepositoryTests.TestAddLiftSlopeAutoIncrementAsyncOk" storage="/mnt/c/users/alena/desktop/7_sem/testing_and_debugging/skiresort/accesstodb.tests/bin/debug/net6.0/accesstodb.tests.dll" id="30f8e924-9784-0a43-e807-094f70e06567">
      <Execution id="0abe34c4-f849-4c7c-9138-b523c4e42951" />
      <TestMethod codeBase="/mnt/c/Users/alena/Desktop/7_sem/testing_and_debugging/SkiResort/AccessToDB.Tests/bin/Debug/net6.0/AccessToDB.Tests.dll" adapterTypeName="executor://xunit/VsTestRunner2/netcoreapp" className="AccessToDB.Tests.LiftsSlopesRepositoryTests" name="TestAddLiftSlopeAutoIncrementAsyncOk" />
    </UnitTest>
    <UnitTest name="AccessToDB.Tests.TurnstilesRepositoryTests.TestGetTurnstileByIdAsyncOk(turnstile: Turnstile { TurnstileID = 72, LiftID = 140, IsOpen = True })" storage="/mnt/c/users/alena/desktop/7_sem/testing_and_debugging/skiresort/accesstodb.tests/bin/debug/net6.0/accesstodb.tests.dll" id="08597f31-98f7-5a86-a3f9-67efea2aa707">
      <Execution id="9f7e9957-0a0d-419a-a6e8-862595adb3a9" />
      <TestMethod codeBase="/mnt/c/Users/alena/Desktop/7_sem/testing_and_debugging/SkiResort/AccessToDB.Tests/bin/Debug/net6.0/AccessToDB.Tests.dll" adapterTypeName="executor://xunit/VsTestRunner2/netcoreapp" className="AccessToDB.Tests.TurnstilesRepositoryTests" name="TestGetTurnstileByIdAsyncOk" />
    </UnitTest>
    <UnitTest name="AccessToDB.Tests.UsersRepositoryTests.TestAddUserAutoIncrementAsyncOk" storage="/mnt/c/users/alena/desktop/7_sem/testing_and_debugging/skiresort/accesstodb.tests/bin/debug/net6.0/accesstodb.tests.dll" id="e75bb6e2-88d9-af2a-a444-c4a9d67f0f0e">
      <Execution id="4c89333d-4f12-48bb-be49-0496f90b701a" />
      <TestMethod codeBase="/mnt/c/Users/alena/Desktop/7_sem/testing_and_debugging/SkiResort/AccessToDB.Tests/bin/Debug/net6.0/AccessToDB.Tests.dll" adapterTypeName="executor://xunit/VsTestRunner2/netcoreapp" className="AccessToDB.Tests.UsersRepositoryTests" name="TestAddUserAutoIncrementAsyncOk" />
    </UnitTest>
    <UnitTest name="AccessToDB.Tests.UsersRepositoryTests.TestGetUserByEmailAsyncFailsWhenEmailNotExists(email: &quot;emailde9b4b84-dcb8-4207-ae8f-25ab1f7769f0&quot;)" storage="/mnt/c/users/alena/desktop/7_sem/testing_and_debugging/skiresort/accesstodb.tests/bin/debug/net6.0/accesstodb.tests.dll" id="95d6a84b-7f50-4828-0a70-1b4f3f37bf59">
      <Execution id="d648f335-0155-41f8-8f8a-4c7c7d2ba1bf" />
      <TestMethod codeBase="/mnt/c/Users/alena/Desktop/7_sem/testing_and_debugging/SkiResort/AccessToDB.Tests/bin/Debug/net6.0/AccessToDB.Tests.dll" adapterTypeName="executor://xunit/VsTestRunner2/netcoreapp" className="AccessToDB.Tests.UsersRepositoryTests" name="TestGetUserByEmailAsyncFailsWhenEmailNotExists" />
    </UnitTest>
    <UnitTest name="AccessToDB.Tests.LiftsSlopesRepositoryTests.TestGetLiftSlopeByIdAsyncOk(liftSlope: LiftSlope { RecordID = 59, LiftID = 188, SlopeID = 134 })" storage="/mnt/c/users/alena/desktop/7_sem/testing_and_debugging/skiresort/accesstodb.tests/bin/debug/net6.0/accesstodb.tests.dll" id="6ad1ed30-e25b-0517-3a07-f25904d672b0">
      <Execution id="213644ba-db96-422d-a538-a04ffb07c952" />
      <TestMethod codeBase="/mnt/c/Users/alena/Desktop/7_sem/testing_and_debugging/SkiResort/AccessToDB.Tests/bin/Debug/net6.0/AccessToDB.Tests.dll" adapterTypeName="executor://xunit/VsTestRunner2/netcoreapp" className="AccessToDB.Tests.LiftsSlopesRepositoryTests" name="TestGetLiftSlopeByIdAsyncOk" />
    </UnitTest>
    <UnitTest name="AccessToDB.Tests.SlopesRepositoryTests.TestAddSlopeAutoIncrementAsyncOk" storage="/mnt/c/users/alena/desktop/7_sem/testing_and_debugging/skiresort/accesstodb.tests/bin/debug/net6.0/accesstodb.tests.dll" id="8f7ba917-f771-0dc5-f9b9-465c34344b12">
      <Execution id="282a192f-3ef9-4394-9226-7995a4949e2d" />
      <TestMethod codeBase="/mnt/c/Users/alena/Desktop/7_sem/testing_and_debugging/SkiResort/AccessToDB.Tests/bin/Debug/net6.0/AccessToDB.Tests.dll" adapterTypeName="executor://xunit/VsTestRunner2/netcoreapp" className="AccessToDB.Tests.SlopesRepositoryTests" name="TestAddSlopeAutoIncrementAsyncOk" />
    </UnitTest>
    <UnitTest name="AccessToDB.Tests.LiftsSlopesRepositoryTests.TestDeleteLiftSlopesByIDsAsyncOk(liftSlope: LiftSlope { RecordID = 13, LiftID = 89, SlopeID = 34 })" storage="/mnt/c/users/alena/desktop/7_sem/testing_and_debugging/skiresort/accesstodb.tests/bin/debug/net6.0/accesstodb.tests.dll" id="906a024b-29d0-afeb-8629-63a75dcf5e05">
      <Execution id="4e2b4dcd-6aeb-4122-beb2-15f8313c4237" />
      <TestMethod codeBase="/mnt/c/Users/alena/Desktop/7_sem/testing_and_debugging/SkiResort/AccessToDB.Tests/bin/Debug/net6.0/AccessToDB.Tests.dll" adapterTypeName="executor://xunit/VsTestRunner2/netcoreapp" className="AccessToDB.Tests.LiftsSlopesRepositoryTests" name="TestDeleteLiftSlopesByIDsAsyncOk" />
    </UnitTest>
    <UnitTest name="AccessToDB.Tests.TurnstilesRepositoryTests.TestDeleteTurnstileByIDAsyncFailsWhenIDNotExists(turnstileID: 89)" storage="/mnt/c/users/alena/desktop/7_sem/testing_and_debugging/skiresort/accesstodb.tests/bin/debug/net6.0/accesstodb.tests.dll" id="732d09fc-6a8b-8a16-d2b7-93eac9aa2fac">
      <Execution id="9ac3b3d1-d2e0-44f9-9197-e9eaae768291" />
      <TestMethod codeBase="/mnt/c/Users/alena/Desktop/7_sem/testing_and_debugging/SkiResort/AccessToDB.Tests/bin/Debug/net6.0/AccessToDB.Tests.dll" adapterTypeName="executor://xunit/VsTestRunner2/netcoreapp" className="AccessToDB.Tests.TurnstilesRepositoryTests" name="TestDeleteTurnstileByIDAsyncFailsWhenIDNotExists" />
    </UnitTest>
    <UnitTest name="AccessToDB.Tests.LiftsRepositoryTests.TestGetLiftsAsyncEmpty" storage="/mnt/c/users/alena/desktop/7_sem/testing_and_debugging/skiresort/accesstodb.tests/bin/debug/net6.0/accesstodb.tests.dll" id="607e8298-f113-be33-300e-15a343893443">
      <Execution id="ff48c1b8-962b-4e3a-a32c-e5a0c122a470" />
      <TestMethod codeBase="/mnt/c/Users/alena/Desktop/7_sem/testing_and_debugging/SkiResort/AccessToDB.Tests/bin/Debug/net6.0/AccessToDB.Tests.dll" adapterTypeName="executor://xunit/VsTestRunner2/netcoreapp" className="AccessToDB.Tests.LiftsRepositoryTests" name="TestGetLiftsAsyncEmpty" />
    </UnitTest>
    <UnitTest name="AccessToDB.Tests.TurnstilesRepositoryTests.TestGetTurnstilesByLiftIdAsyncOk(liftID: 15)" storage="/mnt/c/users/alena/desktop/7_sem/testing_and_debugging/skiresort/accesstodb.tests/bin/debug/net6.0/accesstodb.tests.dll" id="a036c02e-4ff3-be21-6f82-376999ca46cc">
      <Execution id="445d6e35-8d52-450b-8794-a90b40742924" />
      <TestMethod codeBase="/mnt/c/Users/alena/Desktop/7_sem/testing_and_debugging/SkiResort/AccessToDB.Tests/bin/Debug/net6.0/AccessToDB.Tests.dll" adapterTypeName="executor://xunit/VsTestRunner2/netcoreapp" className="AccessToDB.Tests.TurnstilesRepositoryTests" name="TestGetTurnstilesByLiftIdAsyncOk" />
    </UnitTest>
    <UnitTest name="AccessToDB.Tests.LiftsRepositoryTests.TestUpdateLiftByIDAsyncOk(lift: Lift { LiftID = 204, LiftName = liftName90c900e6-d4d5-4f99-8fcf-f01ad66b409e, IsOpen = True, SeatsAmount = 30, LiftingTime = 108, QueueTime = 63, ConnectedSlopes =  })" storage="/mnt/c/users/alena/desktop/7_sem/testing_and_debugging/skiresort/accesstodb.tests/bin/debug/net6.0/accesstodb.tests.dll" id="86187f6e-1e5e-7724-2a08-88b5119a4996">
      <Execution id="b73ab2d2-94b6-4ec9-8c17-733db36f0dce" />
      <TestMethod codeBase="/mnt/c/Users/alena/Desktop/7_sem/testing_and_debugging/SkiResort/AccessToDB.Tests/bin/Debug/net6.0/AccessToDB.Tests.dll" adapterTypeName="executor://xunit/VsTestRunner2/netcoreapp" className="AccessToDB.Tests.LiftsRepositoryTests" name="TestUpdateLiftByIDAsyncOk" />
    </UnitTest>
    <UnitTest name="AccessToDB.Tests.LiftsRepositoryTests.TestDeleteLiftByIDAsyncFailsWhenIDNotExists(liftID: 207)" storage="/mnt/c/users/alena/desktop/7_sem/testing_and_debugging/skiresort/accesstodb.tests/bin/debug/net6.0/accesstodb.tests.dll" id="383d067d-78a2-1ab4-184d-90799b5dfe90">
      <Execution id="7af182fe-35d0-4168-83f2-861f1f15cefd" />
      <TestMethod codeBase="/mnt/c/Users/alena/Desktop/7_sem/testing_and_debugging/SkiResort/AccessToDB.Tests/bin/Debug/net6.0/AccessToDB.Tests.dll" adapterTypeName="executor://xunit/VsTestRunner2/netcoreapp" className="AccessToDB.Tests.LiftsRepositoryTests" name="TestDeleteLiftByIDAsyncFailsWhenIDNotExists" />
    </UnitTest>
    <UnitTest name="AccessToDB.Tests.SlopesRepositoryTests.TestGetSlopeByIdAsyncOk(slope: Slope { SlopeID = 188, SlopeName = slopeNamed3362225-67ff-449e-9925-3a8b12b69bdd, IsOpen = True, DifficultyLevel = 203, ConnectedLifts =  })" storage="/mnt/c/users/alena/desktop/7_sem/testing_and_debugging/skiresort/accesstodb.tests/bin/debug/net6.0/accesstodb.tests.dll" id="c7a549e5-61bb-a25f-0633-bc9526414662">
      <Execution id="1b61ea2b-840a-4914-8d76-e77f7383f249" />
      <TestMethod codeBase="/mnt/c/Users/alena/Desktop/7_sem/testing_and_debugging/SkiResort/AccessToDB.Tests/bin/Debug/net6.0/AccessToDB.Tests.dll" adapterTypeName="executor://xunit/VsTestRunner2/netcoreapp" className="AccessToDB.Tests.SlopesRepositoryTests" name="TestGetSlopeByIdAsyncOk" />
    </UnitTest>
  </TestDefinitions>
  <TestEntries>
    <TestEntry testId="906a024b-29d0-afeb-8629-63a75dcf5e05" executionId="4e2b4dcd-6aeb-4122-beb2-15f8313c4237" testListId="8c84fa94-04c1-424b-9868-57a2d4851a1d" />
    <TestEntry testId="86187f6e-1e5e-7724-2a08-88b5119a4996" executionId="b73ab2d2-94b6-4ec9-8c17-733db36f0dce" testListId="8c84fa94-04c1-424b-9868-57a2d4851a1d" />
    <TestEntry testId="9c2a6028-5c78-3929-8644-38e110541158" executionId="f8711f94-a5a4-43d0-854b-fee24835c25d" testListId="8c84fa94-04c1-424b-9868-57a2d4851a1d" />
    <TestEntry testId="9bbefb83-8311-6e03-307f-415e3495e223" executionId="3dd54c82-5268-488a-8aca-68f48822dc11" testListId="8c84fa94-04c1-424b-9868-57a2d4851a1d" />
    <TestEntry testId="3330a4fe-cad5-70ce-662d-df37eae28069" executionId="f4cd4a92-49de-4b42-8d11-75fec49647af" testListId="8c84fa94-04c1-424b-9868-57a2d4851a1d" />
    <TestEntry testId="30f8e924-9784-0a43-e807-094f70e06567" executionId="0abe34c4-f849-4c7c-9138-b523c4e42951" testListId="8c84fa94-04c1-424b-9868-57a2d4851a1d" />
    <TestEntry testId="ec229f70-485a-f91b-53ed-bce655f6cd58" executionId="301ace4e-6827-471d-9831-1ef4083a9da6" testListId="8c84fa94-04c1-424b-9868-57a2d4851a1d" />
    <TestEntry testId="6a8fff27-27b3-4b44-5e77-522fb0ee5751" executionId="63038625-a60f-475d-ab95-cf9b0643ddc2" testListId="8c84fa94-04c1-424b-9868-57a2d4851a1d" />
    <TestEntry testId="c9894e7e-8cb8-cca3-74b9-b3d8833029f9" executionId="8543c1ce-a021-4edd-8f7c-b4a1195e6bb8" testListId="8c84fa94-04c1-424b-9868-57a2d4851a1d" />
    <TestEntry testId="08597f31-98f7-5a86-a3f9-67efea2aa707" executionId="9f7e9957-0a0d-419a-a6e8-862595adb3a9" testListId="8c84fa94-04c1-424b-9868-57a2d4851a1d" />
    <TestEntry testId="279fc40f-465b-26cc-e1e5-357b2e51fd85" executionId="0ed07fd0-ac7e-4e90-854c-913e24a58abc" testListId="8c84fa94-04c1-424b-9868-57a2d4851a1d" />
    <TestEntry testId="95d6a84b-7f50-4828-0a70-1b4f3f37bf59" executionId="d648f335-0155-41f8-8f8a-4c7c7d2ba1bf" testListId="8c84fa94-04c1-424b-9868-57a2d4851a1d" />
    <TestEntry testId="433ecc26-0222-9050-f5da-c28346636b9c" executionId="b8ac524c-5f35-4c79-8312-a887d509c1d9" testListId="8c84fa94-04c1-424b-9868-57a2d4851a1d" />
    <TestEntry testId="ca8e230b-c82c-a5bb-8f8a-286353d5f8ee" executionId="44ae082e-f148-4d2f-8727-bd5728894050" testListId="8c84fa94-04c1-424b-9868-57a2d4851a1d" />
    <TestEntry testId="f9435956-2e34-e52b-c34e-dce53665cf8e" executionId="9daf5a61-1a96-42b6-81ee-aeb45bd8d654" testListId="8c84fa94-04c1-424b-9868-57a2d4851a1d" />
    <TestEntry testId="c7a549e5-61bb-a25f-0633-bc9526414662" executionId="1b61ea2b-840a-4914-8d76-e77f7383f249" testListId="8c84fa94-04c1-424b-9868-57a2d4851a1d" />
    <TestEntry testId="af96d568-0e64-8aee-42b1-cd15f088a604" executionId="d0f224b1-f6d4-4964-ba90-de420d3a60dc" testListId="8c84fa94-04c1-424b-9868-57a2d4851a1d" />
    <TestEntry testId="8f7ba917-f771-0dc5-f9b9-465c34344b12" executionId="282a192f-3ef9-4394-9226-7995a4949e2d" testListId="8c84fa94-04c1-424b-9868-57a2d4851a1d" />
    <TestEntry testId="607e8298-f113-be33-300e-15a343893443" executionId="ff48c1b8-962b-4e3a-a32c-e5a0c122a470" testListId="8c84fa94-04c1-424b-9868-57a2d4851a1d" />
    <TestEntry testId="4145f44e-b4b1-a618-09e8-c631496e6f1a" executionId="cc67c407-f735-4b97-88d7-2e77ec78591d" testListId="8c84fa94-04c1-424b-9868-57a2d4851a1d" />
    <TestEntry testId="2d910bc5-91ef-a246-406d-612720c4597a" executionId="89a9c994-7cce-4738-a50f-d5a48fc6bc62" testListId="8c84fa94-04c1-424b-9868-57a2d4851a1d" />
    <TestEntry testId="3741b26d-6ee0-6246-29e4-92009bff37b0" executionId="df9d0641-fe5c-4a3d-9640-f447dab9f361" testListId="8c84fa94-04c1-424b-9868-57a2d4851a1d" />
    <TestEntry testId="583619ab-0d95-a2f8-6874-5890b84cbfb1" executionId="14a1c002-c2b5-4b9e-a6bd-50ffcfe2c018" testListId="8c84fa94-04c1-424b-9868-57a2d4851a1d" />
    <TestEntry testId="383d067d-78a2-1ab4-184d-90799b5dfe90" executionId="7af182fe-35d0-4168-83f2-861f1f15cefd" testListId="8c84fa94-04c1-424b-9868-57a2d4851a1d" />
    <TestEntry testId="6ad1ed30-e25b-0517-3a07-f25904d672b0" executionId="213644ba-db96-422d-a538-a04ffb07c952" testListId="8c84fa94-04c1-424b-9868-57a2d4851a1d" />
    <TestEntry testId="a036c02e-4ff3-be21-6f82-376999ca46cc" executionId="445d6e35-8d52-450b-8794-a90b40742924" testListId="8c84fa94-04c1-424b-9868-57a2d4851a1d" />
    <TestEntry testId="bd38ad27-c812-6157-f247-ba08e5fbd54f" executionId="22cb84bf-382c-4930-a566-6462943a075e" testListId="8c84fa94-04c1-424b-9868-57a2d4851a1d" />
    <TestEntry testId="823b0be7-4d6f-c47b-8eaa-b2cd6afc9af6" executionId="d65c6270-b36a-4111-89c9-44d3862e79ae" testListId="8c84fa94-04c1-424b-9868-57a2d4851a1d" />
    <TestEntry testId="a6beb36a-549f-2b59-f656-743e5d2de372" executionId="fda48330-dcc8-4873-85de-36af565bb8d3" testListId="8c84fa94-04c1-424b-9868-57a2d4851a1d" />
    <TestEntry testId="18b47152-933e-8fce-6131-7ecdd076b115" executionId="f843f1ad-a320-46ce-a68d-dee2203f77aa" testListId="8c84fa94-04c1-424b-9868-57a2d4851a1d" />
    <TestEntry testId="e75bb6e2-88d9-af2a-a444-c4a9d67f0f0e" executionId="4c89333d-4f12-48bb-be49-0496f90b701a" testListId="8c84fa94-04c1-424b-9868-57a2d4851a1d" />
    <TestEntry testId="859f0d9c-385b-754a-9f5c-271199f49e64" executionId="d962dd38-d43b-40c2-9ebd-303fd4a23b66" testListId="8c84fa94-04c1-424b-9868-57a2d4851a1d" />
    <TestEntry testId="bfee9d58-e478-b764-3ed1-16b11abcb262" executionId="b0b52926-5e3d-48be-8857-41a045746118" testListId="8c84fa94-04c1-424b-9868-57a2d4851a1d" />
    <TestEntry testId="9cd617c2-311c-a0d5-3d6d-0accbf769d88" executionId="b3bf69e6-63ad-47d4-883e-6bd20f68e16d" testListId="8c84fa94-04c1-424b-9868-57a2d4851a1d" />
    <TestEntry testId="3c521313-4ed6-6bce-b4f9-c359411028e7" executionId="c1e67d02-f7f3-41fb-be71-571ae053067b" testListId="8c84fa94-04c1-424b-9868-57a2d4851a1d" />
    <TestEntry testId="d6accbaa-4305-16eb-b344-7655883d4df0" executionId="09b5ee67-4946-4f1f-83f4-703039d43e8f" testListId="8c84fa94-04c1-424b-9868-57a2d4851a1d" />
    <TestEntry testId="4a567b2a-6119-3302-fa58-fe1390e7e240" executionId="e41b687e-ff2e-450e-8300-548d26e290c8" testListId="8c84fa94-04c1-424b-9868-57a2d4851a1d" />
    <TestEntry testId="732d09fc-6a8b-8a16-d2b7-93eac9aa2fac" executionId="9ac3b3d1-d2e0-44f9-9197-e9eaae768291" testListId="8c84fa94-04c1-424b-9868-57a2d4851a1d" />
    <TestEntry testId="0b26847a-532c-2b6f-59d8-edd14ac9b9ff" executionId="0be00cf8-41f0-438f-8809-dd6b55b0dcaf" testListId="8c84fa94-04c1-424b-9868-57a2d4851a1d" />
  </TestEntries>
  <TestLists>
    <TestList name="Results Not in a List" id="8c84fa94-04c1-424b-9868-57a2d4851a1d" />
    <TestList name="All Loaded Results" id="19431567-8539-422a-85d7-44ee4e166bda" />
  </TestLists>
  <ResultSummary outcome="Completed">
    <Counters total="39" executed="39" passed="39" failed="0" error="0" timeout="0" aborted="0" inconclusive="0" passedButRunAborted="0" notRunnable="0" notExecuted="0" disconnected="0" warning="0" completed="0" inProgress="0" pending="0" />
    <Output>
      <StdOut>[xUnit.net 00:00:00.00] xUnit.net VSTest Adapter v2.4.5+1caef2f33e (64-bit .NET 6.0.10)
[xUnit.net 00:00:01.05]   Discovering: AccessToDB.Tests
[xUnit.net 00:00:01.18]   Discovered:  AccessToDB.Tests
[xUnit.net 00:00:01.19]   Starting:    AccessToDB.Tests
[xUnit.net 00:00:17.12]   Finished:    AccessToDB.Tests
</StdOut>
    </Output>
  </ResultSummary>
</TestRun>