<?xml version="1.0" encoding="utf-8"?>
<TestRun id="2aaee63e-01e3-4abb-bb15-e03d6c98dd89" name="@DESKTOP-TJ9D65N 2022-10-15 23:16:20" xmlns="http://microsoft.com/schemas/VisualStudio/TeamTest/2010">
  <Times creation="2022-10-15T23:16:20.4782354+03:00" queuing="2022-10-15T23:16:20.4782355+03:00" start="2022-10-15T23:16:16.5239559+03:00" finish="2022-10-15T23:16:34.9334959+03:00" />
  <TestSettings name="default" id="c6c626a5-7153-4c88-ba04-7dd562cd93b9">
    <Deployment runDeploymentRoot="_DESKTOP-TJ9D65N_2022-10-15_23_16_20" />
  </TestSettings>
  <Results>
    <UnitTestResult executionId="02bada7d-54d3-42ef-a762-62b1c6cbae90" testId="4ac7d377-054e-22f1-f0c8-b1d01734fcc6" testName="AccessToDB.Tests.LiftsSlopesRepositoryTests.TestDeleteLiftSlopeByIDAsyncFailsWhenIDNotExists(liftSlopeID: 147)" computerName="DESKTOP-TJ9D65N" duration="00:00:00.3602439" startTime="2022-10-15T23:16:21.0566309+03:00" endTime="2022-10-15T23:16:21.0566311+03:00" testType="13cdc9d9-ddb5-4fa4-a97d-d965ccfc6d4b" outcome="Passed" testListId="8c84fa94-04c1-424b-9868-57a2d4851a1d" relativeResultsDirectory="02bada7d-54d3-42ef-a762-62b1c6cbae90" />
    <UnitTestResult executionId="ff004304-36d9-4972-b971-c1e66635e98e" testId="308ff62e-af13-eacc-8a38-4fb8b357559a" testName="AccessToDB.Tests.LiftsSlopesRepositoryTests.TestAddLiftSlopeAsyncFailsWhenLiftSlopeIdRepeats(liftSlope: LiftSlope { RecordID = 104, LiftID = 6, SlopeID = 162 })" computerName="DESKTOP-TJ9D65N" duration="00:00:00.3907834" startTime="2022-10-15T23:16:21.8698281+03:00" endTime="2022-10-15T23:16:21.8698282+03:00" testType="13cdc9d9-ddb5-4fa4-a97d-d965ccfc6d4b" outcome="Passed" testListId="8c84fa94-04c1-424b-9868-57a2d4851a1d" relativeResultsDirectory="ff004304-36d9-4972-b971-c1e66635e98e" />
    <UnitTestResult executionId="94219f29-2d34-459e-a516-18262555e62d" testId="9e0e9a89-fb05-0bd6-6086-61b5f049c4d2" testName="AccessToDB.Tests.UsersRepositoryTests.TestAddUserAsyncFailsWhenUserIdRepeats(user: User { UserID = 118, CardID = 168, UserEmail = UserEmail5c56d91b-d6bf-4956-bda9-94e482478c71, Password = passwordd761815e-bd51-4901-8d75-473dd4a2f5e3, Permissions = UNAUTHORIZED })" computerName="DESKTOP-TJ9D65N" duration="00:00:00.3930714" startTime="2022-10-15T23:16:26.2342249+03:00" endTime="2022-10-15T23:16:26.2342249+03:00" testType="13cdc9d9-ddb5-4fa4-a97d-d965ccfc6d4b" outcome="Passed" testListId="8c84fa94-04c1-424b-9868-57a2d4851a1d" relativeResultsDirectory="94219f29-2d34-459e-a516-18262555e62d" />
    <UnitTestResult executionId="26585275-80d5-4378-a295-4a3dc216e69e" testId="178e0380-9b0d-c18c-7679-de6a88267301" testName="AccessToDB.Tests.LiftsSlopesRepositoryTests.TestDeleteLiftSlopesByIDsAsyncOk(liftSlope: LiftSlope { RecordID = 50, LiftID = 123, SlopeID = 217 })" computerName="DESKTOP-TJ9D65N" duration="00:00:00.3901344" startTime="2022-10-15T23:16:19.8857918+03:00" endTime="2022-10-15T23:16:19.8857920+03:00" testType="13cdc9d9-ddb5-4fa4-a97d-d965ccfc6d4b" outcome="Passed" testListId="8c84fa94-04c1-424b-9868-57a2d4851a1d" relativeResultsDirectory="26585275-80d5-4378-a295-4a3dc216e69e" />
    <UnitTestResult executionId="f65ae2a5-79dd-424c-bb7b-3df98cec0726" testId="f9435956-2e34-e52b-c34e-dce53665cf8e" testName="AccessToDB.Tests.TurnstilesRepositoryTests.TestAddTurnstileAutoIncrementAsyncOk" computerName="DESKTOP-TJ9D65N" duration="00:00:00.4069874" startTime="2022-10-15T23:16:33.9385055+03:00" endTime="2022-10-15T23:16:33.9385057+03:00" testType="13cdc9d9-ddb5-4fa4-a97d-d965ccfc6d4b" outcome="Passed" testListId="8c84fa94-04c1-424b-9868-57a2d4851a1d" relativeResultsDirectory="f65ae2a5-79dd-424c-bb7b-3df98cec0726" />
    <UnitTestResult executionId="b2e0557d-1330-4342-bd6d-23ddbcfbf40d" testId="355b97c5-ff82-26ed-9b1a-c9cac8f2a3f4" testName="AccessToDB.Tests.LiftsSlopesRepositoryTests.TestUpdateLiftSlopeByIDAsyncOk(liftSlope: LiftSlope { RecordID = 20, LiftID = 62, SlopeID = 32 })" computerName="DESKTOP-TJ9D65N" duration="00:00:00.3914149" startTime="2022-10-15T23:16:21.4644203+03:00" endTime="2022-10-15T23:16:21.4644205+03:00" testType="13cdc9d9-ddb5-4fa4-a97d-d965ccfc6d4b" outcome="Passed" testListId="8c84fa94-04c1-424b-9868-57a2d4851a1d" relativeResultsDirectory="b2e0557d-1330-4342-bd6d-23ddbcfbf40d" />
    <UnitTestResult executionId="7d83a695-17ad-4ce8-8b7f-aed8bafaa0f5" testId="75661130-30dc-32a2-d490-ea65e744c9df" testName="AccessToDB.Tests.LiftsSlopesRepositoryTests.TestGetSlopesByLiftIdAsyncFailsWhenSlopeNotExists(liftSlope: LiftSlope { RecordID = 113, LiftID = 7, SlopeID = 138 })" computerName="DESKTOP-TJ9D65N" duration="00:00:00.3818115" startTime="2022-10-15T23:16:20.6820390+03:00" endTime="2022-10-15T23:16:20.6820391+03:00" testType="13cdc9d9-ddb5-4fa4-a97d-d965ccfc6d4b" outcome="Passed" testListId="8c84fa94-04c1-424b-9868-57a2d4851a1d" relativeResultsDirectory="7d83a695-17ad-4ce8-8b7f-aed8bafaa0f5" />
    <UnitTestResult executionId="416495c9-997e-4cd9-8a70-0cfdd5424037" testId="9065c16f-35d8-2830-ec20-b067dee23e03" testName="AccessToDB.Tests.TurnstilesRepositoryTests.TestAddTurnstileAsyncFailsWhenTurnstileIdRepeats(turnstile: Turnstile { TurnstileID = 112, LiftID = 143, IsOpen = True })" computerName="DESKTOP-TJ9D65N" duration="00:00:00.3960882" startTime="2022-10-15T23:16:34.3622542+03:00" endTime="2022-10-15T23:16:34.3622543+03:00" testType="13cdc9d9-ddb5-4fa4-a97d-d965ccfc6d4b" outcome="Passed" testListId="8c84fa94-04c1-424b-9868-57a2d4851a1d" relativeResultsDirectory="416495c9-997e-4cd9-8a70-0cfdd5424037" />
    <UnitTestResult executionId="83cc10db-585d-43c0-9313-1b91ba0cf7fa" testId="57c1d1e6-c099-f275-48c9-7dcdda8db29a" testName="AccessToDB.Tests.LiftsRepositoryTests.TestAddLiftAsyncFailsWhenLiftIdRepeats(lift: Lift { LiftID = 123, LiftName = liftName283599ad-1080-4623-9d05-afd46470f3a0, IsOpen = True, SeatsAmount = 118, LiftingTime = 87, QueueTime = 55, ConnectedSlopes =  })" computerName="DESKTOP-TJ9D65N" duration="00:00:00.3939649" startTime="2022-10-15T23:16:29.4435243+03:00" endTime="2022-10-15T23:16:29.4435244+03:00" testType="13cdc9d9-ddb5-4fa4-a97d-d965ccfc6d4b" outcome="Passed" testListId="8c84fa94-04c1-424b-9868-57a2d4851a1d" relativeResultsDirectory="83cc10db-585d-43c0-9313-1b91ba0cf7fa" />
    <UnitTestResult executionId="766ecdcc-9d73-405c-9553-b376c4e53ede" testId="60028a7b-84d8-a502-b9b3-fb63217dd8d5" testName="AccessToDB.Tests.TurnstilesRepositoryTests.TestGetTurnstilesByLiftIdAsyncOk(liftID: 25)" computerName="DESKTOP-TJ9D65N" duration="00:00:00.4883915" startTime="2022-10-15T23:16:33.5158605+03:00" endTime="2022-10-15T23:16:33.5158606+03:00" testType="13cdc9d9-ddb5-4fa4-a97d-d965ccfc6d4b" outcome="Passed" testListId="8c84fa94-04c1-424b-9868-57a2d4851a1d" relativeResultsDirectory="766ecdcc-9d73-405c-9553-b376c4e53ede" />
    <UnitTestResult executionId="e29b1f54-2b27-4e2a-9337-b90f0988d072" testId="72ce8568-c99a-4a56-9133-ebec06c88f35" testName="AccessToDB.Tests.UsersRepositoryTests.TestDeleteUserByIDAsyncFailsWhenIDNotExists(userID: 27)" computerName="DESKTOP-TJ9D65N" duration="00:00:00.3665011" startTime="2022-10-15T23:16:28.2123548+03:00" endTime="2022-10-15T23:16:28.2123551+03:00" testType="13cdc9d9-ddb5-4fa4-a97d-d965ccfc6d4b" outcome="Passed" testListId="8c84fa94-04c1-424b-9868-57a2d4851a1d" relativeResultsDirectory="e29b1f54-2b27-4e2a-9337-b90f0988d072" />
    <UnitTestResult executionId="56e951ed-e458-428c-957a-6546028be35e" testId="9bbefb83-8311-6e03-307f-415e3495e223" testName="AccessToDB.Tests.SlopesRepositoryTests.TestGetSlopesAsyncEmpty" computerName="DESKTOP-TJ9D65N" duration="00:00:00.3628758" startTime="2022-10-15T23:16:24.6433476+03:00" endTime="2022-10-15T23:16:24.6433478+03:00" testType="13cdc9d9-ddb5-4fa4-a97d-d965ccfc6d4b" outcome="Passed" testListId="8c84fa94-04c1-424b-9868-57a2d4851a1d" relativeResultsDirectory="56e951ed-e458-428c-957a-6546028be35e" />
    <UnitTestResult executionId="16968780-d5dc-45b2-8c8a-306e542e16c0" testId="c91f297d-56b8-f9a0-72fa-742ff2b28a3a" testName="AccessToDB.Tests.SlopesRepositoryTests.TestUpdateSlopeByIDAsyncOk(slope: Slope { SlopeID = 11, SlopeName = slopeNamea1a809e6-48ef-44ed-b916-be6554781746, IsOpen = True, DifficultyLevel = 138, ConnectedLifts =  })" computerName="DESKTOP-TJ9D65N" duration="00:00:00.3916210" startTime="2022-10-15T23:16:23.8542103+03:00" endTime="2022-10-15T23:16:23.8542106+03:00" testType="13cdc9d9-ddb5-4fa4-a97d-d965ccfc6d4b" outcome="Passed" testListId="8c84fa94-04c1-424b-9868-57a2d4851a1d" relativeResultsDirectory="16968780-d5dc-45b2-8c8a-306e542e16c0" />
    <UnitTestResult executionId="df09f1a2-e5c6-4ba4-bc35-fa2ce5d8796b" testId="4adb2cf1-adb5-73c8-c095-37a40e2c707d" testName="AccessToDB.Tests.UsersRepositoryTests.TestUpdateUserByIDAsyncOk(user: User { UserID = 87, CardID = 164, UserEmail = UserEmail39206a00-84dc-4748-a683-b8adf7058310, Password = password2fc75fa9-b430-494a-92a5-ffaef3e33cba, Permissions = UNAUTHORIZED })" computerName="DESKTOP-TJ9D65N" duration="00:00:00.3948799" startTime="2022-10-15T23:16:27.4377820+03:00" endTime="2022-10-15T23:16:27.4377824+03:00" testType="13cdc9d9-ddb5-4fa4-a97d-d965ccfc6d4b" outcome="Passed" testListId="8c84fa94-04c1-424b-9868-57a2d4851a1d" relativeResultsDirectory="df09f1a2-e5c6-4ba4-bc35-fa2ce5d8796b" />
    <UnitTestResult executionId="304aea38-0a94-488d-8ef1-31c917f8dcbb" testId="32f74590-f6c9-4860-a159-fbd2f1772dcd" testName="AccessToDB.Tests.SlopesRepositoryTests.TestAddSlopeAsyncFailsWhenSlopeIdRepeats(slope: Slope { SlopeID = 57, SlopeName = slopeName6741b30c-e40e-4cb5-9c30-7829d69de6b5, IsOpen = True, DifficultyLevel = 136, ConnectedLifts =  })" computerName="DESKTOP-TJ9D65N" duration="00:00:00.3957487" startTime="2022-10-15T23:16:23.4482246+03:00" endTime="2022-10-15T23:16:23.4482248+03:00" testType="13cdc9d9-ddb5-4fa4-a97d-d965ccfc6d4b" outcome="Passed" testListId="8c84fa94-04c1-424b-9868-57a2d4851a1d" relativeResultsDirectory="304aea38-0a94-488d-8ef1-31c917f8dcbb" />
    <UnitTestResult executionId="1c3e0bc1-58b9-4843-94f8-2bc3d02d8aeb" testId="a39a2a3f-e7b1-bd31-85f7-f08f79cd8ee2" testName="AccessToDB.Tests.LiftsRepositoryTests.TestGetLiftByIdAsyncOk(lift: Lift { LiftID = 209, LiftName = liftName25d2464f-87e3-474d-af41-32f25ec5abc0, IsOpen = True, SeatsAmount = 61, LiftingTime = 175, QueueTime = 127, ConnectedSlopes =  })" computerName="DESKTOP-TJ9D65N" duration="00:00:00.3901031" startTime="2022-10-15T23:16:31.0715284+03:00" endTime="2022-10-15T23:16:31.0715287+03:00" testType="13cdc9d9-ddb5-4fa4-a97d-d965ccfc6d4b" outcome="Passed" testListId="8c84fa94-04c1-424b-9868-57a2d4851a1d" relativeResultsDirectory="1c3e0bc1-58b9-4843-94f8-2bc3d02d8aeb" />
    <UnitTestResult executionId="ce1ac13d-34a1-47c8-ab6f-3fa78a97b86d" testId="83052afa-5c7c-6f75-1c79-fa87bb54667b" testName="AccessToDB.Tests.TurnstilesRepositoryTests.TestUpdateTurnstileByIDAsyncOk(turnstile: Turnstile { TurnstileID = 143, LiftID = 237, IsOpen = True })" computerName="DESKTOP-TJ9D65N" duration="00:00:00.3920124" startTime="2022-10-15T23:16:32.2522755+03:00" endTime="2022-10-15T23:16:32.2522757+03:00" testType="13cdc9d9-ddb5-4fa4-a97d-d965ccfc6d4b" outcome="Passed" testListId="8c84fa94-04c1-424b-9868-57a2d4851a1d" relativeResultsDirectory="ce1ac13d-34a1-47c8-ab6f-3fa78a97b86d" />
    <UnitTestResult executionId="6761610e-3d5b-4653-83bc-fb991fc66817" testId="45a49e59-14cc-76eb-a8d3-da545c87ca78" testName="AccessToDB.Tests.LiftsSlopesRepositoryTests.TestGetLiftsBySlopeIdAsyncOk(slope1: Slope { SlopeID = 24, SlopeName = slopeNamed6e1c63f-f9e8-4c9a-9d75-f990ec3bfcfd, IsOpen = True, DifficultyLevel = 125, ConnectedLifts =  }, slope2: Slope { SlopeID = 64, SlopeName = slopeName84302227-0efb-4e94-a07c-a89ac6cd0ca5, IsOpen = False, DifficultyLevel = 68, ConnectedLifts =  }, lift1: Lift { LiftID = 216, LiftName = liftName72ce8417-e5e1-445e-bcf5-a9649abf6eaf, IsOpen = True, SeatsAmount = 35, LiftingTime = 178, QueueTime = 51, ConnectedSlopes =  }, lift2: Lift { LiftID = 188, LiftName = liftName8b46a368-15c6-460e-a4fd-84415d1d394c, IsOpen = False, SeatsAmount = 83, LiftingTime = 91, QueueTime = 1, ConnectedSlopes =  })" computerName="DESKTOP-TJ9D65N" duration="00:00:00.5096992" startTime="2022-10-15T23:16:19.4503102+03:00" endTime="2022-10-15T23:16:19.4503347+03:00" testType="13cdc9d9-ddb5-4fa4-a97d-d965ccfc6d4b" outcome="Passed" testListId="8c84fa94-04c1-424b-9868-57a2d4851a1d" relativeResultsDirectory="6761610e-3d5b-4653-83bc-fb991fc66817" />
    <UnitTestResult executionId="fec47311-e592-46c8-8943-3687c86ba9d1" testId="8f7ba917-f771-0dc5-f9b9-465c34344b12" testName="AccessToDB.Tests.SlopesRepositoryTests.TestAddSlopeAutoIncrementAsyncOk" computerName="DESKTOP-TJ9D65N" duration="00:00:00.3918385" startTime="2022-10-15T23:16:24.2653340+03:00" endTime="2022-10-15T23:16:24.2653343+03:00" testType="13cdc9d9-ddb5-4fa4-a97d-d965ccfc6d4b" outcome="Passed" testListId="8c84fa94-04c1-424b-9868-57a2d4851a1d" relativeResultsDirectory="fec47311-e592-46c8-8943-3687c86ba9d1" />
    <UnitTestResult executionId="87932d67-3f81-463a-886c-926d8a1f3af5" testId="42cf89e9-227a-02fc-65bb-2063a5cdb6b6" testName="AccessToDB.Tests.SlopesRepositoryTests.TestGetSlopeByNameAsyncFailsWhenNameNotExists(slopeName: &quot;slopeName61318b62-5bf3-40fb-a874-455f9b77ed9b&quot;)" computerName="DESKTOP-TJ9D65N" duration="00:00:00.3653931" startTime="2022-10-15T23:16:23.0368683+03:00" endTime="2022-10-15T23:16:23.0368685+03:00" testType="13cdc9d9-ddb5-4fa4-a97d-d965ccfc6d4b" outcome="Passed" testListId="8c84fa94-04c1-424b-9868-57a2d4851a1d" relativeResultsDirectory="87932d67-3f81-463a-886c-926d8a1f3af5" />
    <UnitTestResult executionId="43e9675a-3599-47e2-992a-173dff15c971" testId="e75bb6e2-88d9-af2a-a444-c4a9d67f0f0e" testName="AccessToDB.Tests.UsersRepositoryTests.TestAddUserAutoIncrementAsyncOk" computerName="DESKTOP-TJ9D65N" duration="00:00:00.4079808" startTime="2022-10-15T23:16:29.0350956+03:00" endTime="2022-10-15T23:16:29.0350957+03:00" testType="13cdc9d9-ddb5-4fa4-a97d-d965ccfc6d4b" outcome="Passed" testListId="8c84fa94-04c1-424b-9868-57a2d4851a1d" relativeResultsDirectory="43e9675a-3599-47e2-992a-173dff15c971" />
    <UnitTestResult executionId="bfa68bf9-9b81-49a7-974b-d4b65bcabca6" testId="465d30f6-03e1-2fda-80c1-70b10e65ba0a" testName="AccessToDB.Tests.UsersRepositoryTests.TestCheckUserIdExistsAsyncTrue(user: User { UserID = 19, CardID = 224, UserEmail = UserEmail356a3c5b-bb79-40dd-95c3-15c8cefb6604, Password = password33e5ac93-399f-437b-b09e-66ded4cbe465, Permissions = UNAUTHORIZED })" computerName="DESKTOP-TJ9D65N" duration="00:00:00.3815372" startTime="2022-10-15T23:16:27.0264962+03:00" endTime="2022-10-15T23:16:27.0264964+03:00" testType="13cdc9d9-ddb5-4fa4-a97d-d965ccfc6d4b" outcome="Passed" testListId="8c84fa94-04c1-424b-9868-57a2d4851a1d" relativeResultsDirectory="bfa68bf9-9b81-49a7-974b-d4b65bcabca6" />
    <UnitTestResult executionId="c089d130-5855-4ebc-b7fe-d97d274f53d8" testId="67aea99d-7ae3-9080-5034-212feb080673" testName="AccessToDB.Tests.TurnstilesRepositoryTests.TestGetTurnstileByIdAsyncOk(turnstile: Turnstile { TurnstileID = 30, LiftID = 117, IsOpen = True })" computerName="DESKTOP-TJ9D65N" duration="00:00:00.3870723" startTime="2022-10-15T23:16:34.7776921+03:00" endTime="2022-10-15T23:16:34.7776924+03:00" testType="13cdc9d9-ddb5-4fa4-a97d-d965ccfc6d4b" outcome="Passed" testListId="8c84fa94-04c1-424b-9868-57a2d4851a1d" relativeResultsDirectory="c089d130-5855-4ebc-b7fe-d97d274f53d8" />
    <UnitTestResult executionId="4ea1b1c8-1a57-433c-a49c-903e1fae8848" testId="607e8298-f113-be33-300e-15a343893443" testName="AccessToDB.Tests.LiftsRepositoryTests.TestGetLiftsAsyncEmpty" computerName="DESKTOP-TJ9D65N" duration="00:00:00.3679558" startTime="2022-10-15T23:16:31.4657320+03:00" endTime="2022-10-15T23:16:31.4657328+03:00" testType="13cdc9d9-ddb5-4fa4-a97d-d965ccfc6d4b" outcome="Passed" testListId="8c84fa94-04c1-424b-9868-57a2d4851a1d" relativeResultsDirectory="4ea1b1c8-1a57-433c-a49c-903e1fae8848" />
    <UnitTestResult executionId="d5e6f810-2dec-49d5-9b3b-336c027ca02c" testId="b9f77504-9ab5-742f-37d5-43925b0e3a91" testName="AccessToDB.Tests.UsersRepositoryTests.TestGetUserByEmailAsyncFailsWhenEmailNotExists(email: &quot;emailcb73e15b-bbc7-4ccc-9e9d-6d2a40433ffb&quot;)" computerName="DESKTOP-TJ9D65N" duration="00:00:00.3639693" startTime="2022-10-15T23:16:28.6034288+03:00" endTime="2022-10-15T23:16:28.6034291+03:00" testType="13cdc9d9-ddb5-4fa4-a97d-d965ccfc6d4b" outcome="Passed" testListId="8c84fa94-04c1-424b-9868-57a2d4851a1d" relativeResultsDirectory="d5e6f810-2dec-49d5-9b3b-336c027ca02c" />
    <UnitTestResult executionId="eb34e16c-4bd1-4b37-8a6a-c4dd732ef93e" testId="3741b26d-6ee0-6246-29e4-92009bff37b0" testName="AccessToDB.Tests.UsersRepositoryTests.TestGetUsersAsyncEmpty" computerName="DESKTOP-TJ9D65N" duration="00:00:00.3619332" startTime="2022-10-15T23:16:25.8260986+03:00" endTime="2022-10-15T23:16:25.8260987+03:00" testType="13cdc9d9-ddb5-4fa4-a97d-d965ccfc6d4b" outcome="Passed" testListId="8c84fa94-04c1-424b-9868-57a2d4851a1d" relativeResultsDirectory="eb34e16c-4bd1-4b37-8a6a-c4dd732ef93e" />
    <UnitTestResult executionId="a46c8e29-cf2f-4b54-bebd-bbf2a4c03388" testId="2386f12d-2394-1ef8-399c-5aa2a8a98562" testName="AccessToDB.Tests.UsersRepositoryTests.TestGetUserByIdAsyncOk(user: User { UserID = 243, CardID = 20, UserEmail = UserEmail9274ac04-835a-45d3-afa4-3297e416e67a, Password = password69bfd268-3dfa-4117-87a8-fdfbb9428e9d, Permissions = UNAUTHORIZED })" computerName="DESKTOP-TJ9D65N" duration="00:00:00.3821235" startTime="2022-10-15T23:16:26.6297336+03:00" endTime="2022-10-15T23:16:26.6297339+03:00" testType="13cdc9d9-ddb5-4fa4-a97d-d965ccfc6d4b" outcome="Passed" testListId="8c84fa94-04c1-424b-9868-57a2d4851a1d" relativeResultsDirectory="a46c8e29-cf2f-4b54-bebd-bbf2a4c03388" />
    <UnitTestResult executionId="a2408469-f04c-4e31-8a77-0d6c4df79c44" testId="b0f4187f-e340-dacc-b80e-aef821659bbd" testName="AccessToDB.Tests.SlopesRepositoryTests.TestDeleteSlopeByIDAsyncFailsWhenIDNotExists(slopeID: 236)" computerName="DESKTOP-TJ9D65N" duration="00:00:00.3627460" startTime="2022-10-15T23:16:25.4387861+03:00" endTime="2022-10-15T23:16:25.4387862+03:00" testType="13cdc9d9-ddb5-4fa4-a97d-d965ccfc6d4b" outcome="Passed" testListId="8c84fa94-04c1-424b-9868-57a2d4851a1d" relativeResultsDirectory="a2408469-f04c-4e31-8a77-0d6c4df79c44" />
    <UnitTestResult executionId="6305c316-4a75-4cd3-a50b-3d47b9d1c5ab" testId="6c80ec88-034d-4e3a-b30d-81d71fb8c50f" testName="AccessToDB.Tests.SlopesRepositoryTests.TestGetSlopeByIdAsyncOk(slope: Slope { SlopeID = 236, SlopeName = slopeName3be926ff-d9b7-439f-8a53-a9d9c9f06883, IsOpen = True, DifficultyLevel = 244, ConnectedLifts =  })" computerName="DESKTOP-TJ9D65N" duration="00:00:00.3841131" startTime="2022-10-15T23:16:25.0527959+03:00" endTime="2022-10-15T23:16:25.0527961+03:00" testType="13cdc9d9-ddb5-4fa4-a97d-d965ccfc6d4b" outcome="Passed" testListId="8c84fa94-04c1-424b-9868-57a2d4851a1d" relativeResultsDirectory="6305c316-4a75-4cd3-a50b-3d47b9d1c5ab" />
    <UnitTestResult executionId="b8d4028b-c264-44e8-ba48-ed556e3de29b" testId="27e3f3e2-d661-1079-6ea7-7f7e1fdb5d1b" testName="AccessToDB.Tests.LiftsRepositoryTests.TestGetLiftByNameAsyncFailsWhenNameNotExists(liftName: &quot;liftName5cf19901-e011-45ef-abf2-a91055ec1257&quot;)" computerName="DESKTOP-TJ9D65N" duration="00:00:00.3699315" startTime="2022-10-15T23:16:30.2372177+03:00" endTime="2022-10-15T23:16:30.2372182+03:00" testType="13cdc9d9-ddb5-4fa4-a97d-d965ccfc6d4b" outcome="Passed" testListId="8c84fa94-04c1-424b-9868-57a2d4851a1d" relativeResultsDirectory="b8d4028b-c264-44e8-ba48-ed556e3de29b" />
    <UnitTestResult executionId="aa1c7c38-ed33-479b-8584-ae30cb00e54b" testId="ec229f70-485a-f91b-53ed-bce655f6cd58" testName="AccessToDB.Tests.LiftsRepositoryTests.TestAddLiftAutoIncrementAsyncOk" computerName="DESKTOP-TJ9D65N" duration="00:00:00.3928646" startTime="2022-10-15T23:16:29.8519828+03:00" endTime="2022-10-15T23:16:29.8519830+03:00" testType="13cdc9d9-ddb5-4fa4-a97d-d965ccfc6d4b" outcome="Passed" testListId="8c84fa94-04c1-424b-9868-57a2d4851a1d" relativeResultsDirectory="aa1c7c38-ed33-479b-8584-ae30cb00e54b" />
    <UnitTestResult executionId="a256006a-a40f-4c98-8868-40e87fc9225a" testId="fddf51ae-7fdd-4246-1d7f-6bc2b7b15d6e" testName="AccessToDB.Tests.TurnstilesRepositoryTests.TestDeleteTurnstileByIDAsyncFailsWhenIDNotExists(turnstileID: 73)" computerName="DESKTOP-TJ9D65N" duration="00:00:00.3628860" startTime="2022-10-15T23:16:32.6400471+03:00" endTime="2022-10-15T23:16:32.6400472+03:00" testType="13cdc9d9-ddb5-4fa4-a97d-d965ccfc6d4b" outcome="Passed" testListId="8c84fa94-04c1-424b-9868-57a2d4851a1d" relativeResultsDirectory="a256006a-a40f-4c98-8868-40e87fc9225a" />
    <UnitTestResult executionId="1702d2a8-15e7-41b3-aa57-5669291567cb" testId="3c521313-4ed6-6bce-b4f9-c359411028e7" testName="AccessToDB.Tests.TurnstilesRepositoryTests.TestGetTurnstilesAsyncEmpty" computerName="DESKTOP-TJ9D65N" duration="00:00:00.3602157" startTime="2022-10-15T23:16:33.0146927+03:00" endTime="2022-10-15T23:16:33.0146928+03:00" testType="13cdc9d9-ddb5-4fa4-a97d-d965ccfc6d4b" outcome="Passed" testListId="8c84fa94-04c1-424b-9868-57a2d4851a1d" relativeResultsDirectory="1702d2a8-15e7-41b3-aa57-5669291567cb" />
    <UnitTestResult executionId="b7c9c5dc-a1f9-4821-a0e4-3f50c6e98b2e" testId="d4422774-e399-ac40-518f-47658b11143f" testName="AccessToDB.Tests.LiftsRepositoryTests.TestUpdateLiftByIDAsyncOk(lift: Lift { LiftID = 137, LiftName = liftNameb8019bf1-5801-49b4-8d44-ac821ddef2a5, IsOpen = True, SeatsAmount = 41, LiftingTime = 152, QueueTime = 93, ConnectedSlopes =  })" computerName="DESKTOP-TJ9D65N" duration="00:00:00.3926697" startTime="2022-10-15T23:16:30.6624975+03:00" endTime="2022-10-15T23:16:30.6624978+03:00" testType="13cdc9d9-ddb5-4fa4-a97d-d965ccfc6d4b" outcome="Passed" testListId="8c84fa94-04c1-424b-9868-57a2d4851a1d" relativeResultsDirectory="b7c9c5dc-a1f9-4821-a0e4-3f50c6e98b2e" />
    <UnitTestResult executionId="dd134877-f345-479b-a502-53b83e1e734b" testId="661a4e17-3d25-a39b-f5b4-83f643e739e4" testName="AccessToDB.Tests.UsersRepositoryTests.TestCheckUserEmailExistsAsyncFalse(userEmail: &quot;userEmail859a3dd9-710a-4a88-8041-541306c551e8&quot;)" computerName="DESKTOP-TJ9D65N" duration="00:00:00.3651101" startTime="2022-10-15T23:16:27.8289871+03:00" endTime="2022-10-15T23:16:27.8289872+03:00" testType="13cdc9d9-ddb5-4fa4-a97d-d965ccfc6d4b" outcome="Passed" testListId="8c84fa94-04c1-424b-9868-57a2d4851a1d" relativeResultsDirectory="dd134877-f345-479b-a502-53b83e1e734b" />
    <UnitTestResult executionId="d543ff86-2631-4a1a-bdd4-886e09b65671" testId="4145f44e-b4b1-a618-09e8-c631496e6f1a" testName="AccessToDB.Tests.LiftsSlopesRepositoryTests.TestGetLiftSlopesAsyncEmpty" computerName="DESKTOP-TJ9D65N" duration="00:00:00.3614868" startTime="2022-10-15T23:16:22.6521681+03:00" endTime="2022-10-15T23:16:22.6521682+03:00" testType="13cdc9d9-ddb5-4fa4-a97d-d965ccfc6d4b" outcome="Passed" testListId="8c84fa94-04c1-424b-9868-57a2d4851a1d" relativeResultsDirectory="d543ff86-2631-4a1a-bdd4-886e09b65671" />
    <UnitTestResult executionId="04cd27d1-f979-4516-92de-b55c69ba318a" testId="30f8e924-9784-0a43-e807-094f70e06567" testName="AccessToDB.Tests.LiftsSlopesRepositoryTests.TestAddLiftSlopeAutoIncrementAsyncOk" computerName="DESKTOP-TJ9D65N" duration="00:00:00.3923182" startTime="2022-10-15T23:16:22.2763237+03:00" endTime="2022-10-15T23:16:22.2763238+03:00" testType="13cdc9d9-ddb5-4fa4-a97d-d965ccfc6d4b" outcome="Passed" testListId="8c84fa94-04c1-424b-9868-57a2d4851a1d" relativeResultsDirectory="04cd27d1-f979-4516-92de-b55c69ba318a" />
    <UnitTestResult executionId="b8972794-2fcd-47a5-b6b9-14716608f8c3" testId="fb912c4e-252a-beaf-09b4-c45b49e7cbb4" testName="AccessToDB.Tests.LiftsRepositoryTests.TestDeleteLiftByIDAsyncFailsWhenIDNotExists(liftID: 84)" computerName="DESKTOP-TJ9D65N" duration="00:00:00.3594802" startTime="2022-10-15T23:16:31.8408359+03:00" endTime="2022-10-15T23:16:31.8408361+03:00" testType="13cdc9d9-ddb5-4fa4-a97d-d965ccfc6d4b" outcome="Passed" testListId="8c84fa94-04c1-424b-9868-57a2d4851a1d" relativeResultsDirectory="b8972794-2fcd-47a5-b6b9-14716608f8c3" />
    <UnitTestResult executionId="8c0d65a1-755d-4935-9265-55b73153bde8" testId="9f75ece9-9a4e-c3f4-e498-019dd4063f8c" testName="AccessToDB.Tests.LiftsSlopesRepositoryTests.TestGetLiftSlopeByIdAsyncOk(liftSlope: LiftSlope { RecordID = 15, LiftID = 57, SlopeID = 31 })" computerName="DESKTOP-TJ9D65N" duration="00:00:00.3851594" startTime="2022-10-15T23:16:20.2839490+03:00" endTime="2022-10-15T23:16:20.2839492+03:00" testType="13cdc9d9-ddb5-4fa4-a97d-d965ccfc6d4b" outcome="Passed" testListId="8c84fa94-04c1-424b-9868-57a2d4851a1d" relativeResultsDirectory="8c0d65a1-755d-4935-9265-55b73153bde8" />
  </Results>
  <TestDefinitions>
    <UnitTest name="AccessToDB.Tests.LiftsSlopesRepositoryTests.TestUpdateLiftSlopeByIDAsyncOk(liftSlope: LiftSlope { RecordID = 20, LiftID = 62, SlopeID = 32 })" storage="/mnt/c/users/alena/desktop/7_sem/testing_and_debugging/skiresort/accesstodb.tests/bin/debug/net6.0/accesstodb.tests.dll" id="355b97c5-ff82-26ed-9b1a-c9cac8f2a3f4">
      <Execution id="b2e0557d-1330-4342-bd6d-23ddbcfbf40d" />
      <TestMethod codeBase="/mnt/c/Users/alena/Desktop/7_sem/testing_and_debugging/SkiResort/AccessToDB.Tests/bin/Debug/net6.0/AccessToDB.Tests.dll" adapterTypeName="executor://xunit/VsTestRunner2/netcoreapp" className="AccessToDB.Tests.LiftsSlopesRepositoryTests" name="TestUpdateLiftSlopeByIDAsyncOk" />
    </UnitTest>
    <UnitTest name="AccessToDB.Tests.UsersRepositoryTests.TestGetUsersAsyncEmpty" storage="/mnt/c/users/alena/desktop/7_sem/testing_and_debugging/skiresort/accesstodb.tests/bin/debug/net6.0/accesstodb.tests.dll" id="3741b26d-6ee0-6246-29e4-92009bff37b0">
      <Execution id="eb34e16c-4bd1-4b37-8a6a-c4dd732ef93e" />
      <TestMethod codeBase="/mnt/c/Users/alena/Desktop/7_sem/testing_and_debugging/SkiResort/AccessToDB.Tests/bin/Debug/net6.0/AccessToDB.Tests.dll" adapterTypeName="executor://xunit/VsTestRunner2/netcoreapp" className="AccessToDB.Tests.UsersRepositoryTests" name="TestGetUsersAsyncEmpty" />
    </UnitTest>
    <UnitTest name="AccessToDB.Tests.TurnstilesRepositoryTests.TestAddTurnstileAutoIncrementAsyncOk" storage="/mnt/c/users/alena/desktop/7_sem/testing_and_debugging/skiresort/accesstodb.tests/bin/debug/net6.0/accesstodb.tests.dll" id="f9435956-2e34-e52b-c34e-dce53665cf8e">
      <Execution id="f65ae2a5-79dd-424c-bb7b-3df98cec0726" />
      <TestMethod codeBase="/mnt/c/Users/alena/Desktop/7_sem/testing_and_debugging/SkiResort/AccessToDB.Tests/bin/Debug/net6.0/AccessToDB.Tests.dll" adapterTypeName="executor://xunit/VsTestRunner2/netcoreapp" className="AccessToDB.Tests.TurnstilesRepositoryTests" name="TestAddTurnstileAutoIncrementAsyncOk" />
    </UnitTest>
    <UnitTest name="AccessToDB.Tests.UsersRepositoryTests.TestAddUserAsyncFailsWhenUserIdRepeats(user: User { UserID = 118, CardID = 168, UserEmail = UserEmail5c56d91b-d6bf-4956-bda9-94e482478c71, Password = passwordd761815e-bd51-4901-8d75-473dd4a2f5e3, Permissions = UNAUTHORIZED })" storage="/mnt/c/users/alena/desktop/7_sem/testing_and_debugging/skiresort/accesstodb.tests/bin/debug/net6.0/accesstodb.tests.dll" id="9e0e9a89-fb05-0bd6-6086-61b5f049c4d2">
      <Execution id="94219f29-2d34-459e-a516-18262555e62d" />
      <TestMethod codeBase="/mnt/c/Users/alena/Desktop/7_sem/testing_and_debugging/SkiResort/AccessToDB.Tests/bin/Debug/net6.0/AccessToDB.Tests.dll" adapterTypeName="executor://xunit/VsTestRunner2/netcoreapp" className="AccessToDB.Tests.UsersRepositoryTests" name="TestAddUserAsyncFailsWhenUserIdRepeats" />
    </UnitTest>
    <UnitTest name="AccessToDB.Tests.TurnstilesRepositoryTests.TestDeleteTurnstileByIDAsyncFailsWhenIDNotExists(turnstileID: 73)" storage="/mnt/c/users/alena/desktop/7_sem/testing_and_debugging/skiresort/accesstodb.tests/bin/debug/net6.0/accesstodb.tests.dll" id="fddf51ae-7fdd-4246-1d7f-6bc2b7b15d6e">
      <Execution id="a256006a-a40f-4c98-8868-40e87fc9225a" />
      <TestMethod codeBase="/mnt/c/Users/alena/Desktop/7_sem/testing_and_debugging/SkiResort/AccessToDB.Tests/bin/Debug/net6.0/AccessToDB.Tests.dll" adapterTypeName="executor://xunit/VsTestRunner2/netcoreapp" className="AccessToDB.Tests.TurnstilesRepositoryTests" name="TestDeleteTurnstileByIDAsyncFailsWhenIDNotExists" />
    </UnitTest>
    <UnitTest name="AccessToDB.Tests.LiftsSlopesRepositoryTests.TestAddLiftSlopeAsyncFailsWhenLiftSlopeIdRepeats(liftSlope: LiftSlope { RecordID = 104, LiftID = 6, SlopeID = 162 })" storage="/mnt/c/users/alena/desktop/7_sem/testing_and_debugging/skiresort/accesstodb.tests/bin/debug/net6.0/accesstodb.tests.dll" id="308ff62e-af13-eacc-8a38-4fb8b357559a">
      <Execution id="ff004304-36d9-4972-b971-c1e66635e98e" />
      <TestMethod codeBase="/mnt/c/Users/alena/Desktop/7_sem/testing_and_debugging/SkiResort/AccessToDB.Tests/bin/Debug/net6.0/AccessToDB.Tests.dll" adapterTypeName="executor://xunit/VsTestRunner2/netcoreapp" className="AccessToDB.Tests.LiftsSlopesRepositoryTests" name="TestAddLiftSlopeAsyncFailsWhenLiftSlopeIdRepeats" />
    </UnitTest>
    <UnitTest name="AccessToDB.Tests.LiftsSlopesRepositoryTests.TestDeleteLiftSlopeByIDAsyncFailsWhenIDNotExists(liftSlopeID: 147)" storage="/mnt/c/users/alena/desktop/7_sem/testing_and_debugging/skiresort/accesstodb.tests/bin/debug/net6.0/accesstodb.tests.dll" id="4ac7d377-054e-22f1-f0c8-b1d01734fcc6">
      <Execution id="02bada7d-54d3-42ef-a762-62b1c6cbae90" />
      <TestMethod codeBase="/mnt/c/Users/alena/Desktop/7_sem/testing_and_debugging/SkiResort/AccessToDB.Tests/bin/Debug/net6.0/AccessToDB.Tests.dll" adapterTypeName="executor://xunit/VsTestRunner2/netcoreapp" className="AccessToDB.Tests.LiftsSlopesRepositoryTests" name="TestDeleteLiftSlopeByIDAsyncFailsWhenIDNotExists" />
    </UnitTest>
    <UnitTest name="AccessToDB.Tests.UsersRepositoryTests.TestGetUserByEmailAsyncFailsWhenEmailNotExists(email: &quot;emailcb73e15b-bbc7-4ccc-9e9d-6d2a40433ffb&quot;)" storage="/mnt/c/users/alena/desktop/7_sem/testing_and_debugging/skiresort/accesstodb.tests/bin/debug/net6.0/accesstodb.tests.dll" id="b9f77504-9ab5-742f-37d5-43925b0e3a91">
      <Execution id="d5e6f810-2dec-49d5-9b3b-336c027ca02c" />
      <TestMethod codeBase="/mnt/c/Users/alena/Desktop/7_sem/testing_and_debugging/SkiResort/AccessToDB.Tests/bin/Debug/net6.0/AccessToDB.Tests.dll" adapterTypeName="executor://xunit/VsTestRunner2/netcoreapp" className="AccessToDB.Tests.UsersRepositoryTests" name="TestGetUserByEmailAsyncFailsWhenEmailNotExists" />
    </UnitTest>
    <UnitTest name="AccessToDB.Tests.SlopesRepositoryTests.TestDeleteSlopeByIDAsyncFailsWhenIDNotExists(slopeID: 236)" storage="/mnt/c/users/alena/desktop/7_sem/testing_and_debugging/skiresort/accesstodb.tests/bin/debug/net6.0/accesstodb.tests.dll" id="b0f4187f-e340-dacc-b80e-aef821659bbd">
      <Execution id="a2408469-f04c-4e31-8a77-0d6c4df79c44" />
      <TestMethod codeBase="/mnt/c/Users/alena/Desktop/7_sem/testing_and_debugging/SkiResort/AccessToDB.Tests/bin/Debug/net6.0/AccessToDB.Tests.dll" adapterTypeName="executor://xunit/VsTestRunner2/netcoreapp" className="AccessToDB.Tests.SlopesRepositoryTests" name="TestDeleteSlopeByIDAsyncFailsWhenIDNotExists" />
    </UnitTest>
    <UnitTest name="AccessToDB.Tests.LiftsSlopesRepositoryTests.TestGetLiftSlopesAsyncEmpty" storage="/mnt/c/users/alena/desktop/7_sem/testing_and_debugging/skiresort/accesstodb.tests/bin/debug/net6.0/accesstodb.tests.dll" id="4145f44e-b4b1-a618-09e8-c631496e6f1a">
      <Execution id="d543ff86-2631-4a1a-bdd4-886e09b65671" />
      <TestMethod codeBase="/mnt/c/Users/alena/Desktop/7_sem/testing_and_debugging/SkiResort/AccessToDB.Tests/bin/Debug/net6.0/AccessToDB.Tests.dll" adapterTypeName="executor://xunit/VsTestRunner2/netcoreapp" className="AccessToDB.Tests.LiftsSlopesRepositoryTests" name="TestGetLiftSlopesAsyncEmpty" />
    </UnitTest>
    <UnitTest name="AccessToDB.Tests.TurnstilesRepositoryTests.TestUpdateTurnstileByIDAsyncOk(turnstile: Turnstile { TurnstileID = 143, LiftID = 237, IsOpen = True })" storage="/mnt/c/users/alena/desktop/7_sem/testing_and_debugging/skiresort/accesstodb.tests/bin/debug/net6.0/accesstodb.tests.dll" id="83052afa-5c7c-6f75-1c79-fa87bb54667b">
      <Execution id="ce1ac13d-34a1-47c8-ab6f-3fa78a97b86d" />
      <TestMethod codeBase="/mnt/c/Users/alena/Desktop/7_sem/testing_and_debugging/SkiResort/AccessToDB.Tests/bin/Debug/net6.0/AccessToDB.Tests.dll" adapterTypeName="executor://xunit/VsTestRunner2/netcoreapp" className="AccessToDB.Tests.TurnstilesRepositoryTests" name="TestUpdateTurnstileByIDAsyncOk" />
    </UnitTest>
    <UnitTest name="AccessToDB.Tests.SlopesRepositoryTests.TestGetSlopeByIdAsyncOk(slope: Slope { SlopeID = 236, SlopeName = slopeName3be926ff-d9b7-439f-8a53-a9d9c9f06883, IsOpen = True, DifficultyLevel = 244, ConnectedLifts =  })" storage="/mnt/c/users/alena/desktop/7_sem/testing_and_debugging/skiresort/accesstodb.tests/bin/debug/net6.0/accesstodb.tests.dll" id="6c80ec88-034d-4e3a-b30d-81d71fb8c50f">
      <Execution id="6305c316-4a75-4cd3-a50b-3d47b9d1c5ab" />
      <TestMethod codeBase="/mnt/c/Users/alena/Desktop/7_sem/testing_and_debugging/SkiResort/AccessToDB.Tests/bin/Debug/net6.0/AccessToDB.Tests.dll" adapterTypeName="executor://xunit/VsTestRunner2/netcoreapp" className="AccessToDB.Tests.SlopesRepositoryTests" name="TestGetSlopeByIdAsyncOk" />
    </UnitTest>
    <UnitTest name="AccessToDB.Tests.SlopesRepositoryTests.TestGetSlopesAsyncEmpty" storage="/mnt/c/users/alena/desktop/7_sem/testing_and_debugging/skiresort/accesstodb.tests/bin/debug/net6.0/accesstodb.tests.dll" id="9bbefb83-8311-6e03-307f-415e3495e223">
      <Execution id="56e951ed-e458-428c-957a-6546028be35e" />
      <TestMethod codeBase="/mnt/c/Users/alena/Desktop/7_sem/testing_and_debugging/SkiResort/AccessToDB.Tests/bin/Debug/net6.0/AccessToDB.Tests.dll" adapterTypeName="executor://xunit/VsTestRunner2/netcoreapp" className="AccessToDB.Tests.SlopesRepositoryTests" name="TestGetSlopesAsyncEmpty" />
    </UnitTest>
    <UnitTest name="AccessToDB.Tests.LiftsRepositoryTests.TestAddLiftAutoIncrementAsyncOk" storage="/mnt/c/users/alena/desktop/7_sem/testing_and_debugging/skiresort/accesstodb.tests/bin/debug/net6.0/accesstodb.tests.dll" id="ec229f70-485a-f91b-53ed-bce655f6cd58">
      <Execution id="aa1c7c38-ed33-479b-8584-ae30cb00e54b" />
      <TestMethod codeBase="/mnt/c/Users/alena/Desktop/7_sem/testing_and_debugging/SkiResort/AccessToDB.Tests/bin/Debug/net6.0/AccessToDB.Tests.dll" adapterTypeName="executor://xunit/VsTestRunner2/netcoreapp" className="AccessToDB.Tests.LiftsRepositoryTests" name="TestAddLiftAutoIncrementAsyncOk" />
    </UnitTest>
    <UnitTest name="AccessToDB.Tests.TurnstilesRepositoryTests.TestGetTurnstilesAsyncEmpty" storage="/mnt/c/users/alena/desktop/7_sem/testing_and_debugging/skiresort/accesstodb.tests/bin/debug/net6.0/accesstodb.tests.dll" id="3c521313-4ed6-6bce-b4f9-c359411028e7">
      <Execution id="1702d2a8-15e7-41b3-aa57-5669291567cb" />
      <TestMethod codeBase="/mnt/c/Users/alena/Desktop/7_sem/testing_and_debugging/SkiResort/AccessToDB.Tests/bin/Debug/net6.0/AccessToDB.Tests.dll" adapterTypeName="executor://xunit/VsTestRunner2/netcoreapp" className="AccessToDB.Tests.TurnstilesRepositoryTests" name="TestGetTurnstilesAsyncEmpty" />
    </UnitTest>
    <UnitTest name="AccessToDB.Tests.LiftsSlopesRepositoryTests.TestGetLiftSlopeByIdAsyncOk(liftSlope: LiftSlope { RecordID = 15, LiftID = 57, SlopeID = 31 })" storage="/mnt/c/users/alena/desktop/7_sem/testing_and_debugging/skiresort/accesstodb.tests/bin/debug/net6.0/accesstodb.tests.dll" id="9f75ece9-9a4e-c3f4-e498-019dd4063f8c">
      <Execution id="8c0d65a1-755d-4935-9265-55b73153bde8" />
      <TestMethod codeBase="/mnt/c/Users/alena/Desktop/7_sem/testing_and_debugging/SkiResort/AccessToDB.Tests/bin/Debug/net6.0/AccessToDB.Tests.dll" adapterTypeName="executor://xunit/VsTestRunner2/netcoreapp" className="AccessToDB.Tests.LiftsSlopesRepositoryTests" name="TestGetLiftSlopeByIdAsyncOk" />
    </UnitTest>
    <UnitTest name="AccessToDB.Tests.TurnstilesRepositoryTests.TestGetTurnstilesByLiftIdAsyncOk(liftID: 25)" storage="/mnt/c/users/alena/desktop/7_sem/testing_and_debugging/skiresort/accesstodb.tests/bin/debug/net6.0/accesstodb.tests.dll" id="60028a7b-84d8-a502-b9b3-fb63217dd8d5">
      <Execution id="766ecdcc-9d73-405c-9553-b376c4e53ede" />
      <TestMethod codeBase="/mnt/c/Users/alena/Desktop/7_sem/testing_and_debugging/SkiResort/AccessToDB.Tests/bin/Debug/net6.0/AccessToDB.Tests.dll" adapterTypeName="executor://xunit/VsTestRunner2/netcoreapp" className="AccessToDB.Tests.TurnstilesRepositoryTests" name="TestGetTurnstilesByLiftIdAsyncOk" />
    </UnitTest>
    <UnitTest name="AccessToDB.Tests.LiftsSlopesRepositoryTests.TestAddLiftSlopeAutoIncrementAsyncOk" storage="/mnt/c/users/alena/desktop/7_sem/testing_and_debugging/skiresort/accesstodb.tests/bin/debug/net6.0/accesstodb.tests.dll" id="30f8e924-9784-0a43-e807-094f70e06567">
      <Execution id="04cd27d1-f979-4516-92de-b55c69ba318a" />
      <TestMethod codeBase="/mnt/c/Users/alena/Desktop/7_sem/testing_and_debugging/SkiResort/AccessToDB.Tests/bin/Debug/net6.0/AccessToDB.Tests.dll" adapterTypeName="executor://xunit/VsTestRunner2/netcoreapp" className="AccessToDB.Tests.LiftsSlopesRepositoryTests" name="TestAddLiftSlopeAutoIncrementAsyncOk" />
    </UnitTest>
    <UnitTest name="AccessToDB.Tests.LiftsRepositoryTests.TestDeleteLiftByIDAsyncFailsWhenIDNotExists(liftID: 84)" storage="/mnt/c/users/alena/desktop/7_sem/testing_and_debugging/skiresort/accesstodb.tests/bin/debug/net6.0/accesstodb.tests.dll" id="fb912c4e-252a-beaf-09b4-c45b49e7cbb4">
      <Execution id="b8972794-2fcd-47a5-b6b9-14716608f8c3" />
      <TestMethod codeBase="/mnt/c/Users/alena/Desktop/7_sem/testing_and_debugging/SkiResort/AccessToDB.Tests/bin/Debug/net6.0/AccessToDB.Tests.dll" adapterTypeName="executor://xunit/VsTestRunner2/netcoreapp" className="AccessToDB.Tests.LiftsRepositoryTests" name="TestDeleteLiftByIDAsyncFailsWhenIDNotExists" />
    </UnitTest>
    <UnitTest name="AccessToDB.Tests.LiftsRepositoryTests.TestGetLiftByNameAsyncFailsWhenNameNotExists(liftName: &quot;liftName5cf19901-e011-45ef-abf2-a91055ec1257&quot;)" storage="/mnt/c/users/alena/desktop/7_sem/testing_and_debugging/skiresort/accesstodb.tests/bin/debug/net6.0/accesstodb.tests.dll" id="27e3f3e2-d661-1079-6ea7-7f7e1fdb5d1b">
      <Execution id="b8d4028b-c264-44e8-ba48-ed556e3de29b" />
      <TestMethod codeBase="/mnt/c/Users/alena/Desktop/7_sem/testing_and_debugging/SkiResort/AccessToDB.Tests/bin/Debug/net6.0/AccessToDB.Tests.dll" adapterTypeName="executor://xunit/VsTestRunner2/netcoreapp" className="AccessToDB.Tests.LiftsRepositoryTests" name="TestGetLiftByNameAsyncFailsWhenNameNotExists" />
    </UnitTest>
    <UnitTest name="AccessToDB.Tests.TurnstilesRepositoryTests.TestAddTurnstileAsyncFailsWhenTurnstileIdRepeats(turnstile: Turnstile { TurnstileID = 112, LiftID = 143, IsOpen = True })" storage="/mnt/c/users/alena/desktop/7_sem/testing_and_debugging/skiresort/accesstodb.tests/bin/debug/net6.0/accesstodb.tests.dll" id="9065c16f-35d8-2830-ec20-b067dee23e03">
      <Execution id="416495c9-997e-4cd9-8a70-0cfdd5424037" />
      <TestMethod codeBase="/mnt/c/Users/alena/Desktop/7_sem/testing_and_debugging/SkiResort/AccessToDB.Tests/bin/Debug/net6.0/AccessToDB.Tests.dll" adapterTypeName="executor://xunit/VsTestRunner2/netcoreapp" className="AccessToDB.Tests.TurnstilesRepositoryTests" name="TestAddTurnstileAsyncFailsWhenTurnstileIdRepeats" />
    </UnitTest>
    <UnitTest name="AccessToDB.Tests.UsersRepositoryTests.TestDeleteUserByIDAsyncFailsWhenIDNotExists(userID: 27)" storage="/mnt/c/users/alena/desktop/7_sem/testing_and_debugging/skiresort/accesstodb.tests/bin/debug/net6.0/accesstodb.tests.dll" id="72ce8568-c99a-4a56-9133-ebec06c88f35">
      <Execution id="e29b1f54-2b27-4e2a-9337-b90f0988d072" />
      <TestMethod codeBase="/mnt/c/Users/alena/Desktop/7_sem/testing_and_debugging/SkiResort/AccessToDB.Tests/bin/Debug/net6.0/AccessToDB.Tests.dll" adapterTypeName="executor://xunit/VsTestRunner2/netcoreapp" className="AccessToDB.Tests.UsersRepositoryTests" name="TestDeleteUserByIDAsyncFailsWhenIDNotExists" />
    </UnitTest>
    <UnitTest name="AccessToDB.Tests.LiftsSlopesRepositoryTests.TestGetLiftsBySlopeIdAsyncOk(slope1: Slope { SlopeID = 24, SlopeName = slopeNamed6e1c63f-f9e8-4c9a-9d75-f990ec3bfcfd, IsOpen = True, DifficultyLevel = 125, ConnectedLifts =  }, slope2: Slope { SlopeID = 64, SlopeName = slopeName84302227-0efb-4e94-a07c-a89ac6cd0ca5, IsOpen = False, DifficultyLevel = 68, ConnectedLifts =  }, lift1: Lift { LiftID = 216, LiftName = liftName72ce8417-e5e1-445e-bcf5-a964..." storage="/mnt/c/users/alena/desktop/7_sem/testing_and_debugging/skiresort/accesstodb.tests/bin/debug/net6.0/accesstodb.tests.dll" id="45a49e59-14cc-76eb-a8d3-da545c87ca78">
      <Execution id="6761610e-3d5b-4653-83bc-fb991fc66817" />
      <TestMethod codeBase="/mnt/c/Users/alena/Desktop/7_sem/testing_and_debugging/SkiResort/AccessToDB.Tests/bin/Debug/net6.0/AccessToDB.Tests.dll" adapterTypeName="executor://xunit/VsTestRunner2/netcoreapp" className="AccessToDB.Tests.LiftsSlopesRepositoryTests" name="TestGetLiftsBySlopeIdAsyncOk" />
    </UnitTest>
    <UnitTest name="AccessToDB.Tests.LiftsRepositoryTests.TestGetLiftByIdAsyncOk(lift: Lift { LiftID = 209, LiftName = liftName25d2464f-87e3-474d-af41-32f25ec5abc0, IsOpen = True, SeatsAmount = 61, LiftingTime = 175, QueueTime = 127, ConnectedSlopes =  })" storage="/mnt/c/users/alena/desktop/7_sem/testing_and_debugging/skiresort/accesstodb.tests/bin/debug/net6.0/accesstodb.tests.dll" id="a39a2a3f-e7b1-bd31-85f7-f08f79cd8ee2">
      <Execution id="1c3e0bc1-58b9-4843-94f8-2bc3d02d8aeb" />
      <TestMethod codeBase="/mnt/c/Users/alena/Desktop/7_sem/testing_and_debugging/SkiResort/AccessToDB.Tests/bin/Debug/net6.0/AccessToDB.Tests.dll" adapterTypeName="executor://xunit/VsTestRunner2/netcoreapp" className="AccessToDB.Tests.LiftsRepositoryTests" name="TestGetLiftByIdAsyncOk" />
    </UnitTest>
    <UnitTest name="AccessToDB.Tests.SlopesRepositoryTests.TestAddSlopeAsyncFailsWhenSlopeIdRepeats(slope: Slope { SlopeID = 57, SlopeName = slopeName6741b30c-e40e-4cb5-9c30-7829d69de6b5, IsOpen = True, DifficultyLevel = 136, ConnectedLifts =  })" storage="/mnt/c/users/alena/desktop/7_sem/testing_and_debugging/skiresort/accesstodb.tests/bin/debug/net6.0/accesstodb.tests.dll" id="32f74590-f6c9-4860-a159-fbd2f1772dcd">
      <Execution id="304aea38-0a94-488d-8ef1-31c917f8dcbb" />
      <TestMethod codeBase="/mnt/c/Users/alena/Desktop/7_sem/testing_and_debugging/SkiResort/AccessToDB.Tests/bin/Debug/net6.0/AccessToDB.Tests.dll" adapterTypeName="executor://xunit/VsTestRunner2/netcoreapp" className="AccessToDB.Tests.SlopesRepositoryTests" name="TestAddSlopeAsyncFailsWhenSlopeIdRepeats" />
    </UnitTest>
    <UnitTest name="AccessToDB.Tests.UsersRepositoryTests.TestGetUserByIdAsyncOk(user: User { UserID = 243, CardID = 20, UserEmail = UserEmail9274ac04-835a-45d3-afa4-3297e416e67a, Password = password69bfd268-3dfa-4117-87a8-fdfbb9428e9d, Permissions = UNAUTHORIZED })" storage="/mnt/c/users/alena/desktop/7_sem/testing_and_debugging/skiresort/accesstodb.tests/bin/debug/net6.0/accesstodb.tests.dll" id="2386f12d-2394-1ef8-399c-5aa2a8a98562">
      <Execution id="a46c8e29-cf2f-4b54-bebd-bbf2a4c03388" />
      <TestMethod codeBase="/mnt/c/Users/alena/Desktop/7_sem/testing_and_debugging/SkiResort/AccessToDB.Tests/bin/Debug/net6.0/AccessToDB.Tests.dll" adapterTypeName="executor://xunit/VsTestRunner2/netcoreapp" className="AccessToDB.Tests.UsersRepositoryTests" name="TestGetUserByIdAsyncOk" />
    </UnitTest>
    <UnitTest name="AccessToDB.Tests.LiftsRepositoryTests.TestAddLiftAsyncFailsWhenLiftIdRepeats(lift: Lift { LiftID = 123, LiftName = liftName283599ad-1080-4623-9d05-afd46470f3a0, IsOpen = True, SeatsAmount = 118, LiftingTime = 87, QueueTime = 55, ConnectedSlopes =  })" storage="/mnt/c/users/alena/desktop/7_sem/testing_and_debugging/skiresort/accesstodb.tests/bin/debug/net6.0/accesstodb.tests.dll" id="57c1d1e6-c099-f275-48c9-7dcdda8db29a">
      <Execution id="83cc10db-585d-43c0-9313-1b91ba0cf7fa" />
      <TestMethod codeBase="/mnt/c/Users/alena/Desktop/7_sem/testing_and_debugging/SkiResort/AccessToDB.Tests/bin/Debug/net6.0/AccessToDB.Tests.dll" adapterTypeName="executor://xunit/VsTestRunner2/netcoreapp" className="AccessToDB.Tests.LiftsRepositoryTests" name="TestAddLiftAsyncFailsWhenLiftIdRepeats" />
    </UnitTest>
    <UnitTest name="AccessToDB.Tests.UsersRepositoryTests.TestAddUserAutoIncrementAsyncOk" storage="/mnt/c/users/alena/desktop/7_sem/testing_and_debugging/skiresort/accesstodb.tests/bin/debug/net6.0/accesstodb.tests.dll" id="e75bb6e2-88d9-af2a-a444-c4a9d67f0f0e">
      <Execution id="43e9675a-3599-47e2-992a-173dff15c971" />
      <TestMethod codeBase="/mnt/c/Users/alena/Desktop/7_sem/testing_and_debugging/SkiResort/AccessToDB.Tests/bin/Debug/net6.0/AccessToDB.Tests.dll" adapterTypeName="executor://xunit/VsTestRunner2/netcoreapp" className="AccessToDB.Tests.UsersRepositoryTests" name="TestAddUserAutoIncrementAsyncOk" />
    </UnitTest>
    <UnitTest name="AccessToDB.Tests.LiftsSlopesRepositoryTests.TestGetSlopesByLiftIdAsyncFailsWhenSlopeNotExists(liftSlope: LiftSlope { RecordID = 113, LiftID = 7, SlopeID = 138 })" storage="/mnt/c/users/alena/desktop/7_sem/testing_and_debugging/skiresort/accesstodb.tests/bin/debug/net6.0/accesstodb.tests.dll" id="75661130-30dc-32a2-d490-ea65e744c9df">
      <Execution id="7d83a695-17ad-4ce8-8b7f-aed8bafaa0f5" />
      <TestMethod codeBase="/mnt/c/Users/alena/Desktop/7_sem/testing_and_debugging/SkiResort/AccessToDB.Tests/bin/Debug/net6.0/AccessToDB.Tests.dll" adapterTypeName="executor://xunit/VsTestRunner2/netcoreapp" className="AccessToDB.Tests.LiftsSlopesRepositoryTests" name="TestGetSlopesByLiftIdAsyncFailsWhenSlopeNotExists" />
    </UnitTest>
    <UnitTest name="AccessToDB.Tests.SlopesRepositoryTests.TestAddSlopeAutoIncrementAsyncOk" storage="/mnt/c/users/alena/desktop/7_sem/testing_and_debugging/skiresort/accesstodb.tests/bin/debug/net6.0/accesstodb.tests.dll" id="8f7ba917-f771-0dc5-f9b9-465c34344b12">
      <Execution id="fec47311-e592-46c8-8943-3687c86ba9d1" />
      <TestMethod codeBase="/mnt/c/Users/alena/Desktop/7_sem/testing_and_debugging/SkiResort/AccessToDB.Tests/bin/Debug/net6.0/AccessToDB.Tests.dll" adapterTypeName="executor://xunit/VsTestRunner2/netcoreapp" className="AccessToDB.Tests.SlopesRepositoryTests" name="TestAddSlopeAutoIncrementAsyncOk" />
    </UnitTest>
    <UnitTest name="AccessToDB.Tests.UsersRepositoryTests.TestUpdateUserByIDAsyncOk(user: User { UserID = 87, CardID = 164, UserEmail = UserEmail39206a00-84dc-4748-a683-b8adf7058310, Password = password2fc75fa9-b430-494a-92a5-ffaef3e33cba, Permissions = UNAUTHORIZED })" storage="/mnt/c/users/alena/desktop/7_sem/testing_and_debugging/skiresort/accesstodb.tests/bin/debug/net6.0/accesstodb.tests.dll" id="4adb2cf1-adb5-73c8-c095-37a40e2c707d">
      <Execution id="df09f1a2-e5c6-4ba4-bc35-fa2ce5d8796b" />
      <TestMethod codeBase="/mnt/c/Users/alena/Desktop/7_sem/testing_and_debugging/SkiResort/AccessToDB.Tests/bin/Debug/net6.0/AccessToDB.Tests.dll" adapterTypeName="executor://xunit/VsTestRunner2/netcoreapp" className="AccessToDB.Tests.UsersRepositoryTests" name="TestUpdateUserByIDAsyncOk" />
    </UnitTest>
    <UnitTest name="AccessToDB.Tests.LiftsRepositoryTests.TestUpdateLiftByIDAsyncOk(lift: Lift { LiftID = 137, LiftName = liftNameb8019bf1-5801-49b4-8d44-ac821ddef2a5, IsOpen = True, SeatsAmount = 41, LiftingTime = 152, QueueTime = 93, ConnectedSlopes =  })" storage="/mnt/c/users/alena/desktop/7_sem/testing_and_debugging/skiresort/accesstodb.tests/bin/debug/net6.0/accesstodb.tests.dll" id="d4422774-e399-ac40-518f-47658b11143f">
      <Execution id="b7c9c5dc-a1f9-4821-a0e4-3f50c6e98b2e" />
      <TestMethod codeBase="/mnt/c/Users/alena/Desktop/7_sem/testing_and_debugging/SkiResort/AccessToDB.Tests/bin/Debug/net6.0/AccessToDB.Tests.dll" adapterTypeName="executor://xunit/VsTestRunner2/netcoreapp" className="AccessToDB.Tests.LiftsRepositoryTests" name="TestUpdateLiftByIDAsyncOk" />
    </UnitTest>
    <UnitTest name="AccessToDB.Tests.UsersRepositoryTests.TestCheckUserIdExistsAsyncTrue(user: User { UserID = 19, CardID = 224, UserEmail = UserEmail356a3c5b-bb79-40dd-95c3-15c8cefb6604, Password = password33e5ac93-399f-437b-b09e-66ded4cbe465, Permissions = UNAUTHORIZED })" storage="/mnt/c/users/alena/desktop/7_sem/testing_and_debugging/skiresort/accesstodb.tests/bin/debug/net6.0/accesstodb.tests.dll" id="465d30f6-03e1-2fda-80c1-70b10e65ba0a">
      <Execution id="bfa68bf9-9b81-49a7-974b-d4b65bcabca6" />
      <TestMethod codeBase="/mnt/c/Users/alena/Desktop/7_sem/testing_and_debugging/SkiResort/AccessToDB.Tests/bin/Debug/net6.0/AccessToDB.Tests.dll" adapterTypeName="executor://xunit/VsTestRunner2/netcoreapp" className="AccessToDB.Tests.UsersRepositoryTests" name="TestCheckUserIdExistsAsyncTrue" />
    </UnitTest>
    <UnitTest name="AccessToDB.Tests.LiftsRepositoryTests.TestGetLiftsAsyncEmpty" storage="/mnt/c/users/alena/desktop/7_sem/testing_and_debugging/skiresort/accesstodb.tests/bin/debug/net6.0/accesstodb.tests.dll" id="607e8298-f113-be33-300e-15a343893443">
      <Execution id="4ea1b1c8-1a57-433c-a49c-903e1fae8848" />
      <TestMethod codeBase="/mnt/c/Users/alena/Desktop/7_sem/testing_and_debugging/SkiResort/AccessToDB.Tests/bin/Debug/net6.0/AccessToDB.Tests.dll" adapterTypeName="executor://xunit/VsTestRunner2/netcoreapp" className="AccessToDB.Tests.LiftsRepositoryTests" name="TestGetLiftsAsyncEmpty" />
    </UnitTest>
    <UnitTest name="AccessToDB.Tests.UsersRepositoryTests.TestCheckUserEmailExistsAsyncFalse(userEmail: &quot;userEmail859a3dd9-710a-4a88-8041-541306c551e8&quot;)" storage="/mnt/c/users/alena/desktop/7_sem/testing_and_debugging/skiresort/accesstodb.tests/bin/debug/net6.0/accesstodb.tests.dll" id="661a4e17-3d25-a39b-f5b4-83f643e739e4">
      <Execution id="dd134877-f345-479b-a502-53b83e1e734b" />
      <TestMethod codeBase="/mnt/c/Users/alena/Desktop/7_sem/testing_and_debugging/SkiResort/AccessToDB.Tests/bin/Debug/net6.0/AccessToDB.Tests.dll" adapterTypeName="executor://xunit/VsTestRunner2/netcoreapp" className="AccessToDB.Tests.UsersRepositoryTests" name="TestCheckUserEmailExistsAsyncFalse" />
    </UnitTest>
    <UnitTest name="AccessToDB.Tests.SlopesRepositoryTests.TestUpdateSlopeByIDAsyncOk(slope: Slope { SlopeID = 11, SlopeName = slopeNamea1a809e6-48ef-44ed-b916-be6554781746, IsOpen = True, DifficultyLevel = 138, ConnectedLifts =  })" storage="/mnt/c/users/alena/desktop/7_sem/testing_and_debugging/skiresort/accesstodb.tests/bin/debug/net6.0/accesstodb.tests.dll" id="c91f297d-56b8-f9a0-72fa-742ff2b28a3a">
      <Execution id="16968780-d5dc-45b2-8c8a-306e542e16c0" />
      <TestMethod codeBase="/mnt/c/Users/alena/Desktop/7_sem/testing_and_debugging/SkiResort/AccessToDB.Tests/bin/Debug/net6.0/AccessToDB.Tests.dll" adapterTypeName="executor://xunit/VsTestRunner2/netcoreapp" className="AccessToDB.Tests.SlopesRepositoryTests" name="TestUpdateSlopeByIDAsyncOk" />
    </UnitTest>
    <UnitTest name="AccessToDB.Tests.LiftsSlopesRepositoryTests.TestDeleteLiftSlopesByIDsAsyncOk(liftSlope: LiftSlope { RecordID = 50, LiftID = 123, SlopeID = 217 })" storage="/mnt/c/users/alena/desktop/7_sem/testing_and_debugging/skiresort/accesstodb.tests/bin/debug/net6.0/accesstodb.tests.dll" id="178e0380-9b0d-c18c-7679-de6a88267301">
      <Execution id="26585275-80d5-4378-a295-4a3dc216e69e" />
      <TestMethod codeBase="/mnt/c/Users/alena/Desktop/7_sem/testing_and_debugging/SkiResort/AccessToDB.Tests/bin/Debug/net6.0/AccessToDB.Tests.dll" adapterTypeName="executor://xunit/VsTestRunner2/netcoreapp" className="AccessToDB.Tests.LiftsSlopesRepositoryTests" name="TestDeleteLiftSlopesByIDsAsyncOk" />
    </UnitTest>
    <UnitTest name="AccessToDB.Tests.SlopesRepositoryTests.TestGetSlopeByNameAsyncFailsWhenNameNotExists(slopeName: &quot;slopeName61318b62-5bf3-40fb-a874-455f9b77ed9b&quot;)" storage="/mnt/c/users/alena/desktop/7_sem/testing_and_debugging/skiresort/accesstodb.tests/bin/debug/net6.0/accesstodb.tests.dll" id="42cf89e9-227a-02fc-65bb-2063a5cdb6b6">
      <Execution id="87932d67-3f81-463a-886c-926d8a1f3af5" />
      <TestMethod codeBase="/mnt/c/Users/alena/Desktop/7_sem/testing_and_debugging/SkiResort/AccessToDB.Tests/bin/Debug/net6.0/AccessToDB.Tests.dll" adapterTypeName="executor://xunit/VsTestRunner2/netcoreapp" className="AccessToDB.Tests.SlopesRepositoryTests" name="TestGetSlopeByNameAsyncFailsWhenNameNotExists" />
    </UnitTest>
    <UnitTest name="AccessToDB.Tests.TurnstilesRepositoryTests.TestGetTurnstileByIdAsyncOk(turnstile: Turnstile { TurnstileID = 30, LiftID = 117, IsOpen = True })" storage="/mnt/c/users/alena/desktop/7_sem/testing_and_debugging/skiresort/accesstodb.tests/bin/debug/net6.0/accesstodb.tests.dll" id="67aea99d-7ae3-9080-5034-212feb080673">
      <Execution id="c089d130-5855-4ebc-b7fe-d97d274f53d8" />
      <TestMethod codeBase="/mnt/c/Users/alena/Desktop/7_sem/testing_and_debugging/SkiResort/AccessToDB.Tests/bin/Debug/net6.0/AccessToDB.Tests.dll" adapterTypeName="executor://xunit/VsTestRunner2/netcoreapp" className="AccessToDB.Tests.TurnstilesRepositoryTests" name="TestGetTurnstileByIdAsyncOk" />
    </UnitTest>
  </TestDefinitions>
  <TestEntries>
    <TestEntry testId="4ac7d377-054e-22f1-f0c8-b1d01734fcc6" executionId="02bada7d-54d3-42ef-a762-62b1c6cbae90" testListId="8c84fa94-04c1-424b-9868-57a2d4851a1d" />
    <TestEntry testId="308ff62e-af13-eacc-8a38-4fb8b357559a" executionId="ff004304-36d9-4972-b971-c1e66635e98e" testListId="8c84fa94-04c1-424b-9868-57a2d4851a1d" />
    <TestEntry testId="9e0e9a89-fb05-0bd6-6086-61b5f049c4d2" executionId="94219f29-2d34-459e-a516-18262555e62d" testListId="8c84fa94-04c1-424b-9868-57a2d4851a1d" />
    <TestEntry testId="178e0380-9b0d-c18c-7679-de6a88267301" executionId="26585275-80d5-4378-a295-4a3dc216e69e" testListId="8c84fa94-04c1-424b-9868-57a2d4851a1d" />
    <TestEntry testId="f9435956-2e34-e52b-c34e-dce53665cf8e" executionId="f65ae2a5-79dd-424c-bb7b-3df98cec0726" testListId="8c84fa94-04c1-424b-9868-57a2d4851a1d" />
    <TestEntry testId="355b97c5-ff82-26ed-9b1a-c9cac8f2a3f4" executionId="b2e0557d-1330-4342-bd6d-23ddbcfbf40d" testListId="8c84fa94-04c1-424b-9868-57a2d4851a1d" />
    <TestEntry testId="75661130-30dc-32a2-d490-ea65e744c9df" executionId="7d83a695-17ad-4ce8-8b7f-aed8bafaa0f5" testListId="8c84fa94-04c1-424b-9868-57a2d4851a1d" />
    <TestEntry testId="9065c16f-35d8-2830-ec20-b067dee23e03" executionId="416495c9-997e-4cd9-8a70-0cfdd5424037" testListId="8c84fa94-04c1-424b-9868-57a2d4851a1d" />
    <TestEntry testId="57c1d1e6-c099-f275-48c9-7dcdda8db29a" executionId="83cc10db-585d-43c0-9313-1b91ba0cf7fa" testListId="8c84fa94-04c1-424b-9868-57a2d4851a1d" />
    <TestEntry testId="60028a7b-84d8-a502-b9b3-fb63217dd8d5" executionId="766ecdcc-9d73-405c-9553-b376c4e53ede" testListId="8c84fa94-04c1-424b-9868-57a2d4851a1d" />
    <TestEntry testId="72ce8568-c99a-4a56-9133-ebec06c88f35" executionId="e29b1f54-2b27-4e2a-9337-b90f0988d072" testListId="8c84fa94-04c1-424b-9868-57a2d4851a1d" />
    <TestEntry testId="9bbefb83-8311-6e03-307f-415e3495e223" executionId="56e951ed-e458-428c-957a-6546028be35e" testListId="8c84fa94-04c1-424b-9868-57a2d4851a1d" />
    <TestEntry testId="c91f297d-56b8-f9a0-72fa-742ff2b28a3a" executionId="16968780-d5dc-45b2-8c8a-306e542e16c0" testListId="8c84fa94-04c1-424b-9868-57a2d4851a1d" />
    <TestEntry testId="4adb2cf1-adb5-73c8-c095-37a40e2c707d" executionId="df09f1a2-e5c6-4ba4-bc35-fa2ce5d8796b" testListId="8c84fa94-04c1-424b-9868-57a2d4851a1d" />
    <TestEntry testId="32f74590-f6c9-4860-a159-fbd2f1772dcd" executionId="304aea38-0a94-488d-8ef1-31c917f8dcbb" testListId="8c84fa94-04c1-424b-9868-57a2d4851a1d" />
    <TestEntry testId="a39a2a3f-e7b1-bd31-85f7-f08f79cd8ee2" executionId="1c3e0bc1-58b9-4843-94f8-2bc3d02d8aeb" testListId="8c84fa94-04c1-424b-9868-57a2d4851a1d" />
    <TestEntry testId="83052afa-5c7c-6f75-1c79-fa87bb54667b" executionId="ce1ac13d-34a1-47c8-ab6f-3fa78a97b86d" testListId="8c84fa94-04c1-424b-9868-57a2d4851a1d" />
    <TestEntry testId="45a49e59-14cc-76eb-a8d3-da545c87ca78" executionId="6761610e-3d5b-4653-83bc-fb991fc66817" testListId="8c84fa94-04c1-424b-9868-57a2d4851a1d" />
    <TestEntry testId="8f7ba917-f771-0dc5-f9b9-465c34344b12" executionId="fec47311-e592-46c8-8943-3687c86ba9d1" testListId="8c84fa94-04c1-424b-9868-57a2d4851a1d" />
    <TestEntry testId="42cf89e9-227a-02fc-65bb-2063a5cdb6b6" executionId="87932d67-3f81-463a-886c-926d8a1f3af5" testListId="8c84fa94-04c1-424b-9868-57a2d4851a1d" />
    <TestEntry testId="e75bb6e2-88d9-af2a-a444-c4a9d67f0f0e" executionId="43e9675a-3599-47e2-992a-173dff15c971" testListId="8c84fa94-04c1-424b-9868-57a2d4851a1d" />
    <TestEntry testId="465d30f6-03e1-2fda-80c1-70b10e65ba0a" executionId="bfa68bf9-9b81-49a7-974b-d4b65bcabca6" testListId="8c84fa94-04c1-424b-9868-57a2d4851a1d" />
    <TestEntry testId="67aea99d-7ae3-9080-5034-212feb080673" executionId="c089d130-5855-4ebc-b7fe-d97d274f53d8" testListId="8c84fa94-04c1-424b-9868-57a2d4851a1d" />
    <TestEntry testId="607e8298-f113-be33-300e-15a343893443" executionId="4ea1b1c8-1a57-433c-a49c-903e1fae8848" testListId="8c84fa94-04c1-424b-9868-57a2d4851a1d" />
    <TestEntry testId="b9f77504-9ab5-742f-37d5-43925b0e3a91" executionId="d5e6f810-2dec-49d5-9b3b-336c027ca02c" testListId="8c84fa94-04c1-424b-9868-57a2d4851a1d" />
    <TestEntry testId="3741b26d-6ee0-6246-29e4-92009bff37b0" executionId="eb34e16c-4bd1-4b37-8a6a-c4dd732ef93e" testListId="8c84fa94-04c1-424b-9868-57a2d4851a1d" />
    <TestEntry testId="2386f12d-2394-1ef8-399c-5aa2a8a98562" executionId="a46c8e29-cf2f-4b54-bebd-bbf2a4c03388" testListId="8c84fa94-04c1-424b-9868-57a2d4851a1d" />
    <TestEntry testId="b0f4187f-e340-dacc-b80e-aef821659bbd" executionId="a2408469-f04c-4e31-8a77-0d6c4df79c44" testListId="8c84fa94-04c1-424b-9868-57a2d4851a1d" />
    <TestEntry testId="6c80ec88-034d-4e3a-b30d-81d71fb8c50f" executionId="6305c316-4a75-4cd3-a50b-3d47b9d1c5ab" testListId="8c84fa94-04c1-424b-9868-57a2d4851a1d" />
    <TestEntry testId="27e3f3e2-d661-1079-6ea7-7f7e1fdb5d1b" executionId="b8d4028b-c264-44e8-ba48-ed556e3de29b" testListId="8c84fa94-04c1-424b-9868-57a2d4851a1d" />
    <TestEntry testId="ec229f70-485a-f91b-53ed-bce655f6cd58" executionId="aa1c7c38-ed33-479b-8584-ae30cb00e54b" testListId="8c84fa94-04c1-424b-9868-57a2d4851a1d" />
    <TestEntry testId="fddf51ae-7fdd-4246-1d7f-6bc2b7b15d6e" executionId="a256006a-a40f-4c98-8868-40e87fc9225a" testListId="8c84fa94-04c1-424b-9868-57a2d4851a1d" />
    <TestEntry testId="3c521313-4ed6-6bce-b4f9-c359411028e7" executionId="1702d2a8-15e7-41b3-aa57-5669291567cb" testListId="8c84fa94-04c1-424b-9868-57a2d4851a1d" />
    <TestEntry testId="d4422774-e399-ac40-518f-47658b11143f" executionId="b7c9c5dc-a1f9-4821-a0e4-3f50c6e98b2e" testListId="8c84fa94-04c1-424b-9868-57a2d4851a1d" />
    <TestEntry testId="661a4e17-3d25-a39b-f5b4-83f643e739e4" executionId="dd134877-f345-479b-a502-53b83e1e734b" testListId="8c84fa94-04c1-424b-9868-57a2d4851a1d" />
    <TestEntry testId="4145f44e-b4b1-a618-09e8-c631496e6f1a" executionId="d543ff86-2631-4a1a-bdd4-886e09b65671" testListId="8c84fa94-04c1-424b-9868-57a2d4851a1d" />
    <TestEntry testId="30f8e924-9784-0a43-e807-094f70e06567" executionId="04cd27d1-f979-4516-92de-b55c69ba318a" testListId="8c84fa94-04c1-424b-9868-57a2d4851a1d" />
    <TestEntry testId="fb912c4e-252a-beaf-09b4-c45b49e7cbb4" executionId="b8972794-2fcd-47a5-b6b9-14716608f8c3" testListId="8c84fa94-04c1-424b-9868-57a2d4851a1d" />
    <TestEntry testId="9f75ece9-9a4e-c3f4-e498-019dd4063f8c" executionId="8c0d65a1-755d-4935-9265-55b73153bde8" testListId="8c84fa94-04c1-424b-9868-57a2d4851a1d" />
  </TestEntries>
  <TestLists>
    <TestList name="Results Not in a List" id="8c84fa94-04c1-424b-9868-57a2d4851a1d" />
    <TestList name="All Loaded Results" id="19431567-8539-422a-85d7-44ee4e166bda" />
  </TestLists>
  <ResultSummary outcome="Completed">
    <Counters total="39" executed="39" passed="39" failed="0" error="0" timeout="0" aborted="0" inconclusive="0" passedButRunAborted="0" notRunnable="0" notExecuted="0" disconnected="0" warning="0" completed="0" inProgress="0" pending="0" />
    <Output>
      <StdOut>[xUnit.net 00:00:00.00] xUnit.net VSTest Adapter v2.4.5+1caef2f33e (64-bit .NET 6.0.10)
[xUnit.net 00:00:01.14]   Discovering: AccessToDB.Tests
[xUnit.net 00:00:01.29]   Discovered:  AccessToDB.Tests
[xUnit.net 00:00:01.29]   Starting:    AccessToDB.Tests
[xUnit.net 00:00:17.28]   Finished:    AccessToDB.Tests
</StdOut>
    </Output>
  </ResultSummary>
</TestRun>