<?xml version="1.0" encoding="utf-8"?>
<TestRun id="44b43afc-8f78-4366-ad87-8d3b25941b25" name="@DESKTOP-TJ9D65N 2022-11-03 10:04:26" xmlns="http://microsoft.com/schemas/VisualStudio/TeamTest/2010">
  <Times creation="2022-11-03T10:04:26.8649967+03:00" queuing="2022-11-03T10:04:26.8649967+03:00" start="2022-11-03T10:04:22.9070921+03:00" finish="2022-11-03T10:04:41.2386651+03:00" />
  <TestSettings name="default" id="fe7ed8e2-bd9d-4a4e-8bec-f74c5bb0132e">
    <Deployment runDeploymentRoot="_DESKTOP-TJ9D65N_2022-11-03_10_04_26" />
  </TestSettings>
  <Results>
    <UnitTestResult executionId="17397e47-db7a-4232-bdf9-f05ebbb8a04e" testId="b21ac87c-6934-a494-8f36-a72b5a3e9342" testName="AccessToDB.Tests.TurnstilesRepositoryTests.TestGetTurnstilesByLiftIdAsyncOk(liftID: 225)" computerName="DESKTOP-TJ9D65N" duration="00:00:00.4852885" startTime="2022-11-03T10:04:26.9577756+03:00" endTime="2022-11-03T10:04:26.9577757+03:00" testType="13cdc9d9-ddb5-4fa4-a97d-d965ccfc6d4b" outcome="Passed" testListId="8c84fa94-04c1-424b-9868-57a2d4851a1d" relativeResultsDirectory="17397e47-db7a-4232-bdf9-f05ebbb8a04e" />
    <UnitTestResult executionId="f40cf8d0-ba86-4da8-be8f-a1217d2d0c39" testId="311b5d83-1720-918a-4469-3db96a177f73" testName="AccessToDB.Tests.LiftsSlopesRepositoryTests.TestDeleteLiftSlopesByIDsAsyncOk(liftSlope: LiftSlope { RecordID = 53, LiftID = 127, SlopeID = 152 })" computerName="DESKTOP-TJ9D65N" duration="00:00:00.3925995" startTime="2022-11-03T10:04:39.0092936+03:00" endTime="2022-11-03T10:04:39.0092937+03:00" testType="13cdc9d9-ddb5-4fa4-a97d-d965ccfc6d4b" outcome="Passed" testListId="8c84fa94-04c1-424b-9868-57a2d4851a1d" relativeResultsDirectory="f40cf8d0-ba86-4da8-be8f-a1217d2d0c39" />
    <UnitTestResult executionId="1a97b918-edda-4739-992a-1b3e8b2b0173" testId="da59e607-f8ed-b408-a273-6cbd2ee9ff2e" testName="AccessToDB.Tests.UsersRepositoryTests.TestDeleteUserByIDAsyncFailsWhenIDNotExists(userID: 74)" computerName="DESKTOP-TJ9D65N" duration="00:00:00.3626014" startTime="2022-11-03T10:04:34.0989475+03:00" endTime="2022-11-03T10:04:34.0989476+03:00" testType="13cdc9d9-ddb5-4fa4-a97d-d965ccfc6d4b" outcome="Passed" testListId="8c84fa94-04c1-424b-9868-57a2d4851a1d" relativeResultsDirectory="1a97b918-edda-4739-992a-1b3e8b2b0173" />
    <UnitTestResult executionId="8b4af2b9-75ac-4306-a15f-1a623d76054f" testId="bed45a2a-8c80-48f9-6df5-ca1035f3dc20" testName="AccessToDB.Tests.TurnstilesRepositoryTests.TestUpdateTurnstileByIDAsyncOk(turnstile: Turnstile { TurnstileID = 69, LiftID = 201, IsOpen = True })" computerName="DESKTOP-TJ9D65N" duration="00:00:00.3928352" startTime="2022-11-03T10:04:26.4562146+03:00" endTime="2022-11-03T10:04:26.4562148+03:00" testType="13cdc9d9-ddb5-4fa4-a97d-d965ccfc6d4b" outcome="Passed" testListId="8c84fa94-04c1-424b-9868-57a2d4851a1d" relativeResultsDirectory="8b4af2b9-75ac-4306-a15f-1a623d76054f" />
    <UnitTestResult executionId="e22b16fd-87b7-4707-aff6-8cf16738b07b" testId="2a7243df-8ead-dd19-ea3a-38f84d9b845f" testName="AccessToDB.Tests.LiftsSlopesRepositoryTests.TestDeleteLiftSlopeByIDAsyncFailsWhenIDNotExists(liftSlopeID: 131)" computerName="DESKTOP-TJ9D65N" duration="00:00:00.3600525" startTime="2022-11-03T10:04:38.5982492+03:00" endTime="2022-11-03T10:04:38.5982493+03:00" testType="13cdc9d9-ddb5-4fa4-a97d-d965ccfc6d4b" outcome="Passed" testListId="8c84fa94-04c1-424b-9868-57a2d4851a1d" relativeResultsDirectory="e22b16fd-87b7-4707-aff6-8cf16738b07b" />
    <UnitTestResult executionId="0d3474f2-ca93-49ba-9610-b10cb7504e54" testId="5f711233-1d76-6f7e-89c8-c1a8c0d0fdd3" testName="AccessToDB.Tests.LiftsRepositoryTests.TestUpdateLiftByIDAsyncOk(lift: Lift { LiftID = 160, LiftName = liftName3f3ecba1-e2db-445a-ab10-48e67d27aff8, IsOpen = True, SeatsAmount = 14, LiftingTime = 229, QueueTime = 223, ConnectedSlopes =  })" computerName="DESKTOP-TJ9D65N" duration="00:00:00.3927426" startTime="2022-11-03T10:04:30.9635504+03:00" endTime="2022-11-03T10:04:30.9635506+03:00" testType="13cdc9d9-ddb5-4fa4-a97d-d965ccfc6d4b" outcome="Passed" testListId="8c84fa94-04c1-424b-9868-57a2d4851a1d" relativeResultsDirectory="0d3474f2-ca93-49ba-9610-b10cb7504e54" />
    <UnitTestResult executionId="ddb0ccf5-ae59-4c77-8dd4-cd69d26822ab" testId="77d106e6-5ccf-1772-b5e3-87f027dbc8cb" testName="AccessToDB.Tests.LiftsRepositoryTests.TestGetLiftByIdAsyncOk(lift: Lift { LiftID = 126, LiftName = liftName6babe78e-a8a0-4c2d-b84d-caa8869488f0, IsOpen = True, SeatsAmount = 140, LiftingTime = 64, QueueTime = 152, ConnectedSlopes =  })" computerName="DESKTOP-TJ9D65N" duration="00:00:00.3816373" startTime="2022-11-03T10:04:30.5555916+03:00" endTime="2022-11-03T10:04:30.5555918+03:00" testType="13cdc9d9-ddb5-4fa4-a97d-d965ccfc6d4b" outcome="Passed" testListId="8c84fa94-04c1-424b-9868-57a2d4851a1d" relativeResultsDirectory="ddb0ccf5-ae59-4c77-8dd4-cd69d26822ab" />
    <UnitTestResult executionId="4d23cbfc-4a01-4248-a0cd-47aae64c7679" testId="9bbefb83-8311-6e03-307f-415e3495e223" testName="AccessToDB.Tests.SlopesRepositoryTests.TestGetSlopesAsyncEmpty" computerName="DESKTOP-TJ9D65N" duration="00:00:00.3758627" startTime="2022-11-03T10:04:36.9604187+03:00" endTime="2022-11-03T10:04:36.9604189+03:00" testType="13cdc9d9-ddb5-4fa4-a97d-d965ccfc6d4b" outcome="Passed" testListId="8c84fa94-04c1-424b-9868-57a2d4851a1d" relativeResultsDirectory="4d23cbfc-4a01-4248-a0cd-47aae64c7679" />
    <UnitTestResult executionId="06078c2e-b07f-4899-bcd1-a69b59462ec9" testId="85a760a9-51f7-da75-2b02-2977fd4a55d6" testName="AccessToDB.Tests.SlopesRepositoryTests.TestUpdateSlopeByIDAsyncOk(slope: Slope { SlopeID = 175, SlopeName = slopeNamedebed475-249c-4fb6-a62e-bf3103df5a08, IsOpen = True, DifficultyLevel = 24, ConnectedLifts =  })" computerName="DESKTOP-TJ9D65N" duration="00:00:00.3974264" startTime="2022-11-03T10:04:35.7634577+03:00" endTime="2022-11-03T10:04:35.7634578+03:00" testType="13cdc9d9-ddb5-4fa4-a97d-d965ccfc6d4b" outcome="Passed" testListId="8c84fa94-04c1-424b-9868-57a2d4851a1d" relativeResultsDirectory="06078c2e-b07f-4899-bcd1-a69b59462ec9" />
    <UnitTestResult executionId="42918089-ccb5-4623-9dd4-77d1fdc63e4a" testId="e75bb6e2-88d9-af2a-a444-c4a9d67f0f0e" testName="AccessToDB.Tests.UsersRepositoryTests.TestAddUserAutoIncrementAsyncOk" computerName="DESKTOP-TJ9D65N" duration="00:00:00.4019297" startTime="2022-11-03T10:04:34.5141677+03:00" endTime="2022-11-03T10:04:34.5141680+03:00" testType="13cdc9d9-ddb5-4fa4-a97d-d965ccfc6d4b" outcome="Passed" testListId="8c84fa94-04c1-424b-9868-57a2d4851a1d" relativeResultsDirectory="42918089-ccb5-4623-9dd4-77d1fdc63e4a" />
    <UnitTestResult executionId="b1720173-c117-47c9-9acc-979e7233d2bd" testId="f9435956-2e34-e52b-c34e-dce53665cf8e" testName="AccessToDB.Tests.TurnstilesRepositoryTests.TestAddTurnstileAutoIncrementAsyncOk" computerName="DESKTOP-TJ9D65N" duration="00:00:00.3940250" startTime="2022-11-03T10:04:27.7453204+03:00" endTime="2022-11-03T10:04:27.7453207+03:00" testType="13cdc9d9-ddb5-4fa4-a97d-d965ccfc6d4b" outcome="Passed" testListId="8c84fa94-04c1-424b-9868-57a2d4851a1d" relativeResultsDirectory="b1720173-c117-47c9-9acc-979e7233d2bd" />
    <UnitTestResult executionId="6cacc51d-3545-4365-a0f0-471dd3c58d2d" testId="30f8e924-9784-0a43-e807-094f70e06567" testName="AccessToDB.Tests.LiftsSlopesRepositoryTests.TestAddLiftSlopeAutoIncrementAsyncOk" computerName="DESKTOP-TJ9D65N" duration="00:00:00.3999207" startTime="2022-11-03T10:04:39.8418191+03:00" endTime="2022-11-03T10:04:39.8418193+03:00" testType="13cdc9d9-ddb5-4fa4-a97d-d965ccfc6d4b" outcome="Passed" testListId="8c84fa94-04c1-424b-9868-57a2d4851a1d" relativeResultsDirectory="6cacc51d-3545-4365-a0f0-471dd3c58d2d" />
    <UnitTestResult executionId="7c6b897d-248c-42a2-8454-58d6ec005349" testId="362a9681-7249-47ae-ee3a-a45012de04b0" testName="AccessToDB.Tests.TurnstilesRepositoryTests.TestDeleteTurnstileByIDAsyncFailsWhenIDNotExists(turnstileID: 1)" computerName="DESKTOP-TJ9D65N" duration="00:00:00.3605548" startTime="2022-11-03T10:04:26.0481347+03:00" endTime="2022-11-03T10:04:26.0481349+03:00" testType="13cdc9d9-ddb5-4fa4-a97d-d965ccfc6d4b" outcome="Passed" testListId="8c84fa94-04c1-424b-9868-57a2d4851a1d" relativeResultsDirectory="7c6b897d-248c-42a2-8454-58d6ec005349" />
    <UnitTestResult executionId="c8b8f6ef-c8c2-421e-907c-b3edcd7ef269" testId="511adc88-4e6f-c7ee-e798-78a0842bd906" testName="AccessToDB.Tests.SlopesRepositoryTests.TestDeleteSlopeByIDAsyncFailsWhenIDNotExists(slopeID: 232)" computerName="DESKTOP-TJ9D65N" duration="00:00:00.3833077" startTime="2022-11-03T10:04:34.9162412+03:00" endTime="2022-11-03T10:04:34.9162414+03:00" testType="13cdc9d9-ddb5-4fa4-a97d-d965ccfc6d4b" outcome="Passed" testListId="8c84fa94-04c1-424b-9868-57a2d4851a1d" relativeResultsDirectory="c8b8f6ef-c8c2-421e-907c-b3edcd7ef269" />
    <UnitTestResult executionId="b1a1eca1-5b78-446f-804c-452150f9cf04" testId="000374f1-bf9c-ba89-c57e-ce5e82250290" testName="AccessToDB.Tests.SlopesRepositoryTests.TestAddSlopeAsyncFailsWhenSlopeIdRepeats(slope: Slope { SlopeID = 81, SlopeName = slopeNamec6759d6e-e705-419b-ad9a-e25b492378c2, IsOpen = True, DifficultyLevel = 26, ConnectedLifts =  })" computerName="DESKTOP-TJ9D65N" duration="00:00:00.3989635" startTime="2022-11-03T10:04:35.3414543+03:00" endTime="2022-11-03T10:04:35.3414545+03:00" testType="13cdc9d9-ddb5-4fa4-a97d-d965ccfc6d4b" outcome="Passed" testListId="8c84fa94-04c1-424b-9868-57a2d4851a1d" relativeResultsDirectory="b1a1eca1-5b78-446f-804c-452150f9cf04" />
    <UnitTestResult executionId="659163ec-d0e3-409d-917a-f780d031ad5d" testId="194e5384-b26f-a6f7-cf46-cd2c87d542ab" testName="AccessToDB.Tests.LiftsSlopesRepositoryTests.TestGetSlopesByLiftIdAsyncFailsWhenSlopeNotExists(liftSlope: LiftSlope { RecordID = 142, LiftID = 184, SlopeID = 88 })" computerName="DESKTOP-TJ9D65N" duration="00:00:00.3856651" startTime="2022-11-03T10:04:39.4124110+03:00" endTime="2022-11-03T10:04:39.4124111+03:00" testType="13cdc9d9-ddb5-4fa4-a97d-d965ccfc6d4b" outcome="Passed" testListId="8c84fa94-04c1-424b-9868-57a2d4851a1d" relativeResultsDirectory="659163ec-d0e3-409d-917a-f780d031ad5d" />
    <UnitTestResult executionId="87562b61-3f2a-4fc4-8b05-de034c5b89a4" testId="ec229f70-485a-f91b-53ed-bce655f6cd58" testName="AccessToDB.Tests.LiftsRepositoryTests.TestAddLiftAutoIncrementAsyncOk" computerName="DESKTOP-TJ9D65N" duration="00:00:00.3937576" startTime="2022-11-03T10:04:28.5706772+03:00" endTime="2022-11-03T10:04:28.5706773+03:00" testType="13cdc9d9-ddb5-4fa4-a97d-d965ccfc6d4b" outcome="Passed" testListId="8c84fa94-04c1-424b-9868-57a2d4851a1d" relativeResultsDirectory="87562b61-3f2a-4fc4-8b05-de034c5b89a4" />
    <UnitTestResult executionId="aba627e9-6281-4cc2-96df-bb1409891421" testId="f5cc0166-42bd-c682-10fe-d79e44fa974a" testName="AccessToDB.Tests.UsersRepositoryTests.TestGetUserByEmailAsyncFailsWhenEmailNotExists(email: &quot;emailcfe01520-2a72-48d5-a6e6-8398980735cb&quot;)" computerName="DESKTOP-TJ9D65N" duration="00:00:00.3620355" startTime="2022-11-03T10:04:32.5034340+03:00" endTime="2022-11-03T10:04:32.5034343+03:00" testType="13cdc9d9-ddb5-4fa4-a97d-d965ccfc6d4b" outcome="Passed" testListId="8c84fa94-04c1-424b-9868-57a2d4851a1d" relativeResultsDirectory="aba627e9-6281-4cc2-96df-bb1409891421" />
    <UnitTestResult executionId="8c92e862-c252-4a96-a4c1-763b7549b18e" testId="dba07fef-30b6-6557-35b8-cd914da70222" testName="AccessToDB.Tests.UsersRepositoryTests.TestAddUserAsyncFailsWhenUserIdRepeats(user: User { UserID = 236, CardID = 1, UserEmail = UserEmail1e54f357-c262-40ba-a81e-e2f47783882f, Password = password6a751786-7c5f-44bf-b129-f693fc73876d, Permissions = UNAUTHORIZED })" computerName="DESKTOP-TJ9D65N" duration="00:00:00.3921215" startTime="2022-11-03T10:04:33.3208047+03:00" endTime="2022-11-03T10:04:33.3208048+03:00" testType="13cdc9d9-ddb5-4fa4-a97d-d965ccfc6d4b" outcome="Passed" testListId="8c84fa94-04c1-424b-9868-57a2d4851a1d" relativeResultsDirectory="8c92e862-c252-4a96-a4c1-763b7549b18e" />
    <UnitTestResult executionId="c796a48b-91e6-4ac4-8c91-eb82a1ce275e" testId="2a155119-60ab-adb4-06c0-dbc8de4b8995" testName="AccessToDB.Tests.LiftsRepositoryTests.TestDeleteLiftByIDAsyncFailsWhenIDNotExists(liftID: 57)" computerName="DESKTOP-TJ9D65N" duration="00:00:00.3620944" startTime="2022-11-03T10:04:28.9464422+03:00" endTime="2022-11-03T10:04:28.9464425+03:00" testType="13cdc9d9-ddb5-4fa4-a97d-d965ccfc6d4b" outcome="Passed" testListId="8c84fa94-04c1-424b-9868-57a2d4851a1d" relativeResultsDirectory="c796a48b-91e6-4ac4-8c91-eb82a1ce275e" />
    <UnitTestResult executionId="fff84f39-c23e-4a0f-88b5-efafef78f706" testId="8aef3068-0106-dede-d830-a9c20bc85d0b" testName="AccessToDB.Tests.LiftsSlopesRepositoryTests.TestUpdateLiftSlopeByIDAsyncOk(liftSlope: LiftSlope { RecordID = 17, LiftID = 44, SlopeID = 83 })" computerName="DESKTOP-TJ9D65N" duration="00:00:00.3938929" startTime="2022-11-03T10:04:40.6477324+03:00" endTime="2022-11-03T10:04:40.6477326+03:00" testType="13cdc9d9-ddb5-4fa4-a97d-d965ccfc6d4b" outcome="Passed" testListId="8c84fa94-04c1-424b-9868-57a2d4851a1d" relativeResultsDirectory="fff84f39-c23e-4a0f-88b5-efafef78f706" />
    <UnitTestResult executionId="7f49f2f3-2d19-40c0-8a22-ef8380def519" testId="e6a214dd-a835-02fa-d669-2399396eb742" testName="AccessToDB.Tests.LiftsSlopesRepositoryTests.TestGetLiftsBySlopeIdAsyncOk(slope1: Slope { SlopeID = 81, SlopeName = slopeNamecc56e8d0-76c9-4019-9bb6-1d577738888c, IsOpen = True, DifficultyLevel = 143, ConnectedLifts =  }, slope2: Slope { SlopeID = 203, SlopeName = slopeNamed5ba5abb-a4e3-4bab-9eff-925f6ea43f9e, IsOpen = False, DifficultyLevel = 13, ConnectedLifts =  }, lift1: Lift { LiftID = 99, LiftName = liftName242ea5b9-c45f-4a64-ad8e-30b48ac07c08, IsOpen = True, SeatsAmount = 214, LiftingTime = 208, QueueTime = 167, ConnectedSlopes =  }, lift2: Lift { LiftID = 129, LiftName = liftNamea52d40b4-9ffa-4884-85e5-aa6cadb89b27, IsOpen = False, SeatsAmount = 171, LiftingTime = 140, QueueTime = 8, ConnectedSlopes =  })" computerName="DESKTOP-TJ9D65N" duration="00:00:00.4387523" startTime="2022-11-03T10:04:38.2240862+03:00" endTime="2022-11-03T10:04:38.2240863+03:00" testType="13cdc9d9-ddb5-4fa4-a97d-d965ccfc6d4b" outcome="Passed" testListId="8c84fa94-04c1-424b-9868-57a2d4851a1d" relativeResultsDirectory="7f49f2f3-2d19-40c0-8a22-ef8380def519" />
    <UnitTestResult executionId="82d4670c-11c3-40dd-88f2-29db6a7abc79" testId="4832fd82-5205-aaf5-13f2-b3371c6e0992" testName="AccessToDB.Tests.UsersRepositoryTests.TestUpdateUserByIDAsyncOk(user: User { UserID = 251, CardID = 189, UserEmail = UserEmail7f6a0cd3-9018-4aa9-af0a-9cfcc5a0c8b7, Password = passwordbb9c4e01-084b-45aa-a55b-85ab95aba4b7, Permissions = UNAUTHORIZED })" computerName="DESKTOP-TJ9D65N" duration="00:00:00.3935405" startTime="2022-11-03T10:04:32.9152642+03:00" endTime="2022-11-03T10:04:32.9152642+03:00" testType="13cdc9d9-ddb5-4fa4-a97d-d965ccfc6d4b" outcome="Passed" testListId="8c84fa94-04c1-424b-9868-57a2d4851a1d" relativeResultsDirectory="82d4670c-11c3-40dd-88f2-29db6a7abc79" />
    <UnitTestResult executionId="743040bb-9162-439b-b533-8f3fcb0029d7" testId="8f7ba917-f771-0dc5-f9b9-465c34344b12" testName="AccessToDB.Tests.SlopesRepositoryTests.TestAddSlopeAutoIncrementAsyncOk" computerName="DESKTOP-TJ9D65N" duration="00:00:00.3978103" startTime="2022-11-03T10:04:36.1854346+03:00" endTime="2022-11-03T10:04:36.1854347+03:00" testType="13cdc9d9-ddb5-4fa4-a97d-d965ccfc6d4b" outcome="Passed" testListId="8c84fa94-04c1-424b-9868-57a2d4851a1d" relativeResultsDirectory="743040bb-9162-439b-b533-8f3fcb0029d7" />
    <UnitTestResult executionId="d0aca852-fa07-4372-bee9-6d92d3a7feb6" testId="3c521313-4ed6-6bce-b4f9-c359411028e7" testName="AccessToDB.Tests.TurnstilesRepositoryTests.TestGetTurnstilesAsyncEmpty" computerName="DESKTOP-TJ9D65N" duration="00:00:00.3610595" startTime="2022-11-03T10:04:27.3328074+03:00" endTime="2022-11-03T10:04:27.3328081+03:00" testType="13cdc9d9-ddb5-4fa4-a97d-d965ccfc6d4b" outcome="Passed" testListId="8c84fa94-04c1-424b-9868-57a2d4851a1d" relativeResultsDirectory="d0aca852-fa07-4372-bee9-6d92d3a7feb6" />
    <UnitTestResult executionId="b1937860-8f1b-45f7-9b90-cfbaede96067" testId="3741b26d-6ee0-6246-29e4-92009bff37b0" testName="AccessToDB.Tests.UsersRepositoryTests.TestGetUsersAsyncEmpty" computerName="DESKTOP-TJ9D65N" duration="00:00:00.3641575" startTime="2022-11-03T10:04:31.3473422+03:00" endTime="2022-11-03T10:04:31.3473424+03:00" testType="13cdc9d9-ddb5-4fa4-a97d-d965ccfc6d4b" outcome="Passed" testListId="8c84fa94-04c1-424b-9868-57a2d4851a1d" relativeResultsDirectory="b1937860-8f1b-45f7-9b90-cfbaede96067" />
    <UnitTestResult executionId="8b88d980-6b56-4152-bad7-7bb48b38e148" testId="65937988-b441-6491-5d12-0384e9cb8064" testName="AccessToDB.Tests.TurnstilesRepositoryTests.TestGetTurnstileByIdAsyncOk(turnstile: Turnstile { TurnstileID = 54, LiftID = 89, IsOpen = True })" computerName="DESKTOP-TJ9D65N" duration="00:00:00.3856410" startTime="2022-11-03T10:04:28.1546299+03:00" endTime="2022-11-03T10:04:28.1546300+03:00" testType="13cdc9d9-ddb5-4fa4-a97d-d965ccfc6d4b" outcome="Passed" testListId="8c84fa94-04c1-424b-9868-57a2d4851a1d" relativeResultsDirectory="8b88d980-6b56-4152-bad7-7bb48b38e148" />
    <UnitTestResult executionId="aa4a4df8-0957-47ba-bb0a-8d7ba4e0fcf8" testId="f2385775-9f6d-48ed-e33d-5ddde521425b" testName="AccessToDB.Tests.LiftsRepositoryTests.TestAddLiftAsyncFailsWhenLiftIdRepeats(lift: Lift { LiftID = 132, LiftName = liftNameb66d9767-f94e-4b83-ab9a-6d383ff4103f, IsOpen = True, SeatsAmount = 206, LiftingTime = 203, QueueTime = 243, ConnectedSlopes =  })" computerName="DESKTOP-TJ9D65N" duration="00:00:00.4010933" startTime="2022-11-03T10:04:29.7600119+03:00" endTime="2022-11-03T10:04:29.7600123+03:00" testType="13cdc9d9-ddb5-4fa4-a97d-d965ccfc6d4b" outcome="Passed" testListId="8c84fa94-04c1-424b-9868-57a2d4851a1d" relativeResultsDirectory="aa4a4df8-0957-47ba-bb0a-8d7ba4e0fcf8" />
    <UnitTestResult executionId="9ccba826-34c5-4fc8-85d3-ef4c784020d0" testId="35e933d1-ac2b-13e7-6e9c-384e801b08f0" testName="AccessToDB.Tests.UsersRepositoryTests.TestCheckUserIdExistsAsyncTrue(user: User { UserID = 248, CardID = 88, UserEmail = UserEmaile52451aa-cccc-446e-b805-6f0d16d7428e, Password = password67ce62aa-7721-46c1-a2d4-950459a264ce, Permissions = UNAUTHORIZED })" computerName="DESKTOP-TJ9D65N" duration="00:00:00.3822265" startTime="2022-11-03T10:04:32.1272628+03:00" endTime="2022-11-03T10:04:32.1272629+03:00" testType="13cdc9d9-ddb5-4fa4-a97d-d965ccfc6d4b" outcome="Passed" testListId="8c84fa94-04c1-424b-9868-57a2d4851a1d" relativeResultsDirectory="9ccba826-34c5-4fc8-85d3-ef4c784020d0" />
    <UnitTestResult executionId="4a98f330-ab24-4c09-a9de-f45f7809b2da" testId="8aec8e1a-9fb9-821a-a763-8e1a8f6dd47e" testName="AccessToDB.Tests.LiftsSlopesRepositoryTests.TestAddLiftSlopeAsyncFailsWhenLiftSlopeIdRepeats(liftSlope: LiftSlope { RecordID = 223, LiftID = 215, SlopeID = 37 })" computerName="DESKTOP-TJ9D65N" duration="00:00:00.4000542" startTime="2022-11-03T10:04:41.0898680+03:00" endTime="2022-11-03T10:04:41.0898683+03:00" testType="13cdc9d9-ddb5-4fa4-a97d-d965ccfc6d4b" outcome="Passed" testListId="8c84fa94-04c1-424b-9868-57a2d4851a1d" relativeResultsDirectory="4a98f330-ab24-4c09-a9de-f45f7809b2da" />
    <UnitTestResult executionId="276780f9-f5c3-4809-b641-66a433462f09" testId="4f9f7d06-88d1-541e-5e9c-d47a58a5e083" testName="AccessToDB.Tests.UsersRepositoryTests.TestGetUserByIdAsyncOk(user: User { UserID = 207, CardID = 17, UserEmail = UserEmailf3c5a208-239b-4776-bb70-9e16e976d0b2, Password = password68b3a9ea-e3de-4725-b4bf-4ac33dfec94d, Permissions = UNAUTHORIZED })" computerName="DESKTOP-TJ9D65N" duration="00:00:00.3819575" startTime="2022-11-03T10:04:33.7185559+03:00" endTime="2022-11-03T10:04:33.7185561+03:00" testType="13cdc9d9-ddb5-4fa4-a97d-d965ccfc6d4b" outcome="Passed" testListId="8c84fa94-04c1-424b-9868-57a2d4851a1d" relativeResultsDirectory="276780f9-f5c3-4809-b641-66a433462f09" />
    <UnitTestResult executionId="f950ae55-e1d2-4886-a69c-1ef796c5b820" testId="ceab2faa-444c-3d79-10bc-9ccdbac6b639" testName="AccessToDB.Tests.LiftsSlopesRepositoryTests.TestGetLiftSlopeByIdAsyncOk(liftSlope: LiftSlope { RecordID = 47, LiftID = 64, SlopeID = 146 })" computerName="DESKTOP-TJ9D65N" duration="00:00:00.3868927" startTime="2022-11-03T10:04:37.7727082+03:00" endTime="2022-11-03T10:04:37.7727097+03:00" testType="13cdc9d9-ddb5-4fa4-a97d-d965ccfc6d4b" outcome="Passed" testListId="8c84fa94-04c1-424b-9868-57a2d4851a1d" relativeResultsDirectory="f950ae55-e1d2-4886-a69c-1ef796c5b820" />
    <UnitTestResult executionId="162029b7-a41c-43c4-b966-b2720229c8a7" testId="db558720-6722-a3ca-ab40-a3b9d5f7ac2f" testName="AccessToDB.Tests.SlopesRepositoryTests.TestGetSlopeByNameAsyncFailsWhenNameNotExists(slopeName: &quot;slopeName28f07826-1f11-487d-8e30-72d0381d22df&quot;)" computerName="DESKTOP-TJ9D65N" duration="00:00:00.3628857" startTime="2022-11-03T10:04:36.5621132+03:00" endTime="2022-11-03T10:04:36.5621133+03:00" testType="13cdc9d9-ddb5-4fa4-a97d-d965ccfc6d4b" outcome="Passed" testListId="8c84fa94-04c1-424b-9868-57a2d4851a1d" relativeResultsDirectory="162029b7-a41c-43c4-b966-b2720229c8a7" />
    <UnitTestResult executionId="8d07cd14-da0a-47cb-95a8-9955d59e156c" testId="fb562e48-676d-c60d-2d35-a8aa791577b4" testName="AccessToDB.Tests.TurnstilesRepositoryTests.TestAddTurnstileAsyncFailsWhenTurnstileIdRepeats(turnstile: Turnstile { TurnstileID = 218, LiftID = 88, IsOpen = True })" computerName="DESKTOP-TJ9D65N" duration="00:00:00.4977796" startTime="2022-11-03T10:04:25.6461201+03:00" endTime="2022-11-03T10:04:25.6461463+03:00" testType="13cdc9d9-ddb5-4fa4-a97d-d965ccfc6d4b" outcome="Passed" testListId="8c84fa94-04c1-424b-9868-57a2d4851a1d" relativeResultsDirectory="8d07cd14-da0a-47cb-95a8-9955d59e156c" />
    <UnitTestResult executionId="b89b599e-6c49-4afd-bcf5-1ccc169b6c50" testId="01c0d40a-9b0f-2bc4-864c-a9c1c4053d4f" testName="AccessToDB.Tests.UsersRepositoryTests.TestCheckUserEmailExistsAsyncFalse(userEmail: &quot;userEmaile0ae3592-8baa-418a-a626-c6d7633c021f&quot;)" computerName="DESKTOP-TJ9D65N" duration="00:00:00.3615168" startTime="2022-11-03T10:04:31.7271701+03:00" endTime="2022-11-03T10:04:31.7271704+03:00" testType="13cdc9d9-ddb5-4fa4-a97d-d965ccfc6d4b" outcome="Passed" testListId="8c84fa94-04c1-424b-9868-57a2d4851a1d" relativeResultsDirectory="b89b599e-6c49-4afd-bcf5-1ccc169b6c50" />
    <UnitTestResult executionId="76278b1e-c0ed-45e2-989b-6290f71abae3" testId="4a40a1ba-aa14-5e02-063d-f3bc257bf551" testName="AccessToDB.Tests.LiftsRepositoryTests.TestGetLiftByNameAsyncFailsWhenNameNotExists(liftName: &quot;liftName59ea4655-79fa-4ec8-8f53-54ece3f2d56c&quot;)" computerName="DESKTOP-TJ9D65N" duration="00:00:00.3728908" startTime="2022-11-03T10:04:29.3397497+03:00" endTime="2022-11-03T10:04:29.3397500+03:00" testType="13cdc9d9-ddb5-4fa4-a97d-d965ccfc6d4b" outcome="Passed" testListId="8c84fa94-04c1-424b-9868-57a2d4851a1d" relativeResultsDirectory="76278b1e-c0ed-45e2-989b-6290f71abae3" />
    <UnitTestResult executionId="2fa9eb7f-5ed2-434f-8eff-3e91134570ef" testId="4145f44e-b4b1-a618-09e8-c631496e6f1a" testName="AccessToDB.Tests.LiftsSlopesRepositoryTests.TestGetLiftSlopesAsyncEmpty" computerName="DESKTOP-TJ9D65N" duration="00:00:00.3639187" startTime="2022-11-03T10:04:40.2346816+03:00" endTime="2022-11-03T10:04:40.2346817+03:00" testType="13cdc9d9-ddb5-4fa4-a97d-d965ccfc6d4b" outcome="Passed" testListId="8c84fa94-04c1-424b-9868-57a2d4851a1d" relativeResultsDirectory="2fa9eb7f-5ed2-434f-8eff-3e91134570ef" />
    <UnitTestResult executionId="3e54ac52-409c-4ae6-82a4-e2fd199b51c0" testId="607e8298-f113-be33-300e-15a343893443" testName="AccessToDB.Tests.LiftsRepositoryTests.TestGetLiftsAsyncEmpty" computerName="DESKTOP-TJ9D65N" duration="00:00:00.3671079" startTime="2022-11-03T10:04:30.1607654+03:00" endTime="2022-11-03T10:04:30.1607655+03:00" testType="13cdc9d9-ddb5-4fa4-a97d-d965ccfc6d4b" outcome="Passed" testListId="8c84fa94-04c1-424b-9868-57a2d4851a1d" relativeResultsDirectory="3e54ac52-409c-4ae6-82a4-e2fd199b51c0" />
    <UnitTestResult executionId="53f50f23-a51f-4c07-8eec-e2c316d3a70e" testId="ab6fd017-167c-7ccf-bce8-f4e47841b1c6" testName="AccessToDB.Tests.SlopesRepositoryTests.TestGetSlopeByIdAsyncOk(slope: Slope { SlopeID = 227, SlopeName = slopeNameeeb34798-8390-473d-874c-a9395fc64b0e, IsOpen = True, DifficultyLevel = 208, ConnectedLifts =  })" computerName="DESKTOP-TJ9D65N" duration="00:00:00.3809213" startTime="2022-11-03T10:04:37.3676257+03:00" endTime="2022-11-03T10:04:37.3676258+03:00" testType="13cdc9d9-ddb5-4fa4-a97d-d965ccfc6d4b" outcome="Passed" testListId="8c84fa94-04c1-424b-9868-57a2d4851a1d" relativeResultsDirectory="53f50f23-a51f-4c07-8eec-e2c316d3a70e" />
  </Results>
  <TestDefinitions>
    <UnitTest name="AccessToDB.Tests.TurnstilesRepositoryTests.TestAddTurnstileAutoIncrementAsyncOk" storage="/mnt/c/users/alena/desktop/7_sem/testing_and_debugging/skiresort/accesstodb.tests/bin/debug/net6.0/accesstodb.tests.dll" id="f9435956-2e34-e52b-c34e-dce53665cf8e">
      <Execution id="b1720173-c117-47c9-9acc-979e7233d2bd" />
      <TestMethod codeBase="/mnt/c/Users/alena/Desktop/7_sem/testing_and_debugging/SkiResort/AccessToDB.Tests/bin/Debug/net6.0/AccessToDB.Tests.dll" adapterTypeName="executor://xunit/VsTestRunner2/netcoreapp" className="AccessToDB.Tests.TurnstilesRepositoryTests" name="TestAddTurnstileAutoIncrementAsyncOk" />
    </UnitTest>
    <UnitTest name="AccessToDB.Tests.UsersRepositoryTests.TestCheckUserIdExistsAsyncTrue(user: User { UserID = 248, CardID = 88, UserEmail = UserEmaile52451aa-cccc-446e-b805-6f0d16d7428e, Password = password67ce62aa-7721-46c1-a2d4-950459a264ce, Permissions = UNAUTHORIZED })" storage="/mnt/c/users/alena/desktop/7_sem/testing_and_debugging/skiresort/accesstodb.tests/bin/debug/net6.0/accesstodb.tests.dll" id="35e933d1-ac2b-13e7-6e9c-384e801b08f0">
      <Execution id="9ccba826-34c5-4fc8-85d3-ef4c784020d0" />
      <TestMethod codeBase="/mnt/c/Users/alena/Desktop/7_sem/testing_and_debugging/SkiResort/AccessToDB.Tests/bin/Debug/net6.0/AccessToDB.Tests.dll" adapterTypeName="executor://xunit/VsTestRunner2/netcoreapp" className="AccessToDB.Tests.UsersRepositoryTests" name="TestCheckUserIdExistsAsyncTrue" />
    </UnitTest>
    <UnitTest name="AccessToDB.Tests.LiftsSlopesRepositoryTests.TestUpdateLiftSlopeByIDAsyncOk(liftSlope: LiftSlope { RecordID = 17, LiftID = 44, SlopeID = 83 })" storage="/mnt/c/users/alena/desktop/7_sem/testing_and_debugging/skiresort/accesstodb.tests/bin/debug/net6.0/accesstodb.tests.dll" id="8aef3068-0106-dede-d830-a9c20bc85d0b">
      <Execution id="fff84f39-c23e-4a0f-88b5-efafef78f706" />
      <TestMethod codeBase="/mnt/c/Users/alena/Desktop/7_sem/testing_and_debugging/SkiResort/AccessToDB.Tests/bin/Debug/net6.0/AccessToDB.Tests.dll" adapterTypeName="executor://xunit/VsTestRunner2/netcoreapp" className="AccessToDB.Tests.LiftsSlopesRepositoryTests" name="TestUpdateLiftSlopeByIDAsyncOk" />
    </UnitTest>
    <UnitTest name="AccessToDB.Tests.LiftsRepositoryTests.TestGetLiftsAsyncEmpty" storage="/mnt/c/users/alena/desktop/7_sem/testing_and_debugging/skiresort/accesstodb.tests/bin/debug/net6.0/accesstodb.tests.dll" id="607e8298-f113-be33-300e-15a343893443">
      <Execution id="3e54ac52-409c-4ae6-82a4-e2fd199b51c0" />
      <TestMethod codeBase="/mnt/c/Users/alena/Desktop/7_sem/testing_and_debugging/SkiResort/AccessToDB.Tests/bin/Debug/net6.0/AccessToDB.Tests.dll" adapterTypeName="executor://xunit/VsTestRunner2/netcoreapp" className="AccessToDB.Tests.LiftsRepositoryTests" name="TestGetLiftsAsyncEmpty" />
    </UnitTest>
    <UnitTest name="AccessToDB.Tests.LiftsRepositoryTests.TestDeleteLiftByIDAsyncFailsWhenIDNotExists(liftID: 57)" storage="/mnt/c/users/alena/desktop/7_sem/testing_and_debugging/skiresort/accesstodb.tests/bin/debug/net6.0/accesstodb.tests.dll" id="2a155119-60ab-adb4-06c0-dbc8de4b8995">
      <Execution id="c796a48b-91e6-4ac4-8c91-eb82a1ce275e" />
      <TestMethod codeBase="/mnt/c/Users/alena/Desktop/7_sem/testing_and_debugging/SkiResort/AccessToDB.Tests/bin/Debug/net6.0/AccessToDB.Tests.dll" adapterTypeName="executor://xunit/VsTestRunner2/netcoreapp" className="AccessToDB.Tests.LiftsRepositoryTests" name="TestDeleteLiftByIDAsyncFailsWhenIDNotExists" />
    </UnitTest>
    <UnitTest name="AccessToDB.Tests.SlopesRepositoryTests.TestGetSlopeByIdAsyncOk(slope: Slope { SlopeID = 227, SlopeName = slopeNameeeb34798-8390-473d-874c-a9395fc64b0e, IsOpen = True, DifficultyLevel = 208, ConnectedLifts =  })" storage="/mnt/c/users/alena/desktop/7_sem/testing_and_debugging/skiresort/accesstodb.tests/bin/debug/net6.0/accesstodb.tests.dll" id="ab6fd017-167c-7ccf-bce8-f4e47841b1c6">
      <Execution id="53f50f23-a51f-4c07-8eec-e2c316d3a70e" />
      <TestMethod codeBase="/mnt/c/Users/alena/Desktop/7_sem/testing_and_debugging/SkiResort/AccessToDB.Tests/bin/Debug/net6.0/AccessToDB.Tests.dll" adapterTypeName="executor://xunit/VsTestRunner2/netcoreapp" className="AccessToDB.Tests.SlopesRepositoryTests" name="TestGetSlopeByIdAsyncOk" />
    </UnitTest>
    <UnitTest name="AccessToDB.Tests.SlopesRepositoryTests.TestAddSlopeAutoIncrementAsyncOk" storage="/mnt/c/users/alena/desktop/7_sem/testing_and_debugging/skiresort/accesstodb.tests/bin/debug/net6.0/accesstodb.tests.dll" id="8f7ba917-f771-0dc5-f9b9-465c34344b12">
      <Execution id="743040bb-9162-439b-b533-8f3fcb0029d7" />
      <TestMethod codeBase="/mnt/c/Users/alena/Desktop/7_sem/testing_and_debugging/SkiResort/AccessToDB.Tests/bin/Debug/net6.0/AccessToDB.Tests.dll" adapterTypeName="executor://xunit/VsTestRunner2/netcoreapp" className="AccessToDB.Tests.SlopesRepositoryTests" name="TestAddSlopeAutoIncrementAsyncOk" />
    </UnitTest>
    <UnitTest name="AccessToDB.Tests.LiftsRepositoryTests.TestAddLiftAsyncFailsWhenLiftIdRepeats(lift: Lift { LiftID = 132, LiftName = liftNameb66d9767-f94e-4b83-ab9a-6d383ff4103f, IsOpen = True, SeatsAmount = 206, LiftingTime = 203, QueueTime = 243, ConnectedSlopes =  })" storage="/mnt/c/users/alena/desktop/7_sem/testing_and_debugging/skiresort/accesstodb.tests/bin/debug/net6.0/accesstodb.tests.dll" id="f2385775-9f6d-48ed-e33d-5ddde521425b">
      <Execution id="aa4a4df8-0957-47ba-bb0a-8d7ba4e0fcf8" />
      <TestMethod codeBase="/mnt/c/Users/alena/Desktop/7_sem/testing_and_debugging/SkiResort/AccessToDB.Tests/bin/Debug/net6.0/AccessToDB.Tests.dll" adapterTypeName="executor://xunit/VsTestRunner2/netcoreapp" className="AccessToDB.Tests.LiftsRepositoryTests" name="TestAddLiftAsyncFailsWhenLiftIdRepeats" />
    </UnitTest>
    <UnitTest name="AccessToDB.Tests.LiftsSlopesRepositoryTests.TestGetLiftsBySlopeIdAsyncOk(slope1: Slope { SlopeID = 81, SlopeName = slopeNamecc56e8d0-76c9-4019-9bb6-1d577738888c, IsOpen = True, DifficultyLevel = 143, ConnectedLifts =  }, slope2: Slope { SlopeID = 203, SlopeName = slopeNamed5ba5abb-a4e3-4bab-9eff-925f6ea43f9e, IsOpen = False, DifficultyLevel = 13, ConnectedLifts =  }, lift1: Lift { LiftID = 99, LiftName = liftName242ea5b9-c45f-4a64-ad8e-30b4..." storage="/mnt/c/users/alena/desktop/7_sem/testing_and_debugging/skiresort/accesstodb.tests/bin/debug/net6.0/accesstodb.tests.dll" id="e6a214dd-a835-02fa-d669-2399396eb742">
      <Execution id="7f49f2f3-2d19-40c0-8a22-ef8380def519" />
      <TestMethod codeBase="/mnt/c/Users/alena/Desktop/7_sem/testing_and_debugging/SkiResort/AccessToDB.Tests/bin/Debug/net6.0/AccessToDB.Tests.dll" adapterTypeName="executor://xunit/VsTestRunner2/netcoreapp" className="AccessToDB.Tests.LiftsSlopesRepositoryTests" name="TestGetLiftsBySlopeIdAsyncOk" />
    </UnitTest>
    <UnitTest name="AccessToDB.Tests.UsersRepositoryTests.TestAddUserAsyncFailsWhenUserIdRepeats(user: User { UserID = 236, CardID = 1, UserEmail = UserEmail1e54f357-c262-40ba-a81e-e2f47783882f, Password = password6a751786-7c5f-44bf-b129-f693fc73876d, Permissions = UNAUTHORIZED })" storage="/mnt/c/users/alena/desktop/7_sem/testing_and_debugging/skiresort/accesstodb.tests/bin/debug/net6.0/accesstodb.tests.dll" id="dba07fef-30b6-6557-35b8-cd914da70222">
      <Execution id="8c92e862-c252-4a96-a4c1-763b7549b18e" />
      <TestMethod codeBase="/mnt/c/Users/alena/Desktop/7_sem/testing_and_debugging/SkiResort/AccessToDB.Tests/bin/Debug/net6.0/AccessToDB.Tests.dll" adapterTypeName="executor://xunit/VsTestRunner2/netcoreapp" className="AccessToDB.Tests.UsersRepositoryTests" name="TestAddUserAsyncFailsWhenUserIdRepeats" />
    </UnitTest>
    <UnitTest name="AccessToDB.Tests.LiftsSlopesRepositoryTests.TestAddLiftSlopeAutoIncrementAsyncOk" storage="/mnt/c/users/alena/desktop/7_sem/testing_and_debugging/skiresort/accesstodb.tests/bin/debug/net6.0/accesstodb.tests.dll" id="30f8e924-9784-0a43-e807-094f70e06567">
      <Execution id="6cacc51d-3545-4365-a0f0-471dd3c58d2d" />
      <TestMethod codeBase="/mnt/c/Users/alena/Desktop/7_sem/testing_and_debugging/SkiResort/AccessToDB.Tests/bin/Debug/net6.0/AccessToDB.Tests.dll" adapterTypeName="executor://xunit/VsTestRunner2/netcoreapp" className="AccessToDB.Tests.LiftsSlopesRepositoryTests" name="TestAddLiftSlopeAutoIncrementAsyncOk" />
    </UnitTest>
    <UnitTest name="AccessToDB.Tests.UsersRepositoryTests.TestGetUsersAsyncEmpty" storage="/mnt/c/users/alena/desktop/7_sem/testing_and_debugging/skiresort/accesstodb.tests/bin/debug/net6.0/accesstodb.tests.dll" id="3741b26d-6ee0-6246-29e4-92009bff37b0">
      <Execution id="b1937860-8f1b-45f7-9b90-cfbaede96067" />
      <TestMethod codeBase="/mnt/c/Users/alena/Desktop/7_sem/testing_and_debugging/SkiResort/AccessToDB.Tests/bin/Debug/net6.0/AccessToDB.Tests.dll" adapterTypeName="executor://xunit/VsTestRunner2/netcoreapp" className="AccessToDB.Tests.UsersRepositoryTests" name="TestGetUsersAsyncEmpty" />
    </UnitTest>
    <UnitTest name="AccessToDB.Tests.LiftsRepositoryTests.TestUpdateLiftByIDAsyncOk(lift: Lift { LiftID = 160, LiftName = liftName3f3ecba1-e2db-445a-ab10-48e67d27aff8, IsOpen = True, SeatsAmount = 14, LiftingTime = 229, QueueTime = 223, ConnectedSlopes =  })" storage="/mnt/c/users/alena/desktop/7_sem/testing_and_debugging/skiresort/accesstodb.tests/bin/debug/net6.0/accesstodb.tests.dll" id="5f711233-1d76-6f7e-89c8-c1a8c0d0fdd3">
      <Execution id="0d3474f2-ca93-49ba-9610-b10cb7504e54" />
      <TestMethod codeBase="/mnt/c/Users/alena/Desktop/7_sem/testing_and_debugging/SkiResort/AccessToDB.Tests/bin/Debug/net6.0/AccessToDB.Tests.dll" adapterTypeName="executor://xunit/VsTestRunner2/netcoreapp" className="AccessToDB.Tests.LiftsRepositoryTests" name="TestUpdateLiftByIDAsyncOk" />
    </UnitTest>
    <UnitTest name="AccessToDB.Tests.TurnstilesRepositoryTests.TestGetTurnstilesByLiftIdAsyncOk(liftID: 225)" storage="/mnt/c/users/alena/desktop/7_sem/testing_and_debugging/skiresort/accesstodb.tests/bin/debug/net6.0/accesstodb.tests.dll" id="b21ac87c-6934-a494-8f36-a72b5a3e9342">
      <Execution id="17397e47-db7a-4232-bdf9-f05ebbb8a04e" />
      <TestMethod codeBase="/mnt/c/Users/alena/Desktop/7_sem/testing_and_debugging/SkiResort/AccessToDB.Tests/bin/Debug/net6.0/AccessToDB.Tests.dll" adapterTypeName="executor://xunit/VsTestRunner2/netcoreapp" className="AccessToDB.Tests.TurnstilesRepositoryTests" name="TestGetTurnstilesByLiftIdAsyncOk" />
    </UnitTest>
    <UnitTest name="AccessToDB.Tests.UsersRepositoryTests.TestUpdateUserByIDAsyncOk(user: User { UserID = 251, CardID = 189, UserEmail = UserEmail7f6a0cd3-9018-4aa9-af0a-9cfcc5a0c8b7, Password = passwordbb9c4e01-084b-45aa-a55b-85ab95aba4b7, Permissions = UNAUTHORIZED })" storage="/mnt/c/users/alena/desktop/7_sem/testing_and_debugging/skiresort/accesstodb.tests/bin/debug/net6.0/accesstodb.tests.dll" id="4832fd82-5205-aaf5-13f2-b3371c6e0992">
      <Execution id="82d4670c-11c3-40dd-88f2-29db6a7abc79" />
      <TestMethod codeBase="/mnt/c/Users/alena/Desktop/7_sem/testing_and_debugging/SkiResort/AccessToDB.Tests/bin/Debug/net6.0/AccessToDB.Tests.dll" adapterTypeName="executor://xunit/VsTestRunner2/netcoreapp" className="AccessToDB.Tests.UsersRepositoryTests" name="TestUpdateUserByIDAsyncOk" />
    </UnitTest>
    <UnitTest name="AccessToDB.Tests.SlopesRepositoryTests.TestUpdateSlopeByIDAsyncOk(slope: Slope { SlopeID = 175, SlopeName = slopeNamedebed475-249c-4fb6-a62e-bf3103df5a08, IsOpen = True, DifficultyLevel = 24, ConnectedLifts =  })" storage="/mnt/c/users/alena/desktop/7_sem/testing_and_debugging/skiresort/accesstodb.tests/bin/debug/net6.0/accesstodb.tests.dll" id="85a760a9-51f7-da75-2b02-2977fd4a55d6">
      <Execution id="06078c2e-b07f-4899-bcd1-a69b59462ec9" />
      <TestMethod codeBase="/mnt/c/Users/alena/Desktop/7_sem/testing_and_debugging/SkiResort/AccessToDB.Tests/bin/Debug/net6.0/AccessToDB.Tests.dll" adapterTypeName="executor://xunit/VsTestRunner2/netcoreapp" className="AccessToDB.Tests.SlopesRepositoryTests" name="TestUpdateSlopeByIDAsyncOk" />
    </UnitTest>
    <UnitTest name="AccessToDB.Tests.LiftsSlopesRepositoryTests.TestGetLiftSlopesAsyncEmpty" storage="/mnt/c/users/alena/desktop/7_sem/testing_and_debugging/skiresort/accesstodb.tests/bin/debug/net6.0/accesstodb.tests.dll" id="4145f44e-b4b1-a618-09e8-c631496e6f1a">
      <Execution id="2fa9eb7f-5ed2-434f-8eff-3e91134570ef" />
      <TestMethod codeBase="/mnt/c/Users/alena/Desktop/7_sem/testing_and_debugging/SkiResort/AccessToDB.Tests/bin/Debug/net6.0/AccessToDB.Tests.dll" adapterTypeName="executor://xunit/VsTestRunner2/netcoreapp" className="AccessToDB.Tests.LiftsSlopesRepositoryTests" name="TestGetLiftSlopesAsyncEmpty" />
    </UnitTest>
    <UnitTest name="AccessToDB.Tests.LiftsSlopesRepositoryTests.TestDeleteLiftSlopesByIDsAsyncOk(liftSlope: LiftSlope { RecordID = 53, LiftID = 127, SlopeID = 152 })" storage="/mnt/c/users/alena/desktop/7_sem/testing_and_debugging/skiresort/accesstodb.tests/bin/debug/net6.0/accesstodb.tests.dll" id="311b5d83-1720-918a-4469-3db96a177f73">
      <Execution id="f40cf8d0-ba86-4da8-be8f-a1217d2d0c39" />
      <TestMethod codeBase="/mnt/c/Users/alena/Desktop/7_sem/testing_and_debugging/SkiResort/AccessToDB.Tests/bin/Debug/net6.0/AccessToDB.Tests.dll" adapterTypeName="executor://xunit/VsTestRunner2/netcoreapp" className="AccessToDB.Tests.LiftsSlopesRepositoryTests" name="TestDeleteLiftSlopesByIDsAsyncOk" />
    </UnitTest>
    <UnitTest name="AccessToDB.Tests.TurnstilesRepositoryTests.TestDeleteTurnstileByIDAsyncFailsWhenIDNotExists(turnstileID: 1)" storage="/mnt/c/users/alena/desktop/7_sem/testing_and_debugging/skiresort/accesstodb.tests/bin/debug/net6.0/accesstodb.tests.dll" id="362a9681-7249-47ae-ee3a-a45012de04b0">
      <Execution id="7c6b897d-248c-42a2-8454-58d6ec005349" />
      <TestMethod codeBase="/mnt/c/Users/alena/Desktop/7_sem/testing_and_debugging/SkiResort/AccessToDB.Tests/bin/Debug/net6.0/AccessToDB.Tests.dll" adapterTypeName="executor://xunit/VsTestRunner2/netcoreapp" className="AccessToDB.Tests.TurnstilesRepositoryTests" name="TestDeleteTurnstileByIDAsyncFailsWhenIDNotExists" />
    </UnitTest>
    <UnitTest name="AccessToDB.Tests.LiftsRepositoryTests.TestGetLiftByIdAsyncOk(lift: Lift { LiftID = 126, LiftName = liftName6babe78e-a8a0-4c2d-b84d-caa8869488f0, IsOpen = True, SeatsAmount = 140, LiftingTime = 64, QueueTime = 152, ConnectedSlopes =  })" storage="/mnt/c/users/alena/desktop/7_sem/testing_and_debugging/skiresort/accesstodb.tests/bin/debug/net6.0/accesstodb.tests.dll" id="77d106e6-5ccf-1772-b5e3-87f027dbc8cb">
      <Execution id="ddb0ccf5-ae59-4c77-8dd4-cd69d26822ab" />
      <TestMethod codeBase="/mnt/c/Users/alena/Desktop/7_sem/testing_and_debugging/SkiResort/AccessToDB.Tests/bin/Debug/net6.0/AccessToDB.Tests.dll" adapterTypeName="executor://xunit/VsTestRunner2/netcoreapp" className="AccessToDB.Tests.LiftsRepositoryTests" name="TestGetLiftByIdAsyncOk" />
    </UnitTest>
    <UnitTest name="AccessToDB.Tests.SlopesRepositoryTests.TestGetSlopeByNameAsyncFailsWhenNameNotExists(slopeName: &quot;slopeName28f07826-1f11-487d-8e30-72d0381d22df&quot;)" storage="/mnt/c/users/alena/desktop/7_sem/testing_and_debugging/skiresort/accesstodb.tests/bin/debug/net6.0/accesstodb.tests.dll" id="db558720-6722-a3ca-ab40-a3b9d5f7ac2f">
      <Execution id="162029b7-a41c-43c4-b966-b2720229c8a7" />
      <TestMethod codeBase="/mnt/c/Users/alena/Desktop/7_sem/testing_and_debugging/SkiResort/AccessToDB.Tests/bin/Debug/net6.0/AccessToDB.Tests.dll" adapterTypeName="executor://xunit/VsTestRunner2/netcoreapp" className="AccessToDB.Tests.SlopesRepositoryTests" name="TestGetSlopeByNameAsyncFailsWhenNameNotExists" />
    </UnitTest>
    <UnitTest name="AccessToDB.Tests.LiftsRepositoryTests.TestGetLiftByNameAsyncFailsWhenNameNotExists(liftName: &quot;liftName59ea4655-79fa-4ec8-8f53-54ece3f2d56c&quot;)" storage="/mnt/c/users/alena/desktop/7_sem/testing_and_debugging/skiresort/accesstodb.tests/bin/debug/net6.0/accesstodb.tests.dll" id="4a40a1ba-aa14-5e02-063d-f3bc257bf551">
      <Execution id="76278b1e-c0ed-45e2-989b-6290f71abae3" />
      <TestMethod codeBase="/mnt/c/Users/alena/Desktop/7_sem/testing_and_debugging/SkiResort/AccessToDB.Tests/bin/Debug/net6.0/AccessToDB.Tests.dll" adapterTypeName="executor://xunit/VsTestRunner2/netcoreapp" className="AccessToDB.Tests.LiftsRepositoryTests" name="TestGetLiftByNameAsyncFailsWhenNameNotExists" />
    </UnitTest>
    <UnitTest name="AccessToDB.Tests.SlopesRepositoryTests.TestAddSlopeAsyncFailsWhenSlopeIdRepeats(slope: Slope { SlopeID = 81, SlopeName = slopeNamec6759d6e-e705-419b-ad9a-e25b492378c2, IsOpen = True, DifficultyLevel = 26, ConnectedLifts =  })" storage="/mnt/c/users/alena/desktop/7_sem/testing_and_debugging/skiresort/accesstodb.tests/bin/debug/net6.0/accesstodb.tests.dll" id="000374f1-bf9c-ba89-c57e-ce5e82250290">
      <Execution id="b1a1eca1-5b78-446f-804c-452150f9cf04" />
      <TestMethod codeBase="/mnt/c/Users/alena/Desktop/7_sem/testing_and_debugging/SkiResort/AccessToDB.Tests/bin/Debug/net6.0/AccessToDB.Tests.dll" adapterTypeName="executor://xunit/VsTestRunner2/netcoreapp" className="AccessToDB.Tests.SlopesRepositoryTests" name="TestAddSlopeAsyncFailsWhenSlopeIdRepeats" />
    </UnitTest>
    <UnitTest name="AccessToDB.Tests.TurnstilesRepositoryTests.TestUpdateTurnstileByIDAsyncOk(turnstile: Turnstile { TurnstileID = 69, LiftID = 201, IsOpen = True })" storage="/mnt/c/users/alena/desktop/7_sem/testing_and_debugging/skiresort/accesstodb.tests/bin/debug/net6.0/accesstodb.tests.dll" id="bed45a2a-8c80-48f9-6df5-ca1035f3dc20">
      <Execution id="8b4af2b9-75ac-4306-a15f-1a623d76054f" />
      <TestMethod codeBase="/mnt/c/Users/alena/Desktop/7_sem/testing_and_debugging/SkiResort/AccessToDB.Tests/bin/Debug/net6.0/AccessToDB.Tests.dll" adapterTypeName="executor://xunit/VsTestRunner2/netcoreapp" className="AccessToDB.Tests.TurnstilesRepositoryTests" name="TestUpdateTurnstileByIDAsyncOk" />
    </UnitTest>
    <UnitTest name="AccessToDB.Tests.TurnstilesRepositoryTests.TestGetTurnstileByIdAsyncOk(turnstile: Turnstile { TurnstileID = 54, LiftID = 89, IsOpen = True })" storage="/mnt/c/users/alena/desktop/7_sem/testing_and_debugging/skiresort/accesstodb.tests/bin/debug/net6.0/accesstodb.tests.dll" id="65937988-b441-6491-5d12-0384e9cb8064">
      <Execution id="8b88d980-6b56-4152-bad7-7bb48b38e148" />
      <TestMethod codeBase="/mnt/c/Users/alena/Desktop/7_sem/testing_and_debugging/SkiResort/AccessToDB.Tests/bin/Debug/net6.0/AccessToDB.Tests.dll" adapterTypeName="executor://xunit/VsTestRunner2/netcoreapp" className="AccessToDB.Tests.TurnstilesRepositoryTests" name="TestGetTurnstileByIdAsyncOk" />
    </UnitTest>
    <UnitTest name="AccessToDB.Tests.LiftsSlopesRepositoryTests.TestGetLiftSlopeByIdAsyncOk(liftSlope: LiftSlope { RecordID = 47, LiftID = 64, SlopeID = 146 })" storage="/mnt/c/users/alena/desktop/7_sem/testing_and_debugging/skiresort/accesstodb.tests/bin/debug/net6.0/accesstodb.tests.dll" id="ceab2faa-444c-3d79-10bc-9ccdbac6b639">
      <Execution id="f950ae55-e1d2-4886-a69c-1ef796c5b820" />
      <TestMethod codeBase="/mnt/c/Users/alena/Desktop/7_sem/testing_and_debugging/SkiResort/AccessToDB.Tests/bin/Debug/net6.0/AccessToDB.Tests.dll" adapterTypeName="executor://xunit/VsTestRunner2/netcoreapp" className="AccessToDB.Tests.LiftsSlopesRepositoryTests" name="TestGetLiftSlopeByIdAsyncOk" />
    </UnitTest>
    <UnitTest name="AccessToDB.Tests.LiftsRepositoryTests.TestAddLiftAutoIncrementAsyncOk" storage="/mnt/c/users/alena/desktop/7_sem/testing_and_debugging/skiresort/accesstodb.tests/bin/debug/net6.0/accesstodb.tests.dll" id="ec229f70-485a-f91b-53ed-bce655f6cd58">
      <Execution id="87562b61-3f2a-4fc4-8b05-de034c5b89a4" />
      <TestMethod codeBase="/mnt/c/Users/alena/Desktop/7_sem/testing_and_debugging/SkiResort/AccessToDB.Tests/bin/Debug/net6.0/AccessToDB.Tests.dll" adapterTypeName="executor://xunit/VsTestRunner2/netcoreapp" className="AccessToDB.Tests.LiftsRepositoryTests" name="TestAddLiftAutoIncrementAsyncOk" />
    </UnitTest>
    <UnitTest name="AccessToDB.Tests.LiftsSlopesRepositoryTests.TestDeleteLiftSlopeByIDAsyncFailsWhenIDNotExists(liftSlopeID: 131)" storage="/mnt/c/users/alena/desktop/7_sem/testing_and_debugging/skiresort/accesstodb.tests/bin/debug/net6.0/accesstodb.tests.dll" id="2a7243df-8ead-dd19-ea3a-38f84d9b845f">
      <Execution id="e22b16fd-87b7-4707-aff6-8cf16738b07b" />
      <TestMethod codeBase="/mnt/c/Users/alena/Desktop/7_sem/testing_and_debugging/SkiResort/AccessToDB.Tests/bin/Debug/net6.0/AccessToDB.Tests.dll" adapterTypeName="executor://xunit/VsTestRunner2/netcoreapp" className="AccessToDB.Tests.LiftsSlopesRepositoryTests" name="TestDeleteLiftSlopeByIDAsyncFailsWhenIDNotExists" />
    </UnitTest>
    <UnitTest name="AccessToDB.Tests.UsersRepositoryTests.TestDeleteUserByIDAsyncFailsWhenIDNotExists(userID: 74)" storage="/mnt/c/users/alena/desktop/7_sem/testing_and_debugging/skiresort/accesstodb.tests/bin/debug/net6.0/accesstodb.tests.dll" id="da59e607-f8ed-b408-a273-6cbd2ee9ff2e">
      <Execution id="1a97b918-edda-4739-992a-1b3e8b2b0173" />
      <TestMethod codeBase="/mnt/c/Users/alena/Desktop/7_sem/testing_and_debugging/SkiResort/AccessToDB.Tests/bin/Debug/net6.0/AccessToDB.Tests.dll" adapterTypeName="executor://xunit/VsTestRunner2/netcoreapp" className="AccessToDB.Tests.UsersRepositoryTests" name="TestDeleteUserByIDAsyncFailsWhenIDNotExists" />
    </UnitTest>
    <UnitTest name="AccessToDB.Tests.UsersRepositoryTests.TestCheckUserEmailExistsAsyncFalse(userEmail: &quot;userEmaile0ae3592-8baa-418a-a626-c6d7633c021f&quot;)" storage="/mnt/c/users/alena/desktop/7_sem/testing_and_debugging/skiresort/accesstodb.tests/bin/debug/net6.0/accesstodb.tests.dll" id="01c0d40a-9b0f-2bc4-864c-a9c1c4053d4f">
      <Execution id="b89b599e-6c49-4afd-bcf5-1ccc169b6c50" />
      <TestMethod codeBase="/mnt/c/Users/alena/Desktop/7_sem/testing_and_debugging/SkiResort/AccessToDB.Tests/bin/Debug/net6.0/AccessToDB.Tests.dll" adapterTypeName="executor://xunit/VsTestRunner2/netcoreapp" className="AccessToDB.Tests.UsersRepositoryTests" name="TestCheckUserEmailExistsAsyncFalse" />
    </UnitTest>
    <UnitTest name="AccessToDB.Tests.LiftsSlopesRepositoryTests.TestAddLiftSlopeAsyncFailsWhenLiftSlopeIdRepeats(liftSlope: LiftSlope { RecordID = 223, LiftID = 215, SlopeID = 37 })" storage="/mnt/c/users/alena/desktop/7_sem/testing_and_debugging/skiresort/accesstodb.tests/bin/debug/net6.0/accesstodb.tests.dll" id="8aec8e1a-9fb9-821a-a763-8e1a8f6dd47e">
      <Execution id="4a98f330-ab24-4c09-a9de-f45f7809b2da" />
      <TestMethod codeBase="/mnt/c/Users/alena/Desktop/7_sem/testing_and_debugging/SkiResort/AccessToDB.Tests/bin/Debug/net6.0/AccessToDB.Tests.dll" adapterTypeName="executor://xunit/VsTestRunner2/netcoreapp" className="AccessToDB.Tests.LiftsSlopesRepositoryTests" name="TestAddLiftSlopeAsyncFailsWhenLiftSlopeIdRepeats" />
    </UnitTest>
    <UnitTest name="AccessToDB.Tests.LiftsSlopesRepositoryTests.TestGetSlopesByLiftIdAsyncFailsWhenSlopeNotExists(liftSlope: LiftSlope { RecordID = 142, LiftID = 184, SlopeID = 88 })" storage="/mnt/c/users/alena/desktop/7_sem/testing_and_debugging/skiresort/accesstodb.tests/bin/debug/net6.0/accesstodb.tests.dll" id="194e5384-b26f-a6f7-cf46-cd2c87d542ab">
      <Execution id="659163ec-d0e3-409d-917a-f780d031ad5d" />
      <TestMethod codeBase="/mnt/c/Users/alena/Desktop/7_sem/testing_and_debugging/SkiResort/AccessToDB.Tests/bin/Debug/net6.0/AccessToDB.Tests.dll" adapterTypeName="executor://xunit/VsTestRunner2/netcoreapp" className="AccessToDB.Tests.LiftsSlopesRepositoryTests" name="TestGetSlopesByLiftIdAsyncFailsWhenSlopeNotExists" />
    </UnitTest>
    <UnitTest name="AccessToDB.Tests.SlopesRepositoryTests.TestDeleteSlopeByIDAsyncFailsWhenIDNotExists(slopeID: 232)" storage="/mnt/c/users/alena/desktop/7_sem/testing_and_debugging/skiresort/accesstodb.tests/bin/debug/net6.0/accesstodb.tests.dll" id="511adc88-4e6f-c7ee-e798-78a0842bd906">
      <Execution id="c8b8f6ef-c8c2-421e-907c-b3edcd7ef269" />
      <TestMethod codeBase="/mnt/c/Users/alena/Desktop/7_sem/testing_and_debugging/SkiResort/AccessToDB.Tests/bin/Debug/net6.0/AccessToDB.Tests.dll" adapterTypeName="executor://xunit/VsTestRunner2/netcoreapp" className="AccessToDB.Tests.SlopesRepositoryTests" name="TestDeleteSlopeByIDAsyncFailsWhenIDNotExists" />
    </UnitTest>
    <UnitTest name="AccessToDB.Tests.UsersRepositoryTests.TestGetUserByEmailAsyncFailsWhenEmailNotExists(email: &quot;emailcfe01520-2a72-48d5-a6e6-8398980735cb&quot;)" storage="/mnt/c/users/alena/desktop/7_sem/testing_and_debugging/skiresort/accesstodb.tests/bin/debug/net6.0/accesstodb.tests.dll" id="f5cc0166-42bd-c682-10fe-d79e44fa974a">
      <Execution id="aba627e9-6281-4cc2-96df-bb1409891421" />
      <TestMethod codeBase="/mnt/c/Users/alena/Desktop/7_sem/testing_and_debugging/SkiResort/AccessToDB.Tests/bin/Debug/net6.0/AccessToDB.Tests.dll" adapterTypeName="executor://xunit/VsTestRunner2/netcoreapp" className="AccessToDB.Tests.UsersRepositoryTests" name="TestGetUserByEmailAsyncFailsWhenEmailNotExists" />
    </UnitTest>
    <UnitTest name="AccessToDB.Tests.UsersRepositoryTests.TestGetUserByIdAsyncOk(user: User { UserID = 207, CardID = 17, UserEmail = UserEmailf3c5a208-239b-4776-bb70-9e16e976d0b2, Password = password68b3a9ea-e3de-4725-b4bf-4ac33dfec94d, Permissions = UNAUTHORIZED })" storage="/mnt/c/users/alena/desktop/7_sem/testing_and_debugging/skiresort/accesstodb.tests/bin/debug/net6.0/accesstodb.tests.dll" id="4f9f7d06-88d1-541e-5e9c-d47a58a5e083">
      <Execution id="276780f9-f5c3-4809-b641-66a433462f09" />
      <TestMethod codeBase="/mnt/c/Users/alena/Desktop/7_sem/testing_and_debugging/SkiResort/AccessToDB.Tests/bin/Debug/net6.0/AccessToDB.Tests.dll" adapterTypeName="executor://xunit/VsTestRunner2/netcoreapp" className="AccessToDB.Tests.UsersRepositoryTests" name="TestGetUserByIdAsyncOk" />
    </UnitTest>
    <UnitTest name="AccessToDB.Tests.UsersRepositoryTests.TestAddUserAutoIncrementAsyncOk" storage="/mnt/c/users/alena/desktop/7_sem/testing_and_debugging/skiresort/accesstodb.tests/bin/debug/net6.0/accesstodb.tests.dll" id="e75bb6e2-88d9-af2a-a444-c4a9d67f0f0e">
      <Execution id="42918089-ccb5-4623-9dd4-77d1fdc63e4a" />
      <TestMethod codeBase="/mnt/c/Users/alena/Desktop/7_sem/testing_and_debugging/SkiResort/AccessToDB.Tests/bin/Debug/net6.0/AccessToDB.Tests.dll" adapterTypeName="executor://xunit/VsTestRunner2/netcoreapp" className="AccessToDB.Tests.UsersRepositoryTests" name="TestAddUserAutoIncrementAsyncOk" />
    </UnitTest>
    <UnitTest name="AccessToDB.Tests.TurnstilesRepositoryTests.TestAddTurnstileAsyncFailsWhenTurnstileIdRepeats(turnstile: Turnstile { TurnstileID = 218, LiftID = 88, IsOpen = True })" storage="/mnt/c/users/alena/desktop/7_sem/testing_and_debugging/skiresort/accesstodb.tests/bin/debug/net6.0/accesstodb.tests.dll" id="fb562e48-676d-c60d-2d35-a8aa791577b4">
      <Execution id="8d07cd14-da0a-47cb-95a8-9955d59e156c" />
      <TestMethod codeBase="/mnt/c/Users/alena/Desktop/7_sem/testing_and_debugging/SkiResort/AccessToDB.Tests/bin/Debug/net6.0/AccessToDB.Tests.dll" adapterTypeName="executor://xunit/VsTestRunner2/netcoreapp" className="AccessToDB.Tests.TurnstilesRepositoryTests" name="TestAddTurnstileAsyncFailsWhenTurnstileIdRepeats" />
    </UnitTest>
    <UnitTest name="AccessToDB.Tests.TurnstilesRepositoryTests.TestGetTurnstilesAsyncEmpty" storage="/mnt/c/users/alena/desktop/7_sem/testing_and_debugging/skiresort/accesstodb.tests/bin/debug/net6.0/accesstodb.tests.dll" id="3c521313-4ed6-6bce-b4f9-c359411028e7">
      <Execution id="d0aca852-fa07-4372-bee9-6d92d3a7feb6" />
      <TestMethod codeBase="/mnt/c/Users/alena/Desktop/7_sem/testing_and_debugging/SkiResort/AccessToDB.Tests/bin/Debug/net6.0/AccessToDB.Tests.dll" adapterTypeName="executor://xunit/VsTestRunner2/netcoreapp" className="AccessToDB.Tests.TurnstilesRepositoryTests" name="TestGetTurnstilesAsyncEmpty" />
    </UnitTest>
    <UnitTest name="AccessToDB.Tests.SlopesRepositoryTests.TestGetSlopesAsyncEmpty" storage="/mnt/c/users/alena/desktop/7_sem/testing_and_debugging/skiresort/accesstodb.tests/bin/debug/net6.0/accesstodb.tests.dll" id="9bbefb83-8311-6e03-307f-415e3495e223">
      <Execution id="4d23cbfc-4a01-4248-a0cd-47aae64c7679" />
      <TestMethod codeBase="/mnt/c/Users/alena/Desktop/7_sem/testing_and_debugging/SkiResort/AccessToDB.Tests/bin/Debug/net6.0/AccessToDB.Tests.dll" adapterTypeName="executor://xunit/VsTestRunner2/netcoreapp" className="AccessToDB.Tests.SlopesRepositoryTests" name="TestGetSlopesAsyncEmpty" />
    </UnitTest>
  </TestDefinitions>
  <TestEntries>
    <TestEntry testId="b21ac87c-6934-a494-8f36-a72b5a3e9342" executionId="17397e47-db7a-4232-bdf9-f05ebbb8a04e" testListId="8c84fa94-04c1-424b-9868-57a2d4851a1d" />
    <TestEntry testId="311b5d83-1720-918a-4469-3db96a177f73" executionId="f40cf8d0-ba86-4da8-be8f-a1217d2d0c39" testListId="8c84fa94-04c1-424b-9868-57a2d4851a1d" />
    <TestEntry testId="da59e607-f8ed-b408-a273-6cbd2ee9ff2e" executionId="1a97b918-edda-4739-992a-1b3e8b2b0173" testListId="8c84fa94-04c1-424b-9868-57a2d4851a1d" />
    <TestEntry testId="bed45a2a-8c80-48f9-6df5-ca1035f3dc20" executionId="8b4af2b9-75ac-4306-a15f-1a623d76054f" testListId="8c84fa94-04c1-424b-9868-57a2d4851a1d" />
    <TestEntry testId="2a7243df-8ead-dd19-ea3a-38f84d9b845f" executionId="e22b16fd-87b7-4707-aff6-8cf16738b07b" testListId="8c84fa94-04c1-424b-9868-57a2d4851a1d" />
    <TestEntry testId="5f711233-1d76-6f7e-89c8-c1a8c0d0fdd3" executionId="0d3474f2-ca93-49ba-9610-b10cb7504e54" testListId="8c84fa94-04c1-424b-9868-57a2d4851a1d" />
    <TestEntry testId="77d106e6-5ccf-1772-b5e3-87f027dbc8cb" executionId="ddb0ccf5-ae59-4c77-8dd4-cd69d26822ab" testListId="8c84fa94-04c1-424b-9868-57a2d4851a1d" />
    <TestEntry testId="9bbefb83-8311-6e03-307f-415e3495e223" executionId="4d23cbfc-4a01-4248-a0cd-47aae64c7679" testListId="8c84fa94-04c1-424b-9868-57a2d4851a1d" />
    <TestEntry testId="85a760a9-51f7-da75-2b02-2977fd4a55d6" executionId="06078c2e-b07f-4899-bcd1-a69b59462ec9" testListId="8c84fa94-04c1-424b-9868-57a2d4851a1d" />
    <TestEntry testId="e75bb6e2-88d9-af2a-a444-c4a9d67f0f0e" executionId="42918089-ccb5-4623-9dd4-77d1fdc63e4a" testListId="8c84fa94-04c1-424b-9868-57a2d4851a1d" />
    <TestEntry testId="f9435956-2e34-e52b-c34e-dce53665cf8e" executionId="b1720173-c117-47c9-9acc-979e7233d2bd" testListId="8c84fa94-04c1-424b-9868-57a2d4851a1d" />
    <TestEntry testId="30f8e924-9784-0a43-e807-094f70e06567" executionId="6cacc51d-3545-4365-a0f0-471dd3c58d2d" testListId="8c84fa94-04c1-424b-9868-57a2d4851a1d" />
    <TestEntry testId="362a9681-7249-47ae-ee3a-a45012de04b0" executionId="7c6b897d-248c-42a2-8454-58d6ec005349" testListId="8c84fa94-04c1-424b-9868-57a2d4851a1d" />
    <TestEntry testId="511adc88-4e6f-c7ee-e798-78a0842bd906" executionId="c8b8f6ef-c8c2-421e-907c-b3edcd7ef269" testListId="8c84fa94-04c1-424b-9868-57a2d4851a1d" />
    <TestEntry testId="000374f1-bf9c-ba89-c57e-ce5e82250290" executionId="b1a1eca1-5b78-446f-804c-452150f9cf04" testListId="8c84fa94-04c1-424b-9868-57a2d4851a1d" />
    <TestEntry testId="194e5384-b26f-a6f7-cf46-cd2c87d542ab" executionId="659163ec-d0e3-409d-917a-f780d031ad5d" testListId="8c84fa94-04c1-424b-9868-57a2d4851a1d" />
    <TestEntry testId="ec229f70-485a-f91b-53ed-bce655f6cd58" executionId="87562b61-3f2a-4fc4-8b05-de034c5b89a4" testListId="8c84fa94-04c1-424b-9868-57a2d4851a1d" />
    <TestEntry testId="f5cc0166-42bd-c682-10fe-d79e44fa974a" executionId="aba627e9-6281-4cc2-96df-bb1409891421" testListId="8c84fa94-04c1-424b-9868-57a2d4851a1d" />
    <TestEntry testId="dba07fef-30b6-6557-35b8-cd914da70222" executionId="8c92e862-c252-4a96-a4c1-763b7549b18e" testListId="8c84fa94-04c1-424b-9868-57a2d4851a1d" />
    <TestEntry testId="2a155119-60ab-adb4-06c0-dbc8de4b8995" executionId="c796a48b-91e6-4ac4-8c91-eb82a1ce275e" testListId="8c84fa94-04c1-424b-9868-57a2d4851a1d" />
    <TestEntry testId="8aef3068-0106-dede-d830-a9c20bc85d0b" executionId="fff84f39-c23e-4a0f-88b5-efafef78f706" testListId="8c84fa94-04c1-424b-9868-57a2d4851a1d" />
    <TestEntry testId="e6a214dd-a835-02fa-d669-2399396eb742" executionId="7f49f2f3-2d19-40c0-8a22-ef8380def519" testListId="8c84fa94-04c1-424b-9868-57a2d4851a1d" />
    <TestEntry testId="4832fd82-5205-aaf5-13f2-b3371c6e0992" executionId="82d4670c-11c3-40dd-88f2-29db6a7abc79" testListId="8c84fa94-04c1-424b-9868-57a2d4851a1d" />
    <TestEntry testId="8f7ba917-f771-0dc5-f9b9-465c34344b12" executionId="743040bb-9162-439b-b533-8f3fcb0029d7" testListId="8c84fa94-04c1-424b-9868-57a2d4851a1d" />
    <TestEntry testId="3c521313-4ed6-6bce-b4f9-c359411028e7" executionId="d0aca852-fa07-4372-bee9-6d92d3a7feb6" testListId="8c84fa94-04c1-424b-9868-57a2d4851a1d" />
    <TestEntry testId="3741b26d-6ee0-6246-29e4-92009bff37b0" executionId="b1937860-8f1b-45f7-9b90-cfbaede96067" testListId="8c84fa94-04c1-424b-9868-57a2d4851a1d" />
    <TestEntry testId="65937988-b441-6491-5d12-0384e9cb8064" executionId="8b88d980-6b56-4152-bad7-7bb48b38e148" testListId="8c84fa94-04c1-424b-9868-57a2d4851a1d" />
    <TestEntry testId="f2385775-9f6d-48ed-e33d-5ddde521425b" executionId="aa4a4df8-0957-47ba-bb0a-8d7ba4e0fcf8" testListId="8c84fa94-04c1-424b-9868-57a2d4851a1d" />
    <TestEntry testId="35e933d1-ac2b-13e7-6e9c-384e801b08f0" executionId="9ccba826-34c5-4fc8-85d3-ef4c784020d0" testListId="8c84fa94-04c1-424b-9868-57a2d4851a1d" />
    <TestEntry testId="8aec8e1a-9fb9-821a-a763-8e1a8f6dd47e" executionId="4a98f330-ab24-4c09-a9de-f45f7809b2da" testListId="8c84fa94-04c1-424b-9868-57a2d4851a1d" />
    <TestEntry testId="4f9f7d06-88d1-541e-5e9c-d47a58a5e083" executionId="276780f9-f5c3-4809-b641-66a433462f09" testListId="8c84fa94-04c1-424b-9868-57a2d4851a1d" />
    <TestEntry testId="ceab2faa-444c-3d79-10bc-9ccdbac6b639" executionId="f950ae55-e1d2-4886-a69c-1ef796c5b820" testListId="8c84fa94-04c1-424b-9868-57a2d4851a1d" />
    <TestEntry testId="db558720-6722-a3ca-ab40-a3b9d5f7ac2f" executionId="162029b7-a41c-43c4-b966-b2720229c8a7" testListId="8c84fa94-04c1-424b-9868-57a2d4851a1d" />
    <TestEntry testId="fb562e48-676d-c60d-2d35-a8aa791577b4" executionId="8d07cd14-da0a-47cb-95a8-9955d59e156c" testListId="8c84fa94-04c1-424b-9868-57a2d4851a1d" />
    <TestEntry testId="01c0d40a-9b0f-2bc4-864c-a9c1c4053d4f" executionId="b89b599e-6c49-4afd-bcf5-1ccc169b6c50" testListId="8c84fa94-04c1-424b-9868-57a2d4851a1d" />
    <TestEntry testId="4a40a1ba-aa14-5e02-063d-f3bc257bf551" executionId="76278b1e-c0ed-45e2-989b-6290f71abae3" testListId="8c84fa94-04c1-424b-9868-57a2d4851a1d" />
    <TestEntry testId="4145f44e-b4b1-a618-09e8-c631496e6f1a" executionId="2fa9eb7f-5ed2-434f-8eff-3e91134570ef" testListId="8c84fa94-04c1-424b-9868-57a2d4851a1d" />
    <TestEntry testId="607e8298-f113-be33-300e-15a343893443" executionId="3e54ac52-409c-4ae6-82a4-e2fd199b51c0" testListId="8c84fa94-04c1-424b-9868-57a2d4851a1d" />
    <TestEntry testId="ab6fd017-167c-7ccf-bce8-f4e47841b1c6" executionId="53f50f23-a51f-4c07-8eec-e2c316d3a70e" testListId="8c84fa94-04c1-424b-9868-57a2d4851a1d" />
  </TestEntries>
  <TestLists>
    <TestList name="Results Not in a List" id="8c84fa94-04c1-424b-9868-57a2d4851a1d" />
    <TestList name="All Loaded Results" id="19431567-8539-422a-85d7-44ee4e166bda" />
  </TestLists>
  <ResultSummary outcome="Completed">
    <Counters total="39" executed="39" passed="39" failed="0" error="0" timeout="0" aborted="0" inconclusive="0" passedButRunAborted="0" notRunnable="0" notExecuted="0" disconnected="0" warning="0" completed="0" inProgress="0" pending="0" />
    <Output>
      <StdOut>[xUnit.net 00:00:00.00] xUnit.net VSTest Adapter v2.4.5+1caef2f33e (64-bit .NET 6.0.10)
[xUnit.net 00:00:01.03]   Discovering: AccessToDB.Tests
[xUnit.net 00:00:01.15]   Discovered:  AccessToDB.Tests
[xUnit.net 00:00:01.15]   Starting:    AccessToDB.Tests
[xUnit.net 00:00:17.22]   Finished:    AccessToDB.Tests
</StdOut>
    </Output>
  </ResultSummary>
</TestRun>