<?xml version="1.0" encoding="utf-8"?>
<TestRun id="7f0dcf32-922c-4a81-b1c6-a560001d5e12" name="@DESKTOP-TJ9D65N 2022-11-03 11:07:41" xmlns="http://microsoft.com/schemas/VisualStudio/TeamTest/2010">
  <Times creation="2022-11-03T11:07:41.3654177+03:00" queuing="2022-11-03T11:07:41.3654178+03:00" start="2022-11-03T11:07:37.4879253+03:00" finish="2022-11-03T11:07:55.8845524+03:00" />
  <TestSettings name="default" id="8f80dd79-9557-4b04-80ce-7880b43243a1">
    <Deployment runDeploymentRoot="_DESKTOP-TJ9D65N_2022-11-03_11_07_41" />
  </TestSettings>
  <Results>
    <UnitTestResult executionId="5d2b56f0-232c-43c0-ab66-a396b5e5480a" testId="886ef031-3a1f-ad5f-a507-a0d1f6a52cb3" testName="AccessToDB.Tests.SlopesRepositoryTests.TestGetSlopeByNameAsyncFailsWhenNameNotExists(slopeName: &quot;slopeNamea5d8e80a-40b4-4928-b998-45c01fcb4c66&quot;)" computerName="DESKTOP-TJ9D65N" duration="00:00:00.3611897" startTime="2022-11-03T11:07:41.0052486+03:00" endTime="2022-11-03T11:07:41.0052488+03:00" testType="13cdc9d9-ddb5-4fa4-a97d-d965ccfc6d4b" outcome="Passed" testListId="8c84fa94-04c1-424b-9868-57a2d4851a1d" relativeResultsDirectory="5d2b56f0-232c-43c0-ab66-a396b5e5480a" />
    <UnitTestResult executionId="0fc2f8b0-7746-4f5a-93ac-8ae7709cf9a3" testId="3741b26d-6ee0-6246-29e4-92009bff37b0" testName="AccessToDB.Tests.UsersRepositoryTests.TestGetUsersAsyncEmpty" computerName="DESKTOP-TJ9D65N" duration="00:00:00.3622309" startTime="2022-11-03T11:07:49.1604521+03:00" endTime="2022-11-03T11:07:49.1604523+03:00" testType="13cdc9d9-ddb5-4fa4-a97d-d965ccfc6d4b" outcome="Passed" testListId="8c84fa94-04c1-424b-9868-57a2d4851a1d" relativeResultsDirectory="0fc2f8b0-7746-4f5a-93ac-8ae7709cf9a3" />
    <UnitTestResult executionId="7ba63eba-c52d-430c-9735-71ea4bb7ab37" testId="9bbefb83-8311-6e03-307f-415e3495e223" testName="AccessToDB.Tests.SlopesRepositoryTests.TestGetSlopesAsyncEmpty" computerName="DESKTOP-TJ9D65N" duration="00:00:00.3625183" startTime="2022-11-03T11:07:42.2042392+03:00" endTime="2022-11-03T11:07:42.2042394+03:00" testType="13cdc9d9-ddb5-4fa4-a97d-d965ccfc6d4b" outcome="Passed" testListId="8c84fa94-04c1-424b-9868-57a2d4851a1d" relativeResultsDirectory="7ba63eba-c52d-430c-9735-71ea4bb7ab37" />
    <UnitTestResult executionId="130110e0-6c83-414f-82d3-880fa2d4490d" testId="689fd56e-c249-a4ad-4bd0-761cdc686bc9" testName="AccessToDB.Tests.TurnstilesRepositoryTests.TestGetTurnstileByIdAsyncOk(turnstile: Turnstile { TurnstileID = 240, LiftID = 211, IsOpen = True })" computerName="DESKTOP-TJ9D65N" duration="00:00:00.3960303" startTime="2022-11-03T11:07:43.0120025+03:00" endTime="2022-11-03T11:07:43.0120027+03:00" testType="13cdc9d9-ddb5-4fa4-a97d-d965ccfc6d4b" outcome="Passed" testListId="8c84fa94-04c1-424b-9868-57a2d4851a1d" relativeResultsDirectory="130110e0-6c83-414f-82d3-880fa2d4490d" />
    <UnitTestResult executionId="62e6c3d0-973b-4424-a67b-55e6bcb001e4" testId="1a01548d-d087-21e0-6aae-212f7200a17f" testName="AccessToDB.Tests.SlopesRepositoryTests.TestAddSlopeAsyncFailsWhenSlopeIdRepeats(slope: Slope { SlopeID = 76, SlopeName = slopeName32a7a880-2f52-46d7-8134-04fb5f48507e, IsOpen = True, DifficultyLevel = 113, ConnectedLifts =  })" computerName="DESKTOP-TJ9D65N" duration="00:00:00.4585661" startTime="2022-11-03T11:07:40.1986348+03:00" endTime="2022-11-03T11:07:40.1986714+03:00" testType="13cdc9d9-ddb5-4fa4-a97d-d965ccfc6d4b" outcome="Passed" testListId="8c84fa94-04c1-424b-9868-57a2d4851a1d" relativeResultsDirectory="62e6c3d0-973b-4424-a67b-55e6bcb001e4" />
    <UnitTestResult executionId="88314821-6904-4c78-bde5-97667f07f01b" testId="f9435956-2e34-e52b-c34e-dce53665cf8e" testName="AccessToDB.Tests.TurnstilesRepositoryTests.TestAddTurnstileAutoIncrementAsyncOk" computerName="DESKTOP-TJ9D65N" duration="00:00:00.3972306" startTime="2022-11-03T11:07:43.7974370+03:00" endTime="2022-11-03T11:07:43.7974373+03:00" testType="13cdc9d9-ddb5-4fa4-a97d-d965ccfc6d4b" outcome="Passed" testListId="8c84fa94-04c1-424b-9868-57a2d4851a1d" relativeResultsDirectory="88314821-6904-4c78-bde5-97667f07f01b" />
    <UnitTestResult executionId="11784384-bdb8-475e-9902-451648b4a939" testId="09c9701f-40d8-f802-06e0-acc5bd6d9e8f" testName="AccessToDB.Tests.TurnstilesRepositoryTests.TestAddTurnstileAsyncFailsWhenTurnstileIdRepeats(turnstile: Turnstile { TurnstileID = 179, LiftID = 57, IsOpen = True })" computerName="DESKTOP-TJ9D65N" duration="00:00:00.3997323" startTime="2022-11-03T11:07:45.0492013+03:00" endTime="2022-11-03T11:07:45.0492014+03:00" testType="13cdc9d9-ddb5-4fa4-a97d-d965ccfc6d4b" outcome="Passed" testListId="8c84fa94-04c1-424b-9868-57a2d4851a1d" relativeResultsDirectory="11784384-bdb8-475e-9902-451648b4a939" />
    <UnitTestResult executionId="11092050-4a2e-4351-9ea8-3d2d3cee9c56" testId="e75bb6e2-88d9-af2a-a444-c4a9d67f0f0e" testName="AccessToDB.Tests.UsersRepositoryTests.TestAddUserAutoIncrementAsyncOk" computerName="DESKTOP-TJ9D65N" duration="00:00:00.4082041" startTime="2022-11-03T11:07:51.6017559+03:00" endTime="2022-11-03T11:07:51.6017562+03:00" testType="13cdc9d9-ddb5-4fa4-a97d-d965ccfc6d4b" outcome="Passed" testListId="8c84fa94-04c1-424b-9868-57a2d4851a1d" relativeResultsDirectory="11092050-4a2e-4351-9ea8-3d2d3cee9c56" />
    <UnitTestResult executionId="5b03cc16-397a-4180-b3f1-a50e9185d967" testId="1c74527c-d72e-1653-1157-397a543d9f91" testName="AccessToDB.Tests.SlopesRepositoryTests.TestGetSlopeByIdAsyncOk(slope: Slope { SlopeID = 47, SlopeName = slopeNamebdde730b-0bb6-4bb6-a851-0bbe96c62914, IsOpen = True, DifficultyLevel = 80, ConnectedLifts =  })" computerName="DESKTOP-TJ9D65N" duration="00:00:00.3839196" startTime="2022-11-03T11:07:41.4046842+03:00" endTime="2022-11-03T11:07:41.4046844+03:00" testType="13cdc9d9-ddb5-4fa4-a97d-d965ccfc6d4b" outcome="Passed" testListId="8c84fa94-04c1-424b-9868-57a2d4851a1d" relativeResultsDirectory="5b03cc16-397a-4180-b3f1-a50e9185d967" />
    <UnitTestResult executionId="1e113bd8-93a2-4f66-9bf7-8b9d25f6d4a0" testId="ba92061f-26fa-e54a-17c2-57120f4a2a4b" testName="AccessToDB.Tests.UsersRepositoryTests.TestCheckUserEmailExistsAsyncFalse(userEmail: &quot;userEmailf59c80dd-bbde-4350-b142-5fec2674eba7&quot;)" computerName="DESKTOP-TJ9D65N" duration="00:00:00.3627580" startTime="2022-11-03T11:07:51.1746432+03:00" endTime="2022-11-03T11:07:51.1746436+03:00" testType="13cdc9d9-ddb5-4fa4-a97d-d965ccfc6d4b" outcome="Passed" testListId="8c84fa94-04c1-424b-9868-57a2d4851a1d" relativeResultsDirectory="1e113bd8-93a2-4f66-9bf7-8b9d25f6d4a0" />
    <UnitTestResult executionId="2490a21f-48e0-4541-857a-cc2564c838da" testId="872a1788-1e36-4eb1-5fd3-635d05bd5b00" testName="AccessToDB.Tests.LiftsSlopesRepositoryTests.TestAddLiftSlopeAsyncFailsWhenLiftSlopeIdRepeats(liftSlope: LiftSlope { RecordID = 114, LiftID = 107, SlopeID = 80 })" computerName="DESKTOP-TJ9D65N" duration="00:00:00.3931291" startTime="2022-11-03T11:07:54.0578313+03:00" endTime="2022-11-03T11:07:54.0578315+03:00" testType="13cdc9d9-ddb5-4fa4-a97d-d965ccfc6d4b" outcome="Passed" testListId="8c84fa94-04c1-424b-9868-57a2d4851a1d" relativeResultsDirectory="2490a21f-48e0-4541-857a-cc2564c838da" />
    <UnitTestResult executionId="6c9e7a75-df83-444b-b2b9-3939b57ae538" testId="5518e741-1ffc-31b7-1620-8995a0e854c3" testName="AccessToDB.Tests.LiftsSlopesRepositoryTests.TestGetSlopesByLiftIdAsyncFailsWhenSlopeNotExists(liftSlope: LiftSlope { RecordID = 21, LiftID = 252, SlopeID = 63 })" computerName="DESKTOP-TJ9D65N" duration="00:00:00.3905829" startTime="2022-11-03T11:07:55.3307490+03:00" endTime="2022-11-03T11:07:55.3307490+03:00" testType="13cdc9d9-ddb5-4fa4-a97d-d965ccfc6d4b" outcome="Passed" testListId="8c84fa94-04c1-424b-9868-57a2d4851a1d" relativeResultsDirectory="6c9e7a75-df83-444b-b2b9-3939b57ae538" />
    <UnitTestResult executionId="94d8f929-d271-4128-90d8-8a474f46829a" testId="30f8e924-9784-0a43-e807-094f70e06567" testName="AccessToDB.Tests.LiftsSlopesRepositoryTests.TestAddLiftSlopeAutoIncrementAsyncOk" computerName="DESKTOP-TJ9D65N" duration="00:00:00.3999976" startTime="2022-11-03T11:07:54.4872268+03:00" endTime="2022-11-03T11:07:54.4872271+03:00" testType="13cdc9d9-ddb5-4fa4-a97d-d965ccfc6d4b" outcome="Passed" testListId="8c84fa94-04c1-424b-9868-57a2d4851a1d" relativeResultsDirectory="94d8f929-d271-4128-90d8-8a474f46829a" />
    <UnitTestResult executionId="7476e03f-dfc9-4591-91bc-245a1bc11a81" testId="636bb4ae-cf45-66cc-35a9-040895920cc9" testName="AccessToDB.Tests.UsersRepositoryTests.TestCheckUserIdExistsAsyncTrue(user: User { UserID = 44, CardID = 225, UserEmail = UserEmailf6151f42-4a47-4679-8eb9-00f49e7f215a, Password = passwordd5034d54-5e31-439d-9239-795018581c7b, Permissions = UNAUTHORIZED })" computerName="DESKTOP-TJ9D65N" duration="00:00:00.3929016" startTime="2022-11-03T11:07:49.5733900+03:00" endTime="2022-11-03T11:07:49.5733906+03:00" testType="13cdc9d9-ddb5-4fa4-a97d-d965ccfc6d4b" outcome="Passed" testListId="8c84fa94-04c1-424b-9868-57a2d4851a1d" relativeResultsDirectory="7476e03f-dfc9-4591-91bc-245a1bc11a81" />
    <UnitTestResult executionId="6fab7103-80a9-436b-9fc1-59bf57d1cc9f" testId="8f7ba917-f771-0dc5-f9b9-465c34344b12" testName="AccessToDB.Tests.SlopesRepositoryTests.TestAddSlopeAutoIncrementAsyncOk" computerName="DESKTOP-TJ9D65N" duration="00:00:00.4015276" startTime="2022-11-03T11:07:41.8205070+03:00" endTime="2022-11-03T11:07:41.8205073+03:00" testType="13cdc9d9-ddb5-4fa4-a97d-d965ccfc6d4b" outcome="Passed" testListId="8c84fa94-04c1-424b-9868-57a2d4851a1d" relativeResultsDirectory="6fab7103-80a9-436b-9fc1-59bf57d1cc9f" />
    <UnitTestResult executionId="3de10c99-6274-43f9-9bd6-4fa6ec27f2a4" testId="a7b79ded-4514-0ef7-b414-f9e97228db83" testName="AccessToDB.Tests.TurnstilesRepositoryTests.TestUpdateTurnstileByIDAsyncOk(turnstile: Turnstile { TurnstileID = 194, LiftID = 148, IsOpen = True })" computerName="DESKTOP-TJ9D65N" duration="00:00:00.4057763" startTime="2022-11-03T11:07:44.2187331+03:00" endTime="2022-11-03T11:07:44.2187334+03:00" testType="13cdc9d9-ddb5-4fa4-a97d-d965ccfc6d4b" outcome="Passed" testListId="8c84fa94-04c1-424b-9868-57a2d4851a1d" relativeResultsDirectory="3de10c99-6274-43f9-9bd6-4fa6ec27f2a4" />
    <UnitTestResult executionId="fb1a3bae-1f27-4f5b-8563-d56eb1e336b7" testId="5944421e-bc63-79b8-864b-39f2ce26bc65" testName="AccessToDB.Tests.LiftsSlopesRepositoryTests.TestDeleteLiftSlopeByIDAsyncFailsWhenIDNotExists(liftSlopeID: 141)" computerName="DESKTOP-TJ9D65N" duration="00:00:00.3677922" startTime="2022-11-03T11:07:53.2336454+03:00" endTime="2022-11-03T11:07:53.2336455+03:00" testType="13cdc9d9-ddb5-4fa4-a97d-d965ccfc6d4b" outcome="Passed" testListId="8c84fa94-04c1-424b-9868-57a2d4851a1d" relativeResultsDirectory="fb1a3bae-1f27-4f5b-8563-d56eb1e336b7" />
    <UnitTestResult executionId="f0426cce-9a27-407b-8374-2d26f14f3f75" testId="67c8237a-1d44-6b5a-e6ce-b0b3b594b39a" testName="AccessToDB.Tests.LiftsSlopesRepositoryTests.TestGetLiftsBySlopeIdAsyncOk(slope1: Slope { SlopeID = 70, SlopeName = slopeName752a10f2-ebae-4a9a-bb4e-68de91cad066, IsOpen = True, DifficultyLevel = 34, ConnectedLifts =  }, slope2: Slope { SlopeID = 196, SlopeName = slopeName80dda13a-7ff9-47c9-aee8-a52b37de9405, IsOpen = False, DifficultyLevel = 188, ConnectedLifts =  }, lift1: Lift { LiftID = 216, LiftName = liftName96f7fea0-7f73-4e21-83de-2bbe833e3e11, IsOpen = True, SeatsAmount = 79, LiftingTime = 197, QueueTime = 57, ConnectedSlopes =  }, lift2: Lift { LiftID = 182, LiftName = liftName8b1ee1d9-1a80-4a02-9d93-bffb7accee1f, IsOpen = False, SeatsAmount = 170, LiftingTime = 114, QueueTime = 58, ConnectedSlopes =  })" computerName="DESKTOP-TJ9D65N" duration="00:00:00.4334358" startTime="2022-11-03T11:07:52.4368452+03:00" endTime="2022-11-03T11:07:52.4368473+03:00" testType="13cdc9d9-ddb5-4fa4-a97d-d965ccfc6d4b" outcome="Passed" testListId="8c84fa94-04c1-424b-9868-57a2d4851a1d" relativeResultsDirectory="f0426cce-9a27-407b-8374-2d26f14f3f75" />
    <UnitTestResult executionId="be2a8fbf-8577-4f61-b684-931b0d090393" testId="7a5177a1-ba64-9cb9-23b6-2ef2ad478cae" testName="AccessToDB.Tests.LiftsRepositoryTests.TestGetLiftByNameAsyncFailsWhenNameNotExists(liftName: &quot;liftName41ba1ec1-287d-4c34-ad74-0825b129ecf2&quot;)" computerName="DESKTOP-TJ9D65N" duration="00:00:00.3626899" startTime="2022-11-03T11:07:46.3824423+03:00" endTime="2022-11-03T11:07:46.3824426+03:00" testType="13cdc9d9-ddb5-4fa4-a97d-d965ccfc6d4b" outcome="Passed" testListId="8c84fa94-04c1-424b-9868-57a2d4851a1d" relativeResultsDirectory="be2a8fbf-8577-4f61-b684-931b0d090393" />
    <UnitTestResult executionId="98bc718f-f6a2-4ad9-b649-7ce4a978016c" testId="9e8a6b32-8540-6ec9-4067-d127f520c855" testName="AccessToDB.Tests.UsersRepositoryTests.TestGetUserByIdAsyncOk(user: User { UserID = 27, CardID = 246, UserEmail = UserEmail3d34486c-6300-40e6-add4-a16354c6c7f7, Password = password18f9e9da-6869-4988-81ab-943971f82caf, Permissions = UNAUTHORIZED })" computerName="DESKTOP-TJ9D65N" duration="00:00:00.3876054" startTime="2022-11-03T11:07:50.7971972+03:00" endTime="2022-11-03T11:07:50.7971973+03:00" testType="13cdc9d9-ddb5-4fa4-a97d-d965ccfc6d4b" outcome="Passed" testListId="8c84fa94-04c1-424b-9868-57a2d4851a1d" relativeResultsDirectory="98bc718f-f6a2-4ad9-b649-7ce4a978016c" />
    <UnitTestResult executionId="d1479f1e-cd17-40f3-8d96-6ca6a97f8872" testId="13d93e6e-1f24-0077-c3f0-5625573aa3bc" testName="AccessToDB.Tests.TurnstilesRepositoryTests.TestDeleteTurnstileByIDAsyncFailsWhenIDNotExists(turnstileID: 88)" computerName="DESKTOP-TJ9D65N" duration="00:00:00.3655304" startTime="2022-11-03T11:07:44.6105123+03:00" endTime="2022-11-03T11:07:44.6105128+03:00" testType="13cdc9d9-ddb5-4fa4-a97d-d965ccfc6d4b" outcome="Passed" testListId="8c84fa94-04c1-424b-9868-57a2d4851a1d" relativeResultsDirectory="d1479f1e-cd17-40f3-8d96-6ca6a97f8872" />
    <UnitTestResult executionId="664e20d8-965a-4845-8f68-199377a6de58" testId="06fb46cb-2b61-b3be-345a-28e24cd039af" testName="AccessToDB.Tests.SlopesRepositoryTests.TestDeleteSlopeByIDAsyncFailsWhenIDNotExists(slopeID: 69)" computerName="DESKTOP-TJ9D65N" duration="00:00:00.3625857" startTime="2022-11-03T11:07:42.5796716+03:00" endTime="2022-11-03T11:07:42.5796723+03:00" testType="13cdc9d9-ddb5-4fa4-a97d-d965ccfc6d4b" outcome="Passed" testListId="8c84fa94-04c1-424b-9868-57a2d4851a1d" relativeResultsDirectory="664e20d8-965a-4845-8f68-199377a6de58" />
    <UnitTestResult executionId="152d36c5-3944-4223-bdaa-005852dad944" testId="7daf52f7-07d2-df51-73db-064964ceb865" testName="AccessToDB.Tests.LiftsRepositoryTests.TestGetLiftByIdAsyncOk(lift: Lift { LiftID = 119, LiftName = liftNamebe9ae758-d479-4e25-9505-972f723ca479, IsOpen = True, SeatsAmount = 73, LiftingTime = 30, QueueTime = 155, ConnectedSlopes =  })" computerName="DESKTOP-TJ9D65N" duration="00:00:00.3821434" startTime="2022-11-03T11:07:47.5737920+03:00" endTime="2022-11-03T11:07:47.5737924+03:00" testType="13cdc9d9-ddb5-4fa4-a97d-d965ccfc6d4b" outcome="Passed" testListId="8c84fa94-04c1-424b-9868-57a2d4851a1d" relativeResultsDirectory="152d36c5-3944-4223-bdaa-005852dad944" />
    <UnitTestResult executionId="2278124b-6846-4a33-b4de-d67e65b48082" testId="58afeff1-4126-94ef-fdfe-31fc8e3cd69b" testName="AccessToDB.Tests.LiftsRepositoryTests.TestDeleteLiftByIDAsyncFailsWhenIDNotExists(liftID: 189)" computerName="DESKTOP-TJ9D65N" duration="00:00:00.3649144" startTime="2022-11-03T11:07:48.4017942+03:00" endTime="2022-11-03T11:07:48.4017945+03:00" testType="13cdc9d9-ddb5-4fa4-a97d-d965ccfc6d4b" outcome="Passed" testListId="8c84fa94-04c1-424b-9868-57a2d4851a1d" relativeResultsDirectory="2278124b-6846-4a33-b4de-d67e65b48082" />
    <UnitTestResult executionId="9cc67cf9-5565-4c7e-b8e2-4d457c9ab647" testId="a19c425a-8b64-ddb1-4d9e-77c1417f5b81" testName="AccessToDB.Tests.UsersRepositoryTests.TestAddUserAsyncFailsWhenUserIdRepeats(user: User { UserID = 36, CardID = 242, UserEmail = UserEmail7025ad27-3ca3-4135-8db6-a244bbe993a1, Password = password4f9c8f4d-ed6d-40d6-8be2-fae2e9c52e11, Permissions = UNAUTHORIZED })" computerName="DESKTOP-TJ9D65N" duration="00:00:00.3924449" startTime="2022-11-03T11:07:50.3955456+03:00" endTime="2022-11-03T11:07:50.3955458+03:00" testType="13cdc9d9-ddb5-4fa4-a97d-d965ccfc6d4b" outcome="Passed" testListId="8c84fa94-04c1-424b-9868-57a2d4851a1d" relativeResultsDirectory="9cc67cf9-5565-4c7e-b8e2-4d457c9ab647" />
    <UnitTestResult executionId="ec75a75f-bc4f-4d28-84b1-85e18fe5d29c" testId="470bb8c1-311a-65ee-6b73-f6787820570f" testName="AccessToDB.Tests.UsersRepositoryTests.TestDeleteUserByIDAsyncFailsWhenIDNotExists(userID: 35)" computerName="DESKTOP-TJ9D65N" duration="00:00:00.3650796" startTime="2022-11-03T11:07:51.9880406+03:00" endTime="2022-11-03T11:07:51.9880407+03:00" testType="13cdc9d9-ddb5-4fa4-a97d-d965ccfc6d4b" outcome="Passed" testListId="8c84fa94-04c1-424b-9868-57a2d4851a1d" relativeResultsDirectory="ec75a75f-bc4f-4d28-84b1-85e18fe5d29c" />
    <UnitTestResult executionId="06704ce6-e4e0-4a39-b4fa-bee3543fd9c1" testId="3c521313-4ed6-6bce-b4f9-c359411028e7" testName="AccessToDB.Tests.TurnstilesRepositoryTests.TestGetTurnstilesAsyncEmpty" computerName="DESKTOP-TJ9D65N" duration="00:00:00.3626677" startTime="2022-11-03T11:07:43.3897530+03:00" endTime="2022-11-03T11:07:43.3897531+03:00" testType="13cdc9d9-ddb5-4fa4-a97d-d965ccfc6d4b" outcome="Passed" testListId="8c84fa94-04c1-424b-9868-57a2d4851a1d" relativeResultsDirectory="06704ce6-e4e0-4a39-b4fa-bee3543fd9c1" />
    <UnitTestResult executionId="e3930661-de38-43de-bb14-7a0593ba0f77" testId="af4107d9-4ce5-afc4-e7bd-8ba22ccec42a" testName="AccessToDB.Tests.LiftsSlopesRepositoryTests.TestUpdateLiftSlopeByIDAsyncOk(liftSlope: LiftSlope { RecordID = 90, LiftID = 78, SlopeID = 130 })" computerName="DESKTOP-TJ9D65N" duration="00:00:00.3979520" startTime="2022-11-03T11:07:55.7497904+03:00" endTime="2022-11-03T11:07:55.7497906+03:00" testType="13cdc9d9-ddb5-4fa4-a97d-d965ccfc6d4b" outcome="Passed" testListId="8c84fa94-04c1-424b-9868-57a2d4851a1d" relativeResultsDirectory="e3930661-de38-43de-bb14-7a0593ba0f77" />
    <UnitTestResult executionId="b7493aa7-33c9-4a1d-a805-9d2e71f47bea" testId="f16e2751-05de-2471-de86-a9dd32f14d57" testName="AccessToDB.Tests.SlopesRepositoryTests.TestUpdateSlopeByIDAsyncOk(slope: Slope { SlopeID = 95, SlopeName = slopeName1a37c136-1259-4bf3-b33b-1174d9ba0455, IsOpen = True, DifficultyLevel = 206, ConnectedLifts =  })" computerName="DESKTOP-TJ9D65N" duration="00:00:00.3920381" startTime="2022-11-03T11:07:40.6294527+03:00" endTime="2022-11-03T11:07:40.6294529+03:00" testType="13cdc9d9-ddb5-4fa4-a97d-d965ccfc6d4b" outcome="Passed" testListId="8c84fa94-04c1-424b-9868-57a2d4851a1d" relativeResultsDirectory="b7493aa7-33c9-4a1d-a805-9d2e71f47bea" />
    <UnitTestResult executionId="094c91a2-8c62-48e2-b2be-f21bba6bfcc7" testId="58382870-b6de-3575-39b2-9383a4c30a9f" testName="AccessToDB.Tests.LiftsSlopesRepositoryTests.TestGetLiftSlopeByIdAsyncOk(liftSlope: LiftSlope { RecordID = 212, LiftID = 183, SlopeID = 252 })" computerName="DESKTOP-TJ9D65N" duration="00:00:00.3823991" startTime="2022-11-03T11:07:52.8380015+03:00" endTime="2022-11-03T11:07:52.8380017+03:00" testType="13cdc9d9-ddb5-4fa4-a97d-d965ccfc6d4b" outcome="Passed" testListId="8c84fa94-04c1-424b-9868-57a2d4851a1d" relativeResultsDirectory="094c91a2-8c62-48e2-b2be-f21bba6bfcc7" />
    <UnitTestResult executionId="6be2e575-89a2-458f-a0d6-eb75a355250c" testId="37df9eb3-82e8-00c8-6cd5-a005f76338f1" testName="AccessToDB.Tests.LiftsSlopesRepositoryTests.TestDeleteLiftSlopesByIDsAsyncOk(liftSlope: LiftSlope { RecordID = 121, LiftID = 203, SlopeID = 19 })" computerName="DESKTOP-TJ9D65N" duration="00:00:00.3914584" startTime="2022-11-03T11:07:53.6485408+03:00" endTime="2022-11-03T11:07:53.6485409+03:00" testType="13cdc9d9-ddb5-4fa4-a97d-d965ccfc6d4b" outcome="Passed" testListId="8c84fa94-04c1-424b-9868-57a2d4851a1d" relativeResultsDirectory="6be2e575-89a2-458f-a0d6-eb75a355250c" />
    <UnitTestResult executionId="66725845-3c13-4cad-b329-8cee13d729ed" testId="c9a5123b-cf89-ca7d-db9a-e9720e476d7b" testName="AccessToDB.Tests.TurnstilesRepositoryTests.TestGetTurnstilesByLiftIdAsyncOk(liftID: 116)" computerName="DESKTOP-TJ9D65N" duration="00:00:00.4942427" startTime="2022-11-03T11:07:45.5580291+03:00" endTime="2022-11-03T11:07:45.5580296+03:00" testType="13cdc9d9-ddb5-4fa4-a97d-d965ccfc6d4b" outcome="Passed" testListId="8c84fa94-04c1-424b-9868-57a2d4851a1d" relativeResultsDirectory="66725845-3c13-4cad-b329-8cee13d729ed" />
    <UnitTestResult executionId="53754ec4-cb44-409b-a976-682261d6f4fa" testId="0581475e-0774-06de-a954-43663b6568d8" testName="AccessToDB.Tests.UsersRepositoryTests.TestUpdateUserByIDAsyncOk(user: User { UserID = 151, CardID = 139, UserEmail = UserEmail15b2336e-f79c-45d9-b2c8-b3d27a8000df, Password = passwordd646efbc-8bf2-483a-8a3e-ff3b47b91180, Permissions = UNAUTHORIZED })" computerName="DESKTOP-TJ9D65N" duration="00:00:00.3922351" startTime="2022-11-03T11:07:49.9842035+03:00" endTime="2022-11-03T11:07:49.9842039+03:00" testType="13cdc9d9-ddb5-4fa4-a97d-d965ccfc6d4b" outcome="Passed" testListId="8c84fa94-04c1-424b-9868-57a2d4851a1d" relativeResultsDirectory="53754ec4-cb44-409b-a976-682261d6f4fa" />
    <UnitTestResult executionId="50886540-4fdc-47c0-9dfa-cea08339267f" testId="57696438-cb7a-b685-7161-d1f2343b4cb0" testName="AccessToDB.Tests.LiftsRepositoryTests.TestAddLiftAsyncFailsWhenLiftIdRepeats(lift: Lift { LiftID = 225, LiftName = liftName8a75b3d3-c50f-46b0-8b51-1a11d41d240f, IsOpen = True, SeatsAmount = 13, LiftingTime = 206, QueueTime = 70, ConnectedSlopes =  })" computerName="DESKTOP-TJ9D65N" duration="00:00:00.3911317" startTime="2022-11-03T11:07:46.7912398+03:00" endTime="2022-11-03T11:07:46.7912401+03:00" testType="13cdc9d9-ddb5-4fa4-a97d-d965ccfc6d4b" outcome="Passed" testListId="8c84fa94-04c1-424b-9868-57a2d4851a1d" relativeResultsDirectory="50886540-4fdc-47c0-9dfa-cea08339267f" />
    <UnitTestResult executionId="28368c9a-aa49-4cba-9f8a-bb15bd89ae3c" testId="ec229f70-485a-f91b-53ed-bce655f6cd58" testName="AccessToDB.Tests.LiftsRepositoryTests.TestAddLiftAutoIncrementAsyncOk" computerName="DESKTOP-TJ9D65N" duration="00:00:00.4188142" startTime="2022-11-03T11:07:46.0040451+03:00" endTime="2022-11-03T11:07:46.0040452+03:00" testType="13cdc9d9-ddb5-4fa4-a97d-d965ccfc6d4b" outcome="Passed" testListId="8c84fa94-04c1-424b-9868-57a2d4851a1d" relativeResultsDirectory="28368c9a-aa49-4cba-9f8a-bb15bd89ae3c" />
    <UnitTestResult executionId="c7586118-65d6-43dd-b6f3-b11dc1a59c6a" testId="4145f44e-b4b1-a618-09e8-c631496e6f1a" testName="AccessToDB.Tests.LiftsSlopesRepositoryTests.TestGetLiftSlopesAsyncEmpty" computerName="DESKTOP-TJ9D65N" duration="00:00:00.3704210" startTime="2022-11-03T11:07:54.8932487+03:00" endTime="2022-11-03T11:07:54.8932491+03:00" testType="13cdc9d9-ddb5-4fa4-a97d-d965ccfc6d4b" outcome="Passed" testListId="8c84fa94-04c1-424b-9868-57a2d4851a1d" relativeResultsDirectory="c7586118-65d6-43dd-b6f3-b11dc1a59c6a" />
    <UnitTestResult executionId="0f4894b3-08a5-4923-b917-f174d3a3e989" testId="607e8298-f113-be33-300e-15a343893443" testName="AccessToDB.Tests.LiftsRepositoryTests.TestGetLiftsAsyncEmpty" computerName="DESKTOP-TJ9D65N" duration="00:00:00.3611110" startTime="2022-11-03T11:07:47.1772326+03:00" endTime="2022-11-03T11:07:47.1772328+03:00" testType="13cdc9d9-ddb5-4fa4-a97d-d965ccfc6d4b" outcome="Passed" testListId="8c84fa94-04c1-424b-9868-57a2d4851a1d" relativeResultsDirectory="0f4894b3-08a5-4923-b917-f174d3a3e989" />
    <UnitTestResult executionId="56688bdd-c331-4990-a7a8-e5e208df656b" testId="b7e7acd1-3bbf-e052-9944-1c4ba311a432" testName="AccessToDB.Tests.LiftsRepositoryTests.TestUpdateLiftByIDAsyncOk(lift: Lift { LiftID = 239, LiftName = liftNamefba3f615-333c-482f-bd00-27ea9fb17ba0, IsOpen = True, SeatsAmount = 156, LiftingTime = 21, QueueTime = 197, ConnectedSlopes =  })" computerName="DESKTOP-TJ9D65N" duration="00:00:00.4104065" startTime="2022-11-03T11:07:48.0039928+03:00" endTime="2022-11-03T11:07:48.0039931+03:00" testType="13cdc9d9-ddb5-4fa4-a97d-d965ccfc6d4b" outcome="Passed" testListId="8c84fa94-04c1-424b-9868-57a2d4851a1d" relativeResultsDirectory="56688bdd-c331-4990-a7a8-e5e208df656b" />
    <UnitTestResult executionId="3d2e061f-67db-43e3-b338-f5805782d015" testId="c28270b0-9485-897c-dfaa-20653da1d059" testName="AccessToDB.Tests.UsersRepositoryTests.TestGetUserByEmailAsyncFailsWhenEmailNotExists(email: &quot;email61765b62-8c24-4874-bd2d-48edf1ed8af7&quot;)" computerName="DESKTOP-TJ9D65N" duration="00:00:00.3637327" startTime="2022-11-03T11:07:48.7796462+03:00" endTime="2022-11-03T11:07:48.7796469+03:00" testType="13cdc9d9-ddb5-4fa4-a97d-d965ccfc6d4b" outcome="Passed" testListId="8c84fa94-04c1-424b-9868-57a2d4851a1d" relativeResultsDirectory="3d2e061f-67db-43e3-b338-f5805782d015" />
  </Results>
  <TestDefinitions>
    <UnitTest name="AccessToDB.Tests.LiftsSlopesRepositoryTests.TestGetLiftSlopeByIdAsyncOk(liftSlope: LiftSlope { RecordID = 212, LiftID = 183, SlopeID = 252 })" storage="/mnt/c/users/alena/desktop/7_sem/testing_and_debugging/skiresort/accesstodb.tests/bin/debug/net6.0/accesstodb.tests.dll" id="58382870-b6de-3575-39b2-9383a4c30a9f">
      <Execution id="094c91a2-8c62-48e2-b2be-f21bba6bfcc7" />
      <TestMethod codeBase="/mnt/c/Users/alena/Desktop/7_sem/testing_and_debugging/SkiResort/AccessToDB.Tests/bin/Debug/net6.0/AccessToDB.Tests.dll" adapterTypeName="executor://xunit/VsTestRunner2/netcoreapp" className="AccessToDB.Tests.LiftsSlopesRepositoryTests" name="TestGetLiftSlopeByIdAsyncOk" />
    </UnitTest>
    <UnitTest name="AccessToDB.Tests.LiftsSlopesRepositoryTests.TestDeleteLiftSlopeByIDAsyncFailsWhenIDNotExists(liftSlopeID: 141)" storage="/mnt/c/users/alena/desktop/7_sem/testing_and_debugging/skiresort/accesstodb.tests/bin/debug/net6.0/accesstodb.tests.dll" id="5944421e-bc63-79b8-864b-39f2ce26bc65">
      <Execution id="fb1a3bae-1f27-4f5b-8563-d56eb1e336b7" />
      <TestMethod codeBase="/mnt/c/Users/alena/Desktop/7_sem/testing_and_debugging/SkiResort/AccessToDB.Tests/bin/Debug/net6.0/AccessToDB.Tests.dll" adapterTypeName="executor://xunit/VsTestRunner2/netcoreapp" className="AccessToDB.Tests.LiftsSlopesRepositoryTests" name="TestDeleteLiftSlopeByIDAsyncFailsWhenIDNotExists" />
    </UnitTest>
    <UnitTest name="AccessToDB.Tests.UsersRepositoryTests.TestGetUsersAsyncEmpty" storage="/mnt/c/users/alena/desktop/7_sem/testing_and_debugging/skiresort/accesstodb.tests/bin/debug/net6.0/accesstodb.tests.dll" id="3741b26d-6ee0-6246-29e4-92009bff37b0">
      <Execution id="0fc2f8b0-7746-4f5a-93ac-8ae7709cf9a3" />
      <TestMethod codeBase="/mnt/c/Users/alena/Desktop/7_sem/testing_and_debugging/SkiResort/AccessToDB.Tests/bin/Debug/net6.0/AccessToDB.Tests.dll" adapterTypeName="executor://xunit/VsTestRunner2/netcoreapp" className="AccessToDB.Tests.UsersRepositoryTests" name="TestGetUsersAsyncEmpty" />
    </UnitTest>
    <UnitTest name="AccessToDB.Tests.SlopesRepositoryTests.TestUpdateSlopeByIDAsyncOk(slope: Slope { SlopeID = 95, SlopeName = slopeName1a37c136-1259-4bf3-b33b-1174d9ba0455, IsOpen = True, DifficultyLevel = 206, ConnectedLifts =  })" storage="/mnt/c/users/alena/desktop/7_sem/testing_and_debugging/skiresort/accesstodb.tests/bin/debug/net6.0/accesstodb.tests.dll" id="f16e2751-05de-2471-de86-a9dd32f14d57">
      <Execution id="b7493aa7-33c9-4a1d-a805-9d2e71f47bea" />
      <TestMethod codeBase="/mnt/c/Users/alena/Desktop/7_sem/testing_and_debugging/SkiResort/AccessToDB.Tests/bin/Debug/net6.0/AccessToDB.Tests.dll" adapterTypeName="executor://xunit/VsTestRunner2/netcoreapp" className="AccessToDB.Tests.SlopesRepositoryTests" name="TestUpdateSlopeByIDAsyncOk" />
    </UnitTest>
    <UnitTest name="AccessToDB.Tests.UsersRepositoryTests.TestGetUserByIdAsyncOk(user: User { UserID = 27, CardID = 246, UserEmail = UserEmail3d34486c-6300-40e6-add4-a16354c6c7f7, Password = password18f9e9da-6869-4988-81ab-943971f82caf, Permissions = UNAUTHORIZED })" storage="/mnt/c/users/alena/desktop/7_sem/testing_and_debugging/skiresort/accesstodb.tests/bin/debug/net6.0/accesstodb.tests.dll" id="9e8a6b32-8540-6ec9-4067-d127f520c855">
      <Execution id="98bc718f-f6a2-4ad9-b649-7ce4a978016c" />
      <TestMethod codeBase="/mnt/c/Users/alena/Desktop/7_sem/testing_and_debugging/SkiResort/AccessToDB.Tests/bin/Debug/net6.0/AccessToDB.Tests.dll" adapterTypeName="executor://xunit/VsTestRunner2/netcoreapp" className="AccessToDB.Tests.UsersRepositoryTests" name="TestGetUserByIdAsyncOk" />
    </UnitTest>
    <UnitTest name="AccessToDB.Tests.SlopesRepositoryTests.TestAddSlopeAsyncFailsWhenSlopeIdRepeats(slope: Slope { SlopeID = 76, SlopeName = slopeName32a7a880-2f52-46d7-8134-04fb5f48507e, IsOpen = True, DifficultyLevel = 113, ConnectedLifts =  })" storage="/mnt/c/users/alena/desktop/7_sem/testing_and_debugging/skiresort/accesstodb.tests/bin/debug/net6.0/accesstodb.tests.dll" id="1a01548d-d087-21e0-6aae-212f7200a17f">
      <Execution id="62e6c3d0-973b-4424-a67b-55e6bcb001e4" />
      <TestMethod codeBase="/mnt/c/Users/alena/Desktop/7_sem/testing_and_debugging/SkiResort/AccessToDB.Tests/bin/Debug/net6.0/AccessToDB.Tests.dll" adapterTypeName="executor://xunit/VsTestRunner2/netcoreapp" className="AccessToDB.Tests.SlopesRepositoryTests" name="TestAddSlopeAsyncFailsWhenSlopeIdRepeats" />
    </UnitTest>
    <UnitTest name="AccessToDB.Tests.TurnstilesRepositoryTests.TestAddTurnstileAutoIncrementAsyncOk" storage="/mnt/c/users/alena/desktop/7_sem/testing_and_debugging/skiresort/accesstodb.tests/bin/debug/net6.0/accesstodb.tests.dll" id="f9435956-2e34-e52b-c34e-dce53665cf8e">
      <Execution id="88314821-6904-4c78-bde5-97667f07f01b" />
      <TestMethod codeBase="/mnt/c/Users/alena/Desktop/7_sem/testing_and_debugging/SkiResort/AccessToDB.Tests/bin/Debug/net6.0/AccessToDB.Tests.dll" adapterTypeName="executor://xunit/VsTestRunner2/netcoreapp" className="AccessToDB.Tests.TurnstilesRepositoryTests" name="TestAddTurnstileAutoIncrementAsyncOk" />
    </UnitTest>
    <UnitTest name="AccessToDB.Tests.TurnstilesRepositoryTests.TestGetTurnstileByIdAsyncOk(turnstile: Turnstile { TurnstileID = 240, LiftID = 211, IsOpen = True })" storage="/mnt/c/users/alena/desktop/7_sem/testing_and_debugging/skiresort/accesstodb.tests/bin/debug/net6.0/accesstodb.tests.dll" id="689fd56e-c249-a4ad-4bd0-761cdc686bc9">
      <Execution id="130110e0-6c83-414f-82d3-880fa2d4490d" />
      <TestMethod codeBase="/mnt/c/Users/alena/Desktop/7_sem/testing_and_debugging/SkiResort/AccessToDB.Tests/bin/Debug/net6.0/AccessToDB.Tests.dll" adapterTypeName="executor://xunit/VsTestRunner2/netcoreapp" className="AccessToDB.Tests.TurnstilesRepositoryTests" name="TestGetTurnstileByIdAsyncOk" />
    </UnitTest>
    <UnitTest name="AccessToDB.Tests.UsersRepositoryTests.TestUpdateUserByIDAsyncOk(user: User { UserID = 151, CardID = 139, UserEmail = UserEmail15b2336e-f79c-45d9-b2c8-b3d27a8000df, Password = passwordd646efbc-8bf2-483a-8a3e-ff3b47b91180, Permissions = UNAUTHORIZED })" storage="/mnt/c/users/alena/desktop/7_sem/testing_and_debugging/skiresort/accesstodb.tests/bin/debug/net6.0/accesstodb.tests.dll" id="0581475e-0774-06de-a954-43663b6568d8">
      <Execution id="53754ec4-cb44-409b-a976-682261d6f4fa" />
      <TestMethod codeBase="/mnt/c/Users/alena/Desktop/7_sem/testing_and_debugging/SkiResort/AccessToDB.Tests/bin/Debug/net6.0/AccessToDB.Tests.dll" adapterTypeName="executor://xunit/VsTestRunner2/netcoreapp" className="AccessToDB.Tests.UsersRepositoryTests" name="TestUpdateUserByIDAsyncOk" />
    </UnitTest>
    <UnitTest name="AccessToDB.Tests.LiftsSlopesRepositoryTests.TestDeleteLiftSlopesByIDsAsyncOk(liftSlope: LiftSlope { RecordID = 121, LiftID = 203, SlopeID = 19 })" storage="/mnt/c/users/alena/desktop/7_sem/testing_and_debugging/skiresort/accesstodb.tests/bin/debug/net6.0/accesstodb.tests.dll" id="37df9eb3-82e8-00c8-6cd5-a005f76338f1">
      <Execution id="6be2e575-89a2-458f-a0d6-eb75a355250c" />
      <TestMethod codeBase="/mnt/c/Users/alena/Desktop/7_sem/testing_and_debugging/SkiResort/AccessToDB.Tests/bin/Debug/net6.0/AccessToDB.Tests.dll" adapterTypeName="executor://xunit/VsTestRunner2/netcoreapp" className="AccessToDB.Tests.LiftsSlopesRepositoryTests" name="TestDeleteLiftSlopesByIDsAsyncOk" />
    </UnitTest>
    <UnitTest name="AccessToDB.Tests.UsersRepositoryTests.TestDeleteUserByIDAsyncFailsWhenIDNotExists(userID: 35)" storage="/mnt/c/users/alena/desktop/7_sem/testing_and_debugging/skiresort/accesstodb.tests/bin/debug/net6.0/accesstodb.tests.dll" id="470bb8c1-311a-65ee-6b73-f6787820570f">
      <Execution id="ec75a75f-bc4f-4d28-84b1-85e18fe5d29c" />
      <TestMethod codeBase="/mnt/c/Users/alena/Desktop/7_sem/testing_and_debugging/SkiResort/AccessToDB.Tests/bin/Debug/net6.0/AccessToDB.Tests.dll" adapterTypeName="executor://xunit/VsTestRunner2/netcoreapp" className="AccessToDB.Tests.UsersRepositoryTests" name="TestDeleteUserByIDAsyncFailsWhenIDNotExists" />
    </UnitTest>
    <UnitTest name="AccessToDB.Tests.TurnstilesRepositoryTests.TestUpdateTurnstileByIDAsyncOk(turnstile: Turnstile { TurnstileID = 194, LiftID = 148, IsOpen = True })" storage="/mnt/c/users/alena/desktop/7_sem/testing_and_debugging/skiresort/accesstodb.tests/bin/debug/net6.0/accesstodb.tests.dll" id="a7b79ded-4514-0ef7-b414-f9e97228db83">
      <Execution id="3de10c99-6274-43f9-9bd6-4fa6ec27f2a4" />
      <TestMethod codeBase="/mnt/c/Users/alena/Desktop/7_sem/testing_and_debugging/SkiResort/AccessToDB.Tests/bin/Debug/net6.0/AccessToDB.Tests.dll" adapterTypeName="executor://xunit/VsTestRunner2/netcoreapp" className="AccessToDB.Tests.TurnstilesRepositoryTests" name="TestUpdateTurnstileByIDAsyncOk" />
    </UnitTest>
    <UnitTest name="AccessToDB.Tests.LiftsSlopesRepositoryTests.TestGetLiftSlopesAsyncEmpty" storage="/mnt/c/users/alena/desktop/7_sem/testing_and_debugging/skiresort/accesstodb.tests/bin/debug/net6.0/accesstodb.tests.dll" id="4145f44e-b4b1-a618-09e8-c631496e6f1a">
      <Execution id="c7586118-65d6-43dd-b6f3-b11dc1a59c6a" />
      <TestMethod codeBase="/mnt/c/Users/alena/Desktop/7_sem/testing_and_debugging/SkiResort/AccessToDB.Tests/bin/Debug/net6.0/AccessToDB.Tests.dll" adapterTypeName="executor://xunit/VsTestRunner2/netcoreapp" className="AccessToDB.Tests.LiftsSlopesRepositoryTests" name="TestGetLiftSlopesAsyncEmpty" />
    </UnitTest>
    <UnitTest name="AccessToDB.Tests.LiftsRepositoryTests.TestAddLiftAsyncFailsWhenLiftIdRepeats(lift: Lift { LiftID = 225, LiftName = liftName8a75b3d3-c50f-46b0-8b51-1a11d41d240f, IsOpen = True, SeatsAmount = 13, LiftingTime = 206, QueueTime = 70, ConnectedSlopes =  })" storage="/mnt/c/users/alena/desktop/7_sem/testing_and_debugging/skiresort/accesstodb.tests/bin/debug/net6.0/accesstodb.tests.dll" id="57696438-cb7a-b685-7161-d1f2343b4cb0">
      <Execution id="50886540-4fdc-47c0-9dfa-cea08339267f" />
      <TestMethod codeBase="/mnt/c/Users/alena/Desktop/7_sem/testing_and_debugging/SkiResort/AccessToDB.Tests/bin/Debug/net6.0/AccessToDB.Tests.dll" adapterTypeName="executor://xunit/VsTestRunner2/netcoreapp" className="AccessToDB.Tests.LiftsRepositoryTests" name="TestAddLiftAsyncFailsWhenLiftIdRepeats" />
    </UnitTest>
    <UnitTest name="AccessToDB.Tests.UsersRepositoryTests.TestAddUserAsyncFailsWhenUserIdRepeats(user: User { UserID = 36, CardID = 242, UserEmail = UserEmail7025ad27-3ca3-4135-8db6-a244bbe993a1, Password = password4f9c8f4d-ed6d-40d6-8be2-fae2e9c52e11, Permissions = UNAUTHORIZED })" storage="/mnt/c/users/alena/desktop/7_sem/testing_and_debugging/skiresort/accesstodb.tests/bin/debug/net6.0/accesstodb.tests.dll" id="a19c425a-8b64-ddb1-4d9e-77c1417f5b81">
      <Execution id="9cc67cf9-5565-4c7e-b8e2-4d457c9ab647" />
      <TestMethod codeBase="/mnt/c/Users/alena/Desktop/7_sem/testing_and_debugging/SkiResort/AccessToDB.Tests/bin/Debug/net6.0/AccessToDB.Tests.dll" adapterTypeName="executor://xunit/VsTestRunner2/netcoreapp" className="AccessToDB.Tests.UsersRepositoryTests" name="TestAddUserAsyncFailsWhenUserIdRepeats" />
    </UnitTest>
    <UnitTest name="AccessToDB.Tests.LiftsSlopesRepositoryTests.TestAddLiftSlopeAsyncFailsWhenLiftSlopeIdRepeats(liftSlope: LiftSlope { RecordID = 114, LiftID = 107, SlopeID = 80 })" storage="/mnt/c/users/alena/desktop/7_sem/testing_and_debugging/skiresort/accesstodb.tests/bin/debug/net6.0/accesstodb.tests.dll" id="872a1788-1e36-4eb1-5fd3-635d05bd5b00">
      <Execution id="2490a21f-48e0-4541-857a-cc2564c838da" />
      <TestMethod codeBase="/mnt/c/Users/alena/Desktop/7_sem/testing_and_debugging/SkiResort/AccessToDB.Tests/bin/Debug/net6.0/AccessToDB.Tests.dll" adapterTypeName="executor://xunit/VsTestRunner2/netcoreapp" className="AccessToDB.Tests.LiftsSlopesRepositoryTests" name="TestAddLiftSlopeAsyncFailsWhenLiftSlopeIdRepeats" />
    </UnitTest>
    <UnitTest name="AccessToDB.Tests.TurnstilesRepositoryTests.TestDeleteTurnstileByIDAsyncFailsWhenIDNotExists(turnstileID: 88)" storage="/mnt/c/users/alena/desktop/7_sem/testing_and_debugging/skiresort/accesstodb.tests/bin/debug/net6.0/accesstodb.tests.dll" id="13d93e6e-1f24-0077-c3f0-5625573aa3bc">
      <Execution id="d1479f1e-cd17-40f3-8d96-6ca6a97f8872" />
      <TestMethod codeBase="/mnt/c/Users/alena/Desktop/7_sem/testing_and_debugging/SkiResort/AccessToDB.Tests/bin/Debug/net6.0/AccessToDB.Tests.dll" adapterTypeName="executor://xunit/VsTestRunner2/netcoreapp" className="AccessToDB.Tests.TurnstilesRepositoryTests" name="TestDeleteTurnstileByIDAsyncFailsWhenIDNotExists" />
    </UnitTest>
    <UnitTest name="AccessToDB.Tests.UsersRepositoryTests.TestCheckUserIdExistsAsyncTrue(user: User { UserID = 44, CardID = 225, UserEmail = UserEmailf6151f42-4a47-4679-8eb9-00f49e7f215a, Password = passwordd5034d54-5e31-439d-9239-795018581c7b, Permissions = UNAUTHORIZED })" storage="/mnt/c/users/alena/desktop/7_sem/testing_and_debugging/skiresort/accesstodb.tests/bin/debug/net6.0/accesstodb.tests.dll" id="636bb4ae-cf45-66cc-35a9-040895920cc9">
      <Execution id="7476e03f-dfc9-4591-91bc-245a1bc11a81" />
      <TestMethod codeBase="/mnt/c/Users/alena/Desktop/7_sem/testing_and_debugging/SkiResort/AccessToDB.Tests/bin/Debug/net6.0/AccessToDB.Tests.dll" adapterTypeName="executor://xunit/VsTestRunner2/netcoreapp" className="AccessToDB.Tests.UsersRepositoryTests" name="TestCheckUserIdExistsAsyncTrue" />
    </UnitTest>
    <UnitTest name="AccessToDB.Tests.SlopesRepositoryTests.TestGetSlopesAsyncEmpty" storage="/mnt/c/users/alena/desktop/7_sem/testing_and_debugging/skiresort/accesstodb.tests/bin/debug/net6.0/accesstodb.tests.dll" id="9bbefb83-8311-6e03-307f-415e3495e223">
      <Execution id="7ba63eba-c52d-430c-9735-71ea4bb7ab37" />
      <TestMethod codeBase="/mnt/c/Users/alena/Desktop/7_sem/testing_and_debugging/SkiResort/AccessToDB.Tests/bin/Debug/net6.0/AccessToDB.Tests.dll" adapterTypeName="executor://xunit/VsTestRunner2/netcoreapp" className="AccessToDB.Tests.SlopesRepositoryTests" name="TestGetSlopesAsyncEmpty" />
    </UnitTest>
    <UnitTest name="AccessToDB.Tests.LiftsRepositoryTests.TestAddLiftAutoIncrementAsyncOk" storage="/mnt/c/users/alena/desktop/7_sem/testing_and_debugging/skiresort/accesstodb.tests/bin/debug/net6.0/accesstodb.tests.dll" id="ec229f70-485a-f91b-53ed-bce655f6cd58">
      <Execution id="28368c9a-aa49-4cba-9f8a-bb15bd89ae3c" />
      <TestMethod codeBase="/mnt/c/Users/alena/Desktop/7_sem/testing_and_debugging/SkiResort/AccessToDB.Tests/bin/Debug/net6.0/AccessToDB.Tests.dll" adapterTypeName="executor://xunit/VsTestRunner2/netcoreapp" className="AccessToDB.Tests.LiftsRepositoryTests" name="TestAddLiftAutoIncrementAsyncOk" />
    </UnitTest>
    <UnitTest name="AccessToDB.Tests.LiftsRepositoryTests.TestGetLiftByIdAsyncOk(lift: Lift { LiftID = 119, LiftName = liftNamebe9ae758-d479-4e25-9505-972f723ca479, IsOpen = True, SeatsAmount = 73, LiftingTime = 30, QueueTime = 155, ConnectedSlopes =  })" storage="/mnt/c/users/alena/desktop/7_sem/testing_and_debugging/skiresort/accesstodb.tests/bin/debug/net6.0/accesstodb.tests.dll" id="7daf52f7-07d2-df51-73db-064964ceb865">
      <Execution id="152d36c5-3944-4223-bdaa-005852dad944" />
      <TestMethod codeBase="/mnt/c/Users/alena/Desktop/7_sem/testing_and_debugging/SkiResort/AccessToDB.Tests/bin/Debug/net6.0/AccessToDB.Tests.dll" adapterTypeName="executor://xunit/VsTestRunner2/netcoreapp" className="AccessToDB.Tests.LiftsRepositoryTests" name="TestGetLiftByIdAsyncOk" />
    </UnitTest>
    <UnitTest name="AccessToDB.Tests.TurnstilesRepositoryTests.TestGetTurnstilesAsyncEmpty" storage="/mnt/c/users/alena/desktop/7_sem/testing_and_debugging/skiresort/accesstodb.tests/bin/debug/net6.0/accesstodb.tests.dll" id="3c521313-4ed6-6bce-b4f9-c359411028e7">
      <Execution id="06704ce6-e4e0-4a39-b4fa-bee3543fd9c1" />
      <TestMethod codeBase="/mnt/c/Users/alena/Desktop/7_sem/testing_and_debugging/SkiResort/AccessToDB.Tests/bin/Debug/net6.0/AccessToDB.Tests.dll" adapterTypeName="executor://xunit/VsTestRunner2/netcoreapp" className="AccessToDB.Tests.TurnstilesRepositoryTests" name="TestGetTurnstilesAsyncEmpty" />
    </UnitTest>
    <UnitTest name="AccessToDB.Tests.TurnstilesRepositoryTests.TestAddTurnstileAsyncFailsWhenTurnstileIdRepeats(turnstile: Turnstile { TurnstileID = 179, LiftID = 57, IsOpen = True })" storage="/mnt/c/users/alena/desktop/7_sem/testing_and_debugging/skiresort/accesstodb.tests/bin/debug/net6.0/accesstodb.tests.dll" id="09c9701f-40d8-f802-06e0-acc5bd6d9e8f">
      <Execution id="11784384-bdb8-475e-9902-451648b4a939" />
      <TestMethod codeBase="/mnt/c/Users/alena/Desktop/7_sem/testing_and_debugging/SkiResort/AccessToDB.Tests/bin/Debug/net6.0/AccessToDB.Tests.dll" adapterTypeName="executor://xunit/VsTestRunner2/netcoreapp" className="AccessToDB.Tests.TurnstilesRepositoryTests" name="TestAddTurnstileAsyncFailsWhenTurnstileIdRepeats" />
    </UnitTest>
    <UnitTest name="AccessToDB.Tests.LiftsSlopesRepositoryTests.TestGetLiftsBySlopeIdAsyncOk(slope1: Slope { SlopeID = 70, SlopeName = slopeName752a10f2-ebae-4a9a-bb4e-68de91cad066, IsOpen = True, DifficultyLevel = 34, ConnectedLifts =  }, slope2: Slope { SlopeID = 196, SlopeName = slopeName80dda13a-7ff9-47c9-aee8-a52b37de9405, IsOpen = False, DifficultyLevel = 188, ConnectedLifts =  }, lift1: Lift { LiftID = 216, LiftName = liftName96f7fea0-7f73-4e21-83de-2bb..." storage="/mnt/c/users/alena/desktop/7_sem/testing_and_debugging/skiresort/accesstodb.tests/bin/debug/net6.0/accesstodb.tests.dll" id="67c8237a-1d44-6b5a-e6ce-b0b3b594b39a">
      <Execution id="f0426cce-9a27-407b-8374-2d26f14f3f75" />
      <TestMethod codeBase="/mnt/c/Users/alena/Desktop/7_sem/testing_and_debugging/SkiResort/AccessToDB.Tests/bin/Debug/net6.0/AccessToDB.Tests.dll" adapterTypeName="executor://xunit/VsTestRunner2/netcoreapp" className="AccessToDB.Tests.LiftsSlopesRepositoryTests" name="TestGetLiftsBySlopeIdAsyncOk" />
    </UnitTest>
    <UnitTest name="AccessToDB.Tests.LiftsSlopesRepositoryTests.TestAddLiftSlopeAutoIncrementAsyncOk" storage="/mnt/c/users/alena/desktop/7_sem/testing_and_debugging/skiresort/accesstodb.tests/bin/debug/net6.0/accesstodb.tests.dll" id="30f8e924-9784-0a43-e807-094f70e06567">
      <Execution id="94d8f929-d271-4128-90d8-8a474f46829a" />
      <TestMethod codeBase="/mnt/c/Users/alena/Desktop/7_sem/testing_and_debugging/SkiResort/AccessToDB.Tests/bin/Debug/net6.0/AccessToDB.Tests.dll" adapterTypeName="executor://xunit/VsTestRunner2/netcoreapp" className="AccessToDB.Tests.LiftsSlopesRepositoryTests" name="TestAddLiftSlopeAutoIncrementAsyncOk" />
    </UnitTest>
    <UnitTest name="AccessToDB.Tests.UsersRepositoryTests.TestGetUserByEmailAsyncFailsWhenEmailNotExists(email: &quot;email61765b62-8c24-4874-bd2d-48edf1ed8af7&quot;)" storage="/mnt/c/users/alena/desktop/7_sem/testing_and_debugging/skiresort/accesstodb.tests/bin/debug/net6.0/accesstodb.tests.dll" id="c28270b0-9485-897c-dfaa-20653da1d059">
      <Execution id="3d2e061f-67db-43e3-b338-f5805782d015" />
      <TestMethod codeBase="/mnt/c/Users/alena/Desktop/7_sem/testing_and_debugging/SkiResort/AccessToDB.Tests/bin/Debug/net6.0/AccessToDB.Tests.dll" adapterTypeName="executor://xunit/VsTestRunner2/netcoreapp" className="AccessToDB.Tests.UsersRepositoryTests" name="TestGetUserByEmailAsyncFailsWhenEmailNotExists" />
    </UnitTest>
    <UnitTest name="AccessToDB.Tests.UsersRepositoryTests.TestCheckUserEmailExistsAsyncFalse(userEmail: &quot;userEmailf59c80dd-bbde-4350-b142-5fec2674eba7&quot;)" storage="/mnt/c/users/alena/desktop/7_sem/testing_and_debugging/skiresort/accesstodb.tests/bin/debug/net6.0/accesstodb.tests.dll" id="ba92061f-26fa-e54a-17c2-57120f4a2a4b">
      <Execution id="1e113bd8-93a2-4f66-9bf7-8b9d25f6d4a0" />
      <TestMethod codeBase="/mnt/c/Users/alena/Desktop/7_sem/testing_and_debugging/SkiResort/AccessToDB.Tests/bin/Debug/net6.0/AccessToDB.Tests.dll" adapterTypeName="executor://xunit/VsTestRunner2/netcoreapp" className="AccessToDB.Tests.UsersRepositoryTests" name="TestCheckUserEmailExistsAsyncFalse" />
    </UnitTest>
    <UnitTest name="AccessToDB.Tests.LiftsRepositoryTests.TestDeleteLiftByIDAsyncFailsWhenIDNotExists(liftID: 189)" storage="/mnt/c/users/alena/desktop/7_sem/testing_and_debugging/skiresort/accesstodb.tests/bin/debug/net6.0/accesstodb.tests.dll" id="58afeff1-4126-94ef-fdfe-31fc8e3cd69b">
      <Execution id="2278124b-6846-4a33-b4de-d67e65b48082" />
      <TestMethod codeBase="/mnt/c/Users/alena/Desktop/7_sem/testing_and_debugging/SkiResort/AccessToDB.Tests/bin/Debug/net6.0/AccessToDB.Tests.dll" adapterTypeName="executor://xunit/VsTestRunner2/netcoreapp" className="AccessToDB.Tests.LiftsRepositoryTests" name="TestDeleteLiftByIDAsyncFailsWhenIDNotExists" />
    </UnitTest>
    <UnitTest name="AccessToDB.Tests.TurnstilesRepositoryTests.TestGetTurnstilesByLiftIdAsyncOk(liftID: 116)" storage="/mnt/c/users/alena/desktop/7_sem/testing_and_debugging/skiresort/accesstodb.tests/bin/debug/net6.0/accesstodb.tests.dll" id="c9a5123b-cf89-ca7d-db9a-e9720e476d7b">
      <Execution id="66725845-3c13-4cad-b329-8cee13d729ed" />
      <TestMethod codeBase="/mnt/c/Users/alena/Desktop/7_sem/testing_and_debugging/SkiResort/AccessToDB.Tests/bin/Debug/net6.0/AccessToDB.Tests.dll" adapterTypeName="executor://xunit/VsTestRunner2/netcoreapp" className="AccessToDB.Tests.TurnstilesRepositoryTests" name="TestGetTurnstilesByLiftIdAsyncOk" />
    </UnitTest>
    <UnitTest name="AccessToDB.Tests.SlopesRepositoryTests.TestDeleteSlopeByIDAsyncFailsWhenIDNotExists(slopeID: 69)" storage="/mnt/c/users/alena/desktop/7_sem/testing_and_debugging/skiresort/accesstodb.tests/bin/debug/net6.0/accesstodb.tests.dll" id="06fb46cb-2b61-b3be-345a-28e24cd039af">
      <Execution id="664e20d8-965a-4845-8f68-199377a6de58" />
      <TestMethod codeBase="/mnt/c/Users/alena/Desktop/7_sem/testing_and_debugging/SkiResort/AccessToDB.Tests/bin/Debug/net6.0/AccessToDB.Tests.dll" adapterTypeName="executor://xunit/VsTestRunner2/netcoreapp" className="AccessToDB.Tests.SlopesRepositoryTests" name="TestDeleteSlopeByIDAsyncFailsWhenIDNotExists" />
    </UnitTest>
    <UnitTest name="AccessToDB.Tests.LiftsRepositoryTests.TestUpdateLiftByIDAsyncOk(lift: Lift { LiftID = 239, LiftName = liftNamefba3f615-333c-482f-bd00-27ea9fb17ba0, IsOpen = True, SeatsAmount = 156, LiftingTime = 21, QueueTime = 197, ConnectedSlopes =  })" storage="/mnt/c/users/alena/desktop/7_sem/testing_and_debugging/skiresort/accesstodb.tests/bin/debug/net6.0/accesstodb.tests.dll" id="b7e7acd1-3bbf-e052-9944-1c4ba311a432">
      <Execution id="56688bdd-c331-4990-a7a8-e5e208df656b" />
      <TestMethod codeBase="/mnt/c/Users/alena/Desktop/7_sem/testing_and_debugging/SkiResort/AccessToDB.Tests/bin/Debug/net6.0/AccessToDB.Tests.dll" adapterTypeName="executor://xunit/VsTestRunner2/netcoreapp" className="AccessToDB.Tests.LiftsRepositoryTests" name="TestUpdateLiftByIDAsyncOk" />
    </UnitTest>
    <UnitTest name="AccessToDB.Tests.UsersRepositoryTests.TestAddUserAutoIncrementAsyncOk" storage="/mnt/c/users/alena/desktop/7_sem/testing_and_debugging/skiresort/accesstodb.tests/bin/debug/net6.0/accesstodb.tests.dll" id="e75bb6e2-88d9-af2a-a444-c4a9d67f0f0e">
      <Execution id="11092050-4a2e-4351-9ea8-3d2d3cee9c56" />
      <TestMethod codeBase="/mnt/c/Users/alena/Desktop/7_sem/testing_and_debugging/SkiResort/AccessToDB.Tests/bin/Debug/net6.0/AccessToDB.Tests.dll" adapterTypeName="executor://xunit/VsTestRunner2/netcoreapp" className="AccessToDB.Tests.UsersRepositoryTests" name="TestAddUserAutoIncrementAsyncOk" />
    </UnitTest>
    <UnitTest name="AccessToDB.Tests.SlopesRepositoryTests.TestAddSlopeAutoIncrementAsyncOk" storage="/mnt/c/users/alena/desktop/7_sem/testing_and_debugging/skiresort/accesstodb.tests/bin/debug/net6.0/accesstodb.tests.dll" id="8f7ba917-f771-0dc5-f9b9-465c34344b12">
      <Execution id="6fab7103-80a9-436b-9fc1-59bf57d1cc9f" />
      <TestMethod codeBase="/mnt/c/Users/alena/Desktop/7_sem/testing_and_debugging/SkiResort/AccessToDB.Tests/bin/Debug/net6.0/AccessToDB.Tests.dll" adapterTypeName="executor://xunit/VsTestRunner2/netcoreapp" className="AccessToDB.Tests.SlopesRepositoryTests" name="TestAddSlopeAutoIncrementAsyncOk" />
    </UnitTest>
    <UnitTest name="AccessToDB.Tests.LiftsSlopesRepositoryTests.TestUpdateLiftSlopeByIDAsyncOk(liftSlope: LiftSlope { RecordID = 90, LiftID = 78, SlopeID = 130 })" storage="/mnt/c/users/alena/desktop/7_sem/testing_and_debugging/skiresort/accesstodb.tests/bin/debug/net6.0/accesstodb.tests.dll" id="af4107d9-4ce5-afc4-e7bd-8ba22ccec42a">
      <Execution id="e3930661-de38-43de-bb14-7a0593ba0f77" />
      <TestMethod codeBase="/mnt/c/Users/alena/Desktop/7_sem/testing_and_debugging/SkiResort/AccessToDB.Tests/bin/Debug/net6.0/AccessToDB.Tests.dll" adapterTypeName="executor://xunit/VsTestRunner2/netcoreapp" className="AccessToDB.Tests.LiftsSlopesRepositoryTests" name="TestUpdateLiftSlopeByIDAsyncOk" />
    </UnitTest>
    <UnitTest name="AccessToDB.Tests.SlopesRepositoryTests.TestGetSlopeByIdAsyncOk(slope: Slope { SlopeID = 47, SlopeName = slopeNamebdde730b-0bb6-4bb6-a851-0bbe96c62914, IsOpen = True, DifficultyLevel = 80, ConnectedLifts =  })" storage="/mnt/c/users/alena/desktop/7_sem/testing_and_debugging/skiresort/accesstodb.tests/bin/debug/net6.0/accesstodb.tests.dll" id="1c74527c-d72e-1653-1157-397a543d9f91">
      <Execution id="5b03cc16-397a-4180-b3f1-a50e9185d967" />
      <TestMethod codeBase="/mnt/c/Users/alena/Desktop/7_sem/testing_and_debugging/SkiResort/AccessToDB.Tests/bin/Debug/net6.0/AccessToDB.Tests.dll" adapterTypeName="executor://xunit/VsTestRunner2/netcoreapp" className="AccessToDB.Tests.SlopesRepositoryTests" name="TestGetSlopeByIdAsyncOk" />
    </UnitTest>
    <UnitTest name="AccessToDB.Tests.LiftsRepositoryTests.TestGetLiftByNameAsyncFailsWhenNameNotExists(liftName: &quot;liftName41ba1ec1-287d-4c34-ad74-0825b129ecf2&quot;)" storage="/mnt/c/users/alena/desktop/7_sem/testing_and_debugging/skiresort/accesstodb.tests/bin/debug/net6.0/accesstodb.tests.dll" id="7a5177a1-ba64-9cb9-23b6-2ef2ad478cae">
      <Execution id="be2a8fbf-8577-4f61-b684-931b0d090393" />
      <TestMethod codeBase="/mnt/c/Users/alena/Desktop/7_sem/testing_and_debugging/SkiResort/AccessToDB.Tests/bin/Debug/net6.0/AccessToDB.Tests.dll" adapterTypeName="executor://xunit/VsTestRunner2/netcoreapp" className="AccessToDB.Tests.LiftsRepositoryTests" name="TestGetLiftByNameAsyncFailsWhenNameNotExists" />
    </UnitTest>
    <UnitTest name="AccessToDB.Tests.SlopesRepositoryTests.TestGetSlopeByNameAsyncFailsWhenNameNotExists(slopeName: &quot;slopeNamea5d8e80a-40b4-4928-b998-45c01fcb4c66&quot;)" storage="/mnt/c/users/alena/desktop/7_sem/testing_and_debugging/skiresort/accesstodb.tests/bin/debug/net6.0/accesstodb.tests.dll" id="886ef031-3a1f-ad5f-a507-a0d1f6a52cb3">
      <Execution id="5d2b56f0-232c-43c0-ab66-a396b5e5480a" />
      <TestMethod codeBase="/mnt/c/Users/alena/Desktop/7_sem/testing_and_debugging/SkiResort/AccessToDB.Tests/bin/Debug/net6.0/AccessToDB.Tests.dll" adapterTypeName="executor://xunit/VsTestRunner2/netcoreapp" className="AccessToDB.Tests.SlopesRepositoryTests" name="TestGetSlopeByNameAsyncFailsWhenNameNotExists" />
    </UnitTest>
    <UnitTest name="AccessToDB.Tests.LiftsRepositoryTests.TestGetLiftsAsyncEmpty" storage="/mnt/c/users/alena/desktop/7_sem/testing_and_debugging/skiresort/accesstodb.tests/bin/debug/net6.0/accesstodb.tests.dll" id="607e8298-f113-be33-300e-15a343893443">
      <Execution id="0f4894b3-08a5-4923-b917-f174d3a3e989" />
      <TestMethod codeBase="/mnt/c/Users/alena/Desktop/7_sem/testing_and_debugging/SkiResort/AccessToDB.Tests/bin/Debug/net6.0/AccessToDB.Tests.dll" adapterTypeName="executor://xunit/VsTestRunner2/netcoreapp" className="AccessToDB.Tests.LiftsRepositoryTests" name="TestGetLiftsAsyncEmpty" />
    </UnitTest>
    <UnitTest name="AccessToDB.Tests.LiftsSlopesRepositoryTests.TestGetSlopesByLiftIdAsyncFailsWhenSlopeNotExists(liftSlope: LiftSlope { RecordID = 21, LiftID = 252, SlopeID = 63 })" storage="/mnt/c/users/alena/desktop/7_sem/testing_and_debugging/skiresort/accesstodb.tests/bin/debug/net6.0/accesstodb.tests.dll" id="5518e741-1ffc-31b7-1620-8995a0e854c3">
      <Execution id="6c9e7a75-df83-444b-b2b9-3939b57ae538" />
      <TestMethod codeBase="/mnt/c/Users/alena/Desktop/7_sem/testing_and_debugging/SkiResort/AccessToDB.Tests/bin/Debug/net6.0/AccessToDB.Tests.dll" adapterTypeName="executor://xunit/VsTestRunner2/netcoreapp" className="AccessToDB.Tests.LiftsSlopesRepositoryTests" name="TestGetSlopesByLiftIdAsyncFailsWhenSlopeNotExists" />
    </UnitTest>
  </TestDefinitions>
  <TestEntries>
    <TestEntry testId="886ef031-3a1f-ad5f-a507-a0d1f6a52cb3" executionId="5d2b56f0-232c-43c0-ab66-a396b5e5480a" testListId="8c84fa94-04c1-424b-9868-57a2d4851a1d" />
    <TestEntry testId="3741b26d-6ee0-6246-29e4-92009bff37b0" executionId="0fc2f8b0-7746-4f5a-93ac-8ae7709cf9a3" testListId="8c84fa94-04c1-424b-9868-57a2d4851a1d" />
    <TestEntry testId="9bbefb83-8311-6e03-307f-415e3495e223" executionId="7ba63eba-c52d-430c-9735-71ea4bb7ab37" testListId="8c84fa94-04c1-424b-9868-57a2d4851a1d" />
    <TestEntry testId="689fd56e-c249-a4ad-4bd0-761cdc686bc9" executionId="130110e0-6c83-414f-82d3-880fa2d4490d" testListId="8c84fa94-04c1-424b-9868-57a2d4851a1d" />
    <TestEntry testId="1a01548d-d087-21e0-6aae-212f7200a17f" executionId="62e6c3d0-973b-4424-a67b-55e6bcb001e4" testListId="8c84fa94-04c1-424b-9868-57a2d4851a1d" />
    <TestEntry testId="f9435956-2e34-e52b-c34e-dce53665cf8e" executionId="88314821-6904-4c78-bde5-97667f07f01b" testListId="8c84fa94-04c1-424b-9868-57a2d4851a1d" />
    <TestEntry testId="09c9701f-40d8-f802-06e0-acc5bd6d9e8f" executionId="11784384-bdb8-475e-9902-451648b4a939" testListId="8c84fa94-04c1-424b-9868-57a2d4851a1d" />
    <TestEntry testId="e75bb6e2-88d9-af2a-a444-c4a9d67f0f0e" executionId="11092050-4a2e-4351-9ea8-3d2d3cee9c56" testListId="8c84fa94-04c1-424b-9868-57a2d4851a1d" />
    <TestEntry testId="1c74527c-d72e-1653-1157-397a543d9f91" executionId="5b03cc16-397a-4180-b3f1-a50e9185d967" testListId="8c84fa94-04c1-424b-9868-57a2d4851a1d" />
    <TestEntry testId="ba92061f-26fa-e54a-17c2-57120f4a2a4b" executionId="1e113bd8-93a2-4f66-9bf7-8b9d25f6d4a0" testListId="8c84fa94-04c1-424b-9868-57a2d4851a1d" />
    <TestEntry testId="872a1788-1e36-4eb1-5fd3-635d05bd5b00" executionId="2490a21f-48e0-4541-857a-cc2564c838da" testListId="8c84fa94-04c1-424b-9868-57a2d4851a1d" />
    <TestEntry testId="5518e741-1ffc-31b7-1620-8995a0e854c3" executionId="6c9e7a75-df83-444b-b2b9-3939b57ae538" testListId="8c84fa94-04c1-424b-9868-57a2d4851a1d" />
    <TestEntry testId="30f8e924-9784-0a43-e807-094f70e06567" executionId="94d8f929-d271-4128-90d8-8a474f46829a" testListId="8c84fa94-04c1-424b-9868-57a2d4851a1d" />
    <TestEntry testId="636bb4ae-cf45-66cc-35a9-040895920cc9" executionId="7476e03f-dfc9-4591-91bc-245a1bc11a81" testListId="8c84fa94-04c1-424b-9868-57a2d4851a1d" />
    <TestEntry testId="8f7ba917-f771-0dc5-f9b9-465c34344b12" executionId="6fab7103-80a9-436b-9fc1-59bf57d1cc9f" testListId="8c84fa94-04c1-424b-9868-57a2d4851a1d" />
    <TestEntry testId="a7b79ded-4514-0ef7-b414-f9e97228db83" executionId="3de10c99-6274-43f9-9bd6-4fa6ec27f2a4" testListId="8c84fa94-04c1-424b-9868-57a2d4851a1d" />
    <TestEntry testId="5944421e-bc63-79b8-864b-39f2ce26bc65" executionId="fb1a3bae-1f27-4f5b-8563-d56eb1e336b7" testListId="8c84fa94-04c1-424b-9868-57a2d4851a1d" />
    <TestEntry testId="67c8237a-1d44-6b5a-e6ce-b0b3b594b39a" executionId="f0426cce-9a27-407b-8374-2d26f14f3f75" testListId="8c84fa94-04c1-424b-9868-57a2d4851a1d" />
    <TestEntry testId="7a5177a1-ba64-9cb9-23b6-2ef2ad478cae" executionId="be2a8fbf-8577-4f61-b684-931b0d090393" testListId="8c84fa94-04c1-424b-9868-57a2d4851a1d" />
    <TestEntry testId="9e8a6b32-8540-6ec9-4067-d127f520c855" executionId="98bc718f-f6a2-4ad9-b649-7ce4a978016c" testListId="8c84fa94-04c1-424b-9868-57a2d4851a1d" />
    <TestEntry testId="13d93e6e-1f24-0077-c3f0-5625573aa3bc" executionId="d1479f1e-cd17-40f3-8d96-6ca6a97f8872" testListId="8c84fa94-04c1-424b-9868-57a2d4851a1d" />
    <TestEntry testId="06fb46cb-2b61-b3be-345a-28e24cd039af" executionId="664e20d8-965a-4845-8f68-199377a6de58" testListId="8c84fa94-04c1-424b-9868-57a2d4851a1d" />
    <TestEntry testId="7daf52f7-07d2-df51-73db-064964ceb865" executionId="152d36c5-3944-4223-bdaa-005852dad944" testListId="8c84fa94-04c1-424b-9868-57a2d4851a1d" />
    <TestEntry testId="58afeff1-4126-94ef-fdfe-31fc8e3cd69b" executionId="2278124b-6846-4a33-b4de-d67e65b48082" testListId="8c84fa94-04c1-424b-9868-57a2d4851a1d" />
    <TestEntry testId="a19c425a-8b64-ddb1-4d9e-77c1417f5b81" executionId="9cc67cf9-5565-4c7e-b8e2-4d457c9ab647" testListId="8c84fa94-04c1-424b-9868-57a2d4851a1d" />
    <TestEntry testId="470bb8c1-311a-65ee-6b73-f6787820570f" executionId="ec75a75f-bc4f-4d28-84b1-85e18fe5d29c" testListId="8c84fa94-04c1-424b-9868-57a2d4851a1d" />
    <TestEntry testId="3c521313-4ed6-6bce-b4f9-c359411028e7" executionId="06704ce6-e4e0-4a39-b4fa-bee3543fd9c1" testListId="8c84fa94-04c1-424b-9868-57a2d4851a1d" />
    <TestEntry testId="af4107d9-4ce5-afc4-e7bd-8ba22ccec42a" executionId="e3930661-de38-43de-bb14-7a0593ba0f77" testListId="8c84fa94-04c1-424b-9868-57a2d4851a1d" />
    <TestEntry testId="f16e2751-05de-2471-de86-a9dd32f14d57" executionId="b7493aa7-33c9-4a1d-a805-9d2e71f47bea" testListId="8c84fa94-04c1-424b-9868-57a2d4851a1d" />
    <TestEntry testId="58382870-b6de-3575-39b2-9383a4c30a9f" executionId="094c91a2-8c62-48e2-b2be-f21bba6bfcc7" testListId="8c84fa94-04c1-424b-9868-57a2d4851a1d" />
    <TestEntry testId="37df9eb3-82e8-00c8-6cd5-a005f76338f1" executionId="6be2e575-89a2-458f-a0d6-eb75a355250c" testListId="8c84fa94-04c1-424b-9868-57a2d4851a1d" />
    <TestEntry testId="c9a5123b-cf89-ca7d-db9a-e9720e476d7b" executionId="66725845-3c13-4cad-b329-8cee13d729ed" testListId="8c84fa94-04c1-424b-9868-57a2d4851a1d" />
    <TestEntry testId="0581475e-0774-06de-a954-43663b6568d8" executionId="53754ec4-cb44-409b-a976-682261d6f4fa" testListId="8c84fa94-04c1-424b-9868-57a2d4851a1d" />
    <TestEntry testId="57696438-cb7a-b685-7161-d1f2343b4cb0" executionId="50886540-4fdc-47c0-9dfa-cea08339267f" testListId="8c84fa94-04c1-424b-9868-57a2d4851a1d" />
    <TestEntry testId="ec229f70-485a-f91b-53ed-bce655f6cd58" executionId="28368c9a-aa49-4cba-9f8a-bb15bd89ae3c" testListId="8c84fa94-04c1-424b-9868-57a2d4851a1d" />
    <TestEntry testId="4145f44e-b4b1-a618-09e8-c631496e6f1a" executionId="c7586118-65d6-43dd-b6f3-b11dc1a59c6a" testListId="8c84fa94-04c1-424b-9868-57a2d4851a1d" />
    <TestEntry testId="607e8298-f113-be33-300e-15a343893443" executionId="0f4894b3-08a5-4923-b917-f174d3a3e989" testListId="8c84fa94-04c1-424b-9868-57a2d4851a1d" />
    <TestEntry testId="b7e7acd1-3bbf-e052-9944-1c4ba311a432" executionId="56688bdd-c331-4990-a7a8-e5e208df656b" testListId="8c84fa94-04c1-424b-9868-57a2d4851a1d" />
    <TestEntry testId="c28270b0-9485-897c-dfaa-20653da1d059" executionId="3d2e061f-67db-43e3-b338-f5805782d015" testListId="8c84fa94-04c1-424b-9868-57a2d4851a1d" />
  </TestEntries>
  <TestLists>
    <TestList name="Results Not in a List" id="8c84fa94-04c1-424b-9868-57a2d4851a1d" />
    <TestList name="All Loaded Results" id="19431567-8539-422a-85d7-44ee4e166bda" />
  </TestLists>
  <ResultSummary outcome="Completed">
    <Counters total="39" executed="39" passed="39" failed="0" error="0" timeout="0" aborted="0" inconclusive="0" passedButRunAborted="0" notRunnable="0" notExecuted="0" disconnected="0" warning="0" completed="0" inProgress="0" pending="0" />
    <Output>
      <StdOut>[xUnit.net 00:00:00.00] xUnit.net VSTest Adapter v2.4.5+1caef2f33e (64-bit .NET 6.0.10)
[xUnit.net 00:00:01.07]   Discovering: AccessToDB.Tests
[xUnit.net 00:00:01.22]   Discovered:  AccessToDB.Tests
[xUnit.net 00:00:01.22]   Starting:    AccessToDB.Tests
[xUnit.net 00:00:17.37]   Finished:    AccessToDB.Tests
</StdOut>
    </Output>
  </ResultSummary>
</TestRun>