<?xml version="1.0" encoding="utf-8"?>
<TestRun id="b3f10f38-f792-47e3-8868-82d5110d26cb" name="@DESKTOP-TJ9D65N 2022-11-03 11:22:32" xmlns="http://microsoft.com/schemas/VisualStudio/TeamTest/2010">
  <Times creation="2022-11-03T11:22:32.1437873+03:00" queuing="2022-11-03T11:22:32.1437874+03:00" start="2022-11-03T11:22:28.2394714+03:00" finish="2022-11-03T11:22:46.3858571+03:00" />
  <TestSettings name="default" id="ce359085-73a6-4c0d-abab-1823f2eb6581">
    <Deployment runDeploymentRoot="_DESKTOP-TJ9D65N_2022-11-03_11_22_32" />
  </TestSettings>
  <Results>
    <UnitTestResult executionId="15a74e44-9c8c-4f06-9c87-c061bc624d26" testId="6bcb3a17-9b7a-7d97-d26a-51ff5c7ae447" testName="AccessToDB.Tests.LiftsRepositoryTests.TestAddLiftAsyncFailsWhenLiftIdRepeats(lift: Lift { LiftID = 176, LiftName = liftNamee9245300-7c22-4ac0-8e7c-d56e4bfa31b4, IsOpen = True, SeatsAmount = 84, LiftingTime = 4, QueueTime = 35, ConnectedSlopes =  })" computerName="DESKTOP-TJ9D65N" duration="00:00:00.3954603" startTime="2022-11-03T11:22:45.9162404+03:00" endTime="2022-11-03T11:22:45.9162405+03:00" testType="13cdc9d9-ddb5-4fa4-a97d-d965ccfc6d4b" outcome="Passed" testListId="8c84fa94-04c1-424b-9868-57a2d4851a1d" relativeResultsDirectory="15a74e44-9c8c-4f06-9c87-c061bc624d26" />
    <UnitTestResult executionId="aeacd98e-37e7-4b39-9b5f-c405b0eace7f" testId="1b8ebf9c-8cd9-c603-d0f8-2953d708df1a" testName="AccessToDB.Tests.LiftsSlopesRepositoryTests.TestDeleteLiftSlopesByIDsAsyncOk(liftSlope: LiftSlope { RecordID = 155, LiftID = 95, SlopeID = 189 })" computerName="DESKTOP-TJ9D65N" duration="00:00:00.4139495" startTime="2022-11-03T11:22:41.4624609+03:00" endTime="2022-11-03T11:22:41.4624611+03:00" testType="13cdc9d9-ddb5-4fa4-a97d-d965ccfc6d4b" outcome="Passed" testListId="8c84fa94-04c1-424b-9868-57a2d4851a1d" relativeResultsDirectory="aeacd98e-37e7-4b39-9b5f-c405b0eace7f" />
    <UnitTestResult executionId="0a46e8a6-8489-402a-8086-8408205531e5" testId="847fd9f2-d819-3537-7d90-c66cea7fa7c3" testName="AccessToDB.Tests.TurnstilesRepositoryTests.TestAddTurnstileAsyncFailsWhenTurnstileIdRepeats(turnstile: Turnstile { TurnstileID = 122, LiftID = 7, IsOpen = True })" computerName="DESKTOP-TJ9D65N" duration="00:00:00.3912317" startTime="2022-11-03T11:22:38.9614123+03:00" endTime="2022-11-03T11:22:38.9614125+03:00" testType="13cdc9d9-ddb5-4fa4-a97d-d965ccfc6d4b" outcome="Passed" testListId="8c84fa94-04c1-424b-9868-57a2d4851a1d" relativeResultsDirectory="0a46e8a6-8489-402a-8086-8408205531e5" />
    <UnitTestResult executionId="c2889a71-9bc9-4a7a-9804-8a0947ff9dd4" testId="4145f44e-b4b1-a618-09e8-c631496e6f1a" testName="AccessToDB.Tests.LiftsSlopesRepositoryTests.TestGetLiftSlopesAsyncEmpty" computerName="DESKTOP-TJ9D65N" duration="00:00:00.3657908" startTime="2022-11-03T11:22:43.0711018+03:00" endTime="2022-11-03T11:22:43.0711034+03:00" testType="13cdc9d9-ddb5-4fa4-a97d-d965ccfc6d4b" outcome="Passed" testListId="8c84fa94-04c1-424b-9868-57a2d4851a1d" relativeResultsDirectory="c2889a71-9bc9-4a7a-9804-8a0947ff9dd4" />
    <UnitTestResult executionId="2977a881-8c13-4804-973f-202b73f1ca75" testId="223e705c-fd50-a9fa-870c-3eec091bd0f9" testName="AccessToDB.Tests.UsersRepositoryTests.TestUpdateUserByIDAsyncOk(user: User { UserID = 75, CardID = 38, UserEmail = UserEmail8472bb29-1d62-4226-915f-a752b3244365, Password = passwordb8e5a591-e7ac-471f-b3e2-6eb0dc9c4292, Permissions = UNAUTHORIZED })" computerName="DESKTOP-TJ9D65N" duration="00:00:00.3905735" startTime="2022-11-03T11:22:32.0590917+03:00" endTime="2022-11-03T11:22:32.0590917+03:00" testType="13cdc9d9-ddb5-4fa4-a97d-d965ccfc6d4b" outcome="Passed" testListId="8c84fa94-04c1-424b-9868-57a2d4851a1d" relativeResultsDirectory="2977a881-8c13-4804-973f-202b73f1ca75" />
    <UnitTestResult executionId="e2e23b64-7d59-4d53-9762-ebee210b7f20" testId="cfb41591-d301-73e3-a604-8630d532bb91" testName="AccessToDB.Tests.SlopesRepositoryTests.TestUpdateSlopeByIDAsyncOk(slope: Slope { SlopeID = 89, SlopeName = slopeName74bd7da2-7a85-4155-9594-20618b44edff, IsOpen = True, DifficultyLevel = 135, ConnectedLifts =  })" computerName="DESKTOP-TJ9D65N" duration="00:00:00.3930086" startTime="2022-11-03T11:22:34.8867791+03:00" endTime="2022-11-03T11:22:34.8867792+03:00" testType="13cdc9d9-ddb5-4fa4-a97d-d965ccfc6d4b" outcome="Passed" testListId="8c84fa94-04c1-424b-9868-57a2d4851a1d" relativeResultsDirectory="e2e23b64-7d59-4d53-9762-ebee210b7f20" />
    <UnitTestResult executionId="43e8f8ed-56aa-41ae-a47f-827d4718942b" testId="5260a711-8f8e-7e43-93fd-6d2aa6ce99ec" testName="AccessToDB.Tests.UsersRepositoryTests.TestAddUserAsyncFailsWhenUserIdRepeats(user: User { UserID = 230, CardID = 62, UserEmail = UserEmaild5c48a2a-dc0f-4101-a6ed-772b8dd9009c, Password = password0d180434-44ea-411d-b655-99ff6fe9b457, Permissions = UNAUTHORIZED })" computerName="DESKTOP-TJ9D65N" duration="00:00:00.3980426" startTime="2022-11-03T11:22:33.2649070+03:00" endTime="2022-11-03T11:22:33.2649072+03:00" testType="13cdc9d9-ddb5-4fa4-a97d-d965ccfc6d4b" outcome="Passed" testListId="8c84fa94-04c1-424b-9868-57a2d4851a1d" relativeResultsDirectory="43e8f8ed-56aa-41ae-a47f-827d4718942b" />
    <UnitTestResult executionId="06feeb7e-1966-4d2c-85ed-e89a0b51c303" testId="e75bb6e2-88d9-af2a-a444-c4a9d67f0f0e" testName="AccessToDB.Tests.UsersRepositoryTests.TestAddUserAutoIncrementAsyncOk" computerName="DESKTOP-TJ9D65N" duration="00:00:00.4018642" startTime="2022-11-03T11:22:34.0583805+03:00" endTime="2022-11-03T11:22:34.0583808+03:00" testType="13cdc9d9-ddb5-4fa4-a97d-d965ccfc6d4b" outcome="Passed" testListId="8c84fa94-04c1-424b-9868-57a2d4851a1d" relativeResultsDirectory="06feeb7e-1966-4d2c-85ed-e89a0b51c303" />
    <UnitTestResult executionId="79eb05ee-7c5b-4dd9-a74f-074c2f8660f3" testId="7834eb93-022c-589a-1d40-6cd0d7c9c243" testName="AccessToDB.Tests.TurnstilesRepositoryTests.TestUpdateTurnstileByIDAsyncOk(turnstile: Turnstile { TurnstileID = 150, LiftID = 177, IsOpen = True })" computerName="DESKTOP-TJ9D65N" duration="00:00:00.4080577" startTime="2022-11-03T11:22:39.8020215+03:00" endTime="2022-11-03T11:22:39.8020218+03:00" testType="13cdc9d9-ddb5-4fa4-a97d-d965ccfc6d4b" outcome="Passed" testListId="8c84fa94-04c1-424b-9868-57a2d4851a1d" relativeResultsDirectory="79eb05ee-7c5b-4dd9-a74f-074c2f8660f3" />
    <UnitTestResult executionId="22457ff9-daf1-49d7-8584-a609470b9ccc" testId="15f35765-aa4e-46e8-752f-b035d429e412" testName="AccessToDB.Tests.TurnstilesRepositoryTests.TestGetTurnstilesByLiftIdAsyncOk(liftID: 212)" computerName="DESKTOP-TJ9D65N" duration="00:00:00.4838925" startTime="2022-11-03T11:22:37.3859002+03:00" endTime="2022-11-03T11:22:37.3859005+03:00" testType="13cdc9d9-ddb5-4fa4-a97d-d965ccfc6d4b" outcome="Passed" testListId="8c84fa94-04c1-424b-9868-57a2d4851a1d" relativeResultsDirectory="22457ff9-daf1-49d7-8584-a609470b9ccc" />
    <UnitTestResult executionId="d8594c52-e455-49b7-ae99-04164086b33d" testId="2f975743-15e9-e34a-f183-83b8b4355897" testName="AccessToDB.Tests.LiftsSlopesRepositoryTests.TestDeleteLiftSlopeByIDAsyncFailsWhenIDNotExists(liftSlopeID: 217)" computerName="DESKTOP-TJ9D65N" duration="00:00:00.3615507" startTime="2022-11-03T11:22:41.8387133+03:00" endTime="2022-11-03T11:22:41.8387134+03:00" testType="13cdc9d9-ddb5-4fa4-a97d-d965ccfc6d4b" outcome="Passed" testListId="8c84fa94-04c1-424b-9868-57a2d4851a1d" relativeResultsDirectory="d8594c52-e455-49b7-ae99-04164086b33d" />
    <UnitTestResult executionId="9e349267-570d-4ccd-9c84-bb95f67784bc" testId="1bceba2f-00f9-11f4-eefa-2ad8af059066" testName="AccessToDB.Tests.LiftsSlopesRepositoryTests.TestGetLiftSlopeByIdAsyncOk(liftSlope: LiftSlope { RecordID = 144, LiftID = 128, SlopeID = 106 })" computerName="DESKTOP-TJ9D65N" duration="00:00:00.3835078" startTime="2022-11-03T11:22:41.0134956+03:00" endTime="2022-11-03T11:22:41.0134959+03:00" testType="13cdc9d9-ddb5-4fa4-a97d-d965ccfc6d4b" outcome="Passed" testListId="8c84fa94-04c1-424b-9868-57a2d4851a1d" relativeResultsDirectory="9e349267-570d-4ccd-9c84-bb95f67784bc" />
    <UnitTestResult executionId="5c0fa4bf-6cfb-40e7-8ca1-f27f015dbed3" testId="8a9edf19-d36a-65c5-1004-adaf5773b9b4" testName="AccessToDB.Tests.LiftsRepositoryTests.TestGetLiftByIdAsyncOk(lift: Lift { LiftID = 185, LiftName = liftNamec1f4c081-d6ce-4b19-82a1-fe66d476b305, IsOpen = True, SeatsAmount = 247, LiftingTime = 190, QueueTime = 119, ConnectedSlopes =  })" computerName="DESKTOP-TJ9D65N" duration="00:00:00.3858584" startTime="2022-11-03T11:22:44.3087736+03:00" endTime="2022-11-03T11:22:44.3087738+03:00" testType="13cdc9d9-ddb5-4fa4-a97d-d965ccfc6d4b" outcome="Passed" testListId="8c84fa94-04c1-424b-9868-57a2d4851a1d" relativeResultsDirectory="5c0fa4bf-6cfb-40e7-8ca1-f27f015dbed3" />
    <UnitTestResult executionId="2acf3991-a03a-4ed1-a72e-fe4dfed922b5" testId="3a1c7a16-b367-ca48-681e-a40ee5da28e2" testName="AccessToDB.Tests.LiftsRepositoryTests.TestUpdateLiftByIDAsyncOk(lift: Lift { LiftID = 102, LiftName = liftName429458e9-2f85-40af-8265-db3fc9725bd3, IsOpen = True, SeatsAmount = 147, LiftingTime = 60, QueueTime = 187, ConnectedSlopes =  })" computerName="DESKTOP-TJ9D65N" duration="00:00:00.3920879" startTime="2022-11-03T11:22:45.0997687+03:00" endTime="2022-11-03T11:22:45.0997688+03:00" testType="13cdc9d9-ddb5-4fa4-a97d-d965ccfc6d4b" outcome="Passed" testListId="8c84fa94-04c1-424b-9868-57a2d4851a1d" relativeResultsDirectory="2acf3991-a03a-4ed1-a72e-fe4dfed922b5" />
    <UnitTestResult executionId="5f07e9b2-b936-41ac-8d83-d63670b02310" testId="33c02f06-c858-05f2-702d-6c7179ddbdbc" testName="AccessToDB.Tests.UsersRepositoryTests.TestDeleteUserByIDAsyncFailsWhenIDNotExists(userID: 13)" computerName="DESKTOP-TJ9D65N" duration="00:00:00.3602181" startTime="2022-11-03T11:22:33.6411723+03:00" endTime="2022-11-03T11:22:33.6411725+03:00" testType="13cdc9d9-ddb5-4fa4-a97d-d965ccfc6d4b" outcome="Passed" testListId="8c84fa94-04c1-424b-9868-57a2d4851a1d" relativeResultsDirectory="5f07e9b2-b936-41ac-8d83-d63670b02310" />
    <UnitTestResult executionId="256319be-79e2-4125-b3e8-f9f532626e0d" testId="f6fdf8bc-bea3-4d1b-dcd7-1720cc1f0aa9" testName="AccessToDB.Tests.TurnstilesRepositoryTests.TestGetTurnstileByIdAsyncOk(turnstile: Turnstile { TurnstileID = 33, LiftID = 113, IsOpen = True })" computerName="DESKTOP-TJ9D65N" duration="00:00:00.3904180" startTime="2022-11-03T11:22:39.3695616+03:00" endTime="2022-11-03T11:22:39.3695620+03:00" testType="13cdc9d9-ddb5-4fa4-a97d-d965ccfc6d4b" outcome="Passed" testListId="8c84fa94-04c1-424b-9868-57a2d4851a1d" relativeResultsDirectory="256319be-79e2-4125-b3e8-f9f532626e0d" />
    <UnitTestResult executionId="6a102e89-9e89-4b23-8708-321f9d2f7554" testId="f9435956-2e34-e52b-c34e-dce53665cf8e" testName="AccessToDB.Tests.TurnstilesRepositoryTests.TestAddTurnstileAutoIncrementAsyncOk" computerName="DESKTOP-TJ9D65N" duration="00:00:00.3911451" startTime="2022-11-03T11:22:38.5511207+03:00" endTime="2022-11-03T11:22:38.5511208+03:00" testType="13cdc9d9-ddb5-4fa4-a97d-d965ccfc6d4b" outcome="Passed" testListId="8c84fa94-04c1-424b-9868-57a2d4851a1d" relativeResultsDirectory="6a102e89-9e89-4b23-8708-321f9d2f7554" />
    <UnitTestResult executionId="9dcb9d6d-19be-4274-a254-428cb15489e6" testId="adaeaad5-4b55-00d9-ecb0-ede3e874ec11" testName="AccessToDB.Tests.LiftsRepositoryTests.TestDeleteLiftByIDAsyncFailsWhenIDNotExists(liftID: 218)" computerName="DESKTOP-TJ9D65N" duration="00:00:00.3640906" startTime="2022-11-03T11:22:44.6928498+03:00" endTime="2022-11-03T11:22:44.6928498+03:00" testType="13cdc9d9-ddb5-4fa4-a97d-d965ccfc6d4b" outcome="Passed" testListId="8c84fa94-04c1-424b-9868-57a2d4851a1d" relativeResultsDirectory="9dcb9d6d-19be-4274-a254-428cb15489e6" />
    <UnitTestResult executionId="cae33db3-7c2e-432a-82c7-487921127810" testId="61db634e-827f-f580-c775-002d47bdb239" testName="AccessToDB.Tests.UsersRepositoryTests.TestCheckUserIdExistsAsyncTrue(user: User { UserID = 246, CardID = 154, UserEmail = UserEmail6a2a0764-2392-4734-8d1f-a6ef6648ab64, Password = passworda499654f-4af7-4425-a2c8-faa7e1092c83, Permissions = UNAUTHORIZED })" computerName="DESKTOP-TJ9D65N" duration="00:00:00.3816467" startTime="2022-11-03T11:22:32.4551925+03:00" endTime="2022-11-03T11:22:32.4551926+03:00" testType="13cdc9d9-ddb5-4fa4-a97d-d965ccfc6d4b" outcome="Passed" testListId="8c84fa94-04c1-424b-9868-57a2d4851a1d" relativeResultsDirectory="cae33db3-7c2e-432a-82c7-487921127810" />
    <UnitTestResult executionId="21297b4a-3d47-4fb1-9071-3b3c59b04cc3" testId="98e4c667-7e8c-3358-4397-2b82f7ee318e" testName="AccessToDB.Tests.LiftsSlopesRepositoryTests.TestGetLiftsBySlopeIdAsyncOk(slope1: Slope { SlopeID = 219, SlopeName = slopeName434898ca-880f-4620-8680-57751bced7f0, IsOpen = True, DifficultyLevel = 236, ConnectedLifts =  }, slope2: Slope { SlopeID = 242, SlopeName = slopeName9dfaaa64-ced9-402a-81aa-afa0fb9b7152, IsOpen = False, DifficultyLevel = 24, ConnectedLifts =  }, lift1: Lift { LiftID = 200, LiftName = liftName48a69e4a-0567-42f2-93c2-59170ef4eb46, IsOpen = True, SeatsAmount = 144, LiftingTime = 244, QueueTime = 46, ConnectedSlopes =  }, lift2: Lift { LiftID = 124, LiftName = liftName213bfd20-02b6-4d8c-9ce2-34b0fa13a810, IsOpen = False, SeatsAmount = 81, LiftingTime = 180, QueueTime = 19, ConnectedSlopes =  })" computerName="DESKTOP-TJ9D65N" duration="00:00:00.4214426" startTime="2022-11-03T11:22:42.2730418+03:00" endTime="2022-11-03T11:22:42.2730420+03:00" testType="13cdc9d9-ddb5-4fa4-a97d-d965ccfc6d4b" outcome="Passed" testListId="8c84fa94-04c1-424b-9868-57a2d4851a1d" relativeResultsDirectory="21297b4a-3d47-4fb1-9071-3b3c59b04cc3" />
    <UnitTestResult executionId="5f935caa-e7f2-419f-9133-742b591f8f29" testId="4254338f-32fb-39c8-069b-b3b0c46778d5" testName="AccessToDB.Tests.UsersRepositoryTests.TestGetUserByEmailAsyncFailsWhenEmailNotExists(email: &quot;emailda36f40c-eebc-430e-a1e7-a992bf843ed3&quot;)" computerName="DESKTOP-TJ9D65N" duration="00:00:00.4492550" startTime="2022-11-03T11:22:30.8553927+03:00" endTime="2022-11-03T11:22:30.8554168+03:00" testType="13cdc9d9-ddb5-4fa4-a97d-d965ccfc6d4b" outcome="Passed" testListId="8c84fa94-04c1-424b-9868-57a2d4851a1d" relativeResultsDirectory="5f935caa-e7f2-419f-9133-742b591f8f29" />
    <UnitTestResult executionId="b657dfbd-9cbe-49bd-8efe-fd6c931e903b" testId="3741b26d-6ee0-6246-29e4-92009bff37b0" testName="AccessToDB.Tests.UsersRepositoryTests.TestGetUsersAsyncEmpty" computerName="DESKTOP-TJ9D65N" duration="00:00:00.3604286" startTime="2022-11-03T11:22:31.2582580+03:00" endTime="2022-11-03T11:22:31.2582581+03:00" testType="13cdc9d9-ddb5-4fa4-a97d-d965ccfc6d4b" outcome="Passed" testListId="8c84fa94-04c1-424b-9868-57a2d4851a1d" relativeResultsDirectory="b657dfbd-9cbe-49bd-8efe-fd6c931e903b" />
    <UnitTestResult executionId="f119bbce-46f9-44d5-99d4-d03bd782c902" testId="30f8e924-9784-0a43-e807-094f70e06567" testName="AccessToDB.Tests.LiftsSlopesRepositoryTests.TestAddLiftSlopeAutoIncrementAsyncOk" computerName="DESKTOP-TJ9D65N" duration="00:00:00.3963251" startTime="2022-11-03T11:22:42.6845217+03:00" endTime="2022-11-03T11:22:42.6845219+03:00" testType="13cdc9d9-ddb5-4fa4-a97d-d965ccfc6d4b" outcome="Passed" testListId="8c84fa94-04c1-424b-9868-57a2d4851a1d" relativeResultsDirectory="f119bbce-46f9-44d5-99d4-d03bd782c902" />
    <UnitTestResult executionId="ea435640-2a54-4a84-9228-36e0ddd7e0b8" testId="d2d9faa8-617c-53c7-6ba6-dee954eae2a7" testName="AccessToDB.Tests.LiftsRepositoryTests.TestGetLiftByNameAsyncFailsWhenNameNotExists(liftName: &quot;liftName4a2d83ae-3a58-447e-847d-36536f4335af&quot;)" computerName="DESKTOP-TJ9D65N" duration="00:00:00.3609933" startTime="2022-11-03T11:22:46.2907185+03:00" endTime="2022-11-03T11:22:46.2907186+03:00" testType="13cdc9d9-ddb5-4fa4-a97d-d965ccfc6d4b" outcome="Passed" testListId="8c84fa94-04c1-424b-9868-57a2d4851a1d" relativeResultsDirectory="ea435640-2a54-4a84-9228-36e0ddd7e0b8" />
    <UnitTestResult executionId="3a6984c3-ea6d-4e24-9231-697f61cc91ed" testId="47a7e65d-7174-5640-7949-c35f6869f7bc" testName="AccessToDB.Tests.SlopesRepositoryTests.TestAddSlopeAsyncFailsWhenSlopeIdRepeats(slope: Slope { SlopeID = 239, SlopeName = slopeNameee0e2e7f-fc5b-4bdb-99dc-b51201771890, IsOpen = True, DifficultyLevel = 109, ConnectedLifts =  })" computerName="DESKTOP-TJ9D65N" duration="00:00:00.3929139" startTime="2022-11-03T11:22:35.2985713+03:00" endTime="2022-11-03T11:22:35.2985716+03:00" testType="13cdc9d9-ddb5-4fa4-a97d-d965ccfc6d4b" outcome="Passed" testListId="8c84fa94-04c1-424b-9868-57a2d4851a1d" relativeResultsDirectory="3a6984c3-ea6d-4e24-9231-697f61cc91ed" />
    <UnitTestResult executionId="f044bd54-1985-45af-90a5-8866c01f9cc5" testId="b303168e-65a1-e603-ae47-d07be8daebf7" testName="AccessToDB.Tests.SlopesRepositoryTests.TestGetSlopeByIdAsyncOk(slope: Slope { SlopeID = 15, SlopeName = slopeName74157e83-5688-4db5-a021-bc126acedb2e, IsOpen = True, DifficultyLevel = 192, ConnectedLifts =  })" computerName="DESKTOP-TJ9D65N" duration="00:00:00.3822086" startTime="2022-11-03T11:22:36.0992320+03:00" endTime="2022-11-03T11:22:36.0992324+03:00" testType="13cdc9d9-ddb5-4fa4-a97d-d965ccfc6d4b" outcome="Passed" testListId="8c84fa94-04c1-424b-9868-57a2d4851a1d" relativeResultsDirectory="f044bd54-1985-45af-90a5-8866c01f9cc5" />
    <UnitTestResult executionId="593e0f02-aa31-40e6-819a-43c3e63d1e68" testId="d42e5108-d0c6-ca9f-5840-5f078f265884" testName="AccessToDB.Tests.LiftsSlopesRepositoryTests.TestUpdateLiftSlopeByIDAsyncOk(liftSlope: LiftSlope { RecordID = 145, LiftID = 173, SlopeID = 85 })" computerName="DESKTOP-TJ9D65N" duration="00:00:00.3916784" startTime="2022-11-03T11:22:40.6106189+03:00" endTime="2022-11-03T11:22:40.6106191+03:00" testType="13cdc9d9-ddb5-4fa4-a97d-d965ccfc6d4b" outcome="Passed" testListId="8c84fa94-04c1-424b-9868-57a2d4851a1d" relativeResultsDirectory="593e0f02-aa31-40e6-819a-43c3e63d1e68" />
    <UnitTestResult executionId="24b0619a-daa3-449d-a1d1-bb9ac50135b3" testId="f9169c9d-ee2e-5a82-458f-c89e6738fa62" testName="AccessToDB.Tests.SlopesRepositoryTests.TestDeleteSlopeByIDAsyncFailsWhenIDNotExists(slopeID: 52)" computerName="DESKTOP-TJ9D65N" duration="00:00:00.3929125" startTime="2022-11-03T11:22:34.4795277+03:00" endTime="2022-11-03T11:22:34.4795280+03:00" testType="13cdc9d9-ddb5-4fa4-a97d-d965ccfc6d4b" outcome="Passed" testListId="8c84fa94-04c1-424b-9868-57a2d4851a1d" relativeResultsDirectory="24b0619a-daa3-449d-a1d1-bb9ac50135b3" />
    <UnitTestResult executionId="fe419457-2cdf-47a2-b291-6ad235592742" testId="d7dc285d-3688-dcf2-c159-adf25d0de671" testName="AccessToDB.Tests.TurnstilesRepositoryTests.TestDeleteTurnstileByIDAsyncFailsWhenIDNotExists(turnstileID: 159)" computerName="DESKTOP-TJ9D65N" duration="00:00:00.3662192" startTime="2022-11-03T11:22:38.1423715+03:00" endTime="2022-11-03T11:22:38.1423719+03:00" testType="13cdc9d9-ddb5-4fa4-a97d-d965ccfc6d4b" outcome="Passed" testListId="8c84fa94-04c1-424b-9868-57a2d4851a1d" relativeResultsDirectory="fe419457-2cdf-47a2-b291-6ad235592742" />
    <UnitTestResult executionId="837e81d5-f0ad-4434-9ac1-9ea143a88d92" testId="3c521313-4ed6-6bce-b4f9-c359411028e7" testName="AccessToDB.Tests.TurnstilesRepositoryTests.TestGetTurnstilesAsyncEmpty" computerName="DESKTOP-TJ9D65N" duration="00:00:00.3627361" startTime="2022-11-03T11:22:37.7613534+03:00" endTime="2022-11-03T11:22:37.7613536+03:00" testType="13cdc9d9-ddb5-4fa4-a97d-d965ccfc6d4b" outcome="Passed" testListId="8c84fa94-04c1-424b-9868-57a2d4851a1d" relativeResultsDirectory="837e81d5-f0ad-4434-9ac1-9ea143a88d92" />
    <UnitTestResult executionId="05483109-79c2-48ca-9dc4-4ae95496d062" testId="ec229f70-485a-f91b-53ed-bce655f6cd58" testName="AccessToDB.Tests.LiftsRepositoryTests.TestAddLiftAutoIncrementAsyncOk" computerName="DESKTOP-TJ9D65N" duration="00:00:00.3909656" startTime="2022-11-03T11:22:43.8965394+03:00" endTime="2022-11-03T11:22:43.8965395+03:00" testType="13cdc9d9-ddb5-4fa4-a97d-d965ccfc6d4b" outcome="Passed" testListId="8c84fa94-04c1-424b-9868-57a2d4851a1d" relativeResultsDirectory="05483109-79c2-48ca-9dc4-4ae95496d062" />
    <UnitTestResult executionId="620f2508-5a4f-423c-a28e-b0da2847ac81" testId="607e8298-f113-be33-300e-15a343893443" testName="AccessToDB.Tests.LiftsRepositoryTests.TestGetLiftsAsyncEmpty" computerName="DESKTOP-TJ9D65N" duration="00:00:00.3670983" startTime="2022-11-03T11:22:45.4864498+03:00" endTime="2022-11-03T11:22:45.4864502+03:00" testType="13cdc9d9-ddb5-4fa4-a97d-d965ccfc6d4b" outcome="Passed" testListId="8c84fa94-04c1-424b-9868-57a2d4851a1d" relativeResultsDirectory="620f2508-5a4f-423c-a28e-b0da2847ac81" />
    <UnitTestResult executionId="952a46ed-e762-4d27-b58c-38e725d5dc2a" testId="7f3fed2d-b802-2b9f-e3a5-a53028ef25f8" testName="AccessToDB.Tests.UsersRepositoryTests.TestGetUserByIdAsyncOk(user: User { UserID = 74, CardID = 216, UserEmail = UserEmaile3cae83b-f60e-4c77-89c1-e547496f2e04, Password = passworda09dcf2c-bfa0-466b-aa0c-9cd397fa0041, Permissions = UNAUTHORIZED })" computerName="DESKTOP-TJ9D65N" duration="00:00:00.3812465" startTime="2022-11-03T11:22:31.6551701+03:00" endTime="2022-11-03T11:22:31.6551703+03:00" testType="13cdc9d9-ddb5-4fa4-a97d-d965ccfc6d4b" outcome="Passed" testListId="8c84fa94-04c1-424b-9868-57a2d4851a1d" relativeResultsDirectory="952a46ed-e762-4d27-b58c-38e725d5dc2a" />
    <UnitTestResult executionId="801c660f-b49c-443f-b36a-4bd1607abb56" testId="4ab584f4-037c-b051-615e-20b197494796" testName="AccessToDB.Tests.LiftsSlopesRepositoryTests.TestGetSlopesByLiftIdAsyncFailsWhenSlopeNotExists(liftSlope: LiftSlope { RecordID = 182, LiftID = 118, SlopeID = 132 })" computerName="DESKTOP-TJ9D65N" duration="00:00:00.3830320" startTime="2022-11-03T11:22:40.2018011+03:00" endTime="2022-11-03T11:22:40.2018012+03:00" testType="13cdc9d9-ddb5-4fa4-a97d-d965ccfc6d4b" outcome="Passed" testListId="8c84fa94-04c1-424b-9868-57a2d4851a1d" relativeResultsDirectory="801c660f-b49c-443f-b36a-4bd1607abb56" />
    <UnitTestResult executionId="8ed276ce-fa91-43bb-9953-c2d5993b6ad6" testId="9bbefb83-8311-6e03-307f-415e3495e223" testName="AccessToDB.Tests.SlopesRepositoryTests.TestGetSlopesAsyncEmpty" computerName="DESKTOP-TJ9D65N" duration="00:00:00.3753187" startTime="2022-11-03T11:22:36.5023348+03:00" endTime="2022-11-03T11:22:36.5023351+03:00" testType="13cdc9d9-ddb5-4fa4-a97d-d965ccfc6d4b" outcome="Passed" testListId="8c84fa94-04c1-424b-9868-57a2d4851a1d" relativeResultsDirectory="8ed276ce-fa91-43bb-9953-c2d5993b6ad6" />
    <UnitTestResult executionId="a9f42c8b-df89-4101-911a-df334c3c5d65" testId="8f7ba917-f771-0dc5-f9b9-465c34344b12" testName="AccessToDB.Tests.SlopesRepositoryTests.TestAddSlopeAutoIncrementAsyncOk" computerName="DESKTOP-TJ9D65N" duration="00:00:00.0010000" startTime="2022-11-03T11:22:35.7105895+03:00" endTime="2022-11-03T11:22:35.7105896+03:00" testType="13cdc9d9-ddb5-4fa4-a97d-d965ccfc6d4b" outcome="Failed" testListId="8c84fa94-04c1-424b-9868-57a2d4851a1d" relativeResultsDirectory="a9f42c8b-df89-4101-911a-df334c3c5d65">
      <Output>
        <ErrorInfo>
          <Message>System.InvalidOperationException : Operations that change non-concurrent collections must have exclusive access. A concurrent update was performed on this collection and corrupted its state. The collection's state is no longer correct.</Message>
          <StackTrace>   at System.Collections.Generic.Dictionary`2.FindValue(TKey key)
   at System.Collections.Generic.Dictionary`2.TryGetValue(TKey key, TValue&amp; value)
   at ProGaudi.MsgPack.Light.MsgPackContext.GetObjectActivator(Type type)
   at ProGaudi.MsgPack.Light.MsgPackContext.&lt;&gt;c__DisplayClass27_0.&lt;TryGenerateArrayConverter&gt;b__0(Type x)
   at ProGaudi.MsgPack.Light.MsgPackContext.TryGenerateArrayConverter(Type type)
   at ProGaudi.MsgPack.Light.MsgPackContext.GetConverter[T]()
   at ProGaudi.Tarantool.Client.Converters.ResponsePacketConverter`1.Initialize(MsgPackContext context)
   at ProGaudi.MsgPack.Light.MsgPackContext.CreateAndInializeConverter(Func`1 converterActivator)
   at ProGaudi.MsgPack.Light.MsgPackContext.TryGenerateConverterFromGenericConverter(Type type)
   at ProGaudi.MsgPack.Light.MsgPackContext.GetConverter[T]()
   at ProGaudi.MsgPack.Light.MsgPackSerializer.GetConverter[T](MsgPackContext context)
   at ProGaudi.MsgPack.Light.MsgPackSerializer.Deserialize[T](MemoryStream stream, MsgPackContext context)
   at ProGaudi.Tarantool.Client.LogicalConnection.SendRequest[TRequest,TResponse](TRequest request, Nullable`1 timeout)
   at ProGaudi.Tarantool.Client.LogicalConnectionManager.SendRequest[TRequest,TResponse](TRequest request, Nullable`1 timeout)
   at ProGaudi.Tarantool.Client.Index.Select[TKey,TTuple](TKey key, SelectOptions options)
   at AccessToDB.RepositoriesTarantool.TarantoolSlopesRepository.GetSlopesAsync(UInt32 offset, UInt32 limit) in /mnt/c/Users/alena/Desktop/7_sem/testing_and_debugging/SkiResort/AccessToDB/TarantoolRepositories/TarantoolSlopesRepository.cs:line 36
   at AccessToDB.Tests.SlopesRepositoryTests.CleanSlopesTable() in /mnt/c/Users/alena/Desktop/7_sem/testing_and_debugging/SkiResort/AccessToDB.Tests/SlopesRepositoryTests.cs:line 40
   at AccessToDB.Tests.SlopesRepositoryTests..ctor() in /mnt/c/Users/alena/Desktop/7_sem/testing_and_debugging/SkiResort/AccessToDB.Tests/SlopesRepositoryTests.cs:line 30
   at System.RuntimeType.CreateInstanceDefaultCtor(Boolean publicOnly, Boolean wrapExceptions)</StackTrace>
        </ErrorInfo>
      </Output>
    </UnitTestResult>
    <UnitTestResult executionId="ad4fa715-90a6-43f2-a15e-f4e73682d44d" testId="a8a8ac57-83e3-4368-dbbf-10f43f2c92f2" testName="AccessToDB.Tests.UsersRepositoryTests.TestCheckUserEmailExistsAsyncFalse(userEmail: &quot;userEmail3bcd0f9f-9dd9-4c1a-8395-6399ad5e8193&quot;)" computerName="DESKTOP-TJ9D65N" duration="00:00:00.3628304" startTime="2022-11-03T11:22:32.8325555+03:00" endTime="2022-11-03T11:22:32.8325560+03:00" testType="13cdc9d9-ddb5-4fa4-a97d-d965ccfc6d4b" outcome="Passed" testListId="8c84fa94-04c1-424b-9868-57a2d4851a1d" relativeResultsDirectory="ad4fa715-90a6-43f2-a15e-f4e73682d44d" />
    <UnitTestResult executionId="08fb1af0-9100-4258-9dbd-df53b038c683" testId="0eec1d0e-ebb1-ed60-37fa-7d1c54cf39bd" testName="AccessToDB.Tests.SlopesRepositoryTests.TestGetSlopeByNameAsyncFailsWhenNameNotExists(slopeName: &quot;slopeNameea15f2a5-83c9-4d41-8873-a48b2cbda0f5&quot;)" computerName="DESKTOP-TJ9D65N" duration="00:00:00.3625873" startTime="2022-11-03T11:22:36.8876414+03:00" endTime="2022-11-03T11:22:36.8876415+03:00" testType="13cdc9d9-ddb5-4fa4-a97d-d965ccfc6d4b" outcome="Passed" testListId="8c84fa94-04c1-424b-9868-57a2d4851a1d" relativeResultsDirectory="08fb1af0-9100-4258-9dbd-df53b038c683" />
    <UnitTestResult executionId="483f54fb-44f2-47a5-9e8b-53c3c1516300" testId="5948c1c9-dfff-ad78-2f4a-bb38d6984e75" testName="AccessToDB.Tests.LiftsSlopesRepositoryTests.TestAddLiftSlopeAsyncFailsWhenLiftSlopeIdRepeats(liftSlope: LiftSlope { RecordID = 48, LiftID = 79, SlopeID = 203 })" computerName="DESKTOP-TJ9D65N" duration="00:00:00.3939534" startTime="2022-11-03T11:22:43.4894930+03:00" endTime="2022-11-03T11:22:43.4894931+03:00" testType="13cdc9d9-ddb5-4fa4-a97d-d965ccfc6d4b" outcome="Passed" testListId="8c84fa94-04c1-424b-9868-57a2d4851a1d" relativeResultsDirectory="483f54fb-44f2-47a5-9e8b-53c3c1516300" />
  </Results>
  <TestDefinitions>
    <UnitTest name="AccessToDB.Tests.LiftsRepositoryTests.TestGetLiftByNameAsyncFailsWhenNameNotExists(liftName: &quot;liftName4a2d83ae-3a58-447e-847d-36536f4335af&quot;)" storage="/mnt/c/users/alena/desktop/7_sem/testing_and_debugging/skiresort/accesstodb.tests/bin/debug/net6.0/accesstodb.tests.dll" id="d2d9faa8-617c-53c7-6ba6-dee954eae2a7">
      <Execution id="ea435640-2a54-4a84-9228-36e0ddd7e0b8" />
      <TestMethod codeBase="/mnt/c/Users/alena/Desktop/7_sem/testing_and_debugging/SkiResort/AccessToDB.Tests/bin/Debug/net6.0/AccessToDB.Tests.dll" adapterTypeName="executor://xunit/VsTestRunner2/netcoreapp" className="AccessToDB.Tests.LiftsRepositoryTests" name="TestGetLiftByNameAsyncFailsWhenNameNotExists" />
    </UnitTest>
    <UnitTest name="AccessToDB.Tests.LiftsRepositoryTests.TestUpdateLiftByIDAsyncOk(lift: Lift { LiftID = 102, LiftName = liftName429458e9-2f85-40af-8265-db3fc9725bd3, IsOpen = True, SeatsAmount = 147, LiftingTime = 60, QueueTime = 187, ConnectedSlopes =  })" storage="/mnt/c/users/alena/desktop/7_sem/testing_and_debugging/skiresort/accesstodb.tests/bin/debug/net6.0/accesstodb.tests.dll" id="3a1c7a16-b367-ca48-681e-a40ee5da28e2">
      <Execution id="2acf3991-a03a-4ed1-a72e-fe4dfed922b5" />
      <TestMethod codeBase="/mnt/c/Users/alena/Desktop/7_sem/testing_and_debugging/SkiResort/AccessToDB.Tests/bin/Debug/net6.0/AccessToDB.Tests.dll" adapterTypeName="executor://xunit/VsTestRunner2/netcoreapp" className="AccessToDB.Tests.LiftsRepositoryTests" name="TestUpdateLiftByIDAsyncOk" />
    </UnitTest>
    <UnitTest name="AccessToDB.Tests.UsersRepositoryTests.TestCheckUserEmailExistsAsyncFalse(userEmail: &quot;userEmail3bcd0f9f-9dd9-4c1a-8395-6399ad5e8193&quot;)" storage="/mnt/c/users/alena/desktop/7_sem/testing_and_debugging/skiresort/accesstodb.tests/bin/debug/net6.0/accesstodb.tests.dll" id="a8a8ac57-83e3-4368-dbbf-10f43f2c92f2">
      <Execution id="ad4fa715-90a6-43f2-a15e-f4e73682d44d" />
      <TestMethod codeBase="/mnt/c/Users/alena/Desktop/7_sem/testing_and_debugging/SkiResort/AccessToDB.Tests/bin/Debug/net6.0/AccessToDB.Tests.dll" adapterTypeName="executor://xunit/VsTestRunner2/netcoreapp" className="AccessToDB.Tests.UsersRepositoryTests" name="TestCheckUserEmailExistsAsyncFalse" />
    </UnitTest>
    <UnitTest name="AccessToDB.Tests.UsersRepositoryTests.TestGetUsersAsyncEmpty" storage="/mnt/c/users/alena/desktop/7_sem/testing_and_debugging/skiresort/accesstodb.tests/bin/debug/net6.0/accesstodb.tests.dll" id="3741b26d-6ee0-6246-29e4-92009bff37b0">
      <Execution id="b657dfbd-9cbe-49bd-8efe-fd6c931e903b" />
      <TestMethod codeBase="/mnt/c/Users/alena/Desktop/7_sem/testing_and_debugging/SkiResort/AccessToDB.Tests/bin/Debug/net6.0/AccessToDB.Tests.dll" adapterTypeName="executor://xunit/VsTestRunner2/netcoreapp" className="AccessToDB.Tests.UsersRepositoryTests" name="TestGetUsersAsyncEmpty" />
    </UnitTest>
    <UnitTest name="AccessToDB.Tests.UsersRepositoryTests.TestCheckUserIdExistsAsyncTrue(user: User { UserID = 246, CardID = 154, UserEmail = UserEmail6a2a0764-2392-4734-8d1f-a6ef6648ab64, Password = passworda499654f-4af7-4425-a2c8-faa7e1092c83, Permissions = UNAUTHORIZED })" storage="/mnt/c/users/alena/desktop/7_sem/testing_and_debugging/skiresort/accesstodb.tests/bin/debug/net6.0/accesstodb.tests.dll" id="61db634e-827f-f580-c775-002d47bdb239">
      <Execution id="cae33db3-7c2e-432a-82c7-487921127810" />
      <TestMethod codeBase="/mnt/c/Users/alena/Desktop/7_sem/testing_and_debugging/SkiResort/AccessToDB.Tests/bin/Debug/net6.0/AccessToDB.Tests.dll" adapterTypeName="executor://xunit/VsTestRunner2/netcoreapp" className="AccessToDB.Tests.UsersRepositoryTests" name="TestCheckUserIdExistsAsyncTrue" />
    </UnitTest>
    <UnitTest name="AccessToDB.Tests.LiftsRepositoryTests.TestDeleteLiftByIDAsyncFailsWhenIDNotExists(liftID: 218)" storage="/mnt/c/users/alena/desktop/7_sem/testing_and_debugging/skiresort/accesstodb.tests/bin/debug/net6.0/accesstodb.tests.dll" id="adaeaad5-4b55-00d9-ecb0-ede3e874ec11">
      <Execution id="9dcb9d6d-19be-4274-a254-428cb15489e6" />
      <TestMethod codeBase="/mnt/c/Users/alena/Desktop/7_sem/testing_and_debugging/SkiResort/AccessToDB.Tests/bin/Debug/net6.0/AccessToDB.Tests.dll" adapterTypeName="executor://xunit/VsTestRunner2/netcoreapp" className="AccessToDB.Tests.LiftsRepositoryTests" name="TestDeleteLiftByIDAsyncFailsWhenIDNotExists" />
    </UnitTest>
    <UnitTest name="AccessToDB.Tests.UsersRepositoryTests.TestUpdateUserByIDAsyncOk(user: User { UserID = 75, CardID = 38, UserEmail = UserEmail8472bb29-1d62-4226-915f-a752b3244365, Password = passwordb8e5a591-e7ac-471f-b3e2-6eb0dc9c4292, Permissions = UNAUTHORIZED })" storage="/mnt/c/users/alena/desktop/7_sem/testing_and_debugging/skiresort/accesstodb.tests/bin/debug/net6.0/accesstodb.tests.dll" id="223e705c-fd50-a9fa-870c-3eec091bd0f9">
      <Execution id="2977a881-8c13-4804-973f-202b73f1ca75" />
      <TestMethod codeBase="/mnt/c/Users/alena/Desktop/7_sem/testing_and_debugging/SkiResort/AccessToDB.Tests/bin/Debug/net6.0/AccessToDB.Tests.dll" adapterTypeName="executor://xunit/VsTestRunner2/netcoreapp" className="AccessToDB.Tests.UsersRepositoryTests" name="TestUpdateUserByIDAsyncOk" />
    </UnitTest>
    <UnitTest name="AccessToDB.Tests.LiftsRepositoryTests.TestGetLiftByIdAsyncOk(lift: Lift { LiftID = 185, LiftName = liftNamec1f4c081-d6ce-4b19-82a1-fe66d476b305, IsOpen = True, SeatsAmount = 247, LiftingTime = 190, QueueTime = 119, ConnectedSlopes =  })" storage="/mnt/c/users/alena/desktop/7_sem/testing_and_debugging/skiresort/accesstodb.tests/bin/debug/net6.0/accesstodb.tests.dll" id="8a9edf19-d36a-65c5-1004-adaf5773b9b4">
      <Execution id="5c0fa4bf-6cfb-40e7-8ca1-f27f015dbed3" />
      <TestMethod codeBase="/mnt/c/Users/alena/Desktop/7_sem/testing_and_debugging/SkiResort/AccessToDB.Tests/bin/Debug/net6.0/AccessToDB.Tests.dll" adapterTypeName="executor://xunit/VsTestRunner2/netcoreapp" className="AccessToDB.Tests.LiftsRepositoryTests" name="TestGetLiftByIdAsyncOk" />
    </UnitTest>
    <UnitTest name="AccessToDB.Tests.TurnstilesRepositoryTests.TestAddTurnstileAutoIncrementAsyncOk" storage="/mnt/c/users/alena/desktop/7_sem/testing_and_debugging/skiresort/accesstodb.tests/bin/debug/net6.0/accesstodb.tests.dll" id="f9435956-2e34-e52b-c34e-dce53665cf8e">
      <Execution id="6a102e89-9e89-4b23-8708-321f9d2f7554" />
      <TestMethod codeBase="/mnt/c/Users/alena/Desktop/7_sem/testing_and_debugging/SkiResort/AccessToDB.Tests/bin/Debug/net6.0/AccessToDB.Tests.dll" adapterTypeName="executor://xunit/VsTestRunner2/netcoreapp" className="AccessToDB.Tests.TurnstilesRepositoryTests" name="TestAddTurnstileAutoIncrementAsyncOk" />
    </UnitTest>
    <UnitTest name="AccessToDB.Tests.TurnstilesRepositoryTests.TestDeleteTurnstileByIDAsyncFailsWhenIDNotExists(turnstileID: 159)" storage="/mnt/c/users/alena/desktop/7_sem/testing_and_debugging/skiresort/accesstodb.tests/bin/debug/net6.0/accesstodb.tests.dll" id="d7dc285d-3688-dcf2-c159-adf25d0de671">
      <Execution id="fe419457-2cdf-47a2-b291-6ad235592742" />
      <TestMethod codeBase="/mnt/c/Users/alena/Desktop/7_sem/testing_and_debugging/SkiResort/AccessToDB.Tests/bin/Debug/net6.0/AccessToDB.Tests.dll" adapterTypeName="executor://xunit/VsTestRunner2/netcoreapp" className="AccessToDB.Tests.TurnstilesRepositoryTests" name="TestDeleteTurnstileByIDAsyncFailsWhenIDNotExists" />
    </UnitTest>
    <UnitTest name="AccessToDB.Tests.LiftsSlopesRepositoryTests.TestGetLiftSlopeByIdAsyncOk(liftSlope: LiftSlope { RecordID = 144, LiftID = 128, SlopeID = 106 })" storage="/mnt/c/users/alena/desktop/7_sem/testing_and_debugging/skiresort/accesstodb.tests/bin/debug/net6.0/accesstodb.tests.dll" id="1bceba2f-00f9-11f4-eefa-2ad8af059066">
      <Execution id="9e349267-570d-4ccd-9c84-bb95f67784bc" />
      <TestMethod codeBase="/mnt/c/Users/alena/Desktop/7_sem/testing_and_debugging/SkiResort/AccessToDB.Tests/bin/Debug/net6.0/AccessToDB.Tests.dll" adapterTypeName="executor://xunit/VsTestRunner2/netcoreapp" className="AccessToDB.Tests.LiftsSlopesRepositoryTests" name="TestGetLiftSlopeByIdAsyncOk" />
    </UnitTest>
    <UnitTest name="AccessToDB.Tests.LiftsSlopesRepositoryTests.TestAddLiftSlopeAsyncFailsWhenLiftSlopeIdRepeats(liftSlope: LiftSlope { RecordID = 48, LiftID = 79, SlopeID = 203 })" storage="/mnt/c/users/alena/desktop/7_sem/testing_and_debugging/skiresort/accesstodb.tests/bin/debug/net6.0/accesstodb.tests.dll" id="5948c1c9-dfff-ad78-2f4a-bb38d6984e75">
      <Execution id="483f54fb-44f2-47a5-9e8b-53c3c1516300" />
      <TestMethod codeBase="/mnt/c/Users/alena/Desktop/7_sem/testing_and_debugging/SkiResort/AccessToDB.Tests/bin/Debug/net6.0/AccessToDB.Tests.dll" adapterTypeName="executor://xunit/VsTestRunner2/netcoreapp" className="AccessToDB.Tests.LiftsSlopesRepositoryTests" name="TestAddLiftSlopeAsyncFailsWhenLiftSlopeIdRepeats" />
    </UnitTest>
    <UnitTest name="AccessToDB.Tests.LiftsSlopesRepositoryTests.TestGetLiftSlopesAsyncEmpty" storage="/mnt/c/users/alena/desktop/7_sem/testing_and_debugging/skiresort/accesstodb.tests/bin/debug/net6.0/accesstodb.tests.dll" id="4145f44e-b4b1-a618-09e8-c631496e6f1a">
      <Execution id="c2889a71-9bc9-4a7a-9804-8a0947ff9dd4" />
      <TestMethod codeBase="/mnt/c/Users/alena/Desktop/7_sem/testing_and_debugging/SkiResort/AccessToDB.Tests/bin/Debug/net6.0/AccessToDB.Tests.dll" adapterTypeName="executor://xunit/VsTestRunner2/netcoreapp" className="AccessToDB.Tests.LiftsSlopesRepositoryTests" name="TestGetLiftSlopesAsyncEmpty" />
    </UnitTest>
    <UnitTest name="AccessToDB.Tests.SlopesRepositoryTests.TestUpdateSlopeByIDAsyncOk(slope: Slope { SlopeID = 89, SlopeName = slopeName74bd7da2-7a85-4155-9594-20618b44edff, IsOpen = True, DifficultyLevel = 135, ConnectedLifts =  })" storage="/mnt/c/users/alena/desktop/7_sem/testing_and_debugging/skiresort/accesstodb.tests/bin/debug/net6.0/accesstodb.tests.dll" id="cfb41591-d301-73e3-a604-8630d532bb91">
      <Execution id="e2e23b64-7d59-4d53-9762-ebee210b7f20" />
      <TestMethod codeBase="/mnt/c/Users/alena/Desktop/7_sem/testing_and_debugging/SkiResort/AccessToDB.Tests/bin/Debug/net6.0/AccessToDB.Tests.dll" adapterTypeName="executor://xunit/VsTestRunner2/netcoreapp" className="AccessToDB.Tests.SlopesRepositoryTests" name="TestUpdateSlopeByIDAsyncOk" />
    </UnitTest>
    <UnitTest name="AccessToDB.Tests.TurnstilesRepositoryTests.TestUpdateTurnstileByIDAsyncOk(turnstile: Turnstile { TurnstileID = 150, LiftID = 177, IsOpen = True })" storage="/mnt/c/users/alena/desktop/7_sem/testing_and_debugging/skiresort/accesstodb.tests/bin/debug/net6.0/accesstodb.tests.dll" id="7834eb93-022c-589a-1d40-6cd0d7c9c243">
      <Execution id="79eb05ee-7c5b-4dd9-a74f-074c2f8660f3" />
      <TestMethod codeBase="/mnt/c/Users/alena/Desktop/7_sem/testing_and_debugging/SkiResort/AccessToDB.Tests/bin/Debug/net6.0/AccessToDB.Tests.dll" adapterTypeName="executor://xunit/VsTestRunner2/netcoreapp" className="AccessToDB.Tests.TurnstilesRepositoryTests" name="TestUpdateTurnstileByIDAsyncOk" />
    </UnitTest>
    <UnitTest name="AccessToDB.Tests.LiftsRepositoryTests.TestAddLiftAsyncFailsWhenLiftIdRepeats(lift: Lift { LiftID = 176, LiftName = liftNamee9245300-7c22-4ac0-8e7c-d56e4bfa31b4, IsOpen = True, SeatsAmount = 84, LiftingTime = 4, QueueTime = 35, ConnectedSlopes =  })" storage="/mnt/c/users/alena/desktop/7_sem/testing_and_debugging/skiresort/accesstodb.tests/bin/debug/net6.0/accesstodb.tests.dll" id="6bcb3a17-9b7a-7d97-d26a-51ff5c7ae447">
      <Execution id="15a74e44-9c8c-4f06-9c87-c061bc624d26" />
      <TestMethod codeBase="/mnt/c/Users/alena/Desktop/7_sem/testing_and_debugging/SkiResort/AccessToDB.Tests/bin/Debug/net6.0/AccessToDB.Tests.dll" adapterTypeName="executor://xunit/VsTestRunner2/netcoreapp" className="AccessToDB.Tests.LiftsRepositoryTests" name="TestAddLiftAsyncFailsWhenLiftIdRepeats" />
    </UnitTest>
    <UnitTest name="AccessToDB.Tests.SlopesRepositoryTests.TestGetSlopeByNameAsyncFailsWhenNameNotExists(slopeName: &quot;slopeNameea15f2a5-83c9-4d41-8873-a48b2cbda0f5&quot;)" storage="/mnt/c/users/alena/desktop/7_sem/testing_and_debugging/skiresort/accesstodb.tests/bin/debug/net6.0/accesstodb.tests.dll" id="0eec1d0e-ebb1-ed60-37fa-7d1c54cf39bd">
      <Execution id="08fb1af0-9100-4258-9dbd-df53b038c683" />
      <TestMethod codeBase="/mnt/c/Users/alena/Desktop/7_sem/testing_and_debugging/SkiResort/AccessToDB.Tests/bin/Debug/net6.0/AccessToDB.Tests.dll" adapterTypeName="executor://xunit/VsTestRunner2/netcoreapp" className="AccessToDB.Tests.SlopesRepositoryTests" name="TestGetSlopeByNameAsyncFailsWhenNameNotExists" />
    </UnitTest>
    <UnitTest name="AccessToDB.Tests.SlopesRepositoryTests.TestGetSlopesAsyncEmpty" storage="/mnt/c/users/alena/desktop/7_sem/testing_and_debugging/skiresort/accesstodb.tests/bin/debug/net6.0/accesstodb.tests.dll" id="9bbefb83-8311-6e03-307f-415e3495e223">
      <Execution id="8ed276ce-fa91-43bb-9953-c2d5993b6ad6" />
      <TestMethod codeBase="/mnt/c/Users/alena/Desktop/7_sem/testing_and_debugging/SkiResort/AccessToDB.Tests/bin/Debug/net6.0/AccessToDB.Tests.dll" adapterTypeName="executor://xunit/VsTestRunner2/netcoreapp" className="AccessToDB.Tests.SlopesRepositoryTests" name="TestGetSlopesAsyncEmpty" />
    </UnitTest>
    <UnitTest name="AccessToDB.Tests.LiftsRepositoryTests.TestAddLiftAutoIncrementAsyncOk" storage="/mnt/c/users/alena/desktop/7_sem/testing_and_debugging/skiresort/accesstodb.tests/bin/debug/net6.0/accesstodb.tests.dll" id="ec229f70-485a-f91b-53ed-bce655f6cd58">
      <Execution id="05483109-79c2-48ca-9dc4-4ae95496d062" />
      <TestMethod codeBase="/mnt/c/Users/alena/Desktop/7_sem/testing_and_debugging/SkiResort/AccessToDB.Tests/bin/Debug/net6.0/AccessToDB.Tests.dll" adapterTypeName="executor://xunit/VsTestRunner2/netcoreapp" className="AccessToDB.Tests.LiftsRepositoryTests" name="TestAddLiftAutoIncrementAsyncOk" />
    </UnitTest>
    <UnitTest name="AccessToDB.Tests.UsersRepositoryTests.TestGetUserByIdAsyncOk(user: User { UserID = 74, CardID = 216, UserEmail = UserEmaile3cae83b-f60e-4c77-89c1-e547496f2e04, Password = passworda09dcf2c-bfa0-466b-aa0c-9cd397fa0041, Permissions = UNAUTHORIZED })" storage="/mnt/c/users/alena/desktop/7_sem/testing_and_debugging/skiresort/accesstodb.tests/bin/debug/net6.0/accesstodb.tests.dll" id="7f3fed2d-b802-2b9f-e3a5-a53028ef25f8">
      <Execution id="952a46ed-e762-4d27-b58c-38e725d5dc2a" />
      <TestMethod codeBase="/mnt/c/Users/alena/Desktop/7_sem/testing_and_debugging/SkiResort/AccessToDB.Tests/bin/Debug/net6.0/AccessToDB.Tests.dll" adapterTypeName="executor://xunit/VsTestRunner2/netcoreapp" className="AccessToDB.Tests.UsersRepositoryTests" name="TestGetUserByIdAsyncOk" />
    </UnitTest>
    <UnitTest name="AccessToDB.Tests.TurnstilesRepositoryTests.TestGetTurnstilesAsyncEmpty" storage="/mnt/c/users/alena/desktop/7_sem/testing_and_debugging/skiresort/accesstodb.tests/bin/debug/net6.0/accesstodb.tests.dll" id="3c521313-4ed6-6bce-b4f9-c359411028e7">
      <Execution id="837e81d5-f0ad-4434-9ac1-9ea143a88d92" />
      <TestMethod codeBase="/mnt/c/Users/alena/Desktop/7_sem/testing_and_debugging/SkiResort/AccessToDB.Tests/bin/Debug/net6.0/AccessToDB.Tests.dll" adapterTypeName="executor://xunit/VsTestRunner2/netcoreapp" className="AccessToDB.Tests.TurnstilesRepositoryTests" name="TestGetTurnstilesAsyncEmpty" />
    </UnitTest>
    <UnitTest name="AccessToDB.Tests.SlopesRepositoryTests.TestGetSlopeByIdAsyncOk(slope: Slope { SlopeID = 15, SlopeName = slopeName74157e83-5688-4db5-a021-bc126acedb2e, IsOpen = True, DifficultyLevel = 192, ConnectedLifts =  })" storage="/mnt/c/users/alena/desktop/7_sem/testing_and_debugging/skiresort/accesstodb.tests/bin/debug/net6.0/accesstodb.tests.dll" id="b303168e-65a1-e603-ae47-d07be8daebf7">
      <Execution id="f044bd54-1985-45af-90a5-8866c01f9cc5" />
      <TestMethod codeBase="/mnt/c/Users/alena/Desktop/7_sem/testing_and_debugging/SkiResort/AccessToDB.Tests/bin/Debug/net6.0/AccessToDB.Tests.dll" adapterTypeName="executor://xunit/VsTestRunner2/netcoreapp" className="AccessToDB.Tests.SlopesRepositoryTests" name="TestGetSlopeByIdAsyncOk" />
    </UnitTest>
    <UnitTest name="AccessToDB.Tests.LiftsSlopesRepositoryTests.TestDeleteLiftSlopesByIDsAsyncOk(liftSlope: LiftSlope { RecordID = 155, LiftID = 95, SlopeID = 189 })" storage="/mnt/c/users/alena/desktop/7_sem/testing_and_debugging/skiresort/accesstodb.tests/bin/debug/net6.0/accesstodb.tests.dll" id="1b8ebf9c-8cd9-c603-d0f8-2953d708df1a">
      <Execution id="aeacd98e-37e7-4b39-9b5f-c405b0eace7f" />
      <TestMethod codeBase="/mnt/c/Users/alena/Desktop/7_sem/testing_and_debugging/SkiResort/AccessToDB.Tests/bin/Debug/net6.0/AccessToDB.Tests.dll" adapterTypeName="executor://xunit/VsTestRunner2/netcoreapp" className="AccessToDB.Tests.LiftsSlopesRepositoryTests" name="TestDeleteLiftSlopesByIDsAsyncOk" />
    </UnitTest>
    <UnitTest name="AccessToDB.Tests.TurnstilesRepositoryTests.TestAddTurnstileAsyncFailsWhenTurnstileIdRepeats(turnstile: Turnstile { TurnstileID = 122, LiftID = 7, IsOpen = True })" storage="/mnt/c/users/alena/desktop/7_sem/testing_and_debugging/skiresort/accesstodb.tests/bin/debug/net6.0/accesstodb.tests.dll" id="847fd9f2-d819-3537-7d90-c66cea7fa7c3">
      <Execution id="0a46e8a6-8489-402a-8086-8408205531e5" />
      <TestMethod codeBase="/mnt/c/Users/alena/Desktop/7_sem/testing_and_debugging/SkiResort/AccessToDB.Tests/bin/Debug/net6.0/AccessToDB.Tests.dll" adapterTypeName="executor://xunit/VsTestRunner2/netcoreapp" className="AccessToDB.Tests.TurnstilesRepositoryTests" name="TestAddTurnstileAsyncFailsWhenTurnstileIdRepeats" />
    </UnitTest>
    <UnitTest name="AccessToDB.Tests.LiftsSlopesRepositoryTests.TestAddLiftSlopeAutoIncrementAsyncOk" storage="/mnt/c/users/alena/desktop/7_sem/testing_and_debugging/skiresort/accesstodb.tests/bin/debug/net6.0/accesstodb.tests.dll" id="30f8e924-9784-0a43-e807-094f70e06567">
      <Execution id="f119bbce-46f9-44d5-99d4-d03bd782c902" />
      <TestMethod codeBase="/mnt/c/Users/alena/Desktop/7_sem/testing_and_debugging/SkiResort/AccessToDB.Tests/bin/Debug/net6.0/AccessToDB.Tests.dll" adapterTypeName="executor://xunit/VsTestRunner2/netcoreapp" className="AccessToDB.Tests.LiftsSlopesRepositoryTests" name="TestAddLiftSlopeAutoIncrementAsyncOk" />
    </UnitTest>
    <UnitTest name="AccessToDB.Tests.UsersRepositoryTests.TestDeleteUserByIDAsyncFailsWhenIDNotExists(userID: 13)" storage="/mnt/c/users/alena/desktop/7_sem/testing_and_debugging/skiresort/accesstodb.tests/bin/debug/net6.0/accesstodb.tests.dll" id="33c02f06-c858-05f2-702d-6c7179ddbdbc">
      <Execution id="5f07e9b2-b936-41ac-8d83-d63670b02310" />
      <TestMethod codeBase="/mnt/c/Users/alena/Desktop/7_sem/testing_and_debugging/SkiResort/AccessToDB.Tests/bin/Debug/net6.0/AccessToDB.Tests.dll" adapterTypeName="executor://xunit/VsTestRunner2/netcoreapp" className="AccessToDB.Tests.UsersRepositoryTests" name="TestDeleteUserByIDAsyncFailsWhenIDNotExists" />
    </UnitTest>
    <UnitTest name="AccessToDB.Tests.TurnstilesRepositoryTests.TestGetTurnstileByIdAsyncOk(turnstile: Turnstile { TurnstileID = 33, LiftID = 113, IsOpen = True })" storage="/mnt/c/users/alena/desktop/7_sem/testing_and_debugging/skiresort/accesstodb.tests/bin/debug/net6.0/accesstodb.tests.dll" id="f6fdf8bc-bea3-4d1b-dcd7-1720cc1f0aa9">
      <Execution id="256319be-79e2-4125-b3e8-f9f532626e0d" />
      <TestMethod codeBase="/mnt/c/Users/alena/Desktop/7_sem/testing_and_debugging/SkiResort/AccessToDB.Tests/bin/Debug/net6.0/AccessToDB.Tests.dll" adapterTypeName="executor://xunit/VsTestRunner2/netcoreapp" className="AccessToDB.Tests.TurnstilesRepositoryTests" name="TestGetTurnstileByIdAsyncOk" />
    </UnitTest>
    <UnitTest name="AccessToDB.Tests.SlopesRepositoryTests.TestAddSlopeAsyncFailsWhenSlopeIdRepeats(slope: Slope { SlopeID = 239, SlopeName = slopeNameee0e2e7f-fc5b-4bdb-99dc-b51201771890, IsOpen = True, DifficultyLevel = 109, ConnectedLifts =  })" storage="/mnt/c/users/alena/desktop/7_sem/testing_and_debugging/skiresort/accesstodb.tests/bin/debug/net6.0/accesstodb.tests.dll" id="47a7e65d-7174-5640-7949-c35f6869f7bc">
      <Execution id="3a6984c3-ea6d-4e24-9231-697f61cc91ed" />
      <TestMethod codeBase="/mnt/c/Users/alena/Desktop/7_sem/testing_and_debugging/SkiResort/AccessToDB.Tests/bin/Debug/net6.0/AccessToDB.Tests.dll" adapterTypeName="executor://xunit/VsTestRunner2/netcoreapp" className="AccessToDB.Tests.SlopesRepositoryTests" name="TestAddSlopeAsyncFailsWhenSlopeIdRepeats" />
    </UnitTest>
    <UnitTest name="AccessToDB.Tests.LiftsSlopesRepositoryTests.TestDeleteLiftSlopeByIDAsyncFailsWhenIDNotExists(liftSlopeID: 217)" storage="/mnt/c/users/alena/desktop/7_sem/testing_and_debugging/skiresort/accesstodb.tests/bin/debug/net6.0/accesstodb.tests.dll" id="2f975743-15e9-e34a-f183-83b8b4355897">
      <Execution id="d8594c52-e455-49b7-ae99-04164086b33d" />
      <TestMethod codeBase="/mnt/c/Users/alena/Desktop/7_sem/testing_and_debugging/SkiResort/AccessToDB.Tests/bin/Debug/net6.0/AccessToDB.Tests.dll" adapterTypeName="executor://xunit/VsTestRunner2/netcoreapp" className="AccessToDB.Tests.LiftsSlopesRepositoryTests" name="TestDeleteLiftSlopeByIDAsyncFailsWhenIDNotExists" />
    </UnitTest>
    <UnitTest name="AccessToDB.Tests.SlopesRepositoryTests.TestDeleteSlopeByIDAsyncFailsWhenIDNotExists(slopeID: 52)" storage="/mnt/c/users/alena/desktop/7_sem/testing_and_debugging/skiresort/accesstodb.tests/bin/debug/net6.0/accesstodb.tests.dll" id="f9169c9d-ee2e-5a82-458f-c89e6738fa62">
      <Execution id="24b0619a-daa3-449d-a1d1-bb9ac50135b3" />
      <TestMethod codeBase="/mnt/c/Users/alena/Desktop/7_sem/testing_and_debugging/SkiResort/AccessToDB.Tests/bin/Debug/net6.0/AccessToDB.Tests.dll" adapterTypeName="executor://xunit/VsTestRunner2/netcoreapp" className="AccessToDB.Tests.SlopesRepositoryTests" name="TestDeleteSlopeByIDAsyncFailsWhenIDNotExists" />
    </UnitTest>
    <UnitTest name="AccessToDB.Tests.UsersRepositoryTests.TestAddUserAutoIncrementAsyncOk" storage="/mnt/c/users/alena/desktop/7_sem/testing_and_debugging/skiresort/accesstodb.tests/bin/debug/net6.0/accesstodb.tests.dll" id="e75bb6e2-88d9-af2a-a444-c4a9d67f0f0e">
      <Execution id="06feeb7e-1966-4d2c-85ed-e89a0b51c303" />
      <TestMethod codeBase="/mnt/c/Users/alena/Desktop/7_sem/testing_and_debugging/SkiResort/AccessToDB.Tests/bin/Debug/net6.0/AccessToDB.Tests.dll" adapterTypeName="executor://xunit/VsTestRunner2/netcoreapp" className="AccessToDB.Tests.UsersRepositoryTests" name="TestAddUserAutoIncrementAsyncOk" />
    </UnitTest>
    <UnitTest name="AccessToDB.Tests.SlopesRepositoryTests.TestAddSlopeAutoIncrementAsyncOk" storage="/mnt/c/users/alena/desktop/7_sem/testing_and_debugging/skiresort/accesstodb.tests/bin/debug/net6.0/accesstodb.tests.dll" id="8f7ba917-f771-0dc5-f9b9-465c34344b12">
      <Execution id="a9f42c8b-df89-4101-911a-df334c3c5d65" />
      <TestMethod codeBase="/mnt/c/Users/alena/Desktop/7_sem/testing_and_debugging/SkiResort/AccessToDB.Tests/bin/Debug/net6.0/AccessToDB.Tests.dll" adapterTypeName="executor://xunit/VsTestRunner2/netcoreapp" className="AccessToDB.Tests.SlopesRepositoryTests" name="TestAddSlopeAutoIncrementAsyncOk" />
    </UnitTest>
    <UnitTest name="AccessToDB.Tests.UsersRepositoryTests.TestGetUserByEmailAsyncFailsWhenEmailNotExists(email: &quot;emailda36f40c-eebc-430e-a1e7-a992bf843ed3&quot;)" storage="/mnt/c/users/alena/desktop/7_sem/testing_and_debugging/skiresort/accesstodb.tests/bin/debug/net6.0/accesstodb.tests.dll" id="4254338f-32fb-39c8-069b-b3b0c46778d5">
      <Execution id="5f935caa-e7f2-419f-9133-742b591f8f29" />
      <TestMethod codeBase="/mnt/c/Users/alena/Desktop/7_sem/testing_and_debugging/SkiResort/AccessToDB.Tests/bin/Debug/net6.0/AccessToDB.Tests.dll" adapterTypeName="executor://xunit/VsTestRunner2/netcoreapp" className="AccessToDB.Tests.UsersRepositoryTests" name="TestGetUserByEmailAsyncFailsWhenEmailNotExists" />
    </UnitTest>
    <UnitTest name="AccessToDB.Tests.TurnstilesRepositoryTests.TestGetTurnstilesByLiftIdAsyncOk(liftID: 212)" storage="/mnt/c/users/alena/desktop/7_sem/testing_and_debugging/skiresort/accesstodb.tests/bin/debug/net6.0/accesstodb.tests.dll" id="15f35765-aa4e-46e8-752f-b035d429e412">
      <Execution id="22457ff9-daf1-49d7-8584-a609470b9ccc" />
      <TestMethod codeBase="/mnt/c/Users/alena/Desktop/7_sem/testing_and_debugging/SkiResort/AccessToDB.Tests/bin/Debug/net6.0/AccessToDB.Tests.dll" adapterTypeName="executor://xunit/VsTestRunner2/netcoreapp" className="AccessToDB.Tests.TurnstilesRepositoryTests" name="TestGetTurnstilesByLiftIdAsyncOk" />
    </UnitTest>
    <UnitTest name="AccessToDB.Tests.LiftsSlopesRepositoryTests.TestGetLiftsBySlopeIdAsyncOk(slope1: Slope { SlopeID = 219, SlopeName = slopeName434898ca-880f-4620-8680-57751bced7f0, IsOpen = True, DifficultyLevel = 236, ConnectedLifts =  }, slope2: Slope { SlopeID = 242, SlopeName = slopeName9dfaaa64-ced9-402a-81aa-afa0fb9b7152, IsOpen = False, DifficultyLevel = 24, ConnectedLifts =  }, lift1: Lift { LiftID = 200, LiftName = liftName48a69e4a-0567-42f2-93c2-59..." storage="/mnt/c/users/alena/desktop/7_sem/testing_and_debugging/skiresort/accesstodb.tests/bin/debug/net6.0/accesstodb.tests.dll" id="98e4c667-7e8c-3358-4397-2b82f7ee318e">
      <Execution id="21297b4a-3d47-4fb1-9071-3b3c59b04cc3" />
      <TestMethod codeBase="/mnt/c/Users/alena/Desktop/7_sem/testing_and_debugging/SkiResort/AccessToDB.Tests/bin/Debug/net6.0/AccessToDB.Tests.dll" adapterTypeName="executor://xunit/VsTestRunner2/netcoreapp" className="AccessToDB.Tests.LiftsSlopesRepositoryTests" name="TestGetLiftsBySlopeIdAsyncOk" />
    </UnitTest>
    <UnitTest name="AccessToDB.Tests.LiftsRepositoryTests.TestGetLiftsAsyncEmpty" storage="/mnt/c/users/alena/desktop/7_sem/testing_and_debugging/skiresort/accesstodb.tests/bin/debug/net6.0/accesstodb.tests.dll" id="607e8298-f113-be33-300e-15a343893443">
      <Execution id="620f2508-5a4f-423c-a28e-b0da2847ac81" />
      <TestMethod codeBase="/mnt/c/Users/alena/Desktop/7_sem/testing_and_debugging/SkiResort/AccessToDB.Tests/bin/Debug/net6.0/AccessToDB.Tests.dll" adapterTypeName="executor://xunit/VsTestRunner2/netcoreapp" className="AccessToDB.Tests.LiftsRepositoryTests" name="TestGetLiftsAsyncEmpty" />
    </UnitTest>
    <UnitTest name="AccessToDB.Tests.LiftsSlopesRepositoryTests.TestUpdateLiftSlopeByIDAsyncOk(liftSlope: LiftSlope { RecordID = 145, LiftID = 173, SlopeID = 85 })" storage="/mnt/c/users/alena/desktop/7_sem/testing_and_debugging/skiresort/accesstodb.tests/bin/debug/net6.0/accesstodb.tests.dll" id="d42e5108-d0c6-ca9f-5840-5f078f265884">
      <Execution id="593e0f02-aa31-40e6-819a-43c3e63d1e68" />
      <TestMethod codeBase="/mnt/c/Users/alena/Desktop/7_sem/testing_and_debugging/SkiResort/AccessToDB.Tests/bin/Debug/net6.0/AccessToDB.Tests.dll" adapterTypeName="executor://xunit/VsTestRunner2/netcoreapp" className="AccessToDB.Tests.LiftsSlopesRepositoryTests" name="TestUpdateLiftSlopeByIDAsyncOk" />
    </UnitTest>
    <UnitTest name="AccessToDB.Tests.UsersRepositoryTests.TestAddUserAsyncFailsWhenUserIdRepeats(user: User { UserID = 230, CardID = 62, UserEmail = UserEmaild5c48a2a-dc0f-4101-a6ed-772b8dd9009c, Password = password0d180434-44ea-411d-b655-99ff6fe9b457, Permissions = UNAUTHORIZED })" storage="/mnt/c/users/alena/desktop/7_sem/testing_and_debugging/skiresort/accesstodb.tests/bin/debug/net6.0/accesstodb.tests.dll" id="5260a711-8f8e-7e43-93fd-6d2aa6ce99ec">
      <Execution id="43e8f8ed-56aa-41ae-a47f-827d4718942b" />
      <TestMethod codeBase="/mnt/c/Users/alena/Desktop/7_sem/testing_and_debugging/SkiResort/AccessToDB.Tests/bin/Debug/net6.0/AccessToDB.Tests.dll" adapterTypeName="executor://xunit/VsTestRunner2/netcoreapp" className="AccessToDB.Tests.UsersRepositoryTests" name="TestAddUserAsyncFailsWhenUserIdRepeats" />
    </UnitTest>
    <UnitTest name="AccessToDB.Tests.LiftsSlopesRepositoryTests.TestGetSlopesByLiftIdAsyncFailsWhenSlopeNotExists(liftSlope: LiftSlope { RecordID = 182, LiftID = 118, SlopeID = 132 })" storage="/mnt/c/users/alena/desktop/7_sem/testing_and_debugging/skiresort/accesstodb.tests/bin/debug/net6.0/accesstodb.tests.dll" id="4ab584f4-037c-b051-615e-20b197494796">
      <Execution id="801c660f-b49c-443f-b36a-4bd1607abb56" />
      <TestMethod codeBase="/mnt/c/Users/alena/Desktop/7_sem/testing_and_debugging/SkiResort/AccessToDB.Tests/bin/Debug/net6.0/AccessToDB.Tests.dll" adapterTypeName="executor://xunit/VsTestRunner2/netcoreapp" className="AccessToDB.Tests.LiftsSlopesRepositoryTests" name="TestGetSlopesByLiftIdAsyncFailsWhenSlopeNotExists" />
    </UnitTest>
  </TestDefinitions>
  <TestEntries>
    <TestEntry testId="6bcb3a17-9b7a-7d97-d26a-51ff5c7ae447" executionId="15a74e44-9c8c-4f06-9c87-c061bc624d26" testListId="8c84fa94-04c1-424b-9868-57a2d4851a1d" />
    <TestEntry testId="1b8ebf9c-8cd9-c603-d0f8-2953d708df1a" executionId="aeacd98e-37e7-4b39-9b5f-c405b0eace7f" testListId="8c84fa94-04c1-424b-9868-57a2d4851a1d" />
    <TestEntry testId="847fd9f2-d819-3537-7d90-c66cea7fa7c3" executionId="0a46e8a6-8489-402a-8086-8408205531e5" testListId="8c84fa94-04c1-424b-9868-57a2d4851a1d" />
    <TestEntry testId="4145f44e-b4b1-a618-09e8-c631496e6f1a" executionId="c2889a71-9bc9-4a7a-9804-8a0947ff9dd4" testListId="8c84fa94-04c1-424b-9868-57a2d4851a1d" />
    <TestEntry testId="223e705c-fd50-a9fa-870c-3eec091bd0f9" executionId="2977a881-8c13-4804-973f-202b73f1ca75" testListId="8c84fa94-04c1-424b-9868-57a2d4851a1d" />
    <TestEntry testId="cfb41591-d301-73e3-a604-8630d532bb91" executionId="e2e23b64-7d59-4d53-9762-ebee210b7f20" testListId="8c84fa94-04c1-424b-9868-57a2d4851a1d" />
    <TestEntry testId="5260a711-8f8e-7e43-93fd-6d2aa6ce99ec" executionId="43e8f8ed-56aa-41ae-a47f-827d4718942b" testListId="8c84fa94-04c1-424b-9868-57a2d4851a1d" />
    <TestEntry testId="e75bb6e2-88d9-af2a-a444-c4a9d67f0f0e" executionId="06feeb7e-1966-4d2c-85ed-e89a0b51c303" testListId="8c84fa94-04c1-424b-9868-57a2d4851a1d" />
    <TestEntry testId="7834eb93-022c-589a-1d40-6cd0d7c9c243" executionId="79eb05ee-7c5b-4dd9-a74f-074c2f8660f3" testListId="8c84fa94-04c1-424b-9868-57a2d4851a1d" />
    <TestEntry testId="15f35765-aa4e-46e8-752f-b035d429e412" executionId="22457ff9-daf1-49d7-8584-a609470b9ccc" testListId="8c84fa94-04c1-424b-9868-57a2d4851a1d" />
    <TestEntry testId="2f975743-15e9-e34a-f183-83b8b4355897" executionId="d8594c52-e455-49b7-ae99-04164086b33d" testListId="8c84fa94-04c1-424b-9868-57a2d4851a1d" />
    <TestEntry testId="1bceba2f-00f9-11f4-eefa-2ad8af059066" executionId="9e349267-570d-4ccd-9c84-bb95f67784bc" testListId="8c84fa94-04c1-424b-9868-57a2d4851a1d" />
    <TestEntry testId="8a9edf19-d36a-65c5-1004-adaf5773b9b4" executionId="5c0fa4bf-6cfb-40e7-8ca1-f27f015dbed3" testListId="8c84fa94-04c1-424b-9868-57a2d4851a1d" />
    <TestEntry testId="3a1c7a16-b367-ca48-681e-a40ee5da28e2" executionId="2acf3991-a03a-4ed1-a72e-fe4dfed922b5" testListId="8c84fa94-04c1-424b-9868-57a2d4851a1d" />
    <TestEntry testId="33c02f06-c858-05f2-702d-6c7179ddbdbc" executionId="5f07e9b2-b936-41ac-8d83-d63670b02310" testListId="8c84fa94-04c1-424b-9868-57a2d4851a1d" />
    <TestEntry testId="f6fdf8bc-bea3-4d1b-dcd7-1720cc1f0aa9" executionId="256319be-79e2-4125-b3e8-f9f532626e0d" testListId="8c84fa94-04c1-424b-9868-57a2d4851a1d" />
    <TestEntry testId="f9435956-2e34-e52b-c34e-dce53665cf8e" executionId="6a102e89-9e89-4b23-8708-321f9d2f7554" testListId="8c84fa94-04c1-424b-9868-57a2d4851a1d" />
    <TestEntry testId="adaeaad5-4b55-00d9-ecb0-ede3e874ec11" executionId="9dcb9d6d-19be-4274-a254-428cb15489e6" testListId="8c84fa94-04c1-424b-9868-57a2d4851a1d" />
    <TestEntry testId="61db634e-827f-f580-c775-002d47bdb239" executionId="cae33db3-7c2e-432a-82c7-487921127810" testListId="8c84fa94-04c1-424b-9868-57a2d4851a1d" />
    <TestEntry testId="98e4c667-7e8c-3358-4397-2b82f7ee318e" executionId="21297b4a-3d47-4fb1-9071-3b3c59b04cc3" testListId="8c84fa94-04c1-424b-9868-57a2d4851a1d" />
    <TestEntry testId="4254338f-32fb-39c8-069b-b3b0c46778d5" executionId="5f935caa-e7f2-419f-9133-742b591f8f29" testListId="8c84fa94-04c1-424b-9868-57a2d4851a1d" />
    <TestEntry testId="3741b26d-6ee0-6246-29e4-92009bff37b0" executionId="b657dfbd-9cbe-49bd-8efe-fd6c931e903b" testListId="8c84fa94-04c1-424b-9868-57a2d4851a1d" />
    <TestEntry testId="30f8e924-9784-0a43-e807-094f70e06567" executionId="f119bbce-46f9-44d5-99d4-d03bd782c902" testListId="8c84fa94-04c1-424b-9868-57a2d4851a1d" />
    <TestEntry testId="d2d9faa8-617c-53c7-6ba6-dee954eae2a7" executionId="ea435640-2a54-4a84-9228-36e0ddd7e0b8" testListId="8c84fa94-04c1-424b-9868-57a2d4851a1d" />
    <TestEntry testId="47a7e65d-7174-5640-7949-c35f6869f7bc" executionId="3a6984c3-ea6d-4e24-9231-697f61cc91ed" testListId="8c84fa94-04c1-424b-9868-57a2d4851a1d" />
    <TestEntry testId="b303168e-65a1-e603-ae47-d07be8daebf7" executionId="f044bd54-1985-45af-90a5-8866c01f9cc5" testListId="8c84fa94-04c1-424b-9868-57a2d4851a1d" />
    <TestEntry testId="d42e5108-d0c6-ca9f-5840-5f078f265884" executionId="593e0f02-aa31-40e6-819a-43c3e63d1e68" testListId="8c84fa94-04c1-424b-9868-57a2d4851a1d" />
    <TestEntry testId="f9169c9d-ee2e-5a82-458f-c89e6738fa62" executionId="24b0619a-daa3-449d-a1d1-bb9ac50135b3" testListId="8c84fa94-04c1-424b-9868-57a2d4851a1d" />
    <TestEntry testId="d7dc285d-3688-dcf2-c159-adf25d0de671" executionId="fe419457-2cdf-47a2-b291-6ad235592742" testListId="8c84fa94-04c1-424b-9868-57a2d4851a1d" />
    <TestEntry testId="3c521313-4ed6-6bce-b4f9-c359411028e7" executionId="837e81d5-f0ad-4434-9ac1-9ea143a88d92" testListId="8c84fa94-04c1-424b-9868-57a2d4851a1d" />
    <TestEntry testId="ec229f70-485a-f91b-53ed-bce655f6cd58" executionId="05483109-79c2-48ca-9dc4-4ae95496d062" testListId="8c84fa94-04c1-424b-9868-57a2d4851a1d" />
    <TestEntry testId="607e8298-f113-be33-300e-15a343893443" executionId="620f2508-5a4f-423c-a28e-b0da2847ac81" testListId="8c84fa94-04c1-424b-9868-57a2d4851a1d" />
    <TestEntry testId="7f3fed2d-b802-2b9f-e3a5-a53028ef25f8" executionId="952a46ed-e762-4d27-b58c-38e725d5dc2a" testListId="8c84fa94-04c1-424b-9868-57a2d4851a1d" />
    <TestEntry testId="4ab584f4-037c-b051-615e-20b197494796" executionId="801c660f-b49c-443f-b36a-4bd1607abb56" testListId="8c84fa94-04c1-424b-9868-57a2d4851a1d" />
    <TestEntry testId="9bbefb83-8311-6e03-307f-415e3495e223" executionId="8ed276ce-fa91-43bb-9953-c2d5993b6ad6" testListId="8c84fa94-04c1-424b-9868-57a2d4851a1d" />
    <TestEntry testId="8f7ba917-f771-0dc5-f9b9-465c34344b12" executionId="a9f42c8b-df89-4101-911a-df334c3c5d65" testListId="8c84fa94-04c1-424b-9868-57a2d4851a1d" />
    <TestEntry testId="a8a8ac57-83e3-4368-dbbf-10f43f2c92f2" executionId="ad4fa715-90a6-43f2-a15e-f4e73682d44d" testListId="8c84fa94-04c1-424b-9868-57a2d4851a1d" />
    <TestEntry testId="0eec1d0e-ebb1-ed60-37fa-7d1c54cf39bd" executionId="08fb1af0-9100-4258-9dbd-df53b038c683" testListId="8c84fa94-04c1-424b-9868-57a2d4851a1d" />
    <TestEntry testId="5948c1c9-dfff-ad78-2f4a-bb38d6984e75" executionId="483f54fb-44f2-47a5-9e8b-53c3c1516300" testListId="8c84fa94-04c1-424b-9868-57a2d4851a1d" />
  </TestEntries>
  <TestLists>
    <TestList name="Results Not in a List" id="8c84fa94-04c1-424b-9868-57a2d4851a1d" />
    <TestList name="All Loaded Results" id="19431567-8539-422a-85d7-44ee4e166bda" />
  </TestLists>
  <ResultSummary outcome="Failed">
    <Counters total="39" executed="39" passed="38" failed="1" error="0" timeout="0" aborted="0" inconclusive="0" passedButRunAborted="0" notRunnable="0" notExecuted="0" disconnected="0" warning="0" completed="0" inProgress="0" pending="0" />
    <Output>
      <StdOut>[xUnit.net 00:00:00.00] xUnit.net VSTest Adapter v2.4.5+1caef2f33e (64-bit .NET 6.0.10)
[xUnit.net 00:00:00.96]   Discovering: AccessToDB.Tests
[xUnit.net 00:00:01.09]   Discovered:  AccessToDB.Tests
[xUnit.net 00:00:01.09]   Starting:    AccessToDB.Tests
[xUnit.net 00:00:06.49]       System.InvalidOperationException : Operations that change non-concurrent collections must have exclusive access. A concurrent update was performed on this collection and corrupted its state. The collection's state is no longer correct.
[xUnit.net 00:00:06.49]       Stack Trace:
[xUnit.net 00:00:06.49]            at System.Collections.Generic.Dictionary`2.FindValue(TKey key)
[xUnit.net 00:00:06.50]            at System.Collections.Generic.Dictionary`2.TryGetValue(TKey key, TValue&amp; value)
[xUnit.net 00:00:06.50]            at ProGaudi.MsgPack.Light.MsgPackContext.GetObjectActivator(Type type)
[xUnit.net 00:00:06.50]            at ProGaudi.MsgPack.Light.MsgPackContext.&lt;&gt;c__DisplayClass27_0.&lt;TryGenerateArrayConverter&gt;b__0(Type x)
[xUnit.net 00:00:06.50]            at ProGaudi.MsgPack.Light.MsgPackContext.TryGenerateArrayConverter(Type type)
[xUnit.net 00:00:06.50]            at ProGaudi.MsgPack.Light.MsgPackContext.GetConverter[T]()
[xUnit.net 00:00:06.50]            at ProGaudi.Tarantool.Client.Converters.ResponsePacketConverter`1.Initialize(MsgPackContext context)
[xUnit.net 00:00:06.50]            at ProGaudi.MsgPack.Light.MsgPackContext.CreateAndInializeConverter(Func`1 converterActivator)
[xUnit.net 00:00:06.50]            at ProGaudi.MsgPack.Light.MsgPackContext.TryGenerateConverterFromGenericConverter(Type type)
[xUnit.net 00:00:06.50]            at ProGaudi.MsgPack.Light.MsgPackContext.GetConverter[T]()
[xUnit.net 00:00:06.50]            at ProGaudi.MsgPack.Light.MsgPackSerializer.GetConverter[T](MsgPackContext context)
[xUnit.net 00:00:06.50]            at ProGaudi.MsgPack.Light.MsgPackSerializer.Deserialize[T](MemoryStream stream, MsgPackContext context)
[xUnit.net 00:00:06.50]            at ProGaudi.Tarantool.Client.LogicalConnection.SendRequest[TRequest,TResponse](TRequest request, Nullable`1 timeout)
[xUnit.net 00:00:06.50]            at ProGaudi.Tarantool.Client.LogicalConnectionManager.SendRequest[TRequest,TResponse](TRequest request, Nullable`1 timeout)
[xUnit.net 00:00:06.50]            at ProGaudi.Tarantool.Client.Index.Select[TKey,TTuple](TKey key, SelectOptions options)
[xUnit.net 00:00:06.50]         /mnt/c/Users/alena/Desktop/7_sem/testing_and_debugging/SkiResort/AccessToDB/TarantoolRepositories/TarantoolSlopesRepository.cs(36,0): at AccessToDB.RepositoriesTarantool.TarantoolSlopesRepository.GetSlopesAsync(UInt32 offset, UInt32 limit)
[xUnit.net 00:00:06.50]         /mnt/c/Users/alena/Desktop/7_sem/testing_and_debugging/SkiResort/AccessToDB.Tests/SlopesRepositoryTests.cs(40,0): at AccessToDB.Tests.SlopesRepositoryTests.CleanSlopesTable()
[xUnit.net 00:00:06.50]         /mnt/c/Users/alena/Desktop/7_sem/testing_and_debugging/SkiResort/AccessToDB.Tests/SlopesRepositoryTests.cs(30,0): at AccessToDB.Tests.SlopesRepositoryTests..ctor()
[xUnit.net 00:00:06.50]            at System.RuntimeType.CreateInstanceDefaultCtor(Boolean publicOnly, Boolean wrapExceptions)
[xUnit.net 00:00:17.10]   Finished:    AccessToDB.Tests
</StdOut>
    </Output>
    <RunInfos>
      <RunInfo computerName="DESKTOP-TJ9D65N" outcome="Error" timestamp="2022-11-03T11:22:35.7040398+03:00">
        <Text>[xUnit.net 00:00:06.49]     AccessToDB.Tests.SlopesRepositoryTests.TestAddSlopeAutoIncrementAsyncOk [FAIL]</Text>
      </RunInfo>
    </RunInfos>
  </ResultSummary>
</TestRun>