<?xml version="1.0" encoding="utf-8"?>
<TestRun id="5a394c09-9fa4-48f4-8f47-c7c63e2a5997" name="@DESKTOP-TJ9D65N 2022-10-15 23:26:03" xmlns="http://microsoft.com/schemas/VisualStudio/TeamTest/2010">
  <Times creation="2022-10-15T23:26:03.5044915+03:00" queuing="2022-10-15T23:26:03.5044915+03:00" start="2022-10-15T23:25:59.6375057+03:00" finish="2022-10-15T23:26:17.6611128+03:00" />
  <TestSettings name="default" id="89ee369f-6b03-438c-9aa6-cae24541a589">
    <Deployment runDeploymentRoot="_DESKTOP-TJ9D65N_2022-10-15_23_26_03" />
  </TestSettings>
  <Results>
    <UnitTestResult executionId="4c6edb63-6ca1-41df-b009-9a8e8800581f" testId="f29e54f8-394c-a596-1e08-8c53b90bf472" testName="AccessToDB.Tests.TurnstilesRepositoryTests.TestAddTurnstileAsyncFailsWhenTurnstileIdRepeats(turnstile: Turnstile { TurnstileID = 54, LiftID = 20, IsOpen = True })" computerName="DESKTOP-TJ9D65N" duration="00:00:00.3905602" startTime="2022-10-15T23:26:03.3844495+03:00" endTime="2022-10-15T23:26:03.3844496+03:00" testType="13cdc9d9-ddb5-4fa4-a97d-d965ccfc6d4b" outcome="Passed" testListId="8c84fa94-04c1-424b-9868-57a2d4851a1d" relativeResultsDirectory="4c6edb63-6ca1-41df-b009-9a8e8800581f" />
    <UnitTestResult executionId="7894a37e-0d93-4b5d-94f1-5e1e15383427" testId="ace9ba55-42a7-65f6-5aa9-5fcf9a9053ee" testName="AccessToDB.Tests.LiftsRepositoryTests.TestGetLiftByIdAsyncOk(lift: Lift { LiftID = 141, LiftName = liftNamecf546bb4-b185-4453-aaae-fe4600b71fc9, IsOpen = True, SeatsAmount = 206, LiftingTime = 242, QueueTime = 176, ConnectedSlopes =  })" computerName="DESKTOP-TJ9D65N" duration="00:00:00.3804903" startTime="2022-10-15T23:26:16.4112122+03:00" endTime="2022-10-15T23:26:16.4112123+03:00" testType="13cdc9d9-ddb5-4fa4-a97d-d965ccfc6d4b" outcome="Passed" testListId="8c84fa94-04c1-424b-9868-57a2d4851a1d" relativeResultsDirectory="7894a37e-0d93-4b5d-94f1-5e1e15383427" />
    <UnitTestResult executionId="f5f38808-3a7d-45a2-8bca-a253a64d52c1" testId="5173ea0f-13af-ee22-34ef-990e56764c1e" testName="AccessToDB.Tests.SlopesRepositoryTests.TestGetSlopeByIdAsyncOk(slope: Slope { SlopeID = 110, SlopeName = slopeName2745a35d-91c3-4466-bf34-57d8c681c0ee, IsOpen = True, DifficultyLevel = 100, ConnectedLifts =  })" computerName="DESKTOP-TJ9D65N" duration="00:00:00.3804901" startTime="2022-10-15T23:26:10.8307783+03:00" endTime="2022-10-15T23:26:10.8307786+03:00" testType="13cdc9d9-ddb5-4fa4-a97d-d965ccfc6d4b" outcome="Passed" testListId="8c84fa94-04c1-424b-9868-57a2d4851a1d" relativeResultsDirectory="f5f38808-3a7d-45a2-8bca-a253a64d52c1" />
    <UnitTestResult executionId="925889c4-6ff1-441b-a64c-f49576532044" testId="898a80cd-f21e-829b-ba86-37dc94924eec" testName="AccessToDB.Tests.UsersRepositoryTests.TestCheckUserEmailExistsAsyncFalse(userEmail: &quot;userEmail8107129c-4a37-45a8-80fd-445d661ec2ef&quot;)" computerName="DESKTOP-TJ9D65N" duration="00:00:00.3597477" startTime="2022-10-15T23:26:08.0585009+03:00" endTime="2022-10-15T23:26:08.0585010+03:00" testType="13cdc9d9-ddb5-4fa4-a97d-d965ccfc6d4b" outcome="Passed" testListId="8c84fa94-04c1-424b-9868-57a2d4851a1d" relativeResultsDirectory="925889c4-6ff1-441b-a64c-f49576532044" />
    <UnitTestResult executionId="81bbe5ad-93d6-4612-8c24-19b7dc9c1250" testId="5221b43b-f74e-bb50-757f-6310f341c955" testName="AccessToDB.Tests.UsersRepositoryTests.TestGetUserByEmailAsyncFailsWhenEmailNotExists(email: &quot;email2b770b1b-186c-4092-b71c-21eb48e303cc&quot;)" computerName="DESKTOP-TJ9D65N" duration="00:00:00.3609548" startTime="2022-10-15T23:26:06.0590624+03:00" endTime="2022-10-15T23:26:06.0590625+03:00" testType="13cdc9d9-ddb5-4fa4-a97d-d965ccfc6d4b" outcome="Passed" testListId="8c84fa94-04c1-424b-9868-57a2d4851a1d" relativeResultsDirectory="81bbe5ad-93d6-4612-8c24-19b7dc9c1250" />
    <UnitTestResult executionId="d7c0b07c-4599-48b5-800f-1ffa32a79334" testId="78541535-2233-d8ad-44a4-8eca31c4e47a" testName="AccessToDB.Tests.LiftsSlopesRepositoryTests.TestUpdateLiftSlopeByIDAsyncOk(liftSlope: LiftSlope { RecordID = 67, LiftID = 238, SlopeID = 65 })" computerName="DESKTOP-TJ9D65N" duration="00:00:00.3898842" startTime="2022-10-15T23:26:11.6106041+03:00" endTime="2022-10-15T23:26:11.6106041+03:00" testType="13cdc9d9-ddb5-4fa4-a97d-d965ccfc6d4b" outcome="Passed" testListId="8c84fa94-04c1-424b-9868-57a2d4851a1d" relativeResultsDirectory="d7c0b07c-4599-48b5-800f-1ffa32a79334" />
    <UnitTestResult executionId="53149ed3-ef13-4303-92c1-cf90212c3b51" testId="2a37a491-beda-3fdd-122c-5a7066d42f11" testName="AccessToDB.Tests.SlopesRepositoryTests.TestUpdateSlopeByIDAsyncOk(slope: Slope { SlopeID = 93, SlopeName = slopeName0985248f-f31a-4a56-afcd-1242718e4fa7, IsOpen = True, DifficultyLevel = 6, ConnectedLifts =  })" computerName="DESKTOP-TJ9D65N" duration="00:00:00.3906835" startTime="2022-10-15T23:26:10.0623304+03:00" endTime="2022-10-15T23:26:10.0623305+03:00" testType="13cdc9d9-ddb5-4fa4-a97d-d965ccfc6d4b" outcome="Passed" testListId="8c84fa94-04c1-424b-9868-57a2d4851a1d" relativeResultsDirectory="53149ed3-ef13-4303-92c1-cf90212c3b51" />
    <UnitTestResult executionId="f616af68-6cad-4441-838a-d17e0c9e27c9" testId="e75bb6e2-88d9-af2a-a444-c4a9d67f0f0e" testName="AccessToDB.Tests.UsersRepositoryTests.TestAddUserAutoIncrementAsyncOk" computerName="DESKTOP-TJ9D65N" duration="00:00:00.3992956" startTime="2022-10-15T23:26:08.4682786+03:00" endTime="2022-10-15T23:26:08.4682788+03:00" testType="13cdc9d9-ddb5-4fa4-a97d-d965ccfc6d4b" outcome="Passed" testListId="8c84fa94-04c1-424b-9868-57a2d4851a1d" relativeResultsDirectory="f616af68-6cad-4441-838a-d17e0c9e27c9" />
    <UnitTestResult executionId="4434fb0a-d121-486e-a79b-b8801b6b5a52" testId="3c521313-4ed6-6bce-b4f9-c359411028e7" testName="AccessToDB.Tests.TurnstilesRepositoryTests.TestGetTurnstilesAsyncEmpty" computerName="DESKTOP-TJ9D65N" duration="00:00:00.3599597" startTime="2022-10-15T23:26:03.7577334+03:00" endTime="2022-10-15T23:26:03.7577335+03:00" testType="13cdc9d9-ddb5-4fa4-a97d-d965ccfc6d4b" outcome="Passed" testListId="8c84fa94-04c1-424b-9868-57a2d4851a1d" relativeResultsDirectory="4434fb0a-d121-486e-a79b-b8801b6b5a52" />
    <UnitTestResult executionId="0dcc32ca-309d-4b52-9ea8-cb29f0618b31" testId="2e87dc6d-f6bc-b0b0-097b-ea69359dab90" testName="AccessToDB.Tests.TurnstilesRepositoryTests.TestUpdateTurnstileByIDAsyncOk(turnstile: Turnstile { TurnstileID = 182, LiftID = 83, IsOpen = True })" computerName="DESKTOP-TJ9D65N" duration="00:00:00.4789692" startTime="2022-10-15T23:26:02.4579283+03:00" endTime="2022-10-15T23:26:02.4579530+03:00" testType="13cdc9d9-ddb5-4fa4-a97d-d965ccfc6d4b" outcome="Passed" testListId="8c84fa94-04c1-424b-9868-57a2d4851a1d" relativeResultsDirectory="0dcc32ca-309d-4b52-9ea8-cb29f0618b31" />
    <UnitTestResult executionId="5fecb18c-78c8-4bb6-ac82-f00f6bef223a" testId="e113643a-ec4a-5946-5794-74ba588c3734" testName="AccessToDB.Tests.LiftsSlopesRepositoryTests.TestAddLiftSlopeAsyncFailsWhenLiftSlopeIdRepeats(liftSlope: LiftSlope { RecordID = 242, LiftID = 214, SlopeID = 72 })" computerName="DESKTOP-TJ9D65N" duration="00:00:00.3908342" startTime="2022-10-15T23:26:13.6802008+03:00" endTime="2022-10-15T23:26:13.6802012+03:00" testType="13cdc9d9-ddb5-4fa4-a97d-d965ccfc6d4b" outcome="Passed" testListId="8c84fa94-04c1-424b-9868-57a2d4851a1d" relativeResultsDirectory="5fecb18c-78c8-4bb6-ac82-f00f6bef223a" />
    <UnitTestResult executionId="b24be2ca-eea1-47f0-a505-7efdb3b7d6ff" testId="701a3807-4c68-78c8-4432-9d710ec42b36" testName="AccessToDB.Tests.LiftsSlopesRepositoryTests.TestDeleteLiftSlopesByIDsAsyncOk(liftSlope: LiftSlope { RecordID = 194, LiftID = 220, SlopeID = 8 })" computerName="DESKTOP-TJ9D65N" duration="00:00:00.3906017" startTime="2022-10-15T23:26:12.8418806+03:00" endTime="2022-10-15T23:26:12.8418807+03:00" testType="13cdc9d9-ddb5-4fa4-a97d-d965ccfc6d4b" outcome="Passed" testListId="8c84fa94-04c1-424b-9868-57a2d4851a1d" relativeResultsDirectory="b24be2ca-eea1-47f0-a505-7efdb3b7d6ff" />
    <UnitTestResult executionId="c3c57667-b493-404c-8725-1a3cf4248404" testId="25d1cfb0-5206-9b2a-13cd-419412c9ad85" testName="AccessToDB.Tests.UsersRepositoryTests.TestDeleteUserByIDAsyncFailsWhenIDNotExists(userID: 209)" computerName="DESKTOP-TJ9D65N" duration="00:00:00.3605342" startTime="2022-10-15T23:26:05.6779069+03:00" endTime="2022-10-15T23:26:05.6779071+03:00" testType="13cdc9d9-ddb5-4fa4-a97d-d965ccfc6d4b" outcome="Passed" testListId="8c84fa94-04c1-424b-9868-57a2d4851a1d" relativeResultsDirectory="c3c57667-b493-404c-8725-1a3cf4248404" />
    <UnitTestResult executionId="58049198-a92a-410b-9332-105a84c96e7a" testId="7aaff0bc-c9c9-d697-72f9-a4aeb9c21cf2" testName="AccessToDB.Tests.LiftsSlopesRepositoryTests.TestGetLiftSlopeByIdAsyncOk(liftSlope: LiftSlope { RecordID = 6, LiftID = 185, SlopeID = 161 })" computerName="DESKTOP-TJ9D65N" duration="00:00:00.4148489" startTime="2022-10-15T23:26:12.0458285+03:00" endTime="2022-10-15T23:26:12.0458285+03:00" testType="13cdc9d9-ddb5-4fa4-a97d-d965ccfc6d4b" outcome="Passed" testListId="8c84fa94-04c1-424b-9868-57a2d4851a1d" relativeResultsDirectory="58049198-a92a-410b-9332-105a84c96e7a" />
    <UnitTestResult executionId="51145ded-9d24-472a-a7ef-215fe969f3a9" testId="4e3b7ea8-b11a-6338-1316-5f4097012894" testName="AccessToDB.Tests.TurnstilesRepositoryTests.TestDeleteTurnstileByIDAsyncFailsWhenIDNotExists(turnstileID: 4)" computerName="DESKTOP-TJ9D65N" duration="00:00:00.3587253" startTime="2022-10-15T23:26:04.5236580+03:00" endTime="2022-10-15T23:26:04.5236581+03:00" testType="13cdc9d9-ddb5-4fa4-a97d-d965ccfc6d4b" outcome="Passed" testListId="8c84fa94-04c1-424b-9868-57a2d4851a1d" relativeResultsDirectory="51145ded-9d24-472a-a7ef-215fe969f3a9" />
    <UnitTestResult executionId="b9f8120d-5572-43f3-9a17-75e482786fd0" testId="9bbefb83-8311-6e03-307f-415e3495e223" testName="AccessToDB.Tests.SlopesRepositoryTests.TestGetSlopesAsyncEmpty" computerName="DESKTOP-TJ9D65N" duration="00:00:00.3593306" startTime="2022-10-15T23:26:10.4351673+03:00" endTime="2022-10-15T23:26:10.4351674+03:00" testType="13cdc9d9-ddb5-4fa4-a97d-d965ccfc6d4b" outcome="Passed" testListId="8c84fa94-04c1-424b-9868-57a2d4851a1d" relativeResultsDirectory="b9f8120d-5572-43f3-9a17-75e482786fd0" />
    <UnitTestResult executionId="219e8031-ff3f-4017-9b1e-f68cf4a1e0fa" testId="f9435956-2e34-e52b-c34e-dce53665cf8e" testName="AccessToDB.Tests.TurnstilesRepositoryTests.TestAddTurnstileAutoIncrementAsyncOk" computerName="DESKTOP-TJ9D65N" duration="00:00:00.3901887" startTime="2022-10-15T23:26:04.9259219+03:00" endTime="2022-10-15T23:26:04.9259221+03:00" testType="13cdc9d9-ddb5-4fa4-a97d-d965ccfc6d4b" outcome="Passed" testListId="8c84fa94-04c1-424b-9868-57a2d4851a1d" relativeResultsDirectory="219e8031-ff3f-4017-9b1e-f68cf4a1e0fa" />
    <UnitTestResult executionId="ed83f267-4c28-4fc0-8f5e-64cd2ea5f778" testId="4ed150d9-78bd-ded4-7011-2f3255a814c9" testName="AccessToDB.Tests.UsersRepositoryTests.TestCheckUserIdExistsAsyncTrue(user: User { UserID = 144, CardID = 236, UserEmail = UserEmail38217f2b-03fe-46ae-a4d0-74d3d1119262, Password = password3c0df65e-4420-4baa-b3dc-e5c4c0d0dfde, Permissions = UNAUTHORIZED })" computerName="DESKTOP-TJ9D65N" duration="00:00:00.4155905" startTime="2022-10-15T23:26:06.4900156+03:00" endTime="2022-10-15T23:26:06.4900157+03:00" testType="13cdc9d9-ddb5-4fa4-a97d-d965ccfc6d4b" outcome="Passed" testListId="8c84fa94-04c1-424b-9868-57a2d4851a1d" relativeResultsDirectory="ed83f267-4c28-4fc0-8f5e-64cd2ea5f778" />
    <UnitTestResult executionId="b75844c0-f67e-47f6-b60d-c18c00fc3994" testId="ec229f70-485a-f91b-53ed-bce655f6cd58" testName="AccessToDB.Tests.LiftsRepositoryTests.TestAddLiftAutoIncrementAsyncOk" computerName="DESKTOP-TJ9D65N" duration="00:00:00.3906735" startTime="2022-10-15T23:26:15.2361554+03:00" endTime="2022-10-15T23:26:15.2361554+03:00" testType="13cdc9d9-ddb5-4fa4-a97d-d965ccfc6d4b" outcome="Passed" testListId="8c84fa94-04c1-424b-9868-57a2d4851a1d" relativeResultsDirectory="b75844c0-f67e-47f6-b60d-c18c00fc3994" />
    <UnitTestResult executionId="755eadd6-6b0d-4917-b0ac-e640f6589d26" testId="3d9f99d9-d70f-b5eb-ef93-151fe376c260" testName="AccessToDB.Tests.TurnstilesRepositoryTests.TestGetTurnstileByIdAsyncOk(turnstile: Turnstile { TurnstileID = 185, LiftID = 7, IsOpen = True })" computerName="DESKTOP-TJ9D65N" duration="00:00:00.3804100" startTime="2022-10-15T23:26:04.1539354+03:00" endTime="2022-10-15T23:26:04.1539355+03:00" testType="13cdc9d9-ddb5-4fa4-a97d-d965ccfc6d4b" outcome="Passed" testListId="8c84fa94-04c1-424b-9868-57a2d4851a1d" relativeResultsDirectory="755eadd6-6b0d-4917-b0ac-e640f6589d26" />
    <UnitTestResult executionId="17b117e1-caad-43ad-85ea-8496383460c6" testId="6ee2d583-8ed3-a9af-65d3-f66cd9b16f8c" testName="AccessToDB.Tests.LiftsRepositoryTests.TestDeleteLiftByIDAsyncFailsWhenIDNotExists(liftID: 142)" computerName="DESKTOP-TJ9D65N" duration="00:00:00.3592365" startTime="2022-10-15T23:26:17.1864794+03:00" endTime="2022-10-15T23:26:17.1864795+03:00" testType="13cdc9d9-ddb5-4fa4-a97d-d965ccfc6d4b" outcome="Passed" testListId="8c84fa94-04c1-424b-9868-57a2d4851a1d" relativeResultsDirectory="17b117e1-caad-43ad-85ea-8496383460c6" />
    <UnitTestResult executionId="735870ec-c50d-4377-a018-b3872d31780d" testId="21cb548f-d3e1-73cc-5463-c733fe2f1ef5" testName="AccessToDB.Tests.TurnstilesRepositoryTests.TestGetTurnstilesByLiftIdAsyncOk(liftID: 36)" computerName="DESKTOP-TJ9D65N" duration="00:00:00.4822587" startTime="2022-10-15T23:26:02.9812291+03:00" endTime="2022-10-15T23:26:02.9812293+03:00" testType="13cdc9d9-ddb5-4fa4-a97d-d965ccfc6d4b" outcome="Passed" testListId="8c84fa94-04c1-424b-9868-57a2d4851a1d" relativeResultsDirectory="735870ec-c50d-4377-a018-b3872d31780d" />
    <UnitTestResult executionId="b7c71921-b15c-4626-b9f3-229a0ad70248" testId="3741b26d-6ee0-6246-29e4-92009bff37b0" testName="AccessToDB.Tests.UsersRepositoryTests.TestGetUsersAsyncEmpty" computerName="DESKTOP-TJ9D65N" duration="00:00:00.3592549" startTime="2022-10-15T23:26:05.3045909+03:00" endTime="2022-10-15T23:26:05.3045910+03:00" testType="13cdc9d9-ddb5-4fa4-a97d-d965ccfc6d4b" outcome="Passed" testListId="8c84fa94-04c1-424b-9868-57a2d4851a1d" relativeResultsDirectory="b7c71921-b15c-4626-b9f3-229a0ad70248" />
    <UnitTestResult executionId="6565c7a4-44ec-4ff1-ae28-9bce61ca42a0" testId="8fca73e7-d543-3450-b239-5de0d2dcc0b7" testName="AccessToDB.Tests.LiftsRepositoryTests.TestGetLiftByNameAsyncFailsWhenNameNotExists(liftName: &quot;liftName74006e3e-f8bb-40f1-9eaf-c61a45aae8db&quot;)" computerName="DESKTOP-TJ9D65N" duration="00:00:00.3583882" startTime="2022-10-15T23:26:17.5574895+03:00" endTime="2022-10-15T23:26:17.5574895+03:00" testType="13cdc9d9-ddb5-4fa4-a97d-d965ccfc6d4b" outcome="Passed" testListId="8c84fa94-04c1-424b-9868-57a2d4851a1d" relativeResultsDirectory="6565c7a4-44ec-4ff1-ae28-9bce61ca42a0" />
    <UnitTestResult executionId="24541dfd-66aa-418c-a57e-fe3dcf4c1897" testId="8f7ba917-f771-0dc5-f9b9-465c34344b12" testName="AccessToDB.Tests.SlopesRepositoryTests.TestAddSlopeAutoIncrementAsyncOk" computerName="DESKTOP-TJ9D65N" duration="00:00:00.3910318" startTime="2022-10-15T23:26:09.6575317+03:00" endTime="2022-10-15T23:26:09.6575319+03:00" testType="13cdc9d9-ddb5-4fa4-a97d-d965ccfc6d4b" outcome="Passed" testListId="8c84fa94-04c1-424b-9868-57a2d4851a1d" relativeResultsDirectory="24541dfd-66aa-418c-a57e-fe3dcf4c1897" />
    <UnitTestResult executionId="c075095d-5415-4022-a720-ee361aad4660" testId="f92281cd-e4ee-59aa-66ab-22f36d421d42" testName="AccessToDB.Tests.SlopesRepositoryTests.TestDeleteSlopeByIDAsyncFailsWhenIDNotExists(slopeID: 74)" computerName="DESKTOP-TJ9D65N" duration="00:00:00.3597037" startTime="2022-10-15T23:26:09.2522485+03:00" endTime="2022-10-15T23:26:09.2522486+03:00" testType="13cdc9d9-ddb5-4fa4-a97d-d965ccfc6d4b" outcome="Passed" testListId="8c84fa94-04c1-424b-9868-57a2d4851a1d" relativeResultsDirectory="c075095d-5415-4022-a720-ee361aad4660" />
    <UnitTestResult executionId="74b6e89e-7f9b-41d3-9eb5-e66fc03411b6" testId="607e8298-f113-be33-300e-15a343893443" testName="AccessToDB.Tests.LiftsRepositoryTests.TestGetLiftsAsyncEmpty" computerName="DESKTOP-TJ9D65N" duration="00:00:00.3595263" startTime="2022-10-15T23:26:16.0160263+03:00" endTime="2022-10-15T23:26:16.0160263+03:00" testType="13cdc9d9-ddb5-4fa4-a97d-d965ccfc6d4b" outcome="Passed" testListId="8c84fa94-04c1-424b-9868-57a2d4851a1d" relativeResultsDirectory="74b6e89e-7f9b-41d3-9eb5-e66fc03411b6" />
    <UnitTestResult executionId="c2d735f4-c453-4722-95a5-3211373c7252" testId="654dccc9-182f-dcf0-af6e-85b31f87afe5" testName="AccessToDB.Tests.LiftsSlopesRepositoryTests.TestGetSlopesByLiftIdAsyncFailsWhenSlopeNotExists(liftSlope: LiftSlope { RecordID = 112, LiftID = 137, SlopeID = 213 })" computerName="DESKTOP-TJ9D65N" duration="00:00:00.3790670" startTime="2022-10-15T23:26:12.4386940+03:00" endTime="2022-10-15T23:26:12.4386944+03:00" testType="13cdc9d9-ddb5-4fa4-a97d-d965ccfc6d4b" outcome="Passed" testListId="8c84fa94-04c1-424b-9868-57a2d4851a1d" relativeResultsDirectory="c2d735f4-c453-4722-95a5-3211373c7252" />
    <UnitTestResult executionId="87c08685-bd4f-491d-adbb-556494999162" testId="0c1dca91-89f3-1524-4966-7bce8c0908d3" testName="AccessToDB.Tests.SlopesRepositoryTests.TestAddSlopeAsyncFailsWhenSlopeIdRepeats(slope: Slope { SlopeID = 177, SlopeName = slopeName8562792d-9ee7-4069-97f8-8ccaf52d3a87, IsOpen = True, DifficultyLevel = 147, ConnectedLifts =  })" computerName="DESKTOP-TJ9D65N" duration="00:00:00.3892438" startTime="2022-10-15T23:26:08.8809745+03:00" endTime="2022-10-15T23:26:08.8809746+03:00" testType="13cdc9d9-ddb5-4fa4-a97d-d965ccfc6d4b" outcome="Passed" testListId="8c84fa94-04c1-424b-9868-57a2d4851a1d" relativeResultsDirectory="87c08685-bd4f-491d-adbb-556494999162" />
    <UnitTestResult executionId="c3b6c785-33b4-427b-9a7c-40cfdf6e8192" testId="6cd742eb-931c-f091-b8dd-204bddb52e6c" testName="AccessToDB.Tests.UsersRepositoryTests.TestGetUserByIdAsyncOk(user: User { UserID = 126, CardID = 242, UserEmail = UserEmail3db4e1ac-bdf0-41cf-91c2-2d3309873598, Password = password192fb8b9-6eef-4a0e-946a-080a6da82302, Permissions = UNAUTHORIZED })" computerName="DESKTOP-TJ9D65N" duration="00:00:00.3793857" startTime="2022-10-15T23:26:07.2814803+03:00" endTime="2022-10-15T23:26:07.2814805+03:00" testType="13cdc9d9-ddb5-4fa4-a97d-d965ccfc6d4b" outcome="Passed" testListId="8c84fa94-04c1-424b-9868-57a2d4851a1d" relativeResultsDirectory="c3b6c785-33b4-427b-9a7c-40cfdf6e8192" />
    <UnitTestResult executionId="069113f8-a924-471d-8cc7-9133cbabfed5" testId="2a7243df-8ead-dd19-ea3a-38f84d9b845f" testName="AccessToDB.Tests.LiftsSlopesRepositoryTests.TestDeleteLiftSlopeByIDAsyncFailsWhenIDNotExists(liftSlopeID: 131)" computerName="DESKTOP-TJ9D65N" duration="00:00:00.3592258" startTime="2022-10-15T23:26:14.0542730+03:00" endTime="2022-10-15T23:26:14.0542731+03:00" testType="13cdc9d9-ddb5-4fa4-a97d-d965ccfc6d4b" outcome="Passed" testListId="8c84fa94-04c1-424b-9868-57a2d4851a1d" relativeResultsDirectory="069113f8-a924-471d-8cc7-9133cbabfed5" />
    <UnitTestResult executionId="961cd74c-fd1e-4eb0-8006-33faba8e99a2" testId="15d9f188-822b-aede-eb0f-90e416a5ddec" testName="AccessToDB.Tests.LiftsRepositoryTests.TestUpdateLiftByIDAsyncOk(lift: Lift { LiftID = 146, LiftName = liftName9afa5622-3534-4328-858f-35c03c78e015, IsOpen = True, SeatsAmount = 156, LiftingTime = 48, QueueTime = 135, ConnectedSlopes =  })" computerName="DESKTOP-TJ9D65N" duration="00:00:00.3893948" startTime="2022-10-15T23:26:16.8142734+03:00" endTime="2022-10-15T23:26:16.8142736+03:00" testType="13cdc9d9-ddb5-4fa4-a97d-d965ccfc6d4b" outcome="Passed" testListId="8c84fa94-04c1-424b-9868-57a2d4851a1d" relativeResultsDirectory="961cd74c-fd1e-4eb0-8006-33faba8e99a2" />
    <UnitTestResult executionId="56d132df-9077-4039-b028-f45ef2add959" testId="4145f44e-b4b1-a618-09e8-c631496e6f1a" testName="AccessToDB.Tests.LiftsSlopesRepositoryTests.TestGetLiftSlopesAsyncEmpty" computerName="DESKTOP-TJ9D65N" duration="00:00:00.3589464" startTime="2022-10-15T23:26:14.8313442+03:00" endTime="2022-10-15T23:26:14.8313443+03:00" testType="13cdc9d9-ddb5-4fa4-a97d-d965ccfc6d4b" outcome="Passed" testListId="8c84fa94-04c1-424b-9868-57a2d4851a1d" relativeResultsDirectory="56d132df-9077-4039-b028-f45ef2add959" />
    <UnitTestResult executionId="a15545f7-3cd0-4959-b647-faf63cfcc0fc" testId="f1a29a85-ed4d-d17e-a5cb-9350fb7e1ba5" testName="AccessToDB.Tests.LiftsSlopesRepositoryTests.TestGetLiftsBySlopeIdAsyncOk(slope1: Slope { SlopeID = 161, SlopeName = slopeNamedb82aced-6207-42a7-9062-ce211846700a, IsOpen = True, DifficultyLevel = 220, ConnectedLifts =  }, slope2: Slope { SlopeID = 136, SlopeName = slopeNamec738c75e-291b-4311-b9c8-8de509678ad8, IsOpen = False, DifficultyLevel = 173, ConnectedLifts =  }, lift1: Lift { LiftID = 91, LiftName = liftName8efd02fb-902c-4759-b421-f190834358da, IsOpen = True, SeatsAmount = 32, LiftingTime = 213, QueueTime = 1, ConnectedSlopes =  }, lift2: Lift { LiftID = 70, LiftName = liftName8f085871-9300-4e23-8d30-dff3c8394aac, IsOpen = False, SeatsAmount = 202, LiftingTime = 96, QueueTime = 44, ConnectedSlopes =  })" computerName="DESKTOP-TJ9D65N" duration="00:00:00.4202865" startTime="2022-10-15T23:26:13.2760335+03:00" endTime="2022-10-15T23:26:13.2760337+03:00" testType="13cdc9d9-ddb5-4fa4-a97d-d965ccfc6d4b" outcome="Passed" testListId="8c84fa94-04c1-424b-9868-57a2d4851a1d" relativeResultsDirectory="a15545f7-3cd0-4959-b647-faf63cfcc0fc" />
    <UnitTestResult executionId="a269fdf6-fb00-48e3-9f3e-7dcec4e47f11" testId="30f8e924-9784-0a43-e807-094f70e06567" testName="AccessToDB.Tests.LiftsSlopesRepositoryTests.TestAddLiftSlopeAutoIncrementAsyncOk" computerName="DESKTOP-TJ9D65N" duration="00:00:00.3900144" startTime="2022-10-15T23:26:14.4592352+03:00" endTime="2022-10-15T23:26:14.4592357+03:00" testType="13cdc9d9-ddb5-4fa4-a97d-d965ccfc6d4b" outcome="Passed" testListId="8c84fa94-04c1-424b-9868-57a2d4851a1d" relativeResultsDirectory="a269fdf6-fb00-48e3-9f3e-7dcec4e47f11" />
    <UnitTestResult executionId="6e426f3d-62a3-4d7f-a276-6aa7671f2785" testId="c6e0bfa8-e2b1-b015-ef75-d00813b7014a" testName="AccessToDB.Tests.LiftsRepositoryTests.TestAddLiftAsyncFailsWhenLiftIdRepeats(lift: Lift { LiftID = 204, LiftName = liftNamecef68f88-e310-40af-9b37-b098541848df, IsOpen = True, SeatsAmount = 33, LiftingTime = 102, QueueTime = 162, ConnectedSlopes =  })" computerName="DESKTOP-TJ9D65N" duration="00:00:00.3904410" startTime="2022-10-15T23:26:15.6422160+03:00" endTime="2022-10-15T23:26:15.6422161+03:00" testType="13cdc9d9-ddb5-4fa4-a97d-d965ccfc6d4b" outcome="Passed" testListId="8c84fa94-04c1-424b-9868-57a2d4851a1d" relativeResultsDirectory="6e426f3d-62a3-4d7f-a276-6aa7671f2785" />
    <UnitTestResult executionId="f1ce880a-6c5e-48f4-8baa-5369d6e96a8c" testId="32ca4257-a8a5-953c-7b02-b5ce5566d551" testName="AccessToDB.Tests.SlopesRepositoryTests.TestGetSlopeByNameAsyncFailsWhenNameNotExists(slopeName: &quot;slopeName5f9b8802-3540-4ca7-9b89-debac3ea2283&quot;)" computerName="DESKTOP-TJ9D65N" duration="00:00:00.3595571" startTime="2022-10-15T23:26:11.2045306+03:00" endTime="2022-10-15T23:26:11.2045307+03:00" testType="13cdc9d9-ddb5-4fa4-a97d-d965ccfc6d4b" outcome="Passed" testListId="8c84fa94-04c1-424b-9868-57a2d4851a1d" relativeResultsDirectory="f1ce880a-6c5e-48f4-8baa-5369d6e96a8c" />
    <UnitTestResult executionId="0584b703-4f29-4d18-87a8-3d42cb5f7a25" testId="986f852f-221c-ce83-cc5b-af0a8549be72" testName="AccessToDB.Tests.UsersRepositoryTests.TestUpdateUserByIDAsyncOk(user: User { UserID = 6, CardID = 3, UserEmail = UserEmail6df73b5e-4072-4a75-9d00-9dacfec7c8a1, Password = password6e003dd3-d620-4e7e-930d-42e9831d69c1, Permissions = UNAUTHORIZED })" computerName="DESKTOP-TJ9D65N" duration="00:00:00.3912465" startTime="2022-10-15T23:26:07.6841113+03:00" endTime="2022-10-15T23:26:07.6841114+03:00" testType="13cdc9d9-ddb5-4fa4-a97d-d965ccfc6d4b" outcome="Passed" testListId="8c84fa94-04c1-424b-9868-57a2d4851a1d" relativeResultsDirectory="0584b703-4f29-4d18-87a8-3d42cb5f7a25" />
    <UnitTestResult executionId="728f5231-1990-4bac-b91e-59ae5a41266b" testId="50a84bb2-1cbb-345a-d18b-188c416cd25a" testName="AccessToDB.Tests.UsersRepositoryTests.TestAddUserAsyncFailsWhenUserIdRepeats(user: User { UserID = 78, CardID = 213, UserEmail = UserEmail2cdc409c-3551-49a4-bf67-0d354270863f, Password = password05258107-4064-42a7-9789-1d6924669cb2, Permissions = UNAUTHORIZED })" computerName="DESKTOP-TJ9D65N" duration="00:00:00.3901781" startTime="2022-10-15T23:26:06.8931385+03:00" endTime="2022-10-15T23:26:06.8931387+03:00" testType="13cdc9d9-ddb5-4fa4-a97d-d965ccfc6d4b" outcome="Passed" testListId="8c84fa94-04c1-424b-9868-57a2d4851a1d" relativeResultsDirectory="728f5231-1990-4bac-b91e-59ae5a41266b" />
  </Results>
  <TestDefinitions>
    <UnitTest name="AccessToDB.Tests.TurnstilesRepositoryTests.TestAddTurnstileAutoIncrementAsyncOk" storage="/mnt/c/users/alena/desktop/7_sem/testing_and_debugging/skiresort/accesstodb.tests/bin/debug/net6.0/accesstodb.tests.dll" id="f9435956-2e34-e52b-c34e-dce53665cf8e">
      <Execution id="219e8031-ff3f-4017-9b1e-f68cf4a1e0fa" />
      <TestMethod codeBase="/mnt/c/Users/alena/Desktop/7_sem/testing_and_debugging/SkiResort/AccessToDB.Tests/bin/Debug/net6.0/AccessToDB.Tests.dll" adapterTypeName="executor://xunit/VsTestRunner2/netcoreapp" className="AccessToDB.Tests.TurnstilesRepositoryTests" name="TestAddTurnstileAutoIncrementAsyncOk" />
    </UnitTest>
    <UnitTest name="AccessToDB.Tests.LiftsRepositoryTests.TestGetLiftsAsyncEmpty" storage="/mnt/c/users/alena/desktop/7_sem/testing_and_debugging/skiresort/accesstodb.tests/bin/debug/net6.0/accesstodb.tests.dll" id="607e8298-f113-be33-300e-15a343893443">
      <Execution id="74b6e89e-7f9b-41d3-9eb5-e66fc03411b6" />
      <TestMethod codeBase="/mnt/c/Users/alena/Desktop/7_sem/testing_and_debugging/SkiResort/AccessToDB.Tests/bin/Debug/net6.0/AccessToDB.Tests.dll" adapterTypeName="executor://xunit/VsTestRunner2/netcoreapp" className="AccessToDB.Tests.LiftsRepositoryTests" name="TestGetLiftsAsyncEmpty" />
    </UnitTest>
    <UnitTest name="AccessToDB.Tests.LiftsRepositoryTests.TestDeleteLiftByIDAsyncFailsWhenIDNotExists(liftID: 142)" storage="/mnt/c/users/alena/desktop/7_sem/testing_and_debugging/skiresort/accesstodb.tests/bin/debug/net6.0/accesstodb.tests.dll" id="6ee2d583-8ed3-a9af-65d3-f66cd9b16f8c">
      <Execution id="17b117e1-caad-43ad-85ea-8496383460c6" />
      <TestMethod codeBase="/mnt/c/Users/alena/Desktop/7_sem/testing_and_debugging/SkiResort/AccessToDB.Tests/bin/Debug/net6.0/AccessToDB.Tests.dll" adapterTypeName="executor://xunit/VsTestRunner2/netcoreapp" className="AccessToDB.Tests.LiftsRepositoryTests" name="TestDeleteLiftByIDAsyncFailsWhenIDNotExists" />
    </UnitTest>
    <UnitTest name="AccessToDB.Tests.SlopesRepositoryTests.TestAddSlopeAutoIncrementAsyncOk" storage="/mnt/c/users/alena/desktop/7_sem/testing_and_debugging/skiresort/accesstodb.tests/bin/debug/net6.0/accesstodb.tests.dll" id="8f7ba917-f771-0dc5-f9b9-465c34344b12">
      <Execution id="24541dfd-66aa-418c-a57e-fe3dcf4c1897" />
      <TestMethod codeBase="/mnt/c/Users/alena/Desktop/7_sem/testing_and_debugging/SkiResort/AccessToDB.Tests/bin/Debug/net6.0/AccessToDB.Tests.dll" adapterTypeName="executor://xunit/VsTestRunner2/netcoreapp" className="AccessToDB.Tests.SlopesRepositoryTests" name="TestAddSlopeAutoIncrementAsyncOk" />
    </UnitTest>
    <UnitTest name="AccessToDB.Tests.TurnstilesRepositoryTests.TestUpdateTurnstileByIDAsyncOk(turnstile: Turnstile { TurnstileID = 182, LiftID = 83, IsOpen = True })" storage="/mnt/c/users/alena/desktop/7_sem/testing_and_debugging/skiresort/accesstodb.tests/bin/debug/net6.0/accesstodb.tests.dll" id="2e87dc6d-f6bc-b0b0-097b-ea69359dab90">
      <Execution id="0dcc32ca-309d-4b52-9ea8-cb29f0618b31" />
      <TestMethod codeBase="/mnt/c/Users/alena/Desktop/7_sem/testing_and_debugging/SkiResort/AccessToDB.Tests/bin/Debug/net6.0/AccessToDB.Tests.dll" adapterTypeName="executor://xunit/VsTestRunner2/netcoreapp" className="AccessToDB.Tests.TurnstilesRepositoryTests" name="TestUpdateTurnstileByIDAsyncOk" />
    </UnitTest>
    <UnitTest name="AccessToDB.Tests.LiftsRepositoryTests.TestAddLiftAsyncFailsWhenLiftIdRepeats(lift: Lift { LiftID = 204, LiftName = liftNamecef68f88-e310-40af-9b37-b098541848df, IsOpen = True, SeatsAmount = 33, LiftingTime = 102, QueueTime = 162, ConnectedSlopes =  })" storage="/mnt/c/users/alena/desktop/7_sem/testing_and_debugging/skiresort/accesstodb.tests/bin/debug/net6.0/accesstodb.tests.dll" id="c6e0bfa8-e2b1-b015-ef75-d00813b7014a">
      <Execution id="6e426f3d-62a3-4d7f-a276-6aa7671f2785" />
      <TestMethod codeBase="/mnt/c/Users/alena/Desktop/7_sem/testing_and_debugging/SkiResort/AccessToDB.Tests/bin/Debug/net6.0/AccessToDB.Tests.dll" adapterTypeName="executor://xunit/VsTestRunner2/netcoreapp" className="AccessToDB.Tests.LiftsRepositoryTests" name="TestAddLiftAsyncFailsWhenLiftIdRepeats" />
    </UnitTest>
    <UnitTest name="AccessToDB.Tests.LiftsRepositoryTests.TestGetLiftByNameAsyncFailsWhenNameNotExists(liftName: &quot;liftName74006e3e-f8bb-40f1-9eaf-c61a45aae8db&quot;)" storage="/mnt/c/users/alena/desktop/7_sem/testing_and_debugging/skiresort/accesstodb.tests/bin/debug/net6.0/accesstodb.tests.dll" id="8fca73e7-d543-3450-b239-5de0d2dcc0b7">
      <Execution id="6565c7a4-44ec-4ff1-ae28-9bce61ca42a0" />
      <TestMethod codeBase="/mnt/c/Users/alena/Desktop/7_sem/testing_and_debugging/SkiResort/AccessToDB.Tests/bin/Debug/net6.0/AccessToDB.Tests.dll" adapterTypeName="executor://xunit/VsTestRunner2/netcoreapp" className="AccessToDB.Tests.LiftsRepositoryTests" name="TestGetLiftByNameAsyncFailsWhenNameNotExists" />
    </UnitTest>
    <UnitTest name="AccessToDB.Tests.LiftsSlopesRepositoryTests.TestAddLiftSlopeAutoIncrementAsyncOk" storage="/mnt/c/users/alena/desktop/7_sem/testing_and_debugging/skiresort/accesstodb.tests/bin/debug/net6.0/accesstodb.tests.dll" id="30f8e924-9784-0a43-e807-094f70e06567">
      <Execution id="a269fdf6-fb00-48e3-9f3e-7dcec4e47f11" />
      <TestMethod codeBase="/mnt/c/Users/alena/Desktop/7_sem/testing_and_debugging/SkiResort/AccessToDB.Tests/bin/Debug/net6.0/AccessToDB.Tests.dll" adapterTypeName="executor://xunit/VsTestRunner2/netcoreapp" className="AccessToDB.Tests.LiftsSlopesRepositoryTests" name="TestAddLiftSlopeAutoIncrementAsyncOk" />
    </UnitTest>
    <UnitTest name="AccessToDB.Tests.UsersRepositoryTests.TestAddUserAsyncFailsWhenUserIdRepeats(user: User { UserID = 78, CardID = 213, UserEmail = UserEmail2cdc409c-3551-49a4-bf67-0d354270863f, Password = password05258107-4064-42a7-9789-1d6924669cb2, Permissions = UNAUTHORIZED })" storage="/mnt/c/users/alena/desktop/7_sem/testing_and_debugging/skiresort/accesstodb.tests/bin/debug/net6.0/accesstodb.tests.dll" id="50a84bb2-1cbb-345a-d18b-188c416cd25a">
      <Execution id="728f5231-1990-4bac-b91e-59ae5a41266b" />
      <TestMethod codeBase="/mnt/c/Users/alena/Desktop/7_sem/testing_and_debugging/SkiResort/AccessToDB.Tests/bin/Debug/net6.0/AccessToDB.Tests.dll" adapterTypeName="executor://xunit/VsTestRunner2/netcoreapp" className="AccessToDB.Tests.UsersRepositoryTests" name="TestAddUserAsyncFailsWhenUserIdRepeats" />
    </UnitTest>
    <UnitTest name="AccessToDB.Tests.UsersRepositoryTests.TestDeleteUserByIDAsyncFailsWhenIDNotExists(userID: 209)" storage="/mnt/c/users/alena/desktop/7_sem/testing_and_debugging/skiresort/accesstodb.tests/bin/debug/net6.0/accesstodb.tests.dll" id="25d1cfb0-5206-9b2a-13cd-419412c9ad85">
      <Execution id="c3c57667-b493-404c-8725-1a3cf4248404" />
      <TestMethod codeBase="/mnt/c/Users/alena/Desktop/7_sem/testing_and_debugging/SkiResort/AccessToDB.Tests/bin/Debug/net6.0/AccessToDB.Tests.dll" adapterTypeName="executor://xunit/VsTestRunner2/netcoreapp" className="AccessToDB.Tests.UsersRepositoryTests" name="TestDeleteUserByIDAsyncFailsWhenIDNotExists" />
    </UnitTest>
    <UnitTest name="AccessToDB.Tests.UsersRepositoryTests.TestGetUsersAsyncEmpty" storage="/mnt/c/users/alena/desktop/7_sem/testing_and_debugging/skiresort/accesstodb.tests/bin/debug/net6.0/accesstodb.tests.dll" id="3741b26d-6ee0-6246-29e4-92009bff37b0">
      <Execution id="b7c71921-b15c-4626-b9f3-229a0ad70248" />
      <TestMethod codeBase="/mnt/c/Users/alena/Desktop/7_sem/testing_and_debugging/SkiResort/AccessToDB.Tests/bin/Debug/net6.0/AccessToDB.Tests.dll" adapterTypeName="executor://xunit/VsTestRunner2/netcoreapp" className="AccessToDB.Tests.UsersRepositoryTests" name="TestGetUsersAsyncEmpty" />
    </UnitTest>
    <UnitTest name="AccessToDB.Tests.UsersRepositoryTests.TestCheckUserEmailExistsAsyncFalse(userEmail: &quot;userEmail8107129c-4a37-45a8-80fd-445d661ec2ef&quot;)" storage="/mnt/c/users/alena/desktop/7_sem/testing_and_debugging/skiresort/accesstodb.tests/bin/debug/net6.0/accesstodb.tests.dll" id="898a80cd-f21e-829b-ba86-37dc94924eec">
      <Execution id="925889c4-6ff1-441b-a64c-f49576532044" />
      <TestMethod codeBase="/mnt/c/Users/alena/Desktop/7_sem/testing_and_debugging/SkiResort/AccessToDB.Tests/bin/Debug/net6.0/AccessToDB.Tests.dll" adapterTypeName="executor://xunit/VsTestRunner2/netcoreapp" className="AccessToDB.Tests.UsersRepositoryTests" name="TestCheckUserEmailExistsAsyncFalse" />
    </UnitTest>
    <UnitTest name="AccessToDB.Tests.SlopesRepositoryTests.TestDeleteSlopeByIDAsyncFailsWhenIDNotExists(slopeID: 74)" storage="/mnt/c/users/alena/desktop/7_sem/testing_and_debugging/skiresort/accesstodb.tests/bin/debug/net6.0/accesstodb.tests.dll" id="f92281cd-e4ee-59aa-66ab-22f36d421d42">
      <Execution id="c075095d-5415-4022-a720-ee361aad4660" />
      <TestMethod codeBase="/mnt/c/Users/alena/Desktop/7_sem/testing_and_debugging/SkiResort/AccessToDB.Tests/bin/Debug/net6.0/AccessToDB.Tests.dll" adapterTypeName="executor://xunit/VsTestRunner2/netcoreapp" className="AccessToDB.Tests.SlopesRepositoryTests" name="TestDeleteSlopeByIDAsyncFailsWhenIDNotExists" />
    </UnitTest>
    <UnitTest name="AccessToDB.Tests.LiftsSlopesRepositoryTests.TestUpdateLiftSlopeByIDAsyncOk(liftSlope: LiftSlope { RecordID = 67, LiftID = 238, SlopeID = 65 })" storage="/mnt/c/users/alena/desktop/7_sem/testing_and_debugging/skiresort/accesstodb.tests/bin/debug/net6.0/accesstodb.tests.dll" id="78541535-2233-d8ad-44a4-8eca31c4e47a">
      <Execution id="d7c0b07c-4599-48b5-800f-1ffa32a79334" />
      <TestMethod codeBase="/mnt/c/Users/alena/Desktop/7_sem/testing_and_debugging/SkiResort/AccessToDB.Tests/bin/Debug/net6.0/AccessToDB.Tests.dll" adapterTypeName="executor://xunit/VsTestRunner2/netcoreapp" className="AccessToDB.Tests.LiftsSlopesRepositoryTests" name="TestUpdateLiftSlopeByIDAsyncOk" />
    </UnitTest>
    <UnitTest name="AccessToDB.Tests.LiftsSlopesRepositoryTests.TestGetLiftSlopesAsyncEmpty" storage="/mnt/c/users/alena/desktop/7_sem/testing_and_debugging/skiresort/accesstodb.tests/bin/debug/net6.0/accesstodb.tests.dll" id="4145f44e-b4b1-a618-09e8-c631496e6f1a">
      <Execution id="56d132df-9077-4039-b028-f45ef2add959" />
      <TestMethod codeBase="/mnt/c/Users/alena/Desktop/7_sem/testing_and_debugging/SkiResort/AccessToDB.Tests/bin/Debug/net6.0/AccessToDB.Tests.dll" adapterTypeName="executor://xunit/VsTestRunner2/netcoreapp" className="AccessToDB.Tests.LiftsSlopesRepositoryTests" name="TestGetLiftSlopesAsyncEmpty" />
    </UnitTest>
    <UnitTest name="AccessToDB.Tests.SlopesRepositoryTests.TestUpdateSlopeByIDAsyncOk(slope: Slope { SlopeID = 93, SlopeName = slopeName0985248f-f31a-4a56-afcd-1242718e4fa7, IsOpen = True, DifficultyLevel = 6, ConnectedLifts =  })" storage="/mnt/c/users/alena/desktop/7_sem/testing_and_debugging/skiresort/accesstodb.tests/bin/debug/net6.0/accesstodb.tests.dll" id="2a37a491-beda-3fdd-122c-5a7066d42f11">
      <Execution id="53149ed3-ef13-4303-92c1-cf90212c3b51" />
      <TestMethod codeBase="/mnt/c/Users/alena/Desktop/7_sem/testing_and_debugging/SkiResort/AccessToDB.Tests/bin/Debug/net6.0/AccessToDB.Tests.dll" adapterTypeName="executor://xunit/VsTestRunner2/netcoreapp" className="AccessToDB.Tests.SlopesRepositoryTests" name="TestUpdateSlopeByIDAsyncOk" />
    </UnitTest>
    <UnitTest name="AccessToDB.Tests.TurnstilesRepositoryTests.TestDeleteTurnstileByIDAsyncFailsWhenIDNotExists(turnstileID: 4)" storage="/mnt/c/users/alena/desktop/7_sem/testing_and_debugging/skiresort/accesstodb.tests/bin/debug/net6.0/accesstodb.tests.dll" id="4e3b7ea8-b11a-6338-1316-5f4097012894">
      <Execution id="51145ded-9d24-472a-a7ef-215fe969f3a9" />
      <TestMethod codeBase="/mnt/c/Users/alena/Desktop/7_sem/testing_and_debugging/SkiResort/AccessToDB.Tests/bin/Debug/net6.0/AccessToDB.Tests.dll" adapterTypeName="executor://xunit/VsTestRunner2/netcoreapp" className="AccessToDB.Tests.TurnstilesRepositoryTests" name="TestDeleteTurnstileByIDAsyncFailsWhenIDNotExists" />
    </UnitTest>
    <UnitTest name="AccessToDB.Tests.LiftsRepositoryTests.TestGetLiftByIdAsyncOk(lift: Lift { LiftID = 141, LiftName = liftNamecf546bb4-b185-4453-aaae-fe4600b71fc9, IsOpen = True, SeatsAmount = 206, LiftingTime = 242, QueueTime = 176, ConnectedSlopes =  })" storage="/mnt/c/users/alena/desktop/7_sem/testing_and_debugging/skiresort/accesstodb.tests/bin/debug/net6.0/accesstodb.tests.dll" id="ace9ba55-42a7-65f6-5aa9-5fcf9a9053ee">
      <Execution id="7894a37e-0d93-4b5d-94f1-5e1e15383427" />
      <TestMethod codeBase="/mnt/c/Users/alena/Desktop/7_sem/testing_and_debugging/SkiResort/AccessToDB.Tests/bin/Debug/net6.0/AccessToDB.Tests.dll" adapterTypeName="executor://xunit/VsTestRunner2/netcoreapp" className="AccessToDB.Tests.LiftsRepositoryTests" name="TestGetLiftByIdAsyncOk" />
    </UnitTest>
    <UnitTest name="AccessToDB.Tests.SlopesRepositoryTests.TestAddSlopeAsyncFailsWhenSlopeIdRepeats(slope: Slope { SlopeID = 177, SlopeName = slopeName8562792d-9ee7-4069-97f8-8ccaf52d3a87, IsOpen = True, DifficultyLevel = 147, ConnectedLifts =  })" storage="/mnt/c/users/alena/desktop/7_sem/testing_and_debugging/skiresort/accesstodb.tests/bin/debug/net6.0/accesstodb.tests.dll" id="0c1dca91-89f3-1524-4966-7bce8c0908d3">
      <Execution id="87c08685-bd4f-491d-adbb-556494999162" />
      <TestMethod codeBase="/mnt/c/Users/alena/Desktop/7_sem/testing_and_debugging/SkiResort/AccessToDB.Tests/bin/Debug/net6.0/AccessToDB.Tests.dll" adapterTypeName="executor://xunit/VsTestRunner2/netcoreapp" className="AccessToDB.Tests.SlopesRepositoryTests" name="TestAddSlopeAsyncFailsWhenSlopeIdRepeats" />
    </UnitTest>
    <UnitTest name="AccessToDB.Tests.LiftsSlopesRepositoryTests.TestGetLiftsBySlopeIdAsyncOk(slope1: Slope { SlopeID = 161, SlopeName = slopeNamedb82aced-6207-42a7-9062-ce211846700a, IsOpen = True, DifficultyLevel = 220, ConnectedLifts =  }, slope2: Slope { SlopeID = 136, SlopeName = slopeNamec738c75e-291b-4311-b9c8-8de509678ad8, IsOpen = False, DifficultyLevel = 173, ConnectedLifts =  }, lift1: Lift { LiftID = 91, LiftName = liftName8efd02fb-902c-4759-b421-f1..." storage="/mnt/c/users/alena/desktop/7_sem/testing_and_debugging/skiresort/accesstodb.tests/bin/debug/net6.0/accesstodb.tests.dll" id="f1a29a85-ed4d-d17e-a5cb-9350fb7e1ba5">
      <Execution id="a15545f7-3cd0-4959-b647-faf63cfcc0fc" />
      <TestMethod codeBase="/mnt/c/Users/alena/Desktop/7_sem/testing_and_debugging/SkiResort/AccessToDB.Tests/bin/Debug/net6.0/AccessToDB.Tests.dll" adapterTypeName="executor://xunit/VsTestRunner2/netcoreapp" className="AccessToDB.Tests.LiftsSlopesRepositoryTests" name="TestGetLiftsBySlopeIdAsyncOk" />
    </UnitTest>
    <UnitTest name="AccessToDB.Tests.TurnstilesRepositoryTests.TestGetTurnstileByIdAsyncOk(turnstile: Turnstile { TurnstileID = 185, LiftID = 7, IsOpen = True })" storage="/mnt/c/users/alena/desktop/7_sem/testing_and_debugging/skiresort/accesstodb.tests/bin/debug/net6.0/accesstodb.tests.dll" id="3d9f99d9-d70f-b5eb-ef93-151fe376c260">
      <Execution id="755eadd6-6b0d-4917-b0ac-e640f6589d26" />
      <TestMethod codeBase="/mnt/c/Users/alena/Desktop/7_sem/testing_and_debugging/SkiResort/AccessToDB.Tests/bin/Debug/net6.0/AccessToDB.Tests.dll" adapterTypeName="executor://xunit/VsTestRunner2/netcoreapp" className="AccessToDB.Tests.TurnstilesRepositoryTests" name="TestGetTurnstileByIdAsyncOk" />
    </UnitTest>
    <UnitTest name="AccessToDB.Tests.LiftsRepositoryTests.TestAddLiftAutoIncrementAsyncOk" storage="/mnt/c/users/alena/desktop/7_sem/testing_and_debugging/skiresort/accesstodb.tests/bin/debug/net6.0/accesstodb.tests.dll" id="ec229f70-485a-f91b-53ed-bce655f6cd58">
      <Execution id="b75844c0-f67e-47f6-b60d-c18c00fc3994" />
      <TestMethod codeBase="/mnt/c/Users/alena/Desktop/7_sem/testing_and_debugging/SkiResort/AccessToDB.Tests/bin/Debug/net6.0/AccessToDB.Tests.dll" adapterTypeName="executor://xunit/VsTestRunner2/netcoreapp" className="AccessToDB.Tests.LiftsRepositoryTests" name="TestAddLiftAutoIncrementAsyncOk" />
    </UnitTest>
    <UnitTest name="AccessToDB.Tests.UsersRepositoryTests.TestCheckUserIdExistsAsyncTrue(user: User { UserID = 144, CardID = 236, UserEmail = UserEmail38217f2b-03fe-46ae-a4d0-74d3d1119262, Password = password3c0df65e-4420-4baa-b3dc-e5c4c0d0dfde, Permissions = UNAUTHORIZED })" storage="/mnt/c/users/alena/desktop/7_sem/testing_and_debugging/skiresort/accesstodb.tests/bin/debug/net6.0/accesstodb.tests.dll" id="4ed150d9-78bd-ded4-7011-2f3255a814c9">
      <Execution id="ed83f267-4c28-4fc0-8f5e-64cd2ea5f778" />
      <TestMethod codeBase="/mnt/c/Users/alena/Desktop/7_sem/testing_and_debugging/SkiResort/AccessToDB.Tests/bin/Debug/net6.0/AccessToDB.Tests.dll" adapterTypeName="executor://xunit/VsTestRunner2/netcoreapp" className="AccessToDB.Tests.UsersRepositoryTests" name="TestCheckUserIdExistsAsyncTrue" />
    </UnitTest>
    <UnitTest name="AccessToDB.Tests.TurnstilesRepositoryTests.TestGetTurnstilesByLiftIdAsyncOk(liftID: 36)" storage="/mnt/c/users/alena/desktop/7_sem/testing_and_debugging/skiresort/accesstodb.tests/bin/debug/net6.0/accesstodb.tests.dll" id="21cb548f-d3e1-73cc-5463-c733fe2f1ef5">
      <Execution id="735870ec-c50d-4377-a018-b3872d31780d" />
      <TestMethod codeBase="/mnt/c/Users/alena/Desktop/7_sem/testing_and_debugging/SkiResort/AccessToDB.Tests/bin/Debug/net6.0/AccessToDB.Tests.dll" adapterTypeName="executor://xunit/VsTestRunner2/netcoreapp" className="AccessToDB.Tests.TurnstilesRepositoryTests" name="TestGetTurnstilesByLiftIdAsyncOk" />
    </UnitTest>
    <UnitTest name="AccessToDB.Tests.LiftsSlopesRepositoryTests.TestDeleteLiftSlopeByIDAsyncFailsWhenIDNotExists(liftSlopeID: 131)" storage="/mnt/c/users/alena/desktop/7_sem/testing_and_debugging/skiresort/accesstodb.tests/bin/debug/net6.0/accesstodb.tests.dll" id="2a7243df-8ead-dd19-ea3a-38f84d9b845f">
      <Execution id="069113f8-a924-471d-8cc7-9133cbabfed5" />
      <TestMethod codeBase="/mnt/c/Users/alena/Desktop/7_sem/testing_and_debugging/SkiResort/AccessToDB.Tests/bin/Debug/net6.0/AccessToDB.Tests.dll" adapterTypeName="executor://xunit/VsTestRunner2/netcoreapp" className="AccessToDB.Tests.LiftsSlopesRepositoryTests" name="TestDeleteLiftSlopeByIDAsyncFailsWhenIDNotExists" />
    </UnitTest>
    <UnitTest name="AccessToDB.Tests.LiftsSlopesRepositoryTests.TestAddLiftSlopeAsyncFailsWhenLiftSlopeIdRepeats(liftSlope: LiftSlope { RecordID = 242, LiftID = 214, SlopeID = 72 })" storage="/mnt/c/users/alena/desktop/7_sem/testing_and_debugging/skiresort/accesstodb.tests/bin/debug/net6.0/accesstodb.tests.dll" id="e113643a-ec4a-5946-5794-74ba588c3734">
      <Execution id="5fecb18c-78c8-4bb6-ac82-f00f6bef223a" />
      <TestMethod codeBase="/mnt/c/Users/alena/Desktop/7_sem/testing_and_debugging/SkiResort/AccessToDB.Tests/bin/Debug/net6.0/AccessToDB.Tests.dll" adapterTypeName="executor://xunit/VsTestRunner2/netcoreapp" className="AccessToDB.Tests.LiftsSlopesRepositoryTests" name="TestAddLiftSlopeAsyncFailsWhenLiftSlopeIdRepeats" />
    </UnitTest>
    <UnitTest name="AccessToDB.Tests.LiftsSlopesRepositoryTests.TestDeleteLiftSlopesByIDsAsyncOk(liftSlope: LiftSlope { RecordID = 194, LiftID = 220, SlopeID = 8 })" storage="/mnt/c/users/alena/desktop/7_sem/testing_and_debugging/skiresort/accesstodb.tests/bin/debug/net6.0/accesstodb.tests.dll" id="701a3807-4c68-78c8-4432-9d710ec42b36">
      <Execution id="b24be2ca-eea1-47f0-a505-7efdb3b7d6ff" />
      <TestMethod codeBase="/mnt/c/Users/alena/Desktop/7_sem/testing_and_debugging/SkiResort/AccessToDB.Tests/bin/Debug/net6.0/AccessToDB.Tests.dll" adapterTypeName="executor://xunit/VsTestRunner2/netcoreapp" className="AccessToDB.Tests.LiftsSlopesRepositoryTests" name="TestDeleteLiftSlopesByIDsAsyncOk" />
    </UnitTest>
    <UnitTest name="AccessToDB.Tests.LiftsSlopesRepositoryTests.TestGetLiftSlopeByIdAsyncOk(liftSlope: LiftSlope { RecordID = 6, LiftID = 185, SlopeID = 161 })" storage="/mnt/c/users/alena/desktop/7_sem/testing_and_debugging/skiresort/accesstodb.tests/bin/debug/net6.0/accesstodb.tests.dll" id="7aaff0bc-c9c9-d697-72f9-a4aeb9c21cf2">
      <Execution id="58049198-a92a-410b-9332-105a84c96e7a" />
      <TestMethod codeBase="/mnt/c/Users/alena/Desktop/7_sem/testing_and_debugging/SkiResort/AccessToDB.Tests/bin/Debug/net6.0/AccessToDB.Tests.dll" adapterTypeName="executor://xunit/VsTestRunner2/netcoreapp" className="AccessToDB.Tests.LiftsSlopesRepositoryTests" name="TestGetLiftSlopeByIdAsyncOk" />
    </UnitTest>
    <UnitTest name="AccessToDB.Tests.UsersRepositoryTests.TestUpdateUserByIDAsyncOk(user: User { UserID = 6, CardID = 3, UserEmail = UserEmail6df73b5e-4072-4a75-9d00-9dacfec7c8a1, Password = password6e003dd3-d620-4e7e-930d-42e9831d69c1, Permissions = UNAUTHORIZED })" storage="/mnt/c/users/alena/desktop/7_sem/testing_and_debugging/skiresort/accesstodb.tests/bin/debug/net6.0/accesstodb.tests.dll" id="986f852f-221c-ce83-cc5b-af0a8549be72">
      <Execution id="0584b703-4f29-4d18-87a8-3d42cb5f7a25" />
      <TestMethod codeBase="/mnt/c/Users/alena/Desktop/7_sem/testing_and_debugging/SkiResort/AccessToDB.Tests/bin/Debug/net6.0/AccessToDB.Tests.dll" adapterTypeName="executor://xunit/VsTestRunner2/netcoreapp" className="AccessToDB.Tests.UsersRepositoryTests" name="TestUpdateUserByIDAsyncOk" />
    </UnitTest>
    <UnitTest name="AccessToDB.Tests.LiftsSlopesRepositoryTests.TestGetSlopesByLiftIdAsyncFailsWhenSlopeNotExists(liftSlope: LiftSlope { RecordID = 112, LiftID = 137, SlopeID = 213 })" storage="/mnt/c/users/alena/desktop/7_sem/testing_and_debugging/skiresort/accesstodb.tests/bin/debug/net6.0/accesstodb.tests.dll" id="654dccc9-182f-dcf0-af6e-85b31f87afe5">
      <Execution id="c2d735f4-c453-4722-95a5-3211373c7252" />
      <TestMethod codeBase="/mnt/c/Users/alena/Desktop/7_sem/testing_and_debugging/SkiResort/AccessToDB.Tests/bin/Debug/net6.0/AccessToDB.Tests.dll" adapterTypeName="executor://xunit/VsTestRunner2/netcoreapp" className="AccessToDB.Tests.LiftsSlopesRepositoryTests" name="TestGetSlopesByLiftIdAsyncFailsWhenSlopeNotExists" />
    </UnitTest>
    <UnitTest name="AccessToDB.Tests.UsersRepositoryTests.TestGetUserByIdAsyncOk(user: User { UserID = 126, CardID = 242, UserEmail = UserEmail3db4e1ac-bdf0-41cf-91c2-2d3309873598, Password = password192fb8b9-6eef-4a0e-946a-080a6da82302, Permissions = UNAUTHORIZED })" storage="/mnt/c/users/alena/desktop/7_sem/testing_and_debugging/skiresort/accesstodb.tests/bin/debug/net6.0/accesstodb.tests.dll" id="6cd742eb-931c-f091-b8dd-204bddb52e6c">
      <Execution id="c3b6c785-33b4-427b-9a7c-40cfdf6e8192" />
      <TestMethod codeBase="/mnt/c/Users/alena/Desktop/7_sem/testing_and_debugging/SkiResort/AccessToDB.Tests/bin/Debug/net6.0/AccessToDB.Tests.dll" adapterTypeName="executor://xunit/VsTestRunner2/netcoreapp" className="AccessToDB.Tests.UsersRepositoryTests" name="TestGetUserByIdAsyncOk" />
    </UnitTest>
    <UnitTest name="AccessToDB.Tests.UsersRepositoryTests.TestGetUserByEmailAsyncFailsWhenEmailNotExists(email: &quot;email2b770b1b-186c-4092-b71c-21eb48e303cc&quot;)" storage="/mnt/c/users/alena/desktop/7_sem/testing_and_debugging/skiresort/accesstodb.tests/bin/debug/net6.0/accesstodb.tests.dll" id="5221b43b-f74e-bb50-757f-6310f341c955">
      <Execution id="81bbe5ad-93d6-4612-8c24-19b7dc9c1250" />
      <TestMethod codeBase="/mnt/c/Users/alena/Desktop/7_sem/testing_and_debugging/SkiResort/AccessToDB.Tests/bin/Debug/net6.0/AccessToDB.Tests.dll" adapterTypeName="executor://xunit/VsTestRunner2/netcoreapp" className="AccessToDB.Tests.UsersRepositoryTests" name="TestGetUserByEmailAsyncFailsWhenEmailNotExists" />
    </UnitTest>
    <UnitTest name="AccessToDB.Tests.UsersRepositoryTests.TestAddUserAutoIncrementAsyncOk" storage="/mnt/c/users/alena/desktop/7_sem/testing_and_debugging/skiresort/accesstodb.tests/bin/debug/net6.0/accesstodb.tests.dll" id="e75bb6e2-88d9-af2a-a444-c4a9d67f0f0e">
      <Execution id="f616af68-6cad-4441-838a-d17e0c9e27c9" />
      <TestMethod codeBase="/mnt/c/Users/alena/Desktop/7_sem/testing_and_debugging/SkiResort/AccessToDB.Tests/bin/Debug/net6.0/AccessToDB.Tests.dll" adapterTypeName="executor://xunit/VsTestRunner2/netcoreapp" className="AccessToDB.Tests.UsersRepositoryTests" name="TestAddUserAutoIncrementAsyncOk" />
    </UnitTest>
    <UnitTest name="AccessToDB.Tests.TurnstilesRepositoryTests.TestGetTurnstilesAsyncEmpty" storage="/mnt/c/users/alena/desktop/7_sem/testing_and_debugging/skiresort/accesstodb.tests/bin/debug/net6.0/accesstodb.tests.dll" id="3c521313-4ed6-6bce-b4f9-c359411028e7">
      <Execution id="4434fb0a-d121-486e-a79b-b8801b6b5a52" />
      <TestMethod codeBase="/mnt/c/Users/alena/Desktop/7_sem/testing_and_debugging/SkiResort/AccessToDB.Tests/bin/Debug/net6.0/AccessToDB.Tests.dll" adapterTypeName="executor://xunit/VsTestRunner2/netcoreapp" className="AccessToDB.Tests.TurnstilesRepositoryTests" name="TestGetTurnstilesAsyncEmpty" />
    </UnitTest>
    <UnitTest name="AccessToDB.Tests.SlopesRepositoryTests.TestGetSlopeByNameAsyncFailsWhenNameNotExists(slopeName: &quot;slopeName5f9b8802-3540-4ca7-9b89-debac3ea2283&quot;)" storage="/mnt/c/users/alena/desktop/7_sem/testing_and_debugging/skiresort/accesstodb.tests/bin/debug/net6.0/accesstodb.tests.dll" id="32ca4257-a8a5-953c-7b02-b5ce5566d551">
      <Execution id="f1ce880a-6c5e-48f4-8baa-5369d6e96a8c" />
      <TestMethod codeBase="/mnt/c/Users/alena/Desktop/7_sem/testing_and_debugging/SkiResort/AccessToDB.Tests/bin/Debug/net6.0/AccessToDB.Tests.dll" adapterTypeName="executor://xunit/VsTestRunner2/netcoreapp" className="AccessToDB.Tests.SlopesRepositoryTests" name="TestGetSlopeByNameAsyncFailsWhenNameNotExists" />
    </UnitTest>
    <UnitTest name="AccessToDB.Tests.TurnstilesRepositoryTests.TestAddTurnstileAsyncFailsWhenTurnstileIdRepeats(turnstile: Turnstile { TurnstileID = 54, LiftID = 20, IsOpen = True })" storage="/mnt/c/users/alena/desktop/7_sem/testing_and_debugging/skiresort/accesstodb.tests/bin/debug/net6.0/accesstodb.tests.dll" id="f29e54f8-394c-a596-1e08-8c53b90bf472">
      <Execution id="4c6edb63-6ca1-41df-b009-9a8e8800581f" />
      <TestMethod codeBase="/mnt/c/Users/alena/Desktop/7_sem/testing_and_debugging/SkiResort/AccessToDB.Tests/bin/Debug/net6.0/AccessToDB.Tests.dll" adapterTypeName="executor://xunit/VsTestRunner2/netcoreapp" className="AccessToDB.Tests.TurnstilesRepositoryTests" name="TestAddTurnstileAsyncFailsWhenTurnstileIdRepeats" />
    </UnitTest>
    <UnitTest name="AccessToDB.Tests.SlopesRepositoryTests.TestGetSlopeByIdAsyncOk(slope: Slope { SlopeID = 110, SlopeName = slopeName2745a35d-91c3-4466-bf34-57d8c681c0ee, IsOpen = True, DifficultyLevel = 100, ConnectedLifts =  })" storage="/mnt/c/users/alena/desktop/7_sem/testing_and_debugging/skiresort/accesstodb.tests/bin/debug/net6.0/accesstodb.tests.dll" id="5173ea0f-13af-ee22-34ef-990e56764c1e">
      <Execution id="f5f38808-3a7d-45a2-8bca-a253a64d52c1" />
      <TestMethod codeBase="/mnt/c/Users/alena/Desktop/7_sem/testing_and_debugging/SkiResort/AccessToDB.Tests/bin/Debug/net6.0/AccessToDB.Tests.dll" adapterTypeName="executor://xunit/VsTestRunner2/netcoreapp" className="AccessToDB.Tests.SlopesRepositoryTests" name="TestGetSlopeByIdAsyncOk" />
    </UnitTest>
    <UnitTest name="AccessToDB.Tests.LiftsRepositoryTests.TestUpdateLiftByIDAsyncOk(lift: Lift { LiftID = 146, LiftName = liftName9afa5622-3534-4328-858f-35c03c78e015, IsOpen = True, SeatsAmount = 156, LiftingTime = 48, QueueTime = 135, ConnectedSlopes =  })" storage="/mnt/c/users/alena/desktop/7_sem/testing_and_debugging/skiresort/accesstodb.tests/bin/debug/net6.0/accesstodb.tests.dll" id="15d9f188-822b-aede-eb0f-90e416a5ddec">
      <Execution id="961cd74c-fd1e-4eb0-8006-33faba8e99a2" />
      <TestMethod codeBase="/mnt/c/Users/alena/Desktop/7_sem/testing_and_debugging/SkiResort/AccessToDB.Tests/bin/Debug/net6.0/AccessToDB.Tests.dll" adapterTypeName="executor://xunit/VsTestRunner2/netcoreapp" className="AccessToDB.Tests.LiftsRepositoryTests" name="TestUpdateLiftByIDAsyncOk" />
    </UnitTest>
    <UnitTest name="AccessToDB.Tests.SlopesRepositoryTests.TestGetSlopesAsyncEmpty" storage="/mnt/c/users/alena/desktop/7_sem/testing_and_debugging/skiresort/accesstodb.tests/bin/debug/net6.0/accesstodb.tests.dll" id="9bbefb83-8311-6e03-307f-415e3495e223">
      <Execution id="b9f8120d-5572-43f3-9a17-75e482786fd0" />
      <TestMethod codeBase="/mnt/c/Users/alena/Desktop/7_sem/testing_and_debugging/SkiResort/AccessToDB.Tests/bin/Debug/net6.0/AccessToDB.Tests.dll" adapterTypeName="executor://xunit/VsTestRunner2/netcoreapp" className="AccessToDB.Tests.SlopesRepositoryTests" name="TestGetSlopesAsyncEmpty" />
    </UnitTest>
  </TestDefinitions>
  <TestEntries>
    <TestEntry testId="f29e54f8-394c-a596-1e08-8c53b90bf472" executionId="4c6edb63-6ca1-41df-b009-9a8e8800581f" testListId="8c84fa94-04c1-424b-9868-57a2d4851a1d" />
    <TestEntry testId="ace9ba55-42a7-65f6-5aa9-5fcf9a9053ee" executionId="7894a37e-0d93-4b5d-94f1-5e1e15383427" testListId="8c84fa94-04c1-424b-9868-57a2d4851a1d" />
    <TestEntry testId="5173ea0f-13af-ee22-34ef-990e56764c1e" executionId="f5f38808-3a7d-45a2-8bca-a253a64d52c1" testListId="8c84fa94-04c1-424b-9868-57a2d4851a1d" />
    <TestEntry testId="898a80cd-f21e-829b-ba86-37dc94924eec" executionId="925889c4-6ff1-441b-a64c-f49576532044" testListId="8c84fa94-04c1-424b-9868-57a2d4851a1d" />
    <TestEntry testId="5221b43b-f74e-bb50-757f-6310f341c955" executionId="81bbe5ad-93d6-4612-8c24-19b7dc9c1250" testListId="8c84fa94-04c1-424b-9868-57a2d4851a1d" />
    <TestEntry testId="78541535-2233-d8ad-44a4-8eca31c4e47a" executionId="d7c0b07c-4599-48b5-800f-1ffa32a79334" testListId="8c84fa94-04c1-424b-9868-57a2d4851a1d" />
    <TestEntry testId="2a37a491-beda-3fdd-122c-5a7066d42f11" executionId="53149ed3-ef13-4303-92c1-cf90212c3b51" testListId="8c84fa94-04c1-424b-9868-57a2d4851a1d" />
    <TestEntry testId="e75bb6e2-88d9-af2a-a444-c4a9d67f0f0e" executionId="f616af68-6cad-4441-838a-d17e0c9e27c9" testListId="8c84fa94-04c1-424b-9868-57a2d4851a1d" />
    <TestEntry testId="3c521313-4ed6-6bce-b4f9-c359411028e7" executionId="4434fb0a-d121-486e-a79b-b8801b6b5a52" testListId="8c84fa94-04c1-424b-9868-57a2d4851a1d" />
    <TestEntry testId="2e87dc6d-f6bc-b0b0-097b-ea69359dab90" executionId="0dcc32ca-309d-4b52-9ea8-cb29f0618b31" testListId="8c84fa94-04c1-424b-9868-57a2d4851a1d" />
    <TestEntry testId="e113643a-ec4a-5946-5794-74ba588c3734" executionId="5fecb18c-78c8-4bb6-ac82-f00f6bef223a" testListId="8c84fa94-04c1-424b-9868-57a2d4851a1d" />
    <TestEntry testId="701a3807-4c68-78c8-4432-9d710ec42b36" executionId="b24be2ca-eea1-47f0-a505-7efdb3b7d6ff" testListId="8c84fa94-04c1-424b-9868-57a2d4851a1d" />
    <TestEntry testId="25d1cfb0-5206-9b2a-13cd-419412c9ad85" executionId="c3c57667-b493-404c-8725-1a3cf4248404" testListId="8c84fa94-04c1-424b-9868-57a2d4851a1d" />
    <TestEntry testId="7aaff0bc-c9c9-d697-72f9-a4aeb9c21cf2" executionId="58049198-a92a-410b-9332-105a84c96e7a" testListId="8c84fa94-04c1-424b-9868-57a2d4851a1d" />
    <TestEntry testId="4e3b7ea8-b11a-6338-1316-5f4097012894" executionId="51145ded-9d24-472a-a7ef-215fe969f3a9" testListId="8c84fa94-04c1-424b-9868-57a2d4851a1d" />
    <TestEntry testId="9bbefb83-8311-6e03-307f-415e3495e223" executionId="b9f8120d-5572-43f3-9a17-75e482786fd0" testListId="8c84fa94-04c1-424b-9868-57a2d4851a1d" />
    <TestEntry testId="f9435956-2e34-e52b-c34e-dce53665cf8e" executionId="219e8031-ff3f-4017-9b1e-f68cf4a1e0fa" testListId="8c84fa94-04c1-424b-9868-57a2d4851a1d" />
    <TestEntry testId="4ed150d9-78bd-ded4-7011-2f3255a814c9" executionId="ed83f267-4c28-4fc0-8f5e-64cd2ea5f778" testListId="8c84fa94-04c1-424b-9868-57a2d4851a1d" />
    <TestEntry testId="ec229f70-485a-f91b-53ed-bce655f6cd58" executionId="b75844c0-f67e-47f6-b60d-c18c00fc3994" testListId="8c84fa94-04c1-424b-9868-57a2d4851a1d" />
    <TestEntry testId="3d9f99d9-d70f-b5eb-ef93-151fe376c260" executionId="755eadd6-6b0d-4917-b0ac-e640f6589d26" testListId="8c84fa94-04c1-424b-9868-57a2d4851a1d" />
    <TestEntry testId="6ee2d583-8ed3-a9af-65d3-f66cd9b16f8c" executionId="17b117e1-caad-43ad-85ea-8496383460c6" testListId="8c84fa94-04c1-424b-9868-57a2d4851a1d" />
    <TestEntry testId="21cb548f-d3e1-73cc-5463-c733fe2f1ef5" executionId="735870ec-c50d-4377-a018-b3872d31780d" testListId="8c84fa94-04c1-424b-9868-57a2d4851a1d" />
    <TestEntry testId="3741b26d-6ee0-6246-29e4-92009bff37b0" executionId="b7c71921-b15c-4626-b9f3-229a0ad70248" testListId="8c84fa94-04c1-424b-9868-57a2d4851a1d" />
    <TestEntry testId="8fca73e7-d543-3450-b239-5de0d2dcc0b7" executionId="6565c7a4-44ec-4ff1-ae28-9bce61ca42a0" testListId="8c84fa94-04c1-424b-9868-57a2d4851a1d" />
    <TestEntry testId="8f7ba917-f771-0dc5-f9b9-465c34344b12" executionId="24541dfd-66aa-418c-a57e-fe3dcf4c1897" testListId="8c84fa94-04c1-424b-9868-57a2d4851a1d" />
    <TestEntry testId="f92281cd-e4ee-59aa-66ab-22f36d421d42" executionId="c075095d-5415-4022-a720-ee361aad4660" testListId="8c84fa94-04c1-424b-9868-57a2d4851a1d" />
    <TestEntry testId="607e8298-f113-be33-300e-15a343893443" executionId="74b6e89e-7f9b-41d3-9eb5-e66fc03411b6" testListId="8c84fa94-04c1-424b-9868-57a2d4851a1d" />
    <TestEntry testId="654dccc9-182f-dcf0-af6e-85b31f87afe5" executionId="c2d735f4-c453-4722-95a5-3211373c7252" testListId="8c84fa94-04c1-424b-9868-57a2d4851a1d" />
    <TestEntry testId="0c1dca91-89f3-1524-4966-7bce8c0908d3" executionId="87c08685-bd4f-491d-adbb-556494999162" testListId="8c84fa94-04c1-424b-9868-57a2d4851a1d" />
    <TestEntry testId="6cd742eb-931c-f091-b8dd-204bddb52e6c" executionId="c3b6c785-33b4-427b-9a7c-40cfdf6e8192" testListId="8c84fa94-04c1-424b-9868-57a2d4851a1d" />
    <TestEntry testId="2a7243df-8ead-dd19-ea3a-38f84d9b845f" executionId="069113f8-a924-471d-8cc7-9133cbabfed5" testListId="8c84fa94-04c1-424b-9868-57a2d4851a1d" />
    <TestEntry testId="15d9f188-822b-aede-eb0f-90e416a5ddec" executionId="961cd74c-fd1e-4eb0-8006-33faba8e99a2" testListId="8c84fa94-04c1-424b-9868-57a2d4851a1d" />
    <TestEntry testId="4145f44e-b4b1-a618-09e8-c631496e6f1a" executionId="56d132df-9077-4039-b028-f45ef2add959" testListId="8c84fa94-04c1-424b-9868-57a2d4851a1d" />
    <TestEntry testId="f1a29a85-ed4d-d17e-a5cb-9350fb7e1ba5" executionId="a15545f7-3cd0-4959-b647-faf63cfcc0fc" testListId="8c84fa94-04c1-424b-9868-57a2d4851a1d" />
    <TestEntry testId="30f8e924-9784-0a43-e807-094f70e06567" executionId="a269fdf6-fb00-48e3-9f3e-7dcec4e47f11" testListId="8c84fa94-04c1-424b-9868-57a2d4851a1d" />
    <TestEntry testId="c6e0bfa8-e2b1-b015-ef75-d00813b7014a" executionId="6e426f3d-62a3-4d7f-a276-6aa7671f2785" testListId="8c84fa94-04c1-424b-9868-57a2d4851a1d" />
    <TestEntry testId="32ca4257-a8a5-953c-7b02-b5ce5566d551" executionId="f1ce880a-6c5e-48f4-8baa-5369d6e96a8c" testListId="8c84fa94-04c1-424b-9868-57a2d4851a1d" />
    <TestEntry testId="986f852f-221c-ce83-cc5b-af0a8549be72" executionId="0584b703-4f29-4d18-87a8-3d42cb5f7a25" testListId="8c84fa94-04c1-424b-9868-57a2d4851a1d" />
    <TestEntry testId="50a84bb2-1cbb-345a-d18b-188c416cd25a" executionId="728f5231-1990-4bac-b91e-59ae5a41266b" testListId="8c84fa94-04c1-424b-9868-57a2d4851a1d" />
  </TestEntries>
  <TestLists>
    <TestList name="Results Not in a List" id="8c84fa94-04c1-424b-9868-57a2d4851a1d" />
    <TestList name="All Loaded Results" id="19431567-8539-422a-85d7-44ee4e166bda" />
  </TestLists>
  <ResultSummary outcome="Completed">
    <Counters total="39" executed="39" passed="39" failed="0" error="0" timeout="0" aborted="0" inconclusive="0" passedButRunAborted="0" notRunnable="0" notExecuted="0" disconnected="0" warning="0" completed="0" inProgress="0" pending="0" />
    <Output>
      <StdOut>[xUnit.net 00:00:00.00] xUnit.net VSTest Adapter v2.4.5+1caef2f33e (64-bit .NET 6.0.10)
[xUnit.net 00:00:01.03]   Discovering: AccessToDB.Tests
[xUnit.net 00:00:01.27]   Discovered:  AccessToDB.Tests
[xUnit.net 00:00:01.28]   Starting:    AccessToDB.Tests
[xUnit.net 00:00:16.99]   Finished:    AccessToDB.Tests
</StdOut>
    </Output>
  </ResultSummary>
</TestRun>