<?xml version="1.0" encoding="utf-8"?>
<TestRun id="70678ac8-b66d-4852-93c1-d00536825087" name="alena@DESKTOP-TJ9D65N 2022-10-15 20:32:16" runUser="DESKTOP-TJ9D65N\alena" xmlns="http://microsoft.com/schemas/VisualStudio/TeamTest/2010">
  <Times creation="2022-10-15T20:32:16.5885601+03:00" queuing="2022-10-15T20:32:16.5885606+03:00" start="2022-10-15T20:32:12.9921233+03:00" finish="2022-10-15T20:32:37.4298037+03:00" />
  <TestSettings name="default" id="0fa16d19-2af3-4b9a-ba42-369afb6ba939">
    <Deployment runDeploymentRoot="alena_DESKTOP-TJ9D65N_2022-10-15_20_32_16" />
  </TestSettings>
  <Results>
    <UnitTestResult executionId="7dded209-d76d-456b-ad41-b505ec44254a" testId="abbf0224-f779-d468-2024-619b6539239d" testName="AccessToDB.Tests.UsersRepositoryTests.TestDeleteUserByIDAsyncFailsWhenIDNotExists(userID: 184)" computerName="DESKTOP-TJ9D65N" duration="00:00:00.5724893" startTime="2022-10-15T20:32:33.7646595+03:00" endTime="2022-10-15T20:32:33.7646598+03:00" testType="13cdc9d9-ddb5-4fa4-a97d-d965ccfc6d4b" outcome="Passed" testListId="8c84fa94-04c1-424b-9868-57a2d4851a1d" relativeResultsDirectory="7dded209-d76d-456b-ad41-b505ec44254a" />
    <UnitTestResult executionId="4606c634-e0e0-4000-9383-da3556e7eb56" testId="9dfbe1eb-c46c-264c-ecd2-c7cb8a54e47e" testName="AccessToDB.Tests.LiftsSlopesRepositoryTests.TestAddLiftSlopeAsyncFailsWhenLiftSlopeIdRepeats(liftSlope: LiftSlope { RecordID = 180, LiftID = 95, SlopeID = 107 })" computerName="DESKTOP-TJ9D65N" duration="00:00:00.6011643" startTime="2022-10-15T20:32:19.9386117+03:00" endTime="2022-10-15T20:32:19.9386119+03:00" testType="13cdc9d9-ddb5-4fa4-a97d-d965ccfc6d4b" outcome="Passed" testListId="8c84fa94-04c1-424b-9868-57a2d4851a1d" relativeResultsDirectory="4606c634-e0e0-4000-9383-da3556e7eb56" />
    <UnitTestResult executionId="f866337e-f7bf-41eb-b498-06d7cc974d05" testId="95a19486-c965-9e03-0378-3ed7ba6dd309" testName="AccessToDB.Tests.TurnstilesRepositoryTests.TestDeleteTurnstileByIDAsyncFailsWhenIDNotExists(turnstileID: 86)" computerName="DESKTOP-TJ9D65N" duration="00:00:00.5685254" startTime="2022-10-15T20:32:26.0477178+03:00" endTime="2022-10-15T20:32:26.0477179+03:00" testType="13cdc9d9-ddb5-4fa4-a97d-d965ccfc6d4b" outcome="Passed" testListId="8c84fa94-04c1-424b-9868-57a2d4851a1d" relativeResultsDirectory="f866337e-f7bf-41eb-b498-06d7cc974d05" />
    <UnitTestResult executionId="46057f22-0579-4808-8f8e-2bc549fdd66d" testId="8c4e8e8f-34d8-ed78-92b8-ef65c2310968" testName="AccessToDB.Tests.SlopesRepositoryTests.TestGetSlopeByIdAsyncOk(slope: Slope { SlopeID = 99, SlopeName = slopeName79ba83d9-fb53-41bd-8f13-2aec34d2992f, IsOpen = True, DifficultyLevel = 233, ConnectedLifts =  })" computerName="DESKTOP-TJ9D65N" duration="00:00:00.5963452" startTime="2022-10-15T20:32:29.0397499+03:00" endTime="2022-10-15T20:32:29.0397501+03:00" testType="13cdc9d9-ddb5-4fa4-a97d-d965ccfc6d4b" outcome="Passed" testListId="8c84fa94-04c1-424b-9868-57a2d4851a1d" relativeResultsDirectory="46057f22-0579-4808-8f8e-2bc549fdd66d" />
    <UnitTestResult executionId="7c4f4351-29fb-491c-963c-259644da877d" testId="206e8e3b-6a26-05bf-e3d7-19e6f2a3a519" testName="AccessToDB.Tests.LiftsRepositoryTests.TestGetLiftByIdAsyncOk(lift: Lift { LiftID = 144, LiftName = liftName239f39b1-424d-4b43-bd09-574ec943f49a, IsOpen = True, SeatsAmount = 153, LiftingTime = 152, QueueTime = 223, ConnectedSlopes =  })" computerName="DESKTOP-TJ9D65N" duration="00:00:00.5951433" startTime="2022-10-15T20:32:21.7753005+03:00" endTime="2022-10-15T20:32:21.7753006+03:00" testType="13cdc9d9-ddb5-4fa4-a97d-d965ccfc6d4b" outcome="Passed" testListId="8c84fa94-04c1-424b-9868-57a2d4851a1d" relativeResultsDirectory="7c4f4351-29fb-491c-963c-259644da877d" />
    <UnitTestResult executionId="c75355c5-144a-4641-b286-758c87df25e7" testId="012b283d-c5d3-4273-408e-667d9c41e660" testName="AccessToDB.Tests.LiftsSlopesRepositoryTests.TestGetLiftSlopeByIdAsyncOk(liftSlope: LiftSlope { RecordID = 248, LiftID = 146, SlopeID = 251 })" computerName="DESKTOP-TJ9D65N" duration="00:00:00.5945719" startTime="2022-10-15T20:32:16.9767793+03:00" endTime="2022-10-15T20:32:16.9767795+03:00" testType="13cdc9d9-ddb5-4fa4-a97d-d965ccfc6d4b" outcome="Passed" testListId="8c84fa94-04c1-424b-9868-57a2d4851a1d" relativeResultsDirectory="c75355c5-144a-4641-b286-758c87df25e7" />
    <UnitTestResult executionId="65ad85fa-63ae-448b-ba0f-6378764dd13c" testId="4b6a53f3-5b44-a8d7-3afa-d71b5ec6cc45" testName="AccessToDB.Tests.SlopesRepositoryTests.TestDeleteSlopeByIDAsyncFailsWhenIDNotExists(slopeID: 187)" computerName="DESKTOP-TJ9D65N" duration="00:00:00.5583255" startTime="2022-10-15T20:32:31.9895953+03:00" endTime="2022-10-15T20:32:31.9895953+03:00" testType="13cdc9d9-ddb5-4fa4-a97d-d965ccfc6d4b" outcome="Passed" testListId="8c84fa94-04c1-424b-9868-57a2d4851a1d" relativeResultsDirectory="65ad85fa-63ae-448b-ba0f-6378764dd13c" />
    <UnitTestResult executionId="f35b76d4-144a-4e73-98fa-00745706587f" testId="9bbefb83-8311-6e03-307f-415e3495e223" testName="AccessToDB.Tests.SlopesRepositoryTests.TestGetSlopesAsyncEmpty" computerName="DESKTOP-TJ9D65N" duration="00:00:00.5614488" startTime="2022-10-15T20:32:32.5539188+03:00" endTime="2022-10-15T20:32:32.5539189+03:00" testType="13cdc9d9-ddb5-4fa4-a97d-d965ccfc6d4b" outcome="Passed" testListId="8c84fa94-04c1-424b-9868-57a2d4851a1d" relativeResultsDirectory="f35b76d4-144a-4e73-98fa-00745706587f" />
    <UnitTestResult executionId="0808b6cd-81be-4b2e-8a56-666430697a4b" testId="65a1c71c-a426-0189-f209-c1d93786e255" testName="AccessToDB.Tests.LiftsSlopesRepositoryTests.TestDeleteLiftSlopesByIDsAsyncOk(liftSlope: LiftSlope { RecordID = 254, LiftID = 23, SlopeID = 84 })" computerName="DESKTOP-TJ9D65N" duration="00:00:00.6779595" startTime="2022-10-15T20:32:15.0593971+03:00" endTime="2022-10-15T20:32:15.0594458+03:00" testType="13cdc9d9-ddb5-4fa4-a97d-d965ccfc6d4b" outcome="Passed" testListId="8c84fa94-04c1-424b-9868-57a2d4851a1d" relativeResultsDirectory="0808b6cd-81be-4b2e-8a56-666430697a4b" />
    <UnitTestResult executionId="246debbe-98a5-4fb5-9bc2-342a729dd9ab" testId="3c521313-4ed6-6bce-b4f9-c359411028e7" testName="AccessToDB.Tests.TurnstilesRepositoryTests.TestGetTurnstilesAsyncEmpty" computerName="DESKTOP-TJ9D65N" duration="00:00:00.5602867" startTime="2022-10-15T20:32:27.2143538+03:00" endTime="2022-10-15T20:32:27.2143539+03:00" testType="13cdc9d9-ddb5-4fa4-a97d-d965ccfc6d4b" outcome="Passed" testListId="8c84fa94-04c1-424b-9868-57a2d4851a1d" relativeResultsDirectory="246debbe-98a5-4fb5-9bc2-342a729dd9ab" />
    <UnitTestResult executionId="e0663564-6431-4ef3-b268-a271023130fa" testId="e4b4186c-87eb-92ae-1f48-5c7e10a173f9" testName="AccessToDB.Tests.LiftsSlopesRepositoryTests.TestUpdateLiftSlopeByIDAsyncOk(liftSlope: LiftSlope { RecordID = 11, LiftID = 218, SlopeID = 23 })" computerName="DESKTOP-TJ9D65N" duration="00:00:00.6061499" startTime="2022-10-15T20:32:17.5876929+03:00" endTime="2022-10-15T20:32:17.5876933+03:00" testType="13cdc9d9-ddb5-4fa4-a97d-d965ccfc6d4b" outcome="Passed" testListId="8c84fa94-04c1-424b-9868-57a2d4851a1d" relativeResultsDirectory="e0663564-6431-4ef3-b268-a271023130fa" />
    <UnitTestResult executionId="415d8231-8665-4cda-b23b-ac3ddb9f106b" testId="336bf0a4-5021-8df5-2d59-c2ab62600eb5" testName="AccessToDB.Tests.LiftsRepositoryTests.TestGetLiftByNameAsyncFailsWhenNameNotExists(liftName: &quot;liftName6f7ec045-923f-4975-8f33-e91889f7317c&quot;)" computerName="DESKTOP-TJ9D65N" duration="00:00:00.5646312" startTime="2022-10-15T20:32:22.3431320+03:00" endTime="2022-10-15T20:32:22.3431321+03:00" testType="13cdc9d9-ddb5-4fa4-a97d-d965ccfc6d4b" outcome="Passed" testListId="8c84fa94-04c1-424b-9868-57a2d4851a1d" relativeResultsDirectory="415d8231-8665-4cda-b23b-ac3ddb9f106b" />
    <UnitTestResult executionId="4c070871-99d5-495f-aef3-12a3de9c4434" testId="905b3efa-41c9-d2db-1e69-d47ac12714e2" testName="AccessToDB.Tests.SlopesRepositoryTests.TestUpdateSlopeByIDAsyncOk(slope: Slope { SlopeID = 122, SlopeName = slopeName08adb6e1-dace-4780-a3a7-7a0c1290fb57, IsOpen = True, DifficultyLevel = 94, ConnectedLifts =  })" computerName="DESKTOP-TJ9D65N" duration="00:00:00.6055724" startTime="2022-10-15T20:32:30.2135249+03:00" endTime="2022-10-15T20:32:30.2135251+03:00" testType="13cdc9d9-ddb5-4fa4-a97d-d965ccfc6d4b" outcome="Passed" testListId="8c84fa94-04c1-424b-9868-57a2d4851a1d" relativeResultsDirectory="4c070871-99d5-495f-aef3-12a3de9c4434" />
    <UnitTestResult executionId="7549f320-6411-4b55-88ab-49159d04b152" testId="4145f44e-b4b1-a618-09e8-c631496e6f1a" testName="AccessToDB.Tests.LiftsSlopesRepositoryTests.TestGetLiftSlopesAsyncEmpty" computerName="DESKTOP-TJ9D65N" duration="00:00:00.5594550" startTime="2022-10-15T20:32:19.3306582+03:00" endTime="2022-10-15T20:32:19.3306584+03:00" testType="13cdc9d9-ddb5-4fa4-a97d-d965ccfc6d4b" outcome="Passed" testListId="8c84fa94-04c1-424b-9868-57a2d4851a1d" relativeResultsDirectory="7549f320-6411-4b55-88ab-49159d04b152" />
    <UnitTestResult executionId="03aad9f1-e267-40ba-bda9-eec3453be40e" testId="81f1ec5b-8c01-e653-5dfd-fdce20396e0d" testName="AccessToDB.Tests.LiftsSlopesRepositoryTests.TestDeleteLiftSlopeByIDAsyncFailsWhenIDNotExists(liftSlopeID: 29)" computerName="DESKTOP-TJ9D65N" duration="00:00:00.5604264" startTime="2022-10-15T20:32:18.1533299+03:00" endTime="2022-10-15T20:32:18.1533302+03:00" testType="13cdc9d9-ddb5-4fa4-a97d-d965ccfc6d4b" outcome="Passed" testListId="8c84fa94-04c1-424b-9868-57a2d4851a1d" relativeResultsDirectory="03aad9f1-e267-40ba-bda9-eec3453be40e" />
    <UnitTestResult executionId="a1b2b1c5-eafc-4c0c-a36b-6603ab0d5fcc" testId="40f61c7c-a116-4097-2666-b2b88076145d" testName="AccessToDB.Tests.LiftsRepositoryTests.TestDeleteLiftByIDAsyncFailsWhenIDNotExists(liftID: 65)" computerName="DESKTOP-TJ9D65N" duration="00:00:00.5645550" startTime="2022-10-15T20:32:24.0938039+03:00" endTime="2022-10-15T20:32:24.0938040+03:00" testType="13cdc9d9-ddb5-4fa4-a97d-d965ccfc6d4b" outcome="Passed" testListId="8c84fa94-04c1-424b-9868-57a2d4851a1d" relativeResultsDirectory="a1b2b1c5-eafc-4c0c-a36b-6603ab0d5fcc" />
    <UnitTestResult executionId="db241183-e183-4b2f-9b5f-e534db7f65d8" testId="64db9094-73ac-9ce3-e503-e23a273dfce2" testName="AccessToDB.Tests.UsersRepositoryTests.TestCheckUserIdExistsAsyncTrue(user: User { UserID = 104, CardID = 162, UserEmail = UserEmail00c180d2-cfbc-48f1-ad72-8a9b1f5bf2df, Password = passworde9df972e-159f-4e82-9f79-6099fc5b0cec, Permissions = UNAUTHORIZED })" computerName="DESKTOP-TJ9D65N" duration="00:00:00.0010000" startTime="2022-10-15T20:32:33.2010325+03:00" endTime="2022-10-15T20:32:33.2010327+03:00" testType="13cdc9d9-ddb5-4fa4-a97d-d965ccfc6d4b" outcome="Failed" testListId="8c84fa94-04c1-424b-9868-57a2d4851a1d" relativeResultsDirectory="db241183-e183-4b2f-9b5f-e534db7f65d8">
      <Output>
        <ErrorInfo>
          <Message>System.InvalidOperationException : Operations that change non-concurrent collections must have exclusive access. A concurrent update was performed on this collection and corrupted its state. The collection's state is no longer correct.</Message>
          <StackTrace>   at System.Collections.Generic.Dictionary`2.FindValue(TKey key)&#xD;
   at System.Collections.Generic.Dictionary`2.TryGetValue(TKey key, TValue&amp; value)&#xD;
   at ProGaudi.MsgPack.Light.MsgPackContext.GetObjectActivator(Type type)&#xD;
   at ProGaudi.MsgPack.Light.MsgPackContext.&lt;&gt;c__DisplayClass27_0.&lt;TryGenerateArrayConverter&gt;b__0(Type x)&#xD;
   at ProGaudi.MsgPack.Light.MsgPackContext.TryGenerateArrayConverter(Type type)&#xD;
   at ProGaudi.MsgPack.Light.MsgPackContext.GetConverter[T]()&#xD;
   at ProGaudi.Tarantool.Client.Converters.ResponsePacketConverter`1.Initialize(MsgPackContext context)&#xD;
   at ProGaudi.MsgPack.Light.MsgPackContext.CreateAndInializeConverter(Func`1 converterActivator)&#xD;
   at ProGaudi.MsgPack.Light.MsgPackContext.TryGenerateConverterFromGenericConverter(Type type)&#xD;
   at ProGaudi.MsgPack.Light.MsgPackContext.GetConverter[T]()&#xD;
   at ProGaudi.MsgPack.Light.MsgPackSerializer.GetConverter[T](MsgPackContext context)&#xD;
   at ProGaudi.MsgPack.Light.MsgPackSerializer.Deserialize[T](MemoryStream stream, MsgPackContext context)&#xD;
   at ProGaudi.Tarantool.Client.LogicalConnection.SendRequest[TRequest,TResponse](TRequest request, Nullable`1 timeout)&#xD;
   at ProGaudi.Tarantool.Client.LogicalConnectionManager.SendRequest[TRequest,TResponse](TRequest request, Nullable`1 timeout)&#xD;
   at ProGaudi.Tarantool.Client.Schema.Select[T](UInt32 spaceId, Iterator iterator, UInt32 id)&#xD;
   at ProGaudi.Tarantool.Client.Schema.Reload()&#xD;
   at ProGaudi.Tarantool.Client.Box.Connect()&#xD;
   at ProGaudi.Tarantool.Client.Box.Connect(String replicationSource)&#xD;
   at AccessToDB.TarantoolContext.Initialize(String connection_string) in C:\Users\alena\Desktop\7_sem\testing_and_debugging\SkiResort\AccessToDB\TarantoolContext.cs:line 52&#xD;
   at AccessToDB.TarantoolContext..ctor(String connection_string) in C:\Users\alena\Desktop\7_sem\testing_and_debugging\SkiResort\AccessToDB\TarantoolContext.cs:line 32&#xD;
   at AccessToDB.Tests.UsersRepositoryTests..ctor() in C:\Users\alena\Desktop\7_sem\testing_and_debugging\SkiResort\AccessToDB.Tests\UsersRepositoryTests.cs:line 28&#xD;
   at System.RuntimeType.CreateInstanceDefaultCtor(Boolean publicOnly, Boolean wrapExceptions)</StackTrace>
        </ErrorInfo>
      </Output>
    </UnitTestResult>
    <UnitTestResult executionId="5c0fc7ed-8e87-4dab-8d21-5f904d4976e7" testId="c75e42a0-f2a5-345b-014c-54bcf35f09a2" testName="AccessToDB.Tests.UsersRepositoryTests.TestAddUserAsyncFailsWhenUserIdRepeats(user: User { UserID = 8, CardID = 66, UserEmail = UserEmail291b9547-8bc5-463c-9494-1408990ce0b3, Password = password0a006539-6fd3-4640-9db0-d6867d15357d, Permissions = UNAUTHORIZED })" computerName="DESKTOP-TJ9D65N" duration="00:00:00.6039238" startTime="2022-10-15T20:32:37.3386888+03:00" endTime="2022-10-15T20:32:37.3386893+03:00" testType="13cdc9d9-ddb5-4fa4-a97d-d965ccfc6d4b" outcome="Passed" testListId="8c84fa94-04c1-424b-9868-57a2d4851a1d" relativeResultsDirectory="5c0fc7ed-8e87-4dab-8d21-5f904d4976e7" />
    <UnitTestResult executionId="76be1b76-b3eb-4bdb-96d9-56cb69f55a89" testId="ec229f70-485a-f91b-53ed-bce655f6cd58" testName="AccessToDB.Tests.LiftsRepositoryTests.TestAddLiftAutoIncrementAsyncOk" computerName="DESKTOP-TJ9D65N" duration="00:00:00.6092492" startTime="2022-10-15T20:32:21.1769238+03:00" endTime="2022-10-15T20:32:21.1769241+03:00" testType="13cdc9d9-ddb5-4fa4-a97d-d965ccfc6d4b" outcome="Passed" testListId="8c84fa94-04c1-424b-9868-57a2d4851a1d" relativeResultsDirectory="76be1b76-b3eb-4bdb-96d9-56cb69f55a89" />
    <UnitTestResult executionId="51cb039f-2b4b-4c8d-9295-d8ff231ac723" testId="f6548dce-524a-981b-4d82-b527c6c7677b" testName="AccessToDB.Tests.UsersRepositoryTests.TestGetUserByEmailAsyncFailsWhenEmailNotExists(email: &quot;email31c1d4f3-8562-49fc-83f1-3c0fd458fb8b&quot;)" computerName="DESKTOP-TJ9D65N" duration="00:00:00.5577887" startTime="2022-10-15T20:32:34.3284899+03:00" endTime="2022-10-15T20:32:34.3284903+03:00" testType="13cdc9d9-ddb5-4fa4-a97d-d965ccfc6d4b" outcome="Passed" testListId="8c84fa94-04c1-424b-9868-57a2d4851a1d" relativeResultsDirectory="51cb039f-2b4b-4c8d-9295-d8ff231ac723" />
    <UnitTestResult executionId="180b23b5-6e29-4cc8-b7d6-34ea1e3c1862" testId="dd13787f-509e-9b20-3047-b91a76ed4b25" testName="AccessToDB.Tests.LiftsSlopesRepositoryTests.TestGetSlopesByLiftIdAsyncFailsWhenSlopeNotExists(liftSlope: LiftSlope { RecordID = 204, LiftID = 106, SlopeID = 73 })" computerName="DESKTOP-TJ9D65N" duration="00:00:00.6157964" startTime="2022-10-15T20:32:16.3776492+03:00" endTime="2022-10-15T20:32:16.3776493+03:00" testType="13cdc9d9-ddb5-4fa4-a97d-d965ccfc6d4b" outcome="Passed" testListId="8c84fa94-04c1-424b-9868-57a2d4851a1d" relativeResultsDirectory="180b23b5-6e29-4cc8-b7d6-34ea1e3c1862" />
    <UnitTestResult executionId="30ae0e71-c1f4-4925-9ef3-7979061009b6" testId="7f7de6b4-980d-4ddc-56b7-f3ac868c26ea" testName="AccessToDB.Tests.UsersRepositoryTests.TestCheckUserEmailExistsAsyncFalse(userEmail: &quot;userEmailc9e102f3-1004-45aa-9fbb-3999fdaa85b6&quot;)" computerName="DESKTOP-TJ9D65N" duration="00:00:00.5591296" startTime="2022-10-15T20:32:36.1012498+03:00" endTime="2022-10-15T20:32:36.1012501+03:00" testType="13cdc9d9-ddb5-4fa4-a97d-d965ccfc6d4b" outcome="Passed" testListId="8c84fa94-04c1-424b-9868-57a2d4851a1d" relativeResultsDirectory="30ae0e71-c1f4-4925-9ef3-7979061009b6" />
    <UnitTestResult executionId="53dc2776-247c-4091-98e1-101d5e8bff93" testId="9fbdcd56-045f-0c20-5cf6-db400bc35bff" testName="AccessToDB.Tests.SlopesRepositoryTests.TestGetSlopeByNameAsyncFailsWhenNameNotExists(slopeName: &quot;slopeNameb9c25997-7eae-4e4d-b3b9-67dd94c45db6&quot;)" computerName="DESKTOP-TJ9D65N" duration="00:00:00.5628114" startTime="2022-10-15T20:32:29.6050405+03:00" endTime="2022-10-15T20:32:29.6050405+03:00" testType="13cdc9d9-ddb5-4fa4-a97d-d965ccfc6d4b" outcome="Passed" testListId="8c84fa94-04c1-424b-9868-57a2d4851a1d" relativeResultsDirectory="53dc2776-247c-4091-98e1-101d5e8bff93" />
    <UnitTestResult executionId="1e139216-69c3-427c-94ec-7f3b4b1fccba" testId="08ac3b21-c4bd-1d40-dd3a-e44627f120b3" testName="AccessToDB.Tests.TurnstilesRepositoryTests.TestGetTurnstilesByLiftIdAsyncOk(liftID: 192)" computerName="DESKTOP-TJ9D65N" duration="00:00:00.7607327" startTime="2022-10-15T20:32:24.8597279+03:00" endTime="2022-10-15T20:32:24.8597280+03:00" testType="13cdc9d9-ddb5-4fa4-a97d-d965ccfc6d4b" outcome="Passed" testListId="8c84fa94-04c1-424b-9868-57a2d4851a1d" relativeResultsDirectory="1e139216-69c3-427c-94ec-7f3b4b1fccba" />
    <UnitTestResult executionId="f360c954-9bba-4854-8c48-59cd0f2a7e5c" testId="83322a29-f67f-e283-e46f-c1aefe9a291e" testName="AccessToDB.Tests.TurnstilesRepositoryTests.TestAddTurnstileAsyncFailsWhenTurnstileIdRepeats(turnstile: Turnstile { TurnstileID = 211, LiftID = 66, IsOpen = True })" computerName="DESKTOP-TJ9D65N" duration="00:00:00.6131181" startTime="2022-10-15T20:32:25.4758246+03:00" endTime="2022-10-15T20:32:25.4758247+03:00" testType="13cdc9d9-ddb5-4fa4-a97d-d965ccfc6d4b" outcome="Passed" testListId="8c84fa94-04c1-424b-9868-57a2d4851a1d" relativeResultsDirectory="f360c954-9bba-4854-8c48-59cd0f2a7e5c" />
    <UnitTestResult executionId="8e64d30b-ad24-4f20-a5f3-51de03cba70f" testId="e75bb6e2-88d9-af2a-a444-c4a9d67f0f0e" testName="AccessToDB.Tests.UsersRepositoryTests.TestAddUserAutoIncrementAsyncOk" computerName="DESKTOP-TJ9D65N" duration="00:00:00.6243403" startTime="2022-10-15T20:32:36.7313869+03:00" endTime="2022-10-15T20:32:36.7313870+03:00" testType="13cdc9d9-ddb5-4fa4-a97d-d965ccfc6d4b" outcome="Passed" testListId="8c84fa94-04c1-424b-9868-57a2d4851a1d" relativeResultsDirectory="8e64d30b-ad24-4f20-a5f3-51de03cba70f" />
    <UnitTestResult executionId="28a58af1-d3ea-4d4e-929d-26b38a5435bd" testId="bbde6d03-a793-1ef1-7045-8fab8686fbb0" testName="AccessToDB.Tests.SlopesRepositoryTests.TestAddSlopeAsyncFailsWhenSlopeIdRepeats(slope: Slope { SlopeID = 234, SlopeName = slopeName021025b6-13da-4a25-b679-0c34e376ed83, IsOpen = True, DifficultyLevel = 75, ConnectedLifts =  })" computerName="DESKTOP-TJ9D65N" duration="00:00:00.5973441" startTime="2022-10-15T20:32:30.8169039+03:00" endTime="2022-10-15T20:32:30.8169044+03:00" testType="13cdc9d9-ddb5-4fa4-a97d-d965ccfc6d4b" outcome="Passed" testListId="8c84fa94-04c1-424b-9868-57a2d4851a1d" relativeResultsDirectory="28a58af1-d3ea-4d4e-929d-26b38a5435bd" />
    <UnitTestResult executionId="07ab7a6d-22d7-46b2-92b6-86ec91c026e7" testId="f8295519-b12c-debd-f6c8-5507194b645f" testName="AccessToDB.Tests.LiftsRepositoryTests.TestUpdateLiftByIDAsyncOk(lift: Lift { LiftID = 238, LiftName = liftName13cdcb8c-e83e-4351-857d-4c80a0861c96, IsOpen = True, SeatsAmount = 250, LiftingTime = 137, QueueTime = 53, ConnectedSlopes =  })" computerName="DESKTOP-TJ9D65N" duration="00:00:00.6080430" startTime="2022-10-15T20:32:20.5642284+03:00" endTime="2022-10-15T20:32:20.5642285+03:00" testType="13cdc9d9-ddb5-4fa4-a97d-d965ccfc6d4b" outcome="Passed" testListId="8c84fa94-04c1-424b-9868-57a2d4851a1d" relativeResultsDirectory="07ab7a6d-22d7-46b2-92b6-86ec91c026e7" />
    <UnitTestResult executionId="3e03d163-a071-4c5b-b8a8-d74cdaecc5e4" testId="8f7ba917-f771-0dc5-f9b9-465c34344b12" testName="AccessToDB.Tests.SlopesRepositoryTests.TestAddSlopeAutoIncrementAsyncOk" computerName="DESKTOP-TJ9D65N" duration="00:00:00.6040444" startTime="2022-10-15T20:32:31.4271074+03:00" endTime="2022-10-15T20:32:31.4271076+03:00" testType="13cdc9d9-ddb5-4fa4-a97d-d965ccfc6d4b" outcome="Passed" testListId="8c84fa94-04c1-424b-9868-57a2d4851a1d" relativeResultsDirectory="3e03d163-a071-4c5b-b8a8-d74cdaecc5e4" />
    <UnitTestResult executionId="1bb5f3b2-8918-44c0-889b-7e392b14215f" testId="30f8e924-9784-0a43-e807-094f70e06567" testName="AccessToDB.Tests.LiftsSlopesRepositoryTests.TestAddLiftSlopeAutoIncrementAsyncOk" computerName="DESKTOP-TJ9D65N" duration="00:00:00.6044334" startTime="2022-10-15T20:32:18.7654390+03:00" endTime="2022-10-15T20:32:18.7654391+03:00" testType="13cdc9d9-ddb5-4fa4-a97d-d965ccfc6d4b" outcome="Passed" testListId="8c84fa94-04c1-424b-9868-57a2d4851a1d" relativeResultsDirectory="1bb5f3b2-8918-44c0-889b-7e392b14215f" />
    <UnitTestResult executionId="d1af76e8-8c32-49c1-a3b5-9d168897b9a3" testId="3657f8ba-b920-117b-1947-7aede18c69b6" testName="AccessToDB.Tests.UsersRepositoryTests.TestUpdateUserByIDAsyncOk(user: User { UserID = 129, CardID = 91, UserEmail = UserEmail46e1a34a-e780-4ae0-bb0a-c07a2580d5be, Password = passwordfed9ed4c-a705-4e5e-96da-f1834c1ff942, Permissions = UNAUTHORIZED })" computerName="DESKTOP-TJ9D65N" duration="00:00:00.6075758" startTime="2022-10-15T20:32:34.9410303+03:00" endTime="2022-10-15T20:32:34.9410306+03:00" testType="13cdc9d9-ddb5-4fa4-a97d-d965ccfc6d4b" outcome="Passed" testListId="8c84fa94-04c1-424b-9868-57a2d4851a1d" relativeResultsDirectory="d1af76e8-8c32-49c1-a3b5-9d168897b9a3" />
    <UnitTestResult executionId="46ea6d94-48d6-4fa6-b30c-e4141ce20e22" testId="b1383b86-acc6-2d25-2cb5-134f3915a18d" testName="AccessToDB.Tests.UsersRepositoryTests.TestGetUserByIdAsyncOk(user: User { UserID = 214, CardID = 64, UserEmail = UserEmail73a28174-e8ee-40dd-b990-b0b4c9898013, Password = passwordf922846a-4ab3-4be6-95d1-9f66e718c639, Permissions = UNAUTHORIZED })" computerName="DESKTOP-TJ9D65N" duration="00:00:00.5895497" startTime="2022-10-15T20:32:35.5358409+03:00" endTime="2022-10-15T20:32:35.5358412+03:00" testType="13cdc9d9-ddb5-4fa4-a97d-d965ccfc6d4b" outcome="Passed" testListId="8c84fa94-04c1-424b-9868-57a2d4851a1d" relativeResultsDirectory="46ea6d94-48d6-4fa6-b30c-e4141ce20e22" />
    <UnitTestResult executionId="54a419f8-1467-4521-96ef-e95d87e651aa" testId="6834769b-70e1-c796-c3bc-9bfb59f52ac8" testName="AccessToDB.Tests.TurnstilesRepositoryTests.TestUpdateTurnstileByIDAsyncOk(turnstile: Turnstile { TurnstileID = 157, LiftID = 221, IsOpen = True })" computerName="DESKTOP-TJ9D65N" duration="00:00:00.6141813" startTime="2022-10-15T20:32:28.4382079+03:00" endTime="2022-10-15T20:32:28.4382081+03:00" testType="13cdc9d9-ddb5-4fa4-a97d-d965ccfc6d4b" outcome="Passed" testListId="8c84fa94-04c1-424b-9868-57a2d4851a1d" relativeResultsDirectory="54a419f8-1467-4521-96ef-e95d87e651aa" />
    <UnitTestResult executionId="a93ba0fc-8a00-4922-b275-1056961c5489" testId="0a232dba-0338-fbed-203c-f8931a47d56e" testName="AccessToDB.Tests.LiftsSlopesRepositoryTests.TestGetLiftsBySlopeIdAsyncOk(slope1: Slope { SlopeID = 169, SlopeName = slopeNameb92da1e7-387a-4afc-a4d4-b624e568d8f7, IsOpen = True, DifficultyLevel = 49, ConnectedLifts =  }, slope2: Slope { SlopeID = 167, SlopeName = slopeName392b08c4-fb5f-422e-a8db-93ee98094388, IsOpen = False, DifficultyLevel = 51, ConnectedLifts =  }, lift1: Lift { LiftID = 170, LiftName = liftName2adc6e0c-d9bf-4e4b-b50d-04a32dcdae56, IsOpen = True, SeatsAmount = 41, LiftingTime = 184, QueueTime = 52, ConnectedSlopes =  }, lift2: Lift { LiftID = 152, LiftName = liftName1cbefc1c-5544-46a5-b53b-e96c9b7880da, IsOpen = False, SeatsAmount = 96, LiftingTime = 3, QueueTime = 164, ConnectedSlopes =  })" computerName="DESKTOP-TJ9D65N" duration="00:00:00.6549859" startTime="2022-10-15T20:32:15.7518396+03:00" endTime="2022-10-15T20:32:15.7518403+03:00" testType="13cdc9d9-ddb5-4fa4-a97d-d965ccfc6d4b" outcome="Passed" testListId="8c84fa94-04c1-424b-9868-57a2d4851a1d" relativeResultsDirectory="a93ba0fc-8a00-4922-b275-1056961c5489" />
    <UnitTestResult executionId="5bdae2f7-5257-4ceb-af89-4da7f67a56c3" testId="f9435956-2e34-e52b-c34e-dce53665cf8e" testName="AccessToDB.Tests.TurnstilesRepositoryTests.TestAddTurnstileAutoIncrementAsyncOk" computerName="DESKTOP-TJ9D65N" duration="00:00:00.6020542" startTime="2022-10-15T20:32:27.8205687+03:00" endTime="2022-10-15T20:32:27.8205688+03:00" testType="13cdc9d9-ddb5-4fa4-a97d-d965ccfc6d4b" outcome="Passed" testListId="8c84fa94-04c1-424b-9868-57a2d4851a1d" relativeResultsDirectory="5bdae2f7-5257-4ceb-af89-4da7f67a56c3" />
    <UnitTestResult executionId="fda4c4f4-222d-4452-81f6-6f68cf436b2f" testId="655cf124-3765-9518-3585-fbd39be882bd" testName="AccessToDB.Tests.TurnstilesRepositoryTests.TestGetTurnstileByIdAsyncOk(turnstile: Turnstile { TurnstileID = 62, LiftID = 98, IsOpen = True })" computerName="DESKTOP-TJ9D65N" duration="00:00:00.5991289" startTime="2022-10-15T20:32:26.6502151+03:00" endTime="2022-10-15T20:32:26.6502153+03:00" testType="13cdc9d9-ddb5-4fa4-a97d-d965ccfc6d4b" outcome="Passed" testListId="8c84fa94-04c1-424b-9868-57a2d4851a1d" relativeResultsDirectory="fda4c4f4-222d-4452-81f6-6f68cf436b2f" />
    <UnitTestResult executionId="66455ac3-f3bc-49c1-b721-67faba7a2012" testId="5f39c0a5-72b9-f9dd-d74c-701e3e8d3848" testName="AccessToDB.Tests.LiftsRepositoryTests.TestAddLiftAsyncFailsWhenLiftIdRepeats(lift: Lift { LiftID = 173, LiftName = liftName6ebba1cc-f07c-4206-9df6-0084c1aea604, IsOpen = True, SeatsAmount = 20, LiftingTime = 76, QueueTime = 198, ConnectedSlopes =  })" computerName="DESKTOP-TJ9D65N" duration="00:00:00.6121191" startTime="2022-10-15T20:32:23.5247434+03:00" endTime="2022-10-15T20:32:23.5247436+03:00" testType="13cdc9d9-ddb5-4fa4-a97d-d965ccfc6d4b" outcome="Passed" testListId="8c84fa94-04c1-424b-9868-57a2d4851a1d" relativeResultsDirectory="66455ac3-f3bc-49c1-b721-67faba7a2012" />
    <UnitTestResult executionId="5302d64c-fdb0-428d-9447-a9d1948dbfe7" testId="607e8298-f113-be33-300e-15a343893443" testName="AccessToDB.Tests.LiftsRepositoryTests.TestGetLiftsAsyncEmpty" computerName="DESKTOP-TJ9D65N" duration="00:00:00.5631661" startTime="2022-10-15T20:32:22.9096436+03:00" endTime="2022-10-15T20:32:22.9096439+03:00" testType="13cdc9d9-ddb5-4fa4-a97d-d965ccfc6d4b" outcome="Passed" testListId="8c84fa94-04c1-424b-9868-57a2d4851a1d" relativeResultsDirectory="5302d64c-fdb0-428d-9447-a9d1948dbfe7" />
    <UnitTestResult executionId="9f0b8f9f-5c3e-4b36-9a94-277d05745ece" testId="3741b26d-6ee0-6246-29e4-92009bff37b0" testName="AccessToDB.Tests.UsersRepositoryTests.TestGetUsersAsyncEmpty" computerName="DESKTOP-TJ9D65N" duration="00:00:00.5577814" startTime="2022-10-15T20:32:33.1166490+03:00" endTime="2022-10-15T20:32:33.1166503+03:00" testType="13cdc9d9-ddb5-4fa4-a97d-d965ccfc6d4b" outcome="Passed" testListId="8c84fa94-04c1-424b-9868-57a2d4851a1d" relativeResultsDirectory="9f0b8f9f-5c3e-4b36-9a94-277d05745ece" />
  </Results>
  <TestDefinitions>
    <UnitTest name="AccessToDB.Tests.LiftsSlopesRepositoryTests.TestAddLiftSlopeAsyncFailsWhenLiftSlopeIdRepeats(liftSlope: LiftSlope { RecordID = 180, LiftID = 95, SlopeID = 107 })" storage="c:\users\alena\desktop\7_sem\testing_and_debugging\skiresort\accesstodb.tests\bin\debug\net6.0\accesstodb.tests.dll" id="9dfbe1eb-c46c-264c-ecd2-c7cb8a54e47e">
      <Execution id="4606c634-e0e0-4000-9383-da3556e7eb56" />
      <TestMethod codeBase="C:\Users\alena\Desktop\7_sem\testing_and_debugging\SkiResort\AccessToDB.Tests\bin\Debug\net6.0\AccessToDB.Tests.dll" adapterTypeName="executor://xunit/VsTestRunner2/netcoreapp" className="AccessToDB.Tests.LiftsSlopesRepositoryTests" name="TestAddLiftSlopeAsyncFailsWhenLiftSlopeIdRepeats" />
    </UnitTest>
    <UnitTest name="AccessToDB.Tests.UsersRepositoryTests.TestGetUserByIdAsyncOk(user: User { UserID = 214, CardID = 64, UserEmail = UserEmail73a28174-e8ee-40dd-b990-b0b4c9898013, Password = passwordf922846a-4ab3-4be6-95d1-9f66e718c639, Permissions = UNAUTHORIZED })" storage="c:\users\alena\desktop\7_sem\testing_and_debugging\skiresort\accesstodb.tests\bin\debug\net6.0\accesstodb.tests.dll" id="b1383b86-acc6-2d25-2cb5-134f3915a18d">
      <Execution id="46ea6d94-48d6-4fa6-b30c-e4141ce20e22" />
      <TestMethod codeBase="C:\Users\alena\Desktop\7_sem\testing_and_debugging\SkiResort\AccessToDB.Tests\bin\Debug\net6.0\AccessToDB.Tests.dll" adapterTypeName="executor://xunit/VsTestRunner2/netcoreapp" className="AccessToDB.Tests.UsersRepositoryTests" name="TestGetUserByIdAsyncOk" />
    </UnitTest>
    <UnitTest name="AccessToDB.Tests.LiftsRepositoryTests.TestAddLiftAsyncFailsWhenLiftIdRepeats(lift: Lift { LiftID = 173, LiftName = liftName6ebba1cc-f07c-4206-9df6-0084c1aea604, IsOpen = True, SeatsAmount = 20, LiftingTime = 76, QueueTime = 198, ConnectedSlopes =  })" storage="c:\users\alena\desktop\7_sem\testing_and_debugging\skiresort\accesstodb.tests\bin\debug\net6.0\accesstodb.tests.dll" id="5f39c0a5-72b9-f9dd-d74c-701e3e8d3848">
      <Execution id="66455ac3-f3bc-49c1-b721-67faba7a2012" />
      <TestMethod codeBase="C:\Users\alena\Desktop\7_sem\testing_and_debugging\SkiResort\AccessToDB.Tests\bin\Debug\net6.0\AccessToDB.Tests.dll" adapterTypeName="executor://xunit/VsTestRunner2/netcoreapp" className="AccessToDB.Tests.LiftsRepositoryTests" name="TestAddLiftAsyncFailsWhenLiftIdRepeats" />
    </UnitTest>
    <UnitTest name="AccessToDB.Tests.LiftsSlopesRepositoryTests.TestDeleteLiftSlopesByIDsAsyncOk(liftSlope: LiftSlope { RecordID = 254, LiftID = 23, SlopeID = 84 })" storage="c:\users\alena\desktop\7_sem\testing_and_debugging\skiresort\accesstodb.tests\bin\debug\net6.0\accesstodb.tests.dll" id="65a1c71c-a426-0189-f209-c1d93786e255">
      <Execution id="0808b6cd-81be-4b2e-8a56-666430697a4b" />
      <TestMethod codeBase="C:\Users\alena\Desktop\7_sem\testing_and_debugging\SkiResort\AccessToDB.Tests\bin\Debug\net6.0\AccessToDB.Tests.dll" adapterTypeName="executor://xunit/VsTestRunner2/netcoreapp" className="AccessToDB.Tests.LiftsSlopesRepositoryTests" name="TestDeleteLiftSlopesByIDsAsyncOk" />
    </UnitTest>
    <UnitTest name="AccessToDB.Tests.TurnstilesRepositoryTests.TestGetTurnstilesAsyncEmpty" storage="c:\users\alena\desktop\7_sem\testing_and_debugging\skiresort\accesstodb.tests\bin\debug\net6.0\accesstodb.tests.dll" id="3c521313-4ed6-6bce-b4f9-c359411028e7">
      <Execution id="246debbe-98a5-4fb5-9bc2-342a729dd9ab" />
      <TestMethod codeBase="C:\Users\alena\Desktop\7_sem\testing_and_debugging\SkiResort\AccessToDB.Tests\bin\Debug\net6.0\AccessToDB.Tests.dll" adapterTypeName="executor://xunit/VsTestRunner2/netcoreapp" className="AccessToDB.Tests.TurnstilesRepositoryTests" name="TestGetTurnstilesAsyncEmpty" />
    </UnitTest>
    <UnitTest name="AccessToDB.Tests.TurnstilesRepositoryTests.TestGetTurnstilesByLiftIdAsyncOk(liftID: 192)" storage="c:\users\alena\desktop\7_sem\testing_and_debugging\skiresort\accesstodb.tests\bin\debug\net6.0\accesstodb.tests.dll" id="08ac3b21-c4bd-1d40-dd3a-e44627f120b3">
      <Execution id="1e139216-69c3-427c-94ec-7f3b4b1fccba" />
      <TestMethod codeBase="C:\Users\alena\Desktop\7_sem\testing_and_debugging\SkiResort\AccessToDB.Tests\bin\Debug\net6.0\AccessToDB.Tests.dll" adapterTypeName="executor://xunit/VsTestRunner2/netcoreapp" className="AccessToDB.Tests.TurnstilesRepositoryTests" name="TestGetTurnstilesByLiftIdAsyncOk" />
    </UnitTest>
    <UnitTest name="AccessToDB.Tests.LiftsRepositoryTests.TestUpdateLiftByIDAsyncOk(lift: Lift { LiftID = 238, LiftName = liftName13cdcb8c-e83e-4351-857d-4c80a0861c96, IsOpen = True, SeatsAmount = 250, LiftingTime = 137, QueueTime = 53, ConnectedSlopes =  })" storage="c:\users\alena\desktop\7_sem\testing_and_debugging\skiresort\accesstodb.tests\bin\debug\net6.0\accesstodb.tests.dll" id="f8295519-b12c-debd-f6c8-5507194b645f">
      <Execution id="07ab7a6d-22d7-46b2-92b6-86ec91c026e7" />
      <TestMethod codeBase="C:\Users\alena\Desktop\7_sem\testing_and_debugging\SkiResort\AccessToDB.Tests\bin\Debug\net6.0\AccessToDB.Tests.dll" adapterTypeName="executor://xunit/VsTestRunner2/netcoreapp" className="AccessToDB.Tests.LiftsRepositoryTests" name="TestUpdateLiftByIDAsyncOk" />
    </UnitTest>
    <UnitTest name="AccessToDB.Tests.LiftsSlopesRepositoryTests.TestAddLiftSlopeAutoIncrementAsyncOk" storage="c:\users\alena\desktop\7_sem\testing_and_debugging\skiresort\accesstodb.tests\bin\debug\net6.0\accesstodb.tests.dll" id="30f8e924-9784-0a43-e807-094f70e06567">
      <Execution id="1bb5f3b2-8918-44c0-889b-7e392b14215f" />
      <TestMethod codeBase="C:\Users\alena\Desktop\7_sem\testing_and_debugging\SkiResort\AccessToDB.Tests\bin\Debug\net6.0\AccessToDB.Tests.dll" adapterTypeName="executor://xunit/VsTestRunner2/netcoreapp" className="AccessToDB.Tests.LiftsSlopesRepositoryTests" name="TestAddLiftSlopeAutoIncrementAsyncOk" />
    </UnitTest>
    <UnitTest name="AccessToDB.Tests.LiftsRepositoryTests.TestGetLiftByIdAsyncOk(lift: Lift { LiftID = 144, LiftName = liftName239f39b1-424d-4b43-bd09-574ec943f49a, IsOpen = True, SeatsAmount = 153, LiftingTime = 152, QueueTime = 223, ConnectedSlopes =  })" storage="c:\users\alena\desktop\7_sem\testing_and_debugging\skiresort\accesstodb.tests\bin\debug\net6.0\accesstodb.tests.dll" id="206e8e3b-6a26-05bf-e3d7-19e6f2a3a519">
      <Execution id="7c4f4351-29fb-491c-963c-259644da877d" />
      <TestMethod codeBase="C:\Users\alena\Desktop\7_sem\testing_and_debugging\SkiResort\AccessToDB.Tests\bin\Debug\net6.0\AccessToDB.Tests.dll" adapterTypeName="executor://xunit/VsTestRunner2/netcoreapp" className="AccessToDB.Tests.LiftsRepositoryTests" name="TestGetLiftByIdAsyncOk" />
    </UnitTest>
    <UnitTest name="AccessToDB.Tests.SlopesRepositoryTests.TestAddSlopeAutoIncrementAsyncOk" storage="c:\users\alena\desktop\7_sem\testing_and_debugging\skiresort\accesstodb.tests\bin\debug\net6.0\accesstodb.tests.dll" id="8f7ba917-f771-0dc5-f9b9-465c34344b12">
      <Execution id="3e03d163-a071-4c5b-b8a8-d74cdaecc5e4" />
      <TestMethod codeBase="C:\Users\alena\Desktop\7_sem\testing_and_debugging\SkiResort\AccessToDB.Tests\bin\Debug\net6.0\AccessToDB.Tests.dll" adapterTypeName="executor://xunit/VsTestRunner2/netcoreapp" className="AccessToDB.Tests.SlopesRepositoryTests" name="TestAddSlopeAutoIncrementAsyncOk" />
    </UnitTest>
    <UnitTest name="AccessToDB.Tests.SlopesRepositoryTests.TestDeleteSlopeByIDAsyncFailsWhenIDNotExists(slopeID: 187)" storage="c:\users\alena\desktop\7_sem\testing_and_debugging\skiresort\accesstodb.tests\bin\debug\net6.0\accesstodb.tests.dll" id="4b6a53f3-5b44-a8d7-3afa-d71b5ec6cc45">
      <Execution id="65ad85fa-63ae-448b-ba0f-6378764dd13c" />
      <TestMethod codeBase="C:\Users\alena\Desktop\7_sem\testing_and_debugging\SkiResort\AccessToDB.Tests\bin\Debug\net6.0\AccessToDB.Tests.dll" adapterTypeName="executor://xunit/VsTestRunner2/netcoreapp" className="AccessToDB.Tests.SlopesRepositoryTests" name="TestDeleteSlopeByIDAsyncFailsWhenIDNotExists" />
    </UnitTest>
    <UnitTest name="AccessToDB.Tests.LiftsRepositoryTests.TestDeleteLiftByIDAsyncFailsWhenIDNotExists(liftID: 65)" storage="c:\users\alena\desktop\7_sem\testing_and_debugging\skiresort\accesstodb.tests\bin\debug\net6.0\accesstodb.tests.dll" id="40f61c7c-a116-4097-2666-b2b88076145d">
      <Execution id="a1b2b1c5-eafc-4c0c-a36b-6603ab0d5fcc" />
      <TestMethod codeBase="C:\Users\alena\Desktop\7_sem\testing_and_debugging\SkiResort\AccessToDB.Tests\bin\Debug\net6.0\AccessToDB.Tests.dll" adapterTypeName="executor://xunit/VsTestRunner2/netcoreapp" className="AccessToDB.Tests.LiftsRepositoryTests" name="TestDeleteLiftByIDAsyncFailsWhenIDNotExists" />
    </UnitTest>
    <UnitTest name="AccessToDB.Tests.LiftsRepositoryTests.TestAddLiftAutoIncrementAsyncOk" storage="c:\users\alena\desktop\7_sem\testing_and_debugging\skiresort\accesstodb.tests\bin\debug\net6.0\accesstodb.tests.dll" id="ec229f70-485a-f91b-53ed-bce655f6cd58">
      <Execution id="76be1b76-b3eb-4bdb-96d9-56cb69f55a89" />
      <TestMethod codeBase="C:\Users\alena\Desktop\7_sem\testing_and_debugging\SkiResort\AccessToDB.Tests\bin\Debug\net6.0\AccessToDB.Tests.dll" adapterTypeName="executor://xunit/VsTestRunner2/netcoreapp" className="AccessToDB.Tests.LiftsRepositoryTests" name="TestAddLiftAutoIncrementAsyncOk" />
    </UnitTest>
    <UnitTest name="AccessToDB.Tests.SlopesRepositoryTests.TestAddSlopeAsyncFailsWhenSlopeIdRepeats(slope: Slope { SlopeID = 234, SlopeName = slopeName021025b6-13da-4a25-b679-0c34e376ed83, IsOpen = True, DifficultyLevel = 75, ConnectedLifts =  })" storage="c:\users\alena\desktop\7_sem\testing_and_debugging\skiresort\accesstodb.tests\bin\debug\net6.0\accesstodb.tests.dll" id="bbde6d03-a793-1ef1-7045-8fab8686fbb0">
      <Execution id="28a58af1-d3ea-4d4e-929d-26b38a5435bd" />
      <TestMethod codeBase="C:\Users\alena\Desktop\7_sem\testing_and_debugging\SkiResort\AccessToDB.Tests\bin\Debug\net6.0\AccessToDB.Tests.dll" adapterTypeName="executor://xunit/VsTestRunner2/netcoreapp" className="AccessToDB.Tests.SlopesRepositoryTests" name="TestAddSlopeAsyncFailsWhenSlopeIdRepeats" />
    </UnitTest>
    <UnitTest name="AccessToDB.Tests.UsersRepositoryTests.TestDeleteUserByIDAsyncFailsWhenIDNotExists(userID: 184)" storage="c:\users\alena\desktop\7_sem\testing_and_debugging\skiresort\accesstodb.tests\bin\debug\net6.0\accesstodb.tests.dll" id="abbf0224-f779-d468-2024-619b6539239d">
      <Execution id="7dded209-d76d-456b-ad41-b505ec44254a" />
      <TestMethod codeBase="C:\Users\alena\Desktop\7_sem\testing_and_debugging\SkiResort\AccessToDB.Tests\bin\Debug\net6.0\AccessToDB.Tests.dll" adapterTypeName="executor://xunit/VsTestRunner2/netcoreapp" className="AccessToDB.Tests.UsersRepositoryTests" name="TestDeleteUserByIDAsyncFailsWhenIDNotExists" />
    </UnitTest>
    <UnitTest name="AccessToDB.Tests.TurnstilesRepositoryTests.TestAddTurnstileAsyncFailsWhenTurnstileIdRepeats(turnstile: Turnstile { TurnstileID = 211, LiftID = 66, IsOpen = True })" storage="c:\users\alena\desktop\7_sem\testing_and_debugging\skiresort\accesstodb.tests\bin\debug\net6.0\accesstodb.tests.dll" id="83322a29-f67f-e283-e46f-c1aefe9a291e">
      <Execution id="f360c954-9bba-4854-8c48-59cd0f2a7e5c" />
      <TestMethod codeBase="C:\Users\alena\Desktop\7_sem\testing_and_debugging\SkiResort\AccessToDB.Tests\bin\Debug\net6.0\AccessToDB.Tests.dll" adapterTypeName="executor://xunit/VsTestRunner2/netcoreapp" className="AccessToDB.Tests.TurnstilesRepositoryTests" name="TestAddTurnstileAsyncFailsWhenTurnstileIdRepeats" />
    </UnitTest>
    <UnitTest name="AccessToDB.Tests.SlopesRepositoryTests.TestGetSlopesAsyncEmpty" storage="c:\users\alena\desktop\7_sem\testing_and_debugging\skiresort\accesstodb.tests\bin\debug\net6.0\accesstodb.tests.dll" id="9bbefb83-8311-6e03-307f-415e3495e223">
      <Execution id="f35b76d4-144a-4e73-98fa-00745706587f" />
      <TestMethod codeBase="C:\Users\alena\Desktop\7_sem\testing_and_debugging\SkiResort\AccessToDB.Tests\bin\Debug\net6.0\AccessToDB.Tests.dll" adapterTypeName="executor://xunit/VsTestRunner2/netcoreapp" className="AccessToDB.Tests.SlopesRepositoryTests" name="TestGetSlopesAsyncEmpty" />
    </UnitTest>
    <UnitTest name="AccessToDB.Tests.SlopesRepositoryTests.TestGetSlopeByNameAsyncFailsWhenNameNotExists(slopeName: &quot;slopeNameb9c25997-7eae-4e4d-b3b9-67dd94c45db6&quot;)" storage="c:\users\alena\desktop\7_sem\testing_and_debugging\skiresort\accesstodb.tests\bin\debug\net6.0\accesstodb.tests.dll" id="9fbdcd56-045f-0c20-5cf6-db400bc35bff">
      <Execution id="53dc2776-247c-4091-98e1-101d5e8bff93" />
      <TestMethod codeBase="C:\Users\alena\Desktop\7_sem\testing_and_debugging\SkiResort\AccessToDB.Tests\bin\Debug\net6.0\AccessToDB.Tests.dll" adapterTypeName="executor://xunit/VsTestRunner2/netcoreapp" className="AccessToDB.Tests.SlopesRepositoryTests" name="TestGetSlopeByNameAsyncFailsWhenNameNotExists" />
    </UnitTest>
    <UnitTest name="AccessToDB.Tests.TurnstilesRepositoryTests.TestDeleteTurnstileByIDAsyncFailsWhenIDNotExists(turnstileID: 86)" storage="c:\users\alena\desktop\7_sem\testing_and_debugging\skiresort\accesstodb.tests\bin\debug\net6.0\accesstodb.tests.dll" id="95a19486-c965-9e03-0378-3ed7ba6dd309">
      <Execution id="f866337e-f7bf-41eb-b498-06d7cc974d05" />
      <TestMethod codeBase="C:\Users\alena\Desktop\7_sem\testing_and_debugging\SkiResort\AccessToDB.Tests\bin\Debug\net6.0\AccessToDB.Tests.dll" adapterTypeName="executor://xunit/VsTestRunner2/netcoreapp" className="AccessToDB.Tests.TurnstilesRepositoryTests" name="TestDeleteTurnstileByIDAsyncFailsWhenIDNotExists" />
    </UnitTest>
    <UnitTest name="AccessToDB.Tests.LiftsRepositoryTests.TestGetLiftByNameAsyncFailsWhenNameNotExists(liftName: &quot;liftName6f7ec045-923f-4975-8f33-e91889f7317c&quot;)" storage="c:\users\alena\desktop\7_sem\testing_and_debugging\skiresort\accesstodb.tests\bin\debug\net6.0\accesstodb.tests.dll" id="336bf0a4-5021-8df5-2d59-c2ab62600eb5">
      <Execution id="415d8231-8665-4cda-b23b-ac3ddb9f106b" />
      <TestMethod codeBase="C:\Users\alena\Desktop\7_sem\testing_and_debugging\SkiResort\AccessToDB.Tests\bin\Debug\net6.0\AccessToDB.Tests.dll" adapterTypeName="executor://xunit/VsTestRunner2/netcoreapp" className="AccessToDB.Tests.LiftsRepositoryTests" name="TestGetLiftByNameAsyncFailsWhenNameNotExists" />
    </UnitTest>
    <UnitTest name="AccessToDB.Tests.LiftsSlopesRepositoryTests.TestGetLiftsBySlopeIdAsyncOk(slope1: Slope { SlopeID = 169, SlopeName = slopeNameb92da1e7-387a-4afc-a4d4-b624e568d8f7, IsOpen = True, DifficultyLevel = 49, ConnectedLifts =  }, slope2: Slope { SlopeID = 167, SlopeName = slopeName392b08c4-fb5f-422e-a8db-93ee98094388, IsOpen = False, DifficultyLevel = 51, ConnectedLifts =  }, lift1: Lift { LiftID = 170, LiftName = liftName2adc6e0c-d9bf-4e4b-b50d-04a..." storage="c:\users\alena\desktop\7_sem\testing_and_debugging\skiresort\accesstodb.tests\bin\debug\net6.0\accesstodb.tests.dll" id="0a232dba-0338-fbed-203c-f8931a47d56e">
      <Execution id="a93ba0fc-8a00-4922-b275-1056961c5489" />
      <TestMethod codeBase="C:\Users\alena\Desktop\7_sem\testing_and_debugging\SkiResort\AccessToDB.Tests\bin\Debug\net6.0\AccessToDB.Tests.dll" adapterTypeName="executor://xunit/VsTestRunner2/netcoreapp" className="AccessToDB.Tests.LiftsSlopesRepositoryTests" name="TestGetLiftsBySlopeIdAsyncOk" />
    </UnitTest>
    <UnitTest name="AccessToDB.Tests.UsersRepositoryTests.TestAddUserAutoIncrementAsyncOk" storage="c:\users\alena\desktop\7_sem\testing_and_debugging\skiresort\accesstodb.tests\bin\debug\net6.0\accesstodb.tests.dll" id="e75bb6e2-88d9-af2a-a444-c4a9d67f0f0e">
      <Execution id="8e64d30b-ad24-4f20-a5f3-51de03cba70f" />
      <TestMethod codeBase="C:\Users\alena\Desktop\7_sem\testing_and_debugging\SkiResort\AccessToDB.Tests\bin\Debug\net6.0\AccessToDB.Tests.dll" adapterTypeName="executor://xunit/VsTestRunner2/netcoreapp" className="AccessToDB.Tests.UsersRepositoryTests" name="TestAddUserAutoIncrementAsyncOk" />
    </UnitTest>
    <UnitTest name="AccessToDB.Tests.UsersRepositoryTests.TestUpdateUserByIDAsyncOk(user: User { UserID = 129, CardID = 91, UserEmail = UserEmail46e1a34a-e780-4ae0-bb0a-c07a2580d5be, Password = passwordfed9ed4c-a705-4e5e-96da-f1834c1ff942, Permissions = UNAUTHORIZED })" storage="c:\users\alena\desktop\7_sem\testing_and_debugging\skiresort\accesstodb.tests\bin\debug\net6.0\accesstodb.tests.dll" id="3657f8ba-b920-117b-1947-7aede18c69b6">
      <Execution id="d1af76e8-8c32-49c1-a3b5-9d168897b9a3" />
      <TestMethod codeBase="C:\Users\alena\Desktop\7_sem\testing_and_debugging\SkiResort\AccessToDB.Tests\bin\Debug\net6.0\AccessToDB.Tests.dll" adapterTypeName="executor://xunit/VsTestRunner2/netcoreapp" className="AccessToDB.Tests.UsersRepositoryTests" name="TestUpdateUserByIDAsyncOk" />
    </UnitTest>
    <UnitTest name="AccessToDB.Tests.LiftsRepositoryTests.TestGetLiftsAsyncEmpty" storage="c:\users\alena\desktop\7_sem\testing_and_debugging\skiresort\accesstodb.tests\bin\debug\net6.0\accesstodb.tests.dll" id="607e8298-f113-be33-300e-15a343893443">
      <Execution id="5302d64c-fdb0-428d-9447-a9d1948dbfe7" />
      <TestMethod codeBase="C:\Users\alena\Desktop\7_sem\testing_and_debugging\SkiResort\AccessToDB.Tests\bin\Debug\net6.0\AccessToDB.Tests.dll" adapterTypeName="executor://xunit/VsTestRunner2/netcoreapp" className="AccessToDB.Tests.LiftsRepositoryTests" name="TestGetLiftsAsyncEmpty" />
    </UnitTest>
    <UnitTest name="AccessToDB.Tests.TurnstilesRepositoryTests.TestUpdateTurnstileByIDAsyncOk(turnstile: Turnstile { TurnstileID = 157, LiftID = 221, IsOpen = True })" storage="c:\users\alena\desktop\7_sem\testing_and_debugging\skiresort\accesstodb.tests\bin\debug\net6.0\accesstodb.tests.dll" id="6834769b-70e1-c796-c3bc-9bfb59f52ac8">
      <Execution id="54a419f8-1467-4521-96ef-e95d87e651aa" />
      <TestMethod codeBase="C:\Users\alena\Desktop\7_sem\testing_and_debugging\SkiResort\AccessToDB.Tests\bin\Debug\net6.0\AccessToDB.Tests.dll" adapterTypeName="executor://xunit/VsTestRunner2/netcoreapp" className="AccessToDB.Tests.TurnstilesRepositoryTests" name="TestUpdateTurnstileByIDAsyncOk" />
    </UnitTest>
    <UnitTest name="AccessToDB.Tests.SlopesRepositoryTests.TestGetSlopeByIdAsyncOk(slope: Slope { SlopeID = 99, SlopeName = slopeName79ba83d9-fb53-41bd-8f13-2aec34d2992f, IsOpen = True, DifficultyLevel = 233, ConnectedLifts =  })" storage="c:\users\alena\desktop\7_sem\testing_and_debugging\skiresort\accesstodb.tests\bin\debug\net6.0\accesstodb.tests.dll" id="8c4e8e8f-34d8-ed78-92b8-ef65c2310968">
      <Execution id="46057f22-0579-4808-8f8e-2bc549fdd66d" />
      <TestMethod codeBase="C:\Users\alena\Desktop\7_sem\testing_and_debugging\SkiResort\AccessToDB.Tests\bin\Debug\net6.0\AccessToDB.Tests.dll" adapterTypeName="executor://xunit/VsTestRunner2/netcoreapp" className="AccessToDB.Tests.SlopesRepositoryTests" name="TestGetSlopeByIdAsyncOk" />
    </UnitTest>
    <UnitTest name="AccessToDB.Tests.LiftsSlopesRepositoryTests.TestUpdateLiftSlopeByIDAsyncOk(liftSlope: LiftSlope { RecordID = 11, LiftID = 218, SlopeID = 23 })" storage="c:\users\alena\desktop\7_sem\testing_and_debugging\skiresort\accesstodb.tests\bin\debug\net6.0\accesstodb.tests.dll" id="e4b4186c-87eb-92ae-1f48-5c7e10a173f9">
      <Execution id="e0663564-6431-4ef3-b268-a271023130fa" />
      <TestMethod codeBase="C:\Users\alena\Desktop\7_sem\testing_and_debugging\SkiResort\AccessToDB.Tests\bin\Debug\net6.0\AccessToDB.Tests.dll" adapterTypeName="executor://xunit/VsTestRunner2/netcoreapp" className="AccessToDB.Tests.LiftsSlopesRepositoryTests" name="TestUpdateLiftSlopeByIDAsyncOk" />
    </UnitTest>
    <UnitTest name="AccessToDB.Tests.TurnstilesRepositoryTests.TestGetTurnstileByIdAsyncOk(turnstile: Turnstile { TurnstileID = 62, LiftID = 98, IsOpen = True })" storage="c:\users\alena\desktop\7_sem\testing_and_debugging\skiresort\accesstodb.tests\bin\debug\net6.0\accesstodb.tests.dll" id="655cf124-3765-9518-3585-fbd39be882bd">
      <Execution id="fda4c4f4-222d-4452-81f6-6f68cf436b2f" />
      <TestMethod codeBase="C:\Users\alena\Desktop\7_sem\testing_and_debugging\SkiResort\AccessToDB.Tests\bin\Debug\net6.0\AccessToDB.Tests.dll" adapterTypeName="executor://xunit/VsTestRunner2/netcoreapp" className="AccessToDB.Tests.TurnstilesRepositoryTests" name="TestGetTurnstileByIdAsyncOk" />
    </UnitTest>
    <UnitTest name="AccessToDB.Tests.UsersRepositoryTests.TestCheckUserEmailExistsAsyncFalse(userEmail: &quot;userEmailc9e102f3-1004-45aa-9fbb-3999fdaa85b6&quot;)" storage="c:\users\alena\desktop\7_sem\testing_and_debugging\skiresort\accesstodb.tests\bin\debug\net6.0\accesstodb.tests.dll" id="7f7de6b4-980d-4ddc-56b7-f3ac868c26ea">
      <Execution id="30ae0e71-c1f4-4925-9ef3-7979061009b6" />
      <TestMethod codeBase="C:\Users\alena\Desktop\7_sem\testing_and_debugging\SkiResort\AccessToDB.Tests\bin\Debug\net6.0\AccessToDB.Tests.dll" adapterTypeName="executor://xunit/VsTestRunner2/netcoreapp" className="AccessToDB.Tests.UsersRepositoryTests" name="TestCheckUserEmailExistsAsyncFalse" />
    </UnitTest>
    <UnitTest name="AccessToDB.Tests.SlopesRepositoryTests.TestUpdateSlopeByIDAsyncOk(slope: Slope { SlopeID = 122, SlopeName = slopeName08adb6e1-dace-4780-a3a7-7a0c1290fb57, IsOpen = True, DifficultyLevel = 94, ConnectedLifts =  })" storage="c:\users\alena\desktop\7_sem\testing_and_debugging\skiresort\accesstodb.tests\bin\debug\net6.0\accesstodb.tests.dll" id="905b3efa-41c9-d2db-1e69-d47ac12714e2">
      <Execution id="4c070871-99d5-495f-aef3-12a3de9c4434" />
      <TestMethod codeBase="C:\Users\alena\Desktop\7_sem\testing_and_debugging\SkiResort\AccessToDB.Tests\bin\Debug\net6.0\AccessToDB.Tests.dll" adapterTypeName="executor://xunit/VsTestRunner2/netcoreapp" className="AccessToDB.Tests.SlopesRepositoryTests" name="TestUpdateSlopeByIDAsyncOk" />
    </UnitTest>
    <UnitTest name="AccessToDB.Tests.LiftsSlopesRepositoryTests.TestGetSlopesByLiftIdAsyncFailsWhenSlopeNotExists(liftSlope: LiftSlope { RecordID = 204, LiftID = 106, SlopeID = 73 })" storage="c:\users\alena\desktop\7_sem\testing_and_debugging\skiresort\accesstodb.tests\bin\debug\net6.0\accesstodb.tests.dll" id="dd13787f-509e-9b20-3047-b91a76ed4b25">
      <Execution id="180b23b5-6e29-4cc8-b7d6-34ea1e3c1862" />
      <TestMethod codeBase="C:\Users\alena\Desktop\7_sem\testing_and_debugging\SkiResort\AccessToDB.Tests\bin\Debug\net6.0\AccessToDB.Tests.dll" adapterTypeName="executor://xunit/VsTestRunner2/netcoreapp" className="AccessToDB.Tests.LiftsSlopesRepositoryTests" name="TestGetSlopesByLiftIdAsyncFailsWhenSlopeNotExists" />
    </UnitTest>
    <UnitTest name="AccessToDB.Tests.UsersRepositoryTests.TestGetUserByEmailAsyncFailsWhenEmailNotExists(email: &quot;email31c1d4f3-8562-49fc-83f1-3c0fd458fb8b&quot;)" storage="c:\users\alena\desktop\7_sem\testing_and_debugging\skiresort\accesstodb.tests\bin\debug\net6.0\accesstodb.tests.dll" id="f6548dce-524a-981b-4d82-b527c6c7677b">
      <Execution id="51cb039f-2b4b-4c8d-9295-d8ff231ac723" />
      <TestMethod codeBase="C:\Users\alena\Desktop\7_sem\testing_and_debugging\SkiResort\AccessToDB.Tests\bin\Debug\net6.0\AccessToDB.Tests.dll" adapterTypeName="executor://xunit/VsTestRunner2/netcoreapp" className="AccessToDB.Tests.UsersRepositoryTests" name="TestGetUserByEmailAsyncFailsWhenEmailNotExists" />
    </UnitTest>
    <UnitTest name="AccessToDB.Tests.LiftsSlopesRepositoryTests.TestDeleteLiftSlopeByIDAsyncFailsWhenIDNotExists(liftSlopeID: 29)" storage="c:\users\alena\desktop\7_sem\testing_and_debugging\skiresort\accesstodb.tests\bin\debug\net6.0\accesstodb.tests.dll" id="81f1ec5b-8c01-e653-5dfd-fdce20396e0d">
      <Execution id="03aad9f1-e267-40ba-bda9-eec3453be40e" />
      <TestMethod codeBase="C:\Users\alena\Desktop\7_sem\testing_and_debugging\SkiResort\AccessToDB.Tests\bin\Debug\net6.0\AccessToDB.Tests.dll" adapterTypeName="executor://xunit/VsTestRunner2/netcoreapp" className="AccessToDB.Tests.LiftsSlopesRepositoryTests" name="TestDeleteLiftSlopeByIDAsyncFailsWhenIDNotExists" />
    </UnitTest>
    <UnitTest name="AccessToDB.Tests.LiftsSlopesRepositoryTests.TestGetLiftSlopesAsyncEmpty" storage="c:\users\alena\desktop\7_sem\testing_and_debugging\skiresort\accesstodb.tests\bin\debug\net6.0\accesstodb.tests.dll" id="4145f44e-b4b1-a618-09e8-c631496e6f1a">
      <Execution id="7549f320-6411-4b55-88ab-49159d04b152" />
      <TestMethod codeBase="C:\Users\alena\Desktop\7_sem\testing_and_debugging\SkiResort\AccessToDB.Tests\bin\Debug\net6.0\AccessToDB.Tests.dll" adapterTypeName="executor://xunit/VsTestRunner2/netcoreapp" className="AccessToDB.Tests.LiftsSlopesRepositoryTests" name="TestGetLiftSlopesAsyncEmpty" />
    </UnitTest>
    <UnitTest name="AccessToDB.Tests.LiftsSlopesRepositoryTests.TestGetLiftSlopeByIdAsyncOk(liftSlope: LiftSlope { RecordID = 248, LiftID = 146, SlopeID = 251 })" storage="c:\users\alena\desktop\7_sem\testing_and_debugging\skiresort\accesstodb.tests\bin\debug\net6.0\accesstodb.tests.dll" id="012b283d-c5d3-4273-408e-667d9c41e660">
      <Execution id="c75355c5-144a-4641-b286-758c87df25e7" />
      <TestMethod codeBase="C:\Users\alena\Desktop\7_sem\testing_and_debugging\SkiResort\AccessToDB.Tests\bin\Debug\net6.0\AccessToDB.Tests.dll" adapterTypeName="executor://xunit/VsTestRunner2/netcoreapp" className="AccessToDB.Tests.LiftsSlopesRepositoryTests" name="TestGetLiftSlopeByIdAsyncOk" />
    </UnitTest>
    <UnitTest name="AccessToDB.Tests.UsersRepositoryTests.TestCheckUserIdExistsAsyncTrue(user: User { UserID = 104, CardID = 162, UserEmail = UserEmail00c180d2-cfbc-48f1-ad72-8a9b1f5bf2df, Password = passworde9df972e-159f-4e82-9f79-6099fc5b0cec, Permissions = UNAUTHORIZED })" storage="c:\users\alena\desktop\7_sem\testing_and_debugging\skiresort\accesstodb.tests\bin\debug\net6.0\accesstodb.tests.dll" id="64db9094-73ac-9ce3-e503-e23a273dfce2">
      <Execution id="db241183-e183-4b2f-9b5f-e534db7f65d8" />
      <TestMethod codeBase="C:\Users\alena\Desktop\7_sem\testing_and_debugging\SkiResort\AccessToDB.Tests\bin\Debug\net6.0\AccessToDB.Tests.dll" adapterTypeName="executor://xunit/VsTestRunner2/netcoreapp" className="AccessToDB.Tests.UsersRepositoryTests" name="TestCheckUserIdExistsAsyncTrue" />
    </UnitTest>
    <UnitTest name="AccessToDB.Tests.TurnstilesRepositoryTests.TestAddTurnstileAutoIncrementAsyncOk" storage="c:\users\alena\desktop\7_sem\testing_and_debugging\skiresort\accesstodb.tests\bin\debug\net6.0\accesstodb.tests.dll" id="f9435956-2e34-e52b-c34e-dce53665cf8e">
      <Execution id="5bdae2f7-5257-4ceb-af89-4da7f67a56c3" />
      <TestMethod codeBase="C:\Users\alena\Desktop\7_sem\testing_and_debugging\SkiResort\AccessToDB.Tests\bin\Debug\net6.0\AccessToDB.Tests.dll" adapterTypeName="executor://xunit/VsTestRunner2/netcoreapp" className="AccessToDB.Tests.TurnstilesRepositoryTests" name="TestAddTurnstileAutoIncrementAsyncOk" />
    </UnitTest>
    <UnitTest name="AccessToDB.Tests.UsersRepositoryTests.TestGetUsersAsyncEmpty" storage="c:\users\alena\desktop\7_sem\testing_and_debugging\skiresort\accesstodb.tests\bin\debug\net6.0\accesstodb.tests.dll" id="3741b26d-6ee0-6246-29e4-92009bff37b0">
      <Execution id="9f0b8f9f-5c3e-4b36-9a94-277d05745ece" />
      <TestMethod codeBase="C:\Users\alena\Desktop\7_sem\testing_and_debugging\SkiResort\AccessToDB.Tests\bin\Debug\net6.0\AccessToDB.Tests.dll" adapterTypeName="executor://xunit/VsTestRunner2/netcoreapp" className="AccessToDB.Tests.UsersRepositoryTests" name="TestGetUsersAsyncEmpty" />
    </UnitTest>
    <UnitTest name="AccessToDB.Tests.UsersRepositoryTests.TestAddUserAsyncFailsWhenUserIdRepeats(user: User { UserID = 8, CardID = 66, UserEmail = UserEmail291b9547-8bc5-463c-9494-1408990ce0b3, Password = password0a006539-6fd3-4640-9db0-d6867d15357d, Permissions = UNAUTHORIZED })" storage="c:\users\alena\desktop\7_sem\testing_and_debugging\skiresort\accesstodb.tests\bin\debug\net6.0\accesstodb.tests.dll" id="c75e42a0-f2a5-345b-014c-54bcf35f09a2">
      <Execution id="5c0fc7ed-8e87-4dab-8d21-5f904d4976e7" />
      <TestMethod codeBase="C:\Users\alena\Desktop\7_sem\testing_and_debugging\SkiResort\AccessToDB.Tests\bin\Debug\net6.0\AccessToDB.Tests.dll" adapterTypeName="executor://xunit/VsTestRunner2/netcoreapp" className="AccessToDB.Tests.UsersRepositoryTests" name="TestAddUserAsyncFailsWhenUserIdRepeats" />
    </UnitTest>
  </TestDefinitions>
  <TestEntries>
    <TestEntry testId="abbf0224-f779-d468-2024-619b6539239d" executionId="7dded209-d76d-456b-ad41-b505ec44254a" testListId="8c84fa94-04c1-424b-9868-57a2d4851a1d" />
    <TestEntry testId="9dfbe1eb-c46c-264c-ecd2-c7cb8a54e47e" executionId="4606c634-e0e0-4000-9383-da3556e7eb56" testListId="8c84fa94-04c1-424b-9868-57a2d4851a1d" />
    <TestEntry testId="95a19486-c965-9e03-0378-3ed7ba6dd309" executionId="f866337e-f7bf-41eb-b498-06d7cc974d05" testListId="8c84fa94-04c1-424b-9868-57a2d4851a1d" />
    <TestEntry testId="8c4e8e8f-34d8-ed78-92b8-ef65c2310968" executionId="46057f22-0579-4808-8f8e-2bc549fdd66d" testListId="8c84fa94-04c1-424b-9868-57a2d4851a1d" />
    <TestEntry testId="206e8e3b-6a26-05bf-e3d7-19e6f2a3a519" executionId="7c4f4351-29fb-491c-963c-259644da877d" testListId="8c84fa94-04c1-424b-9868-57a2d4851a1d" />
    <TestEntry testId="012b283d-c5d3-4273-408e-667d9c41e660" executionId="c75355c5-144a-4641-b286-758c87df25e7" testListId="8c84fa94-04c1-424b-9868-57a2d4851a1d" />
    <TestEntry testId="4b6a53f3-5b44-a8d7-3afa-d71b5ec6cc45" executionId="65ad85fa-63ae-448b-ba0f-6378764dd13c" testListId="8c84fa94-04c1-424b-9868-57a2d4851a1d" />
    <TestEntry testId="9bbefb83-8311-6e03-307f-415e3495e223" executionId="f35b76d4-144a-4e73-98fa-00745706587f" testListId="8c84fa94-04c1-424b-9868-57a2d4851a1d" />
    <TestEntry testId="65a1c71c-a426-0189-f209-c1d93786e255" executionId="0808b6cd-81be-4b2e-8a56-666430697a4b" testListId="8c84fa94-04c1-424b-9868-57a2d4851a1d" />
    <TestEntry testId="3c521313-4ed6-6bce-b4f9-c359411028e7" executionId="246debbe-98a5-4fb5-9bc2-342a729dd9ab" testListId="8c84fa94-04c1-424b-9868-57a2d4851a1d" />
    <TestEntry testId="e4b4186c-87eb-92ae-1f48-5c7e10a173f9" executionId="e0663564-6431-4ef3-b268-a271023130fa" testListId="8c84fa94-04c1-424b-9868-57a2d4851a1d" />
    <TestEntry testId="336bf0a4-5021-8df5-2d59-c2ab62600eb5" executionId="415d8231-8665-4cda-b23b-ac3ddb9f106b" testListId="8c84fa94-04c1-424b-9868-57a2d4851a1d" />
    <TestEntry testId="905b3efa-41c9-d2db-1e69-d47ac12714e2" executionId="4c070871-99d5-495f-aef3-12a3de9c4434" testListId="8c84fa94-04c1-424b-9868-57a2d4851a1d" />
    <TestEntry testId="4145f44e-b4b1-a618-09e8-c631496e6f1a" executionId="7549f320-6411-4b55-88ab-49159d04b152" testListId="8c84fa94-04c1-424b-9868-57a2d4851a1d" />
    <TestEntry testId="81f1ec5b-8c01-e653-5dfd-fdce20396e0d" executionId="03aad9f1-e267-40ba-bda9-eec3453be40e" testListId="8c84fa94-04c1-424b-9868-57a2d4851a1d" />
    <TestEntry testId="40f61c7c-a116-4097-2666-b2b88076145d" executionId="a1b2b1c5-eafc-4c0c-a36b-6603ab0d5fcc" testListId="8c84fa94-04c1-424b-9868-57a2d4851a1d" />
    <TestEntry testId="64db9094-73ac-9ce3-e503-e23a273dfce2" executionId="db241183-e183-4b2f-9b5f-e534db7f65d8" testListId="8c84fa94-04c1-424b-9868-57a2d4851a1d" />
    <TestEntry testId="c75e42a0-f2a5-345b-014c-54bcf35f09a2" executionId="5c0fc7ed-8e87-4dab-8d21-5f904d4976e7" testListId="8c84fa94-04c1-424b-9868-57a2d4851a1d" />
    <TestEntry testId="ec229f70-485a-f91b-53ed-bce655f6cd58" executionId="76be1b76-b3eb-4bdb-96d9-56cb69f55a89" testListId="8c84fa94-04c1-424b-9868-57a2d4851a1d" />
    <TestEntry testId="f6548dce-524a-981b-4d82-b527c6c7677b" executionId="51cb039f-2b4b-4c8d-9295-d8ff231ac723" testListId="8c84fa94-04c1-424b-9868-57a2d4851a1d" />
    <TestEntry testId="dd13787f-509e-9b20-3047-b91a76ed4b25" executionId="180b23b5-6e29-4cc8-b7d6-34ea1e3c1862" testListId="8c84fa94-04c1-424b-9868-57a2d4851a1d" />
    <TestEntry testId="7f7de6b4-980d-4ddc-56b7-f3ac868c26ea" executionId="30ae0e71-c1f4-4925-9ef3-7979061009b6" testListId="8c84fa94-04c1-424b-9868-57a2d4851a1d" />
    <TestEntry testId="9fbdcd56-045f-0c20-5cf6-db400bc35bff" executionId="53dc2776-247c-4091-98e1-101d5e8bff93" testListId="8c84fa94-04c1-424b-9868-57a2d4851a1d" />
    <TestEntry testId="08ac3b21-c4bd-1d40-dd3a-e44627f120b3" executionId="1e139216-69c3-427c-94ec-7f3b4b1fccba" testListId="8c84fa94-04c1-424b-9868-57a2d4851a1d" />
    <TestEntry testId="83322a29-f67f-e283-e46f-c1aefe9a291e" executionId="f360c954-9bba-4854-8c48-59cd0f2a7e5c" testListId="8c84fa94-04c1-424b-9868-57a2d4851a1d" />
    <TestEntry testId="e75bb6e2-88d9-af2a-a444-c4a9d67f0f0e" executionId="8e64d30b-ad24-4f20-a5f3-51de03cba70f" testListId="8c84fa94-04c1-424b-9868-57a2d4851a1d" />
    <TestEntry testId="bbde6d03-a793-1ef1-7045-8fab8686fbb0" executionId="28a58af1-d3ea-4d4e-929d-26b38a5435bd" testListId="8c84fa94-04c1-424b-9868-57a2d4851a1d" />
    <TestEntry testId="f8295519-b12c-debd-f6c8-5507194b645f" executionId="07ab7a6d-22d7-46b2-92b6-86ec91c026e7" testListId="8c84fa94-04c1-424b-9868-57a2d4851a1d" />
    <TestEntry testId="8f7ba917-f771-0dc5-f9b9-465c34344b12" executionId="3e03d163-a071-4c5b-b8a8-d74cdaecc5e4" testListId="8c84fa94-04c1-424b-9868-57a2d4851a1d" />
    <TestEntry testId="30f8e924-9784-0a43-e807-094f70e06567" executionId="1bb5f3b2-8918-44c0-889b-7e392b14215f" testListId="8c84fa94-04c1-424b-9868-57a2d4851a1d" />
    <TestEntry testId="3657f8ba-b920-117b-1947-7aede18c69b6" executionId="d1af76e8-8c32-49c1-a3b5-9d168897b9a3" testListId="8c84fa94-04c1-424b-9868-57a2d4851a1d" />
    <TestEntry testId="b1383b86-acc6-2d25-2cb5-134f3915a18d" executionId="46ea6d94-48d6-4fa6-b30c-e4141ce20e22" testListId="8c84fa94-04c1-424b-9868-57a2d4851a1d" />
    <TestEntry testId="6834769b-70e1-c796-c3bc-9bfb59f52ac8" executionId="54a419f8-1467-4521-96ef-e95d87e651aa" testListId="8c84fa94-04c1-424b-9868-57a2d4851a1d" />
    <TestEntry testId="0a232dba-0338-fbed-203c-f8931a47d56e" executionId="a93ba0fc-8a00-4922-b275-1056961c5489" testListId="8c84fa94-04c1-424b-9868-57a2d4851a1d" />
    <TestEntry testId="f9435956-2e34-e52b-c34e-dce53665cf8e" executionId="5bdae2f7-5257-4ceb-af89-4da7f67a56c3" testListId="8c84fa94-04c1-424b-9868-57a2d4851a1d" />
    <TestEntry testId="655cf124-3765-9518-3585-fbd39be882bd" executionId="fda4c4f4-222d-4452-81f6-6f68cf436b2f" testListId="8c84fa94-04c1-424b-9868-57a2d4851a1d" />
    <TestEntry testId="5f39c0a5-72b9-f9dd-d74c-701e3e8d3848" executionId="66455ac3-f3bc-49c1-b721-67faba7a2012" testListId="8c84fa94-04c1-424b-9868-57a2d4851a1d" />
    <TestEntry testId="607e8298-f113-be33-300e-15a343893443" executionId="5302d64c-fdb0-428d-9447-a9d1948dbfe7" testListId="8c84fa94-04c1-424b-9868-57a2d4851a1d" />
    <TestEntry testId="3741b26d-6ee0-6246-29e4-92009bff37b0" executionId="9f0b8f9f-5c3e-4b36-9a94-277d05745ece" testListId="8c84fa94-04c1-424b-9868-57a2d4851a1d" />
  </TestEntries>
  <TestLists>
    <TestList name="Список результатов" id="8c84fa94-04c1-424b-9868-57a2d4851a1d" />
    <TestList name="Все загруженные результаты" id="19431567-8539-422a-85d7-44ee4e166bda" />
  </TestLists>
  <ResultSummary outcome="Failed">
    <Counters total="39" executed="39" passed="38" failed="1" error="0" timeout="0" aborted="0" inconclusive="0" passedButRunAborted="0" notRunnable="0" notExecuted="0" disconnected="0" warning="0" completed="0" inProgress="0" pending="0" />
    <Output>
      <StdOut>[xUnit.net 00:00:00.00] xUnit.net VSTest Adapter v2.4.5+1caef2f33e (64-bit .NET 6.0.3)&#xD;
[xUnit.net 00:00:00.58]   Discovering: AccessToDB.Tests&#xD;
[xUnit.net 00:00:00.71]   Discovered:  AccessToDB.Tests&#xD;
[xUnit.net 00:00:00.72]   Starting:    AccessToDB.Tests&#xD;
[xUnit.net 00:00:19.61]       System.InvalidOperationException : Operations that change non-concurrent collections must have exclusive access. A concurrent update was performed on this collection and corrupted its state. The collection's state is no longer correct.&#xD;
[xUnit.net 00:00:19.61]       Stack Trace:&#xD;
[xUnit.net 00:00:19.62]            at System.Collections.Generic.Dictionary`2.FindValue(TKey key)&#xD;
[xUnit.net 00:00:19.62]            at System.Collections.Generic.Dictionary`2.TryGetValue(TKey key, TValue&amp; value)&#xD;
[xUnit.net 00:00:19.62]            at ProGaudi.MsgPack.Light.MsgPackContext.GetObjectActivator(Type type)&#xD;
[xUnit.net 00:00:19.62]            at ProGaudi.MsgPack.Light.MsgPackContext.&lt;&gt;c__DisplayClass27_0.&lt;TryGenerateArrayConverter&gt;b__0(Type x)&#xD;
[xUnit.net 00:00:19.62]            at ProGaudi.MsgPack.Light.MsgPackContext.TryGenerateArrayConverter(Type type)&#xD;
[xUnit.net 00:00:19.62]            at ProGaudi.MsgPack.Light.MsgPackContext.GetConverter[T]()&#xD;
[xUnit.net 00:00:19.62]            at ProGaudi.Tarantool.Client.Converters.ResponsePacketConverter`1.Initialize(MsgPackContext context)&#xD;
[xUnit.net 00:00:19.62]            at ProGaudi.MsgPack.Light.MsgPackContext.CreateAndInializeConverter(Func`1 converterActivator)&#xD;
[xUnit.net 00:00:19.62]            at ProGaudi.MsgPack.Light.MsgPackContext.TryGenerateConverterFromGenericConverter(Type type)&#xD;
[xUnit.net 00:00:19.62]            at ProGaudi.MsgPack.Light.MsgPackContext.GetConverter[T]()&#xD;
[xUnit.net 00:00:19.62]            at ProGaudi.MsgPack.Light.MsgPackSerializer.GetConverter[T](MsgPackContext context)&#xD;
[xUnit.net 00:00:19.62]            at ProGaudi.MsgPack.Light.MsgPackSerializer.Deserialize[T](MemoryStream stream, MsgPackContext context)&#xD;
[xUnit.net 00:00:19.62]            at ProGaudi.Tarantool.Client.LogicalConnection.SendRequest[TRequest,TResponse](TRequest request, Nullable`1 timeout)&#xD;
[xUnit.net 00:00:19.62]            at ProGaudi.Tarantool.Client.LogicalConnectionManager.SendRequest[TRequest,TResponse](TRequest request, Nullable`1 timeout)&#xD;
[xUnit.net 00:00:19.62]            at ProGaudi.Tarantool.Client.Schema.Select[T](UInt32 spaceId, Iterator iterator, UInt32 id)&#xD;
[xUnit.net 00:00:19.62]            at ProGaudi.Tarantool.Client.Schema.Reload()&#xD;
[xUnit.net 00:00:19.62]            at ProGaudi.Tarantool.Client.Box.Connect()&#xD;
[xUnit.net 00:00:19.62]            at ProGaudi.Tarantool.Client.Box.Connect(String replicationSource)&#xD;
[xUnit.net 00:00:19.62]         C:\Users\alena\Desktop\7_sem\testing_and_debugging\SkiResort\AccessToDB\TarantoolContext.cs(52,0): at AccessToDB.TarantoolContext.Initialize(String connection_string)&#xD;
[xUnit.net 00:00:19.62]         C:\Users\alena\Desktop\7_sem\testing_and_debugging\SkiResort\AccessToDB\TarantoolContext.cs(32,0): at AccessToDB.TarantoolContext..ctor(String connection_string)&#xD;
[xUnit.net 00:00:19.62]         C:\Users\alena\Desktop\7_sem\testing_and_debugging\SkiResort\AccessToDB.Tests\UsersRepositoryTests.cs(28,0): at AccessToDB.Tests.UsersRepositoryTests..ctor()&#xD;
[xUnit.net 00:00:19.62]            at System.RuntimeType.CreateInstanceDefaultCtor(Boolean publicOnly, Boolean wrapExceptions)&#xD;
[xUnit.net 00:00:23.77]   Finished:    AccessToDB.Tests&#xD;
</StdOut>
    </Output>
    <RunInfos>
      <RunInfo computerName="DESKTOP-TJ9D65N" outcome="Error" timestamp="2022-10-15T20:32:33.1954611+03:00">
        <Text>[xUnit.net 00:00:19.61]     AccessToDB.Tests.UsersRepositoryTests.TestCheckUserIdExistsAsyncTrue(user: User { UserID = 104, CardID = 162, UserEmail = UserEmail00c180d2-cfbc-48f1-ad72-8a9b1f5bf2df, Password = passworde9df972e-159f-4e82-9f79-6099fc5b0cec, Permissions = UNAUTHORIZED }) [FAIL]</Text>
      </RunInfo>
    </RunInfos>
  </ResultSummary>
</TestRun>