<?xml version="1.0" encoding="utf-8"?>
<TestRun id="998baeec-fe12-47a6-bcde-1b550d7f8367" name="alena@DESKTOP-TJ9D65N 2022-10-15 20:21:39" runUser="DESKTOP-TJ9D65N\alena" xmlns="http://microsoft.com/schemas/VisualStudio/TeamTest/2010">
  <Times creation="2022-10-15T20:21:39.3954672+03:00" queuing="2022-10-15T20:21:39.3954675+03:00" start="2022-10-15T20:21:35.7926140+03:00" finish="2022-10-15T20:21:59.7447885+03:00" />
  <TestSettings name="default" id="9b7753df-8478-4815-9913-7325356979e0">
    <Deployment runDeploymentRoot="alena_DESKTOP-TJ9D65N_2022-10-15_20_21_39" />
  </TestSettings>
  <Results>
    <UnitTestResult executionId="0d63dc03-8212-4f62-8934-7e3a1ce3fe5e" testId="7b582224-07bc-9b62-5fd6-18ffa94a0fef" testName="AccessToDB.Tests.SlopesRepositoryTests.TestDeleteSlopeByIDAsyncFailsWhenIDNotExists(slopeID: 171)" computerName="DESKTOP-TJ9D65N" duration="00:00:00.5579975" startTime="2022-10-15T20:21:57.3210954+03:00" endTime="2022-10-15T20:21:57.3210955+03:00" testType="13cdc9d9-ddb5-4fa4-a97d-d965ccfc6d4b" outcome="Passed" testListId="8c84fa94-04c1-424b-9868-57a2d4851a1d" relativeResultsDirectory="0d63dc03-8212-4f62-8934-7e3a1ce3fe5e" />
    <UnitTestResult executionId="56284ca0-ed46-4cd7-9311-d373886a7838" testId="4145f44e-b4b1-a618-09e8-c631496e6f1a" testName="AccessToDB.Tests.LiftsSlopesRepositoryTests.TestGetLiftSlopesAsyncEmpty" computerName="DESKTOP-TJ9D65N" duration="00:00:00.5610335" startTime="2022-10-15T20:21:47.0741569+03:00" endTime="2022-10-15T20:21:47.0741573+03:00" testType="13cdc9d9-ddb5-4fa4-a97d-d965ccfc6d4b" outcome="Passed" testListId="8c84fa94-04c1-424b-9868-57a2d4851a1d" relativeResultsDirectory="56284ca0-ed46-4cd7-9311-d373886a7838" />
    <UnitTestResult executionId="cda4074d-218f-4f18-8a13-a71999f594d5" testId="7296aeab-b978-3912-96b8-99eb0a5b3634" testName="AccessToDB.Tests.LiftsRepositoryTests.TestGetLiftByNameAsyncFailsWhenNameNotExists(liftName: &quot;liftName9ab14ddf-4e99-41e9-9179-a59704332535&quot;)" computerName="DESKTOP-TJ9D65N" duration="00:00:00.5591311" startTime="2022-10-15T20:21:51.2076164+03:00" endTime="2022-10-15T20:21:51.2076169+03:00" testType="13cdc9d9-ddb5-4fa4-a97d-d965ccfc6d4b" outcome="Passed" testListId="8c84fa94-04c1-424b-9868-57a2d4851a1d" relativeResultsDirectory="cda4074d-218f-4f18-8a13-a71999f594d5" />
    <UnitTestResult executionId="f432d801-4c6e-45a0-b383-aa51659d2307" testId="7a153a13-59c5-e6c7-f363-92db4d2b4518" testName="AccessToDB.Tests.UsersRepositoryTests.TestDeleteUserByIDAsyncFailsWhenIDNotExists(userID: 239)" computerName="DESKTOP-TJ9D65N" duration="00:00:00.5545501" startTime="2022-10-15T20:21:38.4702941+03:00" endTime="2022-10-15T20:21:38.4702943+03:00" testType="13cdc9d9-ddb5-4fa4-a97d-d965ccfc6d4b" outcome="Passed" testListId="8c84fa94-04c1-424b-9868-57a2d4851a1d" relativeResultsDirectory="f432d801-4c6e-45a0-b383-aa51659d2307" />
    <UnitTestResult executionId="046d18d8-87c3-4500-a2e2-4bd731d893d5" testId="01a322d2-b3c0-9a06-d3df-6f3dfcf472a3" testName="AccessToDB.Tests.SlopesRepositoryTests.TestGetSlopeByIdAsyncOk(slope: Slope { SlopeID = 118, SlopeName = slopeNamedd72f69a-ac96-49d8-ab1f-68ffa05af728, IsOpen = True, DifficultyLevel = 42, ConnectedLifts =  })" computerName="DESKTOP-TJ9D65N" duration="00:00:00.5861658" startTime="2022-10-15T20:21:56.1502358+03:00" endTime="2022-10-15T20:21:56.1502359+03:00" testType="13cdc9d9-ddb5-4fa4-a97d-d965ccfc6d4b" outcome="Passed" testListId="8c84fa94-04c1-424b-9868-57a2d4851a1d" relativeResultsDirectory="046d18d8-87c3-4500-a2e2-4bd731d893d5" />
    <UnitTestResult executionId="b0446fa0-5a10-491f-80cd-58d41c7cc643" testId="b1669ccb-d092-90f5-29cd-bf4771c1edee" testName="AccessToDB.Tests.LiftsRepositoryTests.TestUpdateLiftByIDAsyncOk(lift: Lift { LiftID = 138, LiftName = liftName10f9ef9c-d47c-4a33-985b-6ad81af0d70c, IsOpen = True, SeatsAmount = 145, LiftingTime = 90, QueueTime = 131, ConnectedSlopes =  })" computerName="DESKTOP-TJ9D65N" duration="00:00:00.6069539" startTime="2022-10-15T20:21:50.0276483+03:00" endTime="2022-10-15T20:21:50.0276486+03:00" testType="13cdc9d9-ddb5-4fa4-a97d-d965ccfc6d4b" outcome="Passed" testListId="8c84fa94-04c1-424b-9868-57a2d4851a1d" relativeResultsDirectory="b0446fa0-5a10-491f-80cd-58d41c7cc643" />
    <UnitTestResult executionId="2ba3b0be-4116-4e63-9a43-b701318ba348" testId="42df02b5-94a0-ae9f-7f59-1c5e3cd96f14" testName="AccessToDB.Tests.TurnstilesRepositoryTests.TestGetTurnstileByIdAsyncOk(turnstile: Turnstile { TurnstileID = 26, LiftID = 54, IsOpen = True })" computerName="DESKTOP-TJ9D65N" duration="00:00:00.5953385" startTime="2022-10-15T20:21:55.5592115+03:00" endTime="2022-10-15T20:21:55.5592118+03:00" testType="13cdc9d9-ddb5-4fa4-a97d-d965ccfc6d4b" outcome="Passed" testListId="8c84fa94-04c1-424b-9868-57a2d4851a1d" relativeResultsDirectory="2ba3b0be-4116-4e63-9a43-b701318ba348" />
    <UnitTestResult executionId="703b3847-974b-449f-ba00-0023842d7428" testId="9eb763a5-4f6f-6db3-dfd7-6f98e285998f" testName="AccessToDB.Tests.LiftsSlopesRepositoryTests.TestAddLiftSlopeAsyncFailsWhenLiftSlopeIdRepeats(liftSlope: LiftSlope { RecordID = 99, LiftID = 113, SlopeID = 36 })" computerName="DESKTOP-TJ9D65N" duration="00:00:00.0010000" startTime="2022-10-15T20:21:45.2674896+03:00" endTime="2022-10-15T20:21:45.2674897+03:00" testType="13cdc9d9-ddb5-4fa4-a97d-d965ccfc6d4b" outcome="Failed" testListId="8c84fa94-04c1-424b-9868-57a2d4851a1d" relativeResultsDirectory="703b3847-974b-449f-ba00-0023842d7428">
      <Output>
        <ErrorInfo>
          <Message>System.InvalidOperationException : Operations that change non-concurrent collections must have exclusive access. A concurrent update was performed on this collection and corrupted its state. The collection's state is no longer correct.</Message>
          <StackTrace>   at System.Collections.Generic.Dictionary`2.FindValue(TKey key)&#xD;
   at System.Collections.Generic.Dictionary`2.TryGetValue(TKey key, TValue&amp; value)&#xD;
   at ProGaudi.MsgPack.Light.MsgPackContext.GetObjectActivator(Type type)&#xD;
   at ProGaudi.MsgPack.Light.Converters.ArrayConverter`2.ReadList(IMsgPackReader reader, UInt32 length)&#xD;
   at ProGaudi.MsgPack.Light.Converters.ArrayConverter`2.ReadArray(IMsgPackReader reader, UInt32 length)&#xD;
   at ProGaudi.MsgPack.Light.Converters.ArrayConverter`2.Read(IMsgPackReader reader)&#xD;
   at ProGaudi.Tarantool.Client.Converters.SpaceConverter.Read(IMsgPackReader reader)&#xD;
   at ProGaudi.MsgPack.Light.Converters.ArrayConverter`2.ReadArray(IMsgPackReader reader, UInt32 length)&#xD;
   at ProGaudi.MsgPack.Light.Converters.ArrayConverter`2.Read(IMsgPackReader reader)&#xD;
   at ProGaudi.Tarantool.Client.Converters.ResponsePacketConverter`1.ProGaudi.MsgPack.Light.IMsgPackConverter&lt;ProGaudi.Tarantool.Client.Model.Responses.DataResponse&lt;T&gt;&gt;.Read(IMsgPackReader reader)&#xD;
   at ProGaudi.MsgPack.Light.MsgPackSerializer.Deserialize[T](MemoryStream stream, MsgPackContext context)&#xD;
   at ProGaudi.Tarantool.Client.LogicalConnection.SendRequest[TRequest,TResponse](TRequest request, Nullable`1 timeout)&#xD;
   at ProGaudi.Tarantool.Client.LogicalConnectionManager.SendRequest[TRequest,TResponse](TRequest request, Nullable`1 timeout)&#xD;
   at ProGaudi.Tarantool.Client.Schema.Select[T](UInt32 spaceId, Iterator iterator, UInt32 id)&#xD;
   at ProGaudi.Tarantool.Client.Schema.Reload()&#xD;
   at ProGaudi.Tarantool.Client.Box.Connect()&#xD;
   at ProGaudi.Tarantool.Client.Box.Connect(String replicationSource)&#xD;
   at AccessToDB.TarantoolContext.Initialize(String connection_string) in C:\Users\alena\Desktop\7_sem\testing_and_debugging\SkiResort\AccessToDB\TarantoolContext.cs:line 52&#xD;
   at AccessToDB.TarantoolContext..ctor(String connection_string) in C:\Users\alena\Desktop\7_sem\testing_and_debugging\SkiResort\AccessToDB\TarantoolContext.cs:line 32&#xD;
   at AccessToDB.Tests.LiftsSlopesRepositoryTests..ctor() in C:\Users\alena\Desktop\7_sem\testing_and_debugging\SkiResort\AccessToDB.Tests\LiftsSlopesRepositoryTests.cs:line 34&#xD;
   at System.RuntimeType.CreateInstanceDefaultCtor(Boolean publicOnly, Boolean wrapExceptions)</StackTrace>
        </ErrorInfo>
      </Output>
    </UnitTestResult>
    <UnitTestResult executionId="6247c46d-c0ba-48b7-a1b5-6da1151b3dd1" testId="8f7ba917-f771-0dc5-f9b9-465c34344b12" testName="AccessToDB.Tests.SlopesRepositoryTests.TestAddSlopeAutoIncrementAsyncOk" computerName="DESKTOP-TJ9D65N" duration="00:00:00.6055552" startTime="2022-10-15T20:21:59.1148609+03:00" endTime="2022-10-15T20:21:59.1148611+03:00" testType="13cdc9d9-ddb5-4fa4-a97d-d965ccfc6d4b" outcome="Passed" testListId="8c84fa94-04c1-424b-9868-57a2d4851a1d" relativeResultsDirectory="6247c46d-c0ba-48b7-a1b5-6da1151b3dd1" />
    <UnitTestResult executionId="54a02e9e-4aaf-480f-8a84-a59164187ce3" testId="815a9e45-f277-f391-0290-27a7fb8de863" testName="AccessToDB.Tests.TurnstilesRepositoryTests.TestDeleteTurnstileByIDAsyncFailsWhenIDNotExists(turnstileID: 186)" computerName="DESKTOP-TJ9D65N" duration="00:00:00.6754097" startTime="2022-10-15T20:21:53.1764247+03:00" endTime="2022-10-15T20:21:53.1764248+03:00" testType="13cdc9d9-ddb5-4fa4-a97d-d965ccfc6d4b" outcome="Passed" testListId="8c84fa94-04c1-424b-9868-57a2d4851a1d" relativeResultsDirectory="54a02e9e-4aaf-480f-8a84-a59164187ce3" />
    <UnitTestResult executionId="f4482b8f-86ba-4cb7-9a08-1a89dccd199d" testId="cded92fb-11fb-6f96-4f6a-5d12fb4796fb" testName="AccessToDB.Tests.TurnstilesRepositoryTests.TestAddTurnstileAsyncFailsWhenTurnstileIdRepeats(turnstile: Turnstile { TurnstileID = 64, LiftID = 198, IsOpen = True })" computerName="DESKTOP-TJ9D65N" duration="00:00:00.6042360" startTime="2022-10-15T20:21:51.8191922+03:00" endTime="2022-10-15T20:21:51.8191924+03:00" testType="13cdc9d9-ddb5-4fa4-a97d-d965ccfc6d4b" outcome="Passed" testListId="8c84fa94-04c1-424b-9868-57a2d4851a1d" relativeResultsDirectory="f4482b8f-86ba-4cb7-9a08-1a89dccd199d" />
    <UnitTestResult executionId="0329c340-aa2a-47fd-98f6-3fe87817230b" testId="d1a7aae2-8538-2272-b29e-0d900b5a633f" testName="AccessToDB.Tests.LiftsSlopesRepositoryTests.TestDeleteLiftSlopesByIDsAsyncOk(liftSlope: LiftSlope { RecordID = 247, LiftID = 25, SlopeID = 104 })" computerName="DESKTOP-TJ9D65N" duration="00:00:00.5994125" startTime="2022-10-15T20:21:42.7007240+03:00" endTime="2022-10-15T20:21:42.7007242+03:00" testType="13cdc9d9-ddb5-4fa4-a97d-d965ccfc6d4b" outcome="Passed" testListId="8c84fa94-04c1-424b-9868-57a2d4851a1d" relativeResultsDirectory="0329c340-aa2a-47fd-98f6-3fe87817230b" />
    <UnitTestResult executionId="c2436d06-ba99-4034-9801-699e3d1135e6" testId="0b08dfbb-6691-ad00-a496-d41e1bd5a6b0" testName="AccessToDB.Tests.LiftsRepositoryTests.TestDeleteLiftByIDAsyncFailsWhenIDNotExists(liftID: 245)" computerName="DESKTOP-TJ9D65N" duration="00:00:00.5619665" startTime="2022-10-15T20:21:49.4159307+03:00" endTime="2022-10-15T20:21:49.4159312+03:00" testType="13cdc9d9-ddb5-4fa4-a97d-d965ccfc6d4b" outcome="Passed" testListId="8c84fa94-04c1-424b-9868-57a2d4851a1d" relativeResultsDirectory="c2436d06-ba99-4034-9801-699e3d1135e6" />
    <UnitTestResult executionId="431fcdd8-7572-4d40-a9ab-9a9c15510362" testId="28d48257-42fa-ead7-5a95-f448faf1b470" testName="AccessToDB.Tests.UsersRepositoryTests.TestCheckUserEmailExistsAsyncFalse(userEmail: &quot;userEmail387f0ec1-7421-4680-a382-33fdc0e83847&quot;)" computerName="DESKTOP-TJ9D65N" duration="00:00:00.5636552" startTime="2022-10-15T20:21:41.4663282+03:00" endTime="2022-10-15T20:21:41.4663284+03:00" testType="13cdc9d9-ddb5-4fa4-a97d-d965ccfc6d4b" outcome="Passed" testListId="8c84fa94-04c1-424b-9868-57a2d4851a1d" relativeResultsDirectory="431fcdd8-7572-4d40-a9ab-9a9c15510362" />
    <UnitTestResult executionId="558662fc-5e6f-4c38-aa2a-ea940765d20a" testId="74cadba5-9c68-fab3-67be-218990664325" testName="AccessToDB.Tests.TurnstilesRepositoryTests.TestGetTurnstilesByLiftIdAsyncOk(liftID: 92)" computerName="DESKTOP-TJ9D65N" duration="00:00:00.6468600" startTime="2022-10-15T20:21:52.4977760+03:00" endTime="2022-10-15T20:21:52.4977764+03:00" testType="13cdc9d9-ddb5-4fa4-a97d-d965ccfc6d4b" outcome="Failed" testListId="8c84fa94-04c1-424b-9868-57a2d4851a1d" relativeResultsDirectory="558662fc-5e6f-4c38-aa2a-ea940765d20a">
      <Output>
        <ErrorInfo>
          <Message>System.InvalidOperationException : Operations that change non-concurrent collections must have exclusive access. A concurrent update was performed on this collection and corrupted its state. The collection's state is no longer correct.</Message>
          <StackTrace>   at System.Collections.Generic.Dictionary`2.FindValue(TKey key)&#xD;
   at System.Collections.Generic.Dictionary`2.TryGetValue(TKey key, TValue&amp; value)&#xD;
   at ProGaudi.MsgPack.Light.MsgPackContext.GetObjectActivator(Type type)&#xD;
   at ProGaudi.MsgPack.Light.MsgPackContext.&lt;&gt;c__DisplayClass24_0.&lt;TryGenerateConverterFromGenericConverter&gt;b__0(Type x)&#xD;
   at ProGaudi.MsgPack.Light.MsgPackContext.TryGenerateConverterFromGenericConverter(Type type)&#xD;
   at ProGaudi.MsgPack.Light.MsgPackContext.GetConverter[T]()&#xD;
   at ProGaudi.MsgPack.Light.MsgPackSerializer.GetConverter[T](MsgPackContext context)&#xD;
   at ProGaudi.MsgPack.Light.MsgPackSerializer.Serialize[T](T data, MemoryStream stream, MsgPackContext context)&#xD;
   at ProGaudi.Tarantool.Client.LogicalConnection.SendRequestImpl[TRequest](TRequest request, Nullable`1 timeout)&#xD;
   at ProGaudi.Tarantool.Client.LogicalConnection.SendRequest[TRequest,TResponse](TRequest request, Nullable`1 timeout)&#xD;
   at ProGaudi.Tarantool.Client.LogicalConnectionManager.SendRequest[TRequest,TResponse](TRequest request, Nullable`1 timeout)&#xD;
   at ProGaudi.Tarantool.Client.Index.Delete[TKey,TTuple](TKey key)&#xD;
   at AccessToDB.RepositoriesTarantool.TarantoolTurnstilesRepository.DeleteTurnstileByIDAsync(UInt32 turnstileID) in C:\Users\alena\Desktop\7_sem\testing_and_debugging\SkiResort\AccessToDB\TarantoolRepositories\TarantoolTurnstilesRepository.cs:line 118&#xD;
   at AccessToDB.Tests.TurnstilesRepositoryTests.CleanTurnstilesTable() in C:\Users\alena\Desktop\7_sem\testing_and_debugging\SkiResort\AccessToDB.Tests\TurnstilesRepositoryTests.cs:line 43&#xD;
   at AccessToDB.Tests.TurnstilesRepositoryTests.Dispose() in C:\Users\alena\Desktop\7_sem\testing_and_debugging\SkiResort\AccessToDB.Tests\TurnstilesRepositoryTests.cs:line 35&#xD;
   at ReflectionAbstractionExtensions.DisposeTestClass(ITest test, Object testClass, IMessageBus messageBus, ExecutionTimer timer, CancellationTokenSource cancellationTokenSource) in /_/src/xunit.execution/Extensions/ReflectionAbstractionExtensions.cs:line 79</StackTrace>
        </ErrorInfo>
      </Output>
    </UnitTestResult>
    <UnitTestResult executionId="cd1af3b4-8547-4504-b5f6-de8c61d75576" testId="3c521313-4ed6-6bce-b4f9-c359411028e7" testName="AccessToDB.Tests.TurnstilesRepositoryTests.TestGetTurnstilesAsyncEmpty" computerName="DESKTOP-TJ9D65N" duration="00:00:00.5598986" startTime="2022-10-15T20:21:53.7397915+03:00" endTime="2022-10-15T20:21:53.7397917+03:00" testType="13cdc9d9-ddb5-4fa4-a97d-d965ccfc6d4b" outcome="Passed" testListId="8c84fa94-04c1-424b-9868-57a2d4851a1d" relativeResultsDirectory="cd1af3b4-8547-4504-b5f6-de8c61d75576" />
    <UnitTestResult executionId="d8af317b-bcf4-4627-a1dc-0808f1891716" testId="ec229f70-485a-f91b-53ed-bce655f6cd58" testName="AccessToDB.Tests.LiftsRepositoryTests.TestAddLiftAutoIncrementAsyncOk" computerName="DESKTOP-TJ9D65N" duration="00:00:00.6058515" startTime="2022-10-15T20:21:47.6855447+03:00" endTime="2022-10-15T20:21:47.6855450+03:00" testType="13cdc9d9-ddb5-4fa4-a97d-d965ccfc6d4b" outcome="Passed" testListId="8c84fa94-04c1-424b-9868-57a2d4851a1d" relativeResultsDirectory="d8af317b-bcf4-4627-a1dc-0808f1891716" />
    <UnitTestResult executionId="0dbacb1c-9e6e-4b6d-9078-de2ddef777ea" testId="acaf3bfe-c243-d7f7-5ac4-d5e7abd6c6d7" testName="AccessToDB.Tests.LiftsSlopesRepositoryTests.TestGetLiftSlopeByIdAsyncOk(liftSlope: LiftSlope { RecordID = 119, LiftID = 105, SlopeID = 10 })" computerName="DESKTOP-TJ9D65N" duration="00:00:00.5884604" startTime="2022-10-15T20:21:45.8926782+03:00" endTime="2022-10-15T20:21:45.8926784+03:00" testType="13cdc9d9-ddb5-4fa4-a97d-d965ccfc6d4b" outcome="Passed" testListId="8c84fa94-04c1-424b-9868-57a2d4851a1d" relativeResultsDirectory="0dbacb1c-9e6e-4b6d-9078-de2ddef777ea" />
    <UnitTestResult executionId="f411bb33-f8c6-4840-935f-3457e6c2db71" testId="607e8298-f113-be33-300e-15a343893443" testName="AccessToDB.Tests.LiftsRepositoryTests.TestGetLiftsAsyncEmpty" computerName="DESKTOP-TJ9D65N" duration="00:00:00.5602837" startTime="2022-10-15T20:21:48.8491971+03:00" endTime="2022-10-15T20:21:48.8491973+03:00" testType="13cdc9d9-ddb5-4fa4-a97d-d965ccfc6d4b" outcome="Passed" testListId="8c84fa94-04c1-424b-9868-57a2d4851a1d" relativeResultsDirectory="f411bb33-f8c6-4840-935f-3457e6c2db71" />
    <UnitTestResult executionId="3f502c48-0c8d-49b6-9814-987887dd6997" testId="f53f0550-0a7e-a282-5f53-6cebb2e237aa" testName="AccessToDB.Tests.UsersRepositoryTests.TestGetUserByIdAsyncOk(user: User { UserID = 91, CardID = 27, UserEmail = UserEmail7d51d4c4-53f2-4b52-bc36-b17e340487b3, Password = passwordaab3e39a-c68e-44ec-ae1e-68fa2b0be522, Permissions = UNAUTHORIZED })" computerName="DESKTOP-TJ9D65N" duration="00:00:00.5900298" startTime="2022-10-15T20:21:39.0635192+03:00" endTime="2022-10-15T20:21:39.0635194+03:00" testType="13cdc9d9-ddb5-4fa4-a97d-d965ccfc6d4b" outcome="Passed" testListId="8c84fa94-04c1-424b-9868-57a2d4851a1d" relativeResultsDirectory="3f502c48-0c8d-49b6-9814-987887dd6997" />
    <UnitTestResult executionId="d69849d9-7a5e-4b6f-a7ab-97fc332c5bba" testId="f110e1c0-2b19-c0e9-4bef-a7310e5727fd" testName="AccessToDB.Tests.LiftsSlopesRepositoryTests.TestDeleteLiftSlopeByIDAsyncFailsWhenIDNotExists(liftSlopeID: 191)" computerName="DESKTOP-TJ9D65N" duration="00:00:00.5592949" startTime="2022-10-15T20:21:45.1996511+03:00" endTime="2022-10-15T20:21:45.1996512+03:00" testType="13cdc9d9-ddb5-4fa4-a97d-d965ccfc6d4b" outcome="Passed" testListId="8c84fa94-04c1-424b-9868-57a2d4851a1d" relativeResultsDirectory="d69849d9-7a5e-4b6f-a7ab-97fc332c5bba" />
    <UnitTestResult executionId="81115826-9e38-4d77-8bd7-ca04aed89660" testId="a5db87ba-cf34-0818-aa6a-f04ad7d23392" testName="AccessToDB.Tests.SlopesRepositoryTests.TestAddSlopeAsyncFailsWhenSlopeIdRepeats(slope: Slope { SlopeID = 172, SlopeName = slopeName0ed99c44-b49d-47f8-aecf-d2f17afea883, IsOpen = True, DifficultyLevel = 41, ConnectedLifts =  })" computerName="DESKTOP-TJ9D65N" duration="00:00:00.6061656" startTime="2022-10-15T20:21:56.7595576+03:00" endTime="2022-10-15T20:21:56.7595577+03:00" testType="13cdc9d9-ddb5-4fa4-a97d-d965ccfc6d4b" outcome="Passed" testListId="8c84fa94-04c1-424b-9868-57a2d4851a1d" relativeResultsDirectory="81115826-9e38-4d77-8bd7-ca04aed89660" />
    <UnitTestResult executionId="fbd5447d-f1b0-4352-968f-5b38ad4f87eb" testId="cb99749c-677b-3180-2634-3bfce95c9aa2" testName="AccessToDB.Tests.UsersRepositoryTests.TestGetUserByEmailAsyncFailsWhenEmailNotExists(email: &quot;email5e7f6200-f9fe-43dc-8d29-369e6d37552a&quot;)" computerName="DESKTOP-TJ9D65N" duration="00:00:00.5460772" startTime="2022-10-15T20:21:39.6721338+03:00" endTime="2022-10-15T20:21:39.6721341+03:00" testType="13cdc9d9-ddb5-4fa4-a97d-d965ccfc6d4b" outcome="Passed" testListId="8c84fa94-04c1-424b-9868-57a2d4851a1d" relativeResultsDirectory="fbd5447d-f1b0-4352-968f-5b38ad4f87eb" />
    <UnitTestResult executionId="6e941bb5-fdf4-48a1-926c-a0df3654072d" testId="14eeb40b-36e2-cc5c-fc76-2e0a485f0283" testName="AccessToDB.Tests.LiftsRepositoryTests.TestAddLiftAsyncFailsWhenLiftIdRepeats(lift: Lift { LiftID = 108, LiftName = liftNameaaf70ca1-42d5-48ed-b12d-487d8afd06a1, IsOpen = True, SeatsAmount = 219, LiftingTime = 172, QueueTime = 107, ConnectedSlopes =  })" computerName="DESKTOP-TJ9D65N" duration="00:00:00.6106770" startTime="2022-10-15T20:21:50.6438754+03:00" endTime="2022-10-15T20:21:50.6438756+03:00" testType="13cdc9d9-ddb5-4fa4-a97d-d965ccfc6d4b" outcome="Passed" testListId="8c84fa94-04c1-424b-9868-57a2d4851a1d" relativeResultsDirectory="6e941bb5-fdf4-48a1-926c-a0df3654072d" />
    <UnitTestResult executionId="3eceefa2-a721-45b5-8a1f-a3d8b0666c67" testId="02390bbe-bdb1-3d3a-404d-9cb111df7405" testName="AccessToDB.Tests.SlopesRepositoryTests.TestGetSlopeByNameAsyncFailsWhenNameNotExists(slopeName: &quot;slopeNamea7a9ecc3-087b-408a-bac5-c3d180477e65&quot;)" computerName="DESKTOP-TJ9D65N" duration="00:00:00.5637927" startTime="2022-10-15T20:21:58.5049294+03:00" endTime="2022-10-15T20:21:58.5049295+03:00" testType="13cdc9d9-ddb5-4fa4-a97d-d965ccfc6d4b" outcome="Passed" testListId="8c84fa94-04c1-424b-9868-57a2d4851a1d" relativeResultsDirectory="3eceefa2-a721-45b5-8a1f-a3d8b0666c67" />
    <UnitTestResult executionId="5f5628fe-a01c-4d5e-b474-b111dbb858c8" testId="12f1bba3-a1ea-339d-8e30-c4ea08ddfb76" testName="AccessToDB.Tests.UsersRepositoryTests.TestUpdateUserByIDAsyncOk(user: User { UserID = 126, CardID = 73, UserEmail = UserEmail9b2d5da6-7e98-4211-9e5a-869f1baf2ae2, Password = password0f09ad17-020a-4695-86a7-63b222fea945, Permissions = UNAUTHORIZED })" computerName="DESKTOP-TJ9D65N" duration="00:00:00.6079218" startTime="2022-10-15T20:21:40.2834933+03:00" endTime="2022-10-15T20:21:40.2834935+03:00" testType="13cdc9d9-ddb5-4fa4-a97d-d965ccfc6d4b" outcome="Passed" testListId="8c84fa94-04c1-424b-9868-57a2d4851a1d" relativeResultsDirectory="5f5628fe-a01c-4d5e-b474-b111dbb858c8" />
    <UnitTestResult executionId="41d4c11e-55f8-4893-ac3a-ea9a693cd34a" testId="e75bb6e2-88d9-af2a-a444-c4a9d67f0f0e" testName="AccessToDB.Tests.UsersRepositoryTests.TestAddUserAutoIncrementAsyncOk" computerName="DESKTOP-TJ9D65N" duration="00:00:00.6205206" startTime="2022-10-15T20:21:42.0907349+03:00" endTime="2022-10-15T20:21:42.0907351+03:00" testType="13cdc9d9-ddb5-4fa4-a97d-d965ccfc6d4b" outcome="Passed" testListId="8c84fa94-04c1-424b-9868-57a2d4851a1d" relativeResultsDirectory="41d4c11e-55f8-4893-ac3a-ea9a693cd34a" />
    <UnitTestResult executionId="ac0bdf1f-837a-4677-9c16-402cb68f0e35" testId="30f8e924-9784-0a43-e807-094f70e06567" testName="AccessToDB.Tests.LiftsSlopesRepositoryTests.TestAddLiftSlopeAutoIncrementAsyncOk" computerName="DESKTOP-TJ9D65N" duration="00:00:00.6104105" startTime="2022-10-15T20:21:46.5067732+03:00" endTime="2022-10-15T20:21:46.5067736+03:00" testType="13cdc9d9-ddb5-4fa4-a97d-d965ccfc6d4b" outcome="Passed" testListId="8c84fa94-04c1-424b-9868-57a2d4851a1d" relativeResultsDirectory="ac0bdf1f-837a-4677-9c16-402cb68f0e35" />
    <UnitTestResult executionId="9d4649a7-2360-46c9-b5bf-ede369ca8d4f" testId="c66a765c-2645-e541-11f6-cd343e5ef3a4" testName="AccessToDB.Tests.LiftsSlopesRepositoryTests.TestGetLiftsBySlopeIdAsyncOk(slope1: Slope { SlopeID = 163, SlopeName = slopeName5de3387a-e72e-4308-b947-f29f95ad2a8c, IsOpen = True, DifficultyLevel = 125, ConnectedLifts =  }, slope2: Slope { SlopeID = 89, SlopeName = slopeName37494fd9-99f4-4105-9c12-8e831b70fb11, IsOpen = False, DifficultyLevel = 249, ConnectedLifts =  }, lift1: Lift { LiftID = 237, LiftName = liftName8f04ced2-6e01-4cad-8d5a-6f4ba1c0da0c, IsOpen = True, SeatsAmount = 49, LiftingTime = 46, QueueTime = 38, ConnectedSlopes =  }, lift2: Lift { LiftID = 166, LiftName = liftName2e836663-ff48-4f4d-b8fe-4a6daf42c900, IsOpen = False, SeatsAmount = 227, LiftingTime = 185, QueueTime = 155, ConnectedSlopes =  })" computerName="DESKTOP-TJ9D65N" duration="00:00:00.6569834" startTime="2022-10-15T20:21:44.6152814+03:00" endTime="2022-10-15T20:21:44.6152817+03:00" testType="13cdc9d9-ddb5-4fa4-a97d-d965ccfc6d4b" outcome="Passed" testListId="8c84fa94-04c1-424b-9868-57a2d4851a1d" relativeResultsDirectory="9d4649a7-2360-46c9-b5bf-ede369ca8d4f" />
    <UnitTestResult executionId="ec65f21d-b37a-454d-a8d2-f84f5cf7ce3f" testId="84060e8e-09f8-eab2-809e-7db4aa3b4e9b" testName="AccessToDB.Tests.UsersRepositoryTests.TestCheckUserIdExistsAsyncTrue(user: User { UserID = 224, CardID = 37, UserEmail = UserEmail2dd19162-3713-40ef-9e2d-f7a68850e1ad, Password = passwordde92165a-511e-4be0-8dae-d05a3ab4a6e3, Permissions = UNAUTHORIZED })" computerName="DESKTOP-TJ9D65N" duration="00:00:00.0010000" startTime="2022-10-15T20:21:39.1357205+03:00" endTime="2022-10-15T20:21:39.1357208+03:00" testType="13cdc9d9-ddb5-4fa4-a97d-d965ccfc6d4b" outcome="Failed" testListId="8c84fa94-04c1-424b-9868-57a2d4851a1d" relativeResultsDirectory="ec65f21d-b37a-454d-a8d2-f84f5cf7ce3f">
      <Output>
        <ErrorInfo>
          <Message>System.InvalidOperationException : Operations that change non-concurrent collections must have exclusive access. A concurrent update was performed on this collection and corrupted its state. The collection's state is no longer correct.</Message>
          <StackTrace>   at System.Collections.Generic.Dictionary`2.FindValue(TKey key)&#xD;
   at System.Collections.Generic.Dictionary`2.TryGetValue(TKey key, TValue&amp; value)&#xD;
   at ProGaudi.MsgPack.Light.MsgPackContext.GetObjectActivator(Type type)&#xD;
   at ProGaudi.MsgPack.Light.Converters.ArrayConverter`2.ReadList(IMsgPackReader reader, UInt32 length)&#xD;
   at ProGaudi.MsgPack.Light.Converters.ArrayConverter`2.ReadArray(IMsgPackReader reader, UInt32 length)&#xD;
   at ProGaudi.MsgPack.Light.Converters.ArrayConverter`2.Read(IMsgPackReader reader)&#xD;
   at ProGaudi.Tarantool.Client.Converters.SpaceConverter.Read(IMsgPackReader reader)&#xD;
   at ProGaudi.MsgPack.Light.Converters.ArrayConverter`2.ReadArray(IMsgPackReader reader, UInt32 length)&#xD;
   at ProGaudi.MsgPack.Light.Converters.ArrayConverter`2.Read(IMsgPackReader reader)&#xD;
   at ProGaudi.Tarantool.Client.Converters.ResponsePacketConverter`1.ProGaudi.MsgPack.Light.IMsgPackConverter&lt;ProGaudi.Tarantool.Client.Model.Responses.DataResponse&lt;T&gt;&gt;.Read(IMsgPackReader reader)&#xD;
   at ProGaudi.MsgPack.Light.MsgPackSerializer.Deserialize[T](MemoryStream stream, MsgPackContext context)&#xD;
   at ProGaudi.Tarantool.Client.LogicalConnection.SendRequest[TRequest,TResponse](TRequest request, Nullable`1 timeout)&#xD;
   at ProGaudi.Tarantool.Client.LogicalConnectionManager.SendRequest[TRequest,TResponse](TRequest request, Nullable`1 timeout)&#xD;
   at ProGaudi.Tarantool.Client.Schema.Select[T](UInt32 spaceId, Iterator iterator, UInt32 id)&#xD;
   at ProGaudi.Tarantool.Client.Schema.Reload()&#xD;
   at ProGaudi.Tarantool.Client.Box.Connect()&#xD;
   at ProGaudi.Tarantool.Client.Box.Connect(String replicationSource)&#xD;
   at AccessToDB.TarantoolContext.Initialize(String connection_string) in C:\Users\alena\Desktop\7_sem\testing_and_debugging\SkiResort\AccessToDB\TarantoolContext.cs:line 52&#xD;
   at AccessToDB.TarantoolContext..ctor(String connection_string) in C:\Users\alena\Desktop\7_sem\testing_and_debugging\SkiResort\AccessToDB\TarantoolContext.cs:line 32&#xD;
   at AccessToDB.Tests.UsersRepositoryTests..ctor() in C:\Users\alena\Desktop\7_sem\testing_and_debugging\SkiResort\AccessToDB.Tests\UsersRepositoryTests.cs:line 28&#xD;
   at System.RuntimeType.CreateInstanceDefaultCtor(Boolean publicOnly, Boolean wrapExceptions)</StackTrace>
        </ErrorInfo>
      </Output>
    </UnitTestResult>
    <UnitTestResult executionId="8dc4f235-0de3-4d6c-a0a6-42637a595bfb" testId="3e1261c7-5bdf-efbb-b739-0f67bcdba27a" testName="AccessToDB.Tests.TurnstilesRepositoryTests.TestUpdateTurnstileByIDAsyncOk(turnstile: Turnstile { TurnstileID = 57, LiftID = 119, IsOpen = True })" computerName="DESKTOP-TJ9D65N" duration="00:00:00.6040223" startTime="2022-10-15T20:21:54.3474600+03:00" endTime="2022-10-15T20:21:54.3474602+03:00" testType="13cdc9d9-ddb5-4fa4-a97d-d965ccfc6d4b" outcome="Passed" testListId="8c84fa94-04c1-424b-9868-57a2d4851a1d" relativeResultsDirectory="8dc4f235-0de3-4d6c-a0a6-42637a595bfb" />
    <UnitTestResult executionId="15d7b2d3-3477-4d55-8aa9-445961917241" testId="f9435956-2e34-e52b-c34e-dce53665cf8e" testName="AccessToDB.Tests.TurnstilesRepositoryTests.TestAddTurnstileAutoIncrementAsyncOk" computerName="DESKTOP-TJ9D65N" duration="00:00:00.6085174" startTime="2022-10-15T20:21:54.9597020+03:00" endTime="2022-10-15T20:21:54.9597033+03:00" testType="13cdc9d9-ddb5-4fa4-a97d-d965ccfc6d4b" outcome="Passed" testListId="8c84fa94-04c1-424b-9868-57a2d4851a1d" relativeResultsDirectory="15d7b2d3-3477-4d55-8aa9-445961917241" />
    <UnitTestResult executionId="63339b6e-237c-4421-8875-f274acd1ba92" testId="9bbefb83-8311-6e03-307f-415e3495e223" testName="AccessToDB.Tests.SlopesRepositoryTests.TestGetSlopesAsyncEmpty" computerName="DESKTOP-TJ9D65N" duration="00:00:00.5588378" startTime="2022-10-15T20:21:59.6796539+03:00" endTime="2022-10-15T20:21:59.6796540+03:00" testType="13cdc9d9-ddb5-4fa4-a97d-d965ccfc6d4b" outcome="Passed" testListId="8c84fa94-04c1-424b-9868-57a2d4851a1d" relativeResultsDirectory="63339b6e-237c-4421-8875-f274acd1ba92" />
    <UnitTestResult executionId="af8f43f9-eade-4524-8fab-124bf47a25f4" testId="dee7b072-8bf1-42fc-bf80-fd5ad660fbad" testName="AccessToDB.Tests.LiftsRepositoryTests.TestGetLiftByIdAsyncOk(lift: Lift { LiftID = 88, LiftName = liftName3f5a1b12-36ce-43f7-86e7-e386ce83306b, IsOpen = True, SeatsAmount = 219, LiftingTime = 145, QueueTime = 230, ConnectedSlopes =  })" computerName="DESKTOP-TJ9D65N" duration="00:00:00.5922703" startTime="2022-10-15T20:21:48.2827588+03:00" endTime="2022-10-15T20:21:48.2827591+03:00" testType="13cdc9d9-ddb5-4fa4-a97d-d965ccfc6d4b" outcome="Passed" testListId="8c84fa94-04c1-424b-9868-57a2d4851a1d" relativeResultsDirectory="af8f43f9-eade-4524-8fab-124bf47a25f4" />
    <UnitTestResult executionId="0eece3d9-8875-4700-88f1-95426c3e6480" testId="3741b26d-6ee0-6246-29e4-92009bff37b0" testName="AccessToDB.Tests.UsersRepositoryTests.TestGetUsersAsyncEmpty" computerName="DESKTOP-TJ9D65N" duration="00:00:00.6138538" startTime="2022-10-15T20:21:37.8912104+03:00" endTime="2022-10-15T20:21:37.8912645+03:00" testType="13cdc9d9-ddb5-4fa4-a97d-d965ccfc6d4b" outcome="Passed" testListId="8c84fa94-04c1-424b-9868-57a2d4851a1d" relativeResultsDirectory="0eece3d9-8875-4700-88f1-95426c3e6480" />
    <UnitTestResult executionId="3eff9073-6d9e-4e8c-9291-bc27b71f5fb6" testId="77f8270d-ca85-f9c1-c9dd-8dd336c013ae" testName="AccessToDB.Tests.LiftsSlopesRepositoryTests.TestGetSlopesByLiftIdAsyncFailsWhenSlopeNotExists(liftSlope: LiftSlope { RecordID = 116, LiftID = 97, SlopeID = 99 })" computerName="DESKTOP-TJ9D65N" duration="00:00:00.5949810" startTime="2022-10-15T20:21:43.9198301+03:00" endTime="2022-10-15T20:21:43.9198302+03:00" testType="13cdc9d9-ddb5-4fa4-a97d-d965ccfc6d4b" outcome="Passed" testListId="8c84fa94-04c1-424b-9868-57a2d4851a1d" relativeResultsDirectory="3eff9073-6d9e-4e8c-9291-bc27b71f5fb6" />
    <UnitTestResult executionId="14edb98b-612d-49e1-914b-bad1608819cf" testId="c83ceab8-eb27-92e7-fc00-20ea212a458c" testName="AccessToDB.Tests.LiftsSlopesRepositoryTests.TestUpdateLiftSlopeByIDAsyncOk(liftSlope: LiftSlope { RecordID = 2, LiftID = 234, SlopeID = 24 })" computerName="DESKTOP-TJ9D65N" duration="00:00:00.6130282" startTime="2022-10-15T20:21:43.3186637+03:00" endTime="2022-10-15T20:21:43.3186645+03:00" testType="13cdc9d9-ddb5-4fa4-a97d-d965ccfc6d4b" outcome="Passed" testListId="8c84fa94-04c1-424b-9868-57a2d4851a1d" relativeResultsDirectory="14edb98b-612d-49e1-914b-bad1608819cf" />
    <UnitTestResult executionId="36efa35d-b1db-4d3d-a2e0-7ccfda1337e6" testId="da3e79bf-f19e-c949-9450-ac63601bbd8e" testName="AccessToDB.Tests.UsersRepositoryTests.TestAddUserAsyncFailsWhenUserIdRepeats(user: User { UserID = 189, CardID = 2, UserEmail = UserEmail606f7ad0-5d55-4e28-9ed2-c2997e565d6b, Password = password7cba8bf0-67e9-446e-a5ce-a4a266f81ef6, Permissions = UNAUTHORIZED })" computerName="DESKTOP-TJ9D65N" duration="00:00:00.6121342" startTime="2022-10-15T20:21:40.8992633+03:00" endTime="2022-10-15T20:21:40.8992635+03:00" testType="13cdc9d9-ddb5-4fa4-a97d-d965ccfc6d4b" outcome="Passed" testListId="8c84fa94-04c1-424b-9868-57a2d4851a1d" relativeResultsDirectory="36efa35d-b1db-4d3d-a2e0-7ccfda1337e6" />
    <UnitTestResult executionId="5d448c8c-b407-4024-aca9-99a355b6dfdf" testId="fe1d8d15-5278-9268-a1c7-d5dbaa964566" testName="AccessToDB.Tests.SlopesRepositoryTests.TestUpdateSlopeByIDAsyncOk(slope: Slope { SlopeID = 205, SlopeName = slopeNamebf44f8a3-6175-4ba6-9ab7-d500d0aaba65, IsOpen = True, DifficultyLevel = 84, ConnectedLifts =  })" computerName="DESKTOP-TJ9D65N" duration="00:00:00.6101896" startTime="2022-10-15T20:21:57.9374973+03:00" endTime="2022-10-15T20:21:57.9374974+03:00" testType="13cdc9d9-ddb5-4fa4-a97d-d965ccfc6d4b" outcome="Passed" testListId="8c84fa94-04c1-424b-9868-57a2d4851a1d" relativeResultsDirectory="5d448c8c-b407-4024-aca9-99a355b6dfdf" />
  </Results>
  <TestDefinitions>
    <UnitTest name="AccessToDB.Tests.LiftsSlopesRepositoryTests.TestUpdateLiftSlopeByIDAsyncOk(liftSlope: LiftSlope { RecordID = 2, LiftID = 234, SlopeID = 24 })" storage="c:\users\alena\desktop\7_sem\testing_and_debugging\skiresort\accesstodb.tests\bin\debug\net6.0\accesstodb.tests.dll" id="c83ceab8-eb27-92e7-fc00-20ea212a458c">
      <Execution id="14edb98b-612d-49e1-914b-bad1608819cf" />
      <TestMethod codeBase="C:\Users\alena\Desktop\7_sem\testing_and_debugging\SkiResort\AccessToDB.Tests\bin\Debug\net6.0\AccessToDB.Tests.dll" adapterTypeName="executor://xunit/VsTestRunner2/netcoreapp" className="AccessToDB.Tests.LiftsSlopesRepositoryTests" name="TestUpdateLiftSlopeByIDAsyncOk" />
    </UnitTest>
    <UnitTest name="AccessToDB.Tests.TurnstilesRepositoryTests.TestGetTurnstilesByLiftIdAsyncOk(liftID: 92)" storage="c:\users\alena\desktop\7_sem\testing_and_debugging\skiresort\accesstodb.tests\bin\debug\net6.0\accesstodb.tests.dll" id="74cadba5-9c68-fab3-67be-218990664325">
      <Execution id="558662fc-5e6f-4c38-aa2a-ea940765d20a" />
      <TestMethod codeBase="C:\Users\alena\Desktop\7_sem\testing_and_debugging\SkiResort\AccessToDB.Tests\bin\Debug\net6.0\AccessToDB.Tests.dll" adapterTypeName="executor://xunit/VsTestRunner2/netcoreapp" className="AccessToDB.Tests.TurnstilesRepositoryTests" name="TestGetTurnstilesByLiftIdAsyncOk" />
    </UnitTest>
    <UnitTest name="AccessToDB.Tests.UsersRepositoryTests.TestGetUsersAsyncEmpty" storage="c:\users\alena\desktop\7_sem\testing_and_debugging\skiresort\accesstodb.tests\bin\debug\net6.0\accesstodb.tests.dll" id="3741b26d-6ee0-6246-29e4-92009bff37b0">
      <Execution id="0eece3d9-8875-4700-88f1-95426c3e6480" />
      <TestMethod codeBase="C:\Users\alena\Desktop\7_sem\testing_and_debugging\SkiResort\AccessToDB.Tests\bin\Debug\net6.0\AccessToDB.Tests.dll" adapterTypeName="executor://xunit/VsTestRunner2/netcoreapp" className="AccessToDB.Tests.UsersRepositoryTests" name="TestGetUsersAsyncEmpty" />
    </UnitTest>
    <UnitTest name="AccessToDB.Tests.TurnstilesRepositoryTests.TestUpdateTurnstileByIDAsyncOk(turnstile: Turnstile { TurnstileID = 57, LiftID = 119, IsOpen = True })" storage="c:\users\alena\desktop\7_sem\testing_and_debugging\skiresort\accesstodb.tests\bin\debug\net6.0\accesstodb.tests.dll" id="3e1261c7-5bdf-efbb-b739-0f67bcdba27a">
      <Execution id="8dc4f235-0de3-4d6c-a0a6-42637a595bfb" />
      <TestMethod codeBase="C:\Users\alena\Desktop\7_sem\testing_and_debugging\SkiResort\AccessToDB.Tests\bin\Debug\net6.0\AccessToDB.Tests.dll" adapterTypeName="executor://xunit/VsTestRunner2/netcoreapp" className="AccessToDB.Tests.TurnstilesRepositoryTests" name="TestUpdateTurnstileByIDAsyncOk" />
    </UnitTest>
    <UnitTest name="AccessToDB.Tests.TurnstilesRepositoryTests.TestAddTurnstileAutoIncrementAsyncOk" storage="c:\users\alena\desktop\7_sem\testing_and_debugging\skiresort\accesstodb.tests\bin\debug\net6.0\accesstodb.tests.dll" id="f9435956-2e34-e52b-c34e-dce53665cf8e">
      <Execution id="15d7b2d3-3477-4d55-8aa9-445961917241" />
      <TestMethod codeBase="C:\Users\alena\Desktop\7_sem\testing_and_debugging\SkiResort\AccessToDB.Tests\bin\Debug\net6.0\AccessToDB.Tests.dll" adapterTypeName="executor://xunit/VsTestRunner2/netcoreapp" className="AccessToDB.Tests.TurnstilesRepositoryTests" name="TestAddTurnstileAutoIncrementAsyncOk" />
    </UnitTest>
    <UnitTest name="AccessToDB.Tests.LiftsRepositoryTests.TestDeleteLiftByIDAsyncFailsWhenIDNotExists(liftID: 245)" storage="c:\users\alena\desktop\7_sem\testing_and_debugging\skiresort\accesstodb.tests\bin\debug\net6.0\accesstodb.tests.dll" id="0b08dfbb-6691-ad00-a496-d41e1bd5a6b0">
      <Execution id="c2436d06-ba99-4034-9801-699e3d1135e6" />
      <TestMethod codeBase="C:\Users\alena\Desktop\7_sem\testing_and_debugging\SkiResort\AccessToDB.Tests\bin\Debug\net6.0\AccessToDB.Tests.dll" adapterTypeName="executor://xunit/VsTestRunner2/netcoreapp" className="AccessToDB.Tests.LiftsRepositoryTests" name="TestDeleteLiftByIDAsyncFailsWhenIDNotExists" />
    </UnitTest>
    <UnitTest name="AccessToDB.Tests.SlopesRepositoryTests.TestDeleteSlopeByIDAsyncFailsWhenIDNotExists(slopeID: 171)" storage="c:\users\alena\desktop\7_sem\testing_and_debugging\skiresort\accesstodb.tests\bin\debug\net6.0\accesstodb.tests.dll" id="7b582224-07bc-9b62-5fd6-18ffa94a0fef">
      <Execution id="0d63dc03-8212-4f62-8934-7e3a1ce3fe5e" />
      <TestMethod codeBase="C:\Users\alena\Desktop\7_sem\testing_and_debugging\SkiResort\AccessToDB.Tests\bin\Debug\net6.0\AccessToDB.Tests.dll" adapterTypeName="executor://xunit/VsTestRunner2/netcoreapp" className="AccessToDB.Tests.SlopesRepositoryTests" name="TestDeleteSlopeByIDAsyncFailsWhenIDNotExists" />
    </UnitTest>
    <UnitTest name="AccessToDB.Tests.LiftsSlopesRepositoryTests.TestDeleteLiftSlopeByIDAsyncFailsWhenIDNotExists(liftSlopeID: 191)" storage="c:\users\alena\desktop\7_sem\testing_and_debugging\skiresort\accesstodb.tests\bin\debug\net6.0\accesstodb.tests.dll" id="f110e1c0-2b19-c0e9-4bef-a7310e5727fd">
      <Execution id="d69849d9-7a5e-4b6f-a7ab-97fc332c5bba" />
      <TestMethod codeBase="C:\Users\alena\Desktop\7_sem\testing_and_debugging\SkiResort\AccessToDB.Tests\bin\Debug\net6.0\AccessToDB.Tests.dll" adapterTypeName="executor://xunit/VsTestRunner2/netcoreapp" className="AccessToDB.Tests.LiftsSlopesRepositoryTests" name="TestDeleteLiftSlopeByIDAsyncFailsWhenIDNotExists" />
    </UnitTest>
    <UnitTest name="AccessToDB.Tests.LiftsSlopesRepositoryTests.TestGetLiftSlopesAsyncEmpty" storage="c:\users\alena\desktop\7_sem\testing_and_debugging\skiresort\accesstodb.tests\bin\debug\net6.0\accesstodb.tests.dll" id="4145f44e-b4b1-a618-09e8-c631496e6f1a">
      <Execution id="56284ca0-ed46-4cd7-9311-d373886a7838" />
      <TestMethod codeBase="C:\Users\alena\Desktop\7_sem\testing_and_debugging\SkiResort\AccessToDB.Tests\bin\Debug\net6.0\AccessToDB.Tests.dll" adapterTypeName="executor://xunit/VsTestRunner2/netcoreapp" className="AccessToDB.Tests.LiftsSlopesRepositoryTests" name="TestGetLiftSlopesAsyncEmpty" />
    </UnitTest>
    <UnitTest name="AccessToDB.Tests.SlopesRepositoryTests.TestGetSlopeByIdAsyncOk(slope: Slope { SlopeID = 118, SlopeName = slopeNamedd72f69a-ac96-49d8-ab1f-68ffa05af728, IsOpen = True, DifficultyLevel = 42, ConnectedLifts =  })" storage="c:\users\alena\desktop\7_sem\testing_and_debugging\skiresort\accesstodb.tests\bin\debug\net6.0\accesstodb.tests.dll" id="01a322d2-b3c0-9a06-d3df-6f3dfcf472a3">
      <Execution id="046d18d8-87c3-4500-a2e2-4bd731d893d5" />
      <TestMethod codeBase="C:\Users\alena\Desktop\7_sem\testing_and_debugging\SkiResort\AccessToDB.Tests\bin\Debug\net6.0\AccessToDB.Tests.dll" adapterTypeName="executor://xunit/VsTestRunner2/netcoreapp" className="AccessToDB.Tests.SlopesRepositoryTests" name="TestGetSlopeByIdAsyncOk" />
    </UnitTest>
    <UnitTest name="AccessToDB.Tests.LiftsSlopesRepositoryTests.TestGetLiftSlopeByIdAsyncOk(liftSlope: LiftSlope { RecordID = 119, LiftID = 105, SlopeID = 10 })" storage="c:\users\alena\desktop\7_sem\testing_and_debugging\skiresort\accesstodb.tests\bin\debug\net6.0\accesstodb.tests.dll" id="acaf3bfe-c243-d7f7-5ac4-d5e7abd6c6d7">
      <Execution id="0dbacb1c-9e6e-4b6d-9078-de2ddef777ea" />
      <TestMethod codeBase="C:\Users\alena\Desktop\7_sem\testing_and_debugging\SkiResort\AccessToDB.Tests\bin\Debug\net6.0\AccessToDB.Tests.dll" adapterTypeName="executor://xunit/VsTestRunner2/netcoreapp" className="AccessToDB.Tests.LiftsSlopesRepositoryTests" name="TestGetLiftSlopeByIdAsyncOk" />
    </UnitTest>
    <UnitTest name="AccessToDB.Tests.SlopesRepositoryTests.TestGetSlopesAsyncEmpty" storage="c:\users\alena\desktop\7_sem\testing_and_debugging\skiresort\accesstodb.tests\bin\debug\net6.0\accesstodb.tests.dll" id="9bbefb83-8311-6e03-307f-415e3495e223">
      <Execution id="63339b6e-237c-4421-8875-f274acd1ba92" />
      <TestMethod codeBase="C:\Users\alena\Desktop\7_sem\testing_and_debugging\SkiResort\AccessToDB.Tests\bin\Debug\net6.0\AccessToDB.Tests.dll" adapterTypeName="executor://xunit/VsTestRunner2/netcoreapp" className="AccessToDB.Tests.SlopesRepositoryTests" name="TestGetSlopesAsyncEmpty" />
    </UnitTest>
    <UnitTest name="AccessToDB.Tests.LiftsRepositoryTests.TestAddLiftAutoIncrementAsyncOk" storage="c:\users\alena\desktop\7_sem\testing_and_debugging\skiresort\accesstodb.tests\bin\debug\net6.0\accesstodb.tests.dll" id="ec229f70-485a-f91b-53ed-bce655f6cd58">
      <Execution id="d8af317b-bcf4-4627-a1dc-0808f1891716" />
      <TestMethod codeBase="C:\Users\alena\Desktop\7_sem\testing_and_debugging\SkiResort\AccessToDB.Tests\bin\Debug\net6.0\AccessToDB.Tests.dll" adapterTypeName="executor://xunit/VsTestRunner2/netcoreapp" className="AccessToDB.Tests.LiftsRepositoryTests" name="TestAddLiftAutoIncrementAsyncOk" />
    </UnitTest>
    <UnitTest name="AccessToDB.Tests.TurnstilesRepositoryTests.TestGetTurnstilesAsyncEmpty" storage="c:\users\alena\desktop\7_sem\testing_and_debugging\skiresort\accesstodb.tests\bin\debug\net6.0\accesstodb.tests.dll" id="3c521313-4ed6-6bce-b4f9-c359411028e7">
      <Execution id="cd1af3b4-8547-4504-b5f6-de8c61d75576" />
      <TestMethod codeBase="C:\Users\alena\Desktop\7_sem\testing_and_debugging\SkiResort\AccessToDB.Tests\bin\Debug\net6.0\AccessToDB.Tests.dll" adapterTypeName="executor://xunit/VsTestRunner2/netcoreapp" className="AccessToDB.Tests.TurnstilesRepositoryTests" name="TestGetTurnstilesAsyncEmpty" />
    </UnitTest>
    <UnitTest name="AccessToDB.Tests.TurnstilesRepositoryTests.TestDeleteTurnstileByIDAsyncFailsWhenIDNotExists(turnstileID: 186)" storage="c:\users\alena\desktop\7_sem\testing_and_debugging\skiresort\accesstodb.tests\bin\debug\net6.0\accesstodb.tests.dll" id="815a9e45-f277-f391-0290-27a7fb8de863">
      <Execution id="54a02e9e-4aaf-480f-8a84-a59164187ce3" />
      <TestMethod codeBase="C:\Users\alena\Desktop\7_sem\testing_and_debugging\SkiResort\AccessToDB.Tests\bin\Debug\net6.0\AccessToDB.Tests.dll" adapterTypeName="executor://xunit/VsTestRunner2/netcoreapp" className="AccessToDB.Tests.TurnstilesRepositoryTests" name="TestDeleteTurnstileByIDAsyncFailsWhenIDNotExists" />
    </UnitTest>
    <UnitTest name="AccessToDB.Tests.LiftsSlopesRepositoryTests.TestAddLiftSlopeAutoIncrementAsyncOk" storage="c:\users\alena\desktop\7_sem\testing_and_debugging\skiresort\accesstodb.tests\bin\debug\net6.0\accesstodb.tests.dll" id="30f8e924-9784-0a43-e807-094f70e06567">
      <Execution id="ac0bdf1f-837a-4677-9c16-402cb68f0e35" />
      <TestMethod codeBase="C:\Users\alena\Desktop\7_sem\testing_and_debugging\SkiResort\AccessToDB.Tests\bin\Debug\net6.0\AccessToDB.Tests.dll" adapterTypeName="executor://xunit/VsTestRunner2/netcoreapp" className="AccessToDB.Tests.LiftsSlopesRepositoryTests" name="TestAddLiftSlopeAutoIncrementAsyncOk" />
    </UnitTest>
    <UnitTest name="AccessToDB.Tests.UsersRepositoryTests.TestAddUserAsyncFailsWhenUserIdRepeats(user: User { UserID = 189, CardID = 2, UserEmail = UserEmail606f7ad0-5d55-4e28-9ed2-c2997e565d6b, Password = password7cba8bf0-67e9-446e-a5ce-a4a266f81ef6, Permissions = UNAUTHORIZED })" storage="c:\users\alena\desktop\7_sem\testing_and_debugging\skiresort\accesstodb.tests\bin\debug\net6.0\accesstodb.tests.dll" id="da3e79bf-f19e-c949-9450-ac63601bbd8e">
      <Execution id="36efa35d-b1db-4d3d-a2e0-7ccfda1337e6" />
      <TestMethod codeBase="C:\Users\alena\Desktop\7_sem\testing_and_debugging\SkiResort\AccessToDB.Tests\bin\Debug\net6.0\AccessToDB.Tests.dll" adapterTypeName="executor://xunit/VsTestRunner2/netcoreapp" className="AccessToDB.Tests.UsersRepositoryTests" name="TestAddUserAsyncFailsWhenUserIdRepeats" />
    </UnitTest>
    <UnitTest name="AccessToDB.Tests.LiftsSlopesRepositoryTests.TestGetLiftsBySlopeIdAsyncOk(slope1: Slope { SlopeID = 163, SlopeName = slopeName5de3387a-e72e-4308-b947-f29f95ad2a8c, IsOpen = True, DifficultyLevel = 125, ConnectedLifts =  }, slope2: Slope { SlopeID = 89, SlopeName = slopeName37494fd9-99f4-4105-9c12-8e831b70fb11, IsOpen = False, DifficultyLevel = 249, ConnectedLifts =  }, lift1: Lift { LiftID = 237, LiftName = liftName8f04ced2-6e01-4cad-8d5a-6f..." storage="c:\users\alena\desktop\7_sem\testing_and_debugging\skiresort\accesstodb.tests\bin\debug\net6.0\accesstodb.tests.dll" id="c66a765c-2645-e541-11f6-cd343e5ef3a4">
      <Execution id="9d4649a7-2360-46c9-b5bf-ede369ca8d4f" />
      <TestMethod codeBase="C:\Users\alena\Desktop\7_sem\testing_and_debugging\SkiResort\AccessToDB.Tests\bin\Debug\net6.0\AccessToDB.Tests.dll" adapterTypeName="executor://xunit/VsTestRunner2/netcoreapp" className="AccessToDB.Tests.LiftsSlopesRepositoryTests" name="TestGetLiftsBySlopeIdAsyncOk" />
    </UnitTest>
    <UnitTest name="AccessToDB.Tests.SlopesRepositoryTests.TestGetSlopeByNameAsyncFailsWhenNameNotExists(slopeName: &quot;slopeNamea7a9ecc3-087b-408a-bac5-c3d180477e65&quot;)" storage="c:\users\alena\desktop\7_sem\testing_and_debugging\skiresort\accesstodb.tests\bin\debug\net6.0\accesstodb.tests.dll" id="02390bbe-bdb1-3d3a-404d-9cb111df7405">
      <Execution id="3eceefa2-a721-45b5-8a1f-a3d8b0666c67" />
      <TestMethod codeBase="C:\Users\alena\Desktop\7_sem\testing_and_debugging\SkiResort\AccessToDB.Tests\bin\Debug\net6.0\AccessToDB.Tests.dll" adapterTypeName="executor://xunit/VsTestRunner2/netcoreapp" className="AccessToDB.Tests.SlopesRepositoryTests" name="TestGetSlopeByNameAsyncFailsWhenNameNotExists" />
    </UnitTest>
    <UnitTest name="AccessToDB.Tests.LiftsRepositoryTests.TestGetLiftByIdAsyncOk(lift: Lift { LiftID = 88, LiftName = liftName3f5a1b12-36ce-43f7-86e7-e386ce83306b, IsOpen = True, SeatsAmount = 219, LiftingTime = 145, QueueTime = 230, ConnectedSlopes =  })" storage="c:\users\alena\desktop\7_sem\testing_and_debugging\skiresort\accesstodb.tests\bin\debug\net6.0\accesstodb.tests.dll" id="dee7b072-8bf1-42fc-bf80-fd5ad660fbad">
      <Execution id="af8f43f9-eade-4524-8fab-124bf47a25f4" />
      <TestMethod codeBase="C:\Users\alena\Desktop\7_sem\testing_and_debugging\SkiResort\AccessToDB.Tests\bin\Debug\net6.0\AccessToDB.Tests.dll" adapterTypeName="executor://xunit/VsTestRunner2/netcoreapp" className="AccessToDB.Tests.LiftsRepositoryTests" name="TestGetLiftByIdAsyncOk" />
    </UnitTest>
    <UnitTest name="AccessToDB.Tests.LiftsRepositoryTests.TestUpdateLiftByIDAsyncOk(lift: Lift { LiftID = 138, LiftName = liftName10f9ef9c-d47c-4a33-985b-6ad81af0d70c, IsOpen = True, SeatsAmount = 145, LiftingTime = 90, QueueTime = 131, ConnectedSlopes =  })" storage="c:\users\alena\desktop\7_sem\testing_and_debugging\skiresort\accesstodb.tests\bin\debug\net6.0\accesstodb.tests.dll" id="b1669ccb-d092-90f5-29cd-bf4771c1edee">
      <Execution id="b0446fa0-5a10-491f-80cd-58d41c7cc643" />
      <TestMethod codeBase="C:\Users\alena\Desktop\7_sem\testing_and_debugging\SkiResort\AccessToDB.Tests\bin\Debug\net6.0\AccessToDB.Tests.dll" adapterTypeName="executor://xunit/VsTestRunner2/netcoreapp" className="AccessToDB.Tests.LiftsRepositoryTests" name="TestUpdateLiftByIDAsyncOk" />
    </UnitTest>
    <UnitTest name="AccessToDB.Tests.SlopesRepositoryTests.TestAddSlopeAsyncFailsWhenSlopeIdRepeats(slope: Slope { SlopeID = 172, SlopeName = slopeName0ed99c44-b49d-47f8-aecf-d2f17afea883, IsOpen = True, DifficultyLevel = 41, ConnectedLifts =  })" storage="c:\users\alena\desktop\7_sem\testing_and_debugging\skiresort\accesstodb.tests\bin\debug\net6.0\accesstodb.tests.dll" id="a5db87ba-cf34-0818-aa6a-f04ad7d23392">
      <Execution id="81115826-9e38-4d77-8bd7-ca04aed89660" />
      <TestMethod codeBase="C:\Users\alena\Desktop\7_sem\testing_and_debugging\SkiResort\AccessToDB.Tests\bin\Debug\net6.0\AccessToDB.Tests.dll" adapterTypeName="executor://xunit/VsTestRunner2/netcoreapp" className="AccessToDB.Tests.SlopesRepositoryTests" name="TestAddSlopeAsyncFailsWhenSlopeIdRepeats" />
    </UnitTest>
    <UnitTest name="AccessToDB.Tests.UsersRepositoryTests.TestCheckUserIdExistsAsyncTrue(user: User { UserID = 224, CardID = 37, UserEmail = UserEmail2dd19162-3713-40ef-9e2d-f7a68850e1ad, Password = passwordde92165a-511e-4be0-8dae-d05a3ab4a6e3, Permissions = UNAUTHORIZED })" storage="c:\users\alena\desktop\7_sem\testing_and_debugging\skiresort\accesstodb.tests\bin\debug\net6.0\accesstodb.tests.dll" id="84060e8e-09f8-eab2-809e-7db4aa3b4e9b">
      <Execution id="ec65f21d-b37a-454d-a8d2-f84f5cf7ce3f" />
      <TestMethod codeBase="C:\Users\alena\Desktop\7_sem\testing_and_debugging\SkiResort\AccessToDB.Tests\bin\Debug\net6.0\AccessToDB.Tests.dll" adapterTypeName="executor://xunit/VsTestRunner2/netcoreapp" className="AccessToDB.Tests.UsersRepositoryTests" name="TestCheckUserIdExistsAsyncTrue" />
    </UnitTest>
    <UnitTest name="AccessToDB.Tests.UsersRepositoryTests.TestCheckUserEmailExistsAsyncFalse(userEmail: &quot;userEmail387f0ec1-7421-4680-a382-33fdc0e83847&quot;)" storage="c:\users\alena\desktop\7_sem\testing_and_debugging\skiresort\accesstodb.tests\bin\debug\net6.0\accesstodb.tests.dll" id="28d48257-42fa-ead7-5a95-f448faf1b470">
      <Execution id="431fcdd8-7572-4d40-a9ab-9a9c15510362" />
      <TestMethod codeBase="C:\Users\alena\Desktop\7_sem\testing_and_debugging\SkiResort\AccessToDB.Tests\bin\Debug\net6.0\AccessToDB.Tests.dll" adapterTypeName="executor://xunit/VsTestRunner2/netcoreapp" className="AccessToDB.Tests.UsersRepositoryTests" name="TestCheckUserEmailExistsAsyncFalse" />
    </UnitTest>
    <UnitTest name="AccessToDB.Tests.SlopesRepositoryTests.TestUpdateSlopeByIDAsyncOk(slope: Slope { SlopeID = 205, SlopeName = slopeNamebf44f8a3-6175-4ba6-9ab7-d500d0aaba65, IsOpen = True, DifficultyLevel = 84, ConnectedLifts =  })" storage="c:\users\alena\desktop\7_sem\testing_and_debugging\skiresort\accesstodb.tests\bin\debug\net6.0\accesstodb.tests.dll" id="fe1d8d15-5278-9268-a1c7-d5dbaa964566">
      <Execution id="5d448c8c-b407-4024-aca9-99a355b6dfdf" />
      <TestMethod codeBase="C:\Users\alena\Desktop\7_sem\testing_and_debugging\SkiResort\AccessToDB.Tests\bin\Debug\net6.0\AccessToDB.Tests.dll" adapterTypeName="executor://xunit/VsTestRunner2/netcoreapp" className="AccessToDB.Tests.SlopesRepositoryTests" name="TestUpdateSlopeByIDAsyncOk" />
    </UnitTest>
    <UnitTest name="AccessToDB.Tests.UsersRepositoryTests.TestAddUserAutoIncrementAsyncOk" storage="c:\users\alena\desktop\7_sem\testing_and_debugging\skiresort\accesstodb.tests\bin\debug\net6.0\accesstodb.tests.dll" id="e75bb6e2-88d9-af2a-a444-c4a9d67f0f0e">
      <Execution id="41d4c11e-55f8-4893-ac3a-ea9a693cd34a" />
      <TestMethod codeBase="C:\Users\alena\Desktop\7_sem\testing_and_debugging\SkiResort\AccessToDB.Tests\bin\Debug\net6.0\AccessToDB.Tests.dll" adapterTypeName="executor://xunit/VsTestRunner2/netcoreapp" className="AccessToDB.Tests.UsersRepositoryTests" name="TestAddUserAutoIncrementAsyncOk" />
    </UnitTest>
    <UnitTest name="AccessToDB.Tests.SlopesRepositoryTests.TestAddSlopeAutoIncrementAsyncOk" storage="c:\users\alena\desktop\7_sem\testing_and_debugging\skiresort\accesstodb.tests\bin\debug\net6.0\accesstodb.tests.dll" id="8f7ba917-f771-0dc5-f9b9-465c34344b12">
      <Execution id="6247c46d-c0ba-48b7-a1b5-6da1151b3dd1" />
      <TestMethod codeBase="C:\Users\alena\Desktop\7_sem\testing_and_debugging\SkiResort\AccessToDB.Tests\bin\Debug\net6.0\AccessToDB.Tests.dll" adapterTypeName="executor://xunit/VsTestRunner2/netcoreapp" className="AccessToDB.Tests.SlopesRepositoryTests" name="TestAddSlopeAutoIncrementAsyncOk" />
    </UnitTest>
    <UnitTest name="AccessToDB.Tests.LiftsSlopesRepositoryTests.TestDeleteLiftSlopesByIDsAsyncOk(liftSlope: LiftSlope { RecordID = 247, LiftID = 25, SlopeID = 104 })" storage="c:\users\alena\desktop\7_sem\testing_and_debugging\skiresort\accesstodb.tests\bin\debug\net6.0\accesstodb.tests.dll" id="d1a7aae2-8538-2272-b29e-0d900b5a633f">
      <Execution id="0329c340-aa2a-47fd-98f6-3fe87817230b" />
      <TestMethod codeBase="C:\Users\alena\Desktop\7_sem\testing_and_debugging\SkiResort\AccessToDB.Tests\bin\Debug\net6.0\AccessToDB.Tests.dll" adapterTypeName="executor://xunit/VsTestRunner2/netcoreapp" className="AccessToDB.Tests.LiftsSlopesRepositoryTests" name="TestDeleteLiftSlopesByIDsAsyncOk" />
    </UnitTest>
    <UnitTest name="AccessToDB.Tests.UsersRepositoryTests.TestUpdateUserByIDAsyncOk(user: User { UserID = 126, CardID = 73, UserEmail = UserEmail9b2d5da6-7e98-4211-9e5a-869f1baf2ae2, Password = password0f09ad17-020a-4695-86a7-63b222fea945, Permissions = UNAUTHORIZED })" storage="c:\users\alena\desktop\7_sem\testing_and_debugging\skiresort\accesstodb.tests\bin\debug\net6.0\accesstodb.tests.dll" id="12f1bba3-a1ea-339d-8e30-c4ea08ddfb76">
      <Execution id="5f5628fe-a01c-4d5e-b474-b111dbb858c8" />
      <TestMethod codeBase="C:\Users\alena\Desktop\7_sem\testing_and_debugging\SkiResort\AccessToDB.Tests\bin\Debug\net6.0\AccessToDB.Tests.dll" adapterTypeName="executor://xunit/VsTestRunner2/netcoreapp" className="AccessToDB.Tests.UsersRepositoryTests" name="TestUpdateUserByIDAsyncOk" />
    </UnitTest>
    <UnitTest name="AccessToDB.Tests.LiftsSlopesRepositoryTests.TestAddLiftSlopeAsyncFailsWhenLiftSlopeIdRepeats(liftSlope: LiftSlope { RecordID = 99, LiftID = 113, SlopeID = 36 })" storage="c:\users\alena\desktop\7_sem\testing_and_debugging\skiresort\accesstodb.tests\bin\debug\net6.0\accesstodb.tests.dll" id="9eb763a5-4f6f-6db3-dfd7-6f98e285998f">
      <Execution id="703b3847-974b-449f-ba00-0023842d7428" />
      <TestMethod codeBase="C:\Users\alena\Desktop\7_sem\testing_and_debugging\SkiResort\AccessToDB.Tests\bin\Debug\net6.0\AccessToDB.Tests.dll" adapterTypeName="executor://xunit/VsTestRunner2/netcoreapp" className="AccessToDB.Tests.LiftsSlopesRepositoryTests" name="TestAddLiftSlopeAsyncFailsWhenLiftSlopeIdRepeats" />
    </UnitTest>
    <UnitTest name="AccessToDB.Tests.LiftsRepositoryTests.TestAddLiftAsyncFailsWhenLiftIdRepeats(lift: Lift { LiftID = 108, LiftName = liftNameaaf70ca1-42d5-48ed-b12d-487d8afd06a1, IsOpen = True, SeatsAmount = 219, LiftingTime = 172, QueueTime = 107, ConnectedSlopes =  })" storage="c:\users\alena\desktop\7_sem\testing_and_debugging\skiresort\accesstodb.tests\bin\debug\net6.0\accesstodb.tests.dll" id="14eeb40b-36e2-cc5c-fc76-2e0a485f0283">
      <Execution id="6e941bb5-fdf4-48a1-926c-a0df3654072d" />
      <TestMethod codeBase="C:\Users\alena\Desktop\7_sem\testing_and_debugging\SkiResort\AccessToDB.Tests\bin\Debug\net6.0\AccessToDB.Tests.dll" adapterTypeName="executor://xunit/VsTestRunner2/netcoreapp" className="AccessToDB.Tests.LiftsRepositoryTests" name="TestAddLiftAsyncFailsWhenLiftIdRepeats" />
    </UnitTest>
    <UnitTest name="AccessToDB.Tests.TurnstilesRepositoryTests.TestGetTurnstileByIdAsyncOk(turnstile: Turnstile { TurnstileID = 26, LiftID = 54, IsOpen = True })" storage="c:\users\alena\desktop\7_sem\testing_and_debugging\skiresort\accesstodb.tests\bin\debug\net6.0\accesstodb.tests.dll" id="42df02b5-94a0-ae9f-7f59-1c5e3cd96f14">
      <Execution id="2ba3b0be-4116-4e63-9a43-b701318ba348" />
      <TestMethod codeBase="C:\Users\alena\Desktop\7_sem\testing_and_debugging\SkiResort\AccessToDB.Tests\bin\Debug\net6.0\AccessToDB.Tests.dll" adapterTypeName="executor://xunit/VsTestRunner2/netcoreapp" className="AccessToDB.Tests.TurnstilesRepositoryTests" name="TestGetTurnstileByIdAsyncOk" />
    </UnitTest>
    <UnitTest name="AccessToDB.Tests.UsersRepositoryTests.TestDeleteUserByIDAsyncFailsWhenIDNotExists(userID: 239)" storage="c:\users\alena\desktop\7_sem\testing_and_debugging\skiresort\accesstodb.tests\bin\debug\net6.0\accesstodb.tests.dll" id="7a153a13-59c5-e6c7-f363-92db4d2b4518">
      <Execution id="f432d801-4c6e-45a0-b383-aa51659d2307" />
      <TestMethod codeBase="C:\Users\alena\Desktop\7_sem\testing_and_debugging\SkiResort\AccessToDB.Tests\bin\Debug\net6.0\AccessToDB.Tests.dll" adapterTypeName="executor://xunit/VsTestRunner2/netcoreapp" className="AccessToDB.Tests.UsersRepositoryTests" name="TestDeleteUserByIDAsyncFailsWhenIDNotExists" />
    </UnitTest>
    <UnitTest name="AccessToDB.Tests.LiftsRepositoryTests.TestGetLiftsAsyncEmpty" storage="c:\users\alena\desktop\7_sem\testing_and_debugging\skiresort\accesstodb.tests\bin\debug\net6.0\accesstodb.tests.dll" id="607e8298-f113-be33-300e-15a343893443">
      <Execution id="f411bb33-f8c6-4840-935f-3457e6c2db71" />
      <TestMethod codeBase="C:\Users\alena\Desktop\7_sem\testing_and_debugging\SkiResort\AccessToDB.Tests\bin\Debug\net6.0\AccessToDB.Tests.dll" adapterTypeName="executor://xunit/VsTestRunner2/netcoreapp" className="AccessToDB.Tests.LiftsRepositoryTests" name="TestGetLiftsAsyncEmpty" />
    </UnitTest>
    <UnitTest name="AccessToDB.Tests.UsersRepositoryTests.TestGetUserByIdAsyncOk(user: User { UserID = 91, CardID = 27, UserEmail = UserEmail7d51d4c4-53f2-4b52-bc36-b17e340487b3, Password = passwordaab3e39a-c68e-44ec-ae1e-68fa2b0be522, Permissions = UNAUTHORIZED })" storage="c:\users\alena\desktop\7_sem\testing_and_debugging\skiresort\accesstodb.tests\bin\debug\net6.0\accesstodb.tests.dll" id="f53f0550-0a7e-a282-5f53-6cebb2e237aa">
      <Execution id="3f502c48-0c8d-49b6-9814-987887dd6997" />
      <TestMethod codeBase="C:\Users\alena\Desktop\7_sem\testing_and_debugging\SkiResort\AccessToDB.Tests\bin\Debug\net6.0\AccessToDB.Tests.dll" adapterTypeName="executor://xunit/VsTestRunner2/netcoreapp" className="AccessToDB.Tests.UsersRepositoryTests" name="TestGetUserByIdAsyncOk" />
    </UnitTest>
    <UnitTest name="AccessToDB.Tests.UsersRepositoryTests.TestGetUserByEmailAsyncFailsWhenEmailNotExists(email: &quot;email5e7f6200-f9fe-43dc-8d29-369e6d37552a&quot;)" storage="c:\users\alena\desktop\7_sem\testing_and_debugging\skiresort\accesstodb.tests\bin\debug\net6.0\accesstodb.tests.dll" id="cb99749c-677b-3180-2634-3bfce95c9aa2">
      <Execution id="fbd5447d-f1b0-4352-968f-5b38ad4f87eb" />
      <TestMethod codeBase="C:\Users\alena\Desktop\7_sem\testing_and_debugging\SkiResort\AccessToDB.Tests\bin\Debug\net6.0\AccessToDB.Tests.dll" adapterTypeName="executor://xunit/VsTestRunner2/netcoreapp" className="AccessToDB.Tests.UsersRepositoryTests" name="TestGetUserByEmailAsyncFailsWhenEmailNotExists" />
    </UnitTest>
    <UnitTest name="AccessToDB.Tests.LiftsSlopesRepositoryTests.TestGetSlopesByLiftIdAsyncFailsWhenSlopeNotExists(liftSlope: LiftSlope { RecordID = 116, LiftID = 97, SlopeID = 99 })" storage="c:\users\alena\desktop\7_sem\testing_and_debugging\skiresort\accesstodb.tests\bin\debug\net6.0\accesstodb.tests.dll" id="77f8270d-ca85-f9c1-c9dd-8dd336c013ae">
      <Execution id="3eff9073-6d9e-4e8c-9291-bc27b71f5fb6" />
      <TestMethod codeBase="C:\Users\alena\Desktop\7_sem\testing_and_debugging\SkiResort\AccessToDB.Tests\bin\Debug\net6.0\AccessToDB.Tests.dll" adapterTypeName="executor://xunit/VsTestRunner2/netcoreapp" className="AccessToDB.Tests.LiftsSlopesRepositoryTests" name="TestGetSlopesByLiftIdAsyncFailsWhenSlopeNotExists" />
    </UnitTest>
    <UnitTest name="AccessToDB.Tests.LiftsRepositoryTests.TestGetLiftByNameAsyncFailsWhenNameNotExists(liftName: &quot;liftName9ab14ddf-4e99-41e9-9179-a59704332535&quot;)" storage="c:\users\alena\desktop\7_sem\testing_and_debugging\skiresort\accesstodb.tests\bin\debug\net6.0\accesstodb.tests.dll" id="7296aeab-b978-3912-96b8-99eb0a5b3634">
      <Execution id="cda4074d-218f-4f18-8a13-a71999f594d5" />
      <TestMethod codeBase="C:\Users\alena\Desktop\7_sem\testing_and_debugging\SkiResort\AccessToDB.Tests\bin\Debug\net6.0\AccessToDB.Tests.dll" adapterTypeName="executor://xunit/VsTestRunner2/netcoreapp" className="AccessToDB.Tests.LiftsRepositoryTests" name="TestGetLiftByNameAsyncFailsWhenNameNotExists" />
    </UnitTest>
    <UnitTest name="AccessToDB.Tests.TurnstilesRepositoryTests.TestAddTurnstileAsyncFailsWhenTurnstileIdRepeats(turnstile: Turnstile { TurnstileID = 64, LiftID = 198, IsOpen = True })" storage="c:\users\alena\desktop\7_sem\testing_and_debugging\skiresort\accesstodb.tests\bin\debug\net6.0\accesstodb.tests.dll" id="cded92fb-11fb-6f96-4f6a-5d12fb4796fb">
      <Execution id="f4482b8f-86ba-4cb7-9a08-1a89dccd199d" />
      <TestMethod codeBase="C:\Users\alena\Desktop\7_sem\testing_and_debugging\SkiResort\AccessToDB.Tests\bin\Debug\net6.0\AccessToDB.Tests.dll" adapterTypeName="executor://xunit/VsTestRunner2/netcoreapp" className="AccessToDB.Tests.TurnstilesRepositoryTests" name="TestAddTurnstileAsyncFailsWhenTurnstileIdRepeats" />
    </UnitTest>
  </TestDefinitions>
  <TestEntries>
    <TestEntry testId="7b582224-07bc-9b62-5fd6-18ffa94a0fef" executionId="0d63dc03-8212-4f62-8934-7e3a1ce3fe5e" testListId="8c84fa94-04c1-424b-9868-57a2d4851a1d" />
    <TestEntry testId="4145f44e-b4b1-a618-09e8-c631496e6f1a" executionId="56284ca0-ed46-4cd7-9311-d373886a7838" testListId="8c84fa94-04c1-424b-9868-57a2d4851a1d" />
    <TestEntry testId="7296aeab-b978-3912-96b8-99eb0a5b3634" executionId="cda4074d-218f-4f18-8a13-a71999f594d5" testListId="8c84fa94-04c1-424b-9868-57a2d4851a1d" />
    <TestEntry testId="7a153a13-59c5-e6c7-f363-92db4d2b4518" executionId="f432d801-4c6e-45a0-b383-aa51659d2307" testListId="8c84fa94-04c1-424b-9868-57a2d4851a1d" />
    <TestEntry testId="01a322d2-b3c0-9a06-d3df-6f3dfcf472a3" executionId="046d18d8-87c3-4500-a2e2-4bd731d893d5" testListId="8c84fa94-04c1-424b-9868-57a2d4851a1d" />
    <TestEntry testId="b1669ccb-d092-90f5-29cd-bf4771c1edee" executionId="b0446fa0-5a10-491f-80cd-58d41c7cc643" testListId="8c84fa94-04c1-424b-9868-57a2d4851a1d" />
    <TestEntry testId="42df02b5-94a0-ae9f-7f59-1c5e3cd96f14" executionId="2ba3b0be-4116-4e63-9a43-b701318ba348" testListId="8c84fa94-04c1-424b-9868-57a2d4851a1d" />
    <TestEntry testId="9eb763a5-4f6f-6db3-dfd7-6f98e285998f" executionId="703b3847-974b-449f-ba00-0023842d7428" testListId="8c84fa94-04c1-424b-9868-57a2d4851a1d" />
    <TestEntry testId="8f7ba917-f771-0dc5-f9b9-465c34344b12" executionId="6247c46d-c0ba-48b7-a1b5-6da1151b3dd1" testListId="8c84fa94-04c1-424b-9868-57a2d4851a1d" />
    <TestEntry testId="815a9e45-f277-f391-0290-27a7fb8de863" executionId="54a02e9e-4aaf-480f-8a84-a59164187ce3" testListId="8c84fa94-04c1-424b-9868-57a2d4851a1d" />
    <TestEntry testId="cded92fb-11fb-6f96-4f6a-5d12fb4796fb" executionId="f4482b8f-86ba-4cb7-9a08-1a89dccd199d" testListId="8c84fa94-04c1-424b-9868-57a2d4851a1d" />
    <TestEntry testId="d1a7aae2-8538-2272-b29e-0d900b5a633f" executionId="0329c340-aa2a-47fd-98f6-3fe87817230b" testListId="8c84fa94-04c1-424b-9868-57a2d4851a1d" />
    <TestEntry testId="0b08dfbb-6691-ad00-a496-d41e1bd5a6b0" executionId="c2436d06-ba99-4034-9801-699e3d1135e6" testListId="8c84fa94-04c1-424b-9868-57a2d4851a1d" />
    <TestEntry testId="28d48257-42fa-ead7-5a95-f448faf1b470" executionId="431fcdd8-7572-4d40-a9ab-9a9c15510362" testListId="8c84fa94-04c1-424b-9868-57a2d4851a1d" />
    <TestEntry testId="74cadba5-9c68-fab3-67be-218990664325" executionId="558662fc-5e6f-4c38-aa2a-ea940765d20a" testListId="8c84fa94-04c1-424b-9868-57a2d4851a1d" />
    <TestEntry testId="3c521313-4ed6-6bce-b4f9-c359411028e7" executionId="cd1af3b4-8547-4504-b5f6-de8c61d75576" testListId="8c84fa94-04c1-424b-9868-57a2d4851a1d" />
    <TestEntry testId="ec229f70-485a-f91b-53ed-bce655f6cd58" executionId="d8af317b-bcf4-4627-a1dc-0808f1891716" testListId="8c84fa94-04c1-424b-9868-57a2d4851a1d" />
    <TestEntry testId="acaf3bfe-c243-d7f7-5ac4-d5e7abd6c6d7" executionId="0dbacb1c-9e6e-4b6d-9078-de2ddef777ea" testListId="8c84fa94-04c1-424b-9868-57a2d4851a1d" />
    <TestEntry testId="607e8298-f113-be33-300e-15a343893443" executionId="f411bb33-f8c6-4840-935f-3457e6c2db71" testListId="8c84fa94-04c1-424b-9868-57a2d4851a1d" />
    <TestEntry testId="f53f0550-0a7e-a282-5f53-6cebb2e237aa" executionId="3f502c48-0c8d-49b6-9814-987887dd6997" testListId="8c84fa94-04c1-424b-9868-57a2d4851a1d" />
    <TestEntry testId="f110e1c0-2b19-c0e9-4bef-a7310e5727fd" executionId="d69849d9-7a5e-4b6f-a7ab-97fc332c5bba" testListId="8c84fa94-04c1-424b-9868-57a2d4851a1d" />
    <TestEntry testId="a5db87ba-cf34-0818-aa6a-f04ad7d23392" executionId="81115826-9e38-4d77-8bd7-ca04aed89660" testListId="8c84fa94-04c1-424b-9868-57a2d4851a1d" />
    <TestEntry testId="cb99749c-677b-3180-2634-3bfce95c9aa2" executionId="fbd5447d-f1b0-4352-968f-5b38ad4f87eb" testListId="8c84fa94-04c1-424b-9868-57a2d4851a1d" />
    <TestEntry testId="14eeb40b-36e2-cc5c-fc76-2e0a485f0283" executionId="6e941bb5-fdf4-48a1-926c-a0df3654072d" testListId="8c84fa94-04c1-424b-9868-57a2d4851a1d" />
    <TestEntry testId="02390bbe-bdb1-3d3a-404d-9cb111df7405" executionId="3eceefa2-a721-45b5-8a1f-a3d8b0666c67" testListId="8c84fa94-04c1-424b-9868-57a2d4851a1d" />
    <TestEntry testId="12f1bba3-a1ea-339d-8e30-c4ea08ddfb76" executionId="5f5628fe-a01c-4d5e-b474-b111dbb858c8" testListId="8c84fa94-04c1-424b-9868-57a2d4851a1d" />
    <TestEntry testId="e75bb6e2-88d9-af2a-a444-c4a9d67f0f0e" executionId="41d4c11e-55f8-4893-ac3a-ea9a693cd34a" testListId="8c84fa94-04c1-424b-9868-57a2d4851a1d" />
    <TestEntry testId="30f8e924-9784-0a43-e807-094f70e06567" executionId="ac0bdf1f-837a-4677-9c16-402cb68f0e35" testListId="8c84fa94-04c1-424b-9868-57a2d4851a1d" />
    <TestEntry testId="c66a765c-2645-e541-11f6-cd343e5ef3a4" executionId="9d4649a7-2360-46c9-b5bf-ede369ca8d4f" testListId="8c84fa94-04c1-424b-9868-57a2d4851a1d" />
    <TestEntry testId="84060e8e-09f8-eab2-809e-7db4aa3b4e9b" executionId="ec65f21d-b37a-454d-a8d2-f84f5cf7ce3f" testListId="8c84fa94-04c1-424b-9868-57a2d4851a1d" />
    <TestEntry testId="3e1261c7-5bdf-efbb-b739-0f67bcdba27a" executionId="8dc4f235-0de3-4d6c-a0a6-42637a595bfb" testListId="8c84fa94-04c1-424b-9868-57a2d4851a1d" />
    <TestEntry testId="f9435956-2e34-e52b-c34e-dce53665cf8e" executionId="15d7b2d3-3477-4d55-8aa9-445961917241" testListId="8c84fa94-04c1-424b-9868-57a2d4851a1d" />
    <TestEntry testId="9bbefb83-8311-6e03-307f-415e3495e223" executionId="63339b6e-237c-4421-8875-f274acd1ba92" testListId="8c84fa94-04c1-424b-9868-57a2d4851a1d" />
    <TestEntry testId="dee7b072-8bf1-42fc-bf80-fd5ad660fbad" executionId="af8f43f9-eade-4524-8fab-124bf47a25f4" testListId="8c84fa94-04c1-424b-9868-57a2d4851a1d" />
    <TestEntry testId="3741b26d-6ee0-6246-29e4-92009bff37b0" executionId="0eece3d9-8875-4700-88f1-95426c3e6480" testListId="8c84fa94-04c1-424b-9868-57a2d4851a1d" />
    <TestEntry testId="77f8270d-ca85-f9c1-c9dd-8dd336c013ae" executionId="3eff9073-6d9e-4e8c-9291-bc27b71f5fb6" testListId="8c84fa94-04c1-424b-9868-57a2d4851a1d" />
    <TestEntry testId="c83ceab8-eb27-92e7-fc00-20ea212a458c" executionId="14edb98b-612d-49e1-914b-bad1608819cf" testListId="8c84fa94-04c1-424b-9868-57a2d4851a1d" />
    <TestEntry testId="da3e79bf-f19e-c949-9450-ac63601bbd8e" executionId="36efa35d-b1db-4d3d-a2e0-7ccfda1337e6" testListId="8c84fa94-04c1-424b-9868-57a2d4851a1d" />
    <TestEntry testId="fe1d8d15-5278-9268-a1c7-d5dbaa964566" executionId="5d448c8c-b407-4024-aca9-99a355b6dfdf" testListId="8c84fa94-04c1-424b-9868-57a2d4851a1d" />
  </TestEntries>
  <TestLists>
    <TestList name="Список результатов" id="8c84fa94-04c1-424b-9868-57a2d4851a1d" />
    <TestList name="Все загруженные результаты" id="19431567-8539-422a-85d7-44ee4e166bda" />
  </TestLists>
  <ResultSummary outcome="Failed">
    <Counters total="39" executed="39" passed="36" failed="3" error="0" timeout="0" aborted="0" inconclusive="0" passedButRunAborted="0" notRunnable="0" notExecuted="0" disconnected="0" warning="0" completed="0" inProgress="0" pending="0" />
    <Output>
      <StdOut>[xUnit.net 00:00:00.00] xUnit.net VSTest Adapter v2.4.5+1caef2f33e (64-bit .NET 6.0.3)&#xD;
[xUnit.net 00:00:00.63]   Discovering: AccessToDB.Tests&#xD;
[xUnit.net 00:00:00.77]   Discovered:  AccessToDB.Tests&#xD;
[xUnit.net 00:00:00.77]   Starting:    AccessToDB.Tests&#xD;
[xUnit.net 00:00:02.71]       System.InvalidOperationException : Operations that change non-concurrent collections must have exclusive access. A concurrent update was performed on this collection and corrupted its state. The collection's state is no longer correct.&#xD;
[xUnit.net 00:00:02.71]       Stack Trace:&#xD;
[xUnit.net 00:00:02.71]            at System.Collections.Generic.Dictionary`2.FindValue(TKey key)&#xD;
[xUnit.net 00:00:02.71]            at System.Collections.Generic.Dictionary`2.TryGetValue(TKey key, TValue&amp; value)&#xD;
[xUnit.net 00:00:02.71]            at ProGaudi.MsgPack.Light.MsgPackContext.GetObjectActivator(Type type)&#xD;
[xUnit.net 00:00:02.71]            at ProGaudi.MsgPack.Light.Converters.ArrayConverter`2.ReadList(IMsgPackReader reader, UInt32 length)&#xD;
[xUnit.net 00:00:02.71]            at ProGaudi.MsgPack.Light.Converters.ArrayConverter`2.ReadArray(IMsgPackReader reader, UInt32 length)&#xD;
[xUnit.net 00:00:02.71]            at ProGaudi.MsgPack.Light.Converters.ArrayConverter`2.Read(IMsgPackReader reader)&#xD;
[xUnit.net 00:00:02.71]            at ProGaudi.Tarantool.Client.Converters.SpaceConverter.Read(IMsgPackReader reader)&#xD;
[xUnit.net 00:00:02.71]            at ProGaudi.MsgPack.Light.Converters.ArrayConverter`2.ReadArray(IMsgPackReader reader, UInt32 length)&#xD;
[xUnit.net 00:00:02.71]            at ProGaudi.MsgPack.Light.Converters.ArrayConverter`2.Read(IMsgPackReader reader)&#xD;
[xUnit.net 00:00:02.71]            at ProGaudi.Tarantool.Client.Converters.ResponsePacketConverter`1.ProGaudi.MsgPack.Light.IMsgPackConverter&lt;ProGaudi.Tarantool.Client.Model.Responses.DataResponse&lt;T&gt;&gt;.Read(IMsgPackReader reader)&#xD;
[xUnit.net 00:00:02.71]            at ProGaudi.MsgPack.Light.MsgPackSerializer.Deserialize[T](MemoryStream stream, MsgPackContext context)&#xD;
[xUnit.net 00:00:02.71]            at ProGaudi.Tarantool.Client.LogicalConnection.SendRequest[TRequest,TResponse](TRequest request, Nullable`1 timeout)&#xD;
[xUnit.net 00:00:02.71]            at ProGaudi.Tarantool.Client.LogicalConnectionManager.SendRequest[TRequest,TResponse](TRequest request, Nullable`1 timeout)&#xD;
[xUnit.net 00:00:02.71]            at ProGaudi.Tarantool.Client.Schema.Select[T](UInt32 spaceId, Iterator iterator, UInt32 id)&#xD;
[xUnit.net 00:00:02.71]            at ProGaudi.Tarantool.Client.Schema.Reload()&#xD;
[xUnit.net 00:00:02.71]            at ProGaudi.Tarantool.Client.Box.Connect()&#xD;
[xUnit.net 00:00:02.71]            at ProGaudi.Tarantool.Client.Box.Connect(String replicationSource)&#xD;
[xUnit.net 00:00:02.71]         C:\Users\alena\Desktop\7_sem\testing_and_debugging\SkiResort\AccessToDB\TarantoolContext.cs(52,0): at AccessToDB.TarantoolContext.Initialize(String connection_string)&#xD;
[xUnit.net 00:00:02.71]         C:\Users\alena\Desktop\7_sem\testing_and_debugging\SkiResort\AccessToDB\TarantoolContext.cs(32,0): at AccessToDB.TarantoolContext..ctor(String connection_string)&#xD;
[xUnit.net 00:00:02.71]         C:\Users\alena\Desktop\7_sem\testing_and_debugging\SkiResort\AccessToDB.Tests\UsersRepositoryTests.cs(28,0): at AccessToDB.Tests.UsersRepositoryTests..ctor()&#xD;
[xUnit.net 00:00:02.71]            at System.RuntimeType.CreateInstanceDefaultCtor(Boolean publicOnly, Boolean wrapExceptions)&#xD;
[xUnit.net 00:00:08.84]       System.InvalidOperationException : Operations that change non-concurrent collections must have exclusive access. A concurrent update was performed on this collection and corrupted its state. The collection's state is no longer correct.&#xD;
[xUnit.net 00:00:08.84]       Stack Trace:&#xD;
[xUnit.net 00:00:08.84]            at System.Collections.Generic.Dictionary`2.FindValue(TKey key)&#xD;
[xUnit.net 00:00:08.84]            at System.Collections.Generic.Dictionary`2.TryGetValue(TKey key, TValue&amp; value)&#xD;
[xUnit.net 00:00:08.84]            at ProGaudi.MsgPack.Light.MsgPackContext.GetObjectActivator(Type type)&#xD;
[xUnit.net 00:00:08.85]            at ProGaudi.MsgPack.Light.Converters.ArrayConverter`2.ReadList(IMsgPackReader reader, UInt32 length)&#xD;
[xUnit.net 00:00:08.85]            at ProGaudi.MsgPack.Light.Converters.ArrayConverter`2.ReadArray(IMsgPackReader reader, UInt32 length)&#xD;
[xUnit.net 00:00:08.85]            at ProGaudi.MsgPack.Light.Converters.ArrayConverter`2.Read(IMsgPackReader reader)&#xD;
[xUnit.net 00:00:08.85]            at ProGaudi.Tarantool.Client.Converters.SpaceConverter.Read(IMsgPackReader reader)&#xD;
[xUnit.net 00:00:08.85]            at ProGaudi.MsgPack.Light.Converters.ArrayConverter`2.ReadArray(IMsgPackReader reader, UInt32 length)&#xD;
[xUnit.net 00:00:08.85]            at ProGaudi.MsgPack.Light.Converters.ArrayConverter`2.Read(IMsgPackReader reader)&#xD;
[xUnit.net 00:00:08.85]            at ProGaudi.Tarantool.Client.Converters.ResponsePacketConverter`1.ProGaudi.MsgPack.Light.IMsgPackConverter&lt;ProGaudi.Tarantool.Client.Model.Responses.DataResponse&lt;T&gt;&gt;.Read(IMsgPackReader reader)&#xD;
[xUnit.net 00:00:08.85]            at ProGaudi.MsgPack.Light.MsgPackSerializer.Deserialize[T](MemoryStream stream, MsgPackContext context)&#xD;
[xUnit.net 00:00:08.85]            at ProGaudi.Tarantool.Client.LogicalConnection.SendRequest[TRequest,TResponse](TRequest request, Nullable`1 timeout)&#xD;
[xUnit.net 00:00:08.85]            at ProGaudi.Tarantool.Client.LogicalConnectionManager.SendRequest[TRequest,TResponse](TRequest request, Nullable`1 timeout)&#xD;
[xUnit.net 00:00:08.85]            at ProGaudi.Tarantool.Client.Schema.Select[T](UInt32 spaceId, Iterator iterator, UInt32 id)&#xD;
[xUnit.net 00:00:08.85]            at ProGaudi.Tarantool.Client.Schema.Reload()&#xD;
[xUnit.net 00:00:08.85]            at ProGaudi.Tarantool.Client.Box.Connect()&#xD;
[xUnit.net 00:00:08.85]            at ProGaudi.Tarantool.Client.Box.Connect(String replicationSource)&#xD;
[xUnit.net 00:00:08.85]         C:\Users\alena\Desktop\7_sem\testing_and_debugging\SkiResort\AccessToDB\TarantoolContext.cs(52,0): at AccessToDB.TarantoolContext.Initialize(String connection_string)&#xD;
[xUnit.net 00:00:08.85]         C:\Users\alena\Desktop\7_sem\testing_and_debugging\SkiResort\AccessToDB\TarantoolContext.cs(32,0): at AccessToDB.TarantoolContext..ctor(String connection_string)&#xD;
[xUnit.net 00:00:08.85]         C:\Users\alena\Desktop\7_sem\testing_and_debugging\SkiResort\AccessToDB.Tests\LiftsSlopesRepositoryTests.cs(34,0): at AccessToDB.Tests.LiftsSlopesRepositoryTests..ctor()&#xD;
[xUnit.net 00:00:08.85]            at System.RuntimeType.CreateInstanceDefaultCtor(Boolean publicOnly, Boolean wrapExceptions)&#xD;
[xUnit.net 00:00:16.07]       System.InvalidOperationException : Operations that change non-concurrent collections must have exclusive access. A concurrent update was performed on this collection and corrupted its state. The collection's state is no longer correct.&#xD;
[xUnit.net 00:00:16.07]       Stack Trace:&#xD;
[xUnit.net 00:00:16.07]            at System.Collections.Generic.Dictionary`2.FindValue(TKey key)&#xD;
[xUnit.net 00:00:16.07]            at System.Collections.Generic.Dictionary`2.TryGetValue(TKey key, TValue&amp; value)&#xD;
[xUnit.net 00:00:16.07]            at ProGaudi.MsgPack.Light.MsgPackContext.GetObjectActivator(Type type)&#xD;
[xUnit.net 00:00:16.07]            at ProGaudi.MsgPack.Light.MsgPackContext.&lt;&gt;c__DisplayClass24_0.&lt;TryGenerateConverterFromGenericConverter&gt;b__0(Type x)&#xD;
[xUnit.net 00:00:16.07]            at ProGaudi.MsgPack.Light.MsgPackContext.TryGenerateConverterFromGenericConverter(Type type)&#xD;
[xUnit.net 00:00:16.07]            at ProGaudi.MsgPack.Light.MsgPackContext.GetConverter[T]()&#xD;
[xUnit.net 00:00:16.07]            at ProGaudi.MsgPack.Light.MsgPackSerializer.GetConverter[T](MsgPackContext context)&#xD;
[xUnit.net 00:00:16.07]            at ProGaudi.MsgPack.Light.MsgPackSerializer.Serialize[T](T data, MemoryStream stream, MsgPackContext context)&#xD;
[xUnit.net 00:00:16.08]            at ProGaudi.Tarantool.Client.LogicalConnection.SendRequestImpl[TRequest](TRequest request, Nullable`1 timeout)&#xD;
[xUnit.net 00:00:16.08]            at ProGaudi.Tarantool.Client.LogicalConnection.SendRequest[TRequest,TResponse](TRequest request, Nullable`1 timeout)&#xD;
[xUnit.net 00:00:16.08]            at ProGaudi.Tarantool.Client.LogicalConnectionManager.SendRequest[TRequest,TResponse](TRequest request, Nullable`1 timeout)&#xD;
[xUnit.net 00:00:16.08]            at ProGaudi.Tarantool.Client.Index.Delete[TKey,TTuple](TKey key)&#xD;
[xUnit.net 00:00:16.08]         C:\Users\alena\Desktop\7_sem\testing_and_debugging\SkiResort\AccessToDB\TarantoolRepositories\TarantoolTurnstilesRepository.cs(118,0): at AccessToDB.RepositoriesTarantool.TarantoolTurnstilesRepository.DeleteTurnstileByIDAsync(UInt32 turnstileID)&#xD;
[xUnit.net 00:00:16.08]         C:\Users\alena\Desktop\7_sem\testing_and_debugging\SkiResort\AccessToDB.Tests\TurnstilesRepositoryTests.cs(43,0): at AccessToDB.Tests.TurnstilesRepositoryTests.CleanTurnstilesTable()&#xD;
[xUnit.net 00:00:16.08]         C:\Users\alena\Desktop\7_sem\testing_and_debugging\SkiResort\AccessToDB.Tests\TurnstilesRepositoryTests.cs(35,0): at AccessToDB.Tests.TurnstilesRepositoryTests.Dispose()&#xD;
[xUnit.net 00:00:16.08]         /_/src/xunit.execution/Extensions/ReflectionAbstractionExtensions.cs(79,0): at ReflectionAbstractionExtensions.DisposeTestClass(ITest test, Object testClass, IMessageBus messageBus, ExecutionTimer timer, CancellationTokenSource cancellationTokenSource)&#xD;
[xUnit.net 00:00:23.26]   Finished:    AccessToDB.Tests&#xD;
</StdOut>
    </Output>
    <RunInfos>
      <RunInfo computerName="DESKTOP-TJ9D65N" outcome="Error" timestamp="2022-10-15T20:21:39.1281257+03:00">
        <Text>[xUnit.net 00:00:02.71]     AccessToDB.Tests.UsersRepositoryTests.TestCheckUserIdExistsAsyncTrue(user: User { UserID = 224, CardID = 37, UserEmail = UserEmail2dd19162-3713-40ef-9e2d-f7a68850e1ad, Password = passwordde92165a-511e-4be0-8dae-d05a3ab4a6e3, Permissions = UNAUTHORIZED }) [FAIL]</Text>
      </RunInfo>
      <RunInfo computerName="DESKTOP-TJ9D65N" outcome="Error" timestamp="2022-10-15T20:21:45.2657536+03:00">
        <Text>[xUnit.net 00:00:08.84]     AccessToDB.Tests.LiftsSlopesRepositoryTests.TestAddLiftSlopeAsyncFailsWhenLiftSlopeIdRepeats(liftSlope: LiftSlope { RecordID = 99, LiftID = 113, SlopeID = 36 }) [FAIL]</Text>
      </RunInfo>
      <RunInfo computerName="DESKTOP-TJ9D65N" outcome="Error" timestamp="2022-10-15T20:21:52.4930822+03:00">
        <Text>[xUnit.net 00:00:16.07]     AccessToDB.Tests.TurnstilesRepositoryTests.TestGetTurnstilesByLiftIdAsyncOk(liftID: 92) [FAIL]</Text>
      </RunInfo>
    </RunInfos>
  </ResultSummary>
</TestRun>