<?xml version="1.0" encoding="utf-8"?>
<TestRun id="c59b065b-6b4e-4038-a944-0a23703e6d34" name="alena@DESKTOP-TJ9D65N 2022-10-15 20:29:18" runUser="DESKTOP-TJ9D65N\alena" xmlns="http://microsoft.com/schemas/VisualStudio/TeamTest/2010">
  <Times creation="2022-10-15T20:29:18.5819826+03:00" queuing="2022-10-15T20:29:18.5819829+03:00" start="2022-10-15T20:29:16.4700970+03:00" finish="2022-10-15T20:29:40.8357583+03:00" />
  <TestSettings name="default" id="1ba3d473-5189-46f5-ab64-e7ffb43a9c24">
    <Deployment runDeploymentRoot="alena_DESKTOP-TJ9D65N_2022-10-15_20_29_18" />
  </TestSettings>
  <Results>
    <UnitTestResult executionId="44001928-ab32-40e8-b419-fcd525f39af1" testId="51700120-3033-63a2-29ae-3d3f2c9abe61" testName="AccessToDB.Tests.LiftsRepositoryTests.TestAddLiftAsyncFailsWhenLiftIdRepeats(lift: Lift { LiftID = 96, LiftName = liftName97cd105f-9af9-4a17-bdcf-caf1af797f1b, IsOpen = True, SeatsAmount = 236, LiftingTime = 248, QueueTime = 39, ConnectedSlopes =  })" computerName="DESKTOP-TJ9D65N" duration="00:00:00.6024683" startTime="2022-10-15T20:29:33.5114046+03:00" endTime="2022-10-15T20:29:33.5114048+03:00" testType="13cdc9d9-ddb5-4fa4-a97d-d965ccfc6d4b" outcome="Passed" testListId="8c84fa94-04c1-424b-9868-57a2d4851a1d" relativeResultsDirectory="44001928-ab32-40e8-b419-fcd525f39af1" />
    <UnitTestResult executionId="f53b477a-8d28-4fb5-b236-bb76090c7f6c" testId="1188cc4f-e265-edf0-7ff8-c681970138be" testName="AccessToDB.Tests.UsersRepositoryTests.TestUpdateUserByIDAsyncOk(user: User { UserID = 109, CardID = 111, UserEmail = UserEmail4732f77d-bd78-414a-8c6d-7f8390667916, Password = password35cd798e-bce4-4cf1-a2b5-68ddb0f4f6c9, Permissions = UNAUTHORIZED })" computerName="DESKTOP-TJ9D65N" duration="00:00:00.6193706" startTime="2022-10-15T20:29:26.1925159+03:00" endTime="2022-10-15T20:29:26.1925172+03:00" testType="13cdc9d9-ddb5-4fa4-a97d-d965ccfc6d4b" outcome="Passed" testListId="8c84fa94-04c1-424b-9868-57a2d4851a1d" relativeResultsDirectory="f53b477a-8d28-4fb5-b236-bb76090c7f6c" />
    <UnitTestResult executionId="b50f7bbd-56a0-4545-a613-2af3847f49e8" testId="831bd02b-0479-5863-a04e-93c25c20025b" testName="AccessToDB.Tests.TurnstilesRepositoryTests.TestDeleteTurnstileByIDAsyncFailsWhenIDNotExists(turnstileID: 32)" computerName="DESKTOP-TJ9D65N" duration="00:00:00.5663251" startTime="2022-10-15T20:29:40.7664385+03:00" endTime="2022-10-15T20:29:40.7664387+03:00" testType="13cdc9d9-ddb5-4fa4-a97d-d965ccfc6d4b" outcome="Passed" testListId="8c84fa94-04c1-424b-9868-57a2d4851a1d" relativeResultsDirectory="b50f7bbd-56a0-4545-a613-2af3847f49e8" />
    <UnitTestResult executionId="e1b9f85c-3037-42a1-98c7-166db3683075" testId="04802c9d-67d8-1318-f6aa-5bb6b6aec9ad" testName="AccessToDB.Tests.TurnstilesRepositoryTests.TestAddTurnstileAsyncFailsWhenTurnstileIdRepeats(turnstile: Turnstile { TurnstileID = 190, LiftID = 60, IsOpen = True })" computerName="DESKTOP-TJ9D65N" duration="00:00:00.6122464" startTime="2022-10-15T20:29:38.4243564+03:00" endTime="2022-10-15T20:29:38.4243565+03:00" testType="13cdc9d9-ddb5-4fa4-a97d-d965ccfc6d4b" outcome="Passed" testListId="8c84fa94-04c1-424b-9868-57a2d4851a1d" relativeResultsDirectory="e1b9f85c-3037-42a1-98c7-166db3683075" />
    <UnitTestResult executionId="58f97b07-d32d-42dc-aa5e-7465a03de249" testId="e700ef65-6e06-7986-3b0d-bd76f9f3b9d4" testName="AccessToDB.Tests.LiftsSlopesRepositoryTests.TestDeleteLiftSlopesByIDsAsyncOk(liftSlope: LiftSlope { RecordID = 207, LiftID = 68, SlopeID = 138 })" computerName="DESKTOP-TJ9D65N" duration="00:00:00.0010000" startTime="2022-10-15T20:29:29.2447894+03:00" endTime="2022-10-15T20:29:29.2447896+03:00" testType="13cdc9d9-ddb5-4fa4-a97d-d965ccfc6d4b" outcome="Failed" testListId="8c84fa94-04c1-424b-9868-57a2d4851a1d" relativeResultsDirectory="58f97b07-d32d-42dc-aa5e-7465a03de249">
      <Output>
        <ErrorInfo>
          <Message>System.InvalidOperationException : Operations that change non-concurrent collections must have exclusive access. A concurrent update was performed on this collection and corrupted its state. The collection's state is no longer correct.</Message>
          <StackTrace>   at System.Collections.Generic.Dictionary`2.FindValue(TKey key)&#xD;
   at System.Collections.Generic.Dictionary`2.TryGetValue(TKey key, TValue&amp; value)&#xD;
   at ProGaudi.MsgPack.Light.MsgPackContext.GetObjectActivator(Type type)&#xD;
   at ProGaudi.MsgPack.Light.MsgPackContext.&lt;&gt;c__DisplayClass24_0.&lt;TryGenerateConverterFromGenericConverter&gt;b__0(Type x)&#xD;
   at ProGaudi.MsgPack.Light.MsgPackContext.TryGenerateConverterFromGenericConverter(Type type)&#xD;
   at ProGaudi.MsgPack.Light.MsgPackContext.GetConverter[T]()&#xD;
   at ProGaudi.MsgPack.Light.MsgPackSerializer.GetConverter[T](MsgPackContext context)&#xD;
   at ProGaudi.MsgPack.Light.MsgPackSerializer.Deserialize[T](MemoryStream stream, MsgPackContext context)&#xD;
   at ProGaudi.Tarantool.Client.LogicalConnection.SendRequest[TRequest,TResponse](TRequest request, Nullable`1 timeout)&#xD;
   at ProGaudi.Tarantool.Client.LogicalConnectionManager.SendRequest[TRequest,TResponse](TRequest request, Nullable`1 timeout)&#xD;
   at ProGaudi.Tarantool.Client.Schema.Select[T](UInt32 spaceId, Iterator iterator, UInt32 id)&#xD;
   at ProGaudi.Tarantool.Client.Schema.Reload()&#xD;
   at ProGaudi.Tarantool.Client.Box.Connect()&#xD;
   at ProGaudi.Tarantool.Client.Box.Connect(String replicationSource)&#xD;
   at AccessToDB.TarantoolContext.Initialize(String connection_string) in C:\Users\alena\Desktop\7_sem\testing_and_debugging\SkiResort\AccessToDB\TarantoolContext.cs:line 52&#xD;
   at AccessToDB.TarantoolContext..ctor(String connection_string) in C:\Users\alena\Desktop\7_sem\testing_and_debugging\SkiResort\AccessToDB\TarantoolContext.cs:line 32&#xD;
   at AccessToDB.Tests.LiftsSlopesRepositoryTests..ctor() in C:\Users\alena\Desktop\7_sem\testing_and_debugging\SkiResort\AccessToDB.Tests\LiftsSlopesRepositoryTests.cs:line 34&#xD;
   at System.RuntimeType.CreateInstanceDefaultCtor(Boolean publicOnly, Boolean wrapExceptions)</StackTrace>
        </ErrorInfo>
      </Output>
    </UnitTestResult>
    <UnitTestResult executionId="c700be60-3ab2-4c58-998f-9c349d4b4707" testId="607e8298-f113-be33-300e-15a343893443" testName="AccessToDB.Tests.LiftsRepositoryTests.TestGetLiftsAsyncEmpty" computerName="DESKTOP-TJ9D65N" duration="00:00:00.5611158" startTime="2022-10-15T20:29:34.6408072+03:00" endTime="2022-10-15T20:29:34.6408073+03:00" testType="13cdc9d9-ddb5-4fa4-a97d-d965ccfc6d4b" outcome="Passed" testListId="8c84fa94-04c1-424b-9868-57a2d4851a1d" relativeResultsDirectory="c700be60-3ab2-4c58-998f-9c349d4b4707" />
    <UnitTestResult executionId="746dcbc4-3d20-416d-b179-2816338ae29e" testId="647081c3-599f-2876-a32c-480bccdc008f" testName="AccessToDB.Tests.UsersRepositoryTests.TestCheckUserIdExistsAsyncTrue(user: User { UserID = 196, CardID = 210, UserEmail = UserEmaila5cc0157-ea63-4b0c-a740-78e5f42eb34a, Password = passwordd43dc553-ba9c-4be0-a4c1-379ebdc9f4b7, Permissions = UNAUTHORIZED })" computerName="DESKTOP-TJ9D65N" duration="00:00:00.5941613" startTime="2022-10-15T20:29:23.7985692+03:00" endTime="2022-10-15T20:29:23.7985694+03:00" testType="13cdc9d9-ddb5-4fa4-a97d-d965ccfc6d4b" outcome="Passed" testListId="8c84fa94-04c1-424b-9868-57a2d4851a1d" relativeResultsDirectory="746dcbc4-3d20-416d-b179-2816338ae29e" />
    <UnitTestResult executionId="a909b7b4-2ae0-404c-a70f-b449eb02dc21" testId="8f7ba917-f771-0dc5-f9b9-465c34344b12" testName="AccessToDB.Tests.SlopesRepositoryTests.TestAddSlopeAutoIncrementAsyncOk" computerName="DESKTOP-TJ9D65N" duration="00:00:00.6098626" startTime="2022-10-15T20:29:20.3137226+03:00" endTime="2022-10-15T20:29:20.3137227+03:00" testType="13cdc9d9-ddb5-4fa4-a97d-d965ccfc6d4b" outcome="Passed" testListId="8c84fa94-04c1-424b-9868-57a2d4851a1d" relativeResultsDirectory="a909b7b4-2ae0-404c-a70f-b449eb02dc21" />
    <UnitTestResult executionId="ec126bb7-4578-40b8-bb14-b706996a4860" testId="3d471290-83c4-fda4-7b4b-49169f8cf724" testName="AccessToDB.Tests.UsersRepositoryTests.TestGetUserByEmailAsyncFailsWhenEmailNotExists(email: &quot;emaila79e0e8f-b947-4419-be04-02cb7df95838&quot;)" computerName="DESKTOP-TJ9D65N" duration="00:00:00.5483104" startTime="2022-10-15T20:29:22.6364686+03:00" endTime="2022-10-15T20:29:22.6364690+03:00" testType="13cdc9d9-ddb5-4fa4-a97d-d965ccfc6d4b" outcome="Passed" testListId="8c84fa94-04c1-424b-9868-57a2d4851a1d" relativeResultsDirectory="ec126bb7-4578-40b8-bb14-b706996a4860" />
    <UnitTestResult executionId="275a572f-81b1-4daa-aa24-fe88b7891f5a" testId="5a0ca8da-6746-dd0e-ac3e-7c7b855a2789" testName="AccessToDB.Tests.LiftsSlopesRepositoryTests.TestAddLiftSlopeAsyncFailsWhenLiftSlopeIdRepeats(liftSlope: LiftSlope { RecordID = 136, LiftID = 155, SlopeID = 101 })" computerName="DESKTOP-TJ9D65N" duration="00:00:00.5976247" startTime="2022-10-15T20:29:29.8313292+03:00" endTime="2022-10-15T20:29:29.8313293+03:00" testType="13cdc9d9-ddb5-4fa4-a97d-d965ccfc6d4b" outcome="Passed" testListId="8c84fa94-04c1-424b-9868-57a2d4851a1d" relativeResultsDirectory="275a572f-81b1-4daa-aa24-fe88b7891f5a" />
    <UnitTestResult executionId="c92a90c8-08ee-4112-a940-9b75315afbb7" testId="0d1d73a7-9939-65b3-056e-494ba691bd92" testName="AccessToDB.Tests.UsersRepositoryTests.TestCheckUserEmailExistsAsyncFalse(userEmail: &quot;userEmail8411f7f7-42c4-459c-8c6f-d0ae6481ee20&quot;)" computerName="DESKTOP-TJ9D65N" duration="00:00:00.5601233" startTime="2022-10-15T20:29:23.2007693+03:00" endTime="2022-10-15T20:29:23.2007695+03:00" testType="13cdc9d9-ddb5-4fa4-a97d-d965ccfc6d4b" outcome="Passed" testListId="8c84fa94-04c1-424b-9868-57a2d4851a1d" relativeResultsDirectory="c92a90c8-08ee-4112-a940-9b75315afbb7" />
    <UnitTestResult executionId="bcd4f9a8-fcdf-4d8d-a4f7-0247822c581f" testId="76cc8c49-a2a4-2b85-cfd7-506f6d7e386f" testName="AccessToDB.Tests.UsersRepositoryTests.TestAddUserAsyncFailsWhenUserIdRepeats(user: User { UserID = 244, CardID = 63, UserEmail = UserEmail4f2c6514-2944-4180-a21d-7ad1abc25e94, Password = passwordded2512c-c47d-4b9c-811e-8ed722327dff, Permissions = UNAUTHORIZED })" computerName="DESKTOP-TJ9D65N" duration="00:00:00.6002161" startTime="2022-10-15T20:29:25.5637279+03:00" endTime="2022-10-15T20:29:25.5637284+03:00" testType="13cdc9d9-ddb5-4fa4-a97d-d965ccfc6d4b" outcome="Passed" testListId="8c84fa94-04c1-424b-9868-57a2d4851a1d" relativeResultsDirectory="bcd4f9a8-fcdf-4d8d-a4f7-0247822c581f" />
    <UnitTestResult executionId="33216956-49bd-475a-a64f-0b2197ccfb6e" testId="b9ab03a0-691d-2445-a785-ab616980a4bf" testName="AccessToDB.Tests.LiftsRepositoryTests.TestDeleteLiftByIDAsyncFailsWhenIDNotExists(liftID: 153)" computerName="DESKTOP-TJ9D65N" duration="00:00:00.5723454" startTime="2022-10-15T20:29:36.4382972+03:00" endTime="2022-10-15T20:29:36.4382976+03:00" testType="13cdc9d9-ddb5-4fa4-a97d-d965ccfc6d4b" outcome="Passed" testListId="8c84fa94-04c1-424b-9868-57a2d4851a1d" relativeResultsDirectory="33216956-49bd-475a-a64f-0b2197ccfb6e" />
    <UnitTestResult executionId="5688d1ce-70e3-40c9-9762-5e3d3a2fb922" testId="4145f44e-b4b1-a618-09e8-c631496e6f1a" testName="AccessToDB.Tests.LiftsSlopesRepositoryTests.TestGetLiftSlopesAsyncEmpty" computerName="DESKTOP-TJ9D65N" duration="00:00:00.5589731" startTime="2022-10-15T20:29:31.6835144+03:00" endTime="2022-10-15T20:29:31.6835146+03:00" testType="13cdc9d9-ddb5-4fa4-a97d-d965ccfc6d4b" outcome="Passed" testListId="8c84fa94-04c1-424b-9868-57a2d4851a1d" relativeResultsDirectory="5688d1ce-70e3-40c9-9762-5e3d3a2fb922" />
    <UnitTestResult executionId="e9289cff-9ddc-45bc-b68c-b2f4e718d2e2" testId="3741b26d-6ee0-6246-29e4-92009bff37b0" testName="AccessToDB.Tests.UsersRepositoryTests.TestGetUsersAsyncEmpty" computerName="DESKTOP-TJ9D65N" duration="00:00:00.5605998" startTime="2022-10-15T20:29:24.3635178+03:00" endTime="2022-10-15T20:29:24.3635180+03:00" testType="13cdc9d9-ddb5-4fa4-a97d-d965ccfc6d4b" outcome="Passed" testListId="8c84fa94-04c1-424b-9868-57a2d4851a1d" relativeResultsDirectory="e9289cff-9ddc-45bc-b68c-b2f4e718d2e2" />
    <UnitTestResult executionId="caf8d76f-e58e-4751-a0b4-58351b5f975e" testId="ec229f70-485a-f91b-53ed-bce655f6cd58" testName="AccessToDB.Tests.LiftsRepositoryTests.TestAddLiftAutoIncrementAsyncOk" computerName="DESKTOP-TJ9D65N" duration="00:00:00.6082510" startTime="2022-10-15T20:29:32.9055097+03:00" endTime="2022-10-15T20:29:32.9055098+03:00" testType="13cdc9d9-ddb5-4fa4-a97d-d965ccfc6d4b" outcome="Passed" testListId="8c84fa94-04c1-424b-9868-57a2d4851a1d" relativeResultsDirectory="caf8d76f-e58e-4751-a0b4-58351b5f975e" />
    <UnitTestResult executionId="b1628724-54ed-4d92-9d76-b08e4214b90a" testId="a54fa98b-4032-d38a-fb94-f9056583167e" testName="AccessToDB.Tests.LiftsRepositoryTests.TestGetLiftByIdAsyncOk(lift: Lift { LiftID = 129, LiftName = liftName41bc33e5-3c50-4b41-8132-bdd7fad3a13b, IsOpen = True, SeatsAmount = 8, LiftingTime = 130, QueueTime = 60, ConnectedSlopes =  })" computerName="DESKTOP-TJ9D65N" duration="00:00:00.6004812" startTime="2022-10-15T20:29:35.8629700+03:00" endTime="2022-10-15T20:29:35.8629707+03:00" testType="13cdc9d9-ddb5-4fa4-a97d-d965ccfc6d4b" outcome="Passed" testListId="8c84fa94-04c1-424b-9868-57a2d4851a1d" relativeResultsDirectory="b1628724-54ed-4d92-9d76-b08e4214b90a" />
    <UnitTestResult executionId="22c07038-31cd-4be7-bb90-f075de7b93a9" testId="b353a9cb-8431-167e-a7ed-5d33ac0a09d5" testName="AccessToDB.Tests.UsersRepositoryTests.TestGetUserByIdAsyncOk(user: User { UserID = 23, CardID = 29, UserEmail = UserEmail76dceff1-80f5-4409-b374-e0b1dbeb03e0, Password = passwordeb4ace6e-b036-4e45-81fd-2b7e2cbfccd0, Permissions = UNAUTHORIZED })" computerName="DESKTOP-TJ9D65N" duration="00:00:00.5877828" startTime="2022-10-15T20:29:24.9571328+03:00" endTime="2022-10-15T20:29:24.9571331+03:00" testType="13cdc9d9-ddb5-4fa4-a97d-d965ccfc6d4b" outcome="Passed" testListId="8c84fa94-04c1-424b-9868-57a2d4851a1d" relativeResultsDirectory="22c07038-31cd-4be7-bb90-f075de7b93a9" />
    <UnitTestResult executionId="68c76d0b-ee8e-41e6-8315-61fbb5ed3403" testId="bed42ea4-9df0-89d2-b602-313aa57417f0" testName="AccessToDB.Tests.TurnstilesRepositoryTests.TestUpdateTurnstileByIDAsyncOk(turnstile: Turnstile { TurnstileID = 66, LiftID = 145, IsOpen = True })" computerName="DESKTOP-TJ9D65N" duration="00:00:00.6129392" startTime="2022-10-15T20:29:37.0552078+03:00" endTime="2022-10-15T20:29:37.0552082+03:00" testType="13cdc9d9-ddb5-4fa4-a97d-d965ccfc6d4b" outcome="Passed" testListId="8c84fa94-04c1-424b-9868-57a2d4851a1d" relativeResultsDirectory="68c76d0b-ee8e-41e6-8315-61fbb5ed3403" />
    <UnitTestResult executionId="d320dec2-3186-4650-95eb-06ba2027637c" testId="e75bb6e2-88d9-af2a-a444-c4a9d67f0f0e" testName="AccessToDB.Tests.UsersRepositoryTests.TestAddUserAutoIncrementAsyncOk" computerName="DESKTOP-TJ9D65N" duration="00:00:00.6248345" startTime="2022-10-15T20:29:27.4026968+03:00" endTime="2022-10-15T20:29:27.4026969+03:00" testType="13cdc9d9-ddb5-4fa4-a97d-d965ccfc6d4b" outcome="Passed" testListId="8c84fa94-04c1-424b-9868-57a2d4851a1d" relativeResultsDirectory="d320dec2-3186-4650-95eb-06ba2027637c" />
    <UnitTestResult executionId="ef5ab07c-4ab3-4bec-bb37-ca5cd0d9f614" testId="6791c3a1-d6ee-2756-ed28-b164858da34c" testName="AccessToDB.Tests.SlopesRepositoryTests.TestAddSlopeAsyncFailsWhenSlopeIdRepeats(slope: Slope { SlopeID = 171, SlopeName = slopeName0570f528-6cb9-4fe3-a138-2c06d4c89d96, IsOpen = True, DifficultyLevel = 46, ConnectedLifts =  })" computerName="DESKTOP-TJ9D65N" duration="00:00:00.6118249" startTime="2022-10-15T20:29:19.7005720+03:00" endTime="2022-10-15T20:29:19.7005720+03:00" testType="13cdc9d9-ddb5-4fa4-a97d-d965ccfc6d4b" outcome="Passed" testListId="8c84fa94-04c1-424b-9868-57a2d4851a1d" relativeResultsDirectory="ef5ab07c-4ab3-4bec-bb37-ca5cd0d9f614" />
    <UnitTestResult executionId="f7a71dc2-96ad-4016-8245-8b8d0eacb79b" testId="327afc2e-dc43-5ea7-a89d-201aed1156a5" testName="AccessToDB.Tests.LiftsRepositoryTests.TestGetLiftByNameAsyncFailsWhenNameNotExists(liftName: &quot;liftName99b48f78-8910-4bff-877c-c6dc86c60557&quot;)" computerName="DESKTOP-TJ9D65N" duration="00:00:00.5615373" startTime="2022-10-15T20:29:34.0763692+03:00" endTime="2022-10-15T20:29:34.0763697+03:00" testType="13cdc9d9-ddb5-4fa4-a97d-d965ccfc6d4b" outcome="Passed" testListId="8c84fa94-04c1-424b-9868-57a2d4851a1d" relativeResultsDirectory="f7a71dc2-96ad-4016-8245-8b8d0eacb79b" />
    <UnitTestResult executionId="0b64caf1-09d1-455a-8486-a49baf45853e" testId="45a1a0cd-2038-b8a4-f34f-6237223737e8" testName="AccessToDB.Tests.LiftsRepositoryTests.TestUpdateLiftByIDAsyncOk(lift: Lift { LiftID = 114, LiftName = liftNamee7af5e5a-ad8c-45a4-b0a6-617919246163, IsOpen = True, SeatsAmount = 198, LiftingTime = 99, QueueTime = 184, ConnectedSlopes =  })" computerName="DESKTOP-TJ9D65N" duration="00:00:00.6161812" startTime="2022-10-15T20:29:35.2598515+03:00" endTime="2022-10-15T20:29:35.2598516+03:00" testType="13cdc9d9-ddb5-4fa4-a97d-d965ccfc6d4b" outcome="Passed" testListId="8c84fa94-04c1-424b-9868-57a2d4851a1d" relativeResultsDirectory="0b64caf1-09d1-455a-8486-a49baf45853e" />
    <UnitTestResult executionId="0ac1a057-5912-4546-89da-1deb2f7bf6d6" testId="74529d85-5c71-acd2-c654-df8cc6e24760" testName="AccessToDB.Tests.SlopesRepositoryTests.TestDeleteSlopeByIDAsyncFailsWhenIDNotExists(slopeID: 183)" computerName="DESKTOP-TJ9D65N" duration="00:00:00.5585252" startTime="2022-10-15T20:29:19.0855660+03:00" endTime="2022-10-15T20:29:19.0855661+03:00" testType="13cdc9d9-ddb5-4fa4-a97d-d965ccfc6d4b" outcome="Passed" testListId="8c84fa94-04c1-424b-9868-57a2d4851a1d" relativeResultsDirectory="0ac1a057-5912-4546-89da-1deb2f7bf6d6" />
    <UnitTestResult executionId="b5c95613-76f0-47d0-9295-c75bc9934186" testId="1a5108e0-33c4-ef22-c0f4-98c81a8d7165" testName="AccessToDB.Tests.SlopesRepositoryTests.TestGetSlopeByIdAsyncOk(slope: Slope { SlopeID = 3, SlopeName = slopeName8fad09d3-cc5e-4128-8d02-9cbb87228480, IsOpen = True, DifficultyLevel = 183, ConnectedLifts =  })" computerName="DESKTOP-TJ9D65N" duration="00:00:00.6603105" startTime="2022-10-15T20:29:18.5026708+03:00" endTime="2022-10-15T20:29:18.5026921+03:00" testType="13cdc9d9-ddb5-4fa4-a97d-d965ccfc6d4b" outcome="Passed" testListId="8c84fa94-04c1-424b-9868-57a2d4851a1d" relativeResultsDirectory="b5c95613-76f0-47d0-9295-c75bc9934186" />
    <UnitTestResult executionId="2a56b9a5-4741-41ff-9e69-284ad5625f52" testId="d377ceca-689f-6a98-32ce-99377ea3f4f3" testName="AccessToDB.Tests.UsersRepositoryTests.TestDeleteUserByIDAsyncFailsWhenIDNotExists(userID: 73)" computerName="DESKTOP-TJ9D65N" duration="00:00:00.5701414" startTime="2022-10-15T20:29:26.7747456+03:00" endTime="2022-10-15T20:29:26.7747458+03:00" testType="13cdc9d9-ddb5-4fa4-a97d-d965ccfc6d4b" outcome="Passed" testListId="8c84fa94-04c1-424b-9868-57a2d4851a1d" relativeResultsDirectory="2a56b9a5-4741-41ff-9e69-284ad5625f52" />
    <UnitTestResult executionId="c2d93742-4559-4369-8ed8-ddf087b4e6a4" testId="2b232de3-e8d3-7108-d083-0b04b7d9334c" testName="AccessToDB.Tests.LiftsSlopesRepositoryTests.TestGetLiftSlopeByIdAsyncOk(liftSlope: LiftSlope { RecordID = 183, LiftID = 159, SlopeID = 94 })" computerName="DESKTOP-TJ9D65N" duration="00:00:00.5940684" startTime="2022-10-15T20:29:29.1568107+03:00" endTime="2022-10-15T20:29:29.1568110+03:00" testType="13cdc9d9-ddb5-4fa4-a97d-d965ccfc6d4b" outcome="Passed" testListId="8c84fa94-04c1-424b-9868-57a2d4851a1d" relativeResultsDirectory="c2d93742-4559-4369-8ed8-ddf087b4e6a4" />
    <UnitTestResult executionId="3f68f39a-971c-4724-ad3f-890a29f725d4" testId="00eec10d-6319-4d7c-1be7-063f99bef653" testName="AccessToDB.Tests.SlopesRepositoryTests.TestUpdateSlopeByIDAsyncOk(slope: Slope { SlopeID = 148, SlopeName = slopeName8e987711-ae90-4b56-835d-2d7c3c8cd1a5, IsOpen = True, DifficultyLevel = 224, ConnectedLifts =  })" computerName="DESKTOP-TJ9D65N" duration="00:00:00.6176096" startTime="2022-10-15T20:29:21.5067288+03:00" endTime="2022-10-15T20:29:21.5067290+03:00" testType="13cdc9d9-ddb5-4fa4-a97d-d965ccfc6d4b" outcome="Passed" testListId="8c84fa94-04c1-424b-9868-57a2d4851a1d" relativeResultsDirectory="3f68f39a-971c-4724-ad3f-890a29f725d4" />
    <UnitTestResult executionId="43434a7c-bbca-410a-afc9-6b789c1b4cfd" testId="e529246f-ae2f-b6ca-c28e-8f0ffce8d6b6" testName="AccessToDB.Tests.LiftsSlopesRepositoryTests.TestGetSlopesByLiftIdAsyncFailsWhenSlopeNotExists(liftSlope: LiftSlope { RecordID = 252, LiftID = 108, SlopeID = 174 })" computerName="DESKTOP-TJ9D65N" duration="00:00:00.5892349" startTime="2022-10-15T20:29:27.9961110+03:00" endTime="2022-10-15T20:29:27.9961111+03:00" testType="13cdc9d9-ddb5-4fa4-a97d-d965ccfc6d4b" outcome="Passed" testListId="8c84fa94-04c1-424b-9868-57a2d4851a1d" relativeResultsDirectory="43434a7c-bbca-410a-afc9-6b789c1b4cfd" />
    <UnitTestResult executionId="826cb9d4-11d3-403d-a412-54c03b8c1e37" testId="3c521313-4ed6-6bce-b4f9-c359411028e7" testName="AccessToDB.Tests.TurnstilesRepositoryTests.TestGetTurnstilesAsyncEmpty" computerName="DESKTOP-TJ9D65N" duration="00:00:00.5602104" startTime="2022-10-15T20:29:38.9876171+03:00" endTime="2022-10-15T20:29:38.9876174+03:00" testType="13cdc9d9-ddb5-4fa4-a97d-d965ccfc6d4b" outcome="Passed" testListId="8c84fa94-04c1-424b-9868-57a2d4851a1d" relativeResultsDirectory="826cb9d4-11d3-403d-a412-54c03b8c1e37" />
    <UnitTestResult executionId="78e54aaa-c9b5-4d26-9f00-1c276196aec5" testId="be07c45a-1736-f8b9-6561-d0bbc1dddbd0" testName="AccessToDB.Tests.SlopesRepositoryTests.TestGetSlopeByNameAsyncFailsWhenNameNotExists(slopeName: &quot;slopeName0bc914ba-9dc7-4261-b729-45591d92c192&quot;)" computerName="DESKTOP-TJ9D65N" duration="00:00:00.5600148" startTime="2022-10-15T20:29:20.8779561+03:00" endTime="2022-10-15T20:29:20.8779566+03:00" testType="13cdc9d9-ddb5-4fa4-a97d-d965ccfc6d4b" outcome="Passed" testListId="8c84fa94-04c1-424b-9868-57a2d4851a1d" relativeResultsDirectory="78e54aaa-c9b5-4d26-9f00-1c276196aec5" />
    <UnitTestResult executionId="b7b7c471-36e9-43a3-9a52-0eafe69eed29" testId="9dcfe3c9-3de0-31de-7e59-1d54033f1b78" testName="AccessToDB.Tests.LiftsSlopesRepositoryTests.TestDeleteLiftSlopeByIDAsyncFailsWhenIDNotExists(liftSlopeID: 15)" computerName="DESKTOP-TJ9D65N" duration="00:00:00.5600619" startTime="2022-10-15T20:29:28.5592610+03:00" endTime="2022-10-15T20:29:28.5592613+03:00" testType="13cdc9d9-ddb5-4fa4-a97d-d965ccfc6d4b" outcome="Passed" testListId="8c84fa94-04c1-424b-9868-57a2d4851a1d" relativeResultsDirectory="b7b7c471-36e9-43a3-9a52-0eafe69eed29" />
    <UnitTestResult executionId="79425cfd-1e35-4cdc-b440-49be141a589e" testId="9bbefb83-8311-6e03-307f-415e3495e223" testName="AccessToDB.Tests.SlopesRepositoryTests.TestGetSlopesAsyncEmpty" computerName="DESKTOP-TJ9D65N" duration="00:00:00.5647607" startTime="2022-10-15T20:29:22.0753737+03:00" endTime="2022-10-15T20:29:22.0753738+03:00" testType="13cdc9d9-ddb5-4fa4-a97d-d965ccfc6d4b" outcome="Passed" testListId="8c84fa94-04c1-424b-9868-57a2d4851a1d" relativeResultsDirectory="79425cfd-1e35-4cdc-b440-49be141a589e" />
    <UnitTestResult executionId="c9d01630-414e-45eb-b63e-81ff87fc7fb9" testId="73892f15-99ed-4477-548d-cf8ac20188aa" testName="AccessToDB.Tests.LiftsSlopesRepositoryTests.TestUpdateLiftSlopeByIDAsyncOk(liftSlope: LiftSlope { RecordID = 191, LiftID = 24, SlopeID = 210 })" computerName="DESKTOP-TJ9D65N" duration="00:00:00.6058358" startTime="2022-10-15T20:29:32.2930555+03:00" endTime="2022-10-15T20:29:32.2930558+03:00" testType="13cdc9d9-ddb5-4fa4-a97d-d965ccfc6d4b" outcome="Passed" testListId="8c84fa94-04c1-424b-9868-57a2d4851a1d" relativeResultsDirectory="c9d01630-414e-45eb-b63e-81ff87fc7fb9" />
    <UnitTestResult executionId="e8adbc0b-4d79-447c-b73b-f18b7bffef41" testId="bf501c0c-d8d1-5b66-18de-fe75ba2f9702" testName="AccessToDB.Tests.LiftsSlopesRepositoryTests.TestGetLiftsBySlopeIdAsyncOk(slope1: Slope { SlopeID = 108, SlopeName = slopeName88d6367a-5212-4652-93cb-5468df578139, IsOpen = True, DifficultyLevel = 141, ConnectedLifts =  }, slope2: Slope { SlopeID = 182, SlopeName = slopeName09535260-d09a-43c8-95ce-20260facab37, IsOpen = False, DifficultyLevel = 34, ConnectedLifts =  }, lift1: Lift { LiftID = 237, LiftName = liftNamede61c2b5-2fcd-449f-a81d-5a48b816629a, IsOpen = True, SeatsAmount = 229, LiftingTime = 40, QueueTime = 75, ConnectedSlopes =  }, lift2: Lift { LiftID = 137, LiftName = liftNameeb52efea-a01e-4f9b-a3e5-da971b3c0fc2, IsOpen = False, SeatsAmount = 154, LiftingTime = 180, QueueTime = 123, ConnectedSlopes =  })" computerName="DESKTOP-TJ9D65N" duration="00:00:00.6743026" startTime="2022-10-15T20:29:30.5091639+03:00" endTime="2022-10-15T20:29:30.5091639+03:00" testType="13cdc9d9-ddb5-4fa4-a97d-d965ccfc6d4b" outcome="Passed" testListId="8c84fa94-04c1-424b-9868-57a2d4851a1d" relativeResultsDirectory="e8adbc0b-4d79-447c-b73b-f18b7bffef41" />
    <UnitTestResult executionId="e94dda76-0915-4296-83a4-cddc8499fcdb" testId="f9435956-2e34-e52b-c34e-dce53665cf8e" testName="AccessToDB.Tests.TurnstilesRepositoryTests.TestAddTurnstileAutoIncrementAsyncOk" computerName="DESKTOP-TJ9D65N" duration="00:00:00.6086774" startTime="2022-10-15T20:29:39.6002557+03:00" endTime="2022-10-15T20:29:39.6002558+03:00" testType="13cdc9d9-ddb5-4fa4-a97d-d965ccfc6d4b" outcome="Passed" testListId="8c84fa94-04c1-424b-9868-57a2d4851a1d" relativeResultsDirectory="e94dda76-0915-4296-83a4-cddc8499fcdb" />
    <UnitTestResult executionId="5adfe693-b82d-46f2-a0fa-faa4955dfb6f" testId="aa7169b3-8385-1f36-2290-98dd4820fa87" testName="AccessToDB.Tests.TurnstilesRepositoryTests.TestGetTurnstilesByLiftIdAsyncOk(liftID: 4)" computerName="DESKTOP-TJ9D65N" duration="00:00:00.7463957" startTime="2022-10-15T20:29:37.8080567+03:00" endTime="2022-10-15T20:29:37.8080569+03:00" testType="13cdc9d9-ddb5-4fa4-a97d-d965ccfc6d4b" outcome="Passed" testListId="8c84fa94-04c1-424b-9868-57a2d4851a1d" relativeResultsDirectory="5adfe693-b82d-46f2-a0fa-faa4955dfb6f" />
    <UnitTestResult executionId="65126d0b-b161-479a-a0e7-30cc8f1f3641" testId="23cd998a-a013-0226-140e-9c207c109a41" testName="AccessToDB.Tests.TurnstilesRepositoryTests.TestGetTurnstileByIdAsyncOk(turnstile: Turnstile { TurnstileID = 61, LiftID = 216, IsOpen = True })" computerName="DESKTOP-TJ9D65N" duration="00:00:00.5914564" startTime="2022-10-15T20:29:40.1964232+03:00" endTime="2022-10-15T20:29:40.1964234+03:00" testType="13cdc9d9-ddb5-4fa4-a97d-d965ccfc6d4b" outcome="Passed" testListId="8c84fa94-04c1-424b-9868-57a2d4851a1d" relativeResultsDirectory="65126d0b-b161-479a-a0e7-30cc8f1f3641" />
    <UnitTestResult executionId="ed22d6c9-ae0c-44df-a59d-666e1aa161de" testId="30f8e924-9784-0a43-e807-094f70e06567" testName="AccessToDB.Tests.LiftsSlopesRepositoryTests.TestAddLiftSlopeAutoIncrementAsyncOk" computerName="DESKTOP-TJ9D65N" duration="00:00:00.6038048" startTime="2022-10-15T20:29:31.1181262+03:00" endTime="2022-10-15T20:29:31.1181266+03:00" testType="13cdc9d9-ddb5-4fa4-a97d-d965ccfc6d4b" outcome="Passed" testListId="8c84fa94-04c1-424b-9868-57a2d4851a1d" relativeResultsDirectory="ed22d6c9-ae0c-44df-a59d-666e1aa161de" />
  </Results>
  <TestDefinitions>
    <UnitTest name="AccessToDB.Tests.UsersRepositoryTests.TestUpdateUserByIDAsyncOk(user: User { UserID = 109, CardID = 111, UserEmail = UserEmail4732f77d-bd78-414a-8c6d-7f8390667916, Password = password35cd798e-bce4-4cf1-a2b5-68ddb0f4f6c9, Permissions = UNAUTHORIZED })" storage="c:\users\alena\desktop\7_sem\testing_and_debugging\skiresort\accesstodb.tests\bin\debug\net6.0\accesstodb.tests.dll" id="1188cc4f-e265-edf0-7ff8-c681970138be">
      <Execution id="f53b477a-8d28-4fb5-b236-bb76090c7f6c" />
      <TestMethod codeBase="C:\Users\alena\Desktop\7_sem\testing_and_debugging\SkiResort\AccessToDB.Tests\bin\Debug\net6.0\AccessToDB.Tests.dll" adapterTypeName="executor://xunit/VsTestRunner2/netcoreapp" className="AccessToDB.Tests.UsersRepositoryTests" name="TestUpdateUserByIDAsyncOk" />
    </UnitTest>
    <UnitTest name="AccessToDB.Tests.UsersRepositoryTests.TestGetUsersAsyncEmpty" storage="c:\users\alena\desktop\7_sem\testing_and_debugging\skiresort\accesstodb.tests\bin\debug\net6.0\accesstodb.tests.dll" id="3741b26d-6ee0-6246-29e4-92009bff37b0">
      <Execution id="e9289cff-9ddc-45bc-b68c-b2f4e718d2e2" />
      <TestMethod codeBase="C:\Users\alena\Desktop\7_sem\testing_and_debugging\SkiResort\AccessToDB.Tests\bin\Debug\net6.0\AccessToDB.Tests.dll" adapterTypeName="executor://xunit/VsTestRunner2/netcoreapp" className="AccessToDB.Tests.UsersRepositoryTests" name="TestGetUsersAsyncEmpty" />
    </UnitTest>
    <UnitTest name="AccessToDB.Tests.SlopesRepositoryTests.TestUpdateSlopeByIDAsyncOk(slope: Slope { SlopeID = 148, SlopeName = slopeName8e987711-ae90-4b56-835d-2d7c3c8cd1a5, IsOpen = True, DifficultyLevel = 224, ConnectedLifts =  })" storage="c:\users\alena\desktop\7_sem\testing_and_debugging\skiresort\accesstodb.tests\bin\debug\net6.0\accesstodb.tests.dll" id="00eec10d-6319-4d7c-1be7-063f99bef653">
      <Execution id="3f68f39a-971c-4724-ad3f-890a29f725d4" />
      <TestMethod codeBase="C:\Users\alena\Desktop\7_sem\testing_and_debugging\SkiResort\AccessToDB.Tests\bin\Debug\net6.0\AccessToDB.Tests.dll" adapterTypeName="executor://xunit/VsTestRunner2/netcoreapp" className="AccessToDB.Tests.SlopesRepositoryTests" name="TestUpdateSlopeByIDAsyncOk" />
    </UnitTest>
    <UnitTest name="AccessToDB.Tests.UsersRepositoryTests.TestGetUserByEmailAsyncFailsWhenEmailNotExists(email: &quot;emaila79e0e8f-b947-4419-be04-02cb7df95838&quot;)" storage="c:\users\alena\desktop\7_sem\testing_and_debugging\skiresort\accesstodb.tests\bin\debug\net6.0\accesstodb.tests.dll" id="3d471290-83c4-fda4-7b4b-49169f8cf724">
      <Execution id="ec126bb7-4578-40b8-bb14-b706996a4860" />
      <TestMethod codeBase="C:\Users\alena\Desktop\7_sem\testing_and_debugging\SkiResort\AccessToDB.Tests\bin\Debug\net6.0\AccessToDB.Tests.dll" adapterTypeName="executor://xunit/VsTestRunner2/netcoreapp" className="AccessToDB.Tests.UsersRepositoryTests" name="TestGetUserByEmailAsyncFailsWhenEmailNotExists" />
    </UnitTest>
    <UnitTest name="AccessToDB.Tests.TurnstilesRepositoryTests.TestAddTurnstileAutoIncrementAsyncOk" storage="c:\users\alena\desktop\7_sem\testing_and_debugging\skiresort\accesstodb.tests\bin\debug\net6.0\accesstodb.tests.dll" id="f9435956-2e34-e52b-c34e-dce53665cf8e">
      <Execution id="e94dda76-0915-4296-83a4-cddc8499fcdb" />
      <TestMethod codeBase="C:\Users\alena\Desktop\7_sem\testing_and_debugging\SkiResort\AccessToDB.Tests\bin\Debug\net6.0\AccessToDB.Tests.dll" adapterTypeName="executor://xunit/VsTestRunner2/netcoreapp" className="AccessToDB.Tests.TurnstilesRepositoryTests" name="TestAddTurnstileAutoIncrementAsyncOk" />
    </UnitTest>
    <UnitTest name="AccessToDB.Tests.LiftsRepositoryTests.TestDeleteLiftByIDAsyncFailsWhenIDNotExists(liftID: 153)" storage="c:\users\alena\desktop\7_sem\testing_and_debugging\skiresort\accesstodb.tests\bin\debug\net6.0\accesstodb.tests.dll" id="b9ab03a0-691d-2445-a785-ab616980a4bf">
      <Execution id="33216956-49bd-475a-a64f-0b2197ccfb6e" />
      <TestMethod codeBase="C:\Users\alena\Desktop\7_sem\testing_and_debugging\SkiResort\AccessToDB.Tests\bin\Debug\net6.0\AccessToDB.Tests.dll" adapterTypeName="executor://xunit/VsTestRunner2/netcoreapp" className="AccessToDB.Tests.LiftsRepositoryTests" name="TestDeleteLiftByIDAsyncFailsWhenIDNotExists" />
    </UnitTest>
    <UnitTest name="AccessToDB.Tests.UsersRepositoryTests.TestGetUserByIdAsyncOk(user: User { UserID = 23, CardID = 29, UserEmail = UserEmail76dceff1-80f5-4409-b374-e0b1dbeb03e0, Password = passwordeb4ace6e-b036-4e45-81fd-2b7e2cbfccd0, Permissions = UNAUTHORIZED })" storage="c:\users\alena\desktop\7_sem\testing_and_debugging\skiresort\accesstodb.tests\bin\debug\net6.0\accesstodb.tests.dll" id="b353a9cb-8431-167e-a7ed-5d33ac0a09d5">
      <Execution id="22c07038-31cd-4be7-bb90-f075de7b93a9" />
      <TestMethod codeBase="C:\Users\alena\Desktop\7_sem\testing_and_debugging\SkiResort\AccessToDB.Tests\bin\Debug\net6.0\AccessToDB.Tests.dll" adapterTypeName="executor://xunit/VsTestRunner2/netcoreapp" className="AccessToDB.Tests.UsersRepositoryTests" name="TestGetUserByIdAsyncOk" />
    </UnitTest>
    <UnitTest name="AccessToDB.Tests.TurnstilesRepositoryTests.TestUpdateTurnstileByIDAsyncOk(turnstile: Turnstile { TurnstileID = 66, LiftID = 145, IsOpen = True })" storage="c:\users\alena\desktop\7_sem\testing_and_debugging\skiresort\accesstodb.tests\bin\debug\net6.0\accesstodb.tests.dll" id="bed42ea4-9df0-89d2-b602-313aa57417f0">
      <Execution id="68c76d0b-ee8e-41e6-8315-61fbb5ed3403" />
      <TestMethod codeBase="C:\Users\alena\Desktop\7_sem\testing_and_debugging\SkiResort\AccessToDB.Tests\bin\Debug\net6.0\AccessToDB.Tests.dll" adapterTypeName="executor://xunit/VsTestRunner2/netcoreapp" className="AccessToDB.Tests.TurnstilesRepositoryTests" name="TestUpdateTurnstileByIDAsyncOk" />
    </UnitTest>
    <UnitTest name="AccessToDB.Tests.TurnstilesRepositoryTests.TestGetTurnstilesByLiftIdAsyncOk(liftID: 4)" storage="c:\users\alena\desktop\7_sem\testing_and_debugging\skiresort\accesstodb.tests\bin\debug\net6.0\accesstodb.tests.dll" id="aa7169b3-8385-1f36-2290-98dd4820fa87">
      <Execution id="5adfe693-b82d-46f2-a0fa-faa4955dfb6f" />
      <TestMethod codeBase="C:\Users\alena\Desktop\7_sem\testing_and_debugging\SkiResort\AccessToDB.Tests\bin\Debug\net6.0\AccessToDB.Tests.dll" adapterTypeName="executor://xunit/VsTestRunner2/netcoreapp" className="AccessToDB.Tests.TurnstilesRepositoryTests" name="TestGetTurnstilesByLiftIdAsyncOk" />
    </UnitTest>
    <UnitTest name="AccessToDB.Tests.LiftsSlopesRepositoryTests.TestGetLiftSlopesAsyncEmpty" storage="c:\users\alena\desktop\7_sem\testing_and_debugging\skiresort\accesstodb.tests\bin\debug\net6.0\accesstodb.tests.dll" id="4145f44e-b4b1-a618-09e8-c631496e6f1a">
      <Execution id="5688d1ce-70e3-40c9-9762-5e3d3a2fb922" />
      <TestMethod codeBase="C:\Users\alena\Desktop\7_sem\testing_and_debugging\SkiResort\AccessToDB.Tests\bin\Debug\net6.0\AccessToDB.Tests.dll" adapterTypeName="executor://xunit/VsTestRunner2/netcoreapp" className="AccessToDB.Tests.LiftsSlopesRepositoryTests" name="TestGetLiftSlopesAsyncEmpty" />
    </UnitTest>
    <UnitTest name="AccessToDB.Tests.SlopesRepositoryTests.TestGetSlopeByIdAsyncOk(slope: Slope { SlopeID = 3, SlopeName = slopeName8fad09d3-cc5e-4128-8d02-9cbb87228480, IsOpen = True, DifficultyLevel = 183, ConnectedLifts =  })" storage="c:\users\alena\desktop\7_sem\testing_and_debugging\skiresort\accesstodb.tests\bin\debug\net6.0\accesstodb.tests.dll" id="1a5108e0-33c4-ef22-c0f4-98c81a8d7165">
      <Execution id="b5c95613-76f0-47d0-9295-c75bc9934186" />
      <TestMethod codeBase="C:\Users\alena\Desktop\7_sem\testing_and_debugging\SkiResort\AccessToDB.Tests\bin\Debug\net6.0\AccessToDB.Tests.dll" adapterTypeName="executor://xunit/VsTestRunner2/netcoreapp" className="AccessToDB.Tests.SlopesRepositoryTests" name="TestGetSlopeByIdAsyncOk" />
    </UnitTest>
    <UnitTest name="AccessToDB.Tests.TurnstilesRepositoryTests.TestDeleteTurnstileByIDAsyncFailsWhenIDNotExists(turnstileID: 32)" storage="c:\users\alena\desktop\7_sem\testing_and_debugging\skiresort\accesstodb.tests\bin\debug\net6.0\accesstodb.tests.dll" id="831bd02b-0479-5863-a04e-93c25c20025b">
      <Execution id="b50f7bbd-56a0-4545-a613-2af3847f49e8" />
      <TestMethod codeBase="C:\Users\alena\Desktop\7_sem\testing_and_debugging\SkiResort\AccessToDB.Tests\bin\Debug\net6.0\AccessToDB.Tests.dll" adapterTypeName="executor://xunit/VsTestRunner2/netcoreapp" className="AccessToDB.Tests.TurnstilesRepositoryTests" name="TestDeleteTurnstileByIDAsyncFailsWhenIDNotExists" />
    </UnitTest>
    <UnitTest name="AccessToDB.Tests.SlopesRepositoryTests.TestDeleteSlopeByIDAsyncFailsWhenIDNotExists(slopeID: 183)" storage="c:\users\alena\desktop\7_sem\testing_and_debugging\skiresort\accesstodb.tests\bin\debug\net6.0\accesstodb.tests.dll" id="74529d85-5c71-acd2-c654-df8cc6e24760">
      <Execution id="0ac1a057-5912-4546-89da-1deb2f7bf6d6" />
      <TestMethod codeBase="C:\Users\alena\Desktop\7_sem\testing_and_debugging\SkiResort\AccessToDB.Tests\bin\Debug\net6.0\AccessToDB.Tests.dll" adapterTypeName="executor://xunit/VsTestRunner2/netcoreapp" className="AccessToDB.Tests.SlopesRepositoryTests" name="TestDeleteSlopeByIDAsyncFailsWhenIDNotExists" />
    </UnitTest>
    <UnitTest name="AccessToDB.Tests.SlopesRepositoryTests.TestGetSlopeByNameAsyncFailsWhenNameNotExists(slopeName: &quot;slopeName0bc914ba-9dc7-4261-b729-45591d92c192&quot;)" storage="c:\users\alena\desktop\7_sem\testing_and_debugging\skiresort\accesstodb.tests\bin\debug\net6.0\accesstodb.tests.dll" id="be07c45a-1736-f8b9-6561-d0bbc1dddbd0">
      <Execution id="78e54aaa-c9b5-4d26-9f00-1c276196aec5" />
      <TestMethod codeBase="C:\Users\alena\Desktop\7_sem\testing_and_debugging\SkiResort\AccessToDB.Tests\bin\Debug\net6.0\AccessToDB.Tests.dll" adapterTypeName="executor://xunit/VsTestRunner2/netcoreapp" className="AccessToDB.Tests.SlopesRepositoryTests" name="TestGetSlopeByNameAsyncFailsWhenNameNotExists" />
    </UnitTest>
    <UnitTest name="AccessToDB.Tests.SlopesRepositoryTests.TestGetSlopesAsyncEmpty" storage="c:\users\alena\desktop\7_sem\testing_and_debugging\skiresort\accesstodb.tests\bin\debug\net6.0\accesstodb.tests.dll" id="9bbefb83-8311-6e03-307f-415e3495e223">
      <Execution id="79425cfd-1e35-4cdc-b440-49be141a589e" />
      <TestMethod codeBase="C:\Users\alena\Desktop\7_sem\testing_and_debugging\SkiResort\AccessToDB.Tests\bin\Debug\net6.0\AccessToDB.Tests.dll" adapterTypeName="executor://xunit/VsTestRunner2/netcoreapp" className="AccessToDB.Tests.SlopesRepositoryTests" name="TestGetSlopesAsyncEmpty" />
    </UnitTest>
    <UnitTest name="AccessToDB.Tests.LiftsSlopesRepositoryTests.TestGetLiftSlopeByIdAsyncOk(liftSlope: LiftSlope { RecordID = 183, LiftID = 159, SlopeID = 94 })" storage="c:\users\alena\desktop\7_sem\testing_and_debugging\skiresort\accesstodb.tests\bin\debug\net6.0\accesstodb.tests.dll" id="2b232de3-e8d3-7108-d083-0b04b7d9334c">
      <Execution id="c2d93742-4559-4369-8ed8-ddf087b4e6a4" />
      <TestMethod codeBase="C:\Users\alena\Desktop\7_sem\testing_and_debugging\SkiResort\AccessToDB.Tests\bin\Debug\net6.0\AccessToDB.Tests.dll" adapterTypeName="executor://xunit/VsTestRunner2/netcoreapp" className="AccessToDB.Tests.LiftsSlopesRepositoryTests" name="TestGetLiftSlopeByIdAsyncOk" />
    </UnitTest>
    <UnitTest name="AccessToDB.Tests.LiftsRepositoryTests.TestAddLiftAutoIncrementAsyncOk" storage="c:\users\alena\desktop\7_sem\testing_and_debugging\skiresort\accesstodb.tests\bin\debug\net6.0\accesstodb.tests.dll" id="ec229f70-485a-f91b-53ed-bce655f6cd58">
      <Execution id="caf8d76f-e58e-4751-a0b4-58351b5f975e" />
      <TestMethod codeBase="C:\Users\alena\Desktop\7_sem\testing_and_debugging\SkiResort\AccessToDB.Tests\bin\Debug\net6.0\AccessToDB.Tests.dll" adapterTypeName="executor://xunit/VsTestRunner2/netcoreapp" className="AccessToDB.Tests.LiftsRepositoryTests" name="TestAddLiftAutoIncrementAsyncOk" />
    </UnitTest>
    <UnitTest name="AccessToDB.Tests.TurnstilesRepositoryTests.TestGetTurnstilesAsyncEmpty" storage="c:\users\alena\desktop\7_sem\testing_and_debugging\skiresort\accesstodb.tests\bin\debug\net6.0\accesstodb.tests.dll" id="3c521313-4ed6-6bce-b4f9-c359411028e7">
      <Execution id="826cb9d4-11d3-403d-a412-54c03b8c1e37" />
      <TestMethod codeBase="C:\Users\alena\Desktop\7_sem\testing_and_debugging\SkiResort\AccessToDB.Tests\bin\Debug\net6.0\AccessToDB.Tests.dll" adapterTypeName="executor://xunit/VsTestRunner2/netcoreapp" className="AccessToDB.Tests.TurnstilesRepositoryTests" name="TestGetTurnstilesAsyncEmpty" />
    </UnitTest>
    <UnitTest name="AccessToDB.Tests.TurnstilesRepositoryTests.TestAddTurnstileAsyncFailsWhenTurnstileIdRepeats(turnstile: Turnstile { TurnstileID = 190, LiftID = 60, IsOpen = True })" storage="c:\users\alena\desktop\7_sem\testing_and_debugging\skiresort\accesstodb.tests\bin\debug\net6.0\accesstodb.tests.dll" id="04802c9d-67d8-1318-f6aa-5bb6b6aec9ad">
      <Execution id="e1b9f85c-3037-42a1-98c7-166db3683075" />
      <TestMethod codeBase="C:\Users\alena\Desktop\7_sem\testing_and_debugging\SkiResort\AccessToDB.Tests\bin\Debug\net6.0\AccessToDB.Tests.dll" adapterTypeName="executor://xunit/VsTestRunner2/netcoreapp" className="AccessToDB.Tests.TurnstilesRepositoryTests" name="TestAddTurnstileAsyncFailsWhenTurnstileIdRepeats" />
    </UnitTest>
    <UnitTest name="AccessToDB.Tests.LiftsRepositoryTests.TestUpdateLiftByIDAsyncOk(lift: Lift { LiftID = 114, LiftName = liftNamee7af5e5a-ad8c-45a4-b0a6-617919246163, IsOpen = True, SeatsAmount = 198, LiftingTime = 99, QueueTime = 184, ConnectedSlopes =  })" storage="c:\users\alena\desktop\7_sem\testing_and_debugging\skiresort\accesstodb.tests\bin\debug\net6.0\accesstodb.tests.dll" id="45a1a0cd-2038-b8a4-f34f-6237223737e8">
      <Execution id="0b64caf1-09d1-455a-8486-a49baf45853e" />
      <TestMethod codeBase="C:\Users\alena\Desktop\7_sem\testing_and_debugging\SkiResort\AccessToDB.Tests\bin\Debug\net6.0\AccessToDB.Tests.dll" adapterTypeName="executor://xunit/VsTestRunner2/netcoreapp" className="AccessToDB.Tests.LiftsRepositoryTests" name="TestUpdateLiftByIDAsyncOk" />
    </UnitTest>
    <UnitTest name="AccessToDB.Tests.LiftsSlopesRepositoryTests.TestAddLiftSlopeAutoIncrementAsyncOk" storage="c:\users\alena\desktop\7_sem\testing_and_debugging\skiresort\accesstodb.tests\bin\debug\net6.0\accesstodb.tests.dll" id="30f8e924-9784-0a43-e807-094f70e06567">
      <Execution id="ed22d6c9-ae0c-44df-a59d-666e1aa161de" />
      <TestMethod codeBase="C:\Users\alena\Desktop\7_sem\testing_and_debugging\SkiResort\AccessToDB.Tests\bin\Debug\net6.0\AccessToDB.Tests.dll" adapterTypeName="executor://xunit/VsTestRunner2/netcoreapp" className="AccessToDB.Tests.LiftsSlopesRepositoryTests" name="TestAddLiftSlopeAutoIncrementAsyncOk" />
    </UnitTest>
    <UnitTest name="AccessToDB.Tests.LiftsSlopesRepositoryTests.TestGetSlopesByLiftIdAsyncFailsWhenSlopeNotExists(liftSlope: LiftSlope { RecordID = 252, LiftID = 108, SlopeID = 174 })" storage="c:\users\alena\desktop\7_sem\testing_and_debugging\skiresort\accesstodb.tests\bin\debug\net6.0\accesstodb.tests.dll" id="e529246f-ae2f-b6ca-c28e-8f0ffce8d6b6">
      <Execution id="43434a7c-bbca-410a-afc9-6b789c1b4cfd" />
      <TestMethod codeBase="C:\Users\alena\Desktop\7_sem\testing_and_debugging\SkiResort\AccessToDB.Tests\bin\Debug\net6.0\AccessToDB.Tests.dll" adapterTypeName="executor://xunit/VsTestRunner2/netcoreapp" className="AccessToDB.Tests.LiftsSlopesRepositoryTests" name="TestGetSlopesByLiftIdAsyncFailsWhenSlopeNotExists" />
    </UnitTest>
    <UnitTest name="AccessToDB.Tests.LiftsRepositoryTests.TestAddLiftAsyncFailsWhenLiftIdRepeats(lift: Lift { LiftID = 96, LiftName = liftName97cd105f-9af9-4a17-bdcf-caf1af797f1b, IsOpen = True, SeatsAmount = 236, LiftingTime = 248, QueueTime = 39, ConnectedSlopes =  })" storage="c:\users\alena\desktop\7_sem\testing_and_debugging\skiresort\accesstodb.tests\bin\debug\net6.0\accesstodb.tests.dll" id="51700120-3033-63a2-29ae-3d3f2c9abe61">
      <Execution id="44001928-ab32-40e8-b419-fcd525f39af1" />
      <TestMethod codeBase="C:\Users\alena\Desktop\7_sem\testing_and_debugging\SkiResort\AccessToDB.Tests\bin\Debug\net6.0\AccessToDB.Tests.dll" adapterTypeName="executor://xunit/VsTestRunner2/netcoreapp" className="AccessToDB.Tests.LiftsRepositoryTests" name="TestAddLiftAsyncFailsWhenLiftIdRepeats" />
    </UnitTest>
    <UnitTest name="AccessToDB.Tests.LiftsSlopesRepositoryTests.TestUpdateLiftSlopeByIDAsyncOk(liftSlope: LiftSlope { RecordID = 191, LiftID = 24, SlopeID = 210 })" storage="c:\users\alena\desktop\7_sem\testing_and_debugging\skiresort\accesstodb.tests\bin\debug\net6.0\accesstodb.tests.dll" id="73892f15-99ed-4477-548d-cf8ac20188aa">
      <Execution id="c9d01630-414e-45eb-b63e-81ff87fc7fb9" />
      <TestMethod codeBase="C:\Users\alena\Desktop\7_sem\testing_and_debugging\SkiResort\AccessToDB.Tests\bin\Debug\net6.0\AccessToDB.Tests.dll" adapterTypeName="executor://xunit/VsTestRunner2/netcoreapp" className="AccessToDB.Tests.LiftsSlopesRepositoryTests" name="TestUpdateLiftSlopeByIDAsyncOk" />
    </UnitTest>
    <UnitTest name="AccessToDB.Tests.UsersRepositoryTests.TestAddUserAutoIncrementAsyncOk" storage="c:\users\alena\desktop\7_sem\testing_and_debugging\skiresort\accesstodb.tests\bin\debug\net6.0\accesstodb.tests.dll" id="e75bb6e2-88d9-af2a-a444-c4a9d67f0f0e">
      <Execution id="d320dec2-3186-4650-95eb-06ba2027637c" />
      <TestMethod codeBase="C:\Users\alena\Desktop\7_sem\testing_and_debugging\SkiResort\AccessToDB.Tests\bin\Debug\net6.0\AccessToDB.Tests.dll" adapterTypeName="executor://xunit/VsTestRunner2/netcoreapp" className="AccessToDB.Tests.UsersRepositoryTests" name="TestAddUserAutoIncrementAsyncOk" />
    </UnitTest>
    <UnitTest name="AccessToDB.Tests.SlopesRepositoryTests.TestAddSlopeAsyncFailsWhenSlopeIdRepeats(slope: Slope { SlopeID = 171, SlopeName = slopeName0570f528-6cb9-4fe3-a138-2c06d4c89d96, IsOpen = True, DifficultyLevel = 46, ConnectedLifts =  })" storage="c:\users\alena\desktop\7_sem\testing_and_debugging\skiresort\accesstodb.tests\bin\debug\net6.0\accesstodb.tests.dll" id="6791c3a1-d6ee-2756-ed28-b164858da34c">
      <Execution id="ef5ab07c-4ab3-4bec-bb37-ca5cd0d9f614" />
      <TestMethod codeBase="C:\Users\alena\Desktop\7_sem\testing_and_debugging\SkiResort\AccessToDB.Tests\bin\Debug\net6.0\AccessToDB.Tests.dll" adapterTypeName="executor://xunit/VsTestRunner2/netcoreapp" className="AccessToDB.Tests.SlopesRepositoryTests" name="TestAddSlopeAsyncFailsWhenSlopeIdRepeats" />
    </UnitTest>
    <UnitTest name="AccessToDB.Tests.TurnstilesRepositoryTests.TestGetTurnstileByIdAsyncOk(turnstile: Turnstile { TurnstileID = 61, LiftID = 216, IsOpen = True })" storage="c:\users\alena\desktop\7_sem\testing_and_debugging\skiresort\accesstodb.tests\bin\debug\net6.0\accesstodb.tests.dll" id="23cd998a-a013-0226-140e-9c207c109a41">
      <Execution id="65126d0b-b161-479a-a0e7-30cc8f1f3641" />
      <TestMethod codeBase="C:\Users\alena\Desktop\7_sem\testing_and_debugging\SkiResort\AccessToDB.Tests\bin\Debug\net6.0\AccessToDB.Tests.dll" adapterTypeName="executor://xunit/VsTestRunner2/netcoreapp" className="AccessToDB.Tests.TurnstilesRepositoryTests" name="TestGetTurnstileByIdAsyncOk" />
    </UnitTest>
    <UnitTest name="AccessToDB.Tests.SlopesRepositoryTests.TestAddSlopeAutoIncrementAsyncOk" storage="c:\users\alena\desktop\7_sem\testing_and_debugging\skiresort\accesstodb.tests\bin\debug\net6.0\accesstodb.tests.dll" id="8f7ba917-f771-0dc5-f9b9-465c34344b12">
      <Execution id="a909b7b4-2ae0-404c-a70f-b449eb02dc21" />
      <TestMethod codeBase="C:\Users\alena\Desktop\7_sem\testing_and_debugging\SkiResort\AccessToDB.Tests\bin\Debug\net6.0\AccessToDB.Tests.dll" adapterTypeName="executor://xunit/VsTestRunner2/netcoreapp" className="AccessToDB.Tests.SlopesRepositoryTests" name="TestAddSlopeAutoIncrementAsyncOk" />
    </UnitTest>
    <UnitTest name="AccessToDB.Tests.UsersRepositoryTests.TestCheckUserIdExistsAsyncTrue(user: User { UserID = 196, CardID = 210, UserEmail = UserEmaila5cc0157-ea63-4b0c-a740-78e5f42eb34a, Password = passwordd43dc553-ba9c-4be0-a4c1-379ebdc9f4b7, Permissions = UNAUTHORIZED })" storage="c:\users\alena\desktop\7_sem\testing_and_debugging\skiresort\accesstodb.tests\bin\debug\net6.0\accesstodb.tests.dll" id="647081c3-599f-2876-a32c-480bccdc008f">
      <Execution id="746dcbc4-3d20-416d-b179-2816338ae29e" />
      <TestMethod codeBase="C:\Users\alena\Desktop\7_sem\testing_and_debugging\SkiResort\AccessToDB.Tests\bin\Debug\net6.0\AccessToDB.Tests.dll" adapterTypeName="executor://xunit/VsTestRunner2/netcoreapp" className="AccessToDB.Tests.UsersRepositoryTests" name="TestCheckUserIdExistsAsyncTrue" />
    </UnitTest>
    <UnitTest name="AccessToDB.Tests.LiftsSlopesRepositoryTests.TestAddLiftSlopeAsyncFailsWhenLiftSlopeIdRepeats(liftSlope: LiftSlope { RecordID = 136, LiftID = 155, SlopeID = 101 })" storage="c:\users\alena\desktop\7_sem\testing_and_debugging\skiresort\accesstodb.tests\bin\debug\net6.0\accesstodb.tests.dll" id="5a0ca8da-6746-dd0e-ac3e-7c7b855a2789">
      <Execution id="275a572f-81b1-4daa-aa24-fe88b7891f5a" />
      <TestMethod codeBase="C:\Users\alena\Desktop\7_sem\testing_and_debugging\SkiResort\AccessToDB.Tests\bin\Debug\net6.0\AccessToDB.Tests.dll" adapterTypeName="executor://xunit/VsTestRunner2/netcoreapp" className="AccessToDB.Tests.LiftsSlopesRepositoryTests" name="TestAddLiftSlopeAsyncFailsWhenLiftSlopeIdRepeats" />
    </UnitTest>
    <UnitTest name="AccessToDB.Tests.UsersRepositoryTests.TestCheckUserEmailExistsAsyncFalse(userEmail: &quot;userEmail8411f7f7-42c4-459c-8c6f-d0ae6481ee20&quot;)" storage="c:\users\alena\desktop\7_sem\testing_and_debugging\skiresort\accesstodb.tests\bin\debug\net6.0\accesstodb.tests.dll" id="0d1d73a7-9939-65b3-056e-494ba691bd92">
      <Execution id="c92a90c8-08ee-4112-a940-9b75315afbb7" />
      <TestMethod codeBase="C:\Users\alena\Desktop\7_sem\testing_and_debugging\SkiResort\AccessToDB.Tests\bin\Debug\net6.0\AccessToDB.Tests.dll" adapterTypeName="executor://xunit/VsTestRunner2/netcoreapp" className="AccessToDB.Tests.UsersRepositoryTests" name="TestCheckUserEmailExistsAsyncFalse" />
    </UnitTest>
    <UnitTest name="AccessToDB.Tests.LiftsSlopesRepositoryTests.TestDeleteLiftSlopesByIDsAsyncOk(liftSlope: LiftSlope { RecordID = 207, LiftID = 68, SlopeID = 138 })" storage="c:\users\alena\desktop\7_sem\testing_and_debugging\skiresort\accesstodb.tests\bin\debug\net6.0\accesstodb.tests.dll" id="e700ef65-6e06-7986-3b0d-bd76f9f3b9d4">
      <Execution id="58f97b07-d32d-42dc-aa5e-7465a03de249" />
      <TestMethod codeBase="C:\Users\alena\Desktop\7_sem\testing_and_debugging\SkiResort\AccessToDB.Tests\bin\Debug\net6.0\AccessToDB.Tests.dll" adapterTypeName="executor://xunit/VsTestRunner2/netcoreapp" className="AccessToDB.Tests.LiftsSlopesRepositoryTests" name="TestDeleteLiftSlopesByIDsAsyncOk" />
    </UnitTest>
    <UnitTest name="AccessToDB.Tests.UsersRepositoryTests.TestDeleteUserByIDAsyncFailsWhenIDNotExists(userID: 73)" storage="c:\users\alena\desktop\7_sem\testing_and_debugging\skiresort\accesstodb.tests\bin\debug\net6.0\accesstodb.tests.dll" id="d377ceca-689f-6a98-32ce-99377ea3f4f3">
      <Execution id="2a56b9a5-4741-41ff-9e69-284ad5625f52" />
      <TestMethod codeBase="C:\Users\alena\Desktop\7_sem\testing_and_debugging\SkiResort\AccessToDB.Tests\bin\Debug\net6.0\AccessToDB.Tests.dll" adapterTypeName="executor://xunit/VsTestRunner2/netcoreapp" className="AccessToDB.Tests.UsersRepositoryTests" name="TestDeleteUserByIDAsyncFailsWhenIDNotExists" />
    </UnitTest>
    <UnitTest name="AccessToDB.Tests.LiftsRepositoryTests.TestGetLiftByIdAsyncOk(lift: Lift { LiftID = 129, LiftName = liftName41bc33e5-3c50-4b41-8132-bdd7fad3a13b, IsOpen = True, SeatsAmount = 8, LiftingTime = 130, QueueTime = 60, ConnectedSlopes =  })" storage="c:\users\alena\desktop\7_sem\testing_and_debugging\skiresort\accesstodb.tests\bin\debug\net6.0\accesstodb.tests.dll" id="a54fa98b-4032-d38a-fb94-f9056583167e">
      <Execution id="b1628724-54ed-4d92-9d76-b08e4214b90a" />
      <TestMethod codeBase="C:\Users\alena\Desktop\7_sem\testing_and_debugging\SkiResort\AccessToDB.Tests\bin\Debug\net6.0\AccessToDB.Tests.dll" adapterTypeName="executor://xunit/VsTestRunner2/netcoreapp" className="AccessToDB.Tests.LiftsRepositoryTests" name="TestGetLiftByIdAsyncOk" />
    </UnitTest>
    <UnitTest name="AccessToDB.Tests.LiftsRepositoryTests.TestGetLiftsAsyncEmpty" storage="c:\users\alena\desktop\7_sem\testing_and_debugging\skiresort\accesstodb.tests\bin\debug\net6.0\accesstodb.tests.dll" id="607e8298-f113-be33-300e-15a343893443">
      <Execution id="c700be60-3ab2-4c58-998f-9c349d4b4707" />
      <TestMethod codeBase="C:\Users\alena\Desktop\7_sem\testing_and_debugging\SkiResort\AccessToDB.Tests\bin\Debug\net6.0\AccessToDB.Tests.dll" adapterTypeName="executor://xunit/VsTestRunner2/netcoreapp" className="AccessToDB.Tests.LiftsRepositoryTests" name="TestGetLiftsAsyncEmpty" />
    </UnitTest>
    <UnitTest name="AccessToDB.Tests.UsersRepositoryTests.TestAddUserAsyncFailsWhenUserIdRepeats(user: User { UserID = 244, CardID = 63, UserEmail = UserEmail4f2c6514-2944-4180-a21d-7ad1abc25e94, Password = passwordded2512c-c47d-4b9c-811e-8ed722327dff, Permissions = UNAUTHORIZED })" storage="c:\users\alena\desktop\7_sem\testing_and_debugging\skiresort\accesstodb.tests\bin\debug\net6.0\accesstodb.tests.dll" id="76cc8c49-a2a4-2b85-cfd7-506f6d7e386f">
      <Execution id="bcd4f9a8-fcdf-4d8d-a4f7-0247822c581f" />
      <TestMethod codeBase="C:\Users\alena\Desktop\7_sem\testing_and_debugging\SkiResort\AccessToDB.Tests\bin\Debug\net6.0\AccessToDB.Tests.dll" adapterTypeName="executor://xunit/VsTestRunner2/netcoreapp" className="AccessToDB.Tests.UsersRepositoryTests" name="TestAddUserAsyncFailsWhenUserIdRepeats" />
    </UnitTest>
    <UnitTest name="AccessToDB.Tests.LiftsSlopesRepositoryTests.TestGetLiftsBySlopeIdAsyncOk(slope1: Slope { SlopeID = 108, SlopeName = slopeName88d6367a-5212-4652-93cb-5468df578139, IsOpen = True, DifficultyLevel = 141, ConnectedLifts =  }, slope2: Slope { SlopeID = 182, SlopeName = slopeName09535260-d09a-43c8-95ce-20260facab37, IsOpen = False, DifficultyLevel = 34, ConnectedLifts =  }, lift1: Lift { LiftID = 237, LiftName = liftNamede61c2b5-2fcd-449f-a81d-5a..." storage="c:\users\alena\desktop\7_sem\testing_and_debugging\skiresort\accesstodb.tests\bin\debug\net6.0\accesstodb.tests.dll" id="bf501c0c-d8d1-5b66-18de-fe75ba2f9702">
      <Execution id="e8adbc0b-4d79-447c-b73b-f18b7bffef41" />
      <TestMethod codeBase="C:\Users\alena\Desktop\7_sem\testing_and_debugging\SkiResort\AccessToDB.Tests\bin\Debug\net6.0\AccessToDB.Tests.dll" adapterTypeName="executor://xunit/VsTestRunner2/netcoreapp" className="AccessToDB.Tests.LiftsSlopesRepositoryTests" name="TestGetLiftsBySlopeIdAsyncOk" />
    </UnitTest>
    <UnitTest name="AccessToDB.Tests.LiftsSlopesRepositoryTests.TestDeleteLiftSlopeByIDAsyncFailsWhenIDNotExists(liftSlopeID: 15)" storage="c:\users\alena\desktop\7_sem\testing_and_debugging\skiresort\accesstodb.tests\bin\debug\net6.0\accesstodb.tests.dll" id="9dcfe3c9-3de0-31de-7e59-1d54033f1b78">
      <Execution id="b7b7c471-36e9-43a3-9a52-0eafe69eed29" />
      <TestMethod codeBase="C:\Users\alena\Desktop\7_sem\testing_and_debugging\SkiResort\AccessToDB.Tests\bin\Debug\net6.0\AccessToDB.Tests.dll" adapterTypeName="executor://xunit/VsTestRunner2/netcoreapp" className="AccessToDB.Tests.LiftsSlopesRepositoryTests" name="TestDeleteLiftSlopeByIDAsyncFailsWhenIDNotExists" />
    </UnitTest>
    <UnitTest name="AccessToDB.Tests.LiftsRepositoryTests.TestGetLiftByNameAsyncFailsWhenNameNotExists(liftName: &quot;liftName99b48f78-8910-4bff-877c-c6dc86c60557&quot;)" storage="c:\users\alena\desktop\7_sem\testing_and_debugging\skiresort\accesstodb.tests\bin\debug\net6.0\accesstodb.tests.dll" id="327afc2e-dc43-5ea7-a89d-201aed1156a5">
      <Execution id="f7a71dc2-96ad-4016-8245-8b8d0eacb79b" />
      <TestMethod codeBase="C:\Users\alena\Desktop\7_sem\testing_and_debugging\SkiResort\AccessToDB.Tests\bin\Debug\net6.0\AccessToDB.Tests.dll" adapterTypeName="executor://xunit/VsTestRunner2/netcoreapp" className="AccessToDB.Tests.LiftsRepositoryTests" name="TestGetLiftByNameAsyncFailsWhenNameNotExists" />
    </UnitTest>
  </TestDefinitions>
  <TestEntries>
    <TestEntry testId="51700120-3033-63a2-29ae-3d3f2c9abe61" executionId="44001928-ab32-40e8-b419-fcd525f39af1" testListId="8c84fa94-04c1-424b-9868-57a2d4851a1d" />
    <TestEntry testId="1188cc4f-e265-edf0-7ff8-c681970138be" executionId="f53b477a-8d28-4fb5-b236-bb76090c7f6c" testListId="8c84fa94-04c1-424b-9868-57a2d4851a1d" />
    <TestEntry testId="831bd02b-0479-5863-a04e-93c25c20025b" executionId="b50f7bbd-56a0-4545-a613-2af3847f49e8" testListId="8c84fa94-04c1-424b-9868-57a2d4851a1d" />
    <TestEntry testId="04802c9d-67d8-1318-f6aa-5bb6b6aec9ad" executionId="e1b9f85c-3037-42a1-98c7-166db3683075" testListId="8c84fa94-04c1-424b-9868-57a2d4851a1d" />
    <TestEntry testId="e700ef65-6e06-7986-3b0d-bd76f9f3b9d4" executionId="58f97b07-d32d-42dc-aa5e-7465a03de249" testListId="8c84fa94-04c1-424b-9868-57a2d4851a1d" />
    <TestEntry testId="607e8298-f113-be33-300e-15a343893443" executionId="c700be60-3ab2-4c58-998f-9c349d4b4707" testListId="8c84fa94-04c1-424b-9868-57a2d4851a1d" />
    <TestEntry testId="647081c3-599f-2876-a32c-480bccdc008f" executionId="746dcbc4-3d20-416d-b179-2816338ae29e" testListId="8c84fa94-04c1-424b-9868-57a2d4851a1d" />
    <TestEntry testId="8f7ba917-f771-0dc5-f9b9-465c34344b12" executionId="a909b7b4-2ae0-404c-a70f-b449eb02dc21" testListId="8c84fa94-04c1-424b-9868-57a2d4851a1d" />
    <TestEntry testId="3d471290-83c4-fda4-7b4b-49169f8cf724" executionId="ec126bb7-4578-40b8-bb14-b706996a4860" testListId="8c84fa94-04c1-424b-9868-57a2d4851a1d" />
    <TestEntry testId="5a0ca8da-6746-dd0e-ac3e-7c7b855a2789" executionId="275a572f-81b1-4daa-aa24-fe88b7891f5a" testListId="8c84fa94-04c1-424b-9868-57a2d4851a1d" />
    <TestEntry testId="0d1d73a7-9939-65b3-056e-494ba691bd92" executionId="c92a90c8-08ee-4112-a940-9b75315afbb7" testListId="8c84fa94-04c1-424b-9868-57a2d4851a1d" />
    <TestEntry testId="76cc8c49-a2a4-2b85-cfd7-506f6d7e386f" executionId="bcd4f9a8-fcdf-4d8d-a4f7-0247822c581f" testListId="8c84fa94-04c1-424b-9868-57a2d4851a1d" />
    <TestEntry testId="b9ab03a0-691d-2445-a785-ab616980a4bf" executionId="33216956-49bd-475a-a64f-0b2197ccfb6e" testListId="8c84fa94-04c1-424b-9868-57a2d4851a1d" />
    <TestEntry testId="4145f44e-b4b1-a618-09e8-c631496e6f1a" executionId="5688d1ce-70e3-40c9-9762-5e3d3a2fb922" testListId="8c84fa94-04c1-424b-9868-57a2d4851a1d" />
    <TestEntry testId="3741b26d-6ee0-6246-29e4-92009bff37b0" executionId="e9289cff-9ddc-45bc-b68c-b2f4e718d2e2" testListId="8c84fa94-04c1-424b-9868-57a2d4851a1d" />
    <TestEntry testId="ec229f70-485a-f91b-53ed-bce655f6cd58" executionId="caf8d76f-e58e-4751-a0b4-58351b5f975e" testListId="8c84fa94-04c1-424b-9868-57a2d4851a1d" />
    <TestEntry testId="a54fa98b-4032-d38a-fb94-f9056583167e" executionId="b1628724-54ed-4d92-9d76-b08e4214b90a" testListId="8c84fa94-04c1-424b-9868-57a2d4851a1d" />
    <TestEntry testId="b353a9cb-8431-167e-a7ed-5d33ac0a09d5" executionId="22c07038-31cd-4be7-bb90-f075de7b93a9" testListId="8c84fa94-04c1-424b-9868-57a2d4851a1d" />
    <TestEntry testId="bed42ea4-9df0-89d2-b602-313aa57417f0" executionId="68c76d0b-ee8e-41e6-8315-61fbb5ed3403" testListId="8c84fa94-04c1-424b-9868-57a2d4851a1d" />
    <TestEntry testId="e75bb6e2-88d9-af2a-a444-c4a9d67f0f0e" executionId="d320dec2-3186-4650-95eb-06ba2027637c" testListId="8c84fa94-04c1-424b-9868-57a2d4851a1d" />
    <TestEntry testId="6791c3a1-d6ee-2756-ed28-b164858da34c" executionId="ef5ab07c-4ab3-4bec-bb37-ca5cd0d9f614" testListId="8c84fa94-04c1-424b-9868-57a2d4851a1d" />
    <TestEntry testId="327afc2e-dc43-5ea7-a89d-201aed1156a5" executionId="f7a71dc2-96ad-4016-8245-8b8d0eacb79b" testListId="8c84fa94-04c1-424b-9868-57a2d4851a1d" />
    <TestEntry testId="45a1a0cd-2038-b8a4-f34f-6237223737e8" executionId="0b64caf1-09d1-455a-8486-a49baf45853e" testListId="8c84fa94-04c1-424b-9868-57a2d4851a1d" />
    <TestEntry testId="74529d85-5c71-acd2-c654-df8cc6e24760" executionId="0ac1a057-5912-4546-89da-1deb2f7bf6d6" testListId="8c84fa94-04c1-424b-9868-57a2d4851a1d" />
    <TestEntry testId="1a5108e0-33c4-ef22-c0f4-98c81a8d7165" executionId="b5c95613-76f0-47d0-9295-c75bc9934186" testListId="8c84fa94-04c1-424b-9868-57a2d4851a1d" />
    <TestEntry testId="d377ceca-689f-6a98-32ce-99377ea3f4f3" executionId="2a56b9a5-4741-41ff-9e69-284ad5625f52" testListId="8c84fa94-04c1-424b-9868-57a2d4851a1d" />
    <TestEntry testId="2b232de3-e8d3-7108-d083-0b04b7d9334c" executionId="c2d93742-4559-4369-8ed8-ddf087b4e6a4" testListId="8c84fa94-04c1-424b-9868-57a2d4851a1d" />
    <TestEntry testId="00eec10d-6319-4d7c-1be7-063f99bef653" executionId="3f68f39a-971c-4724-ad3f-890a29f725d4" testListId="8c84fa94-04c1-424b-9868-57a2d4851a1d" />
    <TestEntry testId="e529246f-ae2f-b6ca-c28e-8f0ffce8d6b6" executionId="43434a7c-bbca-410a-afc9-6b789c1b4cfd" testListId="8c84fa94-04c1-424b-9868-57a2d4851a1d" />
    <TestEntry testId="3c521313-4ed6-6bce-b4f9-c359411028e7" executionId="826cb9d4-11d3-403d-a412-54c03b8c1e37" testListId="8c84fa94-04c1-424b-9868-57a2d4851a1d" />
    <TestEntry testId="be07c45a-1736-f8b9-6561-d0bbc1dddbd0" executionId="78e54aaa-c9b5-4d26-9f00-1c276196aec5" testListId="8c84fa94-04c1-424b-9868-57a2d4851a1d" />
    <TestEntry testId="9dcfe3c9-3de0-31de-7e59-1d54033f1b78" executionId="b7b7c471-36e9-43a3-9a52-0eafe69eed29" testListId="8c84fa94-04c1-424b-9868-57a2d4851a1d" />
    <TestEntry testId="9bbefb83-8311-6e03-307f-415e3495e223" executionId="79425cfd-1e35-4cdc-b440-49be141a589e" testListId="8c84fa94-04c1-424b-9868-57a2d4851a1d" />
    <TestEntry testId="73892f15-99ed-4477-548d-cf8ac20188aa" executionId="c9d01630-414e-45eb-b63e-81ff87fc7fb9" testListId="8c84fa94-04c1-424b-9868-57a2d4851a1d" />
    <TestEntry testId="bf501c0c-d8d1-5b66-18de-fe75ba2f9702" executionId="e8adbc0b-4d79-447c-b73b-f18b7bffef41" testListId="8c84fa94-04c1-424b-9868-57a2d4851a1d" />
    <TestEntry testId="f9435956-2e34-e52b-c34e-dce53665cf8e" executionId="e94dda76-0915-4296-83a4-cddc8499fcdb" testListId="8c84fa94-04c1-424b-9868-57a2d4851a1d" />
    <TestEntry testId="aa7169b3-8385-1f36-2290-98dd4820fa87" executionId="5adfe693-b82d-46f2-a0fa-faa4955dfb6f" testListId="8c84fa94-04c1-424b-9868-57a2d4851a1d" />
    <TestEntry testId="23cd998a-a013-0226-140e-9c207c109a41" executionId="65126d0b-b161-479a-a0e7-30cc8f1f3641" testListId="8c84fa94-04c1-424b-9868-57a2d4851a1d" />
    <TestEntry testId="30f8e924-9784-0a43-e807-094f70e06567" executionId="ed22d6c9-ae0c-44df-a59d-666e1aa161de" testListId="8c84fa94-04c1-424b-9868-57a2d4851a1d" />
  </TestEntries>
  <TestLists>
    <TestList name="Список результатов" id="8c84fa94-04c1-424b-9868-57a2d4851a1d" />
    <TestList name="Все загруженные результаты" id="19431567-8539-422a-85d7-44ee4e166bda" />
  </TestLists>
  <ResultSummary outcome="Failed">
    <Counters total="39" executed="39" passed="38" failed="1" error="0" timeout="0" aborted="0" inconclusive="0" passedButRunAborted="0" notRunnable="0" notExecuted="0" disconnected="0" warning="0" completed="0" inProgress="0" pending="0" />
    <Output>
      <StdOut>[xUnit.net 00:00:00.00] xUnit.net VSTest Adapter v2.4.5+1caef2f33e (64-bit .NET 6.0.3)&#xD;
[xUnit.net 00:00:00.55]   Discovering: AccessToDB.Tests&#xD;
[xUnit.net 00:00:00.66]   Discovered:  AccessToDB.Tests&#xD;
[xUnit.net 00:00:00.66]   Starting:    AccessToDB.Tests&#xD;
[xUnit.net 00:00:12.15]       System.InvalidOperationException : Operations that change non-concurrent collections must have exclusive access. A concurrent update was performed on this collection and corrupted its state. The collection's state is no longer correct.&#xD;
[xUnit.net 00:00:12.15]       Stack Trace:&#xD;
[xUnit.net 00:00:12.16]            at System.Collections.Generic.Dictionary`2.FindValue(TKey key)&#xD;
[xUnit.net 00:00:12.16]            at System.Collections.Generic.Dictionary`2.TryGetValue(TKey key, TValue&amp; value)&#xD;
[xUnit.net 00:00:12.16]            at ProGaudi.MsgPack.Light.MsgPackContext.GetObjectActivator(Type type)&#xD;
[xUnit.net 00:00:12.16]            at ProGaudi.MsgPack.Light.MsgPackContext.&lt;&gt;c__DisplayClass24_0.&lt;TryGenerateConverterFromGenericConverter&gt;b__0(Type x)&#xD;
[xUnit.net 00:00:12.16]            at ProGaudi.MsgPack.Light.MsgPackContext.TryGenerateConverterFromGenericConverter(Type type)&#xD;
[xUnit.net 00:00:12.16]            at ProGaudi.MsgPack.Light.MsgPackContext.GetConverter[T]()&#xD;
[xUnit.net 00:00:12.16]            at ProGaudi.MsgPack.Light.MsgPackSerializer.GetConverter[T](MsgPackContext context)&#xD;
[xUnit.net 00:00:12.16]            at ProGaudi.MsgPack.Light.MsgPackSerializer.Deserialize[T](MemoryStream stream, MsgPackContext context)&#xD;
[xUnit.net 00:00:12.16]            at ProGaudi.Tarantool.Client.LogicalConnection.SendRequest[TRequest,TResponse](TRequest request, Nullable`1 timeout)&#xD;
[xUnit.net 00:00:12.16]            at ProGaudi.Tarantool.Client.LogicalConnectionManager.SendRequest[TRequest,TResponse](TRequest request, Nullable`1 timeout)&#xD;
[xUnit.net 00:00:12.16]            at ProGaudi.Tarantool.Client.Schema.Select[T](UInt32 spaceId, Iterator iterator, UInt32 id)&#xD;
[xUnit.net 00:00:12.16]            at ProGaudi.Tarantool.Client.Schema.Reload()&#xD;
[xUnit.net 00:00:12.16]            at ProGaudi.Tarantool.Client.Box.Connect()&#xD;
[xUnit.net 00:00:12.16]            at ProGaudi.Tarantool.Client.Box.Connect(String replicationSource)&#xD;
[xUnit.net 00:00:12.16]         C:\Users\alena\Desktop\7_sem\testing_and_debugging\SkiResort\AccessToDB\TarantoolContext.cs(52,0): at AccessToDB.TarantoolContext.Initialize(String connection_string)&#xD;
[xUnit.net 00:00:12.16]         C:\Users\alena\Desktop\7_sem\testing_and_debugging\SkiResort\AccessToDB\TarantoolContext.cs(32,0): at AccessToDB.TarantoolContext..ctor(String connection_string)&#xD;
[xUnit.net 00:00:12.16]         C:\Users\alena\Desktop\7_sem\testing_and_debugging\SkiResort\AccessToDB.Tests\LiftsSlopesRepositoryTests.cs(34,0): at AccessToDB.Tests.LiftsSlopesRepositoryTests..ctor()&#xD;
[xUnit.net 00:00:12.16]            at System.RuntimeType.CreateInstanceDefaultCtor(Boolean publicOnly, Boolean wrapExceptions)&#xD;
[xUnit.net 00:00:23.68]   Finished:    AccessToDB.Tests&#xD;
</StdOut>
    </Output>
    <RunInfos>
      <RunInfo computerName="DESKTOP-TJ9D65N" outcome="Error" timestamp="2022-10-15T20:29:29.2369540+03:00">
        <Text>[xUnit.net 00:00:12.15]     AccessToDB.Tests.LiftsSlopesRepositoryTests.TestDeleteLiftSlopesByIDsAsyncOk(liftSlope: LiftSlope { RecordID = 207, LiftID = 68, SlopeID = 138 }) [FAIL]</Text>
      </RunInfo>
    </RunInfos>
  </ResultSummary>
</TestRun>