<?xml version="1.0" encoding="utf-8"?>
<TestRun id="6ba9f082-afad-41c3-b708-e8fb484f1529" name="alena@DESKTOP-TJ9D65N 2022-10-15 20:11:28" runUser="DESKTOP-TJ9D65N\alena" xmlns="http://microsoft.com/schemas/VisualStudio/TeamTest/2010">
  <Times creation="2022-10-15T20:11:28.1860212+03:00" queuing="2022-10-15T20:11:28.1860216+03:00" start="2022-10-15T20:11:24.5383477+03:00" finish="2022-10-15T20:11:50.1392488+03:00" />
  <TestSettings name="default" id="2e023b6c-7f03-4e07-8e0f-6bc172bd732b">
    <Deployment runDeploymentRoot="alena_DESKTOP-TJ9D65N_2022-10-15_20_11_28" />
  </TestSettings>
  <Results>
    <UnitTestResult executionId="9fefafce-17ef-4ee1-a372-870579cd660e" testId="30f8e924-9784-0a43-e807-094f70e06567" testName="AccessToDB.Tests.LiftsSlopesRepositoryTests.TestAddLiftSlopeAutoIncrementAsyncOk" computerName="DESKTOP-TJ9D65N" duration="00:00:00.6123766" startTime="2022-10-15T20:11:39.2251300+03:00" endTime="2022-10-15T20:11:39.2251302+03:00" testType="13cdc9d9-ddb5-4fa4-a97d-d965ccfc6d4b" outcome="Passed" testListId="8c84fa94-04c1-424b-9868-57a2d4851a1d" relativeResultsDirectory="9fefafce-17ef-4ee1-a372-870579cd660e" />
    <UnitTestResult executionId="cd4b57a1-1e13-432f-a8ee-d82dbc1abd6e" testId="a8a6cae6-0ce9-2e31-7f58-0fe928d4d323" testName="AccessToDB.Tests.SlopesRepositoryTests.TestGetSlopeByIdAsyncOk(slope: Slope { SlopeID = 123, SlopeName = slopeNamefab5003e-3757-4703-8bf8-187cf3853882, IsOpen = True, DifficultyLevel = 84, ConnectedLifts =  })" computerName="DESKTOP-TJ9D65N" duration="00:00:00.5993794" startTime="2022-10-15T20:11:28.5272898+03:00" endTime="2022-10-15T20:11:28.5272900+03:00" testType="13cdc9d9-ddb5-4fa4-a97d-d965ccfc6d4b" outcome="Passed" testListId="8c84fa94-04c1-424b-9868-57a2d4851a1d" relativeResultsDirectory="cd4b57a1-1e13-432f-a8ee-d82dbc1abd6e" />
    <UnitTestResult executionId="3203170e-0383-4e17-91ab-ba5d2e0409ec" testId="fe943bd8-ee7b-7ce7-bd5f-b50ec2d98033" testName="AccessToDB.Tests.LiftsSlopesRepositoryTests.TestGetLiftsBySlopeIdAsyncOk(slope1: Slope { SlopeID = 134, SlopeName = slopeNamece273cbd-e2dd-4521-aabf-5f913e18b403, IsOpen = True, DifficultyLevel = 91, ConnectedLifts =  }, slope2: Slope { SlopeID = 34, SlopeName = slopeNamec782a4f8-9d04-49a6-a540-7da44d2b99e5, IsOpen = False, DifficultyLevel = 250, ConnectedLifts =  }, lift1: Lift { LiftID = 207, LiftName = liftNamea4d3692a-e584-44d1-a1a2-30bc74db43b1, IsOpen = True, SeatsAmount = 59, LiftingTime = 185, QueueTime = 102, ConnectedSlopes =  }, lift2: Lift { LiftID = 62, LiftName = liftNameb17666a7-972f-41d0-a97e-347b62fa593d, IsOpen = False, SeatsAmount = 154, LiftingTime = 24, QueueTime = 199, ConnectedSlopes =  })" computerName="DESKTOP-TJ9D65N" duration="00:00:00.6572013" startTime="2022-10-15T20:11:37.4376064+03:00" endTime="2022-10-15T20:11:37.4376066+03:00" testType="13cdc9d9-ddb5-4fa4-a97d-d965ccfc6d4b" outcome="Passed" testListId="8c84fa94-04c1-424b-9868-57a2d4851a1d" relativeResultsDirectory="3203170e-0383-4e17-91ab-ba5d2e0409ec" />
    <UnitTestResult executionId="80bbc439-63b6-4e0b-bc65-34abd1603435" testId="b9fff7ac-2eab-c90a-8b8f-4820b96b9a61" testName="AccessToDB.Tests.TurnstilesRepositoryTests.TestGetTurnstilesByLiftIdAsyncOk(liftID: 135)" computerName="DESKTOP-TJ9D65N" duration="00:00:00.7603343" startTime="2022-10-15T20:11:44.0887160+03:00" endTime="2022-10-15T20:11:44.0887162+03:00" testType="13cdc9d9-ddb5-4fa4-a97d-d965ccfc6d4b" outcome="Passed" testListId="8c84fa94-04c1-424b-9868-57a2d4851a1d" relativeResultsDirectory="80bbc439-63b6-4e0b-bc65-34abd1603435" />
    <UnitTestResult executionId="7fe952d0-5d80-464c-ba88-03700964f003" testId="960d8871-1f0d-8351-12ae-692deffda21d" testName="AccessToDB.Tests.SlopesRepositoryTests.TestDeleteSlopeByIDAsyncFailsWhenIDNotExists(slopeID: 149)" computerName="DESKTOP-TJ9D65N" duration="00:00:00.5595940" startTime="2022-10-15T20:11:30.2047958+03:00" endTime="2022-10-15T20:11:30.2047959+03:00" testType="13cdc9d9-ddb5-4fa4-a97d-d965ccfc6d4b" outcome="Passed" testListId="8c84fa94-04c1-424b-9868-57a2d4851a1d" relativeResultsDirectory="7fe952d0-5d80-464c-ba88-03700964f003" />
    <UnitTestResult executionId="995d6912-025b-4665-a2c2-5e3009aca06b" testId="d1ea95a6-1ecd-3152-93b4-89e897d3dfbc" testName="AccessToDB.Tests.UsersRepositoryTests.TestGetUserByEmailAsyncFailsWhenEmailNotExists(email: &quot;emailf8106f48-801e-4d7c-804d-77954d8849a3&quot;)" computerName="DESKTOP-TJ9D65N" duration="00:00:00.5585186" startTime="2022-10-15T20:11:34.9266542+03:00" endTime="2022-10-15T20:11:34.9266545+03:00" testType="13cdc9d9-ddb5-4fa4-a97d-d965ccfc6d4b" outcome="Passed" testListId="8c84fa94-04c1-424b-9868-57a2d4851a1d" relativeResultsDirectory="995d6912-025b-4665-a2c2-5e3009aca06b" />
    <UnitTestResult executionId="dbbc9ea8-75f3-4c65-bb7d-206fa2004046" testId="8f7ba917-f771-0dc5-f9b9-465c34344b12" testName="AccessToDB.Tests.SlopesRepositoryTests.TestAddSlopeAutoIncrementAsyncOk" computerName="DESKTOP-TJ9D65N" duration="00:00:00.6161055" startTime="2022-10-15T20:11:27.9243201+03:00" endTime="2022-10-15T20:11:27.9243205+03:00" testType="13cdc9d9-ddb5-4fa4-a97d-d965ccfc6d4b" outcome="Passed" testListId="8c84fa94-04c1-424b-9868-57a2d4851a1d" relativeResultsDirectory="dbbc9ea8-75f3-4c65-bb7d-206fa2004046" />
    <UnitTestResult executionId="efbc6973-5fed-4da8-ae70-fe0ecba73855" testId="9bbefb83-8311-6e03-307f-415e3495e223" testName="AccessToDB.Tests.SlopesRepositoryTests.TestGetSlopesAsyncEmpty" computerName="DESKTOP-TJ9D65N" duration="00:00:00.5634458" startTime="2022-10-15T20:11:29.0947868+03:00" endTime="2022-10-15T20:11:29.0947870+03:00" testType="13cdc9d9-ddb5-4fa4-a97d-d965ccfc6d4b" outcome="Passed" testListId="8c84fa94-04c1-424b-9868-57a2d4851a1d" relativeResultsDirectory="efbc6973-5fed-4da8-ae70-fe0ecba73855" />
    <UnitTestResult executionId="7045ae2d-23cc-416b-aff4-6f7c08d09e21" testId="49e3d948-0f1a-9531-18ea-426fa3f04751" testName="AccessToDB.Tests.LiftsSlopesRepositoryTests.TestUpdateLiftSlopeByIDAsyncOk(liftSlope: LiftSlope { RecordID = 36, LiftID = 6, SlopeID = 65 })" computerName="DESKTOP-TJ9D65N" duration="00:00:00.6147521" startTime="2022-10-15T20:11:41.5357840+03:00" endTime="2022-10-15T20:11:41.5357843+03:00" testType="13cdc9d9-ddb5-4fa4-a97d-d965ccfc6d4b" outcome="Passed" testListId="8c84fa94-04c1-424b-9868-57a2d4851a1d" relativeResultsDirectory="7045ae2d-23cc-416b-aff4-6f7c08d09e21" />
    <UnitTestResult executionId="bd501143-0e85-4ee6-bfc8-6d5a48733c61" testId="7cc5cb31-02b2-5167-7cb8-5e3ef556a2c2" testName="AccessToDB.Tests.LiftsRepositoryTests.TestDeleteLiftByIDAsyncFailsWhenIDNotExists(liftID: 62)" computerName="DESKTOP-TJ9D65N" duration="00:00:00.5684979" startTime="2022-10-15T20:11:49.4465691+03:00" endTime="2022-10-15T20:11:49.4465692+03:00" testType="13cdc9d9-ddb5-4fa4-a97d-d965ccfc6d4b" outcome="Passed" testListId="8c84fa94-04c1-424b-9868-57a2d4851a1d" relativeResultsDirectory="bd501143-0e85-4ee6-bfc8-6d5a48733c61" />
    <UnitTestResult executionId="961b01c1-cdaa-4234-873f-bbbac1a8fc70" testId="08da8423-c000-df8f-8ba2-37edd4a7a7f8" testName="AccessToDB.Tests.UsersRepositoryTests.TestGetUserByIdAsyncOk(user: User { UserID = 220, CardID = 219, UserEmail = UserEmail69d31ebf-2539-4ec9-a14a-1351c5c2b6db, Password = password8b384e51-8220-4fb3-92cf-d37574aada3e, Permissions = UNAUTHORIZED })" computerName="DESKTOP-TJ9D65N" duration="00:00:00.6004615" startTime="2022-10-15T20:11:31.9503433+03:00" endTime="2022-10-15T20:11:31.9503434+03:00" testType="13cdc9d9-ddb5-4fa4-a97d-d965ccfc6d4b" outcome="Passed" testListId="8c84fa94-04c1-424b-9868-57a2d4851a1d" relativeResultsDirectory="961b01c1-cdaa-4234-873f-bbbac1a8fc70" />
    <UnitTestResult executionId="eb40262f-de50-426a-96c7-a597dc881723" testId="04699d95-f60c-c217-8ff8-0bb318a82d74" testName="AccessToDB.Tests.SlopesRepositoryTests.TestGetSlopeByNameAsyncFailsWhenNameNotExists(slopeName: &quot;slopeName492268fd-9c89-40f8-8443-a49ff548e09f&quot;)" computerName="DESKTOP-TJ9D65N" duration="00:00:00.0010000" startTime="2022-10-15T20:11:29.6578790+03:00" endTime="2022-10-15T20:11:29.6578792+03:00" testType="13cdc9d9-ddb5-4fa4-a97d-d965ccfc6d4b" outcome="Failed" testListId="8c84fa94-04c1-424b-9868-57a2d4851a1d" relativeResultsDirectory="eb40262f-de50-426a-96c7-a597dc881723">
      <Output>
        <ErrorInfo>
          <Message>System.InvalidOperationException : Operations that change non-concurrent collections must have exclusive access. A concurrent update was performed on this collection and corrupted its state. The collection's state is no longer correct.</Message>
          <StackTrace>   at System.Collections.Generic.Dictionary`2.FindValue(TKey key)&#xD;
   at System.Collections.Generic.Dictionary`2.TryGetValue(TKey key, TValue&amp; value)&#xD;
   at ProGaudi.MsgPack.Light.MsgPackContext.GetObjectActivator(Type type)&#xD;
   at ProGaudi.MsgPack.Light.MsgPackContext.&lt;&gt;c__DisplayClass24_0.&lt;TryGenerateConverterFromGenericConverter&gt;b__0(Type x)&#xD;
   at ProGaudi.MsgPack.Light.MsgPackContext.TryGenerateConverterFromGenericConverter(Type type)&#xD;
   at ProGaudi.MsgPack.Light.MsgPackContext.GetConverter[T]()&#xD;
   at ProGaudi.MsgPack.Light.Converters.ArrayConverterBase`2.Initialize(MsgPackContext context)&#xD;
   at ProGaudi.MsgPack.Light.MsgPackContext.CreateAndInializeConverter(Func`1 converterActivator)&#xD;
   at ProGaudi.MsgPack.Light.MsgPackContext.&lt;&gt;c__DisplayClass27_0.&lt;TryGenerateArrayConverter&gt;b__0(Type x)&#xD;
   at ProGaudi.MsgPack.Light.Extensions.GetOrAdd[TKey,TValue](Dictionary`2 dictionary, TKey key, Func`2 creator)&#xD;
   at ProGaudi.MsgPack.Light.MsgPackContext.TryGenerateArrayConverter(Type type)&#xD;
   at ProGaudi.MsgPack.Light.MsgPackContext.GetConverter[T]()&#xD;
   at ProGaudi.Tarantool.Client.Converters.ResponsePacketConverter`1.Initialize(MsgPackContext context)&#xD;
   at ProGaudi.MsgPack.Light.MsgPackContext.CreateAndInializeConverter(Func`1 converterActivator)&#xD;
   at ProGaudi.MsgPack.Light.MsgPackContext.TryGenerateConverterFromGenericConverter(Type type)&#xD;
   at ProGaudi.MsgPack.Light.MsgPackContext.GetConverter[T]()&#xD;
   at ProGaudi.MsgPack.Light.MsgPackSerializer.GetConverter[T](MsgPackContext context)&#xD;
   at ProGaudi.MsgPack.Light.MsgPackSerializer.Deserialize[T](MemoryStream stream, MsgPackContext context)&#xD;
   at ProGaudi.Tarantool.Client.LogicalConnection.SendRequest[TRequest,TResponse](TRequest request, Nullable`1 timeout)&#xD;
   at ProGaudi.Tarantool.Client.LogicalConnectionManager.SendRequest[TRequest,TResponse](TRequest request, Nullable`1 timeout)&#xD;
   at ProGaudi.Tarantool.Client.Index.Select[TKey,TTuple](TKey key, SelectOptions options)&#xD;
   at AccessToDB.RepositoriesTarantool.TarantoolSlopesRepository.GetSlopesAsync(UInt32 offset, UInt32 limit) in C:\Users\alena\Desktop\7_sem\testing_and_debugging\SkiResort\AccessToDB\TarantoolRepositories\TarantoolSlopesRepository.cs:line 36&#xD;
   at AccessToDB.Tests.SlopesRepositoryTests.CleanSlopesTable() in C:\Users\alena\Desktop\7_sem\testing_and_debugging\SkiResort\AccessToDB.Tests\SlopesRepositoryTests.cs:line 40&#xD;
   at AccessToDB.Tests.SlopesRepositoryTests..ctor() in C:\Users\alena\Desktop\7_sem\testing_and_debugging\SkiResort\AccessToDB.Tests\SlopesRepositoryTests.cs:line 30&#xD;
   at System.RuntimeType.CreateInstanceDefaultCtor(Boolean publicOnly, Boolean wrapExceptions)</StackTrace>
        </ErrorInfo>
      </Output>
    </UnitTestResult>
    <UnitTestResult executionId="42941d2d-bd95-4762-acf8-db1fbb70c1cc" testId="fadf7ab3-6c2a-ed9e-1305-3699fe4c48e5" testName="AccessToDB.Tests.UsersRepositoryTests.TestDeleteUserByIDAsyncFailsWhenIDNotExists(userID: 51)" computerName="DESKTOP-TJ9D65N" duration="00:00:00.5636751" startTime="2022-10-15T20:11:31.3464095+03:00" endTime="2022-10-15T20:11:31.3464098+03:00" testType="13cdc9d9-ddb5-4fa4-a97d-d965ccfc6d4b" outcome="Passed" testListId="8c84fa94-04c1-424b-9868-57a2d4851a1d" relativeResultsDirectory="42941d2d-bd95-4762-acf8-db1fbb70c1cc" />
    <UnitTestResult executionId="7b44a4ed-cbfe-42b7-a1d5-f66f3616b635" testId="38013993-5984-1bf8-d06d-75ab138590fc" testName="AccessToDB.Tests.UsersRepositoryTests.TestUpdateUserByIDAsyncOk(user: User { UserID = 236, CardID = 173, UserEmail = UserEmaile96b850f-c472-477e-8ac2-4fcc263e48e9, Password = password1a1220a2-1713-49f5-83c0-63362a45aa74, Permissions = UNAUTHORIZED })" computerName="DESKTOP-TJ9D65N" duration="00:00:00.6136564" startTime="2022-10-15T20:11:34.3575007+03:00" endTime="2022-10-15T20:11:34.3575010+03:00" testType="13cdc9d9-ddb5-4fa4-a97d-d965ccfc6d4b" outcome="Passed" testListId="8c84fa94-04c1-424b-9868-57a2d4851a1d" relativeResultsDirectory="7b44a4ed-cbfe-42b7-a1d5-f66f3616b635" />
    <UnitTestResult executionId="c6063e9c-43d4-40dc-8455-2cfff643f130" testId="b1c53ce3-e0f4-e956-1c0e-a41c760d6cec" testName="AccessToDB.Tests.LiftsSlopesRepositoryTests.TestGetLiftSlopeByIdAsyncOk(liftSlope: LiftSlope { RecordID = 139, LiftID = 254, SlopeID = 118 })" computerName="DESKTOP-TJ9D65N" duration="00:00:00.5991123" startTime="2022-10-15T20:11:38.6089940+03:00" endTime="2022-10-15T20:11:38.6089943+03:00" testType="13cdc9d9-ddb5-4fa4-a97d-d965ccfc6d4b" outcome="Passed" testListId="8c84fa94-04c1-424b-9868-57a2d4851a1d" relativeResultsDirectory="c6063e9c-43d4-40dc-8455-2cfff643f130" />
    <UnitTestResult executionId="aef348a2-9107-4111-b372-eaa075f54cab" testId="607e8298-f113-be33-300e-15a343893443" testName="AccessToDB.Tests.LiftsRepositoryTests.TestGetLiftsAsyncEmpty" computerName="DESKTOP-TJ9D65N" duration="00:00:00.5664806" startTime="2022-10-15T20:11:47.6519126+03:00" endTime="2022-10-15T20:11:47.6519127+03:00" testType="13cdc9d9-ddb5-4fa4-a97d-d965ccfc6d4b" outcome="Passed" testListId="8c84fa94-04c1-424b-9868-57a2d4851a1d" relativeResultsDirectory="aef348a2-9107-4111-b372-eaa075f54cab" />
    <UnitTestResult executionId="624a361a-0aeb-43af-9310-d865f0a7c75c" testId="8d542a94-673d-ed3b-bf4b-ed383ac1c8bc" testName="AccessToDB.Tests.SlopesRepositoryTests.TestUpdateSlopeByIDAsyncOk(slope: Slope { SlopeID = 155, SlopeName = slopeName69397537-46a4-46b7-b31c-65b5802d2243, IsOpen = True, DifficultyLevel = 233, ConnectedLifts =  })" computerName="DESKTOP-TJ9D65N" duration="00:00:00.6155195" startTime="2022-10-15T20:11:27.3043708+03:00" endTime="2022-10-15T20:11:27.3043710+03:00" testType="13cdc9d9-ddb5-4fa4-a97d-d965ccfc6d4b" outcome="Passed" testListId="8c84fa94-04c1-424b-9868-57a2d4851a1d" relativeResultsDirectory="624a361a-0aeb-43af-9310-d865f0a7c75c" />
    <UnitTestResult executionId="bc876c80-e01e-4efc-9428-f44560ccecb2" testId="814d6aeb-3b5c-00bd-53e3-28ff870086ae" testName="AccessToDB.Tests.LiftsSlopesRepositoryTests.TestAddLiftSlopeAsyncFailsWhenLiftSlopeIdRepeats(liftSlope: LiftSlope { RecordID = 95, LiftID = 225, SlopeID = 53 })" computerName="DESKTOP-TJ9D65N" duration="00:00:00.6143122" startTime="2022-10-15T20:11:40.9171111+03:00" endTime="2022-10-15T20:11:40.9171112+03:00" testType="13cdc9d9-ddb5-4fa4-a97d-d965ccfc6d4b" outcome="Passed" testListId="8c84fa94-04c1-424b-9868-57a2d4851a1d" relativeResultsDirectory="bc876c80-e01e-4efc-9428-f44560ccecb2" />
    <UnitTestResult executionId="c442088b-f1bd-4b4b-a6ba-44228226bf9b" testId="944ac10b-7f7a-17ba-858f-5c987826c686" testName="AccessToDB.Tests.LiftsRepositoryTests.TestGetLiftByNameAsyncFailsWhenNameNotExists(liftName: &quot;liftName762c55f4-72ab-42ca-a129-784befac2046&quot;)" computerName="DESKTOP-TJ9D65N" duration="00:00:00.5688255" startTime="2022-10-15T20:11:47.0819056+03:00" endTime="2022-10-15T20:11:47.0819056+03:00" testType="13cdc9d9-ddb5-4fa4-a97d-d965ccfc6d4b" outcome="Passed" testListId="8c84fa94-04c1-424b-9868-57a2d4851a1d" relativeResultsDirectory="c442088b-f1bd-4b4b-a6ba-44228226bf9b" />
    <UnitTestResult executionId="50691774-42f2-4eda-a1cf-966ebd1bbbe6" testId="7cb0147a-350d-a1f4-c749-aba69cca7bca" testName="AccessToDB.Tests.UsersRepositoryTests.TestCheckUserIdExistsAsyncTrue(user: User { UserID = 87, CardID = 173, UserEmail = UserEmail0f9fb3f3-1637-422d-8521-dfa6a7e69d2d, Password = password15ffebd2-254e-4c03-94f6-17816b51b3ec, Permissions = UNAUTHORIZED })" computerName="DESKTOP-TJ9D65N" duration="00:00:00.5988669" startTime="2022-10-15T20:11:33.1215575+03:00" endTime="2022-10-15T20:11:33.1215576+03:00" testType="13cdc9d9-ddb5-4fa4-a97d-d965ccfc6d4b" outcome="Passed" testListId="8c84fa94-04c1-424b-9868-57a2d4851a1d" relativeResultsDirectory="50691774-42f2-4eda-a1cf-966ebd1bbbe6" />
    <UnitTestResult executionId="4fec9f57-8afe-4639-ac26-d69341a5111a" testId="3741b26d-6ee0-6246-29e4-92009bff37b0" testName="AccessToDB.Tests.UsersRepositoryTests.TestGetUsersAsyncEmpty" computerName="DESKTOP-TJ9D65N" duration="00:00:00.5635713" startTime="2022-10-15T20:11:30.7787835+03:00" endTime="2022-10-15T20:11:30.7787836+03:00" testType="13cdc9d9-ddb5-4fa4-a97d-d965ccfc6d4b" outcome="Passed" testListId="8c84fa94-04c1-424b-9868-57a2d4851a1d" relativeResultsDirectory="4fec9f57-8afe-4639-ac26-d69341a5111a" />
    <UnitTestResult executionId="4ce8b3b5-4fe9-4078-81cb-69794018e5f9" testId="f9435956-2e34-e52b-c34e-dce53665cf8e" testName="AccessToDB.Tests.TurnstilesRepositoryTests.TestAddTurnstileAutoIncrementAsyncOk" computerName="DESKTOP-TJ9D65N" duration="00:00:00.6144720" startTime="2022-10-15T20:11:45.2748253+03:00" endTime="2022-10-15T20:11:45.2748261+03:00" testType="13cdc9d9-ddb5-4fa4-a97d-d965ccfc6d4b" outcome="Passed" testListId="8c84fa94-04c1-424b-9868-57a2d4851a1d" relativeResultsDirectory="4ce8b3b5-4fe9-4078-81cb-69794018e5f9" />
    <UnitTestResult executionId="6bbec0ff-6125-4695-bb6b-b002e2409179" testId="9c3d74cb-88e0-c4b7-d2ac-612a4d7a7435" testName="AccessToDB.Tests.LiftsSlopesRepositoryTests.TestDeleteLiftSlopeByIDAsyncFailsWhenIDNotExists(liftSlopeID: 106)" computerName="DESKTOP-TJ9D65N" duration="00:00:00.5644342" startTime="2022-10-15T20:11:38.0059831+03:00" endTime="2022-10-15T20:11:38.0059832+03:00" testType="13cdc9d9-ddb5-4fa4-a97d-d965ccfc6d4b" outcome="Passed" testListId="8c84fa94-04c1-424b-9868-57a2d4851a1d" relativeResultsDirectory="6bbec0ff-6125-4695-bb6b-b002e2409179" />
    <UnitTestResult executionId="82787723-c908-4997-bfd9-19ee6b221fe5" testId="3e56900a-6182-ab2c-98c6-141e9b4873c6" testName="AccessToDB.Tests.SlopesRepositoryTests.TestAddSlopeAsyncFailsWhenSlopeIdRepeats(slope: Slope { SlopeID = 27, SlopeName = slopeName0f49651f-e3bc-44cf-bd46-f77b1f12dee8, IsOpen = True, DifficultyLevel = 149, ConnectedLifts =  })" computerName="DESKTOP-TJ9D65N" duration="00:00:00.6876805" startTime="2022-10-15T20:11:26.6608068+03:00" endTime="2022-10-15T20:11:26.6608290+03:00" testType="13cdc9d9-ddb5-4fa4-a97d-d965ccfc6d4b" outcome="Passed" testListId="8c84fa94-04c1-424b-9868-57a2d4851a1d" relativeResultsDirectory="82787723-c908-4997-bfd9-19ee6b221fe5" />
    <UnitTestResult executionId="331f9272-a08d-4bcb-ab85-67137d24a792" testId="3c521313-4ed6-6bce-b4f9-c359411028e7" testName="AccessToDB.Tests.TurnstilesRepositoryTests.TestGetTurnstilesAsyncEmpty" computerName="DESKTOP-TJ9D65N" duration="00:00:00.5652392" startTime="2022-10-15T20:11:44.6568420+03:00" endTime="2022-10-15T20:11:44.6568421+03:00" testType="13cdc9d9-ddb5-4fa4-a97d-d965ccfc6d4b" outcome="Passed" testListId="8c84fa94-04c1-424b-9868-57a2d4851a1d" relativeResultsDirectory="331f9272-a08d-4bcb-ab85-67137d24a792" />
    <UnitTestResult executionId="ee0c218d-dd98-4e62-b783-ac228bee845e" testId="906c49e1-d019-cf5e-a345-f5b8e0ca0d2a" testName="AccessToDB.Tests.UsersRepositoryTests.TestCheckUserEmailExistsAsyncFalse(userEmail: &quot;userEmail6db105a1-5cb1-41c6-ba51-700b7848470a&quot;)" computerName="DESKTOP-TJ9D65N" duration="00:00:00.5652959" startTime="2022-10-15T20:11:32.5193098+03:00" endTime="2022-10-15T20:11:32.5193103+03:00" testType="13cdc9d9-ddb5-4fa4-a97d-d965ccfc6d4b" outcome="Passed" testListId="8c84fa94-04c1-424b-9868-57a2d4851a1d" relativeResultsDirectory="ee0c218d-dd98-4e62-b783-ac228bee845e" />
    <UnitTestResult executionId="311caff3-a068-41b7-b57c-df042587a93e" testId="9aade5a2-fe65-d6df-48c2-d82da8e731cd" testName="AccessToDB.Tests.TurnstilesRepositoryTests.TestDeleteTurnstileByIDAsyncFailsWhenIDNotExists(turnstileID: 10)" computerName="DESKTOP-TJ9D65N" duration="00:00:00.5654359" startTime="2022-10-15T20:11:42.7050937+03:00" endTime="2022-10-15T20:11:42.7050939+03:00" testType="13cdc9d9-ddb5-4fa4-a97d-d965ccfc6d4b" outcome="Passed" testListId="8c84fa94-04c1-424b-9868-57a2d4851a1d" relativeResultsDirectory="311caff3-a068-41b7-b57c-df042587a93e" />
    <UnitTestResult executionId="8448638a-ba0e-4891-bc73-ef7a9c9b22da" testId="83cac054-ea3c-7d49-40b3-de19dba47dff" testName="AccessToDB.Tests.LiftsRepositoryTests.TestAddLiftAsyncFailsWhenLiftIdRepeats(lift: Lift { LiftID = 251, LiftName = liftName6c4e3d5c-c5e4-4426-bd19-3cfabebb02fd, IsOpen = True, SeatsAmount = 62, LiftingTime = 61, QueueTime = 111, ConnectedSlopes =  })" computerName="DESKTOP-TJ9D65N" duration="00:00:00.6155604" startTime="2022-10-15T20:11:50.0654788+03:00" endTime="2022-10-15T20:11:50.0654789+03:00" testType="13cdc9d9-ddb5-4fa4-a97d-d965ccfc6d4b" outcome="Passed" testListId="8c84fa94-04c1-424b-9868-57a2d4851a1d" relativeResultsDirectory="8448638a-ba0e-4891-bc73-ef7a9c9b22da" />
    <UnitTestResult executionId="7dd5fea3-a1b1-4416-a097-c311e9c21e7a" testId="b6e0ed57-1677-17cf-92d7-2a472356f5f3" testName="AccessToDB.Tests.TurnstilesRepositoryTests.TestGetTurnstileByIdAsyncOk(turnstile: Turnstile { TurnstileID = 147, LiftID = 16, IsOpen = True })" computerName="DESKTOP-TJ9D65N" duration="00:00:00.5959369" startTime="2022-10-15T20:11:42.1359908+03:00" endTime="2022-10-15T20:11:42.1359910+03:00" testType="13cdc9d9-ddb5-4fa4-a97d-d965ccfc6d4b" outcome="Passed" testListId="8c84fa94-04c1-424b-9868-57a2d4851a1d" relativeResultsDirectory="7dd5fea3-a1b1-4416-a097-c311e9c21e7a" />
    <UnitTestResult executionId="3017fa11-594f-46f8-9510-41f1686d325b" testId="e387cf15-eedb-eaf1-857a-723b5d8a9128" testName="AccessToDB.Tests.LiftsRepositoryTests.TestGetLiftByIdAsyncOk(lift: Lift { LiftID = 243, LiftName = liftNamea4d8d56a-6c08-416c-9187-8c5349a7dd1f, IsOpen = True, SeatsAmount = 4, LiftingTime = 61, QueueTime = 137, ConnectedSlopes =  })" computerName="DESKTOP-TJ9D65N" duration="00:00:00.6001691" startTime="2022-10-15T20:11:48.2555853+03:00" endTime="2022-10-15T20:11:48.2555854+03:00" testType="13cdc9d9-ddb5-4fa4-a97d-d965ccfc6d4b" outcome="Passed" testListId="8c84fa94-04c1-424b-9868-57a2d4851a1d" relativeResultsDirectory="3017fa11-594f-46f8-9510-41f1686d325b" />
    <UnitTestResult executionId="f671fb7b-ba46-4960-ba7d-687eebb37dbf" testId="4145f44e-b4b1-a618-09e8-c631496e6f1a" testName="AccessToDB.Tests.LiftsSlopesRepositoryTests.TestGetLiftSlopesAsyncEmpty" computerName="DESKTOP-TJ9D65N" duration="00:00:01.0701312" startTime="2022-10-15T20:11:40.2991169+03:00" endTime="2022-10-15T20:11:40.2991171+03:00" testType="13cdc9d9-ddb5-4fa4-a97d-d965ccfc6d4b" outcome="Passed" testListId="8c84fa94-04c1-424b-9868-57a2d4851a1d" relativeResultsDirectory="f671fb7b-ba46-4960-ba7d-687eebb37dbf" />
    <UnitTestResult executionId="3d448814-b7ab-4103-8ce2-04ad75e8450e" testId="639facfe-96da-7884-257d-3b585e86d0db" testName="AccessToDB.Tests.TurnstilesRepositoryTests.TestUpdateTurnstileByIDAsyncOk(turnstile: Turnstile { TurnstileID = 86, LiftID = 159, IsOpen = True })" computerName="DESKTOP-TJ9D65N" duration="00:00:00.6157439" startTime="2022-10-15T20:11:43.3249172+03:00" endTime="2022-10-15T20:11:43.3249176+03:00" testType="13cdc9d9-ddb5-4fa4-a97d-d965ccfc6d4b" outcome="Passed" testListId="8c84fa94-04c1-424b-9868-57a2d4851a1d" relativeResultsDirectory="3d448814-b7ab-4103-8ce2-04ad75e8450e" />
    <UnitTestResult executionId="38158c6c-dfe2-45d1-bfb8-afafa0506b30" testId="e75bb6e2-88d9-af2a-a444-c4a9d67f0f0e" testName="AccessToDB.Tests.UsersRepositoryTests.TestAddUserAutoIncrementAsyncOk" computerName="DESKTOP-TJ9D65N" duration="00:00:00.6263544" startTime="2022-10-15T20:11:35.5563860+03:00" endTime="2022-10-15T20:11:35.5563862+03:00" testType="13cdc9d9-ddb5-4fa4-a97d-d965ccfc6d4b" outcome="Passed" testListId="8c84fa94-04c1-424b-9868-57a2d4851a1d" relativeResultsDirectory="38158c6c-dfe2-45d1-bfb8-afafa0506b30" />
    <UnitTestResult executionId="0dc0d6bb-90b7-4dfa-98de-719512a9d2dd" testId="1d98a641-5d4e-0d7f-afc4-a1024086334d" testName="AccessToDB.Tests.LiftsRepositoryTests.TestUpdateLiftByIDAsyncOk(lift: Lift { LiftID = 65, LiftName = liftName29cdd8b4-a90c-4978-9204-9ae259c84be6, IsOpen = True, SeatsAmount = 219, LiftingTime = 17, QueueTime = 127, ConnectedSlopes =  })" computerName="DESKTOP-TJ9D65N" duration="00:00:00.6153659" startTime="2022-10-15T20:11:48.8745983+03:00" endTime="2022-10-15T20:11:48.8745984+03:00" testType="13cdc9d9-ddb5-4fa4-a97d-d965ccfc6d4b" outcome="Passed" testListId="8c84fa94-04c1-424b-9868-57a2d4851a1d" relativeResultsDirectory="0dc0d6bb-90b7-4dfa-98de-719512a9d2dd" />
    <UnitTestResult executionId="721de44d-199c-4cab-8512-3a4dde4443af" testId="ec229f70-485a-f91b-53ed-bce655f6cd58" testName="AccessToDB.Tests.LiftsRepositoryTests.TestAddLiftAutoIncrementAsyncOk" computerName="DESKTOP-TJ9D65N" duration="00:00:00.6123435" startTime="2022-10-15T20:11:46.5100227+03:00" endTime="2022-10-15T20:11:46.5100228+03:00" testType="13cdc9d9-ddb5-4fa4-a97d-d965ccfc6d4b" outcome="Passed" testListId="8c84fa94-04c1-424b-9868-57a2d4851a1d" relativeResultsDirectory="721de44d-199c-4cab-8512-3a4dde4443af" />
    <UnitTestResult executionId="adecb69a-934c-4076-9480-b18ebe0e7027" testId="320cac17-b8f4-9629-f411-15e940db593f" testName="AccessToDB.Tests.LiftsSlopesRepositoryTests.TestGetSlopesByLiftIdAsyncFailsWhenSlopeNotExists(liftSlope: LiftSlope { RecordID = 124, LiftID = 135, SlopeID = 29 })" computerName="DESKTOP-TJ9D65N" duration="00:00:00.5960660" startTime="2022-10-15T20:11:36.7726525+03:00" endTime="2022-10-15T20:11:36.7726528+03:00" testType="13cdc9d9-ddb5-4fa4-a97d-d965ccfc6d4b" outcome="Passed" testListId="8c84fa94-04c1-424b-9868-57a2d4851a1d" relativeResultsDirectory="adecb69a-934c-4076-9480-b18ebe0e7027" />
    <UnitTestResult executionId="90f13559-8f26-468b-b28f-8955d08b7c12" testId="8faf4b81-66b7-acb6-80a7-759dd3b38cde" testName="AccessToDB.Tests.LiftsSlopesRepositoryTests.TestDeleteLiftSlopesByIDsAsyncOk(liftSlope: LiftSlope { RecordID = 231, LiftID = 41, SlopeID = 206 })" computerName="DESKTOP-TJ9D65N" duration="00:00:00.6093839" startTime="2022-10-15T20:11:36.1723975+03:00" endTime="2022-10-15T20:11:36.1723977+03:00" testType="13cdc9d9-ddb5-4fa4-a97d-d965ccfc6d4b" outcome="Passed" testListId="8c84fa94-04c1-424b-9868-57a2d4851a1d" relativeResultsDirectory="90f13559-8f26-468b-b28f-8955d08b7c12" />
    <UnitTestResult executionId="08c8fd6e-17bb-4661-b51a-f03cfc4aec26" testId="bf197867-3be6-b6bb-6b9d-46df0ae6bc27" testName="AccessToDB.Tests.TurnstilesRepositoryTests.TestAddTurnstileAsyncFailsWhenTurnstileIdRepeats(turnstile: Turnstile { TurnstileID = 203, LiftID = 118, IsOpen = True })" computerName="DESKTOP-TJ9D65N" duration="00:00:00.6142799" startTime="2022-10-15T20:11:45.8929488+03:00" endTime="2022-10-15T20:11:45.8929493+03:00" testType="13cdc9d9-ddb5-4fa4-a97d-d965ccfc6d4b" outcome="Passed" testListId="8c84fa94-04c1-424b-9868-57a2d4851a1d" relativeResultsDirectory="08c8fd6e-17bb-4661-b51a-f03cfc4aec26" />
    <UnitTestResult executionId="3478c811-d087-40d7-8563-8e1d7e69db54" testId="5e79d4ef-fcb3-1630-1af9-9e9521b73eed" testName="AccessToDB.Tests.UsersRepositoryTests.TestAddUserAsyncFailsWhenUserIdRepeats(user: User { UserID = 186, CardID = 122, UserEmail = UserEmail66e52208-deb5-464e-9c0e-c824503d2e74, Password = password8f0c5989-c3f2-4862-ab67-5744865a33a3, Permissions = UNAUTHORIZED })" computerName="DESKTOP-TJ9D65N" duration="00:00:00.6138920" startTime="2022-10-15T20:11:33.7395741+03:00" endTime="2022-10-15T20:11:33.7395742+03:00" testType="13cdc9d9-ddb5-4fa4-a97d-d965ccfc6d4b" outcome="Passed" testListId="8c84fa94-04c1-424b-9868-57a2d4851a1d" relativeResultsDirectory="3478c811-d087-40d7-8563-8e1d7e69db54" />
  </Results>
  <TestDefinitions>
    <UnitTest name="AccessToDB.Tests.SlopesRepositoryTests.TestGetSlopeByIdAsyncOk(slope: Slope { SlopeID = 123, SlopeName = slopeNamefab5003e-3757-4703-8bf8-187cf3853882, IsOpen = True, DifficultyLevel = 84, ConnectedLifts =  })" storage="c:\users\alena\desktop\7_sem\testing_and_debugging\skiresort\accesstodb.tests\bin\debug\net6.0\accesstodb.tests.dll" id="a8a6cae6-0ce9-2e31-7f58-0fe928d4d323">
      <Execution id="cd4b57a1-1e13-432f-a8ee-d82dbc1abd6e" />
      <TestMethod codeBase="C:\Users\alena\Desktop\7_sem\testing_and_debugging\SkiResort\AccessToDB.Tests\bin\Debug\net6.0\AccessToDB.Tests.dll" adapterTypeName="executor://xunit/VsTestRunner2/netcoreapp" className="AccessToDB.Tests.SlopesRepositoryTests" name="TestGetSlopeByIdAsyncOk" />
    </UnitTest>
    <UnitTest name="AccessToDB.Tests.UsersRepositoryTests.TestGetUsersAsyncEmpty" storage="c:\users\alena\desktop\7_sem\testing_and_debugging\skiresort\accesstodb.tests\bin\debug\net6.0\accesstodb.tests.dll" id="3741b26d-6ee0-6246-29e4-92009bff37b0">
      <Execution id="4fec9f57-8afe-4639-ac26-d69341a5111a" />
      <TestMethod codeBase="C:\Users\alena\Desktop\7_sem\testing_and_debugging\SkiResort\AccessToDB.Tests\bin\Debug\net6.0\AccessToDB.Tests.dll" adapterTypeName="executor://xunit/VsTestRunner2/netcoreapp" className="AccessToDB.Tests.UsersRepositoryTests" name="TestGetUsersAsyncEmpty" />
    </UnitTest>
    <UnitTest name="AccessToDB.Tests.UsersRepositoryTests.TestAddUserAsyncFailsWhenUserIdRepeats(user: User { UserID = 186, CardID = 122, UserEmail = UserEmail66e52208-deb5-464e-9c0e-c824503d2e74, Password = password8f0c5989-c3f2-4862-ab67-5744865a33a3, Permissions = UNAUTHORIZED })" storage="c:\users\alena\desktop\7_sem\testing_and_debugging\skiresort\accesstodb.tests\bin\debug\net6.0\accesstodb.tests.dll" id="5e79d4ef-fcb3-1630-1af9-9e9521b73eed">
      <Execution id="3478c811-d087-40d7-8563-8e1d7e69db54" />
      <TestMethod codeBase="C:\Users\alena\Desktop\7_sem\testing_and_debugging\SkiResort\AccessToDB.Tests\bin\Debug\net6.0\AccessToDB.Tests.dll" adapterTypeName="executor://xunit/VsTestRunner2/netcoreapp" className="AccessToDB.Tests.UsersRepositoryTests" name="TestAddUserAsyncFailsWhenUserIdRepeats" />
    </UnitTest>
    <UnitTest name="AccessToDB.Tests.SlopesRepositoryTests.TestAddSlopeAsyncFailsWhenSlopeIdRepeats(slope: Slope { SlopeID = 27, SlopeName = slopeName0f49651f-e3bc-44cf-bd46-f77b1f12dee8, IsOpen = True, DifficultyLevel = 149, ConnectedLifts =  })" storage="c:\users\alena\desktop\7_sem\testing_and_debugging\skiresort\accesstodb.tests\bin\debug\net6.0\accesstodb.tests.dll" id="3e56900a-6182-ab2c-98c6-141e9b4873c6">
      <Execution id="82787723-c908-4997-bfd9-19ee6b221fe5" />
      <TestMethod codeBase="C:\Users\alena\Desktop\7_sem\testing_and_debugging\SkiResort\AccessToDB.Tests\bin\Debug\net6.0\AccessToDB.Tests.dll" adapterTypeName="executor://xunit/VsTestRunner2/netcoreapp" className="AccessToDB.Tests.SlopesRepositoryTests" name="TestAddSlopeAsyncFailsWhenSlopeIdRepeats" />
    </UnitTest>
    <UnitTest name="AccessToDB.Tests.TurnstilesRepositoryTests.TestAddTurnstileAutoIncrementAsyncOk" storage="c:\users\alena\desktop\7_sem\testing_and_debugging\skiresort\accesstodb.tests\bin\debug\net6.0\accesstodb.tests.dll" id="f9435956-2e34-e52b-c34e-dce53665cf8e">
      <Execution id="4ce8b3b5-4fe9-4078-81cb-69794018e5f9" />
      <TestMethod codeBase="C:\Users\alena\Desktop\7_sem\testing_and_debugging\SkiResort\AccessToDB.Tests\bin\Debug\net6.0\AccessToDB.Tests.dll" adapterTypeName="executor://xunit/VsTestRunner2/netcoreapp" className="AccessToDB.Tests.TurnstilesRepositoryTests" name="TestAddTurnstileAutoIncrementAsyncOk" />
    </UnitTest>
    <UnitTest name="AccessToDB.Tests.LiftsSlopesRepositoryTests.TestGetLiftSlopeByIdAsyncOk(liftSlope: LiftSlope { RecordID = 139, LiftID = 254, SlopeID = 118 })" storage="c:\users\alena\desktop\7_sem\testing_and_debugging\skiresort\accesstodb.tests\bin\debug\net6.0\accesstodb.tests.dll" id="b1c53ce3-e0f4-e956-1c0e-a41c760d6cec">
      <Execution id="c6063e9c-43d4-40dc-8455-2cfff643f130" />
      <TestMethod codeBase="C:\Users\alena\Desktop\7_sem\testing_and_debugging\SkiResort\AccessToDB.Tests\bin\Debug\net6.0\AccessToDB.Tests.dll" adapterTypeName="executor://xunit/VsTestRunner2/netcoreapp" className="AccessToDB.Tests.LiftsSlopesRepositoryTests" name="TestGetLiftSlopeByIdAsyncOk" />
    </UnitTest>
    <UnitTest name="AccessToDB.Tests.TurnstilesRepositoryTests.TestAddTurnstileAsyncFailsWhenTurnstileIdRepeats(turnstile: Turnstile { TurnstileID = 203, LiftID = 118, IsOpen = True })" storage="c:\users\alena\desktop\7_sem\testing_and_debugging\skiresort\accesstodb.tests\bin\debug\net6.0\accesstodb.tests.dll" id="bf197867-3be6-b6bb-6b9d-46df0ae6bc27">
      <Execution id="08c8fd6e-17bb-4661-b51a-f03cfc4aec26" />
      <TestMethod codeBase="C:\Users\alena\Desktop\7_sem\testing_and_debugging\SkiResort\AccessToDB.Tests\bin\Debug\net6.0\AccessToDB.Tests.dll" adapterTypeName="executor://xunit/VsTestRunner2/netcoreapp" className="AccessToDB.Tests.TurnstilesRepositoryTests" name="TestAddTurnstileAsyncFailsWhenTurnstileIdRepeats" />
    </UnitTest>
    <UnitTest name="AccessToDB.Tests.UsersRepositoryTests.TestGetUserByEmailAsyncFailsWhenEmailNotExists(email: &quot;emailf8106f48-801e-4d7c-804d-77954d8849a3&quot;)" storage="c:\users\alena\desktop\7_sem\testing_and_debugging\skiresort\accesstodb.tests\bin\debug\net6.0\accesstodb.tests.dll" id="d1ea95a6-1ecd-3152-93b4-89e897d3dfbc">
      <Execution id="995d6912-025b-4665-a2c2-5e3009aca06b" />
      <TestMethod codeBase="C:\Users\alena\Desktop\7_sem\testing_and_debugging\SkiResort\AccessToDB.Tests\bin\Debug\net6.0\AccessToDB.Tests.dll" adapterTypeName="executor://xunit/VsTestRunner2/netcoreapp" className="AccessToDB.Tests.UsersRepositoryTests" name="TestGetUserByEmailAsyncFailsWhenEmailNotExists" />
    </UnitTest>
    <UnitTest name="AccessToDB.Tests.LiftsSlopesRepositoryTests.TestAddLiftSlopeAsyncFailsWhenLiftSlopeIdRepeats(liftSlope: LiftSlope { RecordID = 95, LiftID = 225, SlopeID = 53 })" storage="c:\users\alena\desktop\7_sem\testing_and_debugging\skiresort\accesstodb.tests\bin\debug\net6.0\accesstodb.tests.dll" id="814d6aeb-3b5c-00bd-53e3-28ff870086ae">
      <Execution id="bc876c80-e01e-4efc-9428-f44560ccecb2" />
      <TestMethod codeBase="C:\Users\alena\Desktop\7_sem\testing_and_debugging\SkiResort\AccessToDB.Tests\bin\Debug\net6.0\AccessToDB.Tests.dll" adapterTypeName="executor://xunit/VsTestRunner2/netcoreapp" className="AccessToDB.Tests.LiftsSlopesRepositoryTests" name="TestAddLiftSlopeAsyncFailsWhenLiftSlopeIdRepeats" />
    </UnitTest>
    <UnitTest name="AccessToDB.Tests.SlopesRepositoryTests.TestDeleteSlopeByIDAsyncFailsWhenIDNotExists(slopeID: 149)" storage="c:\users\alena\desktop\7_sem\testing_and_debugging\skiresort\accesstodb.tests\bin\debug\net6.0\accesstodb.tests.dll" id="960d8871-1f0d-8351-12ae-692deffda21d">
      <Execution id="7fe952d0-5d80-464c-ba88-03700964f003" />
      <TestMethod codeBase="C:\Users\alena\Desktop\7_sem\testing_and_debugging\SkiResort\AccessToDB.Tests\bin\Debug\net6.0\AccessToDB.Tests.dll" adapterTypeName="executor://xunit/VsTestRunner2/netcoreapp" className="AccessToDB.Tests.SlopesRepositoryTests" name="TestDeleteSlopeByIDAsyncFailsWhenIDNotExists" />
    </UnitTest>
    <UnitTest name="AccessToDB.Tests.LiftsRepositoryTests.TestDeleteLiftByIDAsyncFailsWhenIDNotExists(liftID: 62)" storage="c:\users\alena\desktop\7_sem\testing_and_debugging\skiresort\accesstodb.tests\bin\debug\net6.0\accesstodb.tests.dll" id="7cc5cb31-02b2-5167-7cb8-5e3ef556a2c2">
      <Execution id="bd501143-0e85-4ee6-bfc8-6d5a48733c61" />
      <TestMethod codeBase="C:\Users\alena\Desktop\7_sem\testing_and_debugging\SkiResort\AccessToDB.Tests\bin\Debug\net6.0\AccessToDB.Tests.dll" adapterTypeName="executor://xunit/VsTestRunner2/netcoreapp" className="AccessToDB.Tests.LiftsRepositoryTests" name="TestDeleteLiftByIDAsyncFailsWhenIDNotExists" />
    </UnitTest>
    <UnitTest name="AccessToDB.Tests.UsersRepositoryTests.TestCheckUserIdExistsAsyncTrue(user: User { UserID = 87, CardID = 173, UserEmail = UserEmail0f9fb3f3-1637-422d-8521-dfa6a7e69d2d, Password = password15ffebd2-254e-4c03-94f6-17816b51b3ec, Permissions = UNAUTHORIZED })" storage="c:\users\alena\desktop\7_sem\testing_and_debugging\skiresort\accesstodb.tests\bin\debug\net6.0\accesstodb.tests.dll" id="7cb0147a-350d-a1f4-c749-aba69cca7bca">
      <Execution id="50691774-42f2-4eda-a1cf-966ebd1bbbe6" />
      <TestMethod codeBase="C:\Users\alena\Desktop\7_sem\testing_and_debugging\SkiResort\AccessToDB.Tests\bin\Debug\net6.0\AccessToDB.Tests.dll" adapterTypeName="executor://xunit/VsTestRunner2/netcoreapp" className="AccessToDB.Tests.UsersRepositoryTests" name="TestCheckUserIdExistsAsyncTrue" />
    </UnitTest>
    <UnitTest name="AccessToDB.Tests.LiftsRepositoryTests.TestGetLiftByIdAsyncOk(lift: Lift { LiftID = 243, LiftName = liftNamea4d8d56a-6c08-416c-9187-8c5349a7dd1f, IsOpen = True, SeatsAmount = 4, LiftingTime = 61, QueueTime = 137, ConnectedSlopes =  })" storage="c:\users\alena\desktop\7_sem\testing_and_debugging\skiresort\accesstodb.tests\bin\debug\net6.0\accesstodb.tests.dll" id="e387cf15-eedb-eaf1-857a-723b5d8a9128">
      <Execution id="3017fa11-594f-46f8-9510-41f1686d325b" />
      <TestMethod codeBase="C:\Users\alena\Desktop\7_sem\testing_and_debugging\SkiResort\AccessToDB.Tests\bin\Debug\net6.0\AccessToDB.Tests.dll" adapterTypeName="executor://xunit/VsTestRunner2/netcoreapp" className="AccessToDB.Tests.LiftsRepositoryTests" name="TestGetLiftByIdAsyncOk" />
    </UnitTest>
    <UnitTest name="AccessToDB.Tests.LiftsSlopesRepositoryTests.TestGetLiftSlopesAsyncEmpty" storage="c:\users\alena\desktop\7_sem\testing_and_debugging\skiresort\accesstodb.tests\bin\debug\net6.0\accesstodb.tests.dll" id="4145f44e-b4b1-a618-09e8-c631496e6f1a">
      <Execution id="f671fb7b-ba46-4960-ba7d-687eebb37dbf" />
      <TestMethod codeBase="C:\Users\alena\Desktop\7_sem\testing_and_debugging\SkiResort\AccessToDB.Tests\bin\Debug\net6.0\AccessToDB.Tests.dll" adapterTypeName="executor://xunit/VsTestRunner2/netcoreapp" className="AccessToDB.Tests.LiftsSlopesRepositoryTests" name="TestGetLiftSlopesAsyncEmpty" />
    </UnitTest>
    <UnitTest name="AccessToDB.Tests.LiftsRepositoryTests.TestGetLiftByNameAsyncFailsWhenNameNotExists(liftName: &quot;liftName762c55f4-72ab-42ca-a129-784befac2046&quot;)" storage="c:\users\alena\desktop\7_sem\testing_and_debugging\skiresort\accesstodb.tests\bin\debug\net6.0\accesstodb.tests.dll" id="944ac10b-7f7a-17ba-858f-5c987826c686">
      <Execution id="c442088b-f1bd-4b4b-a6ba-44228226bf9b" />
      <TestMethod codeBase="C:\Users\alena\Desktop\7_sem\testing_and_debugging\SkiResort\AccessToDB.Tests\bin\Debug\net6.0\AccessToDB.Tests.dll" adapterTypeName="executor://xunit/VsTestRunner2/netcoreapp" className="AccessToDB.Tests.LiftsRepositoryTests" name="TestGetLiftByNameAsyncFailsWhenNameNotExists" />
    </UnitTest>
    <UnitTest name="AccessToDB.Tests.LiftsSlopesRepositoryTests.TestDeleteLiftSlopesByIDsAsyncOk(liftSlope: LiftSlope { RecordID = 231, LiftID = 41, SlopeID = 206 })" storage="c:\users\alena\desktop\7_sem\testing_and_debugging\skiresort\accesstodb.tests\bin\debug\net6.0\accesstodb.tests.dll" id="8faf4b81-66b7-acb6-80a7-759dd3b38cde">
      <Execution id="90f13559-8f26-468b-b28f-8955d08b7c12" />
      <TestMethod codeBase="C:\Users\alena\Desktop\7_sem\testing_and_debugging\SkiResort\AccessToDB.Tests\bin\Debug\net6.0\AccessToDB.Tests.dll" adapterTypeName="executor://xunit/VsTestRunner2/netcoreapp" className="AccessToDB.Tests.LiftsSlopesRepositoryTests" name="TestDeleteLiftSlopesByIDsAsyncOk" />
    </UnitTest>
    <UnitTest name="AccessToDB.Tests.SlopesRepositoryTests.TestUpdateSlopeByIDAsyncOk(slope: Slope { SlopeID = 155, SlopeName = slopeName69397537-46a4-46b7-b31c-65b5802d2243, IsOpen = True, DifficultyLevel = 233, ConnectedLifts =  })" storage="c:\users\alena\desktop\7_sem\testing_and_debugging\skiresort\accesstodb.tests\bin\debug\net6.0\accesstodb.tests.dll" id="8d542a94-673d-ed3b-bf4b-ed383ac1c8bc">
      <Execution id="624a361a-0aeb-43af-9310-d865f0a7c75c" />
      <TestMethod codeBase="C:\Users\alena\Desktop\7_sem\testing_and_debugging\SkiResort\AccessToDB.Tests\bin\Debug\net6.0\AccessToDB.Tests.dll" adapterTypeName="executor://xunit/VsTestRunner2/netcoreapp" className="AccessToDB.Tests.SlopesRepositoryTests" name="TestUpdateSlopeByIDAsyncOk" />
    </UnitTest>
    <UnitTest name="AccessToDB.Tests.TurnstilesRepositoryTests.TestUpdateTurnstileByIDAsyncOk(turnstile: Turnstile { TurnstileID = 86, LiftID = 159, IsOpen = True })" storage="c:\users\alena\desktop\7_sem\testing_and_debugging\skiresort\accesstodb.tests\bin\debug\net6.0\accesstodb.tests.dll" id="639facfe-96da-7884-257d-3b585e86d0db">
      <Execution id="3d448814-b7ab-4103-8ce2-04ad75e8450e" />
      <TestMethod codeBase="C:\Users\alena\Desktop\7_sem\testing_and_debugging\SkiResort\AccessToDB.Tests\bin\Debug\net6.0\AccessToDB.Tests.dll" adapterTypeName="executor://xunit/VsTestRunner2/netcoreapp" className="AccessToDB.Tests.TurnstilesRepositoryTests" name="TestUpdateTurnstileByIDAsyncOk" />
    </UnitTest>
    <UnitTest name="AccessToDB.Tests.LiftsSlopesRepositoryTests.TestDeleteLiftSlopeByIDAsyncFailsWhenIDNotExists(liftSlopeID: 106)" storage="c:\users\alena\desktop\7_sem\testing_and_debugging\skiresort\accesstodb.tests\bin\debug\net6.0\accesstodb.tests.dll" id="9c3d74cb-88e0-c4b7-d2ac-612a4d7a7435">
      <Execution id="6bbec0ff-6125-4695-bb6b-b002e2409179" />
      <TestMethod codeBase="C:\Users\alena\Desktop\7_sem\testing_and_debugging\SkiResort\AccessToDB.Tests\bin\Debug\net6.0\AccessToDB.Tests.dll" adapterTypeName="executor://xunit/VsTestRunner2/netcoreapp" className="AccessToDB.Tests.LiftsSlopesRepositoryTests" name="TestDeleteLiftSlopeByIDAsyncFailsWhenIDNotExists" />
    </UnitTest>
    <UnitTest name="AccessToDB.Tests.SlopesRepositoryTests.TestGetSlopesAsyncEmpty" storage="c:\users\alena\desktop\7_sem\testing_and_debugging\skiresort\accesstodb.tests\bin\debug\net6.0\accesstodb.tests.dll" id="9bbefb83-8311-6e03-307f-415e3495e223">
      <Execution id="efbc6973-5fed-4da8-ae70-fe0ecba73855" />
      <TestMethod codeBase="C:\Users\alena\Desktop\7_sem\testing_and_debugging\SkiResort\AccessToDB.Tests\bin\Debug\net6.0\AccessToDB.Tests.dll" adapterTypeName="executor://xunit/VsTestRunner2/netcoreapp" className="AccessToDB.Tests.SlopesRepositoryTests" name="TestGetSlopesAsyncEmpty" />
    </UnitTest>
    <UnitTest name="AccessToDB.Tests.LiftsRepositoryTests.TestAddLiftAutoIncrementAsyncOk" storage="c:\users\alena\desktop\7_sem\testing_and_debugging\skiresort\accesstodb.tests\bin\debug\net6.0\accesstodb.tests.dll" id="ec229f70-485a-f91b-53ed-bce655f6cd58">
      <Execution id="721de44d-199c-4cab-8512-3a4dde4443af" />
      <TestMethod codeBase="C:\Users\alena\Desktop\7_sem\testing_and_debugging\SkiResort\AccessToDB.Tests\bin\Debug\net6.0\AccessToDB.Tests.dll" adapterTypeName="executor://xunit/VsTestRunner2/netcoreapp" className="AccessToDB.Tests.LiftsRepositoryTests" name="TestAddLiftAutoIncrementAsyncOk" />
    </UnitTest>
    <UnitTest name="AccessToDB.Tests.UsersRepositoryTests.TestDeleteUserByIDAsyncFailsWhenIDNotExists(userID: 51)" storage="c:\users\alena\desktop\7_sem\testing_and_debugging\skiresort\accesstodb.tests\bin\debug\net6.0\accesstodb.tests.dll" id="fadf7ab3-6c2a-ed9e-1305-3699fe4c48e5">
      <Execution id="42941d2d-bd95-4762-acf8-db1fbb70c1cc" />
      <TestMethod codeBase="C:\Users\alena\Desktop\7_sem\testing_and_debugging\SkiResort\AccessToDB.Tests\bin\Debug\net6.0\AccessToDB.Tests.dll" adapterTypeName="executor://xunit/VsTestRunner2/netcoreapp" className="AccessToDB.Tests.UsersRepositoryTests" name="TestDeleteUserByIDAsyncFailsWhenIDNotExists" />
    </UnitTest>
    <UnitTest name="AccessToDB.Tests.TurnstilesRepositoryTests.TestGetTurnstilesAsyncEmpty" storage="c:\users\alena\desktop\7_sem\testing_and_debugging\skiresort\accesstodb.tests\bin\debug\net6.0\accesstodb.tests.dll" id="3c521313-4ed6-6bce-b4f9-c359411028e7">
      <Execution id="331f9272-a08d-4bcb-ab85-67137d24a792" />
      <TestMethod codeBase="C:\Users\alena\Desktop\7_sem\testing_and_debugging\SkiResort\AccessToDB.Tests\bin\Debug\net6.0\AccessToDB.Tests.dll" adapterTypeName="executor://xunit/VsTestRunner2/netcoreapp" className="AccessToDB.Tests.TurnstilesRepositoryTests" name="TestGetTurnstilesAsyncEmpty" />
    </UnitTest>
    <UnitTest name="AccessToDB.Tests.UsersRepositoryTests.TestCheckUserEmailExistsAsyncFalse(userEmail: &quot;userEmail6db105a1-5cb1-41c6-ba51-700b7848470a&quot;)" storage="c:\users\alena\desktop\7_sem\testing_and_debugging\skiresort\accesstodb.tests\bin\debug\net6.0\accesstodb.tests.dll" id="906c49e1-d019-cf5e-a345-f5b8e0ca0d2a">
      <Execution id="ee0c218d-dd98-4e62-b783-ac228bee845e" />
      <TestMethod codeBase="C:\Users\alena\Desktop\7_sem\testing_and_debugging\SkiResort\AccessToDB.Tests\bin\Debug\net6.0\AccessToDB.Tests.dll" adapterTypeName="executor://xunit/VsTestRunner2/netcoreapp" className="AccessToDB.Tests.UsersRepositoryTests" name="TestCheckUserEmailExistsAsyncFalse" />
    </UnitTest>
    <UnitTest name="AccessToDB.Tests.LiftsSlopesRepositoryTests.TestGetLiftsBySlopeIdAsyncOk(slope1: Slope { SlopeID = 134, SlopeName = slopeNamece273cbd-e2dd-4521-aabf-5f913e18b403, IsOpen = True, DifficultyLevel = 91, ConnectedLifts =  }, slope2: Slope { SlopeID = 34, SlopeName = slopeNamec782a4f8-9d04-49a6-a540-7da44d2b99e5, IsOpen = False, DifficultyLevel = 250, ConnectedLifts =  }, lift1: Lift { LiftID = 207, LiftName = liftNamea4d3692a-e584-44d1-a1a2-30b..." storage="c:\users\alena\desktop\7_sem\testing_and_debugging\skiresort\accesstodb.tests\bin\debug\net6.0\accesstodb.tests.dll" id="fe943bd8-ee7b-7ce7-bd5f-b50ec2d98033">
      <Execution id="3203170e-0383-4e17-91ab-ba5d2e0409ec" />
      <TestMethod codeBase="C:\Users\alena\Desktop\7_sem\testing_and_debugging\SkiResort\AccessToDB.Tests\bin\Debug\net6.0\AccessToDB.Tests.dll" adapterTypeName="executor://xunit/VsTestRunner2/netcoreapp" className="AccessToDB.Tests.LiftsSlopesRepositoryTests" name="TestGetLiftsBySlopeIdAsyncOk" />
    </UnitTest>
    <UnitTest name="AccessToDB.Tests.LiftsSlopesRepositoryTests.TestAddLiftSlopeAutoIncrementAsyncOk" storage="c:\users\alena\desktop\7_sem\testing_and_debugging\skiresort\accesstodb.tests\bin\debug\net6.0\accesstodb.tests.dll" id="30f8e924-9784-0a43-e807-094f70e06567">
      <Execution id="9fefafce-17ef-4ee1-a372-870579cd660e" />
      <TestMethod codeBase="C:\Users\alena\Desktop\7_sem\testing_and_debugging\SkiResort\AccessToDB.Tests\bin\Debug\net6.0\AccessToDB.Tests.dll" adapterTypeName="executor://xunit/VsTestRunner2/netcoreapp" className="AccessToDB.Tests.LiftsSlopesRepositoryTests" name="TestAddLiftSlopeAutoIncrementAsyncOk" />
    </UnitTest>
    <UnitTest name="AccessToDB.Tests.TurnstilesRepositoryTests.TestGetTurnstileByIdAsyncOk(turnstile: Turnstile { TurnstileID = 147, LiftID = 16, IsOpen = True })" storage="c:\users\alena\desktop\7_sem\testing_and_debugging\skiresort\accesstodb.tests\bin\debug\net6.0\accesstodb.tests.dll" id="b6e0ed57-1677-17cf-92d7-2a472356f5f3">
      <Execution id="7dd5fea3-a1b1-4416-a097-c311e9c21e7a" />
      <TestMethod codeBase="C:\Users\alena\Desktop\7_sem\testing_and_debugging\SkiResort\AccessToDB.Tests\bin\Debug\net6.0\AccessToDB.Tests.dll" adapterTypeName="executor://xunit/VsTestRunner2/netcoreapp" className="AccessToDB.Tests.TurnstilesRepositoryTests" name="TestGetTurnstileByIdAsyncOk" />
    </UnitTest>
    <UnitTest name="AccessToDB.Tests.UsersRepositoryTests.TestAddUserAutoIncrementAsyncOk" storage="c:\users\alena\desktop\7_sem\testing_and_debugging\skiresort\accesstodb.tests\bin\debug\net6.0\accesstodb.tests.dll" id="e75bb6e2-88d9-af2a-a444-c4a9d67f0f0e">
      <Execution id="38158c6c-dfe2-45d1-bfb8-afafa0506b30" />
      <TestMethod codeBase="C:\Users\alena\Desktop\7_sem\testing_and_debugging\SkiResort\AccessToDB.Tests\bin\Debug\net6.0\AccessToDB.Tests.dll" adapterTypeName="executor://xunit/VsTestRunner2/netcoreapp" className="AccessToDB.Tests.UsersRepositoryTests" name="TestAddUserAutoIncrementAsyncOk" />
    </UnitTest>
    <UnitTest name="AccessToDB.Tests.LiftsSlopesRepositoryTests.TestUpdateLiftSlopeByIDAsyncOk(liftSlope: LiftSlope { RecordID = 36, LiftID = 6, SlopeID = 65 })" storage="c:\users\alena\desktop\7_sem\testing_and_debugging\skiresort\accesstodb.tests\bin\debug\net6.0\accesstodb.tests.dll" id="49e3d948-0f1a-9531-18ea-426fa3f04751">
      <Execution id="7045ae2d-23cc-416b-aff4-6f7c08d09e21" />
      <TestMethod codeBase="C:\Users\alena\Desktop\7_sem\testing_and_debugging\SkiResort\AccessToDB.Tests\bin\Debug\net6.0\AccessToDB.Tests.dll" adapterTypeName="executor://xunit/VsTestRunner2/netcoreapp" className="AccessToDB.Tests.LiftsSlopesRepositoryTests" name="TestUpdateLiftSlopeByIDAsyncOk" />
    </UnitTest>
    <UnitTest name="AccessToDB.Tests.TurnstilesRepositoryTests.TestGetTurnstilesByLiftIdAsyncOk(liftID: 135)" storage="c:\users\alena\desktop\7_sem\testing_and_debugging\skiresort\accesstodb.tests\bin\debug\net6.0\accesstodb.tests.dll" id="b9fff7ac-2eab-c90a-8b8f-4820b96b9a61">
      <Execution id="80bbc439-63b6-4e0b-bc65-34abd1603435" />
      <TestMethod codeBase="C:\Users\alena\Desktop\7_sem\testing_and_debugging\SkiResort\AccessToDB.Tests\bin\Debug\net6.0\AccessToDB.Tests.dll" adapterTypeName="executor://xunit/VsTestRunner2/netcoreapp" className="AccessToDB.Tests.TurnstilesRepositoryTests" name="TestGetTurnstilesByLiftIdAsyncOk" />
    </UnitTest>
    <UnitTest name="AccessToDB.Tests.SlopesRepositoryTests.TestAddSlopeAutoIncrementAsyncOk" storage="c:\users\alena\desktop\7_sem\testing_and_debugging\skiresort\accesstodb.tests\bin\debug\net6.0\accesstodb.tests.dll" id="8f7ba917-f771-0dc5-f9b9-465c34344b12">
      <Execution id="dbbc9ea8-75f3-4c65-bb7d-206fa2004046" />
      <TestMethod codeBase="C:\Users\alena\Desktop\7_sem\testing_and_debugging\SkiResort\AccessToDB.Tests\bin\Debug\net6.0\AccessToDB.Tests.dll" adapterTypeName="executor://xunit/VsTestRunner2/netcoreapp" className="AccessToDB.Tests.SlopesRepositoryTests" name="TestAddSlopeAutoIncrementAsyncOk" />
    </UnitTest>
    <UnitTest name="AccessToDB.Tests.LiftsRepositoryTests.TestAddLiftAsyncFailsWhenLiftIdRepeats(lift: Lift { LiftID = 251, LiftName = liftName6c4e3d5c-c5e4-4426-bd19-3cfabebb02fd, IsOpen = True, SeatsAmount = 62, LiftingTime = 61, QueueTime = 111, ConnectedSlopes =  })" storage="c:\users\alena\desktop\7_sem\testing_and_debugging\skiresort\accesstodb.tests\bin\debug\net6.0\accesstodb.tests.dll" id="83cac054-ea3c-7d49-40b3-de19dba47dff">
      <Execution id="8448638a-ba0e-4891-bc73-ef7a9c9b22da" />
      <TestMethod codeBase="C:\Users\alena\Desktop\7_sem\testing_and_debugging\SkiResort\AccessToDB.Tests\bin\Debug\net6.0\AccessToDB.Tests.dll" adapterTypeName="executor://xunit/VsTestRunner2/netcoreapp" className="AccessToDB.Tests.LiftsRepositoryTests" name="TestAddLiftAsyncFailsWhenLiftIdRepeats" />
    </UnitTest>
    <UnitTest name="AccessToDB.Tests.TurnstilesRepositoryTests.TestDeleteTurnstileByIDAsyncFailsWhenIDNotExists(turnstileID: 10)" storage="c:\users\alena\desktop\7_sem\testing_and_debugging\skiresort\accesstodb.tests\bin\debug\net6.0\accesstodb.tests.dll" id="9aade5a2-fe65-d6df-48c2-d82da8e731cd">
      <Execution id="311caff3-a068-41b7-b57c-df042587a93e" />
      <TestMethod codeBase="C:\Users\alena\Desktop\7_sem\testing_and_debugging\SkiResort\AccessToDB.Tests\bin\Debug\net6.0\AccessToDB.Tests.dll" adapterTypeName="executor://xunit/VsTestRunner2/netcoreapp" className="AccessToDB.Tests.TurnstilesRepositoryTests" name="TestDeleteTurnstileByIDAsyncFailsWhenIDNotExists" />
    </UnitTest>
    <UnitTest name="AccessToDB.Tests.UsersRepositoryTests.TestGetUserByIdAsyncOk(user: User { UserID = 220, CardID = 219, UserEmail = UserEmail69d31ebf-2539-4ec9-a14a-1351c5c2b6db, Password = password8b384e51-8220-4fb3-92cf-d37574aada3e, Permissions = UNAUTHORIZED })" storage="c:\users\alena\desktop\7_sem\testing_and_debugging\skiresort\accesstodb.tests\bin\debug\net6.0\accesstodb.tests.dll" id="08da8423-c000-df8f-8ba2-37edd4a7a7f8">
      <Execution id="961b01c1-cdaa-4234-873f-bbbac1a8fc70" />
      <TestMethod codeBase="C:\Users\alena\Desktop\7_sem\testing_and_debugging\SkiResort\AccessToDB.Tests\bin\Debug\net6.0\AccessToDB.Tests.dll" adapterTypeName="executor://xunit/VsTestRunner2/netcoreapp" className="AccessToDB.Tests.UsersRepositoryTests" name="TestGetUserByIdAsyncOk" />
    </UnitTest>
    <UnitTest name="AccessToDB.Tests.UsersRepositoryTests.TestUpdateUserByIDAsyncOk(user: User { UserID = 236, CardID = 173, UserEmail = UserEmaile96b850f-c472-477e-8ac2-4fcc263e48e9, Password = password1a1220a2-1713-49f5-83c0-63362a45aa74, Permissions = UNAUTHORIZED })" storage="c:\users\alena\desktop\7_sem\testing_and_debugging\skiresort\accesstodb.tests\bin\debug\net6.0\accesstodb.tests.dll" id="38013993-5984-1bf8-d06d-75ab138590fc">
      <Execution id="7b44a4ed-cbfe-42b7-a1d5-f66f3616b635" />
      <TestMethod codeBase="C:\Users\alena\Desktop\7_sem\testing_and_debugging\SkiResort\AccessToDB.Tests\bin\Debug\net6.0\AccessToDB.Tests.dll" adapterTypeName="executor://xunit/VsTestRunner2/netcoreapp" className="AccessToDB.Tests.UsersRepositoryTests" name="TestUpdateUserByIDAsyncOk" />
    </UnitTest>
    <UnitTest name="AccessToDB.Tests.LiftsRepositoryTests.TestGetLiftsAsyncEmpty" storage="c:\users\alena\desktop\7_sem\testing_and_debugging\skiresort\accesstodb.tests\bin\debug\net6.0\accesstodb.tests.dll" id="607e8298-f113-be33-300e-15a343893443">
      <Execution id="aef348a2-9107-4111-b372-eaa075f54cab" />
      <TestMethod codeBase="C:\Users\alena\Desktop\7_sem\testing_and_debugging\SkiResort\AccessToDB.Tests\bin\Debug\net6.0\AccessToDB.Tests.dll" adapterTypeName="executor://xunit/VsTestRunner2/netcoreapp" className="AccessToDB.Tests.LiftsRepositoryTests" name="TestGetLiftsAsyncEmpty" />
    </UnitTest>
    <UnitTest name="AccessToDB.Tests.LiftsSlopesRepositoryTests.TestGetSlopesByLiftIdAsyncFailsWhenSlopeNotExists(liftSlope: LiftSlope { RecordID = 124, LiftID = 135, SlopeID = 29 })" storage="c:\users\alena\desktop\7_sem\testing_and_debugging\skiresort\accesstodb.tests\bin\debug\net6.0\accesstodb.tests.dll" id="320cac17-b8f4-9629-f411-15e940db593f">
      <Execution id="adecb69a-934c-4076-9480-b18ebe0e7027" />
      <TestMethod codeBase="C:\Users\alena\Desktop\7_sem\testing_and_debugging\SkiResort\AccessToDB.Tests\bin\Debug\net6.0\AccessToDB.Tests.dll" adapterTypeName="executor://xunit/VsTestRunner2/netcoreapp" className="AccessToDB.Tests.LiftsSlopesRepositoryTests" name="TestGetSlopesByLiftIdAsyncFailsWhenSlopeNotExists" />
    </UnitTest>
    <UnitTest name="AccessToDB.Tests.SlopesRepositoryTests.TestGetSlopeByNameAsyncFailsWhenNameNotExists(slopeName: &quot;slopeName492268fd-9c89-40f8-8443-a49ff548e09f&quot;)" storage="c:\users\alena\desktop\7_sem\testing_and_debugging\skiresort\accesstodb.tests\bin\debug\net6.0\accesstodb.tests.dll" id="04699d95-f60c-c217-8ff8-0bb318a82d74">
      <Execution id="eb40262f-de50-426a-96c7-a597dc881723" />
      <TestMethod codeBase="C:\Users\alena\Desktop\7_sem\testing_and_debugging\SkiResort\AccessToDB.Tests\bin\Debug\net6.0\AccessToDB.Tests.dll" adapterTypeName="executor://xunit/VsTestRunner2/netcoreapp" className="AccessToDB.Tests.SlopesRepositoryTests" name="TestGetSlopeByNameAsyncFailsWhenNameNotExists" />
    </UnitTest>
    <UnitTest name="AccessToDB.Tests.LiftsRepositoryTests.TestUpdateLiftByIDAsyncOk(lift: Lift { LiftID = 65, LiftName = liftName29cdd8b4-a90c-4978-9204-9ae259c84be6, IsOpen = True, SeatsAmount = 219, LiftingTime = 17, QueueTime = 127, ConnectedSlopes =  })" storage="c:\users\alena\desktop\7_sem\testing_and_debugging\skiresort\accesstodb.tests\bin\debug\net6.0\accesstodb.tests.dll" id="1d98a641-5d4e-0d7f-afc4-a1024086334d">
      <Execution id="0dc0d6bb-90b7-4dfa-98de-719512a9d2dd" />
      <TestMethod codeBase="C:\Users\alena\Desktop\7_sem\testing_and_debugging\SkiResort\AccessToDB.Tests\bin\Debug\net6.0\AccessToDB.Tests.dll" adapterTypeName="executor://xunit/VsTestRunner2/netcoreapp" className="AccessToDB.Tests.LiftsRepositoryTests" name="TestUpdateLiftByIDAsyncOk" />
    </UnitTest>
  </TestDefinitions>
  <TestEntries>
    <TestEntry testId="30f8e924-9784-0a43-e807-094f70e06567" executionId="9fefafce-17ef-4ee1-a372-870579cd660e" testListId="8c84fa94-04c1-424b-9868-57a2d4851a1d" />
    <TestEntry testId="a8a6cae6-0ce9-2e31-7f58-0fe928d4d323" executionId="cd4b57a1-1e13-432f-a8ee-d82dbc1abd6e" testListId="8c84fa94-04c1-424b-9868-57a2d4851a1d" />
    <TestEntry testId="fe943bd8-ee7b-7ce7-bd5f-b50ec2d98033" executionId="3203170e-0383-4e17-91ab-ba5d2e0409ec" testListId="8c84fa94-04c1-424b-9868-57a2d4851a1d" />
    <TestEntry testId="b9fff7ac-2eab-c90a-8b8f-4820b96b9a61" executionId="80bbc439-63b6-4e0b-bc65-34abd1603435" testListId="8c84fa94-04c1-424b-9868-57a2d4851a1d" />
    <TestEntry testId="960d8871-1f0d-8351-12ae-692deffda21d" executionId="7fe952d0-5d80-464c-ba88-03700964f003" testListId="8c84fa94-04c1-424b-9868-57a2d4851a1d" />
    <TestEntry testId="d1ea95a6-1ecd-3152-93b4-89e897d3dfbc" executionId="995d6912-025b-4665-a2c2-5e3009aca06b" testListId="8c84fa94-04c1-424b-9868-57a2d4851a1d" />
    <TestEntry testId="8f7ba917-f771-0dc5-f9b9-465c34344b12" executionId="dbbc9ea8-75f3-4c65-bb7d-206fa2004046" testListId="8c84fa94-04c1-424b-9868-57a2d4851a1d" />
    <TestEntry testId="9bbefb83-8311-6e03-307f-415e3495e223" executionId="efbc6973-5fed-4da8-ae70-fe0ecba73855" testListId="8c84fa94-04c1-424b-9868-57a2d4851a1d" />
    <TestEntry testId="49e3d948-0f1a-9531-18ea-426fa3f04751" executionId="7045ae2d-23cc-416b-aff4-6f7c08d09e21" testListId="8c84fa94-04c1-424b-9868-57a2d4851a1d" />
    <TestEntry testId="7cc5cb31-02b2-5167-7cb8-5e3ef556a2c2" executionId="bd501143-0e85-4ee6-bfc8-6d5a48733c61" testListId="8c84fa94-04c1-424b-9868-57a2d4851a1d" />
    <TestEntry testId="08da8423-c000-df8f-8ba2-37edd4a7a7f8" executionId="961b01c1-cdaa-4234-873f-bbbac1a8fc70" testListId="8c84fa94-04c1-424b-9868-57a2d4851a1d" />
    <TestEntry testId="04699d95-f60c-c217-8ff8-0bb318a82d74" executionId="eb40262f-de50-426a-96c7-a597dc881723" testListId="8c84fa94-04c1-424b-9868-57a2d4851a1d" />
    <TestEntry testId="fadf7ab3-6c2a-ed9e-1305-3699fe4c48e5" executionId="42941d2d-bd95-4762-acf8-db1fbb70c1cc" testListId="8c84fa94-04c1-424b-9868-57a2d4851a1d" />
    <TestEntry testId="38013993-5984-1bf8-d06d-75ab138590fc" executionId="7b44a4ed-cbfe-42b7-a1d5-f66f3616b635" testListId="8c84fa94-04c1-424b-9868-57a2d4851a1d" />
    <TestEntry testId="b1c53ce3-e0f4-e956-1c0e-a41c760d6cec" executionId="c6063e9c-43d4-40dc-8455-2cfff643f130" testListId="8c84fa94-04c1-424b-9868-57a2d4851a1d" />
    <TestEntry testId="607e8298-f113-be33-300e-15a343893443" executionId="aef348a2-9107-4111-b372-eaa075f54cab" testListId="8c84fa94-04c1-424b-9868-57a2d4851a1d" />
    <TestEntry testId="8d542a94-673d-ed3b-bf4b-ed383ac1c8bc" executionId="624a361a-0aeb-43af-9310-d865f0a7c75c" testListId="8c84fa94-04c1-424b-9868-57a2d4851a1d" />
    <TestEntry testId="814d6aeb-3b5c-00bd-53e3-28ff870086ae" executionId="bc876c80-e01e-4efc-9428-f44560ccecb2" testListId="8c84fa94-04c1-424b-9868-57a2d4851a1d" />
    <TestEntry testId="944ac10b-7f7a-17ba-858f-5c987826c686" executionId="c442088b-f1bd-4b4b-a6ba-44228226bf9b" testListId="8c84fa94-04c1-424b-9868-57a2d4851a1d" />
    <TestEntry testId="7cb0147a-350d-a1f4-c749-aba69cca7bca" executionId="50691774-42f2-4eda-a1cf-966ebd1bbbe6" testListId="8c84fa94-04c1-424b-9868-57a2d4851a1d" />
    <TestEntry testId="3741b26d-6ee0-6246-29e4-92009bff37b0" executionId="4fec9f57-8afe-4639-ac26-d69341a5111a" testListId="8c84fa94-04c1-424b-9868-57a2d4851a1d" />
    <TestEntry testId="f9435956-2e34-e52b-c34e-dce53665cf8e" executionId="4ce8b3b5-4fe9-4078-81cb-69794018e5f9" testListId="8c84fa94-04c1-424b-9868-57a2d4851a1d" />
    <TestEntry testId="9c3d74cb-88e0-c4b7-d2ac-612a4d7a7435" executionId="6bbec0ff-6125-4695-bb6b-b002e2409179" testListId="8c84fa94-04c1-424b-9868-57a2d4851a1d" />
    <TestEntry testId="3e56900a-6182-ab2c-98c6-141e9b4873c6" executionId="82787723-c908-4997-bfd9-19ee6b221fe5" testListId="8c84fa94-04c1-424b-9868-57a2d4851a1d" />
    <TestEntry testId="3c521313-4ed6-6bce-b4f9-c359411028e7" executionId="331f9272-a08d-4bcb-ab85-67137d24a792" testListId="8c84fa94-04c1-424b-9868-57a2d4851a1d" />
    <TestEntry testId="906c49e1-d019-cf5e-a345-f5b8e0ca0d2a" executionId="ee0c218d-dd98-4e62-b783-ac228bee845e" testListId="8c84fa94-04c1-424b-9868-57a2d4851a1d" />
    <TestEntry testId="9aade5a2-fe65-d6df-48c2-d82da8e731cd" executionId="311caff3-a068-41b7-b57c-df042587a93e" testListId="8c84fa94-04c1-424b-9868-57a2d4851a1d" />
    <TestEntry testId="83cac054-ea3c-7d49-40b3-de19dba47dff" executionId="8448638a-ba0e-4891-bc73-ef7a9c9b22da" testListId="8c84fa94-04c1-424b-9868-57a2d4851a1d" />
    <TestEntry testId="b6e0ed57-1677-17cf-92d7-2a472356f5f3" executionId="7dd5fea3-a1b1-4416-a097-c311e9c21e7a" testListId="8c84fa94-04c1-424b-9868-57a2d4851a1d" />
    <TestEntry testId="e387cf15-eedb-eaf1-857a-723b5d8a9128" executionId="3017fa11-594f-46f8-9510-41f1686d325b" testListId="8c84fa94-04c1-424b-9868-57a2d4851a1d" />
    <TestEntry testId="4145f44e-b4b1-a618-09e8-c631496e6f1a" executionId="f671fb7b-ba46-4960-ba7d-687eebb37dbf" testListId="8c84fa94-04c1-424b-9868-57a2d4851a1d" />
    <TestEntry testId="639facfe-96da-7884-257d-3b585e86d0db" executionId="3d448814-b7ab-4103-8ce2-04ad75e8450e" testListId="8c84fa94-04c1-424b-9868-57a2d4851a1d" />
    <TestEntry testId="e75bb6e2-88d9-af2a-a444-c4a9d67f0f0e" executionId="38158c6c-dfe2-45d1-bfb8-afafa0506b30" testListId="8c84fa94-04c1-424b-9868-57a2d4851a1d" />
    <TestEntry testId="1d98a641-5d4e-0d7f-afc4-a1024086334d" executionId="0dc0d6bb-90b7-4dfa-98de-719512a9d2dd" testListId="8c84fa94-04c1-424b-9868-57a2d4851a1d" />
    <TestEntry testId="ec229f70-485a-f91b-53ed-bce655f6cd58" executionId="721de44d-199c-4cab-8512-3a4dde4443af" testListId="8c84fa94-04c1-424b-9868-57a2d4851a1d" />
    <TestEntry testId="320cac17-b8f4-9629-f411-15e940db593f" executionId="adecb69a-934c-4076-9480-b18ebe0e7027" testListId="8c84fa94-04c1-424b-9868-57a2d4851a1d" />
    <TestEntry testId="8faf4b81-66b7-acb6-80a7-759dd3b38cde" executionId="90f13559-8f26-468b-b28f-8955d08b7c12" testListId="8c84fa94-04c1-424b-9868-57a2d4851a1d" />
    <TestEntry testId="bf197867-3be6-b6bb-6b9d-46df0ae6bc27" executionId="08c8fd6e-17bb-4661-b51a-f03cfc4aec26" testListId="8c84fa94-04c1-424b-9868-57a2d4851a1d" />
    <TestEntry testId="5e79d4ef-fcb3-1630-1af9-9e9521b73eed" executionId="3478c811-d087-40d7-8563-8e1d7e69db54" testListId="8c84fa94-04c1-424b-9868-57a2d4851a1d" />
  </TestEntries>
  <TestLists>
    <TestList name="Список результатов" id="8c84fa94-04c1-424b-9868-57a2d4851a1d" />
    <TestList name="Все загруженные результаты" id="19431567-8539-422a-85d7-44ee4e166bda" />
  </TestLists>
  <ResultSummary outcome="Failed">
    <Counters total="39" executed="39" passed="38" failed="1" error="0" timeout="0" aborted="0" inconclusive="0" passedButRunAborted="0" notRunnable="0" notExecuted="0" disconnected="0" warning="0" completed="0" inProgress="0" pending="0" />
    <Output>
      <StdOut>[xUnit.net 00:00:00.00] xUnit.net VSTest Adapter v2.4.5+1caef2f33e (64-bit .NET 6.0.3)&#xD;
[xUnit.net 00:00:00.56]   Discovering: AccessToDB.Tests&#xD;
[xUnit.net 00:00:00.69]   Discovered:  AccessToDB.Tests&#xD;
[xUnit.net 00:00:00.69]   Starting:    AccessToDB.Tests&#xD;
[xUnit.net 00:00:04.46]       System.InvalidOperationException : Operations that change non-concurrent collections must have exclusive access. A concurrent update was performed on this collection and corrupted its state. The collection's state is no longer correct.&#xD;
[xUnit.net 00:00:04.46]       Stack Trace:&#xD;
[xUnit.net 00:00:04.46]            at System.Collections.Generic.Dictionary`2.FindValue(TKey key)&#xD;
[xUnit.net 00:00:04.46]            at System.Collections.Generic.Dictionary`2.TryGetValue(TKey key, TValue&amp; value)&#xD;
[xUnit.net 00:00:04.46]            at ProGaudi.MsgPack.Light.MsgPackContext.GetObjectActivator(Type type)&#xD;
[xUnit.net 00:00:04.46]            at ProGaudi.MsgPack.Light.MsgPackContext.&lt;&gt;c__DisplayClass24_0.&lt;TryGenerateConverterFromGenericConverter&gt;b__0(Type x)&#xD;
[xUnit.net 00:00:04.46]            at ProGaudi.MsgPack.Light.MsgPackContext.TryGenerateConverterFromGenericConverter(Type type)&#xD;
[xUnit.net 00:00:04.46]            at ProGaudi.MsgPack.Light.MsgPackContext.GetConverter[T]()&#xD;
[xUnit.net 00:00:04.46]            at ProGaudi.MsgPack.Light.Converters.ArrayConverterBase`2.Initialize(MsgPackContext context)&#xD;
[xUnit.net 00:00:04.46]            at ProGaudi.MsgPack.Light.MsgPackContext.CreateAndInializeConverter(Func`1 converterActivator)&#xD;
[xUnit.net 00:00:04.46]            at ProGaudi.MsgPack.Light.MsgPackContext.&lt;&gt;c__DisplayClass27_0.&lt;TryGenerateArrayConverter&gt;b__0(Type x)&#xD;
[xUnit.net 00:00:04.46]            at ProGaudi.MsgPack.Light.Extensions.GetOrAdd[TKey,TValue](Dictionary`2 dictionary, TKey key, Func`2 creator)&#xD;
[xUnit.net 00:00:04.46]            at ProGaudi.MsgPack.Light.MsgPackContext.TryGenerateArrayConverter(Type type)&#xD;
[xUnit.net 00:00:04.47]            at ProGaudi.MsgPack.Light.MsgPackContext.GetConverter[T]()&#xD;
[xUnit.net 00:00:04.47]            at ProGaudi.Tarantool.Client.Converters.ResponsePacketConverter`1.Initialize(MsgPackContext context)&#xD;
[xUnit.net 00:00:04.47]            at ProGaudi.MsgPack.Light.MsgPackContext.CreateAndInializeConverter(Func`1 converterActivator)&#xD;
[xUnit.net 00:00:04.47]            at ProGaudi.MsgPack.Light.MsgPackContext.TryGenerateConverterFromGenericConverter(Type type)&#xD;
[xUnit.net 00:00:04.47]            at ProGaudi.MsgPack.Light.MsgPackContext.GetConverter[T]()&#xD;
[xUnit.net 00:00:04.47]            at ProGaudi.MsgPack.Light.MsgPackSerializer.GetConverter[T](MsgPackContext context)&#xD;
[xUnit.net 00:00:04.47]            at ProGaudi.MsgPack.Light.MsgPackSerializer.Deserialize[T](MemoryStream stream, MsgPackContext context)&#xD;
[xUnit.net 00:00:04.47]            at ProGaudi.Tarantool.Client.LogicalConnection.SendRequest[TRequest,TResponse](TRequest request, Nullable`1 timeout)&#xD;
[xUnit.net 00:00:04.47]            at ProGaudi.Tarantool.Client.LogicalConnectionManager.SendRequest[TRequest,TResponse](TRequest request, Nullable`1 timeout)&#xD;
[xUnit.net 00:00:04.47]            at ProGaudi.Tarantool.Client.Index.Select[TKey,TTuple](TKey key, SelectOptions options)&#xD;
[xUnit.net 00:00:04.47]         C:\Users\alena\Desktop\7_sem\testing_and_debugging\SkiResort\AccessToDB\TarantoolRepositories\TarantoolSlopesRepository.cs(36,0): at AccessToDB.RepositoriesTarantool.TarantoolSlopesRepository.GetSlopesAsync(UInt32 offset, UInt32 limit)&#xD;
[xUnit.net 00:00:04.47]         C:\Users\alena\Desktop\7_sem\testing_and_debugging\SkiResort\AccessToDB.Tests\SlopesRepositoryTests.cs(40,0): at AccessToDB.Tests.SlopesRepositoryTests.CleanSlopesTable()&#xD;
[xUnit.net 00:00:04.47]         C:\Users\alena\Desktop\7_sem\testing_and_debugging\SkiResort\AccessToDB.Tests\SlopesRepositoryTests.cs(30,0): at AccessToDB.Tests.SlopesRepositoryTests..ctor()&#xD;
[xUnit.net 00:00:04.47]            at System.RuntimeType.CreateInstanceDefaultCtor(Boolean publicOnly, Boolean wrapExceptions)&#xD;
[xUnit.net 00:00:24.88]   Finished:    AccessToDB.Tests&#xD;
</StdOut>
    </Output>
    <RunInfos>
      <RunInfo computerName="DESKTOP-TJ9D65N" outcome="Error" timestamp="2022-10-15T20:11:29.6477464+03:00">
        <Text>[xUnit.net 00:00:04.46]     AccessToDB.Tests.SlopesRepositoryTests.TestGetSlopeByNameAsyncFailsWhenNameNotExists(slopeName: "slopeName492268fd-9c89-40f8-8443-a49ff548e09f") [FAIL]</Text>
      </RunInfo>
    </RunInfos>
  </ResultSummary>
</TestRun>