<?xml version="1.0" encoding="utf-8"?>
<TestRun id="e3e33e45-afbd-4da0-bdda-08775305912b" name="alena@DESKTOP-TJ9D65N 2022-10-11 00:12:28" runUser="DESKTOP-TJ9D65N\alena" xmlns="http://microsoft.com/schemas/VisualStudio/TeamTest/2010">
  <Times creation="2022-10-11T00:12:28.7837958+03:00" queuing="2022-10-11T00:12:28.7837961+03:00" start="2022-10-11T00:12:26.1590437+03:00" finish="2022-10-11T00:12:28.7842145+03:00" />
  <TestSettings name="default" id="89c86767-95b3-4ce9-9cab-8f515d9153a9">
    <Deployment runDeploymentRoot="alena_DESKTOP-TJ9D65N_2022-10-11_00_12_28" />
  </TestSettings>
  <TestLists>
    <TestList name="Список результатов" id="8c84fa94-04c1-424b-9868-57a2d4851a1d" />
    <TestList name="Все загруженные результаты" id="19431567-8539-422a-85d7-44ee4e166bda" />
  </TestLists>
  <ResultSummary outcome="Completed">
    <Counters total="0" executed="0" passed="0" failed="0" error="0" timeout="0" aborted="0" inconclusive="0" passedButRunAborted="0" notRunnable="0" notExecuted="0" disconnected="0" warning="0" completed="0" inProgress="0" pending="0" />
    <Output>
      <StdOut>[xUnit.net 00:00:00.00] xUnit.net VSTest Adapter v2.4.5+1caef2f33e (64-bit .NET 6.0.3)&#xD;
[xUnit.net 00:00:01.06]   Discovering: AccessToDB.Tests&#xD;
[xUnit.net 00:00:01.24]   Discovered:  AccessToDB.Tests&#xD;
[xUnit.net 00:00:01.24]   Starting:    AccessToDB.Tests&#xD;
[xUnit.net 00:00:01.37]   Finished:    AccessToDB.Tests&#xD;
</StdOut>
    </Output>
    <RunInfos>
      <RunInfo computerName="DESKTOP-TJ9D65N" outcome="Warning" timestamp="2022-10-11T00:12:28.6469883+03:00">
        <Text>В C:\Users\alena\Desktop\7_sem\testing_and_debugging\SkiResort\AccessToDB.Tests\bin\Debug\net6.0\AccessToDB.Tests.dll нет доступных тестов. Убедитесь, что средства обнаружения и выполнения тестов зарегистрированы, а также проверьте правильность параметров платформы и версии платформы, после чего повторите попытку.</Text>
      </RunInfo>
    </RunInfos>
  </ResultSummary>
</TestRun>