<?xml version="1.0" encoding="utf-8"?>
<TestRun id="c36bc012-3bea-46cf-88a6-a4a6b43ab34c" name="alena@DESKTOP-TJ9D65N 2022-10-15 20:25:45" runUser="DESKTOP-TJ9D65N\alena" xmlns="http://microsoft.com/schemas/VisualStudio/TeamTest/2010">
  <Times creation="2022-10-15T20:25:45.0974434+03:00" queuing="2022-10-15T20:25:45.0974438+03:00" start="2022-10-15T20:25:43.0466595+03:00" finish="2022-10-15T20:26:07.9045312+03:00" />
  <TestSettings name="default" id="e3e6a245-2231-4db8-9607-edb7475e8b31">
    <Deployment runDeploymentRoot="alena_DESKTOP-TJ9D65N_2022-10-15_20_25_45" />
  </TestSettings>
  <Results>
    <UnitTestResult executionId="2b1d5d44-9d30-4d3c-9363-389b42e2b82d" testId="61c94580-789d-39bf-3f4a-7a7d7e523377" testName="AccessToDB.Tests.SlopesRepositoryTests.TestGetSlopeByIdAsyncOk(slope: Slope { SlopeID = 8, SlopeName = slopeName8b0b1e55-343c-41e3-b1a2-04c7573f35aa, IsOpen = True, DifficultyLevel = 65, ConnectedLifts =  })" computerName="DESKTOP-TJ9D65N" duration="00:00:00.5977614" startTime="2022-10-15T20:26:04.9180288+03:00" endTime="2022-10-15T20:26:04.9180289+03:00" testType="13cdc9d9-ddb5-4fa4-a97d-d965ccfc6d4b" outcome="Passed" testListId="8c84fa94-04c1-424b-9868-57a2d4851a1d" relativeResultsDirectory="2b1d5d44-9d30-4d3c-9363-389b42e2b82d" />
    <UnitTestResult executionId="96844754-b873-4d4c-9a23-f6ce8206fb99" testId="e6542c3f-f740-de76-1b2b-daebfbea3095" testName="AccessToDB.Tests.LiftsRepositoryTests.TestAddLiftAsyncFailsWhenLiftIdRepeats(lift: Lift { LiftID = 68, LiftName = liftName73bd31aa-a24e-4b8a-af0e-bb1f00f13093, IsOpen = True, SeatsAmount = 126, LiftingTime = 111, QueueTime = 176, ConnectedSlopes =  })" computerName="DESKTOP-TJ9D65N" duration="00:00:00.6149115" startTime="2022-10-15T20:25:57.6808188+03:00" endTime="2022-10-15T20:25:57.6808189+03:00" testType="13cdc9d9-ddb5-4fa4-a97d-d965ccfc6d4b" outcome="Passed" testListId="8c84fa94-04c1-424b-9868-57a2d4851a1d" relativeResultsDirectory="96844754-b873-4d4c-9a23-f6ce8206fb99" />
    <UnitTestResult executionId="b15def89-b096-4766-af20-8fc8a571fc7c" testId="8de8aaae-3d86-df00-14b9-3b2ba725062a" testName="AccessToDB.Tests.LiftsSlopesRepositoryTests.TestDeleteLiftSlopesByIDsAsyncOk(liftSlope: LiftSlope { RecordID = 15, LiftID = 171, SlopeID = 116 })" computerName="DESKTOP-TJ9D65N" duration="00:00:00.6164912" startTime="2022-10-15T20:25:58.8690452+03:00" endTime="2022-10-15T20:25:58.8690453+03:00" testType="13cdc9d9-ddb5-4fa4-a97d-d965ccfc6d4b" outcome="Passed" testListId="8c84fa94-04c1-424b-9868-57a2d4851a1d" relativeResultsDirectory="b15def89-b096-4766-af20-8fc8a571fc7c" />
    <UnitTestResult executionId="7fcb7335-7742-446b-a69e-6c0c48690764" testId="d6a39053-3dee-db35-080b-ba4ea45645d0" testName="AccessToDB.Tests.LiftsSlopesRepositoryTests.TestGetLiftSlopeByIdAsyncOk(liftSlope: LiftSlope { RecordID = 198, LiftID = 28, SlopeID = 215 })" computerName="DESKTOP-TJ9D65N" duration="00:00:00.5946034" startTime="2022-10-15T20:26:00.6538958+03:00" endTime="2022-10-15T20:26:00.6538958+03:00" testType="13cdc9d9-ddb5-4fa4-a97d-d965ccfc6d4b" outcome="Passed" testListId="8c84fa94-04c1-424b-9868-57a2d4851a1d" relativeResultsDirectory="7fcb7335-7742-446b-a69e-6c0c48690764" />
    <UnitTestResult executionId="cb5218dc-5b94-405d-8351-e2bcf629727c" testId="59bd12bd-f5fb-44e7-8f19-b88a6f3c535d" testName="AccessToDB.Tests.LiftsSlopesRepositoryTests.TestDeleteLiftSlopeByIDAsyncFailsWhenIDNotExists(liftSlopeID: 172)" computerName="DESKTOP-TJ9D65N" duration="00:00:00.5646059" startTime="2022-10-15T20:26:00.0550955+03:00" endTime="2022-10-15T20:26:00.0550957+03:00" testType="13cdc9d9-ddb5-4fa4-a97d-d965ccfc6d4b" outcome="Passed" testListId="8c84fa94-04c1-424b-9868-57a2d4851a1d" relativeResultsDirectory="cb5218dc-5b94-405d-8351-e2bcf629727c" />
    <UnitTestResult executionId="9fb59ba0-e154-4ab0-90d6-85b46d398f9a" testId="9bbefb83-8311-6e03-307f-415e3495e223" testName="AccessToDB.Tests.SlopesRepositoryTests.TestGetSlopesAsyncEmpty" computerName="DESKTOP-TJ9D65N" duration="00:00:00.5550755" startTime="2022-10-15T20:26:07.2681746+03:00" endTime="2022-10-15T20:26:07.2681747+03:00" testType="13cdc9d9-ddb5-4fa4-a97d-d965ccfc6d4b" outcome="Passed" testListId="8c84fa94-04c1-424b-9868-57a2d4851a1d" relativeResultsDirectory="9fb59ba0-e154-4ab0-90d6-85b46d398f9a" />
    <UnitTestResult executionId="860996e4-31a9-4872-b87a-ea5ca93e5b50" testId="cbff979a-a83b-025a-91f2-37ff5c7c181c" testName="AccessToDB.Tests.LiftsSlopesRepositoryTests.TestGetLiftsBySlopeIdAsyncOk(slope1: Slope { SlopeID = 148, SlopeName = slopeName5c30ca2c-5a28-4511-b02f-42194de04b16, IsOpen = True, DifficultyLevel = 174, ConnectedLifts =  }, slope2: Slope { SlopeID = 197, SlopeName = slopeName741ee270-30c3-46b0-ad2c-0e2c020d5517, IsOpen = False, DifficultyLevel = 92, ConnectedLifts =  }, lift1: Lift { LiftID = 41, LiftName = liftName53cfa50f-16bb-4710-889f-e566a22a15f8, IsOpen = True, SeatsAmount = 128, LiftingTime = 203, QueueTime = 222, ConnectedSlopes =  }, lift2: Lift { LiftID = 74, LiftName = liftName4fad0949-6350-4773-96a3-aa3b966fa57d, IsOpen = False, SeatsAmount = 19, LiftingTime = 217, QueueTime = 186, ConnectedSlopes =  })" computerName="DESKTOP-TJ9D65N" duration="00:00:00.6535520" startTime="2022-10-15T20:26:03.7053313+03:00" endTime="2022-10-15T20:26:03.7053314+03:00" testType="13cdc9d9-ddb5-4fa4-a97d-d965ccfc6d4b" outcome="Passed" testListId="8c84fa94-04c1-424b-9868-57a2d4851a1d" relativeResultsDirectory="860996e4-31a9-4872-b87a-ea5ca93e5b50" />
    <UnitTestResult executionId="b4811abc-6f3c-4a3a-9939-2856f632f77a" testId="2a854c33-ffd1-f772-e65f-e1a853bc26ce" testName="AccessToDB.Tests.LiftsRepositoryTests.TestGetLiftByNameAsyncFailsWhenNameNotExists(liftName: &quot;liftName071c4a6b-88ea-4a10-87ac-826d6eccc0d0&quot;)" computerName="DESKTOP-TJ9D65N" duration="00:00:00.5618009" startTime="2022-10-15T20:25:55.8745507+03:00" endTime="2022-10-15T20:25:55.8745508+03:00" testType="13cdc9d9-ddb5-4fa4-a97d-d965ccfc6d4b" outcome="Passed" testListId="8c84fa94-04c1-424b-9868-57a2d4851a1d" relativeResultsDirectory="b4811abc-6f3c-4a3a-9939-2856f632f77a" />
    <UnitTestResult executionId="5384b6ca-0e3e-4f0d-8054-5c17666f5c24" testId="fd7ed18b-cfc2-5870-907e-d3f53fb58325" testName="AccessToDB.Tests.LiftsRepositoryTests.TestUpdateLiftByIDAsyncOk(lift: Lift { LiftID = 2, LiftName = liftName902522af-2d7a-4f14-bfcc-9867a4b1830e, IsOpen = True, SeatsAmount = 160, LiftingTime = 201, QueueTime = 249, ConnectedSlopes =  })" computerName="DESKTOP-TJ9D65N" duration="00:00:00.6123594" startTime="2022-10-15T20:25:57.0610133+03:00" endTime="2022-10-15T20:25:57.0610134+03:00" testType="13cdc9d9-ddb5-4fa4-a97d-d965ccfc6d4b" outcome="Passed" testListId="8c84fa94-04c1-424b-9868-57a2d4851a1d" relativeResultsDirectory="5384b6ca-0e3e-4f0d-8054-5c17666f5c24" />
    <UnitTestResult executionId="6062c31e-7067-4313-a22e-0a51ef72b654" testId="e75bb6e2-88d9-af2a-a444-c4a9d67f0f0e" testName="AccessToDB.Tests.UsersRepositoryTests.TestAddUserAutoIncrementAsyncOk" computerName="DESKTOP-TJ9D65N" duration="00:00:00.6229879" startTime="2022-10-15T20:25:49.7314873+03:00" endTime="2022-10-15T20:25:49.7314873+03:00" testType="13cdc9d9-ddb5-4fa4-a97d-d965ccfc6d4b" outcome="Passed" testListId="8c84fa94-04c1-424b-9868-57a2d4851a1d" relativeResultsDirectory="6062c31e-7067-4313-a22e-0a51ef72b654" />
    <UnitTestResult executionId="772ba2af-3b66-406a-8e9e-359d8f826676" testId="8f7ba917-f771-0dc5-f9b9-465c34344b12" testName="AccessToDB.Tests.SlopesRepositoryTests.TestAddSlopeAutoIncrementAsyncOk" computerName="DESKTOP-TJ9D65N" duration="00:00:00.6086893" startTime="2022-10-15T20:26:06.1430527+03:00" endTime="2022-10-15T20:26:06.1430528+03:00" testType="13cdc9d9-ddb5-4fa4-a97d-d965ccfc6d4b" outcome="Passed" testListId="8c84fa94-04c1-424b-9868-57a2d4851a1d" relativeResultsDirectory="772ba2af-3b66-406a-8e9e-359d8f826676" />
    <UnitTestResult executionId="c0fb9831-7ae3-43a8-a87f-39bfa89d1bfe" testId="99024065-0afa-4aa1-c4b3-0beda08ffc61" testName="AccessToDB.Tests.SlopesRepositoryTests.TestUpdateSlopeByIDAsyncOk(slope: Slope { SlopeID = 240, SlopeName = slopeName7082d7de-3326-497e-aa3d-16c7d9c38a39, IsOpen = True, DifficultyLevel = 47, ConnectedLifts =  })" computerName="DESKTOP-TJ9D65N" duration="00:00:00.6058267" startTime="2022-10-15T20:26:04.3169735+03:00" endTime="2022-10-15T20:26:04.3169738+03:00" testType="13cdc9d9-ddb5-4fa4-a97d-d965ccfc6d4b" outcome="Passed" testListId="8c84fa94-04c1-424b-9868-57a2d4851a1d" relativeResultsDirectory="c0fb9831-7ae3-43a8-a87f-39bfa89d1bfe" />
    <UnitTestResult executionId="637c81ae-6315-42f7-ad6e-ec2e27656e44" testId="7b3f1ffc-2eb6-7221-c02e-fb39e87f281e" testName="AccessToDB.Tests.TurnstilesRepositoryTests.TestUpdateTurnstileByIDAsyncOk(turnstile: Turnstile { TurnstileID = 123, LiftID = 164, IsOpen = True })" computerName="DESKTOP-TJ9D65N" duration="00:00:00.6073059" startTime="2022-10-15T20:25:52.1086473+03:00" endTime="2022-10-15T20:25:52.1086475+03:00" testType="13cdc9d9-ddb5-4fa4-a97d-d965ccfc6d4b" outcome="Passed" testListId="8c84fa94-04c1-424b-9868-57a2d4851a1d" relativeResultsDirectory="637c81ae-6315-42f7-ad6e-ec2e27656e44" />
    <UnitTestResult executionId="7316a493-f860-4f1d-9b69-092a77e32c00" testId="a1345502-39f0-ab08-caa1-3952a1e06933" testName="AccessToDB.Tests.UsersRepositoryTests.TestDeleteUserByIDAsyncFailsWhenIDNotExists(userID: 23)" computerName="DESKTOP-TJ9D65N" duration="00:00:00.5634176" startTime="2022-10-15T20:25:49.1049836+03:00" endTime="2022-10-15T20:25:49.1049837+03:00" testType="13cdc9d9-ddb5-4fa4-a97d-d965ccfc6d4b" outcome="Passed" testListId="8c84fa94-04c1-424b-9868-57a2d4851a1d" relativeResultsDirectory="7316a493-f860-4f1d-9b69-092a77e32c00" />
    <UnitTestResult executionId="d23ea57f-6dee-4b74-b652-86936cd69ff6" testId="37c49574-ba2a-d2b8-df24-5ec8612f3a6f" testName="AccessToDB.Tests.UsersRepositoryTests.TestAddUserAsyncFailsWhenUserIdRepeats(user: User { UserID = 74, CardID = 184, UserEmail = UserEmail5414e520-0c60-47ac-870d-d5ad4c2f39ce, Password = passwordf0acb522-cfd0-44f1-9120-c83916762337, Permissions = UNAUTHORIZED })" computerName="DESKTOP-TJ9D65N" duration="00:00:00.6105033" startTime="2022-10-15T20:25:47.3728224+03:00" endTime="2022-10-15T20:25:47.3728225+03:00" testType="13cdc9d9-ddb5-4fa4-a97d-d965ccfc6d4b" outcome="Passed" testListId="8c84fa94-04c1-424b-9868-57a2d4851a1d" relativeResultsDirectory="d23ea57f-6dee-4b74-b652-86936cd69ff6" />
    <UnitTestResult executionId="84acbac0-c5fb-4c6d-8450-c62019d5652e" testId="0c246cb2-252f-c72d-40f0-40b096ab8d64" testName="AccessToDB.Tests.TurnstilesRepositoryTests.TestDeleteTurnstileByIDAsyncFailsWhenIDNotExists(turnstileID: 106)" computerName="DESKTOP-TJ9D65N" duration="00:00:00.5595459" startTime="2022-10-15T20:25:50.9360033+03:00" endTime="2022-10-15T20:25:50.9360035+03:00" testType="13cdc9d9-ddb5-4fa4-a97d-d965ccfc6d4b" outcome="Passed" testListId="8c84fa94-04c1-424b-9868-57a2d4851a1d" relativeResultsDirectory="84acbac0-c5fb-4c6d-8450-c62019d5652e" />
    <UnitTestResult executionId="ada901d3-5a99-46ea-80ee-5b8e8f7714f5" testId="30f8e924-9784-0a43-e807-094f70e06567" testName="AccessToDB.Tests.LiftsSlopesRepositoryTests.TestAddLiftSlopeAutoIncrementAsyncOk" computerName="DESKTOP-TJ9D65N" duration="00:00:00.6091833" startTime="2022-10-15T20:26:02.4808423+03:00" endTime="2022-10-15T20:26:02.4808426+03:00" testType="13cdc9d9-ddb5-4fa4-a97d-d965ccfc6d4b" outcome="Passed" testListId="8c84fa94-04c1-424b-9868-57a2d4851a1d" relativeResultsDirectory="ada901d3-5a99-46ea-80ee-5b8e8f7714f5" />
    <UnitTestResult executionId="80425da5-d8c4-4039-b8cc-7f05c98b0cc7" testId="8500a209-1f70-c2f3-5e47-570a0c2f98c7" testName="AccessToDB.Tests.UsersRepositoryTests.TestGetUserByIdAsyncOk(user: User { UserID = 175, CardID = 255, UserEmail = UserEmail978f00c2-1df3-4bb9-9632-fa9990d68142, Password = password082b2877-77f1-40f7-95ae-f01d9f47bc8b, Permissions = UNAUTHORIZED })" computerName="DESKTOP-TJ9D65N" duration="00:00:00.5948262" startTime="2022-10-15T20:25:46.1434528+03:00" endTime="2022-10-15T20:25:46.1434532+03:00" testType="13cdc9d9-ddb5-4fa4-a97d-d965ccfc6d4b" outcome="Passed" testListId="8c84fa94-04c1-424b-9868-57a2d4851a1d" relativeResultsDirectory="80425da5-d8c4-4039-b8cc-7f05c98b0cc7" />
    <UnitTestResult executionId="a110f082-e07f-4f72-9139-26cf391160f9" testId="0880a4a6-a0e6-3f57-9783-79baef5ef75d" testName="AccessToDB.Tests.LiftsRepositoryTests.TestDeleteLiftByIDAsyncFailsWhenIDNotExists(liftID: 208)" computerName="DESKTOP-TJ9D65N" duration="00:00:00.5648897" startTime="2022-10-15T20:25:58.2492743+03:00" endTime="2022-10-15T20:25:58.2492744+03:00" testType="13cdc9d9-ddb5-4fa4-a97d-d965ccfc6d4b" outcome="Passed" testListId="8c84fa94-04c1-424b-9868-57a2d4851a1d" relativeResultsDirectory="a110f082-e07f-4f72-9139-26cf391160f9" />
    <UnitTestResult executionId="e701ed8f-2510-4558-9137-65f4368ea71d" testId="fa02ac78-cf29-8648-7914-0624d6d5e5c2" testName="AccessToDB.Tests.SlopesRepositoryTests.TestGetSlopeByNameAsyncFailsWhenNameNotExists(slopeName: &quot;slopeName3f2375f5-640a-45ec-b2c6-5c9ab2181de8&quot;)" computerName="DESKTOP-TJ9D65N" duration="00:00:00.5653920" startTime="2022-10-15T20:26:07.8369714+03:00" endTime="2022-10-15T20:26:07.8369714+03:00" testType="13cdc9d9-ddb5-4fa4-a97d-d965ccfc6d4b" outcome="Passed" testListId="8c84fa94-04c1-424b-9868-57a2d4851a1d" relativeResultsDirectory="e701ed8f-2510-4558-9137-65f4368ea71d" />
    <UnitTestResult executionId="a622f731-c175-4769-9c98-17453f7d8416" testId="3c521313-4ed6-6bce-b4f9-c359411028e7" testName="AccessToDB.Tests.TurnstilesRepositoryTests.TestGetTurnstilesAsyncEmpty" computerName="DESKTOP-TJ9D65N" duration="00:00:00.5569975" startTime="2022-10-15T20:25:51.4966351+03:00" endTime="2022-10-15T20:25:51.4966356+03:00" testType="13cdc9d9-ddb5-4fa4-a97d-d965ccfc6d4b" outcome="Passed" testListId="8c84fa94-04c1-424b-9868-57a2d4851a1d" relativeResultsDirectory="a622f731-c175-4769-9c98-17453f7d8416" />
    <UnitTestResult executionId="2a03dac5-b8fd-483d-9a88-6b070f1e9531" testId="f9435956-2e34-e52b-c34e-dce53665cf8e" testName="AccessToDB.Tests.TurnstilesRepositoryTests.TestAddTurnstileAutoIncrementAsyncOk" computerName="DESKTOP-TJ9D65N" duration="00:00:00.6063648" startTime="2022-10-15T20:25:52.7197034+03:00" endTime="2022-10-15T20:25:52.7197035+03:00" testType="13cdc9d9-ddb5-4fa4-a97d-d965ccfc6d4b" outcome="Passed" testListId="8c84fa94-04c1-424b-9868-57a2d4851a1d" relativeResultsDirectory="2a03dac5-b8fd-483d-9a88-6b070f1e9531" />
    <UnitTestResult executionId="4127266a-1b57-4932-910e-78c0c63f81c4" testId="a926ebf2-fce1-f042-b0d6-2a817b01077a" testName="AccessToDB.Tests.LiftsSlopesRepositoryTests.TestAddLiftSlopeAsyncFailsWhenLiftSlopeIdRepeats(liftSlope: LiftSlope { RecordID = 156, LiftID = 178, SlopeID = 94 })" computerName="DESKTOP-TJ9D65N" duration="00:00:00.6085115" startTime="2022-10-15T20:26:01.8686503+03:00" endTime="2022-10-15T20:26:01.8686504+03:00" testType="13cdc9d9-ddb5-4fa4-a97d-d965ccfc6d4b" outcome="Passed" testListId="8c84fa94-04c1-424b-9868-57a2d4851a1d" relativeResultsDirectory="4127266a-1b57-4932-910e-78c0c63f81c4" />
    <UnitTestResult executionId="eece6a19-db9f-42ef-836e-8e201293c204" testId="665e90c4-004e-02b7-b9be-fb964c896ea8" testName="AccessToDB.Tests.SlopesRepositoryTests.TestDeleteSlopeByIDAsyncFailsWhenIDNotExists(slopeID: 136)" computerName="DESKTOP-TJ9D65N" duration="00:00:00.5625258" startTime="2022-10-15T20:26:06.7094659+03:00" endTime="2022-10-15T20:26:06.7094660+03:00" testType="13cdc9d9-ddb5-4fa4-a97d-d965ccfc6d4b" outcome="Passed" testListId="8c84fa94-04c1-424b-9868-57a2d4851a1d" relativeResultsDirectory="eece6a19-db9f-42ef-836e-8e201293c204" />
    <UnitTestResult executionId="e0e6807f-9e60-49ec-a729-2a6d8ea42d50" testId="3afa6801-7dfd-9c6d-4d42-ac64f3329edc" testName="AccessToDB.Tests.UsersRepositoryTests.TestUpdateUserByIDAsyncOk(user: User { UserID = 123, CardID = 137, UserEmail = UserEmail4c70b265-4ead-4a58-9a2e-a82a4364dc43, Password = password8d8bdff6-0e1e-4694-8f88-13878983737d, Permissions = UNAUTHORIZED })" computerName="DESKTOP-TJ9D65N" duration="00:00:00.6089364" startTime="2022-10-15T20:25:46.7588374+03:00" endTime="2022-10-15T20:25:46.7588375+03:00" testType="13cdc9d9-ddb5-4fa4-a97d-d965ccfc6d4b" outcome="Passed" testListId="8c84fa94-04c1-424b-9868-57a2d4851a1d" relativeResultsDirectory="e0e6807f-9e60-49ec-a729-2a6d8ea42d50" />
    <UnitTestResult executionId="7f7dab76-1cd0-4278-b69d-dc721ada22af" testId="1623e5f4-1bdd-b408-5850-93a9af146268" testName="AccessToDB.Tests.LiftsRepositoryTests.TestGetLiftByIdAsyncOk(lift: Lift { LiftID = 25, LiftName = liftName3353c2d4-ec26-4768-ab90-99c907b0c7a2, IsOpen = True, SeatsAmount = 95, LiftingTime = 177, QueueTime = 229, ConnectedSlopes =  })" computerName="DESKTOP-TJ9D65N" duration="00:00:00.5976281" startTime="2022-10-15T20:25:55.3086893+03:00" endTime="2022-10-15T20:25:55.3086894+03:00" testType="13cdc9d9-ddb5-4fa4-a97d-d965ccfc6d4b" outcome="Passed" testListId="8c84fa94-04c1-424b-9868-57a2d4851a1d" relativeResultsDirectory="7f7dab76-1cd0-4278-b69d-dc721ada22af" />
    <UnitTestResult executionId="b0bc3e1c-b04d-4f4f-a3e4-03255821e7e6" testId="aa04bde0-e660-2228-94cd-0d47269a9265" testName="AccessToDB.Tests.LiftsSlopesRepositoryTests.TestGetSlopesByLiftIdAsyncFailsWhenSlopeNotExists(liftSlope: LiftSlope { RecordID = 129, LiftID = 197, SlopeID = 45 })" computerName="DESKTOP-TJ9D65N" duration="00:00:00.5991147" startTime="2022-10-15T20:26:01.2559003+03:00" endTime="2022-10-15T20:26:01.2559004+03:00" testType="13cdc9d9-ddb5-4fa4-a97d-d965ccfc6d4b" outcome="Passed" testListId="8c84fa94-04c1-424b-9868-57a2d4851a1d" relativeResultsDirectory="b0bc3e1c-b04d-4f4f-a3e4-03255821e7e6" />
    <UnitTestResult executionId="f7015115-ef89-44d4-b296-36f6be36be43" testId="4a5d0b10-a2c8-b9a6-995a-24899c2f1f51" testName="AccessToDB.Tests.TurnstilesRepositoryTests.TestGetTurnstileByIdAsyncOk(turnstile: Turnstile { TurnstileID = 142, LiftID = 217, IsOpen = True })" computerName="DESKTOP-TJ9D65N" duration="00:00:00.5874076" startTime="2022-10-15T20:25:53.3312846+03:00" endTime="2022-10-15T20:25:53.3312849+03:00" testType="13cdc9d9-ddb5-4fa4-a97d-d965ccfc6d4b" outcome="Passed" testListId="8c84fa94-04c1-424b-9868-57a2d4851a1d" relativeResultsDirectory="f7015115-ef89-44d4-b296-36f6be36be43" />
    <UnitTestResult executionId="a4365403-437f-4c3b-80c3-872372c65585" testId="c32b97e0-4e17-ab70-a606-bb971673826e" testName="AccessToDB.Tests.UsersRepositoryTests.TestCheckUserIdExistsAsyncTrue(user: User { UserID = 140, CardID = 143, UserEmail = UserEmail1945f4ce-8d9c-46a2-9de2-608c4a6b19a7, Password = password8708e0e1-0c3e-42ec-9eda-22e461332e10, Permissions = UNAUTHORIZED })" computerName="DESKTOP-TJ9D65N" duration="00:00:00.5961978" startTime="2022-10-15T20:25:48.5380406+03:00" endTime="2022-10-15T20:25:48.5380408+03:00" testType="13cdc9d9-ddb5-4fa4-a97d-d965ccfc6d4b" outcome="Passed" testListId="8c84fa94-04c1-424b-9868-57a2d4851a1d" relativeResultsDirectory="a4365403-437f-4c3b-80c3-872372c65585" />
    <UnitTestResult executionId="7d7ab908-9702-4996-97c2-b10b3e07d7bd" testId="ec26d56e-b322-8922-4f6e-2dd6b27b1bce" testName="AccessToDB.Tests.UsersRepositoryTests.TestGetUserByEmailAsyncFailsWhenEmailNotExists(email: &quot;emaild596d495-8d04-461c-97b7-2756a6d39258&quot;)" computerName="DESKTOP-TJ9D65N" duration="00:00:00.6076726" startTime="2022-10-15T20:25:44.9633180+03:00" endTime="2022-10-15T20:25:44.9633388+03:00" testType="13cdc9d9-ddb5-4fa4-a97d-d965ccfc6d4b" outcome="Passed" testListId="8c84fa94-04c1-424b-9868-57a2d4851a1d" relativeResultsDirectory="7d7ab908-9702-4996-97c2-b10b3e07d7bd" />
    <UnitTestResult executionId="bdbf3bd2-6444-42db-8acf-85538e3ff84b" testId="4145f44e-b4b1-a618-09e8-c631496e6f1a" testName="AccessToDB.Tests.LiftsSlopesRepositoryTests.TestGetLiftSlopesAsyncEmpty" computerName="DESKTOP-TJ9D65N" duration="00:00:00.5636717" startTime="2022-10-15T20:26:03.0483547+03:00" endTime="2022-10-15T20:26:03.0483554+03:00" testType="13cdc9d9-ddb5-4fa4-a97d-d965ccfc6d4b" outcome="Passed" testListId="8c84fa94-04c1-424b-9868-57a2d4851a1d" relativeResultsDirectory="bdbf3bd2-6444-42db-8acf-85538e3ff84b" />
    <UnitTestResult executionId="5fb5578c-e044-4aaa-9f54-d5826eeeb5b5" testId="ec229f70-485a-f91b-53ed-bce655f6cd58" testName="AccessToDB.Tests.LiftsRepositoryTests.TestAddLiftAutoIncrementAsyncOk" computerName="DESKTOP-TJ9D65N" duration="00:00:00.6084528" startTime="2022-10-15T20:25:54.7068594+03:00" endTime="2022-10-15T20:25:54.7068595+03:00" testType="13cdc9d9-ddb5-4fa4-a97d-d965ccfc6d4b" outcome="Passed" testListId="8c84fa94-04c1-424b-9868-57a2d4851a1d" relativeResultsDirectory="5fb5578c-e044-4aaa-9f54-d5826eeeb5b5" />
    <UnitTestResult executionId="96c1fe82-680b-4b0d-9e3a-c4a9b513f16d" testId="3741b26d-6ee0-6246-29e4-92009bff37b0" testName="AccessToDB.Tests.UsersRepositoryTests.TestGetUsersAsyncEmpty" computerName="DESKTOP-TJ9D65N" duration="00:00:00.5537163" startTime="2022-10-15T20:25:45.5438354+03:00" endTime="2022-10-15T20:25:45.5438355+03:00" testType="13cdc9d9-ddb5-4fa4-a97d-d965ccfc6d4b" outcome="Passed" testListId="8c84fa94-04c1-424b-9868-57a2d4851a1d" relativeResultsDirectory="96c1fe82-680b-4b0d-9e3a-c4a9b513f16d" />
    <UnitTestResult executionId="244e3d54-2609-4d12-be84-50d96ed5ab89" testId="6db4a246-b53e-f906-a55c-a58edca6f9be" testName="AccessToDB.Tests.LiftsSlopesRepositoryTests.TestUpdateLiftSlopeByIDAsyncOk(liftSlope: LiftSlope { RecordID = 93, LiftID = 165, SlopeID = 235 })" computerName="DESKTOP-TJ9D65N" duration="00:00:00.6150743" startTime="2022-10-15T20:25:59.4870575+03:00" endTime="2022-10-15T20:25:59.4870576+03:00" testType="13cdc9d9-ddb5-4fa4-a97d-d965ccfc6d4b" outcome="Passed" testListId="8c84fa94-04c1-424b-9868-57a2d4851a1d" relativeResultsDirectory="244e3d54-2609-4d12-be84-50d96ed5ab89" />
    <UnitTestResult executionId="ac32def2-885c-40ca-832b-589167925695" testId="607e8298-f113-be33-300e-15a343893443" testName="AccessToDB.Tests.LiftsRepositoryTests.TestGetLiftsAsyncEmpty" computerName="DESKTOP-TJ9D65N" duration="00:00:00.5660933" startTime="2022-10-15T20:25:56.4442932+03:00" endTime="2022-10-15T20:25:56.4442949+03:00" testType="13cdc9d9-ddb5-4fa4-a97d-d965ccfc6d4b" outcome="Passed" testListId="8c84fa94-04c1-424b-9868-57a2d4851a1d" relativeResultsDirectory="ac32def2-885c-40ca-832b-589167925695" />
    <UnitTestResult executionId="89e10cfb-3393-409e-83f3-1069660bfb56" testId="e33a71b1-06bc-8074-74ff-f99761bcab53" testName="AccessToDB.Tests.TurnstilesRepositoryTests.TestAddTurnstileAsyncFailsWhenTurnstileIdRepeats(turnstile: Turnstile { TurnstileID = 74, LiftID = 190, IsOpen = True })" computerName="DESKTOP-TJ9D65N" duration="00:00:00.5983389" startTime="2022-10-15T20:25:50.3397354+03:00" endTime="2022-10-15T20:25:50.3397356+03:00" testType="13cdc9d9-ddb5-4fa4-a97d-d965ccfc6d4b" outcome="Passed" testListId="8c84fa94-04c1-424b-9868-57a2d4851a1d" relativeResultsDirectory="89e10cfb-3393-409e-83f3-1069660bfb56" />
    <UnitTestResult executionId="0a8b87ee-1426-4ef4-a603-ba9e01ba420e" testId="d853d4d6-e97d-258a-2635-5ee32039502c" testName="AccessToDB.Tests.UsersRepositoryTests.TestCheckUserEmailExistsAsyncFalse(userEmail: &quot;userEmailb0063f30-c946-434b-9f1b-22c189a8b836&quot;)" computerName="DESKTOP-TJ9D65N" duration="00:00:00.5625634" startTime="2022-10-15T20:25:47.9386095+03:00" endTime="2022-10-15T20:25:47.9386096+03:00" testType="13cdc9d9-ddb5-4fa4-a97d-d965ccfc6d4b" outcome="Passed" testListId="8c84fa94-04c1-424b-9868-57a2d4851a1d" relativeResultsDirectory="0a8b87ee-1426-4ef4-a603-ba9e01ba420e" />
    <UnitTestResult executionId="1b00ad87-bb62-478b-9f3f-437fb78341b8" testId="84aa7688-5a5e-5558-abe6-025edfdb08fa" testName="AccessToDB.Tests.TurnstilesRepositoryTests.TestGetTurnstilesByLiftIdAsyncOk(liftID: 195)" computerName="DESKTOP-TJ9D65N" duration="00:00:00.7554925" startTime="2022-10-15T20:25:54.0897965+03:00" endTime="2022-10-15T20:25:54.0897966+03:00" testType="13cdc9d9-ddb5-4fa4-a97d-d965ccfc6d4b" outcome="Passed" testListId="8c84fa94-04c1-424b-9868-57a2d4851a1d" relativeResultsDirectory="1b00ad87-bb62-478b-9f3f-437fb78341b8" />
    <UnitTestResult executionId="362efff2-c96b-40fb-bb59-9f9e6a595044" testId="2c481238-3f35-9730-873b-38c6888fb12d" testName="AccessToDB.Tests.SlopesRepositoryTests.TestAddSlopeAsyncFailsWhenSlopeIdRepeats(slope: Slope { SlopeID = 10, SlopeName = slopeName9f71a72c-3525-46b4-bb56-734c55bbfe9c, IsOpen = True, DifficultyLevel = 223, ConnectedLifts =  })" computerName="DESKTOP-TJ9D65N" duration="00:00:00.6086148" startTime="2022-10-15T20:26:05.5301955+03:00" endTime="2022-10-15T20:26:05.5301956+03:00" testType="13cdc9d9-ddb5-4fa4-a97d-d965ccfc6d4b" outcome="Passed" testListId="8c84fa94-04c1-424b-9868-57a2d4851a1d" relativeResultsDirectory="362efff2-c96b-40fb-bb59-9f9e6a595044" />
  </Results>
  <TestDefinitions>
    <UnitTest name="AccessToDB.Tests.SlopesRepositoryTests.TestDeleteSlopeByIDAsyncFailsWhenIDNotExists(slopeID: 136)" storage="c:\users\alena\desktop\7_sem\testing_and_debugging\skiresort\accesstodb.tests\bin\debug\net6.0\accesstodb.tests.dll" id="665e90c4-004e-02b7-b9be-fb964c896ea8">
      <Execution id="eece6a19-db9f-42ef-836e-8e201293c204" />
      <TestMethod codeBase="C:\Users\alena\Desktop\7_sem\testing_and_debugging\SkiResort\AccessToDB.Tests\bin\Debug\net6.0\AccessToDB.Tests.dll" adapterTypeName="executor://xunit/VsTestRunner2/netcoreapp" className="AccessToDB.Tests.SlopesRepositoryTests" name="TestDeleteSlopeByIDAsyncFailsWhenIDNotExists" />
    </UnitTest>
    <UnitTest name="AccessToDB.Tests.UsersRepositoryTests.TestGetUsersAsyncEmpty" storage="c:\users\alena\desktop\7_sem\testing_and_debugging\skiresort\accesstodb.tests\bin\debug\net6.0\accesstodb.tests.dll" id="3741b26d-6ee0-6246-29e4-92009bff37b0">
      <Execution id="96c1fe82-680b-4b0d-9e3a-c4a9b513f16d" />
      <TestMethod codeBase="C:\Users\alena\Desktop\7_sem\testing_and_debugging\SkiResort\AccessToDB.Tests\bin\Debug\net6.0\AccessToDB.Tests.dll" adapterTypeName="executor://xunit/VsTestRunner2/netcoreapp" className="AccessToDB.Tests.UsersRepositoryTests" name="TestGetUsersAsyncEmpty" />
    </UnitTest>
    <UnitTest name="AccessToDB.Tests.TurnstilesRepositoryTests.TestDeleteTurnstileByIDAsyncFailsWhenIDNotExists(turnstileID: 106)" storage="c:\users\alena\desktop\7_sem\testing_and_debugging\skiresort\accesstodb.tests\bin\debug\net6.0\accesstodb.tests.dll" id="0c246cb2-252f-c72d-40f0-40b096ab8d64">
      <Execution id="84acbac0-c5fb-4c6d-8450-c62019d5652e" />
      <TestMethod codeBase="C:\Users\alena\Desktop\7_sem\testing_and_debugging\SkiResort\AccessToDB.Tests\bin\Debug\net6.0\AccessToDB.Tests.dll" adapterTypeName="executor://xunit/VsTestRunner2/netcoreapp" className="AccessToDB.Tests.TurnstilesRepositoryTests" name="TestDeleteTurnstileByIDAsyncFailsWhenIDNotExists" />
    </UnitTest>
    <UnitTest name="AccessToDB.Tests.UsersRepositoryTests.TestAddUserAsyncFailsWhenUserIdRepeats(user: User { UserID = 74, CardID = 184, UserEmail = UserEmail5414e520-0c60-47ac-870d-d5ad4c2f39ce, Password = passwordf0acb522-cfd0-44f1-9120-c83916762337, Permissions = UNAUTHORIZED })" storage="c:\users\alena\desktop\7_sem\testing_and_debugging\skiresort\accesstodb.tests\bin\debug\net6.0\accesstodb.tests.dll" id="37c49574-ba2a-d2b8-df24-5ec8612f3a6f">
      <Execution id="d23ea57f-6dee-4b74-b652-86936cd69ff6" />
      <TestMethod codeBase="C:\Users\alena\Desktop\7_sem\testing_and_debugging\SkiResort\AccessToDB.Tests\bin\Debug\net6.0\AccessToDB.Tests.dll" adapterTypeName="executor://xunit/VsTestRunner2/netcoreapp" className="AccessToDB.Tests.UsersRepositoryTests" name="TestAddUserAsyncFailsWhenUserIdRepeats" />
    </UnitTest>
    <UnitTest name="AccessToDB.Tests.SlopesRepositoryTests.TestGetSlopeByIdAsyncOk(slope: Slope { SlopeID = 8, SlopeName = slopeName8b0b1e55-343c-41e3-b1a2-04c7573f35aa, IsOpen = True, DifficultyLevel = 65, ConnectedLifts =  })" storage="c:\users\alena\desktop\7_sem\testing_and_debugging\skiresort\accesstodb.tests\bin\debug\net6.0\accesstodb.tests.dll" id="61c94580-789d-39bf-3f4a-7a7d7e523377">
      <Execution id="2b1d5d44-9d30-4d3c-9363-389b42e2b82d" />
      <TestMethod codeBase="C:\Users\alena\Desktop\7_sem\testing_and_debugging\SkiResort\AccessToDB.Tests\bin\Debug\net6.0\AccessToDB.Tests.dll" adapterTypeName="executor://xunit/VsTestRunner2/netcoreapp" className="AccessToDB.Tests.SlopesRepositoryTests" name="TestGetSlopeByIdAsyncOk" />
    </UnitTest>
    <UnitTest name="AccessToDB.Tests.UsersRepositoryTests.TestCheckUserIdExistsAsyncTrue(user: User { UserID = 140, CardID = 143, UserEmail = UserEmail1945f4ce-8d9c-46a2-9de2-608c4a6b19a7, Password = password8708e0e1-0c3e-42ec-9eda-22e461332e10, Permissions = UNAUTHORIZED })" storage="c:\users\alena\desktop\7_sem\testing_and_debugging\skiresort\accesstodb.tests\bin\debug\net6.0\accesstodb.tests.dll" id="c32b97e0-4e17-ab70-a606-bb971673826e">
      <Execution id="a4365403-437f-4c3b-80c3-872372c65585" />
      <TestMethod codeBase="C:\Users\alena\Desktop\7_sem\testing_and_debugging\SkiResort\AccessToDB.Tests\bin\Debug\net6.0\AccessToDB.Tests.dll" adapterTypeName="executor://xunit/VsTestRunner2/netcoreapp" className="AccessToDB.Tests.UsersRepositoryTests" name="TestCheckUserIdExistsAsyncTrue" />
    </UnitTest>
    <UnitTest name="AccessToDB.Tests.TurnstilesRepositoryTests.TestAddTurnstileAutoIncrementAsyncOk" storage="c:\users\alena\desktop\7_sem\testing_and_debugging\skiresort\accesstodb.tests\bin\debug\net6.0\accesstodb.tests.dll" id="f9435956-2e34-e52b-c34e-dce53665cf8e">
      <Execution id="2a03dac5-b8fd-483d-9a88-6b070f1e9531" />
      <TestMethod codeBase="C:\Users\alena\Desktop\7_sem\testing_and_debugging\SkiResort\AccessToDB.Tests\bin\Debug\net6.0\AccessToDB.Tests.dll" adapterTypeName="executor://xunit/VsTestRunner2/netcoreapp" className="AccessToDB.Tests.TurnstilesRepositoryTests" name="TestAddTurnstileAutoIncrementAsyncOk" />
    </UnitTest>
    <UnitTest name="AccessToDB.Tests.LiftsSlopesRepositoryTests.TestDeleteLiftSlopesByIDsAsyncOk(liftSlope: LiftSlope { RecordID = 15, LiftID = 171, SlopeID = 116 })" storage="c:\users\alena\desktop\7_sem\testing_and_debugging\skiresort\accesstodb.tests\bin\debug\net6.0\accesstodb.tests.dll" id="8de8aaae-3d86-df00-14b9-3b2ba725062a">
      <Execution id="b15def89-b096-4766-af20-8fc8a571fc7c" />
      <TestMethod codeBase="C:\Users\alena\Desktop\7_sem\testing_and_debugging\SkiResort\AccessToDB.Tests\bin\Debug\net6.0\AccessToDB.Tests.dll" adapterTypeName="executor://xunit/VsTestRunner2/netcoreapp" className="AccessToDB.Tests.LiftsSlopesRepositoryTests" name="TestDeleteLiftSlopesByIDsAsyncOk" />
    </UnitTest>
    <UnitTest name="AccessToDB.Tests.LiftsRepositoryTests.TestGetLiftByNameAsyncFailsWhenNameNotExists(liftName: &quot;liftName071c4a6b-88ea-4a10-87ac-826d6eccc0d0&quot;)" storage="c:\users\alena\desktop\7_sem\testing_and_debugging\skiresort\accesstodb.tests\bin\debug\net6.0\accesstodb.tests.dll" id="2a854c33-ffd1-f772-e65f-e1a853bc26ce">
      <Execution id="b4811abc-6f3c-4a3a-9939-2856f632f77a" />
      <TestMethod codeBase="C:\Users\alena\Desktop\7_sem\testing_and_debugging\SkiResort\AccessToDB.Tests\bin\Debug\net6.0\AccessToDB.Tests.dll" adapterTypeName="executor://xunit/VsTestRunner2/netcoreapp" className="AccessToDB.Tests.LiftsRepositoryTests" name="TestGetLiftByNameAsyncFailsWhenNameNotExists" />
    </UnitTest>
    <UnitTest name="AccessToDB.Tests.LiftsSlopesRepositoryTests.TestGetLiftSlopeByIdAsyncOk(liftSlope: LiftSlope { RecordID = 198, LiftID = 28, SlopeID = 215 })" storage="c:\users\alena\desktop\7_sem\testing_and_debugging\skiresort\accesstodb.tests\bin\debug\net6.0\accesstodb.tests.dll" id="d6a39053-3dee-db35-080b-ba4ea45645d0">
      <Execution id="7fcb7335-7742-446b-a69e-6c0c48690764" />
      <TestMethod codeBase="C:\Users\alena\Desktop\7_sem\testing_and_debugging\SkiResort\AccessToDB.Tests\bin\Debug\net6.0\AccessToDB.Tests.dll" adapterTypeName="executor://xunit/VsTestRunner2/netcoreapp" className="AccessToDB.Tests.LiftsSlopesRepositoryTests" name="TestGetLiftSlopeByIdAsyncOk" />
    </UnitTest>
    <UnitTest name="AccessToDB.Tests.UsersRepositoryTests.TestGetUserByEmailAsyncFailsWhenEmailNotExists(email: &quot;emaild596d495-8d04-461c-97b7-2756a6d39258&quot;)" storage="c:\users\alena\desktop\7_sem\testing_and_debugging\skiresort\accesstodb.tests\bin\debug\net6.0\accesstodb.tests.dll" id="ec26d56e-b322-8922-4f6e-2dd6b27b1bce">
      <Execution id="7d7ab908-9702-4996-97c2-b10b3e07d7bd" />
      <TestMethod codeBase="C:\Users\alena\Desktop\7_sem\testing_and_debugging\SkiResort\AccessToDB.Tests\bin\Debug\net6.0\AccessToDB.Tests.dll" adapterTypeName="executor://xunit/VsTestRunner2/netcoreapp" className="AccessToDB.Tests.UsersRepositoryTests" name="TestGetUserByEmailAsyncFailsWhenEmailNotExists" />
    </UnitTest>
    <UnitTest name="AccessToDB.Tests.LiftsSlopesRepositoryTests.TestGetLiftSlopesAsyncEmpty" storage="c:\users\alena\desktop\7_sem\testing_and_debugging\skiresort\accesstodb.tests\bin\debug\net6.0\accesstodb.tests.dll" id="4145f44e-b4b1-a618-09e8-c631496e6f1a">
      <Execution id="bdbf3bd2-6444-42db-8acf-85538e3ff84b" />
      <TestMethod codeBase="C:\Users\alena\Desktop\7_sem\testing_and_debugging\SkiResort\AccessToDB.Tests\bin\Debug\net6.0\AccessToDB.Tests.dll" adapterTypeName="executor://xunit/VsTestRunner2/netcoreapp" className="AccessToDB.Tests.LiftsSlopesRepositoryTests" name="TestGetLiftSlopesAsyncEmpty" />
    </UnitTest>
    <UnitTest name="AccessToDB.Tests.TurnstilesRepositoryTests.TestGetTurnstileByIdAsyncOk(turnstile: Turnstile { TurnstileID = 142, LiftID = 217, IsOpen = True })" storage="c:\users\alena\desktop\7_sem\testing_and_debugging\skiresort\accesstodb.tests\bin\debug\net6.0\accesstodb.tests.dll" id="4a5d0b10-a2c8-b9a6-995a-24899c2f1f51">
      <Execution id="f7015115-ef89-44d4-b296-36f6be36be43" />
      <TestMethod codeBase="C:\Users\alena\Desktop\7_sem\testing_and_debugging\SkiResort\AccessToDB.Tests\bin\Debug\net6.0\AccessToDB.Tests.dll" adapterTypeName="executor://xunit/VsTestRunner2/netcoreapp" className="AccessToDB.Tests.TurnstilesRepositoryTests" name="TestGetTurnstileByIdAsyncOk" />
    </UnitTest>
    <UnitTest name="AccessToDB.Tests.LiftsSlopesRepositoryTests.TestDeleteLiftSlopeByIDAsyncFailsWhenIDNotExists(liftSlopeID: 172)" storage="c:\users\alena\desktop\7_sem\testing_and_debugging\skiresort\accesstodb.tests\bin\debug\net6.0\accesstodb.tests.dll" id="59bd12bd-f5fb-44e7-8f19-b88a6f3c535d">
      <Execution id="cb5218dc-5b94-405d-8351-e2bcf629727c" />
      <TestMethod codeBase="C:\Users\alena\Desktop\7_sem\testing_and_debugging\SkiResort\AccessToDB.Tests\bin\Debug\net6.0\AccessToDB.Tests.dll" adapterTypeName="executor://xunit/VsTestRunner2/netcoreapp" className="AccessToDB.Tests.LiftsSlopesRepositoryTests" name="TestDeleteLiftSlopeByIDAsyncFailsWhenIDNotExists" />
    </UnitTest>
    <UnitTest name="AccessToDB.Tests.SlopesRepositoryTests.TestAddSlopeAsyncFailsWhenSlopeIdRepeats(slope: Slope { SlopeID = 10, SlopeName = slopeName9f71a72c-3525-46b4-bb56-734c55bbfe9c, IsOpen = True, DifficultyLevel = 223, ConnectedLifts =  })" storage="c:\users\alena\desktop\7_sem\testing_and_debugging\skiresort\accesstodb.tests\bin\debug\net6.0\accesstodb.tests.dll" id="2c481238-3f35-9730-873b-38c6888fb12d">
      <Execution id="362efff2-c96b-40fb-bb59-9f9e6a595044" />
      <TestMethod codeBase="C:\Users\alena\Desktop\7_sem\testing_and_debugging\SkiResort\AccessToDB.Tests\bin\Debug\net6.0\AccessToDB.Tests.dll" adapterTypeName="executor://xunit/VsTestRunner2/netcoreapp" className="AccessToDB.Tests.SlopesRepositoryTests" name="TestAddSlopeAsyncFailsWhenSlopeIdRepeats" />
    </UnitTest>
    <UnitTest name="AccessToDB.Tests.LiftsSlopesRepositoryTests.TestGetSlopesByLiftIdAsyncFailsWhenSlopeNotExists(liftSlope: LiftSlope { RecordID = 129, LiftID = 197, SlopeID = 45 })" storage="c:\users\alena\desktop\7_sem\testing_and_debugging\skiresort\accesstodb.tests\bin\debug\net6.0\accesstodb.tests.dll" id="aa04bde0-e660-2228-94cd-0d47269a9265">
      <Execution id="b0bc3e1c-b04d-4f4f-a3e4-03255821e7e6" />
      <TestMethod codeBase="C:\Users\alena\Desktop\7_sem\testing_and_debugging\SkiResort\AccessToDB.Tests\bin\Debug\net6.0\AccessToDB.Tests.dll" adapterTypeName="executor://xunit/VsTestRunner2/netcoreapp" className="AccessToDB.Tests.LiftsSlopesRepositoryTests" name="TestGetSlopesByLiftIdAsyncFailsWhenSlopeNotExists" />
    </UnitTest>
    <UnitTest name="AccessToDB.Tests.UsersRepositoryTests.TestUpdateUserByIDAsyncOk(user: User { UserID = 123, CardID = 137, UserEmail = UserEmail4c70b265-4ead-4a58-9a2e-a82a4364dc43, Password = password8d8bdff6-0e1e-4694-8f88-13878983737d, Permissions = UNAUTHORIZED })" storage="c:\users\alena\desktop\7_sem\testing_and_debugging\skiresort\accesstodb.tests\bin\debug\net6.0\accesstodb.tests.dll" id="3afa6801-7dfd-9c6d-4d42-ac64f3329edc">
      <Execution id="e0e6807f-9e60-49ec-a729-2a6d8ea42d50" />
      <TestMethod codeBase="C:\Users\alena\Desktop\7_sem\testing_and_debugging\SkiResort\AccessToDB.Tests\bin\Debug\net6.0\AccessToDB.Tests.dll" adapterTypeName="executor://xunit/VsTestRunner2/netcoreapp" className="AccessToDB.Tests.UsersRepositoryTests" name="TestUpdateUserByIDAsyncOk" />
    </UnitTest>
    <UnitTest name="AccessToDB.Tests.LiftsSlopesRepositoryTests.TestUpdateLiftSlopeByIDAsyncOk(liftSlope: LiftSlope { RecordID = 93, LiftID = 165, SlopeID = 235 })" storage="c:\users\alena\desktop\7_sem\testing_and_debugging\skiresort\accesstodb.tests\bin\debug\net6.0\accesstodb.tests.dll" id="6db4a246-b53e-f906-a55c-a58edca6f9be">
      <Execution id="244e3d54-2609-4d12-be84-50d96ed5ab89" />
      <TestMethod codeBase="C:\Users\alena\Desktop\7_sem\testing_and_debugging\SkiResort\AccessToDB.Tests\bin\Debug\net6.0\AccessToDB.Tests.dll" adapterTypeName="executor://xunit/VsTestRunner2/netcoreapp" className="AccessToDB.Tests.LiftsSlopesRepositoryTests" name="TestUpdateLiftSlopeByIDAsyncOk" />
    </UnitTest>
    <UnitTest name="AccessToDB.Tests.LiftsRepositoryTests.TestGetLiftByIdAsyncOk(lift: Lift { LiftID = 25, LiftName = liftName3353c2d4-ec26-4768-ab90-99c907b0c7a2, IsOpen = True, SeatsAmount = 95, LiftingTime = 177, QueueTime = 229, ConnectedSlopes =  })" storage="c:\users\alena\desktop\7_sem\testing_and_debugging\skiresort\accesstodb.tests\bin\debug\net6.0\accesstodb.tests.dll" id="1623e5f4-1bdd-b408-5850-93a9af146268">
      <Execution id="7f7dab76-1cd0-4278-b69d-dc721ada22af" />
      <TestMethod codeBase="C:\Users\alena\Desktop\7_sem\testing_and_debugging\SkiResort\AccessToDB.Tests\bin\Debug\net6.0\AccessToDB.Tests.dll" adapterTypeName="executor://xunit/VsTestRunner2/netcoreapp" className="AccessToDB.Tests.LiftsRepositoryTests" name="TestGetLiftByIdAsyncOk" />
    </UnitTest>
    <UnitTest name="AccessToDB.Tests.LiftsRepositoryTests.TestUpdateLiftByIDAsyncOk(lift: Lift { LiftID = 2, LiftName = liftName902522af-2d7a-4f14-bfcc-9867a4b1830e, IsOpen = True, SeatsAmount = 160, LiftingTime = 201, QueueTime = 249, ConnectedSlopes =  })" storage="c:\users\alena\desktop\7_sem\testing_and_debugging\skiresort\accesstodb.tests\bin\debug\net6.0\accesstodb.tests.dll" id="fd7ed18b-cfc2-5870-907e-d3f53fb58325">
      <Execution id="5384b6ca-0e3e-4f0d-8054-5c17666f5c24" />
      <TestMethod codeBase="C:\Users\alena\Desktop\7_sem\testing_and_debugging\SkiResort\AccessToDB.Tests\bin\Debug\net6.0\AccessToDB.Tests.dll" adapterTypeName="executor://xunit/VsTestRunner2/netcoreapp" className="AccessToDB.Tests.LiftsRepositoryTests" name="TestUpdateLiftByIDAsyncOk" />
    </UnitTest>
    <UnitTest name="AccessToDB.Tests.SlopesRepositoryTests.TestGetSlopesAsyncEmpty" storage="c:\users\alena\desktop\7_sem\testing_and_debugging\skiresort\accesstodb.tests\bin\debug\net6.0\accesstodb.tests.dll" id="9bbefb83-8311-6e03-307f-415e3495e223">
      <Execution id="9fb59ba0-e154-4ab0-90d6-85b46d398f9a" />
      <TestMethod codeBase="C:\Users\alena\Desktop\7_sem\testing_and_debugging\SkiResort\AccessToDB.Tests\bin\Debug\net6.0\AccessToDB.Tests.dll" adapterTypeName="executor://xunit/VsTestRunner2/netcoreapp" className="AccessToDB.Tests.SlopesRepositoryTests" name="TestGetSlopesAsyncEmpty" />
    </UnitTest>
    <UnitTest name="AccessToDB.Tests.LiftsRepositoryTests.TestAddLiftAutoIncrementAsyncOk" storage="c:\users\alena\desktop\7_sem\testing_and_debugging\skiresort\accesstodb.tests\bin\debug\net6.0\accesstodb.tests.dll" id="ec229f70-485a-f91b-53ed-bce655f6cd58">
      <Execution id="5fb5578c-e044-4aaa-9f54-d5826eeeb5b5" />
      <TestMethod codeBase="C:\Users\alena\Desktop\7_sem\testing_and_debugging\SkiResort\AccessToDB.Tests\bin\Debug\net6.0\AccessToDB.Tests.dll" adapterTypeName="executor://xunit/VsTestRunner2/netcoreapp" className="AccessToDB.Tests.LiftsRepositoryTests" name="TestAddLiftAutoIncrementAsyncOk" />
    </UnitTest>
    <UnitTest name="AccessToDB.Tests.TurnstilesRepositoryTests.TestGetTurnstilesAsyncEmpty" storage="c:\users\alena\desktop\7_sem\testing_and_debugging\skiresort\accesstodb.tests\bin\debug\net6.0\accesstodb.tests.dll" id="3c521313-4ed6-6bce-b4f9-c359411028e7">
      <Execution id="a622f731-c175-4769-9c98-17453f7d8416" />
      <TestMethod codeBase="C:\Users\alena\Desktop\7_sem\testing_and_debugging\SkiResort\AccessToDB.Tests\bin\Debug\net6.0\AccessToDB.Tests.dll" adapterTypeName="executor://xunit/VsTestRunner2/netcoreapp" className="AccessToDB.Tests.TurnstilesRepositoryTests" name="TestGetTurnstilesAsyncEmpty" />
    </UnitTest>
    <UnitTest name="AccessToDB.Tests.TurnstilesRepositoryTests.TestAddTurnstileAsyncFailsWhenTurnstileIdRepeats(turnstile: Turnstile { TurnstileID = 74, LiftID = 190, IsOpen = True })" storage="c:\users\alena\desktop\7_sem\testing_and_debugging\skiresort\accesstodb.tests\bin\debug\net6.0\accesstodb.tests.dll" id="e33a71b1-06bc-8074-74ff-f99761bcab53">
      <Execution id="89e10cfb-3393-409e-83f3-1069660bfb56" />
      <TestMethod codeBase="C:\Users\alena\Desktop\7_sem\testing_and_debugging\SkiResort\AccessToDB.Tests\bin\Debug\net6.0\AccessToDB.Tests.dll" adapterTypeName="executor://xunit/VsTestRunner2/netcoreapp" className="AccessToDB.Tests.TurnstilesRepositoryTests" name="TestAddTurnstileAsyncFailsWhenTurnstileIdRepeats" />
    </UnitTest>
    <UnitTest name="AccessToDB.Tests.LiftsSlopesRepositoryTests.TestAddLiftSlopeAutoIncrementAsyncOk" storage="c:\users\alena\desktop\7_sem\testing_and_debugging\skiresort\accesstodb.tests\bin\debug\net6.0\accesstodb.tests.dll" id="30f8e924-9784-0a43-e807-094f70e06567">
      <Execution id="ada901d3-5a99-46ea-80ee-5b8e8f7714f5" />
      <TestMethod codeBase="C:\Users\alena\Desktop\7_sem\testing_and_debugging\SkiResort\AccessToDB.Tests\bin\Debug\net6.0\AccessToDB.Tests.dll" adapterTypeName="executor://xunit/VsTestRunner2/netcoreapp" className="AccessToDB.Tests.LiftsSlopesRepositoryTests" name="TestAddLiftSlopeAutoIncrementAsyncOk" />
    </UnitTest>
    <UnitTest name="AccessToDB.Tests.SlopesRepositoryTests.TestGetSlopeByNameAsyncFailsWhenNameNotExists(slopeName: &quot;slopeName3f2375f5-640a-45ec-b2c6-5c9ab2181de8&quot;)" storage="c:\users\alena\desktop\7_sem\testing_and_debugging\skiresort\accesstodb.tests\bin\debug\net6.0\accesstodb.tests.dll" id="fa02ac78-cf29-8648-7914-0624d6d5e5c2">
      <Execution id="e701ed8f-2510-4558-9137-65f4368ea71d" />
      <TestMethod codeBase="C:\Users\alena\Desktop\7_sem\testing_and_debugging\SkiResort\AccessToDB.Tests\bin\Debug\net6.0\AccessToDB.Tests.dll" adapterTypeName="executor://xunit/VsTestRunner2/netcoreapp" className="AccessToDB.Tests.SlopesRepositoryTests" name="TestGetSlopeByNameAsyncFailsWhenNameNotExists" />
    </UnitTest>
    <UnitTest name="AccessToDB.Tests.UsersRepositoryTests.TestGetUserByIdAsyncOk(user: User { UserID = 175, CardID = 255, UserEmail = UserEmail978f00c2-1df3-4bb9-9632-fa9990d68142, Password = password082b2877-77f1-40f7-95ae-f01d9f47bc8b, Permissions = UNAUTHORIZED })" storage="c:\users\alena\desktop\7_sem\testing_and_debugging\skiresort\accesstodb.tests\bin\debug\net6.0\accesstodb.tests.dll" id="8500a209-1f70-c2f3-5e47-570a0c2f98c7">
      <Execution id="80425da5-d8c4-4039-b8cc-7f05c98b0cc7" />
      <TestMethod codeBase="C:\Users\alena\Desktop\7_sem\testing_and_debugging\SkiResort\AccessToDB.Tests\bin\Debug\net6.0\AccessToDB.Tests.dll" adapterTypeName="executor://xunit/VsTestRunner2/netcoreapp" className="AccessToDB.Tests.UsersRepositoryTests" name="TestGetUserByIdAsyncOk" />
    </UnitTest>
    <UnitTest name="AccessToDB.Tests.UsersRepositoryTests.TestAddUserAutoIncrementAsyncOk" storage="c:\users\alena\desktop\7_sem\testing_and_debugging\skiresort\accesstodb.tests\bin\debug\net6.0\accesstodb.tests.dll" id="e75bb6e2-88d9-af2a-a444-c4a9d67f0f0e">
      <Execution id="6062c31e-7067-4313-a22e-0a51ef72b654" />
      <TestMethod codeBase="C:\Users\alena\Desktop\7_sem\testing_and_debugging\SkiResort\AccessToDB.Tests\bin\Debug\net6.0\AccessToDB.Tests.dll" adapterTypeName="executor://xunit/VsTestRunner2/netcoreapp" className="AccessToDB.Tests.UsersRepositoryTests" name="TestAddUserAutoIncrementAsyncOk" />
    </UnitTest>
    <UnitTest name="AccessToDB.Tests.UsersRepositoryTests.TestDeleteUserByIDAsyncFailsWhenIDNotExists(userID: 23)" storage="c:\users\alena\desktop\7_sem\testing_and_debugging\skiresort\accesstodb.tests\bin\debug\net6.0\accesstodb.tests.dll" id="a1345502-39f0-ab08-caa1-3952a1e06933">
      <Execution id="7316a493-f860-4f1d-9b69-092a77e32c00" />
      <TestMethod codeBase="C:\Users\alena\Desktop\7_sem\testing_and_debugging\SkiResort\AccessToDB.Tests\bin\Debug\net6.0\AccessToDB.Tests.dll" adapterTypeName="executor://xunit/VsTestRunner2/netcoreapp" className="AccessToDB.Tests.UsersRepositoryTests" name="TestDeleteUserByIDAsyncFailsWhenIDNotExists" />
    </UnitTest>
    <UnitTest name="AccessToDB.Tests.SlopesRepositoryTests.TestAddSlopeAutoIncrementAsyncOk" storage="c:\users\alena\desktop\7_sem\testing_and_debugging\skiresort\accesstodb.tests\bin\debug\net6.0\accesstodb.tests.dll" id="8f7ba917-f771-0dc5-f9b9-465c34344b12">
      <Execution id="772ba2af-3b66-406a-8e9e-359d8f826676" />
      <TestMethod codeBase="C:\Users\alena\Desktop\7_sem\testing_and_debugging\SkiResort\AccessToDB.Tests\bin\Debug\net6.0\AccessToDB.Tests.dll" adapterTypeName="executor://xunit/VsTestRunner2/netcoreapp" className="AccessToDB.Tests.SlopesRepositoryTests" name="TestAddSlopeAutoIncrementAsyncOk" />
    </UnitTest>
    <UnitTest name="AccessToDB.Tests.TurnstilesRepositoryTests.TestUpdateTurnstileByIDAsyncOk(turnstile: Turnstile { TurnstileID = 123, LiftID = 164, IsOpen = True })" storage="c:\users\alena\desktop\7_sem\testing_and_debugging\skiresort\accesstodb.tests\bin\debug\net6.0\accesstodb.tests.dll" id="7b3f1ffc-2eb6-7221-c02e-fb39e87f281e">
      <Execution id="637c81ae-6315-42f7-ad6e-ec2e27656e44" />
      <TestMethod codeBase="C:\Users\alena\Desktop\7_sem\testing_and_debugging\SkiResort\AccessToDB.Tests\bin\Debug\net6.0\AccessToDB.Tests.dll" adapterTypeName="executor://xunit/VsTestRunner2/netcoreapp" className="AccessToDB.Tests.TurnstilesRepositoryTests" name="TestUpdateTurnstileByIDAsyncOk" />
    </UnitTest>
    <UnitTest name="AccessToDB.Tests.LiftsSlopesRepositoryTests.TestAddLiftSlopeAsyncFailsWhenLiftSlopeIdRepeats(liftSlope: LiftSlope { RecordID = 156, LiftID = 178, SlopeID = 94 })" storage="c:\users\alena\desktop\7_sem\testing_and_debugging\skiresort\accesstodb.tests\bin\debug\net6.0\accesstodb.tests.dll" id="a926ebf2-fce1-f042-b0d6-2a817b01077a">
      <Execution id="4127266a-1b57-4932-910e-78c0c63f81c4" />
      <TestMethod codeBase="C:\Users\alena\Desktop\7_sem\testing_and_debugging\SkiResort\AccessToDB.Tests\bin\Debug\net6.0\AccessToDB.Tests.dll" adapterTypeName="executor://xunit/VsTestRunner2/netcoreapp" className="AccessToDB.Tests.LiftsSlopesRepositoryTests" name="TestAddLiftSlopeAsyncFailsWhenLiftSlopeIdRepeats" />
    </UnitTest>
    <UnitTest name="AccessToDB.Tests.UsersRepositoryTests.TestCheckUserEmailExistsAsyncFalse(userEmail: &quot;userEmailb0063f30-c946-434b-9f1b-22c189a8b836&quot;)" storage="c:\users\alena\desktop\7_sem\testing_and_debugging\skiresort\accesstodb.tests\bin\debug\net6.0\accesstodb.tests.dll" id="d853d4d6-e97d-258a-2635-5ee32039502c">
      <Execution id="0a8b87ee-1426-4ef4-a603-ba9e01ba420e" />
      <TestMethod codeBase="C:\Users\alena\Desktop\7_sem\testing_and_debugging\SkiResort\AccessToDB.Tests\bin\Debug\net6.0\AccessToDB.Tests.dll" adapterTypeName="executor://xunit/VsTestRunner2/netcoreapp" className="AccessToDB.Tests.UsersRepositoryTests" name="TestCheckUserEmailExistsAsyncFalse" />
    </UnitTest>
    <UnitTest name="AccessToDB.Tests.TurnstilesRepositoryTests.TestGetTurnstilesByLiftIdAsyncOk(liftID: 195)" storage="c:\users\alena\desktop\7_sem\testing_and_debugging\skiresort\accesstodb.tests\bin\debug\net6.0\accesstodb.tests.dll" id="84aa7688-5a5e-5558-abe6-025edfdb08fa">
      <Execution id="1b00ad87-bb62-478b-9f3f-437fb78341b8" />
      <TestMethod codeBase="C:\Users\alena\Desktop\7_sem\testing_and_debugging\SkiResort\AccessToDB.Tests\bin\Debug\net6.0\AccessToDB.Tests.dll" adapterTypeName="executor://xunit/VsTestRunner2/netcoreapp" className="AccessToDB.Tests.TurnstilesRepositoryTests" name="TestGetTurnstilesByLiftIdAsyncOk" />
    </UnitTest>
    <UnitTest name="AccessToDB.Tests.LiftsRepositoryTests.TestGetLiftsAsyncEmpty" storage="c:\users\alena\desktop\7_sem\testing_and_debugging\skiresort\accesstodb.tests\bin\debug\net6.0\accesstodb.tests.dll" id="607e8298-f113-be33-300e-15a343893443">
      <Execution id="ac32def2-885c-40ca-832b-589167925695" />
      <TestMethod codeBase="C:\Users\alena\Desktop\7_sem\testing_and_debugging\SkiResort\AccessToDB.Tests\bin\Debug\net6.0\AccessToDB.Tests.dll" adapterTypeName="executor://xunit/VsTestRunner2/netcoreapp" className="AccessToDB.Tests.LiftsRepositoryTests" name="TestGetLiftsAsyncEmpty" />
    </UnitTest>
    <UnitTest name="AccessToDB.Tests.LiftsRepositoryTests.TestAddLiftAsyncFailsWhenLiftIdRepeats(lift: Lift { LiftID = 68, LiftName = liftName73bd31aa-a24e-4b8a-af0e-bb1f00f13093, IsOpen = True, SeatsAmount = 126, LiftingTime = 111, QueueTime = 176, ConnectedSlopes =  })" storage="c:\users\alena\desktop\7_sem\testing_and_debugging\skiresort\accesstodb.tests\bin\debug\net6.0\accesstodb.tests.dll" id="e6542c3f-f740-de76-1b2b-daebfbea3095">
      <Execution id="96844754-b873-4d4c-9a23-f6ce8206fb99" />
      <TestMethod codeBase="C:\Users\alena\Desktop\7_sem\testing_and_debugging\SkiResort\AccessToDB.Tests\bin\Debug\net6.0\AccessToDB.Tests.dll" adapterTypeName="executor://xunit/VsTestRunner2/netcoreapp" className="AccessToDB.Tests.LiftsRepositoryTests" name="TestAddLiftAsyncFailsWhenLiftIdRepeats" />
    </UnitTest>
    <UnitTest name="AccessToDB.Tests.SlopesRepositoryTests.TestUpdateSlopeByIDAsyncOk(slope: Slope { SlopeID = 240, SlopeName = slopeName7082d7de-3326-497e-aa3d-16c7d9c38a39, IsOpen = True, DifficultyLevel = 47, ConnectedLifts =  })" storage="c:\users\alena\desktop\7_sem\testing_and_debugging\skiresort\accesstodb.tests\bin\debug\net6.0\accesstodb.tests.dll" id="99024065-0afa-4aa1-c4b3-0beda08ffc61">
      <Execution id="c0fb9831-7ae3-43a8-a87f-39bfa89d1bfe" />
      <TestMethod codeBase="C:\Users\alena\Desktop\7_sem\testing_and_debugging\SkiResort\AccessToDB.Tests\bin\Debug\net6.0\AccessToDB.Tests.dll" adapterTypeName="executor://xunit/VsTestRunner2/netcoreapp" className="AccessToDB.Tests.SlopesRepositoryTests" name="TestUpdateSlopeByIDAsyncOk" />
    </UnitTest>
    <UnitTest name="AccessToDB.Tests.LiftsRepositoryTests.TestDeleteLiftByIDAsyncFailsWhenIDNotExists(liftID: 208)" storage="c:\users\alena\desktop\7_sem\testing_and_debugging\skiresort\accesstodb.tests\bin\debug\net6.0\accesstodb.tests.dll" id="0880a4a6-a0e6-3f57-9783-79baef5ef75d">
      <Execution id="a110f082-e07f-4f72-9139-26cf391160f9" />
      <TestMethod codeBase="C:\Users\alena\Desktop\7_sem\testing_and_debugging\SkiResort\AccessToDB.Tests\bin\Debug\net6.0\AccessToDB.Tests.dll" adapterTypeName="executor://xunit/VsTestRunner2/netcoreapp" className="AccessToDB.Tests.LiftsRepositoryTests" name="TestDeleteLiftByIDAsyncFailsWhenIDNotExists" />
    </UnitTest>
    <UnitTest name="AccessToDB.Tests.LiftsSlopesRepositoryTests.TestGetLiftsBySlopeIdAsyncOk(slope1: Slope { SlopeID = 148, SlopeName = slopeName5c30ca2c-5a28-4511-b02f-42194de04b16, IsOpen = True, DifficultyLevel = 174, ConnectedLifts =  }, slope2: Slope { SlopeID = 197, SlopeName = slopeName741ee270-30c3-46b0-ad2c-0e2c020d5517, IsOpen = False, DifficultyLevel = 92, ConnectedLifts =  }, lift1: Lift { LiftID = 41, LiftName = liftName53cfa50f-16bb-4710-889f-e56..." storage="c:\users\alena\desktop\7_sem\testing_and_debugging\skiresort\accesstodb.tests\bin\debug\net6.0\accesstodb.tests.dll" id="cbff979a-a83b-025a-91f2-37ff5c7c181c">
      <Execution id="860996e4-31a9-4872-b87a-ea5ca93e5b50" />
      <TestMethod codeBase="C:\Users\alena\Desktop\7_sem\testing_and_debugging\SkiResort\AccessToDB.Tests\bin\Debug\net6.0\AccessToDB.Tests.dll" adapterTypeName="executor://xunit/VsTestRunner2/netcoreapp" className="AccessToDB.Tests.LiftsSlopesRepositoryTests" name="TestGetLiftsBySlopeIdAsyncOk" />
    </UnitTest>
  </TestDefinitions>
  <TestEntries>
    <TestEntry testId="61c94580-789d-39bf-3f4a-7a7d7e523377" executionId="2b1d5d44-9d30-4d3c-9363-389b42e2b82d" testListId="8c84fa94-04c1-424b-9868-57a2d4851a1d" />
    <TestEntry testId="e6542c3f-f740-de76-1b2b-daebfbea3095" executionId="96844754-b873-4d4c-9a23-f6ce8206fb99" testListId="8c84fa94-04c1-424b-9868-57a2d4851a1d" />
    <TestEntry testId="8de8aaae-3d86-df00-14b9-3b2ba725062a" executionId="b15def89-b096-4766-af20-8fc8a571fc7c" testListId="8c84fa94-04c1-424b-9868-57a2d4851a1d" />
    <TestEntry testId="d6a39053-3dee-db35-080b-ba4ea45645d0" executionId="7fcb7335-7742-446b-a69e-6c0c48690764" testListId="8c84fa94-04c1-424b-9868-57a2d4851a1d" />
    <TestEntry testId="59bd12bd-f5fb-44e7-8f19-b88a6f3c535d" executionId="cb5218dc-5b94-405d-8351-e2bcf629727c" testListId="8c84fa94-04c1-424b-9868-57a2d4851a1d" />
    <TestEntry testId="9bbefb83-8311-6e03-307f-415e3495e223" executionId="9fb59ba0-e154-4ab0-90d6-85b46d398f9a" testListId="8c84fa94-04c1-424b-9868-57a2d4851a1d" />
    <TestEntry testId="cbff979a-a83b-025a-91f2-37ff5c7c181c" executionId="860996e4-31a9-4872-b87a-ea5ca93e5b50" testListId="8c84fa94-04c1-424b-9868-57a2d4851a1d" />
    <TestEntry testId="2a854c33-ffd1-f772-e65f-e1a853bc26ce" executionId="b4811abc-6f3c-4a3a-9939-2856f632f77a" testListId="8c84fa94-04c1-424b-9868-57a2d4851a1d" />
    <TestEntry testId="fd7ed18b-cfc2-5870-907e-d3f53fb58325" executionId="5384b6ca-0e3e-4f0d-8054-5c17666f5c24" testListId="8c84fa94-04c1-424b-9868-57a2d4851a1d" />
    <TestEntry testId="e75bb6e2-88d9-af2a-a444-c4a9d67f0f0e" executionId="6062c31e-7067-4313-a22e-0a51ef72b654" testListId="8c84fa94-04c1-424b-9868-57a2d4851a1d" />
    <TestEntry testId="8f7ba917-f771-0dc5-f9b9-465c34344b12" executionId="772ba2af-3b66-406a-8e9e-359d8f826676" testListId="8c84fa94-04c1-424b-9868-57a2d4851a1d" />
    <TestEntry testId="99024065-0afa-4aa1-c4b3-0beda08ffc61" executionId="c0fb9831-7ae3-43a8-a87f-39bfa89d1bfe" testListId="8c84fa94-04c1-424b-9868-57a2d4851a1d" />
    <TestEntry testId="7b3f1ffc-2eb6-7221-c02e-fb39e87f281e" executionId="637c81ae-6315-42f7-ad6e-ec2e27656e44" testListId="8c84fa94-04c1-424b-9868-57a2d4851a1d" />
    <TestEntry testId="a1345502-39f0-ab08-caa1-3952a1e06933" executionId="7316a493-f860-4f1d-9b69-092a77e32c00" testListId="8c84fa94-04c1-424b-9868-57a2d4851a1d" />
    <TestEntry testId="37c49574-ba2a-d2b8-df24-5ec8612f3a6f" executionId="d23ea57f-6dee-4b74-b652-86936cd69ff6" testListId="8c84fa94-04c1-424b-9868-57a2d4851a1d" />
    <TestEntry testId="0c246cb2-252f-c72d-40f0-40b096ab8d64" executionId="84acbac0-c5fb-4c6d-8450-c62019d5652e" testListId="8c84fa94-04c1-424b-9868-57a2d4851a1d" />
    <TestEntry testId="30f8e924-9784-0a43-e807-094f70e06567" executionId="ada901d3-5a99-46ea-80ee-5b8e8f7714f5" testListId="8c84fa94-04c1-424b-9868-57a2d4851a1d" />
    <TestEntry testId="8500a209-1f70-c2f3-5e47-570a0c2f98c7" executionId="80425da5-d8c4-4039-b8cc-7f05c98b0cc7" testListId="8c84fa94-04c1-424b-9868-57a2d4851a1d" />
    <TestEntry testId="0880a4a6-a0e6-3f57-9783-79baef5ef75d" executionId="a110f082-e07f-4f72-9139-26cf391160f9" testListId="8c84fa94-04c1-424b-9868-57a2d4851a1d" />
    <TestEntry testId="fa02ac78-cf29-8648-7914-0624d6d5e5c2" executionId="e701ed8f-2510-4558-9137-65f4368ea71d" testListId="8c84fa94-04c1-424b-9868-57a2d4851a1d" />
    <TestEntry testId="3c521313-4ed6-6bce-b4f9-c359411028e7" executionId="a622f731-c175-4769-9c98-17453f7d8416" testListId="8c84fa94-04c1-424b-9868-57a2d4851a1d" />
    <TestEntry testId="f9435956-2e34-e52b-c34e-dce53665cf8e" executionId="2a03dac5-b8fd-483d-9a88-6b070f1e9531" testListId="8c84fa94-04c1-424b-9868-57a2d4851a1d" />
    <TestEntry testId="a926ebf2-fce1-f042-b0d6-2a817b01077a" executionId="4127266a-1b57-4932-910e-78c0c63f81c4" testListId="8c84fa94-04c1-424b-9868-57a2d4851a1d" />
    <TestEntry testId="665e90c4-004e-02b7-b9be-fb964c896ea8" executionId="eece6a19-db9f-42ef-836e-8e201293c204" testListId="8c84fa94-04c1-424b-9868-57a2d4851a1d" />
    <TestEntry testId="3afa6801-7dfd-9c6d-4d42-ac64f3329edc" executionId="e0e6807f-9e60-49ec-a729-2a6d8ea42d50" testListId="8c84fa94-04c1-424b-9868-57a2d4851a1d" />
    <TestEntry testId="1623e5f4-1bdd-b408-5850-93a9af146268" executionId="7f7dab76-1cd0-4278-b69d-dc721ada22af" testListId="8c84fa94-04c1-424b-9868-57a2d4851a1d" />
    <TestEntry testId="aa04bde0-e660-2228-94cd-0d47269a9265" executionId="b0bc3e1c-b04d-4f4f-a3e4-03255821e7e6" testListId="8c84fa94-04c1-424b-9868-57a2d4851a1d" />
    <TestEntry testId="4a5d0b10-a2c8-b9a6-995a-24899c2f1f51" executionId="f7015115-ef89-44d4-b296-36f6be36be43" testListId="8c84fa94-04c1-424b-9868-57a2d4851a1d" />
    <TestEntry testId="c32b97e0-4e17-ab70-a606-bb971673826e" executionId="a4365403-437f-4c3b-80c3-872372c65585" testListId="8c84fa94-04c1-424b-9868-57a2d4851a1d" />
    <TestEntry testId="ec26d56e-b322-8922-4f6e-2dd6b27b1bce" executionId="7d7ab908-9702-4996-97c2-b10b3e07d7bd" testListId="8c84fa94-04c1-424b-9868-57a2d4851a1d" />
    <TestEntry testId="4145f44e-b4b1-a618-09e8-c631496e6f1a" executionId="bdbf3bd2-6444-42db-8acf-85538e3ff84b" testListId="8c84fa94-04c1-424b-9868-57a2d4851a1d" />
    <TestEntry testId="ec229f70-485a-f91b-53ed-bce655f6cd58" executionId="5fb5578c-e044-4aaa-9f54-d5826eeeb5b5" testListId="8c84fa94-04c1-424b-9868-57a2d4851a1d" />
    <TestEntry testId="3741b26d-6ee0-6246-29e4-92009bff37b0" executionId="96c1fe82-680b-4b0d-9e3a-c4a9b513f16d" testListId="8c84fa94-04c1-424b-9868-57a2d4851a1d" />
    <TestEntry testId="6db4a246-b53e-f906-a55c-a58edca6f9be" executionId="244e3d54-2609-4d12-be84-50d96ed5ab89" testListId="8c84fa94-04c1-424b-9868-57a2d4851a1d" />
    <TestEntry testId="607e8298-f113-be33-300e-15a343893443" executionId="ac32def2-885c-40ca-832b-589167925695" testListId="8c84fa94-04c1-424b-9868-57a2d4851a1d" />
    <TestEntry testId="e33a71b1-06bc-8074-74ff-f99761bcab53" executionId="89e10cfb-3393-409e-83f3-1069660bfb56" testListId="8c84fa94-04c1-424b-9868-57a2d4851a1d" />
    <TestEntry testId="d853d4d6-e97d-258a-2635-5ee32039502c" executionId="0a8b87ee-1426-4ef4-a603-ba9e01ba420e" testListId="8c84fa94-04c1-424b-9868-57a2d4851a1d" />
    <TestEntry testId="84aa7688-5a5e-5558-abe6-025edfdb08fa" executionId="1b00ad87-bb62-478b-9f3f-437fb78341b8" testListId="8c84fa94-04c1-424b-9868-57a2d4851a1d" />
    <TestEntry testId="2c481238-3f35-9730-873b-38c6888fb12d" executionId="362efff2-c96b-40fb-bb59-9f9e6a595044" testListId="8c84fa94-04c1-424b-9868-57a2d4851a1d" />
  </TestEntries>
  <TestLists>
    <TestList name="Список результатов" id="8c84fa94-04c1-424b-9868-57a2d4851a1d" />
    <TestList name="Все загруженные результаты" id="19431567-8539-422a-85d7-44ee4e166bda" />
  </TestLists>
  <ResultSummary outcome="Completed">
    <Counters total="39" executed="39" passed="39" failed="0" error="0" timeout="0" aborted="0" inconclusive="0" passedButRunAborted="0" notRunnable="0" notExecuted="0" disconnected="0" warning="0" completed="0" inProgress="0" pending="0" />
    <Output>
      <StdOut>[xUnit.net 00:00:00.00] xUnit.net VSTest Adapter v2.4.5+1caef2f33e (64-bit .NET 6.0.3)&#xD;
[xUnit.net 00:00:00.53]   Discovering: AccessToDB.Tests&#xD;
[xUnit.net 00:00:00.65]   Discovered:  AccessToDB.Tests&#xD;
[xUnit.net 00:00:00.66]   Starting:    AccessToDB.Tests&#xD;
[xUnit.net 00:00:24.22]   Finished:    AccessToDB.Tests&#xD;
</StdOut>
    </Output>
  </ResultSummary>
</TestRun>