<?xml version="1.0" encoding="utf-8"?>
<TestRun id="e9f660b7-be00-4834-a06c-e448eb7e5f43" name="alena@DESKTOP-TJ9D65N 2022-10-15 21:16:54" runUser="DESKTOP-TJ9D65N\alena" xmlns="http://microsoft.com/schemas/VisualStudio/TeamTest/2010">
  <Times creation="2022-10-15T21:16:54.4242420+03:00" queuing="2022-10-15T21:16:54.4242423+03:00" start="2022-10-15T21:16:50.8008685+03:00" finish="2022-10-15T21:17:34.9654713+03:00" />
  <TestSettings name="default" id="f335a67b-4ec6-4bc1-8a33-e92a12ccaa87">
    <Deployment runDeploymentRoot="alena_DESKTOP-TJ9D65N_2022-10-15_21_16_54" />
  </TestSettings>
  <Results>
    <UnitTestResult executionId="a4a1adc8-3e13-4b73-b327-5c7408d939d8" testId="a536ccb8-709c-2289-460d-64aad37ee350" testName="AccessToDB.Tests.SlopesRepositoryTests.TestAddSlopeAsyncFailsWhenSlopeIdRepeats(slope: Slope { SlopeID = 180, SlopeName = slopeName596e23d0-c5cb-45fa-b224-9710add4c80e, IsOpen = True, DifficultyLevel = 30, ConnectedLifts =  })" computerName="DESKTOP-TJ9D65N" duration="00:00:01.1162014" startTime="2022-10-15T21:17:07.7226639+03:00" endTime="2022-10-15T21:17:07.7226641+03:00" testType="13cdc9d9-ddb5-4fa4-a97d-d965ccfc6d4b" outcome="Passed" testListId="8c84fa94-04c1-424b-9868-57a2d4851a1d" relativeResultsDirectory="a4a1adc8-3e13-4b73-b327-5c7408d939d8" />
    <UnitTestResult executionId="65a3efed-e390-487d-a10b-d23545237c01" testId="c405b98a-0d4e-e942-baca-4981be423835" testName="AccessToDB.Tests.UsersRepositoryTests.TestAddUserAsyncFailsWhenUserIdRepeats(user: User { UserID = 242, CardID = 238, UserEmail = UserEmail7e0b77f8-4fba-46f2-b13a-26f4a2103cf4, Password = password284ab255-d489-47f2-ac0e-33478c5b3499, Permissions = UNAUTHORIZED })" computerName="DESKTOP-TJ9D65N" duration="00:00:01.1048708" startTime="2022-10-15T21:16:56.6363972+03:00" endTime="2022-10-15T21:16:56.6363972+03:00" testType="13cdc9d9-ddb5-4fa4-a97d-d965ccfc6d4b" outcome="Passed" testListId="8c84fa94-04c1-424b-9868-57a2d4851a1d" relativeResultsDirectory="65a3efed-e390-487d-a10b-d23545237c01" />
    <UnitTestResult executionId="2a0d2929-9d40-4064-8f74-b4c81fc54e13" testId="ec229f70-485a-f91b-53ed-bce655f6cd58" testName="AccessToDB.Tests.LiftsRepositoryTests.TestAddLiftAutoIncrementAsyncOk" computerName="DESKTOP-TJ9D65N" duration="00:00:01.1262296" startTime="2022-10-15T21:17:28.2465027+03:00" endTime="2022-10-15T21:17:28.2465029+03:00" testType="13cdc9d9-ddb5-4fa4-a97d-d965ccfc6d4b" outcome="Passed" testListId="8c84fa94-04c1-424b-9868-57a2d4851a1d" relativeResultsDirectory="2a0d2929-9d40-4064-8f74-b4c81fc54e13" />
    <UnitTestResult executionId="9e2419ab-b868-4698-b971-fce487d96cde" testId="4145f44e-b4b1-a618-09e8-c631496e6f1a" testName="AccessToDB.Tests.LiftsSlopesRepositoryTests.TestGetLiftSlopesAsyncEmpty" computerName="DESKTOP-TJ9D65N" duration="00:00:01.0583917" startTime="2022-10-15T21:17:19.8836943+03:00" endTime="2022-10-15T21:17:19.8836946+03:00" testType="13cdc9d9-ddb5-4fa4-a97d-d965ccfc6d4b" outcome="Passed" testListId="8c84fa94-04c1-424b-9868-57a2d4851a1d" relativeResultsDirectory="9e2419ab-b868-4698-b971-fce487d96cde" />
    <UnitTestResult executionId="be221232-8616-45b3-8b4a-979b10bf4081" testId="df7bdf44-a018-ead5-833d-6612aa5e94de" testName="AccessToDB.Tests.UsersRepositoryTests.TestDeleteUserByIDAsyncFailsWhenIDNotExists(userID: 58)" computerName="DESKTOP-TJ9D65N" duration="00:00:01.0649599" startTime="2022-10-15T21:16:59.8783673+03:00" endTime="2022-10-15T21:16:59.8783675+03:00" testType="13cdc9d9-ddb5-4fa4-a97d-d965ccfc6d4b" outcome="Passed" testListId="8c84fa94-04c1-424b-9868-57a2d4851a1d" relativeResultsDirectory="be221232-8616-45b3-8b4a-979b10bf4081" />
    <UnitTestResult executionId="24e27e92-f693-4ecd-9cdb-acaa066744a9" testId="12b4c15e-a9e4-b7df-996b-1f1a9342b25c" testName="AccessToDB.Tests.LiftsSlopesRepositoryTests.TestGetLiftSlopeByIdAsyncOk(liftSlope: LiftSlope { RecordID = 243, LiftID = 79, SlopeID = 139 })" computerName="DESKTOP-TJ9D65N" duration="00:00:01.1056627" startTime="2022-10-15T21:17:10.9832306+03:00" endTime="2022-10-15T21:17:10.9832311+03:00" testType="13cdc9d9-ddb5-4fa4-a97d-d965ccfc6d4b" outcome="Passed" testListId="8c84fa94-04c1-424b-9868-57a2d4851a1d" relativeResultsDirectory="24e27e92-f693-4ecd-9cdb-acaa066744a9" />
    <UnitTestResult executionId="c193f7e8-fe79-40a9-b198-60996a22d1a5" testId="fd450357-7eb7-5cdc-58af-39274b0e5e2b" testName="AccessToDB.Tests.LiftsSlopesRepositoryTests.TestGetSlopesByLiftIdAsyncFailsWhenSlopeNotExists(liftSlope: LiftSlope { RecordID = 72, LiftID = 51, SlopeID = 87 })" computerName="DESKTOP-TJ9D65N" duration="00:00:01.0917245" startTime="2022-10-15T21:17:17.6773669+03:00" endTime="2022-10-15T21:17:17.6773670+03:00" testType="13cdc9d9-ddb5-4fa4-a97d-d965ccfc6d4b" outcome="Passed" testListId="8c84fa94-04c1-424b-9868-57a2d4851a1d" relativeResultsDirectory="c193f7e8-fe79-40a9-b198-60996a22d1a5" />
    <UnitTestResult executionId="84f4991c-0c8d-4381-9577-cb08c50233cb" testId="88b9fd9b-9098-646e-fa5f-ea9c8db4124c" testName="AccessToDB.Tests.LiftsSlopesRepositoryTests.TestGetLiftsBySlopeIdAsyncOk(slope1: Slope { SlopeID = 247, SlopeName = slopeName0414772a-ac83-4f21-9274-68d99e1a8bfe, IsOpen = True, DifficultyLevel = 204, ConnectedLifts =  }, slope2: Slope { SlopeID = 21, SlopeName = slopeNamea6b20056-79d3-4acf-8993-d73974903bb5, IsOpen = False, DifficultyLevel = 121, ConnectedLifts =  }, lift1: Lift { LiftID = 26, LiftName = liftNamef5e112a6-4cdf-4bc1-8065-b5e9b0d9e84b, IsOpen = True, SeatsAmount = 158, LiftingTime = 130, QueueTime = 100, ConnectedSlopes =  }, lift2: Lift { LiftID = 36, LiftName = liftNameea33d27c-6f07-4165-96d4-565c6952a295, IsOpen = False, SeatsAmount = 137, LiftingTime = 159, QueueTime = 234, ConnectedSlopes =  })" computerName="DESKTOP-TJ9D65N" duration="00:00:01.1629761" startTime="2022-10-15T21:17:15.4606994+03:00" endTime="2022-10-15T21:17:15.4606995+03:00" testType="13cdc9d9-ddb5-4fa4-a97d-d965ccfc6d4b" outcome="Passed" testListId="8c84fa94-04c1-424b-9868-57a2d4851a1d" relativeResultsDirectory="84f4991c-0c8d-4381-9577-cb08c50233cb" />
    <UnitTestResult executionId="08eb6795-8aa6-4b03-90bd-1044867452d0" testId="e8fda17a-3cca-522d-e5bd-3277ef340293" testName="AccessToDB.Tests.LiftsRepositoryTests.TestGetLiftByIdAsyncOk(lift: Lift { LiftID = 157, LiftName = liftNamebe86cab8-ff04-4709-99b1-0238f2902387, IsOpen = True, SeatsAmount = 31, LiftingTime = 143, QueueTime = 128, ConnectedSlopes =  })" computerName="DESKTOP-TJ9D65N" duration="00:00:01.1041520" startTime="2022-10-15T21:17:34.8348292+03:00" endTime="2022-10-15T21:17:34.8348296+03:00" testType="13cdc9d9-ddb5-4fa4-a97d-d965ccfc6d4b" outcome="Passed" testListId="8c84fa94-04c1-424b-9868-57a2d4851a1d" relativeResultsDirectory="08eb6795-8aa6-4b03-90bd-1044867452d0" />
    <UnitTestResult executionId="01805e04-babe-4454-b9e4-257cb138ffa5" testId="aa374ce7-bfcf-b2a0-ab2c-bcbe976a7a67" testName="AccessToDB.Tests.TurnstilesRepositoryTests.TestAddTurnstileAsyncFailsWhenTurnstileIdRepeats(turnstile: Turnstile { TurnstileID = 49, LiftID = 236, IsOpen = True })" computerName="DESKTOP-TJ9D65N" duration="00:00:01.0498740" startTime="2022-10-15T21:17:20.9822949+03:00" endTime="2022-10-15T21:17:20.9822950+03:00" testType="13cdc9d9-ddb5-4fa4-a97d-d965ccfc6d4b" outcome="Failed" testListId="8c84fa94-04c1-424b-9868-57a2d4851a1d" relativeResultsDirectory="01805e04-babe-4454-b9e4-257cb138ffa5">
      <Output>
        <ErrorInfo>
          <Message>AccessToDB.Exceptions.TurnstileExceptions.TurnstileAddException : Exception of type 'AccessToDB.Exceptions.TurnstileExceptions.TurnstileAddException' was thrown.</Message>
          <StackTrace>   at AccessToDB.RepositoriesTarantool.TarantoolTurnstilesRepository.AddTurnstileAsync(UInt32 turnstileID, UInt32 liftID, Boolean isOpen) in C:\Users\alena\Desktop\7_sem\testing_and_debugging\SkiResort\AccessToDB\TarantoolRepositories\TarantoolTurnstilesRepository.cs:line 85&#xD;
   at AccessToDB.Tests.TurnstilesRepositoryTests.TestAddTurnstileAsyncFailsWhenTurnstileIdRepeats(Turnstile turnstile) in C:\Users\alena\Desktop\7_sem\testing_and_debugging\SkiResort\AccessToDB.Tests\TurnstilesRepositoryTests.cs:line 67&#xD;
   at System.Threading.Tasks.Task.&lt;&gt;c.&lt;ThrowAsync&gt;b__128_0(Object state)</StackTrace>
        </ErrorInfo>
      </Output>
    </UnitTestResult>
    <UnitTestResult executionId="005a3ba3-0891-4afb-9c26-03eae34d3990" testId="747a24a9-fd8c-5271-06c8-2c17a2035e5b" testName="AccessToDB.Tests.LiftsRepositoryTests.TestUpdateLiftByIDAsyncOk(lift: Lift { LiftID = 151, LiftName = liftName6cb913b6-5cf7-4611-af28-a960a562fdf9, IsOpen = True, SeatsAmount = 138, LiftingTime = 206, QueueTime = 51, ConnectedSlopes =  })" computerName="DESKTOP-TJ9D65N" duration="00:00:01.1434804" startTime="2022-10-15T21:17:29.3938473+03:00" endTime="2022-10-15T21:17:29.3938474+03:00" testType="13cdc9d9-ddb5-4fa4-a97d-d965ccfc6d4b" outcome="Passed" testListId="8c84fa94-04c1-424b-9868-57a2d4851a1d" relativeResultsDirectory="005a3ba3-0891-4afb-9c26-03eae34d3990" />
    <UnitTestResult executionId="85f7225e-300a-4fe3-868e-c660198c10c1" testId="b2ab6c44-04ac-3ba4-7b6b-6cc82e42bd4b" testName="AccessToDB.Tests.UsersRepositoryTests.TestGetUserByEmailAsyncFailsWhenEmailNotExists(email: &quot;emailff0a7ade-7572-4d9a-8220-bc009fee246a&quot;)" computerName="DESKTOP-TJ9D65N" duration="00:00:01.0672468" startTime="2022-10-15T21:16:57.7069371+03:00" endTime="2022-10-15T21:16:57.7069373+03:00" testType="13cdc9d9-ddb5-4fa4-a97d-d965ccfc6d4b" outcome="Passed" testListId="8c84fa94-04c1-424b-9868-57a2d4851a1d" relativeResultsDirectory="85f7225e-300a-4fe3-868e-c660198c10c1" />
    <UnitTestResult executionId="154c0070-27f9-46a5-aac0-7ee486a6c3da" testId="f9435956-2e34-e52b-c34e-dce53665cf8e" testName="AccessToDB.Tests.TurnstilesRepositoryTests.TestAddTurnstileAutoIncrementAsyncOk" computerName="DESKTOP-TJ9D65N" duration="00:00:01.1206140" startTime="2022-10-15T21:17:26.0457392+03:00" endTime="2022-10-15T21:17:26.0457405+03:00" testType="13cdc9d9-ddb5-4fa4-a97d-d965ccfc6d4b" outcome="Passed" testListId="8c84fa94-04c1-424b-9868-57a2d4851a1d" relativeResultsDirectory="154c0070-27f9-46a5-aac0-7ee486a6c3da" />
    <UnitTestResult executionId="767d4abb-6b69-4aa7-ac8f-899b80b9f2e2" testId="f33d5e61-bab0-38f5-5404-b122cb770caa" testName="AccessToDB.Tests.LiftsSlopesRepositoryTests.TestUpdateLiftSlopeByIDAsyncOk(liftSlope: LiftSlope { RecordID = 137, LiftID = 159, SlopeID = 202 })" computerName="DESKTOP-TJ9D65N" duration="00:00:01.1194684" startTime="2022-10-15T21:17:16.5829367+03:00" endTime="2022-10-15T21:17:16.5829369+03:00" testType="13cdc9d9-ddb5-4fa4-a97d-d965ccfc6d4b" outcome="Passed" testListId="8c84fa94-04c1-424b-9868-57a2d4851a1d" relativeResultsDirectory="767d4abb-6b69-4aa7-ac8f-899b80b9f2e2" />
    <UnitTestResult executionId="4b3b33ce-80da-4deb-857b-90c43866820a" testId="999d640d-55f8-36f4-185b-956513aea4a4" testName="AccessToDB.Tests.UsersRepositoryTests.TestCheckUserEmailExistsAsyncFalse(userEmail: &quot;userEmailf530cb8b-4c9d-439f-bf68-5575789c138a&quot;)" computerName="DESKTOP-TJ9D65N" duration="00:00:01.1024806" startTime="2022-10-15T21:16:53.3112354+03:00" endTime="2022-10-15T21:16:53.3112765+03:00" testType="13cdc9d9-ddb5-4fa4-a97d-d965ccfc6d4b" outcome="Passed" testListId="8c84fa94-04c1-424b-9868-57a2d4851a1d" relativeResultsDirectory="4b3b33ce-80da-4deb-857b-90c43866820a" />
    <UnitTestResult executionId="80925810-1571-4346-8fa1-de4b471f5946" testId="3c521313-4ed6-6bce-b4f9-c359411028e7" testName="AccessToDB.Tests.TurnstilesRepositoryTests.TestGetTurnstilesAsyncEmpty" computerName="DESKTOP-TJ9D65N" duration="00:00:01.0723866" startTime="2022-10-15T21:17:24.9223421+03:00" endTime="2022-10-15T21:17:24.9223422+03:00" testType="13cdc9d9-ddb5-4fa4-a97d-d965ccfc6d4b" outcome="Passed" testListId="8c84fa94-04c1-424b-9868-57a2d4851a1d" relativeResultsDirectory="80925810-1571-4346-8fa1-de4b471f5946" />
    <UnitTestResult executionId="1c80be4d-fdbf-49d7-a2a1-da80ffceee53" testId="e9872980-2243-e448-65e0-3e36b9c25395" testName="AccessToDB.Tests.UsersRepositoryTests.TestGetUserByIdAsyncOk(user: User { UserID = 133, CardID = 175, UserEmail = UserEmailc92a2c02-0b99-4715-a369-325c913ec699, Password = password1f85fdf6-3350-44a9-b277-1dc0fc4b58fc, Permissions = UNAUTHORIZED })" computerName="DESKTOP-TJ9D65N" duration="00:00:01.0974729" startTime="2022-10-15T21:17:00.9834589+03:00" endTime="2022-10-15T21:17:00.9834591+03:00" testType="13cdc9d9-ddb5-4fa4-a97d-d965ccfc6d4b" outcome="Passed" testListId="8c84fa94-04c1-424b-9868-57a2d4851a1d" relativeResultsDirectory="1c80be4d-fdbf-49d7-a2a1-da80ffceee53" />
    <UnitTestResult executionId="57c681fa-38c8-4307-9a11-979f5758376e" testId="21081d95-6de1-b464-de66-4ea858ea6f45" testName="AccessToDB.Tests.SlopesRepositoryTests.TestGetSlopeByIdAsyncOk(slope: Slope { SlopeID = 88, SlopeName = slopeName48d135c7-2c16-4e85-b54f-ca1640b94d7d, IsOpen = True, DifficultyLevel = 236, ConnectedLifts =  })" computerName="DESKTOP-TJ9D65N" duration="00:00:01.1055085" startTime="2022-10-15T21:17:05.4614540+03:00" endTime="2022-10-15T21:17:05.4614543+03:00" testType="13cdc9d9-ddb5-4fa4-a97d-d965ccfc6d4b" outcome="Passed" testListId="8c84fa94-04c1-424b-9868-57a2d4851a1d" relativeResultsDirectory="57c681fa-38c8-4307-9a11-979f5758376e" />
    <UnitTestResult executionId="bd0e4c01-94ba-4f50-a97f-c45a4f589739" testId="a25931eb-5af5-cb83-b73a-9cc4809fd9e9" testName="AccessToDB.Tests.TurnstilesRepositoryTests.TestDeleteTurnstileByIDAsyncFailsWhenIDNotExists(turnstileID: 107)" computerName="DESKTOP-TJ9D65N" duration="00:00:01.0627632" startTime="2022-10-15T21:17:27.1151388+03:00" endTime="2022-10-15T21:17:27.1151390+03:00" testType="13cdc9d9-ddb5-4fa4-a97d-d965ccfc6d4b" outcome="Passed" testListId="8c84fa94-04c1-424b-9868-57a2d4851a1d" relativeResultsDirectory="bd0e4c01-94ba-4f50-a97f-c45a4f589739" />
    <UnitTestResult executionId="bb711827-1ad3-44ed-89ef-3a086b511a6d" testId="9bbefb83-8311-6e03-307f-415e3495e223" testName="AccessToDB.Tests.SlopesRepositoryTests.TestGetSlopesAsyncEmpty" computerName="DESKTOP-TJ9D65N" duration="00:00:01.0697797" startTime="2022-10-15T21:17:08.7955029+03:00" endTime="2022-10-15T21:17:08.7955031+03:00" testType="13cdc9d9-ddb5-4fa4-a97d-d965ccfc6d4b" outcome="Passed" testListId="8c84fa94-04c1-424b-9868-57a2d4851a1d" relativeResultsDirectory="bb711827-1ad3-44ed-89ef-3a086b511a6d" />
    <UnitTestResult executionId="0e2a0cf0-7b04-4c59-8696-965f4a2be40e" testId="084ce32b-c64b-92fe-337c-759beb7c39cd" testName="AccessToDB.Tests.UsersRepositoryTests.TestCheckUserIdExistsAsyncTrue(user: User { UserID = 199, CardID = 226, UserEmail = UserEmail1b5279ca-67d5-46d8-a147-db26e1f7a472, Password = password1eb98275-e6c0-493f-a585-45251142e9f8, Permissions = UNAUTHORIZED })" computerName="DESKTOP-TJ9D65N" duration="00:00:01.1034048" startTime="2022-10-15T21:16:55.5276783+03:00" endTime="2022-10-15T21:16:55.5276786+03:00" testType="13cdc9d9-ddb5-4fa4-a97d-d965ccfc6d4b" outcome="Passed" testListId="8c84fa94-04c1-424b-9868-57a2d4851a1d" relativeResultsDirectory="0e2a0cf0-7b04-4c59-8696-965f4a2be40e" />
    <UnitTestResult executionId="720b13ac-2f71-464e-b0b8-2b3a4e989d43" testId="d4a56fde-dfb3-d880-7628-464aab00b94a" testName="AccessToDB.Tests.LiftsSlopesRepositoryTests.TestAddLiftSlopeAsyncFailsWhenLiftSlopeIdRepeats(liftSlope: LiftSlope { RecordID = 34, LiftID = 248, SlopeID = 123 })" computerName="DESKTOP-TJ9D65N" duration="00:00:01.1238642" startTime="2022-10-15T21:17:12.1137025+03:00" endTime="2022-10-15T21:17:12.1137043+03:00" testType="13cdc9d9-ddb5-4fa4-a97d-d965ccfc6d4b" outcome="Passed" testListId="8c84fa94-04c1-424b-9868-57a2d4851a1d" relativeResultsDirectory="720b13ac-2f71-464e-b0b8-2b3a4e989d43" />
    <UnitTestResult executionId="b240928c-45b6-4574-9831-d8e2cadf9e55" testId="8c8b9d5d-10e5-8114-5648-52dc84abfd8f" testName="AccessToDB.Tests.SlopesRepositoryTests.TestGetSlopeByNameAsyncFailsWhenNameNotExists(slopeName: &quot;slopeNameb75f36f0-54fa-4c35-9ed4-e25118697bbb&quot;)" computerName="DESKTOP-TJ9D65N" duration="00:00:01.0722055" startTime="2022-10-15T21:17:04.3515137+03:00" endTime="2022-10-15T21:17:04.3515139+03:00" testType="13cdc9d9-ddb5-4fa4-a97d-d965ccfc6d4b" outcome="Passed" testListId="8c84fa94-04c1-424b-9868-57a2d4851a1d" relativeResultsDirectory="b240928c-45b6-4574-9831-d8e2cadf9e55" />
    <UnitTestResult executionId="ef5481ed-6bff-4d0c-aa5f-2a003bc56b63" testId="e82047f9-906b-455a-1ff7-1b6188873641" testName="AccessToDB.Tests.LiftsRepositoryTests.TestGetLiftByNameAsyncFailsWhenNameNotExists(liftName: &quot;liftNameee8d53c9-8538-4696-8266-048e4192eeae&quot;)" computerName="DESKTOP-TJ9D65N" duration="00:00:01.0653297" startTime="2022-10-15T21:17:32.6410961+03:00" endTime="2022-10-15T21:17:32.6410963+03:00" testType="13cdc9d9-ddb5-4fa4-a97d-d965ccfc6d4b" outcome="Passed" testListId="8c84fa94-04c1-424b-9868-57a2d4851a1d" relativeResultsDirectory="ef5481ed-6bff-4d0c-aa5f-2a003bc56b63" />
    <UnitTestResult executionId="16734d11-4f83-4d66-93ca-9f267b588c94" testId="ff5a6fc6-4250-3364-3abb-1842fff6c220" testName="AccessToDB.Tests.LiftsSlopesRepositoryTests.TestDeleteLiftSlopesByIDsAsyncOk(liftSlope: LiftSlope { RecordID = 236, LiftID = 97, SlopeID = 80 })" computerName="DESKTOP-TJ9D65N" duration="00:00:01.1063022" startTime="2022-10-15T21:17:14.2924919+03:00" endTime="2022-10-15T21:17:14.2924924+03:00" testType="13cdc9d9-ddb5-4fa4-a97d-d965ccfc6d4b" outcome="Passed" testListId="8c84fa94-04c1-424b-9868-57a2d4851a1d" relativeResultsDirectory="16734d11-4f83-4d66-93ca-9f267b588c94" />
    <UnitTestResult executionId="11f24063-5a8b-4fc2-b4a9-b1632f804329" testId="d46b07f7-3ebb-f258-436c-e9af4d33d847" testName="AccessToDB.Tests.SlopesRepositoryTests.TestUpdateSlopeByIDAsyncOk(slope: Slope { SlopeID = 51, SlopeName = slopeNameff181640-bd0a-4955-ad01-6153131c2c38, IsOpen = True, DifficultyLevel = 168, ConnectedLifts =  })" computerName="DESKTOP-TJ9D65N" duration="00:00:01.1216616" startTime="2022-10-15T21:17:03.2762433+03:00" endTime="2022-10-15T21:17:03.2762438+03:00" testType="13cdc9d9-ddb5-4fa4-a97d-d965ccfc6d4b" outcome="Passed" testListId="8c84fa94-04c1-424b-9868-57a2d4851a1d" relativeResultsDirectory="11f24063-5a8b-4fc2-b4a9-b1632f804329" />
    <UnitTestResult executionId="673b55c0-d0ec-4776-8b95-6e4624ad949c" testId="8f7ba917-f771-0dc5-f9b9-465c34344b12" testName="AccessToDB.Tests.SlopesRepositoryTests.TestAddSlopeAutoIncrementAsyncOk" computerName="DESKTOP-TJ9D65N" duration="00:00:01.1168177" startTime="2022-10-15T21:17:06.6017424+03:00" endTime="2022-10-15T21:17:06.6017425+03:00" testType="13cdc9d9-ddb5-4fa4-a97d-d965ccfc6d4b" outcome="Passed" testListId="8c84fa94-04c1-424b-9868-57a2d4851a1d" relativeResultsDirectory="673b55c0-d0ec-4776-8b95-6e4624ad949c" />
    <UnitTestResult executionId="ffa7d052-8fae-47ba-bbd5-6cff329d05a7" testId="30f8e924-9784-0a43-e807-094f70e06567" testName="AccessToDB.Tests.LiftsSlopesRepositoryTests.TestAddLiftSlopeAutoIncrementAsyncOk" computerName="DESKTOP-TJ9D65N" duration="00:00:01.1405176" startTime="2022-10-15T21:17:18.8211708+03:00" endTime="2022-10-15T21:17:18.8211712+03:00" testType="13cdc9d9-ddb5-4fa4-a97d-d965ccfc6d4b" outcome="Passed" testListId="8c84fa94-04c1-424b-9868-57a2d4851a1d" relativeResultsDirectory="ffa7d052-8fae-47ba-bbd5-6cff329d05a7" />
    <UnitTestResult executionId="f17150c1-cb40-427e-9124-b583d2246c84" testId="720f8d51-91b4-dfa7-5328-3b1b9d2d2c59" testName="AccessToDB.Tests.LiftsRepositoryTests.TestAddLiftAsyncFailsWhenLiftIdRepeats(lift: Lift { LiftID = 229, LiftName = liftName6d06bfb5-f318-4105-82c0-84533d8aeb63, IsOpen = True, SeatsAmount = 109, LiftingTime = 34, QueueTime = 14, ConnectedSlopes =  })" computerName="DESKTOP-TJ9D65N" duration="00:00:01.1076692" startTime="2022-10-15T21:17:30.5049594+03:00" endTime="2022-10-15T21:17:30.5049595+03:00" testType="13cdc9d9-ddb5-4fa4-a97d-d965ccfc6d4b" outcome="Passed" testListId="8c84fa94-04c1-424b-9868-57a2d4851a1d" relativeResultsDirectory="f17150c1-cb40-427e-9124-b583d2246c84" />
    <UnitTestResult executionId="b240c1fe-1085-4967-b4f0-09c25a116bec" testId="548e4fbe-55e9-f6db-c233-bc6688724e7b" testName="AccessToDB.Tests.TurnstilesRepositoryTests.TestUpdateTurnstileByIDAsyncOk(turnstile: Turnstile { TurnstileID = 98, LiftID = 54, IsOpen = True })" computerName="DESKTOP-TJ9D65N" duration="00:00:00.0010000" startTime="2022-10-15T21:17:23.8491399+03:00" endTime="2022-10-15T21:17:23.8491403+03:00" testType="13cdc9d9-ddb5-4fa4-a97d-d965ccfc6d4b" outcome="Failed" testListId="8c84fa94-04c1-424b-9868-57a2d4851a1d" relativeResultsDirectory="b240c1fe-1085-4967-b4f0-09c25a116bec">
      <Output>
        <ErrorInfo>
          <Message>System.InvalidOperationException : Operations that change non-concurrent collections must have exclusive access. A concurrent update was performed on this collection and corrupted its state. The collection's state is no longer correct.</Message>
          <StackTrace>   at System.Collections.Generic.Dictionary`2.FindValue(TKey key)&#xD;
   at System.Collections.Generic.Dictionary`2.TryGetValue(TKey key, TValue&amp; value)&#xD;
   at ProGaudi.MsgPack.Light.MsgPackContext.GetObjectActivator(Type type)&#xD;
   at ProGaudi.MsgPack.Light.MsgPackContext.&lt;&gt;c__DisplayClass24_0.&lt;TryGenerateConverterFromGenericConverter&gt;b__0(Type x)&#xD;
   at ProGaudi.MsgPack.Light.MsgPackContext.TryGenerateConverterFromGenericConverter(Type type)&#xD;
   at ProGaudi.MsgPack.Light.MsgPackContext.GetConverter[T]()&#xD;
   at ProGaudi.MsgPack.Light.Converters.ArrayConverterBase`2.Initialize(MsgPackContext context)&#xD;
   at ProGaudi.MsgPack.Light.MsgPackContext.CreateAndInializeConverter(Func`1 converterActivator)&#xD;
   at ProGaudi.MsgPack.Light.MsgPackContext.TryGenerateArrayConverter(Type type)&#xD;
   at ProGaudi.MsgPack.Light.MsgPackContext.GetConverter[T]()&#xD;
   at ProGaudi.Tarantool.Client.Converters.ResponsePacketConverter`1.Initialize(MsgPackContext context)&#xD;
   at ProGaudi.MsgPack.Light.MsgPackContext.CreateAndInializeConverter(Func`1 converterActivator)&#xD;
   at ProGaudi.MsgPack.Light.MsgPackContext.TryGenerateConverterFromGenericConverter(Type type)&#xD;
   at ProGaudi.MsgPack.Light.MsgPackContext.GetConverter[T]()&#xD;
   at ProGaudi.MsgPack.Light.MsgPackSerializer.GetConverter[T](MsgPackContext context)&#xD;
   at ProGaudi.MsgPack.Light.MsgPackSerializer.Deserialize[T](MemoryStream stream, MsgPackContext context)&#xD;
   at ProGaudi.Tarantool.Client.LogicalConnection.SendRequest[TRequest,TResponse](TRequest request, Nullable`1 timeout)&#xD;
   at ProGaudi.Tarantool.Client.LogicalConnectionManager.SendRequest[TRequest,TResponse](TRequest request, Nullable`1 timeout)&#xD;
   at ProGaudi.Tarantool.Client.Index.Select[TKey,TTuple](TKey key, SelectOptions options)&#xD;
   at AccessToDB.RepositoriesTarantool.TarantoolTurnstilesRepository.GetTurnstilesAsync(UInt32 offset, UInt32 limit) in C:\Users\alena\Desktop\7_sem\testing_and_debugging\SkiResort\AccessToDB\TarantoolRepositories\TarantoolTurnstilesRepository.cs:line 35&#xD;
   at AccessToDB.Tests.TurnstilesRepositoryTests.CleanTurnstilesTable() in C:\Users\alena\Desktop\7_sem\testing_and_debugging\SkiResort\AccessToDB.Tests\TurnstilesRepositoryTests.cs:line 41&#xD;
   at AccessToDB.Tests.TurnstilesRepositoryTests..ctor() in C:\Users\alena\Desktop\7_sem\testing_and_debugging\SkiResort\AccessToDB.Tests\TurnstilesRepositoryTests.cs:line 31&#xD;
   at System.RuntimeType.CreateInstanceDefaultCtor(Boolean publicOnly, Boolean wrapExceptions)</StackTrace>
        </ErrorInfo>
      </Output>
    </UnitTestResult>
    <UnitTestResult executionId="2d136130-97f1-436d-b1e1-7c00b19c5636" testId="62133e0a-15be-4738-7a68-6aa81f451d34" testName="AccessToDB.Tests.TurnstilesRepositoryTests.TestGetTurnstilesByLiftIdAsyncOk(liftID: 171)" computerName="DESKTOP-TJ9D65N" duration="00:00:01.2573135" startTime="2022-10-15T21:17:22.2291319+03:00" endTime="2022-10-15T21:17:22.2291321+03:00" testType="13cdc9d9-ddb5-4fa4-a97d-d965ccfc6d4b" outcome="Passed" testListId="8c84fa94-04c1-424b-9868-57a2d4851a1d" relativeResultsDirectory="2d136130-97f1-436d-b1e1-7c00b19c5636" />
    <UnitTestResult executionId="9e39112b-5116-49ef-8b3a-a58d30152963" testId="e75bb6e2-88d9-af2a-a444-c4a9d67f0f0e" testName="AccessToDB.Tests.UsersRepositoryTests.TestAddUserAutoIncrementAsyncOk" computerName="DESKTOP-TJ9D65N" duration="00:00:01.1398828" startTime="2022-10-15T21:17:02.1267339+03:00" endTime="2022-10-15T21:17:02.1267349+03:00" testType="13cdc9d9-ddb5-4fa4-a97d-d965ccfc6d4b" outcome="Passed" testListId="8c84fa94-04c1-424b-9868-57a2d4851a1d" relativeResultsDirectory="9e39112b-5116-49ef-8b3a-a58d30152963" />
    <UnitTestResult executionId="f2ac1bfd-7517-401d-9953-09bf42393526" testId="8af3ffa2-927d-42df-beb8-257995d421a1" testName="AccessToDB.Tests.LiftsRepositoryTests.TestDeleteLiftByIDAsyncFailsWhenIDNotExists(liftID: 147)" computerName="DESKTOP-TJ9D65N" duration="00:00:01.0794641" startTime="2022-10-15T21:17:33.7243458+03:00" endTime="2022-10-15T21:17:33.7243463+03:00" testType="13cdc9d9-ddb5-4fa4-a97d-d965ccfc6d4b" outcome="Passed" testListId="8c84fa94-04c1-424b-9868-57a2d4851a1d" relativeResultsDirectory="f2ac1bfd-7517-401d-9953-09bf42393526" />
    <UnitTestResult executionId="ac82b982-12a7-49a8-a269-178bac5c4530" testId="3741b26d-6ee0-6246-29e4-92009bff37b0" testName="AccessToDB.Tests.UsersRepositoryTests.TestGetUsersAsyncEmpty" computerName="DESKTOP-TJ9D65N" duration="00:00:01.0801695" startTime="2022-10-15T21:16:54.4201894+03:00" endTime="2022-10-15T21:16:54.4201896+03:00" testType="13cdc9d9-ddb5-4fa4-a97d-d965ccfc6d4b" outcome="Passed" testListId="8c84fa94-04c1-424b-9868-57a2d4851a1d" relativeResultsDirectory="ac82b982-12a7-49a8-a269-178bac5c4530" />
    <UnitTestResult executionId="64fa6a2d-46ac-408b-b9fb-b9bf8affac79" testId="e588e4c8-3c2a-50b1-1b51-d63575c66102" testName="AccessToDB.Tests.TurnstilesRepositoryTests.TestGetTurnstileByIdAsyncOk(turnstile: Turnstile { TurnstileID = 215, LiftID = 174, IsOpen = True })" computerName="DESKTOP-TJ9D65N" duration="00:00:01.0942900" startTime="2022-10-15T21:17:23.3264440+03:00" endTime="2022-10-15T21:17:23.3264443+03:00" testType="13cdc9d9-ddb5-4fa4-a97d-d965ccfc6d4b" outcome="Passed" testListId="8c84fa94-04c1-424b-9868-57a2d4851a1d" relativeResultsDirectory="64fa6a2d-46ac-408b-b9fb-b9bf8affac79" />
    <UnitTestResult executionId="bac7deb1-92b6-4174-b997-6da27a462188" testId="607e8298-f113-be33-300e-15a343893443" testName="AccessToDB.Tests.LiftsRepositoryTests.TestGetLiftsAsyncEmpty" computerName="DESKTOP-TJ9D65N" duration="00:00:01.0644257" startTime="2022-10-15T21:17:31.5719918+03:00" endTime="2022-10-15T21:17:31.5719919+03:00" testType="13cdc9d9-ddb5-4fa4-a97d-d965ccfc6d4b" outcome="Passed" testListId="8c84fa94-04c1-424b-9868-57a2d4851a1d" relativeResultsDirectory="bac7deb1-92b6-4174-b997-6da27a462188" />
    <UnitTestResult executionId="734e7706-ec61-41da-a973-c9d6f31a4620" testId="30719dcf-b628-da09-8049-9d77ae0c8765" testName="AccessToDB.Tests.UsersRepositoryTests.TestUpdateUserByIDAsyncOk(user: User { UserID = 16, CardID = 44, UserEmail = UserEmail2d6e7cb6-9a8d-4b8b-9ad5-d21242d96dc7, Password = passworda96d2038-29a4-4bac-a121-3ea32354da5a, Permissions = UNAUTHORIZED })" computerName="DESKTOP-TJ9D65N" duration="00:00:01.0980516" startTime="2022-10-15T21:16:58.8106093+03:00" endTime="2022-10-15T21:16:58.8106097+03:00" testType="13cdc9d9-ddb5-4fa4-a97d-d965ccfc6d4b" outcome="Passed" testListId="8c84fa94-04c1-424b-9868-57a2d4851a1d" relativeResultsDirectory="734e7706-ec61-41da-a973-c9d6f31a4620" />
    <UnitTestResult executionId="e36b04f3-c0d3-4755-b53e-df31e8b27a63" testId="76272376-87fc-2665-974d-7bbaa60407d3" testName="AccessToDB.Tests.SlopesRepositoryTests.TestDeleteSlopeByIDAsyncFailsWhenIDNotExists(slopeID: 15)" computerName="DESKTOP-TJ9D65N" duration="00:00:01.0738142" startTime="2022-10-15T21:17:09.8734056+03:00" endTime="2022-10-15T21:17:09.8734058+03:00" testType="13cdc9d9-ddb5-4fa4-a97d-d965ccfc6d4b" outcome="Passed" testListId="8c84fa94-04c1-424b-9868-57a2d4851a1d" relativeResultsDirectory="e36b04f3-c0d3-4755-b53e-df31e8b27a63" />
    <UnitTestResult executionId="f1b605b0-8601-4be3-86ea-3aa86b9f9052" testId="08280b1f-ac42-d9aa-671a-88101844880f" testName="AccessToDB.Tests.LiftsSlopesRepositoryTests.TestDeleteLiftSlopeByIDAsyncFailsWhenIDNotExists(liftSlopeID: 22)" computerName="DESKTOP-TJ9D65N" duration="00:00:01.0657543" startTime="2022-10-15T21:17:13.1828169+03:00" endTime="2022-10-15T21:17:13.1828170+03:00" testType="13cdc9d9-ddb5-4fa4-a97d-d965ccfc6d4b" outcome="Passed" testListId="8c84fa94-04c1-424b-9868-57a2d4851a1d" relativeResultsDirectory="f1b605b0-8601-4be3-86ea-3aa86b9f9052" />
  </Results>
  <TestDefinitions>
    <UnitTest name="AccessToDB.Tests.UsersRepositoryTests.TestCheckUserIdExistsAsyncTrue(user: User { UserID = 199, CardID = 226, UserEmail = UserEmail1b5279ca-67d5-46d8-a147-db26e1f7a472, Password = password1eb98275-e6c0-493f-a585-45251142e9f8, Permissions = UNAUTHORIZED })" storage="c:\users\alena\desktop\7_sem\testing_and_debugging\skiresort\accesstodb.tests\bin\debug\net6.0\accesstodb.tests.dll" id="084ce32b-c64b-92fe-337c-759beb7c39cd">
      <Execution id="0e2a0cf0-7b04-4c59-8696-965f4a2be40e" />
      <TestMethod codeBase="C:\Users\alena\Desktop\7_sem\testing_and_debugging\SkiResort\AccessToDB.Tests\bin\Debug\net6.0\AccessToDB.Tests.dll" adapterTypeName="executor://xunit/VsTestRunner2/netcoreapp" className="AccessToDB.Tests.UsersRepositoryTests" name="TestCheckUserIdExistsAsyncTrue" />
    </UnitTest>
    <UnitTest name="AccessToDB.Tests.TurnstilesRepositoryTests.TestAddTurnstileAsyncFailsWhenTurnstileIdRepeats(turnstile: Turnstile { TurnstileID = 49, LiftID = 236, IsOpen = True })" storage="c:\users\alena\desktop\7_sem\testing_and_debugging\skiresort\accesstodb.tests\bin\debug\net6.0\accesstodb.tests.dll" id="aa374ce7-bfcf-b2a0-ab2c-bcbe976a7a67">
      <Execution id="01805e04-babe-4454-b9e4-257cb138ffa5" />
      <TestMethod codeBase="C:\Users\alena\Desktop\7_sem\testing_and_debugging\SkiResort\AccessToDB.Tests\bin\Debug\net6.0\AccessToDB.Tests.dll" adapterTypeName="executor://xunit/VsTestRunner2/netcoreapp" className="AccessToDB.Tests.TurnstilesRepositoryTests" name="TestAddTurnstileAsyncFailsWhenTurnstileIdRepeats" />
    </UnitTest>
    <UnitTest name="AccessToDB.Tests.LiftsSlopesRepositoryTests.TestAddLiftSlopeAsyncFailsWhenLiftSlopeIdRepeats(liftSlope: LiftSlope { RecordID = 34, LiftID = 248, SlopeID = 123 })" storage="c:\users\alena\desktop\7_sem\testing_and_debugging\skiresort\accesstodb.tests\bin\debug\net6.0\accesstodb.tests.dll" id="d4a56fde-dfb3-d880-7628-464aab00b94a">
      <Execution id="720b13ac-2f71-464e-b0b8-2b3a4e989d43" />
      <TestMethod codeBase="C:\Users\alena\Desktop\7_sem\testing_and_debugging\SkiResort\AccessToDB.Tests\bin\Debug\net6.0\AccessToDB.Tests.dll" adapterTypeName="executor://xunit/VsTestRunner2/netcoreapp" className="AccessToDB.Tests.LiftsSlopesRepositoryTests" name="TestAddLiftSlopeAsyncFailsWhenLiftSlopeIdRepeats" />
    </UnitTest>
    <UnitTest name="AccessToDB.Tests.UsersRepositoryTests.TestGetUsersAsyncEmpty" storage="c:\users\alena\desktop\7_sem\testing_and_debugging\skiresort\accesstodb.tests\bin\debug\net6.0\accesstodb.tests.dll" id="3741b26d-6ee0-6246-29e4-92009bff37b0">
      <Execution id="ac82b982-12a7-49a8-a269-178bac5c4530" />
      <TestMethod codeBase="C:\Users\alena\Desktop\7_sem\testing_and_debugging\SkiResort\AccessToDB.Tests\bin\Debug\net6.0\AccessToDB.Tests.dll" adapterTypeName="executor://xunit/VsTestRunner2/netcoreapp" className="AccessToDB.Tests.UsersRepositoryTests" name="TestGetUsersAsyncEmpty" />
    </UnitTest>
    <UnitTest name="AccessToDB.Tests.LiftsSlopesRepositoryTests.TestGetSlopesByLiftIdAsyncFailsWhenSlopeNotExists(liftSlope: LiftSlope { RecordID = 72, LiftID = 51, SlopeID = 87 })" storage="c:\users\alena\desktop\7_sem\testing_and_debugging\skiresort\accesstodb.tests\bin\debug\net6.0\accesstodb.tests.dll" id="fd450357-7eb7-5cdc-58af-39274b0e5e2b">
      <Execution id="c193f7e8-fe79-40a9-b198-60996a22d1a5" />
      <TestMethod codeBase="C:\Users\alena\Desktop\7_sem\testing_and_debugging\SkiResort\AccessToDB.Tests\bin\Debug\net6.0\AccessToDB.Tests.dll" adapterTypeName="executor://xunit/VsTestRunner2/netcoreapp" className="AccessToDB.Tests.LiftsSlopesRepositoryTests" name="TestGetSlopesByLiftIdAsyncFailsWhenSlopeNotExists" />
    </UnitTest>
    <UnitTest name="AccessToDB.Tests.UsersRepositoryTests.TestAddUserAsyncFailsWhenUserIdRepeats(user: User { UserID = 242, CardID = 238, UserEmail = UserEmail7e0b77f8-4fba-46f2-b13a-26f4a2103cf4, Password = password284ab255-d489-47f2-ac0e-33478c5b3499, Permissions = UNAUTHORIZED })" storage="c:\users\alena\desktop\7_sem\testing_and_debugging\skiresort\accesstodb.tests\bin\debug\net6.0\accesstodb.tests.dll" id="c405b98a-0d4e-e942-baca-4981be423835">
      <Execution id="65a3efed-e390-487d-a10b-d23545237c01" />
      <TestMethod codeBase="C:\Users\alena\Desktop\7_sem\testing_and_debugging\SkiResort\AccessToDB.Tests\bin\Debug\net6.0\AccessToDB.Tests.dll" adapterTypeName="executor://xunit/VsTestRunner2/netcoreapp" className="AccessToDB.Tests.UsersRepositoryTests" name="TestAddUserAsyncFailsWhenUserIdRepeats" />
    </UnitTest>
    <UnitTest name="AccessToDB.Tests.LiftsRepositoryTests.TestDeleteLiftByIDAsyncFailsWhenIDNotExists(liftID: 147)" storage="c:\users\alena\desktop\7_sem\testing_and_debugging\skiresort\accesstodb.tests\bin\debug\net6.0\accesstodb.tests.dll" id="8af3ffa2-927d-42df-beb8-257995d421a1">
      <Execution id="f2ac1bfd-7517-401d-9953-09bf42393526" />
      <TestMethod codeBase="C:\Users\alena\Desktop\7_sem\testing_and_debugging\SkiResort\AccessToDB.Tests\bin\Debug\net6.0\AccessToDB.Tests.dll" adapterTypeName="executor://xunit/VsTestRunner2/netcoreapp" className="AccessToDB.Tests.LiftsRepositoryTests" name="TestDeleteLiftByIDAsyncFailsWhenIDNotExists" />
    </UnitTest>
    <UnitTest name="AccessToDB.Tests.LiftsSlopesRepositoryTests.TestDeleteLiftSlopesByIDsAsyncOk(liftSlope: LiftSlope { RecordID = 236, LiftID = 97, SlopeID = 80 })" storage="c:\users\alena\desktop\7_sem\testing_and_debugging\skiresort\accesstodb.tests\bin\debug\net6.0\accesstodb.tests.dll" id="ff5a6fc6-4250-3364-3abb-1842fff6c220">
      <Execution id="16734d11-4f83-4d66-93ca-9f267b588c94" />
      <TestMethod codeBase="C:\Users\alena\Desktop\7_sem\testing_and_debugging\SkiResort\AccessToDB.Tests\bin\Debug\net6.0\AccessToDB.Tests.dll" adapterTypeName="executor://xunit/VsTestRunner2/netcoreapp" className="AccessToDB.Tests.LiftsSlopesRepositoryTests" name="TestDeleteLiftSlopesByIDsAsyncOk" />
    </UnitTest>
    <UnitTest name="AccessToDB.Tests.TurnstilesRepositoryTests.TestAddTurnstileAutoIncrementAsyncOk" storage="c:\users\alena\desktop\7_sem\testing_and_debugging\skiresort\accesstodb.tests\bin\debug\net6.0\accesstodb.tests.dll" id="f9435956-2e34-e52b-c34e-dce53665cf8e">
      <Execution id="154c0070-27f9-46a5-aac0-7ee486a6c3da" />
      <TestMethod codeBase="C:\Users\alena\Desktop\7_sem\testing_and_debugging\SkiResort\AccessToDB.Tests\bin\Debug\net6.0\AccessToDB.Tests.dll" adapterTypeName="executor://xunit/VsTestRunner2/netcoreapp" className="AccessToDB.Tests.TurnstilesRepositoryTests" name="TestAddTurnstileAutoIncrementAsyncOk" />
    </UnitTest>
    <UnitTest name="AccessToDB.Tests.UsersRepositoryTests.TestGetUserByEmailAsyncFailsWhenEmailNotExists(email: &quot;emailff0a7ade-7572-4d9a-8220-bc009fee246a&quot;)" storage="c:\users\alena\desktop\7_sem\testing_and_debugging\skiresort\accesstodb.tests\bin\debug\net6.0\accesstodb.tests.dll" id="b2ab6c44-04ac-3ba4-7b6b-6cc82e42bd4b">
      <Execution id="85f7225e-300a-4fe3-868e-c660198c10c1" />
      <TestMethod codeBase="C:\Users\alena\Desktop\7_sem\testing_and_debugging\SkiResort\AccessToDB.Tests\bin\Debug\net6.0\AccessToDB.Tests.dll" adapterTypeName="executor://xunit/VsTestRunner2/netcoreapp" className="AccessToDB.Tests.UsersRepositoryTests" name="TestGetUserByEmailAsyncFailsWhenEmailNotExists" />
    </UnitTest>
    <UnitTest name="AccessToDB.Tests.LiftsSlopesRepositoryTests.TestGetLiftsBySlopeIdAsyncOk(slope1: Slope { SlopeID = 247, SlopeName = slopeName0414772a-ac83-4f21-9274-68d99e1a8bfe, IsOpen = True, DifficultyLevel = 204, ConnectedLifts =  }, slope2: Slope { SlopeID = 21, SlopeName = slopeNamea6b20056-79d3-4acf-8993-d73974903bb5, IsOpen = False, DifficultyLevel = 121, ConnectedLifts =  }, lift1: Lift { LiftID = 26, LiftName = liftNamef5e112a6-4cdf-4bc1-8065-b5e..." storage="c:\users\alena\desktop\7_sem\testing_and_debugging\skiresort\accesstodb.tests\bin\debug\net6.0\accesstodb.tests.dll" id="88b9fd9b-9098-646e-fa5f-ea9c8db4124c">
      <Execution id="84f4991c-0c8d-4381-9577-cb08c50233cb" />
      <TestMethod codeBase="C:\Users\alena\Desktop\7_sem\testing_and_debugging\SkiResort\AccessToDB.Tests\bin\Debug\net6.0\AccessToDB.Tests.dll" adapterTypeName="executor://xunit/VsTestRunner2/netcoreapp" className="AccessToDB.Tests.LiftsSlopesRepositoryTests" name="TestGetLiftsBySlopeIdAsyncOk" />
    </UnitTest>
    <UnitTest name="AccessToDB.Tests.LiftsSlopesRepositoryTests.TestGetLiftSlopesAsyncEmpty" storage="c:\users\alena\desktop\7_sem\testing_and_debugging\skiresort\accesstodb.tests\bin\debug\net6.0\accesstodb.tests.dll" id="4145f44e-b4b1-a618-09e8-c631496e6f1a">
      <Execution id="9e2419ab-b868-4698-b971-fce487d96cde" />
      <TestMethod codeBase="C:\Users\alena\Desktop\7_sem\testing_and_debugging\SkiResort\AccessToDB.Tests\bin\Debug\net6.0\AccessToDB.Tests.dll" adapterTypeName="executor://xunit/VsTestRunner2/netcoreapp" className="AccessToDB.Tests.LiftsSlopesRepositoryTests" name="TestGetLiftSlopesAsyncEmpty" />
    </UnitTest>
    <UnitTest name="AccessToDB.Tests.LiftsSlopesRepositoryTests.TestUpdateLiftSlopeByIDAsyncOk(liftSlope: LiftSlope { RecordID = 137, LiftID = 159, SlopeID = 202 })" storage="c:\users\alena\desktop\7_sem\testing_and_debugging\skiresort\accesstodb.tests\bin\debug\net6.0\accesstodb.tests.dll" id="f33d5e61-bab0-38f5-5404-b122cb770caa">
      <Execution id="767d4abb-6b69-4aa7-ac8f-899b80b9f2e2" />
      <TestMethod codeBase="C:\Users\alena\Desktop\7_sem\testing_and_debugging\SkiResort\AccessToDB.Tests\bin\Debug\net6.0\AccessToDB.Tests.dll" adapterTypeName="executor://xunit/VsTestRunner2/netcoreapp" className="AccessToDB.Tests.LiftsSlopesRepositoryTests" name="TestUpdateLiftSlopeByIDAsyncOk" />
    </UnitTest>
    <UnitTest name="AccessToDB.Tests.SlopesRepositoryTests.TestGetSlopeByNameAsyncFailsWhenNameNotExists(slopeName: &quot;slopeNameb75f36f0-54fa-4c35-9ed4-e25118697bbb&quot;)" storage="c:\users\alena\desktop\7_sem\testing_and_debugging\skiresort\accesstodb.tests\bin\debug\net6.0\accesstodb.tests.dll" id="8c8b9d5d-10e5-8114-5648-52dc84abfd8f">
      <Execution id="b240928c-45b6-4574-9831-d8e2cadf9e55" />
      <TestMethod codeBase="C:\Users\alena\Desktop\7_sem\testing_and_debugging\SkiResort\AccessToDB.Tests\bin\Debug\net6.0\AccessToDB.Tests.dll" adapterTypeName="executor://xunit/VsTestRunner2/netcoreapp" className="AccessToDB.Tests.SlopesRepositoryTests" name="TestGetSlopeByNameAsyncFailsWhenNameNotExists" />
    </UnitTest>
    <UnitTest name="AccessToDB.Tests.SlopesRepositoryTests.TestAddSlopeAsyncFailsWhenSlopeIdRepeats(slope: Slope { SlopeID = 180, SlopeName = slopeName596e23d0-c5cb-45fa-b224-9710add4c80e, IsOpen = True, DifficultyLevel = 30, ConnectedLifts =  })" storage="c:\users\alena\desktop\7_sem\testing_and_debugging\skiresort\accesstodb.tests\bin\debug\net6.0\accesstodb.tests.dll" id="a536ccb8-709c-2289-460d-64aad37ee350">
      <Execution id="a4a1adc8-3e13-4b73-b327-5c7408d939d8" />
      <TestMethod codeBase="C:\Users\alena\Desktop\7_sem\testing_and_debugging\SkiResort\AccessToDB.Tests\bin\Debug\net6.0\AccessToDB.Tests.dll" adapterTypeName="executor://xunit/VsTestRunner2/netcoreapp" className="AccessToDB.Tests.SlopesRepositoryTests" name="TestAddSlopeAsyncFailsWhenSlopeIdRepeats" />
    </UnitTest>
    <UnitTest name="AccessToDB.Tests.LiftsRepositoryTests.TestUpdateLiftByIDAsyncOk(lift: Lift { LiftID = 151, LiftName = liftName6cb913b6-5cf7-4611-af28-a960a562fdf9, IsOpen = True, SeatsAmount = 138, LiftingTime = 206, QueueTime = 51, ConnectedSlopes =  })" storage="c:\users\alena\desktop\7_sem\testing_and_debugging\skiresort\accesstodb.tests\bin\debug\net6.0\accesstodb.tests.dll" id="747a24a9-fd8c-5271-06c8-2c17a2035e5b">
      <Execution id="005a3ba3-0891-4afb-9c26-03eae34d3990" />
      <TestMethod codeBase="C:\Users\alena\Desktop\7_sem\testing_and_debugging\SkiResort\AccessToDB.Tests\bin\Debug\net6.0\AccessToDB.Tests.dll" adapterTypeName="executor://xunit/VsTestRunner2/netcoreapp" className="AccessToDB.Tests.LiftsRepositoryTests" name="TestUpdateLiftByIDAsyncOk" />
    </UnitTest>
    <UnitTest name="AccessToDB.Tests.SlopesRepositoryTests.TestDeleteSlopeByIDAsyncFailsWhenIDNotExists(slopeID: 15)" storage="c:\users\alena\desktop\7_sem\testing_and_debugging\skiresort\accesstodb.tests\bin\debug\net6.0\accesstodb.tests.dll" id="76272376-87fc-2665-974d-7bbaa60407d3">
      <Execution id="e36b04f3-c0d3-4755-b53e-df31e8b27a63" />
      <TestMethod codeBase="C:\Users\alena\Desktop\7_sem\testing_and_debugging\SkiResort\AccessToDB.Tests\bin\Debug\net6.0\AccessToDB.Tests.dll" adapterTypeName="executor://xunit/VsTestRunner2/netcoreapp" className="AccessToDB.Tests.SlopesRepositoryTests" name="TestDeleteSlopeByIDAsyncFailsWhenIDNotExists" />
    </UnitTest>
    <UnitTest name="AccessToDB.Tests.SlopesRepositoryTests.TestGetSlopesAsyncEmpty" storage="c:\users\alena\desktop\7_sem\testing_and_debugging\skiresort\accesstodb.tests\bin\debug\net6.0\accesstodb.tests.dll" id="9bbefb83-8311-6e03-307f-415e3495e223">
      <Execution id="bb711827-1ad3-44ed-89ef-3a086b511a6d" />
      <TestMethod codeBase="C:\Users\alena\Desktop\7_sem\testing_and_debugging\SkiResort\AccessToDB.Tests\bin\Debug\net6.0\AccessToDB.Tests.dll" adapterTypeName="executor://xunit/VsTestRunner2/netcoreapp" className="AccessToDB.Tests.SlopesRepositoryTests" name="TestGetSlopesAsyncEmpty" />
    </UnitTest>
    <UnitTest name="AccessToDB.Tests.LiftsRepositoryTests.TestAddLiftAutoIncrementAsyncOk" storage="c:\users\alena\desktop\7_sem\testing_and_debugging\skiresort\accesstodb.tests\bin\debug\net6.0\accesstodb.tests.dll" id="ec229f70-485a-f91b-53ed-bce655f6cd58">
      <Execution id="2a0d2929-9d40-4064-8f74-b4c81fc54e13" />
      <TestMethod codeBase="C:\Users\alena\Desktop\7_sem\testing_and_debugging\SkiResort\AccessToDB.Tests\bin\Debug\net6.0\AccessToDB.Tests.dll" adapterTypeName="executor://xunit/VsTestRunner2/netcoreapp" className="AccessToDB.Tests.LiftsRepositoryTests" name="TestAddLiftAutoIncrementAsyncOk" />
    </UnitTest>
    <UnitTest name="AccessToDB.Tests.SlopesRepositoryTests.TestGetSlopeByIdAsyncOk(slope: Slope { SlopeID = 88, SlopeName = slopeName48d135c7-2c16-4e85-b54f-ca1640b94d7d, IsOpen = True, DifficultyLevel = 236, ConnectedLifts =  })" storage="c:\users\alena\desktop\7_sem\testing_and_debugging\skiresort\accesstodb.tests\bin\debug\net6.0\accesstodb.tests.dll" id="21081d95-6de1-b464-de66-4ea858ea6f45">
      <Execution id="57c681fa-38c8-4307-9a11-979f5758376e" />
      <TestMethod codeBase="C:\Users\alena\Desktop\7_sem\testing_and_debugging\SkiResort\AccessToDB.Tests\bin\Debug\net6.0\AccessToDB.Tests.dll" adapterTypeName="executor://xunit/VsTestRunner2/netcoreapp" className="AccessToDB.Tests.SlopesRepositoryTests" name="TestGetSlopeByIdAsyncOk" />
    </UnitTest>
    <UnitTest name="AccessToDB.Tests.TurnstilesRepositoryTests.TestGetTurnstileByIdAsyncOk(turnstile: Turnstile { TurnstileID = 215, LiftID = 174, IsOpen = True })" storage="c:\users\alena\desktop\7_sem\testing_and_debugging\skiresort\accesstodb.tests\bin\debug\net6.0\accesstodb.tests.dll" id="e588e4c8-3c2a-50b1-1b51-d63575c66102">
      <Execution id="64fa6a2d-46ac-408b-b9fb-b9bf8affac79" />
      <TestMethod codeBase="C:\Users\alena\Desktop\7_sem\testing_and_debugging\SkiResort\AccessToDB.Tests\bin\Debug\net6.0\AccessToDB.Tests.dll" adapterTypeName="executor://xunit/VsTestRunner2/netcoreapp" className="AccessToDB.Tests.TurnstilesRepositoryTests" name="TestGetTurnstileByIdAsyncOk" />
    </UnitTest>
    <UnitTest name="AccessToDB.Tests.TurnstilesRepositoryTests.TestUpdateTurnstileByIDAsyncOk(turnstile: Turnstile { TurnstileID = 98, LiftID = 54, IsOpen = True })" storage="c:\users\alena\desktop\7_sem\testing_and_debugging\skiresort\accesstodb.tests\bin\debug\net6.0\accesstodb.tests.dll" id="548e4fbe-55e9-f6db-c233-bc6688724e7b">
      <Execution id="b240c1fe-1085-4967-b4f0-09c25a116bec" />
      <TestMethod codeBase="C:\Users\alena\Desktop\7_sem\testing_and_debugging\SkiResort\AccessToDB.Tests\bin\Debug\net6.0\AccessToDB.Tests.dll" adapterTypeName="executor://xunit/VsTestRunner2/netcoreapp" className="AccessToDB.Tests.TurnstilesRepositoryTests" name="TestUpdateTurnstileByIDAsyncOk" />
    </UnitTest>
    <UnitTest name="AccessToDB.Tests.TurnstilesRepositoryTests.TestGetTurnstilesAsyncEmpty" storage="c:\users\alena\desktop\7_sem\testing_and_debugging\skiresort\accesstodb.tests\bin\debug\net6.0\accesstodb.tests.dll" id="3c521313-4ed6-6bce-b4f9-c359411028e7">
      <Execution id="80925810-1571-4346-8fa1-de4b471f5946" />
      <TestMethod codeBase="C:\Users\alena\Desktop\7_sem\testing_and_debugging\SkiResort\AccessToDB.Tests\bin\Debug\net6.0\AccessToDB.Tests.dll" adapterTypeName="executor://xunit/VsTestRunner2/netcoreapp" className="AccessToDB.Tests.TurnstilesRepositoryTests" name="TestGetTurnstilesAsyncEmpty" />
    </UnitTest>
    <UnitTest name="AccessToDB.Tests.LiftsSlopesRepositoryTests.TestAddLiftSlopeAutoIncrementAsyncOk" storage="c:\users\alena\desktop\7_sem\testing_and_debugging\skiresort\accesstodb.tests\bin\debug\net6.0\accesstodb.tests.dll" id="30f8e924-9784-0a43-e807-094f70e06567">
      <Execution id="ffa7d052-8fae-47ba-bbd5-6cff329d05a7" />
      <TestMethod codeBase="C:\Users\alena\Desktop\7_sem\testing_and_debugging\SkiResort\AccessToDB.Tests\bin\Debug\net6.0\AccessToDB.Tests.dll" adapterTypeName="executor://xunit/VsTestRunner2/netcoreapp" className="AccessToDB.Tests.LiftsSlopesRepositoryTests" name="TestAddLiftSlopeAutoIncrementAsyncOk" />
    </UnitTest>
    <UnitTest name="AccessToDB.Tests.SlopesRepositoryTests.TestUpdateSlopeByIDAsyncOk(slope: Slope { SlopeID = 51, SlopeName = slopeNameff181640-bd0a-4955-ad01-6153131c2c38, IsOpen = True, DifficultyLevel = 168, ConnectedLifts =  })" storage="c:\users\alena\desktop\7_sem\testing_and_debugging\skiresort\accesstodb.tests\bin\debug\net6.0\accesstodb.tests.dll" id="d46b07f7-3ebb-f258-436c-e9af4d33d847">
      <Execution id="11f24063-5a8b-4fc2-b4a9-b1632f804329" />
      <TestMethod codeBase="C:\Users\alena\Desktop\7_sem\testing_and_debugging\SkiResort\AccessToDB.Tests\bin\Debug\net6.0\AccessToDB.Tests.dll" adapterTypeName="executor://xunit/VsTestRunner2/netcoreapp" className="AccessToDB.Tests.SlopesRepositoryTests" name="TestUpdateSlopeByIDAsyncOk" />
    </UnitTest>
    <UnitTest name="AccessToDB.Tests.TurnstilesRepositoryTests.TestDeleteTurnstileByIDAsyncFailsWhenIDNotExists(turnstileID: 107)" storage="c:\users\alena\desktop\7_sem\testing_and_debugging\skiresort\accesstodb.tests\bin\debug\net6.0\accesstodb.tests.dll" id="a25931eb-5af5-cb83-b73a-9cc4809fd9e9">
      <Execution id="bd0e4c01-94ba-4f50-a97f-c45a4f589739" />
      <TestMethod codeBase="C:\Users\alena\Desktop\7_sem\testing_and_debugging\SkiResort\AccessToDB.Tests\bin\Debug\net6.0\AccessToDB.Tests.dll" adapterTypeName="executor://xunit/VsTestRunner2/netcoreapp" className="AccessToDB.Tests.TurnstilesRepositoryTests" name="TestDeleteTurnstileByIDAsyncFailsWhenIDNotExists" />
    </UnitTest>
    <UnitTest name="AccessToDB.Tests.LiftsRepositoryTests.TestGetLiftByNameAsyncFailsWhenNameNotExists(liftName: &quot;liftNameee8d53c9-8538-4696-8266-048e4192eeae&quot;)" storage="c:\users\alena\desktop\7_sem\testing_and_debugging\skiresort\accesstodb.tests\bin\debug\net6.0\accesstodb.tests.dll" id="e82047f9-906b-455a-1ff7-1b6188873641">
      <Execution id="ef5481ed-6bff-4d0c-aa5f-2a003bc56b63" />
      <TestMethod codeBase="C:\Users\alena\Desktop\7_sem\testing_and_debugging\SkiResort\AccessToDB.Tests\bin\Debug\net6.0\AccessToDB.Tests.dll" adapterTypeName="executor://xunit/VsTestRunner2/netcoreapp" className="AccessToDB.Tests.LiftsRepositoryTests" name="TestGetLiftByNameAsyncFailsWhenNameNotExists" />
    </UnitTest>
    <UnitTest name="AccessToDB.Tests.UsersRepositoryTests.TestUpdateUserByIDAsyncOk(user: User { UserID = 16, CardID = 44, UserEmail = UserEmail2d6e7cb6-9a8d-4b8b-9ad5-d21242d96dc7, Password = passworda96d2038-29a4-4bac-a121-3ea32354da5a, Permissions = UNAUTHORIZED })" storage="c:\users\alena\desktop\7_sem\testing_and_debugging\skiresort\accesstodb.tests\bin\debug\net6.0\accesstodb.tests.dll" id="30719dcf-b628-da09-8049-9d77ae0c8765">
      <Execution id="734e7706-ec61-41da-a973-c9d6f31a4620" />
      <TestMethod codeBase="C:\Users\alena\Desktop\7_sem\testing_and_debugging\SkiResort\AccessToDB.Tests\bin\Debug\net6.0\AccessToDB.Tests.dll" adapterTypeName="executor://xunit/VsTestRunner2/netcoreapp" className="AccessToDB.Tests.UsersRepositoryTests" name="TestUpdateUserByIDAsyncOk" />
    </UnitTest>
    <UnitTest name="AccessToDB.Tests.UsersRepositoryTests.TestCheckUserEmailExistsAsyncFalse(userEmail: &quot;userEmailf530cb8b-4c9d-439f-bf68-5575789c138a&quot;)" storage="c:\users\alena\desktop\7_sem\testing_and_debugging\skiresort\accesstodb.tests\bin\debug\net6.0\accesstodb.tests.dll" id="999d640d-55f8-36f4-185b-956513aea4a4">
      <Execution id="4b3b33ce-80da-4deb-857b-90c43866820a" />
      <TestMethod codeBase="C:\Users\alena\Desktop\7_sem\testing_and_debugging\SkiResort\AccessToDB.Tests\bin\Debug\net6.0\AccessToDB.Tests.dll" adapterTypeName="executor://xunit/VsTestRunner2/netcoreapp" className="AccessToDB.Tests.UsersRepositoryTests" name="TestCheckUserEmailExistsAsyncFalse" />
    </UnitTest>
    <UnitTest name="AccessToDB.Tests.LiftsRepositoryTests.TestAddLiftAsyncFailsWhenLiftIdRepeats(lift: Lift { LiftID = 229, LiftName = liftName6d06bfb5-f318-4105-82c0-84533d8aeb63, IsOpen = True, SeatsAmount = 109, LiftingTime = 34, QueueTime = 14, ConnectedSlopes =  })" storage="c:\users\alena\desktop\7_sem\testing_and_debugging\skiresort\accesstodb.tests\bin\debug\net6.0\accesstodb.tests.dll" id="720f8d51-91b4-dfa7-5328-3b1b9d2d2c59">
      <Execution id="f17150c1-cb40-427e-9124-b583d2246c84" />
      <TestMethod codeBase="C:\Users\alena\Desktop\7_sem\testing_and_debugging\SkiResort\AccessToDB.Tests\bin\Debug\net6.0\AccessToDB.Tests.dll" adapterTypeName="executor://xunit/VsTestRunner2/netcoreapp" className="AccessToDB.Tests.LiftsRepositoryTests" name="TestAddLiftAsyncFailsWhenLiftIdRepeats" />
    </UnitTest>
    <UnitTest name="AccessToDB.Tests.UsersRepositoryTests.TestAddUserAutoIncrementAsyncOk" storage="c:\users\alena\desktop\7_sem\testing_and_debugging\skiresort\accesstodb.tests\bin\debug\net6.0\accesstodb.tests.dll" id="e75bb6e2-88d9-af2a-a444-c4a9d67f0f0e">
      <Execution id="9e39112b-5116-49ef-8b3a-a58d30152963" />
      <TestMethod codeBase="C:\Users\alena\Desktop\7_sem\testing_and_debugging\SkiResort\AccessToDB.Tests\bin\Debug\net6.0\AccessToDB.Tests.dll" adapterTypeName="executor://xunit/VsTestRunner2/netcoreapp" className="AccessToDB.Tests.UsersRepositoryTests" name="TestAddUserAutoIncrementAsyncOk" />
    </UnitTest>
    <UnitTest name="AccessToDB.Tests.LiftsSlopesRepositoryTests.TestDeleteLiftSlopeByIDAsyncFailsWhenIDNotExists(liftSlopeID: 22)" storage="c:\users\alena\desktop\7_sem\testing_and_debugging\skiresort\accesstodb.tests\bin\debug\net6.0\accesstodb.tests.dll" id="08280b1f-ac42-d9aa-671a-88101844880f">
      <Execution id="f1b605b0-8601-4be3-86ea-3aa86b9f9052" />
      <TestMethod codeBase="C:\Users\alena\Desktop\7_sem\testing_and_debugging\SkiResort\AccessToDB.Tests\bin\Debug\net6.0\AccessToDB.Tests.dll" adapterTypeName="executor://xunit/VsTestRunner2/netcoreapp" className="AccessToDB.Tests.LiftsSlopesRepositoryTests" name="TestDeleteLiftSlopeByIDAsyncFailsWhenIDNotExists" />
    </UnitTest>
    <UnitTest name="AccessToDB.Tests.SlopesRepositoryTests.TestAddSlopeAutoIncrementAsyncOk" storage="c:\users\alena\desktop\7_sem\testing_and_debugging\skiresort\accesstodb.tests\bin\debug\net6.0\accesstodb.tests.dll" id="8f7ba917-f771-0dc5-f9b9-465c34344b12">
      <Execution id="673b55c0-d0ec-4776-8b95-6e4624ad949c" />
      <TestMethod codeBase="C:\Users\alena\Desktop\7_sem\testing_and_debugging\SkiResort\AccessToDB.Tests\bin\Debug\net6.0\AccessToDB.Tests.dll" adapterTypeName="executor://xunit/VsTestRunner2/netcoreapp" className="AccessToDB.Tests.SlopesRepositoryTests" name="TestAddSlopeAutoIncrementAsyncOk" />
    </UnitTest>
    <UnitTest name="AccessToDB.Tests.LiftsSlopesRepositoryTests.TestGetLiftSlopeByIdAsyncOk(liftSlope: LiftSlope { RecordID = 243, LiftID = 79, SlopeID = 139 })" storage="c:\users\alena\desktop\7_sem\testing_and_debugging\skiresort\accesstodb.tests\bin\debug\net6.0\accesstodb.tests.dll" id="12b4c15e-a9e4-b7df-996b-1f1a9342b25c">
      <Execution id="24e27e92-f693-4ecd-9cdb-acaa066744a9" />
      <TestMethod codeBase="C:\Users\alena\Desktop\7_sem\testing_and_debugging\SkiResort\AccessToDB.Tests\bin\Debug\net6.0\AccessToDB.Tests.dll" adapterTypeName="executor://xunit/VsTestRunner2/netcoreapp" className="AccessToDB.Tests.LiftsSlopesRepositoryTests" name="TestGetLiftSlopeByIdAsyncOk" />
    </UnitTest>
    <UnitTest name="AccessToDB.Tests.LiftsRepositoryTests.TestGetLiftsAsyncEmpty" storage="c:\users\alena\desktop\7_sem\testing_and_debugging\skiresort\accesstodb.tests\bin\debug\net6.0\accesstodb.tests.dll" id="607e8298-f113-be33-300e-15a343893443">
      <Execution id="bac7deb1-92b6-4174-b997-6da27a462188" />
      <TestMethod codeBase="C:\Users\alena\Desktop\7_sem\testing_and_debugging\SkiResort\AccessToDB.Tests\bin\Debug\net6.0\AccessToDB.Tests.dll" adapterTypeName="executor://xunit/VsTestRunner2/netcoreapp" className="AccessToDB.Tests.LiftsRepositoryTests" name="TestGetLiftsAsyncEmpty" />
    </UnitTest>
    <UnitTest name="AccessToDB.Tests.UsersRepositoryTests.TestGetUserByIdAsyncOk(user: User { UserID = 133, CardID = 175, UserEmail = UserEmailc92a2c02-0b99-4715-a369-325c913ec699, Password = password1f85fdf6-3350-44a9-b277-1dc0fc4b58fc, Permissions = UNAUTHORIZED })" storage="c:\users\alena\desktop\7_sem\testing_and_debugging\skiresort\accesstodb.tests\bin\debug\net6.0\accesstodb.tests.dll" id="e9872980-2243-e448-65e0-3e36b9c25395">
      <Execution id="1c80be4d-fdbf-49d7-a2a1-da80ffceee53" />
      <TestMethod codeBase="C:\Users\alena\Desktop\7_sem\testing_and_debugging\SkiResort\AccessToDB.Tests\bin\Debug\net6.0\AccessToDB.Tests.dll" adapterTypeName="executor://xunit/VsTestRunner2/netcoreapp" className="AccessToDB.Tests.UsersRepositoryTests" name="TestGetUserByIdAsyncOk" />
    </UnitTest>
    <UnitTest name="AccessToDB.Tests.LiftsRepositoryTests.TestGetLiftByIdAsyncOk(lift: Lift { LiftID = 157, LiftName = liftNamebe86cab8-ff04-4709-99b1-0238f2902387, IsOpen = True, SeatsAmount = 31, LiftingTime = 143, QueueTime = 128, ConnectedSlopes =  })" storage="c:\users\alena\desktop\7_sem\testing_and_debugging\skiresort\accesstodb.tests\bin\debug\net6.0\accesstodb.tests.dll" id="e8fda17a-3cca-522d-e5bd-3277ef340293">
      <Execution id="08eb6795-8aa6-4b03-90bd-1044867452d0" />
      <TestMethod codeBase="C:\Users\alena\Desktop\7_sem\testing_and_debugging\SkiResort\AccessToDB.Tests\bin\Debug\net6.0\AccessToDB.Tests.dll" adapterTypeName="executor://xunit/VsTestRunner2/netcoreapp" className="AccessToDB.Tests.LiftsRepositoryTests" name="TestGetLiftByIdAsyncOk" />
    </UnitTest>
    <UnitTest name="AccessToDB.Tests.TurnstilesRepositoryTests.TestGetTurnstilesByLiftIdAsyncOk(liftID: 171)" storage="c:\users\alena\desktop\7_sem\testing_and_debugging\skiresort\accesstodb.tests\bin\debug\net6.0\accesstodb.tests.dll" id="62133e0a-15be-4738-7a68-6aa81f451d34">
      <Execution id="2d136130-97f1-436d-b1e1-7c00b19c5636" />
      <TestMethod codeBase="C:\Users\alena\Desktop\7_sem\testing_and_debugging\SkiResort\AccessToDB.Tests\bin\Debug\net6.0\AccessToDB.Tests.dll" adapterTypeName="executor://xunit/VsTestRunner2/netcoreapp" className="AccessToDB.Tests.TurnstilesRepositoryTests" name="TestGetTurnstilesByLiftIdAsyncOk" />
    </UnitTest>
    <UnitTest name="AccessToDB.Tests.UsersRepositoryTests.TestDeleteUserByIDAsyncFailsWhenIDNotExists(userID: 58)" storage="c:\users\alena\desktop\7_sem\testing_and_debugging\skiresort\accesstodb.tests\bin\debug\net6.0\accesstodb.tests.dll" id="df7bdf44-a018-ead5-833d-6612aa5e94de">
      <Execution id="be221232-8616-45b3-8b4a-979b10bf4081" />
      <TestMethod codeBase="C:\Users\alena\Desktop\7_sem\testing_and_debugging\SkiResort\AccessToDB.Tests\bin\Debug\net6.0\AccessToDB.Tests.dll" adapterTypeName="executor://xunit/VsTestRunner2/netcoreapp" className="AccessToDB.Tests.UsersRepositoryTests" name="TestDeleteUserByIDAsyncFailsWhenIDNotExists" />
    </UnitTest>
  </TestDefinitions>
  <TestEntries>
    <TestEntry testId="a536ccb8-709c-2289-460d-64aad37ee350" executionId="a4a1adc8-3e13-4b73-b327-5c7408d939d8" testListId="8c84fa94-04c1-424b-9868-57a2d4851a1d" />
    <TestEntry testId="c405b98a-0d4e-e942-baca-4981be423835" executionId="65a3efed-e390-487d-a10b-d23545237c01" testListId="8c84fa94-04c1-424b-9868-57a2d4851a1d" />
    <TestEntry testId="ec229f70-485a-f91b-53ed-bce655f6cd58" executionId="2a0d2929-9d40-4064-8f74-b4c81fc54e13" testListId="8c84fa94-04c1-424b-9868-57a2d4851a1d" />
    <TestEntry testId="4145f44e-b4b1-a618-09e8-c631496e6f1a" executionId="9e2419ab-b868-4698-b971-fce487d96cde" testListId="8c84fa94-04c1-424b-9868-57a2d4851a1d" />
    <TestEntry testId="df7bdf44-a018-ead5-833d-6612aa5e94de" executionId="be221232-8616-45b3-8b4a-979b10bf4081" testListId="8c84fa94-04c1-424b-9868-57a2d4851a1d" />
    <TestEntry testId="12b4c15e-a9e4-b7df-996b-1f1a9342b25c" executionId="24e27e92-f693-4ecd-9cdb-acaa066744a9" testListId="8c84fa94-04c1-424b-9868-57a2d4851a1d" />
    <TestEntry testId="fd450357-7eb7-5cdc-58af-39274b0e5e2b" executionId="c193f7e8-fe79-40a9-b198-60996a22d1a5" testListId="8c84fa94-04c1-424b-9868-57a2d4851a1d" />
    <TestEntry testId="88b9fd9b-9098-646e-fa5f-ea9c8db4124c" executionId="84f4991c-0c8d-4381-9577-cb08c50233cb" testListId="8c84fa94-04c1-424b-9868-57a2d4851a1d" />
    <TestEntry testId="e8fda17a-3cca-522d-e5bd-3277ef340293" executionId="08eb6795-8aa6-4b03-90bd-1044867452d0" testListId="8c84fa94-04c1-424b-9868-57a2d4851a1d" />
    <TestEntry testId="aa374ce7-bfcf-b2a0-ab2c-bcbe976a7a67" executionId="01805e04-babe-4454-b9e4-257cb138ffa5" testListId="8c84fa94-04c1-424b-9868-57a2d4851a1d" />
    <TestEntry testId="747a24a9-fd8c-5271-06c8-2c17a2035e5b" executionId="005a3ba3-0891-4afb-9c26-03eae34d3990" testListId="8c84fa94-04c1-424b-9868-57a2d4851a1d" />
    <TestEntry testId="b2ab6c44-04ac-3ba4-7b6b-6cc82e42bd4b" executionId="85f7225e-300a-4fe3-868e-c660198c10c1" testListId="8c84fa94-04c1-424b-9868-57a2d4851a1d" />
    <TestEntry testId="f9435956-2e34-e52b-c34e-dce53665cf8e" executionId="154c0070-27f9-46a5-aac0-7ee486a6c3da" testListId="8c84fa94-04c1-424b-9868-57a2d4851a1d" />
    <TestEntry testId="f33d5e61-bab0-38f5-5404-b122cb770caa" executionId="767d4abb-6b69-4aa7-ac8f-899b80b9f2e2" testListId="8c84fa94-04c1-424b-9868-57a2d4851a1d" />
    <TestEntry testId="999d640d-55f8-36f4-185b-956513aea4a4" executionId="4b3b33ce-80da-4deb-857b-90c43866820a" testListId="8c84fa94-04c1-424b-9868-57a2d4851a1d" />
    <TestEntry testId="3c521313-4ed6-6bce-b4f9-c359411028e7" executionId="80925810-1571-4346-8fa1-de4b471f5946" testListId="8c84fa94-04c1-424b-9868-57a2d4851a1d" />
    <TestEntry testId="e9872980-2243-e448-65e0-3e36b9c25395" executionId="1c80be4d-fdbf-49d7-a2a1-da80ffceee53" testListId="8c84fa94-04c1-424b-9868-57a2d4851a1d" />
    <TestEntry testId="21081d95-6de1-b464-de66-4ea858ea6f45" executionId="57c681fa-38c8-4307-9a11-979f5758376e" testListId="8c84fa94-04c1-424b-9868-57a2d4851a1d" />
    <TestEntry testId="a25931eb-5af5-cb83-b73a-9cc4809fd9e9" executionId="bd0e4c01-94ba-4f50-a97f-c45a4f589739" testListId="8c84fa94-04c1-424b-9868-57a2d4851a1d" />
    <TestEntry testId="9bbefb83-8311-6e03-307f-415e3495e223" executionId="bb711827-1ad3-44ed-89ef-3a086b511a6d" testListId="8c84fa94-04c1-424b-9868-57a2d4851a1d" />
    <TestEntry testId="084ce32b-c64b-92fe-337c-759beb7c39cd" executionId="0e2a0cf0-7b04-4c59-8696-965f4a2be40e" testListId="8c84fa94-04c1-424b-9868-57a2d4851a1d" />
    <TestEntry testId="d4a56fde-dfb3-d880-7628-464aab00b94a" executionId="720b13ac-2f71-464e-b0b8-2b3a4e989d43" testListId="8c84fa94-04c1-424b-9868-57a2d4851a1d" />
    <TestEntry testId="8c8b9d5d-10e5-8114-5648-52dc84abfd8f" executionId="b240928c-45b6-4574-9831-d8e2cadf9e55" testListId="8c84fa94-04c1-424b-9868-57a2d4851a1d" />
    <TestEntry testId="e82047f9-906b-455a-1ff7-1b6188873641" executionId="ef5481ed-6bff-4d0c-aa5f-2a003bc56b63" testListId="8c84fa94-04c1-424b-9868-57a2d4851a1d" />
    <TestEntry testId="ff5a6fc6-4250-3364-3abb-1842fff6c220" executionId="16734d11-4f83-4d66-93ca-9f267b588c94" testListId="8c84fa94-04c1-424b-9868-57a2d4851a1d" />
    <TestEntry testId="d46b07f7-3ebb-f258-436c-e9af4d33d847" executionId="11f24063-5a8b-4fc2-b4a9-b1632f804329" testListId="8c84fa94-04c1-424b-9868-57a2d4851a1d" />
    <TestEntry testId="8f7ba917-f771-0dc5-f9b9-465c34344b12" executionId="673b55c0-d0ec-4776-8b95-6e4624ad949c" testListId="8c84fa94-04c1-424b-9868-57a2d4851a1d" />
    <TestEntry testId="30f8e924-9784-0a43-e807-094f70e06567" executionId="ffa7d052-8fae-47ba-bbd5-6cff329d05a7" testListId="8c84fa94-04c1-424b-9868-57a2d4851a1d" />
    <TestEntry testId="720f8d51-91b4-dfa7-5328-3b1b9d2d2c59" executionId="f17150c1-cb40-427e-9124-b583d2246c84" testListId="8c84fa94-04c1-424b-9868-57a2d4851a1d" />
    <TestEntry testId="548e4fbe-55e9-f6db-c233-bc6688724e7b" executionId="b240c1fe-1085-4967-b4f0-09c25a116bec" testListId="8c84fa94-04c1-424b-9868-57a2d4851a1d" />
    <TestEntry testId="62133e0a-15be-4738-7a68-6aa81f451d34" executionId="2d136130-97f1-436d-b1e1-7c00b19c5636" testListId="8c84fa94-04c1-424b-9868-57a2d4851a1d" />
    <TestEntry testId="e75bb6e2-88d9-af2a-a444-c4a9d67f0f0e" executionId="9e39112b-5116-49ef-8b3a-a58d30152963" testListId="8c84fa94-04c1-424b-9868-57a2d4851a1d" />
    <TestEntry testId="8af3ffa2-927d-42df-beb8-257995d421a1" executionId="f2ac1bfd-7517-401d-9953-09bf42393526" testListId="8c84fa94-04c1-424b-9868-57a2d4851a1d" />
    <TestEntry testId="3741b26d-6ee0-6246-29e4-92009bff37b0" executionId="ac82b982-12a7-49a8-a269-178bac5c4530" testListId="8c84fa94-04c1-424b-9868-57a2d4851a1d" />
    <TestEntry testId="e588e4c8-3c2a-50b1-1b51-d63575c66102" executionId="64fa6a2d-46ac-408b-b9fb-b9bf8affac79" testListId="8c84fa94-04c1-424b-9868-57a2d4851a1d" />
    <TestEntry testId="607e8298-f113-be33-300e-15a343893443" executionId="bac7deb1-92b6-4174-b997-6da27a462188" testListId="8c84fa94-04c1-424b-9868-57a2d4851a1d" />
    <TestEntry testId="30719dcf-b628-da09-8049-9d77ae0c8765" executionId="734e7706-ec61-41da-a973-c9d6f31a4620" testListId="8c84fa94-04c1-424b-9868-57a2d4851a1d" />
    <TestEntry testId="76272376-87fc-2665-974d-7bbaa60407d3" executionId="e36b04f3-c0d3-4755-b53e-df31e8b27a63" testListId="8c84fa94-04c1-424b-9868-57a2d4851a1d" />
    <TestEntry testId="08280b1f-ac42-d9aa-671a-88101844880f" executionId="f1b605b0-8601-4be3-86ea-3aa86b9f9052" testListId="8c84fa94-04c1-424b-9868-57a2d4851a1d" />
  </TestEntries>
  <TestLists>
    <TestList name="Список результатов" id="8c84fa94-04c1-424b-9868-57a2d4851a1d" />
    <TestList name="Все загруженные результаты" id="19431567-8539-422a-85d7-44ee4e166bda" />
  </TestLists>
  <ResultSummary outcome="Failed">
    <Counters total="39" executed="39" passed="37" failed="2" error="0" timeout="0" aborted="0" inconclusive="0" passedButRunAborted="0" notRunnable="0" notExecuted="0" disconnected="0" warning="0" completed="0" inProgress="0" pending="0" />
    <Output>
      <StdOut>[xUnit.net 00:00:00.00] xUnit.net VSTest Adapter v2.4.5+1caef2f33e (64-bit .NET 6.0.3)&#xD;
[xUnit.net 00:00:00.61]   Discovering: AccessToDB.Tests&#xD;
[xUnit.net 00:00:00.73]   Discovered:  AccessToDB.Tests&#xD;
[xUnit.net 00:00:00.73]   Starting:    AccessToDB.Tests&#xD;
[xUnit.net 00:00:29.58]       AccessToDB.Exceptions.TurnstileExceptions.TurnstileAddException : Exception of type 'AccessToDB.Exceptions.TurnstileExceptions.TurnstileAddException' was thrown.&#xD;
[xUnit.net 00:00:29.58]       Stack Trace:&#xD;
[xUnit.net 00:00:29.58]         C:\Users\alena\Desktop\7_sem\testing_and_debugging\SkiResort\AccessToDB\TarantoolRepositories\TarantoolTurnstilesRepository.cs(85,0): at AccessToDB.RepositoriesTarantool.TarantoolTurnstilesRepository.AddTurnstileAsync(UInt32 turnstileID, UInt32 liftID, Boolean isOpen)&#xD;
[xUnit.net 00:00:29.58]         C:\Users\alena\Desktop\7_sem\testing_and_debugging\SkiResort\AccessToDB.Tests\TurnstilesRepositoryTests.cs(67,0): at AccessToDB.Tests.TurnstilesRepositoryTests.TestAddTurnstileAsyncFailsWhenTurnstileIdRepeats(Turnstile turnstile)&#xD;
[xUnit.net 00:00:29.58]            at System.Threading.Tasks.Task.&lt;&gt;c.&lt;ThrowAsync&gt;b__128_0(Object state)&#xD;
[xUnit.net 00:00:32.45]       System.InvalidOperationException : Operations that change non-concurrent collections must have exclusive access. A concurrent update was performed on this collection and corrupted its state. The collection's state is no longer correct.&#xD;
[xUnit.net 00:00:32.45]       Stack Trace:&#xD;
[xUnit.net 00:00:32.45]            at System.Collections.Generic.Dictionary`2.FindValue(TKey key)&#xD;
[xUnit.net 00:00:32.45]            at System.Collections.Generic.Dictionary`2.TryGetValue(TKey key, TValue&amp; value)&#xD;
[xUnit.net 00:00:32.45]            at ProGaudi.MsgPack.Light.MsgPackContext.GetObjectActivator(Type type)&#xD;
[xUnit.net 00:00:32.45]            at ProGaudi.MsgPack.Light.MsgPackContext.&lt;&gt;c__DisplayClass24_0.&lt;TryGenerateConverterFromGenericConverter&gt;b__0(Type x)&#xD;
[xUnit.net 00:00:32.45]            at ProGaudi.MsgPack.Light.MsgPackContext.TryGenerateConverterFromGenericConverter(Type type)&#xD;
[xUnit.net 00:00:32.45]            at ProGaudi.MsgPack.Light.MsgPackContext.GetConverter[T]()&#xD;
[xUnit.net 00:00:32.45]            at ProGaudi.MsgPack.Light.Converters.ArrayConverterBase`2.Initialize(MsgPackContext context)&#xD;
[xUnit.net 00:00:32.45]            at ProGaudi.MsgPack.Light.MsgPackContext.CreateAndInializeConverter(Func`1 converterActivator)&#xD;
[xUnit.net 00:00:32.45]            at ProGaudi.MsgPack.Light.MsgPackContext.TryGenerateArrayConverter(Type type)&#xD;
[xUnit.net 00:00:32.45]            at ProGaudi.MsgPack.Light.MsgPackContext.GetConverter[T]()&#xD;
[xUnit.net 00:00:32.45]            at ProGaudi.Tarantool.Client.Converters.ResponsePacketConverter`1.Initialize(MsgPackContext context)&#xD;
[xUnit.net 00:00:32.45]            at ProGaudi.MsgPack.Light.MsgPackContext.CreateAndInializeConverter(Func`1 converterActivator)&#xD;
[xUnit.net 00:00:32.45]            at ProGaudi.MsgPack.Light.MsgPackContext.TryGenerateConverterFromGenericConverter(Type type)&#xD;
[xUnit.net 00:00:32.45]            at ProGaudi.MsgPack.Light.MsgPackContext.GetConverter[T]()&#xD;
[xUnit.net 00:00:32.45]            at ProGaudi.MsgPack.Light.MsgPackSerializer.GetConverter[T](MsgPackContext context)&#xD;
[xUnit.net 00:00:32.45]            at ProGaudi.MsgPack.Light.MsgPackSerializer.Deserialize[T](MemoryStream stream, MsgPackContext context)&#xD;
[xUnit.net 00:00:32.45]            at ProGaudi.Tarantool.Client.LogicalConnection.SendRequest[TRequest,TResponse](TRequest request, Nullable`1 timeout)&#xD;
[xUnit.net 00:00:32.45]            at ProGaudi.Tarantool.Client.LogicalConnectionManager.SendRequest[TRequest,TResponse](TRequest request, Nullable`1 timeout)&#xD;
[xUnit.net 00:00:32.45]            at ProGaudi.Tarantool.Client.Index.Select[TKey,TTuple](TKey key, SelectOptions options)&#xD;
[xUnit.net 00:00:32.45]         C:\Users\alena\Desktop\7_sem\testing_and_debugging\SkiResort\AccessToDB\TarantoolRepositories\TarantoolTurnstilesRepository.cs(35,0): at AccessToDB.RepositoriesTarantool.TarantoolTurnstilesRepository.GetTurnstilesAsync(UInt32 offset, UInt32 limit)&#xD;
[xUnit.net 00:00:32.45]         C:\Users\alena\Desktop\7_sem\testing_and_debugging\SkiResort\AccessToDB.Tests\TurnstilesRepositoryTests.cs(41,0): at AccessToDB.Tests.TurnstilesRepositoryTests.CleanTurnstilesTable()&#xD;
[xUnit.net 00:00:32.45]         C:\Users\alena\Desktop\7_sem\testing_and_debugging\SkiResort\AccessToDB.Tests\TurnstilesRepositoryTests.cs(31,0): at AccessToDB.Tests.TurnstilesRepositoryTests..ctor()&#xD;
[xUnit.net 00:00:32.45]            at System.RuntimeType.CreateInstanceDefaultCtor(Boolean publicOnly, Boolean wrapExceptions)&#xD;
[xUnit.net 00:00:43.45]   Finished:    AccessToDB.Tests&#xD;
</StdOut>
    </Output>
    <RunInfos>
      <RunInfo computerName="DESKTOP-TJ9D65N" outcome="Error" timestamp="2022-10-15T21:17:20.9749336+03:00">
        <Text>[xUnit.net 00:00:29.58]     AccessToDB.Tests.TurnstilesRepositoryTests.TestAddTurnstileAsyncFailsWhenTurnstileIdRepeats(turnstile: Turnstile { TurnstileID = 49, LiftID = 236, IsOpen = True }) [FAIL]</Text>
      </RunInfo>
      <RunInfo computerName="DESKTOP-TJ9D65N" outcome="Error" timestamp="2022-10-15T21:17:23.8470095+03:00">
        <Text>[xUnit.net 00:00:32.45]     AccessToDB.Tests.TurnstilesRepositoryTests.TestUpdateTurnstileByIDAsyncOk(turnstile: Turnstile { TurnstileID = 98, LiftID = 54, IsOpen = True }) [FAIL]</Text>
      </RunInfo>
    </RunInfos>
  </ResultSummary>
</TestRun>