<?xml version="1.0" encoding="utf-8"?>
<TestRun id="e8026a87-ce73-44a5-a3f7-58bae2fe1f9e" name="alena@DESKTOP-TJ9D65N 2022-10-15 21:15:01" runUser="DESKTOP-TJ9D65N\alena" xmlns="http://microsoft.com/schemas/VisualStudio/TeamTest/2010">
  <Times creation="2022-10-15T21:15:01.8083379+03:00" queuing="2022-10-15T21:15:01.8083382+03:00" start="2022-10-15T21:14:58.2414419+03:00" finish="2022-10-15T21:16:02.4944368+03:00" />
  <TestSettings name="default" id="5511c700-961e-450c-8798-f2c143fdca58">
    <Deployment runDeploymentRoot="alena_DESKTOP-TJ9D65N_2022-10-15_21_15_01" />
  </TestSettings>
  <Results>
    <UnitTestResult executionId="51aa4519-4cb3-48d2-80cc-ed2696d59480" testId="d655143e-ebe5-64e8-fac0-880d6becf1c2" testName="AccessToDB.Tests.SlopesRepositoryTests.TestAddSlopeAsyncFailsWhenSlopeIdRepeats(slope: Slope { SlopeID = 164, SlopeName = slopeNamea1e19631-97bc-4bfc-a64c-9f4d3b77bbec, IsOpen = True, DifficultyLevel = 254, ConnectedLifts =  })" computerName="DESKTOP-TJ9D65N" duration="00:00:01.6114815" startTime="2022-10-15T21:15:41.5620969+03:00" endTime="2022-10-15T21:15:41.5620972+03:00" testType="13cdc9d9-ddb5-4fa4-a97d-d965ccfc6d4b" outcome="Passed" testListId="8c84fa94-04c1-424b-9868-57a2d4851a1d" relativeResultsDirectory="51aa4519-4cb3-48d2-80cc-ed2696d59480" />
    <UnitTestResult executionId="e3909963-46a5-4a83-9cb8-3238ed287dc1" testId="28d61828-dbbf-43ee-c106-550a1eeeaa9b" testName="AccessToDB.Tests.LiftsSlopesRepositoryTests.TestGetLiftsBySlopeIdAsyncOk(slope1: Slope { SlopeID = 108, SlopeName = slopeName03fb9f25-0028-41a0-92cc-d9892cc40dea, IsOpen = True, DifficultyLevel = 215, ConnectedLifts =  }, slope2: Slope { SlopeID = 72, SlopeName = slopeName54e77171-cdf8-4a77-aeed-a91f0d04b67a, IsOpen = False, DifficultyLevel = 248, ConnectedLifts =  }, lift1: Lift { LiftID = 241, LiftName = liftName9d611fa9-0114-4060-bce5-8f8e47b10c4e, IsOpen = True, SeatsAmount = 48, LiftingTime = 21, QueueTime = 42, ConnectedSlopes =  }, lift2: Lift { LiftID = 65, LiftName = liftName67b44a81-613f-4327-9957-0efa775d8d97, IsOpen = False, SeatsAmount = 92, LiftingTime = 96, QueueTime = 250, ConnectedSlopes =  })" computerName="DESKTOP-TJ9D65N" duration="00:00:01.6859117" startTime="2022-10-15T21:15:12.7048941+03:00" endTime="2022-10-15T21:15:12.7048946+03:00" testType="13cdc9d9-ddb5-4fa4-a97d-d965ccfc6d4b" outcome="Passed" testListId="8c84fa94-04c1-424b-9868-57a2d4851a1d" relativeResultsDirectory="e3909963-46a5-4a83-9cb8-3238ed287dc1" />
    <UnitTestResult executionId="7d1d7856-d55c-433d-aef1-7cd4e5aff984" testId="30f8e924-9784-0a43-e807-094f70e06567" testName="AccessToDB.Tests.LiftsSlopesRepositoryTests.TestAddLiftSlopeAutoIncrementAsyncOk" computerName="DESKTOP-TJ9D65N" duration="00:00:01.6305319" startTime="2022-10-15T21:15:22.3914986+03:00" endTime="2022-10-15T21:15:22.3914988+03:00" testType="13cdc9d9-ddb5-4fa4-a97d-d965ccfc6d4b" outcome="Passed" testListId="8c84fa94-04c1-424b-9868-57a2d4851a1d" relativeResultsDirectory="7d1d7856-d55c-433d-aef1-7cd4e5aff984" />
    <UnitTestResult executionId="5cc2afbb-df65-49f3-a54f-9873c618f2df" testId="4f651e1e-dd9f-58d6-7038-c908173eb7fa" testName="AccessToDB.Tests.SlopesRepositoryTests.TestGetSlopeByNameAsyncFailsWhenNameNotExists(slopeName: &quot;slopeName2694ecd7-8837-42fb-a5ed-1e9a52c58320&quot;)" computerName="DESKTOP-TJ9D65N" duration="00:00:01.5620493" startTime="2022-10-15T21:15:38.3495025+03:00" endTime="2022-10-15T21:15:38.3495026+03:00" testType="13cdc9d9-ddb5-4fa4-a97d-d965ccfc6d4b" outcome="Passed" testListId="8c84fa94-04c1-424b-9868-57a2d4851a1d" relativeResultsDirectory="5cc2afbb-df65-49f3-a54f-9873c618f2df" />
    <UnitTestResult executionId="94562a2b-b25b-45d1-9104-d790b0b08b63" testId="8c0c87c4-bf3f-c9e9-d835-9af56371050a" testName="AccessToDB.Tests.UsersRepositoryTests.TestUpdateUserByIDAsyncOk(user: User { UserID = 143, CardID = 153, UserEmail = UserEmailefeb3425-c542-4b82-a692-61723e1deebb, Password = password3ccbdece-a698-4fba-b844-593175f3dff3, Permissions = UNAUTHORIZED })" computerName="DESKTOP-TJ9D65N" duration="00:00:01.6349410" startTime="2022-10-15T21:15:52.7672696+03:00" endTime="2022-10-15T21:15:52.7672697+03:00" testType="13cdc9d9-ddb5-4fa4-a97d-d965ccfc6d4b" outcome="Passed" testListId="8c84fa94-04c1-424b-9868-57a2d4851a1d" relativeResultsDirectory="94562a2b-b25b-45d1-9104-d790b0b08b63" />
    <UnitTestResult executionId="0ec23baf-71d4-4366-af19-cb843679821e" testId="0001dc6f-741a-ece1-e491-401956aee908" testName="AccessToDB.Tests.LiftsRepositoryTests.TestDeleteLiftByIDAsyncFailsWhenIDNotExists(liftID: 74)" computerName="DESKTOP-TJ9D65N" duration="00:00:01.6045725" startTime="2022-10-15T21:15:30.4179112+03:00" endTime="2022-10-15T21:15:30.4179115+03:00" testType="13cdc9d9-ddb5-4fa4-a97d-d965ccfc6d4b" outcome="Passed" testListId="8c84fa94-04c1-424b-9868-57a2d4851a1d" relativeResultsDirectory="0ec23baf-71d4-4366-af19-cb843679821e" />
    <UnitTestResult executionId="61f49326-239f-41b0-91c4-a957bd015879" testId="c76437f0-97b0-3a89-709e-81601cfea6af" testName="AccessToDB.Tests.LiftsSlopesRepositoryTests.TestAddLiftSlopeAsyncFailsWhenLiftSlopeIdRepeats(liftSlope: LiftSlope { RecordID = 164, LiftID = 227, SlopeID = 140 })" computerName="DESKTOP-TJ9D65N" duration="00:00:01.6089221" startTime="2022-10-15T21:15:15.9463073+03:00" endTime="2022-10-15T21:15:15.9463078+03:00" testType="13cdc9d9-ddb5-4fa4-a97d-d965ccfc6d4b" outcome="Passed" testListId="8c84fa94-04c1-424b-9868-57a2d4851a1d" relativeResultsDirectory="61f49326-239f-41b0-91c4-a957bd015879" />
    <UnitTestResult executionId="41b903e9-86c9-43cc-aa77-c6189b2d77bb" testId="5035e510-ba76-445a-2326-f7e055b8da66" testName="AccessToDB.Tests.TurnstilesRepositoryTests.TestGetTurnstilesByLiftIdAsyncOk(liftID: 234)" computerName="DESKTOP-TJ9D65N" duration="00:00:01.7690393" startTime="2022-10-15T21:15:02.9307505+03:00" endTime="2022-10-15T21:15:02.9307507+03:00" testType="13cdc9d9-ddb5-4fa4-a97d-d965ccfc6d4b" outcome="Passed" testListId="8c84fa94-04c1-424b-9868-57a2d4851a1d" relativeResultsDirectory="41b903e9-86c9-43cc-aa77-c6189b2d77bb" />
    <UnitTestResult executionId="d790aa5f-c372-41da-88b0-5835e38c57e7" testId="4e3b7ea8-b11a-6338-1316-5f4097012894" testName="AccessToDB.Tests.TurnstilesRepositoryTests.TestDeleteTurnstileByIDAsyncFailsWhenIDNotExists(turnstileID: 4)" computerName="DESKTOP-TJ9D65N" duration="00:00:01.5887465" startTime="2022-10-15T21:15:06.0948963+03:00" endTime="2022-10-15T21:15:06.0948988+03:00" testType="13cdc9d9-ddb5-4fa4-a97d-d965ccfc6d4b" outcome="Passed" testListId="8c84fa94-04c1-424b-9868-57a2d4851a1d" relativeResultsDirectory="d790aa5f-c372-41da-88b0-5835e38c57e7" />
    <UnitTestResult executionId="1d38a8f2-aa2a-48bd-b2d0-f4fae0f68435" testId="cfceae31-c319-94b9-4631-de55e677b6de" testName="AccessToDB.Tests.UsersRepositoryTests.TestDeleteUserByIDAsyncFailsWhenIDNotExists(userID: 101)" computerName="DESKTOP-TJ9D65N" duration="00:00:01.5656528" startTime="2022-10-15T21:16:00.7448663+03:00" endTime="2022-10-15T21:16:00.7448669+03:00" testType="13cdc9d9-ddb5-4fa4-a97d-d965ccfc6d4b" outcome="Passed" testListId="8c84fa94-04c1-424b-9868-57a2d4851a1d" relativeResultsDirectory="1d38a8f2-aa2a-48bd-b2d0-f4fae0f68435" />
    <UnitTestResult executionId="60ff9868-1db8-494f-9bff-b00e5afeca7e" testId="0a4bd2b8-56ca-c66c-54fc-1e4367a807d6" testName="AccessToDB.Tests.LiftsRepositoryTests.TestGetLiftByNameAsyncFailsWhenNameNotExists(liftName: &quot;liftNameb80ee122-3221-4230-b2ad-1075685a0ac3&quot;)" computerName="DESKTOP-TJ9D65N" duration="00:00:01.5632426" startTime="2022-10-15T21:15:36.7831825+03:00" endTime="2022-10-15T21:15:36.7831826+03:00" testType="13cdc9d9-ddb5-4fa4-a97d-d965ccfc6d4b" outcome="Passed" testListId="8c84fa94-04c1-424b-9868-57a2d4851a1d" relativeResultsDirectory="60ff9868-1db8-494f-9bff-b00e5afeca7e" />
    <UnitTestResult executionId="13279f87-3e45-422d-8586-ba3013119b0a" testId="3d1fa2e6-c893-2fbf-e608-ef9e884a32db" testName="AccessToDB.Tests.LiftsSlopesRepositoryTests.TestDeleteLiftSlopeByIDAsyncFailsWhenIDNotExists(liftSlopeID: 153)" computerName="DESKTOP-TJ9D65N" duration="00:00:01.5607132" startTime="2022-10-15T21:15:19.1395360+03:00" endTime="2022-10-15T21:15:19.1395365+03:00" testType="13cdc9d9-ddb5-4fa4-a97d-d965ccfc6d4b" outcome="Passed" testListId="8c84fa94-04c1-424b-9868-57a2d4851a1d" relativeResultsDirectory="13279f87-3e45-422d-8586-ba3013119b0a" />
    <UnitTestResult executionId="1adc99ed-be17-4507-9b77-31af06c7ff2b" testId="8c858329-07b5-62cc-2dd0-63a3f20171bc" testName="AccessToDB.Tests.UsersRepositoryTests.TestCheckUserIdExistsAsyncTrue(user: User { UserID = 219, CardID = 110, UserEmail = UserEmail66a915ce-b999-45ba-b2d6-4eef7ef51b63, Password = password7b963687-2eef-4342-a1d6-28b2f9f72cea, Permissions = UNAUTHORIZED })" computerName="DESKTOP-TJ9D65N" duration="00:00:01.6084684" startTime="2022-10-15T21:15:54.3794072+03:00" endTime="2022-10-15T21:15:54.3794074+03:00" testType="13cdc9d9-ddb5-4fa4-a97d-d965ccfc6d4b" outcome="Passed" testListId="8c84fa94-04c1-424b-9868-57a2d4851a1d" relativeResultsDirectory="1adc99ed-be17-4507-9b77-31af06c7ff2b" />
    <UnitTestResult executionId="6733efa2-eb2d-4c1a-8bd7-6aedf028351e" testId="4de96668-b315-4392-d0ff-a4b9d348212e" testName="AccessToDB.Tests.LiftsSlopesRepositoryTests.TestDeleteLiftSlopesByIDsAsyncOk(liftSlope: LiftSlope { RecordID = 32, LiftID = 7, SlopeID = 220 })" computerName="DESKTOP-TJ9D65N" duration="00:00:01.6177788" startTime="2022-10-15T21:15:17.5727919+03:00" endTime="2022-10-15T21:15:17.5727925+03:00" testType="13cdc9d9-ddb5-4fa4-a97d-d965ccfc6d4b" outcome="Passed" testListId="8c84fa94-04c1-424b-9868-57a2d4851a1d" relativeResultsDirectory="6733efa2-eb2d-4c1a-8bd7-6aedf028351e" />
    <UnitTestResult executionId="5eb09c70-9a94-41f6-a8a5-a4072b0ec2b0" testId="b859eb8c-9364-44cd-0ffc-cb96227af9ca" testName="AccessToDB.Tests.LiftsSlopesRepositoryTests.TestGetLiftSlopeByIdAsyncOk(liftSlope: LiftSlope { RecordID = 147, LiftID = 50, SlopeID = 9 })" computerName="DESKTOP-TJ9D65N" duration="00:00:01.6071027" startTime="2022-10-15T21:15:20.7521448+03:00" endTime="2022-10-15T21:15:20.7521453+03:00" testType="13cdc9d9-ddb5-4fa4-a97d-d965ccfc6d4b" outcome="Passed" testListId="8c84fa94-04c1-424b-9868-57a2d4851a1d" relativeResultsDirectory="5eb09c70-9a94-41f6-a8a5-a4072b0ec2b0" />
    <UnitTestResult executionId="76ef56bd-d773-4cca-818e-5635ddd38c7e" testId="9bbefb83-8311-6e03-307f-415e3495e223" testName="AccessToDB.Tests.SlopesRepositoryTests.TestGetSlopesAsyncEmpty" computerName="DESKTOP-TJ9D65N" duration="00:00:01.5639158" startTime="2022-10-15T21:15:46.3208547+03:00" endTime="2022-10-15T21:15:46.3208548+03:00" testType="13cdc9d9-ddb5-4fa4-a97d-d965ccfc6d4b" outcome="Passed" testListId="8c84fa94-04c1-424b-9868-57a2d4851a1d" relativeResultsDirectory="76ef56bd-d773-4cca-818e-5635ddd38c7e" />
    <UnitTestResult executionId="4a023f57-8e6a-4fe4-a042-98af8db676ea" testId="ec229f70-485a-f91b-53ed-bce655f6cd58" testName="AccessToDB.Tests.LiftsRepositoryTests.TestAddLiftAutoIncrementAsyncOk" computerName="DESKTOP-TJ9D65N" duration="00:00:01.6101684" startTime="2022-10-15T21:15:27.1935618+03:00" endTime="2022-10-15T21:15:27.1935620+03:00" testType="13cdc9d9-ddb5-4fa4-a97d-d965ccfc6d4b" outcome="Passed" testListId="8c84fa94-04c1-424b-9868-57a2d4851a1d" relativeResultsDirectory="4a023f57-8e6a-4fe4-a042-98af8db676ea" />
    <UnitTestResult executionId="ca5e1a5a-60a0-4ba1-a910-61e0f9d28128" testId="3c521313-4ed6-6bce-b4f9-c359411028e7" testName="AccessToDB.Tests.TurnstilesRepositoryTests.TestGetTurnstilesAsyncEmpty" computerName="DESKTOP-TJ9D65N" duration="00:00:01.5618179" startTime="2022-10-15T21:15:04.4965511+03:00" endTime="2022-10-15T21:15:04.4965514+03:00" testType="13cdc9d9-ddb5-4fa4-a97d-d965ccfc6d4b" outcome="Passed" testListId="8c84fa94-04c1-424b-9868-57a2d4851a1d" relativeResultsDirectory="ca5e1a5a-60a0-4ba1-a910-61e0f9d28128" />
    <UnitTestResult executionId="7a1446be-cb71-44b5-820b-bd7859d0cb50" testId="3a615759-67af-da46-b2c5-7adaf0bc84ec" testName="AccessToDB.Tests.LiftsRepositoryTests.TestUpdateLiftByIDAsyncOk(lift: Lift { LiftID = 125, LiftName = liftName21f2599b-8e74-4ea9-96fe-b138bcf678cf, IsOpen = True, SeatsAmount = 88, LiftingTime = 202, QueueTime = 6, ConnectedSlopes =  })" computerName="DESKTOP-TJ9D65N" duration="00:00:01.6181111" startTime="2022-10-15T21:15:35.2154828+03:00" endTime="2022-10-15T21:15:35.2154830+03:00" testType="13cdc9d9-ddb5-4fa4-a97d-d965ccfc6d4b" outcome="Passed" testListId="8c84fa94-04c1-424b-9868-57a2d4851a1d" relativeResultsDirectory="7a1446be-cb71-44b5-820b-bd7859d0cb50" />
    <UnitTestResult executionId="e9565fd6-940c-4da8-bd2c-b7765593c389" testId="637c74df-d325-d6dd-f8fb-bec38d21367c" testName="AccessToDB.Tests.LiftsSlopesRepositoryTests.TestUpdateLiftSlopeByIDAsyncOk(liftSlope: LiftSlope { RecordID = 228, LiftID = 218, SlopeID = 21 })" computerName="DESKTOP-TJ9D65N" duration="00:00:01.6183590" startTime="2022-10-15T21:15:14.3310744+03:00" endTime="2022-10-15T21:15:14.3310747+03:00" testType="13cdc9d9-ddb5-4fa4-a97d-d965ccfc6d4b" outcome="Passed" testListId="8c84fa94-04c1-424b-9868-57a2d4851a1d" relativeResultsDirectory="e9565fd6-940c-4da8-bd2c-b7765593c389" />
    <UnitTestResult executionId="e87852a7-5e66-4ef4-bdb6-7152c63e11ea" testId="cfe09f94-2855-b90c-123a-7ea71be39ca2" testName="AccessToDB.Tests.UsersRepositoryTests.TestAddUserAsyncFailsWhenUserIdRepeats(user: User { UserID = 106, CardID = 152, UserEmail = UserEmail88ad4d46-dbf1-47de-8ee5-c02974927c94, Password = password03d339c5-34e0-4f22-8db8-17826d0db06d, Permissions = UNAUTHORIZED })" computerName="DESKTOP-TJ9D65N" duration="00:00:01.6312964" startTime="2022-10-15T21:15:57.5900761+03:00" endTime="2022-10-15T21:15:57.5900768+03:00" testType="13cdc9d9-ddb5-4fa4-a97d-d965ccfc6d4b" outcome="Passed" testListId="8c84fa94-04c1-424b-9868-57a2d4851a1d" relativeResultsDirectory="e87852a7-5e66-4ef4-bdb6-7152c63e11ea" />
    <UnitTestResult executionId="8a5f2953-bd40-4b6b-9784-917659547b2c" testId="75a4bf88-a96e-f5dd-53aa-6f92a8d0e5de" testName="AccessToDB.Tests.UsersRepositoryTests.TestCheckUserEmailExistsAsyncFalse(userEmail: &quot;userEmail2258ef16-13c9-479d-b541-a33ea5454676&quot;)" computerName="DESKTOP-TJ9D65N" duration="00:00:01.5825342" startTime="2022-10-15T21:15:59.1760461+03:00" endTime="2022-10-15T21:15:59.1760462+03:00" testType="13cdc9d9-ddb5-4fa4-a97d-d965ccfc6d4b" outcome="Passed" testListId="8c84fa94-04c1-424b-9868-57a2d4851a1d" relativeResultsDirectory="8a5f2953-bd40-4b6b-9784-917659547b2c" />
    <UnitTestResult executionId="48dff1f4-4ac6-477b-bd89-a654be75f84b" testId="4145f44e-b4b1-a618-09e8-c631496e6f1a" testName="AccessToDB.Tests.LiftsSlopesRepositoryTests.TestGetLiftSlopesAsyncEmpty" computerName="DESKTOP-TJ9D65N" duration="00:00:01.5746443" startTime="2022-10-15T21:15:23.9698865+03:00" endTime="2022-10-15T21:15:23.9698867+03:00" testType="13cdc9d9-ddb5-4fa4-a97d-d965ccfc6d4b" outcome="Passed" testListId="8c84fa94-04c1-424b-9868-57a2d4851a1d" relativeResultsDirectory="48dff1f4-4ac6-477b-bd89-a654be75f84b" />
    <UnitTestResult executionId="723218e2-b2b0-4e55-8aaa-b67d45f94604" testId="607e8298-f113-be33-300e-15a343893443" testName="AccessToDB.Tests.LiftsRepositoryTests.TestGetLiftsAsyncEmpty" computerName="DESKTOP-TJ9D65N" duration="00:00:01.5647935" startTime="2022-10-15T21:15:33.5939067+03:00" endTime="2022-10-15T21:15:33.5939068+03:00" testType="13cdc9d9-ddb5-4fa4-a97d-d965ccfc6d4b" outcome="Passed" testListId="8c84fa94-04c1-424b-9868-57a2d4851a1d" relativeResultsDirectory="723218e2-b2b0-4e55-8aaa-b67d45f94604" />
    <UnitTestResult executionId="d2d19d56-60fe-4c79-bec8-b77680ebc6f4" testId="16df7e60-7da5-033b-83db-f84bcdb9bb73" testName="AccessToDB.Tests.SlopesRepositoryTests.TestUpdateSlopeByIDAsyncOk(slope: Slope { SlopeID = 212, SlopeName = slopeName4fd43e91-fa7f-4c4e-bbf6-d00c8e6e846a, IsOpen = True, DifficultyLevel = 72, ConnectedLifts =  })" computerName="DESKTOP-TJ9D65N" duration="00:00:01.6111813" startTime="2022-10-15T21:15:47.9362465+03:00" endTime="2022-10-15T21:15:47.9362468+03:00" testType="13cdc9d9-ddb5-4fa4-a97d-d965ccfc6d4b" outcome="Passed" testListId="8c84fa94-04c1-424b-9868-57a2d4851a1d" relativeResultsDirectory="d2d19d56-60fe-4c79-bec8-b77680ebc6f4" />
    <UnitTestResult executionId="a9dda604-7981-474a-bd6d-41f988619a68" testId="f9435956-2e34-e52b-c34e-dce53665cf8e" testName="AccessToDB.Tests.TurnstilesRepositoryTests.TestAddTurnstileAutoIncrementAsyncOk" computerName="DESKTOP-TJ9D65N" duration="00:00:01.6320159" startTime="2022-10-15T21:15:07.7380817+03:00" endTime="2022-10-15T21:15:07.7380820+03:00" testType="13cdc9d9-ddb5-4fa4-a97d-d965ccfc6d4b" outcome="Passed" testListId="8c84fa94-04c1-424b-9868-57a2d4851a1d" relativeResultsDirectory="a9dda604-7981-474a-bd6d-41f988619a68" />
    <UnitTestResult executionId="d3e98078-df3d-4b66-9b2d-9b02a06f1247" testId="f8f2aba3-9527-a879-998e-21a6cc8e87b5" testName="AccessToDB.Tests.UsersRepositoryTests.TestGetUserByIdAsyncOk(user: User { UserID = 204, CardID = 117, UserEmail = UserEmail22a9f1d3-4c5e-454b-9274-db8275ae1628, Password = password2f83421f-4adc-4170-87f0-6b458abe4a5f, Permissions = UNAUTHORIZED })" computerName="DESKTOP-TJ9D65N" duration="00:00:01.6057723" startTime="2022-10-15T21:15:51.1226485+03:00" endTime="2022-10-15T21:15:51.1226493+03:00" testType="13cdc9d9-ddb5-4fa4-a97d-d965ccfc6d4b" outcome="Passed" testListId="8c84fa94-04c1-424b-9868-57a2d4851a1d" relativeResultsDirectory="d3e98078-df3d-4b66-9b2d-9b02a06f1247" />
    <UnitTestResult executionId="70c82f24-b1dc-4822-8e46-8f717cd5f2aa" testId="da5dff90-9696-3291-31cf-98860a881413" testName="AccessToDB.Tests.LiftsRepositoryTests.TestGetLiftByIdAsyncOk(lift: Lift { LiftID = 217, LiftName = liftNamee25a7de1-0796-4cdb-9cc2-ce7f56ec8546, IsOpen = True, SeatsAmount = 220, LiftingTime = 95, QueueTime = 98, ConnectedSlopes =  })" computerName="DESKTOP-TJ9D65N" duration="00:00:01.6021028" startTime="2022-10-15T21:15:32.0255699+03:00" endTime="2022-10-15T21:15:32.0255703+03:00" testType="13cdc9d9-ddb5-4fa4-a97d-d965ccfc6d4b" outcome="Passed" testListId="8c84fa94-04c1-424b-9868-57a2d4851a1d" relativeResultsDirectory="70c82f24-b1dc-4822-8e46-8f717cd5f2aa" />
    <UnitTestResult executionId="acee30b3-fd04-45f9-a025-c325c2d8614b" testId="e3de247c-353c-b229-0c82-f14b430dc419" testName="AccessToDB.Tests.SlopesRepositoryTests.TestGetSlopeByIdAsyncOk(slope: Slope { SlopeID = 41, SlopeName = slopeName03f9eced-016d-45cd-a0c4-d28f8958c717, IsOpen = True, DifficultyLevel = 125, ConnectedLifts =  })" computerName="DESKTOP-TJ9D65N" duration="00:00:01.5917794" startTime="2022-10-15T21:15:39.9446797+03:00" endTime="2022-10-15T21:15:39.9446800+03:00" testType="13cdc9d9-ddb5-4fa4-a97d-d965ccfc6d4b" outcome="Passed" testListId="8c84fa94-04c1-424b-9868-57a2d4851a1d" relativeResultsDirectory="acee30b3-fd04-45f9-a025-c325c2d8614b" />
    <UnitTestResult executionId="b93f740d-8c90-4e93-9a8d-44e0f72c8b8c" testId="90ea6b99-99c0-1676-6c21-05b4562caba1" testName="AccessToDB.Tests.LiftsRepositoryTests.TestAddLiftAsyncFailsWhenLiftIdRepeats(lift: Lift { LiftID = 10, LiftName = liftName474cc92f-7685-4a7e-910f-d2029ca34312, IsOpen = True, SeatsAmount = 129, LiftingTime = 132, QueueTime = 9, ConnectedSlopes =  })" computerName="DESKTOP-TJ9D65N" duration="00:00:01.6107570" startTime="2022-10-15T21:15:28.8088043+03:00" endTime="2022-10-15T21:15:28.8088046+03:00" testType="13cdc9d9-ddb5-4fa4-a97d-d965ccfc6d4b" outcome="Passed" testListId="8c84fa94-04c1-424b-9868-57a2d4851a1d" relativeResultsDirectory="b93f740d-8c90-4e93-9a8d-44e0f72c8b8c" />
    <UnitTestResult executionId="62f5567c-5e8d-46ce-81aa-93b73dd3634c" testId="9538f5ac-401c-476c-713d-4f2a4c21f42a" testName="AccessToDB.Tests.TurnstilesRepositoryTests.TestGetTurnstileByIdAsyncOk(turnstile: Turnstile { TurnstileID = 68, LiftID = 35, IsOpen = True })" computerName="DESKTOP-TJ9D65N" duration="00:00:01.5938671" startTime="2022-10-15T21:15:10.9524730+03:00" endTime="2022-10-15T21:15:10.9524741+03:00" testType="13cdc9d9-ddb5-4fa4-a97d-d965ccfc6d4b" outcome="Passed" testListId="8c84fa94-04c1-424b-9868-57a2d4851a1d" relativeResultsDirectory="62f5567c-5e8d-46ce-81aa-93b73dd3634c" />
    <UnitTestResult executionId="b6a7bcbc-3650-4aa7-8b5d-9d9f4e434046" testId="5e60687b-2ad1-8701-b4d0-089365055e51" testName="AccessToDB.Tests.UsersRepositoryTests.TestGetUserByEmailAsyncFailsWhenEmailNotExists(email: &quot;email2488ac27-5295-400e-8b98-1f581fc47e7c&quot;)" computerName="DESKTOP-TJ9D65N" duration="00:00:01.5732620" startTime="2022-10-15T21:15:55.9556882+03:00" endTime="2022-10-15T21:15:55.9556882+03:00" testType="13cdc9d9-ddb5-4fa4-a97d-d965ccfc6d4b" outcome="Passed" testListId="8c84fa94-04c1-424b-9868-57a2d4851a1d" relativeResultsDirectory="b6a7bcbc-3650-4aa7-8b5d-9d9f4e434046" />
    <UnitTestResult executionId="824cf757-d54c-46ca-959b-518c9cdd70e7" testId="d3642d01-d302-5795-999e-d1a0a894f846" testName="AccessToDB.Tests.LiftsSlopesRepositoryTests.TestGetSlopesByLiftIdAsyncFailsWhenSlopeNotExists(liftSlope: LiftSlope { RecordID = 193, LiftID = 178, SlopeID = 84 })" computerName="DESKTOP-TJ9D65N" duration="00:00:01.6048399" startTime="2022-10-15T21:15:25.5793665+03:00" endTime="2022-10-15T21:15:25.5793667+03:00" testType="13cdc9d9-ddb5-4fa4-a97d-d965ccfc6d4b" outcome="Passed" testListId="8c84fa94-04c1-424b-9868-57a2d4851a1d" relativeResultsDirectory="824cf757-d54c-46ca-959b-518c9cdd70e7" />
    <UnitTestResult executionId="04d7c10d-f981-4977-8c0b-254489ec75a5" testId="79d76d80-9ad3-666b-0c51-9192357054e8" testName="AccessToDB.Tests.SlopesRepositoryTests.TestDeleteSlopeByIDAsyncFailsWhenIDNotExists(slopeID: 122)" computerName="DESKTOP-TJ9D65N" duration="00:00:01.5668385" startTime="2022-10-15T21:15:44.7512217+03:00" endTime="2022-10-15T21:15:44.7512222+03:00" testType="13cdc9d9-ddb5-4fa4-a97d-d965ccfc6d4b" outcome="Passed" testListId="8c84fa94-04c1-424b-9868-57a2d4851a1d" relativeResultsDirectory="04d7c10d-f981-4977-8c0b-254489ec75a5" />
    <UnitTestResult executionId="b3a4d258-1799-42c2-803c-cc12575353e7" testId="3741b26d-6ee0-6246-29e4-92009bff37b0" testName="AccessToDB.Tests.UsersRepositoryTests.TestGetUsersAsyncEmpty" computerName="DESKTOP-TJ9D65N" duration="00:00:01.5670801" startTime="2022-10-15T21:15:49.5072248+03:00" endTime="2022-10-15T21:15:49.5072285+03:00" testType="13cdc9d9-ddb5-4fa4-a97d-d965ccfc6d4b" outcome="Passed" testListId="8c84fa94-04c1-424b-9868-57a2d4851a1d" relativeResultsDirectory="b3a4d258-1799-42c2-803c-cc12575353e7" />
    <UnitTestResult executionId="2644d9de-93a8-4c76-900a-2263a2530b0f" testId="5cecb38b-a4ef-cb98-ed87-48bb9e70ab49" testName="AccessToDB.Tests.TurnstilesRepositoryTests.TestAddTurnstileAsyncFailsWhenTurnstileIdRepeats(turnstile: Turnstile { TurnstileID = 94, LiftID = 51, IsOpen = True })" computerName="DESKTOP-TJ9D65N" duration="00:00:01.6511847" startTime="2022-10-15T21:15:01.1357747+03:00" endTime="2022-10-15T21:15:01.1358188+03:00" testType="13cdc9d9-ddb5-4fa4-a97d-d965ccfc6d4b" outcome="Passed" testListId="8c84fa94-04c1-424b-9868-57a2d4851a1d" relativeResultsDirectory="2644d9de-93a8-4c76-900a-2263a2530b0f" />
    <UnitTestResult executionId="c3ff8a18-43a8-4454-86f1-6d6a2a7dcf37" testId="ed24d4c8-8e39-d7d0-e667-760f076fb23b" testName="AccessToDB.Tests.TurnstilesRepositoryTests.TestUpdateTurnstileByIDAsyncOk(turnstile: Turnstile { TurnstileID = 126, LiftID = 14, IsOpen = True })" computerName="DESKTOP-TJ9D65N" duration="00:00:01.6103917" startTime="2022-10-15T21:15:09.3545464+03:00" endTime="2022-10-15T21:15:09.3545467+03:00" testType="13cdc9d9-ddb5-4fa4-a97d-d965ccfc6d4b" outcome="Passed" testListId="8c84fa94-04c1-424b-9868-57a2d4851a1d" relativeResultsDirectory="c3ff8a18-43a8-4454-86f1-6d6a2a7dcf37" />
    <UnitTestResult executionId="e369f5e7-73a1-4627-8f86-3b0d8faf5142" testId="8f7ba917-f771-0dc5-f9b9-465c34344b12" testName="AccessToDB.Tests.SlopesRepositoryTests.TestAddSlopeAutoIncrementAsyncOk" computerName="DESKTOP-TJ9D65N" duration="00:00:01.6139052" startTime="2022-10-15T21:15:43.1790682+03:00" endTime="2022-10-15T21:15:43.1790685+03:00" testType="13cdc9d9-ddb5-4fa4-a97d-d965ccfc6d4b" outcome="Passed" testListId="8c84fa94-04c1-424b-9868-57a2d4851a1d" relativeResultsDirectory="e369f5e7-73a1-4627-8f86-3b0d8faf5142" />
    <UnitTestResult executionId="a1f76212-992f-4a88-a3ed-5c4b69e4b2a0" testId="e75bb6e2-88d9-af2a-a444-c4a9d67f0f0e" testName="AccessToDB.Tests.UsersRepositoryTests.TestAddUserAutoIncrementAsyncOk" computerName="DESKTOP-TJ9D65N" duration="00:00:01.6221934" startTime="2022-10-15T21:16:02.3737549+03:00" endTime="2022-10-15T21:16:02.3737557+03:00" testType="13cdc9d9-ddb5-4fa4-a97d-d965ccfc6d4b" outcome="Passed" testListId="8c84fa94-04c1-424b-9868-57a2d4851a1d" relativeResultsDirectory="a1f76212-992f-4a88-a3ed-5c4b69e4b2a0" />
  </Results>
  <TestDefinitions>
    <UnitTest name="AccessToDB.Tests.LiftsSlopesRepositoryTests.TestDeleteLiftSlopeByIDAsyncFailsWhenIDNotExists(liftSlopeID: 153)" storage="c:\users\alena\desktop\7_sem\testing_and_debugging\skiresort\accesstodb.tests\bin\debug\net6.0\accesstodb.tests.dll" id="3d1fa2e6-c893-2fbf-e608-ef9e884a32db">
      <Execution id="13279f87-3e45-422d-8586-ba3013119b0a" />
      <TestMethod codeBase="C:\Users\alena\Desktop\7_sem\testing_and_debugging\SkiResort\AccessToDB.Tests\bin\Debug\net6.0\AccessToDB.Tests.dll" adapterTypeName="executor://xunit/VsTestRunner2/netcoreapp" className="AccessToDB.Tests.LiftsSlopesRepositoryTests" name="TestDeleteLiftSlopeByIDAsyncFailsWhenIDNotExists" />
    </UnitTest>
    <UnitTest name="AccessToDB.Tests.UsersRepositoryTests.TestGetUsersAsyncEmpty" storage="c:\users\alena\desktop\7_sem\testing_and_debugging\skiresort\accesstodb.tests\bin\debug\net6.0\accesstodb.tests.dll" id="3741b26d-6ee0-6246-29e4-92009bff37b0">
      <Execution id="b3a4d258-1799-42c2-803c-cc12575353e7" />
      <TestMethod codeBase="C:\Users\alena\Desktop\7_sem\testing_and_debugging\SkiResort\AccessToDB.Tests\bin\Debug\net6.0\AccessToDB.Tests.dll" adapterTypeName="executor://xunit/VsTestRunner2/netcoreapp" className="AccessToDB.Tests.UsersRepositoryTests" name="TestGetUsersAsyncEmpty" />
    </UnitTest>
    <UnitTest name="AccessToDB.Tests.LiftsRepositoryTests.TestUpdateLiftByIDAsyncOk(lift: Lift { LiftID = 125, LiftName = liftName21f2599b-8e74-4ea9-96fe-b138bcf678cf, IsOpen = True, SeatsAmount = 88, LiftingTime = 202, QueueTime = 6, ConnectedSlopes =  })" storage="c:\users\alena\desktop\7_sem\testing_and_debugging\skiresort\accesstodb.tests\bin\debug\net6.0\accesstodb.tests.dll" id="3a615759-67af-da46-b2c5-7adaf0bc84ec">
      <Execution id="7a1446be-cb71-44b5-820b-bd7859d0cb50" />
      <TestMethod codeBase="C:\Users\alena\Desktop\7_sem\testing_and_debugging\SkiResort\AccessToDB.Tests\bin\Debug\net6.0\AccessToDB.Tests.dll" adapterTypeName="executor://xunit/VsTestRunner2/netcoreapp" className="AccessToDB.Tests.LiftsRepositoryTests" name="TestUpdateLiftByIDAsyncOk" />
    </UnitTest>
    <UnitTest name="AccessToDB.Tests.LiftsRepositoryTests.TestGetLiftByNameAsyncFailsWhenNameNotExists(liftName: &quot;liftNameb80ee122-3221-4230-b2ad-1075685a0ac3&quot;)" storage="c:\users\alena\desktop\7_sem\testing_and_debugging\skiresort\accesstodb.tests\bin\debug\net6.0\accesstodb.tests.dll" id="0a4bd2b8-56ca-c66c-54fc-1e4367a807d6">
      <Execution id="60ff9868-1db8-494f-9bff-b00e5afeca7e" />
      <TestMethod codeBase="C:\Users\alena\Desktop\7_sem\testing_and_debugging\SkiResort\AccessToDB.Tests\bin\Debug\net6.0\AccessToDB.Tests.dll" adapterTypeName="executor://xunit/VsTestRunner2/netcoreapp" className="AccessToDB.Tests.LiftsRepositoryTests" name="TestGetLiftByNameAsyncFailsWhenNameNotExists" />
    </UnitTest>
    <UnitTest name="AccessToDB.Tests.TurnstilesRepositoryTests.TestAddTurnstileAutoIncrementAsyncOk" storage="c:\users\alena\desktop\7_sem\testing_and_debugging\skiresort\accesstodb.tests\bin\debug\net6.0\accesstodb.tests.dll" id="f9435956-2e34-e52b-c34e-dce53665cf8e">
      <Execution id="a9dda604-7981-474a-bd6d-41f988619a68" />
      <TestMethod codeBase="C:\Users\alena\Desktop\7_sem\testing_and_debugging\SkiResort\AccessToDB.Tests\bin\Debug\net6.0\AccessToDB.Tests.dll" adapterTypeName="executor://xunit/VsTestRunner2/netcoreapp" className="AccessToDB.Tests.TurnstilesRepositoryTests" name="TestAddTurnstileAutoIncrementAsyncOk" />
    </UnitTest>
    <UnitTest name="AccessToDB.Tests.LiftsSlopesRepositoryTests.TestGetLiftsBySlopeIdAsyncOk(slope1: Slope { SlopeID = 108, SlopeName = slopeName03fb9f25-0028-41a0-92cc-d9892cc40dea, IsOpen = True, DifficultyLevel = 215, ConnectedLifts =  }, slope2: Slope { SlopeID = 72, SlopeName = slopeName54e77171-cdf8-4a77-aeed-a91f0d04b67a, IsOpen = False, DifficultyLevel = 248, ConnectedLifts =  }, lift1: Lift { LiftID = 241, LiftName = liftName9d611fa9-0114-4060-bce5-8f..." storage="c:\users\alena\desktop\7_sem\testing_and_debugging\skiresort\accesstodb.tests\bin\debug\net6.0\accesstodb.tests.dll" id="28d61828-dbbf-43ee-c106-550a1eeeaa9b">
      <Execution id="e3909963-46a5-4a83-9cb8-3238ed287dc1" />
      <TestMethod codeBase="C:\Users\alena\Desktop\7_sem\testing_and_debugging\SkiResort\AccessToDB.Tests\bin\Debug\net6.0\AccessToDB.Tests.dll" adapterTypeName="executor://xunit/VsTestRunner2/netcoreapp" className="AccessToDB.Tests.LiftsSlopesRepositoryTests" name="TestGetLiftsBySlopeIdAsyncOk" />
    </UnitTest>
    <UnitTest name="AccessToDB.Tests.SlopesRepositoryTests.TestAddSlopeAsyncFailsWhenSlopeIdRepeats(slope: Slope { SlopeID = 164, SlopeName = slopeNamea1e19631-97bc-4bfc-a64c-9f4d3b77bbec, IsOpen = True, DifficultyLevel = 254, ConnectedLifts =  })" storage="c:\users\alena\desktop\7_sem\testing_and_debugging\skiresort\accesstodb.tests\bin\debug\net6.0\accesstodb.tests.dll" id="d655143e-ebe5-64e8-fac0-880d6becf1c2">
      <Execution id="51aa4519-4cb3-48d2-80cc-ed2696d59480" />
      <TestMethod codeBase="C:\Users\alena\Desktop\7_sem\testing_and_debugging\SkiResort\AccessToDB.Tests\bin\Debug\net6.0\AccessToDB.Tests.dll" adapterTypeName="executor://xunit/VsTestRunner2/netcoreapp" className="AccessToDB.Tests.SlopesRepositoryTests" name="TestAddSlopeAsyncFailsWhenSlopeIdRepeats" />
    </UnitTest>
    <UnitTest name="AccessToDB.Tests.LiftsRepositoryTests.TestDeleteLiftByIDAsyncFailsWhenIDNotExists(liftID: 74)" storage="c:\users\alena\desktop\7_sem\testing_and_debugging\skiresort\accesstodb.tests\bin\debug\net6.0\accesstodb.tests.dll" id="0001dc6f-741a-ece1-e491-401956aee908">
      <Execution id="0ec23baf-71d4-4366-af19-cb843679821e" />
      <TestMethod codeBase="C:\Users\alena\Desktop\7_sem\testing_and_debugging\SkiResort\AccessToDB.Tests\bin\Debug\net6.0\AccessToDB.Tests.dll" adapterTypeName="executor://xunit/VsTestRunner2/netcoreapp" className="AccessToDB.Tests.LiftsRepositoryTests" name="TestDeleteLiftByIDAsyncFailsWhenIDNotExists" />
    </UnitTest>
    <UnitTest name="AccessToDB.Tests.UsersRepositoryTests.TestDeleteUserByIDAsyncFailsWhenIDNotExists(userID: 101)" storage="c:\users\alena\desktop\7_sem\testing_and_debugging\skiresort\accesstodb.tests\bin\debug\net6.0\accesstodb.tests.dll" id="cfceae31-c319-94b9-4631-de55e677b6de">
      <Execution id="1d38a8f2-aa2a-48bd-b2d0-f4fae0f68435" />
      <TestMethod codeBase="C:\Users\alena\Desktop\7_sem\testing_and_debugging\SkiResort\AccessToDB.Tests\bin\Debug\net6.0\AccessToDB.Tests.dll" adapterTypeName="executor://xunit/VsTestRunner2/netcoreapp" className="AccessToDB.Tests.UsersRepositoryTests" name="TestDeleteUserByIDAsyncFailsWhenIDNotExists" />
    </UnitTest>
    <UnitTest name="AccessToDB.Tests.SlopesRepositoryTests.TestGetSlopeByNameAsyncFailsWhenNameNotExists(slopeName: &quot;slopeName2694ecd7-8837-42fb-a5ed-1e9a52c58320&quot;)" storage="c:\users\alena\desktop\7_sem\testing_and_debugging\skiresort\accesstodb.tests\bin\debug\net6.0\accesstodb.tests.dll" id="4f651e1e-dd9f-58d6-7038-c908173eb7fa">
      <Execution id="5cc2afbb-df65-49f3-a54f-9873c618f2df" />
      <TestMethod codeBase="C:\Users\alena\Desktop\7_sem\testing_and_debugging\SkiResort\AccessToDB.Tests\bin\Debug\net6.0\AccessToDB.Tests.dll" adapterTypeName="executor://xunit/VsTestRunner2/netcoreapp" className="AccessToDB.Tests.SlopesRepositoryTests" name="TestGetSlopeByNameAsyncFailsWhenNameNotExists" />
    </UnitTest>
    <UnitTest name="AccessToDB.Tests.LiftsSlopesRepositoryTests.TestGetLiftSlopesAsyncEmpty" storage="c:\users\alena\desktop\7_sem\testing_and_debugging\skiresort\accesstodb.tests\bin\debug\net6.0\accesstodb.tests.dll" id="4145f44e-b4b1-a618-09e8-c631496e6f1a">
      <Execution id="48dff1f4-4ac6-477b-bd89-a654be75f84b" />
      <TestMethod codeBase="C:\Users\alena\Desktop\7_sem\testing_and_debugging\SkiResort\AccessToDB.Tests\bin\Debug\net6.0\AccessToDB.Tests.dll" adapterTypeName="executor://xunit/VsTestRunner2/netcoreapp" className="AccessToDB.Tests.LiftsSlopesRepositoryTests" name="TestGetLiftSlopesAsyncEmpty" />
    </UnitTest>
    <UnitTest name="AccessToDB.Tests.SlopesRepositoryTests.TestDeleteSlopeByIDAsyncFailsWhenIDNotExists(slopeID: 122)" storage="c:\users\alena\desktop\7_sem\testing_and_debugging\skiresort\accesstodb.tests\bin\debug\net6.0\accesstodb.tests.dll" id="79d76d80-9ad3-666b-0c51-9192357054e8">
      <Execution id="04d7c10d-f981-4977-8c0b-254489ec75a5" />
      <TestMethod codeBase="C:\Users\alena\Desktop\7_sem\testing_and_debugging\SkiResort\AccessToDB.Tests\bin\Debug\net6.0\AccessToDB.Tests.dll" adapterTypeName="executor://xunit/VsTestRunner2/netcoreapp" className="AccessToDB.Tests.SlopesRepositoryTests" name="TestDeleteSlopeByIDAsyncFailsWhenIDNotExists" />
    </UnitTest>
    <UnitTest name="AccessToDB.Tests.UsersRepositoryTests.TestCheckUserIdExistsAsyncTrue(user: User { UserID = 219, CardID = 110, UserEmail = UserEmail66a915ce-b999-45ba-b2d6-4eef7ef51b63, Password = password7b963687-2eef-4342-a1d6-28b2f9f72cea, Permissions = UNAUTHORIZED })" storage="c:\users\alena\desktop\7_sem\testing_and_debugging\skiresort\accesstodb.tests\bin\debug\net6.0\accesstodb.tests.dll" id="8c858329-07b5-62cc-2dd0-63a3f20171bc">
      <Execution id="1adc99ed-be17-4507-9b77-31af06c7ff2b" />
      <TestMethod codeBase="C:\Users\alena\Desktop\7_sem\testing_and_debugging\SkiResort\AccessToDB.Tests\bin\Debug\net6.0\AccessToDB.Tests.dll" adapterTypeName="executor://xunit/VsTestRunner2/netcoreapp" className="AccessToDB.Tests.UsersRepositoryTests" name="TestCheckUserIdExistsAsyncTrue" />
    </UnitTest>
    <UnitTest name="AccessToDB.Tests.TurnstilesRepositoryTests.TestAddTurnstileAsyncFailsWhenTurnstileIdRepeats(turnstile: Turnstile { TurnstileID = 94, LiftID = 51, IsOpen = True })" storage="c:\users\alena\desktop\7_sem\testing_and_debugging\skiresort\accesstodb.tests\bin\debug\net6.0\accesstodb.tests.dll" id="5cecb38b-a4ef-cb98-ed87-48bb9e70ab49">
      <Execution id="2644d9de-93a8-4c76-900a-2263a2530b0f" />
      <TestMethod codeBase="C:\Users\alena\Desktop\7_sem\testing_and_debugging\SkiResort\AccessToDB.Tests\bin\Debug\net6.0\AccessToDB.Tests.dll" adapterTypeName="executor://xunit/VsTestRunner2/netcoreapp" className="AccessToDB.Tests.TurnstilesRepositoryTests" name="TestAddTurnstileAsyncFailsWhenTurnstileIdRepeats" />
    </UnitTest>
    <UnitTest name="AccessToDB.Tests.LiftsSlopesRepositoryTests.TestGetSlopesByLiftIdAsyncFailsWhenSlopeNotExists(liftSlope: LiftSlope { RecordID = 193, LiftID = 178, SlopeID = 84 })" storage="c:\users\alena\desktop\7_sem\testing_and_debugging\skiresort\accesstodb.tests\bin\debug\net6.0\accesstodb.tests.dll" id="d3642d01-d302-5795-999e-d1a0a894f846">
      <Execution id="824cf757-d54c-46ca-959b-518c9cdd70e7" />
      <TestMethod codeBase="C:\Users\alena\Desktop\7_sem\testing_and_debugging\SkiResort\AccessToDB.Tests\bin\Debug\net6.0\AccessToDB.Tests.dll" adapterTypeName="executor://xunit/VsTestRunner2/netcoreapp" className="AccessToDB.Tests.LiftsSlopesRepositoryTests" name="TestGetSlopesByLiftIdAsyncFailsWhenSlopeNotExists" />
    </UnitTest>
    <UnitTest name="AccessToDB.Tests.LiftsSlopesRepositoryTests.TestAddLiftSlopeAsyncFailsWhenLiftSlopeIdRepeats(liftSlope: LiftSlope { RecordID = 164, LiftID = 227, SlopeID = 140 })" storage="c:\users\alena\desktop\7_sem\testing_and_debugging\skiresort\accesstodb.tests\bin\debug\net6.0\accesstodb.tests.dll" id="c76437f0-97b0-3a89-709e-81601cfea6af">
      <Execution id="61f49326-239f-41b0-91c4-a957bd015879" />
      <TestMethod codeBase="C:\Users\alena\Desktop\7_sem\testing_and_debugging\SkiResort\AccessToDB.Tests\bin\Debug\net6.0\AccessToDB.Tests.dll" adapterTypeName="executor://xunit/VsTestRunner2/netcoreapp" className="AccessToDB.Tests.LiftsSlopesRepositoryTests" name="TestAddLiftSlopeAsyncFailsWhenLiftSlopeIdRepeats" />
    </UnitTest>
    <UnitTest name="AccessToDB.Tests.SlopesRepositoryTests.TestGetSlopesAsyncEmpty" storage="c:\users\alena\desktop\7_sem\testing_and_debugging\skiresort\accesstodb.tests\bin\debug\net6.0\accesstodb.tests.dll" id="9bbefb83-8311-6e03-307f-415e3495e223">
      <Execution id="76ef56bd-d773-4cca-818e-5635ddd38c7e" />
      <TestMethod codeBase="C:\Users\alena\Desktop\7_sem\testing_and_debugging\SkiResort\AccessToDB.Tests\bin\Debug\net6.0\AccessToDB.Tests.dll" adapterTypeName="executor://xunit/VsTestRunner2/netcoreapp" className="AccessToDB.Tests.SlopesRepositoryTests" name="TestGetSlopesAsyncEmpty" />
    </UnitTest>
    <UnitTest name="AccessToDB.Tests.LiftsRepositoryTests.TestAddLiftAutoIncrementAsyncOk" storage="c:\users\alena\desktop\7_sem\testing_and_debugging\skiresort\accesstodb.tests\bin\debug\net6.0\accesstodb.tests.dll" id="ec229f70-485a-f91b-53ed-bce655f6cd58">
      <Execution id="4a023f57-8e6a-4fe4-a042-98af8db676ea" />
      <TestMethod codeBase="C:\Users\alena\Desktop\7_sem\testing_and_debugging\SkiResort\AccessToDB.Tests\bin\Debug\net6.0\AccessToDB.Tests.dll" adapterTypeName="executor://xunit/VsTestRunner2/netcoreapp" className="AccessToDB.Tests.LiftsRepositoryTests" name="TestAddLiftAutoIncrementAsyncOk" />
    </UnitTest>
    <UnitTest name="AccessToDB.Tests.SlopesRepositoryTests.TestGetSlopeByIdAsyncOk(slope: Slope { SlopeID = 41, SlopeName = slopeName03f9eced-016d-45cd-a0c4-d28f8958c717, IsOpen = True, DifficultyLevel = 125, ConnectedLifts =  })" storage="c:\users\alena\desktop\7_sem\testing_and_debugging\skiresort\accesstodb.tests\bin\debug\net6.0\accesstodb.tests.dll" id="e3de247c-353c-b229-0c82-f14b430dc419">
      <Execution id="acee30b3-fd04-45f9-a025-c325c2d8614b" />
      <TestMethod codeBase="C:\Users\alena\Desktop\7_sem\testing_and_debugging\SkiResort\AccessToDB.Tests\bin\Debug\net6.0\AccessToDB.Tests.dll" adapterTypeName="executor://xunit/VsTestRunner2/netcoreapp" className="AccessToDB.Tests.SlopesRepositoryTests" name="TestGetSlopeByIdAsyncOk" />
    </UnitTest>
    <UnitTest name="AccessToDB.Tests.TurnstilesRepositoryTests.TestGetTurnstilesAsyncEmpty" storage="c:\users\alena\desktop\7_sem\testing_and_debugging\skiresort\accesstodb.tests\bin\debug\net6.0\accesstodb.tests.dll" id="3c521313-4ed6-6bce-b4f9-c359411028e7">
      <Execution id="ca5e1a5a-60a0-4ba1-a910-61e0f9d28128" />
      <TestMethod codeBase="C:\Users\alena\Desktop\7_sem\testing_and_debugging\SkiResort\AccessToDB.Tests\bin\Debug\net6.0\AccessToDB.Tests.dll" adapterTypeName="executor://xunit/VsTestRunner2/netcoreapp" className="AccessToDB.Tests.TurnstilesRepositoryTests" name="TestGetTurnstilesAsyncEmpty" />
    </UnitTest>
    <UnitTest name="AccessToDB.Tests.TurnstilesRepositoryTests.TestGetTurnstileByIdAsyncOk(turnstile: Turnstile { TurnstileID = 68, LiftID = 35, IsOpen = True })" storage="c:\users\alena\desktop\7_sem\testing_and_debugging\skiresort\accesstodb.tests\bin\debug\net6.0\accesstodb.tests.dll" id="9538f5ac-401c-476c-713d-4f2a4c21f42a">
      <Execution id="62f5567c-5e8d-46ce-81aa-93b73dd3634c" />
      <TestMethod codeBase="C:\Users\alena\Desktop\7_sem\testing_and_debugging\SkiResort\AccessToDB.Tests\bin\Debug\net6.0\AccessToDB.Tests.dll" adapterTypeName="executor://xunit/VsTestRunner2/netcoreapp" className="AccessToDB.Tests.TurnstilesRepositoryTests" name="TestGetTurnstileByIdAsyncOk" />
    </UnitTest>
    <UnitTest name="AccessToDB.Tests.LiftsSlopesRepositoryTests.TestAddLiftSlopeAutoIncrementAsyncOk" storage="c:\users\alena\desktop\7_sem\testing_and_debugging\skiresort\accesstodb.tests\bin\debug\net6.0\accesstodb.tests.dll" id="30f8e924-9784-0a43-e807-094f70e06567">
      <Execution id="7d1d7856-d55c-433d-aef1-7cd4e5aff984" />
      <TestMethod codeBase="C:\Users\alena\Desktop\7_sem\testing_and_debugging\SkiResort\AccessToDB.Tests\bin\Debug\net6.0\AccessToDB.Tests.dll" adapterTypeName="executor://xunit/VsTestRunner2/netcoreapp" className="AccessToDB.Tests.LiftsSlopesRepositoryTests" name="TestAddLiftSlopeAutoIncrementAsyncOk" />
    </UnitTest>
    <UnitTest name="AccessToDB.Tests.LiftsSlopesRepositoryTests.TestGetLiftSlopeByIdAsyncOk(liftSlope: LiftSlope { RecordID = 147, LiftID = 50, SlopeID = 9 })" storage="c:\users\alena\desktop\7_sem\testing_and_debugging\skiresort\accesstodb.tests\bin\debug\net6.0\accesstodb.tests.dll" id="b859eb8c-9364-44cd-0ffc-cb96227af9ca">
      <Execution id="5eb09c70-9a94-41f6-a8a5-a4072b0ec2b0" />
      <TestMethod codeBase="C:\Users\alena\Desktop\7_sem\testing_and_debugging\SkiResort\AccessToDB.Tests\bin\Debug\net6.0\AccessToDB.Tests.dll" adapterTypeName="executor://xunit/VsTestRunner2/netcoreapp" className="AccessToDB.Tests.LiftsSlopesRepositoryTests" name="TestGetLiftSlopeByIdAsyncOk" />
    </UnitTest>
    <UnitTest name="AccessToDB.Tests.UsersRepositoryTests.TestCheckUserEmailExistsAsyncFalse(userEmail: &quot;userEmail2258ef16-13c9-479d-b541-a33ea5454676&quot;)" storage="c:\users\alena\desktop\7_sem\testing_and_debugging\skiresort\accesstodb.tests\bin\debug\net6.0\accesstodb.tests.dll" id="75a4bf88-a96e-f5dd-53aa-6f92a8d0e5de">
      <Execution id="8a5f2953-bd40-4b6b-9784-917659547b2c" />
      <TestMethod codeBase="C:\Users\alena\Desktop\7_sem\testing_and_debugging\SkiResort\AccessToDB.Tests\bin\Debug\net6.0\AccessToDB.Tests.dll" adapterTypeName="executor://xunit/VsTestRunner2/netcoreapp" className="AccessToDB.Tests.UsersRepositoryTests" name="TestCheckUserEmailExistsAsyncFalse" />
    </UnitTest>
    <UnitTest name="AccessToDB.Tests.TurnstilesRepositoryTests.TestDeleteTurnstileByIDAsyncFailsWhenIDNotExists(turnstileID: 4)" storage="c:\users\alena\desktop\7_sem\testing_and_debugging\skiresort\accesstodb.tests\bin\debug\net6.0\accesstodb.tests.dll" id="4e3b7ea8-b11a-6338-1316-5f4097012894">
      <Execution id="d790aa5f-c372-41da-88b0-5835e38c57e7" />
      <TestMethod codeBase="C:\Users\alena\Desktop\7_sem\testing_and_debugging\SkiResort\AccessToDB.Tests\bin\Debug\net6.0\AccessToDB.Tests.dll" adapterTypeName="executor://xunit/VsTestRunner2/netcoreapp" className="AccessToDB.Tests.TurnstilesRepositoryTests" name="TestDeleteTurnstileByIDAsyncFailsWhenIDNotExists" />
    </UnitTest>
    <UnitTest name="AccessToDB.Tests.LiftsRepositoryTests.TestGetLiftByIdAsyncOk(lift: Lift { LiftID = 217, LiftName = liftNamee25a7de1-0796-4cdb-9cc2-ce7f56ec8546, IsOpen = True, SeatsAmount = 220, LiftingTime = 95, QueueTime = 98, ConnectedSlopes =  })" storage="c:\users\alena\desktop\7_sem\testing_and_debugging\skiresort\accesstodb.tests\bin\debug\net6.0\accesstodb.tests.dll" id="da5dff90-9696-3291-31cf-98860a881413">
      <Execution id="70c82f24-b1dc-4822-8e46-8f717cd5f2aa" />
      <TestMethod codeBase="C:\Users\alena\Desktop\7_sem\testing_and_debugging\SkiResort\AccessToDB.Tests\bin\Debug\net6.0\AccessToDB.Tests.dll" adapterTypeName="executor://xunit/VsTestRunner2/netcoreapp" className="AccessToDB.Tests.LiftsRepositoryTests" name="TestGetLiftByIdAsyncOk" />
    </UnitTest>
    <UnitTest name="AccessToDB.Tests.SlopesRepositoryTests.TestUpdateSlopeByIDAsyncOk(slope: Slope { SlopeID = 212, SlopeName = slopeName4fd43e91-fa7f-4c4e-bbf6-d00c8e6e846a, IsOpen = True, DifficultyLevel = 72, ConnectedLifts =  })" storage="c:\users\alena\desktop\7_sem\testing_and_debugging\skiresort\accesstodb.tests\bin\debug\net6.0\accesstodb.tests.dll" id="16df7e60-7da5-033b-83db-f84bcdb9bb73">
      <Execution id="d2d19d56-60fe-4c79-bec8-b77680ebc6f4" />
      <TestMethod codeBase="C:\Users\alena\Desktop\7_sem\testing_and_debugging\SkiResort\AccessToDB.Tests\bin\Debug\net6.0\AccessToDB.Tests.dll" adapterTypeName="executor://xunit/VsTestRunner2/netcoreapp" className="AccessToDB.Tests.SlopesRepositoryTests" name="TestUpdateSlopeByIDAsyncOk" />
    </UnitTest>
    <UnitTest name="AccessToDB.Tests.LiftsSlopesRepositoryTests.TestDeleteLiftSlopesByIDsAsyncOk(liftSlope: LiftSlope { RecordID = 32, LiftID = 7, SlopeID = 220 })" storage="c:\users\alena\desktop\7_sem\testing_and_debugging\skiresort\accesstodb.tests\bin\debug\net6.0\accesstodb.tests.dll" id="4de96668-b315-4392-d0ff-a4b9d348212e">
      <Execution id="6733efa2-eb2d-4c1a-8bd7-6aedf028351e" />
      <TestMethod codeBase="C:\Users\alena\Desktop\7_sem\testing_and_debugging\SkiResort\AccessToDB.Tests\bin\Debug\net6.0\AccessToDB.Tests.dll" adapterTypeName="executor://xunit/VsTestRunner2/netcoreapp" className="AccessToDB.Tests.LiftsSlopesRepositoryTests" name="TestDeleteLiftSlopesByIDsAsyncOk" />
    </UnitTest>
    <UnitTest name="AccessToDB.Tests.UsersRepositoryTests.TestAddUserAsyncFailsWhenUserIdRepeats(user: User { UserID = 106, CardID = 152, UserEmail = UserEmail88ad4d46-dbf1-47de-8ee5-c02974927c94, Password = password03d339c5-34e0-4f22-8db8-17826d0db06d, Permissions = UNAUTHORIZED })" storage="c:\users\alena\desktop\7_sem\testing_and_debugging\skiresort\accesstodb.tests\bin\debug\net6.0\accesstodb.tests.dll" id="cfe09f94-2855-b90c-123a-7ea71be39ca2">
      <Execution id="e87852a7-5e66-4ef4-bdb6-7152c63e11ea" />
      <TestMethod codeBase="C:\Users\alena\Desktop\7_sem\testing_and_debugging\SkiResort\AccessToDB.Tests\bin\Debug\net6.0\AccessToDB.Tests.dll" adapterTypeName="executor://xunit/VsTestRunner2/netcoreapp" className="AccessToDB.Tests.UsersRepositoryTests" name="TestAddUserAsyncFailsWhenUserIdRepeats" />
    </UnitTest>
    <UnitTest name="AccessToDB.Tests.UsersRepositoryTests.TestGetUserByIdAsyncOk(user: User { UserID = 204, CardID = 117, UserEmail = UserEmail22a9f1d3-4c5e-454b-9274-db8275ae1628, Password = password2f83421f-4adc-4170-87f0-6b458abe4a5f, Permissions = UNAUTHORIZED })" storage="c:\users\alena\desktop\7_sem\testing_and_debugging\skiresort\accesstodb.tests\bin\debug\net6.0\accesstodb.tests.dll" id="f8f2aba3-9527-a879-998e-21a6cc8e87b5">
      <Execution id="d3e98078-df3d-4b66-9b2d-9b02a06f1247" />
      <TestMethod codeBase="C:\Users\alena\Desktop\7_sem\testing_and_debugging\SkiResort\AccessToDB.Tests\bin\Debug\net6.0\AccessToDB.Tests.dll" adapterTypeName="executor://xunit/VsTestRunner2/netcoreapp" className="AccessToDB.Tests.UsersRepositoryTests" name="TestGetUserByIdAsyncOk" />
    </UnitTest>
    <UnitTest name="AccessToDB.Tests.UsersRepositoryTests.TestAddUserAutoIncrementAsyncOk" storage="c:\users\alena\desktop\7_sem\testing_and_debugging\skiresort\accesstodb.tests\bin\debug\net6.0\accesstodb.tests.dll" id="e75bb6e2-88d9-af2a-a444-c4a9d67f0f0e">
      <Execution id="a1f76212-992f-4a88-a3ed-5c4b69e4b2a0" />
      <TestMethod codeBase="C:\Users\alena\Desktop\7_sem\testing_and_debugging\SkiResort\AccessToDB.Tests\bin\Debug\net6.0\AccessToDB.Tests.dll" adapterTypeName="executor://xunit/VsTestRunner2/netcoreapp" className="AccessToDB.Tests.UsersRepositoryTests" name="TestAddUserAutoIncrementAsyncOk" />
    </UnitTest>
    <UnitTest name="AccessToDB.Tests.SlopesRepositoryTests.TestAddSlopeAutoIncrementAsyncOk" storage="c:\users\alena\desktop\7_sem\testing_and_debugging\skiresort\accesstodb.tests\bin\debug\net6.0\accesstodb.tests.dll" id="8f7ba917-f771-0dc5-f9b9-465c34344b12">
      <Execution id="e369f5e7-73a1-4627-8f86-3b0d8faf5142" />
      <TestMethod codeBase="C:\Users\alena\Desktop\7_sem\testing_and_debugging\SkiResort\AccessToDB.Tests\bin\Debug\net6.0\AccessToDB.Tests.dll" adapterTypeName="executor://xunit/VsTestRunner2/netcoreapp" className="AccessToDB.Tests.SlopesRepositoryTests" name="TestAddSlopeAutoIncrementAsyncOk" />
    </UnitTest>
    <UnitTest name="AccessToDB.Tests.TurnstilesRepositoryTests.TestGetTurnstilesByLiftIdAsyncOk(liftID: 234)" storage="c:\users\alena\desktop\7_sem\testing_and_debugging\skiresort\accesstodb.tests\bin\debug\net6.0\accesstodb.tests.dll" id="5035e510-ba76-445a-2326-f7e055b8da66">
      <Execution id="41b903e9-86c9-43cc-aa77-c6189b2d77bb" />
      <TestMethod codeBase="C:\Users\alena\Desktop\7_sem\testing_and_debugging\SkiResort\AccessToDB.Tests\bin\Debug\net6.0\AccessToDB.Tests.dll" adapterTypeName="executor://xunit/VsTestRunner2/netcoreapp" className="AccessToDB.Tests.TurnstilesRepositoryTests" name="TestGetTurnstilesByLiftIdAsyncOk" />
    </UnitTest>
    <UnitTest name="AccessToDB.Tests.UsersRepositoryTests.TestGetUserByEmailAsyncFailsWhenEmailNotExists(email: &quot;email2488ac27-5295-400e-8b98-1f581fc47e7c&quot;)" storage="c:\users\alena\desktop\7_sem\testing_and_debugging\skiresort\accesstodb.tests\bin\debug\net6.0\accesstodb.tests.dll" id="5e60687b-2ad1-8701-b4d0-089365055e51">
      <Execution id="b6a7bcbc-3650-4aa7-8b5d-9d9f4e434046" />
      <TestMethod codeBase="C:\Users\alena\Desktop\7_sem\testing_and_debugging\SkiResort\AccessToDB.Tests\bin\Debug\net6.0\AccessToDB.Tests.dll" adapterTypeName="executor://xunit/VsTestRunner2/netcoreapp" className="AccessToDB.Tests.UsersRepositoryTests" name="TestGetUserByEmailAsyncFailsWhenEmailNotExists" />
    </UnitTest>
    <UnitTest name="AccessToDB.Tests.LiftsRepositoryTests.TestAddLiftAsyncFailsWhenLiftIdRepeats(lift: Lift { LiftID = 10, LiftName = liftName474cc92f-7685-4a7e-910f-d2029ca34312, IsOpen = True, SeatsAmount = 129, LiftingTime = 132, QueueTime = 9, ConnectedSlopes =  })" storage="c:\users\alena\desktop\7_sem\testing_and_debugging\skiresort\accesstodb.tests\bin\debug\net6.0\accesstodb.tests.dll" id="90ea6b99-99c0-1676-6c21-05b4562caba1">
      <Execution id="b93f740d-8c90-4e93-9a8d-44e0f72c8b8c" />
      <TestMethod codeBase="C:\Users\alena\Desktop\7_sem\testing_and_debugging\SkiResort\AccessToDB.Tests\bin\Debug\net6.0\AccessToDB.Tests.dll" adapterTypeName="executor://xunit/VsTestRunner2/netcoreapp" className="AccessToDB.Tests.LiftsRepositoryTests" name="TestAddLiftAsyncFailsWhenLiftIdRepeats" />
    </UnitTest>
    <UnitTest name="AccessToDB.Tests.UsersRepositoryTests.TestUpdateUserByIDAsyncOk(user: User { UserID = 143, CardID = 153, UserEmail = UserEmailefeb3425-c542-4b82-a692-61723e1deebb, Password = password3ccbdece-a698-4fba-b844-593175f3dff3, Permissions = UNAUTHORIZED })" storage="c:\users\alena\desktop\7_sem\testing_and_debugging\skiresort\accesstodb.tests\bin\debug\net6.0\accesstodb.tests.dll" id="8c0c87c4-bf3f-c9e9-d835-9af56371050a">
      <Execution id="94562a2b-b25b-45d1-9104-d790b0b08b63" />
      <TestMethod codeBase="C:\Users\alena\Desktop\7_sem\testing_and_debugging\SkiResort\AccessToDB.Tests\bin\Debug\net6.0\AccessToDB.Tests.dll" adapterTypeName="executor://xunit/VsTestRunner2/netcoreapp" className="AccessToDB.Tests.UsersRepositoryTests" name="TestUpdateUserByIDAsyncOk" />
    </UnitTest>
    <UnitTest name="AccessToDB.Tests.LiftsRepositoryTests.TestGetLiftsAsyncEmpty" storage="c:\users\alena\desktop\7_sem\testing_and_debugging\skiresort\accesstodb.tests\bin\debug\net6.0\accesstodb.tests.dll" id="607e8298-f113-be33-300e-15a343893443">
      <Execution id="723218e2-b2b0-4e55-8aaa-b67d45f94604" />
      <TestMethod codeBase="C:\Users\alena\Desktop\7_sem\testing_and_debugging\SkiResort\AccessToDB.Tests\bin\Debug\net6.0\AccessToDB.Tests.dll" adapterTypeName="executor://xunit/VsTestRunner2/netcoreapp" className="AccessToDB.Tests.LiftsRepositoryTests" name="TestGetLiftsAsyncEmpty" />
    </UnitTest>
    <UnitTest name="AccessToDB.Tests.LiftsSlopesRepositoryTests.TestUpdateLiftSlopeByIDAsyncOk(liftSlope: LiftSlope { RecordID = 228, LiftID = 218, SlopeID = 21 })" storage="c:\users\alena\desktop\7_sem\testing_and_debugging\skiresort\accesstodb.tests\bin\debug\net6.0\accesstodb.tests.dll" id="637c74df-d325-d6dd-f8fb-bec38d21367c">
      <Execution id="e9565fd6-940c-4da8-bd2c-b7765593c389" />
      <TestMethod codeBase="C:\Users\alena\Desktop\7_sem\testing_and_debugging\SkiResort\AccessToDB.Tests\bin\Debug\net6.0\AccessToDB.Tests.dll" adapterTypeName="executor://xunit/VsTestRunner2/netcoreapp" className="AccessToDB.Tests.LiftsSlopesRepositoryTests" name="TestUpdateLiftSlopeByIDAsyncOk" />
    </UnitTest>
    <UnitTest name="AccessToDB.Tests.TurnstilesRepositoryTests.TestUpdateTurnstileByIDAsyncOk(turnstile: Turnstile { TurnstileID = 126, LiftID = 14, IsOpen = True })" storage="c:\users\alena\desktop\7_sem\testing_and_debugging\skiresort\accesstodb.tests\bin\debug\net6.0\accesstodb.tests.dll" id="ed24d4c8-8e39-d7d0-e667-760f076fb23b">
      <Execution id="c3ff8a18-43a8-4454-86f1-6d6a2a7dcf37" />
      <TestMethod codeBase="C:\Users\alena\Desktop\7_sem\testing_and_debugging\SkiResort\AccessToDB.Tests\bin\Debug\net6.0\AccessToDB.Tests.dll" adapterTypeName="executor://xunit/VsTestRunner2/netcoreapp" className="AccessToDB.Tests.TurnstilesRepositoryTests" name="TestUpdateTurnstileByIDAsyncOk" />
    </UnitTest>
  </TestDefinitions>
  <TestEntries>
    <TestEntry testId="d655143e-ebe5-64e8-fac0-880d6becf1c2" executionId="51aa4519-4cb3-48d2-80cc-ed2696d59480" testListId="8c84fa94-04c1-424b-9868-57a2d4851a1d" />
    <TestEntry testId="28d61828-dbbf-43ee-c106-550a1eeeaa9b" executionId="e3909963-46a5-4a83-9cb8-3238ed287dc1" testListId="8c84fa94-04c1-424b-9868-57a2d4851a1d" />
    <TestEntry testId="30f8e924-9784-0a43-e807-094f70e06567" executionId="7d1d7856-d55c-433d-aef1-7cd4e5aff984" testListId="8c84fa94-04c1-424b-9868-57a2d4851a1d" />
    <TestEntry testId="4f651e1e-dd9f-58d6-7038-c908173eb7fa" executionId="5cc2afbb-df65-49f3-a54f-9873c618f2df" testListId="8c84fa94-04c1-424b-9868-57a2d4851a1d" />
    <TestEntry testId="8c0c87c4-bf3f-c9e9-d835-9af56371050a" executionId="94562a2b-b25b-45d1-9104-d790b0b08b63" testListId="8c84fa94-04c1-424b-9868-57a2d4851a1d" />
    <TestEntry testId="0001dc6f-741a-ece1-e491-401956aee908" executionId="0ec23baf-71d4-4366-af19-cb843679821e" testListId="8c84fa94-04c1-424b-9868-57a2d4851a1d" />
    <TestEntry testId="c76437f0-97b0-3a89-709e-81601cfea6af" executionId="61f49326-239f-41b0-91c4-a957bd015879" testListId="8c84fa94-04c1-424b-9868-57a2d4851a1d" />
    <TestEntry testId="5035e510-ba76-445a-2326-f7e055b8da66" executionId="41b903e9-86c9-43cc-aa77-c6189b2d77bb" testListId="8c84fa94-04c1-424b-9868-57a2d4851a1d" />
    <TestEntry testId="4e3b7ea8-b11a-6338-1316-5f4097012894" executionId="d790aa5f-c372-41da-88b0-5835e38c57e7" testListId="8c84fa94-04c1-424b-9868-57a2d4851a1d" />
    <TestEntry testId="cfceae31-c319-94b9-4631-de55e677b6de" executionId="1d38a8f2-aa2a-48bd-b2d0-f4fae0f68435" testListId="8c84fa94-04c1-424b-9868-57a2d4851a1d" />
    <TestEntry testId="0a4bd2b8-56ca-c66c-54fc-1e4367a807d6" executionId="60ff9868-1db8-494f-9bff-b00e5afeca7e" testListId="8c84fa94-04c1-424b-9868-57a2d4851a1d" />
    <TestEntry testId="3d1fa2e6-c893-2fbf-e608-ef9e884a32db" executionId="13279f87-3e45-422d-8586-ba3013119b0a" testListId="8c84fa94-04c1-424b-9868-57a2d4851a1d" />
    <TestEntry testId="8c858329-07b5-62cc-2dd0-63a3f20171bc" executionId="1adc99ed-be17-4507-9b77-31af06c7ff2b" testListId="8c84fa94-04c1-424b-9868-57a2d4851a1d" />
    <TestEntry testId="4de96668-b315-4392-d0ff-a4b9d348212e" executionId="6733efa2-eb2d-4c1a-8bd7-6aedf028351e" testListId="8c84fa94-04c1-424b-9868-57a2d4851a1d" />
    <TestEntry testId="b859eb8c-9364-44cd-0ffc-cb96227af9ca" executionId="5eb09c70-9a94-41f6-a8a5-a4072b0ec2b0" testListId="8c84fa94-04c1-424b-9868-57a2d4851a1d" />
    <TestEntry testId="9bbefb83-8311-6e03-307f-415e3495e223" executionId="76ef56bd-d773-4cca-818e-5635ddd38c7e" testListId="8c84fa94-04c1-424b-9868-57a2d4851a1d" />
    <TestEntry testId="ec229f70-485a-f91b-53ed-bce655f6cd58" executionId="4a023f57-8e6a-4fe4-a042-98af8db676ea" testListId="8c84fa94-04c1-424b-9868-57a2d4851a1d" />
    <TestEntry testId="3c521313-4ed6-6bce-b4f9-c359411028e7" executionId="ca5e1a5a-60a0-4ba1-a910-61e0f9d28128" testListId="8c84fa94-04c1-424b-9868-57a2d4851a1d" />
    <TestEntry testId="3a615759-67af-da46-b2c5-7adaf0bc84ec" executionId="7a1446be-cb71-44b5-820b-bd7859d0cb50" testListId="8c84fa94-04c1-424b-9868-57a2d4851a1d" />
    <TestEntry testId="637c74df-d325-d6dd-f8fb-bec38d21367c" executionId="e9565fd6-940c-4da8-bd2c-b7765593c389" testListId="8c84fa94-04c1-424b-9868-57a2d4851a1d" />
    <TestEntry testId="cfe09f94-2855-b90c-123a-7ea71be39ca2" executionId="e87852a7-5e66-4ef4-bdb6-7152c63e11ea" testListId="8c84fa94-04c1-424b-9868-57a2d4851a1d" />
    <TestEntry testId="75a4bf88-a96e-f5dd-53aa-6f92a8d0e5de" executionId="8a5f2953-bd40-4b6b-9784-917659547b2c" testListId="8c84fa94-04c1-424b-9868-57a2d4851a1d" />
    <TestEntry testId="4145f44e-b4b1-a618-09e8-c631496e6f1a" executionId="48dff1f4-4ac6-477b-bd89-a654be75f84b" testListId="8c84fa94-04c1-424b-9868-57a2d4851a1d" />
    <TestEntry testId="607e8298-f113-be33-300e-15a343893443" executionId="723218e2-b2b0-4e55-8aaa-b67d45f94604" testListId="8c84fa94-04c1-424b-9868-57a2d4851a1d" />
    <TestEntry testId="16df7e60-7da5-033b-83db-f84bcdb9bb73" executionId="d2d19d56-60fe-4c79-bec8-b77680ebc6f4" testListId="8c84fa94-04c1-424b-9868-57a2d4851a1d" />
    <TestEntry testId="f9435956-2e34-e52b-c34e-dce53665cf8e" executionId="a9dda604-7981-474a-bd6d-41f988619a68" testListId="8c84fa94-04c1-424b-9868-57a2d4851a1d" />
    <TestEntry testId="f8f2aba3-9527-a879-998e-21a6cc8e87b5" executionId="d3e98078-df3d-4b66-9b2d-9b02a06f1247" testListId="8c84fa94-04c1-424b-9868-57a2d4851a1d" />
    <TestEntry testId="da5dff90-9696-3291-31cf-98860a881413" executionId="70c82f24-b1dc-4822-8e46-8f717cd5f2aa" testListId="8c84fa94-04c1-424b-9868-57a2d4851a1d" />
    <TestEntry testId="e3de247c-353c-b229-0c82-f14b430dc419" executionId="acee30b3-fd04-45f9-a025-c325c2d8614b" testListId="8c84fa94-04c1-424b-9868-57a2d4851a1d" />
    <TestEntry testId="90ea6b99-99c0-1676-6c21-05b4562caba1" executionId="b93f740d-8c90-4e93-9a8d-44e0f72c8b8c" testListId="8c84fa94-04c1-424b-9868-57a2d4851a1d" />
    <TestEntry testId="9538f5ac-401c-476c-713d-4f2a4c21f42a" executionId="62f5567c-5e8d-46ce-81aa-93b73dd3634c" testListId="8c84fa94-04c1-424b-9868-57a2d4851a1d" />
    <TestEntry testId="5e60687b-2ad1-8701-b4d0-089365055e51" executionId="b6a7bcbc-3650-4aa7-8b5d-9d9f4e434046" testListId="8c84fa94-04c1-424b-9868-57a2d4851a1d" />
    <TestEntry testId="d3642d01-d302-5795-999e-d1a0a894f846" executionId="824cf757-d54c-46ca-959b-518c9cdd70e7" testListId="8c84fa94-04c1-424b-9868-57a2d4851a1d" />
    <TestEntry testId="79d76d80-9ad3-666b-0c51-9192357054e8" executionId="04d7c10d-f981-4977-8c0b-254489ec75a5" testListId="8c84fa94-04c1-424b-9868-57a2d4851a1d" />
    <TestEntry testId="3741b26d-6ee0-6246-29e4-92009bff37b0" executionId="b3a4d258-1799-42c2-803c-cc12575353e7" testListId="8c84fa94-04c1-424b-9868-57a2d4851a1d" />
    <TestEntry testId="5cecb38b-a4ef-cb98-ed87-48bb9e70ab49" executionId="2644d9de-93a8-4c76-900a-2263a2530b0f" testListId="8c84fa94-04c1-424b-9868-57a2d4851a1d" />
    <TestEntry testId="ed24d4c8-8e39-d7d0-e667-760f076fb23b" executionId="c3ff8a18-43a8-4454-86f1-6d6a2a7dcf37" testListId="8c84fa94-04c1-424b-9868-57a2d4851a1d" />
    <TestEntry testId="8f7ba917-f771-0dc5-f9b9-465c34344b12" executionId="e369f5e7-73a1-4627-8f86-3b0d8faf5142" testListId="8c84fa94-04c1-424b-9868-57a2d4851a1d" />
    <TestEntry testId="e75bb6e2-88d9-af2a-a444-c4a9d67f0f0e" executionId="a1f76212-992f-4a88-a3ed-5c4b69e4b2a0" testListId="8c84fa94-04c1-424b-9868-57a2d4851a1d" />
  </TestEntries>
  <TestLists>
    <TestList name="Список результатов" id="8c84fa94-04c1-424b-9868-57a2d4851a1d" />
    <TestList name="Все загруженные результаты" id="19431567-8539-422a-85d7-44ee4e166bda" />
  </TestLists>
  <ResultSummary outcome="Completed">
    <Counters total="39" executed="39" passed="39" failed="0" error="0" timeout="0" aborted="0" inconclusive="0" passedButRunAborted="0" notRunnable="0" notExecuted="0" disconnected="0" warning="0" completed="0" inProgress="0" pending="0" />
    <Output>
      <StdOut>[xUnit.net 00:00:00.00] xUnit.net VSTest Adapter v2.4.5+1caef2f33e (64-bit .NET 6.0.3)&#xD;
[xUnit.net 00:00:00.48]   Discovering: AccessToDB.Tests&#xD;
[xUnit.net 00:00:00.59]   Discovered:  AccessToDB.Tests&#xD;
[xUnit.net 00:00:00.59]   Starting:    AccessToDB.Tests&#xD;
[xUnit.net 00:01:03.58]   Finished:    AccessToDB.Tests&#xD;
</StdOut>
    </Output>
  </ResultSummary>
</TestRun>