<?xml version="1.0" encoding="utf-8"?>
<TestRun id="4a3cc4f9-4f33-492d-9005-c04dab888114" name="alena@DESKTOP-TJ9D65N 2022-10-16 16:17:10" runUser="DESKTOP-TJ9D65N\alena" xmlns="http://microsoft.com/schemas/VisualStudio/TeamTest/2010">
  <Times creation="2022-10-16T16:17:10.1092455+03:00" queuing="2022-10-16T16:17:10.1092458+03:00" start="2022-10-16T16:17:06.1341330+03:00" finish="2022-10-16T16:17:32.1656269+03:00" />
  <TestSettings name="default" id="26b3ed19-91e9-48ad-85f5-13b740d2a745">
    <Deployment runDeploymentRoot="alena_DESKTOP-TJ9D65N_2022-10-16_16_17_10" />
  </TestSettings>
  <Results>
    <UnitTestResult executionId="46470f41-9e66-4e1d-8adc-82e30c7921c5" testId="ec229f70-485a-f91b-53ed-bce655f6cd58" testName="AccessToDB.Tests.LiftsRepositoryTests.TestAddLiftAutoIncrementAsyncOk" computerName="DESKTOP-TJ9D65N" duration="00:00:00.6169325" startTime="2022-10-16T16:17:29.1398158+03:00" endTime="2022-10-16T16:17:29.1398158+03:00" testType="13cdc9d9-ddb5-4fa4-a97d-d965ccfc6d4b" outcome="Passed" testListId="8c84fa94-04c1-424b-9868-57a2d4851a1d" relativeResultsDirectory="46470f41-9e66-4e1d-8adc-82e30c7921c5" />
    <UnitTestResult executionId="f0356e1d-776b-4803-ac41-33f2e94731a9" testId="17df37ec-6c29-02d2-5da8-9d11fb9ccedd" testName="AccessToDB.Tests.SlopesRepositoryTests.TestUpdateSlopeByIDAsyncOk(slope: Slope { SlopeID = 54, SlopeName = slopeNameb8e6661c-a195-4e9f-b127-656f9805644a, IsOpen = True, DifficultyLevel = 102, ConnectedLifts =  })" computerName="DESKTOP-TJ9D65N" duration="00:00:00.6187489" startTime="2022-10-16T16:17:27.9041447+03:00" endTime="2022-10-16T16:17:27.9041449+03:00" testType="13cdc9d9-ddb5-4fa4-a97d-d965ccfc6d4b" outcome="Passed" testListId="8c84fa94-04c1-424b-9868-57a2d4851a1d" relativeResultsDirectory="f0356e1d-776b-4803-ac41-33f2e94731a9" />
    <UnitTestResult executionId="4323c547-723f-4484-ae1d-799450f43662" testId="8f7ba917-f771-0dc5-f9b9-465c34344b12" testName="AccessToDB.Tests.SlopesRepositoryTests.TestAddSlopeAutoIncrementAsyncOk" computerName="DESKTOP-TJ9D65N" duration="00:00:00.6170447" startTime="2022-10-16T16:17:26.1375717+03:00" endTime="2022-10-16T16:17:26.1375718+03:00" testType="13cdc9d9-ddb5-4fa4-a97d-d965ccfc6d4b" outcome="Passed" testListId="8c84fa94-04c1-424b-9868-57a2d4851a1d" relativeResultsDirectory="4323c547-723f-4484-ae1d-799450f43662" />
    <UnitTestResult executionId="42f9a848-f880-4a2a-8b9a-5876f485ac26" testId="4423a4fd-6f5b-0435-5dca-632d89891db7" testName="AccessToDB.Tests.SlopesRepositoryTests.TestGetSlopeByNameAsyncFailsWhenNameNotExists(slopeName: &quot;slopeName731cafce-f2ac-4b4f-9199-b6cf26846eb4&quot;)" computerName="DESKTOP-TJ9D65N" duration="00:00:00.5710679" startTime="2022-10-16T16:17:25.5176126+03:00" endTime="2022-10-16T16:17:25.5176127+03:00" testType="13cdc9d9-ddb5-4fa4-a97d-d965ccfc6d4b" outcome="Passed" testListId="8c84fa94-04c1-424b-9868-57a2d4851a1d" relativeResultsDirectory="42f9a848-f880-4a2a-8b9a-5876f485ac26" />
    <UnitTestResult executionId="f3c24962-de04-427e-ad4a-2aee726fab0e" testId="d1ac1320-d6b4-94f9-e65a-5819f7a38a7f" testName="AccessToDB.Tests.LiftsRepositoryTests.TestGetLiftByNameAsyncFailsWhenNameNotExists(liftName: &quot;liftNameacd01409-1aa4-4671-bf44-af58bd67c099&quot;)" computerName="DESKTOP-TJ9D65N" duration="00:00:00.5697758" startTime="2022-10-16T16:17:30.9010986+03:00" endTime="2022-10-16T16:17:30.9010987+03:00" testType="13cdc9d9-ddb5-4fa4-a97d-d965ccfc6d4b" outcome="Passed" testListId="8c84fa94-04c1-424b-9868-57a2d4851a1d" relativeResultsDirectory="f3c24962-de04-427e-ad4a-2aee726fab0e" />
    <UnitTestResult executionId="f421672b-e180-4528-90d0-8e5713c4f471" testId="3741b26d-6ee0-6246-29e4-92009bff37b0" testName="AccessToDB.Tests.UsersRepositoryTests.TestGetUsersAsyncEmpty" computerName="DESKTOP-TJ9D65N" duration="00:00:00.6169593" startTime="2022-10-16T16:17:18.9216282+03:00" endTime="2022-10-16T16:17:18.9216283+03:00" testType="13cdc9d9-ddb5-4fa4-a97d-d965ccfc6d4b" outcome="Passed" testListId="8c84fa94-04c1-424b-9868-57a2d4851a1d" relativeResultsDirectory="f421672b-e180-4528-90d0-8e5713c4f471" />
    <UnitTestResult executionId="065fda7b-38ce-4184-8943-f0d90cae8159" testId="e90fb442-fe4c-9738-5826-ef6b26f6ef68" testName="AccessToDB.Tests.LiftsRepositoryTests.TestAddLiftAsyncFailsWhenLiftIdRepeats(lift: Lift { LiftID = 84, LiftName = liftName785f495b-df0a-4ab5-b30c-5079c521fe75, IsOpen = True, SeatsAmount = 57, LiftingTime = 4, QueueTime = 251, ConnectedSlopes =  })" computerName="DESKTOP-TJ9D65N" duration="00:00:00.6162313" startTime="2022-10-16T16:17:32.0872006+03:00" endTime="2022-10-16T16:17:32.0872007+03:00" testType="13cdc9d9-ddb5-4fa4-a97d-d965ccfc6d4b" outcome="Passed" testListId="8c84fa94-04c1-424b-9868-57a2d4851a1d" relativeResultsDirectory="065fda7b-38ce-4184-8943-f0d90cae8159" />
    <UnitTestResult executionId="53cf9b27-2ec9-4726-9be3-9b27b42e7c7a" testId="f9435956-2e34-e52b-c34e-dce53665cf8e" testName="AccessToDB.Tests.TurnstilesRepositoryTests.TestAddTurnstileAutoIncrementAsyncOk" computerName="DESKTOP-TJ9D65N" duration="00:00:00.6141328" startTime="2022-10-16T16:17:11.5308039+03:00" endTime="2022-10-16T16:17:11.5308040+03:00" testType="13cdc9d9-ddb5-4fa4-a97d-d965ccfc6d4b" outcome="Passed" testListId="8c84fa94-04c1-424b-9868-57a2d4851a1d" relativeResultsDirectory="53cf9b27-2ec9-4726-9be3-9b27b42e7c7a" />
    <UnitTestResult executionId="f5402c10-ac21-430f-9db1-215f2ad458a7" testId="3784d63b-fe2b-ae0a-de2f-11cdfb252de6" testName="AccessToDB.Tests.UsersRepositoryTests.TestCheckUserEmailExistsAsyncFalse(userEmail: &quot;userEmailb338a911-f8fa-4a04-9fcb-6f37aa070f30&quot;)" computerName="DESKTOP-TJ9D65N" duration="00:00:00.5600425" startTime="2022-10-16T16:17:21.2920499+03:00" endTime="2022-10-16T16:17:21.2920500+03:00" testType="13cdc9d9-ddb5-4fa4-a97d-d965ccfc6d4b" outcome="Passed" testListId="8c84fa94-04c1-424b-9868-57a2d4851a1d" relativeResultsDirectory="f5402c10-ac21-430f-9db1-215f2ad458a7" />
    <UnitTestResult executionId="de075b97-60a3-475a-9933-f02c8c9e0a7b" testId="e75bb6e2-88d9-af2a-a444-c4a9d67f0f0e" testName="AccessToDB.Tests.UsersRepositoryTests.TestAddUserAutoIncrementAsyncOk" computerName="DESKTOP-TJ9D65N" duration="00:00:00.6326095" startTime="2022-10-16T16:17:23.7186680+03:00" endTime="2022-10-16T16:17:23.7186682+03:00" testType="13cdc9d9-ddb5-4fa4-a97d-d965ccfc6d4b" outcome="Passed" testListId="8c84fa94-04c1-424b-9868-57a2d4851a1d" relativeResultsDirectory="de075b97-60a3-475a-9933-f02c8c9e0a7b" />
    <UnitTestResult executionId="ffaa95d7-4c61-4b94-8335-34dff19a8aa2" testId="9fde1690-1eda-3074-b632-2f5137f0954e" testName="AccessToDB.Tests.UsersRepositoryTests.TestCheckUserIdExistsAsyncTrue(user: User { UserID = 202, CardID = 206, UserEmail = UserEmail2ed840ca-4bc7-4699-afe2-515442463f13, Password = password11cbe148-e1cc-438f-a6c2-ee25327f05de, Permissions = UNAUTHORIZED })" computerName="DESKTOP-TJ9D65N" duration="00:00:00.6021765" startTime="2022-10-16T16:17:20.7256348+03:00" endTime="2022-10-16T16:17:20.7256350+03:00" testType="13cdc9d9-ddb5-4fa4-a97d-d965ccfc6d4b" outcome="Passed" testListId="8c84fa94-04c1-424b-9868-57a2d4851a1d" relativeResultsDirectory="ffaa95d7-4c61-4b94-8335-34dff19a8aa2" />
    <UnitTestResult executionId="a8644a6d-aeeb-4073-8e3b-411e89d30be8" testId="42004427-9563-eb23-aa13-7d8c782190b6" testName="AccessToDB.Tests.LiftsRepositoryTests.TestDeleteLiftByIDAsyncFailsWhenIDNotExists(liftID: 204)" computerName="DESKTOP-TJ9D65N" duration="00:00:00.5672640" startTime="2022-10-16T16:17:30.3280914+03:00" endTime="2022-10-16T16:17:30.3280915+03:00" testType="13cdc9d9-ddb5-4fa4-a97d-d965ccfc6d4b" outcome="Passed" testListId="8c84fa94-04c1-424b-9868-57a2d4851a1d" relativeResultsDirectory="a8644a6d-aeeb-4073-8e3b-411e89d30be8" />
    <UnitTestResult executionId="3b5c50f9-a4f0-4cc6-89d8-3d78f688c8cb" testId="353f6452-8cf2-634f-6d69-e97788f5113c" testName="AccessToDB.Tests.LiftsSlopesRepositoryTests.TestDeleteLiftSlopeByIDAsyncFailsWhenIDNotExists(liftSlopeID: 177)" computerName="DESKTOP-TJ9D65N" duration="00:00:00.5699823" startTime="2022-10-16T16:17:13.9557923+03:00" endTime="2022-10-16T16:17:13.9557924+03:00" testType="13cdc9d9-ddb5-4fa4-a97d-d965ccfc6d4b" outcome="Passed" testListId="8c84fa94-04c1-424b-9868-57a2d4851a1d" relativeResultsDirectory="3b5c50f9-a4f0-4cc6-89d8-3d78f688c8cb" />
    <UnitTestResult executionId="1ba7cbfc-0bf4-49a3-82ac-ffec9dffaecb" testId="b9ff4c6f-d8b8-09b0-87dd-e0fb10468510" testName="AccessToDB.Tests.LiftsSlopesRepositoryTests.TestAddLiftSlopeAsyncFailsWhenLiftSlopeIdRepeats(liftSlope: LiftSlope { RecordID = 113, LiftID = 58, SlopeID = 234 })" computerName="DESKTOP-TJ9D65N" duration="00:00:00.5996003" startTime="2022-10-16T16:17:13.3827519+03:00" endTime="2022-10-16T16:17:13.3827520+03:00" testType="13cdc9d9-ddb5-4fa4-a97d-d965ccfc6d4b" outcome="Passed" testListId="8c84fa94-04c1-424b-9868-57a2d4851a1d" relativeResultsDirectory="1ba7cbfc-0bf4-49a3-82ac-ffec9dffaecb" />
    <UnitTestResult executionId="62ee3f38-4e3d-4667-9bc3-2abf8d6b0521" testId="3c521313-4ed6-6bce-b4f9-c359411028e7" testName="AccessToDB.Tests.TurnstilesRepositoryTests.TestGetTurnstilesAsyncEmpty" computerName="DESKTOP-TJ9D65N" duration="00:00:00.5703866" startTime="2022-10-16T16:17:10.9135535+03:00" endTime="2022-10-16T16:17:10.9135537+03:00" testType="13cdc9d9-ddb5-4fa4-a97d-d965ccfc6d4b" outcome="Passed" testListId="8c84fa94-04c1-424b-9868-57a2d4851a1d" relativeResultsDirectory="62ee3f38-4e3d-4667-9bc3-2abf8d6b0521" />
    <UnitTestResult executionId="cd953d04-eee3-409c-8338-7b9b655a1b68" testId="bd1a2eda-95cc-0c85-9de0-5ac7e2c89286" testName="AccessToDB.Tests.TurnstilesRepositoryTests.TestUpdateTurnstileByIDAsyncOk(turnstile: Turnstile { TurnstileID = 17, LiftID = 165, IsOpen = True })" computerName="DESKTOP-TJ9D65N" duration="00:00:00.6146853" startTime="2022-10-16T16:17:12.7674972+03:00" endTime="2022-10-16T16:17:12.7674973+03:00" testType="13cdc9d9-ddb5-4fa4-a97d-d965ccfc6d4b" outcome="Passed" testListId="8c84fa94-04c1-424b-9868-57a2d4851a1d" relativeResultsDirectory="cd953d04-eee3-409c-8338-7b9b655a1b68" />
    <UnitTestResult executionId="9f55a84f-902d-469f-971c-d2b495a7c4c9" testId="83994f6f-cfe1-d2a5-af06-0c0eec264be2" testName="AccessToDB.Tests.LiftsSlopesRepositoryTests.TestGetLiftSlopeByIdAsyncOk(liftSlope: LiftSlope { RecordID = 220, LiftID = 180, SlopeID = 217 })" computerName="DESKTOP-TJ9D65N" duration="00:00:00.6019350" startTime="2022-10-16T16:17:15.2244891+03:00" endTime="2022-10-16T16:17:15.2244894+03:00" testType="13cdc9d9-ddb5-4fa4-a97d-d965ccfc6d4b" outcome="Passed" testListId="8c84fa94-04c1-424b-9868-57a2d4851a1d" relativeResultsDirectory="9f55a84f-902d-469f-971c-d2b495a7c4c9" />
    <UnitTestResult executionId="fee44a24-6b6a-4ff2-808a-78197eb58b83" testId="eb6e4531-df08-e25e-e13d-153a63a6836a" testName="AccessToDB.Tests.TurnstilesRepositoryTests.TestGetTurnstilesByLiftIdAsyncOk(liftID: 210)" computerName="DESKTOP-TJ9D65N" duration="00:00:00.7531911" startTime="2022-10-16T16:17:09.7341559+03:00" endTime="2022-10-16T16:17:09.7341562+03:00" testType="13cdc9d9-ddb5-4fa4-a97d-d965ccfc6d4b" outcome="Passed" testListId="8c84fa94-04c1-424b-9868-57a2d4851a1d" relativeResultsDirectory="fee44a24-6b6a-4ff2-808a-78197eb58b83" />
    <UnitTestResult executionId="15693502-9b65-4da5-a36e-0665e5a5e787" testId="9bbefb83-8311-6e03-307f-415e3495e223" testName="AccessToDB.Tests.SlopesRepositoryTests.TestGetSlopesAsyncEmpty" computerName="DESKTOP-TJ9D65N" duration="00:00:00.5667240" startTime="2022-10-16T16:17:26.7075956+03:00" endTime="2022-10-16T16:17:26.7075957+03:00" testType="13cdc9d9-ddb5-4fa4-a97d-d965ccfc6d4b" outcome="Passed" testListId="8c84fa94-04c1-424b-9868-57a2d4851a1d" relativeResultsDirectory="15693502-9b65-4da5-a36e-0665e5a5e787" />
    <UnitTestResult executionId="6a0b273c-b296-4d32-a0b9-4078c933795a" testId="e3c4099d-a01e-dece-8579-29b0bccdae88" testName="AccessToDB.Tests.UsersRepositoryTests.TestDeleteUserByIDAsyncFailsWhenIDNotExists(userID: 31)" computerName="DESKTOP-TJ9D65N" duration="00:00:00.5725387" startTime="2022-10-16T16:17:20.1205227+03:00" endTime="2022-10-16T16:17:20.1205228+03:00" testType="13cdc9d9-ddb5-4fa4-a97d-d965ccfc6d4b" outcome="Passed" testListId="8c84fa94-04c1-424b-9868-57a2d4851a1d" relativeResultsDirectory="6a0b273c-b296-4d32-a0b9-4078c933795a" />
    <UnitTestResult executionId="633b820d-0042-4779-bb3b-69225a42e98c" testId="6258373c-a5b4-3d28-75bc-0e50905d5099" testName="AccessToDB.Tests.UsersRepositoryTests.TestGetUserByEmailAsyncFailsWhenEmailNotExists(email: &quot;emailfd2a78a4-e532-44e0-a864-0c683dd850cc&quot;)" computerName="DESKTOP-TJ9D65N" duration="00:00:00.5687711" startTime="2022-10-16T16:17:23.0827527+03:00" endTime="2022-10-16T16:17:23.0827527+03:00" testType="13cdc9d9-ddb5-4fa4-a97d-d965ccfc6d4b" outcome="Passed" testListId="8c84fa94-04c1-424b-9868-57a2d4851a1d" relativeResultsDirectory="633b820d-0042-4779-bb3b-69225a42e98c" />
    <UnitTestResult executionId="5b453a9f-891c-446e-8678-baa6c77cfda0" testId="9a26db14-ddcc-81c9-1c74-3b6e6b51f49f" testName="AccessToDB.Tests.LiftsSlopesRepositoryTests.TestGetLiftsBySlopeIdAsyncOk(slope1: Slope { SlopeID = 87, SlopeName = slopeName35b3292c-17ea-49fd-a836-9c9b9c2c43a2, IsOpen = True, DifficultyLevel = 194, ConnectedLifts =  }, slope2: Slope { SlopeID = 220, SlopeName = slopeName5e7c13af-7315-485b-9a5d-28a1a5048d36, IsOpen = False, DifficultyLevel = 247, ConnectedLifts =  }, lift1: Lift { LiftID = 123, LiftName = liftName9d0dd070-9717-4808-ace4-6c4cf9f5d245, IsOpen = True, SeatsAmount = 163, LiftingTime = 115, QueueTime = 15, ConnectedSlopes =  }, lift2: Lift { LiftID = 91, LiftName = liftNamee7650655-5780-459b-8dc6-fdd2b4fdd86b, IsOpen = False, SeatsAmount = 12, LiftingTime = 158, QueueTime = 54, ConnectedSlopes =  })" computerName="DESKTOP-TJ9D65N" duration="00:00:00.6597853" startTime="2022-10-16T16:17:14.6188434+03:00" endTime="2022-10-16T16:17:14.6188435+03:00" testType="13cdc9d9-ddb5-4fa4-a97d-d965ccfc6d4b" outcome="Passed" testListId="8c84fa94-04c1-424b-9868-57a2d4851a1d" relativeResultsDirectory="5b453a9f-891c-446e-8678-baa6c77cfda0" />
    <UnitTestResult executionId="707024aa-5739-4d55-baa1-8c1909072b2d" testId="41293e2b-5258-a478-f95d-86ac1192a405" testName="AccessToDB.Tests.LiftsRepositoryTests.TestGetLiftByIdAsyncOk(lift: Lift { LiftID = 8, LiftName = liftName6399c398-ec9a-4c59-82ec-93d2851153cf, IsOpen = True, SeatsAmount = 226, LiftingTime = 182, QueueTime = 186, ConnectedSlopes =  })" computerName="DESKTOP-TJ9D65N" duration="00:00:00.6125050" startTime="2022-10-16T16:17:28.5198313+03:00" endTime="2022-10-16T16:17:28.5198314+03:00" testType="13cdc9d9-ddb5-4fa4-a97d-d965ccfc6d4b" outcome="Passed" testListId="8c84fa94-04c1-424b-9868-57a2d4851a1d" relativeResultsDirectory="707024aa-5739-4d55-baa1-8c1909072b2d" />
    <UnitTestResult executionId="386c3dbc-d63e-42aa-8dc3-31097555eee3" testId="d574bd74-7e8e-37d7-2ff6-67978c98fa60" testName="AccessToDB.Tests.SlopesRepositoryTests.TestGetSlopeByIdAsyncOk(slope: Slope { SlopeID = 178, SlopeName = slopeName199a768b-178d-4c9e-b1e3-c2407d453ba5, IsOpen = True, DifficultyLevel = 182, ConnectedLifts =  })" computerName="DESKTOP-TJ9D65N" duration="00:00:00.6001374" startTime="2022-10-16T16:17:24.9434647+03:00" endTime="2022-10-16T16:17:24.9434648+03:00" testType="13cdc9d9-ddb5-4fa4-a97d-d965ccfc6d4b" outcome="Passed" testListId="8c84fa94-04c1-424b-9868-57a2d4851a1d" relativeResultsDirectory="386c3dbc-d63e-42aa-8dc3-31097555eee3" />
    <UnitTestResult executionId="9a79b622-1735-4cee-abd5-e8e903a53743" testId="30f8e924-9784-0a43-e807-094f70e06567" testName="AccessToDB.Tests.LiftsSlopesRepositoryTests.TestAddLiftSlopeAutoIncrementAsyncOk" computerName="DESKTOP-TJ9D65N" duration="00:00:00.6137186" startTime="2022-10-16T16:17:16.4591427+03:00" endTime="2022-10-16T16:17:16.4591430+03:00" testType="13cdc9d9-ddb5-4fa4-a97d-d965ccfc6d4b" outcome="Passed" testListId="8c84fa94-04c1-424b-9868-57a2d4851a1d" relativeResultsDirectory="9a79b622-1735-4cee-abd5-e8e903a53743" />
    <UnitTestResult executionId="64b729bf-8d36-4f85-842b-1af2bba8b8d0" testId="9ae5727f-4717-7795-a001-913a17315ef9" testName="AccessToDB.Tests.TurnstilesRepositoryTests.TestAddTurnstileAsyncFailsWhenTurnstileIdRepeats(turnstile: Turnstile { TurnstileID = 196, LiftID = 234, IsOpen = True })" computerName="DESKTOP-TJ9D65N" duration="00:00:00.6155391" startTime="2022-10-16T16:17:12.1494519+03:00" endTime="2022-10-16T16:17:12.1494519+03:00" testType="13cdc9d9-ddb5-4fa4-a97d-d965ccfc6d4b" outcome="Passed" testListId="8c84fa94-04c1-424b-9868-57a2d4851a1d" relativeResultsDirectory="64b729bf-8d36-4f85-842b-1af2bba8b8d0" />
    <UnitTestResult executionId="d99d7415-279b-4c9d-a8ce-97e4cccda326" testId="7439a320-fc80-f694-a0c7-11607e9fd009" testName="AccessToDB.Tests.TurnstilesRepositoryTests.TestDeleteTurnstileByIDAsyncFailsWhenIDNotExists(turnstileID: 177)" computerName="DESKTOP-TJ9D65N" duration="00:00:00.6584021" startTime="2022-10-16T16:17:08.9570492+03:00" endTime="2022-10-16T16:17:08.9570909+03:00" testType="13cdc9d9-ddb5-4fa4-a97d-d965ccfc6d4b" outcome="Passed" testListId="8c84fa94-04c1-424b-9868-57a2d4851a1d" relativeResultsDirectory="d99d7415-279b-4c9d-a8ce-97e4cccda326" />
    <UnitTestResult executionId="bdbd7151-1a87-4c7a-9181-6ecea4e1f210" testId="2018610a-9287-6f10-2d87-35e156c1c279" testName="AccessToDB.Tests.LiftsSlopesRepositoryTests.TestDeleteLiftSlopesByIDsAsyncOk(liftSlope: LiftSlope { RecordID = 15, LiftID = 143, SlopeID = 65 })" computerName="DESKTOP-TJ9D65N" duration="00:00:00.6138946" startTime="2022-10-16T16:17:15.8416223+03:00" endTime="2022-10-16T16:17:15.8416225+03:00" testType="13cdc9d9-ddb5-4fa4-a97d-d965ccfc6d4b" outcome="Passed" testListId="8c84fa94-04c1-424b-9868-57a2d4851a1d" relativeResultsDirectory="bdbd7151-1a87-4c7a-9181-6ecea4e1f210" />
    <UnitTestResult executionId="07d667ef-6891-4234-89ed-2091eb8deb54" testId="4145f44e-b4b1-a618-09e8-c631496e6f1a" testName="AccessToDB.Tests.LiftsSlopesRepositoryTests.TestGetLiftSlopesAsyncEmpty" computerName="DESKTOP-TJ9D65N" duration="00:00:00.6126312" startTime="2022-10-16T16:17:17.0751754+03:00" endTime="2022-10-16T16:17:17.0751755+03:00" testType="13cdc9d9-ddb5-4fa4-a97d-d965ccfc6d4b" outcome="Passed" testListId="8c84fa94-04c1-424b-9868-57a2d4851a1d" relativeResultsDirectory="07d667ef-6891-4234-89ed-2091eb8deb54" />
    <UnitTestResult executionId="c59542fa-c8bb-4c20-9fbe-78ceba97556b" testId="b14b21f6-3362-9c8e-68ea-1343dd24cf2b" testName="AccessToDB.Tests.UsersRepositoryTests.TestAddUserAsyncFailsWhenUserIdRepeats(user: User { UserID = 58, CardID = 186, UserEmail = UserEmaila59a36df-4752-44bc-a522-7e17ebeda2cf, Password = password782f5e0e-b49a-40cd-b83d-d44e8b04b425, Permissions = UNAUTHORIZED })" computerName="DESKTOP-TJ9D65N" duration="00:00:00.6136781" startTime="2022-10-16T16:17:21.9092406+03:00" endTime="2022-10-16T16:17:21.9092407+03:00" testType="13cdc9d9-ddb5-4fa4-a97d-d965ccfc6d4b" outcome="Passed" testListId="8c84fa94-04c1-424b-9868-57a2d4851a1d" relativeResultsDirectory="c59542fa-c8bb-4c20-9fbe-78ceba97556b" />
    <UnitTestResult executionId="6343936a-6f9e-489a-a32c-035a7c6d95a8" testId="4f5c67d6-aa07-49bf-c754-044343c5070d" testName="AccessToDB.Tests.LiftsSlopesRepositoryTests.TestGetSlopesByLiftIdAsyncFailsWhenSlopeNotExists(liftSlope: LiftSlope { RecordID = 170, LiftID = 249, SlopeID = 148 })" computerName="DESKTOP-TJ9D65N" duration="00:00:00.6024918" startTime="2022-10-16T16:17:17.6812499+03:00" endTime="2022-10-16T16:17:17.6812500+03:00" testType="13cdc9d9-ddb5-4fa4-a97d-d965ccfc6d4b" outcome="Passed" testListId="8c84fa94-04c1-424b-9868-57a2d4851a1d" relativeResultsDirectory="6343936a-6f9e-489a-a32c-035a7c6d95a8" />
    <UnitTestResult executionId="0481d4b4-9ef8-4399-a169-2d448a68045e" testId="40d94399-5d63-f988-0ed0-d28a19a604d0" testName="AccessToDB.Tests.TurnstilesRepositoryTests.TestGetTurnstileByIdAsyncOk(turnstile: Turnstile { TurnstileID = 103, LiftID = 64, IsOpen = True })" computerName="DESKTOP-TJ9D65N" duration="00:00:00.6022707" startTime="2022-10-16T16:17:10.3397257+03:00" endTime="2022-10-16T16:17:10.3397259+03:00" testType="13cdc9d9-ddb5-4fa4-a97d-d965ccfc6d4b" outcome="Passed" testListId="8c84fa94-04c1-424b-9868-57a2d4851a1d" relativeResultsDirectory="0481d4b4-9ef8-4399-a169-2d448a68045e" />
    <UnitTestResult executionId="3a91f5b3-2114-41cc-8c5c-10693f2cde5c" testId="4e6d4e51-ba07-2114-fbb5-7d5cc6582cb0" testName="AccessToDB.Tests.SlopesRepositoryTests.TestDeleteSlopeByIDAsyncFailsWhenIDNotExists(slopeID: 206)" computerName="DESKTOP-TJ9D65N" duration="00:00:00.5699773" startTime="2022-10-16T16:17:27.2817877+03:00" endTime="2022-10-16T16:17:27.2817885+03:00" testType="13cdc9d9-ddb5-4fa4-a97d-d965ccfc6d4b" outcome="Passed" testListId="8c84fa94-04c1-424b-9868-57a2d4851a1d" relativeResultsDirectory="3a91f5b3-2114-41cc-8c5c-10693f2cde5c" />
    <UnitTestResult executionId="7ef90f1a-229f-4ad9-8cae-d09119802bfe" testId="c401a327-16fd-da73-6494-f35383a90300" testName="AccessToDB.Tests.UsersRepositoryTests.TestGetUserByIdAsyncOk(user: User { UserID = 145, CardID = 137, UserEmail = UserEmail57b0644d-e8f8-4f7a-ba56-bbf1d3750642, Password = password2bfa00f5-5ce6-44cc-9303-daff1c2c2d6f, Permissions = UNAUTHORIZED })" computerName="DESKTOP-TJ9D65N" duration="00:00:00.5977460" startTime="2022-10-16T16:17:22.5102983+03:00" endTime="2022-10-16T16:17:22.5102986+03:00" testType="13cdc9d9-ddb5-4fa4-a97d-d965ccfc6d4b" outcome="Passed" testListId="8c84fa94-04c1-424b-9868-57a2d4851a1d" relativeResultsDirectory="7ef90f1a-229f-4ad9-8cae-d09119802bfe" />
    <UnitTestResult executionId="7d4dd5c7-0e9e-480c-add4-85101b9a5145" testId="8776c139-243e-a9aa-9a51-e21df374e3d8" testName="AccessToDB.Tests.SlopesRepositoryTests.TestAddSlopeAsyncFailsWhenSlopeIdRepeats(slope: Slope { SlopeID = 10, SlopeName = slopeName3e76f91f-6cb7-4626-a64e-59f4020a34db, IsOpen = True, DifficultyLevel = 218, ConnectedLifts =  })" computerName="DESKTOP-TJ9D65N" duration="00:00:00.6109926" startTime="2022-10-16T16:17:24.3396998+03:00" endTime="2022-10-16T16:17:24.3396999+03:00" testType="13cdc9d9-ddb5-4fa4-a97d-d965ccfc6d4b" outcome="Passed" testListId="8c84fa94-04c1-424b-9868-57a2d4851a1d" relativeResultsDirectory="7d4dd5c7-0e9e-480c-add4-85101b9a5145" />
    <UnitTestResult executionId="43818fc5-a309-45b6-a4a9-9ffcc6a75b65" testId="33fe1b15-020f-b158-72b6-43a6a1705a11" testName="AccessToDB.Tests.UsersRepositoryTests.TestUpdateUserByIDAsyncOk(user: User { UserID = 239, CardID = 2, UserEmail = UserEmail42fbf0f2-2c6d-40b8-aa43-a9dbdbb84648, Password = passworddaeb42d5-1247-4403-ac86-39958652ea8b, Permissions = UNAUTHORIZED })" computerName="DESKTOP-TJ9D65N" duration="00:00:00.6195211" startTime="2022-10-16T16:17:19.5448188+03:00" endTime="2022-10-16T16:17:19.5448191+03:00" testType="13cdc9d9-ddb5-4fa4-a97d-d965ccfc6d4b" outcome="Passed" testListId="8c84fa94-04c1-424b-9868-57a2d4851a1d" relativeResultsDirectory="43818fc5-a309-45b6-a4a9-9ffcc6a75b65" />
    <UnitTestResult executionId="7838c57f-e8d8-4229-9d41-da482ca90109" testId="607e8298-f113-be33-300e-15a343893443" testName="AccessToDB.Tests.LiftsRepositoryTests.TestGetLiftsAsyncEmpty" computerName="DESKTOP-TJ9D65N" duration="00:00:00.5634806" startTime="2022-10-16T16:17:31.4678394+03:00" endTime="2022-10-16T16:17:31.4678395+03:00" testType="13cdc9d9-ddb5-4fa4-a97d-d965ccfc6d4b" outcome="Passed" testListId="8c84fa94-04c1-424b-9868-57a2d4851a1d" relativeResultsDirectory="7838c57f-e8d8-4229-9d41-da482ca90109" />
    <UnitTestResult executionId="0ad0baed-c2ea-45ce-9bed-b4cd9de425e1" testId="3bf2bd1b-a4e4-4a73-a953-2e64b2b838fe" testName="AccessToDB.Tests.LiftsRepositoryTests.TestUpdateLiftByIDAsyncOk(lift: Lift { LiftID = 94, LiftName = liftName5bb1c38c-3c5a-4273-b05f-e798c490aaf0, IsOpen = True, SeatsAmount = 199, LiftingTime = 151, QueueTime = 200, ConnectedSlopes =  })" computerName="DESKTOP-TJ9D65N" duration="00:00:00.6152526" startTime="2022-10-16T16:17:29.7577723+03:00" endTime="2022-10-16T16:17:29.7577723+03:00" testType="13cdc9d9-ddb5-4fa4-a97d-d965ccfc6d4b" outcome="Passed" testListId="8c84fa94-04c1-424b-9868-57a2d4851a1d" relativeResultsDirectory="0ad0baed-c2ea-45ce-9bed-b4cd9de425e1" />
    <UnitTestResult executionId="140b572a-e34d-4886-8ac2-3ff4ccffe130" testId="ade2760a-e60a-0aae-cd84-e29f0bf1d380" testName="AccessToDB.Tests.LiftsSlopesRepositoryTests.TestUpdateLiftSlopeByIDAsyncOk(liftSlope: LiftSlope { RecordID = 101, LiftID = 176, SlopeID = 220 })" computerName="DESKTOP-TJ9D65N" duration="00:00:00.6164858" startTime="2022-10-16T16:17:18.3014942+03:00" endTime="2022-10-16T16:17:18.3014944+03:00" testType="13cdc9d9-ddb5-4fa4-a97d-d965ccfc6d4b" outcome="Passed" testListId="8c84fa94-04c1-424b-9868-57a2d4851a1d" relativeResultsDirectory="140b572a-e34d-4886-8ac2-3ff4ccffe130" />
  </Results>
  <TestDefinitions>
    <UnitTest name="AccessToDB.Tests.LiftsSlopesRepositoryTests.TestDeleteLiftSlopesByIDsAsyncOk(liftSlope: LiftSlope { RecordID = 15, LiftID = 143, SlopeID = 65 })" storage="c:\users\alena\desktop\7_sem\testing_and_debugging\skiresort\accesstodb.tests\bin\debug\net6.0\accesstodb.tests.dll" id="2018610a-9287-6f10-2d87-35e156c1c279">
      <Execution id="bdbd7151-1a87-4c7a-9181-6ecea4e1f210" />
      <TestMethod codeBase="C:\Users\alena\Desktop\7_sem\testing_and_debugging\SkiResort\AccessToDB.Tests\bin\Debug\net6.0\AccessToDB.Tests.dll" adapterTypeName="executor://xunit/VsTestRunner2/netcoreapp" className="AccessToDB.Tests.LiftsSlopesRepositoryTests" name="TestDeleteLiftSlopesByIDsAsyncOk" />
    </UnitTest>
    <UnitTest name="AccessToDB.Tests.TurnstilesRepositoryTests.TestGetTurnstilesAsyncEmpty" storage="c:\users\alena\desktop\7_sem\testing_and_debugging\skiresort\accesstodb.tests\bin\debug\net6.0\accesstodb.tests.dll" id="3c521313-4ed6-6bce-b4f9-c359411028e7">
      <Execution id="62ee3f38-4e3d-4667-9bc3-2abf8d6b0521" />
      <TestMethod codeBase="C:\Users\alena\Desktop\7_sem\testing_and_debugging\SkiResort\AccessToDB.Tests\bin\Debug\net6.0\AccessToDB.Tests.dll" adapterTypeName="executor://xunit/VsTestRunner2/netcoreapp" className="AccessToDB.Tests.TurnstilesRepositoryTests" name="TestGetTurnstilesAsyncEmpty" />
    </UnitTest>
    <UnitTest name="AccessToDB.Tests.TurnstilesRepositoryTests.TestDeleteTurnstileByIDAsyncFailsWhenIDNotExists(turnstileID: 177)" storage="c:\users\alena\desktop\7_sem\testing_and_debugging\skiresort\accesstodb.tests\bin\debug\net6.0\accesstodb.tests.dll" id="7439a320-fc80-f694-a0c7-11607e9fd009">
      <Execution id="d99d7415-279b-4c9d-a8ce-97e4cccda326" />
      <TestMethod codeBase="C:\Users\alena\Desktop\7_sem\testing_and_debugging\SkiResort\AccessToDB.Tests\bin\Debug\net6.0\AccessToDB.Tests.dll" adapterTypeName="executor://xunit/VsTestRunner2/netcoreapp" className="AccessToDB.Tests.TurnstilesRepositoryTests" name="TestDeleteTurnstileByIDAsyncFailsWhenIDNotExists" />
    </UnitTest>
    <UnitTest name="AccessToDB.Tests.LiftsRepositoryTests.TestUpdateLiftByIDAsyncOk(lift: Lift { LiftID = 94, LiftName = liftName5bb1c38c-3c5a-4273-b05f-e798c490aaf0, IsOpen = True, SeatsAmount = 199, LiftingTime = 151, QueueTime = 200, ConnectedSlopes =  })" storage="c:\users\alena\desktop\7_sem\testing_and_debugging\skiresort\accesstodb.tests\bin\debug\net6.0\accesstodb.tests.dll" id="3bf2bd1b-a4e4-4a73-a953-2e64b2b838fe">
      <Execution id="0ad0baed-c2ea-45ce-9bed-b4cd9de425e1" />
      <TestMethod codeBase="C:\Users\alena\Desktop\7_sem\testing_and_debugging\SkiResort\AccessToDB.Tests\bin\Debug\net6.0\AccessToDB.Tests.dll" adapterTypeName="executor://xunit/VsTestRunner2/netcoreapp" className="AccessToDB.Tests.LiftsRepositoryTests" name="TestUpdateLiftByIDAsyncOk" />
    </UnitTest>
    <UnitTest name="AccessToDB.Tests.LiftsSlopesRepositoryTests.TestAddLiftSlopeAutoIncrementAsyncOk" storage="c:\users\alena\desktop\7_sem\testing_and_debugging\skiresort\accesstodb.tests\bin\debug\net6.0\accesstodb.tests.dll" id="30f8e924-9784-0a43-e807-094f70e06567">
      <Execution id="9a79b622-1735-4cee-abd5-e8e903a53743" />
      <TestMethod codeBase="C:\Users\alena\Desktop\7_sem\testing_and_debugging\SkiResort\AccessToDB.Tests\bin\Debug\net6.0\AccessToDB.Tests.dll" adapterTypeName="executor://xunit/VsTestRunner2/netcoreapp" className="AccessToDB.Tests.LiftsSlopesRepositoryTests" name="TestAddLiftSlopeAutoIncrementAsyncOk" />
    </UnitTest>
    <UnitTest name="AccessToDB.Tests.LiftsRepositoryTests.TestAddLiftAsyncFailsWhenLiftIdRepeats(lift: Lift { LiftID = 84, LiftName = liftName785f495b-df0a-4ab5-b30c-5079c521fe75, IsOpen = True, SeatsAmount = 57, LiftingTime = 4, QueueTime = 251, ConnectedSlopes =  })" storage="c:\users\alena\desktop\7_sem\testing_and_debugging\skiresort\accesstodb.tests\bin\debug\net6.0\accesstodb.tests.dll" id="e90fb442-fe4c-9738-5826-ef6b26f6ef68">
      <Execution id="065fda7b-38ce-4184-8943-f0d90cae8159" />
      <TestMethod codeBase="C:\Users\alena\Desktop\7_sem\testing_and_debugging\SkiResort\AccessToDB.Tests\bin\Debug\net6.0\AccessToDB.Tests.dll" adapterTypeName="executor://xunit/VsTestRunner2/netcoreapp" className="AccessToDB.Tests.LiftsRepositoryTests" name="TestAddLiftAsyncFailsWhenLiftIdRepeats" />
    </UnitTest>
    <UnitTest name="AccessToDB.Tests.SlopesRepositoryTests.TestAddSlopeAutoIncrementAsyncOk" storage="c:\users\alena\desktop\7_sem\testing_and_debugging\skiresort\accesstodb.tests\bin\debug\net6.0\accesstodb.tests.dll" id="8f7ba917-f771-0dc5-f9b9-465c34344b12">
      <Execution id="4323c547-723f-4484-ae1d-799450f43662" />
      <TestMethod codeBase="C:\Users\alena\Desktop\7_sem\testing_and_debugging\SkiResort\AccessToDB.Tests\bin\Debug\net6.0\AccessToDB.Tests.dll" adapterTypeName="executor://xunit/VsTestRunner2/netcoreapp" className="AccessToDB.Tests.SlopesRepositoryTests" name="TestAddSlopeAutoIncrementAsyncOk" />
    </UnitTest>
    <UnitTest name="AccessToDB.Tests.SlopesRepositoryTests.TestGetSlopeByNameAsyncFailsWhenNameNotExists(slopeName: &quot;slopeName731cafce-f2ac-4b4f-9199-b6cf26846eb4&quot;)" storage="c:\users\alena\desktop\7_sem\testing_and_debugging\skiresort\accesstodb.tests\bin\debug\net6.0\accesstodb.tests.dll" id="4423a4fd-6f5b-0435-5dca-632d89891db7">
      <Execution id="42f9a848-f880-4a2a-8b9a-5876f485ac26" />
      <TestMethod codeBase="C:\Users\alena\Desktop\7_sem\testing_and_debugging\SkiResort\AccessToDB.Tests\bin\Debug\net6.0\AccessToDB.Tests.dll" adapterTypeName="executor://xunit/VsTestRunner2/netcoreapp" className="AccessToDB.Tests.SlopesRepositoryTests" name="TestGetSlopeByNameAsyncFailsWhenNameNotExists" />
    </UnitTest>
    <UnitTest name="AccessToDB.Tests.LiftsRepositoryTests.TestAddLiftAutoIncrementAsyncOk" storage="c:\users\alena\desktop\7_sem\testing_and_debugging\skiresort\accesstodb.tests\bin\debug\net6.0\accesstodb.tests.dll" id="ec229f70-485a-f91b-53ed-bce655f6cd58">
      <Execution id="46470f41-9e66-4e1d-8adc-82e30c7921c5" />
      <TestMethod codeBase="C:\Users\alena\Desktop\7_sem\testing_and_debugging\SkiResort\AccessToDB.Tests\bin\Debug\net6.0\AccessToDB.Tests.dll" adapterTypeName="executor://xunit/VsTestRunner2/netcoreapp" className="AccessToDB.Tests.LiftsRepositoryTests" name="TestAddLiftAutoIncrementAsyncOk" />
    </UnitTest>
    <UnitTest name="AccessToDB.Tests.SlopesRepositoryTests.TestGetSlopesAsyncEmpty" storage="c:\users\alena\desktop\7_sem\testing_and_debugging\skiresort\accesstodb.tests\bin\debug\net6.0\accesstodb.tests.dll" id="9bbefb83-8311-6e03-307f-415e3495e223">
      <Execution id="15693502-9b65-4da5-a36e-0665e5a5e787" />
      <TestMethod codeBase="C:\Users\alena\Desktop\7_sem\testing_and_debugging\SkiResort\AccessToDB.Tests\bin\Debug\net6.0\AccessToDB.Tests.dll" adapterTypeName="executor://xunit/VsTestRunner2/netcoreapp" className="AccessToDB.Tests.SlopesRepositoryTests" name="TestGetSlopesAsyncEmpty" />
    </UnitTest>
    <UnitTest name="AccessToDB.Tests.TurnstilesRepositoryTests.TestGetTurnstilesByLiftIdAsyncOk(liftID: 210)" storage="c:\users\alena\desktop\7_sem\testing_and_debugging\skiresort\accesstodb.tests\bin\debug\net6.0\accesstodb.tests.dll" id="eb6e4531-df08-e25e-e13d-153a63a6836a">
      <Execution id="fee44a24-6b6a-4ff2-808a-78197eb58b83" />
      <TestMethod codeBase="C:\Users\alena\Desktop\7_sem\testing_and_debugging\SkiResort\AccessToDB.Tests\bin\Debug\net6.0\AccessToDB.Tests.dll" adapterTypeName="executor://xunit/VsTestRunner2/netcoreapp" className="AccessToDB.Tests.TurnstilesRepositoryTests" name="TestGetTurnstilesByLiftIdAsyncOk" />
    </UnitTest>
    <UnitTest name="AccessToDB.Tests.UsersRepositoryTests.TestAddUserAsyncFailsWhenUserIdRepeats(user: User { UserID = 58, CardID = 186, UserEmail = UserEmaila59a36df-4752-44bc-a522-7e17ebeda2cf, Password = password782f5e0e-b49a-40cd-b83d-d44e8b04b425, Permissions = UNAUTHORIZED })" storage="c:\users\alena\desktop\7_sem\testing_and_debugging\skiresort\accesstodb.tests\bin\debug\net6.0\accesstodb.tests.dll" id="b14b21f6-3362-9c8e-68ea-1343dd24cf2b">
      <Execution id="c59542fa-c8bb-4c20-9fbe-78ceba97556b" />
      <TestMethod codeBase="C:\Users\alena\Desktop\7_sem\testing_and_debugging\SkiResort\AccessToDB.Tests\bin\Debug\net6.0\AccessToDB.Tests.dll" adapterTypeName="executor://xunit/VsTestRunner2/netcoreapp" className="AccessToDB.Tests.UsersRepositoryTests" name="TestAddUserAsyncFailsWhenUserIdRepeats" />
    </UnitTest>
    <UnitTest name="AccessToDB.Tests.LiftsRepositoryTests.TestGetLiftByIdAsyncOk(lift: Lift { LiftID = 8, LiftName = liftName6399c398-ec9a-4c59-82ec-93d2851153cf, IsOpen = True, SeatsAmount = 226, LiftingTime = 182, QueueTime = 186, ConnectedSlopes =  })" storage="c:\users\alena\desktop\7_sem\testing_and_debugging\skiresort\accesstodb.tests\bin\debug\net6.0\accesstodb.tests.dll" id="41293e2b-5258-a478-f95d-86ac1192a405">
      <Execution id="707024aa-5739-4d55-baa1-8c1909072b2d" />
      <TestMethod codeBase="C:\Users\alena\Desktop\7_sem\testing_and_debugging\SkiResort\AccessToDB.Tests\bin\Debug\net6.0\AccessToDB.Tests.dll" adapterTypeName="executor://xunit/VsTestRunner2/netcoreapp" className="AccessToDB.Tests.LiftsRepositoryTests" name="TestGetLiftByIdAsyncOk" />
    </UnitTest>
    <UnitTest name="AccessToDB.Tests.LiftsSlopesRepositoryTests.TestDeleteLiftSlopeByIDAsyncFailsWhenIDNotExists(liftSlopeID: 177)" storage="c:\users\alena\desktop\7_sem\testing_and_debugging\skiresort\accesstodb.tests\bin\debug\net6.0\accesstodb.tests.dll" id="353f6452-8cf2-634f-6d69-e97788f5113c">
      <Execution id="3b5c50f9-a4f0-4cc6-89d8-3d78f688c8cb" />
      <TestMethod codeBase="C:\Users\alena\Desktop\7_sem\testing_and_debugging\SkiResort\AccessToDB.Tests\bin\Debug\net6.0\AccessToDB.Tests.dll" adapterTypeName="executor://xunit/VsTestRunner2/netcoreapp" className="AccessToDB.Tests.LiftsSlopesRepositoryTests" name="TestDeleteLiftSlopeByIDAsyncFailsWhenIDNotExists" />
    </UnitTest>
    <UnitTest name="AccessToDB.Tests.SlopesRepositoryTests.TestDeleteSlopeByIDAsyncFailsWhenIDNotExists(slopeID: 206)" storage="c:\users\alena\desktop\7_sem\testing_and_debugging\skiresort\accesstodb.tests\bin\debug\net6.0\accesstodb.tests.dll" id="4e6d4e51-ba07-2114-fbb5-7d5cc6582cb0">
      <Execution id="3a91f5b3-2114-41cc-8c5c-10693f2cde5c" />
      <TestMethod codeBase="C:\Users\alena\Desktop\7_sem\testing_and_debugging\SkiResort\AccessToDB.Tests\bin\Debug\net6.0\AccessToDB.Tests.dll" adapterTypeName="executor://xunit/VsTestRunner2/netcoreapp" className="AccessToDB.Tests.SlopesRepositoryTests" name="TestDeleteSlopeByIDAsyncFailsWhenIDNotExists" />
    </UnitTest>
    <UnitTest name="AccessToDB.Tests.UsersRepositoryTests.TestAddUserAutoIncrementAsyncOk" storage="c:\users\alena\desktop\7_sem\testing_and_debugging\skiresort\accesstodb.tests\bin\debug\net6.0\accesstodb.tests.dll" id="e75bb6e2-88d9-af2a-a444-c4a9d67f0f0e">
      <Execution id="de075b97-60a3-475a-9933-f02c8c9e0a7b" />
      <TestMethod codeBase="C:\Users\alena\Desktop\7_sem\testing_and_debugging\SkiResort\AccessToDB.Tests\bin\Debug\net6.0\AccessToDB.Tests.dll" adapterTypeName="executor://xunit/VsTestRunner2/netcoreapp" className="AccessToDB.Tests.UsersRepositoryTests" name="TestAddUserAutoIncrementAsyncOk" />
    </UnitTest>
    <UnitTest name="AccessToDB.Tests.LiftsRepositoryTests.TestGetLiftsAsyncEmpty" storage="c:\users\alena\desktop\7_sem\testing_and_debugging\skiresort\accesstodb.tests\bin\debug\net6.0\accesstodb.tests.dll" id="607e8298-f113-be33-300e-15a343893443">
      <Execution id="7838c57f-e8d8-4229-9d41-da482ca90109" />
      <TestMethod codeBase="C:\Users\alena\Desktop\7_sem\testing_and_debugging\SkiResort\AccessToDB.Tests\bin\Debug\net6.0\AccessToDB.Tests.dll" adapterTypeName="executor://xunit/VsTestRunner2/netcoreapp" className="AccessToDB.Tests.LiftsRepositoryTests" name="TestGetLiftsAsyncEmpty" />
    </UnitTest>
    <UnitTest name="AccessToDB.Tests.UsersRepositoryTests.TestGetUserByIdAsyncOk(user: User { UserID = 145, CardID = 137, UserEmail = UserEmail57b0644d-e8f8-4f7a-ba56-bbf1d3750642, Password = password2bfa00f5-5ce6-44cc-9303-daff1c2c2d6f, Permissions = UNAUTHORIZED })" storage="c:\users\alena\desktop\7_sem\testing_and_debugging\skiresort\accesstodb.tests\bin\debug\net6.0\accesstodb.tests.dll" id="c401a327-16fd-da73-6494-f35383a90300">
      <Execution id="7ef90f1a-229f-4ad9-8cae-d09119802bfe" />
      <TestMethod codeBase="C:\Users\alena\Desktop\7_sem\testing_and_debugging\SkiResort\AccessToDB.Tests\bin\Debug\net6.0\AccessToDB.Tests.dll" adapterTypeName="executor://xunit/VsTestRunner2/netcoreapp" className="AccessToDB.Tests.UsersRepositoryTests" name="TestGetUserByIdAsyncOk" />
    </UnitTest>
    <UnitTest name="AccessToDB.Tests.LiftsSlopesRepositoryTests.TestAddLiftSlopeAsyncFailsWhenLiftSlopeIdRepeats(liftSlope: LiftSlope { RecordID = 113, LiftID = 58, SlopeID = 234 })" storage="c:\users\alena\desktop\7_sem\testing_and_debugging\skiresort\accesstodb.tests\bin\debug\net6.0\accesstodb.tests.dll" id="b9ff4c6f-d8b8-09b0-87dd-e0fb10468510">
      <Execution id="1ba7cbfc-0bf4-49a3-82ac-ffec9dffaecb" />
      <TestMethod codeBase="C:\Users\alena\Desktop\7_sem\testing_and_debugging\SkiResort\AccessToDB.Tests\bin\Debug\net6.0\AccessToDB.Tests.dll" adapterTypeName="executor://xunit/VsTestRunner2/netcoreapp" className="AccessToDB.Tests.LiftsSlopesRepositoryTests" name="TestAddLiftSlopeAsyncFailsWhenLiftSlopeIdRepeats" />
    </UnitTest>
    <UnitTest name="AccessToDB.Tests.LiftsSlopesRepositoryTests.TestGetLiftsBySlopeIdAsyncOk(slope1: Slope { SlopeID = 87, SlopeName = slopeName35b3292c-17ea-49fd-a836-9c9b9c2c43a2, IsOpen = True, DifficultyLevel = 194, ConnectedLifts =  }, slope2: Slope { SlopeID = 220, SlopeName = slopeName5e7c13af-7315-485b-9a5d-28a1a5048d36, IsOpen = False, DifficultyLevel = 247, ConnectedLifts =  }, lift1: Lift { LiftID = 123, LiftName = liftName9d0dd070-9717-4808-ace4-6c..." storage="c:\users\alena\desktop\7_sem\testing_and_debugging\skiresort\accesstodb.tests\bin\debug\net6.0\accesstodb.tests.dll" id="9a26db14-ddcc-81c9-1c74-3b6e6b51f49f">
      <Execution id="5b453a9f-891c-446e-8678-baa6c77cfda0" />
      <TestMethod codeBase="C:\Users\alena\Desktop\7_sem\testing_and_debugging\SkiResort\AccessToDB.Tests\bin\Debug\net6.0\AccessToDB.Tests.dll" adapterTypeName="executor://xunit/VsTestRunner2/netcoreapp" className="AccessToDB.Tests.LiftsSlopesRepositoryTests" name="TestGetLiftsBySlopeIdAsyncOk" />
    </UnitTest>
    <UnitTest name="AccessToDB.Tests.LiftsSlopesRepositoryTests.TestGetLiftSlopeByIdAsyncOk(liftSlope: LiftSlope { RecordID = 220, LiftID = 180, SlopeID = 217 })" storage="c:\users\alena\desktop\7_sem\testing_and_debugging\skiresort\accesstodb.tests\bin\debug\net6.0\accesstodb.tests.dll" id="83994f6f-cfe1-d2a5-af06-0c0eec264be2">
      <Execution id="9f55a84f-902d-469f-971c-d2b495a7c4c9" />
      <TestMethod codeBase="C:\Users\alena\Desktop\7_sem\testing_and_debugging\SkiResort\AccessToDB.Tests\bin\Debug\net6.0\AccessToDB.Tests.dll" adapterTypeName="executor://xunit/VsTestRunner2/netcoreapp" className="AccessToDB.Tests.LiftsSlopesRepositoryTests" name="TestGetLiftSlopeByIdAsyncOk" />
    </UnitTest>
    <UnitTest name="AccessToDB.Tests.TurnstilesRepositoryTests.TestGetTurnstileByIdAsyncOk(turnstile: Turnstile { TurnstileID = 103, LiftID = 64, IsOpen = True })" storage="c:\users\alena\desktop\7_sem\testing_and_debugging\skiresort\accesstodb.tests\bin\debug\net6.0\accesstodb.tests.dll" id="40d94399-5d63-f988-0ed0-d28a19a604d0">
      <Execution id="0481d4b4-9ef8-4399-a169-2d448a68045e" />
      <TestMethod codeBase="C:\Users\alena\Desktop\7_sem\testing_and_debugging\SkiResort\AccessToDB.Tests\bin\Debug\net6.0\AccessToDB.Tests.dll" adapterTypeName="executor://xunit/VsTestRunner2/netcoreapp" className="AccessToDB.Tests.TurnstilesRepositoryTests" name="TestGetTurnstileByIdAsyncOk" />
    </UnitTest>
    <UnitTest name="AccessToDB.Tests.TurnstilesRepositoryTests.TestAddTurnstileAsyncFailsWhenTurnstileIdRepeats(turnstile: Turnstile { TurnstileID = 196, LiftID = 234, IsOpen = True })" storage="c:\users\alena\desktop\7_sem\testing_and_debugging\skiresort\accesstodb.tests\bin\debug\net6.0\accesstodb.tests.dll" id="9ae5727f-4717-7795-a001-913a17315ef9">
      <Execution id="64b729bf-8d36-4f85-842b-1af2bba8b8d0" />
      <TestMethod codeBase="C:\Users\alena\Desktop\7_sem\testing_and_debugging\SkiResort\AccessToDB.Tests\bin\Debug\net6.0\AccessToDB.Tests.dll" adapterTypeName="executor://xunit/VsTestRunner2/netcoreapp" className="AccessToDB.Tests.TurnstilesRepositoryTests" name="TestAddTurnstileAsyncFailsWhenTurnstileIdRepeats" />
    </UnitTest>
    <UnitTest name="AccessToDB.Tests.SlopesRepositoryTests.TestUpdateSlopeByIDAsyncOk(slope: Slope { SlopeID = 54, SlopeName = slopeNameb8e6661c-a195-4e9f-b127-656f9805644a, IsOpen = True, DifficultyLevel = 102, ConnectedLifts =  })" storage="c:\users\alena\desktop\7_sem\testing_and_debugging\skiresort\accesstodb.tests\bin\debug\net6.0\accesstodb.tests.dll" id="17df37ec-6c29-02d2-5da8-9d11fb9ccedd">
      <Execution id="f0356e1d-776b-4803-ac41-33f2e94731a9" />
      <TestMethod codeBase="C:\Users\alena\Desktop\7_sem\testing_and_debugging\SkiResort\AccessToDB.Tests\bin\Debug\net6.0\AccessToDB.Tests.dll" adapterTypeName="executor://xunit/VsTestRunner2/netcoreapp" className="AccessToDB.Tests.SlopesRepositoryTests" name="TestUpdateSlopeByIDAsyncOk" />
    </UnitTest>
    <UnitTest name="AccessToDB.Tests.LiftsRepositoryTests.TestDeleteLiftByIDAsyncFailsWhenIDNotExists(liftID: 204)" storage="c:\users\alena\desktop\7_sem\testing_and_debugging\skiresort\accesstodb.tests\bin\debug\net6.0\accesstodb.tests.dll" id="42004427-9563-eb23-aa13-7d8c782190b6">
      <Execution id="a8644a6d-aeeb-4073-8e3b-411e89d30be8" />
      <TestMethod codeBase="C:\Users\alena\Desktop\7_sem\testing_and_debugging\SkiResort\AccessToDB.Tests\bin\Debug\net6.0\AccessToDB.Tests.dll" adapterTypeName="executor://xunit/VsTestRunner2/netcoreapp" className="AccessToDB.Tests.LiftsRepositoryTests" name="TestDeleteLiftByIDAsyncFailsWhenIDNotExists" />
    </UnitTest>
    <UnitTest name="AccessToDB.Tests.UsersRepositoryTests.TestCheckUserIdExistsAsyncTrue(user: User { UserID = 202, CardID = 206, UserEmail = UserEmail2ed840ca-4bc7-4699-afe2-515442463f13, Password = password11cbe148-e1cc-438f-a6c2-ee25327f05de, Permissions = UNAUTHORIZED })" storage="c:\users\alena\desktop\7_sem\testing_and_debugging\skiresort\accesstodb.tests\bin\debug\net6.0\accesstodb.tests.dll" id="9fde1690-1eda-3074-b632-2f5137f0954e">
      <Execution id="ffaa95d7-4c61-4b94-8335-34dff19a8aa2" />
      <TestMethod codeBase="C:\Users\alena\Desktop\7_sem\testing_and_debugging\SkiResort\AccessToDB.Tests\bin\Debug\net6.0\AccessToDB.Tests.dll" adapterTypeName="executor://xunit/VsTestRunner2/netcoreapp" className="AccessToDB.Tests.UsersRepositoryTests" name="TestCheckUserIdExistsAsyncTrue" />
    </UnitTest>
    <UnitTest name="AccessToDB.Tests.LiftsSlopesRepositoryTests.TestUpdateLiftSlopeByIDAsyncOk(liftSlope: LiftSlope { RecordID = 101, LiftID = 176, SlopeID = 220 })" storage="c:\users\alena\desktop\7_sem\testing_and_debugging\skiresort\accesstodb.tests\bin\debug\net6.0\accesstodb.tests.dll" id="ade2760a-e60a-0aae-cd84-e29f0bf1d380">
      <Execution id="140b572a-e34d-4886-8ac2-3ff4ccffe130" />
      <TestMethod codeBase="C:\Users\alena\Desktop\7_sem\testing_and_debugging\SkiResort\AccessToDB.Tests\bin\Debug\net6.0\AccessToDB.Tests.dll" adapterTypeName="executor://xunit/VsTestRunner2/netcoreapp" className="AccessToDB.Tests.LiftsSlopesRepositoryTests" name="TestUpdateLiftSlopeByIDAsyncOk" />
    </UnitTest>
    <UnitTest name="AccessToDB.Tests.LiftsRepositoryTests.TestGetLiftByNameAsyncFailsWhenNameNotExists(liftName: &quot;liftNameacd01409-1aa4-4671-bf44-af58bd67c099&quot;)" storage="c:\users\alena\desktop\7_sem\testing_and_debugging\skiresort\accesstodb.tests\bin\debug\net6.0\accesstodb.tests.dll" id="d1ac1320-d6b4-94f9-e65a-5819f7a38a7f">
      <Execution id="f3c24962-de04-427e-ad4a-2aee726fab0e" />
      <TestMethod codeBase="C:\Users\alena\Desktop\7_sem\testing_and_debugging\SkiResort\AccessToDB.Tests\bin\Debug\net6.0\AccessToDB.Tests.dll" adapterTypeName="executor://xunit/VsTestRunner2/netcoreapp" className="AccessToDB.Tests.LiftsRepositoryTests" name="TestGetLiftByNameAsyncFailsWhenNameNotExists" />
    </UnitTest>
    <UnitTest name="AccessToDB.Tests.LiftsSlopesRepositoryTests.TestGetSlopesByLiftIdAsyncFailsWhenSlopeNotExists(liftSlope: LiftSlope { RecordID = 170, LiftID = 249, SlopeID = 148 })" storage="c:\users\alena\desktop\7_sem\testing_and_debugging\skiresort\accesstodb.tests\bin\debug\net6.0\accesstodb.tests.dll" id="4f5c67d6-aa07-49bf-c754-044343c5070d">
      <Execution id="6343936a-6f9e-489a-a32c-035a7c6d95a8" />
      <TestMethod codeBase="C:\Users\alena\Desktop\7_sem\testing_and_debugging\SkiResort\AccessToDB.Tests\bin\Debug\net6.0\AccessToDB.Tests.dll" adapterTypeName="executor://xunit/VsTestRunner2/netcoreapp" className="AccessToDB.Tests.LiftsSlopesRepositoryTests" name="TestGetSlopesByLiftIdAsyncFailsWhenSlopeNotExists" />
    </UnitTest>
    <UnitTest name="AccessToDB.Tests.LiftsSlopesRepositoryTests.TestGetLiftSlopesAsyncEmpty" storage="c:\users\alena\desktop\7_sem\testing_and_debugging\skiresort\accesstodb.tests\bin\debug\net6.0\accesstodb.tests.dll" id="4145f44e-b4b1-a618-09e8-c631496e6f1a">
      <Execution id="07d667ef-6891-4234-89ed-2091eb8deb54" />
      <TestMethod codeBase="C:\Users\alena\Desktop\7_sem\testing_and_debugging\SkiResort\AccessToDB.Tests\bin\Debug\net6.0\AccessToDB.Tests.dll" adapterTypeName="executor://xunit/VsTestRunner2/netcoreapp" className="AccessToDB.Tests.LiftsSlopesRepositoryTests" name="TestGetLiftSlopesAsyncEmpty" />
    </UnitTest>
    <UnitTest name="AccessToDB.Tests.TurnstilesRepositoryTests.TestUpdateTurnstileByIDAsyncOk(turnstile: Turnstile { TurnstileID = 17, LiftID = 165, IsOpen = True })" storage="c:\users\alena\desktop\7_sem\testing_and_debugging\skiresort\accesstodb.tests\bin\debug\net6.0\accesstodb.tests.dll" id="bd1a2eda-95cc-0c85-9de0-5ac7e2c89286">
      <Execution id="cd953d04-eee3-409c-8338-7b9b655a1b68" />
      <TestMethod codeBase="C:\Users\alena\Desktop\7_sem\testing_and_debugging\SkiResort\AccessToDB.Tests\bin\Debug\net6.0\AccessToDB.Tests.dll" adapterTypeName="executor://xunit/VsTestRunner2/netcoreapp" className="AccessToDB.Tests.TurnstilesRepositoryTests" name="TestUpdateTurnstileByIDAsyncOk" />
    </UnitTest>
    <UnitTest name="AccessToDB.Tests.UsersRepositoryTests.TestDeleteUserByIDAsyncFailsWhenIDNotExists(userID: 31)" storage="c:\users\alena\desktop\7_sem\testing_and_debugging\skiresort\accesstodb.tests\bin\debug\net6.0\accesstodb.tests.dll" id="e3c4099d-a01e-dece-8579-29b0bccdae88">
      <Execution id="6a0b273c-b296-4d32-a0b9-4078c933795a" />
      <TestMethod codeBase="C:\Users\alena\Desktop\7_sem\testing_and_debugging\SkiResort\AccessToDB.Tests\bin\Debug\net6.0\AccessToDB.Tests.dll" adapterTypeName="executor://xunit/VsTestRunner2/netcoreapp" className="AccessToDB.Tests.UsersRepositoryTests" name="TestDeleteUserByIDAsyncFailsWhenIDNotExists" />
    </UnitTest>
    <UnitTest name="AccessToDB.Tests.SlopesRepositoryTests.TestGetSlopeByIdAsyncOk(slope: Slope { SlopeID = 178, SlopeName = slopeName199a768b-178d-4c9e-b1e3-c2407d453ba5, IsOpen = True, DifficultyLevel = 182, ConnectedLifts =  })" storage="c:\users\alena\desktop\7_sem\testing_and_debugging\skiresort\accesstodb.tests\bin\debug\net6.0\accesstodb.tests.dll" id="d574bd74-7e8e-37d7-2ff6-67978c98fa60">
      <Execution id="386c3dbc-d63e-42aa-8dc3-31097555eee3" />
      <TestMethod codeBase="C:\Users\alena\Desktop\7_sem\testing_and_debugging\SkiResort\AccessToDB.Tests\bin\Debug\net6.0\AccessToDB.Tests.dll" adapterTypeName="executor://xunit/VsTestRunner2/netcoreapp" className="AccessToDB.Tests.SlopesRepositoryTests" name="TestGetSlopeByIdAsyncOk" />
    </UnitTest>
    <UnitTest name="AccessToDB.Tests.TurnstilesRepositoryTests.TestAddTurnstileAutoIncrementAsyncOk" storage="c:\users\alena\desktop\7_sem\testing_and_debugging\skiresort\accesstodb.tests\bin\debug\net6.0\accesstodb.tests.dll" id="f9435956-2e34-e52b-c34e-dce53665cf8e">
      <Execution id="53cf9b27-2ec9-4726-9be3-9b27b42e7c7a" />
      <TestMethod codeBase="C:\Users\alena\Desktop\7_sem\testing_and_debugging\SkiResort\AccessToDB.Tests\bin\Debug\net6.0\AccessToDB.Tests.dll" adapterTypeName="executor://xunit/VsTestRunner2/netcoreapp" className="AccessToDB.Tests.TurnstilesRepositoryTests" name="TestAddTurnstileAutoIncrementAsyncOk" />
    </UnitTest>
    <UnitTest name="AccessToDB.Tests.UsersRepositoryTests.TestGetUsersAsyncEmpty" storage="c:\users\alena\desktop\7_sem\testing_and_debugging\skiresort\accesstodb.tests\bin\debug\net6.0\accesstodb.tests.dll" id="3741b26d-6ee0-6246-29e4-92009bff37b0">
      <Execution id="f421672b-e180-4528-90d0-8e5713c4f471" />
      <TestMethod codeBase="C:\Users\alena\Desktop\7_sem\testing_and_debugging\SkiResort\AccessToDB.Tests\bin\Debug\net6.0\AccessToDB.Tests.dll" adapterTypeName="executor://xunit/VsTestRunner2/netcoreapp" className="AccessToDB.Tests.UsersRepositoryTests" name="TestGetUsersAsyncEmpty" />
    </UnitTest>
    <UnitTest name="AccessToDB.Tests.SlopesRepositoryTests.TestAddSlopeAsyncFailsWhenSlopeIdRepeats(slope: Slope { SlopeID = 10, SlopeName = slopeName3e76f91f-6cb7-4626-a64e-59f4020a34db, IsOpen = True, DifficultyLevel = 218, ConnectedLifts =  })" storage="c:\users\alena\desktop\7_sem\testing_and_debugging\skiresort\accesstodb.tests\bin\debug\net6.0\accesstodb.tests.dll" id="8776c139-243e-a9aa-9a51-e21df374e3d8">
      <Execution id="7d4dd5c7-0e9e-480c-add4-85101b9a5145" />
      <TestMethod codeBase="C:\Users\alena\Desktop\7_sem\testing_and_debugging\SkiResort\AccessToDB.Tests\bin\Debug\net6.0\AccessToDB.Tests.dll" adapterTypeName="executor://xunit/VsTestRunner2/netcoreapp" className="AccessToDB.Tests.SlopesRepositoryTests" name="TestAddSlopeAsyncFailsWhenSlopeIdRepeats" />
    </UnitTest>
    <UnitTest name="AccessToDB.Tests.UsersRepositoryTests.TestCheckUserEmailExistsAsyncFalse(userEmail: &quot;userEmailb338a911-f8fa-4a04-9fcb-6f37aa070f30&quot;)" storage="c:\users\alena\desktop\7_sem\testing_and_debugging\skiresort\accesstodb.tests\bin\debug\net6.0\accesstodb.tests.dll" id="3784d63b-fe2b-ae0a-de2f-11cdfb252de6">
      <Execution id="f5402c10-ac21-430f-9db1-215f2ad458a7" />
      <TestMethod codeBase="C:\Users\alena\Desktop\7_sem\testing_and_debugging\SkiResort\AccessToDB.Tests\bin\Debug\net6.0\AccessToDB.Tests.dll" adapterTypeName="executor://xunit/VsTestRunner2/netcoreapp" className="AccessToDB.Tests.UsersRepositoryTests" name="TestCheckUserEmailExistsAsyncFalse" />
    </UnitTest>
    <UnitTest name="AccessToDB.Tests.UsersRepositoryTests.TestGetUserByEmailAsyncFailsWhenEmailNotExists(email: &quot;emailfd2a78a4-e532-44e0-a864-0c683dd850cc&quot;)" storage="c:\users\alena\desktop\7_sem\testing_and_debugging\skiresort\accesstodb.tests\bin\debug\net6.0\accesstodb.tests.dll" id="6258373c-a5b4-3d28-75bc-0e50905d5099">
      <Execution id="633b820d-0042-4779-bb3b-69225a42e98c" />
      <TestMethod codeBase="C:\Users\alena\Desktop\7_sem\testing_and_debugging\SkiResort\AccessToDB.Tests\bin\Debug\net6.0\AccessToDB.Tests.dll" adapterTypeName="executor://xunit/VsTestRunner2/netcoreapp" className="AccessToDB.Tests.UsersRepositoryTests" name="TestGetUserByEmailAsyncFailsWhenEmailNotExists" />
    </UnitTest>
    <UnitTest name="AccessToDB.Tests.UsersRepositoryTests.TestUpdateUserByIDAsyncOk(user: User { UserID = 239, CardID = 2, UserEmail = UserEmail42fbf0f2-2c6d-40b8-aa43-a9dbdbb84648, Password = passworddaeb42d5-1247-4403-ac86-39958652ea8b, Permissions = UNAUTHORIZED })" storage="c:\users\alena\desktop\7_sem\testing_and_debugging\skiresort\accesstodb.tests\bin\debug\net6.0\accesstodb.tests.dll" id="33fe1b15-020f-b158-72b6-43a6a1705a11">
      <Execution id="43818fc5-a309-45b6-a4a9-9ffcc6a75b65" />
      <TestMethod codeBase="C:\Users\alena\Desktop\7_sem\testing_and_debugging\SkiResort\AccessToDB.Tests\bin\Debug\net6.0\AccessToDB.Tests.dll" adapterTypeName="executor://xunit/VsTestRunner2/netcoreapp" className="AccessToDB.Tests.UsersRepositoryTests" name="TestUpdateUserByIDAsyncOk" />
    </UnitTest>
  </TestDefinitions>
  <TestEntries>
    <TestEntry testId="ec229f70-485a-f91b-53ed-bce655f6cd58" executionId="46470f41-9e66-4e1d-8adc-82e30c7921c5" testListId="8c84fa94-04c1-424b-9868-57a2d4851a1d" />
    <TestEntry testId="17df37ec-6c29-02d2-5da8-9d11fb9ccedd" executionId="f0356e1d-776b-4803-ac41-33f2e94731a9" testListId="8c84fa94-04c1-424b-9868-57a2d4851a1d" />
    <TestEntry testId="8f7ba917-f771-0dc5-f9b9-465c34344b12" executionId="4323c547-723f-4484-ae1d-799450f43662" testListId="8c84fa94-04c1-424b-9868-57a2d4851a1d" />
    <TestEntry testId="4423a4fd-6f5b-0435-5dca-632d89891db7" executionId="42f9a848-f880-4a2a-8b9a-5876f485ac26" testListId="8c84fa94-04c1-424b-9868-57a2d4851a1d" />
    <TestEntry testId="d1ac1320-d6b4-94f9-e65a-5819f7a38a7f" executionId="f3c24962-de04-427e-ad4a-2aee726fab0e" testListId="8c84fa94-04c1-424b-9868-57a2d4851a1d" />
    <TestEntry testId="3741b26d-6ee0-6246-29e4-92009bff37b0" executionId="f421672b-e180-4528-90d0-8e5713c4f471" testListId="8c84fa94-04c1-424b-9868-57a2d4851a1d" />
    <TestEntry testId="e90fb442-fe4c-9738-5826-ef6b26f6ef68" executionId="065fda7b-38ce-4184-8943-f0d90cae8159" testListId="8c84fa94-04c1-424b-9868-57a2d4851a1d" />
    <TestEntry testId="f9435956-2e34-e52b-c34e-dce53665cf8e" executionId="53cf9b27-2ec9-4726-9be3-9b27b42e7c7a" testListId="8c84fa94-04c1-424b-9868-57a2d4851a1d" />
    <TestEntry testId="3784d63b-fe2b-ae0a-de2f-11cdfb252de6" executionId="f5402c10-ac21-430f-9db1-215f2ad458a7" testListId="8c84fa94-04c1-424b-9868-57a2d4851a1d" />
    <TestEntry testId="e75bb6e2-88d9-af2a-a444-c4a9d67f0f0e" executionId="de075b97-60a3-475a-9933-f02c8c9e0a7b" testListId="8c84fa94-04c1-424b-9868-57a2d4851a1d" />
    <TestEntry testId="9fde1690-1eda-3074-b632-2f5137f0954e" executionId="ffaa95d7-4c61-4b94-8335-34dff19a8aa2" testListId="8c84fa94-04c1-424b-9868-57a2d4851a1d" />
    <TestEntry testId="42004427-9563-eb23-aa13-7d8c782190b6" executionId="a8644a6d-aeeb-4073-8e3b-411e89d30be8" testListId="8c84fa94-04c1-424b-9868-57a2d4851a1d" />
    <TestEntry testId="353f6452-8cf2-634f-6d69-e97788f5113c" executionId="3b5c50f9-a4f0-4cc6-89d8-3d78f688c8cb" testListId="8c84fa94-04c1-424b-9868-57a2d4851a1d" />
    <TestEntry testId="b9ff4c6f-d8b8-09b0-87dd-e0fb10468510" executionId="1ba7cbfc-0bf4-49a3-82ac-ffec9dffaecb" testListId="8c84fa94-04c1-424b-9868-57a2d4851a1d" />
    <TestEntry testId="3c521313-4ed6-6bce-b4f9-c359411028e7" executionId="62ee3f38-4e3d-4667-9bc3-2abf8d6b0521" testListId="8c84fa94-04c1-424b-9868-57a2d4851a1d" />
    <TestEntry testId="bd1a2eda-95cc-0c85-9de0-5ac7e2c89286" executionId="cd953d04-eee3-409c-8338-7b9b655a1b68" testListId="8c84fa94-04c1-424b-9868-57a2d4851a1d" />
    <TestEntry testId="83994f6f-cfe1-d2a5-af06-0c0eec264be2" executionId="9f55a84f-902d-469f-971c-d2b495a7c4c9" testListId="8c84fa94-04c1-424b-9868-57a2d4851a1d" />
    <TestEntry testId="eb6e4531-df08-e25e-e13d-153a63a6836a" executionId="fee44a24-6b6a-4ff2-808a-78197eb58b83" testListId="8c84fa94-04c1-424b-9868-57a2d4851a1d" />
    <TestEntry testId="9bbefb83-8311-6e03-307f-415e3495e223" executionId="15693502-9b65-4da5-a36e-0665e5a5e787" testListId="8c84fa94-04c1-424b-9868-57a2d4851a1d" />
    <TestEntry testId="e3c4099d-a01e-dece-8579-29b0bccdae88" executionId="6a0b273c-b296-4d32-a0b9-4078c933795a" testListId="8c84fa94-04c1-424b-9868-57a2d4851a1d" />
    <TestEntry testId="6258373c-a5b4-3d28-75bc-0e50905d5099" executionId="633b820d-0042-4779-bb3b-69225a42e98c" testListId="8c84fa94-04c1-424b-9868-57a2d4851a1d" />
    <TestEntry testId="9a26db14-ddcc-81c9-1c74-3b6e6b51f49f" executionId="5b453a9f-891c-446e-8678-baa6c77cfda0" testListId="8c84fa94-04c1-424b-9868-57a2d4851a1d" />
    <TestEntry testId="41293e2b-5258-a478-f95d-86ac1192a405" executionId="707024aa-5739-4d55-baa1-8c1909072b2d" testListId="8c84fa94-04c1-424b-9868-57a2d4851a1d" />
    <TestEntry testId="d574bd74-7e8e-37d7-2ff6-67978c98fa60" executionId="386c3dbc-d63e-42aa-8dc3-31097555eee3" testListId="8c84fa94-04c1-424b-9868-57a2d4851a1d" />
    <TestEntry testId="30f8e924-9784-0a43-e807-094f70e06567" executionId="9a79b622-1735-4cee-abd5-e8e903a53743" testListId="8c84fa94-04c1-424b-9868-57a2d4851a1d" />
    <TestEntry testId="9ae5727f-4717-7795-a001-913a17315ef9" executionId="64b729bf-8d36-4f85-842b-1af2bba8b8d0" testListId="8c84fa94-04c1-424b-9868-57a2d4851a1d" />
    <TestEntry testId="7439a320-fc80-f694-a0c7-11607e9fd009" executionId="d99d7415-279b-4c9d-a8ce-97e4cccda326" testListId="8c84fa94-04c1-424b-9868-57a2d4851a1d" />
    <TestEntry testId="2018610a-9287-6f10-2d87-35e156c1c279" executionId="bdbd7151-1a87-4c7a-9181-6ecea4e1f210" testListId="8c84fa94-04c1-424b-9868-57a2d4851a1d" />
    <TestEntry testId="4145f44e-b4b1-a618-09e8-c631496e6f1a" executionId="07d667ef-6891-4234-89ed-2091eb8deb54" testListId="8c84fa94-04c1-424b-9868-57a2d4851a1d" />
    <TestEntry testId="b14b21f6-3362-9c8e-68ea-1343dd24cf2b" executionId="c59542fa-c8bb-4c20-9fbe-78ceba97556b" testListId="8c84fa94-04c1-424b-9868-57a2d4851a1d" />
    <TestEntry testId="4f5c67d6-aa07-49bf-c754-044343c5070d" executionId="6343936a-6f9e-489a-a32c-035a7c6d95a8" testListId="8c84fa94-04c1-424b-9868-57a2d4851a1d" />
    <TestEntry testId="40d94399-5d63-f988-0ed0-d28a19a604d0" executionId="0481d4b4-9ef8-4399-a169-2d448a68045e" testListId="8c84fa94-04c1-424b-9868-57a2d4851a1d" />
    <TestEntry testId="4e6d4e51-ba07-2114-fbb5-7d5cc6582cb0" executionId="3a91f5b3-2114-41cc-8c5c-10693f2cde5c" testListId="8c84fa94-04c1-424b-9868-57a2d4851a1d" />
    <TestEntry testId="c401a327-16fd-da73-6494-f35383a90300" executionId="7ef90f1a-229f-4ad9-8cae-d09119802bfe" testListId="8c84fa94-04c1-424b-9868-57a2d4851a1d" />
    <TestEntry testId="8776c139-243e-a9aa-9a51-e21df374e3d8" executionId="7d4dd5c7-0e9e-480c-add4-85101b9a5145" testListId="8c84fa94-04c1-424b-9868-57a2d4851a1d" />
    <TestEntry testId="33fe1b15-020f-b158-72b6-43a6a1705a11" executionId="43818fc5-a309-45b6-a4a9-9ffcc6a75b65" testListId="8c84fa94-04c1-424b-9868-57a2d4851a1d" />
    <TestEntry testId="607e8298-f113-be33-300e-15a343893443" executionId="7838c57f-e8d8-4229-9d41-da482ca90109" testListId="8c84fa94-04c1-424b-9868-57a2d4851a1d" />
    <TestEntry testId="3bf2bd1b-a4e4-4a73-a953-2e64b2b838fe" executionId="0ad0baed-c2ea-45ce-9bed-b4cd9de425e1" testListId="8c84fa94-04c1-424b-9868-57a2d4851a1d" />
    <TestEntry testId="ade2760a-e60a-0aae-cd84-e29f0bf1d380" executionId="140b572a-e34d-4886-8ac2-3ff4ccffe130" testListId="8c84fa94-04c1-424b-9868-57a2d4851a1d" />
  </TestEntries>
  <TestLists>
    <TestList name="Список результатов" id="8c84fa94-04c1-424b-9868-57a2d4851a1d" />
    <TestList name="Все загруженные результаты" id="19431567-8539-422a-85d7-44ee4e166bda" />
  </TestLists>
  <ResultSummary outcome="Completed">
    <Counters total="39" executed="39" passed="39" failed="0" error="0" timeout="0" aborted="0" inconclusive="0" passedButRunAborted="0" notRunnable="0" notExecuted="0" disconnected="0" warning="0" completed="0" inProgress="0" pending="0" />
    <Output>
      <StdOut>[xUnit.net 00:00:00.00] xUnit.net VSTest Adapter v2.4.5+1caef2f33e (64-bit .NET 6.0.3)&#xD;
[xUnit.net 00:00:00.87]   Discovering: AccessToDB.Tests&#xD;
[xUnit.net 00:00:01.02]   Discovered:  AccessToDB.Tests&#xD;
[xUnit.net 00:00:01.02]   Starting:    AccessToDB.Tests&#xD;
[xUnit.net 00:00:24.95]   Finished:    AccessToDB.Tests&#xD;
</StdOut>
    </Output>
  </ResultSummary>
</TestRun>