<?xml version="1.0" encoding="utf-8"?>
<TestRun id="c5d823cd-8334-4331-9df0-aecd9d5338ce" name="alena@DESKTOP-TJ9D65N 2022-10-15 20:01:43" runUser="DESKTOP-TJ9D65N\alena" xmlns="http://microsoft.com/schemas/VisualStudio/TeamTest/2010">
  <Times creation="2022-10-15T20:01:43.9657742+03:00" queuing="2022-10-15T20:01:43.9657745+03:00" start="2022-10-15T20:01:40.3414783+03:00" finish="2022-10-15T20:02:04.9201326+03:00" />
  <TestSettings name="default" id="6d02ff9f-0576-4d17-9d32-ac03c1b404a7">
    <Deployment runDeploymentRoot="alena_DESKTOP-TJ9D65N_2022-10-15_20_01_43" />
  </TestSettings>
  <Results>
    <UnitTestResult executionId="a944e449-2367-4288-8421-ddcb25fd495c" testId="edcdcfa1-ad24-d0d9-fe6d-011ca43a7935" testName="AccessToDB.Tests.SlopesRepositoryTests.TestAddSlopeAsyncFailsWhenSlopeIdRepeats(slope: Slope { SlopeID = 136, SlopeName = slopeNamebaed9ecf-9dac-478b-b922-42a892258ed6, IsOpen = True, DifficultyLevel = 89, ConnectedLifts =  })" computerName="DESKTOP-TJ9D65N" duration="00:00:00.6123626" startTime="2022-10-15T20:01:56.4009739+03:00" endTime="2022-10-15T20:01:56.4009743+03:00" testType="13cdc9d9-ddb5-4fa4-a97d-d965ccfc6d4b" outcome="Passed" testListId="8c84fa94-04c1-424b-9868-57a2d4851a1d" relativeResultsDirectory="a944e449-2367-4288-8421-ddcb25fd495c" />
    <UnitTestResult executionId="59964c28-ed22-4582-aff2-16cf9019bbd1" testId="ec229f70-485a-f91b-53ed-bce655f6cd58" testName="AccessToDB.Tests.LiftsRepositoryTests.TestAddLiftAutoIncrementAsyncOk" computerName="DESKTOP-TJ9D65N" duration="00:00:00.6089561" startTime="2022-10-15T20:01:47.8988258+03:00" endTime="2022-10-15T20:01:47.8988260+03:00" testType="13cdc9d9-ddb5-4fa4-a97d-d965ccfc6d4b" outcome="Passed" testListId="8c84fa94-04c1-424b-9868-57a2d4851a1d" relativeResultsDirectory="59964c28-ed22-4582-aff2-16cf9019bbd1" />
    <UnitTestResult executionId="ea9629e0-ba19-42a8-93f7-a821257e1ae1" testId="607e8298-f113-be33-300e-15a343893443" testName="AccessToDB.Tests.LiftsRepositoryTests.TestGetLiftsAsyncEmpty" computerName="DESKTOP-TJ9D65N" duration="00:00:00.5640632" startTime="2022-10-15T20:01:50.8088629+03:00" endTime="2022-10-15T20:01:50.8088631+03:00" testType="13cdc9d9-ddb5-4fa4-a97d-d965ccfc6d4b" outcome="Passed" testListId="8c84fa94-04c1-424b-9868-57a2d4851a1d" relativeResultsDirectory="ea9629e0-ba19-42a8-93f7-a821257e1ae1" />
    <UnitTestResult executionId="a86c65e1-38e2-48da-840d-f80c328f68a1" testId="7f88a559-b67d-6412-b3c0-c1f8bf6f0d15" testName="AccessToDB.Tests.SlopesRepositoryTests.TestUpdateSlopeByIDAsyncOk(slope: Slope { SlopeID = 157, SlopeName = slopeName60d813e8-4fdf-4fde-9067-bfd17fb31586, IsOpen = True, DifficultyLevel = 221, ConnectedLifts =  })" computerName="DESKTOP-TJ9D65N" duration="00:00:00.0010000" startTime="2022-10-15T20:01:55.7875162+03:00" endTime="2022-10-15T20:01:55.7875168+03:00" testType="13cdc9d9-ddb5-4fa4-a97d-d965ccfc6d4b" outcome="Failed" testListId="8c84fa94-04c1-424b-9868-57a2d4851a1d" relativeResultsDirectory="a86c65e1-38e2-48da-840d-f80c328f68a1">
      <Output>
        <ErrorInfo>
          <Message>System.InvalidOperationException : Operations that change non-concurrent collections must have exclusive access. A concurrent update was performed on this collection and corrupted its state. The collection's state is no longer correct.</Message>
          <StackTrace>   at System.Collections.Generic.Dictionary`2.FindValue(TKey key)&#xD;
   at System.Collections.Generic.Dictionary`2.TryGetValue(TKey key, TValue&amp; value)&#xD;
   at ProGaudi.MsgPack.Light.MsgPackContext.GetObjectActivator(Type type)&#xD;
   at ProGaudi.MsgPack.Light.MsgPackContext.&lt;&gt;c__DisplayClass24_0.&lt;TryGenerateConverterFromGenericConverter&gt;b__0(Type x)&#xD;
   at ProGaudi.MsgPack.Light.MsgPackContext.TryGenerateConverterFromGenericConverter(Type type)&#xD;
   at ProGaudi.MsgPack.Light.MsgPackContext.GetConverter[T]()&#xD;
   at ProGaudi.MsgPack.Light.MsgPackSerializer.GetConverter[T](MsgPackContext context)&#xD;
   at ProGaudi.MsgPack.Light.MsgPackSerializer.Deserialize[T](MemoryStream stream, MsgPackContext context)&#xD;
   at ProGaudi.Tarantool.Client.LogicalConnection.SendRequest[TRequest,TResponse](TRequest request, Nullable`1 timeout)&#xD;
   at ProGaudi.Tarantool.Client.LogicalConnectionManager.SendRequest[TRequest,TResponse](TRequest request, Nullable`1 timeout)&#xD;
   at ProGaudi.Tarantool.Client.Schema.Select[T](UInt32 spaceId, Iterator iterator, UInt32 id)&#xD;
   at ProGaudi.Tarantool.Client.Schema.Reload()&#xD;
   at ProGaudi.Tarantool.Client.Box.Connect()&#xD;
   at ProGaudi.Tarantool.Client.Box.Connect(String replicationSource)&#xD;
   at AccessToDB.TarantoolContext.Initialize(String connection_string) in C:\Users\alena\Desktop\7_sem\testing_and_debugging\SkiResort\AccessToDB\TarantoolContext.cs:line 52&#xD;
   at AccessToDB.TarantoolContext..ctor(String connection_string) in C:\Users\alena\Desktop\7_sem\testing_and_debugging\SkiResort\AccessToDB\TarantoolContext.cs:line 32&#xD;
   at AccessToDB.Tests.SlopesRepositoryTests..ctor() in C:\Users\alena\Desktop\7_sem\testing_and_debugging\SkiResort\AccessToDB.Tests\SlopesRepositoryTests.cs:line 28&#xD;
   at System.RuntimeType.CreateInstanceDefaultCtor(Boolean publicOnly, Boolean wrapExceptions)</StackTrace>
        </ErrorInfo>
      </Output>
    </UnitTestResult>
    <UnitTestResult executionId="666f4d4a-bd61-4cda-ae55-1bbbbba3f7ce" testId="04b21f1a-93b9-158e-b7a2-42e072b7c640" testName="AccessToDB.Tests.LiftsRepositoryTests.TestGetLiftByIdAsyncOk(lift: Lift { LiftID = 26, LiftName = liftNameff845577-ccb5-404c-abd9-730dd42c8b41, IsOpen = True, SeatsAmount = 198, LiftingTime = 63, QueueTime = 150, ConnectedSlopes =  })" computerName="DESKTOP-TJ9D65N" duration="00:00:00.0010000" startTime="2022-10-15T20:01:49.6872025+03:00" endTime="2022-10-15T20:01:49.6872028+03:00" testType="13cdc9d9-ddb5-4fa4-a97d-d965ccfc6d4b" outcome="Failed" testListId="8c84fa94-04c1-424b-9868-57a2d4851a1d" relativeResultsDirectory="666f4d4a-bd61-4cda-ae55-1bbbbba3f7ce">
      <Output>
        <ErrorInfo>
          <Message>ProGaudi.MsgPack.Light.ConverterNotFoundException : Converter not found for type System.Int64</Message>
          <StackTrace>   at ProGaudi.MsgPack.Light.MsgPackContext.GetConverter[T]()&#xD;
   at ProGaudi.Tarantool.Client.Model.BoxInfo.Converter.InitializeIfNeeded()&#xD;
   at ProGaudi.Tarantool.Client.Model.BoxInfo.Converter.Read(IMsgPackReader reader)&#xD;
   at ProGaudi.MsgPack.Light.Converters.ArrayConverter`2.ReadArray(IMsgPackReader reader, UInt32 length)&#xD;
   at ProGaudi.MsgPack.Light.Converters.ArrayConverter`2.Read(IMsgPackReader reader)&#xD;
   at ProGaudi.Tarantool.Client.Converters.ResponsePacketConverter`1.ProGaudi.MsgPack.Light.IMsgPackConverter&lt;ProGaudi.Tarantool.Client.Model.Responses.DataResponse&lt;T&gt;&gt;.Read(IMsgPackReader reader)&#xD;
   at ProGaudi.MsgPack.Light.MsgPackSerializer.Deserialize[T](MemoryStream stream, MsgPackContext context)&#xD;
   at ProGaudi.Tarantool.Client.LogicalConnection.SendRequest[TRequest,TResponse](TRequest request, Nullable`1 timeout)&#xD;
   at ProGaudi.Tarantool.Client.LogicalConnectionManager.SendRequest[TRequest,TResponse](TRequest request, Nullable`1 timeout)&#xD;
   at ProGaudi.Tarantool.Client.Box.Eval[TTuple,TResponse](String expression, TTuple parameters)&#xD;
   at ProGaudi.Tarantool.Client.Box.ReloadBoxInfo()&#xD;
   at ProGaudi.Tarantool.Client.Box.Connect()&#xD;
   at ProGaudi.Tarantool.Client.Box.Connect(String replicationSource)&#xD;
   at AccessToDB.TarantoolContext.Initialize(String connection_string) in C:\Users\alena\Desktop\7_sem\testing_and_debugging\SkiResort\AccessToDB\TarantoolContext.cs:line 52&#xD;
   at AccessToDB.TarantoolContext..ctor(String connection_string) in C:\Users\alena\Desktop\7_sem\testing_and_debugging\SkiResort\AccessToDB\TarantoolContext.cs:line 32&#xD;
   at AccessToDB.Tests.LiftsRepositoryTests..ctor() in C:\Users\alena\Desktop\7_sem\testing_and_debugging\SkiResort\AccessToDB.Tests\LiftsRepositoryTests.cs:line 28&#xD;
   at System.RuntimeType.CreateInstanceDefaultCtor(Boolean publicOnly, Boolean wrapExceptions)</StackTrace>
        </ErrorInfo>
      </Output>
    </UnitTestResult>
    <UnitTestResult executionId="29c8b779-f740-43de-83db-802a0377cbf0" testId="6bd738e6-a6f4-60a9-74d3-bbd77b103140" testName="AccessToDB.Tests.LiftsSlopesRepositoryTests.TestDeleteLiftSlopeByIDAsyncFailsWhenIDNotExists(liftSlopeID: 6)" computerName="DESKTOP-TJ9D65N" duration="00:00:00.5648782" startTime="2022-10-15T20:02:04.1921869+03:00" endTime="2022-10-15T20:02:04.1921872+03:00" testType="13cdc9d9-ddb5-4fa4-a97d-d965ccfc6d4b" outcome="Passed" testListId="8c84fa94-04c1-424b-9868-57a2d4851a1d" relativeResultsDirectory="29c8b779-f740-43de-83db-802a0377cbf0" />
    <UnitTestResult executionId="20d5dd7c-2487-42d8-9bbc-e7e40959255f" testId="4145f44e-b4b1-a618-09e8-c631496e6f1a" testName="AccessToDB.Tests.LiftsSlopesRepositoryTests.TestGetLiftSlopesAsyncEmpty" computerName="DESKTOP-TJ9D65N" duration="00:00:00.5691423" startTime="2022-10-15T20:02:03.6241862+03:00" endTime="2022-10-15T20:02:03.6241863+03:00" testType="13cdc9d9-ddb5-4fa4-a97d-d965ccfc6d4b" outcome="Passed" testListId="8c84fa94-04c1-424b-9868-57a2d4851a1d" relativeResultsDirectory="20d5dd7c-2487-42d8-9bbc-e7e40959255f" />
    <UnitTestResult executionId="68d0d3c0-ba0e-4b22-b85e-8781d12963d4" testId="859b6ada-1718-249b-0413-1f9ad9688c1b" testName="AccessToDB.Tests.SlopesRepositoryTests.TestGetSlopeByNameAsyncFailsWhenNameNotExists(slopeName: &quot;slopeName622bb497-73f9-445d-bfa4-89f757c04a03&quot;)" computerName="DESKTOP-TJ9D65N" duration="00:00:00.5664692" startTime="2022-10-15T20:01:58.1930089+03:00" endTime="2022-10-15T20:01:58.1930090+03:00" testType="13cdc9d9-ddb5-4fa4-a97d-d965ccfc6d4b" outcome="Passed" testListId="8c84fa94-04c1-424b-9868-57a2d4851a1d" relativeResultsDirectory="68d0d3c0-ba0e-4b22-b85e-8781d12963d4" />
    <UnitTestResult executionId="5f986108-8f51-4f47-99e4-c63b63a70634" testId="b9ea1828-cd0f-254e-a01b-9400434703b4" testName="AccessToDB.Tests.UsersRepositoryTests.TestCheckUserEmailExistsAsyncFalse(userEmail: &quot;userEmail4a56b5b2-af92-45cb-b1c7-b142bb1fd668&quot;)" computerName="DESKTOP-TJ9D65N" duration="00:00:00.5662888" startTime="2022-10-15T20:01:44.2370676+03:00" endTime="2022-10-15T20:01:44.2370678+03:00" testType="13cdc9d9-ddb5-4fa4-a97d-d965ccfc6d4b" outcome="Passed" testListId="8c84fa94-04c1-424b-9868-57a2d4851a1d" relativeResultsDirectory="5f986108-8f51-4f47-99e4-c63b63a70634" />
    <UnitTestResult executionId="3790115d-96b6-4422-be77-6f8bfe5dee20" testId="ec60f4a4-4374-e030-83b3-4f3d2ca7a640" testName="AccessToDB.Tests.LiftsRepositoryTests.TestUpdateLiftByIDAsyncOk(lift: Lift { LiftID = 206, LiftName = liftName09675acf-6be4-4495-8b51-e1782d718391, IsOpen = True, SeatsAmount = 46, LiftingTime = 170, QueueTime = 118, ConnectedSlopes =  })" computerName="DESKTOP-TJ9D65N" duration="00:00:00.6141831" startTime="2022-10-15T20:01:48.5169553+03:00" endTime="2022-10-15T20:01:48.5169555+03:00" testType="13cdc9d9-ddb5-4fa4-a97d-d965ccfc6d4b" outcome="Passed" testListId="8c84fa94-04c1-424b-9868-57a2d4851a1d" relativeResultsDirectory="3790115d-96b6-4422-be77-6f8bfe5dee20" />
    <UnitTestResult executionId="6dbd2d8f-c2e6-4d5d-ae87-be612f0f300b" testId="2beb176e-9319-ccb8-2457-0e15b71fb3ce" testName="AccessToDB.Tests.UsersRepositoryTests.TestDeleteUserByIDAsyncFailsWhenIDNotExists(userID: 90)" computerName="DESKTOP-TJ9D65N" duration="00:00:00.6387041" startTime="2022-10-15T20:01:42.4791180+03:00" endTime="2022-10-15T20:01:42.4791423+03:00" testType="13cdc9d9-ddb5-4fa4-a97d-d965ccfc6d4b" outcome="Passed" testListId="8c84fa94-04c1-424b-9868-57a2d4851a1d" relativeResultsDirectory="6dbd2d8f-c2e6-4d5d-ae87-be612f0f300b" />
    <UnitTestResult executionId="36287bad-cdc4-4889-a551-c5b2fb533401" testId="ec190323-fb57-301b-7944-c9a9a8baee06" testName="AccessToDB.Tests.LiftsSlopesRepositoryTests.TestGetLiftSlopeByIdAsyncOk(liftSlope: LiftSlope { RecordID = 88, LiftID = 81, SlopeID = 159 })" computerName="DESKTOP-TJ9D65N" duration="00:00:00.6016501" startTime="2022-10-15T20:02:02.4310013+03:00" endTime="2022-10-15T20:02:02.4310014+03:00" testType="13cdc9d9-ddb5-4fa4-a97d-d965ccfc6d4b" outcome="Passed" testListId="8c84fa94-04c1-424b-9868-57a2d4851a1d" relativeResultsDirectory="36287bad-cdc4-4889-a551-c5b2fb533401" />
    <UnitTestResult executionId="70022d82-5ca9-4cbb-8b78-3bfc06b4021d" testId="a4cd41a3-1007-b105-fb02-601efcb2b5e1" testName="AccessToDB.Tests.UsersRepositoryTests.TestGetUserByEmailAsyncFailsWhenEmailNotExists(email: &quot;email9855e106-8f1f-41c5-bdb0-e0b1acc53e5f&quot;)" computerName="DESKTOP-TJ9D65N" duration="00:00:00.5692455" startTime="2022-10-15T20:01:45.4281482+03:00" endTime="2022-10-15T20:01:45.4281484+03:00" testType="13cdc9d9-ddb5-4fa4-a97d-d965ccfc6d4b" outcome="Passed" testListId="8c84fa94-04c1-424b-9868-57a2d4851a1d" relativeResultsDirectory="70022d82-5ca9-4cbb-8b78-3bfc06b4021d" />
    <UnitTestResult executionId="ead07eec-0120-46b5-a583-5bc5883f50a6" testId="3c521313-4ed6-6bce-b4f9-c359411028e7" testName="AccessToDB.Tests.TurnstilesRepositoryTests.TestGetTurnstilesAsyncEmpty" computerName="DESKTOP-TJ9D65N" duration="00:00:00.5634877" startTime="2022-10-15T20:01:53.1333160+03:00" endTime="2022-10-15T20:01:53.1333163+03:00" testType="13cdc9d9-ddb5-4fa4-a97d-d965ccfc6d4b" outcome="Passed" testListId="8c84fa94-04c1-424b-9868-57a2d4851a1d" relativeResultsDirectory="ead07eec-0120-46b5-a583-5bc5883f50a6" />
    <UnitTestResult executionId="aa9db971-c75c-41d2-8454-a88d017fb9da" testId="195be6b7-eb4f-8d42-3a6e-7aa1fdc306e7" testName="AccessToDB.Tests.LiftsSlopesRepositoryTests.TestAddLiftSlopeAsyncFailsWhenLiftSlopeIdRepeats(liftSlope: LiftSlope { RecordID = 165, LiftID = 15, SlopeID = 107 })" computerName="DESKTOP-TJ9D65N" duration="00:00:00.6154745" startTime="2022-10-15T20:01:59.9589627+03:00" endTime="2022-10-15T20:01:59.9589637+03:00" testType="13cdc9d9-ddb5-4fa4-a97d-d965ccfc6d4b" outcome="Passed" testListId="8c84fa94-04c1-424b-9868-57a2d4851a1d" relativeResultsDirectory="aa9db971-c75c-41d2-8454-a88d017fb9da" />
    <UnitTestResult executionId="22d71aae-6422-4973-9127-6c2e288f547a" testId="5e1a68b2-b1d5-e6a4-a1e7-f9a4f2b264c3" testName="AccessToDB.Tests.TurnstilesRepositoryTests.TestAddTurnstileAsyncFailsWhenTurnstileIdRepeats(turnstile: Turnstile { TurnstileID = 4, LiftID = 128, IsOpen = True })" computerName="DESKTOP-TJ9D65N" duration="00:00:00.6114526" startTime="2022-10-15T20:01:51.9943595+03:00" endTime="2022-10-15T20:01:51.9943597+03:00" testType="13cdc9d9-ddb5-4fa4-a97d-d965ccfc6d4b" outcome="Passed" testListId="8c84fa94-04c1-424b-9868-57a2d4851a1d" relativeResultsDirectory="22d71aae-6422-4973-9127-6c2e288f547a" />
    <UnitTestResult executionId="5f55c355-4591-45c1-a1a4-55f18a082b7f" testId="fbd2d2e2-7ed9-798f-e9a3-6521b4dc443c" testName="AccessToDB.Tests.LiftsRepositoryTests.TestGetLiftByNameAsyncFailsWhenNameNotExists(liftName: &quot;liftNamea5aa8437-c951-4935-873a-dfd42c2eb727&quot;)" computerName="DESKTOP-TJ9D65N" duration="00:00:00.5631329" startTime="2022-10-15T20:01:50.2407912+03:00" endTime="2022-10-15T20:01:50.2407914+03:00" testType="13cdc9d9-ddb5-4fa4-a97d-d965ccfc6d4b" outcome="Passed" testListId="8c84fa94-04c1-424b-9868-57a2d4851a1d" relativeResultsDirectory="5f55c355-4591-45c1-a1a4-55f18a082b7f" />
    <UnitTestResult executionId="85328dc0-8df0-4391-a839-902afb669330" testId="e75bb6e2-88d9-af2a-a444-c4a9d67f0f0e" testName="AccessToDB.Tests.UsersRepositoryTests.TestAddUserAutoIncrementAsyncOk" computerName="DESKTOP-TJ9D65N" duration="00:00:00.6302337" startTime="2022-10-15T20:01:47.2803798+03:00" endTime="2022-10-15T20:01:47.2803801+03:00" testType="13cdc9d9-ddb5-4fa4-a97d-d965ccfc6d4b" outcome="Passed" testListId="8c84fa94-04c1-424b-9868-57a2d4851a1d" relativeResultsDirectory="85328dc0-8df0-4391-a839-902afb669330" />
    <UnitTestResult executionId="50fc3547-4de9-419c-b95d-6d74e870e98b" testId="b39296be-e530-bc4a-bcb1-20c6bd0a8e39" testName="AccessToDB.Tests.LiftsSlopesRepositoryTests.TestGetSlopesByLiftIdAsyncFailsWhenSlopeNotExists(liftSlope: LiftSlope { RecordID = 171, LiftID = 100, SlopeID = 53 })" computerName="DESKTOP-TJ9D65N" duration="00:00:00.5983168" startTime="2022-10-15T20:02:01.2090398+03:00" endTime="2022-10-15T20:02:01.2090399+03:00" testType="13cdc9d9-ddb5-4fa4-a97d-d965ccfc6d4b" outcome="Passed" testListId="8c84fa94-04c1-424b-9868-57a2d4851a1d" relativeResultsDirectory="50fc3547-4de9-419c-b95d-6d74e870e98b" />
    <UnitTestResult executionId="9bfe8a1d-4935-42ef-a918-eef0ba66f109" testId="33663838-b44e-1ea7-b680-a4594d3dcd56" testName="AccessToDB.Tests.UsersRepositoryTests.TestGetUserByIdAsyncOk(user: User { UserID = 222, CardID = 124, UserEmail = UserEmail9527d9f6-abc9-41a0-afaf-3d29ad3f2d84, Password = password1f02b376-7abb-4327-9044-d2def36f45c2, Permissions = UNAUTHORIZED })" computerName="DESKTOP-TJ9D65N" duration="00:00:00.5929778" startTime="2022-10-15T20:01:46.0270857+03:00" endTime="2022-10-15T20:01:46.0270860+03:00" testType="13cdc9d9-ddb5-4fa4-a97d-d965ccfc6d4b" outcome="Passed" testListId="8c84fa94-04c1-424b-9868-57a2d4851a1d" relativeResultsDirectory="9bfe8a1d-4935-42ef-a918-eef0ba66f109" />
    <UnitTestResult executionId="d6f27339-d6d1-40e3-b450-64c3313dfc14" testId="9bbefb83-8311-6e03-307f-415e3495e223" testName="AccessToDB.Tests.SlopesRepositoryTests.TestGetSlopesAsyncEmpty" computerName="DESKTOP-TJ9D65N" duration="00:00:00.5709765" startTime="2022-10-15T20:01:58.7688871+03:00" endTime="2022-10-15T20:01:58.7688874+03:00" testType="13cdc9d9-ddb5-4fa4-a97d-d965ccfc6d4b" outcome="Passed" testListId="8c84fa94-04c1-424b-9868-57a2d4851a1d" relativeResultsDirectory="d6f27339-d6d1-40e3-b450-64c3313dfc14" />
    <UnitTestResult executionId="c4cbfb82-be84-4a61-9010-ec42add613d3" testId="8539ec06-0a98-1555-25ba-6839f223fe99" testName="AccessToDB.Tests.UsersRepositoryTests.TestAddUserAsyncFailsWhenUserIdRepeats(user: User { UserID = 229, CardID = 248, UserEmail = UserEmail0086e65a-39ec-472c-971c-7f2275f6004a, Password = passwordbbd972fa-965e-4e93-91ac-024493e39168, Permissions = UNAUTHORIZED })" computerName="DESKTOP-TJ9D65N" duration="00:00:00.6159131" startTime="2022-10-15T20:01:46.6467360+03:00" endTime="2022-10-15T20:01:46.6467362+03:00" testType="13cdc9d9-ddb5-4fa4-a97d-d965ccfc6d4b" outcome="Passed" testListId="8c84fa94-04c1-424b-9868-57a2d4851a1d" relativeResultsDirectory="c4cbfb82-be84-4a61-9010-ec42add613d3" />
    <UnitTestResult executionId="8a2ab545-7556-4c71-b8e9-f9771da27b58" testId="81563946-2624-efcb-4e6b-84e1a61aaa30" testName="AccessToDB.Tests.LiftsRepositoryTests.TestDeleteLiftByIDAsyncFailsWhenIDNotExists(liftID: 246)" computerName="DESKTOP-TJ9D65N" duration="00:00:00.5659774" startTime="2022-10-15T20:01:51.3788081+03:00" endTime="2022-10-15T20:01:51.3788083+03:00" testType="13cdc9d9-ddb5-4fa4-a97d-d965ccfc6d4b" outcome="Passed" testListId="8c84fa94-04c1-424b-9868-57a2d4851a1d" relativeResultsDirectory="8a2ab545-7556-4c71-b8e9-f9771da27b58" />
    <UnitTestResult executionId="d45f570b-f5d9-42fd-b79c-e34606c2ad5b" testId="5c30b2dc-6b85-366e-1ae4-6ed010d54f1d" testName="AccessToDB.Tests.UsersRepositoryTests.TestCheckUserIdExistsAsyncTrue(user: User { UserID = 245, CardID = 216, UserEmail = UserEmail6611c3e8-f027-4c72-8dab-5c716d04fe06, Password = passwordfb4477be-a607-49e8-98f4-3895fc03b3f7, Permissions = UNAUTHORIZED })" computerName="DESKTOP-TJ9D65N" duration="00:00:00.6002672" startTime="2022-10-15T20:01:43.6660685+03:00" endTime="2022-10-15T20:01:43.6660689+03:00" testType="13cdc9d9-ddb5-4fa4-a97d-d965ccfc6d4b" outcome="Passed" testListId="8c84fa94-04c1-424b-9868-57a2d4851a1d" relativeResultsDirectory="d45f570b-f5d9-42fd-b79c-e34606c2ad5b" />
    <UnitTestResult executionId="b873c41a-bfaa-48d6-b950-2c6cecee9baa" testId="b0e74609-1e6b-2c35-9bba-0327e56db7b8" testName="AccessToDB.Tests.TurnstilesRepositoryTests.TestUpdateTurnstileByIDAsyncOk(turnstile: Turnstile { TurnstileID = 150, LiftID = 103, IsOpen = True })" computerName="DESKTOP-TJ9D65N" duration="00:00:00.6111870" startTime="2022-10-15T20:01:54.9691044+03:00" endTime="2022-10-15T20:01:54.9691046+03:00" testType="13cdc9d9-ddb5-4fa4-a97d-d965ccfc6d4b" outcome="Passed" testListId="8c84fa94-04c1-424b-9868-57a2d4851a1d" relativeResultsDirectory="b873c41a-bfaa-48d6-b950-2c6cecee9baa" />
    <UnitTestResult executionId="3b3a1159-7700-48a4-b4d5-231260cd10b0" testId="c2319df2-8182-4ab6-aeff-8ac635c2c9a8" testName="AccessToDB.Tests.LiftsSlopesRepositoryTests.TestGetLiftsBySlopeIdAsyncOk(slope1: Slope { SlopeID = 252, SlopeName = slopeName05d8343d-99af-4bbe-ba8a-54ef114556e8, IsOpen = True, DifficultyLevel = 91, ConnectedLifts =  }, slope2: Slope { SlopeID = 40, SlopeName = slopeNameb8473822-0d2d-4d74-bc33-f214bd68ae00, IsOpen = False, DifficultyLevel = 216, ConnectedLifts =  }, lift1: Lift { LiftID = 133, LiftName = liftNamecb9f5f2d-3a27-4c93-a094-d2cecb6d0597, IsOpen = True, SeatsAmount = 9, LiftingTime = 163, QueueTime = 37, ConnectedSlopes =  }, lift2: Lift { LiftID = 76, LiftName = liftNameaa3fe75f-905f-4668-a37a-fc646827b2db, IsOpen = False, SeatsAmount = 132, LiftingTime = 2, QueueTime = 122, ConnectedSlopes =  })" computerName="DESKTOP-TJ9D65N" duration="00:00:00.6519033" startTime="2022-10-15T20:02:04.8471625+03:00" endTime="2022-10-15T20:02:04.8471626+03:00" testType="13cdc9d9-ddb5-4fa4-a97d-d965ccfc6d4b" outcome="Passed" testListId="8c84fa94-04c1-424b-9868-57a2d4851a1d" relativeResultsDirectory="3b3a1159-7700-48a4-b4d5-231260cd10b0" />
    <UnitTestResult executionId="3bebda5b-ca38-4b43-8e88-51fdea2ebc9c" testId="45ff3475-496b-f198-a396-2094fb19c9bb" testName="AccessToDB.Tests.LiftsRepositoryTests.TestAddLiftAsyncFailsWhenLiftIdRepeats(lift: Lift { LiftID = 187, LiftName = liftName90d30892-cca3-433c-92d5-78f2200b62ed, IsOpen = True, SeatsAmount = 53, LiftingTime = 173, QueueTime = 19, ConnectedSlopes =  })" computerName="DESKTOP-TJ9D65N" duration="00:00:00.6134803" startTime="2022-10-15T20:01:49.1347093+03:00" endTime="2022-10-15T20:01:49.1347095+03:00" testType="13cdc9d9-ddb5-4fa4-a97d-d965ccfc6d4b" outcome="Passed" testListId="8c84fa94-04c1-424b-9868-57a2d4851a1d" relativeResultsDirectory="3bebda5b-ca38-4b43-8e88-51fdea2ebc9c" />
    <UnitTestResult executionId="1da31422-9b16-4ff9-8156-54c4f3ff8ba8" testId="2d298eae-3158-e415-9f70-12e99247ccb5" testName="AccessToDB.Tests.LiftsSlopesRepositoryTests.TestUpdateLiftSlopeByIDAsyncOk(liftSlope: LiftSlope { RecordID = 30, LiftID = 82, SlopeID = 106 })" computerName="DESKTOP-TJ9D65N" duration="00:00:00.6450191" startTime="2022-10-15T20:02:00.6079523+03:00" endTime="2022-10-15T20:02:00.6079525+03:00" testType="13cdc9d9-ddb5-4fa4-a97d-d965ccfc6d4b" outcome="Passed" testListId="8c84fa94-04c1-424b-9868-57a2d4851a1d" relativeResultsDirectory="1da31422-9b16-4ff9-8156-54c4f3ff8ba8" />
    <UnitTestResult executionId="2a80890e-5ad6-4e78-ad91-090f739ff671" testId="84f7b8d3-33cc-ead0-eb71-58d77feb11e4" testName="AccessToDB.Tests.UsersRepositoryTests.TestUpdateUserByIDAsyncOk(user: User { UserID = 217, CardID = 69, UserEmail = UserEmail21b1ae42-d2c7-455b-a9e5-e51a224cabe5, Password = password0174586c-305d-4509-958d-9cef4af56b49, Permissions = UNAUTHORIZED })" computerName="DESKTOP-TJ9D65N" duration="00:00:00.6144676" startTime="2022-10-15T20:01:44.8551102+03:00" endTime="2022-10-15T20:01:44.8551104+03:00" testType="13cdc9d9-ddb5-4fa4-a97d-d965ccfc6d4b" outcome="Passed" testListId="8c84fa94-04c1-424b-9868-57a2d4851a1d" relativeResultsDirectory="2a80890e-5ad6-4e78-ad91-090f739ff671" />
    <UnitTestResult executionId="34bc34df-320f-401a-b0e7-16af370b1528" testId="c5782f7f-a310-b277-ff5f-0e73b0b515a6" testName="AccessToDB.Tests.TurnstilesRepositoryTests.TestDeleteTurnstileByIDAsyncFailsWhenIDNotExists(turnstileID: 235)" computerName="DESKTOP-TJ9D65N" duration="00:00:00.5674970" startTime="2022-10-15T20:01:52.5663094+03:00" endTime="2022-10-15T20:01:52.5663096+03:00" testType="13cdc9d9-ddb5-4fa4-a97d-d965ccfc6d4b" outcome="Passed" testListId="8c84fa94-04c1-424b-9868-57a2d4851a1d" relativeResultsDirectory="34bc34df-320f-401a-b0e7-16af370b1528" />
    <UnitTestResult executionId="e2c846ad-efa7-4821-ba07-d9f42c758906" testId="151a0e08-58f9-3553-3c2e-f8fd76e63aed" testName="AccessToDB.Tests.TurnstilesRepositoryTests.TestGetTurnstilesByLiftIdAsyncOk(liftID: 48)" computerName="DESKTOP-TJ9D65N" duration="00:00:00.7612044" startTime="2022-10-15T20:01:55.7340574+03:00" endTime="2022-10-15T20:01:55.7340577+03:00" testType="13cdc9d9-ddb5-4fa4-a97d-d965ccfc6d4b" outcome="Passed" testListId="8c84fa94-04c1-424b-9868-57a2d4851a1d" relativeResultsDirectory="e2c846ad-efa7-4821-ba07-d9f42c758906" />
    <UnitTestResult executionId="4dc76780-0245-4b8d-88ab-cf45b5473510" testId="935de735-6cc8-528d-f4b0-25084b5b021a" testName="AccessToDB.Tests.LiftsSlopesRepositoryTests.TestDeleteLiftSlopesByIDsAsyncOk(liftSlope: LiftSlope { RecordID = 17, LiftID = 92, SlopeID = 54 })" computerName="DESKTOP-TJ9D65N" duration="00:00:00.6138581" startTime="2022-10-15T20:02:01.8260906+03:00" endTime="2022-10-15T20:02:01.8260908+03:00" testType="13cdc9d9-ddb5-4fa4-a97d-d965ccfc6d4b" outcome="Passed" testListId="8c84fa94-04c1-424b-9868-57a2d4851a1d" relativeResultsDirectory="4dc76780-0245-4b8d-88ab-cf45b5473510" />
    <UnitTestResult executionId="eb827a6d-e1b0-43f1-93f4-a5569f5374f0" testId="3741b26d-6ee0-6246-29e4-92009bff37b0" testName="AccessToDB.Tests.UsersRepositoryTests.TestGetUsersAsyncEmpty" computerName="DESKTOP-TJ9D65N" duration="00:00:00.5605607" startTime="2022-10-15T20:01:43.0612148+03:00" endTime="2022-10-15T20:01:43.0612150+03:00" testType="13cdc9d9-ddb5-4fa4-a97d-d965ccfc6d4b" outcome="Passed" testListId="8c84fa94-04c1-424b-9868-57a2d4851a1d" relativeResultsDirectory="eb827a6d-e1b0-43f1-93f4-a5569f5374f0" />
    <UnitTestResult executionId="f1f2229e-1eaf-4b1d-89c1-dee4f174512e" testId="4aa8c993-2d05-229c-f776-c304a1287f5b" testName="AccessToDB.Tests.SlopesRepositoryTests.TestGetSlopeByIdAsyncOk(slope: Slope { SlopeID = 213, SlopeName = slopeNamee7a7034e-a886-4a85-af9c-d3f8689640b2, IsOpen = True, DifficultyLevel = 108, ConnectedLifts =  })" computerName="DESKTOP-TJ9D65N" duration="00:00:00.5986907" startTime="2022-10-15T20:01:57.6224213+03:00" endTime="2022-10-15T20:01:57.6224214+03:00" testType="13cdc9d9-ddb5-4fa4-a97d-d965ccfc6d4b" outcome="Passed" testListId="8c84fa94-04c1-424b-9868-57a2d4851a1d" relativeResultsDirectory="f1f2229e-1eaf-4b1d-89c1-dee4f174512e" />
    <UnitTestResult executionId="fe4138db-8670-4c25-bb7e-ede72e723640" testId="f9435956-2e34-e52b-c34e-dce53665cf8e" testName="AccessToDB.Tests.TurnstilesRepositoryTests.TestAddTurnstileAutoIncrementAsyncOk" computerName="DESKTOP-TJ9D65N" duration="00:00:00.6152981" startTime="2022-10-15T20:01:53.7523209+03:00" endTime="2022-10-15T20:01:53.7523210+03:00" testType="13cdc9d9-ddb5-4fa4-a97d-d965ccfc6d4b" outcome="Passed" testListId="8c84fa94-04c1-424b-9868-57a2d4851a1d" relativeResultsDirectory="fe4138db-8670-4c25-bb7e-ede72e723640" />
    <UnitTestResult executionId="f809a9ab-eb78-4f6f-9d4f-1b6d9d6ff608" testId="482e6a30-aa28-06e7-0d68-cf6093940a34" testName="AccessToDB.Tests.TurnstilesRepositoryTests.TestGetTurnstileByIdAsyncOk(turnstile: Turnstile { TurnstileID = 35, LiftID = 150, IsOpen = True })" computerName="DESKTOP-TJ9D65N" duration="00:00:00.5983243" startTime="2022-10-15T20:01:54.3540064+03:00" endTime="2022-10-15T20:01:54.3540066+03:00" testType="13cdc9d9-ddb5-4fa4-a97d-d965ccfc6d4b" outcome="Passed" testListId="8c84fa94-04c1-424b-9868-57a2d4851a1d" relativeResultsDirectory="f809a9ab-eb78-4f6f-9d4f-1b6d9d6ff608" />
    <UnitTestResult executionId="31690786-c2e2-4188-afbf-b68ec6e3fca0" testId="c9234463-4ac0-9ee5-a2fd-7ab9ecb1eb94" testName="AccessToDB.Tests.SlopesRepositoryTests.TestDeleteSlopeByIDAsyncFailsWhenIDNotExists(slopeID: 148)" computerName="DESKTOP-TJ9D65N" duration="00:00:00.5678033" startTime="2022-10-15T20:01:59.3391457+03:00" endTime="2022-10-15T20:01:59.3391462+03:00" testType="13cdc9d9-ddb5-4fa4-a97d-d965ccfc6d4b" outcome="Passed" testListId="8c84fa94-04c1-424b-9868-57a2d4851a1d" relativeResultsDirectory="31690786-c2e2-4188-afbf-b68ec6e3fca0" />
    <UnitTestResult executionId="21ce5185-093f-416d-8319-f22d442be53a" testId="30f8e924-9784-0a43-e807-094f70e06567" testName="AccessToDB.Tests.LiftsSlopesRepositoryTests.TestAddLiftSlopeAutoIncrementAsyncOk" computerName="DESKTOP-TJ9D65N" duration="00:00:00.6174997" startTime="2022-10-15T20:02:03.0521334+03:00" endTime="2022-10-15T20:02:03.0521335+03:00" testType="13cdc9d9-ddb5-4fa4-a97d-d965ccfc6d4b" outcome="Passed" testListId="8c84fa94-04c1-424b-9868-57a2d4851a1d" relativeResultsDirectory="21ce5185-093f-416d-8319-f22d442be53a" />
    <UnitTestResult executionId="e5df36dc-09d5-4a5d-8cde-576d907427de" testId="8f7ba917-f771-0dc5-f9b9-465c34344b12" testName="AccessToDB.Tests.SlopesRepositoryTests.TestAddSlopeAutoIncrementAsyncOk" computerName="DESKTOP-TJ9D65N" duration="00:00:00.6167477" startTime="2022-10-15T20:01:57.0204692+03:00" endTime="2022-10-15T20:01:57.0204693+03:00" testType="13cdc9d9-ddb5-4fa4-a97d-d965ccfc6d4b" outcome="Passed" testListId="8c84fa94-04c1-424b-9868-57a2d4851a1d" relativeResultsDirectory="e5df36dc-09d5-4a5d-8cde-576d907427de" />
  </Results>
  <TestDefinitions>
    <UnitTest name="AccessToDB.Tests.TurnstilesRepositoryTests.TestGetTurnstilesByLiftIdAsyncOk(liftID: 48)" storage="c:\users\alena\desktop\7_sem\testing_and_debugging\skiresort\accesstodb.tests\bin\debug\net6.0\accesstodb.tests.dll" id="151a0e08-58f9-3553-3c2e-f8fd76e63aed">
      <Execution id="e2c846ad-efa7-4821-ba07-d9f42c758906" />
      <TestMethod codeBase="C:\Users\alena\Desktop\7_sem\testing_and_debugging\SkiResort\AccessToDB.Tests\bin\Debug\net6.0\AccessToDB.Tests.dll" adapterTypeName="executor://xunit/VsTestRunner2/netcoreapp" className="AccessToDB.Tests.TurnstilesRepositoryTests" name="TestGetTurnstilesByLiftIdAsyncOk" />
    </UnitTest>
    <UnitTest name="AccessToDB.Tests.LiftsRepositoryTests.TestGetLiftByIdAsyncOk(lift: Lift { LiftID = 26, LiftName = liftNameff845577-ccb5-404c-abd9-730dd42c8b41, IsOpen = True, SeatsAmount = 198, LiftingTime = 63, QueueTime = 150, ConnectedSlopes =  })" storage="c:\users\alena\desktop\7_sem\testing_and_debugging\skiresort\accesstodb.tests\bin\debug\net6.0\accesstodb.tests.dll" id="04b21f1a-93b9-158e-b7a2-42e072b7c640">
      <Execution id="666f4d4a-bd61-4cda-ae55-1bbbbba3f7ce" />
      <TestMethod codeBase="C:\Users\alena\Desktop\7_sem\testing_and_debugging\SkiResort\AccessToDB.Tests\bin\Debug\net6.0\AccessToDB.Tests.dll" adapterTypeName="executor://xunit/VsTestRunner2/netcoreapp" className="AccessToDB.Tests.LiftsRepositoryTests" name="TestGetLiftByIdAsyncOk" />
    </UnitTest>
    <UnitTest name="AccessToDB.Tests.UsersRepositoryTests.TestGetUsersAsyncEmpty" storage="c:\users\alena\desktop\7_sem\testing_and_debugging\skiresort\accesstodb.tests\bin\debug\net6.0\accesstodb.tests.dll" id="3741b26d-6ee0-6246-29e4-92009bff37b0">
      <Execution id="eb827a6d-e1b0-43f1-93f4-a5569f5374f0" />
      <TestMethod codeBase="C:\Users\alena\Desktop\7_sem\testing_and_debugging\SkiResort\AccessToDB.Tests\bin\Debug\net6.0\AccessToDB.Tests.dll" adapterTypeName="executor://xunit/VsTestRunner2/netcoreapp" className="AccessToDB.Tests.UsersRepositoryTests" name="TestGetUsersAsyncEmpty" />
    </UnitTest>
    <UnitTest name="AccessToDB.Tests.LiftsRepositoryTests.TestDeleteLiftByIDAsyncFailsWhenIDNotExists(liftID: 246)" storage="c:\users\alena\desktop\7_sem\testing_and_debugging\skiresort\accesstodb.tests\bin\debug\net6.0\accesstodb.tests.dll" id="81563946-2624-efcb-4e6b-84e1a61aaa30">
      <Execution id="8a2ab545-7556-4c71-b8e9-f9771da27b58" />
      <TestMethod codeBase="C:\Users\alena\Desktop\7_sem\testing_and_debugging\SkiResort\AccessToDB.Tests\bin\Debug\net6.0\AccessToDB.Tests.dll" adapterTypeName="executor://xunit/VsTestRunner2/netcoreapp" className="AccessToDB.Tests.LiftsRepositoryTests" name="TestDeleteLiftByIDAsyncFailsWhenIDNotExists" />
    </UnitTest>
    <UnitTest name="AccessToDB.Tests.TurnstilesRepositoryTests.TestAddTurnstileAutoIncrementAsyncOk" storage="c:\users\alena\desktop\7_sem\testing_and_debugging\skiresort\accesstodb.tests\bin\debug\net6.0\accesstodb.tests.dll" id="f9435956-2e34-e52b-c34e-dce53665cf8e">
      <Execution id="fe4138db-8670-4c25-bb7e-ede72e723640" />
      <TestMethod codeBase="C:\Users\alena\Desktop\7_sem\testing_and_debugging\SkiResort\AccessToDB.Tests\bin\Debug\net6.0\AccessToDB.Tests.dll" adapterTypeName="executor://xunit/VsTestRunner2/netcoreapp" className="AccessToDB.Tests.TurnstilesRepositoryTests" name="TestAddTurnstileAutoIncrementAsyncOk" />
    </UnitTest>
    <UnitTest name="AccessToDB.Tests.LiftsSlopesRepositoryTests.TestGetSlopesByLiftIdAsyncFailsWhenSlopeNotExists(liftSlope: LiftSlope { RecordID = 171, LiftID = 100, SlopeID = 53 })" storage="c:\users\alena\desktop\7_sem\testing_and_debugging\skiresort\accesstodb.tests\bin\debug\net6.0\accesstodb.tests.dll" id="b39296be-e530-bc4a-bcb1-20c6bd0a8e39">
      <Execution id="50fc3547-4de9-419c-b95d-6d74e870e98b" />
      <TestMethod codeBase="C:\Users\alena\Desktop\7_sem\testing_and_debugging\SkiResort\AccessToDB.Tests\bin\Debug\net6.0\AccessToDB.Tests.dll" adapterTypeName="executor://xunit/VsTestRunner2/netcoreapp" className="AccessToDB.Tests.LiftsSlopesRepositoryTests" name="TestGetSlopesByLiftIdAsyncFailsWhenSlopeNotExists" />
    </UnitTest>
    <UnitTest name="AccessToDB.Tests.LiftsSlopesRepositoryTests.TestDeleteLiftSlopeByIDAsyncFailsWhenIDNotExists(liftSlopeID: 6)" storage="c:\users\alena\desktop\7_sem\testing_and_debugging\skiresort\accesstodb.tests\bin\debug\net6.0\accesstodb.tests.dll" id="6bd738e6-a6f4-60a9-74d3-bbd77b103140">
      <Execution id="29c8b779-f740-43de-83db-802a0377cbf0" />
      <TestMethod codeBase="C:\Users\alena\Desktop\7_sem\testing_and_debugging\SkiResort\AccessToDB.Tests\bin\Debug\net6.0\AccessToDB.Tests.dll" adapterTypeName="executor://xunit/VsTestRunner2/netcoreapp" className="AccessToDB.Tests.LiftsSlopesRepositoryTests" name="TestDeleteLiftSlopeByIDAsyncFailsWhenIDNotExists" />
    </UnitTest>
    <UnitTest name="AccessToDB.Tests.UsersRepositoryTests.TestCheckUserEmailExistsAsyncFalse(userEmail: &quot;userEmail4a56b5b2-af92-45cb-b1c7-b142bb1fd668&quot;)" storage="c:\users\alena\desktop\7_sem\testing_and_debugging\skiresort\accesstodb.tests\bin\debug\net6.0\accesstodb.tests.dll" id="b9ea1828-cd0f-254e-a01b-9400434703b4">
      <Execution id="5f986108-8f51-4f47-99e4-c63b63a70634" />
      <TestMethod codeBase="C:\Users\alena\Desktop\7_sem\testing_and_debugging\SkiResort\AccessToDB.Tests\bin\Debug\net6.0\AccessToDB.Tests.dll" adapterTypeName="executor://xunit/VsTestRunner2/netcoreapp" className="AccessToDB.Tests.UsersRepositoryTests" name="TestCheckUserEmailExistsAsyncFalse" />
    </UnitTest>
    <UnitTest name="AccessToDB.Tests.LiftsSlopesRepositoryTests.TestGetLiftSlopesAsyncEmpty" storage="c:\users\alena\desktop\7_sem\testing_and_debugging\skiresort\accesstodb.tests\bin\debug\net6.0\accesstodb.tests.dll" id="4145f44e-b4b1-a618-09e8-c631496e6f1a">
      <Execution id="20d5dd7c-2487-42d8-9bbc-e7e40959255f" />
      <TestMethod codeBase="C:\Users\alena\Desktop\7_sem\testing_and_debugging\SkiResort\AccessToDB.Tests\bin\Debug\net6.0\AccessToDB.Tests.dll" adapterTypeName="executor://xunit/VsTestRunner2/netcoreapp" className="AccessToDB.Tests.LiftsSlopesRepositoryTests" name="TestGetLiftSlopesAsyncEmpty" />
    </UnitTest>
    <UnitTest name="AccessToDB.Tests.SlopesRepositoryTests.TestGetSlopeByIdAsyncOk(slope: Slope { SlopeID = 213, SlopeName = slopeNamee7a7034e-a886-4a85-af9c-d3f8689640b2, IsOpen = True, DifficultyLevel = 108, ConnectedLifts =  })" storage="c:\users\alena\desktop\7_sem\testing_and_debugging\skiresort\accesstodb.tests\bin\debug\net6.0\accesstodb.tests.dll" id="4aa8c993-2d05-229c-f776-c304a1287f5b">
      <Execution id="f1f2229e-1eaf-4b1d-89c1-dee4f174512e" />
      <TestMethod codeBase="C:\Users\alena\Desktop\7_sem\testing_and_debugging\SkiResort\AccessToDB.Tests\bin\Debug\net6.0\AccessToDB.Tests.dll" adapterTypeName="executor://xunit/VsTestRunner2/netcoreapp" className="AccessToDB.Tests.SlopesRepositoryTests" name="TestGetSlopeByIdAsyncOk" />
    </UnitTest>
    <UnitTest name="AccessToDB.Tests.LiftsRepositoryTests.TestAddLiftAsyncFailsWhenLiftIdRepeats(lift: Lift { LiftID = 187, LiftName = liftName90d30892-cca3-433c-92d5-78f2200b62ed, IsOpen = True, SeatsAmount = 53, LiftingTime = 173, QueueTime = 19, ConnectedSlopes =  })" storage="c:\users\alena\desktop\7_sem\testing_and_debugging\skiresort\accesstodb.tests\bin\debug\net6.0\accesstodb.tests.dll" id="45ff3475-496b-f198-a396-2094fb19c9bb">
      <Execution id="3bebda5b-ca38-4b43-8e88-51fdea2ebc9c" />
      <TestMethod codeBase="C:\Users\alena\Desktop\7_sem\testing_and_debugging\SkiResort\AccessToDB.Tests\bin\Debug\net6.0\AccessToDB.Tests.dll" adapterTypeName="executor://xunit/VsTestRunner2/netcoreapp" className="AccessToDB.Tests.LiftsRepositoryTests" name="TestAddLiftAsyncFailsWhenLiftIdRepeats" />
    </UnitTest>
    <UnitTest name="AccessToDB.Tests.SlopesRepositoryTests.TestDeleteSlopeByIDAsyncFailsWhenIDNotExists(slopeID: 148)" storage="c:\users\alena\desktop\7_sem\testing_and_debugging\skiresort\accesstodb.tests\bin\debug\net6.0\accesstodb.tests.dll" id="c9234463-4ac0-9ee5-a2fd-7ab9ecb1eb94">
      <Execution id="31690786-c2e2-4188-afbf-b68ec6e3fca0" />
      <TestMethod codeBase="C:\Users\alena\Desktop\7_sem\testing_and_debugging\SkiResort\AccessToDB.Tests\bin\Debug\net6.0\AccessToDB.Tests.dll" adapterTypeName="executor://xunit/VsTestRunner2/netcoreapp" className="AccessToDB.Tests.SlopesRepositoryTests" name="TestDeleteSlopeByIDAsyncFailsWhenIDNotExists" />
    </UnitTest>
    <UnitTest name="AccessToDB.Tests.UsersRepositoryTests.TestCheckUserIdExistsAsyncTrue(user: User { UserID = 245, CardID = 216, UserEmail = UserEmail6611c3e8-f027-4c72-8dab-5c716d04fe06, Password = passwordfb4477be-a607-49e8-98f4-3895fc03b3f7, Permissions = UNAUTHORIZED })" storage="c:\users\alena\desktop\7_sem\testing_and_debugging\skiresort\accesstodb.tests\bin\debug\net6.0\accesstodb.tests.dll" id="5c30b2dc-6b85-366e-1ae4-6ed010d54f1d">
      <Execution id="d45f570b-f5d9-42fd-b79c-e34606c2ad5b" />
      <TestMethod codeBase="C:\Users\alena\Desktop\7_sem\testing_and_debugging\SkiResort\AccessToDB.Tests\bin\Debug\net6.0\AccessToDB.Tests.dll" adapterTypeName="executor://xunit/VsTestRunner2/netcoreapp" className="AccessToDB.Tests.UsersRepositoryTests" name="TestCheckUserIdExistsAsyncTrue" />
    </UnitTest>
    <UnitTest name="AccessToDB.Tests.SlopesRepositoryTests.TestGetSlopesAsyncEmpty" storage="c:\users\alena\desktop\7_sem\testing_and_debugging\skiresort\accesstodb.tests\bin\debug\net6.0\accesstodb.tests.dll" id="9bbefb83-8311-6e03-307f-415e3495e223">
      <Execution id="d6f27339-d6d1-40e3-b450-64c3313dfc14" />
      <TestMethod codeBase="C:\Users\alena\Desktop\7_sem\testing_and_debugging\SkiResort\AccessToDB.Tests\bin\Debug\net6.0\AccessToDB.Tests.dll" adapterTypeName="executor://xunit/VsTestRunner2/netcoreapp" className="AccessToDB.Tests.SlopesRepositoryTests" name="TestGetSlopesAsyncEmpty" />
    </UnitTest>
    <UnitTest name="AccessToDB.Tests.LiftsRepositoryTests.TestAddLiftAutoIncrementAsyncOk" storage="c:\users\alena\desktop\7_sem\testing_and_debugging\skiresort\accesstodb.tests\bin\debug\net6.0\accesstodb.tests.dll" id="ec229f70-485a-f91b-53ed-bce655f6cd58">
      <Execution id="59964c28-ed22-4582-aff2-16cf9019bbd1" />
      <TestMethod codeBase="C:\Users\alena\Desktop\7_sem\testing_and_debugging\SkiResort\AccessToDB.Tests\bin\Debug\net6.0\AccessToDB.Tests.dll" adapterTypeName="executor://xunit/VsTestRunner2/netcoreapp" className="AccessToDB.Tests.LiftsRepositoryTests" name="TestAddLiftAutoIncrementAsyncOk" />
    </UnitTest>
    <UnitTest name="AccessToDB.Tests.LiftsSlopesRepositoryTests.TestGetLiftSlopeByIdAsyncOk(liftSlope: LiftSlope { RecordID = 88, LiftID = 81, SlopeID = 159 })" storage="c:\users\alena\desktop\7_sem\testing_and_debugging\skiresort\accesstodb.tests\bin\debug\net6.0\accesstodb.tests.dll" id="ec190323-fb57-301b-7944-c9a9a8baee06">
      <Execution id="36287bad-cdc4-4889-a551-c5b2fb533401" />
      <TestMethod codeBase="C:\Users\alena\Desktop\7_sem\testing_and_debugging\SkiResort\AccessToDB.Tests\bin\Debug\net6.0\AccessToDB.Tests.dll" adapterTypeName="executor://xunit/VsTestRunner2/netcoreapp" className="AccessToDB.Tests.LiftsSlopesRepositoryTests" name="TestGetLiftSlopeByIdAsyncOk" />
    </UnitTest>
    <UnitTest name="AccessToDB.Tests.TurnstilesRepositoryTests.TestGetTurnstilesAsyncEmpty" storage="c:\users\alena\desktop\7_sem\testing_and_debugging\skiresort\accesstodb.tests\bin\debug\net6.0\accesstodb.tests.dll" id="3c521313-4ed6-6bce-b4f9-c359411028e7">
      <Execution id="ead07eec-0120-46b5-a583-5bc5883f50a6" />
      <TestMethod codeBase="C:\Users\alena\Desktop\7_sem\testing_and_debugging\SkiResort\AccessToDB.Tests\bin\Debug\net6.0\AccessToDB.Tests.dll" adapterTypeName="executor://xunit/VsTestRunner2/netcoreapp" className="AccessToDB.Tests.TurnstilesRepositoryTests" name="TestGetTurnstilesAsyncEmpty" />
    </UnitTest>
    <UnitTest name="AccessToDB.Tests.LiftsSlopesRepositoryTests.TestAddLiftSlopeAutoIncrementAsyncOk" storage="c:\users\alena\desktop\7_sem\testing_and_debugging\skiresort\accesstodb.tests\bin\debug\net6.0\accesstodb.tests.dll" id="30f8e924-9784-0a43-e807-094f70e06567">
      <Execution id="21ce5185-093f-416d-8319-f22d442be53a" />
      <TestMethod codeBase="C:\Users\alena\Desktop\7_sem\testing_and_debugging\SkiResort\AccessToDB.Tests\bin\Debug\net6.0\AccessToDB.Tests.dll" adapterTypeName="executor://xunit/VsTestRunner2/netcoreapp" className="AccessToDB.Tests.LiftsSlopesRepositoryTests" name="TestAddLiftSlopeAutoIncrementAsyncOk" />
    </UnitTest>
    <UnitTest name="AccessToDB.Tests.UsersRepositoryTests.TestGetUserByIdAsyncOk(user: User { UserID = 222, CardID = 124, UserEmail = UserEmail9527d9f6-abc9-41a0-afaf-3d29ad3f2d84, Password = password1f02b376-7abb-4327-9044-d2def36f45c2, Permissions = UNAUTHORIZED })" storage="c:\users\alena\desktop\7_sem\testing_and_debugging\skiresort\accesstodb.tests\bin\debug\net6.0\accesstodb.tests.dll" id="33663838-b44e-1ea7-b680-a4594d3dcd56">
      <Execution id="9bfe8a1d-4935-42ef-a918-eef0ba66f109" />
      <TestMethod codeBase="C:\Users\alena\Desktop\7_sem\testing_and_debugging\SkiResort\AccessToDB.Tests\bin\Debug\net6.0\AccessToDB.Tests.dll" adapterTypeName="executor://xunit/VsTestRunner2/netcoreapp" className="AccessToDB.Tests.UsersRepositoryTests" name="TestGetUserByIdAsyncOk" />
    </UnitTest>
    <UnitTest name="AccessToDB.Tests.UsersRepositoryTests.TestDeleteUserByIDAsyncFailsWhenIDNotExists(userID: 90)" storage="c:\users\alena\desktop\7_sem\testing_and_debugging\skiresort\accesstodb.tests\bin\debug\net6.0\accesstodb.tests.dll" id="2beb176e-9319-ccb8-2457-0e15b71fb3ce">
      <Execution id="6dbd2d8f-c2e6-4d5d-ae87-be612f0f300b" />
      <TestMethod codeBase="C:\Users\alena\Desktop\7_sem\testing_and_debugging\SkiResort\AccessToDB.Tests\bin\Debug\net6.0\AccessToDB.Tests.dll" adapterTypeName="executor://xunit/VsTestRunner2/netcoreapp" className="AccessToDB.Tests.UsersRepositoryTests" name="TestDeleteUserByIDAsyncFailsWhenIDNotExists" />
    </UnitTest>
    <UnitTest name="AccessToDB.Tests.LiftsSlopesRepositoryTests.TestUpdateLiftSlopeByIDAsyncOk(liftSlope: LiftSlope { RecordID = 30, LiftID = 82, SlopeID = 106 })" storage="c:\users\alena\desktop\7_sem\testing_and_debugging\skiresort\accesstodb.tests\bin\debug\net6.0\accesstodb.tests.dll" id="2d298eae-3158-e415-9f70-12e99247ccb5">
      <Execution id="1da31422-9b16-4ff9-8156-54c4f3ff8ba8" />
      <TestMethod codeBase="C:\Users\alena\Desktop\7_sem\testing_and_debugging\SkiResort\AccessToDB.Tests\bin\Debug\net6.0\AccessToDB.Tests.dll" adapterTypeName="executor://xunit/VsTestRunner2/netcoreapp" className="AccessToDB.Tests.LiftsSlopesRepositoryTests" name="TestUpdateLiftSlopeByIDAsyncOk" />
    </UnitTest>
    <UnitTest name="AccessToDB.Tests.TurnstilesRepositoryTests.TestGetTurnstileByIdAsyncOk(turnstile: Turnstile { TurnstileID = 35, LiftID = 150, IsOpen = True })" storage="c:\users\alena\desktop\7_sem\testing_and_debugging\skiresort\accesstodb.tests\bin\debug\net6.0\accesstodb.tests.dll" id="482e6a30-aa28-06e7-0d68-cf6093940a34">
      <Execution id="f809a9ab-eb78-4f6f-9d4f-1b6d9d6ff608" />
      <TestMethod codeBase="C:\Users\alena\Desktop\7_sem\testing_and_debugging\SkiResort\AccessToDB.Tests\bin\Debug\net6.0\AccessToDB.Tests.dll" adapterTypeName="executor://xunit/VsTestRunner2/netcoreapp" className="AccessToDB.Tests.TurnstilesRepositoryTests" name="TestGetTurnstileByIdAsyncOk" />
    </UnitTest>
    <UnitTest name="AccessToDB.Tests.UsersRepositoryTests.TestAddUserAutoIncrementAsyncOk" storage="c:\users\alena\desktop\7_sem\testing_and_debugging\skiresort\accesstodb.tests\bin\debug\net6.0\accesstodb.tests.dll" id="e75bb6e2-88d9-af2a-a444-c4a9d67f0f0e">
      <Execution id="85328dc0-8df0-4391-a839-902afb669330" />
      <TestMethod codeBase="C:\Users\alena\Desktop\7_sem\testing_and_debugging\SkiResort\AccessToDB.Tests\bin\Debug\net6.0\AccessToDB.Tests.dll" adapterTypeName="executor://xunit/VsTestRunner2/netcoreapp" className="AccessToDB.Tests.UsersRepositoryTests" name="TestAddUserAutoIncrementAsyncOk" />
    </UnitTest>
    <UnitTest name="AccessToDB.Tests.LiftsRepositoryTests.TestUpdateLiftByIDAsyncOk(lift: Lift { LiftID = 206, LiftName = liftName09675acf-6be4-4495-8b51-e1782d718391, IsOpen = True, SeatsAmount = 46, LiftingTime = 170, QueueTime = 118, ConnectedSlopes =  })" storage="c:\users\alena\desktop\7_sem\testing_and_debugging\skiresort\accesstodb.tests\bin\debug\net6.0\accesstodb.tests.dll" id="ec60f4a4-4374-e030-83b3-4f3d2ca7a640">
      <Execution id="3790115d-96b6-4422-be77-6f8bfe5dee20" />
      <TestMethod codeBase="C:\Users\alena\Desktop\7_sem\testing_and_debugging\SkiResort\AccessToDB.Tests\bin\Debug\net6.0\AccessToDB.Tests.dll" adapterTypeName="executor://xunit/VsTestRunner2/netcoreapp" className="AccessToDB.Tests.LiftsRepositoryTests" name="TestUpdateLiftByIDAsyncOk" />
    </UnitTest>
    <UnitTest name="AccessToDB.Tests.SlopesRepositoryTests.TestAddSlopeAsyncFailsWhenSlopeIdRepeats(slope: Slope { SlopeID = 136, SlopeName = slopeNamebaed9ecf-9dac-478b-b922-42a892258ed6, IsOpen = True, DifficultyLevel = 89, ConnectedLifts =  })" storage="c:\users\alena\desktop\7_sem\testing_and_debugging\skiresort\accesstodb.tests\bin\debug\net6.0\accesstodb.tests.dll" id="edcdcfa1-ad24-d0d9-fe6d-011ca43a7935">
      <Execution id="a944e449-2367-4288-8421-ddcb25fd495c" />
      <TestMethod codeBase="C:\Users\alena\Desktop\7_sem\testing_and_debugging\SkiResort\AccessToDB.Tests\bin\Debug\net6.0\AccessToDB.Tests.dll" adapterTypeName="executor://xunit/VsTestRunner2/netcoreapp" className="AccessToDB.Tests.SlopesRepositoryTests" name="TestAddSlopeAsyncFailsWhenSlopeIdRepeats" />
    </UnitTest>
    <UnitTest name="AccessToDB.Tests.SlopesRepositoryTests.TestAddSlopeAutoIncrementAsyncOk" storage="c:\users\alena\desktop\7_sem\testing_and_debugging\skiresort\accesstodb.tests\bin\debug\net6.0\accesstodb.tests.dll" id="8f7ba917-f771-0dc5-f9b9-465c34344b12">
      <Execution id="e5df36dc-09d5-4a5d-8cde-576d907427de" />
      <TestMethod codeBase="C:\Users\alena\Desktop\7_sem\testing_and_debugging\SkiResort\AccessToDB.Tests\bin\Debug\net6.0\AccessToDB.Tests.dll" adapterTypeName="executor://xunit/VsTestRunner2/netcoreapp" className="AccessToDB.Tests.SlopesRepositoryTests" name="TestAddSlopeAutoIncrementAsyncOk" />
    </UnitTest>
    <UnitTest name="AccessToDB.Tests.LiftsSlopesRepositoryTests.TestAddLiftSlopeAsyncFailsWhenLiftSlopeIdRepeats(liftSlope: LiftSlope { RecordID = 165, LiftID = 15, SlopeID = 107 })" storage="c:\users\alena\desktop\7_sem\testing_and_debugging\skiresort\accesstodb.tests\bin\debug\net6.0\accesstodb.tests.dll" id="195be6b7-eb4f-8d42-3a6e-7aa1fdc306e7">
      <Execution id="aa9db971-c75c-41d2-8454-a88d017fb9da" />
      <TestMethod codeBase="C:\Users\alena\Desktop\7_sem\testing_and_debugging\SkiResort\AccessToDB.Tests\bin\Debug\net6.0\AccessToDB.Tests.dll" adapterTypeName="executor://xunit/VsTestRunner2/netcoreapp" className="AccessToDB.Tests.LiftsSlopesRepositoryTests" name="TestAddLiftSlopeAsyncFailsWhenLiftSlopeIdRepeats" />
    </UnitTest>
    <UnitTest name="AccessToDB.Tests.LiftsRepositoryTests.TestGetLiftByNameAsyncFailsWhenNameNotExists(liftName: &quot;liftNamea5aa8437-c951-4935-873a-dfd42c2eb727&quot;)" storage="c:\users\alena\desktop\7_sem\testing_and_debugging\skiresort\accesstodb.tests\bin\debug\net6.0\accesstodb.tests.dll" id="fbd2d2e2-7ed9-798f-e9a3-6521b4dc443c">
      <Execution id="5f55c355-4591-45c1-a1a4-55f18a082b7f" />
      <TestMethod codeBase="C:\Users\alena\Desktop\7_sem\testing_and_debugging\SkiResort\AccessToDB.Tests\bin\Debug\net6.0\AccessToDB.Tests.dll" adapterTypeName="executor://xunit/VsTestRunner2/netcoreapp" className="AccessToDB.Tests.LiftsRepositoryTests" name="TestGetLiftByNameAsyncFailsWhenNameNotExists" />
    </UnitTest>
    <UnitTest name="AccessToDB.Tests.UsersRepositoryTests.TestAddUserAsyncFailsWhenUserIdRepeats(user: User { UserID = 229, CardID = 248, UserEmail = UserEmail0086e65a-39ec-472c-971c-7f2275f6004a, Password = passwordbbd972fa-965e-4e93-91ac-024493e39168, Permissions = UNAUTHORIZED })" storage="c:\users\alena\desktop\7_sem\testing_and_debugging\skiresort\accesstodb.tests\bin\debug\net6.0\accesstodb.tests.dll" id="8539ec06-0a98-1555-25ba-6839f223fe99">
      <Execution id="c4cbfb82-be84-4a61-9010-ec42add613d3" />
      <TestMethod codeBase="C:\Users\alena\Desktop\7_sem\testing_and_debugging\SkiResort\AccessToDB.Tests\bin\Debug\net6.0\AccessToDB.Tests.dll" adapterTypeName="executor://xunit/VsTestRunner2/netcoreapp" className="AccessToDB.Tests.UsersRepositoryTests" name="TestAddUserAsyncFailsWhenUserIdRepeats" />
    </UnitTest>
    <UnitTest name="AccessToDB.Tests.TurnstilesRepositoryTests.TestAddTurnstileAsyncFailsWhenTurnstileIdRepeats(turnstile: Turnstile { TurnstileID = 4, LiftID = 128, IsOpen = True })" storage="c:\users\alena\desktop\7_sem\testing_and_debugging\skiresort\accesstodb.tests\bin\debug\net6.0\accesstodb.tests.dll" id="5e1a68b2-b1d5-e6a4-a1e7-f9a4f2b264c3">
      <Execution id="22d71aae-6422-4973-9127-6c2e288f547a" />
      <TestMethod codeBase="C:\Users\alena\Desktop\7_sem\testing_and_debugging\SkiResort\AccessToDB.Tests\bin\Debug\net6.0\AccessToDB.Tests.dll" adapterTypeName="executor://xunit/VsTestRunner2/netcoreapp" className="AccessToDB.Tests.TurnstilesRepositoryTests" name="TestAddTurnstileAsyncFailsWhenTurnstileIdRepeats" />
    </UnitTest>
    <UnitTest name="AccessToDB.Tests.LiftsRepositoryTests.TestGetLiftsAsyncEmpty" storage="c:\users\alena\desktop\7_sem\testing_and_debugging\skiresort\accesstodb.tests\bin\debug\net6.0\accesstodb.tests.dll" id="607e8298-f113-be33-300e-15a343893443">
      <Execution id="ea9629e0-ba19-42a8-93f7-a821257e1ae1" />
      <TestMethod codeBase="C:\Users\alena\Desktop\7_sem\testing_and_debugging\SkiResort\AccessToDB.Tests\bin\Debug\net6.0\AccessToDB.Tests.dll" adapterTypeName="executor://xunit/VsTestRunner2/netcoreapp" className="AccessToDB.Tests.LiftsRepositoryTests" name="TestGetLiftsAsyncEmpty" />
    </UnitTest>
    <UnitTest name="AccessToDB.Tests.SlopesRepositoryTests.TestGetSlopeByNameAsyncFailsWhenNameNotExists(slopeName: &quot;slopeName622bb497-73f9-445d-bfa4-89f757c04a03&quot;)" storage="c:\users\alena\desktop\7_sem\testing_and_debugging\skiresort\accesstodb.tests\bin\debug\net6.0\accesstodb.tests.dll" id="859b6ada-1718-249b-0413-1f9ad9688c1b">
      <Execution id="68d0d3c0-ba0e-4b22-b85e-8781d12963d4" />
      <TestMethod codeBase="C:\Users\alena\Desktop\7_sem\testing_and_debugging\SkiResort\AccessToDB.Tests\bin\Debug\net6.0\AccessToDB.Tests.dll" adapterTypeName="executor://xunit/VsTestRunner2/netcoreapp" className="AccessToDB.Tests.SlopesRepositoryTests" name="TestGetSlopeByNameAsyncFailsWhenNameNotExists" />
    </UnitTest>
    <UnitTest name="AccessToDB.Tests.LiftsSlopesRepositoryTests.TestDeleteLiftSlopesByIDsAsyncOk(liftSlope: LiftSlope { RecordID = 17, LiftID = 92, SlopeID = 54 })" storage="c:\users\alena\desktop\7_sem\testing_and_debugging\skiresort\accesstodb.tests\bin\debug\net6.0\accesstodb.tests.dll" id="935de735-6cc8-528d-f4b0-25084b5b021a">
      <Execution id="4dc76780-0245-4b8d-88ab-cf45b5473510" />
      <TestMethod codeBase="C:\Users\alena\Desktop\7_sem\testing_and_debugging\SkiResort\AccessToDB.Tests\bin\Debug\net6.0\AccessToDB.Tests.dll" adapterTypeName="executor://xunit/VsTestRunner2/netcoreapp" className="AccessToDB.Tests.LiftsSlopesRepositoryTests" name="TestDeleteLiftSlopesByIDsAsyncOk" />
    </UnitTest>
    <UnitTest name="AccessToDB.Tests.TurnstilesRepositoryTests.TestDeleteTurnstileByIDAsyncFailsWhenIDNotExists(turnstileID: 235)" storage="c:\users\alena\desktop\7_sem\testing_and_debugging\skiresort\accesstodb.tests\bin\debug\net6.0\accesstodb.tests.dll" id="c5782f7f-a310-b277-ff5f-0e73b0b515a6">
      <Execution id="34bc34df-320f-401a-b0e7-16af370b1528" />
      <TestMethod codeBase="C:\Users\alena\Desktop\7_sem\testing_and_debugging\SkiResort\AccessToDB.Tests\bin\Debug\net6.0\AccessToDB.Tests.dll" adapterTypeName="executor://xunit/VsTestRunner2/netcoreapp" className="AccessToDB.Tests.TurnstilesRepositoryTests" name="TestDeleteTurnstileByIDAsyncFailsWhenIDNotExists" />
    </UnitTest>
    <UnitTest name="AccessToDB.Tests.SlopesRepositoryTests.TestUpdateSlopeByIDAsyncOk(slope: Slope { SlopeID = 157, SlopeName = slopeName60d813e8-4fdf-4fde-9067-bfd17fb31586, IsOpen = True, DifficultyLevel = 221, ConnectedLifts =  })" storage="c:\users\alena\desktop\7_sem\testing_and_debugging\skiresort\accesstodb.tests\bin\debug\net6.0\accesstodb.tests.dll" id="7f88a559-b67d-6412-b3c0-c1f8bf6f0d15">
      <Execution id="a86c65e1-38e2-48da-840d-f80c328f68a1" />
      <TestMethod codeBase="C:\Users\alena\Desktop\7_sem\testing_and_debugging\SkiResort\AccessToDB.Tests\bin\Debug\net6.0\AccessToDB.Tests.dll" adapterTypeName="executor://xunit/VsTestRunner2/netcoreapp" className="AccessToDB.Tests.SlopesRepositoryTests" name="TestUpdateSlopeByIDAsyncOk" />
    </UnitTest>
    <UnitTest name="AccessToDB.Tests.TurnstilesRepositoryTests.TestUpdateTurnstileByIDAsyncOk(turnstile: Turnstile { TurnstileID = 150, LiftID = 103, IsOpen = True })" storage="c:\users\alena\desktop\7_sem\testing_and_debugging\skiresort\accesstodb.tests\bin\debug\net6.0\accesstodb.tests.dll" id="b0e74609-1e6b-2c35-9bba-0327e56db7b8">
      <Execution id="b873c41a-bfaa-48d6-b950-2c6cecee9baa" />
      <TestMethod codeBase="C:\Users\alena\Desktop\7_sem\testing_and_debugging\SkiResort\AccessToDB.Tests\bin\Debug\net6.0\AccessToDB.Tests.dll" adapterTypeName="executor://xunit/VsTestRunner2/netcoreapp" className="AccessToDB.Tests.TurnstilesRepositoryTests" name="TestUpdateTurnstileByIDAsyncOk" />
    </UnitTest>
    <UnitTest name="AccessToDB.Tests.LiftsSlopesRepositoryTests.TestGetLiftsBySlopeIdAsyncOk(slope1: Slope { SlopeID = 252, SlopeName = slopeName05d8343d-99af-4bbe-ba8a-54ef114556e8, IsOpen = True, DifficultyLevel = 91, ConnectedLifts =  }, slope2: Slope { SlopeID = 40, SlopeName = slopeNameb8473822-0d2d-4d74-bc33-f214bd68ae00, IsOpen = False, DifficultyLevel = 216, ConnectedLifts =  }, lift1: Lift { LiftID = 133, LiftName = liftNamecb9f5f2d-3a27-4c93-a094-d2c..." storage="c:\users\alena\desktop\7_sem\testing_and_debugging\skiresort\accesstodb.tests\bin\debug\net6.0\accesstodb.tests.dll" id="c2319df2-8182-4ab6-aeff-8ac635c2c9a8">
      <Execution id="3b3a1159-7700-48a4-b4d5-231260cd10b0" />
      <TestMethod codeBase="C:\Users\alena\Desktop\7_sem\testing_and_debugging\SkiResort\AccessToDB.Tests\bin\Debug\net6.0\AccessToDB.Tests.dll" adapterTypeName="executor://xunit/VsTestRunner2/netcoreapp" className="AccessToDB.Tests.LiftsSlopesRepositoryTests" name="TestGetLiftsBySlopeIdAsyncOk" />
    </UnitTest>
    <UnitTest name="AccessToDB.Tests.UsersRepositoryTests.TestUpdateUserByIDAsyncOk(user: User { UserID = 217, CardID = 69, UserEmail = UserEmail21b1ae42-d2c7-455b-a9e5-e51a224cabe5, Password = password0174586c-305d-4509-958d-9cef4af56b49, Permissions = UNAUTHORIZED })" storage="c:\users\alena\desktop\7_sem\testing_and_debugging\skiresort\accesstodb.tests\bin\debug\net6.0\accesstodb.tests.dll" id="84f7b8d3-33cc-ead0-eb71-58d77feb11e4">
      <Execution id="2a80890e-5ad6-4e78-ad91-090f739ff671" />
      <TestMethod codeBase="C:\Users\alena\Desktop\7_sem\testing_and_debugging\SkiResort\AccessToDB.Tests\bin\Debug\net6.0\AccessToDB.Tests.dll" adapterTypeName="executor://xunit/VsTestRunner2/netcoreapp" className="AccessToDB.Tests.UsersRepositoryTests" name="TestUpdateUserByIDAsyncOk" />
    </UnitTest>
    <UnitTest name="AccessToDB.Tests.UsersRepositoryTests.TestGetUserByEmailAsyncFailsWhenEmailNotExists(email: &quot;email9855e106-8f1f-41c5-bdb0-e0b1acc53e5f&quot;)" storage="c:\users\alena\desktop\7_sem\testing_and_debugging\skiresort\accesstodb.tests\bin\debug\net6.0\accesstodb.tests.dll" id="a4cd41a3-1007-b105-fb02-601efcb2b5e1">
      <Execution id="70022d82-5ca9-4cbb-8b78-3bfc06b4021d" />
      <TestMethod codeBase="C:\Users\alena\Desktop\7_sem\testing_and_debugging\SkiResort\AccessToDB.Tests\bin\Debug\net6.0\AccessToDB.Tests.dll" adapterTypeName="executor://xunit/VsTestRunner2/netcoreapp" className="AccessToDB.Tests.UsersRepositoryTests" name="TestGetUserByEmailAsyncFailsWhenEmailNotExists" />
    </UnitTest>
  </TestDefinitions>
  <TestEntries>
    <TestEntry testId="edcdcfa1-ad24-d0d9-fe6d-011ca43a7935" executionId="a944e449-2367-4288-8421-ddcb25fd495c" testListId="8c84fa94-04c1-424b-9868-57a2d4851a1d" />
    <TestEntry testId="ec229f70-485a-f91b-53ed-bce655f6cd58" executionId="59964c28-ed22-4582-aff2-16cf9019bbd1" testListId="8c84fa94-04c1-424b-9868-57a2d4851a1d" />
    <TestEntry testId="607e8298-f113-be33-300e-15a343893443" executionId="ea9629e0-ba19-42a8-93f7-a821257e1ae1" testListId="8c84fa94-04c1-424b-9868-57a2d4851a1d" />
    <TestEntry testId="7f88a559-b67d-6412-b3c0-c1f8bf6f0d15" executionId="a86c65e1-38e2-48da-840d-f80c328f68a1" testListId="8c84fa94-04c1-424b-9868-57a2d4851a1d" />
    <TestEntry testId="04b21f1a-93b9-158e-b7a2-42e072b7c640" executionId="666f4d4a-bd61-4cda-ae55-1bbbbba3f7ce" testListId="8c84fa94-04c1-424b-9868-57a2d4851a1d" />
    <TestEntry testId="6bd738e6-a6f4-60a9-74d3-bbd77b103140" executionId="29c8b779-f740-43de-83db-802a0377cbf0" testListId="8c84fa94-04c1-424b-9868-57a2d4851a1d" />
    <TestEntry testId="4145f44e-b4b1-a618-09e8-c631496e6f1a" executionId="20d5dd7c-2487-42d8-9bbc-e7e40959255f" testListId="8c84fa94-04c1-424b-9868-57a2d4851a1d" />
    <TestEntry testId="859b6ada-1718-249b-0413-1f9ad9688c1b" executionId="68d0d3c0-ba0e-4b22-b85e-8781d12963d4" testListId="8c84fa94-04c1-424b-9868-57a2d4851a1d" />
    <TestEntry testId="b9ea1828-cd0f-254e-a01b-9400434703b4" executionId="5f986108-8f51-4f47-99e4-c63b63a70634" testListId="8c84fa94-04c1-424b-9868-57a2d4851a1d" />
    <TestEntry testId="ec60f4a4-4374-e030-83b3-4f3d2ca7a640" executionId="3790115d-96b6-4422-be77-6f8bfe5dee20" testListId="8c84fa94-04c1-424b-9868-57a2d4851a1d" />
    <TestEntry testId="2beb176e-9319-ccb8-2457-0e15b71fb3ce" executionId="6dbd2d8f-c2e6-4d5d-ae87-be612f0f300b" testListId="8c84fa94-04c1-424b-9868-57a2d4851a1d" />
    <TestEntry testId="ec190323-fb57-301b-7944-c9a9a8baee06" executionId="36287bad-cdc4-4889-a551-c5b2fb533401" testListId="8c84fa94-04c1-424b-9868-57a2d4851a1d" />
    <TestEntry testId="a4cd41a3-1007-b105-fb02-601efcb2b5e1" executionId="70022d82-5ca9-4cbb-8b78-3bfc06b4021d" testListId="8c84fa94-04c1-424b-9868-57a2d4851a1d" />
    <TestEntry testId="3c521313-4ed6-6bce-b4f9-c359411028e7" executionId="ead07eec-0120-46b5-a583-5bc5883f50a6" testListId="8c84fa94-04c1-424b-9868-57a2d4851a1d" />
    <TestEntry testId="195be6b7-eb4f-8d42-3a6e-7aa1fdc306e7" executionId="aa9db971-c75c-41d2-8454-a88d017fb9da" testListId="8c84fa94-04c1-424b-9868-57a2d4851a1d" />
    <TestEntry testId="5e1a68b2-b1d5-e6a4-a1e7-f9a4f2b264c3" executionId="22d71aae-6422-4973-9127-6c2e288f547a" testListId="8c84fa94-04c1-424b-9868-57a2d4851a1d" />
    <TestEntry testId="fbd2d2e2-7ed9-798f-e9a3-6521b4dc443c" executionId="5f55c355-4591-45c1-a1a4-55f18a082b7f" testListId="8c84fa94-04c1-424b-9868-57a2d4851a1d" />
    <TestEntry testId="e75bb6e2-88d9-af2a-a444-c4a9d67f0f0e" executionId="85328dc0-8df0-4391-a839-902afb669330" testListId="8c84fa94-04c1-424b-9868-57a2d4851a1d" />
    <TestEntry testId="b39296be-e530-bc4a-bcb1-20c6bd0a8e39" executionId="50fc3547-4de9-419c-b95d-6d74e870e98b" testListId="8c84fa94-04c1-424b-9868-57a2d4851a1d" />
    <TestEntry testId="33663838-b44e-1ea7-b680-a4594d3dcd56" executionId="9bfe8a1d-4935-42ef-a918-eef0ba66f109" testListId="8c84fa94-04c1-424b-9868-57a2d4851a1d" />
    <TestEntry testId="9bbefb83-8311-6e03-307f-415e3495e223" executionId="d6f27339-d6d1-40e3-b450-64c3313dfc14" testListId="8c84fa94-04c1-424b-9868-57a2d4851a1d" />
    <TestEntry testId="8539ec06-0a98-1555-25ba-6839f223fe99" executionId="c4cbfb82-be84-4a61-9010-ec42add613d3" testListId="8c84fa94-04c1-424b-9868-57a2d4851a1d" />
    <TestEntry testId="81563946-2624-efcb-4e6b-84e1a61aaa30" executionId="8a2ab545-7556-4c71-b8e9-f9771da27b58" testListId="8c84fa94-04c1-424b-9868-57a2d4851a1d" />
    <TestEntry testId="5c30b2dc-6b85-366e-1ae4-6ed010d54f1d" executionId="d45f570b-f5d9-42fd-b79c-e34606c2ad5b" testListId="8c84fa94-04c1-424b-9868-57a2d4851a1d" />
    <TestEntry testId="b0e74609-1e6b-2c35-9bba-0327e56db7b8" executionId="b873c41a-bfaa-48d6-b950-2c6cecee9baa" testListId="8c84fa94-04c1-424b-9868-57a2d4851a1d" />
    <TestEntry testId="c2319df2-8182-4ab6-aeff-8ac635c2c9a8" executionId="3b3a1159-7700-48a4-b4d5-231260cd10b0" testListId="8c84fa94-04c1-424b-9868-57a2d4851a1d" />
    <TestEntry testId="45ff3475-496b-f198-a396-2094fb19c9bb" executionId="3bebda5b-ca38-4b43-8e88-51fdea2ebc9c" testListId="8c84fa94-04c1-424b-9868-57a2d4851a1d" />
    <TestEntry testId="2d298eae-3158-e415-9f70-12e99247ccb5" executionId="1da31422-9b16-4ff9-8156-54c4f3ff8ba8" testListId="8c84fa94-04c1-424b-9868-57a2d4851a1d" />
    <TestEntry testId="84f7b8d3-33cc-ead0-eb71-58d77feb11e4" executionId="2a80890e-5ad6-4e78-ad91-090f739ff671" testListId="8c84fa94-04c1-424b-9868-57a2d4851a1d" />
    <TestEntry testId="c5782f7f-a310-b277-ff5f-0e73b0b515a6" executionId="34bc34df-320f-401a-b0e7-16af370b1528" testListId="8c84fa94-04c1-424b-9868-57a2d4851a1d" />
    <TestEntry testId="151a0e08-58f9-3553-3c2e-f8fd76e63aed" executionId="e2c846ad-efa7-4821-ba07-d9f42c758906" testListId="8c84fa94-04c1-424b-9868-57a2d4851a1d" />
    <TestEntry testId="935de735-6cc8-528d-f4b0-25084b5b021a" executionId="4dc76780-0245-4b8d-88ab-cf45b5473510" testListId="8c84fa94-04c1-424b-9868-57a2d4851a1d" />
    <TestEntry testId="3741b26d-6ee0-6246-29e4-92009bff37b0" executionId="eb827a6d-e1b0-43f1-93f4-a5569f5374f0" testListId="8c84fa94-04c1-424b-9868-57a2d4851a1d" />
    <TestEntry testId="4aa8c993-2d05-229c-f776-c304a1287f5b" executionId="f1f2229e-1eaf-4b1d-89c1-dee4f174512e" testListId="8c84fa94-04c1-424b-9868-57a2d4851a1d" />
    <TestEntry testId="f9435956-2e34-e52b-c34e-dce53665cf8e" executionId="fe4138db-8670-4c25-bb7e-ede72e723640" testListId="8c84fa94-04c1-424b-9868-57a2d4851a1d" />
    <TestEntry testId="482e6a30-aa28-06e7-0d68-cf6093940a34" executionId="f809a9ab-eb78-4f6f-9d4f-1b6d9d6ff608" testListId="8c84fa94-04c1-424b-9868-57a2d4851a1d" />
    <TestEntry testId="c9234463-4ac0-9ee5-a2fd-7ab9ecb1eb94" executionId="31690786-c2e2-4188-afbf-b68ec6e3fca0" testListId="8c84fa94-04c1-424b-9868-57a2d4851a1d" />
    <TestEntry testId="30f8e924-9784-0a43-e807-094f70e06567" executionId="21ce5185-093f-416d-8319-f22d442be53a" testListId="8c84fa94-04c1-424b-9868-57a2d4851a1d" />
    <TestEntry testId="8f7ba917-f771-0dc5-f9b9-465c34344b12" executionId="e5df36dc-09d5-4a5d-8cde-576d907427de" testListId="8c84fa94-04c1-424b-9868-57a2d4851a1d" />
  </TestEntries>
  <TestLists>
    <TestList name="Список результатов" id="8c84fa94-04c1-424b-9868-57a2d4851a1d" />
    <TestList name="Все загруженные результаты" id="19431567-8539-422a-85d7-44ee4e166bda" />
  </TestLists>
  <ResultSummary outcome="Failed">
    <Counters total="39" executed="39" passed="37" failed="2" error="0" timeout="0" aborted="0" inconclusive="0" passedButRunAborted="0" notRunnable="0" notExecuted="0" disconnected="0" warning="0" completed="0" inProgress="0" pending="0" />
    <Output>
      <StdOut>[xUnit.net 00:00:00.00] xUnit.net VSTest Adapter v2.4.5+1caef2f33e (64-bit .NET 6.0.3)&#xD;
[xUnit.net 00:00:00.56]   Discovering: AccessToDB.Tests&#xD;
[xUnit.net 00:00:00.73]   Discovered:  AccessToDB.Tests&#xD;
[xUnit.net 00:00:00.73]   Starting:    AccessToDB.Tests&#xD;
[xUnit.net 00:00:08.66]       ProGaudi.MsgPack.Light.ConverterNotFoundException : Converter not found for type System.Int64&#xD;
[xUnit.net 00:00:08.66]       Stack Trace:&#xD;
[xUnit.net 00:00:08.66]            at ProGaudi.MsgPack.Light.MsgPackContext.GetConverter[T]()&#xD;
[xUnit.net 00:00:08.66]            at ProGaudi.Tarantool.Client.Model.BoxInfo.Converter.InitializeIfNeeded()&#xD;
[xUnit.net 00:00:08.66]            at ProGaudi.Tarantool.Client.Model.BoxInfo.Converter.Read(IMsgPackReader reader)&#xD;
[xUnit.net 00:00:08.66]            at ProGaudi.MsgPack.Light.Converters.ArrayConverter`2.ReadArray(IMsgPackReader reader, UInt32 length)&#xD;
[xUnit.net 00:00:08.66]            at ProGaudi.MsgPack.Light.Converters.ArrayConverter`2.Read(IMsgPackReader reader)&#xD;
[xUnit.net 00:00:08.66]            at ProGaudi.Tarantool.Client.Converters.ResponsePacketConverter`1.ProGaudi.MsgPack.Light.IMsgPackConverter&lt;ProGaudi.Tarantool.Client.Model.Responses.DataResponse&lt;T&gt;&gt;.Read(IMsgPackReader reader)&#xD;
[xUnit.net 00:00:08.66]            at ProGaudi.MsgPack.Light.MsgPackSerializer.Deserialize[T](MemoryStream stream, MsgPackContext context)&#xD;
[xUnit.net 00:00:08.66]            at ProGaudi.Tarantool.Client.LogicalConnection.SendRequest[TRequest,TResponse](TRequest request, Nullable`1 timeout)&#xD;
[xUnit.net 00:00:08.66]            at ProGaudi.Tarantool.Client.LogicalConnectionManager.SendRequest[TRequest,TResponse](TRequest request, Nullable`1 timeout)&#xD;
[xUnit.net 00:00:08.66]            at ProGaudi.Tarantool.Client.Box.Eval[TTuple,TResponse](String expression, TTuple parameters)&#xD;
[xUnit.net 00:00:08.66]            at ProGaudi.Tarantool.Client.Box.ReloadBoxInfo()&#xD;
[xUnit.net 00:00:08.66]            at ProGaudi.Tarantool.Client.Box.Connect()&#xD;
[xUnit.net 00:00:08.66]            at ProGaudi.Tarantool.Client.Box.Connect(String replicationSource)&#xD;
[xUnit.net 00:00:08.66]         C:\Users\alena\Desktop\7_sem\testing_and_debugging\SkiResort\AccessToDB\TarantoolContext.cs(52,0): at AccessToDB.TarantoolContext.Initialize(String connection_string)&#xD;
[xUnit.net 00:00:08.66]         C:\Users\alena\Desktop\7_sem\testing_and_debugging\SkiResort\AccessToDB\TarantoolContext.cs(32,0): at AccessToDB.TarantoolContext..ctor(String connection_string)&#xD;
[xUnit.net 00:00:08.66]         C:\Users\alena\Desktop\7_sem\testing_and_debugging\SkiResort\AccessToDB.Tests\LiftsRepositoryTests.cs(28,0): at AccessToDB.Tests.LiftsRepositoryTests..ctor()&#xD;
[xUnit.net 00:00:08.66]            at System.RuntimeType.CreateInstanceDefaultCtor(Boolean publicOnly, Boolean wrapExceptions)&#xD;
[xUnit.net 00:00:14.76]       System.InvalidOperationException : Operations that change non-concurrent collections must have exclusive access. A concurrent update was performed on this collection and corrupted its state. The collection's state is no longer correct.&#xD;
[xUnit.net 00:00:14.76]       Stack Trace:&#xD;
[xUnit.net 00:00:14.76]            at System.Collections.Generic.Dictionary`2.FindValue(TKey key)&#xD;
[xUnit.net 00:00:14.76]            at System.Collections.Generic.Dictionary`2.TryGetValue(TKey key, TValue&amp; value)&#xD;
[xUnit.net 00:00:14.76]            at ProGaudi.MsgPack.Light.MsgPackContext.GetObjectActivator(Type type)&#xD;
[xUnit.net 00:00:14.76]            at ProGaudi.MsgPack.Light.MsgPackContext.&lt;&gt;c__DisplayClass24_0.&lt;TryGenerateConverterFromGenericConverter&gt;b__0(Type x)&#xD;
[xUnit.net 00:00:14.76]            at ProGaudi.MsgPack.Light.MsgPackContext.TryGenerateConverterFromGenericConverter(Type type)&#xD;
[xUnit.net 00:00:14.76]            at ProGaudi.MsgPack.Light.MsgPackContext.GetConverter[T]()&#xD;
[xUnit.net 00:00:14.76]            at ProGaudi.MsgPack.Light.MsgPackSerializer.GetConverter[T](MsgPackContext context)&#xD;
[xUnit.net 00:00:14.76]            at ProGaudi.MsgPack.Light.MsgPackSerializer.Deserialize[T](MemoryStream stream, MsgPackContext context)&#xD;
[xUnit.net 00:00:14.76]            at ProGaudi.Tarantool.Client.LogicalConnection.SendRequest[TRequest,TResponse](TRequest request, Nullable`1 timeout)&#xD;
[xUnit.net 00:00:14.76]            at ProGaudi.Tarantool.Client.LogicalConnectionManager.SendRequest[TRequest,TResponse](TRequest request, Nullable`1 timeout)&#xD;
[xUnit.net 00:00:14.76]            at ProGaudi.Tarantool.Client.Schema.Select[T](UInt32 spaceId, Iterator iterator, UInt32 id)&#xD;
[xUnit.net 00:00:14.76]            at ProGaudi.Tarantool.Client.Schema.Reload()&#xD;
[xUnit.net 00:00:14.76]            at ProGaudi.Tarantool.Client.Box.Connect()&#xD;
[xUnit.net 00:00:14.76]            at ProGaudi.Tarantool.Client.Box.Connect(String replicationSource)&#xD;
[xUnit.net 00:00:14.76]         C:\Users\alena\Desktop\7_sem\testing_and_debugging\SkiResort\AccessToDB\TarantoolContext.cs(52,0): at AccessToDB.TarantoolContext.Initialize(String connection_string)&#xD;
[xUnit.net 00:00:14.76]         C:\Users\alena\Desktop\7_sem\testing_and_debugging\SkiResort\AccessToDB\TarantoolContext.cs(32,0): at AccessToDB.TarantoolContext..ctor(String connection_string)&#xD;
[xUnit.net 00:00:14.76]         C:\Users\alena\Desktop\7_sem\testing_and_debugging\SkiResort\AccessToDB.Tests\SlopesRepositoryTests.cs(28,0): at AccessToDB.Tests.SlopesRepositoryTests..ctor()&#xD;
[xUnit.net 00:00:14.76]            at System.RuntimeType.CreateInstanceDefaultCtor(Boolean publicOnly, Boolean wrapExceptions)&#xD;
[xUnit.net 00:00:23.83]   Finished:    AccessToDB.Tests&#xD;
</StdOut>
    </Output>
    <RunInfos>
      <RunInfo computerName="DESKTOP-TJ9D65N" outcome="Error" timestamp="2022-10-15T20:01:49.6797120+03:00">
        <Text>[xUnit.net 00:00:08.66]     AccessToDB.Tests.LiftsRepositoryTests.TestGetLiftByIdAsyncOk(lift: Lift { LiftID = 26, LiftName = liftNameff845577-ccb5-404c-abd9-730dd42c8b41, IsOpen = True, SeatsAmount = 198, LiftingTime = 63, QueueTime = 150, ConnectedSlopes =  }) [FAIL]</Text>
      </RunInfo>
      <RunInfo computerName="DESKTOP-TJ9D65N" outcome="Error" timestamp="2022-10-15T20:01:55.7855050+03:00">
        <Text>[xUnit.net 00:00:14.76]     AccessToDB.Tests.SlopesRepositoryTests.TestUpdateSlopeByIDAsyncOk(slope: Slope { SlopeID = 157, SlopeName = slopeName60d813e8-4fdf-4fde-9067-bfd17fb31586, IsOpen = True, DifficultyLevel = 221, ConnectedLifts =  }) [FAIL]</Text>
      </RunInfo>
    </RunInfos>
  </ResultSummary>
</TestRun>