<?xml version="1.0" encoding="utf-8"?>
<TestRun id="1b59a1b2-d2ff-4d52-9899-f5630b4d4fa5" name="alena@DESKTOP-TJ9D65N 2022-10-15 21:36:27" runUser="DESKTOP-TJ9D65N\alena" xmlns="http://microsoft.com/schemas/VisualStudio/TeamTest/2010">
  <Times creation="2022-10-15T21:36:27.5768396+03:00" queuing="2022-10-15T21:36:27.5768400+03:00" start="2022-10-15T21:36:23.5831067+03:00" finish="2022-10-15T21:38:04.3132997+03:00" />
  <TestSettings name="default" id="a58c98ac-ee3b-4563-bb4c-b7dd50342667">
    <Deployment runDeploymentRoot="alena_DESKTOP-TJ9D65N_2022-10-15_21_36_27" />
  </TestSettings>
  <Results>
    <UnitTestResult executionId="0d6ab259-db94-4a3f-9837-93f97c5aa020" testId="8e2c2c4e-c0e3-4e50-30da-bc7ef0245b42" testName="AccessToDB.Tests.TurnstilesRepositoryTests.TestUpdateTurnstileByIDAsyncOk(turnstile: Turnstile { TurnstileID = 251, LiftID = 79, IsOpen = True })" computerName="DESKTOP-TJ9D65N" duration="00:00:02.6340734" startTime="2022-10-15T21:37:50.9593654+03:00" endTime="2022-10-15T21:37:50.9593656+03:00" testType="13cdc9d9-ddb5-4fa4-a97d-d965ccfc6d4b" outcome="Passed" testListId="8c84fa94-04c1-424b-9868-57a2d4851a1d" relativeResultsDirectory="0d6ab259-db94-4a3f-9837-93f97c5aa020" />
    <UnitTestResult executionId="f10fd1c2-24fa-444f-be5c-ee0e1046c2d6" testId="3741b26d-6ee0-6246-29e4-92009bff37b0" testName="AccessToDB.Tests.UsersRepositoryTests.TestGetUsersAsyncEmpty" computerName="DESKTOP-TJ9D65N" duration="00:00:02.6061564" startTime="2022-10-15T21:36:27.5171897+03:00" endTime="2022-10-15T21:36:27.5172277+03:00" testType="13cdc9d9-ddb5-4fa4-a97d-d965ccfc6d4b" outcome="Passed" testListId="8c84fa94-04c1-424b-9868-57a2d4851a1d" relativeResultsDirectory="f10fd1c2-24fa-444f-be5c-ee0e1046c2d6" />
    <UnitTestResult executionId="72824693-0dd2-4d3b-a524-769b3aad1ba9" testId="607e8298-f113-be33-300e-15a343893443" testName="AccessToDB.Tests.LiftsRepositoryTests.TestGetLiftsAsyncEmpty" computerName="DESKTOP-TJ9D65N" duration="00:00:02.5627894" startTime="2022-10-15T21:37:16.9763874+03:00" endTime="2022-10-15T21:37:16.9763877+03:00" testType="13cdc9d9-ddb5-4fa4-a97d-d965ccfc6d4b" outcome="Passed" testListId="8c84fa94-04c1-424b-9868-57a2d4851a1d" relativeResultsDirectory="72824693-0dd2-4d3b-a524-769b3aad1ba9" />
    <UnitTestResult executionId="90d5ec72-b29b-4e23-a56d-098d1737a25d" testId="5f2088f6-a4e6-d64a-5cf0-1981399684a8" testName="AccessToDB.Tests.LiftsSlopesRepositoryTests.TestUpdateLiftSlopeByIDAsyncOk(liftSlope: LiftSlope { RecordID = 189, LiftID = 111, SlopeID = 141 })" computerName="DESKTOP-TJ9D65N" duration="00:00:02.6268309" startTime="2022-10-15T21:37:45.7493391+03:00" endTime="2022-10-15T21:37:45.7493405+03:00" testType="13cdc9d9-ddb5-4fa4-a97d-d965ccfc6d4b" outcome="Passed" testListId="8c84fa94-04c1-424b-9868-57a2d4851a1d" relativeResultsDirectory="90d5ec72-b29b-4e23-a56d-098d1737a25d" />
    <UnitTestResult executionId="606e92ec-e043-4caa-93a1-9e71182f3f2f" testId="a762c00a-1c68-d212-7a27-ce8cd27863e3" testName="AccessToDB.Tests.UsersRepositoryTests.TestGetUserByEmailAsyncFailsWhenEmailNotExists(email: &quot;email02ae4820-d4f7-406e-a426-ee0c4c3d4486&quot;)" computerName="DESKTOP-TJ9D65N" duration="00:00:02.5637632" startTime="2022-10-15T21:36:30.1114009+03:00" endTime="2022-10-15T21:36:30.1114014+03:00" testType="13cdc9d9-ddb5-4fa4-a97d-d965ccfc6d4b" outcome="Passed" testListId="8c84fa94-04c1-424b-9868-57a2d4851a1d" relativeResultsDirectory="606e92ec-e043-4caa-93a1-9e71182f3f2f" />
    <UnitTestResult executionId="abae5f42-4456-447e-bcd6-94d6a5f8e1d3" testId="ec229f70-485a-f91b-53ed-bce655f6cd58" testName="AccessToDB.Tests.LiftsRepositoryTests.TestAddLiftAutoIncrementAsyncOk" computerName="DESKTOP-TJ9D65N" duration="00:00:02.6167084" startTime="2022-10-15T21:37:09.1662150+03:00" endTime="2022-10-15T21:37:09.1662153+03:00" testType="13cdc9d9-ddb5-4fa4-a97d-d965ccfc6d4b" outcome="Passed" testListId="8c84fa94-04c1-424b-9868-57a2d4851a1d" relativeResultsDirectory="abae5f42-4456-447e-bcd6-94d6a5f8e1d3" />
    <UnitTestResult executionId="588b2397-c30b-45fe-9106-40bc02ea0599" testId="5715f61a-eea8-c256-8f76-9affecc7093e" testName="AccessToDB.Tests.LiftsRepositoryTests.TestGetLiftByNameAsyncFailsWhenNameNotExists(liftName: &quot;liftNamedc0bb1eb-4af0-45df-afd2-5839bfe9e867&quot;)" computerName="DESKTOP-TJ9D65N" duration="00:00:02.5640412" startTime="2022-10-15T21:37:19.5443450+03:00" endTime="2022-10-15T21:37:19.5443458+03:00" testType="13cdc9d9-ddb5-4fa4-a97d-d965ccfc6d4b" outcome="Passed" testListId="8c84fa94-04c1-424b-9868-57a2d4851a1d" relativeResultsDirectory="588b2397-c30b-45fe-9106-40bc02ea0599" />
    <UnitTestResult executionId="b03f44ea-0cbd-4e63-904b-1deaa025191e" testId="f9435956-2e34-e52b-c34e-dce53665cf8e" testName="AccessToDB.Tests.TurnstilesRepositoryTests.TestAddTurnstileAutoIncrementAsyncOk" computerName="DESKTOP-TJ9D65N" duration="00:00:02.6210994" startTime="2022-10-15T21:38:01.6145313+03:00" endTime="2022-10-15T21:38:01.6145327+03:00" testType="13cdc9d9-ddb5-4fa4-a97d-d965ccfc6d4b" outcome="Passed" testListId="8c84fa94-04c1-424b-9868-57a2d4851a1d" relativeResultsDirectory="b03f44ea-0cbd-4e63-904b-1deaa025191e" />
    <UnitTestResult executionId="c565601c-ea1c-46f4-ab0a-88280bca2a3e" testId="b46197e1-e880-3df5-1a8c-afeddc051af2" testName="AccessToDB.Tests.LiftsSlopesRepositoryTests.TestGetLiftSlopeByIdAsyncOk(liftSlope: LiftSlope { RecordID = 77, LiftID = 150, SlopeID = 232 })" computerName="DESKTOP-TJ9D65N" duration="00:00:02.6216119" startTime="2022-10-15T21:37:37.9283995+03:00" endTime="2022-10-15T21:37:37.9283996+03:00" testType="13cdc9d9-ddb5-4fa4-a97d-d965ccfc6d4b" outcome="Passed" testListId="8c84fa94-04c1-424b-9868-57a2d4851a1d" relativeResultsDirectory="c565601c-ea1c-46f4-ab0a-88280bca2a3e" />
    <UnitTestResult executionId="c5f3e64d-6d41-4840-b53d-85057688c9a6" testId="9e5a2ccc-ebc6-c734-acb1-d68dff1bb34b" testName="AccessToDB.Tests.SlopesRepositoryTests.TestGetSlopeByNameAsyncFailsWhenNameNotExists(slopeName: &quot;slopeName6235dee0-d5c9-4815-bcae-217194614157&quot;)" computerName="DESKTOP-TJ9D65N" duration="00:00:02.5771002" startTime="2022-10-15T21:36:58.7282674+03:00" endTime="2022-10-15T21:36:58.7282676+03:00" testType="13cdc9d9-ddb5-4fa4-a97d-d965ccfc6d4b" outcome="Passed" testListId="8c84fa94-04c1-424b-9868-57a2d4851a1d" relativeResultsDirectory="c5f3e64d-6d41-4840-b53d-85057688c9a6" />
    <UnitTestResult executionId="e92be1a4-eb48-48b1-b8db-5e5d2131afdc" testId="a126e046-f106-8575-70f4-02ffcfbc67c8" testName="AccessToDB.Tests.TurnstilesRepositoryTests.TestDeleteTurnstileByIDAsyncFailsWhenIDNotExists(turnstileID: 156)" computerName="DESKTOP-TJ9D65N" duration="00:00:02.5865438" startTime="2022-10-15T21:37:58.9838342+03:00" endTime="2022-10-15T21:37:58.9838350+03:00" testType="13cdc9d9-ddb5-4fa4-a97d-d965ccfc6d4b" outcome="Passed" testListId="8c84fa94-04c1-424b-9868-57a2d4851a1d" relativeResultsDirectory="e92be1a4-eb48-48b1-b8db-5e5d2131afdc" />
    <UnitTestResult executionId="7aa6d9c5-9be9-4bc9-ab28-201717e945cc" testId="954c2395-857e-f438-4d4f-5afd4e074abf" testName="AccessToDB.Tests.SlopesRepositoryTests.TestAddSlopeAsyncFailsWhenSlopeIdRepeats(slope: Slope { SlopeID = 52, SlopeName = slopeName22f013e3-6b70-4e33-884c-f780dd4a2ffd, IsOpen = True, DifficultyLevel = 95, ConnectedLifts =  })" computerName="DESKTOP-TJ9D65N" duration="00:00:02.6223489" startTime="2022-10-15T21:37:06.5430853+03:00" endTime="2022-10-15T21:37:06.5430855+03:00" testType="13cdc9d9-ddb5-4fa4-a97d-d965ccfc6d4b" outcome="Passed" testListId="8c84fa94-04c1-424b-9868-57a2d4851a1d" relativeResultsDirectory="7aa6d9c5-9be9-4bc9-ab28-201717e945cc" />
    <UnitTestResult executionId="1dd47b56-c9cf-404b-972f-fcdf975c58b8" testId="3a5aa77c-327f-934d-dadc-1afc22b7e45f" testName="AccessToDB.Tests.UsersRepositoryTests.TestGetUserByIdAsyncOk(user: User { UserID = 87, CardID = 151, UserEmail = UserEmail3cda15f4-19d9-4370-b2be-f1966d2f3532, Password = passworddde3c692-6d4f-4922-bfcc-d1665720148c, Permissions = UNAUTHORIZED })" computerName="DESKTOP-TJ9D65N" duration="00:00:02.5997194" startTime="2022-10-15T21:36:37.9033868+03:00" endTime="2022-10-15T21:36:37.9033871+03:00" testType="13cdc9d9-ddb5-4fa4-a97d-d965ccfc6d4b" outcome="Passed" testListId="8c84fa94-04c1-424b-9868-57a2d4851a1d" relativeResultsDirectory="1dd47b56-c9cf-404b-972f-fcdf975c58b8" />
    <UnitTestResult executionId="af4951e5-c331-4330-a0d2-0aee1d7502bd" testId="afc744d3-67ed-62b4-0932-813199ddcce5" testName="AccessToDB.Tests.TurnstilesRepositoryTests.TestAddTurnstileAsyncFailsWhenTurnstileIdRepeats(turnstile: Turnstile { TurnstileID = 82, LiftID = 33, IsOpen = True })" computerName="DESKTOP-TJ9D65N" duration="00:00:00.0010000" startTime="2022-10-15T21:37:53.6484637+03:00" endTime="2022-10-15T21:37:53.6484639+03:00" testType="13cdc9d9-ddb5-4fa4-a97d-d965ccfc6d4b" outcome="Failed" testListId="8c84fa94-04c1-424b-9868-57a2d4851a1d" relativeResultsDirectory="af4951e5-c331-4330-a0d2-0aee1d7502bd">
      <Output>
        <ErrorInfo>
          <Message>System.InvalidOperationException : Operations that change non-concurrent collections must have exclusive access. A concurrent update was performed on this collection and corrupted its state. The collection's state is no longer correct.</Message>
          <StackTrace>   at System.Collections.Generic.Dictionary`2.FindValue(TKey key)&#xD;
   at System.Collections.Generic.Dictionary`2.TryGetValue(TKey key, TValue&amp; value)&#xD;
   at ProGaudi.MsgPack.Light.MsgPackContext.GetObjectActivator(Type type)&#xD;
   at ProGaudi.MsgPack.Light.MsgPackContext.&lt;&gt;c__DisplayClass27_0.&lt;TryGenerateArrayConverter&gt;b__0(Type x)&#xD;
   at ProGaudi.MsgPack.Light.MsgPackContext.TryGenerateArrayConverter(Type type)&#xD;
   at ProGaudi.MsgPack.Light.MsgPackContext.GetConverter[T]()&#xD;
   at ProGaudi.Tarantool.Client.Converters.ResponsePacketConverter`1.Initialize(MsgPackContext context)&#xD;
   at ProGaudi.MsgPack.Light.MsgPackContext.CreateAndInializeConverter(Func`1 converterActivator)&#xD;
   at ProGaudi.MsgPack.Light.MsgPackContext.TryGenerateConverterFromGenericConverter(Type type)&#xD;
   at ProGaudi.MsgPack.Light.MsgPackContext.GetConverter[T]()&#xD;
   at ProGaudi.MsgPack.Light.MsgPackSerializer.GetConverter[T](MsgPackContext context)&#xD;
   at ProGaudi.MsgPack.Light.MsgPackSerializer.Deserialize[T](MemoryStream stream, MsgPackContext context)&#xD;
   at ProGaudi.Tarantool.Client.LogicalConnection.SendRequest[TRequest,TResponse](TRequest request, Nullable`1 timeout)&#xD;
   at ProGaudi.Tarantool.Client.LogicalConnectionManager.SendRequest[TRequest,TResponse](TRequest request, Nullable`1 timeout)&#xD;
   at ProGaudi.Tarantool.Client.Schema.Select[T](UInt32 spaceId, Iterator iterator, UInt32 id)&#xD;
   at ProGaudi.Tarantool.Client.Schema.Reload()&#xD;
   at ProGaudi.Tarantool.Client.Box.Connect()&#xD;
   at ProGaudi.Tarantool.Client.Box.Connect(String replicationSource)&#xD;
   at AccessToDB.TarantoolContext.Initialize(String connection_string) in C:\Users\alena\Desktop\7_sem\testing_and_debugging\SkiResort\AccessToDB\TarantoolContext.cs:line 52&#xD;
   at AccessToDB.TarantoolContext..ctor(String connection_string) in C:\Users\alena\Desktop\7_sem\testing_and_debugging\SkiResort\AccessToDB\TarantoolContext.cs:line 32&#xD;
   at AccessToDB.Tests.TurnstilesRepositoryTests..ctor() in C:\Users\alena\Desktop\7_sem\testing_and_debugging\SkiResort\AccessToDB.Tests\TurnstilesRepositoryTests.cs:line 29&#xD;
   at System.RuntimeType.CreateInstanceDefaultCtor(Boolean publicOnly, Boolean wrapExceptions)</StackTrace>
        </ErrorInfo>
      </Output>
    </UnitTestResult>
    <UnitTestResult executionId="30e1fc4d-bd82-495f-b98b-8574eaf5b7a2" testId="488b301e-b75d-50d3-60a4-52bd4c88d4c1" testName="AccessToDB.Tests.LiftsRepositoryTests.TestGetLiftByIdAsyncOk(lift: Lift { LiftID = 224, LiftName = liftName36c9f39d-c9b8-49ba-a8c0-7e5f40b5fe7d, IsOpen = True, SeatsAmount = 18, LiftingTime = 12, QueueTime = 242, ConnectedSlopes =  })" computerName="DESKTOP-TJ9D65N" duration="00:00:02.6263901" startTime="2022-10-15T21:37:24.7542838+03:00" endTime="2022-10-15T21:37:24.7542848+03:00" testType="13cdc9d9-ddb5-4fa4-a97d-d965ccfc6d4b" outcome="Passed" testListId="8c84fa94-04c1-424b-9868-57a2d4851a1d" relativeResultsDirectory="30e1fc4d-bd82-495f-b98b-8574eaf5b7a2" />
    <UnitTestResult executionId="5d931647-1985-4f88-9839-28fe29f6d2f8" testId="8b3e1c78-4b9b-1a2a-4b7b-6ac213937e33" testName="AccessToDB.Tests.SlopesRepositoryTests.TestDeleteSlopeByIDAsyncFailsWhenIDNotExists(slopeID: 242)" computerName="DESKTOP-TJ9D65N" duration="00:00:02.5643345" startTime="2022-10-15T21:36:50.9176436+03:00" endTime="2022-10-15T21:36:50.9176440+03:00" testType="13cdc9d9-ddb5-4fa4-a97d-d965ccfc6d4b" outcome="Passed" testListId="8c84fa94-04c1-424b-9868-57a2d4851a1d" relativeResultsDirectory="5d931647-1985-4f88-9839-28fe29f6d2f8" />
    <UnitTestResult executionId="da449224-dfba-468c-b2b7-b521d8b38eea" testId="0076a010-e21c-f393-d30d-59ed9ffa7cfd" testName="AccessToDB.Tests.LiftsSlopesRepositoryTests.TestDeleteLiftSlopesByIDsAsyncOk(liftSlope: LiftSlope { RecordID = 167, LiftID = 254, SlopeID = 85 })" computerName="DESKTOP-TJ9D65N" duration="00:00:02.6077156" startTime="2022-10-15T21:37:29.9864884+03:00" endTime="2022-10-15T21:37:29.9864888+03:00" testType="13cdc9d9-ddb5-4fa4-a97d-d965ccfc6d4b" outcome="Passed" testListId="8c84fa94-04c1-424b-9868-57a2d4851a1d" relativeResultsDirectory="da449224-dfba-468c-b2b7-b521d8b38eea" />
    <UnitTestResult executionId="7b64de48-1ad4-4934-b174-bedc3ef79bd2" testId="c9d48cef-c7ae-4dd1-4a7d-fbda6178b26f" testName="AccessToDB.Tests.TurnstilesRepositoryTests.TestGetTurnstileByIdAsyncOk(turnstile: Turnstile { TurnstileID = 103, LiftID = 30, IsOpen = True })" computerName="DESKTOP-TJ9D65N" duration="00:00:02.6003894" startTime="2022-10-15T21:38:04.2178975+03:00" endTime="2022-10-15T21:38:04.2178978+03:00" testType="13cdc9d9-ddb5-4fa4-a97d-d965ccfc6d4b" outcome="Passed" testListId="8c84fa94-04c1-424b-9868-57a2d4851a1d" relativeResultsDirectory="7b64de48-1ad4-4934-b174-bedc3ef79bd2" />
    <UnitTestResult executionId="43f0c08e-2583-4403-afa4-2c3aa4883cee" testId="9ffc1036-2898-1dbc-31a8-716842478173" testName="AccessToDB.Tests.LiftsRepositoryTests.TestAddLiftAsyncFailsWhenLiftIdRepeats(lift: Lift { LiftID = 197, LiftName = liftNamee9fdc36e-0daa-46b6-9953-c420c53ee3ea, IsOpen = True, SeatsAmount = 127, LiftingTime = 3, QueueTime = 105, ConnectedSlopes =  })" computerName="DESKTOP-TJ9D65N" duration="00:00:02.6167984" startTime="2022-10-15T21:37:11.7882231+03:00" endTime="2022-10-15T21:37:11.7882232+03:00" testType="13cdc9d9-ddb5-4fa4-a97d-d965ccfc6d4b" outcome="Passed" testListId="8c84fa94-04c1-424b-9868-57a2d4851a1d" relativeResultsDirectory="43f0c08e-2583-4403-afa4-2c3aa4883cee" />
    <UnitTestResult executionId="df02903b-07c0-4468-84c9-382a10ca7acd" testId="7cba8cf3-655a-ab1f-b645-44f518da176c" testName="AccessToDB.Tests.SlopesRepositoryTests.TestUpdateSlopeByIDAsyncOk(slope: Slope { SlopeID = 71, SlopeName = slopeName6a35d6d8-b695-4939-bfc2-2a5e2358215d, IsOpen = True, DifficultyLevel = 160, ConnectedLifts =  })" computerName="DESKTOP-TJ9D65N" duration="00:00:02.6191345" startTime="2022-10-15T21:36:56.1481341+03:00" endTime="2022-10-15T21:36:56.1481343+03:00" testType="13cdc9d9-ddb5-4fa4-a97d-d965ccfc6d4b" outcome="Passed" testListId="8c84fa94-04c1-424b-9868-57a2d4851a1d" relativeResultsDirectory="df02903b-07c0-4468-84c9-382a10ca7acd" />
    <UnitTestResult executionId="aa9a02eb-050d-4551-9777-c32e9a537d8f" testId="0a64f836-ab31-00d4-7506-6311944f2363" testName="AccessToDB.Tests.LiftsSlopesRepositoryTests.TestDeleteLiftSlopeByIDAsyncFailsWhenIDNotExists(liftSlopeID: 134)" computerName="DESKTOP-TJ9D65N" duration="00:00:02.5577115" startTime="2022-10-15T21:37:48.3152009+03:00" endTime="2022-10-15T21:37:48.3152017+03:00" testType="13cdc9d9-ddb5-4fa4-a97d-d965ccfc6d4b" outcome="Passed" testListId="8c84fa94-04c1-424b-9868-57a2d4851a1d" relativeResultsDirectory="aa9a02eb-050d-4551-9777-c32e9a537d8f" />
    <UnitTestResult executionId="aab3f066-10f6-4f25-a98a-b052aaed56d5" testId="ee6a77a2-12e0-98ea-c7fe-fa246b5018f3" testName="AccessToDB.Tests.UsersRepositoryTests.TestDeleteUserByIDAsyncFailsWhenIDNotExists(userID: 104)" computerName="DESKTOP-TJ9D65N" duration="00:00:02.5728105" startTime="2022-10-15T21:36:43.1006690+03:00" endTime="2022-10-15T21:36:43.1006692+03:00" testType="13cdc9d9-ddb5-4fa4-a97d-d965ccfc6d4b" outcome="Passed" testListId="8c84fa94-04c1-424b-9868-57a2d4851a1d" relativeResultsDirectory="aab3f066-10f6-4f25-a98a-b052aaed56d5" />
    <UnitTestResult executionId="761c9a5a-a0c9-4f01-821e-42d436d8ce4c" testId="565cdb42-ecfd-76e6-48a0-c2220b7d8e99" testName="AccessToDB.Tests.LiftsRepositoryTests.TestDeleteLiftByIDAsyncFailsWhenIDNotExists(liftID: 12)" computerName="DESKTOP-TJ9D65N" duration="00:00:02.5610160" startTime="2022-10-15T21:37:22.1161412+03:00" endTime="2022-10-15T21:37:22.1161421+03:00" testType="13cdc9d9-ddb5-4fa4-a97d-d965ccfc6d4b" outcome="Passed" testListId="8c84fa94-04c1-424b-9868-57a2d4851a1d" relativeResultsDirectory="761c9a5a-a0c9-4f01-821e-42d436d8ce4c" />
    <UnitTestResult executionId="0a01c818-4836-4aa2-8ba4-962b89427a5c" testId="023c6d6d-36cf-d36f-6354-bd60cc4063d4" testName="AccessToDB.Tests.LiftsSlopesRepositoryTests.TestGetLiftsBySlopeIdAsyncOk(slope1: Slope { SlopeID = 178, SlopeName = slopeName5ae31459-9b7a-49bb-9ab1-36763fcb728b, IsOpen = True, DifficultyLevel = 36, ConnectedLifts =  }, slope2: Slope { SlopeID = 208, SlopeName = slopeName6291c53c-41c1-4922-a1c4-35f84372dda4, IsOpen = False, DifficultyLevel = 228, ConnectedLifts =  }, lift1: Lift { LiftID = 176, LiftName = liftName3006c841-3fbd-435a-9886-ecda40d5da7e, IsOpen = True, SeatsAmount = 139, LiftingTime = 247, QueueTime = 78, ConnectedSlopes =  }, lift2: Lift { LiftID = 153, LiftName = liftNameebf21a28-6687-4c72-ba6d-9cbd23166949, IsOpen = False, SeatsAmount = 39, LiftingTime = 44, QueueTime = 189, ConnectedSlopes =  })" computerName="DESKTOP-TJ9D65N" duration="00:00:02.6764681" startTime="2022-10-15T21:37:35.2950564+03:00" endTime="2022-10-15T21:37:35.2950574+03:00" testType="13cdc9d9-ddb5-4fa4-a97d-d965ccfc6d4b" outcome="Passed" testListId="8c84fa94-04c1-424b-9868-57a2d4851a1d" relativeResultsDirectory="0a01c818-4836-4aa2-8ba4-962b89427a5c" />
    <UnitTestResult executionId="dee6da22-fe11-4e86-a3be-3c517f3b703e" testId="4145f44e-b4b1-a618-09e8-c631496e6f1a" testName="AccessToDB.Tests.LiftsSlopesRepositoryTests.TestGetLiftSlopesAsyncEmpty" computerName="DESKTOP-TJ9D65N" duration="00:00:02.5576815" startTime="2022-10-15T21:37:43.1148237+03:00" endTime="2022-10-15T21:37:43.1148242+03:00" testType="13cdc9d9-ddb5-4fa4-a97d-d965ccfc6d4b" outcome="Passed" testListId="8c84fa94-04c1-424b-9868-57a2d4851a1d" relativeResultsDirectory="dee6da22-fe11-4e86-a3be-3c517f3b703e" />
    <UnitTestResult executionId="cd8532d0-f6de-4c3e-bf2b-38c086afae5d" testId="3c521313-4ed6-6bce-b4f9-c359411028e7" testName="AccessToDB.Tests.TurnstilesRepositoryTests.TestGetTurnstilesAsyncEmpty" computerName="DESKTOP-TJ9D65N" duration="00:00:02.5731508" startTime="2022-10-15T21:37:53.5401142+03:00" endTime="2022-10-15T21:37:53.5401146+03:00" testType="13cdc9d9-ddb5-4fa4-a97d-d965ccfc6d4b" outcome="Passed" testListId="8c84fa94-04c1-424b-9868-57a2d4851a1d" relativeResultsDirectory="cd8532d0-f6de-4c3e-bf2b-38c086afae5d" />
    <UnitTestResult executionId="a8100412-f4fd-4097-9a84-ab0db2229fb3" testId="7156ded4-7e2b-1671-3dc3-54ea86a1eff2" testName="AccessToDB.Tests.UsersRepositoryTests.TestAddUserAsyncFailsWhenUserIdRepeats(user: User { UserID = 56, CardID = 96, UserEmail = UserEmail24b87b7e-6389-454f-b020-ada7be5174fc, Password = password21ea0062-95a8-4f92-8fd6-c642562c3de5, Permissions = UNAUTHORIZED })" computerName="DESKTOP-TJ9D65N" duration="00:00:02.6166492" startTime="2022-10-15T21:36:40.5234071+03:00" endTime="2022-10-15T21:36:40.5234072+03:00" testType="13cdc9d9-ddb5-4fa4-a97d-d965ccfc6d4b" outcome="Passed" testListId="8c84fa94-04c1-424b-9868-57a2d4851a1d" relativeResultsDirectory="a8100412-f4fd-4097-9a84-ab0db2229fb3" />
    <UnitTestResult executionId="7bafdc86-e636-4c39-808b-e43cae6c3392" testId="73e1ab9b-c258-0b03-c2cf-7a5a0d5b557e" testName="AccessToDB.Tests.LiftsSlopesRepositoryTests.TestAddLiftSlopeAsyncFailsWhenLiftSlopeIdRepeats(liftSlope: LiftSlope { RecordID = 224, LiftID = 65, SlopeID = 111 })" computerName="DESKTOP-TJ9D65N" duration="00:00:02.6159442" startTime="2022-10-15T21:37:32.6080535+03:00" endTime="2022-10-15T21:37:32.6080549+03:00" testType="13cdc9d9-ddb5-4fa4-a97d-d965ccfc6d4b" outcome="Passed" testListId="8c84fa94-04c1-424b-9868-57a2d4851a1d" relativeResultsDirectory="7bafdc86-e636-4c39-808b-e43cae6c3392" />
    <UnitTestResult executionId="c19ee01f-a35a-47b3-b0ce-ae07c5341cb6" testId="30f8e924-9784-0a43-e807-094f70e06567" testName="AccessToDB.Tests.LiftsSlopesRepositoryTests.TestAddLiftSlopeAutoIncrementAsyncOk" computerName="DESKTOP-TJ9D65N" duration="00:00:02.6146626" startTime="2022-10-15T21:37:40.5466354+03:00" endTime="2022-10-15T21:37:40.5466363+03:00" testType="13cdc9d9-ddb5-4fa4-a97d-d965ccfc6d4b" outcome="Passed" testListId="8c84fa94-04c1-424b-9868-57a2d4851a1d" relativeResultsDirectory="c19ee01f-a35a-47b3-b0ce-ae07c5341cb6" />
    <UnitTestResult executionId="9307f553-5f2d-44ce-9e8e-7af665c1b1af" testId="8f7ba917-f771-0dc5-f9b9-465c34344b12" testName="AccessToDB.Tests.SlopesRepositoryTests.TestAddSlopeAutoIncrementAsyncOk" computerName="DESKTOP-TJ9D65N" duration="00:00:02.6146187" startTime="2022-10-15T21:37:01.3470775+03:00" endTime="2022-10-15T21:37:01.3470780+03:00" testType="13cdc9d9-ddb5-4fa4-a97d-d965ccfc6d4b" outcome="Passed" testListId="8c84fa94-04c1-424b-9868-57a2d4851a1d" relativeResultsDirectory="9307f553-5f2d-44ce-9e8e-7af665c1b1af" />
    <UnitTestResult executionId="7c9fdcda-5eb2-4f43-978b-8cbd919ee1a1" testId="9bbefb83-8311-6e03-307f-415e3495e223" testName="AccessToDB.Tests.SlopesRepositoryTests.TestGetSlopesAsyncEmpty" computerName="DESKTOP-TJ9D65N" duration="00:00:02.5648051" startTime="2022-10-15T21:37:03.9174922+03:00" endTime="2022-10-15T21:37:03.9174922+03:00" testType="13cdc9d9-ddb5-4fa4-a97d-d965ccfc6d4b" outcome="Passed" testListId="8c84fa94-04c1-424b-9868-57a2d4851a1d" relativeResultsDirectory="7c9fdcda-5eb2-4f43-978b-8cbd919ee1a1" />
    <UnitTestResult executionId="ca81add2-a1b3-4fae-94a5-905ecba0612e" testId="54938b7e-5099-55ac-3fc8-2115500e7d1e" testName="AccessToDB.Tests.SlopesRepositoryTests.TestGetSlopeByIdAsyncOk(slope: Slope { SlopeID = 10, SlopeName = slopeName2542cb94-63f6-48d1-9f22-191c187821a8, IsOpen = True, DifficultyLevel = 83, ConnectedLifts =  })" computerName="DESKTOP-TJ9D65N" duration="00:00:02.6024382" startTime="2022-10-15T21:36:53.5252185+03:00" endTime="2022-10-15T21:36:53.5252186+03:00" testType="13cdc9d9-ddb5-4fa4-a97d-d965ccfc6d4b" outcome="Passed" testListId="8c84fa94-04c1-424b-9868-57a2d4851a1d" relativeResultsDirectory="ca81add2-a1b3-4fae-94a5-905ecba0612e" />
    <UnitTestResult executionId="a43069aa-ee21-4406-a2b9-a95d57610802" testId="24c2b0a5-4242-1ef9-5f08-34136554e968" testName="AccessToDB.Tests.UsersRepositoryTests.TestCheckUserIdExistsAsyncTrue(user: User { UserID = 50, CardID = 83, UserEmail = UserEmail08311b8a-b538-41e1-b70c-57100ef5b6a5, Password = password089709b4-9196-40bc-819c-2b29bc0d5ad0, Permissions = UNAUTHORIZED })" computerName="DESKTOP-TJ9D65N" duration="00:00:02.5903539" startTime="2022-10-15T21:36:45.6943939+03:00" endTime="2022-10-15T21:36:45.6943942+03:00" testType="13cdc9d9-ddb5-4fa4-a97d-d965ccfc6d4b" outcome="Passed" testListId="8c84fa94-04c1-424b-9868-57a2d4851a1d" relativeResultsDirectory="a43069aa-ee21-4406-a2b9-a95d57610802" />
    <UnitTestResult executionId="9841019c-0bf3-499b-b259-b033dcca1ea5" testId="21c873e8-1103-c7ba-9a7a-ac8623638074" testName="AccessToDB.Tests.UsersRepositoryTests.TestUpdateUserByIDAsyncOk(user: User { UserID = 79, CardID = 87, UserEmail = UserEmail9de3294d-0302-48af-ae37-f8f560291ce7, Password = passwordd860446d-48bc-4712-bc93-5b49e4f90d08, Permissions = UNAUTHORIZED })" computerName="DESKTOP-TJ9D65N" duration="00:00:02.6187288" startTime="2022-10-15T21:36:35.2996657+03:00" endTime="2022-10-15T21:36:35.2996660+03:00" testType="13cdc9d9-ddb5-4fa4-a97d-d965ccfc6d4b" outcome="Passed" testListId="8c84fa94-04c1-424b-9868-57a2d4851a1d" relativeResultsDirectory="9841019c-0bf3-499b-b259-b033dcca1ea5" />
    <UnitTestResult executionId="e91308b0-0a3c-4e90-9494-6499e580f68c" testId="9a700351-6ec0-edf6-a650-47ff5fab3d61" testName="AccessToDB.Tests.LiftsRepositoryTests.TestUpdateLiftByIDAsyncOk(lift: Lift { LiftID = 57, LiftName = liftName4fe180b4-0864-4ddf-8a5c-ca92999d86a8, IsOpen = True, SeatsAmount = 210, LiftingTime = 222, QueueTime = 253, ConnectedSlopes =  })" computerName="DESKTOP-TJ9D65N" duration="00:00:02.6175310" startTime="2022-10-15T21:37:14.4093043+03:00" endTime="2022-10-15T21:37:14.4093046+03:00" testType="13cdc9d9-ddb5-4fa4-a97d-d965ccfc6d4b" outcome="Passed" testListId="8c84fa94-04c1-424b-9868-57a2d4851a1d" relativeResultsDirectory="e91308b0-0a3c-4e90-9494-6499e580f68c" />
    <UnitTestResult executionId="ed580591-5d0e-4e50-83b3-28eacb6ba645" testId="007cd6c4-bd42-eb61-fbb9-554540824ef1" testName="AccessToDB.Tests.TurnstilesRepositoryTests.TestGetTurnstilesByLiftIdAsyncOk(liftID: 33)" computerName="DESKTOP-TJ9D65N" duration="00:00:02.7528774" startTime="2022-10-15T21:37:56.3919422+03:00" endTime="2022-10-15T21:37:56.3919424+03:00" testType="13cdc9d9-ddb5-4fa4-a97d-d965ccfc6d4b" outcome="Passed" testListId="8c84fa94-04c1-424b-9868-57a2d4851a1d" relativeResultsDirectory="ed580591-5d0e-4e50-83b3-28eacb6ba645" />
    <UnitTestResult executionId="40083aa2-61e8-4515-93e4-be211e7aa486" testId="3031e1a7-51a5-ab0f-7a95-02e223e7a1a6" testName="AccessToDB.Tests.LiftsSlopesRepositoryTests.TestGetSlopesByLiftIdAsyncFailsWhenSlopeNotExists(liftSlope: LiftSlope { RecordID = 86, LiftID = 31, SlopeID = 29 })" computerName="DESKTOP-TJ9D65N" duration="00:00:02.6085417" startTime="2022-10-15T21:37:27.3752253+03:00" endTime="2022-10-15T21:37:27.3752255+03:00" testType="13cdc9d9-ddb5-4fa4-a97d-d965ccfc6d4b" outcome="Passed" testListId="8c84fa94-04c1-424b-9868-57a2d4851a1d" relativeResultsDirectory="40083aa2-61e8-4515-93e4-be211e7aa486" />
    <UnitTestResult executionId="c4fdff4a-afd9-47f4-a0c1-cd97f5040bfa" testId="35a92584-e2b0-9246-03a0-98560ed44376" testName="AccessToDB.Tests.UsersRepositoryTests.TestCheckUserEmailExistsAsyncFalse(userEmail: &quot;userEmailf5bcd4e4-f42f-4a84-b32b-1bb74560f041&quot;)" computerName="DESKTOP-TJ9D65N" duration="00:00:02.5567955" startTime="2022-10-15T21:36:32.6769992+03:00" endTime="2022-10-15T21:36:32.6769996+03:00" testType="13cdc9d9-ddb5-4fa4-a97d-d965ccfc6d4b" outcome="Passed" testListId="8c84fa94-04c1-424b-9868-57a2d4851a1d" relativeResultsDirectory="c4fdff4a-afd9-47f4-a0c1-cd97f5040bfa" />
    <UnitTestResult executionId="5dba4fc4-de42-47b6-a4af-8e1271c70e49" testId="e75bb6e2-88d9-af2a-a444-c4a9d67f0f0e" testName="AccessToDB.Tests.UsersRepositoryTests.TestAddUserAutoIncrementAsyncOk" computerName="DESKTOP-TJ9D65N" duration="00:00:02.6407421" startTime="2022-10-15T21:36:48.3396682+03:00" endTime="2022-10-15T21:36:48.3396683+03:00" testType="13cdc9d9-ddb5-4fa4-a97d-d965ccfc6d4b" outcome="Passed" testListId="8c84fa94-04c1-424b-9868-57a2d4851a1d" relativeResultsDirectory="5dba4fc4-de42-47b6-a4af-8e1271c70e49" />
  </Results>
  <TestDefinitions>
    <UnitTest name="AccessToDB.Tests.TurnstilesRepositoryTests.TestAddTurnstileAsyncFailsWhenTurnstileIdRepeats(turnstile: Turnstile { TurnstileID = 82, LiftID = 33, IsOpen = True })" storage="c:\users\alena\desktop\7_sem\testing_and_debugging\skiresort\accesstodb.tests\bin\debug\net6.0\accesstodb.tests.dll" id="afc744d3-67ed-62b4-0932-813199ddcce5">
      <Execution id="af4951e5-c331-4330-a0d2-0aee1d7502bd" />
      <TestMethod codeBase="C:\Users\alena\Desktop\7_sem\testing_and_debugging\SkiResort\AccessToDB.Tests\bin\Debug\net6.0\AccessToDB.Tests.dll" adapterTypeName="executor://xunit/VsTestRunner2/netcoreapp" className="AccessToDB.Tests.TurnstilesRepositoryTests" name="TestAddTurnstileAsyncFailsWhenTurnstileIdRepeats" />
    </UnitTest>
    <UnitTest name="AccessToDB.Tests.TurnstilesRepositoryTests.TestGetTurnstilesAsyncEmpty" storage="c:\users\alena\desktop\7_sem\testing_and_debugging\skiresort\accesstodb.tests\bin\debug\net6.0\accesstodb.tests.dll" id="3c521313-4ed6-6bce-b4f9-c359411028e7">
      <Execution id="cd8532d0-f6de-4c3e-bf2b-38c086afae5d" />
      <TestMethod codeBase="C:\Users\alena\Desktop\7_sem\testing_and_debugging\SkiResort\AccessToDB.Tests\bin\Debug\net6.0\AccessToDB.Tests.dll" adapterTypeName="executor://xunit/VsTestRunner2/netcoreapp" className="AccessToDB.Tests.TurnstilesRepositoryTests" name="TestGetTurnstilesAsyncEmpty" />
    </UnitTest>
    <UnitTest name="AccessToDB.Tests.LiftsSlopesRepositoryTests.TestAddLiftSlopeAutoIncrementAsyncOk" storage="c:\users\alena\desktop\7_sem\testing_and_debugging\skiresort\accesstodb.tests\bin\debug\net6.0\accesstodb.tests.dll" id="30f8e924-9784-0a43-e807-094f70e06567">
      <Execution id="c19ee01f-a35a-47b3-b0ce-ae07c5341cb6" />
      <TestMethod codeBase="C:\Users\alena\Desktop\7_sem\testing_and_debugging\SkiResort\AccessToDB.Tests\bin\Debug\net6.0\AccessToDB.Tests.dll" adapterTypeName="executor://xunit/VsTestRunner2/netcoreapp" className="AccessToDB.Tests.LiftsSlopesRepositoryTests" name="TestAddLiftSlopeAutoIncrementAsyncOk" />
    </UnitTest>
    <UnitTest name="AccessToDB.Tests.SlopesRepositoryTests.TestAddSlopeAutoIncrementAsyncOk" storage="c:\users\alena\desktop\7_sem\testing_and_debugging\skiresort\accesstodb.tests\bin\debug\net6.0\accesstodb.tests.dll" id="8f7ba917-f771-0dc5-f9b9-465c34344b12">
      <Execution id="9307f553-5f2d-44ce-9e8e-7af665c1b1af" />
      <TestMethod codeBase="C:\Users\alena\Desktop\7_sem\testing_and_debugging\SkiResort\AccessToDB.Tests\bin\Debug\net6.0\AccessToDB.Tests.dll" adapterTypeName="executor://xunit/VsTestRunner2/netcoreapp" className="AccessToDB.Tests.SlopesRepositoryTests" name="TestAddSlopeAutoIncrementAsyncOk" />
    </UnitTest>
    <UnitTest name="AccessToDB.Tests.TurnstilesRepositoryTests.TestGetTurnstileByIdAsyncOk(turnstile: Turnstile { TurnstileID = 103, LiftID = 30, IsOpen = True })" storage="c:\users\alena\desktop\7_sem\testing_and_debugging\skiresort\accesstodb.tests\bin\debug\net6.0\accesstodb.tests.dll" id="c9d48cef-c7ae-4dd1-4a7d-fbda6178b26f">
      <Execution id="7b64de48-1ad4-4934-b174-bedc3ef79bd2" />
      <TestMethod codeBase="C:\Users\alena\Desktop\7_sem\testing_and_debugging\SkiResort\AccessToDB.Tests\bin\Debug\net6.0\AccessToDB.Tests.dll" adapterTypeName="executor://xunit/VsTestRunner2/netcoreapp" className="AccessToDB.Tests.TurnstilesRepositoryTests" name="TestGetTurnstileByIdAsyncOk" />
    </UnitTest>
    <UnitTest name="AccessToDB.Tests.LiftsRepositoryTests.TestAddLiftAutoIncrementAsyncOk" storage="c:\users\alena\desktop\7_sem\testing_and_debugging\skiresort\accesstodb.tests\bin\debug\net6.0\accesstodb.tests.dll" id="ec229f70-485a-f91b-53ed-bce655f6cd58">
      <Execution id="abae5f42-4456-447e-bcd6-94d6a5f8e1d3" />
      <TestMethod codeBase="C:\Users\alena\Desktop\7_sem\testing_and_debugging\SkiResort\AccessToDB.Tests\bin\Debug\net6.0\AccessToDB.Tests.dll" adapterTypeName="executor://xunit/VsTestRunner2/netcoreapp" className="AccessToDB.Tests.LiftsRepositoryTests" name="TestAddLiftAutoIncrementAsyncOk" />
    </UnitTest>
    <UnitTest name="AccessToDB.Tests.LiftsRepositoryTests.TestUpdateLiftByIDAsyncOk(lift: Lift { LiftID = 57, LiftName = liftName4fe180b4-0864-4ddf-8a5c-ca92999d86a8, IsOpen = True, SeatsAmount = 210, LiftingTime = 222, QueueTime = 253, ConnectedSlopes =  })" storage="c:\users\alena\desktop\7_sem\testing_and_debugging\skiresort\accesstodb.tests\bin\debug\net6.0\accesstodb.tests.dll" id="9a700351-6ec0-edf6-a650-47ff5fab3d61">
      <Execution id="e91308b0-0a3c-4e90-9494-6499e580f68c" />
      <TestMethod codeBase="C:\Users\alena\Desktop\7_sem\testing_and_debugging\SkiResort\AccessToDB.Tests\bin\Debug\net6.0\AccessToDB.Tests.dll" adapterTypeName="executor://xunit/VsTestRunner2/netcoreapp" className="AccessToDB.Tests.LiftsRepositoryTests" name="TestUpdateLiftByIDAsyncOk" />
    </UnitTest>
    <UnitTest name="AccessToDB.Tests.UsersRepositoryTests.TestGetUserByIdAsyncOk(user: User { UserID = 87, CardID = 151, UserEmail = UserEmail3cda15f4-19d9-4370-b2be-f1966d2f3532, Password = passworddde3c692-6d4f-4922-bfcc-d1665720148c, Permissions = UNAUTHORIZED })" storage="c:\users\alena\desktop\7_sem\testing_and_debugging\skiresort\accesstodb.tests\bin\debug\net6.0\accesstodb.tests.dll" id="3a5aa77c-327f-934d-dadc-1afc22b7e45f">
      <Execution id="1dd47b56-c9cf-404b-972f-fcdf975c58b8" />
      <TestMethod codeBase="C:\Users\alena\Desktop\7_sem\testing_and_debugging\SkiResort\AccessToDB.Tests\bin\Debug\net6.0\AccessToDB.Tests.dll" adapterTypeName="executor://xunit/VsTestRunner2/netcoreapp" className="AccessToDB.Tests.UsersRepositoryTests" name="TestGetUserByIdAsyncOk" />
    </UnitTest>
    <UnitTest name="AccessToDB.Tests.SlopesRepositoryTests.TestGetSlopesAsyncEmpty" storage="c:\users\alena\desktop\7_sem\testing_and_debugging\skiresort\accesstodb.tests\bin\debug\net6.0\accesstodb.tests.dll" id="9bbefb83-8311-6e03-307f-415e3495e223">
      <Execution id="7c9fdcda-5eb2-4f43-978b-8cbd919ee1a1" />
      <TestMethod codeBase="C:\Users\alena\Desktop\7_sem\testing_and_debugging\SkiResort\AccessToDB.Tests\bin\Debug\net6.0\AccessToDB.Tests.dll" adapterTypeName="executor://xunit/VsTestRunner2/netcoreapp" className="AccessToDB.Tests.SlopesRepositoryTests" name="TestGetSlopesAsyncEmpty" />
    </UnitTest>
    <UnitTest name="AccessToDB.Tests.LiftsSlopesRepositoryTests.TestAddLiftSlopeAsyncFailsWhenLiftSlopeIdRepeats(liftSlope: LiftSlope { RecordID = 224, LiftID = 65, SlopeID = 111 })" storage="c:\users\alena\desktop\7_sem\testing_and_debugging\skiresort\accesstodb.tests\bin\debug\net6.0\accesstodb.tests.dll" id="73e1ab9b-c258-0b03-c2cf-7a5a0d5b557e">
      <Execution id="7bafdc86-e636-4c39-808b-e43cae6c3392" />
      <TestMethod codeBase="C:\Users\alena\Desktop\7_sem\testing_and_debugging\SkiResort\AccessToDB.Tests\bin\Debug\net6.0\AccessToDB.Tests.dll" adapterTypeName="executor://xunit/VsTestRunner2/netcoreapp" className="AccessToDB.Tests.LiftsSlopesRepositoryTests" name="TestAddLiftSlopeAsyncFailsWhenLiftSlopeIdRepeats" />
    </UnitTest>
    <UnitTest name="AccessToDB.Tests.UsersRepositoryTests.TestGetUserByEmailAsyncFailsWhenEmailNotExists(email: &quot;email02ae4820-d4f7-406e-a426-ee0c4c3d4486&quot;)" storage="c:\users\alena\desktop\7_sem\testing_and_debugging\skiresort\accesstodb.tests\bin\debug\net6.0\accesstodb.tests.dll" id="a762c00a-1c68-d212-7a27-ce8cd27863e3">
      <Execution id="606e92ec-e043-4caa-93a1-9e71182f3f2f" />
      <TestMethod codeBase="C:\Users\alena\Desktop\7_sem\testing_and_debugging\SkiResort\AccessToDB.Tests\bin\Debug\net6.0\AccessToDB.Tests.dll" adapterTypeName="executor://xunit/VsTestRunner2/netcoreapp" className="AccessToDB.Tests.UsersRepositoryTests" name="TestGetUserByEmailAsyncFailsWhenEmailNotExists" />
    </UnitTest>
    <UnitTest name="AccessToDB.Tests.LiftsRepositoryTests.TestAddLiftAsyncFailsWhenLiftIdRepeats(lift: Lift { LiftID = 197, LiftName = liftNamee9fdc36e-0daa-46b6-9953-c420c53ee3ea, IsOpen = True, SeatsAmount = 127, LiftingTime = 3, QueueTime = 105, ConnectedSlopes =  })" storage="c:\users\alena\desktop\7_sem\testing_and_debugging\skiresort\accesstodb.tests\bin\debug\net6.0\accesstodb.tests.dll" id="9ffc1036-2898-1dbc-31a8-716842478173">
      <Execution id="43f0c08e-2583-4403-afa4-2c3aa4883cee" />
      <TestMethod codeBase="C:\Users\alena\Desktop\7_sem\testing_and_debugging\SkiResort\AccessToDB.Tests\bin\Debug\net6.0\AccessToDB.Tests.dll" adapterTypeName="executor://xunit/VsTestRunner2/netcoreapp" className="AccessToDB.Tests.LiftsRepositoryTests" name="TestAddLiftAsyncFailsWhenLiftIdRepeats" />
    </UnitTest>
    <UnitTest name="AccessToDB.Tests.UsersRepositoryTests.TestAddUserAutoIncrementAsyncOk" storage="c:\users\alena\desktop\7_sem\testing_and_debugging\skiresort\accesstodb.tests\bin\debug\net6.0\accesstodb.tests.dll" id="e75bb6e2-88d9-af2a-a444-c4a9d67f0f0e">
      <Execution id="5dba4fc4-de42-47b6-a4af-8e1271c70e49" />
      <TestMethod codeBase="C:\Users\alena\Desktop\7_sem\testing_and_debugging\SkiResort\AccessToDB.Tests\bin\Debug\net6.0\AccessToDB.Tests.dll" adapterTypeName="executor://xunit/VsTestRunner2/netcoreapp" className="AccessToDB.Tests.UsersRepositoryTests" name="TestAddUserAutoIncrementAsyncOk" />
    </UnitTest>
    <UnitTest name="AccessToDB.Tests.LiftsRepositoryTests.TestGetLiftsAsyncEmpty" storage="c:\users\alena\desktop\7_sem\testing_and_debugging\skiresort\accesstodb.tests\bin\debug\net6.0\accesstodb.tests.dll" id="607e8298-f113-be33-300e-15a343893443">
      <Execution id="72824693-0dd2-4d3b-a524-769b3aad1ba9" />
      <TestMethod codeBase="C:\Users\alena\Desktop\7_sem\testing_and_debugging\SkiResort\AccessToDB.Tests\bin\Debug\net6.0\AccessToDB.Tests.dll" adapterTypeName="executor://xunit/VsTestRunner2/netcoreapp" className="AccessToDB.Tests.LiftsRepositoryTests" name="TestGetLiftsAsyncEmpty" />
    </UnitTest>
    <UnitTest name="AccessToDB.Tests.LiftsSlopesRepositoryTests.TestGetLiftSlopeByIdAsyncOk(liftSlope: LiftSlope { RecordID = 77, LiftID = 150, SlopeID = 232 })" storage="c:\users\alena\desktop\7_sem\testing_and_debugging\skiresort\accesstodb.tests\bin\debug\net6.0\accesstodb.tests.dll" id="b46197e1-e880-3df5-1a8c-afeddc051af2">
      <Execution id="c565601c-ea1c-46f4-ab0a-88280bca2a3e" />
      <TestMethod codeBase="C:\Users\alena\Desktop\7_sem\testing_and_debugging\SkiResort\AccessToDB.Tests\bin\Debug\net6.0\AccessToDB.Tests.dll" adapterTypeName="executor://xunit/VsTestRunner2/netcoreapp" className="AccessToDB.Tests.LiftsSlopesRepositoryTests" name="TestGetLiftSlopeByIdAsyncOk" />
    </UnitTest>
    <UnitTest name="AccessToDB.Tests.LiftsRepositoryTests.TestGetLiftByIdAsyncOk(lift: Lift { LiftID = 224, LiftName = liftName36c9f39d-c9b8-49ba-a8c0-7e5f40b5fe7d, IsOpen = True, SeatsAmount = 18, LiftingTime = 12, QueueTime = 242, ConnectedSlopes =  })" storage="c:\users\alena\desktop\7_sem\testing_and_debugging\skiresort\accesstodb.tests\bin\debug\net6.0\accesstodb.tests.dll" id="488b301e-b75d-50d3-60a4-52bd4c88d4c1">
      <Execution id="30e1fc4d-bd82-495f-b98b-8574eaf5b7a2" />
      <TestMethod codeBase="C:\Users\alena\Desktop\7_sem\testing_and_debugging\SkiResort\AccessToDB.Tests\bin\Debug\net6.0\AccessToDB.Tests.dll" adapterTypeName="executor://xunit/VsTestRunner2/netcoreapp" className="AccessToDB.Tests.LiftsRepositoryTests" name="TestGetLiftByIdAsyncOk" />
    </UnitTest>
    <UnitTest name="AccessToDB.Tests.TurnstilesRepositoryTests.TestGetTurnstilesByLiftIdAsyncOk(liftID: 33)" storage="c:\users\alena\desktop\7_sem\testing_and_debugging\skiresort\accesstodb.tests\bin\debug\net6.0\accesstodb.tests.dll" id="007cd6c4-bd42-eb61-fbb9-554540824ef1">
      <Execution id="ed580591-5d0e-4e50-83b3-28eacb6ba645" />
      <TestMethod codeBase="C:\Users\alena\Desktop\7_sem\testing_and_debugging\SkiResort\AccessToDB.Tests\bin\Debug\net6.0\AccessToDB.Tests.dll" adapterTypeName="executor://xunit/VsTestRunner2/netcoreapp" className="AccessToDB.Tests.TurnstilesRepositoryTests" name="TestGetTurnstilesByLiftIdAsyncOk" />
    </UnitTest>
    <UnitTest name="AccessToDB.Tests.SlopesRepositoryTests.TestGetSlopeByIdAsyncOk(slope: Slope { SlopeID = 10, SlopeName = slopeName2542cb94-63f6-48d1-9f22-191c187821a8, IsOpen = True, DifficultyLevel = 83, ConnectedLifts =  })" storage="c:\users\alena\desktop\7_sem\testing_and_debugging\skiresort\accesstodb.tests\bin\debug\net6.0\accesstodb.tests.dll" id="54938b7e-5099-55ac-3fc8-2115500e7d1e">
      <Execution id="ca81add2-a1b3-4fae-94a5-905ecba0612e" />
      <TestMethod codeBase="C:\Users\alena\Desktop\7_sem\testing_and_debugging\SkiResort\AccessToDB.Tests\bin\Debug\net6.0\AccessToDB.Tests.dll" adapterTypeName="executor://xunit/VsTestRunner2/netcoreapp" className="AccessToDB.Tests.SlopesRepositoryTests" name="TestGetSlopeByIdAsyncOk" />
    </UnitTest>
    <UnitTest name="AccessToDB.Tests.SlopesRepositoryTests.TestDeleteSlopeByIDAsyncFailsWhenIDNotExists(slopeID: 242)" storage="c:\users\alena\desktop\7_sem\testing_and_debugging\skiresort\accesstodb.tests\bin\debug\net6.0\accesstodb.tests.dll" id="8b3e1c78-4b9b-1a2a-4b7b-6ac213937e33">
      <Execution id="5d931647-1985-4f88-9839-28fe29f6d2f8" />
      <TestMethod codeBase="C:\Users\alena\Desktop\7_sem\testing_and_debugging\SkiResort\AccessToDB.Tests\bin\Debug\net6.0\AccessToDB.Tests.dll" adapterTypeName="executor://xunit/VsTestRunner2/netcoreapp" className="AccessToDB.Tests.SlopesRepositoryTests" name="TestDeleteSlopeByIDAsyncFailsWhenIDNotExists" />
    </UnitTest>
    <UnitTest name="AccessToDB.Tests.UsersRepositoryTests.TestCheckUserIdExistsAsyncTrue(user: User { UserID = 50, CardID = 83, UserEmail = UserEmail08311b8a-b538-41e1-b70c-57100ef5b6a5, Password = password089709b4-9196-40bc-819c-2b29bc0d5ad0, Permissions = UNAUTHORIZED })" storage="c:\users\alena\desktop\7_sem\testing_and_debugging\skiresort\accesstodb.tests\bin\debug\net6.0\accesstodb.tests.dll" id="24c2b0a5-4242-1ef9-5f08-34136554e968">
      <Execution id="a43069aa-ee21-4406-a2b9-a95d57610802" />
      <TestMethod codeBase="C:\Users\alena\Desktop\7_sem\testing_and_debugging\SkiResort\AccessToDB.Tests\bin\Debug\net6.0\AccessToDB.Tests.dll" adapterTypeName="executor://xunit/VsTestRunner2/netcoreapp" className="AccessToDB.Tests.UsersRepositoryTests" name="TestCheckUserIdExistsAsyncTrue" />
    </UnitTest>
    <UnitTest name="AccessToDB.Tests.TurnstilesRepositoryTests.TestUpdateTurnstileByIDAsyncOk(turnstile: Turnstile { TurnstileID = 251, LiftID = 79, IsOpen = True })" storage="c:\users\alena\desktop\7_sem\testing_and_debugging\skiresort\accesstodb.tests\bin\debug\net6.0\accesstodb.tests.dll" id="8e2c2c4e-c0e3-4e50-30da-bc7ef0245b42">
      <Execution id="0d6ab259-db94-4a3f-9837-93f97c5aa020" />
      <TestMethod codeBase="C:\Users\alena\Desktop\7_sem\testing_and_debugging\SkiResort\AccessToDB.Tests\bin\Debug\net6.0\AccessToDB.Tests.dll" adapterTypeName="executor://xunit/VsTestRunner2/netcoreapp" className="AccessToDB.Tests.TurnstilesRepositoryTests" name="TestUpdateTurnstileByIDAsyncOk" />
    </UnitTest>
    <UnitTest name="AccessToDB.Tests.LiftsRepositoryTests.TestDeleteLiftByIDAsyncFailsWhenIDNotExists(liftID: 12)" storage="c:\users\alena\desktop\7_sem\testing_and_debugging\skiresort\accesstodb.tests\bin\debug\net6.0\accesstodb.tests.dll" id="565cdb42-ecfd-76e6-48a0-c2220b7d8e99">
      <Execution id="761c9a5a-a0c9-4f01-821e-42d436d8ce4c" />
      <TestMethod codeBase="C:\Users\alena\Desktop\7_sem\testing_and_debugging\SkiResort\AccessToDB.Tests\bin\Debug\net6.0\AccessToDB.Tests.dll" adapterTypeName="executor://xunit/VsTestRunner2/netcoreapp" className="AccessToDB.Tests.LiftsRepositoryTests" name="TestDeleteLiftByIDAsyncFailsWhenIDNotExists" />
    </UnitTest>
    <UnitTest name="AccessToDB.Tests.SlopesRepositoryTests.TestGetSlopeByNameAsyncFailsWhenNameNotExists(slopeName: &quot;slopeName6235dee0-d5c9-4815-bcae-217194614157&quot;)" storage="c:\users\alena\desktop\7_sem\testing_and_debugging\skiresort\accesstodb.tests\bin\debug\net6.0\accesstodb.tests.dll" id="9e5a2ccc-ebc6-c734-acb1-d68dff1bb34b">
      <Execution id="c5f3e64d-6d41-4840-b53d-85057688c9a6" />
      <TestMethod codeBase="C:\Users\alena\Desktop\7_sem\testing_and_debugging\SkiResort\AccessToDB.Tests\bin\Debug\net6.0\AccessToDB.Tests.dll" adapterTypeName="executor://xunit/VsTestRunner2/netcoreapp" className="AccessToDB.Tests.SlopesRepositoryTests" name="TestGetSlopeByNameAsyncFailsWhenNameNotExists" />
    </UnitTest>
    <UnitTest name="AccessToDB.Tests.LiftsRepositoryTests.TestGetLiftByNameAsyncFailsWhenNameNotExists(liftName: &quot;liftNamedc0bb1eb-4af0-45df-afd2-5839bfe9e867&quot;)" storage="c:\users\alena\desktop\7_sem\testing_and_debugging\skiresort\accesstodb.tests\bin\debug\net6.0\accesstodb.tests.dll" id="5715f61a-eea8-c256-8f76-9affecc7093e">
      <Execution id="588b2397-c30b-45fe-9106-40bc02ea0599" />
      <TestMethod codeBase="C:\Users\alena\Desktop\7_sem\testing_and_debugging\SkiResort\AccessToDB.Tests\bin\Debug\net6.0\AccessToDB.Tests.dll" adapterTypeName="executor://xunit/VsTestRunner2/netcoreapp" className="AccessToDB.Tests.LiftsRepositoryTests" name="TestGetLiftByNameAsyncFailsWhenNameNotExists" />
    </UnitTest>
    <UnitTest name="AccessToDB.Tests.LiftsSlopesRepositoryTests.TestUpdateLiftSlopeByIDAsyncOk(liftSlope: LiftSlope { RecordID = 189, LiftID = 111, SlopeID = 141 })" storage="c:\users\alena\desktop\7_sem\testing_and_debugging\skiresort\accesstodb.tests\bin\debug\net6.0\accesstodb.tests.dll" id="5f2088f6-a4e6-d64a-5cf0-1981399684a8">
      <Execution id="90d5ec72-b29b-4e23-a56d-098d1737a25d" />
      <TestMethod codeBase="C:\Users\alena\Desktop\7_sem\testing_and_debugging\SkiResort\AccessToDB.Tests\bin\Debug\net6.0\AccessToDB.Tests.dll" adapterTypeName="executor://xunit/VsTestRunner2/netcoreapp" className="AccessToDB.Tests.LiftsSlopesRepositoryTests" name="TestUpdateLiftSlopeByIDAsyncOk" />
    </UnitTest>
    <UnitTest name="AccessToDB.Tests.UsersRepositoryTests.TestDeleteUserByIDAsyncFailsWhenIDNotExists(userID: 104)" storage="c:\users\alena\desktop\7_sem\testing_and_debugging\skiresort\accesstodb.tests\bin\debug\net6.0\accesstodb.tests.dll" id="ee6a77a2-12e0-98ea-c7fe-fa246b5018f3">
      <Execution id="aab3f066-10f6-4f25-a98a-b052aaed56d5" />
      <TestMethod codeBase="C:\Users\alena\Desktop\7_sem\testing_and_debugging\SkiResort\AccessToDB.Tests\bin\Debug\net6.0\AccessToDB.Tests.dll" adapterTypeName="executor://xunit/VsTestRunner2/netcoreapp" className="AccessToDB.Tests.UsersRepositoryTests" name="TestDeleteUserByIDAsyncFailsWhenIDNotExists" />
    </UnitTest>
    <UnitTest name="AccessToDB.Tests.LiftsSlopesRepositoryTests.TestGetLiftSlopesAsyncEmpty" storage="c:\users\alena\desktop\7_sem\testing_and_debugging\skiresort\accesstodb.tests\bin\debug\net6.0\accesstodb.tests.dll" id="4145f44e-b4b1-a618-09e8-c631496e6f1a">
      <Execution id="dee6da22-fe11-4e86-a3be-3c517f3b703e" />
      <TestMethod codeBase="C:\Users\alena\Desktop\7_sem\testing_and_debugging\SkiResort\AccessToDB.Tests\bin\Debug\net6.0\AccessToDB.Tests.dll" adapterTypeName="executor://xunit/VsTestRunner2/netcoreapp" className="AccessToDB.Tests.LiftsSlopesRepositoryTests" name="TestGetLiftSlopesAsyncEmpty" />
    </UnitTest>
    <UnitTest name="AccessToDB.Tests.LiftsSlopesRepositoryTests.TestGetLiftsBySlopeIdAsyncOk(slope1: Slope { SlopeID = 178, SlopeName = slopeName5ae31459-9b7a-49bb-9ab1-36763fcb728b, IsOpen = True, DifficultyLevel = 36, ConnectedLifts =  }, slope2: Slope { SlopeID = 208, SlopeName = slopeName6291c53c-41c1-4922-a1c4-35f84372dda4, IsOpen = False, DifficultyLevel = 228, ConnectedLifts =  }, lift1: Lift { LiftID = 176, LiftName = liftName3006c841-3fbd-435a-9886-ec..." storage="c:\users\alena\desktop\7_sem\testing_and_debugging\skiresort\accesstodb.tests\bin\debug\net6.0\accesstodb.tests.dll" id="023c6d6d-36cf-d36f-6354-bd60cc4063d4">
      <Execution id="0a01c818-4836-4aa2-8ba4-962b89427a5c" />
      <TestMethod codeBase="C:\Users\alena\Desktop\7_sem\testing_and_debugging\SkiResort\AccessToDB.Tests\bin\Debug\net6.0\AccessToDB.Tests.dll" adapterTypeName="executor://xunit/VsTestRunner2/netcoreapp" className="AccessToDB.Tests.LiftsSlopesRepositoryTests" name="TestGetLiftsBySlopeIdAsyncOk" />
    </UnitTest>
    <UnitTest name="AccessToDB.Tests.SlopesRepositoryTests.TestAddSlopeAsyncFailsWhenSlopeIdRepeats(slope: Slope { SlopeID = 52, SlopeName = slopeName22f013e3-6b70-4e33-884c-f780dd4a2ffd, IsOpen = True, DifficultyLevel = 95, ConnectedLifts =  })" storage="c:\users\alena\desktop\7_sem\testing_and_debugging\skiresort\accesstodb.tests\bin\debug\net6.0\accesstodb.tests.dll" id="954c2395-857e-f438-4d4f-5afd4e074abf">
      <Execution id="7aa6d9c5-9be9-4bc9-ab28-201717e945cc" />
      <TestMethod codeBase="C:\Users\alena\Desktop\7_sem\testing_and_debugging\SkiResort\AccessToDB.Tests\bin\Debug\net6.0\AccessToDB.Tests.dll" adapterTypeName="executor://xunit/VsTestRunner2/netcoreapp" className="AccessToDB.Tests.SlopesRepositoryTests" name="TestAddSlopeAsyncFailsWhenSlopeIdRepeats" />
    </UnitTest>
    <UnitTest name="AccessToDB.Tests.TurnstilesRepositoryTests.TestAddTurnstileAutoIncrementAsyncOk" storage="c:\users\alena\desktop\7_sem\testing_and_debugging\skiresort\accesstodb.tests\bin\debug\net6.0\accesstodb.tests.dll" id="f9435956-2e34-e52b-c34e-dce53665cf8e">
      <Execution id="b03f44ea-0cbd-4e63-904b-1deaa025191e" />
      <TestMethod codeBase="C:\Users\alena\Desktop\7_sem\testing_and_debugging\SkiResort\AccessToDB.Tests\bin\Debug\net6.0\AccessToDB.Tests.dll" adapterTypeName="executor://xunit/VsTestRunner2/netcoreapp" className="AccessToDB.Tests.TurnstilesRepositoryTests" name="TestAddTurnstileAutoIncrementAsyncOk" />
    </UnitTest>
    <UnitTest name="AccessToDB.Tests.LiftsSlopesRepositoryTests.TestDeleteLiftSlopesByIDsAsyncOk(liftSlope: LiftSlope { RecordID = 167, LiftID = 254, SlopeID = 85 })" storage="c:\users\alena\desktop\7_sem\testing_and_debugging\skiresort\accesstodb.tests\bin\debug\net6.0\accesstodb.tests.dll" id="0076a010-e21c-f393-d30d-59ed9ffa7cfd">
      <Execution id="da449224-dfba-468c-b2b7-b521d8b38eea" />
      <TestMethod codeBase="C:\Users\alena\Desktop\7_sem\testing_and_debugging\SkiResort\AccessToDB.Tests\bin\Debug\net6.0\AccessToDB.Tests.dll" adapterTypeName="executor://xunit/VsTestRunner2/netcoreapp" className="AccessToDB.Tests.LiftsSlopesRepositoryTests" name="TestDeleteLiftSlopesByIDsAsyncOk" />
    </UnitTest>
    <UnitTest name="AccessToDB.Tests.UsersRepositoryTests.TestGetUsersAsyncEmpty" storage="c:\users\alena\desktop\7_sem\testing_and_debugging\skiresort\accesstodb.tests\bin\debug\net6.0\accesstodb.tests.dll" id="3741b26d-6ee0-6246-29e4-92009bff37b0">
      <Execution id="f10fd1c2-24fa-444f-be5c-ee0e1046c2d6" />
      <TestMethod codeBase="C:\Users\alena\Desktop\7_sem\testing_and_debugging\SkiResort\AccessToDB.Tests\bin\Debug\net6.0\AccessToDB.Tests.dll" adapterTypeName="executor://xunit/VsTestRunner2/netcoreapp" className="AccessToDB.Tests.UsersRepositoryTests" name="TestGetUsersAsyncEmpty" />
    </UnitTest>
    <UnitTest name="AccessToDB.Tests.UsersRepositoryTests.TestAddUserAsyncFailsWhenUserIdRepeats(user: User { UserID = 56, CardID = 96, UserEmail = UserEmail24b87b7e-6389-454f-b020-ada7be5174fc, Password = password21ea0062-95a8-4f92-8fd6-c642562c3de5, Permissions = UNAUTHORIZED })" storage="c:\users\alena\desktop\7_sem\testing_and_debugging\skiresort\accesstodb.tests\bin\debug\net6.0\accesstodb.tests.dll" id="7156ded4-7e2b-1671-3dc3-54ea86a1eff2">
      <Execution id="a8100412-f4fd-4097-9a84-ab0db2229fb3" />
      <TestMethod codeBase="C:\Users\alena\Desktop\7_sem\testing_and_debugging\SkiResort\AccessToDB.Tests\bin\Debug\net6.0\AccessToDB.Tests.dll" adapterTypeName="executor://xunit/VsTestRunner2/netcoreapp" className="AccessToDB.Tests.UsersRepositoryTests" name="TestAddUserAsyncFailsWhenUserIdRepeats" />
    </UnitTest>
    <UnitTest name="AccessToDB.Tests.TurnstilesRepositoryTests.TestDeleteTurnstileByIDAsyncFailsWhenIDNotExists(turnstileID: 156)" storage="c:\users\alena\desktop\7_sem\testing_and_debugging\skiresort\accesstodb.tests\bin\debug\net6.0\accesstodb.tests.dll" id="a126e046-f106-8575-70f4-02ffcfbc67c8">
      <Execution id="e92be1a4-eb48-48b1-b8db-5e5d2131afdc" />
      <TestMethod codeBase="C:\Users\alena\Desktop\7_sem\testing_and_debugging\SkiResort\AccessToDB.Tests\bin\Debug\net6.0\AccessToDB.Tests.dll" adapterTypeName="executor://xunit/VsTestRunner2/netcoreapp" className="AccessToDB.Tests.TurnstilesRepositoryTests" name="TestDeleteTurnstileByIDAsyncFailsWhenIDNotExists" />
    </UnitTest>
    <UnitTest name="AccessToDB.Tests.SlopesRepositoryTests.TestUpdateSlopeByIDAsyncOk(slope: Slope { SlopeID = 71, SlopeName = slopeName6a35d6d8-b695-4939-bfc2-2a5e2358215d, IsOpen = True, DifficultyLevel = 160, ConnectedLifts =  })" storage="c:\users\alena\desktop\7_sem\testing_and_debugging\skiresort\accesstodb.tests\bin\debug\net6.0\accesstodb.tests.dll" id="7cba8cf3-655a-ab1f-b645-44f518da176c">
      <Execution id="df02903b-07c0-4468-84c9-382a10ca7acd" />
      <TestMethod codeBase="C:\Users\alena\Desktop\7_sem\testing_and_debugging\SkiResort\AccessToDB.Tests\bin\Debug\net6.0\AccessToDB.Tests.dll" adapterTypeName="executor://xunit/VsTestRunner2/netcoreapp" className="AccessToDB.Tests.SlopesRepositoryTests" name="TestUpdateSlopeByIDAsyncOk" />
    </UnitTest>
    <UnitTest name="AccessToDB.Tests.UsersRepositoryTests.TestCheckUserEmailExistsAsyncFalse(userEmail: &quot;userEmailf5bcd4e4-f42f-4a84-b32b-1bb74560f041&quot;)" storage="c:\users\alena\desktop\7_sem\testing_and_debugging\skiresort\accesstodb.tests\bin\debug\net6.0\accesstodb.tests.dll" id="35a92584-e2b0-9246-03a0-98560ed44376">
      <Execution id="c4fdff4a-afd9-47f4-a0c1-cd97f5040bfa" />
      <TestMethod codeBase="C:\Users\alena\Desktop\7_sem\testing_and_debugging\SkiResort\AccessToDB.Tests\bin\Debug\net6.0\AccessToDB.Tests.dll" adapterTypeName="executor://xunit/VsTestRunner2/netcoreapp" className="AccessToDB.Tests.UsersRepositoryTests" name="TestCheckUserEmailExistsAsyncFalse" />
    </UnitTest>
    <UnitTest name="AccessToDB.Tests.UsersRepositoryTests.TestUpdateUserByIDAsyncOk(user: User { UserID = 79, CardID = 87, UserEmail = UserEmail9de3294d-0302-48af-ae37-f8f560291ce7, Password = passwordd860446d-48bc-4712-bc93-5b49e4f90d08, Permissions = UNAUTHORIZED })" storage="c:\users\alena\desktop\7_sem\testing_and_debugging\skiresort\accesstodb.tests\bin\debug\net6.0\accesstodb.tests.dll" id="21c873e8-1103-c7ba-9a7a-ac8623638074">
      <Execution id="9841019c-0bf3-499b-b259-b033dcca1ea5" />
      <TestMethod codeBase="C:\Users\alena\Desktop\7_sem\testing_and_debugging\SkiResort\AccessToDB.Tests\bin\Debug\net6.0\AccessToDB.Tests.dll" adapterTypeName="executor://xunit/VsTestRunner2/netcoreapp" className="AccessToDB.Tests.UsersRepositoryTests" name="TestUpdateUserByIDAsyncOk" />
    </UnitTest>
    <UnitTest name="AccessToDB.Tests.LiftsSlopesRepositoryTests.TestDeleteLiftSlopeByIDAsyncFailsWhenIDNotExists(liftSlopeID: 134)" storage="c:\users\alena\desktop\7_sem\testing_and_debugging\skiresort\accesstodb.tests\bin\debug\net6.0\accesstodb.tests.dll" id="0a64f836-ab31-00d4-7506-6311944f2363">
      <Execution id="aa9a02eb-050d-4551-9777-c32e9a537d8f" />
      <TestMethod codeBase="C:\Users\alena\Desktop\7_sem\testing_and_debugging\SkiResort\AccessToDB.Tests\bin\Debug\net6.0\AccessToDB.Tests.dll" adapterTypeName="executor://xunit/VsTestRunner2/netcoreapp" className="AccessToDB.Tests.LiftsSlopesRepositoryTests" name="TestDeleteLiftSlopeByIDAsyncFailsWhenIDNotExists" />
    </UnitTest>
    <UnitTest name="AccessToDB.Tests.LiftsSlopesRepositoryTests.TestGetSlopesByLiftIdAsyncFailsWhenSlopeNotExists(liftSlope: LiftSlope { RecordID = 86, LiftID = 31, SlopeID = 29 })" storage="c:\users\alena\desktop\7_sem\testing_and_debugging\skiresort\accesstodb.tests\bin\debug\net6.0\accesstodb.tests.dll" id="3031e1a7-51a5-ab0f-7a95-02e223e7a1a6">
      <Execution id="40083aa2-61e8-4515-93e4-be211e7aa486" />
      <TestMethod codeBase="C:\Users\alena\Desktop\7_sem\testing_and_debugging\SkiResort\AccessToDB.Tests\bin\Debug\net6.0\AccessToDB.Tests.dll" adapterTypeName="executor://xunit/VsTestRunner2/netcoreapp" className="AccessToDB.Tests.LiftsSlopesRepositoryTests" name="TestGetSlopesByLiftIdAsyncFailsWhenSlopeNotExists" />
    </UnitTest>
  </TestDefinitions>
  <TestEntries>
    <TestEntry testId="8e2c2c4e-c0e3-4e50-30da-bc7ef0245b42" executionId="0d6ab259-db94-4a3f-9837-93f97c5aa020" testListId="8c84fa94-04c1-424b-9868-57a2d4851a1d" />
    <TestEntry testId="3741b26d-6ee0-6246-29e4-92009bff37b0" executionId="f10fd1c2-24fa-444f-be5c-ee0e1046c2d6" testListId="8c84fa94-04c1-424b-9868-57a2d4851a1d" />
    <TestEntry testId="607e8298-f113-be33-300e-15a343893443" executionId="72824693-0dd2-4d3b-a524-769b3aad1ba9" testListId="8c84fa94-04c1-424b-9868-57a2d4851a1d" />
    <TestEntry testId="5f2088f6-a4e6-d64a-5cf0-1981399684a8" executionId="90d5ec72-b29b-4e23-a56d-098d1737a25d" testListId="8c84fa94-04c1-424b-9868-57a2d4851a1d" />
    <TestEntry testId="a762c00a-1c68-d212-7a27-ce8cd27863e3" executionId="606e92ec-e043-4caa-93a1-9e71182f3f2f" testListId="8c84fa94-04c1-424b-9868-57a2d4851a1d" />
    <TestEntry testId="ec229f70-485a-f91b-53ed-bce655f6cd58" executionId="abae5f42-4456-447e-bcd6-94d6a5f8e1d3" testListId="8c84fa94-04c1-424b-9868-57a2d4851a1d" />
    <TestEntry testId="5715f61a-eea8-c256-8f76-9affecc7093e" executionId="588b2397-c30b-45fe-9106-40bc02ea0599" testListId="8c84fa94-04c1-424b-9868-57a2d4851a1d" />
    <TestEntry testId="f9435956-2e34-e52b-c34e-dce53665cf8e" executionId="b03f44ea-0cbd-4e63-904b-1deaa025191e" testListId="8c84fa94-04c1-424b-9868-57a2d4851a1d" />
    <TestEntry testId="b46197e1-e880-3df5-1a8c-afeddc051af2" executionId="c565601c-ea1c-46f4-ab0a-88280bca2a3e" testListId="8c84fa94-04c1-424b-9868-57a2d4851a1d" />
    <TestEntry testId="9e5a2ccc-ebc6-c734-acb1-d68dff1bb34b" executionId="c5f3e64d-6d41-4840-b53d-85057688c9a6" testListId="8c84fa94-04c1-424b-9868-57a2d4851a1d" />
    <TestEntry testId="a126e046-f106-8575-70f4-02ffcfbc67c8" executionId="e92be1a4-eb48-48b1-b8db-5e5d2131afdc" testListId="8c84fa94-04c1-424b-9868-57a2d4851a1d" />
    <TestEntry testId="954c2395-857e-f438-4d4f-5afd4e074abf" executionId="7aa6d9c5-9be9-4bc9-ab28-201717e945cc" testListId="8c84fa94-04c1-424b-9868-57a2d4851a1d" />
    <TestEntry testId="3a5aa77c-327f-934d-dadc-1afc22b7e45f" executionId="1dd47b56-c9cf-404b-972f-fcdf975c58b8" testListId="8c84fa94-04c1-424b-9868-57a2d4851a1d" />
    <TestEntry testId="afc744d3-67ed-62b4-0932-813199ddcce5" executionId="af4951e5-c331-4330-a0d2-0aee1d7502bd" testListId="8c84fa94-04c1-424b-9868-57a2d4851a1d" />
    <TestEntry testId="488b301e-b75d-50d3-60a4-52bd4c88d4c1" executionId="30e1fc4d-bd82-495f-b98b-8574eaf5b7a2" testListId="8c84fa94-04c1-424b-9868-57a2d4851a1d" />
    <TestEntry testId="8b3e1c78-4b9b-1a2a-4b7b-6ac213937e33" executionId="5d931647-1985-4f88-9839-28fe29f6d2f8" testListId="8c84fa94-04c1-424b-9868-57a2d4851a1d" />
    <TestEntry testId="0076a010-e21c-f393-d30d-59ed9ffa7cfd" executionId="da449224-dfba-468c-b2b7-b521d8b38eea" testListId="8c84fa94-04c1-424b-9868-57a2d4851a1d" />
    <TestEntry testId="c9d48cef-c7ae-4dd1-4a7d-fbda6178b26f" executionId="7b64de48-1ad4-4934-b174-bedc3ef79bd2" testListId="8c84fa94-04c1-424b-9868-57a2d4851a1d" />
    <TestEntry testId="9ffc1036-2898-1dbc-31a8-716842478173" executionId="43f0c08e-2583-4403-afa4-2c3aa4883cee" testListId="8c84fa94-04c1-424b-9868-57a2d4851a1d" />
    <TestEntry testId="7cba8cf3-655a-ab1f-b645-44f518da176c" executionId="df02903b-07c0-4468-84c9-382a10ca7acd" testListId="8c84fa94-04c1-424b-9868-57a2d4851a1d" />
    <TestEntry testId="0a64f836-ab31-00d4-7506-6311944f2363" executionId="aa9a02eb-050d-4551-9777-c32e9a537d8f" testListId="8c84fa94-04c1-424b-9868-57a2d4851a1d" />
    <TestEntry testId="ee6a77a2-12e0-98ea-c7fe-fa246b5018f3" executionId="aab3f066-10f6-4f25-a98a-b052aaed56d5" testListId="8c84fa94-04c1-424b-9868-57a2d4851a1d" />
    <TestEntry testId="565cdb42-ecfd-76e6-48a0-c2220b7d8e99" executionId="761c9a5a-a0c9-4f01-821e-42d436d8ce4c" testListId="8c84fa94-04c1-424b-9868-57a2d4851a1d" />
    <TestEntry testId="023c6d6d-36cf-d36f-6354-bd60cc4063d4" executionId="0a01c818-4836-4aa2-8ba4-962b89427a5c" testListId="8c84fa94-04c1-424b-9868-57a2d4851a1d" />
    <TestEntry testId="4145f44e-b4b1-a618-09e8-c631496e6f1a" executionId="dee6da22-fe11-4e86-a3be-3c517f3b703e" testListId="8c84fa94-04c1-424b-9868-57a2d4851a1d" />
    <TestEntry testId="3c521313-4ed6-6bce-b4f9-c359411028e7" executionId="cd8532d0-f6de-4c3e-bf2b-38c086afae5d" testListId="8c84fa94-04c1-424b-9868-57a2d4851a1d" />
    <TestEntry testId="7156ded4-7e2b-1671-3dc3-54ea86a1eff2" executionId="a8100412-f4fd-4097-9a84-ab0db2229fb3" testListId="8c84fa94-04c1-424b-9868-57a2d4851a1d" />
    <TestEntry testId="73e1ab9b-c258-0b03-c2cf-7a5a0d5b557e" executionId="7bafdc86-e636-4c39-808b-e43cae6c3392" testListId="8c84fa94-04c1-424b-9868-57a2d4851a1d" />
    <TestEntry testId="30f8e924-9784-0a43-e807-094f70e06567" executionId="c19ee01f-a35a-47b3-b0ce-ae07c5341cb6" testListId="8c84fa94-04c1-424b-9868-57a2d4851a1d" />
    <TestEntry testId="8f7ba917-f771-0dc5-f9b9-465c34344b12" executionId="9307f553-5f2d-44ce-9e8e-7af665c1b1af" testListId="8c84fa94-04c1-424b-9868-57a2d4851a1d" />
    <TestEntry testId="9bbefb83-8311-6e03-307f-415e3495e223" executionId="7c9fdcda-5eb2-4f43-978b-8cbd919ee1a1" testListId="8c84fa94-04c1-424b-9868-57a2d4851a1d" />
    <TestEntry testId="54938b7e-5099-55ac-3fc8-2115500e7d1e" executionId="ca81add2-a1b3-4fae-94a5-905ecba0612e" testListId="8c84fa94-04c1-424b-9868-57a2d4851a1d" />
    <TestEntry testId="24c2b0a5-4242-1ef9-5f08-34136554e968" executionId="a43069aa-ee21-4406-a2b9-a95d57610802" testListId="8c84fa94-04c1-424b-9868-57a2d4851a1d" />
    <TestEntry testId="21c873e8-1103-c7ba-9a7a-ac8623638074" executionId="9841019c-0bf3-499b-b259-b033dcca1ea5" testListId="8c84fa94-04c1-424b-9868-57a2d4851a1d" />
    <TestEntry testId="9a700351-6ec0-edf6-a650-47ff5fab3d61" executionId="e91308b0-0a3c-4e90-9494-6499e580f68c" testListId="8c84fa94-04c1-424b-9868-57a2d4851a1d" />
    <TestEntry testId="007cd6c4-bd42-eb61-fbb9-554540824ef1" executionId="ed580591-5d0e-4e50-83b3-28eacb6ba645" testListId="8c84fa94-04c1-424b-9868-57a2d4851a1d" />
    <TestEntry testId="3031e1a7-51a5-ab0f-7a95-02e223e7a1a6" executionId="40083aa2-61e8-4515-93e4-be211e7aa486" testListId="8c84fa94-04c1-424b-9868-57a2d4851a1d" />
    <TestEntry testId="35a92584-e2b0-9246-03a0-98560ed44376" executionId="c4fdff4a-afd9-47f4-a0c1-cd97f5040bfa" testListId="8c84fa94-04c1-424b-9868-57a2d4851a1d" />
    <TestEntry testId="e75bb6e2-88d9-af2a-a444-c4a9d67f0f0e" executionId="5dba4fc4-de42-47b6-a4af-8e1271c70e49" testListId="8c84fa94-04c1-424b-9868-57a2d4851a1d" />
  </TestEntries>
  <TestLists>
    <TestList name="Список результатов" id="8c84fa94-04c1-424b-9868-57a2d4851a1d" />
    <TestList name="Все загруженные результаты" id="19431567-8539-422a-85d7-44ee4e166bda" />
  </TestLists>
  <ResultSummary outcome="Failed">
    <Counters total="39" executed="39" passed="38" failed="1" error="0" timeout="0" aborted="0" inconclusive="0" passedButRunAborted="0" notRunnable="0" notExecuted="0" disconnected="0" warning="0" completed="0" inProgress="0" pending="0" />
    <Output>
      <StdOut>[xUnit.net 00:00:00.00] xUnit.net VSTest Adapter v2.4.5+1caef2f33e (64-bit .NET 6.0.3)&#xD;
[xUnit.net 00:00:00.50]   Discovering: AccessToDB.Tests&#xD;
[xUnit.net 00:00:00.62]   Discovered:  AccessToDB.Tests&#xD;
[xUnit.net 00:00:00.62]   Starting:    AccessToDB.Tests&#xD;
[xUnit.net 00:01:29.44]       System.InvalidOperationException : Operations that change non-concurrent collections must have exclusive access. A concurrent update was performed on this collection and corrupted its state. The collection's state is no longer correct.&#xD;
[xUnit.net 00:01:29.44]       Stack Trace:&#xD;
[xUnit.net 00:01:29.44]            at System.Collections.Generic.Dictionary`2.FindValue(TKey key)&#xD;
[xUnit.net 00:01:29.44]            at System.Collections.Generic.Dictionary`2.TryGetValue(TKey key, TValue&amp; value)&#xD;
[xUnit.net 00:01:29.44]            at ProGaudi.MsgPack.Light.MsgPackContext.GetObjectActivator(Type type)&#xD;
[xUnit.net 00:01:29.44]            at ProGaudi.MsgPack.Light.MsgPackContext.&lt;&gt;c__DisplayClass27_0.&lt;TryGenerateArrayConverter&gt;b__0(Type x)&#xD;
[xUnit.net 00:01:29.44]            at ProGaudi.MsgPack.Light.MsgPackContext.TryGenerateArrayConverter(Type type)&#xD;
[xUnit.net 00:01:29.44]            at ProGaudi.MsgPack.Light.MsgPackContext.GetConverter[T]()&#xD;
[xUnit.net 00:01:29.44]            at ProGaudi.Tarantool.Client.Converters.ResponsePacketConverter`1.Initialize(MsgPackContext context)&#xD;
[xUnit.net 00:01:29.44]            at ProGaudi.MsgPack.Light.MsgPackContext.CreateAndInializeConverter(Func`1 converterActivator)&#xD;
[xUnit.net 00:01:29.44]            at ProGaudi.MsgPack.Light.MsgPackContext.TryGenerateConverterFromGenericConverter(Type type)&#xD;
[xUnit.net 00:01:29.44]            at ProGaudi.MsgPack.Light.MsgPackContext.GetConverter[T]()&#xD;
[xUnit.net 00:01:29.44]            at ProGaudi.MsgPack.Light.MsgPackSerializer.GetConverter[T](MsgPackContext context)&#xD;
[xUnit.net 00:01:29.44]            at ProGaudi.MsgPack.Light.MsgPackSerializer.Deserialize[T](MemoryStream stream, MsgPackContext context)&#xD;
[xUnit.net 00:01:29.44]            at ProGaudi.Tarantool.Client.LogicalConnection.SendRequest[TRequest,TResponse](TRequest request, Nullable`1 timeout)&#xD;
[xUnit.net 00:01:29.44]            at ProGaudi.Tarantool.Client.LogicalConnectionManager.SendRequest[TRequest,TResponse](TRequest request, Nullable`1 timeout)&#xD;
[xUnit.net 00:01:29.44]            at ProGaudi.Tarantool.Client.Schema.Select[T](UInt32 spaceId, Iterator iterator, UInt32 id)&#xD;
[xUnit.net 00:01:29.44]            at ProGaudi.Tarantool.Client.Schema.Reload()&#xD;
[xUnit.net 00:01:29.44]            at ProGaudi.Tarantool.Client.Box.Connect()&#xD;
[xUnit.net 00:01:29.44]            at ProGaudi.Tarantool.Client.Box.Connect(String replicationSource)&#xD;
[xUnit.net 00:01:29.44]         C:\Users\alena\Desktop\7_sem\testing_and_debugging\SkiResort\AccessToDB\TarantoolContext.cs(52,0): at AccessToDB.TarantoolContext.Initialize(String connection_string)&#xD;
[xUnit.net 00:01:29.44]         C:\Users\alena\Desktop\7_sem\testing_and_debugging\SkiResort\AccessToDB\TarantoolContext.cs(32,0): at AccessToDB.TarantoolContext..ctor(String connection_string)&#xD;
[xUnit.net 00:01:29.44]         C:\Users\alena\Desktop\7_sem\testing_and_debugging\SkiResort\AccessToDB.Tests\TurnstilesRepositoryTests.cs(29,0): at AccessToDB.Tests.TurnstilesRepositoryTests..ctor()&#xD;
[xUnit.net 00:01:29.44]            at System.RuntimeType.CreateInstanceDefaultCtor(Boolean publicOnly, Boolean wrapExceptions)&#xD;
[xUnit.net 00:01:40.02]   Finished:    AccessToDB.Tests&#xD;
</StdOut>
    </Output>
    <RunInfos>
      <RunInfo computerName="DESKTOP-TJ9D65N" outcome="Error" timestamp="2022-10-15T21:37:53.6415512+03:00">
        <Text>[xUnit.net 00:01:29.43]     AccessToDB.Tests.TurnstilesRepositoryTests.TestAddTurnstileAsyncFailsWhenTurnstileIdRepeats(turnstile: Turnstile { TurnstileID = 82, LiftID = 33, IsOpen = True }) [FAIL]</Text>
      </RunInfo>
    </RunInfos>
  </ResultSummary>
</TestRun>