<?xml version="1.0" encoding="utf-8"?>
<TestRun id="2869567d-02b9-481d-897c-ad83076a265c" name="alena@DESKTOP-TJ9D65N 2022-10-15 21:27:31" runUser="DESKTOP-TJ9D65N\alena" xmlns="http://microsoft.com/schemas/VisualStudio/TeamTest/2010">
  <Times creation="2022-10-15T21:27:31.6739248+03:00" queuing="2022-10-15T21:27:31.6739252+03:00" start="2022-10-15T21:27:27.7807039+03:00" finish="2022-10-15T21:29:08.8404389+03:00" />
  <TestSettings name="default" id="0678f33d-8ac2-4d41-afd5-2ea81c3459d7">
    <Deployment runDeploymentRoot="alena_DESKTOP-TJ9D65N_2022-10-15_21_27_31" />
  </TestSettings>
  <Results>
    <UnitTestResult executionId="203890fa-42aa-4b5a-bb0c-a6fc6cca7183" testId="2f86e62f-f37a-3a75-5665-ddaf886ba0d2" testName="AccessToDB.Tests.TurnstilesRepositoryTests.TestDeleteTurnstileByIDAsyncFailsWhenIDNotExists(turnstileID: 169)" computerName="DESKTOP-TJ9D65N" duration="00:00:02.5661693" startTime="2022-10-15T21:28:50.5458785+03:00" endTime="2022-10-15T21:28:50.5458787+03:00" testType="13cdc9d9-ddb5-4fa4-a97d-d965ccfc6d4b" outcome="Passed" testListId="8c84fa94-04c1-424b-9868-57a2d4851a1d" relativeResultsDirectory="203890fa-42aa-4b5a-bb0c-a6fc6cca7183" />
    <UnitTestResult executionId="5f396431-23dd-4388-bbca-999a0d8a350b" testId="f9435956-2e34-e52b-c34e-dce53665cf8e" testName="AccessToDB.Tests.TurnstilesRepositoryTests.TestAddTurnstileAutoIncrementAsyncOk" computerName="DESKTOP-TJ9D65N" duration="00:00:02.6219843" startTime="2022-10-15T21:28:45.3590361+03:00" endTime="2022-10-15T21:28:45.3590363+03:00" testType="13cdc9d9-ddb5-4fa4-a97d-d965ccfc6d4b" outcome="Passed" testListId="8c84fa94-04c1-424b-9868-57a2d4851a1d" relativeResultsDirectory="5f396431-23dd-4388-bbca-999a0d8a350b" />
    <UnitTestResult executionId="a15a109f-9822-487f-b3f4-ea3ced9d99d3" testId="1f8616d1-3efe-9c85-bc07-05c7ca9ef1b1" testName="AccessToDB.Tests.LiftsRepositoryTests.TestGetLiftByIdAsyncOk(lift: Lift { LiftID = 124, LiftName = liftName08ac0086-ff95-4b48-b60f-5e0e824dba4f, IsOpen = True, SeatsAmount = 234, LiftingTime = 161, QueueTime = 27, ConnectedSlopes =  })" computerName="DESKTOP-TJ9D65N" duration="00:00:02.6078150" startTime="2022-10-15T21:29:00.9644140+03:00" endTime="2022-10-15T21:29:00.9644142+03:00" testType="13cdc9d9-ddb5-4fa4-a97d-d965ccfc6d4b" outcome="Passed" testListId="8c84fa94-04c1-424b-9868-57a2d4851a1d" relativeResultsDirectory="a15a109f-9822-487f-b3f4-ea3ced9d99d3" />
    <UnitTestResult executionId="187fee1f-e261-4cf5-bcd0-197f573a6173" testId="3aa2609b-afa0-dad1-afb3-a30ba73b6072" testName="AccessToDB.Tests.SlopesRepositoryTests.TestDeleteSlopeByIDAsyncFailsWhenIDNotExists(slopeID: 29)" computerName="DESKTOP-TJ9D65N" duration="00:00:02.5648092" startTime="2022-10-15T21:28:26.9379231+03:00" endTime="2022-10-15T21:28:26.9379237+03:00" testType="13cdc9d9-ddb5-4fa4-a97d-d965ccfc6d4b" outcome="Passed" testListId="8c84fa94-04c1-424b-9868-57a2d4851a1d" relativeResultsDirectory="187fee1f-e261-4cf5-bcd0-197f573a6173" />
    <UnitTestResult executionId="7b3b33a5-a6c2-47c0-9342-6ef3f9f490ae" testId="d5c434b1-f62a-2501-5ac6-ad45ffc1c9f1" testName="AccessToDB.Tests.LiftsSlopesRepositoryTests.TestUpdateLiftSlopeByIDAsyncOk(liftSlope: LiftSlope { RecordID = 225, LiftID = 100, SlopeID = 24 })" computerName="DESKTOP-TJ9D65N" duration="00:00:02.6168249" startTime="2022-10-15T21:28:02.9394205+03:00" endTime="2022-10-15T21:28:02.9394207+03:00" testType="13cdc9d9-ddb5-4fa4-a97d-d965ccfc6d4b" outcome="Passed" testListId="8c84fa94-04c1-424b-9868-57a2d4851a1d" relativeResultsDirectory="7b3b33a5-a6c2-47c0-9342-6ef3f9f490ae" />
    <UnitTestResult executionId="d538686c-57ae-4ab6-81f7-af3345f29676" testId="fe714564-aa86-260e-a6db-fb7c04e4242a" testName="AccessToDB.Tests.UsersRepositoryTests.TestCheckUserIdExistsAsyncTrue(user: User { UserID = 9, CardID = 100, UserEmail = UserEmailc35c8a5e-39cb-419a-9690-bb201852ff39, Password = passwordefff2552-217f-4e9d-b7ef-cd402703a9b4, Permissions = UNAUTHORIZED })" computerName="DESKTOP-TJ9D65N" duration="00:00:02.6073178" startTime="2022-10-15T21:27:42.0064174+03:00" endTime="2022-10-15T21:27:42.0064177+03:00" testType="13cdc9d9-ddb5-4fa4-a97d-d965ccfc6d4b" outcome="Passed" testListId="8c84fa94-04c1-424b-9868-57a2d4851a1d" relativeResultsDirectory="d538686c-57ae-4ab6-81f7-af3345f29676" />
    <UnitTestResult executionId="7605862c-4484-44a1-94a1-c6a9dc989cc8" testId="2b263235-5871-d084-3dc9-da951ca5f73b" testName="AccessToDB.Tests.SlopesRepositoryTests.TestAddSlopeAsyncFailsWhenSlopeIdRepeats(slope: Slope { SlopeID = 111, SlopeName = slopeName4b6ad2eb-4fc1-4f89-ac17-489bff058f80, IsOpen = True, DifficultyLevel = 216, ConnectedLifts =  })" computerName="DESKTOP-TJ9D65N" duration="00:00:02.6124972" startTime="2022-10-15T21:28:19.1455645+03:00" endTime="2022-10-15T21:28:19.1455650+03:00" testType="13cdc9d9-ddb5-4fa4-a97d-d965ccfc6d4b" outcome="Passed" testListId="8c84fa94-04c1-424b-9868-57a2d4851a1d" relativeResultsDirectory="7605862c-4484-44a1-94a1-c6a9dc989cc8" />
    <UnitTestResult executionId="3d492712-1c38-498a-925a-9f2e1632a5c3" testId="673699c8-5f30-17dc-05df-07a6dd2e93c1" testName="AccessToDB.Tests.LiftsSlopesRepositoryTests.TestGetLiftSlopeByIdAsyncOk(liftSlope: LiftSlope { RecordID = 32, LiftID = 46, SlopeID = 104 })" computerName="DESKTOP-TJ9D65N" duration="00:00:02.5871223" startTime="2022-10-15T21:28:16.0116225+03:00" endTime="2022-10-15T21:28:16.0116229+03:00" testType="13cdc9d9-ddb5-4fa4-a97d-d965ccfc6d4b" outcome="Passed" testListId="8c84fa94-04c1-424b-9868-57a2d4851a1d" relativeResultsDirectory="3d492712-1c38-498a-925a-9f2e1632a5c3" />
    <UnitTestResult executionId="381fc5fb-4509-47cf-8cc0-64847ee13099" testId="689f8765-5cd5-7d85-dac4-73080fc6fd50" testName="AccessToDB.Tests.TurnstilesRepositoryTests.TestUpdateTurnstileByIDAsyncOk(turnstile: Turnstile { TurnstileID = 177, LiftID = 196, IsOpen = True })" computerName="DESKTOP-TJ9D65N" duration="00:00:02.6138418" startTime="2022-10-15T21:28:42.7261705+03:00" endTime="2022-10-15T21:28:42.7261710+03:00" testType="13cdc9d9-ddb5-4fa4-a97d-d965ccfc6d4b" outcome="Passed" testListId="8c84fa94-04c1-424b-9868-57a2d4851a1d" relativeResultsDirectory="381fc5fb-4509-47cf-8cc0-64847ee13099" />
    <UnitTestResult executionId="29884141-7ecc-4aff-9b84-d9fb0ca9b55a" testId="bb8de669-46c7-7fbe-6a44-6ae96a969537" testName="AccessToDB.Tests.SlopesRepositoryTests.TestGetSlopeByIdAsyncOk(slope: Slope { SlopeID = 5, SlopeName = slopeNamef4127a9f-2c47-4b64-a460-fd74f97f7ced, IsOpen = True, DifficultyLevel = 227, ConnectedLifts =  })" computerName="DESKTOP-TJ9D65N" duration="00:00:02.6019113" startTime="2022-10-15T21:28:32.1206583+03:00" endTime="2022-10-15T21:28:32.1206593+03:00" testType="13cdc9d9-ddb5-4fa4-a97d-d965ccfc6d4b" outcome="Passed" testListId="8c84fa94-04c1-424b-9868-57a2d4851a1d" relativeResultsDirectory="29884141-7ecc-4aff-9b84-d9fb0ca9b55a" />
    <UnitTestResult executionId="d9f0e6c7-9c31-4f69-ae09-f85281b55c8d" testId="7cf380df-6c4e-1137-ef02-628aff2f1209" testName="AccessToDB.Tests.UsersRepositoryTests.TestAddUserAsyncFailsWhenUserIdRepeats(user: User { UserID = 99, CardID = 150, UserEmail = UserEmail8f1e3ec7-5880-4f2c-88a1-5b667d44dafa, Password = password4c092bbb-f178-4c2b-b110-15ba05d62004, Permissions = UNAUTHORIZED })" computerName="DESKTOP-TJ9D65N" duration="00:00:02.6111589" startTime="2022-10-15T21:27:36.8207390+03:00" endTime="2022-10-15T21:27:36.8207393+03:00" testType="13cdc9d9-ddb5-4fa4-a97d-d965ccfc6d4b" outcome="Passed" testListId="8c84fa94-04c1-424b-9868-57a2d4851a1d" relativeResultsDirectory="d9f0e6c7-9c31-4f69-ae09-f85281b55c8d" />
    <UnitTestResult executionId="0e4246af-706f-4f67-a373-ab0ba8959e9e" testId="4c32fbe7-a8be-6d2f-995d-73798fffffe9" testName="AccessToDB.Tests.LiftsSlopesRepositoryTests.TestGetLiftsBySlopeIdAsyncOk(slope1: Slope { SlopeID = 241, SlopeName = slopeName3b66a230-d473-451f-aace-36d47657e164, IsOpen = True, DifficultyLevel = 122, ConnectedLifts =  }, slope2: Slope { SlopeID = 39, SlopeName = slopeName5425eba2-03c9-4720-b6c1-2c7c42c01d31, IsOpen = False, DifficultyLevel = 141, ConnectedLifts =  }, lift1: Lift { LiftID = 78, LiftName = liftNameb3432988-3045-48af-afb9-273164eea24a, IsOpen = True, SeatsAmount = 105, LiftingTime = 35, QueueTime = 195, ConnectedSlopes =  }, lift2: Lift { LiftID = 2, LiftName = liftName08b6649f-8fda-4a15-aebf-e9ed6c0fbbbc, IsOpen = False, SeatsAmount = 77, LiftingTime = 100, QueueTime = 216, ConnectedSlopes =  })" computerName="DESKTOP-TJ9D65N" duration="00:00:02.6588879" startTime="2022-10-15T21:28:08.2218196+03:00" endTime="2022-10-15T21:28:08.2218198+03:00" testType="13cdc9d9-ddb5-4fa4-a97d-d965ccfc6d4b" outcome="Passed" testListId="8c84fa94-04c1-424b-9868-57a2d4851a1d" relativeResultsDirectory="0e4246af-706f-4f67-a373-ab0ba8959e9e" />
    <UnitTestResult executionId="5d201355-edd0-44fd-a94c-3f8d1fdc85b3" testId="047eefab-3890-7023-a7bc-785580654ec0" testName="AccessToDB.Tests.UsersRepositoryTests.TestGetUserByIdAsyncOk(user: User { UserID = 63, CardID = 221, UserEmail = UserEmailba9ffc6f-6597-4a3e-90fa-56b3ebbc4524, Password = password2cc7f342-e537-4d60-abab-9d9ad59ed258, Permissions = UNAUTHORIZED })" computerName="DESKTOP-TJ9D65N" duration="00:00:02.5918676" startTime="2022-10-15T21:27:49.8444383+03:00" endTime="2022-10-15T21:27:49.8444385+03:00" testType="13cdc9d9-ddb5-4fa4-a97d-d965ccfc6d4b" outcome="Passed" testListId="8c84fa94-04c1-424b-9868-57a2d4851a1d" relativeResultsDirectory="5d201355-edd0-44fd-a94c-3f8d1fdc85b3" />
    <UnitTestResult executionId="f48e5f51-5e51-41a6-b989-4137970ba1f2" testId="e75bb6e2-88d9-af2a-a444-c4a9d67f0f0e" testName="AccessToDB.Tests.UsersRepositoryTests.TestAddUserAutoIncrementAsyncOk" computerName="DESKTOP-TJ9D65N" duration="00:00:02.6408314" startTime="2022-10-15T21:27:52.4881638+03:00" endTime="2022-10-15T21:27:52.4881643+03:00" testType="13cdc9d9-ddb5-4fa4-a97d-d965ccfc6d4b" outcome="Passed" testListId="8c84fa94-04c1-424b-9868-57a2d4851a1d" relativeResultsDirectory="f48e5f51-5e51-41a6-b989-4137970ba1f2" />
    <UnitTestResult executionId="7b30d32f-52b3-46e5-8306-780a7d81b7be" testId="1eac4fed-d636-29c0-6dfb-14d0bebc2e4f" testName="AccessToDB.Tests.SlopesRepositoryTests.TestGetSlopeByNameAsyncFailsWhenNameNotExists(slopeName: &quot;slopeName2328a2b7-136e-46ea-8497-a3e84b0c1722&quot;)" computerName="DESKTOP-TJ9D65N" duration="00:00:00.0010000" startTime="2022-10-15T21:28:16.5311975+03:00" endTime="2022-10-15T21:28:16.5311980+03:00" testType="13cdc9d9-ddb5-4fa4-a97d-d965ccfc6d4b" outcome="Failed" testListId="8c84fa94-04c1-424b-9868-57a2d4851a1d" relativeResultsDirectory="7b30d32f-52b3-46e5-8306-780a7d81b7be">
      <Output>
        <ErrorInfo>
          <Message>System.InvalidOperationException : Operations that change non-concurrent collections must have exclusive access. A concurrent update was performed on this collection and corrupted its state. The collection's state is no longer correct.</Message>
          <StackTrace>   at System.Collections.Generic.Dictionary`2.FindValue(TKey key)&#xD;
   at System.Collections.Generic.Dictionary`2.TryGetValue(TKey key, TValue&amp; value)&#xD;
   at ProGaudi.MsgPack.Light.MsgPackContext.GetObjectActivator(Type type)&#xD;
   at ProGaudi.MsgPack.Light.MsgPackContext.&lt;&gt;c__DisplayClass24_0.&lt;TryGenerateConverterFromGenericConverter&gt;b__0(Type x)&#xD;
   at ProGaudi.MsgPack.Light.MsgPackContext.TryGenerateConverterFromGenericConverter(Type type)&#xD;
   at ProGaudi.MsgPack.Light.MsgPackContext.GetConverter[T]()&#xD;
   at ProGaudi.MsgPack.Light.MsgPackSerializer.GetConverter[T](MsgPackContext context)&#xD;
   at ProGaudi.MsgPack.Light.MsgPackSerializer.Deserialize[T](MemoryStream stream, MsgPackContext context)&#xD;
   at ProGaudi.Tarantool.Client.LogicalConnection.SendRequest[TRequest,TResponse](TRequest request, Nullable`1 timeout)&#xD;
   at ProGaudi.Tarantool.Client.LogicalConnectionManager.SendRequest[TRequest,TResponse](TRequest request, Nullable`1 timeout)&#xD;
   at ProGaudi.Tarantool.Client.Index.Select[TKey,TTuple](TKey key, SelectOptions options)&#xD;
   at AccessToDB.RepositoriesTarantool.TarantoolSlopesRepository.GetSlopesAsync(UInt32 offset, UInt32 limit) in C:\Users\alena\Desktop\7_sem\testing_and_debugging\SkiResort\AccessToDB\TarantoolRepositories\TarantoolSlopesRepository.cs:line 36&#xD;
   at AccessToDB.Tests.SlopesRepositoryTests.CleanSlopesTable() in C:\Users\alena\Desktop\7_sem\testing_and_debugging\SkiResort\AccessToDB.Tests\SlopesRepositoryTests.cs:line 40&#xD;
   at AccessToDB.Tests.SlopesRepositoryTests..ctor() in C:\Users\alena\Desktop\7_sem\testing_and_debugging\SkiResort\AccessToDB.Tests\SlopesRepositoryTests.cs:line 30&#xD;
   at System.RuntimeType.CreateInstanceDefaultCtor(Boolean publicOnly, Boolean wrapExceptions)</StackTrace>
        </ErrorInfo>
      </Output>
    </UnitTestResult>
    <UnitTestResult executionId="036bccc5-c212-433e-8e86-47ba9ff3ec62" testId="607e8298-f113-be33-300e-15a343893443" testName="AccessToDB.Tests.LiftsRepositoryTests.TestGetLiftsAsyncEmpty" computerName="DESKTOP-TJ9D65N" duration="00:00:02.5619281" startTime="2022-10-15T21:29:06.1031198+03:00" endTime="2022-10-15T21:29:06.1031204+03:00" testType="13cdc9d9-ddb5-4fa4-a97d-d965ccfc6d4b" outcome="Passed" testListId="8c84fa94-04c1-424b-9868-57a2d4851a1d" relativeResultsDirectory="036bccc5-c212-433e-8e86-47ba9ff3ec62" />
    <UnitTestResult executionId="de6d2609-22b2-4a12-84ac-1bfa042cccf0" testId="504d38ef-ff09-cdb5-80e9-e71cb540e6b2" testName="AccessToDB.Tests.LiftsSlopesRepositoryTests.TestAddLiftSlopeAsyncFailsWhenLiftSlopeIdRepeats(liftSlope: LiftSlope { RecordID = 194, LiftID = 237, SlopeID = 172 })" computerName="DESKTOP-TJ9D65N" duration="00:00:02.6136499" startTime="2022-10-15T21:27:55.1135963+03:00" endTime="2022-10-15T21:27:55.1135967+03:00" testType="13cdc9d9-ddb5-4fa4-a97d-d965ccfc6d4b" outcome="Passed" testListId="8c84fa94-04c1-424b-9868-57a2d4851a1d" relativeResultsDirectory="de6d2609-22b2-4a12-84ac-1bfa042cccf0" />
    <UnitTestResult executionId="749b1e6c-6e62-4e29-8627-b0b8e0647ade" testId="180b757a-04ea-95d9-1d34-f0d6e65eb92b" testName="AccessToDB.Tests.LiftsRepositoryTests.TestAddLiftAsyncFailsWhenLiftIdRepeats(lift: Lift { LiftID = 201, LiftName = liftName0866e858-fa5c-4df0-b81a-d0397ccd55bd, IsOpen = True, SeatsAmount = 8, LiftingTime = 231, QueueTime = 177, ConnectedSlopes =  })" computerName="DESKTOP-TJ9D65N" duration="00:00:02.6136377" startTime="2022-10-15T21:28:58.3526412+03:00" endTime="2022-10-15T21:28:58.3526413+03:00" testType="13cdc9d9-ddb5-4fa4-a97d-d965ccfc6d4b" outcome="Passed" testListId="8c84fa94-04c1-424b-9868-57a2d4851a1d" relativeResultsDirectory="749b1e6c-6e62-4e29-8627-b0b8e0647ade" />
    <UnitTestResult executionId="08bb896c-26e2-4b53-a220-18148c2fa3c9" testId="ec229f70-485a-f91b-53ed-bce655f6cd58" testName="AccessToDB.Tests.LiftsRepositoryTests.TestAddLiftAutoIncrementAsyncOk" computerName="DESKTOP-TJ9D65N" duration="00:00:02.6063841" startTime="2022-10-15T21:28:53.1567067+03:00" endTime="2022-10-15T21:28:53.1567069+03:00" testType="13cdc9d9-ddb5-4fa4-a97d-d965ccfc6d4b" outcome="Passed" testListId="8c84fa94-04c1-424b-9868-57a2d4851a1d" relativeResultsDirectory="08bb896c-26e2-4b53-a220-18148c2fa3c9" />
    <UnitTestResult executionId="d915e843-a096-40c2-8fb2-573ad09753cc" testId="3c521313-4ed6-6bce-b4f9-c359411028e7" testName="AccessToDB.Tests.TurnstilesRepositoryTests.TestGetTurnstilesAsyncEmpty" computerName="DESKTOP-TJ9D65N" duration="00:00:02.5743882" startTime="2022-10-15T21:28:37.3406641+03:00" endTime="2022-10-15T21:28:37.3406642+03:00" testType="13cdc9d9-ddb5-4fa4-a97d-d965ccfc6d4b" outcome="Passed" testListId="8c84fa94-04c1-424b-9868-57a2d4851a1d" relativeResultsDirectory="d915e843-a096-40c2-8fb2-573ad09753cc" />
    <UnitTestResult executionId="4fc2fe96-4379-4ce4-8f49-f406bba781b1" testId="3741b26d-6ee0-6246-29e4-92009bff37b0" testName="AccessToDB.Tests.UsersRepositoryTests.TestGetUsersAsyncEmpty" computerName="DESKTOP-TJ9D65N" duration="00:00:02.6158414" startTime="2022-10-15T21:27:31.6138194+03:00" endTime="2022-10-15T21:27:31.6138429+03:00" testType="13cdc9d9-ddb5-4fa4-a97d-d965ccfc6d4b" outcome="Passed" testListId="8c84fa94-04c1-424b-9868-57a2d4851a1d" relativeResultsDirectory="4fc2fe96-4379-4ce4-8f49-f406bba781b1" />
    <UnitTestResult executionId="254f203c-0d32-452b-a286-70494fa07bd6" testId="57f5145d-3f81-60c1-7fdd-051b01e89a2a" testName="AccessToDB.Tests.TurnstilesRepositoryTests.TestGetTurnstilesByLiftIdAsyncOk(liftID: 100)" computerName="DESKTOP-TJ9D65N" duration="00:00:02.7592865" startTime="2022-10-15T21:28:40.1045148+03:00" endTime="2022-10-15T21:28:40.1045152+03:00" testType="13cdc9d9-ddb5-4fa4-a97d-d965ccfc6d4b" outcome="Passed" testListId="8c84fa94-04c1-424b-9868-57a2d4851a1d" relativeResultsDirectory="254f203c-0d32-452b-a286-70494fa07bd6" />
    <UnitTestResult executionId="d5baeac5-ceff-49dd-97c9-163141ca562b" testId="4fcdb5ef-e2e2-6f61-d5e4-a4a5dae3bd0c" testName="AccessToDB.Tests.UsersRepositoryTests.TestUpdateUserByIDAsyncOk(user: User { UserID = 204, CardID = 227, UserEmail = UserEmailf8759151-c242-4b4b-93bb-21a8a57a7b1b, Password = passwordf6f5e049-4119-4c94-a1ab-9d4bbace7957, Permissions = UNAUTHORIZED })" computerName="DESKTOP-TJ9D65N" duration="00:00:02.5818926" startTime="2022-10-15T21:27:44.6859024+03:00" endTime="2022-10-15T21:27:44.6859026+03:00" testType="13cdc9d9-ddb5-4fa4-a97d-d965ccfc6d4b" outcome="Failed" testListId="8c84fa94-04c1-424b-9868-57a2d4851a1d" relativeResultsDirectory="d5baeac5-ceff-49dd-97c9-163141ca562b">
      <Output>
        <ErrorInfo>
          <Message>System.InvalidOperationException : Operations that change non-concurrent collections must have exclusive access. A concurrent update was performed on this collection and corrupted its state. The collection's state is no longer correct.</Message>
          <StackTrace>   at System.Collections.Generic.Dictionary`2.FindValue(TKey key)&#xD;
   at System.Collections.Generic.Dictionary`2.TryGetValue(TKey key, TValue&amp; value)&#xD;
   at ProGaudi.MsgPack.Light.MsgPackContext.GetObjectActivator(Type type)&#xD;
   at ProGaudi.MsgPack.Light.MsgPackContext.&lt;&gt;c__DisplayClass24_0.&lt;TryGenerateConverterFromGenericConverter&gt;b__0(Type x)&#xD;
   at ProGaudi.MsgPack.Light.MsgPackContext.TryGenerateConverterFromGenericConverter(Type type)&#xD;
   at ProGaudi.MsgPack.Light.MsgPackContext.GetConverter[T]()&#xD;
   at ProGaudi.Tarantool.Client.Model.UpdateOperations.UpdateOperation`1.GetConverter(MsgPackContext context)&#xD;
   at ProGaudi.Tarantool.Client.Converters.UpdatePacketConverter`1.Write(UpdateRequest`1 value, IMsgPackWriter writer)&#xD;
   at ProGaudi.MsgPack.Light.MsgPackSerializer.Serialize[T](T data, MemoryStream stream, MsgPackContext context)&#xD;
   at ProGaudi.Tarantool.Client.LogicalConnection.SendRequestImpl[TRequest](TRequest request, Nullable`1 timeout)&#xD;
   at ProGaudi.Tarantool.Client.LogicalConnection.SendRequest[TRequest,TResponse](TRequest request, Nullable`1 timeout)&#xD;
   at ProGaudi.Tarantool.Client.LogicalConnectionManager.SendRequest[TRequest,TResponse](TRequest request, Nullable`1 timeout)&#xD;
   at ProGaudi.Tarantool.Client.Space.Update[TKey,TTuple](TKey key, UpdateOperation[] updateOperations)&#xD;
   at AccessToDB.RepositoriesTarantool.TarantoolUsersRepository.UpdateUserByIDAsync(UInt32 userID, UInt32 newCardID, String newUserEmail, String newPassword, PermissionsEnum newPermissions) in C:\Users\alena\Desktop\7_sem\testing_and_debugging\SkiResort\AccessToDB\TarantoolRepositories\TarantoolUsersRepository.cs:line 94&#xD;
   at AccessToDB.Tests.UsersRepositoryTests.TestUpdateUserByIDAsyncOk(User user) in C:\Users\alena\Desktop\7_sem\testing_and_debugging\SkiResort\AccessToDB.Tests\UsersRepositoryTests.cs:line 112&#xD;
   at System.Threading.Tasks.Task.&lt;&gt;c.&lt;ThrowAsync&gt;b__128_0(Object state)</StackTrace>
        </ErrorInfo>
      </Output>
    </UnitTestResult>
    <UnitTestResult executionId="bdf6f1ae-f1cc-430a-82b5-a121bdd28475" testId="31342344-77e3-a4c2-5aae-c29e88270652" testName="AccessToDB.Tests.TurnstilesRepositoryTests.TestGetTurnstileByIdAsyncOk(turnstile: Turnstile { TurnstileID = 3, LiftID = 225, IsOpen = True })" computerName="DESKTOP-TJ9D65N" duration="00:00:02.6280895" startTime="2022-10-15T21:28:34.7587935+03:00" endTime="2022-10-15T21:28:34.7587941+03:00" testType="13cdc9d9-ddb5-4fa4-a97d-d965ccfc6d4b" outcome="Passed" testListId="8c84fa94-04c1-424b-9868-57a2d4851a1d" relativeResultsDirectory="bdf6f1ae-f1cc-430a-82b5-a121bdd28475" />
    <UnitTestResult executionId="ce94b752-12a7-4b44-b18a-fccb2b266c09" testId="5484ab0f-c9e6-998e-9b52-1fd6a96613c1" testName="AccessToDB.Tests.TurnstilesRepositoryTests.TestAddTurnstileAsyncFailsWhenTurnstileIdRepeats(turnstile: Turnstile { TurnstileID = 39, LiftID = 227, IsOpen = True })" computerName="DESKTOP-TJ9D65N" duration="00:00:02.6088592" startTime="2022-10-15T21:28:47.9754805+03:00" endTime="2022-10-15T21:28:47.9754812+03:00" testType="13cdc9d9-ddb5-4fa4-a97d-d965ccfc6d4b" outcome="Passed" testListId="8c84fa94-04c1-424b-9868-57a2d4851a1d" relativeResultsDirectory="ce94b752-12a7-4b44-b18a-fccb2b266c09" />
    <UnitTestResult executionId="2ed88aa6-ede7-4fcc-bb09-95404721b341" testId="5b32179c-26a5-5145-e428-01434382810f" testName="AccessToDB.Tests.LiftsSlopesRepositoryTests.TestDeleteLiftSlopeByIDAsyncFailsWhenIDNotExists(liftSlopeID: 72)" computerName="DESKTOP-TJ9D65N" duration="00:00:02.5835978" startTime="2022-10-15T21:28:00.3177519+03:00" endTime="2022-10-15T21:28:00.3177521+03:00" testType="13cdc9d9-ddb5-4fa4-a97d-d965ccfc6d4b" outcome="Passed" testListId="8c84fa94-04c1-424b-9868-57a2d4851a1d" relativeResultsDirectory="2ed88aa6-ede7-4fcc-bb09-95404721b341" />
    <UnitTestResult executionId="3aace97a-e81b-4191-9c39-e399227bf122" testId="3ed5d48e-6a1f-f8cd-3861-ca0e55413c00" testName="AccessToDB.Tests.SlopesRepositoryTests.TestUpdateSlopeByIDAsyncOk(slope: Slope { SlopeID = 177, SlopeName = slopeName04b8fef5-63ad-4169-9a3e-b13f437277d9, IsOpen = True, DifficultyLevel = 31, ConnectedLifts =  })" computerName="DESKTOP-TJ9D65N" duration="00:00:02.6062830" startTime="2022-10-15T21:28:24.3674955+03:00" endTime="2022-10-15T21:28:24.3674957+03:00" testType="13cdc9d9-ddb5-4fa4-a97d-d965ccfc6d4b" outcome="Passed" testListId="8c84fa94-04c1-424b-9868-57a2d4851a1d" relativeResultsDirectory="3aace97a-e81b-4191-9c39-e399227bf122" />
    <UnitTestResult executionId="1ff88478-1e0a-4243-ba61-c35c72289cbf" testId="e0cb0078-cacf-1f65-bba2-086f4061d16f" testName="AccessToDB.Tests.LiftsRepositoryTests.TestGetLiftByNameAsyncFailsWhenNameNotExists(liftName: &quot;liftName591d90c8-b8d1-4609-a458-cc4ba6f6fb42&quot;)" computerName="DESKTOP-TJ9D65N" duration="00:00:02.5665252" startTime="2022-10-15T21:29:03.5359462+03:00" endTime="2022-10-15T21:29:03.5359464+03:00" testType="13cdc9d9-ddb5-4fa4-a97d-d965ccfc6d4b" outcome="Passed" testListId="8c84fa94-04c1-424b-9868-57a2d4851a1d" relativeResultsDirectory="1ff88478-1e0a-4243-ba61-c35c72289cbf" />
    <UnitTestResult executionId="50abdae3-361b-4def-a4e0-1489e2df6d48" testId="d6acf2b8-1a85-add5-4ee0-f2667a97810b" testName="AccessToDB.Tests.UsersRepositoryTests.TestDeleteUserByIDAsyncFailsWhenIDNotExists(userID: 179)" computerName="DESKTOP-TJ9D65N" duration="00:00:02.5673313" startTime="2022-10-15T21:27:34.2046988+03:00" endTime="2022-10-15T21:27:34.2046990+03:00" testType="13cdc9d9-ddb5-4fa4-a97d-d965ccfc6d4b" outcome="Passed" testListId="8c84fa94-04c1-424b-9868-57a2d4851a1d" relativeResultsDirectory="50abdae3-361b-4def-a4e0-1489e2df6d48" />
    <UnitTestResult executionId="7f5d5b3d-8493-4cd9-8a41-05129fd1a69a" testId="30f8e924-9784-0a43-e807-094f70e06567" testName="AccessToDB.Tests.LiftsSlopesRepositoryTests.TestAddLiftSlopeAutoIncrementAsyncOk" computerName="DESKTOP-TJ9D65N" duration="00:00:02.6112827" startTime="2022-10-15T21:28:10.8371303+03:00" endTime="2022-10-15T21:28:10.8371305+03:00" testType="13cdc9d9-ddb5-4fa4-a97d-d965ccfc6d4b" outcome="Passed" testListId="8c84fa94-04c1-424b-9868-57a2d4851a1d" relativeResultsDirectory="7f5d5b3d-8493-4cd9-8a41-05129fd1a69a" />
    <UnitTestResult executionId="d1c92614-0756-435d-bcc8-543651d2339d" testId="09113f08-3876-ba88-85b7-a14affdc5176" testName="AccessToDB.Tests.UsersRepositoryTests.TestGetUserByEmailAsyncFailsWhenEmailNotExists(email: &quot;emailad09c6cb-37a5-40d3-8b8d-918587f9aa9b&quot;)" computerName="DESKTOP-TJ9D65N" duration="00:00:02.5712347" startTime="2022-10-15T21:27:47.2478718+03:00" endTime="2022-10-15T21:27:47.2478720+03:00" testType="13cdc9d9-ddb5-4fa4-a97d-d965ccfc6d4b" outcome="Passed" testListId="8c84fa94-04c1-424b-9868-57a2d4851a1d" relativeResultsDirectory="d1c92614-0756-435d-bcc8-543651d2339d" />
    <UnitTestResult executionId="c8602154-48fe-44df-a9da-0cdea82de545" testId="8f7ba917-f771-0dc5-f9b9-465c34344b12" testName="AccessToDB.Tests.SlopesRepositoryTests.TestAddSlopeAutoIncrementAsyncOk" computerName="DESKTOP-TJ9D65N" duration="00:00:02.6059681" startTime="2022-10-15T21:28:21.7569547+03:00" endTime="2022-10-15T21:28:21.7569550+03:00" testType="13cdc9d9-ddb5-4fa4-a97d-d965ccfc6d4b" outcome="Passed" testListId="8c84fa94-04c1-424b-9868-57a2d4851a1d" relativeResultsDirectory="c8602154-48fe-44df-a9da-0cdea82de545" />
    <UnitTestResult executionId="e2f10b82-7c9a-4c36-bdce-2ea2d7230960" testId="6bd9d8a8-fdc5-1585-d3ab-2cf005b66468" testName="AccessToDB.Tests.LiftsRepositoryTests.TestUpdateLiftByIDAsyncOk(lift: Lift { LiftID = 249, LiftName = liftNamecfb60de0-b1d2-405f-bcf2-8b62c8f1255e, IsOpen = True, SeatsAmount = 113, LiftingTime = 78, QueueTime = 155, ConnectedSlopes =  })" computerName="DESKTOP-TJ9D65N" duration="00:00:02.6301283" startTime="2022-10-15T21:29:08.7429326+03:00" endTime="2022-10-15T21:29:08.7429330+03:00" testType="13cdc9d9-ddb5-4fa4-a97d-d965ccfc6d4b" outcome="Passed" testListId="8c84fa94-04c1-424b-9868-57a2d4851a1d" relativeResultsDirectory="e2f10b82-7c9a-4c36-bdce-2ea2d7230960" />
    <UnitTestResult executionId="bae83864-c572-4e8b-8c79-ae64a4ccefce" testId="05033aa4-1be4-4a05-3ab1-414d354afe40" testName="AccessToDB.Tests.LiftsRepositoryTests.TestDeleteLiftByIDAsyncFailsWhenIDNotExists(liftID: 165)" computerName="DESKTOP-TJ9D65N" duration="00:00:02.5728057" startTime="2022-10-15T21:28:55.7340551+03:00" endTime="2022-10-15T21:28:55.7340552+03:00" testType="13cdc9d9-ddb5-4fa4-a97d-d965ccfc6d4b" outcome="Passed" testListId="8c84fa94-04c1-424b-9868-57a2d4851a1d" relativeResultsDirectory="bae83864-c572-4e8b-8c79-ae64a4ccefce" />
    <UnitTestResult executionId="5d566547-e6df-4396-b2d5-fa23b60039c0" testId="4145f44e-b4b1-a618-09e8-c631496e6f1a" testName="AccessToDB.Tests.LiftsSlopesRepositoryTests.TestGetLiftSlopesAsyncEmpty" computerName="DESKTOP-TJ9D65N" duration="00:00:02.5757132" startTime="2022-10-15T21:28:13.4166029+03:00" endTime="2022-10-15T21:28:13.4166039+03:00" testType="13cdc9d9-ddb5-4fa4-a97d-d965ccfc6d4b" outcome="Passed" testListId="8c84fa94-04c1-424b-9868-57a2d4851a1d" relativeResultsDirectory="5d566547-e6df-4396-b2d5-fa23b60039c0" />
    <UnitTestResult executionId="b46b2c31-6944-4b22-a9d9-d7567e3f64f6" testId="6aa92489-c7b8-382e-bd08-411aebaa7a1a" testName="AccessToDB.Tests.UsersRepositoryTests.TestCheckUserEmailExistsAsyncFalse(userEmail: &quot;userEmail40ffa27d-d6c7-42e8-834a-8b185e0edf02&quot;)" computerName="DESKTOP-TJ9D65N" duration="00:00:02.5716289" startTime="2022-10-15T21:27:39.3958433+03:00" endTime="2022-10-15T21:27:39.3958435+03:00" testType="13cdc9d9-ddb5-4fa4-a97d-d965ccfc6d4b" outcome="Passed" testListId="8c84fa94-04c1-424b-9868-57a2d4851a1d" relativeResultsDirectory="b46b2c31-6944-4b22-a9d9-d7567e3f64f6" />
    <UnitTestResult executionId="ab019304-88b0-4096-9fb2-0b2bb85162d9" testId="b85c69cc-724a-5fc2-9652-ce68b5a6d763" testName="AccessToDB.Tests.LiftsSlopesRepositoryTests.TestGetSlopesByLiftIdAsyncFailsWhenSlopeNotExists(liftSlope: LiftSlope { RecordID = 133, LiftID = 14, SlopeID = 194 })" computerName="DESKTOP-TJ9D65N" duration="00:00:02.6016426" startTime="2022-10-15T21:27:57.7209051+03:00" endTime="2022-10-15T21:27:57.7209056+03:00" testType="13cdc9d9-ddb5-4fa4-a97d-d965ccfc6d4b" outcome="Passed" testListId="8c84fa94-04c1-424b-9868-57a2d4851a1d" relativeResultsDirectory="ab019304-88b0-4096-9fb2-0b2bb85162d9" />
    <UnitTestResult executionId="0935fcbf-46ff-4fa1-a305-14f9190ae961" testId="9bbefb83-8311-6e03-307f-415e3495e223" testName="AccessToDB.Tests.SlopesRepositoryTests.TestGetSlopesAsyncEmpty" computerName="DESKTOP-TJ9D65N" duration="00:00:02.5666094" startTime="2022-10-15T21:28:29.5127534+03:00" endTime="2022-10-15T21:28:29.5127538+03:00" testType="13cdc9d9-ddb5-4fa4-a97d-d965ccfc6d4b" outcome="Passed" testListId="8c84fa94-04c1-424b-9868-57a2d4851a1d" relativeResultsDirectory="0935fcbf-46ff-4fa1-a305-14f9190ae961" />
    <UnitTestResult executionId="8b1c6428-3a96-49f0-b3e5-bc9ccfa554b8" testId="d1d5517b-f971-3cf1-52ad-1c3b36f5b1ca" testName="AccessToDB.Tests.LiftsSlopesRepositoryTests.TestDeleteLiftSlopesByIDsAsyncOk(liftSlope: LiftSlope { RecordID = 137, LiftID = 183, SlopeID = 128 })" computerName="DESKTOP-TJ9D65N" duration="00:00:02.6156646" startTime="2022-10-15T21:28:05.5582353+03:00" endTime="2022-10-15T21:28:05.5582355+03:00" testType="13cdc9d9-ddb5-4fa4-a97d-d965ccfc6d4b" outcome="Passed" testListId="8c84fa94-04c1-424b-9868-57a2d4851a1d" relativeResultsDirectory="8b1c6428-3a96-49f0-b3e5-bc9ccfa554b8" />
  </Results>
  <TestDefinitions>
    <UnitTest name="AccessToDB.Tests.LiftsRepositoryTests.TestAddLiftAsyncFailsWhenLiftIdRepeats(lift: Lift { LiftID = 201, LiftName = liftName0866e858-fa5c-4df0-b81a-d0397ccd55bd, IsOpen = True, SeatsAmount = 8, LiftingTime = 231, QueueTime = 177, ConnectedSlopes =  })" storage="c:\users\alena\desktop\7_sem\testing_and_debugging\skiresort\accesstodb.tests\bin\debug\net6.0\accesstodb.tests.dll" id="180b757a-04ea-95d9-1d34-f0d6e65eb92b">
      <Execution id="749b1e6c-6e62-4e29-8627-b0b8e0647ade" />
      <TestMethod codeBase="C:\Users\alena\Desktop\7_sem\testing_and_debugging\SkiResort\AccessToDB.Tests\bin\Debug\net6.0\AccessToDB.Tests.dll" adapterTypeName="executor://xunit/VsTestRunner2/netcoreapp" className="AccessToDB.Tests.LiftsRepositoryTests" name="TestAddLiftAsyncFailsWhenLiftIdRepeats" />
    </UnitTest>
    <UnitTest name="AccessToDB.Tests.LiftsRepositoryTests.TestGetLiftByIdAsyncOk(lift: Lift { LiftID = 124, LiftName = liftName08ac0086-ff95-4b48-b60f-5e0e824dba4f, IsOpen = True, SeatsAmount = 234, LiftingTime = 161, QueueTime = 27, ConnectedSlopes =  })" storage="c:\users\alena\desktop\7_sem\testing_and_debugging\skiresort\accesstodb.tests\bin\debug\net6.0\accesstodb.tests.dll" id="1f8616d1-3efe-9c85-bc07-05c7ca9ef1b1">
      <Execution id="a15a109f-9822-487f-b3f4-ea3ced9d99d3" />
      <TestMethod codeBase="C:\Users\alena\Desktop\7_sem\testing_and_debugging\SkiResort\AccessToDB.Tests\bin\Debug\net6.0\AccessToDB.Tests.dll" adapterTypeName="executor://xunit/VsTestRunner2/netcoreapp" className="AccessToDB.Tests.LiftsRepositoryTests" name="TestGetLiftByIdAsyncOk" />
    </UnitTest>
    <UnitTest name="AccessToDB.Tests.LiftsSlopesRepositoryTests.TestGetLiftsBySlopeIdAsyncOk(slope1: Slope { SlopeID = 241, SlopeName = slopeName3b66a230-d473-451f-aace-36d47657e164, IsOpen = True, DifficultyLevel = 122, ConnectedLifts =  }, slope2: Slope { SlopeID = 39, SlopeName = slopeName5425eba2-03c9-4720-b6c1-2c7c42c01d31, IsOpen = False, DifficultyLevel = 141, ConnectedLifts =  }, lift1: Lift { LiftID = 78, LiftName = liftNameb3432988-3045-48af-afb9-273..." storage="c:\users\alena\desktop\7_sem\testing_and_debugging\skiresort\accesstodb.tests\bin\debug\net6.0\accesstodb.tests.dll" id="4c32fbe7-a8be-6d2f-995d-73798fffffe9">
      <Execution id="0e4246af-706f-4f67-a373-ab0ba8959e9e" />
      <TestMethod codeBase="C:\Users\alena\Desktop\7_sem\testing_and_debugging\SkiResort\AccessToDB.Tests\bin\Debug\net6.0\AccessToDB.Tests.dll" adapterTypeName="executor://xunit/VsTestRunner2/netcoreapp" className="AccessToDB.Tests.LiftsSlopesRepositoryTests" name="TestGetLiftsBySlopeIdAsyncOk" />
    </UnitTest>
    <UnitTest name="AccessToDB.Tests.UsersRepositoryTests.TestGetUsersAsyncEmpty" storage="c:\users\alena\desktop\7_sem\testing_and_debugging\skiresort\accesstodb.tests\bin\debug\net6.0\accesstodb.tests.dll" id="3741b26d-6ee0-6246-29e4-92009bff37b0">
      <Execution id="4fc2fe96-4379-4ce4-8f49-f406bba781b1" />
      <TestMethod codeBase="C:\Users\alena\Desktop\7_sem\testing_and_debugging\SkiResort\AccessToDB.Tests\bin\Debug\net6.0\AccessToDB.Tests.dll" adapterTypeName="executor://xunit/VsTestRunner2/netcoreapp" className="AccessToDB.Tests.UsersRepositoryTests" name="TestGetUsersAsyncEmpty" />
    </UnitTest>
    <UnitTest name="AccessToDB.Tests.SlopesRepositoryTests.TestUpdateSlopeByIDAsyncOk(slope: Slope { SlopeID = 177, SlopeName = slopeName04b8fef5-63ad-4169-9a3e-b13f437277d9, IsOpen = True, DifficultyLevel = 31, ConnectedLifts =  })" storage="c:\users\alena\desktop\7_sem\testing_and_debugging\skiresort\accesstodb.tests\bin\debug\net6.0\accesstodb.tests.dll" id="3ed5d48e-6a1f-f8cd-3861-ca0e55413c00">
      <Execution id="3aace97a-e81b-4191-9c39-e399227bf122" />
      <TestMethod codeBase="C:\Users\alena\Desktop\7_sem\testing_and_debugging\SkiResort\AccessToDB.Tests\bin\Debug\net6.0\AccessToDB.Tests.dll" adapterTypeName="executor://xunit/VsTestRunner2/netcoreapp" className="AccessToDB.Tests.SlopesRepositoryTests" name="TestUpdateSlopeByIDAsyncOk" />
    </UnitTest>
    <UnitTest name="AccessToDB.Tests.TurnstilesRepositoryTests.TestDeleteTurnstileByIDAsyncFailsWhenIDNotExists(turnstileID: 169)" storage="c:\users\alena\desktop\7_sem\testing_and_debugging\skiresort\accesstodb.tests\bin\debug\net6.0\accesstodb.tests.dll" id="2f86e62f-f37a-3a75-5665-ddaf886ba0d2">
      <Execution id="203890fa-42aa-4b5a-bb0c-a6fc6cca7183" />
      <TestMethod codeBase="C:\Users\alena\Desktop\7_sem\testing_and_debugging\SkiResort\AccessToDB.Tests\bin\Debug\net6.0\AccessToDB.Tests.dll" adapterTypeName="executor://xunit/VsTestRunner2/netcoreapp" className="AccessToDB.Tests.TurnstilesRepositoryTests" name="TestDeleteTurnstileByIDAsyncFailsWhenIDNotExists" />
    </UnitTest>
    <UnitTest name="AccessToDB.Tests.LiftsSlopesRepositoryTests.TestDeleteLiftSlopeByIDAsyncFailsWhenIDNotExists(liftSlopeID: 72)" storage="c:\users\alena\desktop\7_sem\testing_and_debugging\skiresort\accesstodb.tests\bin\debug\net6.0\accesstodb.tests.dll" id="5b32179c-26a5-5145-e428-01434382810f">
      <Execution id="2ed88aa6-ede7-4fcc-bb09-95404721b341" />
      <TestMethod codeBase="C:\Users\alena\Desktop\7_sem\testing_and_debugging\SkiResort\AccessToDB.Tests\bin\Debug\net6.0\AccessToDB.Tests.dll" adapterTypeName="executor://xunit/VsTestRunner2/netcoreapp" className="AccessToDB.Tests.LiftsSlopesRepositoryTests" name="TestDeleteLiftSlopeByIDAsyncFailsWhenIDNotExists" />
    </UnitTest>
    <UnitTest name="AccessToDB.Tests.UsersRepositoryTests.TestCheckUserEmailExistsAsyncFalse(userEmail: &quot;userEmail40ffa27d-d6c7-42e8-834a-8b185e0edf02&quot;)" storage="c:\users\alena\desktop\7_sem\testing_and_debugging\skiresort\accesstodb.tests\bin\debug\net6.0\accesstodb.tests.dll" id="6aa92489-c7b8-382e-bd08-411aebaa7a1a">
      <Execution id="b46b2c31-6944-4b22-a9d9-d7567e3f64f6" />
      <TestMethod codeBase="C:\Users\alena\Desktop\7_sem\testing_and_debugging\SkiResort\AccessToDB.Tests\bin\Debug\net6.0\AccessToDB.Tests.dll" adapterTypeName="executor://xunit/VsTestRunner2/netcoreapp" className="AccessToDB.Tests.UsersRepositoryTests" name="TestCheckUserEmailExistsAsyncFalse" />
    </UnitTest>
    <UnitTest name="AccessToDB.Tests.TurnstilesRepositoryTests.TestAddTurnstileAutoIncrementAsyncOk" storage="c:\users\alena\desktop\7_sem\testing_and_debugging\skiresort\accesstodb.tests\bin\debug\net6.0\accesstodb.tests.dll" id="f9435956-2e34-e52b-c34e-dce53665cf8e">
      <Execution id="5f396431-23dd-4388-bbca-999a0d8a350b" />
      <TestMethod codeBase="C:\Users\alena\Desktop\7_sem\testing_and_debugging\SkiResort\AccessToDB.Tests\bin\Debug\net6.0\AccessToDB.Tests.dll" adapterTypeName="executor://xunit/VsTestRunner2/netcoreapp" className="AccessToDB.Tests.TurnstilesRepositoryTests" name="TestAddTurnstileAutoIncrementAsyncOk" />
    </UnitTest>
    <UnitTest name="AccessToDB.Tests.SlopesRepositoryTests.TestDeleteSlopeByIDAsyncFailsWhenIDNotExists(slopeID: 29)" storage="c:\users\alena\desktop\7_sem\testing_and_debugging\skiresort\accesstodb.tests\bin\debug\net6.0\accesstodb.tests.dll" id="3aa2609b-afa0-dad1-afb3-a30ba73b6072">
      <Execution id="187fee1f-e261-4cf5-bcd0-197f573a6173" />
      <TestMethod codeBase="C:\Users\alena\Desktop\7_sem\testing_and_debugging\SkiResort\AccessToDB.Tests\bin\Debug\net6.0\AccessToDB.Tests.dll" adapterTypeName="executor://xunit/VsTestRunner2/netcoreapp" className="AccessToDB.Tests.SlopesRepositoryTests" name="TestDeleteSlopeByIDAsyncFailsWhenIDNotExists" />
    </UnitTest>
    <UnitTest name="AccessToDB.Tests.TurnstilesRepositoryTests.TestGetTurnstilesByLiftIdAsyncOk(liftID: 100)" storage="c:\users\alena\desktop\7_sem\testing_and_debugging\skiresort\accesstodb.tests\bin\debug\net6.0\accesstodb.tests.dll" id="57f5145d-3f81-60c1-7fdd-051b01e89a2a">
      <Execution id="254f203c-0d32-452b-a286-70494fa07bd6" />
      <TestMethod codeBase="C:\Users\alena\Desktop\7_sem\testing_and_debugging\SkiResort\AccessToDB.Tests\bin\Debug\net6.0\AccessToDB.Tests.dll" adapterTypeName="executor://xunit/VsTestRunner2/netcoreapp" className="AccessToDB.Tests.TurnstilesRepositoryTests" name="TestGetTurnstilesByLiftIdAsyncOk" />
    </UnitTest>
    <UnitTest name="AccessToDB.Tests.LiftsSlopesRepositoryTests.TestGetLiftSlopesAsyncEmpty" storage="c:\users\alena\desktop\7_sem\testing_and_debugging\skiresort\accesstodb.tests\bin\debug\net6.0\accesstodb.tests.dll" id="4145f44e-b4b1-a618-09e8-c631496e6f1a">
      <Execution id="5d566547-e6df-4396-b2d5-fa23b60039c0" />
      <TestMethod codeBase="C:\Users\alena\Desktop\7_sem\testing_and_debugging\SkiResort\AccessToDB.Tests\bin\Debug\net6.0\AccessToDB.Tests.dll" adapterTypeName="executor://xunit/VsTestRunner2/netcoreapp" className="AccessToDB.Tests.LiftsSlopesRepositoryTests" name="TestGetLiftSlopesAsyncEmpty" />
    </UnitTest>
    <UnitTest name="AccessToDB.Tests.UsersRepositoryTests.TestDeleteUserByIDAsyncFailsWhenIDNotExists(userID: 179)" storage="c:\users\alena\desktop\7_sem\testing_and_debugging\skiresort\accesstodb.tests\bin\debug\net6.0\accesstodb.tests.dll" id="d6acf2b8-1a85-add5-4ee0-f2667a97810b">
      <Execution id="50abdae3-361b-4def-a4e0-1489e2df6d48" />
      <TestMethod codeBase="C:\Users\alena\Desktop\7_sem\testing_and_debugging\SkiResort\AccessToDB.Tests\bin\Debug\net6.0\AccessToDB.Tests.dll" adapterTypeName="executor://xunit/VsTestRunner2/netcoreapp" className="AccessToDB.Tests.UsersRepositoryTests" name="TestDeleteUserByIDAsyncFailsWhenIDNotExists" />
    </UnitTest>
    <UnitTest name="AccessToDB.Tests.UsersRepositoryTests.TestGetUserByIdAsyncOk(user: User { UserID = 63, CardID = 221, UserEmail = UserEmailba9ffc6f-6597-4a3e-90fa-56b3ebbc4524, Password = password2cc7f342-e537-4d60-abab-9d9ad59ed258, Permissions = UNAUTHORIZED })" storage="c:\users\alena\desktop\7_sem\testing_and_debugging\skiresort\accesstodb.tests\bin\debug\net6.0\accesstodb.tests.dll" id="047eefab-3890-7023-a7bc-785580654ec0">
      <Execution id="5d201355-edd0-44fd-a94c-3f8d1fdc85b3" />
      <TestMethod codeBase="C:\Users\alena\Desktop\7_sem\testing_and_debugging\SkiResort\AccessToDB.Tests\bin\Debug\net6.0\AccessToDB.Tests.dll" adapterTypeName="executor://xunit/VsTestRunner2/netcoreapp" className="AccessToDB.Tests.UsersRepositoryTests" name="TestGetUserByIdAsyncOk" />
    </UnitTest>
    <UnitTest name="AccessToDB.Tests.LiftsSlopesRepositoryTests.TestDeleteLiftSlopesByIDsAsyncOk(liftSlope: LiftSlope { RecordID = 137, LiftID = 183, SlopeID = 128 })" storage="c:\users\alena\desktop\7_sem\testing_and_debugging\skiresort\accesstodb.tests\bin\debug\net6.0\accesstodb.tests.dll" id="d1d5517b-f971-3cf1-52ad-1c3b36f5b1ca">
      <Execution id="8b1c6428-3a96-49f0-b3e5-bc9ccfa554b8" />
      <TestMethod codeBase="C:\Users\alena\Desktop\7_sem\testing_and_debugging\SkiResort\AccessToDB.Tests\bin\Debug\net6.0\AccessToDB.Tests.dll" adapterTypeName="executor://xunit/VsTestRunner2/netcoreapp" className="AccessToDB.Tests.LiftsSlopesRepositoryTests" name="TestDeleteLiftSlopesByIDsAsyncOk" />
    </UnitTest>
    <UnitTest name="AccessToDB.Tests.LiftsRepositoryTests.TestUpdateLiftByIDAsyncOk(lift: Lift { LiftID = 249, LiftName = liftNamecfb60de0-b1d2-405f-bcf2-8b62c8f1255e, IsOpen = True, SeatsAmount = 113, LiftingTime = 78, QueueTime = 155, ConnectedSlopes =  })" storage="c:\users\alena\desktop\7_sem\testing_and_debugging\skiresort\accesstodb.tests\bin\debug\net6.0\accesstodb.tests.dll" id="6bd9d8a8-fdc5-1585-d3ab-2cf005b66468">
      <Execution id="e2f10b82-7c9a-4c36-bdce-2ea2d7230960" />
      <TestMethod codeBase="C:\Users\alena\Desktop\7_sem\testing_and_debugging\SkiResort\AccessToDB.Tests\bin\Debug\net6.0\AccessToDB.Tests.dll" adapterTypeName="executor://xunit/VsTestRunner2/netcoreapp" className="AccessToDB.Tests.LiftsRepositoryTests" name="TestUpdateLiftByIDAsyncOk" />
    </UnitTest>
    <UnitTest name="AccessToDB.Tests.TurnstilesRepositoryTests.TestAddTurnstileAsyncFailsWhenTurnstileIdRepeats(turnstile: Turnstile { TurnstileID = 39, LiftID = 227, IsOpen = True })" storage="c:\users\alena\desktop\7_sem\testing_and_debugging\skiresort\accesstodb.tests\bin\debug\net6.0\accesstodb.tests.dll" id="5484ab0f-c9e6-998e-9b52-1fd6a96613c1">
      <Execution id="ce94b752-12a7-4b44-b18a-fccb2b266c09" />
      <TestMethod codeBase="C:\Users\alena\Desktop\7_sem\testing_and_debugging\SkiResort\AccessToDB.Tests\bin\Debug\net6.0\AccessToDB.Tests.dll" adapterTypeName="executor://xunit/VsTestRunner2/netcoreapp" className="AccessToDB.Tests.TurnstilesRepositoryTests" name="TestAddTurnstileAsyncFailsWhenTurnstileIdRepeats" />
    </UnitTest>
    <UnitTest name="AccessToDB.Tests.TurnstilesRepositoryTests.TestGetTurnstileByIdAsyncOk(turnstile: Turnstile { TurnstileID = 3, LiftID = 225, IsOpen = True })" storage="c:\users\alena\desktop\7_sem\testing_and_debugging\skiresort\accesstodb.tests\bin\debug\net6.0\accesstodb.tests.dll" id="31342344-77e3-a4c2-5aae-c29e88270652">
      <Execution id="bdf6f1ae-f1cc-430a-82b5-a121bdd28475" />
      <TestMethod codeBase="C:\Users\alena\Desktop\7_sem\testing_and_debugging\SkiResort\AccessToDB.Tests\bin\Debug\net6.0\AccessToDB.Tests.dll" adapterTypeName="executor://xunit/VsTestRunner2/netcoreapp" className="AccessToDB.Tests.TurnstilesRepositoryTests" name="TestGetTurnstileByIdAsyncOk" />
    </UnitTest>
    <UnitTest name="AccessToDB.Tests.TurnstilesRepositoryTests.TestUpdateTurnstileByIDAsyncOk(turnstile: Turnstile { TurnstileID = 177, LiftID = 196, IsOpen = True })" storage="c:\users\alena\desktop\7_sem\testing_and_debugging\skiresort\accesstodb.tests\bin\debug\net6.0\accesstodb.tests.dll" id="689f8765-5cd5-7d85-dac4-73080fc6fd50">
      <Execution id="381fc5fb-4509-47cf-8cc0-64847ee13099" />
      <TestMethod codeBase="C:\Users\alena\Desktop\7_sem\testing_and_debugging\SkiResort\AccessToDB.Tests\bin\Debug\net6.0\AccessToDB.Tests.dll" adapterTypeName="executor://xunit/VsTestRunner2/netcoreapp" className="AccessToDB.Tests.TurnstilesRepositoryTests" name="TestUpdateTurnstileByIDAsyncOk" />
    </UnitTest>
    <UnitTest name="AccessToDB.Tests.SlopesRepositoryTests.TestGetSlopesAsyncEmpty" storage="c:\users\alena\desktop\7_sem\testing_and_debugging\skiresort\accesstodb.tests\bin\debug\net6.0\accesstodb.tests.dll" id="9bbefb83-8311-6e03-307f-415e3495e223">
      <Execution id="0935fcbf-46ff-4fa1-a305-14f9190ae961" />
      <TestMethod codeBase="C:\Users\alena\Desktop\7_sem\testing_and_debugging\SkiResort\AccessToDB.Tests\bin\Debug\net6.0\AccessToDB.Tests.dll" adapterTypeName="executor://xunit/VsTestRunner2/netcoreapp" className="AccessToDB.Tests.SlopesRepositoryTests" name="TestGetSlopesAsyncEmpty" />
    </UnitTest>
    <UnitTest name="AccessToDB.Tests.LiftsRepositoryTests.TestAddLiftAutoIncrementAsyncOk" storage="c:\users\alena\desktop\7_sem\testing_and_debugging\skiresort\accesstodb.tests\bin\debug\net6.0\accesstodb.tests.dll" id="ec229f70-485a-f91b-53ed-bce655f6cd58">
      <Execution id="08bb896c-26e2-4b53-a220-18148c2fa3c9" />
      <TestMethod codeBase="C:\Users\alena\Desktop\7_sem\testing_and_debugging\SkiResort\AccessToDB.Tests\bin\Debug\net6.0\AccessToDB.Tests.dll" adapterTypeName="executor://xunit/VsTestRunner2/netcoreapp" className="AccessToDB.Tests.LiftsRepositoryTests" name="TestAddLiftAutoIncrementAsyncOk" />
    </UnitTest>
    <UnitTest name="AccessToDB.Tests.TurnstilesRepositoryTests.TestGetTurnstilesAsyncEmpty" storage="c:\users\alena\desktop\7_sem\testing_and_debugging\skiresort\accesstodb.tests\bin\debug\net6.0\accesstodb.tests.dll" id="3c521313-4ed6-6bce-b4f9-c359411028e7">
      <Execution id="d915e843-a096-40c2-8fb2-573ad09753cc" />
      <TestMethod codeBase="C:\Users\alena\Desktop\7_sem\testing_and_debugging\SkiResort\AccessToDB.Tests\bin\Debug\net6.0\AccessToDB.Tests.dll" adapterTypeName="executor://xunit/VsTestRunner2/netcoreapp" className="AccessToDB.Tests.TurnstilesRepositoryTests" name="TestGetTurnstilesAsyncEmpty" />
    </UnitTest>
    <UnitTest name="AccessToDB.Tests.LiftsSlopesRepositoryTests.TestAddLiftSlopeAutoIncrementAsyncOk" storage="c:\users\alena\desktop\7_sem\testing_and_debugging\skiresort\accesstodb.tests\bin\debug\net6.0\accesstodb.tests.dll" id="30f8e924-9784-0a43-e807-094f70e06567">
      <Execution id="7f5d5b3d-8493-4cd9-8a41-05129fd1a69a" />
      <TestMethod codeBase="C:\Users\alena\Desktop\7_sem\testing_and_debugging\SkiResort\AccessToDB.Tests\bin\Debug\net6.0\AccessToDB.Tests.dll" adapterTypeName="executor://xunit/VsTestRunner2/netcoreapp" className="AccessToDB.Tests.LiftsSlopesRepositoryTests" name="TestAddLiftSlopeAutoIncrementAsyncOk" />
    </UnitTest>
    <UnitTest name="AccessToDB.Tests.UsersRepositoryTests.TestUpdateUserByIDAsyncOk(user: User { UserID = 204, CardID = 227, UserEmail = UserEmailf8759151-c242-4b4b-93bb-21a8a57a7b1b, Password = passwordf6f5e049-4119-4c94-a1ab-9d4bbace7957, Permissions = UNAUTHORIZED })" storage="c:\users\alena\desktop\7_sem\testing_and_debugging\skiresort\accesstodb.tests\bin\debug\net6.0\accesstodb.tests.dll" id="4fcdb5ef-e2e2-6f61-d5e4-a4a5dae3bd0c">
      <Execution id="d5baeac5-ceff-49dd-97c9-163141ca562b" />
      <TestMethod codeBase="C:\Users\alena\Desktop\7_sem\testing_and_debugging\SkiResort\AccessToDB.Tests\bin\Debug\net6.0\AccessToDB.Tests.dll" adapterTypeName="executor://xunit/VsTestRunner2/netcoreapp" className="AccessToDB.Tests.UsersRepositoryTests" name="TestUpdateUserByIDAsyncOk" />
    </UnitTest>
    <UnitTest name="AccessToDB.Tests.LiftsSlopesRepositoryTests.TestUpdateLiftSlopeByIDAsyncOk(liftSlope: LiftSlope { RecordID = 225, LiftID = 100, SlopeID = 24 })" storage="c:\users\alena\desktop\7_sem\testing_and_debugging\skiresort\accesstodb.tests\bin\debug\net6.0\accesstodb.tests.dll" id="d5c434b1-f62a-2501-5ac6-ad45ffc1c9f1">
      <Execution id="7b3b33a5-a6c2-47c0-9342-6ef3f9f490ae" />
      <TestMethod codeBase="C:\Users\alena\Desktop\7_sem\testing_and_debugging\SkiResort\AccessToDB.Tests\bin\Debug\net6.0\AccessToDB.Tests.dll" adapterTypeName="executor://xunit/VsTestRunner2/netcoreapp" className="AccessToDB.Tests.LiftsSlopesRepositoryTests" name="TestUpdateLiftSlopeByIDAsyncOk" />
    </UnitTest>
    <UnitTest name="AccessToDB.Tests.LiftsRepositoryTests.TestGetLiftByNameAsyncFailsWhenNameNotExists(liftName: &quot;liftName591d90c8-b8d1-4609-a458-cc4ba6f6fb42&quot;)" storage="c:\users\alena\desktop\7_sem\testing_and_debugging\skiresort\accesstodb.tests\bin\debug\net6.0\accesstodb.tests.dll" id="e0cb0078-cacf-1f65-bba2-086f4061d16f">
      <Execution id="1ff88478-1e0a-4243-ba61-c35c72289cbf" />
      <TestMethod codeBase="C:\Users\alena\Desktop\7_sem\testing_and_debugging\SkiResort\AccessToDB.Tests\bin\Debug\net6.0\AccessToDB.Tests.dll" adapterTypeName="executor://xunit/VsTestRunner2/netcoreapp" className="AccessToDB.Tests.LiftsRepositoryTests" name="TestGetLiftByNameAsyncFailsWhenNameNotExists" />
    </UnitTest>
    <UnitTest name="AccessToDB.Tests.SlopesRepositoryTests.TestGetSlopeByNameAsyncFailsWhenNameNotExists(slopeName: &quot;slopeName2328a2b7-136e-46ea-8497-a3e84b0c1722&quot;)" storage="c:\users\alena\desktop\7_sem\testing_and_debugging\skiresort\accesstodb.tests\bin\debug\net6.0\accesstodb.tests.dll" id="1eac4fed-d636-29c0-6dfb-14d0bebc2e4f">
      <Execution id="7b30d32f-52b3-46e5-8306-780a7d81b7be" />
      <TestMethod codeBase="C:\Users\alena\Desktop\7_sem\testing_and_debugging\SkiResort\AccessToDB.Tests\bin\Debug\net6.0\AccessToDB.Tests.dll" adapterTypeName="executor://xunit/VsTestRunner2/netcoreapp" className="AccessToDB.Tests.SlopesRepositoryTests" name="TestGetSlopeByNameAsyncFailsWhenNameNotExists" />
    </UnitTest>
    <UnitTest name="AccessToDB.Tests.UsersRepositoryTests.TestAddUserAutoIncrementAsyncOk" storage="c:\users\alena\desktop\7_sem\testing_and_debugging\skiresort\accesstodb.tests\bin\debug\net6.0\accesstodb.tests.dll" id="e75bb6e2-88d9-af2a-a444-c4a9d67f0f0e">
      <Execution id="f48e5f51-5e51-41a6-b989-4137970ba1f2" />
      <TestMethod codeBase="C:\Users\alena\Desktop\7_sem\testing_and_debugging\SkiResort\AccessToDB.Tests\bin\Debug\net6.0\AccessToDB.Tests.dll" adapterTypeName="executor://xunit/VsTestRunner2/netcoreapp" className="AccessToDB.Tests.UsersRepositoryTests" name="TestAddUserAutoIncrementAsyncOk" />
    </UnitTest>
    <UnitTest name="AccessToDB.Tests.UsersRepositoryTests.TestCheckUserIdExistsAsyncTrue(user: User { UserID = 9, CardID = 100, UserEmail = UserEmailc35c8a5e-39cb-419a-9690-bb201852ff39, Password = passwordefff2552-217f-4e9d-b7ef-cd402703a9b4, Permissions = UNAUTHORIZED })" storage="c:\users\alena\desktop\7_sem\testing_and_debugging\skiresort\accesstodb.tests\bin\debug\net6.0\accesstodb.tests.dll" id="fe714564-aa86-260e-a6db-fb7c04e4242a">
      <Execution id="d538686c-57ae-4ab6-81f7-af3345f29676" />
      <TestMethod codeBase="C:\Users\alena\Desktop\7_sem\testing_and_debugging\SkiResort\AccessToDB.Tests\bin\Debug\net6.0\AccessToDB.Tests.dll" adapterTypeName="executor://xunit/VsTestRunner2/netcoreapp" className="AccessToDB.Tests.UsersRepositoryTests" name="TestCheckUserIdExistsAsyncTrue" />
    </UnitTest>
    <UnitTest name="AccessToDB.Tests.LiftsSlopesRepositoryTests.TestGetSlopesByLiftIdAsyncFailsWhenSlopeNotExists(liftSlope: LiftSlope { RecordID = 133, LiftID = 14, SlopeID = 194 })" storage="c:\users\alena\desktop\7_sem\testing_and_debugging\skiresort\accesstodb.tests\bin\debug\net6.0\accesstodb.tests.dll" id="b85c69cc-724a-5fc2-9652-ce68b5a6d763">
      <Execution id="ab019304-88b0-4096-9fb2-0b2bb85162d9" />
      <TestMethod codeBase="C:\Users\alena\Desktop\7_sem\testing_and_debugging\SkiResort\AccessToDB.Tests\bin\Debug\net6.0\AccessToDB.Tests.dll" adapterTypeName="executor://xunit/VsTestRunner2/netcoreapp" className="AccessToDB.Tests.LiftsSlopesRepositoryTests" name="TestGetSlopesByLiftIdAsyncFailsWhenSlopeNotExists" />
    </UnitTest>
    <UnitTest name="AccessToDB.Tests.SlopesRepositoryTests.TestAddSlopeAutoIncrementAsyncOk" storage="c:\users\alena\desktop\7_sem\testing_and_debugging\skiresort\accesstodb.tests\bin\debug\net6.0\accesstodb.tests.dll" id="8f7ba917-f771-0dc5-f9b9-465c34344b12">
      <Execution id="c8602154-48fe-44df-a9da-0cdea82de545" />
      <TestMethod codeBase="C:\Users\alena\Desktop\7_sem\testing_and_debugging\SkiResort\AccessToDB.Tests\bin\Debug\net6.0\AccessToDB.Tests.dll" adapterTypeName="executor://xunit/VsTestRunner2/netcoreapp" className="AccessToDB.Tests.SlopesRepositoryTests" name="TestAddSlopeAutoIncrementAsyncOk" />
    </UnitTest>
    <UnitTest name="AccessToDB.Tests.SlopesRepositoryTests.TestAddSlopeAsyncFailsWhenSlopeIdRepeats(slope: Slope { SlopeID = 111, SlopeName = slopeName4b6ad2eb-4fc1-4f89-ac17-489bff058f80, IsOpen = True, DifficultyLevel = 216, ConnectedLifts =  })" storage="c:\users\alena\desktop\7_sem\testing_and_debugging\skiresort\accesstodb.tests\bin\debug\net6.0\accesstodb.tests.dll" id="2b263235-5871-d084-3dc9-da951ca5f73b">
      <Execution id="7605862c-4484-44a1-94a1-c6a9dc989cc8" />
      <TestMethod codeBase="C:\Users\alena\Desktop\7_sem\testing_and_debugging\SkiResort\AccessToDB.Tests\bin\Debug\net6.0\AccessToDB.Tests.dll" adapterTypeName="executor://xunit/VsTestRunner2/netcoreapp" className="AccessToDB.Tests.SlopesRepositoryTests" name="TestAddSlopeAsyncFailsWhenSlopeIdRepeats" />
    </UnitTest>
    <UnitTest name="AccessToDB.Tests.UsersRepositoryTests.TestGetUserByEmailAsyncFailsWhenEmailNotExists(email: &quot;emailad09c6cb-37a5-40d3-8b8d-918587f9aa9b&quot;)" storage="c:\users\alena\desktop\7_sem\testing_and_debugging\skiresort\accesstodb.tests\bin\debug\net6.0\accesstodb.tests.dll" id="09113f08-3876-ba88-85b7-a14affdc5176">
      <Execution id="d1c92614-0756-435d-bcc8-543651d2339d" />
      <TestMethod codeBase="C:\Users\alena\Desktop\7_sem\testing_and_debugging\SkiResort\AccessToDB.Tests\bin\Debug\net6.0\AccessToDB.Tests.dll" adapterTypeName="executor://xunit/VsTestRunner2/netcoreapp" className="AccessToDB.Tests.UsersRepositoryTests" name="TestGetUserByEmailAsyncFailsWhenEmailNotExists" />
    </UnitTest>
    <UnitTest name="AccessToDB.Tests.UsersRepositoryTests.TestAddUserAsyncFailsWhenUserIdRepeats(user: User { UserID = 99, CardID = 150, UserEmail = UserEmail8f1e3ec7-5880-4f2c-88a1-5b667d44dafa, Password = password4c092bbb-f178-4c2b-b110-15ba05d62004, Permissions = UNAUTHORIZED })" storage="c:\users\alena\desktop\7_sem\testing_and_debugging\skiresort\accesstodb.tests\bin\debug\net6.0\accesstodb.tests.dll" id="7cf380df-6c4e-1137-ef02-628aff2f1209">
      <Execution id="d9f0e6c7-9c31-4f69-ae09-f85281b55c8d" />
      <TestMethod codeBase="C:\Users\alena\Desktop\7_sem\testing_and_debugging\SkiResort\AccessToDB.Tests\bin\Debug\net6.0\AccessToDB.Tests.dll" adapterTypeName="executor://xunit/VsTestRunner2/netcoreapp" className="AccessToDB.Tests.UsersRepositoryTests" name="TestAddUserAsyncFailsWhenUserIdRepeats" />
    </UnitTest>
    <UnitTest name="AccessToDB.Tests.LiftsRepositoryTests.TestGetLiftsAsyncEmpty" storage="c:\users\alena\desktop\7_sem\testing_and_debugging\skiresort\accesstodb.tests\bin\debug\net6.0\accesstodb.tests.dll" id="607e8298-f113-be33-300e-15a343893443">
      <Execution id="036bccc5-c212-433e-8e86-47ba9ff3ec62" />
      <TestMethod codeBase="C:\Users\alena\Desktop\7_sem\testing_and_debugging\SkiResort\AccessToDB.Tests\bin\Debug\net6.0\AccessToDB.Tests.dll" adapterTypeName="executor://xunit/VsTestRunner2/netcoreapp" className="AccessToDB.Tests.LiftsRepositoryTests" name="TestGetLiftsAsyncEmpty" />
    </UnitTest>
    <UnitTest name="AccessToDB.Tests.LiftsRepositoryTests.TestDeleteLiftByIDAsyncFailsWhenIDNotExists(liftID: 165)" storage="c:\users\alena\desktop\7_sem\testing_and_debugging\skiresort\accesstodb.tests\bin\debug\net6.0\accesstodb.tests.dll" id="05033aa4-1be4-4a05-3ab1-414d354afe40">
      <Execution id="bae83864-c572-4e8b-8c79-ae64a4ccefce" />
      <TestMethod codeBase="C:\Users\alena\Desktop\7_sem\testing_and_debugging\SkiResort\AccessToDB.Tests\bin\Debug\net6.0\AccessToDB.Tests.dll" adapterTypeName="executor://xunit/VsTestRunner2/netcoreapp" className="AccessToDB.Tests.LiftsRepositoryTests" name="TestDeleteLiftByIDAsyncFailsWhenIDNotExists" />
    </UnitTest>
    <UnitTest name="AccessToDB.Tests.LiftsSlopesRepositoryTests.TestGetLiftSlopeByIdAsyncOk(liftSlope: LiftSlope { RecordID = 32, LiftID = 46, SlopeID = 104 })" storage="c:\users\alena\desktop\7_sem\testing_and_debugging\skiresort\accesstodb.tests\bin\debug\net6.0\accesstodb.tests.dll" id="673699c8-5f30-17dc-05df-07a6dd2e93c1">
      <Execution id="3d492712-1c38-498a-925a-9f2e1632a5c3" />
      <TestMethod codeBase="C:\Users\alena\Desktop\7_sem\testing_and_debugging\SkiResort\AccessToDB.Tests\bin\Debug\net6.0\AccessToDB.Tests.dll" adapterTypeName="executor://xunit/VsTestRunner2/netcoreapp" className="AccessToDB.Tests.LiftsSlopesRepositoryTests" name="TestGetLiftSlopeByIdAsyncOk" />
    </UnitTest>
    <UnitTest name="AccessToDB.Tests.LiftsSlopesRepositoryTests.TestAddLiftSlopeAsyncFailsWhenLiftSlopeIdRepeats(liftSlope: LiftSlope { RecordID = 194, LiftID = 237, SlopeID = 172 })" storage="c:\users\alena\desktop\7_sem\testing_and_debugging\skiresort\accesstodb.tests\bin\debug\net6.0\accesstodb.tests.dll" id="504d38ef-ff09-cdb5-80e9-e71cb540e6b2">
      <Execution id="de6d2609-22b2-4a12-84ac-1bfa042cccf0" />
      <TestMethod codeBase="C:\Users\alena\Desktop\7_sem\testing_and_debugging\SkiResort\AccessToDB.Tests\bin\Debug\net6.0\AccessToDB.Tests.dll" adapterTypeName="executor://xunit/VsTestRunner2/netcoreapp" className="AccessToDB.Tests.LiftsSlopesRepositoryTests" name="TestAddLiftSlopeAsyncFailsWhenLiftSlopeIdRepeats" />
    </UnitTest>
    <UnitTest name="AccessToDB.Tests.SlopesRepositoryTests.TestGetSlopeByIdAsyncOk(slope: Slope { SlopeID = 5, SlopeName = slopeNamef4127a9f-2c47-4b64-a460-fd74f97f7ced, IsOpen = True, DifficultyLevel = 227, ConnectedLifts =  })" storage="c:\users\alena\desktop\7_sem\testing_and_debugging\skiresort\accesstodb.tests\bin\debug\net6.0\accesstodb.tests.dll" id="bb8de669-46c7-7fbe-6a44-6ae96a969537">
      <Execution id="29884141-7ecc-4aff-9b84-d9fb0ca9b55a" />
      <TestMethod codeBase="C:\Users\alena\Desktop\7_sem\testing_and_debugging\SkiResort\AccessToDB.Tests\bin\Debug\net6.0\AccessToDB.Tests.dll" adapterTypeName="executor://xunit/VsTestRunner2/netcoreapp" className="AccessToDB.Tests.SlopesRepositoryTests" name="TestGetSlopeByIdAsyncOk" />
    </UnitTest>
  </TestDefinitions>
  <TestEntries>
    <TestEntry testId="2f86e62f-f37a-3a75-5665-ddaf886ba0d2" executionId="203890fa-42aa-4b5a-bb0c-a6fc6cca7183" testListId="8c84fa94-04c1-424b-9868-57a2d4851a1d" />
    <TestEntry testId="f9435956-2e34-e52b-c34e-dce53665cf8e" executionId="5f396431-23dd-4388-bbca-999a0d8a350b" testListId="8c84fa94-04c1-424b-9868-57a2d4851a1d" />
    <TestEntry testId="1f8616d1-3efe-9c85-bc07-05c7ca9ef1b1" executionId="a15a109f-9822-487f-b3f4-ea3ced9d99d3" testListId="8c84fa94-04c1-424b-9868-57a2d4851a1d" />
    <TestEntry testId="3aa2609b-afa0-dad1-afb3-a30ba73b6072" executionId="187fee1f-e261-4cf5-bcd0-197f573a6173" testListId="8c84fa94-04c1-424b-9868-57a2d4851a1d" />
    <TestEntry testId="d5c434b1-f62a-2501-5ac6-ad45ffc1c9f1" executionId="7b3b33a5-a6c2-47c0-9342-6ef3f9f490ae" testListId="8c84fa94-04c1-424b-9868-57a2d4851a1d" />
    <TestEntry testId="fe714564-aa86-260e-a6db-fb7c04e4242a" executionId="d538686c-57ae-4ab6-81f7-af3345f29676" testListId="8c84fa94-04c1-424b-9868-57a2d4851a1d" />
    <TestEntry testId="2b263235-5871-d084-3dc9-da951ca5f73b" executionId="7605862c-4484-44a1-94a1-c6a9dc989cc8" testListId="8c84fa94-04c1-424b-9868-57a2d4851a1d" />
    <TestEntry testId="673699c8-5f30-17dc-05df-07a6dd2e93c1" executionId="3d492712-1c38-498a-925a-9f2e1632a5c3" testListId="8c84fa94-04c1-424b-9868-57a2d4851a1d" />
    <TestEntry testId="689f8765-5cd5-7d85-dac4-73080fc6fd50" executionId="381fc5fb-4509-47cf-8cc0-64847ee13099" testListId="8c84fa94-04c1-424b-9868-57a2d4851a1d" />
    <TestEntry testId="bb8de669-46c7-7fbe-6a44-6ae96a969537" executionId="29884141-7ecc-4aff-9b84-d9fb0ca9b55a" testListId="8c84fa94-04c1-424b-9868-57a2d4851a1d" />
    <TestEntry testId="7cf380df-6c4e-1137-ef02-628aff2f1209" executionId="d9f0e6c7-9c31-4f69-ae09-f85281b55c8d" testListId="8c84fa94-04c1-424b-9868-57a2d4851a1d" />
    <TestEntry testId="4c32fbe7-a8be-6d2f-995d-73798fffffe9" executionId="0e4246af-706f-4f67-a373-ab0ba8959e9e" testListId="8c84fa94-04c1-424b-9868-57a2d4851a1d" />
    <TestEntry testId="047eefab-3890-7023-a7bc-785580654ec0" executionId="5d201355-edd0-44fd-a94c-3f8d1fdc85b3" testListId="8c84fa94-04c1-424b-9868-57a2d4851a1d" />
    <TestEntry testId="e75bb6e2-88d9-af2a-a444-c4a9d67f0f0e" executionId="f48e5f51-5e51-41a6-b989-4137970ba1f2" testListId="8c84fa94-04c1-424b-9868-57a2d4851a1d" />
    <TestEntry testId="1eac4fed-d636-29c0-6dfb-14d0bebc2e4f" executionId="7b30d32f-52b3-46e5-8306-780a7d81b7be" testListId="8c84fa94-04c1-424b-9868-57a2d4851a1d" />
    <TestEntry testId="607e8298-f113-be33-300e-15a343893443" executionId="036bccc5-c212-433e-8e86-47ba9ff3ec62" testListId="8c84fa94-04c1-424b-9868-57a2d4851a1d" />
    <TestEntry testId="504d38ef-ff09-cdb5-80e9-e71cb540e6b2" executionId="de6d2609-22b2-4a12-84ac-1bfa042cccf0" testListId="8c84fa94-04c1-424b-9868-57a2d4851a1d" />
    <TestEntry testId="180b757a-04ea-95d9-1d34-f0d6e65eb92b" executionId="749b1e6c-6e62-4e29-8627-b0b8e0647ade" testListId="8c84fa94-04c1-424b-9868-57a2d4851a1d" />
    <TestEntry testId="ec229f70-485a-f91b-53ed-bce655f6cd58" executionId="08bb896c-26e2-4b53-a220-18148c2fa3c9" testListId="8c84fa94-04c1-424b-9868-57a2d4851a1d" />
    <TestEntry testId="3c521313-4ed6-6bce-b4f9-c359411028e7" executionId="d915e843-a096-40c2-8fb2-573ad09753cc" testListId="8c84fa94-04c1-424b-9868-57a2d4851a1d" />
    <TestEntry testId="3741b26d-6ee0-6246-29e4-92009bff37b0" executionId="4fc2fe96-4379-4ce4-8f49-f406bba781b1" testListId="8c84fa94-04c1-424b-9868-57a2d4851a1d" />
    <TestEntry testId="57f5145d-3f81-60c1-7fdd-051b01e89a2a" executionId="254f203c-0d32-452b-a286-70494fa07bd6" testListId="8c84fa94-04c1-424b-9868-57a2d4851a1d" />
    <TestEntry testId="4fcdb5ef-e2e2-6f61-d5e4-a4a5dae3bd0c" executionId="d5baeac5-ceff-49dd-97c9-163141ca562b" testListId="8c84fa94-04c1-424b-9868-57a2d4851a1d" />
    <TestEntry testId="31342344-77e3-a4c2-5aae-c29e88270652" executionId="bdf6f1ae-f1cc-430a-82b5-a121bdd28475" testListId="8c84fa94-04c1-424b-9868-57a2d4851a1d" />
    <TestEntry testId="5484ab0f-c9e6-998e-9b52-1fd6a96613c1" executionId="ce94b752-12a7-4b44-b18a-fccb2b266c09" testListId="8c84fa94-04c1-424b-9868-57a2d4851a1d" />
    <TestEntry testId="5b32179c-26a5-5145-e428-01434382810f" executionId="2ed88aa6-ede7-4fcc-bb09-95404721b341" testListId="8c84fa94-04c1-424b-9868-57a2d4851a1d" />
    <TestEntry testId="3ed5d48e-6a1f-f8cd-3861-ca0e55413c00" executionId="3aace97a-e81b-4191-9c39-e399227bf122" testListId="8c84fa94-04c1-424b-9868-57a2d4851a1d" />
    <TestEntry testId="e0cb0078-cacf-1f65-bba2-086f4061d16f" executionId="1ff88478-1e0a-4243-ba61-c35c72289cbf" testListId="8c84fa94-04c1-424b-9868-57a2d4851a1d" />
    <TestEntry testId="d6acf2b8-1a85-add5-4ee0-f2667a97810b" executionId="50abdae3-361b-4def-a4e0-1489e2df6d48" testListId="8c84fa94-04c1-424b-9868-57a2d4851a1d" />
    <TestEntry testId="30f8e924-9784-0a43-e807-094f70e06567" executionId="7f5d5b3d-8493-4cd9-8a41-05129fd1a69a" testListId="8c84fa94-04c1-424b-9868-57a2d4851a1d" />
    <TestEntry testId="09113f08-3876-ba88-85b7-a14affdc5176" executionId="d1c92614-0756-435d-bcc8-543651d2339d" testListId="8c84fa94-04c1-424b-9868-57a2d4851a1d" />
    <TestEntry testId="8f7ba917-f771-0dc5-f9b9-465c34344b12" executionId="c8602154-48fe-44df-a9da-0cdea82de545" testListId="8c84fa94-04c1-424b-9868-57a2d4851a1d" />
    <TestEntry testId="6bd9d8a8-fdc5-1585-d3ab-2cf005b66468" executionId="e2f10b82-7c9a-4c36-bdce-2ea2d7230960" testListId="8c84fa94-04c1-424b-9868-57a2d4851a1d" />
    <TestEntry testId="05033aa4-1be4-4a05-3ab1-414d354afe40" executionId="bae83864-c572-4e8b-8c79-ae64a4ccefce" testListId="8c84fa94-04c1-424b-9868-57a2d4851a1d" />
    <TestEntry testId="4145f44e-b4b1-a618-09e8-c631496e6f1a" executionId="5d566547-e6df-4396-b2d5-fa23b60039c0" testListId="8c84fa94-04c1-424b-9868-57a2d4851a1d" />
    <TestEntry testId="6aa92489-c7b8-382e-bd08-411aebaa7a1a" executionId="b46b2c31-6944-4b22-a9d9-d7567e3f64f6" testListId="8c84fa94-04c1-424b-9868-57a2d4851a1d" />
    <TestEntry testId="b85c69cc-724a-5fc2-9652-ce68b5a6d763" executionId="ab019304-88b0-4096-9fb2-0b2bb85162d9" testListId="8c84fa94-04c1-424b-9868-57a2d4851a1d" />
    <TestEntry testId="9bbefb83-8311-6e03-307f-415e3495e223" executionId="0935fcbf-46ff-4fa1-a305-14f9190ae961" testListId="8c84fa94-04c1-424b-9868-57a2d4851a1d" />
    <TestEntry testId="d1d5517b-f971-3cf1-52ad-1c3b36f5b1ca" executionId="8b1c6428-3a96-49f0-b3e5-bc9ccfa554b8" testListId="8c84fa94-04c1-424b-9868-57a2d4851a1d" />
  </TestEntries>
  <TestLists>
    <TestList name="Список результатов" id="8c84fa94-04c1-424b-9868-57a2d4851a1d" />
    <TestList name="Все загруженные результаты" id="19431567-8539-422a-85d7-44ee4e166bda" />
  </TestLists>
  <ResultSummary outcome="Failed">
    <Counters total="39" executed="39" passed="37" failed="2" error="0" timeout="0" aborted="0" inconclusive="0" passedButRunAborted="0" notRunnable="0" notExecuted="0" disconnected="0" warning="0" completed="0" inProgress="0" pending="0" />
    <Output>
      <StdOut>[xUnit.net 00:00:00.00] xUnit.net VSTest Adapter v2.4.5+1caef2f33e (64-bit .NET 6.0.3)&#xD;
[xUnit.net 00:00:00.47]   Discovering: AccessToDB.Tests&#xD;
[xUnit.net 00:00:00.58]   Discovered:  AccessToDB.Tests&#xD;
[xUnit.net 00:00:00.58]   Starting:    AccessToDB.Tests&#xD;
[xUnit.net 00:00:16.34]       System.InvalidOperationException : Operations that change non-concurrent collections must have exclusive access. A concurrent update was performed on this collection and corrupted its state. The collection's state is no longer correct.&#xD;
[xUnit.net 00:00:16.34]       Stack Trace:&#xD;
[xUnit.net 00:00:16.34]            at System.Collections.Generic.Dictionary`2.FindValue(TKey key)&#xD;
[xUnit.net 00:00:16.34]            at System.Collections.Generic.Dictionary`2.TryGetValue(TKey key, TValue&amp; value)&#xD;
[xUnit.net 00:00:16.34]            at ProGaudi.MsgPack.Light.MsgPackContext.GetObjectActivator(Type type)&#xD;
[xUnit.net 00:00:16.34]            at ProGaudi.MsgPack.Light.MsgPackContext.&lt;&gt;c__DisplayClass24_0.&lt;TryGenerateConverterFromGenericConverter&gt;b__0(Type x)&#xD;
[xUnit.net 00:00:16.34]            at ProGaudi.MsgPack.Light.MsgPackContext.TryGenerateConverterFromGenericConverter(Type type)&#xD;
[xUnit.net 00:00:16.34]            at ProGaudi.MsgPack.Light.MsgPackContext.GetConverter[T]()&#xD;
[xUnit.net 00:00:16.34]            at ProGaudi.Tarantool.Client.Model.UpdateOperations.UpdateOperation`1.GetConverter(MsgPackContext context)&#xD;
[xUnit.net 00:00:16.34]            at ProGaudi.Tarantool.Client.Converters.UpdatePacketConverter`1.Write(UpdateRequest`1 value, IMsgPackWriter writer)&#xD;
[xUnit.net 00:00:16.34]            at ProGaudi.MsgPack.Light.MsgPackSerializer.Serialize[T](T data, MemoryStream stream, MsgPackContext context)&#xD;
[xUnit.net 00:00:16.34]            at ProGaudi.Tarantool.Client.LogicalConnection.SendRequestImpl[TRequest](TRequest request, Nullable`1 timeout)&#xD;
[xUnit.net 00:00:16.34]            at ProGaudi.Tarantool.Client.LogicalConnection.SendRequest[TRequest,TResponse](TRequest request, Nullable`1 timeout)&#xD;
[xUnit.net 00:00:16.34]            at ProGaudi.Tarantool.Client.LogicalConnectionManager.SendRequest[TRequest,TResponse](TRequest request, Nullable`1 timeout)&#xD;
[xUnit.net 00:00:16.34]            at ProGaudi.Tarantool.Client.Space.Update[TKey,TTuple](TKey key, UpdateOperation[] updateOperations)&#xD;
[xUnit.net 00:00:16.34]         C:\Users\alena\Desktop\7_sem\testing_and_debugging\SkiResort\AccessToDB\TarantoolRepositories\TarantoolUsersRepository.cs(94,0): at AccessToDB.RepositoriesTarantool.TarantoolUsersRepository.UpdateUserByIDAsync(UInt32 userID, UInt32 newCardID, String newUserEmail, String newPassword, PermissionsEnum newPermissions)&#xD;
[xUnit.net 00:00:16.34]         C:\Users\alena\Desktop\7_sem\testing_and_debugging\SkiResort\AccessToDB.Tests\UsersRepositoryTests.cs(112,0): at AccessToDB.Tests.UsersRepositoryTests.TestUpdateUserByIDAsyncOk(User user)&#xD;
[xUnit.net 00:00:16.34]            at System.Threading.Tasks.Task.&lt;&gt;c.&lt;ThrowAsync&gt;b__128_0(Object state)&#xD;
[xUnit.net 00:00:48.19]       System.InvalidOperationException : Operations that change non-concurrent collections must have exclusive access. A concurrent update was performed on this collection and corrupted its state. The collection's state is no longer correct.&#xD;
[xUnit.net 00:00:48.19]       Stack Trace:&#xD;
[xUnit.net 00:00:48.19]            at System.Collections.Generic.Dictionary`2.FindValue(TKey key)&#xD;
[xUnit.net 00:00:48.19]            at System.Collections.Generic.Dictionary`2.TryGetValue(TKey key, TValue&amp; value)&#xD;
[xUnit.net 00:00:48.19]            at ProGaudi.MsgPack.Light.MsgPackContext.GetObjectActivator(Type type)&#xD;
[xUnit.net 00:00:48.19]            at ProGaudi.MsgPack.Light.MsgPackContext.&lt;&gt;c__DisplayClass24_0.&lt;TryGenerateConverterFromGenericConverter&gt;b__0(Type x)&#xD;
[xUnit.net 00:00:48.19]            at ProGaudi.MsgPack.Light.MsgPackContext.TryGenerateConverterFromGenericConverter(Type type)&#xD;
[xUnit.net 00:00:48.19]            at ProGaudi.MsgPack.Light.MsgPackContext.GetConverter[T]()&#xD;
[xUnit.net 00:00:48.19]            at ProGaudi.MsgPack.Light.MsgPackSerializer.GetConverter[T](MsgPackContext context)&#xD;
[xUnit.net 00:00:48.19]            at ProGaudi.MsgPack.Light.MsgPackSerializer.Deserialize[T](MemoryStream stream, MsgPackContext context)&#xD;
[xUnit.net 00:00:48.19]            at ProGaudi.Tarantool.Client.LogicalConnection.SendRequest[TRequest,TResponse](TRequest request, Nullable`1 timeout)&#xD;
[xUnit.net 00:00:48.19]            at ProGaudi.Tarantool.Client.LogicalConnectionManager.SendRequest[TRequest,TResponse](TRequest request, Nullable`1 timeout)&#xD;
[xUnit.net 00:00:48.19]            at ProGaudi.Tarantool.Client.Index.Select[TKey,TTuple](TKey key, SelectOptions options)&#xD;
[xUnit.net 00:00:48.19]         C:\Users\alena\Desktop\7_sem\testing_and_debugging\SkiResort\AccessToDB\TarantoolRepositories\TarantoolSlopesRepository.cs(36,0): at AccessToDB.RepositoriesTarantool.TarantoolSlopesRepository.GetSlopesAsync(UInt32 offset, UInt32 limit)&#xD;
[xUnit.net 00:00:48.19]         C:\Users\alena\Desktop\7_sem\testing_and_debugging\SkiResort\AccessToDB.Tests\SlopesRepositoryTests.cs(40,0): at AccessToDB.Tests.SlopesRepositoryTests.CleanSlopesTable()&#xD;
[xUnit.net 00:00:48.19]         C:\Users\alena\Desktop\7_sem\testing_and_debugging\SkiResort\AccessToDB.Tests\SlopesRepositoryTests.cs(30,0): at AccessToDB.Tests.SlopesRepositoryTests..ctor()&#xD;
[xUnit.net 00:00:48.19]            at System.RuntimeType.CreateInstanceDefaultCtor(Boolean publicOnly, Boolean wrapExceptions)&#xD;
[xUnit.net 00:01:40.41]   Finished:    AccessToDB.Tests&#xD;
</StdOut>
    </Output>
    <RunInfos>
      <RunInfo computerName="DESKTOP-TJ9D65N" outcome="Error" timestamp="2022-10-15T21:27:44.6792177+03:00">
        <Text>[xUnit.net 00:00:16.33]     AccessToDB.Tests.UsersRepositoryTests.TestUpdateUserByIDAsyncOk(user: User { UserID = 204, CardID = 227, UserEmail = UserEmailf8759151-c242-4b4b-93bb-21a8a57a7b1b, Password = passwordf6f5e049-4119-4c94-a1ab-9d4bbace7957, Permissions = UNAUTHORIZED }) [FAIL]</Text>
      </RunInfo>
      <RunInfo computerName="DESKTOP-TJ9D65N" outcome="Error" timestamp="2022-10-15T21:28:16.5298297+03:00">
        <Text>[xUnit.net 00:00:48.18]     AccessToDB.Tests.SlopesRepositoryTests.TestGetSlopeByNameAsyncFailsWhenNameNotExists(slopeName: "slopeName2328a2b7-136e-46ea-8497-a3e84b0c1722") [FAIL]</Text>
      </RunInfo>
    </RunInfos>
  </ResultSummary>
</TestRun>