<?xml version="1.0" encoding="utf-8"?>
<TestRun id="17a2a4b8-fb1d-4a68-83f5-21d8469b838b" name="alena@DESKTOP-TJ9D65N 2022-10-15 20:06:27" runUser="DESKTOP-TJ9D65N\alena" xmlns="http://microsoft.com/schemas/VisualStudio/TeamTest/2010">
  <Times creation="2022-10-15T20:06:27.0632847+03:00" queuing="2022-10-15T20:06:27.0632850+03:00" start="2022-10-15T20:06:24.9178835+03:00" finish="2022-10-15T20:06:49.9011356+03:00" />
  <TestSettings name="default" id="a3672885-4357-4a5a-95fa-d7bc7ea63a0d">
    <Deployment runDeploymentRoot="alena_DESKTOP-TJ9D65N_2022-10-15_20_06_27" />
  </TestSettings>
  <Results>
    <UnitTestResult executionId="12f3f502-9b30-42dd-baae-8427b23608fc" testId="8dc007a3-f730-a900-8f4d-fd2f70e0a7c2" testName="AccessToDB.Tests.UsersRepositoryTests.TestGetUserByIdAsyncOk(user: User { UserID = 203, CardID = 87, UserEmail = UserEmail7ae4b933-58e3-4604-88f3-3c096c4dc65e, Password = password16e8dd57-2dd8-4d0d-b6d6-5c3a48fdb202, Permissions = UNAUTHORIZED })" computerName="DESKTOP-TJ9D65N" duration="00:00:00.5959681" startTime="2022-10-15T20:06:33.6139420+03:00" endTime="2022-10-15T20:06:33.6139422+03:00" testType="13cdc9d9-ddb5-4fa4-a97d-d965ccfc6d4b" outcome="Passed" testListId="8c84fa94-04c1-424b-9868-57a2d4851a1d" relativeResultsDirectory="12f3f502-9b30-42dd-baae-8427b23608fc" />
    <UnitTestResult executionId="b4491e7a-ce23-4189-954a-8fc5d246c3f7" testId="324546b6-98b8-15ee-b714-891f0919a6c3" testName="AccessToDB.Tests.LiftsRepositoryTests.TestAddLiftAsyncFailsWhenLiftIdRepeats(lift: Lift { LiftID = 64, LiftName = liftNameeefe917f-5505-4c7c-8a9b-09ada44b2be6, IsOpen = True, SeatsAmount = 163, LiftingTime = 226, QueueTime = 157, ConnectedSlopes =  })" computerName="DESKTOP-TJ9D65N" duration="00:00:00.6130595" startTime="2022-10-15T20:06:46.9720767+03:00" endTime="2022-10-15T20:06:46.9720768+03:00" testType="13cdc9d9-ddb5-4fa4-a97d-d965ccfc6d4b" outcome="Passed" testListId="8c84fa94-04c1-424b-9868-57a2d4851a1d" relativeResultsDirectory="b4491e7a-ce23-4189-954a-8fc5d246c3f7" />
    <UnitTestResult executionId="865977dc-c9ca-4594-9db3-db0c1ad21daf" testId="4aec079f-bb51-a510-e912-f3c35360d2dd" testName="AccessToDB.Tests.SlopesRepositoryTests.TestGetSlopeByIdAsyncOk(slope: Slope { SlopeID = 230, SlopeName = slopeName9683c99a-d7d9-4b31-973d-3e9f272103f5, IsOpen = True, DifficultyLevel = 189, ConnectedLifts =  })" computerName="DESKTOP-TJ9D65N" duration="00:00:00.5966067" startTime="2022-10-15T20:06:39.0607483+03:00" endTime="2022-10-15T20:06:39.0607486+03:00" testType="13cdc9d9-ddb5-4fa4-a97d-d965ccfc6d4b" outcome="Passed" testListId="8c84fa94-04c1-424b-9868-57a2d4851a1d" relativeResultsDirectory="865977dc-c9ca-4594-9db3-db0c1ad21daf" />
    <UnitTestResult executionId="c3011ccc-5cfd-43bb-af2b-d06592a5daaf" testId="8a894f4a-665d-a4e6-5c33-627f466f3310" testName="AccessToDB.Tests.SlopesRepositoryTests.TestGetSlopeByNameAsyncFailsWhenNameNotExists(slopeName: &quot;slopeName630928a8-5617-48cc-88b8-59543a151ac9&quot;)" computerName="DESKTOP-TJ9D65N" duration="00:00:00.5670965" startTime="2022-10-15T20:06:40.2497920+03:00" endTime="2022-10-15T20:06:40.2497923+03:00" testType="13cdc9d9-ddb5-4fa4-a97d-d965ccfc6d4b" outcome="Passed" testListId="8c84fa94-04c1-424b-9868-57a2d4851a1d" relativeResultsDirectory="c3011ccc-5cfd-43bb-af2b-d06592a5daaf" />
    <UnitTestResult executionId="9a476c03-b4ad-425b-8113-bb8aa7564638" testId="ec229f70-485a-f91b-53ed-bce655f6cd58" testName="AccessToDB.Tests.LiftsRepositoryTests.TestAddLiftAutoIncrementAsyncOk" computerName="DESKTOP-TJ9D65N" duration="00:00:00.6169418" startTime="2022-10-15T20:06:46.3556207+03:00" endTime="2022-10-15T20:06:46.3556208+03:00" testType="13cdc9d9-ddb5-4fa4-a97d-d965ccfc6d4b" outcome="Passed" testListId="8c84fa94-04c1-424b-9868-57a2d4851a1d" relativeResultsDirectory="9a476c03-b4ad-425b-8113-bb8aa7564638" />
    <UnitTestResult executionId="950f5c02-8701-4528-a1a3-85d953ba6a1e" testId="ef425512-c64e-f0a8-1695-20f94138658a" testName="AccessToDB.Tests.UsersRepositoryTests.TestCheckUserIdExistsAsyncTrue(user: User { UserID = 87, CardID = 252, UserEmail = UserEmaila5c09dd5-3134-4232-99c2-80af12d944b0, Password = password4720b7b4-b8d9-4f63-9a75-f5fe0a599169, Permissions = UNAUTHORIZED })" computerName="DESKTOP-TJ9D65N" duration="00:00:00.5997055" startTime="2022-10-15T20:06:34.7918827+03:00" endTime="2022-10-15T20:06:34.7918829+03:00" testType="13cdc9d9-ddb5-4fa4-a97d-d965ccfc6d4b" outcome="Passed" testListId="8c84fa94-04c1-424b-9868-57a2d4851a1d" relativeResultsDirectory="950f5c02-8701-4528-a1a3-85d953ba6a1e" />
    <UnitTestResult executionId="f276e85c-dfec-4855-b753-8e4e966a54d7" testId="8f7ba917-f771-0dc5-f9b9-465c34344b12" testName="AccessToDB.Tests.SlopesRepositoryTests.TestAddSlopeAutoIncrementAsyncOk" computerName="DESKTOP-TJ9D65N" duration="00:00:00.6133201" startTime="2022-10-15T20:06:37.2874937+03:00" endTime="2022-10-15T20:06:37.2874939+03:00" testType="13cdc9d9-ddb5-4fa4-a97d-d965ccfc6d4b" outcome="Passed" testListId="8c84fa94-04c1-424b-9868-57a2d4851a1d" relativeResultsDirectory="f276e85c-dfec-4855-b753-8e4e966a54d7" />
    <UnitTestResult executionId="3de3861f-15ce-4a43-8873-fb870e37afbc" testId="9bbefb83-8311-6e03-307f-415e3495e223" testName="AccessToDB.Tests.SlopesRepositoryTests.TestGetSlopesAsyncEmpty" computerName="DESKTOP-TJ9D65N" duration="00:00:00.5680651" startTime="2022-10-15T20:06:38.4607194+03:00" endTime="2022-10-15T20:06:38.4607196+03:00" testType="13cdc9d9-ddb5-4fa4-a97d-d965ccfc6d4b" outcome="Passed" testListId="8c84fa94-04c1-424b-9868-57a2d4851a1d" relativeResultsDirectory="3de3861f-15ce-4a43-8873-fb870e37afbc" />
    <UnitTestResult executionId="3b1ef72e-2303-4e13-86c8-81e17c4cbff8" testId="e75bb6e2-88d9-af2a-a444-c4a9d67f0f0e" testName="AccessToDB.Tests.UsersRepositoryTests.TestAddUserAutoIncrementAsyncOk" computerName="DESKTOP-TJ9D65N" duration="00:00:00.6342325" startTime="2022-10-15T20:06:36.0509620+03:00" endTime="2022-10-15T20:06:36.0509622+03:00" testType="13cdc9d9-ddb5-4fa4-a97d-d965ccfc6d4b" outcome="Passed" testListId="8c84fa94-04c1-424b-9868-57a2d4851a1d" relativeResultsDirectory="3b1ef72e-2303-4e13-86c8-81e17c4cbff8" />
    <UnitTestResult executionId="21614909-e057-41a4-9bb2-b754bc8e726b" testId="30f8e924-9784-0a43-e807-094f70e06567" testName="AccessToDB.Tests.LiftsSlopesRepositoryTests.TestAddLiftSlopeAutoIncrementAsyncOk" computerName="DESKTOP-TJ9D65N" duration="00:00:00.6156088" startTime="2022-10-15T20:06:43.9915641+03:00" endTime="2022-10-15T20:06:43.9915644+03:00" testType="13cdc9d9-ddb5-4fa4-a97d-d965ccfc6d4b" outcome="Passed" testListId="8c84fa94-04c1-424b-9868-57a2d4851a1d" relativeResultsDirectory="21614909-e057-41a4-9bb2-b754bc8e726b" />
    <UnitTestResult executionId="e12587c4-b305-4eac-b539-18bc81608d9c" testId="4145f44e-b4b1-a618-09e8-c631496e6f1a" testName="AccessToDB.Tests.LiftsSlopesRepositoryTests.TestGetLiftSlopesAsyncEmpty" computerName="DESKTOP-TJ9D65N" duration="00:00:00.5664812" startTime="2022-10-15T20:06:44.5616474+03:00" endTime="2022-10-15T20:06:44.5616476+03:00" testType="13cdc9d9-ddb5-4fa4-a97d-d965ccfc6d4b" outcome="Passed" testListId="8c84fa94-04c1-424b-9868-57a2d4851a1d" relativeResultsDirectory="e12587c4-b305-4eac-b539-18bc81608d9c" />
    <UnitTestResult executionId="321f3f2c-9d1c-4309-ab8c-95089bf55d1d" testId="9e52bbec-2c9a-5155-4e22-f1db4cd25e66" testName="AccessToDB.Tests.UsersRepositoryTests.TestGetUserByEmailAsyncFailsWhenEmailNotExists(email: &quot;email8ae4ba4a-cdc5-4544-85a0-246ae7ea137f&quot;)" computerName="DESKTOP-TJ9D65N" duration="00:00:00.5706932" startTime="2022-10-15T20:06:32.4424355+03:00" endTime="2022-10-15T20:06:32.4424356+03:00" testType="13cdc9d9-ddb5-4fa4-a97d-d965ccfc6d4b" outcome="Passed" testListId="8c84fa94-04c1-424b-9868-57a2d4851a1d" relativeResultsDirectory="321f3f2c-9d1c-4309-ab8c-95089bf55d1d" />
    <UnitTestResult executionId="ec7a81fe-66d1-48bd-8338-d9355fda1121" testId="885cdb30-552d-1013-7df7-dd2c843e034c" testName="AccessToDB.Tests.TurnstilesRepositoryTests.TestGetTurnstilesByLiftIdAsyncOk(liftID: 128)" computerName="DESKTOP-TJ9D65N" duration="00:00:00.7352727" startTime="2022-10-15T20:06:27.7014993+03:00" endTime="2022-10-15T20:06:27.7014994+03:00" testType="13cdc9d9-ddb5-4fa4-a97d-d965ccfc6d4b" outcome="Passed" testListId="8c84fa94-04c1-424b-9868-57a2d4851a1d" relativeResultsDirectory="ec7a81fe-66d1-48bd-8338-d9355fda1121" />
    <UnitTestResult executionId="8d843408-69fc-4366-960c-6f4991e39648" testId="cc360405-b17a-0851-71ec-a5100d419dd7" testName="AccessToDB.Tests.LiftsSlopesRepositoryTests.TestUpdateLiftSlopeByIDAsyncOk(liftSlope: LiftSlope { RecordID = 50, LiftID = 129, SlopeID = 141 })" computerName="DESKTOP-TJ9D65N" duration="00:00:00.6152577" startTime="2022-10-15T20:06:41.5336851+03:00" endTime="2022-10-15T20:06:41.5336852+03:00" testType="13cdc9d9-ddb5-4fa4-a97d-d965ccfc6d4b" outcome="Passed" testListId="8c84fa94-04c1-424b-9868-57a2d4851a1d" relativeResultsDirectory="8d843408-69fc-4366-960c-6f4991e39648" />
    <UnitTestResult executionId="66009a72-cda8-4465-ba3f-ec22bb8de4ba" testId="fd6b4dd1-66c1-dd16-a568-5db6da7b860a" testName="AccessToDB.Tests.LiftsRepositoryTests.TestGetLiftByNameAsyncFailsWhenNameNotExists(liftName: &quot;liftName4770d28d-0dc3-4d5c-8f28-0084b4903206&quot;)" computerName="DESKTOP-TJ9D65N" duration="00:00:00.5654983" startTime="2022-10-15T20:06:47.5410426+03:00" endTime="2022-10-15T20:06:47.5410427+03:00" testType="13cdc9d9-ddb5-4fa4-a97d-d965ccfc6d4b" outcome="Passed" testListId="8c84fa94-04c1-424b-9868-57a2d4851a1d" relativeResultsDirectory="66009a72-cda8-4465-ba3f-ec22bb8de4ba" />
    <UnitTestResult executionId="ce931eaf-1017-4eb9-97f3-f7aa2b90234e" testId="39c07c83-0075-42f4-955a-4411a710239e" testName="AccessToDB.Tests.LiftsSlopesRepositoryTests.TestDeleteLiftSlopeByIDAsyncFailsWhenIDNotExists(liftSlopeID: 149)" computerName="DESKTOP-TJ9D65N" duration="00:00:00.5671909" startTime="2022-10-15T20:06:45.1329481+03:00" endTime="2022-10-15T20:06:45.1329495+03:00" testType="13cdc9d9-ddb5-4fa4-a97d-d965ccfc6d4b" outcome="Passed" testListId="8c84fa94-04c1-424b-9868-57a2d4851a1d" relativeResultsDirectory="ce931eaf-1017-4eb9-97f3-f7aa2b90234e" />
    <UnitTestResult executionId="f62c2755-074a-46a9-94ad-f13811657eda" testId="8e9899a5-53c9-9998-89b3-dbab2d05dfc4" testName="AccessToDB.Tests.LiftsRepositoryTests.TestUpdateLiftByIDAsyncOk(lift: Lift { LiftID = 169, LiftName = liftName20bddd1a-2e0f-43df-bb99-e5274a816e90, IsOpen = True, SeatsAmount = 202, LiftingTime = 126, QueueTime = 145, ConnectedSlopes =  })" computerName="DESKTOP-TJ9D65N" duration="00:00:00.6149647" startTime="2022-10-15T20:06:49.3067925+03:00" endTime="2022-10-15T20:06:49.3067926+03:00" testType="13cdc9d9-ddb5-4fa4-a97d-d965ccfc6d4b" outcome="Passed" testListId="8c84fa94-04c1-424b-9868-57a2d4851a1d" relativeResultsDirectory="f62c2755-074a-46a9-94ad-f13811657eda" />
    <UnitTestResult executionId="4fdba2a3-dbac-4134-be3d-93898d6e3354" testId="8238b82a-32cf-9be6-95a5-4840c29fdd4c" testName="AccessToDB.Tests.UsersRepositoryTests.TestUpdateUserByIDAsyncOk(user: User { UserID = 227, CardID = 229, UserEmail = UserEmaila0309aad-9606-48dd-aeb0-577237c0617c, Password = password290ef3f4-6bb9-4e56-8f0e-4775005fad02, Permissions = UNAUTHORIZED })" computerName="DESKTOP-TJ9D65N" duration="00:00:00.6171375" startTime="2022-10-15T20:06:35.4129096+03:00" endTime="2022-10-15T20:06:35.4129098+03:00" testType="13cdc9d9-ddb5-4fa4-a97d-d965ccfc6d4b" outcome="Passed" testListId="8c84fa94-04c1-424b-9868-57a2d4851a1d" relativeResultsDirectory="4fdba2a3-dbac-4134-be3d-93898d6e3354" />
    <UnitTestResult executionId="c478f4a1-5bc3-4700-ab6f-17f915781fe0" testId="54641506-fc05-ac33-ba21-a6f609a2c7a0" testName="AccessToDB.Tests.LiftsSlopesRepositoryTests.TestGetSlopesByLiftIdAsyncFailsWhenSlopeNotExists(liftSlope: LiftSlope { RecordID = 90, LiftID = 151, SlopeID = 21 })" computerName="DESKTOP-TJ9D65N" duration="00:00:00.5977896" startTime="2022-10-15T20:06:42.1355017+03:00" endTime="2022-10-15T20:06:42.1355019+03:00" testType="13cdc9d9-ddb5-4fa4-a97d-d965ccfc6d4b" outcome="Passed" testListId="8c84fa94-04c1-424b-9868-57a2d4851a1d" relativeResultsDirectory="c478f4a1-5bc3-4700-ab6f-17f915781fe0" />
    <UnitTestResult executionId="beb3c441-6739-43b2-ad07-07e9755afc19" testId="9206c073-a0c0-b6b0-cf65-9ad54d3b7fca" testName="AccessToDB.Tests.LiftsSlopesRepositoryTests.TestAddLiftSlopeAsyncFailsWhenLiftSlopeIdRepeats(liftSlope: LiftSlope { RecordID = 11, LiftID = 131, SlopeID = 46 })" computerName="DESKTOP-TJ9D65N" duration="00:00:00.6082702" startTime="2022-10-15T20:06:43.3726723+03:00" endTime="2022-10-15T20:06:43.3726725+03:00" testType="13cdc9d9-ddb5-4fa4-a97d-d965ccfc6d4b" outcome="Passed" testListId="8c84fa94-04c1-424b-9868-57a2d4851a1d" relativeResultsDirectory="beb3c441-6739-43b2-ad07-07e9755afc19" />
    <UnitTestResult executionId="b3d2bdd4-8ad9-4c36-aee5-95505983ec79" testId="c31bf720-53fe-a10a-0d03-227e3cac67bf" testName="AccessToDB.Tests.UsersRepositoryTests.TestCheckUserEmailExistsAsyncFalse(userEmail: &quot;userEmail2f73207b-3974-47a5-9eb5-9278ca1c17df&quot;)" computerName="DESKTOP-TJ9D65N" duration="00:00:00.5703378" startTime="2022-10-15T20:06:34.1887295+03:00" endTime="2022-10-15T20:06:34.1887297+03:00" testType="13cdc9d9-ddb5-4fa4-a97d-d965ccfc6d4b" outcome="Passed" testListId="8c84fa94-04c1-424b-9868-57a2d4851a1d" relativeResultsDirectory="b3d2bdd4-8ad9-4c36-aee5-95505983ec79" />
    <UnitTestResult executionId="8ab29ffd-194a-42c5-9337-c8b457242c8d" testId="03f2bf2b-dfeb-0361-d5ce-3cc54e217f80" testName="AccessToDB.Tests.LiftsRepositoryTests.TestDeleteLiftByIDAsyncFailsWhenIDNotExists(liftID: 179)" computerName="DESKTOP-TJ9D65N" duration="00:00:00.5702738" startTime="2022-10-15T20:06:48.6878902+03:00" endTime="2022-10-15T20:06:48.6878904+03:00" testType="13cdc9d9-ddb5-4fa4-a97d-d965ccfc6d4b" outcome="Passed" testListId="8c84fa94-04c1-424b-9868-57a2d4851a1d" relativeResultsDirectory="8ab29ffd-194a-42c5-9337-c8b457242c8d" />
    <UnitTestResult executionId="a0bc584d-0711-4819-b65c-f765637446e9" testId="46b31141-d748-655c-63a2-63da7042d0e1" testName="AccessToDB.Tests.SlopesRepositoryTests.TestAddSlopeAsyncFailsWhenSlopeIdRepeats(slope: Slope { SlopeID = 88, SlopeName = slopeNamea79ee645-022b-4c14-a9b6-7f394a0d33b6, IsOpen = True, DifficultyLevel = 180, ConnectedLifts =  })" computerName="DESKTOP-TJ9D65N" duration="00:00:00.6151613" startTime="2022-10-15T20:06:36.6707509+03:00" endTime="2022-10-15T20:06:36.6707511+03:00" testType="13cdc9d9-ddb5-4fa4-a97d-d965ccfc6d4b" outcome="Passed" testListId="8c84fa94-04c1-424b-9868-57a2d4851a1d" relativeResultsDirectory="a0bc584d-0711-4819-b65c-f765637446e9" />
    <UnitTestResult executionId="74258488-33b5-4c46-97ac-80d8df76d155" testId="3c521313-4ed6-6bce-b4f9-c359411028e7" testName="AccessToDB.Tests.TurnstilesRepositoryTests.TestGetTurnstilesAsyncEmpty" computerName="DESKTOP-TJ9D65N" duration="00:00:00.5678085" startTime="2022-10-15T20:06:28.8888845+03:00" endTime="2022-10-15T20:06:28.8888848+03:00" testType="13cdc9d9-ddb5-4fa4-a97d-d965ccfc6d4b" outcome="Passed" testListId="8c84fa94-04c1-424b-9868-57a2d4851a1d" relativeResultsDirectory="74258488-33b5-4c46-97ac-80d8df76d155" />
    <UnitTestResult executionId="bb5e744a-8892-424b-b8d0-a3fa1b78a040" testId="b3513176-b008-14c2-8656-15e5e96e80f0" testName="AccessToDB.Tests.LiftsSlopesRepositoryTests.TestGetLiftsBySlopeIdAsyncOk(slope1: Slope { SlopeID = 12, SlopeName = slopeNameae807e60-5d38-4284-b85d-1700e49232c2, IsOpen = True, DifficultyLevel = 24, ConnectedLifts =  }, slope2: Slope { SlopeID = 158, SlopeName = slopeName238022aa-0e16-41d5-9b7c-0a8abbe2c232, IsOpen = False, DifficultyLevel = 62, ConnectedLifts =  }, lift1: Lift { LiftID = 89, LiftName = liftNamea61b7919-0ebf-473f-b0c7-eff05a0988ef, IsOpen = True, SeatsAmount = 155, LiftingTime = 130, QueueTime = 26, ConnectedSlopes =  }, lift2: Lift { LiftID = 83, LiftName = liftNamea84e2a27-ad66-4669-bbf4-af7ec587b481, IsOpen = False, SeatsAmount = 135, LiftingTime = 167, QueueTime = 126, ConnectedSlopes =  })" computerName="DESKTOP-TJ9D65N" duration="00:00:00.6610990" startTime="2022-10-15T20:06:40.9148170+03:00" endTime="2022-10-15T20:06:40.9148173+03:00" testType="13cdc9d9-ddb5-4fa4-a97d-d965ccfc6d4b" outcome="Passed" testListId="8c84fa94-04c1-424b-9868-57a2d4851a1d" relativeResultsDirectory="bb5e744a-8892-424b-b8d0-a3fa1b78a040" />
    <UnitTestResult executionId="63e3c223-9629-427e-befd-e0c252906a76" testId="7a153a13-59c5-e6c7-f363-92db4d2b4518" testName="AccessToDB.Tests.UsersRepositoryTests.TestDeleteUserByIDAsyncFailsWhenIDNotExists(userID: 239)" computerName="DESKTOP-TJ9D65N" duration="00:00:00.5675851" startTime="2022-10-15T20:06:33.0138992+03:00" endTime="2022-10-15T20:06:33.0138993+03:00" testType="13cdc9d9-ddb5-4fa4-a97d-d965ccfc6d4b" outcome="Passed" testListId="8c84fa94-04c1-424b-9868-57a2d4851a1d" relativeResultsDirectory="63e3c223-9629-427e-befd-e0c252906a76" />
    <UnitTestResult executionId="0dc4829e-7f0e-436a-bc92-ceaaf46342c2" testId="a23769e0-2ad4-9c35-415e-3220dcabf983" testName="AccessToDB.Tests.TurnstilesRepositoryTests.TestUpdateTurnstileByIDAsyncOk(turnstile: Turnstile { TurnstileID = 127, LiftID = 33, IsOpen = True })" computerName="DESKTOP-TJ9D65N" duration="00:00:00.6106606" startTime="2022-10-15T20:06:28.3170316+03:00" endTime="2022-10-15T20:06:28.3170317+03:00" testType="13cdc9d9-ddb5-4fa4-a97d-d965ccfc6d4b" outcome="Passed" testListId="8c84fa94-04c1-424b-9868-57a2d4851a1d" relativeResultsDirectory="0dc4829e-7f0e-436a-bc92-ceaaf46342c2" />
    <UnitTestResult executionId="10add48f-8fdd-4f26-a5cb-f34aa19b6751" testId="093ec8bc-3fdf-6f1f-85ab-1947c2e5863d" testName="AccessToDB.Tests.LiftsRepositoryTests.TestGetLiftByIdAsyncOk(lift: Lift { LiftID = 78, LiftName = liftNamedf300e2d-da3f-46b9-86ce-e43c183fe6a3, IsOpen = True, SeatsAmount = 22, LiftingTime = 49, QueueTime = 163, ConnectedSlopes =  })" computerName="DESKTOP-TJ9D65N" duration="00:00:00.0010000" startTime="2022-10-15T20:06:49.8350499+03:00" endTime="2022-10-15T20:06:49.8350502+03:00" testType="13cdc9d9-ddb5-4fa4-a97d-d965ccfc6d4b" outcome="Failed" testListId="8c84fa94-04c1-424b-9868-57a2d4851a1d" relativeResultsDirectory="10add48f-8fdd-4f26-a5cb-f34aa19b6751">
      <Output>
        <ErrorInfo>
          <Message>ProGaudi.MsgPack.Light.ConverterNotFoundException : Converter not found for type System.UInt32</Message>
          <StackTrace>   at ProGaudi.MsgPack.Light.MsgPackContext.GetConverter[T]()&#xD;
   at ProGaudi.Tarantool.Client.Converters.ValueTupleConverter`6.Initialize(MsgPackContext context)&#xD;
   at ProGaudi.MsgPack.Light.MsgPackContext.CreateAndInializeConverter(Func`1 converterActivator)&#xD;
   at ProGaudi.MsgPack.Light.MsgPackContext.TryGenerateConverterFromGenericConverter(Type type)&#xD;
   at ProGaudi.MsgPack.Light.MsgPackContext.GetConverter[T]()&#xD;
   at ProGaudi.MsgPack.Light.Converters.ArrayConverterBase`2.Initialize(MsgPackContext context)&#xD;
   at ProGaudi.MsgPack.Light.MsgPackContext.CreateAndInializeConverter(Func`1 converterActivator)&#xD;
   at ProGaudi.MsgPack.Light.MsgPackContext.TryGenerateArrayConverter(Type type)&#xD;
   at ProGaudi.MsgPack.Light.MsgPackContext.GetConverter[T]()&#xD;
   at ProGaudi.Tarantool.Client.Converters.ResponsePacketConverter`1.Initialize(MsgPackContext context)&#xD;
   at ProGaudi.MsgPack.Light.MsgPackContext.CreateAndInializeConverter(Func`1 converterActivator)&#xD;
   at ProGaudi.MsgPack.Light.MsgPackContext.TryGenerateConverterFromGenericConverter(Type type)&#xD;
   at ProGaudi.MsgPack.Light.MsgPackContext.GetConverter[T]()&#xD;
   at ProGaudi.MsgPack.Light.MsgPackSerializer.GetConverter[T](MsgPackContext context)&#xD;
   at ProGaudi.MsgPack.Light.MsgPackSerializer.Deserialize[T](MemoryStream stream, MsgPackContext context)&#xD;
   at ProGaudi.Tarantool.Client.LogicalConnection.SendRequest[TRequest,TResponse](TRequest request, Nullable`1 timeout)&#xD;
   at ProGaudi.Tarantool.Client.LogicalConnectionManager.SendRequest[TRequest,TResponse](TRequest request, Nullable`1 timeout)&#xD;
   at ProGaudi.Tarantool.Client.Index.Select[TKey,TTuple](TKey key, SelectOptions options)&#xD;
   at AccessToDB.RepositoriesTarantool.TarantoolLiftsRepository.GetLiftsAsync(UInt32 offset, UInt32 limit) in C:\Users\alena\Desktop\7_sem\testing_and_debugging\SkiResort\AccessToDB\TarantoolRepositories\TarantoolLiftsRepository.cs:line 35&#xD;
   at AccessToDB.Tests.LiftsRepositoryTests.CleanLiftsTable() in C:\Users\alena\Desktop\7_sem\testing_and_debugging\SkiResort\AccessToDB.Tests\LiftsRepositoryTests.cs:line 40&#xD;
   at AccessToDB.Tests.LiftsRepositoryTests..ctor() in C:\Users\alena\Desktop\7_sem\testing_and_debugging\SkiResort\AccessToDB.Tests\LiftsRepositoryTests.cs:line 30&#xD;
   at System.RuntimeType.CreateInstanceDefaultCtor(Boolean publicOnly, Boolean wrapExceptions)</StackTrace>
        </ErrorInfo>
      </Output>
    </UnitTestResult>
    <UnitTestResult executionId="90c0558a-c950-4c87-865c-611d4ebc02ef" testId="e294a8a5-2c66-189c-e64a-f4f1fe98ef13" testName="AccessToDB.Tests.SlopesRepositoryTests.TestUpdateSlopeByIDAsyncOk(slope: Slope { SlopeID = 155, SlopeName = slopeName67142d53-d7b4-4415-9cdb-5a18d29f3be5, IsOpen = True, DifficultyLevel = 111, ConnectedLifts =  })" computerName="DESKTOP-TJ9D65N" duration="00:00:00.6141329" startTime="2022-10-15T20:06:39.6787394+03:00" endTime="2022-10-15T20:06:39.6787397+03:00" testType="13cdc9d9-ddb5-4fa4-a97d-d965ccfc6d4b" outcome="Passed" testListId="8c84fa94-04c1-424b-9868-57a2d4851a1d" relativeResultsDirectory="90c0558a-c950-4c87-865c-611d4ebc02ef" />
    <UnitTestResult executionId="779589db-194a-477d-99e9-557b5c9e0e6a" testId="3badb689-08a4-8909-7f0d-b9a79c4e7595" testName="AccessToDB.Tests.UsersRepositoryTests.TestAddUserAsyncFailsWhenUserIdRepeats(user: User { UserID = 195, CardID = 226, UserEmail = UserEmail05680bb5-589b-4bb6-9259-6d8878e3aa07, Password = password9da7b0d9-a860-4bb8-a464-3ab50c2edc1b, Permissions = UNAUTHORIZED })" computerName="DESKTOP-TJ9D65N" duration="00:00:00.6044811" startTime="2022-10-15T20:06:31.2978198+03:00" endTime="2022-10-15T20:06:31.2978200+03:00" testType="13cdc9d9-ddb5-4fa4-a97d-d965ccfc6d4b" outcome="Passed" testListId="8c84fa94-04c1-424b-9868-57a2d4851a1d" relativeResultsDirectory="779589db-194a-477d-99e9-557b5c9e0e6a" />
    <UnitTestResult executionId="b0b0bc03-b3a9-4c3b-9feb-e6667f921121" testId="c81b4f4e-3a81-17ef-e9b3-4584bbee1067" testName="AccessToDB.Tests.TurnstilesRepositoryTests.TestDeleteTurnstileByIDAsyncFailsWhenIDNotExists(turnstileID: 195)" computerName="DESKTOP-TJ9D65N" duration="00:00:00.5655980" startTime="2022-10-15T20:06:30.6838350+03:00" endTime="2022-10-15T20:06:30.6838353+03:00" testType="13cdc9d9-ddb5-4fa4-a97d-d965ccfc6d4b" outcome="Passed" testListId="8c84fa94-04c1-424b-9868-57a2d4851a1d" relativeResultsDirectory="b0b0bc03-b3a9-4c3b-9feb-e6667f921121" />
    <UnitTestResult executionId="1e2e1dd0-8388-4a84-84b5-36d535ec7688" testId="3741b26d-6ee0-6246-29e4-92009bff37b0" testName="AccessToDB.Tests.UsersRepositoryTests.TestGetUsersAsyncEmpty" computerName="DESKTOP-TJ9D65N" duration="00:00:00.5667280" startTime="2022-10-15T20:06:31.8683701+03:00" endTime="2022-10-15T20:06:31.8683703+03:00" testType="13cdc9d9-ddb5-4fa4-a97d-d965ccfc6d4b" outcome="Passed" testListId="8c84fa94-04c1-424b-9868-57a2d4851a1d" relativeResultsDirectory="1e2e1dd0-8388-4a84-84b5-36d535ec7688" />
    <UnitTestResult executionId="3d4e25f0-2606-4b65-b790-79075a7ded13" testId="f9435956-2e34-e52b-c34e-dce53665cf8e" testName="AccessToDB.Tests.TurnstilesRepositoryTests.TestAddTurnstileAutoIncrementAsyncOk" computerName="DESKTOP-TJ9D65N" duration="00:00:00.6181833" startTime="2022-10-15T20:06:29.5108783+03:00" endTime="2022-10-15T20:06:29.5108784+03:00" testType="13cdc9d9-ddb5-4fa4-a97d-d965ccfc6d4b" outcome="Passed" testListId="8c84fa94-04c1-424b-9868-57a2d4851a1d" relativeResultsDirectory="3d4e25f0-2606-4b65-b790-79075a7ded13" />
    <UnitTestResult executionId="9ee6d522-2f1a-44b0-90f8-c1db5eb5f47a" testId="b9e30edf-51e2-4c3b-de64-9dee580b2cc5" testName="AccessToDB.Tests.LiftsSlopesRepositoryTests.TestDeleteLiftSlopesByIDsAsyncOk(liftSlope: LiftSlope { RecordID = 43, LiftID = 16, SlopeID = 78 })" computerName="DESKTOP-TJ9D65N" duration="00:00:00.6164925" startTime="2022-10-15T20:06:42.7555377+03:00" endTime="2022-10-15T20:06:42.7555379+03:00" testType="13cdc9d9-ddb5-4fa4-a97d-d965ccfc6d4b" outcome="Passed" testListId="8c84fa94-04c1-424b-9868-57a2d4851a1d" relativeResultsDirectory="9ee6d522-2f1a-44b0-90f8-c1db5eb5f47a" />
    <UnitTestResult executionId="2386bc1e-fd12-4554-9e97-28dc6a68bacb" testId="5adafe4b-0be8-639a-faff-b9a9c532db88" testName="AccessToDB.Tests.SlopesRepositoryTests.TestDeleteSlopeByIDAsyncFailsWhenIDNotExists(slopeID: 91)" computerName="DESKTOP-TJ9D65N" duration="00:00:00.5678731" startTime="2022-10-15T20:06:37.8892767+03:00" endTime="2022-10-15T20:06:37.8892770+03:00" testType="13cdc9d9-ddb5-4fa4-a97d-d965ccfc6d4b" outcome="Passed" testListId="8c84fa94-04c1-424b-9868-57a2d4851a1d" relativeResultsDirectory="2386bc1e-fd12-4554-9e97-28dc6a68bacb" />
    <UnitTestResult executionId="b6ce175b-e337-468b-b720-9fb458a75eac" testId="9c7aff39-25e5-bfd1-480f-2e2217c01a8d" testName="AccessToDB.Tests.LiftsSlopesRepositoryTests.TestGetLiftSlopeByIdAsyncOk(liftSlope: LiftSlope { RecordID = 185, LiftID = 131, SlopeID = 2 })" computerName="DESKTOP-TJ9D65N" duration="00:00:00.5975651" startTime="2022-10-15T20:06:45.7336644+03:00" endTime="2022-10-15T20:06:45.7336645+03:00" testType="13cdc9d9-ddb5-4fa4-a97d-d965ccfc6d4b" outcome="Passed" testListId="8c84fa94-04c1-424b-9868-57a2d4851a1d" relativeResultsDirectory="b6ce175b-e337-468b-b720-9fb458a75eac" />
    <UnitTestResult executionId="e7aa903b-a9b8-4798-b585-d48f256137ff" testId="607e8298-f113-be33-300e-15a343893443" testName="AccessToDB.Tests.LiftsRepositoryTests.TestGetLiftsAsyncEmpty" computerName="DESKTOP-TJ9D65N" duration="00:00:00.5696357" startTime="2022-10-15T20:06:48.1139590+03:00" endTime="2022-10-15T20:06:48.1139590+03:00" testType="13cdc9d9-ddb5-4fa4-a97d-d965ccfc6d4b" outcome="Passed" testListId="8c84fa94-04c1-424b-9868-57a2d4851a1d" relativeResultsDirectory="e7aa903b-a9b8-4798-b585-d48f256137ff" />
    <UnitTestResult executionId="741b7638-99a6-4410-9704-3c7b780e3ad4" testId="2d0fd8f9-75f2-d0c8-4dc7-9a45f1a02f9c" testName="AccessToDB.Tests.TurnstilesRepositoryTests.TestAddTurnstileAsyncFailsWhenTurnstileIdRepeats(turnstile: Turnstile { TurnstileID = 247, LiftID = 159, IsOpen = True })" computerName="DESKTOP-TJ9D65N" duration="00:00:00.0010000" startTime="2022-10-15T20:06:26.9334660+03:00" endTime="2022-10-15T20:06:26.9335005+03:00" testType="13cdc9d9-ddb5-4fa4-a97d-d965ccfc6d4b" outcome="Failed" testListId="8c84fa94-04c1-424b-9868-57a2d4851a1d" relativeResultsDirectory="741b7638-99a6-4410-9704-3c7b780e3ad4">
      <Output>
        <ErrorInfo>
          <Message>ProGaudi.MsgPack.Light.ConverterNotFoundException : Converter not found for type System.Int64</Message>
          <StackTrace>   at ProGaudi.MsgPack.Light.MsgPackContext.GetConverter[T]()&#xD;
   at ProGaudi.Tarantool.Client.Model.BoxInfo.Converter.InitializeIfNeeded()&#xD;
   at ProGaudi.Tarantool.Client.Model.BoxInfo.Converter.Read(IMsgPackReader reader)&#xD;
   at ProGaudi.MsgPack.Light.Converters.ArrayConverter`2.ReadArray(IMsgPackReader reader, UInt32 length)&#xD;
   at ProGaudi.MsgPack.Light.Converters.ArrayConverter`2.Read(IMsgPackReader reader)&#xD;
   at ProGaudi.Tarantool.Client.Converters.ResponsePacketConverter`1.ProGaudi.MsgPack.Light.IMsgPackConverter&lt;ProGaudi.Tarantool.Client.Model.Responses.DataResponse&lt;T&gt;&gt;.Read(IMsgPackReader reader)&#xD;
   at ProGaudi.MsgPack.Light.MsgPackSerializer.Deserialize[T](MemoryStream stream, MsgPackContext context)&#xD;
   at ProGaudi.Tarantool.Client.LogicalConnection.SendRequest[TRequest,TResponse](TRequest request, Nullable`1 timeout)&#xD;
   at ProGaudi.Tarantool.Client.LogicalConnectionManager.SendRequest[TRequest,TResponse](TRequest request, Nullable`1 timeout)&#xD;
   at ProGaudi.Tarantool.Client.Box.Eval[TTuple,TResponse](String expression, TTuple parameters)&#xD;
   at ProGaudi.Tarantool.Client.Box.ReloadBoxInfo()&#xD;
   at ProGaudi.Tarantool.Client.Box.Connect()&#xD;
   at ProGaudi.Tarantool.Client.Box.Connect(String replicationSource)&#xD;
   at AccessToDB.TarantoolContext.Initialize(String connection_string) in C:\Users\alena\Desktop\7_sem\testing_and_debugging\SkiResort\AccessToDB\TarantoolContext.cs:line 52&#xD;
   at AccessToDB.TarantoolContext..ctor(String connection_string) in C:\Users\alena\Desktop\7_sem\testing_and_debugging\SkiResort\AccessToDB\TarantoolContext.cs:line 32&#xD;
   at AccessToDB.Tests.TurnstilesRepositoryTests..ctor() in C:\Users\alena\Desktop\7_sem\testing_and_debugging\SkiResort\AccessToDB.Tests\TurnstilesRepositoryTests.cs:line 29&#xD;
   at System.RuntimeType.CreateInstanceDefaultCtor(Boolean publicOnly, Boolean wrapExceptions)</StackTrace>
        </ErrorInfo>
      </Output>
    </UnitTestResult>
    <UnitTestResult executionId="2a42e3ac-ea31-48db-900d-5243f3c9edfc" testId="bcdca565-fcae-185f-4d15-651b7a250fa5" testName="AccessToDB.Tests.TurnstilesRepositoryTests.TestGetTurnstileByIdAsyncOk(turnstile: Turnstile { TurnstileID = 133, LiftID = 118, IsOpen = True })" computerName="DESKTOP-TJ9D65N" duration="00:00:00.5990641" startTime="2022-10-15T20:06:30.1139083+03:00" endTime="2022-10-15T20:06:30.1139085+03:00" testType="13cdc9d9-ddb5-4fa4-a97d-d965ccfc6d4b" outcome="Passed" testListId="8c84fa94-04c1-424b-9868-57a2d4851a1d" relativeResultsDirectory="2a42e3ac-ea31-48db-900d-5243f3c9edfc" />
  </Results>
  <TestDefinitions>
    <UnitTest name="AccessToDB.Tests.LiftsSlopesRepositoryTests.TestGetSlopesByLiftIdAsyncFailsWhenSlopeNotExists(liftSlope: LiftSlope { RecordID = 90, LiftID = 151, SlopeID = 21 })" storage="c:\users\alena\desktop\7_sem\testing_and_debugging\skiresort\accesstodb.tests\bin\debug\net6.0\accesstodb.tests.dll" id="54641506-fc05-ac33-ba21-a6f609a2c7a0">
      <Execution id="c478f4a1-5bc3-4700-ab6f-17f915781fe0" />
      <TestMethod codeBase="C:\Users\alena\Desktop\7_sem\testing_and_debugging\SkiResort\AccessToDB.Tests\bin\Debug\net6.0\AccessToDB.Tests.dll" adapterTypeName="executor://xunit/VsTestRunner2/netcoreapp" className="AccessToDB.Tests.LiftsSlopesRepositoryTests" name="TestGetSlopesByLiftIdAsyncFailsWhenSlopeNotExists" />
    </UnitTest>
    <UnitTest name="AccessToDB.Tests.UsersRepositoryTests.TestGetUsersAsyncEmpty" storage="c:\users\alena\desktop\7_sem\testing_and_debugging\skiresort\accesstodb.tests\bin\debug\net6.0\accesstodb.tests.dll" id="3741b26d-6ee0-6246-29e4-92009bff37b0">
      <Execution id="1e2e1dd0-8388-4a84-84b5-36d535ec7688" />
      <TestMethod codeBase="C:\Users\alena\Desktop\7_sem\testing_and_debugging\SkiResort\AccessToDB.Tests\bin\Debug\net6.0\AccessToDB.Tests.dll" adapterTypeName="executor://xunit/VsTestRunner2/netcoreapp" className="AccessToDB.Tests.UsersRepositoryTests" name="TestGetUsersAsyncEmpty" />
    </UnitTest>
    <UnitTest name="AccessToDB.Tests.TurnstilesRepositoryTests.TestGetTurnstilesByLiftIdAsyncOk(liftID: 128)" storage="c:\users\alena\desktop\7_sem\testing_and_debugging\skiresort\accesstodb.tests\bin\debug\net6.0\accesstodb.tests.dll" id="885cdb30-552d-1013-7df7-dd2c843e034c">
      <Execution id="ec7a81fe-66d1-48bd-8338-d9355fda1121" />
      <TestMethod codeBase="C:\Users\alena\Desktop\7_sem\testing_and_debugging\SkiResort\AccessToDB.Tests\bin\Debug\net6.0\AccessToDB.Tests.dll" adapterTypeName="executor://xunit/VsTestRunner2/netcoreapp" className="AccessToDB.Tests.TurnstilesRepositoryTests" name="TestGetTurnstilesByLiftIdAsyncOk" />
    </UnitTest>
    <UnitTest name="AccessToDB.Tests.SlopesRepositoryTests.TestAddSlopeAsyncFailsWhenSlopeIdRepeats(slope: Slope { SlopeID = 88, SlopeName = slopeNamea79ee645-022b-4c14-a9b6-7f394a0d33b6, IsOpen = True, DifficultyLevel = 180, ConnectedLifts =  })" storage="c:\users\alena\desktop\7_sem\testing_and_debugging\skiresort\accesstodb.tests\bin\debug\net6.0\accesstodb.tests.dll" id="46b31141-d748-655c-63a2-63da7042d0e1">
      <Execution id="a0bc584d-0711-4819-b65c-f765637446e9" />
      <TestMethod codeBase="C:\Users\alena\Desktop\7_sem\testing_and_debugging\SkiResort\AccessToDB.Tests\bin\Debug\net6.0\AccessToDB.Tests.dll" adapterTypeName="executor://xunit/VsTestRunner2/netcoreapp" className="AccessToDB.Tests.SlopesRepositoryTests" name="TestAddSlopeAsyncFailsWhenSlopeIdRepeats" />
    </UnitTest>
    <UnitTest name="AccessToDB.Tests.UsersRepositoryTests.TestCheckUserEmailExistsAsyncFalse(userEmail: &quot;userEmail2f73207b-3974-47a5-9eb5-9278ca1c17df&quot;)" storage="c:\users\alena\desktop\7_sem\testing_and_debugging\skiresort\accesstodb.tests\bin\debug\net6.0\accesstodb.tests.dll" id="c31bf720-53fe-a10a-0d03-227e3cac67bf">
      <Execution id="b3d2bdd4-8ad9-4c36-aee5-95505983ec79" />
      <TestMethod codeBase="C:\Users\alena\Desktop\7_sem\testing_and_debugging\SkiResort\AccessToDB.Tests\bin\Debug\net6.0\AccessToDB.Tests.dll" adapterTypeName="executor://xunit/VsTestRunner2/netcoreapp" className="AccessToDB.Tests.UsersRepositoryTests" name="TestCheckUserEmailExistsAsyncFalse" />
    </UnitTest>
    <UnitTest name="AccessToDB.Tests.TurnstilesRepositoryTests.TestAddTurnstileAutoIncrementAsyncOk" storage="c:\users\alena\desktop\7_sem\testing_and_debugging\skiresort\accesstodb.tests\bin\debug\net6.0\accesstodb.tests.dll" id="f9435956-2e34-e52b-c34e-dce53665cf8e">
      <Execution id="3d4e25f0-2606-4b65-b790-79075a7ded13" />
      <TestMethod codeBase="C:\Users\alena\Desktop\7_sem\testing_and_debugging\SkiResort\AccessToDB.Tests\bin\Debug\net6.0\AccessToDB.Tests.dll" adapterTypeName="executor://xunit/VsTestRunner2/netcoreapp" className="AccessToDB.Tests.TurnstilesRepositoryTests" name="TestAddTurnstileAutoIncrementAsyncOk" />
    </UnitTest>
    <UnitTest name="AccessToDB.Tests.LiftsRepositoryTests.TestGetLiftByNameAsyncFailsWhenNameNotExists(liftName: &quot;liftName4770d28d-0dc3-4d5c-8f28-0084b4903206&quot;)" storage="c:\users\alena\desktop\7_sem\testing_and_debugging\skiresort\accesstodb.tests\bin\debug\net6.0\accesstodb.tests.dll" id="fd6b4dd1-66c1-dd16-a568-5db6da7b860a">
      <Execution id="66009a72-cda8-4465-ba3f-ec22bb8de4ba" />
      <TestMethod codeBase="C:\Users\alena\Desktop\7_sem\testing_and_debugging\SkiResort\AccessToDB.Tests\bin\Debug\net6.0\AccessToDB.Tests.dll" adapterTypeName="executor://xunit/VsTestRunner2/netcoreapp" className="AccessToDB.Tests.LiftsRepositoryTests" name="TestGetLiftByNameAsyncFailsWhenNameNotExists" />
    </UnitTest>
    <UnitTest name="AccessToDB.Tests.SlopesRepositoryTests.TestGetSlopeByIdAsyncOk(slope: Slope { SlopeID = 230, SlopeName = slopeName9683c99a-d7d9-4b31-973d-3e9f272103f5, IsOpen = True, DifficultyLevel = 189, ConnectedLifts =  })" storage="c:\users\alena\desktop\7_sem\testing_and_debugging\skiresort\accesstodb.tests\bin\debug\net6.0\accesstodb.tests.dll" id="4aec079f-bb51-a510-e912-f3c35360d2dd">
      <Execution id="865977dc-c9ca-4594-9db3-db0c1ad21daf" />
      <TestMethod codeBase="C:\Users\alena\Desktop\7_sem\testing_and_debugging\SkiResort\AccessToDB.Tests\bin\Debug\net6.0\AccessToDB.Tests.dll" adapterTypeName="executor://xunit/VsTestRunner2/netcoreapp" className="AccessToDB.Tests.SlopesRepositoryTests" name="TestGetSlopeByIdAsyncOk" />
    </UnitTest>
    <UnitTest name="AccessToDB.Tests.TurnstilesRepositoryTests.TestGetTurnstileByIdAsyncOk(turnstile: Turnstile { TurnstileID = 133, LiftID = 118, IsOpen = True })" storage="c:\users\alena\desktop\7_sem\testing_and_debugging\skiresort\accesstodb.tests\bin\debug\net6.0\accesstodb.tests.dll" id="bcdca565-fcae-185f-4d15-651b7a250fa5">
      <Execution id="2a42e3ac-ea31-48db-900d-5243f3c9edfc" />
      <TestMethod codeBase="C:\Users\alena\Desktop\7_sem\testing_and_debugging\SkiResort\AccessToDB.Tests\bin\Debug\net6.0\AccessToDB.Tests.dll" adapterTypeName="executor://xunit/VsTestRunner2/netcoreapp" className="AccessToDB.Tests.TurnstilesRepositoryTests" name="TestGetTurnstileByIdAsyncOk" />
    </UnitTest>
    <UnitTest name="AccessToDB.Tests.LiftsSlopesRepositoryTests.TestGetLiftSlopesAsyncEmpty" storage="c:\users\alena\desktop\7_sem\testing_and_debugging\skiresort\accesstodb.tests\bin\debug\net6.0\accesstodb.tests.dll" id="4145f44e-b4b1-a618-09e8-c631496e6f1a">
      <Execution id="e12587c4-b305-4eac-b539-18bc81608d9c" />
      <TestMethod codeBase="C:\Users\alena\Desktop\7_sem\testing_and_debugging\SkiResort\AccessToDB.Tests\bin\Debug\net6.0\AccessToDB.Tests.dll" adapterTypeName="executor://xunit/VsTestRunner2/netcoreapp" className="AccessToDB.Tests.LiftsSlopesRepositoryTests" name="TestGetLiftSlopesAsyncEmpty" />
    </UnitTest>
    <UnitTest name="AccessToDB.Tests.TurnstilesRepositoryTests.TestUpdateTurnstileByIDAsyncOk(turnstile: Turnstile { TurnstileID = 127, LiftID = 33, IsOpen = True })" storage="c:\users\alena\desktop\7_sem\testing_and_debugging\skiresort\accesstodb.tests\bin\debug\net6.0\accesstodb.tests.dll" id="a23769e0-2ad4-9c35-415e-3220dcabf983">
      <Execution id="0dc4829e-7f0e-436a-bc92-ceaaf46342c2" />
      <TestMethod codeBase="C:\Users\alena\Desktop\7_sem\testing_and_debugging\SkiResort\AccessToDB.Tests\bin\Debug\net6.0\AccessToDB.Tests.dll" adapterTypeName="executor://xunit/VsTestRunner2/netcoreapp" className="AccessToDB.Tests.TurnstilesRepositoryTests" name="TestUpdateTurnstileByIDAsyncOk" />
    </UnitTest>
    <UnitTest name="AccessToDB.Tests.LiftsRepositoryTests.TestUpdateLiftByIDAsyncOk(lift: Lift { LiftID = 169, LiftName = liftName20bddd1a-2e0f-43df-bb99-e5274a816e90, IsOpen = True, SeatsAmount = 202, LiftingTime = 126, QueueTime = 145, ConnectedSlopes =  })" storage="c:\users\alena\desktop\7_sem\testing_and_debugging\skiresort\accesstodb.tests\bin\debug\net6.0\accesstodb.tests.dll" id="8e9899a5-53c9-9998-89b3-dbab2d05dfc4">
      <Execution id="f62c2755-074a-46a9-94ad-f13811657eda" />
      <TestMethod codeBase="C:\Users\alena\Desktop\7_sem\testing_and_debugging\SkiResort\AccessToDB.Tests\bin\Debug\net6.0\AccessToDB.Tests.dll" adapterTypeName="executor://xunit/VsTestRunner2/netcoreapp" className="AccessToDB.Tests.LiftsRepositoryTests" name="TestUpdateLiftByIDAsyncOk" />
    </UnitTest>
    <UnitTest name="AccessToDB.Tests.UsersRepositoryTests.TestCheckUserIdExistsAsyncTrue(user: User { UserID = 87, CardID = 252, UserEmail = UserEmaila5c09dd5-3134-4232-99c2-80af12d944b0, Password = password4720b7b4-b8d9-4f63-9a75-f5fe0a599169, Permissions = UNAUTHORIZED })" storage="c:\users\alena\desktop\7_sem\testing_and_debugging\skiresort\accesstodb.tests\bin\debug\net6.0\accesstodb.tests.dll" id="ef425512-c64e-f0a8-1695-20f94138658a">
      <Execution id="950f5c02-8701-4528-a1a3-85d953ba6a1e" />
      <TestMethod codeBase="C:\Users\alena\Desktop\7_sem\testing_and_debugging\SkiResort\AccessToDB.Tests\bin\Debug\net6.0\AccessToDB.Tests.dll" adapterTypeName="executor://xunit/VsTestRunner2/netcoreapp" className="AccessToDB.Tests.UsersRepositoryTests" name="TestCheckUserIdExistsAsyncTrue" />
    </UnitTest>
    <UnitTest name="AccessToDB.Tests.UsersRepositoryTests.TestGetUserByIdAsyncOk(user: User { UserID = 203, CardID = 87, UserEmail = UserEmail7ae4b933-58e3-4604-88f3-3c096c4dc65e, Password = password16e8dd57-2dd8-4d0d-b6d6-5c3a48fdb202, Permissions = UNAUTHORIZED })" storage="c:\users\alena\desktop\7_sem\testing_and_debugging\skiresort\accesstodb.tests\bin\debug\net6.0\accesstodb.tests.dll" id="8dc007a3-f730-a900-8f4d-fd2f70e0a7c2">
      <Execution id="12f3f502-9b30-42dd-baae-8427b23608fc" />
      <TestMethod codeBase="C:\Users\alena\Desktop\7_sem\testing_and_debugging\SkiResort\AccessToDB.Tests\bin\Debug\net6.0\AccessToDB.Tests.dll" adapterTypeName="executor://xunit/VsTestRunner2/netcoreapp" className="AccessToDB.Tests.UsersRepositoryTests" name="TestGetUserByIdAsyncOk" />
    </UnitTest>
    <UnitTest name="AccessToDB.Tests.SlopesRepositoryTests.TestGetSlopeByNameAsyncFailsWhenNameNotExists(slopeName: &quot;slopeName630928a8-5617-48cc-88b8-59543a151ac9&quot;)" storage="c:\users\alena\desktop\7_sem\testing_and_debugging\skiresort\accesstodb.tests\bin\debug\net6.0\accesstodb.tests.dll" id="8a894f4a-665d-a4e6-5c33-627f466f3310">
      <Execution id="c3011ccc-5cfd-43bb-af2b-d06592a5daaf" />
      <TestMethod codeBase="C:\Users\alena\Desktop\7_sem\testing_and_debugging\SkiResort\AccessToDB.Tests\bin\Debug\net6.0\AccessToDB.Tests.dll" adapterTypeName="executor://xunit/VsTestRunner2/netcoreapp" className="AccessToDB.Tests.SlopesRepositoryTests" name="TestGetSlopeByNameAsyncFailsWhenNameNotExists" />
    </UnitTest>
    <UnitTest name="AccessToDB.Tests.UsersRepositoryTests.TestAddUserAsyncFailsWhenUserIdRepeats(user: User { UserID = 195, CardID = 226, UserEmail = UserEmail05680bb5-589b-4bb6-9259-6d8878e3aa07, Password = password9da7b0d9-a860-4bb8-a464-3ab50c2edc1b, Permissions = UNAUTHORIZED })" storage="c:\users\alena\desktop\7_sem\testing_and_debugging\skiresort\accesstodb.tests\bin\debug\net6.0\accesstodb.tests.dll" id="3badb689-08a4-8909-7f0d-b9a79c4e7595">
      <Execution id="779589db-194a-477d-99e9-557b5c9e0e6a" />
      <TestMethod codeBase="C:\Users\alena\Desktop\7_sem\testing_and_debugging\SkiResort\AccessToDB.Tests\bin\Debug\net6.0\AccessToDB.Tests.dll" adapterTypeName="executor://xunit/VsTestRunner2/netcoreapp" className="AccessToDB.Tests.UsersRepositoryTests" name="TestAddUserAsyncFailsWhenUserIdRepeats" />
    </UnitTest>
    <UnitTest name="AccessToDB.Tests.LiftsRepositoryTests.TestGetLiftByIdAsyncOk(lift: Lift { LiftID = 78, LiftName = liftNamedf300e2d-da3f-46b9-86ce-e43c183fe6a3, IsOpen = True, SeatsAmount = 22, LiftingTime = 49, QueueTime = 163, ConnectedSlopes =  })" storage="c:\users\alena\desktop\7_sem\testing_and_debugging\skiresort\accesstodb.tests\bin\debug\net6.0\accesstodb.tests.dll" id="093ec8bc-3fdf-6f1f-85ab-1947c2e5863d">
      <Execution id="10add48f-8fdd-4f26-a5cb-f34aa19b6751" />
      <TestMethod codeBase="C:\Users\alena\Desktop\7_sem\testing_and_debugging\SkiResort\AccessToDB.Tests\bin\Debug\net6.0\AccessToDB.Tests.dll" adapterTypeName="executor://xunit/VsTestRunner2/netcoreapp" className="AccessToDB.Tests.LiftsRepositoryTests" name="TestGetLiftByIdAsyncOk" />
    </UnitTest>
    <UnitTest name="AccessToDB.Tests.SlopesRepositoryTests.TestGetSlopesAsyncEmpty" storage="c:\users\alena\desktop\7_sem\testing_and_debugging\skiresort\accesstodb.tests\bin\debug\net6.0\accesstodb.tests.dll" id="9bbefb83-8311-6e03-307f-415e3495e223">
      <Execution id="3de3861f-15ce-4a43-8873-fb870e37afbc" />
      <TestMethod codeBase="C:\Users\alena\Desktop\7_sem\testing_and_debugging\SkiResort\AccessToDB.Tests\bin\Debug\net6.0\AccessToDB.Tests.dll" adapterTypeName="executor://xunit/VsTestRunner2/netcoreapp" className="AccessToDB.Tests.SlopesRepositoryTests" name="TestGetSlopesAsyncEmpty" />
    </UnitTest>
    <UnitTest name="AccessToDB.Tests.LiftsRepositoryTests.TestAddLiftAutoIncrementAsyncOk" storage="c:\users\alena\desktop\7_sem\testing_and_debugging\skiresort\accesstodb.tests\bin\debug\net6.0\accesstodb.tests.dll" id="ec229f70-485a-f91b-53ed-bce655f6cd58">
      <Execution id="9a476c03-b4ad-425b-8113-bb8aa7564638" />
      <TestMethod codeBase="C:\Users\alena\Desktop\7_sem\testing_and_debugging\SkiResort\AccessToDB.Tests\bin\Debug\net6.0\AccessToDB.Tests.dll" adapterTypeName="executor://xunit/VsTestRunner2/netcoreapp" className="AccessToDB.Tests.LiftsRepositoryTests" name="TestAddLiftAutoIncrementAsyncOk" />
    </UnitTest>
    <UnitTest name="AccessToDB.Tests.TurnstilesRepositoryTests.TestGetTurnstilesAsyncEmpty" storage="c:\users\alena\desktop\7_sem\testing_and_debugging\skiresort\accesstodb.tests\bin\debug\net6.0\accesstodb.tests.dll" id="3c521313-4ed6-6bce-b4f9-c359411028e7">
      <Execution id="74258488-33b5-4c46-97ac-80d8df76d155" />
      <TestMethod codeBase="C:\Users\alena\Desktop\7_sem\testing_and_debugging\SkiResort\AccessToDB.Tests\bin\Debug\net6.0\AccessToDB.Tests.dll" adapterTypeName="executor://xunit/VsTestRunner2/netcoreapp" className="AccessToDB.Tests.TurnstilesRepositoryTests" name="TestGetTurnstilesAsyncEmpty" />
    </UnitTest>
    <UnitTest name="AccessToDB.Tests.TurnstilesRepositoryTests.TestDeleteTurnstileByIDAsyncFailsWhenIDNotExists(turnstileID: 195)" storage="c:\users\alena\desktop\7_sem\testing_and_debugging\skiresort\accesstodb.tests\bin\debug\net6.0\accesstodb.tests.dll" id="c81b4f4e-3a81-17ef-e9b3-4584bbee1067">
      <Execution id="b0b0bc03-b3a9-4c3b-9feb-e6667f921121" />
      <TestMethod codeBase="C:\Users\alena\Desktop\7_sem\testing_and_debugging\SkiResort\AccessToDB.Tests\bin\Debug\net6.0\AccessToDB.Tests.dll" adapterTypeName="executor://xunit/VsTestRunner2/netcoreapp" className="AccessToDB.Tests.TurnstilesRepositoryTests" name="TestDeleteTurnstileByIDAsyncFailsWhenIDNotExists" />
    </UnitTest>
    <UnitTest name="AccessToDB.Tests.LiftsRepositoryTests.TestDeleteLiftByIDAsyncFailsWhenIDNotExists(liftID: 179)" storage="c:\users\alena\desktop\7_sem\testing_and_debugging\skiresort\accesstodb.tests\bin\debug\net6.0\accesstodb.tests.dll" id="03f2bf2b-dfeb-0361-d5ce-3cc54e217f80">
      <Execution id="8ab29ffd-194a-42c5-9337-c8b457242c8d" />
      <TestMethod codeBase="C:\Users\alena\Desktop\7_sem\testing_and_debugging\SkiResort\AccessToDB.Tests\bin\Debug\net6.0\AccessToDB.Tests.dll" adapterTypeName="executor://xunit/VsTestRunner2/netcoreapp" className="AccessToDB.Tests.LiftsRepositoryTests" name="TestDeleteLiftByIDAsyncFailsWhenIDNotExists" />
    </UnitTest>
    <UnitTest name="AccessToDB.Tests.LiftsSlopesRepositoryTests.TestGetLiftSlopeByIdAsyncOk(liftSlope: LiftSlope { RecordID = 185, LiftID = 131, SlopeID = 2 })" storage="c:\users\alena\desktop\7_sem\testing_and_debugging\skiresort\accesstodb.tests\bin\debug\net6.0\accesstodb.tests.dll" id="9c7aff39-25e5-bfd1-480f-2e2217c01a8d">
      <Execution id="b6ce175b-e337-468b-b720-9fb458a75eac" />
      <TestMethod codeBase="C:\Users\alena\Desktop\7_sem\testing_and_debugging\SkiResort\AccessToDB.Tests\bin\Debug\net6.0\AccessToDB.Tests.dll" adapterTypeName="executor://xunit/VsTestRunner2/netcoreapp" className="AccessToDB.Tests.LiftsSlopesRepositoryTests" name="TestGetLiftSlopeByIdAsyncOk" />
    </UnitTest>
    <UnitTest name="AccessToDB.Tests.SlopesRepositoryTests.TestDeleteSlopeByIDAsyncFailsWhenIDNotExists(slopeID: 91)" storage="c:\users\alena\desktop\7_sem\testing_and_debugging\skiresort\accesstodb.tests\bin\debug\net6.0\accesstodb.tests.dll" id="5adafe4b-0be8-639a-faff-b9a9c532db88">
      <Execution id="2386bc1e-fd12-4554-9e97-28dc6a68bacb" />
      <TestMethod codeBase="C:\Users\alena\Desktop\7_sem\testing_and_debugging\SkiResort\AccessToDB.Tests\bin\Debug\net6.0\AccessToDB.Tests.dll" adapterTypeName="executor://xunit/VsTestRunner2/netcoreapp" className="AccessToDB.Tests.SlopesRepositoryTests" name="TestDeleteSlopeByIDAsyncFailsWhenIDNotExists" />
    </UnitTest>
    <UnitTest name="AccessToDB.Tests.LiftsSlopesRepositoryTests.TestAddLiftSlopeAutoIncrementAsyncOk" storage="c:\users\alena\desktop\7_sem\testing_and_debugging\skiresort\accesstodb.tests\bin\debug\net6.0\accesstodb.tests.dll" id="30f8e924-9784-0a43-e807-094f70e06567">
      <Execution id="21614909-e057-41a4-9bb2-b754bc8e726b" />
      <TestMethod codeBase="C:\Users\alena\Desktop\7_sem\testing_and_debugging\SkiResort\AccessToDB.Tests\bin\Debug\net6.0\AccessToDB.Tests.dll" adapterTypeName="executor://xunit/VsTestRunner2/netcoreapp" className="AccessToDB.Tests.LiftsSlopesRepositoryTests" name="TestAddLiftSlopeAutoIncrementAsyncOk" />
    </UnitTest>
    <UnitTest name="AccessToDB.Tests.SlopesRepositoryTests.TestUpdateSlopeByIDAsyncOk(slope: Slope { SlopeID = 155, SlopeName = slopeName67142d53-d7b4-4415-9cdb-5a18d29f3be5, IsOpen = True, DifficultyLevel = 111, ConnectedLifts =  })" storage="c:\users\alena\desktop\7_sem\testing_and_debugging\skiresort\accesstodb.tests\bin\debug\net6.0\accesstodb.tests.dll" id="e294a8a5-2c66-189c-e64a-f4f1fe98ef13">
      <Execution id="90c0558a-c950-4c87-865c-611d4ebc02ef" />
      <TestMethod codeBase="C:\Users\alena\Desktop\7_sem\testing_and_debugging\SkiResort\AccessToDB.Tests\bin\Debug\net6.0\AccessToDB.Tests.dll" adapterTypeName="executor://xunit/VsTestRunner2/netcoreapp" className="AccessToDB.Tests.SlopesRepositoryTests" name="TestUpdateSlopeByIDAsyncOk" />
    </UnitTest>
    <UnitTest name="AccessToDB.Tests.UsersRepositoryTests.TestUpdateUserByIDAsyncOk(user: User { UserID = 227, CardID = 229, UserEmail = UserEmaila0309aad-9606-48dd-aeb0-577237c0617c, Password = password290ef3f4-6bb9-4e56-8f0e-4775005fad02, Permissions = UNAUTHORIZED })" storage="c:\users\alena\desktop\7_sem\testing_and_debugging\skiresort\accesstodb.tests\bin\debug\net6.0\accesstodb.tests.dll" id="8238b82a-32cf-9be6-95a5-4840c29fdd4c">
      <Execution id="4fdba2a3-dbac-4134-be3d-93898d6e3354" />
      <TestMethod codeBase="C:\Users\alena\Desktop\7_sem\testing_and_debugging\SkiResort\AccessToDB.Tests\bin\Debug\net6.0\AccessToDB.Tests.dll" adapterTypeName="executor://xunit/VsTestRunner2/netcoreapp" className="AccessToDB.Tests.UsersRepositoryTests" name="TestUpdateUserByIDAsyncOk" />
    </UnitTest>
    <UnitTest name="AccessToDB.Tests.LiftsSlopesRepositoryTests.TestGetLiftsBySlopeIdAsyncOk(slope1: Slope { SlopeID = 12, SlopeName = slopeNameae807e60-5d38-4284-b85d-1700e49232c2, IsOpen = True, DifficultyLevel = 24, ConnectedLifts =  }, slope2: Slope { SlopeID = 158, SlopeName = slopeName238022aa-0e16-41d5-9b7c-0a8abbe2c232, IsOpen = False, DifficultyLevel = 62, ConnectedLifts =  }, lift1: Lift { LiftID = 89, LiftName = liftNamea61b7919-0ebf-473f-b0c7-eff05..." storage="c:\users\alena\desktop\7_sem\testing_and_debugging\skiresort\accesstodb.tests\bin\debug\net6.0\accesstodb.tests.dll" id="b3513176-b008-14c2-8656-15e5e96e80f0">
      <Execution id="bb5e744a-8892-424b-b8d0-a3fa1b78a040" />
      <TestMethod codeBase="C:\Users\alena\Desktop\7_sem\testing_and_debugging\SkiResort\AccessToDB.Tests\bin\Debug\net6.0\AccessToDB.Tests.dll" adapterTypeName="executor://xunit/VsTestRunner2/netcoreapp" className="AccessToDB.Tests.LiftsSlopesRepositoryTests" name="TestGetLiftsBySlopeIdAsyncOk" />
    </UnitTest>
    <UnitTest name="AccessToDB.Tests.UsersRepositoryTests.TestAddUserAutoIncrementAsyncOk" storage="c:\users\alena\desktop\7_sem\testing_and_debugging\skiresort\accesstodb.tests\bin\debug\net6.0\accesstodb.tests.dll" id="e75bb6e2-88d9-af2a-a444-c4a9d67f0f0e">
      <Execution id="3b1ef72e-2303-4e13-86c8-81e17c4cbff8" />
      <TestMethod codeBase="C:\Users\alena\Desktop\7_sem\testing_and_debugging\SkiResort\AccessToDB.Tests\bin\Debug\net6.0\AccessToDB.Tests.dll" adapterTypeName="executor://xunit/VsTestRunner2/netcoreapp" className="AccessToDB.Tests.UsersRepositoryTests" name="TestAddUserAutoIncrementAsyncOk" />
    </UnitTest>
    <UnitTest name="AccessToDB.Tests.LiftsSlopesRepositoryTests.TestDeleteLiftSlopeByIDAsyncFailsWhenIDNotExists(liftSlopeID: 149)" storage="c:\users\alena\desktop\7_sem\testing_and_debugging\skiresort\accesstodb.tests\bin\debug\net6.0\accesstodb.tests.dll" id="39c07c83-0075-42f4-955a-4411a710239e">
      <Execution id="ce931eaf-1017-4eb9-97f3-f7aa2b90234e" />
      <TestMethod codeBase="C:\Users\alena\Desktop\7_sem\testing_and_debugging\SkiResort\AccessToDB.Tests\bin\Debug\net6.0\AccessToDB.Tests.dll" adapterTypeName="executor://xunit/VsTestRunner2/netcoreapp" className="AccessToDB.Tests.LiftsSlopesRepositoryTests" name="TestDeleteLiftSlopeByIDAsyncFailsWhenIDNotExists" />
    </UnitTest>
    <UnitTest name="AccessToDB.Tests.SlopesRepositoryTests.TestAddSlopeAutoIncrementAsyncOk" storage="c:\users\alena\desktop\7_sem\testing_and_debugging\skiresort\accesstodb.tests\bin\debug\net6.0\accesstodb.tests.dll" id="8f7ba917-f771-0dc5-f9b9-465c34344b12">
      <Execution id="f276e85c-dfec-4855-b753-8e4e966a54d7" />
      <TestMethod codeBase="C:\Users\alena\Desktop\7_sem\testing_and_debugging\SkiResort\AccessToDB.Tests\bin\Debug\net6.0\AccessToDB.Tests.dll" adapterTypeName="executor://xunit/VsTestRunner2/netcoreapp" className="AccessToDB.Tests.SlopesRepositoryTests" name="TestAddSlopeAutoIncrementAsyncOk" />
    </UnitTest>
    <UnitTest name="AccessToDB.Tests.UsersRepositoryTests.TestGetUserByEmailAsyncFailsWhenEmailNotExists(email: &quot;email8ae4ba4a-cdc5-4544-85a0-246ae7ea137f&quot;)" storage="c:\users\alena\desktop\7_sem\testing_and_debugging\skiresort\accesstodb.tests\bin\debug\net6.0\accesstodb.tests.dll" id="9e52bbec-2c9a-5155-4e22-f1db4cd25e66">
      <Execution id="321f3f2c-9d1c-4309-ab8c-95089bf55d1d" />
      <TestMethod codeBase="C:\Users\alena\Desktop\7_sem\testing_and_debugging\SkiResort\AccessToDB.Tests\bin\Debug\net6.0\AccessToDB.Tests.dll" adapterTypeName="executor://xunit/VsTestRunner2/netcoreapp" className="AccessToDB.Tests.UsersRepositoryTests" name="TestGetUserByEmailAsyncFailsWhenEmailNotExists" />
    </UnitTest>
    <UnitTest name="AccessToDB.Tests.LiftsRepositoryTests.TestAddLiftAsyncFailsWhenLiftIdRepeats(lift: Lift { LiftID = 64, LiftName = liftNameeefe917f-5505-4c7c-8a9b-09ada44b2be6, IsOpen = True, SeatsAmount = 163, LiftingTime = 226, QueueTime = 157, ConnectedSlopes =  })" storage="c:\users\alena\desktop\7_sem\testing_and_debugging\skiresort\accesstodb.tests\bin\debug\net6.0\accesstodb.tests.dll" id="324546b6-98b8-15ee-b714-891f0919a6c3">
      <Execution id="b4491e7a-ce23-4189-954a-8fc5d246c3f7" />
      <TestMethod codeBase="C:\Users\alena\Desktop\7_sem\testing_and_debugging\SkiResort\AccessToDB.Tests\bin\Debug\net6.0\AccessToDB.Tests.dll" adapterTypeName="executor://xunit/VsTestRunner2/netcoreapp" className="AccessToDB.Tests.LiftsRepositoryTests" name="TestAddLiftAsyncFailsWhenLiftIdRepeats" />
    </UnitTest>
    <UnitTest name="AccessToDB.Tests.LiftsSlopesRepositoryTests.TestUpdateLiftSlopeByIDAsyncOk(liftSlope: LiftSlope { RecordID = 50, LiftID = 129, SlopeID = 141 })" storage="c:\users\alena\desktop\7_sem\testing_and_debugging\skiresort\accesstodb.tests\bin\debug\net6.0\accesstodb.tests.dll" id="cc360405-b17a-0851-71ec-a5100d419dd7">
      <Execution id="8d843408-69fc-4366-960c-6f4991e39648" />
      <TestMethod codeBase="C:\Users\alena\Desktop\7_sem\testing_and_debugging\SkiResort\AccessToDB.Tests\bin\Debug\net6.0\AccessToDB.Tests.dll" adapterTypeName="executor://xunit/VsTestRunner2/netcoreapp" className="AccessToDB.Tests.LiftsSlopesRepositoryTests" name="TestUpdateLiftSlopeByIDAsyncOk" />
    </UnitTest>
    <UnitTest name="AccessToDB.Tests.UsersRepositoryTests.TestDeleteUserByIDAsyncFailsWhenIDNotExists(userID: 239)" storage="c:\users\alena\desktop\7_sem\testing_and_debugging\skiresort\accesstodb.tests\bin\debug\net6.0\accesstodb.tests.dll" id="7a153a13-59c5-e6c7-f363-92db4d2b4518">
      <Execution id="63e3c223-9629-427e-befd-e0c252906a76" />
      <TestMethod codeBase="C:\Users\alena\Desktop\7_sem\testing_and_debugging\SkiResort\AccessToDB.Tests\bin\Debug\net6.0\AccessToDB.Tests.dll" adapterTypeName="executor://xunit/VsTestRunner2/netcoreapp" className="AccessToDB.Tests.UsersRepositoryTests" name="TestDeleteUserByIDAsyncFailsWhenIDNotExists" />
    </UnitTest>
    <UnitTest name="AccessToDB.Tests.LiftsRepositoryTests.TestGetLiftsAsyncEmpty" storage="c:\users\alena\desktop\7_sem\testing_and_debugging\skiresort\accesstodb.tests\bin\debug\net6.0\accesstodb.tests.dll" id="607e8298-f113-be33-300e-15a343893443">
      <Execution id="e7aa903b-a9b8-4798-b585-d48f256137ff" />
      <TestMethod codeBase="C:\Users\alena\Desktop\7_sem\testing_and_debugging\SkiResort\AccessToDB.Tests\bin\Debug\net6.0\AccessToDB.Tests.dll" adapterTypeName="executor://xunit/VsTestRunner2/netcoreapp" className="AccessToDB.Tests.LiftsRepositoryTests" name="TestGetLiftsAsyncEmpty" />
    </UnitTest>
    <UnitTest name="AccessToDB.Tests.TurnstilesRepositoryTests.TestAddTurnstileAsyncFailsWhenTurnstileIdRepeats(turnstile: Turnstile { TurnstileID = 247, LiftID = 159, IsOpen = True })" storage="c:\users\alena\desktop\7_sem\testing_and_debugging\skiresort\accesstodb.tests\bin\debug\net6.0\accesstodb.tests.dll" id="2d0fd8f9-75f2-d0c8-4dc7-9a45f1a02f9c">
      <Execution id="741b7638-99a6-4410-9704-3c7b780e3ad4" />
      <TestMethod codeBase="C:\Users\alena\Desktop\7_sem\testing_and_debugging\SkiResort\AccessToDB.Tests\bin\Debug\net6.0\AccessToDB.Tests.dll" adapterTypeName="executor://xunit/VsTestRunner2/netcoreapp" className="AccessToDB.Tests.TurnstilesRepositoryTests" name="TestAddTurnstileAsyncFailsWhenTurnstileIdRepeats" />
    </UnitTest>
    <UnitTest name="AccessToDB.Tests.LiftsSlopesRepositoryTests.TestAddLiftSlopeAsyncFailsWhenLiftSlopeIdRepeats(liftSlope: LiftSlope { RecordID = 11, LiftID = 131, SlopeID = 46 })" storage="c:\users\alena\desktop\7_sem\testing_and_debugging\skiresort\accesstodb.tests\bin\debug\net6.0\accesstodb.tests.dll" id="9206c073-a0c0-b6b0-cf65-9ad54d3b7fca">
      <Execution id="beb3c441-6739-43b2-ad07-07e9755afc19" />
      <TestMethod codeBase="C:\Users\alena\Desktop\7_sem\testing_and_debugging\SkiResort\AccessToDB.Tests\bin\Debug\net6.0\AccessToDB.Tests.dll" adapterTypeName="executor://xunit/VsTestRunner2/netcoreapp" className="AccessToDB.Tests.LiftsSlopesRepositoryTests" name="TestAddLiftSlopeAsyncFailsWhenLiftSlopeIdRepeats" />
    </UnitTest>
    <UnitTest name="AccessToDB.Tests.LiftsSlopesRepositoryTests.TestDeleteLiftSlopesByIDsAsyncOk(liftSlope: LiftSlope { RecordID = 43, LiftID = 16, SlopeID = 78 })" storage="c:\users\alena\desktop\7_sem\testing_and_debugging\skiresort\accesstodb.tests\bin\debug\net6.0\accesstodb.tests.dll" id="b9e30edf-51e2-4c3b-de64-9dee580b2cc5">
      <Execution id="9ee6d522-2f1a-44b0-90f8-c1db5eb5f47a" />
      <TestMethod codeBase="C:\Users\alena\Desktop\7_sem\testing_and_debugging\SkiResort\AccessToDB.Tests\bin\Debug\net6.0\AccessToDB.Tests.dll" adapterTypeName="executor://xunit/VsTestRunner2/netcoreapp" className="AccessToDB.Tests.LiftsSlopesRepositoryTests" name="TestDeleteLiftSlopesByIDsAsyncOk" />
    </UnitTest>
  </TestDefinitions>
  <TestEntries>
    <TestEntry testId="8dc007a3-f730-a900-8f4d-fd2f70e0a7c2" executionId="12f3f502-9b30-42dd-baae-8427b23608fc" testListId="8c84fa94-04c1-424b-9868-57a2d4851a1d" />
    <TestEntry testId="324546b6-98b8-15ee-b714-891f0919a6c3" executionId="b4491e7a-ce23-4189-954a-8fc5d246c3f7" testListId="8c84fa94-04c1-424b-9868-57a2d4851a1d" />
    <TestEntry testId="4aec079f-bb51-a510-e912-f3c35360d2dd" executionId="865977dc-c9ca-4594-9db3-db0c1ad21daf" testListId="8c84fa94-04c1-424b-9868-57a2d4851a1d" />
    <TestEntry testId="8a894f4a-665d-a4e6-5c33-627f466f3310" executionId="c3011ccc-5cfd-43bb-af2b-d06592a5daaf" testListId="8c84fa94-04c1-424b-9868-57a2d4851a1d" />
    <TestEntry testId="ec229f70-485a-f91b-53ed-bce655f6cd58" executionId="9a476c03-b4ad-425b-8113-bb8aa7564638" testListId="8c84fa94-04c1-424b-9868-57a2d4851a1d" />
    <TestEntry testId="ef425512-c64e-f0a8-1695-20f94138658a" executionId="950f5c02-8701-4528-a1a3-85d953ba6a1e" testListId="8c84fa94-04c1-424b-9868-57a2d4851a1d" />
    <TestEntry testId="8f7ba917-f771-0dc5-f9b9-465c34344b12" executionId="f276e85c-dfec-4855-b753-8e4e966a54d7" testListId="8c84fa94-04c1-424b-9868-57a2d4851a1d" />
    <TestEntry testId="9bbefb83-8311-6e03-307f-415e3495e223" executionId="3de3861f-15ce-4a43-8873-fb870e37afbc" testListId="8c84fa94-04c1-424b-9868-57a2d4851a1d" />
    <TestEntry testId="e75bb6e2-88d9-af2a-a444-c4a9d67f0f0e" executionId="3b1ef72e-2303-4e13-86c8-81e17c4cbff8" testListId="8c84fa94-04c1-424b-9868-57a2d4851a1d" />
    <TestEntry testId="30f8e924-9784-0a43-e807-094f70e06567" executionId="21614909-e057-41a4-9bb2-b754bc8e726b" testListId="8c84fa94-04c1-424b-9868-57a2d4851a1d" />
    <TestEntry testId="4145f44e-b4b1-a618-09e8-c631496e6f1a" executionId="e12587c4-b305-4eac-b539-18bc81608d9c" testListId="8c84fa94-04c1-424b-9868-57a2d4851a1d" />
    <TestEntry testId="9e52bbec-2c9a-5155-4e22-f1db4cd25e66" executionId="321f3f2c-9d1c-4309-ab8c-95089bf55d1d" testListId="8c84fa94-04c1-424b-9868-57a2d4851a1d" />
    <TestEntry testId="885cdb30-552d-1013-7df7-dd2c843e034c" executionId="ec7a81fe-66d1-48bd-8338-d9355fda1121" testListId="8c84fa94-04c1-424b-9868-57a2d4851a1d" />
    <TestEntry testId="cc360405-b17a-0851-71ec-a5100d419dd7" executionId="8d843408-69fc-4366-960c-6f4991e39648" testListId="8c84fa94-04c1-424b-9868-57a2d4851a1d" />
    <TestEntry testId="fd6b4dd1-66c1-dd16-a568-5db6da7b860a" executionId="66009a72-cda8-4465-ba3f-ec22bb8de4ba" testListId="8c84fa94-04c1-424b-9868-57a2d4851a1d" />
    <TestEntry testId="39c07c83-0075-42f4-955a-4411a710239e" executionId="ce931eaf-1017-4eb9-97f3-f7aa2b90234e" testListId="8c84fa94-04c1-424b-9868-57a2d4851a1d" />
    <TestEntry testId="8e9899a5-53c9-9998-89b3-dbab2d05dfc4" executionId="f62c2755-074a-46a9-94ad-f13811657eda" testListId="8c84fa94-04c1-424b-9868-57a2d4851a1d" />
    <TestEntry testId="8238b82a-32cf-9be6-95a5-4840c29fdd4c" executionId="4fdba2a3-dbac-4134-be3d-93898d6e3354" testListId="8c84fa94-04c1-424b-9868-57a2d4851a1d" />
    <TestEntry testId="54641506-fc05-ac33-ba21-a6f609a2c7a0" executionId="c478f4a1-5bc3-4700-ab6f-17f915781fe0" testListId="8c84fa94-04c1-424b-9868-57a2d4851a1d" />
    <TestEntry testId="9206c073-a0c0-b6b0-cf65-9ad54d3b7fca" executionId="beb3c441-6739-43b2-ad07-07e9755afc19" testListId="8c84fa94-04c1-424b-9868-57a2d4851a1d" />
    <TestEntry testId="c31bf720-53fe-a10a-0d03-227e3cac67bf" executionId="b3d2bdd4-8ad9-4c36-aee5-95505983ec79" testListId="8c84fa94-04c1-424b-9868-57a2d4851a1d" />
    <TestEntry testId="03f2bf2b-dfeb-0361-d5ce-3cc54e217f80" executionId="8ab29ffd-194a-42c5-9337-c8b457242c8d" testListId="8c84fa94-04c1-424b-9868-57a2d4851a1d" />
    <TestEntry testId="46b31141-d748-655c-63a2-63da7042d0e1" executionId="a0bc584d-0711-4819-b65c-f765637446e9" testListId="8c84fa94-04c1-424b-9868-57a2d4851a1d" />
    <TestEntry testId="3c521313-4ed6-6bce-b4f9-c359411028e7" executionId="74258488-33b5-4c46-97ac-80d8df76d155" testListId="8c84fa94-04c1-424b-9868-57a2d4851a1d" />
    <TestEntry testId="b3513176-b008-14c2-8656-15e5e96e80f0" executionId="bb5e744a-8892-424b-b8d0-a3fa1b78a040" testListId="8c84fa94-04c1-424b-9868-57a2d4851a1d" />
    <TestEntry testId="7a153a13-59c5-e6c7-f363-92db4d2b4518" executionId="63e3c223-9629-427e-befd-e0c252906a76" testListId="8c84fa94-04c1-424b-9868-57a2d4851a1d" />
    <TestEntry testId="a23769e0-2ad4-9c35-415e-3220dcabf983" executionId="0dc4829e-7f0e-436a-bc92-ceaaf46342c2" testListId="8c84fa94-04c1-424b-9868-57a2d4851a1d" />
    <TestEntry testId="093ec8bc-3fdf-6f1f-85ab-1947c2e5863d" executionId="10add48f-8fdd-4f26-a5cb-f34aa19b6751" testListId="8c84fa94-04c1-424b-9868-57a2d4851a1d" />
    <TestEntry testId="e294a8a5-2c66-189c-e64a-f4f1fe98ef13" executionId="90c0558a-c950-4c87-865c-611d4ebc02ef" testListId="8c84fa94-04c1-424b-9868-57a2d4851a1d" />
    <TestEntry testId="3badb689-08a4-8909-7f0d-b9a79c4e7595" executionId="779589db-194a-477d-99e9-557b5c9e0e6a" testListId="8c84fa94-04c1-424b-9868-57a2d4851a1d" />
    <TestEntry testId="c81b4f4e-3a81-17ef-e9b3-4584bbee1067" executionId="b0b0bc03-b3a9-4c3b-9feb-e6667f921121" testListId="8c84fa94-04c1-424b-9868-57a2d4851a1d" />
    <TestEntry testId="3741b26d-6ee0-6246-29e4-92009bff37b0" executionId="1e2e1dd0-8388-4a84-84b5-36d535ec7688" testListId="8c84fa94-04c1-424b-9868-57a2d4851a1d" />
    <TestEntry testId="f9435956-2e34-e52b-c34e-dce53665cf8e" executionId="3d4e25f0-2606-4b65-b790-79075a7ded13" testListId="8c84fa94-04c1-424b-9868-57a2d4851a1d" />
    <TestEntry testId="b9e30edf-51e2-4c3b-de64-9dee580b2cc5" executionId="9ee6d522-2f1a-44b0-90f8-c1db5eb5f47a" testListId="8c84fa94-04c1-424b-9868-57a2d4851a1d" />
    <TestEntry testId="5adafe4b-0be8-639a-faff-b9a9c532db88" executionId="2386bc1e-fd12-4554-9e97-28dc6a68bacb" testListId="8c84fa94-04c1-424b-9868-57a2d4851a1d" />
    <TestEntry testId="9c7aff39-25e5-bfd1-480f-2e2217c01a8d" executionId="b6ce175b-e337-468b-b720-9fb458a75eac" testListId="8c84fa94-04c1-424b-9868-57a2d4851a1d" />
    <TestEntry testId="607e8298-f113-be33-300e-15a343893443" executionId="e7aa903b-a9b8-4798-b585-d48f256137ff" testListId="8c84fa94-04c1-424b-9868-57a2d4851a1d" />
    <TestEntry testId="2d0fd8f9-75f2-d0c8-4dc7-9a45f1a02f9c" executionId="741b7638-99a6-4410-9704-3c7b780e3ad4" testListId="8c84fa94-04c1-424b-9868-57a2d4851a1d" />
    <TestEntry testId="bcdca565-fcae-185f-4d15-651b7a250fa5" executionId="2a42e3ac-ea31-48db-900d-5243f3c9edfc" testListId="8c84fa94-04c1-424b-9868-57a2d4851a1d" />
  </TestEntries>
  <TestLists>
    <TestList name="Список результатов" id="8c84fa94-04c1-424b-9868-57a2d4851a1d" />
    <TestList name="Все загруженные результаты" id="19431567-8539-422a-85d7-44ee4e166bda" />
  </TestLists>
  <ResultSummary outcome="Failed">
    <Counters total="39" executed="39" passed="37" failed="2" error="0" timeout="0" aborted="0" inconclusive="0" passedButRunAborted="0" notRunnable="0" notExecuted="0" disconnected="0" warning="0" completed="0" inProgress="0" pending="0" />
    <Output>
      <StdOut>[xUnit.net 00:00:00.00] xUnit.net VSTest Adapter v2.4.5+1caef2f33e (64-bit .NET 6.0.3)&#xD;
[xUnit.net 00:00:00.58]   Discovering: AccessToDB.Tests&#xD;
[xUnit.net 00:00:00.71]   Discovered:  AccessToDB.Tests&#xD;
[xUnit.net 00:00:00.71]   Starting:    AccessToDB.Tests&#xD;
[xUnit.net 00:00:01.36]       ProGaudi.MsgPack.Light.ConverterNotFoundException : Converter not found for type System.Int64&#xD;
[xUnit.net 00:00:01.37]       Stack Trace:&#xD;
[xUnit.net 00:00:01.37]            at ProGaudi.MsgPack.Light.MsgPackContext.GetConverter[T]()&#xD;
[xUnit.net 00:00:01.37]            at ProGaudi.Tarantool.Client.Model.BoxInfo.Converter.InitializeIfNeeded()&#xD;
[xUnit.net 00:00:01.37]            at ProGaudi.Tarantool.Client.Model.BoxInfo.Converter.Read(IMsgPackReader reader)&#xD;
[xUnit.net 00:00:01.37]            at ProGaudi.MsgPack.Light.Converters.ArrayConverter`2.ReadArray(IMsgPackReader reader, UInt32 length)&#xD;
[xUnit.net 00:00:01.37]            at ProGaudi.MsgPack.Light.Converters.ArrayConverter`2.Read(IMsgPackReader reader)&#xD;
[xUnit.net 00:00:01.37]            at ProGaudi.Tarantool.Client.Converters.ResponsePacketConverter`1.ProGaudi.MsgPack.Light.IMsgPackConverter&lt;ProGaudi.Tarantool.Client.Model.Responses.DataResponse&lt;T&gt;&gt;.Read(IMsgPackReader reader)&#xD;
[xUnit.net 00:00:01.37]            at ProGaudi.MsgPack.Light.MsgPackSerializer.Deserialize[T](MemoryStream stream, MsgPackContext context)&#xD;
[xUnit.net 00:00:01.37]            at ProGaudi.Tarantool.Client.LogicalConnection.SendRequest[TRequest,TResponse](TRequest request, Nullable`1 timeout)&#xD;
[xUnit.net 00:00:01.37]            at ProGaudi.Tarantool.Client.LogicalConnectionManager.SendRequest[TRequest,TResponse](TRequest request, Nullable`1 timeout)&#xD;
[xUnit.net 00:00:01.37]            at ProGaudi.Tarantool.Client.Box.Eval[TTuple,TResponse](String expression, TTuple parameters)&#xD;
[xUnit.net 00:00:01.37]            at ProGaudi.Tarantool.Client.Box.ReloadBoxInfo()&#xD;
[xUnit.net 00:00:01.37]            at ProGaudi.Tarantool.Client.Box.Connect()&#xD;
[xUnit.net 00:00:01.37]            at ProGaudi.Tarantool.Client.Box.Connect(String replicationSource)&#xD;
[xUnit.net 00:00:01.37]         C:\Users\alena\Desktop\7_sem\testing_and_debugging\SkiResort\AccessToDB\TarantoolContext.cs(52,0): at AccessToDB.TarantoolContext.Initialize(String connection_string)&#xD;
[xUnit.net 00:00:01.37]         C:\Users\alena\Desktop\7_sem\testing_and_debugging\SkiResort\AccessToDB\TarantoolContext.cs(32,0): at AccessToDB.TarantoolContext..ctor(String connection_string)&#xD;
[xUnit.net 00:00:01.37]         C:\Users\alena\Desktop\7_sem\testing_and_debugging\SkiResort\AccessToDB.Tests\TurnstilesRepositoryTests.cs(29,0): at AccessToDB.Tests.TurnstilesRepositoryTests..ctor()&#xD;
[xUnit.net 00:00:01.37]            at System.RuntimeType.CreateInstanceDefaultCtor(Boolean publicOnly, Boolean wrapExceptions)&#xD;
[xUnit.net 00:00:24.27]       ProGaudi.MsgPack.Light.ConverterNotFoundException : Converter not found for type System.UInt32&#xD;
[xUnit.net 00:00:24.27]       Stack Trace:&#xD;
[xUnit.net 00:00:24.27]            at ProGaudi.MsgPack.Light.MsgPackContext.GetConverter[T]()&#xD;
[xUnit.net 00:00:24.27]            at ProGaudi.Tarantool.Client.Converters.ValueTupleConverter`6.Initialize(MsgPackContext context)&#xD;
[xUnit.net 00:00:24.27]            at ProGaudi.MsgPack.Light.MsgPackContext.CreateAndInializeConverter(Func`1 converterActivator)&#xD;
[xUnit.net 00:00:24.27]            at ProGaudi.MsgPack.Light.MsgPackContext.TryGenerateConverterFromGenericConverter(Type type)&#xD;
[xUnit.net 00:00:24.27]            at ProGaudi.MsgPack.Light.MsgPackContext.GetConverter[T]()&#xD;
[xUnit.net 00:00:24.27]            at ProGaudi.MsgPack.Light.Converters.ArrayConverterBase`2.Initialize(MsgPackContext context)&#xD;
[xUnit.net 00:00:24.27]            at ProGaudi.MsgPack.Light.MsgPackContext.CreateAndInializeConverter(Func`1 converterActivator)&#xD;
[xUnit.net 00:00:24.27]            at ProGaudi.MsgPack.Light.MsgPackContext.TryGenerateArrayConverter(Type type)&#xD;
[xUnit.net 00:00:24.27]            at ProGaudi.MsgPack.Light.MsgPackContext.GetConverter[T]()&#xD;
[xUnit.net 00:00:24.27]            at ProGaudi.Tarantool.Client.Converters.ResponsePacketConverter`1.Initialize(MsgPackContext context)&#xD;
[xUnit.net 00:00:24.27]            at ProGaudi.MsgPack.Light.MsgPackContext.CreateAndInializeConverter(Func`1 converterActivator)&#xD;
[xUnit.net 00:00:24.27]            at ProGaudi.MsgPack.Light.MsgPackContext.TryGenerateConverterFromGenericConverter(Type type)&#xD;
[xUnit.net 00:00:24.27]            at ProGaudi.MsgPack.Light.MsgPackContext.GetConverter[T]()&#xD;
[xUnit.net 00:00:24.27]            at ProGaudi.MsgPack.Light.MsgPackSerializer.GetConverter[T](MsgPackContext context)&#xD;
[xUnit.net 00:00:24.27]            at ProGaudi.MsgPack.Light.MsgPackSerializer.Deserialize[T](MemoryStream stream, MsgPackContext context)&#xD;
[xUnit.net 00:00:24.27]            at ProGaudi.Tarantool.Client.LogicalConnection.SendRequest[TRequest,TResponse](TRequest request, Nullable`1 timeout)&#xD;
[xUnit.net 00:00:24.27]            at ProGaudi.Tarantool.Client.LogicalConnectionManager.SendRequest[TRequest,TResponse](TRequest request, Nullable`1 timeout)&#xD;
[xUnit.net 00:00:24.27]            at ProGaudi.Tarantool.Client.Index.Select[TKey,TTuple](TKey key, SelectOptions options)&#xD;
[xUnit.net 00:00:24.27]         C:\Users\alena\Desktop\7_sem\testing_and_debugging\SkiResort\AccessToDB\TarantoolRepositories\TarantoolLiftsRepository.cs(35,0): at AccessToDB.RepositoriesTarantool.TarantoolLiftsRepository.GetLiftsAsync(UInt32 offset, UInt32 limit)&#xD;
[xUnit.net 00:00:24.27]         C:\Users\alena\Desktop\7_sem\testing_and_debugging\SkiResort\AccessToDB.Tests\LiftsRepositoryTests.cs(40,0): at AccessToDB.Tests.LiftsRepositoryTests.CleanLiftsTable()&#xD;
[xUnit.net 00:00:24.27]         C:\Users\alena\Desktop\7_sem\testing_and_debugging\SkiResort\AccessToDB.Tests\LiftsRepositoryTests.cs(30,0): at AccessToDB.Tests.LiftsRepositoryTests..ctor()&#xD;
[xUnit.net 00:00:24.27]            at System.RuntimeType.CreateInstanceDefaultCtor(Boolean publicOnly, Boolean wrapExceptions)&#xD;
[xUnit.net 00:00:24.28]   Finished:    AccessToDB.Tests&#xD;
</StdOut>
    </Output>
    <RunInfos>
      <RunInfo computerName="DESKTOP-TJ9D65N" outcome="Error" timestamp="2022-10-15T20:06:26.9247463+03:00">
        <Text>[xUnit.net 00:00:01.36]     AccessToDB.Tests.TurnstilesRepositoryTests.TestAddTurnstileAsyncFailsWhenTurnstileIdRepeats(turnstile: Turnstile { TurnstileID = 247, LiftID = 159, IsOpen = True }) [FAIL]</Text>
      </RunInfo>
      <RunInfo computerName="DESKTOP-TJ9D65N" outcome="Error" timestamp="2022-10-15T20:06:49.8331001+03:00">
        <Text>[xUnit.net 00:00:24.27]     AccessToDB.Tests.LiftsRepositoryTests.TestGetLiftByIdAsyncOk(lift: Lift { LiftID = 78, LiftName = liftNamedf300e2d-da3f-46b9-86ce-e43c183fe6a3, IsOpen = True, SeatsAmount = 22, LiftingTime = 49, QueueTime = 163, ConnectedSlopes =  }) [FAIL]</Text>
      </RunInfo>
    </RunInfos>
  </ResultSummary>
</TestRun>