<?xml version="1.0" encoding="utf-8"?>
<TestRun id="b646aefa-fe29-48f6-9c37-c34c9c00f3b4" name="alena@DESKTOP-TJ9D65N 2022-10-15 22:06:40" runUser="DESKTOP-TJ9D65N\alena" xmlns="http://microsoft.com/schemas/VisualStudio/TeamTest/2010">
  <Times creation="2022-10-15T22:06:40.1704485+03:00" queuing="2022-10-15T22:06:40.1704488+03:00" start="2022-10-15T22:06:36.4960074+03:00" finish="2022-10-15T22:07:40.9948910+03:00" />
  <TestSettings name="default" id="70fad768-6fc5-4eea-98c2-dbccfd118342">
    <Deployment runDeploymentRoot="alena_DESKTOP-TJ9D65N_2022-10-15_22_06_40" />
  </TestSettings>
  <Results>
    <UnitTestResult executionId="baad4813-2886-46b5-ab3f-99920e266f59" testId="ec229f70-485a-f91b-53ed-bce655f6cd58" testName="AccessToDB.Tests.LiftsRepositoryTests.TestAddLiftAutoIncrementAsyncOk" computerName="DESKTOP-TJ9D65N" duration="00:00:01.6264964" startTime="2022-10-15T22:07:31.2878358+03:00" endTime="2022-10-15T22:07:31.2878362+03:00" testType="13cdc9d9-ddb5-4fa4-a97d-d965ccfc6d4b" outcome="Passed" testListId="8c84fa94-04c1-424b-9868-57a2d4851a1d" relativeResultsDirectory="baad4813-2886-46b5-ab3f-99920e266f59" />
    <UnitTestResult executionId="ba467524-784f-48aa-877f-c1f489d2288b" testId="b486b56e-8d25-994c-0a38-ce6dcb42870e" testName="AccessToDB.Tests.TurnstilesRepositoryTests.TestDeleteTurnstileByIDAsyncFailsWhenIDNotExists(turnstileID: 31)" computerName="DESKTOP-TJ9D65N" duration="00:00:01.5728373" startTime="2022-10-15T22:06:55.6894140+03:00" endTime="2022-10-15T22:06:55.6894142+03:00" testType="13cdc9d9-ddb5-4fa4-a97d-d965ccfc6d4b" outcome="Passed" testListId="8c84fa94-04c1-424b-9868-57a2d4851a1d" relativeResultsDirectory="ba467524-784f-48aa-877f-c1f489d2288b" />
    <UnitTestResult executionId="980fb183-cae5-49c6-bfd2-96e16d01ae7f" testId="491da243-7fe2-69f7-bfc7-87773e45fe0d" testName="AccessToDB.Tests.SlopesRepositoryTests.TestDeleteSlopeByIDAsyncFailsWhenIDNotExists(slopeID: 194)" computerName="DESKTOP-TJ9D65N" duration="00:00:01.5619659" startTime="2022-10-15T22:07:13.4971539+03:00" endTime="2022-10-15T22:07:13.4971549+03:00" testType="13cdc9d9-ddb5-4fa4-a97d-d965ccfc6d4b" outcome="Passed" testListId="8c84fa94-04c1-424b-9868-57a2d4851a1d" relativeResultsDirectory="980fb183-cae5-49c6-bfd2-96e16d01ae7f" />
    <UnitTestResult executionId="754a683a-877c-4323-9127-f72b7f3ac024" testId="607e8298-f113-be33-300e-15a343893443" testName="AccessToDB.Tests.LiftsRepositoryTests.TestGetLiftsAsyncEmpty" computerName="DESKTOP-TJ9D65N" duration="00:00:01.5568720" startTime="2022-10-15T22:07:34.4758253+03:00" endTime="2022-10-15T22:07:34.4758255+03:00" testType="13cdc9d9-ddb5-4fa4-a97d-d965ccfc6d4b" outcome="Passed" testListId="8c84fa94-04c1-424b-9868-57a2d4851a1d" relativeResultsDirectory="754a683a-877c-4323-9127-f72b7f3ac024" />
    <UnitTestResult executionId="a053ae28-780d-485e-b65a-e2a36dbf7897" testId="1d2c760c-3ac0-bfdd-f0fe-91248a1c761f" testName="AccessToDB.Tests.TurnstilesRepositoryTests.TestAddTurnstileAsyncFailsWhenTurnstileIdRepeats(turnstile: Turnstile { TurnstileID = 197, LiftID = 209, IsOpen = True })" computerName="DESKTOP-TJ9D65N" duration="00:00:01.6199240" startTime="2022-10-15T22:06:57.3126269+03:00" endTime="2022-10-15T22:06:57.3126276+03:00" testType="13cdc9d9-ddb5-4fa4-a97d-d965ccfc6d4b" outcome="Passed" testListId="8c84fa94-04c1-424b-9868-57a2d4851a1d" relativeResultsDirectory="a053ae28-780d-485e-b65a-e2a36dbf7897" />
    <UnitTestResult executionId="6794333b-5705-4840-a597-bcef67cecbf0" testId="30f8e924-9784-0a43-e807-094f70e06567" testName="AccessToDB.Tests.LiftsSlopesRepositoryTests.TestAddLiftSlopeAutoIncrementAsyncOk" computerName="DESKTOP-TJ9D65N" duration="00:00:01.6173979" startTime="2022-10-15T22:07:28.0706975+03:00" endTime="2022-10-15T22:07:28.0706993+03:00" testType="13cdc9d9-ddb5-4fa4-a97d-d965ccfc6d4b" outcome="Passed" testListId="8c84fa94-04c1-424b-9868-57a2d4851a1d" relativeResultsDirectory="6794333b-5705-4840-a597-bcef67cecbf0" />
    <UnitTestResult executionId="c0eeff97-9cb8-45c1-9f91-34fcea50d6ad" testId="13e61f43-dcb6-913b-3aa2-9afe022a8267" testName="AccessToDB.Tests.LiftsSlopesRepositoryTests.TestDeleteLiftSlopeByIDAsyncFailsWhenIDNotExists(liftSlopeID: 41)" computerName="DESKTOP-TJ9D65N" duration="00:00:01.5640490" startTime="2022-10-15T22:07:19.9315614+03:00" endTime="2022-10-15T22:07:19.9315617+03:00" testType="13cdc9d9-ddb5-4fa4-a97d-d965ccfc6d4b" outcome="Passed" testListId="8c84fa94-04c1-424b-9868-57a2d4851a1d" relativeResultsDirectory="c0eeff97-9cb8-45c1-9f91-34fcea50d6ad" />
    <UnitTestResult executionId="33387d09-3a17-477f-a06b-40e8a1996d6a" testId="c999d9ea-a449-76c0-3d2d-37b786760143" testName="AccessToDB.Tests.UsersRepositoryTests.TestAddUserAsyncFailsWhenUserIdRepeats(user: User { UserID = 78, CardID = 91, UserEmail = UserEmail6f913b90-df28-4389-98f8-544e149c4be4, Password = password48565f73-b5c7-4c7f-acb1-539259dd3c3a, Permissions = UNAUTHORIZED })" computerName="DESKTOP-TJ9D65N" duration="00:00:01.6104629" startTime="2022-10-15T22:06:46.0208066+03:00" endTime="2022-10-15T22:06:46.0208068+03:00" testType="13cdc9d9-ddb5-4fa4-a97d-d965ccfc6d4b" outcome="Passed" testListId="8c84fa94-04c1-424b-9868-57a2d4851a1d" relativeResultsDirectory="33387d09-3a17-477f-a06b-40e8a1996d6a" />
    <UnitTestResult executionId="0c114f3d-f8b6-4fdb-91ee-78d678ec252b" testId="9bbefb83-8311-6e03-307f-415e3495e223" testName="AccessToDB.Tests.SlopesRepositoryTests.TestGetSlopesAsyncEmpty" computerName="DESKTOP-TJ9D65N" duration="00:00:01.5796475" startTime="2022-10-15T22:07:11.9311011+03:00" endTime="2022-10-15T22:07:11.9311014+03:00" testType="13cdc9d9-ddb5-4fa4-a97d-d965ccfc6d4b" outcome="Passed" testListId="8c84fa94-04c1-424b-9868-57a2d4851a1d" relativeResultsDirectory="0c114f3d-f8b6-4fdb-91ee-78d678ec252b" />
    <UnitTestResult executionId="a30539bd-a0e4-4fa2-bba1-daf8220fdb30" testId="73c24648-77f5-780f-21da-a69c1da1d0a7" testName="AccessToDB.Tests.LiftsSlopesRepositoryTests.TestDeleteLiftSlopesByIDsAsyncOk(liftSlope: LiftSlope { RecordID = 80, LiftID = 251, SlopeID = 240 })" computerName="DESKTOP-TJ9D65N" duration="00:00:01.6368738" startTime="2022-10-15T22:07:16.7671832+03:00" endTime="2022-10-15T22:07:16.7671834+03:00" testType="13cdc9d9-ddb5-4fa4-a97d-d965ccfc6d4b" outcome="Passed" testListId="8c84fa94-04c1-424b-9868-57a2d4851a1d" relativeResultsDirectory="a30539bd-a0e4-4fa2-bba1-daf8220fdb30" />
    <UnitTestResult executionId="9e085871-74d6-4acd-b292-a9695ed1df13" testId="c030c532-41b0-c511-c557-3cf8294055af" testName="AccessToDB.Tests.SlopesRepositoryTests.TestGetSlopeByIdAsyncOk(slope: Slope { SlopeID = 181, SlopeName = slopeNamea8c8a299-7276-460d-9429-487dd2f4b114, IsOpen = True, DifficultyLevel = 62, ConnectedLifts =  })" computerName="DESKTOP-TJ9D65N" duration="00:00:01.6138809" startTime="2022-10-15T22:07:15.1214579+03:00" endTime="2022-10-15T22:07:15.1214583+03:00" testType="13cdc9d9-ddb5-4fa4-a97d-d965ccfc6d4b" outcome="Passed" testListId="8c84fa94-04c1-424b-9868-57a2d4851a1d" relativeResultsDirectory="9e085871-74d6-4acd-b292-a9695ed1df13" />
    <UnitTestResult executionId="8bc42636-aaf9-4152-8541-ae6f59c4c4a0" testId="a4ed56e9-f9e4-dc59-e275-3ab5791ba9a2" testName="AccessToDB.Tests.LiftsSlopesRepositoryTests.TestGetSlopesByLiftIdAsyncFailsWhenSlopeNotExists(liftSlope: LiftSlope { RecordID = 52, LiftID = 112, SlopeID = 24 })" computerName="DESKTOP-TJ9D65N" duration="00:00:01.6081749" startTime="2022-10-15T22:07:23.1600021+03:00" endTime="2022-10-15T22:07:23.1600024+03:00" testType="13cdc9d9-ddb5-4fa4-a97d-d965ccfc6d4b" outcome="Passed" testListId="8c84fa94-04c1-424b-9868-57a2d4851a1d" relativeResultsDirectory="8bc42636-aaf9-4152-8541-ae6f59c4c4a0" />
    <UnitTestResult executionId="d739ba49-b6a3-47f1-918f-7a90b913f5cc" testId="8f7ba917-f771-0dc5-f9b9-465c34344b12" testName="AccessToDB.Tests.SlopesRepositoryTests.TestAddSlopeAutoIncrementAsyncOk" computerName="DESKTOP-TJ9D65N" duration="00:00:01.6098965" startTime="2022-10-15T22:07:08.6980031+03:00" endTime="2022-10-15T22:07:08.6980038+03:00" testType="13cdc9d9-ddb5-4fa4-a97d-d965ccfc6d4b" outcome="Passed" testListId="8c84fa94-04c1-424b-9868-57a2d4851a1d" relativeResultsDirectory="d739ba49-b6a3-47f1-918f-7a90b913f5cc" />
    <UnitTestResult executionId="5a89cdb6-7a8c-4d5f-bf67-96721b0496ac" testId="e75bb6e2-88d9-af2a-a444-c4a9d67f0f0e" testName="AccessToDB.Tests.UsersRepositoryTests.TestAddUserAutoIncrementAsyncOk" computerName="DESKTOP-TJ9D65N" duration="00:00:01.6295614" startTime="2022-10-15T22:06:52.4775830+03:00" endTime="2022-10-15T22:06:52.4775837+03:00" testType="13cdc9d9-ddb5-4fa4-a97d-d965ccfc6d4b" outcome="Passed" testListId="8c84fa94-04c1-424b-9868-57a2d4851a1d" relativeResultsDirectory="5a89cdb6-7a8c-4d5f-bf67-96721b0496ac" />
    <UnitTestResult executionId="21ebb344-ed82-4018-b757-acd7f2b31894" testId="f9435956-2e34-e52b-c34e-dce53665cf8e" testName="AccessToDB.Tests.TurnstilesRepositoryTests.TestAddTurnstileAutoIncrementAsyncOk" computerName="DESKTOP-TJ9D65N" duration="00:00:01.6055626" startTime="2022-10-15T22:07:03.8890290+03:00" endTime="2022-10-15T22:07:03.8890295+03:00" testType="13cdc9d9-ddb5-4fa4-a97d-d965ccfc6d4b" outcome="Passed" testListId="8c84fa94-04c1-424b-9868-57a2d4851a1d" relativeResultsDirectory="21ebb344-ed82-4018-b757-acd7f2b31894" />
    <UnitTestResult executionId="34fa7504-6a59-4627-b0ff-eff0f01ba5aa" testId="d06d86de-13e2-0f89-94ee-958cb0e69b4b" testName="AccessToDB.Tests.SlopesRepositoryTests.TestGetSlopeByNameAsyncFailsWhenNameNotExists(slopeName: &quot;slopeNamebe9779c4-4052-43b2-b5f7-da85c6636ab0&quot;)" computerName="DESKTOP-TJ9D65N" duration="00:00:01.5723839" startTime="2022-10-15T22:07:05.4679513+03:00" endTime="2022-10-15T22:07:05.4679517+03:00" testType="13cdc9d9-ddb5-4fa4-a97d-d965ccfc6d4b" outcome="Passed" testListId="8c84fa94-04c1-424b-9868-57a2d4851a1d" relativeResultsDirectory="34fa7504-6a59-4627-b0ff-eff0f01ba5aa" />
    <UnitTestResult executionId="461cb54c-0432-4916-8d49-9f953c5b3d80" testId="25b4add2-8899-8f10-836a-6dbb30f6e546" testName="AccessToDB.Tests.LiftsRepositoryTests.TestUpdateLiftByIDAsyncOk(lift: Lift { LiftID = 161, LiftName = liftName13e0c4cc-f800-4801-af38-ab93d171dacf, IsOpen = True, SeatsAmount = 23, LiftingTime = 78, QueueTime = 87, ConnectedSlopes =  })" computerName="DESKTOP-TJ9D65N" duration="00:00:01.6158638" startTime="2022-10-15T22:07:36.0985744+03:00" endTime="2022-10-15T22:07:36.0985752+03:00" testType="13cdc9d9-ddb5-4fa4-a97d-d965ccfc6d4b" outcome="Passed" testListId="8c84fa94-04c1-424b-9868-57a2d4851a1d" relativeResultsDirectory="461cb54c-0432-4916-8d49-9f953c5b3d80" />
    <UnitTestResult executionId="76dc55d5-5ed0-42f0-bf96-2cd796e6445a" testId="76a9186d-6388-0eef-ac46-2bb72760d5c8" testName="AccessToDB.Tests.SlopesRepositoryTests.TestAddSlopeAsyncFailsWhenSlopeIdRepeats(slope: Slope { SlopeID = 174, SlopeName = slopeName60393f1d-2b1e-4166-aa13-3439c570924a, IsOpen = True, DifficultyLevel = 116, ConnectedLifts =  })" computerName="DESKTOP-TJ9D65N" duration="00:00:01.6305038" startTime="2022-10-15T22:07:10.3403838+03:00" endTime="2022-10-15T22:07:10.3403846+03:00" testType="13cdc9d9-ddb5-4fa4-a97d-d965ccfc6d4b" outcome="Passed" testListId="8c84fa94-04c1-424b-9868-57a2d4851a1d" relativeResultsDirectory="76dc55d5-5ed0-42f0-bf96-2cd796e6445a" />
    <UnitTestResult executionId="6bdcb2f9-9bef-409a-baf1-d3fb5f826b66" testId="fcd951fd-cc33-778d-0f34-37e96a40cda3" testName="AccessToDB.Tests.SlopesRepositoryTests.TestUpdateSlopeByIDAsyncOk(slope: Slope { SlopeID = 230, SlopeName = slopeNameba56d3d0-1274-4149-bea4-131f82f5b12a, IsOpen = True, DifficultyLevel = 38, ConnectedLifts =  })" computerName="DESKTOP-TJ9D65N" duration="00:00:01.6090919" startTime="2022-10-15T22:07:07.0823920+03:00" endTime="2022-10-15T22:07:07.0823924+03:00" testType="13cdc9d9-ddb5-4fa4-a97d-d965ccfc6d4b" outcome="Passed" testListId="8c84fa94-04c1-424b-9868-57a2d4851a1d" relativeResultsDirectory="6bdcb2f9-9bef-409a-baf1-d3fb5f826b66" />
    <UnitTestResult executionId="29756957-0653-482d-a7d4-7a0b7642295b" testId="4145f44e-b4b1-a618-09e8-c631496e6f1a" testName="AccessToDB.Tests.LiftsSlopesRepositoryTests.TestGetLiftSlopesAsyncEmpty" computerName="DESKTOP-TJ9D65N" duration="00:00:01.5756872" startTime="2022-10-15T22:07:29.6504564+03:00" endTime="2022-10-15T22:07:29.6504571+03:00" testType="13cdc9d9-ddb5-4fa4-a97d-d965ccfc6d4b" outcome="Passed" testListId="8c84fa94-04c1-424b-9868-57a2d4851a1d" relativeResultsDirectory="29756957-0653-482d-a7d4-7a0b7642295b" />
    <UnitTestResult executionId="72b6dad9-cde4-41b1-a439-7cf704865597" testId="5838421a-6fbb-e541-f4e9-ae0c3617a813" testName="AccessToDB.Tests.LiftsSlopesRepositoryTests.TestAddLiftSlopeAsyncFailsWhenLiftSlopeIdRepeats(liftSlope: LiftSlope { RecordID = 190, LiftID = 206, SlopeID = 211 })" computerName="DESKTOP-TJ9D65N" duration="00:00:01.6103864" startTime="2022-10-15T22:07:26.4491524+03:00" endTime="2022-10-15T22:07:26.4491526+03:00" testType="13cdc9d9-ddb5-4fa4-a97d-d965ccfc6d4b" outcome="Passed" testListId="8c84fa94-04c1-424b-9868-57a2d4851a1d" relativeResultsDirectory="72b6dad9-cde4-41b1-a439-7cf704865597" />
    <UnitTestResult executionId="63f2a1c4-2176-4956-ac65-176982f4eb23" testId="23262cfe-eaf5-d026-f6db-2d76b6af4ad6" testName="AccessToDB.Tests.UsersRepositoryTests.TestGetUserByIdAsyncOk(user: User { UserID = 246, CardID = 248, UserEmail = UserEmail9e6c56f7-4e8d-4c8b-a0e1-1cd335862c01, Password = passwordf2e58d22-6a6f-443e-a58a-2d7baaba507c, Permissions = UNAUTHORIZED })" computerName="DESKTOP-TJ9D65N" duration="00:00:01.6105679" startTime="2022-10-15T22:06:49.2558552+03:00" endTime="2022-10-15T22:06:49.2558556+03:00" testType="13cdc9d9-ddb5-4fa4-a97d-d965ccfc6d4b" outcome="Passed" testListId="8c84fa94-04c1-424b-9868-57a2d4851a1d" relativeResultsDirectory="63f2a1c4-2176-4956-ac65-176982f4eb23" />
    <UnitTestResult executionId="01ba132e-712e-4fce-b353-69c20d3921de" testId="45989060-5eba-a584-f1d7-ff2264477a72" testName="AccessToDB.Tests.LiftsSlopesRepositoryTests.TestGetLiftSlopeByIdAsyncOk(liftSlope: LiftSlope { RecordID = 134, LiftID = 9, SlopeID = 75 })" computerName="DESKTOP-TJ9D65N" duration="00:00:01.5898990" startTime="2022-10-15T22:07:18.3610684+03:00" endTime="2022-10-15T22:07:18.3610687+03:00" testType="13cdc9d9-ddb5-4fa4-a97d-d965ccfc6d4b" outcome="Passed" testListId="8c84fa94-04c1-424b-9868-57a2d4851a1d" relativeResultsDirectory="01ba132e-712e-4fce-b353-69c20d3921de" />
    <UnitTestResult executionId="3100d541-867b-40ae-9396-ee9cb7890d18" testId="a4fe5f87-d4aa-8db7-2409-8987f4935564" testName="AccessToDB.Tests.TurnstilesRepositoryTests.TestUpdateTurnstileByIDAsyncOk(turnstile: Turnstile { TurnstileID = 216, LiftID = 37, IsOpen = True })" computerName="DESKTOP-TJ9D65N" duration="00:00:01.6161639" startTime="2022-10-15T22:07:00.7025584+03:00" endTime="2022-10-15T22:07:00.7025587+03:00" testType="13cdc9d9-ddb5-4fa4-a97d-d965ccfc6d4b" outcome="Passed" testListId="8c84fa94-04c1-424b-9868-57a2d4851a1d" relativeResultsDirectory="3100d541-867b-40ae-9396-ee9cb7890d18" />
    <UnitTestResult executionId="06cfe02f-b0a5-4bad-a775-7eac3a1f811b" testId="86591471-d7da-2c56-2f26-676b14136efb" testName="AccessToDB.Tests.TurnstilesRepositoryTests.TestGetTurnstilesByLiftIdAsyncOk(liftID: 111)" computerName="DESKTOP-TJ9D65N" duration="00:00:01.7602436" startTime="2022-10-15T22:06:59.0807459+03:00" endTime="2022-10-15T22:06:59.0807464+03:00" testType="13cdc9d9-ddb5-4fa4-a97d-d965ccfc6d4b" outcome="Passed" testListId="8c84fa94-04c1-424b-9868-57a2d4851a1d" relativeResultsDirectory="06cfe02f-b0a5-4bad-a775-7eac3a1f811b" />
    <UnitTestResult executionId="e07903c9-40e3-4099-983b-d04a89ec28ca" testId="8509471c-93ce-71cb-0f16-a0e88cacb896" testName="AccessToDB.Tests.LiftsSlopesRepositoryTests.TestGetLiftsBySlopeIdAsyncOk(slope1: Slope { SlopeID = 199, SlopeName = slopeNamef096e40f-b3f4-495d-af81-937e07723c93, IsOpen = True, DifficultyLevel = 75, ConnectedLifts =  }, slope2: Slope { SlopeID = 110, SlopeName = slopeName662c0c77-2919-435b-bc5c-00fe82096a2b, IsOpen = False, DifficultyLevel = 162, ConnectedLifts =  }, lift1: Lift { LiftID = 29, LiftName = liftNamea07a6c53-aa76-499a-9b60-30469872b8ad, IsOpen = True, SeatsAmount = 33, LiftingTime = 109, QueueTime = 240, ConnectedSlopes =  }, lift2: Lift { LiftID = 228, LiftName = liftName8efe95e0-6cb5-44f5-90b1-19bef0eeba6e, IsOpen = False, SeatsAmount = 217, LiftingTime = 186, QueueTime = 25, ConnectedSlopes =  })" computerName="DESKTOP-TJ9D65N" duration="00:00:01.6670867" startTime="2022-10-15T22:07:24.8333741+03:00" endTime="2022-10-15T22:07:24.8333782+03:00" testType="13cdc9d9-ddb5-4fa4-a97d-d965ccfc6d4b" outcome="Passed" testListId="8c84fa94-04c1-424b-9868-57a2d4851a1d" relativeResultsDirectory="e07903c9-40e3-4099-983b-d04a89ec28ca" />
    <UnitTestResult executionId="477c7fca-04cb-4ec9-a966-87bcf3d26b66" testId="3584e84f-0f11-f3f3-c2f0-2fa727b8e4f7" testName="AccessToDB.Tests.TurnstilesRepositoryTests.TestGetTurnstileByIdAsyncOk(turnstile: Turnstile { TurnstileID = 172, LiftID = 196, IsOpen = True })" computerName="DESKTOP-TJ9D65N" duration="00:00:01.5985016" startTime="2022-10-15T22:06:54.1100645+03:00" endTime="2022-10-15T22:06:54.1100648+03:00" testType="13cdc9d9-ddb5-4fa4-a97d-d965ccfc6d4b" outcome="Passed" testListId="8c84fa94-04c1-424b-9868-57a2d4851a1d" relativeResultsDirectory="477c7fca-04cb-4ec9-a966-87bcf3d26b66" />
    <UnitTestResult executionId="76ae23b5-f8d7-435d-947f-520dd0031228" testId="3c521313-4ed6-6bce-b4f9-c359411028e7" testName="AccessToDB.Tests.TurnstilesRepositoryTests.TestGetTurnstilesAsyncEmpty" computerName="DESKTOP-TJ9D65N" duration="00:00:01.5692121" startTime="2022-10-15T22:07:02.2756830+03:00" endTime="2022-10-15T22:07:02.2756837+03:00" testType="13cdc9d9-ddb5-4fa4-a97d-d965ccfc6d4b" outcome="Passed" testListId="8c84fa94-04c1-424b-9868-57a2d4851a1d" relativeResultsDirectory="76ae23b5-f8d7-435d-947f-520dd0031228" />
    <UnitTestResult executionId="9adeac80-2470-44f7-b992-75e4cb01c856" testId="381e6a8d-54c8-33e3-ea20-4a86e6a01c61" testName="AccessToDB.Tests.LiftsSlopesRepositoryTests.TestUpdateLiftSlopeByIDAsyncOk(liftSlope: LiftSlope { RecordID = 158, LiftID = 241, SlopeID = 139 })" computerName="DESKTOP-TJ9D65N" duration="00:00:01.6085987" startTime="2022-10-15T22:07:21.5473202+03:00" endTime="2022-10-15T22:07:21.5473203+03:00" testType="13cdc9d9-ddb5-4fa4-a97d-d965ccfc6d4b" outcome="Passed" testListId="8c84fa94-04c1-424b-9868-57a2d4851a1d" relativeResultsDirectory="9adeac80-2470-44f7-b992-75e4cb01c856" />
    <UnitTestResult executionId="96835abf-de7e-49a9-872e-3f3fd09a17cf" testId="7b794ed0-1a34-2bae-d358-887bdeb05726" testName="AccessToDB.Tests.UsersRepositoryTests.TestUpdateUserByIDAsyncOk(user: User { UserID = 198, CardID = 197, UserEmail = UserEmail40f6d9d9-3df2-4aa0-90e3-6179956e63e0, Password = password6ae7f73f-0663-4597-9884-522ebdb083f2, Permissions = UNAUTHORIZED })" computerName="DESKTOP-TJ9D65N" duration="00:00:01.6172035" startTime="2022-10-15T22:06:47.6423778+03:00" endTime="2022-10-15T22:06:47.6423779+03:00" testType="13cdc9d9-ddb5-4fa4-a97d-d965ccfc6d4b" outcome="Passed" testListId="8c84fa94-04c1-424b-9868-57a2d4851a1d" relativeResultsDirectory="96835abf-de7e-49a9-872e-3f3fd09a17cf" />
    <UnitTestResult executionId="421fa3bd-b175-48e6-859d-7e4ffe27b7f3" testId="adb2a3f4-21a0-8f39-3285-1bd94d022ea2" testName="AccessToDB.Tests.LiftsRepositoryTests.TestGetLiftByNameAsyncFailsWhenNameNotExists(liftName: &quot;liftNamedf7f342f-891d-48ac-a382-29a1f91badde&quot;)" computerName="DESKTOP-TJ9D65N" duration="00:00:01.5808635" startTime="2022-10-15T22:07:40.8949370+03:00" endTime="2022-10-15T22:07:40.8949377+03:00" testType="13cdc9d9-ddb5-4fa4-a97d-d965ccfc6d4b" outcome="Passed" testListId="8c84fa94-04c1-424b-9868-57a2d4851a1d" relativeResultsDirectory="421fa3bd-b175-48e6-859d-7e4ffe27b7f3" />
    <UnitTestResult executionId="589f6b71-c870-4a5c-abfa-2b5275eb8cc8" testId="7cc5cb31-02b2-5167-7cb8-5e3ef556a2c2" testName="AccessToDB.Tests.LiftsRepositoryTests.TestDeleteLiftByIDAsyncFailsWhenIDNotExists(liftID: 62)" computerName="DESKTOP-TJ9D65N" duration="00:00:01.5755138" startTime="2022-10-15T22:07:39.3058394+03:00" endTime="2022-10-15T22:07:39.3058400+03:00" testType="13cdc9d9-ddb5-4fa4-a97d-d965ccfc6d4b" outcome="Passed" testListId="8c84fa94-04c1-424b-9868-57a2d4851a1d" relativeResultsDirectory="589f6b71-c870-4a5c-abfa-2b5275eb8cc8" />
    <UnitTestResult executionId="6eaf2e11-54cb-4415-9b38-560887cd969e" testId="6af5ce81-1560-7afa-daf3-700f1def064d" testName="AccessToDB.Tests.LiftsRepositoryTests.TestGetLiftByIdAsyncOk(lift: Lift { LiftID = 188, LiftName = liftName01ca3510-b236-478b-b6c4-9639e3a7ab1f, IsOpen = True, SeatsAmount = 225, LiftingTime = 243, QueueTime = 50, ConnectedSlopes =  })" computerName="DESKTOP-TJ9D65N" duration="00:00:01.6143048" startTime="2022-10-15T22:07:37.7242791+03:00" endTime="2022-10-15T22:07:37.7242794+03:00" testType="13cdc9d9-ddb5-4fa4-a97d-d965ccfc6d4b" outcome="Passed" testListId="8c84fa94-04c1-424b-9868-57a2d4851a1d" relativeResultsDirectory="6eaf2e11-54cb-4415-9b38-560887cd969e" />
    <UnitTestResult executionId="44d8b31d-e81e-4578-94af-62023ae8e840" testId="0f15db18-19d3-23ab-eb32-562759ce014c" testName="AccessToDB.Tests.UsersRepositoryTests.TestCheckUserEmailExistsAsyncFalse(userEmail: &quot;userEmail0a424aef-02ba-4ea7-a71d-3b84021ec3b5&quot;)" computerName="DESKTOP-TJ9D65N" duration="00:00:01.5766020" startTime="2022-10-15T22:06:50.8399931+03:00" endTime="2022-10-15T22:06:50.8399935+03:00" testType="13cdc9d9-ddb5-4fa4-a97d-d965ccfc6d4b" outcome="Passed" testListId="8c84fa94-04c1-424b-9868-57a2d4851a1d" relativeResultsDirectory="44d8b31d-e81e-4578-94af-62023ae8e840" />
    <UnitTestResult executionId="a694484c-523a-4bdd-907b-4a03a4dfa7f4" testId="93e18abb-a0c4-4795-ec7a-657c0229de05" testName="AccessToDB.Tests.UsersRepositoryTests.TestGetUserByEmailAsyncFailsWhenEmailNotExists(email: &quot;email80f562c9-c786-4be4-b48c-1ac7857f54d7&quot;)" computerName="DESKTOP-TJ9D65N" duration="00:00:01.5683944" startTime="2022-10-15T22:06:44.4057137+03:00" endTime="2022-10-15T22:06:44.4057139+03:00" testType="13cdc9d9-ddb5-4fa4-a97d-d965ccfc6d4b" outcome="Passed" testListId="8c84fa94-04c1-424b-9868-57a2d4851a1d" relativeResultsDirectory="a694484c-523a-4bdd-907b-4a03a4dfa7f4" />
    <UnitTestResult executionId="3d67a779-d02f-4475-ad23-f7a5ee5b3b1c" testId="70e29c27-8d82-1bc9-e1e4-c6f23e9fda24" testName="AccessToDB.Tests.LiftsRepositoryTests.TestAddLiftAsyncFailsWhenLiftIdRepeats(lift: Lift { LiftID = 240, LiftName = liftName45afca79-0aec-450e-98b0-280b1bbb7758, IsOpen = True, SeatsAmount = 136, LiftingTime = 140, QueueTime = 250, ConnectedSlopes =  })" computerName="DESKTOP-TJ9D65N" duration="00:00:01.6171249" startTime="2022-10-15T22:07:32.9120609+03:00" endTime="2022-10-15T22:07:32.9120612+03:00" testType="13cdc9d9-ddb5-4fa4-a97d-d965ccfc6d4b" outcome="Passed" testListId="8c84fa94-04c1-424b-9868-57a2d4851a1d" relativeResultsDirectory="3d67a779-d02f-4475-ad23-f7a5ee5b3b1c" />
    <UnitTestResult executionId="5c8f67f0-9540-47be-885b-fcb7324f408d" testId="3741b26d-6ee0-6246-29e4-92009bff37b0" testName="AccessToDB.Tests.UsersRepositoryTests.TestGetUsersAsyncEmpty" computerName="DESKTOP-TJ9D65N" duration="00:00:01.5561608" startTime="2022-10-15T22:06:41.2315188+03:00" endTime="2022-10-15T22:06:41.2315189+03:00" testType="13cdc9d9-ddb5-4fa4-a97d-d965ccfc6d4b" outcome="Passed" testListId="8c84fa94-04c1-424b-9868-57a2d4851a1d" relativeResultsDirectory="5c8f67f0-9540-47be-885b-fcb7324f408d" />
    <UnitTestResult executionId="14e0f305-fab1-4025-874e-5de0d0b17e7b" testId="f251b26d-f377-cec8-32a0-ad07a66b4527" testName="AccessToDB.Tests.UsersRepositoryTests.TestDeleteUserByIDAsyncFailsWhenIDNotExists(userID: 180)" computerName="DESKTOP-TJ9D65N" duration="00:00:01.6207704" startTime="2022-10-15T22:06:39.6397334+03:00" endTime="2022-10-15T22:06:39.6397961+03:00" testType="13cdc9d9-ddb5-4fa4-a97d-d965ccfc6d4b" outcome="Passed" testListId="8c84fa94-04c1-424b-9868-57a2d4851a1d" relativeResultsDirectory="14e0f305-fab1-4025-874e-5de0d0b17e7b" />
    <UnitTestResult executionId="6191cfe1-a885-454f-99be-fd800c44f593" testId="d09384ba-61eb-c633-c59b-13da03f16379" testName="AccessToDB.Tests.UsersRepositoryTests.TestCheckUserIdExistsAsyncTrue(user: User { UserID = 227, CardID = 36, UserEmail = UserEmaila95327e4-2056-4ee6-86db-9b64adf61a63, Password = password1a93e0ea-cfc3-46c9-9019-9578e1c654ec, Permissions = UNAUTHORIZED })" computerName="DESKTOP-TJ9D65N" duration="00:00:01.5997350" startTime="2022-10-15T22:06:42.8342043+03:00" endTime="2022-10-15T22:06:42.8342046+03:00" testType="13cdc9d9-ddb5-4fa4-a97d-d965ccfc6d4b" outcome="Passed" testListId="8c84fa94-04c1-424b-9868-57a2d4851a1d" relativeResultsDirectory="6191cfe1-a885-454f-99be-fd800c44f593" />
  </Results>
  <TestDefinitions>
    <UnitTest name="AccessToDB.Tests.TurnstilesRepositoryTests.TestAddTurnstileAutoIncrementAsyncOk" storage="c:\users\alena\desktop\7_sem\testing_and_debugging\skiresort\accesstodb.tests\bin\debug\net6.0\accesstodb.tests.dll" id="f9435956-2e34-e52b-c34e-dce53665cf8e">
      <Execution id="21ebb344-ed82-4018-b757-acd7f2b31894" />
      <TestMethod codeBase="C:\Users\alena\Desktop\7_sem\testing_and_debugging\SkiResort\AccessToDB.Tests\bin\Debug\net6.0\AccessToDB.Tests.dll" adapterTypeName="executor://xunit/VsTestRunner2/netcoreapp" className="AccessToDB.Tests.TurnstilesRepositoryTests" name="TestAddTurnstileAutoIncrementAsyncOk" />
    </UnitTest>
    <UnitTest name="AccessToDB.Tests.LiftsRepositoryTests.TestGetLiftsAsyncEmpty" storage="c:\users\alena\desktop\7_sem\testing_and_debugging\skiresort\accesstodb.tests\bin\debug\net6.0\accesstodb.tests.dll" id="607e8298-f113-be33-300e-15a343893443">
      <Execution id="754a683a-877c-4323-9127-f72b7f3ac024" />
      <TestMethod codeBase="C:\Users\alena\Desktop\7_sem\testing_and_debugging\SkiResort\AccessToDB.Tests\bin\Debug\net6.0\AccessToDB.Tests.dll" adapterTypeName="executor://xunit/VsTestRunner2/netcoreapp" className="AccessToDB.Tests.LiftsRepositoryTests" name="TestGetLiftsAsyncEmpty" />
    </UnitTest>
    <UnitTest name="AccessToDB.Tests.TurnstilesRepositoryTests.TestDeleteTurnstileByIDAsyncFailsWhenIDNotExists(turnstileID: 31)" storage="c:\users\alena\desktop\7_sem\testing_and_debugging\skiresort\accesstodb.tests\bin\debug\net6.0\accesstodb.tests.dll" id="b486b56e-8d25-994c-0a38-ce6dcb42870e">
      <Execution id="ba467524-784f-48aa-877f-c1f489d2288b" />
      <TestMethod codeBase="C:\Users\alena\Desktop\7_sem\testing_and_debugging\SkiResort\AccessToDB.Tests\bin\Debug\net6.0\AccessToDB.Tests.dll" adapterTypeName="executor://xunit/VsTestRunner2/netcoreapp" className="AccessToDB.Tests.TurnstilesRepositoryTests" name="TestDeleteTurnstileByIDAsyncFailsWhenIDNotExists" />
    </UnitTest>
    <UnitTest name="AccessToDB.Tests.SlopesRepositoryTests.TestAddSlopeAutoIncrementAsyncOk" storage="c:\users\alena\desktop\7_sem\testing_and_debugging\skiresort\accesstodb.tests\bin\debug\net6.0\accesstodb.tests.dll" id="8f7ba917-f771-0dc5-f9b9-465c34344b12">
      <Execution id="d739ba49-b6a3-47f1-918f-7a90b913f5cc" />
      <TestMethod codeBase="C:\Users\alena\Desktop\7_sem\testing_and_debugging\SkiResort\AccessToDB.Tests\bin\Debug\net6.0\AccessToDB.Tests.dll" adapterTypeName="executor://xunit/VsTestRunner2/netcoreapp" className="AccessToDB.Tests.SlopesRepositoryTests" name="TestAddSlopeAutoIncrementAsyncOk" />
    </UnitTest>
    <UnitTest name="AccessToDB.Tests.TurnstilesRepositoryTests.TestGetTurnstilesByLiftIdAsyncOk(liftID: 111)" storage="c:\users\alena\desktop\7_sem\testing_and_debugging\skiresort\accesstodb.tests\bin\debug\net6.0\accesstodb.tests.dll" id="86591471-d7da-2c56-2f26-676b14136efb">
      <Execution id="06cfe02f-b0a5-4bad-a775-7eac3a1f811b" />
      <TestMethod codeBase="C:\Users\alena\Desktop\7_sem\testing_and_debugging\SkiResort\AccessToDB.Tests\bin\Debug\net6.0\AccessToDB.Tests.dll" adapterTypeName="executor://xunit/VsTestRunner2/netcoreapp" className="AccessToDB.Tests.TurnstilesRepositoryTests" name="TestGetTurnstilesByLiftIdAsyncOk" />
    </UnitTest>
    <UnitTest name="AccessToDB.Tests.LiftsRepositoryTests.TestGetLiftByIdAsyncOk(lift: Lift { LiftID = 188, LiftName = liftName01ca3510-b236-478b-b6c4-9639e3a7ab1f, IsOpen = True, SeatsAmount = 225, LiftingTime = 243, QueueTime = 50, ConnectedSlopes =  })" storage="c:\users\alena\desktop\7_sem\testing_and_debugging\skiresort\accesstodb.tests\bin\debug\net6.0\accesstodb.tests.dll" id="6af5ce81-1560-7afa-daf3-700f1def064d">
      <Execution id="6eaf2e11-54cb-4415-9b38-560887cd969e" />
      <TestMethod codeBase="C:\Users\alena\Desktop\7_sem\testing_and_debugging\SkiResort\AccessToDB.Tests\bin\Debug\net6.0\AccessToDB.Tests.dll" adapterTypeName="executor://xunit/VsTestRunner2/netcoreapp" className="AccessToDB.Tests.LiftsRepositoryTests" name="TestGetLiftByIdAsyncOk" />
    </UnitTest>
    <UnitTest name="AccessToDB.Tests.SlopesRepositoryTests.TestUpdateSlopeByIDAsyncOk(slope: Slope { SlopeID = 230, SlopeName = slopeNameba56d3d0-1274-4149-bea4-131f82f5b12a, IsOpen = True, DifficultyLevel = 38, ConnectedLifts =  })" storage="c:\users\alena\desktop\7_sem\testing_and_debugging\skiresort\accesstodb.tests\bin\debug\net6.0\accesstodb.tests.dll" id="fcd951fd-cc33-778d-0f34-37e96a40cda3">
      <Execution id="6bdcb2f9-9bef-409a-baf1-d3fb5f826b66" />
      <TestMethod codeBase="C:\Users\alena\Desktop\7_sem\testing_and_debugging\SkiResort\AccessToDB.Tests\bin\Debug\net6.0\AccessToDB.Tests.dll" adapterTypeName="executor://xunit/VsTestRunner2/netcoreapp" className="AccessToDB.Tests.SlopesRepositoryTests" name="TestUpdateSlopeByIDAsyncOk" />
    </UnitTest>
    <UnitTest name="AccessToDB.Tests.UsersRepositoryTests.TestDeleteUserByIDAsyncFailsWhenIDNotExists(userID: 180)" storage="c:\users\alena\desktop\7_sem\testing_and_debugging\skiresort\accesstodb.tests\bin\debug\net6.0\accesstodb.tests.dll" id="f251b26d-f377-cec8-32a0-ad07a66b4527">
      <Execution id="14e0f305-fab1-4025-874e-5de0d0b17e7b" />
      <TestMethod codeBase="C:\Users\alena\Desktop\7_sem\testing_and_debugging\SkiResort\AccessToDB.Tests\bin\Debug\net6.0\AccessToDB.Tests.dll" adapterTypeName="executor://xunit/VsTestRunner2/netcoreapp" className="AccessToDB.Tests.UsersRepositoryTests" name="TestDeleteUserByIDAsyncFailsWhenIDNotExists" />
    </UnitTest>
    <UnitTest name="AccessToDB.Tests.SlopesRepositoryTests.TestGetSlopeByNameAsyncFailsWhenNameNotExists(slopeName: &quot;slopeNamebe9779c4-4052-43b2-b5f7-da85c6636ab0&quot;)" storage="c:\users\alena\desktop\7_sem\testing_and_debugging\skiresort\accesstodb.tests\bin\debug\net6.0\accesstodb.tests.dll" id="d06d86de-13e2-0f89-94ee-958cb0e69b4b">
      <Execution id="34fa7504-6a59-4627-b0ff-eff0f01ba5aa" />
      <TestMethod codeBase="C:\Users\alena\Desktop\7_sem\testing_and_debugging\SkiResort\AccessToDB.Tests\bin\Debug\net6.0\AccessToDB.Tests.dll" adapterTypeName="executor://xunit/VsTestRunner2/netcoreapp" className="AccessToDB.Tests.SlopesRepositoryTests" name="TestGetSlopeByNameAsyncFailsWhenNameNotExists" />
    </UnitTest>
    <UnitTest name="AccessToDB.Tests.TurnstilesRepositoryTests.TestUpdateTurnstileByIDAsyncOk(turnstile: Turnstile { TurnstileID = 216, LiftID = 37, IsOpen = True })" storage="c:\users\alena\desktop\7_sem\testing_and_debugging\skiresort\accesstodb.tests\bin\debug\net6.0\accesstodb.tests.dll" id="a4fe5f87-d4aa-8db7-2409-8987f4935564">
      <Execution id="3100d541-867b-40ae-9396-ee9cb7890d18" />
      <TestMethod codeBase="C:\Users\alena\Desktop\7_sem\testing_and_debugging\SkiResort\AccessToDB.Tests\bin\Debug\net6.0\AccessToDB.Tests.dll" adapterTypeName="executor://xunit/VsTestRunner2/netcoreapp" className="AccessToDB.Tests.TurnstilesRepositoryTests" name="TestUpdateTurnstileByIDAsyncOk" />
    </UnitTest>
    <UnitTest name="AccessToDB.Tests.SlopesRepositoryTests.TestGetSlopeByIdAsyncOk(slope: Slope { SlopeID = 181, SlopeName = slopeNamea8c8a299-7276-460d-9429-487dd2f4b114, IsOpen = True, DifficultyLevel = 62, ConnectedLifts =  })" storage="c:\users\alena\desktop\7_sem\testing_and_debugging\skiresort\accesstodb.tests\bin\debug\net6.0\accesstodb.tests.dll" id="c030c532-41b0-c511-c557-3cf8294055af">
      <Execution id="9e085871-74d6-4acd-b292-a9695ed1df13" />
      <TestMethod codeBase="C:\Users\alena\Desktop\7_sem\testing_and_debugging\SkiResort\AccessToDB.Tests\bin\Debug\net6.0\AccessToDB.Tests.dll" adapterTypeName="executor://xunit/VsTestRunner2/netcoreapp" className="AccessToDB.Tests.SlopesRepositoryTests" name="TestGetSlopeByIdAsyncOk" />
    </UnitTest>
    <UnitTest name="AccessToDB.Tests.SlopesRepositoryTests.TestDeleteSlopeByIDAsyncFailsWhenIDNotExists(slopeID: 194)" storage="c:\users\alena\desktop\7_sem\testing_and_debugging\skiresort\accesstodb.tests\bin\debug\net6.0\accesstodb.tests.dll" id="491da243-7fe2-69f7-bfc7-87773e45fe0d">
      <Execution id="980fb183-cae5-49c6-bfd2-96e16d01ae7f" />
      <TestMethod codeBase="C:\Users\alena\Desktop\7_sem\testing_and_debugging\SkiResort\AccessToDB.Tests\bin\Debug\net6.0\AccessToDB.Tests.dll" adapterTypeName="executor://xunit/VsTestRunner2/netcoreapp" className="AccessToDB.Tests.SlopesRepositoryTests" name="TestDeleteSlopeByIDAsyncFailsWhenIDNotExists" />
    </UnitTest>
    <UnitTest name="AccessToDB.Tests.LiftsSlopesRepositoryTests.TestAddLiftSlopeAutoIncrementAsyncOk" storage="c:\users\alena\desktop\7_sem\testing_and_debugging\skiresort\accesstodb.tests\bin\debug\net6.0\accesstodb.tests.dll" id="30f8e924-9784-0a43-e807-094f70e06567">
      <Execution id="6794333b-5705-4840-a597-bcef67cecbf0" />
      <TestMethod codeBase="C:\Users\alena\Desktop\7_sem\testing_and_debugging\SkiResort\AccessToDB.Tests\bin\Debug\net6.0\AccessToDB.Tests.dll" adapterTypeName="executor://xunit/VsTestRunner2/netcoreapp" className="AccessToDB.Tests.LiftsSlopesRepositoryTests" name="TestAddLiftSlopeAutoIncrementAsyncOk" />
    </UnitTest>
    <UnitTest name="AccessToDB.Tests.LiftsRepositoryTests.TestUpdateLiftByIDAsyncOk(lift: Lift { LiftID = 161, LiftName = liftName13e0c4cc-f800-4801-af38-ab93d171dacf, IsOpen = True, SeatsAmount = 23, LiftingTime = 78, QueueTime = 87, ConnectedSlopes =  })" storage="c:\users\alena\desktop\7_sem\testing_and_debugging\skiresort\accesstodb.tests\bin\debug\net6.0\accesstodb.tests.dll" id="25b4add2-8899-8f10-836a-6dbb30f6e546">
      <Execution id="461cb54c-0432-4916-8d49-9f953c5b3d80" />
      <TestMethod codeBase="C:\Users\alena\Desktop\7_sem\testing_and_debugging\SkiResort\AccessToDB.Tests\bin\Debug\net6.0\AccessToDB.Tests.dll" adapterTypeName="executor://xunit/VsTestRunner2/netcoreapp" className="AccessToDB.Tests.LiftsRepositoryTests" name="TestUpdateLiftByIDAsyncOk" />
    </UnitTest>
    <UnitTest name="AccessToDB.Tests.UsersRepositoryTests.TestCheckUserEmailExistsAsyncFalse(userEmail: &quot;userEmail0a424aef-02ba-4ea7-a71d-3b84021ec3b5&quot;)" storage="c:\users\alena\desktop\7_sem\testing_and_debugging\skiresort\accesstodb.tests\bin\debug\net6.0\accesstodb.tests.dll" id="0f15db18-19d3-23ab-eb32-562759ce014c">
      <Execution id="44d8b31d-e81e-4578-94af-62023ae8e840" />
      <TestMethod codeBase="C:\Users\alena\Desktop\7_sem\testing_and_debugging\SkiResort\AccessToDB.Tests\bin\Debug\net6.0\AccessToDB.Tests.dll" adapterTypeName="executor://xunit/VsTestRunner2/netcoreapp" className="AccessToDB.Tests.UsersRepositoryTests" name="TestCheckUserEmailExistsAsyncFalse" />
    </UnitTest>
    <UnitTest name="AccessToDB.Tests.UsersRepositoryTests.TestGetUsersAsyncEmpty" storage="c:\users\alena\desktop\7_sem\testing_and_debugging\skiresort\accesstodb.tests\bin\debug\net6.0\accesstodb.tests.dll" id="3741b26d-6ee0-6246-29e4-92009bff37b0">
      <Execution id="5c8f67f0-9540-47be-885b-fcb7324f408d" />
      <TestMethod codeBase="C:\Users\alena\Desktop\7_sem\testing_and_debugging\SkiResort\AccessToDB.Tests\bin\Debug\net6.0\AccessToDB.Tests.dll" adapterTypeName="executor://xunit/VsTestRunner2/netcoreapp" className="AccessToDB.Tests.UsersRepositoryTests" name="TestGetUsersAsyncEmpty" />
    </UnitTest>
    <UnitTest name="AccessToDB.Tests.LiftsSlopesRepositoryTests.TestGetLiftSlopesAsyncEmpty" storage="c:\users\alena\desktop\7_sem\testing_and_debugging\skiresort\accesstodb.tests\bin\debug\net6.0\accesstodb.tests.dll" id="4145f44e-b4b1-a618-09e8-c631496e6f1a">
      <Execution id="29756957-0653-482d-a7d4-7a0b7642295b" />
      <TestMethod codeBase="C:\Users\alena\Desktop\7_sem\testing_and_debugging\SkiResort\AccessToDB.Tests\bin\Debug\net6.0\AccessToDB.Tests.dll" adapterTypeName="executor://xunit/VsTestRunner2/netcoreapp" className="AccessToDB.Tests.LiftsSlopesRepositoryTests" name="TestGetLiftSlopesAsyncEmpty" />
    </UnitTest>
    <UnitTest name="AccessToDB.Tests.LiftsSlopesRepositoryTests.TestAddLiftSlopeAsyncFailsWhenLiftSlopeIdRepeats(liftSlope: LiftSlope { RecordID = 190, LiftID = 206, SlopeID = 211 })" storage="c:\users\alena\desktop\7_sem\testing_and_debugging\skiresort\accesstodb.tests\bin\debug\net6.0\accesstodb.tests.dll" id="5838421a-6fbb-e541-f4e9-ae0c3617a813">
      <Execution id="72b6dad9-cde4-41b1-a439-7cf704865597" />
      <TestMethod codeBase="C:\Users\alena\Desktop\7_sem\testing_and_debugging\SkiResort\AccessToDB.Tests\bin\Debug\net6.0\AccessToDB.Tests.dll" adapterTypeName="executor://xunit/VsTestRunner2/netcoreapp" className="AccessToDB.Tests.LiftsSlopesRepositoryTests" name="TestAddLiftSlopeAsyncFailsWhenLiftSlopeIdRepeats" />
    </UnitTest>
    <UnitTest name="AccessToDB.Tests.UsersRepositoryTests.TestCheckUserIdExistsAsyncTrue(user: User { UserID = 227, CardID = 36, UserEmail = UserEmaila95327e4-2056-4ee6-86db-9b64adf61a63, Password = password1a93e0ea-cfc3-46c9-9019-9578e1c654ec, Permissions = UNAUTHORIZED })" storage="c:\users\alena\desktop\7_sem\testing_and_debugging\skiresort\accesstodb.tests\bin\debug\net6.0\accesstodb.tests.dll" id="d09384ba-61eb-c633-c59b-13da03f16379">
      <Execution id="6191cfe1-a885-454f-99be-fd800c44f593" />
      <TestMethod codeBase="C:\Users\alena\Desktop\7_sem\testing_and_debugging\SkiResort\AccessToDB.Tests\bin\Debug\net6.0\AccessToDB.Tests.dll" adapterTypeName="executor://xunit/VsTestRunner2/netcoreapp" className="AccessToDB.Tests.UsersRepositoryTests" name="TestCheckUserIdExistsAsyncTrue" />
    </UnitTest>
    <UnitTest name="AccessToDB.Tests.LiftsRepositoryTests.TestAddLiftAsyncFailsWhenLiftIdRepeats(lift: Lift { LiftID = 240, LiftName = liftName45afca79-0aec-450e-98b0-280b1bbb7758, IsOpen = True, SeatsAmount = 136, LiftingTime = 140, QueueTime = 250, ConnectedSlopes =  })" storage="c:\users\alena\desktop\7_sem\testing_and_debugging\skiresort\accesstodb.tests\bin\debug\net6.0\accesstodb.tests.dll" id="70e29c27-8d82-1bc9-e1e4-c6f23e9fda24">
      <Execution id="3d67a779-d02f-4475-ad23-f7a5ee5b3b1c" />
      <TestMethod codeBase="C:\Users\alena\Desktop\7_sem\testing_and_debugging\SkiResort\AccessToDB.Tests\bin\Debug\net6.0\AccessToDB.Tests.dll" adapterTypeName="executor://xunit/VsTestRunner2/netcoreapp" className="AccessToDB.Tests.LiftsRepositoryTests" name="TestAddLiftAsyncFailsWhenLiftIdRepeats" />
    </UnitTest>
    <UnitTest name="AccessToDB.Tests.UsersRepositoryTests.TestGetUserByEmailAsyncFailsWhenEmailNotExists(email: &quot;email80f562c9-c786-4be4-b48c-1ac7857f54d7&quot;)" storage="c:\users\alena\desktop\7_sem\testing_and_debugging\skiresort\accesstodb.tests\bin\debug\net6.0\accesstodb.tests.dll" id="93e18abb-a0c4-4795-ec7a-657c0229de05">
      <Execution id="a694484c-523a-4bdd-907b-4a03a4dfa7f4" />
      <TestMethod codeBase="C:\Users\alena\Desktop\7_sem\testing_and_debugging\SkiResort\AccessToDB.Tests\bin\Debug\net6.0\AccessToDB.Tests.dll" adapterTypeName="executor://xunit/VsTestRunner2/netcoreapp" className="AccessToDB.Tests.UsersRepositoryTests" name="TestGetUserByEmailAsyncFailsWhenEmailNotExists" />
    </UnitTest>
    <UnitTest name="AccessToDB.Tests.LiftsRepositoryTests.TestAddLiftAutoIncrementAsyncOk" storage="c:\users\alena\desktop\7_sem\testing_and_debugging\skiresort\accesstodb.tests\bin\debug\net6.0\accesstodb.tests.dll" id="ec229f70-485a-f91b-53ed-bce655f6cd58">
      <Execution id="baad4813-2886-46b5-ab3f-99920e266f59" />
      <TestMethod codeBase="C:\Users\alena\Desktop\7_sem\testing_and_debugging\SkiResort\AccessToDB.Tests\bin\Debug\net6.0\AccessToDB.Tests.dll" adapterTypeName="executor://xunit/VsTestRunner2/netcoreapp" className="AccessToDB.Tests.LiftsRepositoryTests" name="TestAddLiftAutoIncrementAsyncOk" />
    </UnitTest>
    <UnitTest name="AccessToDB.Tests.LiftsSlopesRepositoryTests.TestDeleteLiftSlopesByIDsAsyncOk(liftSlope: LiftSlope { RecordID = 80, LiftID = 251, SlopeID = 240 })" storage="c:\users\alena\desktop\7_sem\testing_and_debugging\skiresort\accesstodb.tests\bin\debug\net6.0\accesstodb.tests.dll" id="73c24648-77f5-780f-21da-a69c1da1d0a7">
      <Execution id="a30539bd-a0e4-4fa2-bba1-daf8220fdb30" />
      <TestMethod codeBase="C:\Users\alena\Desktop\7_sem\testing_and_debugging\SkiResort\AccessToDB.Tests\bin\Debug\net6.0\AccessToDB.Tests.dll" adapterTypeName="executor://xunit/VsTestRunner2/netcoreapp" className="AccessToDB.Tests.LiftsSlopesRepositoryTests" name="TestDeleteLiftSlopesByIDsAsyncOk" />
    </UnitTest>
    <UnitTest name="AccessToDB.Tests.LiftsSlopesRepositoryTests.TestDeleteLiftSlopeByIDAsyncFailsWhenIDNotExists(liftSlopeID: 41)" storage="c:\users\alena\desktop\7_sem\testing_and_debugging\skiresort\accesstodb.tests\bin\debug\net6.0\accesstodb.tests.dll" id="13e61f43-dcb6-913b-3aa2-9afe022a8267">
      <Execution id="c0eeff97-9cb8-45c1-9f91-34fcea50d6ad" />
      <TestMethod codeBase="C:\Users\alena\Desktop\7_sem\testing_and_debugging\SkiResort\AccessToDB.Tests\bin\Debug\net6.0\AccessToDB.Tests.dll" adapterTypeName="executor://xunit/VsTestRunner2/netcoreapp" className="AccessToDB.Tests.LiftsSlopesRepositoryTests" name="TestDeleteLiftSlopeByIDAsyncFailsWhenIDNotExists" />
    </UnitTest>
    <UnitTest name="AccessToDB.Tests.LiftsSlopesRepositoryTests.TestGetSlopesByLiftIdAsyncFailsWhenSlopeNotExists(liftSlope: LiftSlope { RecordID = 52, LiftID = 112, SlopeID = 24 })" storage="c:\users\alena\desktop\7_sem\testing_and_debugging\skiresort\accesstodb.tests\bin\debug\net6.0\accesstodb.tests.dll" id="a4ed56e9-f9e4-dc59-e275-3ab5791ba9a2">
      <Execution id="8bc42636-aaf9-4152-8541-ae6f59c4c4a0" />
      <TestMethod codeBase="C:\Users\alena\Desktop\7_sem\testing_and_debugging\SkiResort\AccessToDB.Tests\bin\Debug\net6.0\AccessToDB.Tests.dll" adapterTypeName="executor://xunit/VsTestRunner2/netcoreapp" className="AccessToDB.Tests.LiftsSlopesRepositoryTests" name="TestGetSlopesByLiftIdAsyncFailsWhenSlopeNotExists" />
    </UnitTest>
    <UnitTest name="AccessToDB.Tests.LiftsRepositoryTests.TestGetLiftByNameAsyncFailsWhenNameNotExists(liftName: &quot;liftNamedf7f342f-891d-48ac-a382-29a1f91badde&quot;)" storage="c:\users\alena\desktop\7_sem\testing_and_debugging\skiresort\accesstodb.tests\bin\debug\net6.0\accesstodb.tests.dll" id="adb2a3f4-21a0-8f39-3285-1bd94d022ea2">
      <Execution id="421fa3bd-b175-48e6-859d-7e4ffe27b7f3" />
      <TestMethod codeBase="C:\Users\alena\Desktop\7_sem\testing_and_debugging\SkiResort\AccessToDB.Tests\bin\Debug\net6.0\AccessToDB.Tests.dll" adapterTypeName="executor://xunit/VsTestRunner2/netcoreapp" className="AccessToDB.Tests.LiftsRepositoryTests" name="TestGetLiftByNameAsyncFailsWhenNameNotExists" />
    </UnitTest>
    <UnitTest name="AccessToDB.Tests.UsersRepositoryTests.TestUpdateUserByIDAsyncOk(user: User { UserID = 198, CardID = 197, UserEmail = UserEmail40f6d9d9-3df2-4aa0-90e3-6179956e63e0, Password = password6ae7f73f-0663-4597-9884-522ebdb083f2, Permissions = UNAUTHORIZED })" storage="c:\users\alena\desktop\7_sem\testing_and_debugging\skiresort\accesstodb.tests\bin\debug\net6.0\accesstodb.tests.dll" id="7b794ed0-1a34-2bae-d358-887bdeb05726">
      <Execution id="96835abf-de7e-49a9-872e-3f3fd09a17cf" />
      <TestMethod codeBase="C:\Users\alena\Desktop\7_sem\testing_and_debugging\SkiResort\AccessToDB.Tests\bin\Debug\net6.0\AccessToDB.Tests.dll" adapterTypeName="executor://xunit/VsTestRunner2/netcoreapp" className="AccessToDB.Tests.UsersRepositoryTests" name="TestUpdateUserByIDAsyncOk" />
    </UnitTest>
    <UnitTest name="AccessToDB.Tests.UsersRepositoryTests.TestAddUserAsyncFailsWhenUserIdRepeats(user: User { UserID = 78, CardID = 91, UserEmail = UserEmail6f913b90-df28-4389-98f8-544e149c4be4, Password = password48565f73-b5c7-4c7f-acb1-539259dd3c3a, Permissions = UNAUTHORIZED })" storage="c:\users\alena\desktop\7_sem\testing_and_debugging\skiresort\accesstodb.tests\bin\debug\net6.0\accesstodb.tests.dll" id="c999d9ea-a449-76c0-3d2d-37b786760143">
      <Execution id="33387d09-3a17-477f-a06b-40e8a1996d6a" />
      <TestMethod codeBase="C:\Users\alena\Desktop\7_sem\testing_and_debugging\SkiResort\AccessToDB.Tests\bin\Debug\net6.0\AccessToDB.Tests.dll" adapterTypeName="executor://xunit/VsTestRunner2/netcoreapp" className="AccessToDB.Tests.UsersRepositoryTests" name="TestAddUserAsyncFailsWhenUserIdRepeats" />
    </UnitTest>
    <UnitTest name="AccessToDB.Tests.TurnstilesRepositoryTests.TestAddTurnstileAsyncFailsWhenTurnstileIdRepeats(turnstile: Turnstile { TurnstileID = 197, LiftID = 209, IsOpen = True })" storage="c:\users\alena\desktop\7_sem\testing_and_debugging\skiresort\accesstodb.tests\bin\debug\net6.0\accesstodb.tests.dll" id="1d2c760c-3ac0-bfdd-f0fe-91248a1c761f">
      <Execution id="a053ae28-780d-485e-b65a-e2a36dbf7897" />
      <TestMethod codeBase="C:\Users\alena\Desktop\7_sem\testing_and_debugging\SkiResort\AccessToDB.Tests\bin\Debug\net6.0\AccessToDB.Tests.dll" adapterTypeName="executor://xunit/VsTestRunner2/netcoreapp" className="AccessToDB.Tests.TurnstilesRepositoryTests" name="TestAddTurnstileAsyncFailsWhenTurnstileIdRepeats" />
    </UnitTest>
    <UnitTest name="AccessToDB.Tests.TurnstilesRepositoryTests.TestGetTurnstileByIdAsyncOk(turnstile: Turnstile { TurnstileID = 172, LiftID = 196, IsOpen = True })" storage="c:\users\alena\desktop\7_sem\testing_and_debugging\skiresort\accesstodb.tests\bin\debug\net6.0\accesstodb.tests.dll" id="3584e84f-0f11-f3f3-c2f0-2fa727b8e4f7">
      <Execution id="477c7fca-04cb-4ec9-a966-87bcf3d26b66" />
      <TestMethod codeBase="C:\Users\alena\Desktop\7_sem\testing_and_debugging\SkiResort\AccessToDB.Tests\bin\Debug\net6.0\AccessToDB.Tests.dll" adapterTypeName="executor://xunit/VsTestRunner2/netcoreapp" className="AccessToDB.Tests.TurnstilesRepositoryTests" name="TestGetTurnstileByIdAsyncOk" />
    </UnitTest>
    <UnitTest name="AccessToDB.Tests.LiftsRepositoryTests.TestDeleteLiftByIDAsyncFailsWhenIDNotExists(liftID: 62)" storage="c:\users\alena\desktop\7_sem\testing_and_debugging\skiresort\accesstodb.tests\bin\debug\net6.0\accesstodb.tests.dll" id="7cc5cb31-02b2-5167-7cb8-5e3ef556a2c2">
      <Execution id="589f6b71-c870-4a5c-abfa-2b5275eb8cc8" />
      <TestMethod codeBase="C:\Users\alena\Desktop\7_sem\testing_and_debugging\SkiResort\AccessToDB.Tests\bin\Debug\net6.0\AccessToDB.Tests.dll" adapterTypeName="executor://xunit/VsTestRunner2/netcoreapp" className="AccessToDB.Tests.LiftsRepositoryTests" name="TestDeleteLiftByIDAsyncFailsWhenIDNotExists" />
    </UnitTest>
    <UnitTest name="AccessToDB.Tests.LiftsSlopesRepositoryTests.TestGetLiftsBySlopeIdAsyncOk(slope1: Slope { SlopeID = 199, SlopeName = slopeNamef096e40f-b3f4-495d-af81-937e07723c93, IsOpen = True, DifficultyLevel = 75, ConnectedLifts =  }, slope2: Slope { SlopeID = 110, SlopeName = slopeName662c0c77-2919-435b-bc5c-00fe82096a2b, IsOpen = False, DifficultyLevel = 162, ConnectedLifts =  }, lift1: Lift { LiftID = 29, LiftName = liftNamea07a6c53-aa76-499a-9b60-304..." storage="c:\users\alena\desktop\7_sem\testing_and_debugging\skiresort\accesstodb.tests\bin\debug\net6.0\accesstodb.tests.dll" id="8509471c-93ce-71cb-0f16-a0e88cacb896">
      <Execution id="e07903c9-40e3-4099-983b-d04a89ec28ca" />
      <TestMethod codeBase="C:\Users\alena\Desktop\7_sem\testing_and_debugging\SkiResort\AccessToDB.Tests\bin\Debug\net6.0\AccessToDB.Tests.dll" adapterTypeName="executor://xunit/VsTestRunner2/netcoreapp" className="AccessToDB.Tests.LiftsSlopesRepositoryTests" name="TestGetLiftsBySlopeIdAsyncOk" />
    </UnitTest>
    <UnitTest name="AccessToDB.Tests.LiftsSlopesRepositoryTests.TestUpdateLiftSlopeByIDAsyncOk(liftSlope: LiftSlope { RecordID = 158, LiftID = 241, SlopeID = 139 })" storage="c:\users\alena\desktop\7_sem\testing_and_debugging\skiresort\accesstodb.tests\bin\debug\net6.0\accesstodb.tests.dll" id="381e6a8d-54c8-33e3-ea20-4a86e6a01c61">
      <Execution id="9adeac80-2470-44f7-b992-75e4cb01c856" />
      <TestMethod codeBase="C:\Users\alena\Desktop\7_sem\testing_and_debugging\SkiResort\AccessToDB.Tests\bin\Debug\net6.0\AccessToDB.Tests.dll" adapterTypeName="executor://xunit/VsTestRunner2/netcoreapp" className="AccessToDB.Tests.LiftsSlopesRepositoryTests" name="TestUpdateLiftSlopeByIDAsyncOk" />
    </UnitTest>
    <UnitTest name="AccessToDB.Tests.UsersRepositoryTests.TestAddUserAutoIncrementAsyncOk" storage="c:\users\alena\desktop\7_sem\testing_and_debugging\skiresort\accesstodb.tests\bin\debug\net6.0\accesstodb.tests.dll" id="e75bb6e2-88d9-af2a-a444-c4a9d67f0f0e">
      <Execution id="5a89cdb6-7a8c-4d5f-bf67-96721b0496ac" />
      <TestMethod codeBase="C:\Users\alena\Desktop\7_sem\testing_and_debugging\SkiResort\AccessToDB.Tests\bin\Debug\net6.0\AccessToDB.Tests.dll" adapterTypeName="executor://xunit/VsTestRunner2/netcoreapp" className="AccessToDB.Tests.UsersRepositoryTests" name="TestAddUserAutoIncrementAsyncOk" />
    </UnitTest>
    <UnitTest name="AccessToDB.Tests.SlopesRepositoryTests.TestAddSlopeAsyncFailsWhenSlopeIdRepeats(slope: Slope { SlopeID = 174, SlopeName = slopeName60393f1d-2b1e-4166-aa13-3439c570924a, IsOpen = True, DifficultyLevel = 116, ConnectedLifts =  })" storage="c:\users\alena\desktop\7_sem\testing_and_debugging\skiresort\accesstodb.tests\bin\debug\net6.0\accesstodb.tests.dll" id="76a9186d-6388-0eef-ac46-2bb72760d5c8">
      <Execution id="76dc55d5-5ed0-42f0-bf96-2cd796e6445a" />
      <TestMethod codeBase="C:\Users\alena\Desktop\7_sem\testing_and_debugging\SkiResort\AccessToDB.Tests\bin\Debug\net6.0\AccessToDB.Tests.dll" adapterTypeName="executor://xunit/VsTestRunner2/netcoreapp" className="AccessToDB.Tests.SlopesRepositoryTests" name="TestAddSlopeAsyncFailsWhenSlopeIdRepeats" />
    </UnitTest>
    <UnitTest name="AccessToDB.Tests.TurnstilesRepositoryTests.TestGetTurnstilesAsyncEmpty" storage="c:\users\alena\desktop\7_sem\testing_and_debugging\skiresort\accesstodb.tests\bin\debug\net6.0\accesstodb.tests.dll" id="3c521313-4ed6-6bce-b4f9-c359411028e7">
      <Execution id="76ae23b5-f8d7-435d-947f-520dd0031228" />
      <TestMethod codeBase="C:\Users\alena\Desktop\7_sem\testing_and_debugging\SkiResort\AccessToDB.Tests\bin\Debug\net6.0\AccessToDB.Tests.dll" adapterTypeName="executor://xunit/VsTestRunner2/netcoreapp" className="AccessToDB.Tests.TurnstilesRepositoryTests" name="TestGetTurnstilesAsyncEmpty" />
    </UnitTest>
    <UnitTest name="AccessToDB.Tests.LiftsSlopesRepositoryTests.TestGetLiftSlopeByIdAsyncOk(liftSlope: LiftSlope { RecordID = 134, LiftID = 9, SlopeID = 75 })" storage="c:\users\alena\desktop\7_sem\testing_and_debugging\skiresort\accesstodb.tests\bin\debug\net6.0\accesstodb.tests.dll" id="45989060-5eba-a584-f1d7-ff2264477a72">
      <Execution id="01ba132e-712e-4fce-b353-69c20d3921de" />
      <TestMethod codeBase="C:\Users\alena\Desktop\7_sem\testing_and_debugging\SkiResort\AccessToDB.Tests\bin\Debug\net6.0\AccessToDB.Tests.dll" adapterTypeName="executor://xunit/VsTestRunner2/netcoreapp" className="AccessToDB.Tests.LiftsSlopesRepositoryTests" name="TestGetLiftSlopeByIdAsyncOk" />
    </UnitTest>
    <UnitTest name="AccessToDB.Tests.UsersRepositoryTests.TestGetUserByIdAsyncOk(user: User { UserID = 246, CardID = 248, UserEmail = UserEmail9e6c56f7-4e8d-4c8b-a0e1-1cd335862c01, Password = passwordf2e58d22-6a6f-443e-a58a-2d7baaba507c, Permissions = UNAUTHORIZED })" storage="c:\users\alena\desktop\7_sem\testing_and_debugging\skiresort\accesstodb.tests\bin\debug\net6.0\accesstodb.tests.dll" id="23262cfe-eaf5-d026-f6db-2d76b6af4ad6">
      <Execution id="63f2a1c4-2176-4956-ac65-176982f4eb23" />
      <TestMethod codeBase="C:\Users\alena\Desktop\7_sem\testing_and_debugging\SkiResort\AccessToDB.Tests\bin\Debug\net6.0\AccessToDB.Tests.dll" adapterTypeName="executor://xunit/VsTestRunner2/netcoreapp" className="AccessToDB.Tests.UsersRepositoryTests" name="TestGetUserByIdAsyncOk" />
    </UnitTest>
    <UnitTest name="AccessToDB.Tests.SlopesRepositoryTests.TestGetSlopesAsyncEmpty" storage="c:\users\alena\desktop\7_sem\testing_and_debugging\skiresort\accesstodb.tests\bin\debug\net6.0\accesstodb.tests.dll" id="9bbefb83-8311-6e03-307f-415e3495e223">
      <Execution id="0c114f3d-f8b6-4fdb-91ee-78d678ec252b" />
      <TestMethod codeBase="C:\Users\alena\Desktop\7_sem\testing_and_debugging\SkiResort\AccessToDB.Tests\bin\Debug\net6.0\AccessToDB.Tests.dll" adapterTypeName="executor://xunit/VsTestRunner2/netcoreapp" className="AccessToDB.Tests.SlopesRepositoryTests" name="TestGetSlopesAsyncEmpty" />
    </UnitTest>
  </TestDefinitions>
  <TestEntries>
    <TestEntry testId="ec229f70-485a-f91b-53ed-bce655f6cd58" executionId="baad4813-2886-46b5-ab3f-99920e266f59" testListId="8c84fa94-04c1-424b-9868-57a2d4851a1d" />
    <TestEntry testId="b486b56e-8d25-994c-0a38-ce6dcb42870e" executionId="ba467524-784f-48aa-877f-c1f489d2288b" testListId="8c84fa94-04c1-424b-9868-57a2d4851a1d" />
    <TestEntry testId="491da243-7fe2-69f7-bfc7-87773e45fe0d" executionId="980fb183-cae5-49c6-bfd2-96e16d01ae7f" testListId="8c84fa94-04c1-424b-9868-57a2d4851a1d" />
    <TestEntry testId="607e8298-f113-be33-300e-15a343893443" executionId="754a683a-877c-4323-9127-f72b7f3ac024" testListId="8c84fa94-04c1-424b-9868-57a2d4851a1d" />
    <TestEntry testId="1d2c760c-3ac0-bfdd-f0fe-91248a1c761f" executionId="a053ae28-780d-485e-b65a-e2a36dbf7897" testListId="8c84fa94-04c1-424b-9868-57a2d4851a1d" />
    <TestEntry testId="30f8e924-9784-0a43-e807-094f70e06567" executionId="6794333b-5705-4840-a597-bcef67cecbf0" testListId="8c84fa94-04c1-424b-9868-57a2d4851a1d" />
    <TestEntry testId="13e61f43-dcb6-913b-3aa2-9afe022a8267" executionId="c0eeff97-9cb8-45c1-9f91-34fcea50d6ad" testListId="8c84fa94-04c1-424b-9868-57a2d4851a1d" />
    <TestEntry testId="c999d9ea-a449-76c0-3d2d-37b786760143" executionId="33387d09-3a17-477f-a06b-40e8a1996d6a" testListId="8c84fa94-04c1-424b-9868-57a2d4851a1d" />
    <TestEntry testId="9bbefb83-8311-6e03-307f-415e3495e223" executionId="0c114f3d-f8b6-4fdb-91ee-78d678ec252b" testListId="8c84fa94-04c1-424b-9868-57a2d4851a1d" />
    <TestEntry testId="73c24648-77f5-780f-21da-a69c1da1d0a7" executionId="a30539bd-a0e4-4fa2-bba1-daf8220fdb30" testListId="8c84fa94-04c1-424b-9868-57a2d4851a1d" />
    <TestEntry testId="c030c532-41b0-c511-c557-3cf8294055af" executionId="9e085871-74d6-4acd-b292-a9695ed1df13" testListId="8c84fa94-04c1-424b-9868-57a2d4851a1d" />
    <TestEntry testId="a4ed56e9-f9e4-dc59-e275-3ab5791ba9a2" executionId="8bc42636-aaf9-4152-8541-ae6f59c4c4a0" testListId="8c84fa94-04c1-424b-9868-57a2d4851a1d" />
    <TestEntry testId="8f7ba917-f771-0dc5-f9b9-465c34344b12" executionId="d739ba49-b6a3-47f1-918f-7a90b913f5cc" testListId="8c84fa94-04c1-424b-9868-57a2d4851a1d" />
    <TestEntry testId="e75bb6e2-88d9-af2a-a444-c4a9d67f0f0e" executionId="5a89cdb6-7a8c-4d5f-bf67-96721b0496ac" testListId="8c84fa94-04c1-424b-9868-57a2d4851a1d" />
    <TestEntry testId="f9435956-2e34-e52b-c34e-dce53665cf8e" executionId="21ebb344-ed82-4018-b757-acd7f2b31894" testListId="8c84fa94-04c1-424b-9868-57a2d4851a1d" />
    <TestEntry testId="d06d86de-13e2-0f89-94ee-958cb0e69b4b" executionId="34fa7504-6a59-4627-b0ff-eff0f01ba5aa" testListId="8c84fa94-04c1-424b-9868-57a2d4851a1d" />
    <TestEntry testId="25b4add2-8899-8f10-836a-6dbb30f6e546" executionId="461cb54c-0432-4916-8d49-9f953c5b3d80" testListId="8c84fa94-04c1-424b-9868-57a2d4851a1d" />
    <TestEntry testId="76a9186d-6388-0eef-ac46-2bb72760d5c8" executionId="76dc55d5-5ed0-42f0-bf96-2cd796e6445a" testListId="8c84fa94-04c1-424b-9868-57a2d4851a1d" />
    <TestEntry testId="fcd951fd-cc33-778d-0f34-37e96a40cda3" executionId="6bdcb2f9-9bef-409a-baf1-d3fb5f826b66" testListId="8c84fa94-04c1-424b-9868-57a2d4851a1d" />
    <TestEntry testId="4145f44e-b4b1-a618-09e8-c631496e6f1a" executionId="29756957-0653-482d-a7d4-7a0b7642295b" testListId="8c84fa94-04c1-424b-9868-57a2d4851a1d" />
    <TestEntry testId="5838421a-6fbb-e541-f4e9-ae0c3617a813" executionId="72b6dad9-cde4-41b1-a439-7cf704865597" testListId="8c84fa94-04c1-424b-9868-57a2d4851a1d" />
    <TestEntry testId="23262cfe-eaf5-d026-f6db-2d76b6af4ad6" executionId="63f2a1c4-2176-4956-ac65-176982f4eb23" testListId="8c84fa94-04c1-424b-9868-57a2d4851a1d" />
    <TestEntry testId="45989060-5eba-a584-f1d7-ff2264477a72" executionId="01ba132e-712e-4fce-b353-69c20d3921de" testListId="8c84fa94-04c1-424b-9868-57a2d4851a1d" />
    <TestEntry testId="a4fe5f87-d4aa-8db7-2409-8987f4935564" executionId="3100d541-867b-40ae-9396-ee9cb7890d18" testListId="8c84fa94-04c1-424b-9868-57a2d4851a1d" />
    <TestEntry testId="86591471-d7da-2c56-2f26-676b14136efb" executionId="06cfe02f-b0a5-4bad-a775-7eac3a1f811b" testListId="8c84fa94-04c1-424b-9868-57a2d4851a1d" />
    <TestEntry testId="8509471c-93ce-71cb-0f16-a0e88cacb896" executionId="e07903c9-40e3-4099-983b-d04a89ec28ca" testListId="8c84fa94-04c1-424b-9868-57a2d4851a1d" />
    <TestEntry testId="3584e84f-0f11-f3f3-c2f0-2fa727b8e4f7" executionId="477c7fca-04cb-4ec9-a966-87bcf3d26b66" testListId="8c84fa94-04c1-424b-9868-57a2d4851a1d" />
    <TestEntry testId="3c521313-4ed6-6bce-b4f9-c359411028e7" executionId="76ae23b5-f8d7-435d-947f-520dd0031228" testListId="8c84fa94-04c1-424b-9868-57a2d4851a1d" />
    <TestEntry testId="381e6a8d-54c8-33e3-ea20-4a86e6a01c61" executionId="9adeac80-2470-44f7-b992-75e4cb01c856" testListId="8c84fa94-04c1-424b-9868-57a2d4851a1d" />
    <TestEntry testId="7b794ed0-1a34-2bae-d358-887bdeb05726" executionId="96835abf-de7e-49a9-872e-3f3fd09a17cf" testListId="8c84fa94-04c1-424b-9868-57a2d4851a1d" />
    <TestEntry testId="adb2a3f4-21a0-8f39-3285-1bd94d022ea2" executionId="421fa3bd-b175-48e6-859d-7e4ffe27b7f3" testListId="8c84fa94-04c1-424b-9868-57a2d4851a1d" />
    <TestEntry testId="7cc5cb31-02b2-5167-7cb8-5e3ef556a2c2" executionId="589f6b71-c870-4a5c-abfa-2b5275eb8cc8" testListId="8c84fa94-04c1-424b-9868-57a2d4851a1d" />
    <TestEntry testId="6af5ce81-1560-7afa-daf3-700f1def064d" executionId="6eaf2e11-54cb-4415-9b38-560887cd969e" testListId="8c84fa94-04c1-424b-9868-57a2d4851a1d" />
    <TestEntry testId="0f15db18-19d3-23ab-eb32-562759ce014c" executionId="44d8b31d-e81e-4578-94af-62023ae8e840" testListId="8c84fa94-04c1-424b-9868-57a2d4851a1d" />
    <TestEntry testId="93e18abb-a0c4-4795-ec7a-657c0229de05" executionId="a694484c-523a-4bdd-907b-4a03a4dfa7f4" testListId="8c84fa94-04c1-424b-9868-57a2d4851a1d" />
    <TestEntry testId="70e29c27-8d82-1bc9-e1e4-c6f23e9fda24" executionId="3d67a779-d02f-4475-ad23-f7a5ee5b3b1c" testListId="8c84fa94-04c1-424b-9868-57a2d4851a1d" />
    <TestEntry testId="3741b26d-6ee0-6246-29e4-92009bff37b0" executionId="5c8f67f0-9540-47be-885b-fcb7324f408d" testListId="8c84fa94-04c1-424b-9868-57a2d4851a1d" />
    <TestEntry testId="f251b26d-f377-cec8-32a0-ad07a66b4527" executionId="14e0f305-fab1-4025-874e-5de0d0b17e7b" testListId="8c84fa94-04c1-424b-9868-57a2d4851a1d" />
    <TestEntry testId="d09384ba-61eb-c633-c59b-13da03f16379" executionId="6191cfe1-a885-454f-99be-fd800c44f593" testListId="8c84fa94-04c1-424b-9868-57a2d4851a1d" />
  </TestEntries>
  <TestLists>
    <TestList name="Список результатов" id="8c84fa94-04c1-424b-9868-57a2d4851a1d" />
    <TestList name="Все загруженные результаты" id="19431567-8539-422a-85d7-44ee4e166bda" />
  </TestLists>
  <ResultSummary outcome="Completed">
    <Counters total="39" executed="39" passed="39" failed="0" error="0" timeout="0" aborted="0" inconclusive="0" passedButRunAborted="0" notRunnable="0" notExecuted="0" disconnected="0" warning="0" completed="0" inProgress="0" pending="0" />
    <Output>
      <StdOut>[xUnit.net 00:00:00.00] xUnit.net VSTest Adapter v2.4.5+1caef2f33e (64-bit .NET 6.0.3)&#xD;
[xUnit.net 00:00:00.61]   Discovering: AccessToDB.Tests&#xD;
[xUnit.net 00:00:00.75]   Discovered:  AccessToDB.Tests&#xD;
[xUnit.net 00:00:00.75]   Starting:    AccessToDB.Tests&#xD;
[xUnit.net 00:01:03.74]   Finished:    AccessToDB.Tests&#xD;
</StdOut>
    </Output>
  </ResultSummary>
</TestRun>