<?xml version="1.0" encoding="utf-8"?>
<TestRun id="d1e0555b-96ba-4ca0-8f59-8a5cb02dd09d" name="alena@DESKTOP-TJ9D65N 2022-10-15 20:39:19" runUser="DESKTOP-TJ9D65N\alena" xmlns="http://microsoft.com/schemas/VisualStudio/TeamTest/2010">
  <Times creation="2022-10-15T20:39:19.8843788+03:00" queuing="2022-10-15T20:39:19.8843793+03:00" start="2022-10-15T20:39:17.7660048+03:00" finish="2022-10-15T20:39:41.0524041+03:00" />
  <TestSettings name="default" id="016a62d8-e428-4a1e-bbc7-64ed9d6b4abf">
    <Deployment runDeploymentRoot="alena_DESKTOP-TJ9D65N_2022-10-15_20_39_19" />
  </TestSettings>
  <Results>
    <UnitTestResult executionId="31e9a258-2bbf-4d87-8b13-8f6e58fef536" testId="b2f65476-b338-a98d-f8dd-6f78c556abd7" testName="AccessToDB.Tests.LiftsSlopesRepositoryTests.TestUpdateLiftSlopeByIDAsyncOk(liftSlope: LiftSlope { RecordID = 122, LiftID = 227, SlopeID = 165 })" computerName="DESKTOP-TJ9D65N" duration="00:00:00.6067207" startTime="2022-10-15T20:39:24.6301614+03:00" endTime="2022-10-15T20:39:24.6301618+03:00" testType="13cdc9d9-ddb5-4fa4-a97d-d965ccfc6d4b" outcome="Passed" testListId="8c84fa94-04c1-424b-9868-57a2d4851a1d" relativeResultsDirectory="31e9a258-2bbf-4d87-8b13-8f6e58fef536" />
    <UnitTestResult executionId="e8afedb6-f13a-4a9f-a909-ba5ab6446052" testId="3fdd6455-79fa-3b8f-6c40-5f634a25a3a7" testName="AccessToDB.Tests.UsersRepositoryTests.TestGetUserByEmailAsyncFailsWhenEmailNotExists(email: &quot;email4e19a9b7-89d0-4934-81d9-d4f684eb61f6&quot;)" computerName="DESKTOP-TJ9D65N" duration="00:00:00.5579466" startTime="2022-10-15T20:39:34.7091007+03:00" endTime="2022-10-15T20:39:34.7091008+03:00" testType="13cdc9d9-ddb5-4fa4-a97d-d965ccfc6d4b" outcome="Passed" testListId="8c84fa94-04c1-424b-9868-57a2d4851a1d" relativeResultsDirectory="e8afedb6-f13a-4a9f-a909-ba5ab6446052" />
    <UnitTestResult executionId="9ce2eaf7-6594-46e6-b8bd-fa70b224efd1" testId="a081b5ea-12f7-a001-1852-3b87998d4138" testName="AccessToDB.Tests.SlopesRepositoryTests.TestGetSlopeByNameAsyncFailsWhenNameNotExists(slopeName: &quot;slopeName611cca4f-04e3-4cef-951f-6dc3a44ea4a4&quot;)" computerName="DESKTOP-TJ9D65N" duration="00:00:00.5756629" startTime="2022-10-15T20:39:29.4048395+03:00" endTime="2022-10-15T20:39:29.4048398+03:00" testType="13cdc9d9-ddb5-4fa4-a97d-d965ccfc6d4b" outcome="Passed" testListId="8c84fa94-04c1-424b-9868-57a2d4851a1d" relativeResultsDirectory="9ce2eaf7-6594-46e6-b8bd-fa70b224efd1" />
    <UnitTestResult executionId="153a012c-8ade-4702-9ae6-2dfe28015355" testId="a28f76ce-5877-3f45-591c-604fba6b8d0b" testName="AccessToDB.Tests.LiftsRepositoryTests.TestDeleteLiftByIDAsyncFailsWhenIDNotExists(liftID: 231)" computerName="DESKTOP-TJ9D65N" duration="00:00:00.5559910" startTime="2022-10-15T20:39:20.3483808+03:00" endTime="2022-10-15T20:39:20.3483814+03:00" testType="13cdc9d9-ddb5-4fa4-a97d-d965ccfc6d4b" outcome="Passed" testListId="8c84fa94-04c1-424b-9868-57a2d4851a1d" relativeResultsDirectory="153a012c-8ade-4702-9ae6-2dfe28015355" />
    <UnitTestResult executionId="9b58e232-5611-4dc8-b508-4348dfaab360" testId="ff76cc13-ecdb-c41c-772b-5735f6f92c83" testName="AccessToDB.Tests.LiftsSlopesRepositoryTests.TestDeleteLiftSlopesByIDsAsyncOk(liftSlope: LiftSlope { RecordID = 156, LiftID = 226, SlopeID = 8 })" computerName="DESKTOP-TJ9D65N" duration="00:00:00.6073986" startTime="2022-10-15T20:39:26.4326130+03:00" endTime="2022-10-15T20:39:26.4326132+03:00" testType="13cdc9d9-ddb5-4fa4-a97d-d965ccfc6d4b" outcome="Passed" testListId="8c84fa94-04c1-424b-9868-57a2d4851a1d" relativeResultsDirectory="9b58e232-5611-4dc8-b508-4348dfaab360" />
    <UnitTestResult executionId="d5dfff4e-611f-4f79-9fd2-b33990463cb1" testId="e1b804ea-d2a3-a1a0-1593-71104f2a6d30" testName="AccessToDB.Tests.UsersRepositoryTests.TestUpdateUserByIDAsyncOk(user: User { UserID = 38, CardID = 70, UserEmail = UserEmailbd976e4a-b9d3-4a83-ada7-dd7f54d02859, Password = password8dc6eb46-085d-4baa-94a7-37dd2e0b8686, Permissions = UNAUTHORIZED })" computerName="DESKTOP-TJ9D65N" duration="00:00:00.6085698" startTime="2022-10-15T20:39:37.0899211+03:00" endTime="2022-10-15T20:39:37.0899222+03:00" testType="13cdc9d9-ddb5-4fa4-a97d-d965ccfc6d4b" outcome="Passed" testListId="8c84fa94-04c1-424b-9868-57a2d4851a1d" relativeResultsDirectory="d5dfff4e-611f-4f79-9fd2-b33990463cb1" />
    <UnitTestResult executionId="2f343001-50c8-441b-9c75-12023b271431" testId="0c75a9ab-e755-fa3a-51c4-68cbc39c3787" testName="AccessToDB.Tests.LiftsRepositoryTests.TestUpdateLiftByIDAsyncOk(lift: Lift { LiftID = 40, LiftName = liftName107da341-5cad-49ac-8cde-315231b7c66f, IsOpen = True, SeatsAmount = 147, LiftingTime = 113, QueueTime = 226, ConnectedSlopes =  })" computerName="DESKTOP-TJ9D65N" duration="00:00:00.6111850" startTime="2022-10-15T20:39:22.1578197+03:00" endTime="2022-10-15T20:39:22.1578201+03:00" testType="13cdc9d9-ddb5-4fa4-a97d-d965ccfc6d4b" outcome="Passed" testListId="8c84fa94-04c1-424b-9868-57a2d4851a1d" relativeResultsDirectory="2f343001-50c8-441b-9c75-12023b271431" />
    <UnitTestResult executionId="82ae75e7-0799-47ff-894f-821ee383e277" testId="260614d2-ac5a-2744-3a54-bb6ec0f2b693" testName="AccessToDB.Tests.UsersRepositoryTests.TestAddUserAsyncFailsWhenUserIdRepeats(user: User { UserID = 100, CardID = 159, UserEmail = UserEmaild6afce21-dbfd-4ad8-bdf8-adb2b88a85fa, Password = password9d968798-fe33-4d7c-98a4-d243a2b58eea, Permissions = UNAUTHORIZED })" computerName="DESKTOP-TJ9D65N" duration="00:00:00.6028921" startTime="2022-10-15T20:39:35.3156212+03:00" endTime="2022-10-15T20:39:35.3156213+03:00" testType="13cdc9d9-ddb5-4fa4-a97d-d965ccfc6d4b" outcome="Passed" testListId="8c84fa94-04c1-424b-9868-57a2d4851a1d" relativeResultsDirectory="82ae75e7-0799-47ff-894f-821ee383e277" />
    <UnitTestResult executionId="9460a44a-6da6-4165-9940-c777ff8cc3aa" testId="aa9c91f2-9ee1-fdae-2516-ec103a4f5923" testName="AccessToDB.Tests.LiftsSlopesRepositoryTests.TestGetSlopesByLiftIdAsyncFailsWhenSlopeNotExists(liftSlope: LiftSlope { RecordID = 125, LiftID = 118, SlopeID = 82 })" computerName="DESKTOP-TJ9D65N" duration="00:00:00.5883567" startTime="2022-10-15T20:39:25.8219477+03:00" endTime="2022-10-15T20:39:25.8219478+03:00" testType="13cdc9d9-ddb5-4fa4-a97d-d965ccfc6d4b" outcome="Passed" testListId="8c84fa94-04c1-424b-9868-57a2d4851a1d" relativeResultsDirectory="9460a44a-6da6-4165-9940-c777ff8cc3aa" />
    <UnitTestResult executionId="50c4258f-0840-4fbb-ab0f-3c4bfdb57614" testId="5c885dbb-1d5e-5b27-ea05-0b6a3502c9b3" testName="AccessToDB.Tests.SlopesRepositoryTests.TestAddSlopeAsyncFailsWhenSlopeIdRepeats(slope: Slope { SlopeID = 122, SlopeName = slopeName69181acd-9f23-4294-9dff-9839bef63bd6, IsOpen = True, DifficultyLevel = 99, ConnectedLifts =  })" computerName="DESKTOP-TJ9D65N" duration="00:00:00.6040517" startTime="2022-10-15T20:39:31.2211969+03:00" endTime="2022-10-15T20:39:31.2211972+03:00" testType="13cdc9d9-ddb5-4fa4-a97d-d965ccfc6d4b" outcome="Passed" testListId="8c84fa94-04c1-424b-9868-57a2d4851a1d" relativeResultsDirectory="50c4258f-0840-4fbb-ab0f-3c4bfdb57614" />
    <UnitTestResult executionId="215d82a7-e3c1-4c64-a19e-0d6b085cb9ea" testId="4b6a53f3-5b44-a8d7-3afa-d71b5ec6cc45" testName="AccessToDB.Tests.SlopesRepositoryTests.TestDeleteSlopeByIDAsyncFailsWhenIDNotExists(slopeID: 187)" computerName="DESKTOP-TJ9D65N" duration="00:00:00.5552568" startTime="2022-10-15T20:39:31.7834687+03:00" endTime="2022-10-15T20:39:31.7834689+03:00" testType="13cdc9d9-ddb5-4fa4-a97d-d965ccfc6d4b" outcome="Passed" testListId="8c84fa94-04c1-424b-9868-57a2d4851a1d" relativeResultsDirectory="215d82a7-e3c1-4c64-a19e-0d6b085cb9ea" />
    <UnitTestResult executionId="77416abc-9924-43ee-a9a0-f18b5594aeaa" testId="ff3deb0f-1089-14d3-f392-2865e9a4da55" testName="AccessToDB.Tests.LiftsRepositoryTests.TestAddLiftAsyncFailsWhenLiftIdRepeats(lift: Lift { LiftID = 34, LiftName = liftNamea2ff7510-cc41-4660-bac2-c8d3dbf2441b, IsOpen = True, SeatsAmount = 39, LiftingTime = 36, QueueTime = 40, ConnectedSlopes =  })" computerName="DESKTOP-TJ9D65N" duration="00:00:00.6258448" startTime="2022-10-15T20:39:21.5430757+03:00" endTime="2022-10-15T20:39:21.5430759+03:00" testType="13cdc9d9-ddb5-4fa4-a97d-d965ccfc6d4b" outcome="Passed" testListId="8c84fa94-04c1-424b-9868-57a2d4851a1d" relativeResultsDirectory="77416abc-9924-43ee-a9a0-f18b5594aeaa" />
    <UnitTestResult executionId="9c582546-bfeb-4ad0-9c3e-d29f4378fde1" testId="f9435956-2e34-e52b-c34e-dce53665cf8e" testName="AccessToDB.Tests.TurnstilesRepositoryTests.TestAddTurnstileAutoIncrementAsyncOk" computerName="DESKTOP-TJ9D65N" duration="00:00:00.6133203" startTime="2022-10-15T20:39:40.1597321+03:00" endTime="2022-10-15T20:39:40.1597324+03:00" testType="13cdc9d9-ddb5-4fa4-a97d-d965ccfc6d4b" outcome="Passed" testListId="8c84fa94-04c1-424b-9868-57a2d4851a1d" relativeResultsDirectory="9c582546-bfeb-4ad0-9c3e-d29f4378fde1" />
    <UnitTestResult executionId="760d7b64-5fc9-4bc7-9c47-3a5426bb61dd" testId="3741b26d-6ee0-6246-29e4-92009bff37b0" testName="AccessToDB.Tests.UsersRepositoryTests.TestGetUsersAsyncEmpty" computerName="DESKTOP-TJ9D65N" duration="00:00:00.0010000" startTime="2022-10-15T20:39:33.5594289+03:00" endTime="2022-10-15T20:39:33.5594291+03:00" testType="13cdc9d9-ddb5-4fa4-a97d-d965ccfc6d4b" outcome="Failed" testListId="8c84fa94-04c1-424b-9868-57a2d4851a1d" relativeResultsDirectory="760d7b64-5fc9-4bc7-9c47-3a5426bb61dd">
      <Output>
        <ErrorInfo>
          <Message>System.InvalidOperationException : Operations that change non-concurrent collections must have exclusive access. A concurrent update was performed on this collection and corrupted its state. The collection's state is no longer correct.</Message>
          <StackTrace>   at System.Collections.Generic.Dictionary`2.FindValue(TKey key)&#xD;
   at System.Collections.Generic.Dictionary`2.TryGetValue(TKey key, TValue&amp; value)&#xD;
   at ProGaudi.MsgPack.Light.MsgPackContext.GetObjectActivator(Type type)&#xD;
   at ProGaudi.MsgPack.Light.MsgPackContext.&lt;&gt;c__DisplayClass24_0.&lt;TryGenerateConverterFromGenericConverter&gt;b__0(Type x)&#xD;
   at ProGaudi.MsgPack.Light.MsgPackContext.TryGenerateConverterFromGenericConverter(Type type)&#xD;
   at ProGaudi.MsgPack.Light.MsgPackContext.GetConverter[T]()&#xD;
   at ProGaudi.MsgPack.Light.MsgPackSerializer.GetConverter[T](MsgPackContext context)&#xD;
   at ProGaudi.MsgPack.Light.MsgPackSerializer.Deserialize[T](MemoryStream stream, MsgPackContext context)&#xD;
   at ProGaudi.Tarantool.Client.LogicalConnection.SendRequest[TRequest,TResponse](TRequest request, Nullable`1 timeout)&#xD;
   at ProGaudi.Tarantool.Client.LogicalConnectionManager.SendRequest[TRequest,TResponse](TRequest request, Nullable`1 timeout)&#xD;
   at ProGaudi.Tarantool.Client.Schema.Select[T](UInt32 spaceId, Iterator iterator, UInt32 id)&#xD;
   at ProGaudi.Tarantool.Client.Schema.Reload()&#xD;
   at ProGaudi.Tarantool.Client.Box.Connect()&#xD;
   at ProGaudi.Tarantool.Client.Box.Connect(String replicationSource)&#xD;
   at AccessToDB.TarantoolContext.Initialize(String connection_string) in C:\Users\alena\Desktop\7_sem\testing_and_debugging\SkiResort\AccessToDB\TarantoolContext.cs:line 52&#xD;
   at AccessToDB.TarantoolContext..ctor(String connection_string) in C:\Users\alena\Desktop\7_sem\testing_and_debugging\SkiResort\AccessToDB\TarantoolContext.cs:line 32&#xD;
   at AccessToDB.Tests.UsersRepositoryTests..ctor() in C:\Users\alena\Desktop\7_sem\testing_and_debugging\SkiResort\AccessToDB.Tests\UsersRepositoryTests.cs:line 28&#xD;
   at System.RuntimeType.CreateInstanceDefaultCtor(Boolean publicOnly, Boolean wrapExceptions)</StackTrace>
        </ErrorInfo>
      </Output>
    </UnitTestResult>
    <UnitTestResult executionId="5acf6402-f670-45e4-b13a-be170f22c083" testId="6563974c-15b4-e34e-527c-be33682d268f" testName="AccessToDB.Tests.TurnstilesRepositoryTests.TestDeleteTurnstileByIDAsyncFailsWhenIDNotExists(turnstileID: 166)" computerName="DESKTOP-TJ9D65N" duration="00:00:00.5552478" startTime="2022-10-15T20:39:39.4439293+03:00" endTime="2022-10-15T20:39:39.4439294+03:00" testType="13cdc9d9-ddb5-4fa4-a97d-d965ccfc6d4b" outcome="Passed" testListId="8c84fa94-04c1-424b-9868-57a2d4851a1d" relativeResultsDirectory="5acf6402-f670-45e4-b13a-be170f22c083" />
    <UnitTestResult executionId="046a5304-9179-47eb-874f-20251b82d5d9" testId="a6620c48-5389-1312-132e-b95585d734f0" testName="AccessToDB.Tests.LiftsSlopesRepositoryTests.TestAddLiftSlopeAsyncFailsWhenLiftSlopeIdRepeats(liftSlope: LiftSlope { RecordID = 122, LiftID = 202, SlopeID = 254 })" computerName="DESKTOP-TJ9D65N" duration="00:00:00.6088615" startTime="2022-10-15T20:39:27.0458494+03:00" endTime="2022-10-15T20:39:27.0458504+03:00" testType="13cdc9d9-ddb5-4fa4-a97d-d965ccfc6d4b" outcome="Passed" testListId="8c84fa94-04c1-424b-9868-57a2d4851a1d" relativeResultsDirectory="046a5304-9179-47eb-874f-20251b82d5d9" />
    <UnitTestResult executionId="021757c2-de69-4128-b971-6022b4b51173" testId="eae6f3a9-b6e5-b6c5-8dd2-be73e60b5b36" testName="AccessToDB.Tests.UsersRepositoryTests.TestCheckUserIdExistsAsyncTrue(user: User { UserID = 45, CardID = 19, UserEmail = UserEmail6d1e9aae-ee15-4732-b411-f735ceeeeb79, Password = password00f0ab81-2bd4-4c6c-ad12-93efee3eb8dc, Permissions = UNAUTHORIZED })" computerName="DESKTOP-TJ9D65N" duration="00:00:00.5869808" startTime="2022-10-15T20:39:34.1469793+03:00" endTime="2022-10-15T20:39:34.1469795+03:00" testType="13cdc9d9-ddb5-4fa4-a97d-d965ccfc6d4b" outcome="Passed" testListId="8c84fa94-04c1-424b-9868-57a2d4851a1d" relativeResultsDirectory="021757c2-de69-4128-b971-6022b4b51173" />
    <UnitTestResult executionId="af4b94a7-285d-4e1b-8b6f-786ca82d8886" testId="3c521313-4ed6-6bce-b4f9-c359411028e7" testName="AccessToDB.Tests.TurnstilesRepositoryTests.TestGetTurnstilesAsyncEmpty" computerName="DESKTOP-TJ9D65N" duration="00:00:00.5595128" startTime="2022-10-15T20:39:38.8859819+03:00" endTime="2022-10-15T20:39:38.8859820+03:00" testType="13cdc9d9-ddb5-4fa4-a97d-d965ccfc6d4b" outcome="Passed" testListId="8c84fa94-04c1-424b-9868-57a2d4851a1d" relativeResultsDirectory="af4b94a7-285d-4e1b-8b6f-786ca82d8886" />
    <UnitTestResult executionId="f7f2f666-2007-436e-bc9e-0c3b81e0b266" testId="ec50a6ac-8a8d-50f7-d83d-13941525b51a" testName="AccessToDB.Tests.TurnstilesRepositoryTests.TestAddTurnstileAsyncFailsWhenTurnstileIdRepeats(turnstile: Turnstile { TurnstileID = 126, LiftID = 16, IsOpen = True })" computerName="DESKTOP-TJ9D65N" duration="00:00:00.0010000" startTime="2022-10-15T20:39:39.5433234+03:00" endTime="2022-10-15T20:39:39.5433238+03:00" testType="13cdc9d9-ddb5-4fa4-a97d-d965ccfc6d4b" outcome="Failed" testListId="8c84fa94-04c1-424b-9868-57a2d4851a1d" relativeResultsDirectory="f7f2f666-2007-436e-bc9e-0c3b81e0b266">
      <Output>
        <ErrorInfo>
          <Message>System.InvalidOperationException : Operations that change non-concurrent collections must have exclusive access. A concurrent update was performed on this collection and corrupted its state. The collection's state is no longer correct.</Message>
          <StackTrace>   at System.Collections.Generic.Dictionary`2.FindValue(TKey key)&#xD;
   at System.Collections.Generic.Dictionary`2.TryGetValue(TKey key, TValue&amp; value)&#xD;
   at ProGaudi.MsgPack.Light.MsgPackContext.GetObjectActivator(Type type)&#xD;
   at ProGaudi.MsgPack.Light.MsgPackContext.&lt;&gt;c__DisplayClass24_0.&lt;TryGenerateConverterFromGenericConverter&gt;b__0(Type x)&#xD;
   at ProGaudi.MsgPack.Light.MsgPackContext.TryGenerateConverterFromGenericConverter(Type type)&#xD;
   at ProGaudi.MsgPack.Light.MsgPackContext.GetConverter[T]()&#xD;
   at ProGaudi.MsgPack.Light.MsgPackSerializer.GetConverter[T](MsgPackContext context)&#xD;
   at ProGaudi.MsgPack.Light.MsgPackSerializer.Deserialize[T](MemoryStream stream, MsgPackContext context)&#xD;
   at ProGaudi.Tarantool.Client.LogicalConnection.SendRequest[TRequest,TResponse](TRequest request, Nullable`1 timeout)&#xD;
   at ProGaudi.Tarantool.Client.LogicalConnectionManager.SendRequest[TRequest,TResponse](TRequest request, Nullable`1 timeout)&#xD;
   at ProGaudi.Tarantool.Client.Schema.Select[T](UInt32 spaceId, Iterator iterator, UInt32 id)&#xD;
   at ProGaudi.Tarantool.Client.Schema.Reload()&#xD;
   at ProGaudi.Tarantool.Client.Box.Connect()&#xD;
   at ProGaudi.Tarantool.Client.Box.Connect(String replicationSource)&#xD;
   at AccessToDB.TarantoolContext.Initialize(String connection_string) in C:\Users\alena\Desktop\7_sem\testing_and_debugging\SkiResort\AccessToDB\TarantoolContext.cs:line 52&#xD;
   at AccessToDB.TarantoolContext..ctor(String connection_string) in C:\Users\alena\Desktop\7_sem\testing_and_debugging\SkiResort\AccessToDB\TarantoolContext.cs:line 32&#xD;
   at AccessToDB.Tests.TurnstilesRepositoryTests..ctor() in C:\Users\alena\Desktop\7_sem\testing_and_debugging\SkiResort\AccessToDB.Tests\TurnstilesRepositoryTests.cs:line 29&#xD;
   at System.RuntimeType.CreateInstanceDefaultCtor(Boolean publicOnly, Boolean wrapExceptions)</StackTrace>
        </ErrorInfo>
      </Output>
    </UnitTestResult>
    <UnitTestResult executionId="3f0db8cc-f95b-4c9c-bb14-e54371f96c5c" testId="f6f91fb8-05ef-8fb9-ce62-fe9faa9c3f75" testName="AccessToDB.Tests.SlopesRepositoryTests.TestGetSlopeByIdAsyncOk(slope: Slope { SlopeID = 201, SlopeName = slopeNamef77ebc9c-b130-48e1-a6b6-1b8c7cd4ce1f, IsOpen = True, DifficultyLevel = 183, ConnectedLifts =  })" computerName="DESKTOP-TJ9D65N" duration="00:00:00.5910611" startTime="2022-10-15T20:39:30.0015762+03:00" endTime="2022-10-15T20:39:30.0015767+03:00" testType="13cdc9d9-ddb5-4fa4-a97d-d965ccfc6d4b" outcome="Passed" testListId="8c84fa94-04c1-424b-9868-57a2d4851a1d" relativeResultsDirectory="3f0db8cc-f95b-4c9c-bb14-e54371f96c5c" />
    <UnitTestResult executionId="288f072c-a8f7-45cd-a49e-a8c0881c8d45" testId="a3ade6fd-78a9-f1c3-427a-e28ab6f50bd1" testName="AccessToDB.Tests.UsersRepositoryTests.TestCheckUserEmailExistsAsyncFalse(userEmail: &quot;userEmail8e3bd4c1-b7fa-4930-b0cb-4bb040d25c72&quot;)" computerName="DESKTOP-TJ9D65N" duration="00:00:00.5582851" startTime="2022-10-15T20:39:35.8770293+03:00" endTime="2022-10-15T20:39:35.8770295+03:00" testType="13cdc9d9-ddb5-4fa4-a97d-d965ccfc6d4b" outcome="Passed" testListId="8c84fa94-04c1-424b-9868-57a2d4851a1d" relativeResultsDirectory="288f072c-a8f7-45cd-a49e-a8c0881c8d45" />
    <UnitTestResult executionId="dcfbcfcb-dafd-43ce-8509-819b785ae3fa" testId="50bf828f-58c3-a9db-38c5-936fc462328c" testName="AccessToDB.Tests.LiftsSlopesRepositoryTests.TestGetLiftSlopeByIdAsyncOk(liftSlope: LiftSlope { RecordID = 72, LiftID = 127, SlopeID = 85 })" computerName="DESKTOP-TJ9D65N" duration="00:00:00.5918925" startTime="2022-10-15T20:39:25.2266034+03:00" endTime="2022-10-15T20:39:25.2266039+03:00" testType="13cdc9d9-ddb5-4fa4-a97d-d965ccfc6d4b" outcome="Passed" testListId="8c84fa94-04c1-424b-9868-57a2d4851a1d" relativeResultsDirectory="dcfbcfcb-dafd-43ce-8509-819b785ae3fa" />
    <UnitTestResult executionId="343f89ef-59e1-4f90-841c-046c54562ac6" testId="cbeddcfe-6689-3917-6f2d-e1bebde44a25" testName="AccessToDB.Tests.TurnstilesRepositoryTests.TestGetTurnstilesByLiftIdAsyncOk(liftID: 89)" computerName="DESKTOP-TJ9D65N" duration="00:00:00.7466176" startTime="2022-10-15T20:39:40.9130053+03:00" endTime="2022-10-15T20:39:40.9130055+03:00" testType="13cdc9d9-ddb5-4fa4-a97d-d965ccfc6d4b" outcome="Passed" testListId="8c84fa94-04c1-424b-9868-57a2d4851a1d" relativeResultsDirectory="343f89ef-59e1-4f90-841c-046c54562ac6" />
    <UnitTestResult executionId="493f268d-4323-4c24-935e-bf6b36eb3b2b" testId="7f6e2d52-7b6a-686c-102e-9e1811d2ef1b" testName="AccessToDB.Tests.TurnstilesRepositoryTests.TestUpdateTurnstileByIDAsyncOk(turnstile: Turnstile { TurnstileID = 114, LiftID = 3, IsOpen = True })" computerName="DESKTOP-TJ9D65N" duration="00:00:00.0010000" startTime="2022-10-15T20:39:39.4961533+03:00" endTime="2022-10-15T20:39:39.4961534+03:00" testType="13cdc9d9-ddb5-4fa4-a97d-d965ccfc6d4b" outcome="Failed" testListId="8c84fa94-04c1-424b-9868-57a2d4851a1d" relativeResultsDirectory="493f268d-4323-4c24-935e-bf6b36eb3b2b">
      <Output>
        <ErrorInfo>
          <Message>System.InvalidOperationException : Operations that change non-concurrent collections must have exclusive access. A concurrent update was performed on this collection and corrupted its state. The collection's state is no longer correct.</Message>
          <StackTrace>   at System.Collections.Generic.Dictionary`2.FindValue(TKey key)&#xD;
   at System.Collections.Generic.Dictionary`2.TryGetValue(TKey key, TValue&amp; value)&#xD;
   at ProGaudi.MsgPack.Light.MsgPackContext.GetObjectActivator(Type type)&#xD;
   at ProGaudi.MsgPack.Light.MsgPackContext.&lt;&gt;c__DisplayClass24_0.&lt;TryGenerateConverterFromGenericConverter&gt;b__0(Type x)&#xD;
   at ProGaudi.MsgPack.Light.MsgPackContext.TryGenerateConverterFromGenericConverter(Type type)&#xD;
   at ProGaudi.MsgPack.Light.MsgPackContext.GetConverter[T]()&#xD;
   at ProGaudi.MsgPack.Light.MsgPackSerializer.GetConverter[T](MsgPackContext context)&#xD;
   at ProGaudi.MsgPack.Light.MsgPackSerializer.Deserialize[T](MemoryStream stream, MsgPackContext context)&#xD;
   at ProGaudi.Tarantool.Client.LogicalConnection.SendRequest[TRequest,TResponse](TRequest request, Nullable`1 timeout)&#xD;
   at ProGaudi.Tarantool.Client.LogicalConnectionManager.SendRequest[TRequest,TResponse](TRequest request, Nullable`1 timeout)&#xD;
   at ProGaudi.Tarantool.Client.Schema.Select[T](UInt32 spaceId, Iterator iterator, UInt32 id)&#xD;
   at ProGaudi.Tarantool.Client.Schema.Reload()&#xD;
   at ProGaudi.Tarantool.Client.Box.Connect()&#xD;
   at ProGaudi.Tarantool.Client.Box.Connect(String replicationSource)&#xD;
   at AccessToDB.TarantoolContext.Initialize(String connection_string) in C:\Users\alena\Desktop\7_sem\testing_and_debugging\SkiResort\AccessToDB\TarantoolContext.cs:line 52&#xD;
   at AccessToDB.TarantoolContext..ctor(String connection_string) in C:\Users\alena\Desktop\7_sem\testing_and_debugging\SkiResort\AccessToDB\TarantoolContext.cs:line 32&#xD;
   at AccessToDB.Tests.TurnstilesRepositoryTests..ctor() in C:\Users\alena\Desktop\7_sem\testing_and_debugging\SkiResort\AccessToDB.Tests\TurnstilesRepositoryTests.cs:line 29&#xD;
   at System.RuntimeType.CreateInstanceDefaultCtor(Boolean publicOnly, Boolean wrapExceptions)</StackTrace>
        </ErrorInfo>
      </Output>
    </UnitTestResult>
    <UnitTestResult executionId="b5ceb295-67a4-4bea-8587-351f69428568" testId="26a308de-0284-f1da-bb3a-eae42efc414b" testName="AccessToDB.Tests.TurnstilesRepositoryTests.TestGetTurnstileByIdAsyncOk(turnstile: Turnstile { TurnstileID = 32, LiftID = 37, IsOpen = True })" computerName="DESKTOP-TJ9D65N" duration="00:00:00.5957325" startTime="2022-10-15T20:39:38.3232963+03:00" endTime="2022-10-15T20:39:38.3232965+03:00" testType="13cdc9d9-ddb5-4fa4-a97d-d965ccfc6d4b" outcome="Passed" testListId="8c84fa94-04c1-424b-9868-57a2d4851a1d" relativeResultsDirectory="b5ceb295-67a4-4bea-8587-351f69428568" />
    <UnitTestResult executionId="5d4b179c-54f1-4af2-bd62-4e1d9d7a258f" testId="a0445f2d-33b8-7a31-09bc-3d38225db8d0" testName="AccessToDB.Tests.UsersRepositoryTests.TestDeleteUserByIDAsyncFailsWhenIDNotExists(userID: 123)" computerName="DESKTOP-TJ9D65N" duration="00:00:00.5508188" startTime="2022-10-15T20:39:33.5049947+03:00" endTime="2022-10-15T20:39:33.5049952+03:00" testType="13cdc9d9-ddb5-4fa4-a97d-d965ccfc6d4b" outcome="Passed" testListId="8c84fa94-04c1-424b-9868-57a2d4851a1d" relativeResultsDirectory="5d4b179c-54f1-4af2-bd62-4e1d9d7a258f" />
    <UnitTestResult executionId="6794e30a-218d-4426-940d-297059225688" testId="37997b57-6dc0-01d6-7c75-f25bf5a87c89" testName="AccessToDB.Tests.LiftsSlopesRepositoryTests.TestDeleteLiftSlopeByIDAsyncFailsWhenIDNotExists(liftSlopeID: 245)" computerName="DESKTOP-TJ9D65N" duration="00:00:00.5719677" startTime="2022-10-15T20:39:27.6284972+03:00" endTime="2022-10-15T20:39:27.6284977+03:00" testType="13cdc9d9-ddb5-4fa4-a97d-d965ccfc6d4b" outcome="Passed" testListId="8c84fa94-04c1-424b-9868-57a2d4851a1d" relativeResultsDirectory="6794e30a-218d-4426-940d-297059225688" />
    <UnitTestResult executionId="057d7645-1913-4346-934a-ae5cfecb54af" testId="08059246-a73a-dd19-af33-0239bde14cf6" testName="AccessToDB.Tests.LiftsRepositoryTests.TestGetLiftByNameAsyncFailsWhenNameNotExists(liftName: &quot;liftName258306c3-f51f-48f1-a5dd-004e86485784&quot;)" computerName="DESKTOP-TJ9D65N" duration="00:00:00.5596972" startTime="2022-10-15T20:39:22.7230013+03:00" endTime="2022-10-15T20:39:22.7230016+03:00" testType="13cdc9d9-ddb5-4fa4-a97d-d965ccfc6d4b" outcome="Passed" testListId="8c84fa94-04c1-424b-9868-57a2d4851a1d" relativeResultsDirectory="057d7645-1913-4346-934a-ae5cfecb54af" />
    <UnitTestResult executionId="c660d41d-f8af-40fa-b2b8-68693c10d0c5" testId="0dc50949-34ae-faae-33df-1e989c0ca470" testName="AccessToDB.Tests.LiftsSlopesRepositoryTests.TestGetLiftsBySlopeIdAsyncOk(slope1: Slope { SlopeID = 101, SlopeName = slopeNameb037425a-4559-45e3-99d8-f56028c4eba1, IsOpen = True, DifficultyLevel = 169, ConnectedLifts =  }, slope2: Slope { SlopeID = 173, SlopeName = slopeName9eccf5d9-5f37-4c14-8043-7624ed289fdc, IsOpen = False, DifficultyLevel = 57, ConnectedLifts =  }, lift1: Lift { LiftID = 179, LiftName = liftName6633e77e-8162-4869-bf72-71c69ff9c228, IsOpen = True, SeatsAmount = 196, LiftingTime = 23, QueueTime = 137, ConnectedSlopes =  }, lift2: Lift { LiftID = 229, LiftName = liftName69f963f2-979c-47ad-b174-4a0dac27b2df, IsOpen = False, SeatsAmount = 69, LiftingTime = 53, QueueTime = 118, ConnectedSlopes =  })" computerName="DESKTOP-TJ9D65N" duration="00:00:00.6516106" startTime="2022-10-15T20:39:24.0194636+03:00" endTime="2022-10-15T20:39:24.0194638+03:00" testType="13cdc9d9-ddb5-4fa4-a97d-d965ccfc6d4b" outcome="Passed" testListId="8c84fa94-04c1-424b-9868-57a2d4851a1d" relativeResultsDirectory="c660d41d-f8af-40fa-b2b8-68693c10d0c5" />
    <UnitTestResult executionId="0ea63c34-9526-4e73-9456-50dfc7f21b87" testId="aa5ba96c-4a1c-bd16-cf20-dc52b551fcca" testName="AccessToDB.Tests.LiftsRepositoryTests.TestGetLiftByIdAsyncOk(lift: Lift { LiftID = 28, LiftName = liftName58f289a7-eb2a-4577-9dec-472f4463570a, IsOpen = True, SeatsAmount = 147, LiftingTime = 40, QueueTime = 164, ConnectedSlopes =  })" computerName="DESKTOP-TJ9D65N" duration="00:00:00.5871104" startTime="2022-10-15T20:39:23.3170829+03:00" endTime="2022-10-15T20:39:23.3170832+03:00" testType="13cdc9d9-ddb5-4fa4-a97d-d965ccfc6d4b" outcome="Passed" testListId="8c84fa94-04c1-424b-9868-57a2d4851a1d" relativeResultsDirectory="0ea63c34-9526-4e73-9456-50dfc7f21b87" />
    <UnitTestResult executionId="6ff93256-5948-42dc-b8e9-8f1f7530219c" testId="8b17d793-595a-2162-15d0-b276a0a2bed2" testName="AccessToDB.Tests.SlopesRepositoryTests.TestUpdateSlopeByIDAsyncOk(slope: Slope { SlopeID = 36, SlopeName = slopeName89e1045a-f431-48c4-9970-9f52d00e730d, IsOpen = True, DifficultyLevel = 67, ConnectedLifts =  })" computerName="DESKTOP-TJ9D65N" duration="00:00:00.5741168" startTime="2022-10-15T20:39:32.9616027+03:00" endTime="2022-10-15T20:39:32.9616031+03:00" testType="13cdc9d9-ddb5-4fa4-a97d-d965ccfc6d4b" outcome="Failed" testListId="8c84fa94-04c1-424b-9868-57a2d4851a1d" relativeResultsDirectory="6ff93256-5948-42dc-b8e9-8f1f7530219c">
      <Output>
        <ErrorInfo>
          <Message>System.InvalidOperationException : Operations that change non-concurrent collections must have exclusive access. A concurrent update was performed on this collection and corrupted its state. The collection's state is no longer correct.</Message>
          <StackTrace>   at System.Collections.Generic.Dictionary`2.FindValue(TKey key)&#xD;
   at System.Collections.Generic.Dictionary`2.TryGetValue(TKey key, TValue&amp; value)&#xD;
   at ProGaudi.MsgPack.Light.MsgPackContext.GetObjectActivator(Type type)&#xD;
   at ProGaudi.MsgPack.Light.MsgPackContext.&lt;&gt;c__DisplayClass24_0.&lt;TryGenerateConverterFromGenericConverter&gt;b__0(Type x)&#xD;
   at ProGaudi.MsgPack.Light.MsgPackContext.TryGenerateConverterFromGenericConverter(Type type)&#xD;
   at ProGaudi.MsgPack.Light.MsgPackContext.GetConverter[T]()&#xD;
   at ProGaudi.MsgPack.Light.MsgPackSerializer.GetConverter[T](MsgPackContext context)&#xD;
   at ProGaudi.MsgPack.Light.MsgPackSerializer.Serialize[T](T data, MemoryStream stream, MsgPackContext context)&#xD;
   at ProGaudi.Tarantool.Client.LogicalConnection.SendRequestImpl[TRequest](TRequest request, Nullable`1 timeout)&#xD;
   at ProGaudi.Tarantool.Client.LogicalConnection.SendRequest[TRequest,TResponse](TRequest request, Nullable`1 timeout)&#xD;
   at ProGaudi.Tarantool.Client.LogicalConnectionManager.SendRequest[TRequest,TResponse](TRequest request, Nullable`1 timeout)&#xD;
   at ProGaudi.Tarantool.Client.Space.Update[TKey,TTuple](TKey key, UpdateOperation[] updateOperations)&#xD;
   at AccessToDB.RepositoriesTarantool.TarantoolSlopesRepository.UpdateSlopeByIDAsync(UInt32 slopeID, String newSlopeName, Boolean newIsOpen, UInt32 newDifficultyLevel) in C:\Users\alena\Desktop\7_sem\testing_and_debugging\SkiResort\AccessToDB\TarantoolRepositories\TarantoolSlopesRepository.cs:line 102&#xD;
   at AccessToDB.Tests.SlopesRepositoryTests.TestUpdateSlopeByIDAsyncOk(Slope slope) in C:\Users\alena\Desktop\7_sem\testing_and_debugging\SkiResort\AccessToDB.Tests\SlopesRepositoryTests.cs:line 121&#xD;
   at System.Threading.Tasks.Task.&lt;&gt;c.&lt;ThrowAsync&gt;b__128_0(Object state)</StackTrace>
        </ErrorInfo>
      </Output>
    </UnitTestResult>
    <UnitTestResult executionId="826209e0-1199-4819-9f0f-32479f3a8318" testId="ec229f70-485a-f91b-53ed-bce655f6cd58" testName="AccessToDB.Tests.LiftsRepositoryTests.TestAddLiftAutoIncrementAsyncOk" computerName="DESKTOP-TJ9D65N" duration="00:00:00.6528258" startTime="2022-10-15T20:39:19.7679418+03:00" endTime="2022-10-15T20:39:19.7679644+03:00" testType="13cdc9d9-ddb5-4fa4-a97d-d965ccfc6d4b" outcome="Passed" testListId="8c84fa94-04c1-424b-9868-57a2d4851a1d" relativeResultsDirectory="826209e0-1199-4819-9f0f-32479f3a8318" />
    <UnitTestResult executionId="439db781-fce3-4430-b19d-896b92a0d15e" testId="4145f44e-b4b1-a618-09e8-c631496e6f1a" testName="AccessToDB.Tests.LiftsSlopesRepositoryTests.TestGetLiftSlopesAsyncEmpty" computerName="DESKTOP-TJ9D65N" duration="00:00:00.5746083" startTime="2022-10-15T20:39:28.8242036+03:00" endTime="2022-10-15T20:39:28.8242038+03:00" testType="13cdc9d9-ddb5-4fa4-a97d-d965ccfc6d4b" outcome="Passed" testListId="8c84fa94-04c1-424b-9868-57a2d4851a1d" relativeResultsDirectory="439db781-fce3-4430-b19d-896b92a0d15e" />
    <UnitTestResult executionId="5d9c6ac8-38e6-4783-9134-4b45f58ccac7" testId="607e8298-f113-be33-300e-15a343893443" testName="AccessToDB.Tests.LiftsRepositoryTests.TestGetLiftsAsyncEmpty" computerName="DESKTOP-TJ9D65N" duration="00:00:00.5599901" startTime="2022-10-15T20:39:20.9139445+03:00" endTime="2022-10-15T20:39:20.9139446+03:00" testType="13cdc9d9-ddb5-4fa4-a97d-d965ccfc6d4b" outcome="Passed" testListId="8c84fa94-04c1-424b-9868-57a2d4851a1d" relativeResultsDirectory="5d9c6ac8-38e6-4783-9134-4b45f58ccac7" />
    <UnitTestResult executionId="26fc3687-1496-487d-88e3-dde3c4549acd" testId="92b993a3-4fba-d7d5-19d1-7311ddaeb7be" testName="AccessToDB.Tests.UsersRepositoryTests.TestGetUserByIdAsyncOk(user: User { UserID = 157, CardID = 173, UserEmail = UserEmail368f2582-3cb4-4414-a1c8-78192b62dd94, Password = password3b2e5d92-7d1d-412e-bfd0-f624487390fa, Permissions = UNAUTHORIZED })" computerName="DESKTOP-TJ9D65N" duration="00:00:00.5956218" startTime="2022-10-15T20:39:36.4775999+03:00" endTime="2022-10-15T20:39:36.4776001+03:00" testType="13cdc9d9-ddb5-4fa4-a97d-d965ccfc6d4b" outcome="Passed" testListId="8c84fa94-04c1-424b-9868-57a2d4851a1d" relativeResultsDirectory="26fc3687-1496-487d-88e3-dde3c4549acd" />
    <UnitTestResult executionId="50e5d3fe-7504-40d1-b618-4eaa529882a0" testId="9bbefb83-8311-6e03-307f-415e3495e223" testName="AccessToDB.Tests.SlopesRepositoryTests.TestGetSlopesAsyncEmpty" computerName="DESKTOP-TJ9D65N" duration="00:00:00.5593683" startTime="2022-10-15T20:39:32.3461270+03:00" endTime="2022-10-15T20:39:32.3461273+03:00" testType="13cdc9d9-ddb5-4fa4-a97d-d965ccfc6d4b" outcome="Passed" testListId="8c84fa94-04c1-424b-9868-57a2d4851a1d" relativeResultsDirectory="50e5d3fe-7504-40d1-b618-4eaa529882a0" />
    <UnitTestResult executionId="ef583e0e-3cea-4a0a-a6b6-df5e23ee21bf" testId="30f8e924-9784-0a43-e807-094f70e06567" testName="AccessToDB.Tests.LiftsSlopesRepositoryTests.TestAddLiftSlopeAutoIncrementAsyncOk" computerName="DESKTOP-TJ9D65N" duration="00:00:00.6051589" startTime="2022-10-15T20:39:28.2411344+03:00" endTime="2022-10-15T20:39:28.2411347+03:00" testType="13cdc9d9-ddb5-4fa4-a97d-d965ccfc6d4b" outcome="Passed" testListId="8c84fa94-04c1-424b-9868-57a2d4851a1d" relativeResultsDirectory="ef583e0e-3cea-4a0a-a6b6-df5e23ee21bf" />
    <UnitTestResult executionId="95a52b80-cb6e-40c2-99bd-6dbbcfb8b37d" testId="e75bb6e2-88d9-af2a-a444-c4a9d67f0f0e" testName="AccessToDB.Tests.UsersRepositoryTests.TestAddUserAutoIncrementAsyncOk" computerName="DESKTOP-TJ9D65N" duration="00:00:00.6265486" startTime="2022-10-15T20:39:37.7241707+03:00" endTime="2022-10-15T20:39:37.7241709+03:00" testType="13cdc9d9-ddb5-4fa4-a97d-d965ccfc6d4b" outcome="Passed" testListId="8c84fa94-04c1-424b-9868-57a2d4851a1d" relativeResultsDirectory="95a52b80-cb6e-40c2-99bd-6dbbcfb8b37d" />
    <UnitTestResult executionId="bb8e8cb4-388e-4ecb-b166-35bc62f89eee" testId="8f7ba917-f771-0dc5-f9b9-465c34344b12" testName="AccessToDB.Tests.SlopesRepositoryTests.TestAddSlopeAutoIncrementAsyncOk" computerName="DESKTOP-TJ9D65N" duration="00:00:00.6044265" startTime="2022-10-15T20:39:30.6124320+03:00" endTime="2022-10-15T20:39:30.6124321+03:00" testType="13cdc9d9-ddb5-4fa4-a97d-d965ccfc6d4b" outcome="Passed" testListId="8c84fa94-04c1-424b-9868-57a2d4851a1d" relativeResultsDirectory="bb8e8cb4-388e-4ecb-b166-35bc62f89eee" />
  </Results>
  <TestDefinitions>
    <UnitTest name="AccessToDB.Tests.TurnstilesRepositoryTests.TestAddTurnstileAutoIncrementAsyncOk" storage="c:\users\alena\desktop\7_sem\testing_and_debugging\skiresort\accesstodb.tests\bin\debug\net6.0\accesstodb.tests.dll" id="f9435956-2e34-e52b-c34e-dce53665cf8e">
      <Execution id="9c582546-bfeb-4ad0-9c3e-d29f4378fde1" />
      <TestMethod codeBase="C:\Users\alena\Desktop\7_sem\testing_and_debugging\SkiResort\AccessToDB.Tests\bin\Debug\net6.0\AccessToDB.Tests.dll" adapterTypeName="executor://xunit/VsTestRunner2/netcoreapp" className="AccessToDB.Tests.TurnstilesRepositoryTests" name="TestAddTurnstileAutoIncrementAsyncOk" />
    </UnitTest>
    <UnitTest name="AccessToDB.Tests.UsersRepositoryTests.TestUpdateUserByIDAsyncOk(user: User { UserID = 38, CardID = 70, UserEmail = UserEmailbd976e4a-b9d3-4a83-ada7-dd7f54d02859, Password = password8dc6eb46-085d-4baa-94a7-37dd2e0b8686, Permissions = UNAUTHORIZED })" storage="c:\users\alena\desktop\7_sem\testing_and_debugging\skiresort\accesstodb.tests\bin\debug\net6.0\accesstodb.tests.dll" id="e1b804ea-d2a3-a1a0-1593-71104f2a6d30">
      <Execution id="d5dfff4e-611f-4f79-9fd2-b33990463cb1" />
      <TestMethod codeBase="C:\Users\alena\Desktop\7_sem\testing_and_debugging\SkiResort\AccessToDB.Tests\bin\Debug\net6.0\AccessToDB.Tests.dll" adapterTypeName="executor://xunit/VsTestRunner2/netcoreapp" className="AccessToDB.Tests.UsersRepositoryTests" name="TestUpdateUserByIDAsyncOk" />
    </UnitTest>
    <UnitTest name="AccessToDB.Tests.SlopesRepositoryTests.TestGetSlopeByNameAsyncFailsWhenNameNotExists(slopeName: &quot;slopeName611cca4f-04e3-4cef-951f-6dc3a44ea4a4&quot;)" storage="c:\users\alena\desktop\7_sem\testing_and_debugging\skiresort\accesstodb.tests\bin\debug\net6.0\accesstodb.tests.dll" id="a081b5ea-12f7-a001-1852-3b87998d4138">
      <Execution id="9ce2eaf7-6594-46e6-b8bd-fa70b224efd1" />
      <TestMethod codeBase="C:\Users\alena\Desktop\7_sem\testing_and_debugging\SkiResort\AccessToDB.Tests\bin\Debug\net6.0\AccessToDB.Tests.dll" adapterTypeName="executor://xunit/VsTestRunner2/netcoreapp" className="AccessToDB.Tests.SlopesRepositoryTests" name="TestGetSlopeByNameAsyncFailsWhenNameNotExists" />
    </UnitTest>
    <UnitTest name="AccessToDB.Tests.UsersRepositoryTests.TestGetUserByIdAsyncOk(user: User { UserID = 157, CardID = 173, UserEmail = UserEmail368f2582-3cb4-4414-a1c8-78192b62dd94, Password = password3b2e5d92-7d1d-412e-bfd0-f624487390fa, Permissions = UNAUTHORIZED })" storage="c:\users\alena\desktop\7_sem\testing_and_debugging\skiresort\accesstodb.tests\bin\debug\net6.0\accesstodb.tests.dll" id="92b993a3-4fba-d7d5-19d1-7311ddaeb7be">
      <Execution id="26fc3687-1496-487d-88e3-dde3c4549acd" />
      <TestMethod codeBase="C:\Users\alena\Desktop\7_sem\testing_and_debugging\SkiResort\AccessToDB.Tests\bin\Debug\net6.0\AccessToDB.Tests.dll" adapterTypeName="executor://xunit/VsTestRunner2/netcoreapp" className="AccessToDB.Tests.UsersRepositoryTests" name="TestGetUserByIdAsyncOk" />
    </UnitTest>
    <UnitTest name="AccessToDB.Tests.LiftsRepositoryTests.TestGetLiftsAsyncEmpty" storage="c:\users\alena\desktop\7_sem\testing_and_debugging\skiresort\accesstodb.tests\bin\debug\net6.0\accesstodb.tests.dll" id="607e8298-f113-be33-300e-15a343893443">
      <Execution id="5d9c6ac8-38e6-4783-9134-4b45f58ccac7" />
      <TestMethod codeBase="C:\Users\alena\Desktop\7_sem\testing_and_debugging\SkiResort\AccessToDB.Tests\bin\Debug\net6.0\AccessToDB.Tests.dll" adapterTypeName="executor://xunit/VsTestRunner2/netcoreapp" className="AccessToDB.Tests.LiftsRepositoryTests" name="TestGetLiftsAsyncEmpty" />
    </UnitTest>
    <UnitTest name="AccessToDB.Tests.LiftsSlopesRepositoryTests.TestGetLiftSlopeByIdAsyncOk(liftSlope: LiftSlope { RecordID = 72, LiftID = 127, SlopeID = 85 })" storage="c:\users\alena\desktop\7_sem\testing_and_debugging\skiresort\accesstodb.tests\bin\debug\net6.0\accesstodb.tests.dll" id="50bf828f-58c3-a9db-38c5-936fc462328c">
      <Execution id="dcfbcfcb-dafd-43ce-8509-819b785ae3fa" />
      <TestMethod codeBase="C:\Users\alena\Desktop\7_sem\testing_and_debugging\SkiResort\AccessToDB.Tests\bin\Debug\net6.0\AccessToDB.Tests.dll" adapterTypeName="executor://xunit/VsTestRunner2/netcoreapp" className="AccessToDB.Tests.LiftsSlopesRepositoryTests" name="TestGetLiftSlopeByIdAsyncOk" />
    </UnitTest>
    <UnitTest name="AccessToDB.Tests.SlopesRepositoryTests.TestDeleteSlopeByIDAsyncFailsWhenIDNotExists(slopeID: 187)" storage="c:\users\alena\desktop\7_sem\testing_and_debugging\skiresort\accesstodb.tests\bin\debug\net6.0\accesstodb.tests.dll" id="4b6a53f3-5b44-a8d7-3afa-d71b5ec6cc45">
      <Execution id="215d82a7-e3c1-4c64-a19e-0d6b085cb9ea" />
      <TestMethod codeBase="C:\Users\alena\Desktop\7_sem\testing_and_debugging\SkiResort\AccessToDB.Tests\bin\Debug\net6.0\AccessToDB.Tests.dll" adapterTypeName="executor://xunit/VsTestRunner2/netcoreapp" className="AccessToDB.Tests.SlopesRepositoryTests" name="TestDeleteSlopeByIDAsyncFailsWhenIDNotExists" />
    </UnitTest>
    <UnitTest name="AccessToDB.Tests.SlopesRepositoryTests.TestAddSlopeAutoIncrementAsyncOk" storage="c:\users\alena\desktop\7_sem\testing_and_debugging\skiresort\accesstodb.tests\bin\debug\net6.0\accesstodb.tests.dll" id="8f7ba917-f771-0dc5-f9b9-465c34344b12">
      <Execution id="bb8e8cb4-388e-4ecb-b166-35bc62f89eee" />
      <TestMethod codeBase="C:\Users\alena\Desktop\7_sem\testing_and_debugging\SkiResort\AccessToDB.Tests\bin\Debug\net6.0\AccessToDB.Tests.dll" adapterTypeName="executor://xunit/VsTestRunner2/netcoreapp" className="AccessToDB.Tests.SlopesRepositoryTests" name="TestAddSlopeAutoIncrementAsyncOk" />
    </UnitTest>
    <UnitTest name="AccessToDB.Tests.LiftsSlopesRepositoryTests.TestGetLiftsBySlopeIdAsyncOk(slope1: Slope { SlopeID = 101, SlopeName = slopeNameb037425a-4559-45e3-99d8-f56028c4eba1, IsOpen = True, DifficultyLevel = 169, ConnectedLifts =  }, slope2: Slope { SlopeID = 173, SlopeName = slopeName9eccf5d9-5f37-4c14-8043-7624ed289fdc, IsOpen = False, DifficultyLevel = 57, ConnectedLifts =  }, lift1: Lift { LiftID = 179, LiftName = liftName6633e77e-8162-4869-bf72-71..." storage="c:\users\alena\desktop\7_sem\testing_and_debugging\skiresort\accesstodb.tests\bin\debug\net6.0\accesstodb.tests.dll" id="0dc50949-34ae-faae-33df-1e989c0ca470">
      <Execution id="c660d41d-f8af-40fa-b2b8-68693c10d0c5" />
      <TestMethod codeBase="C:\Users\alena\Desktop\7_sem\testing_and_debugging\SkiResort\AccessToDB.Tests\bin\Debug\net6.0\AccessToDB.Tests.dll" adapterTypeName="executor://xunit/VsTestRunner2/netcoreapp" className="AccessToDB.Tests.LiftsSlopesRepositoryTests" name="TestGetLiftsBySlopeIdAsyncOk" />
    </UnitTest>
    <UnitTest name="AccessToDB.Tests.LiftsRepositoryTests.TestGetLiftByIdAsyncOk(lift: Lift { LiftID = 28, LiftName = liftName58f289a7-eb2a-4577-9dec-472f4463570a, IsOpen = True, SeatsAmount = 147, LiftingTime = 40, QueueTime = 164, ConnectedSlopes =  })" storage="c:\users\alena\desktop\7_sem\testing_and_debugging\skiresort\accesstodb.tests\bin\debug\net6.0\accesstodb.tests.dll" id="aa5ba96c-4a1c-bd16-cf20-dc52b551fcca">
      <Execution id="0ea63c34-9526-4e73-9456-50dfc7f21b87" />
      <TestMethod codeBase="C:\Users\alena\Desktop\7_sem\testing_and_debugging\SkiResort\AccessToDB.Tests\bin\Debug\net6.0\AccessToDB.Tests.dll" adapterTypeName="executor://xunit/VsTestRunner2/netcoreapp" className="AccessToDB.Tests.LiftsRepositoryTests" name="TestGetLiftByIdAsyncOk" />
    </UnitTest>
    <UnitTest name="AccessToDB.Tests.TurnstilesRepositoryTests.TestDeleteTurnstileByIDAsyncFailsWhenIDNotExists(turnstileID: 166)" storage="c:\users\alena\desktop\7_sem\testing_and_debugging\skiresort\accesstodb.tests\bin\debug\net6.0\accesstodb.tests.dll" id="6563974c-15b4-e34e-527c-be33682d268f">
      <Execution id="5acf6402-f670-45e4-b13a-be170f22c083" />
      <TestMethod codeBase="C:\Users\alena\Desktop\7_sem\testing_and_debugging\SkiResort\AccessToDB.Tests\bin\Debug\net6.0\AccessToDB.Tests.dll" adapterTypeName="executor://xunit/VsTestRunner2/netcoreapp" className="AccessToDB.Tests.TurnstilesRepositoryTests" name="TestDeleteTurnstileByIDAsyncFailsWhenIDNotExists" />
    </UnitTest>
    <UnitTest name="AccessToDB.Tests.LiftsSlopesRepositoryTests.TestAddLiftSlopeAutoIncrementAsyncOk" storage="c:\users\alena\desktop\7_sem\testing_and_debugging\skiresort\accesstodb.tests\bin\debug\net6.0\accesstodb.tests.dll" id="30f8e924-9784-0a43-e807-094f70e06567">
      <Execution id="ef583e0e-3cea-4a0a-a6b6-df5e23ee21bf" />
      <TestMethod codeBase="C:\Users\alena\Desktop\7_sem\testing_and_debugging\SkiResort\AccessToDB.Tests\bin\Debug\net6.0\AccessToDB.Tests.dll" adapterTypeName="executor://xunit/VsTestRunner2/netcoreapp" className="AccessToDB.Tests.LiftsSlopesRepositoryTests" name="TestAddLiftSlopeAutoIncrementAsyncOk" />
    </UnitTest>
    <UnitTest name="AccessToDB.Tests.UsersRepositoryTests.TestGetUsersAsyncEmpty" storage="c:\users\alena\desktop\7_sem\testing_and_debugging\skiresort\accesstodb.tests\bin\debug\net6.0\accesstodb.tests.dll" id="3741b26d-6ee0-6246-29e4-92009bff37b0">
      <Execution id="760d7b64-5fc9-4bc7-9c47-3a5426bb61dd" />
      <TestMethod codeBase="C:\Users\alena\Desktop\7_sem\testing_and_debugging\SkiResort\AccessToDB.Tests\bin\Debug\net6.0\AccessToDB.Tests.dll" adapterTypeName="executor://xunit/VsTestRunner2/netcoreapp" className="AccessToDB.Tests.UsersRepositoryTests" name="TestGetUsersAsyncEmpty" />
    </UnitTest>
    <UnitTest name="AccessToDB.Tests.UsersRepositoryTests.TestCheckUserEmailExistsAsyncFalse(userEmail: &quot;userEmail8e3bd4c1-b7fa-4930-b0cb-4bb040d25c72&quot;)" storage="c:\users\alena\desktop\7_sem\testing_and_debugging\skiresort\accesstodb.tests\bin\debug\net6.0\accesstodb.tests.dll" id="a3ade6fd-78a9-f1c3-427a-e28ab6f50bd1">
      <Execution id="288f072c-a8f7-45cd-a49e-a8c0881c8d45" />
      <TestMethod codeBase="C:\Users\alena\Desktop\7_sem\testing_and_debugging\SkiResort\AccessToDB.Tests\bin\Debug\net6.0\AccessToDB.Tests.dll" adapterTypeName="executor://xunit/VsTestRunner2/netcoreapp" className="AccessToDB.Tests.UsersRepositoryTests" name="TestCheckUserEmailExistsAsyncFalse" />
    </UnitTest>
    <UnitTest name="AccessToDB.Tests.UsersRepositoryTests.TestCheckUserIdExistsAsyncTrue(user: User { UserID = 45, CardID = 19, UserEmail = UserEmail6d1e9aae-ee15-4732-b411-f735ceeeeb79, Password = password00f0ab81-2bd4-4c6c-ad12-93efee3eb8dc, Permissions = UNAUTHORIZED })" storage="c:\users\alena\desktop\7_sem\testing_and_debugging\skiresort\accesstodb.tests\bin\debug\net6.0\accesstodb.tests.dll" id="eae6f3a9-b6e5-b6c5-8dd2-be73e60b5b36">
      <Execution id="021757c2-de69-4128-b971-6022b4b51173" />
      <TestMethod codeBase="C:\Users\alena\Desktop\7_sem\testing_and_debugging\SkiResort\AccessToDB.Tests\bin\Debug\net6.0\AccessToDB.Tests.dll" adapterTypeName="executor://xunit/VsTestRunner2/netcoreapp" className="AccessToDB.Tests.UsersRepositoryTests" name="TestCheckUserIdExistsAsyncTrue" />
    </UnitTest>
    <UnitTest name="AccessToDB.Tests.LiftsSlopesRepositoryTests.TestGetLiftSlopesAsyncEmpty" storage="c:\users\alena\desktop\7_sem\testing_and_debugging\skiresort\accesstodb.tests\bin\debug\net6.0\accesstodb.tests.dll" id="4145f44e-b4b1-a618-09e8-c631496e6f1a">
      <Execution id="439db781-fce3-4430-b19d-896b92a0d15e" />
      <TestMethod codeBase="C:\Users\alena\Desktop\7_sem\testing_and_debugging\SkiResort\AccessToDB.Tests\bin\Debug\net6.0\AccessToDB.Tests.dll" adapterTypeName="executor://xunit/VsTestRunner2/netcoreapp" className="AccessToDB.Tests.LiftsSlopesRepositoryTests" name="TestGetLiftSlopesAsyncEmpty" />
    </UnitTest>
    <UnitTest name="AccessToDB.Tests.LiftsSlopesRepositoryTests.TestUpdateLiftSlopeByIDAsyncOk(liftSlope: LiftSlope { RecordID = 122, LiftID = 227, SlopeID = 165 })" storage="c:\users\alena\desktop\7_sem\testing_and_debugging\skiresort\accesstodb.tests\bin\debug\net6.0\accesstodb.tests.dll" id="b2f65476-b338-a98d-f8dd-6f78c556abd7">
      <Execution id="31e9a258-2bbf-4d87-8b13-8f6e58fef536" />
      <TestMethod codeBase="C:\Users\alena\Desktop\7_sem\testing_and_debugging\SkiResort\AccessToDB.Tests\bin\Debug\net6.0\AccessToDB.Tests.dll" adapterTypeName="executor://xunit/VsTestRunner2/netcoreapp" className="AccessToDB.Tests.LiftsSlopesRepositoryTests" name="TestUpdateLiftSlopeByIDAsyncOk" />
    </UnitTest>
    <UnitTest name="AccessToDB.Tests.LiftsSlopesRepositoryTests.TestDeleteLiftSlopeByIDAsyncFailsWhenIDNotExists(liftSlopeID: 245)" storage="c:\users\alena\desktop\7_sem\testing_and_debugging\skiresort\accesstodb.tests\bin\debug\net6.0\accesstodb.tests.dll" id="37997b57-6dc0-01d6-7c75-f25bf5a87c89">
      <Execution id="6794e30a-218d-4426-940d-297059225688" />
      <TestMethod codeBase="C:\Users\alena\Desktop\7_sem\testing_and_debugging\SkiResort\AccessToDB.Tests\bin\Debug\net6.0\AccessToDB.Tests.dll" adapterTypeName="executor://xunit/VsTestRunner2/netcoreapp" className="AccessToDB.Tests.LiftsSlopesRepositoryTests" name="TestDeleteLiftSlopeByIDAsyncFailsWhenIDNotExists" />
    </UnitTest>
    <UnitTest name="AccessToDB.Tests.LiftsRepositoryTests.TestAddLiftAsyncFailsWhenLiftIdRepeats(lift: Lift { LiftID = 34, LiftName = liftNamea2ff7510-cc41-4660-bac2-c8d3dbf2441b, IsOpen = True, SeatsAmount = 39, LiftingTime = 36, QueueTime = 40, ConnectedSlopes =  })" storage="c:\users\alena\desktop\7_sem\testing_and_debugging\skiresort\accesstodb.tests\bin\debug\net6.0\accesstodb.tests.dll" id="ff3deb0f-1089-14d3-f392-2865e9a4da55">
      <Execution id="77416abc-9924-43ee-a9a0-f18b5594aeaa" />
      <TestMethod codeBase="C:\Users\alena\Desktop\7_sem\testing_and_debugging\SkiResort\AccessToDB.Tests\bin\Debug\net6.0\AccessToDB.Tests.dll" adapterTypeName="executor://xunit/VsTestRunner2/netcoreapp" className="AccessToDB.Tests.LiftsRepositoryTests" name="TestAddLiftAsyncFailsWhenLiftIdRepeats" />
    </UnitTest>
    <UnitTest name="AccessToDB.Tests.LiftsRepositoryTests.TestDeleteLiftByIDAsyncFailsWhenIDNotExists(liftID: 231)" storage="c:\users\alena\desktop\7_sem\testing_and_debugging\skiresort\accesstodb.tests\bin\debug\net6.0\accesstodb.tests.dll" id="a28f76ce-5877-3f45-591c-604fba6b8d0b">
      <Execution id="153a012c-8ade-4702-9ae6-2dfe28015355" />
      <TestMethod codeBase="C:\Users\alena\Desktop\7_sem\testing_and_debugging\SkiResort\AccessToDB.Tests\bin\Debug\net6.0\AccessToDB.Tests.dll" adapterTypeName="executor://xunit/VsTestRunner2/netcoreapp" className="AccessToDB.Tests.LiftsRepositoryTests" name="TestDeleteLiftByIDAsyncFailsWhenIDNotExists" />
    </UnitTest>
    <UnitTest name="AccessToDB.Tests.LiftsRepositoryTests.TestAddLiftAutoIncrementAsyncOk" storage="c:\users\alena\desktop\7_sem\testing_and_debugging\skiresort\accesstodb.tests\bin\debug\net6.0\accesstodb.tests.dll" id="ec229f70-485a-f91b-53ed-bce655f6cd58">
      <Execution id="826209e0-1199-4819-9f0f-32479f3a8318" />
      <TestMethod codeBase="C:\Users\alena\Desktop\7_sem\testing_and_debugging\SkiResort\AccessToDB.Tests\bin\Debug\net6.0\AccessToDB.Tests.dll" adapterTypeName="executor://xunit/VsTestRunner2/netcoreapp" className="AccessToDB.Tests.LiftsRepositoryTests" name="TestAddLiftAutoIncrementAsyncOk" />
    </UnitTest>
    <UnitTest name="AccessToDB.Tests.UsersRepositoryTests.TestGetUserByEmailAsyncFailsWhenEmailNotExists(email: &quot;email4e19a9b7-89d0-4934-81d9-d4f684eb61f6&quot;)" storage="c:\users\alena\desktop\7_sem\testing_and_debugging\skiresort\accesstodb.tests\bin\debug\net6.0\accesstodb.tests.dll" id="3fdd6455-79fa-3b8f-6c40-5f634a25a3a7">
      <Execution id="e8afedb6-f13a-4a9f-a909-ba5ab6446052" />
      <TestMethod codeBase="C:\Users\alena\Desktop\7_sem\testing_and_debugging\SkiResort\AccessToDB.Tests\bin\Debug\net6.0\AccessToDB.Tests.dll" adapterTypeName="executor://xunit/VsTestRunner2/netcoreapp" className="AccessToDB.Tests.UsersRepositoryTests" name="TestGetUserByEmailAsyncFailsWhenEmailNotExists" />
    </UnitTest>
    <UnitTest name="AccessToDB.Tests.LiftsSlopesRepositoryTests.TestAddLiftSlopeAsyncFailsWhenLiftSlopeIdRepeats(liftSlope: LiftSlope { RecordID = 122, LiftID = 202, SlopeID = 254 })" storage="c:\users\alena\desktop\7_sem\testing_and_debugging\skiresort\accesstodb.tests\bin\debug\net6.0\accesstodb.tests.dll" id="a6620c48-5389-1312-132e-b95585d734f0">
      <Execution id="046a5304-9179-47eb-874f-20251b82d5d9" />
      <TestMethod codeBase="C:\Users\alena\Desktop\7_sem\testing_and_debugging\SkiResort\AccessToDB.Tests\bin\Debug\net6.0\AccessToDB.Tests.dll" adapterTypeName="executor://xunit/VsTestRunner2/netcoreapp" className="AccessToDB.Tests.LiftsSlopesRepositoryTests" name="TestAddLiftSlopeAsyncFailsWhenLiftSlopeIdRepeats" />
    </UnitTest>
    <UnitTest name="AccessToDB.Tests.SlopesRepositoryTests.TestUpdateSlopeByIDAsyncOk(slope: Slope { SlopeID = 36, SlopeName = slopeName89e1045a-f431-48c4-9970-9f52d00e730d, IsOpen = True, DifficultyLevel = 67, ConnectedLifts =  })" storage="c:\users\alena\desktop\7_sem\testing_and_debugging\skiresort\accesstodb.tests\bin\debug\net6.0\accesstodb.tests.dll" id="8b17d793-595a-2162-15d0-b276a0a2bed2">
      <Execution id="6ff93256-5948-42dc-b8e9-8f1f7530219c" />
      <TestMethod codeBase="C:\Users\alena\Desktop\7_sem\testing_and_debugging\SkiResort\AccessToDB.Tests\bin\Debug\net6.0\AccessToDB.Tests.dll" adapterTypeName="executor://xunit/VsTestRunner2/netcoreapp" className="AccessToDB.Tests.SlopesRepositoryTests" name="TestUpdateSlopeByIDAsyncOk" />
    </UnitTest>
    <UnitTest name="AccessToDB.Tests.TurnstilesRepositoryTests.TestUpdateTurnstileByIDAsyncOk(turnstile: Turnstile { TurnstileID = 114, LiftID = 3, IsOpen = True })" storage="c:\users\alena\desktop\7_sem\testing_and_debugging\skiresort\accesstodb.tests\bin\debug\net6.0\accesstodb.tests.dll" id="7f6e2d52-7b6a-686c-102e-9e1811d2ef1b">
      <Execution id="493f268d-4323-4c24-935e-bf6b36eb3b2b" />
      <TestMethod codeBase="C:\Users\alena\Desktop\7_sem\testing_and_debugging\SkiResort\AccessToDB.Tests\bin\Debug\net6.0\AccessToDB.Tests.dll" adapterTypeName="executor://xunit/VsTestRunner2/netcoreapp" className="AccessToDB.Tests.TurnstilesRepositoryTests" name="TestUpdateTurnstileByIDAsyncOk" />
    </UnitTest>
    <UnitTest name="AccessToDB.Tests.LiftsSlopesRepositoryTests.TestDeleteLiftSlopesByIDsAsyncOk(liftSlope: LiftSlope { RecordID = 156, LiftID = 226, SlopeID = 8 })" storage="c:\users\alena\desktop\7_sem\testing_and_debugging\skiresort\accesstodb.tests\bin\debug\net6.0\accesstodb.tests.dll" id="ff76cc13-ecdb-c41c-772b-5735f6f92c83">
      <Execution id="9b58e232-5611-4dc8-b508-4348dfaab360" />
      <TestMethod codeBase="C:\Users\alena\Desktop\7_sem\testing_and_debugging\SkiResort\AccessToDB.Tests\bin\Debug\net6.0\AccessToDB.Tests.dll" adapterTypeName="executor://xunit/VsTestRunner2/netcoreapp" className="AccessToDB.Tests.LiftsSlopesRepositoryTests" name="TestDeleteLiftSlopesByIDsAsyncOk" />
    </UnitTest>
    <UnitTest name="AccessToDB.Tests.UsersRepositoryTests.TestAddUserAsyncFailsWhenUserIdRepeats(user: User { UserID = 100, CardID = 159, UserEmail = UserEmaild6afce21-dbfd-4ad8-bdf8-adb2b88a85fa, Password = password9d968798-fe33-4d7c-98a4-d243a2b58eea, Permissions = UNAUTHORIZED })" storage="c:\users\alena\desktop\7_sem\testing_and_debugging\skiresort\accesstodb.tests\bin\debug\net6.0\accesstodb.tests.dll" id="260614d2-ac5a-2744-3a54-bb6ec0f2b693">
      <Execution id="82ae75e7-0799-47ff-894f-821ee383e277" />
      <TestMethod codeBase="C:\Users\alena\Desktop\7_sem\testing_and_debugging\SkiResort\AccessToDB.Tests\bin\Debug\net6.0\AccessToDB.Tests.dll" adapterTypeName="executor://xunit/VsTestRunner2/netcoreapp" className="AccessToDB.Tests.UsersRepositoryTests" name="TestAddUserAsyncFailsWhenUserIdRepeats" />
    </UnitTest>
    <UnitTest name="AccessToDB.Tests.TurnstilesRepositoryTests.TestAddTurnstileAsyncFailsWhenTurnstileIdRepeats(turnstile: Turnstile { TurnstileID = 126, LiftID = 16, IsOpen = True })" storage="c:\users\alena\desktop\7_sem\testing_and_debugging\skiresort\accesstodb.tests\bin\debug\net6.0\accesstodb.tests.dll" id="ec50a6ac-8a8d-50f7-d83d-13941525b51a">
      <Execution id="f7f2f666-2007-436e-bc9e-0c3b81e0b266" />
      <TestMethod codeBase="C:\Users\alena\Desktop\7_sem\testing_and_debugging\SkiResort\AccessToDB.Tests\bin\Debug\net6.0\AccessToDB.Tests.dll" adapterTypeName="executor://xunit/VsTestRunner2/netcoreapp" className="AccessToDB.Tests.TurnstilesRepositoryTests" name="TestAddTurnstileAsyncFailsWhenTurnstileIdRepeats" />
    </UnitTest>
    <UnitTest name="AccessToDB.Tests.SlopesRepositoryTests.TestAddSlopeAsyncFailsWhenSlopeIdRepeats(slope: Slope { SlopeID = 122, SlopeName = slopeName69181acd-9f23-4294-9dff-9839bef63bd6, IsOpen = True, DifficultyLevel = 99, ConnectedLifts =  })" storage="c:\users\alena\desktop\7_sem\testing_and_debugging\skiresort\accesstodb.tests\bin\debug\net6.0\accesstodb.tests.dll" id="5c885dbb-1d5e-5b27-ea05-0b6a3502c9b3">
      <Execution id="50c4258f-0840-4fbb-ab0f-3c4bfdb57614" />
      <TestMethod codeBase="C:\Users\alena\Desktop\7_sem\testing_and_debugging\SkiResort\AccessToDB.Tests\bin\Debug\net6.0\AccessToDB.Tests.dll" adapterTypeName="executor://xunit/VsTestRunner2/netcoreapp" className="AccessToDB.Tests.SlopesRepositoryTests" name="TestAddSlopeAsyncFailsWhenSlopeIdRepeats" />
    </UnitTest>
    <UnitTest name="AccessToDB.Tests.LiftsSlopesRepositoryTests.TestGetSlopesByLiftIdAsyncFailsWhenSlopeNotExists(liftSlope: LiftSlope { RecordID = 125, LiftID = 118, SlopeID = 82 })" storage="c:\users\alena\desktop\7_sem\testing_and_debugging\skiresort\accesstodb.tests\bin\debug\net6.0\accesstodb.tests.dll" id="aa9c91f2-9ee1-fdae-2516-ec103a4f5923">
      <Execution id="9460a44a-6da6-4165-9940-c777ff8cc3aa" />
      <TestMethod codeBase="C:\Users\alena\Desktop\7_sem\testing_and_debugging\SkiResort\AccessToDB.Tests\bin\Debug\net6.0\AccessToDB.Tests.dll" adapterTypeName="executor://xunit/VsTestRunner2/netcoreapp" className="AccessToDB.Tests.LiftsSlopesRepositoryTests" name="TestGetSlopesByLiftIdAsyncFailsWhenSlopeNotExists" />
    </UnitTest>
    <UnitTest name="AccessToDB.Tests.UsersRepositoryTests.TestDeleteUserByIDAsyncFailsWhenIDNotExists(userID: 123)" storage="c:\users\alena\desktop\7_sem\testing_and_debugging\skiresort\accesstodb.tests\bin\debug\net6.0\accesstodb.tests.dll" id="a0445f2d-33b8-7a31-09bc-3d38225db8d0">
      <Execution id="5d4b179c-54f1-4af2-bd62-4e1d9d7a258f" />
      <TestMethod codeBase="C:\Users\alena\Desktop\7_sem\testing_and_debugging\SkiResort\AccessToDB.Tests\bin\Debug\net6.0\AccessToDB.Tests.dll" adapterTypeName="executor://xunit/VsTestRunner2/netcoreapp" className="AccessToDB.Tests.UsersRepositoryTests" name="TestDeleteUserByIDAsyncFailsWhenIDNotExists" />
    </UnitTest>
    <UnitTest name="AccessToDB.Tests.TurnstilesRepositoryTests.TestGetTurnstilesByLiftIdAsyncOk(liftID: 89)" storage="c:\users\alena\desktop\7_sem\testing_and_debugging\skiresort\accesstodb.tests\bin\debug\net6.0\accesstodb.tests.dll" id="cbeddcfe-6689-3917-6f2d-e1bebde44a25">
      <Execution id="343f89ef-59e1-4f90-841c-046c54562ac6" />
      <TestMethod codeBase="C:\Users\alena\Desktop\7_sem\testing_and_debugging\SkiResort\AccessToDB.Tests\bin\Debug\net6.0\AccessToDB.Tests.dll" adapterTypeName="executor://xunit/VsTestRunner2/netcoreapp" className="AccessToDB.Tests.TurnstilesRepositoryTests" name="TestGetTurnstilesByLiftIdAsyncOk" />
    </UnitTest>
    <UnitTest name="AccessToDB.Tests.UsersRepositoryTests.TestAddUserAutoIncrementAsyncOk" storage="c:\users\alena\desktop\7_sem\testing_and_debugging\skiresort\accesstodb.tests\bin\debug\net6.0\accesstodb.tests.dll" id="e75bb6e2-88d9-af2a-a444-c4a9d67f0f0e">
      <Execution id="95a52b80-cb6e-40c2-99bd-6dbbcfb8b37d" />
      <TestMethod codeBase="C:\Users\alena\Desktop\7_sem\testing_and_debugging\SkiResort\AccessToDB.Tests\bin\Debug\net6.0\AccessToDB.Tests.dll" adapterTypeName="executor://xunit/VsTestRunner2/netcoreapp" className="AccessToDB.Tests.UsersRepositoryTests" name="TestAddUserAutoIncrementAsyncOk" />
    </UnitTest>
    <UnitTest name="AccessToDB.Tests.SlopesRepositoryTests.TestGetSlopeByIdAsyncOk(slope: Slope { SlopeID = 201, SlopeName = slopeNamef77ebc9c-b130-48e1-a6b6-1b8c7cd4ce1f, IsOpen = True, DifficultyLevel = 183, ConnectedLifts =  })" storage="c:\users\alena\desktop\7_sem\testing_and_debugging\skiresort\accesstodb.tests\bin\debug\net6.0\accesstodb.tests.dll" id="f6f91fb8-05ef-8fb9-ce62-fe9faa9c3f75">
      <Execution id="3f0db8cc-f95b-4c9c-bb14-e54371f96c5c" />
      <TestMethod codeBase="C:\Users\alena\Desktop\7_sem\testing_and_debugging\SkiResort\AccessToDB.Tests\bin\Debug\net6.0\AccessToDB.Tests.dll" adapterTypeName="executor://xunit/VsTestRunner2/netcoreapp" className="AccessToDB.Tests.SlopesRepositoryTests" name="TestGetSlopeByIdAsyncOk" />
    </UnitTest>
    <UnitTest name="AccessToDB.Tests.TurnstilesRepositoryTests.TestGetTurnstilesAsyncEmpty" storage="c:\users\alena\desktop\7_sem\testing_and_debugging\skiresort\accesstodb.tests\bin\debug\net6.0\accesstodb.tests.dll" id="3c521313-4ed6-6bce-b4f9-c359411028e7">
      <Execution id="af4b94a7-285d-4e1b-8b6f-786ca82d8886" />
      <TestMethod codeBase="C:\Users\alena\Desktop\7_sem\testing_and_debugging\SkiResort\AccessToDB.Tests\bin\Debug\net6.0\AccessToDB.Tests.dll" adapterTypeName="executor://xunit/VsTestRunner2/netcoreapp" className="AccessToDB.Tests.TurnstilesRepositoryTests" name="TestGetTurnstilesAsyncEmpty" />
    </UnitTest>
    <UnitTest name="AccessToDB.Tests.LiftsRepositoryTests.TestUpdateLiftByIDAsyncOk(lift: Lift { LiftID = 40, LiftName = liftName107da341-5cad-49ac-8cde-315231b7c66f, IsOpen = True, SeatsAmount = 147, LiftingTime = 113, QueueTime = 226, ConnectedSlopes =  })" storage="c:\users\alena\desktop\7_sem\testing_and_debugging\skiresort\accesstodb.tests\bin\debug\net6.0\accesstodb.tests.dll" id="0c75a9ab-e755-fa3a-51c4-68cbc39c3787">
      <Execution id="2f343001-50c8-441b-9c75-12023b271431" />
      <TestMethod codeBase="C:\Users\alena\Desktop\7_sem\testing_and_debugging\SkiResort\AccessToDB.Tests\bin\Debug\net6.0\AccessToDB.Tests.dll" adapterTypeName="executor://xunit/VsTestRunner2/netcoreapp" className="AccessToDB.Tests.LiftsRepositoryTests" name="TestUpdateLiftByIDAsyncOk" />
    </UnitTest>
    <UnitTest name="AccessToDB.Tests.LiftsRepositoryTests.TestGetLiftByNameAsyncFailsWhenNameNotExists(liftName: &quot;liftName258306c3-f51f-48f1-a5dd-004e86485784&quot;)" storage="c:\users\alena\desktop\7_sem\testing_and_debugging\skiresort\accesstodb.tests\bin\debug\net6.0\accesstodb.tests.dll" id="08059246-a73a-dd19-af33-0239bde14cf6">
      <Execution id="057d7645-1913-4346-934a-ae5cfecb54af" />
      <TestMethod codeBase="C:\Users\alena\Desktop\7_sem\testing_and_debugging\SkiResort\AccessToDB.Tests\bin\Debug\net6.0\AccessToDB.Tests.dll" adapterTypeName="executor://xunit/VsTestRunner2/netcoreapp" className="AccessToDB.Tests.LiftsRepositoryTests" name="TestGetLiftByNameAsyncFailsWhenNameNotExists" />
    </UnitTest>
    <UnitTest name="AccessToDB.Tests.TurnstilesRepositoryTests.TestGetTurnstileByIdAsyncOk(turnstile: Turnstile { TurnstileID = 32, LiftID = 37, IsOpen = True })" storage="c:\users\alena\desktop\7_sem\testing_and_debugging\skiresort\accesstodb.tests\bin\debug\net6.0\accesstodb.tests.dll" id="26a308de-0284-f1da-bb3a-eae42efc414b">
      <Execution id="b5ceb295-67a4-4bea-8587-351f69428568" />
      <TestMethod codeBase="C:\Users\alena\Desktop\7_sem\testing_and_debugging\SkiResort\AccessToDB.Tests\bin\Debug\net6.0\AccessToDB.Tests.dll" adapterTypeName="executor://xunit/VsTestRunner2/netcoreapp" className="AccessToDB.Tests.TurnstilesRepositoryTests" name="TestGetTurnstileByIdAsyncOk" />
    </UnitTest>
    <UnitTest name="AccessToDB.Tests.SlopesRepositoryTests.TestGetSlopesAsyncEmpty" storage="c:\users\alena\desktop\7_sem\testing_and_debugging\skiresort\accesstodb.tests\bin\debug\net6.0\accesstodb.tests.dll" id="9bbefb83-8311-6e03-307f-415e3495e223">
      <Execution id="50e5d3fe-7504-40d1-b618-4eaa529882a0" />
      <TestMethod codeBase="C:\Users\alena\Desktop\7_sem\testing_and_debugging\SkiResort\AccessToDB.Tests\bin\Debug\net6.0\AccessToDB.Tests.dll" adapterTypeName="executor://xunit/VsTestRunner2/netcoreapp" className="AccessToDB.Tests.SlopesRepositoryTests" name="TestGetSlopesAsyncEmpty" />
    </UnitTest>
  </TestDefinitions>
  <TestEntries>
    <TestEntry testId="b2f65476-b338-a98d-f8dd-6f78c556abd7" executionId="31e9a258-2bbf-4d87-8b13-8f6e58fef536" testListId="8c84fa94-04c1-424b-9868-57a2d4851a1d" />
    <TestEntry testId="3fdd6455-79fa-3b8f-6c40-5f634a25a3a7" executionId="e8afedb6-f13a-4a9f-a909-ba5ab6446052" testListId="8c84fa94-04c1-424b-9868-57a2d4851a1d" />
    <TestEntry testId="a081b5ea-12f7-a001-1852-3b87998d4138" executionId="9ce2eaf7-6594-46e6-b8bd-fa70b224efd1" testListId="8c84fa94-04c1-424b-9868-57a2d4851a1d" />
    <TestEntry testId="a28f76ce-5877-3f45-591c-604fba6b8d0b" executionId="153a012c-8ade-4702-9ae6-2dfe28015355" testListId="8c84fa94-04c1-424b-9868-57a2d4851a1d" />
    <TestEntry testId="ff76cc13-ecdb-c41c-772b-5735f6f92c83" executionId="9b58e232-5611-4dc8-b508-4348dfaab360" testListId="8c84fa94-04c1-424b-9868-57a2d4851a1d" />
    <TestEntry testId="e1b804ea-d2a3-a1a0-1593-71104f2a6d30" executionId="d5dfff4e-611f-4f79-9fd2-b33990463cb1" testListId="8c84fa94-04c1-424b-9868-57a2d4851a1d" />
    <TestEntry testId="0c75a9ab-e755-fa3a-51c4-68cbc39c3787" executionId="2f343001-50c8-441b-9c75-12023b271431" testListId="8c84fa94-04c1-424b-9868-57a2d4851a1d" />
    <TestEntry testId="260614d2-ac5a-2744-3a54-bb6ec0f2b693" executionId="82ae75e7-0799-47ff-894f-821ee383e277" testListId="8c84fa94-04c1-424b-9868-57a2d4851a1d" />
    <TestEntry testId="aa9c91f2-9ee1-fdae-2516-ec103a4f5923" executionId="9460a44a-6da6-4165-9940-c777ff8cc3aa" testListId="8c84fa94-04c1-424b-9868-57a2d4851a1d" />
    <TestEntry testId="5c885dbb-1d5e-5b27-ea05-0b6a3502c9b3" executionId="50c4258f-0840-4fbb-ab0f-3c4bfdb57614" testListId="8c84fa94-04c1-424b-9868-57a2d4851a1d" />
    <TestEntry testId="4b6a53f3-5b44-a8d7-3afa-d71b5ec6cc45" executionId="215d82a7-e3c1-4c64-a19e-0d6b085cb9ea" testListId="8c84fa94-04c1-424b-9868-57a2d4851a1d" />
    <TestEntry testId="ff3deb0f-1089-14d3-f392-2865e9a4da55" executionId="77416abc-9924-43ee-a9a0-f18b5594aeaa" testListId="8c84fa94-04c1-424b-9868-57a2d4851a1d" />
    <TestEntry testId="f9435956-2e34-e52b-c34e-dce53665cf8e" executionId="9c582546-bfeb-4ad0-9c3e-d29f4378fde1" testListId="8c84fa94-04c1-424b-9868-57a2d4851a1d" />
    <TestEntry testId="3741b26d-6ee0-6246-29e4-92009bff37b0" executionId="760d7b64-5fc9-4bc7-9c47-3a5426bb61dd" testListId="8c84fa94-04c1-424b-9868-57a2d4851a1d" />
    <TestEntry testId="6563974c-15b4-e34e-527c-be33682d268f" executionId="5acf6402-f670-45e4-b13a-be170f22c083" testListId="8c84fa94-04c1-424b-9868-57a2d4851a1d" />
    <TestEntry testId="a6620c48-5389-1312-132e-b95585d734f0" executionId="046a5304-9179-47eb-874f-20251b82d5d9" testListId="8c84fa94-04c1-424b-9868-57a2d4851a1d" />
    <TestEntry testId="eae6f3a9-b6e5-b6c5-8dd2-be73e60b5b36" executionId="021757c2-de69-4128-b971-6022b4b51173" testListId="8c84fa94-04c1-424b-9868-57a2d4851a1d" />
    <TestEntry testId="3c521313-4ed6-6bce-b4f9-c359411028e7" executionId="af4b94a7-285d-4e1b-8b6f-786ca82d8886" testListId="8c84fa94-04c1-424b-9868-57a2d4851a1d" />
    <TestEntry testId="ec50a6ac-8a8d-50f7-d83d-13941525b51a" executionId="f7f2f666-2007-436e-bc9e-0c3b81e0b266" testListId="8c84fa94-04c1-424b-9868-57a2d4851a1d" />
    <TestEntry testId="f6f91fb8-05ef-8fb9-ce62-fe9faa9c3f75" executionId="3f0db8cc-f95b-4c9c-bb14-e54371f96c5c" testListId="8c84fa94-04c1-424b-9868-57a2d4851a1d" />
    <TestEntry testId="a3ade6fd-78a9-f1c3-427a-e28ab6f50bd1" executionId="288f072c-a8f7-45cd-a49e-a8c0881c8d45" testListId="8c84fa94-04c1-424b-9868-57a2d4851a1d" />
    <TestEntry testId="50bf828f-58c3-a9db-38c5-936fc462328c" executionId="dcfbcfcb-dafd-43ce-8509-819b785ae3fa" testListId="8c84fa94-04c1-424b-9868-57a2d4851a1d" />
    <TestEntry testId="cbeddcfe-6689-3917-6f2d-e1bebde44a25" executionId="343f89ef-59e1-4f90-841c-046c54562ac6" testListId="8c84fa94-04c1-424b-9868-57a2d4851a1d" />
    <TestEntry testId="7f6e2d52-7b6a-686c-102e-9e1811d2ef1b" executionId="493f268d-4323-4c24-935e-bf6b36eb3b2b" testListId="8c84fa94-04c1-424b-9868-57a2d4851a1d" />
    <TestEntry testId="26a308de-0284-f1da-bb3a-eae42efc414b" executionId="b5ceb295-67a4-4bea-8587-351f69428568" testListId="8c84fa94-04c1-424b-9868-57a2d4851a1d" />
    <TestEntry testId="a0445f2d-33b8-7a31-09bc-3d38225db8d0" executionId="5d4b179c-54f1-4af2-bd62-4e1d9d7a258f" testListId="8c84fa94-04c1-424b-9868-57a2d4851a1d" />
    <TestEntry testId="37997b57-6dc0-01d6-7c75-f25bf5a87c89" executionId="6794e30a-218d-4426-940d-297059225688" testListId="8c84fa94-04c1-424b-9868-57a2d4851a1d" />
    <TestEntry testId="08059246-a73a-dd19-af33-0239bde14cf6" executionId="057d7645-1913-4346-934a-ae5cfecb54af" testListId="8c84fa94-04c1-424b-9868-57a2d4851a1d" />
    <TestEntry testId="0dc50949-34ae-faae-33df-1e989c0ca470" executionId="c660d41d-f8af-40fa-b2b8-68693c10d0c5" testListId="8c84fa94-04c1-424b-9868-57a2d4851a1d" />
    <TestEntry testId="aa5ba96c-4a1c-bd16-cf20-dc52b551fcca" executionId="0ea63c34-9526-4e73-9456-50dfc7f21b87" testListId="8c84fa94-04c1-424b-9868-57a2d4851a1d" />
    <TestEntry testId="8b17d793-595a-2162-15d0-b276a0a2bed2" executionId="6ff93256-5948-42dc-b8e9-8f1f7530219c" testListId="8c84fa94-04c1-424b-9868-57a2d4851a1d" />
    <TestEntry testId="ec229f70-485a-f91b-53ed-bce655f6cd58" executionId="826209e0-1199-4819-9f0f-32479f3a8318" testListId="8c84fa94-04c1-424b-9868-57a2d4851a1d" />
    <TestEntry testId="4145f44e-b4b1-a618-09e8-c631496e6f1a" executionId="439db781-fce3-4430-b19d-896b92a0d15e" testListId="8c84fa94-04c1-424b-9868-57a2d4851a1d" />
    <TestEntry testId="607e8298-f113-be33-300e-15a343893443" executionId="5d9c6ac8-38e6-4783-9134-4b45f58ccac7" testListId="8c84fa94-04c1-424b-9868-57a2d4851a1d" />
    <TestEntry testId="92b993a3-4fba-d7d5-19d1-7311ddaeb7be" executionId="26fc3687-1496-487d-88e3-dde3c4549acd" testListId="8c84fa94-04c1-424b-9868-57a2d4851a1d" />
    <TestEntry testId="9bbefb83-8311-6e03-307f-415e3495e223" executionId="50e5d3fe-7504-40d1-b618-4eaa529882a0" testListId="8c84fa94-04c1-424b-9868-57a2d4851a1d" />
    <TestEntry testId="30f8e924-9784-0a43-e807-094f70e06567" executionId="ef583e0e-3cea-4a0a-a6b6-df5e23ee21bf" testListId="8c84fa94-04c1-424b-9868-57a2d4851a1d" />
    <TestEntry testId="e75bb6e2-88d9-af2a-a444-c4a9d67f0f0e" executionId="95a52b80-cb6e-40c2-99bd-6dbbcfb8b37d" testListId="8c84fa94-04c1-424b-9868-57a2d4851a1d" />
    <TestEntry testId="8f7ba917-f771-0dc5-f9b9-465c34344b12" executionId="bb8e8cb4-388e-4ecb-b166-35bc62f89eee" testListId="8c84fa94-04c1-424b-9868-57a2d4851a1d" />
  </TestEntries>
  <TestLists>
    <TestList name="Список результатов" id="8c84fa94-04c1-424b-9868-57a2d4851a1d" />
    <TestList name="Все загруженные результаты" id="19431567-8539-422a-85d7-44ee4e166bda" />
  </TestLists>
  <ResultSummary outcome="Failed">
    <Counters total="39" executed="39" passed="35" failed="4" error="0" timeout="0" aborted="0" inconclusive="0" passedButRunAborted="0" notRunnable="0" notExecuted="0" disconnected="0" warning="0" completed="0" inProgress="0" pending="0" />
    <Output>
      <StdOut>[xUnit.net 00:00:00.00] xUnit.net VSTest Adapter v2.4.5+1caef2f33e (64-bit .NET 6.0.3)&#xD;
[xUnit.net 00:00:00.53]   Discovering: AccessToDB.Tests&#xD;
[xUnit.net 00:00:00.64]   Discovered:  AccessToDB.Tests&#xD;
[xUnit.net 00:00:00.65]   Starting:    AccessToDB.Tests&#xD;
[xUnit.net 00:00:14.57]       System.InvalidOperationException : Operations that change non-concurrent collections must have exclusive access. A concurrent update was performed on this collection and corrupted its state. The collection's state is no longer correct.&#xD;
[xUnit.net 00:00:14.57]       Stack Trace:&#xD;
[xUnit.net 00:00:14.57]            at System.Collections.Generic.Dictionary`2.FindValue(TKey key)&#xD;
[xUnit.net 00:00:14.57]            at System.Collections.Generic.Dictionary`2.TryGetValue(TKey key, TValue&amp; value)&#xD;
[xUnit.net 00:00:14.57]            at ProGaudi.MsgPack.Light.MsgPackContext.GetObjectActivator(Type type)&#xD;
[xUnit.net 00:00:14.57]            at ProGaudi.MsgPack.Light.MsgPackContext.&lt;&gt;c__DisplayClass24_0.&lt;TryGenerateConverterFromGenericConverter&gt;b__0(Type x)&#xD;
[xUnit.net 00:00:14.57]            at ProGaudi.MsgPack.Light.MsgPackContext.TryGenerateConverterFromGenericConverter(Type type)&#xD;
[xUnit.net 00:00:14.57]            at ProGaudi.MsgPack.Light.MsgPackContext.GetConverter[T]()&#xD;
[xUnit.net 00:00:14.57]            at ProGaudi.MsgPack.Light.MsgPackSerializer.GetConverter[T](MsgPackContext context)&#xD;
[xUnit.net 00:00:14.57]            at ProGaudi.MsgPack.Light.MsgPackSerializer.Serialize[T](T data, MemoryStream stream, MsgPackContext context)&#xD;
[xUnit.net 00:00:14.57]            at ProGaudi.Tarantool.Client.LogicalConnection.SendRequestImpl[TRequest](TRequest request, Nullable`1 timeout)&#xD;
[xUnit.net 00:00:14.57]            at ProGaudi.Tarantool.Client.LogicalConnection.SendRequest[TRequest,TResponse](TRequest request, Nullable`1 timeout)&#xD;
[xUnit.net 00:00:14.57]            at ProGaudi.Tarantool.Client.LogicalConnectionManager.SendRequest[TRequest,TResponse](TRequest request, Nullable`1 timeout)&#xD;
[xUnit.net 00:00:14.57]            at ProGaudi.Tarantool.Client.Space.Update[TKey,TTuple](TKey key, UpdateOperation[] updateOperations)&#xD;
[xUnit.net 00:00:14.57]         C:\Users\alena\Desktop\7_sem\testing_and_debugging\SkiResort\AccessToDB\TarantoolRepositories\TarantoolSlopesRepository.cs(102,0): at AccessToDB.RepositoriesTarantool.TarantoolSlopesRepository.UpdateSlopeByIDAsync(UInt32 slopeID, String newSlopeName, Boolean newIsOpen, UInt32 newDifficultyLevel)&#xD;
[xUnit.net 00:00:14.57]         C:\Users\alena\Desktop\7_sem\testing_and_debugging\SkiResort\AccessToDB.Tests\SlopesRepositoryTests.cs(121,0): at AccessToDB.Tests.SlopesRepositoryTests.TestUpdateSlopeByIDAsyncOk(Slope slope)&#xD;
[xUnit.net 00:00:14.57]            at System.Threading.Tasks.Task.&lt;&gt;c.&lt;ThrowAsync&gt;b__128_0(Object state)&#xD;
[xUnit.net 00:00:15.17]       System.InvalidOperationException : Operations that change non-concurrent collections must have exclusive access. A concurrent update was performed on this collection and corrupted its state. The collection's state is no longer correct.&#xD;
[xUnit.net 00:00:15.17]       Stack Trace:&#xD;
[xUnit.net 00:00:15.17]            at System.Collections.Generic.Dictionary`2.FindValue(TKey key)&#xD;
[xUnit.net 00:00:15.17]            at System.Collections.Generic.Dictionary`2.TryGetValue(TKey key, TValue&amp; value)&#xD;
[xUnit.net 00:00:15.17]            at ProGaudi.MsgPack.Light.MsgPackContext.GetObjectActivator(Type type)&#xD;
[xUnit.net 00:00:15.17]            at ProGaudi.MsgPack.Light.MsgPackContext.&lt;&gt;c__DisplayClass24_0.&lt;TryGenerateConverterFromGenericConverter&gt;b__0(Type x)&#xD;
[xUnit.net 00:00:15.17]            at ProGaudi.MsgPack.Light.MsgPackContext.TryGenerateConverterFromGenericConverter(Type type)&#xD;
[xUnit.net 00:00:15.17]            at ProGaudi.MsgPack.Light.MsgPackContext.GetConverter[T]()&#xD;
[xUnit.net 00:00:15.17]            at ProGaudi.MsgPack.Light.MsgPackSerializer.GetConverter[T](MsgPackContext context)&#xD;
[xUnit.net 00:00:15.17]            at ProGaudi.MsgPack.Light.MsgPackSerializer.Deserialize[T](MemoryStream stream, MsgPackContext context)&#xD;
[xUnit.net 00:00:15.17]            at ProGaudi.Tarantool.Client.LogicalConnection.SendRequest[TRequest,TResponse](TRequest request, Nullable`1 timeout)&#xD;
[xUnit.net 00:00:15.17]            at ProGaudi.Tarantool.Client.LogicalConnectionManager.SendRequest[TRequest,TResponse](TRequest request, Nullable`1 timeout)&#xD;
[xUnit.net 00:00:15.17]            at ProGaudi.Tarantool.Client.Schema.Select[T](UInt32 spaceId, Iterator iterator, UInt32 id)&#xD;
[xUnit.net 00:00:15.17]            at ProGaudi.Tarantool.Client.Schema.Reload()&#xD;
[xUnit.net 00:00:15.17]            at ProGaudi.Tarantool.Client.Box.Connect()&#xD;
[xUnit.net 00:00:15.17]            at ProGaudi.Tarantool.Client.Box.Connect(String replicationSource)&#xD;
[xUnit.net 00:00:15.17]         C:\Users\alena\Desktop\7_sem\testing_and_debugging\SkiResort\AccessToDB\TarantoolContext.cs(52,0): at AccessToDB.TarantoolContext.Initialize(String connection_string)&#xD;
[xUnit.net 00:00:15.17]         C:\Users\alena\Desktop\7_sem\testing_and_debugging\SkiResort\AccessToDB\TarantoolContext.cs(32,0): at AccessToDB.TarantoolContext..ctor(String connection_string)&#xD;
[xUnit.net 00:00:15.17]         C:\Users\alena\Desktop\7_sem\testing_and_debugging\SkiResort\AccessToDB.Tests\UsersRepositoryTests.cs(28,0): at AccessToDB.Tests.UsersRepositoryTests..ctor()&#xD;
[xUnit.net 00:00:15.17]            at System.RuntimeType.CreateInstanceDefaultCtor(Boolean publicOnly, Boolean wrapExceptions)&#xD;
[xUnit.net 00:00:21.10]       System.InvalidOperationException : Operations that change non-concurrent collections must have exclusive access. A concurrent update was performed on this collection and corrupted its state. The collection's state is no longer correct.&#xD;
[xUnit.net 00:00:21.10]       Stack Trace:&#xD;
[xUnit.net 00:00:21.10]            at System.Collections.Generic.Dictionary`2.FindValue(TKey key)&#xD;
[xUnit.net 00:00:21.10]            at System.Collections.Generic.Dictionary`2.TryGetValue(TKey key, TValue&amp; value)&#xD;
[xUnit.net 00:00:21.10]            at ProGaudi.MsgPack.Light.MsgPackContext.GetObjectActivator(Type type)&#xD;
[xUnit.net 00:00:21.10]            at ProGaudi.MsgPack.Light.MsgPackContext.&lt;&gt;c__DisplayClass24_0.&lt;TryGenerateConverterFromGenericConverter&gt;b__0(Type x)&#xD;
[xUnit.net 00:00:21.10]            at ProGaudi.MsgPack.Light.MsgPackContext.TryGenerateConverterFromGenericConverter(Type type)&#xD;
[xUnit.net 00:00:21.10]            at ProGaudi.MsgPack.Light.MsgPackContext.GetConverter[T]()&#xD;
[xUnit.net 00:00:21.10]            at ProGaudi.MsgPack.Light.MsgPackSerializer.GetConverter[T](MsgPackContext context)&#xD;
[xUnit.net 00:00:21.10]            at ProGaudi.MsgPack.Light.MsgPackSerializer.Deserialize[T](MemoryStream stream, MsgPackContext context)&#xD;
[xUnit.net 00:00:21.10]            at ProGaudi.Tarantool.Client.LogicalConnection.SendRequest[TRequest,TResponse](TRequest request, Nullable`1 timeout)&#xD;
[xUnit.net 00:00:21.10]            at ProGaudi.Tarantool.Client.LogicalConnectionManager.SendRequest[TRequest,TResponse](TRequest request, Nullable`1 timeout)&#xD;
[xUnit.net 00:00:21.10]            at ProGaudi.Tarantool.Client.Schema.Select[T](UInt32 spaceId, Iterator iterator, UInt32 id)&#xD;
[xUnit.net 00:00:21.10]            at ProGaudi.Tarantool.Client.Schema.Reload()&#xD;
[xUnit.net 00:00:21.10]            at ProGaudi.Tarantool.Client.Box.Connect()&#xD;
[xUnit.net 00:00:21.10]            at ProGaudi.Tarantool.Client.Box.Connect(String replicationSource)&#xD;
[xUnit.net 00:00:21.10]         C:\Users\alena\Desktop\7_sem\testing_and_debugging\SkiResort\AccessToDB\TarantoolContext.cs(52,0): at AccessToDB.TarantoolContext.Initialize(String connection_string)&#xD;
[xUnit.net 00:00:21.10]         C:\Users\alena\Desktop\7_sem\testing_and_debugging\SkiResort\AccessToDB\TarantoolContext.cs(32,0): at AccessToDB.TarantoolContext..ctor(String connection_string)&#xD;
[xUnit.net 00:00:21.10]         C:\Users\alena\Desktop\7_sem\testing_and_debugging\SkiResort\AccessToDB.Tests\TurnstilesRepositoryTests.cs(29,0): at AccessToDB.Tests.TurnstilesRepositoryTests..ctor()&#xD;
[xUnit.net 00:00:21.11]            at System.RuntimeType.CreateInstanceDefaultCtor(Boolean publicOnly, Boolean wrapExceptions)&#xD;
[xUnit.net 00:00:21.15]       System.InvalidOperationException : Operations that change non-concurrent collections must have exclusive access. A concurrent update was performed on this collection and corrupted its state. The collection's state is no longer correct.&#xD;
[xUnit.net 00:00:21.15]       Stack Trace:&#xD;
[xUnit.net 00:00:21.15]            at System.Collections.Generic.Dictionary`2.FindValue(TKey key)&#xD;
[xUnit.net 00:00:21.15]            at System.Collections.Generic.Dictionary`2.TryGetValue(TKey key, TValue&amp; value)&#xD;
[xUnit.net 00:00:21.15]            at ProGaudi.MsgPack.Light.MsgPackContext.GetObjectActivator(Type type)&#xD;
[xUnit.net 00:00:21.15]            at ProGaudi.MsgPack.Light.MsgPackContext.&lt;&gt;c__DisplayClass24_0.&lt;TryGenerateConverterFromGenericConverter&gt;b__0(Type x)&#xD;
[xUnit.net 00:00:21.15]            at ProGaudi.MsgPack.Light.MsgPackContext.TryGenerateConverterFromGenericConverter(Type type)&#xD;
[xUnit.net 00:00:21.15]            at ProGaudi.MsgPack.Light.MsgPackContext.GetConverter[T]()&#xD;
[xUnit.net 00:00:21.15]            at ProGaudi.MsgPack.Light.MsgPackSerializer.GetConverter[T](MsgPackContext context)&#xD;
[xUnit.net 00:00:21.15]            at ProGaudi.MsgPack.Light.MsgPackSerializer.Deserialize[T](MemoryStream stream, MsgPackContext context)&#xD;
[xUnit.net 00:00:21.15]            at ProGaudi.Tarantool.Client.LogicalConnection.SendRequest[TRequest,TResponse](TRequest request, Nullable`1 timeout)&#xD;
[xUnit.net 00:00:21.15]            at ProGaudi.Tarantool.Client.LogicalConnectionManager.SendRequest[TRequest,TResponse](TRequest request, Nullable`1 timeout)&#xD;
[xUnit.net 00:00:21.15]            at ProGaudi.Tarantool.Client.Schema.Select[T](UInt32 spaceId, Iterator iterator, UInt32 id)&#xD;
[xUnit.net 00:00:21.15]            at ProGaudi.Tarantool.Client.Schema.Reload()&#xD;
[xUnit.net 00:00:21.15]            at ProGaudi.Tarantool.Client.Box.Connect()&#xD;
[xUnit.net 00:00:21.15]            at ProGaudi.Tarantool.Client.Box.Connect(String replicationSource)&#xD;
[xUnit.net 00:00:21.15]         C:\Users\alena\Desktop\7_sem\testing_and_debugging\SkiResort\AccessToDB\TarantoolContext.cs(52,0): at AccessToDB.TarantoolContext.Initialize(String connection_string)&#xD;
[xUnit.net 00:00:21.15]         C:\Users\alena\Desktop\7_sem\testing_and_debugging\SkiResort\AccessToDB\TarantoolContext.cs(32,0): at AccessToDB.TarantoolContext..ctor(String connection_string)&#xD;
[xUnit.net 00:00:21.15]         C:\Users\alena\Desktop\7_sem\testing_and_debugging\SkiResort\AccessToDB.Tests\TurnstilesRepositoryTests.cs(29,0): at AccessToDB.Tests.TurnstilesRepositoryTests..ctor()&#xD;
[xUnit.net 00:00:21.15]            at System.RuntimeType.CreateInstanceDefaultCtor(Boolean publicOnly, Boolean wrapExceptions)&#xD;
[xUnit.net 00:00:22.53]   Finished:    AccessToDB.Tests&#xD;
</StdOut>
    </Output>
    <RunInfos>
      <RunInfo computerName="DESKTOP-TJ9D65N" outcome="Error" timestamp="2022-10-15T20:39:32.9554979+03:00">
        <Text>[xUnit.net 00:00:14.56]     AccessToDB.Tests.SlopesRepositoryTests.TestUpdateSlopeByIDAsyncOk(slope: Slope { SlopeID = 36, SlopeName = slopeName89e1045a-f431-48c4-9970-9f52d00e730d, IsOpen = True, DifficultyLevel = 67, ConnectedLifts =  }) [FAIL]</Text>
      </RunInfo>
      <RunInfo computerName="DESKTOP-TJ9D65N" outcome="Error" timestamp="2022-10-15T20:39:33.5570520+03:00">
        <Text>[xUnit.net 00:00:15.17]     AccessToDB.Tests.UsersRepositoryTests.TestGetUsersAsyncEmpty [FAIL]</Text>
      </RunInfo>
      <RunInfo computerName="DESKTOP-TJ9D65N" outcome="Error" timestamp="2022-10-15T20:39:39.4942628+03:00">
        <Text>[xUnit.net 00:00:21.10]     AccessToDB.Tests.TurnstilesRepositoryTests.TestUpdateTurnstileByIDAsyncOk(turnstile: Turnstile { TurnstileID = 114, LiftID = 3, IsOpen = True }) [FAIL]</Text>
      </RunInfo>
      <RunInfo computerName="DESKTOP-TJ9D65N" outcome="Error" timestamp="2022-10-15T20:39:39.5422566+03:00">
        <Text>[xUnit.net 00:00:21.15]     AccessToDB.Tests.TurnstilesRepositoryTests.TestAddTurnstileAsyncFailsWhenTurnstileIdRepeats(turnstile: Turnstile { TurnstileID = 126, LiftID = 16, IsOpen = True }) [FAIL]</Text>
      </RunInfo>
    </RunInfos>
  </ResultSummary>
</TestRun>