<?xml version="1.0" encoding="utf-8"?>
<TestRun id="daf7650f-df1e-4108-83e6-4e474433e0e0" name="alena@DESKTOP-TJ9D65N 2022-10-11 00:05:14" runUser="DESKTOP-TJ9D65N\alena" xmlns="http://microsoft.com/schemas/VisualStudio/TeamTest/2010">
  <Times creation="2022-10-11T00:05:14.6945636+03:00" queuing="2022-10-11T00:05:14.6945639+03:00" start="2022-10-11T00:05:12.9376975+03:00" finish="2022-10-11T00:05:14.6949830+03:00" />
  <TestSettings name="default" id="33eaaf14-357c-488d-902d-9310a4f06581">
    <Deployment runDeploymentRoot="alena_DESKTOP-TJ9D65N_2022-10-11_00_05_14" />
  </TestSettings>
  <TestLists>
    <TestList name="Список результатов" id="8c84fa94-04c1-424b-9868-57a2d4851a1d" />
    <TestList name="Все загруженные результаты" id="19431567-8539-422a-85d7-44ee4e166bda" />
  </TestLists>
  <ResultSummary outcome="Completed">
    <Counters total="0" executed="0" passed="0" failed="0" error="0" timeout="0" aborted="0" inconclusive="0" passedButRunAborted="0" notRunnable="0" notExecuted="0" disconnected="0" warning="0" completed="0" inProgress="0" pending="0" />
    <Output>
      <StdOut>[xUnit.net 00:00:00.00] xUnit.net VSTest Adapter v2.4.3+1b45f5407b (64-bit .NET 6.0.3)&#xD;
[xUnit.net 00:00:00.74]   Discovering: AccessToDB.Tests&#xD;
[xUnit.net 00:00:00.84]   Discovered:  AccessToDB.Tests&#xD;
[xUnit.net 00:00:00.84]   Starting:    AccessToDB.Tests&#xD;
[xUnit.net 00:00:00.91]   Finished:    AccessToDB.Tests&#xD;
</StdOut>
    </Output>
    <RunInfos>
      <RunInfo computerName="DESKTOP-TJ9D65N" outcome="Warning" timestamp="2022-10-11T00:05:14.5610540+03:00">
        <Text>В C:\Users\alena\Desktop\7_sem\testing_and_debugging\SkiResort\AccessToDB.Tests\bin\Debug\net6.0\AccessToDB.Tests.dll нет доступных тестов. Убедитесь, что средства обнаружения и выполнения тестов зарегистрированы, а также проверьте правильность параметров платформы и версии платформы, после чего повторите попытку.</Text>
      </RunInfo>
    </RunInfos>
  </ResultSummary>
</TestRun>