<?xml version="1.0" encoding="utf-8"?>
<TestRun id="1faba023-08e7-4f7a-8324-1ce953276039" name="alena@DESKTOP-TJ9D65N 2022-10-15 20:44:56" runUser="DESKTOP-TJ9D65N\alena" xmlns="http://microsoft.com/schemas/VisualStudio/TeamTest/2010">
  <Times creation="2022-10-15T20:44:56.9319821+03:00" queuing="2022-10-15T20:44:56.9319823+03:00" start="2022-10-15T20:44:54.8959404+03:00" finish="2022-10-15T20:45:19.2152551+03:00" />
  <TestSettings name="default" id="ba5620fe-1d09-4f0b-8570-882153b6b0bf">
    <Deployment runDeploymentRoot="alena_DESKTOP-TJ9D65N_2022-10-15_20_44_56" />
  </TestSettings>
  <Results>
    <UnitTestResult executionId="267e8288-b6fe-4369-96ca-b9cdb061639a" testId="38e2d2e9-264c-2365-5b07-47b590ef011f" testName="AccessToDB.Tests.UsersRepositoryTests.TestCheckUserIdExistsAsyncTrue(user: User { UserID = 254, CardID = 56, UserEmail = UserEmailed4db0d3-5271-425c-8bda-c97b4137c1ac, Password = password6dd42738-015a-4286-ba6d-954b23c5b15b, Permissions = UNAUTHORIZED })" computerName="DESKTOP-TJ9D65N" duration="00:00:00.5930200" startTime="2022-10-15T20:44:57.9315999+03:00" endTime="2022-10-15T20:44:57.9316001+03:00" testType="13cdc9d9-ddb5-4fa4-a97d-d965ccfc6d4b" outcome="Passed" testListId="8c84fa94-04c1-424b-9868-57a2d4851a1d" relativeResultsDirectory="267e8288-b6fe-4369-96ca-b9cdb061639a" />
    <UnitTestResult executionId="d9d02ef1-aa60-42e4-981f-b8e5e266cb06" testId="eb4d198e-f8cd-3bb7-342c-9e75152b099f" testName="AccessToDB.Tests.TurnstilesRepositoryTests.TestGetTurnstileByIdAsyncOk(turnstile: Turnstile { TurnstileID = 231, LiftID = 92, IsOpen = True })" computerName="DESKTOP-TJ9D65N" duration="00:00:00.5950997" startTime="2022-10-15T20:45:03.2476550+03:00" endTime="2022-10-15T20:45:03.2476553+03:00" testType="13cdc9d9-ddb5-4fa4-a97d-d965ccfc6d4b" outcome="Passed" testListId="8c84fa94-04c1-424b-9868-57a2d4851a1d" relativeResultsDirectory="d9d02ef1-aa60-42e4-981f-b8e5e266cb06" />
    <UnitTestResult executionId="a966fdc7-35f0-4c31-a54e-c3fe8e6a657d" testId="f9435956-2e34-e52b-c34e-dce53665cf8e" testName="AccessToDB.Tests.TurnstilesRepositoryTests.TestAddTurnstileAutoIncrementAsyncOk" computerName="DESKTOP-TJ9D65N" duration="00:00:00.6118629" startTime="2022-10-15T20:45:04.4307840+03:00" endTime="2022-10-15T20:45:04.4307842+03:00" testType="13cdc9d9-ddb5-4fa4-a97d-d965ccfc6d4b" outcome="Passed" testListId="8c84fa94-04c1-424b-9868-57a2d4851a1d" relativeResultsDirectory="a966fdc7-35f0-4c31-a54e-c3fe8e6a657d" />
    <UnitTestResult executionId="a1054db5-89da-4074-8c01-70780c42c601" testId="d42d70b0-246b-c475-5a35-8d60e86b5251" testName="AccessToDB.Tests.UsersRepositoryTests.TestAddUserAsyncFailsWhenUserIdRepeats(user: User { UserID = 211, CardID = 49, UserEmail = UserEmaildc06b408-dff3-4944-bdb4-8e6faccc0cb0, Password = passwordd737e217-c92b-400c-ae1b-765422a39d22, Permissions = UNAUTHORIZED })" computerName="DESKTOP-TJ9D65N" duration="00:00:00.6522995" startTime="2022-10-15T20:44:56.7487172+03:00" endTime="2022-10-15T20:44:56.7487371+03:00" testType="13cdc9d9-ddb5-4fa4-a97d-d965ccfc6d4b" outcome="Passed" testListId="8c84fa94-04c1-424b-9868-57a2d4851a1d" relativeResultsDirectory="a1054db5-89da-4074-8c01-70780c42c601" />
    <UnitTestResult executionId="133b8b77-e4d3-482c-bb26-e0460275cfbc" testId="454bff63-75fe-4bfa-8f09-fa9f22bc8a48" testName="AccessToDB.Tests.TurnstilesRepositoryTests.TestDeleteTurnstileByIDAsyncFailsWhenIDNotExists(turnstileID: 139)" computerName="DESKTOP-TJ9D65N" duration="00:00:00.5583102" startTime="2022-10-15T20:45:02.0389770+03:00" endTime="2022-10-15T20:45:02.0389774+03:00" testType="13cdc9d9-ddb5-4fa4-a97d-d965ccfc6d4b" outcome="Passed" testListId="8c84fa94-04c1-424b-9868-57a2d4851a1d" relativeResultsDirectory="133b8b77-e4d3-482c-bb26-e0460275cfbc" />
    <UnitTestResult executionId="5e9535d6-bb38-47d1-92ff-7032c1dd6b02" testId="607e8298-f113-be33-300e-15a343893443" testName="AccessToDB.Tests.LiftsRepositoryTests.TestGetLiftsAsyncEmpty" computerName="DESKTOP-TJ9D65N" duration="00:00:00.5565902" startTime="2022-10-15T20:45:17.9083684+03:00" endTime="2022-10-15T20:45:17.9083685+03:00" testType="13cdc9d9-ddb5-4fa4-a97d-d965ccfc6d4b" outcome="Passed" testListId="8c84fa94-04c1-424b-9868-57a2d4851a1d" relativeResultsDirectory="5e9535d6-bb38-47d1-92ff-7032c1dd6b02" />
    <UnitTestResult executionId="142a37c8-c9f9-43b4-a144-7fe70dccf4b2" testId="e343033b-2b57-8c8f-9af3-6f900925f0e4" testName="AccessToDB.Tests.LiftsRepositoryTests.TestUpdateLiftByIDAsyncOk(lift: Lift { LiftID = 146, LiftName = liftName5ddc75bb-0f28-4cfe-8a2b-a0a547a3b9ed, IsOpen = True, SeatsAmount = 57, LiftingTime = 4, QueueTime = 73, ConnectedSlopes =  })" computerName="DESKTOP-TJ9D65N" duration="00:00:00.6145329" startTime="2022-10-15T20:45:18.5263882+03:00" endTime="2022-10-15T20:45:18.5263883+03:00" testType="13cdc9d9-ddb5-4fa4-a97d-d965ccfc6d4b" outcome="Passed" testListId="8c84fa94-04c1-424b-9868-57a2d4851a1d" relativeResultsDirectory="142a37c8-c9f9-43b4-a144-7fe70dccf4b2" />
    <UnitTestResult executionId="b660833c-c66b-4210-9225-1fc8e84c1078" testId="8b69346a-8234-5136-0037-91112a1c44ec" testName="AccessToDB.Tests.LiftsRepositoryTests.TestAddLiftAsyncFailsWhenLiftIdRepeats(lift: Lift { LiftID = 89, LiftName = liftNameab7281c8-74fb-4ad0-9ee5-f2ac3f80cfa2, IsOpen = True, SeatsAmount = 163, LiftingTime = 78, QueueTime = 93, ConnectedSlopes =  })" computerName="DESKTOP-TJ9D65N" duration="00:00:00.6110232" startTime="2022-10-15T20:45:19.1404133+03:00" endTime="2022-10-15T20:45:19.1404135+03:00" testType="13cdc9d9-ddb5-4fa4-a97d-d965ccfc6d4b" outcome="Passed" testListId="8c84fa94-04c1-424b-9868-57a2d4851a1d" relativeResultsDirectory="b660833c-c66b-4210-9225-1fc8e84c1078" />
    <UnitTestResult executionId="3d78029d-db42-401d-99e2-3b65e3d2d769" testId="e6938f6b-72e5-7101-d89f-d09777ed8bbc" testName="AccessToDB.Tests.UsersRepositoryTests.TestDeleteUserByIDAsyncFailsWhenIDNotExists(userID: 50)" computerName="DESKTOP-TJ9D65N" duration="00:00:00.5583944" startTime="2022-10-15T20:45:00.8372089+03:00" endTime="2022-10-15T20:45:00.8372092+03:00" testType="13cdc9d9-ddb5-4fa4-a97d-d965ccfc6d4b" outcome="Passed" testListId="8c84fa94-04c1-424b-9868-57a2d4851a1d" relativeResultsDirectory="3d78029d-db42-401d-99e2-3b65e3d2d769" />
    <UnitTestResult executionId="c21baa17-4694-421f-857d-20200b24ecd4" testId="ec229f70-485a-f91b-53ed-bce655f6cd58" testName="AccessToDB.Tests.LiftsRepositoryTests.TestAddLiftAutoIncrementAsyncOk" computerName="DESKTOP-TJ9D65N" duration="00:00:00.6232048" startTime="2022-10-15T20:45:15.6075808+03:00" endTime="2022-10-15T20:45:15.6075811+03:00" testType="13cdc9d9-ddb5-4fa4-a97d-d965ccfc6d4b" outcome="Passed" testListId="8c84fa94-04c1-424b-9868-57a2d4851a1d" relativeResultsDirectory="c21baa17-4694-421f-857d-20200b24ecd4" />
    <UnitTestResult executionId="2a6c35da-890d-4af4-b359-94863561f353" testId="81725080-798b-313c-c750-470c9db231c6" testName="AccessToDB.Tests.LiftsSlopesRepositoryTests.TestDeleteLiftSlopesByIDsAsyncOk(liftSlope: LiftSlope { RecordID = 140, LiftID = 88, SlopeID = 70 })" computerName="DESKTOP-TJ9D65N" duration="00:00:00.6117000" startTime="2022-10-15T20:45:13.1922268+03:00" endTime="2022-10-15T20:45:13.1922270+03:00" testType="13cdc9d9-ddb5-4fa4-a97d-d965ccfc6d4b" outcome="Passed" testListId="8c84fa94-04c1-424b-9868-57a2d4851a1d" relativeResultsDirectory="2a6c35da-890d-4af4-b359-94863561f353" />
    <UnitTestResult executionId="b76c2073-1c90-4684-bb25-d55408b75a35" testId="8176d427-82f5-88f3-b5a9-d23e1909e2dc" testName="AccessToDB.Tests.LiftsRepositoryTests.TestGetLiftByIdAsyncOk(lift: Lift { LiftID = 78, LiftName = liftName34335ea5-a53e-4e04-b46f-c74978e08706, IsOpen = True, SeatsAmount = 46, LiftingTime = 109, QueueTime = 17, ConnectedSlopes =  })" computerName="DESKTOP-TJ9D65N" duration="00:00:00.6007111" startTime="2022-10-15T20:45:16.7808517+03:00" endTime="2022-10-15T20:45:16.7808517+03:00" testType="13cdc9d9-ddb5-4fa4-a97d-d965ccfc6d4b" outcome="Passed" testListId="8c84fa94-04c1-424b-9868-57a2d4851a1d" relativeResultsDirectory="b76c2073-1c90-4684-bb25-d55408b75a35" />
    <UnitTestResult executionId="86538dd9-2c21-406e-823c-0977b24cdcf4" testId="3f35750f-c1bf-dd90-3f31-7f2de46cb109" testName="AccessToDB.Tests.TurnstilesRepositoryTests.TestGetTurnstilesByLiftIdAsyncOk(liftID: 136)" computerName="DESKTOP-TJ9D65N" duration="00:00:00.7507471" startTime="2022-10-15T20:45:05.7965992+03:00" endTime="2022-10-15T20:45:05.7965996+03:00" testType="13cdc9d9-ddb5-4fa4-a97d-d965ccfc6d4b" outcome="Passed" testListId="8c84fa94-04c1-424b-9868-57a2d4851a1d" relativeResultsDirectory="86538dd9-2c21-406e-823c-0977b24cdcf4" />
    <UnitTestResult executionId="eafd5d56-405b-4d4f-a759-453445a5ebd2" testId="0eebe1dc-b047-88a7-c11e-93b3e18cb509" testName="AccessToDB.Tests.LiftsSlopesRepositoryTests.TestAddLiftSlopeAsyncFailsWhenLiftSlopeIdRepeats(liftSlope: LiftSlope { RecordID = 107, LiftID = 123, SlopeID = 12 })" computerName="DESKTOP-TJ9D65N" duration="00:00:00.6039251" startTime="2022-10-15T20:45:14.9806028+03:00" endTime="2022-10-15T20:45:14.9806031+03:00" testType="13cdc9d9-ddb5-4fa4-a97d-d965ccfc6d4b" outcome="Passed" testListId="8c84fa94-04c1-424b-9868-57a2d4851a1d" relativeResultsDirectory="eafd5d56-405b-4d4f-a759-453445a5ebd2" />
    <UnitTestResult executionId="8dfd0775-88db-4b56-bc23-ddc8be64e088" testId="cc841d81-0b14-71d5-542b-1e8c4d880f77" testName="AccessToDB.Tests.SlopesRepositoryTests.TestAddSlopeAsyncFailsWhenSlopeIdRepeats(slope: Slope { SlopeID = 90, SlopeName = slopeName61aab2b4-1e62-4cf3-9cb9-9097d72a14bd, IsOpen = True, DifficultyLevel = 230, ConnectedLifts =  })" computerName="DESKTOP-TJ9D65N" duration="00:00:00.6106979" startTime="2022-10-15T20:45:07.0010351+03:00" endTime="2022-10-15T20:45:07.0010353+03:00" testType="13cdc9d9-ddb5-4fa4-a97d-d965ccfc6d4b" outcome="Passed" testListId="8c84fa94-04c1-424b-9868-57a2d4851a1d" relativeResultsDirectory="8dfd0775-88db-4b56-bc23-ddc8be64e088" />
    <UnitTestResult executionId="3152e5b4-6b19-4ccc-b5a6-6cdbe8f0a0f2" testId="90af4d64-43bf-dc8e-1324-734f48916e8a" testName="AccessToDB.Tests.SlopesRepositoryTests.TestUpdateSlopeByIDAsyncOk(slope: Slope { SlopeID = 234, SlopeName = slopeNamea1d31f81-7c40-4605-8de3-eeaa779a438e, IsOpen = True, DifficultyLevel = 244, ConnectedLifts =  })" computerName="DESKTOP-TJ9D65N" duration="00:00:00.6106138" startTime="2022-10-15T20:45:09.4829117+03:00" endTime="2022-10-15T20:45:09.4829121+03:00" testType="13cdc9d9-ddb5-4fa4-a97d-d965ccfc6d4b" outcome="Passed" testListId="8c84fa94-04c1-424b-9868-57a2d4851a1d" relativeResultsDirectory="3152e5b4-6b19-4ccc-b5a6-6cdbe8f0a0f2" />
    <UnitTestResult executionId="b9429f48-0efd-44ae-a46f-50cfa3f763ea" testId="dbad7fef-734e-f653-4cfe-061492ed5e17" testName="AccessToDB.Tests.SlopesRepositoryTests.TestDeleteSlopeByIDAsyncFailsWhenIDNotExists(slopeID: 12)" computerName="DESKTOP-TJ9D65N" duration="00:00:00.5596117" startTime="2022-10-15T20:45:07.5648621+03:00" endTime="2022-10-15T20:45:07.5648623+03:00" testType="13cdc9d9-ddb5-4fa4-a97d-d965ccfc6d4b" outcome="Passed" testListId="8c84fa94-04c1-424b-9868-57a2d4851a1d" relativeResultsDirectory="b9429f48-0efd-44ae-a46f-50cfa3f763ea" />
    <UnitTestResult executionId="e223c7bd-c27b-4112-9a7a-b22f7bb72d29" testId="fdd0d341-5c1d-8ed2-7cc7-1e2f2d88286c" testName="AccessToDB.Tests.UsersRepositoryTests.TestUpdateUserByIDAsyncOk(user: User { UserID = 223, CardID = 75, UserEmail = UserEmailcb3956f2-9181-4a2f-844e-aa191b48b8c7, Password = passwordae2a5f57-24cb-4fd3-af9f-ed8833959687, Permissions = UNAUTHORIZED })" computerName="DESKTOP-TJ9D65N" duration="00:00:00.6100201" startTime="2022-10-15T20:44:58.5455341+03:00" endTime="2022-10-15T20:44:58.5455346+03:00" testType="13cdc9d9-ddb5-4fa4-a97d-d965ccfc6d4b" outcome="Passed" testListId="8c84fa94-04c1-424b-9868-57a2d4851a1d" relativeResultsDirectory="e223c7bd-c27b-4112-9a7a-b22f7bb72d29" />
    <UnitTestResult executionId="e783f705-8048-477d-81de-78f95c1ae1ff" testId="ed7b49fd-a55d-a463-1f83-2393765eee7d" testName="AccessToDB.Tests.UsersRepositoryTests.TestGetUserByEmailAsyncFailsWhenEmailNotExists(email: &quot;email0a5b6b57-7188-4701-9603-c3f1287f0a70&quot;)" computerName="DESKTOP-TJ9D65N" duration="00:00:00.5592317" startTime="2022-10-15T20:44:59.1116777+03:00" endTime="2022-10-15T20:44:59.1116778+03:00" testType="13cdc9d9-ddb5-4fa4-a97d-d965ccfc6d4b" outcome="Passed" testListId="8c84fa94-04c1-424b-9868-57a2d4851a1d" relativeResultsDirectory="e783f705-8048-477d-81de-78f95c1ae1ff" />
    <UnitTestResult executionId="c20cae77-0e82-413e-a490-9288e7b56d27" testId="0e587b2c-de0f-290d-0192-989fc3e09a61" testName="AccessToDB.Tests.TurnstilesRepositoryTests.TestUpdateTurnstileByIDAsyncOk(turnstile: Turnstile { TurnstileID = 192, LiftID = 226, IsOpen = True })" computerName="DESKTOP-TJ9D65N" duration="00:00:00.6035194" startTime="2022-10-15T20:45:02.6485846+03:00" endTime="2022-10-15T20:45:02.6485848+03:00" testType="13cdc9d9-ddb5-4fa4-a97d-d965ccfc6d4b" outcome="Passed" testListId="8c84fa94-04c1-424b-9868-57a2d4851a1d" relativeResultsDirectory="c20cae77-0e82-413e-a490-9288e7b56d27" />
    <UnitTestResult executionId="c7122bce-7d88-410a-8aa2-e5a1e0e09750" testId="3c521313-4ed6-6bce-b4f9-c359411028e7" testName="AccessToDB.Tests.TurnstilesRepositoryTests.TestGetTurnstilesAsyncEmpty" computerName="DESKTOP-TJ9D65N" duration="00:00:00.5629725" startTime="2022-10-15T20:45:03.8158081+03:00" endTime="2022-10-15T20:45:03.8158083+03:00" testType="13cdc9d9-ddb5-4fa4-a97d-d965ccfc6d4b" outcome="Passed" testListId="8c84fa94-04c1-424b-9868-57a2d4851a1d" relativeResultsDirectory="c7122bce-7d88-410a-8aa2-e5a1e0e09750" />
    <UnitTestResult executionId="e7dced68-8b44-49c2-848d-b82e195aa8a4" testId="f13d88f8-1ac3-6aaf-ac5f-d74e7703b49a" testName="AccessToDB.Tests.LiftsSlopesRepositoryTests.TestGetLiftSlopeByIdAsyncOk(liftSlope: LiftSlope { RecordID = 163, LiftID = 97, SlopeID = 213 })" computerName="DESKTOP-TJ9D65N" duration="00:00:00.6007415" startTime="2022-10-15T20:45:11.2849944+03:00" endTime="2022-10-15T20:45:11.2849946+03:00" testType="13cdc9d9-ddb5-4fa4-a97d-d965ccfc6d4b" outcome="Passed" testListId="8c84fa94-04c1-424b-9868-57a2d4851a1d" relativeResultsDirectory="e7dced68-8b44-49c2-848d-b82e195aa8a4" />
    <UnitTestResult executionId="5f5459e0-2d16-48bb-a2ec-006f78890523" testId="2e3d7a40-8906-3572-99b9-bcc8a45c4cac" testName="AccessToDB.Tests.SlopesRepositoryTests.TestGetSlopeByNameAsyncFailsWhenNameNotExists(slopeName: &quot;slopeNamec728893a-410c-4074-9e36-3deb0de02aab&quot;)" computerName="DESKTOP-TJ9D65N" duration="00:00:00.5646622" startTime="2022-10-15T20:45:08.8514940+03:00" endTime="2022-10-15T20:45:08.8514947+03:00" testType="13cdc9d9-ddb5-4fa4-a97d-d965ccfc6d4b" outcome="Passed" testListId="8c84fa94-04c1-424b-9868-57a2d4851a1d" relativeResultsDirectory="5f5459e0-2d16-48bb-a2ec-006f78890523" />
    <UnitTestResult executionId="58c0f74c-ba2f-463b-8844-8705c62169e6" testId="cae3219b-b99c-8fd1-4b94-b61e0d75bcc7" testName="AccessToDB.Tests.UsersRepositoryTests.TestGetUserByIdAsyncOk(user: User { UserID = 98, CardID = 223, UserEmail = UserEmail96635d5b-b65a-4624-8c00-2113eb6a69b1, Password = password30c0d71d-a627-48d3-90ec-8b6919f3c7dd, Permissions = UNAUTHORIZED })" computerName="DESKTOP-TJ9D65N" duration="00:00:00.5881786" startTime="2022-10-15T20:45:00.2733636+03:00" endTime="2022-10-15T20:45:00.2733638+03:00" testType="13cdc9d9-ddb5-4fa4-a97d-d965ccfc6d4b" outcome="Passed" testListId="8c84fa94-04c1-424b-9868-57a2d4851a1d" relativeResultsDirectory="58c0f74c-ba2f-463b-8844-8705c62169e6" />
    <UnitTestResult executionId="4362a8b3-8884-4fdd-8ed4-e4a612992328" testId="9bbefb83-8311-6e03-307f-415e3495e223" testName="AccessToDB.Tests.SlopesRepositoryTests.TestGetSlopesAsyncEmpty" computerName="DESKTOP-TJ9D65N" duration="00:00:00.0010000" startTime="2022-10-15T20:45:08.2942918+03:00" endTime="2022-10-15T20:45:08.2942921+03:00" testType="13cdc9d9-ddb5-4fa4-a97d-d965ccfc6d4b" outcome="Failed" testListId="8c84fa94-04c1-424b-9868-57a2d4851a1d" relativeResultsDirectory="4362a8b3-8884-4fdd-8ed4-e4a612992328">
      <Output>
        <ErrorInfo>
          <Message>System.InvalidOperationException : Operations that change non-concurrent collections must have exclusive access. A concurrent update was performed on this collection and corrupted its state. The collection's state is no longer correct.</Message>
          <StackTrace>   at System.Collections.Generic.Dictionary`2.FindValue(TKey key)&#xD;
   at System.Collections.Generic.Dictionary`2.TryGetValue(TKey key, TValue&amp; value)&#xD;
   at ProGaudi.MsgPack.Light.MsgPackContext.GetObjectActivator(Type type)&#xD;
   at ProGaudi.MsgPack.Light.Converters.ArrayConverter`2.ReadList(IMsgPackReader reader, UInt32 length)&#xD;
   at ProGaudi.MsgPack.Light.Converters.ArrayConverter`2.ReadArray(IMsgPackReader reader, UInt32 length)&#xD;
   at ProGaudi.MsgPack.Light.Converters.ArrayConverter`2.Read(IMsgPackReader reader)&#xD;
   at ProGaudi.Tarantool.Client.Converters.SpaceConverter.Read(IMsgPackReader reader)&#xD;
   at ProGaudi.MsgPack.Light.Converters.ArrayConverter`2.ReadArray(IMsgPackReader reader, UInt32 length)&#xD;
   at ProGaudi.MsgPack.Light.Converters.ArrayConverter`2.Read(IMsgPackReader reader)&#xD;
   at ProGaudi.Tarantool.Client.Converters.ResponsePacketConverter`1.ProGaudi.MsgPack.Light.IMsgPackConverter&lt;ProGaudi.Tarantool.Client.Model.Responses.DataResponse&lt;T&gt;&gt;.Read(IMsgPackReader reader)&#xD;
   at ProGaudi.MsgPack.Light.MsgPackSerializer.Deserialize[T](MemoryStream stream, MsgPackContext context)&#xD;
   at ProGaudi.Tarantool.Client.LogicalConnection.SendRequest[TRequest,TResponse](TRequest request, Nullable`1 timeout)&#xD;
   at ProGaudi.Tarantool.Client.LogicalConnectionManager.SendRequest[TRequest,TResponse](TRequest request, Nullable`1 timeout)&#xD;
   at ProGaudi.Tarantool.Client.Schema.Select[T](UInt32 spaceId, Iterator iterator, UInt32 id)&#xD;
   at ProGaudi.Tarantool.Client.Schema.Reload()&#xD;
   at ProGaudi.Tarantool.Client.Box.Connect()&#xD;
   at ProGaudi.Tarantool.Client.Box.Connect(String replicationSource)&#xD;
   at AccessToDB.TarantoolContext.Initialize(String connection_string) in C:\Users\alena\Desktop\7_sem\testing_and_debugging\SkiResort\AccessToDB\TarantoolContext.cs:line 52&#xD;
   at AccessToDB.TarantoolContext..ctor(String connection_string) in C:\Users\alena\Desktop\7_sem\testing_and_debugging\SkiResort\AccessToDB\TarantoolContext.cs:line 32&#xD;
   at AccessToDB.Tests.SlopesRepositoryTests..ctor() in C:\Users\alena\Desktop\7_sem\testing_and_debugging\SkiResort\AccessToDB.Tests\SlopesRepositoryTests.cs:line 28&#xD;
   at System.RuntimeType.CreateInstanceDefaultCtor(Boolean publicOnly, Boolean wrapExceptions)</StackTrace>
        </ErrorInfo>
      </Output>
    </UnitTestResult>
    <UnitTestResult executionId="77bd87a9-563e-4423-9356-77338a70233b" testId="73715ddb-3394-16ca-308a-8d89f1cdc4f0" testName="AccessToDB.Tests.LiftsSlopesRepositoryTests.TestGetLiftsBySlopeIdAsyncOk(slope1: Slope { SlopeID = 1, SlopeName = slopeName3d95e5ca-9d0e-4d80-8704-14f8ca98ede5, IsOpen = True, DifficultyLevel = 205, ConnectedLifts =  }, slope2: Slope { SlopeID = 253, SlopeName = slopeName46977b15-c5ed-4835-9c4d-402524d95aa7, IsOpen = False, DifficultyLevel = 224, ConnectedLifts =  }, lift1: Lift { LiftID = 145, LiftName = liftName23623f84-b63f-44dd-9eb7-8f154b81540a, IsOpen = True, SeatsAmount = 148, LiftingTime = 134, QueueTime = 250, ConnectedSlopes =  }, lift2: Lift { LiftID = 26, LiftName = liftName43e72b93-9f0c-4caf-919e-28d1d1309d63, IsOpen = False, SeatsAmount = 92, LiftingTime = 79, QueueTime = 63, ConnectedSlopes =  })" computerName="DESKTOP-TJ9D65N" duration="00:00:00.6694971" startTime="2022-10-15T20:45:12.5765263+03:00" endTime="2022-10-15T20:45:12.5765266+03:00" testType="13cdc9d9-ddb5-4fa4-a97d-d965ccfc6d4b" outcome="Passed" testListId="8c84fa94-04c1-424b-9868-57a2d4851a1d" relativeResultsDirectory="77bd87a9-563e-4423-9356-77338a70233b" />
    <UnitTestResult executionId="bd35982c-6516-49e6-97d1-7c76803619fe" testId="a43197c1-3a68-3617-926c-e994d2295640" testName="AccessToDB.Tests.UsersRepositoryTests.TestCheckUserEmailExistsAsyncFalse(userEmail: &quot;userEmail9dc79fa4-2228-4fe2-8a6d-8a9fc50a9469&quot;)" computerName="DESKTOP-TJ9D65N" duration="00:00:00.5611867" startTime="2022-10-15T20:44:59.6770579+03:00" endTime="2022-10-15T20:44:59.6770583+03:00" testType="13cdc9d9-ddb5-4fa4-a97d-d965ccfc6d4b" outcome="Passed" testListId="8c84fa94-04c1-424b-9868-57a2d4851a1d" relativeResultsDirectory="bd35982c-6516-49e6-97d1-7c76803619fe" />
    <UnitTestResult executionId="8573bad1-23d8-45e6-9832-9f3030024788" testId="c7bf72c1-9e5b-5d77-6796-3011b39e5602" testName="AccessToDB.Tests.LiftsSlopesRepositoryTests.TestGetSlopesByLiftIdAsyncFailsWhenSlopeNotExists(liftSlope: LiftSlope { RecordID = 134, LiftID = 37, SlopeID = 175 })" computerName="DESKTOP-TJ9D65N" duration="00:00:00.5945810" startTime="2022-10-15T20:45:11.8841794+03:00" endTime="2022-10-15T20:45:11.8841800+03:00" testType="13cdc9d9-ddb5-4fa4-a97d-d965ccfc6d4b" outcome="Passed" testListId="8c84fa94-04c1-424b-9868-57a2d4851a1d" relativeResultsDirectory="8573bad1-23d8-45e6-9832-9f3030024788" />
    <UnitTestResult executionId="5a26714f-dbc9-4fe5-9056-fe3747c67f26" testId="4145f44e-b4b1-a618-09e8-c631496e6f1a" testName="AccessToDB.Tests.LiftsSlopesRepositoryTests.TestGetLiftSlopesAsyncEmpty" computerName="DESKTOP-TJ9D65N" duration="00:00:00.5598919" startTime="2022-10-15T20:45:14.3725000+03:00" endTime="2022-10-15T20:45:14.3725013+03:00" testType="13cdc9d9-ddb5-4fa4-a97d-d965ccfc6d4b" outcome="Passed" testListId="8c84fa94-04c1-424b-9868-57a2d4851a1d" relativeResultsDirectory="5a26714f-dbc9-4fe5-9056-fe3747c67f26" />
    <UnitTestResult executionId="83676a11-5140-42e2-b077-98679b2b22bb" testId="3efa81f5-aa57-f10e-99cd-0bf65aa834a5" testName="AccessToDB.Tests.LiftsSlopesRepositoryTests.TestUpdateLiftSlopeByIDAsyncOk(liftSlope: LiftSlope { RecordID = 18, LiftID = 177, SlopeID = 212 })" computerName="DESKTOP-TJ9D65N" duration="00:00:00.6097941" startTime="2022-10-15T20:45:10.0978489+03:00" endTime="2022-10-15T20:45:10.0978497+03:00" testType="13cdc9d9-ddb5-4fa4-a97d-d965ccfc6d4b" outcome="Passed" testListId="8c84fa94-04c1-424b-9868-57a2d4851a1d" relativeResultsDirectory="83676a11-5140-42e2-b077-98679b2b22bb" />
    <UnitTestResult executionId="32aec721-cb08-4f42-b897-565de0ab66b7" testId="b019f131-a126-b384-8060-c4fb83b3846e" testName="AccessToDB.Tests.TurnstilesRepositoryTests.TestAddTurnstileAsyncFailsWhenTurnstileIdRepeats(turnstile: Turnstile { TurnstileID = 67, LiftID = 146, IsOpen = True })" computerName="DESKTOP-TJ9D65N" duration="00:00:00.6078315" startTime="2022-10-15T20:45:05.0418044+03:00" endTime="2022-10-15T20:45:05.0418046+03:00" testType="13cdc9d9-ddb5-4fa4-a97d-d965ccfc6d4b" outcome="Passed" testListId="8c84fa94-04c1-424b-9868-57a2d4851a1d" relativeResultsDirectory="32aec721-cb08-4f42-b897-565de0ab66b7" />
    <UnitTestResult executionId="1f0ecd25-35c4-489b-be4b-8bd8f08e8b64" testId="9c84e9bd-abcd-f8d0-afa4-b1dd67ed1430" testName="AccessToDB.Tests.LiftsRepositoryTests.TestDeleteLiftByIDAsyncFailsWhenIDNotExists(liftID: 120)" computerName="DESKTOP-TJ9D65N" duration="00:00:00.5640676" startTime="2022-10-15T20:45:17.3477527+03:00" endTime="2022-10-15T20:45:17.3477531+03:00" testType="13cdc9d9-ddb5-4fa4-a97d-d965ccfc6d4b" outcome="Passed" testListId="8c84fa94-04c1-424b-9868-57a2d4851a1d" relativeResultsDirectory="1f0ecd25-35c4-489b-be4b-8bd8f08e8b64" />
    <UnitTestResult executionId="a0d4994b-9dfa-4827-b38b-b3b7cf828cba" testId="5bf1761a-9de5-42a0-8655-2f13dfa13d1a" testName="AccessToDB.Tests.SlopesRepositoryTests.TestGetSlopeByIdAsyncOk(slope: Slope { SlopeID = 140, SlopeName = slopeName9f16c696-bdbf-4761-bee0-1db70537e71a, IsOpen = True, DifficultyLevel = 79, ConnectedLifts =  })" computerName="DESKTOP-TJ9D65N" duration="00:00:00.5858373" startTime="2022-10-15T20:45:06.3871949+03:00" endTime="2022-10-15T20:45:06.3871951+03:00" testType="13cdc9d9-ddb5-4fa4-a97d-d965ccfc6d4b" outcome="Passed" testListId="8c84fa94-04c1-424b-9868-57a2d4851a1d" relativeResultsDirectory="a0d4994b-9dfa-4827-b38b-b3b7cf828cba" />
    <UnitTestResult executionId="c3457c7a-31c6-4fb4-a77a-e740e058071e" testId="30f8e924-9784-0a43-e807-094f70e06567" testName="AccessToDB.Tests.LiftsSlopesRepositoryTests.TestAddLiftSlopeAutoIncrementAsyncOk" computerName="DESKTOP-TJ9D65N" duration="00:00:00.6131678" startTime="2022-10-15T20:45:13.8088577+03:00" endTime="2022-10-15T20:45:13.8088579+03:00" testType="13cdc9d9-ddb5-4fa4-a97d-d965ccfc6d4b" outcome="Passed" testListId="8c84fa94-04c1-424b-9868-57a2d4851a1d" relativeResultsDirectory="c3457c7a-31c6-4fb4-a77a-e740e058071e" />
    <UnitTestResult executionId="94753e97-1400-4f1e-a1d1-d928f6dd2647" testId="68e0b292-bd3f-ffa0-f8fe-7875029f35ec" testName="AccessToDB.Tests.LiftsRepositoryTests.TestGetLiftByNameAsyncFailsWhenNameNotExists(liftName: &quot;liftName20ee067d-d622-4c7b-b1f5-378fa34c696b&quot;)" computerName="DESKTOP-TJ9D65N" duration="00:00:00.5549306" startTime="2022-10-15T20:45:16.1692505+03:00" endTime="2022-10-15T20:45:16.1692514+03:00" testType="13cdc9d9-ddb5-4fa4-a97d-d965ccfc6d4b" outcome="Passed" testListId="8c84fa94-04c1-424b-9868-57a2d4851a1d" relativeResultsDirectory="94753e97-1400-4f1e-a1d1-d928f6dd2647" />
    <UnitTestResult executionId="90d76918-17ef-4024-9be0-4f3a4d5ea47f" testId="3741b26d-6ee0-6246-29e4-92009bff37b0" testName="AccessToDB.Tests.UsersRepositoryTests.TestGetUsersAsyncEmpty" computerName="DESKTOP-TJ9D65N" duration="00:00:00.5547803" startTime="2022-10-15T20:44:57.3300828+03:00" endTime="2022-10-15T20:44:57.3300830+03:00" testType="13cdc9d9-ddb5-4fa4-a97d-d965ccfc6d4b" outcome="Passed" testListId="8c84fa94-04c1-424b-9868-57a2d4851a1d" relativeResultsDirectory="90d76918-17ef-4024-9be0-4f3a4d5ea47f" />
    <UnitTestResult executionId="e0ff8ef1-b8b2-46f4-b8f9-944b69ac9633" testId="4797505e-5dec-8979-bcc0-b3df96578523" testName="AccessToDB.Tests.LiftsSlopesRepositoryTests.TestDeleteLiftSlopeByIDAsyncFailsWhenIDNotExists(liftSlopeID: 125)" computerName="DESKTOP-TJ9D65N" duration="00:00:00.5650465" startTime="2022-10-15T20:45:10.6752735+03:00" endTime="2022-10-15T20:45:10.6752742+03:00" testType="13cdc9d9-ddb5-4fa4-a97d-d965ccfc6d4b" outcome="Passed" testListId="8c84fa94-04c1-424b-9868-57a2d4851a1d" relativeResultsDirectory="e0ff8ef1-b8b2-46f4-b8f9-944b69ac9633" />
    <UnitTestResult executionId="5edc7463-1306-46fc-b00e-7673f6a00964" testId="e75bb6e2-88d9-af2a-a444-c4a9d67f0f0e" testName="AccessToDB.Tests.UsersRepositoryTests.TestAddUserAutoIncrementAsyncOk" computerName="DESKTOP-TJ9D65N" duration="00:00:00.6276060" startTime="2022-10-15T20:45:01.4694121+03:00" endTime="2022-10-15T20:45:01.4694124+03:00" testType="13cdc9d9-ddb5-4fa4-a97d-d965ccfc6d4b" outcome="Passed" testListId="8c84fa94-04c1-424b-9868-57a2d4851a1d" relativeResultsDirectory="5edc7463-1306-46fc-b00e-7673f6a00964" />
    <UnitTestResult executionId="8ba17031-7ee8-4b35-9e00-ad9802ca82da" testId="8f7ba917-f771-0dc5-f9b9-465c34344b12" testName="AccessToDB.Tests.SlopesRepositoryTests.TestAddSlopeAutoIncrementAsyncOk" computerName="DESKTOP-TJ9D65N" duration="00:00:00.6052594" startTime="2022-10-15T20:45:08.1737292+03:00" endTime="2022-10-15T20:45:08.1737298+03:00" testType="13cdc9d9-ddb5-4fa4-a97d-d965ccfc6d4b" outcome="Passed" testListId="8c84fa94-04c1-424b-9868-57a2d4851a1d" relativeResultsDirectory="8ba17031-7ee8-4b35-9e00-ad9802ca82da" />
  </Results>
  <TestDefinitions>
    <UnitTest name="AccessToDB.Tests.LiftsSlopesRepositoryTests.TestGetLiftsBySlopeIdAsyncOk(slope1: Slope { SlopeID = 1, SlopeName = slopeName3d95e5ca-9d0e-4d80-8704-14f8ca98ede5, IsOpen = True, DifficultyLevel = 205, ConnectedLifts =  }, slope2: Slope { SlopeID = 253, SlopeName = slopeName46977b15-c5ed-4835-9c4d-402524d95aa7, IsOpen = False, DifficultyLevel = 224, ConnectedLifts =  }, lift1: Lift { LiftID = 145, LiftName = liftName23623f84-b63f-44dd-9eb7-8f1..." storage="c:\users\alena\desktop\7_sem\testing_and_debugging\skiresort\accesstodb.tests\bin\debug\net6.0\accesstodb.tests.dll" id="73715ddb-3394-16ca-308a-8d89f1cdc4f0">
      <Execution id="77bd87a9-563e-4423-9356-77338a70233b" />
      <TestMethod codeBase="C:\Users\alena\Desktop\7_sem\testing_and_debugging\SkiResort\AccessToDB.Tests\bin\Debug\net6.0\AccessToDB.Tests.dll" adapterTypeName="executor://xunit/VsTestRunner2/netcoreapp" className="AccessToDB.Tests.LiftsSlopesRepositoryTests" name="TestGetLiftsBySlopeIdAsyncOk" />
    </UnitTest>
    <UnitTest name="AccessToDB.Tests.UsersRepositoryTests.TestGetUsersAsyncEmpty" storage="c:\users\alena\desktop\7_sem\testing_and_debugging\skiresort\accesstodb.tests\bin\debug\net6.0\accesstodb.tests.dll" id="3741b26d-6ee0-6246-29e4-92009bff37b0">
      <Execution id="90d76918-17ef-4024-9be0-4f3a4d5ea47f" />
      <TestMethod codeBase="C:\Users\alena\Desktop\7_sem\testing_and_debugging\SkiResort\AccessToDB.Tests\bin\Debug\net6.0\AccessToDB.Tests.dll" adapterTypeName="executor://xunit/VsTestRunner2/netcoreapp" className="AccessToDB.Tests.UsersRepositoryTests" name="TestGetUsersAsyncEmpty" />
    </UnitTest>
    <UnitTest name="AccessToDB.Tests.LiftsSlopesRepositoryTests.TestGetSlopesByLiftIdAsyncFailsWhenSlopeNotExists(liftSlope: LiftSlope { RecordID = 134, LiftID = 37, SlopeID = 175 })" storage="c:\users\alena\desktop\7_sem\testing_and_debugging\skiresort\accesstodb.tests\bin\debug\net6.0\accesstodb.tests.dll" id="c7bf72c1-9e5b-5d77-6796-3011b39e5602">
      <Execution id="8573bad1-23d8-45e6-9832-9f3030024788" />
      <TestMethod codeBase="C:\Users\alena\Desktop\7_sem\testing_and_debugging\SkiResort\AccessToDB.Tests\bin\Debug\net6.0\AccessToDB.Tests.dll" adapterTypeName="executor://xunit/VsTestRunner2/netcoreapp" className="AccessToDB.Tests.LiftsSlopesRepositoryTests" name="TestGetSlopesByLiftIdAsyncFailsWhenSlopeNotExists" />
    </UnitTest>
    <UnitTest name="AccessToDB.Tests.TurnstilesRepositoryTests.TestAddTurnstileAutoIncrementAsyncOk" storage="c:\users\alena\desktop\7_sem\testing_and_debugging\skiresort\accesstodb.tests\bin\debug\net6.0\accesstodb.tests.dll" id="f9435956-2e34-e52b-c34e-dce53665cf8e">
      <Execution id="a966fdc7-35f0-4c31-a54e-c3fe8e6a657d" />
      <TestMethod codeBase="C:\Users\alena\Desktop\7_sem\testing_and_debugging\SkiResort\AccessToDB.Tests\bin\Debug\net6.0\AccessToDB.Tests.dll" adapterTypeName="executor://xunit/VsTestRunner2/netcoreapp" className="AccessToDB.Tests.TurnstilesRepositoryTests" name="TestAddTurnstileAutoIncrementAsyncOk" />
    </UnitTest>
    <UnitTest name="AccessToDB.Tests.TurnstilesRepositoryTests.TestAddTurnstileAsyncFailsWhenTurnstileIdRepeats(turnstile: Turnstile { TurnstileID = 67, LiftID = 146, IsOpen = True })" storage="c:\users\alena\desktop\7_sem\testing_and_debugging\skiresort\accesstodb.tests\bin\debug\net6.0\accesstodb.tests.dll" id="b019f131-a126-b384-8060-c4fb83b3846e">
      <Execution id="32aec721-cb08-4f42-b897-565de0ab66b7" />
      <TestMethod codeBase="C:\Users\alena\Desktop\7_sem\testing_and_debugging\SkiResort\AccessToDB.Tests\bin\Debug\net6.0\AccessToDB.Tests.dll" adapterTypeName="executor://xunit/VsTestRunner2/netcoreapp" className="AccessToDB.Tests.TurnstilesRepositoryTests" name="TestAddTurnstileAsyncFailsWhenTurnstileIdRepeats" />
    </UnitTest>
    <UnitTest name="AccessToDB.Tests.UsersRepositoryTests.TestGetUserByIdAsyncOk(user: User { UserID = 98, CardID = 223, UserEmail = UserEmail96635d5b-b65a-4624-8c00-2113eb6a69b1, Password = password30c0d71d-a627-48d3-90ec-8b6919f3c7dd, Permissions = UNAUTHORIZED })" storage="c:\users\alena\desktop\7_sem\testing_and_debugging\skiresort\accesstodb.tests\bin\debug\net6.0\accesstodb.tests.dll" id="cae3219b-b99c-8fd1-4b94-b61e0d75bcc7">
      <Execution id="58c0f74c-ba2f-463b-8844-8705c62169e6" />
      <TestMethod codeBase="C:\Users\alena\Desktop\7_sem\testing_and_debugging\SkiResort\AccessToDB.Tests\bin\Debug\net6.0\AccessToDB.Tests.dll" adapterTypeName="executor://xunit/VsTestRunner2/netcoreapp" className="AccessToDB.Tests.UsersRepositoryTests" name="TestGetUserByIdAsyncOk" />
    </UnitTest>
    <UnitTest name="AccessToDB.Tests.UsersRepositoryTests.TestCheckUserEmailExistsAsyncFalse(userEmail: &quot;userEmail9dc79fa4-2228-4fe2-8a6d-8a9fc50a9469&quot;)" storage="c:\users\alena\desktop\7_sem\testing_and_debugging\skiresort\accesstodb.tests\bin\debug\net6.0\accesstodb.tests.dll" id="a43197c1-3a68-3617-926c-e994d2295640">
      <Execution id="bd35982c-6516-49e6-97d1-7c76803619fe" />
      <TestMethod codeBase="C:\Users\alena\Desktop\7_sem\testing_and_debugging\SkiResort\AccessToDB.Tests\bin\Debug\net6.0\AccessToDB.Tests.dll" adapterTypeName="executor://xunit/VsTestRunner2/netcoreapp" className="AccessToDB.Tests.UsersRepositoryTests" name="TestCheckUserEmailExistsAsyncFalse" />
    </UnitTest>
    <UnitTest name="AccessToDB.Tests.LiftsSlopesRepositoryTests.TestDeleteLiftSlopeByIDAsyncFailsWhenIDNotExists(liftSlopeID: 125)" storage="c:\users\alena\desktop\7_sem\testing_and_debugging\skiresort\accesstodb.tests\bin\debug\net6.0\accesstodb.tests.dll" id="4797505e-5dec-8979-bcc0-b3df96578523">
      <Execution id="e0ff8ef1-b8b2-46f4-b8f9-944b69ac9633" />
      <TestMethod codeBase="C:\Users\alena\Desktop\7_sem\testing_and_debugging\SkiResort\AccessToDB.Tests\bin\Debug\net6.0\AccessToDB.Tests.dll" adapterTypeName="executor://xunit/VsTestRunner2/netcoreapp" className="AccessToDB.Tests.LiftsSlopesRepositoryTests" name="TestDeleteLiftSlopeByIDAsyncFailsWhenIDNotExists" />
    </UnitTest>
    <UnitTest name="AccessToDB.Tests.SlopesRepositoryTests.TestDeleteSlopeByIDAsyncFailsWhenIDNotExists(slopeID: 12)" storage="c:\users\alena\desktop\7_sem\testing_and_debugging\skiresort\accesstodb.tests\bin\debug\net6.0\accesstodb.tests.dll" id="dbad7fef-734e-f653-4cfe-061492ed5e17">
      <Execution id="b9429f48-0efd-44ae-a46f-50cfa3f763ea" />
      <TestMethod codeBase="C:\Users\alena\Desktop\7_sem\testing_and_debugging\SkiResort\AccessToDB.Tests\bin\Debug\net6.0\AccessToDB.Tests.dll" adapterTypeName="executor://xunit/VsTestRunner2/netcoreapp" className="AccessToDB.Tests.SlopesRepositoryTests" name="TestDeleteSlopeByIDAsyncFailsWhenIDNotExists" />
    </UnitTest>
    <UnitTest name="AccessToDB.Tests.TurnstilesRepositoryTests.TestGetTurnstileByIdAsyncOk(turnstile: Turnstile { TurnstileID = 231, LiftID = 92, IsOpen = True })" storage="c:\users\alena\desktop\7_sem\testing_and_debugging\skiresort\accesstodb.tests\bin\debug\net6.0\accesstodb.tests.dll" id="eb4d198e-f8cd-3bb7-342c-9e75152b099f">
      <Execution id="d9d02ef1-aa60-42e4-981f-b8e5e266cb06" />
      <TestMethod codeBase="C:\Users\alena\Desktop\7_sem\testing_and_debugging\SkiResort\AccessToDB.Tests\bin\Debug\net6.0\AccessToDB.Tests.dll" adapterTypeName="executor://xunit/VsTestRunner2/netcoreapp" className="AccessToDB.Tests.TurnstilesRepositoryTests" name="TestGetTurnstileByIdAsyncOk" />
    </UnitTest>
    <UnitTest name="AccessToDB.Tests.SlopesRepositoryTests.TestUpdateSlopeByIDAsyncOk(slope: Slope { SlopeID = 234, SlopeName = slopeNamea1d31f81-7c40-4605-8de3-eeaa779a438e, IsOpen = True, DifficultyLevel = 244, ConnectedLifts =  })" storage="c:\users\alena\desktop\7_sem\testing_and_debugging\skiresort\accesstodb.tests\bin\debug\net6.0\accesstodb.tests.dll" id="90af4d64-43bf-dc8e-1324-734f48916e8a">
      <Execution id="3152e5b4-6b19-4ccc-b5a6-6cdbe8f0a0f2" />
      <TestMethod codeBase="C:\Users\alena\Desktop\7_sem\testing_and_debugging\SkiResort\AccessToDB.Tests\bin\Debug\net6.0\AccessToDB.Tests.dll" adapterTypeName="executor://xunit/VsTestRunner2/netcoreapp" className="AccessToDB.Tests.SlopesRepositoryTests" name="TestUpdateSlopeByIDAsyncOk" />
    </UnitTest>
    <UnitTest name="AccessToDB.Tests.LiftsSlopesRepositoryTests.TestAddLiftSlopeAsyncFailsWhenLiftSlopeIdRepeats(liftSlope: LiftSlope { RecordID = 107, LiftID = 123, SlopeID = 12 })" storage="c:\users\alena\desktop\7_sem\testing_and_debugging\skiresort\accesstodb.tests\bin\debug\net6.0\accesstodb.tests.dll" id="0eebe1dc-b047-88a7-c11e-93b3e18cb509">
      <Execution id="eafd5d56-405b-4d4f-a759-453445a5ebd2" />
      <TestMethod codeBase="C:\Users\alena\Desktop\7_sem\testing_and_debugging\SkiResort\AccessToDB.Tests\bin\Debug\net6.0\AccessToDB.Tests.dll" adapterTypeName="executor://xunit/VsTestRunner2/netcoreapp" className="AccessToDB.Tests.LiftsSlopesRepositoryTests" name="TestAddLiftSlopeAsyncFailsWhenLiftSlopeIdRepeats" />
    </UnitTest>
    <UnitTest name="AccessToDB.Tests.LiftsSlopesRepositoryTests.TestGetLiftSlopesAsyncEmpty" storage="c:\users\alena\desktop\7_sem\testing_and_debugging\skiresort\accesstodb.tests\bin\debug\net6.0\accesstodb.tests.dll" id="4145f44e-b4b1-a618-09e8-c631496e6f1a">
      <Execution id="5a26714f-dbc9-4fe5-9056-fe3747c67f26" />
      <TestMethod codeBase="C:\Users\alena\Desktop\7_sem\testing_and_debugging\SkiResort\AccessToDB.Tests\bin\Debug\net6.0\AccessToDB.Tests.dll" adapterTypeName="executor://xunit/VsTestRunner2/netcoreapp" className="AccessToDB.Tests.LiftsSlopesRepositoryTests" name="TestGetLiftSlopesAsyncEmpty" />
    </UnitTest>
    <UnitTest name="AccessToDB.Tests.LiftsRepositoryTests.TestAddLiftAsyncFailsWhenLiftIdRepeats(lift: Lift { LiftID = 89, LiftName = liftNameab7281c8-74fb-4ad0-9ee5-f2ac3f80cfa2, IsOpen = True, SeatsAmount = 163, LiftingTime = 78, QueueTime = 93, ConnectedSlopes =  })" storage="c:\users\alena\desktop\7_sem\testing_and_debugging\skiresort\accesstodb.tests\bin\debug\net6.0\accesstodb.tests.dll" id="8b69346a-8234-5136-0037-91112a1c44ec">
      <Execution id="b660833c-c66b-4210-9225-1fc8e84c1078" />
      <TestMethod codeBase="C:\Users\alena\Desktop\7_sem\testing_and_debugging\SkiResort\AccessToDB.Tests\bin\Debug\net6.0\AccessToDB.Tests.dll" adapterTypeName="executor://xunit/VsTestRunner2/netcoreapp" className="AccessToDB.Tests.LiftsRepositoryTests" name="TestAddLiftAsyncFailsWhenLiftIdRepeats" />
    </UnitTest>
    <UnitTest name="AccessToDB.Tests.LiftsRepositoryTests.TestUpdateLiftByIDAsyncOk(lift: Lift { LiftID = 146, LiftName = liftName5ddc75bb-0f28-4cfe-8a2b-a0a547a3b9ed, IsOpen = True, SeatsAmount = 57, LiftingTime = 4, QueueTime = 73, ConnectedSlopes =  })" storage="c:\users\alena\desktop\7_sem\testing_and_debugging\skiresort\accesstodb.tests\bin\debug\net6.0\accesstodb.tests.dll" id="e343033b-2b57-8c8f-9af3-6f900925f0e4">
      <Execution id="142a37c8-c9f9-43b4-a144-7fe70dccf4b2" />
      <TestMethod codeBase="C:\Users\alena\Desktop\7_sem\testing_and_debugging\SkiResort\AccessToDB.Tests\bin\Debug\net6.0\AccessToDB.Tests.dll" adapterTypeName="executor://xunit/VsTestRunner2/netcoreapp" className="AccessToDB.Tests.LiftsRepositoryTests" name="TestUpdateLiftByIDAsyncOk" />
    </UnitTest>
    <UnitTest name="AccessToDB.Tests.SlopesRepositoryTests.TestGetSlopeByNameAsyncFailsWhenNameNotExists(slopeName: &quot;slopeNamec728893a-410c-4074-9e36-3deb0de02aab&quot;)" storage="c:\users\alena\desktop\7_sem\testing_and_debugging\skiresort\accesstodb.tests\bin\debug\net6.0\accesstodb.tests.dll" id="2e3d7a40-8906-3572-99b9-bcc8a45c4cac">
      <Execution id="5f5459e0-2d16-48bb-a2ec-006f78890523" />
      <TestMethod codeBase="C:\Users\alena\Desktop\7_sem\testing_and_debugging\SkiResort\AccessToDB.Tests\bin\Debug\net6.0\AccessToDB.Tests.dll" adapterTypeName="executor://xunit/VsTestRunner2/netcoreapp" className="AccessToDB.Tests.SlopesRepositoryTests" name="TestGetSlopeByNameAsyncFailsWhenNameNotExists" />
    </UnitTest>
    <UnitTest name="AccessToDB.Tests.SlopesRepositoryTests.TestGetSlopesAsyncEmpty" storage="c:\users\alena\desktop\7_sem\testing_and_debugging\skiresort\accesstodb.tests\bin\debug\net6.0\accesstodb.tests.dll" id="9bbefb83-8311-6e03-307f-415e3495e223">
      <Execution id="4362a8b3-8884-4fdd-8ed4-e4a612992328" />
      <TestMethod codeBase="C:\Users\alena\Desktop\7_sem\testing_and_debugging\SkiResort\AccessToDB.Tests\bin\Debug\net6.0\AccessToDB.Tests.dll" adapterTypeName="executor://xunit/VsTestRunner2/netcoreapp" className="AccessToDB.Tests.SlopesRepositoryTests" name="TestGetSlopesAsyncEmpty" />
    </UnitTest>
    <UnitTest name="AccessToDB.Tests.LiftsRepositoryTests.TestAddLiftAutoIncrementAsyncOk" storage="c:\users\alena\desktop\7_sem\testing_and_debugging\skiresort\accesstodb.tests\bin\debug\net6.0\accesstodb.tests.dll" id="ec229f70-485a-f91b-53ed-bce655f6cd58">
      <Execution id="c21baa17-4694-421f-857d-20200b24ecd4" />
      <TestMethod codeBase="C:\Users\alena\Desktop\7_sem\testing_and_debugging\SkiResort\AccessToDB.Tests\bin\Debug\net6.0\AccessToDB.Tests.dll" adapterTypeName="executor://xunit/VsTestRunner2/netcoreapp" className="AccessToDB.Tests.LiftsRepositoryTests" name="TestAddLiftAutoIncrementAsyncOk" />
    </UnitTest>
    <UnitTest name="AccessToDB.Tests.TurnstilesRepositoryTests.TestGetTurnstilesAsyncEmpty" storage="c:\users\alena\desktop\7_sem\testing_and_debugging\skiresort\accesstodb.tests\bin\debug\net6.0\accesstodb.tests.dll" id="3c521313-4ed6-6bce-b4f9-c359411028e7">
      <Execution id="c7122bce-7d88-410a-8aa2-e5a1e0e09750" />
      <TestMethod codeBase="C:\Users\alena\Desktop\7_sem\testing_and_debugging\SkiResort\AccessToDB.Tests\bin\Debug\net6.0\AccessToDB.Tests.dll" adapterTypeName="executor://xunit/VsTestRunner2/netcoreapp" className="AccessToDB.Tests.TurnstilesRepositoryTests" name="TestGetTurnstilesAsyncEmpty" />
    </UnitTest>
    <UnitTest name="AccessToDB.Tests.SlopesRepositoryTests.TestGetSlopeByIdAsyncOk(slope: Slope { SlopeID = 140, SlopeName = slopeName9f16c696-bdbf-4761-bee0-1db70537e71a, IsOpen = True, DifficultyLevel = 79, ConnectedLifts =  })" storage="c:\users\alena\desktop\7_sem\testing_and_debugging\skiresort\accesstodb.tests\bin\debug\net6.0\accesstodb.tests.dll" id="5bf1761a-9de5-42a0-8655-2f13dfa13d1a">
      <Execution id="a0d4994b-9dfa-4827-b38b-b3b7cf828cba" />
      <TestMethod codeBase="C:\Users\alena\Desktop\7_sem\testing_and_debugging\SkiResort\AccessToDB.Tests\bin\Debug\net6.0\AccessToDB.Tests.dll" adapterTypeName="executor://xunit/VsTestRunner2/netcoreapp" className="AccessToDB.Tests.SlopesRepositoryTests" name="TestGetSlopeByIdAsyncOk" />
    </UnitTest>
    <UnitTest name="AccessToDB.Tests.TurnstilesRepositoryTests.TestGetTurnstilesByLiftIdAsyncOk(liftID: 136)" storage="c:\users\alena\desktop\7_sem\testing_and_debugging\skiresort\accesstodb.tests\bin\debug\net6.0\accesstodb.tests.dll" id="3f35750f-c1bf-dd90-3f31-7f2de46cb109">
      <Execution id="86538dd9-2c21-406e-823c-0977b24cdcf4" />
      <TestMethod codeBase="C:\Users\alena\Desktop\7_sem\testing_and_debugging\SkiResort\AccessToDB.Tests\bin\Debug\net6.0\AccessToDB.Tests.dll" adapterTypeName="executor://xunit/VsTestRunner2/netcoreapp" className="AccessToDB.Tests.TurnstilesRepositoryTests" name="TestGetTurnstilesByLiftIdAsyncOk" />
    </UnitTest>
    <UnitTest name="AccessToDB.Tests.UsersRepositoryTests.TestUpdateUserByIDAsyncOk(user: User { UserID = 223, CardID = 75, UserEmail = UserEmailcb3956f2-9181-4a2f-844e-aa191b48b8c7, Password = passwordae2a5f57-24cb-4fd3-af9f-ed8833959687, Permissions = UNAUTHORIZED })" storage="c:\users\alena\desktop\7_sem\testing_and_debugging\skiresort\accesstodb.tests\bin\debug\net6.0\accesstodb.tests.dll" id="fdd0d341-5c1d-8ed2-7cc7-1e2f2d88286c">
      <Execution id="e223c7bd-c27b-4112-9a7a-b22f7bb72d29" />
      <TestMethod codeBase="C:\Users\alena\Desktop\7_sem\testing_and_debugging\SkiResort\AccessToDB.Tests\bin\Debug\net6.0\AccessToDB.Tests.dll" adapterTypeName="executor://xunit/VsTestRunner2/netcoreapp" className="AccessToDB.Tests.UsersRepositoryTests" name="TestUpdateUserByIDAsyncOk" />
    </UnitTest>
    <UnitTest name="AccessToDB.Tests.LiftsSlopesRepositoryTests.TestAddLiftSlopeAutoIncrementAsyncOk" storage="c:\users\alena\desktop\7_sem\testing_and_debugging\skiresort\accesstodb.tests\bin\debug\net6.0\accesstodb.tests.dll" id="30f8e924-9784-0a43-e807-094f70e06567">
      <Execution id="c3457c7a-31c6-4fb4-a77a-e740e058071e" />
      <TestMethod codeBase="C:\Users\alena\Desktop\7_sem\testing_and_debugging\SkiResort\AccessToDB.Tests\bin\Debug\net6.0\AccessToDB.Tests.dll" adapterTypeName="executor://xunit/VsTestRunner2/netcoreapp" className="AccessToDB.Tests.LiftsSlopesRepositoryTests" name="TestAddLiftSlopeAutoIncrementAsyncOk" />
    </UnitTest>
    <UnitTest name="AccessToDB.Tests.LiftsSlopesRepositoryTests.TestGetLiftSlopeByIdAsyncOk(liftSlope: LiftSlope { RecordID = 163, LiftID = 97, SlopeID = 213 })" storage="c:\users\alena\desktop\7_sem\testing_and_debugging\skiresort\accesstodb.tests\bin\debug\net6.0\accesstodb.tests.dll" id="f13d88f8-1ac3-6aaf-ac5f-d74e7703b49a">
      <Execution id="e7dced68-8b44-49c2-848d-b82e195aa8a4" />
      <TestMethod codeBase="C:\Users\alena\Desktop\7_sem\testing_and_debugging\SkiResort\AccessToDB.Tests\bin\Debug\net6.0\AccessToDB.Tests.dll" adapterTypeName="executor://xunit/VsTestRunner2/netcoreapp" className="AccessToDB.Tests.LiftsSlopesRepositoryTests" name="TestGetLiftSlopeByIdAsyncOk" />
    </UnitTest>
    <UnitTest name="AccessToDB.Tests.TurnstilesRepositoryTests.TestUpdateTurnstileByIDAsyncOk(turnstile: Turnstile { TurnstileID = 192, LiftID = 226, IsOpen = True })" storage="c:\users\alena\desktop\7_sem\testing_and_debugging\skiresort\accesstodb.tests\bin\debug\net6.0\accesstodb.tests.dll" id="0e587b2c-de0f-290d-0192-989fc3e09a61">
      <Execution id="c20cae77-0e82-413e-a490-9288e7b56d27" />
      <TestMethod codeBase="C:\Users\alena\Desktop\7_sem\testing_and_debugging\SkiResort\AccessToDB.Tests\bin\Debug\net6.0\AccessToDB.Tests.dll" adapterTypeName="executor://xunit/VsTestRunner2/netcoreapp" className="AccessToDB.Tests.TurnstilesRepositoryTests" name="TestUpdateTurnstileByIDAsyncOk" />
    </UnitTest>
    <UnitTest name="AccessToDB.Tests.UsersRepositoryTests.TestGetUserByEmailAsyncFailsWhenEmailNotExists(email: &quot;email0a5b6b57-7188-4701-9603-c3f1287f0a70&quot;)" storage="c:\users\alena\desktop\7_sem\testing_and_debugging\skiresort\accesstodb.tests\bin\debug\net6.0\accesstodb.tests.dll" id="ed7b49fd-a55d-a463-1f83-2393765eee7d">
      <Execution id="e783f705-8048-477d-81de-78f95c1ae1ff" />
      <TestMethod codeBase="C:\Users\alena\Desktop\7_sem\testing_and_debugging\SkiResort\AccessToDB.Tests\bin\Debug\net6.0\AccessToDB.Tests.dll" adapterTypeName="executor://xunit/VsTestRunner2/netcoreapp" className="AccessToDB.Tests.UsersRepositoryTests" name="TestGetUserByEmailAsyncFailsWhenEmailNotExists" />
    </UnitTest>
    <UnitTest name="AccessToDB.Tests.UsersRepositoryTests.TestAddUserAutoIncrementAsyncOk" storage="c:\users\alena\desktop\7_sem\testing_and_debugging\skiresort\accesstodb.tests\bin\debug\net6.0\accesstodb.tests.dll" id="e75bb6e2-88d9-af2a-a444-c4a9d67f0f0e">
      <Execution id="5edc7463-1306-46fc-b00e-7673f6a00964" />
      <TestMethod codeBase="C:\Users\alena\Desktop\7_sem\testing_and_debugging\SkiResort\AccessToDB.Tests\bin\Debug\net6.0\AccessToDB.Tests.dll" adapterTypeName="executor://xunit/VsTestRunner2/netcoreapp" className="AccessToDB.Tests.UsersRepositoryTests" name="TestAddUserAutoIncrementAsyncOk" />
    </UnitTest>
    <UnitTest name="AccessToDB.Tests.SlopesRepositoryTests.TestAddSlopeAutoIncrementAsyncOk" storage="c:\users\alena\desktop\7_sem\testing_and_debugging\skiresort\accesstodb.tests\bin\debug\net6.0\accesstodb.tests.dll" id="8f7ba917-f771-0dc5-f9b9-465c34344b12">
      <Execution id="8ba17031-7ee8-4b35-9e00-ad9802ca82da" />
      <TestMethod codeBase="C:\Users\alena\Desktop\7_sem\testing_and_debugging\SkiResort\AccessToDB.Tests\bin\Debug\net6.0\AccessToDB.Tests.dll" adapterTypeName="executor://xunit/VsTestRunner2/netcoreapp" className="AccessToDB.Tests.SlopesRepositoryTests" name="TestAddSlopeAutoIncrementAsyncOk" />
    </UnitTest>
    <UnitTest name="AccessToDB.Tests.LiftsSlopesRepositoryTests.TestUpdateLiftSlopeByIDAsyncOk(liftSlope: LiftSlope { RecordID = 18, LiftID = 177, SlopeID = 212 })" storage="c:\users\alena\desktop\7_sem\testing_and_debugging\skiresort\accesstodb.tests\bin\debug\net6.0\accesstodb.tests.dll" id="3efa81f5-aa57-f10e-99cd-0bf65aa834a5">
      <Execution id="83676a11-5140-42e2-b077-98679b2b22bb" />
      <TestMethod codeBase="C:\Users\alena\Desktop\7_sem\testing_and_debugging\SkiResort\AccessToDB.Tests\bin\Debug\net6.0\AccessToDB.Tests.dll" adapterTypeName="executor://xunit/VsTestRunner2/netcoreapp" className="AccessToDB.Tests.LiftsSlopesRepositoryTests" name="TestUpdateLiftSlopeByIDAsyncOk" />
    </UnitTest>
    <UnitTest name="AccessToDB.Tests.SlopesRepositoryTests.TestAddSlopeAsyncFailsWhenSlopeIdRepeats(slope: Slope { SlopeID = 90, SlopeName = slopeName61aab2b4-1e62-4cf3-9cb9-9097d72a14bd, IsOpen = True, DifficultyLevel = 230, ConnectedLifts =  })" storage="c:\users\alena\desktop\7_sem\testing_and_debugging\skiresort\accesstodb.tests\bin\debug\net6.0\accesstodb.tests.dll" id="cc841d81-0b14-71d5-542b-1e8c4d880f77">
      <Execution id="8dfd0775-88db-4b56-bc23-ddc8be64e088" />
      <TestMethod codeBase="C:\Users\alena\Desktop\7_sem\testing_and_debugging\SkiResort\AccessToDB.Tests\bin\Debug\net6.0\AccessToDB.Tests.dll" adapterTypeName="executor://xunit/VsTestRunner2/netcoreapp" className="AccessToDB.Tests.SlopesRepositoryTests" name="TestAddSlopeAsyncFailsWhenSlopeIdRepeats" />
    </UnitTest>
    <UnitTest name="AccessToDB.Tests.UsersRepositoryTests.TestDeleteUserByIDAsyncFailsWhenIDNotExists(userID: 50)" storage="c:\users\alena\desktop\7_sem\testing_and_debugging\skiresort\accesstodb.tests\bin\debug\net6.0\accesstodb.tests.dll" id="e6938f6b-72e5-7101-d89f-d09777ed8bbc">
      <Execution id="3d78029d-db42-401d-99e2-3b65e3d2d769" />
      <TestMethod codeBase="C:\Users\alena\Desktop\7_sem\testing_and_debugging\SkiResort\AccessToDB.Tests\bin\Debug\net6.0\AccessToDB.Tests.dll" adapterTypeName="executor://xunit/VsTestRunner2/netcoreapp" className="AccessToDB.Tests.UsersRepositoryTests" name="TestDeleteUserByIDAsyncFailsWhenIDNotExists" />
    </UnitTest>
    <UnitTest name="AccessToDB.Tests.UsersRepositoryTests.TestCheckUserIdExistsAsyncTrue(user: User { UserID = 254, CardID = 56, UserEmail = UserEmailed4db0d3-5271-425c-8bda-c97b4137c1ac, Password = password6dd42738-015a-4286-ba6d-954b23c5b15b, Permissions = UNAUTHORIZED })" storage="c:\users\alena\desktop\7_sem\testing_and_debugging\skiresort\accesstodb.tests\bin\debug\net6.0\accesstodb.tests.dll" id="38e2d2e9-264c-2365-5b07-47b590ef011f">
      <Execution id="267e8288-b6fe-4369-96ca-b9cdb061639a" />
      <TestMethod codeBase="C:\Users\alena\Desktop\7_sem\testing_and_debugging\SkiResort\AccessToDB.Tests\bin\Debug\net6.0\AccessToDB.Tests.dll" adapterTypeName="executor://xunit/VsTestRunner2/netcoreapp" className="AccessToDB.Tests.UsersRepositoryTests" name="TestCheckUserIdExistsAsyncTrue" />
    </UnitTest>
    <UnitTest name="AccessToDB.Tests.LiftsRepositoryTests.TestDeleteLiftByIDAsyncFailsWhenIDNotExists(liftID: 120)" storage="c:\users\alena\desktop\7_sem\testing_and_debugging\skiresort\accesstodb.tests\bin\debug\net6.0\accesstodb.tests.dll" id="9c84e9bd-abcd-f8d0-afa4-b1dd67ed1430">
      <Execution id="1f0ecd25-35c4-489b-be4b-8bd8f08e8b64" />
      <TestMethod codeBase="C:\Users\alena\Desktop\7_sem\testing_and_debugging\SkiResort\AccessToDB.Tests\bin\Debug\net6.0\AccessToDB.Tests.dll" adapterTypeName="executor://xunit/VsTestRunner2/netcoreapp" className="AccessToDB.Tests.LiftsRepositoryTests" name="TestDeleteLiftByIDAsyncFailsWhenIDNotExists" />
    </UnitTest>
    <UnitTest name="AccessToDB.Tests.LiftsRepositoryTests.TestGetLiftByIdAsyncOk(lift: Lift { LiftID = 78, LiftName = liftName34335ea5-a53e-4e04-b46f-c74978e08706, IsOpen = True, SeatsAmount = 46, LiftingTime = 109, QueueTime = 17, ConnectedSlopes =  })" storage="c:\users\alena\desktop\7_sem\testing_and_debugging\skiresort\accesstodb.tests\bin\debug\net6.0\accesstodb.tests.dll" id="8176d427-82f5-88f3-b5a9-d23e1909e2dc">
      <Execution id="b76c2073-1c90-4684-bb25-d55408b75a35" />
      <TestMethod codeBase="C:\Users\alena\Desktop\7_sem\testing_and_debugging\SkiResort\AccessToDB.Tests\bin\Debug\net6.0\AccessToDB.Tests.dll" adapterTypeName="executor://xunit/VsTestRunner2/netcoreapp" className="AccessToDB.Tests.LiftsRepositoryTests" name="TestGetLiftByIdAsyncOk" />
    </UnitTest>
    <UnitTest name="AccessToDB.Tests.LiftsRepositoryTests.TestGetLiftsAsyncEmpty" storage="c:\users\alena\desktop\7_sem\testing_and_debugging\skiresort\accesstodb.tests\bin\debug\net6.0\accesstodb.tests.dll" id="607e8298-f113-be33-300e-15a343893443">
      <Execution id="5e9535d6-bb38-47d1-92ff-7032c1dd6b02" />
      <TestMethod codeBase="C:\Users\alena\Desktop\7_sem\testing_and_debugging\SkiResort\AccessToDB.Tests\bin\Debug\net6.0\AccessToDB.Tests.dll" adapterTypeName="executor://xunit/VsTestRunner2/netcoreapp" className="AccessToDB.Tests.LiftsRepositoryTests" name="TestGetLiftsAsyncEmpty" />
    </UnitTest>
    <UnitTest name="AccessToDB.Tests.LiftsSlopesRepositoryTests.TestDeleteLiftSlopesByIDsAsyncOk(liftSlope: LiftSlope { RecordID = 140, LiftID = 88, SlopeID = 70 })" storage="c:\users\alena\desktop\7_sem\testing_and_debugging\skiresort\accesstodb.tests\bin\debug\net6.0\accesstodb.tests.dll" id="81725080-798b-313c-c750-470c9db231c6">
      <Execution id="2a6c35da-890d-4af4-b359-94863561f353" />
      <TestMethod codeBase="C:\Users\alena\Desktop\7_sem\testing_and_debugging\SkiResort\AccessToDB.Tests\bin\Debug\net6.0\AccessToDB.Tests.dll" adapterTypeName="executor://xunit/VsTestRunner2/netcoreapp" className="AccessToDB.Tests.LiftsSlopesRepositoryTests" name="TestDeleteLiftSlopesByIDsAsyncOk" />
    </UnitTest>
    <UnitTest name="AccessToDB.Tests.UsersRepositoryTests.TestAddUserAsyncFailsWhenUserIdRepeats(user: User { UserID = 211, CardID = 49, UserEmail = UserEmaildc06b408-dff3-4944-bdb4-8e6faccc0cb0, Password = passwordd737e217-c92b-400c-ae1b-765422a39d22, Permissions = UNAUTHORIZED })" storage="c:\users\alena\desktop\7_sem\testing_and_debugging\skiresort\accesstodb.tests\bin\debug\net6.0\accesstodb.tests.dll" id="d42d70b0-246b-c475-5a35-8d60e86b5251">
      <Execution id="a1054db5-89da-4074-8c01-70780c42c601" />
      <TestMethod codeBase="C:\Users\alena\Desktop\7_sem\testing_and_debugging\SkiResort\AccessToDB.Tests\bin\Debug\net6.0\AccessToDB.Tests.dll" adapterTypeName="executor://xunit/VsTestRunner2/netcoreapp" className="AccessToDB.Tests.UsersRepositoryTests" name="TestAddUserAsyncFailsWhenUserIdRepeats" />
    </UnitTest>
    <UnitTest name="AccessToDB.Tests.LiftsRepositoryTests.TestGetLiftByNameAsyncFailsWhenNameNotExists(liftName: &quot;liftName20ee067d-d622-4c7b-b1f5-378fa34c696b&quot;)" storage="c:\users\alena\desktop\7_sem\testing_and_debugging\skiresort\accesstodb.tests\bin\debug\net6.0\accesstodb.tests.dll" id="68e0b292-bd3f-ffa0-f8fe-7875029f35ec">
      <Execution id="94753e97-1400-4f1e-a1d1-d928f6dd2647" />
      <TestMethod codeBase="C:\Users\alena\Desktop\7_sem\testing_and_debugging\SkiResort\AccessToDB.Tests\bin\Debug\net6.0\AccessToDB.Tests.dll" adapterTypeName="executor://xunit/VsTestRunner2/netcoreapp" className="AccessToDB.Tests.LiftsRepositoryTests" name="TestGetLiftByNameAsyncFailsWhenNameNotExists" />
    </UnitTest>
    <UnitTest name="AccessToDB.Tests.TurnstilesRepositoryTests.TestDeleteTurnstileByIDAsyncFailsWhenIDNotExists(turnstileID: 139)" storage="c:\users\alena\desktop\7_sem\testing_and_debugging\skiresort\accesstodb.tests\bin\debug\net6.0\accesstodb.tests.dll" id="454bff63-75fe-4bfa-8f09-fa9f22bc8a48">
      <Execution id="133b8b77-e4d3-482c-bb26-e0460275cfbc" />
      <TestMethod codeBase="C:\Users\alena\Desktop\7_sem\testing_and_debugging\SkiResort\AccessToDB.Tests\bin\Debug\net6.0\AccessToDB.Tests.dll" adapterTypeName="executor://xunit/VsTestRunner2/netcoreapp" className="AccessToDB.Tests.TurnstilesRepositoryTests" name="TestDeleteTurnstileByIDAsyncFailsWhenIDNotExists" />
    </UnitTest>
  </TestDefinitions>
  <TestEntries>
    <TestEntry testId="38e2d2e9-264c-2365-5b07-47b590ef011f" executionId="267e8288-b6fe-4369-96ca-b9cdb061639a" testListId="8c84fa94-04c1-424b-9868-57a2d4851a1d" />
    <TestEntry testId="eb4d198e-f8cd-3bb7-342c-9e75152b099f" executionId="d9d02ef1-aa60-42e4-981f-b8e5e266cb06" testListId="8c84fa94-04c1-424b-9868-57a2d4851a1d" />
    <TestEntry testId="f9435956-2e34-e52b-c34e-dce53665cf8e" executionId="a966fdc7-35f0-4c31-a54e-c3fe8e6a657d" testListId="8c84fa94-04c1-424b-9868-57a2d4851a1d" />
    <TestEntry testId="d42d70b0-246b-c475-5a35-8d60e86b5251" executionId="a1054db5-89da-4074-8c01-70780c42c601" testListId="8c84fa94-04c1-424b-9868-57a2d4851a1d" />
    <TestEntry testId="454bff63-75fe-4bfa-8f09-fa9f22bc8a48" executionId="133b8b77-e4d3-482c-bb26-e0460275cfbc" testListId="8c84fa94-04c1-424b-9868-57a2d4851a1d" />
    <TestEntry testId="607e8298-f113-be33-300e-15a343893443" executionId="5e9535d6-bb38-47d1-92ff-7032c1dd6b02" testListId="8c84fa94-04c1-424b-9868-57a2d4851a1d" />
    <TestEntry testId="e343033b-2b57-8c8f-9af3-6f900925f0e4" executionId="142a37c8-c9f9-43b4-a144-7fe70dccf4b2" testListId="8c84fa94-04c1-424b-9868-57a2d4851a1d" />
    <TestEntry testId="8b69346a-8234-5136-0037-91112a1c44ec" executionId="b660833c-c66b-4210-9225-1fc8e84c1078" testListId="8c84fa94-04c1-424b-9868-57a2d4851a1d" />
    <TestEntry testId="e6938f6b-72e5-7101-d89f-d09777ed8bbc" executionId="3d78029d-db42-401d-99e2-3b65e3d2d769" testListId="8c84fa94-04c1-424b-9868-57a2d4851a1d" />
    <TestEntry testId="ec229f70-485a-f91b-53ed-bce655f6cd58" executionId="c21baa17-4694-421f-857d-20200b24ecd4" testListId="8c84fa94-04c1-424b-9868-57a2d4851a1d" />
    <TestEntry testId="81725080-798b-313c-c750-470c9db231c6" executionId="2a6c35da-890d-4af4-b359-94863561f353" testListId="8c84fa94-04c1-424b-9868-57a2d4851a1d" />
    <TestEntry testId="8176d427-82f5-88f3-b5a9-d23e1909e2dc" executionId="b76c2073-1c90-4684-bb25-d55408b75a35" testListId="8c84fa94-04c1-424b-9868-57a2d4851a1d" />
    <TestEntry testId="3f35750f-c1bf-dd90-3f31-7f2de46cb109" executionId="86538dd9-2c21-406e-823c-0977b24cdcf4" testListId="8c84fa94-04c1-424b-9868-57a2d4851a1d" />
    <TestEntry testId="0eebe1dc-b047-88a7-c11e-93b3e18cb509" executionId="eafd5d56-405b-4d4f-a759-453445a5ebd2" testListId="8c84fa94-04c1-424b-9868-57a2d4851a1d" />
    <TestEntry testId="cc841d81-0b14-71d5-542b-1e8c4d880f77" executionId="8dfd0775-88db-4b56-bc23-ddc8be64e088" testListId="8c84fa94-04c1-424b-9868-57a2d4851a1d" />
    <TestEntry testId="90af4d64-43bf-dc8e-1324-734f48916e8a" executionId="3152e5b4-6b19-4ccc-b5a6-6cdbe8f0a0f2" testListId="8c84fa94-04c1-424b-9868-57a2d4851a1d" />
    <TestEntry testId="dbad7fef-734e-f653-4cfe-061492ed5e17" executionId="b9429f48-0efd-44ae-a46f-50cfa3f763ea" testListId="8c84fa94-04c1-424b-9868-57a2d4851a1d" />
    <TestEntry testId="fdd0d341-5c1d-8ed2-7cc7-1e2f2d88286c" executionId="e223c7bd-c27b-4112-9a7a-b22f7bb72d29" testListId="8c84fa94-04c1-424b-9868-57a2d4851a1d" />
    <TestEntry testId="ed7b49fd-a55d-a463-1f83-2393765eee7d" executionId="e783f705-8048-477d-81de-78f95c1ae1ff" testListId="8c84fa94-04c1-424b-9868-57a2d4851a1d" />
    <TestEntry testId="0e587b2c-de0f-290d-0192-989fc3e09a61" executionId="c20cae77-0e82-413e-a490-9288e7b56d27" testListId="8c84fa94-04c1-424b-9868-57a2d4851a1d" />
    <TestEntry testId="3c521313-4ed6-6bce-b4f9-c359411028e7" executionId="c7122bce-7d88-410a-8aa2-e5a1e0e09750" testListId="8c84fa94-04c1-424b-9868-57a2d4851a1d" />
    <TestEntry testId="f13d88f8-1ac3-6aaf-ac5f-d74e7703b49a" executionId="e7dced68-8b44-49c2-848d-b82e195aa8a4" testListId="8c84fa94-04c1-424b-9868-57a2d4851a1d" />
    <TestEntry testId="2e3d7a40-8906-3572-99b9-bcc8a45c4cac" executionId="5f5459e0-2d16-48bb-a2ec-006f78890523" testListId="8c84fa94-04c1-424b-9868-57a2d4851a1d" />
    <TestEntry testId="cae3219b-b99c-8fd1-4b94-b61e0d75bcc7" executionId="58c0f74c-ba2f-463b-8844-8705c62169e6" testListId="8c84fa94-04c1-424b-9868-57a2d4851a1d" />
    <TestEntry testId="9bbefb83-8311-6e03-307f-415e3495e223" executionId="4362a8b3-8884-4fdd-8ed4-e4a612992328" testListId="8c84fa94-04c1-424b-9868-57a2d4851a1d" />
    <TestEntry testId="73715ddb-3394-16ca-308a-8d89f1cdc4f0" executionId="77bd87a9-563e-4423-9356-77338a70233b" testListId="8c84fa94-04c1-424b-9868-57a2d4851a1d" />
    <TestEntry testId="a43197c1-3a68-3617-926c-e994d2295640" executionId="bd35982c-6516-49e6-97d1-7c76803619fe" testListId="8c84fa94-04c1-424b-9868-57a2d4851a1d" />
    <TestEntry testId="c7bf72c1-9e5b-5d77-6796-3011b39e5602" executionId="8573bad1-23d8-45e6-9832-9f3030024788" testListId="8c84fa94-04c1-424b-9868-57a2d4851a1d" />
    <TestEntry testId="4145f44e-b4b1-a618-09e8-c631496e6f1a" executionId="5a26714f-dbc9-4fe5-9056-fe3747c67f26" testListId="8c84fa94-04c1-424b-9868-57a2d4851a1d" />
    <TestEntry testId="3efa81f5-aa57-f10e-99cd-0bf65aa834a5" executionId="83676a11-5140-42e2-b077-98679b2b22bb" testListId="8c84fa94-04c1-424b-9868-57a2d4851a1d" />
    <TestEntry testId="b019f131-a126-b384-8060-c4fb83b3846e" executionId="32aec721-cb08-4f42-b897-565de0ab66b7" testListId="8c84fa94-04c1-424b-9868-57a2d4851a1d" />
    <TestEntry testId="9c84e9bd-abcd-f8d0-afa4-b1dd67ed1430" executionId="1f0ecd25-35c4-489b-be4b-8bd8f08e8b64" testListId="8c84fa94-04c1-424b-9868-57a2d4851a1d" />
    <TestEntry testId="5bf1761a-9de5-42a0-8655-2f13dfa13d1a" executionId="a0d4994b-9dfa-4827-b38b-b3b7cf828cba" testListId="8c84fa94-04c1-424b-9868-57a2d4851a1d" />
    <TestEntry testId="30f8e924-9784-0a43-e807-094f70e06567" executionId="c3457c7a-31c6-4fb4-a77a-e740e058071e" testListId="8c84fa94-04c1-424b-9868-57a2d4851a1d" />
    <TestEntry testId="68e0b292-bd3f-ffa0-f8fe-7875029f35ec" executionId="94753e97-1400-4f1e-a1d1-d928f6dd2647" testListId="8c84fa94-04c1-424b-9868-57a2d4851a1d" />
    <TestEntry testId="3741b26d-6ee0-6246-29e4-92009bff37b0" executionId="90d76918-17ef-4024-9be0-4f3a4d5ea47f" testListId="8c84fa94-04c1-424b-9868-57a2d4851a1d" />
    <TestEntry testId="4797505e-5dec-8979-bcc0-b3df96578523" executionId="e0ff8ef1-b8b2-46f4-b8f9-944b69ac9633" testListId="8c84fa94-04c1-424b-9868-57a2d4851a1d" />
    <TestEntry testId="e75bb6e2-88d9-af2a-a444-c4a9d67f0f0e" executionId="5edc7463-1306-46fc-b00e-7673f6a00964" testListId="8c84fa94-04c1-424b-9868-57a2d4851a1d" />
    <TestEntry testId="8f7ba917-f771-0dc5-f9b9-465c34344b12" executionId="8ba17031-7ee8-4b35-9e00-ad9802ca82da" testListId="8c84fa94-04c1-424b-9868-57a2d4851a1d" />
  </TestEntries>
  <TestLists>
    <TestList name="Список результатов" id="8c84fa94-04c1-424b-9868-57a2d4851a1d" />
    <TestList name="Все загруженные результаты" id="19431567-8539-422a-85d7-44ee4e166bda" />
  </TestLists>
  <ResultSummary outcome="Failed">
    <Counters total="39" executed="39" passed="38" failed="1" error="0" timeout="0" aborted="0" inconclusive="0" passedButRunAborted="0" notRunnable="0" notExecuted="0" disconnected="0" warning="0" completed="0" inProgress="0" pending="0" />
    <Output>
      <StdOut>[xUnit.net 00:00:00.00] xUnit.net VSTest Adapter v2.4.5+1caef2f33e (64-bit .NET 6.0.3)&#xD;
[xUnit.net 00:00:00.47]   Discovering: AccessToDB.Tests&#xD;
[xUnit.net 00:00:00.58]   Discovered:  AccessToDB.Tests&#xD;
[xUnit.net 00:00:00.58]   Starting:    AccessToDB.Tests&#xD;
[xUnit.net 00:00:12.85]       System.InvalidOperationException : Operations that change non-concurrent collections must have exclusive access. A concurrent update was performed on this collection and corrupted its state. The collection's state is no longer correct.&#xD;
[xUnit.net 00:00:12.85]       Stack Trace:&#xD;
[xUnit.net 00:00:12.86]            at System.Collections.Generic.Dictionary`2.FindValue(TKey key)&#xD;
[xUnit.net 00:00:12.86]            at System.Collections.Generic.Dictionary`2.TryGetValue(TKey key, TValue&amp; value)&#xD;
[xUnit.net 00:00:12.86]            at ProGaudi.MsgPack.Light.MsgPackContext.GetObjectActivator(Type type)&#xD;
[xUnit.net 00:00:12.86]            at ProGaudi.MsgPack.Light.Converters.ArrayConverter`2.ReadList(IMsgPackReader reader, UInt32 length)&#xD;
[xUnit.net 00:00:12.86]            at ProGaudi.MsgPack.Light.Converters.ArrayConverter`2.ReadArray(IMsgPackReader reader, UInt32 length)&#xD;
[xUnit.net 00:00:12.86]            at ProGaudi.MsgPack.Light.Converters.ArrayConverter`2.Read(IMsgPackReader reader)&#xD;
[xUnit.net 00:00:12.86]            at ProGaudi.Tarantool.Client.Converters.SpaceConverter.Read(IMsgPackReader reader)&#xD;
[xUnit.net 00:00:12.86]            at ProGaudi.MsgPack.Light.Converters.ArrayConverter`2.ReadArray(IMsgPackReader reader, UInt32 length)&#xD;
[xUnit.net 00:00:12.86]            at ProGaudi.MsgPack.Light.Converters.ArrayConverter`2.Read(IMsgPackReader reader)&#xD;
[xUnit.net 00:00:12.86]            at ProGaudi.Tarantool.Client.Converters.ResponsePacketConverter`1.ProGaudi.MsgPack.Light.IMsgPackConverter&lt;ProGaudi.Tarantool.Client.Model.Responses.DataResponse&lt;T&gt;&gt;.Read(IMsgPackReader reader)&#xD;
[xUnit.net 00:00:12.86]            at ProGaudi.MsgPack.Light.MsgPackSerializer.Deserialize[T](MemoryStream stream, MsgPackContext context)&#xD;
[xUnit.net 00:00:12.86]            at ProGaudi.Tarantool.Client.LogicalConnection.SendRequest[TRequest,TResponse](TRequest request, Nullable`1 timeout)&#xD;
[xUnit.net 00:00:12.86]            at ProGaudi.Tarantool.Client.LogicalConnectionManager.SendRequest[TRequest,TResponse](TRequest request, Nullable`1 timeout)&#xD;
[xUnit.net 00:00:12.86]            at ProGaudi.Tarantool.Client.Schema.Select[T](UInt32 spaceId, Iterator iterator, UInt32 id)&#xD;
[xUnit.net 00:00:12.86]            at ProGaudi.Tarantool.Client.Schema.Reload()&#xD;
[xUnit.net 00:00:12.86]            at ProGaudi.Tarantool.Client.Box.Connect()&#xD;
[xUnit.net 00:00:12.86]            at ProGaudi.Tarantool.Client.Box.Connect(String replicationSource)&#xD;
[xUnit.net 00:00:12.86]         C:\Users\alena\Desktop\7_sem\testing_and_debugging\SkiResort\AccessToDB\TarantoolContext.cs(52,0): at AccessToDB.TarantoolContext.Initialize(String connection_string)&#xD;
[xUnit.net 00:00:12.86]         C:\Users\alena\Desktop\7_sem\testing_and_debugging\SkiResort\AccessToDB\TarantoolContext.cs(32,0): at AccessToDB.TarantoolContext..ctor(String connection_string)&#xD;
[xUnit.net 00:00:12.86]         C:\Users\alena\Desktop\7_sem\testing_and_debugging\SkiResort\AccessToDB.Tests\SlopesRepositoryTests.cs(28,0): at AccessToDB.Tests.SlopesRepositoryTests..ctor()&#xD;
[xUnit.net 00:00:12.86]            at System.RuntimeType.CreateInstanceDefaultCtor(Boolean publicOnly, Boolean wrapExceptions)&#xD;
[xUnit.net 00:00:23.71]   Finished:    AccessToDB.Tests&#xD;
</StdOut>
    </Output>
    <RunInfos>
      <RunInfo computerName="DESKTOP-TJ9D65N" outcome="Error" timestamp="2022-10-15T20:45:08.2880885+03:00">
        <Text>[xUnit.net 00:00:12.85]     AccessToDB.Tests.SlopesRepositoryTests.TestGetSlopesAsyncEmpty [FAIL]</Text>
      </RunInfo>
    </RunInfos>
  </ResultSummary>
</TestRun>