<?xml version="1.0" encoding="utf-8"?>
<TestRun id="a77ea079-f76b-4006-81e0-f55cab721ffd" name="alena@DESKTOP-TJ9D65N 2022-10-15 20:03:58" runUser="DESKTOP-TJ9D65N\alena" xmlns="http://microsoft.com/schemas/VisualStudio/TeamTest/2010">
  <Times creation="2022-10-15T20:03:58.8075689+03:00" queuing="2022-10-15T20:03:58.8075692+03:00" start="2022-10-15T20:03:56.7117090+03:00" finish="2022-10-15T20:04:21.0123957+03:00" />
  <TestSettings name="default" id="9171b878-d67b-4aaf-8c81-94feb767f892">
    <Deployment runDeploymentRoot="alena_DESKTOP-TJ9D65N_2022-10-15_20_03_58" />
  </TestSettings>
  <Results>
    <UnitTestResult executionId="5f9bb73e-33d3-46cc-a29e-c5d6d1ad3307" testId="8f7ba917-f771-0dc5-f9b9-465c34344b12" testName="AccessToDB.Tests.SlopesRepositoryTests.TestAddSlopeAutoIncrementAsyncOk" computerName="DESKTOP-TJ9D65N" duration="00:00:00.6118479" startTime="2022-10-15T20:04:19.1735763+03:00" endTime="2022-10-15T20:04:19.1735764+03:00" testType="13cdc9d9-ddb5-4fa4-a97d-d965ccfc6d4b" outcome="Passed" testListId="8c84fa94-04c1-424b-9868-57a2d4851a1d" relativeResultsDirectory="5f9bb73e-33d3-46cc-a29e-c5d6d1ad3307" />
    <UnitTestResult executionId="944021e6-5f6b-49ef-a1b4-94a9cbeeb4ae" testId="311229bf-7737-da06-d964-00242e727e9d" testName="AccessToDB.Tests.LiftsRepositoryTests.TestAddLiftAsyncFailsWhenLiftIdRepeats(lift: Lift { LiftID = 157, LiftName = liftName4605585d-775c-4138-bcbd-e87a6b37042e, IsOpen = True, SeatsAmount = 125, LiftingTime = 90, QueueTime = 57, ConnectedSlopes =  })" computerName="DESKTOP-TJ9D65N" duration="00:00:00.6089002" startTime="2022-10-15T20:04:15.0965717+03:00" endTime="2022-10-15T20:04:15.0965719+03:00" testType="13cdc9d9-ddb5-4fa4-a97d-d965ccfc6d4b" outcome="Passed" testListId="8c84fa94-04c1-424b-9868-57a2d4851a1d" relativeResultsDirectory="944021e6-5f6b-49ef-a1b4-94a9cbeeb4ae" />
    <UnitTestResult executionId="27b75346-ac6b-411c-a17c-174c7ce63b6e" testId="c2639d12-e003-e089-18de-8a59da709859" testName="AccessToDB.Tests.TurnstilesRepositoryTests.TestAddTurnstileAsyncFailsWhenTurnstileIdRepeats(turnstile: Turnstile { TurnstileID = 152, LiftID = 245, IsOpen = True })" computerName="DESKTOP-TJ9D65N" duration="00:00:00.6159222" startTime="2022-10-15T20:03:59.9020186+03:00" endTime="2022-10-15T20:03:59.9020188+03:00" testType="13cdc9d9-ddb5-4fa4-a97d-d965ccfc6d4b" outcome="Passed" testListId="8c84fa94-04c1-424b-9868-57a2d4851a1d" relativeResultsDirectory="27b75346-ac6b-411c-a17c-174c7ce63b6e" />
    <UnitTestResult executionId="f5f8b4e3-5f20-4995-9cf9-4efbd6230c58" testId="f532a0f5-8f97-7c0d-ca3a-aa1b5247ba75" testName="AccessToDB.Tests.SlopesRepositoryTests.TestUpdateSlopeByIDAsyncOk(slope: Slope { SlopeID = 116, SlopeName = slopeNamee43b90c5-7f02-4d20-88b2-a25f88234fdc, IsOpen = True, DifficultyLevel = 10, ConnectedLifts =  })" computerName="DESKTOP-TJ9D65N" duration="00:00:00.6079698" startTime="2022-10-15T20:04:19.7850413+03:00" endTime="2022-10-15T20:04:19.7850414+03:00" testType="13cdc9d9-ddb5-4fa4-a97d-d965ccfc6d4b" outcome="Passed" testListId="8c84fa94-04c1-424b-9868-57a2d4851a1d" relativeResultsDirectory="f5f8b4e3-5f20-4995-9cf9-4efbd6230c58" />
    <UnitTestResult executionId="d52c0af4-2747-482b-a370-0d4af003780a" testId="67d91903-891a-9572-eabf-6406e68a434a" testName="AccessToDB.Tests.UsersRepositoryTests.TestDeleteUserByIDAsyncFailsWhenIDNotExists(userID: 240)" computerName="DESKTOP-TJ9D65N" duration="00:00:00.5572527" startTime="2022-10-15T20:04:10.8609941+03:00" endTime="2022-10-15T20:04:10.8609943+03:00" testType="13cdc9d9-ddb5-4fa4-a97d-d965ccfc6d4b" outcome="Passed" testListId="8c84fa94-04c1-424b-9868-57a2d4851a1d" relativeResultsDirectory="d52c0af4-2747-482b-a370-0d4af003780a" />
    <UnitTestResult executionId="87bd1814-d99f-443d-beac-ddae65454d00" testId="1e4f25ba-8795-b661-4dfd-160bd752a228" testName="AccessToDB.Tests.LiftsRepositoryTests.TestGetLiftByIdAsyncOk(lift: Lift { LiftID = 173, LiftName = liftNameca3ac624-8b72-4897-90e4-f6ccd294dba3, IsOpen = True, SeatsAmount = 191, LiftingTime = 188, QueueTime = 147, ConnectedSlopes =  })" computerName="DESKTOP-TJ9D65N" duration="00:00:00.5942267" startTime="2022-10-15T20:04:14.4842376+03:00" endTime="2022-10-15T20:04:14.4842378+03:00" testType="13cdc9d9-ddb5-4fa4-a97d-d965ccfc6d4b" outcome="Passed" testListId="8c84fa94-04c1-424b-9868-57a2d4851a1d" relativeResultsDirectory="87bd1814-d99f-443d-beac-ddae65454d00" />
    <UnitTestResult executionId="f811d5cb-7cbe-4513-85f7-5d594fd59cbc" testId="7331d2e5-a281-720d-9885-345989bd1d4b" testName="AccessToDB.Tests.UsersRepositoryTests.TestGetUserByIdAsyncOk(user: User { UserID = 99, CardID = 175, UserEmail = UserEmail508ac177-e39a-4aea-a857-dc36e75eb64d, Password = password9fd1646c-1429-485a-aa9b-186283dc7de4, Permissions = UNAUTHORIZED })" computerName="DESKTOP-TJ9D65N" duration="00:00:00.5969418" startTime="2022-10-15T20:04:09.1364964+03:00" endTime="2022-10-15T20:04:09.1364967+03:00" testType="13cdc9d9-ddb5-4fa4-a97d-d965ccfc6d4b" outcome="Passed" testListId="8c84fa94-04c1-424b-9868-57a2d4851a1d" relativeResultsDirectory="f811d5cb-7cbe-4513-85f7-5d594fd59cbc" />
    <UnitTestResult executionId="3f092aef-bc4e-47d7-a2f3-ec36031ba5f7" testId="f9435956-2e34-e52b-c34e-dce53665cf8e" testName="AccessToDB.Tests.TurnstilesRepositoryTests.TestAddTurnstileAutoIncrementAsyncOk" computerName="DESKTOP-TJ9D65N" duration="00:00:00.6106615" startTime="2022-10-15T20:04:01.0797026+03:00" endTime="2022-10-15T20:04:01.0797030+03:00" testType="13cdc9d9-ddb5-4fa4-a97d-d965ccfc6d4b" outcome="Passed" testListId="8c84fa94-04c1-424b-9868-57a2d4851a1d" relativeResultsDirectory="3f092aef-bc4e-47d7-a2f3-ec36031ba5f7" />
    <UnitTestResult executionId="322075ca-1c0f-49c7-ba36-af580c3b013d" testId="9bbefb83-8311-6e03-307f-415e3495e223" testName="AccessToDB.Tests.SlopesRepositoryTests.TestGetSlopesAsyncEmpty" computerName="DESKTOP-TJ9D65N" duration="00:00:00.5593571" startTime="2022-10-15T20:04:20.3477680+03:00" endTime="2022-10-15T20:04:20.3477680+03:00" testType="13cdc9d9-ddb5-4fa4-a97d-d965ccfc6d4b" outcome="Passed" testListId="8c84fa94-04c1-424b-9868-57a2d4851a1d" relativeResultsDirectory="322075ca-1c0f-49c7-ba36-af580c3b013d" />
    <UnitTestResult executionId="31e046c4-313f-4250-b904-c16e2f536573" testId="3741b26d-6ee0-6246-29e4-92009bff37b0" testName="AccessToDB.Tests.UsersRepositoryTests.TestGetUsersAsyncEmpty" computerName="DESKTOP-TJ9D65N" duration="00:00:00.5610279" startTime="2022-10-15T20:04:07.9242389+03:00" endTime="2022-10-15T20:04:07.9242391+03:00" testType="13cdc9d9-ddb5-4fa4-a97d-d965ccfc6d4b" outcome="Passed" testListId="8c84fa94-04c1-424b-9868-57a2d4851a1d" relativeResultsDirectory="31e046c4-313f-4250-b904-c16e2f536573" />
    <UnitTestResult executionId="41efaee6-9ac1-4557-bdac-3abe792fa9ce" testId="3c521313-4ed6-6bce-b4f9-c359411028e7" testName="AccessToDB.Tests.TurnstilesRepositoryTests.TestGetTurnstilesAsyncEmpty" computerName="DESKTOP-TJ9D65N" duration="00:00:00.5583690" startTime="2022-10-15T20:04:00.4647163+03:00" endTime="2022-10-15T20:04:00.4647166+03:00" testType="13cdc9d9-ddb5-4fa4-a97d-d965ccfc6d4b" outcome="Passed" testListId="8c84fa94-04c1-424b-9868-57a2d4851a1d" relativeResultsDirectory="41efaee6-9ac1-4557-bdac-3abe792fa9ce" />
    <UnitTestResult executionId="b88ecc57-04e8-4764-a77b-405315cc4247" testId="8bc758c2-0cf2-12bc-4340-706bce8c209c" testName="AccessToDB.Tests.LiftsSlopesRepositoryTests.TestGetLiftSlopeByIdAsyncOk(liftSlope: LiftSlope { RecordID = 152, LiftID = 250, SlopeID = 59 })" computerName="DESKTOP-TJ9D65N" duration="00:00:00.0010000" startTime="2022-10-15T20:04:04.3222103+03:00" endTime="2022-10-15T20:04:04.3222107+03:00" testType="13cdc9d9-ddb5-4fa4-a97d-d965ccfc6d4b" outcome="Failed" testListId="8c84fa94-04c1-424b-9868-57a2d4851a1d" relativeResultsDirectory="b88ecc57-04e8-4764-a77b-405315cc4247">
      <Output>
        <ErrorInfo>
          <Message>System.InvalidOperationException : Operations that change non-concurrent collections must have exclusive access. A concurrent update was performed on this collection and corrupted its state. The collection's state is no longer correct.</Message>
          <StackTrace>   at System.Collections.Generic.Dictionary`2.FindValue(TKey key)&#xD;
   at System.Collections.Generic.Dictionary`2.TryGetValue(TKey key, TValue&amp; value)&#xD;
   at ProGaudi.MsgPack.Light.MsgPackContext.GetObjectActivator(Type type)&#xD;
   at ProGaudi.MsgPack.Light.MsgPackContext.&lt;&gt;c__DisplayClass24_0.&lt;TryGenerateConverterFromGenericConverter&gt;b__0(Type x)&#xD;
   at ProGaudi.MsgPack.Light.MsgPackContext.TryGenerateConverterFromGenericConverter(Type type)&#xD;
   at ProGaudi.MsgPack.Light.MsgPackContext.GetConverter[T]()&#xD;
   at ProGaudi.MsgPack.Light.MsgPackSerializer.GetConverter[T](MsgPackContext context)&#xD;
   at ProGaudi.MsgPack.Light.MsgPackSerializer.Deserialize[T](MemoryStream stream, MsgPackContext context)&#xD;
   at ProGaudi.Tarantool.Client.LogicalConnection.SendRequest[TRequest,TResponse](TRequest request, Nullable`1 timeout)&#xD;
   at ProGaudi.Tarantool.Client.LogicalConnectionManager.SendRequest[TRequest,TResponse](TRequest request, Nullable`1 timeout)&#xD;
   at ProGaudi.Tarantool.Client.Schema.Select[T](UInt32 spaceId, Iterator iterator, UInt32 id)&#xD;
   at ProGaudi.Tarantool.Client.Schema.Reload()&#xD;
   at ProGaudi.Tarantool.Client.Box.Connect()&#xD;
   at ProGaudi.Tarantool.Client.Box.Connect(String replicationSource)&#xD;
   at AccessToDB.TarantoolContext.Initialize(String connection_string) in C:\Users\alena\Desktop\7_sem\testing_and_debugging\SkiResort\AccessToDB\TarantoolContext.cs:line 52&#xD;
   at AccessToDB.TarantoolContext..ctor(String connection_string) in C:\Users\alena\Desktop\7_sem\testing_and_debugging\SkiResort\AccessToDB\TarantoolContext.cs:line 32&#xD;
   at AccessToDB.Tests.LiftsSlopesRepositoryTests..ctor() in C:\Users\alena\Desktop\7_sem\testing_and_debugging\SkiResort\AccessToDB.Tests\LiftsSlopesRepositoryTests.cs:line 34&#xD;
   at System.RuntimeType.CreateInstanceDefaultCtor(Boolean publicOnly, Boolean wrapExceptions)</StackTrace>
        </ErrorInfo>
      </Output>
    </UnitTestResult>
    <UnitTestResult executionId="e678bf98-244f-462c-8b53-25de19db76f3" testId="2bc8062b-d7ab-9276-e8dd-b84cc4fc0808" testName="AccessToDB.Tests.UsersRepositoryTests.TestCheckUserEmailExistsAsyncFalse(userEmail: &quot;userEmailc8162219-dee3-4bc0-b481-ff551f8e24fb&quot;)" computerName="DESKTOP-TJ9D65N" duration="00:00:00.5636217" startTime="2022-10-15T20:04:11.4285596+03:00" endTime="2022-10-15T20:04:11.4285598+03:00" testType="13cdc9d9-ddb5-4fa4-a97d-d965ccfc6d4b" outcome="Passed" testListId="8c84fa94-04c1-424b-9868-57a2d4851a1d" relativeResultsDirectory="e678bf98-244f-462c-8b53-25de19db76f3" />
    <UnitTestResult executionId="83838b9a-fd1d-4d33-9c07-a383a991bf7a" testId="5e936e94-f437-3ae4-7445-aff5a96d6164" testName="AccessToDB.Tests.LiftsRepositoryTests.TestGetLiftByNameAsyncFailsWhenNameNotExists(liftName: &quot;liftNameb21adb8f-fca5-4fcc-bbfd-3ea4ca55394c&quot;)" computerName="DESKTOP-TJ9D65N" duration="00:00:00.5618789" startTime="2022-10-15T20:04:16.2269725+03:00" endTime="2022-10-15T20:04:16.2269739+03:00" testType="13cdc9d9-ddb5-4fa4-a97d-d965ccfc6d4b" outcome="Passed" testListId="8c84fa94-04c1-424b-9868-57a2d4851a1d" relativeResultsDirectory="83838b9a-fd1d-4d33-9c07-a383a991bf7a" />
    <UnitTestResult executionId="e6e0939f-de7a-4a52-8905-ae7ef0051a55" testId="07da97b7-1052-da41-5b2c-8a8af3d1a2ce" testName="AccessToDB.Tests.TurnstilesRepositoryTests.TestUpdateTurnstileByIDAsyncOk(turnstile: Turnstile { TurnstileID = 43, LiftID = 171, IsOpen = True })" computerName="DESKTOP-TJ9D65N" duration="00:00:00.6591674" startTime="2022-10-15T20:03:58.6932234+03:00" endTime="2022-10-15T20:03:58.6932435+03:00" testType="13cdc9d9-ddb5-4fa4-a97d-d965ccfc6d4b" outcome="Passed" testListId="8c84fa94-04c1-424b-9868-57a2d4851a1d" relativeResultsDirectory="e6e0939f-de7a-4a52-8905-ae7ef0051a55" />
    <UnitTestResult executionId="5f39806f-ac8a-4ea1-9924-f2661f49ceed" testId="6e732e56-2480-be8c-515e-62df41e2661a" testName="AccessToDB.Tests.LiftsRepositoryTests.TestDeleteLiftByIDAsyncFailsWhenIDNotExists(liftID: 198)" computerName="DESKTOP-TJ9D65N" duration="00:00:00.5590861" startTime="2022-10-15T20:04:16.7916981+03:00" endTime="2022-10-15T20:04:16.7916982+03:00" testType="13cdc9d9-ddb5-4fa4-a97d-d965ccfc6d4b" outcome="Passed" testListId="8c84fa94-04c1-424b-9868-57a2d4851a1d" relativeResultsDirectory="5f39806f-ac8a-4ea1-9924-f2661f49ceed" />
    <UnitTestResult executionId="7760d26c-f1d3-455d-a3d8-32842ec1d24b" testId="7439a320-fc80-f694-a0c7-11607e9fd009" testName="AccessToDB.Tests.TurnstilesRepositoryTests.TestDeleteTurnstileByIDAsyncFailsWhenIDNotExists(turnstileID: 177)" computerName="DESKTOP-TJ9D65N" duration="00:00:00.5538290" startTime="2022-10-15T20:03:59.2707756+03:00" endTime="2022-10-15T20:03:59.2707761+03:00" testType="13cdc9d9-ddb5-4fa4-a97d-d965ccfc6d4b" outcome="Passed" testListId="8c84fa94-04c1-424b-9868-57a2d4851a1d" relativeResultsDirectory="7760d26c-f1d3-455d-a3d8-32842ec1d24b" />
    <UnitTestResult executionId="6e1d07c2-566d-4538-9dab-3a58e1022153" testId="41aee141-ed80-1769-6342-a8bdae90139f" testName="AccessToDB.Tests.SlopesRepositoryTests.TestGetSlopeByIdAsyncOk(slope: Slope { SlopeID = 56, SlopeName = slopeName4d449fb8-9f2d-4e55-9b26-c9801bac2ac0, IsOpen = True, DifficultyLevel = 53, ConnectedLifts =  })" computerName="DESKTOP-TJ9D65N" duration="00:00:00.5931423" startTime="2022-10-15T20:04:20.9446670+03:00" endTime="2022-10-15T20:04:20.9446672+03:00" testType="13cdc9d9-ddb5-4fa4-a97d-d965ccfc6d4b" outcome="Passed" testListId="8c84fa94-04c1-424b-9868-57a2d4851a1d" relativeResultsDirectory="6e1d07c2-566d-4538-9dab-3a58e1022153" />
    <UnitTestResult executionId="2b5c59c7-c1cb-4504-8c3d-5be1cb1ac688" testId="30f8e924-9784-0a43-e807-094f70e06567" testName="AccessToDB.Tests.LiftsSlopesRepositoryTests.TestAddLiftSlopeAutoIncrementAsyncOk" computerName="DESKTOP-TJ9D65N" duration="00:00:00.6005627" startTime="2022-10-15T20:04:04.9135752+03:00" endTime="2022-10-15T20:04:04.9135757+03:00" testType="13cdc9d9-ddb5-4fa4-a97d-d965ccfc6d4b" outcome="Passed" testListId="8c84fa94-04c1-424b-9868-57a2d4851a1d" relativeResultsDirectory="2b5c59c7-c1cb-4504-8c3d-5be1cb1ac688" />
    <UnitTestResult executionId="ae22cdbe-c03d-4f5a-889c-526b1c854c6f" testId="4145f44e-b4b1-a618-09e8-c631496e6f1a" testName="AccessToDB.Tests.LiftsSlopesRepositoryTests.TestGetLiftSlopesAsyncEmpty" computerName="DESKTOP-TJ9D65N" duration="00:00:00.5559698" startTime="2022-10-15T20:04:06.0880187+03:00" endTime="2022-10-15T20:04:06.0880189+03:00" testType="13cdc9d9-ddb5-4fa4-a97d-d965ccfc6d4b" outcome="Passed" testListId="8c84fa94-04c1-424b-9868-57a2d4851a1d" relativeResultsDirectory="ae22cdbe-c03d-4f5a-889c-526b1c854c6f" />
    <UnitTestResult executionId="88532dcd-a012-483a-9681-0747f93e4a06" testId="a528cd56-0ac7-8e05-cf2d-75b799804568" testName="AccessToDB.Tests.UsersRepositoryTests.TestAddUserAsyncFailsWhenUserIdRepeats(user: User { UserID = 146, CardID = 29, UserEmail = UserEmailcb4099ac-5a4f-4be5-8758-51030997f8d5, Password = passworde37010fd-7024-4b75-b355-ed905febb8ed, Permissions = UNAUTHORIZED })" computerName="DESKTOP-TJ9D65N" duration="00:00:00.6081272" startTime="2022-10-15T20:04:08.5358993+03:00" endTime="2022-10-15T20:04:08.5358996+03:00" testType="13cdc9d9-ddb5-4fa4-a97d-d965ccfc6d4b" outcome="Passed" testListId="8c84fa94-04c1-424b-9868-57a2d4851a1d" relativeResultsDirectory="88532dcd-a012-483a-9681-0747f93e4a06" />
    <UnitTestResult executionId="3a24ea7f-9d4d-4980-9130-2df3be71edbc" testId="583a1e88-0a5b-d693-4997-a4267a70e0d7" testName="AccessToDB.Tests.TurnstilesRepositoryTests.TestGetTurnstileByIdAsyncOk(turnstile: Turnstile { TurnstileID = 218, LiftID = 44, IsOpen = True })" computerName="DESKTOP-TJ9D65N" duration="00:00:00.6041065" startTime="2022-10-15T20:04:01.7094387+03:00" endTime="2022-10-15T20:04:01.7094388+03:00" testType="13cdc9d9-ddb5-4fa4-a97d-d965ccfc6d4b" outcome="Passed" testListId="8c84fa94-04c1-424b-9868-57a2d4851a1d" relativeResultsDirectory="3a24ea7f-9d4d-4980-9130-2df3be71edbc" />
    <UnitTestResult executionId="7d131244-7432-4406-9c15-868cb471b237" testId="60a1d030-bc38-c162-36d4-c2ba2e6c0ab5" testName="AccessToDB.Tests.LiftsRepositoryTests.TestUpdateLiftByIDAsyncOk(lift: Lift { LiftID = 238, LiftName = liftName013bf519-7cad-4cc7-9f46-4807bd199d91, IsOpen = True, SeatsAmount = 95, LiftingTime = 191, QueueTime = 239, ConnectedSlopes =  })" computerName="DESKTOP-TJ9D65N" duration="00:00:00.6050780" startTime="2022-10-15T20:04:13.8863052+03:00" endTime="2022-10-15T20:04:13.8863055+03:00" testType="13cdc9d9-ddb5-4fa4-a97d-d965ccfc6d4b" outcome="Passed" testListId="8c84fa94-04c1-424b-9868-57a2d4851a1d" relativeResultsDirectory="7d131244-7432-4406-9c15-868cb471b237" />
    <UnitTestResult executionId="a7757994-5286-43ad-a464-de56015f8028" testId="54997b25-0413-1388-c76a-4c79a57cb503" testName="AccessToDB.Tests.LiftsSlopesRepositoryTests.TestDeleteLiftSlopesByIDsAsyncOk(liftSlope: LiftSlope { RecordID = 242, LiftID = 103, SlopeID = 210 })" computerName="DESKTOP-TJ9D65N" duration="00:00:00.6016378" startTime="2022-10-15T20:04:04.2376581+03:00" endTime="2022-10-15T20:04:04.2376583+03:00" testType="13cdc9d9-ddb5-4fa4-a97d-d965ccfc6d4b" outcome="Passed" testListId="8c84fa94-04c1-424b-9868-57a2d4851a1d" relativeResultsDirectory="a7757994-5286-43ad-a464-de56015f8028" />
    <UnitTestResult executionId="76450bed-2f72-4b2b-93cc-b9729eca2757" testId="ec229f70-485a-f91b-53ed-bce655f6cd58" testName="AccessToDB.Tests.LiftsRepositoryTests.TestAddLiftAutoIncrementAsyncOk" computerName="DESKTOP-TJ9D65N" duration="00:00:00.6071528" startTime="2022-10-15T20:04:13.2776109+03:00" endTime="2022-10-15T20:04:13.2776112+03:00" testType="13cdc9d9-ddb5-4fa4-a97d-d965ccfc6d4b" outcome="Passed" testListId="8c84fa94-04c1-424b-9868-57a2d4851a1d" relativeResultsDirectory="76450bed-2f72-4b2b-93cc-b9729eca2757" />
    <UnitTestResult executionId="6b44244f-1e51-4817-a8a8-146648b617ae" testId="dfbd38dc-6c00-a88a-5e73-b7ecffd233ca" testName="AccessToDB.Tests.LiftsSlopesRepositoryTests.TestDeleteLiftSlopeByIDAsyncFailsWhenIDNotExists(liftSlopeID: 114)" computerName="DESKTOP-TJ9D65N" duration="00:00:00.5556920" startTime="2022-10-15T20:04:03.0284942+03:00" endTime="2022-10-15T20:04:03.0284944+03:00" testType="13cdc9d9-ddb5-4fa4-a97d-d965ccfc6d4b" outcome="Passed" testListId="8c84fa94-04c1-424b-9868-57a2d4851a1d" relativeResultsDirectory="6b44244f-1e51-4817-a8a8-146648b617ae" />
    <UnitTestResult executionId="09b6c9c1-9c76-4600-b699-364ea963685d" testId="eb1f8b75-7caf-8433-c921-0d30bd82c15c" testName="AccessToDB.Tests.LiftsSlopesRepositoryTests.TestAddLiftSlopeAsyncFailsWhenLiftSlopeIdRepeats(liftSlope: LiftSlope { RecordID = 28, LiftID = 137, SlopeID = 212 })" computerName="DESKTOP-TJ9D65N" duration="00:00:00.6072488" startTime="2022-10-15T20:04:06.6993751+03:00" endTime="2022-10-15T20:04:06.6993753+03:00" testType="13cdc9d9-ddb5-4fa4-a97d-d965ccfc6d4b" outcome="Passed" testListId="8c84fa94-04c1-424b-9868-57a2d4851a1d" relativeResultsDirectory="09b6c9c1-9c76-4600-b699-364ea963685d" />
    <UnitTestResult executionId="99c65a9e-e26c-42f1-a2c6-132e15aea5b1" testId="31682b0e-3d35-a19b-d497-730d17185466" testName="AccessToDB.Tests.LiftsSlopesRepositoryTests.TestUpdateLiftSlopeByIDAsyncOk(liftSlope: LiftSlope { RecordID = 205, LiftID = 106, SlopeID = 238 })" computerName="DESKTOP-TJ9D65N" duration="00:00:00.6082748" startTime="2022-10-15T20:04:05.5274262+03:00" endTime="2022-10-15T20:04:05.5274264+03:00" testType="13cdc9d9-ddb5-4fa4-a97d-d965ccfc6d4b" outcome="Passed" testListId="8c84fa94-04c1-424b-9868-57a2d4851a1d" relativeResultsDirectory="99c65a9e-e26c-42f1-a2c6-132e15aea5b1" />
    <UnitTestResult executionId="4c2e86be-5dac-4cb7-abab-513357f6e91e" testId="607e8298-f113-be33-300e-15a343893443" testName="AccessToDB.Tests.LiftsRepositoryTests.TestGetLiftsAsyncEmpty" computerName="DESKTOP-TJ9D65N" duration="00:00:00.5601269" startTime="2022-10-15T20:04:15.6610586+03:00" endTime="2022-10-15T20:04:15.6610588+03:00" testType="13cdc9d9-ddb5-4fa4-a97d-d965ccfc6d4b" outcome="Passed" testListId="8c84fa94-04c1-424b-9868-57a2d4851a1d" relativeResultsDirectory="4c2e86be-5dac-4cb7-abab-513357f6e91e" />
    <UnitTestResult executionId="ffcd0e94-4055-47f2-87ba-adb48e33c511" testId="97a5fa72-6f35-b6d9-da90-4d296001e52e" testName="AccessToDB.Tests.UsersRepositoryTests.TestCheckUserIdExistsAsyncTrue(user: User { UserID = 73, CardID = 255, UserEmail = UserEmail34fdb636-7fd3-401f-9150-5a603504e7c7, Password = password2b16127d-88a2-49b3-8392-7b046ce5ed8f, Permissions = UNAUTHORIZED })" computerName="DESKTOP-TJ9D65N" duration="00:00:00.5966555" startTime="2022-10-15T20:04:09.7370806+03:00" endTime="2022-10-15T20:04:09.7370807+03:00" testType="13cdc9d9-ddb5-4fa4-a97d-d965ccfc6d4b" outcome="Passed" testListId="8c84fa94-04c1-424b-9868-57a2d4851a1d" relativeResultsDirectory="ffcd0e94-4055-47f2-87ba-adb48e33c511" />
    <UnitTestResult executionId="38d9944e-006c-416c-b192-89b1242213a7" testId="890915b6-9eda-04ac-bc1d-67e8fe4f9723" testName="AccessToDB.Tests.SlopesRepositoryTests.TestGetSlopeByNameAsyncFailsWhenNameNotExists(slopeName: &quot;slopeNamecf89a87a-0863-4cc5-9113-d797a4fd767d&quot;)" computerName="DESKTOP-TJ9D65N" duration="00:00:00.5784979" startTime="2022-10-15T20:04:17.3751098+03:00" endTime="2022-10-15T20:04:17.3751101+03:00" testType="13cdc9d9-ddb5-4fa4-a97d-d965ccfc6d4b" outcome="Passed" testListId="8c84fa94-04c1-424b-9868-57a2d4851a1d" relativeResultsDirectory="38d9944e-006c-416c-b192-89b1242213a7" />
    <UnitTestResult executionId="a4518011-06bc-4809-902f-0677359a1940" testId="433683ab-632e-ce44-4934-12694b5061dc" testName="AccessToDB.Tests.SlopesRepositoryTests.TestAddSlopeAsyncFailsWhenSlopeIdRepeats(slope: Slope { SlopeID = 89, SlopeName = slopeNamee44f3314-bd6e-4b9e-82f6-8bca673c34d5, IsOpen = True, DifficultyLevel = 31, ConnectedLifts =  })" computerName="DESKTOP-TJ9D65N" duration="00:00:00.6077608" startTime="2022-10-15T20:04:18.5552147+03:00" endTime="2022-10-15T20:04:18.5552150+03:00" testType="13cdc9d9-ddb5-4fa4-a97d-d965ccfc6d4b" outcome="Passed" testListId="8c84fa94-04c1-424b-9868-57a2d4851a1d" relativeResultsDirectory="a4518011-06bc-4809-902f-0677359a1940" />
    <UnitTestResult executionId="d211f3c8-85ba-4074-9956-c3f96c1d1910" testId="f8192b47-7ed5-05dd-f330-18c9b73ca779" testName="AccessToDB.Tests.LiftsSlopesRepositoryTests.TestGetLiftsBySlopeIdAsyncOk(slope1: Slope { SlopeID = 16, SlopeName = slopeName676225c4-3e69-4e13-a51c-843e71fa1ba2, IsOpen = True, DifficultyLevel = 63, ConnectedLifts =  }, slope2: Slope { SlopeID = 206, SlopeName = slopeNameadd69fc7-0eff-4f9d-8744-4bdc029afaae, IsOpen = False, DifficultyLevel = 234, ConnectedLifts =  }, lift1: Lift { LiftID = 71, LiftName = liftNameb5b90626-d586-4e58-871a-5abe81520c32, IsOpen = True, SeatsAmount = 169, LiftingTime = 194, QueueTime = 209, ConnectedSlopes =  }, lift2: Lift { LiftID = 138, LiftName = liftNamecfb29c7e-0eea-4120-9e8a-1cdfad185636, IsOpen = False, SeatsAmount = 40, LiftingTime = 117, QueueTime = 141, ConnectedSlopes =  })" computerName="DESKTOP-TJ9D65N" duration="00:00:00.6555755" startTime="2022-10-15T20:04:07.3585002+03:00" endTime="2022-10-15T20:04:07.3585005+03:00" testType="13cdc9d9-ddb5-4fa4-a97d-d965ccfc6d4b" outcome="Passed" testListId="8c84fa94-04c1-424b-9868-57a2d4851a1d" relativeResultsDirectory="d211f3c8-85ba-4074-9956-c3f96c1d1910" />
    <UnitTestResult executionId="83cab83d-eed7-4ef8-a307-269bf29fb456" testId="e75bb6e2-88d9-af2a-a444-c4a9d67f0f0e" testName="AccessToDB.Tests.UsersRepositoryTests.TestAddUserAutoIncrementAsyncOk" computerName="DESKTOP-TJ9D65N" duration="00:00:00.6194868" startTime="2022-10-15T20:04:12.6659150+03:00" endTime="2022-10-15T20:04:12.6659153+03:00" testType="13cdc9d9-ddb5-4fa4-a97d-d965ccfc6d4b" outcome="Passed" testListId="8c84fa94-04c1-424b-9868-57a2d4851a1d" relativeResultsDirectory="83cab83d-eed7-4ef8-a307-269bf29fb456" />
    <UnitTestResult executionId="b1796d58-0771-4955-9012-37044ff3a464" testId="58007a52-54bb-f694-e701-2b47e3de4cf8" testName="AccessToDB.Tests.TurnstilesRepositoryTests.TestGetTurnstilesByLiftIdAsyncOk(liftID: 43)" computerName="DESKTOP-TJ9D65N" duration="00:00:00.7476838" startTime="2022-10-15T20:04:02.4614954+03:00" endTime="2022-10-15T20:04:02.4614955+03:00" testType="13cdc9d9-ddb5-4fa4-a97d-d965ccfc6d4b" outcome="Passed" testListId="8c84fa94-04c1-424b-9868-57a2d4851a1d" relativeResultsDirectory="b1796d58-0771-4955-9012-37044ff3a464" />
    <UnitTestResult executionId="99f0bce7-e1e4-497a-bea9-ee80f87b0bb7" testId="c196c096-1f98-67b4-f253-55ee9e07111a" testName="AccessToDB.Tests.UsersRepositoryTests.TestGetUserByEmailAsyncFailsWhenEmailNotExists(email: &quot;email7c6dd246-331e-44d0-95d9-0de4a5be38ce&quot;)" computerName="DESKTOP-TJ9D65N" duration="00:00:00.5588176" startTime="2022-10-15T20:04:10.2992183+03:00" endTime="2022-10-15T20:04:10.2992185+03:00" testType="13cdc9d9-ddb5-4fa4-a97d-d965ccfc6d4b" outcome="Passed" testListId="8c84fa94-04c1-424b-9868-57a2d4851a1d" relativeResultsDirectory="99f0bce7-e1e4-497a-bea9-ee80f87b0bb7" />
    <UnitTestResult executionId="36dda265-1414-4b40-869c-ad017bcde646" testId="74d535a3-9d4f-5fa5-dda5-213cb2cd86d5" testName="AccessToDB.Tests.UsersRepositoryTests.TestUpdateUserByIDAsyncOk(user: User { UserID = 122, CardID = 190, UserEmail = UserEmail38877e0f-bcd3-4c06-b4aa-526a7ac9030c, Password = passwordc2c8a45c-d055-4311-96d7-69715842175e, Permissions = UNAUTHORIZED })" computerName="DESKTOP-TJ9D65N" duration="00:00:00.6094159" startTime="2022-10-15T20:04:12.0422859+03:00" endTime="2022-10-15T20:04:12.0422862+03:00" testType="13cdc9d9-ddb5-4fa4-a97d-d965ccfc6d4b" outcome="Passed" testListId="8c84fa94-04c1-424b-9868-57a2d4851a1d" relativeResultsDirectory="36dda265-1414-4b40-869c-ad017bcde646" />
    <UnitTestResult executionId="959db5f2-ad4e-4330-8fa0-82d40dcd4f68" testId="eaa39b5e-5891-d2ea-bac7-6729f579629a" testName="AccessToDB.Tests.LiftsSlopesRepositoryTests.TestGetSlopesByLiftIdAsyncFailsWhenSlopeNotExists(liftSlope: LiftSlope { RecordID = 176, LiftID = 81, SlopeID = 164 })" computerName="DESKTOP-TJ9D65N" duration="00:00:00.5959503" startTime="2022-10-15T20:04:03.6290926+03:00" endTime="2022-10-15T20:04:03.6290930+03:00" testType="13cdc9d9-ddb5-4fa4-a97d-d965ccfc6d4b" outcome="Passed" testListId="8c84fa94-04c1-424b-9868-57a2d4851a1d" relativeResultsDirectory="959db5f2-ad4e-4330-8fa0-82d40dcd4f68" />
    <UnitTestResult executionId="247a9e75-3436-4e80-8232-e02fe9ff2a2f" testId="a2c964a4-b760-4d08-04de-67b6b1fa67f8" testName="AccessToDB.Tests.SlopesRepositoryTests.TestDeleteSlopeByIDAsyncFailsWhenIDNotExists(slopeID: 46)" computerName="DESKTOP-TJ9D65N" duration="00:00:00.5615416" startTime="2022-10-15T20:04:17.9422601+03:00" endTime="2022-10-15T20:04:17.9422602+03:00" testType="13cdc9d9-ddb5-4fa4-a97d-d965ccfc6d4b" outcome="Passed" testListId="8c84fa94-04c1-424b-9868-57a2d4851a1d" relativeResultsDirectory="247a9e75-3436-4e80-8232-e02fe9ff2a2f" />
  </Results>
  <TestDefinitions>
    <UnitTest name="AccessToDB.Tests.UsersRepositoryTests.TestCheckUserIdExistsAsyncTrue(user: User { UserID = 73, CardID = 255, UserEmail = UserEmail34fdb636-7fd3-401f-9150-5a603504e7c7, Password = password2b16127d-88a2-49b3-8392-7b046ce5ed8f, Permissions = UNAUTHORIZED })" storage="c:\users\alena\desktop\7_sem\testing_and_debugging\skiresort\accesstodb.tests\bin\debug\net6.0\accesstodb.tests.dll" id="97a5fa72-6f35-b6d9-da90-4d296001e52e">
      <Execution id="ffcd0e94-4055-47f2-87ba-adb48e33c511" />
      <TestMethod codeBase="C:\Users\alena\Desktop\7_sem\testing_and_debugging\SkiResort\AccessToDB.Tests\bin\Debug\net6.0\AccessToDB.Tests.dll" adapterTypeName="executor://xunit/VsTestRunner2/netcoreapp" className="AccessToDB.Tests.UsersRepositoryTests" name="TestCheckUserIdExistsAsyncTrue" />
    </UnitTest>
    <UnitTest name="AccessToDB.Tests.UsersRepositoryTests.TestGetUsersAsyncEmpty" storage="c:\users\alena\desktop\7_sem\testing_and_debugging\skiresort\accesstodb.tests\bin\debug\net6.0\accesstodb.tests.dll" id="3741b26d-6ee0-6246-29e4-92009bff37b0">
      <Execution id="31e046c4-313f-4250-b904-c16e2f536573" />
      <TestMethod codeBase="C:\Users\alena\Desktop\7_sem\testing_and_debugging\SkiResort\AccessToDB.Tests\bin\Debug\net6.0\AccessToDB.Tests.dll" adapterTypeName="executor://xunit/VsTestRunner2/netcoreapp" className="AccessToDB.Tests.UsersRepositoryTests" name="TestGetUsersAsyncEmpty" />
    </UnitTest>
    <UnitTest name="AccessToDB.Tests.TurnstilesRepositoryTests.TestGetTurnstilesByLiftIdAsyncOk(liftID: 43)" storage="c:\users\alena\desktop\7_sem\testing_and_debugging\skiresort\accesstodb.tests\bin\debug\net6.0\accesstodb.tests.dll" id="58007a52-54bb-f694-e701-2b47e3de4cf8">
      <Execution id="b1796d58-0771-4955-9012-37044ff3a464" />
      <TestMethod codeBase="C:\Users\alena\Desktop\7_sem\testing_and_debugging\SkiResort\AccessToDB.Tests\bin\Debug\net6.0\AccessToDB.Tests.dll" adapterTypeName="executor://xunit/VsTestRunner2/netcoreapp" className="AccessToDB.Tests.TurnstilesRepositoryTests" name="TestGetTurnstilesByLiftIdAsyncOk" />
    </UnitTest>
    <UnitTest name="AccessToDB.Tests.LiftsSlopesRepositoryTests.TestGetSlopesByLiftIdAsyncFailsWhenSlopeNotExists(liftSlope: LiftSlope { RecordID = 176, LiftID = 81, SlopeID = 164 })" storage="c:\users\alena\desktop\7_sem\testing_and_debugging\skiresort\accesstodb.tests\bin\debug\net6.0\accesstodb.tests.dll" id="eaa39b5e-5891-d2ea-bac7-6729f579629a">
      <Execution id="959db5f2-ad4e-4330-8fa0-82d40dcd4f68" />
      <TestMethod codeBase="C:\Users\alena\Desktop\7_sem\testing_and_debugging\SkiResort\AccessToDB.Tests\bin\Debug\net6.0\AccessToDB.Tests.dll" adapterTypeName="executor://xunit/VsTestRunner2/netcoreapp" className="AccessToDB.Tests.LiftsSlopesRepositoryTests" name="TestGetSlopesByLiftIdAsyncFailsWhenSlopeNotExists" />
    </UnitTest>
    <UnitTest name="AccessToDB.Tests.SlopesRepositoryTests.TestAddSlopeAsyncFailsWhenSlopeIdRepeats(slope: Slope { SlopeID = 89, SlopeName = slopeNamee44f3314-bd6e-4b9e-82f6-8bca673c34d5, IsOpen = True, DifficultyLevel = 31, ConnectedLifts =  })" storage="c:\users\alena\desktop\7_sem\testing_and_debugging\skiresort\accesstodb.tests\bin\debug\net6.0\accesstodb.tests.dll" id="433683ab-632e-ce44-4934-12694b5061dc">
      <Execution id="a4518011-06bc-4809-902f-0677359a1940" />
      <TestMethod codeBase="C:\Users\alena\Desktop\7_sem\testing_and_debugging\SkiResort\AccessToDB.Tests\bin\Debug\net6.0\AccessToDB.Tests.dll" adapterTypeName="executor://xunit/VsTestRunner2/netcoreapp" className="AccessToDB.Tests.SlopesRepositoryTests" name="TestAddSlopeAsyncFailsWhenSlopeIdRepeats" />
    </UnitTest>
    <UnitTest name="AccessToDB.Tests.SlopesRepositoryTests.TestGetSlopeByIdAsyncOk(slope: Slope { SlopeID = 56, SlopeName = slopeName4d449fb8-9f2d-4e55-9b26-c9801bac2ac0, IsOpen = True, DifficultyLevel = 53, ConnectedLifts =  })" storage="c:\users\alena\desktop\7_sem\testing_and_debugging\skiresort\accesstodb.tests\bin\debug\net6.0\accesstodb.tests.dll" id="41aee141-ed80-1769-6342-a8bdae90139f">
      <Execution id="6e1d07c2-566d-4538-9dab-3a58e1022153" />
      <TestMethod codeBase="C:\Users\alena\Desktop\7_sem\testing_and_debugging\SkiResort\AccessToDB.Tests\bin\Debug\net6.0\AccessToDB.Tests.dll" adapterTypeName="executor://xunit/VsTestRunner2/netcoreapp" className="AccessToDB.Tests.SlopesRepositoryTests" name="TestGetSlopeByIdAsyncOk" />
    </UnitTest>
    <UnitTest name="AccessToDB.Tests.SlopesRepositoryTests.TestDeleteSlopeByIDAsyncFailsWhenIDNotExists(slopeID: 46)" storage="c:\users\alena\desktop\7_sem\testing_and_debugging\skiresort\accesstodb.tests\bin\debug\net6.0\accesstodb.tests.dll" id="a2c964a4-b760-4d08-04de-67b6b1fa67f8">
      <Execution id="247a9e75-3436-4e80-8232-e02fe9ff2a2f" />
      <TestMethod codeBase="C:\Users\alena\Desktop\7_sem\testing_and_debugging\SkiResort\AccessToDB.Tests\bin\Debug\net6.0\AccessToDB.Tests.dll" adapterTypeName="executor://xunit/VsTestRunner2/netcoreapp" className="AccessToDB.Tests.SlopesRepositoryTests" name="TestDeleteSlopeByIDAsyncFailsWhenIDNotExists" />
    </UnitTest>
    <UnitTest name="AccessToDB.Tests.TurnstilesRepositoryTests.TestAddTurnstileAutoIncrementAsyncOk" storage="c:\users\alena\desktop\7_sem\testing_and_debugging\skiresort\accesstodb.tests\bin\debug\net6.0\accesstodb.tests.dll" id="f9435956-2e34-e52b-c34e-dce53665cf8e">
      <Execution id="3f092aef-bc4e-47d7-a2f3-ec36031ba5f7" />
      <TestMethod codeBase="C:\Users\alena\Desktop\7_sem\testing_and_debugging\SkiResort\AccessToDB.Tests\bin\Debug\net6.0\AccessToDB.Tests.dll" adapterTypeName="executor://xunit/VsTestRunner2/netcoreapp" className="AccessToDB.Tests.TurnstilesRepositoryTests" name="TestAddTurnstileAutoIncrementAsyncOk" />
    </UnitTest>
    <UnitTest name="AccessToDB.Tests.LiftsSlopesRepositoryTests.TestUpdateLiftSlopeByIDAsyncOk(liftSlope: LiftSlope { RecordID = 205, LiftID = 106, SlopeID = 238 })" storage="c:\users\alena\desktop\7_sem\testing_and_debugging\skiresort\accesstodb.tests\bin\debug\net6.0\accesstodb.tests.dll" id="31682b0e-3d35-a19b-d497-730d17185466">
      <Execution id="99c65a9e-e26c-42f1-a2c6-132e15aea5b1" />
      <TestMethod codeBase="C:\Users\alena\Desktop\7_sem\testing_and_debugging\SkiResort\AccessToDB.Tests\bin\Debug\net6.0\AccessToDB.Tests.dll" adapterTypeName="executor://xunit/VsTestRunner2/netcoreapp" className="AccessToDB.Tests.LiftsSlopesRepositoryTests" name="TestUpdateLiftSlopeByIDAsyncOk" />
    </UnitTest>
    <UnitTest name="AccessToDB.Tests.LiftsRepositoryTests.TestDeleteLiftByIDAsyncFailsWhenIDNotExists(liftID: 198)" storage="c:\users\alena\desktop\7_sem\testing_and_debugging\skiresort\accesstodb.tests\bin\debug\net6.0\accesstodb.tests.dll" id="6e732e56-2480-be8c-515e-62df41e2661a">
      <Execution id="5f39806f-ac8a-4ea1-9924-f2661f49ceed" />
      <TestMethod codeBase="C:\Users\alena\Desktop\7_sem\testing_and_debugging\SkiResort\AccessToDB.Tests\bin\Debug\net6.0\AccessToDB.Tests.dll" adapterTypeName="executor://xunit/VsTestRunner2/netcoreapp" className="AccessToDB.Tests.LiftsRepositoryTests" name="TestDeleteLiftByIDAsyncFailsWhenIDNotExists" />
    </UnitTest>
    <UnitTest name="AccessToDB.Tests.UsersRepositoryTests.TestAddUserAsyncFailsWhenUserIdRepeats(user: User { UserID = 146, CardID = 29, UserEmail = UserEmailcb4099ac-5a4f-4be5-8758-51030997f8d5, Password = passworde37010fd-7024-4b75-b355-ed905febb8ed, Permissions = UNAUTHORIZED })" storage="c:\users\alena\desktop\7_sem\testing_and_debugging\skiresort\accesstodb.tests\bin\debug\net6.0\accesstodb.tests.dll" id="a528cd56-0ac7-8e05-cf2d-75b799804568">
      <Execution id="88532dcd-a012-483a-9681-0747f93e4a06" />
      <TestMethod codeBase="C:\Users\alena\Desktop\7_sem\testing_and_debugging\SkiResort\AccessToDB.Tests\bin\Debug\net6.0\AccessToDB.Tests.dll" adapterTypeName="executor://xunit/VsTestRunner2/netcoreapp" className="AccessToDB.Tests.UsersRepositoryTests" name="TestAddUserAsyncFailsWhenUserIdRepeats" />
    </UnitTest>
    <UnitTest name="AccessToDB.Tests.LiftsRepositoryTests.TestUpdateLiftByIDAsyncOk(lift: Lift { LiftID = 238, LiftName = liftName013bf519-7cad-4cc7-9f46-4807bd199d91, IsOpen = True, SeatsAmount = 95, LiftingTime = 191, QueueTime = 239, ConnectedSlopes =  })" storage="c:\users\alena\desktop\7_sem\testing_and_debugging\skiresort\accesstodb.tests\bin\debug\net6.0\accesstodb.tests.dll" id="60a1d030-bc38-c162-36d4-c2ba2e6c0ab5">
      <Execution id="7d131244-7432-4406-9c15-868cb471b237" />
      <TestMethod codeBase="C:\Users\alena\Desktop\7_sem\testing_and_debugging\SkiResort\AccessToDB.Tests\bin\Debug\net6.0\AccessToDB.Tests.dll" adapterTypeName="executor://xunit/VsTestRunner2/netcoreapp" className="AccessToDB.Tests.LiftsRepositoryTests" name="TestUpdateLiftByIDAsyncOk" />
    </UnitTest>
    <UnitTest name="AccessToDB.Tests.UsersRepositoryTests.TestGetUserByIdAsyncOk(user: User { UserID = 99, CardID = 175, UserEmail = UserEmail508ac177-e39a-4aea-a857-dc36e75eb64d, Password = password9fd1646c-1429-485a-aa9b-186283dc7de4, Permissions = UNAUTHORIZED })" storage="c:\users\alena\desktop\7_sem\testing_and_debugging\skiresort\accesstodb.tests\bin\debug\net6.0\accesstodb.tests.dll" id="7331d2e5-a281-720d-9885-345989bd1d4b">
      <Execution id="f811d5cb-7cbe-4513-85f7-5d594fd59cbc" />
      <TestMethod codeBase="C:\Users\alena\Desktop\7_sem\testing_and_debugging\SkiResort\AccessToDB.Tests\bin\Debug\net6.0\AccessToDB.Tests.dll" adapterTypeName="executor://xunit/VsTestRunner2/netcoreapp" className="AccessToDB.Tests.UsersRepositoryTests" name="TestGetUserByIdAsyncOk" />
    </UnitTest>
    <UnitTest name="AccessToDB.Tests.LiftsSlopesRepositoryTests.TestAddLiftSlopeAsyncFailsWhenLiftSlopeIdRepeats(liftSlope: LiftSlope { RecordID = 28, LiftID = 137, SlopeID = 212 })" storage="c:\users\alena\desktop\7_sem\testing_and_debugging\skiresort\accesstodb.tests\bin\debug\net6.0\accesstodb.tests.dll" id="eb1f8b75-7caf-8433-c921-0d30bd82c15c">
      <Execution id="09b6c9c1-9c76-4600-b699-364ea963685d" />
      <TestMethod codeBase="C:\Users\alena\Desktop\7_sem\testing_and_debugging\SkiResort\AccessToDB.Tests\bin\Debug\net6.0\AccessToDB.Tests.dll" adapterTypeName="executor://xunit/VsTestRunner2/netcoreapp" className="AccessToDB.Tests.LiftsSlopesRepositoryTests" name="TestAddLiftSlopeAsyncFailsWhenLiftSlopeIdRepeats" />
    </UnitTest>
    <UnitTest name="AccessToDB.Tests.LiftsSlopesRepositoryTests.TestGetLiftSlopesAsyncEmpty" storage="c:\users\alena\desktop\7_sem\testing_and_debugging\skiresort\accesstodb.tests\bin\debug\net6.0\accesstodb.tests.dll" id="4145f44e-b4b1-a618-09e8-c631496e6f1a">
      <Execution id="ae22cdbe-c03d-4f5a-889c-526b1c854c6f" />
      <TestMethod codeBase="C:\Users\alena\Desktop\7_sem\testing_and_debugging\SkiResort\AccessToDB.Tests\bin\Debug\net6.0\AccessToDB.Tests.dll" adapterTypeName="executor://xunit/VsTestRunner2/netcoreapp" className="AccessToDB.Tests.LiftsSlopesRepositoryTests" name="TestGetLiftSlopesAsyncEmpty" />
    </UnitTest>
    <UnitTest name="AccessToDB.Tests.UsersRepositoryTests.TestDeleteUserByIDAsyncFailsWhenIDNotExists(userID: 240)" storage="c:\users\alena\desktop\7_sem\testing_and_debugging\skiresort\accesstodb.tests\bin\debug\net6.0\accesstodb.tests.dll" id="67d91903-891a-9572-eabf-6406e68a434a">
      <Execution id="d52c0af4-2747-482b-a370-0d4af003780a" />
      <TestMethod codeBase="C:\Users\alena\Desktop\7_sem\testing_and_debugging\SkiResort\AccessToDB.Tests\bin\Debug\net6.0\AccessToDB.Tests.dll" adapterTypeName="executor://xunit/VsTestRunner2/netcoreapp" className="AccessToDB.Tests.UsersRepositoryTests" name="TestDeleteUserByIDAsyncFailsWhenIDNotExists" />
    </UnitTest>
    <UnitTest name="AccessToDB.Tests.SlopesRepositoryTests.TestGetSlopesAsyncEmpty" storage="c:\users\alena\desktop\7_sem\testing_and_debugging\skiresort\accesstodb.tests\bin\debug\net6.0\accesstodb.tests.dll" id="9bbefb83-8311-6e03-307f-415e3495e223">
      <Execution id="322075ca-1c0f-49c7-ba36-af580c3b013d" />
      <TestMethod codeBase="C:\Users\alena\Desktop\7_sem\testing_and_debugging\SkiResort\AccessToDB.Tests\bin\Debug\net6.0\AccessToDB.Tests.dll" adapterTypeName="executor://xunit/VsTestRunner2/netcoreapp" className="AccessToDB.Tests.SlopesRepositoryTests" name="TestGetSlopesAsyncEmpty" />
    </UnitTest>
    <UnitTest name="AccessToDB.Tests.LiftsRepositoryTests.TestAddLiftAutoIncrementAsyncOk" storage="c:\users\alena\desktop\7_sem\testing_and_debugging\skiresort\accesstodb.tests\bin\debug\net6.0\accesstodb.tests.dll" id="ec229f70-485a-f91b-53ed-bce655f6cd58">
      <Execution id="76450bed-2f72-4b2b-93cc-b9729eca2757" />
      <TestMethod codeBase="C:\Users\alena\Desktop\7_sem\testing_and_debugging\SkiResort\AccessToDB.Tests\bin\Debug\net6.0\AccessToDB.Tests.dll" adapterTypeName="executor://xunit/VsTestRunner2/netcoreapp" className="AccessToDB.Tests.LiftsRepositoryTests" name="TestAddLiftAutoIncrementAsyncOk" />
    </UnitTest>
    <UnitTest name="AccessToDB.Tests.LiftsRepositoryTests.TestAddLiftAsyncFailsWhenLiftIdRepeats(lift: Lift { LiftID = 157, LiftName = liftName4605585d-775c-4138-bcbd-e87a6b37042e, IsOpen = True, SeatsAmount = 125, LiftingTime = 90, QueueTime = 57, ConnectedSlopes =  })" storage="c:\users\alena\desktop\7_sem\testing_and_debugging\skiresort\accesstodb.tests\bin\debug\net6.0\accesstodb.tests.dll" id="311229bf-7737-da06-d964-00242e727e9d">
      <Execution id="944021e6-5f6b-49ef-a1b4-94a9cbeeb4ae" />
      <TestMethod codeBase="C:\Users\alena\Desktop\7_sem\testing_and_debugging\SkiResort\AccessToDB.Tests\bin\Debug\net6.0\AccessToDB.Tests.dll" adapterTypeName="executor://xunit/VsTestRunner2/netcoreapp" className="AccessToDB.Tests.LiftsRepositoryTests" name="TestAddLiftAsyncFailsWhenLiftIdRepeats" />
    </UnitTest>
    <UnitTest name="AccessToDB.Tests.TurnstilesRepositoryTests.TestGetTurnstilesAsyncEmpty" storage="c:\users\alena\desktop\7_sem\testing_and_debugging\skiresort\accesstodb.tests\bin\debug\net6.0\accesstodb.tests.dll" id="3c521313-4ed6-6bce-b4f9-c359411028e7">
      <Execution id="41efaee6-9ac1-4557-bdac-3abe792fa9ce" />
      <TestMethod codeBase="C:\Users\alena\Desktop\7_sem\testing_and_debugging\SkiResort\AccessToDB.Tests\bin\Debug\net6.0\AccessToDB.Tests.dll" adapterTypeName="executor://xunit/VsTestRunner2/netcoreapp" className="AccessToDB.Tests.TurnstilesRepositoryTests" name="TestGetTurnstilesAsyncEmpty" />
    </UnitTest>
    <UnitTest name="AccessToDB.Tests.LiftsSlopesRepositoryTests.TestGetLiftSlopeByIdAsyncOk(liftSlope: LiftSlope { RecordID = 152, LiftID = 250, SlopeID = 59 })" storage="c:\users\alena\desktop\7_sem\testing_and_debugging\skiresort\accesstodb.tests\bin\debug\net6.0\accesstodb.tests.dll" id="8bc758c2-0cf2-12bc-4340-706bce8c209c">
      <Execution id="b88ecc57-04e8-4764-a77b-405315cc4247" />
      <TestMethod codeBase="C:\Users\alena\Desktop\7_sem\testing_and_debugging\SkiResort\AccessToDB.Tests\bin\Debug\net6.0\AccessToDB.Tests.dll" adapterTypeName="executor://xunit/VsTestRunner2/netcoreapp" className="AccessToDB.Tests.LiftsSlopesRepositoryTests" name="TestGetLiftSlopeByIdAsyncOk" />
    </UnitTest>
    <UnitTest name="AccessToDB.Tests.LiftsSlopesRepositoryTests.TestAddLiftSlopeAutoIncrementAsyncOk" storage="c:\users\alena\desktop\7_sem\testing_and_debugging\skiresort\accesstodb.tests\bin\debug\net6.0\accesstodb.tests.dll" id="30f8e924-9784-0a43-e807-094f70e06567">
      <Execution id="2b5c59c7-c1cb-4504-8c3d-5be1cb1ac688" />
      <TestMethod codeBase="C:\Users\alena\Desktop\7_sem\testing_and_debugging\SkiResort\AccessToDB.Tests\bin\Debug\net6.0\AccessToDB.Tests.dll" adapterTypeName="executor://xunit/VsTestRunner2/netcoreapp" className="AccessToDB.Tests.LiftsSlopesRepositoryTests" name="TestAddLiftSlopeAutoIncrementAsyncOk" />
    </UnitTest>
    <UnitTest name="AccessToDB.Tests.LiftsRepositoryTests.TestGetLiftByNameAsyncFailsWhenNameNotExists(liftName: &quot;liftNameb21adb8f-fca5-4fcc-bbfd-3ea4ca55394c&quot;)" storage="c:\users\alena\desktop\7_sem\testing_and_debugging\skiresort\accesstodb.tests\bin\debug\net6.0\accesstodb.tests.dll" id="5e936e94-f437-3ae4-7445-aff5a96d6164">
      <Execution id="83838b9a-fd1d-4d33-9c07-a383a991bf7a" />
      <TestMethod codeBase="C:\Users\alena\Desktop\7_sem\testing_and_debugging\SkiResort\AccessToDB.Tests\bin\Debug\net6.0\AccessToDB.Tests.dll" adapterTypeName="executor://xunit/VsTestRunner2/netcoreapp" className="AccessToDB.Tests.LiftsRepositoryTests" name="TestGetLiftByNameAsyncFailsWhenNameNotExists" />
    </UnitTest>
    <UnitTest name="AccessToDB.Tests.TurnstilesRepositoryTests.TestDeleteTurnstileByIDAsyncFailsWhenIDNotExists(turnstileID: 177)" storage="c:\users\alena\desktop\7_sem\testing_and_debugging\skiresort\accesstodb.tests\bin\debug\net6.0\accesstodb.tests.dll" id="7439a320-fc80-f694-a0c7-11607e9fd009">
      <Execution id="7760d26c-f1d3-455d-a3d8-32842ec1d24b" />
      <TestMethod codeBase="C:\Users\alena\Desktop\7_sem\testing_and_debugging\SkiResort\AccessToDB.Tests\bin\Debug\net6.0\AccessToDB.Tests.dll" adapterTypeName="executor://xunit/VsTestRunner2/netcoreapp" className="AccessToDB.Tests.TurnstilesRepositoryTests" name="TestDeleteTurnstileByIDAsyncFailsWhenIDNotExists" />
    </UnitTest>
    <UnitTest name="AccessToDB.Tests.LiftsRepositoryTests.TestGetLiftByIdAsyncOk(lift: Lift { LiftID = 173, LiftName = liftNameca3ac624-8b72-4897-90e4-f6ccd294dba3, IsOpen = True, SeatsAmount = 191, LiftingTime = 188, QueueTime = 147, ConnectedSlopes =  })" storage="c:\users\alena\desktop\7_sem\testing_and_debugging\skiresort\accesstodb.tests\bin\debug\net6.0\accesstodb.tests.dll" id="1e4f25ba-8795-b661-4dfd-160bd752a228">
      <Execution id="87bd1814-d99f-443d-beac-ddae65454d00" />
      <TestMethod codeBase="C:\Users\alena\Desktop\7_sem\testing_and_debugging\SkiResort\AccessToDB.Tests\bin\Debug\net6.0\AccessToDB.Tests.dll" adapterTypeName="executor://xunit/VsTestRunner2/netcoreapp" className="AccessToDB.Tests.LiftsRepositoryTests" name="TestGetLiftByIdAsyncOk" />
    </UnitTest>
    <UnitTest name="AccessToDB.Tests.SlopesRepositoryTests.TestUpdateSlopeByIDAsyncOk(slope: Slope { SlopeID = 116, SlopeName = slopeNamee43b90c5-7f02-4d20-88b2-a25f88234fdc, IsOpen = True, DifficultyLevel = 10, ConnectedLifts =  })" storage="c:\users\alena\desktop\7_sem\testing_and_debugging\skiresort\accesstodb.tests\bin\debug\net6.0\accesstodb.tests.dll" id="f532a0f5-8f97-7c0d-ca3a-aa1b5247ba75">
      <Execution id="f5f8b4e3-5f20-4995-9cf9-4efbd6230c58" />
      <TestMethod codeBase="C:\Users\alena\Desktop\7_sem\testing_and_debugging\SkiResort\AccessToDB.Tests\bin\Debug\net6.0\AccessToDB.Tests.dll" adapterTypeName="executor://xunit/VsTestRunner2/netcoreapp" className="AccessToDB.Tests.SlopesRepositoryTests" name="TestUpdateSlopeByIDAsyncOk" />
    </UnitTest>
    <UnitTest name="AccessToDB.Tests.UsersRepositoryTests.TestAddUserAutoIncrementAsyncOk" storage="c:\users\alena\desktop\7_sem\testing_and_debugging\skiresort\accesstodb.tests\bin\debug\net6.0\accesstodb.tests.dll" id="e75bb6e2-88d9-af2a-a444-c4a9d67f0f0e">
      <Execution id="83cab83d-eed7-4ef8-a307-269bf29fb456" />
      <TestMethod codeBase="C:\Users\alena\Desktop\7_sem\testing_and_debugging\SkiResort\AccessToDB.Tests\bin\Debug\net6.0\AccessToDB.Tests.dll" adapterTypeName="executor://xunit/VsTestRunner2/netcoreapp" className="AccessToDB.Tests.UsersRepositoryTests" name="TestAddUserAutoIncrementAsyncOk" />
    </UnitTest>
    <UnitTest name="AccessToDB.Tests.SlopesRepositoryTests.TestAddSlopeAutoIncrementAsyncOk" storage="c:\users\alena\desktop\7_sem\testing_and_debugging\skiresort\accesstodb.tests\bin\debug\net6.0\accesstodb.tests.dll" id="8f7ba917-f771-0dc5-f9b9-465c34344b12">
      <Execution id="5f9bb73e-33d3-46cc-a29e-c5d6d1ad3307" />
      <TestMethod codeBase="C:\Users\alena\Desktop\7_sem\testing_and_debugging\SkiResort\AccessToDB.Tests\bin\Debug\net6.0\AccessToDB.Tests.dll" adapterTypeName="executor://xunit/VsTestRunner2/netcoreapp" className="AccessToDB.Tests.SlopesRepositoryTests" name="TestAddSlopeAutoIncrementAsyncOk" />
    </UnitTest>
    <UnitTest name="AccessToDB.Tests.UsersRepositoryTests.TestUpdateUserByIDAsyncOk(user: User { UserID = 122, CardID = 190, UserEmail = UserEmail38877e0f-bcd3-4c06-b4aa-526a7ac9030c, Password = passwordc2c8a45c-d055-4311-96d7-69715842175e, Permissions = UNAUTHORIZED })" storage="c:\users\alena\desktop\7_sem\testing_and_debugging\skiresort\accesstodb.tests\bin\debug\net6.0\accesstodb.tests.dll" id="74d535a3-9d4f-5fa5-dda5-213cb2cd86d5">
      <Execution id="36dda265-1414-4b40-869c-ad017bcde646" />
      <TestMethod codeBase="C:\Users\alena\Desktop\7_sem\testing_and_debugging\SkiResort\AccessToDB.Tests\bin\Debug\net6.0\AccessToDB.Tests.dll" adapterTypeName="executor://xunit/VsTestRunner2/netcoreapp" className="AccessToDB.Tests.UsersRepositoryTests" name="TestUpdateUserByIDAsyncOk" />
    </UnitTest>
    <UnitTest name="AccessToDB.Tests.TurnstilesRepositoryTests.TestUpdateTurnstileByIDAsyncOk(turnstile: Turnstile { TurnstileID = 43, LiftID = 171, IsOpen = True })" storage="c:\users\alena\desktop\7_sem\testing_and_debugging\skiresort\accesstodb.tests\bin\debug\net6.0\accesstodb.tests.dll" id="07da97b7-1052-da41-5b2c-8a8af3d1a2ce">
      <Execution id="e6e0939f-de7a-4a52-8905-ae7ef0051a55" />
      <TestMethod codeBase="C:\Users\alena\Desktop\7_sem\testing_and_debugging\SkiResort\AccessToDB.Tests\bin\Debug\net6.0\AccessToDB.Tests.dll" adapterTypeName="executor://xunit/VsTestRunner2/netcoreapp" className="AccessToDB.Tests.TurnstilesRepositoryTests" name="TestUpdateTurnstileByIDAsyncOk" />
    </UnitTest>
    <UnitTest name="AccessToDB.Tests.LiftsSlopesRepositoryTests.TestDeleteLiftSlopesByIDsAsyncOk(liftSlope: LiftSlope { RecordID = 242, LiftID = 103, SlopeID = 210 })" storage="c:\users\alena\desktop\7_sem\testing_and_debugging\skiresort\accesstodb.tests\bin\debug\net6.0\accesstodb.tests.dll" id="54997b25-0413-1388-c76a-4c79a57cb503">
      <Execution id="a7757994-5286-43ad-a464-de56015f8028" />
      <TestMethod codeBase="C:\Users\alena\Desktop\7_sem\testing_and_debugging\SkiResort\AccessToDB.Tests\bin\Debug\net6.0\AccessToDB.Tests.dll" adapterTypeName="executor://xunit/VsTestRunner2/netcoreapp" className="AccessToDB.Tests.LiftsSlopesRepositoryTests" name="TestDeleteLiftSlopesByIDsAsyncOk" />
    </UnitTest>
    <UnitTest name="AccessToDB.Tests.UsersRepositoryTests.TestCheckUserEmailExistsAsyncFalse(userEmail: &quot;userEmailc8162219-dee3-4bc0-b481-ff551f8e24fb&quot;)" storage="c:\users\alena\desktop\7_sem\testing_and_debugging\skiresort\accesstodb.tests\bin\debug\net6.0\accesstodb.tests.dll" id="2bc8062b-d7ab-9276-e8dd-b84cc4fc0808">
      <Execution id="e678bf98-244f-462c-8b53-25de19db76f3" />
      <TestMethod codeBase="C:\Users\alena\Desktop\7_sem\testing_and_debugging\SkiResort\AccessToDB.Tests\bin\Debug\net6.0\AccessToDB.Tests.dll" adapterTypeName="executor://xunit/VsTestRunner2/netcoreapp" className="AccessToDB.Tests.UsersRepositoryTests" name="TestCheckUserEmailExistsAsyncFalse" />
    </UnitTest>
    <UnitTest name="AccessToDB.Tests.LiftsRepositoryTests.TestGetLiftsAsyncEmpty" storage="c:\users\alena\desktop\7_sem\testing_and_debugging\skiresort\accesstodb.tests\bin\debug\net6.0\accesstodb.tests.dll" id="607e8298-f113-be33-300e-15a343893443">
      <Execution id="4c2e86be-5dac-4cb7-abab-513357f6e91e" />
      <TestMethod codeBase="C:\Users\alena\Desktop\7_sem\testing_and_debugging\SkiResort\AccessToDB.Tests\bin\Debug\net6.0\AccessToDB.Tests.dll" adapterTypeName="executor://xunit/VsTestRunner2/netcoreapp" className="AccessToDB.Tests.LiftsRepositoryTests" name="TestGetLiftsAsyncEmpty" />
    </UnitTest>
    <UnitTest name="AccessToDB.Tests.TurnstilesRepositoryTests.TestGetTurnstileByIdAsyncOk(turnstile: Turnstile { TurnstileID = 218, LiftID = 44, IsOpen = True })" storage="c:\users\alena\desktop\7_sem\testing_and_debugging\skiresort\accesstodb.tests\bin\debug\net6.0\accesstodb.tests.dll" id="583a1e88-0a5b-d693-4997-a4267a70e0d7">
      <Execution id="3a24ea7f-9d4d-4980-9130-2df3be71edbc" />
      <TestMethod codeBase="C:\Users\alena\Desktop\7_sem\testing_and_debugging\SkiResort\AccessToDB.Tests\bin\Debug\net6.0\AccessToDB.Tests.dll" adapterTypeName="executor://xunit/VsTestRunner2/netcoreapp" className="AccessToDB.Tests.TurnstilesRepositoryTests" name="TestGetTurnstileByIdAsyncOk" />
    </UnitTest>
    <UnitTest name="AccessToDB.Tests.LiftsSlopesRepositoryTests.TestGetLiftsBySlopeIdAsyncOk(slope1: Slope { SlopeID = 16, SlopeName = slopeName676225c4-3e69-4e13-a51c-843e71fa1ba2, IsOpen = True, DifficultyLevel = 63, ConnectedLifts =  }, slope2: Slope { SlopeID = 206, SlopeName = slopeNameadd69fc7-0eff-4f9d-8744-4bdc029afaae, IsOpen = False, DifficultyLevel = 234, ConnectedLifts =  }, lift1: Lift { LiftID = 71, LiftName = liftNameb5b90626-d586-4e58-871a-5abe..." storage="c:\users\alena\desktop\7_sem\testing_and_debugging\skiresort\accesstodb.tests\bin\debug\net6.0\accesstodb.tests.dll" id="f8192b47-7ed5-05dd-f330-18c9b73ca779">
      <Execution id="d211f3c8-85ba-4074-9956-c3f96c1d1910" />
      <TestMethod codeBase="C:\Users\alena\Desktop\7_sem\testing_and_debugging\SkiResort\AccessToDB.Tests\bin\Debug\net6.0\AccessToDB.Tests.dll" adapterTypeName="executor://xunit/VsTestRunner2/netcoreapp" className="AccessToDB.Tests.LiftsSlopesRepositoryTests" name="TestGetLiftsBySlopeIdAsyncOk" />
    </UnitTest>
    <UnitTest name="AccessToDB.Tests.LiftsSlopesRepositoryTests.TestDeleteLiftSlopeByIDAsyncFailsWhenIDNotExists(liftSlopeID: 114)" storage="c:\users\alena\desktop\7_sem\testing_and_debugging\skiresort\accesstodb.tests\bin\debug\net6.0\accesstodb.tests.dll" id="dfbd38dc-6c00-a88a-5e73-b7ecffd233ca">
      <Execution id="6b44244f-1e51-4817-a8a8-146648b617ae" />
      <TestMethod codeBase="C:\Users\alena\Desktop\7_sem\testing_and_debugging\SkiResort\AccessToDB.Tests\bin\Debug\net6.0\AccessToDB.Tests.dll" adapterTypeName="executor://xunit/VsTestRunner2/netcoreapp" className="AccessToDB.Tests.LiftsSlopesRepositoryTests" name="TestDeleteLiftSlopeByIDAsyncFailsWhenIDNotExists" />
    </UnitTest>
    <UnitTest name="AccessToDB.Tests.TurnstilesRepositoryTests.TestAddTurnstileAsyncFailsWhenTurnstileIdRepeats(turnstile: Turnstile { TurnstileID = 152, LiftID = 245, IsOpen = True })" storage="c:\users\alena\desktop\7_sem\testing_and_debugging\skiresort\accesstodb.tests\bin\debug\net6.0\accesstodb.tests.dll" id="c2639d12-e003-e089-18de-8a59da709859">
      <Execution id="27b75346-ac6b-411c-a17c-174c7ce63b6e" />
      <TestMethod codeBase="C:\Users\alena\Desktop\7_sem\testing_and_debugging\SkiResort\AccessToDB.Tests\bin\Debug\net6.0\AccessToDB.Tests.dll" adapterTypeName="executor://xunit/VsTestRunner2/netcoreapp" className="AccessToDB.Tests.TurnstilesRepositoryTests" name="TestAddTurnstileAsyncFailsWhenTurnstileIdRepeats" />
    </UnitTest>
    <UnitTest name="AccessToDB.Tests.SlopesRepositoryTests.TestGetSlopeByNameAsyncFailsWhenNameNotExists(slopeName: &quot;slopeNamecf89a87a-0863-4cc5-9113-d797a4fd767d&quot;)" storage="c:\users\alena\desktop\7_sem\testing_and_debugging\skiresort\accesstodb.tests\bin\debug\net6.0\accesstodb.tests.dll" id="890915b6-9eda-04ac-bc1d-67e8fe4f9723">
      <Execution id="38d9944e-006c-416c-b192-89b1242213a7" />
      <TestMethod codeBase="C:\Users\alena\Desktop\7_sem\testing_and_debugging\SkiResort\AccessToDB.Tests\bin\Debug\net6.0\AccessToDB.Tests.dll" adapterTypeName="executor://xunit/VsTestRunner2/netcoreapp" className="AccessToDB.Tests.SlopesRepositoryTests" name="TestGetSlopeByNameAsyncFailsWhenNameNotExists" />
    </UnitTest>
    <UnitTest name="AccessToDB.Tests.UsersRepositoryTests.TestGetUserByEmailAsyncFailsWhenEmailNotExists(email: &quot;email7c6dd246-331e-44d0-95d9-0de4a5be38ce&quot;)" storage="c:\users\alena\desktop\7_sem\testing_and_debugging\skiresort\accesstodb.tests\bin\debug\net6.0\accesstodb.tests.dll" id="c196c096-1f98-67b4-f253-55ee9e07111a">
      <Execution id="99f0bce7-e1e4-497a-bea9-ee80f87b0bb7" />
      <TestMethod codeBase="C:\Users\alena\Desktop\7_sem\testing_and_debugging\SkiResort\AccessToDB.Tests\bin\Debug\net6.0\AccessToDB.Tests.dll" adapterTypeName="executor://xunit/VsTestRunner2/netcoreapp" className="AccessToDB.Tests.UsersRepositoryTests" name="TestGetUserByEmailAsyncFailsWhenEmailNotExists" />
    </UnitTest>
  </TestDefinitions>
  <TestEntries>
    <TestEntry testId="8f7ba917-f771-0dc5-f9b9-465c34344b12" executionId="5f9bb73e-33d3-46cc-a29e-c5d6d1ad3307" testListId="8c84fa94-04c1-424b-9868-57a2d4851a1d" />
    <TestEntry testId="311229bf-7737-da06-d964-00242e727e9d" executionId="944021e6-5f6b-49ef-a1b4-94a9cbeeb4ae" testListId="8c84fa94-04c1-424b-9868-57a2d4851a1d" />
    <TestEntry testId="c2639d12-e003-e089-18de-8a59da709859" executionId="27b75346-ac6b-411c-a17c-174c7ce63b6e" testListId="8c84fa94-04c1-424b-9868-57a2d4851a1d" />
    <TestEntry testId="f532a0f5-8f97-7c0d-ca3a-aa1b5247ba75" executionId="f5f8b4e3-5f20-4995-9cf9-4efbd6230c58" testListId="8c84fa94-04c1-424b-9868-57a2d4851a1d" />
    <TestEntry testId="67d91903-891a-9572-eabf-6406e68a434a" executionId="d52c0af4-2747-482b-a370-0d4af003780a" testListId="8c84fa94-04c1-424b-9868-57a2d4851a1d" />
    <TestEntry testId="1e4f25ba-8795-b661-4dfd-160bd752a228" executionId="87bd1814-d99f-443d-beac-ddae65454d00" testListId="8c84fa94-04c1-424b-9868-57a2d4851a1d" />
    <TestEntry testId="7331d2e5-a281-720d-9885-345989bd1d4b" executionId="f811d5cb-7cbe-4513-85f7-5d594fd59cbc" testListId="8c84fa94-04c1-424b-9868-57a2d4851a1d" />
    <TestEntry testId="f9435956-2e34-e52b-c34e-dce53665cf8e" executionId="3f092aef-bc4e-47d7-a2f3-ec36031ba5f7" testListId="8c84fa94-04c1-424b-9868-57a2d4851a1d" />
    <TestEntry testId="9bbefb83-8311-6e03-307f-415e3495e223" executionId="322075ca-1c0f-49c7-ba36-af580c3b013d" testListId="8c84fa94-04c1-424b-9868-57a2d4851a1d" />
    <TestEntry testId="3741b26d-6ee0-6246-29e4-92009bff37b0" executionId="31e046c4-313f-4250-b904-c16e2f536573" testListId="8c84fa94-04c1-424b-9868-57a2d4851a1d" />
    <TestEntry testId="3c521313-4ed6-6bce-b4f9-c359411028e7" executionId="41efaee6-9ac1-4557-bdac-3abe792fa9ce" testListId="8c84fa94-04c1-424b-9868-57a2d4851a1d" />
    <TestEntry testId="8bc758c2-0cf2-12bc-4340-706bce8c209c" executionId="b88ecc57-04e8-4764-a77b-405315cc4247" testListId="8c84fa94-04c1-424b-9868-57a2d4851a1d" />
    <TestEntry testId="2bc8062b-d7ab-9276-e8dd-b84cc4fc0808" executionId="e678bf98-244f-462c-8b53-25de19db76f3" testListId="8c84fa94-04c1-424b-9868-57a2d4851a1d" />
    <TestEntry testId="5e936e94-f437-3ae4-7445-aff5a96d6164" executionId="83838b9a-fd1d-4d33-9c07-a383a991bf7a" testListId="8c84fa94-04c1-424b-9868-57a2d4851a1d" />
    <TestEntry testId="07da97b7-1052-da41-5b2c-8a8af3d1a2ce" executionId="e6e0939f-de7a-4a52-8905-ae7ef0051a55" testListId="8c84fa94-04c1-424b-9868-57a2d4851a1d" />
    <TestEntry testId="6e732e56-2480-be8c-515e-62df41e2661a" executionId="5f39806f-ac8a-4ea1-9924-f2661f49ceed" testListId="8c84fa94-04c1-424b-9868-57a2d4851a1d" />
    <TestEntry testId="7439a320-fc80-f694-a0c7-11607e9fd009" executionId="7760d26c-f1d3-455d-a3d8-32842ec1d24b" testListId="8c84fa94-04c1-424b-9868-57a2d4851a1d" />
    <TestEntry testId="41aee141-ed80-1769-6342-a8bdae90139f" executionId="6e1d07c2-566d-4538-9dab-3a58e1022153" testListId="8c84fa94-04c1-424b-9868-57a2d4851a1d" />
    <TestEntry testId="30f8e924-9784-0a43-e807-094f70e06567" executionId="2b5c59c7-c1cb-4504-8c3d-5be1cb1ac688" testListId="8c84fa94-04c1-424b-9868-57a2d4851a1d" />
    <TestEntry testId="4145f44e-b4b1-a618-09e8-c631496e6f1a" executionId="ae22cdbe-c03d-4f5a-889c-526b1c854c6f" testListId="8c84fa94-04c1-424b-9868-57a2d4851a1d" />
    <TestEntry testId="a528cd56-0ac7-8e05-cf2d-75b799804568" executionId="88532dcd-a012-483a-9681-0747f93e4a06" testListId="8c84fa94-04c1-424b-9868-57a2d4851a1d" />
    <TestEntry testId="583a1e88-0a5b-d693-4997-a4267a70e0d7" executionId="3a24ea7f-9d4d-4980-9130-2df3be71edbc" testListId="8c84fa94-04c1-424b-9868-57a2d4851a1d" />
    <TestEntry testId="60a1d030-bc38-c162-36d4-c2ba2e6c0ab5" executionId="7d131244-7432-4406-9c15-868cb471b237" testListId="8c84fa94-04c1-424b-9868-57a2d4851a1d" />
    <TestEntry testId="54997b25-0413-1388-c76a-4c79a57cb503" executionId="a7757994-5286-43ad-a464-de56015f8028" testListId="8c84fa94-04c1-424b-9868-57a2d4851a1d" />
    <TestEntry testId="ec229f70-485a-f91b-53ed-bce655f6cd58" executionId="76450bed-2f72-4b2b-93cc-b9729eca2757" testListId="8c84fa94-04c1-424b-9868-57a2d4851a1d" />
    <TestEntry testId="dfbd38dc-6c00-a88a-5e73-b7ecffd233ca" executionId="6b44244f-1e51-4817-a8a8-146648b617ae" testListId="8c84fa94-04c1-424b-9868-57a2d4851a1d" />
    <TestEntry testId="eb1f8b75-7caf-8433-c921-0d30bd82c15c" executionId="09b6c9c1-9c76-4600-b699-364ea963685d" testListId="8c84fa94-04c1-424b-9868-57a2d4851a1d" />
    <TestEntry testId="31682b0e-3d35-a19b-d497-730d17185466" executionId="99c65a9e-e26c-42f1-a2c6-132e15aea5b1" testListId="8c84fa94-04c1-424b-9868-57a2d4851a1d" />
    <TestEntry testId="607e8298-f113-be33-300e-15a343893443" executionId="4c2e86be-5dac-4cb7-abab-513357f6e91e" testListId="8c84fa94-04c1-424b-9868-57a2d4851a1d" />
    <TestEntry testId="97a5fa72-6f35-b6d9-da90-4d296001e52e" executionId="ffcd0e94-4055-47f2-87ba-adb48e33c511" testListId="8c84fa94-04c1-424b-9868-57a2d4851a1d" />
    <TestEntry testId="890915b6-9eda-04ac-bc1d-67e8fe4f9723" executionId="38d9944e-006c-416c-b192-89b1242213a7" testListId="8c84fa94-04c1-424b-9868-57a2d4851a1d" />
    <TestEntry testId="433683ab-632e-ce44-4934-12694b5061dc" executionId="a4518011-06bc-4809-902f-0677359a1940" testListId="8c84fa94-04c1-424b-9868-57a2d4851a1d" />
    <TestEntry testId="f8192b47-7ed5-05dd-f330-18c9b73ca779" executionId="d211f3c8-85ba-4074-9956-c3f96c1d1910" testListId="8c84fa94-04c1-424b-9868-57a2d4851a1d" />
    <TestEntry testId="e75bb6e2-88d9-af2a-a444-c4a9d67f0f0e" executionId="83cab83d-eed7-4ef8-a307-269bf29fb456" testListId="8c84fa94-04c1-424b-9868-57a2d4851a1d" />
    <TestEntry testId="58007a52-54bb-f694-e701-2b47e3de4cf8" executionId="b1796d58-0771-4955-9012-37044ff3a464" testListId="8c84fa94-04c1-424b-9868-57a2d4851a1d" />
    <TestEntry testId="c196c096-1f98-67b4-f253-55ee9e07111a" executionId="99f0bce7-e1e4-497a-bea9-ee80f87b0bb7" testListId="8c84fa94-04c1-424b-9868-57a2d4851a1d" />
    <TestEntry testId="74d535a3-9d4f-5fa5-dda5-213cb2cd86d5" executionId="36dda265-1414-4b40-869c-ad017bcde646" testListId="8c84fa94-04c1-424b-9868-57a2d4851a1d" />
    <TestEntry testId="eaa39b5e-5891-d2ea-bac7-6729f579629a" executionId="959db5f2-ad4e-4330-8fa0-82d40dcd4f68" testListId="8c84fa94-04c1-424b-9868-57a2d4851a1d" />
    <TestEntry testId="a2c964a4-b760-4d08-04de-67b6b1fa67f8" executionId="247a9e75-3436-4e80-8232-e02fe9ff2a2f" testListId="8c84fa94-04c1-424b-9868-57a2d4851a1d" />
  </TestEntries>
  <TestLists>
    <TestList name="Список результатов" id="8c84fa94-04c1-424b-9868-57a2d4851a1d" />
    <TestList name="Все загруженные результаты" id="19431567-8539-422a-85d7-44ee4e166bda" />
  </TestLists>
  <ResultSummary outcome="Failed">
    <Counters total="39" executed="39" passed="38" failed="1" error="0" timeout="0" aborted="0" inconclusive="0" passedButRunAborted="0" notRunnable="0" notExecuted="0" disconnected="0" warning="0" completed="0" inProgress="0" pending="0" />
    <Output>
      <StdOut>[xUnit.net 00:00:00.00] xUnit.net VSTest Adapter v2.4.5+1caef2f33e (64-bit .NET 6.0.3)&#xD;
[xUnit.net 00:00:00.51]   Discovering: AccessToDB.Tests&#xD;
[xUnit.net 00:00:00.64]   Discovered:  AccessToDB.Tests&#xD;
[xUnit.net 00:00:00.64]   Starting:    AccessToDB.Tests&#xD;
[xUnit.net 00:00:07.00]       System.InvalidOperationException : Operations that change non-concurrent collections must have exclusive access. A concurrent update was performed on this collection and corrupted its state. The collection's state is no longer correct.&#xD;
[xUnit.net 00:00:07.00]       Stack Trace:&#xD;
[xUnit.net 00:00:07.00]            at System.Collections.Generic.Dictionary`2.FindValue(TKey key)&#xD;
[xUnit.net 00:00:07.00]            at System.Collections.Generic.Dictionary`2.TryGetValue(TKey key, TValue&amp; value)&#xD;
[xUnit.net 00:00:07.00]            at ProGaudi.MsgPack.Light.MsgPackContext.GetObjectActivator(Type type)&#xD;
[xUnit.net 00:00:07.00]            at ProGaudi.MsgPack.Light.MsgPackContext.&lt;&gt;c__DisplayClass24_0.&lt;TryGenerateConverterFromGenericConverter&gt;b__0(Type x)&#xD;
[xUnit.net 00:00:07.00]            at ProGaudi.MsgPack.Light.MsgPackContext.TryGenerateConverterFromGenericConverter(Type type)&#xD;
[xUnit.net 00:00:07.00]            at ProGaudi.MsgPack.Light.MsgPackContext.GetConverter[T]()&#xD;
[xUnit.net 00:00:07.00]            at ProGaudi.MsgPack.Light.MsgPackSerializer.GetConverter[T](MsgPackContext context)&#xD;
[xUnit.net 00:00:07.00]            at ProGaudi.MsgPack.Light.MsgPackSerializer.Deserialize[T](MemoryStream stream, MsgPackContext context)&#xD;
[xUnit.net 00:00:07.00]            at ProGaudi.Tarantool.Client.LogicalConnection.SendRequest[TRequest,TResponse](TRequest request, Nullable`1 timeout)&#xD;
[xUnit.net 00:00:07.00]            at ProGaudi.Tarantool.Client.LogicalConnectionManager.SendRequest[TRequest,TResponse](TRequest request, Nullable`1 timeout)&#xD;
[xUnit.net 00:00:07.00]            at ProGaudi.Tarantool.Client.Schema.Select[T](UInt32 spaceId, Iterator iterator, UInt32 id)&#xD;
[xUnit.net 00:00:07.00]            at ProGaudi.Tarantool.Client.Schema.Reload()&#xD;
[xUnit.net 00:00:07.00]            at ProGaudi.Tarantool.Client.Box.Connect()&#xD;
[xUnit.net 00:00:07.00]            at ProGaudi.Tarantool.Client.Box.Connect(String replicationSource)&#xD;
[xUnit.net 00:00:07.00]         C:\Users\alena\Desktop\7_sem\testing_and_debugging\SkiResort\AccessToDB\TarantoolContext.cs(52,0): at AccessToDB.TarantoolContext.Initialize(String connection_string)&#xD;
[xUnit.net 00:00:07.00]         C:\Users\alena\Desktop\7_sem\testing_and_debugging\SkiResort\AccessToDB\TarantoolContext.cs(32,0): at AccessToDB.TarantoolContext..ctor(String connection_string)&#xD;
[xUnit.net 00:00:07.00]         C:\Users\alena\Desktop\7_sem\testing_and_debugging\SkiResort\AccessToDB.Tests\LiftsSlopesRepositoryTests.cs(34,0): at AccessToDB.Tests.LiftsSlopesRepositoryTests..ctor()&#xD;
[xUnit.net 00:00:07.00]            at System.RuntimeType.CreateInstanceDefaultCtor(Boolean publicOnly, Boolean wrapExceptions)&#xD;
[xUnit.net 00:00:23.63]   Finished:    AccessToDB.Tests&#xD;
</StdOut>
    </Output>
    <RunInfos>
      <RunInfo computerName="DESKTOP-TJ9D65N" outcome="Error" timestamp="2022-10-15T20:04:04.3155359+03:00">
        <Text>[xUnit.net 00:00:07.00]     AccessToDB.Tests.LiftsSlopesRepositoryTests.TestGetLiftSlopeByIdAsyncOk(liftSlope: LiftSlope { RecordID = 152, LiftID = 250, SlopeID = 59 }) [FAIL]</Text>
      </RunInfo>
    </RunInfos>
  </ResultSummary>
</TestRun>