<?xml version="1.0" encoding="utf-8"?>
<TestRun id="f574544d-dc95-4a62-b4fb-7e6aea9b3d1a" name="alena@DESKTOP-TJ9D65N 2022-10-15 20:19:55" runUser="DESKTOP-TJ9D65N\alena" xmlns="http://microsoft.com/schemas/VisualStudio/TeamTest/2010">
  <Times creation="2022-10-15T20:19:55.6151205+03:00" queuing="2022-10-15T20:19:55.6151209+03:00" start="2022-10-15T20:19:53.5135331+03:00" finish="2022-10-15T20:20:17.8783859+03:00" />
  <TestSettings name="default" id="5c1d79f9-9086-41cd-be5d-fdff7f160ec5">
    <Deployment runDeploymentRoot="alena_DESKTOP-TJ9D65N_2022-10-15_20_19_55" />
  </TestSettings>
  <Results>
    <UnitTestResult executionId="3670aed9-e32c-4acd-8635-95e4615d4540" testId="e138333c-b388-6402-3f33-aeb8c2dae971" testName="AccessToDB.Tests.TurnstilesRepositoryTests.TestUpdateTurnstileByIDAsyncOk(turnstile: Turnstile { TurnstileID = 146, LiftID = 166, IsOpen = True })" computerName="DESKTOP-TJ9D65N" duration="00:00:00.6132502" startTime="2022-10-15T20:20:04.9982087+03:00" endTime="2022-10-15T20:20:04.9982090+03:00" testType="13cdc9d9-ddb5-4fa4-a97d-d965ccfc6d4b" outcome="Passed" testListId="8c84fa94-04c1-424b-9868-57a2d4851a1d" relativeResultsDirectory="3670aed9-e32c-4acd-8635-95e4615d4540" />
    <UnitTestResult executionId="3ee5f5e0-64a8-4954-a8af-76dba7ceceb7" testId="2be51729-c7f3-5253-2cc4-614cdb4e1c79" testName="AccessToDB.Tests.SlopesRepositoryTests.TestGetSlopeByNameAsyncFailsWhenNameNotExists(slopeName: &quot;slopeName710d4c99-88fa-4810-bc38-15ad66012460&quot;)" computerName="DESKTOP-TJ9D65N" duration="00:00:00.5555672" startTime="2022-10-15T20:20:09.2813241+03:00" endTime="2022-10-15T20:20:09.2813243+03:00" testType="13cdc9d9-ddb5-4fa4-a97d-d965ccfc6d4b" outcome="Passed" testListId="8c84fa94-04c1-424b-9868-57a2d4851a1d" relativeResultsDirectory="3ee5f5e0-64a8-4954-a8af-76dba7ceceb7" />
    <UnitTestResult executionId="ba775d2d-b6bb-42c1-b365-377dfa2af454" testId="9bbefb83-8311-6e03-307f-415e3495e223" testName="AccessToDB.Tests.SlopesRepositoryTests.TestGetSlopesAsyncEmpty" computerName="DESKTOP-TJ9D65N" duration="00:00:00.5645700" startTime="2022-10-15T20:20:11.6702240+03:00" endTime="2022-10-15T20:20:11.6702242+03:00" testType="13cdc9d9-ddb5-4fa4-a97d-d965ccfc6d4b" outcome="Passed" testListId="8c84fa94-04c1-424b-9868-57a2d4851a1d" relativeResultsDirectory="ba775d2d-b6bb-42c1-b365-377dfa2af454" />
    <UnitTestResult executionId="6b3aa51f-3feb-4c5c-ba18-360a3f00d3af" testId="170f234f-959b-903d-9ef1-51ab87f87b35" testName="AccessToDB.Tests.LiftsSlopesRepositoryTests.TestGetSlopesByLiftIdAsyncFailsWhenSlopeNotExists(liftSlope: LiftSlope { RecordID = 218, LiftID = 21, SlopeID = 80 })" computerName="DESKTOP-TJ9D65N" duration="00:00:00.5958030" startTime="2022-10-15T20:20:13.4550335+03:00" endTime="2022-10-15T20:20:13.4550342+03:00" testType="13cdc9d9-ddb5-4fa4-a97d-d965ccfc6d4b" outcome="Passed" testListId="8c84fa94-04c1-424b-9868-57a2d4851a1d" relativeResultsDirectory="6b3aa51f-3feb-4c5c-ba18-360a3f00d3af" />
    <UnitTestResult executionId="d5f9c1a6-8ed8-415f-9f86-afd55a9e5a65" testId="3741b26d-6ee0-6246-29e4-92009bff37b0" testName="AccessToDB.Tests.UsersRepositoryTests.TestGetUsersAsyncEmpty" computerName="DESKTOP-TJ9D65N" duration="00:00:00.5610955" startTime="2022-10-15T20:19:56.6255687+03:00" endTime="2022-10-15T20:19:56.6255691+03:00" testType="13cdc9d9-ddb5-4fa4-a97d-d965ccfc6d4b" outcome="Passed" testListId="8c84fa94-04c1-424b-9868-57a2d4851a1d" relativeResultsDirectory="d5f9c1a6-8ed8-415f-9f86-afd55a9e5a65" />
    <UnitTestResult executionId="33c87d3c-a44d-4f83-a55d-b2219bdc7ff6" testId="2b6bbc6b-d1b1-d9ce-26f5-6ed24a929ce1" testName="AccessToDB.Tests.LiftsRepositoryTests.TestAddLiftAsyncFailsWhenLiftIdRepeats(lift: Lift { LiftID = 41, LiftName = liftNamebc94acc1-fc90-4543-a88d-f7715803a7ab, IsOpen = True, SeatsAmount = 174, LiftingTime = 103, QueueTime = 40, ConnectedSlopes =  })" computerName="DESKTOP-TJ9D65N" duration="00:00:00.6039744" startTime="2022-10-15T20:20:01.4595278+03:00" endTime="2022-10-15T20:20:01.4595284+03:00" testType="13cdc9d9-ddb5-4fa4-a97d-d965ccfc6d4b" outcome="Passed" testListId="8c84fa94-04c1-424b-9868-57a2d4851a1d" relativeResultsDirectory="33c87d3c-a44d-4f83-a55d-b2219bdc7ff6" />
    <UnitTestResult executionId="a19177e7-e0f2-4b9d-85d7-14b934972dfd" testId="a0c2f99e-e786-0d1b-496e-6aa16f71d9cf" testName="AccessToDB.Tests.LiftsSlopesRepositoryTests.TestUpdateLiftSlopeByIDAsyncOk(liftSlope: LiftSlope { RecordID = 251, LiftID = 3, SlopeID = 36 })" computerName="DESKTOP-TJ9D65N" duration="00:00:00.6053417" startTime="2022-10-15T20:20:17.7770309+03:00" endTime="2022-10-15T20:20:17.7770317+03:00" testType="13cdc9d9-ddb5-4fa4-a97d-d965ccfc6d4b" outcome="Passed" testListId="8c84fa94-04c1-424b-9868-57a2d4851a1d" relativeResultsDirectory="a19177e7-e0f2-4b9d-85d7-14b934972dfd" />
    <UnitTestResult executionId="ff29445a-e7f9-45c2-af09-2af7b180e0ac" testId="5037e27a-7a14-1150-4413-9859d8a57322" testName="AccessToDB.Tests.LiftsSlopesRepositoryTests.TestGetLiftsBySlopeIdAsyncOk(slope1: Slope { SlopeID = 197, SlopeName = slopeName4229bad0-4209-448c-8225-fc2f77078159, IsOpen = True, DifficultyLevel = 238, ConnectedLifts =  }, slope2: Slope { SlopeID = 175, SlopeName = slopeNamee9aaed30-e6da-4e2f-8f8a-0b20628984d0, IsOpen = False, DifficultyLevel = 85, ConnectedLifts =  }, lift1: Lift { LiftID = 3, LiftName = liftName5af087bb-2a76-4f57-8dd3-a7e29fff6c2e, IsOpen = True, SeatsAmount = 22, LiftingTime = 188, QueueTime = 146, ConnectedSlopes =  }, lift2: Lift { LiftID = 180, LiftName = liftNameaa053798-b965-4df0-998f-f4c01fd51d2a, IsOpen = False, SeatsAmount = 123, LiftingTime = 230, QueueTime = 29, ConnectedSlopes =  })" computerName="DESKTOP-TJ9D65N" duration="00:00:00.6587757" startTime="2022-10-15T20:20:17.1674562+03:00" endTime="2022-10-15T20:20:17.1674563+03:00" testType="13cdc9d9-ddb5-4fa4-a97d-d965ccfc6d4b" outcome="Passed" testListId="8c84fa94-04c1-424b-9868-57a2d4851a1d" relativeResultsDirectory="ff29445a-e7f9-45c2-af09-2af7b180e0ac" />
    <UnitTestResult executionId="4ac7b994-f02e-4e47-b283-6e3e211543a2" testId="732d09fc-6a8b-8a16-d2b7-93eac9aa2fac" testName="AccessToDB.Tests.TurnstilesRepositoryTests.TestDeleteTurnstileByIDAsyncFailsWhenIDNotExists(turnstileID: 89)" computerName="DESKTOP-TJ9D65N" duration="00:00:00.5598246" startTime="2022-10-15T20:20:07.3606610+03:00" endTime="2022-10-15T20:20:07.3606614+03:00" testType="13cdc9d9-ddb5-4fa4-a97d-d965ccfc6d4b" outcome="Passed" testListId="8c84fa94-04c1-424b-9868-57a2d4851a1d" relativeResultsDirectory="4ac7b994-f02e-4e47-b283-6e3e211543a2" />
    <UnitTestResult executionId="fd49daae-db2e-4f1e-b2b7-b3e531d8c298" testId="bad28fc4-5034-afd7-669d-2f08988b3630" testName="AccessToDB.Tests.UsersRepositoryTests.TestDeleteUserByIDAsyncFailsWhenIDNotExists(userID: 110)" computerName="DESKTOP-TJ9D65N" duration="00:00:00.6129494" startTime="2022-10-15T20:19:55.4445034+03:00" endTime="2022-10-15T20:19:55.4445235+03:00" testType="13cdc9d9-ddb5-4fa4-a97d-d965ccfc6d4b" outcome="Passed" testListId="8c84fa94-04c1-424b-9868-57a2d4851a1d" relativeResultsDirectory="fd49daae-db2e-4f1e-b2b7-b3e531d8c298" />
    <UnitTestResult executionId="58b4fcad-f623-425a-a12e-3fe6da143923" testId="1971e687-f15d-09bf-5590-fcffb618ea2b" testName="AccessToDB.Tests.UsersRepositoryTests.TestCheckUserIdExistsAsyncTrue(user: User { UserID = 53, CardID = 142, UserEmail = UserEmail05b0900d-2ed9-45cc-9359-4e28b8c198d8, Password = passworde6205f18-9248-47fc-8d8f-73ed5ceadc91, Permissions = UNAUTHORIZED })" computerName="DESKTOP-TJ9D65N" duration="00:00:00.5953868" startTime="2022-10-15T20:19:57.2252554+03:00" endTime="2022-10-15T20:19:57.2252557+03:00" testType="13cdc9d9-ddb5-4fa4-a97d-d965ccfc6d4b" outcome="Passed" testListId="8c84fa94-04c1-424b-9868-57a2d4851a1d" relativeResultsDirectory="58b4fcad-f623-425a-a12e-3fe6da143923" />
    <UnitTestResult executionId="7e940709-e4e0-4fab-aec1-470267b1ada5" testId="f417986d-bd16-7fe3-d388-eb2f31ce97ba" testName="AccessToDB.Tests.UsersRepositoryTests.TestUpdateUserByIDAsyncOk(user: User { UserID = 184, CardID = 135, UserEmail = UserEmailfa0b606f-bfb2-47be-8b05-fdebac8172c3, Password = password9393da11-7e73-4c42-9de6-38f36fea0874, Permissions = UNAUTHORIZED })" computerName="DESKTOP-TJ9D65N" duration="00:00:00.6161523" startTime="2022-10-15T20:19:58.9805825+03:00" endTime="2022-10-15T20:19:58.9805826+03:00" testType="13cdc9d9-ddb5-4fa4-a97d-d965ccfc6d4b" outcome="Passed" testListId="8c84fa94-04c1-424b-9868-57a2d4851a1d" relativeResultsDirectory="7e940709-e4e0-4fab-aec1-470267b1ada5" />
    <UnitTestResult executionId="d28104f3-6fa6-4944-9847-3761ff473677" testId="db45e1e3-164e-5358-7751-90c0ef74f4bc" testName="AccessToDB.Tests.LiftsSlopesRepositoryTests.TestAddLiftSlopeAsyncFailsWhenLiftSlopeIdRepeats(liftSlope: LiftSlope { RecordID = 220, LiftID = 7, SlopeID = 232 })" computerName="DESKTOP-TJ9D65N" duration="00:00:00.6104117" startTime="2022-10-15T20:20:14.0710291+03:00" endTime="2022-10-15T20:20:14.0710293+03:00" testType="13cdc9d9-ddb5-4fa4-a97d-d965ccfc6d4b" outcome="Passed" testListId="8c84fa94-04c1-424b-9868-57a2d4851a1d" relativeResultsDirectory="d28104f3-6fa6-4944-9847-3761ff473677" />
    <UnitTestResult executionId="95594171-b915-46cd-97d1-94366bc1c1e1" testId="81dd5a50-b65e-5197-f903-2df2e82f2e75" testName="AccessToDB.Tests.UsersRepositoryTests.TestGetUserByIdAsyncOk(user: User { UserID = 170, CardID = 55, UserEmail = UserEmaile941c170-c1d8-4e37-9b28-de49f76b4565, Password = passwordb99b8055-a0f3-4402-813b-44764f0a1ffc, Permissions = UNAUTHORIZED })" computerName="DESKTOP-TJ9D65N" duration="00:00:00.5854025" startTime="2022-10-15T20:19:56.0597899+03:00" endTime="2022-10-15T20:19:56.0597902+03:00" testType="13cdc9d9-ddb5-4fa4-a97d-d965ccfc6d4b" outcome="Passed" testListId="8c84fa94-04c1-424b-9868-57a2d4851a1d" relativeResultsDirectory="95594171-b915-46cd-97d1-94366bc1c1e1" />
    <UnitTestResult executionId="7c7f0f63-1edc-427f-840b-5a4c6d903cf6" testId="efaeae78-c9c5-2aaf-df2e-a02ae95c1cb5" testName="AccessToDB.Tests.LiftsRepositoryTests.TestDeleteLiftByIDAsyncFailsWhenIDNotExists(liftID: 186)" computerName="DESKTOP-TJ9D65N" duration="00:00:00.5610917" startTime="2022-10-15T20:20:02.6366982+03:00" endTime="2022-10-15T20:20:02.6366983+03:00" testType="13cdc9d9-ddb5-4fa4-a97d-d965ccfc6d4b" outcome="Passed" testListId="8c84fa94-04c1-424b-9868-57a2d4851a1d" relativeResultsDirectory="7c7f0f63-1edc-427f-840b-5a4c6d903cf6" />
    <UnitTestResult executionId="149a1712-6de5-403d-8156-bb90fcf47de0" testId="d6f2f149-ee66-5221-089e-42f3cef5b845" testName="AccessToDB.Tests.LiftsRepositoryTests.TestGetLiftByIdAsyncOk(lift: Lift { LiftID = 70, LiftName = liftName9529a20e-0676-4a5f-b653-e471c276b9d6, IsOpen = True, SeatsAmount = 204, LiftingTime = 161, QueueTime = 222, ConnectedSlopes =  })" computerName="DESKTOP-TJ9D65N" duration="00:00:00.6015509" startTime="2022-10-15T20:20:02.0713202+03:00" endTime="2022-10-15T20:20:02.0713206+03:00" testType="13cdc9d9-ddb5-4fa4-a97d-d965ccfc6d4b" outcome="Passed" testListId="8c84fa94-04c1-424b-9868-57a2d4851a1d" relativeResultsDirectory="149a1712-6de5-403d-8156-bb90fcf47de0" />
    <UnitTestResult executionId="067293fe-3752-4095-a751-86f354cc9380" testId="607e8298-f113-be33-300e-15a343893443" testName="AccessToDB.Tests.LiftsRepositoryTests.TestGetLiftsAsyncEmpty" computerName="DESKTOP-TJ9D65N" duration="00:00:00.5614168" startTime="2022-10-15T20:20:03.7684412+03:00" endTime="2022-10-15T20:20:03.7684413+03:00" testType="13cdc9d9-ddb5-4fa4-a97d-d965ccfc6d4b" outcome="Passed" testListId="8c84fa94-04c1-424b-9868-57a2d4851a1d" relativeResultsDirectory="067293fe-3752-4095-a751-86f354cc9380" />
    <UnitTestResult executionId="574999fa-062f-42e4-9fe5-0d9807e99c96" testId="c5d82d7a-9dcc-2f35-6749-a1937d6243b0" testName="AccessToDB.Tests.SlopesRepositoryTests.TestUpdateSlopeByIDAsyncOk(slope: Slope { SlopeID = 17, SlopeName = slopeNameef067de4-df42-498b-98e5-a7958375b8bb, IsOpen = True, DifficultyLevel = 230, ConnectedLifts =  })" computerName="DESKTOP-TJ9D65N" duration="00:00:00.6066761" startTime="2022-10-15T20:20:10.4915330+03:00" endTime="2022-10-15T20:20:10.4915331+03:00" testType="13cdc9d9-ddb5-4fa4-a97d-d965ccfc6d4b" outcome="Passed" testListId="8c84fa94-04c1-424b-9868-57a2d4851a1d" relativeResultsDirectory="574999fa-062f-42e4-9fe5-0d9807e99c96" />
    <UnitTestResult executionId="9bc57d85-e6be-4dca-b3b5-132ad1bcbe9c" testId="bfaf22c3-c457-2c8f-43c8-ebe2500f700a" testName="AccessToDB.Tests.TurnstilesRepositoryTests.TestAddTurnstileAsyncFailsWhenTurnstileIdRepeats(turnstile: Turnstile { TurnstileID = 83, LiftID = 254, IsOpen = True })" computerName="DESKTOP-TJ9D65N" duration="00:00:00.6181186" startTime="2022-10-15T20:20:05.6249113+03:00" endTime="2022-10-15T20:20:05.6249120+03:00" testType="13cdc9d9-ddb5-4fa4-a97d-d965ccfc6d4b" outcome="Passed" testListId="8c84fa94-04c1-424b-9868-57a2d4851a1d" relativeResultsDirectory="9bc57d85-e6be-4dca-b3b5-132ad1bcbe9c" />
    <UnitTestResult executionId="cb17b0f1-c556-4ac3-a809-1f078fcc8a77" testId="ae749398-5c32-482e-3228-aff9e40d5742" testName="AccessToDB.Tests.SlopesRepositoryTests.TestAddSlopeAsyncFailsWhenSlopeIdRepeats(slope: Slope { SlopeID = 64, SlopeName = slopeName056a515b-bd30-4666-98ae-8b2abeb590e1, IsOpen = True, DifficultyLevel = 80, ConnectedLifts =  })" computerName="DESKTOP-TJ9D65N" duration="00:00:00.6108713" startTime="2022-10-15T20:20:12.8560038+03:00" endTime="2022-10-15T20:20:12.8560040+03:00" testType="13cdc9d9-ddb5-4fa4-a97d-d965ccfc6d4b" outcome="Passed" testListId="8c84fa94-04c1-424b-9868-57a2d4851a1d" relativeResultsDirectory="cb17b0f1-c556-4ac3-a809-1f078fcc8a77" />
    <UnitTestResult executionId="0f080bb2-9634-4937-b825-988a3d95043c" testId="161b60e4-be54-d055-c799-f3f19e353ece" testName="AccessToDB.Tests.SlopesRepositoryTests.TestDeleteSlopeByIDAsyncFailsWhenIDNotExists(slopeID: 44)" computerName="DESKTOP-TJ9D65N" duration="00:00:00.5628676" startTime="2022-10-15T20:20:12.2376262+03:00" endTime="2022-10-15T20:20:12.2376264+03:00" testType="13cdc9d9-ddb5-4fa4-a97d-d965ccfc6d4b" outcome="Passed" testListId="8c84fa94-04c1-424b-9868-57a2d4851a1d" relativeResultsDirectory="0f080bb2-9634-4937-b825-988a3d95043c" />
    <UnitTestResult executionId="bd651ba7-9f8e-45f1-98a0-8ca6cbda6f80" testId="3e6c6c89-f649-0b50-0c4e-695b3a29d32c" testName="AccessToDB.Tests.UsersRepositoryTests.TestAddUserAsyncFailsWhenUserIdRepeats(user: User { UserID = 200, CardID = 62, UserEmail = UserEmailed69179b-f749-4109-8881-fbfcf3b7dcbf, Password = password3182e75b-5b9c-4d8a-ae9d-92a7377e90ff, Permissions = UNAUTHORIZED })" computerName="DESKTOP-TJ9D65N" duration="00:00:00.6067843" startTime="2022-10-15T20:19:59.5923591+03:00" endTime="2022-10-15T20:19:59.5923592+03:00" testType="13cdc9d9-ddb5-4fa4-a97d-d965ccfc6d4b" outcome="Passed" testListId="8c84fa94-04c1-424b-9868-57a2d4851a1d" relativeResultsDirectory="bd651ba7-9f8e-45f1-98a0-8ca6cbda6f80" />
    <UnitTestResult executionId="270d3c8f-f731-4264-b885-b2d79d7d4754" testId="e667d553-dcfb-5448-33b9-de1e2ac17e7a" testName="AccessToDB.Tests.UsersRepositoryTests.TestCheckUserEmailExistsAsyncFalse(userEmail: &quot;userEmailc702a3db-031f-4b39-8f15-aa5fdde9b90d&quot;)" computerName="DESKTOP-TJ9D65N" duration="00:00:00.5569362" startTime="2022-10-15T20:19:58.3531044+03:00" endTime="2022-10-15T20:19:58.3531052+03:00" testType="13cdc9d9-ddb5-4fa4-a97d-d965ccfc6d4b" outcome="Passed" testListId="8c84fa94-04c1-424b-9868-57a2d4851a1d" relativeResultsDirectory="270d3c8f-f731-4264-b885-b2d79d7d4754" />
    <UnitTestResult executionId="5e7ccc41-2459-40ad-a786-59af22440e8c" testId="e75bb6e2-88d9-af2a-a444-c4a9d67f0f0e" testName="AccessToDB.Tests.UsersRepositoryTests.TestAddUserAutoIncrementAsyncOk" computerName="DESKTOP-TJ9D65N" duration="00:00:00.6252750" startTime="2022-10-15T20:20:00.2211092+03:00" endTime="2022-10-15T20:20:00.2211094+03:00" testType="13cdc9d9-ddb5-4fa4-a97d-d965ccfc6d4b" outcome="Passed" testListId="8c84fa94-04c1-424b-9868-57a2d4851a1d" relativeResultsDirectory="5e7ccc41-2459-40ad-a786-59af22440e8c" />
    <UnitTestResult executionId="c0695990-cc77-442e-be9a-343faf8361c5" testId="a7deed58-2f81-a631-56c2-84996a2ce737" testName="AccessToDB.Tests.LiftsSlopesRepositoryTests.TestGetLiftSlopeByIdAsyncOk(liftSlope: LiftSlope { RecordID = 71, LiftID = 133, SlopeID = 56 })" computerName="DESKTOP-TJ9D65N" duration="00:00:00.0010000" startTime="2022-10-15T20:20:14.7841965+03:00" endTime="2022-10-15T20:20:14.7841969+03:00" testType="13cdc9d9-ddb5-4fa4-a97d-d965ccfc6d4b" outcome="Failed" testListId="8c84fa94-04c1-424b-9868-57a2d4851a1d" relativeResultsDirectory="c0695990-cc77-442e-be9a-343faf8361c5">
      <Output>
        <ErrorInfo>
          <Message>System.InvalidOperationException : Operations that change non-concurrent collections must have exclusive access. A concurrent update was performed on this collection and corrupted its state. The collection's state is no longer correct.</Message>
          <StackTrace>   at System.Collections.Generic.Dictionary`2.FindValue(TKey key)&#xD;
   at System.Collections.Generic.Dictionary`2.TryGetValue(TKey key, TValue&amp; value)&#xD;
   at ProGaudi.MsgPack.Light.MsgPackContext.GetObjectActivator(Type type)&#xD;
   at ProGaudi.MsgPack.Light.MsgPackContext.&lt;&gt;c__DisplayClass24_0.&lt;TryGenerateConverterFromGenericConverter&gt;b__0(Type x)&#xD;
   at ProGaudi.MsgPack.Light.MsgPackContext.TryGenerateConverterFromGenericConverter(Type type)&#xD;
   at ProGaudi.MsgPack.Light.MsgPackContext.GetConverter[T]()&#xD;
   at ProGaudi.MsgPack.Light.MsgPackSerializer.GetConverter[T](MsgPackContext context)&#xD;
   at ProGaudi.MsgPack.Light.MsgPackSerializer.Deserialize[T](MemoryStream stream, MsgPackContext context)&#xD;
   at ProGaudi.Tarantool.Client.LogicalConnection.SendRequest[TRequest,TResponse](TRequest request, Nullable`1 timeout)&#xD;
   at ProGaudi.Tarantool.Client.LogicalConnectionManager.SendRequest[TRequest,TResponse](TRequest request, Nullable`1 timeout)&#xD;
   at ProGaudi.Tarantool.Client.Schema.Select[T](UInt32 spaceId, Iterator iterator, UInt32 id)&#xD;
   at ProGaudi.Tarantool.Client.Schema.Reload()&#xD;
   at ProGaudi.Tarantool.Client.Box.Connect()&#xD;
   at ProGaudi.Tarantool.Client.Box.Connect(String replicationSource)&#xD;
   at AccessToDB.TarantoolContext.Initialize(String connection_string) in C:\Users\alena\Desktop\7_sem\testing_and_debugging\SkiResort\AccessToDB\TarantoolContext.cs:line 52&#xD;
   at AccessToDB.TarantoolContext..ctor(String connection_string) in C:\Users\alena\Desktop\7_sem\testing_and_debugging\SkiResort\AccessToDB\TarantoolContext.cs:line 32&#xD;
   at AccessToDB.Tests.LiftsSlopesRepositoryTests..ctor() in C:\Users\alena\Desktop\7_sem\testing_and_debugging\SkiResort\AccessToDB.Tests\LiftsSlopesRepositoryTests.cs:line 34&#xD;
   at System.RuntimeType.CreateInstanceDefaultCtor(Boolean publicOnly, Boolean wrapExceptions)</StackTrace>
        </ErrorInfo>
      </Output>
    </UnitTestResult>
    <UnitTestResult executionId="8e26a93b-fc63-49e1-82d5-9f6ca0900dfd" testId="3c521313-4ed6-6bce-b4f9-c359411028e7" testName="AccessToDB.Tests.TurnstilesRepositoryTests.TestGetTurnstilesAsyncEmpty" computerName="DESKTOP-TJ9D65N" duration="00:00:00.5547010" startTime="2022-10-15T20:20:06.7963049+03:00" endTime="2022-10-15T20:20:06.7963051+03:00" testType="13cdc9d9-ddb5-4fa4-a97d-d965ccfc6d4b" outcome="Passed" testListId="8c84fa94-04c1-424b-9868-57a2d4851a1d" relativeResultsDirectory="8e26a93b-fc63-49e1-82d5-9f6ca0900dfd" />
    <UnitTestResult executionId="bd7b8d09-530f-46d4-bda1-2ab4732d28dd" testId="ec229f70-485a-f91b-53ed-bce655f6cd58" testName="AccessToDB.Tests.LiftsRepositoryTests.TestAddLiftAutoIncrementAsyncOk" computerName="DESKTOP-TJ9D65N" duration="00:00:00.6180585" startTime="2022-10-15T20:20:00.8491673+03:00" endTime="2022-10-15T20:20:00.8491676+03:00" testType="13cdc9d9-ddb5-4fa4-a97d-d965ccfc6d4b" outcome="Passed" testListId="8c84fa94-04c1-424b-9868-57a2d4851a1d" relativeResultsDirectory="bd7b8d09-530f-46d4-bda1-2ab4732d28dd" />
    <UnitTestResult executionId="72367b15-3f21-493b-b6de-6590fb293347" testId="f9435956-2e34-e52b-c34e-dce53665cf8e" testName="AccessToDB.Tests.TurnstilesRepositoryTests.TestAddTurnstileAutoIncrementAsyncOk" computerName="DESKTOP-TJ9D65N" duration="00:00:00.5978025" startTime="2022-10-15T20:20:07.9662156+03:00" endTime="2022-10-15T20:20:07.9662159+03:00" testType="13cdc9d9-ddb5-4fa4-a97d-d965ccfc6d4b" outcome="Passed" testListId="8c84fa94-04c1-424b-9868-57a2d4851a1d" relativeResultsDirectory="72367b15-3f21-493b-b6de-6590fb293347" />
    <UnitTestResult executionId="cdb1f8cb-bbca-4e0c-ae58-4499b43745c9" testId="8cf6ecd8-f529-4463-d701-a5e58611fad6" testName="AccessToDB.Tests.LiftsRepositoryTests.TestGetLiftByNameAsyncFailsWhenNameNotExists(liftName: &quot;liftName5532f8b6-9941-427a-96fa-7093bf11bc36&quot;)" computerName="DESKTOP-TJ9D65N" duration="00:00:00.5627773" startTime="2022-10-15T20:20:03.2032891+03:00" endTime="2022-10-15T20:20:03.2032892+03:00" testType="13cdc9d9-ddb5-4fa4-a97d-d965ccfc6d4b" outcome="Passed" testListId="8c84fa94-04c1-424b-9868-57a2d4851a1d" relativeResultsDirectory="cdb1f8cb-bbca-4e0c-ae58-4499b43745c9" />
    <UnitTestResult executionId="1fbb2720-d7c5-4f84-8958-dea192653c50" testId="3c3eddd2-cd1f-f5f6-520d-28fb852673ba" testName="AccessToDB.Tests.UsersRepositoryTests.TestGetUserByEmailAsyncFailsWhenEmailNotExists(email: &quot;email85510667-d27b-4f4b-a20d-ec24602452ef&quot;)" computerName="DESKTOP-TJ9D65N" duration="00:00:00.5597477" startTime="2022-10-15T20:19:57.7908032+03:00" endTime="2022-10-15T20:19:57.7908034+03:00" testType="13cdc9d9-ddb5-4fa4-a97d-d965ccfc6d4b" outcome="Passed" testListId="8c84fa94-04c1-424b-9868-57a2d4851a1d" relativeResultsDirectory="1fbb2720-d7c5-4f84-8958-dea192653c50" />
    <UnitTestResult executionId="36692dfc-a337-452b-a309-99922428fd2e" testId="4ac7d377-054e-22f1-f0c8-b1d01734fcc6" testName="AccessToDB.Tests.LiftsSlopesRepositoryTests.TestDeleteLiftSlopeByIDAsyncFailsWhenIDNotExists(liftSlopeID: 147)" computerName="DESKTOP-TJ9D65N" duration="00:00:00.5548937" startTime="2022-10-15T20:20:15.3289289+03:00" endTime="2022-10-15T20:20:15.3289290+03:00" testType="13cdc9d9-ddb5-4fa4-a97d-d965ccfc6d4b" outcome="Passed" testListId="8c84fa94-04c1-424b-9868-57a2d4851a1d" relativeResultsDirectory="36692dfc-a337-452b-a309-99922428fd2e" />
    <UnitTestResult executionId="23060e4b-269a-4717-85ef-052e60721c97" testId="fba3b3cc-0cf2-2d11-41e1-f8f863afeaa5" testName="AccessToDB.Tests.TurnstilesRepositoryTests.TestGetTurnstilesByLiftIdAsyncOk(liftID: 122)" computerName="DESKTOP-TJ9D65N" duration="00:00:00.7472232" startTime="2022-10-15T20:20:08.7177875+03:00" endTime="2022-10-15T20:20:08.7177881+03:00" testType="13cdc9d9-ddb5-4fa4-a97d-d965ccfc6d4b" outcome="Passed" testListId="8c84fa94-04c1-424b-9868-57a2d4851a1d" relativeResultsDirectory="23060e4b-269a-4717-85ef-052e60721c97" />
    <UnitTestResult executionId="e7ceae31-f992-45b1-98ba-6953433d598e" testId="8f7ba917-f771-0dc5-f9b9-465c34344b12" testName="AccessToDB.Tests.SlopesRepositoryTests.TestAddSlopeAutoIncrementAsyncOk" computerName="DESKTOP-TJ9D65N" duration="00:00:00.6045644" startTime="2022-10-15T20:20:11.1015756+03:00" endTime="2022-10-15T20:20:11.1015757+03:00" testType="13cdc9d9-ddb5-4fa4-a97d-d965ccfc6d4b" outcome="Passed" testListId="8c84fa94-04c1-424b-9868-57a2d4851a1d" relativeResultsDirectory="e7ceae31-f992-45b1-98ba-6953433d598e" />
    <UnitTestResult executionId="e4e0c05e-1907-4d95-bc48-b883b2ea72c1" testId="aaa105a5-3f23-6d0d-f0ad-e78a6438b77e" testName="AccessToDB.Tests.TurnstilesRepositoryTests.TestGetTurnstileByIdAsyncOk(turnstile: Turnstile { TurnstileID = 230, LiftID = 40, IsOpen = True })" computerName="DESKTOP-TJ9D65N" duration="00:00:00.5970625" startTime="2022-10-15T20:20:06.2345345+03:00" endTime="2022-10-15T20:20:06.2345352+03:00" testType="13cdc9d9-ddb5-4fa4-a97d-d965ccfc6d4b" outcome="Passed" testListId="8c84fa94-04c1-424b-9868-57a2d4851a1d" relativeResultsDirectory="e4e0c05e-1907-4d95-bc48-b883b2ea72c1" />
    <UnitTestResult executionId="d4eff8dd-95ef-4ce2-abc8-d5913d21d622" testId="d336aa39-cec4-9631-9dd8-f676058065ed" testName="AccessToDB.Tests.LiftsRepositoryTests.TestUpdateLiftByIDAsyncOk(lift: Lift { LiftID = 180, LiftName = liftName8ee7a14e-3710-4675-b89f-0bdfc7922160, IsOpen = True, SeatsAmount = 139, LiftingTime = 185, QueueTime = 87, ConnectedSlopes =  })" computerName="DESKTOP-TJ9D65N" duration="00:00:00.6092509" startTime="2022-10-15T20:20:04.3810789+03:00" endTime="2022-10-15T20:20:04.3810790+03:00" testType="13cdc9d9-ddb5-4fa4-a97d-d965ccfc6d4b" outcome="Passed" testListId="8c84fa94-04c1-424b-9868-57a2d4851a1d" relativeResultsDirectory="d4eff8dd-95ef-4ce2-abc8-d5913d21d622" />
    <UnitTestResult executionId="854cbc2a-25e8-404b-b921-381d83300149" testId="30f8e924-9784-0a43-e807-094f70e06567" testName="AccessToDB.Tests.LiftsSlopesRepositoryTests.TestAddLiftSlopeAutoIncrementAsyncOk" computerName="DESKTOP-TJ9D65N" duration="00:00:00.6099450" startTime="2022-10-15T20:20:15.9426626+03:00" endTime="2022-10-15T20:20:15.9426627+03:00" testType="13cdc9d9-ddb5-4fa4-a97d-d965ccfc6d4b" outcome="Passed" testListId="8c84fa94-04c1-424b-9868-57a2d4851a1d" relativeResultsDirectory="854cbc2a-25e8-404b-b921-381d83300149" />
    <UnitTestResult executionId="72778fe6-f277-48ce-844c-39d25bb8689e" testId="4c12da76-aa45-d555-5bee-5e03e19670e4" testName="AccessToDB.Tests.LiftsSlopesRepositoryTests.TestDeleteLiftSlopesByIDsAsyncOk(liftSlope: LiftSlope { RecordID = 53, LiftID = 8, SlopeID = 142 })" computerName="DESKTOP-TJ9D65N" duration="00:00:00.6165294" startTime="2022-10-15T20:20:14.6975927+03:00" endTime="2022-10-15T20:20:14.6975928+03:00" testType="13cdc9d9-ddb5-4fa4-a97d-d965ccfc6d4b" outcome="Passed" testListId="8c84fa94-04c1-424b-9868-57a2d4851a1d" relativeResultsDirectory="72778fe6-f277-48ce-844c-39d25bb8689e" />
    <UnitTestResult executionId="68337258-c22f-4bcd-a323-219351f49224" testId="4145f44e-b4b1-a618-09e8-c631496e6f1a" testName="AccessToDB.Tests.LiftsSlopesRepositoryTests.TestGetLiftSlopesAsyncEmpty" computerName="DESKTOP-TJ9D65N" duration="00:00:00.5590950" startTime="2022-10-15T20:20:16.5053332+03:00" endTime="2022-10-15T20:20:16.5053333+03:00" testType="13cdc9d9-ddb5-4fa4-a97d-d965ccfc6d4b" outcome="Passed" testListId="8c84fa94-04c1-424b-9868-57a2d4851a1d" relativeResultsDirectory="68337258-c22f-4bcd-a323-219351f49224" />
    <UnitTestResult executionId="4f8f41c5-8ff6-42be-962a-2562ea75550f" testId="4abaa906-9c2a-464e-b3f8-0c1d4dcb8c86" testName="AccessToDB.Tests.SlopesRepositoryTests.TestGetSlopeByIdAsyncOk(slope: Slope { SlopeID = 146, SlopeName = slopeName359a0929-e232-4ecb-b760-7ec75e2ae3d8, IsOpen = True, DifficultyLevel = 216, ConnectedLifts =  })" computerName="DESKTOP-TJ9D65N" duration="00:00:00.5900001" startTime="2022-10-15T20:20:09.8765848+03:00" endTime="2022-10-15T20:20:09.8765852+03:00" testType="13cdc9d9-ddb5-4fa4-a97d-d965ccfc6d4b" outcome="Passed" testListId="8c84fa94-04c1-424b-9868-57a2d4851a1d" relativeResultsDirectory="4f8f41c5-8ff6-42be-962a-2562ea75550f" />
  </Results>
  <TestDefinitions>
    <UnitTest name="AccessToDB.Tests.TurnstilesRepositoryTests.TestDeleteTurnstileByIDAsyncFailsWhenIDNotExists(turnstileID: 89)" storage="c:\users\alena\desktop\7_sem\testing_and_debugging\skiresort\accesstodb.tests\bin\debug\net6.0\accesstodb.tests.dll" id="732d09fc-6a8b-8a16-d2b7-93eac9aa2fac">
      <Execution id="4ac7b994-f02e-4e47-b283-6e3e211543a2" />
      <TestMethod codeBase="C:\Users\alena\Desktop\7_sem\testing_and_debugging\SkiResort\AccessToDB.Tests\bin\Debug\net6.0\AccessToDB.Tests.dll" adapterTypeName="executor://xunit/VsTestRunner2/netcoreapp" className="AccessToDB.Tests.TurnstilesRepositoryTests" name="TestDeleteTurnstileByIDAsyncFailsWhenIDNotExists" />
    </UnitTest>
    <UnitTest name="AccessToDB.Tests.UsersRepositoryTests.TestCheckUserEmailExistsAsyncFalse(userEmail: &quot;userEmailc702a3db-031f-4b39-8f15-aa5fdde9b90d&quot;)" storage="c:\users\alena\desktop\7_sem\testing_and_debugging\skiresort\accesstodb.tests\bin\debug\net6.0\accesstodb.tests.dll" id="e667d553-dcfb-5448-33b9-de1e2ac17e7a">
      <Execution id="270d3c8f-f731-4264-b885-b2d79d7d4754" />
      <TestMethod codeBase="C:\Users\alena\Desktop\7_sem\testing_and_debugging\SkiResort\AccessToDB.Tests\bin\Debug\net6.0\AccessToDB.Tests.dll" adapterTypeName="executor://xunit/VsTestRunner2/netcoreapp" className="AccessToDB.Tests.UsersRepositoryTests" name="TestCheckUserEmailExistsAsyncFalse" />
    </UnitTest>
    <UnitTest name="AccessToDB.Tests.TurnstilesRepositoryTests.TestGetTurnstilesAsyncEmpty" storage="c:\users\alena\desktop\7_sem\testing_and_debugging\skiresort\accesstodb.tests\bin\debug\net6.0\accesstodb.tests.dll" id="3c521313-4ed6-6bce-b4f9-c359411028e7">
      <Execution id="8e26a93b-fc63-49e1-82d5-9f6ca0900dfd" />
      <TestMethod codeBase="C:\Users\alena\Desktop\7_sem\testing_and_debugging\SkiResort\AccessToDB.Tests\bin\Debug\net6.0\AccessToDB.Tests.dll" adapterTypeName="executor://xunit/VsTestRunner2/netcoreapp" className="AccessToDB.Tests.TurnstilesRepositoryTests" name="TestGetTurnstilesAsyncEmpty" />
    </UnitTest>
    <UnitTest name="AccessToDB.Tests.UsersRepositoryTests.TestGetUserByIdAsyncOk(user: User { UserID = 170, CardID = 55, UserEmail = UserEmaile941c170-c1d8-4e37-9b28-de49f76b4565, Password = passwordb99b8055-a0f3-4402-813b-44764f0a1ffc, Permissions = UNAUTHORIZED })" storage="c:\users\alena\desktop\7_sem\testing_and_debugging\skiresort\accesstodb.tests\bin\debug\net6.0\accesstodb.tests.dll" id="81dd5a50-b65e-5197-f903-2df2e82f2e75">
      <Execution id="95594171-b915-46cd-97d1-94366bc1c1e1" />
      <TestMethod codeBase="C:\Users\alena\Desktop\7_sem\testing_and_debugging\SkiResort\AccessToDB.Tests\bin\Debug\net6.0\AccessToDB.Tests.dll" adapterTypeName="executor://xunit/VsTestRunner2/netcoreapp" className="AccessToDB.Tests.UsersRepositoryTests" name="TestGetUserByIdAsyncOk" />
    </UnitTest>
    <UnitTest name="AccessToDB.Tests.LiftsSlopesRepositoryTests.TestAddLiftSlopeAutoIncrementAsyncOk" storage="c:\users\alena\desktop\7_sem\testing_and_debugging\skiresort\accesstodb.tests\bin\debug\net6.0\accesstodb.tests.dll" id="30f8e924-9784-0a43-e807-094f70e06567">
      <Execution id="854cbc2a-25e8-404b-b921-381d83300149" />
      <TestMethod codeBase="C:\Users\alena\Desktop\7_sem\testing_and_debugging\SkiResort\AccessToDB.Tests\bin\Debug\net6.0\AccessToDB.Tests.dll" adapterTypeName="executor://xunit/VsTestRunner2/netcoreapp" className="AccessToDB.Tests.LiftsSlopesRepositoryTests" name="TestAddLiftSlopeAutoIncrementAsyncOk" />
    </UnitTest>
    <UnitTest name="AccessToDB.Tests.UsersRepositoryTests.TestCheckUserIdExistsAsyncTrue(user: User { UserID = 53, CardID = 142, UserEmail = UserEmail05b0900d-2ed9-45cc-9359-4e28b8c198d8, Password = passworde6205f18-9248-47fc-8d8f-73ed5ceadc91, Permissions = UNAUTHORIZED })" storage="c:\users\alena\desktop\7_sem\testing_and_debugging\skiresort\accesstodb.tests\bin\debug\net6.0\accesstodb.tests.dll" id="1971e687-f15d-09bf-5590-fcffb618ea2b">
      <Execution id="58b4fcad-f623-425a-a12e-3fe6da143923" />
      <TestMethod codeBase="C:\Users\alena\Desktop\7_sem\testing_and_debugging\SkiResort\AccessToDB.Tests\bin\Debug\net6.0\AccessToDB.Tests.dll" adapterTypeName="executor://xunit/VsTestRunner2/netcoreapp" className="AccessToDB.Tests.UsersRepositoryTests" name="TestCheckUserIdExistsAsyncTrue" />
    </UnitTest>
    <UnitTest name="AccessToDB.Tests.LiftsSlopesRepositoryTests.TestGetLiftsBySlopeIdAsyncOk(slope1: Slope { SlopeID = 197, SlopeName = slopeName4229bad0-4209-448c-8225-fc2f77078159, IsOpen = True, DifficultyLevel = 238, ConnectedLifts =  }, slope2: Slope { SlopeID = 175, SlopeName = slopeNamee9aaed30-e6da-4e2f-8f8a-0b20628984d0, IsOpen = False, DifficultyLevel = 85, ConnectedLifts =  }, lift1: Lift { LiftID = 3, LiftName = liftName5af087bb-2a76-4f57-8dd3-a7e2..." storage="c:\users\alena\desktop\7_sem\testing_and_debugging\skiresort\accesstodb.tests\bin\debug\net6.0\accesstodb.tests.dll" id="5037e27a-7a14-1150-4413-9859d8a57322">
      <Execution id="ff29445a-e7f9-45c2-af09-2af7b180e0ac" />
      <TestMethod codeBase="C:\Users\alena\Desktop\7_sem\testing_and_debugging\SkiResort\AccessToDB.Tests\bin\Debug\net6.0\AccessToDB.Tests.dll" adapterTypeName="executor://xunit/VsTestRunner2/netcoreapp" className="AccessToDB.Tests.LiftsSlopesRepositoryTests" name="TestGetLiftsBySlopeIdAsyncOk" />
    </UnitTest>
    <UnitTest name="AccessToDB.Tests.LiftsSlopesRepositoryTests.TestAddLiftSlopeAsyncFailsWhenLiftSlopeIdRepeats(liftSlope: LiftSlope { RecordID = 220, LiftID = 7, SlopeID = 232 })" storage="c:\users\alena\desktop\7_sem\testing_and_debugging\skiresort\accesstodb.tests\bin\debug\net6.0\accesstodb.tests.dll" id="db45e1e3-164e-5358-7751-90c0ef74f4bc">
      <Execution id="d28104f3-6fa6-4944-9847-3761ff473677" />
      <TestMethod codeBase="C:\Users\alena\Desktop\7_sem\testing_and_debugging\SkiResort\AccessToDB.Tests\bin\Debug\net6.0\AccessToDB.Tests.dll" adapterTypeName="executor://xunit/VsTestRunner2/netcoreapp" className="AccessToDB.Tests.LiftsSlopesRepositoryTests" name="TestAddLiftSlopeAsyncFailsWhenLiftSlopeIdRepeats" />
    </UnitTest>
    <UnitTest name="AccessToDB.Tests.SlopesRepositoryTests.TestAddSlopeAutoIncrementAsyncOk" storage="c:\users\alena\desktop\7_sem\testing_and_debugging\skiresort\accesstodb.tests\bin\debug\net6.0\accesstodb.tests.dll" id="8f7ba917-f771-0dc5-f9b9-465c34344b12">
      <Execution id="e7ceae31-f992-45b1-98ba-6953433d598e" />
      <TestMethod codeBase="C:\Users\alena\Desktop\7_sem\testing_and_debugging\SkiResort\AccessToDB.Tests\bin\Debug\net6.0\AccessToDB.Tests.dll" adapterTypeName="executor://xunit/VsTestRunner2/netcoreapp" className="AccessToDB.Tests.SlopesRepositoryTests" name="TestAddSlopeAutoIncrementAsyncOk" />
    </UnitTest>
    <UnitTest name="AccessToDB.Tests.LiftsRepositoryTests.TestAddLiftAutoIncrementAsyncOk" storage="c:\users\alena\desktop\7_sem\testing_and_debugging\skiresort\accesstodb.tests\bin\debug\net6.0\accesstodb.tests.dll" id="ec229f70-485a-f91b-53ed-bce655f6cd58">
      <Execution id="bd7b8d09-530f-46d4-bda1-2ab4732d28dd" />
      <TestMethod codeBase="C:\Users\alena\Desktop\7_sem\testing_and_debugging\SkiResort\AccessToDB.Tests\bin\Debug\net6.0\AccessToDB.Tests.dll" adapterTypeName="executor://xunit/VsTestRunner2/netcoreapp" className="AccessToDB.Tests.LiftsRepositoryTests" name="TestAddLiftAutoIncrementAsyncOk" />
    </UnitTest>
    <UnitTest name="AccessToDB.Tests.LiftsRepositoryTests.TestUpdateLiftByIDAsyncOk(lift: Lift { LiftID = 180, LiftName = liftName8ee7a14e-3710-4675-b89f-0bdfc7922160, IsOpen = True, SeatsAmount = 139, LiftingTime = 185, QueueTime = 87, ConnectedSlopes =  })" storage="c:\users\alena\desktop\7_sem\testing_and_debugging\skiresort\accesstodb.tests\bin\debug\net6.0\accesstodb.tests.dll" id="d336aa39-cec4-9631-9dd8-f676058065ed">
      <Execution id="d4eff8dd-95ef-4ce2-abc8-d5913d21d622" />
      <TestMethod codeBase="C:\Users\alena\Desktop\7_sem\testing_and_debugging\SkiResort\AccessToDB.Tests\bin\Debug\net6.0\AccessToDB.Tests.dll" adapterTypeName="executor://xunit/VsTestRunner2/netcoreapp" className="AccessToDB.Tests.LiftsRepositoryTests" name="TestUpdateLiftByIDAsyncOk" />
    </UnitTest>
    <UnitTest name="AccessToDB.Tests.SlopesRepositoryTests.TestGetSlopesAsyncEmpty" storage="c:\users\alena\desktop\7_sem\testing_and_debugging\skiresort\accesstodb.tests\bin\debug\net6.0\accesstodb.tests.dll" id="9bbefb83-8311-6e03-307f-415e3495e223">
      <Execution id="ba775d2d-b6bb-42c1-b365-377dfa2af454" />
      <TestMethod codeBase="C:\Users\alena\Desktop\7_sem\testing_and_debugging\SkiResort\AccessToDB.Tests\bin\Debug\net6.0\AccessToDB.Tests.dll" adapterTypeName="executor://xunit/VsTestRunner2/netcoreapp" className="AccessToDB.Tests.SlopesRepositoryTests" name="TestGetSlopesAsyncEmpty" />
    </UnitTest>
    <UnitTest name="AccessToDB.Tests.SlopesRepositoryTests.TestAddSlopeAsyncFailsWhenSlopeIdRepeats(slope: Slope { SlopeID = 64, SlopeName = slopeName056a515b-bd30-4666-98ae-8b2abeb590e1, IsOpen = True, DifficultyLevel = 80, ConnectedLifts =  })" storage="c:\users\alena\desktop\7_sem\testing_and_debugging\skiresort\accesstodb.tests\bin\debug\net6.0\accesstodb.tests.dll" id="ae749398-5c32-482e-3228-aff9e40d5742">
      <Execution id="cb17b0f1-c556-4ac3-a809-1f078fcc8a77" />
      <TestMethod codeBase="C:\Users\alena\Desktop\7_sem\testing_and_debugging\SkiResort\AccessToDB.Tests\bin\Debug\net6.0\AccessToDB.Tests.dll" adapterTypeName="executor://xunit/VsTestRunner2/netcoreapp" className="AccessToDB.Tests.SlopesRepositoryTests" name="TestAddSlopeAsyncFailsWhenSlopeIdRepeats" />
    </UnitTest>
    <UnitTest name="AccessToDB.Tests.TurnstilesRepositoryTests.TestGetTurnstilesByLiftIdAsyncOk(liftID: 122)" storage="c:\users\alena\desktop\7_sem\testing_and_debugging\skiresort\accesstodb.tests\bin\debug\net6.0\accesstodb.tests.dll" id="fba3b3cc-0cf2-2d11-41e1-f8f863afeaa5">
      <Execution id="23060e4b-269a-4717-85ef-052e60721c97" />
      <TestMethod codeBase="C:\Users\alena\Desktop\7_sem\testing_and_debugging\SkiResort\AccessToDB.Tests\bin\Debug\net6.0\AccessToDB.Tests.dll" adapterTypeName="executor://xunit/VsTestRunner2/netcoreapp" className="AccessToDB.Tests.TurnstilesRepositoryTests" name="TestGetTurnstilesByLiftIdAsyncOk" />
    </UnitTest>
    <UnitTest name="AccessToDB.Tests.TurnstilesRepositoryTests.TestUpdateTurnstileByIDAsyncOk(turnstile: Turnstile { TurnstileID = 146, LiftID = 166, IsOpen = True })" storage="c:\users\alena\desktop\7_sem\testing_and_debugging\skiresort\accesstodb.tests\bin\debug\net6.0\accesstodb.tests.dll" id="e138333c-b388-6402-3f33-aeb8c2dae971">
      <Execution id="3670aed9-e32c-4acd-8635-95e4615d4540" />
      <TestMethod codeBase="C:\Users\alena\Desktop\7_sem\testing_and_debugging\SkiResort\AccessToDB.Tests\bin\Debug\net6.0\AccessToDB.Tests.dll" adapterTypeName="executor://xunit/VsTestRunner2/netcoreapp" className="AccessToDB.Tests.TurnstilesRepositoryTests" name="TestUpdateTurnstileByIDAsyncOk" />
    </UnitTest>
    <UnitTest name="AccessToDB.Tests.TurnstilesRepositoryTests.TestAddTurnstileAsyncFailsWhenTurnstileIdRepeats(turnstile: Turnstile { TurnstileID = 83, LiftID = 254, IsOpen = True })" storage="c:\users\alena\desktop\7_sem\testing_and_debugging\skiresort\accesstodb.tests\bin\debug\net6.0\accesstodb.tests.dll" id="bfaf22c3-c457-2c8f-43c8-ebe2500f700a">
      <Execution id="9bc57d85-e6be-4dca-b3b5-132ad1bcbe9c" />
      <TestMethod codeBase="C:\Users\alena\Desktop\7_sem\testing_and_debugging\SkiResort\AccessToDB.Tests\bin\Debug\net6.0\AccessToDB.Tests.dll" adapterTypeName="executor://xunit/VsTestRunner2/netcoreapp" className="AccessToDB.Tests.TurnstilesRepositoryTests" name="TestAddTurnstileAsyncFailsWhenTurnstileIdRepeats" />
    </UnitTest>
    <UnitTest name="AccessToDB.Tests.LiftsSlopesRepositoryTests.TestUpdateLiftSlopeByIDAsyncOk(liftSlope: LiftSlope { RecordID = 251, LiftID = 3, SlopeID = 36 })" storage="c:\users\alena\desktop\7_sem\testing_and_debugging\skiresort\accesstodb.tests\bin\debug\net6.0\accesstodb.tests.dll" id="a0c2f99e-e786-0d1b-496e-6aa16f71d9cf">
      <Execution id="a19177e7-e0f2-4b9d-85d7-14b934972dfd" />
      <TestMethod codeBase="C:\Users\alena\Desktop\7_sem\testing_and_debugging\SkiResort\AccessToDB.Tests\bin\Debug\net6.0\AccessToDB.Tests.dll" adapterTypeName="executor://xunit/VsTestRunner2/netcoreapp" className="AccessToDB.Tests.LiftsSlopesRepositoryTests" name="TestUpdateLiftSlopeByIDAsyncOk" />
    </UnitTest>
    <UnitTest name="AccessToDB.Tests.UsersRepositoryTests.TestAddUserAsyncFailsWhenUserIdRepeats(user: User { UserID = 200, CardID = 62, UserEmail = UserEmailed69179b-f749-4109-8881-fbfcf3b7dcbf, Password = password3182e75b-5b9c-4d8a-ae9d-92a7377e90ff, Permissions = UNAUTHORIZED })" storage="c:\users\alena\desktop\7_sem\testing_and_debugging\skiresort\accesstodb.tests\bin\debug\net6.0\accesstodb.tests.dll" id="3e6c6c89-f649-0b50-0c4e-695b3a29d32c">
      <Execution id="bd651ba7-9f8e-45f1-98a0-8ca6cbda6f80" />
      <TestMethod codeBase="C:\Users\alena\Desktop\7_sem\testing_and_debugging\SkiResort\AccessToDB.Tests\bin\Debug\net6.0\AccessToDB.Tests.dll" adapterTypeName="executor://xunit/VsTestRunner2/netcoreapp" className="AccessToDB.Tests.UsersRepositoryTests" name="TestAddUserAsyncFailsWhenUserIdRepeats" />
    </UnitTest>
    <UnitTest name="AccessToDB.Tests.UsersRepositoryTests.TestAddUserAutoIncrementAsyncOk" storage="c:\users\alena\desktop\7_sem\testing_and_debugging\skiresort\accesstodb.tests\bin\debug\net6.0\accesstodb.tests.dll" id="e75bb6e2-88d9-af2a-a444-c4a9d67f0f0e">
      <Execution id="5e7ccc41-2459-40ad-a786-59af22440e8c" />
      <TestMethod codeBase="C:\Users\alena\Desktop\7_sem\testing_and_debugging\SkiResort\AccessToDB.Tests\bin\Debug\net6.0\AccessToDB.Tests.dll" adapterTypeName="executor://xunit/VsTestRunner2/netcoreapp" className="AccessToDB.Tests.UsersRepositoryTests" name="TestAddUserAutoIncrementAsyncOk" />
    </UnitTest>
    <UnitTest name="AccessToDB.Tests.LiftsSlopesRepositoryTests.TestDeleteLiftSlopesByIDsAsyncOk(liftSlope: LiftSlope { RecordID = 53, LiftID = 8, SlopeID = 142 })" storage="c:\users\alena\desktop\7_sem\testing_and_debugging\skiresort\accesstodb.tests\bin\debug\net6.0\accesstodb.tests.dll" id="4c12da76-aa45-d555-5bee-5e03e19670e4">
      <Execution id="72778fe6-f277-48ce-844c-39d25bb8689e" />
      <TestMethod codeBase="C:\Users\alena\Desktop\7_sem\testing_and_debugging\SkiResort\AccessToDB.Tests\bin\Debug\net6.0\AccessToDB.Tests.dll" adapterTypeName="executor://xunit/VsTestRunner2/netcoreapp" className="AccessToDB.Tests.LiftsSlopesRepositoryTests" name="TestDeleteLiftSlopesByIDsAsyncOk" />
    </UnitTest>
    <UnitTest name="AccessToDB.Tests.LiftsRepositoryTests.TestGetLiftsAsyncEmpty" storage="c:\users\alena\desktop\7_sem\testing_and_debugging\skiresort\accesstodb.tests\bin\debug\net6.0\accesstodb.tests.dll" id="607e8298-f113-be33-300e-15a343893443">
      <Execution id="067293fe-3752-4095-a751-86f354cc9380" />
      <TestMethod codeBase="C:\Users\alena\Desktop\7_sem\testing_and_debugging\SkiResort\AccessToDB.Tests\bin\Debug\net6.0\AccessToDB.Tests.dll" adapterTypeName="executor://xunit/VsTestRunner2/netcoreapp" className="AccessToDB.Tests.LiftsRepositoryTests" name="TestGetLiftsAsyncEmpty" />
    </UnitTest>
    <UnitTest name="AccessToDB.Tests.LiftsSlopesRepositoryTests.TestGetLiftSlopeByIdAsyncOk(liftSlope: LiftSlope { RecordID = 71, LiftID = 133, SlopeID = 56 })" storage="c:\users\alena\desktop\7_sem\testing_and_debugging\skiresort\accesstodb.tests\bin\debug\net6.0\accesstodb.tests.dll" id="a7deed58-2f81-a631-56c2-84996a2ce737">
      <Execution id="c0695990-cc77-442e-be9a-343faf8361c5" />
      <TestMethod codeBase="C:\Users\alena\Desktop\7_sem\testing_and_debugging\SkiResort\AccessToDB.Tests\bin\Debug\net6.0\AccessToDB.Tests.dll" adapterTypeName="executor://xunit/VsTestRunner2/netcoreapp" className="AccessToDB.Tests.LiftsSlopesRepositoryTests" name="TestGetLiftSlopeByIdAsyncOk" />
    </UnitTest>
    <UnitTest name="AccessToDB.Tests.SlopesRepositoryTests.TestGetSlopeByIdAsyncOk(slope: Slope { SlopeID = 146, SlopeName = slopeName359a0929-e232-4ecb-b760-7ec75e2ae3d8, IsOpen = True, DifficultyLevel = 216, ConnectedLifts =  })" storage="c:\users\alena\desktop\7_sem\testing_and_debugging\skiresort\accesstodb.tests\bin\debug\net6.0\accesstodb.tests.dll" id="4abaa906-9c2a-464e-b3f8-0c1d4dcb8c86">
      <Execution id="4f8f41c5-8ff6-42be-962a-2562ea75550f" />
      <TestMethod codeBase="C:\Users\alena\Desktop\7_sem\testing_and_debugging\SkiResort\AccessToDB.Tests\bin\Debug\net6.0\AccessToDB.Tests.dll" adapterTypeName="executor://xunit/VsTestRunner2/netcoreapp" className="AccessToDB.Tests.SlopesRepositoryTests" name="TestGetSlopeByIdAsyncOk" />
    </UnitTest>
    <UnitTest name="AccessToDB.Tests.UsersRepositoryTests.TestUpdateUserByIDAsyncOk(user: User { UserID = 184, CardID = 135, UserEmail = UserEmailfa0b606f-bfb2-47be-8b05-fdebac8172c3, Password = password9393da11-7e73-4c42-9de6-38f36fea0874, Permissions = UNAUTHORIZED })" storage="c:\users\alena\desktop\7_sem\testing_and_debugging\skiresort\accesstodb.tests\bin\debug\net6.0\accesstodb.tests.dll" id="f417986d-bd16-7fe3-d388-eb2f31ce97ba">
      <Execution id="7e940709-e4e0-4fab-aec1-470267b1ada5" />
      <TestMethod codeBase="C:\Users\alena\Desktop\7_sem\testing_and_debugging\SkiResort\AccessToDB.Tests\bin\Debug\net6.0\AccessToDB.Tests.dll" adapterTypeName="executor://xunit/VsTestRunner2/netcoreapp" className="AccessToDB.Tests.UsersRepositoryTests" name="TestUpdateUserByIDAsyncOk" />
    </UnitTest>
    <UnitTest name="AccessToDB.Tests.SlopesRepositoryTests.TestGetSlopeByNameAsyncFailsWhenNameNotExists(slopeName: &quot;slopeName710d4c99-88fa-4810-bc38-15ad66012460&quot;)" storage="c:\users\alena\desktop\7_sem\testing_and_debugging\skiresort\accesstodb.tests\bin\debug\net6.0\accesstodb.tests.dll" id="2be51729-c7f3-5253-2cc4-614cdb4e1c79">
      <Execution id="3ee5f5e0-64a8-4954-a8af-76dba7ceceb7" />
      <TestMethod codeBase="C:\Users\alena\Desktop\7_sem\testing_and_debugging\SkiResort\AccessToDB.Tests\bin\Debug\net6.0\AccessToDB.Tests.dll" adapterTypeName="executor://xunit/VsTestRunner2/netcoreapp" className="AccessToDB.Tests.SlopesRepositoryTests" name="TestGetSlopeByNameAsyncFailsWhenNameNotExists" />
    </UnitTest>
    <UnitTest name="AccessToDB.Tests.LiftsSlopesRepositoryTests.TestGetSlopesByLiftIdAsyncFailsWhenSlopeNotExists(liftSlope: LiftSlope { RecordID = 218, LiftID = 21, SlopeID = 80 })" storage="c:\users\alena\desktop\7_sem\testing_and_debugging\skiresort\accesstodb.tests\bin\debug\net6.0\accesstodb.tests.dll" id="170f234f-959b-903d-9ef1-51ab87f87b35">
      <Execution id="6b3aa51f-3feb-4c5c-ba18-360a3f00d3af" />
      <TestMethod codeBase="C:\Users\alena\Desktop\7_sem\testing_and_debugging\SkiResort\AccessToDB.Tests\bin\Debug\net6.0\AccessToDB.Tests.dll" adapterTypeName="executor://xunit/VsTestRunner2/netcoreapp" className="AccessToDB.Tests.LiftsSlopesRepositoryTests" name="TestGetSlopesByLiftIdAsyncFailsWhenSlopeNotExists" />
    </UnitTest>
    <UnitTest name="AccessToDB.Tests.LiftsRepositoryTests.TestGetLiftByIdAsyncOk(lift: Lift { LiftID = 70, LiftName = liftName9529a20e-0676-4a5f-b653-e471c276b9d6, IsOpen = True, SeatsAmount = 204, LiftingTime = 161, QueueTime = 222, ConnectedSlopes =  })" storage="c:\users\alena\desktop\7_sem\testing_and_debugging\skiresort\accesstodb.tests\bin\debug\net6.0\accesstodb.tests.dll" id="d6f2f149-ee66-5221-089e-42f3cef5b845">
      <Execution id="149a1712-6de5-403d-8156-bb90fcf47de0" />
      <TestMethod codeBase="C:\Users\alena\Desktop\7_sem\testing_and_debugging\SkiResort\AccessToDB.Tests\bin\Debug\net6.0\AccessToDB.Tests.dll" adapterTypeName="executor://xunit/VsTestRunner2/netcoreapp" className="AccessToDB.Tests.LiftsRepositoryTests" name="TestGetLiftByIdAsyncOk" />
    </UnitTest>
    <UnitTest name="AccessToDB.Tests.SlopesRepositoryTests.TestUpdateSlopeByIDAsyncOk(slope: Slope { SlopeID = 17, SlopeName = slopeNameef067de4-df42-498b-98e5-a7958375b8bb, IsOpen = True, DifficultyLevel = 230, ConnectedLifts =  })" storage="c:\users\alena\desktop\7_sem\testing_and_debugging\skiresort\accesstodb.tests\bin\debug\net6.0\accesstodb.tests.dll" id="c5d82d7a-9dcc-2f35-6749-a1937d6243b0">
      <Execution id="574999fa-062f-42e4-9fe5-0d9807e99c96" />
      <TestMethod codeBase="C:\Users\alena\Desktop\7_sem\testing_and_debugging\SkiResort\AccessToDB.Tests\bin\Debug\net6.0\AccessToDB.Tests.dll" adapterTypeName="executor://xunit/VsTestRunner2/netcoreapp" className="AccessToDB.Tests.SlopesRepositoryTests" name="TestUpdateSlopeByIDAsyncOk" />
    </UnitTest>
    <UnitTest name="AccessToDB.Tests.UsersRepositoryTests.TestGetUserByEmailAsyncFailsWhenEmailNotExists(email: &quot;email85510667-d27b-4f4b-a20d-ec24602452ef&quot;)" storage="c:\users\alena\desktop\7_sem\testing_and_debugging\skiresort\accesstodb.tests\bin\debug\net6.0\accesstodb.tests.dll" id="3c3eddd2-cd1f-f5f6-520d-28fb852673ba">
      <Execution id="1fbb2720-d7c5-4f84-8958-dea192653c50" />
      <TestMethod codeBase="C:\Users\alena\Desktop\7_sem\testing_and_debugging\SkiResort\AccessToDB.Tests\bin\Debug\net6.0\AccessToDB.Tests.dll" adapterTypeName="executor://xunit/VsTestRunner2/netcoreapp" className="AccessToDB.Tests.UsersRepositoryTests" name="TestGetUserByEmailAsyncFailsWhenEmailNotExists" />
    </UnitTest>
    <UnitTest name="AccessToDB.Tests.LiftsRepositoryTests.TestGetLiftByNameAsyncFailsWhenNameNotExists(liftName: &quot;liftName5532f8b6-9941-427a-96fa-7093bf11bc36&quot;)" storage="c:\users\alena\desktop\7_sem\testing_and_debugging\skiresort\accesstodb.tests\bin\debug\net6.0\accesstodb.tests.dll" id="8cf6ecd8-f529-4463-d701-a5e58611fad6">
      <Execution id="cdb1f8cb-bbca-4e0c-ae58-4499b43745c9" />
      <TestMethod codeBase="C:\Users\alena\Desktop\7_sem\testing_and_debugging\SkiResort\AccessToDB.Tests\bin\Debug\net6.0\AccessToDB.Tests.dll" adapterTypeName="executor://xunit/VsTestRunner2/netcoreapp" className="AccessToDB.Tests.LiftsRepositoryTests" name="TestGetLiftByNameAsyncFailsWhenNameNotExists" />
    </UnitTest>
    <UnitTest name="AccessToDB.Tests.LiftsSlopesRepositoryTests.TestGetLiftSlopesAsyncEmpty" storage="c:\users\alena\desktop\7_sem\testing_and_debugging\skiresort\accesstodb.tests\bin\debug\net6.0\accesstodb.tests.dll" id="4145f44e-b4b1-a618-09e8-c631496e6f1a">
      <Execution id="68337258-c22f-4bcd-a323-219351f49224" />
      <TestMethod codeBase="C:\Users\alena\Desktop\7_sem\testing_and_debugging\SkiResort\AccessToDB.Tests\bin\Debug\net6.0\AccessToDB.Tests.dll" adapterTypeName="executor://xunit/VsTestRunner2/netcoreapp" className="AccessToDB.Tests.LiftsSlopesRepositoryTests" name="TestGetLiftSlopesAsyncEmpty" />
    </UnitTest>
    <UnitTest name="AccessToDB.Tests.LiftsRepositoryTests.TestAddLiftAsyncFailsWhenLiftIdRepeats(lift: Lift { LiftID = 41, LiftName = liftNamebc94acc1-fc90-4543-a88d-f7715803a7ab, IsOpen = True, SeatsAmount = 174, LiftingTime = 103, QueueTime = 40, ConnectedSlopes =  })" storage="c:\users\alena\desktop\7_sem\testing_and_debugging\skiresort\accesstodb.tests\bin\debug\net6.0\accesstodb.tests.dll" id="2b6bbc6b-d1b1-d9ce-26f5-6ed24a929ce1">
      <Execution id="33c87d3c-a44d-4f83-a55d-b2219bdc7ff6" />
      <TestMethod codeBase="C:\Users\alena\Desktop\7_sem\testing_and_debugging\SkiResort\AccessToDB.Tests\bin\Debug\net6.0\AccessToDB.Tests.dll" adapterTypeName="executor://xunit/VsTestRunner2/netcoreapp" className="AccessToDB.Tests.LiftsRepositoryTests" name="TestAddLiftAsyncFailsWhenLiftIdRepeats" />
    </UnitTest>
    <UnitTest name="AccessToDB.Tests.LiftsRepositoryTests.TestDeleteLiftByIDAsyncFailsWhenIDNotExists(liftID: 186)" storage="c:\users\alena\desktop\7_sem\testing_and_debugging\skiresort\accesstodb.tests\bin\debug\net6.0\accesstodb.tests.dll" id="efaeae78-c9c5-2aaf-df2e-a02ae95c1cb5">
      <Execution id="7c7f0f63-1edc-427f-840b-5a4c6d903cf6" />
      <TestMethod codeBase="C:\Users\alena\Desktop\7_sem\testing_and_debugging\SkiResort\AccessToDB.Tests\bin\Debug\net6.0\AccessToDB.Tests.dll" adapterTypeName="executor://xunit/VsTestRunner2/netcoreapp" className="AccessToDB.Tests.LiftsRepositoryTests" name="TestDeleteLiftByIDAsyncFailsWhenIDNotExists" />
    </UnitTest>
    <UnitTest name="AccessToDB.Tests.TurnstilesRepositoryTests.TestAddTurnstileAutoIncrementAsyncOk" storage="c:\users\alena\desktop\7_sem\testing_and_debugging\skiresort\accesstodb.tests\bin\debug\net6.0\accesstodb.tests.dll" id="f9435956-2e34-e52b-c34e-dce53665cf8e">
      <Execution id="72367b15-3f21-493b-b6de-6590fb293347" />
      <TestMethod codeBase="C:\Users\alena\Desktop\7_sem\testing_and_debugging\SkiResort\AccessToDB.Tests\bin\Debug\net6.0\AccessToDB.Tests.dll" adapterTypeName="executor://xunit/VsTestRunner2/netcoreapp" className="AccessToDB.Tests.TurnstilesRepositoryTests" name="TestAddTurnstileAutoIncrementAsyncOk" />
    </UnitTest>
    <UnitTest name="AccessToDB.Tests.UsersRepositoryTests.TestGetUsersAsyncEmpty" storage="c:\users\alena\desktop\7_sem\testing_and_debugging\skiresort\accesstodb.tests\bin\debug\net6.0\accesstodb.tests.dll" id="3741b26d-6ee0-6246-29e4-92009bff37b0">
      <Execution id="d5f9c1a6-8ed8-415f-9f86-afd55a9e5a65" />
      <TestMethod codeBase="C:\Users\alena\Desktop\7_sem\testing_and_debugging\SkiResort\AccessToDB.Tests\bin\Debug\net6.0\AccessToDB.Tests.dll" adapterTypeName="executor://xunit/VsTestRunner2/netcoreapp" className="AccessToDB.Tests.UsersRepositoryTests" name="TestGetUsersAsyncEmpty" />
    </UnitTest>
    <UnitTest name="AccessToDB.Tests.LiftsSlopesRepositoryTests.TestDeleteLiftSlopeByIDAsyncFailsWhenIDNotExists(liftSlopeID: 147)" storage="c:\users\alena\desktop\7_sem\testing_and_debugging\skiresort\accesstodb.tests\bin\debug\net6.0\accesstodb.tests.dll" id="4ac7d377-054e-22f1-f0c8-b1d01734fcc6">
      <Execution id="36692dfc-a337-452b-a309-99922428fd2e" />
      <TestMethod codeBase="C:\Users\alena\Desktop\7_sem\testing_and_debugging\SkiResort\AccessToDB.Tests\bin\Debug\net6.0\AccessToDB.Tests.dll" adapterTypeName="executor://xunit/VsTestRunner2/netcoreapp" className="AccessToDB.Tests.LiftsSlopesRepositoryTests" name="TestDeleteLiftSlopeByIDAsyncFailsWhenIDNotExists" />
    </UnitTest>
    <UnitTest name="AccessToDB.Tests.SlopesRepositoryTests.TestDeleteSlopeByIDAsyncFailsWhenIDNotExists(slopeID: 44)" storage="c:\users\alena\desktop\7_sem\testing_and_debugging\skiresort\accesstodb.tests\bin\debug\net6.0\accesstodb.tests.dll" id="161b60e4-be54-d055-c799-f3f19e353ece">
      <Execution id="0f080bb2-9634-4937-b825-988a3d95043c" />
      <TestMethod codeBase="C:\Users\alena\Desktop\7_sem\testing_and_debugging\SkiResort\AccessToDB.Tests\bin\Debug\net6.0\AccessToDB.Tests.dll" adapterTypeName="executor://xunit/VsTestRunner2/netcoreapp" className="AccessToDB.Tests.SlopesRepositoryTests" name="TestDeleteSlopeByIDAsyncFailsWhenIDNotExists" />
    </UnitTest>
    <UnitTest name="AccessToDB.Tests.UsersRepositoryTests.TestDeleteUserByIDAsyncFailsWhenIDNotExists(userID: 110)" storage="c:\users\alena\desktop\7_sem\testing_and_debugging\skiresort\accesstodb.tests\bin\debug\net6.0\accesstodb.tests.dll" id="bad28fc4-5034-afd7-669d-2f08988b3630">
      <Execution id="fd49daae-db2e-4f1e-b2b7-b3e531d8c298" />
      <TestMethod codeBase="C:\Users\alena\Desktop\7_sem\testing_and_debugging\SkiResort\AccessToDB.Tests\bin\Debug\net6.0\AccessToDB.Tests.dll" adapterTypeName="executor://xunit/VsTestRunner2/netcoreapp" className="AccessToDB.Tests.UsersRepositoryTests" name="TestDeleteUserByIDAsyncFailsWhenIDNotExists" />
    </UnitTest>
    <UnitTest name="AccessToDB.Tests.TurnstilesRepositoryTests.TestGetTurnstileByIdAsyncOk(turnstile: Turnstile { TurnstileID = 230, LiftID = 40, IsOpen = True })" storage="c:\users\alena\desktop\7_sem\testing_and_debugging\skiresort\accesstodb.tests\bin\debug\net6.0\accesstodb.tests.dll" id="aaa105a5-3f23-6d0d-f0ad-e78a6438b77e">
      <Execution id="e4e0c05e-1907-4d95-bc48-b883b2ea72c1" />
      <TestMethod codeBase="C:\Users\alena\Desktop\7_sem\testing_and_debugging\SkiResort\AccessToDB.Tests\bin\Debug\net6.0\AccessToDB.Tests.dll" adapterTypeName="executor://xunit/VsTestRunner2/netcoreapp" className="AccessToDB.Tests.TurnstilesRepositoryTests" name="TestGetTurnstileByIdAsyncOk" />
    </UnitTest>
  </TestDefinitions>
  <TestEntries>
    <TestEntry testId="e138333c-b388-6402-3f33-aeb8c2dae971" executionId="3670aed9-e32c-4acd-8635-95e4615d4540" testListId="8c84fa94-04c1-424b-9868-57a2d4851a1d" />
    <TestEntry testId="2be51729-c7f3-5253-2cc4-614cdb4e1c79" executionId="3ee5f5e0-64a8-4954-a8af-76dba7ceceb7" testListId="8c84fa94-04c1-424b-9868-57a2d4851a1d" />
    <TestEntry testId="9bbefb83-8311-6e03-307f-415e3495e223" executionId="ba775d2d-b6bb-42c1-b365-377dfa2af454" testListId="8c84fa94-04c1-424b-9868-57a2d4851a1d" />
    <TestEntry testId="170f234f-959b-903d-9ef1-51ab87f87b35" executionId="6b3aa51f-3feb-4c5c-ba18-360a3f00d3af" testListId="8c84fa94-04c1-424b-9868-57a2d4851a1d" />
    <TestEntry testId="3741b26d-6ee0-6246-29e4-92009bff37b0" executionId="d5f9c1a6-8ed8-415f-9f86-afd55a9e5a65" testListId="8c84fa94-04c1-424b-9868-57a2d4851a1d" />
    <TestEntry testId="2b6bbc6b-d1b1-d9ce-26f5-6ed24a929ce1" executionId="33c87d3c-a44d-4f83-a55d-b2219bdc7ff6" testListId="8c84fa94-04c1-424b-9868-57a2d4851a1d" />
    <TestEntry testId="a0c2f99e-e786-0d1b-496e-6aa16f71d9cf" executionId="a19177e7-e0f2-4b9d-85d7-14b934972dfd" testListId="8c84fa94-04c1-424b-9868-57a2d4851a1d" />
    <TestEntry testId="5037e27a-7a14-1150-4413-9859d8a57322" executionId="ff29445a-e7f9-45c2-af09-2af7b180e0ac" testListId="8c84fa94-04c1-424b-9868-57a2d4851a1d" />
    <TestEntry testId="732d09fc-6a8b-8a16-d2b7-93eac9aa2fac" executionId="4ac7b994-f02e-4e47-b283-6e3e211543a2" testListId="8c84fa94-04c1-424b-9868-57a2d4851a1d" />
    <TestEntry testId="bad28fc4-5034-afd7-669d-2f08988b3630" executionId="fd49daae-db2e-4f1e-b2b7-b3e531d8c298" testListId="8c84fa94-04c1-424b-9868-57a2d4851a1d" />
    <TestEntry testId="1971e687-f15d-09bf-5590-fcffb618ea2b" executionId="58b4fcad-f623-425a-a12e-3fe6da143923" testListId="8c84fa94-04c1-424b-9868-57a2d4851a1d" />
    <TestEntry testId="f417986d-bd16-7fe3-d388-eb2f31ce97ba" executionId="7e940709-e4e0-4fab-aec1-470267b1ada5" testListId="8c84fa94-04c1-424b-9868-57a2d4851a1d" />
    <TestEntry testId="db45e1e3-164e-5358-7751-90c0ef74f4bc" executionId="d28104f3-6fa6-4944-9847-3761ff473677" testListId="8c84fa94-04c1-424b-9868-57a2d4851a1d" />
    <TestEntry testId="81dd5a50-b65e-5197-f903-2df2e82f2e75" executionId="95594171-b915-46cd-97d1-94366bc1c1e1" testListId="8c84fa94-04c1-424b-9868-57a2d4851a1d" />
    <TestEntry testId="efaeae78-c9c5-2aaf-df2e-a02ae95c1cb5" executionId="7c7f0f63-1edc-427f-840b-5a4c6d903cf6" testListId="8c84fa94-04c1-424b-9868-57a2d4851a1d" />
    <TestEntry testId="d6f2f149-ee66-5221-089e-42f3cef5b845" executionId="149a1712-6de5-403d-8156-bb90fcf47de0" testListId="8c84fa94-04c1-424b-9868-57a2d4851a1d" />
    <TestEntry testId="607e8298-f113-be33-300e-15a343893443" executionId="067293fe-3752-4095-a751-86f354cc9380" testListId="8c84fa94-04c1-424b-9868-57a2d4851a1d" />
    <TestEntry testId="c5d82d7a-9dcc-2f35-6749-a1937d6243b0" executionId="574999fa-062f-42e4-9fe5-0d9807e99c96" testListId="8c84fa94-04c1-424b-9868-57a2d4851a1d" />
    <TestEntry testId="bfaf22c3-c457-2c8f-43c8-ebe2500f700a" executionId="9bc57d85-e6be-4dca-b3b5-132ad1bcbe9c" testListId="8c84fa94-04c1-424b-9868-57a2d4851a1d" />
    <TestEntry testId="ae749398-5c32-482e-3228-aff9e40d5742" executionId="cb17b0f1-c556-4ac3-a809-1f078fcc8a77" testListId="8c84fa94-04c1-424b-9868-57a2d4851a1d" />
    <TestEntry testId="161b60e4-be54-d055-c799-f3f19e353ece" executionId="0f080bb2-9634-4937-b825-988a3d95043c" testListId="8c84fa94-04c1-424b-9868-57a2d4851a1d" />
    <TestEntry testId="3e6c6c89-f649-0b50-0c4e-695b3a29d32c" executionId="bd651ba7-9f8e-45f1-98a0-8ca6cbda6f80" testListId="8c84fa94-04c1-424b-9868-57a2d4851a1d" />
    <TestEntry testId="e667d553-dcfb-5448-33b9-de1e2ac17e7a" executionId="270d3c8f-f731-4264-b885-b2d79d7d4754" testListId="8c84fa94-04c1-424b-9868-57a2d4851a1d" />
    <TestEntry testId="e75bb6e2-88d9-af2a-a444-c4a9d67f0f0e" executionId="5e7ccc41-2459-40ad-a786-59af22440e8c" testListId="8c84fa94-04c1-424b-9868-57a2d4851a1d" />
    <TestEntry testId="a7deed58-2f81-a631-56c2-84996a2ce737" executionId="c0695990-cc77-442e-be9a-343faf8361c5" testListId="8c84fa94-04c1-424b-9868-57a2d4851a1d" />
    <TestEntry testId="3c521313-4ed6-6bce-b4f9-c359411028e7" executionId="8e26a93b-fc63-49e1-82d5-9f6ca0900dfd" testListId="8c84fa94-04c1-424b-9868-57a2d4851a1d" />
    <TestEntry testId="ec229f70-485a-f91b-53ed-bce655f6cd58" executionId="bd7b8d09-530f-46d4-bda1-2ab4732d28dd" testListId="8c84fa94-04c1-424b-9868-57a2d4851a1d" />
    <TestEntry testId="f9435956-2e34-e52b-c34e-dce53665cf8e" executionId="72367b15-3f21-493b-b6de-6590fb293347" testListId="8c84fa94-04c1-424b-9868-57a2d4851a1d" />
    <TestEntry testId="8cf6ecd8-f529-4463-d701-a5e58611fad6" executionId="cdb1f8cb-bbca-4e0c-ae58-4499b43745c9" testListId="8c84fa94-04c1-424b-9868-57a2d4851a1d" />
    <TestEntry testId="3c3eddd2-cd1f-f5f6-520d-28fb852673ba" executionId="1fbb2720-d7c5-4f84-8958-dea192653c50" testListId="8c84fa94-04c1-424b-9868-57a2d4851a1d" />
    <TestEntry testId="4ac7d377-054e-22f1-f0c8-b1d01734fcc6" executionId="36692dfc-a337-452b-a309-99922428fd2e" testListId="8c84fa94-04c1-424b-9868-57a2d4851a1d" />
    <TestEntry testId="fba3b3cc-0cf2-2d11-41e1-f8f863afeaa5" executionId="23060e4b-269a-4717-85ef-052e60721c97" testListId="8c84fa94-04c1-424b-9868-57a2d4851a1d" />
    <TestEntry testId="8f7ba917-f771-0dc5-f9b9-465c34344b12" executionId="e7ceae31-f992-45b1-98ba-6953433d598e" testListId="8c84fa94-04c1-424b-9868-57a2d4851a1d" />
    <TestEntry testId="aaa105a5-3f23-6d0d-f0ad-e78a6438b77e" executionId="e4e0c05e-1907-4d95-bc48-b883b2ea72c1" testListId="8c84fa94-04c1-424b-9868-57a2d4851a1d" />
    <TestEntry testId="d336aa39-cec4-9631-9dd8-f676058065ed" executionId="d4eff8dd-95ef-4ce2-abc8-d5913d21d622" testListId="8c84fa94-04c1-424b-9868-57a2d4851a1d" />
    <TestEntry testId="30f8e924-9784-0a43-e807-094f70e06567" executionId="854cbc2a-25e8-404b-b921-381d83300149" testListId="8c84fa94-04c1-424b-9868-57a2d4851a1d" />
    <TestEntry testId="4c12da76-aa45-d555-5bee-5e03e19670e4" executionId="72778fe6-f277-48ce-844c-39d25bb8689e" testListId="8c84fa94-04c1-424b-9868-57a2d4851a1d" />
    <TestEntry testId="4145f44e-b4b1-a618-09e8-c631496e6f1a" executionId="68337258-c22f-4bcd-a323-219351f49224" testListId="8c84fa94-04c1-424b-9868-57a2d4851a1d" />
    <TestEntry testId="4abaa906-9c2a-464e-b3f8-0c1d4dcb8c86" executionId="4f8f41c5-8ff6-42be-962a-2562ea75550f" testListId="8c84fa94-04c1-424b-9868-57a2d4851a1d" />
  </TestEntries>
  <TestLists>
    <TestList name="Список результатов" id="8c84fa94-04c1-424b-9868-57a2d4851a1d" />
    <TestList name="Все загруженные результаты" id="19431567-8539-422a-85d7-44ee4e166bda" />
  </TestLists>
  <ResultSummary outcome="Failed">
    <Counters total="39" executed="39" passed="38" failed="1" error="0" timeout="0" aborted="0" inconclusive="0" passedButRunAborted="0" notRunnable="0" notExecuted="0" disconnected="0" warning="0" completed="0" inProgress="0" pending="0" />
    <Output>
      <StdOut>[xUnit.net 00:00:00.00] xUnit.net VSTest Adapter v2.4.5+1caef2f33e (64-bit .NET 6.0.3)&#xD;
[xUnit.net 00:00:00.53]   Discovering: AccessToDB.Tests&#xD;
[xUnit.net 00:00:00.64]   Discovered:  AccessToDB.Tests&#xD;
[xUnit.net 00:00:00.64]   Starting:    AccessToDB.Tests&#xD;
[xUnit.net 00:00:20.66]       System.InvalidOperationException : Operations that change non-concurrent collections must have exclusive access. A concurrent update was performed on this collection and corrupted its state. The collection's state is no longer correct.&#xD;
[xUnit.net 00:00:20.66]       Stack Trace:&#xD;
[xUnit.net 00:00:20.67]            at System.Collections.Generic.Dictionary`2.FindValue(TKey key)&#xD;
[xUnit.net 00:00:20.67]            at System.Collections.Generic.Dictionary`2.TryGetValue(TKey key, TValue&amp; value)&#xD;
[xUnit.net 00:00:20.67]            at ProGaudi.MsgPack.Light.MsgPackContext.GetObjectActivator(Type type)&#xD;
[xUnit.net 00:00:20.67]            at ProGaudi.MsgPack.Light.MsgPackContext.&lt;&gt;c__DisplayClass24_0.&lt;TryGenerateConverterFromGenericConverter&gt;b__0(Type x)&#xD;
[xUnit.net 00:00:20.67]            at ProGaudi.MsgPack.Light.MsgPackContext.TryGenerateConverterFromGenericConverter(Type type)&#xD;
[xUnit.net 00:00:20.67]            at ProGaudi.MsgPack.Light.MsgPackContext.GetConverter[T]()&#xD;
[xUnit.net 00:00:20.67]            at ProGaudi.MsgPack.Light.MsgPackSerializer.GetConverter[T](MsgPackContext context)&#xD;
[xUnit.net 00:00:20.67]            at ProGaudi.MsgPack.Light.MsgPackSerializer.Deserialize[T](MemoryStream stream, MsgPackContext context)&#xD;
[xUnit.net 00:00:20.67]            at ProGaudi.Tarantool.Client.LogicalConnection.SendRequest[TRequest,TResponse](TRequest request, Nullable`1 timeout)&#xD;
[xUnit.net 00:00:20.67]            at ProGaudi.Tarantool.Client.LogicalConnectionManager.SendRequest[TRequest,TResponse](TRequest request, Nullable`1 timeout)&#xD;
[xUnit.net 00:00:20.67]            at ProGaudi.Tarantool.Client.Schema.Select[T](UInt32 spaceId, Iterator iterator, UInt32 id)&#xD;
[xUnit.net 00:00:20.67]            at ProGaudi.Tarantool.Client.Schema.Reload()&#xD;
[xUnit.net 00:00:20.67]            at ProGaudi.Tarantool.Client.Box.Connect()&#xD;
[xUnit.net 00:00:20.67]            at ProGaudi.Tarantool.Client.Box.Connect(String replicationSource)&#xD;
[xUnit.net 00:00:20.67]         C:\Users\alena\Desktop\7_sem\testing_and_debugging\SkiResort\AccessToDB\TarantoolContext.cs(52,0): at AccessToDB.TarantoolContext.Initialize(String connection_string)&#xD;
[xUnit.net 00:00:20.67]         C:\Users\alena\Desktop\7_sem\testing_and_debugging\SkiResort\AccessToDB\TarantoolContext.cs(32,0): at AccessToDB.TarantoolContext..ctor(String connection_string)&#xD;
[xUnit.net 00:00:20.67]         C:\Users\alena\Desktop\7_sem\testing_and_debugging\SkiResort\AccessToDB.Tests\LiftsSlopesRepositoryTests.cs(34,0): at AccessToDB.Tests.LiftsSlopesRepositoryTests..ctor()&#xD;
[xUnit.net 00:00:20.67]            at System.RuntimeType.CreateInstanceDefaultCtor(Boolean publicOnly, Boolean wrapExceptions)&#xD;
[xUnit.net 00:00:23.68]   Finished:    AccessToDB.Tests&#xD;
</StdOut>
    </Output>
    <RunInfos>
      <RunInfo computerName="DESKTOP-TJ9D65N" outcome="Error" timestamp="2022-10-15T20:20:14.7762599+03:00">
        <Text>[xUnit.net 00:00:20.66]     AccessToDB.Tests.LiftsSlopesRepositoryTests.TestGetLiftSlopeByIdAsyncOk(liftSlope: LiftSlope { RecordID = 71, LiftID = 133, SlopeID = 56 }) [FAIL]</Text>
      </RunInfo>
    </RunInfos>
  </ResultSummary>
</TestRun>