<assemblies timestamp="10/10/2022 21:18:13" />