<?xml version="1.0" encoding="utf-8"?>
<TestRun id="13e45db2-c530-42d5-97de-d1eb24b24cde" name="@DESKTOP-TJ9D65N 2022-11-03 09:59:08" xmlns="http://microsoft.com/schemas/VisualStudio/TeamTest/2010">
  <Times creation="2022-11-03T09:59:08.9671126+03:00" queuing="2022-11-03T09:59:08.9671127+03:00" start="2022-11-03T09:59:05.8781367+03:00" finish="2022-11-03T09:59:08.9767492+03:00" />
  <TestSettings name="default" id="8356dbde-d0c5-4f93-a2c2-719459aa9b33">
    <Deployment runDeploymentRoot="_DESKTOP-TJ9D65N_2022-11-03_09_59_08" />
  </TestSettings>
  <Results>
    <UnitTestResult executionId="1b8d442c-4154-4f1d-93a2-2fd8de11aaff" testId="3c8ade2a-5981-58f4-bef9-2d6a6cc4f1ea" testName="E2ETests.E2ETest.E2ETestSkiPatrolWorkingWithLifts" computerName="DESKTOP-TJ9D65N" duration="00:00:00.8936653" startTime="2022-11-03T09:59:08.8357653+03:00" endTime="2022-11-03T09:59:08.8358052+03:00" testType="13cdc9d9-ddb5-4fa4-a97d-d965ccfc6d4b" outcome="Passed" testListId="8c84fa94-04c1-424b-9868-57a2d4851a1d" relativeResultsDirectory="1b8d442c-4154-4f1d-93a2-2fd8de11aaff" />
  </Results>
  <TestDefinitions>
    <UnitTest name="E2ETests.E2ETest.E2ETestSkiPatrolWorkingWithLifts" storage="/mnt/c/users/alena/desktop/7_sem/testing_and_debugging/skiresort/e2etests/bin/debug/net6.0/e2etests.dll" id="3c8ade2a-5981-58f4-bef9-2d6a6cc4f1ea">
      <Execution id="1b8d442c-4154-4f1d-93a2-2fd8de11aaff" />
      <TestMethod codeBase="/mnt/c/Users/alena/Desktop/7_sem/testing_and_debugging/SkiResort/E2ETests/bin/Debug/net6.0/E2ETests.dll" adapterTypeName="executor://xunit/VsTestRunner2/netcoreapp" className="E2ETests.E2ETest" name="E2ETestSkiPatrolWorkingWithLifts" />
    </UnitTest>
  </TestDefinitions>
  <TestEntries>
    <TestEntry testId="3c8ade2a-5981-58f4-bef9-2d6a6cc4f1ea" executionId="1b8d442c-4154-4f1d-93a2-2fd8de11aaff" testListId="8c84fa94-04c1-424b-9868-57a2d4851a1d" />
  </TestEntries>
  <TestLists>
    <TestList name="Results Not in a List" id="8c84fa94-04c1-424b-9868-57a2d4851a1d" />
    <TestList name="All Loaded Results" id="19431567-8539-422a-85d7-44ee4e166bda" />
  </TestLists>
  <ResultSummary outcome="Completed">
    <Counters total="1" executed="1" passed="1" failed="0" error="0" timeout="0" aborted="0" inconclusive="0" passedButRunAborted="0" notRunnable="0" notExecuted="0" disconnected="0" warning="0" completed="0" inProgress="0" pending="0" />
    <Output>
      <StdOut>[xUnit.net 00:00:00.00] xUnit.net VSTest Adapter v2.4.3+1b45f5407b (64-bit .NET 6.0.10)
[xUnit.net 00:00:01.05]   Discovering: E2ETests
[xUnit.net 00:00:01.09]   Discovered:  E2ETests
[xUnit.net 00:00:01.10]   Starting:    E2ETests
[xUnit.net 00:00:02.14]   Finished:    E2ETests
</StdOut>
    </Output>
  </ResultSummary>
</TestRun>