<?xml version="1.0" encoding="utf-8"?>
<TestRun id="2fb465de-cec8-419e-bf04-b5c8d1e99ffe" name="@DESKTOP-TJ9D65N 2022-11-03 10:51:09" xmlns="http://microsoft.com/schemas/VisualStudio/TeamTest/2010">
  <Times creation="2022-11-03T10:51:09.9577013+03:00" queuing="2022-11-03T10:51:09.9577014+03:00" start="2022-11-03T10:51:06.9121116+03:00" finish="2022-11-03T10:51:09.9715180+03:00" />
  <TestSettings name="default" id="f3be90f2-f9f3-48ed-ac30-cbe27f724964">
    <Deployment runDeploymentRoot="_DESKTOP-TJ9D65N_2022-11-03_10_51_09" />
  </TestSettings>
  <Results>
    <UnitTestResult executionId="2b87234c-f795-42dc-98ad-a9cdd3a3670b" testId="3c8ade2a-5981-58f4-bef9-2d6a6cc4f1ea" testName="E2ETests.E2ETest.E2ETestSkiPatrolWorkingWithLifts" computerName="DESKTOP-TJ9D65N" duration="00:00:00.9298715" startTime="2022-11-03T10:51:09.8280511+03:00" endTime="2022-11-03T10:51:09.8280748+03:00" testType="13cdc9d9-ddb5-4fa4-a97d-d965ccfc6d4b" outcome="Passed" testListId="8c84fa94-04c1-424b-9868-57a2d4851a1d" relativeResultsDirectory="2b87234c-f795-42dc-98ad-a9cdd3a3670b" />
  </Results>
  <TestDefinitions>
    <UnitTest name="E2ETests.E2ETest.E2ETestSkiPatrolWorkingWithLifts" storage="/mnt/c/users/alena/desktop/7_sem/testing_and_debugging/skiresort/e2etests/bin/debug/net6.0/e2etests.dll" id="3c8ade2a-5981-58f4-bef9-2d6a6cc4f1ea">
      <Execution id="2b87234c-f795-42dc-98ad-a9cdd3a3670b" />
      <TestMethod codeBase="/mnt/c/Users/alena/Desktop/7_sem/testing_and_debugging/SkiResort/E2ETests/bin/Debug/net6.0/E2ETests.dll" adapterTypeName="executor://xunit/VsTestRunner2/netcoreapp" className="E2ETests.E2ETest" name="E2ETestSkiPatrolWorkingWithLifts" />
    </UnitTest>
  </TestDefinitions>
  <TestEntries>
    <TestEntry testId="3c8ade2a-5981-58f4-bef9-2d6a6cc4f1ea" executionId="2b87234c-f795-42dc-98ad-a9cdd3a3670b" testListId="8c84fa94-04c1-424b-9868-57a2d4851a1d" />
  </TestEntries>
  <TestLists>
    <TestList name="Results Not in a List" id="8c84fa94-04c1-424b-9868-57a2d4851a1d" />
    <TestList name="All Loaded Results" id="19431567-8539-422a-85d7-44ee4e166bda" />
  </TestLists>
  <ResultSummary outcome="Completed">
    <Counters total="1" executed="1" passed="1" failed="0" error="0" timeout="0" aborted="0" inconclusive="0" passedButRunAborted="0" notRunnable="0" notExecuted="0" disconnected="0" warning="0" completed="0" inProgress="0" pending="0" />
    <Output>
      <StdOut>[xUnit.net 00:00:00.00] xUnit.net VSTest Adapter v2.4.3+1b45f5407b (64-bit .NET 6.0.10)
[xUnit.net 00:00:01.06]   Discovering: E2ETests
[xUnit.net 00:00:01.10]   Discovered:  E2ETests
[xUnit.net 00:00:01.11]   Starting:    E2ETests
[xUnit.net 00:00:02.17]   Finished:    E2ETests
</StdOut>
    </Output>
  </ResultSummary>
</TestRun>