<?xml version="1.0" encoding="utf-8"?>
<TestRun id="3713c896-c5c4-42e7-96b9-d2e2966bbfaf" name="@DESKTOP-TJ9D65N 2022-11-03 14:06:04" xmlns="http://microsoft.com/schemas/VisualStudio/TeamTest/2010">
  <Times creation="2022-11-03T14:06:04.9477290+03:00" queuing="2022-11-03T14:06:04.9477290+03:00" start="2022-11-03T14:06:01.6741139+03:00" finish="2022-11-03T14:06:04.9621702+03:00" />
  <TestSettings name="default" id="378e9a93-cd75-4eb8-9a82-1e348d5776d8">
    <Deployment runDeploymentRoot="_DESKTOP-TJ9D65N_2022-11-03_14_06_04" />
  </TestSettings>
  <Results>
    <UnitTestResult executionId="42da639c-1c0e-416d-aee1-79fed2e57840" testId="3c8ade2a-5981-58f4-bef9-2d6a6cc4f1ea" testName="E2ETests.E2ETest.E2ETestSkiPatrolWorkingWithLifts" computerName="DESKTOP-TJ9D65N" duration="00:00:00.9138013" startTime="2022-11-03T14:06:04.8127044+03:00" endTime="2022-11-03T14:06:04.8127280+03:00" testType="13cdc9d9-ddb5-4fa4-a97d-d965ccfc6d4b" outcome="Passed" testListId="8c84fa94-04c1-424b-9868-57a2d4851a1d" relativeResultsDirectory="42da639c-1c0e-416d-aee1-79fed2e57840" />
  </Results>
  <TestDefinitions>
    <UnitTest name="E2ETests.E2ETest.E2ETestSkiPatrolWorkingWithLifts" storage="/mnt/c/users/alena/desktop/7_sem/testing_and_debugging/skiresort/e2etests/bin/debug/net6.0/e2etests.dll" id="3c8ade2a-5981-58f4-bef9-2d6a6cc4f1ea">
      <Execution id="42da639c-1c0e-416d-aee1-79fed2e57840" />
      <TestMethod codeBase="/mnt/c/Users/alena/Desktop/7_sem/testing_and_debugging/SkiResort/E2ETests/bin/Debug/net6.0/E2ETests.dll" adapterTypeName="executor://xunit/VsTestRunner2/netcoreapp" className="E2ETests.E2ETest" name="E2ETestSkiPatrolWorkingWithLifts" />
    </UnitTest>
  </TestDefinitions>
  <TestEntries>
    <TestEntry testId="3c8ade2a-5981-58f4-bef9-2d6a6cc4f1ea" executionId="42da639c-1c0e-416d-aee1-79fed2e57840" testListId="8c84fa94-04c1-424b-9868-57a2d4851a1d" />
  </TestEntries>
  <TestLists>
    <TestList name="Results Not in a List" id="8c84fa94-04c1-424b-9868-57a2d4851a1d" />
    <TestList name="All Loaded Results" id="19431567-8539-422a-85d7-44ee4e166bda" />
  </TestLists>
  <ResultSummary outcome="Completed">
    <Counters total="1" executed="1" passed="1" failed="0" error="0" timeout="0" aborted="0" inconclusive="0" passedButRunAborted="0" notRunnable="0" notExecuted="0" disconnected="0" warning="0" completed="0" inProgress="0" pending="0" />
    <Output>
      <StdOut>[xUnit.net 00:00:00.00] xUnit.net VSTest Adapter v2.4.3+1b45f5407b (64-bit .NET 6.0.10)
[xUnit.net 00:00:01.16]   Discovering: E2ETests
[xUnit.net 00:00:01.20]   Discovered:  E2ETests
[xUnit.net 00:00:01.20]   Starting:    E2ETests
[xUnit.net 00:00:02.26]   Finished:    E2ETests
</StdOut>
    </Output>
  </ResultSummary>
</TestRun>