<?xml version="1.0" encoding="utf-8"?>
<TestRun id="49bea02b-2af8-4de2-8586-671131caca14" name="@DESKTOP-TJ9D65N 2022-11-03 11:24:59" xmlns="http://microsoft.com/schemas/VisualStudio/TeamTest/2010">
  <Times creation="2022-11-03T11:24:59.8929771+03:00" queuing="2022-11-03T11:24:59.8929773+03:00" start="2022-11-03T11:24:56.7732337+03:00" finish="2022-11-03T11:24:59.9040384+03:00" />
  <TestSettings name="default" id="6bad42ff-4400-4e25-80d5-d383bfe5313f">
    <Deployment runDeploymentRoot="_DESKTOP-TJ9D65N_2022-11-03_11_24_59" />
  </TestSettings>
  <Results>
    <UnitTestResult executionId="ab386b76-d976-4b12-a742-1fd0d88e9725" testId="3c8ade2a-5981-58f4-bef9-2d6a6cc4f1ea" testName="E2ETests.E2ETest.E2ETestSkiPatrolWorkingWithLifts" computerName="DESKTOP-TJ9D65N" duration="00:00:00.9144580" startTime="2022-11-03T11:24:59.7432317+03:00" endTime="2022-11-03T11:24:59.7436382+03:00" testType="13cdc9d9-ddb5-4fa4-a97d-d965ccfc6d4b" outcome="Passed" testListId="8c84fa94-04c1-424b-9868-57a2d4851a1d" relativeResultsDirectory="ab386b76-d976-4b12-a742-1fd0d88e9725" />
  </Results>
  <TestDefinitions>
    <UnitTest name="E2ETests.E2ETest.E2ETestSkiPatrolWorkingWithLifts" storage="/mnt/c/users/alena/desktop/7_sem/testing_and_debugging/skiresort/e2etests/bin/debug/net6.0/e2etests.dll" id="3c8ade2a-5981-58f4-bef9-2d6a6cc4f1ea">
      <Execution id="ab386b76-d976-4b12-a742-1fd0d88e9725" />
      <TestMethod codeBase="/mnt/c/Users/alena/Desktop/7_sem/testing_and_debugging/SkiResort/E2ETests/bin/Debug/net6.0/E2ETests.dll" adapterTypeName="executor://xunit/VsTestRunner2/netcoreapp" className="E2ETests.E2ETest" name="E2ETestSkiPatrolWorkingWithLifts" />
    </UnitTest>
  </TestDefinitions>
  <TestEntries>
    <TestEntry testId="3c8ade2a-5981-58f4-bef9-2d6a6cc4f1ea" executionId="ab386b76-d976-4b12-a742-1fd0d88e9725" testListId="8c84fa94-04c1-424b-9868-57a2d4851a1d" />
  </TestEntries>
  <TestLists>
    <TestList name="Results Not in a List" id="8c84fa94-04c1-424b-9868-57a2d4851a1d" />
    <TestList name="All Loaded Results" id="19431567-8539-422a-85d7-44ee4e166bda" />
  </TestLists>
  <ResultSummary outcome="Completed">
    <Counters total="1" executed="1" passed="1" failed="0" error="0" timeout="0" aborted="0" inconclusive="0" passedButRunAborted="0" notRunnable="0" notExecuted="0" disconnected="0" warning="0" completed="0" inProgress="0" pending="0" />
    <Output>
      <StdOut>[xUnit.net 00:00:00.00] xUnit.net VSTest Adapter v2.4.3+1b45f5407b (64-bit .NET 6.0.10)
[xUnit.net 00:00:01.09]   Discovering: E2ETests
[xUnit.net 00:00:01.13]   Discovered:  E2ETests
[xUnit.net 00:00:01.13]   Starting:    E2ETests
[xUnit.net 00:00:02.20]   Finished:    E2ETests
</StdOut>
    </Output>
  </ResultSummary>
</TestRun>