<?xml version="1.0" encoding="utf-8"?>
<TestRun id="2521fb03-5fd8-4ce7-9b63-2f7cf940a112" name="@DESKTOP-TJ9D65N 2022-11-03 10:05:32" xmlns="http://microsoft.com/schemas/VisualStudio/TeamTest/2010">
  <Times creation="2022-11-03T10:05:32.1993398+03:00" queuing="2022-11-03T10:05:32.1993398+03:00" start="2022-11-03T10:05:29.0821501+03:00" finish="2022-11-03T10:05:32.2133534+03:00" />
  <TestSettings name="default" id="4b96a4ac-571d-486d-bab2-c34a0fb4aea8">
    <Deployment runDeploymentRoot="_DESKTOP-TJ9D65N_2022-11-03_10_05_32" />
  </TestSettings>
  <Results>
    <UnitTestResult executionId="98f69d6d-f10d-4fac-9092-758cb80944fc" testId="3c8ade2a-5981-58f4-bef9-2d6a6cc4f1ea" testName="E2ETests.E2ETest.E2ETestSkiPatrolWorkingWithLifts" computerName="DESKTOP-TJ9D65N" duration="00:00:00.8955626" startTime="2022-11-03T10:05:32.0432883+03:00" endTime="2022-11-03T10:05:32.0433131+03:00" testType="13cdc9d9-ddb5-4fa4-a97d-d965ccfc6d4b" outcome="Passed" testListId="8c84fa94-04c1-424b-9868-57a2d4851a1d" relativeResultsDirectory="98f69d6d-f10d-4fac-9092-758cb80944fc" />
  </Results>
  <TestDefinitions>
    <UnitTest name="E2ETests.E2ETest.E2ETestSkiPatrolWorkingWithLifts" storage="/mnt/c/users/alena/desktop/7_sem/testing_and_debugging/skiresort/e2etests/bin/debug/net6.0/e2etests.dll" id="3c8ade2a-5981-58f4-bef9-2d6a6cc4f1ea">
      <Execution id="98f69d6d-f10d-4fac-9092-758cb80944fc" />
      <TestMethod codeBase="/mnt/c/Users/alena/Desktop/7_sem/testing_and_debugging/SkiResort/E2ETests/bin/Debug/net6.0/E2ETests.dll" adapterTypeName="executor://xunit/VsTestRunner2/netcoreapp" className="E2ETests.E2ETest" name="E2ETestSkiPatrolWorkingWithLifts" />
    </UnitTest>
  </TestDefinitions>
  <TestEntries>
    <TestEntry testId="3c8ade2a-5981-58f4-bef9-2d6a6cc4f1ea" executionId="98f69d6d-f10d-4fac-9092-758cb80944fc" testListId="8c84fa94-04c1-424b-9868-57a2d4851a1d" />
  </TestEntries>
  <TestLists>
    <TestList name="Results Not in a List" id="8c84fa94-04c1-424b-9868-57a2d4851a1d" />
    <TestList name="All Loaded Results" id="19431567-8539-422a-85d7-44ee4e166bda" />
  </TestLists>
  <ResultSummary outcome="Completed">
    <Counters total="1" executed="1" passed="1" failed="0" error="0" timeout="0" aborted="0" inconclusive="0" passedButRunAborted="0" notRunnable="0" notExecuted="0" disconnected="0" warning="0" completed="0" inProgress="0" pending="0" />
    <Output>
      <StdOut>[xUnit.net 00:00:00.00] xUnit.net VSTest Adapter v2.4.3+1b45f5407b (64-bit .NET 6.0.10)
[xUnit.net 00:00:01.06]   Discovering: E2ETests
[xUnit.net 00:00:01.11]   Discovered:  E2ETests
[xUnit.net 00:00:01.11]   Starting:    E2ETests
[xUnit.net 00:00:02.16]   Finished:    E2ETests
</StdOut>
    </Output>
  </ResultSummary>
</TestRun>